TRXV5
3
4
4
9
string Extension=J
integer IsArchMeasurement=1
integer IsSpherical=1
string Generator=SPM
string GeneratorVersion=1.3.1 Dev
double ArchRadius=0.449999988079071
integer FrequencyAxisIndex=0
integer AzimuthAxisIndex=1
integer ElevationAxisIndex=2
Frequency
5 201 800000000 900000000 LIN
Azimuth
7 8 0 2.74889357189107 LIN
Elevation
7 15 -2.74889357189107 2.74889357189107 LIN
Polar H Real Part
13
Polar H Imaginary Part
14
Polar V Real Part
13
Polar V Imaginary Part
14
Polar H Magnitude (dB)
12 0xC0000002 0 1
Polar H Phase
7 0xC0000003 0 1
Polar V Magnitude (dB)
12 0xC0000002 2 3
Polar V Phase
7 0xC0000003 2 3
0.0576769093445299 0.000762508639352425 -0.060816134219538 -0.114348862319479
0.0306876166098595 -0.0343976000586933 -0.0757542398799585 -0.0781892733773365
-0.00378620133047373 -0.0405084779141247 -0.0792404222285217 -0.0276483449731194
-0.0288917476420789 -0.0210647660917748 -0.0826095355467748 0.00409819502113686
-0.0364235181112205 0.00730796196428441 -0.0792670141150536 0.0404053888690202
-0.026623563789736 0.0228544665316838 -0.0699695594700862 0.0642480475651501
-0.0288240137845183 0.0233948271569296 -0.0656733623863541 0.0787136047049469
-0.0319687470822231 0.015325292963819 -0.0602710659378112 0.0773196521437973
-0.0326175091116225 0.00315178304272537 -0.0597420371261816 0.0640172831858097
-0.0277000845044204 -0.0161418420787433 -0.0671226577406598 0.0467545456756671
-0.0066946846109222 -0.0360606551063799 -0.0823582716329839 0.00995732332259391
0.0394360617940264 -0.0320297990907839 -0.062554338776426 -0.0400143774395557
0.0589306367122075 0.00698513750326047 -0.0233979508940018 -0.0486058724909441
0.0342548180689725 0.042998757776488 -0.0116719815722521 -0.0338726491223488
0.0176649006595086 0.0591885109752676 -0.0244332008904426 -0.0636030356128507
0.0191135224037011 -0.0310225930099655 -0.070695070580073 -0.100623263427174
-0.0158589409664738 -0.0279642872884961 -0.0713086180308559 -0.058911268758739
-0.0245806832433624 0.000411341870962686 -0.0658491706596905 -0.0277255733990249
-0.00856775828212851 0.0144139176539814 -0.0789922216827983 -0.00387388910664043
0.0022280322981913 0.00873707036658751 -0.086905103450729 0.0347195682967278
0.00251350443180865 -0.00125568886581842 -0.0785176307273079 0.0636812477728693
-0.00509583632131736 -0.00985028243067912 -0.0720525715353049 0.0785041259693818
-0.00575638215484951 -0.0169360009419763 -0.0649079383269316 0.0748719793636346
-0.000486886991326975 -0.0263036796359735 -0.0685991588506669 0.0620502397452525
0.00822337252619823 -0.0244830388504486 -0.0736535065419017 0.0382018522510976
0.0244505149648094 -0.0164947309084948 -0.0803866198786826 -0.00333794942877828
0.0383533124239418 0.00665317538464769 -0.0558376929230244 -0.0426416463203602
0.0330537153024281 0.0286693990307877 -0.0202563513068997 -0.0473384613526552
0.0102536390213436 0.0347914907207389 -0.0196196484092368 -0.0385625986468777
-0.000570527859869742 0.0248839431145571 -0.0327964913530437 -0.075482647657746
-0.0185315503541662 -0.0527904028313747 -0.0622873414319856 -0.0782921436562646
-0.0510830277348354 -0.0141503728000294 -0.0465427729062576 -0.0417515668468383
-0.0353804121641836 0.0369129423805169 -0.0429703156183363 -0.0341829139819203
0.0146127424549781 0.0422465875698015 -0.0674049913951099 -0.0196649636297394
0.0389792529225052 0.00405131232208463 -0.085930355807294 0.0183901166246401
0.0281187690039476 -0.0260480604082665 -0.0774541276994966 0.0523089903220712
0.0183024443027954 -0.0411873417625748 -0.0690743452679425 0.0657727842531397
0.0196751469852896 -0.0458447733544626 -0.0593983104486033 0.0618689139929797
0.0306829331066393 -0.0496773244082558 -0.064268086363314 0.0524233290652087
0.0422489474333014 -0.0278164635203826 -0.0649966474541319 0.0294795279346502
0.0515880383723087 0.00527081354160326 -0.0656512400653095 -0.0074044343132202
0.031684506615073 0.043629453124346 -0.0460863544844297 -0.0294094902209234
-0.000613504291433217 0.04540150162962 -0.0237707889629546 -0.0317703388047847
-0.0178484783470449 0.0170180289329907 -0.0362666869988982 -0.0342963553392287
-0.0209261217524426 -0.0159592768278354 -0.0429546317991314 -0.0714370105941044
-0.0492425638693564 -0.0691482228722331 -0.0429439342052903 -0.050482684026777
-0.0769771883768178 -0.00500706112583428 -0.0204721760221181 -0.0251525947814765
-0.0430904742404856 0.0657076155240166 -0.0129444993477549 -0.0367544471130955
0.0315510292726739 0.0654704698516686 -0.0424660942871363 -0.0350911274150233
0.0711243083606188 0.00315350859208597 -0.0728631192106406 -0.005509547663806
0.0530035630894552 -0.0468061425993824 -0.0677470785108813 0.0304729446345604
0.0397092741920955 -0.0680010085885567 -0.0575745893447363 0.0429076265363624
0.0419825077502967 -0.0692184129354314 -0.0448925127586699 0.0401335371735075
0.0555983057883548 -0.0697928901629746 -0.0477941658232686 0.0363196818609921
0.0713226931231641 -0.0341057699038052 -0.0425509882571922 0.0191756242576685
0.078336476053484 0.0220600957939187 -0.0387898731243625 -0.00445845899998434
0.0285772578141811 0.079621549729905 -0.0289113723033384 -0.0056986869864514
-0.0352049298467933 0.0659844302292552 -0.0228264545738773 -0.00460379849664462
-0.0560942483264077 -0.000244672850095361 -0.0491369147801744 -0.0141132909258183
-0.0457521838882815 -0.0577353716725226 -0.0544395612634466 -0.0488833665458661
-0.0689182012894541 -0.0748798244659499 -0.0206039326189767 -0.0274627569349344
-0.0859629411215774 -0.000625339670647842 0.00161984200777348 -0.00864398945156902
-0.045267647463817 0.077440801928968 0.0157314303973473 -0.0297002404567007
0.0385353146435747 0.076913027528165 -0.00910165065302056 -0.0418264304187383
0.0880133826999932 0.0046184605831974 -0.0444125707082366 -0.0295986824103801
0.0699705706789534 -0.0566543774991548 -0.0487251048482851 0.000136452620181743
0.057678653734939 -0.0833631960910335 -0.0402618953832174 0.012078666760392
0.0579943666168332 -0.0829861524990239 -0.0253671223097 0.011883401583083
0.0701644676707927 -0.0838379101877938 -0.0256945512929918 0.0147876308477429
0.0888412000423891 -0.0436134848708174 -0.0152245262401439 0.00368658262990779
0.0997762621570603 0.026586778778257 -0.0046684157630147 -0.00828148493857375
0.0327303671597277 0.105406478733543 0.00159919136900615 0.0127751694813952
-0.0590209914916257 0.0885135609082968 -0.00407368241242021 0.0249253941034985
-0.0916313272245548 -0.00613773613931549 -0.0464459589334651 0.0181631800157377
-0.0714493535075179 -0.0851813853908333 -0.0532579550738574 -0.00802174662082406
-0.0710094632252161 -0.0775063293797589 0.00176250682280821 -0.00284275787557056
-0.0809052953734806 -0.00994076315399438 0.0190140196347912 0.00845930728164753
-0.055242252384553 0.0691399000168639 0.0398152037709908 -0.00905160904491173
0.0241909796569185 0.08192283351441 0.0298361887459274 -0.0346173456770928
0.086561431391565 0.0203043628881122 -0.00504511167193964 -0.047810177377288
0.0779911767127876 -0.0479204472345464 -0.0192507940187108 -0.0293725470393791
0.0686714140641065 -0.0804291601268562 -0.0148909527008434 -0.0206086189538696
0.0670773140669677 -0.0807603526286026 -0.0011698462514572 -0.0185948579574096
0.0744862160120877 -0.0821651914823347 0.000396731281170906 -0.0120157852163921
0.0904459374344117 -0.0476989985877299 0.0146085124772667 -0.0174888627588135
0.105124171475812 0.0213822495130321 0.0313305624523503 -0.0180566758299327
0.0396330350994023 0.109625907737147 0.0367734929459808 0.0207877080282671
-0.0634284346155812 0.102280740542991 0.0257536337007904 0.0420522222690393
-0.110414116440905 0.00122240555862115 -0.0229507475836558 0.0489789507972536
-0.0881632006936838 -0.0922270460457104 -0.0381533147216424 0.0417016149842375
-0.0619790365133135 -0.0767181906572563 0.0171589011319851 0.0177014266210217
-0.0674222494180541 -0.0287089475531365 0.0213742636433383 0.0267785232250686
-0.0664322698005524 0.0447272879566445 0.0500306068433873 0.0229842837968385
-0.00358514593630123 0.0773403769253353 0.0618237941787379 -0.0114044532858394
0.0665506571454612 0.0368497231167518 0.0373757805965909 -0.0497606480653946
0.0729348840408296 -0.0287900703752085 0.0152619722347009 -0.0510416026709752
0.068712831730046 -0.0667088375636514 0.0131498009494749 -0.0500888591282943
0.0659429313757572 -0.0708505357222799 0.0223848054724288 -0.0470833894253417
0.0679109708553183 -0.0735444284292383 0.0235972668680869 -0.0375384192442884
0.079297184456175 -0.0501923384265363 0.0363763318670532 -0.0409055191201631
0.0979360681193721 0.00780709000623761 0.0572054064602743 -0.0345171378032743
0.0457701166585799 0.0927439679040344 0.0673443826287792 0.0135564127719464
-0.0484416881739681 0.0996891734077277 0.0569426751910122 0.0417958221387339
-0.102291159915076 0.0164191291929391 0.011850906986305 0.067672605102684
-0.0894325491908985 -0.0789744994550056 -0.00912511634313129 0.0887329482613941
-0.0471149217065207 -0.0674488642174487 0.0230320601501297 0.0390545616457982
-0.0487755362108468 -0.0463644762041825 0.0163758772957167 0.0421529789783787
-0.0715732298070807 0.0128094179854689 0.0433988851574732 0.0505512586757541
-0.0320593489485471 0.0585892853587712 0.0735175817939843 0.0195062779596874
0.0329321216413985 0.0458247810146545 0.0682494068633031 -0.0335105148716897
0.0534404721219252 -0.0050176933845305 0.0481916906945687 -0.0573788790752762
0.056177950851447 -0.0411117060685802 0.0414995986824193 -0.0686296795259963
0.0550759559111707 -0.0490021941544001 0.0439775726255195 -0.0688176878215075
0.0533384806342195 -0.0523093218746491 0.0432786116802016 -0.0592447413397335
0.0576297539655356 -0.0409053079861818 0.0511982228450851 -0.0596916828891436
0.0748038632178677 -0.00358434796554088 0.0728569218407886 -0.0487066446727085
0.0433414129488159 0.0616210735687221 0.0864475404011379 0.00142442047356168
-0.0246624336931048 0.0795734474777748 0.0768297891378461 0.0319138504057749
-0.0717880983385185 0.0273782145206568 0.0418199031006736 0.0723395693730085
-0.0727032712809519 -0.0505327385020499 0.0248588810603669 0.120656233704884
0.0584833551283331 9.39789917720054E-06 -0.0634061653858999 -0.114882502945091
0.030316485201132 -0.0348888417799833 -0.0770499791681502 -0.0780181243279907
-0.00439741071328575 -0.0404221758066758 -0.080128665585825 -0.027231164455603
-0.0294424158519504 -0.0209779593773892 -0.0835343072550477 0.00487333016634681
-0.0367686313833776 0.00859794708589311 -0.079684922462493 0.0414142857554687
-0.0264125283129484 0.0234217812483996 -0.0704687853986772 0.0657160740082599
-0.0289289917908248 0.0239864401228667 -0.0651938104321571 0.0811585047123797
-0.0319306095002649 0.0161231803435537 -0.0603074869169618 0.0792265620452774
-0.0327391791922185 0.00322919599729984 -0.0598647034432977 0.0655671729539921
-0.0280747152317311 -0.0158455940004582 -0.0677976335586138 0.0478535486272078
-0.00776517469282657 -0.0362095127052612 -0.0829549616001081 0.0112715530005867
0.0392732500320266 -0.0329449468645642 -0.0637439017239617 -0.0394810615525964
0.059632465728707 0.00586988006884425 -0.0236323686734202 -0.0489903411760336
0.03478361170077 0.0428282349076329 -0.0124719346813268 -0.0338691748662073
0.0189094833407848 0.0593892227710499 -0.0257794434822988 -0.0641355893170438
0.0186362347244884 -0.0318073449007004 -0.0734000867864692 -0.100982123702663
-0.0164818476365012 -0.0278738750236267 -0.0729836007885873 -0.0589091090158712
-0.0245164988206052 0.0010598366437506 -0.0667851622168617 -0.0268531211012276
-0.0088237495470799 0.0148140523777235 -0.0796099861574749 -0.00320936383196793
0.00259125463905744 0.00844519369010526 -0.0873588552356874 0.0367847189905
0.00247575634715897 -0.00113860083307889 -0.0792139068899479 0.0660678207474901
-0.00519652114577074 -0.0097974103374027 -0.0718216118148237 0.0807021963490975
-0.00616797357359566 -0.0170438965720477 -0.065442151719911 0.0770053851547545
-0.000482820447240273 -0.0265190843685791 -0.0688173088113522 0.0636069635875182
0.00836624619513136 -0.0243548354875742 -0.0734074641601317 0.0392174048764239
0.0245392296784801 -0.016815621055873 -0.0812883159400978 -0.00276136714016532
0.0384995794533186 0.00616751027918794 -0.056569906447865 -0.0424939177041813
0.0333120422163946 0.0287976033531369 -0.0202613126948244 -0.0475691155069002
0.0103689049661962 0.0352482717981472 -0.0202528392957145 -0.0388010291248275
-0.000666242544062767 0.0245164421941576 -0.0348382728413906 -0.0762997091901536
-0.0197943928318762 -0.0535924485461443 -0.0639325293424126 -0.0786611451575027
-0.0523855862911891 -0.0134149793737432 -0.0475948184471736 -0.0408468698974386
-0.0352918686132467 0.0386516512037104 -0.0433359023815099 -0.0341657053699741
0.0156526873615078 0.0430769207539045 -0.0682836914295555 -0.019319263714441
0.0398624014135054 0.00342010944621312 -0.0869978711797761 0.0198286122190946
0.0286718637731989 -0.026931665169 -0.0778248119487882 0.0543120517868336
0.0184729881920453 -0.0422204566494137 -0.0689721098182821 0.0674633253308168
0.0193783715800778 -0.0467456557134847 -0.0594575585492759 0.0634464970553801
0.0305090513777925 -0.050691838264851 -0.0645176587213005 0.0538519814024037
0.0425036278743 -0.0284829768348188 -0.0652475753088975 0.0305736168879275
0.0522556916292916 0.00503980613075733 -0.0664732726048448 -0.0064482336424384
0.0325954459674909 0.0439720671249088 -0.0467146172625804 -0.0288711281001884
-0.000576431373930957 0.0462529510194246 -0.023816386787738 -0.0319407018885396
-0.0184561626326075 0.0172294296076379 -0.0367813630946951 -0.034265719922846
-0.0215907339632484 -0.0164628586944632 -0.0447507224698382 -0.0717563459606035
-0.0512532881129354 -0.0694608299702444 -0.0443810320942742 -0.0503894123298873
-0.0781354588508258 -0.00399830766326074 -0.0212498519538764 -0.025562856443728
-0.0427116040885711 0.0673673579714072 -0.0133731790073665 -0.0369787563765975
0.0327458528896203 0.0658549693761662 -0.0435498735469609 -0.0349553464122864
0.0724116401492839 0.00267063528722775 -0.0739223555355706 -0.00483092242351349
0.0532546576841378 -0.0485607754018556 -0.0688159476045525 0.0316642123331529
0.0398403526145348 -0.069160377702844 -0.0580876645343543 0.0445453942968662
0.042095037630453 -0.0707190284346574 -0.0453062766641587 0.041255630891945
0.0554132546064718 -0.0714957851317686 -0.0477080708784245 0.0373632802038926
0.0719726085665676 -0.0353366686794422 -0.0427848622623309 0.019936548664239
0.0799150926704089 0.0215424570311714 -0.0392137963071433 -0.0037571449225045
0.0299711713943027 0.0807168892343655 -0.0292093784348739 -0.00529406535356012
-0.0350206211926308 0.0675793811989925 -0.0232654258395666 -0.00412226983781519
-0.0572728420893475 7.63157835773221E-05 -0.0498041713660668 -0.0138665910852169
-0.0478448045939095 -0.0583178844529086 -0.0556431437980409 -0.0490919869691942
-0.0710186869828582 -0.0751534600208483 -0.0210623228218521 -0.0277246188814543
-0.0874061722565977 0.000616656853445101 0.00192635232584439 -0.00843772669254266
-0.0451593819679381 0.0792623260038581 0.0156906258776216 -0.0302176350703185
0.0401311054386179 0.0780408089781413 -0.00943438073121701 -0.0425155764496754
0.0898592789073042 0.00431461995218681 -0.0456753059888681 -0.0293761828045671
0.0702869267845075 -0.0581704656389787 -0.0496553611297107 0.000717624641169352
0.0574249141944961 -0.0852246345028111 -0.0403902635981436 0.0125197289255688
0.0579070345512576 -0.0849464698436794 -0.0254957309577361 0.0126201847695016
0.0705588307414869 -0.0857762944270718 -0.0255860099604137 0.0156331948423137
0.0896093881611372 -0.0450422328568663 -0.0149767612584111 0.00422234752570024
0.101360626256692 0.0261115485163321 -0.00456091128677554 -0.00833617280692029
0.0341289552148612 0.106722489817608 0.00192891866965999 0.0132272286333015
-0.0592331977566673 0.0907164300694433 -0.00393343860247837 0.0252625338559539
-0.0933796857428179 -0.00510414010759495 -0.0467364598848628 0.0185417471942973
-0.0742785036179744 -0.0854577212052996 -0.0535829668350765 -0.00703116712460356
-0.0733329660822332 -0.0782737598134815 0.00148518290177675 -0.00233072002520246
-0.0826170901341918 -0.00925854619057891 0.0193955442907469 0.00831599148322386
-0.0549956275044022 0.0707334878477402 0.0401777851085601 -0.00946157929091464
0.0253728670831092 0.0835318360255616 0.0302441487244338 -0.0354354836854543
0.0877349601351409 0.0195401469337364 -0.00610272607250358 -0.0483165310024227
0.078840581002729 -0.0490117942288435 -0.0200137527944397 -0.0298740148918322
0.0691369494030671 -0.0819396216561348 -0.0152272847968435 -0.0211135872894751
0.0672929517658253 -0.0828550621361248 -0.00143095773465275 -0.0190027401113403
0.0745663898189658 -0.0843825553559458 0.000390961429503915 -0.0114598005750843
0.0913496229028962 -0.0493311440260704 0.0147564010184484 -0.018125459332629
0.106645362788873 0.0213025822989777 0.0318050510896815 -0.0184427024949786
0.0411683028213218 0.111057386523051 0.0380832588739488 0.0207788651868421
-0.0628834066169718 0.104359712457493 0.0262387898509362 0.0422321977586184
-0.11188502543162 0.00224910673686265 -0.022648772900122 0.0498325281059777
-0.0906987744534526 -0.0926396367553431 -0.0377450284616667 0.0428455246861288
-0.0642184384056124 -0.0768223660712993 0.0177691953891876 0.0176732371344851
-0.0690948863509083 -0.0283491672146916 0.0217860047023625 0.0265563289336048
-0.06684806806385 0.0459826180510797 0.0509059555214204 0.0221461637970067
-0.00274911806887832 0.0786084922947918 0.0623826164195503 -0.012292965635617
0.0676068804543154 0.0367862579740546 0.0367365494135514 -0.0509462597542868
0.0732843230281942 -0.0301249484355915 0.0147428120224351 -0.0518575277860131
0.0687445981967647 -0.0681075045570202 0.0129760226006784 -0.0509385049816667
0.0661199664642819 -0.0726375759393146 0.0222854809719888 -0.048413673994706
0.0679929772001172 -0.0755569939201067 0.0235277340356593 -0.0384875167773877
0.0797022658553162 -0.0517086465144684 0.0363712374406911 -0.0418660487974237
0.099575870067458 0.00699268048316586 0.0572734460799175 -0.0358373597223588
0.0474188824420863 0.0935596384505041 0.0684810001036383 0.0131231898568871
-0.0480249348368566 0.102056391839809 0.0579528476657021 0.0419108628121707
-0.103858891409328 0.0179828405010894 0.0125502840337756 0.0683254778907223
-0.0918068572310641 -0.078763407482766 -0.00749652588375107 0.0902669496551359
-0.0482927031801083 -0.0672073813416764 0.0237377493160714 0.0393803169429389
-0.050302522949123 -0.0463010438639533 0.0175506023387636 0.0424796983007726
-0.0723354488860986 0.0138586497357045 0.0440077274463563 0.0503237214406767
-0.031878476851751 0.0595864121928099 0.0739667611663212 0.0186182747988341
0.0337167319588338 0.0463690016616014 0.0683776809911189 -0.0348478543816318
0.0542631424193086 -0.00590364503287106 0.048446859220286 -0.0586032839781587
0.056041051343605 -0.042383618591835 0.0415032609457468 -0.0701774390861688
0.0551047806563387 -0.0502981571407906 0.043982121035367 -0.0705914999463902
0.0533021744016001 -0.0539177389670677 0.0437160132260843 -0.0605302596190725
0.0579357860623484 -0.0421974556946557 0.0511524390404524 -0.0609389553831487
0.0758655657165022 -0.00455481347466235 0.0731891446809801 -0.0498036237701564
0.0443644180748986 0.0620202455287755 0.0875244566184633 0.000635761767596135
-0.0245727663320752 0.0811486068838083 0.0776621082756491 0.0312688655738616
-0.0723226633332128 0.0286859283688424 0.0432463596222983 0.0728700157668272
-0.0746688118507355 -0.0504157923536489 0.0272422405665843 0.1222263645296
0.0590604638106202 -0.000976914797023807 -0.0662349723855041 -0.115492672278488
0.0298226903169479 -0.035676736306353 -0.0792422017391803 -0.077266304044003
-0.0055998655911208 -0.0409374718744232 -0.0809007490869902 -0.0267038656764418
-0.0293677543847234 -0.0207425856815475 -0.0840781443203208 0.00597571935049341
-0.0366641873635595 0.00893490328045189 -0.0800380440502993 0.043028858144095
-0.0261602082749559 0.0240340472821867 -0.0707591101298565 0.0676444904022052
-0.0288012864583819 0.0244395643658766 -0.0653328944105555 0.0831216915723619
-0.0317499213715902 0.0168776495908898 -0.0602214026863151 0.0812391060070043
-0.0331359718588253 0.00402748910586868 -0.0601190501701671 0.0674058865630992
-0.0287257908665151 -0.0156362599289623 -0.0677516382133207 0.0489270211017975
-0.00837546512547975 -0.03640137569695 -0.0838372373114594 0.0123757457098032
0.0389801151808266 -0.0339281996662787 -0.0647749049213713 -0.0391356444380373
0.0602317129328661 0.00483869530818067 -0.0241569659214855 -0.0490581631605815
0.0357789429623981 0.0427082464488986 -0.0129429855997527 -0.0342904385566467
0.0200971372058739 0.0600432531297858 -0.0269569662879355 -0.0648909888120507
0.0180341524970399 -0.0322087410618496 -0.0754025962501102 -0.10133394285557
-0.0170518233014268 -0.0280005205141942 -0.0743185161833006 -0.058796938474945
-0.0252277741510311 0.00155520919884656 -0.0672416906794249 -0.0267808827335868
-0.00843079064878832 0.0153141581550568 -0.0803425224766436 -0.00233285363676073
0.00319416503906275 0.00866032084877216 -0.0881446803341583 0.037434675025753
0.00293245775335188 -0.00161691565471165 -0.0794574932732682 0.0673340233712226
-0.00501944458861701 -0.00973918657969275 -0.0718497532849138 0.0827819403486955
-0.00627249099677863 -0.017403800408067 -0.0653560123054367 0.0792229900507426
-0.000417428705238857 -0.0266274266620797 -0.068957584684361 0.0654406519537887
0.00818136604965821 -0.0247778809513567 -0.0740480168654958 0.0407307375643361
0.0242285813087379 -0.0170033501675103 -0.0823924679974481 -0.00190693200901024
0.0386016983678654 0.00558171255731682 -0.0577478067890381 -0.0420526121587869
0.033676254811729 0.0284313943339969 -0.0212691921410235 -0.0475511650689866
0.0108884089522346 0.0349432773486154 -0.0212793100587903 -0.0397260661450202
-4.08347541003603E-05 0.0251346980213494 -0.0363919940672546 -0.0774464588293472
-0.021267001994586 -0.0543737210451234 -0.0658835593241197 -0.0786091713008748
-0.0536559406026481 -0.0127542196876849 -0.0482171468431557 -0.041038672957678
-0.0353998224552698 0.0401204726704996 -0.0437960563768316 -0.0342224528389533
0.0163350675413401 0.0436176206894859 -0.0690922416277235 -0.018932935094568
0.0408527224935055 0.00325233446080851 -0.0879313776488005 0.0211686667680379
0.0293668702606163 -0.027432967613706 -0.0780823372031077 0.0552905182486468
0.0182103720165004 -0.042730848569854 -0.0689078916792238 0.0697156354971259
0.0191351727319928 -0.0477852041518401 -0.0595553029769183 0.0652292701427623
0.0301964291616468 -0.051659673781464 -0.0644848383039358 0.0554644322498436
0.0428496700646195 -0.0292475178341181 -0.0654934091809471 0.0315791941992826
0.053130723866188 0.00452112451508951 -0.0668970706726044 -0.005717003666314
0.0334668944893772 0.0443969253464168 -0.0469079906148116 -0.0285870349495142
-0.000483747517234418 0.0471350505729372 -0.0241943186160179 -0.031910826512344
-0.0184844541986895 0.0172839905958773 -0.0375408232418785 -0.0343939628633741
-0.0224601463963443 -0.0163802005674584 -0.0463750824662818 -0.0722040874436071
-0.0533799975401121 -0.0700130013659775 -0.0455753175048634 -0.0508110704546008
-0.0800190883699802 -0.0028575908563404 -0.0213906923777981 -0.0249897867359653
-0.0421965137362116 0.0695271568337273 -0.0135508925955252 -0.0378585642813376
0.0342298868156196 0.0671778075603227 -0.0440097301293327 -0.035220957777529
0.0736226560876984 0.00144178607126043 -0.0750057652793928 -0.00393281349709735
0.0533676200039927 -0.0497973538767773 -0.068994836371281 0.0332137839090995
0.039861081840966 -0.0708508156435531 -0.0579577253737472 0.0455653299021644
0.0419693095529758 -0.0723857240023342 -0.0453373890834841 0.042427140557729
0.0557046966631021 -0.0734947485281315 -0.0479225946574649 0.038544525678775
0.0726138462415426 -0.0365824953327961 -0.0427251586416788 0.0204862646816961
0.0807601853346336 0.0211169333208484 -0.040047360421353 -0.00367829984448104
0.0308960880371955 0.0819909869461678 -0.0292600567621863 -0.00473685677373782
-0.0348586033031143 0.0691536726141984 -0.0232233828917568 -0.0042835040956205
-0.0583000068099725 0.000930444800959592 -0.0506466940730879 -0.0133099964382923
-0.049583213326511 -0.0584825792232415 -0.057295703158551 -0.0491728382773091
-0.0731297322546251 -0.0753455531572863 -0.0217420985508577 -0.0277542803084908
-0.0890388339708356 0.00211528571322004 0.00167706274923129 -0.00876162302008571
-0.0444914215499128 0.081578006083971 0.0158985534707116 -0.0307495702673979
0.0415443844641823 0.0788312550976444 -0.0100860353161088 -0.04291997195409
0.0914381301882699 0.00270712542198845 -0.0470078614478169 -0.0294405855437441
0.0700816336755905 -0.0602243944359898 -0.0503293470848311 0.00186310572273201
0.0567148150820941 -0.0865993093774219 -0.0404759696770754 0.0135103657579251
0.0580245733343368 -0.0870265988189819 -0.0256085319432971 0.0132334236275589
0.0704792381341183 -0.0878676872317741 -0.0261085598773848 0.0159319319446609
0.0901181364923254 -0.0469044389799539 -0.0151073737164812 0.00430133818983818
0.102796058139842 0.0254724535580262 -0.00473193531471498 -0.00804069508342437
0.0358563105140668 0.108140290428774 0.0024469403477666 0.0134667467877841
-0.0588367388233329 0.0927664433243377 -0.0037097700218904 0.0254756364765602
-0.094621974864233 -0.00377859032147665 -0.0471919400022968 0.0194940038219529
-0.0767903523292666 -0.0857831215829736 -0.05449827756495 -0.00676650439231023
-0.0753851276236355 -0.0780751370167763 0.00156490711092194 -0.00255739981301013
-0.083874768216273 -0.00829350415831856 0.019763857304303 0.00809241837160641
-0.0549551962389497 0.0727074154295581 0.0405956567906002 -0.0102576170750193
0.0266465062702856 0.0843501031209307 0.0297319542744652 -0.0364982195469653
0.0892380211231425 0.0189440315101891 -0.00704818222401234 -0.0486981861549211
0.0786606736680277 -0.0509932780888297 -0.020340185111575 -0.0297398972696641
0.0687221734212443 -0.0840603143266748 -0.0151408076683504 -0.0212723327109638
0.0669705811727285 -0.0849163256272025 -0.00139155194778503 -0.0193162675722706
0.0740445838093209 -0.0861169269034357 0.000483829858136407 -0.0117997436821309
0.0914447389838827 -0.0509819996597796 0.0150052675664814 -0.0180611421744503
0.108533770412264 0.0197161191766533 0.0317626260818674 -0.0187075415392137
0.0430521514123578 0.111729416517661 0.0389444658261512 0.0206257710772658
-0.0625464147176048 0.106634796143303 0.0264770915157951 0.0420491090379046
-0.113438038089533 0.00390779566275646 -0.0226635911932861 0.0505398676175541
-0.0936907528527189 -0.0929678542373539 -0.0373812154725665 0.0441689813871228
-0.0664111020553285 -0.0769817449851455 0.0183368594792473 0.0178671125870921
-0.070510632092029 -0.0274962471491569 0.0224039475443563 0.0264301099069642
-0.067319532288495 0.0481943996149938 0.0517434077078456 0.021906974283776
-0.00194327486970197 0.0800826575177517 0.0630070200021881 -0.0131700429204964
0.0691181678196585 0.0362281962947179 0.0361780078224067 -0.0519548139512231
0.0738200775564917 -0.0315352942645986 0.0142741421776484 -0.0522266137266653
0.0686011466531146 -0.069546348540585 0.0128072485526715 -0.0517110060255201
0.066176099416114 -0.0746917574287161 0.0218674000253162 -0.0495088309756365
0.0678404341314766 -0.0775480885014374 0.0236654367474845 -0.0393018943903976
0.0798339836369699 -0.0532215575198142 0.0363103163494566 -0.0427834644468587
0.100730240210742 0.00581205608076416 0.0577041115831117 -0.0363757094209108
0.0490640775475597 0.0942195578572563 0.0695609205208376 0.012607982700206
-0.0473379049119191 0.104268839632056 0.0585889176078804 0.0409945121120016
-0.10484300178113 0.0194137606738229 0.0133646717181413 0.0688297073224024
-0.0943492580749566 -0.0786581958162174 -0.00625303170973482 0.0916907779437296
-0.0503034232182677 -0.0673595423033432 0.0251329638988981 0.0401319479010646
-0.0515352224404189 -0.0461926780088139 0.0181839395466826 0.0424792580498394
-0.0726766020012455 0.0153069244171073 0.0450527445057297 0.0500336805957888
-0.0317250713993285 0.0611629214404165 0.074854156074109 0.0177560783969759
0.0348598272560464 0.0462066748067286 0.0683140114079091 -0.0355166308635273
0.0546050932625489 -0.00635339772275422 0.0480073126737616 -0.0596264950980689
0.0558451502064975 -0.0432371042987676 0.0413462465357186 -0.071413818238174
0.0551310310593639 -0.0519460935033681 0.0439607977527135 -0.0719789479257137
0.0533920896164373 -0.0548943278243732 0.043539395775507 -0.0620666710782898
0.0579585921714165 -0.0430789745435744 0.0514431795550754 -0.0622861795240574
0.0766497450499196 -0.00585374698629874 0.0734950046253562 -0.0511075272215616
0.04563755300584 0.0621731246141066 0.0886146808652353 -0.000415999163554408
-0.0236061717203462 0.082592736735556 0.0784292633668053 0.0307175137945686
-0.0727497306154677 0.0305385703126606 0.0448531177286326 0.0728668111979362
-0.0760756088316742 -0.0500833342846432 0.0296107286686836 0.123563034552147
0.0594094233845884 -0.0018868934354711 -0.0687955923720221 -0.115936985843016
0.0296039470098146 -0.0365765648754198 -0.0810669842082855 -0.0765814693609183
-0.00557945041056426 -0.040956641559618 -0.0819891490629858 -0.025790159015942
-0.0298130694567522 -0.0201873089376238 -0.0847382874649757 0.00712863112127051
-0.0365396880990322 0.00913379580307317 -0.0804292008025844 0.0448004751389532
-0.0258490921118115 0.0246587036237894 -0.0704277816106064 0.0688555597895424
-0.0288717220804895 0.0253287142590329 -0.064889559969587 0.0851144060966352
-0.0319539732440873 0.0177480723353514 -0.059935762089349 0.0834537618433862
-0.033334531455479 0.0044373914878339 -0.0602444610030456 0.0689757160260389
-0.0292568664620894 -0.015956372535285 -0.0677460359690704 0.0503061408939526
-0.00879037430453276 -0.0363120478735343 -0.0841119681850146 0.0131426036350234
0.0387608068400453 -0.0350114644088538 -0.0658376929831311 -0.0388321688374177
0.060435212628312 0.00390822406790628 -0.0250201172724288 -0.0490408385422814
0.0373238624010163 0.0424811122978332 -0.0132262780404587 -0.0342662965762692
0.0211684623286565 0.060007562611517 -0.0291243202569702 -0.0657531992460142
0.0174540258908893 -0.0332589479748 -0.078400454953462 -0.101094920914249
-0.0179405985502548 -0.028221760782742 -0.0759253748208834 -0.0570718978057443
-0.0249427285897351 0.00230493146166572 -0.0679225380450959 -0.0265378342277495
-0.00797103697921806 0.0158122688723588 -0.0808542979153062 -0.00145940602296261
0.00385773550447604 0.0089170812431418 -0.0884023313724184 0.0397733672665569
0.00292860762990066 -0.00142726152243755 -0.0791112426048866 0.0693133095665046
-0.0050367272504508 -0.010423390027977 -0.0716081992226593 0.0844530931297156
-0.00633366335729374 -0.0176866148155483 -0.0655726379207922 0.0812975566793513
-0.000844327652342313 -0.0272591913738053 -0.0688635978833751 0.0668870043823411
0.00809111106551164 -0.0247261054442831 -0.0738416634344606 0.0419489522209954
0.0244820690246563 -0.0176140898512121 -0.0823347073504366 -0.000850268389934676
0.039185705159164 0.00536252001315213 -0.0585048826947433 -0.0414614644940385
0.034140254252533 0.0280281898795594 -0.0214394779680803 -0.0478655111262414
0.0112497643135239 0.0352095013877867 -0.0215869928614712 -0.0395133257053478
0.000120573528058875 0.0248938386677875 -0.038776563338217 -0.078370493085333
-0.0226618243413438 -0.0544108235523868 -0.0676949108647469 -0.0786613615881529
-0.0545225238836178 -0.0119981745217222 -0.0491718831574755 -0.0408125433341714
-0.0351823043331563 0.0415540993437324 -0.0443135935927952 -0.0342016289432924
0.017745950875226 0.0441049987603023 -0.0699588194366534 -0.0184733126843663
0.0416778014110766 0.00282169880488248 -0.0891007830134429 0.0221936669548575
0.0292439783974755 -0.0283520467972666 -0.0785341083796323 0.0574071291428115
0.0179707718749772 -0.0433558541703368 -0.0690175823407005 0.0712312524398427
0.0189616975671563 -0.0485898437298956 -0.0596914182744374 0.0667481144894901
0.0299237774051093 -0.052789145462172 -0.0642224796732725 0.056957744310724
0.0429106443066218 -0.0300281589377689 -0.0657364676632661 0.0325899230119645
0.0533496468860669 0.00431576083515555 -0.0676199640218551 -0.00476072186815909
0.0340119822375266 0.0446603578841854 -0.0478667478537238 -0.0277065652736172
0.000149419452768547 0.0474990268984894 -0.0248171379805387 -0.0319184070149276
-0.01911063451016 0.0175614376302039 -0.038287725363831 -0.0339955802362725
-0.0235923625998992 -0.0161199788614351 -0.0484030710021585 -0.0722859092205848
-0.0556337001335999 -0.070042359092629 -0.0470490354908636 -0.0504732385107469
-0.080702556037822 -0.00134168711728899 -0.0216708251055341 -0.0251307247030751
-0.0416870782976275 0.0711186404169738 -0.0139640470870225 -0.0376736803384491
0.0359047991562989 0.0676189945517246 -0.0448402282734499 -0.0349125025200756
0.0746122527490782 0.000481272736968722 -0.075879551077993 -0.00321703070985768
0.0533331818423563 -0.0512342047868274 -0.0697189442990248 0.0340878270843044
0.0394338892236367 -0.0720488055754997 -0.0578238044675536 0.0471583577997674
0.0414564896737225 -0.073783707828909 -0.0450502410051004 0.0435140970057911
0.0554673855732112 -0.0751999646362153 -0.0479892769051193 0.0395205529393253
0.0728875624987162 -0.0374066327653018 -0.0427322363874895 0.0213632364469294
0.0825078734396215 0.0205301361489218 -0.0395127132757143 -0.0028621585761674
0.0324846138070675 0.0824149518168251 -0.0295951553688559 -0.00418839169295815
-0.0346942510424123 0.0707112023321301 -0.0233515483955414 -0.00418581749093022
-0.0593244999168688 0.0018464290912799 -0.0510673239737377 -0.0132088964307262
-0.0513921255715357 -0.0585435718119623 -0.0590631742830548 -0.0486422416887922
-0.0755365076752988 -0.0750622296108134 -0.0219421399077295 -0.0273671587569888
-0.0902334047848805 0.00322173936025238 0.00193090275448195 -0.00857283569429561
-0.0439731469227655 0.0835158572590627 0.0159737119265149 -0.0314312729523169
0.0432183855078963 0.0797444049572738 -0.01044882824021 -0.0432720449069141
0.0924365107108354 0.00127345253379935 -0.0479671646189794 -0.0287694155012599
0.0706072405971172 -0.0615073692481991 -0.0506796406591427 0.0024404749386342
0.0565395323086036 -0.0882726779466363 -0.0405119332432172 0.0139920132991968
0.056917729705856 -0.0886863036320667 -0.0258414370441125 0.0138571664376572
0.0696907464225401 -0.0898611265792162 -0.0254355196552635 0.0166485299316353
0.0904867635614308 -0.0481807042972463 -0.0146494092207736 0.00418974364962982
0.104506542027773 0.0241296132958084 -0.00485913100005987 -0.00785585567417923
0.0376530886421923 0.109419786012398 0.00304583556801793 0.0138534656609426
-0.0580958815438882 0.0948593563425566 -0.00338043489919454 0.0255385496650184
-0.0959265990985514 -0.00284251801333188 -0.0472740979737275 0.0201322975640525
-0.0787596677185454 -0.0855929232506158 -0.0548638380343744 -0.00598363649294851
-0.0775140459787474 -0.0778772459302345 0.00198413026400139 -0.0025832440001458
-0.0849954846379421 -0.00672041070604162 0.020301320794698 0.00794023232738962
-0.0544580984727713 0.0750093635611722 0.0410023038386707 -0.0107382957582603
0.0279572585199293 0.0858558002559628 0.029641977597003 -0.037106689076748
0.0905163941060189 0.017749562105215 -0.0078568741552403 -0.0489671043145484
0.079120849414057 -0.0522533656175148 -0.021037087484324 -0.0299561791322929
0.0683281696919176 -0.0858196985787883 -0.015658420065651 -0.0213237786809023
0.0668001175835087 -0.0872992299324551 -0.00136696268229619 -0.0194669028781719
0.0739814958851682 -0.0883728494662901 0.000520568008051081 -0.0121878830408718
0.0918493120764012 -0.0526682135859019 0.0147971696380683 -0.018888134567574
0.110135061990762 0.0185948817039443 0.0319474483741863 -0.0189369176895396
0.0447494731344759 0.113266269628309 0.0397539456598091 0.0207760839631214
-0.0619478806802211 0.108744730105313 0.0270258935652931 0.0419005203765725
-0.114844312412053 0.00553196686026003 -0.0218484271476648 0.0512134417093583
-0.0962542091783396 -0.0927060456668409 -0.0371776381622471 0.0449803191523137
-0.0681823534896797 -0.0767893680967512 0.0189157865213823 0.0182435568600916
-0.0719197619596936 -0.0268040555677007 0.023452500817464 0.0265551817006158
-0.0671675388448897 0.0498952488828289 0.0526143092031463 0.0207809131363984
-0.00126078605766467 0.0814522789207788 0.0634819289038095 -0.0144066371763123
0.0703519045731581 0.0357415091183939 0.0357264079678505 -0.0530308210898882
0.0742304724668534 -0.0325978113064482 0.0137886898814208 -0.0529191116393298
0.0684902232972584 -0.0710107738315862 0.0126070121427641 -0.0527017244919703
0.0657167150857501 -0.0762618651644356 0.0218187236121089 -0.050647513379357
0.0676635681645668 -0.0793498448761338 0.0238309919421484 -0.0399915447988066
0.0797313514709018 -0.0547332784994863 0.0363557996053502 -0.0435054342902277
0.102005106091715 0.00453103710238446 0.0577264712443617 -0.0372303154204786
0.0507156883625823 0.0949940601576624 0.0705323217497251 0.0121176576880977
-0.046520209838964 0.10599346752233 0.0591999881760438 0.0406098988797286
-0.105970934178715 0.0213901420387047 0.0141453650630864 0.0691170783334695
-0.096747563635531 -0.0783399272434593 -0.00430825759614688 0.0926694352501038
-0.0517827484616075 -0.0672946045154073 0.0261502110278478 0.0400528279300717
-0.0529662050933364 -0.0457802803311071 0.019013593078009 0.0426560255138156
-0.0733633399581695 0.0170976502182911 0.0460987609524341 0.0499904929175609
-0.0306161313211436 0.0625495031005493 0.0756601337665581 0.0168946765044957
0.0357160697025793 0.0461904993449707 0.0681577415431825 -0.0371010573217854
0.0549223210595421 -0.00724229799614338 0.0477874487986128 -0.0609141513771464
0.0554416729664584 -0.044744980856502 0.0411053400703634 -0.0729447342850912
0.0551735601656001 -0.0533263672478021 0.0434687405866983 -0.0742084422907257
0.053207070841189 -0.0565828706314074 0.0433327822609011 -0.0636761843777172
0.0575767077066914 -0.0443268830943081 0.0510354389557933 -0.0635903981257927
0.0771714704374498 -0.00654511515232871 0.0735146346763446 -0.0524204370388563
0.0471515988683121 0.0623244809401277 0.0894371725106855 -0.00140537437297511
-0.0225015510193404 0.0840390153632573 0.0789689276069623 0.0299218100776199
-0.0732518171871216 0.0314397807272799 0.0456493559132846 0.0730316900462661
-0.0777416942321029 -0.0501898151340992 0.0323529193614689 0.124505142358763
0.0600535972112019 -0.00296745198632336 -0.0715661003956152 -0.116162708276405
0.0294456318204218 -0.0367919057193924 -0.0830173311570611 -0.0759615156202524
-0.00647400160356532 -0.0408684909723258 -0.0823896438470664 -0.0246916111117342
-0.0300233885033269 -0.0199625438343737 -0.0851029391699234 0.00765017135090071
-0.0367030058263027 0.0101242972769189 -0.0804400591947152 0.0455473517249433
-0.0255742261675159 0.0252051925096294 -0.0700728120456837 0.0705602215152832
-0.0284612326354272 0.0261149902077154 -0.0644083984041535 0.0868618354818309
-0.0318553399127847 0.0184506781518935 -0.0593826940403538 0.0849832343652908
-0.0336043655393853 0.00501852881598869 -0.0597372765371063 0.070392919693388
-0.0295420290195342 -0.0148918166908118 -0.067862900740972 0.0515669378937887
-0.00993718137014081 -0.0368177642250248 -0.084067148500724 0.0145606604251378
0.0378702593284042 -0.0360416488979594 -0.0664857044050029 -0.0377367926547925
0.0609870757791967 0.00297862319745034 -0.0252413373326302 -0.04899369544687
0.0376776970499062 0.0420964335121681 -0.0142669084229649 -0.0344156950564449
0.0222100557363058 0.0601569046787385 -0.0305870627740809 -0.0661968322782031
0.0170963642279721 -0.0339060973866047 -0.0808212880081279 -0.100756722381042
-0.019008953554945 -0.0273511219563947 -0.076776355894095 -0.0564504092642055
-0.0251365664453079 0.00289205764694698 -0.0686006928015784 -0.0251865948993661
-0.00777462693787579 0.0167095255831775 -0.0813047963057213 -0.0006396863781138
0.00433251324294182 0.00867227878842231 -0.0887419205148881 0.0405070458010716
0.00336791038351181 -0.00174568703353813 -0.078677726022004 0.0706976781734041
-0.00508682342296977 -0.00989693985739689 -0.0716781368969711 0.0865837852303638
-0.00667899605107822 -0.0171287277573306 -0.06461308465393 0.0828272435880188
-0.00128932323663703 -0.0271606623884597 -0.0684505905519962 0.0687375016215919
0.00801574386389513 -0.0252046299466585 -0.0743986611108788 0.0430811939082643
0.0242377429594293 -0.0175346397160859 -0.0832787285777102 0.000373234478753453
0.0396045227209721 0.00490691713576836 -0.0598432476343731 -0.0415021981276132
0.0347642564564609 0.0278137558500074 -0.0220033072292219 -0.0477929383222645
0.0112729267061852 0.0351569673210972 -0.022926103825539 -0.0389721841383428
0.000121955918394889 0.0251443647305737 -0.0404782672320407 -0.0780789742778347
-0.0241084303561113 -0.0548798547594881 -0.0696983820239618 -0.0783689151973069
-0.055505235736465 -0.0109577793282233 -0.0501534103738587 -0.0399767217258873
-0.0347065984086343 0.0427484266501362 -0.044810775418651 -0.0338940827257754
0.0184658386255878 0.0451127170395093 -0.0704331321299826 -0.0178230754177698
0.0426119003877762 0.00197422847557117 -0.0891688873215609 0.0238806971524785
0.0290749818019546 -0.029111804467055 -0.0784459144374299 0.0591790516387781
0.0176029273999014 -0.0442750882637375 -0.0685426798666418 0.073231841363695
0.0182425219921854 -0.0494152075561848 -0.0591209388312634 0.0688077531341789
0.0297072162596449 -0.0537299744469191 -0.0644741135666109 0.0586664292428966
0.0429511543666967 -0.0306228237164143 -0.0657772714768154 0.0339638270369252
0.0541761012424614 0.00400940188535391 -0.0678978606961868 -0.00370226480738056
0.0346097035574636 0.0452554313142739 -0.0481362587772436 -0.0273214819872328
0.000267396350470702 0.0481034714680574 -0.0250646496687172 -0.03188128828752
-0.0190379096849567 0.0181259410963946 -0.0391479823272988 -0.0338205890103593
-0.0240402509689505 -0.0161949110896616 -0.0501544051808146 -0.0727737227828364
-0.0573925997136073 -0.0697217554930417 -0.0479218547013688 -0.050023085283637
-0.0818871780837737 -0.000111094619815736 -0.0219106459597951 -0.0248070907302
-0.0411317479431469 0.0731726879808365 -0.0143816859879573 -0.0382026849952261
0.0377657888744332 0.0681745083181336 -0.0455351033030138 -0.0350211074777916
0.0757781615133864 -0.000487362012482449 -0.0765832508107679 -0.00199678542925612
0.0532978357548022 -0.0524797456187769 -0.0698613759181908 0.035593556848075
0.0387168277475811 -0.0732599380610582 -0.0576024982521863 0.0484753313236639
0.0411100052167908 -0.0754279015037902 -0.0446569913367792 0.0447901829513537
0.054838634598351 -0.0765171919848023 -0.0478161913877553 0.0409566427703724
0.0732978257123496 -0.0386589361724731 -0.0424432268920878 0.0219669252806843
0.0832727207096211 0.0198916536288485 -0.0402623807210139 -0.00234632961639251
0.0338039496654789 0.0831478532932072 -0.0294243206854549 -0.00365092269722686
-0.0340307146873197 0.0720025560895688 -0.0234154883465599 -0.00385609746450206
-0.0601793184694733 0.00269146662688364 -0.0518510288206138 -0.0126636256860538
-0.053432237441984 -0.0583102400396553 -0.0600566371172449 -0.0484089017102296
-0.0779507790463685 -0.0746954981456436 -0.0227089317911386 -0.027630695623918
-0.0909351045344617 0.00493111321024053 0.00206232532019442 -0.00885178098409216
-0.0431077797060381 0.0854187310134816 0.0160925995455739 -0.0321832948316504
0.0448718209509357 0.080517936283746 -0.0110058019743952 -0.0437410722025066
0.0932893685272616 0.000403787578895963 -0.0490579580243969 -0.0282530853101089
0.0705341326736344 -0.0632074708892055 -0.0513505022507879 0.00311905287143867
0.0556449071522431 -0.0899561449719655 -0.0405734421776856 0.0149206509643991
0.0568649224640898 -0.0908792174489826 -0.0257895492479396 0.0143005508737957
0.0693927402928259 -0.0918752326183481 -0.025521552868446 0.0171264985906043
0.090865582614088 -0.0499609915241753 -0.0148973553870614 0.00464140517442532
0.105997073230371 0.0230303581015934 -0.00498134384316189 -0.00742503078345464
0.0396081928359065 0.110285865468052 0.00332214522676897 0.0143093348389716
-0.0577731504177913 0.0970780532152848 -0.00291509185547018 0.025728269973689
-0.0973752175022861 -0.00135398582911818 -0.0474136593080576 0.0208676454799901
-0.0820868787148616 -0.0856915839566929 -0.0557226420568193 -0.00503311636924488
-0.0799040857144502 -0.0771588584572724 0.0020051394539501 -0.00293248380366094
-0.0864705171323951 -0.00593385101885626 0.0206650288510867 0.00781910804669694
-0.0540693624012448 0.076507129775132 0.0417715002080736 -0.01115889341356
0.0297703012107682 0.0863195498651184 0.0295725842756286 -0.0383998863516523
0.0915525111445902 0.0167883183354207 -0.00892046914253023 -0.0490240507166856
0.0791305386239988 -0.0542105182089281 -0.021567584131275 -0.0295378901485148
0.0680739039847133 -0.0874304658832489 -0.0156314282610583 -0.0213414652583327
0.0662844922465252 -0.0890152273993545 -0.00220510339112925 -0.0196812542999514
0.0737779756449974 -0.0903033327340191 0.000873856806232793 -0.0122424978985102
0.091907273760755 -0.0541969419532403 0.0153071660054615 -0.0194040065132161
0.111512348446118 0.0175917021620624 0.0322097959589307 -0.0195639238919525
0.0471965287109445 0.113927985436888 0.0405207546018487 0.0208031064267706
-0.0609613267938788 0.11138394316586 0.0276609067421907 0.0416209615220708
-0.116131832903071 0.00702909389273062 -0.021549491602203 0.0517730021288826
-0.0987870919513391 -0.0920109858810242 -0.0359807371805556 0.0458138924498855
-0.0704646411393957 -0.0762774449627304 0.0193667010216655 0.0179564959923066
-0.0730489928904266 -0.0261303603683276 0.023544345015556 0.0263564852078079
-0.0672542847872644 0.0514186524375195 0.0531840734344188 0.0206635837499303
0.000386028693803939 0.0823295771407654 0.0634865718276169 -0.0155188146173373
0.0717119034597464 0.0352187287172315 0.03481942086641 -0.0535638604493229
0.0742457870434761 -0.0336730669524676 0.0130296015503861 -0.0535408632741945
0.0678668007811141 -0.0729897054306278 0.012264959914988 -0.0532619610898533
0.0653388503411552 -0.0786664846956043 0.0213923492587456 -0.0512843886937453
0.0672208393800252 -0.0809557717715415 0.0235429624657804 -0.0406113266143482
0.0798738322887967 -0.0561305251694709 0.0362889907381505 -0.0445880200442479
0.103202580154144 0.00327829671226198 0.0579940332181013 -0.0382169341104864
0.0528880722485777 0.0954528060086903 0.071579582483635 0.011433895594757
-0.0450685361301521 0.107924356492004 0.0599143141173407 0.0400106255333187
-0.106702367998996 0.0229670875229128 0.0149304744940545 0.069568693953433
-0.0994152135974503 -0.0780226629696448 -0.00265218542532984 0.0934956793582613
-0.0535337692515659 -0.0668329873768313 0.0271136484811668 0.0403173250852253
-0.053949694836129 -0.0455163995008126 0.0198084523279036 0.0424153419017333
-0.0734408676730426 0.0186332485530469 0.0470228933830157 0.0492032997957114
-0.0297923049314626 0.0640907635735641 0.0761911430129343 0.0157438013923395
0.0369884211716016 0.0463952144530576 0.0678475593617351 -0.0382018320178008
0.0550445096862482 -0.00805092286940771 0.0475891743475992 -0.0616317160747485
0.0555007996532125 -0.0456441877837084 0.0407864550450804 -0.0742541420638885
0.0545092259480164 -0.0550704158352294 0.0434526479980349 -0.075653014108026
0.0529265433528606 -0.0575040096303843 0.0433754785366086 -0.0646532180983843
0.0577585263697196 -0.0456050153393526 0.050962265701427 -0.0647804435751103
0.0779427231753283 -0.00779661165832594 0.0734390132942059 -0.053928061192012
0.0484399900825987 0.0623713163280396 0.0905794055286025 -0.00225665674044779
-0.0217183632874728 0.0848282003084681 0.0794410317767874 0.0291336737950276
-0.0731909282325678 0.0328827095850803 0.0472622639590135 0.0731350340736807
-0.0797337643107234 -0.0494087004496321 0.0348750320415637 0.125173555540468
0.0603642037194606 -0.00409367059935133 -0.0746631954218627 -0.115756135474919
0.0288407799620589 -0.037437531211214 -0.0844379463308352 -0.0751226205664252
-0.00716823946519256 -0.0410797618348296 -0.0827789690266732 -0.0241468469539087
-0.0308458670547042 -0.0197868688674 -0.0854452726131462 0.00832124817357718
-0.0364838888295606 0.0108895288831125 -0.0799108608934799 0.0471991783543712
-0.0253874812788767 0.0255288325887373 -0.0699139649621888 0.0724196478643079
-0.028409847048032 0.0265537730413709 -0.0638522145644816 0.0889726676473739
-0.0319968931869674 0.0194731877759436 -0.0586957753520409 0.0872060591699976
-0.0335589502605069 0.00553526737354575 -0.0593583054806944 0.0720194358268714
-0.0301358119120886 -0.0146839806780358 -0.0679157613330446 0.0524866496048498
-0.0105576135959935 -0.0364211619745072 -0.0842113453833216 0.0154462174232024
0.0380947214969788 -0.0368495990607867 -0.0674465078469225 -0.0374274643687933
0.0610577868391648 0.00188224983551586 -0.0257148416971276 -0.0488799297118915
0.038479662238162 0.0418830922006649 -0.0141583180812405 -0.0344206708692407
0.0232307263033495 0.0602789729285259 -0.032254308446783 -0.0661267499727295
0.0165840754057914 -0.0346623789685034 -0.0834182787806863 -0.100419055939294
-0.0197994379966636 -0.0278164914047344 -0.0784380398126178 -0.0558471259779707
-0.0253516484233417 0.00333694772802276 -0.0692434512544031 -0.0245963258498895
-0.00767011127440206 0.0169729366243192 -0.082172627178454 0.000498682105806296
0.00475012450725283 0.00852099894315163 -0.0887313131535775 0.0424233495549747
0.00350441388291156 -0.00200446227031577 -0.079064752938518 0.0726544416218494
-0.00490398186471417 -0.00978209736154907 -0.0707170652578561 0.0886475002085115
-0.00691171399507606 -0.0176487011588349 -0.0641299366126464 0.0845714423833033
-0.00157712579653883 -0.0276082992572584 -0.0686636992920609 0.0699506547778389
0.00760271320775835 -0.0252265736686043 -0.0738095555345298 0.0444624877166833
0.0240476547237812 -0.0178784102594651 -0.083461177147811 0.00175042535009481
0.0391867058456623 0.00444416170261648 -0.0602391838688498 -0.0396974835561288
0.0346144829192704 0.0277125031938502 -0.0224126548949974 -0.0478469611703476
0.011822691514224 0.0351188314966415 -0.0236616347812463 -0.0393238849387521
0.000561551717983687 0.0252883996403592 -0.0421596557790224 -0.078161944544682
-0.0252738636941823 -0.0552428635653223 -0.0720437440064314 -0.0780421775148953
-0.0564153379536862 -0.0101503184327324 -0.0510259056687799 -0.0392078804805467
-0.0347030466020517 0.0439464629862845 -0.044975421138481 -0.0334456376242031
0.0198331494270518 0.0452801995523985 -0.0712635147070782 -0.017487138423414
0.0433435497350277 0.0013409745865834 -0.0897433398140455 0.0251457522132723
0.0293770791422452 -0.0299216038312701 -0.0783141823416174 0.0611434243827631
0.0174526507879973 -0.0448863387222014 -0.0678046423610525 0.0746042173475929
0.0179726030296148 -0.0499498714703233 -0.0584760337908115 0.0706604521348914
0.0288459198300784 -0.054655886672907 -0.0643298577607267 0.0598077677367082
0.0429527045479698 -0.0310346326844242 -0.0653789756059779 0.0349533402069408
0.0546659326963444 0.00347729515587625 -0.0687626324868907 -0.00302729595692276
0.0354434224472548 0.0450901612354357 -0.0486156348635633 -0.0266416387469279
0.000584414799521317 0.0486723268247613 -0.02515818593481 -0.0318368530626544
-0.01958645886012 0.0184418165050564 -0.0398974155436846 -0.0330230383126125
-0.0250559730339485 -0.0164562221280492 -0.0518076616386815 -0.0728154226683203
-0.059020527830962 -0.0696573579795172 -0.0493129758655709 -0.0499735502213325
-0.0829273174416897 0.00134397548769249 -0.0221974625601318 -0.0244974454732962
-0.0403705860304045 0.0747306652402474 -0.0145646725563701 -0.0385433700600138
0.0384708304068647 0.0691843470071107 -0.0461500491503629 -0.0345903107152805
0.0767457971926663 -0.00175539484055017 -0.0773365208083105 -0.0009682836419214
0.0533240320905364 -0.0536002422438018 -0.069831427558703 0.0367320903829378
0.0382998115672576 -0.0741405463279614 -0.0572743019037157 0.0499458482355872
0.0401565369147971 -0.0762603285534129 -0.0444458439652801 0.0459233433378741
0.0542023361734068 -0.0778232453811638 -0.0477107816676501 0.0420507045289731
0.0735083427204857 -0.0399438728576643 -0.0425022924979818 0.022847843057762
0.0842874196146753 0.0187720551658818 -0.0406979491846376 -0.00176312575284359
0.0349485716768708 0.0836841341435744 -0.0293817500286111 -0.0033317262938511
-0.0339007962749111 0.0734377028500628 -0.0234940057579118 -0.00375655115501602
-0.0612826234473703 0.00350262522509516 -0.0524824790938401 -0.0120876903880962
-0.0546582539316761 -0.0581287533601186 -0.0613338375509111 -0.0481629405722543
-0.0799311183800899 -0.0742688183466739 -0.0231500020944683 -0.0273320724870911
-0.0922662285783886 0.00619681942350517 0.00224740992852892 -0.00875790003165838
-0.042120130941264 0.0870579329684784 0.0155386841304912 -0.0324487899170622
0.0464584914231797 0.0809771654824913 -0.0115828696813328 -0.0439414093808115
0.0945336295852782 -0.000972755948788311 -0.0501968394182392 -0.0277733640292273
0.0703470060054599 -0.0645393443412244 -0.0516389789881404 0.00374323564552126
0.0550911285679638 -0.0914677862933809 -0.0404172382791277 0.0155827410366234
0.0559552895880418 -0.0928148699565466 -0.0260500767241789 0.0146989461377913
0.0685268257491787 -0.0932930350667023 -0.0248245639121824 0.0180177337288034
0.0910634100305066 -0.0517485754460075 -0.0146739127444897 0.00519585598387835
0.107211948555443 0.0220167922545082 -0.00475590991733863 -0.00753507051326982
0.0417493440869302 0.110923202394449 0.00408493970505337 0.0145142472384248
-0.0568431612595313 0.098847516596774 -0.00275198823481938 0.025466699068879
-0.0987375726200086 0.00024110150464336 -0.0475726196766713 0.0212917982793554
-0.0840491621004323 -0.0850871566305637 -0.0559233376293285 -0.00485068996506025
-0.0820829379919473 -0.0763850969993026 0.00226415270422367 -0.00265264991999702
-0.0871342998618348 -0.00425907420442958 0.0209130730151024 0.00712817438391597
-0.0534043540156998 0.0784081890141558 0.0417517426244554 -0.0122254663444521
0.0311544316024242 0.0873994490172482 0.0292263309275998 -0.0390679377865823
0.0923692675852988 0.0155695802513915 -0.00971262391779261 -0.0491375229143051
0.0789738987047636 -0.0555961683340758 -0.0222780918644815 -0.0291793806200918
0.0670013717882586 -0.0893436718417217 -0.0159554187372083 -0.0213069622998847
0.0655367885671589 -0.0911701703951797 -0.00218511447101856 -0.0198531680273559
0.0729176122503058 -0.0922395432492846 0.000860615164957441 -0.01212766108072
0.0920741550477588 -0.0559545695583066 0.0151391638655139 -0.0194493660411479
0.11270819922 0.0164528233677623 0.031994100472263 -0.0198928130827311
0.049085270698927 0.114593103642937 0.0413577388753839 0.0206999086181352
-0.0599109888780503 0.113594413910351 0.0285494315376126 0.0413146372034765
-0.117330644176971 0.00880099325633616 -0.0213199837250771 0.0524221952465977
-0.101390184087209 -0.0917146051032037 -0.0352609384370312 0.0467048355764337
-0.0722331119859537 -0.0757003138534222 0.0204656548667483 0.0179565391233614
-0.0740666333738295 -0.0251715384003226 0.0245298946153069 0.0262527504660514
-0.0669477759326591 0.0530773298431524 0.0538198560244757 0.0198600928893519
0.000943275791827212 0.0836158883429144 0.0634728039297933 -0.0164463072375496
0.0725852705767674 0.0345272699749214 0.03414218832441 -0.0544779550373633
0.0744544757797804 -0.0353835758863705 0.0122213333554247 -0.0536765600897036
0.0671335307517387 -0.0744703574455883 0.0119283238859263 -0.0539558695591075
0.0647646842329864 -0.0802028934496123 0.0211307566689152 -0.0522349755880478
0.066193780499558 -0.0830317177376996 0.0233738739433436 -0.0413034274242762
0.0795246726213333 -0.0572909059496235 0.0365266570236024 -0.045154039921965
0.103966749884113 0.00184323918051154 0.0573538165437703 -0.0389118778886557
0.054508564124863 0.09547049951163 0.0724766103860747 0.0104126810024641
-0.0440243738306617 0.109918153253812 0.0607474597791476 0.0394363527242196
-0.107196941840707 0.0245793820595683 0.0162174696684445 0.069538723298194
-0.101780537102646 -0.0770616198277995 -0.000462061907158047 0.0944751984408124
-0.0548350243828218 -0.0666178737638917 0.0279569368483981 0.0402042172625015
-0.0548880909253064 -0.0452114904642326 0.0209560218829421 0.0424417355489962
-0.0733059084579696 0.020015485395062 0.0477921119500377 0.048428231752656
-0.029330666393012 0.0646402467043836 0.0765740278120582 0.0151888197050134
0.0377747553996873 0.0462004813180477 0.0675228239382118 -0.0387515378368851
0.0548646907850454 -0.0089618839564681 0.046665763296314 -0.0622763234619435
0.05473821756213 -0.0466889859226676 0.0402906785948866 -0.0752928476157567
0.0540811156925975 -0.0562873650134825 0.042376365843591 -0.0769744811111927
0.0519799820838216 -0.0588603653831982 0.0429519435877761 -0.0660224680156864
0.0574045142877037 -0.0464421790401677 0.0507500677318117 -0.066124072555439
0.078471439992026 -0.00920292507936574 0.073056129768589 -0.0551407628469514
0.0493891061158458 0.0624933182993811 0.0908751681801818 -0.00367473123438376
-0.0206238559960522 0.0866381934356489 0.0801023613935134 0.0284439806180508
-0.0736484534223596 0.034189625868623 0.0481900247423697 0.0727271416649086
-0.0811497816139726 -0.0488285061568805 0.0374376436780017 0.12577395938979
0.060470245314155 -0.00465807013128026 -0.0766290946962001 -0.115067972207387
0.0288013585799794 -0.0378787789017056 -0.0858835004824076 -0.0746691635508068
-0.00765628086016925 -0.041065802772971 -0.0830198615823981 -0.0228669853077004
-0.0311581254931845 -0.0195357112476207 -0.0852753516915204 0.00985041763198802
-0.0361417937662017 0.0113272757316421 -0.0801379897746254 0.048086799574825
-0.025074040639579 0.0261234411736945 -0.0695856470891933 0.0740478934912625
-0.0277772282831717 0.0270494004582198 -0.0632306492579958 0.0901112005948638
-0.0316858359491562 0.0200980547339746 -0.0582110610819834 0.088936336846415
-0.0333347323055916 0.00589418139314143 -0.0590137173186769 0.0730485735718842
-0.0302638999588123 -0.0145794653724676 -0.0671369390913464 0.0536014633507117
-0.0111263637642572 -0.0360702205885144 -0.0839351377133983 0.0165375008453991
0.0369622464686388 -0.037661246048573 -0.0679469832131768 -0.0361772747666316
0.061543826332664 0.000846886136857545 -0.0264197743307337 -0.0485379716868289
0.039354099916073 0.0413948321462213 -0.0147398536936437 -0.0344641486967014
0.0249684072276984 0.059958297400098 -0.0338222816893373 -0.0665195931906342
0.0159959200436571 -0.0350982070555534 -0.0854878556372054 -0.0998634124460904
-0.0201759628282128 -0.0265109998577861 -0.0792626634680101 -0.0550586894017776
-0.0255411692151447 0.00441162317103447 -0.0695214720164486 -0.0239806576463743
-0.00686181911347962 0.0172142372601421 -0.0822758317912843 0.00118975417901863
0.00509344142888937 0.00864053341315884 -0.0885832714820827 0.0435568920640278
0.00376225126685388 -0.00199468711570675 -0.0786187637444282 0.0740463892130716
-0.00500563016577633 -0.0103317664637817 -0.070240894280322 0.0904421948253805
-0.00689751814293997 -0.0175339590507705 -0.0631069240657648 0.0870029214260778
-0.00167136622348207 -0.0275996463908008 -0.0679275332779699 0.071443151344501
0.00752037260050719 -0.0253252618973287 -0.0738214160000834 0.0455180732562055
0.0237188930918092 -0.0181895086560234 -0.0834262689403279 0.00246703108572725
0.0394455806851896 0.00419250879506052 -0.060708486825275 -0.0396380737991021
0.0352105833905122 0.0271268765632366 -0.0228900159625379 -0.047753153058587
0.0123037710013488 0.0351431854881112 -0.0238915467496913 -0.0388973827551367
0.000719763964913604 0.025336745272069 -0.0437290286785864 -0.0784041949584608
-0.0267776723503811 -0.0553590463524747 -0.0733398700842869 -0.0772173992710733
-0.0571654276445504 -0.00918765356364356 -0.0516887594914214 -0.038813949653771
-0.0341060998834521 0.0456594085258121 -0.0452833659081157 -0.0333133325794495
0.0204672800181997 0.0455878295428607 -0.0714706897109083 -0.0165809271844662
0.0440839613314815 0.00088999667680582 -0.0899503003969815 0.0266533926229311
0.0293576912625018 -0.0305759032712233 -0.0781056142382337 0.0624424508698564
0.0171266593824649 -0.0453084442019822 -0.0672331077493985 0.076503636713559
0.0175773184525779 -0.0508057591918564 -0.058100833670524 0.0720723577585159
0.0287105433473213 -0.055469159257711 -0.0635946331544271 0.0609199510691633
0.0432217407313954 -0.0317414543201994 -0.0651189910548634 0.0359853713635572
0.0548336070418878 0.00297761569469512 -0.0683472011201726 -0.00184834630732806
0.0357296269748671 0.0447845994328904 -0.0488495340397468 -0.0257075686883474
0.000978170923316298 0.0490450894312122 -0.0257761285800324 -0.0315060456156865
-0.0195972586490169 0.0187149109743469 -0.0403677511051888 -0.0329060176284041
-0.0255023996652592 -0.016182601484046 -0.0536770838110366 -0.0728502007097915
-0.0611306954338834 -0.06972197971004 -0.0504544982236696 -0.049421409992175
-0.0838644333503981 0.00301352119065906 -0.0223466293970693 -0.024343095519193
-0.0394598251420632 0.0765466484690022 -0.0149730391956343 -0.0383269347918711
0.0401089300701871 0.0688687857860317 -0.0467198377088537 -0.0342767999605654
0.0774998615098763 -0.00252088774624851 -0.0781028172831479 -0.000140843833671849
0.052851300847217 -0.0546606527207027 -0.0701173598026954 0.0381331752200399
0.0376636226867194 -0.0754010629596729 -0.0568926424547064 0.0507302358399217
0.0394335842761659 -0.077853758114041 -0.0445359970780449 0.0470875157992575
0.0535399960014922 -0.0792452351677527 -0.046806178882388 0.0428366902284412
0.0736024469104873 -0.0408931135923675 -0.0423257112051212 0.0234589241200993
0.0852273235980201 0.0183045112112676 -0.0405350337874442 -0.000774982976419127
0.0360299390995088 0.084238989785854 -0.0293058662751415 -0.00275603484322604
-0.0330131145632444 0.0744904485912178 -0.0233184830604934 -0.00362917509942501
-0.0618688154965655 0.00417006735250363 -0.0529388122223226 -0.0113899060286389
-0.0562888457042258 -0.0574693871970147 -0.0624471360055675 -0.0476305894278351
-0.0823120580277532 -0.0739406140012784 -0.0236519887870331 -0.0269380448094261
-0.0930775117470681 0.00819052989380681 0.00205298497848231 -0.00873324861449888
-0.0408999179428181 0.0888289658344517 0.0154576019565436 -0.0331247940457849
0.0478559464359248 0.0810559407888047 -0.0121508684498766 -0.0439189728331505
0.0953566689394292 -0.00231984578403689 -0.0508855055667952 -0.0274111474260324
0.0696989183947168 -0.0664192004054131 -0.0519503929660538 0.00477095893356509
0.054257412459203 -0.0928545804340306 -0.0405167490902412 0.0160514870276972
0.0549581374308658 -0.0940794059436213 -0.0256514326556773 0.0153094116481832
0.0678533375593405 -0.0952215888476138 -0.0249364641914119 0.0185134659823543
0.0909758126629312 -0.0528683288288391 -0.0143814832768194 0.00513958967528753
0.108210886956137 0.0207087570444645 -0.00474067195431083 -0.0072751620876105
0.0433572631569635 0.111425491067088 0.00442926524752129 0.0148072311750036
-0.0563125318537074 0.100891773227985 -0.00215576746483673 0.0257121958538676
-0.0993144371871369 0.00136580995030981 -0.0476269172549941 0.0221796033802097
-0.0861500358295083 -0.0846707095708301 -0.0565486006346405 -0.0038296698482661
-0.0840527529417941 -0.0759537327839293 0.00249390156239242 -0.00254165939020728
-0.0877699326017075 -0.00307408190100629 0.0214277880918428 0.00720257948666489
-0.0527904930703591 0.0799464519289048 0.0419467683079612 -0.0129391972396841
0.0326365444224132 0.0880437385898345 0.029075248559241 -0.0396082556280066
0.0937143301090137 0.0148399531743621 -0.0104794666871526 -0.0495524903125176
0.0789277561009432 -0.0568571105212988 -0.0229941139165974 -0.0289463346175139
0.0660245182861197 -0.0909786660344158 -0.0161971544921709 -0.0212937794208299
0.0649163306867099 -0.0928514865225433 -0.0023961990215101 -0.020160788593075
0.0716453091276685 -0.0938587363904341 0.000959918819372098 -0.0121679442051008
0.0918626537414573 -0.0573000872566296 0.0150641553397444 -0.0198854030057909
0.113823362700077 0.0147472826929751 0.0322742297499343 -0.020221008576807
0.0509919520514648 0.114819479245306 0.0421495359174252 0.0200861667273553
-0.0587130564649501 0.115231967724231 0.0287700960372589 0.0410241090939296
-0.118005912892328 0.0109779972790662 -0.0204051843102408 0.0526183796253188
-0.103955884375094 -0.0905019774024217 -0.0349746154453763 0.0475913636712509
-0.0737117373967555 -0.0753814885586886 0.0206340250973054 0.0175682759108295
-0.075300436640468 -0.0240479845269833 0.0252295665634455 0.0260342298690021
-0.0663456091817063 0.0548479117477591 0.0543769957901527 0.0188988918049646
0.00263902310594321 0.084488347193028 0.063532760370337 -0.017481080035089
0.0735274806589521 0.03372285447706 0.0330987037841473 -0.0549059474421216
0.074123295270061 -0.0364162784316034 0.0120042053881505 -0.0541139196617963
0.0664915132936283 -0.075657995643133 0.0113108850765575 -0.0543671906790589
0.0640405169626806 -0.0821559273570983 0.0206425050348142 -0.0530817824269947
0.0657318977341484 -0.0842464148871369 0.0236806863181296 -0.0420359629932376
0.0794825270269724 -0.058563873503791 0.0360470177494507 -0.0462838506476773
0.104347522214554 0.000307973350684875 0.057844984980444 -0.0401028773728004
0.0561109142784709 0.0959645942674945 0.072981642289049 0.00970080954763765
-0.0429358207803344 0.111472801745346 0.0615102342662246 0.0388469600476696
-0.107714734212427 0.0260795643150209 0.017048616654552 0.069713115099852
-0.103815656944414 -0.0762011337257478 0.000863657270723807 0.094806409170873
-0.0566109461231245 -0.0657867093434799 0.0293344634363438 0.0401614249624439
-0.0559619122496064 -0.0443600399906076 0.0214385309143084 0.0421964581288574
-0.0733834399235327 0.021142513401218 0.048275714790171 0.047749266005852
-0.0285227979866907 0.0659698684919403 0.0764209341698332 0.0140924967463448
0.0387827635650413 0.0459843126711356 0.0674873262386007 -0.0399444512152427
0.0555460170373604 -0.00971132556216854 0.046408832801903 -0.0634071249298216
0.05422197427786 -0.0478404440084351 0.0400174809509083 -0.076508449671618
0.054024292162515 -0.0574863520023201 0.042010280905825 -0.0784351265863378
0.0514673677978428 -0.0601099599934506 0.0426307990124243 -0.0673846106112942
0.0571097387051456 -0.0476029375502318 0.0504517625284556 -0.0671876327771859
0.0781206659034663 -0.0103543734667706 0.0728951350752323 -0.0562043511642305
0.0507896986983552 0.0624705442845894 0.0918281257302904 -0.00470832885872414
-0.0190075134845705 0.0870500514437066 0.0803757050755331 0.0268135745336901
-0.0734455778543729 0.0351937731282256 0.0492854363317167 0.072154113322872
-0.0826012649852923 -0.0482948263059014 0.0399874358669877 0.126119683713099
0.0606910616370004 -0.00591103269534986 -0.0786035502458697 -0.11465599470594
0.0285239978648457 -0.0382099058492516 -0.0876611337124571 -0.0736252551373233
-0.0080424409582979 -0.0412678346400034 -0.0837176253467114 -0.0219806636388849
-0.0310912878498368 -0.0189867206191928 -0.0857207705289741 0.0102748941627269
-0.0358807024324174 0.0117593600889817 -0.0800341612782418 0.0491907689649319
-0.024047647584086 0.0267587575805315 -0.0688827877460435 0.0749331576682706
-0.0278733507151701 0.0273589528583111 -0.062893813893423 0.091829507529677
-0.0314282875608877 0.0203600268780394 -0.0574126573425554 0.0906103679356567
-0.0339493678569729 0.00679172858723095 -0.0581981122910871 0.0746059873381456
-0.0308681994339582 -0.0137231146261261 -0.0671628174113451 0.0547469548110563
-0.0119128258153995 -0.0363419369087111 -0.0843779352924924 0.0176407562516886
0.0366864307843662 -0.038299191473045 -0.0684121517626366 -0.0353359943360485
0.0614044688106942 -0.000326003730542628 -0.0264529906703251 -0.0483938768404197
0.040171153153609 0.0410527575620053 -0.0151226804482141 -0.0340310033295528
0.0260820388710489 0.0599032265118869 -0.035243141389882 -0.0662618094789749
0.0153874943725461 -0.0356894299840186 -0.0873359737908054 -0.0990702159754593
-0.0206608300862288 -0.0265639613565869 -0.080743097201057 -0.0544034183712867
-0.0258418078497912 0.005442130845266 -0.0696287489919965 -0.0232373463975207
-0.00652486646978715 0.0175854026097537 -0.0825312563831697 0.00203646703818338
0.00550027986807514 0.00848270844674352 -0.088542628745064 0.0447332730949474
0.00453835359665748 -0.00205083470320096 -0.0781915532696481 0.0750881846011144
-0.0049857789473495 -0.0102582472762761 -0.068752421077668 0.0919754501927734
-0.00706450697942249 -0.017779412065747 -0.063041031174452 0.0883971687240525
-0.00245996720168751 -0.0277152248207089 -0.0671837474558926 0.0728576405089613
0.00705411595677526 -0.0254958149517252 -0.0737524319312846 0.0468100036554164
0.0238962547046271 -0.0182419531757122 -0.0833118738978338 0.0033974293654867
0.0397547779123738 0.00365601399079462 -0.0611991435278002 -0.0391545413398655
0.0351676174960804 0.0266170718222858 -0.0233523720681081 -0.0475615555717256
0.0123805867052895 0.035030930480258 -0.0244332126034694 -0.0387594213451917
0.000534271675181669 0.0252303686302695 -0.0459458212067602 -0.0786883628557926
-0.0279822872380764 -0.0553859234906226 -0.0750671725115824 -0.0763256564248898
-0.0582483523329261 -0.00784847001033341 -0.0520900241249619 -0.0382242308188296
-0.0338596741270973 0.0464926160366552 -0.0453893609190938 -0.0328890206157488
0.0216958281953339 0.0459319686034622 -0.0718773324377887 -0.0159047348431118
0.0448972550813425 0.000149365483178846 -0.0900039964312118 0.0276174673087331
0.0294437942605927 -0.0313037519632648 -0.077868801634522 0.0636536529321482
0.0165903642178376 -0.0458631121085967 -0.0665439577213683 0.0780046355617871
0.0171409825257193 -0.051330287669072 -0.0577306002790662 0.0730149083986932
0.0281097939757143 -0.0563805700359118 -0.0630887712229901 0.0626656281084677
0.043136290891831 -0.0320757737999647 -0.0649158079016756 0.0368724203978024
0.0551429195365217 0.00264438082857413 -0.0684033000230098 -0.00105309272818121
0.0366854067332544 0.0448818288183806 -0.0490740830148949 -0.0253471083112096
0.00114075300456372 0.0494630111046403 -0.0257056759782673 -0.0316412750351919
-0.0199296629548844 0.0186932117720403 -0.0411591184046836 -0.0325821874873481
-0.0262732340237473 -0.0160441674977696 -0.0549750883612715 -0.0724755460305888
-0.0628561379015672 -0.0692039263152474 -0.0513276509243724 -0.0488293895781093
-0.0845336125303416 0.00403375507551016 -0.0228873135870677 -0.023982955675628
-0.0387592823571049 0.0777934193178388 -0.0148913045636145 -0.0383942732209584
0.0412096026227384 0.0693027440517626 -0.0471993455563878 -0.0340302760063741
0.0781841558664687 -0.00382962408093917 -0.0784029462411793 0.00118176130912927
0.0529277370158906 -0.0561464087385271 -0.0701887474699277 0.0391888613477844
0.0367436920729246 -0.0760041771521386 -0.0563730435116006 0.052046195057851
0.0387550968918211 -0.0788708136983279 -0.04388674403057 0.047802475347888
0.0528332212431928 -0.0802926173407077 -0.0467176891801845 0.0441101109961814
0.0734445294705321 -0.041941640638693 -0.0419916163952777 0.0239645266840221
0.0861491504059747 0.0173896965788689 -0.0403706622219932 -0.000489793739910591
0.0372640151312778 0.0845035555623566 -0.0290843574697697 -0.00165882711093045
-0.0330184123404454 0.0754626884984169 -0.023281366820979 -0.00370107674360187
-0.0622172304031503 0.00516009126059085 -0.053362632728861 -0.0108114924003213
-0.058181827528426 -0.0574049335692331 -0.0637068506221998 -0.0471974170098
-0.0837514132634629 -0.0728255559173011 -0.0241856393329005 -0.0267657500527479
-0.0937181952388968 0.00934864389301916 0.00257778297312423 -0.00905577813645654
-0.0403916932173083 0.0903303386432644 0.0159789949106752 -0.0333077635460443
0.0496097468100405 0.0811475424320216 -0.0126665868317818 -0.0442747534476847
0.0959935721000101 -0.00342978713739896 -0.0515190103950322 -0.0267245460769939
0.0696300311525715 -0.0673011028426914 -0.0521961814285597 0.00514866568108478
0.0533558631012593 -0.0942033958440567 -0.039938773783539 0.0167436752409148
0.0543055926769256 -0.0957065219593337 -0.02585014425823 0.015672008851718
0.0669381213806456 -0.0964697415030514 -0.0244733206436023 0.0189584828831176
0.0906719778802611 -0.054207931786492 -0.0142767329857385 0.00531339521400733
0.109146869255054 0.0195493784118548 -0.00501538987733358 -0.0070118392893744
0.0450081905246022 0.111365402084966 0.00492762567550186 0.014726012513124
-0.0552962262571603 0.102400225784237 -0.0021315200080641 0.0256346121930932
-0.100318467830184 0.00270515133595379 -0.0475481116008395 0.0229953852331014
-0.0883043579611542 -0.083627084299131 -0.0568551271596471 -0.00302655223526386
-0.0859717184255359 -0.0750971383239983 0.00287489399153446 -0.0029280890032385
-0.0886980612498237 -0.00167278630747267 0.0218472565001581 0.00693726631976069
-0.0516065444892239 0.0815025419808962 0.0421711493255068 -0.0137204296347283
0.0339131914664873 0.0885437042241185 0.0287138050111666 -0.040498544677274
0.0944614951790664 0.0135057922167735 -0.0117829853890603 -0.0491583114142016
0.0788525181383846 -0.0581340162918963 -0.0233405926001499 -0.0287335551845594
0.0652092775232764 -0.0917502582680078 -0.0162907653807883 -0.0208268057020131
0.0640762477535035 -0.0943571234971973 -0.00232125346251355 -0.0205213463785821
0.0710846410025181 -0.0952110050487868 0.00094107991997554 -0.0124315215018364
0.0918675290731695 -0.0590947496140687 0.0155277197595189 -0.0200945184590972
0.114553052105654 0.0134630281582305 0.0318548852885354 -0.0207384940176997
0.0529958333702216 0.115225712067609 0.0425992062833367 0.019662827889096
-0.0579918152369036 0.116778541680514 0.029594186492286 0.0406623749296668
-0.119037421255379 0.0125179634262998 -0.020092252493665 0.053042320516259
-0.106015360054654 -0.0897972527067827 -0.0341961885930028 0.0484495015552509
-0.0755829652884848 -0.0741552870900936 0.0215014919430134 0.0175962962329307
-0.0760357812468257 -0.0232054600373179 0.0258548646739622 0.0256954732224505
-0.0660413359131905 0.0562759869596251 0.054944620843854 0.0178924685356038
0.00323088233759817 0.0850134860190246 0.0633458012052128 -0.0181360715374014
0.0744156221011689 0.0330786707682858 0.0323692622083809 -0.0555555906450607
0.0743307690818278 -0.0371749708363911 0.0114175829960586 -0.0544659060294898
0.0654850879135383 -0.0767095344065193 0.0112176600037526 -0.0548201894696016
0.0634863480189062 -0.0832255564736024 0.0203305798075282 -0.0540457566410677
0.0648026048661025 -0.0856145879086904 0.0236091013404467 -0.0424547959120942
0.0789646802825807 -0.0598533334572444 0.0358730533145057 -0.0466908938576797
0.105327194899324 -0.000946844417545488 0.0576158413489636 -0.0405207159660162
0.0577797237323119 0.0958928370718446 0.0737016222359261 0.00891864957378889
-0.0414804892280407 0.112722366935424 0.0614659097168355 0.037990989949258
-0.108166338960774 0.0277326766855548 0.017677592088692 0.0697214909392458
-0.105695204188648 -0.0756282088447801 0.00251982254146286 0.0957218068166678
-0.0579188726394412 -0.0652309529261954 0.0302146915256029 0.0402680107269806
-0.0573101123145661 -0.0440588545777762 0.0226260664135826 0.0422344103801564
-0.0734411924248697 0.0224936628628245 0.0494058850229586 0.046887600160728
-0.0277968240430783 0.0670859160683603 0.0771308787823425 0.0130513382632156
0.0395767889443942 0.0458963206420232 0.0668419698138826 -0.0410399655059986
0.0553942957914428 -0.0103835925671684 0.0457654887156447 -0.0640467546392112
0.0536932967336855 -0.0485206160818762 0.0392975863254655 -0.0773835210715706
0.0530766283277792 -0.0588447426857031 0.0412610014740542 -0.079756399727808
0.0505042239386639 -0.0608324334467337 0.0423724475617336 -0.0681212740784183
0.0567902918333824 -0.0484361662024907 0.0498002961227169 -0.0682623806140499
0.0787528525360537 -0.0113512760105909 0.072718941277668 -0.0571795824119577
0.0520312748535736 0.0623701553158458 0.0920789013488413 -0.00585608885093625
-0.0183848369739347 0.0879449584699318 0.0805330542653549 0.0265009156095266
-0.0735071628412418 0.0365258777620154 0.0506543604250475 0.071965924451101
-0.0840399982143897 -0.0469935995547153 0.0425962306127155 0.126179534554186
0.0606695247836241 -0.00701835801577139 -0.0813745289262901 -0.11424319953834
0.0276111583179165 -0.0384682389865259 -0.0885377761758624 -0.0725176725624252
-0.00882018119916121 -0.0413335952158837 -0.0840487488401608 -0.0211067066769723
-0.0313782625001637 -0.0189662445403136 -0.0857759658338539 0.011019490927771
-0.035946935872061 0.0123847820262226 -0.0798116617948654 0.0502094581995097
-0.0241285365218181 0.0269745931845925 -0.0681272145259396 0.0758828455721984
-0.0270041853928732 0.0279225273476675 -0.0621086215128337 0.0930446070885009
-0.0315031993001363 0.0208654522941727 -0.0566951332271891 0.0917491166700235
-0.0332943138866509 0.0068787103337511 -0.058042375263091 0.0754453176197974
-0.0307901859617548 -0.0132707726154044 -0.0661962313044983 0.0554939413202862
-0.0126627487604513 -0.0358193958875588 -0.0840953362043938 0.0185042839989977
0.0358912294787598 -0.0391621792808925 -0.0688527442155252 -0.0345953178562758
0.0617260272788499 -0.00151650613624323 -0.0270404433411106 -0.0482410800694345
0.0404960444687417 0.0406381559942218 -0.0156585972115386 -0.0344726855469366
0.0266375311430919 0.0597778468648511 -0.0366061432051118 -0.066338959198518
0.0148905339510506 -0.0359045072569729 -0.0895123780750479 -0.0985578022008606
-0.021709324988285 -0.0259926686852139 -0.081354473909667 -0.0531159425249276
-0.0255571218376644 0.00586998574619619 -0.0701560690452064 -0.0228780759183444
-0.00575307262670492 0.0176269711707857 -0.0829559877969756 0.0029679046541485
0.00614505683149218 0.00874433461275492 -0.0886429209366504 0.0460608295164323
0.00434213249961938 -0.00223892782946121 -0.077396918247845 0.0766705698909279
-0.0047108842497039 -0.0101756238020738 -0.0681588167698352 0.0933421162684128
-0.00750759525821851 -0.0177901134800451 -0.0618641419115667 0.0896881787392861
-0.00259151283067484 -0.027548597117028 -0.066949388074449 0.0742663116771488
0.00703443499959743 -0.0254401808561945 -0.0731167836739605 0.0475459111292821
0.0236676940284189 -0.0181808486214152 -0.0836622446661141 0.00480225591148885
0.0391263667879257 0.00312716874173797 -0.0614957888163431 -0.0381363991003372
0.0355116102857232 0.0263113162990123 -0.0237347265702151 -0.0478335639737913
0.0126418692918871 0.0344279710356226 -0.0250975079632328 -0.0383890014169841
0.00106125580547235 0.0250403799273699 -0.0470813179425791 -0.078121920474975
-0.0293833490042418 -0.0552919860694684 -0.0765933643653906 -0.0759778400255909
-0.0589724798066732 -0.00685633990078495 -0.0525221884244211 -0.037592535706878
-0.0332600850442448 0.0476426806050435 -0.0459492387379426 -0.0328171086817751
0.0225132201856206 0.0461538597619181 -0.0720893274335783 -0.0153751448180789
0.0451458825083157 -0.000459844870025334 -0.0900032982191778 0.028775399659731
0.0294891695949077 -0.0317162666398589 -0.0776244553907862 0.0648503485861887
0.0166863090839752 -0.0463309009244057 -0.0660682465206779 0.0789677326298399
0.0163650876150464 -0.0516351653514284 -0.0566345669287359 0.074537907692897
0.0275777998089544 -0.056533141566879 -0.0622596845492793 0.0633703521371106
0.0428560265660537 -0.032834598834314 -0.064725998944621 0.0377529344206644
0.0554636052352306 0.00227270042149429 -0.0685703264689748 -0.000134070865940753
0.0367211848007868 0.0453070654452631 -0.0490119033904105 -0.024405416421028
0.00136172356196654 0.049629301379947 -0.0259211197604232 -0.0316019545976701
-0.020117256522858 0.0192080245246439 -0.041661588833978 -0.0322313728303109
-0.0268873152741778 -0.0157200134756381 -0.0567700735750529 -0.0723697184236795
-0.0646385740689459 -0.0684285077597018 -0.0521996798826679 -0.0485306939775625
-0.0852773377409372 0.00569333230607024 -0.0232184667148953 -0.0236350137831365
-0.0380338964327927 0.0791266155885012 -0.0152396941096534 -0.0384632375978486
0.0429077019515712 0.0696113448188223 -0.0475643358537452 -0.0338158761216481
0.0785534180780901 -0.00472240773425784 -0.0786610831682272 0.0018966363426225
0.0529206157612613 -0.0570766159629527 -0.0696644790835986 0.0400500258291492
0.0363631489897663 -0.0768246601396695 -0.0557505773346306 0.0528952471866465
0.0380853433366558 -0.0797934985653556 -0.0435492506854732 0.048873096339144
0.0524615903717027 -0.0814408249405206 -0.046067323970094 0.0445018005563622
0.0731955893793164 -0.0427944213882876 -0.041621697184872 0.0244676553059306
0.0865639981727891 0.0167708078373201 -0.0403317297652308 0.000281312992334662
0.0383611936813856 0.0848249789072501 -0.0286727099450447 -0.00148812814355179
-0.0318296288942877 0.076685991105423 -0.023353903207407 -0.00359880493313041
-0.063091844516328 0.00579852358548922 -0.053730622734342 -0.0103581689769527
-0.059382042088378 -0.0568374325155478 -0.064613411489087 -0.0469307158513814
-0.0853827262401741 -0.0722650173799472 -0.0244369515948496 -0.0264392862603372
-0.0942777852387722 0.0109848496128702 0.0024351603924558 -0.00883242585487735
-0.0392016288862438 0.0916430893826232 0.0157930116118291 -0.0336938523063915
0.0513170807990551 0.0816359734062043 -0.0129787458877887 -0.0446250056592725
0.0966119601124834 -0.00467772370841115 -0.0523255771527967 -0.0260427910384706
0.0690667824979851 -0.0689199372601163 -0.0521965735375848 0.00648361306311566
0.0522368498907948 -0.0953239517478445 -0.0399001538774897 0.0172342742075166
0.0533374960293 -0.0970365855650412 -0.0252282774021669 0.0159534708140955
0.066138537027488 -0.0982399007339837 -0.0243278462898287 0.019206943555954
0.0907663037200219 -0.0556358542259103 -0.0141752599508944 0.00554289827128202
0.109607230338309 0.018319432209758 -0.00511637777160005 -0.00680386605209789
0.0465897901328653 0.111990929501426 0.00533934312038232 0.0150308245728238
-0.0545013017932116 0.103989109505244 -0.00192192420560446 0.0253026049887237
-0.101117056561025 0.00402811701269944 -0.0473392720778066 0.0232583273678516
-0.0900840523275904 -0.0831345867737788 -0.0570071663715714 -0.00242179646056903
-0.0875268875491635 -0.0745358719920957 0.00267487366952706 -0.00268914634076295
-0.0896481951208123 -0.000398101028909003 0.0222384238159713 0.00697529290452901
-0.05090827189662 0.0831591229726877 0.0423840679236224 -0.0144453959449339
0.0351087833015688 0.0887145565342226 0.0285867235901429 -0.0405501852996056
0.0947495280693892 0.0123654155524387 -0.0125753601065091 -0.0488856681652169
0.0777276607042558 -0.0593071212403406 -0.0237866234159146 -0.0284204874150516
0.0642500339687695 -0.0932000287966844 -0.0161201137636263 -0.0209960625305029
0.0630615525488824 -0.0959074884961824 -0.00252130925715766 -0.0202472758645726
0.0703125825938564 -0.0963778654084541 0.00125876242777148 -0.0123412538716011
0.09168864593778 -0.0604551198360363 0.0151203469679968 -0.0206503194175758
0.115296931044244 0.0121959004342612 0.0318408837583707 -0.0208189295663735
0.0545659552658371 0.115239180878389 0.0434469751128854 0.019418962351499
-0.0565543257959912 0.118343220057535 0.0297979654105158 0.0401508483403101
-0.119451130171113 0.0140353714964346 -0.0195365008399553 0.0534762685503512
-0.108334982564713 -0.0891625937057041 -0.033359043936635 0.0490323768611541
-0.0773943787993203 -0.073596189947926 0.0221592242448615 0.0175501251918993
-0.0765370152189147 -0.0223195988832158 0.026502599281015 0.0255354270714565
-0.0656784967229679 0.057518126721798 0.0554261820050421 0.0175884659356085
0.00486453662415754 0.0857720502209024 0.0631938968433529 -0.0189992803563367
0.0750986848936988 0.0326843016797732 0.0314547830222194 -0.055767727344175
0.0740209862576027 -0.0386163079729793 0.0106600748203714 -0.0546709441468894
0.0648570651073004 -0.0780510579441048 0.0107188373138539 -0.0551948359517767
0.0623806109825702 -0.0848234623765571 0.0197854512325567 -0.0543761108470881
0.0638318914074243 -0.086532400663508 0.0233689044224859 -0.0434423482241184
0.0786580076800617 -0.0612162328810543 0.0356862550804797 -0.047478270933103
0.10545379632828 -0.00236437339286169 0.0572671134117732 -0.0410506515047202
0.0593251091843213 0.0959944747995764 0.0742301831848997 0.0082746415425424
-0.0404458947290651 0.11424109942401 0.0616744259242037 0.0373054628050007
-0.108547710667962 0.0289721863626979 0.018440356879028 0.0697304791350406
-0.10733382390231 -0.0743884991659527 0.00451115104801966 0.096143496760578
-0.0588001886274352 -0.0646009889138204 0.0308965185469023 0.0401071476492112
-0.058000639572731 -0.0432183432354303 0.023239012589788 0.0418614378162906
-0.0731911495739312 0.0236264436907737 0.0498269477163711 0.0463149341230225
-0.0269440856981503 0.0678299952822917 0.0770769731484065 0.0122504122285922
0.0403900750254819 0.0454770599979603 0.0664453712894408 -0.041615961625996
0.055468350492318 -0.0109703891766126 0.0452144112123748 -0.0643519854258264
0.0531494886423852 -0.0493864613410459 0.0387301963531643 -0.0782930144473554
0.0529204557376873 -0.0594823599560948 0.0405990473409384 -0.0808147934813837
0.0503433582400366 -0.0616486443075608 0.0418951870956073 -0.0693232104591441
0.0562493982032424 -0.0492816574507554 0.0495587980372095 -0.0689933965908359
0.0786484671068485 -0.0125490512845501 0.0725575294107454 -0.0581937645526867
0.0528645736807417 0.0619957571471069 0.0925065826747275 -0.00713922025086286
-0.0171951831277716 0.0888703373593447 0.0805808947573969 0.0253004243923887
-0.0733447452060703 0.0374021573227345 0.0514121310679187 0.0715223553900243
-0.0852320281058109 -0.0465214222921071 0.0446538317887104 0.125991726823219
0.0611627637032597 -0.00762863656026976 -0.083172267429825 -0.114130334241748
0.0273165668527286 -0.0388993053222847 -0.0898446158533657 -0.0717885151759156
-0.00902310231942369 -0.0410449883164213 -0.0843230753134163 -0.0204391183025527
-0.0318087130530783 -0.01840773927518 -0.085727381464041 0.0121681472847228
-0.0353375690570685 0.0128026382604689 -0.0794544134833551 0.0507553989562926
-0.0236993929891155 0.0269295967608385 -0.0682012491215981 0.0771231079829039
-0.0267835641471564 0.0286166191233718 -0.0612226684890359 0.0944953886101719
-0.0310997065177911 0.0214565576793925 -0.0560803622559867 0.0929684674251953
-0.0333454315252495 0.00776969313132646 -0.0575264789960734 0.0765113743367422
-0.0314030545483498 -0.0128606708370848 -0.0659372207052657 0.0560276180215184
-0.0131040296647836 -0.0358375769434793 -0.0838457568717574 0.0197569672522422
0.035216499362792 -0.0396954253259368 -0.0694639451892921 -0.033650910483916
0.0614875812515557 -0.00206091415466909 -0.0272477828758376 -0.0479455985976327
0.0410807512963776 0.0400463634562184 -0.0159729637101702 -0.0338323355709453
0.0275186182836113 0.0595094531533111 -0.0384905638049659 -0.0664404343739203
0.0140944938660878 -0.036369170745458 -0.0909492613128109 -0.0980381279934896
-0.0218339812764116 -0.0257824417180022 -0.0819927278412313 -0.0526759784639426
-0.02527262182075 0.00628412615503395 -0.0698897261552574 -0.022015907722398
-0.00563850170159909 0.0183483374705454 -0.0826081084441403 0.00349099918503635
0.00636561182272742 0.00846858069115763 -0.088611227487172 0.0467891337152856
0.0045531893018246 -0.00215476846729877 -0.0771737691812993 0.0779024045019381
-0.00485640221224596 -0.0103512834395725 -0.0682528000615682 0.095106820916169
-0.00751362933831928 -0.0175714093457301 -0.0612419999337339 0.0909227218718946
-0.0027771443717796 -0.0280212373560281 -0.0660575622980746 0.0754213321335529
0.0066423515550396 -0.0252190065625046 -0.0728307450013476 0.0481994792778403
0.0232493945082343 -0.0183142438542441 -0.0835840284344035 0.00549680265068279
0.0395152545449602 0.00280564082847474 -0.0618010300635238 -0.0372849986195183
0.0358301990298916 0.0258934539805893 -0.0239149782252149 -0.0476362272070189
0.0129522162475747 0.0343495204957871 -0.0255833938630725 -0.038390335691656
0.00126260132583359 0.0252598560218571 -0.0488087616929836 -0.0783551892006724
-0.0304849714362348 -0.0554729903236154 -0.077687013764809 -0.075228617065189
-0.0596285956965101 -0.00653543220439598 -0.0531892866752493 -0.036823529651886
-0.0329169093817926 0.0489210030940694 -0.0454452950199386 -0.0323911669716825
0.0234936844171889 0.0465049700363035 -0.0723370079575084 -0.0149338015135923
0.0458319040748879 -0.00105016451380584 -0.0903333009145212 0.0297380117159643
0.0294879642333339 -0.0325641990911425 -0.0775183679290243 0.0659981960781665
0.0161636798274098 -0.0469104848803801 -0.0654855762521088 0.0803737273557046
0.016153295199854 -0.0524029314329327 -0.0561367925556126 0.0759628444539512
0.0272453265301521 -0.0572818003894586 -0.0618540580212323 0.0649636559765367
0.0429528910095144 -0.0332392959744442 -0.0642634052524967 0.0384842415272894
0.0554920591889833 0.00179498511820103 -0.068611225613043 0.000495580586558448
0.0372666350478791 0.0452072697305203 -0.0493981546323649 -0.0240958180390439
0.00154994647092761 0.0500308345405202 -0.0261775339742755 -0.031237715328601
-0.0206507169367478 0.0193497555486197 -0.0420177440073378 -0.0319720867721725
-0.0276403293376177 -0.0156661929285948 -0.0578267483803057 -0.0719312371014104
-0.0658417581540134 -0.0681347125436887 -0.0530617887200684 -0.0480669791729631
-0.086001797515116 0.00697158374455888 -0.0229945282060343 -0.0235951464614879
-0.0369165064082361 0.0803645921917153 -0.015352759774796 -0.0389512566690382
0.0440119604378289 0.0699493630055933 -0.04819419548822 -0.0337772022630559
0.0790913861904495 -0.00565956104367438 -0.079161327370785 0.00302921293066606
0.0521928699431789 -0.0582173713654922 -0.0699759268158946 0.041279001202394
0.0356275273426684 -0.077744742810908 -0.0552304997727536 0.0537967994515811
0.0373377062881842 -0.0809721853808665 -0.0430095029788975 0.0498388765956376
0.0514492637814573 -0.082631247098881 -0.0458908475550132 0.0457317252731634
0.0731306184295027 -0.0436499131809661 -0.0413259511350135 0.0251661243182071
0.087365167482606 0.0161477881378955 -0.0404367242180086 0.000664537619025455
0.0396993843154312 0.0855493342335386 -0.0284896038534229 -0.00117384560497208
-0.0318725162352606 0.0775998023167979 -0.0236190557921288 -0.00352033943294246
-0.063502170968199 0.00646481371654376 -0.0538897134551459 -0.00983150017743924
-0.060961347078323 -0.056811004034931 -0.065817601124392 -0.0460665420883494
-0.0871302674203868 -0.0718366933338653 -0.0248890176428228 -0.0259952224134855
-0.0950644055806588 0.0122626034123843 0.00285056414371016 -0.00908022432167341
-0.0384959549085563 0.0931054483875309 0.015473180481611 -0.0343361926447671
0.0522097586733311 0.0820098466107586 -0.0134425506814057 -0.0448159342278758
0.0971923195522953 -0.00570923865459219 -0.0531300387844525 -0.0257072267688351
0.0686527046952626 -0.0699597502073212 -0.0523728801476487 0.00693534753634032
0.0516570285714314 -0.0959107328068783 -0.0395793765257844 0.0179593176658513
0.0524677306937789 -0.0984624987706199 -0.0254056560130906 0.0169065090774566
0.0651329522273577 -0.0992891722828279 -0.0238665866093958 0.0198218443973696
0.0904434368514528 -0.0566543319470389 -0.0138142817081265 0.00575014238832859
0.110773618594282 0.0174725151008111 -0.00500443160589786 -0.00688085227112113
0.0482578672233678 0.11263418585717 0.00609040721205026 0.0153436918939995
-0.0534410613877786 0.105527777008369 -0.0019129317300296 0.0254182611146691
-0.101745694656656 0.00511564964173726 -0.0474400539933045 0.0237619244925684
-0.0919656061048753 -0.082261894786807 -0.0571640089150752 -0.00182440781110977
-0.089460084333922 -0.0733351523321907 0.00291966715367673 -0.0028090564772876
-0.0901972236066696 0.000418976514832261 0.0226302219889238 0.00664445862840395
-0.0505577117373065 0.0845411167170274 0.0428123746974989 -0.0148900413880432
0.0362331832135393 0.0895270376676016 0.0282516640876933 -0.0409665302961344
0.0956451397227661 0.011400444358866 -0.0133156841007853 -0.0491317943641688
0.0777995823300163 -0.0607423160972706 -0.0241335633253918 -0.0282137479819223
0.063249495756743 -0.0941412987747266 -0.0163503428190666 -0.020860765088255
0.062260280162763 -0.09708740584895 -0.0026764513154915 -0.0203974328148308
0.0696315608068618 -0.0980023613221721 0.00149659461990389 -0.0124197985798963
0.0911166377710068 -0.0610702609618665 0.0152278678826693 -0.0208615574626435
0.116251154193516 0.011247952887985 0.0320295645231186 -0.0214402832719044
0.0560806314478002 0.115367120251757 0.0440307007899613 0.0190247316794409
-0.0560773837222697 0.11986977285131 0.0300597351206484 0.0398857040029766
-0.120044526775814 0.0151222170232389 -0.0192990109965021 0.0538331284944744
-0.110197646681772 -0.0881284193953329 -0.0324774699093118 0.0496590066431759
-0.0791734172301739 -0.07265312717538 0.0225066000638791 0.0177178771287537
-0.0771596511775721 -0.0217577777388206 0.0271248426367934 0.0250854165389192
-0.0653999467151565 0.0588048350958918 0.0557012946176124 0.016722792240391
0.00553715445954183 0.0864741051337257 0.063329218752983 -0.019754161276616
0.0761042050054923 0.0316179809587088 0.0308133670872433 -0.0559255828839667
0.0736230182706288 -0.0393362411080423 0.0105087059577073 -0.0545819002412897
0.0640526267820049 -0.0790274664643553 0.0105293334194357 -0.0553961008863109
0.0617095845473622 -0.0861333485533576 0.0190417715905914 -0.0549397480397591
0.0634638673928829 -0.0875174958901514 0.0232098756860882 -0.0436529816866202
0.078082447297101 -0.0619425488765023 0.0357147812664434 -0.0481003447412084
0.106229164968704 -0.00358594432854148 0.0571849716161377 -0.0417051256776539
0.0608318933351098 0.0958957898790923 0.0747012648116467 0.00773480363984428
-0.0394674351444102 0.11478910677218 0.0620528678800524 0.036654004329548
-0.10854537210586 0.0303808891909341 0.0192176104822477 0.0696396592200285
-0.109027286589425 -0.0737568875695637 0.00598634133941057 0.0962916450294297
-0.0602655033250126 -0.0638206006216983 0.0321427923134323 0.0402579977581628
-0.0587085545447881 -0.0430275628908258 0.0237594026034922 0.0416681574338754
-0.0734696739941039 0.0248708924509357 0.0501921927266306 0.0457929283713329
-0.0263625791344321 0.0685680344031435 0.077270983807114 0.0116764966283275
0.0410753653964222 0.0451743333011429 0.0655496802950288 -0.0420878976677251
0.0555208346656332 -0.0119505129852102 0.0447725676635169 -0.0648232680295788
0.0525075600518203 -0.0503149804773605 0.0382339456698301 -0.0789341294399056
0.0521892053978483 -0.0607974486001606 0.0400672708063009 -0.0819395902195637
0.0497365631923461 -0.0625858324141843 0.0417145040468375 -0.070132928812098
0.0555853798017963 -0.0502361334677517 0.0491144834478264 -0.0698485839525861
0.078962228437218 -0.0130363121061338 0.0719971465158824 -0.0586570991863167
0.0535568966899719 0.0623251299553878 0.0925611337764899 -0.00783063644972899
-0.0164783439325873 0.0895942736541639 0.0809693831297084 0.0246902933498253
-0.0732806333016204 0.0379212963414437 0.0522652276410503 0.0714394579446544
-0.086526603988202 -0.0458056474575673 0.0470287283832133 0.126327093102477
0.055386257850208 -0.0274519563808231 -0.116855854140404 -0.081056820065448
0.0117880204615249 -0.0457843424305764 -0.107027359476346 -0.0384272908378869
-0.0227395630080534 -0.0354833421838692 -0.0838288941858649 0.00692629042055453
-0.0365511753877065 -0.00629603377367087 -0.0768579735651908 0.0360745705087615
-0.0301629105386065 0.023801717755978 -0.0607459904604498 0.0717300071843437
-0.01421421919826 0.0339706093550525 -0.0410406433902488 0.0938979715457326
-0.0171449523514504 0.0368278688455227 -0.0268336978352439 0.109296230981685
-0.0227641061945609 0.0307476347668478 -0.0230992650068843 0.105927387703156
-0.0295263355679682 0.017640872466747 -0.030605995820735 0.0900774633205282
-0.0334025175389767 -0.00239450493665575 -0.0451184332617474 0.0735537345230668
-0.0237467174151988 -0.0301359584868496 -0.0716289565060018 0.0449920813391166
0.0213421122056395 -0.0488376212616454 -0.0760726902223246 -0.0104653061145042
0.0569470962902543 -0.0209106765720297 -0.0414463086802958 -0.0375849781036969
0.0519638751689834 0.0255877170503421 -0.0253068658784757 -0.0285990888140858
0.0450672108263032 0.0489499481387844 -0.0548445329387868 -0.0532869528924548
-0.000509281435181193 -0.0398011162969274 -0.117648773350579 -0.0636218071512311
-0.0308012767167275 -0.0167434827821712 -0.0929112444418536 -0.024859566887283
-0.0224925374599538 0.0152057018981153 -0.0735335156622459 -0.00161857638874289
0.000512102043464934 0.0191379561626114 -0.0796889727583455 0.0285005258190954
0.00804079565244935 0.0067440875024869 -0.0709252919050812 0.0718532145419464
0.00287620046342194 -0.00286204918075622 -0.0486788674119393 0.0993688053026352
-0.00852808489181271 -0.00737379751610461 -0.0331511960735253 0.113186486850351
-0.0123353668236522 -0.0135429921474471 -0.028109914982255 0.106098513187951
-0.0114497822243227 -0.0252029262506092 -0.0391503120173804 0.0919225481149971
-0.00152611920331617 -0.0257908755945033 -0.0542234138746713 0.0688479980512937
0.016376956014603 -0.0248420799794092 -0.0770105349372552 0.031914122492599
0.0380783446512126 -0.00921656321574956 -0.0703752035411693 -0.0167019413923728
0.0413144395697332 0.0140787285621904 -0.0377298577557841 -0.0388471734935756
0.0232053727602334 0.0290701160125391 -0.0354840597462247 -0.029307313681405
0.00893152360811766 0.0242451409260339 -0.0687279603919339 -0.0597779603719618
-0.0497549374196228 -0.0437646592184748 -0.0956891921780264 -0.0472869108601607
-0.0602168324853294 0.0150057999348782 -0.0601106102226637 -0.0212764814445286
-0.0153456404014613 0.0585026576673319 -0.0555057517125711 -0.0199414968247
0.0382789336084374 0.0362217826955329 -0.0773005504955241 0.0082552863699716
0.0426278237330654 -0.0153522099593255 -0.0779482676424328 0.058393826714019
0.0163882121097884 -0.0395326460395898 -0.0517241548159801 0.0897607925772386
0.000105945955436801 -0.050110453688326 -0.0358981928144796 0.100223106239572
-0.000945219476351568 -0.0539082197288028 -0.0277587059449882 0.091253503071412
0.00782780423180035 -0.0626754622543018 -0.0381355521510808 0.0814959903875145
0.0307288665197574 -0.0445408254769195 -0.0495178629402279 0.0573310665054658
0.053293630189937 -0.0154701724275386 -0.0654672887161419 0.0227729605889276
0.0496441358298388 0.0316992994476889 -0.0546814231079992 -0.00826768847091206
0.0168434106276215 0.0473222152783742 -0.0341256978681692 -0.023059414418677
-0.0135460267471416 0.0252935203013971 -0.0492529794878329 -0.0175995382039422
-0.0313384156037566 -0.00663045056690273 -0.0758015745042938 -0.0497803792846574
-0.0886049938884762 -0.0439794991513548 -0.0623899414867929 -0.0299564780904601
-0.0811048070979302 0.0363670196950384 -0.0268833044940392 -0.0191414421374305
-0.0083420915380247 0.089790993515426 -0.0306293055727679 -0.0363713285281504
0.0657822715471886 0.0505042194953616 -0.0617456896878966 -0.0164603538659664
0.0726381305674778 -0.0307896277792187 -0.0763863047745307 0.0309920756647099
0.0304634728133678 -0.0710435860011835 -0.0518579706716969 0.0645008926204531
0.00956122925321917 -0.0860117652774225 -0.0354566089334461 0.0720975325685847
0.0104325525904767 -0.0875513212257577 -0.0230189645861022 0.0629113289379206
0.0231162524970025 -0.094266740342524 -0.02811410870587 0.058467999143427
0.0564130218915554 -0.064056371595383 -0.0322608912345776 0.0381818750715831
0.0879222176526153 -0.0120269992016217 -0.0395234483333969 0.0146079847103665
0.0642532000569429 0.0693555457828942 -0.0282306007652192 0.00595905055482038
-0.00659638565610104 0.0837912707001293 -0.0217719712330163 0.0022802610370731
-0.0585897991399479 0.0265933318959987 -0.0536183304442927 0.00797954227633387
-0.07592479130252 -0.035697979729577 -0.0756397876925739 -0.0218357648084961
-0.109632196636256 -0.0398878638381438 -0.0271283202823997 -0.0186481356263288
-0.0875350746581919 0.0444324122599422 0.00254677754181841 -0.0142341238300011
-0.00531263666591492 0.101755844320113 -0.00020286509128523 -0.0420371155258885
0.0782929095962681 0.0595700547579313 -0.0326250591187601 -0.0375477872261613
0.0897213427687506 -0.0367323765006936 -0.0599574234266137 -0.00387689076336632
0.0422951540710292 -0.087442762105822 -0.0460575434862064 0.0267405796099281
0.0190127302931555 -0.109268661369745 -0.0325181682335013 0.0337377844921402
0.0192210414766762 -0.108858779557388 -0.016996884018379 0.0259940903621378
0.0306669880630143 -0.114293782063502 -0.0154502761656125 0.0277496259246756
0.0688107018691378 -0.0820474722876514 -0.012635388829086 0.0116481423138678
0.110478858076489 -0.0180928624815103 -0.00922348484057006 -0.00322846480616049
0.0808729909865525 0.0925858333783282 0.00891612542193945 0.0109763534412777
-0.0184834965400965 0.116797414851237 0.00783681406901469 0.0228903102516129
-0.0953954635078858 0.0372457621767664 -0.037041737100248 0.0384264658424847
-0.113855966130969 -0.0518067932602845 -0.05461569267962 0.0189114826049717
-0.112200554625124 -0.0411730250590256 0.00670643128776314 -0.00448210056837421
-0.0869781866705863 0.0314125940474458 0.0264869456726019 -0.00468836119087994
-0.0198976328405478 0.09751839144333 0.0323318719215096 -0.0323431283996143
0.0652348426679767 0.072204340421103 0.00841327651294149 -0.0478269388383375
0.0942184832973509 -0.0199509504705028 -0.0301039603361278 -0.0387329359908404
0.0537017379594425 -0.0819590939696166 -0.030848577965561 -0.0152372861841417
0.0308957284850582 -0.111676633623849 -0.0231587987929599 -0.0107633707944662
0.0287394366164531 -0.110837766222952 -0.00751278305605357 -0.0161406601958628
0.0353430890382993 -0.114083785561487 -0.00142778658336134 -0.0111014949061884
0.0674579029182547 -0.0865876180007487 0.00765291281410062 -0.0220368225787891
0.113757032391853 -0.0258525740475914 0.0211778068135293 -0.0278737954185976
0.0898664317016281 0.0934278886771338 0.0463466643774909 0.00296023108404983
-0.0159699147365895 0.130812392714726 0.0427385310531402 0.0266277350278901
-0.109971298446429 0.0523149337475998 -0.000922312874318681 0.0588906202537895
-0.133271005717557 -0.0519929209096179 -0.0162860710605951 0.0607146353209976
-0.101386276118716 -0.0444445945032923 0.031473086883424 0.00882052376224662
-0.0816691261297536 0.00563669805374671 0.0371644334734837 0.0127085390952353
-0.042245453616518 0.0779140209570425 0.0561520953932364 -0.00669916510189076
0.0358291546288745 0.0800389186475521 0.0493091074224324 -0.0401745561513055
0.0823188995314701 0.00539570871694084 0.00934908176426268 -0.0599088213112086
0.0571720931189783 -0.0609859095403764 -0.00709325681575913 -0.0518448472577003
0.0364413913590321 -0.0976449180173858 -0.00949543444147835 -0.0532432608304008
0.0318770234761254 -0.100615920934355 0.00196435601200265 -0.0566380085453745
0.0322274031064952 -0.102861666247668 0.00977386777898598 -0.0474830759420627
0.0546997486532969 -0.0833349848872359 0.0186708346497728 -0.0545077664933776
0.0994515775479566 -0.0362772451293152 0.0389550927176589 -0.0550003375731756
0.0876720638565744 0.0730589009048638 0.07170914047127 -0.0168714785906636
-0.00182548295899384 0.121327126001677 0.0716563513669793 0.0140517000646217
-0.0938844387405029 0.0630050247025554 0.0408391382488302 0.0618440400346062
-0.127867946998433 -0.0386117187727433 0.034281686664278 0.0933370595754829
-0.0795552228774745 -0.0416949730193631 0.0472366742238183 0.0279785600419687
-0.0709413795768937 -0.0209339713663959 0.0397399273144756 0.0310734186683634
-0.061233381432985 0.0481612339616492 0.0621800871671123 0.0229982504980068
-0.000466763188331892 0.0743044781294971 0.0742498799191503 -0.0159176720918915
0.0540081310513631 0.0292139504978981 0.0469386227542452 -0.0592319423680568
0.0491341122848241 -0.0292877921406996 0.0217698384446467 -0.0737024857653696
0.0348017766426098 -0.0658859709936059 0.00932758436048983 -0.085983434961437
0.0306412277147568 -0.0738867692602037 0.0121158706710183 -0.0891880076182602
0.0273400735924357 -0.0751116020064682 0.0184544746030871 -0.0788439201563906
0.0370582698824996 -0.0649030323154495 0.025248843114046 -0.0799936883008402
0.0705779577184433 -0.0373226548978191 0.0480968057510646 -0.0761100082668208
0.0701738110006651 0.042473690826714 0.0840450229797521 -0.0363520605464822
0.0121349862811182 0.0895496138253409 0.0851651813500932 -0.00246466249892836
-0.0581583143271536 0.0588696312639016 0.0724409182970167 0.053070259067051
-0.0980249835656937 -0.018673995499992 0.0816188206799564 0.108346536699974
0.0549708752676603 -0.0282862256574968 -0.118570658532379 -0.0801815359512126
0.0115480855058712 -0.0461599423456123 -0.107709493212683 -0.0372966943989912
-0.0233049176208966 -0.0351816274618102 -0.0835572260984634 0.00702662638377569
-0.037131857437593 -0.00589189468851002 -0.0765513263046692 0.036985153898799
-0.0296524516036759 0.0244148570710952 -0.0599454018391281 0.0722235145722222
-0.0143573199127763 0.0339680436194679 -0.0404543097833995 0.0951035252213048
-0.016806177852634 0.037192630776242 -0.0259079263501348 0.110528072261059
-0.0224257434742382 0.0311412479526988 -0.0220998118378834 0.106718307681709
-0.0290937419984632 0.0182426571389899 -0.0300536090526121 0.0908931987598225
-0.0335521796438918 -0.00225217284261561 -0.0444728382070722 0.0736719685648991
-0.0241678967876043 -0.029683281011033 -0.0714751348200628 0.0454412331928179
0.0204422578029803 -0.0496175579008938 -0.0760484873172452 -0.00979964398702099
0.0568257075585745 -0.0215783718240318 -0.0414242805276432 -0.0374879925895371
0.0522629892074149 0.0252861695665245 -0.025657329166549 -0.0281966882648029
0.0455426769055255 0.0488141921443785 -0.0561944892967713 -0.0529082831594255
-0.00071301938731381 -0.0402000126454879 -0.118886956303727 -0.0625983728768165
-0.0315051534324193 -0.0160277227135905 -0.0934863988825834 -0.0240600753439365
-0.0221758239722972 0.0158326196938245 -0.0732613034169186 -0.00118344746311493
0.000978532438020771 0.0193328477126132 -0.0794629836519511 0.0288866661664162
0.00907136009036002 0.00624664820754464 -0.0704407101326405 0.073153083228594
0.00259371455350268 -0.00340368105033283 -0.0483630148434766 0.100452430890805
-0.00814427884239169 -0.007502350858178 -0.0324951971877437 0.114258052932466
-0.01232300954329 -0.0137864927656834 -0.0269684689581415 0.107152302217252
-0.0118055260557794 -0.0252697924532565 -0.0382819181478313 0.0935515391651494
-0.0013710530699792 -0.0258661208226353 -0.0539200565699293 0.0693080891445365
0.0160331061281197 -0.0249883493485089 -0.0769022791009691 0.0324949820880973
0.0381564337419871 -0.00971070438655036 -0.0704130497624981 -0.0163106723352364
0.0411210586929979 0.0137055425011442 -0.0376805465035023 -0.0387983765549809
0.0233265770442868 0.0289233686629685 -0.0356436729349519 -0.0289940888682692
0.00895355523147799 0.023938171948432 -0.0697771944135799 -0.0597176077612922
-0.0507425012289501 -0.0430389768083709 -0.0964713166037357 -0.046489398346848
-0.060567244849865 0.0160427128334087 -0.0603325032465624 -0.0209310197872859
-0.0145509627780858 0.059233468101891 -0.0556814112564403 -0.019933175240012
0.0387724290010918 0.036209365553294 -0.07755862397208 0.00864345769959919
0.0428365456568899 -0.0158326606228773 -0.0776886888638808 0.0593314404169202
0.0163788166985632 -0.0402008941969856 -0.0512963989329316 0.0904851672821533
-0.000319402940535648 -0.0505092827419958 -0.0349067069730079 0.100921354057686
-0.00154083884880202 -0.0544002574962755 -0.0265265066790329 0.0918089254413388
0.00712523238532067 -0.0630589134187813 -0.0374815031871347 0.0820843600415114
0.0306064090450576 -0.0448506661941858 -0.0490613726259254 0.0581225440842262
0.0533546493997522 -0.0159434577399329 -0.0653397022555032 0.0232823088733851
0.0499393477891909 0.0317581052044716 -0.0546413543777021 -0.00818211390677091
0.0168662663554182 0.047790553642238 -0.0341297782965614 -0.0230970317066774
-0.0136780596406966 0.0253498173882761 -0.0494363468777772 -0.0171141417951237
-0.0317969792117219 -0.0062675162699361 -0.0768875985242911 -0.0494329415538528
-0.089558731256368 -0.0429591288462383 -0.0626587719702904 -0.0297031400749937
-0.0811181073199653 0.037776086039071 -0.0267377388559003 -0.0192231947587787
-0.00775217025017855 0.0907502555151821 -0.0304759853737892 -0.0363640811821397
0.0667252968188453 0.0502198039805868 -0.0618292066019263 -0.0160975240774276
0.0729303038945632 -0.0317500528788655 -0.0764483528150457 0.0313399197863909
0.0301158211770437 -0.0716418955717268 -0.0515523134525498 0.0655862752313968
0.0085610134164243 -0.086860435409628 -0.0346751522093062 0.0730739951210024
0.00965790387551087 -0.0882208396003381 -0.0221866262161008 0.0632431204788942
0.0223675949665283 -0.0948701825549835 -0.0277296038101271 0.0590062404598029
0.0560594050140053 -0.0646600075150073 -0.0318804505892354 0.0384978881085989
0.0880169796767027 -0.0128694325821242 -0.0396453988156163 0.0148440971690842
0.0652058615048066 0.0693621744962108 -0.0281552320580347 0.00640227284757471
-0.00576334783078255 0.0846627958719146 -0.0219707918159671 0.00219572297031455
-0.0587663974554417 0.0269686341965374 -0.0540533394798575 0.00826352327025604
-0.0769972778894594 -0.0349141553717031 -0.0764193463080762 -0.0211299313214317
-0.110934934776273 -0.0390901578313637 -0.0274801927540875 -0.0181333315097011
-0.0877942051576332 0.0456098694267486 0.00265456845911096 -0.0138590322978853
-0.00460011743614628 0.102578605315154 -0.000175255013990357 -0.0423512376601038
0.0794263201456192 0.0593398627513475 -0.0327296930289941 -0.0374986334479727
0.0904398438903836 -0.0376286996176845 -0.060384516557404 -0.00309465290647283
0.0418447341843645 -0.0885955547033461 -0.0463251334708543 0.0274695279351501
0.0179020693388982 -0.110096183853909 -0.0321515306507041 0.0342976902680958
0.0177579157182121 -0.109712044104118 -0.0166106174421496 0.0261591949773482
0.0299343555411826 -0.114929743510612 -0.0150170378739703 0.0276193254644169
0.0681512890412265 -0.0825934839438696 -0.0119142788994008 0.0116255017306819
0.111097549643879 -0.0189495051970709 -0.0086399618093695 -0.0026953203676802
0.0825793714417916 0.0925976324745174 0.00900475384033157 0.0108403027040899
-0.0175786627076831 0.117568073199182 0.00793117773925144 0.0226373910546218
-0.0957073404477257 0.0385255026199477 -0.0371099119727823 0.0386555709873047
-0.115265984272624 -0.0508518390311691 -0.0544049523852725 0.0192875726205339
-0.113466528339262 -0.0402880660310963 0.00694868557152706 -0.00447042638460842
-0.0871676850658791 0.032570417563107 0.0267816544296196 -0.00510305178578818
-0.0187158372260168 0.098297096178101 0.032372034678087 -0.0332091247375266
0.0666318580352453 0.0718280719246325 0.00789806544303778 -0.0485535040605084
0.0941159110275721 -0.0208201863304371 -0.0304503075026506 -0.0386298901326665
0.0534965394770826 -0.0827228355201289 -0.0311124424999363 -0.0148172628544389
0.0300869676411793 -0.112348497537311 -0.0235810722314795 -0.010739302995608
0.0277306397001864 -0.112076338579563 -0.00777635119295796 -0.0163380871067391
0.0340616541854603 -0.115470509903937 -0.00133803115441279 -0.0109608877385044
0.0668570643375546 -0.0872685844728344 0.00751778602026276 -0.0221039742171779
0.113864019245783 -0.0270979243105843 0.0211967431428995 -0.028264157351258
0.0909963796165308 0.0929956522500815 0.0464378469024272 0.00260163445495896
-0.0149467004523227 0.132196788619907 0.0429655921816719 0.0260710842774633
-0.109857753723546 0.0537206861739463 -0.00043680103900634 0.0588718778527545
-0.134312392026797 -0.0509130313303348 -0.0154007063005272 0.060997126022466
-0.102558731442719 -0.0433739853579359 0.0319988962309259 0.0086181640162193
-0.0824292228145568 0.00677951298625438 0.0377125340509344 0.0124900135689626
-0.0416967959524496 0.0788823215626175 0.0563837746134299 -0.0071284739716126
0.0371529004151632 0.0801800174939931 0.0493104104791199 -0.0409453845773495
0.0829263069859568 0.00417313785516924 0.00855330272595464 -0.0599226067830557
0.0568551076605423 -0.0619980116713725 -0.00761692799292369 -0.0518193052200146
0.0358373557006405 -0.0980949595028542 -0.00969540505397028 -0.0537603299527312
0.0307256793669043 -0.101426800882913 0.00136249459696847 -0.0568808101501493
0.0316994778153694 -0.10352679886492 0.00962350612558349 -0.0479286730473649
0.0540886584473756 -0.0841492158109146 0.0184087254602619 -0.0548746265026996
0.099162446192579 -0.0375208746517531 0.0383749238363074 -0.0553420870169194
0.0891995078575086 0.0729982416161581 0.0721260260054667 -0.0173219999937232
-0.000971729662667932 0.121914675304306 0.0716924605074878 0.0136835742021651
-0.0940280451624871 0.0639189660005919 0.0412047870449098 0.0614869997807633
-0.129134276966959 -0.0377275076440894 0.0353713264295826 0.093290813313814
-0.0805341778126486 -0.0409483308881143 0.0477386670392339 0.027684496846007
-0.0713874855956968 -0.0205844161625804 0.0400617758729548 0.0309143954603537
-0.0607005950102292 0.0493409764510442 0.0623087984212015 0.022538562881055
0.000657112923766328 0.074951273101372 0.0737182309912483 -0.016874331087789
0.0545626736937532 0.029011339998312 0.0464299944542456 -0.0594485386936157
0.0489735263396238 -0.0296037005755102 0.0213557092668127 -0.0739089049461418
0.0342962103263294 -0.0664145475114473 0.00874075244539787 -0.0865954414632848
0.0294923240045682 -0.0743609979188639 0.0113197670714179 -0.0902679479080575
0.026896428925518 -0.075340159321787 0.0179659456047935 -0.0792940367915033
0.0367019998532226 -0.0654925867679026 0.0245760641024595 -0.0800391130256562
0.0704925696714827 -0.0377450846162372 0.0474366279136253 -0.0763071801591847
0.0711011336601553 0.0422970611014516 0.0841137014819435 -0.0371722848364579
0.0133201885345613 0.0898223757021044 0.0849751661395083 -0.0030236800711144
-0.0580017286571047 0.059434935892847 0.073073145602237 0.0527511013352843
-0.0987265971070756 -0.0179689590875218 0.0838599231214911 0.10788761943182
0.0546595225823576 -0.0290929043027169 -0.119804748628102 -0.0787538140349414
0.0110663593605363 -0.0463254401818294 -0.10878589197219 -0.0364711382856815
-0.0233207149101556 -0.0352498053584639 -0.0837869953514148 0.00792394147862568
-0.0366775243821078 -0.00615964122496591 -0.0770788389400209 0.0376261734349541
-0.0293941468399783 0.0244259669864366 -0.059973393020915 0.0724316700091166
-0.0138102487381567 0.0341255938749737 -0.0400495939878053 0.0955626203464565
-0.0161146256519074 0.037471750780642 -0.02518391880205 0.111722441905778
-0.0219787775880871 0.0314183952582136 -0.0213922851276681 0.107455454007188
-0.02919210010833 0.0183940611448582 -0.0293969607322393 0.0916326909742078
-0.0337803212467909 -0.00162281208610594 -0.0441446545308158 0.0743507900461337
-0.024370746298074 -0.0293509050237467 -0.0711178890782932 0.0456934995185342
0.0200113942175754 -0.0496967509311164 -0.0760517503516615 -0.00930543038791027
0.0563895127141699 -0.0222998604717574 -0.0417497854412601 -0.0372153350537372
0.052473886616852 0.0244669327456932 -0.0259873478139941 -0.0283425318477698
0.0461792422637643 0.0484779284981527 -0.0568944635309813 -0.0527488821719892
-0.00142219182151306 -0.0402224507138655 -0.12003743451197 -0.0616213861734618
-0.0316750635164198 -0.0153304104430188 -0.0937535135165375 -0.0231887695259724
-0.0219104084589392 0.016050016813172 -0.0735144067925007 -0.000682135358391728
0.00124511695412325 0.0196527645877298 -0.079277096215077 0.0292978749956677
0.00912513065015763 0.00609516003602052 -0.0703533742861319 0.0739028874640511
0.00298873659999056 -0.00361624482712436 -0.0475411334512825 0.101736731985091
-0.00852206414748449 -0.00747812483596044 -0.0314875163311557 0.115547447367344
-0.012840320113481 -0.0136781881302989 -0.0259175351496622 0.108625208495298
-0.0116394562626072 -0.0255692377714325 -0.0378867726194242 0.0939540918624941
-0.0014760734442832 -0.0258021355401836 -0.0535084624077572 0.0700023682233164
0.0156085661727417 -0.0249268451413442 -0.0766157908656279 0.0330796330508334
0.037696468563242 -0.00973227524533078 -0.0703007145975023 -0.0158655272834215
0.0413550573222164 0.0134511339122923 -0.0375792307373385 -0.0384912845113244
0.0232853651284603 0.028974994622345 -0.0359229415613558 -0.0288401507392106
0.00935961955596434 0.0241512649694706 -0.0706921601276736 -0.0590555328372781
-0.051765301374542 -0.042818850499627 -0.0976320617013945 -0.0454744566931704
-0.0610487721217713 0.016979890053893 -0.0604603309619693 -0.0201311776708857
-0.0135399927075285 0.0596181425526718 -0.0557482829099751 -0.0199336624529844
0.0398586641448627 0.0358347553589191 -0.0775338139078437 0.00926256839224544
0.0431802199245489 -0.0164490724216078 -0.0777712391196675 0.0602157134324616
0.0163325952446105 -0.0404805899642342 -0.0507502287740521 0.0912324696119421
-0.000432912658400588 -0.0508171606226406 -0.0341848813088491 0.101803083055221
-0.00208791695184051 -0.0546022397688872 -0.0258878720798551 0.0925791108291437
0.00670747916618628 -0.0634226545233212 -0.0364274341815186 0.0830952386215459
0.030352496979683 -0.0450022939483455 -0.0485195735210735 0.0585461792710962
0.0535432849436213 -0.0160861824993618 -0.0648599507900539 0.0238736043244583
0.0504526636442857 0.0313439040564796 -0.0546471280812229 -0.00739560725869168
0.017014193315233 0.0481476049357386 -0.0343039125013415 -0.0231436811775325
-0.0139524638441376 0.0256701004762922 -0.0496800658118052 -0.0168762788526338
-0.0323665926893127 -0.00576690836943913 -0.0776694679793944 -0.0489308773616915
-0.0904934672857951 -0.0422293306365038 -0.0630661041086779 -0.0289865007670064
-0.081414268271638 0.0389257895438884 -0.0269956724188644 -0.0191456784309541
-0.00597206872184764 0.0916131371753011 -0.0308349224087558 -0.0368187018891673
0.0681550565270933 0.0502973903461403 -0.062466996998653 -0.0156396689868515
0.0729637107328187 -0.0324426510656301 -0.0761376872147794 0.032461454088261
0.0296138288655809 -0.0723084653214854 -0.0512760089709745 0.0659831982513352
0.00797796059116739 -0.087352893262705 -0.0339417119862591 0.0738949781001157
0.00889002348624878 -0.0889115493825874 -0.022110914963114 0.0640435571363854
0.0214647315564202 -0.0954417607833035 -0.0273312101086643 0.0597221099498443
0.0557811242558814 -0.0654629706581852 -0.0317140155395239 0.0388763178913777
0.0883397163886689 -0.0131630956618954 -0.0393558033974014 0.015262936299361
0.0661406731914311 0.0692244504175973 -0.0278944064575544 0.00661993659073907
-0.00524761371729828 0.0853766011102296 -0.0222739536863531 0.00245427439739239
-0.0591944544661157 0.02794190275805 -0.0537291942292328 0.00873146222216507
-0.0778159009856695 -0.0345420614038889 -0.0770162498171029 -0.0206111032269962
-0.112369822620093 -0.0380681622077216 -0.0275824703245798 -0.017925661749197
-0.0881299465177296 0.0468804626842872 0.00279845762860734 -0.0144575819257115
-0.00324456064953202 0.103541434777276 -0.000303496775918583 -0.0426577161000799
0.0806070480067535 0.0592917420455005 -0.033262837433761 -0.0373748177947544
0.0903270721467982 -0.0389946414189905 -0.0610369008045636 -0.00255273181403827
0.041275554842358 -0.0894297040325538 -0.0460344767961497 0.0279964876237801
0.0172504069686228 -0.110990072544305 -0.0319141922064107 0.0344088642409694
0.0170657666573099 -0.110842829066984 -0.0162230738396325 0.026605580136459
0.0287150951725497 -0.115598547732162 -0.014732843547647 0.0280422882005932
0.0679368977576231 -0.083627864465354 -0.0118182153789018 0.0122175619783038
0.111376029789889 -0.0200285923482597 -0.00877428676560437 -0.00281478644100349
0.0836375381893337 0.0927208124998011 0.00998612640232962 0.0110098165198356
-0.0167763464286309 0.119121006006375 0.00839485036234523 0.022240189768743
-0.0963692381352331 0.0392945435023558 -0.0367833180136292 0.0391420109971616
-0.116619051320418 -0.0499042263867055 -0.0548955802940258 0.0197644357272506
-0.11479878957878 -0.0395166115933501 0.00691644727594852 -0.00448061087757414
-0.0876308145525769 0.0334637300951455 0.0271629748982423 -0.00576764573721004
-0.0177999816273174 0.0991345928116978 0.0322586316631323 -0.0334945057206857
0.0676910988521573 0.0720887336205441 0.00750390717700034 -0.0487360483925059
0.0947175440671167 -0.0218940462457381 -0.0311436382819321 -0.037903894253541
0.0529483762415404 -0.0835387068604884 -0.0311037392722228 -0.0147545717298476
0.0294988133586183 -0.113464133184749 -0.0233106337942176 -0.0109603212275756
0.0269599394763882 -0.112962335624136 -0.00776575318358438 -0.0167144412475506
0.0333596420653793 -0.115794325649835 -0.000988688173799441 -0.010894324043725
0.0666627922366417 -0.0882799634353526 0.00755658909163829 -0.0225282994176664
0.113848293184431 -0.0276912071199908 0.0212561601515332 -0.0281798023219155
0.0922476498855619 0.0931192993218683 0.0471521553766971 0.00228903883569888
-0.0135674118003496 0.133254859328099 0.0427634261720024 0.0261816740134258
-0.110097985870145 0.0554661841485076 -0.000257579791145618 0.0591809363773626
-0.136157184500731 -0.0496959582352918 -0.0151291968860335 0.0614658258142853
-0.103592789938813 -0.0424497461817405 0.0323887365162726 0.00849722501311024
-0.0828160987051116 0.00751125350582026 0.0377717514218119 0.0122585837792375
-0.0407248523470706 0.0797490647515204 0.0562716856238299 -0.0080650321038646
0.0374667417499579 0.080794933672495 0.0488474213172944 -0.0413964523946663
0.0833943960891364 0.00415563767291718 0.007955512087558 -0.0601176406450604
0.0563864080196987 -0.0623323148803509 -0.00769398183869581 -0.0516779340946363
0.0351634501632346 -0.0988691270589718 -0.0102228411609467 -0.0541630915019129
0.0300195312576362 -0.102266548299788 0.00113215681321596 -0.0571081645575461
0.030703855647934 -0.104452308853201 0.00954286478082274 -0.0485910348659302
0.0534766361117444 -0.0848091554901127 0.0182759340268082 -0.0552836407675048
0.0997622163714126 -0.0385322149579068 0.0385611426417094 -0.0555488967824266
0.0900724039110262 0.0725420977737192 0.0721321991814471 -0.0180627657053027
0.000323690246691849 0.122860817090238 0.0715676015481106 0.0129906445152066
-0.0942987496967998 0.0651507712306891 0.0418067652272537 0.061673571701284
-0.130542334574176 -0.0367507142290422 0.0369500384265529 0.0931973689555801
-0.0809640265191775 -0.0399230030088904 0.0488642654233987 0.0272623115906526
-0.0717488638657132 -0.0200034811151641 0.0405796707749136 0.0300614424075987
-0.060369982751188 0.0499477893413942 0.0624363392486781 0.0219265304967905
0.0012859748216344 0.0751668909071614 0.0735012748444703 -0.0173710238663507
0.0549056744265813 0.0285288012555065 0.0456317158330917 -0.0598331213153619
0.0484297591924227 -0.0303400114067838 0.0206372767196988 -0.074176932117062
0.0336376627000586 -0.066920034024967 0.00838066342064585 -0.0869152044202494
0.0289174852812519 -0.0752960797704758 0.01046567306286 -0.0905693765983123
0.0261542431337691 -0.0759553544749107 0.0178088536109363 -0.0804291866310955
0.0362938740992468 -0.0655999854612282 0.024258312429072 -0.0809627672920056
0.0704017108895439 -0.0389042649879501 0.0475459440552517 -0.0772364642326274
0.0719463236304817 0.0418616236766407 0.084153681669467 -0.0378948135878998
0.0142598575491686 0.0904469545546907 0.0846954683779395 -0.00334924205059643
-0.057935377647028 0.0601428987426753 0.0734798166823512 0.0521404613361662
-0.0995387255974386 -0.0172158841344227 0.0855103808580735 0.107090171792681
0.0546376545244245 -0.0295790321335576 -0.121694840957406 -0.0780280695409402
0.0108289660448556 -0.0463791661739074 -0.109203453564561 -0.0355318987739274
-0.0234934088153043 -0.0348419142926708 -0.0837742417560038 0.00821720208930294
-0.0370461926732552 -0.00557874256587623 -0.0766967177502826 0.0380040460268173
-0.0287727591360799 0.0245538657455358 -0.0596089802641633 0.0728513710267946
-0.0135651873490006 0.0342416213467215 -0.03949276098241 0.0960232935058887
-0.0162393835160762 0.0377566518445968 -0.0242456345304906 0.112397688966539
-0.0216891319552228 0.0319421267817974 -0.020394205520475 0.108441360884065
-0.0287918659477167 0.0187001405525941 -0.0292438516267538 0.0923714083259838
-0.0336830035209032 -0.00132966807283738 -0.0437266351394579 0.0751050356917497
-0.024752445041321 -0.0292760246995404 -0.0709150378615235 0.0461158298061246
0.019265608761137 -0.0497259467131002 -0.076155648903738 -0.00857822341296917
0.0561795696588578 -0.0227079418361508 -0.0416007408948246 -0.0370118174291623
0.052534077285131 0.0246055726673533 -0.0259683790586498 -0.0279094389786876
0.0467791503160685 0.0479588231366063 -0.058260737207362 -0.0523308267543282
-0.00182919358794565 -0.0407411062009596 -0.121412114942704 -0.0607958084842222
-0.0322092219972366 -0.0151261898952835 -0.0943021998814512 -0.0223731565728475
-0.0217480055898716 0.0166891830654806 -0.0738036464676848 -0.000262308276735786
0.00208648617934354 0.0197538834348411 -0.0794617086354831 0.0297945496780914
0.00928075158817973 0.00550720091079084 -0.0699694072590297 0.0744899360325385
0.00303495769997613 -0.00350620639026098 -0.0469512465394848 0.102126250251389
-0.00830050490826681 -0.0075352816128319 -0.0308016645566606 0.116311874573884
-0.0125142176958381 -0.0132364223215002 -0.0249313834569608 0.109299746022232
-0.0119761679941284 -0.0255166952852737 -0.0376262276698556 0.0948788019998809
-0.00159298221326876 -0.0256401352521601 -0.0529449727634173 0.0702989836138543
0.0156663331017968 -0.0248404762926894 -0.0762835906302952 0.0334193770990001
0.0375325801300997 -0.00967613310884289 -0.0702828617514308 -0.0153285651772919
0.0412493911576066 0.0133085294765803 -0.037687614883058 -0.0382878498867989
0.0234216495216047 0.0286367400473495 -0.0366458055152025 -0.0284703590473911
0.0093118484591987 0.024018323427081 -0.072272316168152 -0.0587429306653112
-0.052840896309267 -0.0426725909977305 -0.0983894170892486 -0.0449817684860408
-0.0614632535225293 0.0179626650384395 -0.0605392335141353 -0.0201461557549482
-0.0132798584138615 0.0606516619491221 -0.0561307969824833 -0.0198131625924719
0.0403498671228233 0.036127931592903 -0.077866696680395 0.00987808607546074
0.0435529573657629 -0.0171117749001206 -0.0778458823013348 0.0610279819894459
0.0164580612125855 -0.0407715035098592 -0.0502184608082606 0.0922406870161069
-0.000415168623073234 -0.0509741898532768 -0.0333085243478493 0.102638572370609
-0.00252309360741356 -0.0551535554096144 -0.0255576786158675 0.093917582897107
0.00609367938092796 -0.0640400543788561 -0.0364680986463828 0.0837317118794529
0.030244003656104 -0.0453362977204621 -0.0484643603868528 0.0588037574233723
0.0536859175131015 -0.0164754705950482 -0.0648992691586314 0.0245863039588966
0.0506481033795032 0.0316145767140832 -0.0546178602688538 -0.00730522587222594
0.0173578592862785 0.0483748686357498 -0.0344245784316373 -0.022886381674787
-0.0141238898512898 0.026033477764196 -0.0500904500920088 -0.0163504324431839
-0.0327793799837815 -0.00568536239762785 -0.0789243826773746 -0.0485183620860714
-0.0918415829385515 -0.0416438869787949 -0.0634030011636062 -0.0284952689076141
-0.081686224023734 0.0400435283744563 -0.027215499630842 -0.0191658968404872
-0.0055197959378285 0.0926815261050592 -0.0305920520735256 -0.0370680360237398
0.069225439291549 0.0503405821262147 -0.0623347521186752 -0.0157072211810028
0.0736573261419213 -0.033251370520664 -0.0765144488985046 0.033407795340686
0.0292624564001657 -0.0729832953664592 -0.0511981374505157 0.0669242839502727
0.00728603505805493 -0.0878941813791926 -0.0338708396144562 0.0743115950946432
0.00857152719607867 -0.0895851312624235 -0.0215852108039812 0.0646349560892608
0.0208240310480151 -0.0957164386070582 -0.0267871096333644 0.0601094159547681
0.0559276969767805 -0.0662402600920011 -0.0313931569236193 0.0390261945626635
0.0887780572670166 -0.0137784268061778 -0.0394950871450273 0.0159266424816357
0.0669165442475832 0.0698140045722679 -0.0274113106818446 0.00699666926085214
-0.00515405029083379 0.086563114681703 -0.0220457504620841 0.00255387039885629
-0.0598425664327841 0.0287358382250904 -0.0536920456468604 0.00930333365233605
-0.0788747034247588 -0.0336446414515276 -0.0775439451203094 -0.0200702385175058
-0.113397722811257 -0.0370965079554044 -0.0280315349437946 -0.0181009121019304
-0.088450113039587 0.0480714004230438 0.00288839802176721 -0.014455868336664
-0.00216320834656471 0.104636266640786 -0.000303205003967525 -0.0431921261157225
0.0815836301658431 0.0594833478653062 -0.0333468025526178 -0.0376689495107447
0.0904767114424366 -0.0398589106179557 -0.0611389001902173 -0.00203553929315187
0.040594774067698 -0.0903269070236738 -0.0459362584784341 0.0286858688389379
0.0165993501971994 -0.111483794636878 -0.0318051262459152 0.0347023047873058
0.0163917358878195 -0.111458602672651 -0.0162155858312287 0.0270456483381805
0.0281619448152724 -0.116503841995144 -0.0143795881788197 0.0281318377736369
0.0679983961066339 -0.0844290819126166 -0.0116261165682639 0.0118941552379828
0.111803368873316 -0.0205184369894325 -0.00845014088317829 -0.00241802299847724
0.0846309705521652 0.0927158565242032 0.00997281149120842 0.0105758771092092
-0.0158871887918977 0.119628536937876 0.00801937009812595 0.0222467201571596
-0.0967459468695168 0.0399830774954583 -0.0367751988877578 0.0395756350168472
-0.118066302114978 -0.049155934088003 -0.0547568316674813 0.0202874295986831
-0.115465446376423 -0.0384417631270636 0.00750231267938273 -0.00456550706780878
-0.0878988309217402 0.0345006814482335 0.0276600258749543 -0.00556468998433878
-0.0169209962267481 0.0997790120890539 0.0323458102732727 -0.0342379216097136
0.0687081671043631 0.0721427784284752 0.00693965652918845 -0.0487592633266837
0.0951680436846596 -0.0226258914667239 -0.0319588524582247 -0.037573660945343
0.0524240903978594 -0.0841854442192073 -0.0314654484640189 -0.014588607766827
0.0288131848130371 -0.114215223446023 -0.0234981528822438 -0.0108580972614747
0.0262635254387499 -0.114039874163466 -0.00784502194457249 -0.0164933279547037
0.0323554654043464 -0.117204906090745 -0.00120575145973399 -0.0111398761886884
0.0665808744690908 -0.089551691203926 0.00759720047748996 -0.0228632305367095
0.114286763059748 -0.0291453681875214 0.0211002248509174 -0.0284305289079358
0.0938120115367599 0.0934784103576209 0.0476621212861042 0.00184554943470127
-0.0128459956438515 0.134449038691226 0.0432314924066227 0.0259542580213145
-0.110328438339188 0.0557966108092731 0.00014006349428415 0.059015585442281
-0.137538508894112 -0.0491641772938003 -0.0140930567899333 0.0615167111240256
-0.104339332535871 -0.0414546659924133 0.0326053994484541 0.00838766601038135
-0.0836470284700336 0.00823599640151898 0.0382840514473496 0.0115427261251565
-0.0399252947023026 0.0808675442196202 0.0561957641974131 -0.00855936155573522
0.0389876802389573 0.0810761547640624 0.0484851211625937 -0.0417322823723468
0.0838066406606343 0.00348419776162801 0.00763882779106464 -0.0601031811908288
0.0558484648347366 -0.0629258616470647 -0.00814539945684101 -0.051348776641448
0.0346505162472589 -0.0992743195686775 -0.010469561925276 -0.0543060693316641
0.0289097777032734 -0.10334271320726 0.000727234342709122 -0.0576880973217168
0.0300839165880926 -0.104961812124562 0.00917746520239863 -0.0488074976657829
0.0534813497130224 -0.0857810788578435 0.0178405595055065 -0.0555348008046539
0.0997504857631418 -0.039470782928675 0.0381797556338683 -0.0559251183509678
0.0911274554708803 0.0723944716522959 0.0721267944875745 -0.0186038463265694
0.00129994224311031 0.123682149093834 0.0715923224001725 0.0126644819298778
-0.0941164685212325 0.0661344272279554 0.0422696044151573 0.0618795551992534
-0.132011972136621 -0.0356391476769108 0.0383042207705722 0.0932409960676444
-0.0816647699112508 -0.0393860390925324 0.049357615168231 0.0271065407272243
-0.0723875511162237 -0.0196367774931655 0.0411078177458691 0.0298913110780289
-0.059886700723446 0.0505025118717018 0.0623257607444605 0.0215674327162017
0.00204933038985329 0.0752658633349225 0.0734307720361296 -0.0179045854996086
0.0556501875526985 0.0284875137020503 0.0452289408919301 -0.0600564303939635
0.0484913801282972 -0.0304785454417471 0.0208514163885661 -0.0743758937815128
0.0328093504180162 -0.0676686240272957 0.00782561363073988 -0.0874119706401935
0.028278995614671 -0.0759149427835439 0.0101478326171813 -0.0914365218705377
0.0255598346279186 -0.0762752363930276 0.0175095179686029 -0.0810425471394119
0.0358586152008072 -0.066306830071833 0.0239613607771283 -0.0815176240060075
0.0701904014765324 -0.0396791812617488 0.0472962007274061 -0.0772708138369153
0.0726625940906252 0.0418922427634689 0.0846602424313213 -0.0384575341729002
0.0147881128266508 0.0909823610400877 0.0847477302782669 -0.00373126553599455
-0.0576830019226647 0.0607333778174236 0.0742440547814358 0.0518199613758696
-0.100269784102914 -0.0163400191919641 0.0874489436547355 0.107016343594894
0.0547072454134662 -0.0302196824991044 -0.123244873881973 -0.07778931954726
0.0110103844595598 -0.0463511974795837 -0.109796232395605 -0.0350077179634781
-0.0239257710272875 -0.0348132883561639 -0.0838881740030643 0.00892205615008825
-0.0373529370028304 -0.00562379290373968 -0.0769751431587063 0.0383102173732682
-0.0288439126406148 0.0250505173513314 -0.0594340280954857 0.0733644967536763
-0.0132243442698645 0.0343703220501267 -0.0391906568042716 0.097282120474842
-0.015639574931078 0.0378863787878462 -0.0235434404825191 0.113711243073081
-0.021712824737129 0.0324644356238536 -0.0195518164653409 0.109774450326137
-0.0287434790670109 0.0190923063185917 -0.0288513622796815 0.0929117518265281
-0.033800667285099 -0.000788247866803198 -0.043518755377531 0.0752670629417855
-0.0251465570061242 -0.0290256242440178 -0.0709887372936127 0.0466385423500621
0.018802551782012 -0.0501814030660951 -0.0761227384855022 -0.00806480555663261
0.0557628644894559 -0.0235255017359643 -0.0417590723385368 -0.0369033222427307
0.0526862436673144 0.0240835428443256 -0.0263740114622889 -0.0280650840458749
0.0474416486422232 0.0476517357042888 -0.0592712389921664 -0.0521722809120107
-0.00253208602678605 -0.0401883502781527 -0.122280980164772 -0.061097158257114
-0.0320891294303689 -0.014716410760674 -0.0946237588330816 -0.0219621995129148
-0.0216862214312997 0.0176317286199654 -0.0733493581244087 -0.000477994479360191
0.00254564372961435 0.0198857812176091 -0.079836339814038 0.0299385247630026
0.00980591927043649 0.00579687720657352 -0.0702133761810235 0.0750742960984235
0.00333662413018187 -0.00385127399642878 -0.0467537145014074 0.103253209813155
-0.0083111813668283 -0.00760234486196065 -0.0302578708030625 0.117047489882336
-0.0129140724307419 -0.0134798106890125 -0.0245365946329844 0.110688072379002
-0.012196057846321 -0.0254751308540651 -0.0368416229665453 0.0955602729847548
-0.00139216749429129 -0.0259604004665558 -0.0529718327661409 0.0710553599688943
0.0156686722389489 -0.0247279700560804 -0.0763501006564522 0.0338166670051398
0.0375664396260141 -0.00997027270827339 -0.0702214868233791 -0.0150691193096778
0.0412429744961726 0.0132088454077278 -0.0376924132671651 -0.0389081158703875
0.0236664482786403 0.0286227056159468 -0.0367294496008523 -0.0285319865598004
0.00945026131947073 0.0240733432630346 -0.0733627750385608 -0.0586777013709057
-0.0538564627590494 -0.0423332508663493 -0.0993198522258782 -0.0440632213881033
-0.0617697064699564 0.0184992486770378 -0.0611691649767057 -0.0198779049017183
-0.0125671262244721 0.061693968088307 -0.0559782312570323 -0.0200015370789193
0.0415440827442694 0.0361868244527339 -0.0777152582453767 0.00970328756627956
0.0437434765736056 -0.0175413253853211 -0.0779071983106366 0.0618265190117731
0.016481274808708 -0.0416155301465401 -0.0499541517246103 0.0931771493153082
-0.000991135840608951 -0.0514183371908418 -0.0331220532651359 0.103840473460842
-0.00251293414269137 -0.055351161947773 -0.0244109910511943 0.0945421420279966
0.00584932947922921 -0.0642575456276594 -0.0354873971140973 0.0844647925189061
0.0304618968424922 -0.045867313229867 -0.0481827148970524 0.0591612897645051
0.0539921467760703 -0.016839374151265 -0.0647666709539455 0.0245260122622448
0.0509747425704453 0.0321262049442412 -0.0542617255140502 -0.00705544526164265
0.0173033377277732 0.0488032377311207 -0.0346783105165761 -0.0231103038890956
-0.0145719461833333 0.0263297125055801 -0.0500000607711437 -0.0165568852431776
-0.0334925522695319 -0.00557950156969108 -0.0799475944516763 -0.0481150821430562
-0.0935702896695679 -0.041239513538435 -0.0641788539510681 -0.0279696488240125
-0.0822109466984917 0.041017399160406 -0.0272258720760565 -0.0190791344805856
-0.00468820528418559 0.0932348522886692 -0.0311294918632372 -0.0371910746392432
0.0703568878743989 0.0506692378599475 -0.0628579183985895 -0.0158089993420544
0.073837586049865 -0.0343280132690681 -0.0768615991926501 0.0338279844356017
0.0289347373810735 -0.0737767232975942 -0.050677421283139 0.0677472390069207
0.00724868555121069 -0.0887913460886549 -0.033154427927053 0.0747955393477956
0.00754608766780586 -0.0902761713021366 -0.0208314406976975 0.0651856994576485
0.0199857810518801 -0.0964327375170697 -0.0260154764590064 0.0606860282272681
0.055990484579177 -0.0665472364149353 -0.0310450366875685 0.039232668703728
0.0892101980745417 -0.0140098416090815 -0.0390129778564786 0.0158932178322203
0.0677689462369519 0.0702333419143129 -0.0269743308472793 0.00665264848028863
-0.00432750115720314 0.0870305145956556 -0.0222414062941246 0.00215799721703909
-0.0601085167938378 0.0293201799958139 -0.0540906596903278 0.00939245362350437
-0.0802792486227515 -0.0333458923247127 -0.0781397743950102 -0.0198491207312637
-0.114804044471255 -0.0364978616143625 -0.0277555999896855 -0.0175601321587346
-0.0885209529538798 0.049396233120695 0.00270016192296556 -0.0143860460496639
-0.00161821264419456 0.105194558128711 -0.000660211800124381 -0.0434402601839553
0.0827381288602774 0.05937525198001 -0.0337028699331959 -0.0378432370695786
0.090866071160739 -0.0406935799017225 -0.0614205330435167 -0.00183537583566322
0.0403754686416896 -0.0906570776270838 -0.0457643655995681 0.0291242693410593
0.0161252221213746 -0.112297045754342 -0.0314146568431789 0.0352837591030546
0.0157987729593537 -0.112330261287284 -0.0160649230941488 0.0273319198470762
0.0276085249371206 -0.11720117907133 -0.0140751461865451 0.0285113142862441
0.0675828862756649 -0.0850149840786957 -0.0113416304710536 0.011938740954503
0.112200983928126 -0.0216985509610082 -0.00825422176564953 -0.00232270492983734
0.0862393585239222 0.0933467525064989 0.0107700798738392 0.0105966075050248
-0.0151042432939705 0.120822718262129 0.00826985536805324 0.022284614848042
-0.0974629052886883 0.0411288636169137 -0.0363130338960781 0.0399745841042346
-0.119234303153916 -0.0481541655738661 -0.0545259714236581 0.020743734440906
-0.116328347933941 -0.0374358922612121 0.00739976458086404 -0.00514651054878492
-0.0881883021459431 0.0357327055948926 0.0275277945121049 -0.00610276030629637
-0.0161605380359839 0.101215993162718 0.0323763023031609 -0.0347881824703111
0.0698480444619207 0.072584606898965 0.00703324765696276 -0.0494405606958617
0.0958669523930037 -0.0234015325404927 -0.0320821872994909 -0.0373276643961197
0.051912206351863 -0.0850512340381315 -0.0315074514427174 -0.0138045676362115
0.0279301622787486 -0.114934683120621 -0.0235471733114072 -0.010916450126909
0.0253099241666911 -0.115038392479175 -0.00794227530293774 -0.0165250339903272
0.0320080655172371 -0.118022915346062 -0.000816106351636723 -0.0110124626505435
0.0660708221663294 -0.0902386107527298 0.00761637035432243 -0.0227846547307191
0.11508941637508 -0.0301032285569842 0.0211143450258529 -0.0284644037776546
0.0953860461447688 0.093398288921322 0.0478353588946187 0.00149670937964784
-0.011798490830971 0.135538473350419 0.043149817865675 0.0256045793114964
-0.110814517524172 0.0573505701106434 0.000394189157537135 0.0595060510372346
-0.139250929196502 -0.0477705406413841 -0.0136027804888822 0.0620923103480765
-0.105075228022513 -0.0408309707140896 0.0333082320900126 0.00785440806374647
-0.0840183967845176 0.00864249626191568 0.0385979574649293 0.0115805187055491
-0.0398109964269807 0.0816233959633608 0.0564505559234322 -0.00921893582845127
0.039510196226483 0.0814402256085426 0.0482672437846902 -0.0423524384246869
0.0841452000209011 0.00298952242877916 0.00695230293808669 -0.059910333693131
0.0555621400981213 -0.0636404725768474 -0.00833689846182992 -0.0515652297646874
0.0339243062277315 -0.100107737687651 -0.0105278649169652 -0.054433206550658
0.0288312308494874 -0.10420644585657 0.00039015776466742 -0.0581398686524004
0.0295493449630544 -0.106059323332495 0.00912247587108463 -0.0497078238748914
0.0532267549752836 -0.0862123071788753 0.0179636175215718 -0.0560095442430291
0.100005637266713 -0.0402963663899561 0.0385626840737002 -0.0567150246027016
0.0923750386591817 0.0722212412779669 0.0727016634665136 -0.0190797147832135
0.00226537227413736 0.124250096303565 0.0714038713582193 0.0126941089089771
-0.0945404703410996 0.0670802829133801 0.0428027034626999 0.0612594618619049
-0.133045005767592 -0.0350016600095482 0.0396330176907795 0.0931455572475854
-0.08240962516011 -0.038417498547384 0.0503714802713465 0.0268404053342074
-0.0728368537509076 -0.0190755747666931 0.0416267950072815 0.0297051785682707
-0.0597546317751866 0.0514315024843536 0.0626753492309006 0.0209637938269417
0.00252192799574713 0.0762211158566438 0.0735155580262335 -0.018136862298032
0.0559965206513736 0.028154179580366 0.0447265025700008 -0.060315919147784
0.0482343831906942 -0.030734391029668 0.0205017060535629 -0.0746013378414539
0.0325560633701774 -0.0682422341424189 0.00748379575333991 -0.0881548625060896
0.0279801835916871 -0.076833820455647 0.00950314102280071 -0.0925873895744548
0.0253616110040923 -0.0767709217113528 0.0173594842634876 -0.081810935554683
0.0352762280467181 -0.0669839984657064 0.0234305465729355 -0.0820608818093768
0.0700813434073097 -0.0403287371599075 0.0473509240178942 -0.0777058926989793
0.0731457850943379 0.0419016243722452 0.0845326245937664 -0.0391285873597031
0.0155912114931983 0.0913190190086114 0.0849429113974006 -0.0041665830977834
-0.0575777303434923 0.0612355414191956 0.074655431721693 0.0517803659207081
-0.10102859641184 -0.0157208121758383 0.088969595399644 0.106638487041074
0.0547479972860676 -0.0308934872524739 -0.124390857615199 -0.0769760676088351
0.0108458668387397 -0.0464456405257542 -0.110785222271764 -0.03439792636588
-0.024177203609319 -0.034599268131173 -0.0841431042902282 0.00862160783487199
-0.0370605849040972 -0.00538261429257195 -0.0769564114656156 0.0388398679046343
-0.028548782423206 0.0250139796524688 -0.059840047880986 0.0741237584702076
-0.0126589045309261 0.0343314761229517 -0.0392573227872354 0.0982273421503594
-0.0157111514425048 0.0386015534042589 -0.0228154844093091 0.115013543365769
-0.0213232749791029 0.0327823485281655 -0.0187444973847953 0.110853635732151
-0.0289292136148864 0.0194622131337408 -0.0282007961802915 0.0942232290087435
-0.034188599876021 -0.000718597858217237 -0.0434912790303135 0.0764612160483015
-0.0256519092117539 -0.0288328255146094 -0.0708839580837379 0.0468842219617789
0.0182031027125638 -0.0511693035534701 -0.0765041505228845 -0.00811952425510839
0.0558428480469156 -0.0237212497107893 -0.0417430651945472 -0.0372986396513507
0.0534728629544202 0.0239902219232994 -0.0266782839420546 -0.0280785538484165
0.0479861552722528 0.0472657903914829 -0.0602674601012902 -0.0519712791127388
-0.00361090412142089 -0.0406571083586799 -0.123983421676116 -0.0604364451402439
-0.0331158771163839 -0.0140858084374601 -0.0953689775447203 -0.0215288890567531
-0.0212834244819107 0.0177848294107561 -0.0737910950453784 -0.000434063177164966
0.00294158599510022 0.020081891262964 -0.0798765317594148 0.030263753877731
0.0101142488042415 0.00521293149987522 -0.0703406068414687 0.0759423471983277
0.00336426980844434 -0.00416195067497972 -0.0466406325981555 0.104260428358903
-0.00842749985136651 -0.00744535789392225 -0.0291981310079815 0.118869365062986
-0.013100415800036 -0.0135401222040421 -0.0236826383885033 0.111488632087061
-0.0121820370527453 -0.0254183572107216 -0.0364478050742887 0.096369747232501
-0.00174313095804927 -0.0254207241528165 -0.0526427240754207 0.0716811547123873
0.0157267447708525 -0.0245134166173927 -0.0766059113163687 0.0343315162495621
0.0377837612601919 -0.0102152839083008 -0.0710078763360047 -0.0147847679010841
0.0411716800497201 0.0130346447827569 -0.0379687392606564 -0.0392285643399032
0.0236269653378558 0.0287389043933743 -0.03710064310289 -0.0282345245005955
0.00949109367993946 0.0239877398839919 -0.0745225804638597 -0.058310891203324
-0.055311719502553 -0.0424282436516573 -0.10016621241036 -0.043765536733436
-0.0624132666962311 0.0198229898714833 -0.0611839191523524 -0.0195330076634105
-0.012153890135531 0.0623277771599615 -0.0562974527716003 -0.0197745132678679
0.0423424744914701 0.0364126469512736 -0.0784399097246216 0.0101232775037159
0.0442101927831639 -0.0182614219554582 -0.0780453903454809 0.0625348496342476
0.0159265205888956 -0.0421991856907898 -0.0501378907913184 0.0942877783294508
-0.0011424106616361 -0.052165695854922 -0.0325819331481384 0.104723738350526
-0.00326209586117605 -0.0560582658297127 -0.0242311885819855 0.0954462820743126
0.00544478875385384 -0.0647096593163196 -0.0355013286680207 0.0853783587015829
0.0303898972363702 -0.0460302055309518 -0.0481102620679181 0.059861314720941
0.0544631523106073 -0.0168026317573306 -0.0646520772636539 0.0251545872237958
0.0512786761374341 0.0321589808156334 -0.0544627716532811 -0.00647506431838653
0.0177714458858195 0.0493598496421887 -0.0347226757361135 -0.0228791764381239
-0.0148514337158139 0.0265252032484273 -0.0507228129857092 -0.0157437160609756
-0.0340105243646452 -0.00544188591036969 -0.0809605792545178 -0.0479883307337859
-0.0946114710980716 -0.0406649118081449 -0.0645061086665663 -0.0278265634741648
-0.0826828392169432 0.0422709469655384 -0.0270099125077367 -0.0187899898545852
-0.0037027245048849 0.0944069368226952 -0.0311708213144271 -0.0377026940552476
0.0715817637272805 0.0505683761676607 -0.0632274853194782 -0.0156226811892869
0.0743849609530415 -0.0351201352190074 -0.0773553961021328 0.0346182720639107
0.0287529790299047 -0.0746028300461244 -0.0509062347409705 0.0685608177598063
0.00658198954979518 -0.0897458990448218 -0.0331028043354326 0.0758187810810505
0.00696462167433282 -0.0912589700654853 -0.0202685956467058 0.0661218171789577
0.019594936156627 -0.0977148663273195 -0.0257610615214031 0.0615371196956611
0.0560855637896165 -0.06730724843351 -0.031077628406042 0.0398635160305271
0.0901994736132373 -0.0144992739707109 -0.0389233088623104 0.0162716163460131
0.0686310903913357 0.070551734477668 -0.0270116049456903 0.00696651014442661
-0.00399957046618309 0.0879693783555399 -0.0225322688759366 0.00237359412815349
-0.0606567972964399 0.0302365175912581 -0.0543676101290273 0.00983201712392933
-0.0810729290789952 -0.0329345429246806 -0.0787982184659881 -0.0191495549448693
-0.116061284467417 -0.0360503431981637 -0.0278249826833818 -0.0175009755918165
-0.089460780972283 0.050427136748974 0.0029761076931496 -0.0147434174890018
-0.000452913875963781 0.106741637091447 -0.000596716932943216 -0.0442172715976015
0.0838129503715473 0.0597030836412991 -0.0344397318543943 -0.03804294170879
0.0916263630377949 -0.0412753320880293 -0.0617537228666642 -0.00105909883224693
0.0400200770219413 -0.0918510064897596 -0.0459802751003595 0.0299731052480019
0.0160568296287274 -0.113390824700105 -0.031486726873192 0.0351916743343671
0.015259021981143 -0.113511336543825 -0.0157218445404763 0.0276511629338088
0.0268806657886078 -0.118278965553912 -0.0136469780536857 0.028688482730705
0.0673666463417657 -0.0855997121801681 -0.0113740253707558 0.0120542315539984
0.11314590795619 -0.0222683267408901 -0.00833607280838842 -0.00213192920493899
0.0871264840052344 0.0936575113139757 0.0109230618230129 0.0108109205166048
-0.0144708016516336 0.122114646833266 0.00809868960279 0.0220482027387841
-0.0980415902448135 0.0422141889582522 -0.0366605488108972 0.0402448515451658
-0.121038543931535 -0.0476889089113621 -0.0547785990880616 0.0211829459639254
-0.118331031922653 -0.0367389180810494 0.00768046995086761 -0.00520003348008118
-0.0892241320578697 0.0363988243034378 0.0278824628383564 -0.00602485752492489
-0.0152211745359235 0.1024111249372 0.0326518918828725 -0.0354512130536681
0.0709829394327213 0.0729793406671136 0.00661123651624069 -0.0496953166236398
0.0964693052201544 -0.0240338237316923 -0.0329601134748828 -0.0375910172057428
0.0516584983284527 -0.0860131037943326 -0.0316803577643819 -0.0138146233388779
0.0274298710926397 -0.115622659769776 -0.0232779420713434 -0.0109530390622429
0.0247271355988979 -0.116454024318268 -0.00802883533700796 -0.0168011348107374
0.0311804290679033 -0.119150433822107 -0.000676847010332103 -0.0111729608513128
0.0662186334603732 -0.090779255541095 0.00764919384879118 -0.0231909812352764
0.115641107111784 -0.0310018291158477 0.0214821328206398 -0.0289032491836847
0.0963887981662274 0.0933623008720184 0.048466890866928 0.00178534523741861
-0.0112248719875574 0.136874624074785 0.042820793769784 0.0254922735121385
-0.111777153097468 0.0582243617143841 0.000511844231339721 0.0599469294457096
-0.140691153624297 -0.0474652131085585 -0.0129105186568631 0.0624074111923941
-0.106218097005544 -0.0401246116306812 0.0334960785786767 0.00771416904528241
-0.0845889322502945 0.009245215319618 0.0391977108473614 0.0111937336529689
-0.0392413544569792 0.0825732606197703 0.0566496176045157 -0.00952149167396953
0.0406326519064632 0.0820364817005155 0.0482050129611043 -0.0425013252567887
0.084890906951851 0.00238502291303142 0.00639656491520855 -0.0597048604288586
0.0555773318307415 -0.064437886773978 -0.00846196040612816 -0.0517319343179639
0.0335633437621038 -0.1009890606289 -0.0110625948484963 -0.0552055691581607
0.0278071156562428 -0.10586151614654 -1.11794186371459E-05 -0.058492020075784
0.0290260640144501 -0.10692916598283 0.00924498380014881 -0.05006726461844
0.0530621725548791 -0.0870301902341702 0.0180096767490303 -0.0565644630429654
0.100461785809339 -0.0410247663329907 0.0386641734228642 -0.0568437757645272
0.0937435002336141 0.0728065753507821 0.073098190469583 -0.0197596797939393
0.00302591938524647 0.125567196004942 0.0716779312748349 0.0121451856964794
-0.0948120737721004 0.0679926411171316 0.0430299101243813 0.0616447142339072
-0.134749426001539 -0.034110118073853 0.040843200997753 0.093755800343213
-0.0830358952862147 -0.0382722028709467 0.0512033731365106 0.0267413660162073
-0.0738569110888523 -0.01889581251676 0.0425618165427935 0.0294521215175978
-0.0597582293867082 0.0518322743962113 0.062994264112682 0.0209952389542871
0.00332204881655832 0.0767439777387466 0.073286041968674 -0.0184007106380032
0.0565004192849532 0.0278344243410843 0.044732640556052 -0.0606915321167743
0.048484834541582 -0.0317943603386436 0.020089518793383 -0.0748669057185172
0.0326083744445548 -0.0685967984276807 0.00705771865361428 -0.0889422586309115
0.0277940017988489 -0.077820537334597 0.00911688357824726 -0.0932818301911761
0.0250595415067929 -0.077940129448229 0.0172315196784548 -0.0827041369198991
0.0352667336809063 -0.0674091295921482 0.0236051142261703 -0.0826635580716821
0.070091454560069 -0.0411664992648981 0.0471140971257862 -0.0781806562910001
0.0740159307393288 0.0419912570266358 0.0846883800597699 -0.0395845281726531
0.0162563500491487 0.0915277656584344 0.0849368921871221 -0.00430086505752402
-0.0579773386053293 0.0624449326620839 0.0754607992698022 0.051479663687562
-0.102355779705376 -0.0155172580108414 0.0904579509602174 0.106813464370042
0.0545528598195399 -0.0315044940939205 -0.125977801882197 -0.0770271838528149
0.0107120101900602 -0.0470192741028244 -0.111229135939569 -0.0340701751124499
-0.0240756031042741 -0.0348480587936501 -0.0842304406527442 0.00873279478981292
-0.0375762364346418 -0.0055618409417826 -0.0774236109894377 0.0389526235581957
-0.0286518392905454 0.025101152244407 -0.0595546358616988 0.0745565161247093
-0.0125463960904644 0.0348934536948752 -0.0391907609577674 0.0991356318164211
-0.0157746376653841 0.0384909976789582 -0.0224364500759787 0.116304582368351
-0.0213668124550032 0.0334356549209282 -0.0186385656121139 0.11197180858528
-0.0287478856846766 0.0197096553249912 -0.0283483884127993 0.0949692710682788
-0.0343061344714344 -0.000167503102330487 -0.0433261213859094 0.0764637820546289
-0.0256869568685105 -0.0285192603847693 -0.0705804357108612 0.0474717846031374
0.0174960252723353 -0.0513007160179227 -0.0762063904259995 -0.00744328941032513
0.0556572614010009 -0.0244713101332477 -0.0421416566400707 -0.0368483398457925
0.0536558084559403 0.0236511368710496 -0.026745799956573 -0.0277457569789495
0.0486435874594144 0.0477508316618813 -0.0613854782396555 -0.051976159707841
-0.00369790467348697 -0.0406710482531758 -0.124881185659247 -0.0597854688856542
-0.033139064236315 -0.0138669886159679 -0.0958391925991225 -0.021240697957156
-0.0215313636291967 0.0184766358315472 -0.0740437184044763 -0.000255309040888741
0.00315971663812248 0.0200039567352465 -0.0801451824481176 0.0302134711632791
0.0102591269357354 0.00509058758804677 -0.0703681389593412 0.0767112668750626
0.0036891188136144 -0.00470013544668655 -0.0467237640356507 0.105375858845625
-0.00829613285206309 -0.00792705974540461 -0.0292968573920997 0.119802934505515
-0.0128201143778253 -0.0139776742723815 -0.0234425768235396 0.113188876753961
-0.0124801227736006 -0.0254810414586103 -0.0362879481677581 0.0973661964091284
-0.00179357930172299 -0.025852295986317 -0.0526702869549474 0.0720697990818197
0.015597233818075 -0.0249821113788633 -0.0765891710730057 0.0351055973372542
0.0375543255268711 -0.0103558632510445 -0.0707492485777558 -0.014517485051042
0.0412862796624935 0.0127398543957099 -0.0387527261532519 -0.0388777004445252
0.0236147591975125 0.0286694548940698 -0.0369889722213446 -0.027980931505708
0.00924684800770808 0.0242298439968481 -0.0752867304781515 -0.0581048785223703
-0.0560105842684161 -0.0426428961973164 -0.101272610595301 -0.043523356158144
-0.0628511999411588 0.0203262891396086 -0.0617610783694793 -0.0194207970680693
-0.0117341628207053 0.0632770268501239 -0.0560510546258007 -0.020385819086652
0.0424952012563643 0.0365751845131248 -0.0786046837079102 0.0105199233719666
0.0446786513010457 -0.0188704295656809 -0.0784340494360903 0.0635498091139756
0.015978813942519 -0.0430197593545035 -0.0500970303438093 0.0951507784134179
-0.00115976898558049 -0.0525929425161489 -0.0321771681345356 0.105900351965914
-0.0032455576690101 -0.0562873326377945 -0.0235966650683716 0.0966589230141399
0.00521550217525187 -0.0649689327995878 -0.0349085113180784 0.0861724472442982
0.0306690172254201 -0.0467923752112973 -0.0478589891002838 0.0604141481296625
0.0547126241771677 -0.0171344636894658 -0.0647840752222129 0.0254499116661113
0.0518938700401579 0.0322284266957638 -0.0542576733424376 -0.0064478371111232
0.0177640836528451 0.0495580224378596 -0.0350910893590588 -0.0229642699466897
-0.0152479129260753 0.0270799226553759 -0.0511387270873117 -0.0155958592292611
-0.0343975224240081 -0.00510325235743668 -0.0820291860271859 -0.047637841017474
-0.0957303182236924 -0.0402665876208321 -0.0651117734018747 -0.0277971245758668
-0.0833590362369169 0.0435134868184496 -0.0271594366887596 -0.0189770129056747
-0.00332820978651004 0.0953489920120459 -0.0312942420603575 -0.0376062227532867
0.072506265152165 0.05089058389072 -0.0633653459329863 -0.0155538448307468
0.0750205850724953 -0.0362456759548843 -0.0778036897395125 0.0352244143128861
0.0288126474612477 -0.0754075958029228 -0.0510231492852799 0.0693248397934878
0.00628673557911657 -0.0900650395861985 -0.0325553306160122 0.0768652750643688
0.00636367093200231 -0.0924684001555622 -0.0204368948183163 0.0666855178076088
0.019257998357281 -0.0981053607970191 -0.0254443424447173 0.062008582305688
0.0560750164137075 -0.0680386130427705 -0.0307917531340843 0.0400772207981483
0.0904837184009094 -0.0154749808763118 -0.0391332361189623 0.016473248203282
0.0694419756404154 0.0709608015553782 -0.0270381638002836 0.00726340760270142
-0.00398018974851546 0.0886896458352591 -0.0224339796649722 0.00246697733973655
-0.0613027858850002 0.0305932670715509 -0.0545964984729223 0.0104968928715126
-0.0823838007838029 -0.03243633260778 -0.0793927619073888 -0.0188707890988689
-0.117299283649857 -0.0353712902595358 -0.0283047817894509 -0.0177010600872073
-0.0899715587861554 0.0517857170871808 0.00317055512051967 -0.0148361121050069
0.000307170274230782 0.107629592625858 -0.000518161116087611 -0.0448416001940262
0.0852569697233718 0.0599575977651901 -0.0347149406738358 -0.0383427685621328
0.0920244886911175 -0.0422179469391518 -0.0625542115688177 -0.000820966262800774
0.0397866293647065 -0.0924994074376453 -0.0460754732472266 0.0303487555549357
0.0149638744570452 -0.114301858460729 -0.0314247297752863 0.0356864319716796
0.0145250151563737 -0.114678564590085 -0.0155117199623544 0.0278860336440009
0.0261247242577809 -0.119341265442381 -0.0133450842030495 0.0290341591186041
0.0678432536922692 -0.0869737896981706 -0.0111310130806504 0.0121185885599535
0.113885639601531 -0.0229007863328434 -0.0082453963271324 -0.00243519563548238
0.0888052325264861 0.0943502071667956 0.0112345614456563 0.0107879948569459
-0.0140171832356827 0.123500385808847 0.00771099429698239 0.021902077741226
-0.0988279707786126 0.043456859154719 -0.0368708111893339 0.0408414978554591
-0.122344187032761 -0.0468929134943678 -0.0548883079481656 0.0218232285453281
-0.119044338303048 -0.0360759376091597 0.00774143778795611 -0.00535061330422667
-0.0894948852247372 0.0374684904297033 0.0282047384707393 -0.00672847322604415
-0.0147877946676673 0.102856889915733 0.032083088643789 -0.035760479505642
0.0720205489271489 0.0735411108047603 0.00655484755224609 -0.0499629949033623
0.0970246855664045 -0.0248977267826872 -0.0335961809157953 -0.0373459595633007
0.0514984054025978 -0.086870432071985 -0.0319163775834484 -0.0136665261502774
0.0271558418863978 -0.11664742849159 -0.0234500722898814 -0.0112719153842527
0.0241574384301213 -0.117600223618108 -0.00760403162255267 -0.0169654903490908
0.0307482994006704 -0.120077866254369 -0.000365964598108023 -0.0113226508880813
0.0660844974178823 -0.0916862499294449 0.00767649716269825 -0.0236846196224085
0.116495498483695 -0.0315587195256376 0.0213880691985098 -0.0284918039847771
0.0981155730565661 0.0941615761735944 0.0487981487808501 0.00130723888915419
-0.0102776434757126 0.137859308871292 0.043146717320462 0.025407621186665
-0.112403021832864 0.0595166922258935 0.000987351275624111 0.0603080034504106
-0.142077745958758 -0.0468391611128069 -0.012405804849542 0.0630541572041197
-0.107391157847779 -0.0393487081447758 0.034581958663366 0.00750560357224679
-0.0855924975783577 0.0100201950325952 0.0394310176575196 0.0109180194194041
-0.0392255800704854 0.0835693479932292 0.0569182840950996 -0.00992154744458924
0.0413532828006637 0.0827473568592686 0.0481683284720037 -0.0430736800251479
0.0855654991095971 0.00229078809216874 0.00604343703320798 -0.0605006760307443
0.0555941921124892 -0.0648386240946151 -0.00879997293820052 -0.0516560671701405
0.0327479607758931 -0.101703379695548 -0.01087725140462 -0.0555364836890717
0.0275459046381632 -0.107363073503715 -0.000137635411645711 -0.0590188691600169
0.028103038483317 -0.107811868280676 0.00929379254281302 -0.0502467089924772
0.0528873753801253 -0.0878550185976411 0.0178558260603073 -0.0569591076617715
0.100777531446236 -0.0420333046775041 0.0384410325978845 -0.0569928772795064
0.094453605584448 0.0730600508717985 0.07349580227109 -0.0199262425626756
0.00381510415551234 0.126507701258674 0.0716748699990971 0.0122051982839946
-0.0954984040393098 0.0687521384527779 0.0437373189531275 0.0621583935276432
-0.135931684902624 -0.0336246098719619 0.0419798900418269 0.093606913041655
-0.0837119003998528 -0.0376772384415018 0.0517667068919596 0.0263349673459504
-0.0746415974233717 -0.0186298537100269 0.0424826497155029 0.0294384219410935
-0.0597827444691001 0.0526205938371535 0.0629033671561646 0.0205030358154048
0.00340108424126029 0.077434006148731 0.0734798862485595 -0.0188145574622536
0.057446448732917 0.0278810654063754 0.0443298755972638 -0.060695926388152
0.0482699576915938 -0.0317563292256471 0.0204822400604121 -0.0749508903986202
0.0320677157416043 -0.0688863211805601 0.00671164165620921 -0.0900705805156571
0.0270552157438093 -0.0785766374415764 0.00857465618290169 -0.0939322788363368
0.0244999827266672 -0.0783755555607947 0.0171207882259806 -0.0835150427511894
0.0348157160084876 -0.0680028873251601 0.0234071115300764 -0.0833093188991934
0.0701630967263163 -0.0415690215987105 0.0473805939888484 -0.0789386612720517
0.074798532945652 0.0417101198335859 0.0850799103988021 -0.0405560744887076
0.0170838392636904 0.0922988825436723 0.0851798086830862 -0.00445743757919855
-0.0579385614114043 0.0630557711346151 0.0758323330178411 0.0513982983141395
-0.103193328490413 -0.0148103603279926 0.0925759571251496 0.106758250607185
0.0545207467030363 -0.0317544075389809 -0.127766409415258 -0.0766345594049758
0.0102764685251147 -0.0468124026131336 -0.112196968026651 -0.0333183064610426
-0.0246169787817597 -0.0343823253361486 -0.0844062778319587 0.00900566411138505
-0.0377446419177966 -0.00540117247257085 -0.0777132690317369 0.0399313565926349
-0.0283221411138681 0.025563548904091 -0.0600197886226692 0.0755388690541531
-0.0125830218226982 0.0350530051387709 -0.0388792863238031 0.100401040401429
-0.0154783766319687 0.0393229909216465 -0.021847880396677 0.117154986059583
-0.0211445064862827 0.0336320062454867 -0.0182022512451135 0.113356500118794
-0.0291084143475172 0.0200216476355158 -0.0275299413909507 0.0956962283610147
-0.0346024803891788 8.17506946294076E-05 -0.04333870156568 0.0773802482995964
-0.0262450065660114 -0.0282996644907521 -0.0705098025806479 0.0477393789501344
0.0173195420727175 -0.0517035868674924 -0.0765661701593582 -0.00727263067197311
0.0562518401799068 -0.0253433359898553 -0.0423953615155311 -0.0372431571842993
0.0543775961798516 0.0233353925910575 -0.0271330864698466 -0.0280721869342458
0.049395401601391 0.0474622559103333 -0.0627366822787561 -0.0519141595989891
-0.00409187085697947 -0.0414049404759899 -0.126511465139584 -0.0589485031750695
-0.0337556818009703 -0.0134755760546821 -0.0962691139909822 -0.0205351452710794
-0.0210303527469699 0.0188040966782979 -0.074122158978928 -0.000108406797704527
0.00339158262485552 0.0196913341853401 -0.0806162896762323 0.0312468339904761
0.0105955714316148 0.00473498089778121 -0.070793381910717 0.0774160816132122
0.00353881393008273 -0.00441114912001415 -0.0464290243972921 0.106408180241762
-0.00801193148078178 -0.00787332992726715 -0.0281664336392691 0.121421093819825
-0.0129752574748652 -0.0135466534615785 -0.0231258850794084 0.113939711845987
-0.0128113364397314 -0.0254843825837617 -0.0359105122038697 0.0985943591998415
-0.00161079866960836 -0.0256820515179161 -0.0523546991811265 0.0729771716609059
0.0155467683884694 -0.0247842543913463 -0.076594272215496 0.0353106348092778
0.0375188520272782 -0.0101934082457624 -0.0708265968080865 -0.0139820374646818
0.0413697383302534 0.0127150745414987 -0.0390614919814163 -0.0389871662524618
0.023910565787972 0.0287561839911659 -0.0376256144408083 -0.0280451834096498
0.00963909961202179 0.0243734360528696 -0.0773060731636313 -0.0581851806152892
-0.0571493317653301 -0.0423555578277851 -0.102456802869448 -0.042810902238286
-0.0633840759585468 0.0212467283275111 -0.0620185065140856 -0.0195322798785872
-0.0108504661751577 0.0639655217084196 -0.0567807613253131 -0.0204516815484978
0.0437805232297645 0.036770323293367 -0.0790568958005577 0.010909286053503
0.0451000351190557 -0.0194895934057766 -0.0790104975747684 0.0643865636547639
0.016002661084084 -0.0434328317446652 -0.0496532637519652 0.0964099380239418
-0.00153245172210011 -0.0528402775969067 -0.0314859881689302 0.107076733928217
-0.00381182727241159 -0.0571255620146286 -0.0231159901234493 0.0977523285738822
0.00478746032683265 -0.0659667493289592 -0.0346290300164275 0.0871676794245142
0.0305072787492101 -0.0469443471947526 -0.0475682033640452 0.0611086165606972
0.0551003351564091 -0.0169539088941424 -0.0647030105521584 0.0260626962809545
0.0521510126011051 0.0325521839037255 -0.0547298706774314 -0.0059003907502468
0.0179737640197247 0.0502005420218602 -0.0353132211465946 -0.0232243249471614
-0.015562519134154 0.0274480896574419 -0.0516037065238103 -0.0155419619328304
-0.0350015750410072 -0.0049526414130326 -0.0837191909553533 -0.0474057057270842
-0.0971455571863619 -0.0396856473960532 -0.0657970869625422 -0.0272519160160111
-0.0838788424984979 0.0448325676296111 -0.0274333547588791 -0.0192247746253963
-0.00188061885230347 0.0964812878154205 -0.0316690547151006 -0.038621347852196
0.0737199374419653 0.0512206134637268 -0.0637789724467145 -0.0157679848781422
0.0752895410156011 -0.0371816217881655 -0.0781008797352745 0.0364399983330088
0.0282644024974764 -0.0761960119402236 -0.0508144229083943 0.0702150289252693
0.00624928848956208 -0.0910133002611871 -0.0323834309187039 0.0771896898910056
0.00599142265515752 -0.0933125035468605 -0.0201255021068589 0.0672705630272114
0.018973430563856 -0.0991192079658833 -0.0251250724940698 0.0629664842181193
0.0561633090609968 -0.0685852385901913 -0.0305797097686733 0.0402984218495962
0.0916144680734643 -0.015844011503715 -0.0389198019398869 0.016901632786678
0.070721036439144 0.0716288843509218 -0.0268459839240352 0.0074473779816859
-0.00340342446385686 0.0901508660536213 -0.0226182390389862 0.00214655010958334
-0.0620597075898473 0.0314360706323828 -0.0548002395224929 0.0107486853335172
-0.0835353079751556 -0.0322502705189565 -0.080198897081567 -0.0188011384171941
-0.118763013460095 -0.0347258004373434 -0.0283533806469466 -0.0177299269942557
-0.0907828957666264 0.052473439786079 0.0031887411078104 -0.0153354628985929
0.00110221737073945 0.109040809849053 -0.000691782342538732 -0.0451310328904813
0.0867350369928975 0.0602784395273091 -0.0352736678658033 -0.0386188748100606
0.092420271521006 -0.0431832277148206 -0.0630314336018255 8.4848584842318E-05
0.0393319203302165 -0.0937963436122927 -0.0462971701470586 0.0307735812342714
0.0146733228426635 -0.115423262501447 -0.0315707751800119 0.0359934645400177
0.0137542684948437 -0.115978841082953 -0.0155826215613765 0.0283485547920191
0.0253778972982142 -0.1207279424254 -0.0131359707606553 0.0294237736120564
0.067886473591074 -0.0879026054076943 -0.0111201643578974 0.0121127187341164
0.114913008111944 -0.0236335642369633 -0.00806831024147292 -0.00194081685303794
0.0902163811529796 0.0945121213190595 0.0113318234502454 0.0109817868159435
-0.0134416837444734 0.124642492778043 0.00791881099050674 0.0219071210217997
-0.0995874527885328 0.0445550343055422 -0.0367852472693127 0.0412445534222252
-0.12428765756966 -0.0464618038241955 -0.0551429746886305 0.0222869540737394
-0.120929014236715 -0.0355971876442022 0.00853899174222107 -0.00521022944335301
-0.0907409246547232 0.0381499654608642 0.0289370589180437 -0.00677724693951594
-0.014007721448807 0.10418133136456 0.0321579543560522 -0.0365803094720542
0.0734329239136506 0.0742364929869484 0.00657827246250932 -0.0506087214616672
0.0973405265420235 -0.025932501514636 -0.0337596123813964 -0.0372806037802265
0.0513609392742738 -0.0873849230805882 -0.0320607035179647 -0.0131734668579142
0.0265501402836505 -0.118107901161581 -0.0239899295892786 -0.0112016081156438
0.0234089150705859 -0.119311522976279 -0.00803881008803254 -0.0171929114323517
0.0299292573536465 -0.121136549912504 -0.000217755920473479 -0.0114418708263992
0.0660541259367038 -0.0929251389387653 0.00788074443442586 -0.0238268083081716
0.116975659275962 -0.0325575436866967 0.0215336800798495 -0.0290382356106663
0.0994476641297369 0.0945870151057535 0.0492836162242097 0.00110767929788815
-0.00977343596606284 0.139464171918341 0.0432085323658202 0.0256442373227658
-0.113473443943082 0.0608099002419315 0.00125043289079505 0.060592720486657
-0.14444487501148 -0.0460967972048997 -0.0117745758534811 0.0633558066392554
-0.10859934086515 -0.0388760769137526 0.0352404948650395 0.00742128333095136
-0.0863411421091033 0.0105885563029593 0.0402478894054207 0.0107054726442214
-0.0385866300166812 0.0846084738592112 0.0570257666408698 -0.0105325840917496
0.0423510383651071 0.083552652324565 0.0480046898124176 -0.0437224072049563
0.0861772883436883 0.00184149670027018 0.00550746260857818 -0.0599578124545156
0.0553272159342447 -0.0654946488393996 -0.00882415005806191 -0.0519835249567624
0.0321608058915216 -0.103058313757426 -0.0114857825900156 -0.056112135052501
0.0268014664598638 -0.108212877814686 -0.000409493813708061 -0.0599559474303209
0.0277068916415745 -0.109042386668863 0.00949286926526959 -0.0508605047485631
0.0527130732726343 -0.0890260242361077 0.0181861570694141 -0.0577096366596246
0.101101721536573 -0.0428242754794484 0.0388434264747765 -0.0576793762817385
0.0962509874081198 0.0734614061669746 0.0740005229170561 -0.0207172700761351
0.00466691050521982 0.127553150676912 0.071839076971458 0.012165126186418
-0.0958458341962021 0.0701608599618273 0.04426572865557 0.0625117746498844
-0.137784004202032 -0.0327856942740789 0.0434275260554546 0.0942454881774707
-0.0845477348096445 -0.0370260611023087 0.0526508656213948 0.0262966469030525
-0.0754288118522924 -0.0179820467973243 0.0434262690889196 0.0290062164191435
-0.0593963043393115 0.0536564561467816 0.0631641579624967 0.0198785149023867
0.00493398471919376 0.0779981124314959 0.0734223085881104 -0.0193199671145479
0.0579133195044946 0.027952823444701 0.0442971387570587 -0.0609756450092194
0.0483785947110389 -0.0322383440570275 0.020189538220873 -0.0760487177603028
0.0315225813269724 -0.0695457612080702 0.00664167408720081 -0.0908132475488893
0.0266541051808496 -0.0796141121630091 0.00811075994819513 -0.0952481689010307
0.0243739564169152 -0.0793049796527473 0.0164071714945137 -0.0846995022898895
0.0350781271531284 -0.0688233441854211 0.0233632529066164 -0.0839087738828452
0.070561043932216 -0.0426264836409994 0.047383195968514 -0.0795519105641113
0.0757290158553419 0.0420305562259981 0.0858267709456805 -0.0411273414814911
0.0177668775931794 0.0929540430378576 0.0849475353880465 -0.00465078739525962
-0.0581362998226235 0.0634511803301096 0.0765024855017927 0.0517185444844103
-0.104508695155344 -0.0140765068942424 0.0944253122694452 0.106572141797465
0.0546366118635157 -0.0323906457518726 -0.129313637213774 -0.0762239369628111
0.00998427097302328 -0.0472397561597388 -0.113409531308902 -0.0324836478302088
-0.0248577818438892 -0.0347585427001985 -0.08495218607222 0.00936305100797442
-0.037636360747746 -0.00518824559901615 -0.0782538344812351 0.0403460471849162
-0.0282825749789507 0.0254643056606364 -0.0603381828764926 0.0761908142160675
-0.0121524644991724 0.0349581692451984 -0.0389751621061471 0.101459927052293
-0.015288427532864 0.0392166548740158 -0.0213574842182959 0.118927727915629
-0.0210976547497017 0.0343460245470233 -0.0173202266742963 0.114930511522503
-0.0286782321812413 0.0206704331718876 -0.0277084189869094 0.0970033906547866
-0.0348500324192596 0.000735179541229876 -0.0431704063961536 0.0780387687819522
-0.0268734011117998 -0.028334078398472 -0.0704520174532188 0.0479181170368596
0.0171218717200999 -0.0523071364383654 -0.0772425993776689 -0.00706252450381513
0.0557821870139908 -0.0257740490659165 -0.04273571941061 -0.0372826039152387
0.0546090231512358 0.0233026931292043 -0.0274598032095913 -0.0279717927717716
0.0504861291993615 0.047484010083904 -0.0642395704482175 -0.0518212800164172
-0.00510975758395116 -0.041773683327581 -0.128256453166031 -0.0587229937099752
-0.0342090832578452 -0.0133054201247137 -0.0976486592198403 -0.0207916993455845
-0.0208190418848181 0.019722143587849 -0.0746893153267222 -0.000130162925426467
0.00418998336743954 0.0198750959740768 -0.0814606043347661 0.0314700801878824
0.010997376759614 0.00479461421030693 -0.0709314705478917 0.0785475017909963
0.00380086619923639 -0.00481788425802364 -0.0466013978781923 0.108676624865373
-0.0083009038929282 -0.00818341018523886 -0.0274976969543284 0.122792208294008
-0.0134836585156975 -0.0137652324677502 -0.0220773735054744 0.115539693641046
-0.0129984321166573 -0.0259262980122771 -0.0357836589650503 0.100183167642829
-0.00173695525945869 -0.0257215082132447 -0.0528886608970005 0.0736643346966694
0.0158234370127915 -0.0250608044226216 -0.0771252573944934 0.0356270332295054
0.03712343977989 -0.0111065153920412 -0.0714789457846295 -0.0139166724376018
0.0414853123904983 0.0129427334881556 -0.0388920652747402 -0.0391105455475305
0.0240161818408528 0.0288585414370772 -0.0382540534534099 -0.0278201994349572
0.00977596514040505 0.024076400288881 -0.0785322208855554 -0.0581803843238137
-0.058570311812423 -0.0423071337170619 -0.103310637303507 -0.0425398162083224
-0.0641047812178989 0.0221509589469896 -0.0626960980365455 -0.0194785021511989
-0.0105077963823701 0.0652451376744478 -0.0566933310328831 -0.0204346223076293
0.0449553152762455 0.03704709147089 -0.0798386838839792 0.0110480489925248
0.0455142025300999 -0.020219248244186 -0.0792609920836204 0.065468008690211
0.0159392155183985 -0.0437413069400021 -0.0496009806465854 0.0979241772935871
-0.00169888723125787 -0.0532718972930357 -0.0309739751887555 0.108259000026291
-0.00409564252971056 -0.0574851666964174 -0.0225615438432672 0.0990319879483011
0.00464410719217105 -0.0663140089652736 -0.0341979154570843 0.0882376959710395
0.030335081852394 -0.0475099225671291 -0.0474104846063494 0.0617647105255166
0.0553407187071243 -0.0177878021332066 -0.064990816648607 0.0268870469257751
0.0531797016467735 0.0327500769671328 -0.0549161089361113 -0.00573572303387466
0.0181946678983757 0.0508765060373835 -0.0356652358940205 -0.0234838474173313
-0.0160244279978071 0.0276845581120183 -0.0520581126879322 -0.0149806630778345
-0.0359104005592376 -0.00472742859183524 -0.0845466457947866 -0.0473030925733898
-0.0984131381362057 -0.0395623642125841 -0.0666554658403524 -0.0271689876239562
-0.0846257208110687 0.0461394777887493 -0.0276548371937262 -0.0192853083542994
-0.000852257816598841 0.0978111289952719 -0.0319489073497008 -0.038987128691625
0.0753930056965767 0.0513604147224206 -0.0644482297735434 -0.0155073940572777
0.0761566658617415 -0.0380632644217308 -0.0786506272614972 0.0374269634068718
0.0280413633863314 -0.077230256708038 -0.0508110775176878 0.0714276688945074
0.00545844143659377 -0.0923210307135034 -0.0320329438676056 0.0783179999525665
0.00535227188084198 -0.0942648657203751 -0.0194928219969895 0.0687614863462156
0.0181573120148629 -0.100366021727151 -0.0248419049763016 0.0634795744191376
0.0562735312887269 -0.0696513347450873 -0.0305883589513334 0.0407413815614349
0.0923212105979326 -0.0160421479440952 -0.0388079690359964 0.0172409788783108
0.0718136787656699 0.0720897856283822 -0.0268742414941159 0.00745490299418948
-0.00286386939592427 0.0912300009482154 -0.023058502952725 0.00235350409091301
-0.0629808429994902 0.0324740441491938 -0.0551009083721175 0.0112873426817742
-0.0849521682530503 -0.0317876211898109 -0.0811271166535661 -0.0183460863749568
-0.120670369072898 -0.0344259919069304 -0.0286303411616044 -0.0175652135229
-0.0915240897166058 0.0542354806204335 0.00346155752854089 -0.0155603732774339
0.00232015963962106 0.110044377587303 -0.000931743187998032 -0.0460691556428135
0.0882162991208335 0.0604756138446689 -0.0354854978327976 -0.0385686430652947
0.0933669170475968 -0.0444549688821151 -0.0637974194297048 0.000394890900182552
0.0392376256098059 -0.0945734049690282 -0.0461901483154416 0.0316510489299646
0.0140619448284353 -0.116964897381011 -0.0315349372929565 0.0366473990018422
0.0132617941156315 -0.117448375215982 -0.0153146118289879 0.0287452160161055
0.0249839320733346 -0.121859976295949 -0.0126436988496259 0.0297809984069146
0.0683729296014475 -0.0887440750793603 -0.0104295218545782 0.0121199662995647
0.115850625995821 -0.0247423287461059 -0.00833454042042767 -0.00223485879990463
0.0919290653224612 0.0947704004030043 0.012005851184015 0.010603487573762
-0.0125668752130212 0.126910985618766 0.00791121015159709 0.0223995939627893
-0.100873622227437 0.0456622114596643 -0.0366364293386169 0.0421393582120736
-0.126019430964787 -0.0461211530609451 -0.0550802718715827 0.0228385371284803
-0.12222944388145 -0.0349440777452952 0.00836674910337478 -0.00569090713810501
-0.0913021302522624 0.0393865307188506 0.0291652315876836 -0.00732844538990244
-0.0135668237850482 0.105589268949371 0.0323335158762198 -0.0371541557224344
0.074703798090189 0.0745084388020532 0.00584213144638145 -0.0510322465063407
0.09825191526054 -0.0267299268118537 -0.0347781264569389 -0.0369702186660573
0.0511748684379911 -0.0884908072660094 -0.0323241713887764 -0.0133647043505862
0.0260430512929211 -0.119277388708395 -0.0238799541646966 -0.0111711968865507
0.0227706612620882 -0.121111108159323 -0.00812320121470875 -0.016951372328411
0.0292031690248995 -0.12297787900256 2.89344235760194E-05 -0.0116019566061703
0.0663151986095069 -0.0941997616468272 0.00812195009400695 -0.0240796531496238
0.118176260581793 -0.0339217812129739 0.0216372765691392 -0.0290506914501895
0.101268348822486 0.0951029561416019 0.049691844326464 0.000528555388188678
-0.00853956790460925 0.141244856560309 0.0436409025904559 0.025037855644861
-0.114180283170447 0.0618001610066007 0.00142554412071294 0.0612268002900944
-0.146252246494528 -0.0456160376339581 -0.0110311981761705 0.0639268920127205
-0.109995931930668 -0.0381748389262824 0.0355054069798268 0.00750555336871907
-0.0876254002190439 0.0114523043547208 0.0408502470547511 0.0102926193231338
-0.0383622829105341 0.0852678275650555 0.0572914471350867 -0.0110060194948961
0.0433780599416116 0.0843921743710906 0.0480413083582097 -0.0443273587822388
0.0873159682491925 0.000977915259793309 0.00492927440486303 -0.0605532960880298
0.0553105547589523 -0.0662905463153472 -0.00904095310226829 -0.0522010737873371
0.0322906605741018 -0.104009621634662 -0.0117033972191153 -0.0565647622865509
0.0257640819009302 -0.109825409753629 -0.000673860261463145 -0.0603549134270436
0.0270714810649515 -0.109928041173009 0.00959896980600413 -0.0518591423676986
0.0525713620475021 -0.0900582695313451 0.0178664114514678 -0.058426945516372
0.101986655239796 -0.0439980224086202 0.0387555985337176 -0.0583530165140345
0.0978172393980862 0.0738355395594023 0.0748602884180775 -0.0213132739685854
0.00574319617034794 0.129016351940894 0.072057872405372 0.0117910868221165
-0.0966317034648448 0.0714054112217969 0.0449402046168203 0.0627216065975407
-0.139758158832481 -0.0324248159668821 0.0447891771860748 0.0945991460418422
-0.0857241955181879 -0.0367117398210758 0.053585239982401 0.0264408002001851
-0.0763772485094877 -0.0174550070883593 0.0444242597489179 0.028525040994642
-0.0595482461033629 0.0546636764171877 0.0640597494928567 0.019657897446105
0.00527680306879028 0.0790818944964561 0.0737309540241648 -0.0198448824279937
0.0583405330185399 0.0276567380355381 0.0438217893668344 -0.0613215801071619
0.0483843536150036 -0.0326978204432008 0.020217359116424 -0.0763809757505473
0.031381463174519 -0.0702612458251312 0.00611560342029876 -0.0920165696590154
0.0264069481617304 -0.0808150717172941 0.00761639224343558 -0.0964932181155505
0.0236235208277286 -0.0803097795725587 0.0163875821363879 -0.0858824781380566
0.0345848837730947 -0.0694977452888702 0.0233324234501146 -0.0848215146137396
0.0709782686453962 -0.0434733687010584 0.047313974306445 -0.0806270063688766
0.0770915876840303 0.0422141650130434 0.0859220681612156 -0.0420536421692863
0.0183493679879797 0.093577346193787 0.0853391004424191 -0.00485099884509353
-0.0586801348699849 0.0643115282537085 0.0776280545649089 0.051619787297495
-0.105411019267051 -0.0134833911819142 0.0963669291535478 0.107008630826221
0.0545506933056762 -0.0334169707346976 -0.13178931419269 -0.0760824187194144
0.00984739560369652 -0.0473094599659952 -0.114844442500982 -0.03202398588421
-0.025080021848162 -0.0344756663548009 -0.0856504117568023 0.0100122389279964
-0.0377317514545611 -0.00518008753022972 -0.0787167693296854 0.0407322799666079
-0.0282576753028819 0.0263144699039505 -0.0602023064366721 0.0772212326508429
-0.0119987845296479 0.0357774051163248 -0.03837882213077 0.102703939195003
-0.0148033895059246 0.0399392839112319 -0.0210304435944302 0.121100464560233
-0.0210821106338543 0.0349467777524525 -0.0161815003745716 0.116337098843956
-0.028914712477896 0.0214890254059218 -0.0271618199127997 0.0980893347594715
-0.0347763129966419 0.00105055440475042 -0.0431030743673195 0.0784637114959606
-0.0277636947303199 -0.0283031219575195 -0.0711211332727743 0.0491809782667755
0.0163464191395366 -0.0531815697368912 -0.0776400399688233 -0.0061395202761077
0.0560226530232002 -0.0264688760386817 -0.0430194604659387 -0.037326411621161
0.0554658133734072 0.0231670247998933 -0.0272483244233373 -0.0279762710206979
0.0510866877069938 0.0471327463716258 -0.0655774156975578 -0.0517219590400475
-0.00577979998115205 -0.0422829275651828 -0.130692344564976 -0.0577715123124903
-0.0342604548690502 -0.0129089210114558 -0.0988470687093311 -0.020041017407977
-0.0206084099518804 0.0198639868889361 -0.0754022229051306 7.47319874256574E-05
0.00446525032472883 0.0205306399997878 -0.0816669644952252 0.0325766437551536
0.0120475540495696 0.00420989186363862 -0.0719777265200667 0.0798716640231207
0.0038078440508455 -0.00523552474446952 -0.0463092415451806 0.109704878936089
-0.0083089557881276 -0.00787425294538911 -0.0269288154918647 0.124552690311111
-0.0134199180863237 -0.0138009496383998 -0.0215944040643909 0.11697521639252
-0.0131906879615173 -0.0259310564164897 -0.0356151490281038 0.101399368593851
-0.00187346268076199 -0.0258475698910526 -0.0526721328336113 0.0748044307922873
0.0153436766949732 -0.0249649548931553 -0.0765281607706488 0.0368316922176551
0.038063025570656 -0.0107277242595643 -0.072229687356743 -0.0140411833890111
0.0417899643870167 0.0125249650346015 -0.0397508188330161 -0.0393456674610364
0.0242275249030842 0.0292134727126893 -0.0382818965742728 -0.0279354823336466
0.00965376206770421 0.0248566992974957 -0.0794530325722449 -0.0576535778246665
-0.0596619807553278 -0.0419117552421965 -0.105101575637488 -0.0419967041309822
-0.0649839701948621 0.0234389239126642 -0.063370111498467 -0.018897320030496
-0.00974076006257282 0.0662408171346928 -0.057655056744623 -0.0206680350001946
0.0461141967593687 0.0372087396627536 -0.080139579619207 0.0111692522854245
0.0459826867593688 -0.0206431837589763 -0.0798985729432272 0.0667874155849474
0.0159363860989718 -0.0450256508832348 -0.0496844062843876 0.0998554320782508
-0.00227290091928308 -0.0541508249587918 -0.0303221819875067 0.110427547580102
-0.00481561141244776 -0.0583722613306373 -0.0217331792594431 0.100633231998708
0.0040626076983762 -0.0670896127070005 -0.033819106177955 0.0896865199719516
0.0307910516608071 -0.0481245586120331 -0.0477256686015599 0.0626978589393742
0.0561007747735073 -0.0181112174531146 -0.0651929941664937 0.0272785383435893
0.053253081658617 0.0331008039609186 -0.0550894151165619 -0.00556674168471561
0.0185388885652987 0.0513464035790077 -0.0360073997588626 -0.0233479210476135
-0.0160748686465074 0.0279937270316959 -0.0523512040183904 -0.0148253311153428
-0.0366980614987508 -0.00442015086284248 -0.0860419568189609 -0.0469176279633847
-0.100225113442701 -0.0390965285123705 -0.0675783188415083 -0.0271253082881856
-0.0856982192154977 0.047633193925874 -0.0277255639495569 -0.0191476131712717
-0.000546945893471273 0.0991504505526382 -0.0323345387539347 -0.0393130733035485
0.0766471753624885 0.0515125727154605 -0.0651434861816382 -0.0157372482999816
0.0765021832391009 -0.0390483161049213 -0.0793268013903174 0.0380621806429169
0.0277790810740531 -0.0783478827741056 -0.0512937727391465 0.0727995288055675
0.00515968094518226 -0.0934540985726518 -0.0316208244758003 0.079669421686569
0.00480702800512736 -0.0955180559473687 -0.0187889606982136 0.0694668888740585
0.0177284516248344 -0.101496798020004 -0.0243417472239585 0.0643330318586268
0.0563947442003348 -0.0704191674535432 -0.0303367332507712 0.0414440697281994
0.0931243862651183 -0.0167216776072769 -0.0389513048751676 0.0178830957243491
0.0731938844073108 0.072659655426114 -0.0264194786738207 0.00806542305555566
-0.00243971929699521 0.0922848229097008 -0.0234143221338331 0.00213362828889329
-0.0637151990002898 0.0330123893047548 -0.0555636491803159 0.0118697718770778
-0.086558366527704 -0.0309329339556136 -0.0821676896071835 -0.0176864902237677
-0.122371386390796 -0.0338403052627892 -0.028549001215753 -0.0171179065855635
-0.0922039738839355 0.0557290720309906 0.0034776701312669 -0.015977156517698
0.00320098240766601 0.111557080501152 -0.00093675698322172 -0.046585247954318
0.089718969285614 0.061259182008896 -0.0358590390414123 -0.0390306370040006
0.0941978085197429 -0.0454385341407795 -0.0646707483295696 0.00118136615782495
0.0389563374169528 -0.0960308260083556 -0.0465725138383246 0.0323581768611369
0.0135103656344236 -0.118078535989571 -0.0312666247422968 0.0369475625115145
0.0121967874754434 -0.119030990454724 -0.0151652657732307 0.0291955128142476
0.0244420324656469 -0.123242337173603 -0.0126408365667617 0.0304444539527726
0.0678844339370077 -0.0905044421046438 -0.0105129802536332 0.0124869050637373
0.116780228658185 -0.0254567373674997 -0.00787063763784415 -0.00208278306172174
0.0934235243921244 0.0960882359515315 0.0122693627991362 0.0105127468958739
-0.0118369409387625 0.128299672425242 0.00771628143675025 0.0221893207256449
-0.101827933772308 0.047254834197246 -0.0367859827189287 0.042910740788252
-0.128066202248305 -0.0450429742261425 -0.0555989091666089 0.0234593458840834
-0.124018954183945 -0.0341711733749769 0.00861104392367955 -0.00566930892947838
-0.0922665511341629 0.0405427119951885 0.0293395854975715 -0.00770548569759158
-0.0125601690622156 0.106876932934658 0.0326706035802791 -0.0379348777043304
0.0760650280329746 0.0751299476162726 0.00598599464411951 -0.0517334749061638
0.0991948547567879 -0.0274356943500652 -0.0350853060454596 -0.0367411877041479
0.0511042518019202 -0.0897360655774047 -0.032870212221079 -0.0129288354954866
0.0250170246995834 -0.120772643835655 -0.0236629810909537 -0.0111479226448645
0.0219836131308526 -0.122674078044789 -0.00808481434971043 -0.0173911489560944
0.0289839759237176 -0.124190060622711 0.00044993260779796 -0.0115331818702456
0.0660867740893733 -0.0957404446196411 0.00809934413985845 -0.0242479640134258
0.119021063053771 -0.0349288504295853 0.0221559835113014 -0.0294719324023984
0.103549119556185 0.0955788318422757 0.0503802721115875 0.00049231716116052
-0.00761015641581361 0.142800549507889 0.0436353961099608 0.0253387849574002
-0.11555791164673 0.0636275822466501 0.0019600279828351 0.0621415149779989
-0.148918546673085 -0.0448109651505755 -0.0104695980386532 0.0646964820882323
-0.111667299398402 -0.0372583256548722 0.036481347468788 0.00674405100126046
-0.0885240755759904 0.0121788379217751 0.0414136103594076 0.010099150365003
-0.0380717144438426 0.0870768749079693 0.0576040322438212 -0.0117697127484773
0.0445809817749321 0.08502920926008 0.0480983960967891 -0.0447406670420299
0.0881550543910641 0.000550692417668095 0.00419908867777561 -0.0608221200154058
0.055390746636072 -0.0676184021908905 -0.00928439098555405 -0.0525032147661201
0.0314639830015069 -0.105391960638223 -0.0121484742207084 -0.0572737633438877
0.0256937462454209 -0.111387229164203 -0.00127625182276189 -0.0612349120573021
0.0265898086873972 -0.111412674013865 0.00935121776515363 -0.0523779124649146
0.0522946767504168 -0.0912634567010888 0.0178750084241544 -0.059054170198543
0.102510222715061 -0.0453702989158339 0.0389575419485901 -0.0586966670978226
0.0995326021598219 0.07434397070296 0.0752162123705174 -0.0218939789452278
0.00683916752875383 0.130713740481332 0.0727119758184503 0.0115551106764009
-0.0972043040105519 0.0728814292097223 0.0454700440064632 0.0630717315079318
-0.141388740505962 -0.0312128050124627 0.046206710655736 0.0954585191986994
-0.0866935934098509 -0.0362576479476127 0.0549178679915718 0.0258465428410105
-0.0773451057969203 -0.0175406840195841 0.0452089346625825 0.028358768505757
-0.059385932766604 0.0555970844079785 0.0640685004770029 0.0194438194356501
0.00579866389812429 0.0797171376239236 0.074307874381077 -0.0202977587020196
0.0596351749499184 0.0272281413748751 0.0436398472940265 -0.0621245846866793
0.0485619562097269 -0.0332648647413145 0.0198579027163171 -0.0769384926020845
0.030772233034534 -0.0712653730100019 0.00617560129117215 -0.0930212826318948
0.0253267168653978 -0.082252737137224 0.00708222603862005 -0.097651120916455
0.0230872698822274 -0.0812856365851957 0.0161214629621269 -0.0871328127926547
0.0345556614493036 -0.0706711078217865 0.0230367723892651 -0.0863141477903593
0.0708672632072092 -0.0446385361758592 0.0475417384265498 -0.0814514191661911
0.0780174517231148 0.0418711113219058 0.0866461955393078 -0.0428815439048337
0.0191953797422765 0.0944419957656169 0.0858596095143448 -0.00468544545664167
-0.0587676606262905 0.0656415379785021 0.0788620557438048 0.0515080778770944
-0.10724817147626 -0.0129596191911086 0.0984795054216616 0.107405123514735
0.0549812766086538 -0.0342168970278062 -0.134349612511859 -0.0757185550395565
0.00945740996596291 -0.0478512752685444 -0.116941159606952 -0.0311271009547708
-0.0256392365112157 -0.0351414695163317 -0.0861923472573368 0.0105540309291473
-0.0382847848961779 -0.00506691806465655 -0.0793784154147076 0.0412643303747163
-0.0283368547336082 0.026541553173002 -0.0603964510158261 0.0786610604796116
-0.0115402458760901 0.0359977811697632 -0.0388271224573328 0.104686201464412
-0.0145172352766633 0.0408698066635656 -0.0194691020459494 0.122622830552437
-0.0206484206607064 0.0360300317507542 -0.0153908605904095 0.11789533845804
-0.0293848313171272 0.0215717384774754 -0.0265619055812014 0.0999153454271849
-0.0354869875385912 0.00114245145347323 -0.0432247512486598 0.080037895187834
-0.0282286643777655 -0.0283375004088058 -0.071275117237009 0.0497298226977851
0.0154280760838066 -0.0538600491234472 -0.0782359494047863 -0.00558332012156789
0.0563326505535232 -0.0276108883828113 -0.0437498665492724 -0.0373800390221719
0.0560688988392773 0.0226624726641032 -0.0282467738935596 -0.0277984193930918
0.0521070589238468 0.0472487847629016 -0.0670326186911463 -0.0519722225035015
-0.00669860114564349 -0.0422446867829856 -0.131951892004625 -0.057511186683606
-0.034677262568075 -0.0122263562104752 -0.099730925256035 -0.0194013699487518
-0.0201701280969386 0.0203361394830254 -0.0759017303797337 0.000508653971047732
0.00522133008797086 0.0207608275725077 -0.0822498469561619 0.0326687514193935
0.0117708408931021 0.00424263705211564 -0.0712274448284452 0.0811369630094908
0.003617763856245 -0.00534766965043279 -0.0461227341648254 0.111213874131585
-0.00807006372692228 -0.00815391379090783 -0.0264047246964537 0.1264119930119
-0.0135469428648 -0.013728851205208 -0.0203265269963788 0.119004975147307
-0.0134742652215697 -0.0260717377180131 -0.0348177396598298 0.102580345228083
-0.00220160314279412 -0.0258439099642957 -0.052691592555769 0.0756633538727588
0.0154375850165236 -0.0251374950550518 -0.0771161756391316 0.0375426566753305
0.0380046337059845 -0.0115032975356091 -0.0723447381009096 -0.0133551199352256
0.0425270129095224 0.0126657383262692 -0.0401738049861793 -0.0397000857769403
0.0248670494382868 0.0287288366875898 -0.0390787288204722 -0.0280071530346713
0.00987661979269928 0.0244493132002849 -0.0814531726434184 -0.0575585859585504
-0.0614121351600307 -0.0421778953823437 -0.106809108102583 -0.041421393091392
-0.065275562217171 0.0244968651928632 -0.0643357112745424 -0.0185016029951723
-0.0090772956060487 0.0672425744691706 -0.0580214210685091 -0.0208076131852453
0.0469369625232729 0.037475646531753 -0.0805842186228669 0.0117183116623198
0.0468277638258118 -0.0218421229557947 -0.0804014758866916 0.0680718311324821
0.0158142450103448 -0.045779366629373 -0.0494110884460094 0.101367514308026
-0.00262797310699665 -0.0550885057145488 -0.0299113939898426 0.111775043652583
-0.00527933553805802 -0.0590868115693544 -0.021007115318367 0.101915593868734
0.00345806036647383 -0.0679163107425312 -0.0332247993815531 0.0908576151024219
0.0308669099514552 -0.0486694267215068 -0.0472692953718766 0.0634716644465496
0.0562525289647778 -0.0183554641214875 -0.0653191894720459 0.0280335913214484
0.0547288854946537 0.0332354180394757 -0.0553237597932792 -0.00537652391036691
0.0191489586030986 0.0517009268080616 -0.0366205926716578 -0.023624051718787
-0.0165685840418629 0.0286489510827097 -0.0529672670627101 -0.0145203063887418
-0.0373389136956218 -0.00382454426629661 -0.0876027081521926 -0.0468529330734605
-0.102762030597271 -0.038503932956722 -0.0682087019711247 -0.0262704184399966
-0.0860689081437469 0.0490780964042285 -0.0282770397389684 -0.0192211194780512
0.00107019615729671 0.100665017885586 -0.0329711287035556 -0.0402302851024564
0.0782829108675929 0.0516871275719751 -0.0657946018339746 -0.0155286832508292
0.0774017356319408 -0.0405486849622747 -0.0797968594420493 0.0393163066373934
0.0272993377371222 -0.0795813875762871 -0.0510687538299446 0.0738593555785828
0.00421579216246354 -0.0944137991370757 -0.0312178190490734 0.0805933711166059
0.00375957350308615 -0.0969929790196948 -0.0184139765935035 0.0700614728670074
0.0172353493728502 -0.102879003466448 -0.0242341939659087 0.0652438427237458
0.0569796456929712 -0.0715017029012431 -0.0299887558397301 0.0421362574802945
0.0940454507782113 -0.0176820829205344 -0.0393189313397827 0.0182776883136528
0.0743190883242967 0.0733187181859979 -0.0267373098235959 0.00818152175649913
-0.0014648414108274 0.0938479261050299 -0.0235966238717717 0.00227987429288324
-0.0645842072944824 0.0343439498951019 -0.0560673296777223 0.0123811709246161
-0.0879750696146084 -0.0306793698080534 -0.0834985165864145 -0.0173596025822791
-0.124187919048446 -0.0328784838107205 -0.0291428567582731 -0.0174581304050674
-0.09282590140426 0.0573472867258397 0.00356165761354335 -0.0163832982145737
0.00396671981327622 0.113434404742688 -0.00145252298876435 -0.0472071441830163
0.0916971119764517 0.0612602165468093 -0.0367272739151959 -0.03954516160274
0.0948724399689061 -0.0469009268853311 -0.0653370392344829 0.00169687783085794
0.0384423802733264 -0.0973753396471784 -0.0466301532421457 0.0334254059549878
0.0127472604331714 -0.119818322067494 -0.0314449667062239 0.0380001897389886
0.0114629610135054 -0.120703467440789 -0.015044901101265 0.0296632537151865
0.0234761377699177 -0.124883805514442 -0.01217456860071 0.0306131697515372
0.068574984580585 -0.0918028083922792 -0.0106116687347137 0.0122888087598423
0.118034533750296 -0.0265430478695857 -0.00790871618506124 -0.00173443941746134
0.0958190111540928 0.0965137239683593 0.0128258987113473 0.0102674296505597
-0.0106423139733147 0.130101657368871 0.00781236006295544 0.0221201780418087
-0.102885078157821 0.0485648095817611 -0.037169830948286 0.0434149110872122
-0.130128056068333 -0.0444466596897549 -0.0556232905042969 0.0242681693460444
-0.12605755522084 -0.0336086611337543 0.00869768222792743 -0.00573741904475283
-0.0930870296033536 0.041921322962663 0.0295810451646408 -0.00829217379528713
-0.0118563366825904 0.108076265138576 0.032405902798044 -0.0386333811482323
0.0776521848784241 0.0760097802970153 0.00584887022718634 -0.0525378193116394
0.100178488326965 -0.0287932364465601 -0.0362472551440162 -0.0364608074807942
0.0506242872172523 -0.0909978607556529 -0.0330059674313815 -0.0126351835239024
0.0248477892791106 -0.122529686764567 -0.0246274395998882 -0.0113389403960975
0.0210960763122687 -0.124483251136679 -0.00832833190449802 -0.0173326899444293
0.0282274098176395 -0.125782174478703 0.000259694483559624 -0.0120295057329689
0.0661677620044421 -0.0969696755898607 0.00817720162501582 -0.0249832601679809
0.120324108027331 -0.0362527488845232 0.0219929519641741 -0.0298608498489798
0.105397592748678 0.0960909645137107 0.0511156017695099 3.11786587400057E-05
-0.00658314618689903 0.144900491906604 0.0441595781440418 0.0255013461258333
-0.116144842130465 0.0650312554329724 0.00221109093737496 0.0623333085030252
-0.150900601209203 -0.043743541980166 -0.00978664807153092 0.0653971443392738
-0.11341403018106 -0.0366711351583748 0.0369855862451359 0.0068634880883924
-0.0895326100263687 0.0134825023116355 0.0421714853218271 0.00959282363113215
-0.0376395856515767 0.0881950174982798 0.0581858312855598 -0.0124598373529671
0.0458353082565581 0.0862921123698724 0.048364655738166 -0.0455014280126313
0.0889080381335554 -0.000344874265595112 0.00385146259548659 -0.0611116335624116
0.0552713783165833 -0.0684504099522117 -0.00965912707533294 -0.0526367927858679
0.0304824807298549 -0.10704672744255 -0.0125690700707223 -0.0576243263837636
0.0246389521758271 -0.113326371325549 -0.00161803342265892 -0.0620999965562831
0.0258826500297041 -0.11305453679648 0.00938109584295817 -0.0530686708930388
0.0523612767305907 -0.0927083618045646 0.0179198381725889 -0.059808075832516
0.103335498273794 -0.0465334791487126 0.0387713700858959 -0.059508393185968
0.1015493628797 0.0740997873577213 0.0760716557572386 -0.0225594695854493
0.00837383869418506 0.132337043507162 0.0733751634298946 0.0118014029887596
-0.0982044482216316 0.0748705071623839 0.0468557265664803 0.06299398240733
-0.143737049183194 -0.0305931486677227 0.0484668658814865 0.0960183814290187
-0.0877601665774409 -0.03552257723338 0.0557432900220461 0.0258164680924133
-0.0785508241582647 -0.0166627576750878 0.0459731924503583 0.0281556153821192
-0.0599535897571252 0.0566915762225897 0.0647756815677114 0.0188176004390089
0.006870630598551 0.0809996031041039 0.0746267003173584 -0.0207049301712199
0.0602152420689287 0.0272764864654335 0.0432635838999167 -0.0622142284364903
0.0487813922098789 -0.0340672425179447 0.0198893021517386 -0.0778330904658949
0.0306160455104416 -0.0721553758172759 0.00521216881208984 -0.0945869606284524
0.0250647665388826 -0.083640994878094 0.00634926062315126 -0.0988201549544992
0.0226489286325389 -0.0823152718027123 0.0159077444192971 -0.0880574488963243
0.0341617215481506 -0.0714186873165391 0.0226085623362422 -0.087116210880151
0.0712609595778787 -0.0454098708348494 0.0475349790390852 -0.0821657766481731
0.0795416951463883 0.0419994583988292 0.0870731316867635 -0.0434312360080866
0.0202164356087356 0.0954910578921895 0.0866177968279798 -0.0054193698807455
-0.0592700057217994 0.0666975360493294 0.0795760907526574 0.0514972233556599
-0.108516393486028 -0.0122563395689509 0.101072435150077 0.107459362794587
0.0546720923071688 -0.0352557868321368 -0.136662394753805 -0.0748437728874074
0.00940071968171545 -0.0480610006707259 -0.117807563464099 -0.0306549861883376
-0.0261903954216064 -0.035094996983547 -0.0870329776647204 0.0110569615670064
-0.0387335814508886 -0.0041838123290401 -0.0795954934156152 0.0420194212807269
-0.0282303549489866 0.0268354135483728 -0.0608132781157777 0.079664931926804
-0.0114655563003447 0.0361475246769737 -0.0389620333559306 0.106357417357356
-0.0139193202171448 0.0410580233123034 -0.0193396907625626 0.12402721538989
-0.0200373031273491 0.0364125235658379 -0.0147354044927498 0.119783836487242
-0.0290575740489893 0.0223371537102486 -0.0262054750717468 0.101262292177891
-0.0352460739972677 0.00199656817782858 -0.0426080975511523 0.0806924236144963
-0.0284956789727423 -0.0276854555797585 -0.0709526525446364 0.0507249281788324
0.0149272759545142 -0.0544812041834195 -0.0785486242389987 -0.00562011433758237
0.0560863449609926 -0.0282170019831819 -0.0437532275861609 -0.0371771752021716
0.0567679735281847 0.0221837707506868 -0.0287303467029368 -0.0277401849504773
0.0528432559296605 0.0468714333025603 -0.0686906640166373 -0.0515275507289015
-0.00738581128123478 -0.0426566236309461 -0.134872296070703 -0.0569009669854422
-0.0354839341281893 -0.0116186828248668 -0.100903737954216 -0.0182111143409844
-0.0199521663225404 0.020847009272717 -0.0764459731248249 0.000974206718816068
0.00568901438755023 0.0212354108181765 -0.0830325201733917 0.0331588100403786
0.0123123963179781 0.0038391894212004 -0.0719774901030257 0.0827913890393837
0.00425703745756887 -0.00597573253361037 -0.0456959010100588 0.113532800234337
-0.0084578667075308 -0.00867013432615262 -0.025376577370957 0.128758999247333
-0.0138189782235183 -0.013683060940458 -0.0193883233635657 0.120657328402696
-0.0139545996060297 -0.0258562539872671 -0.0342776378689346 0.104445582524309
-0.00225303867510885 -0.0261512714750846 -0.0524808229137101 0.0767746688999499
0.0150709315328431 -0.0253203501581305 -0.0774109027939965 0.0379799901226822
0.0379537242887099 -0.0115447172334878 -0.0731678633261735 -0.0127716036573745
0.0428169815579987 0.012149409930897 -0.0405338564735046 -0.0400893071072186
0.0248310362246007 0.0292524466834405 -0.0395335439363483 -0.0276593710998158
0.00985129165994588 0.0250401784847859 -0.083678631301471 -0.0574273914732986
-0.0628130856080504 -0.0419815220792324 -0.108308246339733 -0.0408733532156408
-0.0660227081888284 0.025771607322744 -0.0651044027658217 -0.0181504479841376
-0.00806006227682184 0.068754246988294 -0.0588105546183377 -0.0211312764523002
0.0483440376252869 0.0376591831078419 -0.0817391275299737 0.0123433505586636
0.0471763646120628 -0.022615514596117 -0.0805653840709848 0.0695896041828166
0.0153184403159284 -0.04637708266262 -0.0490546561090424 0.103060767699759
-0.00286826056947186 -0.0556552911087795 -0.0290194874006049 0.11388921775643
-0.00568293266452899 -0.0600353577143828 -0.0202445774479236 0.103829463146915
0.00288990912730732 -0.0689056423697047 -0.0325303088289914 0.092266608199718
0.0309038400535135 -0.0493424174565719 -0.0472181974233248 0.0645911727658714
0.056949944921495 -0.0190415733623069 -0.0657429512491631 0.028619648034738
0.0551511854051863 0.0334213640434693 -0.0553677202884095 -0.00518836321578295
0.0195017133469153 0.0527027139316485 -0.0371444052920307 -0.0233086440921511
-0.0168827013288434 0.0289955538634016 -0.0535676354951962 -0.0139710107948411
-0.0379601463709852 -0.0039287824740539 -0.0892869713194201 -0.0460354463487615
-0.104492234956752 -0.0379841144745196 -0.0692829984122948 -0.0261506636343923
-0.0868947381545446 0.0510025462188179 -0.0288659277293721 -0.0191007146556719
0.00212286096470703 0.101961618860263 -0.0333861438393778 -0.040436942194571
0.080151714023768 0.0515132145523604 -0.0666399063119705 -0.0149933676569719
0.0779637579429021 -0.0419352157411581 -0.0809080874203793 0.0408553139162082
0.0271436538310838 -0.0805730483972134 -0.0505013053852344 0.0755911886122651
0.00366043238363118 -0.0959662206594204 -0.0304450768998122 0.0820916791601368
0.00276655601681268 -0.0983511917021261 -0.0179270744266213 0.0716116106797742
0.0159262436271739 -0.104258019508047 -0.0233315831390011 0.0665353896462322
0.0567221460498177 -0.0725947169638139 -0.0298293413126745 0.0429141008526989
0.0950789110145967 -0.0187078350940413 -0.0394234234869041 0.0189301309800784
0.0760746779442352 0.0734876638405658 -0.0266016931451267 0.00842353919782451
-0.000794456706016451 0.0948756051277061 -0.0238664935284877 0.00222062790220299
-0.0654685939890795 0.0353824319241274 -0.0567896284023241 0.0131361326174542
-0.08959357514005 -0.0303835054586938 -0.0844833318207069 -0.0165483839319136
-0.126826674509712 -0.0312957609218559 -0.0293041544437278 -0.0172326221959528
-0.0939255712616152 0.0593695466297959 0.00359431653288618 -0.0166098786047335
0.00573667783650223 0.114716216920141 -0.00164522005728854 -0.0480215705831978
0.0934151943518919 0.0612980946394543 -0.037075968546318 -0.0396835292590143
0.0958705133749646 -0.0483025283050934 -0.0663400583361304 0.00260085767736654
0.0380182642260724 -0.0990379282594887 -0.0471324694032643 0.0345764583718014
0.0115438486172822 -0.121155696576395 -0.0314975281857813 0.0385417985526842
0.00990917816052399 -0.12297389446697 -0.0149020108333822 0.0302957224724113
0.0225703099116945 -0.126676778126979 -0.0117100785902534 0.030988629662985
0.0682415042759508 -0.093406217854475 -0.0103803397242188 0.012668020434748
0.119388104650692 -0.0284403756301581 -0.00805703930906395 -0.00172354115295846
0.0979767850842128 0.0968691608461444 0.0133055646874596 0.0105967569182983
-0.00979793921859966 0.132117352974973 0.00799737027229053 0.0224918657675794
-0.104193025193009 0.050185348168472 -0.0369325907577723 0.0441072245289417
-0.132502322265862 -0.0438114542731215 -0.0561631363540469 0.0249321598638824
-0.128288908265909 -0.0326490793867974 0.00931721821796322 -0.00580521095361069
-0.0940686089624701 0.0436235443386856 0.0300768361221685 -0.00885450509253308
-0.0110819126414939 0.10961492761521 0.0327875815409131 -0.0393757353198218
0.079370215597868 0.0765712089087726 0.00562144770949232 -0.0530518864469449
0.100760658635906 -0.0298884002871298 -0.0369682660936884 -0.0362170456433478
0.0503162868607175 -0.0926358942993538 -0.0333713002546593 -0.0127985764707592
0.0240517170906586 -0.124033496755139 -0.0246310185357827 -0.0112074846268987
0.0194722906242809 -0.126442937263675 -0.00843758233641207 -0.0171329998162645
0.0268857047862804 -0.127658445129052 0.000543949339176748 -0.0121031384840206
0.0663065221950385 -0.0990859604347087 0.00829220616205066 -0.025248195864409
0.12127745071297 -0.0377082452422444 0.0223987159487107 -0.0299411683422575
0.108038569073762 0.0964582952962233 0.0515400270668482 -0.000613186279534575
-0.00498791216144289 0.146827482874034 0.0446512316298774 0.0252996229797796
-0.117493996898876 0.0675074442847879 0.00270800892343793 0.062833178409628
-0.153273007412398 -0.0429477075659038 -0.00898245260195035 0.0664050954073545
-0.115396775232158 -0.0356683309374939 0.038014455196502 0.00652551979493823
-0.0908263155039927 0.0140397690511276 0.0426449340518341 0.00937435888191582
-0.0370543749930037 0.0896152115206737 0.0585072322971819 -0.0130240947356085
0.047325432017711 0.0869394884210963 0.0484730394438413 -0.0464027914820174
0.0897147012998875 -0.00133114901331469 0.00303823325995238 -0.0611925282992952
0.0551896183516347 -0.0693542247650162 -0.00993138160074019 -0.0530232066482668
0.030020975349009 -0.108374373335848 -0.0132244826850332 -0.0585279609527043
0.0236431749205135 -0.114964808930406 -0.0022508127307986 -0.0629633842760045
0.0249385421564334 -0.114998037015419 0.00919641582347982 -0.0541270904994111
0.051997556417034 -0.0940539777581368 0.0176424022720914 -0.060670000237909
0.103752212528884 -0.0482250748732241 0.0391092481988383 -0.0603687974022775
0.103611091487601 0.0744256677485118 0.0768066767884625 -0.0234914430780698
0.00939603382177098 0.133981301254693 0.0737574301250461 0.0111468509781285
-0.0988609580784102 0.0763770778978303 0.0474691261507285 0.0637226893301724
-0.145992229802815 -0.0294960347322939 0.0500047702632265 0.0961132713127139
-0.089314213423223 -0.0350756366546042 0.0568763368147409 0.0254558394998143
-0.080363253966058 -0.0162730594166021 0.0468264412099097 0.0281321599465176
-0.0598664454601926 0.0580232499587485 0.0653444781034485 0.0179792580463817
0.00750312066092169 0.0822426847835173 0.0751237470117211 -0.0215286496515513
0.0612531997504475 0.0268932926855796 0.0430085475252243 -0.0628819634009122
0.048716979480082 -0.034589684641765 0.0197081808318484 -0.0783134975302778
0.0300135575608243 -0.0730766002064669 0.00471113622213594 -0.0955239095011708
0.0242316011745211 -0.0848640171697057 0.00545926586113296 -0.100400891441585
0.0220646830626583 -0.0837236580073384 0.0153334985187973 -0.0894075509669832
0.0343292013741844 -0.0727005140383841 0.022100770793583 -0.0886979801619073
0.0717409492895074 -0.0465678565199837 0.0471574010275043 -0.0834189856956229
0.0807862029845708 0.0419193007726611 0.0875905041835225 -0.0452016216319499
0.021429496342953 0.0967101865995536 0.0871233857344046 -0.00583022548833469
-0.0595106092792273 0.068138209487795 0.0812013887190172 0.0513768274547271
-0.110537884670275 -0.0113563963220052 0.103875480256069 0.107677997136026
0.0548332134187917 -0.0360506016397967 -0.139739727332735 -0.073815770890326
0.00924988006991289 -0.0488623197411451 -0.119623341782873 -0.0294691517125062
-0.0267869966595034 -0.0350103925314274 -0.087090480457866 0.0125053032975712
-0.0393830939855531 -0.00443706943669019 -0.0803937804613624 0.0433007528611137
-0.0282421115220179 0.0271098717652092 -0.060265006830327 0.0813159953606468
-0.0107889934802634 0.03618404357137 -0.0379000372830593 0.107891842624203
-0.0136559011043309 0.0414910103908761 -0.0175406673641192 0.126356084098069
-0.0203821484379315 0.0367990177290979 -0.0134477824580048 0.121817709300326
-0.0292017277955258 0.0230433122268674 -0.025471290840575 0.103071974136368
-0.0360092784934656 0.00230941048970418 -0.0425083918707353 0.0822263269432638
-0.02931768509481 -0.027817096450853 -0.0711654529825211 0.0515258765857382
0.0144766133541382 -0.055613327471912 -0.078975446535734 -0.00487049473412003
0.0563320186568093 -0.0291336756974744 -0.0445330901284887 -0.0374834770386622
0.0579747604300805 0.0217144658015947 -0.0291724974284312 -0.0279727721874739
0.0539870304539382 0.0467740067808353 -0.0704323410528667 -0.0514678504537801
-0.0080806483688952 -0.0434215042948122 -0.136973855405206 -0.0557365522264347
-0.0360240043560621 -0.0113688785208419 -0.102580486257403 -0.0178501332572802
-0.0201245257960086 0.022003634883731 -0.0768370890304501 0.00106484480242845
0.00570290983448368 0.0211073797366674 -0.0838792613560185 0.034327360932382
0.0123454271259474 0.00341380060971296 -0.0724135761472132 0.0841426178704671
0.00400758167441716 -0.00599786950528937 -0.0449501186933429 0.115480226079703
-0.00798270859207727 -0.00832833887915555 -0.0241801665454483 0.13056395867475
-0.0141311205637729 -0.0139461684808301 -0.0181653243734952 0.122736476028659
-0.0140990640742913 -0.0262503463721203 -0.0334495517596827 0.105834618727445
-0.00224441499865619 -0.0259010719016995 -0.0521509222789498 0.0780886558746486
0.0150752018745308 -0.0255168908158299 -0.077391676153185 0.0390707813735636
0.0380515028648135 -0.0120356773440697 -0.07318076135028 -0.0125831035353916
0.0429878691087302 0.0119050056015646 -0.0412967738821913 -0.0399809361392906
0.0253582346121173 0.0290172749417494 -0.0396349327696349 -0.0277681422420836
0.0103681898104919 0.0249942062498024 -0.0850804766381879 -0.0571172792980316
-0.0642351763909735 -0.0414336469536839 -0.110033033184561 -0.0400443982274052
-0.0665988867698677 0.0269482245297791 -0.0656994758540563 -0.0176198317215892
-0.00730696001002377 0.069857421669842 -0.0597826668840637 -0.020879475035761
0.049762086811958 0.0375741070752563 -0.0822640390023588 0.0127359115946121
0.0478246449567578 -0.023708625675111 -0.0811956529006965 0.0714197118652492
0.015192628786431 -0.0473856350643319 -0.0487462115098199 0.10494261140864
-0.00345598073859544 -0.0568549508630931 -0.0281249454999461 0.115670277876616
-0.0066823726250197 -0.0609860338523293 -0.0191622247272432 0.105102565420221
0.00228820026752276 -0.0697942590956251 -0.0320323017831297 0.0941154403248285
0.0305541509088741 -0.0501449137176171 -0.0470232037752 0.0656556067955077
0.0575295722223762 -0.0194859806202082 -0.0661554867168593 0.0297329055603674
0.0561712734116642 0.0334298990727721 -0.0559638179393108 -0.00466267892757816
0.0202814986647593 0.0531322119034401 -0.0377748342445415 -0.023738487448712
-0.0171704188129525 0.0298224892829621 -0.0542332932541522 -0.0136393551743443
-0.0388310951287038 -0.0034607672279145 -0.0912565993355761 -0.0458370020696113
-0.106409559391812 -0.0373517465688181 -0.0705891118703963 -0.0254973042865187
-0.0877352600235957 0.0528699741765288 -0.0290726723399993 -0.0191111719046097
0.0039102975003072 0.103323719425299 -0.0339873822956582 -0.0407865306228695
0.0820485042833252 0.0518894864975699 -0.0672942670415023 -0.0150894911730833
0.078351966860846 -0.0434553966004968 -0.081331423707774 0.0420628167208651
0.02638656051649 -0.081892370725689 -0.0507848282925086 0.077251122244639
0.00250333139001063 -0.0971147002280677 -0.0305155053061457 0.0835445611273208
0.00178222160791959 -0.0998265788282006 -0.0171591229979085 0.0728958322335083
0.0151042638553435 -0.105403660474321 -0.0227627247842982 0.0676272882389238
0.0568335082349155 -0.0741014640192389 -0.0298033622206056 0.0437114064949766
0.0960357370600756 -0.019465062150184 -0.0392212942128373 0.0193889166832429
0.0782599519913782 0.0736662211671822 -0.0267681081062746 0.00857948488983311
-9.88047747430352E-05 0.0965463794626297 -0.024038249946044 0.00273115739600099
-0.0660481997863873 0.0368514863671348 -0.0568632943633244 0.0141195791413621
-0.0914996264779696 -0.0293440317627834 -0.0854604002884495 -0.0153872751946938
-0.128770024460385 -0.030161993044797 -0.0298679841189402 -0.0172100595567754
-0.0948314698824286 0.0609676639396894 0.00390231191915122 -0.0170898500504279
0.00726327476833722 0.11622589492972 -0.0018767827839053 -0.048737272355691
0.0955625403736224 0.0615222065589047 -0.0378571207858614 -0.040057431502495
0.0965174218357324 -0.0501658273884484 -0.0671443798489667 0.00376072353298004
0.0373763040272321 -0.10058180444889 -0.0471917288758199 0.0354274306120189
0.0109574555736987 -0.122882216726919 -0.0312612024180176 0.0393083775298559
0.00892603809338481 -0.124621081456488 -0.0144664874452496 0.0306466106191119
0.0212303095897825 -0.128373074218336 -0.0111224684791679 0.0317937614366621
0.0681611990991882 -0.0948739052178577 -0.0102607335924844 0.0127536254507629
0.120627706963389 -0.0291388348289091 -0.00759019957427512 -0.00149829672103107
0.100121605337738 0.097564305034303 0.0136327709316115 0.0106632818720346
-0.0082308166667783 0.13423681845572 0.00818917727724908 0.0223348903518039
-0.10494945939291 0.0521101774485455 -0.0370367892238085 0.0448042861492764
-0.134558212133986 -0.0425118802562342 -0.0561841923226163 0.0260469695112301
-0.130168923744495 -0.0312690083049944 0.00908438701170351 -0.00592787360213906
-0.0952076159267454 0.0454831956624304 0.0306174374913376 -0.00890996864996793
-0.00979648105759703 0.111268685642097 0.0327106136487497 -0.0404487794506382
0.0814417391726194 0.077030332443423 0.00505036564449758 -0.0537823328912403
0.101890376082933 -0.0312513054561046 -0.0380267849546107 -0.0358014487852578
0.0498243662774165 -0.094087390287737 -0.0333850767738281 -0.0125448947138805
0.0226227814676483 -0.125900315069898 -0.0253408811013254 -0.0108256213447417
0.0184596401115137 -0.128486853306225 -0.0088393409174908 -0.0176297667475016
0.0258027545991937 -0.129445784372029 0.0007166787580534 -0.0120671254091398
0.065931745658029 -0.100394978434442 0.00825510745732156 -0.0256736224028648
0.122294884525178 -0.0391520255534415 0.0223005384091788 -0.0303248571936171
0.110307892884556 0.0971356044669463 0.0525217542977466 -0.000879454523930301
-0.00362624286884271 0.148819711538956 0.0448765204857661 0.0253641647370637
-0.118679382797545 0.0697737602000124 0.00335455846823577 0.0636555550334082
-0.155730120164958 -0.0410701150939216 -0.00816212026389485 0.0670245362692147
-0.117382367762668 -0.0352320747910867 0.0388268292330814 0.00631925417144598
-0.0920451706140486 0.0155030942333802 0.043391829322395 0.00872881569237633
-0.0367976269174305 0.091220043917708 0.0590111485027083 -0.0137608636812586
0.0488645411408838 0.0878932880525553 0.0484072075635887 -0.04751224766249
0.091058174604131 -0.00182648063075235 0.00243468638167803 -0.0615991946401168
0.0548230734786495 -0.0706823749701634 -0.010582049106229 -0.0535743095275614
0.0294452094430572 -0.110197850577923 -0.0138543624308098 -0.0593841693258682
0.0223667151995715 -0.116984072568806 -0.0027986797829513 -0.0636336674868269
0.0239250409084779 -0.116645322340786 0.00902421956652282 -0.0547350546676542
0.0516353626538418 -0.0957540157877488 0.0175293140524267 -0.0617894605572255
0.10472860491164 -0.0499307144257345 0.0391474261424589 -0.0610480147662097
0.106080434397176 0.0742575064562328 0.0773361516767838 -0.0243236583624942
0.01088321273501 0.135578382447822 0.074628190912448 0.0111257964417937
-0.0996050348336497 0.0785444016860195 0.0486512153081836 0.0638575619748487
-0.148511125672365 -0.0280956978991786 0.0522101699374736 0.0969996442599959
-0.090368200363039 -0.0344595315817805 0.058441790924516 0.0248897805479461
-0.0812041998769432 -0.0157315080769674 0.0478814909711341 0.0277518738407755
-0.0594790720471448 0.0591057509273578 0.0661278667902218 0.0176737034917031
0.00864338651515388 0.0828872077418106 0.0752668751087428 -0.0225200354092067
0.0617897072751236 0.0265749229074019 0.0429438117139914 -0.0634757452582423
0.0488052585305851 -0.035328565166095 0.0195971479954223 -0.079575197287289
0.0295810663456304 -0.0744174658915904 0.00383006015070484 -0.0966343090459915
0.023099105184538 -0.0861133122031748 0.0042868986769619 -0.102185904546627
0.0213831168270787 -0.08508898390245 0.0149232810423269 -0.0909874499837985
0.0336132672346966 -0.0735235715603422 0.0219478467594046 -0.0897374605347291
0.0715986675140402 -0.0476632680694359 0.0474002059157613 -0.0844502058330123
0.0825350493959133 0.0419522743388264 0.0883164987679235 -0.0462347809075715
0.0227797737128042 0.0974022915505932 0.0879155260817406 -0.00641486175139451
-0.0594717383068829 0.0694610179854277 0.0825635996751577 0.0514173842980918
-0.112017579646762 -0.0103089203454571 0.106710522082447 0.107360288514601
0.0547503518169946 -0.0369256973637405 -0.141923343369414 -0.0731548991209697
0.00893432484526149 -0.0491927165110516 -0.121535595736415 -0.0280868786517485
-0.0269497548816901 -0.0348509202985305 -0.0886867917409718 0.0125199672116026
-0.039139971703948 -0.00430734359299786 -0.0802001050776176 0.0443367739781078
-0.0279298492521449 0.0278477983462061 -0.0606731379185061 0.0825651377030174
-0.0104994004890597 0.0369507432887618 -0.0369628047206254 0.109905099648656
-0.0135017265267769 0.0426563064264729 -0.0165996028513449 0.128504179891221
-0.0196388467082602 0.0376296690331914 -0.011868179372596 0.123732168668276
-0.0292448261387905 0.0234634908249874 -0.0246529087456366 0.104317960206444
-0.0360973137653551 0.00323450551673125 -0.0419871647006173 0.0835993944789973
-0.0295702362086466 -0.0273034436209823 -0.0711176326605902 0.0526263898686803
0.0135987665927789 -0.0561619121459657 -0.0797437398192464 -0.00388820711452191
0.0562814680403639 -0.0306212196927367 -0.0455568828339091 -0.0373289127068776
0.0586659204093153 0.0213489839125744 -0.0296233021810829 -0.0275759229269016
0.0551097461310904 0.0464697242818179 -0.072195018783519 -0.0504493711206471
-0.00906867520717811 -0.0438776734489663 -0.139782092108221 -0.0548636887130065
-0.0367683121563976 -0.0102191818569342 -0.10277755151773 -0.0166593399602481
-0.0197254881920204 0.022811560536344 -0.0780720763034031 0.00183293691464007
0.00709334927941519 0.0214068325736964 -0.0839453719339263 0.0350837072563411
0.0129531263247391 0.00253522682808257 -0.0723029672070672 0.0861477904559163
0.0038819838694664 -0.0063260012118799 -0.0446327012023283 0.11786266298389
-0.00833104658418974 -0.00866716523900688 -0.0224523094859158 0.132912654374231
-0.0145640613918697 -0.0141352094912775 -0.0168698815458226 0.12488608393304
-0.0149326522502608 -0.0262933376008303 -0.0323181884374213 0.107514368666322
-0.00283049583047466 -0.0265394918399738 -0.0519462781141962 0.0793208462527732
0.0148415795524005 -0.0260982301201846 -0.078402492917823 0.040139811572826
0.0378242903479609 -0.0124624709016985 -0.0743480066948013 -0.011991052679021
0.0430656662508524 0.0117140096668113 -0.0420383888240902 -0.0396559478953354
0.025519720689886 0.0289132529979608 -0.0409681745053272 -0.0270042755365543
0.0106041117883132 0.0246111778747587 -0.0874857763649531 -0.0564191924924247
-0.0660918404869215 -0.0413632893659381 -0.112032142611121 -0.0391984286024137
-0.067417643942257 0.0286579517255399 -0.0666286396230603 -0.0173126710468894
-0.00612677419835698 0.0709591531540477 -0.0605258510744364 -0.0205917238076719
0.0512405308359009 0.0372831256729149 -0.0830154988447296 0.0142966365918462
0.0484109868040478 -0.0250722775800621 -0.081793258820744 0.0730223072380227
0.0150000164814202 -0.0481534692476747 -0.0484176580384406 0.106871582269167
-0.00413031716468158 -0.05744540169684 -0.0268657916950918 0.117027447728692
-0.00749911187400242 -0.0617223939238602 -0.0180607110292873 0.107231878861971
0.0015290738258894 -0.0705206710786432 -0.0310482593271417 0.0953240956828453
0.0307166586157823 -0.0512040654384245 -0.0471127023547649 0.0666149868420801
0.0578796557103963 -0.0203351609827115 -0.0661275689361088 0.0306252667106073
0.0569861605164324 0.0334495733601377 -0.0561693375523403 -0.00395448850310326
0.0209387710312801 0.0538617924506058 -0.0384348999976227 -0.0236416079801011
-0.0169167564820618 0.030236649577348 -0.0548915910837634 -0.0133111455872003
-0.0396885071872189 -0.00299672151106561 -0.0928980697128538 -0.0450832961004325
-0.108509213135314 -0.0362294953580457 -0.0716402884509052 -0.0249639157509765
-0.087872927065782 0.0549127899006452 -0.0293904979915855 -0.0192077110704967
0.00539238397427896 0.104974381309252 -0.0346691710181203 -0.040918555906426
0.0836861479988949 0.0519330132042834 -0.0681609225500738 -0.0146830426553867
0.0791109449651489 -0.0451518289164702 -0.0817925004144443 0.04388690254682
0.0258614511884217 -0.0832790175245156 -0.0501096135463743 0.0784515150341958
0.00150415438091882 -0.0988031719134486 -0.0296082152492225 0.0849546893624832
0.000388139563573491 -0.101509220431401 -0.0164441047005648 0.0741644302114081
0.0140280198919108 -0.107141785757046 -0.0220963792345246 0.0687135509947008
0.057034222712808 -0.0759170319839702 -0.0293282321241435 0.04435957967683
0.0971544721161294 -0.0206531492813367 -0.0392500101776785 0.0201438264797939
0.0802653136284908 0.0746134295402774 -0.0264965284965683 0.00917431313170212
0.000999964511714069 0.0978928422113449 -0.0245491321698726 0.00296952624705787
-0.0667564724202812 0.0379878970788028 -0.0573396976427097 0.0151150086172837
-0.0932882636202944 -0.0284839369320987 -0.0868149554781446 -0.0147866871481933
-0.130758817775676 -0.0289307257850299 -0.0300049002701327 -0.0171152448132841
-0.0952524863142937 0.063721892059587 0.00363326405410923 -0.0172528243199277
0.00861246925319961 0.117592201598546 -0.00267385251968047 -0.0495921904002412
0.0980939426229724 0.0616533481312379 -0.0384923715015347 -0.0402324040298282
0.0971429430526783 -0.0519178944300878 -0.0679361337241244 0.00451444304032584
0.0364481721344198 -0.102031261019368 -0.0472038711344972 0.0365652255872635
0.00944629210122135 -0.124443380260739 -0.0309722578674976 0.0399083777397559
0.00708568156747243 -0.126486295635924 -0.0140729009222336 0.0314936164300303
0.0202041438919016 -0.130270736321504 -0.0104549756222581 0.0320194628356036
0.0680603830770575 -0.0968800947931334 -0.0102171989687291 0.0131215157770746
0.121551465584606 -0.0309450118583754 -0.00779950701039231 -0.00168962187647392
0.103059320641776 0.0976717687803557 0.0139361991925752 0.0106061554282012
-0.00689253933938639 0.136131292617051 0.00798523390540262 0.0225845058966786
-0.106018279807488 0.0539486847204026 -0.0370089433681983 0.0457967277408198
-0.137658491369091 -0.0414645935149522 -0.0568698787138487 0.0269431643948299
-0.131911092233207 -0.029810527788636 0.00946430430924599 -0.0063754010405286
-0.0963485059280348 0.0471129387262119 0.0308910632660752 -0.00958944103543306
-0.008250969142971 0.113079224362948 0.0327361865434868 -0.0413942679668423
0.0834570069557964 0.0767667712232404 0.00448958775592658 -0.0546316058209131
0.102528330295914 -0.0329943601286177 -0.0389872514197905 -0.035701228257134
0.0491522929889919 -0.0957038646834018 -0.0339865994702112 -0.0119762494149405
0.0213106098846309 -0.127833754775848 -0.0252421245461898 -0.0111749267288047
0.0167774356017543 -0.13065386070935 -0.00873973158135115 -0.0179810042324971
0.0245915786241394 -0.131557313396671 0.000746343580980049 -0.0124954254616066
0.0652287971343584 -0.102264185908895 0.00824150212140208 -0.0260683820778569
0.123473698355272 -0.041186395940948 0.0225242604838323 -0.031009043875694
0.113353055675342 0.0970871664700159 0.053334824670813 -0.00161748410176952
-0.0016233401186337 0.150931013593234 0.0452733487592147 0.0252843107264115
-0.11911113185708 0.0717516813280817 0.00436182428484702 0.0644760455170423
-0.158709898416438 -0.0400205870916937 -0.00702916365782518 0.068068608805674
-0.118664482094885 -0.0336882915936283 0.0390680481823889 0.00559070893313367
-0.0932204855017792 0.0167437207297069 0.0442856137984878 0.0081975380758577
-0.035742204510326 0.0930121466533652 0.0591447200628455 -0.0150160477121696
0.0510413913604107 0.0887623101647645 0.0485812813953957 -0.0484099947999593
0.0920797699367283 -0.00290610365708579 0.00158234587495585 -0.0619916542243489
0.05485708072051 -0.0721001436838022 -0.0115283873411028 -0.0538703497271195
0.0279751075469161 -0.111515942896214 -0.0146321619452077 -0.0598805766043211
0.0210433556247142 -0.118896366316382 -0.00363186045522207 -0.0644928636873565
0.0228884557644315 -0.118559405438062 0.00880414487966908 -0.0554891477687886
0.0510105750403501 -0.0972355730979204 0.0172371050203856 -0.0625669274913652
0.104957294164804 -0.0516593096646249 0.0390200007385134 -0.062026181649683
0.108382036442242 0.0741017481599742 0.078002146426915 -0.025615148538902
0.0131451046876167 0.136932178743801 0.0751162903213784 0.0103492271502163
-0.099930191285583 0.0806612605296675 0.0501359925299276 0.0643113519151325
-0.150780900575079 -0.0264051679704807 0.0543471407561551 0.0971060335861348
-0.0920527954735792 -0.0334303942698274 0.0595716593835009 0.0247202722346817
-0.0828179428270112 -0.0146358775652758 0.0485353702163312 0.0271423583535899
-0.0595368851845431 0.0604400659333098 0.0666697715339899 0.0176258644842136
0.00998568835032802 0.0840748329263203 0.0755833193438705 -0.0235716244434238
0.0632549982377774 0.0265326172950684 0.0426163513229482 -0.0642312041656192
0.0486757488835882 -0.0364450733373964 0.0186633942046617 -0.0804070471846799
0.0289167498119188 -0.0756045606500329 0.00269550316141879 -0.0980674790012546
0.0222734014842102 -0.0876504694520261 0.00287242632721953 -0.103389781423762
0.0202184511958872 -0.0859957501413811 0.0145051809097734 -0.0927779295083081
0.0332908665555774 -0.074797724162236 0.0211267247024819 -0.0912200577030291
0.0721176877851655 -0.0495523928000991 0.0468167013091461 -0.0859967757369062
0.08408800886807 0.0414978107568499 0.0888498102276161 -0.0476930359427431
0.0241520146194281 0.0986093869022981 0.0885951515689873 -0.00708675438085266
-0.0594692983687543 0.0708948566659969 0.0836816480277123 0.0509739716103342
-0.113649060637839 -0.00901684059828652 0.109748071928941 0.10735453854812
0.0550664769900267 -0.0387189476514763 -0.144533348231153 -0.0715661299281314
0.00818254176042973 -0.0493589683823333 -0.122779606009349 -0.0267710396357915
-0.0275406890963022 -0.0346834683940458 -0.0887689425827562 0.0136479840215793
-0.0395575100259257 -0.00395122848013248 -0.0810543642463815 0.045430845548042
-0.0274864325968975 0.0281338089684716 -0.0603336286591128 0.0839081381493872
-0.00992045795966036 0.0368979865866846 -0.0364655320847569 0.1115915856593
-0.0126219614988418 0.042760846413187 -0.0146040621715351 0.130205102869951
-0.0190857610407781 0.0384143761601786 -0.0101109433812119 0.125802475894634
-0.0290330472042128 0.0240438476870806 -0.0232750897861124 0.10594532980435
-0.0364356156818802 0.00344325748951832 -0.0416915139125533 0.0848642428216827
-0.0307541898001757 -0.0268817122178542 -0.0705944047548587 0.0537533210857871
0.0124275777975719 -0.0571020574806868 -0.080574055478882 -0.0029560413621971
0.0559710916376042 -0.0316738866491821 -0.0459900119672732 -0.0368295798302545
0.0593410823177948 0.0205626305218373 -0.0303823055412159 -0.0278301682932748
0.0566274386946565 0.0463260203802127 -0.0739201685960745 -0.0501738781637925
-0.00977707697207808 -0.0437647579265747 -0.141824685257318 -0.0533355740332532
-0.0373066128793534 -0.0100907501671516 -0.105183314878629 -0.0149887911507214
-0.0190120383535612 0.0232611770349119 -0.0783311707837432 0.00278622647055454
0.00748091116434129 0.021513100779246 -0.084821784874315 0.0365763768192017
0.0132137022326526 0.00260801495077139 -0.0718906794222765 0.0879798150126609
0.00405133206894064 -0.00614871325121289 -0.0431949331506028 0.119770601989902
-0.00858458470349464 -0.00834728513858201 -0.0210694963006 0.134908828154194
-0.014580750258592 -0.0139558561102495 -0.0148415971999917 0.126478815162846
-0.0150944079944175 -0.026302673943372 -0.0311216684372785 0.109313695788821
-0.00285424420768083 -0.025952330543892 -0.0510232267054339 0.08076834396644
0.015071886879836 -0.0263283000679735 -0.0787876832518652 0.0415666694863271
0.0376474311304298 -0.0130693036018454 -0.0749237054482445 -0.0111387993017864
0.0437794997567345 0.0113499749818351 -0.0426643312955836 -0.0396729015665861
0.026088473333108 0.0291144882261442 -0.0415585807427879 -0.0262628006702208
0.0112185216131465 0.0252675744020892 -0.0896614381496262 -0.0562022392173208
-0.0679038393629456 -0.0409989155567785 -0.113305179628584 -0.0377980652682455
-0.0678498386494557 0.0299165972314279 -0.0677679966963001 -0.0165173841364137
-0.00493397559675609 0.0718789082637657 -0.0614880218301655 -0.0205800945717503
0.0524514977037848 0.0372389922969646 -0.0838769610652905 0.0150229991719235
0.0485909152014415 -0.0260939749290371 -0.0815261842605279 0.0754793201060385
0.0146557347368296 -0.0495529590216337 -0.0473587572141902 0.109055403383439
-0.00471424040445833 -0.0580568043118912 -0.025393970508684 0.119491814127614
-0.008224933359883 -0.062611535227637 -0.0167826610720287 0.108836207999221
0.000568212669164768 -0.0712792218312686 -0.030201157313857 0.0970054657466274
0.0308128200929352 -0.0515137463517754 -0.0463198561964755 0.0680052474155169
0.0585455695546596 -0.0209968838128636 -0.0661405427520325 0.031709676044159
0.0579226375550739 0.0332177549228134 -0.0570921715453017 -0.00327163851347102
0.0217403042831545 0.0542705931534959 -0.0391751071613269 -0.023146597580194
-0.0168935624615745 0.0311224175484719 -0.0557576528105736 -0.012177611987081
-0.0401349586944461 -0.00240796756394405 -0.0947655439431095 -0.0441158421914039
-0.110519185475655 -0.0350434831851654 -0.0727663489026222 -0.0238638298971387
-0.0886274852888573 0.0568843401696692 -0.0296924490618166 -0.0189308184475905
0.00713312928726 0.106258182710984 -0.0353700932876058 -0.041308200868936
0.0863417563430591 0.0514310863019292 -0.0692997755487325 -0.0141050463681018
0.0796035474298372 -0.0468481377376317 -0.0824837784293763 0.0455878416130517
0.0249584619664958 -0.0847400382265468 -0.050014888641594 0.0803480022021299
0.000670153295899448 -0.099797844967998 -0.0286302203541097 0.0863521922137122
-0.00124022670054005 -0.102536483965404 -0.0155164209913524 0.0750875865672496
0.0124583847308401 -0.108438042713197 -0.0209553277891567 0.0698648312398685
0.0564876639043099 -0.0771444120388152 -0.0288896803548859 0.0453190369852988
0.0978945523896955 -0.0219910143067165 -0.0392109590361394 0.0205547848901046
0.0825486212673934 0.0742789217810687 -0.0263348641544334 0.00938126391193797
0.00237391729094769 0.0995090836275002 -0.0248406885399276 0.00305180133772202
-0.0674322830773672 0.0393701614707741 -0.0579777543617739 0.0156414877508623
-0.09482799997125 -0.0271775307585695 -0.0879114997279763 -0.0140578037780158
-0.133667854509199 -0.0274908299028482 -0.0306922614615469 -0.0163560376995055
-0.095690774462081 0.0659941007249111 0.00371042065382908 -0.0177036604702283
0.0107276974996034 0.119316113674809 -0.00311346407303382 -0.0503877337378072
0.0998248383609139 0.0611319121825307 -0.0393891858612222 -0.0404548145470825
0.0973894967526685 -0.053866016692645 -0.0687844563472563 0.0058282830173058
0.0356383425227958 -0.103556349697837 -0.0467803628568517 0.0372857301557763
0.00764898849980875 -0.126292196757157 -0.0309139421275597 0.0410910857596805
0.00514392985684827 -0.128226394358389 -0.0136697704706952 0.0321206419857598
0.0181376509277968 -0.131949803526456 -0.0102327985008162 0.0326337081785529
0.0674578415895259 -0.0987644635232782 -0.00964802045516601 0.0129830173076691
0.122851673244168 -0.0329715908697474 -0.00761600815029709 -0.00120485531239592
0.105821612693099 0.0981291476564497 0.0146128193966746 0.0105334130782885
-0.0046313989918358 0.137688975019208 0.00837237622842568 0.0226792629740715
-0.106554864606265 0.0564615286851941 -0.0366276646005717 0.046707559704671
-0.139565837128578 -0.0398354478952686 -0.0566722828588249 0.0279438261381642
-0.134158439339427 -0.0281093927559797 0.0097260127971061 -0.00644989042873527
-0.0973776651756205 0.0491494529045484 0.0314444412961876 -0.00999106893710354
-0.00681116528325306 0.11442105437617 0.0323649778408348 -0.0422345631319531
0.085556578315461 0.0773744066492742 0.00436865408505385 -0.0550701743179668
0.103563416325274 -0.034733059203848 -0.0401132621431983 -0.0352372244173981
0.0484595698930731 -0.0974489731383456 -0.0344633706384447 -0.0111380936239618
0.0194248692966401 -0.129716866658224 -0.0257246741734303 -0.0107300458071586
0.0150962085172385 -0.132568244694062 -0.0092137435273581 -0.0178724141219902
0.0229654758794697 -0.13343973998921 0.00118048996112168 -0.0126135062746543
0.0645430901319343 -0.104266077639593 0.00833583228586851 -0.0262478400467875
0.124067835401757 -0.0433419453493637 0.0226634581518364 -0.0313353632577122
0.116307031435052 0.0970582373106653 0.0540084499222088 -0.0021623955163284
0.000629696332191787 0.153067390935675 0.0458611149209632 0.0247732844667204
-0.120020194307949 0.0745219989372326 0.00518618681217997 0.0652202412807729
-0.161458873600569 -0.0379992798762787 -0.00569762231563352 0.0686434687992314
-0.120302627332062 -0.0326177295903963 0.0398885693794613 0.00527953402336023
-0.0944527329000425 0.0183464668005321 0.0449742660458626 0.00728213651307306
-0.0347831754889479 0.094201626989852 0.0593988213215228 -0.015856215952802
0.0523315868808433 0.0893837001889477 0.0479595423518853 -0.0494639311311063
0.093044495634283 -0.00410758464245394 0.00103909152538139 -0.06193653563659
0.0541643455701256 -0.0735457041297792 -0.0117566808006742 -0.054002647365642
0.0269202970148981 -0.112981636487702 -0.0154133773523482 -0.0604225573951823
0.0191553566776581 -0.120775580346648 -0.00433573393495866 -0.0651291404937111
0.0209984423775375 -0.12001527567926 0.00847530061955421 -0.0562690194618062
0.0504276997806289 -0.0989316535368976 0.0167429443575514 -0.0637402732162664
0.105670801632605 -0.0534194880703034 0.0389309350983173 -0.0630278152519321
0.11113664787985 0.0738737271824074 0.078611722347035 -0.0266513609064564
0.015135493351045 0.138473574045557 0.0756126399729255 0.00959558354601658
-0.100271354110968 0.0831364111303141 0.0511379807802654 0.0641119208605878
-0.153464740384842 -0.0246329609424195 0.0563964166211834 0.0972165225597709
-0.0931502041701175 -0.032343585058393 0.0605446549468119 0.0240659683771069
-0.0843016845850762 -0.0137814251174723 0.0498778079272739 0.0266084551791331
-0.0593055166075375 0.0618635486693096 0.0673069731228335 0.0165900841873415
0.011243706594232 0.0852428680257896 0.0760605721230562 -0.0244254192419867
0.0643844589291675 0.0258012676544535 0.0419413683990671 -0.0649291160063381
0.0484289737669952 -0.0373245358445808 0.0179267065042643 -0.081393821605832
0.0278474923339597 -0.0767954826180449 0.00135002066562944 -0.0994439658702402
0.0209654092308357 -0.0891118384318832 0.0017580959678749 -0.104673766862674
0.0189113875303287 -0.0876202204316607 0.0134115652627493 -0.0937172672010661
0.032344194743794 -0.076095353326911 0.0205119213686068 -0.0921323480972124
0.07166023142573 -0.0509021397503946 0.0464520175548015 -0.0873194310381939
0.0858158405923958 0.04042613146643 0.0889254125684895 -0.0489612529466683
0.0258660941312891 0.0990433072409755 0.0887644259339783 -0.00740808639613179
-0.0593401867748315 0.0727627071910388 0.0852243050021223 0.0499906251341706
-0.115121504249047 -0.00741091739722234 0.112717113815099 0.106860712892563
0.0544718338365492 -0.0396526531434725 -0.147362900773472 -0.0697521401654718
0.00775997057267285 -0.0499714137781603 -0.12465282809276 -0.0246427755729465
-0.0282612085013878 -0.0345487608354058 -0.0894582544854047 0.015310798498233
-0.0400440549099608 -0.00361620265159444 -0.0811058506788079 0.0471390658311634
-0.0271336927191464 0.028963096415126 -0.0598007267689126 0.0855271427199664
-0.00935530644654424 0.0373685718835337 -0.0353069182147968 0.113909533630968
-0.0119486868529231 0.0436713234146471 -0.0129449682772961 0.132097152950204
-0.018534682434167 0.0393524222539026 -0.00865765409736152 0.127150398147265
-0.028888298630499 0.0248792963664566 -0.0225454435798207 0.107078839181709
-0.0365561763184066 0.00456932290251417 -0.0405956108526713 0.0859482777113879
-0.0315533407937997 -0.027184118880997 -0.070655397186479 0.0548406029093022
0.0110369399036197 -0.0574263092339177 -0.080583778401151 -0.00181213584266
0.0560401103134356 -0.0328258353589406 -0.0467420112078306 -0.0369336410547759
0.0606657035547456 0.0198879645678772 -0.0307206164812185 -0.0273040471020864
0.0577961882401867 0.0460721058548931 -0.0757504974951951 -0.0496574549583798
-0.011155184975436 -0.0439588325078239 -0.144208215948282 -0.0511419428337718
-0.0373539061690565 -0.00906620171433036 -0.106238717499222 -0.013687971562045
-0.0187129180442739 0.0241538021195582 -0.079199834071912 0.00326529522565855
0.00797335867138409 0.0213862786208899 -0.0851140672780525 0.0379162417990936
0.0137695380175415 0.00216860236443199 -0.0717871667298232 0.0900792948756612
0.00427889127332973 -0.00663775915798202 -0.0421276379078485 0.121627747501251
-0.00897585037242029 -0.0082948287926332 -0.0192432278141278 0.137189090656786
-0.014818146787598 -0.0134807977449687 -0.0134380291887231 0.128208289134761
-0.0158864126983196 -0.0263961228254329 -0.0300737240680052 0.111123458249672
-0.00311656209443333 -0.0260446312581233 -0.0505759281419652 0.082434911454313
0.0147720820267184 -0.0262958840180191 -0.0785694622886117 0.0426244634049696
0.0376092522533061 -0.0135448318088304 -0.0756113042013448 -0.0102553193894108
0.0440706391811709 0.0107483190631605 -0.0438226258667423 -0.0395221535695836
0.0268248992946771 0.0287544804781967 -0.0421207679578804 -0.0261859443170437
0.0110584194035726 0.0253811617787412 -0.0915233095321688 -0.0550653408686903
-0.0699748528024767 -0.0400082544699209 -0.115161560867521 -0.036230501211574
-0.0682078415984485 0.0318133452925013 -0.0684878874116444 -0.0155379037918553
-0.00345454220454807 0.0731793109163179 -0.062048345683954 -0.0201094258333198
0.0541426702033632 0.0369395411733479 -0.0843869365491894 0.0160308058650192
0.0491712359507802 -0.0276804459902342 -0.0815377141857899 0.0772189809474086
0.0138965180384309 -0.0501975244596726 -0.0463779388106344 0.111036322266864
-0.00565406541833416 -0.0589860055003248 -0.0238050690673455 0.121238273030608
-0.00964955776919064 -0.0631107332298371 -0.0151260310685596 0.110321483813969
-0.000494765481148781 -0.0718966869415255 -0.02883731425345 0.0983681232422174
0.0304560975606737 -0.0526156464990419 -0.0458465986515219 0.0693205761980556
0.0591873765577706 -0.0216210759914937 -0.0663892267810487 0.032746448366176
0.0589551054415389 0.0330104328553454 -0.0572256797324149 -0.00291062904982237
0.0224517878850349 0.0543255070110885 -0.03954115326046 -0.0230054646517705
-0.0170520871100782 0.0314394828419462 -0.0562822765911319 -0.0114672371139431
-0.041034734156394 -0.00165546926540745 -0.0968549784983832 -0.0430200333777227
-0.112803913013213 -0.0333715969852195 -0.0736683535717989 -0.0230477175099141
-0.0887502742811808 0.0591702324988391 -0.0305706011566188 -0.0188620964238278
0.00918068323323613 0.107282877749953 -0.0365839090601011 -0.0414750425019867
0.0880590424171563 0.0508548275801194 -0.0701037904935994 -0.0138629655389815
0.0799048930700558 -0.049041456100548 -0.0826878154070939 0.047361572430733
0.024250929164618 -0.0860882049756537 -0.0490952856517958 0.0817647818898584
-0.00101878552646535 -0.101028537188248 -0.0279879109215499 0.0879537601571755
-0.00278031816448691 -0.104029232918659 -0.0141689107099678 0.0764801189036444
0.0113328164945664 -0.10970840367378 -0.0202479392480728 0.0708972426437791
0.0563064509563603 -0.0785646325539996 -0.0284774137444672 0.0457042146831019
0.0987207491108812 -0.0235542609240122 -0.0392704469879593 0.0214375425288604
0.0840164360371813 0.0740434363818948 -0.0262729709253135 0.00999236325172181
0.0041385125251148 0.10042002687941 -0.0247747133681709 0.0033179742533082
-0.0679481758636731 0.0408679671313716 -0.0581233808107256 0.0170788623329581
-0.0967080229197634 -0.0261009857636864 -0.0890528061704962 -0.0123362937465901
-0.135513760374241 -0.0262658645142069 -0.031047862540418 -0.0163513563793564
-0.0961973446510438 0.0682532713161693 0.0035947680516015 -0.0178430459706179
0.012726442671904 0.120681489823744 -0.00373929698904845 -0.051052332413593
0.102321697734577 0.0607741545739447 -0.0402953853901179 -0.0405005407053923
0.097829709138572 -0.0562827707748747 -0.0697001524811053 0.00720707202102292
0.0346900033877354 -0.104912709000177 -0.0468871069341052 0.0386305786264582
0.00611840819298541 -0.127780706954797 -0.0300830797639325 0.0419096894022891
0.0033404388186658 -0.129883355398812 -0.0130987977297301 0.0326043014809418
0.016666331851823 -0.133344451609084 -0.00954915231868474 0.0331645266416663
0.066757505933737 -0.10035085514723 -0.00921963462311342 0.0135019635364721
0.123746139788426 -0.0350003790624822 -0.00739614192183961 -0.000954341441864418
0.108489354897267 0.0976294742805243 0.0150967170820008 0.0105017499811853
-0.00308090380693213 0.139669934969456 0.00832207261658319 0.0227134121855163
-0.107300216751561 0.0587911290913369 -0.0361958510953225 0.0476895160876446
-0.141946610161772 -0.0379763138841028 -0.0566425585825967 0.0291638836355793
-0.136471469450194 -0.0263593416817571 0.0102388629033612 -0.00684886399927083
-0.0977200249294423 0.0514833445182113 0.0318161440807484 -0.0107485823748534
-0.00504880132061868 0.115589389334914 0.0320445387488622 -0.0435430994983759
0.0880002886470868 0.0774701323561149 0.00328039672259238 -0.0560219328574629
0.104133160053415 -0.0365212238798273 -0.0410653364900014 -0.0343795619185981
0.0473702070341675 -0.0989438618022 -0.0348882211939239 -0.0111076456282673
0.0177741987146513 -0.131320186336115 -0.0262245091660821 -0.0104953471525912
0.0127922254332423 -0.134555394319154 -0.00922433000194476 -0.0181615282118638
0.0208783941024578 -0.13491512218094 0.00115609354777034 -0.0125813832529421
0.0639207740008539 -0.106144263946135 0.00793355531546637 -0.0267954256577626
0.124244562268671 -0.0455709022899227 0.0221810627975859 -0.0318085263271243
0.119209493580796 0.0965669597448966 0.0544442135809051 -0.0027560168363121
0.00284622405050043 0.154629451244825 0.046441408265891 0.0246891674634789
-0.120481519652043 0.0773683644999809 0.00598551195496183 0.0657250573602227
-0.163709099572547 -0.0357630976219582 -0.00461094563921149 0.0691476876624131
-0.122746600566529 -0.0307909774326025 0.0406906319996453 0.004809918392529
-0.0955821295331546 0.0199839105161327 0.0455946372441748 0.00660355830354627
-0.0341758272699586 0.0958855442078096 0.0596861255821249 -0.0170666363510179
0.0545308965271069 0.0899948566758968 0.0478326257868863 -0.0509038217881437
0.0939529016469312 -0.00547910996670881 -0.00053824128937503 -0.0622021606907861
0.0532606693879795 -0.0749231975342215 -0.0124899559535769 -0.0540942916840027
0.0254784221428853 -0.114601795576684 -0.0166371698817746 -0.0610222395052603
0.017134541188094 -0.122481172899369 -0.00519994040274654 -0.0661711973770934
0.01960390145842 -0.121575654158681 0.00757459253149653 -0.0572943585237515
0.0494048307444392 -0.100674807051249 0.0160926937272862 -0.0643600416650034
0.105894317499654 -0.0557326879589836 0.0384423970849555 -0.063871444617884
0.113338570587952 0.0729719371255796 0.0790119021350795 -0.028090314161303
0.0171979681674738 0.140053853068465 0.0763241517476246 0.00929671193990882
-0.10057776307036 0.0853077530771483 0.0523960209546192 0.0641287182227729
-0.155828450903048 -0.0227010504244672 0.0591438361384403 0.0974620883710097
-0.0941091207679136 -0.0313666953210752 0.0622111264472139 0.0231671410389909
-0.0852009561968174 -0.0129533748205329 0.0507148930606238 0.025910177094263
-0.0588130157941825 0.0632997394825398 0.0682036673650848 0.0156365994057537
0.0129372231441413 0.0863528084890048 0.076295958756286 -0.025324578849698
0.0654693499832782 0.0250627294203379 0.0411645182289628 -0.0659130712953287
0.0482389545111405 -0.0382124373125931 0.0174536534776322 -0.0820686946868127
0.0269554591860548 -0.0779278796720201 0.000109354836020562 -0.100532777071582
0.0197482542067102 -0.0907511289763172 0.000287763105896824 -0.105929582093592
0.0178227104369007 -0.0888912159113701 0.0119225148677323 -0.0952621218133286
0.0314938009623924 -0.0773170528525828 0.0197841136045499 -0.0935471766629918
0.071687704955322 -0.0524017005078077 0.0457594075772611 -0.0882910113479221
0.0875146193272525 0.039698801729529 0.0888599170873733 -0.0508835063628949
0.0278056202341231 0.0997237471582557 0.0897328065460673 -0.00876022867537274
-0.0591703211248446 0.0739642864322745 0.0866473997843295 0.0499059010107921
-0.116911500354189 -0.00551881643587151 0.116243681097981 0.105788944308263
0.0543660577668445 -0.040512593414272 -0.150250489330356 -0.0681881467394983
0.00736459326399668 -0.0502674108128003 -0.126089041294697 -0.0232623827137834
-0.0290107966588986 -0.0342132597793913 -0.0897859293634605 0.016069972634884
-0.0405015151727013 -0.00301843937391665 -0.0810658455512312 0.0486962921456784
-0.0271341640533672 0.0288917931996881 -0.0594535548276418 0.087110765049282
-0.00888632800173604 0.0378886931156719 -0.0340562606250257 0.115568471809277
-0.0111006395412584 0.0446125501600939 -0.0109861632700181 0.133582487509242
-0.0178753479389774 0.0399637005941816 -0.00621070711994663 0.129139326060045
-0.028569970870615 0.0254784915874465 -0.0211791550816687 0.108693583743784
-0.0365963238830305 0.00478939962579599 -0.0399184490383332 0.0870794202660365
-0.0319783063645729 -0.026444244195657 -0.0707470235425337 0.0562959454153746
0.0101223523835309 -0.0582083470624688 -0.081194403406153 -0.00120664687625911
0.0557021545019945 -0.034001200695147 -0.0475511017190474 -0.036319590548214
0.0610746301772263 0.0191971585770819 -0.0312807565419197 -0.0270222638622088
0.0589923104381131 0.0450599713912174 -0.0778387268110637 -0.0487415050904345
-0.0127367747786185 -0.0443665561398483 -0.146103122610728 -0.0494017745390634
-0.0377761170392731 -0.00858161993398169 -0.10742136497851 -0.0120799370666914
-0.0184254132586413 0.024527018458328 -0.0791437001580161 0.00442720278310031
0.00874586783178696 0.0210802833424895 -0.0849943883397968 0.0390652446274837
0.0137693894180377 0.00198316664553449 -0.070980048358559 0.0915796377432424
0.00399039418439704 -0.00706844958917927 -0.041035094853672 0.124099301889854
-0.00888532339969023 -0.00855138062075879 -0.0168990918627354 0.138657851713678
-0.0151811435212095 -0.0141508164835577 -0.0112194587822781 0.129528271636177
-0.0162744134818034 -0.0261628679813081 -0.028507487543657 0.112372985180916
-0.00348760955694985 -0.0267882966096537 -0.050101094711596 0.0839040576444575
0.0143441115630396 -0.0271079728350146 -0.0779721967238344 0.0440618511251298
0.0376314606217727 -0.0140342392421511 -0.0754239662912064 -0.00949497601762774
0.0447966290754152 0.0101091996953898 -0.0446463657415329 -0.039525782219714
0.0272633613497617 0.0285471657638822 -0.042989233699277 -0.0255260870398295
0.0116414176498761 0.0252407124858659 -0.0935403773019958 -0.0539295731447877
-0.0714151907135025 -0.0392733251517272 -0.116985629832286 -0.0346832351454762
-0.0684687655767062 0.0332545773072802 -0.0694811692708576 -0.0146516677931314
-0.00222529717372206 0.0739091467206586 -0.0628627337811544 -0.0193333977533686
0.055456190612279 0.0368096007980631 -0.0851026681999167 0.0169530912781055
0.0491774040644763 -0.0288917865026507 -0.0811912390249676 0.0793753794719529
0.0134428415610027 -0.0508355293236238 -0.044844191480117 0.11316632455492
-0.00644712183678467 -0.0594468680699743 -0.0224613743306291 0.122951197423088
-0.0103833736768944 -0.0637921912677962 -0.0131223858602037 0.11171215487255
-0.00154176722876151 -0.0726884644770765 -0.0273093698587329 0.099739887258928
0.0302255859745189 -0.0533708302887482 -0.0447130532543535 0.0705895279246054
0.0592959984436949 -0.0228649264418276 -0.0661268114246796 0.0339129137494826
0.0601243726483559 0.032673434347197 -0.0573501223933448 -0.00173412352708434
0.0234653748484361 0.0546213941839491 -0.0404828491969172 -0.0226772292588495
-0.0170200197540357 0.0321083476502624 -0.0567039001379995 -0.0106793251400858
-0.0419163584439365 -0.00132251476114192 -0.0983367215520985 -0.0417383564497401
-0.114712164963222 -0.0317309076755375 -0.0746844445841861 -0.0222814774740343
-0.0886442035917122 0.0618546396361532 -0.0308660661906956 -0.0184213300903105
0.0110025249590319 0.10858995192551 -0.0372807638135682 -0.0415615197875029
0.0901346217760607 0.050378182331436 -0.0706117236926669 -0.0131803991487157
0.0798518241259568 -0.0506786350348245 -0.0827999904279624 0.0493976088548315
0.0232093753742041 -0.0877689183977543 -0.0482869270823855 0.0839620651124373
-0.00271010573986179 -0.101909347050235 -0.0262913139505282 0.0891607996489981
-0.00434702992573384 -0.105163573766303 -0.0131330853626922 0.0773272422987473
0.00949530494151139 -0.110874880180482 -0.0189524549129906 0.0719965603960776
0.0556375780960656 -0.0801310338277004 -0.0278435445751231 0.0467407168166458
0.0993791375200484 -0.0250628481431845 -0.0388586402347611 0.0223440578311708
0.0860600317420963 0.0740043190421121 -0.0262093134757248 0.0102255906783643
0.00575951748867258 0.101415236823569 -0.0255146873272409 0.00348854683462527
-0.0677591451261743 0.0424305664727055 -0.0580226569024881 0.0175755207482781
-0.0980212892909842 -0.0248944374455785 -0.0900975932641361 -0.0110059441370978
-0.137269157846177 -0.0242456302420054 -0.0313908025091071 -0.0156973679628601
-0.0961316673715083 0.0706361235995488 0.00333497947571891 -0.0185432317089777
0.0153344957547489 0.121704691632626 -0.00442662718876905 -0.0517635387897428
0.105046452387032 0.0601997396805653 -0.0412529465430267 -0.0407346481559299
0.097876151959253 -0.0583357524319153 -0.0700930450210613 0.00875786969015173
0.0333486611438509 -0.106319870574535 -0.0468657849632074 0.0396392499256727
0.00416678212654389 -0.129445070394352 -0.0297756107750703 0.0430808909751757
0.000904819898259733 -0.131487195661431 -0.0126421763182783 0.0331533544646275
0.0147163290156078 -0.135155383706553 -0.00862231519860861 0.0332722850175705
0.0662363563759595 -0.102114907565497 -0.00919009108446914 0.0135977957351699
0.124085494423449 -0.0371661782954148 -0.00742325828333232 -0.000838964280185028
0.111453342343066 0.0970188214332133 0.0153736281044515 0.0103689559734188
-0.000689113062732983 0.141137956415838 0.00830856138101669 0.0227202764997713
-0.107676942581226 0.0610170679184231 -0.0356350373610189 0.0484969247331771
-0.143999585542286 -0.0354075447733416 -0.0566234278897974 0.0300567064735762
-0.138155395023015 -0.0246698167510728 0.010038719892458 -0.00717081940340485
-0.0978716897314468 0.0533827047395953 0.0319920439802583 -0.0117922684730076
-0.0033450721416891 0.117074035663195 0.0317291889671746 -0.0443099350891479
0.0904590818339585 0.0770057658891578 0.00271446716007485 -0.0568128452465275
0.104503359504232 -0.0384015972928216 -0.0419665133701106 -0.0339865990730428
0.0462159203923695 -0.100307973070716 -0.0352072966065173 -0.0102480880477872
0.0164111008687455 -0.132732432419022 -0.0266039910760907 -0.0103956495398965
0.010753410523722 -0.136377199322648 -0.00962485428810008 -0.0180708717229436
0.0188385529534781 -0.13685368762008 0.00116082821134838 -0.0132018867210592
0.0630255177124168 -0.108237249964589 0.00809960127019235 -0.0271443156545041
0.125051738153641 -0.0480268465283292 0.0221269759357512 -0.0319982423577151
0.121824227434255 0.0954742771020561 0.0550867268517872 -0.00356104959011496
0.00533719415562907 0.156234776099863 0.0469273962872497 0.0243975896444791
-0.120487943289976 0.0797247897963255 0.00695709855361163 0.0661545663787994
-0.166519364347951 -0.0332392662190033 -0.00314415229165398 0.0701587522862094
-0.123988336275911 -0.0286546698429416 0.0415936442135217 0.00401303082411205
-0.096107881912547 0.02210148870425 0.0460767790803255 0.00601302944932339
-0.032882516781312 0.0969451898362036 0.0598788523257743 -0.0180977816416558
0.0566775930096865 0.0901893586571844 0.0472504092739935 -0.0515263368006912
0.0946462305640127 -0.00673540483902203 -0.00126578170806045 -0.0624271144760009
0.0527455398149678 -0.076116920070708 -0.0131649018699124 -0.0545623125305577
0.0237916112404968 -0.116260762328625 -0.017454252300434 -0.0615394575678812
0.0153305242619266 -0.124087099121468 -0.00654344395444429 -0.0665280989619063
0.0176932350121374 -0.123027184371244 0.00749271155089173 -0.0583404980482499
0.0483873627837122 -0.102083647988216 0.0158597719979286 -0.0653989456344425
0.105813541838746 -0.0578040760779698 0.0381109009244854 -0.0647659390161985
0.115953507276216 0.0720111189102717 0.0793034137269481 -0.0294345349729929
0.019967760022858 0.140875162914199 0.0764501803842037 0.00818617563158037
-0.100162130362035 0.0878327398320768 0.0538877374522456 0.0639132280967581
-0.157690113966393 -0.0199185248984678 0.0617372495303469 0.0974338450637515
-0.0959262414444441 -0.0303314786525426 0.0631262096754436 0.0226420698855651
-0.086595695327489 -0.011477330443013 0.0520942748081669 0.0247780595292337
-0.0584204804176746 0.0642311460987572 0.0683444206901171 0.0148278302142293
0.0145266812445938 0.0869193563771449 0.076103928473059 -0.0271509159742774
0.0665392543363714 0.0244983968976885 0.0403758487831435 -0.0665866550026865
0.0480380732906714 -0.0394843738173953 0.0163207397978552 -0.0830177787375816
0.0260031043451055 -0.0786814230298429 -0.00131891584769897 -0.101625420393152
0.0182072264164426 -0.092068913542497 -0.00161658735662785 -0.107449547666326
0.0166708565457973 -0.0899602902029662 0.0111492814134996 -0.0967790958892842
0.0305060980191424 -0.0788223040054637 0.0186061715493746 -0.0946361736099317
0.0714836843930627 -0.0539470324048815 0.0450592339278395 -0.0896222975428934
0.0890012912860786 0.0393961272273698 0.0890269802816692 -0.0524574370364564
0.0295426578825282 0.100141114808792 0.0902014031370114 -0.00986866135053659
-0.0586906835930432 0.0755842204232821 0.0878690502974392 0.049166320827592
-0.118051149015409 -0.00387730684905601 0.11949271168753 0.104448123337091
0.0540305149458279 -0.0418066926089053 -0.15322605281641 -0.0655898736397246
0.00718836902673755 -0.0510132646537769 -0.127421050158234 -0.0206914649761145
-0.0293550368533421 -0.0340899780015145 -0.0901338507834661 0.0175157023271985
-0.0410198754097904 -0.00277097058163822 -0.0811858869709986 0.0501449349579731
-0.0261663492359979 0.0294507436434471 -0.0587207989816501 0.0888151772061808
-0.00824989117643151 0.0383951488097287 -0.0326173248048491 0.117082256408805
-0.0103644799241066 0.0447380944240689 -0.00885540477141787 0.135268761379382
-0.0169212167281753 0.0405884321724898 -0.00393107017275621 0.130403429525117
-0.0285197211303869 0.0261435745951479 -0.0195212589475978 0.110015323945883
-0.0370869355171564 0.00575932121640568 -0.0392314525932775 0.0881866234228615
-0.0329483307191237 -0.0260693248722577 -0.0699887868399433 0.0572363622239321
0.00879750967400818 -0.0587036931595231 -0.0814052725737394 0.000207246769047707
0.0553733895428453 -0.0354154566628501 -0.0481015946573338 -0.0359925363502974
0.0614844706165942 0.0178991419190087 -0.0320528758166438 -0.0265848940021327
0.0606168091048025 0.0443000854086689 -0.0796646157917636 -0.0479652910224973
-0.0135415291954301 -0.044285235462329 -0.148277379129244 -0.0473088739409785
-0.0384297460394517 -0.00734885175284953 -0.108112439643962 -0.0103237145180923
-0.0177102717491359 0.0254670968892033 -0.0802517894171414 0.00526323772318973
0.0095873662778543 0.0214183936544834 -0.0854334402173004 0.0404326564493999
0.0143947002836092 0.00131843474892812 -0.0701734487811736 0.0933053590514851
0.0045112162310052 -0.00755744685677025 -0.0386905730574364 0.125697882628736
-0.00928657614176169 -0.00879130297793768 -0.0152775712020767 0.14063955095522
-0.0154159969336243 -0.0137402063569476 -0.00881540105241768 0.1316920460851
-0.0165340680515486 -0.0260725407377986 -0.0267019083126367 0.114089680973537
-0.00370576935067763 -0.0262965008095896 -0.0486966157854733 0.0850022938414148
0.0141044596958372 -0.0266330041618649 -0.0776273043835311 0.04518544220207
0.0376544760560462 -0.0147941044585912 -0.0759085144857354 -0.00829754310788986
0.0448549810331797 0.0093112323911335 -0.045414965292478 -0.0389395839051288
0.0278793993606917 0.0282961011411525 -0.0435767967012776 -0.0252886182503155
0.0119214646675904 0.025286430359971 -0.0949749222228277 -0.0527929049552926
-0.0728932555968945 -0.0383252513886777 -0.11829655645603 -0.0330421232186652
-0.0686021704701884 0.0351700127414873 -0.0702588203739257 -0.0135831023502176
-0.000426638347228394 0.0747680597638839 -0.0634353989575615 -0.0186964148838158
0.0568853961905736 0.0361692084729541 -0.0853315777659235 0.0180800872945088
0.0493041278225009 -0.0301838714301235 -0.0807302357658392 0.0814694510279124
0.0127822722369559 -0.0517927455898964 -0.0432997521975483 0.115103830755114
-0.00757252396131218 -0.0600443528351982 -0.0202211867497395 0.124600332918258
-0.0115461987183719 -0.0642539946397138 -0.0115888398594381 0.112851226308193
-0.00277137609970957 -0.0731035908983205 -0.0259456518988423 0.10081031456352
0.0296170782352729 -0.0541089709909911 -0.0439709821072646 0.071592922741023
0.0594964874015425 -0.0237828596099669 -0.0659749944758674 0.0351714819011657
0.0610462349484298 0.0321863360487216 -0.0576418052585933 -0.000585171301774873
0.0246342299641403 0.0547467966138678 -0.0410705619318152 -0.0221732907292301
-0.0169322091922381 0.0327470135529412 -0.0570760433581038 -0.0094876740413298
-0.0424463146585087 -0.000250931513634647 -0.100064975923489 -0.0402957270023539
-0.116214471427136 -0.0302728392944233 -0.0754040115607754 -0.021318840357137
-0.0886141462237712 0.063757991321059 -0.0312919794523292 -0.0182937156367475
0.0129398289853803 0.109292313739983 -0.0378034347354873 -0.0412474666434422
0.0920731264335665 0.049377113457306 -0.0714540082837864 -0.0124194953729153
0.079892148349175 -0.0521953268399818 -0.0824971779453944 0.0510720919096496
0.0215592173471307 -0.088550753128243 -0.0471842502236831 0.0855953921299561
-0.00431963481621462 -0.10324479058836 -0.0252283338138013 0.0903842078606759
-0.00667399547608308 -0.106180150183931 -0.0113850897940457 0.0785007113694124
0.00754542560542697 -0.111878428462629 -0.0175953507611604 0.0726839516295663
0.0549288871638885 -0.081535594097994 -0.0272821300867787 0.0470337349620801
0.0998881153119735 -0.0269135912963458 -0.0386916193807479 0.0231330822562641
0.0882351312340471 0.0731173089083794 -0.0259573512162483 0.010677033941688
0.00726833956181501 0.102438307278058 -0.0255905553799672 0.00428278586788461
-0.0682147352959122 0.0438996199836186 -0.058355121345372 0.0187138511580387
-0.0994615087347755 -0.0228235998130899 -0.0910428341722564 -0.00981698102593967
-0.139661065890046 -0.0216293233935518 -0.0319836088983451 -0.0159606415894806
-0.0958623854954212 0.07353165400134 0.00334992626573195 -0.0187069969728881
0.0173133977427885 0.122218523590609 -0.00538858806610772 -0.0519010211402096
0.107102326464112 0.0596030796703931 -0.0418348537380708 -0.0404004639308761
0.0974574932644635 -0.0601547525478197 -0.0704406816575787 0.0102216204279398
0.0318809954653394 -0.1080604825096 -0.0464470239679123 0.0406550528517906
0.00195654370540946 -0.130313418242427 -0.0294443102295546 0.0434664117725924
-0.00131200795405578 -0.132633786209218 -0.0121648741504851 0.0334599210370215
0.0124722901061863 -0.136212168529408 -0.00812488685455159 0.0337945427221121
0.0651321720699674 -0.10420466894856 -0.00871403958664442 0.0132777154952523
0.124758759352843 -0.0394611128051007 -0.00699812381759255 -0.000137986840040576
0.114463114774445 0.0958754115408417 0.0161850377012455 0.00999313192198083
0.00176848021422074 0.142603193254394 0.00891893451458507 0.0227090764746111
-0.107929998071422 0.0635650099934101 -0.0350371044006278 0.0492606555061536
-0.146356641978474 -0.0334794128211304 -0.0561905858725179 0.0311742935280903
-0.139982937637594 -0.0223151130183405 0.0102380072159453 -0.00724163882216136
-0.0985422776595407 0.0558633355894608 0.0323039854090441 -0.012135598027065
-0.00138245888562953 0.11798502367635 0.0312639860273768 -0.0453132303419425
0.0928360764723623 0.0767466634141873 0.00176115494594534 -0.0573535904556596
0.104684278826154 -0.040328008220568 -0.0425154201128513 -0.0329431401579345
0.0445593188122309 -0.101940619199733 -0.0353964945905472 -0.00969355980957806
0.013719037217324 -0.134539102996516 -0.026921069426464 -0.0102172713925914
0.00878501037847064 -0.13800955791373 -0.00991512336011061 -0.0180576352798673
0.01660899533103 -0.137969130519327 0.00131220296501095 -0.0134214629619585
0.0618598613857379 -0.109587801733778 0.00810095419809943 -0.0274313814804966
0.125627063654205 -0.050550195674886 0.0216948536116971 -0.0324416616689994
0.124889828562075 0.094920692928595 0.0553837333338148 -0.00434351273104052
0.00804077300836968 0.157526728580587 0.047656759684838 0.0237593660686486
-0.120234085478237 0.0827603874716735 0.00786008661793486 0.0664691974537587
-0.168686563945361 -0.030964458930369 -0.00179869047394542 0.0706215754138788
-0.125263714168552 -0.0269757510184126 0.0421163436698033 0.00362015438563963
-0.0973280782873233 0.0237052097585922 0.0468787391258466 0.00482142469663908
-0.0314309688490029 0.0982846107816873 0.0597719224213742 -0.0194206984833834
0.0585668332052616 0.0906709968397716 0.0469552031885556 -0.0529204537519953
0.0953964328901732 -0.008505506893781 -0.00259508127399064 -0.0619819796809861
0.0515159290128472 -0.0775011161176287 -0.0140469981486188 -0.054729997311608
0.0218431202302541 -0.117293513930561 -0.0186675282665439 -0.0616846673760297
0.0132217270516579 -0.125882445964446 -0.00730620520673007 -0.0673857481344887
0.015417844923116 -0.124293300788347 0.00661117940128412 -0.0588776946250357
0.0470565029541571 -0.103832415903168 0.0147221866241446 -0.0659414263751159
0.105723662833044 -0.0598071254708702 0.0372360715588898 -0.0655971026498902
0.118409735322306 0.0706559356061343 0.0795289270122528 -0.0307754388491335
0.0223688308112004 0.141606152928785 0.0773755319432741 0.00726407800959408
-0.0999915639456045 0.0903726321351847 0.0553210250947083 0.0635111944904279
-0.159800966299318 -0.0174236261491117 0.0643648774415872 0.0969995824121286
-0.0966510606745451 -0.0287330035622945 0.0643927557119728 0.0217097616432031
-0.0879645448300006 -0.0101812644045172 0.0527550531769643 0.0237357408316151
-0.0581098086205778 0.0659856937160212 0.0688231605478851 0.0135677067205822
0.0165011056043967 0.0880372826968929 0.0760758406565612 -0.0283476517210289
0.0673656915518293 0.0234709371347787 0.0392908070669579 -0.0669637295759841
0.0475903415292543 -0.0403324462122075 0.0153333727967292 -0.083876155304012
0.0246020236785293 -0.0796083037596742 -0.00302824074730427 -0.102479069732068
0.0161787585992591 -0.0932436354080676 -0.00345043430119893 -0.108226655782396
0.0150541568360326 -0.090963487045566 0.00964709421736373 -0.0974506248346664
0.029332998850675 -0.0797251738131786 0.0173354598197771 -0.095717523287508
0.0705515634439515 -0.0555002143935705 0.044130500723176 -0.0905269165238079
0.0910989541182943 0.0384496585445104 0.0889035424456278 -0.0544019443454189
0.0316424744995484 0.100428142706409 0.0902783571963749 -0.0111499408667069
-0.0580984616091184 0.0770829861068727 0.0895581088183772 0.0478769112295478
-0.119160513631761 -0.00191152924653692 0.122587959882995 0.102951495716567
0.0534011807859612 -0.0427138945254971 -0.15507852407961 -0.0639791982051614
0.00638822245788057 -0.0509246139796637 -0.128736608506165 -0.0189108098548719
-0.0297681766486066 -0.0337007242693171 -0.0899451958215498 0.018824541202736
-0.0407095881314426 -0.00243640001045138 -0.0810717578237875 0.0507840428998191
-0.0259335625756107 0.0298594862528581 -0.0572582558517582 0.0901801815302423
-0.00769949734769881 0.0385603715429408 -0.0305661901110299 0.118635578111
-0.00981235701596017 0.0450138065899728 -0.00681054852113827 0.136790646724032
-0.0163257235031051 0.0411994461231873 -0.00142956214693215 0.131619870796773
-0.0281695956024667 0.0269183155313882 -0.0179076459891408 0.111411614683637
-0.0367713350454965 0.00643013391472784 -0.037804365443748 0.0894437101476102
-0.0335091685349902 -0.0255113512551611 -0.06913255736231 0.0583076711139776
0.00748724505423537 -0.0593156853245199 -0.0812693056253857 0.00142729824378436
0.0549233964625521 -0.03664462457365 -0.0486995923531446 -0.0352915287360083
0.062569468991637 0.0173350180580094 -0.0328467348787926 -0.0256085521470072
0.0615310382796953 0.0432648733843398 -0.081439848391002 -0.0464486312576123
-0.0145590417308173 -0.0441605023866824 -0.150490116802935 -0.0453297820263228
-0.0389179276878904 -0.00662522840166606 -0.109261790564891 -0.0085729070190038
-0.0170329904149919 0.0260911805738047 -0.080313032836908 0.0061089790722993
0.00999877495256588 0.0210887893283656 -0.0854043460177521 0.0417453088718335
0.0149071043089007 0.000874976306972407 -0.0692234085712013 0.0953679621844356
0.00405467257183562 -0.00766264941621727 -0.0373346146257702 0.127450815565498
-0.00919511429172378 -0.00854291399504556 -0.0125284029060686 0.141923386062782
-0.0156721247572604 -0.0134601976514024 -0.00659611405616587 0.132673448876612
-0.0174527386351111 -0.0263772752658456 -0.0251082651044203 0.115587848108256
-0.00414183129630557 -0.0265885602897593 -0.0482471128699169 0.0862051551371932
0.0136228201393598 -0.0269823592484032 -0.0773622189124704 0.0465321482614072
0.0369123642895403 -0.0152338888269117 -0.0763712041916358 -0.00722115513138349
0.0452285649079226 0.00871483974053891 -0.0462217827525046 -0.0383508337621243
0.0286207156088499 0.0282850246775526 -0.0442841307620685 -0.0242974281389034
0.0122469485374835 0.0253433278091628 -0.0968399869116923 -0.051364811413124
-0.0743501554520829 -0.0372423824601579 -0.119800099058999 -0.0310396911516555
-0.0685088629542093 0.0370619648391052 -0.0710533805761199 -0.0125159178220793
0.00116434353099772 0.0755398785288752 -0.0639270538864599 -0.0183504446975594
0.0588807772791843 0.0355654100757598 -0.085590519420952 0.0191258925440099
0.049260572322517 -0.031421016585738 -0.0804424032951237 0.0834182591619787
0.0120067718571724 -0.05279755654383 -0.0420176300090876 0.116578221223393
-0.00841741058375391 -0.0603581140486102 -0.0184188664231668 0.125943758205553
-0.0127329704212612 -0.0646719121718535 -0.00955948232679347 0.113954154563736
-0.00412186232109243 -0.0735195856347181 -0.0242860109190946 0.10228182140683
0.0293298773675076 -0.0550246970456945 -0.0434162353570076 0.072839814413169
0.0598037206831872 -0.024551624459718 -0.0658259024323424 0.0363237168741999
0.0617917663166036 0.0314318126897676 -0.0576572744551906 6.48411707010277E-05
0.0252206413040748 0.0548146566341386 -0.041699827706009 -0.0217001171472134
-0.0167423480956752 0.0333987323369834 -0.05766028494649 -0.00861025625094358
-0.0428608536420973 0.000328188472078806 -0.101522392727099 -0.0388117783637773
-0.11847012945683 -0.0283720963015417 -0.0763620060343863 -0.0198888643211101
-0.0883357338424408 0.0662313043284462 -0.0318655456281481 -0.0182385243565284
0.0156177209246844 0.110266823181403 -0.0392604968133846 -0.0416835511623221
0.0941609689596385 0.0482424828740188 -0.0722414864658933 -0.0113381088114745
0.0794712401779274 -0.0545391205823376 -0.0827522915345219 0.0530636008184155
0.0204374980126746 -0.0896931389980258 -0.0459251936684522 0.0870884411124454
-0.00614178080738245 -0.103764190386362 -0.0237427476052727 0.0916553289797373
-0.0084519452232782 -0.10695388309022 -0.0104230968663799 0.0794157271983361
0.00587742347902616 -0.112794423838855 -0.0165874163509787 0.0735765792984449
0.0545211580593915 -0.0827691435936111 -0.0267506808304411 0.0476579439151886
0.100242458076527 -0.0287442043840585 -0.0383566984485172 0.0236429108153397
0.0900413789108775 0.0723739116613183 -0.0257695536169299 0.0111397099232669
0.00877261097144785 0.103198313121487 -0.0258699682555452 0.00426444661923925
-0.0687302733033162 0.0455914175264153 -0.058367196815192 0.0202794941540477
-0.100970603406668 -0.021287829717422 -0.0916008908804334 -0.00807952187736333
-0.140912657406734 -0.0190682321205225 -0.0319866957138031 -0.0154342328618945
-0.0954823254774553 0.0751461733758626 0.00285887363067272 -0.0188358237746242
0.0200213772482142 0.122887876301988 -0.00607419417540844 -0.0528444813832654
0.109195538710952 0.0582846605784631 -0.0429482976797966 -0.0402143174965417
0.0971338630190347 -0.0624698799064382 -0.0708189516690856 0.0120182817140637
0.0303312666156131 -0.10928772557902 -0.0462912705444142 0.0421480463135766
-0.000197703456445469 -0.131506791515752 -0.0286454064792627 0.0446456024904347
-0.00351211430541615 -0.133723706046272 -0.0114533509790914 0.0339199812113916
0.0101106879322737 -0.137182185518887 -0.00723265333722716 0.0340091735255222
0.0638468777395368 -0.105568508258582 -0.00848557900016307 0.0137897598571047
0.125025200576015 -0.0412591834511372 -0.00717971001406322 -0.000409015982648044
0.116789065511344 0.0950925074585627 0.0160848551786651 0.0102276872710167
0.00442102288126766 0.143596480522775 0.00870651878301368 0.0225944589395937
-0.107544343637652 0.0658375239269725 -0.0348499821577309 0.0502321899658102
-0.148234543647699 -0.0307696505295165 -0.0560074921673541 0.0325403557849191
-0.141761630065757 -0.0197205715871923 0.0105661798804971 -0.00759458384363805
-0.0984726390588345 0.0579719791889814 0.0320590329829991 -0.0128467249526571
0.000767100395593934 0.119061573939007 0.0307792681482741 -0.0461826775789798
0.0947827691690509 0.0762380932313445 0.000915465305642586 -0.0580589401142959
0.10482998834434 -0.0423526753142428 -0.0440537513097824 -0.0324704470286625
0.0434494132108521 -0.103088513976513 -0.0355533541608626 -0.00903484808276336
0.0117182162183189 -0.135497851300958 -0.0272594290077164 -0.0096628510259047
0.00570992291520529 -0.139049567022644 -0.0103573056769611 -0.0179045950192739
0.0140401564057677 -0.139157115876873 0.00139172433605664 -0.0135700270660873
0.0605731236585096 -0.111350019605818 0.00757408353018459 -0.0279987977477736
0.125426266374105 -0.0529165757032634 0.0216536827809361 -0.0329705607872421
0.127768502811919 0.0932719010972897 0.0554887905237488 -0.0054899205983568
0.0109198677338953 0.158629252350155 0.0479100158057039 0.0233901449003603
-0.119870715529804 0.0856931865622358 0.00891583315430523 0.0665088310570024
-0.170504832580765 -0.0277526121753399 -0.000470211164115823 0.0709405756227747
-0.126904635297407 -0.0247016369508794 0.0428325690136041 0.0026859131448881
-0.0975564475668664 0.0257001115201817 0.0470847708420359 0.00393960170842054
-0.0300392346770395 0.0997599170116262 0.0596799073952937 -0.0206321637410997
0.061371691505699 0.0904569712717075 0.0462165119621005 -0.0543787279689542
0.0958561016199202 -0.00981100903058816 -0.00365950433367834 -0.0621432484644641
0.0507807012647547 -0.0787602158541356 -0.0150806330195001 -0.0547310293493938
0.0196697390214724 -0.118543456707436 -0.0193590446579114 -0.0620042512127852
0.0107546459331381 -0.127198294243384 -0.00846870290847319 -0.067795855519272
0.013239897730431 -0.125371965265857 0.00599429478553597 -0.0598033104577514
0.0455383845371817 -0.105585355689508 0.014048018674763 -0.0666543827728944
0.105444326815498 -0.0620240070864321 0.0369600625933677 -0.0665070037657841
0.120838161976665 0.0693045112652361 0.079548985020334 -0.0320770553672062
0.0248980977380159 0.142294783045322 0.0776282782291938 0.00617656806327097
-0.099234882424864 0.0928020938601805 0.0563168332578225 0.0631215309265203
-0.160944547074309 -0.0147065864371399 0.0670076055844701 0.096322148821975
-0.0972603876185321 -0.027037062856767 0.0655946117090115 0.0204882314961812
-0.0888811882185309 -0.00840087545460502 0.0536245990927945 0.0229093379845773
-0.0568501120143069 0.0672340314417906 0.0689707628096986 0.0126123605169403
0.0180890069631686 0.0885969377700592 0.0760088879186736 -0.0296353435638438
0.0683487747181317 0.0229310342573262 0.0385116115809172 -0.0677400571826451
0.0470482159352591 -0.0412191556945835 0.0139671908388203 -0.0846216594202621
0.0232791566476966 -0.0804229685664645 -0.00482576317133974 -0.103322409771984
0.0145701172101052 -0.0945314887804419 -0.00539410626275723 -0.108959593675357
0.0131598379621321 -0.0919388800509813 0.00826955550534585 -0.0984552691027471
0.027950207272742 -0.0806430596816488 0.0159697767313156 -0.0964227658821768
0.0703461328539397 -0.0571378106149757 0.0435059707938494 -0.0920685883222553
0.0923206577735649 0.0373026484808259 0.0883529119899235 -0.0554435341231176
0.0334850370717742 0.100632123655682 0.090612010158429 -0.0121304355522834
-0.0572457690466157 0.0785118406059168 0.0909846682194382 0.0467783618903692
-0.119922548826441 6.1946595032154E-05 0.125235748685867 0.101667263431451
0.0529715701095562 -0.0437473906702889 -0.15697498253626 -0.0612347684428657
0.00584132130577497 -0.0512393012842187 -0.129436657375447 -0.016378698786574
-0.0300173060722885 -0.0335531860400993 -0.0897346178359949 0.020528464699753
-0.0411474312477315 -0.00183444194057278 -0.0807226975373831 0.0522593980224809
-0.0255400671205438 0.0301409450725333 -0.0562038477567713 0.0911709068050209
-0.00652349475569839 0.0384793386702564 -0.0289159506099426 0.120206871707782
-0.00886953589224535 0.0454704131939159 -0.0040382972912193 0.138168412931638
-0.015525394626081 0.0417456104867467 0.000209557205731765 0.132508228678125
-0.0274697548639799 0.027509158079039 -0.0159050372638583 0.11205473859651
-0.0368597027707804 0.00738808076115795 -0.0365984499545221 0.0900722789596903
-0.034438305754783 -0.0247399549464321 -0.0682862469607578 0.0597685921135416
0.00592035661001839 -0.059626990240027 -0.0812453412607978 0.00263719807773442
0.0539745059235505 -0.0377310161542558 -0.0491045637691313 -0.0346432152875737
0.0630215184886086 0.0159315100881042 -0.0330803864133525 -0.0251228837983093
0.0623604912926379 0.042460107295318 -0.0829690220743239 -0.0449652439844708
-0.0160508340555143 -0.0439913072414996 -0.151979577532677 -0.0425833464029025
-0.0386986459176675 -0.00569568413569045 -0.109836013074741 -0.00690495236331928
-0.0162833239753885 0.0265037391762443 -0.0805978278066022 0.00750996370173935
0.0111339653948668 0.0210424924478867 -0.0849668852580473 0.0429277446623607
0.0152292656013422 3.51436436471283E-05 -0.0680302806953654 0.0968483995166231
0.00406670892134049 -0.00822947139210616 -0.0353302996553744 0.129017998914662
-0.00914532722326693 -0.00865877492191722 -0.0102561168244888 0.143566496992239
-0.0159004974667461 -0.0135784065045197 -0.0044851934258644 0.133711887764954
-0.0174520983607011 -0.0259099725253202 -0.022979446714497 0.116226852781902
-0.00458036685296054 -0.0261760025322288 -0.0464869582792116 0.0869916359470745
0.013236592839613 -0.0273763211848114 -0.0766586034378777 0.0476246450514601
0.0367353044558676 -0.0158183643264848 -0.0767879211991233 -0.00624423045190171
0.0450084267387282 0.00804241657921842 -0.0466634782581604 -0.0379041256515236
0.0286335015095089 0.0276489452771124 -0.0440278185529624 -0.0237396928576818
0.0127511539926078 0.0250053608580329 -0.0986837655435518 -0.049975523488072
-0.0761305660957443 -0.0363618250970878 -0.120837259014251 -0.0286956956889586
-0.0680939167273098 0.0388379450869737 -0.0715957322310804 -0.0113199814974847
0.00287681005236107 0.0761069435617001 -0.0646287672451882 -0.0179807583680233
0.0600091775580839 0.0345725406262467 -0.0855853865162622 0.0204838768111302
0.0492861915380724 -0.0328809958510724 -0.0791291534009574 0.0853903743215166
0.0111771366665679 -0.0533180718950369 -0.0401873860445451 0.118271379220128
-0.0094410348698304 -0.0609025064518935 -0.0160763377433924 0.127263933989183
-0.0139643570422742 -0.0646740637558963 -0.00717488553199549 0.114743526499281
-0.00539036192741571 -0.0738383890009295 -0.0225476762713206 0.10286453738172
0.0286831921509238 -0.0557524709644231 -0.0419714600350454 0.0735090495519355
0.0593763020020061 -0.0255501843730833 -0.0652184347863906 0.0374632650446351
0.062716945814365 0.0309635248201403 -0.0575303239992699 0.000228535073819711
0.0260137941827445 0.0547257820707737 -0.0421614041633936 -0.0209303126462333
-0.0167157558646315 0.0339390636075973 -0.0577508280145199 -0.00764977983835274
-0.0434958795343323 0.000994757582385516 -0.102735571696467 -0.0372982074137874
-0.119838239003041 -0.0261573102585241 -0.0771673869715092 -0.0186109184539956
-0.0880361182258646 0.0685696022028504 -0.0322518222316313 -0.0173085393638906
0.0178358569428587 0.110582764375544 -0.0395965626843755 -0.0410422513194609
0.0963379024444615 0.0474113789490466 -0.0723350186900927 -0.0107924107506421
0.079126712752299 -0.0561850973321759 -0.0822711303042821 0.0550414181083196
0.0190889829677021 -0.0903367888876771 -0.0445620008804956 0.0883237214249414
-0.00802383305655528 -0.10446268086821 -0.0221729439156327 0.0927176316843058
-0.0102844892857434 -0.107580593808329 -0.00876154096715718 0.0798243471109486
0.00362308821727969 -0.112986253135071 -0.0149109390861134 0.0740123658829304
0.0532180399468505 -0.0836882735619366 -0.0254032502198594 0.0484609800352875
0.100259072872332 -0.0303539198446799 -0.0383036935177879 0.0246307240104867
0.0916217728785892 0.0715432604319004 -0.0255269461655449 0.0115126940532597
0.0109730973690663 0.103563582967638 -0.0258432567705976 0.00470167395468636
-0.0680241720684181 0.0472588684818105 -0.0581314830514384 0.0212699661938302
-0.102037081341608 -0.0193881128051421 -0.0921779084454909 -0.00671392806064384
-0.14263684428304 -0.0167849712116296 -0.0323108133677517 -0.0145286924344998
-0.0949628132572578 0.078206218489681 0.00286093284745584 -0.01903135300778
0.0220615129875065 0.123370789129213 -0.00715681183472352 -0.0528095970216929
0.111715825311513 0.0571172459054943 -0.0437203119115655 -0.0401487848120754
0.0967602168667253 -0.0642961265941489 -0.070696345067635 0.0131035535381541
0.0286032137227448 -0.110033818973203 -0.0453964207449409 0.043160926640045
-0.00225197777988029 -0.132024186023102 -0.027947867191504 0.0453474540901638
-0.00612797397353691 -0.134662879797017 -0.0110844744285362 0.0342652026769973
0.00781156324222484 -0.138029978160821 -0.00658946517156848 0.0342869481581529
0.0626067010476336 -0.107146393100034 -0.00803998062150466 0.0138634423220882
0.124913185035402 -0.0434484283227268 -0.0071734223389761 4.20614996283702E-05
0.119279096593872 0.0940114035909843 0.0168163902301854 0.00992019984484041
0.00663191822362188 0.144421636504304 0.00909025740676938 0.0221578568417754
-0.107157317163747 0.0683301972021573 -0.0339239117402123 0.051100964714979
-0.149592219593489 -0.0282857533837876 -0.0556675575928242 0.0336349391116509
-0.14304047379059 -0.0175388632425093 0.0103706393335612 -0.00819147086614975
-0.0981408847354312 0.0604576080747255 0.0318235780556681 -0.0137704356929489
0.00271311268438189 0.119584631218176 0.0298196829581309 -0.0471076222086533
0.0967157637769877 0.0752463182434125 -0.000233628654952165 -0.0584839101426497
0.104742310393122 -0.0439782793612433 -0.044519765776748 -0.0309428729754101
0.0419686353011563 -0.104393953637275 -0.0362552720551734 -0.00850789508122801
0.00944538804541543 -0.13676763508578 -0.0274661921457106 -0.00926275146016487
0.00317124652351371 -0.140345032939745 -0.0105285011808292 -0.0180232907694396
0.0117731558800674 -0.14044053057775 0.0013786563191694 -0.0134661029390286
0.0589214807392596 -0.113102865398518 0.00735589140206177 -0.028331745727919
0.125409242933726 -0.0552370513924951 0.0216731342537682 -0.0332286227859759
0.130520570227545 0.091843805231807 0.0558466657892138 -0.00646354387911722
0.0143850769024796 0.159434497713557 0.0479520988502609 0.0225799781601525
-0.119500161019879 0.0884662118845749 0.0101459734863474 0.0665601754876944
-0.172112685578106 -0.0247449888418023 0.00131349873951101 0.0712788339463027
-0.12802573640325 -0.022556449442413 0.0430688678861324 0.00193719527126187
-0.0979088814129465 0.0279222305053387 0.0478138606552315 0.00289351131127788
-0.0283315740363496 0.100485129883755 0.0593257142929716 -0.0216518698264509
0.0630947871235247 0.0906634191738271 0.0452600881154374 -0.0550221401759092
0.0964742146867064 -0.0113121201843641 -0.00494490963443322 -0.061527544259484
0.049293413055505 -0.0798169105321339 -0.0157465836958186 -0.0541859398375533
0.0177534764433075 -0.119522317091688 -0.0204135108878287 -0.0618644959947775
0.00841845866680956 -0.128310203435607 -0.0100240197510927 -0.0682253932072966
0.011095020661087 -0.126730401011023 0.00521611310457032 -0.0602411597381678
0.0437485714908403 -0.106634544245398 0.0131935415468882 -0.0672996713703941
0.104794248626308 -0.0646182942374424 0.035634881416547 -0.0669148807166049
0.122981625923759 0.0682464996584045 0.0789582400269234 -0.0333247197894407
0.0276620425073921 0.142958104269283 0.0776276037103564 0.00554243481493857
-0.0981857834209258 0.0948440194593837 0.0577088516261538 0.0625035914906422
-0.162380737636931 -0.0118297820323877 0.0693963184949225 0.0954173587500375
-0.0982797958462771 -0.0254120175784076 0.0663326535683446 0.0191623302418557
-0.0897469802526541 -0.00631645321230978 0.0548448001784182 0.021787647277412
-0.0562463232636007 0.0685664105690217 0.0693165703374439 0.0115619751444047
0.0194529636568621 0.0891313726289133 0.0756141099800197 -0.0307884713656197
0.0691266211046329 0.021938373439843 0.0375600127785813 -0.0677517794285271
0.0464515485744317 -0.0421087699026513 0.0131865647083538 -0.0850450872675612
0.0221560918092865 -0.0813720547208436 -0.00682945177301519 -0.10406919722281
0.0125067026234068 -0.0950555776792714 -0.00744915671257974 -0.109486984777004
0.011632212413683 -0.0926561905018463 0.00662418314716254 -0.0993374147056017
0.0267683352078827 -0.0811970942233953 0.0149111427440483 -0.0975069213476897
0.0694910691443708 -0.0582894743934021 0.0423432167938697 -0.0928180702807804
0.0939997499496448 0.0359115873718606 0.0876708662147709 -0.0571983302395034
0.0353100492837255 0.100572836786394 0.0906068489452228 -0.0131094604803574
-0.0562089971889843 0.0801719605158374 0.0917335967874677 0.0452744018790697
-0.121125248620216 0.00189104440508448 0.127975672816565 0.0996497963011515
0.0423558117264259 -0.0503603486204546 -0.162168324481194 -0.0380239241670271
-0.00412454317473842 -0.0500390654315407 -0.128497816598836 0.0013537275713829
-0.0355016931677488 -0.0279645381356229 -0.0843650955903476 0.0302627912417473
-0.0419592278703304 0.00545827052261041 -0.0726202906177664 0.0597297950950951
-0.0215534276446073 0.0353089627398335 -0.0462678427636611 0.0959641795737565
-0.00099835070749996 0.0417957191024911 -0.0156648615570688 0.121305575093418
-0.000733336115394517 0.0491957753491525 0.0125200974894866 0.13597885985527
-0.00927142088138822 0.0443804990767509 0.0160101396276777 0.13062212158502
-0.0227410131514656 0.0323179451015968 -0.00493493298608765 0.113164618194326
-0.0346163963283587 0.0125922794481055 -0.02779403943361 0.0935724751766318
-0.0362688177091664 -0.0197618782611309 -0.0616388680291739 0.0653850222883155
-0.00136603014984809 -0.0596536519593091 -0.080902420371374 0.0113447697961777
0.0490696120348875 -0.0432566475273651 -0.0540176151110415 -0.0294211795022431
0.0642196556888154 0.00899294839735768 -0.0354303107139133 -0.0235200252035403
0.0670738400358631 0.0367806800854658 -0.0861943804040916 -0.0394685366837909
-0.0255938530458379 -0.0403631077336505 -0.15326647819991 -0.0229685319695388
-0.0410266193655879 0.00158733798165625 -0.108735738866057 0.00524814953844105
-0.0136675174297268 0.0296869283923323 -0.0794998099188599 0.0155004299481389
0.0127348146401768 0.0204824703473146 -0.0801069419643099 0.052777171060292
0.0146682373275777 0.000414239350426251 -0.0563779531595617 0.105605009899879
0.00373877603330011 -0.00526240180898494 -0.0188421916110016 0.13202560634274
-0.00895011530332249 -0.00604628385132168 0.0078144906016098 0.143813464507513
-0.0155050843207675 -0.00979324709962128 0.011822614012953 0.132264753609555
-0.0199546952049191 -0.0222740431747196 -0.0112528757098845 0.118636619468929
-0.00617837433144121 -0.0250036608387856 -0.0387896473797199 0.0921687722457663
0.0102133052713317 -0.0276390418985894 -0.0717530902247242 0.0552678705838805
0.0347614587155793 -0.0191602866242707 -0.0779812270139826 0.00141108860822825
0.0452214101147608 0.00352690097625874 -0.0514244974806178 -0.033920462293807
0.0315783005903507 0.0250164306515995 -0.0459057498143345 -0.0202720477123715
0.0151069201754761 0.0250804793561539 -0.102109474427267 -0.0416598244842326
-0.0834164868778649 -0.0242003424366009 -0.119359816058936 -0.0159803164356681
-0.0633624415252486 0.0491582840678678 -0.0725011991301842 -0.00572720862198152
0.0128341930050466 0.0758760324061655 -0.0699301611240124 -0.0118308813241546
0.0633678528816672 0.0267738043258416 -0.0859482426098714 0.032639986913228
0.043754930988589 -0.0365565407824813 -0.0679978800200483 0.0975560060365545
0.0050935974470352 -0.0510061097177786 -0.0239878748885989 0.1226454961661
-0.01681383086889 -0.0588876564139404 0.000659100328211449 0.130770810267597
-0.0198227004727394 -0.0614381414526816 0.00734186621040972 0.114836007730998
-0.0137947599345644 -0.0727047822153631 -0.0116302538493013 0.10577143183608
0.0228563113758245 -0.0588164656824346 -0.0354977528765847 0.0790926229439196
0.0567248203020373 -0.031646956410379 -0.0618181282703535 0.0442047252238547
0.0670412086887484 0.0242537805580323 -0.0592831199396209 0.00509232533490905
0.032458421651536 0.0524196714453336 -0.0442791123566226 -0.0186840352486214
-0.0125120959023072 0.0363792443801148 -0.0578010828606594 -0.00190845256417141
-0.0441635235488007 0.00670744391025965 -0.105256976629852 -0.0269357369442044
-0.124817206953617 -0.00806942108075908 -0.0737965387368115 -0.0131881030458314
-0.0776633839448697 0.0813446471138613 -0.0352708530347038 -0.0184337187094331
0.0325052593238944 0.10752800706462 -0.0508736372843585 -0.0378970099760654
0.101091470287635 0.0330443282310968 -0.0784294847921264 0.00129339563392107
0.0698510841018309 -0.0641350324671652 -0.0737900878373004 0.0695156358857061
0.00786225773823828 -0.0889444585114396 -0.0306174884496297 0.0942069879011257
-0.0217163280159415 -0.103590402936394 -0.0094536485546726 0.0985709686879167
-0.0214745814618409 -0.104126561512054 0.00253429078810195 0.0803563572431933
-0.00963033478617484 -0.113435107015192 -0.00665803719606156 0.0761056541285117
0.043433400806809 -0.0904666854088425 -0.0215425506739149 0.0527023176580698
0.0961439915872181 -0.0418422930117046 -0.0369572082033322 0.0295772000819339
0.101643840176033 0.0610940022160202 -0.0271313860831814 0.0117101499663052
0.0227532584534684 0.102387819637574 -0.0248988151400954 0.00445854366300369
-0.0622496414813934 0.0555653043228751 -0.0542500239698379 0.0282670458895242
-0.104951384079126 -0.00789239711693455 -0.091313989800455 0.00423592049492899
-0.145109485181071 0.00405250579080029 -0.0289452761447999 -0.0156202480536951
-0.0830640201909419 0.0910174326131753 -0.000974160764045875 -0.0249206482632687
0.0393378982081956 0.119454207838297 -0.0199715996788575 -0.0537562358268931
0.11807318475787 0.0399769567667521 -0.0546208007381747 -0.0310766514319759
0.0860806946106632 -0.0752100044064259 -0.0677987409358553 0.027105622058487
0.0140840674473848 -0.110624150498195 -0.0364023194731021 0.0503089341167938
-0.0208822738187251 -0.13242434801912 -0.0204937835053438 0.0534399434046893
-0.0210061976737582 -0.131659594719572 -0.00402645841148164 0.0357025880759548
-0.00953986102972101 -0.139048505680775 -0.0019257639884984 0.0351761744303518
0.0498691333782581 -0.115184519251875 -0.00693451254056068 0.0168718493015668
0.118833614459295 -0.0586455786947402 -0.00883750906519802 0.00267230623228645
0.132133377642375 0.0792670900466871 0.0140970720874848 0.00593615537010857
0.0237779096676008 0.14312904093865 0.0121837158103326 0.0179131750515767
-0.0986589300166868 0.0804789522740868 -0.0267372909445218 0.0566665240733935
-0.153509012043194 -0.0120237643799312 -0.0511237466564351 0.042207672148932
-0.144740409653733 0.00325589286297354 0.0137597229812138 -0.0143432227073711
-0.0881692385943988 0.0735431212258826 0.0293147083256343 -0.0233100651655419
0.0196102044210109 0.117676420443778 0.0174165116767709 -0.0533590423970848
0.107409174809087 0.0598790296621005 -0.0138949115059967 -0.0561176337687622
0.0967069719489592 -0.057290150796127 -0.0476370268669305 -0.0202454365557703
0.0274442925293722 -0.107269096504354 -0.0333427624845295 -0.00133243220720246
-0.0099804126954156 -0.139447287610869 -0.0273159127626534 -0.00089541583213803
-0.0129549475609481 -0.139289218531725 -0.010124989135703 -0.0157383202022899
-0.00601221375249608 -0.142597627371667 0.0012637176126011 -0.0134220173162612
0.0445770342420686 -0.121064276930471 0.00438831887793906 -0.026800810601114
0.117237504416831 -0.0702952749336569 0.0168646560333297 -0.0329519100663516
0.142612598792415 0.0752069176999604 0.0517625127427301 -0.0137269458505798
0.0327878917652225 0.156902350419291 0.0509950981156864 0.0141413320688669
-0.109009794640253 0.101267661907252 0.0197841849503514 0.0686819182866259
-0.175226165556439 -0.00695048277837151 0.00939072466992755 0.0752699808470642
-0.129466503765922 -0.00444056840295844 0.046822258372341 -0.00783824867495096
-0.0923976679271124 0.0415059623593841 0.0486220149323132 -0.00818586778604199
-0.0135634263642215 0.103356323904531 0.0514037473352758 -0.0329111628359995
0.0764138259307694 0.0792989015905168 0.0319437355849612 -0.0600011847175638
0.0933924670492969 -0.0246775384371362 -0.013145929061619 -0.0560521273955845
0.0380778888035334 -0.0855959637229216 -0.0195894619680212 -0.0487239320441885
0.000867620115608772 -0.124130083622544 -0.0277608556641638 -0.0546301807202206
-0.00700078715645376 -0.128337593824279 -0.0157486286721763 -0.065211252711404
-0.00545171246483222 -0.128730694636254 0.00033194652645852 -0.0604983945207567
0.0300673967942181 -0.112242112169029 0.00699528227077244 -0.0668640826253651
0.0952157474914939 -0.0772404683883937 0.0285176430621625 -0.0679067528776259
0.131508742416093 0.0518122202387133 0.0727422377727907 -0.041938367139672
0.0437894748166741 0.138141509771765 0.0785132318709044 -0.00606898277120324
-0.0870097886074758 0.104568609985081 0.0671196557134835 0.0588307101298674
-0.164447004024719 0.00445869913351192 0.0792146100041407 0.0928671567627608
-0.0999689372078056 -0.0113333013540842 0.0715314215917356 0.00740824236937063
-0.0886815367652212 0.00615445184582244 0.0584528528015554 0.0110606483802596
-0.0452047470573238 0.0755674648235179 0.0674240666451646 -0.00211199311861805
0.0339864955281896 0.0837609768650014 0.0658827809488945 -0.0410936592762601
0.0714396698624021 0.0107970463178429 0.0267411721802631 -0.068947264535296
0.0399445806375785 -0.0490526095373118 0.00369390666381267 -0.0829982422792496
0.00989850519866075 -0.0862380868067645 -0.0189689998840449 -0.099321376327074
0.000614072310121351 -0.096334314585224 -0.018396079830645 -0.106873009594773
-0.00108991210103423 -0.0951306334211376 -0.00264002511415087 -0.0999266632913155
0.0155608165486198 -0.084927584163619 0.00577490337195604 -0.0976986544064771
0.0606365985265484 -0.067023223237787 0.0325044367147103 -0.0949659575252917
0.0976098386695132 0.0231320382284752 0.0799134404763615 -0.0659087859458817
0.0461108288547269 0.094868118777673 0.0893066090566151 -0.0244375481241838
-0.0471580098887192 0.0850342402119807 0.099115635338141 0.0379902449009104
-0.121350109614329 0.0136540118981363 0.13784604976438 0.0907556518025416
0.041431857975831 -0.0508350569653514 -0.162863703023522 -0.0352293684065423
-0.00487436012132703 -0.0499278680205681 -0.128273563910052 0.0036333533101783
-0.0354061700568136 -0.0276400657388223 -0.0837552420368489 0.0311237935919302
-0.0421875703982288 0.00577991394434216 -0.0715790675308044 0.0607704696140238
-0.020901173746414 0.0354792863288765 -0.0449881720876972 0.0968011525503804
-0.000449306019216106 0.041496340986732 -0.0137899614321467 0.121870487298142
0.000177523311799885 0.0489990400856366 0.0150027151883143 0.136097196575554
-0.00814607976431598 0.0447490455832876 0.018122530489518 0.13064020197098
-0.0223903342839082 0.0327706793866177 -0.00330035668627903 0.113599748659244
-0.0343003054756936 0.013030462542638 -0.0262487884153711 0.0937154060360044
-0.036662929336835 -0.0189855346300996 -0.0603335221600971 0.0661069057299282
-0.00253794439558355 -0.05907727662202 -0.0802742743081926 0.0123917075777166
0.0482314656376924 -0.0443277960955423 -0.0543190081748759 -0.0283650007142541
0.0645238421485877 0.00794829958243765 -0.0357073451375046 -0.0231984606030852
0.0679293753872251 0.0355583680223609 -0.0874665000135113 -0.0378900341780622
-0.0266498246614745 -0.0397316382697453 -0.153772433918673 -0.0203144912505879
-0.0412580888461739 0.00241011779248741 -0.108613104904031 0.00756448239623296
-0.0125377697800177 0.0298119953871602 -0.0793513925975845 0.0163227067651145
0.0134435443335745 0.0199897454545705 -0.0799790396263044 0.0543382444231958
0.0143923883486207 1.6470604539077E-05 -0.0547083823526428 0.106879311349808
0.00382516794633122 -0.00573195430240781 -0.0169654394418769 0.132921138539846
-0.00860547533151569 -0.00559979235236256 0.0105046380970165 0.144294541837458
-0.0158250067547036 -0.00961057855896724 0.0143080137527121 0.132872236714127
-0.0197982904272681 -0.0224248751163533 -0.00973672896429774 0.118594514167095
-0.00630413911781858 -0.0248411086962288 -0.037169565599709 0.0929420193419385
0.00997112254587689 -0.027464224375049 -0.0710647891298802 0.0559948387481375
0.0344413387179936 -0.0199178400462793 -0.0772977886214703 0.0020164566695088
0.0455076266794777 0.00258287776912783 -0.0516498991754802 -0.0332234901129756
0.0317754082428134 0.024377424038479 -0.0463538427511297 -0.0190257132551325
0.0151382138397426 0.0246158460325728 -0.103579621374773 -0.0396277492110009
-0.0846287994479593 -0.0227499675781683 -0.119558741633114 -0.0136836937890256
-0.0624588314051112 0.050880084889453 -0.0726805396293761 -0.00486968495341271
0.0144619093643841 0.0762864672384152 -0.0706319896376612 -0.011073759712691
0.0645030406855422 0.0256610868844264 -0.0858402905303256 0.0333755437821027
0.0432712698088296 -0.0377575283009762 -0.0661112227464112 0.0988293983653951
0.00445316185457355 -0.0511436930943986 -0.0218865043149099 0.123497939034702
-0.0177826995852881 -0.0588078186764021 0.00310083641765969 0.131200728720538
-0.0208066480105373 -0.0611775197068186 0.00949290154557014 0.114924467593334
-0.0147385887232803 -0.0724066403083215 -0.00983208173591593 0.105941419263437
0.0221050527932856 -0.0593717727357974 -0.0343776758659986 0.0794151824004529
0.0561727823193747 -0.0326240441651894 -0.061411123726373 0.0450601272517257
0.0675778389401332 0.0233274106595691 -0.0591782508868828 0.00593802620489135
0.0333362909748246 0.0517865185156013 -0.0447550978194356 -0.0180431161310892
-0.0121660878238498 0.0369030659030316 -0.0577862648980132 -0.000844505066991431
-0.0442019928150959 0.00768542277060818 -0.10587929733671 -0.0249510717713695
-0.125614736847881 -0.00621445807530062 -0.073902351696048 -0.0116637679589657
-0.0770398448960231 0.0830321076679433 -0.0355840002433591 -0.0175852713926785
0.0349978300132358 0.107604799037266 -0.0511143041617537 -0.0377788541566875
0.102462143061563 0.0317453737658207 -0.0786364919043906 0.00197660911420636
0.0690251741544748 -0.065450661444335 -0.0727133359305964 0.0709135889961967
0.00642876913632002 -0.0891405456842302 -0.0286585997536952 0.095284475059021
-0.0230442759047798 -0.103766003223414 -0.00792855587758853 0.0993229004972965
-0.0233855824420522 -0.10397583029436 0.0042762902536258 0.0807616514459231
-0.0115143532009658 -0.113595577290647 -0.00531226801118934 0.0762542656062892
0.0424837789251377 -0.091338195091902 -0.0206043798809804 0.0528846094883616
0.0959734377949829 -0.0433109568683852 -0.0359410750567435 0.0299335278358534
0.103116301959864 0.0599508167493819 -0.0265126277257837 0.0125591866336832
0.0243409643206967 0.102149294010288 -0.0249171060067265 0.00497858267708738
-0.0614698176346992 0.0567257190649068 -0.0537859942858991 0.0289646725239879
-0.105549296495244 -0.00584850759279982 -0.0914198667953916 0.00610303960359893
-0.145612196147385 0.00673861297211979 -0.029272516434506 -0.0153056680274582
-0.0819010931728025 0.0928939463483961 -0.00128837432078304 -0.0250972940625404
0.0412411475290007 0.119060834881602 -0.0209123198806271 -0.053480770767951
0.119332776221279 0.0385381045072468 -0.0547804904716994 -0.0305563606733965
0.0851579551350118 -0.0770557877119135 -0.0671855997865106 0.0286869091195657
0.0122903418332785 -0.110758054241523 -0.0353025406203489 0.0510298086289194
-0.0229610142175214 -0.132873681223978 -0.0195278501821234 0.0537097539210369
-0.0230358633040303 -0.131927850279622 -0.00367983058001251 0.0356386600606226
-0.0117686912801749 -0.139156872306891 -0.00079421165578662 0.0353224380848928
0.0484184779647348 -0.11600420837766 -0.00666606511873319 0.0167607441849256
0.117860400578887 -0.0607470864849617 -0.00812689404847924 0.0027445720428251
0.13371515074769 0.0774251730784285 0.0146347359726912 0.00573550104731509
0.0263675663662764 0.143089607272658 0.0119408453870054 0.0177368109527572
-0.097828848984917 0.0823184170829226 -0.0258736106300457 0.0574937223624903
-0.15416862877088 -0.0095761986744821 -0.0503536992857493 0.043120194888271
-0.145010860365903 0.00526100112335341 0.0136725506505746 -0.0145234956101829
-0.0871436151324985 0.0754233481979546 0.0286827329842641 -0.0238017224616197
0.0215469207107618 0.117472426931604 0.0166864247061663 -0.0537749689203273
0.108955629790923 0.0587495021983812 -0.014789550948517 -0.0557904502762248
0.0958426513613642 -0.0591205263702137 -0.0484441837893696 -0.0185085271178464
0.0260072179597639 -0.108261021611904 -0.0334069883615363 -0.000592114240189437
-0.0122492912469573 -0.139515949488309 -0.0270796518825472 -0.000336540194152128
-0.0155654682548751 -0.139204592683769 -0.0100486752291077 -0.0159142253095829
-0.00890914543294022 -0.142439733123219 0.00131744298611795 -0.0136594093336686
0.0429733428896525 -0.121885648601191 0.00403945938845216 -0.0269356111924143
0.116388415353237 -0.0726301082837432 0.0166041021104392 -0.0331407199847728
0.144564053038876 0.0730753516738427 0.0515638453690184 -0.0144221791747042
0.0355223608451455 0.155898509824057 0.0507399297973784 0.0131688541515758
-0.107709087413131 0.103131648401002 0.0210000634147978 0.0684117329694988
-0.176123713052071 -0.00379538209114108 0.0108917927116875 0.0748720544594885
-0.130095655903099 -0.0020756397933965 0.0470165167690891 -0.00855659119495161
-0.0922640610564884 0.0434799572940993 0.0485510468126712 -0.00912523928455867
-0.0116647696750856 0.10336650988872 0.0508027673385487 -0.0337985885077209
0.0782666444044921 0.0783579205507628 0.0307820352652657 -0.0605895168582155
0.0930450093891436 -0.0262863976783375 -0.0143278660410786 -0.0553350355213306
0.0364271147930157 -0.0862465266365801 -0.0205518418264237 -0.0485716676135263
-0.00141829670113953 -0.12408402262779 -0.0285629823617906 -0.0540604802733389
-0.00978329406316659 -0.12830691810232 -0.0167998066588621 -0.0657001941462481
-0.00762747307810758 -0.129018157007244 -0.000260898360164299 -0.0607385885538086
0.0280508837775553 -0.112976530632677 0.0060629940582082 -0.0673403296355999
0.0943559754722461 -0.0784512536258228 0.0278459016640222 -0.0689969399497615
0.133348961511249 0.0499332344476873 0.0719789402749971 -0.0432966650506297
0.0462204167625043 0.137555231050543 0.0780177069966909 -0.00675873405611659
-0.0859064467984074 0.106691662254234 0.0681253412847562 0.057722115324792
-0.164578136234397 0.00748031144652196 0.0808910362005695 0.0914970452934818
-0.0999177161452466 -0.0100004375656735 0.0716086242145283 0.00612087602239629
-0.0889617003848707 0.00806771734508285 0.0591844130400065 0.0094992175545495
-0.0440631020571936 0.0764516996939386 0.067237992029941 -0.00297344470737763
0.035816849989181 0.0838504923553659 0.0648697956645447 -0.0422150421349632
0.0720793103092153 0.00972752190170932 0.025527215387874 -0.0690226842878913
0.038647697519664 -0.0494130110999544 0.00280214058851202 -0.0829879312815592
0.00838791532105317 -0.0868881691146758 -0.0209125394594807 -0.0992114799338951
-0.00169899025944439 -0.0964334191529795 -0.0203161939177574 -0.106969427088159
-0.00293682476044292 -0.0952031246960348 -0.00395407985222004 -0.100323855914742
0.013850295566846 -0.0848577875288483 0.00455118856434196 -0.0977872054797172
0.0594816116012218 -0.0680808843627052 0.0309788783742723 -0.095257607165857
0.098407229412519 0.0216466862657264 0.0789799900963254 -0.0667475193314523
0.0476815748521352 0.0940162059741077 0.0888422449848002 -0.025401859892273
-0.0460020350924652 0.0857524413167016 0.0996362319080115 0.0361661774212637
-0.121308830442699 0.0159363386187817 0.140106586443214 0.0880887612410883
0.0409274324194839 -0.0517253372467285 -0.164114675127752 -0.032365765192361
-0.00547981605981368 -0.0496339075727055 -0.127534492806849 0.00606434509052104
-0.0359925803352245 -0.0266554649019067 -0.0833160167275816 0.0320673912326052
-0.0418374588611283 0.0063401614632587 -0.0709861062042198 0.0613712582348523
-0.0207605812791222 0.0355175048318832 -0.0435116752396054 0.0975843918189703
0.000112692230835435 0.0416140117819409 -0.0116374195260237 0.122823474349346
0.000629409378268194 0.0493069452144473 0.0178974536306243 0.136337968946017
-0.00739050026641908 0.0445646490270535 0.0203027120884346 0.130712202202662
-0.0218571461452457 0.0331332523702623 -0.00171142486951015 0.113986590606246
-0.0343247560849393 0.0135591463014434 -0.0250818599726937 0.0940146953674339
-0.0369595114841614 -0.0181158200336497 -0.059245039076952 0.0670296977821637
-0.00384031413808581 -0.0590287939745248 -0.0799986687970054 0.0135241424442011
0.0467719993921435 -0.044949826182574 -0.054171594981629 -0.0275439782432362
0.0648169764756989 0.0069814635620692 -0.0359789148925436 -0.0227555542352628
0.068407965602252 0.0342759921376755 -0.0880018891921088 -0.0364541278897972
-0.027688604303354 -0.0393383395642017 -0.153991479057437 -0.0181010651386263
-0.041284546003129 0.00355847386979077 -0.10818712642401 0.00924228067387492
-0.0114194748188276 0.0302012069281094 -0.079244841447859 0.0174541924527484
0.0139427712869769 0.0199038893247167 -0.0793892710257182 0.0549296004820507
0.0143132669658027 -0.000377649637458808 -0.0533916490955748 0.10761315210777
0.00397348724360671 -0.00593978383435978 -0.0147314809903339 0.13329629448091
-0.00869777479989173 -0.00586937693308687 0.0127552363721874 0.144423015066737
-0.0156540994707024 -0.00978264964045851 0.0162915481172362 0.13272729809731
-0.0205175047135767 -0.0219290639313363 -0.00782426393776149 0.118872934338864
-0.00629144679232068 -0.0246179862478913 -0.0355619379124817 0.0931168409407319
0.00997280661288883 -0.0273166165652453 -0.069619684424866 0.056930247490061
0.0337353084739242 -0.0200565117994303 -0.0772409571812003 0.00322175573009948
0.0451025189314609 0.00215218572707713 -0.0519277685175058 -0.03253012326522
0.032070316896316 0.0238461789124678 -0.04609953264519 -0.0185114521831299
0.0154909276352673 0.0241216486754143 -0.104274647679792 -0.0376820662666296
-0.0852260128607604 -0.0210951390388622 -0.119925921819428 -0.0118827177383757
-0.0619289503750602 0.0519825272776844 -0.0729971491673636 -0.00358027343139384
0.0161531541758328 0.0760853839011114 -0.0704273107878239 -0.00998195487539407
0.0655747358208537 0.0246467000489111 -0.085437081021088 0.0345277366796559
0.0429559686409631 -0.0386941643956502 -0.064991045853584 0.100127688349824
0.00363161245173224 -0.0513745551305882 -0.019728841379723 0.12369226521804
-0.0185829394763393 -0.0582674675238739 0.00515208880280323 0.131315602116193
-0.0219268075677589 -0.060988091036226 0.0115529246857394 0.114940783136381
-0.0156163274425865 -0.0720548917740162 -0.00825244822219707 0.106213991279989
0.0212580413781617 -0.0591026797306142 -0.032850862093297 0.0794578797008209
0.0556264361172405 -0.0331283162771012 -0.0602001972030771 0.0458834713716359
0.0677019962122826 0.0226739177725042 -0.0582930409705354 0.00687003261390732
0.0338341997557614 0.0514449945912508 -0.0449281222596903 -0.0174852378271031
-0.0117293901605114 0.0370909396577491 -0.0570779177200519 -0.000204775990864013
-0.0442711082236945 0.00874874716097565 -0.106516151234834 -0.0230353492625262
-0.126209134439233 -0.00391780953102771 -0.0746329130632424 -0.0105883417193973
-0.0751519530047695 0.0845941569679804 -0.0360592904480567 -0.0175165132096947
0.0369789952171501 0.106910677150654 -0.0519544013963005 -0.0370494797619052
0.103620958475088 0.0302378151341604 -0.0786862529106118 0.00275021580765725
0.0680503914244126 -0.066918295691755 -0.0720202410258805 0.072320583477
0.00531614050867993 -0.0896684243150485 -0.0277130522545618 0.0957853105435441
-0.0247733256977264 -0.103303251771872 -0.00600974932050604 0.0995701954474721
-0.0250100544177972 -0.103819428952464 0.00530719966707698 0.0805282725582257
-0.0131312258549788 -0.113437291485207 -0.00374397387063302 0.0764619637947325
0.0411493798596591 -0.0920068902034246 -0.0197860837531834 0.0534531834528209
0.0954014189179808 -0.0448279108111199 -0.0358006575175827 0.0304140942419526
0.104022098615338 0.0583469020185103 -0.0260544731953158 0.0128062334897392
0.0260155005930287 0.101816012132874 -0.024960398780482 0.00503861358562418
-0.0606754610943521 0.0576105935332438 -0.0537338145346601 0.0297955608276098
-0.105791300263297 -0.00431376146456469 -0.0914605279631912 0.00725661509484066
-0.145915191302609 0.00899693889512463 -0.0293417470897029 -0.015085521039659
-0.0804719029208594 0.0943159761018283 -0.00159557898438541 -0.0255050246267277
0.0435109019523921 0.11847138512079 -0.0220792290769357 -0.0538896798347959
0.120633849292976 0.0367941991090028 -0.0554556309915055 -0.0300794932925338
0.08448128596451 -0.0779326955731577 -0.0669203508335306 0.0298241737720056
0.0107548524987162 -0.110509537829318 -0.0345758763260347 0.0517641773781343
-0.025089831252922 -0.132741655011526 -0.0189032576407963 0.054141030551412
-0.0255200770532238 -0.131467289230294 -0.00289136917628071 0.0357810989537212
-0.0142154252982598 -0.139293385151521 -0.000138842143955687 0.0352484209815247
0.0466932596116848 -0.116399446594917 -0.00632423318441707 0.0165731555168791
0.117410015571756 -0.0620937919672413 -0.00795123294860502 0.00288517646300573
0.135281540970772 0.0755913561340093 0.0147946520951152 0.00543561008807685
0.0286864897566935 0.142134528129686 0.0119962176570649 0.0177617122210093
-0.0970161321449109 0.0841873619661591 -0.0248898067978232 0.0576903276761053
-0.154442598519389 -0.00711541176636134 -0.0493500487181433 0.0438555606099516
-0.14571030274916 0.00840238367530737 0.0140099537018553 -0.0147227244304695
-0.085984928732333 0.0771629542730029 0.0286758292816927 -0.0247940316058467
0.0235551452953626 0.117404809802369 0.0157813794770056 -0.0540966684354367
0.110156792674454 0.0570560269739356 -0.015592842521503 -0.0558552155411676
0.0950965824449479 -0.0602339360707255 -0.0486745125056255 -0.0176403007922979
0.0240146899698816 -0.108204848238745 -0.0334513355582774 5.95751538823161E-05
-0.0143341673273725 -0.139294228828499 -0.0268921404128801 0.00032247278028782
-0.0178485969229568 -0.139172617753724 -0.0106729497635355 -0.0156866286220777
-0.0108136895975274 -0.142494607403802 0.00132903282683052 -0.0136133194062713
0.0412518743509314 -0.122563252184013 0.00393681947835844 -0.0273072982108635
0.115099474280744 -0.074110784089501 0.0163303630253027 -0.0335745633122133
0.146389829784258 0.0713507238118285 0.0513037818488295 -0.0151599287818815
0.0376900633165339 0.155732003125806 0.0510261094324184 0.0128844606821885
-0.105849169049145 0.10458255383192 0.0217032790008939 0.0680291813807725
-0.176548604836636 -0.000509231598020272 0.0126125605612056 0.0745472002528511
-0.130109056187824 2.12398855078378E-05 0.0471520842108111 -0.00950531946775932
-0.091452025334982 0.0450425740650078 0.0483373883463208 -0.0100478326437242
-0.010439994414666 0.103816785640574 0.0502244414588721 -0.0347554654257437
0.0801319244627411 0.0777326533535201 0.0294890935735695 -0.0612620585991885
0.092952640510576 -0.0275285093379713 -0.0150666737711238 -0.0546742653794032
0.0351990941648806 -0.0865105140835484 -0.0211093466856237 -0.0484141299451424
-0.00361460091435992 -0.123950492254044 -0.029345857727469 -0.0537818233687852
-0.0121149432372213 -0.128409678034443 -0.017431093657674 -0.0653124573252764
-0.0101567920221854 -0.128747297399541 -0.00143074396128303 -0.0609122712845968
0.0264811925941473 -0.113368704148414 0.00515617974618387 -0.0673001047024809
0.0931839724386277 -0.0803178830333572 0.026659988967652 -0.0685586307872731
0.134380684833705 0.0478245726404667 0.071252424003444 -0.0439139129941548
0.0484212948026611 0.13694874204641 0.0779618677107398 -0.0074698285124582
-0.0841119917848766 0.108057835654749 0.0686519593384914 0.0568189640362366
-0.164787321732784 0.00999673299952247 0.0830347549808778 0.090274502066811
-0.0998794257861441 -0.00818295996093623 0.0722334621944455 0.00513184937682537
-0.0890071626134975 0.00963415809947731 0.0591558704304484 0.00792010007843379
-0.042888572732259 0.0768825290781729 0.0666086023664834 -0.00398289833713917
0.0377784438778754 0.0833348811028083 0.0638677758712544 -0.043150886260091
0.072092847121376 0.00890342266864736 0.0242544200373716 -0.0687390994033865
0.0383184076251141 -0.0501505608486513 0.00168588902118397 -0.0827831379965366
0.00686240099070745 -0.0870965192884554 -0.0223988052018495 -0.0987256961873376
-0.00312540609427927 -0.0966198693198721 -0.0221286841424575 -0.107017783763068
-0.00426912073556975 -0.0952212967773644 -0.00588839104882026 -0.100473345495963
0.0124591691848376 -0.0855083722315469 0.0035003574171887 -0.0979707446364894
0.0584263011028075 -0.068897317544893 0.0301984732163266 -0.0953570898428907
0.0993086858164491 0.0203171737330373 0.0780811098062899 -0.0678706886709355
0.0495251353179686 0.0931305629281734 0.0880645001240078 -0.0267050119244195
-0.0447709221701683 0.0865196483513881 0.0996419913200968 0.0349330296875051
-0.121219712010918 0.0176971783703432 0.141571985875059 0.0857870085579788
0.0400600312505927 -0.0519312845069726 -0.164143153631731 -0.0301330666052117
-0.00603126122773464 -0.0497360437251762 -0.127865683621961 0.0076489366086
-0.0357024872572682 -0.0263894864651581 -0.0825855994838813 0.0331455567050157
-0.0417568645330218 0.00648979531362752 -0.0703590402100177 0.062156945378654
-0.0201848440733645 0.0352109992592057 -0.0424973991269967 0.0978441743515595
0.0010267917672856 0.0408113952524567 -0.0101397249904229 0.122568924387678
0.00162966459889371 0.0488945925724012 0.0195284010792869 0.136272474414509
-0.00642540306768807 0.0444881881664013 0.0221625013710859 0.130815560837924
-0.02143611605471 0.0332921164195234 -1.615650930204E-05 0.113960484580206
-0.0336420915742759 0.0142395612751648 -0.0242471343784113 0.0940596945833687
-0.0374466525063233 -0.017405503708762 -0.0584234054079448 0.0670973673732626
-0.00515381521018814 -0.0588750294961242 -0.0791591409776936 0.0144870553201519
0.0461116331117721 -0.04545261016091 -0.0539771049696038 -0.0267742401377435
0.0645478507143801 0.00614557997249775 -0.0357962206182567 -0.0220681855564432
0.0687246449932273 0.0328619429133349 -0.0889331953414275 -0.0348525024099641
-0.0286008875142081 -0.038554115265149 -0.153960270049433 -0.0159410517365707
-0.0406762668510841 0.00402635581663748 -0.10785889452967 0.0109106009743632
-0.010813581614965 0.0301535567414002 -0.0792952328830899 0.0182513773510279
0.0142434820437931 0.019420626681482 -0.0785055381350797 0.0555362905745489
0.0142247710074436 -0.00115068958384616 -0.0518095688961298 0.108319905824801
0.00350062498516285 -0.00603840486248757 -0.012700985846031 0.133547819026995
-0.00850478686175146 -0.00534401852804987 0.0150145501189101 0.144177710517148
-0.015972610533076 -0.00955965746624539 0.0184111089371861 0.132606083326121
-0.0207198764378461 -0.0216240467521931 -0.00585054706470766 0.118918054534465
-0.00636402919247382 -0.0246228715116217 -0.0346355458951981 0.0932796113301059
0.00938034764613941 -0.0270144850525127 -0.0689146472247577 0.0574770227386894
0.0335348185971243 -0.0199700592654219 -0.0769510561284285 0.00393430745781695
0.0447302155728665 0.00132576577006137 -0.0519794212098844 -0.0314521694755651
0.0323043445108908 0.0234875578230364 -0.0464797261778447 -0.0178306320041901
0.0159281288903988 0.024504154084509 -0.104615920008913 -0.0361132807507822
-0.08590491675987 -0.0196111452448334 -0.120086619452927 -0.00998765253989428
-0.0610585507704662 0.053413711833075 -0.0725370626634194 -0.00237391590780477
0.0174430864184433 0.0756517530697097 -0.0706366631924909 -0.00922601969947708
0.0662802322880852 0.0237822286311842 -0.0846239964273623 0.0352972236062839
0.0422312877545368 -0.0392918174214602 -0.0635876667865225 0.100759316093258
0.00286901770455577 -0.0515819359652998 -0.0180484611639788 0.124299675085193
-0.0193885641786658 -0.0583921131425446 0.00725466705015481 0.131217949383034
-0.0226878474214001 -0.0608623586739692 0.0132378623913497 0.114777008302737
-0.0170521488931762 -0.0718210052565189 -0.00680763606562787 0.105902247741613
0.0208660341138761 -0.0594634502960569 -0.0318806892684229 0.0799796301503398
0.0553247031373872 -0.0340078781401672 -0.0595276069712292 0.0463633126750573
0.0682255708510622 0.0221203731253432 -0.0582348936868815 0.00695828034799426
0.0344598492959897 0.0510271117382421 -0.0450137158939173 -0.0166967758927579
-0.0115354205007162 0.0372363615925625 -0.0571704823938483 0.000759212183029389
-0.0442824435103484 0.00924134585141632 -0.10698978193747 -0.0216363796464664
-0.126315706273944 -0.00198432005192626 -0.0740593152803745 -0.0093103307168095
-0.0743305775491709 0.0857098232503252 -0.0361405219300141 -0.0168942427712387
0.0389512376957625 0.106006392435641 -0.0523173865720792 -0.0365545877418524
0.104502570026092 0.0286201599054307 -0.0786042671463983 0.00345868890193954
0.0670592743340639 -0.0678333687177552 -0.0707303933741372 0.0733361882671839
0.00403730252887959 -0.0898499654481298 -0.0262472277039535 0.0960391919130869
-0.0264515968929017 -0.102921108567571 -0.00435862149897938 0.0994208342512409
-0.0268409423244171 -0.103570761832077 0.00640023103713166 0.0802656312370755
-0.014624996511447 -0.112708727997527 -0.0025314220723359 0.076360376315541
0.0402142489535999 -0.0919785746256552 -0.0190186035409628 0.0532180963540204
0.0948805831653748 -0.045628487402051 -0.0347143412699453 0.0306926172742744
0.104883412712747 0.0566529913672415 -0.0255735341524972 0.0126743802204647
0.027764291982916 0.101656931081248 -0.0250261280461887 0.00551044121773914
-0.0601909346330219 0.0586140764758078 -0.0527262030080197 0.0307805131392515
-0.105705137880996 -0.00268744871080248 -0.0911156561804045 0.00846689755700401
-0.145920358693769 0.0115118158669241 -0.0293855058620739 -0.0146001994314636
-0.0790117171858808 0.0960275821298636 -0.00183049979519222 -0.0253420114894743
0.0451341136991444 0.118120137165126 -0.0228516160812691 -0.0533553300693655
0.121558909278577 0.035525501046647 -0.0556015885373372 -0.0297688660326392
0.0831593448274387 -0.0794406393537419 -0.0662690591576405 0.0312918790710031
0.00946288426243653 -0.110892647571832 -0.0337152466557756 0.0520607166012884
-0.0267421750002399 -0.132024101733277 -0.0180070851727821 0.0546191622602501
-0.0278321123568773 -0.131154410812422 -0.00219144639718794 0.0357859647221049
-0.0160756400920818 -0.138468773374002 0.000457564472114727 0.0350505385600134
0.0450726609390179 -0.116867565860383 -0.00584576148254935 0.0165322625096243
0.116344067664973 -0.0638080601931052 -0.00769661620376126 0.00322136125664017
0.136142795083275 0.0738776069395413 0.0147360388505811 0.00527697426503863
0.0307954352166813 0.142201447454824 0.0120799464790977 0.01744939948999
-0.0956171768375771 0.0855176664231712 -0.0240307888779184 0.0576850044687905
-0.154621745265557 -0.00434869179716669 -0.0481318650541715 0.0443449965003862
-0.145083717721159 0.0103663389779548 0.0135246376881604 -0.0152638570327235
-0.0853001462545149 0.0785474221896598 0.0281476548366998 -0.0251919503157369
0.024987809544862 0.116906293829631 0.0150181833565037 -0.0543003436041546
0.111226988714342 0.0557951308149847 -0.0167127238631445 -0.055555768601684
0.0942627528437027 -0.0612542660272826 -0.0486638122069179 -0.0166927857328567
0.0229295161444097 -0.108278592979172 -0.0333662704202655 0.00037288667520654
-0.016523236904144 -0.138992343494189 -0.0270663527674415 0.000387503596020149
-0.0202828504627525 -0.138865239485806 -0.0106293155602784 -0.0154050781786736
-0.0128422474915982 -0.141952567469858 0.00138561018472271 -0.013719076601126
0.0392842549686362 -0.122858571384993 0.00369334010506305 -0.0273673175457047
0.114363161261392 -0.0755881590619265 0.015815058782437 -0.0336028698064736
0.147162827877755 0.069114779085543 0.0512650982867445 -0.0158722698920238
0.0399729262909931 0.154977258768845 0.050881866702833 0.0122585077430267
-0.10429400598687 0.106614035746961 0.0224700992354424 0.0673108296666387
-0.176570547905012 0.00186870577077632 0.013925957017869 0.0744811947512131
-0.129791816317799 0.0020065946727436 0.0474079059406865 -0.0102315402745418
-0.0909018971444857 0.0466117911729367 0.0478991342278841 -0.0111065097068258
-0.0090970175657405 0.104013430577403 0.0490708172468052 -0.034954978739061
0.0814644065087814 0.076650501094588 0.0286119358138677 -0.0613359801837437
0.0925086591726375 -0.0285552828006939 -0.0156877181388818 -0.0537302257161685
0.033915127984603 -0.0863475219002789 -0.0214199925665359 -0.0479978825992034
-0.00562931153721721 -0.12386781929639 -0.0299167863105486 -0.0532080800785762
-0.0135587139799852 -0.128045336180099 -0.0186169847718014 -0.06503730920242
-0.0122020941988582 -0.128420589268419 -0.00173673283342278 -0.0607938522223895
0.0252458555339743 -0.113680101983968 0.00430765758951991 -0.0675332630330552
0.0918786032203185 -0.0814361393322122 0.0260895643126867 -0.0685320781762109
0.135547258549998 0.0460542777271368 0.0705611240692513 -0.0451018539221025
0.0503481540440465 0.136073968050892 0.077389014934074 -0.00838612770341243
-0.0826826708442571 0.109158204440142 0.0690689064246275 0.0557839809169158
-0.164479667405445 0.0125832782880769 0.0843893912913535 0.0885042341061874
-0.100130606670691 -0.00668919172750766 0.0719544872937466 0.00387746448378511
-0.0890847890086962 0.0111654363872517 0.0590918825267553 0.0069040694675975
-0.0415055509193519 0.0777094026788531 0.0660891938099906 -0.00505815637798445
0.0389562333581357 0.0831336379614238 0.0628550377006736 -0.0437372041646628
0.0726114213959208 0.00771622596073781 0.0231238755210251 -0.0682597171196387
0.0373140996889127 -0.0501444542705129 0.000683487719781848 -0.0827943942422133
0.00532628176272558 -0.0868845825954505 -0.0236127631619012 -0.0982613559103857
-0.0051799264825899 -0.0967153060328336 -0.0234756392543178 -0.105885264193789
-0.00624052967801713 -0.0952283386706651 -0.00673105256105596 -0.100267654793016
0.0112526788335581 -0.0852539338617868 0.0021048701777311 -0.0980487917084728
0.0569788354168761 -0.0694843935899818 0.0287486768108994 -0.0954360440522172
0.099566978175465 0.0185318077438065 0.0767891418171764 -0.0685608504085531
0.0506639053732062 0.0926709521760731 0.087520475342184 -0.0274230203517373
-0.0435448698859891 0.0870369290540062 0.0999927660145755 0.0334304718421577
-0.120563153353871 0.0195862492862 0.143290801076782 0.0831892967417645
0.0387946543195397 -0.052018289285062 -0.164220345170089 -0.0273590762617983
-0.00628820628718444 -0.0493060436161375 -0.127071183113332 0.00909339813164128
-0.0357988961824503 -0.0262511343780756 -0.0820716308350599 0.0335483654822966
-0.0412727237248839 0.00667766968072289 -0.0695474477557789 0.0623089650290399
-0.019551533619308 0.0351958962139115 -0.0416589175647777 0.0977980028578299
0.00148398966833831 0.0406638470608755 -0.00850993670111956 0.123113826325766
0.0024514141128189 0.0490025520685579 0.0214399143997745 0.135697589062017
-0.00545090742246316 0.0442036386165239 0.0238706112384976 0.129972185035842
-0.0204473708971857 0.0332260506715815 0.00119687270502555 0.1132545175559
-0.033151161730315 0.0145513266290292 -0.0233520036794746 0.0943111072056484
-0.0375338276192729 -0.016724613476829 -0.0573705254716321 0.067139988665077
-0.00637846398112139 -0.0582857737249702 -0.0788932171276348 0.0149376756724213
0.0452691444671968 -0.046150285842108 -0.0545167515565971 -0.0262399808406866
0.0641634608539911 0.00505513744292876 -0.0357936963705245 -0.0211083477298413
0.0688869824526986 0.03204761412673 -0.0893079223402929 -0.0334190394448226
-0.0290004251986925 -0.038212958777818 -0.153941333595321 -0.0137047436587723
-0.0404815515100758 0.00468571475359358 -0.107742816268369 0.0120265277398641
-0.00983806567275819 0.0303576840523711 -0.0783343514160619 0.0189283213745776
0.0149396568387099 0.0191312592751476 -0.0777457578747737 0.0559576923123774
0.0142473975610681 -0.00152683558978582 -0.0505711405821659 0.108800471467153
0.00384430004893855 -0.0059280350250494 -0.0109211372347584 0.133919562494668
-0.00908112972905262 -0.00517576844808895 0.0174377291593909 0.143582385931167
-0.0158734371090885 -0.00924071897334959 0.0201853599670388 0.132204834665169
-0.0208654435045342 -0.0213888561454904 -0.00477842044863149 0.11889521678508
-0.00673185397737482 -0.0244960329300517 -0.0334795715760733 0.0934132240921486
0.008966831966012 -0.0271989052783764 -0.0677047196490332 0.0580089709680457
0.0327787893529385 -0.0202549890736344 -0.0763505835785603 0.00487818310074929
0.0444885481275765 0.000718611004459879 -0.0519669665104217 -0.0311381666678204
0.0323264301260662 0.0230928254686363 -0.0463698283691572 -0.0172093550027946
0.0160452336706993 0.0237285379183187 -0.10514828052482 -0.034633661661765
-0.0861808781116563 -0.0185585104201882 -0.119622057461316 -0.0086154183966569
-0.059864966150841 0.0541271905761004 -0.0728286681361342 -0.00140473262589091
0.0190232995215447 0.0755784848196591 -0.0707569967010421 -0.00894452474168413
0.0664928213641553 0.0223694577962078 -0.0846441803140116 0.0357951297859083
0.0420444999687276 -0.0401868279029204 -0.0624160080776046 0.101298149922831
0.00243211427374587 -0.0517549065388741 -0.0163673785451853 0.124660365331047
-0.0200953379450762 -0.058155369898812 0.00934520214830357 0.130787242662556
-0.0233941562332952 -0.0603176532698373 0.0145713074400687 0.114258980193108
-0.0175443576023608 -0.0714658851340897 -0.00526617445670196 0.105791744666169
0.0203340201177506 -0.0599672804337375 -0.0308403479802392 0.0798316757386372
0.0550043550984876 -0.0341537356758144 -0.058705184635811 0.0469313298516115
0.0678983125659391 0.0211821198666769 -0.0578266654253661 0.00765451453182608
0.0346983547694704 0.0503335228273035 -0.0452451084656144 -0.016161763849064
-0.0111560096317855 0.0372938454075588 -0.0570839318588041 0.00169028091284045
-0.0441048902015645 0.00981061999909044 -0.107006904350222 -0.0202280940159227
-0.126359257565907 -0.000282030775998328 -0.0741954829194759 -0.00880691778103912
-0.0729003776322703 0.0868713036789273 -0.0362691222107775 -0.0162467256475538
0.0404000418848614 0.105686046182218 -0.0526590732122295 -0.0356820112970091
0.105186160543778 0.0274921722287711 -0.0785755256539605 0.00394690985392161
0.0660435640122448 -0.0691267099862331 -0.0696200789744335 0.0739902161898408
0.00265387696870561 -0.0894662064923964 -0.024636446112225 0.0962173920096957
-0.0273099972206558 -0.102170567205181 -0.00261319624006151 0.0993936139018065
-0.0280923221242908 -0.103352434163832 0.0078922463176382 0.0799584746511618
-0.0160878546995264 -0.112301453204092 -0.00153663291590474 0.0759874401166915
0.0391968071942721 -0.0925155506777449 -0.0185221969400632 0.0535568736020002
0.0943073355311679 -0.0467458710062647 -0.0344693523839321 0.0311336004455608
0.105563772272524 0.0558003992139727 -0.0256016797359003 0.0131524609824546
0.0283236877548268 0.100948237722365 -0.0249869358151781 0.00571228166287072
-0.059543757481624 0.0595101927733893 -0.0520816077804551 0.0307607088147883
-0.105721662757063 -0.00082852840805007 -0.090841548711457 0.00958346563387268
-0.145406268434567 0.0130847740246228 -0.0291635631556459 -0.0144936136414697
-0.0777525522471342 0.0971860931372466 -0.0022207712924538 -0.0255643770556665
0.0464703614005893 0.117542521908466 -0.022973221269779 -0.0530755355164076
0.122827408961775 0.0340955914117845 -0.0561372670439803 -0.0296163416676789
0.0821366325318513 -0.0801639749207407 -0.0655045875746193 0.0319897965701957
0.00813841133016576 -0.110350898632661 -0.0329579138682955 0.0524215443682837
-0.0283985549644988 -0.131629778844121 -0.0171530230923751 0.0546327031870075
-0.029267353180743 -0.130888252522352 -0.00159470349768045 0.0355222133392786
-0.0176276644275049 -0.13781309461316 0.00116414851949757 0.0349131246142212
0.0437567003187164 -0.116623097820267 -0.00565159557170338 0.0165177232678902
0.115655251792857 -0.0649600822878376 -0.00768186403061119 0.00312767878946961
0.137372110807377 0.0722472360269441 0.0149712978247786 0.00495307863951833
0.0320474850894601 0.1412616357243 0.0118042603241203 0.0172300623256159
-0.0947287085111416 0.08683765863754 -0.0234337818452162 0.0578394570362988
-0.154426372524329 -0.00235746333433881 -0.0478119119281899 0.0449189987867252
-0.144145236407556 0.012155090487032 0.0131918981653864 -0.0154041798331377
-0.0845613782288674 0.0799944759450165 0.0277617879156827 -0.025468686687708
0.0265425057393913 0.116517889307437 0.0142801973405245 -0.0547425907423388
0.112706781250722 0.0547078024992386 -0.0175939568478417 -0.0557205876970967
0.0939857434819393 -0.0624598448652247 -0.0486023363195566 -0.0157710478368515
0.0217161237241755 -0.107763907002372 -0.0331311238414775 0.000731510760674358
-0.0183419954136095 -0.138497874530362 -0.0268397814763561 0.00104092429585493
-0.0222589294662759 -0.138872206243677 -0.0107069630035206 -0.0155212622164025
-0.0147316466851391 -0.141691541861082 0.0014241789087456 -0.0141715841214172
0.0380619375193123 -0.122916745309246 0.00339171426073778 -0.0274038615846969
0.113213999815587 -0.0766853253213595 0.0154669531547775 -0.0330688128584781
0.148248097607062 0.0669189215431913 0.0507865755457331 -0.0161412963985144
0.0418293190255661 0.154725886150923 0.0505769511827216 0.0114551993678927
-0.103295987772286 0.107831746058826 0.0230192237134283 0.0670505054347544
-0.175861266314235 0.00413145245713225 0.0150214140906263 0.073665073317767
-0.129620174946218 0.0037176307943287 0.0468876632536689 -0.0111711742628361
-0.0906072371243121 0.0478577971370145 0.0480059700430238 -0.0117520478995572
-0.00787307206251973 0.103549112470801 0.048594930187243 -0.0353629619312555
0.0828796989338032 0.0757803486220566 0.0275597809981972 -0.0616551441030887
0.0921685340843567 -0.0292953718294738 -0.0162928802792941 -0.0527875170978216
0.0328290526234085 -0.0864823948332597 -0.0219264852922721 -0.0472622652076639
-0.00687971324502738 -0.123339575752283 -0.0306913644291786 -0.0531826272477977
-0.0161070661311264 -0.127984407566816 -0.0193383987899629 -0.0648182044443024
-0.0135841695539774 -0.128157180562987 -0.00246405115031454 -0.0610533943830487
0.0238393622252364 -0.113817331447818 0.00372614215339846 -0.0674177800777834
0.090668856151887 -0.0819763937443449 0.0255304023749591 -0.0689466595419767
0.136051209690488 0.0438630045819836 0.0702786787992452 -0.0451720156309881
0.052005467921025 0.135401776585321 0.0767743898025356 -0.00910247843746594
-0.0812189373130832 0.110000333715177 0.0696477847472402 0.054970787254964
-0.164203037685892 0.0144461179148157 0.0859315705109199 0.0871527021371095
-0.0997439105351915 -0.00571582515566622 0.0720874012454082 0.00288631899191076
-0.0887574673427475 0.0123635330236163 0.0591112234626919 0.00596940285132216
-0.0408014692162904 0.0779879205253882 0.0655093625865543 -0.00572452416222706
0.0403293274430706 0.0823956832680512 0.0619342421197627 -0.0440468708071963
0.0727307132981978 0.00709873181868464 0.0225847581581515 -0.0676441181321528
0.0363148683411538 -0.0502324283898992 -0.000244185624744705 -0.0826328928118742
0.0042426512656329 -0.0863618665579933 -0.0252587646124711 -0.0981572554289653
-0.00627801457962799 -0.0964040349578712 -0.0247384670012801 -0.106049666097238
-0.00742465361271675 -0.0940652941298573 -0.00796861672439683 -0.100224637793687
0.0102522911568826 -0.0854295185385151 0.000880979668895411 -0.0977683534496395
0.0564289042899704 -0.0699876046436451 0.0281126955144288 -0.0954801607389584
0.100224884041145 0.0175050153943603 0.0760841142689937 -0.0691493101274778
0.0514686844338989 0.0916277098911936 0.0866961488417384 -0.02785877948324
-0.0425092470825825 0.0877676445939754 0.100212297603647 0.0325574247638642
-0.120086134276598 0.0207358905169313 0.143811642964637 0.0812706013355124
0.0381001202220221 -0.0521165972588585 -0.164291323238038 -0.0258452673187269
-0.00652245453803841 -0.0491163593802577 -0.126571622980386 0.0106450872158538
-0.0354050410412201 -0.0258348553470845 -0.0817485342735932 0.0339748167334401
-0.0415856698053226 0.0069886623408099 -0.0688074624301747 0.0630432581668427
-0.0195365313971379 0.035266312098054 -0.0403319190859924 0.0976357131381149
0.00178512683625991 0.0403969916928616 -0.00727618147285626 0.123137785657759
0.00332640192984311 0.0487626878474643 0.0230001870986133 0.135775713762475
-0.00517220444284277 0.0443452516371176 0.0254287692059976 0.129751352005145
-0.0198566818512463 0.0337590168444421 0.00236716356560593 0.112969159110347
-0.0328425271824567 0.0151476761689539 -0.0222557072024888 0.0938029197157538
-0.0373025493984419 -0.0161477022415614 -0.0563689668688539 0.0666729525268472
-0.00746833465720052 -0.0583439449339115 -0.0776360342721604 0.0154334695364537
0.0443405981592696 -0.0464537327105518 -0.05379132040763 -0.0254648315554906
0.0644286214662148 0.00429522918035203 -0.0357290084031292 -0.0206994036307398
0.0687797014536468 0.0311987138275468 -0.0901706126555736 -0.0322769885065169
-0.029850536919398 -0.0376987651934904 -0.154017355502237 -0.0118593225709744
-0.0401754157219106 0.0055035390398486 -0.107018432296973 0.0135064911430621
-0.00946430097172255 0.0302433064056387 -0.0779949609329692 0.0193743441598269
0.0155182516884789 0.018547758639227 -0.0773466549518192 0.0562495145116174
0.0144338877879871 -0.00173070662588196 -0.0495367689983262 0.108426082159847
0.00376155682097939 -0.00647432700403296 -0.00946502580251773 0.133611619109834
-0.00865094068809209 -0.00511715853091112 0.0190138297539199 0.144051483242203
-0.0158252335430085 -0.00939639371707915 0.0216938161014079 0.132008557576022
-0.0206281495450889 -0.020968173266215 -0.00308229812541185 0.118664545999392
-0.00679840077703386 -0.0240833068510122 -0.032387370873578 0.0932604036104305
0.00897881539957747 -0.0272214648889342 -0.0671815032051986 0.0580505890492083
0.0316749607980602 -0.0202183969440639 -0.0756538527384768 0.00538380589961352
0.0441709450164969 0.000386450194338911 -0.0520285478529368 -0.030213590602927
0.0324510862817747 0.0221957985352339 -0.0459407825144492 -0.0165869448745082
0.0159166080358081 0.0238032000349344 -0.105356799251238 -0.0332448155180755
-0.0865490949927076 -0.0175860316145157 -0.119608519238295 -0.00721210149020334
-0.0592558486854298 0.054952180891405 -0.0724967530691891 -0.000690551780565451
0.0201562131283745 0.0751119532302432 -0.0708734956349001 -0.00855167334501086
0.0673026458851283 0.0215151242939563 -0.08445433723724 0.0360828653627312
0.0416031896623833 -0.0411256055603281 -0.0613103394443276 0.102047631659709
0.00178970538245676 -0.0520207971167089 -0.0154638048609126 0.124471699895006
-0.0204827647527174 -0.0581783988348935 0.0104064608647223 0.130794447131713
-0.0240994180402944 -0.0603559132848873 0.0156927491276449 0.114081729950422
-0.0185256991485694 -0.0711700454567567 -0.00427266861659312 0.105762287313467
0.0199101277272594 -0.0597314385874566 -0.0297724921490074 0.0800329334426372
0.0546857855657631 -0.0348716408529178 -0.0576998628201114 0.047058922558449
0.0680197664701627 0.0207435069838889 -0.0571318440938499 0.00795976060847842
0.0352464215249077 0.0497378070481502 -0.0451674701746931 -0.0157416668559634
-0.0107914226634333 0.0374284410628817 -0.0566555188939696 0.0023029344853528
-0.0442263463170207 0.0103600492140798 -0.106889102381778 -0.0188480760878618
-0.126465985132732 0.00104464183564905 -0.0737929207689674 -0.00787301178161004
-0.0719228625163958 0.0881700032366245 -0.0362761614959391 -0.0160170844643899
0.0418958306822644 0.105346314796622 -0.0526560123918366 -0.0356808759374009
0.10587201106752 0.0261326265213395 -0.0786753693327834 0.00462866795280284
0.0654400103191102 -0.0694418959597858 -0.0685472543908194 0.0751114275823704
0.00224505520366105 -0.0894095196248416 -0.0240889866341192 0.0966858378939251
-0.0286530961302819 -0.10251547820178 -0.00161891638703952 0.0996059165832952
-0.0291275412179396 -0.102619342966059 0.00884038622584225 0.0798144018058264
-0.0173268621700163 -0.111884354185102 -0.000570492498128105 0.0755461295987015
0.0388159234995312 -0.0929848773956878 -0.0175968938017912 0.0530046023555303
0.0937582487527216 -0.0475628007971971 -0.0339001045871457 0.0312161662702336
0.10619518790289 0.0548052181135602 -0.0251464239833604 0.0131867155146525
0.0294936404875619 0.100787024061732 -0.0249421184878743 0.00594362147956351
-0.05901879880443 0.0598081761065488 -0.052004619253625 0.0312634034588711
-0.105877899982181 0.000150147886033587 -0.0903124206104699 0.0105604743199044
-0.145751097651306 0.0148856808751763 -0.028942282996579 -0.0140497909948443
-0.0767754189239634 0.0979878029735155 -0.00224807124503753 -0.0255023768097242
0.0479339772094676 0.117026196071382 -0.0235851387541242 -0.0528115243261285
0.123377770842021 0.0327011805833167 -0.0567699966262528 -0.0290072503908106
0.0816266998927158 -0.0807865719537442 -0.0652136571702074 0.0328297079519885
0.00681890468473769 -0.110463508554272 -0.0324618588771155 0.0529223765474349
-0.0298410338100723 -0.131116074984396 -0.0163831339933518 0.0547031591481548
-0.0309737595663346 -0.130201075055312 -0.00116480873147696 0.0359149490754977
-0.0190570865642161 -0.137541130285111 0.0017538192745502 0.0344645845348253
0.0426797572206877 -0.117170775595704 -0.00542733623602381 0.0161584969519066
0.114804585205844 -0.065688107225485 -0.0075978405757577 0.00341847744421026
0.138370844971873 0.0707239176202332 0.0150704818955243 0.00485474636636871
0.0336654423356049 0.141095788274157 0.0117870168774825 0.0169315742206975
-0.0938099588054212 0.0879564349015551 -0.0223618316476021 0.0575660829928955
-0.154043578800935 -0.000690441089486314 -0.0470022371071391 0.0450448276351113
-0.144476769705913 0.0136775199966609 0.0133784425807312 -0.015618218523797
-0.0836369771482431 0.0809389677363064 0.0276627754223972 -0.0257785839833721
0.0276232320067459 0.116045281990999 0.0135285525981586 -0.0547963647287388
0.113468912151463 0.0536995675274172 -0.0179859212875864 -0.055678908945842
0.0930987346530678 -0.0629712975767749 -0.0485136747197942 -0.0150525295703561
0.0200888183117644 -0.108182835196979 -0.0331832002260258 0.00144069985124292
-0.0195054937145134 -0.138378933573354 -0.026907981606875 0.00104987829441459
-0.0235823126442241 -0.138442299045655 -0.0106136175793892 -0.0156824291920344
-0.0162506246899288 -0.141209213074988 0.00173272548703666 -0.0142716888642843
0.0371837195993775 -0.122730879721358 0.00349653687819713 -0.0275446328161038
0.112656785716926 -0.0775903152644416 0.0153417499203491 -0.0331934593328785
0.149335748712191 0.0654987843362286 0.0506365017950827 -0.0166207627655081
0.0433398030483992 0.153648400695706 0.0501683767809586 0.0112022706720434
-0.102231731688499 0.108767154086704 0.0236098071155497 0.0664655259615357
-0.17605226905193 0.00609734660693343 0.0160041763824593 0.0732457948425378
-0.128611961606585 0.00518729639223755 0.0466444699677021 -0.0120324686496199
-0.0901315737578168 0.0492127657840241 0.0474925255731187 -0.0128362540843036
-0.00698746692755297 0.103788071832349 0.0480525392297898 -0.0360458656186735
0.0839413673742831 0.0753425832117858 0.0268115312717569 -0.0618991211696086
0.0918397180475442 -0.0301323356243521 -0.0164648550693711 -0.0520709317834989
0.0318937687987785 -0.0864469391891823 -0.0223351998195567 -0.0471108415822104
-0.00846177507947701 -0.123312521524985 -0.0311590454874682 -0.0525394447805221
-0.0173578245141407 -0.127518612583979 -0.0195611195480974 -0.0647284555196514
-0.0150541825551453 -0.127398576619276 -0.00245710772358126 -0.0610159455031403
0.0222988172314444 -0.113379448182173 0.00326860362106882 -0.0673231586174702
0.0897631692057965 -0.0829377637104008 0.0246596932622787 -0.0683719537742624
0.136515975926049 0.0426749290593106 0.0694448971738613 -0.0454932133843968
0.0536390102711045 0.134219007680016 0.0762204538024736 -0.00957903207775187
-0.0801039968478487 0.110880358457014 0.06960610641999 0.0543482190187085
-0.163860312901323 0.016371772847996 0.0869406002933857 0.0855354315952126
-0.0990385952905334 -0.00492406830633355 0.0720982785299844 0.00207551352159593
-0.0886644322913181 0.013509102648623 0.0586309301794405 0.00487814034598446
-0.0402116350098858 0.0780524553562924 0.0649702591153385 -0.00607139679498493
0.0412300355231016 0.0822088195472966 0.0611349173106279 -0.0444876733373487
0.0728599614545258 0.00611315911548112 0.021910162888932 -0.0671310649709064
0.0363513629978246 -0.0499994601769341 -0.000729113612840506 -0.0824335390215612
0.00324018868737813 -0.0862737825435396 -0.0260227121855642 -0.0975475797741834
-0.00784987340678066 -0.0962045333488074 -0.0265037784734531 -0.105865375995976
-0.00822141992126666 -0.0945940450552435 -0.00887878666881586 -0.100018450115387
0.00934166115243682 -0.0849588584844568 2.95022799567812E-05 -0.0978591606312768
0.0556955538646911 -0.0701315108782344 0.027450697616679 -0.0950408048796225
0.100269055940771 0.0165393097276768 0.0749493317568773 -0.0693365952127315
0.0522507839390407 0.0910910184800431 0.0862690884595772 -0.0283156033906968
-0.0419001031498195 0.0878113390667568 0.0996888064299415 0.0312645367982826
-0.119924274558699 0.0222252590114474 0.144952949197701 0.0792007555714016
0.0374766950420534 -0.0519081745784949 -0.164230164238158 -0.0241648930764026
-0.00661054796932966 -0.0488366765504752 -0.126313431941219 0.0121306529758625
-0.0353968171425274 -0.0254685752856615 -0.0808868267993729 0.0341684970046805
-0.0413042015789256 0.00745298966549023 -0.067981154427461 0.0625547608838219
-0.0190836829380292 0.0348463920180688 -0.0399093292118951 0.0978611104983544
0.00221982822188043 0.0399513905324784 -0.0065026189842599 0.123055008346184
0.00395088423541042 0.0487370752039241 0.0245279534836617 0.135263696269779
-0.0045367818266812 0.0445193329692699 0.0266333346626225 0.129722512032006
-0.019536676368182 0.0336531242293766 0.0030724127867836 0.11272262724043
-0.0323648780832015 0.0150486814393412 -0.0215614033207585 0.0940473103540469
-0.0376078937070807 -0.0155348147018597 -0.0554279518692574 0.0667299255068351
-0.00782587528040692 -0.0579314564306256 -0.0773170348100365 0.0157990136309904
0.0434269062420953 -0.0468009036407064 -0.0537202280761771 -0.024967866273211
0.0641009067877762 0.00358994116986134 -0.0355682973381364 -0.0200208289718832
0.0690891611023414 0.0306662383856923 -0.0900843415628634 -0.0309382102561349
-0.029998706849518 -0.0373695771926313 -0.15358130751909 -0.0108311991461213
-0.0399110346627253 0.00558910450187274 -0.106813452618777 0.0145860670423829
-0.0085234529109315 0.0302122410151597 -0.0781635898681733 0.0192395187155557
0.0154818691629972 0.0181433694341346 -0.0767317225614917 0.0568327182500864
0.0141711433453468 -0.00248848343596252 -0.0490352810160751 0.108675593124756
0.00352663769198132 -0.00654926914997578 -0.0088696839455391 0.133625987280198
-0.00856221810785517 -0.00540379587484782 0.0203653131925989 0.143699485984753
-0.0158314501772282 -0.00914035663984501 0.0228425531883646 0.131302142767516
-0.0208280643965933 -0.0210421661108892 -0.00208993663627149 0.118385388454513
-0.00687862559864879 -0.0240757833668234 -0.0315975400888783 0.093360281727904
0.00873114478430334 -0.0268330744676306 -0.0665508357826217 0.0577433985661771
0.0318336661071827 -0.0201717001702636 -0.0751605994023131 0.00530633667229225
0.043743126007698 0.000115580654131106 -0.0517819454690032 -0.0297785964833335
0.0322421927635544 0.0218461512497165 -0.0457509509398754 -0.0163371555211818
0.0157958444944946 0.0235728108366715 -0.10614884738822 -0.0320980660559978
-0.086993916291114 -0.016395237886249 -0.119091881793529 -0.00610483066932878
-0.05879502804727 0.0556140847112598 -0.0723462627992443 -0.000166980894872626
0.0213714068785432 0.0749786296676699 -0.0705821937168007 -0.00816337141450006
0.0677757203063713 0.0210310143722731 -0.0838743576481644 0.03648593074074
0.0410015795952705 -0.0414243055643709 -0.060163041020226 0.102210683794007
0.00169017363720724 -0.0519070067036899 -0.0140686942046945 0.124166166877192
-0.0208718242793035 -0.0578938093102606 0.0119420050655919 0.130658834689273
-0.0245509495088265 -0.0604334642690332 0.0172701260601522 0.113779932446128
-0.0186916578444711 -0.0708470350250599 -0.00305130424601327 0.10527224534613
0.0196228041994014 -0.0596557110147132 -0.0294989819354777 0.0796806566040596
0.0543265864919294 -0.0348119764014923 -0.0572720796255645 0.0470796186876408
0.0680780458790066 0.0208016444850222 -0.0565017106190754 0.00844316221551444
0.0352369991066875 0.0494062439145759 -0.0450546421729508 -0.0154621598003714
-0.0109730193809007 0.0373962692828497 -0.0559860780580323 0.00253438804540529
-0.0444143048207584 0.0108850902169723 -0.107277076229062 -0.0176961876677906
-0.126541530250981 0.00267836204316136 -0.0739324566528034 -0.00764665843535353
-0.070593413580146 0.0890487441320153 -0.0359804827278261 -0.0157755932032952
0.0426810540201118 0.104681316326494 -0.0529667800273593 -0.0353035959013476
0.106046336613303 0.0251616868530676 -0.0782805931460197 0.0049174200432174
0.0649158015019125 -0.0702024250825526 -0.0676762147800536 0.0753381372709225
0.00147441017154397 -0.0890918612948166 -0.0233088504063653 0.0965054532303536
-0.0294176760542577 -0.102040566839398 -0.000586622908707979 0.099320050901078
-0.0299977763029509 -0.102789939781915 0.00936172607162372 0.0796044800543784
-0.0182277763334928 -0.111374557151808 0.000180257978239132 0.0753169572171766
0.0378260728689136 -0.0926232925412803 -0.0171204721299541 0.0530671200137787
0.0932426093360477 -0.0477316828241109 -0.0335591234863849 0.0314121234534384
0.10657463115525 0.0539997149183891 -0.0249423066058308 0.0135783690534718
0.0302171074999242 0.100418730079586 -0.0252863739444922 0.00584726240612999
-0.0586460856747518 0.0604684310344374 -0.0513491222943709 0.0316310003464292
-0.105849787037435 0.000956617268439541 -0.0903339175339174 0.0114323648467336
-0.145613045334013 0.0167981101630987 -0.0289132763240256 -0.0139427420754977
-0.0759187735413595 0.0987690475327326 -0.00269755781382092 -0.0253894418113631
0.0487090727603327 0.116129782012508 -0.0239050744312765 -0.0525723811996371
0.124133928612751 0.0316741519206668 -0.0568184603339123 -0.0288373024270155
0.080643833826431 -0.0812113609011405 -0.064677091261507 0.0335374648995548
0.00602102575857265 -0.110180587932809 -0.0318560789731824 0.0529389590195366
-0.03125389205518 -0.13055820659809 -0.0155632298566238 0.0547538114013983
-0.0320714560559132 -0.130074204044058 -0.000533529340773179 0.0352253191081848
-0.0203165691879944 -0.136690925710228 0.0025165125598448 0.034156386153254
0.0416841759459152 -0.117085111244572 -0.00515125741800567 0.0160379747308799
0.114448769221511 -0.0663689663260446 -0.00718013134748988 0.00346536240197937
0.138922791536707 0.0695936645925073 0.0151371971669035 0.00453515504842445
0.0348792106061793 0.140342907051889 0.011899216937894 0.0170279096873136
-0.0929314589031228 0.0883242351131977 -0.0224130807056568 0.0576112709240961
-0.154299215932806 0.00101803990008986 -0.0458121005599219 0.0450361847976001
-0.144209580960077 0.0149091606845382 0.0132145307235625 -0.016039323389106
-0.082809675556886 0.081877785259569 0.0276531992388071 -0.0263588216120096
0.0281514441905414 0.115992502381582 0.0131057029727934 -0.0545689422720075
0.114047833413986 0.0525347979493939 -0.0184129893881755 -0.0553794104905174
0.0924644800809895 -0.0634479877123025 -0.0486125145115071 -0.0138054580679716
0.0195895841389905 -0.10755000484037 -0.0330541759324079 0.00165483536997653
-0.021013959924451 -0.137732910167104 -0.0269229185685254 0.001433179100446
-0.025161946851028 -0.138017372625993 -0.0109549665264467 -0.015362541613151
-0.0179322190026973 -0.140222118764033 0.00182333471037887 -0.0142497452064486
0.0358839214760551 -0.122911063544345 0.00302256542275365 -0.0276796136839494
0.111333875077147 -0.0784822811301176 0.015097158941249 -0.0330516091801581
0.149608340613446 0.0640241879849548 0.050522130501722 -0.0163935827072492
0.0445769744851379 0.153214896290583 0.0497806990337735 0.0109562463155264
-0.100810115494319 0.109476117128743 0.0237064562567117 0.0662239552005993
-0.175371215967458 0.00788624382767176 0.0168794357334878 0.0725507126130764
-0.128788293015183 0.00644049990917209 0.0470044370556215 -0.0122829872719163
-0.0896491230104675 0.0499085194531859 0.0472321850131788 -0.0130368001711212
-0.00620553076568371 0.103693072880939 0.0472424157122033 -0.0365043749149932
0.0847409447455679 0.0747471236695264 0.025705784017137 -0.06196914564033
0.092144939847717 -0.030537510799671 -0.017060886921081 -0.0511842708670186
0.0315500140329764 -0.0864021341827104 -0.0225874265473611 -0.0466625272619778
-0.00951164889604164 -0.122662462647651 -0.0313751253155555 -0.0519422876981635
-0.018688618348337 -0.127178983043698 -0.0202123462104353 -0.0641439953969154
-0.0161689288022461 -0.126659478318884 -0.00315605840878023 -0.061255308284385
0.0212778395218545 -0.113479206065095 0.00266720809344001 -0.0673398836749901
0.0889829056464554 -0.0833153877804325 0.0243611883147961 -0.0683675326975599
0.137228394831066 0.0413987863195402 0.0685514341289429 -0.0460262912651032
0.0545054324631083 0.134070270774842 0.0759246097734958 -0.00992372839826371
-0.0787758288809274 0.111216051493551 0.0700001983021686 0.053618636217747
-0.163215624596827 0.0179592562438774 0.0876724977424635 0.0842476468963691
-0.098674549572734 -0.00378161887016439 0.0720169397207375 0.00115303305433228
-0.0883675903319183 0.0144784259922994 0.0588171484604154 0.00370560973214565
-0.0393852126316966 0.0787529931840628 0.0645580348672477 -0.00692102568092514
0.0425780886558556 0.0817448887563665 0.0600900912318301 -0.0444066622911535
0.0733251038072731 0.00576285158979652 0.0212685435789621 -0.0665220427456142
0.0353841835269654 -0.0499189621418398 -0.00163268746789258 -0.082097975610439
0.00235068793206908 -0.0858346359296016 -0.0271122942502621 -0.0971406566462975
-0.00865397406108889 -0.09568862284624 -0.0270678209255093 -0.105184156056121
-0.0094444694463648 -0.0939716425415643 -0.00950425910693166 -0.100127318113455
0.00856926462900904 -0.0847703610115107 -0.000781552179821504 -0.0975565522294017
0.0547005635861866 -0.0706352578816567 0.0268720356412032 -0.0946885829228416
0.10041659923031 0.0153884605448013 0.0738896290431529 -0.0694305307264463
0.052830816261641 0.0903715967374192 0.0856722160310372 -0.0286157493237147
-0.0407621785310998 0.087643371346205 0.0998212395584763 0.0307107863259731
-0.119467686017816 0.0230529619462629 0.145501769800173 0.0776467495843505
0.0369194782640918 -0.0523219686181884 -0.16425099051104 -0.0232087382185217
-0.00730711147310401 -0.048765629676378 -0.125431011833678 0.0131889451392068
-0.0348381858752987 -0.0250712841407414 -0.0807313034205385 0.0349276949142804
-0.0412741535223129 0.00714358101515929 -0.0676491125654494 0.0632744798851168
-0.019127095667733 0.0349061695330495 -0.0393608444879326 0.0973826163449421
0.00267157180641234 0.0393407325301966 -0.00562455697610239 0.123066034839543
0.00430931319078594 0.0483346914243785 0.0255884163237193 0.135090487661794
-0.00415956942703302 0.04423441916353 0.0275572073759567 0.128877354778324
-0.0189007056430686 0.0335647823464944 0.00350006664475187 0.112592132337487
-0.0324519772378949 0.0152082986332122 -0.0210587846926645 0.0937752911129386
-0.0376599262989623 -0.0154268889364534 -0.0550258080077848 0.0666392528509802
-0.00873473029297561 -0.0573100010755453 -0.0763812176723195 0.0155963530856909
0.0426208868173235 -0.0469247982901973 -0.0536720452535904 -0.0242441553984321
0.0636601983585658 0.00280477870191287 -0.0355919730550676 -0.0200201246379286
0.0688624225190961 0.0297219688697334 -0.0907488414605689 -0.0303804312472702
-0.0306948311288855 -0.0365059262693648 -0.153249529174406 -0.00905985112556782
-0.0392025274347625 0.00638760011349223 -0.106415114588766 0.0149570873572137
-0.00767747650922575 0.0301418665276765 -0.0774640939054234 0.0195466093570838
0.0164105633096584 0.0174688022596635 -0.0765119754792367 0.0565487719482523
0.0139844702421104 -0.00257182973443688 -0.0480686331931065 0.108834932207468
0.00346987849650761 -0.00704203412644845 -0.00773928352777206 0.133800382349347
-0.00853034431315223 -0.00555998413647019 0.021459090252138 0.14356288236102
-0.0158802912080047 -0.00899098472275794 0.0240633908821116 0.131059021358759
-0.0209029954961168 -0.0206706577081356 -0.00166997097045186 0.118468152646978
-0.00705387761664497 -0.0235474487394126 -0.0308799075556502 0.0930471142227662
0.00869299887264545 -0.026661431712986 -0.0660634283821485 0.0578539469541436
0.0311024724765783 -0.0204912369756488 -0.0750267342361628 0.00614507959480691
0.0433431885969869 -0.000568682855242127 -0.0517372019985545 -0.0295474522847579
0.03253563546808 0.0216604862235449 -0.045570941733483 -0.0155946455854279
0.0159357686387267 0.0236283893967258 -0.105850838940985 -0.031374089507333
-0.0871213163603976 -0.0154819338405848 -0.118998526516312 -0.00550841594997302
-0.0582637624424867 0.0563314032838493 -0.0718702449908252 0.000430866630334727
0.0223938359649559 0.0743379177581227 -0.0708662821835934 -0.00800433368477069
0.068162228139899 0.0203631940147599 -0.0835349945662972 0.0366651993133918
0.0406744352235025 -0.0416681063821767 -0.05948701616517 0.102667699332275
0.00167944546568901 -0.0522652990227387 -0.0133192881829088 0.124423108980766
-0.0210905843737203 -0.0574492643838246 0.0130026239567143 0.130147166271829
-0.0248052202406573 -0.0596854463982874 0.0179154258959491 0.113337129609256
-0.0189779216321702 -0.0706348006071257 -0.00247862387163811 0.10480571769848
0.0196074625661662 -0.0595444332507738 -0.0287112929033675 0.0796298951482293
0.0540809395090414 -0.0353036030284079 -0.0567187874808544 0.0476191271068382
0.0681552220362922 0.0202402871822894 -0.0565083770717636 0.00869104778703649
0.035338116039193 0.0493176703642429 -0.0448254168290895 -0.0152022093299282
-0.0107371503674791 0.0373997244876179 -0.0557427913745967 0.00297741869344696
-0.0442805635394089 0.0110700276446299 -0.107322621181945 -0.0168309760300435
-0.126668682955199 0.00357453641447116 -0.0732525832986303 -0.00679095815837557
-0.0699105488992748 0.0893404402975043 -0.0363120379143059 -0.0154651442373634
0.0437315022559502 0.104258985241831 -0.053271554687161 -0.0351662908352724
0.106793176084012 0.0248325843756397 -0.0784968969495679 0.00473982694810593
0.0644530841951706 -0.0704323584846342 -0.0675732116540783 0.0758244058297761
0.000853984197320103 -0.0889702975433286 -0.0225938081507415 0.0966718712347011
-0.0300581544675497 -0.101766415188106 3.83870183760896E-05 0.0994623777567681
-0.0306617316732606 -0.102205853993703 0.0102788249476707 0.0793786546971611
-0.0188339627342916 -0.110604026152299 0.00114496318743537 0.0753287600564616
0.0375505544695686 -0.0924207589017075 -0.0167082850084376 0.0527583531024146
0.0929472674966501 -0.0483720373205867 -0.0331930232500168 0.0317328977811889
0.106556960952432 0.0532219347312914 -0.0244913251184854 0.0134521525131287
0.0305377071990426 0.0998846552064539 -0.0248629550079609 0.00625370502686456
-0.0584121090320429 0.0611021023390311 -0.0509966652662182 0.0317871409908597
-0.10569655008207 0.00209278149061448 -0.0898515879441719 0.011966151780672
-0.145274831730714 0.0173119102747719 -0.0290474813554531 -0.0139115997581008
-0.0751419530320538 0.0997657039815921 -0.00262883977883546 -0.0256350286054655
0.0496206574296756 0.11562115259869 -0.0242487428965002 -0.0525587613555065
0.124657352895871 0.0309260961682482 -0.0571203568161046 -0.0287419702105934
0.0803434284107803 -0.0816251019895764 -0.0639609587665154 0.0339535476056779
0.00568516491217604 -0.109774162739475 -0.0318502415201158 0.0531599032108962
-0.0321775492199233 -0.129811397193296 -0.0152029452994091 0.0546246180856278
-0.0329261751351417 -0.12968575950087 -0.000496237202657188 0.0353752244229417
-0.0209621983680634 -0.136302222193134 0.00279985378909155 0.0340562221757653
0.0412147011423397 -0.116980495857221 -0.00495446870876332 0.0159564198039566
0.113849055610136 -0.0672126040966347 -0.00705831731709955 0.00359818135191828
0.139471521664198 0.068519801327043 0.0153038926552879 0.00463378167079822
0.0357481489993825 0.139919487152983 0.0115476616143216 0.0168243996658801
-0.0921485791244866 0.0888057190355702 -0.0219662396445676 0.0576548443372216
-0.154039725721639 0.00239096980382916 -0.0453872305134771 0.0453037264325465
-0.14399768322548 0.0162682204073415 0.0136214328719381 -0.0162611691650429
-0.082011884657844 0.0819974008324074 0.0269602262267714 -0.0266408607835024
0.0292918402948424 0.115575670409728 0.0126712105964009 -0.0546947180808749
0.114611268314663 0.0523043927526837 -0.0191624726333615 -0.0553691513177949
0.0918489926945334 -0.0640183165339376 -0.0483161816942637 -0.0130647926987941
0.0189309506868921 -0.107529640980708 -0.0329860523822528 0.00233942843408478
-0.0223479204711038 -0.137591030689303 -0.0266558665573696 0.00155869847228821
-0.0266005164749105 -0.137371513720074 -0.0107156407529217 -0.0156191576617072
-0.0184942273260241 -0.140073557408233 0.00188991351953193 -0.0142611208220199
0.0351985248578713 -0.122768625722862 0.00305187653847285 -0.0277283917151715
0.110677851917625 -0.0788856554343573 0.0154115566495601 -0.0327159974679393
0.150446904434488 0.0629979777259769 0.0504782354385927 -0.0169472246042028
0.0453224208421856 0.152343344402579 0.0494864444223268 0.0106359275019312
-0.10010793508188 0.110033283889203 0.023948613306025 0.0655484686055595
-0.175344601943952 0.0087313140987606 0.0174378591741906 0.0720739339622827
-0.128368164211785 0.00731325051165002 0.0468821745472416 -0.0126201569512611
-0.0891969509910239 0.0509877752945697 0.0470487348044437 -0.0134949094089729
-0.00582783738679262 0.103437304501175 0.0469809463216812 -0.0363441544276182
0.0855332820760835 0.074060170950403 0.0250106225025338 -0.0620010601163091
0.0916320623173838 -0.0307665445532866 -0.0170781623290467 -0.0504916243846778
0.030844752388284 -0.0863339018972494 -0.0229038302773669 -0.046307113306729
-0.0104931488740479 -0.12246919155185 -0.0319394592041724 -0.0518754548686244
-0.0202153255032026 -0.127189916308546 -0.0210092450660747 -0.0645523218778339
-0.0171336494142237 -0.126560058007066 -0.00307225631829411 -0.0609334071061869
0.0205927483843611 -0.113161808278224 0.00212232476098261 -0.0672009257912499
0.0880146283515732 -0.0836684274957062 0.0242988943970332 -0.0681431059061173
0.137451153405796 0.0403121255924488 0.0684435099982429 -0.0463276395620529
0.0553079012863651 0.133287404956822 0.0754987127852254 -0.00995336563184722
-0.0779238348029515 0.111454092242746 0.0696814657190435 0.0526727564552257
-0.163026693045276 0.0188094507869012 0.0883949922484991 0.0831946526806838
-0.0983360946852878 -0.00284435324953334 0.0721105721700041 0.000590947879808687
-0.0877972222725676 0.0150914061757473 0.0584349891090597 0.00304763794886422
-0.0388384504059959 0.0786320692785797 0.0639250988963945 -0.00740601238729114
0.0434640509466233 0.0812989947580171 0.0588906482245681 -0.0448760744805401
0.0734178005304095 0.00562002941648372 0.0205777343952713 -0.0660705185717285
0.0349068120024927 -0.0501793466310746 -0.00206637683279581 -0.0814559278734657
0.00184686767283914 -0.0857091909789082 -0.0277057794109553 -0.0971198266117983
-0.00971334632808431 -0.0958859011512217 -0.0277667658296405 -0.104933372103628
-0.00997480071070406 -0.0932237494764176 -0.0100665301958159 -0.0997684605846825
0.0080817060096017 -0.084697784639969 -0.00106522364531103 -0.0975512366388511
0.053846212757085 -0.0707910599390005 0.0257748807687209 -0.0948655238374367
0.100582699181776 0.0146288130487011 0.073775616667137 -0.0692463291960282
0.0535854701600147 0.0899508832891396 0.0849053185484397 -0.0289878279722492
-0.0398691080391288 0.0880905382194513 0.0996263367371402 0.0296112710918064
-0.119135045258368 0.0238079797699437 0.14597909558554 0.0758835319593243
0.0365367584800599 -0.0521644972590543 -0.16422281539496 -0.0221752472768947
-0.00695467610696393 -0.0486746199793951 -0.125148908297311 0.0143516672561326
-0.0345416021082926 -0.0254825231546697 -0.0801842449975358 0.0347466607774351
-0.0406865321918361 0.00705275546244326 -0.0672527848344978 0.0627638136265888
-0.0190994339327112 0.0346647982875998 -0.0387352975948346 0.0970186448912531
0.00252830254906676 0.0395576814616814 -0.00436845370842696 0.123012728695569
0.00462584633933976 0.0479848199871625 0.0263332985389078 0.135312156749208
-0.00358042352899595 0.0441730548122402 0.0283099243091566 0.128772690359081
-0.0188791855363927 0.0337622948596972 0.00406718922375741 0.112677307602364
-0.0320912140926746 0.0157103263722476 -0.0202482203489071 0.0933837964000047
-0.0374838517067635 -0.0148972382689226 -0.0547856984492838 0.0663501815201921
-0.00934354188319001 -0.0569518135666239 -0.0764239250386763 0.0160759479321244
0.0420673146024991 -0.0471773607027826 -0.0530129927138739 -0.0241420223416151
0.063231476035947 0.00234791182963411 -0.0353995714031298 -0.0196177325063158
0.0692531023511249 0.0294172275833389 -0.0908712200896399 -0.0299231666066425
-0.0304551241581964 -0.0360819774729969 -0.152960736058042 -0.00938063356823786
-0.0394948707509771 0.00667023038782922 -0.105803478521398 0.0155645905439277
-0.00748238527690822 0.0298439991567298 -0.0773330764146189 0.0196234139502251
0.0162716243728022 0.0174097293234046 -0.0767862278360615 0.0564703404091173
0.0140945225859428 -0.00319473766315257 -0.0477669996658097 0.108934465881414
0.00385812265834585 -0.00693505048792478 -0.00690932178972199 0.133329333756029
-0.00851981415072435 -0.00560571748842829 0.0226765152013412 0.142829701398541
-0.0157283062219681 -0.00902306532594889 0.0249998494645653 0.130506946341886
-0.0208146435276456 -0.0202025267547922 -0.0010645048675159 0.11784504639478
-0.00684676936188152 -0.0234257569049989 -0.030938218090941 0.0928389305572874
0.00860109721474473 -0.0266267645302315 -0.0653063840537728 0.0578445588799316
0.0307913513723051 -0.020072198902503 -0.0739361964709832 0.00615311919780408
0.0429277000806314 -0.000771412976669151 -0.0513827063253121 -0.0294304830724559
0.0318672966332491 0.0215668051908789 -0.0450986336471197 -0.0152700103042576
0.0160794442192599 0.0235286149057529 -0.105970597159747 -0.030278933445634
-0.0874349542587554 -0.0150067179784849 -0.118812269550363 -0.00460732316539789
-0.0575700248845981 0.0565903266782435 -0.0720505185664663 0.000815988242147454
0.0227278759222668 0.0742816186655696 -0.0704922559613374 -0.00792510853193595
0.0686974485204912 0.0199900815152396 -0.0836195125375349 0.0365923352715758
0.0402920150770807 -0.0423292745696218 -0.0592323834751467 0.102939577089617
0.000953517742067811 -0.0521638131658171 -0.0125725751046805 0.124698464267903
-0.0213543948125258 -0.0575818897483006 0.0142867957807462 0.130305990257952
-0.0249617924712728 -0.059753352454077 0.0183862265372341 0.113478138918487
-0.019154626409405 -0.0699912933941017 -0.00196254530599117 0.104719768255535
0.019582626640133 -0.0596056027786326 -0.0283721375531198 0.079395886362546
0.0543713905746236 -0.0348966704118891 -0.0563099478738653 0.0472377735602564
0.0681129295330616 0.0200026137445796 -0.0559975525350066 0.00845885954325519
0.03514902749575 0.0492573135947489 -0.0449720371964388 -0.0147525736865368
-0.0107907445111784 0.0375870662244916 -0.0556296019712039 0.00311126777709609
-0.0445934112178406 0.0113851541662185 -0.107306391722972 -0.0161790667352107
-0.126372108365906 0.0043004884858889 -0.0733980444053265 -0.00670395007872103
-0.0694056529493101 0.0898556961664579 -0.0361544061863587 -0.0153350758928078
0.0443910852753049 0.104089467898672 -0.0532467890857957 -0.0351823525782042
0.107587468575737 0.0238120075077271 -0.0784545428315784 0.00489523490001978
0.0638527829142496 -0.0710941124206911 -0.0669784645868446 0.076154712718922
0.000309234409083982 -0.0890125779852782 -0.0222527137673928 0.0969131464481739
-0.0303352612794747 -0.10132961279961 0.000762102990620558 0.0991707244461371
-0.0315401103110475 -0.102072959047965 0.0105814695774389 0.079493997815367
-0.0190875956879235 -0.110748626256557 0.00124608529791009 0.0748095484847577
0.0373095687123875 -0.0925338145673919 -0.0162966733502322 0.0528424100287072
0.0929778960837654 -0.0484462587357315 -0.032513688465234 0.0318835424125165
0.107008536879215 0.0533473977070866 -0.0242778716399882 0.0130037055012036
0.0310399066679214 0.0997681741510086 -0.0249103403495387 0.00626550806133738
-0.0579054185044849 0.061239453428671 -0.0505277821461999 0.031898896464323
-0.105837174548801 0.00279897503934208 -0.08927298622465 0.0123837290450017
-0.145208224055301 0.0185243974970949 -0.0286861192424124 -0.0139381435200472
-0.0741957168674133 0.0999735569014804 -0.00300591625619094 -0.0258217737821154
0.0502488177689477 0.115659876779184 -0.0243057518992108 -0.0526084178022154
0.125225203657968 0.0307213938866574 -0.0571754517373652 -0.0289868427315856
0.0796536073995947 -0.0819329211888708 -0.064082668746922 0.0347855886932086
0.0049277047820142 -0.109625251937587 -0.0313905055007145 0.0530571887414542
-0.0329297194110892 -0.130022927218464 -0.0146050392274695 0.0545135450616337
-0.0339331736582753 -0.129492869671168 -0.000204187936772392 0.0351906842131188
-0.0219978460728337 -0.135842270655243 0.00321204252004821 0.0341285431622271
0.0405015472430687 -0.116929168426936 -0.00487407154620761 0.0159205731653478
0.113273242932682 -0.0674247640118392 -0.00672662054553105 0.00356024742636724
0.139594787091284 0.0678722191591573 0.015436968259272 0.00442218201713746
0.0364496812580821 0.139834616295013 0.0115736920867487 0.0167657612785279
-0.0916884159588612 0.0895888466843562 -0.0214450670892053 0.057184656803619
-0.153883920476592 0.00313973757709094 -0.0452747030396609 0.0453802816848874
-0.143655131321374 0.0164990518731863 0.0132457878760464 -0.0163396618128486
-0.0818438843767844 0.0831378593923712 0.0268255227105466 -0.0270088797936901
0.0297496131927055 0.115257762045932 0.0123135014303516 -0.0548081061163491
0.115285247826893 0.0519504449131496 -0.0193722481557645 -0.0557636164127124
0.0917986792126408 -0.0639441497986053 -0.0486797647162015 -0.0125679144317846
0.0186129361895203 -0.107028133657618 -0.0327944511477679 0.00191734096026961
-0.0229087240897148 -0.137148274633746 -0.026456003985093 0.0014419371538216
-0.0274964470746138 -0.137423612519376 -0.010880128502015 -0.0154656262507867
-0.0193161209649641 -0.139474913495229 0.00216616759220116 -0.0145706304265393
0.034577161338558 -0.122516567040198 0.00284127568886456 -0.027899715334597
0.110085086819797 -0.0793992924521263 0.0152319858426841 -0.0327121860360913
0.150485927572162 0.0624934077332175 0.0501186066137246 -0.0168700228555586
0.0466914987870565 0.152193609018373 0.0487959623451811 0.0104622520377869
-0.0994476390920553 0.110933571892069 0.0240376243751824 0.0650710153293601
-0.175179358125662 0.009792615389665 0.0180784879955398 0.0717684888871207
-0.127571330619748 0.00799649235536134 0.0468098097793498 -0.0130489059210987
-0.0889782301891898 0.0516870937530841 0.0471092046109849 -0.0146361831796189
-0.00502203079075232 0.103710468642737 0.0464297471835321 -0.0369732337614435
0.0860160886889094 0.0735967234563503 0.0243525488245263 -0.0619264186226187
0.0914086023495465 -0.0312842623079949 -0.0173535603540557 -0.0496541147072705
0.0302051359420384 -0.085727332057831 -0.0228343939955722 -0.0457655654848558
-0.0113718243534961 -0.122146985476816 -0.0318925652085879 -0.0515450646908649
-0.0209213791675243 -0.127017922817368 -0.0213327638596724 -0.064268959178362
-0.0178972074345818 -0.126094656410537 -0.00328144903706888 -0.0612829123861042
0.0202904471835626 -0.113053312670306 0.00217120633110916 -0.0675840867715648
0.0875159844318605 -0.0837882288462975 0.0238846642524008 -0.0677430812059892
0.137481645816602 0.0395959767104655 0.0679732797425019 -0.046013774589862
0.0559147683484947 0.132632764795933 0.0746964358453048 -0.0104786714998543
-0.0774424196994402 0.112245133744594 0.0695273342233472 0.0524875050589682
-0.162903247120245 0.020005265245612 0.0890148678692933 0.0824571688784598
-0.097923115945347 -0.00287613429323272 0.0716804001272451 0.000219709270741339
-0.0879531910405435 0.0160516580785916 0.0583145328663587 0.00248849371637333
-0.0389271271210281 0.0790020643951344 0.0635254076920476 -0.00738892179281476
0.044566176542055 0.0813104387279131 0.0585402280832164 -0.0447701985869905
0.0735219716622207 0.00475073569559732 0.0202301429244838 -0.0654127677634927
0.0348539318867482 -0.0500415636825333 -0.00234181998385275 -0.0811881107228795
0.00124556657082312 -0.0857506243277305 -0.0284820453000004 -0.0966803129106163
-0.0102750558041526 -0.095409999182943 -0.0283596229561039 -0.104971078842593
-0.0103550384677077 -0.0936341478915307 -0.0103934733655847 -0.100154387380807
0.00773603519572524 -0.0843427940311111 -0.00147844729258925 -0.097454841069074
0.0537761048908917 -0.0705168292185889 0.02591626917103 -0.0945855855764337
0.100897795471846 0.0140586253167136 0.0731074813907361 -0.0692620192003731
0.053694324252685 0.0893143097457167 0.0843959256789774 -0.0289293335914873
-0.0397547007025889 0.0879175685528148 0.0991742891711962 0.0298687347249586
-0.118904541991571 0.024437964480801 0.146610969799041 0.0752023802463321
0.0358584221862062 -0.0520893407934728 -0.164295122832106 -0.0212133818132128
-0.00678247319854097 -0.0485925084547866 -0.125158588061432 0.0143613736848185
-0.0346251504697841 -0.025587887964028 -0.0799708430918923 0.0346435927833908
-0.0411950989265162 0.00712342144364102 -0.0673270123883125 0.0629060749596153
-0.0188492016792191 0.0346161042867182 -0.0389535745255989 0.0970234289190417
0.00286076642100227 0.0393522496809698 -0.00411590247689325 0.122964743350991
0.00526690641540904 0.0478245546251113 0.0272058067139589 0.135484428031317
-0.00334311656416496 0.0441070116146461 0.029167682799802 0.128871716178624
-0.0184323494466698 0.033747395747673 0.00452878963739955 0.112084479915564
-0.0318692515708603 0.0157856049918509 -0.0199571933676464 0.0934883520380814
-0.0376119814381059 -0.0147893171408838 -0.0541505492063295 0.0656493939267223
-0.00987671622880706 -0.0566327339831312 -0.0757295360237445 0.0155128941418407
0.0415599231245879 -0.0473433673550634 -0.0527056615304272 -0.0237101737562835
0.0630600242336137 0.00207404973445857 -0.0350805537596218 -0.0194042536119075
0.069141427966121 0.0289100330815996 -0.0914213348695151 -0.0292923081273894
-0.0312989574020536 -0.0355845480259983 -0.153365902458871 -0.00860829786344606
-0.0388725495276242 0.00660524891755457 -0.105598531302803 0.0156583750438263
-0.00660743381468079 0.0297758760756171 -0.0775778766702123 0.019663381210051
0.0164209557175425 0.0173179613051734 -0.0763252051965025 0.0563184749518251
0.0141555087853008 -0.00353930452728333 -0.0471141182037866 0.108917841512402
0.00385320013481108 -0.00741135378746707 -0.00649289701420516 0.133717480917344
-0.00834865295072439 -0.00522172869902623 0.0234792751368313 0.143284045733183
-0.0157651098331282 -0.00900281692438705 0.0254816804789709 0.131075224062001
-0.0205953141928975 -0.0200628332162598 -0.000810672389741288 0.117515624782159
-0.00666648699369806 -0.0235859473125779 -0.0305646519014449 0.0928613723143167
0.00839945586310511 -0.0264860689878659 -0.0652360039728852 0.0574873002182971
0.0306978506949922 -0.020434269215627 -0.0741010382895029 0.00570355811535135
0.0421534985829495 -0.000741409319160998 -0.0513170400789138 -0.0287779525895015
0.0320058950858064 0.0214745118313006 -0.0449952545882689 -0.0149131900564264
0.015864207797831 0.0229948720463927 -0.106880244671926 -0.0298239989894021
-0.0876375936191959 -0.0143200118997649 -0.118495795582773 -0.00412682560873669
-0.0574570137482023 0.057268284316464 -0.0717986700369652 0.000956681984369503
0.0234651891507072 0.0744098438586034 -0.0707287418493433 -0.00800453492333564
0.0695085345212818 0.0193060619812567 -0.0837011985782402 0.0365329097804997
0.0404899015482877 -0.0429132139199461 -0.0588145196011112 0.102747784916262
0.000886954398059419 -0.0523222675476768 -0.0121292017194444 0.125051112640294
-0.021401434582686 -0.0575055741113203 0.0146753883241373 0.130097086458985
-0.025531696419765 -0.05988855028324 0.0190776756343696 0.113355540814034
-0.0194663820525808 -0.0699402281375559 -0.00167472283011891 0.104757715944434
0.0194458261416133 -0.0597541492537045 -0.0279046910787934 0.0794552438975081
0.0538919620056094 -0.035016755909077 -0.0560371686370548 0.0473045211385811
0.0683102234897622 0.0200412206029303 -0.0560229099233666 0.00862837235442088
0.0353475057423832 0.0487085774587913 -0.0447309589677604 -0.0148774369946841
-0.0108596433740089 0.037631860267323 -0.0554825521272448 0.00335774476859754
-0.0442591524377678 0.0118016199269516 -0.107481623552259 -0.0159764120215468
-0.126999472800018 0.00521424130680518 -0.0731876452664806 -0.006446795472962
-0.0693285596703446 0.0904594161994784 -0.03606896624826 -0.0150029049159729
0.0448921980122527 0.103786847126361 -0.0535552407573658 -0.0352384171708758
0.108379894103784 0.0233440854137954 -0.0789407298982106 0.00488563549658959
0.0636030640515931 -0.0711039676522149 -0.0666332990791543 0.0764524910906198
2.92681408782507E-05 -0.0890524840453846 -0.0215801483083366 0.0971273054916923
-0.0309378228497507 -0.101345271004841 0.00137063360962507 0.0991200479750613
-0.0317037046071932 -0.101650622138937 0.0109378373494154 0.0789167893933428
-0.0198235001006843 -0.110625051531959 0.00175456974140854 0.0750889871644897
0.0371859809230084 -0.0925894835571792 -0.0162911953977547 0.0524362564378789
0.0924084400425296 -0.0487007948205842 -0.03248145412593 0.0318579446851802
0.107543071459475 0.052734154071028 -0.0239690848574091 0.0131200438571759
0.0310871914225034 0.0993045372735826 -0.0249828404612366 0.0061099177440033
-0.0580425647338588 0.0611303543334326 -0.0509384251573378 0.0321148770158905
-0.105757243685489 0.00310628385484768 -0.0895519132253913 0.0123890658637412
-0.145120490743187 0.0189152849269144 -0.0287190353782711 -0.0141585099617951
-0.0738508455295346 0.100859418743456 -0.00305377209829199 -0.0258490415043591
0.0510239902509364 0.115187743477416 -0.0246141534405696 -0.0527500195283184
0.125450904872692 0.0298244876425094 -0.0573714180731285 -0.0289336314396607
0.0793045430224089 -0.0822741190839596 -0.0639207395908271 0.0350911012665952
0.00472591462266504 -0.10922981026695 -0.0308183793798895 0.053464640710416
-0.0333560493412112 -0.129557339334178 -0.0143115694419888 0.054828052605097
-0.0344653070837208 -0.129439290176343 7.19796519996516E-05 0.0349924578078397
-0.0220933690967366 -0.135257336215448 0.00361035167818851 0.0336403978170443
0.0402575938018274 -0.116711362404735 -0.00452276882585372 0.0156692063269527
0.112928523455327 -0.0677903445087858 -0.00655249889537175 0.00373411670189542
0.140048730955726 0.0674146443567919 0.0151828050266437 0.00427765750326852
0.0365955156491046 0.139635073079393 0.0114034731033233 0.0165459590885828
-0.0914010657562684 0.0896959074662692 -0.021494043372597 0.0571785548626808
-0.154415195397382 0.00365147193836898 -0.0447185930068428 0.0451713365050963
-0.144008246121131 0.0179790023783717 0.0132821747065373 -0.016644752881125
-0.0815385431866756 0.083650003544291 0.0267884105622485 -0.0266785354077691
0.0301311834620733 0.115536217275524 0.0123584025084172 -0.0549311144250403
0.116063836150381 0.0516495819229965 -0.0199018599447384 -0.0559673210578508
0.0916291121839773 -0.0643327723699586 -0.0481303000538698 -0.0119105057348496
0.0183497693156046 -0.107038480361571 -0.0330954312080616 0.00216586612550437
-0.0233386311094196 -0.136516491939618 -0.0265355163570494 0.00143900500573438
-0.0280080888284694 -0.137293366921153 -0.0107782957273781 -0.0155371435765528
-0.0196519444461198 -0.139473318897481 0.00209919461560959 -0.014484598288869
0.0342305678372755 -0.122731352894795 0.0027616447359012 -0.0280027941529729
0.109918021787335 -0.0798171874660155 0.0153015422188232 -0.0324172988410049
0.151317401189468 0.0616955546427416 0.0498879845165696 -0.0171787667713025
0.0464801949155561 0.15206388841793 0.0490103017213647 0.0105105554018855
-0.0989339864617794 0.110936311977758 0.0240500186306345 0.0650449273885408
-0.17519231473693 0.010458259971448 0.0187815742565344 0.0713194858839215
-0.127831401069303 0.00844133690477451 0.0464106336480314 -0.0135666151977533
-0.0887162026717723 0.0519940189940576 0.0466135984188454 -0.0149850575687317
-0.0052430184364975 0.103756375238599 0.0459585352133895 -0.0371598986629551
0.0871800234740149 0.0736714710526695 0.0238899354625606 -0.0619484783189646
0.0916931491585284 -0.0313757005200427 -0.017187921232506 -0.0491747941047557
0.0299447595549577 -0.0858025885548667 -0.0229027797724614 -0.0457334283144251
-0.0118338520012589 -0.121993221695987 -0.0321676945533049 -0.0516401267614366
-0.0215514295493309 -0.126712959184981 -0.0217132025313654 -0.064374348834085
-0.0184485153471667 -0.125934068083863 -0.00328539041314182 -0.0612897569014813
0.0196988631483631 -0.112950742511049 0.00202978798297936 -0.0673546709870717
0.0872236435799331 -0.0841008100096215 0.0238767392178433 -0.0678115185045895
0.138134525651167 0.0389451980900512 0.0680579301534529 -0.046207692512007
0.0563537405189096 0.132539957950548 0.0742328937912099 -0.0101319194621209
-0.0770908690450846 0.1122352086641 0.069333651442541 0.0520382058100912
-0.162837379250235 0.0204496472427544 0.0892561492755748 0.0818039331242912
-0.0975546458428239 -0.00229360645249909 0.0718972013924373 -8.9222851264035E-05
-0.0879567658229662 0.0166805848714645 0.0581139094278242 0.00194644439291348
-0.0386124186827845 0.0791197909515067 0.0630600470901194 -0.00771215359301588
0.0448640211231614 0.0808344502878695 0.0578928843305876 -0.0448464581117571
0.0737831812822718 0.00441899965378572 0.020173327555707 -0.0648146069647255
0.0347287239888354 -0.0496545300194719 -0.00242524073730913 -0.0809598509438466
0.000890411108578119 -0.0850897704926614 -0.0289200482511308 -0.0967896936358194
-0.0110694750789169 -0.0953318038217946 -0.0291389386625594 -0.104987429906449
-0.0110443643891245 -0.0934413736378568 -0.0105309255737883 -0.099888920245224
0.0071407907929838 -0.0842124345833082 -0.00187476959726189 -0.0973514394475971
0.0533830238289159 -0.0703480429056988 0.0256435661633862 -0.0943370203638443
0.100941418347436 0.0139104450729037 0.0726152355111669 -0.0694548671027257
0.0543938723074882 0.0893732653745651 0.084116023062805 -0.0287356956202423
-0.0392442813054107 0.0878749512747954 0.0988647127969569 0.0292020629062524
-0.118753067818881 0.0248072622644875 0.14697615722569 0.07437347877621
0.0357574409174027 -0.0519925803407116 -0.164790670223487 -0.0209305302563808
-0.00650009099917776 -0.048871864929666 -0.124960724336702 0.0147888691574141
-0.034385228052668 -0.0258587189942038 -0.0799414584538298 0.0345429263088724
-0.0411746215062306 0.00686442450681611 -0.0673495537745675 0.0624041632714176
-0.0189425317128038 0.0344801761507264 -0.0390532766384265 0.0969960025819636
0.00327497872483151 0.0392269546691298 -0.00410786111115814 0.12306203577205
0.00566341365170518 0.047757968016022 0.028131112472355 0.135278849130345
-0.00270692934842732 0.0442320315768729 0.0301445618304515 0.128773576764542
-0.0183895668760637 0.0336031341535503 0.004606071630748 0.11291986195083
-0.0317916602562618 0.0161257084220204 -0.020111180782784 0.0932937708690913
-0.0375193993028933 -0.0140337055116498 -0.0542110880670566 0.0655356935028703
-0.0104997720898552 -0.0566002511021936 -0.0757229587761209 0.0158333918779363
0.0411665900632137 -0.0474563618509938 -0.0522849076203735 -0.0234860072284828
0.0630212280596791 0.00196421364086726 -0.0354158673997844 -0.0193392895947124
0.0691626126331543 0.029279076453902 -0.0915130918225382 -0.0289689188717895
-0.0319520789940537 -0.0357198749308864 -0.153357534464179 -0.00778328856294888
-0.0389827342951268 0.00686420407271333 -0.105406007255816 0.0163189126660934
-0.00613224988951834 0.0297761103911687 -0.0779421292953455 0.0194231331170435
0.0168431389872492 0.0171176728982732 -0.0764484583880899 0.0561422816614839
0.0139892471310228 -0.00358960964468125 -0.047382071764042 0.109172022818933
0.00387615146100089 -0.00773076547924937 -0.00627503882486578 0.133930565345432
-0.00783910908550589 -0.00560186801306944 0.024264055364165 0.142908977335523
-0.0158641735688028 -0.00888705600562244 0.0262509936525893 0.131139594290841
-0.0206751225423473 -0.0201210173025873 -0.000128699396821862 0.117845319488816
-0.00672074210407869 -0.0230487916949928 -0.0302021215476978 0.0929212467393796
0.00838405075432533 -0.0265406535059386 -0.0650895314081983 0.0576592802213237
0.0303724444252977 -0.0197577721377018 -0.0732500228416311 0.00553942573620207
0.0423446585486636 -0.000585490133448908 -0.0510448464158886 -0.0288370834881355
0.0313604721683902 0.0209713868146992 -0.0444647789524546 -0.0144605075471959
0.0158763398762123 0.0231964370313185 -0.106906073243257 -0.0294371570256518
-0.0883255122576411 -0.0138349699322154 -0.118638337028179 -0.00425339009464397
-0.0571762020416181 0.0573746428575553 -0.0719515528983557 0.00120938504892543
0.0243701974468729 0.0742613958383878 -0.0708538348959832 -0.00832975550921974
0.0698790336446536 0.0191364887126405 -0.0838770412106602 0.0362340932451286
0.0404198816905247 -0.0430032219084611 -0.0589486577606405 0.10325996003377
0.00062418816525677 -0.0524593615855423 -0.0120942730192879 0.125102321189324
-0.0215126237524884 -0.0578434733550202 0.0153690636889982 0.130249566210534
-0.0258482877468991 -0.0601554693040506 0.0194895131112248 0.113211331277191
-0.0193069890026035 -0.0698286494708037 -0.000975269561277245 0.10491402505085
0.0196198605329345 -0.0597546066155258 -0.0280620451150931 0.079239995438479
0.0545145288363763 -0.0350198077056147 -0.0560873238628267 0.0471387806834023
0.0679878545388562 0.01990958104535 -0.0557790053911872 0.00861081158129773
0.0352105948091486 0.0486408410191198 -0.0449599631835364 -0.0147677555593134
-0.0111005839014421 0.0375908285522926 -0.0552818389366818 0.00347757370585758
-0.044521523435294 0.0120135136003295 -0.107371380661817 -0.0157168477067196
-0.127102381372801 0.0054398652781336 -0.0733630904248496 -0.00637881151188342
-0.0687570432949396 0.0911745864722616 -0.0359392594998279 -0.0150769980276871
0.0456961587086359 0.103938883918889 -0.0536008837238961 -0.0350489230440336
0.108528377102647 0.0230796556476694 -0.0791969961626503 0.00475115452130976
0.0638181619450769 -0.0717661237203385 -0.066517803697576 0.076798363982949
3.7600611311083E-05 -0.0891680256159156 -0.0215553905500772 0.0972003186393022
-0.0312072469081492 -0.101678208298911 0.00209277451503689 0.0994785082601537
-0.0324311885844683 -0.102123492262611 0.0113808400314752 0.0794918517302405
-0.0197391326307074 -0.110113697452081 0.00220034770245425 0.0749128973259431
0.0371833820802944 -0.0925231416758853 -0.015857170672502 0.0527356395711697
0.0928589985000474 -0.0488598860957548 -0.0321713423233401 0.0318920089978484
0.107620595786375 0.0526920875381982 -0.0239057142723014 0.0132198484281216
0.0312179282563894 0.100210934987153 -0.0251292824151334 0.00627138976057663
-0.0580570836408526 0.0615637189823741 -0.0504746447495119 0.0320868022899277
-0.106029890467151 0.00342822290545498 -0.0897481383491917 0.0123814620293468
-0.145752298779857 0.019509235151736 -0.0286767218749111 -0.0140869096949744
-0.0737805639460683 0.101462465846717 -0.00305924787524562 -0.0258538330664466
0.0513474802609513 0.115827529637491 -0.0242503095015835 -0.0528056824759737
0.126527639969446 0.0298592649048692 -0.057485123367348 -0.0293293479649536
0.0795465465639448 -0.0821195715557592 -0.0633573900415256 0.0355369611993994
0.00460379985695538 -0.1095793547899 -0.0311532287774484 0.05367377163774
-0.0333644074261197 -0.129750763085679 -0.0143762935036829 0.0544713399029144
-0.0351862886176019 -0.129462936387182 0.000375647879322123 0.0350756307023401
-0.022231108327863 -0.135630933711776 0.00392964502669035 0.0335696551769515
0.0404324268135571 -0.117211435042235 -0.00458116958394629 0.0154382330564124
0.113435398402474 -0.0679837162024067 -0.00631674372142899 0.0038178074072414
0.140665347330421 0.0675035338187413 0.0154613234831147 0.00433412726306351
0.0370647420966589 0.139609466559027 0.0108633952343451 0.0166226912833862
-0.0914625142038651 0.0899259634629003 -0.0216358976952088 0.0568383854832191
-0.154243415004164 0.00412154019413285 -0.0446366949747648 0.045194126588282
-0.143935298897797 0.0182772258033624 0.0136174698144981 -0.0170033000689658
-0.0813550588479158 0.0842637294614635 0.0263619725887171 -0.0274097081156271
0.0303568359339532 0.115388368074455 0.011996154621936 -0.0549205290421554
0.117270627682156 0.0519001949647576 -0.020134353298422 -0.0559995021650966
0.092156720367057 -0.0644073440763822 -0.048188375198922 -0.0114779927233173
0.0184748575427661 -0.106930988811298 -0.0331845378617515 0.0023882142796839
-0.0237147829898236 -0.136976222426515 -0.026632741933574 0.00142175179181925
-0.0287358949449061 -0.137551874376247 -0.0107691975174188 -0.0158019631361097
-0.0203096122423632 -0.139126204302238 0.00272223151105206 -0.014713126446401
0.0343329899558659 -0.123057616110603 0.00313869729279094 -0.0280850881275806
0.110005845239468 -0.0796937997649331 0.015520774370804 -0.0322376303664467
0.151691156778647 0.0613918096013432 0.0503214599412255 -0.0170759219968025
0.0476777992608227 0.152332519433398 0.0482782384934301 0.0106123874673229
-0.098739989197102 0.111266051091048 0.0240301245711047 0.0649650821159426
-0.17552549098028 0.0112273809127412 0.0189072516356579 0.0711088445510484
-0.12773734940064 0.00900122823219303 0.046807868770409 -0.0136533947044482
-0.0888572678821015 0.0527510033636747 0.0465477791330214 -0.0150737761547069
-0.00483261514094844 0.10399275994217 0.0456456177250503 -0.0370779932001111
0.087698969703864 0.0735082480863478 0.0234918082719632 -0.0619793304126234
0.0918965341570278 -0.0315154436499777 -0.0175178237721336 -0.0484140624340216
0.0301970032227541 -0.0855266989988361 -0.0234872645792473 -0.0457845543072637
-0.0126148749222584 -0.121829189506159 -0.0325042116977483 -0.0513680382008243
-0.0220577927470696 -0.126484042167447 -0.0215999630008027 -0.0644796373830021
-0.0186246249756562 -0.125577055358708 -0.00292924780143681 -0.0616228242556277
0.0193620318225206 -0.113041303058409 0.00227772574668346 -0.0675681307393843
0.0870698725736339 -0.0840300061350949 0.0240488259418667 -0.0675440614139089
0.138631741152955 0.0382023683206815 0.0677931595166396 -0.0462160631346803
0.0569215790155078 0.132418868989202 0.0741087884315373 -0.0102234225064571
-0.0766683359788944 0.11266543873015 0.0692828444736385 0.051879822594114
-0.163046419056408 0.0207606652025504 0.0897748931235527 0.0812874062810668
-0.0977003921095701 -0.00195950267272212 0.0721394196593591 -0.000311540575860813
-0.0880741175968334 0.0170969671588543 0.0577218632602854 0.0014622756993392
-0.0384724140890951 0.0793892172516207 0.0625986726177189 -0.00791614440899923
0.0453378447830427 0.0811261290103903 0.0576865229894402 -0.0446945556176951
0.0738905907714583 0.00425273411753615 0.020023767483688 -0.0639399817221444
0.0344932372633966 -0.049715972853264 -0.00251585491316798 -0.0808358199821722
0.000460765387254424 -0.0851713826118552 -0.0294141032116447 -0.09645602077316
-0.0115348542940544 -0.0956254359808705 -0.0293347757858511 -0.105103445121175
-0.0114491548652275 -0.0934553204765487 -0.0105725746908268 -0.1000969623951
0.00730759017788174 -0.0840873907431836 -0.00195632653253026 -0.0972167063657296
0.053447246744345 -0.0706062198932229 0.0259701441860384 -0.0945766083769369
0.101466165831241 0.0132486575390113 0.0728779973268157 -0.0691009485920104
0.0544376167033737 0.0888302852989243 0.0835836370556605 -0.0285757731142469
-0.0394046020218263 0.0881841785489159 0.0986699932781054 0.0292260675995119
-0.119206742650552 0.0251822800320002 0.147732296923507 0.0736009156972839
0.0357929728368183 -0.0521683310609118 -0.165246454662125 -0.0206640890029572
-0.00637188340515816 -0.048802637279092 -0.12497293316535 0.0153546360972339
-0.0344848998869988 -0.026061256279533 -0.0799780914986656 0.0347550905689051
-0.0413745251225502 0.00714662469266551 -0.067867138487944 0.0625722782278538
-0.018707821803554 0.0344505225718714 -0.0391468198076654 0.0970932185672838
0.00382901715786369 0.038859192519909 -0.0039262497641127 0.123963873463662
0.00558887015532947 0.0478840471576255 0.0284781736719867 0.135528069873906
-0.00238278410420704 0.0446355827543194 0.030364999733243 0.129252897033327
-0.0179112470737615 0.0336702360837491 0.00490452580921552 0.113084492485557
-0.0317248031560444 0.0161621563241185 -0.0198445988073491 0.093447741353984
-0.0380966197947273 -0.0140627318115155 -0.0545712039332906 0.0648752810120381
-0.0105310431785959 -0.0563817198463988 -0.0754029409098515 0.0153476085190769
0.0410948380347415 -0.04789403331956 -0.0518122862638646 -0.0237557343572159
0.0628740223671141 0.00151217470296792 -0.0344628469873937 -0.0191024597199267
0.0693337703324117 0.029153264597351 -0.0922672250924045 -0.0287147113379948
-0.0324023617802173 -0.0354138271725571 -0.153420529063908 -0.00782344826963002
-0.0387598597513624 0.00777211756491676 -0.105621967663471 0.0164466717445867
-0.00623112510416731 0.0298898540305564 -0.0776539005169629 0.019907753053311
0.0175728074430516 0.0168218068376334 -0.0769287067223498 0.056186477942779
0.014255905306209 -0.00377529773446067 -0.0473967122800214 0.109235689645444
0.00354867009484243 -0.00741780142797844 -0.00554663366811136 0.134751694141208
-0.00772537397624128 -0.00571123136665494 0.0244631145080652 0.143650106574977
-0.0160187326697814 -0.00919019246209088 0.0263658586571329 0.13116165804316
-0.0203823299627304 -0.0198613063811711 -0.00034938009286102 0.117946844788106
-0.00635306544463535 -0.0233772255183171 -0.0305344198985831 0.0929205665797704
0.00842684664280833 -0.0259778655127851 -0.0643869009578448 0.0572061019698282
0.0302844957266001 -0.0194860839945511 -0.0734962361130441 0.00503928490068651
0.0418700798329395 -0.000557274586606721 -0.0511730939737741 -0.0288525805381057
0.0316415040983423 0.0210047408234895 -0.0448528144694579 -0.0147564678873545
0.0155560913995073 0.0232850705696793 -0.107794023491953 -0.0291392336854369
-0.0886379602904833 -0.0136371173624862 -0.118995351917043 -0.00401898075971526
-0.0574177884761803 0.0579123608446255 -0.0721192641501932 0.00147902239347645
0.0248216569566346 0.0745650056136098 -0.0709754143371359 -0.00831473190174613
0.0707840193116124 0.0187714047353952 -0.0846595830765431 0.0358660059088387
0.040323451053093 -0.0433199767713863 -0.0587999819757401 0.103240515873781
0.000982120711435873 -0.0529032715834693 -0.0117495700334874 0.125684740233346
-0.0215933342172514 -0.0581050336134905 0.0158179965907056 0.130942357135628
-0.025696584845961 -0.0602618192102413 0.0202750271888211 0.113186726839107
-0.0194231935506484 -0.0701793501008467 -0.00102768109953073 0.104880655163424
0.0195559720544161 -0.0596107907615003 -0.0276849312379388 0.0796348918964307
0.0544853407126698 -0.0348237032764685 -0.0560813783453444 0.0475667709911201
0.0680654489867903 0.0205430395523115 -0.0553226973894725 0.00832555437392454
0.0351954199957264 0.0491470450931302 -0.0450986407926659 -0.0149125680978597
-0.0112492964784234 0.0375973503188553 -0.0549504189470461 0.00332574220624545
-0.0448587113986771 0.0120529778816712 -0.108053760163517 -0.015251472635538
-0.127980647271539 0.00580712693915273 -0.0732918437003012 -0.00681348261612211
-0.0685402317362599 0.0917176857243024 -0.0362727036986342 -0.0150637190769035
0.046261745311487 0.104249319323756 -0.0536119534148617 -0.0352797252980941
0.109312798189801 0.0229381986594492 -0.0794230467227326 0.00418778896298541
0.0639769706418715 -0.0719208450777025 -0.0663784931255422 0.0770423185134502
0.000245217246578127 -0.0895745928267472 -0.0212412204174059 0.0973800504832222
-0.0309626327966325 -0.100978550255656 0.00261321091909379 0.0994304514706677
-0.0325799490582975 -0.102298913944702 0.0117341806993109 0.0793851829223605
-0.0199570270570549 -0.110528873709054 0.00258022738166427 0.0749124639042669
0.0373069123037273 -0.0926322355719914 -0.0160906089184701 0.0526354092907776
0.0932191980515342 -0.0491411893776776 -0.0321563792276877 0.0320130173941882
0.107977011281523 0.0530364391285085 -0.023715081823525 0.0129873197649172
0.0314428687022521 0.0999231715674264 -0.0253810514130358 0.00617752089383406
-0.0585079319934116 0.0617392169009574 -0.0505513706344309 0.0322686741874607
-0.106745286983565 0.00372697374575025 -0.08961531591647 0.0127208349701414
-0.14598705208796 0.0199153226605652 -0.0288491053901649 -0.0141642437034089
-0.0736285313739701 0.101859221983073 -0.00347466267107715 -0.0260144611599823
0.0517876418522 0.116011893685378 -0.0248728638425833 -0.0532991938482498
0.127280908710043 0.0300753866097857 -0.0580803683787835 -0.0295354745355403
0.0799542295776765 -0.0828677850736805 -0.0636014550005395 0.0359662989378243
0.00469549638408866 -0.10935352940892 -0.0309611783608521 0.053700968067038
-0.0338729930321786 -0.130097989934664 -0.0140752567472752 0.0545083756170151
-0.0355482311643462 -0.130108942115704 0.000280902777951215 0.0350969854725713
-0.0226393470709223 -0.135299763226801 0.00416987616663781 0.0334647528249912
0.0403949475647036 -0.117200951845607 -0.00450568076871167 0.0155726835428373
0.113610006977961 -0.0679020218207991 -0.00612222845139976 0.00398130343329331
0.141316060416524 0.0674217021990465 0.015668786215105 0.00439752960126299
0.0373905803158184 0.140149493307036 0.010675359568561 0.0163353373537165
-0.0914607317936483 0.0905415795121387 -0.0216767279704142 0.0573553168767469
-0.155086697970798 0.00426393421759404 -0.0444553801806437 0.0454305698108833
-0.143909458102281 0.0184216555391429 0.0136558337149028 -0.0172299469643455
-0.0816105142346749 0.0848246133109458 0.0260674736679172 -0.0275807029241607
0.030545292612745 0.115787783580969 0.0119219087512655 -0.0551247694271029
0.117842201374726 0.0514855851527207 -0.0205241982267031 -0.0560683329153828
0.0921480218652261 -0.0649508111928621 -0.048243419892877 -0.0108061589723979
0.0184553696295772 -0.106876928144142 -0.0329986378828546 0.00231820744338391
-0.0237621840398336 -0.136870827617894 -0.0262539823275702 0.00146879728834835
-0.029181623413029 -0.138136179316177 -0.0107690324043866 -0.0155337969439635
-0.0201787226342115 -0.13969944041644 0.00279392875742853 -0.0149193740657705
0.0342930366547847 -0.122854386722523 0.00266582033140604 -0.0284495406547211
0.110321108943612 -0.0802299062539072 0.0156297926380642 -0.0322878499291684
0.15251744914892 0.0614363773007303 0.0500727631268033 -0.0171479248851697
0.0474401917574129 0.152474125246677 0.0483866123877709 0.0105404707087409
-0.0992354155613266 0.111761652777762 0.0235644354817554 0.0650080356165181
-0.17569336271619 0.0114334552076401 0.0195187727226096 0.0712324096590939
-0.127825251430658 0.00864109511362251 0.0466500421118816 -0.0137076584721719
-0.0885835570875654 0.053069720161199 0.0463994791164275 -0.0157989026789172
-0.00492261629528099 0.104600855305197 0.0456956574344408 -0.0372567451066849
0.0885421499841774 0.0739342815187758 0.0231419179833817 -0.0624266325063601
0.0924777014148032 -0.0319399657381039 -0.0176393554278386 -0.0480192616827484
0.0298879241239499 -0.0854993708386178 -0.0232378033475573 -0.0453067203359012
-0.0127273521031193 -0.121866219720727 -0.032501343222519 -0.0519477396200833
-0.0227079167288085 -0.12728169598856 -0.0216642051802351 -0.0644219016491549
-0.0189799617609778 -0.125936293786608 -0.00317041445758197 -0.0620654670427219
0.0198104480705222 -0.113248467311478 0.00191851128069241 -0.0678961901347841
0.0874940988719747 -0.0843443416961187 0.0242632889701499 -0.0676428711135176
0.139389500896779 0.0386680139783242 0.0679505753265685 -0.0462348102139065
0.0569700260728364 0.132874173856063 0.0739841215784574 -0.0103118323884499
-0.0768755924965505 0.112846332323658 0.0695623609898599 0.0523718563928009
-0.163536309166855 0.0211512479410927 0.0908371879038983 0.0810383211529051
-0.0974621754904717 -0.00198250110153828 0.0718373942926082 -0.000536646605834796
-0.0882950356718863 0.0173099187561548 0.0575782258788939 0.00101478358968517
-0.0384744835444402 0.0800726303751613 0.0624834415339895 -0.00781983151176627
0.0460441835090293 0.0811351660866269 0.0574354577698929 -0.0443413368416971
0.0744210118599905 0.00426621278000265 0.0201297501451134 -0.0634211954003756
0.034977692150307 -0.0497709158592214 -0.00280677655846746 -0.0809910955414892
0.000273048000299828 -0.0854679011781523 -0.0295318365307301 -0.0968124064026425
-0.0118550283535702 -0.0957941183835504 -0.0293848057846994 -0.105233351830978
-0.011772163974512 -0.0933004529530759 -0.0104379154045507 -0.100805709608157
0.00692488460574305 -0.0846767859195065 -0.00208368030953838 -0.097685829487767
0.0534989595264638 -0.0710774406627427 0.0258884197675022 -0.0939357763400494
0.101771215658013 0.0133913644896609 0.0731165894016877 -0.0691446330468607
0.0547105575265129 0.0895564264429749 0.0836732633649827 -0.0286144401556059
-0.0392304355607969 0.0884049916568795 0.0984018799483909 0.0288315296702173
-0.11915230337631 0.0256208360652583 0.147892283635495 0.0732116086667855
0.0359586813831912 -0.0516415009913208 -0.16586255854769 -0.0208252911846415
-0.00650890834877657 -0.0487996767477955 -0.125055842154551 0.0157368943000553
-0.0339319049218146 -0.0261136886742737 -0.0806692534641964 0.0341153355582094
-0.041541853269093 0.00699354037992092 -0.0684138127042279 0.062927491566297
-0.0192929743487841 0.0345492079218769 -0.0398726821831296 0.0973883125487371
0.0029548240372575 0.0389792187860779 -0.0038341204862385 0.124827902882152
0.00621339067939482 0.0477543323570427 0.0290242134179324 0.136601887271493
-0.00243387374654351 0.0447255262787616 0.0306149637595492 0.130334102660987
-0.0185190447365379 0.034316123406177 0.00471935646643814 0.113215809934014
-0.0316751637086561 0.0160368654236297 -0.0207452220433195 0.0935530608462212
-0.0381778191826914 -0.0142003357218654 -0.0543159420346471 0.0646824640033944
-0.0110179523176424 -0.0562075309179066 -0.0754828918118421 0.014808208809304
0.0406922457689467 -0.0478240144395963 -0.0519354241326303 -0.0239690350153608
0.0631927767057839 0.00201340090311329 -0.0342808233478437 -0.0195074135616522
0.0698824876971203 0.0287070241392147 -0.0928222901173415 -0.0283243392317176
-0.0327695682368794 -0.0350509160630867 -0.154501728860069 -0.00786056624346884
-0.0386881912368712 0.0077410280643789 -0.106273111143779 0.016262812527708
-0.00595220803872935 0.0296825838060398 -0.0782223392013943 0.0193443972735404
0.0172906629054368 0.0162340634029456 -0.0779462718323452 0.0556013438992527
0.0137449425031249 -0.0041021412106406 -0.0478277568484422 0.109343958249022
0.00368354076436099 -0.0076343980911636 -0.00565281451205712 0.134491943234311
-0.00752462080664966 -0.00621079643669918 0.0254954037548584 0.144798647924121
-0.0156810516382121 -0.00900844905081225 0.0267083888540063 0.131980286609485
-0.0210836845215707 -0.0202114499136645 -0.000510594350907385 0.118475911250356
-0.0063662391980409 -0.0234438791184406 -0.0305056737001681 0.09358891183448
0.00836481446523989 -0.0258016063185523 -0.0647732826467972 0.057059434472055
0.0300992637656989 -0.0190866296249196 -0.073737526540527 0.00495134644884992
0.0419139480105604 -0.000420959612454244 -0.0509106092933075 -0.0290064579703121
0.0316269735337814 0.0210873411613999 -0.0444770616576333 -0.0153684814585238
0.0160703341769507 0.0232796160547704 -0.107786030973146 -0.0290947699155127
-0.0895145890815673 -0.0135331857751035 -0.119869070162551 -0.00443263213121372
-0.0575265907497841 0.0587686047785786 -0.0724447445921474 0.00162955209555332
0.0251884179881649 0.0749087837864819 -0.0709731351324741 -0.00851209269953855
0.0714481584504399 0.0189256495074817 -0.0851015430494968 0.0358568548708998
0.0406903494492865 -0.0440191314545394 -0.0595160155919215 0.103929097879317
0.00125315965607062 -0.0533858455296507 -0.0119985311595422 0.126130589321364
-0.0216899933615576 -0.0583397854086476 0.016121557162008 0.131146839618873
-0.0259758466234037 -0.0604822272165754 0.0200336789849116 0.113791690471004
-0.0196514495435007 -0.0702771699613314 -0.00084081696138543 0.105198751058091
0.0199540518183301 -0.0599055627019011 -0.027734330893127 0.0796319121133785
0.0546467466335219 -0.0350410579604104 -0.0558687802744112 0.0470218563343974
0.0686808017012772 0.0208113894542296 -0.0556822895680915 0.00804198467283377
0.0350272533362968 0.0491460940596116 -0.0450121756421783 -0.0150572296725155
-0.0114774816469625 0.0378847746368736 -0.0552026933759811 0.00333492541955639
-0.0453473860795518 0.0121283639598314 -0.10885301193393 -0.0153337882358941
-0.128790558957046 0.00650676620283682 -0.0739349229411053 -0.00708996750979947
-0.0689393830903645 0.0926643038390809 -0.0365273620327219 -0.0154342260386561
0.0467950230709288 0.104921757321097 -0.0539208747134468 -0.0357588015254392
0.110653081850212 0.0225062854011314 -0.0800628901005274 0.00392926952289381
0.0641374398020737 -0.0727616030099691 -0.0667934594268323 0.0777531619314878
-0.000168748213506039 -0.0898084834552946 -0.0212597472776128 0.0979919153832632
-0.0314882851188771 -0.101854757838209 0.00262485652964939 0.0999604440712267
-0.0329671928634987 -0.103068277833879 0.011597047597482 0.0796031789611255
-0.0198984135024075 -0.110797881133709 0.00247731745166315 0.0750987205296979
0.0375056612847447 -0.0933983250047079 -0.0160459360580526 0.0526513780951001
0.0937965699890809 -0.0488155806088256 -0.0323031106354776 0.0322487901332263
0.108784353119641 0.0537040757262634 -0.0240537291818533 0.0130515706414542
0.0313971306932248 0.100290938753975 -0.0258206063927642 0.00613231997959119
-0.0585282971261634 0.0620460465836286 -0.0507350762135963 0.0320399393239637
-0.107456376578714 0.00400662613645623 -0.0901463342042775 0.0128342239630627
-0.147331152225224 0.0205957264007083 -0.028842181018634 -0.0145345122525387
-0.0741086928633354 0.102812173719934 -0.00328204877066039 -0.0262179737035269
0.0520403721676397 0.116563855409068 -0.0247943934728446 -0.0534601287475879
0.128176031642228 0.0300223606313602 -0.0585979488733581 -0.0300856902481105
0.0803749913224014 -0.0833155797320591 -0.0637035046731277 0.0361577833889966
0.00459655275989942 -0.109873403371591 -0.0312359097767589 0.053980371493347
-0.0340463989659507 -0.13056127378256 -0.013879567157932 0.054713089215019
-0.0359419732530838 -0.130309761879115 0.000567815912270806 0.0348576338537477
-0.0223447407142148 -0.135189931005941 0.00434576110964116 0.0332719093173246
0.0406546508030327 -0.117698692957304 -0.00455142931503647 0.0151806680996475
0.114115888888814 -0.068496050177512 -0.00606934957276048 0.0037906380422882
0.141991312316649 0.0677114881295626 0.0157836861730342 0.00415898986898996
0.037109517928796 0.141041589618811 0.0106917753039642 0.0168437057726815
-0.0924275609888484 0.0911786962266402 -0.0219426373111927 0.0574377331598325
-0.155557833690257 0.00438229962602584 -0.0447798031445555 0.0452137622939064
-0.144895835221527 0.0184717412350033 0.0134924757369055 -0.0176601231049158
-0.0815886820944122 0.0852781760304416 0.0260852911548902 -0.0281385098009233
0.0305195787000883 0.116833640642478 0.0120956881336574 -0.0554764690441774
0.118678682959213 0.0520869481942489 -0.0212036229025798 -0.0565065741293965
0.0929903434105958 -0.0649588684895823 -0.0483068657116429 -0.0111189046021198
0.0186270247946175 -0.107181523058739 -0.0333412269514761 0.00284161106430832
-0.0246832714519023 -0.137511749747897 -0.0263623555108474 0.00146971183202809
-0.0298283389080668 -0.138641346998729 -0.0110697000303825 -0.0158780139076344
-0.020635203123494 -0.139982750862695 0.00316662120819825 -0.0155180386483314
0.0346513987494508 -0.123729241763427 0.00291141460853524 -0.028276975212308
0.110929081216416 -0.0802704337269656 0.0158444507546334 -0.0320295125312915
0.153718733742842 0.0615572089489823 0.0502418876977856 -0.0174481988418175
0.0476160364437105 0.153343374846828 0.0480159488575966 0.0106174394931818
-0.0992956845062035 0.112233556676095 0.023814508752951 0.065192164925154
-0.177276538031365 0.0117693983759873 0.0199600528280544 0.0710885865618825
-0.128565058533543 0.00915536577946102 0.0472000520828141 -0.0140134416129891
-0.0894138059056818 0.0535869735911293 0.0462857807775591 -0.0161452577041077
-0.00498024918614625 0.104808409507725 0.0453478313038332 -0.0374943625260655
0.0894063948095616 0.0746348314814763 0.0229529808539247 -0.0622821493725543
0.0929445118233228 -0.0322142465378901 -0.0177053625599229 -0.0475410128502961
0.030552208493162 -0.0859038968107224 -0.0236159623468536 -0.045788441246519
-0.0124864219428292 -0.122361604217975 -0.0327415347230144 -0.0520693724691345
-0.0233598796640783 -0.12759904592849 -0.0218828315662395 -0.0650205343583561
-0.0193971314593349 -0.126318698779525 -0.00298134404709087 -0.062507179093371
0.0198370218039482 -0.113549558380355 0.00194375788645472 -0.0682254112950446
0.0873354306532954 -0.0847064102289571 0.0243749036773652 -0.0674110034049751
0.140148836167361 0.0387071710358166 0.0686053457153132 -0.0460228672331021
0.0575323953254955 0.133492732818259 0.0740736014304329 -0.0102742513665993
-0.0769603095187371 0.113207559367701 0.069331927336263 0.0520092026014106
-0.164429076695786 0.0213903868612877 0.0912013956266839 0.0810023775820794
-0.0975004125564706 -0.00209500094463975 0.0724629769376097 -0.000987834243498333
-0.0886727799553842 0.0175943585528212 0.0575871350614083 0.0006069575836165
-0.0386739621261711 0.0808713816757395 0.0621879627736794 -0.00812194678949928
0.0462641368303424 0.0816096740452716 0.0571730290773179 -0.0442387071244962
0.0750490430204637 0.00409043215887327 0.0202420594883098 -0.0632186401775914
0.0349394247656419 -0.049743375415896 -0.00286503205945575 -0.0809794313549596
-6.67535435847945E-05 -0.0858526093909391 -0.0298821637211645 -0.0970783425575419
-0.0122698125653007 -0.0962390295220168 -0.0295698035564826 -0.105836224637272
-0.0120782123089036 -0.0938192900368142 -0.0106195479753216 -0.101350424191353
0.00725109864380824 -0.0845369352415955 -0.00193757498079473 -0.0980891281219159
0.0536975727186078 -0.0711256228526152 0.0263192118820511 -0.0943040633129093
0.102537051889233 0.0132530392093865 0.0733467913350367 -0.0691490165669849
0.0551029685891575 0.0900676931625542 0.083913727646899 -0.0283889772222833
-0.0391354415675551 0.0887439630078416 0.0989067182112983 0.0295729278175285
-0.119728846407733 0.0255466243608113 0.149341392412013 0.0733202389572674
0.0354687272275648 -0.0519029363146489 -0.166797297460284 -0.0211914204206411
-0.00620922016562041 -0.0489539780194937 -0.125747365994564 0.0158170475202108
-0.0339420210239168 -0.0267568793719717 -0.0809603203473642 0.0348739139221651
-0.0415251321611127 0.00671908081289883 -0.0688068750052332 0.063294914611679
-0.019374645464191 0.0344574035009581 -0.0403397212918028 0.098174990763959
0.00385593745741047 0.0388560043046375 -0.00369929110855938 0.125204928947768
0.0068310089840739 0.0481174889312002 0.0295594476493032 0.137372507814758
-0.00195020907758596 0.0447844792079864 0.0310404830495031 0.130608607552068
-0.0179710627780102 0.0342039196310309 0.00442387170091789 0.114152515903566
-0.0318863160785577 0.016191890233023 -0.0204417323386112 0.0940138142861002
-0.038243073863367 -0.013945914648314 -0.0544651679289144 0.0647468648680747
-0.0112228594508061 -0.0563810475078164 -0.0753119812174579 0.0147827717010772
0.040649436066731 -0.0484873112483781 -0.0516500057444012 -0.0238924156730628
0.063478019357636 0.00176970501466354 -0.0343115332280376 -0.0197463111747683
0.0703933359822722 0.0290264661156717 -0.0935806429772712 -0.0281831318966444
-0.0331611078924296 -0.0351650465835849 -0.155361486375965 -0.00783061445639948
-0.0390254599069019 0.00792604931113052 -0.107009584253759 0.0163939504063413
-0.00524901391304353 0.0294349166054679 -0.078781146392977 0.0194091972514692
0.0179042907774509 0.0165895008928302 -0.078188299716697 0.055758163039411
0.0140217534312619 -0.00396240913360419 -0.0484753757311393 0.110019245182864
0.00364246396126025 -0.00789516170031056 -0.00545551949312357 0.136375522348164
-0.00716723881746194 -0.0062530711669901 0.0253871122022314 0.145656173685134
-0.01573502303698 -0.00982705608254982 0.0274739060253926 0.13252780255037
-0.0208002414732545 -0.0201014441834081 -2.72995346651909E-05 0.119317649880242
-0.00599792822657725 -0.0237800412833217 -0.0305929999604544 0.0934744522584343
0.00843991794456955 -0.026020568510712 -0.0651341448984443 0.0571701804209297
0.0301137014063662 -0.0196815900269028 -0.074100627272847 0.00463943762972481
0.0417836831435585 -0.00106561616430254 -0.0509386312338046 -0.0294404899577408
0.0314011274552162 0.0209369376884791 -0.044278310323955 -0.0146856548030581
0.0159290722334647 0.023766478166543 -0.108898961177565 -0.0296563089756359
-0.0900171978999288 -0.0134839360265226 -0.120265656950259 -0.00441056114443819
-0.0571749019981066 0.0593583967010596 -0.0727240042034675 0.00142924799860108
0.0256638456608016 0.0752178438563452 -0.0716626061731081 -0.00911048475113221
0.0723747551001241 0.0188167435141135 -0.0858698397539447 0.0356234832567115
0.0408906806919664 -0.0443654864288723 -0.0598973312125059 0.104398865738671
0.00103791879096952 -0.0538317787578702 -0.012026875308663 0.126984021194804
-0.021555752539453 -0.0585226697754768 0.0166894019601288 0.132239493542445
-0.0262374706392829 -0.0607581385469536 0.0201003051226304 0.114528769779876
-0.0197073612511467 -0.0705609725889668 -0.000640754464295122 0.10610834000744
0.0203160141049053 -0.0599970458229013 -0.0280611608809561 0.0797761785503466
0.055350095346696 -0.0350591777389493 -0.0558733284412529 0.0470587683627033
0.0688674522070304 0.0211446989534366 -0.0559572899619021 0.00775338838599762
0.0351506031116004 0.0496780520456356 -0.0450864837759759 -0.0152558590997885
-0.011701803077195 0.0381328265736517 -0.0551995388671883 0.00327408604275543
-0.045760790356139 0.0125463763376372 -0.109512255739566 -0.0154415717287597
-0.129818133850011 0.00663382453933842 -0.0741387872682734 -0.00703376534914387
-0.0694747986244571 0.0933666411485093 -0.0369719364626438 -0.0154428576248747
0.0472595189141904 0.105411268703531 -0.0539715385478603 -0.0361578313626231
0.111785866065931 0.022618099277475 -0.0805276882107003 0.00358384699928513
0.0647150653163805 -0.0732146705823102 -0.0669872768377549 0.0782605295617523
2.1885597872604E-05 -0.0904467899047916 -0.0215705336725456 0.0988943610609772
-0.0317568065513285 -0.102788278318474 0.00299985605202455 0.100494938085809
-0.0332279098863896 -0.103712009669922 0.0120206821581554 0.0800286289637114
-0.0201075552913036 -0.111253157223929 0.00275272187529601 0.075388124958163
0.0380254357689012 -0.0935716106490792 -0.0161137312177217 0.0528732018384886
0.0942659724323384 -0.0492010980861266 -0.0321081659417943 0.0322852838150912
0.109514898238882 0.0540483145595733 -0.0239237980757442 0.0128866341473936
0.0314339203987893 0.101225143041114 -0.0258118775705322 0.00624716926725733
-0.059220063064473 0.0623974534964959 -0.050754140468731 0.0322931608855684
-0.10845937288514 0.00402929529684245 -0.0905108920459979 0.0126287922173133
-0.147934772560117 0.0207959245252495 -0.0287144445390927 -0.0148134782699443
-0.0744588944119614 0.103791954110579 -0.00307482522767334 -0.0265709610007652
0.0522633003693186 0.117496541293989 -0.0248847521200407 -0.0537178631471023
0.129951405273468 0.0304272042663902 -0.0590837494203837 -0.0302349405016419
0.0808796816016364 -0.0836739539158308 -0.0639540357007308 0.036325398574643
0.0046642125020568 -0.110588009998534 -0.03130954590835 0.0546652421413615
-0.0342559779743104 -0.131147506652536 -0.0134934225667351 0.0550405032137882
-0.0367791030635411 -0.131306940360343 0.000555467181022631 0.0353510876197427
-0.0230472093235505 -0.136458756068463 0.00491361456405423 0.0331549822257877
0.0412561355037211 -0.118248438828044 -0.00451482939374183 0.0153596718183622
0.114968935945146 -0.0685067329092566 -0.00594689764268724 0.00417541064476366
0.143533332687537 0.0682196822758799 0.0160375476169728 0.00446194467365737
0.0372132262281003 0.141754240172639 0.0103053831863728 0.0169586387752535
-0.0926928816502396 0.0919619977588916 -0.0218786322334281 0.057532170629771
-0.156883476224755 0.00488067721687463 -0.0444855853157003 0.0451317063597241
-0.146306116982318 0.0189524285006567 0.0138541039031212 -0.0181836338161392
-0.0824137242785701 0.0863641529861812 0.0264136243507542 -0.028244081383343
0.0309687050281448 0.117624206979222 0.0118804053803041 -0.0561139241088093
0.119957601162408 0.0525266874505179 -0.0210243313344724 -0.0569408590667621
0.0939939352199759 -0.0651810848164795 -0.0483451150816054 -0.010229586449619
0.018519457122922 -0.107596309477208 -0.0336774272069891 0.00310627614559589
-0.0242800867712907 -0.138290883671712 -0.026727185709457 0.00109626132105498
-0.0302600161919685 -0.139805826981069 -0.0109633615057083 -0.0160215018205259
-0.0208576835055979 -0.140791789265855 0.00330906160561252 -0.0157845592519321
0.0349992686938257 -0.124179716067945 0.00305222848987435 -0.0288322753160703
0.111684539938092 -0.0807387436641636 0.0162471951765551 -0.0322266906910827
0.154909793708617 0.061771663776053 0.0509782815317422 -0.0170211992477233
0.0482098490476231 0.15461282291891 0.0480560253474565 0.0106838676892536
-0.100345575548265 0.113011975336177 0.0236470943634521 0.0655302478181211
-0.17838545406929 0.0121312787883285 0.0203242429929831 0.0711809688668691
-0.12879136129317 0.00942220906839824 0.0472356996328709 -0.0144751336788405
-0.0896872128020126 0.0539307560739138 0.0463174896480356 -0.0163302460953326
-0.00533698352921843 0.10606720243309 0.0456202539051479 -0.0377739249856937
0.0905371838473821 0.0750016213260023 0.0224838689063418 -0.0626730364168458
0.0940854663382143 -0.0320602127851396 -0.0171160897198119 -0.0474935059869879
0.0308342295592783 -0.0860270672287475 -0.0234705124912168 -0.0455570808042073
-0.0130862969474863 -0.122885285551058 -0.0330757490063538 -0.052425298978877
-0.0236816356458667 -0.12896190184214 -0.0221556829036437 -0.0653998924678038
-0.0194309578860017 -0.12674590758841 -0.00244531181074059 -0.0630459267865372
0.0203643052708338 -0.114134466549295 0.00193263318306015 -0.0688259762107137
0.0883279247190669 -0.0852298426560457 0.0250404331904726 -0.067787001608527
0.141560037385172 0.0384958537391878 0.0688711772650353 -0.0462879434640272
0.0579960362801733 0.134448033741941 0.0740160508422406 -0.00989188089619443
-0.0778357551547984 0.114048557815533 0.0694552867615197 0.0525872678793469
-0.165604847329001 0.0214821863513855 0.0920107478460868 0.0812589895114657
-0.098267580487673 -0.00220518546814413 0.0729651183687629 -0.000865781825037567
-0.0891688285712312 0.0178863350906912 0.0577712440971016 -5.89710092047102E-05
-0.0387802169101686 0.0810403204010076 0.0622549874951682 -0.00805058047109585
0.0470161258598111 0.0821600050723478 0.0570419334469163 -0.0445408968734069
0.0758446420736461 0.00413964340721383 0.0203903681279909 -0.0628552936710588
0.0352801692180243 -0.0497848719878768 -0.00248977017517629 -0.0817046883967359
0.000165248911615174 -0.0858101641440899 -0.0302692191954203 -0.0975449966651565
-0.012667772240601 -0.0968076775843296 -0.0300987439380278 -0.106560730710338
-0.0117712589488636 -0.0940284915719997 -0.0104616704037771 -0.10214307772608
0.0073671926519217 -0.0849378443140031 -0.00178012813247108 -0.0990984092965815
0.0539405698630652 -0.0713248499069961 0.0263144557675132 -0.0948865249456011
0.103547974459362 0.0129209031134238 0.0738333519086341 -0.0695097597374575
0.0553699113592082 0.0905670103944826 0.0843575055319376 -0.0282445880626499
-0.0394586242834806 0.0889082407920938 0.0987559578471588 0.0296999944107311
-0.120472412942019 0.0256856840223757 0.150503888467931 0.0734943735457769
0.0360646265964731 -0.0516364526684891 -0.168277884099317 -0.0215298520790327
-0.00600283494195042 -0.0491768663048385 -0.126264442754001 0.0154495215840065
-0.0340550441991914 -0.0275246381991665 -0.0820772771584375 0.0345642211799233
-0.0421755210058396 0.00668865882906592 -0.069745456031833 0.0634423758917968
-0.019373023865119 0.0345774860474736 -0.041119447630096 0.0986465869188417
0.003452541419383 0.0391396748586089 -0.00407012402463974 0.126466977655709
0.00655497649426625 0.0485024238301385 0.030186026268074 0.138441781755173
-0.0023296314015684 0.0448236266921761 0.0315918951192596 0.131731795964543
-0.0177809862551102 0.0341910649780872 0.00425238042583409 0.114913064677421
-0.0319819997671203 0.016478232359563 -0.020746455372892 0.0943447868349142
-0.0383910168717098 -0.0142323129611134 -0.0553397487930434 0.0649833044386385
-0.0118236092754194 -0.0562772046695458 -0.0758873495806647 0.0146404150204454
0.0409538538873757 -0.0489732702290108 -0.0517720022150077 -0.0240341906156676
0.0640206502712541 0.00145376671643127 -0.0342118141525235 -0.0197474625945195
0.0703009246243634 0.0293544596768363 -0.0948002684634414 -0.0282945117764187
-0.0338535408591557 -0.0347705447001021 -0.156645402011055 -0.00808756447463634
-0.0391279575831139 0.00816872956023233 -0.107079976680421 0.0166313777560878
-0.00501170140002974 0.0298091057074343 -0.0787962918636172 0.0197035327677811
0.0180866171184483 0.0166157972097474 -0.0793951038675581 0.0565296323546983
0.0138454977530198 -0.00464238676729525 -0.048853673532965 0.110694681298453
0.00425843388113991 -0.00825086436485729 -0.00565918318801419 0.137052545950298
-0.0073902200666996 -0.00650065759765447 0.0262457536829367 0.146653493658424
-0.0157239568552238 -0.00982094285341116 0.0274725085551129 0.13424028499327
-0.0205393206713578 -0.0198296068940667 -0.000216051412624178 0.120095497734544
-0.00615068702690955 -0.023663548808442 -0.0309158756934705 0.0937820394404838
0.00870389430077491 -0.0260010430548983 -0.065900792388958 0.0568749011019163
0.0303575823850002 -0.0194361596002097 -0.074266425492003 0.00444555541461165
0.0419661313760272 -0.000828900941435523 -0.0512569114044815 -0.02980553740684
0.031397100911116 0.021307321954802 -0.0444779955232007 -0.0151166022242252
0.0157794510509322 0.0243668322037105 -0.11028173690654 -0.0297025636351451
-0.0913182106159157 -0.0130302238462654 -0.121454828865084 -0.00498578651952867
-0.0578837018623096 0.0600738288315035 -0.0733693361683586 0.00150157706402419
0.02629608588609 0.0755496052837423 -0.0723944962019743 -0.00908975249107822
0.0732712151139769 0.0187057287906566 -0.0870179595328609 0.035496358266543
0.0413310137009345 -0.0448140955828348 -0.0602702536039668 0.105221059078674
0.0011127226798018 -0.054453422404751 -0.0119544719346002 0.128291012556208
-0.0218259711145896 -0.0594246506805305 0.0172136828065314 0.132649005598303
-0.0264967592042055 -0.0613111214905341 0.020763921177325 0.115554597593616
-0.0197351084231808 -0.0708081436439745 -0.000431834746043608 0.106497270791714
0.0206021012718766 -0.0603522552049631 -0.0283828581410201 0.0802931551297028
0.0557560753861881 -0.034824799745461 -0.0567194532649814 0.0473887817261017
0.0693060563880489 0.0215552667631301 -0.0560084297245196 0.00769523041869384
0.0349600729484249 0.0500565954471414 -0.0454489623765137 -0.0155966902086984
-0.0119033057348209 0.0383451715225112 -0.0555481850352468 0.00304651889534074
-0.0465810996794226 0.0127498125173917 -0.1104801397601 -0.0151422344896199
-0.131308048197424 0.00692251999233662 -0.0746731990780144 -0.00718937786377805
-0.0699247984094891 0.0944225781969265 -0.0371006805612724 -0.0155735759468938
0.0479104789786246 0.106841077276252 -0.0545263472996305 -0.0370561344898311
0.113278577248796 0.0231107449396198 -0.0816539881395567 0.00361267103403116
0.0650689327454748 -0.0740501633274763 -0.0672267633756686 0.078992361555095
0.000678457432818598 -0.0911867531301137 -0.0218059756690649 0.0996736984119277
-0.0319666765412599 -0.103936757366968 0.00281895484509993 0.101269502306265
-0.0339251867065863 -0.104123112367187 0.0121801281610223 0.0808031594196398
-0.0200334005502012 -0.111841925369111 0.00293616986575995 0.0757653965885208
0.0384931178036951 -0.0943605412329311 -0.0162676423180884 0.0531216463945766
0.0951399112807034 -0.0493752921372901 -0.0322805777553595 0.0323362466474169
0.11037110114625 0.0547344185218381 -0.0236868762874778 0.0126124712860652
0.0314085867046306 0.101963532927815 -0.0260888380277298 0.00599902857823922
-0.0600049969830485 0.0632334666986379 -0.0511696984524638 0.0323062617028985
-0.109104978256583 0.00445022779469795 -0.0912727727974236 0.0127744187262166
-0.149369433968517 0.0212497057759976 -0.0288203379033342 -0.0152861570506921
-0.0749951261563132 0.104686616215622 -0.00346673342205877 -0.0272140308607295
0.0529232936725015 0.118742352213791 -0.0249611148378515 -0.0545670067722126
0.131145909518637 0.0304216940642261 -0.0599253696562897 -0.0308260235998052
0.0819616392639536 -0.0844237578359139 -0.0642480824380223 0.03674273725402
0.00504959775637758 -0.11155236221031 -0.0318208989484576 0.0550870421798033
-0.0346003077093738 -0.132487643933189 -0.0140413378828776 0.0555188150670011
-0.0372722884461672 -0.132184316810613 0.00050407076617966 0.0352173107548778
-0.0227355320512594 -0.136974294983322 0.005020749205926 0.0333188726201841
0.0419827755434487 -0.11883865359807 -0.00451191693902614 0.0152029036762669
0.115892212586726 -0.0688337187867312 -0.00587216590656865 0.00394312588192722
0.144073436891901 0.0687561622558324 0.0164193035456975 0.00445458319278029
0.037510612590897 0.142809357647378 0.0100699989347239 0.0169261049333241
-0.0933381426817053 0.0923986399346094 -0.0221046967038084 0.0576448532374944
-0.158115751441955 0.00544465447045595 -0.0445435287375574 0.0457257876008532
-0.147280789950622 0.0190273737273657 0.0136901228253338 -0.0182015965426602
-0.0825351467190186 0.0871489815485506 0.0262680282937299 -0.028748058079243
0.0308877726810045 0.118966908914392 0.0119085952504345 -0.0568562821726185
0.121770594405357 0.0532517232163734 -0.0216777074082699 -0.0575618414670387
0.0947031521459471 -0.0658978130520262 -0.0485154063876413 -0.0103714981781251
0.0192599478105412 -0.108458445272068 -0.033757357158346 0.00310351870759025
-0.0250932892844602 -0.139212256609148 -0.0266733371304665 0.00109804461854108
-0.0312264630333662 -0.14051742713002 -0.0111590999164172 -0.01605240064101
-0.0209439010442404 -0.141446463823682 0.00350878193495425 -0.0162915502034246
0.0353343018760376 -0.125044900892124 0.00335175055400692 -0.0291797356629297
0.112709362556963 -0.0813007971833005 0.0166792311511116 -0.0322809376412535
0.156402310398335 0.0624607293143874 0.0512958234682026 -0.0169063049470244
0.0484582781100507 0.155484497678916 0.0479280064099724 0.0109384812394768
-0.101118584206798 0.113771894478189 0.0238573563832796 0.0659758295560596
-0.179731124165001 0.011809918628743 0.020525830033107 0.0714125616785359
-0.130109426738554 0.00931602456479576 0.047488822458391 -0.0147977653007621
-0.090186785259693 0.054418741031431 0.0463501678992704 -0.0168961830281231
-0.00501463052487386 0.107389494191772 0.0457115795301063 -0.0382360556677903
0.0916163253756898 0.0756950774022338 0.0224717815995832 -0.0634287107674759
0.0950681629385292 -0.0325105330606646 -0.0172858860600643 -0.0473686507031622
0.0311101154141644 -0.0864612319337314 -0.023896922241585 -0.0460539412814518
-0.0131401908991694 -0.123766757324034 -0.0332569611386374 -0.0529734587793848
-0.024116049054641 -0.129854630385525 -0.022207259657562 -0.0661940344711915
-0.0198606163210216 -0.127661937208313 -0.00228387109703667 -0.064204409089038
0.0203367118700621 -0.114798222617075 0.00211674692870972 -0.0692324190054017
0.0885731453479188 -0.0858718417206843 0.0254091768369049 -0.0677705873725827
0.142734318163927 0.0389714860076622 0.0693061452128715 -0.0464962657507714
0.0587252628138083 0.135455842259385 0.0741305692252797 -0.0100348370442931
-0.078113585615192 0.114819454907629 0.0698025072512831 0.0531897615322388
-0.166895670933565 0.0217580368767718 0.0931249018609024 0.0816413755124278
-0.0984176189773705 -0.00268449234926253 0.0734135460011968 -0.000674036620903831
-0.0896019055919494 0.0183118746740217 0.0580702853578437 -0.000655583311326213
-0.0393950880145428 0.0819318112433648 0.0624118962933454 -0.0083298024872539
0.0482676227442928 0.0826962947577835 0.0572230266000468 -0.0448697945275734
0.0768885254286382 0.00412258691035918 0.0208058798180748 -0.0627894015210333
0.0357324694748574 -0.0500050112097647 -0.00261424245561514 -0.0819147093488042
-0.000316864917383818 -0.0863035073477977 -0.0304842227191214 -0.0984113914783974
-0.0129462945983204 -0.0975551716030945 -0.0304876723381425 -0.107374989715099
-0.0123738251398023 -0.0944215859206739 -0.0107084288367284 -0.103196015873955
0.00728055585037299 -0.0856099378127494 -0.00177187382410458 -0.0996714916531811
0.0544392942997039 -0.0714800871046021 0.0270307712533362 -0.0953670201901356
0.104353968066084 0.0133783177977085 0.0744567747761669 -0.0696978337564963
0.0558742999090272 0.0909770083465543 0.0847049988379559 -0.0281322319929134
-0.0397892200759291 0.0897484495485249 0.0997417031953105 0.0300866834387055
-0.121737826684861 0.0262727892695488 0.151506531762366 0.0737122829400921
0.0360772419099496 -0.0521247454978292 -0.17004017627335 -0.0217757512882808
-0.00607133175207262 -0.0499128260711812 -0.127664359295673 0.0160965000743468
-0.0339136809657982 -0.0276862134900591 -0.0824035504697711 0.0345700654714466
-0.0425572363806478 0.00659487698072108 -0.0704873179206199 0.0632788327343683
-0.0199809287728577 0.0349726796832033 -0.0417740420969799 0.0990881231007583
0.00357947402396097 0.0392529022955364 -0.00366636698458546 0.127875381520516
0.00692548947744905 0.0481484420051381 0.030826809188126 0.140236738639405
-0.00207882472355685 0.0454643532174609 0.0321527921615721 0.133398687012205
-0.0180531068284634 0.0347984882520728 0.00424555371534902 0.116188506576133
-0.0319492712359244 0.0165214985486389 -0.0214988034539804 0.0951111359646103
-0.0389666968782686 -0.0137805897923963 -0.0559390992826372 0.0647577034138777
-0.0123669587703997 -0.0566867138441206 -0.0763562297686522 0.0144410334052823
0.0405409616607648 -0.0493026659108926 -0.0514593198561411 -0.0240869222637878
0.0640829100374857 0.00122564275535255 -0.0343234471493149 -0.0195449955029623
0.07126641746477 0.0292072659813275 -0.0959929803653312 -0.0279809855825723
-0.0342259820327673 -0.034619262102891 -0.158167168797042 -0.00821150858114887
-0.0395419177245007 0.00798970800992803 -0.108289197611232 0.0170693132445762
-0.00490262815738207 0.0298148095006453 -0.0796588934767067 0.0191363484362704
0.0184485158702553 0.0168267198024146 -0.079629634312889 0.0565983884077216
0.014028710417779 -0.0048916399953726 -0.0497728426357189 0.112347927160789
0.00419814925755203 -0.00831577758285884 -0.00556674801633435 0.138608889202958
-0.00776649279062736 -0.00626619489472862 0.0269611855492573 0.147985723375758
-0.0161045494208928 -0.00949538223658854 0.0279812279054917 0.134658788168318
-0.0208407807157066 -0.0203863783898397 -0.000219897912926846 0.121535207207787
-0.00620258425667456 -0.0239102409326195 -0.0309586983699092 0.0946711123237319
0.00877208169832197 -0.0262920025133182 -0.0663599944708101 0.0572645203095358
0.0306513945236001 -0.0190465884944214 -0.0745430933261393 0.004211985328859
0.0418625902690621 -0.000759975563213965 -0.0511034266628804 -0.0294628509310368
0.0317228565374714 0.021366508681836 -0.0445717339020464 -0.0150680720020457
0.0158195620512359 0.0243988135001718 -0.111227614064335 -0.0296725884592017
-0.0924388891539185 -0.0128455397467729 -0.122748028110204 -0.00509572372143809
-0.0583257344653881 0.0609053137258084 -0.0737502316225509 0.00175276516009509
0.0270967099694583 0.0765264422607574 -0.0727140048779417 -0.00949850726486924
0.074464580951652 0.0186194315845986 -0.0879017053211985 0.0355585696451581
0.0417942787956318 -0.0454902759026067 -0.0608794163370796 0.106238388248394
0.00129841318732219 -0.0547329858063337 -0.0120302000990543 0.129623253663609
-0.0219262793309383 -0.0600080485626503 0.0175196258172119 0.134263481021971
-0.0268426348709027 -0.0621466519349099 0.0214400899539849 0.1165402244755
-0.0197832081574875 -0.0713358308638111 -0.000715512613108155 0.1075633830905
0.0209606702204722 -0.0610058000308192 -0.0284201966134866 0.0808250814560493
0.0567259017106283 -0.0351422870688321 -0.0569707082753865 0.0474967076339671
0.0699751364625097 0.0218819781637313 -0.0565471904437822 0.00732595729115598
0.0351756736960407 0.0505377985908206 -0.0459359805197783 -0.0154731434399485
-0.0123985482299564 0.0387113104849498 -0.0558890689398385 0.0034092278455591
-0.0469887232481131 0.0129306617993315 -0.111586615659354 -0.0154225111094781
-0.132752527619361 0.00731678887858816 -0.0754027964574666 -0.00760434923225847
-0.0704049189291034 0.0957465741556305 -0.037561348033655 -0.0153983108931836
0.0486781122007047 0.10730417990146 -0.0550803755152774 -0.0374063418325219
0.114942923088714 0.0230722379578553 -0.0826901496895444 0.00301831014520055
0.065959913095461 -0.0748373613133272 -0.0681545210194033 0.0797512545366059
0.000396056063126773 -0.0921169454226477 -0.0223150457721977 0.100780669561043
-0.0321513723492321 -0.104113813522604 0.00320862472591227 0.102116967867106
-0.0343630372503924 -0.105471872260248 0.0125719317300431 0.081558720680351
-0.020069367426935 -0.112815117112241 0.00344988651970784 0.0764775693972367
0.0392002481574988 -0.0949808302852881 -0.0163913177827217 0.053326541646262
0.0964618681875651 -0.0498845849681097 -0.0323470648235345 0.0325789148564638
0.111528271417418 0.0555508038632805 -0.024000485520104 0.0128120051067983
0.0316746471814783 0.103434107304047 -0.0266199321494889 0.00620163973822502
-0.0611582082260419 0.063756858991424 -0.051843023328546 0.0326414196902618
-0.110572457989337 0.00479362513836961 -0.092149939527745 0.012862619480263
-0.15103661988234 0.0214480669592171 -0.0293090470971493 -0.0155212099598543
-0.0755385272300691 0.106101004478237 -0.00343075789682695 -0.0272129488113173
0.053616453740304 0.120002914918506 -0.0253777109920063 -0.0557535783691549
0.133435120453275 0.0305853622196736 -0.0606635297097806 -0.0318409970843646
0.0829341704740968 -0.0852575448216031 -0.0650652974380816 0.0372970256440279
0.00494400120622897 -0.111903900880939 -0.0318646737592544 0.0554715096945355
-0.0351821920881771 -0.133536244903584 -0.0138042148388538 0.0557535146264241
-0.0378323344311143 -0.133669405482782 0.000668691460535148 0.0354758221866166
-0.0228468380302034 -0.138257285216537 0.00540613497609088 0.0332471426187324
0.0424813298048156 -0.1201537812665 -0.00457236790015952 0.0154777181016041
0.117425924288533 -0.0695956237780644 -0.00536842893050066 0.0040395998244592
0.145608751262678 0.0694910594146369 0.0166853564287072 0.00429263212131345
0.0379286724414776 0.144469088346947 0.00988987433962519 0.0171218094745893
-0.0946947254938165 0.0934874015971725 -0.0225700235975424 0.0582812472091875
-0.16034679436276 0.00539293428935869 -0.0448695912945868 0.0457499564765383
-0.148480546854714 0.019748109862485 0.0141424814021357 -0.018681286272552
-0.0834393890720722 0.0882776907692095 0.0260438302871713 -0.0291993793111113
0.031249008306889 0.120092419359554 0.0119129462367993 -0.0576141197230898
0.123213669201868 0.0535083787684257 -0.0223007145110068 -0.058283273616067
0.0961676964688778 -0.0666462296621482 -0.0492926440956696 -0.0103637688472946
0.0194702084647394 -0.109134555647841 -0.0339150782042125 0.00305174304448757
-0.0249989288383167 -0.1403621088464 -0.0267103571233742 0.0011367149785239
-0.0314381088353719 -0.141966790730314 -0.0113445105280596 -0.0166974203001153
-0.0212943240953592 -0.142662125618271 0.00364870192715869 -0.0166958716748597
0.0359849014478262 -0.125887358628288 0.00316595000326857 -0.0294130307622372
0.113844112908566 -0.0821704840547619 0.0169521752963491 -0.0323893101091026
0.158345846201008 0.0628964837877335 0.051968117470311 -0.0173008768681094
0.0494422140320104 0.156918947169484 0.0480601646272404 0.0108986287398202
-0.101876434050177 0.114777794202711 0.0235952220450239 0.0664667821329985
-0.182150230843459 0.0126203337088633 0.0212121828398373 0.0720809914735735
-0.130930858234492 0.00975798973961868 0.0481946554540805 -0.0150677641749373
-0.0910215477918694 0.0554163682996688 0.0465408362183745 -0.0170525672885143
-0.00553808889240459 0.108246638730845 0.0458880626576836 -0.0387229881553486
0.0927635526379924 0.0764982568613007 0.0223996944404332 -0.0634963798114551
0.0959848090920407 -0.0327793599590352 -0.0172898972675664 -0.0471037976771508
0.0313931589839669 -0.0868695138827382 -0.0238442243762558 -0.0463965590932111
-0.0135279609066298 -0.124527754209573 -0.033340508337705 -0.0535898164344497
-0.0248329444376005 -0.131038592998292 -0.022738195160406 -0.0667698833049424
-0.0200982367843776 -0.129005760591271 -0.00213258991838503 -0.0648530998434315
0.0202011706009855 -0.115647547140284 0.00208500792578909 -0.0698284360562637
0.0898877328121934 -0.0865324067396384 0.0259073906886989 -0.0685306258888877
0.144528059750143 0.0392384130963385 0.0703964160663768 -0.0467241325514572
0.0592986166735114 0.137241396472607 0.0747391151043556 -0.00980685655320858
-0.0788106286694585 0.115926299143326 0.0703358407670378 0.0535504606184011
-0.168706800318006 0.0223713021056724 0.0945462094311753 0.0821185736978667
-0.0988561965266142 -0.00231981014156557 0.0738940370661502 -0.000730992422612226
-0.090464316983538 0.0187720757727339 0.0582283739541843 -0.000429555173117196
-0.0396842528682567 0.0830744141547807 0.0625161510408162 -0.00829014605676849
0.0490697762892653 0.0840045069901446 0.0573629747869325 -0.0448203190602236
0.0778894622100119 0.00397061512363138 0.0209174886408504 -0.0627428915973497
0.0359203958147092 -0.05002557605668 -0.00256269023205415 -0.0827119298469441
-0.000287460856429647 -0.0871495368475931 -0.0311184443818063 -0.0992030413651207
-0.0137046209394573 -0.0985545394012553 -0.0306805161203799 -0.108441662498187
-0.0124175976098012 -0.0952769861757711 -0.0107521242935644 -0.104251065423728
0.00740566337811049 -0.0864263558990328 -0.00203414327552596 -0.100697418559134
0.0544682390850285 -0.0720485541937787 0.0275397347586014 -0.0959892789813683
0.105621073670564 0.0127428289342968 0.0752240057453799 -0.0698556165781853
0.0565808530669819 0.092076401989424 0.0851396888094966 -0.0282179561140838
-0.0401153613123143 0.0906631307456624 0.100391234226411 0.0308005776862798
-0.123044207902869 0.0263250555237651 0.153587865290762 0.0738128546043727
0.0363389088065293 -0.0525475197099328 -0.172043205987375 -0.0216123371018876
-0.0060350432683176 -0.0501001863745775 -0.128556274016114 0.0161560444278609
-0.0344065891163433 -0.0282365599260474 -0.0830996140790591 0.0349003441130597
-0.0434554304210031 0.00646981878287295 -0.0711209962957662 0.0641614621959135
-0.0200929707215308 0.0352493808904358 -0.0420616112610183 0.100143346636557
0.0039141825600259 0.039398495253006 -0.00415601842406453 0.129288654050637
0.00724351963112611 0.0488490175677731 0.031637945976477 0.141898445579095
-0.00167855370286402 0.0461568188547575 0.0328298750004817 0.135323236967119
-0.0181575467448 0.0349695887080127 0.00436113839382031 0.117207815835464
-0.0322120451863843 0.0168207006053843 -0.0211068416497618 0.0962265125864068
-0.039615855081941 -0.0138778926638539 -0.0565478434173562 0.0651983902363092
-0.0128833329470565 -0.0566337063603253 -0.0768274813241612 0.0145421323868931
0.0408925081045378 -0.0496255380570685 -0.0515053801127626 -0.0245588639295497
0.0649276079143318 0.0013928198817333 -0.0346388007873485 -0.0201491478141299
0.0722370806597382 0.0294359565848598 -0.0971579902175996 -0.0283197306801585
-0.035026433294554 -0.0353155112580773 -0.16066375064428 -0.00848472906265331
-0.0400489918183809 0.00853335042712813 -0.108937204404557 0.0173240081708991
-0.0048172238674426 0.0303685780999123 -0.0806621658843324 0.0190476298200865
0.0189468150313635 0.0162822188413327 -0.081413559783605 0.0574004313324371
0.0143281767298145 -0.0051480972170987 -0.050401080922188 0.113414150219922
0.00426490684237381 -0.00883126204762466 -0.00544006679182428 0.140488344444784
-0.00752372485431386 -0.00691531869829011 0.0279324132959666 0.149461032250389
-0.0155599524198065 -0.00965444823560563 0.0284301164690484 0.136598014889232
-0.0205364037999444 -0.0206067013955447 -0.000282057984719958 0.12244768447358
-0.00591071768918863 -0.0236568138685426 -0.0314333099143152 0.0957880375356343
0.00906320244817591 -0.0260777434029417 -0.0663332937802948 0.057500500728133
0.0302780200794399 -0.0193009561622784 -0.0751814953091233 0.00385675712036443
0.0422882225560591 -0.00108712143592865 -0.0514967603445814 -0.0301161885263753
0.0315560451344674 0.0215321220612895 -0.0442999865916563 -0.015340702659692
0.0158843337291837 0.0247881074361336 -0.112881445527659 -0.0297697055529777
-0.0940039000227214 -0.0125731144419099 -0.1241009839655 -0.0051760579645597
-0.0587239592669498 0.0619042296366751 -0.0745673939275343 0.00144864924971472
0.0276611344092384 0.0772921841819823 -0.0734473962808783 -0.00988882424019633
0.075526955934061 0.0186807229658527 -0.0891035242969391 0.0360046582166824
0.0422825589149891 -0.0465024212632724 -0.0616135824157916 0.10752482665708
0.0010314805268004 -0.0557395681484707 -0.0114889909664157 0.131193498008283
-0.0220820900950835 -0.0607324049934598 0.0181203321102555 0.135253141495343
-0.0273695006584709 -0.0628023926745373 0.0216669873544769 0.117885601998675
-0.0201597098974891 -0.0721909372806398 -0.000444081993819315 0.108456433733926
0.0215528820555319 -0.0616447479676955 -0.0287604048275892 0.0816853947787786
0.0573074170797143 -0.0355999935438241 -0.0576716284120897 0.0477723038152685
0.071004119841895 0.0223589053373801 -0.0570436386675225 0.00723296206856609
0.0352531982218731 0.0510144688237872 -0.0465395055300148 -0.0160808630364359
-0.0126975830938098 0.0392688561759323 -0.0561922682839936 0.00344506529244661
-0.0476881018751229 0.0134223380698281 -0.113258290972226 -0.0156693768170642
-0.134824449806125 0.00788866717267211 -0.0761631104092271 -0.00764071544553254
-0.0706646221205463 0.0971109562377822 -0.0379251845722433 -0.0158144881567223
0.0497682961885773 0.10866068068721 -0.0557796522454834 -0.0379681057325303
0.116987509344004 0.0229317045030742 -0.0839635647373281 0.00307076414917252
0.0664101658813579 -0.0760492407240487 -0.0686819375603807 0.0811481260694709
0.00047926685096262 -0.0931494065260295 -0.0222214058981202 0.102093034121532
-0.032567406171357 -0.105555203935912 0.00396856390495431 0.102758809120458
-0.0348322146211358 -0.107034086473892 0.0126747175268308 0.0820652814459791
-0.0203157294171396 -0.113856773923459 0.00364371333473629 0.076831630597413
0.0398805090517171 -0.0961204226439485 -0.01656136008296 0.0537411615027338
0.0974536968919974 -0.050352253951037 -0.0325738628131467 0.0327919126370634
0.112670512363388 0.0561570097268814 -0.0239114730585977 0.012577346498072
0.0318912434879316 0.104389066165534 -0.0270766840298196 0.00568104224268018
-0.061464669978334 0.064345539390147 -0.0524574257901064 0.0327012210456559
-0.111766933518958 0.00481954722520876 -0.0932014666646674 0.012772444709187
-0.153098939152576 0.0220894854338601 -0.0296486912805726 -0.0159319070454186
-0.0763658473010604 0.10764486900696 -0.00368172718447309 -0.02774797793858
0.0544927827535212 0.121529026017508 -0.0253317181350424 -0.0563976465993137
0.135096031288331 0.0309063897743316 -0.0612934362302848 -0.0322013350307163
0.0837250524642521 -0.0867553869870058 -0.0655471200616602 0.0381596762660358
0.00537873134547351 -0.113370578288148 -0.0323277134551515 0.0567906722948067
-0.0354620847249165 -0.134591089477395 -0.0136460375184145 0.0559854434461026
-0.0386909039296829 -0.135244504525019 0.000776015503707044 0.0357598428282152
-0.0233956366654179 -0.139886116089561 0.00539586986619349 0.0337093725658357
0.0431014819533609 -0.121544291864497 -0.00444317497118766 0.0154050671743029
0.118093286549743 -0.0701946377909891 -0.00518787542622012 0.00435492086213872
0.148289698000945 0.0707627561286344 0.0171454193182494 0.00411311878537336
0.0387180818291087 0.145735334280195 0.00936756398995568 0.0171064942599178
-0.0956340348726842 0.0950436466631566 -0.0227399929336343 0.0586059288713704
-0.162120640882266 0.00572894927845213 -0.0453039462598059 0.0460441056764754
-0.150789519909247 0.0203809542899635 0.0143083791077947 -0.0193573044813699
-0.0843086509403173 0.0896739229857565 0.0264388555286718 -0.0294510754191957
0.0314941047588977 0.121878170949118 0.0121396721356031 -0.0580016931685885
0.12506440470379 0.0541396185930328 -0.0228183002954286 -0.0589739236357981
0.0972541967300126 -0.0671947490832682 -0.0493127786019262 -0.0101220035867649
0.0197142751990299 -0.110565686911141 -0.0344350137253299 0.00313847992088174
-0.025705334453165 -0.141415183426769 -0.0269287108657768 0.0011814456423829
-0.0321171232016589 -0.143821681153226 -0.0114141388120679 -0.0170617196507391
-0.0216234522894101 -0.144227942558738 0.00381439573570917 -0.0172323472387264
0.0363120438671343 -0.127494674568946 0.00280407492305478 -0.0298760241922679
0.115041313545387 -0.0829973578186066 0.0172822848966432 -0.0327253847129989
0.160214126941686 0.0635451568199304 0.052574967365844 -0.0177673658222223
0.0500546399619185 0.158963280471284 0.0477278130283489 0.0108769240960203
-0.103431379199939 0.116262712454107 0.0236915334913969 0.0671460334344553
-0.184148875161596 0.0128021649235306 0.021495437948434 0.0720753925624717
-0.132229857786534 0.0102009066699899 0.0484835917710444 -0.0153400215154652
-0.0920449650117983 0.0567088748466279 0.0469052483131944 -0.017870195105764
-0.00536431245346171 0.109938192136106 0.0461945149115783 -0.0391366046006395
0.0945234895276314 0.0774298783895992 0.0224291636573261 -0.0644261259578297
0.0977014527391695 -0.0332505829329556 -0.0174767518761686 -0.0474096128346843
0.031930683906688 -0.0876410211668444 -0.0241662090283866 -0.0463234428448733
-0.0139715197923925 -0.125946242791011 -0.0341632614823436 -0.0541373869642948
-0.0256491599804971 -0.13248152212692 -0.022868853047317 -0.0678293233747657
-0.0200882337430295 -0.130047444760974 -0.00196994189771377 -0.065671647250345
0.020377637883264 -0.117022042246609 0.00223570098406099 -0.0706268834301728
0.0908328543726457 -0.0874965711488651 0.0263095135953512 -0.0693693162904321
0.14688162777647 0.0394745692056355 0.0712385956425222 -0.0471328554391759
0.0601411040821356 0.138281661524212 0.0747081738076894 -0.00984198659120046
-0.0796836580948609 0.117171512592983 0.0705967129410634 0.054247962459118
-0.170892858821745 0.0227604631265177 0.0960144789746981 0.0826536142894859
-0.100229850625595 -0.00236678965789587 0.0750024313156462 -0.00106781629258743
-0.0914958789973569 0.0192486699657201 0.058458314136195 -0.00100558396858027
-0.0399364244307447 0.0845311187617369 0.0628711298111389 -0.00890340774347359
0.049993528253894 0.0848325772558753 0.0575023938584768 -0.0451636092210891
0.0788825192081323 0.00373797106712288 0.0210304830542372 -0.0628967239699178
0.0364019346675843 -0.0507975483954395 -0.00274805982801725 -0.083309405941782
-0.000375985328238503 -0.0880396019708955 -0.0320759613289907 -0.100217145778583
-0.014028269185314 -0.0994188501424747 -0.0314472058739765 -0.109654752043991
-0.0123627875370497 -0.0966840914173707 -0.010976750010525 -0.106223561234976
0.00757452566539584 -0.087038095418781 -0.00156903571836483 -0.101925176386543
0.0551947934269991 -0.0732612237803666 0.0280414416410518 -0.0968586571834818
0.107339458616889 0.012970947975516 0.0758878803605241 -0.0705992140778658
0.0576423172611005 0.093088683482371 0.0855223007488068 -0.0286836471323868
-0.0406536110328808 0.0914028754774393 0.101444104422309 0.0311742052855312
-0.124362094709316 0.0267228090724228 0.155894359710632 0.0743342943426703
0.0364902809473129 -0.0529436486405156 -0.174848732181183 -0.0215181608718638
-0.00623491481579213 -0.0507073013986715 -0.13012992241661 0.016944403268439
-0.0348994407406107 -0.0287534961075386 -0.0842000740269055 0.0354659811104386
-0.0440863808116795 0.00662812633650044 -0.0723683045270265 0.0650374619688376
-0.0200864105690389 0.0357633483180089 -0.0431252717018497 0.101566255793401
0.00387228891058903 0.0396851437620929 -0.00324250808771835 0.131055800835662
0.00775697617057873 0.0493900202176503 0.0326903316131848 0.143449706909795
-0.00171611891776548 0.04661514118992 0.033926741791623 0.13626092013103
-0.0183219945713865 0.0357556580529824 0.00458598874953195 0.119267451400844
-0.0323470305210469 0.0175708059888749 -0.0213437208151763 0.0966978534755263
-0.0401273673226459 -0.0134375670045476 -0.0572001611619033 0.0660602591783822
-0.0130556412157381 -0.0574624125575174 -0.077875840479863 0.0141086872255732
0.0408884311805641 -0.0508693467882936 -0.0519936439472967 -0.0247723216206769
0.0655661284020993 0.0011336007079089 -0.0345854697384406 -0.0202828226586866
0.0730951901713421 0.0297266217235091 -0.0990499841948318 -0.0287061307141931
-0.0355760348737629 -0.0352597004431735 -0.162631976832902 -0.00833894124898579
-0.0398378603769767 0.0091190541901149 -0.110256570619579 0.0174834891102183
-0.00456878815124797 0.0303814261166975 -0.0819411914210191 0.0191715687026895
0.0192150016892157 0.0163968495584136 -0.0824677187580394 0.0574996219498907
0.0146642922414844 -0.00529905846059242 -0.0506653321778263 0.114550951689704
0.00389045983513007 -0.0090344387333929 -0.00518980838360467 0.142313134056543
-0.00739901260135289 -0.00710415664125773 0.0290274178159409 0.151643560464866
-0.0162509107321904 -0.00976325803789317 0.0300487837205167 0.138245700130488
-0.0209616941309665 -0.020862344711722 0.000116399126217266 0.124084404180303
-0.0062075289060416 -0.024013973806755 -0.0314870060751602 0.0965740950496425
0.0084495733921156 -0.0258104300027688 -0.0674465046705614 0.0577663959158402
0.0303960589790874 -0.0188604251538286 -0.0757937049804531 0.00413863220974506
0.0421798112110331 -0.00111162965653546 -0.0518040446939076 -0.0302835527603558
0.031933761424671 0.0217222751904416 -0.0451024314763519 -0.0156249960431008
0.0162727640372989 0.0249799382100628 -0.114669733667674 -0.0292672466860772
-0.0953769011927851 -0.0123131219805363 -0.125749463593244 -0.00492664170621272
-0.0593119783216024 0.0631034186446673 -0.0757778119827814 0.00203946908257372
0.0284815345667036 0.0781160422702789 -0.0745685712995876 -0.00977339880883307
0.0770331047679666 0.018525492230468 -0.0906321481914049 0.0363306019483211
0.042791447024474 -0.0471944076013198 -0.0617098570046092 0.108994628341864
0.00110866056710566 -0.0564890253603354 -0.0114946209607444 0.133146776218138
-0.0223843910986764 -0.0614253528109915 0.0192190444266285 0.137064129667615
-0.0278300464432317 -0.0634918847346969 0.0225866572824857 0.118986602827127
-0.0200263009017739 -0.0725714131656077 -0.000120472679359355 0.109981589817291
0.0219835675715399 -0.0621806459263393 -0.0292022136250901 0.082701083797536
0.0580774848324953 -0.0357346806471583 -0.058262265401316 0.0482892292513483
0.0719242837973996 0.0230597341303593 -0.057314155763406 0.00733539039555641
0.0352224531531569 0.0521420848823488 -0.0468875387000368 -0.0160606886200958
-0.0132531747257709 0.039824640711772 -0.056536933638766 0.00343657925266391
-0.0484870852902336 0.0137421321294872 -0.114740531006016 -0.0153629373635616
-0.13673938546267 0.00841300293600166 -0.0772458109700029 -0.00756356766332192
-0.0716508454583052 0.098689353017946 -0.0382066282648068 -0.0158883895275296
0.0509683904592042 0.109949039185021 -0.0564151077674418 -0.0387975570125516
0.119247082782729 0.0231215664279824 -0.0850494655569397 0.00260603649527245
0.0672780522125162 -0.077016226595802 -0.068777501475022 0.0820377570050004
0.000126738135133749 -0.0941373380952792 -0.0221570631918597 0.103738688900569
-0.0332040221059476 -0.106852114231172 0.00415947859372193 0.104177181875187
-0.0358321317259538 -0.108462286353946 0.0130803081228519 0.0833709996025773
-0.0210743128692748 -0.115106101309423 0.00393583918643662 0.0783845625070796
0.0403125841458884 -0.0971312404976846 -0.016505976127015 0.0544488135736856
0.0987771153927824 -0.0512031942770994 -0.0329950873323633 0.0328574206529743
0.114869811798716 0.0569516850294598 -0.024288410600227 0.0124361733283792
0.0324790511636922 0.105531116472376 -0.0275876454254329 0.00595756538840303
-0.0625314168464104 0.0656092066342618 -0.0527209899393526 0.0329184136636549
-0.113480783823288 0.00538380082554249 -0.0943804500457862 0.0131254591199669
-0.155119553908809 0.02273499018642 -0.0298009812827771 -0.0165268461262884
-0.0770068387348064 0.10966456935379 -0.00386376226780163 -0.0279244710266842
0.0555781717666039 0.123126061539351 -0.0259207524198194 -0.0571246569258367
0.137708621345731 0.0309901732349231 -0.0627231965589537 -0.032797787432867
0.084600912279297 -0.0876687079950359 -0.0658936533209789 0.0386674103688594
0.00548402974523106 -0.114639875613544 -0.032467077089097 0.0575146061764568
-0.036547821084141 -0.136291785857201 -0.0133581060323987 0.0571544497440734
-0.0397193043671788 -0.137014973753373 0.000803345918268805 0.0362055831126698
-0.0236198134647547 -0.141451802867671 0.0056864658484069 0.0339960474681712
0.0433382259165365 -0.122955353649055 -0.0044846441636707 0.0153598087093047
0.119800501939593 -0.0709725613128229 -0.00502518933237358 0.0047099177072175
0.150273305645882 0.0711450228882691 0.0171671520470111 0.0044051209038675
0.0394122370246679 0.148048392706796 0.00927244904214398 0.0171640453560722
-0.0971526651374047 0.0960650790702721 -0.0230344200659524 0.0592069571178363
-0.164543135098872 0.00650950640593786 -0.0457826535918467 0.0466298373120665
-0.152581827719815 0.0210369519729409 0.0140522227963026 -0.0197027523576115
-0.0852255534021276 0.0914436672044352 0.0265413915700898 -0.0301546108986132
0.0321276285050349 0.123600754557059 0.0122265412925076 -0.0593305135387045
0.127962905401987 0.0551550206479865 -0.0235304020399798 -0.0602802278779952
0.0985502175261249 -0.0681652817171421 -0.0497724079224607 -0.00940878799239847
0.0198513318454016 -0.111355458097027 -0.0349751254175515 0.00358452524870164
-0.0267715373124721 -0.143595196439661 -0.0274878410701082 0.000772816407752447
-0.0330748886421405 -0.145769870892933 -0.0119718881929069 -0.0170115507689759
-0.0219635253854081 -0.145728521815581 0.00451297437534409 -0.0177485609258856
0.0367110325532498 -0.128996431554311 0.00322190859673182 -0.0301477047686355
0.116660193815195 -0.0846079821807788 0.0176510374093665 -0.0331996707276412
0.163208495279234 0.0643938127846091 0.0529982796465289 -0.0180296046546797
0.0509372876142839 0.161029944514317 0.0484402314145829 0.0111974233845808
-0.104678464506051 0.118330414688342 0.0239609817205115 0.0680142130227097
-0.186739385401364 0.0135011122027791 0.0222360811108315 0.0729309908978252
-0.1339747847638 0.010294249723053 0.0491718510480113 -0.0157263114018376
-0.0931694100543285 0.0577081996244599 0.0471133159184089 -0.0183089762956498
-0.00527827870065481 0.111644261263726 0.0464873104992583 -0.0395983343511146
0.0962772560667888 0.0784173290526635 0.0220642637144629 -0.0649687750371012
0.0990212557962947 -0.0337356471135594 -0.017790150490138 -0.0475224359598158
0.0325433708243986 -0.088505072541355 -0.0244709504621078 -0.0471510250522906
-0.014628003695087 -0.127327910988363 -0.0348147331908371 -0.0544572624978249
-0.0264535586304835 -0.134153623688906 -0.0233966069051651 -0.0684720284235788
-0.020690185498148 -0.131662152680123 -0.00220108522289868 -0.0668146377129478
0.0207276587026567 -0.118676260219239 0.00209309513401556 -0.0718787742518568
0.0916541587956772 -0.0887087110092222 0.0270316318884351 -0.069799786952673
0.149075733502185 0.0397360461097806 0.0717818786058934 -0.0478071862849843
0.0611937592111585 0.140530755609239 0.075187407799663 -0.00990793040740513
-0.0802866592842067 0.118691517367146 0.0717100433763835 0.0548660527132841
-0.173456634548868 0.0235564029567781 0.0978533807555228 0.0833735104630252
-0.100920261009278 -0.00254120192330258 0.0760010953362707 -0.00176217823871071
-0.092678279773616 0.0201297027592744 0.0592022548328838 -0.00148131790298138
-0.0401984072228074 0.085951713458934 0.0630874046237967 -0.00904017276969508
0.0511087359883629 0.0857440045081151 0.0577385081009157 -0.0457341248385869
0.0800942927475143 0.00331090615710297 0.0213157035710966 -0.0629659665596919
0.0370230932804962 -0.0512435713111974 -0.00298757085538728 -0.0840319044953375
-0.000481719028659711 -0.0889136685413087 -0.0328751993441106 -0.101207514829653
-0.0145684905774648 -0.100358791881306 -0.0319787175552516 -0.111054290139956
-0.01303008132373 -0.0976196629438655 -0.0106591890016464 -0.107442507709753
0.00745949315422651 -0.0882053327487373 -0.00191906446919369 -0.103339044537187
0.0557931690254514 -0.0740509208143873 0.0285025729201965 -0.0977217476929003
0.109081160944885 0.0124662349130079 0.0767943123292397 -0.0716776636566142
0.0582849514058547 0.0938480734054852 0.0862531844257828 -0.0282211564017536
-0.0410095001301128 0.0927300211382627 0.102532562585488 0.0316260475021082
-0.126146987932271 0.0272568728153815 0.158102024962797 0.0743346846410788
0.0369872185507484 -0.0533665187398994 -0.177408005593044 -0.0214156128962474
-0.00624158564950189 -0.051404825036296 -0.131856717082229 0.0177264573476334
-0.035021494631929 -0.0293375111010269 -0.0848345322445704 0.0356930097477306
-0.0445142234821053 0.00626892399998409 -0.0737369160002317 0.0657264886711207
-0.0203560206601327 0.0360273117313219 -0.0444061449576556 0.103147961877255
0.00407557787416146 0.0400925331012302 -0.00292241620708429 0.132792197207987
0.00856422328972354 0.049990818451194 0.0337527279859379 0.145327581059829
-0.0012632434852242 0.0470222384410343 0.0350329875080165 0.138367598661364
-0.0185149985741556 0.0363872928916548 0.00499757742608356 0.120700857704151
-0.0328896800970296 0.0176845944946025 -0.0217344343815173 0.0980761551241412
-0.040536663211342 -0.0134385093650717 -0.0574633455882319 0.0660726426993152
-0.0140908592024265 -0.0581371572356026 -0.078681111362799 0.014767815251897
0.0412264725383901 -0.0513788695729822 -0.0522027709743051 -0.0246331508238848
0.0660931309245224 0.0011659676045681 -0.0348566820278638 -0.0205000735915968
0.0743307091845572 0.0301230161450387 -0.10060430335575 -0.0280112075625675
-0.0364359649215032 -0.0352044507666315 -0.165066479109144 -0.00824085573190774
-0.0408987814407969 0.00906352726653469 -0.111830162334945 0.0185875854736406
-0.00411936614044535 0.0308229147102973 -0.0830155022947646 0.0191215037641285
0.0198107899648292 0.0161405713890552 -0.0839228613680932 0.0584768675319157
0.0142596030586044 -0.00554318606046432 -0.0512580551080127 0.116428218602571
0.00433905807618527 -0.00947176467606897 -0.00442927891744586 0.144778513144063
-0.00730852290355354 -0.00710236642470596 0.030511064837555 0.153475951482016
-0.0163744396710955 -0.00991551570269981 0.030740997245086 0.14037356822925
-0.0213603469458115 -0.0206155140202005 0.000537775555976954 0.126081882382568
-0.00588261411262047 -0.0241956988833204 -0.0317027028636443 0.0977470993530775
0.00899338216661189 -0.0261755306048949 -0.0688696879057916 0.0584099966877488
0.0302540087886861 -0.0191717372704842 -0.0769589412760987 0.0042699915271141
0.0426639617024935 -0.0012149085233693 -0.0528472218015525 -0.0305083314765466
0.0321559052463394 0.0217064612035422 -0.0456626576812137 -0.0160519171770776
0.0162004988183252 0.0254401891828797 -0.116552870687782 -0.0292578571166736
-0.0972200336915234 -0.0116638396504962 -0.127783484653643 -0.00510827832519875
-0.0598899424971512 0.0643994685877083 -0.076729303127818 0.00232710298343166
0.029766476089661 0.0791833445665057 -0.0760145839168154 -0.0104065021012928
0.0787088126816457 0.018324023292326 -0.0923166976246377 0.036709718221365
0.0427957860423307 -0.0483158807225611 -0.0626099089012013 0.111059654923679
0.00102678908597508 -0.0573150634143237 -0.0113229003145674 0.135268714514529
-0.0226703796453955 -0.0624704826907495 0.0205665736641297 0.138954060660009
-0.0284135243974367 -0.0644266504865839 0.0231779742212676 0.121056127800417
-0.0206828821971481 -0.0737174654647394 0.000322357026004808 0.111477622544863
0.022249279435496 -0.0632003087372906 -0.028945733341716 0.0834006526366817
0.0586840026954926 -0.0363168862145433 -0.0587543743507496 0.0486529331155012
0.0730165376833957 0.0234710659667422 -0.058365340833557 0.00728557225147745
0.0358983623510333 0.0528008929115901 -0.0475658118956457 -0.0160378127142357
-0.0133601841174451 0.0404823683912917 -0.0573745213927827 0.00339113264244459
-0.0492114929139972 0.0143323102194851 -0.116541147771896 -0.0151424100187522
-0.138537874508616 0.00933307622705365 -0.0786247642408698 -0.00803747240989866
-0.0722547177681985 0.100570006528244 -0.0390011919274015 -0.0162385607653574
0.0522202718579675 0.11173373771722 -0.0572688587081734 -0.0396247220068324
0.121707575474286 0.0224957518381577 -0.0868836043910452 0.00258573882314988
0.0682514801414961 -0.0785116647596431 -0.0701524791779828 0.0835585194304908
4.43904848198996E-05 -0.0959456648713883 -0.0222571009725723 0.105186144760151
-0.0339263801186841 -0.10833085870472 0.00501854644029501 0.105567786949116
-0.0370807931258616 -0.109708799458865 0.0132727065553073 0.0845781579383741
-0.0214120255368187 -0.11635694243836 0.00420557412267622 0.0789965844294105
0.0409097768410715 -0.0988539513651268 -0.016358701569591 0.0552580603974009
0.100201238124552 -0.0515968779922266 -0.0329556445755521 0.0334499898009663
0.116789372997798 0.0575973931653757 -0.0245585883674704 0.0127577535760453
0.0330282332336876 0.107235652276165 -0.0283234173662557 0.00618229502218452
-0.0632865079183649 0.0667681330827842 -0.0533193851084418 0.0335444591145894
-0.115526799319323 0.00593868341864641 -0.0958319401023922 0.0135948185805845
-0.157199229674361 0.0238430353123647 -0.0305569555594744 -0.0169543580261375
-0.0779023383599521 0.111308508050099 -0.00443087423279553 -0.0284718440725429
0.0573027254209914 0.125062925437613 -0.0267414352158419 -0.058263755999814
0.140230594514751 0.0311372407285585 -0.0638092040526916 -0.0334124978670764
0.0858992076735673 -0.0890764101369256 -0.0666063249320059 0.0395849558505165
0.00529352074294855 -0.116717461494053 -0.0326853444125771 0.058578001663791
-0.0371310366636306 -0.138059996984167 -0.0131395399181616 0.0574607561529039
-0.0410042360375424 -0.138897156772146 0.000879685556825229 0.036600185364283
-0.0245634009092897 -0.142973594590964 0.00647741677029029 0.0338517916431054
0.0440613804406409 -0.124677948172523 -0.00449683948821795 0.01531557680334
0.121586559660561 -0.0725339533495475 -0.00494435833991783 0.00447627747931344
0.153167860254878 0.0718389822585991 0.0176291362834166 0.00397909018915603
0.0404209192263046 0.150277672473982 0.0089689500931332 0.0172670205175122
-0.098496408852379 0.0978119478349146 -0.0233290373551677 0.0600735892305985
-0.167340594561331 0.00699154885482721 -0.0458515366606481 0.0473304019850036
-0.154869123199029 0.0217693091395973 0.0144984624667124 -0.020090331095376
-0.0861695904282904 0.0929117885882871 0.0264241643959416 -0.0306293600862626
0.0335345751853716 0.12570906908577 0.011870129670539 -0.0604626735785199
0.12983763876143 0.0557932798821066 -0.024199713163603 -0.0610441614803972
0.0999517670217541 -0.0693860937791345 -0.0500025918995017 -0.00910988392970391
0.020023399257949 -0.113082487934869 -0.0355019016794725 0.00408393394780987
-0.0273967729290475 -0.145328922240528 -0.0275600650891136 0.000584433950832149
-0.0348316861548084 -0.147753945200219 -0.0117637479443513 -0.0173574308065659
-0.0228966736705229 -0.147811748383498 0.00479297503036898 -0.0182033574867786
0.0370825468801624 -0.131046284303474 0.00316173327685642 -0.0308766517253463
0.117897869653706 -0.0853871975176082 0.018547619814745 -0.0332126339074529
0.165956715886786 0.0645569113795576 0.0541158172358411 -0.0182895463706715
0.0523049574434715 0.163160597807488 0.0483348497526925 0.0111585212237539
-0.105514946180807 0.119893383611645 0.024149497502907 0.0686311428784083
-0.189710466019074 0.014445109354725 0.0231650940099965 0.0737668817797268
-0.135839631056166 0.0109746519115313 0.049855323468258 -0.016434909651246
-0.0944019784322926 0.0587810216850586 0.0472895175462576 -0.0189170835110342
-0.00503568340939893 0.113564179457225 0.0464584847802109 -0.0406719934671647
0.0981914694229201 0.0790507859817281 0.0218818394939549 -0.0658657554103951
0.100389089647335 -0.034586092921905 -0.0178476853054716 -0.0473393276441807
0.0328610452376631 -0.0897227263982363 -0.0250187789592895 -0.0473641431705821
-0.0149296440404128 -0.128734221564532 -0.0352504439828932 -0.0551256092616408
-0.0278755741747022 -0.13607304298417 -0.0240300562848914 -0.0698137648991764
-0.0215853766924258 -0.133154709294232 -0.00227996292762571 -0.0682104490722021
0.0206325490008809 -0.119999994677673 0.00162801723603927 -0.0730130406362134
0.0932927791473274 -0.0899424751046639 0.0275475468868577 -0.0709691289538472
0.151574697049271 0.0396936063801598 0.0728251631603231 -0.0486797573123874
0.06255617291395 0.142106442749582 0.0760563221839682 -0.00991192137702286
-0.0816482043257215 0.120782400862151 0.0725746491012658 0.0554927142249058
-0.175575398526795 0.0244863300848986 0.0999902403320182 0.0835749898507282
-0.102004677561815 -0.00265328113238888 0.0769707006814863 -0.00179375349743061
-0.093872230653635 0.0205849142845378 0.059372762551029 -0.00227052503151207
-0.0406752130194313 0.0876374039819927 0.0631863211046547 -0.00918970471524347
0.0528589999157415 0.0868245798693725 0.0576800247073445 -0.0460703242201636
0.081223845523182 0.00340795396312035 0.0220177441898501 -0.0632569207184891
0.0375306426725295 -0.0521112409524127 -0.00354201527243441 -0.085107469055578
-0.00116926645317299 -0.0896705788813441 -0.0332645584215312 -0.102711686010596
-0.0155008539356967 -0.102012376437934 -0.0331394841245457 -0.112768585166027
-0.0136771887483893 -0.0986473001744578 -0.0115947834458248 -0.109628610163761
0.00740368466206155 -0.0893693457892141 -0.00233843488192929 -0.104772130049138
0.0562636357067116 -0.075095729580437 0.0287861660719465 -0.0988708700245821
0.110394359593971 0.0126619916577638 0.0782918110945831 -0.072697198218225
0.0596246973241108 0.0956107326922719 0.0870706464065819 -0.0291538301972332
-0.0410791164444777 0.0941492499311728 0.103627148138735 0.0317840861868906
-0.128181583086038 0.02798364076803 0.160889548433696 0.0748192018748597
0.0369046120504983 -0.0545515482784432 -0.180802760006026 -0.0208309998223745
-0.00638118395864273 -0.0520079272635277 -0.13360733358771 0.0186928481540961
-0.0353670521911518 -0.0300320138252919 -0.0859612507107368 0.036859994107989
-0.0448912496482279 0.00659621344752247 -0.0744386822742283 0.0666515802796088
-0.0201845191094504 0.0367161264769832 -0.0442087781384797 0.104295518227058
0.00434207023627899 0.0401079308798218 -0.00190439728305384 0.134984672630247
0.00939598510804656 0.0503615276598364 0.0357040896040471 0.147368206051436
-0.000749105844129473 0.0479821639304504 0.0369019330679816 0.140479530929394
-0.0180928595335423 0.0370456819814811 0.00557112767182221 0.122721184698889
-0.0332958403934581 0.0182536068353492 -0.0214956511041687 0.0995662222411557
-0.0416269139934032 -0.0139463676266161 -0.05863466200921 0.067231799090175
-0.0148996315477726 -0.0589657382322159 -0.0791778403445552 0.0148486511158546
0.0410781656434413 -0.0525114188441645 -0.0524687190810087 -0.0248505115945297
0.0668469761112317 0.000561584134281125 -0.0351470720582711 -0.0203504767169245
0.0759334063507094 0.0299995649871568 -0.102689545812629 -0.0279057787065271
-0.037794329821512 -0.0351944665603179 -0.168000895338543 -0.00733259679806328
-0.0410903112248881 0.0100007071792024 -0.113232485062188 0.0190879896742631
-0.00397080898971799 0.0307233374959917 -0.0838514044833412 0.0199207418851518
0.0198065705934646 0.0160802966866724 -0.0851698428178072 0.0598942196324041
0.0148240053815678 -0.0057354479977146 -0.0517298729790612 0.118169261700966
0.00444739342738107 -0.00961828636265502 -0.00332495411960393 0.147321593946781
-0.00739305820065307 -0.00733005901148792 0.0323036869396516 0.155197351768025
-0.0164170948399808 -0.00978331478329399 0.0324525907534885 0.141868244820199
-0.0217558338341646 -0.0208689916048467 0.00104480166919978 0.128056142119192
-0.00620001710641603 -0.0246635039297717 -0.0317653137326472 0.0991076991779297
0.00885555132512145 -0.0263771071629386 -0.0694790398669168 0.0595492169609509
0.0305409393342995 -0.019390578501073 -0.0777060394626474 0.00411687427188375
0.0426180341631321 -0.00164716427721112 -0.0531074535474074 -0.0307535575930266
0.0327400877360149 0.0223042320642018 -0.0461186867528945 -0.015926229663619
0.0167613567252563 0.025936337831787 -0.118780002646046 -0.0292127746597076
-0.0989728054809206 -0.0111581388451705 -0.129960195721745 -0.00452148616806864
-0.0604436157886131 0.0661647576591139 -0.0780689123510401 0.00273409221143662
0.0307109035621583 0.0802031932729138 -0.076900467309303 -0.010323610710718
0.0805359180846123 0.0179855687370474 -0.0937876296601305 0.0374264854670117
0.0433787427032996 -0.049389059987064 -0.0628507973271917 0.112987864265367
0.000815004563650516 -0.0583595634305104 -0.0106607653673425 0.137359842775924
-0.0233402110739784 -0.0632406133066176 0.0210666900409881 0.140913433047026
-0.0293143099642603 -0.065267046969419 0.0243760980680051 0.122598353584849
-0.0209075960623067 -0.074621651940188 0.00111107759922833 0.112960867987531
0.0222491420365207 -0.0640961013819162 -0.0290003464899323 0.0847789850914796
0.059194497423205 -0.0371961846069524 -0.0593419970444451 0.0494238666548722
0.0742355368013768 0.0236316684477779 -0.0591142620923041 0.00772071010987522
0.0367180565021472 0.0532113622347107 -0.0483947780683612 -0.0163630387076709
-0.0135429934946197 0.0413022814864591 -0.0580917976454813 0.00332412206218393
-0.0501778027446138 0.015269007834153 -0.118869620488072 -0.0147209971932844
-0.141663381274418 0.0108598883727619 -0.0797823619943227 -0.00805409323960677
-0.0727739544312961 0.102809940779502 -0.03987842826763 -0.0160328563731508
0.0542026495216589 0.113129869111777 -0.0585380670083497 -0.039883019610383
0.123967178171011 0.0219345191328261 -0.0886669742237523 0.00288564044642102
0.0689816868393302 -0.0800503389144393 -0.0704094933729122 0.0851721248717032
-0.000574728787754566 -0.0974929522346468 -0.0220391640003579 0.107026282978012
-0.0353514439361991 -0.110060306111007 0.00607947487705661 0.106943588968072
-0.0387572507432313 -0.111475788114753 0.0142026324325965 0.0856795589714235
-0.0222378254195951 -0.118211015559225 0.00495246041920363 0.0797891309325149
0.0411214072335042 -0.100242743636003 -0.0165171387737226 0.0558138043700745
0.101720108843778 -0.0527186797679634 -0.0332804480993601 0.034094306115227
0.118736395343755 0.0578914760734921 -0.024828508104446 0.0132453203874133
0.0340445716415482 0.109106436663652 -0.0286700739122086 0.00591576159359743
-0.0643016838528412 0.0679921475571587 -0.0539513397007022 0.0337197260146157
-0.117562036537319 0.00665277698636227 -0.0972390632036164 0.0143211534784051
-0.160269531576747 0.0258725046849103 -0.0305787429783816 -0.0173001773686297
-0.0784161531209778 0.113836659654196 -0.00429850519711466 -0.0287688830230759
0.0588964098444406 0.126648410973886 -0.0272967962151547 -0.0593943718495515
0.143020058381997 0.0308578440559339 -0.065327845548423 -0.0337894350883865
0.0866645929167195 -0.0909701256664521 -0.0672497526583975 0.0410237673323493
0.00462199970590837 -0.118023232189518 -0.0327778758279806 0.059716229337001
-0.0386751647969414 -0.139943740769907 -0.0131852259832847 0.0581084095425985
-0.0424951966893185 -0.140785844189314 0.00132755490696983 0.0371818874013871
-0.0253587268504398 -0.14483133395345 0.00680011299735386 0.0339687587019281
0.0443932593561875 -0.12665117305909 -0.00435133809330732 0.0154843952171057
0.123342261361628 -0.0742299356393251 -0.004712852166261 0.00450627042620571
0.156057735341485 0.0720922820818185 0.0177492235084854 0.00402384670834002
0.0415697826730673 0.152254087130142 0.00902879999137882 0.0173482073499557
-0.0992668598696817 0.099825589815194 -0.023534328261285 0.0612009646330171
-0.16992171464296 0.00838978102927518 -0.046420301869633 0.047912083968911
-0.15728877719294 0.0233367792529142 0.0143570735739271 -0.0210617120844609
-0.0875672857140322 0.0949747735836337 0.0265771524149015 -0.0310755782436677
0.0344969376787482 0.127623501547339 0.0118198097004589 -0.0613175529210937
0.132791365943268 0.0559278408817716 -0.0252584980387964 -0.0617943860087213
0.101339263764763 -0.071096738031537 -0.0504585660987762 -0.00904544211893691
0.0200702409876546 -0.114795993252921 -0.0359909014457593 0.00406575498044736
-0.0287469428141806 -0.14696109932805 -0.0280388499326638 0.000636790051758725
-0.0362846876005847 -0.149604501354451 -0.0118437987624809 -0.0179628560196971
-0.024185563785675 -0.149718614556779 0.00484840737080679 -0.0187787570043002
0.0369730254990141 -0.132938651298861 0.00322661028363793 -0.031530992920331
0.119674884416574 -0.0875526220066985 0.0185365691418215 -0.0339841807997061
0.169097529769005 0.0649036892693542 0.0546420551056385 -0.0188191520430815
0.053897923202766 0.165481521480188 0.0486459547272487 0.0112903780168744
-0.106875980116173 0.122582255883084 0.0246407523321314 0.0696910029360581
-0.192402392644324 0.0159386512266533 0.0241101116949603 0.074311512823334
-0.137506095477616 0.0116496980901004 0.0503495940268256 -0.0172222910217845
-0.0953936205871857 0.0607319871114995 0.0476926676892879 -0.0197034163228443
-0.00457339347111086 0.115886919605451 0.0468879663224183 -0.041770087020383
0.100632459217462 0.0802348826219831 0.0214987768743234 -0.0671707745907648
0.101699036668851 -0.0354257558932032 -0.017804156761998 -0.0475891435712186
0.032849778742358 -0.090987853622993 -0.0254983565582991 -0.0477464907763612
-0.016380163933983 -0.130591566489798 -0.036409579414509 -0.0559749482059764
-0.0292705755031745 -0.137836944934863 -0.0251478689350367 -0.0708683145472605
-0.0225146378579566 -0.135099195665054 -0.00244437808783051 -0.0696937608779483
0.0205197140558313 -0.122211414762213 0.00157884854551584 -0.0742882284476305
0.0940242673374958 -0.0917075352780451 0.027962377697368 -0.0719172501045113
0.154117238329862 0.0394746621757314 0.0737378328762169 -0.0496418415070946
0.0644745196407348 0.144225372907751 0.0764560940012547 -0.0104847572784393
-0.0818436334136413 0.123143320281602 0.0737556963313677 0.0560282432076698
-0.178757084021973 0.0258096377800013 0.102157642178636 0.0841710035735404
-0.103481793668091 -0.00210471156056166 0.0779933202392849 -0.00209907720994813
-0.0949489156057277 0.0218123448793542 0.0598816460812229 -0.00262351945412347
-0.0406925809616103 0.0895685406159279 0.0637779733579927 -0.0100641916049666
0.0545431962026864 0.0881734134990563 0.0580379234591234 -0.0468324029338959
0.0829421171277374 0.0024865731605321 0.0218632983033474 -0.0636804182267971
0.0379509832077703 -0.0526241595117438 -0.00375616318660055 -0.0857989603125112
-0.00185835613395415 -0.0911467707139608 -0.0349521134994311 -0.103736236523856
-0.0167333923236539 -0.103484170739376 -0.0341648602777465 -0.114521036798918
-0.0143663705437244 -0.0998067942014778 -0.0122075940867823 -0.11141007853494
0.0069271645392388 -0.0909594052166829 -0.0029739800834404 -0.106160597664352
0.0568052007082182 -0.0765311882460564 0.0291596771962734 -0.100828174290131
0.112387422969539 0.0116911795362574 0.0789734814128043 -0.0735690013016445
0.0614018974028222 0.0966005662508278 0.0881207283242257 -0.0294861170612258
-0.0414229814908714 0.0955953179530055 0.105201114581234 0.0321890649704321
-0.130058281325323 0.0296343335223664 0.164298220653874 0.0746962375313494
0.0300144319676805 -0.0544380316984671 -0.179857974692728 -0.0108827634154772
-0.0120249232203949 -0.0487346461805935 -0.131093466522864 0.0253894437665416
-0.0383324596930131 -0.0255101725088671 -0.0813974736873389 0.0389151313757574
-0.0449503373406839 0.0128295427614444 -0.0708098827237076 0.0674959119986279
-0.0169364431147731 0.0402942983233784 -0.0415774042129266 0.106607955551959
0.00893810258605879 0.0414822399108013 0.00340542977782687 0.136497297256524
0.014997910103743 0.0512857088734613 0.0432724205817817 0.144094147080611
0.00305461611976372 0.0481620241213104 0.0459832199601017 0.140206221950699
-0.0150265587240452 0.0386063733680266 0.0133032771103533 0.126119039363847
-0.0325550975253945 0.0204117841362255 -0.0158528124939532 0.103973263487975
-0.0431515790077054 -0.0106700615887718 -0.0557766653111356 0.0716420049420736
-0.0196945076075109 -0.0589757490248143 -0.0798144447751619 0.0218609238519226
0.0374486202290107 -0.0570410568097301 -0.0571677378231811 -0.0202857078167016
0.0694389143952417 -0.0045652840733701 -0.0409911305686858 -0.0216691347929175
0.0805886822979641 0.0248542382627819 -0.110734725653045 -0.0285007187863524
-0.0419726622828998 -0.0282602431156226 -0.167343446582111 -0.00302199250399373
-0.0402886106627328 0.0158091894538773 -0.114076137977821 0.0226442931165489
-0.000787463706061686 0.0323820847127592 -0.0860013727268469 0.0234822400417954
0.0217321119319903 0.0151184835678207 -0.0846962367623411 0.0655445916836769
0.0148434577725092 -0.00512513857030599 -0.0446742084546073 0.123885183915823
0.0055604726335366 -0.00900153648492935 0.0048924042919414 0.148634221818901
-0.00712054604137044 -0.00580592337788835 0.043313829646907 0.154758914484482
-0.0160595931076594 -0.00874962558116544 0.0426950602860316 0.141645210610666
-0.0233462719472267 -0.0190954333676736 0.00933495783464089 0.131861354629243
-0.00870901203019133 -0.0246414085481877 -0.0268180500946169 0.105606246465555
0.00678480679270754 -0.0278258515613437 -0.068347027223149 0.0659380842534512
0.0296275829288771 -0.0232371686340105 -0.0812241606068319 0.00998107232804858
0.0434007943882127 -0.00571841496582033 -0.0581946208488252 -0.0287665038441742
0.0355564115948985 0.0197033180535088 -0.049568984182077 -0.0163052609521178
0.0193477755114496 0.0243329518774524 -0.123944143505574 -0.0270930266681466
-0.100182743248052 0.00111995636874379 -0.130500483690238 -0.00648637948832222
-0.0539914360262539 0.0728208795982268 -0.0821985141067896 0.00249758938086137
0.0382196577547469 0.0775716851231509 -0.0852989507203258 -0.00475775947036069
0.0816796213372286 0.0107436630985822 -0.09602957863973 0.0487560061276963
0.0399390202275299 -0.0507790375270278 -0.0537031763046079 0.121238147208709
-0.00159935270920836 -0.0572494453906054 0.000409399545352313 0.139612044806396
-0.0288718376130348 -0.0608295648005173 0.0358477780776688 0.142914672172556
-0.032667386650761 -0.0629545513504976 0.033666162823104 0.121504595471851
-0.0276484479030031 -0.0727699851507066 0.00843814675917301 0.116720944172552
0.017044544260173 -0.066938278874442 -0.0254744398483585 0.0912013463412398
0.0563464752001022 -0.0424386892269884 -0.0590756009676742 0.0562805378266686
0.0772905279505475 0.0166757240939859 -0.0635042201987227 0.0119600677725016
0.0415249141729307 0.0505032414243121 -0.0530292769583006 -0.0161837985053144
-0.0109670420909388 0.042363475528072 -0.0578578882343434 0.00526720711132526
-0.0509606625154543 0.0170333474920355 -0.120014451254022 -0.00901081055341354
-0.139842501610935 0.0256152590883308 -0.0808979518001125 -0.0151883192462142
-0.0635143688993341 0.10982867287543 -0.0465073943771731 -0.0190572567310286
0.0640775783689589 0.108026923418341 -0.0713889393366297 -0.0338955788248975
0.125415010364274 0.0101019459256293 -0.0939392864409718 0.017053494893468
0.0620832624811762 -0.0836852807450716 -0.0604676036719572 0.0952797035241442
-0.00611719931893887 -0.0959565931752717 -0.010888601967613 0.10960066841082
-0.0456806984018218 -0.10722691157803 0.0208384091116146 0.111191065611244
-0.0444407965118501 -0.10843875670927 0.0220842265109605 0.0837258692761136
-0.0324960357241307 -0.116129807115124 0.0100120170814292 0.0819324108712874
0.0331709553013063 -0.104780615659124 -0.0136215773475521 0.0612981369049831
0.097156857307416 -0.0614781799152219 -0.0330540124100194 0.0395246198546612
0.125070339795501 0.0475601993134892 -0.0296302416755582 0.015270360396564
0.0426105951809212 0.106966613230576 -0.0321441910714345 0.00327906501054706
-0.0617409601541008 0.0733157608046656 -0.0483810929010859 0.0371059136719743
-0.12200777890499 0.013318042622599 -0.092935710306593 0.0228673023399053
-0.157008259944625 0.0413526968786151 -0.0325799122267732 -0.02825754188583
-0.067547960856956 0.120406759492607 -0.0122769432607703 -0.0343459199535531
0.069978497520967 0.120936935501724 -0.0421579697315194 -0.0548925425016429
0.145276086693068 0.0162346569881881 -0.0733450918574055 -0.0197904954856985
0.078466074607386 -0.0964745457878253 -0.0587456866094967 0.0508651433830979
-0.0026845086172635 -0.11729690192587 -0.0238119967754589 0.0630826634373547
-0.0524219553310198 -0.137276745038758 1.64327628246954E-05 0.0648239292440753
-0.0507545232901113 -0.13754524798881 0.00567311908678471 0.0353645315458697
-0.0382767740928254 -0.142371723249629 0.00904876056343695 0.0345842452182953
0.0344505857208144 -0.131130274721168 -0.00324400140022408 0.0191447842979264
0.117628175955357 -0.0840893823139823 -0.00496155876741167 0.00829611775829164
0.163437517311408 0.0594340532548754 0.0125674549535329 0.00375853156271582
0.0533556797542088 0.151132576162634 0.00672732928157517 0.0114233511360411
-0.0964227287259141 0.108953169171156 -0.0125947123149356 0.0631724202774882
-0.176782778683398 0.0183075221240421 -0.0364485201180377 0.0570351245609932
-0.153517780194266 0.0381493726017516 0.0131044194365537 -0.0333711611260581
-0.0781022252426924 0.10205184336489 0.0198351636095852 -0.0388532114403563
0.0463654847695847 0.123535101312373 -0.00302241805870305 -0.061193128255023
0.137986499012356 0.0417221752818421 -0.0365950912949166 -0.0515669579442187
0.0944680151540654 -0.0789274938231093 -0.0470667991343524 0.00122332993540699
0.0116195865632473 -0.11554063119383 -0.030477855770889 0.00813550982208501
-0.0436733902397898 -0.146119934932158 -0.0191454133896319 0.00864056074427312
-0.0457376837401463 -0.147549023216972 -0.0115017997623387 -0.0190407781594714
-0.036771417478495 -0.147597324091282 0.00393100991294105 -0.0201068935301182
0.0270283360390351 -0.136611324085849 0.00194882936388577 -0.0299661108358402
0.112869313110334 -0.0968175786527439 0.0169760555455711 -0.0327069905465937
0.176623343359477 0.0514859270684324 0.0492812612416957 -0.0220239503186133
0.067265927014489 0.164472963349279 0.0468656899571601 0.00205101205286749
-0.102692282441802 0.13391656379044 0.0393580959405749 0.0682570560307383
-0.200346322356345 0.0283275729600759 0.0388976102016124 0.0820126756578828
-0.135169610611021 0.0243214478127218 0.0503977519931588 -0.029350972627386
-0.0893677925096129 0.0678582703727829 0.0438618893714972 -0.0281575300706825
0.00676656750094841 0.115246441245587 0.0346397907413741 -0.0463249403156675
0.108609724440865 0.0689161739115994 0.00909656080255743 -0.0624801024353672
0.0980984613149648 -0.0446103129787228 -0.0185026875682311 -0.0395497250216206
0.0259345844533322 -0.0931986849787587 -0.0238290641221022 -0.0443768981924563
-0.0293800853288941 -0.130413487372512 -0.0330212247690855 -0.0482010882231196
-0.0376967474649368 -0.135967409342204 -0.0283060901457674 -0.0722676459817683
-0.0345956844312029 -0.133077471300496 -0.00646890395784876 -0.0720913126446086
0.0111575689716149 -0.124226936782514 -0.0019489322177429 -0.074734446959938
0.0872006782021827 -0.0985086190618602 0.0245956324994167 -0.0728254073598081
0.159491410445043 0.0276576271014305 0.0683486836978577 -0.0542520813464779
0.0760861844972042 0.142481383119902 0.0743837211337968 -0.0209513667168795
-0.0778362004264395 0.133326743312259 0.088158681632167 0.0505964824747109
-0.185507695605727 0.0389752074859627 0.119616420034454 0.0876955412793821
-0.102220713815869 0.00693051305090687 0.0799146854833571 -0.0130214026971903
-0.0918148456930403 0.0296130411162785 0.0591606661462199 -0.0117930580402235
-0.0313504070363511 0.092807913332476 0.0560285780708617 -0.017991532530222
0.0637808120093111 0.0811254528729244 0.0471280066660031 -0.047565900483408
0.0824216744025954 -0.00562402137897733 0.018372800174654 -0.0597304526263406
0.03325162934818 -0.0557465636491895 -0.00589148732372384 -0.0840042095718375
-0.0115656752548537 -0.0924895561990335 -0.0370535527455305 -0.0977263324490407
-0.0236853752659891 -0.10246804806058 -0.0413293012597388 -0.115038895985196
-0.022956380844161 -0.0987171772730743 -0.0192519130563503 -0.114185304944696
0.00073653678528608 -0.0914321403903289 -0.00885070641943446 -0.108899409991766
0.0516786557270974 -0.0801632182469566 0.024717551352096 -0.103691248178175
0.115053415372006 0.00389761666827785 0.073860182366157 -0.0797902766629559
0.069752937961013 0.0949172616188661 0.0858498220569247 -0.0393522292451748
-0.0373961260246318 0.102453794539275 0.116967375468596 0.0238307475688394
-0.134636542649514 0.0404410091290908 0.181001483020614 0.0732113317595212
0.0298060102935222 -0.0552288859673812 -0.183711469275844 -0.00907138277438405
-0.0123261149169919 -0.0489953624186087 -0.132171508666623 0.0272485944937016
-0.0391532770425876 -0.0257662350396874 -0.0827837111591315 0.0396054217079725
-0.0455584528867459 0.0132264801985215 -0.0718132457476622 0.0692132399497227
-0.0162589463237883 0.0408377707828845 -0.0414894729680978 0.10887951550531
0.00981822515256617 0.0418857814234311 0.00483844047638756 0.13850525786664
0.0161935988679344 0.0516032756836259 0.0453780054991244 0.14582837470596
0.0038503862143574 0.0489926215298335 0.0483372099666055 0.141900821645994
-0.0148933505974641 0.0393417088075806 0.0142344396162486 0.128560944087278
-0.0327708636788222 0.0212212578224926 -0.0150720364189235 0.105769451692903
-0.0440516234658427 -0.0102852318120781 -0.0562294273698992 0.0730015251400452
-0.0212194077722171 -0.0596995364567605 -0.0808676552458898 0.0225737346971242
0.0372148099366118 -0.0582914994538739 -0.0575955448124059 -0.0202744110814617
0.070511295631374 -0.00493176229697046 -0.0417229640349404 -0.0219300130496786
0.0824811746535874 0.0246503106419365 -0.113064473158907 -0.0277624778412005
-0.0428659284303372 -0.0281173026945712 -0.170638758710361 -0.00190548226818671
-0.0406323551830513 0.0165984216681229 -0.115257226685483 0.0236854518651286
-1.25977834451825E-05 0.0326442734064407 -0.0870089919479076 0.0247524665646109
0.0218671860578286 0.0154279595476469 -0.0858102713626795 0.0676811114199189
0.0151403427413221 -0.00544911362788385 -0.0448173486606532 0.126010726892919
0.005706481669769 -0.00902051797232829 0.00668265770713169 0.151340061651978
-0.00721358845928731 -0.00578383098433891 0.0460665949084829 0.156712028074146
-0.0162865738823879 -0.00874792881337426 0.0449482747937217 0.143534464115906
-0.0238341540957481 -0.0187089616995954 0.0105012089947403 0.133778693974396
-0.00842823757475073 -0.0248826852475018 -0.0261924152435356 0.106935268885999
0.00614399738968953 -0.0282414727451638 -0.0687858789531548 0.0672351579431473
0.0294792529048231 -0.023465266636142 -0.0820144729075897 0.0105356836441104
0.0435780952387919 -0.00594524782552251 -0.0593205376554404 -0.0290927997024592
0.0358969773914715 0.0196580041926399 -0.0501650919063933 -0.0163728010167478
0.0198351969813013 0.0244712809196441 -0.12633488647443 -0.0257147710826117
-0.102248603794376 0.00206370562947702 -0.132707718472052 -0.0058428578477812
-0.0546220807628613 0.0746654418175484 -0.0832825911204038 0.00348336121593268
0.0400754396895164 0.0785400880511199 -0.086648557673508 -0.00410540927886057
0.083479515980442 0.0101020790532617 -0.0973259707327444 0.0499950203131536
0.0400259308114492 -0.0522860646490421 -0.0535163573069842 0.123417309455537
-0.00210367650709464 -0.0580963814980045 0.00171112177325029 0.141758944193143
-0.0301596404643715 -0.0619112019730825 0.0380193806619036 0.144349654433007
-0.0339023554402698 -0.0639626941556571 0.0355280488930951 0.123477035713437
-0.0288403296287206 -0.0734276931152831 0.00924664922581995 0.118194897432642
0.0170828699473088 -0.0681820860788434 -0.0250878254633906 0.0925445537819278
0.0570461397513531 -0.0433921955420028 -0.0594254017970089 0.0574364169389044
0.0786917277277489 0.0164537039737575 -0.0643039735607566 0.0122023093558569
0.0422715387872281 0.0511036250748119 -0.05398550356867 -0.0163596658992027
-0.0110615116384554 0.0432416860721256 -0.0587795338200504 0.00566961465632543
-0.0516456087947316 0.0182898418409477 -0.122512898224324 -0.0082628836417301
-0.142067002709624 0.0277712521728483 -0.0827548830552492 -0.0157127523576184
-0.063590060711879 0.11225223274001 -0.0475533166329826 -0.0186317679764253
0.0669733685367727 0.109310324800327 -0.0728220623587687 -0.033840847306554
0.128001846087574 0.00872931328901743 -0.0955335412513547 0.0180408470535524
0.0621714918452687 -0.0855976807875195 -0.0607306453874187 0.0974174129205639
-0.00653928793020476 -0.0974142972601132 -0.0102436959451243 0.111682526529068
-0.0475799384936485 -0.108472066677552 0.0222242570536032 0.112674685202106
-0.0464035145951431 -0.109845871368391 0.0227786685667712 0.0850260694391917
-0.0339942207854119 -0.117675723959986 0.0109838876961399 0.0830557735935948
0.0328805907377058 -0.106173116281211 -0.0132596091481447 0.0621355291695622
0.0982959150953021 -0.063255742176454 -0.0332305597745508 0.040435448663575
0.12786133910151 0.0477079776733769 -0.0301811933942786 0.0153310587039926
0.0441649969966115 0.108530650187519 -0.0329445644215719 0.00383335098348778
-0.0620858495580383 0.0752815381928762 -0.0490378598586119 0.0380347211454814
-0.123707352424322 0.014917784414322 -0.0943453272165097 0.0238335016884703
-0.15879380805098 0.0438894622511381 -0.0336709089870541 -0.0286070226236973
-0.0677941711827552 0.123195959672424 -0.0131357058826152 -0.0347746625234353
0.0726146561413566 0.122746757929642 -0.0433625518371497 -0.0554710390617139
0.148082154657742 0.0152354510024296 -0.0752978593728531 -0.019527009192862
0.0793149100257995 -0.0987136240899056 -0.059274555602057 0.0526613760470444
-0.00357207414507397 -0.118904005390853 -0.0234752277461206 0.0643518562277954
-0.0545826085626083 -0.139004190836552 0.00063945820176234 0.0655082316445189
-0.0530144243452365 -0.139346212414308 0.00591685760793706 0.0360751912579679
-0.0400454212467839 -0.144622135654564 0.00959485719127537 0.0347243643639701
0.0340478485008783 -0.133026283831279 -0.00315889133550956 0.0195606371232289
0.118448926924921 -0.0861979343038709 -0.00507207709997729 0.00825335492787274
0.167020205894364 0.059044813526565 0.0128219105369172 0.00341959893281328
0.0555824260647842 0.153017275491725 0.00640102441609327 0.0115515858867239
-0.0975566113377805 0.111676691423314 -0.0120821415671846 0.0638997583116989
-0.17957558159512 0.0203254082567218 -0.0364231781144774 0.0584159169011115
-0.15578012605114 0.0398695787506166 0.0126214278499241 -0.0340954763722804
-0.0785106313699942 0.104328947484078 0.0198165849781428 -0.0394466413168368
0.0479618797120818 0.125759722988352 -0.00350971727757574 -0.0619769325227133
0.14107371209529 0.041232878860892 -0.0379716061093673 -0.0520891089840724
0.0954165381778713 -0.0808642886704096 -0.046892284714824 0.00178117485561846
0.0111430581969933 -0.117288877285258 -0.0307683031200436 0.00871188907764934
-0.0456891566319264 -0.148090044709261 -0.0194603668097561 0.00931538586816616
-0.047872823510032 -0.149153207339035 -0.0117004469571148 -0.0196145312977525
-0.0388970435983283 -0.149603187360368 0.00377166451928171 -0.0205224358000607
0.0259526513487183 -0.139110540588642 0.00152634287342699 -0.0303362100577422
0.113900134985335 -0.0991434693649947 0.0169126220237782 -0.0332028616273638
0.18020645012049 0.0503839890257992 0.050069095687977 -0.0226246867783578
0.0695527665770526 0.166625865201317 0.047242361457315 0.00142866928392778
-0.103708050666138 0.136360983784781 0.0404461492221441 0.0692904702757561
-0.203495283514377 0.0314389204588752 0.040985018876436 0.0826817196029256
-0.137040601828981 0.0257420411051573 0.0508580558326336 -0.0306705370184538
-0.0899385165626588 0.0699091940820755 0.0436030868475141 -0.029346116830527
0.00778794269410154 0.117521867024737 0.0345558442507313 -0.047464650726167
0.111736923454498 0.0688300667190155 0.00748640356536362 -0.0634614851041597
0.0991557998946981 -0.0459653068288251 -0.01879060804864 -0.039651806413671
0.0256605257057976 -0.0948538615361048 -0.024989631386239 -0.0444245023099979
-0.03133743180512 -0.132565255044214 -0.0339628185576607 -0.0485778869189642
-0.0405024933909408 -0.137811280031381 -0.0295332564080937 -0.072962586828013
-0.036435484778292 -0.134733646170591 -0.00701253460684933 -0.0734378048403091
0.0106873754151726 -0.126180440686383 -0.0027345964133133 -0.0760576515662519
0.0875392357052283 -0.100936442848225 0.0247350368872647 -0.0741328840900965
0.162689550417888 0.0266832778262607 0.0689564181525454 -0.0554250456352665
0.0788906971169831 0.144493831249964 0.0750361961935476 -0.0221172247057809
-0.0779398052780372 0.136088105429331 0.0900876320564466 0.0508665306343006
-0.188477368774749 0.041257722698709 0.122719403239614 0.0873178817665138
-0.103432908760142 0.00759956926018886 0.0809925789917769 -0.0138041962469507
-0.0929381324659798 0.0308283903723027 0.0596843538508109 -0.0125332762625546
-0.0312961637592162 0.0947113636362336 0.0557959170369549 -0.0186142301276755
0.06627303308688 0.0823317462238688 0.0472832512213577 -0.0483532447652283
0.0839548736612132 -0.00643748131701279 0.0186146832768509 -0.0599173303501755
0.033338970001036 -0.0570467177647428 -0.00659908768859689 -0.0849154376004255
-0.0128876144236667 -0.093618049296398 -0.0388154699800849 -0.098923198535323
-0.0254387240042068 -0.103618245719764 -0.0432293646580696 -0.116473309058785
-0.0243970695551881 -0.100454322534212 -0.0204196647580738 -0.11615916628489
-0.000114688943160636 -0.092949893565133 -0.00974693077901249 -0.110007543238082
0.0519913991166635 -0.0814859072612384 0.0245449849595579 -0.105494013990495
0.117467066923475 0.00318397268166902 0.0744975143705785 -0.0816165910133877
0.0713855782045895 0.0955403016980881 0.0866762726460894 -0.0401217961340154
-0.0372408432772874 0.104645151556764 0.118703043514235 0.0236866743205542
-0.136309193073276 0.0423651431007791 0.184731563554182 0.0720721534127896
0.030067325481231 -0.0561552669426156 -0.187372460450643 -0.0075940352492523
-0.0125511465033248 -0.0499149992798432 -0.133909612301038 0.028603750096223
-0.0401348987635105 -0.0260871475371947 -0.0835980728265599 0.0412090984351086
-0.0462841421110624 0.0135883409263214 -0.0720617319284504 0.0707888065443348
-0.0165564907171927 0.0416404970917982 -0.0413419712511019 0.111321953907863
0.0102089081159074 0.0421897825663245 0.00692904370637847 0.140684628302708
0.0170532255563999 0.0519939795204291 0.0481100791526217 0.147605515302135
0.00449299073535043 0.049680324020917 0.0507567345014844 0.143916069803341
-0.0146559277567963 0.0403559088672236 0.0161407490861848 0.130353482378028
-0.0332291426360491 0.0221761616297681 -0.0144858143445068 0.107201275515822
-0.0446204648856418 -0.0096106806576998 -0.0564371513303334 0.0745418788863214
-0.0224449176572653 -0.0596094394748175 -0.0813643903295488 0.0232615374382052
0.0365361034189048 -0.0597903576069477 -0.0579413863889657 -0.0199294992663075
0.0714756640717691 -0.00610879012673866 -0.0423892203244696 -0.0222471495156911
0.0843940940851605 0.0241727986287092 -0.115089871509962 -0.0269437498849068
-0.0439866954018446 -0.027925885027217 -0.17392861524218 -0.00033563524749498
-0.0408108668033072 0.0174708205608035 -0.116644948069892 0.0259288551569657
0.000259498714834207 0.0325868653183689 -0.0883891341022581 0.025679726451099
0.0227723207929715 0.0150211210557567 -0.0862629875684913 0.0692155050331337
0.0151008415855992 -0.00571561972930898 -0.0439277222301222 0.128687550172113
0.00538242052339187 -0.00976746727781729 0.00884799671676974 0.153828405343421
-0.00708232150946981 -0.00604163078927307 0.0495602137215284 0.158459581758426
-0.0167673431918799 -0.00855096097881007 0.0469140535106432 0.144994558656313
-0.0245452669350602 -0.0186558548615046 0.0125011689670556 0.135762838430102
-0.00897202213165482 -0.0251688453388226 -0.0255994420855705 0.109047154732256
0.00595960096736447 -0.0286856616132275 -0.0692910897028188 0.0688066292735233
0.0295134804614336 -0.0237965736832543 -0.0833701821125145 0.0113083921755041
0.0438994036438606 -0.00650506971929865 -0.0601730251796227 -0.0289011811649374
0.0366424561209335 0.0199164399482444 -0.0511274604093301 -0.0163364609162237
0.0203328604661284 0.0246366284436031 -0.129131821456633 -0.0252665456038414
-0.104055188193874 0.00377852131615956 -0.134855369320475 -0.00450177119933319
-0.0545949451076239 0.0767021144175014 -0.0846356472521333 0.00433882972577338
0.0416263569549296 0.0797127782567606 -0.0883763714788076 -0.00412754176473095
0.0853858638793821 0.00877127518516767 -0.0987645865672271 0.0518144732680196
0.039967415277505 -0.0537194364239659 -0.0528251932713475 0.125978278947643
-0.00270689014839708 -0.0591567303425767 0.00323440031324753 0.144287957773458
-0.0307673389465157 -0.0624958473988125 0.0402971260585489 0.146280152094477
-0.0350399013880332 -0.0643887950011696 0.0375689100640897 0.124455925905545
-0.0300651618977132 -0.0742683718009109 0.0111136039109808 0.120119952148561
0.0165388998775782 -0.0691305866879955 -0.0239275282734744 0.0941296403195027
0.0573332123815332 -0.0447034336572698 -0.0597269077616897 0.0587658647234182
0.0800742854753206 0.016035127941806 -0.0651714158278894 0.0126883815138256
0.0431736525238708 0.0515311325829027 -0.0550318077818394 -0.0159655630467879
-0.0111874894039421 0.044233412574989 -0.0591940016636187 0.00613592043669877
-0.052787295434932 0.0191207112846059 -0.124295634086713 -0.00659631391236716
-0.144023821367016 0.0303242544568763 -0.0844962189868133 -0.0149329440824305
-0.0626130934963059 0.115113841033654 -0.0487090868453484 -0.018788589262958
0.0691762822849287 0.110427048257228 -0.0742778869232781 -0.0341194380337943
0.130548053860998 0.00777440992967032 -0.0972643734702917 0.0188757786322994
0.0625686240538069 -0.0880824254927376 -0.0603937156072746 0.0997113091132975
-0.00784627833684708 -0.0989911218165653 -0.00893892619895601 0.113830068288652
-0.0492519098496393 -0.110132154166372 0.0239218956764201 0.114095585090881
-0.0482895949582764 -0.110832317888362 0.0242379212327882 0.0862151613282152
-0.0356069472879501 -0.119013217726278 0.0124862731166978 0.083904014270594
0.0324630421339324 -0.108487633622465 -0.0130084192131641 0.0631853834144918
0.0993625824298302 -0.0650106004575316 -0.0333340518384467 0.0413407218176906
0.130358173030359 0.0472077855521389 -0.0304148650640823 0.015543565942656
0.0460381667092485 0.110116656274369 -0.0335226558787896 0.00414188173475427
-0.0623410963593237 0.0771760075099985 -0.0493586140068008 0.0390971935830616
-0.125833451245438 0.01654563926533 -0.0955819706767767 0.0250638908511697
-0.161235247008038 0.046213453766735 -0.0343707204261721 -0.0290302631640266
-0.0674386783980212 0.126083121928573 -0.0133792158085229 -0.0349200490446102
0.0754166793230783 0.123649753995479 -0.0443724183565404 -0.0560987351312714
0.151487042086256 0.0141296735149494 -0.0772669883219537 -0.0192244710896691
0.0793144756490945 -0.101097011528943 -0.0593563261022147 0.0542535115421096
-0.00469272578833248 -0.120754684742153 -0.0230744607751276 0.0658676449514217
-0.0572493988202198 -0.140297089891008 0.0018135964412703 0.06617682499216
-0.0553530858784061 -0.141054855447608 0.00656579250343859 0.0362171277584079
-0.0423388279612246 -0.146097650975837 0.0107849513597625 0.0351368330309946
0.0331816535072103 -0.135732046933715 -0.00293897347013591 0.0196272566159354
0.119984074939725 -0.0886302834089133 -0.0046158377263828 0.00844802957784208
0.170564391718639 0.0584689764756834 0.0130389898246343 0.00327150107637992
0.0584184656544365 0.155441745546264 0.00619719135037462 0.0115044301419096
-0.0980166379908611 0.114255851468199 -0.0120444606121482 0.0650108892128739
-0.182055044449766 0.0229900870448747 -0.0361682122174846 0.0592965522078513
-0.1580009455001 0.042244524618304 0.0127569338740763 -0.034898036392497
-0.0784748478741161 0.10715811740043 0.0192244115054538 -0.0402425600965117
0.0503156116920478 0.127489802631428 -0.00441721815698757 -0.0635765978206433
0.144199695192485 0.0402365255514993 -0.039691373171781 -0.0526498265934437
0.0962606902309062 -0.0830895457273935 -0.0478689520850745 0.00241925385344734
0.010436116210255 -0.119063755721792 -0.0312723938321012 0.00941016944721789
-0.0480569966183088 -0.14954690317439 -0.0197594288145528 0.0096045524375736
-0.0506553123623233 -0.151075698740748 -0.0122825830341485 -0.0197090424862661
-0.041196030778058 -0.15117281219846 0.00407200448993292 -0.0212062616423587
0.0255432868618349 -0.141515013629687 0.00151537389541092 -0.0311428494589111
0.11482282202828 -0.101816368376963 0.0174473232971018 -0.0339843354707543
0.183845828109537 0.0493191478966319 0.0506577691736089 -0.0235148288747355
0.0727863750870486 0.168531505265168 0.0472715676691758 0.00153091082382559
-0.103681011153602 0.140216482826068 0.0416796205262815 0.0698055406645861
-0.206910967545076 0.0336215341505748 0.0425775220437445 0.0830546046286022
-0.138743860007057 0.0277405772793842 0.0513120554076839 -0.0312308798598722
-0.0906787376313578 0.0725794101496087 0.0439183375944994 -0.0303399101718291
0.00921130703863839 0.119789198290842 0.0341513608558775 -0.0486762254828536
0.11472894452067 0.0689762742799303 0.0070234972229657 -0.0642983049700253
0.10091824420667 -0.0478952379422779 -0.0191357238050702 -0.0395446825766622
0.0253428067031472 -0.096249019615297 -0.0256341034808937 -0.0448865579846907
-0.0338000466316393 -0.133791051208526 -0.0350185246897339 -0.0492643021034908
-0.0424381420227436 -0.139418052932302 -0.0307370751594505 -0.0737961720892401
-0.038421325729297 -0.136590236365966 -0.00804422365762797 -0.0749610551553137
0.00979764370631718 -0.128408701438083 -0.0033485910509384 -0.0771158726762025
0.0883546547147866 -0.103426168330644 0.024564063361083 -0.0757571132940522
0.165903810066008 0.0253339935155375 0.0695803501951437 -0.0575432795939445
0.0820163254639767 0.145351272318785 0.0752541650563672 -0.0225600067931028
-0.0778094371575103 0.139020725815788 0.0918269050287232 0.0510454461510483
-0.191022834863568 0.044119508772512 0.125597055421755 0.0870785581473087
-0.10500733229875 0.00852212687612485 0.0820600763713265 -0.0148765780140837
-0.0944611784178082 0.032548004482734 0.0601260570400719 -0.0138188980248342
-0.0304796991583372 0.0972372114209256 0.0562759130514784 -0.0199802439056327
0.0689457032732491 0.0825652784721933 0.0470854211110876 -0.0492019858309843
0.0854503309281618 -0.00749313259162944 0.0185768053044729 -0.060417047451498
0.0335076644226193 -0.057941061050406 -0.00786809768734668 -0.0857274121627553
-0.01391849064791 -0.0948866857143856 -0.0406337547501884 -0.0998270994958189
-0.0275155867367954 -0.105202260464247 -0.0453481117026805 -0.117723413264146
-0.0255962179173204 -0.101305957056744 -0.0221481111132962 -0.118531978802328
-0.00156069350131429 -0.0941818261251184 -0.0107887927746999 -0.111974109381493
0.0518923207670963 -0.083376995187682 0.0241365755043165 -0.107157422611968
0.119355748549601 0.00142198262827219 0.0746767452387159 -0.083473190556952
0.0736595792512731 0.0965711793519279 0.0868810374155695 -0.0411935140237628
-0.0365920229073528 0.106488299055844 0.120768724531348 0.0228561339348393
-0.138158423007072 0.0444220975866238 0.189230179004502 0.0710484105602799
0.029584973880333 -0.0571368292128812 -0.190403281850946 -0.00519584794588177
-0.0135144892320496 -0.0500657610832351 -0.13565930380792 0.0307483339629253
-0.040712593223462 -0.0268039755112433 -0.0840642967071394 0.0428519584461429
-0.0470956803107156 0.0141661544460363 -0.0726900336068066 0.0726894757971902
-0.0162135225414198 0.0420509341578081 -0.0409056031722886 0.113413079492484
0.0110625720581649 0.0424275663856794 0.00847476083366213 0.142758400785781
0.0178788224934549 0.0526733729234109 0.051174859583274 0.14957025555385
0.00552302563340848 0.0502523529557104 0.0541508915498769 0.14578672835213
-0.0142402310992136 0.0415052312146339 0.0179406681590892 0.132112669831556
-0.0327434366099516 0.0229625076255133 -0.0134403600009605 0.108707176695316
-0.0454318931688221 -0.00887956728857578 -0.0565161849090622 0.0754399822325787
-0.0239177090940367 -0.0601979254574414 -0.0821227036611385 0.0242629018022625
0.0360284605203143 -0.0611107231351078 -0.058425005135937 -0.0194865816715917
0.0721220900645446 -0.00699837230556636 -0.0431158030677821 -0.0219095968878359
0.0855703219272482 0.0231778094755053 -0.117584234302322 -0.0253135553065675
-0.0453021018093959 -0.027032110455024 -0.176868831896356 0.00140264205657301
-0.0415092171436131 0.0182916253202392 -0.118156577252237 0.0276633744835868
0.00102936326469615 0.0329444744613119 -0.0897188333132452 0.0271363296897704
0.0231918982667167 0.0148359239158111 -0.0870548018376095 0.071453773974971
0.0155101173393136 -0.00655392396649754 -0.0438609628498853 0.131035887266741
0.00562095686931629 -0.00978935934988662 0.0113352690560442 0.155873261524891
-0.00692100640010141 -0.00591567744321319 0.0525935992734703 0.160446072365739
-0.0170975869613518 -0.00845036865457275 0.0501305253075236 0.147159660605877
-0.0246305246934446 -0.0189434646489161 0.0142731786829698 0.137918440236639
-0.0090749472591128 -0.0247562870153481 -0.0244887206591468 0.110468320160028
0.00619865689796492 -0.0287416450577281 -0.0692915928035728 0.0702157791828886
0.029530024982124 -0.0239656950869441 -0.0839474742610819 0.0120339049580719
0.0440654728952307 -0.00748071547736081 -0.0608254685674942 -0.0283385389386416
0.0371813038880963 0.0195802207839795 -0.0516720651149513 -0.0159190747327123
0.0205500270271305 0.0252810159082987 -0.131168757196569 -0.0232438178976961
-0.1059634925891 0.00566422538154342 -0.137559235313726 -0.00318481216787646
-0.0543874089835936 0.0792489386250746 -0.0857096853718174 0.00557011529599578
0.0435812235199989 0.0801588695197137 -0.089525527528043 -0.00299871024828806
0.0870772762725945 0.00756125118588197 -0.100026106163969 0.0538083730137777
0.0400917048960522 -0.0552164333859994 -0.0521356900342991 0.128830662273449
-0.00334442235175061 -0.0602281109628585 0.00521691154444488 0.146675480552236
-0.0322631009644638 -0.0630863927644348 0.0432652299110465 0.147982023618228
-0.0364818902013923 -0.0649871804885962 0.0400300488177353 0.126264175176898
-0.0309809986280438 -0.0749870142872906 0.0128416414307925 0.121594188226052
0.0162066608875031 -0.0704487583510202 -0.0232741079755375 0.0953678024414653
0.0581112430755678 -0.045807880390023 -0.059677007340637 0.0596886289003157
0.0816962952175551 0.0156496228650701 -0.0659130371613821 0.0137068895034391
0.0443443926374194 0.0517098277290491 -0.055740828508206 -0.0156656500665071
-0.0113356556851062 0.0452509444697963 -0.0598907971213336 0.00699294014820539
-0.0533805123914895 0.0203754087824058 -0.12676721086738 -0.00502872741995346
-0.146552884922358 0.0325717335497635 -0.0862842190812012 -0.0141066403900808
-0.0623284915102057 0.117767533138661 -0.0496774991116393 -0.0184000659958739
0.0722557068536805 0.11147555930679 -0.0758290573408579 -0.0339799831434727
0.133222075677855 0.00598673774104893 -0.0986618766598241 0.0199957585121759
0.0623617082747732 -0.0901701562003767 -0.0597366944796545 0.101679170215608
-0.00904001536344263 -0.100598770656353 -0.00752918550305371 0.115393997390339
-0.051651324812641 -0.111045664573574 0.0259181083037986 0.115433455797886
-0.0508013842007173 -0.112199421087529 0.0257196908470292 0.0872049050714099
-0.0378994598361458 -0.120031562078455 0.0137057886687981 0.0851068888862219
0.0317963798466048 -0.110286289072284 -0.0123146351206686 0.0640205708247539
0.100206231118321 -0.0672309303676026 -0.0328415543553729 0.0421889120600807
0.133345377818136 0.0464594037718909 -0.0302344300189472 0.0159685949798877
0.0481330103521747 0.111319916028138 -0.0344069542158161 0.00444223418579728
-0.0630716536668279 0.0794426873829677 -0.0495510238188302 0.0403781738125787
-0.127796608557492 0.0185652716653737 -0.096902530650211 0.0265973909201047
-0.163751925948975 0.0497044443504142 -0.0355250645495486 -0.0294392772692125
-0.0669898212729015 0.128825373370006 -0.0143337316456108 -0.0352065061644349
0.0781275578069752 0.125071315295395 -0.0460599680863076 -0.0566407889083185
0.154704240542937 0.0118574418415033 -0.0789968744053158 -0.0188082301808048
0.079333327493038 -0.103673357081928 -0.0593579114089211 0.0557264501660258
-0.00658513507415406 -0.122561780049459 -0.0227625786450511 0.067213541625517
-0.0601058022184995 -0.142106948831993 0.00249680728437983 0.0671260976001096
-0.0586266451660638 -0.14273812439898 0.00705664402712674 0.0368528905456554
-0.0444740557028645 -0.147763701568486 0.0112304304209521 0.034972021890265
0.0320916566337334 -0.137989880256952 -0.0024298495504471 0.0200288284587251
0.120640678001832 -0.0912802173670293 -0.00425561897827808 0.00888204174467273
0.17427656196587 0.0574769096667777 0.0134131086239261 0.00286370069756866
0.0613670063194509 0.157172263311452 0.00596573309755927 0.011884362815459
-0.0981215138577038 0.117665063398786 -0.0115803038879377 0.0660301608230179
-0.185570302598831 0.026129002342902 -0.0356557947582243 0.0604230401339427
-0.160561585571649 0.0451408623789124 0.0122327559768285 -0.0358976239625233
-0.0787490590717603 0.10967248188209 0.0189022928270015 -0.04112878880768
0.052714736091153 0.129182374930263 -0.00525363980188362 -0.064198937750178
0.147894115913344 0.0391377891349921 -0.041298580158445 -0.053185681902819
0.0970031569878927 -0.0858427174357544 -0.0481289218563236 0.00359894356503958
0.00923210451697306 -0.120961820696485 -0.0314115134967014 0.0101185630459815
-0.0508738640042264 -0.151357738357658 -0.0201240340215964 0.00980078987114592
-0.0534744378912887 -0.152599379877814 -0.0130171337427754 -0.0201454195240556
-0.0436655032970764 -0.152699486148606 0.00421152659826098 -0.0218009352047505
0.0240254981183503 -0.14413195062417 0.00105425249270715 -0.0318856703366464
0.115698884958931 -0.104975929873383 0.017471410638106 -0.0346367276285397
0.188101306337467 0.0476743558326037 0.0512680671416945 -0.0246699143530107
0.0760115345529736 0.170412442159288 0.0474405879677412 0.00132134559383905
-0.103944594313463 0.14352390208071 0.0431484150090795 0.0702221475274497
-0.209581419881042 0.03706144166324 0.0446435906855808 0.0830314303572885
-0.140849955132336 0.0298426880182817 0.0516757639281007 -0.0327449296809784
-0.0915081572371469 0.0748360829631642 0.0440213570363923 -0.0314400322660058
0.0111414180309402 0.12183609522908 0.0335901125822557 -0.0497950027153144
0.117939970161355 0.0684901792393124 0.00608120244976195 -0.0649939348399171
0.101965084554361 -0.0502349134792311 -0.0199675116028545 -0.0395222895527311
0.0246276697394025 -0.0978885894196758 -0.026608243158898 -0.045022752392282
-0.0358342481286866 -0.135311558111915 -0.0363628621650737 -0.0492578197224383
-0.0456673025549536 -0.140842960194212 -0.0323009907827671 -0.0747150723594501
-0.0408002782167744 -0.138093177618607 -0.00900166566127767 -0.0761118699134774
0.00779610766862965 -0.130133670299862 -0.00424691597958998 -0.0781447149814574
0.0880983145853699 -0.105781921678379 0.024580631894062 -0.0767322122003489
0.16959521592033 0.0228879759756671 0.069676094648039 -0.0590285861364235
0.0852636144377887 0.146644265798646 0.0753924680151223 -0.0234499627024355
-0.07742822847841 0.142256612507429 0.0939133495051693 0.0504680770378788
-0.193826534673615 0.0478113423837958 0.129552683111603 0.0860787032530033
-0.106337545405973 0.00969007907144439 0.0832882121644455 -0.0161737221422257
-0.095088009286471 0.0342709489786228 0.0605081158139653 -0.0148537359061824
-0.0294473538439011 0.0995655403546044 0.0561273418866843 -0.0207682758957943
0.0711715813029291 0.0832983848321983 0.0466503836422794 -0.0503115392406506
0.0865496744097556 -0.00911883482439609 0.0184714360657363 -0.0611570528848797
0.0333325103568313 -0.0592450456206682 -0.00905808704374441 -0.0866365238116317
-0.0155660712816416 -0.0959048432276019 -0.0424309431166806 -0.100811208165765
-0.0290490139395286 -0.106539106140017 -0.0478312988671881 -0.119297488991642
-0.0276391430857239 -0.102133454855896 -0.0242596623707251 -0.120467850911553
-0.00233835819671507 -0.0956980201660213 -0.0123647151131341 -0.113610369569549
0.051825120477871 -0.08540669583327 0.0233054098505756 -0.109214452001351
0.121292230659209 -0.000304970342086623 0.0747993272273316 -0.0857591775626946
0.0764739302551609 0.0970962929933517 0.087732836821635 -0.0427877925614182
-0.0358844663067864 0.108506261129616 0.122630101344711 0.022089817586762
-0.139859842756059 0.0472549071577293 0.193305826412558 0.0689022670660511
0.0293939220217642 -0.058069031233532 -0.193367685080928 -0.00216798873667743
-0.0141357032263925 -0.0509625774441861 -0.137285954962047 0.0335802347757746
-0.0417874088497503 -0.0265126801819717 -0.0839519694718287 0.0445066478339015
-0.0475917951450666 0.0144690228158219 -0.0731157348227275 0.0747961405661773
-0.0159017073721273 0.0431558358823799 -0.0400265505409511 0.115745864514735
0.0119407606876681 0.0424414972862444 0.0107920272983171 0.144825346653068
0.0193895225646526 0.0527958125494768 0.0541912761045853 0.150930406145155
0.00636175644615781 0.0508962306555568 0.0572332943431507 0.146659901708905
-0.013746982005984 0.0416993742240101 0.0208987330671047 0.133688286639205
-0.0330140899674041 0.0240708904676529 -0.0122884617442946 0.110165866448558
-0.0465525167618849 -0.00857455706367606 -0.0562224725754139 0.0771735541927517
-0.0254151476116892 -0.0605997459509177 -0.0829583150752253 0.0253508568478635
0.035308826703544 -0.0621965543462191 -0.0587601297148653 -0.0194454081308505
0.0728534558182146 -0.00771334045933843 -0.0434314469311707 -0.0217061216689694
0.087754118956692 0.0223500757326551 -0.120144685262597 -0.0237230646749189
-0.0465585587173523 -0.0259206269715219 -0.179496208645696 0.00398435652015021
-0.041521906048744 0.0192430986427206 -0.11937074029934 0.0296011727394469
0.00190736043345436 0.0331529185105669 -0.0900786881215663 0.0283193960820982
0.0237867804802593 0.014040150880306 -0.0875784137712767 0.0735555974179698
0.0153718942825106 -0.00694638805699901 -0.0424180615046425 0.133874007227508
0.00549381050245722 -0.0107675084818069 0.0138412844889426 0.158143553173695
-0.00729488220825041 -0.00633855136867475 0.0557613196678639 0.1619032602678
-0.0175741349870272 -0.0085847481090198 0.0531235977150655 0.148517913026456
-0.0252115511500956 -0.0187661974151064 0.016480358382897 0.139636663008929
-0.00973844253509398 -0.0252490023529976 -0.0232520485491558 0.112141529106325
0.0056289923756582 -0.0289119979359969 -0.069809566095367 0.0714176292808289
0.030049917320767 -0.0246861965331576 -0.0850056568106771 0.0137011561344355
0.0443270342768967 -0.00791928916110385 -0.0618134059027408 -0.0280833842908528
0.037786866592562 0.0191982270783121 -0.052508402992604 -0.015325625955116
0.0214495275653822 0.0255654099572186 -0.134234211930476 -0.0214502142234911
-0.107874877349786 0.00784796546637829 -0.139930320353561 -0.00135154349986363
-0.0540225255806661 0.0810031732045923 -0.0868572298587831 0.00695108999437785
0.0459672484379864 0.080446392649105 -0.0909009399245638 -0.0021115534494565
0.088798302305818 0.00619912883558844 -0.100750265253953 0.0557676051581523
0.0397567627793036 -0.0566673428667914 -0.0509686114484306 0.131211630520664
-0.00437405617736325 -0.0612259803928331 0.00789933311967881 0.148550825258362
-0.0337638349488703 -0.06374855632192 0.0463479995361957 0.14962317288304
-0.038080415646821 -0.0652577379566334 0.0425473400801092 0.127301685954581
-0.0321188742472726 -0.0751528412029967 0.0148029260850634 0.122971029555364
0.0157083989786394 -0.0714184178487569 -0.0222414837017807 0.0972704737619024
0.0584294682403711 -0.046900060654087 -0.0594923685820843 0.0609357415438484
0.0830033782887327 0.0150329076023692 -0.066419049852603 0.0145569336451411
0.045197238046818 0.0521297559150923 -0.0570735413857983 -0.0150366020795542
-0.0107328982346604 0.0459953712670026 -0.06052777153102 0.00738371103399097
-0.0541127157998101 0.0218013015830859 -0.128829108530431 -0.00334899037002409
-0.148343064418082 0.0359349649052191 -0.0877218879460907 -0.0134824722398123
-0.0613598490011671 0.120737797644722 -0.050474271077519 -0.0176268819745422
0.0751967176263914 0.112240908484778 -0.0774505978443845 -0.0337789394147839
0.135789907718549 0.00393883656241007 -0.100226113794108 0.0219458538562145
0.0621464183759948 -0.0925550197575228 -0.0587754092115744 0.104021902063075
-0.0104555280699445 -0.101727890652554 -0.00587981448960395 0.117519486689487
-0.0538049753830177 -0.111909889131532 0.0282776736061492 0.116603761111526
-0.0535151629338422 -0.112766079477172 0.0275374810297415 0.0880803610065231
-0.0398724900446105 -0.121233050256394 0.0157094884647011 0.0858863128123427
0.0313458666591232 -0.11233419195513 -0.0116249845170785 0.0649945930421899
0.100726858689973 -0.0693582827526352 -0.0327123847380913 0.042871937669543
0.13604465935363 0.0458927735593064 -0.0304518190458243 0.0167394750266439
0.0497841541683902 0.112341094666416 -0.0351133351346929 0.00518664286806675
-0.0631720154325219 0.0813848330839534 -0.0496705146237236 0.0410338303724499
-0.129543877083968 0.0212756436005313 -0.0977830357060049 0.0281945267098235
-0.165806877666705 0.0524515045231596 -0.0364292817683398 -0.0294236040556414
-0.0659228721455664 0.132515827353839 -0.0151451882223567 -0.035653001375527
0.0815717027647564 0.125912320818815 -0.0477312018285832 -0.0570159407423004
0.157538541770001 0.0098474140625995 -0.0806179531071206 -0.018258946098803
0.0795485104346531 -0.106623494800632 -0.0593831678232996 0.0574532304157951
-0.00790929609030817 -0.12380731208392 -0.0221199271863115 0.0685107230102081
-0.0626843433090259 -0.143032441923721 0.00339126072090803 0.0678465309213763
-0.0614857499677964 -0.143567385842048 0.00782858428205029 0.0372451394785983
-0.0473771366591253 -0.148586414732802 0.0123888784372557 0.0352222734256103
0.0312687371462439 -0.140468198360935 -0.0025115425454678 0.0199315860378569
0.121540177701772 -0.0943872484333197 -0.00416296001876397 0.00889289407872557
0.178301393981036 0.055276166288278 0.0133731423599109 0.00269400889125288
0.064309703905018 0.158871388088775 0.00569465079797881 0.0121874447723303
-0.0982393662563017 0.121038416684623 -0.0104421839343185 0.0669972083449784
-0.187761673678078 0.0293615364614814 -0.0353133428101386 0.0611823916829825
-0.161890045827364 0.0482275558249918 0.0117720390883176 -0.0368842365961064
-0.0778738492701044 0.112494589247199 0.0183559905693228 -0.0420267350505097
0.0555326525450556 0.130668805347004 -0.0065307790196538 -0.06568209073762
0.151179101917399 0.0371688319455929 -0.042772467806621 -0.0536062142736535
0.0971378748019408 -0.0882001683835914 -0.0482837912341956 0.00438771240060252
0.00783501393687516 -0.122807684355708 -0.0317163007149598 0.0106880016842017
-0.054054877811792 -0.15236849875258 -0.0201254875853525 0.00999273312543142
-0.0571257850824359 -0.15409258035224 -0.0133925144163469 -0.0203154789565242
-0.0461200826305822 -0.154469707610819 0.003757877434919 -0.0231948244290417
0.0224105089544415 -0.146482101884182 0.000751011498081001 -0.0321767344823657
0.11577574233596 -0.107978482833161 0.0177328553263203 -0.0353838922650854
0.191575616701161 0.045509162921353 0.0515015338285809 -0.0254823408790091
0.0796544315841334 0.172285368284043 0.0476205832649104 0.0005847528889175
-0.103556709819962 0.147090364101818 0.0446193078005366 0.0708103325088799
-0.212851937051112 0.0416615051539809 0.046790391117447 0.0835214583601469
-0.142100376307412 0.0320476101299877 0.0519474655966425 -0.0340573853096479
-0.0917163332903894 0.0771063805628083 0.0437817707176656 -0.0326747788578274
0.013120357316802 0.12385857356426 0.0331319107544398 -0.0513373880612215
0.121504749106467 0.0679450565309596 0.00497599274618991 -0.0660770599682293
0.102797470360349 -0.0521923223728186 -0.0199534392442201 -0.0392662317962556
0.0238861882752557 -0.0994749838484733 -0.027589270216513 -0.0450323237617361
-0.0386468202408438 -0.1367523241291 -0.0378414943416455 -0.0496132153868982
-0.0488370137676987 -0.142545649877639 -0.0340624890689849 -0.0755149110445186
-0.0434506093965056 -0.139480989315378 -0.0101172140935833 -0.0779321397809465
0.00631061124997947 -0.132431997335264 -0.00564404255627497 -0.0793966161541256
0.0884000332209577 -0.108581159934536 0.0240732620980404 -0.0786454679218955
0.172500954916586 0.0209550963313857 0.070029194293721 -0.0606847662120694
0.088644981831024 0.147771963965225 0.0758637616244676 -0.0242999415908596
-0.0763813100425626 0.145287936062685 0.0957746735700675 0.0500454959109828
-0.195920933456825 0.0514819876229875 0.132871767230003 0.0849939248626215
-0.107828882187647 0.0114322842197266 0.0846478581542828 -0.0174558362153281
-0.0962027765186738 0.0363913395405252 0.0607966398380135 -0.0161200872337668
-0.0281844144901695 0.10185411437329 0.0566052900038533 -0.0215862235400735
0.0742175207114852 0.0834294181669144 0.0460929392679372 -0.0514427734226445
0.0879017957599152 -0.0107039631362143 0.0180739461262979 -0.0617333662681565
0.0330872592230098 -0.0602067292946654 -0.0101193593823519 -0.0876382917445146
-0.0170951556390426 -0.0967979809236396 -0.0450226152227159 -0.101572592873388
-0.0313908645468619 -0.107514089970636 -0.0502447580793232 -0.120450832049243
-0.0295824871364867 -0.103571967654562 -0.0260906347205898 -0.121995913422525
-0.00387945007791967 -0.0971127556449242 -0.0138327876623779 -0.115392053289172
0.0514740646004206 -0.0871851723124557 0.0227068057040193 -0.11092708421105
0.123751407804423 -0.00227743216691436 0.0748308838756456 -0.0881117354949698
0.0789306226708504 0.0972473067026912 0.0876040663747269 -0.0442979494629497
-0.0350340343210183 0.110648255318059 0.124984566037524 0.0207791468566506
-0.141082867584968 0.0501685979165308 0.197260149043497 0.0666363658852002
0.0288639145959218 -0.0589126955786311 -0.196560934856502 0.000588524421033943
-0.0150938140945327 -0.0517921489495017 -0.13833898960297 0.0360868874260349
-0.0423623707333028 -0.0266567236692171 -0.0847739221037057 0.0460217285635195
-0.0481405485767019 0.015288951173129 -0.0729858988719098 0.0768548276556335
-0.015813058673396 0.0435990654028042 -0.0396759938727433 0.118346258270367
0.0127083387917712 0.0428972694611566 0.0133637501710929 0.146571976350746
0.0205403525265763 0.0531550855049872 0.0579481370303634 0.151804419934637
0.00766871378419434 0.051457283213679 0.0605760383047465 0.147572869144988
-0.01319060510239 0.042614633183095 0.0226884135692912 0.135328809115406
-0.0327189537750614 0.0248788426970491 -0.0107695097275784 0.11145143780973
-0.0472412154905283 -0.0073840964581243 -0.0558890320086495 0.0783774837776808
-0.0270567500334112 -0.060598188489834 -0.0830650630635911 0.0265187187254904
0.0344240176797639 -0.0638320117191385 -0.0591289615705558 -0.0189316266955412
0.0739808901512783 -0.00941513062160424 -0.0444096708620017 -0.0213075283748729
0.0886931624606337 0.021226874179426 -0.122392184663009 -0.0217566052889158
-0.0477624344476045 -0.025622522778785 -0.18244933005583 0.00692731026404637
-0.0413289911884205 0.0208074101446273 -0.120645400923974 0.0314734061151941
0.00214624727659479 0.0332517452333745 -0.0910750879197041 0.0293888253455299
0.0247388328880851 0.013670011628913 -0.0880447726135604 0.0760727423349649
0.0153176439487391 -0.00733401153379187 -0.0406078582074033 0.135863366576357
0.00564359325928739 -0.0106049865551232 0.0161978339371598 0.159682608341087
-0.00692283643414689 -0.00659079531480811 0.059089735225609 0.16339170195703
-0.0178110064241843 -0.00820152180626829 0.0562563027084522 0.150161620700403
-0.0256974167669827 -0.0186467956795246 0.0188371472024248 0.141586727014627
-0.00995270643063025 -0.0253892483397572 -0.0218822804590962 0.113758248153139
0.00533801373145818 -0.0291276583656494 -0.0692443305035952 0.0734370692693908
0.0293975093412713 -0.0251470374333592 -0.0853935492235485 0.0148854856809335
0.0445824304565304 -0.00868064322609479 -0.0623276212583914 -0.0282846036348442
0.0379611483137614 0.0195547540587369 -0.0524739016382796 -0.0149746623193897
0.0219545563197865 0.0256079940460111 -0.136414054654589 -0.0193176067255972
-0.109096443145259 0.00992974464598621 -0.14191445421543 0.000543558558342216
-0.0531105915793274 0.0832332979749434 -0.0880389855097195 0.00857082643534672
0.0482790820398319 0.081110705326785 -0.0922817460109939 -0.00112602222296328
0.0905654222997262 0.00463540775205611 -0.101671416088026 0.057797891362684
0.0395450665915785 -0.0582662939152598 -0.0494357948992186 0.133788237287829
-0.00533935607333854 -0.0621762146642612 0.010325814843433 0.150576506314257
-0.0351794529755821 -0.0641247506584169 0.0493293847183575 0.150405684138021
-0.0396674294435658 -0.0658587000893902 0.0451973400550187 0.128516364472834
-0.0338876419874041 -0.0759252070175986 0.0170288237481926 0.124639866269679
0.0148960720778746 -0.0725413609620328 -0.0211100194866702 0.0984545434925068
0.0585711686092932 -0.0480636143752211 -0.0594182712393798 0.0625870368536273
0.0845198664502364 0.0144964882133003 -0.0668549942167649 0.0155041256661177
0.0463240600210393 0.0523132269074697 -0.0578191365615692 -0.0147035911626319
-0.0107029295288745 0.0468497490736515 -0.0610817117810398 0.00853328529284766
-0.0545535484792926 0.0231862079758 -0.130746827883397 -0.00125681242067863
-0.150212643160993 0.0390770013024647 -0.0894405102769982 -0.0123366707490865
-0.0602690651548805 0.123972571788153 -0.0512428837244761 -0.016988889368655
0.0781723344877313 0.112478129692346 -0.0789662596740441 -0.0335114704114074
0.138128073579806 0.0010036585723639 -0.101624417309634 0.0236190757212738
0.0615580264443853 -0.0948177673695796 -0.058001690125038 0.106445830308338
-0.0120858127542759 -0.103233756732359 -0.00425541562362794 0.119486689245665
-0.056138211615747 -0.112566547475184 0.0301969333922079 0.116976638950266
-0.0561811630524464 -0.113530055146943 0.0294846943165725 0.088811979118213
-0.0417879011103597 -0.122042418724356 0.0169270470903109 0.0866538955062556
0.0298695662493152 -0.114166373338233 -0.0108245213701053 0.0661474615390298
0.101889642568083 -0.0714670350059452 -0.0322093861492948 0.0435506361262864
0.138595307787751 0.0445420275987773 -0.0309131897831424 0.0172217146684681
0.0521472979053282 0.113241255519375 -0.0356806609868727 0.00579208010465162
-0.0626736631314786 0.0836336375963558 -0.0496124369747821 0.042288997589127
-0.131233142415762 0.0237361824233044 -0.0988598241530778 0.0299442200185452
-0.167121285740645 0.0563472712355655 -0.0378798102905365 -0.0292078734255184
-0.0650027548819257 0.135170904349308 -0.0156208729853419 -0.0361326149493365
0.0844468250198301 0.126764551393254 -0.0489573686881604 -0.0576151307769165
0.160456711660936 0.00802642121593385 -0.0820250252087571 -0.0178092831206612
0.0787772597762843 -0.108937334479442 -0.0586375312342014 0.0593541091222405
-0.00995944712463636 -0.125655997140796 -0.0211151902018763 0.0698898714548353
-0.0660277599295655 -0.143586387317025 0.00459337780662402 0.0684413497666089
-0.0649591833061561 -0.144711112803223 0.00858218491631408 0.037501274979354
-0.0501795612538832 -0.150385930110141 0.0133799077058854 0.0349804846832998
0.0292051793331576 -0.142772379167843 -0.00187372864167231 0.0199503852479837
0.12182440286695 -0.0972096592985094 -0.00399260546515339 0.00873462334025964
0.182134059142022 0.0536702391877253 0.0135606811375842 0.00247463576019039
0.0677366233223204 0.159924257911966 0.00540972403900398 0.0123526660772575
-0.0978703735114447 0.124089064299847 -0.0096883798996949 0.068112482795703
-0.18999257443599 0.0331307992039637 -0.034586198426811 0.0625893896758193
-0.163578951972593 0.0516057888987238 0.0113756566346516 -0.0374875723131939
-0.0775886218973806 0.115647115883538 0.0180394209669983 -0.0425837734980949
0.058513879368642 0.132261067910331 -0.00783873857260465 -0.0666215160943507
0.154598121163069 0.0359435516490208 -0.0448289386078624 -0.0534380488116868
0.0975794897034793 -0.0909788642455721 -0.0487656547216615 0.00539368653980346
0.006393973732624 -0.124159622260857 -0.0321216438197125 0.0115596479019959
-0.057363400639713 -0.153898932470351 -0.0203896415358277 0.0103632215443097
-0.0604154807783337 -0.155380209649415 -0.0136879957418751 -0.0203941226076341
-0.0494724730614328 -0.155702756827838 0.00347412375882615 -0.0236239854892663
0.0208876277838438 -0.148486231513453 0.000287603833262392 -0.0331385469726277
0.116111962594011 -0.11120340899091 0.0177661269358352 -0.0363723251111451
0.195423937570912 0.0437063227456891 0.051643317598286 -0.0269689385348272
0.0837165938332967 0.173198794823923 0.0474442975495852 0.000269250637116189
-0.102364052152494 0.150950427867934 0.0459117530589948 0.0708721740429036
-0.214738189239407 0.0454070224197434 0.049138582758806 0.0835606608969986
-0.143838194301617 0.0345516152111202 0.0522492580506193 -0.0353170883596911
-0.0919448313957367 0.0798854015075027 0.0437367999151862 -0.0332712536847765
0.0152406845638466 0.125947855896231 0.0326283131095639 -0.0523717076419952
0.125044829250663 0.0672317624358009 0.00344396941478802 -0.0670108911666093
0.103480426832594 -0.0542519525890514 -0.0204127166629647 -0.0391742785484674
0.0227515522612877 -0.101172722562267 -0.0285187648143553 -0.0446555309857376
-0.0409471308165648 -0.137806939886666 -0.0392275084844424 -0.0493591314792163
-0.0518137460372984 -0.143353941047079 -0.0359373406507763 -0.0761532627926643
-0.0460167407483453 -0.140273903589188 -0.0111971720847834 -0.0791451296556101
0.0046909506563817 -0.133908609953484 -0.00663132028012602 -0.0802257709641637
0.0878064179060065 -0.111620842395919 0.0237427826702689 -0.0797224049171441
0.175389544965404 0.0184147346428519 0.0699709276306632 -0.0627617210808098
0.0921560233055751 0.149086317991698 0.0758304968014156 -0.0257068131483808
-0.0757498449062027 0.148327548696195 0.0977418916516507 0.0496593536902319
-0.19824717936386 0.0556881858306837 0.136747454958621 0.0839070984665597
-0.108958771380241 0.0125087008356115 0.0855443387933865 -0.0190219727820292
-0.0973453222096364 0.038239315465577 0.0608059021681649 -0.0174677265244685
-0.0269673097366622 0.103859888771798 0.0561431866556526 -0.0223055877376076
0.0766773085040178 0.0833133254672173 0.0453925196727208 -0.0521586782184035
0.0893589514982573 -0.0118194562398045 0.0176037956704919 -0.0623308037009983
0.0327565831644026 -0.06159209578463 -0.0114482163662494 -0.0880812157521706
-0.0188626684518671 -0.0975269665722784 -0.0470937399437827 -0.102013780121085
-0.0342494090290932 -0.108153362891379 -0.0530856348365551 -0.121311025107505
-0.0316945814002275 -0.103965383846438 -0.0283733020197306 -0.123493896080789
-0.00519103277106395 -0.0982424483676149 -0.0161072558204971 -0.116265978568142
0.0508708822113534 -0.0893148061496672 0.0212512357843844 -0.112993565634129
0.125340845377782 -0.00419539303723291 0.0746361434123319 -0.0903343565420537
0.0817297159543025 0.0971592666184114 0.0880901912739791 -0.046108990595458
-0.0338953536133572 0.112761066366987 0.126942546516381 0.0194294051611832
-0.142628325611539 0.0530785945014027 0.20209949304183 0.0640085844760573
0.0284567507318255 -0.0594751077111799 -0.199551405119168 0.00383990709599404
-0.0159799226751156 -0.0516072055446435 -0.139221744223619 0.0388540655757793
-0.0433318462073244 -0.0265973532195936 -0.0850567126038532 0.0474416175450465
-0.0486234849632754 0.0158207774421751 -0.0725547612654846 0.079344847016006
-0.015512561007737 0.0440207432371617 -0.0379480173664036 0.12012316879073
0.0135708791418997 0.0426582864103478 0.0160600676805086 0.147978602870603
0.0218691438647416 0.0530459038530503 0.0617678783262852 0.152669918958438
0.00877887402432306 0.0521475716051257 0.0641731881406005 0.148818590580727
-0.0119491832384824 0.0434769564556546 0.0256094755573816 0.136194863751579
-0.0327637267841914 0.0260343957687693 -0.00912418569398161 0.11244356212197
-0.0480032214748859 -0.00618172116191293 -0.0557391516872989 0.0800394965513803
-0.0286558603564498 -0.0602475148705652 -0.0831476469728904 0.028371188716764
0.0329443605238021 -0.0650428123123056 -0.0595544192636921 -0.0184752927304429
0.0740951252678333 -0.0107910276701439 -0.0447352569713048 -0.0212453150897288
0.090447136309467 0.0197007986972381 -0.124201794562598 -0.0196797234951588
-0.0489223429618672 -0.0247375298879058 -0.185003646182214 0.00997450953051304
-0.0415212653193179 0.0217942305645477 -0.121305135310601 0.0343851531340232
0.00346848049846885 0.0332471964214527 -0.0917908156773953 0.031253108127462
0.0252802364852167 0.0131250739898291 -0.0877514687419222 0.0783256971948132
0.0151990232082883 -0.0080440685839343 -0.0391639151450032 0.138430897213709
0.00553433159122681 -0.0113327970108848 0.019089961563342 0.160896576489417
-0.00721576457324079 -0.00674306001482953 0.0632136874546363 0.164114476514058
-0.0182072512514613 -0.00798728073082024 0.0603303633145336 0.150957997791492
-0.0266150268904635 -0.0180269851768356 0.0217938679131435 0.142789188503521
-0.00972049244995602 -0.0255691888498274 -0.0205395241848432 0.114898125380162
0.00475639415971256 -0.0294843695820309 -0.0695015843314838 0.0750101550465375
0.0289190849632316 -0.0255573040340813 -0.0862392798487395 0.0155711098071157
0.0440519421565405 -0.00883460658170401 -0.0635401368574536 -0.0274145217949903
0.0391128266342449 0.0190935594787323 -0.0539281528038482 -0.0145200998948277
0.0227438673136141 0.0253827526320279 -0.13893084130807 -0.0173348111657793
-0.110719554308998 0.0126234996329292 -0.143998608081538 0.00263121180316605
-0.0525059380806798 0.0856069288700983 -0.0887597770307557 0.0105330555826185
0.0502762504764844 0.0807338822637213 -0.0934296915344059 0.000186263355234485
0.0919128342270573 0.00261018905587404 -0.102346880025133 0.060415153683704
0.0387168255481132 -0.0597076794828292 -0.0476933996921862 0.136237833218261
-0.00639221995019965 -0.0628172085407851 0.0131652816175254 0.152278993728942
-0.0366830403909043 -0.0643964364576886 0.0528269553385361 0.150956043349021
-0.0416359442394867 -0.0653939853683966 0.0484943442447604 0.128758528347425
-0.0358273861173998 -0.0760308125042077 0.019237958268184 0.125216418547144
0.0137776302976769 -0.0735377468795783 -0.0196631383587494 0.0997837716534255
0.0586457183986414 -0.0496737622828556 -0.059273227490641 0.0644893128111037
0.0855667719046261 0.0130485618929448 -0.0674048657277676 0.0161968191255476
0.0477293599881527 0.0526019489878071 -0.0587557234068967 -0.0138319865087503
-0.0101430801027185 0.0480014273074066 -0.0611665236628746 0.00898683095060294
-0.054815256342355 0.0244755447876341 -0.132720607605187 0.000822336652769088
-0.15160009350502 0.0423127744207646 -0.09082760319629 -0.011124209069382
-0.0588930540338276 0.126777402583812 -0.0522294991926454 -0.0166099072013006
0.0811896757971365 0.112643950803397 -0.080630791477423 -0.0328625747589779
0.140751211272081 -0.00133099895622298 -0.102712917193241 0.0253184459692804
0.0604061645485735 -0.0969881253780977 -0.0565738576167081 0.108454015698758
-0.0139967260482485 -0.104588246045618 -0.0021478063267337 0.120961704840758
-0.0587871118872102 -0.112756634150718 0.0325769283287379 0.117871794779352
-0.0589591869177899 -0.113739651031031 0.031383289054597 0.0893052298730162
-0.0444499442639378 -0.122576937267489 0.0188406512088321 0.0871402869294045
0.0288643461499754 -0.116116091838445 -0.00967221631447277 0.0665852349629977
0.101742233798451 -0.0742892631446168 -0.0320121575709415 0.0445891002961602
0.141303086302057 0.0421198379054862 -0.0310849774122299 0.0178570857735633
0.054732544965636 0.113710012265352 -0.0361998253955899 0.00613947832646288
-0.0622639320337083 0.0857528049714047 -0.0493603414866748 0.0430359333724853
-0.132432275116861 0.0267314035780966 -0.09951250407777 0.0317253863280612
-0.168383074081415 0.0599002364441608 -0.0388535534005324 -0.0291732510867999
-0.0634253457754089 0.138128147208427 -0.0163794205089166 -0.0361683977500061
0.0879421848592046 0.127055301446515 -0.0501474095959514 -0.0573852955178893
0.162944804996348 0.0046061883079167 -0.0839199229869232 -0.016228639030401
0.0783124098932548 -0.111276346578329 -0.0580419125957989 0.0608774467233253
-0.0119824772199758 -0.126962124916838 -0.0203700601362242 0.0713087744163436
-0.0695009468563308 -0.144275601049376 0.00587076341571541 0.0690278757611193
-0.0688650054180157 -0.145056177659254 0.00943193717856016 0.0377288381543298
-0.0530369389373192 -0.151282708139942 0.0138854388702036 0.0349615682348595
0.027593535913666 -0.144828044186377 -0.0014665854911498 0.020240665218459
0.121856568125604 -0.10044499016031 -0.00325729857092326 0.00899899310417991
0.185042982956108 0.0511238607283415 0.0143122912241658 0.00233415950917134
0.0710705611618103 0.160903145426564 0.00497336237642028 0.0124317099189437
-0.097005008388601 0.12737195540332 -0.00922721777124784 0.0685085087710208
-0.19202004216238 0.0372596151283395 -0.0334522249829157 0.0634816882522979
-0.165070679751699 0.0551229706586332 0.0109187190097706 -0.0382304548220552
-0.0767147766570823 0.118430780148296 0.0174338145850807 -0.0436882907480198
0.061522560988805 0.132994856015714 -0.0092464033461239 -0.067493810176275
0.157448378837026 0.033436250461246 -0.0462210967370265 -0.0536905103430976
0.0973985236535591 -0.0937660693276452 -0.0489587679203265 0.00634801738885504
0.004468302915103 -0.1253803584891 -0.0319257012314614 0.0125359223202578
-0.0605156161774811 -0.153717258602668 -0.0206148317416955 0.010809888892579
-0.0644530742394916 -0.156079108236974 -0.0145317176392202 -0.0206350251767881
-0.0528567468318993 -0.156640130895996 0.00354675148490059 -0.0240107977018764
0.0184137987637315 -0.151184399416871 -0.000365180808273905 -0.0331116642196208
0.115701780875248 -0.114426059337027 0.0175035777530184 -0.0368807159412241
0.198767594838013 0.0403828402633466 0.0516629765338093 -0.0280277697222411
0.087655966909514 0.174209603516614 0.04783751306693 -0.000215739218131231
-0.101390083186074 0.154052752144244 0.0473664061044623 0.071315192498551
-0.217218374124425 0.049938841318014 0.0516047605576788 0.0833346802095504
-0.145145382853949 0.0374517935737489 0.0522514417859921 -0.0364419169814825
-0.0913962957720349 0.0824832526176493 0.0435592740321584 -0.0346010970603944
0.0173753400329847 0.127432055462376 0.0319234462368091 -0.0533157994176695
0.12765487454875 0.0658771775976219 0.00211280626765633 -0.0674053463974363
0.104064212908915 -0.0566633118631456 -0.0209567232849506 -0.0391155108177107
0.0215319400422509 -0.102629305691157 -0.0296493865874925 -0.0445375914929394
-0.0440957945423287 -0.138307211490927 -0.04055214134894 -0.0497420420532892
-0.0552667830526526 -0.144044204468377 -0.0376475363169345 -0.0762225006547616
-0.049187020612935 -0.141202251792673 -0.0130192527883338 -0.0799933029312157
0.00210985952769505 -0.135905699854558 -0.00790858100747935 -0.081202747565232
0.0871666300587473 -0.11444310746293 0.0227186222935955 -0.0811010302978581
0.178118926447266 0.0155593207079093 0.0697205427434197 -0.0647344256226017
0.0967574692259145 0.148646464890568 0.0759320291493655 -0.0268708818648853
-0.0735721481421006 0.151669163781778 0.0993612420148916 0.0486010647387684
-0.199985206855671 0.0597936593014295 0.140063148666586 0.082087071729124
-0.109835454185953 0.0141423460868786 0.0863793280000356 -0.0204664658685882
-0.0975787296770324 0.0405143110320127 0.0613440814058302 -0.0188414478101706
-0.025136145689319 0.106040979887785 0.0556360634183873 -0.0235713300693435
0.0797400984419483 0.0830300149120816 0.0445774651619742 -0.0533402407516173
0.0904232810609157 -0.0141338801608947 0.0171426549023241 -0.0626217067464813
0.0324195605381417 -0.0627191202844285 -0.0130291392774376 -0.0884531797236165
-0.0210034083385575 -0.0981904468824007 -0.0498967787267494 -0.10186727885705
-0.036698785699663 -0.108884078661953 -0.0561253254856204 -0.121699657647383
-0.0337813026229798 -0.104608001477681 -0.0309385762958753 -0.125223990344118
-0.00732950161476698 -0.0989765620769952 -0.0184380669334605 -0.117416640177016
0.0500087891959657 -0.0909228187583949 0.0204970095151703 -0.114757895134432
0.127181926216305 -0.00649243811959803 0.073892524068066 -0.0925280918393177
0.0846800509077301 0.097226654767419 0.0879378557591649 -0.0475182892270405
-0.0324185952310422 0.114584664881684 0.128525841328377 0.0181435978157272
-0.143478220397568 0.0559815549648404 0.205459537834425 0.0610925647383513
0.027559933919693 -0.0602063094661091 -0.201693897828293 0.00735469456033195
-0.0165068964331979 -0.0518077708673376 -0.139533065233136 0.0414283819316134
-0.0443892793670109 -0.0260879798320768 -0.0849392416561359 0.0493668609972097
-0.0489759664568569 0.0171235058350884 -0.0721792822137878 0.0810318337091581
-0.0149209465008121 0.0447666678989797 -0.0362924125731001 0.122300490180567
0.0139605322537651 0.0425976306653141 0.0189401490708221 0.149098785583125
0.0233560430404482 0.0530031820978742 0.0654042243918273 0.153010270716996
0.009849833136765 0.0523047064140462 0.0677378725470385 0.14878449762291
-0.0117731573724505 0.0445813986455831 0.0275667319553196 0.137638879611787
-0.0327848858869561 0.0269651753599483 -0.00744872461540339 0.113463117785817
-0.0487296461679205 -0.00518149398195203 -0.054983997918823 0.0812670166869744
-0.0302392628383693 -0.0597837423761539 -0.083166040128775 0.0296376280736646
0.0318549654648525 -0.0661136398854092 -0.0594606632477225 -0.0175927888451103
0.0745661570511197 -0.0118186380486161 -0.0453709535164223 -0.0204853081014572
0.0914744211217824 0.0184665571762283 -0.126460946476654 -0.017165426994928
-0.0496734776141823 -0.0234346459831335 -0.186623600390389 0.0136470841815907
-0.0412252147116261 0.0228497100938597 -0.121614485791918 0.0365744042022327
0.00376403101268229 0.0337439835570488 -0.0918997764734887 0.0325277441884548
0.025095274965805 0.0126926420364152 -0.0873491483241507 0.0804987492577902
0.0153175513228339 -0.00859393461375743 -0.0374434130676944 0.140770734210862
0.005264552032112 -0.0120462178573038 0.0228539609144833 0.163062816580555
-0.00739338571788964 -0.00678412880874486 0.0673473115672853 0.164360772587876
-0.01853030764648 -0.00769334812968314 0.0633842539479005 0.15093761829947
-0.0260140590755205 -0.0174868317562653 0.0242638185096005 0.143423770325628
-0.0105042128060193 -0.0255725007741359 -0.0184845413276344 0.116594840709437
0.00433008704849053 -0.0294575172258274 -0.0684961606153138 0.0763780432908972
0.0292148240241282 -0.0259513039059426 -0.08623701333926 0.0165694023060851
0.0441455524813564 -0.00992716744636335 -0.0641817293607477 -0.0264614958665791
0.0390542774425988 0.0183401874153267 -0.0540091217434958 -0.0139411886012819
0.0229892872384525 0.0255860633012906 -0.140335729275241 -0.0146318437962083
-0.111786671206919 0.0153564416666554 -0.145456933757351 0.00517943836830343
-0.0513282198940609 0.0879899041353311 -0.0893230243633333 0.0118219347637193
0.0525668129662284 0.0809230781248839 -0.0942667119982069 0.00153615193261686
0.0932328666226959 0.0006873623309507 -0.102486573086714 0.0624743984869357
0.0379750455844128 -0.0611778334141216 -0.0460270321281984 0.13793067553185
-0.00759728356198528 -0.0637923628290228 0.0160158682959755 0.153387414361581
-0.0380865984405733 -0.0642551989863212 0.0566577433591971 0.151384595748437
-0.0428843585520679 -0.0653393894333157 0.0510626922767347 0.129305536697739
-0.037156343353503 -0.0760190081629727 0.0221094475869422 0.12592996121838
0.0130164040295454 -0.0743762096121826 -0.0177024974588968 0.100776716885926
0.0584119235271525 -0.0511196030617565 -0.0586549911160395 0.0655970643605649
0.0870743719635059 0.0119790697066693 -0.0677978976484567 0.0173756196321092
0.0487251949487382 0.0521319960365572 -0.0591059789390049 -0.0132253435931544
-0.00984285664571554 0.0486480324862281 -0.0616975588894077 0.0104647054271985
-0.0551153214217846 0.0260148445517263 -0.134177815221652 0.00360074506985656
-0.152692448834881 0.0464746901256414 -0.0921853257880501 -0.0100039711232697
-0.0572514585360993 0.128995648886502 -0.0528926394728756 -0.0155930510812333
0.0843755250407199 0.112682615541579 -0.0818197213671606 -0.032003022030596
0.14203570688237 -0.00425515063926246 -0.103459492609999 0.0272586314003172
0.0591447665173874 -0.099266532340685 -0.0548171893068197 0.110563613511234
-0.0159878908066014 -0.104998185102177 0.000139092032249349 0.122211212784884
-0.0614188073570774 -0.112745505011651 0.034963420910466 0.118293997089764
-0.0614694211148894 -0.113717009495846 0.0334050317123647 0.0894964340000233
-0.0469033558466926 -0.123116764423143 0.020555446651331 0.0871859946679215
0.0272788186687228 -0.117699554047438 -0.00838501921531131 0.0673858467487863
0.101686056755439 -0.0764990596548914 -0.0315158193428518 0.0454031503472395
0.144036246418044 0.0405544194051834 -0.0308614265635958 0.0176608848983187
0.0572636898351063 0.11426865126124 -0.0368186403987142 0.00682340310190192
-0.0620244632260271 0.087936802029077 -0.0490081262229276 0.0441753695316651
-0.133544843653453 0.0294868539089178 -0.10003815537823 0.0341213372772423
-0.169433614631278 0.0639362611033115 -0.0400319884828278 -0.0289755479992158
-0.0614680824614971 0.140687493056402 -0.0172581420960657 -0.0358517897608442
0.0914442033856838 0.127042720563067 -0.0521024023374514 -0.0575197969979598
0.165501753191949 0.00189816786052616 -0.0851826465095538 -0.0154700755819292
0.0769580870140062 -0.113889134641969 -0.0573692237787252 0.0622832679567624
-0.0143269405958666 -0.127951320981947 -0.0191791474773654 0.0724760248177276
-0.0723470781574759 -0.144379051241686 0.00720374313338806 0.0698906714269634
-0.0721388681220331 -0.145238037465763 0.010322132488735 0.037747194116867
-0.0563270710504282 -0.151231752603621 0.0150611503786602 0.0347059983516823
0.0254876358271599 -0.147008796619572 -0.00129578396813126 0.0205392897511802
0.121643534813957 -0.103257394138819 -0.00309854992666413 0.00879258234599913
0.188053343741582 0.0479767845676368 0.014080725260719 0.00164827834082755
0.0744266963773985 0.161179358558235 0.00475883495078374 0.0130186717982153
-0.0959481178721877 0.130265114427081 -0.00802515154058943 0.0691304076278594
-0.193484111347516 0.0407678675656859 -0.0327016694458235 0.0644240805392512
-0.165907729419119 0.0590421788943172 0.0102847874535135 -0.0391531362451955
-0.0753256843123226 0.121408156907196 0.016789394383356 -0.0442100694275312
0.064917909486113 0.133839939693918 -0.0106166584796263 -0.0681535501610055
0.160130546204708 0.0313039375447668 -0.0481207869742236 -0.0532538037271297
0.096693282192446 -0.0959333455993849 -0.0488405429703496 0.00731085998580305
0.00234484063292166 -0.126576279918186 -0.0320883637529866 0.0135665284537801
-0.0638095757532088 -0.154339536752595 -0.0207015191061702 0.0109734117253627
-0.0679237489388691 -0.156108320074602 -0.0150119653811728 -0.0206702187629168
-0.056079971590086 -0.157369775028038 0.00327191105060512 -0.0250126722430002
0.0161458793174712 -0.152703756889023 -0.000941040992145702 -0.0337143221141749
0.115028955477434 -0.117744855025908 0.0173695035472108 -0.0373948811104097
0.201699779786555 0.0371162880864928 0.0517371763664133 -0.029542435942671
0.0916810167898112 0.17435881998212 0.0476019691466509 -0.000819950489322631
-0.100016846287691 0.157365700364672 0.0490163874606319 0.0707829308734581
-0.218121201569286 0.0546728093777368 0.0536995844016871 0.0824875126491959
-0.145671219650218 0.0403490108101442 0.0519160031820713 -0.0379789272279338
-0.0908365716862086 0.084951505379464 0.0430194935628333 -0.0357339791537243
0.0200993378402675 0.128754187253201 0.0305412514767747 -0.0546382395252492
0.130718549417008 0.0641676807729774 0.000330099757142586 -0.0675899038674816
0.104580954145773 -0.0593026575080045 -0.0214528326810211 -0.0386550402130869
0.0201100605343259 -0.103927663891633 -0.0304879628068706 -0.0438718513913086
-0.0472291706998699 -0.138518330886109 -0.0416833642313517 -0.0492200526125587
-0.0585864443958449 -0.144589255511858 -0.0395928980141988 -0.0766145910883542
-0.0517839418189754 -0.141448763323718 -0.0144924762918955 -0.0816891130382182
-5.3703201222664E-05 -0.137008303870292 -0.00967766795546609 -0.0817529603345879
0.0861990520678736 -0.116875794587588 0.0220290465675261 -0.082203133777316
0.180585382065287 0.0120651802602676 0.069056964547901 -0.0664527731466056
0.0995418355224577 0.148878153928432 0.075910554584267 -0.027697066321658
-0.0723390220722281 0.154393088283775 0.100994730192367 0.0474116813482607
-0.200567809902524 0.0642507993829144 0.143151160007242 0.0797584350254361
-0.111233065099846 0.0162795162552798 0.0870390042233216 -0.022092085269585
-0.097909228795154 0.0430011437140754 0.0610490634399258 -0.0201875438233016
-0.023675579049592 0.107988089843095 0.0556249435116054 -0.0250046632593869
0.0825472029182945 0.0823338481609811 0.0437639574690484 -0.0545341886266107
0.0910145647625511 -0.0160454815704794 0.0165755224262136 -0.063322871936864
0.0318725945668606 -0.0635928830604261 -0.0145329765430644 -0.0888797585451859
-0.0235354793803941 -0.0988940030442898 -0.051979417593672 -0.101855071762329
-0.0389462101689051 -0.109224749974735 -0.0588774486989512 -0.122152370714173
-0.0361553997761615 -0.105436397813752 -0.0335756155680879 -0.125733472494886
-0.0088704122449039 -0.0998876861677134 -0.0204250765599435 -0.118198333954165
0.0487452922745501 -0.092618149773336 0.0184441604127546 -0.116035002083797
0.127833585617536 -0.00860680464202261 0.0733489787406504 -0.0946550875018113
0.0871415303418955 0.0968669112893717 0.0877407549111759 -0.0487567999377702
-0.0308772432852248 0.116037543292476 0.130261248544792 0.015724662833155
-0.144018503499572 0.0596949729713885 0.208851144493043 0.0575867242511145
0.0269222284008858 -0.0608621175364538 -0.203987398246302 0.0114778513713008
-0.0174043174045216 -0.0517480844762553 -0.14023814080511 0.0446483554150133
-0.0452896326492286 -0.02626552467714 -0.0851484847909568 0.0507345697489623
-0.0493975359664333 0.0180373119489399 -0.0710835539529901 0.0832621110532468
-0.0138688999037367 0.0455123471806332 -0.0350508762273866 0.123837859811696
0.015054253660713 0.042807474255707 0.0223003995431563 0.149741989962944
0.0248432147696326 0.0526775902334551 0.0687138259743932 0.152872261641694
0.0110373434728437 0.0525603462528675 0.0711985866243782 0.148495283947628
-0.0104149847216027 0.0449253800165481 0.0307288578995752 0.138137774851476
-0.0322598256091768 0.0279982244454226 -0.00523782442609302 0.114364624826101
-0.0488399069102797 -0.00424355926265743 -0.0542092899010523 0.0826169778798186
-0.0320306640259056 -0.0594782517267746 -0.0832272714045164 0.0308036492963081
0.0307470173770573 -0.0670794112434493 -0.0597030581038432 -0.017281559398248
0.0746308863646818 -0.0135525808780675 -0.0457791614453455 -0.0201901509627148
0.092860492264119 0.0167290775091357 -0.127812784836292 -0.014530264656733
-0.0512794124877976 -0.0225515923737703 -0.188764151385037 0.0167420097644466
-0.040925321143922 0.024608588350721 -0.121667975558204 0.0392528510488015
0.00496558068459073 0.033562762751946 -0.0921399962264171 0.0345330859879476
0.0259268392939427 0.0121267047425709 -0.0872272599279569 0.0827523442504538
0.0147818367026257 -0.00926076688372642 -0.0350875059042229 0.142699466988589
0.00472234170343921 -0.012208053575121 0.0262362636341081 0.163417813807619
-0.00766528274733118 -0.0068088333311758 0.0705429763270768 0.164427433363784
-0.0184769393292706 -0.00746087820124178 0.0672203184600227 0.151093927789214
-0.0271116295073127 -0.0172724836777035 0.0272713032077025 0.144388384331176
-0.0106582234764316 -0.0250719206431303 -0.0164475821297576 0.117483234223318
0.00401828068879662 -0.0290284798171593 -0.0676601232914687 0.0782762398603703
0.028481626664635 -0.0264103588454095 -0.086581644568347 0.0180226329228331
0.0435427417941726 -0.0107014278984678 -0.0642312946334813 -0.025927732069814
0.0396041226040064 0.0180464487467422 -0.0547581316184339 -0.0130673643582121
0.0241904309743596 0.0249138925376329 -0.14251010994564 -0.0120966691558847
-0.112646445960122 0.0177879320718177 -0.14675780141248 0.00776897962311938
-0.0501671389319823 0.089674589138692 -0.0897738874052333 0.0136060884659438
0.0548788229473882 0.0803424809743834 -0.0952764980206955 0.00281401010437207
0.0943585713518779 -0.00134986323675146 -0.10250090384445 0.064636067365335
0.0375443344855414 -0.0625656643470894 -0.0438539514606896 0.139886568648369
-0.0087725501376763 -0.0642497179519662 0.0191410104553928 0.154718285598619
-0.0393131343380899 -0.0644391976542905 0.0597679929550105 0.151231772912575
-0.0448904350662391 -0.0653420487003636 0.0542826397307784 0.129673487017011
-0.0388210469064648 -0.0756734823116598 0.0245996894388331 0.12675261757299
0.012075170084094 -0.0751255277012868 -0.016211443884064 0.101504564679716
0.0579721670550724 -0.0523216457323747 -0.0578992694793045 0.0668353079052224
0.0876765753182302 0.0110906335992565 -0.0677534253478565 0.0186393339984061
0.0497275512951845 0.0518685593882308 -0.0600990789238288 -0.012520868288079
-0.00914148370817381 0.0495076763475239 -0.0617323886113014 0.0111395747696298
-0.0552959698072588 0.0277400590340661 -0.13534394977247 0.00629412516262064
-0.153516715879491 0.0496416309600264 -0.0933914279232988 -0.0083886588833318
-0.0553554848122466 0.13149522474679 -0.0534414545761417 -0.0145687045476098
0.0874523159748513 0.112232696842276 -0.0830505423457766 -0.0314352539432459
0.143956514682183 -0.00723320267663822 -0.104387579620404 0.0293377016375821
0.0580726450468659 -0.101330743808053 -0.0533523062847774 0.112287442778141
-0.017916197046789 -0.10569600972007 0.00246432027868053 0.1229427992278
-0.0640933621419431 -0.112872401273406 0.0376317469475659 0.118223180592617
-0.0644772897454169 -0.113213291736474 0.0354071013109876 0.0897604239775154
-0.0489564807895538 -0.122717208724057 0.0224810614963177 0.0874079049246235
0.0254776630278254 -0.118833183912428 -0.00706562279388278 0.0678674216946697
0.101245354203694 -0.0787567617424513 -0.0307459184514696 0.0460391601664698
0.145833275317052 0.0387976015170128 -0.0304159821812581 0.0184366488231641
0.0593595327398255 0.114266014249661 -0.0370432736146685 0.00778836634077401
-0.0611834005771659 0.0899197270459229 -0.0484953553662819 0.0455092013518149
-0.134027456723941 0.0326600405631332 -0.100215190248876 0.0358660196273849
-0.169889487613864 0.0679424457779084 -0.0405145970069035 -0.028710533508493
-0.0594286463238326 0.143532284083633 -0.0177865332644738 -0.0359167890737813
0.0945374590105557 0.126824010839494 -0.0532409371709299 -0.0575652835850915
0.167127206159176 -0.00116780772752582 -0.0867187092798877 -0.0140697536340037
0.0759425377347071 -0.116325722562914 -0.0567988697703609 0.063405301634026
-0.0165759008971476 -0.128564587044421 -0.0178974182586924 0.0736061665041437
-0.075913278931907 -0.144337353983266 0.00810539291967295 0.0702368542835056
-0.075501484058007 -0.144655290354925 0.0111637218006112 0.0378945598960464
-0.0591219384833417 -0.151282428673485 0.016024770190605 0.0342760121204763
0.0230691420187615 -0.148316777910529 -0.000757415005666016 0.0204291067923869
0.120801187916775 -0.106395567257906 -0.00288571405999011 0.00890324361574402
0.190377171233043 0.0450035014841907 0.0145170009200187 0.00165483276593737
0.0776903593894317 0.161254977863595 0.00465836567115894 0.0130183027213528
-0.0945999567092663 0.132988785470799 -0.00727764772164578 0.0699900192107008
-0.194602268218279 0.0454710173744195 -0.0318556542712113 0.0653504381297936
-0.166297728410294 0.0620118698365701 0.00972894538421706 -0.0394813090483182
-0.0736582058892112 0.123754954059928 0.0157166353052734 -0.0445238475318572
0.0674476840110934 0.133952705573641 -0.0120218481687457 -0.0686380526823363
0.162184562923761 0.0284980317898888 -0.0498394760758865 -0.0525967439289215
0.0958758014698466 -0.0982532539245981 -0.0486894221880434 0.00834854461300103
0.000406236010139419 -0.127963805714334 -0.0322177408736794 0.0143993823174262
-0.0671928436741908 -0.154403678979903 -0.020737868969485 0.0112935976335546
-0.0714654948511592 -0.156221533431587 -0.0153964514329431 -0.0207665798123353
-0.0594987061822125 -0.157322536041526 0.00280521787387238 -0.0255427523235587
0.0136407023827252 -0.154051103538634 -0.00129873704926661 -0.0338471481578969
0.114189704696452 -0.120527580754463 0.0171780342478165 -0.0384361000641105
0.204587468127466 0.0335727140972754 0.0513459673381594 -0.0305383558710465
0.0957772087831252 0.174037465978046 0.0474440169809816 -0.00118687784293301
-0.0979617428406767 0.160919984520964 0.0507095729705883 0.070553904795388
-0.219492669956162 0.0588521088778437 0.0557056574330356 0.081981973115646
-0.146288470131033 0.043420668564888 0.0517293667990288 -0.039088388749925
-0.0902327115398877 0.0874477428614475 0.0424714239798643 -0.0364853286646784
0.0227714063984421 0.130193359554552 0.0297365901582837 -0.0554170132737016
0.13345211688996 0.0621629189593158 -0.0012778584412442 -0.0678987951133325
0.104105617648325 -0.0614310356458365 -0.0218283106513365 -0.0382933931454294
0.0187406492998474 -0.10498772318 -0.0313452660759945 -0.0435404782709588
-0.0503868237202727 -0.138485901703109 -0.0428350604525323 -0.0488410778618357
-0.0621460255879122 -0.144271354142786 -0.0409778991493038 -0.0763068004114036
-0.0547906719537557 -0.141494332370492 -0.0160875572616398 -0.0820209149814888
-0.0026312527175454 -0.13788093005585 -0.0109062841371512 -0.0822522576339737
0.0849554954044391 -0.119521151412254 0.0208439313617112 -0.0832541788869126
0.182497946491409 0.00829687347742916 0.0684633604552101 -0.0681589502905728
0.103676904164952 0.147828024765228 0.0755073387760509 -0.0288532574214246
-0.0699625588406138 0.156644276553074 0.10270551671918 0.0462421806736142
-0.201156798088934 0.0684415027067249 0.146438915769538 0.0769854525181858
-0.111546010923472 0.0180520255700739 0.0877467022661282 -0.0240607372861615
-0.0981431210794492 0.0450921398295135 0.0612211731408477 -0.0213434513055424
-0.021585294922985 0.109562739217676 0.0546136167904148 -0.0259190667618651
0.085009533823824 0.0815038491449237 0.0427429660338329 -0.0551162800966273
0.0919341633814403 -0.0177256029352609 0.0161380366180298 -0.0631541884590529
0.0310434326488881 -0.0647988111428443 -0.0161163186170955 -0.0890472448066923
-0.0255347375487014 -0.0987181013608494 -0.0543957113489407 -0.101692336198957
-0.0418327168823619 -0.108864802656396 -0.0617994624766817 -0.121734170568911
-0.0385578071073502 -0.105097509397898 -0.0362827386167024 -0.126361020256293
-0.0110638973084687 -0.10054098154384 -0.0226638468050113 -0.119168526453614
0.0475260644718037 -0.0940664496423589 0.0171228341478668 -0.117610290278244
0.129335979919995 -0.0118887681411871 0.0718824400787518 -0.096019027844763
0.0900471683201816 0.0957627740905569 0.0871880419593564 -0.0504231235754812
-0.0291703056631368 0.117711846227177 0.131500315270868 0.0140139764339275
-0.144017355766453 0.0627984002960841 0.212108851427178 0.0535178214492256
0.0259526869209598 -0.0611426825731799 -0.205431651856547 0.0150354821167334
-0.0182856187256638 -0.0515448463256891 -0.140088042783597 0.0475572552128748
-0.0460748066476088 -0.0257050464979703 -0.0840500475069331 0.052441641820575
-0.0495862351251845 0.0185282471568163 -0.0706855087465375 0.0850067900168552
-0.0134105631599358 0.0454505620711699 -0.0329490675282457 0.125401196893686
0.0159895113636383 0.0427284132511152 0.024630126992071 0.150438986046154
0.0255296543880345 0.0530282993339404 0.0725765884095976 0.151736248160943
0.0121905674526524 0.0526467024038971 0.0743263490484706 0.148192496116542
-0.00966108176497808 0.0451523853761502 0.0333851308996323 0.138443149671273
-0.0318601830913411 0.0288680110609441 -0.00349653227615984 0.115225420190069
-0.049478612338325 -0.00284822955000483 -0.0533893286222782 0.0835558551259167
-0.0332648497629761 -0.0589696186417201 -0.0832508734707007 0.0319257945063286
0.0291671238339617 -0.0681399394327618 -0.0597245539969266 -0.0169004487022892
0.0746226219240784 -0.0144580840015044 -0.0457740325145362 -0.0195608469721609
0.0935636049492031 0.0150654417783634 -0.129453501415208 -0.0122196539067521
-0.051640424643718 -0.0209311206735808 -0.190074329718279 0.0197430455507116
-0.0408898798840874 0.0255730069734204 -0.121646671450801 0.0422986880630335
0.00542119486908465 0.0330762625807569 -0.0920992696739523 0.0360545152531806
0.0259333142634184 0.0109583311410974 -0.0863318214171058 0.0854149732585234
0.0149821739818752 -0.00947407222077316 -0.0328863675992088 0.143862139659767
0.00466453383133635 -0.0128344131914284 0.0290107151481112 0.163949892971082
-0.00744716259870775 -0.00672637856677956 0.0742395786968884 0.16332904001159
-0.0189005921224142 -0.00708614540019343 0.0700632312888372 0.149951071812404
-0.0269685085716466 -0.0163998785458625 0.0301792347939861 0.144474795001061
-0.0110474288099595 -0.0251257957875579 -0.0149613664900543 0.117964001740893
0.0036986605636499 -0.0291572223772319 -0.0672622676539938 0.0788434984857562
0.0281284530840258 -0.0268299731453084 -0.0869075970729849 0.0196649814046926
0.0434904466011992 -0.0114284373196644 -0.0647409734010628 -0.0248114491722833
0.0398587299008187 0.0174709175726525 -0.0549267818627865 -0.012418890873437
0.0246973142430893 0.0248505710937334 -0.143479256717851 -0.00904889370502914
-0.113191767516962 0.0204856396917432 -0.148181403216582 0.0105360399579248
-0.0482756852057947 0.0911197533084545 -0.0899207304779912 0.0153284355804103
0.057288288526909 0.0799613554370372 -0.0958102047118534 0.00402665849794458
0.0950688421612075 -0.00321016448075846 -0.102222752426024 0.0668201056507986
0.0363605416892274 -0.0635371463340532 -0.0412894499302183 0.141537683429552
-0.0101821665364212 -0.06418465455028 0.0222799443337053 0.154892727826371
-0.0408868911915776 -0.0638403161202445 0.0630257952690515 0.150957286903973
-0.0463232895699988 -0.0648697604426831 0.0575679529351124 0.128915689143272
-0.0398788403311842 -0.0755020968044725 0.0268138627493998 0.126694716012287
0.0111182879452976 -0.0758692375180643 -0.0146497288530645 0.10232734904398
0.0576610011939899 -0.0532660010211944 -0.0569097831980007 0.0678465067677995
0.0884055581792383 0.00974642386293099 -0.0674393950997487 0.019494029388076
0.0505985753248304 0.0513921325072291 -0.0603882504552162 -0.0116504964729476
-0.00831631106302722 0.0499306013385603 -0.0618163151641052 0.0119835903405996
-0.055056909016094 0.029041170481917 -0.13578457609995 0.0084103593883834
-0.15372309151797 0.0533610244511308 -0.0945371728615042 -0.00710655723114985
-0.0531495055608587 0.133307667358862 -0.0541207939786405 -0.0137115218836003
0.0907914208593836 0.111264789923016 -0.0843850966571801 -0.0304067059257322
0.144797528980508 -0.0101692321673712 -0.104797052289741 0.0313815870317357
0.0566893694173067 -0.102595216144439 -0.0512530536079052 0.113811705387513
-0.0194050931685703 -0.106089236339129 0.00445374071103221 0.124058746780672
-0.0659309859328084 -0.112147835255977 0.0397569801757604 0.118389173524277
-0.0668977272867567 -0.112424215863963 0.0372981894628268 0.0896327499155198
-0.0516877200042709 -0.122323202740743 0.0245287694025892 0.0874592109704
0.0237408479985682 -0.120213025504454 -0.00634325612014741 0.0681161756900657
0.100630380917339 -0.0807663545448169 -0.0297768899595988 0.0467553460371539
0.147564822056001 0.0360936328764317 -0.030512308483768 0.0187723872032928
0.0619359424147576 0.114225921544751 -0.0377144406640617 0.00831720073986834
-0.0603298282301749 0.091743082932163 -0.0481538597583588 0.0465135418045397
-0.134543668914708 0.0354218309420149 -0.100167459150145 0.037846074731002
-0.1700427896141 0.0712577463857743 -0.041613010138122 -0.0284045805305851
-0.0573469485703283 0.145247284131799 -0.0182292800392325 -0.0355465077953149
0.0976930218237388 0.12615477226432 -0.0548768099196836 -0.0569483351006911
0.168363044371867 -0.00450483217629529 -0.0873934477749933 -0.0126335223894766
0.074560294902727 -0.118139424450828 -0.0553561338716946 0.0650245500270563
-0.0186797716731789 -0.129402773271152 -0.0166032248403123 0.0743070002179488
-0.0786879118592025 -0.143675108894421 0.00931305561150331 0.0700373225666643
-0.0785183104386407 -0.144077250997655 0.0120945981300471 0.0379492059400113
-0.0619386828949737 -0.151087259331177 0.0166122585643308 0.0341299467771389
0.0210975645902463 -0.149236207347732 -0.000565657486031648 0.0203962060796256
0.119630022145475 -0.109143102270892 -0.00243621057459096 0.00870876690720611
0.192923189276534 0.0423923336983607 0.0142601539638525 0.00119679454771686
0.0813568344327552 0.161403419002825 0.00427170288638431 0.0133405118479709
-0.0929213984131787 0.135543962225545 -0.00571052737380395 0.0705170928242988
-0.194720142789 0.0491626941168273 -0.0307352609172197 0.0659630655988446
-0.166845906877613 0.0657850196272873 0.00863183908510505 -0.0402315775390595
-0.0719032929436566 0.125733830346926 0.015287725573939 -0.0448690643866086
0.0709967350449237 0.134479564422198 -0.0134643325940167 -0.0692690208915013
0.164535232413029 0.0258126246190862 -0.0515883295454081 -0.0521122333819941
0.0956471582212316 -0.100220107421796 -0.0484507697961476 0.00913100758320931
-0.00177352370221889 -0.128025080960861 -0.0320993972484171 0.0150759082577917
-0.0704215259186579 -0.153540170214379 -0.0208256952660993 0.0118542156742259
-0.0750676651728095 -0.155954607130079 -0.0157795294952278 -0.0204032658829263
-0.062393629310902 -0.156900116194719 0.00242965878132978 -0.0261224083202625
0.010574853706335 -0.155310875385727 -0.00201483768923276 -0.0339636732221078
0.112499499741851 -0.123494964793634 0.0169221205658243 -0.0389591897307984
0.206479856443159 0.0299726206419994 0.0516125599741899 -0.0315797789941131
0.0993245202540893 0.1733633788018 0.0471415779793947 -0.00157384708574484
-0.0960985469223261 0.16358097766175 0.0520945328509511 0.0701347578275287
-0.21975878983838 0.0639398275165982 0.0577919948232831 0.0808666731713622
-0.146585616698393 0.0457265252102185 0.0514054666824696 -0.0403827982726151
-0.0894771046329595 0.0897643551393283 0.0418226524222625 -0.0375060586793649
0.0256025246148053 0.130879382814592 0.0289906856467267 -0.0565493784225378
0.135529774816806 0.0607156118267797 -0.00262302311826539 -0.0682025274447736
0.10430366848653 -0.0634106404856775 -0.0224976415158819 -0.0377858981700943
0.0171075651066586 -0.105600960602572 -0.0320584466210541 -0.0428828238532986
-0.052773916245945 -0.138320183352194 -0.0444118786024647 -0.0482213808459841
-0.0654455635072502 -0.143839736715482 -0.0430300213390163 -0.0764477636655302
-0.0577246511533302 -0.140947334644425 -0.0175640930893495 -0.0828466209326051
-0.00496046247595566 -0.138978163229255 -0.0125965509656615 -0.0824007110288237
0.0835799534646986 -0.121494393266434 0.0196296283763364 -0.0843985052628007
0.183828478811657 0.00559989697968577 0.06770995940746 -0.0694749536601929
0.107099549689283 0.146936726299398 0.0746484441037983 -0.0298253171671206
-0.067529276977852 0.159072132064571 0.104107492557338 0.0447546558905063
-0.201582823701249 0.072995446754292 0.148673749124443 0.07440646259742
-0.111910874406625 0.0200944722665056 0.0877866420380791 -0.0258539734690044
-0.0979160392272787 0.0473711703382334 0.0606693585423488 -0.0227759098740277
-0.0194925889832533 0.110879776554218 0.0540738485362732 -0.027077744907286
0.0877753518822826 0.0801422987297374 0.0417362160734765 -0.0556443671278361
0.0921053820505761 -0.0192752945690234 0.0154620462958523 -0.063495454402826
0.0303386330115807 -0.0652095372679552 -0.0174251979521827 -0.0890550606560539
-0.0269927727917049 -0.0985949693752444 -0.0564056106623527 -0.101086044837289
-0.0443924608815828 -0.108959738548051 -0.0642210136416218 -0.121743270769133
-0.0404334135963323 -0.105147609548226 -0.038683957448247 -0.127091159774027
-0.0128053387640739 -0.100437493246936 -0.0247954173813886 -0.118950773934383
0.0463038183454658 -0.0953292212429646 0.0153057454118006 -0.118438264387654
0.130231631033904 -0.0143357656755686 0.0705145868586006 -0.097939210430056
0.0922927286801506 0.0944045191299972 0.0865497204171259 -0.0516391968924988
-0.0275505464973213 0.11867225503527 0.132450995339556 0.0119903450974102
-0.143966491994882 0.0655551819416759 0.214628240647368 0.0499074446172912
0.0256388104744063 -0.0613198358703183 -0.206823253446504 0.0185217030778249
-0.0192774977835861 -0.0510611775946602 -0.139548265844138 0.0503351478567868
-0.0467206664432784 -0.0258000305072837 -0.0834260708572857 0.0538893447386227
-0.0494831579737918 0.0194244882394764 -0.0695081151583755 0.0863846104002903
-0.0128868253876384 0.0458370580535071 -0.031281502545067 0.126388304042228
0.0164671543085912 0.0422792833333288 0.027367612856574 0.15045905809069
0.0268490602035408 0.0518850322699107 0.0758731757982609 0.1515491055233
0.0130170391818167 0.0527196457467555 0.0780419545793173 0.147624241208147
-0.00903693583284937 0.0458075272995994 0.0355960754593124 0.139034306201706
-0.031216812676734 0.0296336979666069 -0.00181691894690835 0.115324044314093
-0.0497731216348619 -0.00201752441319183 -0.0521259888297493 0.0842978475051143
-0.0346075211115289 -0.0582191665833487 -0.0822490154650393 0.0331071984865956
0.0277195873597097 -0.0686785843384998 -0.0596657679970838 -0.0163922287348084
0.0750239798905953 -0.0160293068122973 -0.0466850227750966 -0.0196337566929352
0.0945631990938919 0.0132777267737709 -0.130427159476393 -0.00958943056943832
-0.0524548105216388 -0.0198722328374003 -0.19078261350816 0.0235744941081108
-0.040003803242012 0.026264327809077 -0.121823042927208 0.0439372406729056
0.00646705541201642 0.0333154593597001 -0.0920905994079821 0.0374464047614561
0.026848726736408 0.0104951382030143 -0.085550379319195 0.0861147805470035
0.0144051878537143 -0.0100921332140313 -0.0304225806497189 0.144793678208941
0.00436307661460206 -0.0130568741744038 0.032058800009347 0.16425900124704
-0.00780439360794682 -0.00716814621943466 0.0780475182727756 0.162407122369007
-0.0194163069454973 -0.00668367041591405 0.0736800894412202 0.14979669497615
-0.0274717202723519 -0.0165950958255275 0.0324706060131803 0.144835696414668
-0.0115018239269335 -0.024940139405821 -0.0132996857375759 0.11869689349616
0.00283837610597436 -0.0298423111928381 -0.0660734084932444 0.0802519974331625
0.0274198451336287 -0.0268640790748774 -0.0861988645106776 0.020305693756648
0.0427027077263979 -0.0117793770538691 -0.0648425268292328 -0.0244543104408078
0.040356536197512 0.0171752630468647 -0.0547919725251046 -0.012087415666418
0.0248112471290901 0.02498303903655 -0.144587360585235 -0.00608104723591355
-0.113652996115478 0.0231224376391562 -0.148656500960173 0.0127630820509573
-0.0469783807938191 0.0926729357376486 -0.0901160375895109 0.0169162508693909
0.0588247555543662 0.0792462944717847 -0.09615644023085 0.00554230834364092
0.0960173900166021 -0.0050516439374654 -0.101670067035543 0.0686055503280122
0.0352011494258921 -0.0647845813897584 -0.0389686360936768 0.142852733935081
-0.0112966521753121 -0.0650912891354654 0.0249012751682165 0.155359676773654
-0.0418918519890486 -0.063660146614095 0.0661897552775578 0.149954939409354
-0.0477034172466242 -0.0641873158147252 0.0595335097786077 0.128467125304347
-0.0412044080457403 -0.0749396263929962 0.0296610916673746 0.126646095830985
0.0099609052023279 -0.0759053519827186 -0.0128532453834704 0.102531278976538
0.0569436868705327 -0.0544568228865809 -0.0564881085492566 0.0688039527434831
0.0890935061672693 0.00878400432306034 -0.0673749710469721 0.0203535809817063
0.0511612746658071 0.051026905476192 -0.0607419339613861 -0.0106447465097017
-0.0084592770894762 0.050427758959 -0.0616877961612372 0.0131534950471794
-0.0551386184672241 0.0305803164825885 -0.136430642147166 0.0111735499368218
-0.153641537523573 0.0566283694848583 -0.0951634594598277 -0.00581785396587284
-0.051018050061715 0.135219185614481 -0.0544728215809799 -0.0125620531115134
0.093298957629331 0.110282798781329 -0.0851725262504658 -0.0294716909854147
0.145855235439679 -0.0128789447438303 -0.105064726199735 0.0327078260185404
0.0552541784326646 -0.103990081422649 -0.0499411437309214 0.114726171131033
-0.0218334006752108 -0.106266399727018 0.00670052796898735 0.124184935700127
-0.0686740338694484 -0.111671519806072 0.0421632217658792 0.117925845707665
-0.0690773297620167 -0.111950134436718 0.03900205633685 0.0888761309270542
-0.0539273299302645 -0.122420834232591 0.0262084632833761 0.0869923927483782
0.0217805704006065 -0.120815408749919 -0.00470456025437927 0.0679641435238079
0.10006548422844 -0.0829061002786291 -0.0293120049592629 0.0472904857123057
0.148847207289835 0.0340581532471845 -0.0301049195067866 0.0195622545187121
0.0632005671843302 0.113604194557186 -0.0375757569855631 0.00917089199710128
-0.0592397282487122 0.0929327723719102 -0.0477378348550676 0.0470816402715954
-0.134889385174344 0.0383582912812764 -0.0999348702573291 0.0397356928677069
-0.169892842343142 0.0750958352141434 -0.0422646565301664 -0.0278446672835421
-0.0552068730704318 0.147368111862886 -0.0191114310614112 -0.0355099050031496
0.100220489199111 0.125526182965288 -0.0560146119076259 -0.0566328552283408
0.169858295016778 -0.00757794733708361 -0.0885933748625485 -0.0111164953438795
0.0731322549334835 -0.119946296561545 -0.0546442089512367 0.0661295649779516
-0.0207502284671607 -0.12928092635828 -0.0154026588382441 0.0753469928651975
-0.081142721996472 -0.14288067608685 0.0103421531616742 0.0702304428855743
-0.081577623663788 -0.143476340172864 0.012515929749479 0.0374499375326275
-0.0646488168396018 -0.150676566091269 0.0170430292264256 0.0332950757905142
0.0187402046025715 -0.150161619882173 2.16014149338449E-05 0.0205066423763631
0.118660395141189 -0.111554356039904 -0.00183047564030434 0.00873854424009595
0.194697961986305 0.0392818586532816 0.0143398819886922 0.000929610529665492
0.0842943322174848 0.160417841191976 0.00438122232464257 0.0137256114808976
-0.0913475341930142 0.137980127402984 -0.00493318646966302 0.0707197142061873
-0.195099851854977 0.0530771831300144 -0.0297396800305089 0.0663930383244802
-0.166146879643746 0.0696566995856687 0.00825871853528306 -0.0408704123786012
-0.0703630346114549 0.127748180781752 0.0146161114407248 -0.0454730999724791
0.0736394096628761 0.133988226798391 -0.0148932794883704 -0.0694478306429427
0.166183722098036 0.0227683435390931 -0.0531163883965874 -0.0512436121351286
0.0942479859091234 -0.102111651449022 -0.0481800167578176 0.0099606632227565
-0.00341671661447556 -0.129107846422944 -0.0319537797586895 0.0163874239087381
-0.0732863068803169 -0.152984245522051 -0.0209748217125582 0.0123416864450858
-0.0781037292593441 -0.154772550463792 -0.0162416616773728 -0.0203612253761608
-0.0658979296333784 -0.156479433445253 0.00237029010522892 -0.0264631485116643
0.00838001330474954 -0.156034161536782 -0.00242976900758528 -0.0340893903073636
0.111822306915065 -0.125865802857032 0.0165698830784272 -0.0395140478887024
0.208667062953019 0.0264025173971476 0.0507944994625163 -0.0328040155584396
0.103210814306126 0.172699825993657 0.0467161769025716 -0.00198308652217515
-0.0939551245759899 0.165997474518939 0.0531631523482032 0.0699045673631991
-0.219611783947725 0.0682200686556928 0.0597795775202373 0.0796284171988858
-0.146669689726368 0.048534220874743 0.0515387528267923 -0.0415897629714295
-0.0883559932508986 0.0917749475039339 0.0415296404096392 -0.0385516199071818
0.0276612243270361 0.131610241597239 0.0277466327747364 -0.05703566746101
0.13824442120055 0.0584192190519532 -0.00432364992093716 -0.0684721469157246
0.103795332642818 -0.0653352367005558 -0.0225842308255419 -0.037301572843401
0.0159947772367229 -0.106064187921649 -0.0328814439929696 -0.042330115640545
-0.055825515428872 -0.137708198287594 -0.0453214022844634 -0.0470739966343203
-0.0685974504684585 -0.143645001816707 -0.0447058781411393 -0.0758607040607066
-0.0604044644955014 -0.140703767981627 -0.0190626210543766 -0.0831183266736066
-0.00786695728585947 -0.139159235770258 -0.013676655878057 -0.08257065651764
0.0822749624722523 -0.123277599924037 0.0191462004237522 -0.0854573137459711
0.185044559506707 0.00210871195870814 0.0669559873578768 -0.0710143647195832
0.110163760268908 0.145826305900133 0.0738976173464291 -0.0303767135966375
-0.0656548318722546 0.160634508349838 0.105228728417475 0.0436642854885647
-0.201045454453971 0.0767847905994679 0.151362543398365 0.0718037221137727
-0.112492020983807 0.0215561560144526 0.0879099243916416 -0.0276498064439454
-0.0977568416715651 0.0489385076036664 0.0604983426173308 -0.023996601231601
-0.0173699620876196 0.112297312114803 0.0533570570609506 -0.0276723548756129
0.0898410574019268 0.0791840235556086 0.0401431177989636 -0.0563838075054436
0.0920950160174418 -0.0213530813788562 0.0150895121295586 -0.0637994370769643
0.0293996205631657 -0.0658695898442946 -0.0189143258172202 -0.0882706334602889
-0.0288068644844712 -0.0985936098639551 -0.0586379074247151 -0.100308389791558
-0.046794098276693 -0.108705041613161 -0.0670501520842531 -0.120896250730891
-0.0424989806895344 -0.104678103658225 -0.0414448280628072 -0.127052507492916
-0.0145507532550496 -0.10105359074288 -0.0267276359638777 -0.11924721624874
0.0451337747757094 -0.0965219931045241 0.0136754843862023 -0.119324003370303
0.130638720247331 -0.0166017038741821 0.0694966806132838 -0.0995695290007158
0.0944493605881013 0.0933909233654569 0.0856636349902473 -0.0525512271645545
-0.0257420194605364 0.119480104039588 0.133488460745824 0.0100663086849736
-0.143844241895367 0.0686168915364228 0.216425433634013 0.0454838267218285
0.0244888009498213 -0.0620472126552227 -0.207735730043529 0.0228077534943503
-0.0191886158500418 -0.0513248916404915 -0.139644714011369 0.0523845232902481
-0.0470914610437933 -0.0251178819909748 -0.0838919042942946 0.0548963785453964
-0.0502965003361105 0.0203999699531259 -0.0677062932022169 0.0878842811402562
-0.0125577859039323 0.046150694766988 -0.0292992365661809 0.127807279892989
0.017452192029138 0.0417758392337578 0.0296961707551374 0.15060659333839
0.0281789831375526 0.051450774382266 0.0789898919942383 0.150741993424378
0.0143292357131117 0.0526336056748612 0.0803611600784489 0.146573788764534
-0.00794954138316732 0.0458510333919693 0.0382562130586065 0.138349845989968
-0.0306480037724263 0.0300165747054373 -0.000287095865468642 0.115664918714493
-0.050152491904358 -0.00110284707542704 -0.0513961897055234 0.0847877237522252
-0.0356042653410411 -0.0576058870029579 -0.0818423396670114 0.0341352118240183
0.0257586863936483 -0.0687387211444624 -0.0589875104997364 -0.0160679581953881
0.0747383787803454 -0.017567695916819 -0.0465751767595943 -0.0184968285732971
0.0949159491261157 0.0118639399629298 -0.131007807262807 -0.00695037517447951
-0.0528895054509927 -0.0188062549183667 -0.191612082894585 0.0267868451766364
-0.0399050293920129 0.0272209687077447 -0.121228336394424 0.0456498606480082
0.00696511020534492 0.0328252433585197 -0.0918018666520867 0.0385212515241307
0.0271679995329013 0.0100537055882436 -0.0846600474587541 0.0881411833112386
0.0142327617310208 -0.0102254998050183 -0.0284822260447346 0.146306917507014
0.00427328992347534 -0.0135261700349307 0.0348926527955417 0.164228514332966
-0.00836647160105335 -0.00742710184342912 0.0812134797060163 0.161695227687536
-0.019365495106766 -0.00625285003997911 0.0765173464854296 0.148887403278692
-0.0274468682225985 -0.0159742390181669 0.0350449091481254 0.144317854506266
-0.0116459696371401 -0.0251236935221572 -0.0112505836833564 0.118419192632396
0.00308378810501579 -0.0290460527042028 -0.0652370191054721 0.0809523172434568
0.0278147772544456 -0.0273524411607952 -0.0861529643471655 0.0215629013346052
0.0422860463825001 -0.0122177411641247 -0.0656628895593547 -0.0238240563263551
0.0399409957059878 0.0165026543555879 -0.0549844432776241 -0.0114142321371462
0.0255584520839091 0.0250788403385545 -0.14510324388126 -0.00403443967773526
-0.113474130792478 0.0254535764753655 -0.149445753363744 0.0149099930760389
-0.0458482996731642 0.0941107902139906 -0.0898092975359986 0.018275084507191
0.0605363101865518 0.0787042741858363 -0.0967566716342013 0.00611083574732953
0.095889455659522 -0.00718293568192378 -0.101368357772646 0.0703833198435833
0.0341833963295427 -0.0656396791185758 -0.0370147399620549 0.143545087652981
-0.0119866012318649 -0.0651387998425149 0.0275011995564772 0.155871901227987
-0.043077388310758 -0.0637799180714905 0.0686474416057522 0.149302953302977
-0.0489199154965163 -0.0634779294454136 0.0619214709185909 0.128044831640139
-0.0422685225745057 -0.0742795966792837 0.0314468404226626 0.126535827068021
0.00942069347923038 -0.0763291298245937 -0.0115044101536082 0.102906499300904
0.0570976805501973 -0.0549626281337722 -0.0551222273310459 0.0693654114840001
0.0894815136814831 0.00784252726306416 -0.0672915491210677 0.0211087774226784
0.0517878645133564 0.0507904144378828 -0.0611448863548241 -0.0099878072364057
-0.00782962069932123 0.0512102269254547 -0.061478985291839 0.013915615344444
-0.0548234100981158 0.0315408918421392 -0.136592104863815 0.0132429499251658
-0.153996675005457 0.0594969761840674 -0.0955383287497546 -0.00428479443864672
-0.049083580916977 0.136946656598397 -0.0547444786124092 -0.0122060384823429
0.0955972417202833 0.109163112902722 -0.0860080976143903 -0.0286429735612761
0.146427055347832 -0.0153966193929922 -0.105182147168572 0.0346139055898175
0.0536884267064875 -0.105307958023159 -0.0482518840336855 0.115248406372187
-0.0229807647722965 -0.106561307535462 0.00846895231298427 0.124894976619059
-0.0700810494960638 -0.110918779639821 0.0439945681702349 0.117298673855403
-0.0712770124461642 -0.111086591450437 0.040725816951277 0.0884450856357581
-0.0557137279774675 -0.121458063344244 0.027821582100105 0.0864805187503098
0.0208085590840471 -0.121072831679211 -0.00395443237914642 0.0681980043415529
0.0992695745003838 -0.0842394094823355 -0.0286197700177762 0.047507740682605
0.150274779975908 0.0323253955240017 -0.0299640605199258 0.0193318449149715
0.0652629371406546 0.11325516740776 -0.0380668112540948 0.0100948410535273
-0.058166694230793 0.0944130786748339 -0.0470452940724986 0.0475507684681813
-0.134678331070594 0.0405131215801155 -0.0996161619697418 0.0409530129971295
-0.170192692763938 0.0783680211213616 -0.0427524973214195 -0.0274212043689261
-0.0533983283493449 0.148928016860168 -0.0193013601015882 -0.0348219634515024
0.103350220619041 0.124352774257199 -0.0571919291388494 -0.0564689907992482
0.171019790542145 -0.0106376696186553 -0.0896745427197236 -0.0101979833910147
0.0718556292368815 -0.121226412949094 -0.0535259210335462 0.0664653937399837
-0.0225218426805782 -0.129341214148959 -0.0141398827307767 0.0758644004359593
-0.0834994682760549 -0.141680377173093 0.0115311648535787 0.0698467904900126
-0.0841271147214729 -0.142374844867993 0.0130417474158437 0.0375148885982533
-0.0670473625661576 -0.149617934160707 0.0178279930931277 0.0328733690229967
0.0167039056446046 -0.150906315916114 0.000333631912596646 0.0201930366212645
0.117844439102122 -0.113334726069178 -0.00183021502936421 0.00845633157076026
0.196057018557767 0.036378107218043 0.0144090378554049 0.000665477251759662
0.0867743961465933 0.159818101889178 0.00379435510499388 0.0141115021931729
-0.0897787412035919 0.139524819589223 -0.00373249689517318 0.0707699779523677
-0.194844645777404 0.0566479967154516 -0.0288485607074625 0.0668164242714393
-0.16576632919533 0.0721418731613738 0.00747493439606947 -0.0408346305168265
-0.0688788039425434 0.129413745200695 0.0140302897088089 -0.0456031511359096
0.0760017175028043 0.133660336996632 -0.0160431768708449 -0.0694892629290992
0.167791708334142 0.0206380971692267 -0.0544565457274162 -0.0506490816196942
0.0936162025229714 -0.104083367007875 -0.0479492264819575 0.0108165222832208
-0.00510076979124024 -0.128841170508618 -0.0316254864481866 0.0169947970221308
-0.0760618759665232 -0.152397994530648 -0.0210504599260664 0.0125752160219587
-0.081375995789987 -0.154271796919269 -0.0166499124665855 -0.0205733154543536
-0.0676850788177908 -0.155480051682361 0.00194353075147853 -0.0273512003016632
0.00618364892534553 -0.156501672208332 -0.00302823629947739 -0.0342423459268133
0.110169110388666 -0.128291770413963 0.0158127736087974 -0.0401768945018833
0.209800979484477 0.0233267409309093 0.0505997989695925 -0.0333617144738511
0.105781655600242 0.171719397544333 0.0464613919466792 -0.0018130484845163
-0.0920697306976909 0.167797369602507 0.0544793308921041 0.0691633397318663
-0.219501187223283 0.0718305549841536 0.0614372208477913 0.078621031674858
-0.146405791090347 0.0508382063411953 0.0504602155041216 -0.0423805964037362
-0.0878813951314328 0.0934797127291408 0.0407734961335332 -0.0392538753431677
0.0302799807107472 0.132064393776044 0.0262575962655614 -0.0578117935540509
0.140351339824534 0.0563325968922157 -0.00612567886222563 -0.0681761110978155
0.103645627401786 -0.0674818398906678 -0.0229721329234432 -0.0373222178893185
0.0145922217999959 -0.106229076526402 -0.0334804001396044 -0.0414047084911841
-0.0581409952005152 -0.136682353088248 -0.0464958300682269 -0.0468712281163049
-0.0713385456353053 -0.142472764146861 -0.0459087039119426 -0.0754402831245545
-0.0623860941322319 -0.140233463319193 -0.0203262377588516 -0.0834768406688926
-0.00966632745574256 -0.139478411713253 -0.0150845337254241 -0.0826530141762701
0.0806747172444918 -0.125074014596416 0.017768241319518 -0.0856815280181065
0.186084377444273 -0.0010338802786791 0.0659682362928591 -0.0719037772153962
0.11232139055188 0.144330965842267 0.0736586855223868 -0.0311433563042132
-0.0634908936354592 0.162361999052861 0.106123950331484 0.0424461281308377
-0.200524312334542 0.0805068259762465 0.152819896687091 0.069318731824896
-0.112412792456811 0.0230740769799009 0.0882822577406752 -0.0290204778589934
-0.0971742009382529 0.0510685563159242 0.0599637765797065 -0.0252302652718219
-0.0158878051406112 0.113199712951134 0.0525509293080777 -0.0281543467746467
0.0920784259017876 0.0780450193382403 0.039126809701791 -0.0566696108481135
0.0924799618511206 -0.0228657999134909 0.0142658645774628 -0.0637582764999707
0.028852698008448 -0.0664002028043164 -0.019814816963432 -0.0883475731700692
-0.0307348940041727 -0.0977535813202401 -0.0605574127723757 -0.0993519976455871
-0.0486154363187027 -0.107958738609938 -0.0693319774151609 -0.120254220065136
-0.0447331713408717 -0.103953598960916 -0.0434427452334958 -0.127444808420483
-0.0160436595008871 -0.100973251733358 -0.0286373950166335 -0.11908271529243
0.0438238548142232 -0.0976259429096992 0.0121041346418195 -0.119399607712723
0.13106910609882 -0.0189102512833068 0.0680329462293171 -0.100629943967212
0.0961384747856745 0.092565067616379 0.085117141661962 -0.0535356875769666
-0.0239672343786025 0.120054922447499 0.134404678757992 0.00858335198338403
-0.14304666783099 0.0710890911549179 0.218476931234586 0.0417730801258897
0.0240619969683579 -0.0620120394882173 -0.208553170286867 0.0258373981730126
-0.0200874938397539 -0.0507162296068707 -0.138612978941888 0.0545073409090415
-0.048000524202263 -0.0244321509000652 -0.0824561319554285 0.0557611775562762
-0.0499553896435224 0.0206583018381564 -0.0672565847786364 0.0886665041619965
-0.0120444569510159 0.045946975987228 -0.0286989003455905 0.128595681815228
0.0177727799726735 0.0414159148768592 0.0326262972047338 0.150796055511706
0.0287861777034851 0.0510756260205382 0.081711354614279 0.149894259559783
0.0154191566494815 0.0528076371750803 0.0835251456487747 0.145924728129502
-0.00729468539288404 0.0454151836915429 0.0400632678861376 0.138150600876385
-0.0303833692284602 0.0305413947090455 0.00138941784806552 0.115355612215768
-0.0503476070369748 -0.000117727233326466 -0.0505732863524084 0.0855020308617926
-0.0370484528805108 -0.0570649186893429 -0.0813915762965001 0.0348672451457745
0.0251239748876661 -0.0693966026303445 -0.0593886833739581 -0.0158897810861778
0.0742234222850774 -0.0184706637222234 -0.0464384754089431 -0.0184806972829782
0.0955404596318956 0.0103727221847591 -0.131787898449202 -0.00481980176914517
-0.0528576665693792 -0.0175644888608126 -0.19186066285865 0.0293493680897086
-0.0393876398498823 0.0279285410287764 -0.120247088824326 0.0474137047706769
0.00757040209362218 0.0327799669811935 -0.0916992039586034 0.0389894356005767
0.0271877298879563 0.00910454483964251 -0.0835793244932856 0.0895503775385218
0.0140673844089667 -0.0105766068621872 -0.0271300639583495 0.146068353583158
0.0039188960783876 -0.0136453025304275 0.0374954218465023 0.163859329915609
-0.00786208582761671 -0.00755525979557695 0.0837483678655095 0.160624505937816
-0.0196372921145565 -0.00613785776437171 0.0789190539116597 0.148050635643562
-0.0280441512812061 -0.0157707034094532 0.0366734209330678 0.144175785034776
-0.0115786000958249 -0.0241751107536787 -0.00983785842054834 0.118913532177044
0.00251498417789516 -0.0288654834110089 -0.0643155085106669 0.0816788706932307
0.0262444076541319 -0.0274721058102798 -0.0859279209491465 0.0226247799754335
0.0420922982053176 -0.0129262081416712 -0.0654545049903823 -0.0238443812666503
0.0405486217943363 0.0158041377833312 -0.0550867367062302 -0.0109936468841845
0.0255938569085728 0.024692269735159 -0.14560690185226 -0.00136317060563338
-0.113642200848126 0.0275205965895533 -0.149969569012467 0.0171239830879186
-0.0444037934348272 0.0951731190374478 -0.0895221315427581 0.0195235549850147
0.0620842589921544 0.0775743845968108 -0.0966493757373922 0.00723128719854468
0.0965015970817564 -0.00871980693023018 -0.100551762027295 0.0716412907399221
0.0332942271014447 -0.0664234747894226 -0.0351206198241526 0.144446072361699
-0.0129758135052781 -0.0652767157045559 0.0298071879427781 0.155518871465237
-0.0442949799998922 -0.0629712948900052 0.071289394300306 0.148244678639462
-0.0501127256946659 -0.0626160106821013 0.0642424118768909 0.127177845875028
-0.0438050056292882 -0.0740309123545201 0.0334252861112117 0.126299830329194
0.00846280804945061 -0.0764088585940717 -0.00987694760828185 0.102859260399905
0.0564258048559229 -0.0555835387953081 -0.054406008342607 0.0701657154128358
0.0896652323290865 0.00651330402023646 -0.066963280644326 0.0218241571901072
0.0521235376700014 0.0500497247389018 -0.0612015365642447 -0.00934664703231579
-0.00727945448738242 0.0515038436230169 -0.0610610505223746 0.0144577541240619
-0.0544023731805764 0.0328515093534548 -0.137092587973223 0.0153138349904918
-0.153703374303748 0.0627465077077138 -0.0962230730485202 -0.00338113190766988
-0.0474183152337967 0.138112218709983 -0.0548318001179681 -0.0112431447338382
0.0972799636120645 0.108192652646535 -0.0868341576080899 -0.027736213719249
0.146931980142145 -0.0178608083583457 -0.104992043998276 0.0358871436300189
0.0527227425458077 -0.106522894150964 -0.0465716413630926 0.116354169419999
-0.024496411097975 -0.106489640293603 0.0107177078592503 0.124903555583736
-0.0718539198129157 -0.110109510948638 0.045636286016659 0.116925310000031
-0.0732878962203197 -0.110333577207896 0.0420340837048267 0.0881938489753695
-0.0572694727719995 -0.120470510119126 0.0291508404975696 0.0860547638442187
0.019204601157793 -0.121765488966127 -0.00299547866643804 0.067849302602339
0.098663182528949 -0.0854308111225916 -0.0278428841949578 0.0476866197036326
0.150973507614368 0.0303655225294795 -0.0299533866676711 0.0197436491550209
0.0667496165858403 0.113306095166024 -0.0381355928642391 0.0103386385805132
-0.0575166796662451 0.0959068697732799 -0.046285627172746 0.0479198090366861
-0.134052368746615 0.0428846467033872 -0.0993231910096335 0.0422226677410217
-0.168762204469608 0.081167543361641 -0.0434619794237904 -0.0273755430833516
-0.0515157476098525 0.150361695494608 -0.01988686489084 -0.0349233393289688
0.10527887801529 0.123554500279553 -0.0582407516807309 -0.0560544956794977
0.171501944718883 -0.0131744382570758 -0.0902011692335529 -0.00903769314991578
0.0702602433875642 -0.122279282732555 -0.0527114869211803 0.0676735868189687
-0.0245271911464117 -0.129272728000938 -0.0130823252409068 0.0764049874634103
-0.0858097094602891 -0.140866468401499 0.0122023676465798 0.069813793888251
-0.0867588333398158 -0.14120301016398 0.0138278567756089 0.0370817295454569
-0.0691715650401407 -0.148793656654027 0.0185999091660251 0.0324673033750444
0.0150154495643004 -0.151390279331933 0.000568154266552657 0.020445092979326
0.116589610963241 -0.115512178263947 -0.0015802802413023 0.00834921086428983
0.197336187583975 0.0338467539932941 0.013992643264722 0.000299761458917887
0.0893411629755571 0.159429872991107 0.00389297383573357 0.0139785273590569
-0.0884376419079382 0.141427040745256 -0.0030390385520177 0.0705574218218387
-0.194711031676458 0.0597824226820222 -0.0275805209091322 0.0669198969950024
-0.165421076346693 0.0746280577616927 0.00669528648926744 -0.0411840732799901
-0.0671890174312439 0.130853627908054 0.0135885548153136 -0.0461220763381578
0.0783087267088882 0.133426264820451 -0.0171721326969535 -0.0695128794550908
0.168732414359773 0.0179743391819039 -0.0553934327947074 -0.0502108950304319
0.0922548658846952 -0.105400408325687 -0.0476456105548706 0.0114365413379491
-0.00672918423484498 -0.12910618958195 -0.0310565121134475 0.0177728046869656
-0.0785661282348702 -0.15132780564997 -0.0208854308181897 0.0133230188968959
-0.0842224689568082 -0.153244515600153 -0.0172549942027057 -0.0201235081297148
-0.0702155223521551 -0.154841446769177 0.00172163930426001 -0.027812408077396
0.00388907310021146 -0.156503750317864 -0.00313116739516517 -0.0343450620073713
0.108791172590452 -0.12985735124543 0.0160154725390803 -0.0403937350420233
0.210392174761328 0.0200795148214207 0.0500481950442992 -0.0340217168205008
0.108594836925016 0.170669027008004 0.0458790965519357 -0.00220410116551924
-0.0899959761862201 0.169362143267714 0.0555881679343632 0.0686510337424558
-0.218919581880451 0.0754946745233928 0.063140804722937 0.0775038762393637
-0.146176260449212 0.0528342941978744 0.0501086888599782 -0.0432214987627601
-0.0869213801959639 0.0949200621360959 0.0400637929982566 -0.0396732539835356
0.0322735852359988 0.13221868061739 0.0251695721369711 -0.0582620183264542
0.141915227259654 0.0545125770602869 -0.00737182532609454 -0.0678642030055776
0.103125792609775 -0.06872643700439 -0.0229344236796974 -0.0365170295018762
0.0133501875482242 -0.106466665867686 -0.0337903616469743 -0.0406038434270906
-0.0597981266298116 -0.13624439122364 -0.0471677315077348 -0.0459031832904112
-0.0738919785987098 -0.141761657064692 -0.0470282520210826 -0.0750330818006328
-0.0652048231275371 -0.139158199541888 -0.0217192799285809 -0.0838771637871145
-0.0114396905325399 -0.139446079297344 -0.0162588189013365 -0.0825007840659598
0.0791768216548473 -0.126200168342252 0.0169754096503005 -0.0860827913935995
0.186730387857648 -0.00422626633335427 0.0652092490285802 -0.0729667340693912
0.114927537102615 0.143207326178392 0.0726517700988985 -0.0316657442871142
-0.0619405646134994 0.163763338616966 0.106939789877062 0.0410314309431292
-0.199899433413304 0.0837119432059017 0.154489872812232 0.0663144598814999
-0.112560517342344 0.0243942438562016 0.0880509397045347 -0.0301731123286421
-0.0968369521144364 0.0525334331565717 0.059101577980334 -0.0259437311730798
-0.0136254796714857 0.113825601874226 0.051653524996926 -0.0290751777257297
0.0940522574385205 0.0765127895844696 0.0380212287022668 -0.056724549000487
0.0926947786970731 -0.0242601140583383 0.0138092749685732 -0.063708425931276
0.0279789558043988 -0.0668037131285845 -0.0210312222376786 -0.087547226377405
-0.0320993281222989 -0.0968572163415519 -0.0620224191635959 -0.0984881289419163
-0.0507871329642614 -0.107632070203794 -0.0714659205633516 -0.119668397404074
-0.0458126345572488 -0.103731850532261 -0.0456963637773895 -0.127523784073623
-0.0178453995200142 -0.1006385214947 -0.0301815158583583 -0.118580564620681
0.0427465681832867 -0.0980914984746834 0.0107355034100049 -0.120332550858421
0.130947552963201 -0.0209500657437838 0.0665568917302476 -0.101752496884299
0.098030706458917 0.0914003083375302 0.0843465346975796 -0.0541723317755157
-0.0227452408884518 0.120711280220064 0.134256713050744 0.00674449177153304
-0.142408861994672 0.0735700312005573 0.220041378467554 0.0381463667477644
0.0234772503944038 -0.06238170167078 -0.208536669689651 0.0289034147763414
-0.0208072703385176 -0.0509278871933136 -0.138006872854671 0.0563699970328755
-0.048227004765083 -0.0249591781978715 -0.0823468969623403 0.0573186692889974
-0.0500396968562227 0.0213087587228727 -0.0663279486035976 0.0893619845419758
-0.011448954534285 0.0468113866603393 -0.0268523305407182 0.128296335604334
0.0184322787242316 0.0411895029862134 0.0344958337125426 0.150400220671254
0.0296503354065396 0.050421310236167 0.0834804446619539 0.148368403929769
0.0163017172354152 0.0522060462356625 0.0853483931903648 0.144469606617614
-0.00676911884942543 0.0461361757585679 0.0418758613378241 0.138701331944135
-0.0297088277292118 0.031033497742604 0.00249018724037438 0.115147653199719
-0.0500415078245806 0.001163423373729 -0.0496267784693385 0.0855917761898882
-0.0379146222100708 -0.0561385124309066 -0.0805833108833487 0.0354803782766827
0.0233644554675786 -0.0695123102369288 -0.0587767925628426 -0.0155290637881644
0.074013768578305 -0.0194070262686962 -0.0470594405917626 -0.0177004597083169
0.0953766369156559 0.00859086388839145 -0.132151360930655 -0.00234958212844919
-0.0533228065790102 -0.0163394432488904 -0.192799596734203 0.0315625033879234
-0.039149907071365 0.028477422980609 -0.120613258589193 0.0494796409729242
0.00786841620935404 0.0323781609250544 -0.0912750839308892 0.0404998531619911
0.0271120366654948 0.00844125879165042 -0.0828884742536457 0.0909121153052424
0.0136317353173077 -0.0107271209191672 -0.0253750502242972 0.146662325707942
0.00415782713882848 -0.0143030293964053 0.0397491751407336 0.163883519310345
-0.00767995601090291 -0.00713810551915233 0.0867082689687084 0.159591414162108
-0.0191097015312941 -0.0057917367589641 0.0813766388127045 0.147254641834431
-0.0280889377237347 -0.015024493321812 0.038886157083501 0.144105009054475
-0.011647165093947 -0.0241715839192368 -0.00871253127119804 0.118868537506012
0.00227258137705238 -0.0287907141825966 -0.0640840380109198 0.0821782668817927
0.025897588753101 -0.0268259831101791 -0.0850409070060866 0.0233957611326569
0.0414861577395986 -0.013027239448762 -0.0656091342729271 -0.0228888188231234
0.0408976507730048 0.0153517244529183 -0.0553075279474582 -0.0105748160072485
0.0263412505612657 0.0240356748084542 -0.146379865430902 0.000261014609245466
-0.113769385624904 0.0296565085067557 -0.150517856095323 0.0190703624470513
-0.0431943329955148 0.0965537554370485 -0.0896655023419944 0.0210289143656362
0.0636012886069985 0.077096964227879 -0.0969805840348846 0.00819591256864363
0.0967544686442754 -0.0100431614306144 -0.0999534011166522 0.0731562473996175
0.0327145393653327 -0.0668280751884448 -0.0332974711324 0.144721623074532
-0.0142804581205055 -0.0653013397706229 0.0318624297357389 0.155314660674182
-0.0447014790637519 -0.0627810247681186 0.0731611852708214 0.147666389024834
-0.0506272887019334 -0.0620258744988803 0.0660805167575208 0.126298325065255
-0.0440996365534887 -0.0733829546498796 0.0350838812303636 0.125540115193199
0.00762382781181044 -0.07655319164739 -0.00875863114183586 0.102797652228006
0.0557927071307655 -0.0563369200386796 -0.0537286619036755 0.0706146968440889
0.0899639889296556 0.00556405023137563 -0.0668319072509655 0.0224982844479281
0.0529786044791317 0.0500061453628161 -0.0612081483517196 -0.00881159267996442
-0.00722929839003929 0.0518869480070371 -0.0609930750619007 0.0151924434682989
-0.0545923997295766 0.033631589006394 -0.13729494720867 0.0174541002005162
-0.152923459868614 0.0646929065810295 -0.0968009098045405 -0.00232430223903665
-0.0457491790897889 0.139266534714219 -0.0548959076742146 -0.0105766620707205
0.0991973108992351 0.107090517170153 -0.0872920683410462 -0.0271006603941849
0.147017909604568 -0.0201236986490089 -0.105079662812774 0.037122139804743
0.0513727248122243 -0.107265232399906 -0.0448635291845987 0.116621550100609
-0.0259514699435476 -0.106206078719832 0.0122715081157156 0.124997149005064
-0.0739817342415685 -0.109279111267176 0.0478035697179695 0.116152157218773
-0.0746292491170311 -0.10925637544522 0.0435157009564245 0.0873241338715477
-0.0589514216417871 -0.119937731068539 0.0302798027636842 0.0854354981996605
0.0175487323845295 -0.122254182098551 -0.0021873940257991 0.0679224094421114
0.0975684683950324 -0.0871478594950952 -0.0274272665251906 0.047969497147251
0.15167489718535 0.0288236777078184 -0.0296575690866092 0.0199488094775163
0.068197714226053 0.112585726585098 -0.0380233839040181 0.0111047897168592
-0.0566735316042554 0.0967186215846153 -0.0459896861904595 0.0485259281344609
-0.134002665494904 0.0447069151259941 -0.0989636026007737 0.0436100414510806
-0.16859444291871 0.0837710823039837 -0.0442543289137848 -0.0267290846464594
-0.0493608370885145 0.151248785882677 -0.0204824221149713 -0.0348435750764497
0.107152907874049 0.122384563127015 -0.0591798760200625 -0.0558333937138459
0.172012794312954 -0.0156703965859509 -0.09085528093203 -0.00782358246260578
0.0691258443828962 -0.123420701792235 -0.0515240594451099 0.0679754450429813
-0.0257433166625114 -0.129108234033397 -0.0120660810626756 0.0770105207564492
-0.087526247268566 -0.140233734854048 0.0132471419362051 0.0695112448659116
-0.0884260714214289 -0.140569920156046 0.0139624222435595 0.0369037699075614
-0.0708344222937257 -0.148040423867613 0.0190886210054194 0.0317309323118897
0.0129477271761877 -0.151753465633044 0.000797220700818572 0.0202083267967756
0.115611408286218 -0.116942401449164 -0.00116786307455008 0.00816230019455428
0.198346636944046 0.0312644089332855 0.0143925472739923 -5.51868705181474E-05
0.0910161001625895 0.158518013190063 0.00384932619481191 0.0143127828506439
-0.0868867403925865 0.142667591986042 -0.00202577914433989 0.0707983727694365
-0.194112751715249 0.0627712752477065 -0.0263452159581016 0.0672325341924098
-0.165304402985377 0.0772989915890571 0.00648639545778279 -0.0415455331062534
-0.065747605386785 0.132026003114745 0.0129428676013028 -0.0459626072494538
0.0799786202127965 0.132560520692008 -0.0179143811524865 -0.0694086940684518
0.170243790005366 0.0153613979229217 -0.05694637244606 -0.049502051965702
0.0917068011992774 -0.106503282879381 -0.047481171748258 0.0120131202171256
-0.00817612690069812 -0.129163429532169 -0.0308549997361545 0.0183974875086446
-0.080278558643904 -0.150013432814526 -0.0208640122906403 0.0130897752470611
-0.086306485831366 -0.151989067832198 -0.0173228275006683 -0.0196508129804398
-0.0721254709455623 -0.154202168436782 0.00120390807118423 -0.0285419101331857
0.00219111002575137 -0.157015266683671 -0.0033254010786705 -0.03404440225366
0.107676202474838 -0.131159146909619 0.0156783722074341 -0.04057307545526
0.211629577423186 0.0173797242633267 0.0495352983199346 -0.0347910373530272
0.11073815691797 0.169501616478759 0.045478274570919 -0.00216026286581188
-0.0884161387633444 0.170918346081206 0.056119594960162 0.0678562362754624
-0.218724299742428 0.0785383142114841 0.0642661650189747 0.0764508320502291
-0.145733718263382 0.054876576980585 0.049900433766858 -0.0437879662585181
-0.0860319571334787 0.0961733044145809 0.0396355339540583 -0.0403475513707321
0.0339825880110064 0.13251927405022 0.0239129394458816 -0.0587332359103632
0.143035899261509 0.0528692124587987 -0.00868939347853298 -0.0676178740608754
0.102992903796899 -0.0698090011551762 -0.0234385336928991 -0.0360632472647573
0.0123004032090474 -0.106564430694566 -0.0342102528179744 -0.040135325824758
-0.0616465885905431 -0.134835583406719 -0.0476984232770491 -0.0450411252397757
-0.076005138940113 -0.140814127985695 -0.0480160788815699 -0.0741881972067634
-0.0668367261431771 -0.138528608325782 -0.0231595454301362 -0.0838869557432852
-0.0130599868873525 -0.13936915745228 -0.0168224518067306 -0.0825525218660146
0.0775997832312176 -0.127797246431442 0.0158883768390808 -0.0865021905188379
0.187061366562315 -0.00689026816695035 0.0639502980603013 -0.0737583128302459
0.116599822742969 0.142242234764262 0.0722924337812599 -0.0319638546895859
-0.059730958610055 0.164145822534994 0.107462978777391 0.0401676840119935
-0.199233290860189 0.0865697716275099 0.155956316602457 0.0639038799433202
-0.11232464607349 0.0258321016019568 0.0880959956334617 -0.0317553244728058
-0.096289484635247 0.053868984661858 0.0590528549153104 -0.0268180710049755
-0.0119934850160325 0.114642997691439 0.0510936917309474 -0.0294345130992623
0.0955606617911497 0.0754369924340898 0.0369639329797235 -0.0568346516611466
0.0928087142601645 -0.0255367615706762 0.0133818529279633 -0.063300742223624
0.0275986968542567 -0.066921822030029 -0.0217534518679207 -0.0870867208893514
-0.0336520576399806 -0.0966835335959127 -0.0633050525294878 -0.097297962208424
-0.0528168989914679 -0.106922942560132 -0.0735075067711675 -0.118841979516398
-0.0472968160745142 -0.102953169787064 -0.046917753393096 -0.12730904417082
-0.0191013197266156 -0.100189993940153 -0.0317926634412278 -0.118361931548249
0.0416970758786607 -0.0992714992173981 0.00929498461923403 -0.120790479828726
0.130862349426989 -0.023300850898923 0.0655383559396849 -0.102490394754733
0.0991868410199466 0.0899203705690048 0.0835496383484441 -0.0547979427899397
-0.021342730839359 0.120670476658139 0.13482161528387 0.00541010251576316
-0.141636025485235 0.0752649762942113 0.22066267992857 0.0346701240033702
0.0231770040361997 -0.0622588021446434 -0.209268881783672 0.0308274257271341
-0.0212406202794365 -0.0503520302072973 -0.137633264664787 0.0581740849890118
-0.0489731483433543 -0.0247547030279831 -0.0817985873154392 0.0579588282722114
-0.0505627243602892 0.0220472849051637 -0.0651269962446897 0.0902883699324128
-0.0113591743472066 0.0466020799216266 -0.0253300709133653 0.129352361757857
0.0186527289286419 0.0405882621647443 0.0363535627605507 0.149870287023904
0.0301312100403429 0.0493485070177165 0.0859316519774321 0.147614586246505
0.0171521676526071 0.0521905496367474 0.0874792193223021 0.143223552165854
-0.00604648974155612 0.046306232304086 0.0436209106086537 0.137914526904998
-0.0291072755652996 0.0315250341293797 0.00370539842237758 0.114617439086139
-0.0498916775748306 0.00172833286292891 -0.0488857091423206 0.0859505605403043
-0.0389970741498369 -0.0551952090733651 -0.0806178826022265 0.0361681652342272
0.0221469715516642 -0.0696048769531151 -0.0586090758971187 -0.0153322613115766
0.0740119807859374 -0.0197671428458782 -0.046741973093945 -0.0180782315629764
0.09572102639149 0.00774260136891919 -0.132319354001668 -0.000807936347948373
-0.0536215650491448 -0.0153890484253268 -0.193013270632495 0.0342810547420732
-0.0382445593486767 0.029134927909182 -0.120190764176616 0.0506634432551845
0.00824769057298604 0.0321210674350748 -0.090826917002257 0.0414871333389129
0.027049857661803 0.00771222756694959 -0.0821189360691985 0.0915821573908382
0.0134800970885309 -0.0114324796538717 -0.023457409881445 0.147607214284769
0.00368338068045282 -0.0139171255933376 0.0415879159662864 0.163659407585012
-0.00751841206819178 -0.00780360876065502 0.0883687096417028 0.158572254572227
-0.0193698405039361 -0.00590895320010709 0.0833196287109999 0.146300189366696
-0.0281497591579649 -0.0143971420519471 0.0404038954486434 0.143820753313672
-0.0122588328064073 -0.0238536580146168 -0.00690637980249817 0.119032812869348
0.00203914576497 -0.0282238711193532 -0.062582817093679 0.0824626200648346
0.0256734287038498 -0.027163708825438 -0.0853634899038202 0.0240429710506975
0.0406587335261554 -0.0132126850493895 -0.065449017719207 -0.0224306241441785
0.040589902332953 0.0152294788510709 -0.0549918956813684 -0.0100368264072989
0.0266004242217143 0.0239913936339929 -0.146731231735095 0.00258942143166951
-0.113351976636907 0.0314352241181866 -0.150757906863956 0.0206867898531305
-0.0419330123392161 0.0972802783119777 -0.0894522714205292 0.0216784037687163
0.0644293800763787 0.0764692766674887 -0.0969870584866872 0.00890990240609943
0.0968005503509501 -0.0121446170455595 -0.0996597018404878 0.0743063519494648
0.0320358208263049 -0.067608241230496 -0.0315400928298248 0.145353436023621
-0.0148536419782227 -0.0654575317537385 0.0338280555040209 0.155605062378534
-0.0455934529309464 -0.0623208659272407 0.0752211841587995 0.146790744382982
-0.0517421269700553 -0.0613745877115558 0.0678448870905741 0.125814750350107
-0.0449087947840193 -0.0727075626019871 0.0369047273932 0.125314018255029
0.00701879074587813 -0.0767407388251062 -0.00765521495784288 0.10263274343254
0.0555566015464555 -0.0567263929196228 -0.0534681483314662 0.0709202252234317
0.0903113335752807 0.00498837310768923 -0.0664604214010151 0.0224020218819706
0.0530933068434219 0.049657975917485 -0.061390825665142 -0.00791606378785865
-0.00693034581146514 0.0521275697372429 -0.0607828480056813 0.015297490154708
-0.0541010187214931 0.0344712264863872 -0.137338716056218 0.0186827569375435
-0.153013430988244 0.0672946503750386 -0.0972992314456036 -0.00120619252222051
-0.044441832606406 0.140364783909542 -0.0546528280275455 -0.00994898523339405
0.101035981218395 0.106474561446498 -0.0881102998719222 -0.0266575927869052
0.147691839371358 -0.0223847289253711 -0.105438661774881 0.0382953979275536
0.0507251391892451 -0.108014967665706 -0.0438675414818466 0.117150371763585
-0.0270656889925962 -0.105964702504634 0.0136988362988974 0.125224922661721
-0.0749088976197375 -0.108931139747411 0.0488568007326042 0.11551506454066
-0.0759003499996003 -0.108702502671175 0.0446144400180012 0.0871070269969222
-0.0601696501537674 -0.119240551931993 0.0314062623801743 0.0851156703109466
0.0167752690913625 -0.122369885225857 -0.00142852318530592 0.0680515844754572
0.0974592334390775 -0.0880059526398797 -0.026760566347308 0.047907048640096
0.152262336239053 0.027112896705373 -0.0296375707021099 0.0200426054815392
0.069171272734855 0.111932234232965 -0.0381086315380133 0.011948802945029
-0.0557929231530909 0.097436885578711 -0.0453978626117605 0.0487173098592378
-0.133691008475553 0.0470496310618419 -0.0984363014295072 0.0445090510692812
-0.1679666885917 0.0861792314828536 -0.0446022587041421 -0.0261941195752366
-0.0485140236178131 0.152042078422361 -0.0205574588221904 -0.0347858934776561
0.109267825832123 0.121907839685231 -0.0596221192426369 -0.0556118000350065
0.172825862403125 -0.0173116988391487 -0.0912377048298913 -0.00689866972965787
0.0683609383916391 -0.124475222955196 -0.0509221879409583 0.068068170989549
-0.0268399430389781 -0.129009384005963 -0.0114720921520534 0.0773554893998887
-0.0890699612285553 -0.138901108826385 0.0138455370431373 0.0695719768549595
-0.0903400752397175 -0.139171282655365 0.0149547825397355 0.0366720266804451
-0.0720469639202451 -0.147598646527817 0.0192945639066249 0.0311995042480647
0.011965132667941 -0.151839055417459 0.0011335678601204 0.0203482502691027
0.114478900383233 -0.118105892530222 -0.0010396323393558 0.00839709168404906
0.199350730189983 0.0290607403793991 0.0141577136550604 -5.26231227880851E-05
0.0926853046220854 0.157644771023054 0.00350492766844334 0.0149884274630537
-0.0858767064135201 0.143780021311339 -0.00167127040352859 0.0704852798851621
-0.194351837618089 0.0650771962673346 -0.0260360242225866 0.067522924824085
-0.165112576267853 0.0794865189968353 0.00603168798862811 -0.0417214620703429
-0.0646851955565528 0.132980239736978 0.0125321591979524 -0.0462045039780621
0.0820172044227037 0.132703837523269 -0.0191670121068749 -0.0694781943336708
0.171381824784131 0.0140477416629382 -0.0578480110776564 -0.0488264472817339
0.0908845385921406 -0.1076845635257 -0.047394642300983 0.0122350341056307
-0.00902085839913243 -0.129203304020921 -0.0306428174508269 0.0190244693201279
-0.0822607737957069 -0.1495147619559 -0.0207760742294655 0.0136975125183173
-0.0881916684355441 -0.151450925851277 -0.0176382815192916 -0.0200003206634704
-0.0738165525976045 -0.152815425537969 0.000927552336382159 -0.028835162342623
0.00060373394875818 -0.15713729553983 -0.00367722487905763 -0.0342059898904606
0.106050002378981 -0.132406345967369 0.0156299146857353 -0.0410875259039763
0.212262113150093 0.01469322677062 0.0492406547532884 -0.0355061530147665
0.11267320417984 0.168648355131557 0.0450840824885359 -0.00211226720892043
-0.0869131187581872 0.171842468688453 0.0564495036491971 0.0674367144927835
-0.218118475371254 0.0808288754189438 0.0653535432756897 0.0752680264592842
-0.14586396889829 0.0564040787751886 0.0494668837126585 -0.044700709700353
-0.0851979964891794 0.0973521131104585 0.0393441487395427 -0.0408265010605228
0.0359804169040307 0.132612730133846 0.0233931156439565 -0.0588320001237439
0.14457677178972 0.0514080187121264 -0.00969067762827384 -0.067251047302333
0.102466167718567 -0.0710402625918705 -0.0233459378743517 -0.0355664959713859
0.0113706394189046 -0.106771729335537 -0.0343601427734757 -0.0390816400669564
-0.0634638058550009 -0.134420394021932 -0.0486502843625821 -0.0444588988070062
-0.0778103061791893 -0.140439558168721 -0.0492935013630432 -0.0740190800390556
-0.068392547135494 -0.13797355538343 -0.0235344469929868 -0.0842817087868312
-0.0148147877679044 -0.139021313348162 -0.0175970819401051 -0.0821612012617113
0.0762631981659555 -0.128882105940212 0.0153219842240136 -0.0867289516834909
0.187340297810799 -0.00888338019042695 0.0634660024355811 -0.0744472115013114
0.119152287867291 0.14111701281806 0.0716766684231303 -0.0319406080500474
-0.0582707288312271 0.165128736106915 0.108010092565724 0.0391917583244697
-0.198816358270738 0.088952487970708 0.157298685704138 0.06138392849854
-0.112503831217008 0.0267885201749567 0.0883486215891462 -0.0326165520720981
-0.0959158252598193 0.0552260957145971 0.0580396435951925 -0.0273212810597631
-0.0103392802590483 0.115620818142998 0.0504787442113875 -0.0299959376506821
0.0971716199966851 0.0747247026991916 0.0358414150646611 -0.056438693023859
0.0926874585883657 -0.0267111781267844 0.0132119088981375 -0.0629744259853661
0.0270470503277213 -0.0674696048452571 -0.0226871351479737 -0.0866500129361212
-0.034728182996273 -0.0961207124074546 -0.0644085448320308 -0.0964141914306498
-0.0540840683930209 -0.106360705897508 -0.0745721790548711 -0.118156383146771
-0.0485940139974835 -0.102438188014541 -0.048967516745237 -0.127018607152849
-0.0202605921118477 -0.100050244812557 -0.0329896421747744 -0.118310593164553
0.040431661762607 -0.0997559280831218 0.00857840338158502 -0.120814191792477
0.130952697091882 -0.0247808147434159 0.0645880154164688 -0.103320855340198
0.100301746792422 0.0890496990629908 0.0830718087577972 -0.0547607903462915
-0.0206693574230864 0.121121152387078 0.135425608358435 0.00420527037318696
-0.141118018586219 0.0769599342378041 0.221922737352475 0.0312766744651854
0.0228774594782118 -0.062464002594602 -0.209506127532068 0.0334301402282001
-0.0212963873384348 -0.0506127207545789 -0.13778193574825 0.0596467759378996
-0.0495367540484493 -0.0247956914814933 -0.0810169096118447 0.0588740806621851
-0.0502460168667257 0.022553651712242 -0.0642804793593334 0.0906968470773846
-0.0111484131844345 0.047088248588736 -0.0243923840562283 0.129574755841954
0.0185095666671478 0.0400219751719535 0.0374886850447744 0.150279645352375
0.0309011023786909 0.0493870169963039 0.0874661760281454 0.146572014971024
0.0179704835489372 0.0520158038187744 0.0886632848024092 0.142994709175174
-0.00560432973488671 0.0460277799828308 0.0446691639505978 0.13807787150963
-0.028188524599871 0.0319634150538942 0.00458521776192237 0.114334015432041
-0.0501248240712285 0.0027094134543553 -0.0489573586938179 0.0861725077957071
-0.0399462472847528 -0.054400448474009 -0.0792115726572296 0.0362629064084833
0.0211479100411456 -0.0696285244853526 -0.0580007866707044 -0.0156284722633757
0.073872938627858 -0.0206623073843294 -0.046655767021005 -0.0180785910664996
0.0962665138604957 0.00657972680966131 -0.132920986441905 0.00095077571792606
-0.0535506011023522 -0.0142205928295596 -0.192822655960856 0.0361687132899595
-0.0385717510096043 0.0300185981709802 -0.119589922939916 0.0516331456773505
0.00904123269509511 0.0319429792102483 -0.091069438673303 0.0424237934345913
0.0272066066032028 0.00736241837804144 -0.0811393652971884 0.0924398378086334
0.0136494870493826 -0.0114553122924461 -0.0224296749206729 0.148011980993807
0.00385527471471409 -0.0144634443877376 0.0428931697095268 0.163845165923196
-0.00752867176437515 -0.00787601340946914 0.0897995174235406 0.1576850417475
-0.0190318821445777 -0.00534712668047791 0.0851113296461688 0.145853099360707
-0.0278145729874652 -0.0142916248952032 0.0424947961788221 0.143663885653772
-0.0120565433595444 -0.0239300039173004 -0.00654189677839967 0.11837025467071
0.00156494007702121 -0.0284559935960854 -0.0621859231066788 0.0833417009008867
0.024878479176754 -0.0268919906775888 -0.0846506917184408 0.0244718803771212
0.0407170433077608 -0.0133877586136644 -0.0649566210106045 -0.0225192092480289
0.04052894702469 0.0150586925050735 -0.0547872297358949 -0.00955580211793699
0.0268117236417981 0.0240359540580238 -0.146800655301021 0.00380448286699892
-0.114012478842491 0.0331309102519879 -0.151123988117856 0.0216688211028751
-0.0409219099625777 0.0983479090844206 -0.0889126912300129 0.0224063137974057
0.065699810200329 0.0758318647137221 -0.0970599081111037 0.00951966829442879
0.0967577201865281 -0.0131708069937036 -0.0989509484613586 0.0755866088695791
0.0311873294704975 -0.0682434958905513 -0.0306596756072043 0.145599829477216
-0.0159033586774776 -0.0656603155144144 0.0357246766486185 0.155636802516581
-0.0462844595721839 -0.0625614450427927 0.0769973379456848 0.146027430961685
-0.0519951459900145 -0.0610360060848833 0.0692072568055878 0.124937705125496
-0.045803581169716 -0.0724198959136977 0.0384670134547295 0.12506110964797
0.00643665124386127 -0.0768675570706563 -0.00703443559691726 0.102693420293291
0.0551124883388681 -0.0570052927708649 -0.052419123278466 0.0710429939874749
0.0899373773108829 0.00419807182252557 -0.0662004069523348 0.0231255437378239
0.0532843514814135 0.0493767771519847 -0.0617160654514933 -0.00747987198527149
-0.00644519979017354 0.0522970300862077 -0.0606433832643108 0.0157515086170573
-0.0537322589512371 0.0355532770415646 -0.137750846895926 0.0204559722633666
-0.152659090873231 0.0691592857927707 -0.0975324869414801 -0.000919196993479609
-0.0430753534142784 0.141580112363795 -0.0549378012183667 -0.00965256668240872
0.102461002500339 0.105596458867408 -0.0882907938589 -0.0261496544047466
0.148066815342457 -0.0239729945838704 -0.105339751106432 0.0393677379246445
0.0498270848947937 -0.108543481599243 -0.042670902687699 0.117173327726704
-0.0280596966531752 -0.10621193650106 0.0152420242485176 0.125502051516898
-0.0758020492185231 -0.108070482018613 0.0499781111377899 0.115271422070544
-0.0774811725725922 -0.108071653259793 0.045715176963322 0.0864875897498475
-0.0612898682629445 -0.119034164912664 0.0323888300537673 0.0844515353723789
0.0158314191691124 -0.122446623806796 -0.000485055772448252 0.0680938638856963
0.0969445642385469 -0.0889616483942289 -0.0262329653878677 0.0480832573078918
0.153048846658772 0.0260542271537861 -0.0297480472220805 0.0202585679470335
0.0696301861885878 0.111774524864912 -0.038323485535786 0.0121482571113231
-0.0551924203703775 0.098481715192806 -0.0447695281093332 0.0488111533049188
-0.133514817841403 0.0482346419732844 -0.098310006378854 0.0454857917329762
-0.167642006722312 0.0881003412848429 -0.0449611799655913 -0.0263827753892997
-0.0469054108473576 0.153121754511276 -0.0208862034636627 -0.0348756105754492
0.11073156959293 0.1213084410811 -0.0605613567092485 -0.0555876444607272
0.173027100858439 -0.0193521748009074 -0.0920501830686555 -0.00645219118118203
0.067604237557889 -0.124875927215772 -0.0504657261896433 0.0689054665983366
-0.0277292932123134 -0.128830873543932 -0.0104416758278781 0.0776184850066025
-0.0908299370603983 -0.138477757916006 0.0145989599723266 0.0697776689869319
-0.0913506069733212 -0.138784766813018 0.0150902905257413 0.0364042551782823
-0.073776423563899 -0.1468913629865 0.0198384312799211 0.0308140199560449
0.010448112888439 -0.151984662943399 0.00129171758880165 0.0200782753746318
0.114002685099141 -0.119498194671541 -0.000930203876546031 0.00832927015549818
0.20001326015614 0.0276110783972197 0.014147388326105 -0.000719212134361049
0.0943638543141599 0.157239039207677 0.0031833494688996 0.0155365476940672
-0.0853458528793377 0.144745653041612 -0.000935273961740547 0.0707029556496939
-0.193434159057364 0.0670096774871525 -0.0252735498421144 0.0671033129509558
-0.164578543047464 0.081280604520323 0.00560103546571025 -0.0420441649031111
-0.0638869741712887 0.134327805664912 0.0123478519360106 -0.0466268654872017
0.0831619920895414 0.132597068468119 -0.0198057616395337 -0.0697231183481828
0.172300504246771 0.0122607325320856 -0.058413820648759 -0.0483021573232992
0.090166610653973 -0.108910644203177 -0.0468892247400276 0.0128163526223581
-0.0102333165710324 -0.128913708398804 -0.0301896451319174 0.0194594164524451
-0.0841544760863121 -0.148372766887348 -0.0205852585358169 0.0139668850002223
-0.0903122992437682 -0.15023444188296 -0.017640218447077 -0.0199888053203647
-0.0752792180848327 -0.152551275272845 0.000612943752580959 -0.0289205929632147
-0.000609862879406447 -0.157273118169984 -0.00409088092103048 -0.0343871992664168
0.105361707003632 -0.13390621548287 0.0152265922127905 -0.0413069193188058
0.213425876830732 0.0126891471060109 0.0482397439233227 -0.0361246831774134
0.11459385478452 0.167866819921917 0.0445842133353414 -0.00189037697199614
-0.0856431353502012 0.173010706436602 0.0575329771832309 0.0671222494759927
-0.21797015816856 0.0835287122606939 0.0662228485162026 0.0745680923113122
-0.145826791693367 0.058126930899965 0.0496696575083498 -0.0452669785123882
-0.0844421961032333 0.0983412460624284 0.0389094947894793 -0.0414541523325406
0.0373001638855458 0.132724158917283 0.0224647614208758 -0.059217684939197
0.146073655154498 0.0493992828700728 -0.0110983366421326 -0.0666404512657996
0.102456753815351 -0.0720644803160269 -0.0234517723104626 -0.0357439797907703
0.0108763575926108 -0.107095656941523 -0.0348480761527819 -0.0386934534535759
-0.0646281676390621 -0.133646174273983 -0.0493343685768064 -0.044242178752787
-0.0798556723470301 -0.139754764091932 -0.0500226308333624 -0.0738820221996574
-0.0698120132514705 -0.136743913433445 -0.0245784861228779 -0.0847101593062387
-0.0153389556425028 -0.13935473741095 -0.0183359936071649 -0.0821907083183889
0.0754860118291601 -0.129773280752818 0.0148500198943789 -0.0870824590855702
0.18782425759552 -0.0107326914770186 0.0622140322540398 -0.0749553122100696
0.120373041618684 0.140168776880693 0.0711377296560687 -0.0320474058669605
-0.0575683141605631 0.165805769718607 0.108635777737744 0.0380165744969224
-0.198461323781927 0.0910395567161696 0.158230980648115 0.0596645337756081
-0.112522999376456 0.0280363238418347 0.0884432352431874 -0.0341252073757427
-0.0961392811637765 0.0564068149575106 0.0582143565854226 -0.0283402985389247
-0.00880824400832871 0.116202830021981 0.0496674624858308 -0.0300136942612726
0.0985645606561518 0.0737546250878154 0.0350109957820781 -0.0564420222034456
0.0925900010638252 -0.028001419013877 0.0132487836405141 -0.0632985721860877
0.0267715737072568 -0.0677860439319436 -0.0228487792718395 -0.0862793938553366
-0.0356058861844923 -0.0957378292801303 -0.0653111918466325 -0.0960318651113398
-0.0553891675884872 -0.10553889070418 -0.0760380700006795 -0.117293613569973
-0.0497527253618494 -0.101974968205556 -0.0502747184410229 -0.126859977284201
-0.0213018710108367 -0.099675624763573 -0.0333963727183703 -0.117735301187204
0.0399073206159408 -0.0999609988112973 0.00745133700406791 -0.121060522403305
0.131096652943979 -0.0262281037121977 0.0634106050927979 -0.103470763416336
0.101877520275003 0.0882304694313945 0.0823769375973232 -0.0555716311878073
-0.019143620993961 0.121348037286444 0.135123753045938 0.00277731642174286
-0.141018244338711 0.0783844219996711 0.222593837251654 0.0290663207517237
0.022509429684248 -0.0627616293495093 -0.210687945209688 0.0356782747318827
-0.0210207032135954 -0.0507130505541835 -0.137348913946004 0.0608847653978862
-0.0495812305043039 -0.0246918202352523 -0.0813338891492599 0.058929988393434
-0.0510043647854925 0.0230942343852166 -0.0634399991826382 0.0915622105053338
-0.0109951096971354 0.0469785175539975 -0.0236273892945152 0.130790328562001
0.0186581662815305 0.0398388639933341 0.0394618778319778 0.150126141408411
0.0315662087281373 0.0486152948228352 0.0891579371978448 0.145939308174367
0.0183170857858184 0.0518041620400815 0.0907020401402917 0.142592322509205
-0.00464561780523235 0.0464159872790563 0.046462307736915 0.137764220099655
-0.028385833372733 0.0322365796617201 0.0048735181822055 0.114749749208874
-0.0503725542040721 0.00331612321333019 -0.0484821732764539 0.0859626299033444
-0.0407791664532592 -0.0540867483781865 -0.0792607996307131 0.0365451439017854
0.0202399243976885 -0.0694978424710258 -0.0576404688984856 -0.0156889971892862
0.0734934644359898 -0.0210236664711034 -0.046620489252056 -0.0174137528529077
0.0964805499117747 0.00587580330897847 -0.133409116058306 0.00231084577382481
-0.0539607135785329 -0.0135404107946821 -0.193936541815516 0.0378815330330445
-0.0378561995036808 0.0300585636538706 -0.119430976720381 0.0527172555802204
0.00883236568004032 0.0313458037595345 -0.0916219060189294 0.0421998297548979
0.0271018234869165 0.00720196787603864 -0.0809245885402465 0.0933289497942311
0.0129833610611485 -0.0117596710851972 -0.0213802463785538 0.148655735155594
0.00310006940573764 -0.0148002096851155 0.0448750436722428 0.163492974599159
-0.00795663870201359 -0.00782494386717971 0.0923231787836606 0.157245999459088
-0.0193708028638549 -0.00515593121082662 0.0867196516054331 0.144971224986466
-0.0280051305699806 -0.0140893930168205 0.0434856851287021 0.143692741596626
-0.0120166008946634 -0.023648860521318 -0.00546954102387185 0.118631691980683
0.00188553702549812 -0.0281317219951441 -0.0620240600910555 0.0830224788642415
0.0245007209538997 -0.0273227052954009 -0.0843258360148322 0.0244737907404887
0.0398234781973872 -0.0137660165258596 -0.0655193688880379 -0.0222648492693232
0.0407426551496131 0.0146925583163161 -0.0551584615999266 -0.00926367876942108
0.0271752364679023 0.0239950937812636 -0.147490567202832 0.00572864810745607
-0.114174619335341 0.034630685204521 -0.151477307720851 0.0234192922603223
-0.0405257612815913 0.0990082887284618 -0.0893619086485766 0.0233747712508987
0.0667247457163899 0.0754296561283603 -0.0977251290377554 0.010082619123375
0.0969884177318636 -0.0147183800123121 -0.0990683982515231 0.0763034071278941
0.0304816999118976 -0.06870053705945 -0.0293622243887484 0.146056799556854
-0.0163615395177149 -0.0654633500397145 0.0370498876522251 0.155312003485516
-0.0474088511973981 -0.0619830410075392 0.0786313161748584 0.145711860328511
-0.0526528749266257 -0.0605516816467601 0.0701464760827538 0.124874209084669
-0.0459252151815139 -0.0722930795521897 0.0397534585663808 0.124776188963796
0.00616943467794841 -0.0769692904039303 -0.00614629963509144 0.102456218030707
0.0547479842146525 -0.057644303516755 -0.0524757097753055 0.0715276508889225
0.0905963783441998 0.00426280082115603 -0.0664615508958925 0.0232432915615305
0.0533358853265068 0.0493157801992958 -0.0614617053850325 -0.00733462145052797
-0.0063423255278807 0.0528710670317212 -0.0605083564957577 0.0157154569212897
-0.0536791354990271 0.0360534163288753 -0.137820162670427 0.0219323752920673
-0.152531445889335 0.0715251676187384 -0.0977406746692659 0.000236577270658701
-0.0417237518782207 0.142206874566871 -0.0551509225386082 -0.00970026444546046
0.104056449043707 0.104993402623272 -0.0887720050932954 -0.0256041403356748
0.148321951895176 -0.0259433438872443 -0.10543814514055 0.0400094882916661
0.0492147060781038 -0.109490432988492 -0.0420339439282659 0.117847321854777
-0.028978876619315 -0.106096532756019 0.0161337435976439 0.125783647357089
-0.0769082066439084 -0.10754654495047 0.0510553558082262 0.11471429866631
-0.0783548129994705 -0.107630081174107 0.0462652675423197 0.0863748857672504
-0.0619916259185773 -0.118540099642059 0.0329706900332574 0.0845932487179129
0.0152935576935904 -0.122867846142699 -0.000525418033492069 0.0676222240251143
0.0964610122977546 -0.0893402542091818 -0.0257608136639373 0.0481726483804401
0.153965416942935 0.0250453851374609 -0.0294496734583582 0.0199691007983784
0.0708865778084349 0.111708639265344 -0.038684877784843 0.0127323216357632
-0.0548257371230181 0.0994152658447815 -0.0446688637300771 0.0492904591321575
-0.133488183964722 0.0498366986994112 -0.0981302732295524 0.0462104571269367
-0.167806121061364 0.090243827428755 -0.0457247070054927 -0.0262679850869925
-0.0455580936293224 0.154281344869137 -0.0209003935288275 -0.034808182497633
0.11200897962558 0.12148371108751 -0.0612352760746373 -0.0555588030917714
0.174346772536022 -0.0208828304568432 -0.0925140770573289 -0.00566249720611497
0.06703656515183 -0.125990563180148 -0.0502625873328877 0.068864749168584
-0.0287042898454335 -0.129113478763152 -0.0101453130470887 0.0780427409065453
-0.0919870292537633 -0.137685017167661 0.0151341846693855 0.0697578016952378
-0.0933460275301725 -0.138289244979065 0.0154497962969518 0.0365306386678482
-0.0746388293693279 -0.146290426230142 0.0199869410365338 0.0304673575593108
0.00980791372317058 -0.152669448844247 0.00152473731194795 0.0199332778375323
0.11352148194945 -0.120465954584207 -0.000516058919475423 0.00812252214467057
0.200645195895665 0.0256833396164542 0.0140231403194667 -0.000858675907463915
0.0959003408932618 0.157181522705108 0.0032993025763154 0.0157703107950558
-0.0843325418009524 0.146173784944013 -0.000704545824578668 0.0704325479116355
-0.194092526642786 0.0689030988387506 -0.0249817707414071 0.0673687163318579
-0.164495639498954 0.0829235943531789 0.00534459015364407 -0.0424223670486055
-0.0634410832078393 0.135034360903767 0.0120766220120204 -0.0463764108864941
0.084940543471726 0.132265699823865 -0.0207202513895241 -0.0700806158652358
0.172895029034756 0.0111261150525479 -0.0594056296928239 -0.0479583056035747
0.0904180501380063 -0.109424106618978 -0.0466287270580569 0.0128575929037057
-0.0110385740287651 -0.128945566013435 -0.0300956719046352 0.0203373914618171
-0.085201470833391 -0.147894330527285 -0.0204636905393067 0.0142830342672637
-0.0920882822696322 -0.150296861313067 -0.0179625871907744 -0.0199205044576733
-0.0762911249715976 -0.152120253347805 0.000802789450150849 -0.0294444376782146
-0.00194729677705145 -0.157503931936607 -0.00402249917693064 -0.0341832169862885
0.104937642842739 -0.135055856266076 0.0149908259861681 -0.0417130531655931
0.214160085898132 0.0108772468055125 0.0479601428727191 -0.0362839648512601
0.11610679571608 0.167795093677414 0.0445074491620935 -0.0017874238947939
-0.0848336750515676 0.173965820227193 0.0579371517208843 0.0666284029679724
-0.218040145769221 0.0858276900984772 0.0672281794317144 0.073350391881454
-0.145558365919028 0.0595294796232747 0.0494845092897996 -0.0456793764648686
-0.0840799434575667 0.0996368678140713 0.0384826042124136 -0.0418247173623554
0.0388906758979504 0.133136213525068 0.0214547563963659 -0.0592587826011407
0.147277248906166 0.0488099234908287 -0.0120067998715628 -0.0662183724199669
0.102239539850444 -0.073237479822419 -0.0233219215696926 -0.0352433730093685
0.0103027305056098 -0.107344945639071 -0.0347869707097229 -0.0381870409519353
-0.0659861734515454 -0.132814423500234 -0.0492548070247878 -0.0434110331137681
-0.0813243776757492 -0.139034809861214 -0.0510181202924356 -0.0734005110249052
-0.0712489477681373 -0.13668214715162 -0.02553285699721 -0.0847041949343763
-0.0170022008163957 -0.139094157591288 -0.0193038581862 -0.0821485994826408
0.0747423565930314 -0.130697482995587 0.014672104224566 -0.0875948496757618
0.188363191374222 -0.0127935500805361 0.0618245706100079 -0.0757797060309032
0.121530586274362 0.139830237321731 0.0709007016472765 -0.0318409954589177
-0.0562691720830828 0.16621560527977 0.109246528753837 0.0373954299593513
-0.198269166152564 0.0930640136227928 0.159143283475514 0.0579359923100185
-0.113053168800808 0.0285530947932338 0.0885614450536746 -0.0344644931171826
-0.0959251582424568 0.0575011639297025 0.057914875780115 -0.0291166920785473
-0.00756671643514259 0.116406167491866 0.0488960062937649 -0.0299821066119558
0.0996639735249866 0.0727271582129158 0.0344451646997227 -0.0559614523006776
0.093162686764658 -0.0284808154345438 0.0132460477854115 -0.0634930525711837
0.0263279589084747 -0.0680717008433735 -0.0233362522655043 -0.0859686848861787
-0.0366756120654232 -0.0956320267377151 -0.0663176957324573 -0.0949319541277008
-0.0567054484309656 -0.105338292111299 -0.0771646365185284 -0.116898003664836
-0.0506243686321132 -0.101751257000564 -0.0511343735546054 -0.127188428123757
-0.0223034458823488 -0.0999698134425859 -0.0343832357844297 -0.117933147923383
0.0389171484629117 -0.100667524552874 0.00677140465708854 -0.121695308654854
0.130882451364529 -0.0278375399381889 0.0626058829944349 -0.103976211527193
0.102202998539332 0.0875627950919235 0.0821092112469448 -0.0555603454985283
-0.0187811077990011 0.121645213729858 0.136080822173163 0.00240343989659058
-0.140669888959977 0.0799181664998006 0.223821947388694 0.0265649950116882
0.0223153847065921 -0.0629025003873603 -0.211257638863236 0.0375726493095409
-0.0209584845329156 -0.0504149492814294 -0.137232766741346 0.0622557190762278
-0.0500011241257312 -0.0247120051291363 -0.080885917559691 0.059698412783432
-0.0512261537908286 0.0232153908833281 -0.0629134643246788 0.0922584828945954
-0.0112014018932138 0.0466830739143288 -0.0231175945208302 0.130932289431697
0.0192612440690001 0.0394918044877926 0.0397530700248121 0.150128503846799
0.0317810376198907 0.0483879574844414 0.0907209242946894 0.145644770019524
0.0188505610751885 0.0519129353613843 0.0925707013713431 0.142126219785231
-0.00429221372964735 0.0465944835691145 0.0474129736201518 0.137958318656354
-0.0278855334331363 0.032663026469808 0.0056629497534523 0.114358723373115
-0.0505882874884227 0.0041265157479828 -0.0480001168759956 0.0866443341021164
-0.0411784580590263 -0.0534649119087651 -0.0788937400520049 0.0366650741086596
0.0193587193899115 -0.0695177157748311 -0.0576838723809195 -0.0161760966439161
0.0735273444715774 -0.0213536269651288 -0.0467129769820312 -0.0172884502460446
0.0967630794575043 0.00496346613989898 -0.133849935165393 0.00329851670576905
-0.053968171031884 -0.0129028535275877 -0.194963327602147 0.0393185008964091
-0.037488141330346 0.0306070427489744 -0.119407556105531 0.0534648996845958
0.00976224479748133 0.0311079324443377 -0.0913151321765636 0.0432685393075144
0.026977174916607 0.00659842272156073 -0.080734102603367 0.0939110869067114
0.0131412354839544 -0.0118759128420607 -0.020571986699484 0.149067450755557
0.00289712595107938 -0.0146605623163128 0.0462238211982834 0.164448596899525
-0.00790202069118819 -0.00853945046054325 0.0927079983592253 0.156618182343019
-0.0194897129663363 -0.00532360742801847 0.0879601880302804 0.144911263386728
-0.0283092120840259 -0.0138803984091379 0.0447394152727263 0.144034655424364
-0.0118855988690713 -0.0238991065294839 -0.00535207614407248 0.11869381921491
0.00125489063614419 -0.0277642589889685 -0.0617019054930415 0.0837739793898371
0.0244315000997127 -0.0267484750992637 -0.0845319468938018 0.0244260807064679
0.0396277393996821 -0.0135777183909923 -0.065446913337207 -0.0226916758619381
0.0407618713400032 0.0147475963140565 -0.0551114114361718 -0.00974702913322885
0.0271270601417622 0.0237717121555452 -0.148064017846511 0.00729658097149215
-0.114296439382604 0.0361916808010946 -0.151995053976278 0.0242883112357
-0.0398476183555211 0.0999684956754229 -0.0889206432701563 0.0242089101919232
0.067583496655886 0.075183060045883 -0.0982022834986482 0.0102466725463324
0.0973264420038618 -0.0153010635689719 -0.0991418529969382 0.0772394432933251
0.0303417229920145 -0.068929638700942 -0.0290336241441104 0.146396430831891
-0.0164993026475768 -0.0659205649287394 0.0382048905258201 0.155816172550458
-0.0475079986303562 -0.0622753802329693 0.07971874834356 0.145425533987426
-0.0533393739278987 -0.0606596014864224 0.0716666656055407 0.124889199671536
-0.0461851033928989 -0.0717198327543044 0.0404644348687972 0.124761027225498
0.00593026830226431 -0.0771641691026768 -0.00560801613147253 0.102907271210381
0.0550499336813252 -0.0577602616437576 -0.0518886814131988 0.0719238568429456
0.0909432263186575 0.0035574005414683 -0.0663435554113632 0.0235433610612576
0.0535121095434982 0.0494044187748139 -0.0619299553808629 -0.00704811351528493
-0.00621490980194301 0.053351309215313 -0.0603597680366663 0.0160332962427761
-0.0537503895509862 0.0364905781179414 -0.138603003653982 0.022511273210844
-0.152791033008436 0.0731607376720791 -0.0987358836586345 0.000576535767367708
-0.0406954048729447 0.143350165252124 -0.0548715672911109 -0.00920079247477766
0.10539791419594 0.104848302670325 -0.0898326957034214 -0.025722738546566
0.149131984092285 -0.0271732990966 -0.105990451811749 0.0407561725780737
0.0488571996836872 -0.1102429140185 -0.0415585423815473 0.118293641529056
-0.0298534190214876 -0.106603619139424 0.0170862711875806 0.126160568925331
-0.0779570049188571 -0.107555490279468 0.0520216005078671 0.115000777619295
-0.079358132273222 -0.107104768184541 0.0471556862216278 0.0862085812321803
-0.0623854404306718 -0.118316839608642 0.0337271083469574 0.084230364867109
0.0149069622513974 -0.123322390441931 5.38002711471192E-05 0.0677915602240662
0.0963837427168833 -0.090589219878916 -0.0255263270454923 0.0484150709505912
0.154591105881109 0.0246155764160349 -0.0295836900732904 0.0202320585697618
0.0717247340195258 0.111833773280922 -0.0386899218774785 0.0130465530528367
-0.0550601376087388 0.0997445854828021 -0.0446622190368128 0.0495508875050416
-0.133777100219296 0.0514156528747081 -0.098099886793871 0.0467512204136873
-0.16810062025734 0.0916498915328509 -0.0458448645242097 -0.0264390108382874
-0.0453981682143238 0.155308450313739 -0.0209324846560358 -0.034678716338119
0.113962370443421 0.120850185196561 -0.0622980237591613 -0.0558634106954653
0.174707818591925 -0.0229546207455594 -0.0933990947871215 -0.00479568597012357
0.0670028725871546 -0.126939466974862 -0.0498215276642239 0.0691304954211931
-0.0296013919926405 -0.128945597080958 -0.00890835329222828 0.0787795189684475
-0.093346420085498 -0.137511943616523 0.0156201398419496 0.0697776461973292
-0.0946999313411779 -0.137923900496499 0.0157670281828242 0.0366977919489933
-0.0756929175843834 -0.146257505826504 0.020342360280462 0.0304099990940204
0.00895858033759898 -0.152934522482329 0.0017583030831954 0.0197535781608033
0.113334431580035 -0.121481149261153 -0.000165638851416079 0.00808202891678894
0.20187211159667 0.0248333784247386 0.0137886241038376 -0.000573825111754264
0.0967933880320424 0.157576746592845 0.00300875639463108 0.0159844844410681
-0.0841451325246693 0.147156031093783 -0.000622676098751397 0.0708181048769955
-0.194174152895025 0.0706441543710629 -0.0246847208367957 0.0673233373001658
-0.164884518510504 0.0844289703206252 0.00479632283122521 -0.0424777327581253
-0.0626063019286762 0.136111874713524 0.0117668087794194 -0.0470367711617131
0.0865204757272643 0.133032849245099 -0.0215898170401136 -0.0702368964934977
0.174365667816497 0.00969273191078696 -0.0604460660069756 -0.0474980865982738
0.0904010846824971 -0.110774115109466 -0.0469959203948199 0.0132313471216721
-0.0119965083652701 -0.129113311479465 -0.0299243974613521 0.0206053850179912
-0.0861583710798734 -0.147723125291813 -0.0207297131978144 0.014430303016151
-0.093383544344864 -0.150266166396321 -0.0181520585450328 -0.0198485877807827
-0.0774099835392665 -0.152092136580173 0.000586942484510673 -0.0302111612654263
-0.00285103972354568 -0.157653375931418 -0.00451823399509514 -0.0347426943808964
0.104662036562986 -0.136288641512556 0.0150339053758449 -0.042291342736416
0.215072884475465 0.00911063023932585 0.0480025455541874 -0.0363153304488445
0.117265455378719 0.167168213778306 0.0444972067155531 -0.00127583326435206
-0.0841695778227862 0.175216949169534 0.0582303268120887 0.0665576187231824
-0.218549955155374 0.0878368766249772 0.0679547272547649 0.0726292725215256
-0.145991813243293 0.0606236999510993 0.0493941537318546 -0.046812447564243
-0.0843655233388644 0.100733642432749 0.0384527041182567 -0.0422538876955834
0.0400970975776035 0.133931590722269 0.0208858387142259 -0.0599087029120187
0.148533867896965 0.0476783599640858 -0.0126109380358761 -0.0664358776075114
0.102804734376551 -0.0738199258748763 -0.0235409566834397 -0.0354098595580974
0.0100208670737657 -0.107485801964256 -0.035070279355547 -0.0375955997218506
-0.0670848566504939 -0.133161572796531 -0.0499318556454502 -0.0429013298188635
-0.0831136675164998 -0.139025436783494 -0.0518443904071233 -0.0736748725744635
-0.0720143358154801 -0.136732121448808 -0.0260931129762453 -0.0852694145732214
-0.0175318269111315 -0.139430984157753 -0.0194374804781207 -0.0822783985072373
0.0739019686108031 -0.13140053061051 0.0143744294970239 -0.0878823567193186
0.189190578363808 -0.0142318223768985 0.0615447304596291 -0.0760324388575287
0.122685318587377 0.139168107475096 0.0706832750783703 -0.0318756381240096
-0.0553981834064169 0.167518404886181 0.109777775034911 0.0369411266853091
-0.198723939587418 0.094626265657872 0.160559873725272 0.0564775673490603
-0.113239766015967 0.0293732201916449 0.0889729753018779 -0.0354729739328579
-0.0959702434151169 0.0585354073208868 0.0573543433645776 -0.029806959235138
-0.00640018766824325 0.117348852632643 0.0482321751334767 -0.0302379493707182
0.100743218194577 0.0719957347057768 0.0334522706844318 -0.0560108115448957
0.0936619474776147 -0.0294715583425495 0.0131254039230936 -0.0630473843651687
0.0265143531853637 -0.068215813994963 -0.0239502344526421 -0.0855792269666847
-0.0374064606937008 -0.0953051661447038 -0.0667285227804126 -0.0945070604586003
-0.0582826512118614 -0.105086665384711 -0.0781475854056881 -0.116973537322176
-0.0514327851794703 -0.101730484782105 -0.0525622047211828 -0.127462472484189
-0.0227938276839066 -0.0998068572689985 -0.0351774894851786 -0.117913694824008
0.0388031353127197 -0.10132151504101 0.00558782991992576 -0.121899639397312
0.131193062397545 -0.0286994158442309 0.0625298952431633 -0.104746500690537
0.103298725534011 0.086857641059977 0.0818559112798923 -0.0556202568796489
-0.0183162085806121 0.122021820834957 0.136832462995602 0.00193668333099957
-0.140645411737629 0.0811736779842701 0.225476199681847 0.0245350188729621
0.0220643522827368 -0.0632342957181493 -0.212657519108624 0.0392745403566804
-0.0215149598107583 -0.0504704666505514 -0.137613872307479 0.0633228000261142
-0.0506421394459195 -0.0249827527216883 -0.0808807565138433 0.0607151846988653
-0.0521002328903908 0.023584988562228 -0.0628971047237027 0.0929068218945924
-0.010719724290213 0.0472680147688336 -0.0226919284741848 0.131475561909738
0.0192301544314948 0.0394559010108658 0.0408182125434964 0.150468128333229
0.0325723558658244 0.0482080448645057 0.0923249006693511 0.145269579367359
0.0195110554070387 0.052351078516321 0.0939663303614318 0.142191163511993
-0.00448323148217248 0.0463384599230749 0.0476142467329613 0.138589090634563
-0.0282485332926126 0.0331283539102492 0.00557449624153043 0.115062512093374
-0.0503618492523748 0.00463919476944592 -0.0486400575366158 0.0869751935631768
-0.0418666925987664 -0.0528965560338197 -0.0791144680955346 0.036862123853181
0.0190644039822971 -0.0695146281953432 -0.0569294667486767 -0.0168801477743778
0.073851776727338 -0.0216434448466946 -0.0473221200341137 -0.017059121596526
0.0974740165758551 0.00451207877303124 -0.135120436031844 0.00487847857925319
-0.0542287905282804 -0.0124095012869284 -0.195947685061954 0.0409530961022044
-0.0371828119982012 0.0309771368148156 -0.119984345321566 0.0548212084688618
0.00995875647981415 0.0312173011365969 -0.091643902981466 0.0436137386006843
0.0267198855030737 0.00633585206181007 -0.0808457339525646 0.0952831723145403
0.012638610363252 -0.0117177843918453 -0.0203278981672431 0.149624408134329
0.00263217987598443 -0.0151054856318699 0.0476231670808009 0.164412148083584
-0.00780330336345402 -0.00830317652182864 0.0952493249386849 0.157259203533938
-0.0189072124513218 -0.00487022508539085 0.0895814314974981 0.144623944322908
-0.0281476716012456 -0.0141866529858657 0.0458055437426106 0.144155590056077
-0.0116431188674376 -0.0237440250909678 -0.00459064044246186 0.119004582983104
0.00141029720211232 -0.0274452242413431 -0.0617454793923678 0.0835370776768482
0.0244779841587421 -0.0271735923857316 -0.0848275468524435 0.0249781012530825
0.0394891132850554 -0.0137134947968901 -0.0656272570376006 -0.0230344466878792
0.0408477178858807 0.0148466312310959 -0.0549248062277214 -0.00935388587696842
0.0278833917622419 0.0236454806480857 -0.149192293541709 0.00824916261323762
-0.115025362807367 0.0372401387226696 -0.153057578514119 0.0257012404218452
-0.0390616751859527 0.101069480918918 -0.0894113486640729 0.0244941036597597
0.0688499764318659 0.0751417533554588 -0.098663191462364 0.0106098914591107
0.0978527970198299 -0.0161518565054025 -0.0993844453978941 0.0780632219143392
0.0301923514360225 -0.0698928821042558 -0.028127887191439 0.146952527202847
-0.0173964125717159 -0.0662718709331423 0.0395350913388154 0.156255164875027
-0.0480511847717837 -0.062222210016354 0.081156360489427 0.145464613798885
-0.0537697521507234 -0.0604028023882649 0.0729282129672737 0.124674164645248
-0.0467894622384694 -0.0717065907450655 0.0410210732256338 0.124750659044333
0.00630597256656441 -0.0776734251604063 -0.00549568221834246 0.103259031543032
0.0549999328865695 -0.0582524809666269 -0.0516898740918863 0.0721608226647018
0.0914220915255311 0.00375882490382018 -0.0663906187740893 0.0233640522200547
0.0537922060823151 0.0498467162596291 -0.0620288224889156 -0.00714500622643757
-0.00653746688570857 0.0535984213153171 -0.0606723638407808 0.0163558576107897
-0.0537399047595925 0.0372570212203581 -0.138974645482158 0.0235753601777383
-0.153467057402505 0.0747712417413627 -0.0992760868801697 0.00092398657456792
-0.0402849448638571 0.144552054923981 -0.0553357112458699 -0.00893631118683666
0.107017463083158 0.104889406302639 -0.0904630757246926 -0.0256976920812822
0.150368881282702 -0.0283501401271408 -0.107089905832123 0.0415657361351198
0.0484626609093085 -0.111250236657042 -0.0413350480824252 0.118880256095436
-0.0304826864743127 -0.106868723689222 0.0178423424491698 0.127105959815949
-0.0789208366919771 -0.107381412946367 0.0528386440617363 0.115132197015081
-0.0802205948110053 -0.107317540428303 0.0478343223855083 0.0865856813916434
-0.0633775212268318 -0.118504207209158 0.0342646127654162 0.0843199948023469
0.0145841958604569 -0.123783505124765 0.000401059444087908 0.0681916973612397
0.0964738876325462 -0.091440698050044 -0.0256442233920768 0.0490372373720628
0.155649361808695 0.0236126384352517 -0.0299782391295815 0.0202797552553708
0.0722415090453598 0.112506100905586 -0.038845373508388 0.0132456712211457
-0.0547034842191946 0.100905280402547 -0.0446642992771143 0.0498637554301391
-0.134415510296119 0.0522711775846679 -0.0986331750760991 0.0472397344022414
-0.168530705175518 0.0936578698051805 -0.0464822865389128 -0.0263491854823178
-0.0449865228899326 0.156414160580395 -0.0210896124970512 -0.0350097572393507
0.115315025785142 0.121559725619757 -0.0627905808150493 -0.0559984811456913
0.176233950327388 -0.023656686078271 -0.0942683466383966 -0.00478440215422763
0.0669940494390467 -0.127604210474142 -0.0496876913652805 0.0695875782928668
-0.0300396954281029 -0.129717971743455 -0.0086204923290906 0.0796144596162512
-0.094664462261933 -0.137555563326568 0.0159319429505773 0.0700821550735021
-0.0959454032394893 -0.137965879647199 0.0159236761654415 0.0365744785346788
-0.0771103653140673 -0.14631383613313 0.0206514574004794 0.0296020142523179
0.00846771359091655 -0.153630066628665 0.001440964953041 0.0196435009910787
0.113369203161063 -0.123056929161327 -0.000217804625191449 0.00777412641866657
0.203409970838976 0.0237630919344128 0.0140939249624752 -0.000816832658669746
0.0978079877162307 0.157710130880999 0.00287929163648839 0.016673777680876
-0.0842709839711123 0.148200435256284 -0.000405618764714613 0.0712350051569865
-0.195047845439979 0.0720432611271288 -0.0243932012377651 0.0674374040680117
-0.165338910012575 0.086392264933323 0.00461729679968953 -0.0434324781311955
-0.062396919376388 0.137477447838745 0.0116363291081272 -0.0471734957703462
0.0879604146074013 0.133182186482157 -0.0223031394139364 -0.0707942646172005
0.175593915136736 0.0086050326180828 -0.0610722328748305 -0.0472263972922014
0.0905381155468182 -0.111659556209452 -0.0468162366363078 0.0134641480113616
-0.0120345547460754 -0.129793527131614 -0.0298088155445519 0.021498332669981
-0.0877341089228469 -0.147672405082445 -0.0208706213089087 0.0149905253948258
-0.0952342196710042 -0.150249354954524 -0.0182760417386038 -0.0198799294395913
-0.0783964442031161 -0.152114394217411 9.58832800359581E-05 -0.0306145168442261
-0.00330123037817692 -0.158433870785529 -0.00460062402273599 -0.0348477920804669
0.104552636225871 -0.137655495801003 0.0152939800533202 -0.0423707899904695
0.216189097158372 0.00791523276219735 0.047973874838794 -0.0364437701568045
0.118994997293859 0.168024051387529 0.0444443954913347 -0.000912234411712048
-0.0840222513917927 0.176440885123241 0.0590283919089908 0.066450313206613
-0.21925493758752 0.0896096574583888 0.069174058589108 0.0721133041375063
-0.146751244734601 0.0616348753497048 0.04939709210814 -0.0470823066171782
-0.0842867327215429 0.101896339770224 0.0381077370624069 -0.0424509994172621
0.0412603044961831 0.134498248693199 0.0204553822642979 -0.0600564387349764
0.150056536188637 0.0475015337673049 -0.0134637866395829 -0.0664445603137745
0.103058171234614 -0.0753569973185273 -0.0236989368562438 -0.034905813438554
0.00988090120641489 -0.107713712082964 -0.0347689097195716 -0.037239585174568
-0.0677648354978839 -0.132903730011539 -0.0503333779776077 -0.0426486258715972
-0.0845771332224958 -0.138765967945819 -0.0524342885189227 -0.0734499301547134
-0.0726933466035027 -0.136723375823475 -0.026777275737527 -0.0857519691611596
-0.0186632728004409 -0.140110381003877 -0.0198059497639919 -0.0825535933092073
0.0740511127035905 -0.132881144719884 0.0140476166082737 -0.0883242762669214
0.18992040733397 -0.0156385221275487 0.0613790480815705 -0.0766858488996616
0.124493099444489 0.139197012798671 0.0705678887840799 -0.0316245712719211
-0.0555011331691724 0.168289222890445 0.110393033573107 0.0370128483355185
-0.198921773075848 0.0964693524932952 0.161956615016858 0.0554423319550366
-0.113991434975252 0.0299677216611098 0.0893399596432373 -0.0361426010526056
-0.0961328558190905 0.059507796943378 0.057182899109625 -0.0300999346704646
-0.00571055268697693 0.117990576183363 0.0480007132941862 -0.0303460425026048
0.102462837116117 0.071893339474376 0.0330861403435379 -0.0560642271381851
0.0939921622089569 -0.0303134064903184 0.0131517400222138 -0.0629056942765092
0.0261366562108446 -0.0684680933242114 -0.0236845003015336 -0.0854099055677039
-0.0378661721270591 -0.0950493473152505 -0.0674361633569797 -0.0941129735050846
-0.0592022711783839 -0.105036006991204 -0.0792824139159385 -0.116846538059942
-0.0525249941869003 -0.101824819484764 -0.053569255486068 -0.128155242657257
-0.0236205587252425 -0.100118625867026 -0.035501101709161 -0.118333064283428
0.0384933325732514 -0.10228767812804 0.00535995119018869 -0.122712821358767
0.132411146691149 -0.0299486830957018 0.0621258688876071 -0.105604417276995
0.104154032883835 0.0868395000011155 0.0815586348832196 -0.0554698243759018
-0.0183068554909756 0.122674030889211 0.137422320717317 0.00153252774106668
-0.141016978728566 0.0826130024897899 0.226554012472412 0.0228601289475277
0.0226446701265371 -0.0630477786273591 -0.214381370992273 0.0411308454286501
-0.0216135331876399 -0.0506715437987335 -0.137876954620452 0.0647447340611105
-0.0511208418002505 -0.024955883102817 -0.0814623320005454 0.0612277858957158
-0.0521092941409683 0.0239966923275517 -0.0626803532783512 0.0940186000182882
-0.0108515478865075 0.0475740125010425 -0.0223276925508115 0.132920879018862
0.0193553694088896 0.0394880532815474 0.0420451180105021 0.151277681531027
0.0329627044886503 0.0482456964086957 0.0939139588856924 0.145655111473578
0.0201755294236061 0.0523645974942381 0.0953505864469632 0.142062949189867
-0.00372080508873849 0.0471321490660819 0.0493617937233566 0.139231594187055
-0.0280282839886159 0.032937866933063 0.00613850696976222 0.11530937478374
-0.0507853533866909 0.00520282035726116 -0.0483501538252111 0.0874929458820798
-0.042744639237061 -0.0531383252997589 -0.0796139566296207 0.036920903987132
0.018657251956708 -0.0702196475550579 -0.0576801385424239 -0.0169038641425986
0.0744936357301272 -0.0225820854272083 -0.0472403701192998 -0.0173901256132879
0.0978147336554351 0.00375144761533573 -0.135690549553299 0.00598632492716351
-0.054906990285854 -0.0113982597605703 -0.197455866693926 0.0423628847580529
-0.0371209594396753 0.0317452892910867 -0.119975093595843 0.0557988848236524
0.0101657327230847 0.0310508577126758 -0.0922643778504696 0.0440782588145598
0.0272515057086405 0.00598341569256789 -0.0804424302850219 0.0957029457263969
0.0128828964928272 -0.0124000673004815 -0.0202769366328114 0.1508340673531
0.00245685376690427 -0.0157005544571215 0.0484929508830836 0.16505419725079
-0.00811972156597995 -0.00867327649606028 0.0965924819004785 0.156917809791079
-0.0190466392484678 -0.00481093041282548 0.0907860724519022 0.145614815259508
-0.0280374473002002 -0.0139298221030043 0.0469139049342267 0.144788592531387
-0.0115760371902658 -0.0232846747729491 -0.00435384688032894 0.119708328101084
0.00132800543321441 -0.027225038465039 -0.0620775827120982 0.0842637596866359
0.0239689535222078 -0.0266298146514472 -0.0850476991016267 0.0251405901414814
0.0393485517363234 -0.0136954951219846 -0.0656552697959169 -0.0228771511892239
0.0407874817365192 0.0148280322713267 -0.0554266050235499 -0.009375424522315
0.0278830663839947 0.0238428593286362 -0.149762441192487 0.00954043615334169
-0.115320357753958 0.038886703514275 -0.154161380601316 0.0264631061174023
-0.0389066659386353 0.101969973832446 -0.0900234448751384 0.0250796347010707
0.0700766969313098 0.0750089650202695 -0.0999104476737626 0.0109098490770835
0.0987781564699888 -0.0173012003643648 -0.0998970999481336 0.0785951648974735
0.0298656510015173 -0.0706558086964053 -0.0276876186247338 0.147958786343513
-0.0179280324734609 -0.0667688530812341 0.0403044390980637 0.157666712448043
-0.0487941363859928 -0.062500400777372 0.0827355456036425 0.14552657813092
-0.0547061780144556 -0.0601882923122896 0.0739497976728286 0.125130229439963
-0.0473510842703829 -0.0718218912886379 0.0422015769582513 0.125452625851263
0.00579039331259036 -0.077628159419983 -0.00472264249450966 0.103255528635081
0.0548827320706218 -0.0586876553453567 -0.0517909329798981 0.0727244323050957
0.0917101074270876 0.00332950408279149 -0.0665524768259922 0.0240956340073877
0.0537615803459473 0.0497119060647496 -0.0622027387949648 -0.00699801238001657
-0.00645506886345684 0.0542148091611889 -0.0608999755574154 0.0166600929051071
-0.0537993947245542 0.0379967839129751 -0.139755886344856 0.0247758918562414
-0.154312241441629 0.0765987651365988 -0.100111935329236 0.00137098162772998
-0.0397955629452956 0.145903722440203 -0.0555575563967978 -0.0089458290095979
0.108651440876981 0.105141384575845 -0.0916093020626518 -0.0258166094887479
0.150950848826424 -0.0299431485581188 -0.107374752550034 0.0424502644441239
0.0485501084362358 -0.112987702865456 -0.0414383892578574 0.119690789712056
-0.0310825897570927 -0.107530601251022 0.0192994866227717 0.128051210608704
-0.0798638264121402 -0.107790070822033 0.0539814723573242 0.115417270522178
-0.0815399417075373 -0.107394591785555 0.0487756987499342 0.0866092032886225
-0.0639140789953772 -0.118760257128913 0.0350628155544087 0.0842326145943215
0.0143421739589447 -0.124850704477635 0.000493532093091332 0.0679493141730494
0.0967530679639047 -0.0923718752328593 -0.0253809418878071 0.0489536801565558
0.156887205282986 0.0232059180424002 -0.0301090530938946 0.0205852353124244
0.0729593726037762 0.112945760382706 -0.0389486249051341 0.0136881149970917
-0.0548466161384124 0.101803490971249 -0.0447560362324053 0.0503107729394805
-0.134999114113147 0.0536272048478488 -0.0991006515631107 0.0481296681924446
-0.169363280485227 0.0957605521282068 -0.0470600956534316 -0.0263781926783074
-0.0441720821170741 0.157835307565648 -0.021641763491066 -0.0350517563675849
0.116773897657074 0.121475082834653 -0.06390755083152 -0.0563692869603451
0.177492431152667 -0.0252466681901809 -0.0950516719265416 -0.00399737136455492
0.0671153428526304 -0.129034383743316 -0.0498370658932673 0.0698489136942795
-0.0307783359065501 -0.130322883966078 -0.00839310553540653 0.07996056817607
-0.0954079934355939 -0.137638479123482 0.0167003352699126 0.070335588406883
-0.0976531600525198 -0.138403436786581 0.0164361223191935 0.0366827124412807
-0.0775738744014505 -0.146646725350331 0.0209976190369418 0.029812593025015
0.00827670583776932 -0.154325754854492 0.00218275712953624 0.0199750381807422
0.113772237040777 -0.124175293544671 0.000136953767133827 0.00806618661777196
0.205251337850699 0.0227243436551393 0.0138253188466533 -0.000942380244521325
0.0992275397889724 0.158349337949091 0.00266802567729601 0.0173612801032817
-0.0841786693957765 0.149794793889831 -1.42933554605744E-05 0.071469323854429
-0.19563711897013 0.0738428655023318 -0.0241508810882963 0.0676458934087086
-0.166495730126768 0.087450511310816 0.00457704551142784 -0.0436057544468944
-0.0624053448560423 0.138708580077362 0.0115148887693991 -0.0475025433876714
0.0894964820873275 0.134073712254224 -0.0230721960144187 -0.0710388452833852
0.176999774678776 0.0077482351989473 -0.0620130892751743 -0.0472119324971096
0.0910925092398135 -0.112592075445045 -0.0469010750568655 0.0136355824146845
-0.0123625123831665 -0.130526049222681 -0.0292685518717384 0.022036963080776
-0.0889057023310866 -0.148043379178532 -0.0206135754016046 0.0152895493505269
-0.0966244393439876 -0.150336859915473 -0.0185372341363066 -0.0202560432355618
-0.0798898752063298 -0.152284048374276 -0.00013709709023765 -0.031233415362951
-0.00430950959351929 -0.159796513176752 -0.00453295868652168 -0.034736015644139
0.104235096004064 -0.139050285082207 0.015308481085193 -0.0427305472676483
0.217765279598032 0.00719441625525088 0.0480204996344089 -0.0373090035793902
0.120680639262015 0.168441645065131 0.0444310957654041 -0.000545783438396161
-0.0841070988811954 0.178610299562003 0.0594845319669263 0.066887230329226
-0.22046772822696 0.091958663950732 0.0703513387102323 0.0716660712721293
-0.147115939541252 0.0631445186906098 0.0498239223236064 -0.0477724778492135
-0.0842804540125041 0.102970453207639 0.0380909754569748 -0.0431536798234812
0.0425520367393968 0.13594613490509 0.0198786907659059 -0.0604273871775385
0.151959046774419 0.046436998684641 -0.0142824451409688 -0.0659879774143152
0.103717225363135 -0.0761480075330196 -0.023754070259739 -0.0347187739062739
0.00950491190832843 -0.108519069520383 -0.0352682165278481 -0.0367496505479607
-0.0692987834455011 -0.132845246196238 -0.0507214594326159 -0.0422968308626389
-0.0859501042451499 -0.139115358120309 -0.0532628187638503 -0.0737850375744425
-0.0740572722522326 -0.13704017674026 -0.0270214650305015 -0.0865368073586842
-0.0191529033489782 -0.140402268964836 -0.0201896200593953 -0.0829117683508545
0.0739609230793827 -0.133615139290137 0.0137432616667411 -0.089188522765848
0.191406088617799 -0.0172552112183303 0.0613911382413275 -0.0773343486595723
0.126270024738871 0.13953182757428 0.0709353984826007 -0.0315826915195484
-0.0550057090101221 0.16994077380042 0.111550746209743 0.0363921836422493
-0.199828558525555 0.0983130238575931 0.163481183367909 0.0541994195582288
-0.114534419183521 0.0309533068173425 0.0899778042097468 -0.0375344491116018
-0.0967448602750088 0.0604237757125961 0.0572161881035975 -0.0307854687470759
-0.00457982522632819 0.119368098473447 0.048012839985456 -0.0308258193216677
0.104057504023659 0.0714410317528418 0.0329442607120439 -0.0559083057544798
0.0945858682477158 -0.0312362998897314 0.0132487968739318 -0.0629179297011216
0.0265656706637271 -0.0691022705684646 -0.0239930554610665 -0.0854054808670768
-0.0388900748046147 -0.095162494789135 -0.0684676909059096 -0.0940118281160822
-0.0602291934336641 -0.105385175724583 -0.0805339646527503 -0.11704924828942
-0.0530412885689558 -0.102055105264092 -0.0547451012811483 -0.128579629366195
-0.0240853867323259 -0.100306793554439 -0.0363105935854306 -0.118856841968743
0.0383620013319493 -0.102806457977235 0.00501399962056189 -0.123333294702581
0.132836133668082 -0.0312414151299013 0.0619375951423897 -0.10635799003226
0.105189490543724 0.0866493197649574 0.0825636089987766 -0.0552422347656859
-0.0178790633540106 0.123434952888356 0.138407365776387 0.000618612908703165
-0.141394942632337 0.0837155109832302 0.228508329608298 0.0209530335348154
0.0093550120875312 -0.0644884831862488 -0.208538678524429 0.0839481377471108
-0.0300062617781767 -0.043398532168506 -0.127035778327517 0.0906814387949807
-0.0542179833192902 -0.0133738159276049 -0.0704713369866385 0.0725750605588614
-0.0446044521462424 0.0355413201946546 -0.0494278456360467 0.103269241749203
0.000406113481975238 0.0489768841192606 0.000456912959289638 0.140202284633115
0.0279076382721903 0.0344704324167749 0.0696329638186745 0.146101052711961
0.043378152396264 0.0392112928852346 0.116825385030985 0.131258246312172
0.0298496284105362 0.0477263896802004 0.121874900278564 0.122665099710105
0.00501497030290492 0.0467906091072455 0.0768673118284852 0.13118235538366
-0.0208298260651508 0.0388100905892206 0.0295390700072807 0.114492689036656
-0.0483303455745061 0.0153046202820129 -0.0311590368988676 0.0971076533726473
-0.0525356174393772 -0.0435258492597838 -0.0705738817533693 0.0526563655627031
0.00332240852369524 -0.0714247244060611 -0.058451130397648 -0.00427890064453133
0.0681233910711569 -0.0376153580559861 -0.0542342713182522 -0.00445205298889803
0.0958224729813229 -0.0162307309377474 -0.140898256698955 0.0361107828128691
-0.0548056458741574 -0.000857925164441782 -0.196364299394484 0.080546638432945
-0.0288720871777649 0.0391862452329587 -0.11415045419289 0.0797991067400436
0.015732606408361 0.028379069414893 -0.0865518864836747 0.0644476470456242
0.0270960954086223 0.00174723983525941 -0.0624423722229802 0.114545893003161
0.0113491592660428 -0.0132295809264993 0.0107981735441841 0.155915859858626
0.00166384793513006 -0.0159951022746811 0.0809641609770352 0.155924400267428
-0.00787710246612983 -0.00633725562269284 0.125302340314465 0.137930414370149
-0.0186281294989269 -0.00104340779252528 0.118493977398669 0.126390752398195
-0.0289040526331243 -0.00710235434083095 0.0760653638441993 0.13714574681775
-0.0160428930450589 -0.019905459175369 0.019958582274362 0.12242246208077
-0.00419417525434829 -0.0254530508569151 -0.0451646488142609 0.098572985042204
0.0174239894137921 -0.030572724019022 -0.0803915780757069 0.0428308552396222
0.0343344915662736 -0.0211973727203152 -0.0710204143281735 -0.00851561979378098
0.0425857461888865 0.00552952337227612 -0.0605733570271134 0.00264023386788255
0.0304652709265374 0.0172122080132748 -0.152257198186516 0.0392387221523869
-0.103603638887673 0.0584499688157063 -0.160109778165043 0.0549503029516511
-0.0164550197405264 0.107045234465296 -0.0924334344890078 0.0446945759270707
0.0814063203236446 0.0581643689103101 -0.10004205667697 0.0384235745462618
0.0904365457291087 -0.0357793699629207 -0.0814436962243319 0.105815445416883
0.0169709600947269 -0.0725468825486327 0.00592545528088631 0.152271313977092
-0.0278769091677026 -0.0619972751123605 0.0732106086877177 0.147021804812026
-0.0583249253409691 -0.0495785569218676 0.112777876752875 0.124837722471192
-0.0628819249520725 -0.0487323533233067 0.0980864841645065 0.109166637052964
-0.0580478266028172 -0.059820564105139 0.0677198445128182 0.119356236531713
-0.00867608699196765 -0.0756704155889881 0.0170793146160598 0.10740643108091
0.0416601321540425 -0.0650765786695258 -0.0371306140938491 0.0849707695010971
0.0886151794516587 -0.0138464279512461 -0.0635373722318974 0.0397417642371314
0.0604733242662298 0.0373959820010515 -0.0671765307189334 0.00740926504183321
0.00389032077883628 0.0541688207831169 -0.0593865115846236 0.0270414439626516
-0.0479058233090741 0.0476557459926662 -0.135391201684529 0.0494125290951731
-0.133450316410495 0.102055381606549 -0.113051847444074 0.0181625073923846
-0.00950848246402846 0.149514279646411 -0.0658276721738677 0.0046070828208516
0.124865552137138 0.0793089755071216 -0.0987177643052491 0.00386552541590136
0.13797753441023 -0.0592646353526383 -0.0935192774585388 0.074006716319803
0.0264309725481367 -0.11671217984852 -0.0100526233740185 0.124983920857172
-0.0482846657380889 -0.0985912684885336 0.0468261403675524 0.11981095204449
-0.0984289815764208 -0.0868521967852706 0.0815056352489577 0.096585489851943
-0.0978073839769241 -0.0904215265420752 0.065291088058855 0.0760102264060481
-0.083040357707629 -0.102456962851833 0.052669738452264 0.0800936313696596
-0.0090589369380299 -0.123130860739546 0.0164135335141186 0.0716303885540731
0.0758006971517579 -0.105204720795373 -0.0144662635880444 0.0564529379760986
0.155619304600096 -0.00676352256808856 -0.0280504905124898 0.0298850428959252
0.0907528393511553 0.0949087695758976 -0.0427357267448779 0.0240365008661999
-0.0345666157650997 0.11147792636173 -0.0353154746358416 0.0537471563139426
-0.125028668528101 0.0796455659346596 -0.0863657027473309 0.0612763642083561
-0.144648719153605 0.122679851707023 -0.0653530862058519 -0.0211239130787773
-0.0119447048885448 0.161495638631192 -0.03665230076686 -0.0288478937040005
0.13582560869811 0.0933270562845636 -0.0778354097501123 -0.0309849033747208
0.163827373506028 -0.0607108592046123 -0.0892305493840259 0.0265450158647904
0.0404435147650165 -0.136551264363076 -0.026771907141647 0.0770850915284644
-0.052706916462579 -0.120415203446967 0.0120907262344823 0.0761478539639038
-0.119851064625585 -0.112205888635371 0.0382471791822128 0.0568504197110959
-0.119135702834928 -0.117744262794674 0.0238328226876889 0.0326066673041241
-0.101199054144975 -0.127477364926213 0.0279398522419164 0.027834523141711
-0.0202393969507364 -0.151743456694247 0.00870207086156561 0.0231185766174294
0.0868566935731684 -0.138846952735256 0.00353765189770421 0.00998190939080385
0.20314654139408 -0.0157136975635429 0.0112234718362166 0.000482193227067474
0.124622120540474 0.133992341574038 -0.00194827123722196 0.0200376917428984
-0.053476158512039 0.165259674477429 0.0146615508983511 0.0625717986860866
-0.180139341305096 0.112290088349613 -0.00374830976196162 0.0625404531093095
-0.142739952738611 0.114549906301027 -0.0153103001963479 -0.0494400128052702
-0.0330414746051884 0.145877495878353 -0.00511471283947009 -0.0495361465522571
0.111839253674942 0.110301496115183 -0.0416791928038011 -0.054849697660285
0.170961531072725 -0.0302852424323299 -0.0667033277827265 -0.0214693790255212
0.0661044391221954 -0.126136003680337 -0.0344839293705409 0.0220387013719596
-0.0359791243252708 -0.124159611332459 -0.0193766316415724 0.0225355435656208
-0.116109475108735 -0.122983226350723 -0.00756502127412211 0.00897067584516651
-0.120925015939083 -0.129444003600935 -0.0214614507686875 -0.0170769209149591
-0.104816573643657 -0.133434398279785 -0.00530939339631099 -0.0293360889071529
-0.0328602776652419 -0.154513803336835 -0.00836172853692027 -0.0316398111889607
0.0757534004434727 -0.152090883718232 0.00922543151853654 -0.0442227418186361
0.21359087371603 -0.0338643951050303 0.038298502955284 -0.0425614826490707
0.147673040640016 0.139160549822126 0.0360615614444159 -0.00560086346578966
-0.0471679387713125 0.193751740849534 0.0734409862488203 0.0436651489386579
-0.199389856729998 0.135415795335966 0.0922814990420863 0.0468089879336325
-0.129069936942295 0.0866817656405795 0.0323080425904624 -0.0632880178551886
-0.0614493043144713 0.115396473572838 0.0235474933344753 -0.0521201543962491
0.0679655522188808 0.121186372952924 0.0010680062186541 -0.0547435718616725
0.154574375228849 0.011850099301657 -0.0254903426696268 -0.0501074702032863
0.0850421967895964 -0.0939703885064811 -0.0209588090672959 -0.0290747763089315
-0.010867631980306 -0.106862708615453 -0.0363518187599459 -0.0336699735824975
-0.0945297108207729 -0.113552004978588 -0.0488915972497546 -0.0407749339409356
-0.108950642033718 -0.12048310355117 -0.0661595851427089 -0.0634357340263689
-0.0970091958034909 -0.119754117146487 -0.0435434190973604 -0.0800623117574364
-0.044562997645827 -0.134094788925055 -0.0345793557240015 -0.0779027879600347
0.0474754007491908 -0.142364619132576 -0.0020066216801362 -0.0915793486597836
0.183652659011798 -0.0524312114797508 0.044694632764146 -0.0858834326305314
0.148650203204209 0.11038997686051 0.0577355692809021 -0.0421031266039949
-0.0197572974728263 0.179703137744211 0.118212893106163 0.00365730837632685
-0.176607454283189 0.138518265141027 0.182591331509167 0.0105933132751133
-0.103633770273282 0.0501939334132882 0.0784816134323584 -0.0603065189658005
-0.0816040157510968 0.077248137089524 0.0469495163409366 -0.0451406520579877
0.0193015719722271 0.114754588070378 0.0339834707572912 -0.0340466160054231
0.114555832010147 0.0454990121559887 0.0205198086340163 -0.0511827805124394
0.085123019552614 -0.0491242548341634 0.00784028722101553 -0.0626332742214061
0.0119618432900217 -0.0718131730132563 -0.0356640627295415 -0.0821611485552196
-0.0579984487930897 -0.0833206618450757 -0.0781946068429323 -0.0857348984093694
-0.0781715807106808 -0.0923911978468476 -0.102398439918523 -0.101077489174779
-0.0706543249023683 -0.0898431929465128 -0.0798608061833432 -0.118114513040145
-0.0419582639198257 -0.094040146141566 -0.0588587686285903 -0.111743600799259
0.019014741024708 -0.106602502200053 -0.0182515518013694 -0.124910237027558
0.12466562731453 -0.0555042715669866 0.0397168126450055 -0.116839795948611
0.118996932595417 0.0636879740766369 0.067323502327822 -0.0694245731678566
0.00847775816953142 0.126678752545969 0.137840487511395 -0.0355967036524552
-0.1207485789007 0.112450078482952 0.239799071077655 -0.0333366788271781
0.00918213683711256 -0.065185515545661 -0.210168511969778 0.0859103259718501
-0.0301467052124599 -0.0435706426378028 -0.128212902558105 0.0921216465972561
-0.0549509409716168 -0.013240360871728 -0.0711381505114006 0.0734718197605653
-0.0453754286124707 0.0360341807862641 -0.0493634521565976 0.104452631647762
0.000521663502458147 0.0497596524553358 0.00123885428506766 0.141558270911818
0.0280760275860912 0.0343764664751867 0.0713367236053427 0.147065902720905
0.0435164514235736 0.0392029392725874 0.118869877820074 0.130960581126659
0.0303340941801072 0.0478604289135602 0.124131896819105 0.123402202185282
0.00552331117292229 0.0471560914494302 0.078234258126082 0.131205981820421
-0.0208035469666463 0.0394936025396601 0.0295727465690776 0.115480529818904
-0.0486584164097199 0.0160505445234246 -0.0317558971247004 0.0978794166505124
-0.0537647217309397 -0.0431236423519462 -0.070919840910034 0.0533975847126538
0.00310131201730954 -0.0716858952468699 -0.0592771324959697 -0.00477236726777868
0.068676610380179 -0.0382607120416201 -0.0546235251389042 -0.0043927410316901
0.0967626610694471 -0.017395858298866 -0.142121797040074 0.0376851233721756
-0.055187889342735 3.96614993108963E-05 -0.198150982136365 0.08268929580977
-0.0283754196003403 0.0398379707832893 -0.115136886898545 0.0812446555360892
0.01617530442943 0.0280750780347005 -0.0872907940628083 0.0652448262193204
0.0273556767036239 0.00179889391321556 -0.0630180373377012 0.115641527015335
0.0112615036620869 -0.0130417070692435 0.0120394100508188 0.15680712684293
0.0014739169166944 -0.0161155907365466 0.0826483122222152 0.157033592988573
-0.00788423141920814 -0.00652616457444474 0.127255263619492 0.137901695313695
-0.0187101432486577 -0.00117910345706469 0.119958126749221 0.1266839043327
-0.0289754724324891 -0.00728522500932363 0.0776694786123538 0.137940545791314
-0.0159660556422503 -0.0195231997231607 0.0204497639129176 0.12328695327076
-0.00445912472875867 -0.0251749339990058 -0.0453230114624678 0.0989914086827776
0.0170118384237762 -0.0305350390674464 -0.0808201215386815 0.0439298895152612
0.0343872927834363 -0.0210846432670546 -0.0712935881615048 -0.00851037780066172
0.0429414230912363 0.00536277012076179 -0.0610664676773213 0.00300002590358432
0.0306791781161162 0.0176285620770289 -0.153405675163665 0.0406583039820776
-0.10389367540855 0.0603076673981311 -0.161887128502988 0.0560967194854748
-0.0161162853539989 0.108594602022803 -0.0924372918288299 0.0452606357355799
0.0827208697930017 0.058132218684632 -0.100947024733392 0.0393106420597321
0.091081126414069 -0.037058726240436 -0.081806240698812 0.106974476175699
0.0165798043019009 -0.0735622559390019 0.0065955912687428 0.153744733913389
-0.0281961081724366 -0.0625082920661405 0.0746475890955729 0.148268226877572
-0.0591241831894569 -0.0500162342982312 0.114658750713018 0.125262546972414
-0.0635794445177947 -0.0491001441136549 0.0990643669828508 0.109836324701357
-0.0587668497711311 -0.0602868372748053 0.0689507975518811 0.12034925336574
-0.0087583925183255 -0.0764896647860555 0.0177403794926065 0.108262290645233
0.0420923348115766 -0.0653561574266682 -0.0369923127190857 0.0855335621908715
0.089023887549418 -0.0140516968209691 -0.0640199122902603 0.0399960516858686
0.0610316083037072 0.0377196779278404 -0.0678354671031622 0.00769373690044495
0.00396069073101885 0.0548459210413438 -0.0600116694756227 0.0270494256664147
-0.048301128560236 0.0486379247794184 -0.13673022090801 0.0505409132662601
-0.133946620207486 0.104017762753276 -0.114552580122128 0.0187295595175985
-0.00850063729692917 0.150893560346923 -0.0664186935561038 0.00459304369063172
0.126823533106159 0.0791105860870311 -0.100247494564658 0.00394842873213119
0.138928776564117 -0.0604190093349346 -0.0941951424701053 0.0748956242359092
0.0256121821592295 -0.118045570862501 -0.00959228200311886 0.126247449426566
-0.0489063824136291 -0.0994404559653163 0.0483503783857928 0.120611267820667
-0.0994972784003111 -0.0875419519091421 0.0829590935267176 0.0971210001411585
-0.099096397833848 -0.0902615044331437 0.0663889459112873 0.0760541096051273
-0.0840979077454987 -0.102956243469907 0.0539648320687356 0.0801889091002296
-0.00917451949133424 -0.124150047350671 0.0168147063500437 0.0723121305900925
0.0765773142262142 -0.106158340393381 -0.014336314825046 0.0568324665153343
0.157404905735743 -0.00718352945921058 -0.0287081577110948 0.0302619558839292
0.0917349401570986 0.0955890551893258 -0.0432889912590861 0.024671913205621
-0.0347838606828849 0.112708002190865 -0.0356269917701591 0.0543892417984049
-0.125634632087263 0.0815595378153407 -0.0865376351003445 0.0620183971114548
-0.145447144188389 0.124852028076554 -0.0664941467576643 -0.0212706944584062
-0.0111162477500675 0.163217283327892 -0.036951082649028 -0.0289363115531083
0.137820898895569 0.0937021595135812 -0.0786245096014964 -0.0307499247880569
0.165554571871276 -0.061975395826796 -0.0902234109587238 0.0270439315883921
0.0405655923415617 -0.138268099288989 -0.0267100089845022 0.0780584035363212
-0.053390722320069 -0.121461301984867 0.0128056689379175 0.0770290656194081
-0.121526385873235 -0.112620719776746 0.0391736639947748 0.0572606324096628
-0.120852391129292 -0.117983794959428 0.0246355019233409 0.0325070554434931
-0.1019482182985 -0.128324919817782 0.0283347548413351 0.0276935208388368
-0.0206329836005912 -0.153120379034353 0.0087211010785643 0.0230384515940439
0.0873066894059616 -0.140315161413753 0.0035173852680783 0.00967769550644413
0.205000447281145 -0.0171458482808265 0.0108920140932142 0.000989276194520236
0.126695333295584 0.134666595436146 -0.00239436231864747 0.0206680000508138
-0.0540613451550626 0.166993979728201 0.0152168914155932 0.0635410560159063
-0.181381616242461 0.115019600641202 -0.00374615178724039 0.0629858859515818
-0.143838234530139 0.11674820647082 -0.0159091274120996 -0.0498814790583471
-0.0327910665411689 0.147851806182847 -0.00530300123019093 -0.0501821367679654
0.114096297583843 0.111200213606484 -0.0426144744925426 -0.0552200094074564
0.172421043934438 -0.0315226702212965 -0.068090362044625 -0.02084710137196
0.0665521163459159 -0.127741002668235 -0.0343738339626364 0.0221129477473548
-0.0366908356166354 -0.125321859067101 -0.0194316704142327 0.0231451406782377
-0.117742066853285 -0.123454140342871 -0.00762126460158909 0.00927337860265155
-0.122704198766122 -0.129954085616229 -0.0216369457756508 -0.0173199865000352
-0.106029047106861 -0.134129025265374 -0.00534564174240776 -0.0298178484357322
-0.0342129322107376 -0.155967355413352 -0.00862552574529155 -0.0315532480122831
0.0760764729237666 -0.153589763590479 0.00901296804899885 -0.0450477932717326
0.215602380099031 -0.035685827899837 0.0385233681576026 -0.0432921424920158
0.149950330345953 0.139796333705229 0.0362643908465496 -0.00521902500395577
-0.0473684590056178 0.195428258443893 0.0740544874705916 0.0442732048278645
-0.201220182017914 0.13794447374505 0.0937102701985094 0.046122466118873
-0.130065112397031 0.0883892429783938 0.032128507753303 -0.0642722903786765
-0.0614333370879035 0.117217674071998 0.0236717921523033 -0.0524110225236839
0.0692864301993908 0.122535129811981 0.000591073935753119 -0.0553341355702747
0.156455856746158 0.0114456529775207 -0.0262762486758068 -0.0495636468673408
0.0858990996957852 -0.0953927928843962 -0.0213995516099188 -0.0291580063289904
-0.01129672319048 -0.107779215796892 -0.0359884589702638 -0.0334849194590197
-0.0957748652978586 -0.113503391860468 -0.0493140779945797 -0.0405504943370213
-0.110900033620135 -0.120776625300532 -0.0670725106939858 -0.0640079169967765
-0.0976851894607903 -0.120060974467093 -0.0447351544396484 -0.0807617700917309
-0.0455329683066278 -0.134871397357304 -0.0349102283940811 -0.0781986871333804
0.0473563610962515 -0.144061524258177 -0.00274244425879153 -0.0925264611533665
0.185477057561761 -0.0542133319347347 0.0444260082996761 -0.0870892864112315
0.150068573940989 0.110855742047928 0.0579066367717256 -0.0419584017715794
-0.0191519827171979 0.181387188880706 0.119464021549307 0.0029848800805679
-0.178017195764937 0.140852602102285 0.184414230814799 0.00913352062541221
-0.104323681397219 0.0513263187989628 0.079430090519413 -0.0612281718999167
-0.0819340357914756 0.0784351019964537 0.0471344615609439 -0.0458031427559625
0.020979922680113 0.115891836261433 0.0336376542742376 -0.0339443906923982
0.116401413621383 0.0447819166765068 0.0202941185461132 -0.0513520879323687
0.0855394796039507 -0.0506308173141285 0.00816900583495044 -0.063221308935621
0.0122821374867217 -0.0724377766094104 -0.035787979226786 -0.0823719064941862
-0.0585837648303808 -0.0833866408134131 -0.0788271628277453 -0.0856561506314912
-0.0797443097890779 -0.0923923099037572 -0.103548543173065 -0.101113325400344
-0.0718732280492919 -0.0903881752365673 -0.0816793521504501 -0.118759985913786
-0.0427395946508898 -0.09526268941709 -0.0596335031154855 -0.112475852377912
0.0185486191800402 -0.107677972368368 -0.0188013686367272 -0.12634319966256
0.125911808192464 -0.0570634582170306 0.0395799534595205 -0.118125589837893
0.120649310493587 0.0635129772549156 0.0675744605680774 -0.0697721403693553
0.0090343714451848 0.127653699976557 0.139181757492629 -0.0363011794756092
-0.12195814660611 0.11438310833327 0.24199290356351 -0.0353205708430723
0.00931294265387967 -0.0655944134695312 -0.212591973880839 0.088573379369999
-0.030237644377818 -0.0441923109285899 -0.128744184734412 0.0938973522131297
-0.0555398043717675 -0.0136408567065702 -0.0721259307163298 0.0740628912394334
-0.0459348336478292 0.0364772824608255 -0.0488116703801819 0.105976797117389
0.000608083015811502 0.0504821633672201 0.00188990732632889 0.143109838246502
0.0284825655336508 0.0346404039056559 0.0726859098418281 0.148445151409554
0.0443325062510649 0.0392770352837301 0.120925168224965 0.131376392768753
0.0312733929734705 0.0479843341414597 0.125871619568609 0.123881143615867
0.00589105898490478 0.0477857628386374 0.0800055057497428 0.13285362635757
-0.0205824072906972 0.0395963442718902 0.0302816917625177 0.116277018659098
-0.0492123300012555 0.0165423821704577 -0.0317980920309982 0.0987687143129356
-0.0547930485158328 -0.0426476160273173 -0.0714053438452068 0.0531448642034326
0.00250763780131754 -0.072347951503702 -0.0592405123793841 -0.00525632757349336
0.0694165586388842 -0.0389463306970722 -0.0550852469952713 -0.00456071081559401
0.0976589579118877 -0.0182576851623845 -0.143959120822911 0.0391358843480885
-0.0557616316059616 0.00062626471893867 -0.201030208959508 0.0848569434066188
-0.0284808825218391 0.0403093252597946 -0.116464192026357 0.0824170785971
0.0164077744644303 0.0278060047458803 -0.0880600157705586 0.0662448954930881
0.0278199545049434 0.00114982641825515 -0.0633771146088837 0.117148289778096
0.011225681265146 -0.0134021773908752 0.0123967353702364 0.158679055154828
0.00132993676446282 -0.0167002796922262 0.0842092871198242 0.158425200043868
-0.00822694742335204 -0.00709744157228892 0.129400844786857 0.138462999675122
-0.0187163888557633 -0.000826978783180382 0.122426428542371 0.127374790931134
-0.0288794991074025 -0.00727097878449241 0.078887515567553 0.138961732978996
-0.0160128433381392 -0.0199592918853886 0.0212120371294951 0.124416934866654
-0.00419129122602109 -0.0254792168624959 -0.0458492023203199 0.0996437141586743
0.0168154811092882 -0.0304811520466137 -0.0816967488925732 0.0440866997376117
0.0341527704080538 -0.021219822746725 -0.0719883001247116 -0.00914115692779843
0.043255418720643 0.00531180315324898 -0.0611753968526682 0.00313585035189356
0.0314396336226792 0.0171233661623736 -0.155128362272688 0.0423576505995436
-0.104978604633849 0.061955590110095 -0.163935800774021 0.0579910226614362
-0.0153784877105587 0.110087395392351 -0.093558769101405 0.0463089985359852
0.0841484627783837 0.0580114620186423 -0.102245392373038 0.039791209289056
0.0919243430846827 -0.0378325147107895 -0.0824036673123848 0.108830872916123
0.0160913373420978 -0.0743905833310716 0.00727373745742374 0.155350257565416
-0.0290243064341068 -0.0630277535294883 0.0765483572950262 0.14939824415716
-0.0603270253828169 -0.0503597941486381 0.116695024532769 0.125733312611489
-0.0648896418348175 -0.0493367998571258 0.101143135637579 0.110474164588713
-0.0591765407856036 -0.0603896785408852 0.0701496165653534 0.120639957578764
-0.008760692376201 -0.0773850436104293 0.0178377763330445 0.109366881293532
0.0420721999233345 -0.0665098418099929 -0.0370079815071433 0.0868445531134385
0.0903256580714497 -0.0143133674233015 -0.0647155384523057 0.0405348946551256
0.0618092364514375 0.0383907850339482 -0.0686542541746735 0.00768305553047009
0.00377145232137422 0.0553432601565001 -0.0605707303550196 0.0275941218682397
-0.0480839641794129 0.0497038790171769 -0.138366645880945 0.0522619954518725
-0.135163945748479 0.106785311627243 -0.115933123011004 0.0192078536918244
-0.00802961803167937 0.153250791247404 -0.067227987432923 0.00513731028225686
0.128942396369135 0.0795324609286706 -0.10178385082429 0.00429614828373914
0.140653700709325 -0.0623920442592454 -0.0950094925877304 0.0765627792596895
0.025604504524309 -0.11945861734366 -0.00962358341252228 0.127782858490859
-0.0502419765614798 -0.100528039240575 0.049401541144734 0.12180488872179
-0.10088570503981 -0.0874494014140065 0.0844463638054889 0.0977176998149804
-0.10044807677828 -0.0905742648357972 0.0677165712445247 0.0767291083396085
-0.0847247441122234 -0.103894842129443 0.0545586534002726 0.0801207702056626
-0.0098130423462802 -0.125726252226727 0.0170686089266452 0.0730860597644868
0.0769138017112282 -0.107401322764814 -0.014207576774535 0.0572047554762484
0.158780397201451 -0.00801334141135632 -0.0289100623364982 0.0308979545677049
0.0931742740490619 0.0965103372479401 -0.0434652379619908 0.0251979407263585
-0.0346611044063491 0.113922454521918 -0.0357016259026373 0.0550564633320328
-0.126613889918782 0.0837902124044706 -0.0874933017322224 0.0626963426790998
-0.146265005386582 0.127429928758649 -0.0672844884060252 -0.0212357729094133
-0.0104999923380737 0.165102211483366 -0.037714533874939 -0.0291720007740862
0.140175242714309 0.094089891473839 -0.0799967621993328 -0.0311486643272244
0.167518453836519 -0.0641086869353454 -0.0915002560370099 0.0284165788368785
0.0406788000122433 -0.140299848214853 -0.0270109796143093 0.0791637040949042
-0.054488806307797 -0.122677452894237 0.0131585589050208 0.0781116419605892
-0.123476672432433 -0.113017816676661 0.0401060947632382 0.0576913521387146
-0.122864424316484 -0.118365468820078 0.0245198494452 0.0326319833017904
-0.104114030867682 -0.128878313465672 0.0287788200230988 0.0273798165673471
-0.0214573344253008 -0.154257596874037 0.00894546189850433 0.0232803021703636
0.0874342046196144 -0.14235001135137 0.00389860029899601 0.0096647640557708
0.207362548514522 -0.018049377388191 0.0108547599822041 0.000837411237776266
0.128855003122962 0.135688283311699 -0.00225696018703071 0.021545444747919
-0.0537336574984889 0.169465226722639 0.014981982759876 0.0634025036877566
-0.183163177092102 0.117402826778488 -0.0037256399680869 0.0635698344590452
-0.144331437893304 0.118543668360797 -0.0165569846389915 -0.0505977344154471
-0.0325142282437018 0.149956784315339 -0.00596189224719781 -0.0506411455642859
0.115959521402498 0.112422568711396 -0.0436145634719291 -0.0557761907697385
0.1745463169757 -0.032504493119402 -0.0689279848091389 -0.0206142784858666
0.0672249214876798 -0.129701937476856 -0.0349573276159338 0.0227581926799743
-0.037461236906379 -0.126545274367997 -0.0188575984136524 0.0239000471594678
-0.119431459497027 -0.123925412628838 -0.00747978577583914 0.00947234650312491
-0.125097566837177 -0.130744500471832 -0.0220103854387953 -0.0170036673422838
-0.10771729655792 -0.134304850939159 -0.00569722295199304 -0.0304309360533567
-0.0346109080326298 -0.157340738679097 -0.00874578423493612 -0.0321769676344998
0.0757501554899752 -0.155829694559428 0.00876810124085166 -0.0451959091653739
0.218119635250732 -0.0373744930033551 0.0386236888775187 -0.0434841016914998
0.152350267321847 0.141154724407749 0.0367354022078054 -0.00503483119598207
-0.0470603104168104 0.198154181909925 0.0750801733680214 0.043974966210355
-0.202404694292507 0.140775314653611 0.0949299563708152 0.0451474989586275
-0.131025847764587 0.0904415821382523 0.0319530476008281 -0.0651321329294932
-0.0616963079308821 0.119110554639594 0.023340436399609 -0.0535641702064819
0.0710924581106304 0.123447697543239 -5.31416464204576E-05 -0.0556011134460423
0.158760392511523 0.0100352932979199 -0.0269438938058884 -0.0495918052851398
0.0867868036451571 -0.0968920486771042 -0.0213684689024861 -0.0287771482757122
-0.0113884548926421 -0.108890426137547 -0.0363187875620362 -0.0331749282390029
-0.0974519014193291 -0.113988939436207 -0.0498552406612406 -0.0407047453299706
-0.11260016125237 -0.12168739683587 -0.0685719105071741 -0.0643430934057846
-0.100029504537602 -0.120547193361418 -0.0456856169510649 -0.0820645224267655
-0.0464693043404976 -0.136088800108335 -0.0354111037062142 -0.0788977293552943
0.0471382685961566 -0.146058279570281 -0.0027437448113145 -0.0938915516880816
0.186855218468148 -0.0557802260558316 0.0444252324461564 -0.0880326738452201
0.152471469000753 0.111483817295536 0.058421590900004 -0.0422304444325264
-0.0189837831224896 0.183366917626492 0.120821313142297 0.00262369538806881
-0.179552563088545 0.143682668529342 0.186367072076675 0.00743642416865305
-0.105733203793213 0.0523620390969043 0.0797160963529421 -0.0629178952985843
-0.0829878976238994 0.0801855908371038 0.0467166184623232 -0.0465490508719793
0.022195662711416 0.11738037912622 0.0332763045626139 -0.0343072150670403
0.118631266580728 0.0442589985085401 0.0199528450776936 -0.0509435673621977
0.0864184743398516 -0.0517760151739258 0.00845346910370167 -0.063376717480495
0.012050747777408 -0.0737594505996299 -0.0362130608957678 -0.0829450981082961
-0.0596390011853806 -0.0839641595883424 -0.0804787200929663 -0.0861743751710932
-0.0810370190895961 -0.0930115310840247 -0.105548750899022 -0.101776254459579
-0.0727838525515714 -0.0905084119082955 -0.0829721619087462 -0.119887540644241
-0.0434617927219069 -0.0956052802269603 -0.0603298141185612 -0.113234087611135
0.0182204537728508 -0.109050183020429 -0.0201766038838478 -0.127189588365148
0.126957116982495 -0.0581023020096753 0.0393402227120344 -0.119252612833579
0.121801820080546 0.0636850151210408 0.0679234950343607 -0.0704075049362519
0.00950589825663819 0.129209021472422 0.140627250544519 -0.0374913215387699
-0.122452783358128 0.116185838065938 0.244460822236373 -0.0373493905473485
0.00919350453846233 -0.0663582948155382 -0.214971021710091 0.0918997303023257
-0.0308459036233996 -0.0447649281624594 -0.129746487348248 0.0962484542398682
-0.0568584787038609 -0.0136132254532042 -0.0726260125004497 0.0755494005945545
-0.0466939706675548 0.0376945069958318 -0.0495637761180475 0.107086971926537
0.000290122349733897 0.0510118882775563 0.00258485076915512 0.14494426558242
0.029011603512334 0.034698278614333 0.0745700885503775 0.149800090054631
0.0452582918133833 0.0387739321162371 0.123408429584077 0.132434801213866
0.032010922976795 0.048483321131516 0.128524854186479 0.124178351967608
0.0066960761612716 0.048225456053809 0.0814294198695197 0.133504427408753
-0.0206696185518786 0.0400144673233175 0.0308095992604789 0.117203990378883
-0.0493875020972506 0.0173489838822715 -0.0316821988101904 0.0999977649702159
-0.0555659693445851 -0.0427510020584226 -0.0717905566392252 0.0537397870461562
0.00191849550470826 -0.0729439439456989 -0.0598648504281135 -0.00570106353426721
0.0698242046922516 -0.0399882696678962 -0.0557202684286293 -0.00417102863139113
0.098816749252796 -0.0190376502810952 -0.145566449626491 0.0414790679964821
-0.0562415108389909 0.00147661745643493 -0.2024661850153 0.087125229339079
-0.0280342959736148 0.0410961117424545 -0.116818979305079 0.0841906097555087
0.0169410206276481 0.0280142321242406 -0.0880673792953714 0.0674535220873862
0.0277439009764361 0.000853550285230946 -0.063626059685343 0.118922454112748
0.0111556964761905 -0.0137583956721251 0.013386394196113 0.160797504151361
0.00105216042478311 -0.0167220694988308 0.0861510510866274 0.159403976825287
-0.00831325075666882 -0.00674603097243074 0.132806088302215 0.138881259071801
-0.0188537517596491 -0.000684290992201957 0.124669646294298 0.127820490793124
-0.0294358514763312 -0.00708800435301698 0.080774665221047 0.14015658589865
-0.0161850935707372 -0.0199067497165939 0.0219315571905805 0.125640592272005
-0.00445237142717511 -0.02557686353962 -0.0460375909919449 0.101380651025063
0.0172332153552902 -0.0309916333289314 -0.0823397930481003 0.0446960763731945
0.0340541259752854 -0.0214730153223881 -0.0730091224349684 -0.00837014922367775
0.0438137018275712 0.00531743054292315 -0.0621268183104999 0.00283928843299394
0.0316447672764318 0.0178346407769982 -0.156622249227106 0.044525378394245
-0.105653672680439 0.0636175218923913 -0.165669494724967 0.0594375371302401
-0.0149610272977526 0.111355607033845 -0.0948865720875242 0.0476630955586486
0.0860733482953153 0.0578326975190581 -0.103735265745691 0.0407993478671757
0.0926821150393334 -0.0395645583028936 -0.0830041870333919 0.110513906512051
0.0157424428019463 -0.0755216099577233 0.00836847194202183 0.157275594779747
-0.0296342051139675 -0.0637590406450363 0.0786338082439455 0.150729674478369
-0.0611343397583719 -0.0506255373736025 0.119128807216476 0.126300982281244
-0.0658961137811268 -0.0492961365742155 0.103174461287572 0.11098889965391
-0.0602144602514609 -0.0607319531287804 0.0716136595967446 0.121931171392093
-0.00923897116333563 -0.0780325522023466 0.0189073376904641 0.110088460653865
0.0423240606901065 -0.0671101360165904 -0.0376355050194329 0.0879501172881389
0.0914221343475776 -0.0150378298398454 -0.0653832713928512 0.0412444935878716
0.0625449573560091 0.0385502029222748 -0.0692972035157331 0.00818639781185229
0.004118534573829 0.0563595154693253 -0.0609564638492225 0.0279569923743131
-0.0488271841223535 0.0505807949089807 -0.139821465874775 0.0539294792768417
-0.136548553850406 0.109269884329621 -0.117643771686836 0.0205077350393891
-0.00716312761777332 0.155303849512899 -0.0676892133177693 0.00571179450829357
0.1311154561725 0.0797558373897335 -0.102872625612749 0.00494966666397074
0.142025722050068 -0.0646274538350354 -0.0962461515078082 0.0781293101942654
0.0252293584615258 -0.121740626366511 -0.00873366187252035 0.129254816003845
-0.0512035387293351 -0.101525947930537 0.0511478510739723 0.123604737522413
-0.102852818568864 -0.0880499146992135 0.086073301851918 0.0982810080489798
-0.102521647728114 -0.0914198280809696 0.0690604847818177 0.0771461578743203
-0.0866979586740288 -0.104468631151699 0.0555004884827533 0.0809665787699443
-0.0101533784440554 -0.127161289526844 0.0177306370766187 0.073385605213292
0.0774864338227133 -0.109159805555761 -0.0142315934634036 0.0575139545366771
0.160989780455049 -0.00886982652022187 -0.0291178137278294 0.0315768241514003
0.0948404256606491 0.0975818275236925 -0.0442566477475714 0.0259974396584041
-0.0349260714643897 0.116104566130471 -0.0359207909719536 0.0556419498145023
-0.127667506635673 0.0856082859128521 -0.0882486667241403 0.0639773751645542
-0.146787959677662 0.130341805409219 -0.068708446047303 -0.0216353166511354
-0.00956003004828019 0.16740363663775 -0.0382030955001847 -0.0293795900287203
0.143397929913853 0.0942871031683045 -0.0818594696840492 -0.0310501711268458
0.169686808310836 -0.0659169488068466 -0.0928910628536599 0.0291711192285561
0.0404028678901234 -0.142176025255034 -0.0267948139807555 0.0802100050258944
-0.055837080984147 -0.123731955009678 0.014534821205461 0.0790228389979268
-0.125236029287716 -0.113533618535498 0.0406938800016416 0.0583692576218187
-0.125247990223936 -0.119393516316635 0.0252186231162038 0.032954036117777
-0.105786510070261 -0.129872122038999 0.0289307428713178 0.0273488174591756
-0.0222529057668409 -0.156299314711398 0.00909927704862507 0.0233096228022624
0.0877722921197859 -0.144322640221187 0.004128146912488 0.0098439362563418
0.209906793039923 -0.0197130598258936 0.0109771877265608 0.000841109925309088
0.130898729717605 0.13703747942156 -0.00242308973183315 0.021997862696204
-0.053886820490647 0.171779693048931 0.0153928948124511 0.0646886878476469
-0.184260138379997 0.119974689486831 -0.00332255308725525 0.0638515273026792
-0.145997039568404 0.121612851260066 -0.017159244828158 -0.0513363843062072
-0.032178879235749 0.152008450911119 -0.00625342708516671 -0.0512033237629469
0.11907046016459 0.112693462074822 -0.0444725716176969 -0.0558618579394288
0.177050552124892 -0.0341650214163592 -0.0699653350864739 -0.0202826228014593
0.0676747147390656 -0.132218606688825 -0.0353655815026931 0.0232345061133858
-0.0379868668054055 -0.12766172236557 -0.018588533887519 0.0246832452036343
-0.121950989997254 -0.125039012112403 -0.0072815850754394 0.00999271098084149
-0.128050651852973 -0.131428167061182 -0.0227284773293098 -0.0173563714325486
-0.109560406522259 -0.135777450374371 -0.00609200887414468 -0.0312480469388516
-0.0360923898180267 -0.159062532935353 -0.00912570957262714 -0.0318423301801457
0.0763374962377035 -0.158209270987863 0.00895069293829356 -0.0461410986765768
0.219994798271841 -0.0390400434459179 0.0389211404468688 -0.0441454640204683
0.154782479930747 0.142124113470398 0.0369331878909368 -0.00437120008668769
-0.0464966622898711 0.201108140407968 0.0760807448870895 0.0444411737259841
-0.204235599761649 0.143987952915144 0.0965849417832448 0.0445903396167217
-0.132365793832515 0.0925487712473026 0.0322287537084771 -0.0665567802734343
-0.0619309043711647 0.121529781605338 0.0228643750971131 -0.0543888538730205
0.073104229789921 0.125291257736033 -0.000541706318321389 -0.0560414015049513
0.161534944771248 0.00916239700213762 -0.0280101625107654 -0.0495688646762171
0.0873602247071918 -0.0989600254557892 -0.0216711130950517 -0.0289675429377372
-0.0118195279822299 -0.110005862123998 -0.0366155987264148 -0.0333205564797784
-0.0992078183806985 -0.114320195735101 -0.050366913460797 -0.0406674345180866
-0.115148588773248 -0.122317097742624 -0.0697571513629391 -0.0643816244856955
-0.101309245063425 -0.121778294695585 -0.0471399733380076 -0.0829413438954918
-0.0481077819976677 -0.137400877108481 -0.0361762337685008 -0.0795499373674181
0.0470440747478851 -0.148239448222819 -0.00310678486598096 -0.0946047166657141
0.189019271335468 -0.0580163381492538 0.0442417525670234 -0.0892435219426767
0.154874146045925 0.111986079121967 0.0592418051601901 -0.0424619955971934
-0.0182930129045292 0.186308596717359 0.122395911972488 0.00198925374742651
-0.180947464356687 0.146446833399975 0.189190136676623 0.00553954855212484
-0.10690254438678 0.0535385144223723 0.0809440179493971 -0.0645398827692541
-0.0834707978031954 0.0819123300588671 0.0467386916850206 -0.0474137124186096
0.0234716595073595 0.118799966491714 0.0332470144125517 -0.0344918172641868
0.120427778240966 0.0436577432073774 0.0198787631165532 -0.0508351069358302
0.0873652028185704 -0.0531431287352438 0.00880845346956854 -0.0638289255412863
0.0121166346691767 -0.0744192208625168 -0.0365133151254369 -0.0834443715146947
-0.0606812369825116 -0.0842757110012894 -0.0813357412194652 -0.0864740278119848
-0.0831515634955814 -0.0932138721707202 -0.107366298928714 -0.102186762374131
-0.0741715017916685 -0.0913178460942803 -0.0846266877373374 -0.120741138200055
-0.0448633846107181 -0.0966166088227004 -0.0617469306092159 -0.114400203049213
0.0179837927806327 -0.110287255788496 -0.0205607750032045 -0.128855184942275
0.128082257389376 -0.0598467856498575 0.0392786599611953 -0.120874168112511
0.123781061202228 0.0632400181678061 0.0687367828610991 -0.0708427501050574
0.0101330043799385 0.130554750470511 0.142788235475556 -0.0387437899428384
-0.123137238267523 0.118579634441653 0.248037662698393 -0.040592268509073
0.00865792871056452 -0.0673901566624805 -0.217235898178774 0.0950848062898349
-0.0312901915497219 -0.0451374516920215 -0.130874185186147 0.0985699809935155
-0.0578825542901679 -0.0139406660830465 -0.0729023123028608 0.0771845805922249
-0.0470596060730277 0.038605156244259 -0.0490673993598503 0.108411346522989
0.000877676603982603 0.0521913305547819 0.0035635199503512 0.147413964120262
0.0291071179323401 0.0349709872194381 0.0764816393689285 0.151459782171278
0.0462676931740218 0.0388872714601293 0.126042864734724 0.133191173423757
0.0333122486013534 0.0485861921983139 0.131142587556399 0.124482921993457
0.00665725463787091 0.0488426354918898 0.0840185652524005 0.135362425877886
-0.0206188640961082 0.0405852758573918 0.0315658766163213 0.118963678839547
-0.0500276211957802 0.0180025085811044 -0.0319512194873449 0.101150729468509
-0.0566681311589652 -0.0426216020236452 -0.0724405621979526 0.0544658900616321
0.00115412329580054 -0.0735687244722809 -0.0604774305870159 -0.00613601167375952
0.0704543821740089 -0.0408252449150424 -0.0562947361316855 -0.00405457981013144
0.10043086824274 -0.0202750356037299 -0.14757581368698 0.0431539209402277
-0.05695512291745 0.002025520506297 -0.205104171921938 0.0902692440297976
-0.0279860554770953 0.0420820054775761 -0.117487515566278 0.0865442034150102
0.0174973319812612 0.0280660539070873 -0.0898376269542173 0.0694822714444529
0.0277878402440096 0.000684165597517592 -0.0630477169195035 0.12140265331303
0.0106534311042942 -0.0143674235968961 0.0146927874136503 0.162454796145166
0.000763903753331029 -0.0173641710691286 0.0894121976644734 0.161418978275799
-0.00794143856491065 -0.00752993248108433 0.135391657462118 0.139890318523738
-0.0191532570586386 -0.000731895608410486 0.12737464504015 0.128925155477063
-0.0296857470374969 -0.00708764902260271 0.082850646366583 0.14149212663679
-0.0160633017512872 -0.0200718652935238 0.0226588577761559 0.127169359075351
-0.00423576748393125 -0.0252745457882784 -0.0462399436482433 0.102704780299889
0.0167336863364738 -0.031202068663396 -0.0831887255145303 0.0452569013277882
0.0343235338433518 -0.0218200769583113 -0.073877585285959 -0.00960514638405146
0.0445213799331241 0.00513730087128337 -0.0626304214913007 0.00288548282496585
0.0322787821727864 0.0174339203442001 -0.159217541914754 0.0467087399331644
-0.106784273568545 0.0660746300161845 -0.16856381989405 0.0618893830128913
-0.0142509367323814 0.113568649521099 -0.0954000409710613 0.0489552801907956
0.0879917688609342 0.0578883423291513 -0.104807777256314 0.0422485922263984
0.093791118999049 -0.0405512199822261 -0.0832710610323873 0.112132526665122
0.0154301942032621 -0.077199799025763 0.00902994355835479 0.159260622287734
-0.0308377316433773 -0.0646244927094083 0.0806790368701849 0.15270452541206
-0.0623848559736933 -0.0510810784949879 0.121752173768987 0.127089988738643
-0.0672942019810654 -0.0495272416259181 0.105521208219639 0.111940489457705
-0.0614631576057623 -0.0610873510118031 0.074122521075047 0.1230638002463
-0.00963865735823938 -0.0793189364448612 0.0196426667515961 0.11139568255969
0.0425824510258448 -0.0683149459712746 -0.0372936190264587 0.0893334328712995
0.0923986426116736 -0.0155977955732091 -0.0662934541934751 0.0418977954443595
0.0635665063918443 0.0389907195979056 -0.0705599865682331 0.00841731926629778
0.00457852128573924 0.0571358134194239 -0.0615055912590425 0.0281103930003154
-0.0489154094855778 0.0521479977936858 -0.14169424207226 0.0557084238153987
-0.137169404005182 0.112085802812192 -0.119704804464237 0.0214861144604027
-0.00605044798472769 0.157759731287032 -0.0685070275380091 0.00624318191716893
0.134165762947824 0.0799198758302996 -0.104694933564365 0.00533128818588481
0.144095576051065 -0.0664170777847685 -0.0971515732611783 0.0795675034263297
0.0249780012178135 -0.12406666251434 -0.00857343510161545 0.13073905282563
-0.052655040742187 -0.102436057398415 0.0531945885777788 0.125040329018314
-0.104566563693563 -0.0884860844654667 0.0883299361035475 0.0990838601964958
-0.104547312969712 -0.091632512382627 0.0705982090755498 0.0777857809912141
-0.0879996831957477 -0.10528072652384 0.0570902766375861 0.0814133462988291
-0.010513187439127 -0.128931494195878 0.0183306900654939 0.0742394532847757
0.0778387909538076 -0.11131171930224 -0.0139303879282872 0.0584443323212867
0.163739626992603 -0.00975147687893632 -0.0294341847915677 0.0316166617316356
0.0965543929303877 0.098444646437938 -0.0448358089736617 0.0266328038973687
-0.0348133015868828 0.117996638674014 -0.036142134874747 0.0564686640758622
-0.128754126861974 0.0877435814814576 -0.0891845601853221 0.0657154201581941
-0.148576781841561 0.133337873143045 -0.0696544118816012 -0.0212735257994699
-0.00856476635285466 0.170223499929938 -0.0390196809555167 -0.0296494236128167
0.14635787754058 0.0949682010299976 -0.08332876842488 -0.0310397521108733
0.172218166390487 -0.0685097217181109 -0.094254337505231 0.0308521170597527
0.0403000845398265 -0.145252133072732 -0.0269781582509598 0.0811450610073848
-0.0569646750714365 -0.125144205643084 0.0155807415394399 0.0802437706486641
-0.127631881549838 -0.11436283814693 0.0415973764848511 0.0587846734452265
-0.128065098329351 -0.119878241937953 0.0259319419541874 0.0329815850560254
-0.107816056037211 -0.130977248492513 0.029355276788697 0.0272366824338617
-0.023469696015712 -0.158772832754046 0.00918766091694958 0.0238211145180464
0.0886548376519902 -0.147604681397193 0.00426033405279487 0.00981351363979567
0.212961036103969 -0.0215042127673084 0.0108987358274062 0.000890498135295024
0.134079894981343 0.138441890981654 -0.00255100462909767 0.0225448222817372
-0.0536007495006794 0.174665331337915 0.0158840012995686 0.0651083571157163
-0.186295374973319 0.123476643822929 -0.0034798670395102 0.0645039316616601
-0.147142958440565 0.124417493685189 -0.0176125862405348 -0.0521424234915039
-0.0320713110312646 0.154912035148359 -0.00678273055348537 -0.0517516996916761
0.12190946595639 0.114304558881123 -0.0460431244540343 -0.0562884085334915
0.17990825663522 -0.036193280349129 -0.0714399503937712 -0.0197872676563017
0.0679538971694764 -0.134660930676297 -0.0357527268224524 0.0240957956262282
-0.0391948105107966 -0.129086849751129 -0.0183570420193784 0.0251354903242565
-0.123877077420641 -0.125427128174563 -0.00767785803444069 0.0103255012891363
-0.130843728301463 -0.132170325701797 -0.0229866027353451 -0.017244125245409
-0.112142789727953 -0.136523737744879 -0.00680072843041441 -0.0318844296101697
-0.0372577954377192 -0.160978566956847 -0.00933343288604603 -0.0327628031180597
0.0760537647476063 -0.161393535977568 0.0089150373790955 -0.0469251540670503
0.223444047552738 -0.0412878261165191 0.0390442357963003 -0.0446639928295697
0.158758848560139 0.143677437526054 0.0372346793347068 -0.00467845304217951
-0.0466349840091022 0.204379856980499 0.0776893324374972 0.044675992498472
-0.206614331425786 0.147879273684803 0.0980733052473416 0.0442176266323234
-0.134043925517274 0.0949193639198715 0.0321756911918583 -0.0680230552993193
-0.0625400943807946 0.123998426857853 0.0228779910008928 -0.0552891902664736
0.0756005484507231 0.126338607730589 -0.00162119372786056 -0.0564063696285823
0.16405608124841 0.00800707922087118 -0.0289335372395966 -0.0493610244643244
0.0884716804015675 -0.101472898657146 -0.0219119267610946 -0.0288923137767441
-0.0122392794871349 -0.111664025240913 -0.0369091872062835 -0.0333234535600542
-0.101099926795065 -0.11512149476579 -0.0513798386126851 -0.0409102337246164
-0.117922608804911 -0.123021338208304 -0.0711551745674629 -0.0647231492751242
-0.103722816879752 -0.122700689608497 -0.0488089821120548 -0.0839757375624813
-0.0490796746657106 -0.138977701183623 -0.0368831010654078 -0.0804681058790494
0.0465234888405615 -0.150416267131581 -0.00383133343337146 -0.0960389019698807
0.191794362594732 -0.060739979585342 0.044097253640138 -0.0899986760690745
0.157912490768663 0.112248894659284 0.0595052038026114 -0.0426598678726866
-0.0174684663746062 0.18882989209507 0.124215466885231 0.00124361898812099
-0.182498594988299 0.150455311898028 0.19193418694905 0.00329365180313713
-0.107961246705725 0.0548094711760989 0.0813174696633662 -0.0667021936555078
-0.0837900779906015 0.0842042668905646 0.0467774041135613 -0.0484840910108126
0.0254761837879174 0.120615402963264 0.0328717974613109 -0.0345419903465219
0.123118379781742 0.0430709150955015 0.0199175160839675 -0.0507583156801449
0.0887241332242293 -0.0551105886924077 0.00856320777272354 -0.0645128857123251
0.0123635047824374 -0.075656161706078 -0.0370099620856519 -0.0841141916115263
-0.0619091085161322 -0.0848688201557679 -0.0825606261187507 -0.0867684966567061
-0.0853111352779781 -0.0936403527865549 -0.109581576898343 -0.102923997948121
-0.0759386805659234 -0.0921285814492275 -0.0871308090646282 -0.122466181646732
-0.0461604951596303 -0.0973713381507164 -0.0632141690199467 -0.115306985935305
0.0174593987315614 -0.112539771930657 -0.0219763511670997 -0.13040360074572
0.129357964288895 -0.0617910457717774 0.0386062971945069 -0.122161192956826
0.126077454996251 0.0636237768450791 0.0693476189120534 -0.0718678776241053
0.0104482484883419 0.132748582664206 0.144492218128659 -0.0401323465189331
-0.123982840707376 0.121560864436104 0.251259965736217 -0.0439562728043597
0.00876533873937703 -0.0681642964654411 -0.220282351165638 0.0987457143728435
-0.0316332721486756 -0.045918874893342 -0.13218480408786 0.101596532549584
-0.0592778146698172 -0.0137938826648162 -0.0736955445207658 0.0789828936462615
-0.0478594731925723 0.0393434343383326 -0.0489939719330914 0.110621968592051
0.00110467995532896 0.0530955212088671 0.00462221572512816 0.149463607588284
0.0302628143153643 0.0351078466525877 0.0788702698749551 0.152870230435178
0.0469997825014142 0.0389262348048969 0.129273733084144 0.133867555239538
0.0346791703737711 0.0492149498349016 0.134377457187433 0.124924149907873
0.00732499588465291 0.0496230926942944 0.086257977787995 0.13671935986281
-0.0204362357584389 0.0416612381486774 0.0326135284657689 0.119925575557896
-0.0499046460876963 0.0190412020213649 -0.032080653737224 0.102845762144509
-0.0582360673685939 -0.0422272850982458 -0.0731157512778569 0.0550117459780783
0.000500478022024705 -0.0743575206773113 -0.0614556448957712 -0.00673806806867587
0.0713142783963331 -0.0420150061269087 -0.0570641070026205 -0.00397073054346145
0.10162744214514 -0.0217585865505748 -0.148982522865833 0.0462221444447702
-0.0577361950959984 0.00306744122016837 -0.207688922705127 0.0943351827064368
-0.0273509016369835 0.0428548047060626 -0.119144386474022 0.0891551526483832
0.0178496552143604 0.0279042888513621 -0.0901281718491304 0.070760026133337
0.028252313449789 0.000102467482458043 -0.063163001898146 0.123308270740546
0.0109411149077565 -0.0144828813385735 0.0159401984516016 0.165197867110623
0.000239869266084058 -0.0176096207672056 0.0919553626935044 0.162893685548745
-0.00872785881032119 -0.00730691342187165 0.139140737716096 0.140790697169636
-0.0190963249128328 -0.000339189184018359 0.130713466619908 0.129744061863754
-0.0297225444593835 -0.00671083162329874 0.0855058569365998 0.142793385142975
-0.0161972020016348 -0.0201396872786285 0.0237551755551477 0.128706950684325
-0.00429132666644953 -0.025571898229541 -0.0461170902584284 0.104282712758736
0.0167679865169832 -0.0311175875553874 -0.0840147032880381 0.0462432862025637
0.0346781263297531 -0.0217880101246576 -0.075044548716708 -0.00965297054346947
0.0448729275389373 0.00501101588873535 -0.0635422126797048 0.00402838646098109
0.0330031581338846 0.0174413727287301 -0.160879152319583 0.0491944436965861
-0.107821076239663 0.0686920638447886 -0.170697980242011 0.0643653399075706
-0.0132226275133925 0.115714495759598 -0.0965283279897582 0.0507372868028956
0.0899441605886625 0.0579204893511411 -0.106310604893379 0.0435896014307606
0.0950990954580951 -0.04289765196862 -0.0840284819836239 0.114895865558016
0.0152342300156245 -0.0784319785224537 0.0103640471255793 0.161955803867745
-0.0319903784377965 -0.0654736949328883 0.0841941976625539 0.154099762689457
-0.0638459238637594 -0.0514159682067418 0.124948042529641 0.127664632768967
-0.068488610426258 -0.0497260342127273 0.108213685728766 0.112307988665418
-0.0626372711097909 -0.0615378835433162 0.0757799033189488 0.124144915784644
-0.0101736653828966 -0.0805715411215543 0.0207808245485748 0.112971251907653
0.0429661071099897 -0.0690384498767469 -0.0374428560236818 0.0902350118196913
0.0936617215442575 -0.0165935499006116 -0.0671138157113175 0.0433428423649046
0.0642896854418053 0.0395188395651851 -0.0714968827493872 0.00899292482716898
0.00488920349016665 0.0579854746202911 -0.0623409972098594 0.0291706551579551
-0.0493886785875945 0.0536285556029003 -0.142914837334516 0.0577080781503019
-0.138617934992791 0.115827509951962 -0.121390297597463 0.0225646400089287
-0.00363167765751141 0.160424139256665 -0.0697164272932189 0.00694635122676379
0.13751624747446 0.079785684682294 -0.106476236821011 0.00624895651189756
0.145796382768458 -0.0690879780805451 -0.0981353456121787 0.0817151746508003
0.0246646064224387 -0.12598294335338 -0.00754389219787485 0.133118675162369
-0.0544307949645125 -0.10424027225982 0.0551581034985433 0.12628129770406
-0.10696150557223 -0.0890446655240626 0.0904937739909276 0.0994900515179243
-0.107145630212327 -0.0918917922258447 0.072657076926683 0.078211076116219
-0.0901421752120633 -0.106267346405338 0.0583783139084182 0.0817991255179726
-0.0117099459397313 -0.130844896713952 0.0191329355964351 0.0752229858651915
0.0781224523928367 -0.113606085118059 -0.0138989018255698 0.0594808137726933
0.166031972067948 -0.0115924623461849 -0.0301317128341201 0.0326401843963246
0.098398073361021 0.0991446700414187 -0.0452221347587915 0.0275564234077087
-0.0348680705788907 0.120154275964262 -0.0364014611407941 0.0572558608881114
-0.130077731062106 0.0906169196338833 -0.0898183104266697 0.0672842280052333
-0.149755818404511 0.137612832640826 -0.0718263060425876 -0.0211151313740778
-0.00747810008533658 0.173502350536222 -0.0398794563409767 -0.0295840555368782
0.14975290563021 0.0954988273381458 -0.0850487716131682 -0.0308194852341707
0.174691953560263 -0.0717668657238481 -0.0958668792136632 0.032203735724155
0.0399872824634399 -0.147518121960094 -0.0270618545442128 0.0827989873240168
-0.0585887544468714 -0.126685804944828 0.0168790250355585 0.0817462988615361
-0.130405940196337 -0.114891001300713 0.0430684319963642 0.0597297366260534
-0.130922731297743 -0.120323264800907 0.0262716187893969 0.0336140372296171
-0.11043350121615 -0.132033704048104 0.0297820245161903 0.02707648549871
-0.0245655880167104 -0.160637300926728 0.00981708937533995 0.0237792738888687
0.0886743733369601 -0.150511951023083 0.00402557095291842 0.00972806036113499
0.216134084241315 -0.0239469316581326 0.0107272254296619 0.00106661865197201
0.136925014456081 0.139242203081016 -0.00200101826603866 0.0235300884191155
-0.0533069216399499 0.178201650048409 0.0166685336660856 0.0661023172277254
-0.188241841756632 0.127361271250951 -0.00245318313619377 0.0648675652369497
-0.148745709592112 0.128244588634142 -0.0188943798054692 -0.0532276491926105
-0.0309566309174777 0.157880797888187 -0.00711869952985235 -0.0530028556542604
0.124932623359477 0.115082865486417 -0.0473908385447107 -0.056753388449794
0.183059400346794 -0.0389376386704855 -0.0731178741731265 -0.0189878871132468
0.0682716467114694 -0.137308528285319 -0.0359042481985275 0.0245615778433888
-0.0405540442875664 -0.130851694797669 -0.0182336723492329 0.0261207905130561
-0.127328954915239 -0.126055888920793 -0.00696161726681019 0.0104207917557616
-0.133962398974462 -0.133222677942035 -0.0236351879841347 -0.017641985516567
-0.114643477699974 -0.137641307338946 -0.00723129039098296 -0.0325454416474641
-0.0392790988107199 -0.163165449266639 -0.00973120706144922 -0.0327487893699786
0.0761260411651842 -0.164350006303343 0.00881164056360337 -0.0479456498450276
0.226883900538986 -0.0444667369543936 0.0388997331774834 -0.0451796757464196
0.162338300504292 0.144312439380914 0.0379798586782417 -0.00436120684346799
-0.0450418410325561 0.207962755955769 0.0783406666400365 0.0443256232333921
-0.208340949915708 0.152164075968507 0.100226239095957 0.0431608561601595
-0.135223744010365 0.097519973928403 0.0320928607747663 -0.0695760128893991
-0.0621520876781108 0.126318513653698 0.0221589121808315 -0.056561849980221
0.0783235395014671 0.12787943526786 -0.00266398894182047 -0.0571409506813233
0.16722731846373 0.00611621623828829 -0.02959821075103 -0.0487745559358217
0.0893484193870284 -0.103592934668019 -0.0220698466295616 -0.0290880675985462
-0.0129393390151939 -0.113249132621698 -0.0370938457186917 -0.033060506460206
-0.103426653884359 -0.115740455592955 -0.0522725838892657 -0.0405797155414426
-0.121084454376396 -0.123578533766277 -0.0731689137982252 -0.0654509532289238
-0.105849047637103 -0.12343181192572 -0.0502805811411582 -0.0851283069856528
-0.0512461522114719 -0.140277812332016 -0.0378860126992367 -0.0812539775444812
0.0459758756861994 -0.153131327651683 -0.00486627394659623 -0.0976522514934579
0.194387990292285 -0.0634759835802781 0.0442845142957936 -0.091626178455562
0.161628856405942 0.112642972555362 0.0602474587787968 -0.0429385037597285
-0.0167661841517899 0.192450782720747 0.126516624512995 0.000236855266743154
-0.184014613792917 0.154805456785467 0.195146210400812 0.000848755962463937
-0.109141885170868 0.0566168226277963 0.0821277820581223 -0.0685388029224133
-0.0845083695864176 0.085973034008362 0.0467905864812967 -0.049634172147775
0.0270285706750274 0.122483194034899 0.0329887996980076 -0.0351580162679387
0.125803156741046 0.0426099696600936 0.0193888307440077 -0.0508844131095988
0.0898189515184383 -0.056921446103093 0.00867688998095546 -0.0654594552780047
0.011992190005825 -0.0769361302201469 -0.0379719992349975 -0.084965226365487
-0.0635015176471954 -0.085376064053225 -0.0844722927933295 -0.0867931863440003
-0.0876068515207676 -0.0940549386567896 -0.112339700226044 -0.103194255712858
-0.0777168552522329 -0.0924448411289711 -0.0897899082840428 -0.123755090682276
-0.047344078338077 -0.0981884410186232 -0.0649146739260489 -0.116639792177852
0.0163290144240428 -0.114164544187013 -0.0232988227025865 -0.132008012337265
0.130999247580713 -0.0641980145787223 0.0382847193437639 -0.12416455513126
0.128952820748283 0.0636711153364786 0.0697372437680376 -0.0732664693574728
0.0116043361604449 0.134404435106604 0.146623459674099 -0.0419247373575203
-0.125206349836146 0.124351980948443 0.25417704372214 -0.0476278274466167
0.0086229914372721 -0.0691313824177277 -0.22292951189318 0.103048256160633
-0.0322981408910998 -0.0463292342110948 -0.132497097706469 0.104810586145443
-0.0606516430974057 -0.0138719707170095 -0.0741184469230706 0.0804998670622038
-0.0488342688425485 0.0410691311975027 -0.048136153607568 0.11271835695789
0.00171040606872135 0.0538490806761773 0.00655670207811452 0.151754799281425
0.0306016168543364 0.0351136023282751 0.0822053735618896 0.154404802367769
0.0483500280646913 0.0381886776504914 0.133020169827648 0.134193262899345
0.0355700453306117 0.0494626335533629 0.138172127818804 0.125297105450629
0.00861433630095983 0.0506581855069796 0.0891652208913731 0.137675765397477
-0.0196987993239097 0.0425362926561915 0.034305411863106 0.120753350698393
-0.0510923186640902 0.0202100557248902 -0.0319834213291375 0.103902108005847
-0.05973548104962 -0.0416607263784792 -0.0735918478074339 0.0563300534950487
-0.000852150749809933 -0.0750512165753526 -0.0623635384420564 -0.00719622194892728
0.0723137775265302 -0.0435056436644006 -0.0581319263293131 -0.00386866610708184
0.103165048635947 -0.0230660452052636 -0.151472033701008 0.0487583014537358
-0.0585604046769977 0.00419008304287664 -0.211239733639161 0.0982305337654836
-0.0273871313995577 0.0438239370773653 -0.120018317923972 0.0918798488378654
0.0180654547685887 0.0274054566949693 -0.0920018069405119 0.0728759233793893
0.0281735605994352 -0.000379809660882411 -0.063237499814276 0.125838851051024
0.0107035932647034 -0.0148995242585326 0.0179389335047117 0.167564175688486
-0.000148868355030949 -0.0178182287123571 0.0955124898621453 0.164633388818522
-0.00878487190657062 -0.00860629680056064 0.14241726648187 0.141112305020691
-0.019267367520751 -0.000451501012938295 0.13444665817038 0.130251864893361
-0.0305095595362583 -0.00659052460207829 0.0879821999522758 0.144093337637191
-0.0163866915231365 -0.0201792648855722 0.0247970563100967 0.129834916330347
-0.00476588101571129 -0.025712097521374 -0.0462766169909858 0.106516037570351
0.0167372352631324 -0.0316750855135521 -0.085121877008751 0.0476113425135371
0.0345253517643715 -0.0222243774285689 -0.0765597194890407 -0.00969534570648152
0.0455237001165612 0.00431511522851436 -0.0646009533225907 0.00406773309779833
0.0336139866947383 0.0169295611131009 -0.163236449696335 0.0520616035582971
-0.108824264540477 0.0717353741999378 -0.172866708169646 0.0675106970299525
-0.0122669869846494 0.117743248332069 -0.0975195945121859 0.0527321456040252
0.0921896900069002 0.0578240335857822 -0.107467803132339 0.0455525375910732
0.096326264000337 -0.0447404062424284 -0.084144996288046 0.117628155502191
0.0141051646785515 -0.0800664781221096 0.0124301390659443 0.164144049608922
-0.0333877690915216 -0.0664092806196346 0.0869390548139075 0.155935057924498
-0.0653479289070519 -0.0514832722758656 0.12834183449813 0.128473622992926
-0.0700059250602907 -0.0496482852661548 0.110890386991385 0.11248510922671
-0.063911521318499 -0.0617925330993641 0.0781985494501665 0.124932279653106
-0.0107434757588052 -0.0817601293397494 0.0218749234725147 0.114300824706491
0.0432566258125319 -0.0707961908449052 -0.0374414357530745 0.0919365272888103
0.0948581416186387 -0.0171117515501946 -0.0675927981691903 0.0442173038996529
0.0657723783470034 0.0396209563566358 -0.072381154261839 0.00984760184964356
0.00518916329432755 0.059271998552926 -0.0631391844008365 0.0299690869095315
-0.0495695678989774 0.0550939387116809 -0.144856232968442 0.0607091867219121
-0.13938324613328 0.119759396713308 -0.123529739456644 0.0246022127215284
-0.00233681696053069 0.163699677485091 -0.0708420142988514 0.00735002411343507
0.141198625717187 0.0795408945053249 -0.10823763802157 0.00759306472463899
0.147401095378261 -0.0730711521068747 -0.0990433459031938 0.0845446263183329
0.0233719380791138 -0.128608466458504 -0.0066536436763416 0.134931063730918
-0.0559180010807281 -0.105017142170635 0.057813190853987 0.127835866884034
-0.109667890756003 -0.0891461355213759 0.0931415808562369 0.0999283383477533
-0.109628519875284 -0.092212985463196 0.0742721776664411 0.0783068553095208
-0.0924026927438906 -0.106532719523493 0.0600257827365653 0.0826085948063284
-0.0130606866612446 -0.132878690138504 0.0201719357011347 0.076098926911698
0.0783067566885873 -0.115888414180743 -0.0138193805399198 0.0604240305595264
0.168847652121441 -0.0131147489137331 -0.0300952654066589 0.0332387073697264
0.10137251118959 0.100460563033378 -0.0458943208110574 0.028942916559869
-0.0338982661312611 0.123078988165362 -0.0362041803434606 0.0586242714926793
-0.131209179885173 0.0937376530956876 -0.0908181978717985 0.0689549273840402
-0.150724014927496 0.141780663517757 -0.0733700498417104 -0.020988486078213
-0.00546144826180111 0.176596487546798 -0.0408341030062412 -0.0299750469443126
0.154164239214748 0.0950369006710876 -0.0869319019183859 -0.0304333676300424
0.176975183219854 -0.0747141165264828 -0.0970822338270627 0.0338491747034045
0.0393346333485436 -0.151158117050779 -0.0269495110008594 0.0846321763203923
-0.0610792329009915 -0.128227494994394 0.0182630752167397 0.0829531337884016
-0.133576042676604 -0.114961779773647 0.0440630673699747 0.0596120001768007
-0.134526626184813 -0.120784815990107 0.027022944952794 0.0333462930879825
-0.1133810987851 -0.132916070212195 0.0306365267360086 0.0271354872965721
-0.0265578935757733 -0.16302279268334 0.0101607670646924 0.0240179377737363
0.088621013309565 -0.153859860801115 0.00428153753446956 0.00991279846438997
0.21991000505238 -0.026866261768902 0.0107219522796534 0.00105121315052353
0.140409836917114 0.140267882368499 -0.00233243465558669 0.024223738451914
-0.0526513497085828 0.181183100519619 0.0173530008969481 0.0667588408221161
-0.189880598090286 0.132053188687586 -0.00188036172217217 0.0656839541280416
-0.149846984156468 0.132171960230521 -0.0202397177808924 -0.0541847893465715
-0.0300210164112207 0.161219594769398 -0.00826546927593241 -0.0535341159920787
0.128631173467068 0.115892832627825 -0.0490786075363099 -0.0570071150605184
0.186377618585216 -0.0419605490826676 -0.0747268511765726 -0.0177298778380482
0.0684767967976828 -0.141031618767106 -0.0364957539409213 0.0257795552796318
-0.0419346492432801 -0.132871370506621 -0.0178186901899858 0.0268977159290873
-0.129994062694112 -0.126350883215864 -0.00671447773026537 0.0109148129897973
-0.137805274624723 -0.133566344786023 -0.0245716715776043 -0.0172599052500094
-0.117995298025992 -0.138730450154261 -0.00780564816965837 -0.0332373951772793
-0.0415841549410777 -0.164945872509441 -0.00994699079493343 -0.0337104929075178
0.0754518864161964 -0.168282415502542 0.00860428157020755 -0.0489084443469915
0.229930554683029 -0.0484250289560192 0.0389167117387463 -0.0458198475412461
0.166661318867097 0.144917734611163 0.0384697901596796 -0.00386198614441876
-0.044276221780659 0.211673483377344 0.0802800381052364 0.044093983081404
-0.210466024004621 0.157421610001525 0.102117629521055 0.042506473600483
-0.136309152452481 0.100783285907826 0.0316276277321698 -0.0712107485054114
-0.0622175316526742 0.129395001572217 0.021913269580772 -0.0574428396397905
0.0816311509462474 0.129647641719148 -0.00313590438883197 -0.0572739054291373
0.170408626864373 0.00427412971100057 -0.030892501352342 -0.048700311524643
0.0903756456612642 -0.107153827324007 -0.022807265819606 -0.0290611711354925
-0.014037885992916 -0.114922604018752 -0.0376172541798689 -0.0330223922272925
-0.106363844174815 -0.116126921645104 -0.0531001528171233 -0.0404818414220832
-0.124584228492171 -0.12370465833239 -0.0753775565395419 -0.0656963123532549
-0.109118784133472 -0.124499879849129 -0.052030262905839 -0.0861529058451066
-0.0536690064406124 -0.141739365891396 -0.0392352041043877 -0.0821155488003884
0.0449122493240548 -0.156182944748327 -0.0053939830080596 -0.0995286079102779
0.19667005273197 -0.0672949732423123 0.0434065298224937 -0.0932631403809989
0.1656687765551 0.112823910544578 0.0611452552536291 -0.0440197247846533
-0.0151995367482308 0.19539098317679 0.128373684383716 -0.00102958831837846
-0.185057044138571 0.159115588841641 0.197935410635583 -0.00238895947270403
-0.110944744181892 0.0589779679629771 0.0825817066612954 -0.0707324882989188
-0.0851979753864275 0.0887265155331345 0.0464594405601469 -0.0512007213621867
0.0295098301258052 0.12409100120589 0.0325157754195165 -0.035589529028785
0.12887427221233 0.0414667132450979 0.0193274816218893 -0.0510345556002796
0.0905490959862444 -0.0591432452798792 0.00826069195762001 -0.0662111092596587
0.0117275771041897 -0.0783078283405455 -0.0388962329269832 -0.0855766332385108
-0.0655724650799126 -0.0856677621099317 -0.0862987810877849 -0.0872730291245908
-0.090292214039463 -0.0942743296342071 -0.115075692816183 -0.103718291075752
-0.0801268174394406 -0.0931697602842269 -0.0925908468748901 -0.124474137092255
-0.0492104594234909 -0.0993716064793353 -0.0670124677807311 -0.118002206651436
0.0155772873582212 -0.11660745901773 -0.0245045128950459 -0.134088074666478
0.132434731423803 -0.0667164779338854 0.0376071227771452 -0.126630063493769
0.131626109395253 0.0630625269268156 0.0701468654445448 -0.0742053368689072
0.0130152679180627 0.136500038307141 0.148736975669089 -0.0443840249781367
-0.125927305792427 0.12748636894492 0.257994512812113 -0.0519523899271335
0.00775757700561555 -0.0706978388522638 -0.224965602062383 0.108307899735175
-0.0331686412594943 -0.0468249011889939 -0.133507789048855 0.108831671710482
-0.0621402914750624 -0.0132219759422874 -0.0737655540606765 0.0825115125794939
-0.0491583131850226 0.0423832633205597 -0.0477831367447559 0.114353143351206
0.00200190302940573 0.0547413417397578 0.00835323019618649 0.153983875854568
0.0312673794641388 0.0350784342107269 0.085174250869751 0.155344304720659
0.0496381896195523 0.0386151182898088 0.137423069042252 0.133856976425881
0.037159823963826 0.0494354589538641 0.142002370758814 0.125214187812971
0.0093331728828949 0.0509148624997359 0.0922106277744128 0.139096165206968
-0.0196988887733716 0.0433381494886495 0.0354327933113122 0.122834522226226
-0.0512955260597207 0.0218272713916025 -0.0318362537663845 0.106295285434172
-0.0612412960293246 -0.040750640698005 -0.0736475998384425 0.0576951024301791
-0.00194507109570113 -0.0761852038231222 -0.0635290201309712 -0.006958549837902
0.0729295303673135 -0.0452674748939546 -0.0590695606744958 -0.00371717272091699
0.10421288159607 -0.0252908902875299 -0.152914826646479 0.0524530694010768
-0.0590109960330671 0.00549588157643435 -0.213241900798101 0.102702638635753
-0.0272706483299519 0.045117697994067 -0.120304295041104 0.0948281311153116
0.019363740421526 0.0276535622631965 -0.0924418566392554 0.0749865095735173
0.0290240352550054 -0.0009042864186422 -0.0622633920456364 0.128555181612361
0.0105635937796361 -0.0153460268450015 0.0200560530234248 0.170473497233798
3.80398070639453E-05 -0.0186047297429838 0.0996698782673041 0.166125933471776
-0.00877746719180482 -0.00812839761490685 0.147256054369198 0.140779438253351
-0.0193878058037831 0.000110925740527804 0.138053349510121 0.129731679264405
-0.0310444325952889 -0.00578661827633624 0.0914541589675149 0.145338701895788
-0.0164894729788657 -0.0207116363562144 0.0267573820475448 0.131598026979967
-0.00464843391325505 -0.0258680596751109 -0.0459973365040659 0.108284604609578
0.016300653453554 -0.0314388684152694 -0.0861077937868401 0.0487916654970185
0.0344774605523169 -0.023026310438008 -0.0777427433165163 -0.0090088896176068
0.0464769177909066 0.0040220225635321 -0.0658464018436549 0.00536566665565565
0.0352200945863523 0.0172470759510202 -0.164524133085084 0.0556934713782956
-0.109466293951179 0.0746721541083438 -0.175574968235185 0.0714681395067137
-0.0102761102862453 0.120269898292582 -0.0983595490723456 0.0550855487218835
0.0947295886941011 0.0567271691759309 -0.109127856790676 0.0474663164659567
0.0972381018127016 -0.0471357431013781 -0.083843005164095 0.120352462147316
0.0133429822961466 -0.0817058555853562 0.01429239898568 0.166943663872456
-0.0349170933804472 -0.0668859490516981 0.0911877185216738 0.157208688590647
-0.0672760451170956 -0.0515730962359371 0.132208818526861 0.128736314413722
-0.071810780749474 -0.0493751867703216 0.114484838993417 0.113377303853414
-0.065286944469448 -0.0621974961147911 0.0813444566924048 0.125658135641341
-0.0117927921826592 -0.082936101651192 0.0235164674236368 0.115693074191205
0.043223110219272 -0.071956043234458 -0.0370127445988699 0.0936484796727179
0.0965609684130283 -0.0186533625828202 -0.068377545962985 0.0454624152938105
0.0666832086383339 0.0397603629023076 -0.0732338048945818 0.0105335882587397
0.00591214748902255 0.0600011748836098 -0.0634958534119003 0.0309368334124458
-0.0494861728082747 0.0567476548761278 -0.146312876064726 0.063542987131913
-0.140142624110611 0.123790228842322 -0.125628446140101 0.0269362000490257
-5.12216097042447E-05 0.166370253833789 -0.0714626106019783 0.00875352205420625
0.144532601259049 0.078182165791828 -0.110236579956544 0.00902800748717779
0.149513119438161 -0.076092659971362 -0.0996587012925872 0.0869079593847865
0.0222575593111985 -0.131554496614363 -0.00538345926873423 0.137350245225046
-0.0584514156242262 -0.106155869860817 0.0606351337575349 0.129343579329814
-0.112648186502803 -0.0891303180763283 0.0959590137305267 0.100426589145587
-0.113017380635395 -0.0919905763672816 0.0764428272605826 0.0791501491465887
-0.0949765219678635 -0.106901102804219 0.0620482058910422 0.0828599935518421
-0.0144501361435848 -0.134666937791351 0.0213971020761947 0.0769669895534795
0.0785577286766769 -0.118714379449 -0.0130408336348125 0.0610675697377598
0.172052630292175 -0.0161983902182873 -0.0306624963443118 0.034307034805226
0.104315233578874 0.101010574450766 -0.0463885548079816 0.0294755996168509
-0.033211451334598 0.125544069434133 -0.03674341796118 0.059655581800031
-0.132050748058914 0.0971331039209226 -0.0915429127284305 0.0712158520184068
-0.151339973910895 0.147027854687435 -0.0749124515491417 -0.0203709738620201
-0.00318488757473745 0.179764032036372 -0.041881623545111 -0.029653113401624
0.157496405265064 0.0946691280143061 -0.0887719121004036 -0.0298104825494654
0.179198192235802 -0.0786526194489324 -0.0985114358426586 0.0359060920685701
0.0385152650619674 -0.154471638928941 -0.0263756735833288 0.0862877851820733
-0.063042437692095 -0.129615672729785 0.0200946706177065 0.0839887685166364
-0.136887910283617 -0.115204840217047 0.0462227801595955 0.0601912287761446
-0.138434262596777 -0.120687965455821 0.0278633194310807 0.0340691470303751
-0.116102303603086 -0.133457345320898 0.0315372109060949 0.0266251345030931
-0.0286089447691817 -0.165419312316311 0.0105466048887071 0.0245605958227551
0.0883490676907383 -0.157264753072379 0.00485275538163417 0.0100304761610557
0.223476534573047 -0.0299085455650259 0.0106196646346083 0.00111858845889029
0.144110527876757 0.141025485349517 -0.00184207354349031 0.0253017296821091
-0.0513288323681827 0.185296586727668 0.018344708478719 0.0675556988765165
-0.191422465844914 0.136983746200351 -0.00140002204535338 0.066481086273855
-0.150225217851726 0.136676361700606 -0.0215212345872204 -0.0550765495588793
-0.0282391820027721 0.164411922384041 -0.00892731353871053 -0.0540638590019105
0.133227442609696 0.115916517401433 -0.0505547291700298 -0.0573901950332706
0.18864163483665 -0.0449714959075087 -0.0763162138906168 -0.0167880567476143
0.0682300452090998 -0.144234338583643 -0.0361389759973148 0.0266647377054559
-0.0439844583708456 -0.133987404634306 -0.0172964616846222 0.0278486230189228
-0.133573810549078 -0.126577761397129 -0.00675493091371028 0.0112066134095555
-0.142112366985362 -0.133312117520726 -0.0249402508531507 -0.0172793777320809
-0.121437945907886 -0.139502832238711 -0.00842572483239347 -0.0340138405735066
-0.0436166951674591 -0.167733074382233 -0.0105909059263847 -0.0337834128643513
0.074574132555985 -0.1716065780463 0.00811188713553766 -0.0496004586258839
0.233807217944069 -0.0522089475559996 0.0387364035751792 -0.0470319458356886
0.170946216052722 0.145336825931768 0.0389970465269111 -0.0040295476451643
-0.0429099117289269 0.216172640428171 0.0821342650006321 0.0439147698535676
-0.211598405399783 0.163342756334168 0.104622022885408 0.040790361908842
-0.137102815884546 0.104701391198038 0.0310546567640738 -0.0731019917775539
-0.0617180138749287 0.132510690757786 0.0210932280411625 -0.0587048216359198
0.084856824288649 0.130735471521656 -0.00434261630110711 -0.0582706890864625
0.173617203641479 0.00155068872941392 -0.0321748739790733 -0.0485074936588848
0.0905077164556713 -0.110158291176782 -0.022939167578062 -0.0287612673373447
-0.0154859905883312 -0.11668359437966 -0.0380833057207012 -0.0328264697439416
-0.109460231662372 -0.116673018225863 -0.0540582028486243 -0.0402734257996182
-0.128567572001773 -0.123822105006068 -0.0769839931998177 -0.0657199499187727
-0.11226833163106 -0.124638466487553 -0.05418187627843 -0.0871325927184638
-0.0561491580889516 -0.143229788677672 -0.040823663844111 -0.0832404806135163
0.0435639150002024 -0.159495112497547 -0.00676758373934503 -0.100572327195682
0.19896303363604 -0.0709871172328081 0.0428934361129876 -0.0949772043181117
0.169773135510031 0.112739004860354 0.0615596700864166 -0.0450246827067773
-0.0131432246385953 0.199384899926939 0.130616947128142 -0.00253326410542257
-0.186521388819624 0.164675126909655 0.201048893474329 -0.0054999006325976
-0.111593773242172 0.0613578323790519 0.0828288440084893 -0.0732446992883714
-0.0853847458400624 0.0915557076644979 0.0458624010144655 -0.0523169836416804
0.0320453033245729 0.12596097602669 0.0324015413029357 -0.0356018807979619
0.131695575257966 0.0398971725420607 0.0192041399785329 -0.0511309261771518
0.091748499969798 -0.061534226986139 0.00810324402914819 -0.0667822399871949
0.0112962958593528 -0.0798517190223332 -0.0399006783299317 -0.086194419699783
-0.0678687019141344 -0.0859880252205317 -0.0885624396160439 -0.0871693731219105
-0.0931892114957127 -0.0943077395834321 -0.118546062132901 -0.10349971917107
-0.082913132716065 -0.0936720916894234 -0.0959933682187501 -0.125506242070165
-0.0511847180398195 -0.0995791808219897 -0.0693801803728017 -0.118911648038259
0.0146310880026449 -0.118369584953407 -0.0269345996129142 -0.135801696890477
0.134065865975674 -0.0703479815559288 0.0361683534655828 -0.128818521091595
0.134257423770207 0.062538027082405 0.0708947353843898 -0.0760614253507403
0.0147387240909327 0.138962979762661 0.150713404890063 -0.0470522716359733
-0.126157302505287 0.131828224934761 0.261580165942051 -0.0572303400849367
0.00715931107334481 -0.0716506405956306 -0.228041118126575 0.114575682117024
-0.034524144710779 -0.047095197068921 -0.133387829907963 0.112514440180149
-0.0632907942614281 -0.01239761928838 -0.0736835367016931 0.0847876102160727
-0.049612042864492 0.0439213538214014 -0.04715248666433 0.117030919255227
0.00304532199143545 0.0557370975239117 0.011256840484698 0.155780075024291
0.0323392843098784 0.0352807902977692 0.0887474755528015 0.156703273811324
0.0509949362103986 0.0374730579614158 0.141421897077914 0.134142791945603
0.0388433810741936 0.0497768946090893 0.146747858738481 0.125038480168452
0.00996037958621492 0.0512923395952046 0.0962791626799909 0.139657285894893
-0.0192873927416432 0.0445177868520209 0.0378357541015002 0.123999771318744
-0.051534035640406 0.0232074550466965 -0.0306088341360244 0.10751896031651
-0.0632518385693333 -0.0404488035928666 -0.0740329523973776 0.0587532916078329
-0.00342835333312591 -0.0772517672113242 -0.0646436735746801 -0.00703046022305513
0.0731112244782617 -0.0470655969262862 -0.0591777980382932 -0.00311596127633769
0.105759097646316 -0.0274209260475044 -0.154359473785294 0.0557406119531299
-0.0602682556939441 0.00669661884030969 -0.215622744891331 0.108046075822328
-0.0266102630731637 0.0459832013129633 -0.121583600904959 0.0986343574647469
0.0200544034261861 0.027672133723252 -0.0924997807084443 0.0775908359077044
0.0292776046736269 -0.00132477328093431 -0.0620830196646518 0.131421649326993
0.0105490946772456 -0.0159152860148676 0.0232180157181615 0.172288669087864
-0.000977984959244036 -0.0187453607587561 0.103522689512587 0.167125765429531
-0.00947459250731021 -0.00830607622830837 0.151830213486588 0.140877342633555
-0.0196059118380451 9.02854345550602E-05 0.14236766547421 0.12952338591824
-0.0310799751702699 -0.00588002193721911 0.0952242160412009 0.146194972992353
-0.017379932895829 -0.0206827060779572 0.0291002529560568 0.133243685508036
-0.00484800201180446 -0.025674550575342 -0.0454840426298235 0.110184871871394
0.016270434049371 -0.0320284208570033 -0.087046919747143 0.0508955703782944
0.0343278905053868 -0.0235546818450223 -0.0789299698949562 -0.00829146378320189
0.0472259124392745 0.00346495654916225 -0.0663371890863965 0.00556874840045627
0.0357728543384576 0.0167563126072288 -0.166930967386606 0.0592731686089067
-0.109672547892641 0.0781011007801857 -0.177529016323994 0.0751496689411723
-0.0089938947710715 0.122374583125358 -0.0993523715500774 0.0573630912706109
0.0973224947550179 0.0559199878697633 -0.110305909596191 0.0497677586333838
0.0980471438220653 -0.0497351847839205 -0.0838300745826544 0.123588253506831
0.0124743344740237 -0.083710368674977 0.0170105969638351 0.169303820726909
-0.0364001798167717 -0.067482316878266 0.0950045185263747 0.158127144180582
-0.0687823906613058 -0.0515088901925173 0.136677093096665 0.128344509355148
-0.0735417373959655 -0.048943685864277 0.117920246791571 0.113048340036874
-0.0670336686994451 -0.0620468158292017 0.0843911196144005 0.126579829286274
-0.0128097675986291 -0.084091534399744 0.0249676904544059 0.116928600227456
0.0428438380448934 -0.0737583516926135 -0.0362629723957398 0.0960186131670185
0.0979413055611524 -0.0200833790383724 -0.0687499771460907 0.046819124303988
0.0684392770547514 0.0398257585004662 -0.0743356324888897 0.0115734152182163
0.00661396581665447 0.0610651383903063 -0.0642575347310506 0.0324527011031546
-0.049227835179056 0.0583912214901436 -0.147905442792983 0.0677444801695561
-0.140378086176557 0.128939343716717 -0.12789778701914 0.0288151354501759
0.0024610690795657 0.169375485328368 -0.0729475998102143 0.00975543752481734
0.148877309398367 0.0772487264395756 -0.112157210964094 0.0104824770154636
0.150760214629279 -0.0802002785061619 -0.100219241787061 0.0897476741919316
0.0206704436254341 -0.134166877075593 -0.00299754608783256 0.13996462641203
-0.0607364886150657 -0.107025812554366 0.0635055795595092 0.130481598974362
-0.115566635094161 -0.0892164397241582 0.0990225780260616 0.100689773253999
-0.116381103520505 -0.0917955350593498 0.0792900228710198 0.0787382537288777
-0.0979158068110708 -0.10763331166698 0.0642934217780022 0.0830701933316022
-0.0164605775308811 -0.136681830591638 0.0225216669043755 0.0778832480547596
0.0786393094591926 -0.121645758017937 -0.012655393232281 0.0621328809776458
0.174355182706209 -0.0185505905643642 -0.0308366298071247 0.0351419853492899
0.106874543509622 0.101219942036506 -0.0467109899733699 0.0310648776676496
-0.032579436426629 0.128222709146236 -0.0363438016896184 0.0610888692075314
-0.132641599919965 0.101108809831686 -0.0922488687969047 0.0737715623437693
-0.1509975330252 0.15151909908773 -0.0770954251343765 -0.019842969995341
-0.000334919911095197 0.182815296218333 -0.0432605947356591 -0.0298802994201423
0.16285736915503 0.0937484738468592 -0.0915212737575108 -0.0287932599102776
0.181502162523606 -0.0833196661443806 -0.0996167195583413 0.0380888508435677
0.0367450179210687 -0.157770760766435 -0.0257924466242398 0.0883577756063949
-0.0655797977216363 -0.130722442484626 0.0217937822376168 0.0852143862512336
-0.140931778409194 -0.115018823742286 0.0476948163736151 0.0607836636289429
-0.14271383243901 -0.120372828806248 0.0289162916302091 0.0338297962300742
-0.11981494451015 -0.133565999078231 0.0322274480280184 0.0267033415511196
-0.0313729749940749 -0.167656957766533 0.0107759698867017 0.0247029792478364
0.0875298926602741 -0.161298902507728 0.00477830706680991 0.0101089528299584
0.226893457395074 -0.0343080854782338 0.0106258478924981 0.00138676905478528
0.149142124700524 0.141379535827065 -0.00202315415964478 0.0261525337705413
-0.0495780575824659 0.189195483426257 0.019161059038731 0.0680834475415441
-0.192068794073306 0.142659409690457 -0.00036792297431938 0.0671081539629506
-0.150410344404976 0.141278628273397 -0.0228078205607968 -0.0556235263654647
-0.0265024754512287 0.167801825559909 -0.0101729569352382 -0.0545856111916804
0.137456455292023 0.115942463258141 -0.0528839727404709 -0.0568763242583155
0.19138244076659 -0.0486083817493229 -0.077897762005604 -0.0154261791571794
0.0667961590376313 -0.148329586808482 -0.0366311454800921 0.0281211874258971
-0.0462373825893857 -0.13600183746788 -0.0164624656796999 0.0287506604438097
-0.137909271552641 -0.126351519054571 -0.00622365134500819 0.0116651842340343
-0.146649823885141 -0.133099732811258 -0.0257904172678191 -0.0174513781935097
-0.124961219098942 -0.139886101578958 -0.00926660059466469 -0.0346013832320137
-0.0470929662510721 -0.1694186678159 -0.0111696783558829 -0.0346112386597055
0.0732707262448085 -0.175919258100527 0.00764274359304271 -0.050885212574518
0.236153195592444 -0.0569193014986266 0.0386306439735438 -0.0476747796559508
0.176160921847627 0.145455964488978 0.0396229754713963 -0.00397319237384319
-0.0404353282962987 0.220745071236411 0.0839204733425548 0.0434564901597619
-0.212756241530365 0.169625838850821 0.106671525283738 0.0391081554379694
-0.138128816855812 0.108357723525432 0.0301375637367308 -0.0749811580103237
-0.0606600235663044 0.136173048146688 0.0202232477561347 -0.0598298901128344
0.0890178934692032 0.131580275038268 -0.00558199925923916 -0.058567766941617
0.177288668866594 -0.00123284421025264 -0.0332251318306409 -0.048149183690058
0.0904758237175319 -0.113499564828294 -0.023633379485401 -0.0290237051634299
-0.0167432607553442 -0.118675361666403 -0.0387802123339038 -0.032509378189798
-0.112559297968633 -0.116085265741549 -0.055312243144399 -0.0401244330935558
-0.132962128700516 -0.123756811242456 -0.0791323644991255 -0.0654048515588372
-0.116363571204839 -0.125177219534972 -0.0567185054049304 -0.0879766128320852
-0.0590878336551298 -0.144530629300753 -0.0425167013003266 -0.0834445740080409
0.0421091971687032 -0.162749884503032 -0.00871647169501495 -0.102276597237083
0.201145683626231 -0.0753721205196193 0.04227713095155 -0.0965820829467317
0.174056396744665 0.112083004060167 0.061836271907382 -0.0462971978907593
-0.0108144103559095 0.202955334933836 0.132920388225063 -0.00474286774086464
-0.186779370950857 0.170337449495889 0.204498771007592 -0.00963017487005673
-0.113133464534747 0.0642303231044039 0.0831329215316321 -0.0763879665164075
-0.0854673313487578 0.09434152800599 0.0455128141540664 -0.054042686467649
0.03483896986598 0.12755726188858 0.032154487383562 -0.0363825660666029
0.134724652360699 0.0384751015036613 0.01868098187933 -0.0512628615853179
0.0925299696734169 -0.0644127838953147 0.00764049120151739 -0.0678353869486284
0.0104359622421518 -0.0812626457404974 -0.0414184283444376 -0.0864862464695383
-0.0696248618455612 -0.0858306761086289 -0.0911010448005289 -0.087155505154491
-0.0963354503003547 -0.0943190066067239 -0.122176370493458 -0.103455127218752
-0.0855709681943388 -0.0938085383272756 -0.0996206704164928 -0.126226964098495
-0.0534016794989111 -0.100818919278278 -0.0719198660263582 -0.119807333817302
0.0126729287340132 -0.120918829942306 -0.0290835693168486 -0.137419760544115
0.134783858569468 -0.0736131359081458 0.0350929164928577 -0.13092382418934
0.137507052413536 0.0612190141058621 0.0710015165592971 -0.0780334338423876
0.0168245490930324 0.14089434427948 0.152724180010651 -0.0500010055747685
-0.12623355097373 0.135913496006662 0.26451517494517 -0.0626848763395388
0.00685502430572927 -0.0731974954955353 -0.229659696056938 0.120380766503234
-0.0350405569656378 -0.0475944394494957 -0.134036059225303 0.116475799980592
-0.065158445484944 -0.0119421324203605 -0.0736093941921076 0.0876265760340884
-0.0498106021449646 0.0455942896942304 -0.0456605965417601 0.11946496488431
0.00393670891409419 0.0564528617195747 0.0137569458655835 0.158491020242796
0.0328775800474145 0.0347231329262575 0.0934626375139639 0.157924986630467
0.0524963444156335 0.0372017037351103 0.146033850942178 0.133156863699735
0.0404156772764687 0.0497302805867384 0.150718833442781 0.124070687079881
0.0111623090465933 0.0519092718555341 0.0997474053395448 0.140272165309899
-0.018456849001161 0.0452518994197138 0.0400150078983266 0.125127916027166
-0.0518973231109493 0.0244078649863301 -0.0302871607414072 0.109909182390472
-0.0647734077425882 -0.039229795976142 -0.0741219874986229 0.0607398376943633
-0.00540363371041174 -0.0782608413120516 -0.0657690832967552 -0.00611718667651085
0.0734342852240247 -0.0489523220576068 -0.0601029339765884 -0.00231715789718717
0.106830034803257 -0.0293475608251148 -0.155416383809031 0.0604899101147948
-0.0598250952006534 0.00756449848265566 -0.218107157885952 0.113554634366742
-0.0257844360291327 0.0476811156677883 -0.120835693013756 0.102642856622209
0.0197824357475341 0.0269081088581069 -0.0928328344308297 0.0800312132973313
0.0297500491877993 -0.00222884605943627 -0.0610386763415516 0.134418490278377
0.0104857471391447 -0.0164805851567131 0.0262334304594082 0.174772197021482
-0.00120434016353263 -0.0192055076234084 0.108679313094954 0.166977942547664
-0.00953611132956287 -0.00881671300103049 0.15639996935682 0.139693241120203
-0.0197027372090348 0.000653539131082782 0.146950132056947 0.129280891864435
-0.0318269161804725 -0.00571293717374347 0.0992233618490194 0.147355184554939
-0.0175178643919838 -0.0206336126082796 0.0317471457456067 0.13435722819884
-0.00497851502939215 -0.0257188543382473 -0.0441957306587093 0.112506715168466
0.0162191835029349 -0.0323748625184146 -0.0865820803195557 0.0521549815367202
0.0342352741171632 -0.0241271145876661 -0.0807419065880125 -0.00818007299162078
0.0480752871129577 0.00303321336950954 -0.0666703158745824 0.00632052772206344
0.0369808212869502 0.0162037526176953 -0.168015391824984 0.0636588916225009
-0.110018356975139 0.0817554776150762 -0.179891982061441 0.0795322301494687
-0.00640596680908713 0.124701177573721 -0.099494784569479 0.0600438745937748
0.099987957692148 0.0549311020341373 -0.111183863944237 0.0522674350104405
0.0989537120406749 -0.0522528910112616 -0.083243291307175 0.12701471697542
0.0106254708514502 -0.0850254947053516 0.0199897519897669 0.171597342509109
-0.0383051023458636 -0.0682011270998434 0.0993239456199518 0.158889827104516
-0.0710466960004964 -0.0512827082479687 0.140625371412954 0.127584502704402
-0.0753833256689197 -0.048239166218427 0.121906936515899 0.112589893943848
-0.0692304851922512 -0.0619680715725029 0.0879806160417387 0.127046903908193
-0.0142351029975172 -0.0853814866713637 0.0272964175170375 0.118517409874824
0.0427231268380308 -0.0752569356269416 -0.0354559857128545 0.0977370591638109
0.0987620975425215 -0.0218950827787372 -0.0694089458534967 0.0487805971376767
0.0699527546976288 0.0396046551360341 -0.0755454821778802 0.0129526164335958
0.00761284675198144 0.0620891263962631 -0.0644296826426579 0.0338754243933019
-0.0488770163103362 0.0608409403016634 -0.148931313411196 0.0711912979216166
-0.14044525626443 0.134168659612077 -0.129934838827909 0.0319130535895979
0.00563594416044211 0.172143704740519 -0.0738160314243316 0.0112867614906929
0.152173704599172 0.0757868342794345 -0.113908204156101 0.012812509461415
0.151989395139919 -0.0841017478754418 -0.100735035940226 0.092699972901836
0.0187550918462595 -0.136931412778489 -0.00101550369420779 0.142094588290139
-0.0635284331215454 -0.107891200941969 0.0673665651800776 0.131421496998749
-0.118401251936129 -0.0883480114049589 0.102417775386206 0.100160664714845
-0.119663877951293 -0.0912733414906725 0.0814546200680236 0.078773565527674
-0.100617038309577 -0.107500676281965 0.0668210594500346 0.0829012788930082
-0.0186502931182012 -0.138799546567745 0.0242184589831344 0.0785406825502694
0.0775832456284609 -0.124738900364578 -0.0114919181190727 0.0634104407381145
0.17702331482642 -0.0215751704544251 -0.0308504915005885 0.03659509115964
0.110241347200379 0.101438709721129 -0.0469154733028982 0.0324767700045737
-0.0308403083098345 0.130582898204799 -0.0358784843692048 0.0626880730361858
-0.132974006264667 0.105293971583871 -0.0922919340855387 0.0769205571251463
-0.150886952517313 0.15736229054469 -0.0792087380382002 -0.0188587848586586
0.00247613320887807 0.185765430074784 -0.0445524298308046 -0.0293458514628652
0.167466472824605 0.0924840545486164 -0.0935835257303343 -0.027611227792295
0.183100657765057 -0.0878457694018399 -0.100907077721832 0.0405601261851089
0.0348333989176412 -0.16117872379615 -0.0243819835015575 0.0904625595067512
-0.0686934601693964 -0.132024134247306 0.0243309331486845 0.0864519313278872
-0.144603338347719 -0.113864883276355 0.0496341586901165 0.0607001847260237
-0.147101359261427 -0.119807588673618 0.0296796011457248 0.0341235687643522
-0.123636128805559 -0.133495244253596 0.0326541245185033 0.0258132781956289
-0.0343943802596103 -0.169581488019015 0.0115542636299391 0.0244643211935136
0.0864513522299093 -0.165092792189354 0.00501177539107956 0.00973374478001012
0.229350017227614 -0.0383403686576013 0.0109771100022311 0.0015973199433936
0.153498667627552 0.141405443108697 -0.00160822321378684 0.0268854502964716
-0.0478564821565613 0.193047752279369 0.0205409387545896 0.0687738802049423
-0.1929284044375 0.148380374189617 0.000659175275855713 0.0678333250449056
-0.150800625925111 0.146739287675376 -0.0244598106974546 -0.0564312043869697
-0.0242018914618548 0.171309519324673 -0.0111883823151194 -0.0557350294835192
0.141947938431211 0.115532666634247 -0.0546885394172537 -0.0574199623087641
0.194514407038288 -0.0536521032908339 -0.079305282202182 -0.0140535023184034
0.0656028956743335 -0.151689304272061 -0.0363858111120984 0.0293870069911349
-0.0489764721204767 -0.137266608613682 -0.0156036507153979 0.0297385473731891
-0.141803893394074 -0.125662521869482 -0.00608401984558412 0.0120453507924008
-0.151290532839735 -0.132474834398327 -0.0264463069812706 -0.017072998854802
-0.129249608250591 -0.139503509338443 -0.010467269429251 -0.0354028032215645
-0.0501488614422877 -0.171443342922507 -0.0119035642380545 -0.0344657619242795
0.0712560695469291 -0.180149844107654 0.00676165721774037 -0.0517548182849812
0.239180601573978 -0.0620837435525702 0.0381852589567516 -0.0485218364401656
0.181249604031173 0.144649515636956 0.0398706376336374 -0.00410816871954934
-0.0380138421202532 0.224605334037683 0.0858077390490594 0.0425180067747696
-0.212657154917258 0.175719358138677 0.108946591165698 0.0371065344220273
-0.138076119364204 0.112688591427127 0.0292711636528593 -0.0768588103008662
-0.059417158071638 0.139215774080397 0.0195678857412289 -0.0610896995953452
0.0934416172110197 0.132371671804511 -0.00701774884876593 -0.0592311757682176
0.18009510442308 -0.00453068303234473 -0.0346427975933418 -0.0477072860689298
0.090644033820684 -0.117631165972844 -0.0241147972523601 -0.0282081107762497
-0.0185663726782541 -0.120009999911228 -0.0387147333104405 -0.0322175552994294
-0.116245888859447 -0.11577080744149 -0.0563097695534404 -0.0394853685259988
-0.137274458162741 -0.122948245951014 -0.0814082088890128 -0.0648280700295835
-0.119533347936973 -0.125015961251397 -0.0596903071631984 -0.0886143786545723
-0.0618804866209899 -0.145979194649701 -0.0443370992981575 -0.0839669510820394
0.0400816018487309 -0.166264317463006 -0.0103444056807707 -0.103637719312355
0.202859251191508 -0.0808393764604434 0.0413148766252197 -0.0983452052606306
0.178886646250762 0.11062813944264 0.0621379713722436 -0.0472149252548542
-0.00752625963491006 0.206121094425296 0.134687153972442 -0.00728224140205307
-0.187004316072193 0.177129082718706 0.207684014138373 -0.0140989550032845
-0.113531916459832 0.0669013950335243 0.0829669697751216 -0.0789881124738198
-0.0851294163049925 0.0975534058762058 0.0444957617977926 -0.0555650205461731
0.0384691118520341 0.12899500779063 0.0314922526427144 -0.0369184933062154
0.138224750859165 0.0357961589452276 0.0181795756586912 -0.0516015062408258
0.0928368756250586 -0.0673610868967702 0.00700952394704756 -0.0684725115687533
0.00963558942715573 -0.0830031274747438 -0.0427916715842823 -0.0870747788278597
-0.0717417598426776 -0.0856418212198848 -0.0936492508644445 -0.0867458901877716
-0.0998459998430036 -0.0935779272483434 -0.12597811846895 -0.102325117132833
-0.088411651951281 -0.0935427789404467 -0.103857638232668 -0.126332325199931
-0.0560088397873685 -0.10109052441291 -0.0748370407765301 -0.119969025758937
0.0109295635186957 -0.122909418676115 -0.0322337890967102 -0.139066702709191
0.135309087711642 -0.0769653677119912 0.0334130708038138 -0.133063998673409
0.140790302108354 0.0598222118420401 0.0710272806717447 -0.0798686057478942
0.019257531173058 0.14281411405078 0.154391347361343 -0.0534382681431302
-0.125684619610114 0.140523094568686 0.267770904765696 -0.0697638627446054
0.0053689912014878 -0.0738282599529764 -0.230953896587262 0.127872299491538
-0.0364470270983131 -0.0479693675059379 -0.13312978522661 0.120603316675192
-0.066678501878818 -0.0109678844131181 -0.0725295471074744 0.090101913166564
-0.0497601012678201 0.047614901695423 -0.0438455950194802 0.121467631708694
0.0049546306738003 0.0575280827929155 0.017211298179542 0.160349456403451
0.0338447153916959 0.0345667017411078 0.0973809892524556 0.1577961816414
0.0538769208696122 0.0364707414318539 0.150494659830147 0.131787222920312
0.0426030201401971 0.0493950699328146 0.155273652564998 0.122031298651385
0.0125173474650345 0.0527910426409291 0.104175586162502 0.140343296722781
-0.0177238139232794 0.0465209376128 0.0425733077828097 0.126039693565075
-0.0513590456181657 0.0264781322294985 -0.028901512137912 0.111398341163491
-0.0666872347092937 -0.0383268912694553 -0.0745689362743601 0.0620902658021846
-0.00683670022949028 -0.0786065297132834 -0.0667539171304803 -0.00625751297930744
0.0737062242413687 -0.0514572447350725 -0.0614534360362911 -0.00120718948283305
0.107702367537576 -0.032295256297218 -0.156421583911785 0.0644339772032979
-0.060332861114244 0.00954609271239339 -0.218526705946803 0.121055514941042
-0.025308111993464 0.0481345868114036 -0.120761689779225 0.106330026722527
0.0211523960484929 0.0267423082103344 -0.0924414778198275 0.0833183738549886
0.0294867702259478 -0.00273513613079171 -0.0591501053053969 0.137514503599999
0.0103662013278024 -0.0167136273008222 0.0301224685823521 0.176807789542366
-0.00164800176376624 -0.0194113292774808 0.113143798489605 0.166792655103061
-0.0102747943440238 -0.00874052912714259 0.16154983163543 0.138159909379977
-0.020167085124569 0.000805769348847287 0.152193183732 0.127556191258303
-0.031465738615175 -0.00478155111466172 0.103276930896449 0.146747955936437
-0.0173814916391452 -0.0202459254649684 0.0340669706568563 0.135829487317972
-0.0058139873472096 -0.0257721615430265 -0.0437057746717655 0.115281428652856
0.0152948707361806 -0.032856977229509 -0.0873437461614653 0.0541088684675055
0.0341652353886141 -0.0247747821111764 -0.0814486713393903 -0.00654883350266297
0.0482114827837596 0.00160596180865902 -0.0677307170612181 0.00746141476727747
0.0378866218008398 0.0155997304988229 -0.169107110695863 0.0683675600361478
-0.109688937974593 0.0857304561911873 -0.181116568061288 0.0845326952141481
-0.00375253366035327 0.126561340859479 -0.10002251790136 0.0631068559438719
0.102881759790491 0.0531195077525954 -0.112258918366424 0.0550276146572805
0.0992848200721989 -0.0554000615426031 -0.0818872297047506 0.130461395334086
0.0091035094213149 -0.0868755527185897 0.0237047137083466 0.173659494450618
-0.04027880975838 -0.068546518700271 0.104064275721287 0.158959798408914
-0.0723278241066113 -0.0507661326522518 0.145514367995989 0.126009439877865
-0.0772055946408288 -0.0473962788951653 0.125827299665278 0.111740739769615
-0.0709637856359015 -0.0615405886608969 0.0915339588969328 0.126937767420972
-0.0156575311280069 -0.0860048179290619 0.0296944729314156 0.119111587287834
0.0418053384921647 -0.0770108430771133 -0.0343862081767472 0.0996458440915339
0.0998363272034034 -0.0238290872939433 -0.0694739706051466 0.0508674383197402
0.0714164287000725 0.0390287974124097 -0.0765125395928052 0.014181277609467
0.00881002132056829 0.0628890913361494 -0.0649346474677828 0.0352031891509955
-0.0486342760056037 0.062625350503851 -0.149507478285864 0.0755774123363967
-0.139672581803304 0.139391339978428 -0.131705177996047 0.034895183739624
0.00927671254770734 0.174974537412593 -0.0744608414073424 0.0129610227707416
0.156874969864337 0.0731323941141487 -0.115632719364488 0.0151809880315007
0.152953130078897 -0.0890922503027814 -0.100228807480861 0.0965469468324893
0.0158166703909369 -0.139467219044202 0.00142732704331383 0.144345249196281
-0.0661707445645915 -0.107926302388416 0.071205395558372 0.132016905787231
-0.122018186260982 -0.087569274578028 0.105942081520273 0.0995921028883888
-0.123041203859789 -0.0897477961533788 0.0843392645405842 0.0784915219177738
-0.103726775228354 -0.107142903384188 0.0688863690365174 0.0825459502398413
-0.0212702423834597 -0.140280558510418 0.0259647332259353 0.0791448384166049
0.0767588359171817 -0.127864359894038 -0.0108273930806085 0.0642654309674299
0.179143254952139 -0.0256131298394378 -0.0308064849391578 0.0377347880314767
0.113401592867356 0.101093014978538 -0.0471588023073489 0.0337981927387007
-0.0290994495757534 0.13316228671477 -0.035632793394615 0.0639135093982884
-0.132712720713013 0.109443588641811 -0.0923386923291073 0.0793404354478407
-0.149821493203997 0.162866260257469 -0.0809621342173964 -0.0176760193623644
0.00654044882798684 0.188746486196852 -0.0457988845642761 -0.0291003091147474
0.17148851411068 0.090216243794896 -0.0957662683569346 -0.0263647152881417
0.184009514912478 -0.0938403862268886 -0.101656296297189 0.0434350427895886
0.0323304421541409 -0.164777968926335 -0.0230291113672527 0.0922701159282964
-0.0717050684849728 -0.132411038133537 0.0267008422921558 0.086831653820164
-0.148714745700323 -0.1127233342464 0.0516442314792301 0.0604603037689719
-0.151308673782934 -0.118563073450469 0.0309295656396946 0.0335993585998942
-0.127265691199585 -0.133209418229062 0.0338570564006926 0.0251903987943272
-0.0378625608403016 -0.171409866707295 0.0124648851260319 0.0249693687606019
0.0844637637409711 -0.169158900175243 0.00546803829601925 0.00955190763241707
0.232844218831707 -0.0437343592424938 0.0105257089769984 0.00139929223712805
0.158703389301541 0.140761707052199 -0.000984799317388399 0.0277598194291498
-0.0447288088366163 0.197364209309115 0.0219409224505631 0.0691060415909506
-0.192746760649627 0.154748529495867 0.00191494543437453 0.0682321881698918
-0.149696601811938 0.151716812283241 -0.026304949097911 -0.0568892110119579
-0.0213123880737106 0.174319744751708 -0.0130050371636332 -0.0559650518627627
0.146872564018709 0.114139274276626 -0.0566667115101762 -0.056276441081167
0.196446358732579 -0.0585582298129169 -0.0807234515225703 -0.0120635439799277
0.0641956074308286 -0.155584103322429 -0.0366525703367472 0.0305598600589488
-0.0518388924181067 -0.138256656540233 -0.0148177945859602 0.0304360101822844
-0.145980212774695 -0.124166275661905 -0.005673421044587 0.0123062722905313
-0.156722717277703 -0.131139623826552 -0.0273078470109424 -0.0166933007419426
-0.133655200084985 -0.138985415883747 -0.0115684055547239 -0.0357791238631598
-0.0540774545619675 -0.172737780325575 -0.0122814880846785 -0.0344203142854343
0.0689366801272189 -0.183584743009183 0.00594274356441609 -0.0528863037183127
0.241684324124056 -0.0683767409489167 0.037427973898387 -0.0497007276147377
0.186552967801952 0.143400131591072 0.0406634426947538 -0.00445799960278847
-0.0345557983498343 0.229011042408798 0.0881761457484818 0.0417053493537656
-0.211942950873217 0.183152817114368 0.110930494568856 0.034883664761633
-0.138117013173229 0.117181077797341 0.0275750055509512 -0.0785901708188646
-0.0576037940891177 0.142828546541838 0.0181556931582627 -0.0620909461049956
0.0975202043858113 0.13250799365352 -0.0082611478223289 -0.0591932363483479
0.183584672164401 -0.00809763761683071 -0.0360661491867868 -0.047186254772291
0.0893707109383372 -0.120937603746062 -0.0248994343569674 -0.0277570801495083
-0.020869671974974 -0.121454876586399 -0.0397596136128138 -0.0317348348304317
-0.119637491198827 -0.114880749130629 -0.0577791971589665 -0.038880027223376
-0.142067999214313 -0.121744081903679 -0.0836601737508509 -0.0641115228232006
-0.123440120403793 -0.123844020346344 -0.0623285169409023 -0.0886666822290369
-0.0654866914160679 -0.14696808236551 -0.0462745891869365 -0.0845901536953841
0.0372672365828281 -0.169448478417036 -0.0126224858760068 -0.104604275915712
0.204463202978709 -0.0862354827011012 0.0397914302706571 -0.0999680975792709
0.184165242489346 0.108894776742834 0.0621587883911737 -0.048657977706925
-0.00389854670185835 0.209025277188963 0.136427240905967 -0.00998007996778369
-0.185820059150501 0.18312393762036 0.209919620604413 -0.0197617816881701
-0.114176853097384 0.0702055748902188 0.0824706212898617 -0.0822913257454558
-0.0844210832034664 0.101505909005511 0.0434711961173225 -0.0574085932278363
0.042412849411529 0.12990667476326 0.0309322040454119 -0.0376505792678531
0.140948546731947 0.0336787313527709 0.0175100390642232 -0.0516210830896229
0.0927150042196744 -0.0703355280883385 0.00663865786730921 -0.0691337648747861
0.00851576552787507 -0.0843307085287591 -0.0445092029727166 -0.0871860958792378
-0.074574632912177 -0.0854811912409877 -0.0961755947461997 -0.0861425160424665
-0.103520241869943 -0.0926272346428726 -0.129911684717141 -0.100880919196734
-0.0915752255773709 -0.0932443429507447 -0.107176290408542 -0.126083476739143
-0.0583888470410505 -0.10113684644666 -0.077743868310166 -0.120592307665741
0.00869526934870516 -0.124947039062269 -0.0354653858118921 -0.140189859334261
0.135978124708124 -0.081161886410997 0.0318741979355059 -0.135393755269105
0.144103115276526 0.0576370357520629 0.0705470803857464 -0.0818360252508581
0.021621669199726 0.144822177652294 0.155715956746038 -0.0570649753869174
-0.125216490522742 0.144597207861619 0.270075034885661 -0.0767986795586811
0.00410331223205814 -0.0747750924606827 -0.23096890436859 0.134440902641146
-0.0373554520249337 -0.0476393993297686 -0.131739571300027 0.12571300989577
-0.0681719874187619 -0.00998269404667025 -0.0718534668636664 0.0926922643862178
-0.0500326275706081 0.0494554865324465 -0.0423726899079241 0.124152462313039
0.00594690516901008 0.057803710967416 0.0203337255193664 0.16182711659934
0.0348771916000415 0.0344428349627459 0.10192402031419 0.157344269239275
0.0552887034574551 0.0352312262540985 0.155599853120511 0.12968998865291
0.0444151029711622 0.0487634460839496 0.159388508212493 0.120259527284028
0.014100456740893 0.0532020103293938 0.10885020584515 0.140154419136917
-0.0168889056997817 0.0475470235433555 0.045228174684267 0.126132994314795
-0.0514463391498226 0.0278358715130606 -0.0271503001691647 0.113340113487408
-0.0681316564868957 -0.036390484803685 -0.0740975475382664 0.0629406327753201
-0.0089490494118185 -0.079326395037852 -0.0677832372625295 -0.00587074137113127
0.0736575798895716 -0.053567568680341 -0.0618740398248524 -0.00043818522940562
0.108066678702557 -0.0354364808393617 -0.15678525794874 0.0691617793804714
-0.0605777026707602 0.0111970340005033 -0.219477054660625 0.126993920337721
-0.0234303304685122 0.0499642545303372 -0.120525298642795 0.110146294965462
0.0213865082202768 0.0265656699204814 -0.0924013877337365 0.0860641553122461
0.0297053056384521 -0.00390233119899126 -0.0570022513615332 0.139976097782193
0.00997848094688344 -0.0172123106328948 0.0335393194174235 0.178370998614381
-0.00266141072741131 -0.0201212753111797 0.118340291631197 0.167327623702304
-0.0102666830837988 -0.00876024662591932 0.167218371228822 0.13612298112465
-0.0194872149528576 0.00150464535003093 0.155780908311123 0.125574523367428
-0.0323897446941625 -0.00476316114350205 0.107655911020517 0.147132365639221
-0.0178639942892901 -0.0203206072278118 0.0369142386225493 0.136780724888219
-0.00573861426124591 -0.0253997132673998 -0.0423014722696619 0.116972709472113
0.0149483928166349 -0.033073579052096 -0.0880010588912618 0.0559816491965356
0.0333538974136975 -0.0256021385402067 -0.0831338064041571 -0.00583562466014553
0.0485136629647472 0.000362963723029797 -0.0684261015116864 0.00876466453571687
0.0386732549080507 0.0151399559323621 -0.169635152152377 0.0737568081162227
-0.108903627485265 0.0892882733011558 -0.18220117997057 0.0898964998779683
-0.000879515610499159 0.128978015523781 -0.0999030571504725 0.065737177523559
0.105368799481617 0.0517323409714108 -0.11293265916868 0.0581505937718313
0.0991448244409693 -0.0588073704116821 -0.0803189064318406 0.133727295451239
0.0072806687327182 -0.0882964334630046 0.0270232626012355 0.175040565130026
-0.0422058244208541 -0.0686928858930545 0.108988634757078 0.158843633515368
-0.0744932809308454 -0.0498040463143465 0.150231471020282 0.124558261668571
-0.0789835146598457 -0.0462090528122403 0.130099316789487 0.110395841597687
-0.0729542925389295 -0.0608478987063032 0.0955516715876197 0.126047167962588
-0.0173618837468168 -0.0869183375690761 0.0324445814326787 0.120109196511577
0.0411250836954688 -0.0790194721121779 -0.0328590032285707 0.101347781940315
0.100687037306526 -0.0259474119255873 -0.0696824674606547 0.0525923529738256
0.0728310124327551 0.0384224066950943 -0.0775458589759618 0.0158699537222985
0.00994962685058923 0.0634986640080292 -0.0652698209496025 0.0366540644468015
-0.0473111196153229 0.0646043973646825 -0.150030632746332 0.0797182329865703
-0.138175221977499 0.144555989029819 -0.133486110753738 0.0380774799257856
0.0130920410945347 0.177167366786616 -0.0750317823448202 0.0150917510832206
0.160534765382112 0.0704761445495646 -0.117323609850665 0.0178416497395669
0.153295594304121 -0.0940863412484532 -0.0997920746713833 0.0998078159286948
0.0134157213502732 -0.141626048413854 0.00449398090439749 0.146383802947068
-0.069150517203349 -0.108470628087326 0.0753325267560059 0.132057784594489
-0.12517951074151 -0.0860220589188665 0.109658660545475 0.0982727400236247
-0.126507460875419 -0.0885925559287957 0.086959049316293 0.0775480578172842
-0.106902631651565 -0.106100097584121 0.0717078303292775 0.0819198027029747
-0.0237698711727909 -0.141756710281886 0.0272640024572442 0.0792755457880523
0.0749910454733603 -0.131165656032133 -0.00928970659841348 0.0652365863090252
0.180885001279711 -0.0295117804283528 -0.0302830913195877 0.038952134158793
0.117430046948724 0.10018729051487 -0.0473847169727484 0.0353142125652659
-0.0269292677852038 0.136142986859243 -0.034576365875073 0.065200974866761
-0.131929959073938 0.114074934329388 -0.0917093661351075 0.0821930045498318
-0.148650829832311 0.169064251058942 -0.0829599733897094 -0.016422866583912
0.0105608051642836 0.191464195157957 -0.0469667736360932 -0.0282970215957841
0.176227994125543 0.0879701003979512 -0.0974164544905309 -0.0253739053419588
0.185127756466097 -0.0989321857942067 -0.101879585286723 0.0460046372834225
0.0295280973975978 -0.167537615073663 -0.0216794206264924 0.0943604449108964
-0.0751331728115251 -0.132682570189557 0.0289565706708582 0.0877338770513669
-0.152780546978116 -0.110976288657353 0.0536552160276156 0.0597846628668146
-0.156126059373602 -0.116337945722272 0.0320459360799008 0.0334509027344735
-0.13112042661553 -0.132046743219062 0.0347496831117662 0.0245506214958925
-0.041409968376021 -0.17286743604331 0.0127061766103024 0.0247770032635156
0.0825691691981249 -0.173244917476456 0.00571864610121639 0.00934739930788426
0.234261701556127 -0.0491829726675398 0.0107436415532632 0.0020527339897623
0.163731909766729 0.139439946200752 -0.000722283367571903 0.0285130566968171
-0.041778860780903 0.201084729481112 0.0235652872710985 0.0697708840206747
-0.191811953657332 0.161025275247433 0.00284928983502863 0.0686399037506211
-0.148472567282239 0.157807417758934 -0.0285925612855838 -0.0571632111661675
-0.0178072049351189 0.177250383049806 -0.0141265669627167 -0.0567206451831336
0.151313401999826 0.112897163828038 -0.0587361979632091 -0.0561890175469372
0.198737121174003 -0.0637261787683285 -0.0824749164544446 -0.010260761552007
0.0621920948453325 -0.159475756302036 -0.0365623708788257 0.0321889495959949
-0.0551280235136819 -0.139359278240759 -0.0140023874160924 0.030937681270651
-0.150030656487189 -0.122722203484514 -0.00537313345074737 0.0127607010856407
-0.161689532965995 -0.129039160004717 -0.0278755156687668 -0.016067064334424
-0.138213135707229 -0.137917062453571 -0.0124088345154383 -0.0363821276581587
-0.0581931967186283 -0.173579372241502 -0.0130162667111917 -0.0348426146380077
0.0658256557167446 -0.188073990766239 0.00482784732270327 -0.0535601253831265
0.243317998077554 -0.0738860411564668 0.0374528996951828 -0.0509247613862594
0.192343502954753 0.141410685385331 0.0410511901214417 -0.00492221392860775
-0.0305492353877807 0.233194583650221 0.0898966963688195 0.0397907379979633
-0.211141263140895 0.190467805189167 0.113151129059517 0.0321655986332995
-0.137329636176798 0.12191009306534 0.0262188582663378 -0.0801251028459248
-0.0556090995505738 0.145979521615813 0.0167791208664048 -0.0633201976996586
0.102205738233474 0.13242818672402 -0.0099647003906345 -0.0596006947938557
0.1857597166791 -0.0129722072612369 -0.0373735566033472 -0.0458792161495163
0.0882089775204888 -0.124794645414779 -0.025303095354404 -0.0273165144893801
-0.0228668605187952 -0.122796232204415 -0.0402556910042621 -0.0311128196286566
-0.122974163678817 -0.113364343978172 -0.0592125545907049 -0.0382093732486396
-0.146667296571499 -0.119756214872694 -0.0864811822163264 -0.0631889236676553
-0.127637241674415 -0.122836086848926 -0.0649910151505918 -0.0890830606692853
-0.0692786521164123 -0.14692429633556 -0.0483517062176799 -0.0845638183018241
0.0335809610286966 -0.172635194418677 -0.0146371250647989 -0.10546958174835
0.205016389137969 -0.0919585491940779 0.0383709546527858 -0.101805550423442
0.188349731613408 0.105809269625629 0.0623213918705555 -0.0497630283922531
-0.000197458965593803 0.212516925295302 0.137909687458014 -0.012763251462969
-0.184434321891824 0.189605440720338 0.212280412760331 -0.0253861433371293
-0.114140351080112 0.0734229255153964 0.0816294586412911 -0.085269066617623
-0.0835340703137356 0.104784344789093 0.0430349921996465 -0.0584780805242078
0.0462587225234018 0.130824828611189 0.0303009721545046 -0.0380366894397132
0.144100463358008 0.0304890062543594 0.0169272473422152 -0.0518060576484743
0.0928713948481528 -0.0740925770087155 0.00590953994564524 -0.0697385844162152
0.00737749581668805 -0.0859919986393862 -0.046249918386816 -0.0872230379610522
-0.0771176509178045 -0.0846312606945292 -0.0988682743042124 -0.0846632188293295
-0.107151383801279 -0.0911825205330134 -0.133175788814677 -0.0997409989824572
-0.0945711020391264 -0.0925591299081357 -0.1123509024227 -0.125558666366587
-0.0609564398334555 -0.100901224752299 -0.0813450953913291 -0.120420194044534
0.00599314704898761 -0.126660018424762 -0.0386775844885072 -0.141022181190197
0.136147556531642 -0.0854328232785354 0.0288147076958381 -0.137161811098049
0.147180925840608 0.0552881883701717 0.0703415138607937 -0.0842538619718754
0.0248746600460301 0.146256471582897 0.156948517008591 -0.0612165817276524
-0.124089874365528 0.149886134466286 0.271621421992599 -0.0848237318697805
0.00307193025463619 -0.075589055603799 -0.230746320184303 0.142501503646928
-0.0387662443720569 -0.0472871934980395 -0.130642229262596 0.129420867612229
-0.0698909095703886 -0.00927388191026625 -0.0706303810935189 0.0947261508153085
-0.0498381171268607 0.0513999556513397 -0.0394811082510644 0.125839945140892
0.00762820097857161 0.0589045543813048 0.0242369680173771 0.162571207637035
0.0359155776276022 0.0339617025374245 0.106803644175933 0.156409251952301
0.0562994700098881 0.0340519275007552 0.16022291232502 0.126739850860261
0.0463121284749512 0.0483171544777404 0.16478133819881 0.117875747475247
0.0154501988179727 0.0535105230032793 0.113189270664195 0.138947828954177
-0.015298493546707 0.0480932825503208 0.0480347961638907 0.126439611281488
-0.0513171139809409 0.0298658111330784 -0.0255721622890301 0.115462519105157
-0.0696300467465614 -0.0352978563302218 -0.0737811275328386 0.0654245991839129
-0.0109828677803038 -0.0795772745947877 -0.0683461793536497 -0.00527195699520322
0.0732071749158688 -0.0561453072608865 -0.0624501529801173 0.00046244428860979
0.108267471727455 -0.0384465803553942 -0.15647204285526 0.0743453528017204
-0.0609889447107192 0.0131610590413671 -0.219763519324847 0.133946505396198
-0.0226991786790791 0.050573093666997 -0.119417994786957 0.11436796932934
0.022554901830274 0.026088223007174 -0.0915339462687289 0.0882810730232701
0.0301685381527945 -0.00441313708784981 -0.0545612604191241 0.143056488695953
0.00912240553217238 -0.0174806191063215 0.0376729675238026 0.178808750835185
-0.00300702552310826 -0.0200875073120916 0.1241304309243 0.165739073980398
-0.0103090155858725 -0.00906892933887708 0.171670537925663 0.132615599623409
-0.019429539094609 0.00134089703669085 0.160608802374486 0.123415649403643
-0.032541847521333 -0.00424398825697635 0.11238479428254 0.145599908096498
-0.0187375801572421 -0.0208095018357384 0.0395800233551898 0.137085324351153
-0.00663289519592226 -0.02540366442591 -0.0400537479581215 0.118385394688843
0.0143345653609005 -0.0331519770853606 -0.0880310984390837 0.0582256835549666
0.0325972875320529 -0.0263985147035072 -0.0844211298874715 -0.00485166215732848
0.0493800780974131 -0.000407054286522851 -0.0687976804011032 0.00951730873549246
0.0390478481671551 0.0143210776288395 -0.169386013761648 0.0784104643000103
-0.107714201881801 0.0932775387016042 -0.18224325953817 0.095454664404563
0.00263821638997598 0.130819883682804 -0.0993475513673392 0.0687912608913932
0.107603387944989 0.0489403824229039 -0.112892148164354 0.0615373705732218
0.0989492647683034 -0.0622598121268837 -0.0780440314331713 0.136822636641317
0.00533595863419073 -0.0893142610335861 0.0312922072739252 0.176508276529122
-0.0438131735482999 -0.0686407299323282 0.113801342399881 0.157535643010034
-0.0766874463762081 -0.0490382100502645 0.15424926200677 0.121751536661896
-0.0808566041281474 -0.0450334355016624 0.133661557260122 0.108588623387806
-0.0749517755529299 -0.0597854964588169 0.0995192193584468 0.12509362579536
-0.0191675599501177 -0.0875072420586837 0.0351171749749188 0.120100743455792
0.0399219769632148 -0.0802193875134924 -0.0312370287832572 0.103224580209638
0.101286301494718 -0.0281074532517252 -0.0690906575240937 0.0544214521452548
0.0743192063124456 0.0375523553937394 -0.0778267144894995 0.0175095489870288
0.0112148010138455 0.0640426000876041 -0.0648449271540895 0.0381942681405367
-0.0461932357320093 0.0664068527308632 -0.149762694499045 0.0839761048390047
-0.13620294704409 0.150121442903797 -0.134222144427063 0.0417255385562422
0.0172449846290666 0.178641748228528 -0.0753707998056691 0.0168704929787478
0.164147180095211 0.0676465520840236 -0.118057498080342 0.020301091166128
0.152597953265678 -0.0985988746802894 -0.0987376721023864 0.103004684419808
0.0100411981270231 -0.143584783389898 0.00725130150661415 0.147753014859998
-0.0725176535409129 -0.107929916535817 0.0793560603812518 0.131658378026453
-0.12780455311849 -0.0839396175430485 0.112855152009095 0.0966252852191457
-0.129763894972285 -0.0862401732159797 0.0895318633923861 0.0762724445257756
-0.11033152054503 -0.104996618875107 0.0741350826456485 0.0810526288265649
-0.0271559571185018 -0.142986050462214 0.0298416197789868 0.079720416703524
0.0733715693775393 -0.134067861615178 -0.00794455248933913 0.0656930986270061
0.182018839045084 -0.0336196033857215 -0.0302151710995833 0.0401103322442612
0.120577804158528 0.0989968956540847 -0.0471984501455532 0.0369877602892473
-0.0247757230077618 0.138264521157826 -0.0338942049603276 0.0666661638892015
-0.130655300301922 0.118783137529166 -0.0908635249531592 0.0848670128086491
-0.146205926123514 0.174600844959146 -0.0847387989943429 -0.014342279350179
0.014990802602842 0.193349815195203 -0.0483449833980946 -0.0279094434718708
0.180713582504391 0.0845515392855258 -0.0993791576810105 -0.0231255022399107
0.185453997543058 -0.10470060796185 -0.102308064009754 0.0494404803708002
0.0260608282163915 -0.170743863353938 -0.0196740054153463 0.0957376181319398
-0.0787969053994248 -0.132431414228109 0.0320331378795118 0.0880113082290643
-0.156401668564982 -0.108734365648303 0.05596718697104 0.0592241125641566
-0.160258996753165 -0.114234077375334 0.03292914782471 0.0332117274560188
-0.135767211671735 -0.131025264713857 0.0352501220074938 0.0242518518922611
-0.0452975785446578 -0.173522220731914 0.0138184867139547 0.0245898734484067
0.0793072582630458 -0.176809195415816 0.00628026219001018 0.00927449166354324
0.235732374537206 -0.0552060612325824 0.011255855696604 0.00197991651871965
0.168439204837434 0.137383798198424 -0.000311125989909239 0.0294085470687787
-0.038246161479856 0.203929527105128 0.0245439120375565 0.0695245133033122
-0.19024668649332 0.167652519983652 0.00459784626809255 0.0689734671567905
-0.146489521249476 0.163128335500255 -0.0303640706875495 -0.0570533335808412
-0.0142661399277164 0.17957751930159 -0.0158431119372167 -0.0566260263788881
0.156462072174473 0.110343559347254 -0.0610530353661476 -0.0551825002505006
0.199868619281384 -0.0694070797485999 -0.0831447096771877 -0.00819390585891177
0.0590301502006434 -0.163065697866211 -0.0357252813111467 0.033951125184475
-0.0580398881058216 -0.139605412928144 -0.0132964335254918 0.0318892729362607
-0.154091049619733 -0.120378200632486 -0.00510196530400241 0.0127042990893253
-0.166053126804645 -0.126913445119575 -0.0288881473019571 -0.0159961647758134
-0.14224995740875 -0.136381637463044 -0.0138792751704996 -0.0365746649919696
-0.062867131859829 -0.174151983365466 -0.0141462478255048 -0.0347803021408011
0.0626429289624109 -0.191000937498467 0.00410882237194797 -0.0541397913103861
0.243778883844481 -0.0814011306097897 0.0365171471900563 -0.0514264161031065
0.197562221516766 0.138762720833359 0.0413982343801718 -0.00535203401150106
-0.0254104077417079 0.236226084221086 0.0915949887782858 0.0384679324145664
-0.208800599197674 0.197626548641721 0.114936735676685 0.0290556368559952
-0.136115944684921 0.126501582031804 0.0244124398867804 -0.081970819062885
-0.052844425906943 0.149100462367368 0.0149531397743941 -0.0640556515532169
0.106642459237653 0.131546762640713 -0.0118316603115333 -0.0593396965402802
0.188299492716676 -0.0176216655277847 -0.0386731846763744 -0.0447582881446525
0.0868843636840075 -0.128852092323312 -0.0257849270859709 -0.0267620739476409
-0.0252220575196537 -0.123477738565739 -0.0403078659913925 -0.0303762409211705
-0.126631799371982 -0.112001583739562 -0.0605335927947868 -0.0367180767179706
-0.150971387553169 -0.117566825282499 -0.0887730206693849 -0.0612639804600998
-0.131511431651046 -0.121323753088246 -0.0682397978862185 -0.0882519146354252
-0.0734639666451813 -0.146747057581663 -0.0503760044293337 -0.0842788659613635
0.0299023724994191 -0.175312831805324 -0.0171827514831103 -0.106113972331312
0.205133320739427 -0.0980337691162219 0.0365315731212481 -0.102947789900666
0.193463410623291 0.102761753741051 0.0615240908368415 -0.0510319417390366
0.0044562919223384 0.214943769944117 0.139354186769776 -0.0167300820109817
-0.18177692058168 0.196180348336387 0.212774838662306 -0.0314925363715754
-0.1134912743332 0.0769518247351302 0.0804401327189015 -0.088227336319602
-0.0820019075615841 0.107928869267706 0.0415227678199583 -0.0601324208597962
0.0501921222760521 0.131344144158564 0.0295729511825551 -0.0382850905421917
0.146981718265755 0.0269770122001143 0.0162508095181247 -0.0518475426462204
0.0920624245572278 -0.077307391766173 0.00476342998767252 -0.0704705899353833
0.00581883559956132 -0.0872148541145865 -0.0480220436378136 -0.0868779857108531
-0.079548684975946 -0.083214921124786 -0.101466281864158 -0.0833496022583803
-0.11042587601442 -0.0893319328690818 -0.136851240102208 -0.0976940806164261
-0.0976799799105863 -0.0913016573456862 -0.116687280656021 -0.124695946801095
-0.0640946032874675 -0.100521987909326 -0.084154045910706 -0.1196432575755
0.00332266941786966 -0.128109923772065 -0.0422230584169047 -0.14159392874503
0.135418024119351 -0.0896306262304657 0.0261306370687663 -0.139106441664574
0.150275724445621 0.0525184772072498 0.0687774546768719 -0.0860141747682021
0.0283442048238814 0.147412733001205 0.157152573647471 -0.0655523443424647
-0.121711503130249 0.154210011531622 0.272514555661933 -0.0928923630882746
0.00147528036834261 -0.0764224852769942 -0.229059680913558 0.149569468279511
-0.040231347530649 -0.0473922010748912 -0.129097608163504 0.134261762531272
-0.0704388870381239 -0.00712502310200555 -0.0688568974523323 0.0973313463672023
-0.049006076498698 0.0526338609678809 -0.0369934473295669 0.127322974097418
0.00871626168561132 0.059176599467405 0.0284008547184053 0.163058472269527
0.0365870481625648 0.0333272356504844 0.111117106141372 0.154935113219931
0.0579279620206492 0.0326724804424065 0.164056620050653 0.123530579808394
0.0477095855299077 0.0474832323224472 0.168410286016606 0.114745071134044
0.0167197486562022 0.0531327852001691 0.116692410294001 0.137209956671255
-0.0143247398130475 0.0484278097805931 0.0506751090498567 0.126479981514117
-0.0507706583360745 0.0315808444699403 -0.0239734265960025 0.116249344802713
-0.0714712338197772 -0.0326108517317076 -0.0725472785904543 0.0668187057086185
-0.013382681609936 -0.0794227447386594 -0.06942770897039 -0.00448462543968507
0.0725276972451344 -0.0580165056848027 -0.0626059943434061 0.00163949658699969
0.108342981099739 -0.0421022220563593 -0.156003456686147 0.0790856382137048
-0.0608584310525171 0.015169095375895 -0.218107508576616 0.141203599075467
-0.0211598372366138 0.0513181234576513 -0.117204101885973 0.118455643010207
0.0234432805558887 0.0252977786962367 -0.0906012534975224 0.0912206711543618
0.0300794503877074 -0.00563839209436319 -0.0516806507917497 0.145096270628783
0.00844967445525913 -0.0178908324533807 0.0423321880861823 0.180211598408065
-0.00375122796020064 -0.0204575309930764 0.128403702632242 0.164153248904758
-0.0102019839665909 -0.00900366628687735 0.175422147243696 0.129263722540133
-0.0195712430078594 0.00248310685401084 0.165000788667154 0.120488837327793
-0.0323946577042081 -0.00346131465646098 0.116239667800907 0.144492956158672
-0.0190748017537864 -0.0205129596459427 0.0425819336476969 0.137593150763807
-0.00658934753372719 -0.0251356844760306 -0.0386095151384834 0.120729597137149
0.0137096875419219 -0.0334028694686439 -0.0872017458351839 0.0603680620982675
0.0322424558826752 -0.0264825725252652 -0.0854232013910676 -0.00310394542631399
0.04909289891918 -0.00165310549077959 -0.0690978424903466 0.0112830513189395
0.0399116050831332 0.0134654166204455 -0.169416243647417 0.0834594810293559
-0.106066267109502 0.0971522054305472 -0.182120605512538 0.100526762162445
0.00606851983785633 0.131634031223279 -0.0982309772256736 0.0722140739950032
0.109518457142313 0.0466845618001648 -0.112322082671644 0.0643991140924914
0.0983733360219088 -0.0653837839710558 -0.0758693068969989 0.139508932775943
0.00262315704692832 -0.0903204029910227 0.035903421304364 0.177522171106175
-0.046539769444226 -0.0683960326830386 0.118583950844659 0.156216689030697
-0.0783305963778992 -0.0479195565928935 0.158432268451111 0.119052715046905
-0.0825098766422982 -0.0431864471398698 0.137569019066394 0.106036469947282
-0.0762254091934311 -0.0584744933295726 0.102698973300088 0.123960679972462
-0.0206226963637826 -0.0877830462200728 0.0376230816131545 0.120201840960959
0.0385311666352838 -0.0814620588603765 -0.0291887428187491 0.104607504139089
0.101436482596551 -0.0303973517256259 -0.0684038093787317 0.056405408925262
0.0755128772614043 0.0365470929017451 -0.078144506228655 0.0193925902728257
0.0123689838852923 0.0644520199259172 -0.0643973182253036 0.0400225358352353
-0.0449496403857978 0.0682499008177897 -0.149145232019133 0.0882027260999236
-0.133091171689628 0.154902203869617 -0.135038849197913 0.045495019347132
0.0221300799395085 0.180249194073666 -0.0756476031267646 0.0185702684878283
0.167924160063195 0.0641313987496408 -0.118649935573019 0.0232131114905231
0.151395267666321 -0.103933017955599 -0.0974539857477365 0.106267967866878
0.00656596798485973 -0.14538416875229 0.0110824337164672 0.149030496222945
-0.0752492548133289 -0.107268853001596 0.0830712673445903 0.130312857485588
-0.131048931009871 -0.0819357082246709 0.116311439173419 0.0945957346275222
-0.132668168564035 -0.0838794098339367 0.0920487924163247 0.0749630113093334
-0.113029667366541 -0.103263478672952 0.0766549535609548 0.0799154407063639
-0.0300265680365946 -0.143174058923296 0.0315138862992628 0.079306268890453
0.0708565578760226 -0.136745221200863 -0.00684814697818684 0.0667895473883829
0.182756265688014 -0.038310721349621 -0.0294593935662308 0.0414026664954789
0.123687993358827 0.0973705578500787 -0.0467580867747871 0.0384676514418616
-0.0220707738752575 0.139948837619737 -0.0327474959294292 0.0680171570836571
-0.1283853739342 0.123073336068627 -0.0896724748572221 0.0879993839625209
-0.142796151454447 0.179771014925144 -0.0864901237580214 -0.0123665412765055
0.0193793690962841 0.194989077492979 -0.0493388094936209 -0.0268548266213578
0.184653119945108 0.0806786548489059 -0.10108131419848 -0.020877881667377
0.184869528102256 -0.110341050384878 -0.102273099243999 0.0519309863566385
0.0224662291150621 -0.172695176712943 -0.017821698615666 0.0973135327426938
-0.0820435047140009 -0.132234915713594 0.034394813945318 0.0879969516076851
-0.160113115310732 -0.105918994660879 0.0578423319485338 0.0582134583593089
-0.164441710233586 -0.110718805949356 0.0340948487270822 0.0328377819709363
-0.139218949779355 -0.128825177100003 0.0358519026326619 0.023270848848322
-0.0495373492216703 -0.173851943137519 0.0143473352704572 0.0244649042375915
0.0761012947407136 -0.18010071094084 0.00629511296443371 0.00939539254398275
0.236231550255979 -0.0616216047125793 0.0110743574393657 0.00210458119263335
0.172812129168798 0.135064110831006 0.000183468950997776 0.0299647089344381
-0.0338062019425522 0.206323464777925 0.0266644155287739 0.0696214707888871
-0.186777330404766 0.173233343203714 0.00574886928838748 0.0688895006747713
-0.143592983992221 0.168061471245033 -0.0326381580995455 -0.0567969947148975
-0.0102666316033017 0.181672404417493 -0.0171999920296542 -0.0561374429995418
0.160474061338826 0.107845797800716 -0.0627819623937637 -0.0540306196023256
0.200097067616346 -0.0752168942486113 -0.0844494108744491 -0.00563532453284419
0.0561194791554597 -0.165792325051804 -0.034926261162497 0.0351043058089651
-0.061626246664991 -0.139643947418482 -0.0118293056781216 0.0322773157288754
-0.157890041168514 -0.117863184335534 -0.00436105607534623 0.0129187700695694
-0.171056055978773 -0.123340638136842 -0.0292607970209522 -0.0152317986723026
-0.14600086842041 -0.133942298126984 -0.0146222988557686 -0.0371753386933099
-0.066710607433679 -0.174011221089405 -0.0145190085258155 -0.0349219459975545
0.0587709713365696 -0.194300052797646 0.00238577269524848 -0.0546129469278149
0.24391423506936 -0.0878067513597546 0.0357037553056326 -0.0523565770686409
0.20213252877766 0.135412460989769 0.0411203755440063 -0.00608190705521723
-0.0209122061772322 0.238570436632558 0.0929584518540493 0.0367930458320654
-0.205708040403342 0.204800750991468 0.115926491600169 0.0259257953186183
-0.133954462151553 0.130590219864754 0.0222630852361442 -0.0831925936519972
-0.0499618469982713 0.151818524421306 0.013466017514464 -0.0646402433158226
0.111484877658915 0.129901971369018 -0.0131862096450828 -0.0594106008631054
0.189640411333325 -0.0226336149398155 -0.0397615941010083 -0.0436910892762919
0.0848010594268395 -0.132000183683932 -0.0263619611152273 -0.026244672752908
-0.0282206099265802 -0.12431572232512 -0.0411056201588464 -0.0295184794389863
-0.129855888151766 -0.109330300020108 -0.0616255948658221 -0.0361589953886414
-0.155201971066497 -0.114041847560609 -0.0905530495713935 -0.0598308909992277
-0.135421725743642 -0.119460075187 -0.0709283301248212 -0.087667002798297
-0.0771189801836869 -0.146256647685327 -0.0529103125672508 -0.0835398288137196
0.0264725167868637 -0.177137401104493 -0.0198193461827261 -0.106733710822388
0.204407128353295 -0.103702434248556 0.0338833987059846 -0.104259215977873
0.197182088969118 0.0988375941505523 0.0610723052573331 -0.0523593823564293
0.00940202202677657 0.216647677189621 0.140318193024541 -0.0198965930213944
-0.178199053826331 0.202219510520345 0.213999558909843 -0.0375281905983748
-0.112889062391997 0.0803344521361994 0.0784970316401759 -0.090908416210908
-0.0802359892224067 0.111298013487696 0.0400626318683702 -0.0616177958543987
0.0538386443816093 0.131376138395677 0.0287526669459256 -0.0387418722728245
0.149017438410163 0.0232746623902484 0.0155891964855724 -0.0517245268255628
0.0910740575013897 -0.0802668257376308 0.00384868778894332 -0.070374154050328
0.00430350080436821 -0.0882504127385958 -0.0495421420122324 -0.0863081706592898
-0.0818496458834971 -0.0823256543992762 -0.104034170006424 -0.0811921008163473
-0.113437187390232 -0.0871325782892432 -0.14054790739213 -0.0950548661703315
-0.100697250782745 -0.0894187511881141 -0.120115834175038 -0.122710297671128
-0.0665772597091906 -0.0995926825832222 -0.0876342016462991 -0.118765296965194
0.000314703777962002 -0.129390797236414 -0.0457451581736084 -0.141688575000444
0.134196574575616 -0.0940366628906452 0.0231957096612391 -0.139766409551468
0.152601361487792 0.0496685195594645 0.0675567576888368 -0.0883158483344308
0.0318426192809112 0.147821615191528 0.156768169973897 -0.0700695676956884
-0.119101357608931 0.158184388018227 0.272227740430182 -0.100803551158738
-0.000485536123871021 -0.076472043154159 -0.227226588063224 0.156448558333141
-0.0410883596768196 -0.046527113890158 -0.126073396329268 0.13789264646797
-0.0716986889783574 -0.00580466265832653 -0.0670321605411661 0.0993737345619318
-0.0485237254922325 0.0543395652376032 -0.0342405055327377 0.12828136735696
0.00996149264814931 0.0590413891829821 0.031647653447784 0.163604284840056
0.037029758521189 0.0331136081500616 0.115307043790322 0.1533247027874
0.0586874360263276 0.0311835044043063 0.167348146157409 0.119956090264728
0.0494998790310835 0.0460229384734981 0.171650937946384 0.110695139046191
0.01824953627822 0.0533684353582767 0.121008644200198 0.135459972082892
-0.0131665463832311 0.0492870323571915 0.0536382370556288 0.125801284246744
-0.0498433186240472 0.0328433151991334 -0.0215388253413967 0.117170421530197
-0.0725480895065822 -0.0310375419459514 -0.0720955343204833 0.0676735054345588
-0.0157533607861653 -0.0791893502988724 -0.0703211805627736 -0.00353778752122243
0.0713869038265083 -0.0604015796951074 -0.0630446698771453 0.00301737155727737
0.107711930615395 -0.0442488099223633 -0.154722944239752 0.0830519550311404
-0.060224714732479 0.0173339451413689 -0.215877302940601 0.147340170702086
-0.0202327016159402 0.0524715956965123 -0.114930640811101 0.121634884829793
0.0238474881243891 0.0247783012077327 -0.0884922107880912 0.0943777155920419
0.0298548390652988 -0.00630239531734309 -0.0485001326947933 0.14670792109496
0.00857383215336376 -0.0180629649268876 0.0468804678810197 0.179912414980751
-0.00457199634803756 -0.0204095087922543 0.132901599724358 0.161730456839576
-0.0107261787934362 -0.00853357706528846 0.17991482955502 0.125519785822276
-0.018932244123819 0.00260551889913884 0.168685089585887 0.117009880413895
-0.0328246195319276 -0.00213942896151078 0.120253751867909 0.141664022986613
-0.0186937806202045 -0.020533848043129 0.04593666850769 0.136246524314656
-0.00741825084576249 -0.0242564470669341 -0.0358158701811727 0.122087723385914
0.0126932536146711 -0.0333974483340816 -0.0862662937547805 0.0621644515530124
0.0314192730700038 -0.0271737721206349 -0.0856857561387239 -0.00165985320388817
0.0491215964480173 -0.00284783908200782 -0.0688290243627198 0.0127641797989137
0.0408271990284264 0.0127325685650368 -0.167161391129769 0.0882560176917594
-0.104331309158778 0.100141106456262 -0.181017967284976 0.106345253085491
0.00889186956974827 0.13184507863877 -0.0974382902792587 0.0745974227432411
0.111516212835394 0.0439051513411894 -0.111473066668347 0.0675143874875564
0.0972552572359594 -0.0683530223327847 -0.0730518740796527 0.142221825538293
0.000549729007003237 -0.0908688157417068 0.0401849648676557 0.177298611860542
-0.0481903066183946 -0.0678209958616693 0.123491841376133 0.153757588076921
-0.0797778294875712 -0.0461413146882874 0.162371835033922 0.115384207279518
-0.0835280672859518 -0.0416938831263333 0.140403107736499 0.103249365395801
-0.0779420418901962 -0.0572046295674817 0.106244879418787 0.121717876347066
-0.02263805747718 -0.0877681939392296 0.0408572430837941 0.119967601572342
0.0372528007925529 -0.0825124645414075 -0.0269687126626627 0.105524339633764
0.101308369024481 -0.0327925937018026 -0.0678425072668409 0.0583339493840769
0.0765266081961754 0.0353786004275495 -0.0780898137952079 0.020781743035367
0.0138441825645632 0.0644255060007324 -0.0640454376369513 0.0414084603759614
-0.043031115636973 0.0698324288678259 -0.147517412953003 0.0925063353616792
-0.129843007165982 0.159174958323213 -0.13491185604882 0.0490814092356139
0.0265991003437607 0.181131056187401 -0.0757476386967937 0.0206461215147317
0.170138597528108 0.0594105992940465 -0.119083819740185 0.0260824679951029
0.149882278588752 -0.108677804056757 -0.0953760092479164 0.109251097317119
0.00308168401046774 -0.14627254247616 0.0144019080547222 0.149693556860721
-0.0782012175522427 -0.106281138820617 0.0870472700899285 0.129624283023884
-0.133416581117434 -0.0794568984913248 0.118987055572455 0.0919931727871332
-0.135596530472984 -0.0808858041218474 0.0940514949926235 0.0732866802957527
-0.115727162549657 -0.101174101974132 0.0785649778478865 0.0782642075288866
-0.0335817713072075 -0.143302765702396 0.0334334883953734 0.0789349675147868
0.0680055490901394 -0.13914986668812 -0.00570344472236363 0.0671203258983177
0.183284603928834 -0.0428552613881249 -0.0286961205963482 0.0424583089806602
0.126472471941033 0.0951276929289887 -0.0460478952192279 0.0398271075782949
-0.019131969787353 0.14121214036168 -0.0312062099713839 0.0690595518099532
-0.126355228559342 0.126496150708654 -0.0881834070872858 0.0902895915395923
-0.13855646291274 0.183985914159239 -0.0878070210806312 -0.0105787201142602
0.0242608357189464 0.195766969249145 -0.0496601583952136 -0.0254953126074664
0.187511475298961 0.0765408152273183 -0.101748076500962 -0.0181727651503268
0.183244755823587 -0.115914556101194 -0.102012515541952 0.0548142331187799
0.0184801962381886 -0.174303625305937 -0.0153660450372153 0.0984719729100635
-0.085199918063044 -0.131058368257286 0.0366962393188677 0.0875961403979029
-0.16299473640697 -0.102369808060066 0.0595399110075899 0.0572565694870578
-0.167705068748465 -0.10736787689639 0.0349390344243718 0.0320692980069363
-0.142907117762737 -0.126056241468165 0.0361383297630117 0.0224359020964422
-0.0533644761403069 -0.173667750431796 0.0150410207741307 0.0242199830825647
0.0723770459578463 -0.182579661935597 0.00608362454398213 0.00916247623376547
0.236100235040025 -0.0673323295916796 0.0113316582286701 0.00240726263709677
0.177415838911285 0.131932130452434 0.000530052480164674 0.0303743211525081
-0.0294998571717542 0.208368863391446 0.0282147940539333 0.0692014108519719
-0.183649805067552 0.17853000046287 0.00726786219017431 0.0684029455774456
-0.140193004188309 0.172850776217051 -0.0345443416270214 -0.056258638099928
-0.00603672085528648 0.18298299360756 -0.0186675754200823 -0.0559740938402884
0.164337527709046 0.104670790139396 -0.0646688859478255 -0.0528955578107173
0.199774677183337 -0.0809525816536449 -0.0846253669016701 -0.00341682411853001
0.0528417548501267 -0.168088570317769 -0.0341543526299466 0.0362173365245604
-0.0643846678328485 -0.138947947825597 -0.0101202995418433 0.0327110097364828
-0.161202190667385 -0.114142413746506 -0.00393221113335185 0.0131554614477518
-0.17479561440062 -0.11938495429458 -0.0300821155083327 -0.0144986766898928
-0.150085617788941 -0.130995029430992 -0.0158192294848485 -0.0371372414682647
-0.0708494403848905 -0.173005573658386 -0.015471881503881 -0.0346325821740355
0.0544965114284256 -0.196432914777952 0.00110586156855791 -0.0548859864131447
0.243117713281541 -0.0943297905040749 0.0344673771432639 -0.0530822612753663
0.206871611181362 0.131130626676543 0.0412227978756604 -0.0062996739140611
-0.0155811340925406 0.240910819859276 0.094035217732318 0.0342731794728459
-0.20145518781306 0.210521919167307 0.116784629197015 0.0225237448205168
-0.131621702909014 0.134805602786487 0.0198249893389506 -0.0841735383905506
-0.0467492885699771 0.153646352108218 0.0120954343187651 -0.0650202180278264
0.115114687118198 0.128112216390048 -0.014981667499253 -0.0587233657984583
0.190734677943387 -0.0274811811412724 -0.0406797779269403 -0.0422437199994544
0.0820683032417073 -0.135402530595706 -0.026215831817465 -0.0252738872020796
-0.0310022256233433 -0.124154731852193 -0.0407285169023896 -0.0289759526698019
-0.13268051583487 -0.106992154861645 -0.0621731201404586 -0.0344331387042892
-0.158972056771756 -0.110661616669058 -0.092938146768213 -0.0578212791428177
-0.138960717519392 -0.116237527792079 -0.0734323931391054 -0.0862461358548686
-0.0810371994375269 -0.145021002365108 -0.0544547008129595 -0.0826452196295216
0.0222120656620361 -0.178857277224891 -0.0221612904196287 -0.106745224799342
0.202711938408456 -0.109362307685253 0.0318965901729533 -0.105057580565024
0.200603887320783 0.0949695884570167 0.0602910463435017 -0.0533493438559613
0.0137138709366773 0.217754954310668 0.140133494128471 -0.0233419765628057
-0.174543023652136 0.208101630898676 0.21400352904602 -0.0435496750312458
-0.111545151270326 0.0833151387349459 0.0767351626960604 -0.093166836806532
-0.0781798394039094 0.113841592383599 0.0386933087413792 -0.0620945773426611
0.0584311281599987 0.130366990361399 0.0276911574687318 -0.0391189860105509
0.150644065619344 0.0193188137259985 0.0145353440744469 -0.0517154305590292
0.0893465261930446 -0.0832216992914648 0.00297790426312321 -0.0705884527772984
0.00216269851336417 -0.0889868366597398 -0.0511427438286165 -0.0856231257426792
-0.0841759061245937 -0.0804215515292013 -0.105786182269541 -0.0788133906448569
-0.116192380933656 -0.0841117821087067 -0.143409019261029 -0.0917186234066701
-0.10307727108511 -0.0872529594980843 -0.1238072024134 -0.120768752104507
-0.0692223282556201 -0.0983474316775783 -0.0905476165471385 -0.11699778285436
-0.00304664808357026 -0.130101982449451 -0.0489860543379209 -0.140545457625974
0.132490608381863 -0.097730833781147 0.0197257931384734 -0.140760867375166
0.154593348247951 0.045802500121992 0.0664148093051263 -0.0893844279503191
0.0351025496423773 0.148401827988906 0.155899296069172 -0.0744555092629245
-0.115849026589313 0.161907773370637 0.270954210104879 -0.109280009416819
-0.00190330944363227 -0.0769033422427258 -0.224174110013486 0.163187493546686
-0.0413224967593495 -0.0461419337041731 -0.122692853101399 0.141018590527249
-0.0721928839146853 -0.00469926825594806 -0.0647720441012936 0.100669114183505
-0.047633634190203 0.0556804359317078 -0.0312700542782613 0.129285804879297
0.0116713561874002 0.0593018746081621 0.0356094919124846 0.162670923593362
0.0378457793796429 0.0318863632157668 0.118727617929376 0.150666426726233
0.0591411674224002 0.0296469880816157 0.171250454645251 0.116012545411293
0.050958144625104 0.044990259592154 0.175073147936711 0.106256567116751
0.0194604619785992 0.0532267669398624 0.124685768497471 0.132559471623948
-0.012391066381628 0.0494261246881033 0.0560305988674273 0.125122569322843
-0.0488456505822462 0.0343160235140914 -0.0194843028670507 0.11737323482172
-0.0736682678651204 -0.0288737861521946 -0.0705371628834124 0.0697113160947079
-0.0173077533366859 -0.0791195117894243 -0.0704574466546242 -0.00231329060133112
0.0700917266979883 -0.0624862980620266 -0.0632507138906141 0.00393673186986817
0.107317614104843 -0.0474258121843083 -0.152272615511744 0.0879520894460471
-0.0594327179537316 0.0185765380601279 -0.213688335923901 0.15314867355061
-0.0181702869471239 0.0527116848670962 -0.112003849509784 0.124983015180686
0.0243282994816137 0.0237258159491989 -0.0869248035025916 0.0964660705767799
0.0295870315752027 -0.00673924621422329 -0.0455832053441049 0.147981773048438
0.00795898786664319 -0.0183576734322181 0.0504107348084689 0.179313322914239
-0.00512668653302803 -0.0200257302038051 0.136794388122317 0.158360140587842
-0.0111268694370087 -0.00920717232457384 0.182727316873936 0.12070727030312
-0.0191500651108602 0.00260912442414358 0.171488603647802 0.11326720082505
-0.032254486060411 -0.0017452819568255 0.123370761871469 0.139190726919557
-0.0192228210341037 -0.0201791829785022 0.0485593220945961 0.136226179221729
-0.00699107320038767 -0.0240758220275431 -0.0331540354941973 0.1229083054442
0.0117172593305534 -0.0332832662225503 -0.0856007009422805 0.0643970759281823
0.0303064093924565 -0.0283715311495451 -0.0859290014551514 0.000714538724057818
0.049270926932396 -0.00403727934432046 -0.0688263123448312 0.0138990615408227
0.0413488088660941 0.0117418099151009 -0.165765730501123 0.0928118318234165
-0.10160290910002 0.103340551367827 -0.179231197431827 0.11152214511073
0.0123416174792918 0.132480113776485 -0.0955910919971327 0.0771815602115651
0.112842717785558 0.0405783388818902 -0.110383317833813 0.0706942979083944
0.0955554462387758 -0.071413388567932 -0.0701506924073103 0.144251973266035
-0.00161586813545544 -0.0913154936579116 0.0440855395282952 0.176781592747534
-0.0497410273435686 -0.0668008221989276 0.127284707079213 0.151276693889073
-0.0808049085911803 -0.0447266463346295 0.164880192225171 0.11127621843534
-0.0847716713042083 -0.0395849237169506 0.143467378257611 0.100209719669411
-0.0789615326147376 -0.0554796119977882 0.10918551866113 0.119304718230768
-0.0244737453176892 -0.0874807351636697 0.0433422509334278 0.119116777886051
0.035758228255434 -0.083666720335234 -0.0251214334400728 0.106467062688929
0.100833357617165 -0.035284368011425 -0.0669921234681819 0.0599419568867803
0.0771765987649665 0.0334994579550444 -0.0779452875185151 0.0230203374434822
0.015239663110884 0.0644600693508246 -0.0632438468033075 0.0427141145075755
-0.0416207782690851 0.0708222251733791 -0.145781174435519 0.0965076314214065
-0.126196930383975 0.163521228839825 -0.134697873391214 0.0525610171115047
0.0316141491423748 0.180633217413993 -0.0754081502945217 0.0222364233333225
0.17219503146948 0.0555793170864551 -0.119032911768673 0.0289967717274854
0.147970543660369 -0.112781899143292 -0.0931902335924077 0.111752285592849
-0.000566877196860481 -0.147600678646967 0.017868616529521 0.149180828811993
-0.0810006011150339 -0.104863340669337 0.0904132582218189 0.127247872809097
-0.135012706206566 -0.0766202150093168 0.12125823994398 0.0890826670078329
-0.137567339719151 -0.0777891736892177 0.0965011232259072 0.0712017910883006
-0.118152454916094 -0.0989414358983319 0.0807481583165766 0.0763249297866931
-0.036189823828754 -0.142676088718527 0.0353062513469337 0.0783205314281555
0.0655427102525392 -0.140689592704158 -0.00441306370477785 0.0671878477094514
0.182086991387226 -0.0467695060962039 -0.0277611399787411 0.0434661034900981
0.128778007572864 0.092872527326576 -0.0454214316086482 0.04096110181843
-0.0163761629249271 0.142175849909801 -0.0298806600213642 0.0693235835312513
-0.123561536026293 0.13035501599891 -0.0861746981082932 0.0924817216656963
-0.134124422122595 0.188700174348663 -0.0887128732918324 -0.00828255683077928
0.028957170137151 0.195696457843428 -0.050981963148146 -0.0241392940947513
0.190497794126391 0.0718724548515311 -0.102982695597352 -0.0162821184301803
0.181134125374824 -0.120887731981985 -0.100836302891761 0.0575933527230264
0.0145072215936825 -0.175531375716884 -0.0133350408946818 0.0990581548243831
-0.0881784218804675 -0.129998986383168 0.0398838094295248 0.0864995553070261
-0.165421706916584 -0.098647360260488 0.0612884168684834 0.0554340591384539
-0.170758637874538 -0.103522519291927 0.035981525171145 0.0316077370402423
-0.144986395259276 -0.123199294367788 0.0370088951399004 0.0211867223827544
-0.0571250401882181 -0.172827391271994 0.0156215915981734 0.0238582344321696
0.0684643958107323 -0.18464278912831 0.00665464564586189 0.00922843076902288
0.235436187904945 -0.0735860734829671 0.0115384299442766 0.00212651390303418
0.180384523020057 0.128531244924794 0.00172073382386501 0.0304798733273938
-0.0252486294365218 0.210177423186735 0.0298078543025981 0.0687883423026201
-0.179316774191556 0.184025541883495 0.00864395298647011 0.0678458706742844
-0.135685915309419 0.176759551396058 -0.0363228751994209 -0.0554849783847783
-0.00188106525939512 0.183557294843725 -0.0199888677383959 -0.0554896485049942
0.167988618773533 0.100623301361238 -0.0659596536133492 -0.0513552644590019
0.198738222485759 -0.0860111633947142 -0.0848900499449821 -0.000949409225741438
0.0491330976266698 -0.170317268680082 -0.0331767026051196 0.0375232465341943
-0.0676339048887471 -0.138098376597432 -0.0091320928550748 0.033119120756606
-0.163738655197705 -0.110816578520393 -0.00369831454124105 0.0133519200076591
-0.177816145711136 -0.115227917679951 -0.0303991693119512 -0.0138140096939992
-0.153370560902954 -0.128453245609259 -0.0170174831490714 -0.0368696662185802
-0.0751591161217906 -0.172027995152058 -0.0163974398831893 -0.0344628040365478
0.0494061053174954 -0.198712414359692 0.000211672467118419 -0.0547362229953436
0.241490124623282 -0.100285926312333 0.033130603989094 -0.053091638075349
0.210753934276039 0.1269942667291 0.0410598175278902 -0.00680244567763942
-0.0100920494584487 0.24218415643873 0.0951086513757956 0.0324527942829698
-0.196323502743838 0.216158852398906 0.117524053198477 0.0190787616161369
-0.128640722156526 0.138393768434201 0.0176272446718793 -0.0851591128523849
-0.0436379385698958 0.155384853634835 0.0103018087163795 -0.0650998559306531
0.119414448824895 0.125621590175419 -0.0164183518911282 -0.0585744078127062
0.190998031275979 -0.0327341452414471 -0.0420248573839357 -0.0404575111747403
0.0792884323983194 -0.137967809001327 -0.0265740857012768 -0.0242829326655731
-0.033241538137596 -0.124253706621104 -0.0410097855346099 -0.02798908233596
-0.135409893061649 -0.103808026883658 -0.0628574356959704 -0.0333668125379216
-0.162079582050311 -0.106937273563799 -0.0945983347572876 -0.0553380000605386
-0.141535824867928 -0.113188879290731 -0.0757190411053424 -0.0850865250760455
-0.0843073980986485 -0.142996118129146 -0.0563048170873751 -0.0817611420238122
0.0179636973654605 -0.179641984111345 -0.0248142442884066 -0.106002204666145
0.200536870312188 -0.115058333272578 0.0297821374724382 -0.105314848569449
0.203406912516385 0.0904194371671651 0.0592608139970823 -0.0545049519955661
0.0187659883443419 0.218081709388472 0.139950047442204 -0.0267692009521164
-0.17015926933936 0.213060807604734 0.213080135540959 -0.0499729783043739
-0.109728191917421 0.0862634859090973 0.0743298432900152 -0.0952836274746226
-0.07548834059919 0.116341885027959 0.036501725526204 -0.0627829168515063
0.0620703868582897 0.129217739718691 0.0268678099582766 -0.0394815470194545
0.151795714073521 0.0153623031413706 0.0135291748388873 -0.0512199219951936
0.0878135343732349 -0.0860808486390077 0.00186112889737708 -0.0707506801089855
0.000530581002925781 -0.0893906890849977 -0.0523637001244391 -0.0845558521426525
-0.0857662076167372 -0.0779767714006511 -0.107185235570466 -0.0766943411203796
-0.118823722161075 -0.0812259728227552 -0.145605475138591 -0.0881860419481471
-0.105354531339194 -0.0851134119388051 -0.127107786585763 -0.117563095945402
-0.0715248213552812 -0.0965625782743872 -0.0933092055262208 -0.115610843609391
-0.00629164072356166 -0.1299813751599 -0.0523660027087301 -0.139381488905013
0.130664922849009 -0.101115413367228 0.016626431515428 -0.141377383389803
0.155976107892414 0.0421135931093869 0.0642861383369352 -0.091080143992144
0.0386874423470983 0.147902191701086 0.154774686461216 -0.0785469001504741
-0.112121360227306 0.165417829445067 0.268398353946001 -0.116822053027338
-0.00334548403777496 -0.0770017885769043 -0.220314655872439 0.168868551516903
-0.0425757422559541 -0.0454564956537102 -0.119726910194868 0.144741519744683
-0.0726077586832959 -0.00296689453611163 -0.0631138641986599 0.102631195049128
-0.0465915572815093 0.0567955738194631 -0.0290175423411673 0.129785876792692
0.0130818199999036 0.0588205497468419 0.0390363285170373 0.162339567406649
0.0387042037609222 0.0309105869242038 0.122219537613694 0.147552691386907
0.0602546457150057 0.0274909650270787 0.173269324601899 0.11134448751294
0.0521169571330561 0.0438516121560109 0.177510522299398 0.101873228520582
0.0211183541777834 0.0525595040166468 0.127295706785155 0.129275454550566
-0.010689040559263 0.0498372305352696 0.0579462097322844 0.12383764570746
-0.0475296931747713 0.035815655286532 -0.0171173182248969 0.1176307885499
-0.0739994508704237 -0.0260748261134107 -0.069450815248229 0.0703785807969479
-0.0195559432272363 -0.0783783385762287 -0.0710727099172809 -0.00135610316367407
0.0683932744106699 -0.0641498978756849 -0.0630970279116488 0.00515206444875944
0.105570663471558 -0.0502118839521836 -0.150242174557854 0.0917651443159995
-0.0593873938051277 0.0203196900139573 -0.210458383995132 0.159240495894117
-0.0169656964212466 0.0537415763667729 -0.109280833497321 0.127643774159102
0.0246292004815431 0.0226232926448912 -0.0848055946958516 0.0982843990260292
0.0289890172567455 -0.00781345123457357 -0.0421055149545007 0.148753554785353
0.00717041417535854 -0.0187904781608513 0.0555917566258164 0.17733887038236
-0.00564767839377068 -0.0204666617494057 0.140772648438507 0.155092524531365
-0.0114188013987017 -0.0093697001651596 0.185445307281632 0.116396971524417
-0.0181992297738332 0.00313033202282855 0.173993849955696 0.108406987802146
-0.0320173461113264 -0.00117738307919242 0.127619741082131 0.136481268315338
-0.0195632287320481 -0.0197520303015005 0.051253483236661 0.134845667390564
-0.00725603989367226 -0.0240636871706471 -0.0313423385956671 0.122975598191234
0.011161947410258 -0.0331356245929481 -0.0838557666266618 0.065129831891993
0.0297223653072891 -0.0281794709061518 -0.0859311148079991 0.00158318656263368
0.0489554870274624 -0.00496010272034779 -0.0685481231281803 0.0152069339207211
0.0411442898092503 0.010739913585998 -0.163530579854643 0.0969266975728057
-0.0990482435307018 0.106223853913854 -0.176803458441729 0.116014109961985
0.0163138437449188 0.131995797156971 -0.0940536909271971 0.079620666527174
0.113658821543318 0.0381062745545745 -0.109021795143657 0.072658310580985
0.094146702153719 -0.0737213687100624 -0.0669328581737637 0.145587299965774
-0.00382238620904648 -0.0916015807188307 0.0480011405740455 0.175804615570414
-0.0515107264114474 -0.0658755798758904 0.13067711035386 0.148232788412489
-0.0817855322004944 -0.0431066246076375 0.167533567700029 0.10765674393581
-0.0853566083888105 -0.0377493581155947 0.145568582052672 0.0968957575800773
-0.0800581116453988 -0.0541411566467189 0.112120252847399 0.117012370178142
-0.0260527664929972 -0.0873417619073823 0.045697597108042 0.11818913372308
0.0346861618342333 -0.0841485762265934 -0.022673546877802 0.106701704577076
0.0999149721129486 -0.0368930900067974 -0.0654526037391653 0.0612281256944971
0.0778442161761224 0.0325513024802264 -0.0778181817963767 0.024332148199652
0.0163748174118623 0.0641362524970057 -0.0623407139818784 0.0437963846671733
-0.0396857252470745 0.0718209752830701 -0.143415882005143 0.0999790491965424
-0.122633568595487 0.166376725230201 -0.133980654938655 0.0560168560632058
0.035609163796452 0.180504563643473 -0.0750105469238284 0.0244081962226528
0.174026816593389 0.0513283240972796 -0.118697445520066 0.0317629344804426
0.145419116189609 -0.117151283856006 -0.0906022538898882 0.11370624365947
-0.00403413433290578 -0.147128297237215 0.0210468134488295 0.149021218178776
-0.0829745297348187 -0.103225850249777 0.0934625896145978 0.125360200562495
-0.137031507965661 -0.0739657384357581 0.123802003349809 0.0860469877857848
-0.138939353845665 -0.0748220429575542 0.0977801831490877 0.0687495495580041
-0.119771093526049 -0.0962381832558361 0.0819115052230498 0.074533095304579
-0.0394675132127259 -0.1422331850103 0.0371474754603736 0.0774497513270348
0.0628150172487559 -0.142088049415298 -0.00301875790735265 0.0670590897566956
0.181272536156302 -0.0510019404070802 -0.0266806477403423 0.0439133562824935
0.130834682712585 0.0901240216252967 -0.0446612657087064 0.0424362790811516
-0.0132835396185118 0.142705799215219 -0.028792803830321 0.070212314292148
-0.120082205818415 0.133446958643559 -0.0843271737473782 0.0939290041692417
-0.130054712058277 0.191879306213907 -0.0888601472568708 -0.00614785242750259
0.033488290365682 0.195362007760987 -0.0513553154887196 -0.0230260407206329
0.192295896082765 0.0679728036957299 -0.103534637049799 -0.013828892086333
0.178921233795891 -0.125418640577351 -0.0993786414291872 0.0596884170742527
0.010756986245823 -0.17604989326999 -0.0109586165884554 0.0993307377845579
-0.0903928638674233 -0.128021908602132 0.0419523392139698 0.0856445563869503
-0.167755079566475 -0.0952202873036018 0.0621676170357512 0.053692445658138
-0.17272107277603 -0.0993662500418229 0.0363893115372855 0.0308864230960958
-0.147994122415961 -0.11983827366061 0.0370456970698863 0.0204547345851493
-0.0607284663643703 -0.171647710752107 0.016326896687355 0.0235357875263044
0.0648500441500421 -0.186840196866779 0.00672287401726073 0.00880582494277569
0.233719113571664 -0.0781090917541282 0.0114377467331854 0.00276485487012606
0.183387516033708 0.124555538320224 0.00226028903715962 0.0312257239951093
-0.0210329896160532 0.210870629538078 0.0310455563563108 0.0679374309028666
-0.174942773090796 0.188545326577863 0.0097967485268466 0.067328418369651
-0.131693054920607 0.180071526306706 -0.0379736502696176 -0.054678343605288
0.00208212190396579 0.184271984621882 -0.021321831532674 -0.0551405302982111
0.170597428501127 0.0967849472539036 -0.0673320466783992 -0.0494766012643332
0.196950649506977 -0.0910536949251747 -0.0850708414037716 0.00133265703277668
0.0455717703934339 -0.17180238174462 -0.0320468230829955 0.0383225785515864
-0.0703638252304168 -0.136536563239937 -0.00753126121941224 0.0330992720104005
-0.166121667370209 -0.106487721714829 -0.00310324741962062 0.0129189486767544
-0.180780137905735 -0.111044292299171 -0.0305281533388449 -0.0128835431654336
-0.155768877481611 -0.125164501458427 -0.0181146440269938 -0.0366739079112271
-0.0784350920799595 -0.170292992379703 -0.0167991696652011 -0.0339209946679824
0.0448279486546364 -0.199559358264391 -0.00122561090268086 -0.054566111725893
0.23929803033393 -0.106092751494458 0.0322723957331612 -0.0536603452883396
0.213302743296793 0.122112285965053 0.040945168866442 -0.0070178777926561
-0.00494119312083911 0.242707439784947 0.0956205809982405 0.0301506844623441
-0.191621308088229 0.220951129930663 0.117793732990706 0.0155477882171074
-0.125516722836902 0.141322027904852 0.015389965293351 -0.0852162714030259
-0.0402378237841649 0.156994890400447 0.00888825806413544 -0.0652637594706481
0.1223150688057 0.12246520998685 -0.0180509058879221 -0.0574459640523395
0.190569236838032 -0.0377283668946464 -0.0423142370874362 -0.0390514620316811
0.0766396004464573 -0.140055840083682 -0.0265389123706607 -0.0235563374049688
-0.0355951713903217 -0.123670770844133 -0.0409690994113453 -0.0267978986651444
-0.137251820687284 -0.100390607274475 -0.0633509499271309 -0.0316871125572767
-0.164760320900483 -0.102834724511102 -0.0955103833019252 -0.0534385605597527
-0.144093647894258 -0.110296518614914 -0.0779487310919094 -0.083175824772351
-0.0873137456524316 -0.141164179206876 -0.0580423869521112 -0.0805443902019372
0.0137264487330839 -0.179760982105427 -0.0271261244868408 -0.104976783538618
0.198078352759661 -0.119810234184559 0.0275969088706676 -0.105592237867207
0.205824918751972 0.0857142283719331 0.057706338774971 -0.0558793664351433
0.0235256542134489 0.217982347232723 0.139367784687046 -0.0301440240441733
-0.164972686898292 0.217028683889515 0.211473846983604 -0.0556105165790381
-0.108010699475141 0.0886434452553358 0.0720614795543779 -0.0971276341742872
-0.0729434002249321 0.11770948220659 0.0349826115721542 -0.0634805718354655
0.0654187017198788 0.127804368162041 0.025572567040677 -0.0390958883282793
0.152428408257078 0.0115132930059152 0.0131625722102968 -0.0505343651944051
0.0859965319488533 -0.0885983158457348 0.00112674881841297 -0.0704958905636227
-0.00127941144205858 -0.089381949808253 -0.0534901420235793 -0.0832652185567297
-0.0873428262346447 -0.0760945373496197 -0.108402467553841 -0.0741980738140173
-0.121036415404696 -0.0783972716826616 -0.147661599942365 -0.0851232016338263
-0.107294427939513 -0.0828075727699178 -0.129874899070429 -0.11504123461542
-0.0735470598626478 -0.0950750579046969 -0.0959105626163061 -0.113236858427548
-0.00927523973193854 -0.130043681716445 -0.0551848788320996 -0.138021139792407
0.127787784464006 -0.104482464324872 0.0136136639947038 -0.140624977596837
0.157389091182144 0.0387709494349424 0.0623011918517532 -0.0919707367844175
0.0413699928447418 0.147098163841145 0.153451943833083 -0.0823510167269294
-0.108409438388602 0.168060831684641 0.265716425920637 -0.123736276538752
-0.0049511641232601 -0.0766587137216847 -0.216327750857663 0.174126178997735
-0.04291852019985 -0.0445194134875155 -0.116022462339442 0.146944919250228
-0.0728049036411205 -0.00149618793945978 -0.0600218113018834 0.10301171248131
-0.0452927312541972 0.0579041604947212 -0.026060804827794 0.129815622606435
0.014290529856651 0.0587756888107187 0.041912284671774 0.160594662095831
0.0389497934770555 0.0300740168450732 0.125011346774872 0.144243068842795
0.0597345396416062 0.0261408097255184 0.175072660218634 0.107416602336985
0.0533734598573842 0.0421529465579894 0.178442643090545 0.0977749592681575
0.0220420976696373 0.0516435537158175 0.129786221657656 0.127088137011486
-0.00951315016161891 0.0496325108243708 0.0599654176048724 0.122362947257702
-0.046263671665818 0.0367161166003831 -0.0150041247695947 0.117370346020045
-0.0742934272507886 -0.0243369015160638 -0.0681695681460481 0.0708101589337285
-0.0210335553953996 -0.0772106885664453 -0.0707124945473152 -0.000756740616269381
0.0669344024347695 -0.0651914047588584 -0.0626268843741042 0.00631989706342264
0.104036921983645 -0.0526352133719487 -0.147429620143198 0.0950452953279838
-0.0582009098865674 0.0214759369852973 -0.207355283811811 0.16365996284397
-0.0153375074854297 0.0537130845529097 -0.106606121740341 0.129404356583323
0.0249617212570495 0.0224676740155174 -0.0829115612449437 0.0998177454358238
0.0287351079449281 -0.00819599908870473 -0.0393526178274874 0.149531468083852
0.00671612254102045 -0.0186858340361705 0.0586152873468787 0.175895139978094
-0.0062411841749223 -0.0199920241250852 0.143403889073683 0.151506224528503
-0.0120941405987522 -0.00940777678110029 0.187814942601804 0.112357264279087
-0.0180600111892373 0.00360821910068658 0.176322418096857 0.10462596148608
-0.031915955780614 -0.000523401032542958 0.129802797920888 0.133621542069126
-0.0192893111967849 -0.0193897608414093 0.0534302144070056 0.133066942223887
-0.00744973629676167 -0.0232749293666655 -0.0289710475062785 0.123542064644478
0.0107955135836973 -0.0324194274583197 -0.0827193586355447 0.0663789321425316
0.0288575123564504 -0.0284312540159317 -0.0858146752444073 0.00284867683105951
0.0486090613759181 -0.00588346755038157 -0.0680886753137824 0.01615290798714
0.041519625723813 0.00954548044995015 -0.160521739573002 0.100741474637084
-0.096235475707368 0.108244579039431 -0.174853494937 0.119846305441238
0.0192659601200223 0.131717917692201 -0.0920150008113618 0.0813994397484065
0.114365229452928 0.0351636817826307 -0.107622528098442 0.0748863688343955
0.0922309062606808 -0.0761535236531828 -0.0636844132382586 0.146428176935731
-0.00602766510446393 -0.0914955525986808 0.0512017560456853 0.174422919129124
-0.0525339928486296 -0.0646068903652114 0.133592336897881 0.144870247612753
-0.0825708118758678 -0.0414272206897056 0.169584838004897 0.103031480352071
-0.0855649175986433 -0.036072939303592 0.146954461070673 0.0931234886446332
-0.0805463828724507 -0.0521602309102132 0.114153836161111 0.114258100357378
-0.0275215618123328 -0.0866192124389423 0.0475550209573397 0.116764168572582
0.0329287246696022 -0.0844896896451633 -0.0207950766311043 0.106882213381951
0.0992216596630831 -0.038547116635866 -0.0639984797962288 0.062180271124277
0.0781806640676431 0.0308762384787024 -0.0770511506297839 0.0259289868297421
0.0172586765322707 0.0633983597071931 -0.0613083565503559 0.0449417106344087
-0.0381049009808099 0.0725857801318048 -0.141115081273361 0.102984551543139
-0.117773197209948 0.169297969671673 -0.132881176185614 0.0588585023067103
0.0395750116256849 0.179081835249349 -0.0740056519804133 0.0259608689477344
0.174164598802008 0.046994360853489 -0.117354238565839 0.0339386003086886
0.142777681700832 -0.120565878647667 -0.088280667940578 0.115913973720742
-0.00703305868379926 -0.146977831933034 0.0241342438451463 0.148340650172574
-0.0848405183430503 -0.101777434238675 0.0961182680229636 0.122715512026444
-0.137675711612705 -0.070549889049834 0.12442131575474 0.0833009170057532
-0.140147893255611 -0.0715819978684455 0.0991546580810311 0.0671122607101053
-0.121015377342344 -0.0939913473097672 0.0833382495250908 0.0722354937068078
-0.0417609397638886 -0.141467432287409 0.0382501186955283 0.0765016887669239
0.0598243305834936 -0.14315137648039 -0.00164657119040312 0.0671232328514348
0.180171275765471 -0.0544114847927753 -0.0259801141458814 0.0445108987766774
0.132282234198609 0.0875598993946046 -0.0440147608966785 0.04333224532277
-0.0109518876089016 0.142962885993979 -0.0278651728505501 0.0717784369581917
-0.116808068517284 0.135644794127958 -0.082191572325602 0.0955698788191455
-0.124880338820579 0.194593998251081 -0.0898912343454848 -0.00422916398159924
0.0373358927954744 0.194594180542424 -0.0515711859197166 -0.0217259753321122
0.193736159176255 0.0628622978612827 -0.104397022434626 -0.011250723210459
0.175579691920841 -0.129605788594491 -0.0982839878068186 0.0620320928937493
0.00684308555332843 -0.176118023375876 -0.00892836791919045 0.0994363530607773
-0.0930133300386646 -0.125981305593708 0.0438860590151356 0.0842622145673477
-0.16858371584047 -0.091449920130317 0.0628333514860683 0.0525467578102874
-0.174219989711728 -0.0942479138421623 0.0372651477691394 0.0298870042220135
-0.149731569137379 -0.116768278595862 0.0372295928779227 0.0192605190407656
-0.063879072600957 -0.169980033066411 0.0168058445772694 0.0229920000907244
0.0610736768600948 -0.18696126038528 0.00685219774066373 0.00858462945763908
0.231875334573678 -0.0830388483936192 0.0113878601855401 0.00288397729549127
0.185641695630747 0.120736014997395 0.00231140965764827 0.0314505459924654
-0.0165443468733301 0.211178915277698 0.0318781290581212 0.0670215062081804
-0.170158024487169 0.191846450322619 0.0111667201707299 0.0664592996724187
-0.127890507532517 0.182834919005635 -0.0395550050606563 -0.0534689437811127
0.00601882227824747 0.184118004387709 -0.0222755748498678 -0.0544103985979392
0.172440319555078 0.0928329222457684 -0.0681664835084507 -0.0475611893714759
0.194900163388706 -0.0952019166755101 -0.0846066354991425 0.00348582005344372
0.0420801617667306 -0.172473108327625 -0.0306830322670684 0.0391303981010482
-0.072444114495413 -0.134803954752555 -0.00635536473157192 0.0331152271560437
-0.167551383432602 -0.103057539161668 -0.00301476225892534 0.0128120984365806
-0.182998112974808 -0.106765364813808 -0.0304836516386609 -0.0120767374991454
-0.157467870277087 -0.121076442742503 -0.0188974288326975 -0.0360666150027132
-0.0813755966484739 -0.167780196038197 -0.0171783312321834 -0.0336383004664199
0.0406089418717227 -0.20029744270929 -0.00219561237936995 -0.0545812912702923
0.23619384242926 -0.111210157860874 0.031566624320881 -0.053637462948918
0.215688197088502 0.117479776625927 0.0411682007290624 -0.00741538811392842
-0.000359841583569266 0.24217272966329 0.0955631132312813 0.028035298734414
-0.186577458920858 0.224384129917879 0.117279855730389 0.0126109039265277
-0.121984692140739 0.143802876033784 0.0131378029877403 -0.0854662420243177
-0.0372520315085942 0.157741873907069 0.00793444075430832 -0.0649285897883482
0.125336831466132 0.119836753558464 -0.0191703218260396 -0.0568707058627519
0.189667249219328 -0.0420268370548193 -0.0429004160270679 -0.037574504835192
0.0734811164448093 -0.141755521106451 -0.0263544473680891 -0.0225042992351777
-0.0378889542249329 -0.123015784188281 -0.0407190512219154 -0.0262340882550418
-0.138778910675179 -0.0967498505264443 -0.0633286889560339 -0.0303255968339423
-0.166594814615196 -0.098403294316977 -0.0966655950280223 -0.0509594587453363
-0.14564519937949 -0.107070790344145 -0.0793498666089414 -0.0815784306132354
-0.0895923052586211 -0.13870600436052 -0.0591941224144209 -0.0792138332434074
0.0106044549010933 -0.180023011190692 -0.0289220159364373 -0.104122266160892
0.19456059351794 -0.123805290816405 0.0253370284973743 -0.105316577947496
0.206654367492119 0.0812158375170485 0.0566024109234252 -0.0561812393901789
0.0277556449290693 0.217425625739599 0.138187164451198 -0.0330917629440858
-0.159535004109695 0.219657811696086 0.209319998768266 -0.0610383121753318
-0.105782522514454 0.0908495625085058 0.0697186076503645 -0.0986734115089565
-0.0706830759532627 0.119664195518301 0.033437797581326 -0.0637343680135395
0.0685184566422682 0.125867053954707 0.0245094810894664 -0.0389457387892806
0.152849023908651 0.0076932202464515 0.0121853254917595 -0.0500448392508814
0.0839751916414384 -0.0902106823847509 -9.30766332424343E-05 -0.0700826476267754
-0.00259714132924846 -0.0896444547931746 -0.0543707443310012 -0.0817494259180842
-0.0886777675950008 -0.0738545257322029 -0.109422951307981 -0.0718672694044846
-0.122548063285975 -0.0752100283963752 -0.149023269468848 -0.0812417650182315
-0.108955908691747 -0.080092777429323 -0.132033104001484 -0.111816854865016
-0.0750890684903818 -0.0931804750886776 -0.0969253244912306 -0.110689103265567
-0.0120371057696594 -0.129651605703179 -0.0578332477161685 -0.136411927135196
0.125680036756512 -0.107214571933273 0.0106145125016813 -0.140776581284003
0.157547219621172 0.0351850301864505 0.0606206888778894 -0.0927545733917462
0.044521838428091 0.146107673636541 0.151327655204826 -0.0854154350981167
-0.104690344743961 0.169798886731166 0.26151394448723 -0.12998693884244
-0.00623659481653409 -0.076173774023205 -0.212130813887639 0.178119958215149
-0.0432833069015343 -0.0435041552783581 -0.113221177063823 0.149288732745472
-0.0731748812195977 0.000374725118161561 -0.0579936429208031 0.10396710389223
-0.0440980329361268 0.0585280150704653 -0.0235621151676334 0.129685080421799
0.0152120792248081 0.0580213297800766 0.0446758427917587 0.15903299939483
0.0391487033985391 0.0287260953295447 0.126703913232922 0.141756077569906
0.0601846532284261 0.02467104551402 0.176002706450104 0.10312756774255
0.0541432500006443 0.040659164995178 0.179647281473241 0.0937543546780246
0.0225341757946505 0.0514138672283037 0.13202354756112 0.123564116902708
-0.00855347656389938 0.0498294913407596 0.0615836045434852 0.120563312126435
-0.0452379849583938 0.0377191344661364 -0.0132412795983895 0.117004746868191
-0.0740891425421679 -0.0221412547734472 -0.0666091818825069 0.0708195687144857
-0.0228934121824447 -0.0761377162689961 -0.0707750924922144 0.000328938999753724
0.0651640746817711 -0.0663674972565806 -0.0624182484484064 0.00662454420230076
0.102437455050279 -0.0546659739640484 -0.14467349075753 0.0979813894803052
-0.0572643808259395 0.0231352257647903 -0.202984601200835 0.167163965937383
-0.0140184277056671 0.0538149956408196 -0.103841593843193 0.131192940412732
0.0250119420160443 0.0217100955388502 -0.0809086502575602 0.10158999783745
0.0279631264032255 -0.00941707328225345 -0.035928797038556 0.149411298633211
0.00615880671214824 -0.0185603459902461 0.061109077380789 0.173781694551971
-0.00685497677348452 -0.020500922406034 0.145281703344521 0.148411601661027
-0.0117057443021 -0.00872042016678666 0.188940221764153 0.106993007374549
-0.0182084365080925 0.00354662704556856 0.176514162695269 0.10056431031619
-0.031641376182947 -2.15428600169932E-05 0.131176516734261 0.130482955202303
-0.0193427037075432 -0.0194607790813028 0.0550830004798018 0.131762806767892
-0.00742754150776048 -0.0232230301430986 -0.0271399081573376 0.123354315772359
0.0102619692592114 -0.0319478048508261 -0.0815687494959797 0.0675329902184384
0.0280816811254674 -0.028335229108612 -0.0851114755650186 0.00440450634029984
0.0483373113841247 -0.00691993978030725 -0.0674049846605818 0.0169869603295718
0.0416145362956256 0.00874875788552035 -0.157870259095187 0.103543497258643
-0.0930489382918694 0.110115701223461 -0.171596753027491 0.122998797970865
0.0217127817700328 0.130929670734586 -0.0901757605011696 0.0834135468660543
0.11458615869173 0.0326103315549469 -0.105786496105006 0.076624571382621
0.0901511734385603 -0.0778812171428982 -0.0608641438359183 0.147177006838294
-0.00756787023843496 -0.0909395030096486 0.0543224495012676 0.172935081614825
-0.0537538824388383 -0.0636584684893935 0.135638361907422 0.141493657549009
-0.0827790515257813 -0.0397762391834651 0.170452890764924 0.0992973439060893
-0.0859131642023759 -0.034243544601777 0.147998535719269 0.0902661355168659
-0.0808617668235432 -0.0505584619983115 0.115626325039767 0.111274915218715
-0.0285620530753236 -0.085886320800216 0.0493724112403104 0.115619882449996
0.0316526074838517 -0.0845125927902806 -0.0190552715004052 0.106244018334722
0.0977979759626099 -0.0399173426889465 -0.0628153904108096 0.0631344448984263
0.0781399859676969 0.0296501929245768 -0.0765770010998447 0.0271642163476185
0.0179466298979169 0.0632987379181795 -0.0600756763125084 0.0454776192494429
-0.0362737871079065 0.0730733814532255 -0.138174023077104 0.105081250531071
-0.113903779998944 0.170836566196326 -0.131816915042192 0.0616070060311627
0.0434803479367308 0.178395905962604 -0.0735072852083572 0.0275434249720966
0.174908130633124 0.0434154259341763 -0.116706203251916 0.0360813198936352
0.140481912365723 -0.122963778721652 -0.0858292751005158 0.116521317972431
-0.00968280830330383 -0.146501223786883 0.0267289744910816 0.14792091936522
-0.0862961731399166 -0.0997240870596437 0.0980957613842044 0.120080939572629
-0.138154782627642 -0.0677665596572499 0.126187624636648 0.0801477019666931
-0.14092840095069 -0.0686580811285764 0.0999764840138746 0.0645071981382859
-0.122168064317952 -0.0910017354971047 0.0844294533642804 0.0705885097090211
-0.0436458746669775 -0.140383300660496 0.0393434761311803 0.0752794732575197
0.0575526929638272 -0.143681654105777 -0.000911444795595212 0.0669246127319269
0.178338524327755 -0.0576299232246306 -0.0250058863597993 0.0451453856570671
0.133383672502028 0.0849951407977503 -0.0430602217130082 0.0443202588916897
-0.00862598975587438 0.142851374778134 -0.0261027968356673 0.0703977605250219
-0.113360509869867 0.137268938505081 -0.0804354142461563 0.096550640019368
-0.120942017694902 0.196990617566292 -0.0900489052851607 -0.00228867635861208
0.0410127468685791 0.193084187412189 -0.0517663480831309 -0.020448956155234
0.194395922213742 0.0590111961755386 -0.103720546176428 -0.00967764464839245
0.173397716721173 -0.13290421165546 -0.0966777180937737 0.0638710950692886
0.00424377878722796 -0.176064388854481 -0.00702119175873294 0.0998042902848057
-0.0943574225047295 -0.124106773380383 0.0453710070007569 0.0832227843793392
-0.169472353828795 -0.0881458400962679 0.0636574014384905 0.0509514374128107
-0.175895518569753 -0.0916767014428885 0.0374889740614629 0.029193915445884
-0.150738169745372 -0.113581560898834 0.037240042583667 0.0185830713854889
-0.0662842432611766 -0.168288773649483 0.0172502964900216 0.02277301882204
0.0571967386465395 -0.187629594001529 0.00684030395700571 0.00853518766890832
0.229122960060114 -0.0875591250446463 0.0118171019255418 0.00292732287291287
0.187079214345617 0.116755986895917 0.00282706656242938 0.0320091722622708
-0.0136792119465971 0.210879261780117 0.0331486185356219 0.0663360994646302
-0.166038470639661 0.193926227544572 0.011936249773299 0.0657075328456013
-0.123619722675951 0.184193130425205 -0.0408960032287946 -0.0522158169391793
0.00882776188066531 0.183340374140726 -0.0230349242557741 -0.0533184998349352
0.173854732742325 0.089245745020999 -0.0688108530320179 -0.0462575358631612
0.192700033537402 -0.0991662053918337 -0.0843848591006254 0.00497288268621038
0.0384974335727666 -0.173319023442549 -0.0296687647965738 0.0395903788798086
-0.074267017919873 -0.133589098047843 -0.00524595067273736 0.0333132614890796
-0.168236109378026 -0.0997421753051686 -0.00220294343986792 0.012902381008289
-0.184232817418476 -0.102683152052448 -0.0306232827104935 -0.0115743501770889
-0.158956827015436 -0.118033282092193 -0.0198203276117901 -0.0358013796608604
-0.084346676278275 -0.165565778552441 -0.0175276373467349 -0.0333523545213682
0.0372844711190791 -0.199709586101251 -0.00295604970286667 -0.0543846110679548
0.233609585318255 -0.115479556377108 0.0304026320238777 -0.0534949107847026
0.217352002918775 0.113134689188204 0.0405089593181843 -0.00757923655836693
0.0033781801141947 0.242057902889396 0.0959435221520372 0.0260720980185571
-0.180701453682996 0.227320924431995 0.116400169034363 0.00933321393598443
-0.118675246027459 0.145664457768012 0.0110870664902225 -0.0851315164757954
-0.0339167490028658 0.158098563903815 0.00606582135315565 -0.0648217726555335
0.127591163040013 0.116792356589221 -0.0202355967670248 -0.0558968426845972
0.188749265423417 -0.0455312924268999 -0.0430398856255576 -0.0361603984359034
0.0704722858763064 -0.142787428697206 -0.0260980178771395 -0.0218691214527052
-0.0393319731472223 -0.122154470853212 -0.0404126892429893 -0.0255290177537384
-0.139510920093832 -0.0940281893564199 -0.0632561076709682 -0.0291274806996617
-0.167790757480901 -0.0946945533485937 -0.097052868751897 -0.0489670445124746
-0.147182129634545 -0.103969729313972 -0.0811209816762996 -0.0799754095899502
-0.0911453569364858 -0.136756665428042 -0.0598927270412671 -0.0774283895629978
0.00673735617546882 -0.179658814869214 -0.0305252648026989 -0.103288707370878
0.191970206376823 -0.12711739390012 0.0237141127003242 -0.105231779584091
0.20794373777326 0.0768972826887864 0.0551769468150417 -0.0564655641407531
0.0314391630502504 0.216069291298885 0.137312114255531 -0.0356418528879526
-0.154437966657561 0.222066276771352 0.206778750888103 -0.0657575688182341
-0.103947486937789 0.0925739164137631 0.0670961510508484 -0.0996442205016784
-0.0682300073103534 0.120918785192115 0.0319336916203351 -0.0640632066631977
0.0710655268997677 0.124023421538904 0.0235889331924972 -0.0387276008245653
0.152600878800318 0.00414299257042708 0.0115947561650518 -0.0493024230133729
0.0821870756054222 -0.092036091510242 -0.0003407462183214 -0.0694431836806538
-0.00386633818105454 -0.0896722268467233 -0.0546951039432564 -0.0807056679513394
-0.0890764122369557 -0.0716295994067452 -0.10974172240685 -0.0691679502728584
-0.12370306380528 -0.072292145589818 -0.150003220214145 -0.0782833725099203
-0.109691114555859 -0.0779763646639988 -0.134116695093787 -0.109078548555206
-0.0759857658414599 -0.0912152513171676 -0.0987900670399975 -0.109038000918772
-0.0140765733603188 -0.12899221722096 -0.0600321442881382 -0.134016190823052
0.122642077570371 -0.10941177915576 0.00814220961918814 -0.1397550186675
0.157498986335828 0.0319845943919429 0.0587504559511513 -0.0931302411887952
0.0465676727456346 0.144889352048205 0.148892863284338 -0.0879044788311129
-0.100877286246581 0.171348358248179 0.257733472034407 -0.135214656411801
-0.00707722014928261 -0.0757049599916775 -0.207357621365112 0.181193136752699
-0.0437947987916744 -0.0433904048145802 -0.11000216914398 0.150380222706079
-0.0729006597034224 0.00108057512736991 -0.0561928344135558 0.104307549067933
-0.043200097284844 0.0595433228418573 -0.0214040452722425 0.12854502675684
0.015771374268435 0.0578366826912976 0.0464963544600358 0.15774019438113
0.0390780888217693 0.0286068302049083 0.128453216981607 0.138257816321764
0.0599687931175714 0.0233689166034972 0.176553189513174 0.099136701291645
0.0549076409138799 0.0390565994382238 0.180285144152015 0.0902236907959749
0.023913874337729 0.0503124951337511 0.132699324923296 0.121009869615655
-0.00723498932739849 0.0491180167607947 0.0622196045766027 0.119208570063113
-0.0442463275887261 0.0383962958043942 -0.0117343414686882 0.116702988561031
-0.0740578236718895 -0.0202361804473716 -0.0658709081942248 0.0707661981045928
-0.0239816376178544 -0.075264277104122 -0.0706387160034183 0.000667009046131972
0.0642103504056563 -0.0670414376205498 -0.0616412661031687 0.00743858651385097
0.100989264279424 -0.0562030807294624 -0.142092263446666 0.100027091323945
-0.0560435822278453 0.0239192381257701 -0.199957844539854 0.170129495626687
-0.0129319908551577 0.0538402516967131 -0.100855705784869 0.132752331344453
0.0247489344336127 0.0206274628191463 -0.0786207662353189 0.102146486171373
0.0274541620024679 -0.00939987670726889 -0.0339117116228322 0.148403670057289
0.005695830770945 -0.018635147913597 0.0632569985208386 0.172145038874737
-0.00666562914389365 -0.0199119264539208 0.146599881086162 0.144570298127034
-0.0120990576605817 -0.00895950193134932 0.189355344991566 0.103554067720438
-0.0174826078280953 0.00351022862319072 0.177470449047198 0.0969482173072636
-0.0310581758924073 0.000674963258177281 0.132872194254075 0.127516271860121
-0.0192547172992428 -0.0185552618059522 0.0566585457553552 0.129958058579455
-0.00729954382985032 -0.0224080372855991 -0.0255665395533918 0.123143298798839
0.00994754705461624 -0.0314032892773486 -0.0800379106484933 0.0677298210903081
0.0273616366463991 -0.0284186121842283 -0.0856048404210901 0.00518992732374062
0.0478398074174343 -0.00761686361562112 -0.0663478894500103 0.0172138726493183
0.041453999299697 0.0079141245357483 -0.155638153084803 0.105405957541487
-0.0907015712803727 0.111189577828986 -0.169166130671113 0.125628100409432
0.0241924698630513 0.130101673953596 -0.088013521905118 0.0843586089622915
0.114194852529363 0.0302089901780103 -0.104125369952216 0.0781483695243563
0.0884442569561746 -0.0795633791419178 -0.0585080327011824 0.147416601897727
-0.00901699098334233 -0.0904454113452303 0.0568419911210962 0.171053979850502
-0.0547181206468521 -0.0623204728927351 0.137263795960979 0.137891768692041
-0.0831028539048192 -0.0385526874310199 0.171150858731935 0.0957473014939226
-0.0857856076785236 -0.0327535218423118 0.148851802583786 0.0873126077460695
-0.0807865386340482 -0.0491406674497202 0.116518600834205 0.109036519843633
-0.0293781940358004 -0.0850484363424273 0.0502165934257883 0.114100578311862
0.0303064348020649 -0.0844356185706563 -0.0175873686185205 0.106100722377185
0.0971994776925386 -0.0408737250158568 -0.0618646366876739 0.0635406485020124
0.0778765811347705 0.0289749247662789 -0.0759779281944911 0.0280233301508144
0.0188567718373282 0.0627057626759135 -0.0593247502895586 0.0459103918878098
-0.0347106596074325 0.0730248425619489 -0.135661641559921 0.107275598334618
-0.110251846535651 0.172203661883189 -0.130426613789961 0.0639488322348444
0.0456236654135141 0.17651588875311 -0.0723829840807127 0.0286456889514558
0.174901409285596 0.0399390993441246 -0.115798247142339 0.0381305076372766
0.137596732739835 -0.124687120755516 -0.083972301488542 0.11725883981908
-0.0121292580297774 -0.145621312245688 0.0290506368494403 0.146178356882495
-0.0870069686722324 -0.0981939837989864 0.0999286243453403 0.117806179444393
-0.138707468273895 -0.065403697344158 0.125973756319069 0.0773436286354949
-0.140998811383425 -0.066120404862576 0.100660067541486 0.0623062350023035
-0.12238414084934 -0.0889092343062156 0.0850996404979611 0.0683559249003671
-0.0456178474451039 -0.138468284221167 0.0405255095890096 0.0745764663752104
0.0551403227856444 -0.143351820764442 -6.18279135380131E-05 0.0663797414630531
0.176583458846751 -0.0597039998424519 -0.0243097825308721 0.0455069025692263
0.133612864020235 0.0828867901249572 -0.0422912054461699 0.0448088268981594
-0.00661983526581322 0.14237719895504 -0.0248698511064681 0.0704909297701542
-0.110590749827287 0.138331116740273 -0.0786108438132834 0.0972343653285225
-0.116962006559588 0.1977573998365 -0.0899993961692427 -0.000133546969030807
0.0437761037121064 0.19175295254182 -0.0516751854600981 -0.019664502379175
0.19435302817218 0.0554964441764702 -0.103393276364962 -0.00806618048938122
0.170334584053514 -0.135207288904124 -0.0953309081494655 0.0649668856199364
0.00116465574628149 -0.175262954538757 -0.00525300422957025 0.0994437446551455
-0.0957018305180881 -0.122067036983422 0.0471231169017461 0.0819652458885854
-0.169782099947456 -0.0846430236485159 0.0642635598869014 0.0492051466369331
-0.176389987460994 -0.0880373609069428 0.0380452994348107 0.0282688911286367
-0.151485431452498 -0.111038776788336 0.0375073153828809 0.017839119942486
-0.068149987886788 -0.166172910143257 0.0176122993562763 0.0221813790583409
0.0546158456207822 -0.187480471465915 0.00707589345071129 0.0084362541532801
0.226722770094548 -0.0908654054825634 0.0117046251295646 0.00266183890107873
0.188083494453744 0.113427305651371 0.00337213111509083 0.0317666864005066
-0.0100555503439629 0.210313066663204 0.0338700106577448 0.0652937117979507
-0.161922389373224 0.195733715356629 0.0126262521886032 0.0647224227868312
-0.119380630883998 0.185660184694952 -0.0419736742552562 -0.0511379456300276
0.0117260646143416 0.18222161400941 -0.023634548016031 -0.0525787380490406
0.174658182364781 0.0855309159068504 -0.0694104311324677 -0.0449274483205157
0.190699632059962 -0.10208791166215 -0.0837019965131679 0.00654711265972157
0.0358104467680498 -0.173450127275404 -0.0287033991669153 0.0397814871690135
-0.0755589617627753 -0.132250848161698 -0.00391168750219521 0.0328281452133846
-0.168390020915741 -0.0961301278900604 -0.00206745131947791 0.0127708358498069
-0.184740400242043 -0.0985060957208725 -0.0306427148209163 -0.0107385489196608
-0.159506658927251 -0.114833034064962 -0.020407955446637 -0.0357356221575196
-0.0859332568058482 -0.163319851022011 -0.0173636673699926 -0.032883928128377
0.0341364972755607 -0.199901082426242 -0.00378163870332781 -0.0537221931156496
0.229998339282457 -0.118604600674805 0.0296157231918687 -0.053455980384701
0.217333650014652 0.108928309414607 0.0399474048261955 -0.0077950811759169
0.00733866072307274 0.2410005513011 0.0956199824827684 0.0245298562076207
-0.176166861924562 0.229112567332483 0.115613691251372 0.00675872711315979
-0.115454165252585 0.14705746286269 0.00959970966075645 -0.084598810961711
-0.0316850114153419 0.15804499985967 0.00520480834673101 -0.0641944140758457
0.12880573969554 0.114054708828692 -0.0210372943608739 -0.0549072213880089
0.187057856667941 -0.0485450093685176 -0.0433666845269331 -0.0347877522936697
0.0683462345810318 -0.143149545909443 -0.025560017662188 -0.0215181142303332
-0.0408336881029752 -0.121003376995808 -0.0398268886285875 -0.024969721158796
-0.140323600313605 -0.0911106122469513 -0.0631948767305769 -0.027680544704934
-0.16855292745247 -0.0910273145874319 -0.0972373437122112 -0.0468419190464343
-0.14796558013822 -0.100851884988333 -0.0817520196972875 -0.0781360411300147
-0.0929031509685604 -0.134208709019431 -0.0606915731650795 -0.0763171534657641
0.00373730155134104 -0.178553811980604 -0.0319283300986604 -0.101950102943102
0.188070540818627 -0.130136967914072 0.0223607958994146 -0.104272675758731
0.208106254882285 0.0730581049183561 0.054196149172223 -0.0563582829119661
0.0344197636382174 0.215063827527372 0.13585363279228 -0.0378786004410247
-0.150022907452065 0.223041845605513 0.203991531747366 -0.0693910038837183
-0.10194894822719 0.0935331099757103 0.0648218855202181 -0.100101262423564
-0.0658130618919425 0.12154883071279 0.0302424288619827 -0.063774591611463
0.0733466392288147 0.122098204596138 0.0226642121440098 -0.0386015374150032
0.152118901671744 0.00105419025394841 0.0114641548173843 -0.0484526256058233
0.079751858197244 -0.0932774988032053 -0.000583404310248345 -0.0688463221703562
-0.00518746883486338 -0.0893904490961143 -0.0549779419379611 -0.0796614364828367
-0.0894078086492229 -0.069683337912427 -0.11013398721742 -0.0672194943514919
-0.124102961058477 -0.0691255362948139 -0.150027490921635 -0.0750131301950058
-0.110371921168805 -0.0754903861081774 -0.134920689006894 -0.106408157943966
-0.0772034907676107 -0.0892707016302321 -0.0992973343009686 -0.106259950761443
-0.0167369115284097 -0.127734062465616 -0.0615225989589709 -0.132094530505034
0.120296804421222 -0.110866047259471 0.00624521494647659 -0.139088521709767
0.157430645614146 0.0288355910611818 0.0569194806557595 -0.0930673718127421
0.0484096100191802 0.143537003626165 0.146938743078483 -0.0901342536588673
-0.0970041712591809 0.171907417747743 0.252656421439789 -0.139753379052645
-0.016135965709124 -0.0672289055013972 -0.173406907299807 0.209382326399933
-0.0454450405130155 -0.0332507695751607 -0.08580394943401 0.16524853556248
-0.0691762539465368 0.0121279182933729 -0.0441134370701791 0.110593894595219
-0.0305082819624652 0.0648304609677359 -0.00702872402115767 0.133728313741748
0.0265111327941187 0.053660298286232 0.0714285570978299 0.153141277858851
0.0438071611520522 0.0213013360003506 0.150417471173827 0.120279915518719
0.062370946399542 0.0125471412208316 0.193462266817353 0.0772249957255609
0.0595896534530648 0.0307039759615418 0.19107328903846 0.0637935067508776
0.03072797932443 0.0462396632992864 0.150522076829491 0.100440163339639
-7.01208302644118E-05 0.0502095095534138 0.0795282580568763 0.108398554663148
-0.0382526541816811 0.0434119164798565 0.00619707965588344 0.117421876468399
-0.0766848719413472 -0.00915477092686076 -0.0522976093660297 0.0796303780128801
-0.0328289276923732 -0.0696605379986637 -0.0691592090747547 0.0100442567040894
0.0523697004181356 -0.0744219311600757 -0.0585554733008723 0.0186836256751025
0.0919553234687201 -0.0652980064451313 -0.125029113350483 0.119972401657915
-0.0520625845466167 0.0351623500886705 -0.169780117225538 0.201670566822754
-0.00311875355472502 0.0555986441173848 -0.0794838448339631 0.150466588690225
0.027395304538659 0.0185443981165317 -0.060422505735465 0.115442477427028
0.0277329134943128 -0.0114944607741979 -0.00874001294253039 0.153994227011216
0.00698902441287775 -0.0191417577181778 0.0907259054677239 0.160007109473081
-0.00763100546492054 -0.0208242902594812 0.167408499040474 0.121743440080154
-0.0115481208989205 -0.00899854750483526 0.205031638685543 0.0765737183073427
-0.0154293333389751 0.00436140761937657 0.190317030407094 0.0704954580476819
-0.0293611272307948 0.00345227810972331 0.153043220640784 0.106474207935638
-0.0199915573428792 -0.0153889840355371 0.0771427368561596 0.119620963004231
-0.00907880498950381 -0.0203266436417685 -0.00561774484255367 0.126158016242136
0.0046761286582392 -0.0309649635146223 -0.0685991998338117 0.0800314624852979
0.0221027910143141 -0.0301133544468016 -0.0831987811658148 0.0185797793898784
0.0439138867394925 -0.0138214445730899 -0.0627008932421176 0.0288185523580643
0.0402832146341661 0.0053299823634762 -0.137736187998626 0.125951191077716
-0.0756624445823138 0.123124118831364 -0.149707274868901 0.157435775827366
0.0422701698953279 0.124470005084207 -0.0739236892851856 0.103556256031131
0.114280847958125 0.0161527701003689 -0.083213334000693 0.097970104276455
0.075680206966089 -0.0863512236600548 -0.0267128637581184 0.154209051373175
-0.0170883245548621 -0.0862517227564479 0.0835636121463095 0.154500715259774
-0.0596952273482925 -0.0565170184437062 0.155299446616459 0.114250267446681
-0.0850123311891042 -0.0280389880260215 0.18270997475616 0.0678280902443408
-0.0865982462082429 -0.0228865927093533 0.160299226219122 0.0639762646918435
-0.0848456467628795 -0.0393213709769611 0.135277359553044 0.0905213881064346
-0.0390034238945732 -0.0799097421666433 0.0710691394924479 0.105601871019971
0.0214959458830134 -0.0849716852807467 -0.000529467846070553 0.108797647035062
0.0899701391376215 -0.0519749092666402 -0.0529540174538688 0.0740789452662608
0.0783704833378606 0.0197234812371095 -0.070324692032146 0.0413617440620103
0.0252827496718791 0.0595514228284484 -0.0520292233642212 0.0537370226824681
-0.0273038745118694 0.0788395078440848 -0.118808859870226 0.123916134139977
-0.0874350220772146 0.183379378538226 -0.123157221321857 0.0930278043221682
0.0680511705395082 0.165671305682839 -0.0667100403583257 0.0478430187337388
0.172895247657801 0.0178517353864 -0.0967503801545048 0.0620626298405674
0.11535226801232 -0.137679748078629 -0.0518973913172382 0.127544418727903
-0.0275828228898334 -0.139086316091722 0.0525478378974123 0.130886540419505
-0.0962177393384141 -0.0872155253775801 0.113605410568983 0.0978188351958782
-0.142532852036456 -0.0461086010875441 0.133816263176802 0.0538581097007835
-0.144803704568103 -0.0484668883751664 0.10883330285781 0.0458556550518049
-0.130915547202393 -0.0728873797785128 0.0984757127668442 0.0553405602146409
-0.0620483474959169 -0.131081967926492 0.0561945700240844 0.0677717476030017
0.0395426909733366 -0.145969571144358 0.0107303792641357 0.066724196729091
0.166629165051612 -0.0814787223118743 -0.0201113558897102 0.0513216222444333
0.13872366395748 0.0665672313555524 -0.0343100349545312 0.0539043533654416
0.0113829820209381 0.14114011521423 -0.0157682587060089 0.0707396854815236
-0.0934162684571631 0.152484340307258 -0.0647188858607645 0.104884323041967
-0.0911713633912063 0.207002783263494 -0.0945960727842739 0.0239490744407957
0.0672592749160804 0.180618287915028 -0.054180364643406 -0.00296901378339631
0.193410620569743 0.0294834395616901 -0.0908707732035905 0.0159139883778322
0.145030424501776 -0.151741372327943 -0.0687851872463193 0.0779936611845775
-0.0196185242286505 -0.168803199018147 0.0124997580484493 0.0874411419002453
-0.107406859158846 -0.109178476757364 0.0553518447724478 0.0688274466790357
-0.175326975857232 -0.0606477732996288 0.0661568074581777 0.032482492582592
-0.182415540294282 -0.0665361226588891 0.0414652938168683 0.0206392707343609
-0.162874003094058 -0.090665192637767 0.0441321091894323 0.0118532957459028
-0.0882680209705483 -0.155303140349298 0.0258363593905463 0.0188122032259601
0.033642880727951 -0.189384114293234 0.00834078314626413 0.00814848567678825
0.21318577549052 -0.118719373420821 0.00786297751214447 0.00491732296441694
0.195460408202486 0.0899288941993744 0.00892648534325402 0.0351622981392625
0.0178870508513537 0.20843771941011 0.0396841523435254 0.0553836072576742
-0.136459737278963 0.214395818180452 0.0195125151443436 0.0587403925649508
-0.095486239845774 0.194290798624185 -0.0564343698586523 -0.0344149035340659
0.0341067234469402 0.175112796119697 -0.0333509434733699 -0.0407254393140682
0.17759765505474 0.0601643252990441 -0.0650472093999866 -0.0237893397907212
0.168381019981792 -0.12378769960152 -0.0659574924403121 0.0216229361109173
0.0128633744766239 -0.171416599857474 -0.017489557053564 0.0327623693932495
-0.0895377252710253 -0.120282344940264 -0.00177961794255958 0.0269016263404936
-0.176594376148246 -0.0709726678313558 -0.00490951128457858 0.00445808886544318
-0.192954881175687 -0.0750543580857598 -0.032215986007715 -0.00858163122981348
-0.172506972751959 -0.0928607975484486 -0.0215667700079128 -0.0321922442395976
-0.106016219911632 -0.150351597960063 -0.0179087213317725 -0.031171491290961
0.0116144898914799 -0.199467901631266 -0.0116273583811031 -0.0516410956681801
0.213023227905115 -0.148044593828291 0.017145002652893 -0.0523255269469553
0.223702399902384 0.0817520222329299 0.0392125134764998 -0.00936096273467209
0.0398519788781424 0.23583431460722 0.0925129319112359 0.00500951405935131
-0.145862779665618 0.24791737770122 0.112512014697091 -0.0125189207104274
-0.0963156883395415 0.154760052587799 -0.011261854165134 -0.0777874636244063
-0.0110120197360098 0.156584665429289 -0.00809628765483564 -0.0586287464719632
0.137997743832051 0.0927651032914137 -0.0228756779965255 -0.0401367405154269
0.171675566847894 -0.0732511043088437 -0.0339724249776824 -0.0226782562152832
0.046848374343861 -0.147237962662691 -0.022188197191552 -0.026456257894545
-0.054938602106619 -0.113715184589793 -0.0446727203380202 -0.0245557152513361
-0.148204240400589 -0.0689846806379404 -0.0708646902728566 -0.0272110510253402
-0.176632170442412 -0.0690470491176747 -0.103240274966259 -0.0347140152776959
-0.159010732288394 -0.0804984323571551 -0.0902800711867228 -0.0660684772099766
-0.110061150692075 -0.120459272751484 -0.0677692228835225 -0.0676163621801615
-0.016244288579668 -0.175893942625243 -0.0474851738919005 -0.0946866186268562
0.16991853609283 -0.154383314074563 0.00278308949332478 -0.101836738311515
0.21083258058165 0.0472450188535547 0.0461842490206807 -0.060269422986722
0.064262237551648 0.205684617201917 0.122041090431828 -0.0614100290068037
-0.119754067701135 0.23710554866332 0.188184871474491 -0.0999568865384166
-0.0883452636040955 0.100232280507695 0.0414696262701753 -0.104577898875635
-0.0487648135887634 0.125141991951757 0.015842659772474 -0.0637953512072896
0.0862457739426254 0.106816066088464 0.0196064967607476 -0.031078780786864
0.145232107470191 -0.0219824159157824 0.0139491740408 -0.0430488506117428
0.063462407278951 -0.101004957725302 -0.00440669456039867 -0.0743436944343804
-0.0173392087509965 -0.0866408431335571 -0.0660625094985758 -0.0754722993058767
-0.0971279831987592 -0.0545170623496189 -0.122003078119773 -0.0578945486068404
-0.130584635288719 -0.0524245763089535 -0.159958282919703 -0.0539375919493195
-0.119703463207294 -0.0595404074160969 -0.148505943224357 -0.0858052680335864
-0.0884572298237404 -0.0783687767349512 -0.112983145037552 -0.0919292028197466
-0.0313518234198308 -0.124075541874182 -0.0817747554986466 -0.120318930233585
0.105087074426686 -0.127569338264701 -0.0171095487846447 -0.134383756211987
0.157029821018246 0.00955710323916931 0.0427248492355216 -0.0984269314306084
0.0689286332761959 0.133717691714178 0.125833736031588 -0.113144366067225
-0.0734705256043725 0.178539891998161 0.227416444335416 -0.174985427319275
-0.0167086236429391 -0.0662913979845021 -0.169627018719866 0.210436872571998
-0.0451712791586015 -0.0329818621513259 -0.0831105417513329 0.16550706688191
-0.0685408935413296 0.0129845852016331 -0.0425474846856095 0.110640594684845
-0.0299235542135499 0.0651730034050382 -0.00576776328779706 0.132103729758053
0.0268848759869591 0.0527910221195931 0.072672291905213 0.151456037202281
0.0433326825195026 0.0205653481487941 0.150250277947151 0.117809731684044
0.0623775100105474 0.0116254285638445 0.192788031425925 0.0746484471294946
0.0599203309149998 0.0296397274981398 0.191105941681731 0.0611798633771811
0.0314142005826513 0.044807937399461 0.150346360204737 0.0976984446248934
0.000692617808411825 0.049758112042155 0.0797683778764271 0.106715202862569
-0.0374645519883183 0.0437893533938296 0.00752055797851241 0.116591887051191
-0.0762618768082749 -0.00792813305443288 -0.0519252725551286 0.0793476013745198
-0.0331023336472175 -0.0686469213682842 -0.0687114766538453 0.0101789489383679
0.0514044023402886 -0.0746374891213867 -0.0582430625954637 0.0190815072410263
0.0905156140507636 -0.0662889317225639 -0.122256204194886 0.120647144827544
-0.0511394151133404 0.0355056948440261 -0.166546513056345 0.202955948117521
-0.00211400406049981 0.0551609894507023 -0.0773569837563941 0.150573328324604
0.0269735525809526 0.0178983323965091 -0.0586791188358716 0.115305396614614
0.0269674032277675 -0.0115868000727356 -0.00723178423735483 0.152320982600394
0.00668539373558385 -0.0191882832100663 0.0919759573282035 0.157752267572509
-0.00811583515990152 -0.020686678429611 0.167777624365102 0.118594638423552
-0.0116315001606228 -0.00911208034487858 0.204178802607237 0.0735586762434286
-0.0149403249487412 0.00435319103967628 0.189581628945413 0.0678548130007902
-0.0286806295898472 0.00385750987073257 0.152873138550329 0.104291966482244
-0.020011136495877 -0.0150028559869072 0.0781237445653925 0.118611247392916
-0.00851473049607517 -0.0198154366609414 -0.00461940063824707 0.125959809112722
0.00426912638315876 -0.0303938715389254 -0.0675490423558545 0.0795088654420134
0.0217082880364052 -0.0295904059820779 -0.0824021749537583 0.0186471723735815
0.0435934737142717 -0.0140424603516998 -0.0619985347931888 0.02848367942343
0.0400874666507198 0.00451495559129602 -0.134924959765057 0.127657105897181
-0.0732572365360413 0.123636334970712 -0.146881615986358 0.158416265549649
0.0430520163116241 0.122864710596233 -0.07219125427635 0.104243366872412
0.113704206963861 0.0146292191053525 -0.0818961510142456 0.0985845203666446
0.0739546748722943 -0.0869318063974 -0.0248893971448596 0.153466872680378
-0.0180659793012708 -0.0854095925278807 0.0846720760471862 0.152188531234365
-0.0598258641627898 -0.0553780986591386 0.155495841748967 0.11169276320404
-0.0845684785683691 -0.0271515123706192 0.182307525842629 0.0653305867466585
-0.0862575129794029 -0.0222506385373328 0.160298894667303 0.0619617174669653
-0.084240258739996 -0.0380725326399519 0.135453895675501 0.0885468799517648
-0.0390770385005334 -0.0788386150795229 0.0713140503216864 0.10406487013673
0.0210900137429825 -0.0845852781326498 0.000350310760260184 0.107772957288701
0.0889694955481669 -0.0520157085085548 -0.052013954683509 0.0739567291679875
0.0778787066857705 0.0193248987686599 -0.0693299308717587 0.0417456198722652
0.0253684333609108 0.0590661456140751 -0.0512283207399106 0.0535860167091054
-0.0257726069701051 0.0787839686104871 -0.116867791878373 0.124349075311321
-0.0843159875150607 0.183196243571838 -0.121978478761599 0.0939502724493265
0.0698186107231908 0.164477587236635 -0.0655683964601933 0.0480271553287315
0.172410116412713 0.0153663416531541 -0.0959383264798561 0.0626591079120567
0.113058728479367 -0.138121486468943 -0.0495819325953383 0.127092270486931
-0.0290498885514194 -0.138466770613678 0.0533581002257618 0.129445064281727
-0.0964332901560013 -0.0857028441610496 0.114043777014938 0.0957212858357218
-0.142029878467267 -0.0445838162733742 0.132784257993727 0.0514429164435711
-0.144486471456665 -0.0469489647973373 0.108381288534722 0.0443670548904958
-0.130595517413554 -0.0710352070775266 0.0984782381271593 0.0536660995107281
-0.0625731433687287 -0.129271966835129 0.0559800674085965 0.0662612368165702
0.03814194596046 -0.145638921019475 0.0112038822443589 0.0658944245752967
0.165000736958383 -0.0822024837470995 -0.0189877082710758 0.0512404857752316
0.138373048623295 0.0648730599075218 -0.0337527906528534 0.0540158608049223
0.012723019676602 0.14066206651692 -0.0155811692229145 0.0701875696243595
-0.0909834801924991 0.152151973400366 -0.0632831799431913 0.104703730219107
-0.0885120515234799 0.207059303463305 -0.0937741162051947 0.0250186730993205
0.0686128034033023 0.178670068833426 -0.0537349681334367 -0.00213862461660434
0.192767157702482 0.0269399134896429 -0.0900534927414413 0.0171142366881752
0.142370997079188 -0.152916043388658 -0.0677104029977597 0.078403828639585
-0.0212967705098934 -0.167400801617146 0.0134158653646737 0.0867343980338552
-0.107801478092255 -0.107146584698041 0.0557237998012537 0.0674199009011201
-0.174898628112157 -0.0584947662181829 0.0662695015068306 0.0309925770561454
-0.181592091097469 -0.0634791852243801 0.0414246969275162 0.0200664632002945
-0.162335953278177 -0.0884321011297704 0.0440936563874777 0.0106991353661011
-0.0888783147780376 -0.153281035134769 0.0261139315653142 0.0182521155770635
0.0318860440019008 -0.18842309652767 0.00827813275668771 0.00797527865039606
0.210236934378622 -0.119938722978448 0.00882695279108701 0.00498411664555102
0.195151863902564 0.0870766691188275 0.00898978825501677 0.035400868675713
0.0195684204481011 0.207624399433242 0.0397962849810361 0.0544444820536432
-0.133063637724918 0.215286179764576 0.0198993519877625 0.057987065262594
-0.0926666079670851 0.194140617292686 -0.0565963270637166 -0.0333361375378795
0.0361836877770198 0.173892379583104 -0.0331580474200729 -0.0399326370144535
0.177847596049741 0.0578667579221522 -0.0650662549902396 -0.0228140288927581
0.165972918175317 -0.124903007608528 -0.065156985500371 0.0221162838248259
0.011034078187035 -0.170412132248578 -0.0165057935018243 0.0327293401515836
-0.0904522702993962 -0.118975963831446 -0.00105243432805996 0.0266493008986136
-0.175659464680267 -0.0684743804429911 -0.00476270965771937 0.0043865872397828
-0.192493444189892 -0.0720862223600898 -0.0317684885354829 -0.00839983266303143
-0.171865698406554 -0.0906952416670107 -0.022025093854713 -0.0322659179489789
-0.106469121831719 -0.148554749560837 -0.0175947633449818 -0.0302321670102206
0.00932310225190703 -0.198511239263193 -0.012451782237415 -0.0510332403852751
0.209652085403747 -0.149862687425461 0.016598989956147 -0.051663669773832
0.22351977009421 0.0790961009446919 0.0389265822454486 -0.00920513367874488
0.0417874926135829 0.234243505536864 0.09154339288526 0.00415310990536865
-0.141651735093539 0.247492405756619 0.11094363513521 -0.0141041051262394
-0.0938546303564592 0.154668204597856 -0.0120248954806121 -0.076787914891671
-0.00890207987781416 0.156008387736102 -0.00846105210091765 -0.057692994942629
0.138400219556032 0.0903532618024521 -0.0228629143536106 -0.0392916248227044
0.17008189793175 -0.0751420061178637 -0.0337467452922385 -0.0217963472688609
0.0443390562598093 -0.147160514378701 -0.0217501912903182 -0.0257850714042639
-0.055553086888943 -0.112437182553025 -0.0434279934488836 -0.0243546541635756
-0.147850778050163 -0.0670800288778929 -0.0703429810975697 -0.026359156281918
-0.176011406254836 -0.0661473053772486 -0.10319076252737 -0.0333416470451009
-0.159533289937697 -0.0782963701499113 -0.0904262715927108 -0.0646441379124111
-0.109947052295653 -0.118401987849679 -0.0675888820370249 -0.0665194190467859
-0.0179970819310093 -0.174761797390639 -0.0483637497209575 -0.0931581540012787
0.166956859697495 -0.155615456904961 0.00198731453271632 -0.100737897317394
0.210408368918848 0.0447635591937403 0.0451400624613186 -0.0597588537107213
0.0656762368981845 0.203813821294326 0.120241391634949 -0.0624232658970138
-0.116644521088837 0.237122388177803 0.185409297731603 -0.101823908333941
-0.0867007531697816 0.100656622602001 0.0400374916747326 -0.104565483452045
-0.046839374505145 0.126051307529128 0.0153427051705974 -0.0633347599082245
0.0872104422763452 0.105080902277954 0.0188843132941871 -0.0309287910517984
0.144312107618979 -0.0235789426652571 0.0137249600425939 -0.042407808882109
0.0618405797885893 -0.101559814690699 -0.00397964026487713 -0.0736842789626568
-0.0176466447351257 -0.0860834014454651 -0.0657592098808775 -0.0747000476444512
-0.0968974775470369 -0.0530406183878085 -0.121289718547036 -0.0560561079263966
-0.13021248994683 -0.0499107070239963 -0.159306074450254 -0.0520560658931026
-0.119660865629954 -0.0578120130054578 -0.148385926766935 -0.0835084269140576
-0.0888073716610696 -0.0769270701795329 -0.112682640993422 -0.0893986859733549
-0.0320439330128057 -0.122972919837035 -0.0821430095289445 -0.118122679055336
0.102443927928473 -0.127163265312344 -0.0182486117932608 -0.132718538007154
0.155747026750974 0.00786923634131493 0.0413653013556181 -0.0978383626467382
0.0697522562934137 0.132089030641553 0.123418383842666 -0.114135267169872
-0.0704771059150028 0.178447566317218 0.223026508799157 -0.177642683597461
-0.0166268810757636 -0.065739881267334 -0.166439102057526 0.211288126959325
-0.045057569859559 -0.0329101385631626 -0.0812658599097896 0.165568580603638
-0.0682447162462142 0.0138876226975766 -0.0415348880472621 0.110225688022737
-0.0296443304391837 0.0652528655149957 -0.0044955766348315 0.131489551522612
0.0269317632587298 0.0520924970537488 0.0730270112257591 0.149239577859242
0.043067239896672 0.0198947779451899 0.149391475684763 0.115897830570132
0.0618929235155491 0.0110748588810985 0.192065960567826 0.0722969756606764
0.0600339922295863 0.0287766855559009 0.190053183712719 0.0589320810098953
0.0322010108757302 0.044328606059414 0.150316074413383 0.0963044190662923
0.00128936550328882 0.0492382170265329 0.0795695780653981 0.105919042925316
-0.036338731341952 0.0440446938239319 0.00739841905832572 0.115934807805466
-0.0754836878809185 -0.00695163752095323 -0.0515225376072213 0.0785218277326735
-0.0334688068502881 -0.0676927618046484 -0.0683782513865789 0.0102862274983979
0.0506254712963416 -0.0746510972737782 -0.0579017519040625 0.0189509606625987
0.0891686662052729 -0.0667484084736135 -0.120039126671732 0.121315567458772
-0.0502790688372407 0.0358042763477693 -0.163853998742308 0.203756160474884
-0.00106038612069279 0.0542453065567749 -0.0755186361646523 0.15080129710626
0.0266220232864797 0.0174271999004943 -0.0577117232683176 0.11491086902492
0.0264302213625381 -0.0116941703826996 -0.00580689588514251 0.151171553801432
0.0062320179341367 -0.0186716708545303 0.0920650302826482 0.155641427197167
-0.00805580276658528 -0.020102576020388 0.16756456948437 0.116272659859804
-0.0118162364171569 -0.00935260549479685 0.203188543930195 0.0713697139734488
-0.0143491293802038 0.00434980704310872 0.188954392747879 0.066167996370951
-0.0284541611763605 0.00370497219680263 0.15279978758079 0.102352593662846
-0.0198179244493734 -0.014998389405226 0.0777902235310098 0.11756319406931
-0.00846628421230792 -0.0194595956422285 -0.00403264720743986 0.12466976214889
0.00397994257395643 -0.0300594254250657 -0.0668843507413439 0.0791918887429209
0.0211469956964056 -0.0294264257116052 -0.0822697733394946 0.0189759168970071
0.0429199730920295 -0.0144088223730288 -0.0616921797036983 0.0290324239788936
0.0400403180831516 0.00416800914516836 -0.132864659920769 0.127670978327881
-0.0714487914619259 0.123486387514908 -0.144981161620787 0.159063888093947
0.044417844185405 0.121899195127547 -0.0706989289217625 0.104556250919813
0.113094808016045 0.013076044552493 -0.0802982482873486 0.0986404461010892
0.0726449742441566 -0.0875463344824519 -0.0240102649416559 0.15271218982553
-0.0188018892444913 -0.0851053444538551 0.0849436642223712 0.150981418859707
-0.0602208507044466 -0.0546240948554821 0.155593096162519 0.109522566208645
-0.0842608718291457 -0.0263550693341992 0.18127838544832 0.0633204475237368
-0.0857732856027912 -0.0212524666926508 0.159625907399945 0.0602091723818148
-0.0840857197372587 -0.0372389842016981 0.134840406462424 0.0863692399539851
-0.0392858405350473 -0.0783280631212345 0.0712123506527712 0.102827331230533
0.0203400788341319 -0.0842651748510025 0.000719964220730026 0.107478364620242
0.0882717310769329 -0.0520886048256263 -0.0511546995547039 0.0737866757811227
0.0769736478990031 0.018839075847157 -0.0686448329084543 0.0420796089204847
0.0252572770045649 0.0586501227804712 -0.0507593887757918 0.0536121700481678
-0.0250213537712198 0.0780066300287097 -0.115203426313568 0.124594492105662
-0.0819264659391371 0.183285453198678 -0.120361971131733 0.0950165488609261
0.0710508692937179 0.162894371836583 -0.065110047612355 0.0485111428148425
0.171108174980794 0.0134539949453405 -0.0946483841514719 0.0631522274996168
0.111096263659667 -0.138633614468445 -0.0484727774479836 0.126520952609059
-0.0299949266830597 -0.13693850799205 0.0540532671463718 0.128339151705087
-0.0964937951281987 -0.0842330233306069 0.114413710010405 0.0941828504357659
-0.141486171589573 -0.0435142581693342 0.13264701676764 0.049883473776444
-0.144031841062923 -0.0453405147165697 0.108279622590399 0.0429828859255371
-0.130120886406537 -0.0700395265972171 0.0982567429015896 0.0523199611739988
-0.0629114123852873 -0.128425161389186 0.056617606089551 0.0656095569403675
0.0366941075004858 -0.144701248618436 0.0114931375041596 0.0654163680484493
0.163209350229615 -0.0827296187002048 -0.0191638866200616 0.0514204159723379
0.138130541663279 0.0637638654938937 -0.0333496021566973 0.0543034497168333
0.0131392432970612 0.140255124017768 -0.014760698910049 0.0698457318600655
-0.0892121358511043 0.152042307729185 -0.0623380313938732 0.104487446452468
-0.0855481571355169 0.206623054178705 -0.0936407417972247 0.0269227984975121
0.0696478421529735 0.177568544085097 -0.0533504643508304 -0.00181546377181388
0.191922001356853 0.0250058343168167 -0.0895338913289605 0.0176217202129871
0.14035458743381 -0.153386329850527 -0.0660923769270638 0.0787021163543628
-0.022393673390723 -0.167213485773845 0.0139569675827063 0.0861433233620641
-0.107830878435653 -0.106235782138227 0.0563699450491527 0.0660790379741632
-0.174325947983741 -0.057122820268602 0.0660463051972828 0.0304568889485561
-0.181076719908015 -0.0617363766883498 0.0415660834278063 0.0191810177479793
-0.161687517010919 -0.0864274912784823 0.043671819950158 0.0101688517384276
-0.0894745688624608 -0.152144352487915 0.0260757519367748 0.0180084240261759
0.0303216992083217 -0.187744203289149 0.00844770681341044 0.00791978457934945
0.208148806982093 -0.121316232015537 0.00842836870270902 0.00527390580541834
0.194606935712524 0.0858241520160958 0.009585325358006 0.0355340030795502
0.0206395598923265 0.206509555383436 0.0399284210065743 0.0537714916055798
-0.130326708107435 0.214325674913425 0.0200178195453609 0.0573910809351076
-0.0904600556654087 0.193801677591687 -0.0566722278373969 -0.0321379066776534
0.0371543448729629 0.172881936864946 -0.0331248468827792 -0.0395582953547386
0.176985089279722 0.0561276465951338 -0.0649417816258501 -0.022133537827953
0.163948087344715 -0.12609809044779 -0.0643440439406763 0.0228672851380176
0.0095048689953109 -0.169874028676881 -0.0160821296366984 0.0323338122171304
-0.0906146706767205 -0.117675106450574 -0.000293847863779165 0.0256579586297029
-0.175028185661554 -0.0669974295051004 -0.00470745634568754 0.00401815480382605
-0.19191558432839 -0.0694705434951155 -0.0314266384483601 -0.00794945264997787
-0.171650384355813 -0.0890473946826104 -0.0221853300679018 -0.0323314285089311
-0.106576374923724 -0.146819894346468 -0.0175751199903233 -0.0302585043044438
0.00773019436054723 -0.197792707796585 -0.0125483940857572 -0.0504343357663305
0.207286343264316 -0.15062004834569 0.016821491057898 -0.0514678091799761
0.223173934211545 0.0762933812163988 0.038437460761663 -0.00889342794328871
0.0436669809344057 0.232750316798539 0.090685762759637 0.00343227122190402
-0.138890775857711 0.247643169954489 0.109773768753362 -0.0156023682962674
-0.0919149299166924 0.154026373695478 -0.0129804885538644 -0.0755929015905264
-0.0081609053672325 0.155854356719397 -0.00901392643799857 -0.0568624976541806
0.139029752602493 0.0885260485470442 -0.023287417299996 -0.038477024493632
0.168830133194158 -0.0764591139864002 -0.0333526697724005 -0.0208139369250717
0.0433008438911899 -0.146787712510927 -0.0212300314059088 -0.0255562009711793
-0.0558025313809985 -0.111956424958408 -0.0430844137843174 -0.0242581303851216
-0.147097112364484 -0.0654731278379744 -0.0703026948750813 -0.0258630360150182
-0.175488538370831 -0.0633635915414879 -0.102306546995264 -0.0322748652025837
-0.158462923609601 -0.0764700936818068 -0.0902503800538921 -0.0636248743756357
-0.109960643096301 -0.116864850446616 -0.0677933461755962 -0.0658958371055042
-0.019450273619513 -0.173350018314782 -0.0483750699937861 -0.0921943331637713
0.164214232912814 -0.155989845546159 0.00151610590504154 -0.0997986560605944
0.209416523082698 0.0427832751229761 0.0442817203985098 -0.0596680409868546
0.0663676310022074 0.202885183285646 0.119187377300506 -0.0635006528922059
-0.113705268564383 0.236629518979377 0.18285600659341 -0.103825569817816
-0.0856239813754724 0.100875683176479 0.0384131942337641 -0.103931854854177
-0.045703526626548 0.125766728121541 0.0144732663850737 -0.0626051919206284
0.0881596229869468 0.103462778465157 0.0186007972841206 -0.0301095879389099
0.143516861167183 -0.0253980546704092 0.0142787709218297 -0.0417178730686859
0.0606181262540452 -0.101937430325941 -0.00397298523807351 -0.0734152499025214
-0.0181304799669907 -0.0856874103974989 -0.0650864433799238 -0.0744393056392611
-0.0965211392568589 -0.0518990577612479 -0.120346839436294 -0.0544952287431204
-0.130352855475837 -0.0484902480480652 -0.15832727577645 -0.050338901396239
-0.119210875384263 -0.0562781568103523 -0.148316818031695 -0.0818245238210387
-0.0886080117723275 -0.0756214325637925 -0.112174428548975 -0.0887044910504833
-0.0330700322365805 -0.121891320117564 -0.0822799323305955 -0.116735303937581
0.101090641203349 -0.127881292619978 -0.0189711315940443 -0.131387223317551
0.155221398675436 0.00654192797152166 0.0407867100540837 -0.0971061112457084
0.0699462505987187 0.131051936522416 0.121541252082791 -0.114748690173984
-0.0689514797557485 0.178019490383399 0.219962269473878 -0.178526006207001
-0.01667927220068 -0.0652701065645829 -0.164429973016515 0.21137123592754
-0.0445933160779579 -0.0329301199263391 -0.0797799867735048 0.165494397927484
-0.0686026226209335 0.0137974371378532 -0.0401899010407751 0.109534228492803
-0.0291170069702431 0.0651973708006024 -0.00403052540000123 0.129804931276187
0.0274239565456677 0.0521128387837926 0.0730014455900752 0.148523842532108
0.0426667516146919 0.0199529647243087 0.149345780941292 0.114545690623736
0.0611616119574617 0.0102974800340817 0.191230211792991 0.0701072828271259
0.0597529918615746 0.0279222529538686 0.189198966188372 0.0576239239447918
0.0324900371235214 0.0444078014700065 0.150435325448299 0.0946680079517192
0.00145504843067006 0.0491882945117729 0.0795359832512998 0.104601958954405
-0.0357058900210562 0.0444119422773187 0.00745245373245352 0.115207550756098
-0.0751720825186031 -0.00567037679636741 -0.0515458256581168 0.0781637791717048
-0.0338676025660197 -0.0667745910661495 -0.0686816884319558 0.00983773873997445
0.0496725962094117 -0.0743251531039973 -0.0573561471733769 0.0186290626091094
0.0884192235225831 -0.0669052287763657 -0.11856051710741 0.121386696624158
-0.0492826193041847 0.0360796832204895 -0.162241823992737 0.204597429688345
-0.000442464376690662 0.0542062792233922 -0.074445989228612 0.150479735035859
0.0264439540115182 0.0168047067549613 -0.0566461220971937 0.114635285685906
0.0258591139002472 -0.0117323669766114 -0.00496495788855352 0.150607360649941
0.00606316598923682 -0.0187453201567068 0.0922116886970348 0.154324872778744
-0.00820990530724513 -0.0201246053508505 0.167339599959026 0.114560776438798
-0.0122693354118929 -0.00927061305768104 0.201647747230207 0.0694307901885533
-0.0139488699781593 0.0041220326071709 0.188511154259166 0.0638231769351881
-0.0277156447764533 0.00395273655650752 0.152719666551902 0.100523924018632
-0.0194707308341663 -0.0148656334507231 0.0776572132290458 0.116334429643513
-0.00785678063770249 -0.0190952981002202 -0.00388516933272602 0.124082226739799
0.00435511633577061 -0.0292057172137994 -0.066809380975217 0.0792096328839011
0.0207754865129656 -0.0286770894024053 -0.0818342394347553 0.0188340822359234
0.0428635953098588 -0.0145000889126264 -0.0613596438924024 0.0287427549207154
0.0401999490242627 0.00346696582895777 -0.131519448776901 0.127655116576368
-0.0698360413848403 0.123594504361901 -0.143129762404906 0.159968615046147
0.0454452965800161 0.121169489780169 -0.0695188044203583 0.104289451178538
0.112207983897114 0.0124833202806252 -0.0795719567455059 0.0984377657010273
0.0716487031380666 -0.0876428277425874 -0.0230342910310339 0.15189365657932
-0.0193114816737984 -0.0845262444319515 0.0851966067819988 0.14928946564771
-0.0600750184633994 -0.0540973912394743 0.155630744051368 0.10825759027901
-0.0838499508867327 -0.0261751534659754 0.180266031405036 0.0618399079311345
-0.0851679211678388 -0.0207901622761696 0.15865887342886 0.0587975893165241
-0.0831807528939859 -0.0371060365532061 0.13510419184907 0.0856129394824589
-0.0390773845033852 -0.0780042258744299 0.0712005307134066 0.101766262999089
0.0203527839292507 -0.0837989971415611 0.000815688968782004 0.107003694962232
0.0875020560952813 -0.0520798955157214 -0.0505186251958368 0.0736317106964253
0.0767884833890456 0.0185654977329183 -0.0686298961894111 0.04188417494763
0.0254153059672372 0.0584819398823358 -0.0501645824214182 0.0535543711243414
-0.0243188737191221 0.0780082144667542 -0.113819046118516 0.12477349059385
-0.0803000003228644 0.182793026169431 -0.119562377074191 0.0961914591864279
0.0720682914030195 0.162246794540017 -0.0640543013992484 0.0490538194278092
0.170397662145424 0.0122182887197875 -0.0938442228973122 0.0632143403881341
0.109623690922815 -0.138826363733133 -0.048041815595393 0.12655978123828
-0.0307316730473806 -0.136043746542604 0.0546761072514453 0.127042009257302
-0.0964728547650357 -0.0833308489172026 0.114267611802816 0.0928107734036008
-0.140898118548785 -0.0424812928727347 0.132010224507322 0.0488793809975039
-0.143445868475039 -0.0445975737399146 0.108121234002862 0.0423167550064765
-0.129644044813307 -0.0691954676171934 0.0978508674738371 0.0514823567195129
-0.0627289105114828 -0.127672613138235 0.056255326183273 0.0652702308290684
0.0361469834824738 -0.144126526740235 0.0117227897331879 0.0652382574013305
0.162249158277178 -0.0827568368445578 -0.0181621933573492 0.0508861735318683
0.137553703999761 0.0628282419740913 -0.0329369632259839 0.0542579743134657
0.013535140373773 0.139365428349216 -0.0144896524827408 0.0697904082365801
-0.0878535141213404 0.151559025440558 -0.0614502556613413 0.104656324350692
-0.0837816523242361 0.206491536772868 -0.0935797468996232 0.0272663505623682
0.0705630400442937 0.176371009420594 -0.0528239671735053 -0.00155121739044351
0.191165269197581 0.0233186144399932 -0.089340576305564 0.0180612444271181
0.139014362412778 -0.15432846044321 -0.0656365785899659 0.0784839895768244
-0.0232218600495448 -0.166340131311485 0.0144355578858062 0.0856958883036044
-0.107493332906357 -0.105188480057411 0.0565777946070234 0.0651775525641663
-0.173224873893884 -0.0559906315027307 0.0658429572287818 0.029540032761874
-0.180654002698665 -0.0601361894710102 0.0416408870221169 0.0192809041428077
-0.161381219231681 -0.0854550826882817 0.0433485683025989 0.00977880347838882
-0.089523885187389 -0.15077217836018 0.0262679063751637 0.0176567242994208
0.028937363452788 -0.1870127371603 0.00840542812028888 0.00784248389725221
0.206144045135991 -0.121646118940816 0.00899299825690441 0.00541433891492067
0.19410896685679 0.0842414574468382 0.00919193232653459 0.0359809392850916
0.0215364615629446 0.20570041958255 0.0390378391726358 0.0531693069172743
-0.12795726626952 0.2140993866052 0.0193430609434095 0.0565501829895104
-0.088125934962396 0.193161555472219 -0.0573014230545777 -0.0315596752736411
0.0378042140360917 0.171667795475243 -0.0330820607128261 -0.0388018003867667
0.176803791670513 0.0547637698585797 -0.0645012300856392 -0.0216107271240831
0.162722365387262 -0.127199512238205 -0.0637404363776642 0.0232157302270563
0.00848591192771154 -0.169509063738112 -0.0156150111269551 0.0323730144829553
-0.090383626474649 -0.117390445780144 0.000343243728877786 0.0258135119572199
-0.174200875273011 -0.065694656471334 -0.00432474669331468 0.00409726351781813
-0.191132188572572 -0.0679223895268648 -0.031438908129055 -0.00771525253069468
-0.171078810806875 -0.0880701713097601 -0.0225204450650713 -0.0320109404368669
-0.106490061630802 -0.145479949386169 -0.0172262399255012 -0.0301714376574691
0.0069370823618715 -0.196344819910338 -0.0127393327414103 -0.0501743148602869
0.205068321403053 -0.150655294684641 0.0165281309485411 -0.0508650521749095
0.222143640845044 0.075003532851803 0.0381680499773825 -0.00860648491213863
0.0444451034713237 0.231954125626058 0.0900161417552928 0.00277188195838443
-0.136507292247831 0.247301491877279 0.108368784860035 -0.0166907038966318
-0.0899113470188218 0.153790366581497 -0.0136664920907272 -0.0751361643707165
-0.00740731700498807 0.155227865487807 -0.00916774150359168 -0.0563324250102127
0.138943477334737 0.0872589081738037 -0.023446890912417 -0.0379032275530241
0.167341614934547 -0.0774072819262663 -0.0325049741594537 -0.0202750384246757
0.0422188767926157 -0.146447975243061 -0.020559103725967 -0.0256099953664294
-0.0556493128962095 -0.111454131747498 -0.0421944322808777 -0.0243589359862032
-0.146030536504783 -0.0644680477302851 -0.069719990420689 -0.0254247205522446
-0.175270367983806 -0.0621508086326695 -0.101971968237737 -0.0314578343373136
-0.157956266302399 -0.0752118923091319 -0.0903914743369311 -0.0629353663290668
-0.109546156559756 -0.115413792080295 -0.067039329347141 -0.0653645758470563
-0.020450290106754 -0.172470274573741 -0.0483969365977907 -0.0913143060701334
0.161890181623444 -0.156279410932703 0.0012986064335037 -0.0989891951086424
0.208542073235747 0.0410112702252634 0.0438758265656321 -0.0585981551309399
0.067390327877218 0.201888297680658 0.118072599915913 -0.0639657812522089
-0.111449404135816 0.236255332632612 0.180241070061992 -0.104562317729944
-0.0844560985318843 0.100397971261652 0.0379082147553524 -0.103293345194853
-0.0445948989699476 0.125655722430345 0.0140085047986333 -0.0624936295555415
0.0886665194067919 0.102087990788467 0.0185811001001711 -0.0292194762209202
0.142828814352111 -0.02663519827476 0.014706794790463 -0.0410318812965887
0.0596546439482775 -0.101778172409126 -0.00389947072829682 -0.0728025314701761
-0.0185505404787033 -0.0855618448557483 -0.0646969064475059 -0.073913838152119
-0.0956570775189993 -0.0510769561069146 -0.119267629518959 -0.0536860047062466
-0.129591829586911 -0.0468235254261693 -0.157959095700305 -0.0490441168086179
-0.118761542533395 -0.0551556047995182 -0.147738005120453 -0.0808749969857839
-0.0883019283286089 -0.0742496392643113 -0.111542263796202 -0.0878916464204559
-0.0337539006448186 -0.12109211786676 -0.0822964772028577 -0.11579016447381
0.0993246534912555 -0.127851454980999 -0.0191302146524901 -0.130164724105596
0.154107667450022 0.005507161266574 0.0400618577170793 -0.0965757205947993
0.0702130951827424 0.130029754984782 0.12009789326074 -0.114814229676218
-0.0675307820011563 0.177773981035305 0.216586870771229 -0.179974546747817
-0.0167657862398217 -0.0653480642489321 -0.162921078780351 0.212456469806101
-0.0444912760149494 -0.0330254746118514 -0.0788419003132004 0.165197394622024
-0.068121727265562 0.0137533589695019 -0.0396594257328973 0.10944183519926
-0.0286311704953858 0.0652489839198008 -0.00383265609048249 0.129469303104464
0.0270446265591129 0.052033854820866 0.0733118303829218 0.147783261563892
0.042609400408743 0.0197885357713868 0.148441062518723 0.113918374403777
0.0605676253987504 0.00968551550087127 0.19037559661399 0.069708445560332
0.0599714575836564 0.0273788042202733 0.188262060238517 0.056691596772643
0.032556676348648 0.0436505845650204 0.149808315363264 0.0937966659992065
0.0017620518299887 0.048882085969126 0.0791179208787269 0.104443049245671
-0.0350563649955509 0.0439831506244804 0.0073374185873829 0.114631977098307
-0.0747167584213219 -0.00484020780628226 -0.0512428717703445 0.0773957794336617
-0.0338927870564129 -0.0660023091522097 -0.0686253101489626 0.00940124156208832
0.0494229021302378 -0.0745809064503423 -0.0570754386319619 0.0185296981789511
0.0875634020909541 -0.0670320995465034 -0.117474929985519 0.121889096590439
-0.0481675604417262 0.0361742593348191 -0.160102037796203 0.205272037085858
-9.11250559477673E-05 0.0539142761347201 -0.0733849825155629 0.150291021495142
0.0262166014160645 0.0166430399885974 -0.0558172064762045 0.114791224138454
0.0254455468630541 -0.0123838154499403 -0.00480856603005883 0.149981199659836
0.00570429590628277 -0.0188349822296217 0.0918960406842834 0.15356992008236
-0.00852910211633525 -0.020525423989943 0.166906830578831 0.11381592695203
-0.0119716118446322 -0.0097569444447384 0.200995206732225 0.0681587134988006
-0.0140812829753673 0.0036808416306777 0.187500123510897 0.0628771935284175
-0.0273299728846484 0.00403552010570315 0.152127764701466 0.100064976547966
-0.0192370469317734 -0.0154293452031242 0.0771335865511861 0.116267414698609
-0.00755014639381716 -0.0187204804089645 -0.00410987881103302 0.123858992191961
0.00446980077809186 -0.0290735652719162 -0.0662505820114057 0.0789970319932249
0.0201118318606511 -0.0283951730602832 -0.0817345744790684 0.0189071539755882
0.0417682898500339 -0.0146057549064514 -0.0613622059452407 0.0280098540651839
0.039684566027827 0.00366922668334909 -0.130289266692996 0.127793082298631
-0.0689380560976215 0.123547356728351 -0.142250101178517 0.160516153585137
0.04562072988234 0.120692209788329 -0.0691245516995697 0.104815503978307
0.111916230469049 0.0119947405863048 -0.0786930097618571 0.0987363059463437
0.07079505576352 -0.0882061911368143 -0.0224271659579667 0.151166085673275
-0.0192890924589354 -0.0840987383921478 0.0850699752995952 0.148924906236469
-0.0598781869155806 -0.0539654083075993 0.154792912223771 0.106909919867867
-0.083630897921203 -0.0263327182495962 0.179634811378579 0.0606451171983232
-0.0849613964470383 -0.0207374096820003 0.158836879449251 0.05818422202083
-0.0828166134856762 -0.0367688644469863 0.134414905983651 0.0847838204861647
-0.0387653442667339 -0.0779574896184709 0.0708482257592279 0.101361580118708
0.0203678912581558 -0.0835753302649523 0.00117333688939852 0.106350463520543
0.0869665767730314 -0.0517256611612465 -0.050374726977513 0.0737093695052868
0.0763155445815961 0.0190573181497692 -0.0683467597841201 0.041698360922153
0.0247231092708714 0.0585589910822679 -0.050005428404702 0.0532852353775234
-0.0237444730324118 0.0772659669662319 -0.113204852403448 0.124571776448416
-0.0790833679493949 0.182447196045718 -0.118720109248216 0.0968971426301614
0.0721807212353999 0.161410260269504 -0.0637460262575565 0.0492388431753696
0.169777962335144 0.0109326946559298 -0.0933625194519816 0.0634731184608188
0.108942017207837 -0.139498570923378 -0.0478246212919387 0.126109618433591
-0.0313876994226637 -0.135922505059819 0.0547260024302345 0.126708734884884
-0.0957814611743828 -0.082916694163642 0.114200506217511 0.0918865335872409
-0.140464515866519 -0.0425047613607356 0.131445215869379 0.0484291216519154
-0.142897984074536 -0.0435348518817923 0.107860474595614 0.0415918375953631
-0.129466466747683 -0.0688954637916935 0.0978571755049329 0.051095012588894
-0.0624940972006666 -0.127475752045346 0.056158970115329 0.0644925573103568
0.0360315230737177 -0.143832820582916 0.0119083071403181 0.0648724282321985
0.161606086493717 -0.0831984175783389 -0.0183380727337035 0.0511670873483429
0.137614832068033 0.0626057718070474 -0.0331462538821084 0.054676761338183
0.013545934603774 0.139408683878711 -0.014398227584301 0.0695119239156436
-0.0866959266336807 0.15116122114133 -0.0609476291766437 0.104113781588777
-0.0823861122582468 0.205640116582244 -0.0927477522563663 0.0276468222588238
0.0706321693175224 0.175794400206982 -0.0525127589641033 -0.00103098260798922
0.190838232200602 0.022534630029487 -0.0889980532109761 0.0182955699786035
0.13820827556495 -0.154219729951558 -0.0652694567373397 0.0787533964468645
-0.0233793914537099 -0.165646105421602 0.0148534836033162 0.0851400160696427
-0.107516465661883 -0.105031770363915 0.0567260833501584 0.0644515965255879
-0.172437405258029 -0.0556629335134977 0.0656227981704032 0.0293070126567885
-0.180299231545679 -0.0589621683013255 0.0414262164679038 0.0188673265067906
-0.16061949877547 -0.0853693501550057 0.0430156558501361 0.0096222681247425
-0.0887264744122847 -0.150326765434349 0.0264071053169614 0.0173709480855469
0.0287777518255031 -0.186636803541599 0.00836151486590901 0.00805288375933391
0.205390479417854 -0.121830992437223 0.00919127292167315 0.00561719777087849
0.19356527721129 0.0834712516314008 0.00946047868834396 0.0361333864966349
0.021428235434541 0.205484546917039 0.0390120634324299 0.0529219751232012
-0.127057378325298 0.213673277733828 0.0192263491856447 0.0560925001573984
-0.087589015957357 0.192874429406941 -0.0569760431141989 -0.0306992825857825
0.0376796566055328 0.171644395917946 -0.0329933374335262 -0.0384066371161371
0.17667149453433 0.0538320662235824 -0.0647885347780607 -0.0211621262833021
0.162013309438696 -0.127608769460347 -0.0634374115705519 0.0234358506239733
0.00843059507755757 -0.168982749224196 -0.0150769517710569 0.0323529250019469
-0.089555588540434 -0.116812671980148 0.00070070694664122 0.0249897792786287
-0.173271450854438 -0.0651612381773951 -0.00403230249133973 0.00386277978411218
-0.190778195613621 -0.0670278217480421 -0.031592284039898 -0.00752843421585232
-0.170403813225757 -0.0871862762281839 -0.0223718723484204 -0.0319843842405473
-0.106095968672579 -0.144563463404962 -0.0171554711605529 -0.0301429916460814
0.00638603003039036 -0.195027965108231 -0.0126046669576495 -0.0500274164628532
0.203616305336144 -0.151392346508215 0.0169541571313655 -0.0504292249214257
0.221767728374318 0.0741129768770566 0.0384302848540943 -0.00815432667627382
0.0443572304872619 0.231279774871124 0.0897388131203539 0.00228888069413153
-0.135498507840919 0.246537802737039 0.107336416957672 -0.0175637397579616
-0.0894347541171001 0.153350863776523 -0.0135017638931461 -0.0744553275656537
-0.00698657586921675 0.155255669972562 -0.0096648567124627 -0.0555954353704176
0.139206826212876 0.0865335008268375 -0.0234265281389251 -0.0375660306069813
0.167196395351972 -0.0783572946748172 -0.0325325819446741 -0.0193882588909312
0.0418379027524054 -0.146746510792295 -0.0200540494973836 -0.0254655934727745
-0.0558159797607773 -0.111449766157671 -0.0417823535006852 -0.0250067954950043
-0.145563005515556 -0.0633881688495556 -0.0691998402964083 -0.0253706431584094
-0.174969157534742 -0.0608597867276368 -0.101751753007537 -0.0306716625527619
-0.157421277907098 -0.0745452864716297 -0.0902157928015972 -0.0628009865875676
-0.109410298989674 -0.114514288785052 -0.0666263946190453 -0.0648800478384486
-0.0209893427381527 -0.171623977662939 -0.0479904943245753 -0.0906400045690917
0.161217170651388 -0.156418049086437 0.00150337777112745 -0.0982334468570874
0.208131528525738 0.0399689177417185 0.0435300376434893 -0.0579887057227571
0.0674425385707307 0.200939857826888 0.116794740790384 -0.0640786359547636
-0.110191943929667 0.235072285252137 0.178615028617229 -0.105411819218201
-0.0839710813841932 0.100240272136257 0.0375014680984541 -0.103374720082738
-0.044285346941131 0.12562006830156 0.0136193905213562 -0.0617199292157029
0.0887868581179957 0.101410344269113 0.0182364624887432 -0.0289037947949099
0.142333406100428 -0.0275833511783418 0.0148059403479721 -0.0405163283525098
0.0589362024128743 -0.101958594753506 -0.00319015791862833 -0.0728071868771116
-0.0188905015499318 -0.0852726756017971 -0.0642070912482611 -0.073685898512042
-0.0951254490635577 -0.0507496731494847 -0.118844224886227 -0.0532694173739881
-0.129478964323896 -0.0458095323523103 -0.157335627338998 -0.0481063953402385
-0.11866024639192 -0.0547686167086011 -0.147984956636171 -0.0798868266884431
-0.0882798791777071 -0.0738597651928768 -0.111402464897196 -0.0872226854093111
-0.0341121596422954 -0.119914885597595 -0.0819602927090548 -0.114649661600669
0.0985172611656106 -0.127734689070789 -0.0191906246377361 -0.129092685537708
0.15339258928742 0.00453902690758869 0.0397891562092853 -0.0958283453141319
0.0701142038473247 0.129643901555852 0.119738325546197 -0.114921277881433
-0.0668138145441522 0.176823714305802 0.214613079425229 -0.180122785621103
-0.0166478045332381 -0.0651107906462227 -0.16171793914808 0.212415270815174
-0.0440222712593032 -0.0329176461216697 -0.0779027026712276 0.165835248130616
-0.0682759422999731 0.0142614801638133 -0.0394032289717576 0.10898879914472
-0.0286929571437474 0.0657449214970306 -0.0034795270508644 0.128628192334732
0.0272055913424073 0.0516931584704242 0.0728687447544004 0.146912096190027
0.0418883886755793 0.0196443249977443 0.148375584867617 0.112810831836615
0.0602492085757089 0.00943386234520474 0.189822425332534 0.0678552511086553
0.0597940130521398 0.0264988332409911 0.188061566377601 0.0557458458861661
0.0322348109329766 0.0436148635264594 0.149250917974385 0.0937343095178252
0.00196147582022887 0.0484817314605992 0.0782027189236875 0.104305441074582
-0.0346358266385887 0.0440848805416041 0.00691393420744038 0.114404905433132
-0.0745632745168281 -0.00435310067526001 -0.0516454708167906 0.0772841904370451
-0.034066656134083 -0.0656383269190216 -0.0686531262182313 0.00913229099580186
0.0489768522643744 -0.0741327846540953 -0.0571968680719796 0.0183635340935347
0.0868630598603463 -0.0672783354183909 -0.116909888742052 0.121967513183867
-0.0480943651229345 0.0359518293918229 -0.159476515808673 0.204983059586394
0.000603638184898578 0.0535210706268863 -0.0729387602468207 0.150350615895772
0.0262132903304685 0.0164860408847228 -0.0552170947672362 0.114646076691044
0.0251611529352671 -0.0120196334858149 -0.00451519373193496 0.149108837243696
0.00576278676366324 -0.0191315735293043 0.0923467966331716 0.153080337146153
-0.00861014675607081 -0.0201267740703973 0.166679403177911 0.113256009865606
-0.0118304200383028 -0.0100724895060251 0.200142581431692 0.0670560203719054
-0.0137749700622179 0.00388429462901896 0.187014407122426 0.062457353262036
-0.0275445379163597 0.0038253435936743 0.151931059501586 0.0995743162657996
-0.0186772178736447 -0.0152775637436804 0.0766825610646432 0.11576615037202
-0.00711573816329465 -0.0182111054616328 -0.00440435876307011 0.123498875097566
0.00410441812628904 -0.0282010122869383 -0.0663466593311863 0.0786131269661996
0.0203039081132119 -0.0280279363975356 -0.0823775129956319 0.0187209162069381
0.0414640711617659 -0.0142855943634051 -0.0610496039124108 0.0282901839631315
0.0395107532375782 0.00366526931545135 -0.129440806220218 0.128115224594233
-0.0680481639160293 0.123153016762435 -0.141882240185923 0.160779811839933
0.0463739339941233 0.120186188044815 -0.0686675503731421 0.10468460001848
0.111413355175744 0.0112882103293944 -0.0785260460799671 0.0987053589130061
0.0704132920078232 -0.0882965141848213 -0.0222018669064808 0.15095822786379
-0.019866893596232 -0.083879893292383 0.0852503767898743 0.148548537479009
-0.0597572124280413 -0.054062427875211 0.154992056263106 0.106249167355376
-0.0837484049455069 -0.0265076817760128 0.178828168738702 0.0600769264200406
-0.0847155049177262 -0.0208834458216591 0.158111239773654 0.0578554208788803
-0.082628859896039 -0.0369545516176938 0.134494036049933 0.0841727311317822
-0.0382353639553041 -0.077937071465652 0.0706822202155013 0.101557204127348
0.0206315516002547 -0.0833792297587407 0.000763027531208536 0.106007126717002
0.0870753386564498 -0.0515202374618136 -0.0503556789152866 0.0736024730227359
0.076126156288626 0.0190930888465376 -0.0681693875660295 0.0419571099725988
0.025166201225483 0.0584986317726414 -0.0502201753055912 0.0526949285093536
-0.0237700783786561 0.0773801967442823 -0.112124628544229 0.124568938102214
-0.0780344733671771 0.182731241550005 -0.118562612435356 0.0970227314448152
0.0729028279700179 0.161561291504111 -0.0634969014916508 0.0492755257753017
0.169800666371806 0.0107532166404031 -0.0932866475205675 0.0636049200254619
0.108194713581248 -0.139842763377321 -0.0472886448596046 0.125828103629851
-0.0314694551674805 -0.13533461431549 0.0546888311627848 0.126494683203244
-0.0959382787807748 -0.0831793574593973 0.114265619544613 0.0912254549564332
-0.140335575317629 -0.0422010996061872 0.131015967286588 0.0477538062774622
-0.142327847483871 -0.0435046853512168 0.107611344261063 0.0415791600717823
-0.128463724294717 -0.0688802756718484 0.097343226786018 0.0505549460388478
-0.0623262541768553 -0.127357782808297 0.0560677760806139 0.0647419022440351
0.0359049649258985 -0.143941581058477 0.0113158943067247 0.065220714038693
0.161132209380916 -0.0831335757535962 -0.018089600985818 0.0511789817261557
0.136958695948048 0.0625061272946045 -0.0331083324374956 0.0547331731605896
0.0135874208895935 0.139433158211615 -0.01460681938352 0.0693458589606123
-0.0860862874664459 0.151018313646593 -0.0610925276769868 0.103963275906315
-0.0815765867125166 0.205699931850906 -0.093082730169679 0.0281376725641811
0.0710509911957382 0.175492330343942 -0.052208125252192 -0.00105799165360297
0.190614342158906 0.0219540757921833 -0.0888741156668266 0.0183154410969636
0.137638851291001 -0.154774387275794 -0.0654573099156565 0.0784119193215373
-0.0234293664552627 -0.165541713860059 0.0152325135673536 0.0848232307421485
-0.106775486868885 -0.105090136096052 0.0572578729154352 0.0640499997134813
-0.171880016672154 -0.0547917470221782 0.065313310387167 0.0287653485829124
-0.179637511184567 -0.059000439269031 0.041630466077814 0.0186778337779006
-0.160183223725724 -0.0853451326765238 0.0429845722180452 0.0093694660652133
-0.0884159648033663 -0.14993683225153 0.0264658260812303 0.0170111757630645
0.0286068160404426 -0.186321301265126 0.00860975594201892 0.00831189937732306
0.204231999466076 -0.121896304722196 0.00930378096035116 0.00583937395615773
0.193570012294579 0.0832447052014206 0.00919363596617637 0.036869476046596
0.0218105774151177 0.205180109400907 0.038493793836825 0.0526433174181483
-0.12626406725394 0.213319264951027 0.0188577539059293 0.0557285532262411
-0.0866117458414012 0.192896124134112 -0.0569768201904368 -0.0299248804905884
0.0379750262595499 0.171665878276118 -0.0330419644942592 -0.0379423055196871
0.17688301299916 0.0533851245053699 -0.064227333748048 -0.0207029410148999
0.161976915692346 -0.128093685815521 -0.0630203939151672 0.0242705492339569
0.00819542670453133 -0.169335440706686 -0.0145182854531871 0.0321066115811809
-0.089340098540334 -0.11724425934717 0.000859919220578856 0.0246953768720449
-0.172768858015119 -0.0645670658502476 -0.00433025830998527 0.00357210963694666
-0.190219537924648 -0.066134087926332 -0.0309466988931526 -0.00781334051653176
-0.169821218737552 -0.0870899592765926 -0.0225271393494021 -0.0320127675412688
-0.105868717110128 -0.144128880255119 -0.0168895076173853 -0.030278133279462
0.00559397064116716 -0.194889309336917 -0.012300377832608 -0.0493113492931014
0.203055087353435 -0.151324822833659 0.0172836109707909 -0.050070463820298
0.221155123059637 0.0734114935091565 0.0378257118997825 -0.00684572850930505
0.044489930120947 0.230971993716236 0.089128300912841 0.00209375075890163
-0.134078248290866 0.245912522025451 0.106312945118262 -0.0180096185076657
-0.0888055144606154 0.153816958373822 -0.0140085266282244 -0.073819374984845
-0.00704737723257376 0.155336592807861 -0.00914814256131242 -0.0556742838161692
0.13912958044797 0.0856140090874002 -0.0236734033843487 -0.0370239876574536
0.166757368903445 -0.079151588943837 -0.0317361708227934 -0.0190905141640023
0.0418399478886014 -0.146762590972932 -0.0196062153798313 -0.0255322011528599
-0.055495976953718 -0.111505252512035 -0.040899009585214 -0.0251432980258407
-0.145136855659509 -0.0629780509170411 -0.0688480887601652 -0.0253696776088276
-0.174300927183584 -0.0602591992297739 -0.101540363718387 -0.0304847927035147
-0.157264694264502 -0.0740809471532671 -0.090170767836426 -0.062410630951823
-0.108755300074501 -0.114481848394447 -0.0665639985071452 -0.0647892752113998
-0.0213786268857866 -0.170713540695227 -0.0474736434773571 -0.0903656009386891
0.160273592095389 -0.156651681847929 0.00179406560145264 -0.0976538867054079
0.207160289799519 0.0397356442961837 0.0437930533678587 -0.0576263234117254
0.0675850465800904 0.20045514076649 0.116445113480466 -0.0639002380073683
-0.10965884755757 0.235022718619142 0.177263676091681 -0.106279684593514
-0.0838363424196984 0.100281646341645 0.0369254307364447 -0.103160047075588
-0.0444559169879696 0.126322763970919 0.0135341458708484 -0.0613028016945823
0.089107647250911 0.100680482215896 0.0181451746073685 -0.0279895249262808
0.142434991463928 -0.0283419123768976 0.0151793584358323 -0.04008728215478
0.0584653380362318 -0.102250544806996 -0.00263225116348208 -0.0729646376258621
-0.0185855467264065 -0.0853346749927423 -0.063430147444099 -0.0739681636464839
-0.0948767094526472 -0.0499384981050537 -0.118551685830178 -0.0531051061146713
-0.129235340614297 -0.0453657642062232 -0.156845428609528 -0.0479233051496364
-0.118611492817909 -0.0542903183923454 -0.147353873994106 -0.0795739009952717
-0.0879428348527288 -0.0733890516390196 -0.110539661951065 -0.0871635505333068
-0.0343112768516683 -0.119842683722119 -0.0816892910380172 -0.11411922335588
0.0980059186879311 -0.127725246240308 -0.0189356462986467 -0.128829537549542
0.153433528291213 0.00444365649689282 0.0396698809242404 -0.0956775769426212
0.0699394528715805 0.129790983679285 0.119086132263926 -0.115025588486186
-0.0665532632642553 0.176803986877903 0.213251128032107 -0.181125259690002
-0.0168066677323175 -0.0649511217796423 -0.161846285116174 0.213628455146858
-0.0436028163886873 -0.0333387965104754 -0.077731374106668 0.165677084387542
-0.0687260814958493 0.014084322550479 -0.0389714617595194 0.109219680977164
-0.0294227633881346 0.06609430044971 -0.00333489722198366 0.128728940517012
0.0272717699759524 0.0520411021262485 0.0724388247424592 0.14733372614833
0.041790121563039 0.0199110149365501 0.148571786609659 0.112998118236147
0.0602597176289672 0.00914991098209772 0.189341474415607 0.0680780231463915
0.060365273430527 0.0264756217631223 0.187593514078737 0.0558806041852469
0.0325466353817837 0.0436238228489639 0.149046128572605 0.093761324000922
0.00171368166846121 0.048676822931782 0.0774166044042284 0.104597511721609
-0.0340857007916156 0.0441789731917864 0.00579900219619663 0.11431162208158
-0.074308095278996 -0.00393771515415756 -0.0523070010573322 0.0770034190222006
-0.0342578428045188 -0.0652143864295849 -0.0689947963458018 0.00876101788561731
0.0486864056410456 -0.0745719286214675 -0.057253697054057 0.0183226418182293
0.0871260989809786 -0.067176662784588 -0.116180854238439 0.121658504083327
-0.0479692669768053 0.0358758461821031 -0.159748635436475 0.206929737177505
0.000986387847225133 0.0536448148559698 -0.072989870269749 0.151132092418416
0.0261830322776372 0.0162499754125201 -0.0556708407747479 0.114714176574945
0.0253564888872227 -0.0120982589494507 -0.0050639691619606 0.14898702146676
0.00556505715281489 -0.0189545710543123 0.0918852905676255 0.153596475632864
-0.00871936693719793 -0.0201246739718999 0.166443880270096 0.112513816814784
-0.0124259814062096 -0.00979916115657859 0.200141696379782 0.0667696733837644
-0.0138498289280004 0.00302271726232672 0.186966484888403 0.0625326798242923
-0.0266250567015664 0.00334849300278195 0.152001324015568 0.0994693567744395
-0.0188632613298416 -0.0153100346631489 0.0763583480504931 0.116383104969742
-0.00666952686645655 -0.0186019392273481 -0.00469837359164185 0.123484220695219
0.00439817583509714 -0.027783683480432 -0.0672486551694291 0.0782060190284679
0.0197600662432325 -0.0275049941835002 -0.0821309656299076 0.018125747756849
0.041253020691236 -0.0142894503774373 -0.0611154770137434 0.0276084195511286
0.039317699414284 0.00314812639130825 -0.129535989277264 0.128293699676908
-0.0680441373893093 0.123429162743167 -0.141770648303943 0.161471836122068
0.046832793227592 0.120173225539455 -0.0687372725346844 0.104654083126343
0.111486460843559 0.0108494653277846 -0.0786973876770007 0.0987758291862068
0.0698624525922644 -0.0883130924990692 -0.0223019691226349 0.150736119155757
-0.0198519049626567 -0.0839210981499961 0.0852817618285597 0.148135600781931
-0.0599822363177563 -0.0541672579003429 0.154756599191146 0.106397197544983
-0.0832494462774107 -0.0266366656472932 0.17888170516726 0.0598825341627939
-0.0842147864801935 -0.0207674342089518 0.158202657177307 0.057565864453429
-0.0822764649980364 -0.0369664829761004 0.134297604675416 0.0841675694217491
-0.0380203381660984 -0.078199235007569 0.070267225249655 0.101383233456764
0.0213151467700862 -0.083159207088629 0.000144335539062527 0.106429984774617
0.0874183467016669 -0.0507531997844465 -0.050685667928277 0.0735508098646469
0.0758327282081779 0.0197419333946175 -0.0688132207360835 0.0420691548987582
0.0248074525505192 0.0586722568568075 -0.0504621919122831 0.0523905979183081
-0.0234891842157482 0.0774357830335543 -0.112563638142331 0.125038738283958
-0.0776608043167009 0.182585543387091 -0.118819065921104 0.0977862275685018
0.0727258091521696 0.161297784526488 -0.0630615444350938 0.0494163983501106
0.16991400352404 0.0106647910534602 -0.0937419997042517 0.0635811960696377
0.108168451734237 -0.139524390769793 -0.0475777677695295 0.126219918656379
-0.0313069260698238 -0.135973393932554 0.0547178653155467 0.126032677041823
-0.0959729599855825 -0.0836725892009507 0.114283664882884 0.0913970888033254
-0.140056548027862 -0.0425977804718685 0.130696267803169 0.0475614105567052
-0.142139799355108 -0.0436210246487552 0.107758188857872 0.0415184271708354
-0.128207206840404 -0.0691574641964152 0.0969979676334993 0.0504489955410597
-0.061351448245932 -0.127220782863379 0.0558644728381801 0.064425240437841
0.0364047228025775 -0.143608152551081 0.0109221926287226 0.0649718103342486
0.161502918810217 -0.0828964145575453 -0.0182435040535654 0.05133305448975
0.136797797913931 0.0634285358298519 -0.0333035664107361 0.0546211647178996
0.0129903140561986 0.139564955170805 -0.0147736259555643 0.0685297708342254
-0.0858498134014292 0.151384723450685 -0.0612001946774503 0.103517631253159
-0.0813569816132817 0.205673783387411 -0.0929048588451974 0.0288783851113794
0.0706079123053616 0.176030461238364 -0.0523522295378447 -0.00113826606916561
0.190858958807149 0.02232934163818 -0.089142750692038 0.0179230888244267
0.137508735064006 -0.155379845677186 -0.0651340758963869 0.0786589395290634
-0.0236396138503213 -0.165598654645073 0.0149275596550788 0.0847348846749998
-0.106782908415038 -0.105484544067611 0.0573564277471795 0.0640667194368394
-0.17191717346411 -0.0555762171940632 0.0652620028728343 0.0290528828321206
-0.179620306576074 -0.0590354432690734 0.0418355061503694 0.0184101578294314
-0.159561432565414 -0.0855670175428903 0.0422810947200125 0.0091779984927149
-0.0878661936037569 -0.150470071683475 0.0263773609179404 0.0167923103941733
0.0290748459536406 -0.186039221032875 0.00845253514181416 0.00825445107512708
0.204432066730753 -0.12179977080154 0.00969192805575401 0.0060935215531952
0.193325868823609 0.0839753688072164 0.00946907133304022 0.0372387818981843
0.0212292357876675 0.205960835085738 0.0384335811699297 0.0524155054608235
-0.126331795822545 0.213118705882345 0.0184367339897061 0.0553492440731313
-0.0858309233667327 0.192368655689584 -0.0573527369311716 -0.0295391441631122
0.0377481615763906 0.172443079475433 -0.0329635864346867 -0.0381863074328331
0.176680819417149 0.0525544496762382 -0.0645558314513009 -0.0207980075808132
0.161902097309967 -0.128623906500221 -0.0627853104934493 0.024109573913881
0.00813680507264593 -0.16957013765388 -0.0143453050489637 0.0318604613832629
-0.0894644565784168 -0.117510471114131 0.00181258649907287 0.0243652056826224
-0.17240886214634 -0.0647251243123648 -0.00426170157426591 0.00346571200912469
-0.190569817668018 -0.0660049723087605 -0.0312303034933 -0.00753898753689655
-0.169582354971709 -0.087101531248731 -0.0226676815476464 -0.0320954195811481
-0.10563423699186 -0.144130978790058 -0.0166148234905789 -0.0305836739924145
0.00589191799590827 -0.195308214146848 -0.0122514535750946 -0.049340093818342
0.203374500623592 -0.151638110166519 0.0170937034522984 -0.0501156030495539
0.221505665562434 0.0740509412709662 0.0379345899121871 -0.00649650923297423
0.0441143900075511 0.231490863376318 0.0893619079178962 0.00230751064559206
-0.134410958728817 0.245903363916085 0.106028418539548 -0.0184941393130388
-0.0887450449089959 0.153229813396917 -0.0141655201262055 -0.0738104497805003
-0.00727269754583188 0.155941451632627 -0.00919626360980761 -0.055654281899291
0.139587338611558 0.0853963242690189 -0.0234500406299908 -0.0364901144340731
0.16729186899172 -0.0795881889775104 -0.0318377280587645 -0.018724857744859
0.0416575238692627 -0.147003311550383 -0.0187524619987484 -0.0257726738463817
-0.0554018973603474 -0.11187606102696 -0.0405341761610249 -0.0256344357433484
-0.144506430000257 -0.0630744980007325 -0.0682313916232555 -0.0254337170765675
-0.17460036770514 -0.0598748484674213 -0.100879084419692 -0.0305750936368706
-0.157058093786487 -0.074316675284524 -0.0904052603909694 -0.0627067498834697
-0.108135067790481 -0.114593718347644 -0.0662130126399747 -0.0651171032388688
-0.0212276233762999 -0.170918404307743 -0.0472569924889591 -0.0897539184172582
0.160080084791363 -0.15687845278899 0.00208238767305409 -0.0971790754804079
0.20734348012732 0.0393038149439917 0.043899202079271 -0.0570474518205919
0.066913535683782 0.200928687676825 0.116489301116835 -0.0636457981138493
-0.10931631078996 0.235305412210045 0.176699457474562 -0.106872886997136
-0.0838064732312118 0.100475081612312 0.0368008922113986 -0.102955022464722
-0.0443582083684763 0.126761087515433 0.013610874110617 -0.0611053544974556
0.0898358973303354 0.100388639472806 0.018222836770426 -0.0279693846774173
0.142766754466558 -0.0293174277986692 0.0159894249116483 -0.0394199338795428
0.0586242691686266 -0.102673794005306 -0.00212546286743908 -0.0728739473138688
-0.0184560232798539 -0.0858559007343596 -0.0628558146998022 -0.0746238082457885
-0.0946689963211995 -0.0499994693029357 -0.117995574410503 -0.053243129058306
-0.129436729157452 -0.0446178964872637 -0.156665327778997 -0.0475598695299367
-0.118438261468412 -0.0544049259985384 -0.14717030151282 -0.0796507854773666
-0.0874564021048364 -0.0734423453839501 -0.110188327054108 -0.0872164544369251
-0.0340265675514896 -0.119538185164931 -0.0811104817940144 -0.113798402009759
0.0976582680982238 -0.12842317999629 -0.019092026861151 -0.128652031452324
0.153400279385588 0.0042318107439046 0.0397936768220251 -0.0948107667684732
0.0699700799209824 0.129307603210642 0.118618323495041 -0.115077382288651
-0.0664013688818045 0.176384992076281 0.212550714802681 -0.181788855253437
-0.0161458121831802 -0.0650280352990053 -0.16187476756866 0.213771469256192
-0.0434545437558204 -0.0338511295444966 -0.0781670203390555 0.166554829489479
-0.0690392004111202 0.0139231423081284 -0.0390780960865624 0.108865079219157
-0.0293649104429609 0.0661436485226828 -0.00353964769082876 0.128348729493686
0.0272074217949934 0.0516337552005244 0.0719529175842804 0.14749925655754
0.0419795547986791 0.0197545004242978 0.148269534624659 0.11362988626413
0.0602276991201927 0.00923872283334477 0.189580850517375 0.0681528485908911
0.0600962138423022 0.026253278865614 0.187445143976337 0.0563268702323243
0.0327697590153505 0.0435630987418506 0.149103376138414 0.0948373935074435
0.00203504819080643 0.0485944606253218 0.0773513717745005 0.105542216635175
-0.0342244504213146 0.0443415576872567 0.00518255344047564 0.1149803400031
-0.0738871282356267 -0.00330003969012505 -0.0526313414426964 0.0765846313668246
-0.0342700383108419 -0.0648590259325402 -0.0700313822745793 0.00790979626440014
0.0493713485887829 -0.0746007097818487 -0.0576273432992321 0.0170017507295329
0.0867400320504138 -0.0673131437961219 -0.116741324998614 0.122241453862185
-0.0483924926771013 0.0364115246934773 -0.159637586132425 0.206974709522843
0.00126505698447837 0.0531733140549999 -0.0733283907257297 0.15130640034837
0.025607665512219 0.016588867869363 -0.0559210797978123 0.114875393928809
0.0252438163445778 -0.0119898080126918 -0.00531282775423594 0.148939926192992
0.00554845051874085 -0.0189842583140169 0.091537393214369 0.153490635112667
-0.00869575844250074 -0.0205847962369113 0.166361941481434 0.112746641508451
-0.0123847606598946 -0.0105977291857221 0.200242929282678 0.0667827841160576
-0.012975866473128 0.00287799074735571 0.187495038230311 0.0627635407965012
-0.0267358824504738 0.00274542742232564 0.15157907019188 0.100309630018675
-0.0181990834960965 -0.0155072493952719 0.0759471200496616 0.116695035359275
-0.0066002812951091 -0.0187407329646872 -0.00524034352469754 0.123680973192427
0.00494723435311684 -0.0272588662311683 -0.0678418852519465 0.0776719334209784
0.0200361152893566 -0.027202324272277 -0.0827645109659064 0.017759200596946
0.0418842528690069 -0.0140220064699683 -0.061216704792889 0.0272984791178284
0.0394285581690642 0.00258684067779959 -0.130103645070324 0.12857718906146
-0.0677634343565306 0.123676863297215 -0.14210979272021 0.162652831415892
0.0470270258095516 0.120477432448364 -0.0688717369198622 0.105228482619077
0.111690989907776 0.0109357643469778 -0.0788396934919906 0.0987072979939079
0.0698514963627938 -0.0889799962098448 -0.0227045409613915 0.150760124709717
-0.0201787366108044 -0.0842295735572899 0.0850159145435827 0.148099693096703
-0.0603605605717452 -0.0544489793206963 0.154555793724418 0.106493277867508
-0.0836286018115721 -0.0269365602656558 0.1787608107422 0.0600933437619777
-0.0842324081189927 -0.0210551020811827 0.158144692253938 0.0580474912779772
-0.0819541273837387 -0.0378221847360188 0.134238035189651 0.0842833367593172
-0.0376074133645754 -0.0786324282347365 0.06957820131055 0.101802799433763
0.0216823899041261 -0.0831895715446935 -0.000312086247181475 0.106560126967277
0.0879542537764842 -0.0508151750082893 -0.0511992936306574 0.073445330057347
0.0762433170477207 0.0200445848803425 -0.0689980948618315 0.0418197093548967
0.0246517447404684 0.0589217359642287 -0.0504915703477503 0.0520563293860898
-0.0237537608888758 0.0773255082184187 -0.112640659558853 0.125280313889284
-0.0777990715813386 0.1835844360584 -0.119412048319394 0.0980922095247547
0.0728633836635695 0.162111331671027 -0.0636629411054765 0.0495517100563644
0.170036064139038 0.0102217103558159 -0.0937895758625013 0.0634321364516436
0.10833860521098 -0.140614792570673 -0.0477430589894349 0.126357560322999
-0.0313720701237979 -0.136351384868431 0.0546222614963964 0.126590451273091
-0.0958269324542716 -0.0840071223712816 0.114078925088333 0.0912361084811803
-0.140378782236657 -0.0430129646009924 0.130235899258424 0.0477903005597049
-0.142206283442749 -0.0440367744432897 0.107856786028216 0.0418854257547059
-0.1279045164516 -0.0701490593733813 0.0969039961040201 0.0504863758327398
-0.0609633070189884 -0.127999369345827 0.0554447896388058 0.0648005278529225
0.0370932463707105 -0.143949940940332 0.0108727682016078 0.0652281789763969
0.161789355496393 -0.0823394550600942 -0.0180983561979097 0.0515438379149508
0.13691682848892 0.0640659445548442 -0.0335842210042704 0.0556981646031824
0.0125811963780234 0.140273235621257 -0.0150652472084032 0.0687660529705673
-0.0862044929736468 0.151248881605781 -0.0618249153186247 0.103542414774063
-0.0812995442651606 0.206217344012705 -0.0937375361322526 0.0290290076443726
0.0709421946747047 0.17677985356952 -0.0522851017299924 -0.00124666491007664
0.191150516446256 0.0219328918971136 -0.089476086598429 0.0178854364659635
0.138371303291746 -0.156070491471096 -0.0655965699295377 0.0791246767548497
-0.0235340728591875 -0.166063301997238 0.0149962322284008 0.0851319220219547
-0.106677973887936 -0.105765094921782 0.0576118098216082 0.0638756484287335
-0.171561370816008 -0.0555287439776786 0.0655218113038614 0.0293238179720719
-0.179720981245729 -0.0589670409347719 0.0418297063093541 0.0186159082989693
-0.159831830768159 -0.086691321167539 0.0422109597474602 0.00884640356308502
-0.0873247223433319 -0.150922265244104 0.0264041264163021 0.016852150647944
0.0295012075443119 -0.186340769865498 0.00824049169575902 0.00791895966810071
0.205351930936521 -0.121727056310382 0.0101739367750013 0.0060712313321584
0.193454844269197 0.0844965951693238 0.00910006816040179 0.037996849308231
0.0207859490328091 0.206333423182757 0.03810694377736 0.0530623429787577
-0.126533700359651 0.213290754892471 0.0181480933224209 0.0552246766353052
-0.0867436437810338 0.193280921930124 -0.0574344611186133 -0.0291947171259433
0.0372382102095285 0.172762757766844 -0.0328755817583301 -0.038190138473744
0.177426883603785 0.0530424985536903 -0.0649598381379864 -0.0206361950776077
0.162773918521217 -0.128861497033332 -0.0630357087450165 0.0244220146618492
0.00851487737571104 -0.170133278967904 -0.0140828173132806 0.0316922522894895
-0.0891144751567411 -0.118445792581108 0.00182540093027826 0.0241124899811314
-0.172123361214378 -0.0654942994034001 -0.0040874548595667 0.00311653734859012
-0.191082014656064 -0.066236152496772 -0.0309796519537216 -0.00786250624232128
-0.16989000709122 -0.0875441115190836 -0.0227871187172817 -0.0322677245090859
-0.104946563580264 -0.145095958877975 -0.0161949587948376 -0.0306604983449794
0.00626976034169221 -0.195728942336026 -0.0117793087602317 -0.0496552798391053
0.20384612478454 -0.151102465350247 0.0180328958277427 -0.0498091785036748
0.221671191127404 0.074155624036784 0.0381775234736123 -0.0059379161280639
0.0436364882849449 0.232315165968687 0.0888637064590876 0.00271540944650666
-0.134721249372802 0.24625494850634 0.105589531735397 -0.0188180444742013
-0.0891788435112142 0.15351864550135 -0.0138203391439723 -0.0735252682094994
-0.00776997728994563 0.156350976106073 -0.00907547298985838 -0.0552406644000188
0.140110085006532 0.0858559016205673 -0.0235155834874446 -0.0365930765645766
0.167965887236806 -0.0796134809988781 -0.0311623841739606 -0.0184597367296264
0.0420353777930103 -0.147597208222113 -0.0185198524552792 -0.0259618257404307
-0.0548997099192174 -0.112548904950166 -0.0399565219157911 -0.0261911768475373
-0.144205576080464 -0.0632733760561373 -0.0684666396936175 -0.0256636429032713
-0.17477611034543 -0.0599672977720392 -0.1010880917757 -0.0307046980033257
-0.157264595900631 -0.0748552659904962 -0.0904381317121952 -0.0629651476227572
-0.108318107431858 -0.114404016800534 -0.0657757054605784 -0.0654173008371493
-0.0210943197650917 -0.171180486922215 -0.0471661398055396 -0.0903149685420008
0.160650609264836 -0.156784250299426 0.00248912483485073 -0.0974853417551707
0.207588677438594 0.0397165939412602 0.0440426247547559 -0.0559645598221924
0.067027191894161 0.201883474647892 0.116496259713585 -0.0640625347573601
-0.109876793368058 0.235565581273074 0.176654723368786 -0.107484802452869
-0.0842559168753914 0.0998823738947696 0.0370502388287782 -0.102705165129809
-0.0446308861077049 0.127039915424479 0.0133885729014371 -0.0608375739407688
0.0900856009032326 0.100262721254112 0.0184071449277813 -0.0273081149447256
0.142993890290864 -0.0299483791483319 0.0167265151376918 -0.0388372150328065
0.0587107200281238 -0.103276547520218 -0.0012720015788534 -0.0735323998529552
-0.0182597094634997 -0.0863931235430612 -0.0622189062083779 -0.0751061303557054
-0.0944389470268053 -0.0501918769134408 -0.117454664798404 -0.0537048198287193
-0.129491456903259 -0.0445993125861349 -0.156993056011091 -0.0477849267525855
-0.118803405993393 -0.0546748392774786 -0.147495578935214 -0.0804993039469535
-0.0874901979945332 -0.073811924656947 -0.109865205697149 -0.0878020206759778
-0.0342117905578674 -0.119890109020307 -0.0804534532155093 -0.11399557441421
0.0976866180926173 -0.12839165944946 -0.0182106555139845 -0.128267270074809
0.15329956196215 0.00428393492015906 0.0399244008216029 -0.0946185433689325
0.069741372589421 0.130341596654566 0.119222043037807 -0.11531531789222
-0.0667631366064477 0.176918782318782 0.212193643387689 -0.182229634920406
-0.0159085815604232 -0.0657634901565582 -0.163347601843052 0.215048451233743
-0.0435008053766731 -0.0346511921123411 -0.0786272618155943 0.167038065792154
-0.0695901982045663 0.0141904528472068 -0.0394240010741109 0.109572836518298
-0.0298101333737046 0.0667373228631335 -0.00377977099353669 0.12865243397487
0.0274030397104817 0.0521987891931411 0.0725451706796706 0.148170669424128
0.0422726830936678 0.0198263707082769 0.147951298172061 0.114867064630961
0.0603208599716495 0.00913526598200209 0.189374778532059 0.068934911751292
0.0607549505325885 0.0259862141778576 0.188097342263028 0.0564925669904255
0.033327731069246 0.0440973807786418 0.149672131716016 0.0951332297446867
0.00198192542391924 0.0486313736984127 0.0772401538978773 0.106323010234276
-0.0339242894911826 0.0446122957283591 0.00453725628216957 0.115514079222372
-0.0742598925854226 -0.00313816447077503 -0.053886823732737 0.0768274486992528
-0.0344614391880557 -0.06521071235697 -0.0704586313271407 0.00718499004795472
0.0490926310245169 -0.0750625163310133 -0.0579372304565839 0.0166133714263749
0.08732010396369 -0.067548942306004 -0.117009267517973 0.122711328988855
-0.0474373945013025 0.0361424015164291 -0.160512611607927 0.208214977374195
0.00136683978338665 0.0534138720079418 -0.073315605927177 0.152504653525433
0.0254377117850512 0.0168170026126201 -0.0563499461768865 0.11480271328676
0.0245415406246283 -0.0115346885259922 -0.00497655032694463 0.149438309045518
0.00564642220642606 -0.0185989147787156 0.0910328445039058 0.154136783916388
-0.00858974591975099 -0.021037585494138 0.166205848058327 0.113814379446117
-0.0128273426904611 -0.0107396145285152 0.200307969300011 0.0674504649962191
-0.0134325053526104 0.00247531914220392 0.18803285818598 0.0632518450414125
-0.0264907420014484 0.00324768352972408 0.152515489352576 0.101201091336823
-0.0181015579565249 -0.0155048265998383 0.0752736668837504 0.117698922857352
-0.00610749974272938 -0.0186845315655567 -0.00610014678541114 0.124568621823702
0.00518607561097164 -0.0270689609039588 -0.0686220712873802 0.0781057752624128
0.0200628613370078 -0.0266657824504833 -0.0830387374954426 0.0169539038603772
0.0409428761115273 -0.014260219834113 -0.062049810108848 0.026579179272399
0.0396082639409771 0.00320354958319542 -0.13059570248683 0.12900507494151
-0.068032690576592 0.124293106464628 -0.143762671982583 0.163007927809562
0.0470246848687554 0.120976019471775 -0.0692749281033481 0.105626586077864
0.112222923879373 0.010782983974681 -0.0793633136083683 0.0992329297593677
0.0701891602606068 -0.0892903646788164 -0.0236791028774781 0.151294899057265
-0.0200921934432391 -0.0843829962539075 0.0848115913705722 0.149652915268865
-0.0604011172482644 -0.0548052134214703 0.155457817988591 0.107379723497379
-0.083923632197056 -0.0274113826091269 0.178977982885728 0.0607750928899645
-0.084373168702222 -0.0214401795638696 0.159324773741051 0.0584228730116542
-0.0822051821946031 -0.0383123488115843 0.134149135892967 0.0853401247624033
-0.0372253041784839 -0.0791337428280533 0.0695908750329262 0.102516542641474
0.0222785549812205 -0.0837655917038245 -0.00100348812753041 0.107167681736111
0.0885909042702257 -0.0503189148081396 -0.0519466443292717 0.073500862880334
0.0764939324343398 0.0210929976868183 -0.069839054929688 0.0417533069466903
0.0237067376381671 0.0596677089725249 -0.0513301297994991 0.0523273925666781
-0.0239724036011436 0.0777950336838036 -0.11365495665813 0.125075507561785
-0.0780132171081397 0.184273140540165 -0.120362914369199 0.0987270095090851
0.0736635269495409 0.162983494653402 -0.0635959401989005 0.049411329624557
0.17107877192281 0.0104212980163867 -0.0945957525271653 0.0637622170609998
0.109253077329902 -0.141425117868965 -0.0489036003264108 0.126303979648795
-0.0311769326269549 -0.136904068341877 0.0542687911883018 0.126950744834217
-0.0961583159095459 -0.084850079336831 0.114560447591993 0.0921733799463959
-0.140439147462639 -0.0437626684976772 0.130958370288972 0.0482099833974355
-0.142805904027814 -0.0443090655055447 0.10837405767906 0.0420133592516341
-0.127951625017341 -0.0707441199826819 0.0974166676781222 0.0506600143527755
-0.0608227133379144 -0.129166801986424 0.055455485387979 0.0655302704920487
0.0375774327417381 -0.144536228064271 0.0108466381330798 0.0652169599008109
0.163045061983627 -0.0817964070179666 -0.0184629606178848 0.0513017924908245
0.137867945074299 0.0647388921167031 -0.0341368090941023 0.0557386273051281
0.0119795012566661 0.141332788462177 -0.015824969358164 0.068644348295547
-0.0867193425316459 0.151994200246078 -0.0625035593119198 0.103985109798966
-0.081857463045393 0.207658205883861 -0.0944068614314451 0.0298806071291383
0.0708852672633352 0.177842982372319 -0.0524024131518954 -0.0011379346566047
0.192346248186972 0.0223327263510339 -0.0899342004090281 0.0180039246310267
0.139248809951579 -0.156756418905685 -0.0662040814126482 0.0794252495099534
-0.0229319321111053 -0.167497502674459 0.0151359384284083 0.0851253139955762
-0.106830630619633 -0.10746336660092 0.0579122151753907 0.0638982080275362
-0.172277338345796 -0.0567130056849289 0.065594048271577 0.029286810010141
-0.180656470615863 -0.0596820643177456 0.0416883831952431 0.0191989047799397
-0.159884604507009 -0.087514923692392 0.0426681970904393 0.00852426969113179
-0.0868095917654969 -0.151998602163034 0.0267213065721261 0.0167485710957555
0.0303090628524877 -0.1873111650904 0.00840324089786213 0.00819085063037596
0.206920949222752 -0.121858806014793 0.0101754768300127 0.00621195270075248
0.194765634706463 0.0853043326565868 0.00888670106812723 0.0387749324677103
0.0198504694933303 0.207871591744477 0.0380757946003746 0.0529031925900338
-0.12785215018584 0.214066703222215 0.0176185309620571 0.0553837646011481
-0.0870409878138067 0.194064337895588 -0.0576072209915657 -0.0293395321561254
0.0369817252701782 0.174284102631607 -0.0327801160964131 -0.0382853178666448
0.178418892545673 0.0539888368878585 -0.0648774784592687 -0.0213035675156152
0.164374987720394 -0.129451718565329 -0.0630991785384128 0.0241934194584448
0.00938061162238254 -0.171004567516814 -0.0139746080127715 0.0315833586066761
-0.0889397916545453 -0.119646544506322 0.00206942997352576 0.0235195812008716
-0.172450021715691 -0.0659625853364409 -0.00403519678877234 0.00327134342964759
-0.191518878213008 -0.0666694416760651 -0.0307089993099231 -0.00779020474114043
-0.170089257837348 -0.0887449097786274 -0.0229198877854294 -0.0327761351634291
-0.104607001626231 -0.14601433617645 -0.0158458990829945 -0.0308526570992875
0.00660011388459036 -0.196305345578996 -0.0118307435469673 -0.0493672753566656
0.204799412083549 -0.151336934117741 0.018555827560215 -0.0498933536641594
0.222769718024159 0.0749534108997286 0.0383512573092191 -0.00488009602248067
0.0435254877411626 0.233950235980138 0.0892564018799075 0.00264424233512666
-0.136249445940982 0.247323730794049 0.105673226356573 -0.0191626231320788
-0.0895929981952712 0.154173998994746 -0.0138809857258689 -0.0735827866497438
-0.00856498876243834 0.15777487297553 -0.00885338940775065 -0.0558174432077979
0.14066593331861 0.0865250957362289 -0.0235245621672554 -0.0367312525306215
0.169217433746993 -0.080570721234652 -0.0308088271924584 -0.0183559393109035
0.0424300889081893 -0.148702831442255 -0.0180906698101626 -0.0264494273091336
-0.0546344236841156 -0.113690177581216 -0.0399838710038337 -0.0267968851178147
-0.144874024123309 -0.0641634404256278 -0.0684133268231698 -0.0258335088110385
-0.175495738347841 -0.0605361996081448 -0.101604213337192 -0.0312731198232413
-0.157807853007851 -0.0755195994740367 -0.0906970852648961 -0.0636837790855458
-0.108172493422158 -0.115847176164802 -0.0653579472394812 -0.0663771631818362
-0.021137069077957 -0.171977617995511 -0.0468833647934786 -0.0904115164839581
0.161527512813663 -0.1576696106803 0.00299225937168638 -0.0973320408043324
0.208472265092472 0.0402125906875473 0.0441058190677975 -0.0555965677917695
0.0664486058496174 0.202817038010572 0.11691146142737 -0.0637828091063416
-0.111017637881555 0.235975923489682 0.176676849813413 -0.107727513697037
-0.084685335421561 0.100308394189002 0.037790694091123 -0.103312595923553
-0.0449737947293993 0.128060842751403 0.0136068777016367 -0.0614025753045085
0.0909636449006629 0.101003170370301 0.019126250847642 -0.0265538749570315
0.144036421916084 -0.0304660335998865 0.0174379010923488 -0.0387021991822396
0.0590843044553611 -0.103709213307708 -0.000207908792281312 -0.0741040023450721
-0.0180956098301262 -0.0870242814310817 -0.0616438074015975 -0.0764439918837683
-0.0945305915162667 -0.0504002418027904 -0.117300844173667 -0.0543158076808609
-0.130096727922261 -0.0444452221820988 -0.157085832588212 -0.048169234147653
-0.119518377393442 -0.0549275249046003 -0.148217308334796 -0.0810421486024803
-0.0871356251021544 -0.0742716155760739 -0.109986990630455 -0.0887456939634035
-0.0342971019534786 -0.120431636434439 -0.0803666744509945 -0.114011276311012
0.0982186087857412 -0.128972161644504 -0.0180562694852271 -0.128345570482132
0.153667115584073 0.00455070678982676 0.0407158394073068 -0.0944399845438936
0.0696228642188301 0.131447156289489 0.119952059320187 -0.115979530526498
-0.0678426314356027 0.177660952480613 0.213399332070125 -0.183621457980361
-0.0159679460341075 -0.0660591956581192 -0.164488207428585 0.217402487505344
-0.0436393932006176 -0.0357220009300114 -0.0793545998687038 0.169160022443851
-0.0705172124845311 0.0141004380037016 -0.0396772186033459 0.110412430217398
-0.0304765825844825 0.0678162366097293 -0.00473344324604922 0.129009495652084
0.027012855882133 0.0527325425069019 0.0719077942520118 0.149634898044048
0.042156610393628 0.0199427004939726 0.148610825772679 0.115655125547177
0.0601593475134819 0.00876181033720337 0.190649275827412 0.069414366168759
0.0614390596946367 0.0259281802332237 0.18927622875478 0.0573387974795075
0.0334236191467008 0.0441874448315405 0.149972107542956 0.0967512690297348
0.00194140246223397 0.0489195622825519 0.0765961074183475 0.107658121881206
-0.0338498431856347 0.0448425705925129 0.00410130778281562 0.116213000335463
-0.0744980689104631 -0.00327446746769452 -0.0553038991299919 0.076307502851055
-0.0346684911892146 -0.0651001883190057 -0.0713865367719238 0.00623069511110768
0.0495688554945261 -0.0753613911602186 -0.0591371155683783 0.0165438247525021
0.0877357737672527 -0.068132657816863 -0.117642887176618 0.123620892844768
-0.0476074740779852 0.0368218544568626 -0.162839173005835 0.210009751691491
0.00130627726408174 0.053360428747633 -0.0736973580976675 0.15346003624157
0.0255996921207337 0.0166128463446217 -0.0564896114175127 0.115600182529675
0.0243797150469921 -0.0120593620595928 -0.00612750262269381 0.150570334812383
0.00581583470348613 -0.0190675796375152 0.0915959797284878 0.155532280281974
-0.00915741891217142 -0.0208420926024982 0.167387419529611 0.115583237155088
-0.0128832065386947 -0.0107448664750103 0.201082764754483 0.0685514016639926
-0.0133556642283332 0.002393290635714 0.188560844443475 0.0645217683966822
-0.0267173116855737 0.00272000061817919 0.152835768869511 0.102159827201198
-0.018105151522832 -0.015865541102501 0.0752970619794353 0.118332664554339
-0.00549096187984836 -0.0185404110697694 -0.00701590134544378 0.125495899067332
0.00541520002433913 -0.026922160136536 -0.069233708238304 0.0782416621249134
0.0202737871318815 -0.0261409680527706 -0.0841809562241901 0.0169343399828425
0.0410981635450503 -0.0140867295946718 -0.0627729951914316 0.0265378345523543
0.0399148518927646 0.00343213227940647 -0.131208486140658 0.129653564951139
-0.068628375649751 0.125540120477675 -0.144852429926853 0.164791478046445
0.0475518354540148 0.122329103158895 -0.0699004215049607 0.107087791578148
0.112902079266132 0.0112242881916214 -0.0806310337499055 0.0995656529017891
0.070575092937436 -0.0900167773289959 -0.0239993105550873 0.152229081044983
-0.0200265426588184 -0.0854527100405195 0.0850380023832845 0.150967247954226
-0.0606446655229635 -0.0558802058616567 0.155654677976344 0.108361954572479
-0.0841894244960285 -0.0278206111897556 0.179789688504905 0.0615767557329858
-0.0850401996993288 -0.0221098221657126 0.16006335569327 0.0595230170278278
-0.082332641010475 -0.0389320736307852 0.13506982819644 0.0860217255353644
-0.0371409280519444 -0.0802392470733568 0.0697571972191802 0.103643897716116
0.0231414355083196 -0.084197223472381 -0.00101845387548046 0.108062189342379
0.0896528217565584 -0.0499180336962564 -0.0525391110743957 0.0736310347983983
0.0763881663261616 0.0216928022990014 -0.0704471906536706 0.04186192279473
0.0235924440426974 0.0604837947080144 -0.0517503299445352 0.0524512063102682
-0.0243145673048681 0.0780063496302683 -0.114810219165423 0.126350559564794
-0.07879569098193 0.185450764099838 -0.121318483793598 0.0994224905863175
0.0735020675723502 0.164384974345065 -0.0642610665503644 0.0501265681108977
0.172022245231781 0.010504488124216 -0.0953723771738295 0.0636391374666171
0.110170751705174 -0.142283038175267 -0.0495087397055108 0.127374387708468
-0.0309115626858739 -0.13823574151608 0.0544278176199168 0.128321766531469
-0.0966780926449175 -0.0861955727497693 0.115629013828911 0.0925405775963118
-0.14110940271962 -0.044437320217026 0.131774459089273 0.0488020032849099
-0.143832334746754 -0.0452961970398767 0.109088461661616 0.0428615171814135
-0.128773156534704 -0.0720752999277712 0.0975237995107431 0.0512044795672785
-0.0598980744886062 -0.130450997425329 0.0554091280943679 0.0657813038800436
0.0388183556019208 -0.145329910289637 0.0105289758989195 0.0662750490578854
0.164683906753991 -0.0822330682196714 -0.0186986176199575 0.0520286998016608
0.138398391748473 0.0661083712675003 -0.0340949058193521 0.0566029476273066
0.0113362683781 0.142892268204839 -0.0163243801489555 0.0693806494790001
-0.0877729414306428 0.152460484717122 -0.0635039852700681 0.104854754902003
-0.0828444025125832 0.208450233775835 -0.0950097450313795 0.030030031165307
0.0709534555979865 0.179840720126725 -0.0525966070473404 -0.00121738256887424
0.193691207205032 0.0228898420287634 -0.0905868428092689 0.018052447170927
0.140604667165578 -0.158184959925203 -0.0664777106240127 0.0795209187689381
-0.0226949094684505 -0.168822936173809 0.0149496644246199 0.0861476556767481
-0.107374163840154 -0.108419191226833 0.0583103725601993 0.0643081882920509
-0.172821247425287 -0.0579360661603996 0.0657651601831447 0.0292125939580877
-0.181742187115481 -0.0605680509251169 0.0423223060949839 0.0192297666688674
-0.160880501405146 -0.0886083902690474 0.0428064871599672 0.00917911261532487
-0.0864044672159005 -0.153645268722507 0.0267168490611066 0.0170831695719048
0.0311569960475513 -0.188398769236886 0.00866246594957 0.00809783500902592
0.208432716193054 -0.122064670350306 0.010678147667718 0.00669327858414059
0.195496198795348 0.0871702736345535 0.0092010519692159 0.039875576358872
0.0193023490606166 0.210031971165936 0.0376638846265727 0.0536204325451655
-0.129148109029247 0.215680271027072 0.0166273986602901 0.0555715967530615
-0.0881672829768134 0.194449585509661 -0.0581743849475281 -0.0292101540598
0.036228782423224 0.175975501207872 -0.0328092131106045 -0.0387294207366759
0.179746175399092 0.0547704884356978 -0.0656490978359827 -0.0213306823647477
0.165715208948663 -0.130909636912169 -0.0636513335490317 0.024951440750058
0.00998567587040764 -0.172620131073021 -0.0141170355318068 0.0316587418984916
-0.0890448879826689 -0.120726520957902 0.00223890615370721 0.0232971759872031
-0.173126883510846 -0.0668647480938835 -0.00438606138862629 0.00312517201670778
-0.192697508927703 -0.0672645888682552 -0.0311111154336181 -0.00803435213727836
-0.170835050844884 -0.0896672263266284 -0.0230889357304825 -0.0335487548046398
-0.104477114369259 -0.147441941486072 -0.0157442213396279 -0.031392202667701
0.00768865764883829 -0.197941939336356 -0.0114976396478334 -0.0498458992418848
0.206259398332097 -0.152711015928857 0.0192692478799655 -0.0494367819809524
0.224179123271088 0.0760843561072852 0.0387580780932199 -0.00398567035143447
0.0427728023983403 0.235943423448448 0.0895222500489696 0.00312410283051121
-0.137207391511708 0.248492115654627 0.105842386117966 -0.0195151726700973
-0.0906983273707356 0.154564379903532 -0.0138041920712124 -0.0738237860795415
-0.00924253231158905 0.159299801134892 -0.00873296015198408 -0.0562121340730437
0.141603217737895 0.0871272455599272 -0.0236854359047503 -0.0363788638175975
0.17068851256831 -0.0814329611199992 -0.0304846387626811 -0.0178467815369129
0.0432410697382042 -0.149786868251583 -0.017421404325107 -0.0269827224419734
-0.0545544951065806 -0.114947124239391 -0.0395370521711107 -0.0276583558395831
-0.145303278429997 -0.0646447711156329 -0.0686648972087154 -0.0268037660453992
-0.176661250736677 -0.0603943564602442 -0.101752803781109 -0.0317324484248662
-0.158706685515214 -0.0767318100577413 -0.0915289170810868 -0.0645628211544262
-0.107884825163871 -0.116650844489194 -0.0651043336374917 -0.0669364827705637
-0.0208804282849362 -0.172973434013 -0.0464207871439176 -0.091162951378609
0.162192513546145 -0.158845941398421 0.00354021858005634 -0.0976473882531665
0.209575664447025 0.0407845705398236 0.0449157377830654 -0.0552841825862154
0.0663607035974949 0.205313664544887 0.118176889777024 -0.0644962991208441
-0.112745801865758 0.237346432198996 0.177805213331246 -0.108976939756263
-0.0856298874506095 0.100880567402711 0.0380139665481357 -0.103882223629266
-0.0459119414088656 0.129508022033489 0.013941262346875 -0.0612724949908795
0.0914614101938277 0.101701213739437 0.0187519483910257 -0.0263414320661611
0.145393127900916 -0.0305739709988485 0.0182542796162432 -0.0386147847824042
0.0599162947234772 -0.104776812090738 0.000365636039364275 -0.0747047609154387
-0.0181076964084484 -0.0880289033127053 -0.0616710159086384 -0.0773607833113653
-0.094831407388246 -0.0512402015402644 -0.117972449396076 -0.0550448330096137
-0.130765188430052 -0.0444018186814861 -0.157997918798604 -0.0488990972596278
-0.12027565668147 -0.0555153827203856 -0.148892654633452 -0.0819305478771907
-0.0874314082397344 -0.0750719512549714 -0.110005649276866 -0.0897674069887712
-0.0342727696642381 -0.121317186004639 -0.079940840303502 -0.115058484914194
0.0993629102320502 -0.129588295179117 -0.0174416594035369 -0.128971767536136
0.155151955791754 0.00429791414007752 0.0409349892797309 -0.093917283684256
0.0700828334520164 0.132515056575426 0.120663166458309 -0.116537630806695
-0.0686099527786217 0.17856523583352 0.214287198744524 -0.184620290624541
-0.0156047052311357 -0.0665931739005365 -0.165789368823948 0.219314685351722
-0.0431112993386742 -0.0363940520730726 -0.0796089739289485 0.170357242687437
-0.071312457163366 0.014553521970555 -0.039920551649621 0.111225892669037
-0.0315215351456133 0.0683716180581634 -0.00501960031837832 0.129990378827991
0.027367054304532 0.0531398512878259 0.0718053387700686 0.150876641147569
0.0423841361085363 0.0210400478612266 0.15012869526312 0.117357074998943
0.0606203356400584 0.00918641342129018 0.19178102731926 0.0702432236941778
0.0621477081268802 0.0262561243035288 0.190217207155404 0.0585548414900438
0.0339859430887104 0.0454405068605494 0.151456058506545 0.0976043805577636
0.00186041354089478 0.0493618115451158 0.0766021642118056 0.109242280608104
-0.0344542025089734 0.045399845595967 0.00314946762032511 0.118128735188839
-0.0748151990603791 -0.00294408388984359 -0.0566190072467017 0.0768191935648707
-0.0348288239543573 -0.0651124034009769 -0.0726999808019704 0.00573420892569089
0.0501282727121149 -0.0759290029352282 -0.0595904824270288 0.0158475450939033
0.089110024310779 -0.0691466114318746 -0.118880555984908 0.124552654818849
-0.0481454687303968 0.0367989795673416 -0.164362858358795 0.212042096396667
0.00178405762347613 0.0539141006305411 -0.0749092819975107 0.155089059771528
0.0253539251437204 0.016853246846635 -0.0575367051830523 0.116687926143929
0.0244362521670202 -0.0115558078907964 -0.00623348481329302 0.151242579587801
0.00546383995485469 -0.0191200071170135 0.091959960363311 0.157099504777752
-0.00967173454793577 -0.0208268374973683 0.168742163988801 0.116778998783658
-0.0131687333709027 -0.0115662927246893 0.202939174621825 0.0697110063944443
-0.0131550056788877 0.00240536125836782 0.190886916640479 0.0652031086518362
-0.02667098882354 0.00256887729052931 0.154232458035235 0.103271799273683
-0.0178566979890138 -0.0164078218058759 0.0748718260984473 0.120740448793651
-0.00570610418485948 -0.0182144392384879 -0.00791725919627136 0.127040480614146
0.00625271664094182 -0.0259360892766117 -0.0711178476406263 0.0785433509364601
0.019741847838044 -0.0259527363034969 -0.0856518017094454 0.016301923375092
0.0417569869459519 -0.0138555278813154 -0.0635627293738468 0.0257188687878408
0.0405830772819229 0.00338174741481845 -0.132957421834993 0.130671001123051
-0.0693411628056169 0.126218364154383 -0.146523526035292 0.166989625760331
0.0479984263175384 0.123371307488742 -0.0706277844359867 0.108155650353812
0.114013337206998 0.0109474213183446 -0.0813598619198364 0.10073366678072
0.0713851575749301 -0.0904215313135734 -0.0251534070238864 0.153177549608218
-0.0200956044551823 -0.0862663610509556 0.0853339325062591 0.151808896851572
-0.0608554238693524 -0.0566717679551452 0.156944356798321 0.10924174487071
-0.0850485767311936 -0.0291702123469083 0.181038921504874 0.0625937410921193
-0.085475386206554 -0.0227763096800363 0.161204396215245 0.0606136196395013
-0.0824654318573332 -0.0398781432349684 0.13579554180161 0.0874477520942731
-0.0365715622405508 -0.081258824160694 0.0698425931415574 0.104941210700056
0.0240154577826322 -0.0847327574538291 -0.00222162161309828 0.109277830980593
0.0905770896453673 -0.0498251632777728 -0.0533944352416904 0.0742628978872738
0.0773969097298689 0.0226511038382445 -0.0718527881347388 0.0421520636736943
0.0233064424221753 0.0613457896152054 -0.0528012334672234 0.0523845422448787
-0.0245480692271455 0.0786347033839242 -0.115979649654934 0.127563845483105
-0.0792217198841318 0.186845782235725 -0.1227190818266 0.10078659046952
0.0740202451076206 0.16665625224928 -0.0647997156450343 0.0508531528275036
0.173874353160564 0.0108608075249253 -0.0963818742238008 0.0642367902486849
0.111396109214026 -0.143961101468211 -0.0506776874589631 0.128596613205174
-0.0313376879342669 -0.140009925441058 0.0543583193280315 0.129301291410932
-0.0972606932196274 -0.0873080461193549 0.116492208502814 0.0936686961844483
-0.14212305463463 -0.0459336062270663 0.13233538432017 0.0493141726978896
-0.144690193697976 -0.0459429534698083 0.110110893221692 0.0436951412059918
-0.129429287436881 -0.0733232695688769 0.0980485610393357 0.0518344285590205
-0.0600073328243562 -0.132216211663232 0.0559185335925514 0.0667249321664736
0.0401353544030816 -0.146635533757342 0.0101951820726113 0.066741044732939
0.166267143959517 -0.082354463187 -0.0187971747163697 0.0526421591188852
0.139658119198097 0.0672041658979383 -0.0350450916878598 0.0574902150501155
0.0107551936591046 0.144833866698597 -0.0169002677977981 0.0700677214959405
-0.0888998299640122 0.153499247694284 -0.0645203025085562 0.105337864299486
-0.0836272362120202 0.210596165701224 -0.0961944136381795 0.0306019124726118
0.0707743329465952 0.182129530120464 -0.0531393763155122 -0.00106059441704786
0.19523992861909 0.0234354437448496 -0.0918317297606659 0.017971377868943
0.142732821560132 -0.15982664717131 -0.0676535263311804 0.0802894513894916
-0.0225853258571358 -0.170948408998063 0.0145583538016423 0.086467387102419
-0.107597532373771 -0.109940683541012 0.0590376643377903 0.0646138221620506
-0.174093718697088 -0.0587812233379312 0.0659082203812827 0.0298474063897763
-0.183186737932335 -0.0614435919693663 0.0429772469434316 0.0192515436929573
-0.161699433839991 -0.0900975600084733 0.0428934339277832 0.00877590426668033
-0.0866462327806641 -0.155603315550467 0.0271074688144999 0.0173744287745068
0.0323339173610693 -0.189626181272788 0.00884787749195674 0.00826652145018545
0.21081743414992 -0.122600860419402 0.0109753950963607 0.00695626492267531
0.196972634376407 0.0882891544331643 0.00919368616503837 0.0408906257550869
0.0184693486840299 0.212576689642936 0.0378253534419841 0.0544796991291766
-0.130308893825137 0.217142044876544 0.0165811929372688 0.0562632246971103
-0.0890998376587197 0.196844717636205 -0.058418113705586 -0.0292402550718032
0.0363828123287031 0.178218118636402 -0.0327077349965196 -0.0390092065892654
0.181560989511279 0.0553888107219905 -0.0663829715619033 -0.0216895240504306
0.167909383066702 -0.132023762821894 -0.064252910943217 0.02518231563614
0.0105616852040365 -0.174815313089866 -0.0140100948532803 0.0319861117095075
-0.089370646094632 -0.122742108255458 0.00233242114558478 0.0229064935930549
-0.174717825439016 -0.0681433342160393 -0.00417366337529667 0.00332634237522177
-0.194463095331862 -0.0679219663522613 -0.0315315550379617 -0.00770148221397099
-0.17243982740147 -0.0914630629916483 -0.0235369535350349 -0.0339878323474612
-0.10477635991603 -0.149065289029637 -0.0158257749013416 -0.0320376824124263
0.00799544837527959 -0.199796150164174 -0.0114215006574871 -0.0502986351907821
0.208766104895863 -0.153322940985499 0.0196831351003703 -0.0500690159309905
0.225833076481244 0.0774675310534491 0.0392750845101814 -0.00318171678199379
0.0422189347127172 0.238808775863428 0.0899885636228257 0.00354012368798103
-0.139136352462361 0.250624968951044 0.106302952758543 -0.0198681726388381
-0.0920575983084611 0.155866112413491 -0.0135139309617638 -0.0742907993564916
-0.00970583683739978 0.161706711693116 -0.00875732018045299 -0.0567407325662747
0.14321350986048 0.0881351096746417 -0.0237473544464736 -0.0367273837782888
0.17321723953625 -0.0821369383170777 -0.0306581716564576 -0.0179097586572295
0.0439607866350673 -0.151112010357845 -0.0171613844754573 -0.0273466347708044
-0.0546216686302055 -0.116530150393119 -0.0394666845333 -0.0284723835564826
-0.145978287132449 -0.0660564465279121 -0.0687555954044011 -0.027184436339161
-0.178082615322265 -0.0612142013623903 -0.102720449456685 -0.0320553357679974
-0.159888841088799 -0.077683263703189 -0.0923862873546303 -0.0656297092284521
-0.108198491200947 -0.117987838660471 -0.0655315290363055 -0.0684779723865919
-0.0206911994084568 -0.174751028966307 -0.0466062092499223 -0.0916629263848549
0.164324711125826 -0.159369397990202 0.00424108374319827 -0.0986420270078723
0.211900169294109 0.0418544755692113 0.0457191567714952 -0.054873437224262
0.0664291795424038 0.207639405565751 0.118982477107408 -0.065057734125303
-0.11391948580824 0.239756418507743 0.179546745351507 -0.110458742535642
-0.0869498500816071 0.101492622839098 0.0382971656232032 -0.104401800880161
-0.046340246607159 0.131181502043433 0.0138953727903433 -0.0616369579995253
0.0925878714500283 0.102486809460615 0.0194231851242467 -0.0260404586372178
0.146857405894015 -0.0315074655125879 0.0193763156324259 -0.0383600197452751
0.0606148139458259 -0.106220976094439 0.00133707037445618 -0.0761317677977364
-0.0175918141609195 -0.0891283525351512 -0.0616787660070738 -0.0789372045537011
-0.0954061900492796 -0.0516038260170877 -0.118216067638292 -0.0560482860797035
-0.131900743467931 -0.0450361796094778 -0.159166568403635 -0.0497082627731853
-0.120649264605386 -0.0562598226879704 -0.14993623098864 -0.0835403162494345
-0.0880756113525042 -0.0756368423057503 -0.110078791652254 -0.0909639923921314
-0.0341975959113652 -0.122255649892977 -0.0799181774213787 -0.116130955038025
0.100234822221369 -0.130777377992898 -0.0172731448280551 -0.130192996541645
0.156459557628567 0.00500362280988055 0.0418994885827297 -0.0944728685792212
0.0699701329796115 0.134268396836473 0.121811439579917 -0.117602724760881
-0.0695317268381193 0.180326220680217 0.216089970455536 -0.187328059053833
-0.0155622722596355 -0.0673266098472594 -0.168334330503576 0.222554012556307
-0.0438772054218379 -0.0376056191746954 -0.0807113450728462 0.172862307193082
-0.0727366781339429 0.0143476712788401 -0.0401117520355971 0.112293267778861
-0.0320688675945068 0.0696106419001701 -0.00560715871152706 0.130829454035414
0.0275215604795696 0.0539464900239231 0.0722869178592244 0.153084223190502
0.0425321873314641 0.0212456559117799 0.151046451486319 0.119272423773041
0.0609030848554333 0.00941432204573964 0.193673955083834 0.0716571619295945
0.0626558575879772 0.026433386118422 0.192447786395587 0.0595842965048481
0.0346311135552855 0.045223106901711 0.153600918320975 0.0992967795161302
0.00167932321346773 0.0500544495966181 0.0769116020293235 0.111063605344149
-0.0343751627973241 0.0458692770441394 0.00220218308402134 0.119941782219661
-0.0749371588845252 -0.00261321998215275 -0.0581967233665915 0.0776222127071507
-0.0349510395764088 -0.0661958408703516 -0.0739072152132501 0.00531276713339575
0.0510013874039419 -0.0770441251908189 -0.0611828734292434 0.0155509116612867
0.0899027774477221 -0.0693634658528918 -0.120669345068859 0.125772579889419
-0.0490013636505899 0.0372302508629055 -0.166210584446679 0.21533237616629
0.00211222842115823 0.0540024718871252 -0.075820134515529 0.157743654735942
0.0257149838959296 0.0165900434372475 -0.0580208622900099 0.118003482955066
0.0246317104167974 -0.0116718740970703 -0.00689536071593251 0.152433225970141
0.00581748782544584 -0.0194598820078201 0.0921824268482172 0.158955543967404
-0.00943244783253293 -0.0212479171599505 0.170293437481079 0.118330886908573
-0.0127404489122017 -0.0121898768402137 0.204902291868369 0.0709419606582971
-0.0139074446823758 0.00165231689624748 0.192437737643095 0.0666433120176082
-0.0270725684182981 0.0021475732420098 0.155358999740661 0.105455529587037
-0.0176623395965987 -0.016710966586884 0.075987516842684 0.122037611557444
-0.00492021181407728 -0.0188017040164483 -0.00898417674276706 0.128683612652788
0.0062658480274849 -0.0257876891901501 -0.0727170748444513 0.0793504607032002
0.020271885910909 -0.0260162454344122 -0.087078953272336 0.0163988703121978
0.0418226043081131 -0.013804918462886 -0.064997747744007 0.0260582091246572
0.0409523624605196 0.0030172783857042 -0.134533639347214 0.132607894896664
-0.0697179214789544 0.128145208967696 -0.148420305336897 0.169060877388597
0.0484132284753471 0.125150812899398 -0.0719107005544564 0.109860249827751
0.115219182266051 0.0108498805733594 -0.0824966480313389 0.101836681525548
0.0722110963840569 -0.091749210666418 -0.0258137730189387 0.155255455797379
-0.0199892408422195 -0.0873161341413546 0.0852911800878731 0.15402998743039
-0.062107611700407 -0.0576241789004393 0.158552894379447 0.111007065368952
-0.0868237475933605 -0.0299611805822648 0.182959585354012 0.063303102919269
-0.086453561170517 -0.0233170044785521 0.163326345302031 0.0614403699187754
-0.0830086058433036 -0.0408465936081543 0.13729000496086 0.0885940754459953
-0.0366027886721618 -0.082924263392269 0.0700572633703402 0.106801288807881
0.0246888442041081 -0.085779669547753 -0.00257771315772461 0.110897724705455
0.092498534273501 -0.0500442438684604 -0.0542838050693412 0.0752428070311682
0.078116025319973 0.0233635472560864 -0.0730509032676824 0.0425986837136785
0.0233726119544127 0.0624342297675784 -0.0538086694561227 0.0522086865143259
-0.0250736063569758 0.0792958759351529 -0.118467536428749 0.128856849313452
-0.0803579201702945 0.189338212064989 -0.124488347386778 0.102113584309676
0.0746471080049146 0.168887030534551 -0.0655830136808435 0.0512084377107951
0.176196294463314 0.0109229157945156 -0.0978245448525817 0.064621585658851
0.113234423285547 -0.146255686954076 -0.0515856724230597 0.129674044454325
-0.0318752072005626 -0.141989689500648 0.0550093027902272 0.130823339954712
-0.098189088140168 -0.0891363326668434 0.117367213593388 0.0948547727310434
-0.143866486951731 -0.0469926275604753 0.133623480569386 0.0502130349136308
-0.146614182995071 -0.0469424502204904 0.111929637693849 0.0447087125634463
-0.130211743958812 -0.075289155108017 0.099276951178744 0.0529629833186099
-0.0602398624529712 -0.134573048130947 0.0565458568057211 0.0676922856205557
0.0411756550188412 -0.148350002833059 0.00999464615373031 0.0681123634880264
0.169078023630885 -0.0827809023497355 -0.0192884822610612 0.0533524849992032
0.140900598436707 0.0691232352807548 -0.0355778315704978 0.0585147538651378
0.0102251445645946 0.147058560525416 -0.0173217056201174 0.0705952472178774
-0.0900981767188105 0.155649188875159 -0.0655894159429257 0.106794152089623
-0.0853203052734686 0.212446388885411 -0.0972397069167705 0.0309973180801488
0.0717782502097822 0.184800641306279 -0.053952849710025 -0.00165592212036589
0.198257312972137 0.0241192374255876 -0.0931551682093261 0.0178717718853842
0.144943116857392 -0.161733855247931 -0.068812159483368 0.0810197977742823
-0.022138531611397 -0.173143399007356 0.0147185079342818 0.0876578670674475
-0.108632865203001 -0.112403834026998 0.059505221181036 0.065210443371849
-0.176103245957727 -0.0601879261396759 0.0667047800260909 0.0306553291724083
-0.185141854067828 -0.0627858893537316 0.0434611648754387 0.0199068555783181
-0.163179408655943 -0.0919387068220013 0.0435768486695643 0.00901542291572702
-0.0866039865614895 -0.157978524964509 0.0274587387620306 0.0173152625937589
0.0327790624063653 -0.192519487589151 0.00882622066775804 0.00881267977319168
0.213509037464873 -0.123447599148164 0.0114064916596244 0.00733681711946698
0.199365791953609 0.0902036729521741 0.00893016492705235 0.0420365808968536
0.0180691816479034 0.216012638756864 0.0378259891200792 0.0549035853927653
-0.132743007245323 0.219558266871944 0.0161106536610901 0.0563910294711521
-0.0903658431219562 0.199053425960206 -0.0594903718405178 -0.0292459036681684
0.036090671901695 0.181216646883723 -0.0328416599294861 -0.0394231024557172
0.184049910909745 0.0564626907755956 -0.0670608567747688 -0.0217308682479129
0.170654864451842 -0.133904379479948 -0.0649573040855202 0.025324839702449
0.0114325415870613 -0.177103587402889 -0.0139401205939722 0.0321602736223317
-0.089752235164281 -0.124957231961332 0.00278853845028883 0.0227102397896899
-0.175858866788586 -0.0694647681618866 -0.00444098433083792 0.0027162011782251
-0.196910730744472 -0.0690767685890063 -0.0316170041634992 -0.00827197813207574
-0.174046087071629 -0.0936663883129727 -0.023503211259846 -0.0349488970915883
-0.105375499200328 -0.151365018648021 -0.0156540744993457 -0.0324869745857609
0.00852932484359115 -0.202042431551901 -0.0111577928575853 -0.0508603220493309
0.211405642597731 -0.15502581547999 0.0207054782142147 -0.0501836376921142
0.228815004780967 0.0789791529669954 0.0395037170428204 -0.00206867389611808
0.0422346600571929 0.242386470263419 0.0909832193887829 0.00360503259670951
-0.141383641223919 0.253452110525261 0.107112758249825 -0.0206262498547667
-0.0933966902917837 0.157667329391864 -0.01361924099857 -0.0748499401280517
-0.00993333639085999 0.164006006385064 -0.00856461918045355 -0.05720371067025
0.144798877388586 0.0897177806657988 -0.0237646612672174 -0.0368776077687885
0.175767162542444 -0.0836261273856529 -0.0306689159651293 -0.0182332460700306
0.0452926059138622 -0.153605726045518 -0.0167762746340283 -0.0280335450199504
-0.0548241668251881 -0.118410654418161 -0.0396004829809216 -0.0296489792587126
-0.147496856023745 -0.0669547641984377 -0.0695309581765176 -0.0279373786538549
-0.180553447593175 -0.0618753277331946 -0.103581358828307 -0.0325902938073104
-0.161423681207981 -0.0790877291212925 -0.0933583231134089 -0.06684035176569
-0.109256802779045 -0.119701837447067 -0.0656107823026015 -0.0695548241717339
-0.0202912788523866 -0.176670843467643 -0.0463447446086034 -0.0925403070245214
0.166111599776408 -0.161608705281635 0.00495974832536851 -0.0993171946552854
0.214377261605911 0.0427346060629796 0.046492051857627 -0.0548592381490855
0.0666840223667544 0.210645126300586 0.120641910339551 -0.0654968014925025
-0.115805370019177 0.242180746811388 0.180816516071983 -0.111745963390609
-0.0881608737802391 0.102364650776236 0.0392060655290412 -0.105658607371328
-0.0474205146273349 0.132857374287714 0.0143552304085512 -0.0622085170204983
0.093964004305877 0.103362746812504 0.0196459223418723 -0.0261890286517608
0.149445113947796 -0.0321632797241829 0.0200388231226332 -0.0382660234166874
0.0613176412381056 -0.107778914270085 0.00208765748445438 -0.0772464430751763
-0.0175740344561083 -0.0909340823086117 -0.0616066262146881 -0.0802111066801601
-0.0961472995355813 -0.0527944109225189 -0.119430835179859 -0.0575427703283544
-0.133751352009557 -0.0452640688618447 -0.160685579460872 -0.0505980542703299
-0.122292237966001 -0.0571507238649776 -0.152059419677572 -0.0850121561103789
-0.0885361688123788 -0.0771168605121559 -0.111021543118792 -0.0927138451624631
-0.0343471600639281 -0.124031109809944 -0.0803751337274515 -0.1176702895149
0.101179902029225 -0.132673774403379 -0.0170010580967267 -0.131356975203263
0.157877680456991 0.00502704753558881 0.0426073113488832 -0.0952788348912301
0.0700057831554041 0.136235665465611 0.124056806708157 -0.118916132029032
-0.0710501267962114 0.182666669214959 0.218404093866767 -0.189373242554505
-0.015400972565962 -0.0680426855939461 -0.170499652958017 0.226679980335289
-0.044685462457803 -0.0384389526752084 -0.0813240685802345 0.176075190860424
-0.0739010523568265 0.0146473887269464 -0.0406750010486385 0.113179606689448
-0.0326506464157232 0.0712629226821176 -0.00582467781534349 0.132762832273306
0.0281643556297818 0.0550521988387752 0.0732837461086081 0.154765246078082
0.043094364845462 0.0214943124456636 0.153159557446763 0.120455774203195
0.0615882203382478 0.00935898655628979 0.195979596956046 0.0723371274019057
0.0638773327066183 0.0262577490533275 0.195249691435073 0.06056495536249
0.0353443721638439 0.0462027687353213 0.155405624093364 0.101371868796131
0.00191438922502665 0.0507483446396905 0.0772906687255642 0.113179990674494
-0.034972387991159 0.0467598584758176 0.00202128017914141 0.121424456924597
-0.0763353036666674 -0.00230585386621724 -0.0594699297265374 0.0783782031555943
-0.0351100816309181 -0.0666071664343101 -0.0754736496638325 0.00471964286172524
0.0516590417279334 -0.0780021407849751 -0.0619952983485724 0.0156674610651997
0.091379774806091 -0.0703131055947462 -0.122211661865997 0.127761192087339
-0.0493000731471326 0.037970898425244 -0.168718812052378 0.218511275051124
0.00219455783157402 0.0546233868292509 -0.0763417858189482 0.160273043670975
0.0260376324287489 0.0173234731838985 -0.0591805189381331 0.119181014520502
0.0250589570052535 -0.0117993953654343 -0.00751701139163675 0.154634228918521
0.00578119111981136 -0.0196540497262916 0.0930252178504482 0.161371875278114
-0.00994414433122528 -0.0218800962073616 0.172052155322698 0.120305290906629
-0.0137411821337791 -0.0122794409783908 0.206762406795628 0.0718512108648488
-0.0134233769729588 0.00132999903349548 0.195227778944222 0.0677398326825983
-0.0266046009541804 0.00268511505157048 0.157570108182803 0.106806354999159
-0.0177962832888491 -0.0175023204559298 0.0757829745679989 0.124834699644988
-0.00429690357593523 -0.0186874109429722 -0.00903451489431532 0.130877971150017
0.00694062554710484 -0.0263565867173908 -0.0741529122700238 0.0803235267714398
0.0204733451688068 -0.0256134878201954 -0.0889014793756789 0.0159235732339534
0.0423382285934377 -0.0137979389646626 -0.0659027560638877 0.0264694299793079
0.041353621487193 0.00287584365577247 -0.13672720494355 0.134579052196591
-0.0705209031182114 0.130109760208275 -0.1509360429523 0.172043024516097
0.0499502515046566 0.126825240174884 -0.0728477392271285 0.111608598050547
0.11713280275503 0.0111441059701593 -0.0838799595972996 0.103060866409083
0.0730943521767405 -0.0934788179382241 -0.0262007256203688 0.157201685017992
-0.0206665757927522 -0.088597409902991 0.0866263204618493 0.1564454703824
-0.0628605045000158 -0.0587812446290337 0.160723500958345 0.112757267244147
-0.0873853407617643 -0.0305422699077517 0.184976391697888 0.0643822850809543
-0.0872616100361939 -0.0240543022048432 0.165697002580362 0.0623530620046623
-0.0842778473632175 -0.0419755434469813 0.138770228535473 0.0899269649655235
-0.0365541127193537 -0.0843906873991586 0.0704655032126383 0.108325034292792
0.0257731424863409 -0.0869625565202494 -0.00278566600901708 0.112631555118482
0.0937602299092234 -0.050351398540816 -0.0558382463845489 0.0760814500121916
0.0792148136670731 0.0243240066533864 -0.0744084419567328 0.0431137766472625
0.0231146163316803 0.0637199681489288 -0.0547474507569786 0.0525322850645187
-0.0254096523587256 0.0805702809848425 -0.1199930400397 0.130885560700409
-0.081609916898369 0.192474167579832 -0.126476817212687 0.104280975875616
0.0764475189526959 0.171569151917333 -0.0664429010455138 0.0523019280362617
0.178775206713166 0.0113726839785731 -0.0992174534189373 0.0658340831224744
0.114815088941047 -0.14869966516196 -0.0526374080844601 0.131877064625718
-0.0315446267427508 -0.143870607106517 0.0555530765137094 0.132795801998241
-0.0993756890914574 -0.0908150260495045 0.119235316200107 0.096167779831629
-0.146013246529316 -0.0478397261474968 0.135768848935434 0.0514913558430314
-0.148660786708523 -0.0479101944645699 0.113141477228629 0.044884713991367
-0.132044965959556 -0.0764566375324757 0.100527782952773 0.0538141705075304
-0.0603919419937451 -0.136706182474838 0.0562740386833515 0.0697412134750737
0.042265147098041 -0.151230285216111 0.00976008666704569 0.0691315673468261
0.171640254255559 -0.0835445341933384 -0.0195833814259944 0.054036944496347
0.142834990799665 0.0705112642316875 -0.0363050101511116 0.0597396539478301
0.0101504885153805 0.14955650610512 -0.0182054128692166 0.0716151112266237
-0.0919106933118617 0.157550915815956 -0.0671928957246538 0.107950777387421
-0.0860253481489506 0.215509398025482 -0.0986607448361345 0.0322169532182089
0.0726717143430907 0.187743696874196 -0.0543713163877514 -0.00172342190167116
0.201340918517828 0.0244798829459 -0.0945296842350425 0.0179245442886353
0.147822970931224 -0.164930326242666 -0.0707710055372682 0.079613629881119
-0.0222617324568343 -0.176118239468072 0.014901085982822 0.088550259975721
-0.109814943305987 -0.114642013819385 0.0602793145010693 0.0660351361151527
-0.17830014949324 -0.0618562092971652 0.0677382706947149 0.030790019974391
-0.187919012712801 -0.0636026035405377 0.0441596298003541 0.0200134235619687
-0.164849474444216 -0.0940180263466771 0.0442532705887597 0.00878384856430773
-0.0879425795889492 -0.160764657889243 0.0278029237866691 0.018008544735864
0.0340859823823252 -0.195185896418052 0.0086573460493062 0.00876475054423739
0.217033914036426 -0.12511280013203 0.012024879591348 0.0073924676424267
0.202549826557308 0.0919574683715039 0.00945777033774832 0.0431849940636183
0.0182552091287316 0.219543017774048 0.0382787728645649 0.0559173527479569
-0.134573701535764 0.222921469768229 0.0163276405844534 0.0570122038365166
-0.0917186536885658 0.201041712809718 -0.0602229409961432 -0.0297499609000962
0.0367481358372567 0.184497409914365 -0.0334897716488035 -0.0402004936707891
0.186713452486656 0.0570161622337651 -0.0679720438350813 -0.0220658856631332
0.173425880921304 -0.136322971022823 -0.0659706820220731 0.0259089885423168
0.0117474247757395 -0.180056398831702 -0.0140843488129007 0.0322548146259732
-0.0906313089793469 -0.127579542744302 0.00278645062114093 0.0229423270923373
-0.178087737886443 -0.0709349757520781 -0.00470648736218264 0.00287586103085319
-0.200188917966302 -0.0702634146447478 -0.031725812173203 -0.00812463734113296
-0.176393992674055 -0.0954126857566648 -0.0243187127464205 -0.0354910207384699
-0.106678424415439 -0.154081363915518 -0.0155298470221329 -0.033281117406347
0.00895350334481257 -0.204955920938773 -0.0110793419085458 -0.0515298730764371
0.214637903145464 -0.157064626464789 0.0213099609522145 -0.0507989806187058
0.23191775248967 0.0804082058399783 0.0406848533673494 -0.00132917552428984
0.0424069994926773 0.246762954229286 0.0920445918502669 0.00358512758580024
-0.143488845608147 0.256897257773267 0.107880700843151 -0.0210766367893355
-0.0948410114913085 0.159883469562453 -0.0137131549963423 -0.0760321667827866
-0.0104795786196067 0.167036039631166 -0.00855589965549894 -0.0579953194557202
0.147368388053672 0.0909548827800406 -0.024347705775136 -0.0368352466058329
0.178154508177692 -0.0857459505242976 -0.0303553390052294 -0.0177561912048068
0.04609157931915 -0.15647786365586 -0.016762197422105 -0.0287805570506695
-0.0551162500266019 -0.120623213474555 -0.0395635949268191 -0.0305574819069905
-0.149318785230543 -0.0680619889143171 -0.070525981766717 -0.0283082465760778
-0.182868001904807 -0.0622407007947379 -0.105090418857834 -0.0329103286796886
-0.163843981745065 -0.080333383164759 -0.0946761908439408 -0.0683185730412388
-0.11017091531095 -0.122082263501112 -0.0664591327234256 -0.0710546769207624
-0.0204280785294151 -0.179051038018169 -0.046804993931081 -0.0942584555933235
0.168814196254812 -0.16412250934353 0.00546522624775698 -0.100305291661937
0.21727062013513 0.043536287223128 0.0475178099735555 -0.0547318848735581
0.0670647423362893 0.214081208853372 0.122045051761781 -0.0663231981649007
-0.117287598316535 0.245894098851627 0.18311308706448 -0.11432174037391
-0.0896223166212783 0.103729091780262 0.040038435704211 -0.106920588620531
-0.0487329880921204 0.135889559529661 0.014717560765973 -0.0632781986154297
0.0955833899294448 0.105127680386366 0.0200740454542486 -0.025878111298847
0.151429935661912 -0.0332025020437048 0.0209363378976705 -0.0384519495222164
0.0622566914766175 -0.10952481815558 0.00256702502292505 -0.078504201803402
-0.0176808192840493 -0.0925280278547419 -0.0619804842764588 -0.0822104264016714
-0.0970584655597678 -0.0534671516583983 -0.121044914987469 -0.0580906804537377
-0.135986955594135 -0.04573591858172 -0.162877700248157 -0.0509560203502739
-0.124339587401948 -0.0579340878307782 -0.153758610448016 -0.0863667480018877
-0.089503732168547 -0.0781906069328816 -0.112271288286535 -0.0945131372293641
-0.0346226447408698 -0.125423992349362 -0.0812750917488501 -0.118567251462074
0.102661074916386 -0.13409934741682 -0.016764293003345 -0.133173441517695
0.160119614822312 0.00532511685156897 0.043686590886914 -0.096040792747248
0.0709133946324038 0.138322912755133 0.125562312561323 -0.120603655438216
-0.0721922331493368 0.18505679467779 0.220997338712525 -0.192696174456189
-0.0160141726649178 -0.069418744183353 -0.173636560705952 0.23090498688629
-0.0444527701456751 -0.0399169374080498 -0.0824350330174418 0.178684818605702
-0.0755695016440088 0.0150445996317819 -0.0415851950322597 0.115257019123735
-0.0327729182887842 0.0728241082523032 -0.00620080668069344 0.134291292155584
0.0286691433611005 0.055801180243851 0.0735305648522598 0.157680450543385
0.0435581609944871 0.0215801731753947 0.155752696766132 0.123198970204544
0.0627880381747065 0.00900246012804563 0.198807241505053 0.0740166774709158
0.0648207417068764 0.0262973696672925 0.197838311300389 0.0615242684263285
0.0357173735199703 0.0466045347873276 0.158071289767954 0.102893779488276
0.00210832439547247 0.0516541852912341 0.077957583959884 0.115429737315351
-0.0347845967433013 0.0480818940382013 0.00113616647133779 0.124064015513857
-0.0771728328489874 -0.00174404319092448 -0.0609781843853849 0.0790655770816872
-0.0361446220513402 -0.0673123765660005 -0.0771155755498803 0.00455536816278854
0.05273903357108 -0.0793009816862728 -0.0631783098936035 0.0152777845884341
0.0930122049951167 -0.07182454541562 -0.123755248947088 0.130862383117387
-0.0496828269434907 0.038663010065269 -0.171128546536549 0.223471231403375
0.00276389977468118 0.0553378631715749 -0.0777963796631511 0.163383718865748
0.0260422064317972 0.0169163436344288 -0.0602999273711365 0.122200715007376
0.0252281745218021 -0.0118368613537861 -0.0075189905983805 0.156612145065541
0.00559357152443849 -0.0197833338975799 0.0947648073762081 0.163681249081834
-0.0103308747164715 -0.0222712693875881 0.1756016441156 0.121910755756885
-0.0138047709367889 -0.0124930028463562 0.210960332762854 0.072467616633453
-0.013285582458067 0.000967502411856475 0.198410619532169 0.0693322792043485
-0.0272914650316089 0.00237638876498049 0.160506273456282 0.108425766878906
-0.0181466741708685 -0.0179384681231362 0.0768128068988566 0.126842244353174
-0.00388398992622607 -0.0193192385503453 -0.00984092600602754 0.133336790882945
0.00757423043693341 -0.0259102589265447 -0.0756182069498585 0.0813511712444616
0.0209529418195068 -0.0259390143783884 -0.0904979633803353 0.0158853520838441
0.0428294092085212 -0.0138806017561892 -0.0675839992766449 0.0260185228999094
0.0423663853582122 0.00324828796685215 -0.138680170160943 0.136652610215866
-0.0715482531444574 0.132453521997592 -0.153131485328935 0.17621881508699
0.0510909010279203 0.128666872376143 -0.0733692163353241 0.113814049709765
0.118889766845126 0.0113992749739932 -0.0851231607116388 0.104473105441146
0.0738557151024636 -0.0950205070889958 -0.0264953152087529 0.159119363252274
-0.0211709268356261 -0.0903141059277708 0.087834745060114 0.15901233909692
-0.0641962637707661 -0.0599938604210616 0.163649453562906 0.114424303296517
-0.0892874713977202 -0.0314091814205946 0.187813329259522 0.0654144406514061
-0.0887837722053181 -0.0244569099566742 0.168295426932304 0.0641454198005697
-0.0852846770719549 -0.0428384529112624 0.14131476052173 0.0915442896155087
-0.0368247105816246 -0.0862433375638383 0.0713993292466236 0.110290156280116
0.0264888721808577 -0.0880587161010477 -0.00351285096837125 0.114963305911852
0.0956556938230877 -0.0506752019257696 -0.0567895634202621 0.0771725549485076
0.0803444745510614 0.0250250213334068 -0.0757582264242226 0.0441951194243607
0.0233795817101901 0.0651709446110039 -0.0563226115419595 0.0534009236001162
-0.0257276345075194 0.0820029345777592 -0.121901388004438 0.13307493664565
-0.0826385664733353 0.195207143105093 -0.128614355922403 0.106878572862434
0.0779609518918539 0.175061125245147 -0.0670848870020569 0.0532635029570062
0.182187137947716 0.0107791070230766 -0.101206383632324 0.0667103107744624
0.116396295086357 -0.151863930424376 -0.0535639127221985 0.13391704480248
-0.0320881866551449 -0.146507373924144 0.0560741555946514 0.13482297180137
-0.101166492704331 -0.0922911539584568 0.121072642600684 0.0974957955357535
-0.148336006300776 -0.049168329783545 0.137433773260981 0.052254668179811
-0.150955048880932 -0.0488938455646413 0.115342336767277 0.0455146586303792
-0.134431056993975 -0.0782650697463846 0.102285949067755 0.0542152678282047
-0.0606494531140221 -0.139367858656764 0.0576569826402834 0.0697912155333436
0.0433944565333827 -0.153377380571942 0.0101481539488898 0.0703701704924053
0.174852438614717 -0.0848970850255495 -0.0201675225811269 0.0552961202066893
0.145507651609814 0.0720223122985543 -0.0370119110011879 0.0611333365756261
0.00981058471900381 0.152508181320088 -0.0187882920486687 0.0728444448930013
-0.092920825135195 0.160158397993886 -0.0684453944962987 0.109531367368762
-0.0872189796413111 0.219773622449197 -0.100819285775497 0.0331887969105331
0.0742810036548933 0.191579224130087 -0.0549738138214543 -0.0013726052192995
0.204980407871778 0.0246285437388175 -0.0960524452194137 0.0186474790504214
0.149793431718069 -0.167670006538945 -0.0717282269404277 0.0840461257551559
-0.0226822809010584 -0.179277999038856 0.0148490449824319 0.0902816970939518
-0.111833734869728 -0.116795041511102 0.0614358130811039 0.0667438490294213
-0.181357841646879 -0.0627812620957261 0.0683561204282929 0.0312855083549389
-0.191579456075643 -0.0642026212441466 0.0448799724893143 0.0203850043829946
-0.167899554776333 -0.0960128008362129 0.0445364256862012 0.00877493481032784
-0.0886029625584635 -0.164038015719825 0.0284146352929601 0.0178935259397612
0.0347807923871481 -0.198496670591776 0.00916819019859232 0.00900890500988767
0.22057035030224 -0.127554319179006 0.0119088447036389 0.00772781184709315
0.205483014645114 0.0937568931589032 0.00933326554278273 0.0445764180782052
0.0180716151633625 0.224101732568049 0.0384972092056009 0.056915073999876
-0.136904020812139 0.226295958707444 0.0158320408206667 0.0580243356977042
-0.0935461626948433 0.205180776700965 -0.0615909774175526 -0.0299476342344186
0.0369427351378294 0.188186847930048 -0.0337647086852582 -0.0404279385894171
0.19026647196475 0.0580352623876959 -0.0695483776891319 -0.0223482380137191
0.176954606934223 -0.139582256886962 -0.0670689648121927 0.0268373489475336
0.0122394450489515 -0.18347482971662 -0.0139774427937801 0.0325211041467478
-0.0922086263550739 -0.130092245621767 0.0033071410126055 0.0226874292615628
-0.181184899608907 -0.0722772261729367 -0.0044047809221192 0.00273299954290834
-0.203383838944773 -0.0708223278381249 -0.0324798954657518 -0.00886220527783005
-0.179096098796294 -0.0967994369547949 -0.0247304036704509 -0.0367157455018661
-0.107578601822833 -0.157199578987481 -0.015321392837272 -0.0342539022864122
0.00949868457905567 -0.208179428690271 -0.0109622252240208 -0.0523177338030366
0.218092131365739 -0.159953217576369 0.0215699995419655 -0.0514775120129707
0.235611400869107 0.0822224381282003 0.0415454532950267 -0.000887566613845434
0.0423339767277453 0.251201971343942 0.0934752209325301 0.00412350551377544
-0.145713729785567 0.261848182173563 0.10946028769658 -0.0220372631484891
-0.0964940608155071 0.162284909874621 -0.0140621867175691 -0.0770400038139518
-0.010979854486974 0.170595589174342 -0.00871460028798869 -0.0588729336975601
0.150145616371792 0.0920809650846063 -0.024580426499972 -0.0369344532123103
0.181695999482344 -0.0877008455968387 -0.0306132324610164 -0.0180405601318216
0.0470566411837761 -0.159235092977156 -0.0168945546839335 -0.0294216208854356
-0.0562491591317677 -0.1232230269305 -0.0400035735419005 -0.0314108635025151
-0.151225021508442 -0.0691821121109469 -0.0712464724937239 -0.0293273235355837
-0.186151190348425 -0.0631426048389179 -0.106458470332924 -0.0340833484058425
-0.166594044627353 -0.0817921044739543 -0.0962781201608884 -0.0694877281887839
-0.111630172319977 -0.123710463177282 -0.0670711211394653 -0.0722503273040524
-0.0209410430260595 -0.181703338995366 -0.0474268662017691 -0.0957284885101767
0.171096538827452 -0.166320498902975 0.00598029106288126 -0.1021079103401
0.22070629711901 0.0435367988546389 0.0484199253916669 -0.0549161275771432
0.0684569742083101 0.217826105405943 0.123733547540816 -0.0672578170736044
-0.119175913285818 0.250123717217969 0.185145803246333 -0.116716478579748
-0.0913721741989811 0.105333428525588 0.0406548533820383 -0.108388773639654
-0.0489247160244403 0.138440131289385 0.0147772268584147 -0.0637326671682117
0.0974984849228418 0.106734144844473 0.0205388607261446 -0.025645256298739
0.153905106146784 -0.0347608438800147 0.0220103705175866 -0.038989069984526
0.0630231249170667 -0.111639868688118 0.00330449981992199 -0.0802073543792539
-0.0180052797596526 -0.0942691404684121 -0.0626209680791565 -0.0839092030401093
-0.0986051817782106 -0.0540069352343803 -0.122514445834039 -0.0597445098048974
-0.138056354714224 -0.0460732973410365 -0.165276881595685 -0.0520915479385229
-0.126721637957332 -0.0589886590919488 -0.1568945814147 -0.0881835292317359
-0.0911130120436552 -0.0793948537787595 -0.113623789502033 -0.0964056592965385
-0.0356491884337726 -0.127659877254936 -0.0820381519392469 -0.120425969702991
0.104258851076825 -0.136314680641466 -0.0165979291924719 -0.134854199030339
0.162910304406169 0.0053947851538849 0.0444178981476737 -0.0967985969987208
0.0722134943592658 0.141022739807514 0.127433819879983 -0.123153012432081
-0.0732844990653924 0.18862676655466 0.223823468862823 -0.196697936635548
-0.015945428477238 -0.0704362533441232 -0.175021989267801 0.236243077107426
-0.0457933044877215 -0.0411265129282405 -0.0830416431303419 0.183583885669243
-0.0767902456986548 0.0151121911660006 -0.0419554467897274 0.117439860263792
-0.0333585846531342 0.0743598405600725 -0.00618804877440862 0.136550744797393
0.0294899971099437 0.0570067321204788 0.0747407133300069 0.160207356718938
0.0442916501901204 0.0221174913930396 0.158073641619924 0.124764617962455
0.0633860436907344 0.00874685759227164 0.202811933560014 0.0746101372965876
0.0664083556758532 0.0258790429348442 0.2022979508602 0.0630420187957238
0.0370248813839594 0.0474829639484421 0.161433799477527 0.105154401624339
0.00239849249097697 0.0522505593718991 0.0802470798036131 0.117998669915539
-0.0350224103905319 0.0489415610090148 0.00123660448720682 0.126494950036819
-0.078329179748881 -0.00155001038783477 -0.0620097828068762 0.0807947787739111
-0.0370097613558873 -0.0684461077869484 -0.0793452455043418 0.00416399182293756
0.0531715837774718 -0.0810481961329391 -0.0646898654158441 0.0151886530912939
0.0939428976024242 -0.0739570101772949 -0.125954557797434 0.133738205204894
-0.0502553155102718 0.0399536595333705 -0.17365414394473 0.228624642880946
0.00314491112020574 0.0557399430665319 -0.0781682949607953 0.166890159049494
0.0262306838499572 0.0174991770435843 -0.0605138663789173 0.12398983846607
0.025423734522555 -0.0114228205604415 -0.00732793509424715 0.159247736553203
0.00583043494328719 -0.0203539041017459 0.0967229621040624 0.166609354815331
-0.0109940235618951 -0.0230314406588507 0.17850319645934 0.12445798833493
-0.014411856250791 -0.0131660604099327 0.214101558155056 0.0734755738610637
-0.0135388649088149 0.000959607543646455 0.201901158277112 0.0699817421601975
-0.0273288445057708 0.00205546717099182 0.163140767561062 0.110837549378079
-0.018168312759857 -0.0185516789537971 0.0783493995629479 0.129124966772338
-0.00406226164908807 -0.0193686866896893 -0.0101267861355554 0.135826658668799
0.00788039959629546 -0.026123326924192 -0.0774408231971805 0.0830087583815797
0.0212956469682484 -0.0262859275492503 -0.0923331936888949 0.0161312565426633
0.0429835857287619 -0.014463818038136 -0.0690445879091819 0.0263937203442933
0.0428983702105234 0.00251774502122683 -0.140905485887761 0.13985644115235
-0.0723947103100267 0.134941203950139 -0.1552519612865 0.179946771398107
0.0526032168067707 0.130924252959734 -0.0742294596123059 0.116595351683266
0.121058391024195 0.010734489390574 -0.0861294727832028 0.106953596835459
0.0750546879183815 -0.0973716879432611 -0.0272190078626055 0.16270665929594
-0.0217343377207348 -0.0919555061475031 0.0891738107126661 0.161297103202138
-0.0652380043844715 -0.0614040035808631 0.166238902560141 0.115987781641607
-0.0907890846171406 -0.0319592437360436 0.19132542268021 0.0661311577348861
-0.0904144417558274 -0.0253770954078155 0.171815049152943 0.0642404653938908
-0.0868820178565564 -0.043809771939426 0.143977710458026 0.0926677108095592
-0.0372762035676695 -0.08839554224817 0.0727503127065131 0.112208415896825
0.0275162999916822 -0.0899927772165742 -0.00290739040333605 0.116948118870763
0.0978625703311727 -0.0515660126912153 -0.0582273045098553 0.078990486837498
0.0819687815230851 0.0259618678724707 -0.0770545063167873 0.0449870936153836
0.0235560521243007 0.0666095784104044 -0.0575228238199892 0.0542512230785552
-0.0261248541458425 0.083490066516492 -0.123866336451144 0.136059220455891
-0.0833219919944077 0.199699025331702 -0.130680003395155 0.109921690737425
0.0800149490552613 0.178010525613641 -0.0686267780429793 0.0543577853986354
0.185863251397528 0.0105335751494826 -0.10265490951132 0.0684492146716982
0.117882739988454 -0.155467891769933 -0.0542088592146744 0.136475364446195
-0.0333784131318457 -0.149347106484214 0.0572043302541331 0.137156526640516
-0.103227446956263 -0.0944254498748041 0.12377737012389 0.098961174556821
-0.151580355931067 -0.05009038116077 0.140232878528165 0.052880141018997
-0.153931007271769 -0.0493049711762454 0.117355215468783 0.0463713790992865
-0.136563863665183 -0.0798296492999417 0.10406744981069 0.0545994986211972
-0.0622338373726312 -0.142695059005135 0.058349356588289 0.0712398038489955
0.0440184756030072 -0.156299377619322 0.010078732546954 0.0714703992546906
0.178401778868376 -0.0869989986470393 -0.0201820220448745 0.0563185379410236
0.148570456122866 0.0735329511882162 -0.0377115789632788 0.0627669146633959
0.0104248541110112 0.156022886480175 -0.0191618015920505 0.0736278562905076
-0.0942921456556746 0.163787523663145 -0.0694343069449018 0.112196515436064
-0.0879127210245118 0.223841495434386 -0.102852238243116 0.0342893650345774
0.0761175340263908 0.195215867738953 -0.0560978598341346 -0.00129572434084383
0.209121720692777 0.0241197904065922 -0.0980844570423377 0.0191610568311438
0.152507669462081 -0.172273118439895 -0.0724204536301575 0.0859665548364024
-0.0230695691868425 -0.182885353777712 0.0155450078289641 0.0913187195001254
-0.113786103214299 -0.119386500557373 0.0627401588503491 0.0675621550161941
-0.184507230868843 -0.0643592976908221 0.069672398600745 0.0319246537271918
-0.195287479989426 -0.0651958711147968 0.0460735077254624 0.0205842142326907
-0.171407192134045 -0.0974424816147173 0.0453723001324061 0.00871497333610499
-0.0893927390641916 -0.167170872145714 0.0291364630348622 0.0182174455828723
0.035311071134818 -0.202432158395389 0.00966418866566536 0.00932881637529678
0.224775304292681 -0.130459290819468 0.0125786974419668 0.00793106585546415
0.210075716552182 0.0955594347393973 0.0097259499872645 0.0465133169327699
0.0180504944723986 0.228283425896964 0.0389994022022172 0.0579882445050779
-0.138992267715419 0.231151745700184 0.0159270267246107 0.0591257846239035
-0.0945233118468884 0.208914747298602 -0.0622070609675533 -0.0297391516646799
0.0381757122627311 0.192399438042532 -0.0345395142274209 -0.0411157271620316
0.194417146277605 0.0582233096501735 -0.0707767375005573 -0.0223370391269305
0.179939750372206 -0.142551611884049 -0.0678671635772226 0.0274834413663246
0.012085813162402 -0.187272659737902 -0.0139763923438187 0.032874741154854
-0.0940097670341384 -0.132416525076408 0.00344726189932025 0.0229230756439662
-0.184445146057598 -0.0733629944212267 -0.00474617049835421 0.00288428655735056
-0.207155253652793 -0.0715931059530754 -0.0328938014842983 -0.00887647051452015
-0.182886807108707 -0.0986706257294948 -0.0255447488438002 -0.0375076233081023
-0.10980288603415 -0.159920610836347 -0.0153725324356598 -0.0348531954174659
0.00889659447682774 -0.212340044243288 -0.0112087590449196 -0.0530163543337922
0.222156158865589 -0.163969226043843 0.0223369228287718 -0.052262811527577
0.240650727196622 0.082492893933132 0.0424084875525413 0.000308812615188751
0.0437556243176976 0.256463217120906 0.0950773432045524 0.00400978087056208
-0.147879574475328 0.267283771085529 0.11079872426208 -0.0231416026500951
-0.0977509059460721 0.16558091751811 -0.0143015882634861 -0.0778252231775183
-0.0112587440442731 0.174401840180488 -0.00870821154831046 -0.0596502317985204
0.153167290891529 0.0937031405976834 -0.0252043676006723 -0.0376058209074453
0.185446380348049 -0.0900410520185101 -0.030844542801648 -0.0178757865633239
0.0475727355267278 -0.162933797816311 -0.0169533327095523 -0.030017046171954
-0.057155937720843 -0.12598756286412 -0.0405806673398186 -0.0325610413090917
-0.154164468490554 -0.0706334878684151 -0.0726927291920659 -0.0295751586087899
-0.189840959804459 -0.0632602846181122 -0.108678962581043 -0.0342548936656152
-0.169838400754371 -0.083516917205635 -0.0988462270136684 -0.0711637637172357
-0.113480070283051 -0.126020702865263 -0.0681798523804563 -0.0739618964089999
-0.022064155196528 -0.185304581528795 -0.0479717976055548 -0.0971573085042625
0.17390353812809 -0.17039365775735 0.0065298037911141 -0.10333700178932
0.224638314662188 0.0438706380024121 0.0497139624339859 -0.0549603321753376
0.0701787362550617 0.222270700997553 0.125881276029633 -0.0692045264713334
-0.12061772152848 0.255668401922602 0.187878525051679 -0.120306129895319
-0.092812726944589 0.107627805755775 0.041364390363002 -0.110690546315268
-0.0492087560647869 0.142170130807013 0.014611239604043 -0.0648674597194922
0.100058039868609 0.108259605694743 0.0212890284230452 -0.025702700871451
0.156897324555075 -0.0364639848092132 0.0231292769538134 -0.0389941746489518
0.0637345511921178 -0.114373057297483 0.00407641092445635 -0.0819534176826189
-0.0185798721593705 -0.0964208507418279 -0.063783965643125 -0.085710094732457
-0.100212413159655 -0.0548989761994882 -0.124438459395013 -0.060445470292079
-0.140506046351076 -0.0462697003865917 -0.168385163561746 -0.0526825431007377
-0.128997008272455 -0.0596231366148702 -0.159679405902935 -0.0897566870859362
-0.0924067733577239 -0.0807026952717897 -0.115655541933487 -0.0986975740787497
-0.0366760311400917 -0.129605037460104 -0.0832963058169151 -0.122254431778825
0.105770415211984 -0.139950052667375 -0.0172971871722499 -0.136898683636862
0.165451165212671 0.0047230636423285 0.0452361641562781 -0.0978188483869435
0.0734961287911521 0.143323744154865 0.129457274463392 -0.125657743096818
-0.0742725324289547 0.1923280290511 0.226943345154247 -0.201626303263876
-0.0166916100520969 -0.072007287319563 -0.178150542897296 0.242667828798844
-0.0464271885984566 -0.042456712535842 -0.0833031264268241 0.187772963387378
-0.0789167483839609 0.0162030146237661 -0.0414699087855544 0.119226387283617
-0.0341557229589053 0.0769404110828899 -0.00570004590178436 0.138273053553202
0.0297851319512962 0.0578350367525639 0.0772085816808908 0.163036491818452
0.0447814621046692 0.0223195233337286 0.161397276540595 0.127357070963797
0.0644373893256687 0.0087719088821184 0.206436903717471 0.0747294299451868
0.0681508520922671 0.0256949151881656 0.20563282573636 0.0622460802591894
0.0381286338445916 0.0481634298437014 0.164879031681208 0.106216512456901
0.00284818189009726 0.052859654208237 0.0812817374158837 0.119873948795498
-0.0350701181404307 0.0501028658896433 0.00115027036611171 0.128890561204765
-0.0795635484310696 7.91719538932329E-05 -0.0638309214157808 0.0828968441798204
-0.0379824021762973 -0.0697827463914537 -0.0810219481371572 0.00387191112909222
0.0540282771479155 -0.0832151729445289 -0.0666894628397808 0.0155030179511516
0.09552746883929 -0.076325862728297 -0.127155139696747 0.137079125765915
-0.0507608163212291 0.0412589980884608 -0.175443007895479 0.23534458586392
0.00349579058022938 0.0563808174781304 -0.0783888029408222 0.171170081680576
0.0273588409262255 0.0174121747072356 -0.0608714869104994 0.126881516677841
0.0250045423395566 -0.0119196441632226 -0.006882221380161 0.162851709881989
0.00587251119115947 -0.0205468831632593 0.0984794915512724 0.169345806032321
-0.0111946815652826 -0.0234487499913182 0.182933537721081 0.125512996286222
-0.0149431825454982 -0.0141054860795639 0.218265904706415 0.0738809421622277
-0.0138216002446657 0.00021493242912558 0.20613802311936 0.0704203921341972
-0.0274906992456349 0.00179276595483362 0.167485614911349 0.11210555503481
-0.0175957216738289 -0.0187452782123873 0.079935950066709 0.132278063873356
-0.00367495098999162 -0.0197512092224428 -0.0102849803805156 0.138870665130229
0.00801664877952751 -0.0260317406643436 -0.0787658467660158 0.0851508713398861
0.021758575541586 -0.0263350147536588 -0.0943452451440853 0.0171489250101022
0.0437075859769615 -0.0144058510616472 -0.0704649206647327 0.0267782380970928
0.0433136776448571 0.0026547892047013 -0.142390066546795 0.143985442073307
-0.0727591414071757 0.138591118530345 -0.157884072191764 0.185347459061087
0.0550102406027516 0.133333445244531 -0.0750285062235276 0.119646054970038
0.123495643790647 0.0101336418403305 -0.0870620812079109 0.109516985642267
0.0756132108269725 -0.100273130666313 -0.027128445896577 0.165492352867331
-0.0225207717573884 -0.0939529830847806 0.0918911312699121 0.164182446131234
-0.0672760705972686 -0.0624669950139454 0.170561686397951 0.11736038324773
-0.0928689707721111 -0.0327845739741568 0.195551359417656 0.0667519920857104
-0.0923319869695607 -0.0251313986522436 0.175562484938916 0.0650173978044734
-0.088569151724475 -0.0447036559319684 0.147709235576931 0.0941233014223685
-0.0382365845296937 -0.0900275625461437 0.0745264023742664 0.115003460801278
0.027916955857463 -0.0918479514709838 -0.00306521667113331 0.119510149891081
0.0999898193202472 -0.0524166863461591 -0.0589351414515946 0.0810134420261956
0.083453686256721 0.0266712715756144 -0.0784636873297793 0.0464872206884387
0.0242261765224842 0.0682759529852687 -0.0586590233454818 0.0556528534175961
-0.0257001575260646 0.0850217746964554 -0.125582548710482 0.139440204058088
-0.0837087294393245 0.204147910505207 -0.132955403306049 0.113254597287744
0.0827386876846058 0.181329749339602 -0.069374246370101 0.0563919481903928
0.189448191505675 0.00947748869811664 -0.10461091836665 0.0699940036100373
0.119624584282737 -0.159509618584277 -0.0547215455300237 0.139642014061057
-0.0349531268942809 -0.152279028370116 0.0585919395817412 0.139981031009858
-0.105762673712615 -0.0962407155642078 0.126802525422761 0.100145426340654
-0.154191718798939 -0.0508075648558268 0.142832201131233 0.052956547765008
-0.157504892662919 -0.0497050617001466 0.119937677881106 0.0467518790628302
-0.1393522825571 -0.0812625813671097 0.106118827614213 0.0555332515764865
-0.0634347774548123 -0.145755125906545 0.0602765990860076 0.0725504901615475
0.0448889453284242 -0.15962644908394 0.0106047836766571 0.073023892617594
0.181833482020342 -0.088997928304411 -0.0204240529834294 0.0576214408847476
0.151465831055354 0.0748441444189949 -0.0385639406474613 0.0648746084065199
0.0107403101291437 0.159595451714848 -0.0193233447410162 0.0749653846913911
-0.095606338851179 0.167505392527787 -0.0710223789035953 0.114827426986487
-0.0887438400039523 0.228817504746394 -0.103915348269627 0.0363712031038179
0.0781666420468606 0.19937136796158 -0.0570755241229468 -0.000476335603118903
0.213606583673363 0.0238287891609182 -0.100069184139291 0.0199181685644385
0.154861303150373 -0.176644966469955 -0.0735417825988536 0.0878356448187402
-0.0246578973374804 -0.187046870040836 0.0165589955507941 0.093366742954949
-0.116447740548123 -0.121773612374908 0.0644614532205787 0.0683800232387095
-0.188813990815153 -0.0647039193942373 0.0712896048399156 0.0321662007033465
-0.199619442705621 -0.0650423112049181 0.0471063699465115 0.0209985019537114
-0.17482726572 -0.0993235912994496 0.0458779878999438 0.00835078095236075
-0.0923733290147034 -0.17067400872111 0.0296709473276535 0.0180901757720205
0.0349367750940549 -0.206805784338152 0.0096602474668739 0.00981638510480885
0.229305396350162 -0.133866104959984 0.0133007553193527 0.00807830896369397
0.214498055381917 0.0966561378452856 0.0106175667802972 0.0479224127090264
0.0198820084949761 0.233168436387241 0.040071381722611 0.0590202569203086
-0.140723819917487 0.236041959449881 0.0160324210193456 0.0595855791716091
-0.095148613921094 0.213451377295941 -0.0637822032754028 -0.0296050824285669
0.0395307990621103 0.196748194317443 -0.0351592087896661 -0.0421205241503148
0.198811896783334 0.0587260241323764 -0.0722298059457454 -0.0224112036147063
0.183263799122235 -0.147745739085919 -0.0689888236731014 0.0284713898418367
0.0113047582058897 -0.19160383534965 -0.0143777495782786 0.0333605629012605
-0.0963151774266663 -0.13562229032568 0.00379427277695773 0.0226123976853697
-0.188257037574508 -0.0742610927314172 -0.00454912524756267 0.00288809438607639
-0.211443473475587 -0.072127874835492 -0.033518417814856 -0.00907438252917538
-0.18677170121455 -0.100152421884459 -0.0265709632410596 -0.038491949872671
-0.11227806402832 -0.163095652149715 -0.0156498674929538 -0.035883831952033
0.00845468612113432 -0.216690203152078 -0.0113580745413131 -0.0540742261087787
0.225756571823562 -0.168338195807282 0.0232275305473147 -0.0531247620448527
0.245810922827868 0.0834604150345924 0.0440956040430226 0.000628151726388323
0.0455969047687095 0.261752388164685 0.0970670848438317 0.00351335866542731
-0.149879175245976 0.273451452423567 0.112458621179181 -0.0244106044200805
-0.0990601077791552 0.169019367721616 -0.0147896983936637 -0.0792802488917112
-0.0103458981594203 0.17880712699394 -0.00919809715892399 -0.0607374528654088
0.157607681042931 0.0946200412343257 -0.0256199311472562 -0.0378688987539765
0.188945013021617 -0.0938978348877724 -0.030887665416165 -0.0174880559641571
0.0478683016435936 -0.167017422187894 -0.0169437658114149 -0.0308945981456958
-0.0588606829910538 -0.128891227585506 -0.0412379513358731 -0.0336491893182489
-0.157040054621393 -0.0713960318292776 -0.0744103686327444 -0.0300093052390844
-0.193838890958795 -0.0634590686028894 -0.110666099252986 -0.0341854365159491
-0.174011208359366 -0.0842040220239546 -0.101311584676859 -0.0725160281749567
-0.116459639906404 -0.128433310841472 -0.0696802283560339 -0.0752746532899239
-0.0234490746031967 -0.188558296149535 -0.0486802277683082 -0.0985572254000347
0.176216127116691 -0.174830290047936 0.00593181905653875 -0.105033388099782
0.229480663490542 0.0436679738726227 0.0504240648723646 -0.0557018229798765
0.0720820462377536 0.226869051509711 0.127958653726998 -0.0711627208961491
-0.122317264222633 0.261211545545049 0.190512081023908 -0.124126552607926
-0.0944546900559198 0.110110920243144 0.0419586669113621 -0.112780358032205
-0.0497217602564891 0.145901911310956 0.0144374950280282 -0.0663167034984696
0.10318938543297 0.109627957317441 0.0217571397460939 -0.0261407581860837
0.160039346281954 -0.0390588267961393 0.0240929452399435 -0.0397592744401243
0.0644349538549844 -0.117486533534532 0.00396325957791965 -0.084200133193557
-0.0189260967301865 -0.0986448768506066 -0.0650739540158965 -0.088030603537513
-0.102183343065018 -0.0552858061122315 -0.126874600417019 -0.061318542649823
-0.143854082448522 -0.0455581839610429 -0.171796098947579 -0.0527813724694764
-0.131805797169506 -0.0602589576973761 -0.163816823768091 -0.0914523465870069
-0.0944607799535169 -0.0818592203793455 -0.11843040743276 -0.100403363989154
-0.0381922008952606 -0.132069485395712 -0.0848600197068635 -0.124416763728276
0.107047315939723 -0.143197444545161 -0.0178924912167415 -0.13896208145895
0.168841152922161 0.00388553088589618 0.0458769284708569 -0.0999179046459976
0.0756499547565566 0.146218233208642 0.131249978638257 -0.129006021215371
-0.0745445360672231 0.196505067250996 0.229537260317775 -0.207665105452927
-0.0175529019479688 -0.0731966216007145 -0.178709026394922 0.24969770155537
-0.0479792319666551 -0.0431650359176208 -0.0835434481598302 0.193661357048656
-0.0806685903518732 0.0166573941029723 -0.0407668543989083 0.121797091717567
-0.0339863702900252 0.0793284364150026 -0.00529058371898598 0.141490048400083
0.0307890522590575 0.0585586594433938 0.0798525181956431 0.166249208710493
0.0461224622216086 0.022187169023098 0.165835145778819 0.128657179970752
0.0658535563636151 0.00793440047605159 0.21111685117065 0.0749825445961689
0.0701382854858207 0.0254537617182588 0.210773029361854 0.06208206940403
0.039401149345819 0.0486147617796057 0.169384447242944 0.107516593207868
0.00271057460223643 0.0543760909994541 0.0834128775518689 0.122847261818881
-0.0351809515768648 0.0511690306378342 0.00174335742183138 0.131792836835261
-0.0812062153913121 0.000629677653593858 -0.06516923064334 0.0850512742474054
-0.0391660825465073 -0.0701086367740169 -0.0835052763373354 0.0039352438679819
0.0540458255565595 -0.0856772968820559 -0.0683413243349223 0.0165438116204659
0.0968101312788157 -0.0780780502775265 -0.128516808089284 0.141374298063512
-0.0512805977722409 0.0422856444506606 -0.177454150155753 0.241636302512611
0.00467243740541059 0.0572290330911748 -0.078530133522225 0.17608094198622
0.0274297186305367 0.0170605807928977 -0.0613219864452931 0.130262704728456
0.025410433594958 -0.0120619829449221 -0.00665149526858352 0.165890728612107
0.0055663816339125 -0.0212146463670565 0.101889195482399 0.172832664288773
-0.0117251772157676 -0.023682844982848 0.187118341070992 0.126889488424335
-0.0155118679697275 -0.0145095107006568 0.222510801523667 0.0738697102472889
-0.0141273922506906 0.000630211971843373 0.211398283169529 0.0700359354433136
-0.0278360267962256 0.00218766155994403 0.171428494937179 0.113276321984463
-0.0185083418767779 -0.0193975457581144 0.0824372613772763 0.13494013606451
-0.00351188441083126 -0.019925370366086 -0.00956144593481311 0.142111898001542
0.00833626338979147 -0.0258858863259846 -0.0800307439161901 0.0873175215460383
0.0217664937370005 -0.0261523478974747 -0.0970572426642763 0.0178641292850524
0.0445723245942062 -0.0146649025707257 -0.0718431872684025 0.0277002765583387
0.0446260216776209 0.002595034538511 -0.144402183577124 0.148230554861465
-0.0728231419182838 0.142423552543683 -0.159257096553533 0.190990274994923
0.0571100166159932 0.135446017027625 -0.0754465951103671 0.123292882602687
0.126359384791102 0.00912666470386944 -0.0882924901440644 0.112448691887009
0.0767436600108314 -0.102891890126218 -0.0271324726853623 0.16926188876252
-0.0239907171041034 -0.0956857469632406 0.0946665840433147 0.167121580740939
-0.0690342436806013 -0.0632445719857674 0.175179155014637 0.118699560203439
-0.0951991338644884 -0.0330483638770854 0.199505210798941 0.066590779204085
-0.0943464860959687 -0.025534700760588 0.180218646087862 0.0650163826596876
-0.0906559386634322 -0.045507547874482 0.151601208724045 0.0945383739895586
-0.0393815670218639 -0.0922210955209074 0.076393002617153 0.116777175447543
0.0285330110849199 -0.0940932836366584 -0.00239398520878714 0.122170683754849
0.102148492803231 -0.0540413937073915 -0.0598206744407263 0.0831018307120886
0.0856073619022927 0.0271147675189429 -0.0804514068412173 0.0481566814421133
0.0251168289207334 0.0701102235974178 -0.0600538196594732 0.0564116455209048
-0.0260336502128009 0.0869323365249039 -0.127521944177419 0.14415140966965
-0.083960366913051 0.208915083199621 -0.134769445996089 0.117674232581929
0.0864942290416918 0.184841963365479 -0.0697852660200015 0.0585093856934719
0.193771428455512 0.00782790008844319 -0.106058666416853 0.0720700523534496
0.120524735309244 -0.164030506489884 -0.0553329587929921 0.142787400258663
-0.0367102067131104 -0.155694303219018 0.0606742363517941 0.14241967628566
-0.108900901897522 -0.0977886968076785 0.130205272032993 0.101090152689781
-0.158031578993648 -0.050960105166709 0.145765260343979 0.0532865749379614
-0.161126149175496 -0.0497192726669157 0.123265365743871 0.046932421371818
-0.142624608927967 -0.0824937109730399 0.108917243317915 0.0559726431913571
-0.0656315103047691 -0.148570489191427 0.061770477233934 0.0740854754006933
0.0449958355389424 -0.163360564590584 0.0110799563568606 0.0749662775277763
0.185370366482655 -0.0921707340405864 -0.0202824468058111 0.0591659905616038
0.155619319888762 0.0756571193217245 -0.0388854008581372 0.0666759495413212
0.0120982587038805 0.163665304647282 -0.0195936692904852 0.0771181803262376
-0.0963712454800313 0.17139964784952 -0.0721654691424146 0.117707201817467
-0.0881910393075446 0.23457814891427 -0.106382390873581 0.0386603359194334
0.08148647909738 0.203755201365101 -0.0580329759197323 -0.00012723455136914
0.21842239159278 0.0227219202093043 -0.102044161312682 0.0210940912303513
0.156834548978186 -0.181910491571065 -0.0747508183523069 0.0905356520609673
-0.0262017842844269 -0.190943951624704 0.0171892404348007 0.0954499354782108
-0.119655204540968 -0.124325215254774 0.0665325860705332 0.0692768278416813
-0.192668640228791 -0.0654363584057211 0.0729073848487765 0.032545761149716
-0.204199199339689 -0.0650946964516984 0.0479820324013725 0.0207190738334593
-0.179214912889826 -0.100422258749831 0.0466581816216577 0.00756117832831156
-0.0949589601826178 -0.173964144524808 0.0306728523020182 0.0182995571783047
0.0350315175798455 -0.211668299366335 0.00995657188141656 0.0100232783147509
0.233316312607989 -0.138563214424291 0.0135753615787619 0.00848182889424112
0.219402546020406 0.0972891105690939 0.011307820881958 0.0497838600777999
0.021827179298255 0.238995872703575 0.0410576776553367 0.0598991642242729
-0.142033679770881 0.242625855355843 0.0163832626243721 0.0609737704096785
-0.0958188942556105 0.218264553343885 -0.0652199999183115 -0.029622835659258
0.0418308466009354 0.201170755396901 -0.0362326863026358 -0.0426672615958186
0.203642890108535 0.0587869381460268 -0.0740166207452467 -0.0223003262740927
0.185886777409689 -0.152127774699393 -0.0699556492522936 0.0299036044630359
0.0107312158316641 -0.196423660300052 -0.0144151366904826 0.0340871525753214
-0.0994191811318814 -0.138516180385823 0.00396826623636621 0.0227191824054478
-0.19296156628229 -0.0750972894492912 -0.00476477593343401 0.00310909597849372
-0.216972866383119 -0.0714571140665355 -0.0340958876700782 -0.00890985746453977
-0.19132009304557 -0.101120037034505 -0.027374012945253 -0.0389671626648114
-0.11548994558409 -0.166129161009554 -0.0162514875019803 -0.036760011441845
0.00698629893396133 -0.221261890545786 -0.0119215214560873 -0.0549537680799248
0.229251074875636 -0.173590812738187 0.0232853506348834 -0.0542319593249202
0.25146706882922 0.0831149407429168 0.0445309740873204 0.00106494668782454
0.0489227824504568 0.267272105244693 0.098776249240706 0.00271384122271157
-0.151039504635272 0.28012463756074 0.114123762137189 -0.0263928248467732
-0.0998974419138994 0.173438006169765 -0.0159614403794014 -0.080976263893894
-0.0090871613415039 0.183437418798526 -0.00995041084929192 -0.0618628712774092
0.161997405793897 0.0956741878602142 -0.0263060972780052 -0.0383373925007096
0.192016520508192 -0.0979988278569778 -0.031273828701299 -0.0177865397248611
0.0477663635113318 -0.171221186294256 -0.0172902962552 -0.0319586506827062
-0.0608609732434991 -0.131845963073301 -0.0423239430238109 -0.0344406830232
-0.160583956223362 -0.0719502642970078 -0.0759033686710192 -0.0302915687550407
-0.198529193291831 -0.0629728054884381 -0.113377511759671 -0.0343272943912701
-0.178262595524916 -0.084626333774636 -0.104001704439246 -0.073718247590955
-0.119412877982084 -0.1306801983943 -0.071250436117125 -0.0766755081538603
-0.025691934232267 -0.192479045546638 -0.0497628303430731 -0.100033720437234
0.178406000613416 -0.179864043705904 0.00574797668685629 -0.107166650341066
0.234700509147007 0.0429155029678816 0.0513672068744895 -0.0564161952336633
0.0752276772906378 0.231648403363618 0.130116127655281 -0.073694966912709
-0.122639989248868 0.267897560983598 0.192325269501806 -0.128683643259994
-0.0954907563106956 0.112842721492857 0.0419201227203492 -0.115534697738742
-0.0495610086664152 0.149884016114575 0.0145649969464607 -0.0677960960001827
0.106298169877725 0.1110567368557 0.0224903376655412 -0.0258725901351612
0.163581368197009 -0.0421652599030705 0.0248975907365676 -0.0404030120321368
0.0647739988424658 -0.120659568095902 0.00398937988702424 -0.0859449534610133
-0.0201747605074622 -0.101001490499742 -0.0670236816760184 -0.0898354162059509
-0.104352217711058 -0.0558950901354624 -0.130118527183082 -0.0617329647364291
-0.147399314993127 -0.0453116011272685 -0.175714077643891 -0.0531203113268914
-0.135441940026892 -0.0604974005234125 -0.167991617513705 -0.0920017736258163
-0.0967494270186767 -0.0830229704626134 -0.120521443645105 -0.101989535750169
-0.0400492831812242 -0.134516300934125 -0.0872192561336532 -0.12646554936779
0.107957322301793 -0.147292898951548 -0.0189962501336682 -0.141991449183
0.17247308711492 0.00265616458243846 0.0464267119127375 -0.101615007774728
0.0781674405550566 0.149256852496106 0.132874180247616 -0.133258346853815
-0.0749395400601693 0.201092636315784 0.232290152942845 -0.214630464227437
-0.0182500329748728 -0.0742982167849991 -0.180185488352566 0.256803602692112
-0.0493120071409047 -0.0445313256325903 -0.0826827097159641 0.198871510673217
-0.0824707642787174 0.0181426716590757 -0.0407727428883298 0.125057950704659
-0.0345483012922437 0.0818510338122765 -0.00450143774731661 0.143827759467871
0.0318398450020035 0.0597843211089212 0.0823851004261451 0.169138091779034
0.0467074789666489 0.0225739199827372 0.170750658152061 0.129996541701345
0.0673857606175417 0.00694862955187354 0.215919689091393 0.0742224029609399
0.0721408484944715 0.0248790639908353 0.216137722695153 0.0619538789565237
0.0412601783969674 0.049484873146143 0.174597871580441 0.108496408813099
0.00410164814681547 0.0554109331887821 0.0861606150870572 0.125306553833753
-0.0355131343565583 0.0528360230426962 0.00265996654073862 0.135299738343493
-0.0823654378947172 0.00137745162418442 -0.066280526873007 0.0875496226424754
-0.0408094532692873 -0.0715656999787048 -0.0859506604635514 0.00486778176621306
0.0549897753403927 -0.0880494546700681 -0.0702193832253386 0.0166461778987537
0.0982221213197158 -0.0808841928717882 -0.130389320992673 0.145742485928868
-0.0518383537332637 0.0438296461114552 -0.178720400400393 0.249645542176179
0.00527833591891135 0.0583101537770346 -0.0785211228319884 0.181360522886069
0.0281576738467604 0.0175880346458003 -0.0609606385436116 0.132804671798909
0.0256768316222691 -0.0128417891566865 -0.00562840049049742 0.168890084407803
0.0054675352742096 -0.0213908724736208 0.104887525389454 0.174728839428218
-0.0119850143598628 -0.0242545919132705 0.192314572846073 0.128219390266244
-0.0160028088019496 -0.0142385030640785 0.228772897725151 0.0726676637445547
-0.0137333622579575 0.000357860359416769 0.216983751498518 0.0696554815936415
-0.0281554983948051 0.00196326070983938 0.176720031126125 0.114089576819233
-0.0189469429627431 -0.0200186936951494 0.0846197362000181 0.137614805863901
-0.00255256707306215 -0.0207008732354375 -0.00891469708152183 0.14588311066576
0.0089626388607749 -0.0266796283024368 -0.0819515017766628 0.0902133638772863
0.022151606621472 -0.0269380301801752 -0.0998432752261506 0.0188147943326526
0.0451830505627857 -0.0154508914098773 -0.073849439082787 0.02853967412599
0.0456090041412642 0.00164581141413949 -0.146167381488002 0.153522555510739
-0.0729621750670482 0.146345640897506 -0.160404604950448 0.196969479999503
0.0600699851347579 0.137886118340437 -0.0755378531995425 0.127229641605001
0.129171837744964 0.00789222344204753 -0.0891520372966865 0.11539903004069
0.0768249629134825 -0.10607923806474 -0.0261553232884103 0.173302992982458
-0.0252300772464937 -0.097871404758877 0.0979110272977919 0.169716690187589
-0.0715138703417528 -0.0642725084652996 0.179512043091624 0.119615126125264
-0.0977141361968641 -0.0330367638318225 0.204444520786538 0.0662781942053885
-0.0964121732551314 -0.0252547525704997 0.184534742728064 0.0651211008512045
-0.0926119637550926 -0.0460772727396756 0.155224200984684 0.095681669541158
-0.0407699755722091 -0.0944742327832521 0.0789024763405136 0.119334738587195
0.0287123000478453 -0.0964474908725714 -0.00180839809908525 0.125643003856909
0.104108387436263 -0.0559400866297898 -0.0607533089244644 0.0856647056973481
0.0881474852041656 0.0270725303022453 -0.0820024538276335 0.0497563856122877
0.0259305801454624 0.0716957982653322 -0.0609691585891401 0.0582498262553566
-0.0254754389757371 0.0888704535268738 -0.12899530626153 0.148576766531776
-0.0834630845557554 0.214631700560231 -0.136501384441424 0.121606775298694
0.0903424533703725 0.188701843720053 -0.0711647219121187 0.0605222414962488
0.198675412095609 0.00586487686727429 -0.107959222689871 0.0750303538003944
0.121871800241869 -0.169262198513535 -0.0555140903347577 0.14685891346578
-0.0388509281962605 -0.159000937413213 0.0632175392596673 0.144597902904661
-0.112335096811474 -0.099381049661395 0.133763617796632 0.101788840149013
-0.162237199312531 -0.0511092332640595 0.149474310708154 0.0530996332027914
-0.164977592512119 -0.0494168523820018 0.126650970699894 0.0467007341559123
-0.146613979150178 -0.0833777202687417 0.111672497231848 0.0561669462126329
-0.0675300636469921 -0.151791723080679 0.0634621580688601 0.0749580013374816
0.0452515396159041 -0.167458977317404 0.0119473111163731 0.076896035307307
0.189023993902179 -0.0954547036147628 -0.0202429502587601 0.0609589319377827
0.16003628916565 0.076001657287468 -0.0390278785646276 0.0690739545227296
0.0136882811024152 0.16753560792972 -0.019705925557473 0.0786225297544789
-0.0966278921404705 0.176396178057009 -0.0727748956473274 0.121047540671016
-0.0885100989854561 0.240478686503007 -0.108029987419739 0.0405294055608555
0.0851076910187085 0.207543758875679 -0.0595895810100764 0.00040044728108926
0.223850545860942 0.0211374510306224 -0.104215347377407 0.0222878767357558
0.158897970944603 -0.187857697638264 -0.0753739563817584 0.0932748577976846
-0.0283007802783841 -0.195233567842943 0.0182007240934382 0.0966924141067043
-0.123678411149293 -0.12591001557073 0.0688016230463883 0.069697149420921
-0.197451433411831 -0.0649657605957534 0.074746968134834 0.0324945061046845
-0.209104252154276 -0.0645517068751786 0.0495672001235467 0.0209317104650751
-0.183938407020887 -0.10146363884739 0.0476749075924394 0.00789006915284531
-0.0979185795568763 -0.177822005456777 0.0313037179470753 0.0181245150352059
0.0338179708889745 -0.216321090874798 0.0103964661346197 0.0102750930918345
0.237436093455 -0.143538125119875 0.0145646270347509 0.00852039219502477
0.22565614466369 0.0978710131529551 0.0121694802279578 0.0515401230523832
0.0239697413317761 0.245036518098203 0.0425413648485128 0.0606426763390318
-0.142322908532525 0.249733364126754 0.0170854215366876 0.0615923299320155
-0.0952251846079761 0.224151608819536 -0.0667565996011819 -0.0288511330144895
0.0449320507147677 0.206223853184396 -0.0373479662839791 -0.0434038877251511
0.209049427328025 0.0580533297673037 -0.0757554964889722 -0.0221396834868943
0.189554593168638 -0.158201442764753 -0.0711561010998594 0.0315218867273598
0.00905459037101528 -0.20136322923787 -0.0142494153478799 0.0345249292356058
-0.102879292016748 -0.141391321170686 0.00430798558932818 0.0228050241254491
-0.197477563741854 -0.0747562543741529 -0.00476218606506813 0.00314003964758008
-0.222714505715878 -0.0704627143134197 -0.0345923989036711 -0.00889499320387506
-0.196948587839611 -0.101882459583354 -0.0286964853020757 -0.0400876133817526
-0.119051351393983 -0.168736207047842 -0.0166832657386992 -0.0378363269510456
0.0052074309429188 -0.225872978929497 -0.0126585543179359 -0.0557081127279884
0.232218630123339 -0.18019621663197 0.0236200880117415 -0.0555290042602152
0.25775440160616 0.082694778687198 0.0461550660082496 0.00153313570816652
0.0520546315709415 0.274051479470481 0.101173671064506 0.0014851035526116
-0.151209126653943 0.287921770846076 0.115646620818188 -0.0284438719208698
-0.100916238887678 0.177883170895525 -0.0166775327299643 -0.0816418079600926
-0.00784203845569498 0.188515361496808 -0.0107674972879348 -0.0632569797903291
0.166584015357307 0.0963296981256159 -0.0272852824370076 -0.038583230024227
0.196175971617706 -0.102554170652717 -0.0320311138611454 -0.0172875966029976
0.0469881221367388 -0.17609914241335 -0.0173906527031709 -0.0329775296476624
-0.0629322485220484 -0.134466263422261 -0.0431127855345906 -0.0351746185508863
-0.164650083727603 -0.0717335091318234 -0.0776638962502686 -0.0304322865732231
-0.203827268627633 -0.0621698283688528 -0.116043394759525 -0.0342866954032317
-0.182809728945084 -0.0852593619447324 -0.107380351596225 -0.0741671105027144
-0.122587913991727 -0.132490984818999 -0.073474841819331 -0.078226536851782
-0.0270570140029472 -0.196631124964876 -0.0518005903909461 -0.101212897234652
0.180470296502996 -0.185461058245951 0.00530700905458365 -0.10976022133967
0.240181864082751 0.0414579016006938 0.0523413982570143 -0.0570458295025628
0.0793063408068276 0.236081675886762 0.131712330766043 -0.0768143017319482
-0.122918449290432 0.274828520705689 0.194577758530907 -0.13374125174094
-0.097263832422899 0.116179924220052 0.0415901426347774 -0.118270196243317
-0.0493041521468282 0.154377542007332 0.014450009232498 -0.0690668623248227
0.11023123692765 0.112737707497197 0.0229099332619996 -0.0264959019066436
0.166888996768569 -0.0452912988983228 0.0259143525223683 -0.0412633552314469
0.065170132300811 -0.124634269330022 0.00393714181409413 -0.0883552945461366
-0.0217291276210923 -0.103560004765787 -0.0686297186768678 -0.0919553899077889
-0.106869912356224 -0.0560302727721755 -0.133473054202717 -0.0622179295396675
-0.150881491082068 -0.0445310460499052 -0.179890072600195 -0.0527099301187018
-0.138803980885176 -0.0602552192163541 -0.172598175559019 -0.0927629474525864
-0.0993841870318649 -0.083838420148353 -0.124189210962509 -0.103329050691296
-0.042146567337376 -0.136679031674884 -0.08988318631361 -0.127777429908688
0.108377969105369 -0.1515488517981 -0.0205344334374761 -0.144308126007622
0.176209771613042 0.00119980797740738 0.0469487869438975 -0.103838366178068
0.0812792414510962 0.151728765725125 0.134137080801456 -0.137391440280901
-0.0747645771708511 0.206521103789983 0.234248080542785 -0.222016349020597
-0.019786859437655 -0.0755182380786814 -0.17980609720748 0.265590253405895
-0.0506235440009889 -0.0458832825563471 -0.0816083932412402 0.204067805111365
-0.0844356524147379 0.0194598223984596 -0.0394449756345395 0.127879736771533
-0.0338881819823567 0.0842144739023171 -0.00309718643144124 0.14632783327473
0.0336286731513487 0.0611330894807778 0.0858388302734696 0.171812846548664
0.0480539365592237 0.0223884486372788 0.175561077524852 0.131001409701053
0.0680657457755773 0.00644181789133468 0.221374545295704 0.0727735402254717
0.0741341376255511 0.023873408071144 0.221635544184394 0.0601422550686455
0.0428986917164452 0.0500709050627407 0.179720557576474 0.109094303513706
0.00490510634623552 0.0565286776352708 0.0899213686422945 0.127629560883393
-0.0351924469414691 0.0546003803596862 0.00441951708273508 0.138707503773988
-0.0841993031108282 0.00351433416916589 -0.0674607335667374 0.0902050370978685
-0.0426471832560411 -0.071919674990932 -0.0884480144172712 0.00585599347110281
0.0545818072279615 -0.0907569713237506 -0.0724827805521274 0.0179795287518969
0.0992938155569916 -0.0843566697411873 -0.130657030163314 0.1513151354415
-0.0522666707459682 0.0457658118329674 -0.178994392749394 0.258057174645067
0.00650879213260188 0.0589677309244604 -0.0774472203948195 0.186444279713899
0.0288412797907136 0.0170156430663183 -0.0602053416092563 0.136646868693307
0.0261932537866575 -0.0133233872729249 -0.00389464792928399 0.172261477547341
0.00514355747530157 -0.022148694285648 0.109519850286526 0.177859443310925
-0.0128471640860893 -0.0249058044307345 0.198332219797746 0.128388861638233
-0.0166900853200973 -0.0149095869587194 0.234354165101022 0.0715746485619601
-0.0140731253898525 -0.00012771413656255 0.222591073579769 0.0684061338958319
-0.0286648566332672 0.00188590194612887 0.181616078623909 0.114988959683169
-0.0194472900924904 -0.0206021946571029 0.0883102832226809 0.14005515453908
-0.00291453537103888 -0.0207073537179914 -0.00801185178356228 0.14994323824419
0.00884951456744072 -0.0269474750650911 -0.0833664794192683 0.0931919424624805
0.0216015526224134 -0.0273777856910078 -0.101568146775864 0.0201818914022574
0.0457321915705189 -0.0165232473651469 -0.0757039223781727 0.0295991853678298
0.0465722866161129 0.000629176311556847 -0.147404590516733 0.159043838701251
-0.0722385191396321 0.150818033797248 -0.161357808049082 0.204627222551409
0.0638674911457355 0.139965869616713 -0.0755886994313488 0.131109312175311
0.131990410904104 0.00637291370412322 -0.0895801080695453 0.119342539242702
0.0771417692001836 -0.109835732065483 -0.0247887845006712 0.177194770280895
-0.0273933659201412 -0.0994037555984839 0.101816230457359 0.172295167357188
-0.0738632283383312 -0.0651759967525394 0.185186162878366 0.119690193075439
-0.100391853166765 -0.0330878526063661 0.209618506702278 0.0650546285841193
-0.098760462895131 -0.0248639105859069 0.189708565103781 0.0639826766844932
-0.095146636363599 -0.0463238965061664 0.159796312071291 0.0959988245865064
-0.0426406275664573 -0.0964940700700073 0.0822768154108839 0.120974750258681
0.0286925711004566 -0.0991340091439957 -0.000446782805978837 0.128486495136619
0.106315555134602 -0.0579195850539011 -0.061369283361028 0.0884254056700748
0.0904287080233754 0.0270959079385596 -0.0835848507299358 0.0524059666786275
0.0270587144555928 0.0734159756602052 -0.0622145981657955 0.0600634913102973
-0.0247913594281144 0.0912046932331887 -0.130001635190172 0.15349692795824
-0.081711802335046 0.220584998594311 -0.138070635105937 0.126663366035774
0.0951076172058235 0.19144998784575 -0.0717499202745772 0.0633733327412527
0.203002557446918 0.00345888314665841 -0.109566598624267 0.0781404230217907
0.122031027800789 -0.175456945170037 -0.0549441885649558 0.150708506805383
-0.0414321528922096 -0.162099268279651 0.0660075127078982 0.147132685049917
-0.115909775879162 -0.100484616244878 0.13766674495454 0.102297797416938
-0.16636930551835 -0.0505682120125894 0.153387024857825 0.052817828229595
-0.169550115897883 -0.0482861062261353 0.130035256947776 0.0462728898030466
-0.150699814583714 -0.0838470739478741 0.114313888425925 0.0556357818476582
-0.0705543232782788 -0.155270001979369 0.0658403195320668 0.0759079835121194
0.0444752726993237 -0.171880961236996 0.0129964141575963 0.0786167192491172
0.192387513056229 -0.0995400728914934 -0.0199756326040414 0.0623563689058735
0.164320155312187 0.0760285162517065 -0.0388435218864981 0.0717588565641655
0.0158318072304701 0.171880602244164 -0.0193029483868231 0.0805330447223652
-0.0967299843011812 0.181578822151584 -0.0726941308190155 0.124954841537073
-0.0865264750035376 0.247132806961955 -0.109966439669554 0.0430724921482628
0.0898955593416371 0.211357036721222 -0.0605336449423669 0.00121470590977449
0.229150722368246 0.0182223743805798 -0.106214752338897 0.0241682704641707
0.159730940143953 -0.195381107095468 -0.0760496715842311 0.0963125612644747
-0.0314611460367041 -0.199377841758993 0.0201244513399582 0.098366184305783
-0.128072548681404 -0.127513228420976 0.0708652685543626 0.0702335585943753
-0.2025148167561 -0.0648542690324358 0.0765227301141385 0.0322154742686332
-0.214918115361392 -0.0633591905115153 0.0512696696260259 0.0209019756470461
-0.189059064777324 -0.102173286416957 0.0484451582669527 0.00701458882730063
-0.101925724344217 -0.180756590328793 0.0324841014959157 0.0180539446723775
0.0326426700605463 -0.221437173295609 0.0107833756352337 0.0104133560549248
0.240851672369865 -0.149503625414912 0.0153878718414432 0.00854412499544144
0.231660917187945 0.0976113134024498 0.0133815795104359 0.0531097448273548
0.0277632442434814 0.250639614399045 0.0436099470445895 0.0618773526340468
-0.142666494644579 0.25708792442132 0.0175854683832838 0.0627688303475873
-0.0947612936546307 0.23031889700362 -0.0686792148177138 -0.0284411166625116
0.0483629551463338 0.210519521172636 -0.038353865318316 -0.043687415151537
0.214617169786238 0.056470395478807 -0.0778302780938891 -0.0215234489636467
0.19142571192531 -0.165334954818391 -0.0722805652797194 0.033102924270319
0.0069784420575868 -0.206343911308516 -0.0139155228754929 0.0353300677347012
-0.106499306432135 -0.143774039462619 0.00479209093528415 0.0226268185478337
-0.202701244972963 -0.0743929465652054 -0.00490796398573654 0.00303686886950751
-0.228768614539675 -0.0691416192502441 -0.03575290173451 -0.00879400053300884
-0.202603878532191 -0.101835220550897 -0.0307002048352574 -0.0406627450386072
-0.123354677752437 -0.171380626045555 -0.0170956100200167 -0.0384054101543143
0.00289642629193174 -0.231391681690326 -0.0132298444826468 -0.056728762675498
0.235412724971027 -0.186260594683818 0.0244883355283632 -0.0571137505311519
0.264952079665105 0.0814168965268826 0.0475900999882029 0.00216294986788442
0.0567536397721547 0.279531759635627 0.102928492409863 0.000395546996899216
-0.150837645631349 0.296401631548054 0.117230634700586 -0.0311942763391394
-0.100747167986324 0.183318237537931 -0.0180733275415401 -0.08304454967872
-0.00506581646281086 0.193250003027037 -0.0114591050359747 -0.0642698411452793
0.171922298292435 0.0961296355568735 -0.0282902652678188 -0.0386374250840102
0.198890109149366 -0.10840984822203 -0.0320518474377847 -0.0171871387698662
0.0460338504739439 -0.180736424750733 -0.0180391368476478 -0.0336147063192041
-0.0665539196915995 -0.13755523982434 -0.0445532298096489 -0.0362909322937362
-0.168989103815079 -0.0715939735095263 -0.0797621668628296 -0.0301838942888492
-0.209368898280052 -0.0604834654058855 -0.118962087511939 -0.0334463817638412
-0.188189855871584 -0.0848335775640447 -0.11085425532713 -0.0748398269509587
-0.126628292984049 -0.13348830640868 -0.0751249807191346 -0.0796998998986943
-0.0303872388688909 -0.200142931552874 -0.0536196166381406 -0.102567634546402
0.182413544269564 -0.192187197742687 0.00449460840536479 -0.111428158047935
0.246281411252379 0.0393374461615673 0.0535516424422148 -0.0584474160175907
0.0833010168238242 0.241036274787185 0.133734017256203 -0.079810791913442
-0.122445749980743 0.282473298889199 0.196300470330495 -0.13977304712332
-0.0978429817419843 0.120086853275914 0.0415805957145363 -0.121178122819102
-0.0482137118473362 0.15921517541863 0.0138486836564214 -0.0703848588919432
0.114538166117597 0.113285234855553 0.0231020413431686 -0.026943189645118
0.169748075616022 -0.0493946296572434 0.0270317218922341 -0.0423567140055467
0.0649386629192827 -0.128482069554649 0.00291437441565159 -0.09075434088672
-0.023338804917274 -0.105909052343325 -0.0712915810655544 -0.0930975173024067
-0.110266737101947 -0.0562561749368634 -0.136808437773631 -0.0618604958867526
-0.155008888662003 -0.0429848147906105 -0.18395251011807 -0.0511115506784513
-0.143081925121666 -0.0602164106318983 -0.178138219078243 -0.0930573624950692
-0.102050713721844 -0.0844853305276087 -0.127976483478376 -0.105143264820529
-0.0448177869729534 -0.139292192431271 -0.0928546345579976 -0.129425063327928
0.108951176637866 -0.156426236915635 -0.022603366790104 -0.147030679803187
0.179668218192913 -0.000998527056429069 0.0467706178443921 -0.105695103091955
0.0850111734428588 0.154332694736304 0.13503148911852 -0.142689553084835
-0.0736817734796537 0.212231670215253 0.235745829701574 -0.230912421886761
-0.0211132786261661 -0.0767628113865251 -0.179038201485222 0.275352914533951
-0.0530291945885641 -0.0459037413601561 -0.0787806523676873 0.210788281350875
-0.0861041779575875 0.021592188688472 -0.03835141635033 0.131148563956471
-0.0332941335450728 0.087225230468002 -0.00127584097025047 0.149300550796007
0.0353365789860913 0.0621186588644087 0.0901025028656381 0.17432464888351
0.049290590420947 0.0224783643543996 0.181486750145139 0.13073862734626
0.070015769235909 0.00586014758827877 0.22701213361092 0.0710566782412829
0.0760054945135225 0.0225860035348788 0.226662025039616 0.0584533483581558
0.0446586691425257 0.0500596070320026 0.185227740324575 0.109337855768175
0.00572327317519614 0.0576962621746813 0.0931731173501888 0.129918829876822
-0.0347874509026214 0.0563737051486075 0.00612783582723703 0.141661412794246
-0.0856697458071063 0.00532341983809068 -0.0677362386866211 0.0932103069334736
-0.0447207784132071 -0.072895710632056 -0.0915222886327946 0.00653577926921608
0.0546326177339622 -0.0939288401623579 -0.0744330491710758 0.0192720317903103
0.0998231828132243 -0.0879877064129975 -0.130715370933084 0.156666663047594
-0.0526796643421876 0.0475203687956599 -0.178500258907115 0.267209868726927
0.00768857302596292 0.0594281355868022 -0.0754491801873958 0.192754936290204
0.0293012982247443 0.0169176017653123 -0.059616092894371 0.140264178612252
0.0263987068947362 -0.0135743484171594 -0.00147548773971656 0.17641011850666
0.00465916571759208 -0.0224353038058322 0.114111336374218 0.180145369354034
-0.0136977622737494 -0.0250698229123661 0.204260718739116 0.127564948552639
-0.017580080655318 -0.0150638152858356 0.240639229670762 0.0695537308715988
-0.0148290068274022 3.0503759771058E-05 0.228564227766584 0.0669586258644932
-0.028858764051447 0.00214057027797799 0.187373989973634 0.114640990639988
-0.0198676262884073 -0.0208555852146596 0.0918173644221964 0.142460017923172
-0.0026219613153107 -0.0213662885320241 -0.00613294301692747 0.153606707120023
0.00907089468379128 -0.0268970518544329 -0.0836963077833338 0.0964426976734207
0.0218689846894162 -0.0280468051286857 -0.104512461921452 0.0224130922102493
0.0463440453202611 -0.0173101924173558 -0.0775196164317505 0.0310882612435528
0.0475331865692582 0.000237231804552396 -0.14769965060018 0.164912068695366
-0.071044182980247 0.155496908009453 -0.161225746698832 0.211863558620771
0.067565798974967 0.142037910505901 -0.0747853791664772 0.135619539892704
0.134991702904071 0.00380189201712679 -0.0897975530303626 0.123203600788619
0.0769206403871128 -0.113500227248806 -0.0230537306387576 0.181268343447141
-0.0297930003187081 -0.101424207943312 0.10684635072671 0.174341168748552
-0.076968183109278 -0.0653966540710365 0.190642511238259 0.119131394475519
-0.10318292762393 -0.0323801743145642 0.21476870797985 0.0636483160231325
-0.10126590763191 -0.0240300346517698 0.195074094605811 0.0629729532679405
-0.0975891769181471 -0.0461434695929193 0.164333366594542 0.0958051149757712
-0.0443777954992849 -0.0982297028512923 0.0853737685400584 0.12260715892633
0.0283046636896117 -0.101502341480495 0.00140385028232006 0.131720945285689
0.10791665777506 -0.0609126237050524 -0.0615836805498034 0.0915195760215787
0.0927317284021276 0.0268079632993795 -0.0848397601757725 0.0547915104469096
0.0286585896191042 0.0747646276210434 -0.0631237838189589 0.0620602609328406
-0.0241756185592854 0.0939463929563882 -0.130082060432749 0.159170692853276
-0.0798384890669902 0.227466953295429 -0.138935558646792 0.131931701110076
0.100437304647189 0.194546141899231 -0.0717019978836583 0.0659884971159718
0.207594265391979 -0.00033246833238024 -0.110573945275721 0.0813681268524062
0.122100479004338 -0.181671682212564 -0.0543611747081828 0.154456219963179
-0.045268772918944 -0.165157884029048 0.0695523654703647 0.149240698892617
-0.120365793948332 -0.101071475778347 0.142505601150538 0.102071871185032
-0.170973835912044 -0.0493281401548476 0.157283464280204 0.0516740445009323
-0.173647652122643 -0.0471883419757847 0.13355075737359 0.0454249487206262
-0.155108885821847 -0.0838072595420192 0.117297902487415 0.0551708452770226
-0.0744748775332937 -0.157840373081078 0.0683546633334406 0.0766254212031816
0.0430265142198352 -0.1761762539798 0.0143399059085781 0.0802027717964705
0.195521263126355 -0.105032498235356 -0.0196698560885043 0.0642682938069946
0.169502320000155 0.0758683163032076 -0.0384069297551944 0.0744393259140864
0.0183485803947835 0.17540518277565 -0.0189513201504685 0.0826616741288869
-0.095473803971726 0.187187328050416 -0.0728781347787023 0.12892888280009
-0.0842644329408583 0.253657971793572 -0.111074126553276 0.0464464617582007
0.0957530316084095 0.215531108435559 -0.0617581142093315 0.00222850415765285
0.235066331064536 0.0148064642014632 -0.108131075045851 0.0263655787139372
0.160619142335306 -0.20222541686278 -0.0766522580060815 0.0994882614878458
-0.0349888408811714 -0.203780726883232 0.0216109810713611 0.100609072983361
-0.132837902931246 -0.12921283402488 0.0736840854699905 0.0704962829069926
-0.208168485966653 -0.0629656793519454 0.078981176705122 0.0317227490046303
-0.220497845817967 -0.0616187964551117 0.052834442638539 0.0201739188404392
-0.194850675516898 -0.102113755808172 0.0495192077263923 0.00609791703076989
-0.106937123802553 -0.183839554358191 0.0337452576212483 0.0179793607702552
0.0302455428459421 -0.227121253802894 0.0110788900663936 0.0108182588982725
0.243958424701031 -0.156777785193629 0.0153371266793326 0.00883426565659174
0.238945848067962 0.0957894656996092 0.0149167386022007 0.0546029312830988
0.031904748430793 0.256473104214312 0.0454475653584202 0.0621502798389437
-0.141104766331941 0.265027333578403 0.0186025557804606 0.0636781630536035
-0.0938346994715718 0.236705758926226 -0.0702871068641085 -0.0276927678775771
0.0529460266606576 0.214839838590839 -0.0396967744399295 -0.0437703921259433
0.220571791790278 0.0541178899639075 -0.0803292604025444 -0.0206300841793983
0.193452849214957 -0.172307874446339 -0.0729607129887916 0.0352077135984917
0.00405096918995315 -0.211712136726723 -0.0138432666458394 0.0361385736174559
-0.111360763321451 -0.145763371358314 0.00558117681101383 0.022667776242839
-0.207788354387952 -0.073061089694991 -0.005002484922163 0.00332436388031085
-0.234613037557773 -0.0668819108339491 -0.0365894304446403 -0.00875509717910728
-0.20849582980324 -0.101158851225146 -0.0318559240182396 -0.0414959513173013
-0.128496410316415 -0.173702057046129 -0.0180982211651781 -0.0394666503457251
-0.000873903508678582 -0.236172037360028 -0.0141252146414103 -0.0573387846416752
0.237769354001345 -0.194449913889114 0.0242659666395429 -0.0585091462749893
0.272230044262535 0.0792471723039321 0.0492757283471099 0.00253838095517276
0.0620305119654943 0.285334211139422 0.104936804498959 -0.00125127273543019
-0.149558577289333 0.30578869604776 0.118504980150266 -0.0339899628932661
-0.0999960169062485 0.188215013050308 -0.0193827716252406 -0.0845380063064453
-0.00258414320011306 0.198367860928509 -0.012760669618267 -0.0655197984209124
0.177768063350508 0.0952089143198688 -0.0295069479694024 -0.0389299354366926
0.201999926248695 -0.114612735214438 -0.0328556718306344 -0.0166594634110554
0.0443231818756883 -0.186386265449938 -0.0186167407347825 -0.0341438201159145
-0.0699048747058612 -0.139620369509245 -0.0462345542373735 -0.0368546961168805
-0.173583951450294 -0.0705635875790829 -0.0817942683648424 -0.0297112112345302
-0.215077542456447 -0.0578281021803595 -0.121803656597172 -0.0323388694036388
-0.193960187147858 -0.083793995689773 -0.115198744269537 -0.0751277042554935
-0.131702221942219 -0.134793238569658 -0.0778396110748689 -0.0805313482019205
-0.0342874390492828 -0.204138323004646 -0.0561863838887537 -0.103857786339492
0.182928672540008 -0.199217603981654 0.00308355857185331 -0.114253903882034
0.252212500864078 0.0359548419830273 0.0541296281444584 -0.059532964796748
0.0890141402897056 0.245446214585149 0.135246386322028 -0.0838420277251485
-0.120371628007562 0.291026787503806 0.197685206239228 -0.146946233870275
-0.0984431717357191 0.123726343989396 0.0402546140041967 -0.124259290128338
-0.0463464172362222 0.164237023165706 0.0130160870884767 -0.0721812559977732
0.119570934155584 0.11338021580793 0.0237594586327384 -0.0273204393178003
0.172482802392905 -0.0535805967206651 0.0274202912002969 -0.0433647275805963
0.0639480515367741 -0.133051420238668 0.00215085173391658 -0.0930092580138518
-0.0257215532076193 -0.108312980462085 -0.0741050605835331 -0.0949725470832853
-0.112763779651506 -0.0553938804348127 -0.139918277389124 -0.0615576833947499
-0.158771842742904 -0.0408449297097717 -0.189144412288358 -0.0489361559679298
-0.14726584234383 -0.0590001037676172 -0.18326569570333 -0.0920508708721168
-0.105523902683494 -0.0848411934558937 -0.13208483861351 -0.105245886099349
-0.0482020098001295 -0.141455926650642 -0.0961072168281167 -0.130589303772826
0.108433824346027 -0.161727651477062 -0.0251363234690588 -0.149212825783845
0.183594786776515 -0.0039135133486291 0.0467172778119774 -0.108267173770718
0.0891670155099339 0.156838505177921 0.135548815830075 -0.148014049800264
-0.0719706905298586 0.218157412933432 0.235944528835313 -0.240158598459549
-0.00177627217223848 -0.0727187600275393 -0.23271491282524 0.23209249012096
-0.038829928661317 -0.0545632767221102 -0.120986250896438 0.194823296947258
-0.0880836198647704 0.00346383007005503 -0.0689794619814007 0.123519773789529
-0.0476636734057627 0.0795589740318393 -0.0357227187570011 0.154400666867593
0.0249329747397293 0.0673034225606126 0.0584035568931813 0.196115444384979
0.0467094327019397 0.0316375514163489 0.157574057327127 0.168310933636035
0.0686348761771538 0.0197316710790028 0.217375930769521 0.118875826955812
0.0720522654569311 0.0400924181383012 0.217009405486107 0.105399375421999
0.033627899213449 0.0598605468935252 0.164909249209679 0.146791278499271
-0.0062406283352863 0.0600377250775069 0.0675045869303406 0.148238423321753
-0.0488205827609762 0.0493712226946216 -0.0202607628027459 0.142144055482559
-0.0888149744828007 -0.0122268113145482 -0.0824727692028664 0.0774144546082641
-0.0284669346952181 -0.0841617514958168 -0.0924189200580806 -0.00952654992432241
0.0751797494438662 -0.0824181539223224 -0.0808523099941225 0.00803126741658697
0.123014325521444 -0.0653362849848549 -0.171948225974974 0.130722708961694
-0.0603843921544788 0.0422952779332948 -0.23265825029627 0.228627990012085
-0.00249784454872644 0.0612133977436193 -0.112861947749363 0.180301415270419
0.0261769763764075 0.0247536968058023 -0.0854488857036324 0.129546589944379
0.0311553257829212 -0.0068750126000775 -0.0350272834620607 0.177090630987489
0.0138456345914196 -0.0225397507128938 0.0793864123992957 0.202121790488446
-0.00568221095638798 -0.0292764922875302 0.180146998975814 0.168080428794888
-0.0132010908740368 -0.0193125994736935 0.229206214845061 0.117512379470639
-0.012099262392504 -0.00449991415581206 0.21664797021217 0.113572866221769
-0.0293470635416386 -0.00449573409896432 0.168237095613904 0.152661092774684
-0.0142599645058247 -0.0244013093466425 0.0654903205748281 0.161591145493447
0.00226372219495823 -0.0205829971326846 -0.0357040286986764 0.153471025300269
0.0134766457770881 -0.0242668003928579 -0.103698824006995 0.0817138309249711
0.0276037444705325 -0.0231645994481852 -0.110152344439946 0.00222515677746823
0.049320038999153 -0.00699864677233271 -0.0858197896862605 0.0150904260026945
0.0479654857275581 0.0132569839853925 -0.186244448957201 0.132187193111491
-0.102796523744602 0.142404256052606 -0.206396196920138 0.181812519678883
0.0388659588947183 0.154792792325764 -0.0994241428780492 0.125914318652702
0.131974742249982 0.034880099063534 -0.105548062917258 0.105823946471959
0.100236009271518 -0.0937624990498295 -0.0522079004950766 0.172891833866835
-0.00344991254754646 -0.1070720118626 0.0703281657211881 0.190992097454917
-0.0599576816136159 -0.0831884139058235 0.166767061802109 0.15572482201113
-0.0941485082315428 -0.0542348948034878 0.203312764866533 0.103571134630365
-0.0935132048115894 -0.0491445493188142 0.183564541344237 0.10260737331335
-0.0867090916438172 -0.0679156226593133 0.150010612291806 0.12863374207724
-0.0219421420808231 -0.107988246420966 0.0642797741527284 0.141475756253487
0.0535330908820704 -0.0939745280165421 -0.0258654173897048 0.135977285768475
0.120429052308895 -0.0371505806270929 -0.0851741114315099 0.0848574225639745
0.0848681242444199 0.0495623651005859 -0.0981930959639586 0.0371845213313721
0.0103460741749692 0.0825478489194697 -0.0765533980228971 0.045489341785141
-0.0483202216049241 0.092653569834461 -0.162176183526137 0.12736663437328
-0.127908405065462 0.210012265389461 -0.169169136146876 0.110247615556939
0.0591672054598924 0.212811496347407 -0.0821633610992515 0.0578746854806619
0.203044227321883 0.0467563467490612 -0.11447206178104 0.0600759512586172
0.158017953784491 -0.151088604730549 -0.0737838934443783 0.137175731813627
-0.00584200235039111 -0.172503972309921 0.0369951337753401 0.154477931171181
-0.0958275417671255 -0.127820563450633 0.121184077273421 0.127738962212141
-0.157965310238604 -0.0848555447131703 0.146115654594665 0.0782349548072946
-0.16061627299667 -0.0885086009520068 0.12512444961776 0.0722901128287524
-0.135887007591962 -0.11827028405675 0.111550953812192 0.0784457465405226
-0.0386175516639779 -0.174556304674988 0.0578083990702426 0.0924705433104293
0.0864489597801173 -0.166468413901978 -0.00346966937572377 0.0894738995492272
0.21855718230922 -0.0629417329319227 -0.0415392435673972 0.0700761670470826
0.149977495500858 0.118070363559902 -0.0568801108756532 0.0644460867792293
-0.0224696530914179 0.182349225499931 -0.0359122386350091 0.0697711339937064
-0.144110851750587 0.171693177746764 -0.0918889153174827 0.106487583497261
-0.139623028372073 0.232791149722136 -0.124948010601061 0.0319602534287723
0.04833718654451 0.231835315388857 -0.0595171489870401 -0.00323551120614785
0.225597395360667 0.0672563414442586 -0.0997150175726143 0.00668135337888616
0.198660675249669 -0.163695249696732 -0.0823316088582869 0.0767548735719477
0.0119048333765724 -0.208025090845329 -0.000997970907428847 0.0941199918464183
-0.102805605838756 -0.157936342125316 0.0582430689307874 0.0811443661864846
-0.19223861190375 -0.10629211188401 0.0698845245908562 0.0410030681349365
-0.204333796835335 -0.11372205241134 0.0490115241831625 0.030253561395021
-0.171407141779245 -0.145315263535221 0.0531226540791819 0.0151850450665248
-0.0655818362390601 -0.207644057721771 0.0353282786870642 0.0262689635395816
0.085775476694801 -0.221210718955596 0.00714099985675215 0.0210138168926064
0.27880002767981 -0.105743930125096 0.00321638596031297 0.0255341270167689
0.21504641148557 0.155624340525929 -0.00135672680537488 0.054477129953153
-0.0268656631356111 0.266685947849414 0.0317712942186929 0.059243255010231
-0.209335060935409 0.240428144834163 0.0174324974702021 0.0584264095011508
-0.145192641833692 0.212750350384294 -0.0693525020733483 -0.0333463859741035
0.00557377742743637 0.222316262640624 -0.0301853584440231 -0.0451747342219061
0.203209680756818 0.101957297302903 -0.0629899626477108 -0.0323659389812477
0.223454607524463 -0.128315969625231 -0.0644245801478518 0.0155969211210026
0.0502544379175884 -0.20659782524567 -0.0218764477224433 0.0216057962927593
-0.0784902767542797 -0.169629032548588 -0.00105240499028862 0.0195194091733266
-0.190004402284451 -0.115645188046516 -0.00886399486452724 -0.00505395615099608
-0.217870416020657 -0.122451347303896 -0.0353610115775464 -0.0167132390236669
-0.184934610793926 -0.147084150261332 -0.0200437985800083 -0.0495340385733298
-0.0900006601321927 -0.202989581389079 -0.00543116561077321 -0.042251647286217
0.0573513311742021 -0.238505268005516 -0.00381350691566359 -0.0519064871697692
0.281712258244322 -0.145818454354759 0.0262562330117858 -0.038043542913084
0.253655360173158 0.146582612394837 0.042569784512759 0.00899855507493568
-0.0016464958619178 0.302622899045431 0.102572714204062 0.0067773054916567
-0.226584743618252 0.279533941051709 0.140473375208138 -0.019911207562376
-0.141458315013195 0.161906685736861 -0.00717905320021333 -0.0811200007171067
-0.0447274595325676 0.193918088952095 -0.000549853208721998 -0.0618956815192054
0.15272943824439 0.13172704190802 -0.0113904197020606 -0.0380046744240337
0.219159845881522 -0.0713619375837466 -0.0138971035073607 -0.025042305575608
0.0829161116578696 -0.173994227420352 -0.0100690249690646 -0.0490177822955752
-0.0392632946897816 -0.154592878026118 -0.0399167692356681 -0.0503052958520947
-0.156715867738717 -0.106022901073007 -0.079326218075311 -0.05292745876655
-0.200708043079935 -0.108625909691343 -0.116966481815133 -0.0581315333788999
-0.174053953014803 -0.126908608876219 -0.0975337954077376 -0.099789015084463
-0.101786853908961 -0.164889465891528 -0.0580799925563811 -0.0958432906829805
0.0151261456889328 -0.21463656758287 -0.0354039751003856 -0.107626704637871
0.227041855354715 -0.163173002993743 0.01960402760244 -0.0982751840404667
0.243986699214622 0.0980562290383035 0.0601364395247827 -0.0507014799348857
0.0354750915596318 0.267210365793758 0.147802753073242 -0.0678034380213659
-0.19215915206794 0.269570532819596 0.24231507371881 -0.115728286215886
-0.125307146854676 0.0973377301893423 0.0604662298857054 -0.111241429946008
-0.0803091764404969 0.150630331625476 0.0248210604141448 -0.0647279763531883
0.092050347447306 0.136447045180286 0.0355802564475452 -0.0153630360994141
0.178450449338702 -0.0192877158767326 0.0490770476929035 -0.0365104611180693
0.0893345438862569 -0.117738159683942 0.0239423033712924 -0.100971424227639
-0.00325290253728125 -0.113818357979725 -0.0556591491643123 -0.113550646944058
-0.100396164281958 -0.0781997054349853 -0.131021591090949 -0.0943335146744435
-0.149749193689816 -0.0775293118754713 -0.180562660765773 -0.0889384877776015
-0.133449596648351 -0.0910960699065943 -0.165203928378232 -0.131103709074411
-0.0876455342126563 -0.109006470104343 -0.108660903878242 -0.132446692091267
-0.0144832554303853 -0.155291395210147 -0.0698942132022492 -0.143663832011568
0.144021281372706 -0.141567472166151 0.00185076205645379 -0.142595821554151
0.186098818693008 0.0400268484065154 0.063237332187328 -0.0994182619894237
0.0561784387107421 0.177717431199384 0.161079788942896 -0.127345424052784
-0.124752226270555 0.205012313766788 0.297419921750199 -0.199215003390472
-0.00334056543873154 -0.074409308620894 -0.231006591545995 0.241983987225488
-0.0406972135368721 -0.0556719703880924 -0.118644490609152 0.201600558246082
-0.0899316530119015 0.00585817755456074 -0.0673386098476648 0.126905571778182
-0.0470075001026387 0.0827472726238233 -0.0335258469586599 0.157722049483233
0.0265346580282527 0.0683142092518755 0.0632627861565919 0.198366265369756
0.0478009412687799 0.0319167897928058 0.163943679930494 0.168368351725897
0.0698094413399262 0.0182392278102269 0.223599298574091 0.116594412652486
0.0746563744257439 0.0388397090558824 0.222860759916934 0.102962317529554
0.0355868825877366 0.0601463329174108 0.171723156635088 0.146495283225078
-0.00497388093991822 0.0615411662983235 0.0713252734807016 0.150438592189429
-0.0480275714075277 0.0519496881130622 -0.0186110741122593 0.145684113584562
-0.0903988279229634 -0.00981844706324493 -0.082468980239307 0.0806437365889116
-0.0301254846335186 -0.0852661675779289 -0.0952596911564883 -0.00830751283126199
0.0740301661965256 -0.0853917035826543 -0.0822245418329385 0.00899138920090462
0.123732475987294 -0.0693756934662591 -0.172633318841504 0.137291296795976
-0.0599782844360552 0.044593238520708 -0.231978632622286 0.239121626029014
-0.000500791845080425 0.0623722471369508 -0.110468578908736 0.186280817901478
0.0266014992377267 0.0241371509422606 -0.0837420918043903 0.133121703453411
0.0316186378994028 -0.00744065607527167 -0.0324443675459696 0.18070784723782
0.0134866428528963 -0.0229711205713486 0.085045822070402 0.204032340274707
-0.00668537137359893 -0.0301509807491993 0.186757481363045 0.167511373784555
-0.0134873703444441 -0.0197317372187769 0.236414564569994 0.115029333778284
-0.0122008402410811 -0.0044272905927961 0.22329839142616 0.11129636113175
-0.0292158972217449 -0.00431252747455193 0.174398867437137 0.152233993858775
-0.0146960696155653 -0.0250017827308584 0.0699308495273781 0.163772996550398
0.00266767388375052 -0.0207847662617519 -0.0333614394913456 0.157606993385493
0.0135915851050421 -0.0243977023390783 -0.10413901989649 0.0852541890631594
0.0275428296430442 -0.0237777594295244 -0.113229372481602 0.00458798585693843
0.0498172539192454 -0.00806555531529633 -0.087906643156886 0.0174800283058115
0.0490849341496613 0.0120675920584387 -0.186847163695962 0.139141929611437
-0.101565568644387 0.147996614502577 -0.20585615982121 0.190168002222764
0.0430526658466732 0.156862618053112 -0.0985916072940023 0.1309221236709
0.135223861261518 0.0321703350971715 -0.105107599929025 0.109995860038809
0.0997650705572057 -0.097889166477257 -0.0495149243020478 0.176818575643834
-0.005700912449912 -0.10858739432341 0.0755680472888923 0.192604610605141
-0.0629335549855049 -0.0839264801442498 0.173191786958959 0.154812074668859
-0.0975344811321755 -0.0535923891530968 0.208746702606526 0.101092889203757
-0.0961658351336154 -0.0479522295521692 0.189601764677829 0.100590662975743
-0.0894660836897345 -0.0675656823236588 0.155615779366577 0.128052400382624
-0.0242428528027914 -0.109849395667935 0.0685221000481887 0.143038023967546
0.0530554003185942 -0.0970267651562637 -0.023466170404752 0.139441503535225
0.122748774807292 -0.0400015159680945 -0.085337093219317 0.0881772744585431
0.0873299056130286 0.049259032336018 -0.099269831619542 0.0403991283384717
0.0117992940278585 0.0840051860627915 -0.0772486664662395 0.0472494847527483
-0.0469402289951985 0.0955328691323326 -0.162485900109601 0.13338983352301
-0.125563131506103 0.217182859957437 -0.169975385294589 0.116105703137279
0.0649829350715961 0.215718585307491 -0.0821639993943717 0.0611973611434172
0.208220412948712 0.0427795968031077 -0.115218914056613 0.0632272813122651
0.157327908602423 -0.157452821400667 -0.0725773587310834 0.14084727364369
-0.00902722160783557 -0.176040435660773 0.0408867095095022 0.156572589056961
-0.100146317733217 -0.128956287492697 0.125874168858419 0.127264307903213
-0.162363686094286 -0.0833053138353261 0.150186847071453 0.0765219811851795
-0.165393980123611 -0.0868937288726514 0.129354621872602 0.0710241028085949
-0.140527224756345 -0.117689391378412 0.115417376286976 0.0774206825142222
-0.0424083847995297 -0.177912994379712 0.0605015458028224 0.0931592216366275
0.0857796759033647 -0.171182643821085 -0.00190180651778265 0.0912560693146923
0.222204966853108 -0.068643733919603 -0.0410929843052445 0.072342215648673
0.155198617930679 0.117704422136923 -0.0567053349278145 0.0674186044171833
-0.0200995187844132 0.186840825229282 -0.0351624499796658 0.0719174985894197
-0.142953432062713 0.178213368101491 -0.0917476163847027 0.110329123416633
-0.136952001120491 0.240377849962567 -0.126485708330149 0.0356326956716034
0.0543237262158652 0.235513947860326 -0.0604389817139757 -0.00169500357122457
0.232299371494443 0.0637109211364112 -0.101513572386197 0.00913916088798156
0.198815918210303 -0.171616264882617 -0.0822122487330052 0.0802633076927532
0.00775887024349908 -0.212407440497197 0.000610037444688034 0.0954339142037845
-0.10819614597857 -0.159642500284841 0.0611534907923085 0.0811028042997422
-0.197836093293284 -0.104388466275692 0.0724448863182274 0.0402859828868872
-0.210457644007233 -0.111185254438337 0.0505494278266506 0.0299266136612223
-0.177336692135521 -0.14489140166019 0.0538208591001855 0.013901854510609
-0.0706679122242979 -0.211076836967167 0.0361979409833784 0.0258120125421024
0.0829645421305308 -0.227286190287155 0.00808096381922542 0.0216554266105418
0.282397496223736 -0.113011413691337 0.0042460906567028 0.0259206369478291
0.223035136072505 0.15401019444871 0.000405067018434887 0.056702708961247
-0.022200854868036 0.272851154053038 0.0333784345117673 0.0594392298478953
-0.207398850768568 0.249264895214798 0.018759370661824 0.0584358018495192
-0.143257552068576 0.219803097176908 -0.071512190027943 -0.0323677908261068
0.01077762568037 0.226857365367219 -0.0316396557289598 -0.0451762833380181
0.210142441364897 0.0995249760672797 -0.0646811923081466 -0.0319014933829506
0.225466996944524 -0.136201068402429 -0.0648630192519952 0.0171623421535518
0.0470416719204644 -0.212604017672353 -0.021929840034706 0.0225083747735396
-0.0835890872078003 -0.172025724459004 -0.000667186988315756 0.0193584694070193
-0.195732966271228 -0.114246069776862 -0.00909253320360202 -0.00475943914302995
-0.2251834054375 -0.119619619481826 -0.0361994119194263 -0.0163076093851262
-0.190954407577454 -0.146864101675638 -0.0218092160687599 -0.0504051582649964
-0.0953104155538905 -0.205396106873107 -0.00604399345904115 -0.0433776720132855
0.0534773631031858 -0.244285655209191 -0.00446693939792182 -0.0526359205457295
0.283540431753499 -0.153795048617113 0.0264589184665173 -0.0395454916320284
0.261707323846534 0.143597452981283 0.0441632489516952 0.0091457324536748
0.00366890938732211 0.308785479852084 0.104526434484044 0.00453366883928757
-0.224724586269858 0.289213996366856 0.141967947741854 -0.0238085773150919
-0.140563845915713 0.167720839365905 -0.0087748928891032 -0.0821029684887681
-0.0415796113588163 0.199686612672701 -0.00149679770031623 -0.0629765033176241
0.158641302387968 0.131254381645046 -0.0125507727002179 -0.0383192761599343
0.222129368945402 -0.0778235029574269 -0.0141583510087118 -0.0248848215351369
0.0808768548075054 -0.17939339965027 -0.0109567333037463 -0.0498999939638753
-0.0430342751908634 -0.15759943166805 -0.0415330413759874 -0.0508791438851734
-0.161433945371024 -0.105297500038975 -0.0815840751978748 -0.0520450524775775
-0.20722693645822 -0.105883651499294 -0.119914580743397 -0.056621651825441
-0.180150901622151 -0.125181226782786 -0.102317338307727 -0.100398873341922
-0.106608071590629 -0.165785491518416 -0.0609599142968446 -0.0968732324061666
0.0110905172552545 -0.218533924074399 -0.0379618642555442 -0.10850953627163
0.227604128168111 -0.171577799485133 0.0179701401072902 -0.100287354344757
0.250139604405392 0.0944979989332224 0.0607007814634434 -0.0516869234549419
0.0421251886828489 0.271927256822607 0.14884154271294 -0.0726137030181503
-0.189704149351559 0.279009764214672 0.243705384432608 -0.124112766729072
-0.126107512749018 0.102050567360824 0.0590671140335384 -0.114017190121246
-0.0782997150530516 0.156227565899614 0.0243125577173098 -0.0666069161076512
0.0974473794019548 0.136764305492513 0.0362729559957017 -0.015727569618597
0.181287299533864 -0.0242066566498441 0.0499299848422261 -0.0385833200628103
0.0884424703498146 -0.121938941460181 0.0225254940523555 -0.103817143087537
-0.00542988321803085 -0.116093446411628 -0.0587101849538762 -0.115058164435396
-0.103711952398094 -0.0776962307807828 -0.134696404988407 -0.0937023653806252
-0.1545094786163 -0.0756560887783037 -0.185790946116295 -0.0868444673255849
-0.137854299479518 -0.0900258927790586 -0.171520850110606 -0.130156388490365
-0.090959041890175 -0.109382384754224 -0.113630787015058 -0.133053649337719
-0.0179629683006786 -0.15733751403503 -0.0734636527925205 -0.144959496303575
0.143443660825505 -0.147528705467166 -0.00075206005180138 -0.144577200816498
0.190093879201557 0.0367707879943629 0.0625678231518764 -0.10227668961946
0.0612402536174374 0.179758211427045 0.161186278315037 -0.132939457118303
-0.122652313107799 0.211733114102824 0.297571632435984 -0.210372362932608
-0.00466038956209263 -0.0752223443896479 -0.229292629329365 0.2522029681989
-0.0428414335053703 -0.0558925314195787 -0.115052298424573 0.208410172759842
-0.0920100576883339 0.00789787144495919 -0.0650820116828844 0.130337183511829
-0.0456204809563285 0.08563681343018 -0.0310260376898062 0.160246368008487
0.0286119964647863 0.0687305135762712 0.0681168729859318 0.200113428924398
0.0491029811049554 0.0314790966450744 0.1701280448355 0.167381846998602
0.0717031271750144 0.0168111457344203 0.229062683204852 0.113616593680032
0.0771047333148857 0.0369655669004481 0.229280589309265 0.0995752804404719
0.0377928978782437 0.0603789053133378 0.178310781904186 0.14490742350816
-0.00367875029545033 0.06253929980148 0.0752337396804581 0.151832267092188
-0.0473409354180238 0.0536862235543345 -0.0154706090149603 0.14865232308251
-0.0915142000092327 -0.00759053705736047 -0.083252782996615 0.0838221395403991
-0.0328325685995265 -0.0857099794634921 -0.0978002651947852 -0.00684498366667457
0.0739893863715999 -0.0885754141053959 -0.0842132367920477 0.0107616284941946
0.12407717698331 -0.0735398890803122 -0.171694886734006 0.144353378795075
-0.0596825490811771 0.0470699614459811 -0.229408393261489 0.249537397368178
0.00122615159545161 0.0629265216178369 -0.107352678974036 0.192550519989163
0.0270932115589783 0.0241285493641571 -0.0823349725651499 0.137214171734351
0.0317011354336944 -0.00794002910557066 -0.0284423051282006 0.183741677075489
0.0127601918676468 -0.0237408266749425 0.090790357868712 0.205130755238189
-0.00790684344321059 -0.0302860137474202 0.193365761480344 0.166072484390191
-0.014885258845608 -0.0203111877429827 0.24207693653764 0.110973150504422
-0.0124801694679225 -0.00458258571978001 0.229811938482142 0.108500505455755
-0.0293670365825431 -0.00373573942677554 0.180506893707314 0.150952386638708
-0.0154038128896809 -0.0253826393413298 0.0744178368354999 0.165813758346684
0.00231620800040189 -0.0214061164691241 -0.0309677691761963 0.160881157272607
0.013499131135817 -0.0251912953210385 -0.104493747636695 0.0891092931745648
0.0276930236830429 -0.02448088209957 -0.115144506042483 0.00691077286651043
0.0503841569366845 -0.00916648645473947 -0.0894428078208549 0.0193259874822988
0.0500573821381243 0.0108483656098552 -0.186278825994089 0.146266848118131
-0.099107042725857 0.153114035814713 -0.204929828571228 0.198527987369548
0.0477275689728876 0.158600155050685 -0.0967830992432849 0.135821147802718
0.138222400215923 0.0295676180963007 -0.104299517533007 0.113893406552017
0.0994924084985389 -0.101982418646221 -0.0467434244087256 0.180623987169646
-0.00866460857732554 -0.110887224295488 0.0806991434749239 0.194305984598606
-0.0660526783067356 -0.083797362769222 0.179693259816252 0.153517323959382
-0.100256294013252 -0.0524762205721701 0.214835389490125 0.0982813839434957
-0.0984849061927163 -0.0468734762197489 0.195169830716061 0.0980897718760245
-0.0921285880249908 -0.0670600554728089 0.160914687878063 0.126437496893074
-0.0266979361173527 -0.111857780462703 0.0719496546423563 0.144448655761922
0.0525524407643867 -0.100047016810961 -0.0210967866793812 0.142660836794105
0.123862612252078 -0.0431634642302836 -0.0848104016802757 0.0920658835891044
0.0899437918617603 0.0485993281889422 -0.100498960117839 0.0433806159215535
0.0135510544054055 0.0857923063707475 -0.0779291266572514 0.0498309254592492
-0.045872374721242 0.0978852824488551 -0.162012345668277 0.139849867602204
-0.122384125402772 0.223622226062623 -0.169874136146833 0.122755668022554
0.0712982381866601 0.217761614963228 -0.081700876538198 0.0643127784871001
0.212660018102212 0.0388404569576428 -0.116018975169928 0.0668655883204631
0.156470563411504 -0.164602993177991 -0.0704369120052287 0.144808325445611
-0.0134770145426298 -0.179433948825616 0.0448017096790581 0.158380918465017
-0.105064342283393 -0.128925280276962 0.130823533146998 0.126445300896853
-0.167349919424462 -0.0817238444229184 0.15432555077233 0.0744881430375971
-0.169966246168753 -0.0847753487237389 0.133137790767636 0.0694267576296577
-0.145539745365132 -0.117395140803799 0.118872305084986 0.0763183710435596
-0.0464649006707692 -0.180180841168498 0.063897447001894 0.0931476155234922
0.0836741498900965 -0.176272759746415 -3.59333463898684E-05 0.0930220853592994
0.224872373489362 -0.0746839545473694 -0.0400856081527473 0.0745540878925292
0.160334811793771 0.116722965038231 -0.0560145915102168 0.0702624717588144
-0.0159908713615311 0.191177763562959 -0.0348431686813998 0.0734678234525158
-0.141043274178452 0.184204380034009 -0.0908396187423496 0.114390260969278
-0.133847051862594 0.247743749198758 -0.127710802970404 0.0396762961389933
0.0607258662824764 0.239140574716007 -0.0612051154715339 -0.000174353319084956
0.23751493843352 0.0588076956834494 -0.102883456740415 0.011415492380725
0.198575815307193 -0.179542566393615 -0.0819184297866194 0.0836013406289476
0.00321513396310434 -0.216488199659714 0.00261714386798076 0.0970863181365366
-0.113483360373079 -0.160311308608404 0.0636810693640956 0.0808571885267721
-0.203306323461239 -0.101777920631571 0.0741507452507687 0.0394164807055926
-0.216968489137125 -0.108462035667098 0.0525736335803501 0.0291478200519179
-0.183387904173501 -0.143656851776341 0.0549221654015215 0.0130451337136875
-0.0760154061852953 -0.213542669889178 0.0377878475272125 0.025648941433684
0.0798202957221676 -0.232475697435461 0.00870167509022106 0.0214593497814303
0.285515981906936 -0.121922928569684 0.00479018389496211 0.0264157710784878
0.229938129061291 0.152408157035421 0.00200870297612668 0.0587637194972319
-0.0165186047764756 0.278620480557988 0.0354763288526873 0.0596326773810187
-0.205187270489422 0.258415229352606 0.0199217387031717 0.0586745309065014
-0.140536152711174 0.226760158878835 -0.0732490749641935 -0.0306194962447676
0.016428063900328 0.231492429937337 -0.0328728448385835 -0.0447909029218151
0.216235765420795 0.0965627964465972 -0.0665069535504646 -0.0308263522321356
0.226649430102842 -0.144129462777217 -0.0656398620921999 0.0189809858392454
0.0429098957250407 -0.217291320735794 -0.021658499479043 0.0232604754939363
-0.0886122859580721 -0.173343908602177 8.5416418727186E-05 0.0191872260198407
-0.201488181764109 -0.111893671970832 -0.00929015429620747 -0.00470229145131917
-0.231861599832331 -0.116305521859695 -0.0368756659555356 -0.0157641026899751
-0.198104203218483 -0.144898377384648 -0.0237174106952398 -0.0510383177900773
-0.101456217064934 -0.207087223729268 -0.00700590947036014 -0.0440752483263957
0.0494202759536387 -0.249146069906584 -0.0054917472324505 -0.0533612366783903
0.285466781703515 -0.163640129875437 0.0258419610668777 -0.0402481777806941
0.268947445903878 0.140518845958722 0.0456822860610253 0.00918384234499992
0.0108493973867012 0.314712244060827 0.105891321956765 0.00209561724928813
-0.222020183491034 0.299224932191272 0.14310940213969 -0.0279512009008607
-0.139021514772708 0.173498464584712 -0.010712090607664 -0.0830847782048002
-0.038049133571755 0.204756032847533 -0.00291403886492802 -0.0640421816377474
0.164871157006493 0.129473127389086 -0.0138606969556087 -0.0383409809601448
0.224902815247527 -0.0853782239490748 -0.0147408777348651 -0.0244541087723299
0.0780059613915428 -0.184571398479122 -0.0122887164181902 -0.0508616872252325
-0.0472992574933211 -0.159555296687066 -0.0430960245162293 -0.0512847220916534
-0.166179568012819 -0.103012691511116 -0.0840833918016118 -0.0510253450489003
-0.212812013232905 -0.102379066048454 -0.123203469681589 -0.0551349219800203
-0.186264426601538 -0.123793823615115 -0.10647383675234 -0.0994956557371382
-0.111731768371612 -0.166206436654617 -0.0636433380721334 -0.0976995638082221
0.00648151986300978 -0.222102643907522 -0.0406551225404524 -0.109215944738043
0.227312509774717 -0.179308700604198 0.0164965736309029 -0.102285244301766
0.256852475856022 0.0899163336087344 0.0609306942374353 -0.0529807882724506
0.0485621074242959 0.275796335856141 0.149582546032689 -0.0771906400735534
-0.186651339944141 0.288503443481735 0.243763745075446 -0.132717594002803
-0.126055734658979 0.106090955239256 0.0577858223045929 -0.117472679972523
-0.0761357129434277 0.161345597264202 0.0231680177412642 -0.0679460554020979
0.102717068146589 0.136828160479996 0.0365649731249631 -0.0164803847946588
0.183887446915427 -0.029888514979805 0.0506307928847398 -0.0397294473590296
0.087082331435707 -0.127077431732123 0.021110993271754 -0.106357521815655
-0.00830438726432659 -0.118416029760892 -0.0625054873006986 -0.115998714832253
-0.107045491084982 -0.0766381305600675 -0.138816315235901 -0.0921492036746316
-0.15875492096892 -0.0727082525094673 -0.190257956803866 -0.0837720019704691
-0.142644626106755 -0.0882519975300278 -0.177226091999618 -0.128452674211061
-0.094660927408973 -0.10904049780524 -0.117835606115973 -0.133382498420102
-0.022036199050044 -0.160027420982614 -0.0775603077959318 -0.145309842869113
0.142107001947185 -0.153752156700251 -0.00389511326823967 -0.146524270504212
0.193889768609352 0.0331479010863405 0.0617001823335719 -0.104241510966967
0.0655892544137975 0.181504726703009 0.160247677742481 -0.139274691579831
-0.11974057456864 0.218067243463403 0.296633884094755 -0.221028027358724
-0.0064769355169674 -0.0755858128508495 -0.226108931652006 0.26218942034451
-0.0447638993266423 -0.0561780413838941 -0.111227694433525 0.214221817613039
-0.0930739575816596 0.0103825236331571 -0.0626678481364042 0.13347215431702
-0.0444202630714921 0.0885072869216067 -0.0279046961624518 0.16274688440145
0.030760039751401 0.0693290218045688 0.0736178130340523 0.201432004836914
0.0506605057039126 0.0303204909413795 0.176728466969663 0.165684630412395
0.073090131858493 0.0152988056089045 0.235437479822999 0.10915116111238
0.0792149097650781 0.0352305024737627 0.234438822610023 0.095287517833282
0.04011097004306 0.0600259855421911 0.184590147032382 0.143035722931265
-0.00214788674592229 0.0633708234086552 0.079882033382611 0.152801571609866
-0.0464748327309217 0.0559831177648738 -0.0122447228073903 0.151214696840254
-0.0931650047429993 -0.00486468534377166 -0.0822935450408393 0.0865795077038759
-0.0357183178697213 -0.085529583411294 -0.100249661263736 -0.00449861012133414
0.0729890891006795 -0.0921867958098837 -0.0857991618612968 0.0133093641022599
0.123690277941609 -0.0777823888471318 -0.170287859571154 0.150896522844131
-0.059230477007809 0.0492617256993103 -0.226712966322146 0.258952429428516
0.00282426786185336 0.0638080982793114 -0.103383487570057 0.198128446479177
0.0284429074397188 0.0235451878196495 -0.079640864156092 0.140961299718252
0.0320356748726209 -0.00896319345879974 -0.0250922453254321 0.186624652406128
0.0125411835752684 -0.0243249525001187 0.0961636541000513 0.206253422452306
-0.00914288843619583 -0.0303305368664372 0.199996726544587 0.162980347423227
-0.0157782652781081 -0.0201315000574657 0.247611819277869 0.106833336599814
-0.0126352603660388 -0.00486846274162577 0.235384992970657 0.104043851746434
-0.029404229020333 -0.00326952649271391 0.187080317919059 0.148893463177709
-0.0159879597654205 -0.0258926433087658 0.0787406001327696 0.166745609773444
0.00276281038387164 -0.0213497467638448 -0.028062929935957 0.16459828420067
0.0136656280455539 -0.0247007498065229 -0.103986415343821 0.0930696561827143
0.0272564624408734 -0.0246499073564357 -0.117182773774227 0.00984976547819298
0.051150404840115 -0.0104395889149081 -0.0908664571408552 0.0213640644676788
0.0509578019280659 0.00936523599332773 -0.18577529754058 0.153135193355446
-0.0968699748729533 0.158208771414503 -0.202585942327751 0.207020479165497
0.0527451240244641 0.15923127441971 -0.0940394697661533 0.140558448755898
0.140597313390238 0.0262238465410016 -0.102752676934693 0.118035513195295
0.0978793778205223 -0.106184049663929 -0.0433241122266626 0.184586795691296
-0.011140392539448 -0.112463037648998 0.0860681532056516 0.195090639064513
-0.0691082581320202 -0.0837935401323967 0.185890742546601 0.150981516051441
-0.103102707517018 -0.0510628475846374 0.220264945192211 0.0940820970283077
-0.100920092922097 -0.04529258604848 0.200695488188733 0.0948450260693475
-0.0947133263092178 -0.0662207996154617 0.166415314609884 0.124596811638105
-0.0291788196680314 -0.113287049831239 0.0767108255804545 0.1454300180059
0.0512771318464042 -0.102538168624354 -0.0183439475766268 0.145695307619919
0.125564682446255 -0.045948427502698 -0.0844781983953673 0.0951276272884593
0.0923029617451975 0.0474624289038838 -0.100787949654398 0.0467210780778334
0.0156155130477179 0.0870975998611465 -0.0785018544476152 0.0521203206222741
-0.0437161169710744 0.100080021477531 -0.161139075547338 0.146117379426561
-0.118767900729327 0.229864033267055 -0.168895567065371 0.129114452316556
0.0780357851882219 0.219236761750785 -0.0811329682706503 0.0677358071182739
0.217219778363214 0.0333373963184777 -0.115825994865254 0.0706084927511957
0.154328671198883 -0.171368330547332 -0.0685869432998303 0.148766548579545
-0.0182590841235511 -0.181710065108956 0.0487434791010912 0.159165618187983
-0.109674935742621 -0.128627828414812 0.135412762321862 0.124665683677303
-0.171764125275378 -0.0788821883365082 0.158580236857687 0.0717346820394829
-0.174779171367748 -0.0819786201574144 0.137163600449556 0.0674391248610913
-0.150154612510968 -0.116044800423115 0.12188678552234 0.0740888410056105
-0.0513193110617467 -0.18225673267959 0.0667804468192206 0.093588393028473
0.0812237024511506 -0.181092029454744 0.00194627275788666 0.094816732953272
0.226614692124433 -0.0811467753510586 -0.0386751726168992 0.0768954998404583
0.165721400045599 0.114744503696683 -0.0549793481972448 0.0729563168970038
-0.0115681695586835 0.194587384642909 -0.0338023836924101 0.0746666446100905
-0.138525571131264 0.19059174310561 -0.0896263610539487 0.118350146425304
-0.129484557616784 0.254793289935403 -0.128213977194422 0.043692600808875
0.0674154095650339 0.241863353913889 -0.0618179983178276 0.00147890466042893
0.242565476254375 0.0537043139783484 -0.10424592265698 0.0137117143980043
0.197279030063571 -0.187609078941174 -0.0809346441127503 0.0864427197140677
-0.00222853542618923 -0.219972099226337 0.00473423184688032 0.0984290554290813
-0.118892160565373 -0.160481074992421 0.0665787059845267 0.0801954036305219
-0.208969716847746 -0.0987184220537353 0.0763182824968756 0.0381788836045635
-0.222624300525243 -0.104101179909844 0.0539436739813414 0.0281582899123485
-0.189925870985703 -0.141961467990655 0.0559236252792067 0.0115579006157859
-0.0818572080485334 -0.2155489134886 0.0389625718390516 0.0243991280349009
0.07568391660526 -0.238539910837497 0.00937964192929382 0.0223497323084828
0.286541984631777 -0.13044926542486 0.00564491945174342 0.0271191980976071
0.236915216502413 0.14902629271436 0.00396313001835332 0.0599633787204442
-0.0102841444738042 0.28397757119008 0.0370098591886662 0.0593311914184801
-0.200808406330124 0.266962737339175 0.0209634332077131 0.058889832935969
-0.137425403171291 0.232971689678839 -0.0748357319871902 -0.0289712367107737
0.021713895840319 0.234767713930831 -0.0342174578919218 -0.0449334120741117
0.222002800973396 0.0920949360731938 -0.0686644777076986 -0.0295664903822544
0.226612230835347 -0.152456496113621 -0.0657684948346248 0.0213368754598365
0.0389695591973901 -0.221856434261085 -0.0214368555172483 0.0236974576461111
-0.0938711176238154 -0.174322011420347 9.00717295419096E-05 0.0191040283411997
-0.207014673177109 -0.108477330949332 -0.00937911903739405 -0.00478945248831439
-0.238136537298117 -0.111958565028934 -0.0377711492423774 -0.0153694472758796
-0.204516567165558 -0.14253639396792 -0.0252895691294819 -0.0512054495637017
-0.1072390484759 -0.208053521448477 -0.00759454952345189 -0.0446102990820454
0.0436762265851525 -0.254629560946502 -0.00684764222896307 -0.0533152752174448
0.285135678083117 -0.172390407005196 0.0257493684976189 -0.0409382709520538
0.275639643393729 0.136085067982392 0.0472758048959508 0.00930608900286057
0.0192032763121064 0.319010794042611 0.107019710673331 -0.000604492637524949
-0.217497195864235 0.309779693377255 0.143861863559835 -0.0327659593925394
-0.137383047301349 0.179476095841749 -0.0128863251787671 -0.0837509626465467
-0.0334373608529763 0.209137061464286 -0.004228064316947 -0.0650299466363634
0.171024563803039 0.127355263020427 -0.0146690209851045 -0.0382057403429867
0.226078965048561 -0.0931497452693321 -0.0145877454261366 -0.0244657739600484
0.0750040120854148 -0.189549345811754 -0.0134329096129747 -0.0515488519579688
-0.0514428210337055 -0.161346412599948 -0.0449063158788152 -0.0514458029921084
-0.170872775433331 -0.100537336179516 -0.0862856162747866 -0.0498335675368519
-0.218934262669337 -0.0982919843293315 -0.12575751879799 -0.0530776438392144
-0.192140849347247 -0.121140483692847 -0.110838297457652 -0.0984479962239812
-0.117139470861534 -0.166356406000253 -0.0667194752231591 -0.0979458000562677
0.000818134337288525 -0.225790633970428 -0.04295642197731 -0.109703931322024
0.226209424031141 -0.187717679783732 0.014366727910209 -0.103805727010848
0.263054584329557 0.0851268529817148 0.0609918998342805 -0.0548490594803963
0.0556122353741305 0.279636733637215 0.149729743287816 -0.0823011629907799
-0.181837749948759 0.296715399574487 0.242973019815536 -0.141284168146673
-0.125555061700947 0.11063461331982 0.0560836976672463 -0.1203962165844
-0.0728772105507385 0.165798535589902 0.0218326391333121 -0.0694795071047188
0.108258562709305 0.135807985701375 0.0368586809381202 -0.0173377289602044
0.185761982602751 -0.035731174977351 0.0512777874624145 -0.0414136293664006
0.0853605021832829 -0.131390360049227 0.0187584980151821 -0.109078508574753
-0.0112736199015603 -0.120256043347083 -0.065702677503201 -0.116311312856995
-0.109987272971869 -0.0751980698592555 -0.143567776090985 -0.090608418799914
-0.163260616003403 -0.069518770734383 -0.195114108566845 -0.080309287506073
-0.147141532318337 -0.0862753513882281 -0.18383821572745 -0.125691356498471
-0.0980138702199796 -0.108644615643231 -0.12241742953295 -0.132589689408739
-0.0263204399150723 -0.161767656492877 -0.0812287530759217 -0.145007043178734
0.140229960263987 -0.159010426621749 -0.00662336318502436 -0.148093774558654
0.197325023520552 0.0285712496590688 0.0601596378246476 -0.106296738573466
0.0710126456977508 0.182579991177712 0.158977391609612 -0.145553484954538
-0.116037836795348 0.224091357033988 0.29424969035071 -0.232609581529309
-0.00775591918332654 -0.0764035501366511 -0.221069206809759 0.271178956413769
-0.0464030155746119 -0.0564859466777987 -0.105986764421958 0.219755952470997
-0.0942904357035455 0.0126443172614212 -0.0595415990662853 0.136343881196706
-0.0430588892583669 0.0911995149014283 -0.0241805957651584 0.1650683151986
0.0327273957292748 0.0690926484313458 0.0793711477485625 0.201707255401413
0.05189986225305 0.0296072058886091 0.182497512779164 0.163163520111246
0.0738893295343539 0.0130811392560825 0.24027759184046 0.104046995225543
0.0812512931881767 0.0329372668217346 0.240077640076335 0.0906299559527981
0.042814281476873 0.0599978445486412 0.189986850412634 0.140344836013842
-0.000148847641860635 0.0646564774350584 0.0847407035801058 0.152847451862096
-0.0451282384726812 0.0579391641380934 -0.00932380746583602 0.153811398064676
-0.0940561123245274 -0.00230371813432713 -0.0814963899335721 0.0902927421146499
-0.0378921513120997 -0.0854804672856488 -0.102707268259756 -0.00280402032935035
0.071525048598656 -0.0950117778650419 -0.0871026968697128 0.0152886728520775
0.122753187026744 -0.0820169246393284 -0.168443905364368 0.157418274528706
-0.05807202734569 0.0519118016647509 -0.221880319479088 0.26755383010572
0.00446348339343924 0.0637847075956219 -0.0988609239842938 0.203904506325753
0.0291470667503316 0.0232200559979686 -0.0766896568377529 0.144142193334444
0.0315461078296158 -0.00979162199584482 -0.0211726980494742 0.188855713696634
0.0116581738563534 -0.0251022696807904 0.10176801916337 0.205648767882934
-0.00965734488987559 -0.0309763273164213 0.206209665369091 0.160548453223561
-0.0164594840944566 -0.0205455288019908 0.252898989709538 0.101818509986032
-0.0126689458363759 -0.00572097570742362 0.241089854404811 0.0988016961820624
-0.0301436592495358 -0.0026782594390963 0.193479812367471 0.145941870557079
-0.0164522379451941 -0.0258865751731784 0.0839030286142608 0.16650075393968
0.00256075648203338 -0.021931619344149 -0.0243574407082707 0.167913258297678
0.01365167712759 -0.0250363127165017 -0.103556123971333 0.0968603379225877
0.0267530574864253 -0.0255490318845816 -0.11849552996531 0.0127972314574994
0.051017237138095 -0.0116385877143643 -0.0918140875017918 0.0237809211828726
0.0520567630736964 0.00845083636997048 -0.183656287306978 0.159714286552981
-0.0938097799936281 0.162437716642966 -0.19948740770783 0.214695155911371
0.0577505346264366 0.15985137409401 -0.090919951929073 0.145061005476507
0.143336017121833 0.0227459222975635 -0.10081122456253 0.121678584820921
0.0963720703147611 -0.109895209127321 -0.0399593964820221 0.187256102040323
-0.0142152033886249 -0.113396303207931 0.0914668110192515 0.194644935943924
-0.0720124423683231 -0.0830142452221847 0.1917021608084 0.148054065732382
-0.105863614379798 -0.0496979547359017 0.224647482953592 0.0895751392410908
-0.103438183819123 -0.0437483291939689 0.205415970479291 0.0912016526639434
-0.0975608193696637 -0.065038728549534 0.171944998470191 0.122170197552422
-0.0323618033013263 -0.114134336262505 0.0808712301836287 0.145031228606996
0.0499392500378844 -0.105131672004761 -0.0148453240505757 0.147878376345386
0.12634600649379 -0.0495343459548148 -0.0831527454645571 0.0986047747110867
0.0944713318174027 0.0460148269876981 -0.101515418263774 0.0495990572696013
0.0180450916654384 0.0881858431294292 -0.0786648954464959 0.0540623912148592
-0.0418395368926048 0.102221096411419 -0.159471054943679 0.152197876089989
-0.113877502832872 0.236252807155088 -0.167572412750975 0.135151370980424
0.0839386056990026 0.220208561937904 -0.0800079913681887 0.0706775791520566
0.22026388207038 0.0282535108132977 -0.115343360320164 0.0740917800044479
0.151777189130591 -0.177147253611006 -0.0659292809288293 0.151755497787818
-0.0230752029704491 -0.183431662417147 0.0525163210098216 0.159705852637445
-0.114391010332902 -0.127814950746618 0.140796544527217 0.122371259301113
-0.175976784690015 -0.0757659445962361 0.161776967095338 0.0692219925620675
-0.178642607596438 -0.0786089002745391 0.140909164539536 0.0640351385331997
-0.154613090740338 -0.113911439167001 0.125315121391955 0.0719932576158513
-0.0559336165205838 -0.18403037679897 0.0701087659984955 0.0930613512654593
0.0779750197795243 -0.184857274460232 0.00444352857332402 0.096176018838937
0.227540104148697 -0.0875083515543997 -0.0373614367908044 0.0791451490485681
0.170212669950377 0.112546832623397 -0.0534028597275192 0.0754132152266927
-0.00755231600219627 0.198084643417203 -0.0327849198305061 0.0769796498665306
-0.13545949239043 0.195464673647453 -0.0881662126034695 0.121897024772325
-0.124644595288307 0.260869624200942 -0.128841251788556 0.0478484035245576
0.0748546514632656 0.243059020050878 -0.0623953784597381 0.00339514979840281
0.247396579513866 0.0483237781955053 -0.105348195859926 0.0164255357448834
0.194939829510394 -0.195032912592026 -0.0797024465867489 0.0895859794377286
-0.00763315348591528 -0.223397817406875 0.00696301766588629 0.0990646027618913
-0.12427062403277 -0.159534684478099 0.0692103309169489 0.0792552668096542
-0.213305833990473 -0.0951559371746068 0.0778583346429732 0.0367872695088579
-0.227944156739071 -0.0999820795994831 0.0553465096857915 0.02697735598698
-0.194929729953109 -0.139122067312696 0.0564465984755028 0.0103609779992972
-0.0879147612368325 -0.216589919839753 0.0404802465944049 0.0240758518082797
0.0714292894763852 -0.242984922957159 0.0104190113678698 0.0225053293200791
0.287355410592415 -0.139429311939914 0.00677098064760544 0.0272838578170863
0.243326665930665 0.144932055670471 0.00568240629751389 0.0614188445952916
-0.00311996058920205 0.288447234070266 0.0382724423062172 0.058699337274909
-0.197027384248432 0.275409841348805 0.02200662383735 0.0590039952993438
-0.133092970523241 0.23951766331623 -0.0764173455847676 -0.0273132722406654
0.0275034924385302 0.238291080925756 -0.035724869120257 -0.0442373178465591
0.227197620688357 0.0876459487200427 -0.0701496693697149 -0.0281549413774671
0.225652814017954 -0.161473689659655 -0.0657889656529462 0.0231132251858504
0.0336190137263336 -0.226395098828146 -0.0210090423813974 0.0244006919930552
-0.0995833282868722 -0.174247723587815 0.00104675980696234 0.0191602275508588
-0.211761491797318 -0.10482244056439 -0.00990827964107518 -0.00418556828305816
-0.244001258307775 -0.107212370082495 -0.0386438411829384 -0.0146312311338817
-0.210931943875061 -0.139761296910258 -0.0277021962918115 -0.0509294264206966
-0.113016395003437 -0.208189551785484 -0.00876310039014869 -0.045934418430321
0.0378740689288154 -0.25793810207219 -0.00785521380802976 -0.0538913180975614
0.28437080190786 -0.182323424822913 0.025605303468235 -0.0422685370457548
0.283104917017379 0.130987530570223 0.0485067508320068 0.00875615099502937
0.0269005639215923 0.323338914548769 0.108068519299015 -0.00349468945442916
-0.211991349774315 0.318024489201327 0.143881712992675 -0.0370081838921177
-0.134400318651507 0.184807823102908 -0.0152227853095713 -0.0843662350754202
-0.0283743402515678 0.212651707600859 -0.00591560326731843 -0.0653807950996917
0.176445775769977 0.124508976718282 -0.0155252788842389 -0.0384567323374193
0.226435212625689 -0.100387130499207 -0.0150361554843404 -0.0242194706224687
0.070905708679731 -0.194383689326117 -0.0146636400646552 -0.051965138277301
-0.0564132330370801 -0.16224847090306 -0.0464979700614704 -0.0511709725881301
-0.17553323568177 -0.0975212272584806 -0.0882874485795107 -0.0483977389130415
-0.223801572001288 -0.0932125240685815 -0.128551839893239 -0.0506046302520113
-0.197515393962556 -0.117961189057472 -0.115044686038781 -0.0976156014032786
-0.121993036674069 -0.165835095740638 -0.0694655395538044 -0.0978929877261745
-0.00467679383217286 -0.227976825145772 -0.0459323568767602 -0.109712873083354
0.224064514635656 -0.195693965415595 0.0125737336997598 -0.105175063302667
0.26769482420671 0.0795724408977796 0.0610481490706819 -0.0558488767858735
0.0634511930497183 0.281460495766437 0.148718951456774 -0.0873874122868629
-0.176065408244417 0.304264692752737 0.241460825510981 -0.149920558882853
-0.124367989645133 0.115149083079247 0.0533696663841556 -0.122671560129521
-0.0697250747606286 0.170382590673951 0.0204014331915714 -0.0706504980529827
0.113618801848747 0.134673354221397 0.0372877391920274 -0.0178413867015257
0.187285396391929 -0.0419272936427713 0.0516328794799295 -0.0428806320595451
0.0827153972937768 -0.135151705150145 0.016957667045151 -0.111253589961647
-0.0145222867587259 -0.121894977121101 -0.0688735415330388 -0.116450436467083
-0.1128804004804 -0.0731333860213153 -0.146767916787072 -0.0878500381613161
-0.166841975738904 -0.0656660107480627 -0.199388955052992 -0.0762026437468545
-0.150856947736619 -0.0832298285878686 -0.189107698031349 -0.123175382072052
-0.102125387531814 -0.10739118015559 -0.126964260579475 -0.13182719569554
-0.0305305056854492 -0.162503305470828 -0.0848520690548432 -0.144580101123634
0.137040923464711 -0.164513389007741 -0.0103964014319159 -0.149184945837063
0.200269322366824 0.0240929940186918 0.0586999062172067 -0.108456338130014
0.0761127346112138 0.183120552415519 0.157271797685698 -0.151389399944579
-0.111823707158057 0.229751039827689 0.291132807344386 -0.243680383862662
-0.00970498466987429 -0.0766633520277524 -0.21597548123746 0.279648075713395
-0.0485129320474253 -0.0562471703622437 -0.100824364505732 0.224815532483329
-0.0953046226585217 0.015177037883971 -0.0564811289507091 0.138587015306589
-0.0407437845514317 0.093526379548881 -0.0209856772720935 0.166069806106597
0.0348774988273713 0.0696630610719105 0.0845819722341921 0.201669004827705
0.0528688329436516 0.0284092495669971 0.187520777514042 0.160264192158867
0.07485434429153 0.0110126853479218 0.243996589563215 0.0991773981031889
0.082624509868638 0.0309157431766626 0.243915220966202 0.0853725988480626
0.0449877284326906 0.0591728852771729 0.19573439767513 0.136444713136747
0.00136963180508331 0.0646603527264179 0.0891240993884149 0.152959509110222
-0.0434746860414592 0.059879810326114 -0.0056845742238166 0.155756656338282
-0.0941170796105791 0.000602894522193328 -0.0805475276471374 0.0927776566054945
-0.0409011994233286 -0.0852869991543723 -0.103798813368347 -5.99215587366881E-05
0.0697765851088799 -0.0983568872305352 -0.0883524721593051 0.0175913546389193
0.121812010755737 -0.0857387042237743 -0.165014637302153 0.162734866900077
-0.0571467348002151 0.05369054599872 -0.216190402341775 0.276457914725406
0.00668026888830902 0.0642396517849586 -0.093772513251546 0.208051628552762
0.0293951472053187 0.0222458231333793 -0.0734238941039285 0.147067651408865
0.0314192339174751 -0.0104380045521285 -0.0170018624875051 0.190667426537899
0.0112635420905791 -0.0249258593550509 0.107838918258092 0.20526718559511
-0.0105470175571704 -0.030902354186443 0.211703580631187 0.157323236320238
-0.0179414920131867 -0.0206446153697303 0.257737861439005 0.0962551685065712
-0.0128449481573581 -0.00545767778280575 0.24563964345534 0.0944826572900563
-0.029650578964684 -0.00271477829094436 0.198682015243556 0.142541708828303
-0.0167029881165696 -0.0262426982822938 0.0886225670044357 0.16659551280778
0.00295230624700495 -0.021519688661975 -0.020325513169935 0.170024300973948
0.0134254154995157 -0.0253070088733415 -0.1022074193956 0.100222169970921
0.0262780032962257 -0.0261101532029594 -0.120085298301894 0.0155722788955038
0.0510680358794676 -0.0130226660102606 -0.0927265681760943 0.0258983667987312
0.052591846939282 0.00665114538813077 -0.18113134682859 0.166484192319172
-0.0898099770120183 0.166682017462406 -0.195609156899113 0.222331065555224
0.0623226158320468 0.159221751273919 -0.087402369136985 0.149061723955473
0.144720523695772 0.0187484772571781 -0.0987205497092459 0.125128960922787
0.0944645073229119 -0.113882505705354 -0.0355026900058798 0.189198459109067
-0.0171199022333769 -0.114454762342918 0.0968243038638949 0.193881268735149
-0.0750718107318037 -0.0821752307697148 0.196626599898681 0.1445863554691
-0.108185731046566 -0.0481014453394647 0.228189212811356 0.0851021405083206
-0.104938595341492 -0.0420781226409821 0.209306815628394 0.0863461179314141
-0.099825969522223 -0.0640106275742773 0.175878376952218 0.119074070513279
-0.0352418661619791 -0.115106185025335 0.0852877182491513 0.144829593338377
0.0484126831599371 -0.107523847237113 -0.0119935795113089 0.150219345467593
0.126555274606352 -0.052746685175682 -0.0813571878416352 0.101989758230873
0.0965824266951363 0.044798160563609 -0.101085510768838 0.0528549414331164
0.0201522154250885 0.0888930611348452 -0.0781102160177164 0.0564402781969257
-0.0393052431348864 0.10388518504119 -0.15676280921197 0.157521746225851
-0.108706778482613 0.241537526072796 -0.16585438344546 0.140701972696761
0.0913944456546397 0.220263694346004 -0.0781792707744726 0.0737135249248812
0.223635835515749 0.0222659304717533 -0.114722165667775 0.0775850291294144
0.14889782223236 -0.182994782823638 -0.062958493096436 0.15453508595356
-0.02773415865047 -0.184348801765573 0.0569395916965162 0.159807235333447
-0.118647846241318 -0.126286819750893 0.14458988681195 0.12037800986667
-0.179396448584744 -0.0727633041796552 0.164853889986499 0.0653320511779995
-0.182148908771491 -0.0747241828108221 0.143541189421058 0.0611241671671681
-0.158199286063341 -0.111951744035935 0.127858836940823 0.0696605346849757
-0.0607576758579937 -0.184862071622956 0.0725020681029747 0.0918205401774934
0.0746783720254047 -0.188949040701339 0.00692224257108186 0.0972384285923832
0.227536555214192 -0.0937662652089373 -0.0360447860850441 0.0804851843811973
0.174481566312731 0.109580215271201 -0.0520801831832954 0.0778440219556384
-0.00251901091481773 0.200317213900956 -0.0317826147563028 0.0776991773912818
-0.130819771919943 0.200824493379078 -0.0856442071938415 0.125395941335074
-0.119058403205687 0.265557079561218 -0.128148305978096 0.0516649277243349
0.0810641267906612 0.243831416803299 -0.062579123276509 0.00502802114577045
0.250707716603412 0.0416774891039307 -0.105571283554448 0.0191640956565726
0.192260114850375 -0.202809844029807 -0.0785451160234163 0.092515869262243
-0.0132563441289441 -0.225089859086843 0.00936771658691203 0.099929154005943
-0.129300117623279 -0.158222217560362 0.0716014205224153 0.0777673867298095
-0.217468973043305 -0.0910147728597597 0.0795624565769867 0.0353067605828018
-0.232633381966932 -0.0947173266487354 0.0569678118916761 0.0256944056455491
-0.200297212141336 -0.136255805862433 0.057112862581939 0.00910223207059294
-0.0935105530812236 -0.217273306341995 0.0412961567133697 0.0229404316169551
0.0667356780113788 -0.247196860009548 0.0108176830128881 0.0225101319240602
0.286453908816495 -0.147539865827399 0.00746161063920866 0.0271951463734261
0.249296011960473 0.140723399709572 0.00779681025388321 0.0620217819680042
0.00328852586613127 0.291446528736449 0.039986271219697 0.0584441424685316
-0.191555329455395 0.282790825319043 0.0234342861696804 0.0587026942257497
-0.128257444706441 0.244495967469535 -0.0775988101220958 -0.025367431706503
0.0340422494980467 0.239723275329952 -0.0366660504709598 -0.043435973808929
0.232037163692682 0.0823399782191272 -0.0716933210829045 -0.0264782854503931
0.223543549044522 -0.168884965849722 -0.0657583629693119 0.0250267860121843
0.028204819415482 -0.230153575080505 -0.0208974460838223 0.0248275453314784
-0.104721856906624 -0.173792943925213 0.00116676650595229 0.0188069668830471
-0.217179608893196 -0.100614263661451 -0.0100704836175437 -0.00410054815509948
-0.248797859014046 -0.101781668485283 -0.0394112544170943 -0.0138995069000629
-0.216199867984688 -0.135674486961237 -0.0293401585137595 -0.0512349686546235
-0.11885798090468 -0.208044295966979 -0.009640010415475 -0.0463134116585924
0.0321776696843755 -0.261720192905801 -0.00929991890431637 -0.0539399084439568
0.28162442212417 -0.190993690531554 0.0248778355354214 -0.0429220592112626
0.288153314468876 0.125456443758246 0.0499514749589083 0.00855971825493973
0.0354905824863509 0.325968426161471 0.108695644449932 -0.00670908716162318
-0.20574045197427 0.325642139334669 0.143283019212487 -0.0416189730448324
-0.131314358791615 0.189329289827778 -0.0171790492208896 -0.0842803265832713
-0.0234685902761924 0.216486805688031 -0.00749571582260204 -0.0655717272570569
0.182037117956374 0.120876475921996 -0.0168709921908417 -0.037927053347851
0.226019345894863 -0.107733528121631 -0.0151970071091835 -0.0238003837022003
0.0668373846341504 -0.19852260476285 -0.0157624295887178 -0.0524562848024943
-0.0607357665138605 -0.162907190926537 -0.0480572172775815 -0.0513981596584991
-0.179231824618441 -0.094212616136621 -0.0902742686644916 -0.0464908105970412
-0.228312257584321 -0.0878882340217909 -0.131016267545986 -0.0479634817705414
-0.202053270483558 -0.114058201733221 -0.118603734779507 -0.0954299224423395
-0.126613784601694 -0.164195162425596 -0.0724851860220101 -0.0974085234642077
-0.0100212331787973 -0.229935398389895 -0.048629048746952 -0.109083927239355
0.220500974685663 -0.203134433121585 0.0104294552897257 -0.10589779422771
0.271911933538642 0.0734125276281866 0.0607455273411771 -0.0573830904079422
0.0709377822616304 0.282827487519789 0.147929067434616 -0.0921048701146009
-0.169649921132385 0.312536905236318 0.239293472292458 -0.158551515803382
-0.1230686287856 0.118900795008269 0.050940288223902 -0.125330312429543
-0.0658250541481001 0.174410912036043 0.0189407512326971 -0.0718774339115427
0.118347469324232 0.132369822432539 0.0374831200315995 -0.0185343178067943
0.187598013555111 -0.0475555822557324 0.0514975705493912 -0.044459800651946
0.0796214826359555 -0.139355309338278 0.0148680492729229 -0.11329934309482
-0.0172969378732392 -0.123144054737767 -0.0723676420825805 -0.116559521739729
-0.115765414771438 -0.0712122071328426 -0.149254840176121 -0.0850337981150244
-0.169887447177729 -0.0614165528062618 -0.202898625876103 -0.0718421603297259
-0.154599156207684 -0.0802064927623077 -0.193687576215588 -0.119468800107228
-0.105548573457143 -0.105816305226364 -0.130877683779165 -0.130209327262449
-0.0349658309540673 -0.163324613016996 -0.0887963892472905 -0.143149405990679
0.134607316967797 -0.169815324420135 -0.0141639105460282 -0.149836863972648
0.202128275377714 0.019196918677818 0.0570868237249034 -0.110452971510061
0.0813940259814398 0.183361598751732 0.154085703488459 -0.157294700678922
-0.107087666076777 0.234342371944083 0.286278303047292 -0.253983383536038
-0.0115256611148956 -0.0766513707177278 -0.209983420384968 0.287806030028947
-0.0502263164130887 -0.0561430802648805 -0.0940074733704357 0.229263172823599
-0.0961241944535994 0.0181844194096993 -0.0525498629865064 0.140178118468306
-0.0384323057661222 0.0953861916361344 -0.0171146151606803 0.167397953801586
0.0367248041454984 0.068654887613168 0.0894879953808278 0.201240945991774
0.0535061253527856 0.0269819209377953 0.192490983250281 0.1567913773304
0.0753031009768456 0.00959767204814597 0.247801341174845 0.0935672412781326
0.0842781437415888 0.028280843196342 0.247746277626683 0.0797697163673207
0.0472303872616627 0.0582444742707859 0.200246150336203 0.132646803996906
0.00303389364869955 0.0649599732222769 0.0925814906013656 0.152376909045278
-0.0421629363503402 0.0613843176093405 -0.00256560762604118 0.157267583381371
-0.0946040035676778 0.00339233123154097 -0.0793812383245331 0.0959090705434226
-0.0431297786779108 -0.0843651586506154 -0.105691329277463 0.00229299387814706
0.0674264164032272 -0.100357797776854 -0.0886479411924732 0.0200659673901023
0.120132671690038 -0.0895287982481416 -0.161973627126595 0.167975549900027
-0.055800057210867 0.0558831927316194 -0.21054945779063 0.283877184792498
0.00862958401992712 0.0636091697363501 -0.0882996801902731 0.212185176048591
0.0301785507758888 0.0217099131232069 -0.0699138205109735 0.149278104322397
0.0315836209757498 -0.0110608389948706 -0.01262416635691 0.191883638848319
0.010386069723484 -0.0259257239580563 0.11270333557837 0.203474282319968
-0.0118454485646748 -0.0310336809442047 0.216629556607559 0.152574823185139
-0.0185460010091916 -0.0207180929589783 0.261100778301614 0.0904250973124398
-0.0130518129601442 -0.0053824089929371 0.249763720122794 0.0893213545071111
-0.0299903268070568 -0.00214158286808113 0.203582450713971 0.138855437336924
-0.0175724360726425 -0.0260210491440097 0.0927511287177226 0.16652863306858
0.00278668577051346 -0.0221974489725642 -0.0166016976993054 0.171271192435574
0.0132538366311012 -0.0258305062297075 -0.100820250839986 0.103327707988195
0.0256686976264221 -0.0263533927893191 -0.12100532287119 0.018896301220447
0.0505911431959256 -0.0140217099728612 -0.0935551357958552 0.0280918839191215
0.0531123724141221 0.00569989284483276 -0.177732480298938 0.17250231304114
-0.085918150671177 0.170074275621735 -0.190257014464811 0.228974988331377
0.067057612389256 0.158704754039735 -0.0835212709140933 0.152234484026141
0.146387336015043 0.0149083356139243 -0.0958500361172632 0.128077574877611
0.0920105854355002 -0.11718414513554 -0.0317141030485854 0.191275867528865
-0.0202560432689677 -0.114578472940357 0.101485924355326 0.192815401103874
-0.0774993054216938 -0.0811987824455304 0.201802943201968 0.14062158104854
-0.110093995657379 -0.045775794035546 0.231739539317095 0.0803862965294125
-0.10696286662382 -0.0397876340854303 0.213071414111424 0.0814959130753619
-0.101851157323682 -0.0620076112341537 0.179953927306088 0.115491581956325
-0.0375759299520449 -0.115337873335088 0.0888400779757337 0.143933825577824
0.0466194763983946 -0.109452615714243 -0.0080118632675439 0.151985682316747
0.126440178609674 -0.0558138212877147 -0.0795117108623013 0.104311518139442
0.0979171637740359 0.0431991101109309 -0.100591831208557 0.0557145387822017
0.0221250305770554 0.0891123991445469 -0.0782959444493473 0.0582681450719223
-0.0367755045619729 0.105557367847329 -0.153983761516982 0.162547696444409
-0.102763479509105 0.245108917772411 -0.163081261397151 0.146696969030594
0.0976367696715285 0.219441828356996 -0.0765358791614099 0.0759852002601483
0.225463369164462 0.0163785834578037 -0.113609913774997 0.0803362809323028
0.144785742836086 -0.188806663246295 -0.0598814614449539 0.157202986883186
-0.0326154894484808 -0.185495560466331 0.0605408698616194 0.159648964930267
-0.122449284923269 -0.124411474851894 0.148242899785242 0.117553429856004
-0.182429402960838 -0.0691845343561949 0.167657214896144 0.061969245906581
-0.185329211093119 -0.0709736167748771 0.146528828999771 0.0580174163265531
-0.162240867892868 -0.109017180644359 0.13057001624893 0.0666254460187983
-0.0649814536227261 -0.185174901835742 0.0756790896556283 0.0910269413396635
0.07090474823782 -0.191669370338206 0.00909631749167976 0.0980107265021942
0.227503792339032 -0.100100615427301 -0.0342165658984296 0.0819546246762748
0.178301356480559 0.106661767517799 -0.0503279404900806 0.0801014886318727
0.00201985226436311 0.202198251944296 -0.0306585152462667 0.0788244585542456
-0.126787937431116 0.204699166489272 -0.0834808827954455 0.128035415104331
-0.11252541909205 0.270631545953755 -0.127585089294019 0.0556449507431002
0.0882383786191381 0.243587842389668 -0.0624475978950324 0.00661969391811065
0.253201313851435 0.0361296466914938 -0.106057275492797 0.0217070323720246
0.187983018558003 -0.209369400715069 -0.0768816672735691 0.0947170106841739
-0.0186530753342026 -0.226586094475946 0.0114390090064989 0.0998958924192764
-0.134242863988685 -0.156442186966288 0.0738880814688139 0.0762218058989924
-0.221763338621959 -0.0863391232263054 0.0808365332572296 0.0335539338299487
-0.236694300404785 -0.0900720158941379 0.0578031657554784 0.0243792523593626
-0.20479994951215 -0.132528848468276 0.0572220877908135 0.00748429313688651
-0.098975075925534 -0.216721855953442 0.0422530157804814 0.0218802399126779
0.0611128707430535 -0.250077946763594 0.0117020561865142 0.0227347281436248
0.284547659050717 -0.155443471500293 0.0089046550662105 0.0273720488695198
0.254298330711723 0.135660354714209 0.0101431282651925 0.0628090215115078
0.0105968503693083 0.29389035157474 0.0408773025013634 0.0573995762451901
-0.185505055874143 0.288764385041826 0.0246600805998191 0.0581759247147099
-0.12312466422838 0.249228165102059 -0.07870419255568 -0.0233839934364386
0.0401138568487575 0.241396923587063 -0.0379829489041981 -0.0427658641095695
0.235569337989201 0.0774550387006836 -0.0726385708522953 -0.0248677360373966
0.22093749022398 -0.175949280918543 -0.0653069604254807 0.026442113686704
0.0230299860053049 -0.232127328992502 -0.0205994038308608 0.0254919630031603
-0.109332427292973 -0.173068853737294 0.00181034587639924 0.01861575304488
-0.220314754713422 -0.0966312272791488 -0.0100476762573814 -0.00388698628415403
-0.253182426744824 -0.0956282409465004 -0.0397196081169596 -0.0134554019413062
-0.22071188463816 -0.131785575015212 -0.0314129189091042 -0.0511821196049543
-0.124449835630053 -0.206552785445131 -0.0106534329221777 -0.0467653864176496
0.0261375382803376 -0.26359614956922 -0.00971858237804594 -0.0538761171339472
0.278915527445842 -0.199220058522135 0.0242609014941229 -0.0439900688324606
0.292826929094757 0.11888045088664 0.0510293342216995 0.00856621092694925
0.0434455566022025 0.327385351166843 0.108800038948004 -0.00937748033373557
-0.198341167165148 0.333838197036199 0.142639366104253 -0.0463560304557725
-0.127974450698527 0.193691683650219 -0.019248380331475 -0.0843158849416022
-0.0181407925269832 0.219334370015378 -0.00927424010282956 -0.0657206222254311
0.186334204320758 0.117117841958895 -0.0177018288710505 -0.0375604003322212
0.224406593457059 -0.114788189742092 -0.0152067169990631 -0.0235251106939721
0.0621991932825242 -0.201563718608613 -0.0172341535179085 -0.0528561547196304
-0.0650874064160421 -0.16292748759955 -0.0498988060898088 -0.0507809122913922
-0.18213148934691 -0.0904135055305267 -0.0916235345269114 -0.0448194280801373
-0.231748156161666 -0.0823765551841311 -0.133063233999759 -0.044796386158245
-0.206455465522703 -0.109833005957169 -0.122501347563484 -0.0934595720142924
-0.131189347042234 -0.162702502696172 -0.0747966790692855 -0.0970467433026543
-0.0160558856741408 -0.231184916430532 -0.0507320017545926 -0.108333000354875
0.216819171806972 -0.210035730055471 0.00803532114566938 -0.106324117838874
0.27439149603929 0.0676059716828179 0.0603084308357424 -0.058497641622837
0.0786042119645644 0.283389299985433 0.145656200218037 -0.0963641020497352
-0.163340752120648 0.317688245597453 0.235349778316192 -0.165531069463758
-0.121153598548878 0.122181356252796 0.0483198359823543 -0.126986598708418
-0.0611487429600801 0.177950137143769 0.017586799491263 -0.0728379203581676
0.123042272728779 0.130077458732099 0.0372582030008825 -0.0196068119984523
0.187169740252949 -0.0538769303267406 0.0513598346100968 -0.0462078468880034
0.0765171842755029 -0.14272926812931 0.01250599854851 -0.114194492020376
-0.0207509839449581 -0.123876223198338 -0.0756451392695867 -0.115680162973288
-0.117050612862952 -0.0686456156024763 -0.152542552045185 -0.081733021907378
-0.172026250083704 -0.0568737437346334 -0.205389765936939 -0.0674814075648166
-0.157771659042182 -0.0767028429017208 -0.198300919663319 -0.115063777019484
-0.108294673624888 -0.104011229088375 -0.134268979877201 -0.128192832109051
-0.03915566105047 -0.163140286204578 -0.0923778870094202 -0.14160954648055
0.131043531882081 -0.174025151460241 -0.0175202651459154 -0.150135471382748
0.203386007695595 0.0142331454641372 0.0548933831273046 -0.111759949952963
0.0861375233346709 0.182600993998846 0.151098801638499 -0.162247308048263
-0.100977691379597 0.238275504893182 0.279980392161175 -0.263103882931091
-0.0124375546247101 -0.0758721255265186 -0.203264933807863 0.293780347773102
-0.0513471008754016 -0.0557151198743469 -0.0884370901349274 0.232259569479926
-0.0960361606992674 0.0204155045555809 -0.0495246811718071 0.141176377852467
-0.0367228896649475 0.0972119289850118 -0.0139066296044084 0.168161313671524
0.0383561496423105 0.0682364519979509 0.0944902747410795 0.199434409766187
0.0545647961406739 0.026130268067868 0.196325388718733 0.153204069115421
0.0753275637101062 0.00723224538857377 0.250718177031892 0.0882111966294278
0.0853957069511701 0.0256026051853321 0.250744201647509 0.0741349227762832
0.0489482680893181 0.057004139613568 0.204863103315635 0.128076475458059
0.00479759701587056 0.0651274892183822 0.0965233238203536 0.151663169816509
-0.0400841172626047 0.0625850779166952 0.0010490519440566 0.157826421602978
-0.0941383829064071 0.0059501937837565 -0.0780233285818535 0.0978594229537799
-0.0454267381910776 -0.0838222263584462 -0.106484445641343 0.00481005395481177
0.0652757864095155 -0.102411515377281 -0.0895053214934826 0.0218181337195639
0.118122868408585 -0.0927141111899399 -0.158391433341946 0.173090876661458
-0.0539851816290417 0.0574419409201285 -0.204777884006595 0.289898352703611
0.010209694463433 0.0638488275507105 -0.0829823231373744 0.215552366522739
0.0304171476591526 0.0203421093506631 -0.0661796863849256 0.151254907552278
0.0314773765153702 -0.0117207341469124 -0.00858468362914255 0.192593445670915
0.0098090603923979 -0.0254904830377995 0.117251658897396 0.200967913384594
-0.0129146488177189 -0.0308793515413877 0.220757489765449 0.148283698677934
-0.0192394367657574 -0.0203019690034172 0.263410424127412 0.08490352397582
-0.0129877374752942 -0.0058315619812122 0.252675996645494 0.0833640479553481
-0.029674151028795 -0.00220300409136167 0.207918419424845 0.134490807461704
-0.0179433832547037 -0.0259193828594539 0.097291422633288 0.165214898011408
0.00312545766594155 -0.0225659796924173 -0.013396946806785 0.17346938512234
0.013540884880078 -0.0257935757919286 -0.0993881392000472 0.106435874996977
0.0249372638264957 -0.0267912848596558 -0.121057744593537 0.0219982711174311
0.0501979312724332 -0.015437609494264 -0.0938552830212926 0.0307608149615587
0.0533401460498976 0.00415555900728414 -0.173850791694859 0.177016644692884
-0.0816450908227013 0.173083646370431 -0.185624673643372 0.234524685290874
0.0714971553210904 0.157228122719732 -0.079394711439411 0.155052512566915
0.146871465582903 0.0111335959052721 -0.0935433755715771 0.13034810221151
0.0892688328023644 -0.119789200036425 -0.027676377510242 0.192265027864596
-0.02323143860185 -0.114332721844394 0.105746864449489 0.190822676020681
-0.0801631120904621 -0.0800111371161378 0.205134951260627 0.135932474922078
-0.111960838959573 -0.0437625302264928 0.234672320904515 0.0748104520991056
-0.107842399522106 -0.0375471372779135 0.215764822365548 0.0768255343910262
-0.103370551832441 -0.0606467513788734 0.183266939914587 0.111172211818986
-0.0402596835413576 -0.1152497729792 0.0928483192117067 0.142695922001424
0.0449822817140811 -0.110845723458153 -0.00473630596545029 0.152794220086408
0.126028394816139 -0.0587183636431284 -0.0773935861676513 0.106724121656559
0.0994855677820198 0.0417487113291274 -0.100204902216291 0.0581903238035702
0.0240662898537006 0.0895697522375032 -0.0774174437298349 0.0604389674636038
-0.0343988697193572 0.106560680150267 -0.150779689674233 0.167123164501268
-0.0973256940252012 0.24897428714863 -0.159535094465252 0.151117555971112
0.103096592435431 0.217755629796348 -0.0746150051899153 0.0790703867827051
0.227118993232663 0.0108497876636143 -0.111475092255818 0.0831811516702551
0.141151888315262 -0.193077294057242 -0.0566129424814097 0.158725300717395
-0.0369958287423156 -0.18546070118055 0.0641527684065739 0.158804757453414
-0.125977613951311 -0.121974363237957 0.151187975007281 0.113921454644277
-0.184060285238955 -0.0656537714859602 0.169324148201752 0.0585407628280528
-0.18787551013484 -0.0668774770063801 0.148072689538379 0.0547405253625391
-0.165391848280061 -0.106551880167591 0.132398791322377 0.0640015759991735
-0.0695895378977911 -0.184523307769498 0.0776203276979088 0.0898521962060072
0.0675356305719167 -0.194771743890903 0.0113479499973232 0.0983728480078077
0.226509303585327 -0.105197297546581 -0.0320533463429984 0.0833558431002071
0.181497354021914 0.102721509061662 -0.0485764843092384 0.0819413774855898
0.00628092712236277 0.20344615851487 -0.029515508036113 0.0798919874291215
-0.122335241768786 0.20898225072716 -0.0807952241299883 0.130451660283958
-0.106900598553415 0.274309077528974 -0.126789727294271 0.0591568057256287
0.0945120664574168 0.242598448755347 -0.0622548117810531 0.00833220736424061
0.255621114780466 0.0300294311149683 -0.105854192271896 0.0242686028512377
0.183952548616284 -0.214833455258108 -0.0747550900656483 0.0971423788998678
-0.0243541217221036 -0.227678456347666 0.0134072607563386 0.0996614055560019
-0.138095383163686 -0.154973541512674 0.0760966274554457 0.074510270191612
-0.224465718840238 -0.0818395527942625 0.0819617184001881 0.0322663634242706
-0.239814278128735 -0.0843204631214142 0.0587912856179356 0.0230904424837221
-0.209301732295291 -0.128771593225386 0.0572478138019276 0.00589196041372964
-0.104262743665636 -0.215857240729616 0.043194943174858 0.020981092448956
0.0556955294693228 -0.253134213119945 0.0123991058039494 0.022836466091485
0.2816710061721 -0.162923041799119 0.00959648868386035 0.0277800212019825
0.258361231254301 0.130243785959945 0.011770740445688 0.0636503313786016
0.0174610486016755 0.295339758811829 0.0420593298369459 0.0563871315457478
-0.17930006972294 0.294339024099742 0.0254167523492693 0.0571893013276962
-0.118038232569268 0.253173253556534 -0.0791322831128916 -0.0215991719067938
0.0464920555693866 0.241745399035074 -0.0389215580547869 -0.0420806414144358
0.238847334936904 0.0720226318642126 -0.073467689608268 -0.0231140263286737
0.217904962956677 -0.182709212096518 -0.0644150952543877 0.0281640294496016
0.0174678210912363 -0.234259787114736 -0.0204026462016404 0.0255580578762882
-0.113954497654883 -0.171539798192374 0.00240852602159372 0.0182078532632047
-0.222927492373356 -0.0919505611856436 -0.00991521185610835 -0.00368227639140541
-0.256342871832509 -0.0894562991735183 -0.0401545690791612 -0.0124232992237744
-0.224840513608444 -0.12779313397254 -0.0327160355374139 -0.0504027298976339
-0.129227416853636 -0.205020210466295 -0.0114688487367357 -0.0469530796640201
0.020324452369612 -0.265902366667588 -0.0109671550908944 -0.0534176393573818
0.275325187427715 -0.206471183484078 0.0233476737828176 -0.0443429880523476
0.29701327570986 0.112213294695897 0.0517342567593337 0.0076447195326629
0.0510043773283195 0.328369438982116 0.108734674806403 -0.0122882006833525
-0.191177192558999 0.339739201056264 0.141292030292102 -0.050200511630941
-0.124294597174003 0.197310304465213 -0.0213263675045525 -0.0840749512869443
-0.0130094043374427 0.221386602351565 -0.010780511080374 -0.0656870127657274
0.190133483384609 0.11294438443943 -0.0186234997449098 -0.0370072700060032
0.22256705918896 -0.121179648316285 -0.015845845206243 -0.023562236831198
0.0577890111139304 -0.20439742768742 -0.0187115149569093 -0.0530840150140721
-0.0690509523519802 -0.16254687903512 -0.0513331484106974 -0.0498600317527051
-0.18495189402771 -0.0869645137869161 -0.0930080614437574 -0.0429977671665974
-0.234956072728203 -0.076665338319469 -0.13484493806334 -0.0421312746380593
-0.210119859699142 -0.105708963378824 -0.125521183803873 -0.0907945721944498
-0.13526595158163 -0.160342410454635 -0.0767232047967159 -0.0961071767133096
-0.0213350917572956 -0.231349062405817 -0.0529926285866164 -0.107439040809346
0.21228685046609 -0.215743949799018 0.00588876252721587 -0.10692036983736
0.277158609557265 0.0611502120512608 0.05952169350096 -0.0592416446311704
0.0850119246269584 0.282604023983899 0.143515266726783 -0.100325632428734
-0.155672384061679 0.322922952573091 0.231434545399141 -0.172652101360247
-0.119046750680803 0.12558577681695 0.045716709780246 -0.128935120145319
-0.0572462420620298 0.180867882265292 0.0158862839962189 -0.0733894467158935
0.126818750911221 0.126990990220071 0.0372867594229913 -0.019944433176897
0.186351708532693 -0.0591690770873672 0.0510087826848841 -0.0475877044140261
0.0732677717493742 -0.144999176267514 0.0105369938068456 -0.115345682346784
-0.0234601659263097 -0.123963502770412 -0.0784648045040881 -0.11481164083975
-0.118851640446316 -0.0660269226251119 -0.154753393101338 -0.0794110934049462
-0.174710154937048 -0.0523535176631087 -0.207751165718693 -0.0628076060789807
-0.16045698005285 -0.0729942721662146 -0.202319673161164 -0.111538030991835
-0.111052426603578 -0.101909840792973 -0.137395781064974 -0.126210606261447
-0.0432203058069052 -0.162477568027348 -0.0943471611407332 -0.139988718448327
0.126970974547376 -0.177794180317788 -0.0208955017388482 -0.14974013637294
0.204221134021688 0.00990680974692879 0.0530238026693301 -0.112691400473197
0.0906503514229669 0.181524877629717 0.147244986490843 -0.166463423341299
-0.0963138954204773 0.241589069373191 0.273825218389321 -0.27154739278678
-0.0140128484746143 -0.0758612350354657 -0.1964412992709 0.299117317941949
-0.0531508113903298 -0.0554086726843441 -0.0826911968006989 0.234439908924387
-0.0960845107300439 0.0228068415071397 -0.046572858434374 0.141688043948942
-0.0341792415937275 0.0984585485599734 -0.0107344935290836 0.168677866946508
0.0402440637594932 0.0674445546909515 0.0982970636300439 0.198018351796328
0.0549300105947956 0.0249946406594768 0.200236267751967 0.149217691923537
0.075679048234467 0.00558051440067287 0.252645137124337 0.0832572696697197
0.0861653124638802 0.0228327616371363 0.252263012576744 0.0695141945032947
0.0506295231510698 0.0556057547413882 0.20789121596583 0.12439014575221
0.0061541110755415 0.0656441749479121 0.0996577164599649 0.150139839654341
-0.0385958067485293 0.0637196839176942 0.00435597109458949 0.158467185821642
-0.0943998846379215 0.00888291724886163 -0.0760529623901933 0.0997661558020025
-0.0472794076463044 -0.0826734205030385 -0.10779328972974 0.00694791296293511
0.062698137535568 -0.104636660315735 -0.0896661786434287 0.0245118740982042
0.116410997729207 -0.0957758849088488 -0.154290196457448 0.177067958600475
-0.0528493862274618 0.0593686059572217 -0.197517370863823 0.295584092175227
0.0117440411441405 0.0626257277740804 -0.0778685694174277 0.217729212556069
0.0303960615175961 0.0200712717177195 -0.0633793377534272 0.15288844833499
0.0310163116602699 -0.0128466402007972 -0.00548590462166155 0.192412707946706
0.00948557246853395 -0.0258998100820379 0.121575794035679 0.19936539851434
-0.0136756129956935 -0.0307222942923038 0.224068654754229 0.143538627679117
-0.0201295384530078 -0.020697849165422 0.266000910787988 0.0791331020727349
-0.0125388803459716 -0.00592409418833172 0.254868600722365 0.0783584353924565
-0.0296885345710369 -0.00174471635506157 0.211008446682422 0.130121304487509
-0.0185419080333667 -0.0256244721640576 0.100465908614897 0.164157276434662
0.00305799981865366 -0.0219360642928197 -0.00927592330643135 0.174074714853769
0.0135730013870317 -0.0252099537815469 -0.0974454056762539 0.108837595981507
0.0243599923796178 -0.0272240821776035 -0.121719071155083 0.0241507447990756
0.049982498772109 -0.0163136844756438 -0.093984599549184 0.032637757788469
0.0534434691886444 0.00252963276964906 -0.169840325519327 0.181375993705299
-0.0776865316650936 0.175433282518691 -0.180857873216745 0.23915805538199
0.0755725972673348 0.156024383762258 -0.0755011696833843 0.157292744637658
0.14723747862177 0.00780614475531368 -0.0907252745387229 0.132305199007116
0.0864696525735471 -0.121913920163008 -0.023469186027979 0.193141221453321
-0.0258676627424199 -0.113871290756072 0.109708045125946 0.189163408933514
-0.0821633723293455 -0.0783712333693329 0.208570653738143 0.132479414193714
-0.112993815931883 -0.0419354346029213 0.236498441966296 0.0698400832607552
-0.109210482051318 -0.0357613748027334 0.218343757468236 0.0725760478316388
-0.104437799835998 -0.0591906697894201 0.185770715162139 0.107408376098601
-0.0424439767528133 -0.115199433967243 0.0959961867627172 0.141016010759738
0.0429904571196056 -0.111970211710344 -0.00115930791802223 0.153758656748739
0.125676171410253 -0.0612415307952835 -0.075570845901066 0.109015236791257
0.100310813842937 0.039942004869504 -0.0990588239002744 0.060756272609777
0.0258584863417138 0.0894549253707579 -0.0769411845643892 0.0617387751594236
-0.0325140619998714 0.107319820503398 -0.146828197310948 0.170964160579615
-0.0917876813556803 0.251653407594988 -0.156514895600263 0.155108869716312
0.10876901349833 0.215957461308038 -0.0729585418233862 0.0806241175875789
0.227029567300462 0.005485385492518 -0.110306149715424 0.0857725534425212
0.137030378152274 -0.197107075252442 -0.0536183645616817 0.160183776580308
-0.0412839076014954 -0.184987025866876 0.0669421990003703 0.157049052556826
-0.129242514352189 -0.120074497675877 0.154207651525145 0.110662795352962
-0.186887699866832 -0.0621300551320513 0.170969218354973 0.0552765141391875
-0.189407973335191 -0.0628862449339948 0.149840514306403 0.0516821582257411
-0.167843355858086 -0.103582499938616 0.133589733655226 0.0615796120423499
-0.0733215305327909 -0.184124055331132 0.0802396772827288 0.0881580710648089
0.0640045128343619 -0.196487638677691 0.0136169476100202 0.0988847576838181
0.225044515228683 -0.110598650199918 -0.0303965206665116 0.0846479889386041
0.1840217331207 0.0998207742894066 -0.0463787111830673 0.0834868043628861
0.0105181800261145 0.204401240836649 -0.0279075234118408 0.080287920881399
-0.118009168205946 0.211602540308779 -0.0784893742896879 0.132316379756802
-0.101245862848849 0.27753247215284 -0.125005202090411 0.0621536320039913
0.100033547547244 0.241610219154361 -0.0615361011440979 0.00982489138429056
0.257033099165687 0.0240577152598047 -0.105713172109406 0.026604976801369
0.179324375156996 -0.220022488838979 -0.0731663287538418 0.098737512771427
-0.0285959838250992 -0.22790096652715 0.0152333614490916 0.0996617065061785
-0.141950598823009 -0.152322937381407 0.0773626810137363 0.0730627472748186
-0.226810392783479 -0.0777637566885919 0.0829113429017564 0.0306446450627954
-0.241732703627956 -0.0796565674144431 0.0596024086404119 0.0214278590343349
-0.212246646798662 -0.124897769260871 0.0575976383942857 0.00455480739148439
-0.108346140997041 -0.214407096901552 0.0437410768217223 0.0195637191470282
0.0507986069542659 -0.254096974147968 0.0131197305364899 0.0225860451994871
0.279596418619333 -0.168829967493408 0.0104466388489565 0.0272588740785776
0.260771752569782 0.125688503694716 0.0143200007363006 0.0633461565761635
0.0238071998753392 0.29590898033929 0.0429803623665342 0.0554756662069992
-0.172661157679862 0.298640576382107 0.0264241239398897 0.0567379317583955
-0.112947049865693 0.256270148674103 -0.0793894335629479 -0.0194833086643663
0.0515459305734292 0.242408140053126 -0.0394511536689342 -0.0414024861980687
0.241245540575435 0.0665414655208156 -0.0741491863424378 -0.021965653901145
0.213986204928802 -0.188220986183453 -0.0643700427649034 0.0297534522614648
0.012358641838997 -0.235679411224107 -0.0199366227090807 0.0260567425564124
-0.117792412325701 -0.170127652554578 0.00264087635046631 0.0182083416545787
-0.225208035310366 -0.0875547014179374 -0.0100136477059951 -0.00337620717958056
-0.258936657378352 -0.0836479747225271 -0.0406179303029334 -0.0121690380896279
-0.228544733201485 -0.123065921314535 -0.0343643679644593 -0.0500109226870926
-0.133569969458744 -0.203013803222328 -0.0123914879515916 -0.0469893130879375
0.0149621852752295 -0.266607418384964 -0.0118025225127852 -0.0529169627217385
0.271067948967004 -0.212992925443145 0.0234715977569212 -0.0449025162533555
0.299600844280637 0.106418325594021 0.0528495655866065 0.00702392133869857
0.0584444533951573 0.32839226137962 0.108175947661413 -0.0145848086776725
-0.183285130721871 0.34326213385142 0.139204153660034 -0.0538198175696686
-0.120427085847195 0.199789726079893 -0.0226504221960126 -0.0832828890230281
-0.00784609489613983 0.222666589368877 -0.0117936650586592 -0.0655696935191345
0.193183775712568 0.109013051545781 -0.0193118651714176 -0.0368088088777879
0.220583841783059 -0.127309134732171 -0.0158199953769617 -0.0229283513184145
0.0532196859156957 -0.206362529364669 -0.0195437959671776 -0.0527183855421101
-0.0724921233231098 -0.16210695010338 -0.0521494299870357 -0.0493783354096109
-0.186819592107311 -0.0833240274715288 -0.0938869443132511 -0.0412650990146132
-0.23707804604497 -0.0712106093987431 -0.135800470585545 -0.0394510222409819
-0.212822862705215 -0.10084495981938 -0.127941037233519 -0.0882876156696019
-0.138443434909811 -0.158174284651676 -0.0785153820778732 -0.0951681393466499
-0.0263906526752083 -0.23109074605984 -0.0544621047334521 -0.106365850114059
0.208039332470696 -0.220952110439095 0.0040071576853771 -0.106630310661889
0.278552462916304 0.0550461675796709 0.0594626784466041 -0.0599974695165173
0.0909843079977872 0.281575158987902 0.141351057665545 -0.103830818457438
-0.149176011985471 0.326640408317179 0.226619156507094 -0.178547553465052
-0.117000062922076 0.128804503526051 0.0431116257849321 -0.129578265390503
-0.0530744907759986 0.183094969463504 0.0144391297222441 -0.0736296705157441
0.130667866409727 0.124186092514094 0.0372887129116317 -0.0203917954349057
0.185799901870083 -0.0644351704633385 0.0508575466848916 -0.0487297596065168
0.0697964194649258 -0.147175017381261 0.00762405167920222 -0.115896688572392
-0.0263559595735486 -0.124314126271065 -0.0806730069391552 -0.113503814164121
-0.12074609203184 -0.063620887815364 -0.155761718349719 -0.0756914556748991
-0.175676727098873 -0.0482017432496665 -0.209362571241651 -0.0582509733521492
-0.162196898086686 -0.069232141472862 -0.205434584549181 -0.107306022485274
-0.113131234877439 -0.100293043979493 -0.140004062240748 -0.124143685987064
-0.0465942229202844 -0.161731007412406 -0.0971810528519797 -0.138055764666471
0.122682783791537 -0.180742490733687 -0.0236354253755981 -0.148893351293697
0.204733711930972 0.00505180328315824 0.0508473255216768 -0.113408187065878
0.0944231975683146 0.180061211271755 0.143140237911553 -0.169990341646034
-0.0908634137152444 0.244452430146888 0.267082331969396 -0.278584861772287
-0.0149637830858063 -0.0750705307987389 -0.189403032467817 0.303523083529932
-0.0544823756973696 -0.0550112753931432 -0.0764382918394862 0.236267197889441
-0.0959402106305474 0.0247624471973285 -0.0435492636663365 0.142489369669735
-0.0322719553900214 0.0998656449188785 -0.00785909172263647 0.167695727728233
0.0415824087795975 0.0669032352706381 0.100903058254753 0.195916436398425
0.0552561453052749 0.0239371785019563 0.202499995333619 0.145676532214962
0.0756486524373172 0.00367148637255709 0.25371289626076 0.0781193844008011
0.0864746596827995 0.0207100092111852 0.253645395241649 0.0639398776865249
0.0517542536335783 0.0549994726670048 0.210972335335446 0.120380428861957
0.00786510118283539 0.0653489403983473 0.103167069997191 0.149018623034409
-0.0372575899579121 0.0646100073563722 0.00693135294776044 0.15923168187047
-0.0937595017583417 0.010443216572653 -0.0741578308971998 0.101849845184822
-0.0486551884009962 -0.0813015864562157 -0.108536715688611 0.00901890342454579
0.0611830058131531 -0.105938046754486 -0.0899602141529606 0.0264829186955444
0.113602257206156 -0.0981690466437854 -0.150427944987841 0.180703409616219
-0.0512174556493801 0.0606658775737204 -0.191250066223324 0.299632636414526
0.0133513365603239 0.0623241299325301 -0.0722988234684484 0.220013160823157
0.0308349510928371 0.0189544363313033 -0.060410034413205 0.153712998862351
0.0306823618724732 -0.0124608484824061 -0.00177601858763206 0.192410924699476
0.00918645784621288 -0.0262453659383835 0.124677142013391 0.196850717835853
-0.014392790498638 -0.0300969807400867 0.22615809952082 0.139222239531942
-0.0208228434317061 -0.020664779483889 0.266805068773592 0.0735128202762996
-0.0129670826590526 -0.00604965786147205 0.256945714284072 0.0731180866976513
-0.0292122848677665 -0.00145659190232095 0.214040166419894 0.125923061200344
-0.0182708502390371 -0.0257888347454299 0.103704729965102 0.162758967896914
0.00317378885182974 -0.0223109908792959 -0.00592827389300758 0.174793181370909
0.0132449747537441 -0.0255848288426138 -0.0956707769903983 0.110717125721933
0.0237228464970756 -0.0270983568226729 -0.12123727139941 0.026663098118363
0.0493401234325398 -0.0169677900940185 -0.0933765705548839 0.0343534067456674
0.0530274117683471 0.00151569396387125 -0.166327530415315 0.185013578725109
-0.0739704857891778 0.177203209247882 -0.175280769248438 0.243106510869455
0.0788590251226893 0.154520174963125 -0.0717838690392689 0.15910937637075
0.14700914874186 0.0047909244584478 -0.0880373806608902 0.13387524469167
0.0841175222240906 -0.123916159193071 -0.0201968899110934 0.193429861503824
-0.0278947457987577 -0.113822208838184 0.113073029318147 0.18700574777204
-0.0838340111466304 -0.0769862035339565 0.210550553178203 0.127695327787118
-0.114461356540044 -0.0398930929433195 0.237871947757393 0.0652644729360104
-0.109639852617214 -0.0340069239941393 0.219732895162976 0.0685629269010066
-0.105766843625115 -0.0574687483964256 0.188191579173638 0.104318556539814
-0.0443899704195361 -0.114778200050264 0.0983031663419715 0.139764069434266
0.0418060306828386 -0.113196773681963 0.00200233519508253 0.154013644773884
0.124957654572018 -0.0636458032197635 -0.0736853965906951 0.110881577057772
0.101080175650312 0.0386164483753002 -0.0979791568242516 0.0630705228960442
0.0272723687464885 0.0894587671806381 -0.0766618629023957 0.063405487041702
-0.0302962272988823 0.107679564727527 -0.143700795238409 0.173895869277548
-0.0871204104635109 0.253874174994711 -0.15338401572091 0.158525707382848
0.113335174044585 0.213887863442901 -0.0703618221251687 0.082038006286943
0.227297817305587 0.000815062794214576 -0.108495923069313 0.0876840198495219
0.132854184852599 -0.20043525549725 -0.0503021960983259 0.161218015961529
-0.0449702644138348 -0.185005971028326 0.0694511575145973 0.15602632624226
-0.13179430668481 -0.118053639841134 0.156118030789874 0.107759584701152
-0.188206244946555 -0.0586199780453871 0.172516631371228 0.0519007932286681
-0.191022182285361 -0.0594908558661211 0.151347648590266 0.0485181893960471
-0.170112026064033 -0.100999132322264 0.134942571141048 0.0585804994624584
-0.0765297160042878 -0.183436915932245 0.0819630296153748 0.0869697115306788
0.0604530815337356 -0.198190956169182 0.0157538467792741 0.0989916727348752
0.223067353501218 -0.114919365299896 -0.0285812600615828 0.0850922723988548
0.185685746268847 0.0968192541794057 -0.0448959983715378 0.0845647803062222
0.0144668753927534 0.204933395257056 -0.0271943520423271 0.0811328881228952
-0.113480668420556 0.213665461854435 -0.0762058997955978 0.133676410302703
-0.0955124973745692 0.279081724004827 -0.123888451894439 0.0648817132701039
0.105050992169486 0.240170480916948 -0.0611264676479708 0.0107602038523454
0.257564689113432 0.0185058616350796 -0.105035809719401 0.0285343107819697
0.175078777679358 -0.224314717681461 -0.0712214548583504 0.100273313209588
-0.0336461223206472 -0.227378728537693 0.0166037921678655 0.0992904246184514
-0.145057468589024 -0.150149545827116 0.0789968968804598 0.0716746489947178
-0.228155568967843 -0.0739912490912673 0.0838522478505939 0.0290627859737673
-0.243796947129131 -0.074297031350192 0.0598175675679388 0.0198162201488656
-0.214470308779399 -0.121612266836295 0.0570223889198002 0.00348823275589191
-0.112067941368097 -0.212983206142746 0.0441661268341474 0.0188939520267678
0.0458557760236515 -0.255484078576957 0.0142146732563904 0.0226360716247996
0.276251854483194 -0.174676873036523 0.0114149257128986 0.0270672799006045
0.2637947382456 0.121032661304583 0.0155900992088199 0.0638537769107765
0.0294660477867983 0.296026054415471 0.0430119004247538 0.0546588856045614
-0.167183686135421 0.301997725152349 0.0269304079094529 0.0560284158521565
-0.108360251131718 0.257732718247614 -0.0796160319144369 -0.0178557521083396
0.0563911375235055 0.241551448723352 -0.0400378653366452 -0.0407487312801534
0.242603010917065 0.0621186201979846 -0.0747512105383041 -0.0200292962222632
0.210508560884245 -0.193404350071878 -0.0631592752882281 0.031074497563127
0.00786130949599288 -0.236742443778105 -0.0197283947804082 0.026331975759761
-0.121168576578774 -0.168323170849769 0.00256783149382592 0.0175308694719991
-0.227223674961416 -0.083515957688669 -0.0103983944768733 -0.00310086847886687
-0.26070603396512 -0.0781712923559139 -0.0408802532130837 -0.011424524038881
-0.230719258327938 -0.118871918539203 -0.0356639622785403 -0.049408072248605
-0.13731526975456 -0.201056515825842 -0.0130304862490226 -0.0472173027101037
0.0101811269445928 -0.267133342209213 -0.0123278214456271 -0.0529405460677253
0.267599747957928 -0.218996346636275 0.0224033251020508 -0.0453250725036939
0.301129500606992 0.101142573114845 0.0538091076297698 0.00688801786304518
0.064969865019746 0.327906641520023 0.106892568447628 -0.0173639164032457
-0.176650950571606 0.347404302908721 0.137812596967423 -0.0571805348259989
-0.116665919050727 0.202352121910759 -0.024067054254521 -0.0828382334009549
-0.00288011322189181 0.223270796941143 -0.0127802408403424 -0.0652791816617014
0.196102992936754 0.104808194597794 -0.0200989062365137 -0.0361133390495866
0.217895923047404 -0.132561187819887 -0.0155242333133862 -0.0227091524614987
0.0491574217528615 -0.208031604006753 -0.0207144950799359 -0.0527328567052809
-0.0756827150349075 -0.161023018884324 -0.0534525244311034 -0.0488396987261026
-0.187863644324976 -0.0797352941018218 -0.0943388314116051 -0.0393884555044013
-0.238145157975115 -0.0658211398299417 -0.136418682638393 -0.0370059886697012
-0.215443994340998 -0.0969350446447465 -0.130114278925646 -0.0860305345150031
-0.141714546367759 -0.155701178421841 -0.0806132093041022 -0.0942106021026691
-0.0311023248311338 -0.230274933383292 -0.0560420150867387 -0.104720679041125
0.203420962435294 -0.225181023753943 0.00216310052198842 -0.106643004988398
0.279750867011037 0.0498186573869772 0.0585791887202495 -0.0605433785792205
0.0969533501632403 0.280775154911149 0.13868642859273 -0.106977678223554
-0.14223680827266 0.32950338872076 0.222349680081272 -0.183574153865635
-0.114844821791503 0.130433185850241 0.0405556212475793 -0.130817974135734
-0.0494213258414342 0.183943393108378 0.0127311465945954 -0.0735879896178998
0.133525576607468 0.121285592228248 0.0373233544846367 -0.021145617767849
0.184048214323389 -0.0687274826698418 0.0505204703144344 -0.0496707059992509
0.0664347155793368 -0.149216333600507 0.0057899510090034 -0.116501328051534
-0.0287936897030178 -0.123825404320182 -0.0827893727573523 -0.112112981620835
-0.121544193487272 -0.0615040153163829 -0.15702587311946 -0.0729576553997014
-0.17659748896706 -0.0440546480082676 -0.210291977444033 -0.0541872845794712
-0.163788432958471 -0.066000701707555 -0.207838523902628 -0.103572889325699
-0.114637036479351 -0.0983439086608461 -0.142433262540109 -0.121843432209268
-0.0499525280544365 -0.160846220629069 -0.0991391559053223 -0.13565482867398
0.119727830760361 -0.183656111566041 -0.0263052969571121 -0.148345469680102
0.204517788795331 0.00115487988822103 0.0496211195150582 -0.113814016266787
0.0979241980056597 0.178629803803868 0.139400407824325 -0.172584680169802
-0.0862149022146383 0.245616541131344 0.259978278095197 -0.284556050723911
-0.0154758986308241 -0.0749173951325768 -0.184346224247059 0.30718344136234
-0.0547883272510665 -0.0544261713158076 -0.0715916414766261 0.237924393942452
-0.0959256914424756 0.0267480857030952 -0.0408315083081365 0.142432995261644
-0.0301624643873959 0.100835566999157 -0.00583695938880936 0.167648296346456
0.0424354518171088 0.0664466828652486 0.104692018603702 0.194474964933941
0.0553994957087569 0.0229809676046492 0.204482713103189 0.142144691999987
0.0751714191656411 0.00212311124403603 0.254494552924195 0.0735817950594368
0.0870775302922843 0.0183833725155785 0.254792205164448 0.0601530350473133
0.0533150985807472 0.0535065859620778 0.212826525214275 0.116804487782314
0.00888587380966042 0.0652096340189552 0.105131182631589 0.147744346310438
-0.0354314628297131 0.0655204365916688 0.00996250877038419 0.158788679040519
-0.0934108047154506 0.0126715012496786 -0.073120150760098 0.103192994294382
-0.0502011245047737 -0.0804058532620939 -0.108882315931419 0.0103667212047385
0.0590737476362093 -0.10708442317974 -0.0895399968803843 0.0279831961195766
0.112228340785786 -0.100595273895889 -0.147302419831662 0.183654944281555
-0.0497168406646257 0.0613637025699359 -0.185587688493 0.302721664210272
0.014553112568321 0.0615761103675573 -0.067918775142483 0.220718342691022
0.0304369761164495 0.019176178896882 -0.0570831611688955 0.153857767493669
0.03103953211527 -0.012555452998785 0.00128458188024695 0.192340376409584
0.00863581021865639 -0.0267621876101695 0.127307824118901 0.194909746511198
-0.0155286042694781 -0.0303881131503508 0.228622493011898 0.135187948504946
-0.0212720689459696 -0.0208768083928992 0.268097560991289 0.0694531449040454
-0.0129881508015729 -0.00694309206349165 0.25845217467112 0.0683079502761755
-0.0291634543653601 -0.0011754013533839 0.215638248287856 0.122810574997685
-0.018426162549693 -0.0255912102677937 0.106101587298719 0.161502580988717
0.00324666677549195 -0.0224696777492874 -0.00242639628116789 0.175501754195852
0.0131723853909093 -0.0250878341235403 -0.093833270095592 0.112835790548607
0.0235410029423763 -0.0268959099339776 -0.121415381679066 0.028501189747146
0.0492333980799999 -0.0178836946927682 -0.093604270162132 0.0358474554515683
0.0531315750502641 -0.000212731989939631 -0.163055119797487 0.187767081437537
-0.0703883356280726 0.178821785881982 -0.170793751292943 0.24647954544734
0.0815697470225069 0.152687982438966 -0.0688948561102867 0.160066635188668
0.146697714076162 0.0019744198437453 -0.0858611181231331 0.13529743653962
0.0819805608659245 -0.12535817925299 -0.0172481475176993 0.193300847448912
-0.0300488748037757 -0.113130172975291 0.115204479969789 0.185234695707711
-0.0854781781063322 -0.0755413886945568 0.212682810276803 0.124223126876541
-0.115370835906095 -0.0384749991404726 0.238458243655974 0.0619176055396041
-0.110328573492803 -0.0323150256261794 0.221040365384583 0.0643443485413033
-0.106605844534601 -0.05573454788612 0.190818904508347 0.10059878768282
-0.0461643138483482 -0.114682596466525 0.100693493710367 0.138445374550188
0.0403331692833253 -0.113722666208334 0.00413066732316945 0.154206358265353
0.124716240772117 -0.0658212154059973 -0.0718263795481518 0.11231511671675
0.101480108785191 0.0370414562403316 -0.0970208349789885 0.0647253352735055
0.0290472600968777 0.0891746693844243 -0.0759372435756096 0.064562048651462
-0.0284086800581133 0.107633570085508 -0.140778246410485 0.176004550524252
-0.0817054972975622 0.255331414834532 -0.15024247994941 0.161049947632787
0.117466384655134 0.212137955627372 -0.0682254576098558 0.0835369145823738
0.227600259345753 -0.00375641332788922 -0.107112290011614 0.0895720406796935
0.129134652594164 -0.203071409472688 -0.0482511042132294 0.161492364486339
-0.0481262576522235 -0.18426763268818 0.0716610834388444 0.15463156067202
-0.133895908906442 -0.115746123515244 0.157535067048971 0.104976376685079
-0.189402232549172 -0.0561555493627203 0.172678626394687 0.0489156445192969
-0.192058323803519 -0.0564197257998505 0.152300337292124 0.0459001129380125
-0.171486555915797 -0.0985648305205159 0.135800087583342 0.0560666627478782
-0.079178791971479 -0.183261665610136 0.0829076330066227 0.0856541809893289
0.0579058498639075 -0.19967993511924 0.0176733296233407 0.0989131111189823
0.221943202110484 -0.118157954488507 -0.0270592359870708 0.0858762417834515
0.187818946775571 0.0941266519385671 -0.0430776242601549 0.0854948959675726
0.0178277622544802 0.204962129331485 -0.026440814010616 0.0809850512367188
-0.109992470943392 0.215551102390266 -0.0739441480926695 0.135250449511248
-0.0904796055480135 0.280965802727299 -0.123139574927073 0.0672682587009385
0.109387294570388 0.238937089022637 -0.0605830380384174 0.0119639020539173
0.257871678874533 0.0140841244414391 -0.104687724112496 0.0302412176367759
0.171128244251924 -0.227469634766424 -0.0696901129863667 0.101358858461118
-0.0373535952464215 -0.22738136908908 0.0179703827947262 0.0990849386462025
-0.147456662742271 -0.147540806502932 0.0794479109178513 0.0695320902259128
-0.229457872355092 -0.0700517981889047 0.0840279663142118 0.0276571324845357
-0.244770248476079 -0.0700658289428465 0.0604402152946008 0.018800022054061
-0.216964257629585 -0.118017538799752 0.0569998804260766 0.00234247194600933
-0.115835952192153 -0.21206154677718 0.0447158527975238 0.0179156638709976
0.0421538067250593 -0.256567468981568 0.0147330419867931 0.0224810387744735
0.274096669126283 -0.179370390758985 0.0118399290656511 0.0267768493904862
0.265912976909262 0.117014608972821 0.0175348855925058 0.0639926921679116
0.034231070366796 0.296700178048115 0.0437538213754353 0.0537367861696721
-0.162060207274732 0.304293823740353 0.0274390783115375 0.0554498091483995
-0.10386868285065 0.260147265128626 -0.0798699345517852 -0.016018853169136
0.0609991192763327 0.241581948274508 -0.0403461293870527 -0.0399153038458145
0.243905315195949 0.0575361709903385 -0.0747791985657832 -0.018958083801202
0.207365484865932 -0.197744942012975 -0.0622991972682915 0.0321159169451873
0.0039518427912446 -0.237117192445112 -0.0194776319555069 0.0263184980109865
-0.124160217805037 -0.166594170384255 0.0028345732937134 0.0172581647371473
-0.228606569756253 -0.079540931042504 -0.0100374932483535 -0.00251620106341573
-0.261983775238948 -0.0729294578066617 -0.0412633893420986 -0.0108236156743996
-0.232986224743345 -0.115367739453996 -0.0367641046541976 -0.0492237846537436
-0.140232737407048 -0.199524057566547 -0.0134620278337103 -0.0473926322407538
0.00531375270760577 -0.267413914796963 -0.0125809327189983 -0.0522789574793582
0.264029099315303 -0.223513767856397 0.0219089781112539 -0.0453538946480809
0.303222679182435 0.0954639016654347 0.0540708096964996 0.0064009736502005
0.0703093591431307 0.327934865581906 0.106427349530892 -0.019281351408693
-0.171244987355603 0.349774976692664 0.135663077068096 -0.0597696326144458
-0.113823696560642 0.204187185534046 -0.0252332571347205 -0.0824977568733831
0.000321975135434975 0.224363850339801 -0.0135526289434767 -0.0651398981550185
0.197995765907604 0.101232606318327 -0.020711408188606 -0.0355533762072728
0.215742750322812 -0.136581322595664 -0.015666396603825 -0.0223927265828119
0.0456158237679583 -0.20941625481036 -0.021384889648225 -0.0524748198221846
-0.0784155528555301 -0.16039440735047 -0.053680089101884 -0.0478028078459837
-0.189215042555909 -0.0767149783481597 -0.0945286643275259 -0.0379307484612344
-0.239456075076001 -0.0611921897707621 -0.137004945517451 -0.0344972797944771
-0.216651570591944 -0.093296472672289 -0.131950784649535 -0.0838880630831005
-0.143529863611981 -0.154062151351185 -0.0816189782699779 -0.0931829821526535
-0.0345965540881792 -0.229645033376735 -0.0567893370737684 -0.103749450572714
0.199441032886025 -0.228620609286254 0.00101990686244783 -0.106607073160451
0.28040552654562 0.0450321129760345 0.0583091701501591 -0.0611781508725413
0.101364462753505 0.279144387636633 0.136118974079583 -0.10958361795569
-0.136523890911613 0.331336615846282 0.217963520464977 -0.187681495281313
-0.112963981998424 0.132109270275104 0.0387251809791412 -0.131241064179288
-0.0463634212069767 0.18567133716107 0.011740033627756 -0.0738724245405473
0.136201449526934 0.118538447187309 0.0370016081258227 -0.021896038207653
0.182590900827063 -0.0725875062517322 0.0503312252372627 -0.0504845872155032
0.0639314112258858 -0.150360474131223 0.00399272123818607 -0.117054863418903
-0.0309868535897998 -0.123745759038321 -0.0844888679781116 -0.111118649782346
-0.122506074458875 -0.0591787597078654 -0.158215539364574 -0.0703516005495788
-0.177310370733129 -0.0401849308416781 -0.210660917338828 -0.0511974487516491
-0.165482873701731 -0.0628736478607546 -0.209493742035282 -0.0994389789686437
-0.116398324693194 -0.0964003989546957 -0.144029573162041 -0.119885424778688
-0.0527432536091289 -0.159792712210968 -0.100577602173839 -0.133658683727392
0.115927438364073 -0.185307194699919 -0.0286433909721136 -0.147002540334988
0.204372785763945 -0.00206123671969294 0.0482593545748164 -0.114059039219507
0.100746022745413 0.177295351165088 0.135767027183896 -0.175421580869447
-0.082030911290075 0.246978325225699 0.254376261716664 -0.288751758941205
-0.0166882456682824 -0.0741034138393588 -0.178635856634059 0.309582010064393
-0.0563876677288677 -0.0542362923883588 -0.0674765138124091 0.238862482111707
-0.095931279269064 0.0286097828813305 -0.038655670755547 0.14228940712414
-0.0291478804979652 0.101723781695272 -0.00389780779323792 0.16692026381613
0.0434734211439074 0.0658815379791552 0.106512001415443 0.192223792834917
0.0560560527481742 0.0223834466990675 0.206438287864862 0.139468723008928
0.0751714443842508 0.000983380191417572 0.254870456365035 0.0699473279321485
0.0876096469426655 0.0169699589745918 0.255466613536618 0.0559185607855556
0.0548779980626299 0.0525200674395775 0.214127854019192 0.113035840924962
0.0104161520464208 0.0651136443676368 0.106834901550101 0.146926469311172
-0.0340534344770664 0.0658533738019512 0.012437161950931 0.158456896375255
-0.0925840498703128 0.0143075633112825 -0.0722047767013157 0.104216866658048
-0.051212246169731 -0.0791553381137373 -0.10906416001867 0.0125935562575485
0.0568517337291018 -0.108515776558347 -0.0899343444009786 0.0293605143174217
0.110246042693994 -0.102036314180084 -0.143812572101885 0.185578115632026
-0.0480634755556162 0.0623637338618901 -0.180276023214754 0.3053024077131
0.0150428256854863 0.0607488457259975 -0.0632548831774464 0.221891251601886
0.0306707453419107 0.0185109371426412 -0.054984328706431 0.15454337598583
0.0300257600114564 -0.0128604498512232 0.00310566672659039 0.191535296150737
0.00820912379359598 -0.0264035673663099 0.128877307400609 0.192912632491686
-0.0160316114592605 -0.029937947939745 0.23005752336422 0.131224949437838
-0.0222672296525087 -0.0202801827421272 0.26863317101837 0.0654588034456103
-0.0129600470748538 -0.0067534011743036 0.258989284831799 0.0642919214427913
-0.0287275652980444 -0.00140532962576921 0.218189475115986 0.119346307049612
-0.0184616716429296 -0.0256907463476308 0.108332749401513 0.159750588877581
0.00350979735347658 -0.0221952311967885 -0.00028869326073903 0.17530481066921
0.0133817262257075 -0.0248561424089087 -0.0925762831906374 0.113978278499319
0.0229317622584107 -0.0268488056075269 -0.121833819322199 0.0301313662106005
0.0486871647796926 -0.0185070592574563 -0.0936163352909837 0.0380013473523998
0.0526494575123854 -0.000878142828299094 -0.159887575678982 0.191165989166791
-0.0673577824325322 0.179739580411892 -0.166704133326528 0.249250264255255
0.0839825710378601 0.151258925638025 -0.0654894509718781 0.161498082826651
0.146771158335192 -0.000643117433646483 -0.0834435937587874 0.135696866715625
0.0795043733993451 -0.12646668383024 -0.0149706696618381 0.193042711679497
-0.0321009600555491 -0.112681150676117 0.117279996561088 0.183182354651349
-0.0869517269386662 -0.0742927206177349 0.213924816029185 0.120824463762425
-0.115788182891925 -0.0367793444175366 0.238874011858 0.0581153421646626
-0.110608468181083 -0.0309482554855357 0.222576982551062 0.0607852152581522
-0.107388938298447 -0.0548803382627431 0.191594339545786 0.0981368583173182
-0.0477340393517586 -0.114437204770427 0.10264315382349 0.137167743890921
0.0389367230321852 -0.114732103850414 0.00667054793628022 0.154680652656288
0.124135165368361 -0.0671677207583931 -0.0704138199672507 0.113417081755264
0.102182944658797 0.0362115992439587 -0.0959680765450759 0.0660186421813391
0.0302662695092373 0.0893047970023807 -0.0756146498236453 0.065444965517191
-0.0272161757255054 0.107987942479965 -0.138151262954634 0.178487051125381
-0.0777650614210184 0.256556786789574 -0.147704423532617 0.163587096975997
0.120970616357793 0.211188311949467 -0.0669172037950534 0.084626748871485
0.227129334646296 -0.00737110550316048 -0.105774671758385 0.0903605196839021
0.126154043298913 -0.205286574173669 -0.0462241547620971 0.162500817804657
-0.050947800315103 -0.183420847584605 0.0733683776195136 0.153721381287919
-0.135822249848719 -0.114143493164163 0.158580742504479 0.102513321317642
-0.190385075942559 -0.0533024316915263 0.173339467750749 0.046509881457968
-0.192608033930876 -0.053578754512089 0.152907864973131 0.043042514030811
-0.173417891437101 -0.0964956257716701 0.136296066273524 0.0547573756369807
-0.0817812503710086 -0.182597752696985 0.084614344851878 0.0844436510525784
0.0553143330851837 -0.200380042964705 0.0190904144295502 0.0992171438938245
0.220449149579684 -0.121831266089073 -0.026101586251882 0.0859512470879273
0.188908408626245 0.0920689045611253 -0.0419872489705141 0.0859345226247302
0.0210794838260637 0.20489734349376 -0.0257486055351717 0.0813231336509941
-0.106291835728683 0.216450313645088 -0.0721101885085984 0.136013229633779
-0.086621930367208 0.282653804508202 -0.121296327460815 0.069419516468597
0.112848483663255 0.237065767625059 -0.0600325978999847 0.0131301924295273
0.258222024924749 0.0100336283759928 -0.104272611077923 0.0316944024418498
0.167561665702244 -0.230933975404272 -0.0681584736267741 0.102217224196099
-0.0405801335466391 -0.227192654429135 0.0188304808791502 0.0986530704370481
-0.149957674095717 -0.145917632106815 0.0808380391111734 0.0681488795458593
-0.230421317910873 -0.0668514969579066 0.0844301925544204 0.0267077920037016
-0.24562047182271 -0.0660604145631847 0.0606685165065122 0.017669329421289
-0.218582604634048 -0.11545688596535 0.0571460826430762 0.00136541302962939
-0.118224145879867 -0.210669653178464 0.0452243678712997 0.0169142253180509
0.0385019330424899 -0.25748034190823 0.0154351521383842 0.0229401792694447
0.271321800331845 -0.183502428059579 0.012793526926607 0.0269720438320936
0.266705980556001 0.113204523523344 0.018734774829013 0.0640213000751544
0.0391606777284689 0.296332882116664 0.0439259735624354 0.0528375118124
-0.156976854208527 0.306707392992825 0.0278121612391139 0.0541334423616041
-0.0998610580873772 0.261564046334461 -0.0798284666978427 -0.0149467260661618
0.0653181118226718 0.241136288699195 -0.0402325239550781 -0.0393282577222515
0.244921750758839 0.0537803256321229 -0.074947112594929 -0.0176018485864462
0.204422683546395 -0.201645345437384 -0.0619924599400204 0.0333074248906555
0.000609398876094853 -0.237542018413877 -0.0192754818744752 0.0264632688451154
-0.126130695094353 -0.165363305938218 0.00311779166008021 0.0171375906865199
-0.229082450886214 -0.0767986005988735 -0.00988105421617115 -0.00264526369444353
-0.263218596770734 -0.0688132590009662 -0.0409180191887532 -0.0103039119482933
-0.234857907411779 -0.11174452068958 -0.0376869898501071 -0.0487059141018924
-0.143018402149108 -0.198451638695637 -0.0142485586121752 -0.0473938703199166
0.00193062105298955 -0.267766860836354 -0.0129045412209686 -0.0519383257584618
0.260299617720443 -0.227262784565755 0.0216737104300417 -0.0455388304337687
0.30416467072152 0.0917946383847869 0.0552339864318461 0.00580203126414864
0.0756794919796721 0.326556027325373 0.105240592105967 -0.0211228993680935
-0.165528702787419 0.352685446321632 0.134058096310651 -0.0623771324731499
-0.111287110298898 0.205514759554807 -0.0261529216131331 -0.0817165772232755
0.00418384311822566 0.22487515368035 -0.0144960510220496 -0.0650014455491768
0.1999146041145 0.097489732846411 -0.0208329053819173 -0.0350028437502452
0.213466502270506 -0.140626586878106 -0.0151809323295237 -0.0220430258299547
0.042447473205284 -0.21025851134935 -0.0224387065369365 -0.0526053803053657
-0.0807312782921674 -0.159199776032029 -0.0544416857152762 -0.0473099632197691
-0.189609455094601 -0.0740451674823253 -0.0947668853126898 -0.0366833658829056
-0.240045281394164 -0.0570005188918533 -0.137421827459081 -0.0327055093072696
-0.217956779538397 -0.0905809637624778 -0.133444174884228 -0.0817035104672887
-0.145354733675732 -0.151725641153118 -0.0825880281871599 -0.0925998373612342
-0.037430860763959 -0.228863701255514 -0.057746974948617 -0.102514756954109
0.195291013192106 -0.23130240211219 -0.000168971615883586 -0.106138496758455
0.280280873112283 0.0414137846836297 0.0580401769542388 -0.0613856947650313
0.105333437336592 0.277674116408579 0.134470001194224 -0.111310599466916
-0.131904751502133 0.332702971262452 0.213580114415112 -0.191399643150287
-0.111373308233609 0.133727233334139 0.0373007533324354 -0.131539467037116
-0.0427591756550774 0.187616073347644 0.0109815913195571 -0.0741596847744885
0.13828518309361 0.11608249340888 0.0369541888034402 -0.0222473544399579
0.181169355398205 -0.0762910600337097 0.0499971421571821 -0.0514619627829665
0.0608189138384144 -0.152309491032562 0.00236439569302643 -0.117604277765346
-0.0327633567702468 -0.123674985368439 -0.0859693352543285 -0.109990638518345
-0.122657318983251 -0.0574651058676544 -0.158501171320705 -0.0685102704687242
-0.17812359900645 -0.0367568317402897 -0.211509691410929 -0.0475336512104668
-0.166377891928997 -0.0604190353465275 -0.211557056512426 -0.0963113441896321
-0.117111063897334 -0.0946439579668428 -0.145384627842241 -0.118389980795187
-0.0550522961551937 -0.158959388924572 -0.101351762267374 -0.132490169705778
0.112894798970885 -0.186992199924273 -0.0303947007549308 -0.146082139520114
0.204112607007183 -0.0049324663638815 0.0468192341229079 -0.114494499032027
0.103372720855445 0.175759277048767 0.132516711769585 -0.177447781375916
-0.0783194098178755 0.248149483558728 0.248453517008635 -0.292892034989141
-0.0166778336726774 -0.0738435185647491 -0.174241519048395 0.31163306021854
-0.0568181850488239 -0.0540553416019634 -0.0639580574868479 0.239880056913576
-0.0957411354849297 0.0293632872663189 -0.0366934573650426 0.142046636173293
-0.0273309879477992 0.102337674685336 -0.00235339812219293 0.165996616075161
0.0442941922759705 0.0649226035008176 0.10768886958269 0.191311246483345
0.0556972168925558 0.0214861856185395 0.20725547181157 0.136740626167317
0.0747450471862706 0.000337232380733007 0.25497740996733 0.0670018746472596
0.0873315030987157 0.0150323803152265 0.255949741109105 0.0530476736529858
0.0550998126977338 0.0509641246554552 0.216874189874216 0.110796469711857
0.0116524581713633 0.0643255369985297 0.108731316082613 0.146003968655537
-0.0331383010301645 0.0664356347489845 0.0139321488448097 0.158688625691447
-0.0922452372747189 0.0155813176686667 -0.0705618534045482 0.105439889916999
-0.0523354023231808 -0.0784915385902527 -0.109905589439138 0.0139130660245418
0.0551311485740428 -0.108766074233415 -0.089963649369329 0.0308459340115184
0.108553893835042 -0.103710824220323 -0.140478924675133 0.187354577542361
-0.0471712941349658 0.0629140680742959 -0.175915866372013 0.30803431440728
0.0156946760496348 0.0599163670338731 -0.0602493159395188 0.222536321880893
0.030173074068051 0.0179096379177918 -0.0524554241748275 0.154851737443378
0.0297789188285209 -0.0130499163379097 0.00511461324911301 0.190747035630909
0.00774000276261873 -0.0262216992863144 0.13102230624312 0.191276035886104
-0.0165159388538917 -0.0292931006119432 0.231388550331334 0.128878907551289
-0.0224612702144076 -0.020629921906437 0.268776414212281 0.0619183334518233
-0.013501344208353 -0.00762647115360127 0.259756183426616 0.0622032230395591
-0.0286028182484917 -0.00101442568839632 0.219571364945121 0.116824860213169
-0.0184956156798489 -0.0257634403651451 0.110033645197298 0.159312012528705
0.003877295681271 -0.0226120719368469 0.00146743352245162 0.175406959583842
0.0134678076516076 -0.0248880009127225 -0.0910527741659869 0.115643838750301
0.0220075645737161 -0.0266657940733474 -0.12106981700473 0.0320299341585409
0.0481088511234218 -0.0187381613484527 -0.0940903363111307 0.0387140038810499
0.052522921836195 -0.00162051006009963 -0.15706770124514 0.192584394015399
-0.0643751639329211 0.180853409933363 -0.163250514006139 0.251259658804629
0.0864225231473174 0.149892757025066 -0.062513264337015 0.162394284872556
0.146594206408447 -0.00231028641518894 -0.081633779002008 0.136578249435673
0.0777286804579624 -0.127617060899969 -0.0129187217219216 0.192743354226778
-0.0332774747586669 -0.112327088815189 0.118782981086431 0.181152999230888
-0.0876676650161276 -0.0732648442136481 0.215426044881453 0.118101873969465
-0.116691823414622 -0.0355925421414198 0.239261189094489 0.0554914062344118
-0.110994955570693 -0.0297926234503298 0.223218440725179 0.0581212537595645
-0.108031721021127 -0.0541249945086785 0.192715401174882 0.0954733296856295
-0.0488864841923868 -0.11442941514071 0.10415338528582 0.136173491555328
0.0381942414595557 -0.115186771727499 0.00852818501456642 0.154687352523392
0.123598771705122 -0.0683861368759338 -0.0686817302946482 0.114166424923591
0.102520109078069 0.0355585461948084 -0.0956289269077542 0.0675104093488377
0.0312345322008321 0.0890869283334155 -0.0754800723987138 0.0662727583402983
-0.0257688941391604 0.108036468309916 -0.135361505833225 0.179905020757613
-0.0742405482946335 0.257476937029799 -0.145254819643499 0.165698283182038
0.123300581981865 0.209266994391925 -0.065045792046208 0.0856737482941873
0.227170839489808 -0.00987768712714575 -0.104981643283448 0.0915505759575703
0.122891358769568 -0.207283229987151 -0.0441956917391926 0.162874396878244
-0.0535210203101252 -0.183015452519994 0.0745667274648047 0.152866824412472
-0.137092683164135 -0.112883184272639 0.159570907348519 0.100267180822916
-0.191127167008593 -0.0513748608476508 0.174008408563936 0.0441241185021538
-0.193182759662583 -0.0508522631915613 0.153508017386361 0.0414400670476593
-0.174656107252174 -0.0949804904047462 0.13726212159006 0.052672962467601
-0.0836661056211666 -0.181939853501613 0.0852799275133551 0.0833278083946826
0.0531294836935926 -0.201257729917599 0.0204964889181416 0.0986362818779693
0.219421493087049 -0.124171910311465 -0.0245553085167905 0.0864278508105038
0.19003851301082 0.089700464488992 -0.0405771272836826 0.086797675650876
0.0234145783472571 0.205224269455529 -0.025512416474497 0.0814046285275173
-0.103609892207192 0.217799085806821 -0.0710380517176719 0.136568659428182
-0.0828135804348556 0.28311426830797 -0.119827365381799 0.07099317694262
0.115722542257075 0.236356372552247 -0.0590459485774875 0.0137882794823664
0.25818949922921 0.00672533641157689 -0.104016848492992 0.0327220123767898
0.164724784599572 -0.233666624615941 -0.0670478590564913 0.103149681831095
-0.0436987112044591 -0.226678047298334 0.0195884169270308 0.0984216658463062
-0.151307707514583 -0.144164212057743 0.0817292844113929 0.0672076255023637
-0.231274624181497 -0.0645928673602421 0.0847528107728026 0.0256976387065499
-0.246471411957581 -0.0631361342352856 0.06062164314024 0.0164304344178103
-0.22016717463833 -0.113095235082264 0.0570341680254974 0.00114555382939885
-0.120683290840899 -0.210288224866761 0.0454715678968461 0.0164558036828454
0.0358582064563267 -0.258322279482998 0.0159131936337367 0.0225681679329379
0.269266462018188 -0.186373680729612 0.0128830231131284 0.0270535831218959
0.268340685844304 0.110443412085492 0.0202088405864729 0.0642954401518163
0.0427463697188919 0.296683485592468 0.0440338150613247 0.0522250537322785
-0.153377132910311 0.307771459844231 0.027510304485812 0.0540983381468187
-0.0969287246262909 0.262499224747306 -0.080056345817865 -0.0138221001488523
0.0674573686041623 0.240715522950618 -0.0411485420825449 -0.0387955704483005
0.245964920888718 0.0503121500072356 -0.0752121943321511 -0.0168301789851148
0.201010445081177 -0.204592056373364 -0.061339422868114 0.03385391097823
-0.00244565834528661 -0.237676468316945 -0.0194188165501329 0.0263069450362114
-0.127662331580817 -0.163841580681242 0.00325940408836161 0.0170878712099765
-0.230276417569969 -0.0740178979179743 -0.00960747929779038 -0.00259912194433988
-0.263831265663509 -0.0648318687944316 -0.0411227849406371 -0.0102047164522158
-0.236120908199575 -0.109018121977673 -0.0387929356453972 -0.0480462554906938
-0.144856910728519 -0.196535860797868 -0.0147275291439145 -0.047678086546728
-0.0013182756827056 -0.267382721651263 -0.0131735752469848 -0.0515975135169294
0.25735056897468 -0.230145469305492 0.0215567191177246 -0.0462090991060595
0.305043895586135 0.0880837124806281 0.0557506868910023 0.00562491103319879
0.0788725181952244 0.325509693833073 0.104479100892706 -0.0221281598170227
-0.160246867885058 0.354050017471016 0.131969429347911 -0.0644902627288847
-0.108764721237095 0.20684258928801 -0.0269312807996363 -0.0812502954362617
0.00652513805475475 0.225401233772713 -0.0150781048354078 -0.0647566261779177
0.201418051807035 0.0947196485453644 -0.0215130781769092 -0.0347766500703541
0.211329481744287 -0.144343092934044 -0.0154689896183514 -0.0216166885631252
0.0391468145410727 -0.211239299490819 -0.0231476392924399 -0.052508814443898
-0.0827677591276425 -0.159037080135656 -0.0550272731364296 -0.0470166829463458
-0.190253395591384 -0.0718584222891182 -0.0951343559054766 -0.0354827298908518
-0.240753563664487 -0.0532484122874562 -0.137565829597477 -0.0311832779403549
-0.219485812153923 -0.0874775412740838 -0.134690922313321 -0.0799944575095214
-0.146722174843342 -0.150517333773601 -0.0837191905822583 -0.0925135046536782
-0.0400119691896709 -0.228142064403557 -0.05820094724902 -0.101946381460835
0.192259996904574 -0.233655107885706 -0.00097420566981884 -0.105686147619246
0.280489685446005 0.0378037499459262 0.0582065065834807 -0.0614976320023293
0.108527282499576 0.276454289126444 0.132364763451251 -0.112942846414757
-0.127409975334121 0.335090260203587 0.210236511499037 -0.194325834981952
-0.109858821081746 0.135495833978051 0.0355094177921978 -0.132124151455304
-0.0400257939250577 0.18837133883742 0.00976080056104133 -0.0746526846721158
0.139639102353912 0.113810566051508 0.0368754424145557 -0.0223039573055824
0.179952070074946 -0.0789315591583026 0.0500663764598559 -0.0520107531720558
0.0590197653761012 -0.15250510975276 0.000811253409708123 -0.117734056667384
-0.0345129529336315 -0.123707952695661 -0.0871356693892157 -0.109048513172794
-0.123476779200607 -0.0561339393012412 -0.158655860957133 -0.0665171521190879
-0.178312067532918 -0.0340377871000841 -0.211885614327111 -0.0451203451353104
-0.167149722238102 -0.0578190294931667 -0.212568301891054 -0.094317278239194
-0.117967499852986 -0.0937152631835456 -0.147000867943581 -0.117049774464208
-0.0572297598564949 -0.157846711604566 -0.102284394828224 -0.130638757902778
0.110146598581995 -0.188092811866084 -0.0315593098932406 -0.145163914867678
0.203483386427602 -0.00733561812486718 0.0460641946437459 -0.114291945027173
0.105052486322251 0.174532146199058 0.130225126927353 -0.178945507564731
-0.0752596089261233 0.248738188526247 0.243040310481383 -0.296656275501448
-0.0170733888388922 -0.0738998270343234 -0.170183966004847 0.314188195992401
-0.0570597559083236 -0.0538066099145932 -0.060159851443754 0.240078316637144
-0.0954021028975174 0.0307841765408495 -0.0355266894142506 0.142207039628348
-0.0258158282119192 0.10297646738096 -0.00111855853189058 0.165865886617181
0.0453620247938294 0.0646890151967753 0.109577495552616 0.190623797779857
0.0553209304003313 0.0210057072762414 0.208102213813419 0.134443534920291
0.07435172468081 -0.00130832251020995 0.255867957444102 0.0639396703540203
0.0872718724725946 0.013234700460533 0.257110201709304 0.0497301309222872
0.0559479106573527 0.0504267718861506 0.217736736362449 0.10853673154475
0.0121920041965962 0.064832322472536 0.110327288531895 0.14529602600084
-0.0316979039793115 0.0667626240327457 0.0153781941828427 0.159383569814687
-0.0913000681243825 0.0172294941655653 -0.0698272104581877 0.106045104560305
-0.0536409929522725 -0.0779901083693499 -0.110435231454987 0.0159349990340796
0.0541551487426223 -0.109696516584009 -0.0905278027957302 0.0320217770475564
0.107843630805555 -0.104338741512171 -0.139372342395069 0.189116418738035
-0.045441824571439 0.0641965702470039 -0.172485248384394 0.310628596773056
0.0170952300476041 0.059274614957176 -0.0564538649705495 0.223267532151121
0.0306003671789415 0.0175883089343141 -0.0507714964845418 0.154485175375322
0.0295399940658085 -0.0128055958281455 0.00611820163653857 0.190540635204998
0.00707002390189044 -0.0262516760001358 0.13233339833643 0.189837314568303
-0.016709723593715 -0.0297201985716641 0.232361338944413 0.125982816637761
-0.0227999160122254 -0.0202240764139762 0.269396212350442 0.0594739801563353
-0.0131773106131177 -0.00787577991751181 0.260893348709097 0.0583739390804222
-0.0290199164476695 -0.00137239517926425 0.221254173220101 0.114663779010847
-0.0186456226214143 -0.0258226112583824 0.111526514894314 0.158453823394302
0.00333383167698171 -0.0228368384978511 0.00345762459121765 0.176009250643483
0.0132847776868136 -0.0247347926076579 -0.0899130645304337 0.116888383848778
0.0220192390056799 -0.026570581069569 -0.120993020096399 0.0340678335463607
0.0481278058295037 -0.0193064160758655 -0.0942068017166985 0.0397537851171614
0.0521012984022735 -0.00251442705305142 -0.154714763375989 0.194706753811982
-0.0620273815447727 0.181780227659207 -0.160543450801293 0.252907061639591
0.0881662249043396 0.148676308995678 -0.0599171869633911 0.163228234991051
0.146096831864088 -0.0040662733577353 -0.0803998630147445 0.137039347603735
0.076433825703338 -0.128639711789706 -0.0119939953273275 0.192903367349954
-0.0345149071044568 -0.112037346978657 0.119892146263854 0.180679709619843
-0.0887319206359526 -0.0723446688722932 0.216477400162794 0.115726908484765
-0.117306329353922 -0.0348502744957828 0.240336458325666 0.0524409404538767
-0.111551957005497 -0.0292656802386573 0.224202759918836 0.0553138433624104
-0.108827027577675 -0.0532270418426543 0.194147657606833 0.0938861313309463
-0.0498168750332985 -0.11440982252342 0.105791713248708 0.135582589686752
0.0374307067442042 -0.115805785488998 0.0102418550925783 0.154818841944969
0.123476608785184 -0.069554401299174 -0.0680522453938131 0.114637405141951
0.103142317363136 0.0349679932374622 -0.095030315574288 0.0683454165973111
0.0318294886304841 0.0889121118423078 -0.0755826576445709 0.0670062157254027
-0.0249003562827893 0.108244014776831 -0.133446778633614 0.18133645659204
-0.0714730592912664 0.258659164814255 -0.14338229831102 0.167233250764724
0.125718291139028 0.208116771451924 -0.0637795615473489 0.0860121000864321
0.227097098272113 -0.0125899476511559 -0.103862905999328 0.092459838567495
0.12063254572221 -0.20876997177101 -0.043268430543241 0.162518346806548
-0.05505402040975 -0.182288634167426 0.0754764314396912 0.152464796261654
-0.138514943644513 -0.111388972256819 0.160606690046883 0.0985841333642485
-0.191858037298214 -0.0499124134743751 0.174404214469319 0.0425774351257064
-0.193963396410631 -0.0491288914776647 0.154101173656245 0.0390693209999928
-0.175120142968531 -0.0935065873226839 0.137725492504179 0.0510559868975591
-0.0854670778578197 -0.181918163487393 0.0866675737888833 0.0826141323891817
0.0519755564414654 -0.202157888250929 0.0215329337960659 0.0993618259652076
0.218645529186699 -0.126931552446512 -0.0239604238472859 0.0868842008122184
0.190769023588122 0.0889238251906991 -0.0391103190153351 0.0879837783923539
0.0254990043081903 0.205552567157908 -0.0253779771422994 0.0820635614233124
-0.101572644887393 0.218544036534111 -0.0697025891260911 0.137128013970234
-0.0796730166596864 0.28468049912051 -0.11939090442817 0.0721709088650616
0.118648096882081 0.235665329862824 -0.0589992638703619 0.0141915151403157
0.258592482918364 0.00408657995611476 -0.103825974420222 0.0337257099022512
0.162248047116937 -0.235897245868373 -0.0660963603065301 0.103685846175367
-0.0461044913005772 -0.226546584462521 0.0197045439017841 0.0984395990723552
-0.152746059220653 -0.143401628297601 0.0822123049524122 0.0665705987638118
-0.232355986950075 -0.0623995625445442 0.0849282108116338 0.0245735289006209
-0.247566321576071 -0.0605564393339997 0.0610166417077761 0.0160317674684957
-0.221910396138371 -0.111127827865578 0.0565853392611465 0.000630574509332987
-0.123008724442011 -0.20965266825705 0.0454869222779363 0.0153580264394597
0.0338570005077577 -0.258410730323629 0.0165041834019067 0.022654516387601
0.26798100837229 -0.189590632847722 0.0134348277575049 0.0269314702155131
0.269639826799778 0.108428200547204 0.0211238207456548 0.0643188076494212
0.0455424450185842 0.296293404133428 0.0441007172144531 0.051853954807544
-0.149504862511149 0.309619901458146 0.0275307793882596 0.0530126354697029
-0.0940470611811935 0.263348262959259 -0.0798799438151039 -0.0130837306867913
0.0701235805564945 0.2408405518277 -0.0408042232479741 -0.0383143050820384
0.246580324762037 0.0478801839848621 -0.0756502801724539 -0.0159621634840495
0.198943440072436 -0.207654424430981 -0.0611372231402461 0.0346031289973548
-0.00505250545759362 -0.237986764153329 -0.0195611364757726 0.026859492917989
-0.129826130282243 -0.16331125656242 0.00349497213930823 0.0164919483940333
-0.230779482665291 -0.0717625841411737 -0.00952201463299573 -0.00256481060789395
-0.264380202344593 -0.0620323918567073 -0.0414084723683413 -0.00961534332214376
-0.237177607104924 -0.107008384279107 -0.0394931138426047 -0.0478301505800175
-0.14713641477987 -0.196092758153104 -0.014985184778257 -0.0482440346640274
-0.00400656079560438 -0.267161711279608 -0.0128683569566789 -0.0513978366209931
0.255491200410651 -0.233081466395773 0.0211332194115862 -0.0460064457872662
0.30621517774447 0.0854478926676003 0.056636875297195 0.00546881728350273
0.0829444641596924 0.325679768068689 0.103758837915645 -0.0234654264009347
-0.156897914065593 0.355378787634407 0.130792853368825 -0.0661812955700171
-0.107063724378854 0.20840936546844 -0.0274320054662408 -0.0807549933057538
0.00892612793537016 0.226444691419944 -0.0154104919836471 -0.0645585383638859
0.202672682320168 0.0929139613598167 -0.021680119213735 -0.0343869840847611
0.209900008220646 -0.147035251430493 -0.0151613962246414 -0.0218735416983266
0.037280363687836 -0.211775028183515 -0.0234910733080713 -0.0524919190883117
-0.0844344571400771 -0.158671872787604 -0.0557606350231778 -0.046711183203823
-0.190973381639133 -0.069996181433202 -0.0955116345049319 -0.0346820149808867
-0.241399872748896 -0.0498751376517219 -0.137539571792094 -0.0300186877376623
-0.220654673254415 -0.0852775020589466 -0.135400372740745 -0.078600265294623
-0.148358516630024 -0.149730691333928 -0.0845787517854165 -0.0919754064498622
-0.0430843729839802 -0.227836928048949 -0.0584543724973279 -0.101095064694073
0.189949295400835 -0.236027023714014 -0.00178110403285346 -0.105314001714238
0.280860563187657 0.034963468724449 0.0578395050722602 -0.0615506888559905
0.1121863493111 0.275926673171582 0.130398511641692 -0.114607657323726
-0.123827929112165 0.33576652428924 0.206792673752236 -0.19743717785336
-0.109087574221024 0.136457974291224 0.0344709464417166 -0.132765596858386
-0.0379764095052022 0.188919314247993 0.00881728024557453 -0.0745899974322837
0.141517657293794 0.111855636181915 0.0366346495307749 -0.0225276789790715
0.178892514590791 -0.0818662370522853 0.0500618001877538 -0.0522850069311441
0.0571007349332466 -0.153887702625165 0.000262102035030529 -0.118016189700411
-0.0356521752931652 -0.123458992461052 -0.0880033843115679 -0.108503389956213
-0.123670922434688 -0.0550721452745254 -0.159173445628926 -0.0647678523076329
-0.178350154945792 -0.0315670323481041 -0.212099981555312 -0.0429721894480876
-0.167894210239448 -0.0560136278255256 -0.213954844306145 -0.0915351414070999
-0.119222320589143 -0.092643953759988 -0.148087119642266 -0.116457047332137
-0.0585921095505539 -0.157310357534466 -0.102147285748812 -0.12991588966427
0.108180548256031 -0.189450831448374 -0.0322990532743994 -0.144474377065043
0.203398850377914 -0.00904175721198552 0.0454607879457687 -0.114164252047671
0.106856660506367 0.174159432613175 0.127590981024132 -0.180650657912602
-0.072903968159329 0.249323168234769 0.238864393058053 -0.299182129374989
-0.0172904990355297 -0.0735195237749196 -0.166442544236009 0.316081314022183
-0.0579048144977435 -0.0541413237409942 -0.0574673784795498 0.241173840453654
-0.0958127404726247 0.0319964838820371 -0.0331528136856702 0.141896513738149
-0.024589100884797 0.103914422421963 -0.000463249304545733 0.165611016231052
0.0460180918735216 0.0642411757651416 0.110652124069241 0.19003517592446
0.0554593124874882 0.0207833313809109 0.209983088711928 0.134208546283853
0.074279125165387 -0.00206865821992537 0.255946671433445 0.0628480847929856
0.0876629531231378 0.0119436286649894 0.257974618162601 0.0479947774914684
0.0569185538429049 0.0497742393212042 0.219044538593505 0.106856100066357
0.0127394167716317 0.0649021715125645 0.111878420945722 0.145602911249495
-0.0310788525525829 0.067020924813091 0.0169837906448723 0.159262898778263
-0.0910386498381117 0.0180171223343963 -0.0698258339932088 0.10641146491325
-0.0539212501096164 -0.0772023634957893 -0.110741935321184 0.0167584433270258
0.0526087972452212 -0.110495839153579 -0.0903464477585086 0.0330540643447388
0.106623071544193 -0.105406054145942 -0.136629969341707 0.190588547531422
-0.0447821453732612 0.0644791597154001 -0.170071224748994 0.312291652148901
0.0174430353481048 0.0590528976942664 -0.0535186409596301 0.224175725023108
0.0302660106061818 0.0174061974039448 -0.050230062293252 0.155162645635084
0.0295561154122128 -0.0132927465261782 0.00859143176008986 0.19010433812166
0.00737692271845074 -0.0268932016811981 0.134162799589214 0.189302909677335
-0.0175320055914873 -0.0296096939421729 0.233138022624182 0.125225742908549
-0.0237131656515049 -0.0200858960450378 0.26957612799533 0.0572687855481909
-0.013301663176071 -0.00821689501449678 0.260852049206535 0.0569153876446301
-0.0286131778629488 -0.00126021210614039 0.223132286156796 0.113140811746513
-0.0192753184132836 -0.0262559295769078 0.113592251561901 0.158994825663226
0.00441944320271077 -0.022543979743811 0.00469169755838341 0.176658637143721
0.013944834386861 -0.0245149724884345 -0.0890483981565073 0.117821166446218
0.0216024293961072 -0.0263602944777335 -0.121773939891274 0.0352067801598482
0.047431048131294 -0.0196590412159045 -0.0943467813446947 0.0409149589447527
0.0521576761504455 -0.00268495291142501 -0.152877213583557 0.195973860869564
-0.0601881366129155 0.183001233955684 -0.158528621930004 0.254950513445992
0.0897448267474714 0.148048009726954 -0.0580537947415973 0.164038022913639
0.146129442964506 -0.00562490055744352 -0.0794817321329113 0.137714576892263
0.0752614043010267 -0.129121890409761 -0.0103389351087822 0.193335613808526
-0.0355504294973873 -0.111698009344836 0.121191256480306 0.180002745989968
-0.0896291303918147 -0.0720977089307117 0.217504325361963 0.11394805562135
-0.118650423356691 -0.0341748698674572 0.241129956466285 0.0508038068365872
-0.111883377176558 -0.028590894673958 0.224517640645318 0.0533100021873051
-0.10908495601835 -0.0530546238955984 0.194914432211668 0.0921678819520722
-0.0505644724941871 -0.114732687444629 0.107246075682243 0.135244936706396
0.0373670465820432 -0.116498272752038 0.0113827873285287 0.155456252994638
0.123766849007951 -0.070800996397673 -0.0670814715570087 0.115509067148641
0.103304954774062 0.0345324174948654 -0.0946008228268464 0.0695138536907546
0.0325451763219143 0.089520146717691 -0.0754773659589777 0.0680225174029103
-0.0239326835471076 0.108658975069082 -0.132420494473612 0.182978372877566
-0.0687067866642249 0.260097806419018 -0.14212748235635 0.168948919899873
0.128483137947567 0.207907023437143 -0.0627440517318116 0.0867728843471054
0.227333282064931 -0.0156124779594742 -0.10336542238442 0.0930502216636299
0.119171193665365 -0.211052664546209 -0.0421040856348493 0.163576226271677
-0.0572842613925402 -0.182620285729705 0.0761234195830558 0.152215914610114
-0.139726526564905 -0.110742607153466 0.162155086461177 0.0972654156864939
-0.193531501065994 -0.0481267971071348 0.175448604376937 0.041413985608298
-0.194700952174708 -0.0474008134347441 0.154719716164798 0.0379085160087489
-0.176691288606591 -0.0926002520192336 0.138683491329565 0.0504827107635033
-0.0869144295407578 -0.182360596761657 0.0873270694320388 0.0823865280858194
0.0506971167009546 -0.203158191118248 0.0228759420261389 0.0996757678182503
0.218812082734323 -0.128729474956195 -0.0231508276922008 0.0873904334465452
0.191833848249321 0.0879477910595754 -0.0385667770242588 0.0883902535600438
0.0268340700091482 0.206584514386105 -0.0250049768110511 0.082336323102496
-0.0999707158373102 0.219745970936001 -0.068945757510682 0.138428027941487
-0.0774912694999853 0.285641038900983 -0.118785662604688 0.0730737191395426
0.12107657832484 0.235335932258365 -0.0582848542959963 0.0145874248229117
0.259265553859763 0.00143266006397298 -0.103911393207229 0.0344773420833348
0.160489649437266 -0.237914486882401 -0.0657425594370805 0.104259363279792
-0.0478076313758857 -0.227306648410734 0.0203431136996978 0.098292052986064
-0.154339524634046 -0.142918302844034 0.082546652615911 0.065652031076987
-0.233551968341817 -0.0609393292879963 0.0857915291204305 0.0242183405865296
-0.248498748977804 -0.0579095739907598 0.0615894732612173 0.015253798556053
-0.223113340154877 -0.109974575412885 0.0566501081315798 -0.000344739052840721
-0.12464338462204 -0.20956860563083 0.0462213603451471 0.0151324532944605
0.0319966376926763 -0.259630433745076 0.017072198735227 0.0229959269150816
0.267118791303876 -0.192595861004973 0.0140261850153991 0.0267829577615035
0.270815652113524 0.106493342037315 0.0224702829343803 0.0643972874238862
0.0480136846812156 0.29773620927831 0.043491775836622 0.0515207636453644
-0.147899477525125 0.311099951956843 0.0277842242591174 0.0529093888052492
-0.0923425745161778 0.265273580057055 -0.0797622824795013 -0.0120384860426689
0.0726345339216957 0.241733877162738 -0.0411175018913217 -0.0386070047263027
0.247606659600434 0.0456047778094508 -0.0761706588411658 -0.0155028074036515
0.19783331137768 -0.210249327449934 -0.0607970190565836 0.0348818786168528
-0.00687140485812875 -0.238975542686269 -0.0195337674753088 0.026955369993494
-0.131977841234484 -0.16268177670559 0.00352134317739525 0.016718226178241
-0.231984881636622 -0.0701383940387398 -0.00942121050785586 -0.00260184732572937
-0.265700333845582 -0.059169336788239 -0.0412956336443531 -0.00987801345411313
-0.239188020159393 -0.105576826811746 -0.040222209507584 -0.047225483110929
-0.148756144870155 -0.195715997869756 -0.0150516868664406 -0.0484809196043051
-0.00610138984333121 -0.267569733358794 -0.0126256748537053 -0.0510190354805983
0.253664515535341 -0.2356280259633 0.0214167277161661 -0.0465373244116776
0.307049470647022 0.0836518810788538 0.0575709675872208 0.00536391883491872
0.0854409948430889 0.325990698160591 0.102850660066688 -0.0244811428292599
-0.154269154449901 0.357465881407364 0.129153238438337 -0.0675940874328159
-0.106244000204184 0.209573285010887 -0.0279902582621658 -0.0810590801938541
0.0111898505264628 0.227386692734605 -0.0158446660021342 -0.0647087053832103
0.20424768409611 0.0910236756332424 -0.021858927853216 -0.0339195793116798
0.208850845134509 -0.149670881031521 -0.0154485342654728 -0.021738779415715
0.0353862965663097 -0.21333456910123 -0.0241459450537625 -0.0529415567585319
-0.0857653154343699 -0.158662349333999 -0.055533059428513 -0.046540111754595
-0.191828584907177 -0.0688088848424524 -0.0959982953054162 -0.0341540524117494
-0.242224657429977 -0.0474591714123444 -0.137980966070624 -0.0289993651090308
-0.22208787197258 -0.083726094399757 -0.136846808005271 -0.0775210356518255
-0.149665056372997 -0.149519063647181 -0.085268549629045 -0.092306562674052
-0.0448131495485896 -0.227443388545795 -0.0582409819892174 -0.101054359649128
0.188670384205179 -0.238157760653918 -0.00266073242307048 -0.105523320110213
0.281903341308325 0.0328210602196429 0.0583339908989305 -0.061819228311769
0.114074496182023 0.275904825036317 0.129141480415108 -0.115914500230602
-0.1215053444148 0.336956536681086 0.20423214292373 -0.199536468885751
-0.109259530077503 0.137199470596323 0.0335753299958302 -0.132839545110616
-0.0359747183479399 0.190767628328449 0.00855266918469247 -0.074642121270597
0.142754989374089 0.110583704508855 0.0368581275911651 -0.0227319899437915
0.17844110778287 -0.0842811996687389 0.0499552343986543 -0.0531677899444222
0.0558469792091965 -0.154927579613475 -0.000838929616900699 -0.118798666981706
-0.0366648696953764 -0.124165802524629 -0.0886957034900391 -0.108075817393066
-0.123993175350785 -0.053861546392693 -0.159559642703265 -0.0643677830728009
-0.178709666582932 -0.0288942297115079 -0.212746888638161 -0.0415073654475195
-0.168759759444951 -0.0547301729388274 -0.21524642732669 -0.0896539419332272
-0.119848770646653 -0.0921221754337511 -0.149013946041293 -0.116425383688667
-0.0599225827782228 -0.156539747549347 -0.10296668645169 -0.129620322617847
0.106546576544119 -0.190761123835569 -0.0336220630595113 -0.144142643212307
0.203414082866433 -0.0108515187897001 0.0453913312202377 -0.11434869809228
0.10861737221833 0.173867536814132 0.125750980538164 -0.181748643802758
-0.0704653798821327 0.250030698727032 0.235482521905471 -0.301900847341679
-0.0173218229261464 -0.0736969634768293 -0.165486320460144 0.318719275638928
-0.0588596191915319 -0.0544073307811084 -0.0544696524540309 0.242569239266942
-0.0960603128676918 0.0328402214750412 -0.0328047617596727 0.142110848349849
-0.0244816623729762 0.104670067382583 0.000345991787618755 0.165713781327962
0.0462601636430126 0.0641773142119419 0.112053262914461 0.189440664712128
0.0556509610608313 0.0205961653332751 0.210907230915932 0.133145468684276
0.0740130198271071 -0.00282909475264324 0.256889714861917 0.0606974977471935
0.0880236061535261 0.0109015104735026 0.258845766962738 0.0469441676021345
0.0576845761716008 0.0495480838353364 0.220750557877264 0.105348382590969
0.0136721018434323 0.0646504279233987 0.113219541466303 0.145756057338506
-0.0299658247014834 0.0676791396890361 0.0178519139098693 0.160476886629402
-0.0912112966208887 0.0190501881949416 -0.0692097680231719 0.107191761200448
-0.0552855114096328 -0.0765864166539296 -0.111155606612552 0.01730678143523
0.0524619443331834 -0.111522933166051 -0.0911035227712149 0.0343483355237864
0.105787116060668 -0.106840973665562 -0.136128343328614 0.193029450191713
-0.0436797560251425 0.0653320239096865 -0.167845213824041 0.31491950070863
0.0177282947291736 0.0586970642504087 -0.0512482380448917 0.225225536949605
0.0300172086981225 0.0169649738861773 -0.0488770448470877 0.155294672262973
0.0295030938456654 -0.0130842561939101 0.00934146483837433 0.19057125111314
0.0067384298098144 -0.0267256835232283 0.134791977077793 0.189406118982078
-0.0175904997450641 -0.0298132706223342 0.234835066330451 0.123667773164581
-0.0240876741506951 -0.020335001366419 0.27125986597977 0.0553322863172812
-0.0134230139398885 -0.00866488896924499 0.26326644833265 0.0548676663487076
-0.0285243797396248 -0.00173119167047888 0.224586590125807 0.111079097803511
-0.019320567318075 -0.0260558483752911 0.114791014367227 0.159095042145163
0.00476472864701583 -0.0231670989868568 0.00590756791143999 0.177936444636767
0.0148147473090836 -0.024530073745817 -0.088756864039198 0.118174212986419
0.0218745010147855 -0.0262990179579888 -0.1229195237877 0.0357529670907043
0.047113598468042 -0.0201239410169817 -0.0948276580361307 0.0418520644755181
0.0520973327872148 -0.00326931782558268 -0.152270956041751 0.198536714896999
-0.0585499941122631 0.184176987706682 -0.156425401013618 0.25702760586878
0.0910069895697468 0.147753284498734 -0.0564422268654512 0.164488368055152
0.146269871286147 -0.00655700121530586 -0.0788799283844169 0.138281083957594
0.0744368636774843 -0.130019108567638 -0.00937764971854467 0.193504066914052
-0.0365480113271441 -0.111513918996665 0.122530659917389 0.180469127275581
-0.0907920546577191 -0.071661994336969 0.218547718221046 0.113432898633741
-0.119261867061048 -0.0336786330507561 0.24211803231068 0.0497195466164599
-0.112521922420773 -0.0278322673896129 0.226092580331811 0.0523393733154735
-0.110059709894534 -0.052902007136499 0.196567850558268 0.0912563683679831
-0.0513851510497092 -0.115217402523106 0.108631254541557 0.135222502569518
0.0373964967849652 -0.117242179931051 0.0129633822029558 0.156279456846391
0.124217793856881 -0.071665318399148 -0.0664965952359557 0.116730419393327
0.104187259314383 0.0345903908929669 -0.0946985420048093 0.0703925744662611
0.0330600528708563 0.0902813061336864 -0.0760904487535078 0.0686011161940806
-0.0234700558325431 0.109044561905813 -0.131677494512337 0.18454976447789
-0.0667914647020948 0.261601111627919 -0.141228917113173 0.170570619846473
0.130508667275083 0.207494922708425 -0.0617199469428053 0.0874873863877002
0.228079662096659 -0.016752523179211 -0.103097257044944 0.0943141930331775
0.117526017725983 -0.212496600803208 -0.0414399655322997 0.16418031913912
-0.05878667588878 -0.182789985770286 0.0769440353384132 0.152420593376464
-0.141004782172484 -0.110770609386733 0.162974318939579 0.0962609063858994
-0.194855353931189 -0.0478257391150241 0.176394662033358 0.0404286600379972
-0.195656420501085 -0.0464130535636787 0.15565146928556 0.0368840039240522
-0.178231582326054 -0.0921536905592483 0.139433821607614 0.0490780143418917
-0.0880578822975047 -0.182927846468582 0.0882234080996405 0.0815911014900035
0.0501069032534771 -0.203897795034717 0.0236449750679073 0.0995597751937955
0.218571277695265 -0.130889912279587 -0.022551190177732 0.0876305472202467
0.193428464898391 0.0876750184389901 -0.0381289028644979 0.0887720283301332
0.0283116441483905 0.207626681041948 -0.0252482948319323 0.0824681998444004
-0.0993225897484024 0.220978266138744 -0.0685260798871613 0.139264647506359
-0.0756054403176734 0.287076978961786 -0.118191250343421 0.0743551954088322
0.123273612532066 0.235957010053225 -0.0578659446571578 0.014834638447004
0.260074804396658 -0.00085663082370551 -0.103935084344441 0.0350403116399993
0.159021987279531 -0.240260889980092 -0.0654603461019214 0.10502119051375
-0.0497668375680179 -0.227686497537495 0.0206437737916688 0.0990559270916978
-0.155989517884655 -0.142605046103569 0.0834060460442692 0.0650867298037271
-0.234870272905604 -0.0594662126968278 0.0867719859476806 0.0239008850852088
-0.249980476181817 -0.0560720225756158 0.0618446722026663 0.0147865345776578
-0.224767898247696 -0.109345573176721 0.0564443906466098 -0.000724447735672966
-0.125807158611099 -0.210439897148951 0.0463161456422981 0.0141794347476526
0.0301211756996093 -0.260790893246737 0.0174358305879594 0.0231000360030611
0.26674898107792 -0.195186984852155 0.0145092013437692 0.026945476343996
0.272699733914472 0.105829671001855 0.023202221918684 0.0646950705252852
0.0504569472397235 0.298656552734416 0.0435395117664619 0.0514189998419247
-0.145973902651954 0.313456768489899 0.0276489096870857 0.0526091891767018
-0.0911162040938649 0.266492102550873 -0.0800524073011193 -0.0114765487718084
0.0744050227157414 0.242146946264637 -0.0408879291302265 -0.0383165606242055
0.248862349466897 0.0436413794757914 -0.0762815523049007 -0.0149207924834968
0.197217574376513 -0.213462469074298 -0.0606303233280535 0.0351305718557072
-0.00868958274849508 -0.239848644837461 -0.0198622785824423 0.0274756577040268
-0.133334686822118 -0.163093838517922 0.00385637288579293 0.016238364089556
-0.233178695061919 -0.069459166448196 -0.00923382905953288 -0.00250323634323759
-0.267647691347488 -0.0570316776854524 -0.0417336897188342 -0.00961775365542776
-0.240953974712188 -0.104563515314492 -0.0411040622802714 -0.047443830318869
-0.15048197923972 -0.19599786710279 -0.0154428970123189 -0.0490572412301115
-0.00783821501790872 -0.268444794735855 -0.0128182150406425 -0.0511426308885194
0.253184980313077 -0.238130814700169 0.0211116968065885 -0.0461883313778608
0.308190307621279 0.0816985872647569 0.0579491259363534 0.00545231603445141
0.0874976149244568 0.327087377200071 0.102868106499937 -0.0249979684009412
-0.152397920165246 0.359049183340243 0.128520989239577 -0.0692384544056296
-0.105220661474804 0.210947439045276 -0.0284347712364942 -0.0808403909581891
0.0133742416821933 0.228787527898732 -0.0162304104528216 -0.0652968193466475
0.205862246712577 0.0891341518992798 -0.0223197900128354 -0.0340627646653128
0.208420694019749 -0.152528656466397 -0.0148597181554446 -0.0218642710960924
0.0341346330234882 -0.214905251336142 -0.0244369845404781 -0.0527284855783428
-0.0865069105181865 -0.159248588624901 -0.0563739931873116 -0.0465577701303175
-0.192822055904715 -0.0676992295393043 -0.0955682354245563 -0.0334407673666063
-0.243473893217445 -0.0453165829966685 -0.139148233072447 -0.028294219252865
-0.223842866607788 -0.0824773146666405 -0.138170351147218 -0.077167509558392
-0.150914437186093 -0.148737067871901 -0.0862048328962443 -0.0928746637397907
-0.0463417686806851 -0.227787681888202 -0.0586407316221948 -0.10079155513091
0.187135860356856 -0.239757935198658 -0.0026990828913149 -0.105687129563167
0.282936486956394 0.0318806960695708 0.0584413836437924 -0.0622565946320813
0.116040294389981 0.2765043058524 0.127766030680224 -0.11695868392812
-0.119004386668068 0.339088195799186 0.202281935999372 -0.201927888912757
-0.108999516346091 0.138795857505967 0.032995846668914 -0.13372626566159
-0.0347071014326723 0.192135938415572 0.00806104147881019 -0.075316187727047
0.144578357391024 0.109602576850181 0.0373419333629776 -0.0233114777027664
0.177679847412261 -0.0864090161383635 0.0503508777301537 -0.0540587997911405
0.0547132829804663 -0.15586599438462 -0.00161590549931036 -0.119661357930808
-0.0378650946190624 -0.124766306769879 -0.0894627443226936 -0.10815903920805
-0.124675640411538 -0.0535243588591384 -0.160107122213256 -0.0631474920926063
-0.179446586601052 -0.0274604425366011 -0.213487438606238 -0.0399581444916414
-0.169724427966842 -0.0533002280586428 -0.217562696938555 -0.0889999812151289
-0.120558667016055 -0.0921257109759833 -0.150685330012298 -0.116059429617001
-0.0615228603611109 -0.156451851683744 -0.102787230523796 -0.129174988478358
0.105510938674787 -0.191862184169172 -0.034348455895574 -0.143887660120684
0.203938434549999 -0.012093334071802 0.0446065460532021 -0.114574547048251
0.110337202759283 0.173935790437636 0.124188208269836 -0.183424131687621
-0.0693935389731872 0.251757625541966 0.23283882907332 -0.305069365092008
-0.0168067052656569 -0.0740244577867485 -0.163636529529021 0.320958705525555
-0.0592845189403848 -0.0549258913950706 -0.0527414313905166 0.24445701211579
-0.0964785735285746 0.0341083677470737 -0.032095729429186 0.142167841588229
-0.0233093430778919 0.105868034743538 0.000307724359127408 0.166431802814253
0.046525428340348 0.0641648753942242 0.113147472660496 0.190084115994681
0.0555196836930971 0.0205476477477362 0.212516185823197 0.132703390051986
0.0738614712411175 -0.00311755231722416 0.258728249269849 0.0598369985973634
0.0886846600879578 0.00950477335855967 0.261178225991882 0.045462754962994
0.0586633385949591 0.0493790667251506 0.223149994258559 0.104593307103575
0.0140884745499685 0.0653384635558463 0.11494317212231 0.146310780321438
-0.0292639335189977 0.0682259375314507 0.0186655160667759 0.16103147454416
-0.0913867057530566 0.0199403132654474 -0.0685503003852216 0.109117295383619
-0.0560220962471147 -0.077016510837761 -0.113034962578472 0.0183600884270454
0.0520247033502909 -0.112561404902394 -0.0918886281776688 0.0351070383167657
0.10572383792156 -0.107975961080302 -0.134740872286975 0.194768994661172
-0.0428705778973035 0.0661567642612428 -0.166704914026107 0.317794188176496
0.0187245817456393 0.0585028494897405 -0.0491271354659627 0.226602609671362
0.029805570601783 0.016800310060288 -0.0483889468323823 0.155725699199107
0.0295806007961369 -0.0131786512938543 0.00915543548770441 0.191369298785703
0.00643722313684003 -0.0271401748965735 0.136397200862181 0.189779342746036
-0.0184721914867846 -0.0296130344887909 0.236544618138507 0.123088192040487
-0.0247191810764263 -0.0209763597925769 0.272346005993427 0.0546743708025433
-0.013904145404983 -0.00868537745831227 0.265271779641652 0.0532801231209757
-0.0286165735172671 -0.00212190717837393 0.226537341935705 0.110479977881507
-0.0192120126530798 -0.0266869396335254 0.116387946457223 0.159763484079561
0.00521593433053169 -0.0230502569740721 0.0079051956144442 0.178834810265404
0.0148432855374111 -0.0250357947035489 -0.0883018262202054 0.120264333139518
0.0215680963578876 -0.0264318408514783 -0.122841857263218 0.0369503257088536
0.0470180307449504 -0.0201244265211713 -0.0954413555977208 0.0429521317869447
0.0525101911869606 -0.00382326431725846 -0.151287378747937 0.199989188600675
-0.0573787601059789 0.186388361516707 -0.155390407567268 0.259493313081737
0.0927856329485962 0.14780368117111 -0.0548478696336982 0.165823663871597
0.147226074379505 -0.00821715485836793 -0.0786704992517143 0.138657328376398
0.0737624665515737 -0.131226538194416 -0.00872319491867396 0.194359793739511
-0.0373692367840394 -0.112389447650458 0.123502297602943 0.180579191037123
-0.0918680322022684 -0.0715892444963579 0.220286793945947 0.112791382459371
-0.120624070849559 -0.0331248633299169 0.243850374117226 0.0480354656845712
-0.113403534282084 -0.0276827938509745 0.228061478642238 0.050246829739731
-0.110880067068771 -0.0530157350232413 0.198456870206281 0.0905908958700334
-0.0524398580961831 -0.116003682579773 0.109659533736904 0.135513212530637
0.0376267097151946 -0.118504509651436 0.0137238024453924 0.157277685296196
0.124895547763681 -0.072850597749064 -0.0661493992996751 0.118173224402357
0.10451990993752 0.0348666195761333 -0.0951157679222769 0.0717322585442099
0.0336705818422765 0.0906729375555737 -0.0764963827152745 0.0697625166244861
-0.0234250508245173 0.109644289558737 -0.131274839155568 0.186763476526515
-0.0648114062516149 0.263934426886501 -0.140826531581101 0.172351432813536
0.132401448101224 0.207608375574053 -0.060647169428915 0.0883857674802004
0.228735764032641 -0.0182762512177558 -0.103240321670886 0.0950113634095194
0.116761508939643 -0.215308755281135 -0.0410605231469934 0.165138529053968
-0.0598125540992664 -0.184170021761502 0.0776569916602462 0.152567026941918
-0.142441126969859 -0.11051146259868 0.164170546129527 0.0959767201939806
-0.196188843277122 -0.0469836501884615 0.177782953019688 0.0396662877944081
-0.19755824993345 -0.045356122319875 0.156983258172162 0.035976883371766
-0.180126727974917 -0.0919118735429108 0.140776071320347 0.0484747045891503
-0.0900284827325544 -0.184107154467716 0.0889703560309649 0.0818759805079152
0.0492617745466055 -0.206105461777273 0.0243712526708832 0.100572968744181
0.220000270820509 -0.132548685308594 -0.0218756682645492 0.0883258337328833
0.195228122073843 0.087221238435039 -0.0374421909787204 0.0896336402055746
0.0298069448021614 0.209646984662929 -0.0257836525602905 0.0832927200505956
-0.0988315592411896 0.222286545226057 -0.0681426167870617 0.140150445799546
-0.0744205868865583 0.289683193823219 -0.118427885561655 0.0755793738435857
0.12560520174565 0.237403248803905 -0.0578597656852592 0.0154270895338113
0.261919110003074 -0.00231842995193711 -0.104023349874229 0.0362773550870801
0.15828250723115 -0.243188440340334 -0.0651171672111381 0.106058821725005
-0.0507653284686921 -0.229365414838741 0.0205825322632785 0.0994329207206135
-0.157810062562899 -0.142408128298837 0.0840646987907892 0.0646480778017119
-0.236762944718601 -0.0585400843887199 0.0875828222672547 0.0232780867020955
-0.251820963437509 -0.0548958005383822 0.062229593754613 0.0143405008003795
-0.227304363038112 -0.109160007243584 0.0569278350414011 -0.000894929416273664
-0.128325898045974 -0.211164464681111 0.0467400659578815 0.0139579240996714
0.0295149759241662 -0.262692982980919 0.0181120816590471 0.0232497676593622
0.26812757834194 -0.197711620462382 0.0144058280924389 0.0265661531986332
0.275589859749834 0.105218441731815 0.0239607684545693 0.0654421404011033
0.0518095528830957 0.300589496323362 0.0437006798309357 0.0518113514875693
-0.144767750512605 0.315447199687838 0.0272545461337423 0.0522063361417055
-0.0903165927482999 0.268795549303646 -0.080043511044714 -0.0112456869125951
0.0766653613495609 0.243955083100789 -0.0414545992370208 -0.0383341158822923
0.251230018700599 0.0420578057545882 -0.0768717804419286 -0.0147498041241957
0.196842640190002 -0.21632393721409 -0.0605329776756531 0.035749147660874
-0.0107066516324172 -0.242043329446673 -0.0195567262098819 0.0271433831183527
-0.134594387334969 -0.163876241434196 0.00385857870411468 0.0163331751232275
-0.234554013627151 -0.0681718859169949 -0.00928709387713934 -0.00242675663048593
-0.268795635426314 -0.0550888975504466 -0.0418705706220559 -0.0090071367378792
-0.243274998855309 -0.103762643292821 -0.0416641378034562 -0.0475448846504872
-0.152239508446473 -0.196311774171337 -0.0157217003280055 -0.050043242739682
-0.0094386154578968 -0.269951708602064 -0.0121533666427887 -0.0515209253748165
0.252773568162899 -0.241364409313981 0.0215520090114944 -0.0466732121597983
0.310679155810131 0.0807239022553372 0.059142642272182 0.00537241580862585
0.0900166915847625 0.329620492933564 0.102558716394648 -0.025754954015643
-0.151008194420134 0.362291570899101 0.127913652380109 -0.0709657030961811
-0.104933293582756 0.212710637879866 -0.028588077504924 -0.0812234629272959
0.0147939231608066 0.230416398873181 -0.0160980351908091 -0.0655908469079038
0.207753367714071 0.0887868372850331 -0.0225033733764474 -0.0341419308182958
0.208586512454655 -0.155826469993271 -0.0147392519427171 -0.022021257214242
0.0327949519568357 -0.216118749806624 -0.0252903605416002 -0.0529144466776449
-0.0880543053441815 -0.160075240309248 -0.0566167088068928 -0.0464196675085518
-0.19399678143726 -0.0673194923049902 -0.0958989399537334 -0.0331111959692528
-0.244662469119892 -0.0432269638827789 -0.140277228247979 -0.0278512579167787
-0.225405360489026 -0.0813928263495312 -0.139671057849081 -0.0766418414116962
-0.152378512670019 -0.149561302017022 -0.0870147980352117 -0.0933359333090907
-0.0480927503734041 -0.228591011706706 -0.0587245458133072 -0.101198980417768
0.186375609320695 -0.242113259128758 -0.00313676356931917 -0.1062540209172
0.283717735287308 0.030834945515297 0.0594859297501296 -0.0622502731415313
0.118554876251033 0.277577915376986 0.127384931179145 -0.118834152063109
-0.118054943048175 0.341093496750985 0.200948650846944 -0.204918471413518
-0.109085970000921 0.140150008012507 0.0326088790513819 -0.134510014902243
-0.0331467653047836 0.193586531129798 0.00796666277773903 -0.0762789822386591
0.146114858288295 0.108657788007977 0.0372520407361814 -0.0234892775655349
0.177488550418115 -0.0889437298621623 0.0509534855149333 -0.0548446818829944
0.0537246225460446 -0.157762922029878 -0.00225410140437498 -0.120406132970952
-0.0384875266978458 -0.125985001405936 -0.0905322518694241 -0.108465734742611
-0.125556037860181 -0.0527179226787357 -0.161167002434151 -0.0626064145282592
-0.180254580194155 -0.0263006959262763 -0.214909814630563 -0.039118646036747
-0.171439766331203 -0.0521391757336577 -0.219032374339157 -0.0885395317649972
-0.122032357073044 -0.0918141667002039 -0.15159791409451 -0.11651029764864
-0.0626727908115708 -0.157299224894325 -0.103513664924421 -0.128995733995942
0.104649655181362 -0.193623186117198 -0.0345042878327647 -0.143821551115697
0.204848812335812 -0.0130629365569707 0.0451095500854224 -0.114702452241986
0.111392057342333 0.174326209686823 0.123296792774174 -0.185069498582995
-0.0682566009275369 0.253624421797183 0.230995821532365 -0.30862873698093
-0.0171117514056568 -0.0744206469888464 -0.16322678239791 0.324590559102368
-0.0604211554619925 -0.0556719631516686 -0.0499120244381164 0.245884640927308
-0.0973576632888411 0.0350820464654984 -0.0319223356841334 0.142684675654736
-0.0230098304046827 0.107657805228454 0.000712775836467641 0.166961219064258
0.047161051873306 0.0646861180969024 0.114998704055091 0.191123861567573
0.0561835974593032 0.0205971387001086 0.214695850523031 0.13344392801994
0.0745529188280453 -0.00391251745773392 0.259890226781168 0.0594827679536291
0.0889987180145347 0.00850192033435365 0.263280545359736 0.0444036877230379
0.0591512017477039 0.0490631384903545 0.225325593872683 0.104293529553172
0.01482800769226 0.0654639582568829 0.116088564021621 0.147521396593107
-0.0289357147933209 0.0695738824072418 0.0195422576059712 0.161893285892437
-0.0919190335219723 0.020972491937553 -0.0690367217281481 0.110534166840934
-0.0570043391802147 -0.0768787609632307 -0.113787315041503 0.0198354454609646
0.0514435294032758 -0.114029715910362 -0.0923396650114522 0.0363430854159384
0.105344450783824 -0.109628851810472 -0.133868070568356 0.197728897493779
-0.0422595434990325 0.0671127868763707 -0.165412357175654 0.320906880914696
0.0187837661104147 0.0582534600603055 -0.0482091873520495 0.228488107891729
0.030260099424826 0.0173216499759213 -0.0481240108688083 0.156403186253585
0.0300196026630145 -0.0132214766425186 0.00971997446185564 0.192441122061563
0.00637068566663474 -0.0267198097607583 0.137672771076584 0.190952595394782
-0.0191603786672446 -0.0297138449897132 0.238474953844946 0.12306066082539
-0.0253204598371717 -0.0212807914253521 0.275178893284645 0.0536677557322404
-0.0139796773275222 -0.00962088546707058 0.267627984275465 0.0522011074165726
-0.0286908250286253 -0.00235562008973342 0.228863128329017 0.109949110521683
-0.0190012118283912 -0.0272756311042838 0.118279745991994 0.160711313282203
0.00607844132084984 -0.0231674548736322 0.00795588738011983 0.179904959955558
0.0149639784059477 -0.0247706761605864 -0.0888960179417513 0.121386672274408
0.0219146757664382 -0.0259923456463949 -0.124508189068786 0.0379071938025261
0.0470688863420013 -0.0203225927165489 -0.0965483382957848 0.0439400582257961
0.0522916294337309 -0.00420023882090779 -0.151089066466352 0.202801520542583
-0.0562821786439018 0.187891870385028 -0.155456967402753 0.262516385063153
0.0944904758331626 0.148385337518633 -0.0536010018025788 0.167449218114848
0.147988761587984 -0.00874627510258184 -0.0785039446021376 0.13987041842237
0.0734971650570325 -0.133084397119418 -0.00783258881734638 0.195593308069716
-0.0385150771140338 -0.11331122448254 0.124334337750927 0.181795019784319
-0.0931413106504388 -0.071736215429777 0.222468567195398 0.112552571203953
-0.122188409428792 -0.0332099098969979 0.245518319936136 0.047492104439652
-0.114875614279946 -0.0277888332445903 0.23037991589713 0.0498864463268819
-0.112005593849614 -0.0539258914379064 0.200407594560411 0.0902336551911221
-0.052982495124677 -0.117748392884315 0.11135604878509 0.136439672257447
0.0374665038335687 -0.119908830694677 0.0149896535122484 0.158867761957183
0.12649822174343 -0.0736404223994735 -0.065826561597649 0.11908546722501
0.105940774613628 0.0350385463937976 -0.0955596783110999 0.0724733454730902
0.0340309926796989 0.091799960234781 -0.0772670874267651 0.0708302534607733
-0.0231361314427479 0.110483259766297 -0.131213044163305 0.188913693544918
-0.0641134455818894 0.266187050693475 -0.140748562560312 0.174687885302379
0.135225180844218 0.209103384222586 -0.0599776823309856 0.0893510910216956
0.230630756402734 -0.0201682414449478 -0.10336034125692 0.0956997982073061
0.116617611756089 -0.217943375675121 -0.0411516354552321 0.166910340033956
-0.0616283827672763 -0.184936774623793 0.078639169033688 0.153737571821898
-0.144387085620165 -0.110725853094749 0.165752748620851 0.0960095839301209
-0.198162205079561 -0.0462957824549717 0.17887168464221 0.0390620178319267
-0.199338993697531 -0.0452037226954253 0.158250108155668 0.0355021238819579
-0.18156476762102 -0.092172139695228 0.141957273477964 0.0481374809483403
-0.0911894169047958 -0.185598563382325 0.0902983232586867 0.0825396848884715
0.0490971003559348 -0.207876301904313 0.025464195756722 0.101493564108034
0.221540287833152 -0.135304352295377 -0.0218764049144571 0.0891243056716039
0.196822255844275 0.0878019826206671 -0.0370431207548006 0.0910937667500576
0.0313606426446994 0.211304494802115 -0.0258678600462586 0.0841680709374837
-0.0984988422893265 0.22472173049438 -0.0681482289702971 0.141596313077645
-0.0729900636455057 0.292735206141004 -0.119026192257294 0.0771134031257634
0.127916242941139 0.2388387369013 -0.0577351948612208 0.0154777340148726
0.264052230564919 -0.00400794100946004 -0.105311681895659 0.0366371234263378
0.158491238071561 -0.246815112442797 -0.0653255970072554 0.107102619257302
-0.0525056930572314 -0.231052791647356 0.0208430454023245 0.100770227641249
-0.159906318676908 -0.143803479479729 0.0852174951467865 0.0650336138651593
-0.238904777637751 -0.0585411539650397 0.0882664101389358 0.0230858218833031
-0.253844671496762 -0.0537435739520587 0.0628615129729801 0.0135534283513637
-0.229636424075293 -0.109162476061018 0.0576673569020273 -0.001325953360852
-0.129541318839341 -0.213030591156684 0.0472496446585804 0.0132891375666343
0.0291071549041609 -0.265008855221039 0.0188340876544625 0.0231064592908403
0.269341866165356 -0.200834981577631 0.0153581593740457 0.0269213570749487
0.277648149066054 0.104795364006516 0.0248465677034356 0.0655449680704107
0.0536102802501335 0.303467343509202 0.0437356975080138 0.052005032149555
-0.144953762909573 0.318937199673552 0.0274941954601574 0.0526731849531951
-0.0899854258415732 0.271387782690978 -0.0809074713757345 -0.0110759326529527
0.0786558771028666 0.246102595077559 -0.0415835359938628 -0.0388133249090819
0.253510844571701 0.0414041566241607 -0.0773832926456233 -0.0144541423817511
0.197445511927042 -0.219161445410836 -0.0607294702512896 0.036362999265096
-0.0112128151605082 -0.244292288121579 -0.0202170434417642 0.0281128037530887
-0.136286424764634 -0.165192445019322 0.00387037505765261 0.01626366493208
-0.237251425773313 -0.0676967341941292 -0.00891562488045436 -0.00220726661505936
-0.271588982941154 -0.0534174608021875 -0.042574704351762 -0.00976480196925811
-0.246106717484071 -0.10396024221471 -0.0423629862761011 -0.0476104770892478
-0.154094453846325 -0.198271928128611 -0.0157670059866326 -0.0506189010275951
-0.010338724903817 -0.272070620466269 -0.0122342977205964 -0.051338652588692
0.253392738048784 -0.244790048653638 0.0215603202429511 -0.0475150255162265
0.31365789340692 0.0803662724292825 0.0601499698536181 0.00581150640626203
0.0929530651832335 0.331512146671202 0.102411877090579 -0.0263775272197007
-0.150389444749106 0.365807661942854 0.127610504998202 -0.0724624752755616
-0.105750615862242 0.21523045638381 -0.0291322550013864 -0.0816280657552092
0.0158491192522328 0.232950105255518 -0.0165701590605335 -0.0661136341823701
0.210489210443011 0.0879102224544339 -0.0226441168002923 -0.0340566753349736
0.209692844383842 -0.158508637323509 -0.0147623373031617 -0.0223473617164425
0.0314108259222556 -0.218733810616053 -0.0257389672610424 -0.0534825343346127
-0.0896086001412128 -0.161372769645646 -0.0571281498625161 -0.0470838835305115
-0.195439281083751 -0.0670983446190313 -0.0969982073484393 -0.0332222172124851
-0.246593061569566 -0.0414398169808763 -0.141130372936711 -0.027206111356273
-0.227520928639382 -0.0808510055779075 -0.141185679374108 -0.0764777035867121
-0.154491478923481 -0.150276135071066 -0.0879333634196708 -0.0939824885068095
-0.0491869172954023 -0.230043210796424 -0.0591022783782823 -0.101749168778965
0.186716847251823 -0.244839968684421 -0.00327905847428048 -0.106747645099923
0.286617314153611 0.0296719754006799 0.059944881857545 -0.0626200420068612
0.121138322454251 0.279335700748363 0.127264790413038 -0.119831868383313
-0.117254956980801 0.344306175239375 0.200276425977834 -0.20779457106571
-0.109657179175593 0.142210385993812 0.0320905211423827 -0.135818196171568
-0.0327634232758394 0.195844023110977 0.00744460540919109 -0.0769559197404991
0.14804681217028 0.108237706761355 0.0375949311070521 -0.0239882950316075
0.178376051540434 -0.0914854993192366 0.0513138446228063 -0.0550936385415442
0.0533563819699389 -0.159904447592381 -0.00283997203579862 -0.121470531954053
-0.0395964570426043 -0.126937963651882 -0.0914031150669985 -0.109350503438002
-0.126288128707085 -0.0530086271448368 -0.162495188616024 -0.0628320355167773
-0.181727783957366 -0.0245760635147576 -0.216961445783159 -0.0383805413655647
-0.173054922638043 -0.0512833002843969 -0.221288847077076 -0.0875818409046801
-0.123214079483245 -0.0920502750202881 -0.153298064679941 -0.117664043516376
-0.0641014299033728 -0.157652413248765 -0.104108247189328 -0.130049025754485
0.104510000421873 -0.19538029886348 -0.0354270734965481 -0.144778919526376
0.2064524242668 -0.0136775300689814 0.0455642376754916 -0.115346920496638
0.113127956519823 0.17547379141821 0.122647179808399 -0.18703688542813
-0.0676519837394347 0.25585256121235 0.230126783895417 -0.312772533860224
-0.0169683989775895 -0.0748239073438142 -0.162003683177433 0.328676597127929
-0.0616425460641214 -0.0565877149172109 -0.0488943696952501 0.248129756852398
-0.0983443243314446 0.0364321567607592 -0.0309070199052612 0.143695384312139
-0.0225164544095173 0.108907741274759 0.0009502439155959 0.16820003501636
0.0483624097847494 0.0654636045376983 0.115920035508857 0.192752912912178
0.0562502288622069 0.0207565634927157 0.216050562521633 0.133408279328468
0.0748046631194886 -0.00456801176817309 0.262283002818021 0.0582953062082344
0.0897889697026792 0.00749972821717999 0.266101428097145 0.0434413853671098
0.0606959156524538 0.0487290992788691 0.228738558472552 0.104466274565444
0.015521339792417 0.0665543292554787 0.11845345098899 0.148689229717539
-0.0284928244831211 0.0702333850014241 0.0205991101291288 0.163924616968398
-0.0923698077368589 0.0219785479946128 -0.0693405397658626 0.111528647052996
-0.0576539710186655 -0.0774510809765635 -0.115832310809235 0.0202734301359016
0.0509478641034091 -0.114857111059247 -0.0936559430131772 0.0374548532529567
0.105741942457696 -0.110960273062634 -0.13394764629841 0.19977549773014
-0.0415234063491684 0.0680004166992522 -0.165225350221161 0.324172949552519
0.0195544401811475 0.0588190183562278 -0.0463196197898629 0.230546652015579
0.0306023005643749 0.0172353655576386 -0.0473916422209391 0.157536238121602
0.0301826718646607 -0.0135731014306646 0.0102429175416467 0.193436001948816
0.0061769205937926 -0.0268337512450439 0.139610030792536 0.192070298183489
-0.0200168050813266 -0.0297184959549821 0.241074414859072 0.123199237333016
-0.026222248247795 -0.0216183427760518 0.277963718306246 0.0528212304903794
-0.014019973697053 -0.0102329652840405 0.26981742859956 0.0515547696850416
-0.0286995868027411 -0.00236318186841932 0.231290280933035 0.109800419363215
-0.0192718408160338 -0.0276049303734919 0.120433299018989 0.161964874124065
0.00622838000092586 -0.0237191409289866 0.00877996625921204 0.182222195265181
0.0154177509214737 -0.0249239159327797 -0.0891638596945747 0.122774027697498
0.0215560321348749 -0.0258040685295107 -0.125623172836923 0.0392119762094703
0.0470282367776673 -0.020481762932188 -0.0974871383556519 0.0451043226914891
0.0524082633877817 -0.00444246405846326 -0.150716363623024 0.205658594221146
-0.0549040439437447 0.190177147126773 -0.155172551183754 0.265382678122349
0.0960424536617148 0.149365306011244 -0.0522450496445286 0.169668152061569
0.149210554308623 -0.0100265695550844 -0.0782110960900196 0.141674671643997
0.073417792596566 -0.13510449730291 -0.00778878055279838 0.197546476295558
-0.0392788756324278 -0.113593037224586 0.125366704072408 0.183125159532892
-0.0945962782947673 -0.0722349329239983 0.224995807056181 0.112058396257489
-0.12394576922391 -0.0332096947252021 0.248360232148923 0.0468014970729948
-0.115971174752466 -0.0278166120243853 0.233352296581583 0.048585030729502
-0.113609568896303 -0.0540663655124756 0.20333071019376 0.0896584142581675
-0.053906165603734 -0.119080520377716 0.113342019178517 0.137387947673721
0.0377153321269784 -0.121271422664147 0.0161727861812776 0.160273847045843
0.127549243460187 -0.0751421177456627 -0.0664143466125154 0.120931063642353
0.106907307172107 0.0356614447133755 -0.0958511398997142 0.073827303880629
0.0350014967545741 0.0927794057108029 -0.0781038839718463 0.0719983773475595
-0.0229840452906486 0.11149535216777 -0.131325447529094 0.190971299528189
-0.0625886953796763 0.269738986918231 -0.141371082840933 0.177138213955323
0.137595855841915 0.210843562443312 -0.0596826767674678 0.090166413109263
0.232643676687529 -0.0217021140751962 -0.104352738356973 0.0971376165644934
0.116450443087829 -0.220887463483047 -0.0413017342392669 0.168490153195044
-0.0629313635706236 -0.186629595794593 0.0792165606687683 0.15522360576959
-0.146554321570964 -0.11147915988994 0.167859207560363 0.0961730218745264
-0.200931058732941 -0.0464497619704519 0.181412213266557 0.0387593261355036
-0.201271301875054 -0.0441287140127418 0.160676795060023 0.0347821387600313
-0.1843682568825 -0.0928786874351968 0.143506919629804 0.048005576552891
-0.0930132576676473 -0.187890537566047 0.0916373737643555 0.0826523586019646
0.0488523107402553 -0.210533663268267 0.0264325907700307 0.10244391117927
0.223021489479723 -0.137323867562343 -0.0211818745157047 0.0901865872330004
0.199464143159252 0.0878181432884064 -0.0369887452684782 0.0917141164386643
0.0325389569800317 0.213810296195176 -0.0263148518916501 0.0850422282755826
-0.0978873065278424 0.227017192473131 -0.0687157554430534 0.143386579826152
-0.0721655127202378 0.295351410514237 -0.119209370946902 0.0782778180029753
0.130992525798054 0.240646544323841 -0.0578888876648608 0.0158897290482389
0.266671447329641 -0.00541204307939645 -0.106394184699887 0.0374001882767549
0.158787052840504 -0.250434450487726 -0.0656358093007811 0.10821613104975
-0.0545422015684284 -0.233359093486329 0.0209057170480059 0.10159734757929
-0.161840195125772 -0.144863382502376 0.0865006356387967 0.0651454593266616
-0.242476942758798 -0.0581308239540197 0.0893684292688955 0.022872979787723
-0.256977215139334 -0.0525688148038515 0.063108664637718 0.0134977461591022
-0.232423996052527 -0.109608133822051 0.0580710413365148 -0.00160846066467758
-0.131686690987452 -0.215540836914646 0.0477204958450276 0.0130747777264203
0.0279416323976314 -0.267721816945002 0.0199478361799955 0.0236915006447386
0.270917972742577 -0.204524543157577 0.0158045702425545 0.0270651547958347
0.280957788739536 0.105202098306323 0.025909534235339 0.0664212556873969
0.0567244958975482 0.307011679589058 0.0438202181343126 0.0522717297755285
-0.144682335393071 0.322049257794522 0.0273351549671255 0.0527225843567962
-0.0898875594882764 0.27464051887208 -0.0812650049739548 -0.0108004433514155
0.0808583361441637 0.249420904147587 -0.0416084987038333 -0.0389019677124217
0.25588605518381 0.0407127632574233 -0.0784606609969428 -0.0139851483346369
0.198237800659618 -0.223491732610502 -0.0609699518927683 0.0370672258758014
-0.0127045691689818 -0.247012728315324 -0.0208818231840913 0.0286414648657984
-0.138230004487925 -0.166292932158135 0.00431333432568178 0.016410937121492
-0.239253287027005 -0.0676792230911327 -0.00888750662441386 -0.00247950612384868
-0.274589361259454 -0.0526077650256188 -0.0430741523598085 -0.0093552698705061
-0.249312720603054 -0.103744951305632 -0.0432082186251953 -0.0480239408303073
-0.156814445908212 -0.200135160245638 -0.0160469411834275 -0.0515430108474835
-0.0117719700591969 -0.275381613265927 -0.0118886569932348 -0.0515875366958711
0.255504854494511 -0.248132103842883 0.0213623998456492 -0.0481767268732131
0.317136513157008 0.079822979910506 0.0616759854836042 0.00557464293971319
0.0958541789069153 0.334906009911146 0.102242534153361 -0.0272095439146732
-0.150350636493602 0.36956337132891 0.127674582924323 -0.0742421883517247
-0.105508897243882 0.218396375076428 -0.029485278766646 -0.0822141787821111
0.0181794921675832 0.235984792373007 -0.0168567827864779 -0.0671543740087078
0.213209788869646 0.0875711983008357 -0.02295503975278 -0.034357083824724
0.210026049302749 -0.161852185709337 -0.0145996965323207 -0.0223038912411974
0.0313335597966138 -0.221250219370147 -0.0263032777797993 -0.0538414631339095
-0.0911465526158274 -0.162996771114323 -0.0577914427439232 -0.0475429004997338
-0.197646940501354 -0.0665944375659918 -0.0974264739485912 -0.033136942434023
-0.249131272914038 -0.0400050384051196 -0.142562081180533 -0.026931716395882
-0.230904833760215 -0.0806123337565104 -0.143693496257383 -0.0767585566604102
-0.156664741080293 -0.151799606688164 -0.0892708612992053 -0.0950940889055584
-0.0505747907080679 -0.231890406869719 -0.0590430367334919 -0.102142737668954
0.187437408542221 -0.248451451299442 -0.00382373154097797 -0.107076518973723
0.289041981518274 0.0283297080592358 0.0611501130741594 -0.062763172869267
0.123160573466631 0.281755540413761 0.127286552343578 -0.121602691266137
-0.116463842851198 0.348826342844924 0.200197253271963 -0.211141321269457
-0.110498729114381 0.144168431677938 0.0323113986775097 -0.137483915119
-0.0312736237718335 0.198891606867153 0.00705804567044307 -0.077906680874057
0.150605163213212 0.108151810639598 0.0376979551354081 -0.0237619838050166
0.179362859972208 -0.0938326785625993 0.0524202480380032 -0.0564861139521967
0.0532842702021668 -0.161226253784846 -0.0033005906355474 -0.122962931344538
-0.0406541421169446 -0.128216331332531 -0.0925179194396292 -0.110268497412319
-0.127428716132057 -0.0531132760988789 -0.163425101074405 -0.0630653765951746
-0.183444648281391 -0.0231100448473752 -0.218772180773873 -0.0379563984814156
-0.175110619769252 -0.0510529576990145 -0.224135318792116 -0.0877986097515039
-0.125065402318452 -0.0928931065625394 -0.154860388308335 -0.117935343635477
-0.0649218921635953 -0.158817513231847 -0.105179122603773 -0.130650771753657
0.104259310830954 -0.19797991147218 -0.0358594058878991 -0.145138041144806
0.208529745658632 -0.014703639128269 0.0461188356241723 -0.116699415160935
0.115397617569824 0.177045951020612 0.122530506970079 -0.188832682391075
-0.0674117672558572 0.258473185079578 0.22981488537973 -0.317004699159519
-0.0172061725954855 -0.0755953029912826 -0.161267754951024 0.333297443491806
-0.0623012179775212 -0.0575130676651006 -0.0469775400122366 0.251213085721182
-0.0989785901027879 0.0371282829760604 -0.0299662668440068 0.14452686261395
-0.0218244067873884 0.111237808071656 0.00118220134070617 0.169782810535909
0.0490752818831141 0.0660622712136609 0.11759941653628 0.194447607932587
0.0569242695379404 0.0208472552480304 0.21933376420566 0.134204051151815
0.075131041646721 -0.00473424354985975 0.26507936791461 0.057754648994709
0.0909372461871178 0.00638309089530451 0.269463798314926 0.0426247013114952
0.0619187340164299 0.0483441461683295 0.231703721504041 0.103986205501548
0.0162513948328336 0.0669061369985039 0.120968724933986 0.150134968585749
-0.0278625119818578 0.0709364734712047 0.0213813374659534 0.1659122527283
-0.0928318460484512 0.0229225954251423 -0.0694546591395596 0.113088317666716
-0.0586522813136064 -0.077959459271742 -0.117445007177731 0.0212431543331372
0.0512027020914328 -0.116665153949047 -0.0951377122145558 0.0388324709022744
0.106467469383876 -0.112977615678616 -0.134153694326181 0.203074841463843
-0.0409616253529592 0.068792003459744 -0.165459762996602 0.329292072929408
0.0196015987579586 0.058399484048005 -0.0449023400246971 0.233517460006124
0.0307543939315406 0.0173658121340979 -0.0473263631828223 0.159401679254418
0.0301451450931022 -0.0132432400847642 0.0101986134445496 0.195128019415493
0.00655068089266089 -0.0271903728382857 0.141385951867329 0.194033395181127
-0.0201128534285014 -0.0300157662997068 0.244463156437563 0.123503049268755
-0.027151629925797 -0.0212991272007108 0.280656075328818 0.0521226271834416
-0.0147650097578246 -0.0108394705545236 0.274028723668905 0.0503174633618471
-0.0291593904244433 -0.00279065572414399 0.23454945958936 0.110328504861538
-0.0193843316018147 -0.027904591559161 0.122180027841775 0.16370324602715
0.0068827538658439 -0.0243704796352789 0.0103320635366128 0.184115327324912
0.0158561594129598 -0.0248566977108754 -0.089041149641649 0.125383508570363
0.0213985636017023 -0.0257211084912465 -0.127161982288483 0.039272555761827
0.0476230185064302 -0.0208491246695031 -0.0988677266883846 0.046528592741145
0.0528112105480675 -0.00485510484463879 -0.151863311522002 0.209291420585426
-0.0540570251451217 0.192650584155611 -0.155512981720063 0.269572796317064
0.098424674830361 0.150352277460069 -0.0517349235648603 0.171698433326621
0.150842152400771 -0.0109180781503538 -0.0787474354481707 0.143016133381655
0.0734054618278495 -0.136658221225696 -0.00731054741598731 0.199090136450381
-0.0403385309782518 -0.114789233291448 0.127728186956758 0.185031171793197
-0.0961139453497631 -0.0726105527927607 0.227957347812518 0.11229115277137
-0.125952170139157 -0.0332648940249923 0.251394530862063 0.046146835537035
-0.117282069451389 -0.0277109346222004 0.235992085836285 0.0478542512813635
-0.115065659832351 -0.0542286633653338 0.205869549438358 0.0898311308581868
-0.0550724154411079 -0.120212306733693 0.115464518921423 0.138665308109795
0.0382141045107084 -0.12310137032699 0.0171020179254408 0.162023916613587
0.128987590919598 -0.0763636112257468 -0.0658147405261238 0.122538827750219
0.108452105875747 0.0357564015596706 -0.096762283011694 0.0753512642796072
0.0356144542691472 0.0942045107880652 -0.0792621963951106 0.0734011631905344
-0.0226075343948679 0.113306740670277 -0.131963939444594 0.194326952777856
-0.0616284686608256 0.272909272701847 -0.142319571585148 0.179935096714748
0.140243379915279 0.212343934070588 -0.0591884799328667 0.0915571277668719
0.234948989706171 -0.0234702888218005 -0.104937154679805 0.0985031327520619
0.116517150492806 -0.224150741321545 -0.0406338828005368 0.170003789488862
-0.0646842194367991 -0.18868149072897 0.0808536996162012 0.156857945971472
-0.148738816631394 -0.112341467716411 0.170067617636856 0.0963837841780124
-0.203352100781214 -0.0459049374603996 0.183797822218946 0.0380984353089217
-0.204097851790708 -0.0439001511828907 0.162330043013332 0.0340943999639267
-0.186990615019332 -0.0935138436632851 0.145742887006505 0.047450840888577
-0.0947252998001781 -0.190260087205871 0.093431333131484 0.0829567542000651
0.0491665934747293 -0.21349114304253 0.0274891920025259 0.103667397003
0.225380727339232 -0.140207456048287 -0.021050550503544 0.0912278042082224
0.202425753168883 0.0887797666330145 -0.0365273456164051 0.093556332129137
0.0335513074239014 0.216557673635618 -0.02703208968584 0.0863066852185482
-0.0985108062629322 0.230275136529796 -0.0687783720999125 0.145088349631414
-0.0712557294052684 0.299688256231437 -0.120274795409907 0.0794592179615484
0.133856483328047 0.243511326296036 -0.0577161695590243 0.0163540886314571
0.269147522697784 -0.0073819320967013 -0.107172872860952 0.0378949906857077
0.159090227268139 -0.254626375344593 -0.0659462778824646 0.109728317637102
-0.0561124898737308 -0.23606962454718 0.0211062405847222 0.102758902300162
-0.164503561497804 -0.145972095092673 0.0875774865032013 0.0655788086816256
-0.244896082507796 -0.0576531589250134 0.0906962304502769 0.0227540772252657
-0.259963078577078 -0.0515016261160811 0.0642764297195402 0.0127564614087069
-0.236235644879695 -0.11017115322485 0.0586015373066529 -0.00208860617066926
-0.134523383661561 -0.217860308646964 0.0484531154751469 0.0127288541100125
0.0270669505287616 -0.271293515717876 0.0205840428869129 0.0237978589883267
0.273622463787793 -0.208472830650222 0.0161360315245121 0.0269940487396334
0.285166112914843 0.105781746016696 0.0270150241148377 0.0675169345674858
0.058191665348204 0.310011316227326 0.0434049112374426 0.0524178205498051
-0.145109740301546 0.326084267397885 0.0274982429275194 0.0531838052098079
-0.0895203260172128 0.278467643332872 -0.0821018545919805 -0.0101807142910656
0.082818733314751 0.252204041671252 -0.0420693193381717 -0.0390951666019375
0.259823336617216 0.0386259285033393 -0.0796126241544131 -0.0138046598649933
0.199163943648231 -0.227716353637863 -0.0615129251349853 0.037718244078936
-0.0144808224368756 -0.250129660331813 -0.0207178345488123 0.0288550984513645
-0.140832066858984 -0.168235813821063 0.00447362426566112 0.0163272784116844
-0.242783079283607 -0.0674817121282956 -0.00887146140531504 -0.00245434130008011
-0.277764993691256 -0.0509628567669744 -0.0434334924553093 -0.00948056079044444
-0.253068221460705 -0.103497597008498 -0.0443639957982641 -0.0484826236806738
-0.15903963148594 -0.202517297193034 -0.0167929714808922 -0.0523866393895057
-0.0127244892501466 -0.278040217954056 -0.0118089213259805 -0.0521892921953572
0.256418307727939 -0.252691067051682 0.0220634180194965 -0.0480680266242431
0.320944701691419 0.0796485581388328 0.0626606023916928 0.00593872044094958
0.0983556914225851 0.338455056760556 0.102778104184013 -0.0278980643853337
-0.150188678573944 0.374571973225708 0.127522689188068 -0.0762096629565299
-0.106182179465404 0.221080207753243 -0.0298773986456406 -0.083700224889922
0.0192103410619791 0.239065973081639 -0.0178780521726562 -0.0677573829340838
0.216015169125141 0.0871300553325024 -0.023596619589973 -0.0345390023897465
0.211643289148175 -0.165265889002492 -0.0142875179913118 -0.0225273328731099
0.0306539862523178 -0.224418900559596 -0.0270911425189175 -0.0540045940729301
-0.0930329281628193 -0.165125496660766 -0.0582355048207225 -0.0476929814626012
-0.200101868072015 -0.0669636655738334 -0.098866502363046 -0.0330788500142408
-0.251981696274747 -0.0388017338624997 -0.144335395273905 -0.0264647973714279
-0.234223573812726 -0.0799192220858416 -0.145695770676113 -0.0764566476102281
-0.158845757310665 -0.152780141132456 -0.0905511636210507 -0.0964117715718815
-0.0522613770140537 -0.234464350908164 -0.0596697138597568 -0.103263853332645
0.187782711894342 -0.252169371677376 -0.00340717583970998 -0.108814231396227
0.292773980778449 0.0278799528076725 0.0623692242297665 -0.0635931540101863
0.126169355968744 0.285003424230628 0.127426375438824 -0.123786535243141
-0.116510886880335 0.352626500930437 0.199962849540849 -0.214688593859482
-0.111830367556712 0.146571748157134 0.0323751576184672 -0.138998426720242
-0.0306531672459697 0.20173928755112 0.00643376166141566 -0.0789448844434799
0.152939537400416 0.107960463184939 0.0381318374163482 -0.024377547744953
0.18052394368016 -0.0962749059438939 0.0530923175046421 -0.0577403393537782
0.0523065700674765 -0.163391781571085 -0.00397938585444323 -0.124713699262739
-0.0417404964453901 -0.129908434938317 -0.0934470245432063 -0.111246400273479
-0.128968117148444 -0.052948579484272 -0.165210138417908 -0.0628643644361252
-0.185187036591208 -0.0218371786035231 -0.221699203592775 -0.0371484133293461
-0.177752047633975 -0.0502693296115533 -0.227593839817769 -0.0877592848490648
-0.127020283379004 -0.0931226187269721 -0.157253972341755 -0.119111578228335
-0.0667205566286969 -0.159828420509229 -0.105816749285035 -0.131685205004086
0.104572189306592 -0.200711813162071 -0.0371947206312559 -0.146627168548443
0.21010984375837 -0.0160583897641009 0.0462808207649908 -0.116757776923121
0.117529673393292 0.178445742243881 0.122103754174489 -0.19197834073021
-0.0669090578908542 0.261196376706862 0.23023500833341 -0.32164241173904
-0.0388558164769999 -0.0650670372580244 -0.0106220592096276 0.375060744945787
-0.0774481729143165 -0.0303630214485869 0.0653904440075556 0.251428853958706
-0.0738778071636924 0.0732999577870211 0.0350791097968992 0.149574151402237
0.0283645996164558 0.106757531803289 0.078809131029432 0.159723092730117
0.0725050172620512 0.0361524561530759 0.196555460087574 0.124714156038083
0.0604286311635023 -0.00678832774221881 0.260490806406877 0.024618940052275
0.0669338327597637 -0.0357094360562795 0.27180083367399 -0.0648642390882222
0.0860686552888928 -0.0330154773813304 0.266146063045272 -0.0797243436121535
0.078753506992927 0.0190720741470362 0.257675052978034 -0.00613375084481162
0.0446340244138776 0.0549397694712946 0.176393048838992 0.0858458530288918
0.00535931803041917 0.0786832620203139 0.0890688722533569 0.141071943438822
-0.0745065955398832 0.0631154043185207 -0.0195632681299893 0.128314353321464
-0.0898191654684127 -0.0473233264195726 -0.0949742286553057 0.0676340598491227
-0.00566537476210279 -0.130389464217762 -0.0640510838087546 0.0784918438882137
0.0463695975586148 -0.153717942151765 -0.0319702044401644 0.251877983956219
-0.0037552034042164 0.0778766470679968 -0.0103606873926803 0.376216421259617
0.0445906529537385 0.0415285400706667 0.063145347826213 0.233167879673773
0.0372323303726686 0.00210658474069591 0.0272861888311681 0.163976768289426
0.0240716986122987 -0.0266938592436776 0.0957917855657087 0.172805727052075
-0.00507675051917779 -0.0306686527016625 0.213104859641531 0.113824111407564
-0.03192990708536 -0.0210551952052515 0.275705116987577 0.00530671723413724
-0.0334629028201604 -0.00786038101164809 0.278678395725167 -0.0761701824734375
-0.0200487395179224 -0.00551137337833949 0.273144384621954 -0.0758902510618785
-0.0276749613803136 0.010373386523404 0.264291655468341 -0.00456595912873777
-0.0292401976292181 -0.0181638357573964 0.184756177755095 0.0946569775674841
-0.00307529697433268 -0.0251245074150972 0.0911212632814213 0.163260634729658
0.00313168968001205 -0.0277310774794033 -0.0255310054165466 0.15321754391948
0.00752785205983061 -0.0330413539563676 -0.0964167460364706 0.0925482794041638
0.0335084895031767 -0.0397663297892773 -0.0696366286298932 0.087464550071964
0.0461395771961891 -0.0273322354532886 -0.0509206736715481 0.260486943548396
0.0329916165861197 0.197710388597922 -0.0230569487663606 0.320636287555467
0.152718317000011 0.0942559732197367 0.0328808265937864 0.177435949450598
0.135504638566929 -0.0722820443770456 -0.0080456331644597 0.15662319769709
0.0116376065338766 -0.155178574341857 0.0777675528751265 0.178794085103779
-0.0838750848727903 -0.0912652477425815 0.192800600723347 0.112210837490331
-0.119585085746252 -0.0282331238971008 0.253828149111757 0.00290498165444367
-0.128465588128107 0.0225421921364289 0.246005787387302 -0.0673732187831274
-0.123092398158474 0.0215776468184607 0.236863350212768 -0.0621980819407382
-0.129531595484383 -0.00164878822026793 0.228361662643208 -0.0118250861566694
-0.102007657274531 -0.0887034159857498 0.169068007885234 0.0724887461718677
-0.0160989985052797 -0.131538179917832 0.0924547573249033 0.141006473001503
0.0843038218473447 -0.123849837460485 0.0023865952208033 0.14620585366331
0.116145052507562 -0.0118760146058586 -0.0555878391999389 0.115321857640115
0.0731518267541991 0.0729868408462648 -0.0458454890755277 0.103327206005642
0.0300142539162217 0.118577486879359 -0.0443628833150611 0.2326967943238
0.0565556253770345 0.275579114024609 -0.0456893495431391 0.233866492756985
0.216452950303855 0.134879561684404 -0.00752208086158636 0.106590778256178
0.20753623290861 -0.117115574670069 -0.0506783350706544 0.123766795438445
0.0137762154342737 -0.250185087750576 0.0326286731633352 0.162183570484274
-0.136370749566462 -0.147145093358649 0.134065992889822 0.107000779498664
-0.184249574293552 -0.0417554224305349 0.192469701912404 0.0141031411423972
-0.205147056645319 0.0432206258101947 0.177483821853603 -0.043783806934676
-0.210824316121458 0.0431795426411097 0.162619545059139 -0.0427477144633228
-0.213434840707601 -0.00761266656439361 0.154746793963917 -0.0248676938070554
-0.169245605503851 -0.137190653220734 0.124570709756149 0.0290898208030845
-0.0446439894257326 -0.221813927591067 0.0802457355323984 0.0828952504367137
0.144766259481618 -0.224747068757916 0.0374523920184294 0.10217376486065
0.227454530647396 -0.00266214125816462 0.00551387374594813 0.110110834700276
0.12585598653852 0.187440993691943 0.000756276032343136 0.0926539808288314
0.0140457225725293 0.263597551498915 -0.0133150821093172 0.15489817193604
0.0564230470795827 0.305212271895967 -0.0677533784709761 0.133165694439219
0.221853720126473 0.16716563875159 -0.0386432329719351 0.0373305966213796
0.245164652571806 -0.115834225585914 -0.0773585954371159 0.0684146189671784
0.0389456988258052 -0.295241391912809 -0.0164821925377025 0.115818024875668
-0.147834411007828 -0.192847912304969 0.054572524103092 0.0835865687310166
-0.212576587897102 -0.0656255180815892 0.102674680791563 0.0213539685210173
-0.247540699020951 0.0500836510726221 0.0840781711742195 -0.0166981476482056
-0.266282854850444 0.0593669189301375 0.0629762266880368 -0.0185624552213355
-0.265780910486402 -0.00240326050810272 0.0524573758255299 -0.0322884608831866
-0.217999200337089 -0.146386576506279 0.0526785712500826 -0.0166064333655467
-0.0905352902128446 -0.267012741273597 0.0412524575297138 0.0117720484448263
0.159098140508053 -0.308823500040929 0.0498871263867863 0.0280266614941105
0.312365821114579 -0.0223896725561654 0.0523229028313828 0.0621327994881227
0.190359614343537 0.263721727940242 0.0459594509375498 0.0332511259068826
0.0161760814109328 0.374215511320729 0.0302804830411241 0.0252454817341515
0.0297615701192611 0.293009925049271 -0.072072673964446 0.0340106293305952
0.178533016236815 0.196420457510933 -0.0485218351788467 -0.0190836286963093
0.2542202017246 -0.0691849933266574 -0.0728079699560945 0.00993123187989118
0.0849870866661166 -0.286721455000789 -0.0418391858473589 0.0468155380868271
-0.116341058985717 -0.221858964853513 -0.0164589598515746 0.0328247248857998
-0.200433214534099 -0.0954672331807609 0.00501562340906309 0.0130142322625025
-0.250215257810856 0.0398602652406826 -0.01840660907664 0.00340339865270156
-0.28168952516737 0.0679971771171437 -0.0460393651412803 0.0082455855465329
-0.279393752862519 0.0103487246846716 -0.0622328044555018 -0.028919360883253
-0.234429822311167 -0.120211937126588 -0.0366299816314044 -0.0483491946443736
-0.131460484862372 -0.255496588071367 -0.021235682011492 -0.0453949052503739
0.124619491906001 -0.343270890550704 0.0245601718169446 -0.046184478363514
0.335666709949848 -0.0627733389857469 0.0591290207649448 -0.00818047216382459
0.240957518858752 0.271150884735913 0.0645944583269228 -0.0634464524556118
0.0332705533716484 0.42078774057644 0.0646756522809386 -0.137429435320272
-0.0104820976608103 0.24746752700463 -0.057251155428635 -0.0559304216476184
0.115376076891646 0.211933860895372 -0.0394021666899324 -0.0543780001813062
0.232657615121798 -0.00829664215173342 -0.0289037795318738 -0.0299366544143381
0.120535864294815 -0.235505999120656 -0.0223366017175578 -0.0277435266255319
-0.065930899735207 -0.216158843193658 -0.0572185458197567 -0.0424691864689479
-0.155105298443941 -0.112347421348525 -0.0797313147708896 -0.0187051163976821
-0.21102399982547 0.0226271179681667 -0.11314575593528 0.0142783737009505
-0.251494822288769 0.0693708505180353 -0.145690362282562 0.0384567850694415
-0.252078060501155 0.0238167829849491 -0.168228575082815 -0.00950752965715712
-0.213046446916892 -0.0742849756943287 -0.124528280083778 -0.0550338623546569
-0.150175346957214 -0.197129081338282 -0.0888641553408549 -0.0720085209133706
0.0613210422643855 -0.313270032480392 -0.0270619804908319 -0.0946131974662456
0.286612752254895 -0.0999011523152373 0.0306236119609183 -0.0725110123467344
0.243605225361784 0.207624276931765 0.0487108460395065 -0.159769195882937
0.0555635107308602 0.383502799541904 0.0727625335526535 -0.294205940646264
-0.0470481296899304 0.180590469885362 -0.0263060247355974 -0.135189133255758
0.0541587522593025 0.197131801915301 -0.0233209318074977 -0.0737601944477858
0.183447641146814 0.0364740051785971 0.032097113591129 -0.0443629953879882
0.120115509448033 -0.161703672485236 0.0256155368306104 -0.0863139790005301
-0.0223532612341292 -0.169952761286718 -0.0643919671592441 -0.117081821133813
-0.0939514666158997 -0.100654951509981 -0.13811436031806 -0.0618428846691161
-0.140242111266903 0.00533364389287112 -0.184738082867656 0.0153407316456014
-0.181501926199509 0.0577432706628126 -0.220531516842437 0.0632533330211149
-0.186846033172346 0.0275811856096734 -0.247969587008092 0.0186081394474406
-0.158096940063957 -0.0326829025306924 -0.196869099659101 -0.0443269790087221
-0.132169852335931 -0.121555626140058 -0.146390535805751 -0.0781508313382414
0.00744965287767998 -0.230435628865833 -0.0802679007349846 -0.118032043041663
0.191224544744191 -0.10619212985704 -0.00616730341397532 -0.117563027162338
0.188876568392738 0.112559554018485 0.0204666155167168 -0.221014931916559
0.0605129601132699 0.273969158425399 0.0591411221054337 -0.401107306467979
-0.039138811578981 -0.0658529894833322 -0.00707204608139489 0.380732421525435
-0.0792740888976223 -0.0306973052569725 0.0698046778570752 0.254501984374996
-0.0742160873573122 0.0753853059631511 0.0363874929601624 0.150468380057855
0.0299903662103425 0.108558338693843 0.0798802372957266 0.161344864243101
0.0739232540810111 0.0362471136940507 0.200884298162683 0.125236138904137
0.0613643846735685 -0.00722854869019476 0.265000750588331 0.0238510240870133
0.0673110417614267 -0.0373545325599084 0.274959518012221 -0.0676165986480329
0.0865253801603375 -0.0348847893145494 0.269728176385962 -0.0837373579949797
0.0803187737786141 0.0185709904753355 0.262359144214389 -0.00904220382093127
0.0455626788599633 0.0550387480931472 0.179844146899118 0.0860467638096193
0.00643757715848242 0.0799769486293162 0.09126156582559 0.142677796652413
-0.0751835515475744 0.06471037784969 -0.0187748378133881 0.130245718251707
-0.0918211588506191 -0.047473037400992 -0.0960563685260486 0.069867804213434
-0.00675834638089733 -0.132531851348745 -0.0647144280970046 0.0807280874864509
0.0457648713815448 -0.156013950124115 -0.0293455881387628 0.256213415593747
-0.00264327638442036 0.0787504177688915 -0.00728509208453061 0.382235107834372
0.0455405633201354 0.0414066147971846 0.0675476510478674 0.235378971866352
0.0374400480635913 0.00237781224019533 0.0285011757817363 0.165581804095132
0.0241554404901211 -0.026701051124556 0.0981211157550197 0.174723175442798
-0.00521667498151625 -0.0315168884810217 0.216958299372733 0.113997937901077
-0.0328898919132714 -0.0208669828565729 0.280070172350937 0.00316450932022513
-0.034532533382125 -0.00799769500429343 0.282885358090535 -0.079562096367666
-0.0204789599594412 -0.00543281174155244 0.277145168796619 -0.0803407917315563
-0.0283849015900698 0.0100186287689425 0.268017326863469 -0.00655014948870725
-0.0298058408894102 -0.0186005958767853 0.188812794383277 0.0946627637209431
-0.00263447968323217 -0.0259266468252031 0.0941854786431282 0.165017931827977
0.00404576980946911 -0.0279430538690143 -0.0249212204902732 0.155852359506263
0.0074867554583436 -0.0336077250279416 -0.0977259548388221 0.0949479593426131
0.0338802971953622 -0.0401808242664221 -0.0702916872232408 0.0897066815105619
0.0466160276301446 -0.0278224169209613 -0.0488465299401794 0.265022383649533
0.0356511318269447 0.200280248342403 -0.0208776414516916 0.325689780053412
0.156395749667151 0.0941767415926493 0.0357519799403435 0.179373763935669
0.136882355481624 -0.074072327290976 -0.00717521431629696 0.159062687908149
0.0101309330829731 -0.157876155095373 0.0796498322542924 0.180970029555027
-0.0859175864599252 -0.0921489534518681 0.196137141270911 0.112818016973217
-0.121917666236632 -0.0273840725742407 0.257648699897961 0.00109831495091686
-0.131217278632196 0.0238850890311069 0.249382251148325 -0.0706599240108735
-0.125357390647365 0.0228552111257378 0.240250335613522 -0.0649707443111523
-0.131868470778731 -0.00121565546353496 0.231647805478539 -0.0142313428126454
-0.104112712286094 -0.0902878821846597 0.172159944829716 0.0724577667210074
-0.0166988324558108 -0.134287481241739 0.0953218989542236 0.142528690691923
0.0850189554429018 -0.126661271043073 0.00369947907662102 0.148660115818246
0.117784122554564 -0.0124227826173493 -0.0557439173221758 0.117875278962136
0.0749518806121108 0.0740645340773602 -0.0463416150060164 0.105535127609318
0.0310585889874924 0.120184501542975 -0.0436449314427958 0.236917059873116
0.0602058452510862 0.279811033766744 -0.0449738997173242 0.237943714893807
0.221173182525694 0.135183468823185 -0.00651123925367475 0.108145560355107
0.210254705246045 -0.120995514734535 -0.0505962554787583 0.125599363996105
0.0120150661676872 -0.254931383164801 0.0337436075754326 0.16457859944396
-0.139265079106456 -0.148724233977444 0.136775577411467 0.108331551566075
-0.187810286476184 -0.0414710684800438 0.195610646614464 0.0130333127380594
-0.208699786923432 0.0458012901147264 0.18034302945235 -0.0460570681436559
-0.21378150105021 0.0454041665456907 0.164867188140774 -0.045153422964621
-0.217136495484584 -0.00680004807126663 0.156813380398617 -0.0266504448246539
-0.172680614411874 -0.13836055850657 0.126894687803915 0.0283872508507261
-0.0469378000193842 -0.225126069855644 0.0822974415256306 0.0833208883384905
0.146237660798369 -0.229888897032033 0.0389712165889407 0.103269493735743
0.231024610329752 -0.0036219462640056 0.00664446539141028 0.111568166454558
0.129347187319423 0.190410407764489 0.00127855841455451 0.0948240853138492
0.015706563151228 0.267691882851622 -0.0125849528386716 0.157346566951708
0.0601550909889747 0.3095709527142 -0.0675842327471152 0.135609720011637
0.227014924591388 0.168124976872695 -0.0385082382187878 0.0379911402040904
0.247945435703256 -0.119806759805777 -0.0784925195942209 0.0700301756343806
0.0366650575758931 -0.301134839261786 -0.0161181679064498 0.117304677880937
-0.151908430891279 -0.195281567172171 0.055976727488663 0.0844076246353079
-0.217116095388085 -0.0655303836726362 0.104267562670211 0.0215228722606744
-0.251279233645774 0.0522872213833651 0.0854872288465317 -0.0181267222578146
-0.269946693584642 0.0627083739173428 0.0634095901856309 -0.0194482068596175
-0.271047960011883 -0.000710424467523826 0.0529830895320899 -0.0333537025221412
-0.222554350580543 -0.147421310784532 0.0532866126961114 -0.0176506000073642
-0.0934696040753543 -0.270642269793297 0.0426799393810013 0.0117148744807679
0.159904220388107 -0.315119974908852 0.0510904601710073 0.0281159164546205
0.317271830832575 -0.0246073159453344 0.0539631796452199 0.0626476806190012
0.196030426776764 0.266786042591301 0.0467356981964671 0.0340072657577218
0.0188713300558476 0.379816385529181 0.0301931480669435 0.0255724724341302
0.0317352933993969 0.297774807435963 -0.0726654781703416 0.0349088589975732
0.183553315901297 0.19913777380344 -0.0495366138054825 -0.0188812600297353
0.257222934598151 -0.0719514695231747 -0.0740802998947517 0.0106170222808696
0.0837619342745435 -0.292027132521225 -0.0418290435238795 0.047508996112846
-0.119296911490479 -0.225055068174187 -0.0171927779290297 0.0331867184527953
-0.204614207494251 -0.0961270440093385 0.0052417639409273 0.0129663229312255
-0.253658927641285 0.0426273189482004 -0.0183605271777198 0.00340040418353482
-0.28546335931798 0.0716706860808403 -0.0470581486097523 0.00903500646931421
-0.284126699351791 0.0125219241187294 -0.0635978655986596 -0.0288947862291041
-0.239273084366403 -0.120932113818616 -0.0375114041608263 -0.0491172807398288
-0.135934967440634 -0.2590548135101 -0.0212630860500825 -0.0460774641586255
0.123898614706418 -0.349613909660004 0.0250100600740813 -0.0472110624774735
0.340413122844297 -0.0660071241330279 0.0609518188401878 -0.00887587886736699
0.247444751957597 0.274289821432087 0.0642920513437876 -0.0646407926907847
0.0371684912655213 0.428045022607049 0.0638592460336991 -0.140018968146003
-0.00889877073518235 0.251674871241588 -0.0585234869249871 -0.0562010849676211
0.119425173755144 0.214999498451281 -0.0403794988785319 -0.0549686644048651
0.236500671188064 -0.0104454786845635 -0.0298099842117617 -0.030093161807337
0.120549629600722 -0.240936969133021 -0.0228940972935227 -0.0282799986751717
-0.0690968842947298 -0.219557741173454 -0.0585865317245131 -0.0425215061340677
-0.159283455892667 -0.112880052908535 -0.0810037180491085 -0.0191645112586947
-0.213674747434531 0.0244824111880216 -0.114636160239187 0.0148080851995376
-0.254820767246861 0.07313541511945 -0.148232308234463 0.0396233656063025
-0.25584720768183 0.026656413723948 -0.170766653641885 -0.00786001790984518
-0.217328569297923 -0.0744550540907185 -0.127438214921907 -0.0549433480225792
-0.153687570009657 -0.19885096701738 -0.0902688751027938 -0.0730884757334755
0.0602017544357723 -0.31903656554921 -0.0278368165124782 -0.095398477786566
0.290629868816894 -0.103137499594011 0.0313424799029121 -0.0737874529164737
0.24913210898118 0.209525985671186 0.0476316319669515 -0.162598800627295
0.0590672419453017 0.389172911778921 0.0710560339402614 -0.299015195751509
-0.046611914666287 0.18481327281819 -0.0281131452746288 -0.137151741614667
0.0570115473342891 0.200435622630724 -0.0247874289946768 -0.074786741582692
0.186468775565809 0.0349041770872922 0.0320994258215447 -0.0453143550983851
0.120460651366894 -0.165380173331425 0.0256693229104393 -0.088205019851235
-0.0236876221002289 -0.1720590250412 -0.0665269522143942 -0.118312880435907
-0.0965648484126516 -0.101932788963692 -0.14058270739125 -0.0620309799714718
-0.142065400201085 0.00635407395792874 -0.187504748356419 0.0164054280235765
-0.183335995399575 0.0607279105098212 -0.223042839241006 0.0655891884146647
-0.189622202676012 0.0303669780662734 -0.25136619655156 0.0204997260478844
-0.160976443589334 -0.0320066388338946 -0.200561612271245 -0.043787224436124
-0.134950712406738 -0.12211789264488 -0.148574999874282 -0.0787269747255771
0.00560661994980441 -0.233846863563145 -0.0813497018288122 -0.119082448265983
0.193116617706429 -0.109460710366309 -0.00616161642999443 -0.11933504882574
0.192609202972917 0.112823573754348 0.0187433322456726 -0.224405990177451
0.0627443632336863 0.277862994859371 0.0551780424036955 -0.407138768690396
-0.0400922743202927 -0.0669854041391026 -0.0027052116017564 0.3868160751059
-0.0809764955299149 -0.0309119195789262 0.0746181135032812 0.257145374206389
-0.0750112560233003 0.0772815347409022 0.0379945862868477 0.152311384648275
0.0319587162962288 0.110460625710625 0.0823422219942546 0.163349222017944
0.0757786390397336 0.0363369719562934 0.204926949317464 0.126054851285644
0.0625579640666264 -0.00764995376451763 0.269286826416356 0.0224150042004245
0.067773413587524 -0.0380097326963924 0.278644310025269 -0.0709388220831829
0.0875995008879967 -0.0365739285184787 0.27418397131687 -0.0874581677114752
0.0819040856405892 0.0172220185336443 0.267031695582997 -0.0115063514603929
0.0472756827646804 0.056038060470396 0.184464434571449 0.086405595719912
0.00790726690384819 0.0804472884311982 0.0940416838754824 0.143889285924203
-0.0748430583776503 0.0669635010028935 -0.0181089687200372 0.133117761278138
-0.0940809518586114 -0.0467959722591888 -0.0970015363058933 0.0722119590815414
-0.00844775433570357 -0.134843047970916 -0.0650234612847659 0.0833223149660252
0.0448086419271733 -0.159077111094428 -0.0268133018170771 0.26087445422869
-0.000880100720057996 0.080276287085755 -0.00283824912424665 0.38810132661729
0.0466811588860161 0.0412650881370271 0.0707419858864022 0.237784478545037
0.0380890153614488 0.0018196371721523 0.0301873202974882 0.168396978339518
0.0245427034892277 -0.0276531725061271 0.100302910552046 0.176828444177015
-0.00568487637681855 -0.0321283839084954 0.221174411154514 0.11491417061817
-0.0334539929432818 -0.0210488155329187 0.284383800787045 0.00172975700333394
-0.0356028194282352 -0.00750997469363587 0.28641407028141 -0.0830564346744901
-0.0216481520422306 -0.00582062263395318 0.280918783246305 -0.0833677930198154
-0.0284989339553764 0.00990922754895908 0.27348556242228 -0.00929772834845654
-0.0303515480518652 -0.0188898423074001 0.193285384785866 0.0956739469551962
-0.00254101714926469 -0.0264164943714454 0.0979121740983868 0.167072702623063
0.00384091050980926 -0.0287967860731195 -0.0231947581159991 0.158754550224454
0.00808173394153093 -0.0334405394579642 -0.0990608908939014 0.0978276581669834
0.0339761233515706 -0.0410304799587018 -0.0705681578491714 0.0917933302692046
0.0468581024254893 -0.0281742707374827 -0.0470294544674162 0.270071878394796
0.0388343844252196 0.203112916040457 -0.0178749542198693 0.331370604028309
0.15992888809417 0.0941929093271134 0.0381211729402846 0.181693922050655
0.138346596523732 -0.076566391707717 -0.00625713744903912 0.161402307532094
0.00886981689013086 -0.160132964846256 0.0817924713855147 0.183378304151254
-0.0880538259317429 -0.0926021262463784 0.200178310131209 0.113500469788518
-0.124536671421525 -0.0269155560539559 0.261966577156814 -0.00106554524332107
-0.133747330332556 0.0256978592306053 0.2528388335231 -0.0740332748078691
-0.127174295713513 0.024134523225412 0.243859158237355 -0.068776897342387
-0.134457367476444 -4.09252687503959E-05 0.236014448014423 -0.01629675785366
-0.107152409933814 -0.0913931681849955 0.176209083569549 0.0724510573875333
-0.0178296253211408 -0.136905402701377 0.098467330963642 0.144066235796223
0.0861887096274813 -0.129847600365596 0.00492255071518532 0.150945100939748
0.120355286087631 -0.0131113026978165 -0.0556986693084658 0.120314542432317
0.0766373792647685 0.0751372842348912 -0.046210974446869 0.108248214960444
0.0327351891456648 0.122317452587487 -0.0419431113301611 0.240977114694826
0.0643602954196628 0.28392095628737 -0.0433284495264615 0.241884587358053
0.22700157537197 0.135584807336322 -0.00497529049316967 0.10940484182618
0.212079303112487 -0.124777059270455 -0.0507949890542711 0.128304474321287
0.00944592067671552 -0.259774416221344 0.0355719484927032 0.167250481186714
-0.143119538140781 -0.150226502207099 0.139466361333939 0.110041856409846
-0.191548972345689 -0.0404797454672432 0.198677089726713 0.0114743081194886
-0.212093630130294 0.0481052911836324 0.182812878986389 -0.0481172417490451
-0.217185240932447 0.0482906266866164 0.167235689626024 -0.0474918091456877
-0.221280649161607 -0.00503761172837924 0.159298099578063 -0.0283995481150106
-0.177470837180448 -0.139832364283901 0.129642765230353 0.0278304430895937
-0.0494502239876242 -0.229227030475959 0.0854276746328451 0.0839339456178066
0.147121763075118 -0.235235688388918 0.0405615075346118 0.104637814800722
0.23555914234921 -0.00513847134793208 0.00754448196818357 0.113122039256442
0.133415072900337 0.192884635291086 0.00147344029952688 0.0965861680532512
0.0187388830409026 0.271734827978766 -0.0120679846858753 0.160237178388427
0.0637770556591262 0.314441232407382 -0.0674462226363498 0.138494710958759
0.233247609361496 0.169648078482855 -0.0386005202444721 0.0386673907635802
0.25128425834072 -0.124227013265183 -0.0794412489414273 0.0718194200812278
0.0346557074282051 -0.30658165413719 -0.0156075906267572 0.119370088527352
-0.156467748760863 -0.197850498101762 0.0575071888440274 0.0863772428279773
-0.221325150752783 -0.0652494451563947 0.106186030874848 0.0209018526972358
-0.256116439049885 0.0558414550148126 0.0867551541660942 -0.0190987594285271
-0.273513534017861 0.0665295474735451 0.0644025556345449 -0.0208802252781482
-0.275695933694343 0.00121819439075351 0.0533655187125077 -0.0345750082857682
-0.228176818696837 -0.14836626622528 0.0536288832325905 -0.0191505940234023
-0.0973948769225431 -0.274530090590883 0.0440733137824123 0.0112825959543522
0.160221404768682 -0.322827672770861 0.0522414464380075 0.028204486052996
0.323012226701266 -0.0277758377214796 0.0560688136502161 0.0631047388888111
0.201801604671995 0.270035838649073 0.0474783445715378 0.0346951858407179
0.0223817671577053 0.386661601724894 0.0303417717476015 0.0255041501288768
0.0354208611556832 0.30299863353704 -0.0736760793471309 0.0362195076610195
0.189387908302253 0.201658595513321 -0.0502430636781457 -0.0195271828531669
0.261166453118958 -0.0762300949504958 -0.0754433762098493 0.0115128099710502
0.0823429510967496 -0.298708731404201 -0.0420556074637686 0.0486117707632803
-0.124442763335536 -0.228571480459396 -0.0171869396648761 0.0343228142281162
-0.208787333063689 -0.096315856098986 0.0052967511565114 0.0130732703379555
-0.257623491960527 0.0450796657658421 -0.0187746615014005 0.00340240481674908
-0.289497898897761 0.0756835444763809 -0.0475223310376886 0.00929267858233268
-0.289082804565365 0.0159163258026097 -0.0653241511043356 -0.0289765135448892
-0.244753382138273 -0.121620234697385 -0.0391060701318585 -0.0502340806517217
-0.139517432951805 -0.261641388182501 -0.0214518160199185 -0.0475552925910043
0.123145461948796 -0.356525576562392 0.0254203441003802 -0.0483256655625175
0.346077727185279 -0.0698053017873789 0.0628310115440835 -0.00939211057520478
0.253784028092833 0.27689671214665 0.064626532154215 -0.0657950045715878
0.0417072476452014 0.434714149438638 0.0623026149140747 -0.142582293125921
-0.00712959396502734 0.256626018610117 -0.0602668077148069 -0.0566479909127991
0.123514499988656 0.217829471219001 -0.0416174435463145 -0.0562765926637333
0.240417960968698 -0.0129631177091659 -0.0306017416264503 -0.0303984533528794
0.119749818127837 -0.246785810868466 -0.0232586887818885 -0.0286677430365416
-0.0723373182097709 -0.222528613600957 -0.0598875832555456 -0.0426147262550778
-0.163046541742797 -0.114273377066161 -0.0822667608052641 -0.018777566030878
-0.217132732534944 0.0267715515956993 -0.115976050779011 0.0156434409633448
-0.257837861020872 0.0769147620039122 -0.149885782344563 0.0413435300781557
-0.260544603568441 0.0293878839418098 -0.174055728376839 -0.00727387312156097
-0.221885010402878 -0.0740753556142849 -0.130172478864342 -0.0558533773700979
-0.158050943977647 -0.201302945895269 -0.0916219874580548 -0.0740370989992023
0.0579468435004306 -0.325165045463385 -0.0290199076863895 -0.096226494655196
0.294119392210724 -0.107533357566849 0.032088701475595 -0.0752290388318008
0.255597021255433 0.211214479954872 0.0464314708136607 -0.1647457408977
0.0637515545142855 0.395130826383588 0.0673357843405401 -0.304521944160457
-0.0464303109379103 0.18883807675716 -0.0296003682133136 -0.13973964733498
0.0604022363558254 0.204335012760698 -0.0256508260191116 -0.0758701722970976
0.189634054230522 0.0334076012383156 0.0320905801597088 -0.0464329871438377
0.119966759868632 -0.170002554202311 0.0255787160441338 -0.0901182986047194
-0.0264245634201565 -0.174867922475734 -0.0691517006474789 -0.119829671413093
-0.0994291406919542 -0.103451103838695 -0.143580527711241 -0.0624895037522416
-0.144351315106943 0.00743005549087423 -0.190359289872894 0.0178229314710991
-0.185297016336261 0.0639032981091598 -0.226258116292414 0.0683396517938833
-0.192709375670842 0.0330067893305442 -0.256049822549206 0.0229984025301216
-0.164023167800397 -0.031345413329568 -0.204770603102669 -0.0436371733105592
-0.138569594184616 -0.12291141706578 -0.151170376706889 -0.0798130460437341
0.00382239311053476 -0.238405820296428 -0.0835508706865436 -0.119764627820575
0.19570766702129 -0.112655155633031 -0.00635199024587511 -0.121380870092861
0.197089800482039 0.113292003684068 0.0160183680862328 -0.227900975062785
0.06655599901052 0.282170700128366 0.0515096371836316 -0.413926277729124
-0.0409593023766929 -0.0684812028379743 0.000826951550686104 0.394046278327988
-0.083626460292978 -0.0311169853899014 0.0792004006503868 0.260533056304506
-0.0754064636772542 0.080468356754422 0.040002341778932 0.154513394973323
0.0341961808730409 0.112376487162602 0.0844971826077559 0.16561142198621
0.0772552726638302 0.0364086826210829 0.209539566531519 0.126204016439035
0.0636011070299425 -0.00809253878455453 0.274832291226767 0.0206120830700443
0.0685815998303465 -0.0394638825121241 0.283138246032425 -0.0747937119558244
0.0883860012355339 -0.0389322534288412 0.277983886773071 -0.0925936658732601
0.0836805464946678 0.0163917429187162 0.272195007498355 -0.0148708263192286
0.0487920327543328 0.0557387241059191 0.189039978686317 0.0867977351668484
0.00918851132108576 0.0817009249750144 0.0970526830618999 0.145791691423307
-0.0753022101484025 0.0691666913392169 -0.0168499920331487 0.135395358188841
-0.096031657197761 -0.0463467051660757 -0.0985391927211901 0.0750126992931475
-0.0105500207357178 -0.137112194374346 -0.0653354042955894 0.0854963418566666
0.0438561900094809 -0.162005817867567 -0.0243522007126585 0.265452463556154
0.00036196191090934 0.081274270941698 0.000310609791939247 0.395769585034491
0.0476243312190972 0.0412049268364499 0.075867367644896 0.240873217590955
0.0385589967705497 0.00177271785592884 0.0322347680158658 0.170005112023237
0.0249668874022491 -0.0278499666718295 0.10278341536162 0.178844376798914
-0.00634575482595635 -0.0324662676446264 0.226054193261076 0.115206195630208
-0.0350622595328471 -0.0207995767584499 0.28974380239451 -0.000883242249373607
-0.0366547035120346 -0.00732135806898052 0.290815551130809 -0.0874363764291889
-0.0224655118673867 -0.00641420004301962 0.2854973256338 -0.0881026228871592
-0.0291452442089159 0.0101572596531877 0.278062475291412 -0.0123332895236737
-0.0310794861120225 -0.0193421632922402 0.198843148724837 0.0952418976077046
-0.00261628221821673 -0.0276132600982876 0.100885997399623 0.168841340504068
0.00419930806913933 -0.0290409330790172 -0.0224182415217674 0.161806171943092
0.00739180060894477 -0.0338689636973632 -0.0996082744871944 0.100974019214426
0.0333956035914044 -0.0420770203193091 -0.0715152666572617 0.0954198922529047
0.0473152227885491 -0.0294615420150234 -0.0442842134749587 0.275308530433908
0.0423737410904748 0.20579836002764 -0.0146340527518933 0.337650396527811
0.163889061852038 0.0941125567832957 0.0421207085069981 0.18362722894098
0.139559216752785 -0.0800561616687985 -0.00483706462963865 0.164017606389747
0.00705607602742598 -0.163366312611131 0.0844900302644956 0.186003637141363
-0.0908208717272441 -0.0933887167508045 0.204992905950832 0.114508157573328
-0.12728982533708 -0.0260119772496202 0.266726880468766 -0.00388303141441307
-0.136558831653978 0.0276181461829745 0.256724856827046 -0.0779500061472412
-0.129768271240395 0.0260390878361385 0.247479395991022 -0.0730856184633901
-0.137240727008116 0.00108702853556213 0.240627082143147 -0.0199649443657546
-0.110472761489164 -0.0923916876311084 0.18048568146997 0.0719093744159474
-0.0192483789562018 -0.139805729982518 0.102112540409363 0.145421247219298
0.0864765658203322 -0.133316673296334 0.00679187640867151 0.153720855832946
0.122540988111307 -0.0140859392861807 -0.0556581683845845 0.123320651555701
0.0790453554951132 0.0760887123338291 -0.0465095306395526 0.11121553058834
0.0344150903993336 0.124489365204828 -0.0400037781983058 0.246083607178586
0.0689432569524244 0.288086596577305 -0.041722859131863 0.246839155254718
0.232187359442161 0.135984967120875 -0.00340917231959712 0.111175407684908
0.21423265485668 -0.130224272620744 -0.0503605408210301 0.13105857093998
0.00628555427422017 -0.265279748041604 0.0380333244642406 0.169861018255458
-0.147989622302497 -0.151574517066921 0.143129554010339 0.111222556988962
-0.195961242702069 -0.0396907906196816 0.20248260412298 0.00944288996614709
-0.21631900280819 0.0516969513003126 0.185780428965174 -0.0515573235522117
-0.221001785429756 0.0513094113614514 0.169797710409041 -0.0509232407800733
-0.226010504688591 -0.00296182984371054 0.161867550118681 -0.0311139022242536
-0.182402842768897 -0.141872470710082 0.132092818988114 0.0266783865691894
-0.0528438154055256 -0.233748821666127 0.0875299547582678 0.0848759981061459
0.147361277850281 -0.2410269123782 0.0425958701805511 0.10620840804168
0.240275093011602 -0.00743790363304958 0.00963459554648487 0.115290060129104
0.138298973897045 0.195334701465696 0.001977921903427 0.0987263602518105
0.0216469213587794 0.276985842611571 -0.010497743099117 0.16323617175029
0.0686116128255885 0.319448784549512 -0.0671947556439534 0.142132345963889
0.239444492334512 0.170854626858164 -0.0386650639934704 0.0396699798277146
0.254593810918681 -0.128990832701944 -0.0802149940556012 0.0741847540228979
0.0314180321135964 -0.313115950829424 -0.0147259090836917 0.121974111718717
-0.161281723100271 -0.200209685549564 0.0591934950791187 0.0879329112725504
-0.226230223954965 -0.0643605637712958 0.108004196113543 0.0195869585463675
-0.260332943527702 0.0596786810888185 0.0884693710573118 -0.0208801479510677
-0.278120135385694 0.0711132946232774 0.0651866251690293 -0.0217944683669081
-0.281809895247659 0.00467753170464168 0.0538947532605773 -0.0356453288350497
-0.234171594938755 -0.149741890297138 0.0543518285283963 -0.0199241150052812
-0.101826217119701 -0.279180213543469 0.045232338810909 0.0106663344662401
0.160240198170055 -0.330705685569183 0.0536148640168836 0.0280781002766066
0.32893795908762 -0.0307079546836957 0.0580189743180799 0.0639908639184468
0.208993087109591 0.274025797229361 0.0481615244401788 0.035198939059193
0.0271244660470111 0.39419020609372 0.0306748202329355 0.0259005485826108
0.0390123824536368 0.308567584720453 -0.0747216635210764 0.0375612452373122
0.194564739063671 0.204131186025248 -0.0513097573203033 -0.0192657128729498
0.265118868257083 -0.0804668157645328 -0.0764077575516583 0.0127513053563114
0.0796738289582588 -0.305846445709061 -0.0424207210381534 0.0493095903003792
-0.128817032244342 -0.231284868940324 -0.0169646182377729 0.0356165991735967
-0.214646218554331 -0.0968580453890714 0.00566047219430111 0.0126946487890421
-0.262179542853252 0.0488907135971912 -0.0188162407969394 0.00304271276378264
-0.293085520503445 0.0813409401063526 -0.0485360593290054 0.00979451406897484
-0.294876958091881 0.0190019785271864 -0.0670330723013873 -0.0289819095136735
-0.250998202109893 -0.121246440521953 -0.0405905433330925 -0.0512697886652287
-0.143199008035789 -0.26516920860835 -0.0216651586425271 -0.0483736025632612
0.12104571352351 -0.365211077800074 0.0258199829553446 -0.049365086449879
0.351928925791128 -0.0743568113152785 0.0638768790467927 -0.0103603948701817
0.262283594467266 0.279643658551867 0.0646368889394596 -0.067437268149229
0.0475736307075071 0.441886412560601 0.0607098799093181 -0.146095959205775
-0.00468041179793017 0.26174515572672 -0.0614563383369679 -0.0573782960814096
0.129393710393989 0.220883476421523 -0.0429544434333576 -0.0564190732461454
0.245183842030138 -0.0158185787150874 -0.0314737159623663 -0.0305737347086503
0.118902451365286 -0.253555412756436 -0.0241049334626246 -0.0294035444640015
-0.0762544330274533 -0.226516952434779 -0.0616621797449428 -0.0426764030662899
-0.167795058401928 -0.115445297321868 -0.0841806161142194 -0.0187977765026579
-0.220744969699807 0.0288621639637994 -0.117687858905638 0.0164152444684122
-0.261558549985958 0.0815475093164103 -0.152623823585753 0.043648988768601
-0.265152944691819 0.0329769562272684 -0.177952457722897 -0.00482535250258269
-0.226848175591109 -0.0736733078729946 -0.133680409894268 -0.0554761374673355
-0.162732625114024 -0.202825549541628 -0.0931607717279002 -0.0750128989689621
0.0556349978271427 -0.331602566819767 -0.0300786154126089 -0.0975979351342891
0.298841415211532 -0.112111627674098 0.0323857865345174 -0.0771204582888572
0.262750413608426 0.212643006338835 0.0450111563579112 -0.16807584574545
0.0695562216190677 0.402226488275376 0.0641523640954795 -0.310591386719261
-0.0455010987867478 0.193001324316271 -0.0315706484004855 -0.142111872717788
0.0643508607765318 0.207804343900899 -0.0274715074324129 -0.077313765979819
0.193742380827919 0.0314903043318506 0.0320584473705119 -0.0472825135792024
0.119551374420433 -0.17503308471129 0.0252558220732197 -0.0925073683186523
-0.02920713594215 -0.178516170541224 -0.0718556848969436 -0.121497389221673
-0.102633556719324 -0.105031696164963 -0.146311788772763 -0.0624910064420099
-0.147137923314324 0.00894672315156936 -0.193000267174732 0.0197821866210357
-0.187594756045182 0.0677382287070057 -0.229877320617477 0.0726591192819473
-0.196084268390662 0.0358121465266478 -0.260574992880171 0.0269054417973526
-0.167920369305232 -0.0302021419291046 -0.209101966965937 -0.042870146094416
-0.142406174211171 -0.123306298573669 -0.154123871095037 -0.0800528959138554
0.000574009634221436 -0.242645093643931 -0.085669518887918 -0.120760434917031
0.198073560152246 -0.116399101350915 -0.00719639685000226 -0.123644557197423
0.202365772425527 0.113251287248255 0.0136456738050158 -0.231725148643762
0.0707945139617744 0.286633969660878 0.0465819178261994 -0.42212186515192
-0.0420434254908779 -0.069632394693291 0.00700561197405037 0.401610041164797
-0.0858845752531747 -0.0312549371433036 0.085542152357643 0.263329967654793
-0.0762046858461837 0.0831941451513164 0.0425377258883885 0.15567803167055
0.0365903038730837 0.114151061294119 0.0876798327074848 0.167800985029762
0.0791330899892753 0.0365213072718676 0.214940061930975 0.126852928805478
0.0643605946440656 -0.00868128612758548 0.279714549566244 0.0181221070666145
0.0690063404531153 -0.0408851943140313 0.287432539628446 -0.0793930547267391
0.0890211786834974 -0.0409279570331339 0.282466476720561 -0.0984700585451748
0.0858038891711173 0.0157146160535879 0.277102898460186 -0.0188805653452324
0.0504428829977638 0.0564289934241104 0.194113976705942 0.0863313859584947
0.0106575268711584 0.0832450031740396 0.10168919543419 0.147758940641124
-0.0758448340104372 0.0720133605191 -0.0155971570825557 0.138007093851071
-0.098903415465424 -0.0457882320418843 -0.0994903369241097 0.0777658047285636
-0.012552482932677 -0.139364897913316 -0.0657197965669164 0.0884727526817828
0.0424274622689191 -0.166346928002759 -0.0207812539441312 0.271205265955313
0.00183093283096027 0.0826558323263963 0.00590615554942168 0.402470489267413
0.049194313243434 0.0409843618417684 0.081280351232407 0.244071741609148
0.0391332515198369 0.00125103281681074 0.034688103885405 0.172825729510603
0.0251148417357267 -0.0286226819059288 0.106927670126066 0.181066708467015
-0.006671250808903 -0.0328953552732783 0.231934753070761 0.115209772086255
-0.0357749239663435 -0.0206202383774417 0.295110301563803 -0.00476835029034808
-0.0381800144389187 -0.00724218281081437 0.295769715743519 -0.0928169960275309
-0.0229307456061747 -0.00625154734851393 0.290329206075478 -0.0938893265959539
-0.0300982137525103 0.0102752595321384 0.284006326996942 -0.0168836651926909
-0.0317136724220099 -0.0200682931297927 0.20349189607478 0.0949885596065461
-0.00201074805359872 -0.0284567715400112 0.105207535193164 0.171256125917163
0.00447623401685403 -0.0302604330788642 -0.020995598700831 0.165612874129822
0.00761007780546111 -0.0337923606835919 -0.100511594385591 0.104099058607582
0.033755046306485 -0.0432521911735994 -0.0720217995436091 0.0983858616332796
0.0471917526090201 -0.0304380697386863 -0.0412947897237056 0.281377979780336
0.0460559685038378 0.209934430237314 -0.0105815534438117 0.344139680804968
0.168472619281915 0.0935198059529501 0.0454635547604653 0.186872877854724
0.141029543214958 -0.0832932461639226 -0.0032056883336289 0.167447702408966
0.00455138362179073 -0.166781773261369 0.088300504401006 0.188788214264055
-0.093779818607839 -0.094167839818066 0.209966316650086 0.114927272504638
-0.13057730205924 -0.0248243780794659 0.272094190496581 -0.0072947708869339
-0.139277479196683 0.0300831825442096 0.260991798296568 -0.0825869195013576
-0.132416788741237 0.0278390036137789 0.252094896558724 -0.0782043567734759
-0.140616303701352 0.00226965537649149 0.245065684882152 -0.0233572210591337
-0.113943903530326 -0.0935984543981118 0.185346978824397 0.0714825571561728
-0.0212373635611612 -0.142755636790696 0.106560609567903 0.146737967685929
0.0869884313029289 -0.137353173689139 0.00912554898894571 0.15714815040229
0.125186676145138 -0.0154115260630043 -0.055345116932558 0.126904421519851
0.0813643694867627 0.0772535463566337 -0.0463203080614613 0.11448450175198
0.0362564062357662 0.12647209179938 -0.037510826181938 0.251761699159053
0.0747485334085137 0.29323243250383 -0.0394596908078229 0.252346690466043
0.238714575820987 0.135685993441055 -0.00147315612495615 0.11329615970981
0.216727973542539 -0.135349420321176 -0.0500962005714553 0.133898065723057
0.0022009740111177 -0.270695112390549 0.0402239866199303 0.17284167670603
-0.152990082550134 -0.152973326883036 0.147061998904111 0.112202295074192
-0.201266966865226 -0.0381115887975193 0.206501389413921 0.00731346186700874
-0.220107613968299 0.0554421192342379 0.189117434510969 -0.0551924491685055
-0.224433753749632 0.0557101324098278 0.172855476674786 -0.0540141846425679
-0.231240232683496 -0.000452897315550569 0.164742003289231 -0.0340620903873645
-0.188341722272834 -0.142978736976655 0.135558941124732 0.0258580913040203
-0.0561732593892428 -0.237392534381716 0.0913643379484312 0.0851368409643387
0.147620981117127 -0.248964178490629 0.0449158351011791 0.10782056239477
0.245315124564572 -0.00995988683715288 0.0112810659929854 0.117594267103416
0.143198071338275 0.198360644130409 0.00300250177206576 0.101398900352353
0.0254475988826199 0.282434575139 -0.00915931678350533 0.167257748209367
0.0744948437813309 0.325000509658946 -0.0671290511726785 0.145882968753966
0.246901356501734 0.171614371835392 -0.0388466529381984 0.0404729095210087
0.257960317116091 -0.135596906485231 -0.0812594603770684 0.0767688923907269
0.027597292517619 -0.320008545127454 -0.013845976761272 0.124765582279085
-0.167821367942604 -0.201994565586542 0.0613030364879695 0.0896030835923922
-0.232247784212181 -0.0634592281092472 0.110476353238799 0.0187555492717969
-0.265494017332959 0.064196648517668 0.0899189789768652 -0.0228749190032899
-0.282824726043847 0.076574154366627 0.0660007167443344 -0.0234272291921751
-0.287357084665607 0.00835764166637419 0.054761180054893 -0.0377390358533946
-0.241402836550535 -0.150525329776497 0.0553634581205376 -0.0214748839306953
-0.107209356808515 -0.283550357205719 0.0468274701576124 0.0102769180741416
0.159206245106786 -0.339099298978791 0.0550951545501772 0.0276726785010693
0.33541554390416 -0.035741358606669 0.0608684469997359 0.0641956771465761
0.216806593743914 0.276898999955113 0.0491209167879994 0.0358271022217053
0.032572429099581 0.401817706607095 0.0308388764919031 0.0261748044754148
0.0438754002999723 0.314159159793531 -0.075916039710298 0.0394563214591436
0.202681693724285 0.206121278175286 -0.0524849111435382 -0.0193298756239225
0.26994028481208 -0.0860143585397236 -0.0784962104813036 0.0137454997914028
0.0770864057669825 -0.313897091859316 -0.0428378220354032 0.0510553534859858
-0.134989912325858 -0.235103614579524 -0.017274729810611 0.0375156144243384
-0.220200508623694 -0.096523315160447 0.00599936493624153 0.012649856375455
-0.267186968091981 0.0531467794395657 -0.0191269003854613 0.00297576496870089
-0.297750352815101 0.0869133830529051 -0.0493818402973146 0.0104566499074402
-0.301045234174841 0.0234825557903419 -0.0688931846036629 -0.0285731807163492
-0.258075006198956 -0.121562414366848 -0.0422443606863502 -0.0521685638315935
-0.152264911255455 -0.269644265695918 -0.0220442198018802 -0.0491643432963112
0.119383736617945 -0.374159129530146 0.0257219517739891 -0.0504818164818909
0.358399141589776 -0.0798239395128176 0.0659119519018365 -0.0114206080554654
0.270871734185702 0.282085619740454 0.064219906728481 -0.0687751815811429
0.0539326068800058 0.450883893999461 0.0591138762429389 -0.149352053376727
-0.00163583802285222 0.266980552759844 -0.0633245441018177 -0.0577893081050459
0.135341090250479 0.224896750202542 -0.044861050634633 -0.0572715720351893
0.249673890798242 -0.0197770094565172 -0.0325796708446303 -0.0305400182813436
0.117369789349715 -0.260468411661284 -0.024298120728153 -0.0296188022421901
-0.0804968742476834 -0.230586149574005 -0.0632622930897597 -0.0427452356695557
-0.172936428198846 -0.116176935518444 -0.0859748754942489 -0.0182426121848903
-0.225370703642104 0.032092459237171 -0.119981380378374 0.0182058610822074
-0.265193603612907 0.0874265644706457 -0.155317704199094 0.0465868485318366
-0.269982112692872 0.0375911989923961 -0.181450950934435 -0.00268984135764134
-0.232296408359458 -0.0724939528398293 -0.137650750941731 -0.0555582220345736
-0.168246012648293 -0.205076583863394 -0.0953349655914761 -0.0759537608783724
0.0518418870474072 -0.338613337210961 -0.0314333441935429 -0.0994586973375104
0.303331356033611 -0.118066283488839 0.0331621035202768 -0.0791279802402556
0.270419032023229 0.213513448710559 0.0432176442763628 -0.171612319454075
0.0752547381812085 0.40942955124315 0.060023123980346 -0.317482847316132
-0.044232206596156 0.198366590391289 -0.033788952374061 -0.144355795635924
0.0687660131600369 0.211341881019516 -0.0291699649908722 -0.0784759056969441
0.198073374929134 0.0293446139403522 0.0325706626656291 -0.0487187718494162
0.119022348236722 -0.180423390473984 0.024552730398993 -0.09504749692559
-0.0321557097236923 -0.181909212216163 -0.0745841028299881 -0.123352568922486
-0.106461641614097 -0.106132791514848 -0.150553921506828 -0.0623868530953028
-0.14955086780753 0.0108164466901452 -0.196902219074181 0.0217471267309395
-0.189688782991841 0.0721487530158052 -0.23365584355033 0.0768931040819165
-0.199349971549632 0.0394241163305917 -0.265190854804875 0.0306625003143069
-0.171382113904374 -0.0289683676970357 -0.214347725644811 -0.0412793364991133
-0.146018416794819 -0.124014651204456 -0.157292901266784 -0.0802004714746578
-0.00253463671566552 -0.247436429221757 -0.0883949065503872 -0.122113155033714
0.200446084053514 -0.121273571249553 -0.00771102540824663 -0.125277737986183
0.206905911656111 0.1132074941047 0.0108579433847674 -0.235821564192458
0.0754698548773948 0.292153873089371 0.0403833737853833 -0.430669494343341
-0.0432626902692864 -0.0706321557384973 0.0134368753906467 0.408872477194571
-0.0887867320880172 -0.0308195967051361 0.0914745080073047 0.266213974803654
-0.0761919374583007 0.0860813107947925 0.0453256936828461 0.157897250839378
0.0397688074757593 0.116283064450478 0.0908655362842061 0.170078792390502
0.0811538332908541 0.0359915684028866 0.221144288123649 0.126649348579068
0.0653539785545219 -0.00930056160587664 0.286234991347254 0.0151816959582697
0.0692178566516748 -0.043068955298219 0.291931767869198 -0.0849171449473133
0.0894187946238457 -0.0436771237835247 0.286467361210355 -0.104678549931161
0.0874723339228235 0.0138865536764569 0.282825118621901 -0.0236031006457396
0.052981670545628 0.0565549330494152 0.200083638896946 0.0850430107510397
0.0125797897492639 0.084450950718383 0.10560981138498 0.148761106441352
-0.0755640803626984 0.0741014463562507 -0.0140807300618847 0.140805362878768
-0.101198765398007 -0.0449876457302616 -0.100626730901489 0.0817641192261901
-0.0148108949558249 -0.142246213170415 -0.0656311212348208 0.0914489585785667
0.0402059319429421 -0.170027479546442 -0.0159616219262023 0.27688728215617
0.00382565303550107 0.0837118987711874 0.0133844477111634 0.410905743753087
0.0500620002792701 0.0410928763246921 0.086870772536977 0.246328323568323
0.0395819850283253 0.000770622774309999 0.0380829248117242 0.175059949826771
0.0251130537443602 -0.0296222872128355 0.110799826651575 0.183231650072879
-0.00729360518253556 -0.0332865665159497 0.238159361955533 0.114860824471091
-0.0372050605128849 -0.0201154715780197 0.301134567400051 -0.0090452023217783
-0.0397413263028575 -0.00667025791012536 0.2996217620484 -0.0990170355816567
-0.0239835234054048 -0.00630287005328689 0.294578631518603 -0.100986907966919
-0.0306560918509337 0.0101084527594839 0.289866944203833 -0.0213593079374753
-0.0329435316237425 -0.0199536733582186 0.209873582599751 0.093845330155286
-0.00222397313101368 -0.0296794088821113 0.110236865516637 0.173459626498291
0.00410757267417901 -0.0298743671901993 -0.0186873556220599 0.168457319821704
0.00681837236505864 -0.0345227496944945 -0.101251115025089 0.108664562402944
0.0337807848733817 -0.0435706024550109 -0.0718356162577535 0.101472856477457
0.0477201741686141 -0.0320064503079067 -0.037697392701694 0.287550905604024
0.0509305232159904 0.212705026044363 -0.00563064658112438 0.351021136515969
0.173208411879926 0.0924460286645365 0.0496279956989712 0.189110988724175
0.142111954585195 -0.087167630194099 -0.000678338900192396 0.170636901372407
0.0020872892271955 -0.169731542222573 0.0922496302308889 0.19089452220162
-0.0971764812946682 -0.0944973929233631 0.215629969661555 0.114753350460882
-0.13393523599822 -0.0236906647466094 0.276935690362744 -0.0111575126280562
-0.141997226695935 0.0328590751025887 0.26478578739128 -0.0883401642011369
-0.134765216151377 0.0302234695353662 0.25584337268538 -0.0835980372708559
-0.143814491682137 0.00425750590462756 0.249497815200163 -0.0282009268159635
-0.117915684329577 -0.0941869093790357 0.190295382387133 0.0699366337060735
-0.0231717450937345 -0.145786544539717 0.110897072589566 0.148398793519823
0.0869876592414793 -0.141502814230726 0.0116419611057972 0.159755498093343
0.127727091192226 -0.0171974978069941 -0.0543165073777811 0.130123850650987
0.0845101579209185 0.0781307688641052 -0.04595860178245 0.117808015485266
0.0387985330564646 0.128229779367971 -0.0346582928074129 0.257516963615145
0.0808953426037354 0.297237045352496 -0.0362682044013519 0.258161365004377
0.246632533116407 0.134641682647763 0.000619489396760423 0.114643270129498
0.218593087423542 -0.142193353793831 -0.0495846470901436 0.137685351752343
-0.00192877824513274 -0.276378341484742 0.0430689258566669 0.175532291891733
-0.158327311894724 -0.15368314300277 0.151683964771028 0.112907749221678
-0.205849083026823 -0.0359830253240735 0.21038936781955 0.00381423418086641
-0.224186496884687 0.0599463257594528 0.191934562437513 -0.0592957810049783
-0.228457502121735 0.0598912023605131 0.174709799284476 -0.0579405625271228
-0.236115101144833 0.00287137565820985 0.167786433240878 -0.0373916949819302
-0.19460336955419 -0.143308688446174 0.13878109334119 0.0240065823356169
-0.0593806214804444 -0.24173264616369 0.0946825881418838 0.0852640728055493
0.146564025640191 -0.256657675768967 0.0477084532101168 0.109923240693
0.250279430435279 -0.013707666820964 0.0137314586392891 0.119954447082289
0.149764694596528 0.200484612157322 0.00463569761442116 0.103811042374059
0.0304078387428916 0.287617030161519 -0.00691116160291863 0.170460196272884
0.0811516793778615 0.330408463718593 -0.0662648231840056 0.149411498263564
0.254882727050478 0.171412429437636 -0.0388141440545968 0.0411037623299336
0.260943514516586 -0.142162551101546 -0.0821532886929746 0.0791994464316327
0.022957085499781 -0.327649736595704 -0.0124050555764724 0.12715818171182
-0.173641677997116 -0.204180451983478 0.0636842303693629 0.0909303432550775
-0.238006548858081 -0.0618482225440166 0.112705448593561 0.0172453970319594
-0.269890542935101 0.0689125984789323 0.0914462558663094 -0.0250854304745832
-0.28664045549998 0.0824286134560255 0.0669633669421577 -0.0254013002456537
-0.293598720955685 0.01289901757234 0.0551341904562401 -0.0398212698007757
-0.248477350621855 -0.150294599355805 0.055842962276379 -0.0229737918830328
-0.113541895172641 -0.288676371949747 0.0483623083984677 0.00912970866554952
0.156189262274881 -0.348921188140926 0.0569120000517964 0.0271274854485616
0.342463078712784 -0.0409566216824386 0.063406514609375 0.064306220661459
0.225473200151619 0.279235781505902 0.0500666896811667 0.036935644672092
0.0392990877050662 0.408742166207622 0.0307857394650116 0.026535912034664
0.0494079021410434 0.320087307255438 -0.0763973921904381 0.0413433278968288
0.211003625473369 0.20776834180035 -0.0535778625232998 -0.0190414785735043
0.273603363669232 -0.0924361449226431 -0.0795795154919704 0.015373332604913
0.0735332863789274 -0.322063198796509 -0.042738180089605 0.0525035106085565
-0.142251432835676 -0.238085018394301 -0.0173354839629584 0.0383562668222138
-0.227024883602569 -0.0955375890124294 0.00630934827273397 0.0128852914961189
-0.271536659622594 0.0583952182580238 -0.0194499721167126 0.00303653617057786
-0.302435304918389 0.0941087666363868 -0.0504236516762815 0.0114049753275735
-0.307569297288073 0.0285055445847997 -0.0704818688713689 -0.0283060766758666
-0.265841924872609 -0.120728823139457 -0.0437821893630036 -0.0528473175525244
-0.159185205117672 -0.272297448617891 -0.0222436835062854 -0.0505743649970826
0.115380534522885 -0.38373115892359 0.0257506384280304 -0.0518833248705193
0.364545734474302 -0.0863466605432917 0.0680523825294958 -0.0129548787774293
0.280373181050532 0.284047317050129 0.0644456697518005 -0.0701145240874702
0.062128108985739 0.458517136455576 0.05669435918355 -0.153041758011121
0.00191627780148747 0.272949858379271 -0.0655101190559003 -0.0582586817303
0.141893049122176 0.227730116287812 -0.0469400126529182 -0.0580502907101028
0.25404028473444 -0.0246081078002193 -0.0338273125673576 -0.0303734506885255
0.115392320784351 -0.267843789045172 -0.025253074665366 -0.0304804872392275
-0.0860618937793623 -0.234520999785854 -0.0654498715362766 -0.0422060155412465
-0.178617787123181 -0.116031586478892 -0.0879241759155583 -0.0177406861857775
-0.228776869023167 0.0361784839412489 -0.12180291122758 0.0196164612684298
-0.268321785441938 0.0937409225823161 -0.157475847630749 0.0502079092388655
-0.275063469908266 0.0434256674031628 -0.185325268098617 0.000153040797463183
-0.238594869305781 -0.0709312474256681 -0.141199282615044 -0.0554529195655987
-0.175008406116528 -0.206495688133131 -0.0975838450398724 -0.0767137805803087
0.0475417186722179 -0.346087726847646 -0.0332911042929378 -0.100542381235585
0.307639708994704 -0.124727851923333 0.0334579274184173 -0.0808935783634265
0.278634638338714 0.214071459092401 0.04112668936297 -0.174730252489965
0.0829638910994717 0.416366153476934 0.0552675793983701 -0.32397502935242
-0.0422353952513963 0.203474592504944 -0.0369564521155741 -0.146917741062541
0.0751062122166774 0.215431368532919 -0.031152321830943 -0.0796613579950641
0.202651868500274 0.0263303504650818 0.0322220955729108 -0.0500515134306866
0.118301282810883 -0.186868019099025 0.0235121790938728 -0.0974190977382185
-0.0359533228402737 -0.185115155170624 -0.0782159097571867 -0.124570197395047
-0.110470763473401 -0.107212796516475 -0.154491803672577 -0.0618948282840276
-0.152095450816708 0.0130839073319882 -0.199992137993406 0.024898990269839
-0.191636728021773 0.076635099932685 -0.236762075248272 0.0815033179736534
-0.202432447340864 0.0435278801476803 -0.270416108793018 0.0357798711849922
-0.175124428103221 -0.027189252143213 -0.218928081486321 -0.0394848319223283
-0.150822112102936 -0.124167741968004 -0.160830817071029 -0.0802137092876134
-0.00660002656817435 -0.2522988846001 -0.09083061560082 -0.122819177123172
0.202835542827195 -0.126364333538756 -0.00921687401125228 -0.128200793519681
0.21326310083052 0.112789617616808 0.00657201994583214 -0.239797156489107
0.0814227879273333 0.296696741793215 0.0335339300590739 -0.439244035642679
-0.045183596304378 -0.0717942608668098 0.0218884434147386 0.416618313147174
-0.0915375720669999 -0.0303027455198443 0.0989110811910973 0.26890490845079
-0.0763970687474963 0.0892568899835867 0.0487020945334838 0.159646627337595
0.0434554938295049 0.118386100259523 0.0946995501772555 0.171500250543052
0.0837105407052047 0.035396106938835 0.226854793841191 0.125702429384066
0.0668617297812384 -0.0105592934789404 0.29193831385376 0.0110128391951558
0.0691841917870697 -0.0450039624135268 0.296277663444278 -0.0917628118797927
0.0894491767806255 -0.0465881510062289 0.290125784099147 -0.112750644764088
0.0893921982737697 0.0123477980805584 0.288200559424269 -0.0293783992912208
0.0551354520356114 0.0560135194657875 0.205936629223694 0.0834973189907955
0.0151606656547416 0.0856909444564408 0.110184927331687 0.150065804682297
-0.075701970370964 0.0774197613948919 -0.0114589710169525 0.14418935574816
-0.104016957926722 -0.0433877712032913 -0.101110748119435 0.0855754697028703
-0.0183744896012091 -0.144500757225051 -0.0650214510086526 0.095167249168992
0.0382039685169631 -0.173815313944105 -0.0111675160660546 0.28217298089196
0.0059795834646298 0.0848416936817472 0.0203340094765538 0.418460274369723
0.0516111175685289 0.0405352142607909 0.0941926889535146 0.248708736141358
0.0402659788064867 0.000311137972550707 0.041075286546162 0.177169651623892
0.0249952843505394 -0.030014239944908 0.115559472465506 0.185003201017717
-0.00802672870452984 -0.0336817559637601 0.244306188232932 0.113151159613986
-0.0387192281952165 -0.0196813036775928 0.307202154082303 -0.0139015363574078
-0.0410037003649665 -0.00618921941182971 0.303926341608619 -0.105909014983597
-0.0250658387658142 -0.00610005037885955 0.298267471951852 -0.109109232500895
-0.0315820237644892 0.0108001580669948 0.295375615362616 -0.0272772338012375
-0.0339227582005497 -0.0202027474321264 0.215915324703443 0.0921773734351557
-0.00282526453802416 -0.0304045674797743 0.115330168239833 0.174744133900287
0.00423334816713351 -0.0315649372584677 -0.0158165052184102 0.172439513110199
0.00709735863966627 -0.0348863958828444 -0.101083114946082 0.111998536510128
0.0336136979650202 -0.0449643402835621 -0.0714798893536215 0.105009308633364
0.0478707970542026 -0.0328645902106597 -0.0319932132820161 0.293521325133201
0.0566914837068223 0.215908136492119 0.00140668772790327 0.357926772655297
0.178489844741876 0.0908144978427701 0.0553785104929057 0.190727505566484
0.143108128803938 -0.0916045902192148 0.00192799197129049 0.17352851493662
-0.00144135899670975 -0.173389771564348 0.0969183742836665 0.193219912891628
-0.100957694649962 -0.0949035405313299 0.222334979931935 0.113871869406057
-0.137330964335362 -0.0214165319945373 0.282095067102505 -0.0158878752981303
-0.144388851410105 0.0364605117454703 0.26889109686471 -0.0953363479704506
-0.137364900288647 0.0331949502184886 0.259365447286674 -0.0907163135027805
-0.146483696806417 0.00660127915823591 0.254289999086027 -0.0331894106883713
-0.122021987578759 -0.0944724897292533 0.19527144102195 0.0680322618499482
-0.0258341715039726 -0.148969453922072 0.11647825002482 0.149019351262429
0.0866022319905083 -0.145773563802523 0.014671410220394 0.162509701451164
0.130438132843286 -0.019088174395272 -0.0528321047978262 0.133559746622632
0.0873779065091947 0.0782773569418426 -0.0450537001004254 0.121540686021626
0.0418936533736543 0.130135583935872 -0.0303443343765601 0.263079602110927
0.0882323637762672 0.301754406374882 -0.0326351524062494 0.264203065279081
0.254483830750662 0.132827768937414 0.00300001323060071 0.11629572672956
0.220147509540254 -0.148803624625194 -0.0483899432246731 0.140625766975372
-0.00767491234099001 -0.281483634133973 0.0467443808549027 0.178570395464638
-0.164212866209352 -0.15402526734766 0.156677964087963 0.113249875096712
-0.21131699998491 -0.0334341293329134 0.214909232502796 0.000239218223126218
-0.227954341479352 0.0651381967222342 0.1950342502975 -0.0639618230932801
-0.231563742238809 0.0653489357777301 0.177459729422933 -0.0628382457250554
-0.241201708840793 0.00766605325837442 0.17054550005882 -0.0418940542720254
-0.201623123341612 -0.143528427062297 0.141847846640797 0.0222828311499879
-0.0672667214881971 -0.247263033820222 0.0987306298975074 0.085548495777163
0.145563405501227 -0.263985635660095 0.0503072432106272 0.110657945017614
0.25604802073223 -0.0179060978875609 0.0162235074376611 0.121808934558686
0.156333721134957 0.202886300182597 0.00609234776982596 0.106347418625925
0.0361452219759008 0.292905965173912 -0.00435405954427974 0.173769578832031
0.0889459567467693 0.334417782615452 -0.0645069438039826 0.153966128995672
0.263403384997321 0.170388590593575 -0.0385034579200564 0.0427409794700548
0.263566243316999 -0.149805423339963 -0.082212459031931 0.0821907615499348
0.0169592865672328 -0.334796797118975 -0.0104346525412849 0.12987580526127
-0.180822218479275 -0.205459244629923 0.0665818469696846 0.0924122639582119
-0.244296061581395 -0.0587326127407394 0.115501290431338 0.0153422593463805
-0.274531709197664 0.0752219586566401 0.0928324886060268 -0.0270887285532971
-0.290435797230132 0.0893862754094607 0.0679548056326226 -0.0273930355220816
-0.29980570938662 0.018060107472339 0.0551061672784074 -0.0417148466451631
-0.256702605764966 -0.14966724075826 0.0567071762065727 -0.0246757235407658
-0.120618913743613 -0.291969830676924 0.0502018251616701 0.00839369313723337
0.153755561713999 -0.359172620823611 0.0584766824420101 0.0270901132402738
0.348825183721105 -0.0477172578863298 0.0662604604282779 0.064812661173185
0.235058760830633 0.281716893554057 0.0516073203859652 0.0371395565188598
0.0480461465023255 0.416426206688017 0.031485924534109 0.0265765587906465
0.0565245832353994 0.325488447000706 -0.0777851293753145 0.0434250968164782
0.218548132159563 0.20857535416785 -0.0551847375101093 -0.0187229917749622
0.277494657969498 -0.0996643767496374 -0.0810922006869641 0.0176164052387208
0.0682338070775835 -0.330234847151072 -0.0426901795439375 0.0541721920707999
-0.148874401198381 -0.241105487408032 -0.0166053496962598 0.0399968388701833
-0.233041640065132 -0.0940631156045623 0.00652576984414993 0.0123348601620404
-0.276381464845596 0.0641802805923724 -0.020269170293101 0.00306870708817435
-0.306050293482476 0.101223511619296 -0.0517228390503514 0.0125001710689468
-0.313142483117939 0.0351245810594027 -0.0723731830012583 -0.0275745212331909
-0.273397759289524 -0.119247791729139 -0.0458551029214459 -0.0534365424101603
-0.164976994923053 -0.27472043663479 -0.023664970738628 -0.0513969090878731
0.111088619386966 -0.39419862991256 0.0251046516001957 -0.0534336123609218
0.370718028050978 -0.094539302893857 0.0697527249836341 -0.0146560219370493
0.291098423743623 0.28488934183753 0.0639280325762868 -0.0720885491716516
0.0709515582072993 0.466573669245519 0.0539313028987777 -0.156729908160827
0.00658787142687026 0.279338164521298 -0.0679338113708092 -0.058075471301649
0.149474824604926 0.230266588664849 -0.0486225871680357 -0.0580334705397776
0.258808477228769 -0.029223608255271 -0.0349029284953518 -0.0299943748712825
0.1117369823205 -0.275866671800636 -0.0261520857893121 -0.0306092892717445
-0.0923453063094945 -0.238151591301194 -0.0677978474774354 -0.0417594775950448
-0.184678388614755 -0.116841628027299 -0.0897640973979937 -0.0175383648901107
-0.233048048438082 0.0411212125381864 -0.123809950626168 0.021667219197433
-0.271262690026337 0.101080514372272 -0.159466100258978 0.0538105792442331
-0.279643505202225 0.0490118200920052 -0.18937194731329 0.00332784740939857
-0.244872599037154 -0.0681016654325971 -0.144946819486091 -0.0542841226836864
-0.181614162311146 -0.207220914392591 -0.100441932673122 -0.077358655834968
0.0427025734131697 -0.354216814351488 -0.0355881667123646 -0.101719925817696
0.311334759485019 -0.132287517618264 0.0332965090577589 -0.0833389561693167
0.288683783792547 0.212880971764886 0.0384611022490503 -0.178152298540417
0.0921226326570305 0.422829462328423 0.0492257030924156 -0.330899477264162
-0.0402188473059016 0.20838669568982 -0.0402293798548087 -0.148974823488715
0.0813449857691501 0.218741123397303 -0.0337343543159772 -0.0810698353013824
0.207023382080526 0.0224955478211285 0.0320180930656136 -0.0516178930058659
0.116266081103913 -0.192578653363304 0.0227801997060201 -0.100089669131415
-0.0405463209549774 -0.188481468053684 -0.0820894754107144 -0.125595344473564
-0.115199575558828 -0.10750798297236 -0.158362499734548 -0.061070657264603
-0.154751463620374 0.0159182128873917 -0.203643771556553 0.0283652886931909
-0.193461694866569 0.0816950765032801 -0.24046750678172 0.0874597482211344
-0.205435735578975 0.0492973744398805 -0.275193402971129 0.0411480636150363
-0.17909046523825 -0.0248290852963601 -0.22508070469114 -0.0371798766899283
-0.156700263317988 -0.123424830350575 -0.164756676834245 -0.079927802844904
-0.0112465199982619 -0.257353807295451 -0.0949605631364809 -0.123120326315243
0.204890590717896 -0.132545027552127 -0.0109069250011388 -0.130399498434764
0.219899106390901 0.111529298043142 0.002745541081448 -0.244602853498569
0.0888598493957361 0.300944515839208 0.0251716137309571 -0.448187296022453
-0.0469176236501494 -0.0724831027174614 0.0304086494015051 0.424036901634025
-0.0947792289044943 -0.0298635794084431 0.106712918905263 0.27073978666205
-0.075723102745989 0.0928367859164574 0.0521523720058539 0.160590967310093
0.0469076266630488 0.119666077666971 0.0993988576971641 0.173289819639454
0.08622263603013 0.0349772163609841 0.232955028433625 0.123723986353375
0.0677412896444406 -0.0118616641100698 0.297932056545469 0.00551769019644862
0.0693226324033887 -0.047189005874789 0.300053237794285 -0.0996756738793537
0.0895240698615138 -0.049920486599169 0.293620986767273 -0.121415890590769
0.0911548691270737 0.0100986572959888 0.293234870803148 -0.0363041482883795
0.0577279882101182 0.0565427472872749 0.211684970261748 0.080778693981273
0.0173085875137032 0.0869199324816693 0.115446939709342 0.150855403622919
-0.0745411768703 0.0808403048682924 -0.00883259397933578 0.146695422374448
-0.10691160839696 -0.0420833360073213 -0.101750031774869 0.0895857649401618
-0.0218808875741608 -0.146706484412265 -0.0642347208826979 0.0983359904705202
0.0349839026738108 -0.177525222267426 -0.00454819153133245 0.287755498778515
0.0083674577354151 0.0857160461126727 0.0294324715257838 0.424964345662347
0.0533413582025426 0.0395729371567486 0.101776244009837 0.251267513788094
0.0410170966003993 -0.000609893760901989 0.0452178215203819 0.179239820143942
0.0255440208903649 -0.0313340452439436 0.120495231256182 0.186667537303173
-0.00894969448309787 -0.033896762332478 0.250959812197966 0.111675236129031
-0.0398536113218368 -0.018980117536464 0.312598969438302 -0.0198176985731374
-0.0422836585132794 -0.00563484346082067 0.307197057583319 -0.114256628662021
-0.0263974108036979 -0.00595121327134207 0.302455539664948 -0.116899261243796
-0.0319437655862937 0.0113262975498419 0.300229353053264 -0.0343105115121411
-0.0352429145511535 -0.0207092867289616 0.222297720992964 0.0902171964419265
-0.00277045011731226 -0.0316822237318118 0.121186346119815 0.175144504675195
0.00461455896528558 -0.0316384759829767 -0.0130048071548446 0.175881291960373
0.00691627918755444 -0.0353256666005834 -0.101432129564777 0.116610224550864
0.0332762859249671 -0.0462393794498936 -0.0709837497458166 0.109154047536562
0.0478163341996778 -0.0346722164699803 -0.0267447796148983 0.300019390562576
0.0627729581651908 0.218471314108698 0.00867556877128107 0.364863419848651
0.183665138147835 0.0889226245323316 0.060334855925896 0.1929823106081
0.143861421296919 -0.0961983607882939 0.00499103686125342 0.176272961669098
-0.00472186320932398 -0.176637400154057 0.102037352067937 0.195310656892066
-0.104480992661985 -0.094686813131026 0.228032928161266 0.112603836138482
-0.140751230677417 -0.0190306203214199 0.287043243311025 -0.0220116672401379
-0.147198301332662 0.0400170677373161 0.271607608538916 -0.102109373335785
-0.139259327443227 0.0367574608961154 0.262713325989595 -0.0981424718628154
-0.149784868211593 0.00954749598010609 0.258106847294648 -0.039780197409346
-0.126733648165386 -0.0946187974839263 0.200825271609948 0.0654597170982765
-0.0294911139077951 -0.151734615636745 0.121839537842026 0.149717086604566
0.0856441937747055 -0.150938002469841 0.0182377301739314 0.165491188985182
0.132740799548382 -0.021764152346008 -0.051293143287927 0.13758710996725
0.0908929178930243 0.0788757845951804 -0.0435915089306168 0.12488909248094
0.0448746812382948 0.132624061836856 -0.0255316332475885 0.269246994814011
0.0973219691845544 0.305474225662746 -0.0284450659836456 0.269219231047997
0.261402177351246 0.13007521791578 0.00606883118685904 0.118400255012278
0.221569997458259 -0.156433517294717 -0.0463139964880852 0.143993725338629
-0.0144313483895978 -0.287211163288245 0.0508054194463994 0.181181781661569
-0.170722945592262 -0.153890231778105 0.161595512762229 0.113115732439361
-0.215938225149703 -0.0299462369383995 0.218856040098523 -0.00417566382799216
-0.231642521675481 0.071460348414466 0.197198185961195 -0.069359318067049
-0.235349346236798 0.0714056498324507 0.179611941969772 -0.0679018554900048
-0.246224835732802 0.0123415324510677 0.17280675964611 -0.0465134726328972
-0.208696886542542 -0.142875760038769 0.145097767262497 0.019769809690071
-0.0724358116213268 -0.250422132859384 0.102658503217397 0.0848839028978779
0.143538065452442 -0.272811487359205 0.0539171079078861 0.111530985944059
0.260544645266332 -0.0225947315736063 0.0196279247225219 0.124111097984994
0.163608298608302 0.203786416484497 0.00819356290983944 0.109015680445826
0.0428119944206437 0.297661669702026 -0.00081414199949018 0.17733943338778
0.0977662226244193 0.339388619612063 -0.0629408206690253 0.157866007036112
0.272751503410922 0.16849015597291 -0.0382872820010593 0.0439260334238429
0.265107877099023 -0.159071641972989 -0.0825127679702735 0.0856221443709751
0.00998671299269073 -0.342533581476393 -0.00806684886666443 0.132451563221449
-0.188716088811832 -0.206630561612142 0.0697621694227201 0.0933382293188559
-0.250922887330986 -0.0557262707445955 0.118222766293757 0.0132547346552335
-0.27830256816746 0.0827376226686452 0.0940582647823714 -0.0302893473482418
-0.294297048733242 0.0976206854392821 0.0682629794178695 -0.0295002137088303
-0.305760760130475 0.0253352017334339 0.0552910279442005 -0.0439395310266288
-0.265466526996299 -0.147664538065612 0.0571819899329448 -0.0266039000671441
-0.128708545177652 -0.296350368161613 0.0516004851151318 0.00726120316652579
0.149363382883191 -0.369072866728037 0.0602919970960585 0.0264395990842387
0.355211773627492 -0.0544764930760202 0.0694547833068578 0.0642581510007434
0.245248031292624 0.282741069328736 0.0527899321031394 0.0372866987998024
0.0569722452522079 0.423246152029313 0.0318520475941667 0.0267164659867874
0.0642501889462623 0.330990180589286 -0.0784953292562142 0.0460930188384477
0.227362832018853 0.208435970965658 -0.0564374547589928 -0.0179865757745269
0.28109066148242 -0.107030897357381 -0.0822097120733546 0.0193315595677039
0.0623636224269561 -0.33795357548247 -0.0426043242934458 0.0560985679677731
-0.15645963645708 -0.242887251335044 -0.016775898699593 0.0417464418535167
-0.240199237220876 -0.0920641458407763 0.00705582085069916 0.012243483893437
-0.280730218295604 0.0706997150268846 -0.0195923746020011 0.00285502653940621
-0.309348211572248 0.110611231161393 -0.0526050302781901 0.0136112916693757
-0.319178892503365 0.0424686982654989 -0.0747828793198882 -0.0271924644097715
-0.281336530367712 -0.116282615809277 -0.0480702270821541 -0.054194724342659
-0.174635664809942 -0.277090461244997 -0.0239902378568564 -0.0522398504532461
0.104552892156854 -0.403462904383923 0.0250139615146392 -0.0545282553596515
0.375246986833235 -0.103599944586376 0.0716039093256901 -0.0161091854138141
0.302608555767374 0.285265772509356 0.0634165276628425 -0.0741786375217505
0.0814815008212915 0.474301156412898 0.051241895810241 -0.160337718174686
0.0121491914990366 0.284783680940314 -0.0706502535602498 -0.057960009937233
0.157916701895949 0.232328613182639 -0.0509225770724709 -0.0582340873285129
0.263843259044027 -0.0357985525275958 -0.0362440636900424 -0.0297957237211155
0.108169430889406 -0.283777240141893 -0.0273590747259698 -0.0308549120987676
-0.0989870840173611 -0.2412608933453 -0.0695172032265822 -0.0410319119703425
-0.191051010926259 -0.115507009128894 -0.0919400608355234 -0.0163187336165958
-0.236553171734891 0.0460761990153414 -0.125785789929824 0.0240908848932671
-0.274282332021808 0.109216410073679 -0.161722155119771 0.0580486169493449
-0.284372215172466 0.0559145208340273 -0.192943942828113 0.00716965718714511
-0.251656219365252 -0.0654029332155851 -0.149523206076961 -0.0532082571788056
-0.189008997559836 -0.207863180333084 -0.103166633259115 -0.0774000890400513
0.0355984616292062 -0.362096817851753 -0.0374568584464393 -0.102755897335647
0.315407775105981 -0.141151144188519 0.0331445816228627 -0.085509399890883
0.298549904867905 0.212094423259827 0.0354335496978066 -0.181614988408864
0.102800445292785 0.428489257301794 0.0416401134037572 -0.337245373830808
-0.0365922925319449 0.213884167058031 -0.0438696422270179 -0.150992951569743
0.08718759888476 0.221685375116094 -0.0361110816857115 -0.0811058240349137
0.21188639126897 0.0188258807573144 0.0313174391929937 -0.0528737731756389
0.114224038272141 -0.198868250726773 0.0212225490175214 -0.102925436742071
-0.045649413351429 -0.191685317513755 -0.086437539303311 -0.126745526829894
-0.120186973548806 -0.107578585003346 -0.162833817521322 -0.0595284279564868
-0.157513370778049 0.0189377637571559 -0.206713036185904 0.032645626445947
-0.194899424911989 0.0880646080676702 -0.242773342577427 0.0939153336612342
-0.208306277324886 0.054341025120771 -0.280036271708009 0.047498340321525
-0.183374809178858 -0.0214199201309517 -0.229910388450412 -0.0338383314019609
-0.159879095201972 -0.122926349250269 -0.169066403111713 -0.0787270671595143
-0.0167159548887838 -0.262334272019527 -0.0980300243083165 -0.123195521990452
0.20581413309714 -0.139291118574218 -0.0131196930822323 -0.132287290307133
0.225858555642831 0.109746606441375 -0.00229783666063206 -0.248661534395655
0.0962060866198848 0.305279175746056 0.0149456661511442 -0.456238631856371
-0.0487005713376448 -0.0733314917145794 0.0417661053214636 0.430982045661084
-0.0975118744620463 -0.0287063943777897 0.1157553098354 0.272677927725219
-0.075528125742874 0.0966781760391432 0.0565830414899967 0.161564319546203
0.050606784061858 0.120862090170431 0.104007086164368 0.174274806020791
0.0885816526831736 0.0337102164174745 0.240046787561044 0.121106406487998
0.0687116383447371 -0.0127257174371642 0.30330164009992 -0.000207907429300061
0.0686571244261745 -0.0494313248442291 0.303157962495217 -0.107253080522288
0.0895953300968723 -0.0536036310708125 0.295931707871723 -0.129617021640147
0.0930709987079749 0.0075111289537114 0.297640376454622 -0.0434212259895728
0.0599448192485809 0.0558218616204308 0.217740495564061 0.0782862610376576
0.0200495612087506 0.0876174239093985 0.120679734258616 0.150670846851766
-0.0737107290859002 0.0839577651195492 -0.00589781770293431 0.149195514111437
-0.109910305011733 -0.0396094277428272 -0.101709984506464 0.0937515567934108
-0.0256947728680341 -0.148679020147428 -0.0635520879294121 0.101805944307577
0.0315189714572348 -0.181676527630311 0.00221818993709625 0.29310937676415
0.0107340898734163 0.0868392946973939 0.0401393778281686 0.433444838969931
0.0547213990810266 0.0387921706665989 0.109731256210986 0.252677837365963
0.041096589242787 -0.00139714753404986 0.0492527179842991 0.181324385693318
0.0248265770757859 -0.0320311819963573 0.126298674683557 0.187094465838304
-0.00985291844212972 -0.0342540212408317 0.257310818483606 0.108496516634572
-0.0410746239600754 -0.0180945632595961 0.317777727821211 -0.0269604834707243
-0.0439870240075761 -0.00392307096733138 0.31099924503907 -0.12348714505154
-0.0273396704266552 -0.0061461195031362 0.304944990779373 -0.12647368986482
-0.032513388696112 0.0113667258293684 0.304939416953454 -0.0423936227749215
-0.036351524666576 -0.0204998581862288 0.228465987141878 0.0870255119434825
-0.00318490205272534 -0.0328277998663415 0.128039535858889 0.176293097284356
0.00416930380121494 -0.0322043487826558 -0.00954967597728396 0.179078560635075
0.00599811073031679 -0.0354138591574028 -0.099988336748639 0.121339205412895
0.0327104359053456 -0.0474987612645137 -0.0691947394565004 0.112673879497967
0.0471752487193275 -0.0360690006607227 -0.0202344676222446 0.306520904267167
0.0694435237348563 0.220476361588857 0.0168560263091498 0.371020741084925
0.189008170587851 0.0862591242993262 0.0663364982794147 0.194058440411061
0.1437781032904 -0.101353115166633 0.0090118227862818 0.179345418573544
-0.00885265228163169 -0.179642855768267 0.107539794059053 0.196374337264397
-0.108309458671311 -0.0938218452518564 0.234317646214155 0.109738733388695
-0.143930971379994 -0.0163084770281935 0.291967537617601 -0.028118906013887
-0.149524724254336 0.0444797138248982 0.274472549546607 -0.109885769781463
-0.141086678567244 0.0404947992122414 0.265004542783348 -0.106371807108928
-0.15262571378788 0.0127776093344383 0.262553282782351 -0.0463390640830006
-0.131482981325437 -0.093963625530007 0.205820012477996 0.0622730291135079
-0.0323240125150448 -0.154639519182072 0.127545247420106 0.149924350639232
0.0839250868683639 -0.155960261664613 0.022146745079527 0.168209615205745
0.135037849046989 -0.0244650748317659 -0.0491404096708512 0.141036701078125
0.0946320519108028 0.078560115226247 -0.0416937882503898 0.12835426511112
0.0487330098715542 0.133683899393802 -0.0196294351994643 0.27400221322703
0.106531572194064 0.308027232553447 -0.0223807412331673 0.275405212489496
0.27023576675955 0.126750868402251 0.00954824068909627 0.119902138292365
0.221429281212404 -0.1646994599512 -0.0445488139580419 0.148005280960118
-0.0214794701536253 -0.29251155134003 0.0551791649153254 0.183101723531768
-0.176989769311288 -0.153263754143939 0.167280977537518 0.112612303824223
-0.221552121951047 -0.0254315581768299 0.222687119285375 -0.00867042975269892
-0.234347437307011 0.0779034187960868 0.199630117410809 -0.0754784898735948
-0.23752497250365 0.0783679339268722 0.181376844938614 -0.073771681946283
-0.250851411742859 0.0177904740132247 0.174660782441384 -0.0510786921341713
-0.216371409491881 -0.14152020159319 0.148450114905468 0.0169659678373744
-0.0781985832468251 -0.253568848221921 0.10667454665168 0.0837862888157742
0.139428512518672 -0.281148570884666 0.0576024545597935 0.112647793946449
0.26558598491077 -0.0290897262966616 0.0225126007020664 0.125539439234716
0.17163532701316 0.204260417195893 0.0103267620478593 0.11106107489098
0.0499517147434653 0.302354950273161 0.00235809888225895 0.180774995654369
0.10711368779219 0.343643436455368 -0.0602075112477966 0.162773179279837
0.281698714945826 0.166283618505517 -0.0378481713108935 0.0452353172210071
0.266396888905822 -0.16770058722076 -0.0817586452612077 0.0890774200867072
0.00130879328065688 -0.349329086966527 -0.0057009872979266 0.135049418432526
-0.197190132548268 -0.206261675832818 0.0729808657346582 0.0942776919945047
-0.257375631017423 -0.0515368894014595 0.12044884541923 0.0111457434534486
-0.281936682187129 0.0904153834779282 0.0952284842454677 -0.033130188307405
-0.297640357267916 0.10622535974959 0.0688449748958346 -0.0314119900763761
-0.310911962993866 0.0324486757079929 0.0550605459714075 -0.0462254531083695
-0.273665913399909 -0.145566468579969 0.0570726090041078 -0.0285426077321943
-0.137400953385205 -0.298989289009639 0.0534072100823158 0.00572593426045971
0.143248399143127 -0.380136608639186 0.0622055952184241 0.0259699816405376
0.360857608054516 -0.0632700012562258 0.0722653635162532 0.0638680028711735
0.256353458616597 0.28277796369855 0.0541719172754092 0.0376201981099312
0.0671064826013757 0.429640668342569 0.0327348152614121 0.0267584923312948
0.0722793170511445 0.336400177092801 -0.0789716393924098 0.0486935155017874
0.237902633462797 0.208722799316473 -0.0573933589073003 -0.0175709130068581
0.2834918601658 -0.115335047843754 -0.0834620965894872 0.0218343964311081
0.0556844517312004 -0.346569102440198 -0.0416471517016297 0.0577038026519362
-0.164952038478156 -0.24452785094672 -0.0155192573536563 0.043169985761241
-0.24734236027009 -0.0892352993496315 0.00719196514306194 0.0122164935703212
-0.284234873132478 0.0786056620413722 -0.0201871096227551 0.00342876522331471
-0.312378379707017 0.119376813186067 -0.053246207209818 0.0152699364582676
-0.324249977244759 0.0507913362657886 -0.0769668944611117 -0.0262810518331631
-0.289538338910264 -0.112402647661218 -0.050551663479301 -0.0540770181492636
-0.184695878368853 -0.278796284186746 -0.0251255636427941 -0.0536247562887761
0.0975352523940553 -0.413575655789897 0.0244671771005048 -0.0560998028445074
0.380038210150049 -0.113075560488335 0.0733191430019676 -0.0184419559067013
0.315473908369979 0.283232049107703 0.0623495327764407 -0.0761994596183918
0.0939042842096126 0.480318633538709 0.0468103072079513 -0.163856721948091
0.0186969210942812 0.289523413407795 -0.0731310405909094 -0.0575141065249349
0.166674034747962 0.233343164146331 -0.0535861713406251 -0.0583478610279031
0.267843813782868 -0.0425512476907074 -0.0381869791015065 -0.0291721870516351
0.102937704446382 -0.291828275770713 -0.0284957607720059 -0.0308493309635168
-0.106954723965386 -0.244160584432421 -0.0720195693477249 -0.0400911157285541
-0.19761932136731 -0.113910535286168 -0.0940956152623316 -0.015115754317784
-0.239744657310548 0.0518871496952699 -0.127541361925044 0.0267284848786058
-0.276024639306457 0.117345412426543 -0.163730696369094 0.063064779531262
-0.288250752740551 0.0638213004474043 -0.196364688762971 0.0113809153382781
-0.25735667047691 -0.0617497223462766 -0.153552257129507 -0.0510825344049591
-0.196513861242308 -0.207240153230068 -0.106060843975039 -0.0770385419864911
0.0282663705528107 -0.370021560688587 -0.040025209554519 -0.103346362878653
0.317951915155838 -0.149694281017896 0.03292520303044 -0.0883231530356614
0.308047283206981 0.209484211671252 0.0320019348181028 -0.185050047089238
0.114774144739758 0.434655924279136 0.0339828131338883 -0.343989879046665
-0.0328746899213354 0.219475960751868 -0.0482258830727377 -0.152906236769726
0.0948837052724991 0.224360242029254 -0.0385364129343321 -0.0818847663580174
0.215773409197862 0.0137675644166649 0.0305851705185496 -0.0542188797798094
0.110712599100522 -0.205554307464778 0.0194882397137644 -0.10523002896981
-0.0508526559951628 -0.19395018360175 -0.0907821101429554 -0.126605874887389
-0.125242835136511 -0.107157028327286 -0.166871924068396 -0.0574729886974444
-0.159414014249217 0.0230860826476828 -0.209760938443921 0.0367750621590179
-0.19566288516009 0.0945907987356351 -0.245339069130804 0.101379940344576
-0.210892328491656 0.0604695979611431 -0.284229516629801 0.0544480632148295
-0.187313681869472 -0.0178175737845467 -0.235114121839072 -0.0302167305872376
-0.166766113907832 -0.120846394080343 -0.172735200764906 -0.0772584410717432
-0.0233430468569483 -0.266523173968362 -0.101684950229764 -0.122842568973044
0.20704290046895 -0.145827663131547 -0.0150382020728946 -0.134617346857558
0.232014839761352 0.106603529506978 -0.00810156256674453 -0.252526659070717
0.105479138088133 0.308523551692101 0.00383712353005558 -0.463578906903383
-0.0512186862417576 -0.0736384326022499 0.052132781208359 0.436190512899552
-0.100651738230614 -0.0269475045677076 0.124497097727652 0.273372696486671
-0.0742712068595418 0.100083758211822 0.0603747334167923 0.162445442498052
0.0549766616008845 0.122078537020493 0.10939749284647 0.174809641505989
0.0915177215963283 0.0322763351027751 0.246584221648965 0.118290992058548
0.0695859606160028 -0.0143157229267162 0.308688879391048 -0.00694576236805399
0.0686704383340386 -0.052030687073215 0.305123118825743 -0.115885130381932
0.0894180896914379 -0.0566564627953717 0.297660590815415 -0.138945771069576
0.0952025405587838 0.00469644667579263 0.30192044877762 -0.0515650700875496
0.0625913207788652 0.0553778089349974 0.223617196281662 0.0737651797831107
0.0231270810001849 0.0882221670813911 0.126329102858381 0.150644029008274
-0.072563256298312 0.087565171570907 -0.00301718374348616 0.15205111584664
-0.112512737768287 -0.0376370762465181 -0.101430086386251 0.0982756036381713
-0.0297424512438639 -0.151008616262628 -0.0614874293653095 0.105609079351968
0.0272157239362701 -0.185088509364827 0.00985490151978282 0.297267249336869
0.0137589029591862 0.0870364990057362 0.0512853784215179 0.438614402535834
0.0565536418215952 0.0374746659237017 0.117981562917713 0.252646093582366
0.0417469360144741 -0.00171775775943666 0.0548446008472886 0.182902945454749
0.0251438211968222 -0.0333182157619119 0.131825813627138 0.187313861316606
-0.0106832949453264 -0.0343215954538994 0.264176460721286 0.105070563570202
-0.042265292299281 -0.0173613875603626 0.321500690554111 -0.0347149548070356
-0.0448111559718477 -0.0029974980838185 0.312316719548099 -0.1320751075666
-0.0282600359661667 -0.00547642961541746 0.306653111133288 -0.136208681825005
-0.0327273466841534 0.0125839518897099 0.308787897820406 -0.0501690966997015
-0.0370085700331712 -0.0201646156633361 0.234793410992721 0.0818367658132491
-0.00354136341621513 -0.0335181577791152 0.134168948241629 0.175570372778646
0.00385985429185022 -0.0327325550081893 -0.00417416974153252 0.182508306185589
0.0051702423410473 -0.0356561805735658 -0.0988177361891485 0.125835350522086
0.031712963388675 -0.0489161910382978 -0.0679960814901965 0.117143796511723
0.0475447694018388 -0.0377523671639767 -0.0127892735747741 0.311450168172313
0.0764534334277041 0.22228410947111 0.0261848792554882 0.377432156648765
0.194337570606436 0.0827667372796272 0.073312270032275 0.194922326715806
0.143352658155079 -0.106654931127907 0.0129807375090274 0.181204157760348
-0.0137375016878918 -0.182198429425542 0.113407399785892 0.197362180360618
-0.112904333662262 -0.092946473819973 0.241069492774658 0.107117018743897
-0.147327456493947 -0.0129091325804828 0.29573563568997 -0.0356346134931489
-0.151462875801072 0.0486446606887918 0.27632863926137 -0.118484982721542
-0.143315124242361 0.0442333840952537 0.266925998522059 -0.114643631520751
-0.155430579435014 0.0166861514868809 0.265345336033585 -0.0543018053400414
-0.136068848918668 -0.0928482247402779 0.211717486555059 0.0582431837125186
-0.0366876234515287 -0.15682662605205 0.13384315540513 0.148719732998092
0.0819806138285768 -0.1609527628872 0.0265343138748751 0.169998410464199
0.137070375470176 -0.0275791290948507 -0.0463396665778453 0.144853700302487
0.0979006937047326 0.078291348119609 -0.0394859842472134 0.132451991425477
0.0526770852260179 0.1353757435368 -0.0132882196755871 0.278854133497736
0.115860204416601 0.310838464482863 -0.0163836846155767 0.280712178158528
0.277981401214157 0.121920850152984 0.0127619793544547 0.120726635181505
0.220362890342508 -0.172836954492103 -0.041444387653945 0.15126033650755
-0.0291239009530966 -0.297134184917275 0.0600824382984124 0.184589071928424
-0.183947336515705 -0.151427732109898 0.172658736395838 0.111310925704079
-0.226088778363712 -0.0209813290905922 0.225923077742757 -0.0141715862752769
-0.236751716510633 0.0851992099564098 0.20077357034237 -0.0816009540739072
-0.23971582893579 0.0854309251378226 0.182788609628815 -0.0797075637711289
-0.255121676953714 0.0243692460272165 0.176276852250932 -0.056654861201582
-0.223957273224057 -0.139067108648783 0.151414768865425 0.0134638711571315
-0.0856842599652362 -0.256887423123989 0.1109595202882 0.082563928193707
0.135411910232301 -0.289578310457603 0.0611641715783919 0.113324755687416
0.269763205062559 -0.0348916746852922 0.0257346032043369 0.126889035510963
0.179039902593746 0.204102557178025 0.012898559186307 0.113014412552656
0.0581594265060288 0.306263618881417 0.00653893498047248 0.18416669877823
0.11707817656153 0.346909026362192 -0.0576999316429852 0.1668114971114
0.290962719960897 0.162443135459233 -0.0367125238130615 0.0464779899576739
0.266404226449981 -0.177399393134564 -0.0813755853861793 0.0925695433788819
-0.0071818452622266 -0.35507733878064 -0.00306606998724901 0.137698976968182
-0.205479653561833 -0.20500451270399 0.0767761009268207 0.0948685039586717
-0.26292959570837 -0.0465432455090104 0.122500086095072 0.00797921256369418
-0.284999826700457 0.0987335557255133 0.0962617050610746 -0.0363403560565359
-0.30006540063367 0.115604012976322 0.0694117755695622 -0.0338876605349673
-0.315842238893034 0.0405067428567328 0.0545446349758353 -0.0488868549668551
-0.283042504093967 -0.141851730203033 0.0577969296433478 -0.0302784579362017
-0.146943680099983 -0.301227520278928 0.0551652649820431 0.00426563831538319
0.136997186138588 -0.39003654618544 0.0642311425125436 0.0245719032428142
0.365163438159123 -0.0727633107356461 0.0755127524291416 0.063226890241693
0.268089141347541 0.281464665508407 0.0557509831504002 0.0375102939448588
0.0787982773068917 0.43444203196203 0.0328286185931363 0.0273998323719857
0.0813842899327363 0.339577399457168 -0.0790790903021728 0.0513650092763046
0.246759508598461 0.206613707449586 -0.0589076636154044 -0.0166310384570607
0.285045736444304 -0.124213222098398 -0.0842338177331973 0.0243857613508727
0.0474047726987429 -0.353571546666518 -0.041536456684805 0.0595057689072572
-0.173887951859869 -0.245538196717108 -0.0149618343807276 0.0448364394841569
-0.253819604580592 -0.0851856092933259 0.00799330992919104 0.0119868008425059
-0.287192775633207 0.0861139486095411 -0.0204379382832788 0.00359097993997803
-0.31408360198836 0.129550247233471 -0.0540317028381753 0.0164182255385718
-0.327951909556445 0.0592453096834636 -0.0793379343612394 -0.0247644143547952
-0.297509743846371 -0.107313677022567 -0.0528122410008018 -0.0542529169065084
-0.193429988037419 -0.279201077146233 -0.025773306096523 -0.0540938007870481
0.0884746518671725 -0.423597703634373 0.023902675537353 -0.0572122833665374
0.383980458699601 -0.124240539100043 0.0748783875702764 -0.0205605326028661
0.326673727095869 0.281024777821595 0.0612876971041926 -0.0783859523149672
0.107049286201823 0.486393954267254 0.0424294370681526 -0.167096600061265
0.0257591382424089 0.294586537445142 -0.0755023759724113 -0.0565705921097933
0.176341890765492 0.234173370309605 -0.0553971709756962 -0.0577427652420167
0.270958253325894 -0.0497622916221782 -0.0392402518089624 -0.0285826036101637
0.0966436313069993 -0.299860581193586 -0.0296740134380743 -0.0312168875737677
-0.115079307019237 -0.245589441089637 -0.0735062022839998 -0.0383519008779978
-0.204706489939505 -0.111498987317801 -0.095813113757293 -0.0130544880265583
-0.242690238802159 0.0582446126817493 -0.12906291062649 0.0300792902877367
-0.276602758685996 0.126279568169374 -0.164693709743056 0.0678773962643775
-0.29161061921131 0.0721248849899591 -0.199769061461258 0.0166940940072277
-0.263093615982353 -0.0562036063707366 -0.15767096192418 -0.0489162845989823
-0.204467666095873 -0.205787292148807 -0.108908387348868 -0.0765054592003352
0.019389919807935 -0.376423989629356 -0.0422183902227352 -0.103991395291759
0.319506437088796 -0.160187167749374 0.0319043942496256 -0.0906992695483992
0.318462478726249 0.205581402253557 0.0278732160174286 -0.18829955541537
0.126039472821698 0.43896388175517 0.0251916494147723 -0.349618067310087
-0.0280634486237133 0.224002350490162 -0.0530097727756287 -0.154355965893298
0.102695785361472 0.226678438591378 -0.0415536819314892 -0.0820394741500429
0.219292377019124 0.00806608201915469 0.0300260305476756 -0.0556858260537262
0.106715584663187 -0.212099342443178 0.0171581606692431 -0.107921590789732
-0.0568744978476124 -0.196832342890108 -0.0958014689954391 -0.12689009571225
-0.130235223890378 -0.10666970424738 -0.171319626352929 -0.0552221245737787
-0.161704235341104 0.0270004980949446 -0.212262125533218 0.042365334964823
-0.196275727674482 0.101076693705731 -0.246401551682173 0.109298268257148
-0.212494972549037 0.0670762948956636 -0.287690298050647 0.0621844493316352
-0.190663683939287 -0.0141441730761119 -0.239795496329393 -0.025385940025968
-0.17275102717775 -0.118677585042474 -0.177527760401489 -0.0756037142366325
-0.0303574344117713 -0.270553789526574 -0.105381593443974 -0.122540328261811
0.20677242744087 -0.152966432954993 -0.0182301809367568 -0.137064008028878
0.237772746027028 0.103336378331776 -0.0142511977020215 -0.255798475803863
0.114200630058309 0.310850028144943 -0.00914277324508337 -0.471406295523917
-0.0532146908556078 -0.0737578711079419 0.0649845534690224 0.440464547050529
-0.103666818607986 -0.0251705570389984 0.133761129674779 0.272320155481589
-0.0732050564786322 0.103501081227837 0.064755390217931 0.161996028412105
0.0592721092617005 0.122824071928316 0.113505265667182 0.174928978343341
0.0932856402439583 0.0310875160432298 0.252935874567137 0.114237050000541
0.0704726702335109 -0.0163529108884791 0.312519809616721 -0.0139395243872519
0.067733560721979 -0.0542905126896709 0.306995511838 -0.124385421311186
0.0882658288190162 -0.060389580654642 0.298520447059437 -0.149807545218028
0.0961076915290858 0.00255596649279411 0.305275481623917 -0.0602637481805347
0.0649737705096265 0.0543994615750882 0.229502203010442 0.0694236184448191
0.0262056421486817 0.0882924260748817 0.131298196058101 0.15011980348273
-0.0705742595240316 0.090734356942446 0.000841220403259933 0.153438947139851
-0.115522290404009 -0.0351924054690439 -0.100117577694497 0.102681795436905
-0.0339982353354883 -0.152103873902967 -0.0604510287866496 0.10924512619819
0.0227021376629462 -0.188762376233041 0.0182760687993903 0.301240738298243
0.0166461514497725 0.0883132454394481 0.0624478619140982 0.442655584908187
0.0578105586121809 0.0370485358139171 0.126888532112533 0.252193213222232
0.0416807584936073 -0.00322729320643438 0.0598078625221331 0.18292546305702
0.0243060439237306 -0.0339734149030529 0.137499520246567 0.187059103882899
-0.0116063186052074 -0.0346370512505425 0.270734969826225 0.100564445565378
-0.0441167399518447 -0.016562508329801 0.325621302722412 -0.0424626278931857
-0.0461343676119546 -0.0020988976031393 0.314640158112976 -0.141932225900472
-0.0299609520934922 -0.00544781833761132 0.307935558374479 -0.146615931067444
-0.0332280982831376 0.0132643317071014 0.312350645667583 -0.0588287385353832
-0.0387403541220915 -0.0209295902219491 0.241260848069399 0.0786750831782652
-0.00385231889649878 -0.0347241568797989 0.140496974190667 0.175081390791347
0.00360244816168587 -0.0339122142533891 8.47408735687885E-05 0.185787889534847
0.00471577935982233 -0.0360455856422996 -0.0969584813006285 0.12989365033482
0.031214621666539 -0.0495868589038035 -0.0661116150764237 0.120098424695447
0.0473770302246935 -0.0389895410414418 -0.00441861303504166 0.316505303953397
0.0833991810415849 0.222980210257952 0.0358430160739647 0.381724041073047
0.199016028721121 0.0792052335748377 0.0795736647975435 0.195234956332797
0.142516002878897 -0.111869197953956 0.017868739255458 0.183727185295683
-0.0185245962911386 -0.184789336825464 0.119573542618163 0.197379451773954
-0.116627443241218 -0.0913029481379195 0.247062837089084 0.103939656478495
-0.150260225879208 -0.00952065837582952 0.299434533761058 -0.0433345959254543
-0.152912964713645 0.0534069249923309 0.277689254924345 -0.127467859412358
-0.144217346976042 0.0482566123308728 0.268011300062312 -0.123891052462425
-0.157753674234131 0.0205786594820491 0.267700037444441 -0.061953067419221
-0.141023627590023 -0.0910113718298254 0.216675975348157 0.0542818374467847
-0.041452671864191 -0.15874757744497 0.14000158988104 0.148184566944762
0.0796657891015748 -0.165182670417121 0.0317649015482642 0.172353890880741
0.139011593621533 -0.030707895813113 -0.0436471701979961 0.148088569083365
0.101574066759188 0.0772957325312174 -0.0369493111858967 0.135312462406482
0.0567342327089641 0.135850082036679 -0.00638515925623324 0.283750224162409
0.125794064265943 0.312475764302622 -0.00954894127834129 0.285427753949918
0.284676401273355 0.117801630927625 0.0164588250216779 0.121815561500466
0.219142117096474 -0.18118328775999 -0.0386064891114904 0.154431651200259
-0.0377125061745206 -0.300629172086173 0.0651050576447809 0.186306683329325
-0.1906377918671 -0.149661602312962 0.177693362119537 0.109323800778892
-0.230351503693947 -0.0156869906180737 0.229471733286858 -0.020089735787838
-0.238888526337151 0.0926905389928064 0.201956301788841 -0.0881510901738171
-0.241570083014159 0.0926636109358755 0.183194450813118 -0.0856501271463166
-0.258629521749031 0.0307516444916027 0.17722312041535 -0.0626580477629033
-0.231348839460603 -0.136121505005804 0.154127043352167 0.00957610675341137
-0.0944084328160457 -0.25985096560544 0.115255882791298 0.0812200607989329
0.130615428778696 -0.297684160452903 0.0649918986992802 0.113588607410362
0.273497409196962 -0.0418977079273879 0.0296550848697609 0.128512062840205
0.187140677943654 0.203286033578208 0.0156083554757085 0.114937411027653
0.0666391766828874 0.309398956844317 0.011556794644466 0.186714415348402
0.127561418216808 0.348499243960953 -0.0544238632148192 0.171175634352617
0.300240389248743 0.157824626865841 -0.0361427038079437 0.0475135014098364
0.2656087837816 -0.186545709677516 -0.080363775093955 0.0964485731233935
-0.0169056566093365 -0.360221742498031 0.000267531542514312 0.139275482081229
-0.214097839414878 -0.203678802493809 0.0805766258682532 0.0951540649963831
-0.269141300339655 -0.0417062604179596 0.124861246161239 0.00518486850731672
-0.287316009728024 0.107441260132451 0.0967028588233461 -0.0398448868571373
-0.301336747134114 0.124779030372767 0.0692334274110207 -0.0363546753026969
-0.319518349076671 0.048884510882495 0.0539442443278819 -0.0513852265064851
-0.29143654193507 -0.137989666577047 0.0575757011057972 -0.0321866976552278
-0.156816358431282 -0.302449925949307 0.0563056067401568 0.00248331525410057
0.129026416094575 -0.399756260490819 0.0658217487727822 0.0234710124668604
0.369027712258956 -0.0821203068100785 0.0790734655780382 0.061909377094915
0.279559367143216 0.279617364071913 0.0571684282676903 0.0375808452060868
0.0910760116980353 0.439289340638569 0.0334239817019344 0.0270339959226568
0.0913864160454397 0.343032145337395 -0.0791580060124056 0.0542729241572211
0.256033082832833 0.203542628945882 -0.0598704829677068 -0.0151975845831522
0.286492758328455 -0.133784047094915 -0.084863664938144 0.0269230980278734
0.0385514633666197 -0.360640871482771 -0.0411210145654442 0.0612364667066031
-0.182934881736691 -0.245403214151221 -0.0137594923199716 0.0467311484768244
-0.260578604196982 -0.0807247573409709 0.00831337184338939 0.0115722075540056
-0.289870935385619 0.0952732636563023 -0.020445075926404 0.00345774573693989
-0.314894003687832 0.139850005564869 -0.0545962377436842 0.0181688848755385
-0.332473484944542 0.0686467835122286 -0.0815054346373774 -0.0235665988252054
-0.305302676775125 -0.102458406765567 -0.0553251596201398 -0.0546555758042233
-0.201636863489439 -0.278037181842067 -0.0271530228274855 -0.0550827903799592
0.0792292071573693 -0.432327294937125 0.0234016554472153 -0.0585769289223851
0.386497654118536 -0.135684451964761 0.0760541995989122 -0.0228915310078768
0.338958365151856 0.276863928669869 0.060166358468922 -0.0803054941616687
0.120832824662591 0.490579839273113 0.0378477837277565 -0.170257047967202
0.0332903400025279 0.298729052562564 -0.0781616657161387 -0.0549913795634786
0.185372911901132 0.234254484221176 -0.0576692218983637 -0.0574294898299076
0.273264175062257 -0.0580264586996101 -0.0406387686130895 -0.0277037162667131
0.0898392754003103 -0.306979741882518 -0.030821679040949 -0.0311275010575708
-0.123392403808601 -0.247281310955398 -0.0759893226717278 -0.0369200927509892
-0.211002164240112 -0.108808095983677 -0.0976362397463819 -0.0114832649654675
-0.244635922804453 0.0654045127307248 -0.130039408720796 0.0328510093731597
-0.276999746186924 0.135664449506978 -0.165431181155779 0.0730890248908454
-0.294142090939151 0.0812314689748167 -0.202757044184302 0.0222466764229441
-0.26883222119065 -0.0506693955070218 -0.161745469225864 -0.046379843192092
-0.212796471230052 -0.204172622212215 -0.111543500515143 -0.0754196978476109
0.00966640549622202 -0.382808496128268 -0.0452019018135249 -0.104314793348626
0.32031064779057 -0.170044116600583 0.0312397403112149 -0.0928053677173856
0.32858421735743 0.200663175489356 0.0231484313863659 -0.190778924445533
0.139060206144586 0.441736168150919 0.0151092451308613 -0.354574138440707
-0.0229950596327271 0.228522023227094 -0.0570252087011053 -0.155437079741234
0.110393459100102 0.227530541255341 -0.0441913517237703 -0.0820149920611127
0.223164192733726 0.00204713014727734 0.0287371251866482 -0.056723737839726
0.101955357022781 -0.219026191828113 0.0150345021324665 -0.109984711321812
-0.0636291235024994 -0.198867367209286 -0.0997427420498966 -0.125961915937337
-0.135561938072214 -0.105130364467694 -0.175201935607233 -0.0520016581888383
-0.163525903017573 0.0311197922524717 -0.214312758634856 0.047210093102547
-0.196072497195647 0.107525769869395 -0.247347119003318 0.116597548656752
-0.213924682376424 0.0736753856514416 -0.291391925052893 0.0711318370062811
-0.194068997120074 -0.00974443084873279 -0.244578088313256 -0.0204831740958684
-0.177663726559968 -0.116425160544485 -0.180616240434837 -0.0730149035202015
-0.038258167154415 -0.273503666828664 -0.10934562184285 -0.121568922285109
0.205971339648263 -0.160568581729009 -0.0205405464895506 -0.138376899935869
0.245031838694568 0.0989341850722591 -0.0213841650136761 -0.258534307513024
0.123706954444256 0.312277239969701 -0.0223135992008485 -0.476548273882702
-0.0553926009149738 -0.0739355614221892 0.0772048627011226 0.445025146965058
-0.105984077869054 -0.023201459811753 0.143846188294798 0.27087704804785
-0.0715419718451543 0.107057681179492 0.0693669874442817 0.162270817984288
0.0640429280135648 0.123240596033617 0.119344624075783 0.174525415564455
0.0953637566544019 0.0290978545961708 0.258767368381288 0.109503959059781
0.0706593830840077 -0.0178080393749911 0.316709225849811 -0.0219151391527089
0.0672517580787879 -0.0570180000975809 0.307464589081027 -0.134218788839992
0.0875154869621435 -0.063432547378496 0.298659088462526 -0.159248331698616
0.0975775046064795 -0.0010729850827078 0.306973713737975 -0.0698861230737354
0.0674296469547557 0.0528168185139598 0.23451533961195 0.0647618884656622
0.0284056068674747 0.0880988552778642 0.137191992265056 0.148517670725291
-0.0682045904512724 0.0933423578613698 0.00431340405730769 0.155488884458683
-0.117196923632851 -0.0321485186790569 -0.0991627443031236 0.106916336892278
-0.0384357372309185 -0.152830638221911 -0.0581109064912648 0.112144375218919
0.0176144961995176 -0.191293225703975 0.0271951307598815 0.304462898588202
0.0198818675847553 0.088109931521287 0.0751147045623699 0.448085122754529
0.0589872101884133 0.0348432371659146 0.135834659390795 0.250761996266191
0.0422707541472546 -0.00398204706268756 0.0647871632616802 0.183142823054456
0.0244332264981753 -0.034766896671339 0.14317688243416 0.185830187495679
-0.0125135964402524 -0.0345624041312869 0.277116961143404 0.0952566019661374
-0.044673881726637 -0.015171890943227 0.329572513387665 -0.0511598319927237
-0.0473484986639723 -0.000326207107584122 0.313729002790956 -0.151861366036738
-0.0304970626956937 -0.00437322098448829 0.308131218237211 -0.15640113727978
-0.0335381596800559 0.0138752469957214 0.315222494933896 -0.0683675047247876
-0.0401090006378948 -0.0199895257294208 0.246667890859254 0.0737085714836539
-0.00468993983964843 -0.0350696396928994 0.146730204118742 0.173433826300947
0.00294653500320472 -0.0345032561595436 0.00402103737304522 0.187393311255893
0.00440490978489316 -0.0356877050626735 -0.0947760662855891 0.134735563474876
0.029745983735825 -0.051248186186592 -0.0635635854701139 0.124292293738017
0.0469658879191781 -0.0411301531409348 0.00416788087216809 0.319409236600226
0.090795488700201 0.22281904558639 0.0463491641322692 0.386342995023544
0.203749180417771 0.074389998662561 0.0862192362352524 0.194625965978821
0.140660101010824 -0.116930258154114 0.0224900140134004 0.184926462793875
-0.0240486120418568 -0.186244439805641 0.125170214316646 0.196957200715217
-0.120471941078468 -0.0896235795237223 0.253673880383313 0.0994929283841293
-0.152899656873966 -0.00514808027529992 0.301999854427864 -0.0512027510398013
-0.153792749353516 0.0582820450312931 0.277645854276662 -0.13631904456879
-0.145287067049818 0.0527474022120997 0.268474495585023 -0.132810339306948
-0.159504485745502 0.0249673914733225 0.269751061619771 -0.0703697342130422
-0.145731639995219 -0.089414477833764 0.220691748173147 0.0493451922999537
-0.0455693016782526 -0.160772269457106 0.145580048708393 0.145767872094141
0.0762500596346062 -0.169721701103154 0.0364301757212857 0.173117765465415
0.140244801402773 -0.0345510134219501 -0.0404543969763557 0.151510348128539
0.10507437179452 0.0760363132677804 -0.0339636908046944 0.138498275922546
0.060279022784597 0.136129056750577 0.00128983158888854 0.286654771927662
0.135171710295548 0.312398569462781 -0.00236165233631295 0.289261464997513
0.292637167208617 0.110928699298892 0.0204118942160855 0.122280867842321
0.216896033802794 -0.189334457693873 -0.0351490609020078 0.157885267368317
-0.0464813293410941 -0.304061104433636 0.0705012846945211 0.186981320967329
-0.197207294154949 -0.147208710422894 0.183427863909914 0.107002851430173
-0.23448458539627 -0.00991688944924045 0.231103002095125 -0.0262155263874506
-0.239788032875725 0.10033528091321 0.202164012257042 -0.0946904807422639
-0.242051202929799 0.100770021412529 0.182953820291455 -0.0918164698788663
-0.262204289694539 0.0385899881396012 0.178000645957896 -0.0684301005799882
-0.238493289597064 -0.132184461568113 0.156589298659359 0.00574611689550967
-0.101050119979353 -0.260265346386452 0.119209992793955 0.0783268003096928
0.124064451077626 -0.305045336423845 0.0689225541282816 0.113076252178388
0.276227508846144 -0.048814587084351 0.0337456009781216 0.128745704428625
0.194875019401031 0.201588367985977 0.0188358940967666 0.116559087986378
0.0756291662300157 0.311276736284271 0.0158193194415388 0.189087988280644
0.139655527057243 0.349311259325206 -0.0507847635116305 0.17467695860141
0.308379549884884 0.152541407375121 -0.0346475585891339 0.0487136886977477
0.263392905244308 -0.19589545466534 -0.0790973393166096 0.0999392404818056
-0.0272904612616609 -0.365027194675432 0.00349687781945119 0.141678493194992
-0.222420405561537 -0.201286009364793 0.0835654369787406 0.0953277648627368
-0.273958655143566 -0.0355888682091541 0.126249332290359 0.00162556137107044
-0.288158603831365 0.117100429165974 0.0967708784331306 -0.0427324627860556
-0.301597852554551 0.134733583171702 0.0690399117738646 -0.0386685378070733
-0.323066171290134 0.0583021506933862 0.0528744839119087 -0.0533912224430938
-0.298918959732846 -0.132354337200402 0.0574530299840859 -0.0343752215535971
-0.166361741192619 -0.303168707840627 0.0574561624886203 0.000579483721796117
0.119493471240828 -0.40907343101548 0.0670830747630339 0.0222857467332087
0.373113921450626 -0.0930578974461816 0.0815926557393808 0.0601680324021171
0.29056757739523 0.27645096664178 0.0585837384061066 0.0365957788012792
0.102730756644773 0.442900223283869 0.0335936584294945 0.0268761339654883
0.101823108669438 0.344918490792274 -0.0783876524133512 0.0575486700028073
0.265685688040957 0.200223029371292 -0.0605309107114274 -0.0140497631848241
0.286049499113423 -0.143181451100667 -0.0852485083847343 0.0299006001933561
0.0288544172289806 -0.366947896078314 -0.0399740000043713 0.062661643700117
-0.192156855348014 -0.244106985896829 -0.012447439431882 0.0479951381565351
-0.267027984447363 -0.075347528410369 0.00847235335509456 0.0113400860810658
-0.291113471953122 0.103512020771436 -0.0209622271614916 0.00351093092115533
-0.314683483241061 0.150448125225049 -0.0545594508699459 0.019952555233637
-0.334451524231378 0.0796049965797838 -0.0834953819218375 -0.021744609288726
-0.31226150859772 -0.0962575001236934 -0.0573390989317537 -0.0537293506775245
-0.211242855202864 -0.277076009304541 -0.0285108090624781 -0.0555770753984749
0.0681948820640948 -0.439924400625715 0.022188904719965 -0.0598569239670096
0.388466361359691 -0.146863796445972 0.0770463944891913 -0.0259020512716598
0.350039955864238 0.271989352619568 0.0584155499681615 -0.0820596551676142
0.134951409453319 0.493087770296617 0.0328711135666726 -0.172824248650513
0.0416575174534157 0.302121814698137 -0.0807818384175203 -0.0535597840212783
0.195034163125074 0.232576140599283 -0.0598443689041949 -0.0567042989884827
0.275503504766951 -0.0666106485204697 -0.0418254806601984 -0.0264712526958256
0.081868936213475 -0.313732692982752 -0.0321215676271881 -0.0306023407301222
-0.131993634956305 -0.247558294344604 -0.0777514436046643 -0.0349932348719909
-0.21752568789837 -0.105310019681855 -0.0994649364540066 -0.00967968035329513
-0.246349023365554 0.0725174452528941 -0.130973085395309 0.0366016435412239
-0.276177837831821 0.14500250198187 -0.166123402758709 0.0780818581599071
-0.295572897464892 0.0904251351091594 -0.204991523644517 0.0270417363547547
-0.27407668975612 -0.0445992711513666 -0.165156630738381 -0.0430010756646273
-0.220172647945932 -0.200738287570624 -0.114482384966495 -0.0745523006970268
-0.000154267711379406 -0.388351139978658 -0.0475145793076035 -0.103950112539918
0.320125838618482 -0.180673682984489 0.0299650151305427 -0.0947478672586198
0.337174774054807 0.195672653022404 0.0183225873549978 -0.193203283036327
0.152873593964022 0.443185997856948 0.00454690425319299 -0.358998793710893
-0.017610124335409 0.232824610953227 -0.0619170170424097 -0.155955797827559
0.118881630364673 0.227535048246714 -0.0473833559945709 -0.0820295680736256
0.226087484802582 -0.00391363710299563 0.0277406447153969 -0.0581326587026874
0.0968622231094452 -0.224296224604313 0.0124028506778223 -0.112026165973173
-0.0701209546388744 -0.199750922662236 -0.104670029204819 -0.12485630611504
-0.140748412006505 -0.103167071127878 -0.178410274112237 -0.0488326230339871
-0.164466825912962 0.0355030648520834 -0.215913144563805 0.0528006041011093
-0.194815535259216 0.114599847718453 -0.247541905942159 0.124756643487246
-0.215015446299215 0.0807329911743123 -0.292560442226376 0.0798205227604409
-0.196760722617881 -0.00489744778263316 -0.248384515500202 -0.0146435462163945
-0.181196430927449 -0.113930967265894 -0.184611110649779 -0.0703215344941465
-0.0458193477671354 -0.276123868718607 -0.112766787622592 -0.119329370400272
0.204657260714425 -0.167818072919856 -0.0233786648693577 -0.139603974230872
0.250460476728767 0.0938387188608542 -0.0287152982808672 -0.260655032864567
0.133054394736175 0.312961728588264 -0.036325820523564 -0.481483918483696
-0.0576080692741402 -0.0738481123749537 0.0905533778887059 0.447052190633291
-0.108244316767936 -0.0209808360191093 0.152320644110438 0.268702093244973
-0.0693604240397316 0.110525278268592 0.0735438237181931 0.161036719826058
0.06870805693728 0.122044764022493 0.124244805977835 0.172798059130707
0.0975640086827281 0.0272963744752106 0.264289955083443 0.104426694734627
0.0711821724535658 -0.0191894447643364 0.319743699205385 -0.0299986414638252
0.0657155657212015 -0.0589477417940502 0.306555280256706 -0.143288516453627
0.0856889100256083 -0.0668122130836258 0.296867995325119 -0.169332319406119
0.0978743689866568 -0.00362430376729334 0.308551291258935 -0.0788422210268766
0.0692795579040251 0.0513984223790478 0.239016019774813 0.0597389616694535
0.0316097454513021 0.0882193795429656 0.14227281460977 0.146125198952014
-0.0661516383500845 0.0964339848880839 0.00821126479183057 0.156746326986329
-0.119777074803023 -0.0290064226542385 -0.0973575866807932 0.111012547570031
-0.0433802167745351 -0.153663551452835 -0.0558108734867973 0.11529375615016
0.0128806587928322 -0.193472969036462 0.0353815961351585 0.306518913889251
0.0222655809692864 0.088134528976416 0.088253650013759 0.449676855619641
0.060059343227625 0.0338380975150425 0.144373757461803 0.248770153319847
0.0425131506808793 -0.00521219577469245 0.069887219589991 0.183420128437053
0.023854361450554 -0.0358432131749645 0.148587762202239 0.184328159920709
-0.0136711044515293 -0.0338973557576163 0.281987618578986 0.0893839211390495
-0.0455799685511568 -0.0137749547489795 0.331755986461188 -0.0594710201515069
-0.0483447382855389 0.000863008303164939 0.313149159969583 -0.160822666011271
-0.0314465801076359 -0.00419802086164636 0.307338006465623 -0.167150618769528
-0.0333712116806238 0.014382768339174 0.315517740716543 -0.0780978682355484
-0.0411133340632575 -0.0192757995944447 0.251553013218233 0.067039533437295
-0.00529010062383611 -0.0361315077647592 0.153137278464508 0.171143044174693
0.00303466607494839 -0.0347184305277388 0.00919789752151262 0.188916581795587
0.00376010786222693 -0.035964997317728 -0.0928954052818937 0.138900763875121
0.0293410700020433 -0.0520528136817654 -0.0610330653374939 0.127378460402716
0.0454517895346978 -0.0423187731712627 0.0133628759233383 0.323274777610814
0.0980855101326726 0.222718987605353 0.0572130764190558 0.388337584765475
0.207698356305477 0.0697527909593952 0.0932210371759052 0.193533394463808
0.138754386678449 -0.121633403906653 0.0269543506024888 0.186435086864771
-0.0299101715673162 -0.187532268025313 0.130882093471676 0.196364680282024
-0.123871230835719 -0.0873967254083089 0.258450133468207 0.0943708174725497
-0.154631295595453 -0.00134118824030892 0.30359416019028 -0.0598200964243416
-0.15477903766407 0.0634314272100167 0.276611217308098 -0.145128450817806
-0.145721500706288 0.0569617132283235 0.267588082623325 -0.141527800516896
-0.160894955260599 0.0293710250428266 0.270300406836263 -0.0784022568451457
-0.150019985099188 -0.0866589599576395 0.225210252318481 0.0442510608740295
-0.05010502668398 -0.161837838786922 0.151582543028438 0.14332054805659
0.0735066357228696 -0.173840411712851 0.0411436138329051 0.173998107942514
0.141310763419 -0.0380546682800322 -0.0368322158194703 0.154173320758519
0.108045771135521 0.0745518215307328 -0.0304430151051771 0.141127237225889
0.065019053858917 0.136307216045274 0.00909980805081965 0.290312220127633
0.145514376278025 0.311081747477791 0.00540481507596628 0.293088878482449
0.298974521002718 0.104287179200586 0.0245713519541493 0.122336147473129
0.213689010691833 -0.197247179121421 -0.0315160030543597 0.159965299995542
-0.0556551654305884 -0.30537748911447 0.0754140026927172 0.187485858896276
-0.203323521197279 -0.143203410228091 0.188677866667726 0.104523664651009
-0.237786500697597 -0.00392563030955312 0.233374084762261 -0.0329520657753707
-0.240190281556785 0.108275690950238 0.20196694285197 -0.101614088849136
-0.242210261432426 0.108145098294086 0.182593414584183 -0.0980120507035673
-0.264087221074954 0.0458049150412843 0.177809085628728 -0.0745584448395477
-0.244903035443666 -0.127990135593981 0.158581984949659 0.00169041702388284
-0.109442473374631 -0.261545089790874 0.123524252386894 0.0756480591055721
0.116654657198047 -0.312230448682241 0.0729456438315825 0.112751062122153
0.278109417605076 -0.0568739232558981 0.037457923284471 0.129614764716019
0.202429674560372 0.198703277548895 0.0221267971678138 0.117872489705244
0.0848683876376966 0.312667799019123 0.0211370533731786 0.190513740356407
0.150078885353096 0.349364358206142 -0.0460446086601042 0.178018507239162
0.316382910744741 0.145710920896152 -0.0339042237240976 0.0502842696356497
0.261219243828546 -0.205561035446504 -0.0771104328333113 0.102883480258947
-0.038015909600823 -0.368903430015578 0.00699648156491218 0.1428439887397
-0.230231949401989 -0.198213387372804 0.0879536660329839 0.0948599852125595
-0.278902808780074 -0.0286526495760719 0.127774981694744 -0.00186580539944988
-0.288545217343636 0.125842122115188 0.096661637603688 -0.0460412946112471
-0.300884674686112 0.144129659566573 0.0683831471485851 -0.0413305721740638
-0.325079041028691 0.06774995846472 0.051465447685743 -0.0558374379317909
-0.30650298650051 -0.12589413022851 0.0573591670512994 -0.0366867758938242
-0.176330015949636 -0.301754315601514 0.058921227100699 -0.00121924144004963
0.109450307046898 -0.416113583131764 0.0689339298146721 0.020802781832462
0.374533958813652 -0.103151082882889 0.0848696870308853 0.0586226634332991
0.300754654036747 0.272446167459517 0.0602843198640888 0.0363002103581897
0.116413857730842 0.444437082349181 0.0342519365019477 0.0263401197520866
0.111946813409554 0.345247635514523 -0.077979380729708 0.0603143817151659
0.274849516120559 0.195234570219879 -0.0612093862070965 -0.0127939535676137
0.285075059806602 -0.152922631581398 -0.0852634671675523 0.032666430555066
0.0184618273299426 -0.371445574444061 -0.0388793639438778 0.0646485488529167
-0.201657872011778 -0.242011078676436 -0.0111588481670743 0.0493918576284443
-0.27254162345069 -0.0698052922931547 0.00880964572011317 0.010780076187775
-0.291287281095413 0.11288977079186 -0.0211126472799575 0.00387469767688887
-0.313592102177423 0.161310507881455 -0.0551602908458812 0.0215341817053707
-0.336517739863251 0.0887438117483362 -0.0853001611553864 -0.0196337855147649
-0.318160967705139 -0.0897124344665266 -0.0598589097349694 -0.0530693539481271
-0.222683264035258 -0.274303914086364 -0.0296609091460866 -0.056097317960352
0.0573721614667721 -0.445803350049001 0.0212597321121775 -0.0607034806333961
0.389698647510521 -0.158675492296917 0.0778531965004376 -0.0281242572728325
0.361707920395861 0.26668818574492 0.0566922195722385 -0.0840034714857005
0.150146740386782 0.494468284718531 0.0275306953997689 -0.174758240354591
0.0502537986822005 0.304359411306339 -0.0828706422730271 -0.0518275820307032
0.203514433473388 0.229931090143398 -0.0620394685818289 -0.0554192606726342
0.276934529587018 -0.0746323427862589 -0.0427895692019585 -0.0253263662943435
0.0741665032687845 -0.319376513449045 -0.0329632780029225 -0.0304189919470522
-0.140429900757027 -0.246969115003232 -0.0793954817460501 -0.0326728115675963
-0.223163610794488 -0.101079737561911 -0.100729701375486 -0.00771277411013735
-0.246634718283026 0.079137467384101 -0.131583382315763 0.0395560100928358
-0.274835490944036 0.154116848102034 -0.165094502324424 0.083726862069103
-0.29648126684674 0.0991250645258309 -0.206769130726055 0.0328230173957061
-0.278091271393841 -0.0383030839079453 -0.168461433396606 -0.0397291402768284
-0.227291789264437 -0.197018131158928 -0.11671373589095 -0.0727408803173963
-0.0107165588427174 -0.391690723926993 -0.0503342742303912 -0.103443791645159
0.318753387604787 -0.191027532649749 0.0283143259227923 -0.0971595495854331
0.346754272560475 0.188604042443873 0.0133782502862211 -0.194933271366803
0.165582278602341 0.44420814698481 -0.00589603608473284 -0.361597243468707
-0.0117268918126521 0.236005889926257 -0.0665534660359613 -0.155875604578337
0.128162501006206 0.227373519696892 -0.0499500201757346 -0.0810875983549033
0.228213817513408 -0.0109874373789194 0.0263523422920701 -0.0593607623544695
0.0909868844204896 -0.229627694118934 0.00975611673138947 -0.113372365206235
-0.0767375962200447 -0.200076274102566 -0.108986853731963 -0.123097240854717
-0.145591270649213 -0.101061514593648 -0.181960755602204 -0.0449172102890913
-0.165067020877257 0.0401385981963775 -0.216655217086483 0.05866539788557
-0.192726711393154 0.121228454685513 -0.246446903126501 0.132647135468962
-0.214197947180606 0.0877195940026523 -0.29404253147257 0.0887417484097004
-0.199526313809702 0.000297042322204599 -0.252283496793794 -0.00911731541717488
-0.188399653536154 -0.109184023057948 -0.187447937939409 -0.0668821439209044
-0.0539393631367203 -0.2780992059148 -0.115562003954798 -0.117635496417795
0.202780081594598 -0.175164858782108 -0.0271742329282593 -0.140449127076371
0.254517353412828 0.0890060715028168 -0.0353765825235255 -0.261748881992054
0.142657823340094 0.312426622774195 -0.0504710280988753 -0.484697483369206
-0.0598670619376841 -0.0735266741496679 0.103876018475862 0.447780127052493
-0.110482226586781 -0.0184927469589559 0.161316141452595 0.265812218424731
-0.066924425642282 0.113186587960339 0.0772912232579116 0.159965325388301
0.0732211087833416 0.122008729203165 0.128842959962083 0.172103954357496
0.0989491510024082 0.0246613692917598 0.269233800466886 0.0991424791388813
0.0715113378080435 -0.0210754641907775 0.321400884241837 -0.0375517503123363
0.0642382044581286 -0.0610574991829902 0.305374977971378 -0.151960304345206
0.0840905628618073 -0.0697494305378592 0.294974817951281 -0.179058509109471
0.0987210946404677 -0.00684282344696435 0.309936669680159 -0.0876816518635549
0.0713119477562189 0.0497570173820991 0.243193328130242 0.0541483165269846
0.0341833493608945 0.0877681523120642 0.146966905219363 0.143889504452666
-0.0633132256613317 0.099252691005213 0.0123837078807595 0.157027466872044
-0.12110257016276 -0.0258641032669547 -0.095626594095473 0.114940013866658
-0.048001037634012 -0.153194153415407 -0.0532923618812019 0.11804245423795
0.00815109713776587 -0.194836134687163 0.0447330166231025 0.30719963506918
0.0253684343971999 0.0875303472841337 0.101538181564046 0.45031104001518
0.0611857513709161 0.0319958821194458 0.152172743644384 0.245926893731637
0.0416028640356567 -0.00578726261405261 0.0751490656083526 0.182477799363818
0.0228549205068724 -0.0362667606164319 0.153936021605408 0.182104427040143
-0.0142341310908367 -0.0339769761876497 0.286332116523815 0.0839013901358641
-0.0469877266914319 -0.0118117301511957 0.332786170361822 -0.0691955199846917
-0.0492301751369879 0.0023209342735947 0.311252010717139 -0.171456577712434
-0.0324358219561775 -0.00366368527488082 0.305174156451369 -0.176670897501533
-0.0342969767774971 0.0152295099672161 0.31719610962265 -0.0869999991313083
-0.0420081933922932 -0.0184756996207261 0.255502910129564 0.0617912602936634
-0.00582872474534011 -0.0367413546813393 0.158620692494233 0.168597690470716
0.00181078462784307 -0.0345574157688579 0.0140123642106483 0.189775243379465
0.00324897184115758 -0.0362794190213428 -0.0897912365424506 0.142912392295574
0.0279368978479834 -0.053301819644003 -0.0581701292124895 0.130695711918217
0.0442784190271675 -0.0435455958831629 0.0223393363439564 0.324926227655824
0.105135913279882 0.2210759860567 0.0677141968946352 0.390629493282357
0.210871555885623 0.0647916398399744 0.0990032330119364 0.191410563649936
0.135941973351264 -0.126461203237016 0.032178284585122 0.186895819569177
-0.0348834328951257 -0.187898051216512 0.136812325955428 0.194460938671125
-0.127461105802643 -0.0849168769736224 0.263417914010797 0.0893090380833945
-0.156584408323745 0.00307397438941275 0.30423326345407 -0.0682547536845129
-0.154898987774191 0.0683426886741782 0.275141238565011 -0.154040083780275
-0.145765695774551 0.0614694496309064 0.266170458138233 -0.150100283243513
-0.16178781615751 0.0336440924001528 0.270259018778551 -0.0867733007610775
-0.154058580196922 -0.084134532960539 0.228113670716001 0.0384185538482723
-0.0547264445394818 -0.162298651455676 0.156487692396882 0.139974941392718
0.0686487793209224 -0.17718400417985 0.0462339886040895 0.174763380900945
0.141783560891089 -0.0420169529547888 -0.0329326049914732 0.156357206434363
0.111132364418922 0.072622118624893 -0.0271137181713121 0.143804898543372
0.0687197882367828 0.135737586957391 0.0170560946643153 0.292355717706361
0.155550286637008 0.309554911148923 0.0134397632861635 0.295676131584849
0.303870736842321 0.0973402339553491 0.0283280206346903 0.121925440746003
0.20890518345324 -0.204389513909417 -0.0273760382129905 0.162198337595557
-0.0651735298341336 -0.307372125179395 0.08024150147142 0.187226549123278
-0.209489852829346 -0.139454939535069 0.193178887543205 0.10128532075734
-0.240118634996844 0.00260841219745347 0.234505933160924 -0.0391383068653736
-0.240053852425778 0.115700468692117 0.20066782287831 -0.107614309331194
-0.241790701030322 0.115722388846963 0.181794225253823 -0.10383346990401
-0.265241752080648 0.0527199496267666 0.177283517701943 -0.0797929167406427
-0.251267216930471 -0.122937501849296 0.160158369221688 -0.002380618702153
-0.115792466407648 -0.261067015058078 0.126195051532186 0.0727369377519661
0.10970774262061 -0.318084304156581 0.0760065315702472 0.111791055425319
0.279843918160338 -0.0639272408563054 0.0414620370284468 0.129363773404258
0.210222913577839 0.195666627175703 0.0252604388015571 0.119096657750776
0.0932139717588184 0.313456185737796 0.0263421334488807 0.191927500521525
0.160400138278277 0.34762817059668 -0.0418187504688043 0.181247092922693
0.323746972578404 0.138812417619924 -0.0321992901552179 0.050636278620395
0.25748319290942 -0.214352850370632 -0.0752453837111013 0.105966327749569
-0.0491907938093848 -0.371099782443203 0.0104008937095069 0.1439664992081
-0.237883697192064 -0.193765748537309 0.091200779078836 0.0941957659394587
-0.282729960408028 -0.0212002759406858 0.128598089838838 -0.0053481311048537
-0.287952844979983 0.135168041888504 0.0959819969863527 -0.0493861686476547
-0.29946329936871 0.153735577146926 0.0680944839479259 -0.0436219460958625
-0.326942928486499 0.0774247275135883 0.0505035746796766 -0.0578606137473281
-0.313333187194389 -0.119411186075169 0.0566341253867463 -0.0389250444517842
-0.18542567939735 -0.300470153619225 0.0599334143544044 -0.00320902713231073
0.0992640065725409 -0.422618911323641 0.0703640997956248 0.0191696278380118
0.375731019156894 -0.114063706084027 0.0871973293869156 0.0566374349759518
0.310880055627004 0.266594331959632 0.0619055358861475 0.0356050843389756
0.129329569652905 0.444824739943035 0.0340953030462852 0.0260861520853483
0.122037637926403 0.345720341836683 -0.0772704806091732 0.0632931456025684
0.28297522462749 0.19054349636206 -0.061975715457596 -0.0117624954308363
0.283972392045136 -0.161786708859961 -0.0850527015203792 0.0355654134097565
0.00750319232529599 -0.376336617245439 -0.0372168811607513 0.0657889182261392
-0.209255226353611 -0.239240852349605 -0.00972708396425633 0.0509412088437668
-0.277495457597162 -0.0635622514721129 0.00938148502376675 0.0105836275008295
-0.290504027615622 0.121556741653248 -0.0213771817253249 0.00427052315970739
-0.31165112070019 0.169856502532158 -0.0549542552682396 0.0230832253102633
-0.337350938196803 0.0988622386136211 -0.0867092877240409 -0.0177826187166193
-0.324139116952384 -0.0827172476950266 -0.0619149231621026 -0.0521026794456847
-0.231352330518274 -0.271058653969917 -0.030617157591196 -0.056804766566168
0.0461784045451705 -0.452075577036966 0.0204880263624943 -0.0616765123379988
0.388846627783015 -0.170170172260263 0.0783721251815962 -0.0307486844329589
0.371574785051084 0.25873869146169 0.0548945402096505 -0.0854808086232891
0.164291643771697 0.494534291932875 0.0222781094884768 -0.176282838782877
0.0583727833580001 0.305732754171251 -0.0845802224982736 -0.049951828431938
0.21269919525153 0.226670719683647 -0.0641157391509493 -0.0544836737093356
0.277046954371006 -0.0827222297978133 -0.0436133945166684 -0.0235465535117423
0.0649737440638649 -0.324330391047597 -0.0339549056340213 -0.0301381251211094
-0.148807105134369 -0.246292164983095 -0.0806263843421512 -0.031023697478795
-0.228560002088002 -0.096715590349865 -0.101612237327585 -0.00563215930099046
-0.246797237341034 0.0864911211627739 -0.131745784869524 0.0432732313569528
-0.272803828085456 0.163118820511853 -0.164327936658456 0.0893213594809556
-0.29615939692933 0.10808891328071 -0.208213259840379 0.0392918226293146
-0.281630666527377 -0.0314707496178231 -0.171076143578949 -0.0362142097671727
-0.234824451127452 -0.193356523399802 -0.119661149081948 -0.07159171090291
-0.0217364882902477 -0.394275399126579 -0.0523663220980026 -0.102899825774575
0.316701154286117 -0.20017533102614 0.0267815512156698 -0.0990103543676774
0.354346218778555 0.181230504938146 0.0082416226430207 -0.196116611772925
0.178677744483391 0.442771467148554 -0.0169622986101723 -0.36357833769627
-0.00599608068450358 0.239240355625221 -0.0709243439327226 -0.154982403643609
0.135409387274616 0.225902148599638 -0.0526776584053052 -0.0806867019209125
0.230518912016463 -0.0174335474499916 0.0256562248795039 -0.0601532638917482
0.0847527361176948 -0.233614489770271 0.00677660384134409 -0.114778209909715
-0.0835784161274823 -0.20069414207847 -0.113242668226491 -0.121580749051351
-0.150497454083074 -0.0988036450542078 -0.185067629102948 -0.0417458399863559
-0.165532868410531 0.0444099071869873 -0.217305997675067 0.0649912399321789
-0.19024781984862 0.127709831287557 -0.245262274615135 0.140437143366429
-0.213697649639625 0.0946685574217062 -0.294363997309118 0.0971159899383247
-0.200541711002206 0.00561920100935267 -0.255328851399406 -0.00284302007958511
-0.191985730608514 -0.105193539424797 -0.190427599634014 -0.0637950090657537
-0.0618835141942574 -0.278439171926874 -0.118747756892524 -0.115757658828089
0.199884210192546 -0.181679558348412 -0.0303337188167036 -0.141315761674494
0.259768896369155 0.0832281870682661 -0.0428555032190431 -0.262643578228426
0.152259323414527 0.311905336759025 -0.06469542847293 -0.486815643233921
-0.0615990643201317 -0.0732224132934412 0.115651178362211 0.447754416265215
-0.112550436813172 -0.0158459467164948 0.169695897670892 0.262029658561041
-0.0646860878185834 0.116463364574538 0.0817223988767737 0.158622568608949
0.0770528111618019 0.120367091300577 0.133411601789588 0.169870145643224
0.100753457982515 0.0230898294480255 0.272872020983281 0.0934942431246429
0.0717587697139148 -0.0231014596906777 0.323903801514899 -0.0457064737308981
0.0627786029839687 -0.0632399243590404 0.303646089250062 -0.160305801767786
0.0817176837841005 -0.0729924910635145 0.292611181706435 -0.187631015191949
0.0994644531833043 -0.00954912083651544 0.309579557651513 -0.0976020858357932
0.0736502538283849 0.0480940851747404 0.246440523526419 0.0479698765946644
0.0374833681809352 0.0869919616040577 0.151929105641369 0.140753055897327
-0.0613590331404359 0.101479805254873 0.0159238052285777 0.158372403294846
-0.122677319980692 -0.0221586865844875 -0.0928775580059929 0.11805252931976
-0.0525581185526554 -0.153158914296551 -0.0501739050604301 0.120428332434311
0.00263813746236377 -0.19579725262325 0.0535124197835662 0.307612621760316
0.0278917105588026 0.0869106629170771 0.113878459856435 0.45106193993532
0.0616993241161543 0.0303296841853114 0.15953697415873 0.242340634545851
0.0415814609654849 -0.00661720648733598 0.0786457436560206 0.181895063571659
0.022512412533143 -0.0371529186854948 0.159016032384676 0.179994056458878
-0.0153993103034226 -0.0337940871035541 0.291146291775493 0.0774492521090652
-0.047583758325905 -0.0103766741316602 0.333781148826513 -0.0768516134461709
-0.0501221750202214 0.00424455665785029 0.309433722871974 -0.181127188036117
-0.0333625904605595 -0.00273232153104658 0.303091041199981 -0.186433781155969
-0.0339404950369381 0.0159203039625158 0.316792366720016 -0.0965045561306449
-0.0432020119329134 -0.0178708997575779 0.259888436429132 0.0555537678749525
-0.0073291935487818 -0.0378911118658277 0.164182798916161 0.165967795714745
0.00172331529880185 -0.0354990055060649 0.0182538226040002 0.190836605590944
0.00267534425227499 -0.0358289803277317 -0.0866717807263338 0.146849252080838
0.0266016934604502 -0.0535590757976946 -0.0547227330077546 0.13333726407711
0.0438620474784122 -0.044523247222371 0.0311670754541851 0.326689060145943
0.111961888078024 0.219164411895943 0.0788829710298442 0.391383784262822
0.214528196365806 0.0594110780579016 0.10493307583839 0.189542167998736
0.133198108392407 -0.130652505150489 0.0368156181965597 0.186995786517751
-0.0401820501570021 -0.188538635907068 0.141877940980233 0.192859805983102
-0.130825388601505 -0.0820684990011268 0.267679532761419 0.0836881514296431
-0.158121809472962 0.00734714000173256 0.305209810521946 -0.0761786732594364
-0.154528875021438 0.073247866633109 0.273221318510882 -0.16182440126647
-0.145589410270391 0.0654844117424647 0.263266584981069 -0.158934841895463
-0.16232635314854 0.0379783848837845 0.270134517042471 -0.0945021951216708
-0.157674355348134 -0.0813498916203877 0.230852545744218 0.0332720955961141
-0.0590515491862297 -0.163119303729306 0.161221908750644 0.13666328033961
0.0649251387790296 -0.180886823116485 0.051045852387621 0.174320344674032
0.142284744112608 -0.045237913990102 -0.0292798147744996 0.158277635896069
0.113855092965723 0.0711579975752473 -0.0237410305050648 0.145807118055915
0.072914660364128 0.134804366741237 0.0243665377292215 0.293713662303521
0.164752591979533 0.307476697851495 0.0204086418115898 0.297416996489722
0.308872550102387 0.0903206287984 0.032055427418414 0.121358772764208
0.205347557715666 -0.211493791223858 -0.0236745643061455 0.163712781066565
-0.0737389619310656 -0.30788771975225 0.0849338640359515 0.186581323427033
-0.214533985960968 -0.134722805675824 0.19736121965567 0.0978978354188957
-0.242691102253716 0.00854354335133056 0.235042885031496 -0.0452649202409241
-0.238820742419814 0.123041898668808 0.199290123622545 -0.113628621866338
-0.240108423198002 0.12231257478831 0.179218004224497 -0.109657235386852
-0.266725088543734 0.0606524045858557 0.175761745853368 -0.0854337918442328
-0.257426089984866 -0.118245384331645 0.161395447505146 -0.00676097190069368
-0.126145387785586 -0.261224181004753 0.130005078811727 0.0699447448629484
0.102313884132136 -0.323420859515608 0.0796410107238259 0.110657904342686
0.280083960350327 -0.0710850176331261 0.0459095269660983 0.128961936097405
0.216888349074859 0.192100195238946 0.0281399353533454 0.119733002181064
0.101888738988504 0.312991213886872 0.0313767332238342 0.192693009837502
0.170906781794856 0.345815098616265 -0.0373029155999717 0.183773005402769
0.33006237168131 0.131703664083515 -0.0303356196019106 0.0515703711136582
0.253343407010212 -0.22274097302131 -0.0725974725118989 0.108613999805266
-0.0594616965602339 -0.372290893577081 0.0141100833428589 0.144552676845816
-0.245035622915187 -0.190113512093241 0.0952308000521963 0.0933812962403136
-0.285495704067985 -0.0148077133179647 0.12944851663211 -0.00877570282288623
-0.286728484724792 0.143295937198958 0.0953216810364298 -0.0525371788237632
-0.297417896643166 0.162859717889219 0.0670268831289539 -0.0455999283022172
-0.327661858426746 0.0867320760853851 0.0489508563882055 -0.0598381188960217
-0.318934820563441 -0.112704790132294 0.0562439738037484 -0.0405387772695835
-0.193790568596893 -0.298434810875928 0.0604784305552419 -0.00555291054826597
0.0890939077358436 -0.428357541199016 0.0715092748072171 0.0178369693806354
0.375935680122765 -0.123656678777366 0.0897822868184702 0.0543787107847944
0.319529254653503 0.261756510890029 0.0631234339772866 0.0351767506722794
0.141063257945959 0.444183253127776 0.0345001158166555 0.0259460878465785
0.13183870402345 0.344854702882794 -0.07594312749455 0.0661649521188271
0.290468839358635 0.185252857582663 -0.0624131136361846 -0.0101565211320645
0.281017721859241 -0.169855263658068 -0.0844129787909808 0.0381672515263425
-0.0026777663315892 -0.379000856916245 -0.0362947218776833 0.0672883091964724
-0.217943753227112 -0.236391844262749 -0.00803601532743727 0.0519377369265761
-0.282431435874463 -0.0566011523245045 0.00951119503963314 0.00994958644002662
-0.289919267345036 0.130137254952045 -0.0212265558354645 0.00455954480035302
-0.309073879097809 0.180482508011405 -0.0545429145984467 0.0250991395832816
-0.337105138616377 0.109285903446692 -0.0884259009945725 -0.015824114395994
-0.328956553456203 -0.0748757335940432 -0.0639447605633505 -0.0516721370064056
-0.239582961794724 -0.26778594499557 -0.0316233084580806 -0.0567603156593591
0.0335659780941101 -0.456277580644419 0.0193964663887407 -0.0622701162543195
0.387009636554008 -0.18005960678325 0.0788174730260369 -0.0333848366559453
0.38066255625891 0.251863730718273 0.0533997196505126 -0.0866979297008256
0.177869796766644 0.493642093029832 0.0169694079970714 -0.177391227476358
0.0663324374247217 0.306646430639974 -0.0864791070845198 -0.0475969145827253
0.220749303613898 0.223665858578412 -0.0658594987121414 -0.0530058384060909
0.276567495264045 -0.0911452252042514 -0.0444728720342888 -0.0225066023218132
0.0565540551630279 -0.32869653017325 -0.0350028728757494 -0.0292272692325896
-0.156934771344001 -0.244552384499771 -0.0820210782124483 -0.0284493587474686
-0.233472304218943 -0.0918350596421455 -0.10265313446104 -0.00334788202552977
-0.245899177147087 0.0935984473698703 -0.131520744879298 0.0466210356668971
-0.269231314525248 0.172379196357974 -0.163317620250448 0.093926593639041
-0.295287800419681 0.116989014837909 -0.209245495046332 0.0446670913533829
-0.284848020250996 -0.0249672573157148 -0.173551638423594 -0.0324876697752934
-0.240763865774985 -0.188502287165608 -0.120731928669703 -0.0699009291673998
-0.0330231457574913 -0.396503279506711 -0.0543229013385962 -0.102077052352907
0.313625715986221 -0.209358907246972 0.0253716967174834 -0.10127172548138
0.359882972620963 0.174006575750043 0.00341364316820041 -0.196896927774421
0.190758225381955 0.440979815077519 -0.0272097100633838 -0.364167369657597
0.000351417559822386 0.241161660825447 -0.0752123783585818 -0.153760989759357
0.143483377088178 0.224266121614116 -0.0551833950603638 -0.0796827839238424
0.231216671943437 -0.0242389625786348 0.0241990948211025 -0.0602659265173307
0.0781590395007714 -0.238216904764089 0.00397814268189486 -0.115647455451806
-0.090038957477263 -0.199625937617402 -0.11724672628344 -0.119593708718378
-0.154317730311722 -0.0957496232653829 -0.187295154763544 -0.0377538210408051
-0.165454197905604 0.0489537580783155 -0.216863698348023 0.0699782255408459
-0.187557888206765 0.133494974853643 -0.243119803826819 0.14742446365528
-0.212599519855564 0.101222841981299 -0.294324890144246 0.105996255603078
-0.202292367689363 0.0100884684467967 -0.257268767857361 0.00298888787154049
-0.194926295161865 -0.100995895037139 -0.192612184330684 -0.0601645911012445
-0.0702494802731296 -0.279013797596592 -0.121688528596652 -0.11285242252678
0.196757844324122 -0.187661143448011 -0.032885657032996 -0.141840343627213
0.263190539533035 0.0775887643973113 -0.0497705092001133 -0.262505679492317
0.161346677328886 0.30959078623339 -0.0790568294373318 -0.486685984465625
-0.0634107690543294 -0.0722833342776421 0.126918456935845 0.446762562089726
-0.114457997262598 -0.0132825958417619 0.177352155637705 0.257647011441777
-0.062351630993711 0.118308538787486 0.0852134963751084 0.156302304720121
0.0812114642506824 0.119692246800751 0.137527261523119 0.167791524297947
0.101925423134511 0.0209281497296679 0.276711705697164 0.0871867361645287
0.0714129720029296 -0.0244045082199226 0.323840522221558 -0.0530891239679383
0.0607902645769212 -0.0643184220858855 0.301259976805783 -0.168764710586973
0.0797824842804227 -0.075676662067623 0.288973049387581 -0.19684343251791
0.0986595777687855 -0.0128806610075442 0.309809188181295 -0.105926845710485
0.07466636753076 0.0463533221485587 0.249339754929426 0.0426079642906963
0.0398789077656404 0.0864062517408329 0.155279023820683 0.138254352597935
-0.0578346567878029 0.103497299864233 0.0196072924387014 0.158315638360832
-0.123337245442511 -0.0191595993922335 -0.0904399079833663 0.12200229290161
-0.0568346078985335 -0.152607371900573 -0.0473203829841313 0.122508018290554
-0.00234444141218125 -0.1968150457115 0.0621479503569608 0.308028534937096
0.0307308992897303 0.0857429205748296 0.12554458072726 0.45001928099687
0.0621780944660132 0.0287660071829587 0.167063207337747 0.238838265309507
0.0417573917985858 -0.00724753979123163 0.0833551473563698 0.179376752747021
0.0215508199477354 -0.0373448476368871 0.163703909113767 0.177267636827323
-0.0159167374327288 -0.0335044279904617 0.293948626314171 0.0716545339461076
-0.0482012724328627 -0.0090548912458315 0.332798367743079 -0.0853700571734304
-0.0505532950374717 0.00534929864258276 0.306210134739451 -0.188362143234714
-0.0340071124382779 -0.00267530758498425 0.299050462455126 -0.19565634252188
-0.0340844666957579 0.0165468235397582 0.316174760267448 -0.104968969651625
-0.043895514595413 -0.0170312079228261 0.262564545641648 0.0493019775253702
-0.00781134300071674 -0.0376681167386021 0.169058807042039 0.162490247044104
0.00113057892139985 -0.0360925057252905 0.0234118008983443 0.191409981425098
0.00175264204252564 -0.035840072021346 -0.0838507659166353 0.149554067776315
0.0259449586191453 -0.0543005665946638 -0.0529291113168998 0.135725618416203
0.0426678899160248 -0.0460986585955464 0.0401484513273917 0.326847037458979
0.118190502616122 0.216903990864148 0.0889728784594308 0.391748097106411
0.216969531235321 0.0539281742027284 0.111153495945272 0.186538194412819
0.13010108132307 -0.134406307370177 0.041362523761528 0.186311576493132
-0.0454452453637744 -0.188425734215112 0.147016937446169 0.190630761194815
-0.13356847510861 -0.079259031454317 0.271430845218593 0.0784310446957703
-0.159015122250901 0.0116228485412818 0.305077054077469 -0.0840761480092658
-0.153553021741174 0.077790324808759 0.27085711724946 -0.169554597006943
-0.144890250550641 0.0694130817701359 0.260819590673315 -0.166507339524653
-0.162779977845826 0.0424091359850028 0.26889293856712 -0.102052141511389
-0.161226034733328 -0.0776014121559428 0.233599032953894 0.0271629087397708
-0.063354170212358 -0.162571486001615 0.166012923960032 0.133114708286111
0.0613170618289177 -0.183045350387872 0.0557409075331195 0.173831386994963
0.142610300342417 -0.0486823355627335 -0.0251969076048066 0.159472030006041
0.116493276017896 0.0690008349619539 -0.0202687570057515 0.147252052453224
0.0764154481596354 0.133829718091638 0.0326573371262576 0.29400951122435
0.173116081308319 0.304857252531344 0.0286219557396015 0.298770981807861
0.313742295481286 0.0821671636776111 0.0355820292562673 0.120494878351449
0.200580826984056 -0.217477743279566 -0.0194762411722328 0.164938680045178
-0.0826956781750138 -0.307501298531789 0.0895481552075432 0.185433707201674
-0.218708062924455 -0.130533236214719 0.201510049198772 0.0942743072917857
-0.244135861575584 0.0144328381347862 0.23473250960923 -0.0512464477777558
-0.237269917618546 0.129598754990642 0.197748551779771 -0.120118472631458
-0.238384668777604 0.128897282222948 0.178452875530524 -0.114997582014987
-0.266672696391301 0.0673901463075876 0.174332527572516 -0.0907310184436768
-0.261977584651263 -0.112965251538117 0.162462645449073 -0.0111369891800636
-0.132254301156667 -0.259524270374293 0.132293085121313 0.0665636347006546
0.0944829222313692 -0.328147866079789 0.0829968218548806 0.109130772638021
0.280811575644845 -0.078236875511702 0.0488266895057016 0.128651430418087
0.22297189410045 0.188514980134973 0.0316953672613991 0.11962114747492
0.110726307224848 0.311848125645278 0.0357772168335066 0.192826371712998
0.180431575312038 0.342750843710003 -0.0331601835034384 0.186342325621994
0.335566511467554 0.12436068429144 -0.0291335804502583 0.0520471183690555
0.249033745716245 -0.230300065685325 -0.0703545435352244 0.110883938554953
-0.0696898458814346 -0.372902160606947 0.0173934343301839 0.144826143171012
-0.251520497014702 -0.184610012164175 0.0982148986843056 0.0923590063072536
-0.288761032006708 -0.00783793274559129 0.129900758195351 -0.0122322574401026
-0.284742620138758 0.150933164717381 0.0946637282724581 -0.0552978156797633
-0.294737929285238 0.171161897520071 0.065922097109501 -0.0473846132234093
-0.327294006312498 0.0949065794673494 0.0473521573832033 -0.0620456461560069
-0.32392239547077 -0.105634539599397 0.0552649474931158 -0.0426146777701137
-0.203153124813771 -0.295469689255835 0.0608811781063286 -0.00765818129744001
0.0789664129517489 -0.433728851122003 0.0725438955128709 0.0164002636837838
0.374766028990764 -0.133801716835621 0.09176950798351 0.0524665574234091
0.327615607345232 0.254970743757091 0.0649689341827345 0.0342106590132148
0.152517677065192 0.442518996577536 0.0349443408952993 0.0256690696868117
0.140818014778943 0.343226093085206 -0.0747178583401455 0.0685769678449687
0.298529976114076 0.179122578821607 -0.0626125402760967 -0.00879040876002149
0.278945521114909 -0.178098706829013 -0.0839083633218705 0.0408055497654827
-0.0123677752830174 -0.380178061593915 -0.034978837021147 0.0685075199868598
-0.225257445959273 -0.232138920625936 -0.00653386514571729 0.0531634653362444
-0.285549180419951 -0.050655024498367 0.00967179506770618 0.00934544505455818
-0.288431236936229 0.137500036823718 -0.0216647750789188 0.00467135922948351
-0.305381123411635 0.189917130763515 -0.0546052994873828 0.0268058014709524
-0.336308142122485 0.118187907981986 -0.0898422225992202 -0.0132348318244259
-0.333695483797799 -0.0682332040242666 -0.0656361374987183 -0.0503368771905193
-0.24499054352854 -0.263377425203882 -0.0332870024599742 -0.0571272839104034
0.0227085885475713 -0.459811959271817 0.0183123429489865 -0.0631259650653245
0.385354861600719 -0.190981839782099 0.0786941803910388 -0.0362674679280433
0.389507962373591 0.244478635152277 0.0513392441655336 -0.0875739806345304
0.190956590641128 0.491112295061212 0.0120033686576464 -0.177943345434625
0.0742301175731037 0.306566491933326 -0.088154280887575 -0.0455180381736772
0.228486003754071 0.21937826893156 -0.0675086247437467 -0.0517709546200008
0.275764860631161 -0.0987223551798697 -0.0448414012008296 -0.0208429696970738
0.0474974542587192 -0.33224891926075 -0.0357117224616632 -0.0284889512010806
-0.163885345417759 -0.242437613251002 -0.0827118130026262 -0.0261209309291005
-0.237743929667364 -0.0871774788435192 -0.103442347094105 -0.00163406583662986
-0.245406513503974 0.1002848257812 -0.131185937946967 0.0491503533929353
-0.265800594562217 0.179524380629177 -0.16192829767052 0.0982962497188206
-0.294125580639141 0.125771845261325 -0.208590080162972 0.0505333995182039
-0.287498468841581 -0.0182956762831551 -0.175679967441335 -0.0283233975044979
-0.246821720564228 -0.183765231369609 -0.123174912102392 -0.0686706793332169
-0.0425331899040182 -0.398308772906854 -0.0566700447445742 -0.101044979455106
0.310626019066776 -0.218368221932742 0.0235560036206794 -0.102258027332838
0.366684048366322 0.16595472654943 -0.00124939110277049 -0.197363935561706
0.203290747962966 0.43782847494681 -0.0379390695877943 -0.36415247957632
0.00579481263959993 0.242852581670191 -0.0794068493140476 -0.152492414343711
0.1507028855389 0.22198990901397 -0.0575563445840348 -0.0784620925297871
0.23195522054368 -0.0303329712107413 0.0227912300877644 -0.0613553886927032
0.0714774371074307 -0.241703306012019 0.00127737272878173 -0.116923231698163
-0.0959781516785224 -0.198735016704837 -0.120677707710203 -0.11688597618076
-0.158551485205712 -0.0923609837750193 -0.189202441430385 -0.0339138603644077
-0.164574639332146 0.0533317368132479 -0.216630956187959 0.0751406600244733
-0.184409642644895 0.138975515978157 -0.240629680496186 0.154450416742083
-0.2104349277028 0.10714064921004 -0.293544872786752 0.113822310274089
-0.203328478645813 0.0156186655622651 -0.258701142564798 0.00907593173063353
-0.198258258507706 -0.0967767278452795 -0.194878347876412 -0.0565304920431138
-0.0777939959964567 -0.278997417610469 -0.123867970394602 -0.110462693035037
0.193310178016447 -0.193497703844492 -0.0363135697134193 -0.141898387903266
0.265980904186006 0.0718810645393386 -0.0568689253438893 -0.262173963835094
0.169803979540353 0.307171033302399 -0.0925646002829882 -0.485896211728447
-0.0646023721549975 -0.0715873713108734 0.138735954653469 0.44551349897736
-0.115814966860135 -0.0105090851155033 0.183739223398855 0.253434236620132
-0.0598968093639046 0.120648250756093 0.087877356800998 0.154699789074004
0.0847826737689251 0.118148646152135 0.1404605716546 0.165603527402085
0.103294566053877 0.0183910228489842 0.279482187690256 0.0818186060182149
0.0712197623099785 -0.0259236933649447 0.324207808928826 -0.0606911321618772
0.058887290866368 -0.0659455003538132 0.298633160402509 -0.176366318837747
0.0773505888921762 -0.0780091542828485 0.285590365359973 -0.20443564825602
0.0988638195781159 -0.0158454791579431 0.307187557902592 -0.113552474206337
0.0762343764562005 0.0445160674635648 0.251790954418279 0.0367821175393328
0.0423677578912312 0.0855562707591724 0.158859478428455 0.134586125883992
-0.0553781720457635 0.105406211158845 0.0235177779318647 0.158588225634229
-0.124609003237847 -0.0159182956849754 -0.0883271124501683 0.124362302306161
-0.0607276219163143 -0.151993434570102 -0.0443724021152866 0.124945860075938
-0.00771900878725571 -0.19731696416478 0.0703241348620245 0.307348673110773
0.0331062027734592 0.085152639831597 0.13617997949606 0.448669440746738
0.0629775238499282 0.0272909894944015 0.172788726958861 0.234109464576642
0.040620769038399 -0.00850182412613298 0.0876335965150881 0.178206201933529
0.0208521050056589 -0.0383210177102077 0.167087128648901 0.174405779973173
-0.0166081527445558 -0.0332631487755382 0.29674271652164 0.0658979739832489
-0.0487365121635017 -0.00770782517143372 0.33238141188317 -0.0930177117462958
-0.0512346385920385 0.00741915510528155 0.303022047717407 -0.196782884882708
-0.0349091114323628 -0.00121632945430203 0.29591509686989 -0.203977922224816
-0.0340522774755246 0.0176286906530106 0.314334406282019 -0.113529416154792
-0.0451056630362048 -0.0166799717249392 0.265448329003801 0.0434429137530626
-0.00889564118421142 -0.0384133182698312 0.173089641190402 0.158461149553575
0.000870430655529875 -0.0360432770062806 0.0276567959580692 0.1910359260724
0.00156864792768388 -0.0352947399692884 -0.0803260467069789 0.151836628188215
0.0241557917324268 -0.0548745332237992 -0.0491299522001741 0.138433687002217
0.0412949527230157 -0.0471067083564487 0.0488890104642704 0.327048937253305
0.123797494944909 0.214129018295718 0.0986847356207394 0.391182766849546
0.218966913782394 0.0492383863493215 0.115910300882291 0.183711423743817
0.126695068228971 -0.137988099028659 0.0453059987905759 0.186099327262453
-0.050132151065392 -0.187733652842906 0.151082059925047 0.188197613154234
-0.13616591987883 -0.0765730311511587 0.274797341290046 0.073128658398363
-0.159570364104138 0.0156650811596765 0.303892866105561 -0.0911470704062369
-0.152980437441471 0.0821095172284519 0.267429561483013 -0.176635384230575
-0.144327796981661 0.0729656994274 0.258110860478717 -0.173546613499904
-0.162939184522684 0.0463239027960232 0.267852881756477 -0.10928097436117
-0.164308234660424 -0.0751093555055075 0.235521645250146 0.0218728491471483
-0.0671817504669267 -0.162541170203536 0.169473528284688 0.129659694577147
0.0574446865857363 -0.185977519151537 0.0598853289095026 0.173537368980498
0.142404115348267 -0.0517762357050987 -0.0216273550378733 0.161268839111916
0.118628606942706 0.0667701929222629 -0.0170715096934362 0.148950299991352
0.0798601079487255 0.132662008262483 0.0398467354361199 0.29467520847367
0.181354008631338 0.301201044983143 0.0356284694693225 0.299477162266884
0.316618633494379 0.0760896669267978 0.0390083534154989 0.119461799172666
0.195762986860061 -0.222888071329621 -0.016002523917838 0.165939992693141
-0.0907588797892113 -0.306774838398139 0.0937408810982839 0.184566872345508
-0.223349500741628 -0.126009560415659 0.20499255673364 0.0903223169786941
-0.245546293607921 0.0206041833294108 0.234717172349363 -0.0568067642682822
-0.235239660355327 0.136451762595656 0.195143016673625 -0.12479321638649
-0.236475116935704 0.135807061465607 0.175731737770874 -0.120132202068701
-0.266793404742016 0.0739859168387865 0.172565620260857 -0.0950952758551093
-0.266465128033283 -0.107802990661173 0.1629147124271 -0.0144029171918211
-0.138745019516283 -0.25833090399712 0.134401359553461 0.0632104999684255
0.0874296587189441 -0.332272981836098 0.0856840213856789 0.107725869203997
0.280232108506917 -0.0850578864214543 0.0518951800896754 0.127730586324445
0.227730611049021 0.184686559554928 0.034658531079162 0.120120747850372
0.118411743786846 0.309974070519151 0.0403465682116589 0.193484216821465
0.18909222078317 0.339238030396381 -0.0289107731640575 0.187669204110423
0.340520566235393 0.116796555946981 -0.0271877199991963 0.0525467564627239
0.244137486464016 -0.236751574076608 -0.0680502063790889 0.113461860805476
-0.079687302381996 -0.373279586810641 0.0208305341074927 0.145359693477934
-0.257129603092104 -0.179879113788925 0.101933742958738 0.0909551861626551
-0.290426086423194 -0.00131696118077411 0.130159754514964 -0.015867133037836
-0.282124931431166 0.15868106902441 0.0933702481026415 -0.0583903467262714
-0.291201155360389 0.179311095001839 0.0650619125975591 -0.0491556406042695
-0.326754614074008 0.103819301343344 0.0456001289607491 -0.0630811276059002
-0.328680993874672 -0.0995370828461991 0.054467325632397 -0.0441835090103252
-0.210739744458577 -0.292331167362491 0.0611476944971355 -0.00950738607078819
0.0687893554434194 -0.436693646762647 0.0734854143005538 0.0143208363737941
0.374047520798382 -0.142672846387241 0.0937618778211282 0.0503307788856923
0.335686514830411 0.248447625516093 0.064907965825299 0.0331452851874317
0.164303302765312 0.440220502532681 0.0349481396924329 0.0255994867189509
0.149101825029105 0.34152433778974 -0.0733410299293586 0.0710904915031586
0.304575183982829 0.173302969257195 -0.0626640560188275 -0.00755199407222627
0.275412182860587 -0.185844008361632 -0.0826578708527506 0.0429177782275697
-0.0226555906712609 -0.382579229988013 -0.0334334316493984 0.0699593272696253
-0.232104293180046 -0.228494038648017 -0.00469931755543673 0.0541365973857542
-0.28897673108985 -0.044193026215463 0.00968458247474789 0.00882789070891085
-0.28623485193665 0.145050684296406 -0.0214903285566732 0.00483715257660018
-0.301879550359115 0.196712851722012 -0.0542576455119122 0.0282057268754845
-0.335791516480061 0.12655608138348 -0.0910706321321478 -0.0115758333380665
-0.336778107194768 -0.0605434505933521 -0.0669546496348884 -0.049505359657528
-0.256168127768951 -0.258067119327817 -0.0338044685757197 -0.0573231486160224
0.0107744780204948 -0.461806674373423 0.0174355351011685 -0.06357948107445
0.38261687589558 -0.200170079002149 0.0785785871786522 -0.0382781174450457
0.395677086230003 0.236247082117383 0.0496341669203676 -0.0884369225434365
0.203488781943103 0.488421649439961 0.00671741302673061 -0.177763877510251
0.0819694318099452 0.306850955446883 -0.0889202333218858 -0.0435381699169113
0.236221557284382 0.215274646500756 -0.0688237689120846 -0.0500196659864504
0.274895325541797 -0.106030596303026 -0.0451821506739153 -0.0196510904358834
0.0383417142443696 -0.334796454021946 -0.036414669052043 -0.0279404666907227
-0.171471910551123 -0.239947841676275 -0.08311772788743 -0.0239458329045881
-0.241746294425218 -0.082287848929371 -0.103717148932335 0.000471461758931489
-0.244122607067459 0.105917266536244 -0.130775231412924 0.0526113437767511
-0.261496449906369 0.186707611292005 -0.160462991943851 0.10301138142546
-0.292029715055486 0.133209118723255 -0.209075725944439 0.0553222898778015
-0.289336770688412 -0.0117661043061811 -0.17723596744049 -0.024832813213077
-0.251639337603443 -0.178777345348366 -0.124583554674435 -0.0664128934082903
-0.0524859450407256 -0.398538596954113 -0.0585845233323834 -0.100083640688774
0.306944796519916 -0.225907909569078 0.0218873300782699 -0.103470421938114
0.372180780151194 0.158689900379514 -0.00579230388611709 -0.197703694456971
0.213901618775402 0.434650015838878 -0.0474609650105381 -0.364253105894452
0.0116641626137472 0.243954569898077 -0.0829258968860802 -0.151471002434418
0.157530991716536 0.21938783277249 -0.0598344841994112 -0.0772103325143196
0.231775839453012 -0.0360773255048896 0.0219275082152307 -0.0614548486516063
0.0653957404609628 -0.243857625335926 -0.00119780687777073 -0.117494572026105
-0.101317836010626 -0.197618401127505 -0.123537926487517 -0.113890676071994
-0.161771384578609 -0.0889985660516374 -0.191186176853887 -0.0298343109369481
-0.164183143910559 0.0568154121932326 -0.215605087004957 0.08063800043612
-0.181001113237885 0.143943152753461 -0.23722231649057 0.16138492653699
-0.208526015007433 0.112818679606415 -0.291531072269753 0.121696536799179
-0.203651406236652 0.0204389844400266 -0.260169290848077 0.0142755077152394
-0.201791415453099 -0.0921938149149574 -0.196361478360665 -0.0535329312821018
-0.084929617379592 -0.27770663448373 -0.125291016757782 -0.108203733099483
0.189464473346792 -0.198991040022902 -0.0388500230388498 -0.14161203005738
0.268762213189884 0.0667446741379872 -0.0625576414412493 -0.261159100669979
0.177317019529772 0.303800659907694 -0.105684609501613 -0.485023416861611
-0.0663452585095863 -0.070950458176226 0.149192214700924 0.44387177364665
-0.116999747794127 -0.00856494989453997 0.190192891530644 0.24905300864587
-0.0577333867421034 0.123187773389049 0.0907787336181718 0.152993844021861
0.0882116924295315 0.116834193624701 0.144077807892644 0.16348221886228
0.104230502191257 0.016617291187235 0.281163301230257 0.0761833187033607
0.0714683543512037 -0.0268145552833908 0.324384336381218 -0.0673574819909329
0.0572260679048808 -0.067286001970234 0.296402335955014 -0.182507903434922
0.0749970456460284 -0.0804354294717076 0.28171167486091 -0.210880678780376
0.0988396149018909 -0.018217109908484 0.305751211619072 -0.120738311841136
0.0776260661924442 0.043181686471439 0.253855223538641 0.0317594400509652
0.0443539323498537 0.0844958285004343 0.162426381693423 0.131921649611399
-0.0526793197555881 0.10722229172064 0.026380664651405 0.158306693292546
-0.12504022477642 -0.0130607708798198 -0.0857076037853657 0.127342489941006
-0.0640540045207066 -0.150747755147332 -0.041871876886147 0.126508787322389
-0.0115617776630342 -0.196943596718175 0.0772429887396471 0.305658598614506
0.0350067072389275 0.0840731223628607 0.146522886755764 0.44670528270417
0.0626012619456427 0.0256881078008438 0.179421498453945 0.23006036115114
0.04044156867713 -0.0089265940710672 0.0911088096743991 0.17630870488646
0.0206107198442772 -0.0381757917556929 0.171529224594657 0.172389768315906
-0.0175153535473363 -0.0327687063031364 0.299337401936677 0.0603711783761066
-0.0491908135455891 -0.00634204113938556 0.331861889042234 -0.1008302627005
-0.0514331062770558 0.00852709009643489 0.30008278933224 -0.20381199402111
-0.0357774552667053 -0.00120386868316738 0.291910457947316 -0.211556685924522
-0.0342640010027907 0.0181632130773749 0.313616652716688 -0.120902518717392
-0.0456327182384429 -0.0157578295463057 0.267727952998898 0.0380425666307062
-0.00941702686202957 -0.0385707479758154 0.176929411490351 0.155803785308331
-6.89428764407557E-06 -0.036203762910034 0.0318463575502078 0.19052414474883
0.000605520097361522 -0.035049835177669 -0.0774369414642305 0.154475721164636
0.0230898776789981 -0.0553822880830802 -0.0458014712638313 0.139519602528224
0.0406738039274494 -0.0478535690563151 0.0556569598758314 0.326323554945757
0.129169823652651 0.211613507419874 0.106744940404602 0.390629408692202
0.220287359203496 0.0442586792201372 0.120594970941845 0.181091202229805
0.12385449698343 -0.141068200999842 0.0492019485436893 0.185671675438443
-0.0552329582765574 -0.187379736725747 0.155051760961539 0.185326923841368
-0.138069022997286 -0.07376582953967 0.277353061721334 0.0680591074923974
-0.160443345527039 0.0196036831315936 0.303047794511192 -0.0979663651984687
-0.152173119448357 0.0862112642428358 0.264460893439459 -0.183395954730132
-0.143939015924658 0.0759444198268971 0.254629504753083 -0.180849088148504
-0.162634110235604 0.0499556238437431 0.265151837477554 -0.11648097886619
-0.166850315369239 -0.0718792345399038 0.237286168126691 0.0169119143759859
-0.0707241931431554 -0.162162416328641 0.173761200597158 0.126134950135575
0.0535474113972201 -0.187611511242813 0.0635443834537881 0.173100076740194
0.142051511117143 -0.0548818952833141 -0.0182363845997541 0.162491947638122
0.120103353181954 0.0649479415753158 -0.0132734188967752 0.150078792278933
0.082519935105837 0.131201200116258 0.046357924414718 0.295081338388518
0.18789659213078 0.297757860479684 0.0420258705604418 0.299709151331414
0.319460829951207 0.0690364169611197 0.0419873837234656 0.118064804145084
0.191214645823035 -0.227848873413648 -0.0120994059187847 0.166741270304372
-0.0983628833885207 -0.30555383475532 0.0978751327959092 0.183263297460372
-0.227345014818594 -0.121603468677954 0.207921513521518 0.0871970942018164
-0.246720865959304 0.026422156432658 0.2343542419255 -0.0624827382108757
-0.233819459047005 0.1426057424194 0.193086314229149 -0.129478642141161
-0.234230378703908 0.141601438035519 0.173794612087374 -0.124378023024202
-0.266303141810563 0.0803963663067388 0.170507617580572 -0.0992444349516061
-0.27043239875464 -0.102656471337954 0.163362774178805 -0.0184871067332927
-0.144377205972335 -0.256904979286182 0.136429649170853 0.0606135145876562
0.0801162895726467 -0.335219524951803 0.0885112786668755 0.106654896460416
0.280294792642497 -0.0906310670502122 0.0552349783707931 0.127000471286374
0.23357323310966 0.180024671697842 0.0371925035940261 0.120531244316158
0.125224837314291 0.308138067480937 0.0442500816590697 0.193397645808021
0.196976691169126 0.336032128831147 -0.0245296498535733 0.189629887951473
0.344621847967868 0.110147945116585 -0.0258958259665306 0.052742563378897
0.239623936231924 -0.243070480264711 -0.0655571646318606 0.115256894319819
-0.0889485534626615 -0.373161198685563 0.0234978792063321 0.145451238134744
-0.261829389689251 -0.175421163336858 0.104246888224223 0.090321789152094
-0.292835650354886 0.00476081076565133 0.130177364404411 -0.0181793440468179
-0.280517335946262 0.165820120749817 0.0922529425714971 -0.0606635568795288
-0.28842578639786 0.186242054162233 0.0642127537931926 -0.0509895214152379
-0.326065659941611 0.111042493754878 0.043661261930951 -0.0645116337931985
-0.332749781841402 -0.0929915645635 0.0536715413623336 -0.045722930926261
-0.217730613174411 -0.2891294842929 0.0617525989718484 -0.0116294582007447
0.0598933905906054 -0.440285127492839 0.0741376041153864 0.0130458621665383
0.372584569524347 -0.151055969947218 0.0951420819916916 0.0477207083851108
0.342117040632267 0.242891945856605 0.0664282357064386 0.032574296349955
0.173969730267098 0.438246073249658 0.0351525418692051 0.025166222191158
0.156827616523554 0.339036273443567 -0.0715311638134888 0.0736758708721027
0.310003887346362 0.16749086679916 -0.0622850907138699 -0.00657190622065801
0.271625195578529 -0.192465925274843 -0.0820147074084492 0.045154599194345
-0.0315085226896163 -0.383458824957591 -0.0322848931295391 0.0707129383527022
-0.238805606898942 -0.22508481472904 -0.00329617125325108 0.0548815022630831
-0.292000281155818 -0.0386104970391983 0.0100755676288755 0.00813090231016157
-0.284822961412031 0.151893916884719 -0.021881642191777 0.00488332123203052
-0.297947793102987 0.204744375928569 -0.0542051388117198 0.0296063174588476
-0.333729446934857 0.134490463008133 -0.0917544881251389 -0.00969646585064479
-0.339701946801416 -0.0538141556396108 -0.0685489349513718 -0.0486564975984081
-0.258908776910141 -0.254568122704328 -0.0350694154956931 -0.0574349498513997
0.00138739997230746 -0.463937877630703 0.0167897908454973 -0.0636413279640525
0.379850016564501 -0.208426619763184 0.0787384847571657 -0.0406908061452501
0.402240311989495 0.229226840609638 0.0478420941662578 -0.0892780108622397
0.213777255807814 0.48419921382851 0.00178916083907399 -0.17747559457162
0.0889098655469329 0.306386256545065 -0.0899281255185711 -0.0408786958775074
0.242392713092981 0.211103500849908 -0.0696515020804611 -0.0490030886181345
0.273032124849424 -0.112435844021591 -0.045423254781858 -0.018562838934983
0.0308849769901617 -0.336937420087331 -0.0372693371076448 -0.0275515507713508
-0.177917016614867 -0.237015928208976 -0.0835346163279189 -0.0217629773309649
-0.245594631630406 -0.0777013818309084 -0.104111578774042 0.00247299279143661
-0.242741145622751 0.111438995044105 -0.129928077231201 0.0552406747908177
-0.258072387701489 0.193776261923647 -0.158275962058068 0.107336792279243
-0.290095524769815 0.140462750666606 -0.209253971850802 0.0604600937708669
-0.291499181084785 -0.00605675161538599 -0.178501053893436 -0.0218480252769452
-0.256292359372701 -0.17474460596762 -0.12637487198141 -0.0646898360529961
-0.0621448966724386 -0.398684542151903 -0.0597314834519132 -0.0991671636764062
0.303440344427051 -0.233145887950444 0.0203893826816371 -0.104635339718374
0.376776290302788 0.152081865557259 -0.0101294211311843 -0.197519300308689
0.223327090760181 0.431444206609873 -0.0564675896247956 -0.363436805524906
0.016763173409766 0.245445490352243 -0.0861208584140298 -0.150056185381204
0.163222344077586 0.216537778752655 -0.0612827685537466 -0.0756490865473021
0.231563036475298 -0.0421376048934922 0.0207250084913662 -0.0617708363649615
0.0591580567993962 -0.246308676358347 -0.00379552920732943 -0.117517197062995
-0.107578693571631 -0.19659214787026 -0.126031807194156 -0.111236415570362
-0.165279675219521 -0.0859552087365967 -0.192380780093329 -0.0262443434974247
-0.163412653608773 0.060799038511412 -0.214783271697115 0.0845690678365211
-0.177661618556371 0.149296938195351 -0.235005044390244 0.166812725194045
-0.206404967317868 0.117998954999109 -0.290605956488713 0.127743722376105
-0.204157103149159 0.0246578867642022 -0.260772054075361 0.0201994047056473
-0.204885218653163 -0.0879593342093455 -0.197859333624877 -0.0504261072338867
-0.0916377994243835 -0.276958272436178 -0.126976607608337 -0.105900166755014
0.18603978145046 -0.203682564183448 -0.0412640264128665 -0.141731004951441
0.271658615543085 0.0608082849666213 -0.0687102209732195 -0.26039143940697
0.18444116996762 0.301369301396324 -0.11759037423 -0.483147848503711
-0.0676889550904834 -0.0701423240699947 0.15824772103591 0.44157558893072
-0.11821288884817 -0.00598731370458753 0.195734569813079 0.244862452368948
-0.0548530429875232 0.124469112871411 0.0930573364457229 0.150510331472501
0.0915333010488492 0.115654193010897 0.1470960911896 0.161685699321533
0.104878074667518 0.0148014907193038 0.28375608884546 0.0713454972545442
0.0711857312935428 -0.0283277373369552 0.324637753727408 -0.0730716790806316
0.0557690121805785 -0.0680569419529247 0.293307668074905 -0.189487782957039
0.0729675518329274 -0.0820038994110232 0.277634276538669 -0.218439473405282
0.0983410042394348 -0.0205013648194483 0.304277696675797 -0.128081152966631
0.0787694569993945 0.0413903703323015 0.255245211698077 0.0264308262914927
0.0463160624503991 0.0834370293354313 0.165218579942655 0.128781364001256
-0.0504217481412539 0.107779849822464 0.028940972320576 0.157906365590777
-0.125590332861893 -0.0105887138522191 -0.0833212260567877 0.129894272159885
-0.0675262454057998 -0.150131071589762 -0.0392489204661724 0.127945319804545
-0.0158960754655688 -0.197037157015382 0.0843606665990475 0.304621136587282
0.0374557179102687 0.0826322045802249 0.156926786100308 0.444279414663018
0.0635186822071749 0.0246278691774321 0.183814055495569 0.226074113346025
0.0405239354179292 -0.00918052343829672 0.093797474804127 0.174599679312236
0.0204032951962728 -0.039053538228065 0.174289080766559 0.169423841344563
-0.0176067054253462 -0.0322416474410846 0.30211286199441 0.054710754869141
-0.0494097823424256 -0.00525809850492922 0.330847481980708 -0.107349189386102
-0.0513741240553571 0.0102268115921604 0.295772812725038 -0.210125052421657
-0.0363601431230977 -0.000486623925019525 0.287804789056863 -0.218263566600267
-0.0337700255090036 0.0184453823395976 0.311583599291128 -0.128165107327025
-0.046189694228819 -0.0154158466816737 0.269433307533301 0.0328268414920274
-0.0101098654131833 -0.0399594507549698 0.180960353111892 0.152173221436573
-0.000284478528575346 -0.0362526717670935 0.0353891205485759 0.191086404062537
0.000637034938468003 -0.0355552214939822 -0.0749568512103379 0.15678333647084
0.0221802337332393 -0.0558265989568331 -0.0434356122850548 0.141286232353826
0.0395718874221359 -0.0484437356147904 0.0631097240954705 0.326195492402669
0.133544686943368 0.209215400030332 0.115426746135863 0.3893697361526
0.221645784808214 0.0395220221788643 0.125081453254766 0.178077256208942
0.121048973130808 -0.143708034404356 0.053394852236681 0.184443993212766
-0.059325433748689 -0.186407301080134 0.158710998694644 0.18365041374061
-0.140254977239099 -0.0711233732933571 0.280289843026735 0.063879959813123
-0.160596827423487 0.0233468899388437 0.302007323729798 -0.104182495791251
-0.151218249752044 0.0895423956514073 0.260901076755242 -0.189309335378438
-0.142855008959823 0.0795104902352991 0.251481335923676 -0.186843270992312
-0.162442248463611 0.0534489761213658 0.263996109711496 -0.122395162464915
-0.169772729979669 -0.0692247726558503 0.238911528363904 0.012299761723907
-0.0744827961931995 -0.162102484864694 0.176219126398215 0.122868062643964
0.0498855005803132 -0.189376751783299 0.0676659225784412 0.172058976729415
0.14181898785193 -0.0572967239191682 -0.0153215727971552 0.162938785398398
0.122483995340219 0.0633111978917982 -0.0107850499685121 0.151378848223779
0.0852983207861849 0.129964461801349 0.0524616777118501 0.294172742408362
0.195239783103264 0.294371751892992 0.0484340784202806 0.300047451336228
0.32226495664528 0.0626796189811358 0.0448839528176112 0.116989870244573
0.186378893259351 -0.232450123135561 -0.00923099116453843 0.166952649372684
-0.10563780022434 -0.303888129394508 0.101129209170401 0.182074206139963
-0.229611713388556 -0.11736752115784 0.211458802864882 0.0839385016416174
-0.246993182369644 0.0313228615093254 0.23380086528397 -0.0673666931684795
-0.231777660061912 0.147913884615113 0.190995055009864 -0.134466734347184
-0.231643448003626 0.145958145444281 0.171616426613031 -0.12873857380361
-0.266067205402378 0.0862342915790602 0.169160010118927 -0.103576449948736
-0.273970590017224 -0.0977779055591705 0.163714632729204 -0.0219801068746675
-0.152618708103617 -0.255619048694464 0.138845368634997 0.0575366140857794
0.0732189235736445 -0.338116312567993 0.0912941415851996 0.105055537674814
0.280112332961739 -0.0962851408637463 0.0580608650718151 0.126175497423008
0.237549260895757 0.177037615135358 0.039702369813012 0.120059761781561
0.130975923634148 0.305943182011743 0.0485103668618194 0.192634171006212
0.203656847515521 0.332769865566395 -0.0205335258874387 0.191311624794123
0.34797959648563 0.10372388119975 -0.0245427311853039 0.0528408850192873
0.234984567128036 -0.248816579208264 -0.0631382451686028 0.116424981024255
-0.0968515039395271 -0.371929782625298 0.0260245422121304 0.14561273133948
-0.266747595637166 -0.171101685521612 0.107239014477715 0.0886986553823759
-0.293604269204073 0.0103077169617642 0.130114914313618 -0.0216220922050404
-0.277844894509447 0.172184024859998 0.0911451325177091 -0.0633228639996436
-0.284663886360066 0.192948313346939 0.06288099570914 -0.0526674962393033
-0.325404084297846 0.117671616780185 0.0415753947623311 -0.0652538670959104
-0.336491466767808 -0.0861213468016194 0.0530861958553449 -0.0473928392594446
-0.22462768767055 -0.286616986147582 0.0619980602310155 -0.0135216378671087
0.0490359976455028 -0.443138104999973 0.075486517479643 0.0121698441523
0.371019538193647 -0.158695391750075 0.0970528599742517 0.0457625731794232
0.34874950879937 0.23722285897739 0.0672967436301624 0.0317373849881782
0.182808259453206 0.435416707885167 0.0354364704087585 0.0252210453832616
0.164287240411206 0.336174894978373 -0.0698954156084873 0.0755241317939822
0.314868647466943 0.161856323801076 -0.0624769883238015 -0.00555197267697854
0.268457296138376 -0.197960783629122 -0.0807983368168425 0.0473845461128688
-0.0405960108751868 -0.383933277578261 -0.0306983779639189 0.0713398609567538
-0.245328323600962 -0.220825504838357 -0.00124384169883611 0.0554029671102307
-0.294571428059646 -0.0328095824533572 0.00997165933723081 0.00780231089039936
-0.281991739324222 0.157690320977239 -0.0220350817684539 0.00532198218555777
-0.293707626221325 0.212804669480734 -0.0531238765019006 0.0310696502098878
-0.332403094000503 0.14201410552861 -0.0928452146229013 -0.00773150207344173
-0.343009334209066 -0.0477020516125717 -0.0701990019845035 -0.0474305155613905
-0.266666648611299 -0.250504299804112 -0.03554956690265 -0.0578197196862881
-0.00900776468609157 -0.464391800025157 0.0162609671923715 -0.0646481921724367
0.377328789423756 -0.217023194282334 0.0783364323278467 -0.0428243905540418
0.408329751729229 0.221435229960574 0.0461789852747776 -0.0896850349334228
0.222779815125662 0.480240089607412 -0.00247264342316666 -0.177232314555092
0.094656105021426 0.305536567261688 -0.0910869871606099 -0.0393803979860549
0.247833036651551 0.206664344331003 -0.0705149302504864 -0.0477159727601581
0.271531560078706 -0.118763181869517 -0.0456634873524986 -0.017177246430564
0.0224440393644564 -0.338591732281082 -0.038025857446654 -0.0265700159144708
-0.184279874292867 -0.235188999691412 -0.083776861104685 -0.0197138419167999
-0.248499333233446 -0.0730277354979396 -0.104732484168928 0.00430240714445412
-0.240995883777589 0.116388669247296 -0.129378921651454 0.0581537438615369
-0.253360035475769 0.198856683060251 -0.156365187566726 0.110794761950304
-0.288122506565549 0.147072315799876 -0.208420369542838 0.0647807145446734
-0.292580748552454 -0.000622590080931393 -0.179916557606719 -0.0182841742790931
-0.259823543880918 -0.169633921919116 -0.127067070787156 -0.0635638640002355
-0.0709991650747259 -0.398366909144161 -0.0609260130958227 -0.097589941472371
0.299215839976464 -0.239374745150002 0.0190148048768876 -0.105960478825857
0.380772936239749 0.14491490653947 -0.0139733418635433 -0.197144428136114
0.232405209224893 0.427969446543258 -0.0648526906505729 -0.36176989539691
0.0223135074220534 0.245943781522394 -0.0887435452884061 -0.148852407947135
0.16985481141512 0.214327203737422 -0.0634505275167256 -0.0744760387943176
0.231303397702898 -0.0469516214716648 0.0200237415476267 -0.0622314633708756
0.0537882104619532 -0.248684169512485 -0.00614658984416775 -0.118234767870578
-0.112208654843799 -0.195066075189099 -0.128773956928152 -0.108253244169065
-0.167909235806105 -0.0831710972506552 -0.19388870880946 -0.0233065613359062
-0.162606223752237 0.0640121758035754 -0.213486869913573 0.0887871099502018
-0.174621722195712 0.153584117535301 -0.231298582966001 0.172255836963121
-0.204905233642762 0.122994808272895 -0.288904143391069 0.134898914167041
-0.204535157989565 0.0286957941145244 -0.261437792091475 0.0247213014837358
-0.204782079128366 -0.0851636839103112 -0.199020768466465 -0.0477171245533778
-0.0979578918113145 -0.275901750938778 -0.128455338856679 -0.103672257286175
0.182351913594896 -0.208154302439553 -0.0435897420951616 -0.14159164845752
0.273087801578998 0.0569511951942122 -0.0738233059192032 -0.259247712080528
0.190354878639086 0.297923394329087 -0.128775133277734 -0.480629231942876
-0.0690187032951379 -0.0699214691570107 0.16705996404669 0.439416070016182
-0.119215294705344 -0.00435011844941536 0.200445017716222 0.240289350466698
-0.0528815115595152 0.126304705397766 0.0948367980756094 0.148795332808076
0.0943185165720194 0.113451235189433 0.149407276079136 0.160121390048625
0.105743503403258 0.0130031196003616 0.285341293717615 0.0670208564845678
0.0710655008343466 -0.0294218009573082 0.324206590347424 -0.0787769057651005
0.0543657730052043 -0.0690644742286367 0.290094021125141 -0.195071704558887
0.0707874881850354 -0.0838450611407841 0.273150193057176 -0.223903441802184
0.097862405813921 -0.0228033097701587 0.303177568660277 -0.134040708174508
0.0800521353323405 0.0396373840063358 0.256606527792749 0.0215976612793286
0.0485493230012891 0.0827983186075953 0.167308611505068 0.126496786599175
-0.0478623147808912 0.10906456092844 0.031858239688373 0.158156702891985
-0.126189940918005 -0.00772647176117907 -0.0811317732750911 0.131922171185163
-0.0704183780068292 -0.14868161683467 -0.0364028143433473 0.12942683968652
-0.019506113100372 -0.197239378702509 0.0910494616804038 0.302905037566749
0.0390454282097071 0.0817189208028807 0.165151741533415 0.443363868707299
0.063410307330031 0.0231853673187557 0.189298017768182 0.22127027463196
0.0396692029385486 -0.00971996858775063 0.0966992830614064 0.172881907543554
0.0197272512303019 -0.0391678323256813 0.177010845819124 0.167189610576627
-0.0182388689032433 -0.0320368916360147 0.303297195754497 0.0503378065736195
-0.0494455697920015 -0.00341354830466188 0.330230253069721 -0.112986497403688
-0.0517066482065941 0.0116769177110371 0.293471526979934 -0.21584475078935
-0.0376364751543432 5.97592408066476E-05 0.284631376146662 -0.224490516621859
-0.0343372273177516 0.0193460786578362 0.309543617691169 -0.135383722524993
-0.0471375427935294 -0.0148221280338777 0.270907519353279 0.0282579497897186
-0.0106496326687557 -0.0400037350343155 0.184394460069877 0.149344562552924
-0.000344501723015821 -0.0368518650881968 0.0390150287322506 0.190744306835963
-0.000263513037845872 -0.0348515946166476 -0.0718997587995263 0.158388378571453
0.021405182629348 -0.0557755840437542 -0.0409497077813034 0.142847564485031
0.0386142541790855 -0.0488211841232096 0.0701547807989449 0.325287126252338
0.138370583749614 0.207017713268167 0.123399417882392 0.388160454473237
0.223495876731023 0.0354853484142121 0.128900413590927 0.175092780246019
0.118006436580449 -0.145925525929506 0.0563525288944336 0.184015048199845
-0.0629134154474493 -0.185581034469357 0.161651426525692 0.181609611324074
-0.142173230673876 -0.0688513120237488 0.282671820349263 0.0593255931177743
-0.161054888285773 0.0264147632799924 0.301384379460175 -0.110197860474345
-0.150375434326395 0.0933271506027821 0.258321917249088 -0.195151313094829
-0.142152519292366 0.082257132616456 0.248048121654481 -0.192314311052604
-0.162255753784136 0.0566368395149294 0.261970874159021 -0.127376140090655
-0.172121287476946 -0.0664718414697307 0.239707465462359 0.0074511719908362
-0.0776258130027604 -0.161740735437049 0.179196797300488 0.11919566906469
0.0469888465325442 -0.19106481880404 0.0705490339452307 0.17157973180954
0.141526099852809 -0.0594963351390252 -0.0122215936705362 0.163561470273878
0.12358469462051 0.0615766645345686 -0.00787411024806751 0.152141581051454
0.0878827107461393 0.128993847329032 0.0583122189899434 0.294186600767824
0.200383099163828 0.290785626798688 0.0551015316626176 0.30079137384713
0.324494448663665 0.056549216427395 0.0477027622472514 0.115500041858563
0.181993199224985 -0.236254519473407 -0.00630797138315665 0.167309513429113
-0.112027610973758 -0.303487739506605 0.104220178673218 0.18068456141656
-0.233142561315929 -0.113672817756407 0.213838492395146 0.0811309823829425
-0.247374889234091 0.0360883077918037 0.232439575962443 -0.0719086170154682
-0.229553380734882 0.15326589487886 0.188666007231715 -0.138092571714692
-0.230176380631969 0.151495237914446 0.168960551527498 -0.132871668458308
-0.265081192651225 0.091762979789997 0.166510783762981 -0.107551135204852
-0.277182748761935 -0.0936532390432919 0.164190574731057 -0.02518508550245
-0.1547207199358 -0.253332853664941 0.140264595862425 0.0545996585486739
0.0665557047817045 -0.340114431107385 0.0934863860367805 0.103767960414483
0.279695857023937 -0.101581884328363 0.0600627751599003 0.125324067365396
0.242071491553871 0.173484074455465 0.0419658527191757 0.120640200105557
0.13761582622841 0.305092996379644 0.0521346618578332 0.1924680571837
0.211483132947301 0.330073793761419 -0.0166618169702649 0.192428104199022
0.352001965768388 0.0976295144003906 -0.0231880096659162 0.053166214358642
0.230392393056218 -0.253284527462331 -0.0609420339218427 0.118514349371096
-0.105196171741004 -0.371057240383164 0.0282817055958907 0.14592684048515
-0.27196393037893 -0.166858469478306 0.109852788947255 0.0875442454433524
-0.295262457330945 0.0162369032612019 0.130208575007349 -0.0242177274201098
-0.27547810821617 0.178338992417363 0.0902436336027073 -0.0650813321790528
-0.28222747153633 0.199749694883965 0.0623316023432008 -0.0540612874948874
-0.323928651247183 0.125253780062674 0.0403239395154577 -0.0665744286785284
-0.340591400404255 -0.0807753069644274 0.0525039832110294 -0.0483008379334085
-0.230711144121598 -0.283183510496326 0.0625617322654869 -0.015406200691441
0.0412328112007586 -0.444655514732062 0.0759119920528768 0.0108759640028044
0.369343080127746 -0.165512247181239 0.0982497716258426 0.0441706833784113
0.354382101466139 0.232201750093189 0.0678168670633062 0.0312797349619992
0.190668049667187 0.432995890337737 0.0355735845487941 0.0252939760223476
0.170359005061804 0.333794064995411 -0.0685040772692006 0.0773143797560534
0.319274770487449 0.156638317986403 -0.0623498026457494 -0.00483228309164795
0.264598133292351 -0.204060625087954 -0.0797227958856636 0.0490408468491595
-0.0480980890127812 -0.383842275392331 -0.0299314576289601 0.0723876444379277
-0.249447277330889 -0.217547238097485 0.000424189051512271 0.0566421438439831
-0.296643432128004 -0.027757330661439 0.0100045670937766 0.00706418060783134
-0.280090805647331 0.163710144176208 -0.0220906888974359 0.00571295505865019
-0.290296535872122 0.21763908407607 -0.0528585555771916 0.0322169126760628
-0.33052279613642 0.149228773590195 -0.0938718506584619 -0.00567878985255259
-0.345101987713564 -0.0409794559893657 -0.0715960086154051 -0.0468620927862843
-0.272979724580781 -0.246436828471303 -0.0365833918858109 -0.0579197889028224
-0.0183346536270882 -0.466553513368004 0.0156335418995984 -0.0646772270027109
0.374402580453661 -0.224336391792511 0.0780238911695356 -0.0444472082301764
0.413277273699763 0.215820982960905 0.0447911045573014 -0.0903169175407281
0.23290623175435 0.478258773407292 -0.0064257050303362 -0.176600284389861
0.100861546524756 0.304572196634219 -0.0913616905514414 -0.0373228938756291
0.253859515541767 0.203326738189934 -0.0711662504593281 -0.0465472286428405
0.269675851002212 -0.124628648821208 -0.0453565514047442 -0.0159789916420978
0.0153373903873466 -0.340253700501759 -0.0384250805306675 -0.0260083355410462
-0.189719731327545 -0.232281693968818 -0.0839026947740857 -0.0178212234768705
-0.251539465026212 -0.0689189424850233 -0.104581079569545 0.00575065016245475
-0.239229726167661 0.121657912755202 -0.128687906522083 0.0601965433933959
-0.24943356613171 0.204902307523867 -0.154807264001684 0.114446073090108
-0.285996908993713 0.153110417128116 -0.208398966623662 0.0692976806326371
-0.293555026034227 0.00486614973899819 -0.181264796759175 -0.0157068751555043
-0.263898302341633 -0.16509029157254 -0.128282631352669 -0.0628282003595784
-0.0789708236709237 -0.398141331134319 -0.0617872816925932 -0.0973115740703015
0.296386532849731 -0.245782715881675 0.0173169703698679 -0.106716060796673
0.384076973302075 0.138582509307956 -0.0176196924499113 -0.196951373303202
0.240658892290151 0.424024837040741 -0.0727115849544449 -0.360320506798159
0.0264956009221717 0.246701585973578 -0.0920861447867046 -0.147376519896241
0.174826163101868 0.211378880943322 -0.0647366840287947 -0.0732923471287497
0.230981360353976 -0.0522898584872605 0.0193745758306883 -0.0625757187062883
0.0479113024544335 -0.250127012912909 -0.00802311442086496 -0.118406354599121
-0.116885735303416 -0.193959414512207 -0.130503801007126 -0.106530707659443
-0.171115554625191 -0.0804039074922494 -0.194874971281905 -0.0202373327668915
-0.161922862444698 0.0668745000689906 -0.212626927842324 0.0929889472330514
-0.171038858720643 0.156515235295459 -0.228483161533926 0.177620035788056
-0.202414684357926 0.127821216802828 -0.287338932948044 0.140879805310318
-0.204316253016558 0.0326207400759594 -0.261879914492503 0.0293341316760364
-0.208580147420319 -0.0802649318237306 -0.199555175333927 -0.0452974269175017
-0.103680261376047 -0.274736669037945 -0.129433816900007 -0.101379111974099
0.179418480137026 -0.211499595164378 -0.0456304725607868 -0.141489706676607
0.275366726000579 0.052170366299923 -0.0789284573316668 -0.258130361613799
0.196406471308117 0.295188129774941 -0.138911951484047 -0.47892511789604
-0.0623595681265287 -0.0799915899930927 0.144688115766182 0.44841928630303
-0.120001729042616 -0.0139976576223449 0.191786621687913 0.250153692526336
-0.058455365467417 0.123547902732662 0.0931174821570807 0.153442937660238
0.0904840984367749 0.114927453277395 0.150377571941872 0.165064770663694
0.103907240113835 0.0145460833110918 0.284751077606608 0.0710268893000961
0.0712096232284756 -0.0286327655852006 0.324396506460921 -0.0706763922498427
0.0601786226345569 -0.0684345252325405 0.294743350394803 -0.189178594805668
0.0754589889816684 -0.0830036512474413 0.27819202477256 -0.220460950595188
0.102257766356166 -0.0222581963326514 0.306663880676526 -0.127405721489925
0.0823229691614803 0.0412646471610132 0.25739072189942 0.0278473812677463
0.0489637548038879 0.0851886359048254 0.161687634217581 0.132745306402145
-0.0482011813078624 0.110622167665414 0.0210679086042186 0.16076726393744
-0.128243497044038 -0.00927852425037637 -0.0868084664646288 0.124727719218979
-0.0686246869955712 -0.149601207538938 -0.0368479016102288 0.125210972153343
-0.0150219503560976 -0.196312773054973 0.0815028227301893 0.30279841973875
0.0389470639686706 0.080937354065197 0.151448234613822 0.452173999919557
0.0628533212165219 0.0227791754595113 0.181792870325965 0.225987298505346
0.0422655979059791 -0.00941039541417859 0.088473513813072 0.172821209012156
0.0222769441725494 -0.0406497155532072 0.169331519759719 0.171846389262505
-0.0183287935571458 -0.0364367282553861 0.298690329681392 0.0590987603204935
-0.0510558786785365 -0.00749416529798391 0.329078813521848 -0.100994104935368
-0.0504143352480449 0.00835100806452115 0.297218552428702 -0.207089448156513
-0.0377199474182316 -0.00180237989123204 0.287353183436911 -0.220046316829895
-0.0330374074598329 0.0166505318623048 0.312444748990507 -0.129928395858736
-0.0455444464669017 -0.0172155062580787 0.270637470639922 0.0313076364147993
-0.00784126671112962 -0.0411140271689647 0.180741803050723 0.151704124832222
0.00284001892739171 -0.0333221652122381 0.0338811241722389 0.190108953527337
-0.000508679121329078 -0.0325820641261522 -0.0755130661806821 0.154117205432536
0.0215850149709695 -0.0531686963344297 -0.0441305879605876 0.141683851061496
0.0419298444776371 -0.0458291769198188 0.0556158923081492 0.326081718834901
0.13263356895726 0.214740933353099 0.117228529470493 0.39235357487649
0.223286827208741 0.0441225675973739 0.122914288213382 0.171717785046922
0.128696837468078 -0.142143623920347 0.0422628445018639 0.178514290257457
-0.0535125746622783 -0.188514697502369 0.1466584600029 0.184023592450402
-0.139829712437408 -0.0787021145777827 0.2728348974612 0.0712373740994949
-0.163567484296998 0.0189514499203358 0.299700474106094 -0.0957304999367576
-0.152521151086424 0.0864423806363756 0.26229737329091 -0.183768946070505
-0.148474217761394 0.0779341398690853 0.248758160521824 -0.187176344849599
-0.164780486782989 0.0517845970260828 0.263575866167146 -0.125224875761356
-0.172429491803456 -0.0726609745309933 0.239527688350961 0.00770874788224683
-0.0737577403343778 -0.167296856550125 0.180461739514055 0.118373491435936
0.053778477016662 -0.186912390889236 0.0734752273921643 0.167211546997753
0.144923740901946 -0.0528445797923935 -0.0134605635885698 0.164929024410492
0.123228657597283 0.0683179923275797 -0.0147875287341922 0.155198442435514
0.0895428832834163 0.133046991660553 0.0409191738082538 0.296831048521777
0.19180991068403 0.305411548428745 0.0558790388795821 0.299500758316207
0.325217299365851 0.0722932954029548 0.044398931456575 0.106030420775412
0.198105968831708 -0.229695383234001 -0.0226073759237057 0.157220156341577
-0.0980895461204107 -0.30709352526737 0.0839681407815416 0.180436330095318
-0.228632233462596 -0.127161241146818 0.199664648757356 0.0931739471412873
-0.251069755536996 0.0252072072614976 0.229344609407514 -0.0576795032665786
-0.235915844157035 0.144057934506017 0.190590255173096 -0.125938040384436
-0.240735711305384 0.145967191008505 0.168138153212362 -0.128287145028668
-0.271194812660541 0.085112249646555 0.166676762266051 -0.107744565695828
-0.280180655265068 -0.10186285690702 0.163301652414605 -0.0284699570525015
-0.151630220985295 -0.264019525102047 0.14471727656619 0.0490249932173144
0.0776622777853849 -0.33689080334473 0.103505210002028 0.0954611116692892
0.28644334374183 -0.0917590557976017 0.0637304372731572 0.132777337007592
0.239871374673734 0.183549495255253 0.0334243957411886 0.129775373619943
0.136955304648264 0.309021364627371 0.0347596350673758 0.199472373569881
0.198552243376283 0.347881075409245 -0.00888059106625638 0.188174293972503
0.350844507480397 0.115683320354652 -0.0232437288333973 0.0398632309612899
0.246864027739141 -0.243269253105023 -0.0756902220915507 0.103394446138764
-0.0879476770900211 -0.373161591396869 0.00822416422536243 0.140066072041813
-0.26355389678821 -0.181080559335235 0.0936234021273714 0.0969394594448623
-0.297553161636311 0.00360255985760251 0.124949671274589 -0.0127859377326179
-0.283423211221089 0.168145182847594 0.0893604154746005 -0.0541304172721526
-0.296082358802763 0.192239726778893 0.0592342620423392 -0.0502787887496592
-0.332724199787289 0.118013410785405 0.0383270116710007 -0.0702203535314672
-0.345425108084322 -0.0911068200226529 0.0505014917007452 -0.0549591286855421
-0.227739838517841 -0.296152773020979 0.0686488532611414 -0.0255221025729634
0.0534662778353116 -0.444140925806187 0.0915926432110298 -0.00275196327846092
0.379804237622692 -0.155434518793455 0.107346185660041 0.0547663419901705
0.351955052066986 0.243049329960912 0.0609582008590339 0.045811146265544
0.187846329954255 0.437137999857917 0.0223577317821122 0.035604456799768
0.155453627367793 0.351192278089967 -0.055808927149117 0.0726461404149351
0.314907827253164 0.174934108707005 -0.0580367442361765 -0.0184004308035062
0.279256712109767 -0.191137137250168 -0.0891226265242882 0.0330569438716057
-0.0317656936218267 -0.382909991018351 -0.0466750201194447 0.06223965385114
-0.239735599065325 -0.228898210023693 -0.015738800036618 0.0607232361745646
-0.297315485206499 -0.0399264008673502 0.00438767924632784 0.0137045407649121
-0.28806159275737 0.153468821860062 -0.0247179170801751 0.0136505418757965
-0.304861131916327 0.211338770392953 -0.0570728438060531 0.034374738773825
-0.341551976876122 0.142712597503442 -0.0974978800998933 -0.0110291555357858
-0.352203425970151 -0.0502330923917626 -0.0738995773967907 -0.0546133615670155
-0.271926778218055 -0.259559739079319 -0.0301432544041595 -0.0717438761257185
-0.00690340676458599 -0.467113263265607 0.0322496241662996 -0.0820019480158326
0.385981272279336 -0.21573259511278 0.0928444987653649 -0.0346203037792531
0.413071540769482 0.226515699601196 0.0429732198514231 -0.0747004531820727
0.22764212217946 0.481333511175118 -0.011350062895494 -0.164804157502775
0.0849232677016606 0.318158448705287 -0.0759096788894223 -0.0412158791844918
0.246365447087182 0.218619850192131 -0.064193246205746 -0.0580826814997197
0.278890126778498 -0.111245732748125 -0.0489808534685501 -0.0298520953253301
0.0285806286302447 -0.335898637851496 -0.0486458676142896 -0.0367284857484591
-0.179035174190189 -0.239483370075544 -0.0966125310115862 -0.0181430735090616
-0.25025870898496 -0.0781985808330967 -0.109850769655903 0.00676270891686968
-0.246744962403292 0.111952546332735 -0.132351865713006 0.0636889701064104
-0.263411152139493 0.199064840828269 -0.160015652702964 0.114460189013858
-0.296771729998734 0.149042220484433 -0.213689008367128 0.0631792563974114
-0.301025772442498 -0.00174062672510251 -0.184733919338059 -0.0241107030855484
-0.266144433332582 -0.176104809765059 -0.124039516645265 -0.0773498612875028
-0.0699264899879381 -0.400780113819884 -0.0482201167636288 -0.115986023704808
0.306933700199233 -0.240615444152047 0.0343915079242139 -0.101387430155386
0.383631016388266 0.146046637981171 -0.0125632647767184 -0.184042357830559
0.234139410009439 0.425578053528131 -0.06719666485244 -0.349960923670861
0.0115065280418255 0.255712520733429 -0.0752307778920218 -0.1491615848399
0.165939480477851 0.223403497131842 -0.0558758072276965 -0.0824031112066797
0.235221630147506 -0.0410919235115497 0.0202070827081784 -0.0712420003333614
0.0560582504751701 -0.245503045879613 -0.0114657332157121 -0.126603238077592
-0.109104641673166 -0.196485684968198 -0.137242127181456 -0.109354373294019
-0.169025538350042 -0.0861062603130541 -0.19721726660782 -0.0230470142245171
-0.167080970206548 0.0611099511479164 -0.216713847692221 0.0913723863440273
-0.181048868731833 0.153933962592444 -0.233856170384017 0.175824780329646
-0.211365301374254 0.125301248479393 -0.292695210978081 0.134440166732591
-0.21056802370485 0.0290291844885155 -0.265956390660808 0.0206923863015177
-0.211907855112922 -0.0873128545561904 -0.197815260417848 -0.0587349841834853
-0.0995871261141578 -0.277984099759039 -0.119668985091991 -0.119403876302629
0.186653820255026 -0.210963987394189 -0.0298218161826689 -0.140598980054813
0.27502193182528 0.0545848513003704 -0.069740383001842 -0.251167304587702
0.189559971691494 0.295573450791322 -0.123220086545294 -0.472469111972851
-0.0634067661496473 -0.0797079448708274 0.152257244464352 0.448242131998126
-0.121074370091661 -0.0129228241895325 0.196589865034641 0.246288721243956
-0.0573912576923908 0.124875474804292 0.0948291099343549 0.152422825196345
0.0932090210376227 0.114067372123424 0.151274421529706 0.163704957030911
0.104984635484484 0.0130155569983631 0.287320351589737 0.0673831175166543
0.072159995062135 -0.0292171482030627 0.32407768343768 -0.0755036345203589
0.0589177630645491 -0.0693441855378792 0.292873153649577 -0.194227545306519
0.0734137321404246 -0.0845916169537053 0.274852527098046 -0.225676867399114
0.102027924178362 -0.0244658652362411 0.305503293984442 -0.133452569930566
0.0831036941310078 0.0404758397238287 0.258485270950748 0.0240638695075836
0.0503928707227875 0.0848483307025414 0.164272773346075 0.130919930601646
-0.0463302550802 0.112067935801674 0.023052617356558 0.161045975679916
-0.12889742084349 -0.00755486541427542 -0.0847317331994613 0.126797149320632
-0.0715153015882786 -0.149139021958346 -0.03493398329207 0.126549020731836
-0.0183447203422219 -0.196690133498825 0.0873616545762736 0.30144628588823
0.0412933068952602 0.0799591351018842 0.158454041184014 0.450227600047649
0.0630187139508784 0.0216013464734816 0.185386143813545 0.222731708116239
0.0421625320355363 -0.00961687299556364 0.0906195239497287 0.171760448000685
0.0219353311201583 -0.0406961019136429 0.172090416457128 0.170004026949177
-0.0185842779040281 -0.0362705594161372 0.30034007531571 0.0545164967289944
-0.0514126863251322 -0.00626670733806437 0.329210296767186 -0.105590472385493
-0.050875284773043 0.0101182407707005 0.295019311082217 -0.212373051665123
-0.0387658773131327 -0.00169074587584924 0.284254245883534 -0.225877798885883
-0.0332064144680802 0.017193192306636 0.311439764590922 -0.135656355517392
-0.0466127168342575 -0.0163600230301828 0.27208361168102 0.027108572175401
-0.00858764503122649 -0.041701524470484 0.183876178512442 0.149543195446518
0.00249439169802822 -0.0334889120434868 0.036682648490443 0.189724252078629
-0.000622582347125342 -0.0324760279555041 -0.0739239096084368 0.156307751699895
0.0213116799863144 -0.0535933314502592 -0.0419824167751354 0.142959129013619
0.0411142092687919 -0.0470419962341518 0.0621283144648766 0.32579210455148
0.136705477910158 0.212798067742495 0.123958421243405 0.392614211700093
0.225307351760077 0.0406177979013413 0.126228206096098 0.169786653942081
0.126308559842166 -0.14452048085911 0.044622569854076 0.178372094865491
-0.0572769355282648 -0.188357521071864 0.149513493224327 0.183099723493426
-0.14103074464879 -0.0767880193077377 0.275367117338847 0.0682684221619424
-0.164446151662729 0.0219115602318817 0.299174965286983 -0.100173453081204
-0.152189033492528 0.0897049782408991 0.259867426084134 -0.18879535569079
-0.148240484626222 0.0803232831854688 0.246945006332375 -0.192455761066844
-0.164923644838586 0.054569702835445 0.261943068916077 -0.130191013517339
-0.174821689063074 -0.0697223976382463 0.240842900752646 0.00417310163047718
-0.076655830259344 -0.167436824445158 0.182259933537917 0.116108517399323
0.0514593034271297 -0.188764541126059 0.0760758771506668 0.166564321155464
0.145084799448439 -0.0549966649666494 -0.0113272217408156 0.166011589984129
0.124921672207952 0.0668158981748082 -0.0120849547701755 0.156464049560801
0.0918187772454608 0.131865803405467 0.046306609734947 0.297477657154454
0.196845872227352 0.302667290890524 0.0614529994932053 0.300168749292459
0.327697891052861 0.0673148546677013 0.0464309733987302 0.104541064025664
0.194770425056339 -0.233235315114485 -0.0201552947063982 0.157352269170917
-0.102656199330671 -0.306430962180954 0.0867191336075089 0.17945855781657
-0.231675604326874 -0.124390074289407 0.203028992777977 0.0909761595779376
-0.252412007004751 0.0297752079594313 0.229605433046123 -0.0613247421011545
-0.234595536110735 0.148799991508515 0.189055631532803 -0.129613923742115
-0.239528139306309 0.149047503368616 0.166919861806119 -0.131408287841182
-0.271125284750508 0.0894746785671408 0.165041083469789 -0.111287276724606
-0.283962680321079 -0.0986880248887666 0.163771444382232 -0.0316530296345956
-0.157978417226723 -0.262952466251107 0.146463533589837 0.0463062560968406
0.0727314237202387 -0.339495075334013 0.105914376098458 0.0945162369285946
0.286850732286803 -0.0958430686794546 0.0661914406546992 0.131978651674868
0.24397683827594 0.180939689248243 0.0353210458168044 0.130259060231454
0.141338050707414 0.307690863471775 0.0375552256961092 0.200163717947574
0.204625073351048 0.344721288279996 -0.00575857869813509 0.189077398614955
0.354762231391544 0.110361023604763 -0.0223286684859416 0.0399846455437343
0.243936450767983 -0.248273176788247 -0.0740392395674463 0.105222682220423
-0.0959890322120552 -0.373382352276343 0.00964903042503125 0.140594528468365
-0.267780916775603 -0.178056213737053 0.0961884011960451 0.0962012939162673
-0.299219524873694 0.00829052527579498 0.125241611795177 -0.0149501886801026
-0.281571306887697 0.172895581381219 0.0885479487200538 -0.0557653233342072
-0.293140873028552 0.197663249487297 0.0587036962079533 -0.051525865653036
-0.332075751480317 0.123702303704283 0.0364565591842851 -0.0707312405054863
-0.349294849341832 -0.0867643839124865 0.0502327903101501 -0.0558136778497849
-0.233524288955435 -0.294874074581202 0.0690934702892702 -0.027572277539323
0.0466754222678562 -0.446342314185636 0.0920619898612673 -0.00407028792384598
0.379157532586702 -0.161076415810905 0.10944405790067 0.0529694551299474
0.35779121395044 0.23990659782143 0.0622563679029563 0.0455251539390282
0.195318359511776 0.436172319457956 0.0222961202701986 0.0355191631954565
0.161363683563415 0.350600975938907 -0.0545180910965604 0.0738679285651792
0.319656558503483 0.171247107731438 -0.0582137401471987 -0.017839664709688
0.277064189222671 -0.196888690054691 -0.0882389478664781 0.0344481439754871
-0.0394369242508468 -0.383979822186925 -0.045855135812606 0.0634491245455022
-0.244784371212863 -0.226191206261045 -0.0143083439601808 0.0617889785251187
-0.300010253147399 -0.0355041519776224 0.00436051723569804 0.0138806255630598
-0.286708445343358 0.158613356887496 -0.0247102228949685 0.0138257757213199
-0.302084497970848 0.217643833560157 -0.0566757769035262 0.0354580995429092
-0.340125801164343 0.149094499847481 -0.0986032908304517 -0.00930792876952267
-0.35488468495605 -0.0456266268218695 -0.0752356457547489 -0.0539336681558948
-0.27611491071468 -0.256468158703088 -0.0312240391691649 -0.0725576455820526
-0.0141124951755906 -0.469305392893515 0.0319627135718237 -0.0830220644043189
0.384905677016566 -0.221796267976731 0.0927171792330203 -0.036827522238815
0.418078930470969 0.221661335546494 0.0421925453977507 -0.0750248619760203
0.235618876129112 0.479065649999741 -0.0148630564732275 -0.164567092959553
0.0904040345956691 0.318347596040588 -0.07629865517114 -0.0399975812758354
0.251295238578102 0.21597199873022 -0.0649114474840935 -0.0575038617495089
0.277968613760657 -0.116130415125343 -0.0490765034521442 -0.0292079827496138
0.0228343295067487 -0.33779979072546 -0.0493141616924098 -0.0361668525929644
-0.184448092797187 -0.238042138702971 -0.0966797605104645 -0.0163451659993206
-0.253392454177423 -0.0747632041515517 -0.110411110244738 0.00800358826229433
-0.246221333878053 0.116688756628617 -0.132655606601143 0.065363215105532
-0.260376393553693 0.204585889491576 -0.158125446551522 0.11732054152877
-0.295187351950508 0.154505414270965 -0.213768153332763 0.0667809683607896
-0.30236115053227 0.00321589900026669 -0.186523570687581 -0.0217735733414062
-0.26971125267986 -0.172841441510354 -0.125688606442841 -0.0761169145841904
-0.077222098216983 -0.400316828920604 -0.0491539553873079 -0.115695237735069
0.303941059555998 -0.246011987880879 0.0337146941628281 -0.102447516728477
0.387854118261931 0.141300474431189 -0.0152077865160002 -0.184323925575411
0.241774165325307 0.42376739921282 -0.0737004577807441 -0.348930174721176
0.0155505396916848 0.256926517169715 -0.0772105825999135 -0.148457106951006
0.170797300181336 0.221923421609974 -0.0573028833679851 -0.0817033488933072
0.235874546251784 -0.0458099088305084 0.01915611910236 -0.0715530133899394
0.0511225268604914 -0.247491975001762 -0.0133967229466939 -0.127006792659265
-0.113364821640097 -0.195564304079838 -0.139171618829969 -0.107440602059028
-0.171815041281277 -0.0837520014832724 -0.198323727742702 -0.0209317121602533
-0.166935282325846 0.0635538718012479 -0.216360760552208 0.0948210501918969
-0.178488496787838 0.15731267402785 -0.231193593002116 0.179270118080156
-0.210473434204731 0.129930879502484 -0.292047151306035 0.139895253768193
-0.211337701736394 0.0324555767508418 -0.267517104198559 0.0248472011218197
-0.214407819914609 -0.0840958818744387 -0.198577483645113 -0.0570081513999992
-0.104779308037878 -0.277243832825675 -0.120757441964539 -0.117724600222108
0.184145121426985 -0.214583839671715 -0.0313498651617807 -0.140770572256738
0.277051935765971 0.051416865576265 -0.0737777417532606 -0.250490177838507
0.194571188263882 0.293569947776417 -0.132552548448609 -0.470560231021733
-0.0644930945943737 -0.0802776770216558 0.159775546388881 0.447664864323005
-0.122715671263784 -0.010942446619745 0.20082184645412 0.244048240917566
-0.0552257008578236 0.126606252900212 0.0966002315875188 0.151255157098449
0.0957920744169257 0.113353292623713 0.154776476692517 0.162472697374255
0.106253791255527 0.0112125962553816 0.288784576809389 0.0638800682678809
0.0716336192947027 -0.030491173093082 0.325153375074885 -0.0793518315482882
0.0574567530020396 -0.0701160454427949 0.291532247642184 -0.198998383045032
0.0719010755625247 -0.0859227956538146 0.271990207763363 -0.230996048078
0.102199055980216 -0.0266998109764043 0.305322596739381 -0.139025611034309
0.0840719773808389 0.0390121603155136 0.26069365398474 0.0206586722978018
0.0523073028114047 0.0836322119802779 0.166753440838277 0.129669728228572
-0.0447721016057857 0.112672631752024 0.0255899015205222 0.161325089668384
-0.129487956341276 -0.00526458891139796 -0.083594620891898 0.128565209784205
-0.0737546482042039 -0.148981920466665 -0.0333555906158816 0.127859328865575
-0.0204028464413189 -0.196533204249557 0.0920750308358129 0.301454496580127
0.0421216334071216 0.0790631479145611 0.165392560652442 0.449971475601114
0.0634980583423291 0.0208381983843527 0.188909139704655 0.219916117788245
0.0416335573906459 -0.00986866753218295 0.0927962331027246 0.171512947212524
0.0219289427201967 -0.0409350660057169 0.174215670107555 0.168511124785406
-0.0193529302100425 -0.0361152139506424 0.303442192267278 0.0513880273489967
-0.0515567262887713 -0.00519771055025526 0.329359697886009 -0.110461794273889
-0.0510068719670903 0.0109126103910798 0.29364078021549 -0.216910538865878
-0.0396160489687872 -0.00105797728914183 0.282663105846585 -0.230216223740549
-0.0336603896981765 0.0175783987260293 0.31072569499687 -0.140792669116065
-0.0473378299484554 -0.016260993717742 0.274878328744556 0.02356126556619
-0.0092069746112198 -0.0421084591133596 0.186620558833665 0.147587180321291
0.00265727237519323 -0.0342728183975667 0.0390170881984832 0.190103673885305
-0.000464369397788874 -0.0319735568521127 -0.0723560059562874 0.158265372867399
0.0202014497891352 -0.0538042248056778 -0.0394087910586585 0.145092934117686
0.0407031294033327 -0.0473533094046074 0.0670154425951928 0.326113485818809
0.140232777172683 0.211351417552017 0.130415585309611 0.392442120623391
0.226510162686952 0.0376114102986336 0.12920998256656 0.167070990266944
0.12410521714221 -0.146741903876946 0.0467042970503236 0.17800654935987
-0.0600411092036442 -0.188256865683852 0.152213309251076 0.1818675320897
-0.143243101533876 -0.0752820629994146 0.278000115931355 0.0647061044788021
-0.16516064465494 0.0244396547942994 0.299853291021829 -0.104536186901825
-0.152090942006319 0.0926306443333961 0.258639465971095 -0.19290087177741
-0.148653478771803 0.0830912066658341 0.244856035278207 -0.197177320160938
-0.165211269831498 0.0572046409494604 0.261175798982989 -0.135247685533127
-0.177137456988988 -0.0683231876165788 0.242194807740468 0.000470273808222244
-0.0797034113399522 -0.168000578457381 0.185013315183482 0.113399405416974
0.048970405103394 -0.190235295263419 0.0788391066709405 0.166964178084313
0.145402227117911 -0.0573566973866725 -0.00876176786075149 0.167362817802269
0.126128280738948 0.0659139536338751 -0.0101222665823788 0.15762262165145
0.0938898174743546 0.131637342378034 0.0502366960047102 0.298289982083953
0.201367037536595 0.301518181647557 0.0668108839097959 0.301497026718366
0.33038422080248 0.0627952473809998 0.0488491190617357 0.103965393334678
0.192008128676293 -0.237539529043328 -0.0182936072537641 0.158264481749861
-0.108577947867398 -0.305695903012076 0.0888633560441773 0.179488148504066
-0.234381119167448 -0.121990152745413 0.205793859725497 0.0889684041537449
-0.253613084266437 0.0339674965982656 0.229870455140504 -0.0650050126712884
-0.233423837454682 0.152745853450025 0.187928325122274 -0.132848918731266
-0.239023398336948 0.15387889740274 0.165109189009428 -0.134786650485541
-0.271928344716637 0.0947116468967137 0.163449892955324 -0.114081010297366
-0.287503511208577 -0.0950921486433993 0.164521862911033 -0.0337407094929855
-0.160557982837595 -0.262283250787498 0.147879645983587 0.0442279935854827
0.0679345223844013 -0.342480009988141 0.107812580127703 0.0933761408438312
0.286778781309941 -0.100680100505669 0.0678018867760008 0.131921975327169
0.248574486965888 0.178970485223747 0.0372641506344478 0.130646940986454
0.146340820083557 0.307335007580298 0.040922490467802 0.200408955799246
0.210037202211221 0.342988930580879 -0.00217700009885325 0.190998057230427
0.357932204829291 0.106866788511219 -0.021364921593067 0.0398315268088734
0.241232423489024 -0.253000784724445 -0.0726435173314355 0.106551143740401
-0.102030729403545 -0.373695337724824 0.0114322689506848 0.141322340411307
-0.27242332152075 -0.17500360856091 0.0988230675476588 0.0957339954953475
-0.301863004771816 0.0128892604523029 0.125407927769811 -0.0169377736831771
-0.280764048111381 0.178832705012273 0.0882893924382911 -0.057800212629579
-0.291365816702535 0.202701706450416 0.0580329309885999 -0.0524599595568527
-0.332574885646101 0.129918919481545 0.0356732568044871 -0.0716610545195644
-0.352480611372017 -0.0815336465153562 0.0495906569901646 -0.0573755844435574
-0.238625666728608 -0.292355776938992 0.0689334705668739 -0.029077478725693
0.0397054248674236 -0.449354347080091 0.0931316701580263 -0.00538746821887687
0.379153975119848 -0.167407095070725 0.110552577649702 0.0517276651001823
0.36237374195284 0.23648105459318 0.0630853702742406 0.0450231589177391
0.202032109620552 0.434255069287808 0.0225138208222763 0.0359448667002525
0.166513098516536 0.349876803781721 -0.0531585098791279 0.0755267016904553
0.324247545258274 0.167189823336162 -0.0581472085549805 -0.017535154297252
0.275739091915182 -0.201876544793801 -0.087778074256602 0.0359946151632642
-0.0455804895678161 -0.385352802718301 -0.0455886786229189 0.0643216482471214
-0.250332625548609 -0.22459295478147 -0.0126552688062898 0.0628558539684228
-0.302864028411285 -0.031808082226922 0.00415081798056003 0.0136157096821861
-0.285963151204076 0.163449806645926 -0.0250229877948718 0.0138366004867096
-0.300010154481553 0.2231963605352 -0.0562976160501309 0.0361985354630169
-0.339879774642362 0.155374434922326 -0.09976999217908 -0.00790085541147406
-0.357942279144862 -0.0409563314856399 -0.0764997443817649 -0.0537767530675673
-0.281421311090565 -0.253366796557797 -0.031922144584241 -0.073058829838192
-0.0216287941591349 -0.47136616650199 0.0313467172431662 -0.0838627046767946
0.384128948513778 -0.228539501120892 0.0934727550541082 -0.0382322557170623
0.423454420840056 0.216619869696727 0.0416376541294813 -0.075485951494733
0.244076792782506 0.477517925186136 -0.017747069154162 -0.164360590928438
0.095044826704203 0.318717164580801 -0.0767177215497424 -0.0390653351932983
0.256722078205152 0.213754510745406 -0.0658995772465089 -0.0573422448094231
0.27777644599958 -0.120984264510105 -0.0492759106399637 -0.0282393981933097
0.0172109210661144 -0.340522313025428 -0.0499275975300232 -0.0359366253921725
-0.189684916082826 -0.23654260319518 -0.0966769746697885 -0.0147351087228342
-0.256207428660101 -0.0715779916029563 -0.110942484492429 0.00948030528518792
-0.245192488106307 0.120307527209767 -0.13218270138603 0.0678733037286724
-0.258042242407713 0.209458228335852 -0.156798858469753 0.120378065893096
-0.294482352275553 0.159841000689204 -0.213500805870856 0.0706700656881851
-0.304406421878932 0.00706645248138702 -0.18774863821447 -0.0196124622645636
-0.273459587586434 -0.170185853081544 -0.126823281872211 -0.0762638490669321
-0.0839110466508189 -0.402020282271352 -0.0502916849209893 -0.115700022931095
0.302731452495519 -0.251332623835911 0.033128511313821 -0.103662434040208
0.392126120572814 0.137003027564331 -0.0181776570293713 -0.184178715855173
0.248039226911919 0.421997110560241 -0.0796414816124868 -0.348418542422811
0.0189152876080824 0.258094796474697 -0.0790748196286845 -0.147864505249593
0.176416664800786 0.220324690241804 -0.0589704461744606 -0.081056902772903
0.235666212279809 -0.0494415303885424 0.0187765407550011 -0.0718071425501703
0.0474844076897277 -0.249527918583534 -0.0150980717530374 -0.126965939011853
-0.117770430071064 -0.194827717897876 -0.140816793414023 -0.105693946699348
-0.17463321812199 -0.0818209540671315 -0.199776214463652 -0.0185145707620004
-0.167103500780259 0.0659780818757419 -0.215826420182266 0.0982865916983058
-0.17659472142831 0.160461102506693 -0.229300923538036 0.18425879686177
-0.208861985007099 0.133140814069926 -0.291990815593459 0.145154600270004
-0.212264861268171 0.0357800616739159 -0.268474731676194 0.0284878733500304
-0.213768336785131 -0.0830129748923949 -0.200495477613718 -0.0551722568861603
-0.109983360733939 -0.277140024163298 -0.122374738195997 -0.116772647994674
0.182358848546471 -0.218062246417245 -0.0336995642958632 -0.141111655034834
0.278879635792866 0.0482457264782379 -0.077836345009455 -0.249867934327089
0.199614769913926 0.292391620638396 -0.140477030911809 -0.469590402474884
-0.0653574649042283 -0.0799684603744156 0.166667602333187 0.448481132295077
-0.12442622869059 -0.00974746705193736 0.205030479547978 0.242050546062096
-0.0546429485344914 0.128991539432077 0.0980814182767232 0.150581310461581
0.0984158154646519 0.112190088807041 0.157006150156238 0.162567355509753
0.107120196774875 0.0106530288234343 0.291108255180028 0.0616028975547414
0.0723302703150885 -0.0314404129815712 0.326668821841977 -0.0837108659973144
0.0568408546851281 -0.070755599430193 0.291473350093056 -0.203611870207124
0.0704365888575935 -0.0876480335988443 0.270292697972023 -0.236194982126023
0.102182589554105 -0.0286791086610411 0.305750369857269 -0.143977338678824
0.0857041659337566 0.0379784760590944 0.262966418027119 0.0171780994923042
0.0538001845955128 0.0836235403843937 0.168862919638098 0.128235473401637
-0.0429856367623064 0.114276735004512 0.0270499142222624 0.161868579137672
-0.130412333633533 -0.00345041789309481 -0.0823482588962951 0.131045876338586
-0.0764966478426683 -0.149247668492322 -0.031372435859088 0.129772975603217
-0.0238096720531001 -0.19777949869099 0.0971661169782732 0.301981958078161
0.043696809929473 0.0787431101072174 0.172791337865303 0.450530710976882
0.0636498406743718 0.0197592752612267 0.193580346421096 0.21758736707007
0.041338825021796 -0.0100853316776103 0.0945956915184102 0.170396991541262
0.0212774508086923 -0.0413626392511073 0.177880466446034 0.168515068435501
-0.0197815280774603 -0.0362223377444987 0.305524961076645 0.0480936318921406
-0.0519625216163773 -0.00419951929412233 0.330648297598725 -0.11559187585711
-0.0519121468173289 0.0118733498755248 0.292352018953189 -0.222578280931946
-0.0404471673266043 -0.000557766073720702 0.280355346460823 -0.236168744130723
-0.0335956486121264 0.0177355779653756 0.310568755851839 -0.146121317887777
-0.0481537848587549 -0.0158555477031486 0.27754666721541 0.020240001820616
-0.00963692350790962 -0.0426632858247551 0.189474057002845 0.145646036305489
0.00199499654046089 -0.0341552650447365 0.0416348907343213 0.190919796136834
-0.000690804595057281 -0.031803160322769 -0.0707178877040714 0.160372846017055
0.0196791778653617 -0.0544992484407699 -0.0378405883385955 0.146402524014083
0.0402330368313217 -0.0482331566310058 0.0721932497897616 0.326965785753993
0.143902605302626 0.21049751384227 0.136085224198367 0.393612347557628
0.228607838494629 0.0347392820962315 0.132609717406669 0.165681453142577
0.122672086997888 -0.149094512832982 0.0489690635377054 0.178211515306148
-0.0629176531727293 -0.188495943757751 0.154965163311243 0.181534633481525
-0.145543214914072 -0.0737177256801016 0.281296236849578 0.061681026637883
-0.166255625607293 0.0273517628101141 0.29987773604184 -0.109705957045777
-0.152254976336205 0.0960291338926444 0.257618611317175 -0.197498535491314
-0.14836342510093 0.0857373813947205 0.243831770294643 -0.201712311425578
-0.165629274764913 0.0597305314013727 0.26095241052028 -0.139096815935257
-0.180401049000287 -0.0664531870563742 0.244356429063292 -0.00258702112305409
-0.082569080286954 -0.168400997323593 0.187749414848826 0.111479442617715
0.0467714359956388 -0.192293122976732 0.0817053065932059 0.166595830751179
0.146028704918917 -0.0592410830411175 -0.00650475377598351 0.168532420618745
0.128079555147822 0.065275988230452 -0.00808470727827607 0.159229738567918
0.0959627616622224 0.131079897873662 0.0547544700894045 0.299717027497479
0.206963645677231 0.300570970868029 0.0708619452158581 0.302151642444231
0.333499319279471 0.0586004611054885 0.0505312139516628 0.10308015547484
0.189490508324972 -0.240625383162146 -0.0164135497197474 0.15916467817101
-0.113995028275157 -0.306787527395579 0.0915338182565174 0.179847800842141
-0.238821806416152 -0.119736955682185 0.209148784176179 0.0874010833959209
-0.255162746185868 0.0375932776647958 0.23070026640089 -0.0686514700249895
-0.233188005515932 0.157794128131148 0.187514799055617 -0.1366611140319
-0.238087178972697 0.158213557993101 0.164166043378591 -0.138042562879357
-0.272518953472973 0.099159490498125 0.163280256464943 -0.117340970107767
-0.291787549684676 -0.0919165585470383 0.165459851410682 -0.0365462473058321
-0.166228315983838 -0.26336413961235 0.149460433873133 0.0419411710127398
0.0637592380895035 -0.34587255366199 0.110185397731212 0.0926877517860273
0.287926426726598 -0.104820023333699 0.070312242994308 0.132076224670619
0.252020604433533 0.17718522134623 0.0395238897668717 0.131226296589939
0.150798543993897 0.30724810481892 0.0433147395129287 0.20123204308893
0.215317310368809 0.342763837636792 0.000684806673231104 0.192180005011654
0.362663349547718 0.102012259881256 -0.0205469258041593 0.0392778243402512
0.238903855532741 -0.257738226565661 -0.0714665478779724 0.108131853690105
-0.108429188392464 -0.374894911768025 0.0131555709762876 0.142230632663165
-0.27664954920507 -0.172903167807027 0.102012710439138 0.0955432649566001
-0.3043643091704 0.0170162758806506 0.12569195138039 -0.0190485188287582
-0.281049577312195 0.183524784712538 0.0878187701853798 -0.0595048168724604
-0.290819887299507 0.207828950438515 0.05751889859584 -0.0538815902821245
-0.33283302921857 0.135978508692879 0.0341813899799952 -0.0727677126232234
-0.35702741298734 -0.0777358031189323 0.0493451865115414 -0.058410317523074
-0.243945127233661 -0.291912618692018 0.0694952972057141 -0.0313595621537043
0.0341563263950696 -0.453408490579699 0.093720960163902 -0.00618062864317608
0.38041056587717 -0.17352810006411 0.111786336184034 0.0505231073957029
0.369429787865568 0.233663441449229 0.0639383746523736 0.0449278380173816
0.209175090624637 0.434634271051011 0.0230405802118664 0.0365777838581195
0.172173114992537 0.349720370666384 -0.0524335900017888 0.0771205832042479
0.32946574220438 0.164448441515323 -0.058276220855289 -0.0172241356925773
0.274841176484544 -0.206292886989391 -0.0875358207983776 0.0373303791259475
-0.0517212382393875 -0.387656986136258 -0.045014483625059 0.0655951728019133
-0.255560211159728 -0.223275174360824 -0.0108349872529743 0.0639317400163597
-0.306525513063659 -0.0274679463291819 0.00434050874380076 0.0129593852293911
-0.285943061519432 0.168729950784651 -0.0249384457931006 0.0143689375774765
-0.298958745292835 0.228155575565471 -0.0559450667888846 0.0376986681460063
-0.340319850809592 0.160980415482415 -0.10087132755728 -0.00635178612204785
-0.361590102177918 -0.0363309412271534 -0.0776262498986016 -0.053453412550577
-0.28675882560707 -0.252369722612796 -0.0326670596328049 -0.0739323391266044
-0.0291132000817382 -0.474280373874452 0.0308883455592896 -0.084286178525143
0.383334856675166 -0.235175272888079 0.0935777197476197 -0.0398902049633274
0.428302006920474 0.213719335964987 0.040923247420237 -0.0757787363981462
0.250731230006551 0.478799256007347 -0.0205663103844754 -0.164646565875731
0.0995715557377362 0.319600751986058 -0.077011872302034 -0.0378399960792368
0.26198621609241 0.211380106838316 -0.0670069845528588 -0.0567908935130585
0.278109311010241 -0.126341617882487 -0.049339946669869 -0.0277589552835976
0.0116372472143575 -0.342152263834824 -0.0509545507956128 -0.0354307841623812
-0.194799306485592 -0.236579695800149 -0.0965194721046937 -0.0130773787027192
-0.259476611609253 -0.0683423967044814 -0.111911096650132 0.0105505267296451
-0.245380592637049 0.124330785397763 -0.132277582231943 0.0694261556249238
-0.256333142632948 0.214127685376568 -0.155799243161479 0.123503954796481
-0.294743524815105 0.165437121541699 -0.214880015884659 0.0741874379394751
-0.306583088191293 0.0113483619184194 -0.189581205570321 -0.0180126289041273
-0.277178878508247 -0.167475359522271 -0.128064228862299 -0.0763825339133648
-0.0900995063502846 -0.403370262326872 -0.0508760513630466 -0.116068116883006
0.300854121473012 -0.257079903171733 0.0321685379467972 -0.10489955117804
0.396218313005546 0.13368617435639 -0.0206477553793604 -0.184737503251869
0.254948797280674 0.421491063955691 -0.0856819019511365 -0.348143803249439
0.0226014310120273 0.260604401442002 -0.0815587390215229 -0.147660218604509
0.18112339903672 0.219982840604817 -0.0602186496832553 -0.0809556639050831
0.236944351980438 -0.053778305321916 0.0184140704008695 -0.0722336595976025
0.0429374556229935 -0.251542915522924 -0.0169655472847389 -0.128394744334523
-0.121743299633884 -0.194640959036138 -0.142662660773068 -0.104187145198912
-0.177783781478672 -0.0797042644443862 -0.201969595401903 -0.0161444165852389
-0.167106048247894 0.068372313711207 -0.215797206080785 0.101331245741282
-0.174437743532214 0.163489430522989 -0.228008970627822 0.188392901065589
-0.208450580073433 0.137775418169793 -0.291315197323102 0.150682724023682
-0.213424479035738 0.0385393320846315 -0.27041019073803 0.0316802881982969
-0.21922408918179 -0.0786351059466951 -0.202163976614786 -0.0546544146683985
-0.114740779947887 -0.27747159852329 -0.123478429269653 -0.116238410493142
0.181082856409299 -0.221803093290654 -0.0347078198378918 -0.142051973533567
0.281326040409148 0.0457523252905276 -0.0811658081746009 -0.250105949839234
0.204133067347702 0.291460549501899 -0.1482493246771 -0.469694075315654
-0.0665780650926861 -0.0806739367064724 0.173338098665481 0.449603109019985
-0.126428963750869 -0.00808770638923358 0.209434237240304 0.239822111121167
-0.0535926696176549 0.130849248152198 0.100119643800155 0.150235136194138
0.101004251707701 0.112026203522182 0.159982216192083 0.162164032402111
0.108662468661927 0.00920797517702053 0.294089137490197 0.0582494232151597
0.0724959203162135 -0.0323166965781982 0.329042797357567 -0.0888307146997949
0.0558109752182204 -0.0721497802772063 0.290712044940526 -0.209562226548722
0.0688994915685154 -0.0893693735351948 0.268748513157577 -0.242327041211005
0.102425693391513 -0.0304927764957948 0.305318474448697 -0.149512855569436
0.0866238425558418 0.0369206963474256 0.266093884992233 0.0142493130513453
0.0559662656627332 0.0830755219160492 0.17135388127896 0.126962977128199
-0.0409674346258166 0.115350775332281 0.0289191461458679 0.163213094750103
-0.131437116170193 -0.0013572697454244 -0.0814096499628326 0.133133059759286
-0.079352969700633 -0.149038340367729 -0.0300414346174883 0.131379660339567
-0.0263253507771346 -0.198066264733788 0.102481884135233 0.302435675602302
0.0452998316307391 0.077766274744761 0.180373463880185 0.452303853508444
0.0637161951467974 0.0190673737801273 0.19789058701878 0.215595272899156
0.0412677956873845 -0.0100082039206565 0.0974398932358796 0.170394463315398
0.0213997734577362 -0.0419532229184819 0.180500794228007 0.168099342131794
-0.0199120810542135 -0.0361608742591907 0.309118053167616 0.0444360297921466
-0.0528814899035347 -0.00282427097370423 0.33249601055531 -0.120616619944442
-0.0520548807184954 0.0137182114908567 0.292189200178232 -0.227901828773434
-0.0412929001270759 -3.00441721006947E-07 0.279048456456272 -0.242788199433304
-0.0336581147854712 0.018148972245606 0.310710373742906 -0.15202223918344
-0.0491642952121215 -0.0158326939889676 0.280505096810546 0.0171066345110835
-0.0101312363632262 -0.0438748082481531 0.192312499878741 0.144997442139553
0.00244933171529937 -0.0342776882190791 0.04419817905508 0.192095236545877
-0.000505766555430819 -0.0314948305145666 -0.0685926568678881 0.163100442254752
0.0194432742609672 -0.0544552862854745 -0.0362030357276638 0.14840621419863
0.0400728529023348 -0.0487025356056383 0.0778564931910384 0.32867990207606
0.147729458484879 0.209337673025063 0.142785485170032 0.39539376230058
0.23069582310607 0.0316995841282403 0.135813506150409 0.164399726182143
0.121405432033315 -0.151366424283217 0.0517697745388472 0.178658052271796
-0.0664389958875186 -0.189016168324225 0.15797590239585 0.181690338588899
-0.148099255391495 -0.072289598217429 0.285195403987085 0.0589565701041415
-0.167348491375398 0.0301599463395263 0.300795517544097 -0.114051390753905
-0.152590755470915 0.0992984896227328 0.256806746283774 -0.20298570540266
-0.149253495664296 0.0884849506115361 0.242624996758768 -0.207690988823872
-0.16684346206937 0.0627359308396392 0.260810181125597 -0.143814248094212
-0.182931004732964 -0.064779017506749 0.246702828695733 -0.00629678312849594
-0.0856582277683103 -0.169436060877552 0.190712918952317 0.110091542783211
0.0448664981049652 -0.194646836448964 0.0846452787329607 0.166905949409602
0.14679717056587 -0.0613408214716695 -0.00464035444124247 0.169782908682046
0.130020999839356 0.0646491662923017 -0.00592191305025759 0.160965367255285
0.0981830540258185 0.131072230224358 0.0599540150795427 0.301605939830258
0.211925587396532 0.298944869168766 0.0753716203933712 0.304561854017036
0.337593551507531 0.0543799728113688 0.0529440785734782 0.101930893697493
0.187553246293611 -0.24502883171565 -0.0143562461994043 0.160176086055527
-0.119958741113034 -0.307609480232861 0.0942313065611311 0.180822528906757
-0.242525719333359 -0.117795960521986 0.212710584012805 0.0854476432598356
-0.257562375931577 0.0416192413906162 0.231410028686771 -0.0724288101398566
-0.23380106912818 0.162140267184856 0.187162364598901 -0.140269570276321
-0.23858409283139 0.162880054646596 0.163408120354748 -0.141566073580425
-0.273481785160246 0.103234683703193 0.162267872574662 -0.120297088910513
-0.295740348695664 -0.0888710037720516 0.166319537930498 -0.0392515269585366
-0.171028414313796 -0.26294621900038 0.151561654541047 0.0402829018936485
0.059750370590545 -0.348479046929748 0.111579494824098 0.0920328743123301
0.289294128067358 -0.109666180729801 0.0724592773043129 0.131976641286011
0.257420364960129 0.176234421493503 0.0412021072531198 0.132008119147196
0.156070693485328 0.308016057138061 0.0465305138962269 0.202616599923055
0.221419826210268 0.342398625816658 0.00392048330348985 0.194756039795446
0.367772297832708 0.0984083476171166 -0.0196473633140615 0.0394641785798338
0.237266788343623 -0.26307821316938 -0.0703965684800172 0.109542610134524
-0.115291065714283 -0.375842013693811 0.0148612615732675 0.143553809079739
-0.282461915279653 -0.171447318240856 0.105182249162926 0.0955152361809105
-0.307232975662447 0.0214846935618388 0.126725469909096 -0.0210455464229577
-0.280445254761331 0.189519235865791 0.0874860794560144 -0.0610966179287123
-0.290076320723723 0.214724927517212 0.0574212233254421 -0.0552208180140082
-0.334118138148298 0.1415321299478 0.0330239541596154 -0.0741364290850964
-0.362462758263593 -0.0736305394709954 0.0489907048124932 -0.0601885030569664
-0.250204013529209 -0.291872092605714 0.0696337490837454 -0.0325203709472069
0.027797602670953 -0.45698852416361 0.0949192671033484 -0.0074454828312114
0.381778883840644 -0.179701707397857 0.11322864664277 0.0492448713782576
0.374872675302759 0.230649095148263 0.0653184167514571 0.0454697480871719
0.215525141629238 0.435483361102635 0.0232736638548344 0.0372404177599983
0.17733292838035 0.350459364683663 -0.0506375231815267 0.0787173751985003
0.335400057982824 0.161273886352499 -0.0587179645679626 -0.0171579122177204
0.27401093867325 -0.212201451770009 -0.0875382005448193 0.0385915067711673
-0.058507500148371 -0.389853380012193 -0.0447873160534688 0.0664833696461662
-0.26166450885674 -0.222049360786841 -0.00921227702695946 0.0647398889697893
-0.310080216421257 -0.0239656115470102 0.00456188164842892 0.0129810155510134
-0.286296437921191 0.173662618260985 -0.0253266845271554 0.0144891056209075
-0.29726817442097 0.233847412907236 -0.0558410062942818 0.0386779448534011
-0.341142291842347 0.16746058047112 -0.102414871408781 -0.00474049428274897
-0.366013438414596 -0.0317414427011578 -0.0791670402188821 -0.0531034366999895
-0.290755102833382 -0.250857132578173 -0.0339124538085643 -0.0748625648894387
-0.0358269939925512 -0.476261524596734 0.0308900782840144 -0.0856485900583482
0.384046957784863 -0.241547461402575 0.0940228435127502 -0.0417123888799635
0.435673779577313 0.210027328142776 0.0401335578515537 -0.0762000699688172
0.258114318307127 0.479258899740109 -0.0237491626294435 -0.164944219760869
0.104210843589372 0.321255697218915 -0.0776940002891621 -0.0371313448563244
0.268552747073503 0.210292232634424 -0.0676919476923921 -0.056750140368963
0.27818823180735 -0.131137710502472 -0.0498653847134332 -0.0270857012634037
0.00611510580400424 -0.345644050693609 -0.0516219914347179 -0.0349122730326632
-0.200124221507581 -0.235743880749881 -0.0967823213232305 -0.01150853542975
-0.263955789628268 -0.0660299077110569 -0.112751077857067 0.0116363906218072
-0.245508611328569 0.128734264034133 -0.132303031885626 0.0716394938782487
-0.254802634506629 0.219671269788784 -0.15494296603799 0.126945702656357
-0.294143015317277 0.170816351402937 -0.216122314189081 0.078210062409869
-0.309702715296659 0.0147575986063312 -0.192234220274601 -0.0157360875625459
-0.28138074848552 -0.165279255162448 -0.129547602508714 -0.0761814894428684
-0.0963014904489986 -0.404812680969622 -0.0524848210550003 -0.116175800450988
0.300026361845664 -0.263390549238082 0.0314429874280451 -0.106645825456927
0.401035234437051 0.129823229081706 -0.0233821960428833 -0.184762320133536
0.26181328196699 0.420892841377102 -0.0917558832203016 -0.348641758194601
0.0255948541066583 0.262855665561422 -0.0829380754306826 -0.148230872646692
0.18648431496892 0.219255809422216 -0.0614819308903085 -0.0807885570182535
0.237734020806728 -0.0575174020500999 0.0178612814137582 -0.07294893564168
0.0387457170287618 -0.253970134978718 -0.0186053944644213 -0.128694034721425
-0.126038802065308 -0.194629911097077 -0.144643655029489 -0.102963601254244
-0.181276298156668 -0.0781857455362122 -0.204055024209556 -0.0141858312599574
-0.167448542159745 0.0710031322213597 -0.216737954645361 0.104861921601741
-0.172858488632892 0.168065865644784 -0.226852110558401 0.192466025300056
-0.208183182521445 0.141731344616897 -0.2924701028413 0.156256298082131
-0.214888683785011 0.0416483599296643 -0.272992410790972 0.0351110243796698
-0.221542979353309 -0.0768710076055576 -0.203745899396048 -0.0527883830089185
-0.119923852182458 -0.277986043831344 -0.124806199406547 -0.115684670478562
0.179732684604957 -0.22627367080419 -0.0362450754988923 -0.142735444111068
0.284870077802275 0.042599150007529 -0.0850384183198075 -0.250407917950518
0.209716004972614 0.291680520506823 -0.156327182301421 -0.470785351648333
-0.0679501107135855 -0.0811634198498984 0.181414474062776 0.451392946091255
-0.127974726295389 -0.00670629963471442 0.21480308137007 0.238967557115818
-0.0518302696318893 0.133159152925544 0.101592463347186 0.150434001822171
0.10403285684708 0.111763187991023 0.162350837476806 0.162032983167349
0.110155376758621 0.00797243668331205 0.297099812818272 0.055925944930726
0.0733139937591541 -0.0334201198498747 0.331125195604585 -0.0929419120668705
0.0554891252604885 -0.0732575221354113 0.290360843893566 -0.214936406847919
0.0675045344983169 -0.0908400674143062 0.268219593381063 -0.247397814538932
0.10253244734095 -0.0324081922106025 0.30638197121378 -0.155405759958721
0.0884958052699027 0.0358449830563057 0.268380673486142 0.0107230097610695
0.0572529088542662 0.082333572490225 0.174612377376051 0.126303216021292
-0.0395988173973751 0.116942049179779 0.0309250074653517 0.163809110889634
-0.132270786279172 0.000444420704995063 -0.0806759186670142 0.136229120994178
-0.0818381956647117 -0.149637284252325 -0.0276233360628176 0.133100275569847
-0.0293731540006516 -0.199171050494929 0.107677782358975 0.303268163715441
0.0470342188490601 0.0777531249824642 0.187627201073493 0.453227506466868
0.0641528016786539 0.018400436402167 0.202480904188298 0.213673358322411
0.0414936696580985 -0.0105245219731522 0.100039556836324 0.17021611538079
0.0214815974330393 -0.0430172549217016 0.183647072708795 0.167760957860111
-0.0206591818943143 -0.0362524715373718 0.312883629115108 0.0413402923634534
-0.0529329850100905 -0.00161922714854328 0.334072087092483 -0.125789425618596
-0.053211543216576 0.0142548308775429 0.291672259025842 -0.233376209115206
-0.0428339928368682 0.000414255327325839 0.277684554034363 -0.249917115092161
-0.0339145798706312 0.0185018883085188 0.311382034294112 -0.158278871712892
-0.0497225255984787 -0.0150593670552783 0.283816339269567 0.013081793769814
-0.0105795473848144 -0.044613505770672 0.196468765337991 0.143891786722989
0.0024243044547885 -0.0351831342312013 0.0472722562048286 0.19296718256178
-0.000763630807162411 -0.0315052920294766 -0.0673855221384638 0.165234730730016
0.0183553295722629 -0.0551045740125523 -0.0343153952689869 0.150286495113532
0.0393289241355003 -0.0498878099422769 0.0824596493923061 0.330835941057189
0.151798753427788 0.209249255706397 0.149590216252468 0.397112801580426
0.233387175898283 0.0283943371640286 0.140048640863138 0.163036133128704
0.120134634572403 -0.15401001325727 0.0539360586132537 0.17940249643082
-0.0697746407519968 -0.18975183047346 0.161362790689855 0.181480756390851
-0.150116132544471 -0.0710797829596901 0.289155642307807 0.0564377431349431
-0.168730193303196 0.0328801613973599 0.302502991886122 -0.118929461794036
-0.152977426336838 0.102645727447613 0.256556172755552 -0.207855711219717
-0.149720309248581 0.0911698238100605 0.241767985329518 -0.212358891930899
-0.167552716911678 0.0652783299698839 0.261004322283885 -0.149119802063572
-0.186437458664062 -0.0634113518428482 0.249308907991049 -0.00948361495756694
-0.0884079073394271 -0.170704807134835 0.194108981096831 0.107848535193612
0.0424166809662075 -0.197061773589452 0.0874331211474434 0.167594733703203
0.147867972825019 -0.0633036150843837 -0.00240421122324831 0.171987331830577
0.132586515207444 0.0638631808062038 -0.00360632910215539 0.163033153324599
0.100759749804689 0.131310514443855 0.0642810576537022 0.302802821572883
0.217714159138145 0.299620954402061 0.0807643728872251 0.307121532729486
0.341891592627085 0.0509644259541731 0.0547940998613752 0.101396116070461
0.186167441590609 -0.249635088012146 -0.0124725045924222 0.161395145806468
-0.125214936051736 -0.308598809704297 0.0968550812728097 0.181386315471372
-0.246645451831023 -0.116088972869117 0.217021326972115 0.0843115916912544
-0.259742818554823 0.0455134154489641 0.232772323605719 -0.0760051360699418
-0.23396457861895 0.167255235520088 0.186461871555262 -0.14454486166769
-0.238807501908768 0.167431235914285 0.163071070876785 -0.145416238218005
-0.27468774460114 0.10807256824103 0.161906735483658 -0.124040275491946
-0.300695597577163 -0.0855769937442658 0.167638028239011 -0.0420326995793995
-0.17622595199236 -0.263605273498522 0.153637378727348 0.0379376295984221
0.055731550704122 -0.353029499019971 0.114691795313523 0.0916860480937941
0.29150693927294 -0.114011527601402 0.0747713680413548 0.132437607416847
0.262469806608521 0.174493206038603 0.0434605439998761 0.133552326746739
0.16175652209585 0.309166016965099 0.049729357414755 0.203365933554556
0.227724237551308 0.342065237381804 0.00666289445857459 0.196144834549988
0.372590568340441 0.0942110225914556 -0.0189162860969449 0.0391337293033989
0.235900020769648 -0.268006250695208 -0.0693019840061679 0.111321800515891
-0.121824809929649 -0.378496264862804 0.016729758564893 0.144408731955322
-0.288752243582769 -0.169521723643898 0.108519630607109 0.0949470347014589
-0.310853171683748 0.0261157630013308 0.127565438973533 -0.0231514620607911
-0.281035836919005 0.194767532539432 0.087051144494844 -0.0632950257099825
-0.289560909326499 0.22112497245304 0.0571363406237598 -0.0563703376469753
-0.335639954673994 0.147364764360496 0.031806097576283 -0.0747145586504905
-0.367243458821073 -0.0701136357010003 0.048680930408468 -0.0616375309991938
-0.256359353371104 -0.29132856838412 0.0699899812984192 -0.0345767051016454
0.0224373599446414 -0.460743243598848 0.0962795605696439 -0.00850785798305836
0.383015387975177 -0.186067256237119 0.115153835175529 0.0482189947921118
0.381620587806759 0.228877740892601 0.0663361573483173 0.0454784487496996
0.223198675375574 0.435446962680572 0.0235165960880159 0.0376069474975139
0.183483499519748 0.351621298100651 -0.0497940058888687 0.0802419663955985
0.3412437402564 0.159152057123605 -0.0587037038241005 -0.0173577059772312
0.273626173127001 -0.217560775429448 -0.0870837809328506 0.0399000596797845
-0.0649286490790121 -0.393031671029079 -0.0446527638967794 0.0676446246616484
-0.267759837613911 -0.221539133586177 -0.0076882706156972 0.0656986875933479
-0.31441135618185 -0.0203840848906169 0.00455207371377826 0.0126702522730759
-0.286609656188846 0.178776867507666 -0.0254461124076424 0.0151519904803108
-0.296049618572444 0.24093562837152 -0.055280996949575 0.0404566090604099
-0.341669762065329 0.173265156328716 -0.103715138716733 -0.00290708482163782
-0.370887571872276 -0.0269393361012043 -0.0808708865873141 -0.0529778250897781
-0.300180978502349 -0.249032970841351 -0.0345880580650599 -0.0759230120541206
-0.0424206180041586 -0.480532686930353 0.0309934400645442 -0.0864024366115128
0.384821343313741 -0.249067617658379 0.0948326220142534 -0.043142840227738
0.441949718989996 0.207390536049491 0.0397029582114608 -0.0769763594635288
0.266408380125157 0.480065400819765 -0.0269821953664111 -0.16509189786339
0.108733298462919 0.323726104916547 -0.0781986450356827 -0.0362725633407472
0.27443917963968 0.208917100408727 -0.0691695058665676 -0.056457510778937
0.278946451578008 -0.136564084950715 -0.0499075316015396 -0.0265087638807067
0.00107294916649377 -0.348295384240951 -0.052776415141797 -0.0346879002926153
-0.206843063784363 -0.235693825376594 -0.0970480931703566 -0.0100014215644641
-0.268324346232117 -0.0631066454080017 -0.113866822378288 0.0126800546485652
-0.245770506231729 0.13279431857232 -0.132924451889994 0.0740073053663074
-0.253580575947937 0.225421290760128 -0.154507535440608 0.130215139482261
-0.294622950284742 0.176758518988231 -0.217506606454664 0.0822722944418194
-0.312555086495299 0.0190523832823788 -0.19400233044006 -0.0141341591079776
-0.286063164872113 -0.1632152137009 -0.131690036288997 -0.075977162733324
-0.102976743693813 -0.407386720292308 -0.0528651125373567 -0.116627968007136
0.300253720983748 -0.269362426157108 0.0308225242186199 -0.108140140211345
0.406689391363913 0.126454074858175 -0.0254574755780002 -0.185963764840075
0.269589664261595 0.421357601905507 -0.0980440444006328 -0.349885689155572
0.0292750835547366 0.265501032029388 -0.0852036654541633 -0.148501547352263
0.192255385119244 0.218969334939384 -0.0632643989065191 -0.0807724514133453
0.239141914720195 -0.061982778761364 0.0174778654581759 -0.0736069656206176
0.0349123766508696 -0.256429186980343 -0.0202189224239898 -0.129870166783932
-0.130918808762862 -0.194534540960663 -0.146979934358477 -0.10130017285122
-0.184756067088314 -0.0764366128480065 -0.206656005535336 -0.0120548847031054
-0.168670033757923 0.0738480164067512 -0.217361844726173 0.108423110498924
-0.171713332120328 0.171616022791627 -0.226144450269136 0.197733826373524
-0.207653163845324 0.146439618382792 -0.292988421558619 0.161994157534571
-0.216203872547892 0.0449805722432601 -0.275501655466477 0.0391307976477687
-0.223331330606932 -0.0756079660051682 -0.206382017478611 -0.052160905827061
-0.124926687727571 -0.279052542286927 -0.126310638790284 -0.115566465059899
0.178011492616826 -0.230556029254735 -0.0380449967705036 -0.144017834952701
0.287510052264999 0.040080002588288 -0.0891783371484579 -0.251266125929384
0.215364327182978 0.29095400534043 -0.164926059151984 -0.471126057854507
-0.0693346118134221 -0.0815902466616624 0.189292630892707 0.452979748053946
-0.130465275713372 -0.00535786195832128 0.219908830732322 0.236812346815746
-0.0508735758401777 0.135595130652519 0.10394122517596 0.15053401930041
0.107740995224719 0.110858772280348 0.165917587198716 0.162241675399607
0.111692788482895 0.00672705666360548 0.300585737498559 0.0528768655929661
0.0741489244410324 -0.0347316405725728 0.334215843631282 -0.0981313724265473
0.0547881437513444 -0.0743761463372145 0.291263153459397 -0.220545206268949
0.0660956152474392 -0.0929230832783652 0.267121799201684 -0.254403179657095
0.102890185211507 -0.0346875898783734 0.308014730484631 -0.161533445539574
0.0901293881663792 0.0344523362668284 0.272320862058136 0.00682265830827816
0.0592264720704243 0.082187294712804 0.177504728504506 0.125954085955622
-0.0380173542385096 0.118153380985784 0.0334357317237794 0.165585843014831
-0.133707006906171 0.00281624999919637 -0.0795578941090854 0.138833907028666
-0.0850705181393518 -0.150596348169735 -0.026170684372228 0.135409097783015
-0.0318967960798668 -0.201252096354366 0.112905361765019 0.304481320154442
0.048691579190648 0.0769616049110936 0.195563955322818 0.455285661140799
0.0646732071957559 0.0171105784598695 0.20714001199835 0.212596521460731
0.0416100576357404 -0.0101197450795797 0.102734374007444 0.170539200929443
0.0213713151179831 -0.0429594513079925 0.187540227755968 0.167943452796916
-0.0214274969668057 -0.0360526220772558 0.316902625974846 0.0383540010941803
-0.0533449777201713 -0.00108895261916982 0.336573010264709 -0.131782047439474
-0.0538604142720074 0.0156846555131742 0.291437695218279 -0.239437504489603
-0.0436703893363415 0.0013318327893272 0.277203552754605 -0.256516837345127
-0.0346722115771791 0.0189556895496443 0.312519051095054 -0.164373192279126
-0.0509584016328301 -0.0150610161912964 0.287332077848658 0.00923158754566216
-0.011186862763122 -0.0450800130853593 0.199476113643181 0.142740310189241
0.00183393482296662 -0.035300334528122 0.0498314313510109 0.194655495677855
-0.00103301488126162 -0.0316342280141756 -0.0662030511192034 0.168343351740746
0.0185164989931868 -0.0556746018041114 -0.0321801536611065 0.152834724325748
0.0390923620119398 -0.0510019627011986 0.0882656916819994 0.332513482070881
0.156130866111484 0.209123853793597 0.156069833520449 0.399728779818482
0.236038099180632 0.0257504151501271 0.14319493398803 0.162163575720874
0.118968265570794 -0.156780328718868 0.0567398255936324 0.180066749989019
-0.0735020325614223 -0.190495583304155 0.164772465068002 0.182146968890864
-0.152745329901687 -0.0697991772404078 0.293399214476175 0.0530652401452652
-0.170374863444277 0.0363619231481625 0.304898139827575 -0.124410003608448
-0.153749304881774 0.106057695634822 0.255990157765969 -0.21372103361801
-0.150380616012831 0.0942497267184977 0.240982651164063 -0.218631796862083
-0.168635354100161 0.0679040602033667 0.261711257711933 -0.155059611875246
-0.189808604054033 -0.0614683862794587 0.251983176638813 -0.0134811141133263
-0.0916821548679336 -0.172057010524201 0.197514185510524 0.106972309322723
0.0408155116788275 -0.199963047839146 0.0904448980657742 0.168541676090816
0.148956599509207 -0.065618679082913 -0.000685830168283789 0.174032544934837
0.135348503000174 0.0634133172487395 -0.00172267877158916 0.165348135536824
0.103457278235727 0.131110419336459 0.0692030028289681 0.305391771917734
0.223555052391357 0.299303528444882 0.0856248690262579 0.309417934013502
0.346582794359524 0.0467240827499947 0.0569303069915144 0.100538810806285
0.184046813592572 -0.25416371614554 -0.0106362985097465 0.163229758298511
-0.131614353539491 -0.309920662620055 0.100015173141793 0.182443683771426
-0.251631707271001 -0.113782479352039 0.221111616484068 0.0823230313461624
-0.261921063074932 0.049833528125314 0.234679060909044 -0.0800621790662357
-0.234575446449395 0.172381519491813 0.186724070288052 -0.148663666069765
-0.238794720015959 0.172517696206679 0.162765030229892 -0.149383775106203
-0.276835305285391 0.113534788922382 0.161135177344043 -0.127411918889368
-0.305987826527754 -0.0828335258615496 0.16965811461193 -0.044840919308027
-0.180708809915927 -0.26490519313229 0.155469045028314 0.0362783579198566
0.0516577012347489 -0.356780453320792 0.117628018081232 0.0912831085156408
0.293736777495155 -0.118875464939126 0.077114902261251 0.132784054371042
0.267776805224986 0.173991797130992 0.0455325921484578 0.13492531338801
0.167001987660912 0.310063860154093 0.0529540152459746 0.205594805502682
0.234161926588715 0.342886731581782 0.0096264916651844 0.198749291902829
0.378719202678568 0.0905837864979193 -0.0182196801152345 0.0388215259158456
0.234313398835626 -0.274211999101613 -0.0684179049516385 0.112950418101847
-0.129105962726068 -0.380126209303808 0.0181880267317585 0.146483424489454
-0.294227681032879 -0.167794635184423 0.111348310700713 0.0949403434518904
-0.314329939877208 0.0303851757236959 0.12836644197874 -0.0254827229465201
-0.281161910744743 0.201248890975957 0.0870934933918532 -0.0648762585967548
-0.290482868871299 0.226501915312096 0.0569838184610998 -0.058073034942772
-0.337271075531157 0.153766289750482 0.0302234637549889 -0.0761167020494615
-0.373260632758926 -0.065555662264069 0.0485962078220691 -0.063232420484384
-0.263765477824554 -0.291306487697874 0.0707473752160765 -0.0366438723393941
0.0160626542161931 -0.466736252987268 0.0973571254194685 -0.00951717696618919
0.385104407373887 -0.193611725700029 0.117578630535242 0.0473845855387267
0.389475831576518 0.226726097662413 0.0676969541694844 0.0453599593211636
0.23156018363685 0.437280525521997 0.0239831753561346 0.0385292513807899
0.189792894313487 0.352835733740872 -0.0485702273000036 0.0820162933576573
0.347442582157168 0.156228874190271 -0.059496695595538 -0.0170855868251758
0.273107313955917 -0.223456627083151 -0.087019143302708 0.0412898730030172
-0.0719402053086689 -0.395442660638817 -0.0442476227212951 0.0692019183432643
-0.274400576580019 -0.220765283042251 -0.00556864991592144 0.0668387697575827
-0.318441434322973 -0.0159061886806556 0.00484527400157804 0.0124797452684883
-0.287859153576211 0.184593057450491 -0.0254727879472916 0.0156737741587846
-0.295681230711129 0.247973006914504 -0.0552819833369051 0.0413077504484141
-0.343366497012971 0.181323176548483 -0.105504034422585 -0.00127807348053099
-0.375835222682304 -0.022689540116154 -0.0825952314475709 -0.05276914289082
-0.306532157154137 -0.248771642226565 -0.0357604055138926 -0.077089626018963
-0.0492497306257199 -0.48568519653745 0.0308528982584343 -0.0875909839519139
0.386063893228683 -0.256446433046674 0.095705441301998 -0.0448935756051573
0.449534885032297 0.203718161990092 0.0391717645025774 -0.0778167780200169
0.274508017844569 0.481178351238453 -0.0298457728808873 -0.165107734187698
0.114198320660663 0.325657688558362 -0.0790353211964863 -0.0359366122452512
0.28138470769447 0.208041654660662 -0.069968990802377 -0.0564173010772771
0.280016836253783 -0.141870720323384 -0.0508114459230163 -0.0260923718330579
-0.00451709023778945 -0.352042970836762 -0.0535546149951391 -0.0342044579301729
-0.21305085756737 -0.235569205828987 -0.0974887753813526 -0.00870676571989456
-0.273421118519366 -0.0601922640473893 -0.11541243960068 0.0141360848200033
-0.247630445781609 0.13754273488301 -0.133143051081852 0.0762520599534023
-0.252193677457376 0.231177379055968 -0.15380327165841 0.133724456347053
-0.295224539038711 0.183309043414864 -0.218763795341922 0.0865129156596628
-0.316685613738039 0.0240152854311583 -0.196565509055242 -0.0121051127608858
-0.291268259688764 -0.161696828770285 -0.133582196708637 -0.0763207948799342
-0.110264263032286 -0.410264248716407 -0.0540568999179109 -0.117522984379896
0.300010440512755 -0.276741466545952 0.0300246158107709 -0.110116138020775
0.412590151400068 0.122759637201692 -0.0282558301856383 -0.187329031113828
0.278371043768871 0.422177683454868 -0.104439298713081 -0.351046250117813
0.0331158696413506 0.268430180955157 -0.0879209891820471 -0.148981766527438
0.198220106815045 0.219041614506181 -0.0646396857722646 -0.0807810673171299
0.24085307151532 -0.066224902281032 0.0171374286763649 -0.0747112015650834
0.0308901068782184 -0.260088023710348 -0.0222309801800344 -0.130814523873005
-0.13665463956332 -0.195182689181268 -0.149105748445177 -0.10049608388829
-0.188423733998919 -0.0749224799235997 -0.208869042187257 -0.00936970574831921
-0.169116865550139 0.0763050920596917 -0.218460278757837 0.112173217409377
-0.170205665403957 0.176210845758654 -0.22505419899012 0.202853628147092
-0.207719887773113 0.151157567386386 -0.293948713558599 0.167704476047969
-0.217915998928831 0.0484459367030703 -0.278597365679886 0.0429582478202163
-0.227418194494536 -0.0729473420823374 -0.208638632753457 -0.0509154667628189
-0.130979711272707 -0.280635240697529 -0.128309969965822 -0.115437751053086
0.176927221944201 -0.235732531214737 -0.0393675091168974 -0.145378156280345
0.292078875551035 0.0368678790567478 -0.0939239417838804 -0.252602124094204
0.22107702375028 0.291425678642965 -0.173755563635935 -0.473175609585351
-0.071085559238885 -0.0820550887404441 0.197827517007246 0.456817118743188
-0.133261908868843 -0.00365604000611639 0.226446702039765 0.236138957320736
-0.0497137181087441 0.138276939862313 0.106229351766856 0.151191355436208
0.110502850028408 0.110983208986265 0.16956709804064 0.16232252728612
0.113585431558229 0.00510784892561929 0.305391086834589 0.0500861689284251
0.0747698780564235 -0.0360251887119508 0.337082574047359 -0.103448951976035
0.0542436241242301 -0.0756220230021565 0.291846756155611 -0.227109730929164
0.0649271683552969 -0.0948094605112516 0.266057020066835 -0.261661003290881
0.103497654148253 -0.0370510333600539 0.309064532654217 -0.167641102863613
0.0913243706647349 0.0333176999150685 0.276323832820418 0.00378622284693971
0.0617978172848012 0.0823068806369628 0.181062854026592 0.1248936614448
-0.0359855319995933 0.120261235896292 0.0354180957094208 0.166930879772826
-0.135356933097935 0.00490182884431119 -0.0787117040235752 0.142037005515047
-0.0882349589559683 -0.151130384452437 -0.0240673159704841 0.137995028300722
-0.035269469911403 -0.203123600218819 0.119164387913903 0.306156409259451
0.0505525778091357 0.076850027097677 0.204818842679913 0.458878605454674
0.0654333643844423 0.0161096685941548 0.212979072319534 0.211235003597643
0.0418551278959863 -0.0108236174070251 0.105135562941764 0.17084110176549
0.0212030346503132 -0.0442067066388964 0.191053725533901 0.167430472508548
-0.0217890183063485 -0.0362290365906643 0.321299527303859 0.0343749552060958
-0.0538588204463306 0.000159205991979041 0.338285093513838 -0.137414657941816
-0.0544312388187227 0.0170180527493683 0.291591062228525 -0.247548135220352
-0.045066446512169 0.00180750482967556 0.276314740214562 -0.263242424350807
-0.0349746393436193 0.0196664970279434 0.314222711576197 -0.170598974152414
-0.0516743432585415 -0.0143512204473433 0.291371151448755 0.00521304041580737
-0.0121833054066204 -0.0466345743037852 0.20414836390449 0.141782447664227
0.00182741237989951 -0.0358218206145872 0.0530520020832177 0.196386138353134
-0.00105659707804102 -0.0316847876758674 -0.0647906198478928 0.171256233000003
0.0178168363709055 -0.0563673810977055 -0.0302891658935942 0.155603838146067
0.0385147417888219 -0.0513931447914767 0.0945689678611296 0.334379215867818
0.160714906559439 0.209115304733261 0.163703168389017 0.402788723775267
0.238874747546355 0.0231875970156223 0.147149211783615 0.161056205272789
0.118426282199127 -0.159884742270433 0.0598421294947242 0.181259973896798
-0.0773245584636174 -0.191372052925294 0.169076494643109 0.182568615032126
-0.155927032257605 -0.0689798285376453 0.298657494007989 0.0503796444726233
-0.17194457776968 0.0391318129982605 0.307137213304477 -0.130078272883663
-0.154846931230224 0.110210151740592 0.256389154000513 -0.219867457245287
-0.151742184984883 0.098281285052112 0.240225594446873 -0.225162576925977
-0.170156589455053 0.0715763438686264 0.262338220240639 -0.160292400099996
-0.194174951223652 -0.0597009204489788 0.255838757052658 -0.0169295913960169
-0.0950477037140807 -0.173077259321135 0.201999827031012 0.105323040720817
0.0392586644425885 -0.202985818342732 0.0938488558530563 0.169751602589757
0.150310795940927 -0.0685285659736202 0.00177589985011392 0.176675485445653
0.137820738419733 0.062780101787062 0.000656483456601032 0.167468423097949
0.106326698896706 0.131620365488293 0.0746717990611451 0.307869980359799
0.230625485903359 0.299798938924616 0.091448870688352 0.31235015310903
0.352278819551031 0.042392560640583 0.0592350488352148 0.100472747398212
0.182352286211964 -0.259780954507785 -0.00885738492319649 0.164934521643841
-0.138100623391132 -0.31172866132867 0.1034362817437 0.183621372722418
-0.256790102842382 -0.112090114582562 0.225952657709011 0.0805592977093149
-0.265461552857345 0.0543692066755184 0.236279317759024 -0.0844474628847905
-0.235475135394358 0.17842260082254 0.186597747750001 -0.153207212283676
-0.239340521506383 0.178261801673298 0.162373111029828 -0.154079958321926
-0.278656326436682 0.118954282599104 0.161256159528908 -0.131397210491238
-0.312010651268282 -0.0803238289031721 0.171093364671673 -0.048086645559717
-0.189269267300984 -0.266089763492875 0.158248878604442 0.0338758448061424
0.0461996183111006 -0.363186776472026 0.120256702528768 0.0910048169348176
0.295739944954724 -0.124414415626998 0.080426976249512 0.133546277083008
0.273722896396168 0.172981469749507 0.0485643521014723 0.136177529896428
0.172967571909034 0.310837212806839 0.0560905150797035 0.20776090465822
0.24104481904241 0.344037703393268 0.0133278929628899 0.200840702344645
0.385261260889544 0.0857723508558312 -0.0171890489897293 0.0390245734030586
0.233322060886315 -0.280728474491833 -0.0677850782985079 0.114915218826639
-0.13658101922995 -0.383309644336863 0.0203397246714028 0.148016447861404
-0.300708205082971 -0.165992248956608 0.115745936801799 0.094511275864504
-0.318738468899496 0.0357120488751454 0.129458999704837 -0.0272102690811218
-0.282202100463289 0.208126868478803 0.0872050545410946 -0.0670828658617208
-0.290317142508411 0.234058741156744 0.056702762583419 -0.0594543397103849
-0.339903374871393 0.161240257285531 0.0292656070223029 -0.0772239623451486
-0.379595475019366 -0.0605733083628994 0.0483600773569778 -0.0652154901410442
-0.27112765278918 -0.292634056824506 0.0709661503773699 -0.03835230006366
0.00943220025532496 -0.472744494202182 0.0990411991902944 -0.0111150191576689
0.387893200995929 -0.201451927722545 0.119885485130701 0.0461177127749123
0.398696323618222 0.224630486600225 0.0692710202843793 0.0455296559566878
0.239681846774598 0.439241474742353 0.0240028758298114 0.03926191557545
0.196145038904772 0.355157296122972 -0.0472222916260198 0.0839781015553088
0.35501746917962 0.153403494549369 -0.0599370977487841 -0.0173747403812245
0.273280211630434 -0.230113753144918 -0.0872712662728623 0.0428992902099215
-0.0797498597044001 -0.400211174850318 -0.0440659884655763 0.0708488826531131
-0.281866833611164 -0.219793637135081 -0.00360530013632571 0.0677460451670287
-0.323666258728746 -0.0119388810919449 0.0047347765382129 0.0122036960395279
-0.289089279561266 0.191697849535957 -0.0259322666178573 0.0161899794773056
-0.295789897389791 0.254677448662915 -0.0553032783977457 0.0429207473074121
-0.346012017441379 0.188564334406381 -0.107159438567195 0.000421493446143924
-0.382370771765413 -0.0182341393313019 -0.0843294499876365 -0.0527620083754084
-0.313082873470725 -0.248251388231723 -0.0372330982995331 -0.0783685385233925
-0.0571867234876689 -0.49053791793581 0.0306931859298812 -0.0892096861446077
0.387543219934126 -0.264413554556078 0.0965115661010889 -0.0474994596360055
0.457821843819291 0.201347490930518 0.0386259270528819 -0.0786551167830208
0.284758067567991 0.481783955686386 -0.0334076532400041 -0.165955532768583
0.120325783836789 0.328495822797292 -0.0796066503404508 -0.0348776354908564
0.289062473276195 0.206048932302211 -0.0716437298199005 -0.0567939253346415
0.281022686458294 -0.147545391208794 -0.0513762660941951 -0.0256472456486738
-0.0107493164630018 -0.356558540931243 -0.0545695983516151 -0.0338552774115956
-0.219692719064199 -0.236514126216045 -0.0976171270786158 -0.00711863600020898
-0.278489401229438 -0.0574134091417688 -0.116653031828015 0.0154983333777197
-0.248886914823689 0.142167164420109 -0.134284695120788 0.0791412830873184
-0.251161123209705 0.237721081768137 -0.153098923854678 0.138081718606535
-0.29577570513205 0.189539811681688 -0.220407351528367 0.0910635097119024
-0.320752576541529 0.0285480633907382 -0.199926849963486 -0.00977271583179052
-0.297227156239711 -0.159928113918158 -0.136419593660921 -0.0762971481736349
-0.118241810704169 -0.413095519056431 -0.0552107895386508 -0.118407254309724
0.300530624877868 -0.28415804928745 0.0297366016158993 -0.112021342943701
0.419463013142951 0.119527813796316 -0.0308772764269394 -0.188679803911622
0.286866953322076 0.423578636011407 -0.110962547679423 -0.353228231651803
0.0372815362020596 0.272193043074079 -0.0904546062992953 -0.149588078482424
0.204482040406245 0.219062564265777 -0.0668654521421884 -0.0809383796142598
0.243082921671761 -0.0710790154710073 0.0165017153882344 -0.0756067440900971
0.027455147197405 -0.263115184175358 -0.0240485164179767 -0.13248445027808
-0.14156580053038 -0.19559201769785 -0.15162287397337 -0.0996913234791922
-0.192639749828333 -0.0732394657254659 -0.212145974120432 -0.00725832534391797
-0.170283105374959 0.079597643611946 -0.219629366308894 0.116193549000752
-0.169524133700706 0.180562832123452 -0.22452040785763 0.208743486144171
-0.208125915189224 0.156183022631672 -0.295479487828732 0.174964315170198
-0.220321952702945 0.0517902159481532 -0.281983116812904 0.0470732103730698
-0.23161727246166 -0.0700447791703008 -0.211933449377408 -0.050291707899319
-0.13671417263546 -0.281370178739843 -0.130125612411451 -0.115427433048999
0.176070386466727 -0.241458150291901 -0.0416303377298812 -0.146711760842448
0.295730414147506 0.0340091310994481 -0.0980918298239235 -0.253890802183246
0.227789338268717 0.292514863255528 -0.18336027424051 -0.475207646472379
-0.0728888708457624 -0.0829815811085108 0.207211965786135 0.459723899363679
-0.135831284807101 -0.00171437651804593 0.231874425868145 0.234424909181617
-0.0479850104077788 0.14123031128679 0.109098300277474 0.151357838202655
0.114615910723993 0.11089213498514 0.173717603811718 0.163162968666847
0.116079459589799 0.00383537523748732 0.309822876514902 0.0467331269919029
0.075566600882097 -0.0373321480561022 0.340886192761793 -0.109765004218987
0.0536315442156008 -0.0771047693912468 0.292890879219006 -0.234128744743
0.0631160990331384 -0.0970040203597862 0.264990057880486 -0.268868150144523
0.104345134304596 -0.0394441685853706 0.310217789268886 -0.175674989587027
0.0935767438208153 0.0326182168105339 0.280633511889482 -0.00114362609183909
0.0634470001502078 0.082142802517678 0.185028829638361 0.123875240838264
-0.0343186174360073 0.122846009544456 0.0377120058048194 0.169222343349732
-0.136882093529519 0.00722725164197755 -0.0775466391219893 0.145339814142797
-0.0920942438307674 -0.151786777576645 -0.0222860678912091 0.140036715777296
-0.0381472854963057 -0.20566621563505 0.125628280424635 0.308368934387631
0.0522906665039057 0.0765271442370522 0.213050591404701 0.461971035778476
0.0657517113550696 0.0153944760502721 0.21890004219356 0.209572950470343
0.0422880692249369 -0.0108949585269813 0.108318855110508 0.171616468469741
0.0209822458867956 -0.0450148577861124 0.195653994220833 0.167685470952578
-0.0222977900078397 -0.0356997827273147 0.326930632787964 0.0309466639940667
-0.0541902318741123 0.00157446898600271 0.342286570137661 -0.144450302129786
-0.0552370587761787 0.0185652055074533 0.292657181122833 -0.255403872783122
-0.046843745168371 0.00258767063335486 0.275995693916645 -0.271239593816771
-0.0355316068252015 0.0199373107730973 0.316176646222146 -0.177842627235908
-0.0534359473697109 -0.0141648961404239 0.295770301373164 0.000831032761051989
-0.0135664215232409 -0.0471973518444343 0.209505856390055 0.140964651070431
0.00157773054422915 -0.0369666270567404 0.0568834402061713 0.198534137322187
-0.00104170533938075 -0.031497946250878 -0.0632794714091995 0.175015558911095
0.0169217991732034 -0.0573314106279973 -0.0285636269315941 0.158641550961699
0.0388067586132662 -0.052728645290221 0.100878612728283 0.338443817454844
0.166548316458113 0.209165996223893 0.17290261036229 0.405459304027815
0.242685620595951 0.019125758888664 0.152107832914349 0.159658192538936
0.116724418579251 -0.163583383110882 0.0625700708744564 0.182613902944738
-0.0807040365147512 -0.1927389850427 0.173157865277491 0.183303321630924
-0.159198713040246 -0.0677276487783991 0.304306865510991 0.0463996944293314
-0.17420665141704 0.0428330558665217 0.309186004005309 -0.136403764581652
-0.155383616963445 0.114653422577987 0.256677167731887 -0.226816417112582
-0.152823321607578 0.101628093247952 0.239990641385475 -0.232989244361448
-0.171716764219927 0.0753157453871502 0.263768163140377 -0.166926326526932
-0.198210030800718 -0.057556058513742 0.259524216137914 -0.0212352164593919
-0.0995789275951958 -0.174628050343628 0.205880952876914 0.103581074101564
0.0360798518654932 -0.206082383374832 0.0980768341382537 0.170781824340652
0.151626802760223 -0.0713372498700298 0.00453515215573105 0.179075570361953
0.141003473352882 0.0624523150206106 0.00340080684737897 0.17047206143361
0.109303268797129 0.132064772635348 0.0801956357967619 0.311273811515621
0.237578235552271 0.300102543740963 0.0979079516893798 0.315743587147168
0.357924830278166 0.0369701938447174 0.0616945339828358 0.0999919956868868
0.181136097311662 -0.266021067295139 -0.00677273855715346 0.16706556941782
-0.145351451654421 -0.313976269560158 0.106795695255456 0.185274505173266
-0.262663993673691 -0.110525081478244 0.231325621413931 0.0780611967630058
-0.268555163971187 0.0598316924379464 0.238200422501705 -0.0892898074089511
-0.236461162907387 0.185177506236571 0.186311128105653 -0.158006786263474
-0.240609145460261 0.185084791095311 0.162369648415467 -0.158385929853463
-0.281277110140886 0.124708844704323 0.160902786907843 -0.136109660865321
-0.318624518781333 -0.0760874899279329 0.17330032358811 -0.0518019655089662
-0.195786964435688 -0.267842216292653 0.161157146907481 0.0319541509920391
0.0414249825455888 -0.368867997638405 0.123571343170691 0.0908102922212493
0.298999576241277 -0.130491310179962 0.0832426289811279 0.134847866793627
0.280793657337948 0.172210862251015 0.0511883431269909 0.13770898677072
0.179349323111053 0.312758945100907 0.0601954637061595 0.209886878121972
0.249326104660023 0.345316169422834 0.0166750417553589 0.203845668196892
0.392385429156914 0.0815633503882595 -0.0169596817645408 0.0388131773223528
0.232399156882554 -0.287942357021744 -0.0664267119843362 0.11711533267631
-0.145083754304433 -0.386535859113309 0.0225735744983644 0.150317363148094
-0.3087310389477 -0.164052352919634 0.119670003010379 0.0939982672973169
-0.323162261412896 0.0408239219803417 0.130945978809215 -0.0300839399368262
-0.282674568600156 0.214819414046579 0.0871018112655471 -0.0696296567218675
-0.290136679087399 0.24175124298276 0.0565266486991533 -0.0616875453939475
-0.342338100817405 0.169480181187686 0.02764899266916 -0.0786797414420371
-0.386616501500155 -0.055969861422806 0.0476491397290001 -0.0672436344907923
-0.279818245857262 -0.291911647779322 0.0715417648130195 -0.0405273944338183
0.00188023037500576 -0.479335196201933 0.100652023379105 -0.012305323324161
0.390996765213307 -0.209709154218372 0.122136220118293 0.0452095820479195
0.407355750918552 0.222582610649003 0.0711276759547922 0.0453614442685975
0.248284486634202 0.441646013813505 0.0249409453834029 0.0396346479745591
0.20363244286278 0.357079192364513 -0.0461504166445863 0.0862696770981286
0.363413652853431 0.151001017094023 -0.0603206116457934 -0.017455177239017
0.273752583714876 -0.23718340501444 -0.0873244776680498 0.0445534235315049
-0.0871721071288021 -0.404053204916328 -0.0440520092092536 0.0727443480366084
-0.290232217878019 -0.219171282155499 -0.00156370450124067 0.0688757003355783
-0.329814365278179 -0.00749831882304937 0.00487614908989348 0.011987384665241
-0.289461680649159 0.198431993621315 -0.0260311095211322 0.0165032049387137
-0.295004881947953 0.264254724945314 -0.0551335926895533 0.044240838829602
-0.34768941869787 0.197016367327282 -0.109111603502608 0.00231285446189422
-0.388494519965041 -0.0122674829361509 -0.0865845288260843 -0.0526468271550575
-0.320215213938591 -0.24736156030288 -0.0386339126937527 -0.0797009098179022
-0.0659049278422134 -0.496690039593542 0.0306006614623955 -0.0907538696671977
0.389779281669297 -0.274429816780713 0.0973553145059797 -0.049551110941507
0.46767550081751 0.197026462060802 0.0379875479944586 -0.0797575337810784
0.294824079561336 0.484950165369671 -0.0369002650750703 -0.167086410742077
0.125996751557446 0.331988084607126 -0.0807300831835697 -0.0341037291740427
0.297325880728697 0.205571640166963 -0.0731288482004086 -0.0571004463387368
0.28359424760876 -0.153656234833408 -0.0518033950604051 -0.0254069369291017
-0.0168394336264161 -0.361062726429705 -0.0557957335497218 -0.0335072466610388
-0.227659757595225 -0.236050842012489 -0.0981276079861848 -0.00547986019337399
-0.284427596379925 -0.0536687023765446 -0.118399304564148 0.0171799864953786
-0.249950357408623 0.147826193968372 -0.135209729801935 0.0816900694449961
-0.250256267227579 0.245361110740573 -0.152910570063434 0.141735461225198
-0.297840324131151 0.197819675093159 -0.222542673272062 0.0960596737477473
-0.32559706205834 0.033498937050707 -0.203239295385164 -0.0070643628226019
-0.303573660693106 -0.157565532794768 -0.139353064575907 -0.0766817353881942
-0.12649679030045 -0.417506106358125 -0.0570436625402508 -0.118997498072925
0.300457336397484 -0.292427672542873 0.0285059734506259 -0.113744999573512
0.427108539052646 0.115706993297592 -0.0338519208573958 -0.190439622676615
0.295187704420369 0.425264057636641 -0.118700683898781 -0.354593340144125
0.041306263412048 0.27604206674872 -0.0932358349105852 -0.150740502797684
0.211724930820029 0.21904441168746 -0.0689707689954334 -0.0816263109354545
0.244822421171959 -0.0763222383132172 0.0160721120988129 -0.0767978188207217
0.0221503177324757 -0.267469145266547 -0.0263041989793867 -0.134033222488876
-0.147602642877564 -0.196194109306654 -0.154621754578362 -0.0981085402721809
-0.197616804992888 -0.0709501288717809 -0.215633812102197 -0.00456024848872189
-0.171468567133458 0.0832365057244868 -0.221279195936834 0.120971186503105
-0.167886446443498 0.186141590889171 -0.223671501518857 0.214974117364276
-0.208397263520181 0.162387148514031 -0.296711698779712 0.181994421087902
-0.223037299073311 0.0564447606156985 -0.285583680286516 0.050532495774287
-0.234842606371861 -0.0683337799417895 -0.215790406337769 -0.0491583128499074
-0.143169580767173 -0.283421674992084 -0.13260619715582 -0.115386764590431
0.175248575791557 -0.247491431870317 -0.0437827344917938 -0.148374147109855
0.300630813433261 0.0301590621590593 -0.103410018956936 -0.255494172793818
0.234802314771176 0.292575395810861 -0.193429695167606 -0.477882324025633
-0.0752059267281665 -0.0838640804004202 0.217386022284442 0.464089402423139
-0.138211099479022 -6.44540830793334E-05 0.239488042570286 0.234034353304575
-0.0470101233124135 0.144305156688439 0.111813030291122 0.151663214457388
0.11910476394302 0.110260203420181 0.178253579496306 0.163463966653697
0.118017264361517 0.00193818988676933 0.315058434783151 0.0431753048384695
0.0764662668698206 -0.0391190956915329 0.345224066205848 -0.116543582474667
0.0527948405158502 -0.0785354896922821 0.293064774061341 -0.242218084542422
0.0620014282682292 -0.0997634179026484 0.26489765151659 -0.276992807850498
0.104762129565661 -0.0416918804403462 0.312446966484174 -0.183451012260542
0.0953451705896156 0.031820073234943 0.285398406624078 -0.00431476272967363
0.066572440723077 0.0817462450243234 0.189808992227226 0.123772817833898
-0.0327294635921482 0.124791814043758 0.0404337329392913 0.171256454093066
-0.138603426552662 0.00935163457671812 -0.0762532492583284 0.149510582136911
-0.0963493511525536 -0.152444024581722 -0.0198488825465398 0.142991536971755
-0.0417795056718419 -0.207416654915289 0.132354716446342 0.30984717634096
0.0542649601107262 0.0766711583033396 0.224911505273241 0.465462245382967
0.0668227560543898 0.014443519102861 0.22482908657355 0.208237105811362
0.0421471036112939 -0.0111991794175335 0.111636822176056 0.172382821170073
0.0206425812129892 -0.0463655030895752 0.200522519684025 0.16824008810507
-0.0236073788460985 -0.0360787143297228 0.332300723227729 0.0275538537404348
-0.0556128999416873 0.00222610145991381 0.34507922222073 -0.151479962423869
-0.0558421789955269 0.0200005477819279 0.292317649660046 -0.263165901702221
-0.0478400406157592 0.00320329371289954 0.274694597532512 -0.279494839987318
-0.035956483491661 0.0209454388844423 0.317800883442536 -0.186403845524421
-0.0540574186830845 -0.0136304131474554 0.301001983937102 -0.00416338120170437
-0.0139572685161756 -0.0481979390863459 0.21460676239863 0.140023278892479
0.00138388445791784 -0.0369012332405013 0.060116091980626 0.200132995366648
-0.00129416643470726 -0.0320413835461527 -0.0610966215518067 0.178791570869649
0.0166897165971296 -0.0580416807495236 -0.0260138320471457 0.161345396107196
0.0387493092990646 -0.0535551673771847 0.107884761043011 0.340497058865481
0.171875234281214 0.209612847634029 0.181279638644801 0.409263861029029
0.24668741805483 0.0156690583554112 0.157027070946261 0.159126076355371
0.116147879809144 -0.167260814009426 0.0658206687876453 0.1840330904674
-0.0852817831676879 -0.194516091983231 0.178202444842922 0.18472223299407
-0.162935836210397 -0.0661202968975096 0.309569580928179 0.0430451410045733
-0.176188015629259 0.0466015837336281 0.312041420254265 -0.143140428879481
-0.155702234075587 0.119503935251584 0.257498732782711 -0.234454217230072
-0.153493371456381 0.105857751940724 0.238923150408122 -0.240212044495516
-0.173523834060496 0.0789717948032991 0.26455318531859 -0.174491293254409
-0.202114793420352 -0.0557737190342257 0.263581876342776 -0.0261119002588269
-0.103956368588703 -0.176277989109869 0.210331328616306 0.102129778769524
0.0336872718064627 -0.210137305597148 0.102341938657143 0.171947109076392
0.153821320377266 -0.0744046855450559 0.00656720898352501 0.182058590028648
0.144636588050378 0.0614058085378482 0.00602935932913527 0.173063047302447
0.113259588920683 0.132914687380147 0.0865146100913734 0.314041223669652
0.245607265311724 0.300660107387829 0.10448884245987 0.318875370492223
0.364137700393882 0.0319980573976413 0.0646135442192999 0.0991323192322378
0.178931684358655 -0.272772880421998 -0.00428661175410051 0.169126796669118
-0.152864621323085 -0.315935585399533 0.11091716645839 0.186693544140337
-0.268751500395385 -0.107788467985797 0.237526905618157 0.0761186817960947
-0.27217447298591 0.064960850317935 0.240317399664546 -0.094432558821209
-0.237688561067013 0.191986181042021 0.187145372329248 -0.163390212931293
-0.241490025413074 0.191705294085371 0.161833335422465 -0.164310015997075
-0.283806487332934 0.1320950994651 0.160737122093293 -0.140915003588224
-0.325696010718527 -0.0718220770309411 0.175337554794822 -0.0556454662273796
-0.201806614047605 -0.269487971705659 0.164139746235105 0.0294271929171834
0.0363288127710872 -0.374997444873385 0.127328398229034 0.0906522855117866
0.301982880397661 -0.13686118200368 0.0866748492879934 0.135366055139036
0.287686150242076 0.170715889825534 0.0543411502307299 0.139341198954095
0.187277592716193 0.315290894089768 0.0640702318458843 0.212034922014193
0.258478526056766 0.346261386800579 0.020925346490529 0.206665953763579
0.400172596604084 0.0767191808505245 -0.0162804002902757 0.0384827772565789
0.230530410303892 -0.296078844711749 -0.0657376023887384 0.119575338084859
-0.154697004495022 -0.389905069305634 0.0247203684183956 0.152592905590702
-0.31633595840587 -0.162017382866555 0.123987569830079 0.0939569989682255
-0.328367541706851 0.0473489012221747 0.131850804012768 -0.0331811467372948
-0.284131088028314 0.222852478070998 0.0871231688834085 -0.0718699326031099
-0.290559716416067 0.250716162626804 0.0567238836132201 -0.0631988252228252
-0.344606956786059 0.177172372260449 0.0266695721879022 -0.0801428456948366
-0.394640325007638 -0.0509831147559055 0.0476446606461933 -0.0692177529192962
-0.288443112494614 -0.293084413223328 0.0721958397057025 -0.0431541680286414
-0.00695319177946351 -0.487035040419536 0.102348162079454 -0.0139760950975002
0.393978441921893 -0.219066795329153 0.124985849057626 0.043986659308407
0.417897392182568 0.220074247845565 0.0729743864683089 0.0456719006060254
0.259194692960412 0.444724116975086 0.0257189767082584 0.040621678626388
0.212337317527703 0.360230558255566 -0.0450304214370604 0.0882524523972464
0.372022815700034 0.147393405541121 -0.0617225190377949 -0.0178334892650488
0.274239447891447 -0.245210099443446 -0.0879630272003658 0.0461734264357831
-0.0950491634812984 -0.408755789508758 -0.0434876744810269 0.074404782628119
-0.299202478692689 -0.218379627306671 -0.000561714270500201 0.0700581213453401
-0.335378261020195 -0.00255694597955398 0.00474445624680781 0.0117973097476856
-0.291478352912156 0.206091836327637 -0.0262558436773642 0.0170353350948912
-0.294856559808883 0.273258828544493 -0.054866144229678 0.0455389635668324
-0.349969865393591 0.205481284847512 -0.110869973384379 0.00463613146801251
-0.395373242440885 -0.00716808434144474 -0.0892542648352518 -0.0525609952555049
-0.331195398805613 -0.245741727693955 -0.040024938889988 -0.081392260241128
-0.0753336712697018 -0.502887714756432 0.0302325404768785 -0.0925487226079049
0.391724398464172 -0.285474532389555 0.0980028394758128 -0.0516487069345649
0.47823544002733 0.194239417534323 0.0376762809473145 -0.0812568024824303
0.307247502863841 0.486984270579865 -0.0404220172379547 -0.167896309478582
0.133020800559764 0.3356527659892 -0.0820258106433837 -0.0333009742003354
0.30647720926507 0.204626994150802 -0.074884330892886 -0.0574963410524244
0.284798664182216 -0.161525396482961 -0.0527386355394463 -0.0251287643500525
-0.0236114634187905 -0.366050480541751 -0.0570492921402918 -0.0327834958169029
-0.236092807806122 -0.235903931113319 -0.0986737002234305 -0.00426105982468485
-0.290981190364461 -0.0498728195012271 -0.120293280521113 0.0190632366052405
-0.251452397150742 0.153704487979631 -0.135671405357036 0.0850763570798705
-0.249228861075992 0.252928968180601 -0.151941217417181 0.146557803069325
-0.298879726113749 0.205874510189454 -0.224687446949696 0.101774791858199
-0.330131923971587 0.0393174597472103 -0.207058606753091 -0.00423864637127446
-0.310779744089435 -0.15497470935431 -0.142235171184851 -0.0768836071582451
-0.135429777529935 -0.421369932858699 -0.058928649121501 -0.12047497820216
0.300155440094371 -0.301521465587523 0.0277801130060835 -0.116365618734853
0.435744597978617 0.110596498839564 -0.0378860369078458 -0.191684074262002
0.306945060009466 0.427502105293551 -0.12724218155173 -0.357456396996825
0.0462969841648654 0.28026411707881 -0.096662596567474 -0.151594979138994
0.220180824569495 0.218683468426239 -0.0713646357854221 -0.0817376504287134
0.247255419263961 -0.0823266482669542 0.015433262818567 -0.0783152721634619
0.0173104093707041 -0.27182595017817 -0.0287348665484516 -0.135564136929744
-0.154392893284972 -0.196772064290818 -0.157813291745703 -0.0972639378888501
-0.202515256822482 -0.0688633190911455 -0.219615182027874 -0.00121851366203173
-0.172742620240323 0.0862921236373756 -0.222824199224896 0.125805052506843
-0.166219282928976 0.19108538951363 -0.223097124429562 0.221532222411905
-0.20833565864944 0.168232937306131 -0.298523025010694 0.1906086218666
-0.22532984955423 0.0604379375724176 -0.290174592056213 0.0566212214608311
-0.238234166126873 -0.0670177964510566 -0.219669182123037 -0.0477532657162694
-0.150142997463351 -0.285312405776824 -0.135621789853926 -0.115630961387158
0.173999999432583 -0.253905894631366 -0.0460605778432816 -0.150420115677657
0.305789995886089 0.0272085968937397 -0.108225989512949 -0.257028066120934
0.243051059974494 0.294090132586304 -0.205135838178429 -0.481570047570949
-0.0773399588506193 -0.0844985153697996 0.228721068212718 0.467471411089688
-0.141111116141831 0.00228532948321166 0.247272933213367 0.232262244025737
-0.0451076923111594 0.148360139044335 0.115609112860019 0.152362273908361
0.122610397658972 0.109757350546582 0.183663060164972 0.164029797633052
0.120755281514662 -6.05139889032487E-05 0.321135545095652 0.038801258720757
0.0773139397542244 -0.0408583358131013 0.349400490097966 -0.123623581936878
0.052346127806597 -0.0806814004464506 0.294245647906522 -0.25108505611591
0.0605409279603306 -0.102161082761381 0.263188012457537 -0.286050214536331
0.105521660114021 -0.0452720224385817 0.314890386488842 -0.192243435419557
0.0975700112620603 0.0299873535005233 0.290327229033633 -0.00973974457274625
0.0685986091284601 0.0817104919527438 0.194835708531785 0.1230243755643
-0.030621702888116 0.127736280429908 0.0437044646030191 0.1735576986406
-0.140764871631669 0.0124308208765423 -0.0752466418096729 0.153020083808216
-0.100285253581007 -0.153634458201364 -0.0176226807438817 0.14585157813041
-0.045743716465133 -0.210112209976234 0.140533839231914 0.312414483563322
0.0568506797597162 0.0765723781099581 0.23638193098411 0.46957990096869
0.0675743289520278 0.0130296473551757 0.232668016547677 0.206863460908577
0.0425123147818863 -0.0115709922179841 0.115951232824365 0.173134599452016
0.0206662856993459 -0.046706406096745 0.206316436549658 0.168048934963699
-0.0240391702845009 -0.0367688721277503 0.336809725159703 0.0233765268844459
-0.0561690008506552 0.00348736781564714 0.34895842738223 -0.160122171889739
-0.0567176313143419 0.0223841934150061 0.29301933254721 -0.272058883813703
-0.0490660666601466 0.00461549012616091 0.273637259596819 -0.289161077592017
-0.036716387695353 0.0217728904998665 0.319261023419248 -0.19502344551002
-0.0559269925031755 -0.0127179076219157 0.306349278281677 -0.00846012739060644
-0.0148444794629348 -0.0493820843430922 0.219490907340488 0.13946846780946
0.00117562281840875 -0.0377014315891261 0.0642158429648031 0.203100983940831
-0.00170952635859901 -0.0319035476985142 -0.0587808515140791 0.183454833588726
0.0158811005595691 -0.0591704761569805 -0.0231395913907822 0.164691223520481
0.0382330452554394 -0.0550679713036588 0.115938098326445 0.34416071996366
0.178402375825392 0.209974775765531 0.191543445995402 0.413547252866665
0.250857551477301 0.0112927317340314 0.162049400730108 0.157857917356979
0.114967400656363 -0.171652730416991 0.0693565196587156 0.185797489107286
-0.0902137110026003 -0.195803540277492 0.18416738031271 0.184907926112223
-0.166989748355823 -0.0650011906973463 0.315938166009661 0.0384111055492428
-0.17863543889638 0.0510459881913975 0.315352012516999 -0.150915326546698
-0.157565692005472 0.124501914994986 0.257247665548221 -0.242658889522528
-0.154849970014291 0.110052443019093 0.238527742096454 -0.248260703946748
-0.175864301998088 0.0831218775276522 0.26586603970969 -0.181797331895115
-0.207354845088928 -0.0528339042644992 0.268072581901454 -0.0312444348689395
-0.108420649773141 -0.178361340718293 0.215461442042898 0.100493128703779
0.0306723104007935 -0.214331182869329 0.106764921606322 0.173412976340732
0.155445969696257 -0.078156382621205 0.0100279315149703 0.185452524459038
0.148378321079081 0.0605413686867513 0.00920618684072555 0.176159897331833
0.117199786681988 0.13282066022172 0.0929836169512453 0.318024881059066
0.254630527529556 0.301589493319055 0.111610572604262 0.322973331207435
0.371298046506238 0.02652736390326 0.0674506899764463 0.0982862821324398
0.177194282315543 -0.27986119053172 -0.00160793177449474 0.171805493962738
-0.161330426822424 -0.318686611831329 0.115163171205018 0.188777434213119
-0.275765411526663 -0.105151713718589 0.243253871938098 0.0737945477018185
-0.276376533177853 0.0711007449728132 0.24303684348538 -0.100308990428034
-0.238609715283349 0.200161922443841 0.187280123196078 -0.169192425431918
-0.242915733818679 0.198988665051777 0.161278376086967 -0.16933296083757
-0.286891082693977 0.139020175701525 0.160699010589895 -0.145462860171071
-0.333393894218831 -0.0679106488772698 0.177661347315953 -0.0600039082832198
-0.211140037179144 -0.270772263887761 0.167769199640425 0.0272172798047031
0.0301976752031463 -0.381854354313648 0.131020374842062 0.0903191956977006
0.305677643717465 -0.144193410609343 0.0902919869149051 0.136410297330894
0.296037005046977 0.169405120758935 0.0574433820096714 0.141535298819246
0.19528206032422 0.316659112541021 0.069175307786066 0.214742565416711
0.26754410053005 0.347897065578275 0.0254770855306444 0.210469350069126
0.408578963725292 0.0703661725684442 -0.0156351241942583 0.0383904088228111
0.229024300139933 -0.303886205238458 -0.0648132231016738 0.122373094072034
-0.1642277383056 -0.393019820326554 0.0274346892262734 0.155021438459966
-0.324958696145427 -0.159087330870861 0.128563837230472 0.0930160864136671
-0.333607284007599 0.0529398285472609 0.134123927772321 -0.0357767982376344
-0.285455644653644 0.231873182330301 0.0876220470370944 -0.0745559760182949
-0.290765953340462 0.259544444448017 0.0567347693345466 -0.065203518035547
-0.348185475864062 0.186148446688638 0.0251735169159377 -0.0815560465744622
-0.403698531238014 -0.0447646696465916 0.0474799942623596 -0.0718054174622862
-0.298988227866477 -0.293569787922553 0.0726889601521949 -0.0454946885138713
-0.0152136766552595 -0.49472631079441 0.104569147174584 -0.0160254888374273
0.397607411345791 -0.229507840933484 0.128122394456054 0.042759199381261
0.42882291157059 0.217513769179131 0.0749094961896417 0.0456350772975314
0.270539318373017 0.447433977481102 0.0262242331915565 0.0412628687763989
0.22093475437028 0.362826110458385 -0.0437317303183618 0.0905514311569479
0.381762967841639 0.143795120880132 -0.0623761392405833 -0.0176222151576123
0.274142648210542 -0.254144452149947 -0.0883156328739176 0.0482715964005842
-0.105501364571956 -0.413975154389503 -0.0431703376557829 0.0764892991298028
-0.308549249179757 -0.217546195360217 0.00227603586307458 0.0717514446700448
-0.342311883035118 0.00352666591363286 0.00493863660907879 0.0114612203317924
-0.293181343373008 0.214002874080446 -0.0263448205403903 0.0178109585319225
-0.29527945241384 0.281531054192422 -0.0546806033842612 0.0478534323192113
-0.352493495410217 0.215718120646986 -0.113269751973855 0.00702498037121323
-0.402768673871418 -0.000635788397584745 -0.0917928966562557 -0.052062795077388
-0.34052435240925 -0.245213845934359 -0.0420528703081743 -0.0828532321164314
-0.0854685571995436 -0.510395681244651 0.0304016232049877 -0.0947133738751744
0.393385339190672 -0.296510776976218 0.0991708638673005 -0.053974228029706
0.490914440573235 0.190354067253699 0.0367982197168725 -0.0826480135466509
0.319421937888357 0.49086189345102 -0.0442837715520443 -0.169055741225037
0.140393753139054 0.339914133238138 -0.0828067582898792 -0.0323050427581149
0.315871182850537 0.20210355910372 -0.0767486489356497 -0.0577686167330174
0.286413070640708 -0.168929163480602 -0.0536097608665711 -0.0247623057847824
-0.0310616946054243 -0.371529868846185 -0.0590467251822092 -0.0320817881337522
-0.24544335795529 -0.236167187126821 -0.099130359115331 -0.00245097386540531
-0.297445021477189 -0.0458818153298733 -0.122371650567018 0.0203974282851042
-0.252955801535672 0.160852443567764 -0.136718253452191 0.0885263680999793
-0.24892104935331 0.261506201548638 -0.151508789791422 0.151458651266587
-0.299545169419693 0.214824195244053 -0.226760936984567 0.107763030686255
-0.335883474626873 0.0449364952001942 -0.210827178386081 -0.00179641004341
-0.318405968941229 -0.153298495297727 -0.146152907017393 -0.0768198312792125
-0.145733985482886 -0.426653298710781 -0.0604651990600488 -0.121781358388842
0.300282333010497 -0.311658049379784 0.0271863589771094 -0.11908380783213
0.444605770143142 0.105527255216139 -0.041390682005486 -0.193469053783856
0.318823001509603 0.429170658425802 -0.135386179819117 -0.359642218464718
0.0510626891137246 0.284845670982053 -0.099929283743145 -0.152792999357593
0.228492276542991 0.218988805445726 -0.0736050523702457 -0.0824877070740088
0.249807240369397 -0.0879847864562383 0.0148878865755612 -0.0796441579610562
0.0121227693244558 -0.276486984099474 -0.0315533318367369 -0.137134392589124
-0.16073482046427 -0.197722559605379 -0.161059722498789 -0.0960864321242275
-0.20787678848861 -0.0663684023513516 -0.223110092304957 0.00212438340993868
-0.174471644485649 0.0907521273795096 -0.223755823474045 0.132095524836469
-0.165410708435583 0.196828877280025 -0.221942774528878 0.22905238964614
-0.208932369370169 0.17481620814167 -0.300117257191202 0.19900976326098
-0.228688459576087 0.0652821859611177 -0.294478128424681 0.0621110124177291
-0.245887814727729 -0.0614924738795414 -0.223840277616743 -0.0459637469399403
-0.158267588319084 -0.286638945863103 -0.138100014459629 -0.115991861190649
0.172578346649968 -0.261422062122284 -0.0485111611448745 -0.15222190514707
0.311759049570293 0.0221612183414271 -0.115226204766518 -0.258760757277887
0.25159461574914 0.294863064817021 -0.217172248002468 -0.484235894511549
-0.0803675720355885 -0.0854343675537006 0.241076365400834 0.470932285958127
-0.144744914448013 0.00484541696641471 0.254865045350844 0.230769414260609
-0.0427947777039317 0.152093207943312 0.119088558918217 0.153175839189103
0.127770730160814 0.109247017902021 0.188951864428515 0.164246695472143
0.12303960793346 -0.00232514039333362 0.32653564877723 0.0345823613840987
0.0783151195800128 -0.0432549503493148 0.354638282694642 -0.132632543284384
0.0518972281192631 -0.0821657501065002 0.294853665337685 -0.259799994118725
0.0586996545873867 -0.10447901720768 0.262083722914901 -0.296100246173877
0.106286884973676 -0.0480656103593239 0.31628766816969 -0.202009933682592
0.0999434555648638 0.0288973450854636 0.295794434460802 -0.0151692988104784
0.0717273133656552 0.0812226248729074 0.200507709227169 0.122118121503389
-0.0280055099344457 0.129778191864069 0.0468582209253712 0.175841294613878
-0.143191915648707 0.0156458485616562 -0.0728920750463456 0.157336217475071
-0.105088735638902 -0.154460624595418 -0.0143730253647936 0.149265349518935
-0.0507149982086308 -0.212616053106588 0.149231324346548 0.314245714099094
0.0590634657542542 0.0758436389146677 0.249314778764207 0.473762249952941
0.0685238657343042 0.0120905827462773 0.240477530297072 0.204904601892609
0.0432876537271857 -0.0120742629384449 0.120883178931334 0.173664394938835
0.0202384653133957 -0.0484103784460443 0.212914480168459 0.167847836401247
-0.0253102849688325 -0.0367213796968463 0.345662302339785 0.0140929484234033
-0.0567598139188237 0.00505769041688351 0.352444186066625 -0.168767858500669
-0.0580274304783381 0.0242625941955906 0.292405948738309 -0.282730493447563
-0.050706655247808 0.00602150655988708 0.272643913444205 -0.299738288878177
-0.0371111003282732 0.0225520309340958 0.321220033006273 -0.204914609010455
-0.0573197292135292 -0.0124487372786215 0.311781802929419 -0.0151060963757272
-0.0158535371768763 -0.0507288871126953 0.226373706408014 0.137632508803593
0.00108818060856531 -0.039000570611701 0.0692222103486834 0.205569539393441
-0.00233562987115372 -0.032001209226503 -0.0567189232159423 0.187617855189203
0.0149926103706459 -0.0601486401665667 -0.0203809004190244 0.168315282906335
0.0377097013902281 -0.0564262413764287 0.125131820833022 0.347544780349225
0.184761914102355 0.2090811316186 0.203220559444675 0.416933616487367
0.255775611484488 0.00628346575532976 0.167697906865781 0.156041748890837
0.113289266491321 -0.176122408011178 0.073734528442304 0.187379947601574
-0.0958361513959542 -0.197158522389773 0.18942473584285 0.185426711584496
-0.171101114162189 -0.0623733642340616 0.323375058292009 0.0339482901175547
-0.180999948549752 0.05530712339912 0.318189074491756 -0.159659220395458
-0.157911411792792 0.130115841997035 0.256520508217448 -0.251719585434385
-0.156593857301171 0.115502992252878 0.237447533386546 -0.257225775644572
-0.177111932416609 0.0881736828037322 0.266347545080933 -0.189810849340141
-0.212322243585075 -0.0496924644955558 0.27250433241931 -0.0369639836210427
-0.1138796558843 -0.179864138787726 0.221125053217526 0.0977482674689755
0.0273138757134922 -0.218678975719155 0.112370451342085 0.174742402485873
0.157160642746772 -0.0822122337704223 0.0135923835713385 0.188780923368247
0.152212313671854 0.0595063199936494 0.0129779447615504 0.179449770054291
0.121653624917534 0.133393315456822 0.101301088370806 0.321192279700627
0.264841402424078 0.302034173098309 0.119892138368997 0.327193171393163
0.37883303549381 0.0190206583766799 0.0705086943157846 0.0980999488420072
0.174507578219227 -0.288084824123866 0.00115691543222859 0.174189203193701
-0.171244989648165 -0.320610479708952 0.120354935179888 0.190498942580738
-0.282962573914863 -0.101778260823126 0.247898505395742 0.071509213685957
-0.28012903942665 0.0778811296500585 0.245427773988912 -0.106605417242842
-0.238725007133454 0.208902922673622 0.187850329390263 -0.17595547047263
-0.243110014735485 0.20827819355982 0.160278868723028 -0.175988359155849
-0.289577767769781 0.146841653703505 0.160308000659023 -0.151608634331357
-0.341036871513027 -0.0622082097052673 0.179662529797878 -0.0651312515133393
-0.220085199529289 -0.272021049346507 0.171136734939836 0.0240642478247476
0.0233478297566816 -0.389076206777604 0.135573462245229 0.0890827696020198
0.308072817058251 -0.15252301403716 0.0941513677807742 0.137664717795735
0.305200990754667 0.16750423569719 0.061253400940935 0.143273601270174
0.204279403535519 0.318339178237659 0.0739854850344975 0.217475267963456
0.278333984035587 0.348874729032033 0.0304635842816521 0.21424658994262
0.418729911813838 0.0640753371858156 -0.0149440740073054 0.0381735857865639
0.226786922844435 -0.314211821600676 -0.0635984601246943 0.125627853205949
-0.175141278792671 -0.396225460981931 0.0306153384502498 0.157072823130011
-0.334912967608776 -0.156142673339068 0.13411867897467 0.0919809941995904
-0.339256278498723 0.0612235864468504 0.135149473445035 -0.0396843150504788
-0.285392625811904 0.242429507083515 0.0873930287801587 -0.0774914504402244
-0.290741948688306 0.271461030756345 0.0561399369710722 -0.0677146232137462
-0.350538516818733 0.197817364718965 0.0236235855032602 -0.0832859908213892
-0.41164067944537 -0.0375499181248956 0.0465517764038342 -0.0744688603460189
-0.310406529428242 -0.292777350490372 0.0729172080339431 -0.0483577235852637
-0.0254832238095304 -0.503350452251309 0.107191708877249 -0.0179135327786767
0.400012547806225 -0.241073949007536 0.131197440035127 0.0409717865121628
0.440995020405548 0.213771523258205 0.0774434532377812 0.0460007614493557
0.284286537491289 0.450151856318398 0.0270069196612069 0.0420670870196082
0.231340514588283 0.364918606698438 -0.0418459625794109 0.0935332771805836
0.392280086546447 0.13938651464898 -0.0636492810111949 -0.0180203936374724
0.274300496060333 -0.263162388198401 -0.0887048156289049 0.0500949898370616
-0.114644778965175 -0.418565444386035 -0.0424040773640193 0.0791027548918254
-0.319745050237409 -0.215030245636082 0.00575031360910051 0.0716969626024582
-0.349441788169001 0.00979951947791527 0.00471838458696981 0.0112763922898667
-0.293917806276525 0.223747541333366 -0.0264923123705651 0.0185646040160374
-0.29398352014735 0.293249831007553 -0.0545323751492455 0.0490975912407356
-0.353703459631186 0.226970026253765 -0.11535915232803 0.00975432267715075
-0.411239489749101 0.00836282263813946 -0.0943940681479848 -0.0521955440588987
-0.349517210714732 -0.243772397744631 -0.0448249234125838 -0.0842075058961548
-0.0966256535485467 -0.516358493300053 0.0294394120014664 -0.0972539594197002
0.395154611610299 -0.308226016873636 0.100349973937178 -0.0575436096919607
0.503001173059769 0.184123938428014 0.0361552251520643 -0.0838547923833417
0.334023167577546 0.492514794470428 -0.0489942189754317 -0.169964229614638
0.148811708850555 0.343646275964255 -0.0841912579247453 -0.0315554543145097
0.326133181672415 0.200658413913627 -0.0791268649564514 -0.0580993205452793
0.287974331270856 -0.177540332996246 -0.0547212455955108 -0.0241997428967648
-0.0395449556536566 -0.376993684111467 -0.0602583379564399 -0.0314594025474067
-0.255555132123922 -0.235696371377653 -0.0997538362964884 -0.00112978246999245
-0.304013695149734 -0.0407792030339909 -0.124329031558241 0.0231986251061828
-0.255025894024296 0.168428384764236 -0.137259861241447 0.0924688116995198
-0.247143454820872 0.271458637305305 -0.15081329073012 0.157110970760104
-0.301115296600191 0.225136710866375 -0.229300733185498 0.114326865561334
-0.341261034464008 0.0528059211862952 -0.214940615872626 0.0027311144571181
-0.327117878998185 -0.150230240956348 -0.149949892630961 -0.0761773513222762
-0.156467533612118 -0.430533526175685 -0.0629711393920352 -0.122829604050707
0.299751356748083 -0.322636378564263 0.0260243527818049 -0.122049839243388
0.454968286152803 0.0992733785875725 -0.0457217140978799 -0.195548526749493
0.332046826475757 0.430526906221201 -0.146121565142474 -0.361879677425688
0.0575042522994891 0.289568348159474 -0.104256824208443 -0.153788124887155
0.238503397101763 0.218236186734282 -0.0767762147669828 -0.0826007181019455
0.252526991256822 -0.0952536900642152 0.0140453880032094 -0.0814042953624629
0.00622554014433822 -0.280778032635582 -0.0342830634821714 -0.138405982111446
-0.168589194246204 -0.198000289417597 -0.163753352761853 -0.0950845429647734
-0.214036780622924 -0.0634123691940389 -0.227364569453909 0.00586635788336661
-0.175884062365376 0.0955989763273332 -0.225562132030528 0.138033395580877
-0.163156498175841 0.204424840752673 -0.220886670996353 0.236933258325616
-0.20861261580845 0.182738104402388 -0.301439348596031 0.209042800263052
-0.231592059637419 0.0707295300189766 -0.29919629702451 0.0685944937965549
-0.249638755037563 -0.0597325619701722 -0.228451026015211 -0.0439017429573029
-0.167110169419339 -0.289059718505738 -0.14180795070478 -0.116003761231228
0.16987178706957 -0.269494447518452 -0.0513278528108157 -0.154096079857599
0.31774130325676 0.0173404889138897 -0.121589115019432 -0.260973692805462
0.260328354774091 0.295320012652023 -0.230686688492188 -0.486591982118658
-0.0831332471942758 -0.0861656309833244 0.256908673029557 0.475362513667915
-0.14818711387182 0.00815684522881663 0.263497308633329 0.229125425175008
-0.0411808719188975 0.156127850443359 0.123727630932149 0.15348264609712
0.133102756260945 0.10857517954774 0.195419226914462 0.16380766436231
0.125781794505891 -0.00485636829928292 0.333353438790468 0.0292628123151754
0.0792909127869825 -0.0451833557329191 0.358907631943925 -0.141132932077713
0.0508564830617484 -0.0845216801487793 0.295128402872646 -0.271187322409096
0.0565334017591984 -0.108046327790382 0.260301434512399 -0.306240458491147
0.106760057664141 -0.0515958789579075 0.317839060687257 -0.212619870471596
0.102891547954647 0.0270084863660721 0.301202507418985 -0.0221592422578363
0.0746894563033231 0.0808703869862284 0.206225653861814 0.120790879248149
-0.0260058228641072 0.132832633147479 0.0514198687843029 0.178523125803369
-0.145468057227391 0.0191602966079728 -0.0709784989847031 0.162211904586938
-0.110796747577609 -0.155085716362342 -0.0111095971119762 0.152356924754815
-0.0557205490489074 -0.215333726416086 0.158499206918841 0.317106173324722
0.0615660562197567 0.0756656826827779 0.263610459048545 0.476922198269518
0.0692898296074633 0.0107827734173895 0.248286604863432 0.203036404018195
0.0434553203437378 -0.0127257406164939 0.125543061032429 0.174342685030291
0.019825342992094 -0.0490523986027177 0.218635107421185 0.167629390669702
-0.0258668280466581 -0.0371405975504449 0.350278124148091 0.0109396354955526
-0.05720642393578 0.00669792401529997 0.355682032086675 -0.17931723059282
-0.0587392700920072 0.0261872821010874 0.291798556088901 -0.292773993777417
-0.0524509885849948 0.00727220287788073 0.270783383842322 -0.311274401195837
-0.0370374836951583 0.0234341057646326 0.322471648876349 -0.215189951325362
-0.0588336220868868 -0.0114134516875614 0.317602626276579 -0.0218689392336469
-0.0171945944062698 -0.0518150027281575 0.232850126309198 0.135545143416034
0.000340960004685659 -0.0394934154833618 0.0742738419037789 0.207750751934121
-0.00295043383701848 -0.032611206428099 -0.0542934171570399 0.192484150064583
0.0141783607763762 -0.0615021815939631 -0.0171079975705962 0.171775472631912
0.0372067790991549 -0.0582911903321711 0.134865238533831 0.350494760089844
0.192774642244906 0.209073151865548 0.215996120776537 0.420646511166012
0.260157379989115 0.00125211325829811 0.174500071041878 0.154634568601043
0.111309480094359 -0.18099016301723 0.0790427653399666 0.189246351590768
-0.102088047825274 -0.198601016733946 0.196690251895137 0.185516947872377
-0.175673434175259 -0.0601441947989285 0.330071554052309 0.0275031808459688
-0.183041719318046 0.0609293431179212 0.320355466186023 -0.168843005063112
-0.157958418000065 0.136675575562477 0.255858729512513 -0.262087059164959
-0.15708481192298 0.120985327321902 0.236081383058314 -0.26748883363449
-0.178505011350372 0.0938705515647825 0.266429443093997 -0.19910569964443
-0.218054699721424 -0.0465220518843915 0.277062131715319 -0.0442140359047515
-0.120075281575862 -0.181649795349634 0.227488864401557 0.0952852927587848
0.0230920550395873 -0.223003614277772 0.117947795225546 0.17560997818775
0.158762599677065 -0.0867430738026226 0.0179410749084774 0.192242846062919
0.156624588766716 0.0574590281294945 0.0175010153277585 0.182833294894161
0.126613693789952 0.13314899692662 0.109875310613433 0.325114942185668
0.275678427228217 0.302261417085549 0.129782343659633 0.330632533491007
0.385975780693553 0.0122267141749191 0.0742707651786065 0.0970953396234868
0.171751812966132 -0.296447359093887 0.00434846638037986 0.176763024347334
-0.181048857851085 -0.322904230179061 0.125996517772043 0.192254759409308
-0.291539554821195 -0.0975442710427121 0.256987179736945 0.0660720837438217
-0.283588586552252 0.0855550914027108 0.247451865274704 -0.11433073798313
-0.238524628690171 0.217930199867088 0.186717446999579 -0.182634164229581
-0.243219437725775 0.216612011773117 0.159243626281978 -0.18300920405167
-0.291369252403921 0.155942030267048 0.159492100268546 -0.157812441351256
-0.349331708845287 -0.0559440062329173 0.182217552576969 -0.069746571675109
-0.230535222726711 -0.272995713503392 0.174650697244795 0.0209800580727001
0.0154067561125725 -0.397469272071831 0.14076943098704 0.0880719611076151
0.3115489957097 -0.161587708958332 0.0987464508705274 0.138413904156878
0.315024128387812 0.164028864552406 0.0656219277544659 0.145039449822579
0.2141933497287 0.320731033668402 0.0796871738846872 0.220063026942358
0.290540899094373 0.349394810842811 0.0357155710753538 0.216749624894916
0.427773380140131 0.0566168548385122 -0.0144574026491996 0.0385279561959764
0.224654634324434 -0.323384116841633 -0.0623824749713977 0.128695389387479
-0.187257879795143 -0.399743627556146 0.034137620861442 0.159962050327923
-0.345439404197979 -0.151555775451043 0.139115535511713 0.090400131068082
-0.345134322426165 0.0695673691536597 0.136721372738385 -0.0432354049067497
-0.285910760168618 0.253619720850278 0.0871884640270035 -0.0811241126137341
-0.289701981738285 0.282405653692371 0.0556209896599461 -0.0700770472681658
-0.35306783674865 0.208283617572968 0.0216272017146646 -0.0848237683055633
-0.421069216293888 -0.0295368418777162 0.0458365304670645 -0.0772762921710996
-0.322726181712155 -0.292544833201199 0.0734825982705506 -0.0511092831959529
-0.0370064409306921 -0.511508234597151 0.109096908635316 -0.0203010587376323
0.403334998381361 -0.253439676639354 0.134377344831884 0.0390593779122899
0.454211663017978 0.20911685460792 0.0799841264674278 0.0459325719781624
0.297590506025464 0.452518470867544 0.0282066788231696 0.0429636922757358
0.242005484630908 0.367468400968908 -0.040285868620788 0.0958592333966906
0.403064766260137 0.134491594120598 -0.0650322199360012 -0.0177656756392618
0.273112539293827 -0.274203597728253 -0.0891293645124652 0.0526225929611681
-0.127086408650684 -0.42397392924812 -0.0419417584101055 0.0815552043415745
-0.330581272364661 -0.212171199330579 0.00794008739876255 0.072191998417454
-0.356131366507467 0.0176383726327396 0.00474702571198174 0.011022502661017
-0.294965022526157 0.233645416878824 -0.0266280427502801 0.0196153518642732
-0.292364557773739 0.305296475880927 -0.0538102676664295 0.0513850248699937
-0.356237616412763 0.238485609904473 -0.117982757384575 0.0128321851374267
-0.419324237737671 0.0160385608906567 -0.0979201917762548 -0.0512624043877881
-0.362345536749779 -0.240584963500766 -0.0472163921993771 -0.0864244053863484
-0.111354288383015 -0.523418057009116 0.0287637694741722 -0.0992019441917204
0.397213791280948 -0.322416970529565 0.101180521871916 -0.0601227828381721
0.515423195303544 0.177758696835145 0.0353252605660901 -0.085552809677641
0.350407652990787 0.49515972065035 -0.0541070091674954 -0.171467213409094
0.158770410549558 0.347047814262803 -0.0859528549190874 -0.0305961239278714
0.338042496532163 0.197149121902115 -0.0818494369728281 -0.0580476976691987
0.28952171095728 -0.187217904367631 -0.0554652106415829 -0.0234389107686438
-0.0497074643638193 -0.383045044467279 -0.0618601629172458 -0.0306876070424426
-0.265877293761229 -0.234473915266666 -0.100494900079091 0.00121078532918618
-0.311779104367268 -0.0355982351425862 -0.126412507321294 0.0258218300880367
-0.256247761867378 0.176521348991366 -0.137974456896589 0.0971782534848836
-0.244987444879772 0.281341420969947 -0.149400853138482 0.162729461490201
-0.301256285449598 0.23648992555484 -0.230491228677594 0.12201674729716
-0.346876473995844 0.0612651983301747 -0.219500041618138 0.00640285979320482
-0.336841327274427 -0.14581788573325 -0.153860336679257 -0.0762573832609822
-0.169204805961243 -0.43398863718827 -0.0656598897610434 -0.124151101467921
0.298347076373373 -0.334963344679985 0.0243184801889842 -0.124923976406665
0.465442062891979 0.0930651205741581 -0.0501991108105642 -0.197917310496528
0.345676757815662 0.431692393327411 -0.155996667266805 -0.364367124855425
0.0647222965231463 0.294400709026021 -0.10895124804557 -0.154430413346287
0.248283882294141 0.217045291900134 -0.0800087745940095 -0.0822175775543822
0.254796170639097 -0.102842032660907 0.0128101475266441 -0.0830251377357578
-0.000271192201342475 -0.285735889528435 -0.0375563998378593 -0.140702079619057
-0.177300986270734 -0.197307972325599 -0.1693452006953 -0.0929452086085853
-0.220203078525376 -0.0598625293307315 -0.231983395794047 0.01007010288934
-0.177271681626529 0.100530210551954 -0.226577024906597 0.144867590518176
-0.161066574656191 0.21109031387024 -0.219255567019096 0.245539805264578
-0.208478332041959 0.190656100146655 -0.30234074663137 0.219444287802881
-0.235243345379033 0.0768924430565667 -0.303772562410165 0.0756116038757604
-0.255525050146708 -0.054996096810487 -0.233974934553537 -0.0409520963756892
-0.177484878205508 -0.290226371489262 -0.145606285161183 -0.11591653929149
0.16790390669146 -0.277509319828537 -0.0551989770349739 -0.156422653926619
0.323948518758807 0.0114963033930187 -0.129339664890223 -0.262383185462059
0.270751982231114 0.295742735183739 -0.246390350736342 -0.489257390602128
-0.0865250836806773 -0.0869185777796313 0.27165515719472 0.47749815142612
-0.15178010806397 0.011591655952126 0.274268729004544 0.226966069094718
-0.0380724196641972 0.160498008247395 0.128854626417234 0.153581270187427
0.138409477747924 0.106723085636617 0.202540082517761 0.163030694295481
0.12853136760956 -0.00779293977840484 0.339506103836205 0.0231622712815742
0.0803397221040476 -0.0473444068301856 0.362826443998439 -0.15219775622942
0.0496872099559504 -0.0870252642281624 0.294155168103906 -0.283125919291917
0.053938574558006 -0.110446462279365 0.257524856624001 -0.318037084541802
0.107069233449794 -0.0554484856425022 0.318289894409264 -0.22429357457178
0.104864599024813 0.0246053997149672 0.306092042901228 -0.0291504733991958
0.0783274296039428 0.0805161513709996 0.21229615479592 0.118223970154601
-0.0224514190577697 0.135857475805501 0.0561613087960353 0.180177946546657
-0.147678472483443 0.0228712243188635 -0.0679906495652797 0.167128349994837
-0.11678494970614 -0.155843663479543 -0.00765119316975576 0.155468318299473
-0.0607017967453142 -0.217111599708173 0.169199492904193 0.317562898915644
0.0645564074731861 0.0751206315975606 0.279408707703414 0.479011442893971
0.0700296568090764 0.00938864092458194 0.256953207223812 0.199471140442604
0.0435772131952874 -0.013248035875116 0.131353296428724 0.174698945372203
0.0194324252728651 -0.0508117178171682 0.226847263119794 0.165764507362186
-0.0270178731777319 -0.0370099979339192 0.357173750071044 0.00346499280227813
-0.0585605541681642 0.0084000417866618 0.358787129041582 -0.190033263010428
-0.059074542091449 0.0287961584631823 0.291523849854844 -0.305287632603578
-0.0540005631881669 0.00907102570283885 0.268028288195337 -0.322812855176037
-0.0379272267009216 0.0244336992067678 0.32249092744019 -0.227273417203863
-0.0600292850424897 -0.0102047806457913 0.323443019353243 -0.0304931073132005
-0.0188923847168446 -0.0528596395128434 0.239881291843612 0.133318972324801
-0.000181653066008846 -0.0401406938981353 0.0803520663009479 0.210660892234607
-0.00321780660185696 -0.0329417230035848 -0.050444584268251 0.197729619929252
0.0133035469216445 -0.0625800419592523 -0.0131489074704315 0.175471113980381
0.036916523061201 -0.0601145011810717 0.145632032212224 0.353240949163524
0.200958515332696 0.208292493491681 0.229602884907679 0.423599617583246
0.264332062509092 -0.00513054405870384 0.180524036589162 0.152553704433496
0.108986941364397 -0.186378060893022 0.0841368115737526 0.190439932296669
-0.108003161010328 -0.199657658510144 0.204167552683325 0.185345621275539
-0.180857017381861 -0.0572537808776509 0.336987992058298 0.0201304854748658
-0.185034514169398 0.0662975369010335 0.322937360153594 -0.179909782623694
-0.1580128883592 0.143233724176858 0.254820566165646 -0.272627567668402
-0.157482121817397 0.127353228275257 0.233514122930286 -0.278063872202268
-0.180305108855513 0.0993761275275921 0.266322153054736 -0.208997076452565
-0.223684112944266 -0.041869478122566 0.281369655306018 -0.0512581138352479
-0.126637842574259 -0.182444809042993 0.233754686091209 0.0920730351732843
0.0190488638321321 -0.227782238736252 0.1243900604509 0.176482820365449
0.160632082978451 -0.0916681038725839 0.0222697186978517 0.195287024836546
0.160940397609118 0.0555921503868484 0.0220909069675856 0.185948716748892
0.131781813361535 0.132483495274644 0.118764606144675 0.328048435057682
0.287320732869448 0.301921415307321 0.139953872266528 0.334122252633545
0.39420594737523 0.00375826319834928 0.0775620116964586 0.0959758913310467
0.167994381890335 -0.305707368471861 0.00802906491234058 0.179626954560003
-0.192513458663357 -0.323723542907849 0.132389653591094 0.193632235004847
-0.299609867600494 -0.0927073486398613 0.264240851371807 0.0593639667601742
-0.287325685257046 0.0941454362093123 0.249154984496267 -0.122373814624599
-0.238761320521834 0.228016077521277 0.186332189358892 -0.190612876469906
-0.242237428609002 0.226879353490466 0.157392962886871 -0.190049307413272
-0.29307215153098 0.166102848200657 0.158450632825011 -0.163847436630585
-0.357739431500649 -0.0482628291987774 0.183944002521528 -0.0765623660587936
-0.239713966147162 -0.273809192991264 0.178562485193986 0.0172716633910606
0.00612228838426145 -0.40418241891711 0.146001888812753 0.0867917367283611
0.313999523317197 -0.17214569264159 0.104265692796735 0.139148985100526
0.324237643795625 0.160124861854699 0.0702083472327209 0.146722185125468
0.225418568685013 0.321327406589299 0.0860960713320843 0.222730253900965
0.303180698984002 0.348994897971048 0.0421689657986019 0.219761913850265
0.437316536048534 0.0475200291609358 -0.0134318647119861 0.0381168432637028
0.220381976150533 -0.334766123609362 -0.0604940714519154 0.131682521695634
-0.20175984172861 -0.402746465802112 0.0382269771001506 0.162464124890411
-0.355910247620506 -0.146819119043409 0.14470899238769 0.0884475648217849
-0.350391744876426 0.0791664339133274 0.137892700496356 -0.0477171280268182
-0.285320503244238 0.264970214908152 0.0869539462253287 -0.0844400573261607
-0.288026532226604 0.294515955698909 0.0551768660038442 -0.0726856427399506
-0.354329079406627 0.221467363227277 0.0192333827569583 -0.0869928965729873
-0.430284311883438 -0.0197799136553737 0.0450066641094584 -0.0801809880607137
-0.335272307925296 -0.29061028111731 0.0735593793794472 -0.0540582627453407
-0.0495641637603804 -0.519871543628401 0.111453085327269 -0.0233311209130834
0.405037462269774 -0.268214097482779 0.138238718444744 0.0370298953813687
0.468060614839449 0.202891218112663 0.0821210271315232 0.0450659317611019
0.312101033368619 0.454427389379769 0.0295705250424819 0.0435529459482001
0.255443575676491 0.369566440741337 -0.0378102715687721 0.098467169867982
0.415027245221288 0.126660120878184 -0.0666418633834599 -0.0175822936387313
0.272500998186866 -0.285429832630897 -0.0892486355170399 0.0549524385523483
-0.139858383170996 -0.428516340669148 -0.0407715358137043 0.0840782683500506
-0.343155205718844 -0.209099731868243 0.0101406397663217 0.0739309723741085
-0.363574252605132 0.0262310133826005 0.00503336748873305 0.0105001331599341
-0.295268371786405 0.245494220414951 -0.0265730917044197 0.0203632651860279
-0.290247423919342 0.31660627692847 -0.0533893756139411 0.0535327301440433
-0.357107879389263 0.251924180662447 -0.119869158144101 0.0162169721363583
-0.427560729689365 0.0263205541834599 -0.10082951251843 -0.0507350772092249
-0.375340232722506 -0.237182733978376 -0.0497450909827122 -0.087213169557852
-0.124492843825704 -0.531367841352022 0.0283208085102748 -0.101502794992089
0.396722987176008 -0.337411055153471 0.102147342553429 -0.0638324640433422
0.528962639852542 0.170686887547609 0.0344443113056531 -0.0871541321657608
0.364822903038665 0.496316679557671 -0.0591830981982432 -0.171829085007062
0.169354494677275 0.35052556744635 -0.0872505853033223 -0.0294775898838605
0.349724503966025 0.192433410559779 -0.0849646367674917 -0.057480140816703
0.290525449879388 -0.197933777328615 -0.0566666375419749 -0.0230094805802954
-0.0603451389256349 -0.38873689932008 -0.0633031737789988 -0.029860960109511
-0.27734950739624 -0.23278556189312 -0.100828268620368 0.00296835966948357
-0.319417193297509 -0.0279127935901831 -0.12886079405936 0.0287962533969676
-0.256443738356161 0.18581946115281 -0.137968151912972 0.1019322585887
-0.241363931359222 0.29223899941912 -0.147510938174551 0.169082111661836
-0.301174435538067 0.248014602992098 -0.231589026014376 0.130357093423532
-0.352695990624507 0.0700833585814407 -0.224032395201212 0.0114286870268911
-0.345910767639198 -0.141092423540346 -0.158824309299203 -0.0747891402946922
-0.182788831481191 -0.438173219561261 -0.0686764999324075 -0.125297038394516
0.296675692256435 -0.348511908976217 0.0221339036555752 -0.127946203941202
0.476492166808126 0.0845477928047491 -0.0555460461845102 -0.19968271155666
0.360770120870771 0.431071514172501 -0.167887722200341 -0.365386545518919
0.0731037185043528 0.298997488895281 -0.113556175174202 -0.15578900320428
0.258729649003297 0.215596544409943 -0.083298626424163 -0.0827426368244972
0.257009335469223 -0.110892129308346 0.0116093616976524 -0.0850124129539939
-0.0082429502071708 -0.290408295790707 -0.0414344672547748 -0.142291819698226
-0.185825820798877 -0.196646500942573 -0.174722493317051 -0.090392623536496
-0.226499403203082 -0.0552978646012769 -0.236461146068419 0.0155300527791385
-0.178596723675201 0.106382714872682 -0.227658056074755 0.152190868663291
-0.158314234443273 0.218380598500232 -0.217168815585633 0.254883150639914
-0.206845176935879 0.199467144804459 -0.302269824049586 0.231183807685259
-0.237875892752174 0.0842076125762971 -0.308418268844641 0.0840495442890621
-0.261345502354095 -0.0500107598970203 -0.239129078701632 -0.0379765309136229
-0.188103347913265 -0.290819771380521 -0.149987043596096 -0.115019105670942
0.164383127394206 -0.286992572051307 -0.059021160640819 -0.158379642107164
0.330432806178912 0.00500958795622194 -0.137397839913658 -0.263556924377725
0.282817599858704 0.295601696397679 -0.263063433183157 -0.491248724795108
-0.0900906968880724 -0.0870131025852114 0.288366432500799 0.478401614834876
-0.154866707991471 0.0159409028392915 0.284943168751794 0.222602636721869
-0.0344702174565747 0.164890958028071 0.13350738173098 0.153391519272477
0.144088259162318 0.105413065744495 0.209216611375032 0.161590173046135
0.131720726374198 -0.0117133644976706 0.345969852757224 0.0161479974553239
0.0810290206051361 -0.050694856467372 0.365071776219281 -0.163896993464869
0.0482978174244324 -0.0895964065096176 0.292671287529553 -0.294981480160557
0.0516350549136626 -0.113589214182651 0.25307951415394 -0.329844805201257
0.107212171510457 -0.0596287328857307 0.318475622524296 -0.236493101540042
0.108058986154188 0.0226809179600754 0.311930023567322 -0.0377058930934534
0.0815621783155539 0.079915972974449 0.218761950729288 0.115278837434055
-0.0193114055167389 0.138372288786963 0.0608306489861147 0.182356249161251
-0.149681358771167 0.0276581592425123 -0.0654373052636261 0.172295262941087
-0.122475237406793 -0.155397214656663 -0.00359655529906537 0.158879342653764
-0.067838948941345 -0.2200491625318 0.180145476303304 0.318641410179396
0.0677408031387611 0.0744338126910767 0.297173136100382 0.480398071290465
0.070448162535509 0.00783394200455026 0.266327596432846 0.196282212137715
0.0444807972191299 -0.0140387506503581 0.137020260132749 0.174481911453279
0.0190719670038372 -0.0516510760092492 0.234511254739648 0.16407585473114
-0.0283806075389015 -0.0372679235123293 0.364069128913465 -0.00503635063889197
-0.0587693829819108 0.0105912106767255 0.360767280639564 -0.203846076567447
-0.0602211278900996 0.031635765783507 0.28870181736257 -0.318703062544089
-0.0555085893374598 0.0105109427190641 0.26270296785699 -0.335247595065835
-0.0388079980248508 0.0251256692869377 0.321976854632952 -0.240251898695264
-0.0620040356661389 -0.00905526155619305 0.329552161333577 -0.0389058531824657
-0.0199622945605225 -0.054593677681919 0.247339606505003 0.129360427639718
-0.000711446381798181 -0.0406701376610863 0.0875855927014648 0.212963775842292
-0.00394838705767252 -0.0330057496627739 -0.0463195019180324 0.203142783284963
0.0123059825013011 -0.0639358523684224 -0.00834655607467884 0.179174016109962
0.0360115816004504 -0.0614563137912887 0.157211808876171 0.356176233029482
0.209902147692006 0.206563103960946 0.2445900256071 0.425697157839222
0.269535012963377 -0.0120663359204572 0.187643481933716 0.149695431909481
0.106141393336915 -0.192527104125783 0.0893391406680231 0.191694412530991
-0.115158349977301 -0.200155466746995 0.212112092896304 0.184082089520796
-0.186028880179323 -0.0535086575342791 0.344383794375186 0.0121013425637341
-0.186776114426987 0.0728960385203867 0.324489265941304 -0.191113415563168
-0.157422268953517 0.150695642680537 0.252300724951295 -0.284356115809016
-0.157676346451158 0.133833793061347 0.230691125388581 -0.289248213597754
-0.181095745111721 0.10584969841202 0.265115038980715 -0.220378993259905
-0.229489882621665 -0.0371042793917468 0.285729174652945 -0.0595579758894456
-0.133509357414002 -0.18376142783411 0.240271738097294 0.0881445975247517
0.0138809030709171 -0.232286711913865 0.1313595504818 0.176960035963877
0.161649341446474 -0.0975567667569666 0.0279148920643328 0.199139229249025
0.165606468773786 0.0532463444068949 0.0274494815248157 0.189384363049492
0.137616545105174 0.132450158603257 0.129873051664316 0.330881416268023
0.300037788177328 0.299513300651831 0.151548228496178 0.336721780958283
0.401491867801311 -0.00810396329595189 0.0814717103186855 0.094615384707793
0.163232149254139 -0.314723962068831 0.012384518836587 0.182248089789057
-0.204320731085024 -0.324934969409093 0.139112824652379 0.194198861835032
-0.307945505449225 -0.0872700920337033 0.269137163511655 0.0547045968734618
-0.290923832295919 0.103734978003291 0.250376093073914 -0.130567133152062
-0.237423140331513 0.238797573848636 0.184188680091198 -0.198864549155412
-0.240723124693813 0.237416517662534 0.155437846322052 -0.197171287541871
-0.29467934552475 0.176793005969901 0.156649110360412 -0.171091132945007
-0.366207843520968 -0.0404006184984696 0.185359743875437 -0.0826798299181938
-0.252149774444696 -0.273281571383533 0.18182270693116 0.0126528941666036
-0.00360964434799066 -0.411714750700673 0.150542145563408 0.0852139038363684
0.315840368505925 -0.18263486330183 0.109745347568062 0.139155951281872
0.335225624340803 0.155912810411413 0.0756569231890435 0.147745668094256
0.237498145161685 0.320556191179518 0.0933541634428939 0.224401505749422
0.317775796710628 0.347807223104234 0.0494706117966977 0.223196521939029
0.447297720376421 0.0373568540957959 -0.0126532051071795 0.038208854214982
0.216078740094597 -0.345835246198607 -0.0583343470134705 0.134846036331362
-0.216183752240903 -0.404148115794909 0.0425698601496927 0.164832535292191
-0.36705470035327 -0.140289491813589 0.150677263381265 0.0862000818405533
-0.354565531317667 0.0901376683972826 0.139198494500516 -0.0523536653615744
-0.284537175618418 0.277982723900044 0.0865341630519808 -0.0881980333815536
-0.285668486737516 0.308365687385018 0.0541401311222098 -0.0757866976559382
-0.355709042331384 0.235490392486295 0.0174168735746659 -0.0888628164045169
-0.439637114783896 -0.0083409115867247 0.0433764745162672 -0.083838541589842
-0.349882144415163 -0.288353352822468 0.0741190222716065 -0.0577617264932055
-0.0645929604403304 -0.527560509111693 0.113652249253385 -0.0262955437276945
0.406205971519758 -0.282889732403481 0.141716928929373 0.0341557516717098
0.482166584167301 0.195767393872832 0.0855029269369515 0.0444614651737191
0.329716881431693 0.4548652397516 0.0309459078868191 0.0441905706142708
0.268073408308783 0.370230223339758 -0.0354162120175294 0.101208145034219
0.427353795846711 0.119213093829853 -0.0680739762703421 -0.0172431772414402
0.269674216908103 -0.297687488730963 -0.0891787155236236 0.0581820436920745
-0.154047828524457 -0.432268688527311 -0.0395272497196158 0.0869002570962573
-0.357052365349359 -0.204014341301711 0.0143880668678228 0.0746261057499361
-0.370885628511962 0.0361000103082913 0.00484999078743637 0.0103873078788183
-0.294575566417464 0.257922805123349 -0.0265330174541143 0.0209690733456886
-0.286675538178391 0.33066562036827 -0.0525899247823609 0.0558223441965952
-0.357829136294099 0.266606874109629 -0.121644377425379 0.020144855791474
-0.434515320151286 0.0385324069845145 -0.104416747238258 -0.0494671893774741
-0.387928545253161 -0.23228047043559 -0.0529866910322705 -0.0886737414814894
-0.141179047910232 -0.537900479060782 0.0274215901079692 -0.104475966054833
0.395713876233128 -0.353451838070913 0.102753675165433 -0.067628182523014
0.544122910081068 0.159800217443592 0.0326928928141712 -0.0889071509930299
0.384746862803444 0.49487803133054 -0.0650813978953383 -0.172634157598585
0.182056066020253 0.353133083320981 -0.0889415331216009 -0.0278851947018709
0.363139837799592 0.187427660045019 -0.0875446513728224 -0.0574100967136601
0.290706172876836 -0.209591458073275 -0.0581766163093205 -0.0220900294520704
-0.0725583116100361 -0.393516269358417 -0.0656171145702155 -0.0285235631784347
-0.289907121272405 -0.22958951841217 -0.101749833104529 0.00552372224572678
-0.326668209611189 -0.0204716180133037 -0.13078886278454 0.0319918432306646
-0.25707632019018 0.195765864653131 -0.138104432218372 0.107138170144278
-0.237809278635964 0.303626674059814 -0.145200654585139 0.175946502904956
-0.300231448848368 0.260665902671593 -0.232482031731245 0.138961833583237
-0.357687601877998 0.0804449358768896 -0.22812724119274 0.0164607387635333
-0.355809786054051 -0.134986164630215 -0.163731483925952 -0.0732961214205593
-0.197584923776953 -0.440746190516782 -0.0719237251741927 -0.126422272947258
0.292721740833156 -0.36170056420799 0.0199890637452467 -0.131008518144907
0.487591976910027 0.0750480280443725 -0.0610344527486648 -0.200927629387792
0.377791224701808 0.431636252594435 -0.181026928164155 -0.367169533596251
0.0817656572198153 0.303514098806755 -0.119119135962137 -0.155639948154517
0.27130092670089 0.21262975868458 -0.0873758865246552 -0.0824459409533168
0.258749209360407 -0.120211314049553 0.00961319030241574 -0.0865451578994762
-0.0165709804017004 -0.295261625072572 -0.0456032980043326 -0.14375388874321
-0.19517417129229 -0.195114952510904 -0.177507645263319 -0.089227998209817
-0.233069068403172 -0.0504429893851456 -0.24089709290231 0.0216279360782586
-0.178925964199856 0.112755424916502 -0.227867623776066 0.160056251836112
-0.154097057403838 0.227028839081375 -0.213055418615137 0.26428812556293
-0.205422330336557 0.208807155254802 -0.30141264044454 0.243476279028395
-0.239507237697145 0.0914895103638232 -0.312185512242047 0.0930629922430494
-0.268452743746291 -0.0427440504088649 -0.243568867479732 -0.0335574201846777
-0.199046512936626 -0.291820760721617 -0.154101632865875 -0.113897552304133
0.160209702346871 -0.296372813192935 -0.0631272255364849 -0.160525185104635
0.336623544086862 -0.00319292007308851 -0.147287566048249 -0.264435755473867
0.295986170896737 0.293671375881266 -0.280315783420718 -0.492517768715605
-0.0934562286013244 -0.0869814073949457 0.306350835989435 0.480478392256301
-0.158465339399578 0.0211437608789709 0.295551797564472 0.217449773168786
-0.03045188680406 0.169160070156372 0.13944494786796 0.152903970019032
0.150323640796484 0.102735139224831 0.217230982313347 0.159540857730776
0.134375479969538 -0.0153229129750135 0.3524961213104 0.00693947601607047
0.0814299027336088 -0.0532981464404261 0.368490632987597 -0.176541513867662
0.0466001049512024 -0.0918415260621125 0.289305363751697 -0.308267460660514
0.0490272830633109 -0.117423328816262 0.248124773105808 -0.342762136710116
0.107120326602488 -0.0645796215784022 0.316433790705102 -0.250533121050343
0.110918368856149 0.0195798691387578 0.316197388181226 -0.0470428388301954
0.0856564630643624 0.0784084439376288 0.225772713296955 0.112476038849721
-0.0144367294042326 0.140969251957018 0.0665133589058328 0.184181650416723
-0.150855761655302 0.0324233523728445 -0.0622981058779199 0.177427437146509
-0.129165641759592 -0.15448701430363 0.00138103669820233 0.161394588209716
-0.0750538263524187 -0.222232888342247 0.19249902359213 0.319006685455483
0.070852635426203 0.0731580899961612 0.316623436197933 0.480865183267693
0.0714109221152271 0.00558858895216389 0.276919640052001 0.190882857371488
0.0447966907172366 -0.014853156234732 0.143533777665764 0.173825598901895
0.0180476997448701 -0.0535180518829934 0.242269502657433 0.161673926373734
-0.0294844103137001 -0.0369856882853452 0.372440445983801 -0.0168911109696782
-0.0588658189629447 0.0123600210330577 0.361333194282248 -0.21690269850303
-0.0604556786501826 0.034063219060672 0.284703720151881 -0.332406866984525
-0.0565917223612371 0.0128193852226206 0.25858226227546 -0.348649794058342
-0.038871792985676 0.0271377079468335 0.321995261361328 -0.253562554800565
-0.0633858433946206 -0.00707639731595905 0.334661980849842 -0.0492818523990669
-0.0225998663819165 -0.0546084380126112 0.256003354362853 0.125473955772737
-0.00097201617834051 -0.0414874782521956 0.0946859716830489 0.213641362019444
-0.00447223098722542 -0.0332195646815613 -0.0418380908551132 0.208425704635936
0.0105301436916708 -0.065038254538815 -0.00359030067059201 0.183297747359101
0.0350004109829502 -0.0637584312902777 0.169273562785128 0.357706830579384
0.219591222570337 0.20437875349128 0.26025043589684 0.426638874404253
0.273543878415582 -0.0199634058889412 0.19474445553137 0.145856258613641
0.102538661053344 -0.19836389984961 0.0956070565889384 0.192926493453056
-0.12323613710194 -0.200466841997346 0.22038536853246 0.18247122434423
-0.190517697016854 -0.0491247447132975 0.351499301377229 0.00281155951748401
-0.18824685654523 0.079406236672771 0.325138875186523 -0.203787838254971
-0.156497273997088 0.158145723452666 0.248571563659721 -0.295771835939859
-0.157320497438144 0.140897561721912 0.225296450461132 -0.300775970032854
-0.181685711910682 0.113013700859643 0.263801065168111 -0.231703672889535
-0.235122895991861 -0.0310599881282448 0.289922820702242 -0.0693855291609149
-0.141585311445257 -0.1835799510507 0.24724742992923 0.0828819585032223
0.00771511812956349 -0.237236910595923 0.138386713080718 0.176407296106064
0.162604267716388 -0.103104915257922 0.033958206579928 0.202120871710065
0.170661915706496 0.0500881526254518 0.0333721585175697 0.192133860728806
0.143417732024633 0.130990817936158 0.141762852936358 0.333469050345192
0.313598334704591 0.29707295377582 0.164290064085494 0.338933916290575
0.40814254539938 -0.0189719475136783 0.0857960907087319 0.0931419541286836
0.156478590930834 -0.324428056211738 0.0173688951781605 0.18465235402657
-0.217523321811185 -0.324321546117554 0.146926900176522 0.194597051105503
-0.316633743200003 -0.080069512224501 0.27586187508248 0.048040791810964
-0.293785223865006 0.114324537178669 0.250725611965621 -0.139883065540181
-0.234546832466667 0.250772457638517 0.182590732468974 -0.208067656681841
-0.238838485930082 0.24844983139324 0.152464468048163 -0.20500907663648
-0.295237519338982 0.188534285654473 0.154176728514762 -0.178214511246799
-0.375026283169713 -0.030886199476467 0.186830658870683 -0.0901253888436025
-0.265580832771538 -0.271233493099415 0.185659657165847 0.0079039715261507
-0.0154007267153968 -0.418931630311457 0.156443533921144 0.0825708992410963
0.316799138461596 -0.194491138316581 0.115112510687459 0.138801699535424
0.345970648390312 0.150285324472883 0.0811596083618532 0.148584799555925
0.250180534586656 0.320475981674481 0.101088671732564 0.225775459644635
0.333621258836099 0.345599029571262 0.0570297610904808 0.225906899005082
0.457090485422506 0.0256874134448497 -0.0121715298522822 0.0380732474199491
0.209961052264068 -0.358602545094902 -0.055422927593861 0.138828543263171
-0.231634374541468 -0.405341340003645 0.0478791434731703 0.167721318846668
-0.379076182696171 -0.132857319570583 0.156919367797442 0.0828979805622566
-0.359573917449268 0.101737502918778 0.139630109185738 -0.0571120298255033
-0.281171872447896 0.290618366551593 0.0852993822984304 -0.0923253608918369
-0.282192259920087 0.32088360412664 0.0530871086458818 -0.0785713225417856
-0.355122305393345 0.249670440194652 0.0143651627191759 -0.0907395589062548
-0.448977071207033 0.00380989549354978 0.0416634197478768 -0.0868284796638485
-0.364724753068417 -0.284144366323514 0.0736951399699899 -0.0614304840790679
-0.0818893122683185 -0.536294363546048 0.116401741110321 -0.0298067377034513
0.406024160113745 -0.299522223416816 0.145562903593012 0.0308921079892589
0.497101969528785 0.186152132193432 0.0883655816103234 0.0435803021662709
0.346436195855707 0.452408868516109 0.0327652613820974 0.0454832636404872
0.282204765242725 0.370765686943707 -0.032373862130422 0.104071776187879
0.438303417774431 0.110321431290672 -0.069617477251052 -0.0165044148045646
0.266093038999564 -0.310262798011283 -0.0892162350912088 0.0608995559581174
-0.169016909947234 -0.435493767786197 -0.0382999094908789 0.0900208493144169
-0.369928784072374 -0.197948732166748 0.0171763235263102 0.075140368959725
-0.377309610491656 0.047731058196126 0.00481529147043593 0.0100841953165303
-0.292951710464478 0.27071069846515 -0.0266806821919567 0.0220053500659797
-0.281486440308985 0.345877864227946 -0.051485996298073 0.0580967960738695
-0.355822310609104 0.282076167117482 -0.123492029668879 0.0242399403892015
-0.443186829593121 0.051782800154947 -0.108120676095161 -0.0479837573863793
-0.401252133623484 -0.226090841640642 -0.0563479698494648 -0.0895299660973281
-0.160237511115599 -0.543271711021478 0.0264755362411718 -0.107141741134715
0.393655303764672 -0.372321178592743 0.102996485311338 -0.0712389167359081
0.558174194524467 0.148789221455331 0.0309758561022625 -0.091166722379242
0.404004733007882 0.493757362213652 -0.071463358948514 -0.172463537884948
0.194235435169786 0.355002221009529 -0.0903066496695093 -0.0262290823886609
0.375986854911335 0.18058403787243 -0.0907122731750659 -0.0562861148414819
0.289612579219891 -0.221489380848711 -0.0591275303429455 -0.0212851678722008
-0.0851706929909447 -0.398475253459927 -0.0667864384503571 -0.0269023763719064
-0.302175551396521 -0.224833498477705 -0.102033717104349 0.00785750397992417
-0.334829117941768 -0.0111646129842219 -0.132377808267634 0.0360441265521887
-0.255677719123445 0.206149194306066 -0.137459062747596 0.112075664232916
-0.232580735774136 0.316069186658353 -0.142304102785834 0.183129533051613
-0.297759953875099 0.274213169091481 -0.232798694933614 0.149016369293279
-0.362784287725023 0.0922626572750711 -0.232445710312009 0.0230102077411901
-0.366268218315762 -0.127960655150306 -0.168979913651627 -0.0714057457228816
-0.213675947140187 -0.443396312408823 -0.075536536397454 -0.127047245247217
0.287847398425418 -0.376470030459277 0.0174943829028344 -0.134513959709926
0.497937627797487 0.0632748188260571 -0.0671524881316017 -0.202605330359881
0.397103897046009 0.427535699283466 -0.194475588276217 -0.366942863982315
0.0918173048565334 0.307354009890714 -0.124947266296841 -0.155462871759017
0.282407643834614 0.208011003104492 -0.0912795485683542 -0.0814104406373133
0.260172420685602 -0.130102689144714 0.00780114525523034 -0.0885851230448548
-0.0257839023633275 -0.300015035514727 -0.0503342026363869 -0.145050169891064
-0.205681658362417 -0.192209333153436 -0.1818809472676 -0.0849518768007394
-0.239164472806842 -0.044429218552015 -0.245114097503654 0.0284884354666378
-0.179047487119354 0.119875471278971 -0.227109037246751 0.169316512853172
-0.149617945444662 0.235230977631696 -0.209338604478891 0.274834031883238
-0.202845864196108 0.218924811429725 -0.299572740025194 0.256277451457672
-0.241872291765747 0.0999705587019621 -0.316151700329463 0.103091828797343
-0.273622042995551 -0.0380327571103655 -0.250145506251556 -0.0285433689055535
-0.211321949198778 -0.290673924614581 -0.159317508024166 -0.113203459858091
0.154877983665381 -0.30667624529342 -0.0683864354342554 -0.161457726555586
0.343262123522716 -0.0122965832494695 -0.156734787203872 -0.264566835727087
0.308546626037753 0.290524093075939 -0.299025369913906 -0.492754249109816
-0.0973966387365939 -0.0863697856389676 0.326003264158114 0.478625036414356
-0.161323039053461 0.0258807266977112 0.306520440976625 0.212219717842387
-0.0256592437825082 0.173392003808358 0.144826746561123 0.151639248423045
0.155983987398136 0.0998958336442219 0.22486387994561 0.156787267839929
0.136595887453998 -0.0199438147454629 0.357952158975998 -0.00210484269751172
0.0813614256875107 -0.0572292376532379 0.370892540390437 -0.190103799240152
0.0448927780365183 -0.0948804138522634 0.285539072479641 -0.321849987919064
0.0453783146696388 -0.119897161708985 0.241529192288253 -0.355624589267306
0.106769339863095 -0.0688268708619201 0.315084957059688 -0.263703203440943
0.113303191351127 0.0162505360845644 0.320765988523939 -0.0571693424361206
0.0895027476675709 0.0764314256682316 0.232988090946438 0.108316510711564
-0.0101623720125812 0.143673454002549 0.0729184392742625 0.185653001753658
-0.1526491591841 0.0373502686929383 -0.0578437954870962 0.182536754068493
-0.136577841804141 -0.153265016929622 0.00622066953391944 0.164216737759913
-0.0823140981005012 -0.22345475014214 0.205531757862233 0.318250033260434
0.0747370412431662 0.071991362950528 0.334190976385678 0.481048472739085
0.0722866046980605 0.00408221433985683 0.286060386086084 0.185363795788603
0.045014738057501 -0.0160784852464905 0.15002330902039 0.17277123749167
0.0172704869942863 -0.0553519867965689 0.251579046015005 0.157583660234879
-0.0307961884487763 -0.0362223530550592 0.375887008522603 -0.0245549631085729
-0.0594030677367049 0.0147868592800393 0.361726408621551 -0.230893124703037
-0.060224305224174 0.0370059119355822 0.279613546051921 -0.346690332509871
-0.057884814047816 0.0149904351123781 0.252734186283242 -0.362157909703933
-0.038823482167053 0.0282220785077456 0.319276740767721 -0.268774684182211
-0.0645824299217027 -0.0059695560078223 0.339560193042515 -0.060239830433222
-0.0243033357819633 -0.0558915977546226 0.263616299778948 0.120812284472645
-0.0022823042265027 -0.042261361016741 0.102792904075087 0.215041739042221
-0.00492209964358657 -0.0327346866896103 -0.036273816755047 0.213271194999747
0.00917934823131479 -0.0658637552684107 0.00231639395023455 0.186148955065016
0.0337668823458389 -0.0653213955625907 0.183083857753752 0.358693782850066
0.229160045982747 0.201248034678822 0.278063804490706 0.427225284368527
0.2774583966357 -0.0283811844014625 0.202858373759686 0.141869914747724
0.0982572236124575 -0.203835927111921 0.102311340159164 0.192736316246992
-0.13141100520065 -0.199780543091889 0.229192339081519 0.180947078307281
-0.195043096598134 -0.0444224234421083 0.357696163691146 -0.0066580693685485
-0.189212308131256 0.0872306481981129 0.324625406639643 -0.216867491066359
-0.154466007067702 0.166507358669079 0.24420016788064 -0.308591112295152
-0.156314706968856 0.148522784308122 0.219833223522228 -0.312210616426276
-0.181816944736227 0.119455138340017 0.260975618254947 -0.243013279376442
-0.240415977270778 -0.0248589908205306 0.292922035868892 -0.0795449016010763
-0.149655381317066 -0.183703955407835 0.254027834226743 0.077244383578436
0.000990441526296654 -0.241353918452537 0.146677006866931 0.175752874670826
0.162448069092757 -0.109633779002386 0.0407091827358704 0.205192210335218
0.175880023589162 0.0463823300658031 0.0398569112304778 0.194244151967678
0.149902093191559 0.129232833700187 0.153855712683653 0.334497603865371
0.326422883147419 0.293421283243051 0.177137414061829 0.340427432808567
0.414830599910232 -0.0299814834755849 0.0893824759261135 0.0914580153596013
0.150114776733997 -0.33443548827496 0.0229273166095573 0.186881550710764
-0.231566437965721 -0.323805381678284 0.154662349354961 0.194785962472108
-0.324873719573863 -0.0716384967693832 0.284344572543743 0.0387980849788224
-0.295411097041677 0.124922376309116 0.251181147115226 -0.149999772880308
-0.231842889961358 0.262434727882671 0.178590723275097 -0.21687109573506
-0.235544190799944 0.260271066027709 0.147860615677731 -0.21338489384804
-0.295237985975233 0.200985714403256 0.151091308902511 -0.186161474232471
-0.382876929981473 -0.0197897647519367 0.187497382660476 -0.097578389718862
-0.277468912775283 -0.269417229951904 0.189095712579736 0.00201196467344029
-0.0274639106689239 -0.426283551791838 0.161957835767148 0.0796671341959248
0.317015164633003 -0.207531862209796 0.122040867254517 0.13833533594343
0.357132788573683 0.142711977978276 0.0870233845373563 0.149528766810042
0.263448804470302 0.318849691205862 0.109211091927305 0.227451664071953
0.348624571533771 0.341935008968936 0.0655547407741143 0.228098203188387
0.465925534098185 0.0128256812471319 -0.0110212306815571 0.0378383616587025
0.203453093043869 -0.37049541573875 -0.052361401319829 0.142233713955859
-0.248110074165792 -0.404227919322462 0.0529487592462939 0.169295625621617
-0.390624885886712 -0.123845931556653 0.162869220701703 0.0796846820154182
-0.363489854406853 0.114539318864303 0.139772718293614 -0.0626264151061814
-0.277488170828854 0.305002657409191 0.0837880490337718 -0.0968148899133214
-0.275821980046321 0.334887497947144 0.051385269179297 -0.081900639578892
-0.354099907069726 0.264168402601359 0.011567438066678 -0.0918503627272492
-0.457266449296601 0.0178810711159966 0.039965047981953 -0.089977257966652
-0.378660560302582 -0.27887627654086 0.0728102352569759 -0.0650928835928504
-0.0979905373006598 -0.542414797324436 0.118025781171429 -0.0335680169342886
0.405454908904624 -0.316482565322975 0.149112264149865 0.0274302686589469
0.510796794745159 0.175207135566682 0.0917284368759915 0.0417523414800165
0.364964673191192 0.450372691961063 0.0343436807676476 0.0454325149580055
0.298026573211461 0.368985287127536 -0.0290121144642797 0.106458418209115
0.450799346321742 0.0991620837775469 -0.0715951329599441 -0.0159498054627612
0.261506572103082 -0.323472516216778 -0.0886167685575062 0.0642988871284429
-0.185347578994408 -0.437461905768395 -0.0361551942238698 0.0927894089038313
-0.382693624436088 -0.190072673809491 0.0200539015035448 0.0753591569035222
-0.383401726442182 0.0599210820159522 0.00480632065913261 0.00983044205334471
-0.289759324217747 0.284281738761198 -0.0264120118569468 0.0231258507055909
-0.275653064273165 0.358876694940294 -0.050583875950736 0.0604696094185467
-0.353633138988936 0.297173520855713 -0.124804341126341 0.0291848254405662
-0.450324531098663 0.0657748217243673 -0.112014325689051 -0.0461915068124537
-0.416320765680694 -0.217939446637197 -0.0597151760544583 -0.090084681566075
-0.178826510083127 -0.548314780639772 0.0242478626680404 -0.110032431305631
0.388949662987075 -0.388253262524136 0.103330539000978 -0.0758326408974225
0.572139360358723 0.134470487180057 0.0292165516796725 -0.0928970660727463
0.425352518569981 0.491293462551088 -0.0784951221390505 -0.172664974948093
0.207983957897292 0.356242677326032 -0.0921167827332221 -0.024128802563515
0.388611595331089 0.172782937738024 -0.094367007201044 -0.0551969302477021
0.287684658944024 -0.23418128923798 -0.0606727845712268 -0.0197215555561407
-0.099656009475743 -0.402289950102702 -0.0689019385732513 -0.0252616032489584
-0.316038171638272 -0.219563144432432 -0.102267329172345 0.0105348687453724
-0.341735990060568 -0.000852931485298518 -0.13433417432367 0.0399255696080026
-0.254393597061016 0.217440057874619 -0.136322442934782 0.11797152274762
-0.226296514391007 0.327662877726575 -0.138815198353776 0.189919670344103
-0.294716976553611 0.288116225539432 -0.232258145275972 0.159258928091108
-0.366684881687529 0.104419980856632 -0.236388878839822 0.0298733594586123
-0.376104842215167 -0.119560289960135 -0.173644536158207 -0.0686240075633845
-0.231399691356857 -0.443603550708424 -0.079360864336367 -0.1277889487981
0.282786552352818 -0.39103600741566 0.0141241860017345 -0.137290271123604
0.508714385992495 0.0503648670926318 -0.0739029071339584 -0.203404760039651
0.415626043676509 0.424108180430336 -0.209529883560381 -0.366142032561993
0.102160741930951 0.310974659111795 -0.131168791691329 -0.155055159005404
0.295059992839259 0.204208830003698 -0.0954286055330542 -0.0804689525214192
0.26072248864688 -0.141082550066856 0.00575915415877507 -0.0902990371397002
-0.0363441782973048 -0.303827663593075 -0.0553661367223784 -0.145696658499175
-0.215837001944971 -0.188744888519847 -0.187111197524381 -0.0818904807171323
-0.245373868681109 -0.0376464377858718 -0.248804919821841 0.0363945431249985
-0.179045297040867 0.126594059896616 -0.226297772584565 0.178108622131571
-0.145273756361917 0.242285364914557 -0.204009083492045 0.285388939933569
-0.199601432606582 0.228883755719581 -0.296715394993582 0.269931853113211
-0.243008371429442 0.108851822827658 -0.319159146638991 0.113947180404463
-0.279608307104042 -0.0302641016344042 -0.255774958678246 -0.0231295034112259
-0.224587868283657 -0.288734843563362 -0.163985748583451 -0.110900562880013
0.147964026306339 -0.316720818543544 -0.0730989566285159 -0.163221235249964
0.349197412274842 -0.0214038552910803 -0.166945212183939 -0.264109529312438
0.321532569860385 0.286635969756496 -0.319386184797562 -0.490910761111788
-0.101541482723616 -0.0851665399826234 0.345218197156266 0.476223439830312
-0.164215789878266 0.0315398050602544 0.318199867659105 0.205070654392645
-0.0201812349641945 0.177245946004078 0.151315968222409 0.149157523325795
0.161774745803414 0.095876145001794 0.232704905786248 0.152612723799998
0.138570608963413 -0.0247110039167513 0.364431723955902 -0.0121754137254199
0.081506267675305 -0.0599578700154246 0.370898906033518 -0.204374600097068
0.0419437883561383 -0.0973682108285628 0.280180758316398 -0.334956737704677
0.0417101603173105 -0.123137728991355 0.233921123993608 -0.36921472772161
0.105553032635741 -0.0736243612994554 0.310812606191949 -0.278681629967444
0.115930017899329 0.0127767022896559 0.324370173403684 -0.0686477946356513
0.0938000331929782 0.0743388994951098 0.240323336632812 0.10309503421348
-0.00554017822239895 0.146396692302371 0.0793947322157529 0.186746725004089
-0.153547398551797 0.0437629751193572 -0.0524332760395405 0.18708156437771
-0.143401438251898 -0.151661426558243 0.0126246145942663 0.166807967278152
-0.0905327817933263 -0.224268777226994 0.218704389568878 0.316518429432725
0.0777528128471485 0.0700174802897885 0.35559428297208 0.476598053467977
0.0729328512622486 0.00147024326677431 0.295865284764347 0.178027481179902
0.0450532212522219 -0.0176544825694088 0.157529909391088 0.170952536234449
0.0158828773990453 -0.0566152975159964 0.25968358116868 0.153428682430623
-0.0317986895951468 -0.0364245954112435 0.382442188969416 -0.0380498652974293
-0.0596749198980683 0.0171128046922104 0.360728052975283 -0.246347585160311
-0.0601451364882321 0.0404944537201399 0.272880404235976 -0.360962598880474
-0.059284714520544 0.017374529798255 0.244655235749122 -0.375933946393067
-0.0390293666207407 0.0298163786875082 0.314650756964153 -0.28200177256269
-0.0660987676260894 -0.00401538419809722 0.343365907769085 -0.0724928883879962
-0.0258946613105933 -0.0564596326994278 0.27136056812362 0.114818733125165
-0.00314758951192666 -0.0434114225902699 0.110695908642918 0.215004862822423
-0.00587340929752886 -0.0331834375090383 -0.0289581398679293 0.218468385744711
0.00714997995776625 -0.0668880688940166 0.00892271524834598 0.189240431397792
0.0325020824597499 -0.0678580375218995 0.197296827179362 0.357018720878352
0.239168682919164 0.197119765717485 0.29641014614985 0.425203744142976
0.280863378841231 -0.0377889867478865 0.209513123628931 0.136254352321054
0.0934852428929574 -0.209664667236876 0.109241417186135 0.19241891126896
-0.139463122278021 -0.199130483159032 0.238009816610861 0.176396976133669
-0.199752293576549 -0.0391104555619863 0.363616584454271 -0.0178920627656803
-0.189541218169215 0.0946713819921565 0.323151076042577 -0.2303671283041
-0.151622293765061 0.174624715488506 0.238693225663268 -0.321035735932617
-0.154259678818836 0.156241403801235 0.212902910721297 -0.32422545697948
-0.18095648250235 0.128348673427169 0.256921348671951 -0.255440037052658
-0.245483702299688 -0.0172962232915725 0.2952933632057 -0.0903786641128648
-0.158357301383204 -0.182134228258139 0.260448088652256 0.0703636516978616
-0.0059304040635635 -0.245551409320297 0.154793003414415 0.174005423715904
0.16265552657245 -0.116242048682997 0.0478608329373008 0.20758565751663
0.180068640072982 0.0420475833177695 0.0467900095767965 0.196917145805527
0.155548614130159 0.126354747994213 0.166842269006125 0.334957059111204
0.340944694855555 0.287041337837099 0.190762597029369 0.340563075608441
0.421188672618973 -0.0451449697131717 0.0936617592992234 0.0883890905869456
0.141139514028869 -0.344040059733587 0.0281716220455728 0.189256601228711
-0.245837485531132 -0.321082438541686 0.162813634342594 0.193126948772103
-0.333111177657899 -0.0627938656396645 0.289388551954911 0.0319362866069701
-0.296946702207798 0.137010003132626 0.250051373756546 -0.160741653115938
-0.227076984080855 0.274546036218008 0.175080659743015 -0.226329299570207
-0.231314989868905 0.272720022841619 0.143298183032869 -0.221390701555352
-0.29282869268318 0.213494520567484 0.146443970572294 -0.193708723074488
-0.389521280565838 -0.00776400429734214 0.187502622629524 -0.105795872918916
-0.291219600382149 -0.265883107091438 0.192294865885472 -0.00378324396105458
-0.0420561351110546 -0.431225856961342 0.167957221098697 0.0758469792469405
0.316371935029358 -0.221081876621069 0.128490177012071 0.136747787663844
0.367508380159721 0.134254766149405 0.0934075804252105 0.149365911303545
0.277785971630783 0.315696241022538 0.118486744478262 0.227549045559983
0.363115698636227 0.337576411840378 0.0742357924367056 0.229240114181976
0.474538594581745 -0.00228363708017289 -0.0101755202075985 0.0373538028751408
0.194779745602848 -0.382278451339101 -0.0490521149400364 0.145946968545286
-0.264888175797841 -0.402410984116162 0.0594477424591878 0.170712556795781
-0.400472793192588 -0.112539689634684 0.168440365707991 0.0748595891279767
-0.36662706495159 0.128096002159064 0.139832528198452 -0.0681921857424207
-0.27176780345779 0.318540498918098 0.081913618896727 -0.101057202724495
-0.269133294707115 0.349592771336391 0.0498440556166778 -0.0850858743337469
-0.350729279123116 0.280593825989549 0.00864325961945805 -0.0935325950125859
-0.464314758549122 0.0330928319085442 0.0373326032846739 -0.0932473368589461
-0.394296891409989 -0.271442835519621 0.0718999797843028 -0.0687515490081023
-0.117150142432769 -0.547522758637481 0.118926187489029 -0.0377715197215785
0.400438114906925 -0.334778657476413 0.152324558080026 0.0233185082884477
0.524252988665687 0.161884247787057 0.0944923269231795 0.0407677561303117
0.386189014405165 0.445654549984474 0.0358026398988819 0.045682569941463
0.313734255192017 0.366180278648712 -0.0256039182914769 0.109269423367574
0.461928789290356 0.0860101974308774 -0.0732377775781815 -0.0150613481538366
0.255635572815379 -0.336071205964118 -0.0879558307974189 0.067807392605397
-0.203126136461845 -0.43846169932997 -0.0337930274087943 0.0958115098251811
-0.396395283011778 -0.180409528954259 0.0243130444893214 0.0751782849751344
-0.388216742916655 0.0738674405212708 0.00437759417406067 0.00959995039032283
-0.285293272203814 0.298553371344835 -0.0260734753636829 0.0237721147912962
-0.267721352605943 0.374147034849785 -0.0485238015511493 0.0624496323082131
-0.34931810967395 0.313282329221336 -0.126383346111278 0.0334171452416427
-0.455807429016842 0.0816960008336179 -0.115766772433138 -0.0435124383951031
-0.42928959521836 -0.208775483624627 -0.0632754057855814 -0.0908729848301439
-0.199013840567245 -0.548869820962931 0.0222897000660806 -0.112789933479456
0.383787453988266 -0.408239723321785 0.102585760249317 -0.080614525364628
0.586417800379015 0.120240922787881 0.0271074395723075 -0.0948789648752432
0.446480419925176 0.484859764246725 -0.0851442289018089 -0.17152035674372
0.222086773653028 0.356731197600698 -0.0936780838609453 -0.0217240686949503
0.401735045000201 0.162559709221324 -0.0976244898474867 -0.0539429601755744
0.284635170208422 -0.247081504999168 -0.0622551684546724 -0.0183513638319433
-0.114435604676067 -0.405123869962825 -0.0706021252444308 -0.0235478682018302
-0.32967711755116 -0.212208809900112 -0.102787579571162 0.0130504048858122
-0.347791672553733 0.0103577237233511 -0.13577227280162 0.0445237848576559
-0.251927446621427 0.228697350566768 -0.134749371780026 0.12375619275307
-0.218186052463418 0.340018797478053 -0.134238400640333 0.196425476857066
-0.28906581440451 0.303461129226632 -0.2306300633613 0.16859790466418
-0.369440404975066 0.118015347846065 -0.23972289804208 0.0380082202346346
-0.385753572702512 -0.109962295585798 -0.178690389312793 -0.0654991560080317
-0.249400722124271 -0.443012413118044 -0.0832665404849933 -0.127561304904659
0.273737876574335 -0.406738887087513 0.0107564414642666 -0.140065559185321
0.518269563321478 0.0352120956253729 -0.0817062095820537 -0.203303264230868
0.43358173418914 0.418616661135709 -0.223805210960683 -0.364004784609843
0.113858759530668 0.313179379245847 -0.137502583794245 -0.154141058743117
0.308243862297989 0.196938001501751 -0.0997803155335514 -0.0789448451666912
0.25920219697064 -0.151565900604889 0.003177282592805 -0.0916228416279329
-0.0477502624066399 -0.306938313513572 -0.0603983953504787 -0.14639157996386
-0.226749868371104 -0.184225058542415 -0.191756232044199 -0.0769951522686325
-0.251405380172842 -0.0295096306467728 -0.252438743486686 0.0441403521513768
-0.177977809804357 0.134155456737977 -0.224876798291486 0.187542978164338
-0.138214765525282 0.251266869397821 -0.197153977881422 0.29556045173552
-0.194455126435754 0.239570782389508 -0.292170702936092 0.284229321945081
-0.24388649084752 0.118031234712469 -0.320387410507755 0.125886377080104
-0.285449944850493 -0.0217291782088166 -0.260703814780956 -0.0170541313233866
-0.236850545750583 -0.285458418244725 -0.169150645041303 -0.108214141709889
0.140661228973551 -0.326367842349591 -0.0792579019111398 -0.163398796632572
0.353552736998651 -0.0330367002153587 -0.1773299157741 -0.262614064954383
0.335546407748266 0.28179839512042 -0.341075464032506 -0.485724229730064
-0.105461327875447 -0.0842295701596986 0.366296450153751 0.470456770457079
-0.166310154525403 0.0371099882957386 0.329253425605164 0.196027706906093
-0.014905749621187 0.180883202051224 0.157331999015368 0.146673292084537
0.167697987752962 0.0921538449478957 0.240534799636942 0.147933702004669
0.139992066416531 -0.0302173381137573 0.368130783591588 -0.0236543053018626
0.0806938050782594 -0.0640172656714539 0.370362529191632 -0.21969025852321
0.0394859031414532 -0.100133642037733 0.272403163103748 -0.349367916290642
0.0370486938616703 -0.125842218764814 0.224112748375279 -0.380362707172057
0.104266796901197 -0.078392005814387 0.306274290181017 -0.292580141391538
0.117708934686807 0.00877863679709893 0.327303566634393 -0.0802751290559523
0.0975338082271117 0.0717970885818409 0.24680173297524 0.0977013434932004
-0.000621219513804328 0.148552606444848 0.0861813995140045 0.186466084408062
-0.154375565106563 0.0494724489272433 -0.0467478785785031 0.191897707063131
-0.151308101600469 -0.148726164169504 0.018434274959058 0.169153222376769
-0.0989769567647975 -0.224772360220334 0.232810923611153 0.312612498664835
0.0811657333058456 0.0681990026835199 0.375512470399397 0.472535074172024
0.0733218975836944 -0.000831964003141255 0.304856913562072 0.169695874105919
0.045039693770383 -0.0182760364687689 0.164871387964101 0.168641465841787
0.0142636586002026 -0.0580905717434216 0.267579431331223 0.148482732154016
-0.0341177314779734 -0.0355195041289841 0.385877646026701 -0.0491231892426214
-0.0595490528532811 0.0192938817683403 0.357384616754755 -0.26145046417218
-0.0595354811669144 0.0432650826246099 0.264892733266622 -0.374756732204298
-0.0597820422054862 0.0197137116266364 0.234520354530535 -0.389684346630552
-0.0387878950315978 0.0311940369910335 0.310123169576513 -0.29754870390829
-0.0670261002633129 -0.00154839759139792 0.34516500251508 -0.0843302413492284
-0.0290119473258791 -0.0573734458741198 0.278838799236998 0.107918932702372
-0.00431479881065414 -0.0437988755089954 0.118918251236542 0.215030878495549
-0.00650784454877681 -0.0329473372212077 -0.02289236693423 0.222581019549277
0.004846297385142 -0.0681690142459749 0.0154801868043686 0.191195241489941
0.0305810872336665 -0.0695485064765544 0.21314209677375 0.355665010591144
0.248306522799736 0.191929514558614 0.315387550992581 0.421490807991702
0.283570894520221 -0.0481237320290619 0.216634691800341 0.129886639252275
0.088068134119145 -0.2153941610261 0.116457996891472 0.191264228822075
-0.148246031461679 -0.19663520663071 0.246755822831722 0.172649301811702
-0.204394487925928 -0.0325490256493369 0.367743669423043 -0.0303609702167493
-0.188810141705824 0.102332482393087 0.319660247411437 -0.244649720292833
-0.147787961425937 0.18319201230013 0.230794880843598 -0.333672127431501
-0.151265542532403 0.164046444496841 0.204638395242903 -0.335773351005189
-0.17932635891467 0.135504928639246 0.251037637028518 -0.267992106537522
-0.250013717234355 -0.00935405791382696 0.296423747396246 -0.101796982486786
-0.166703913165111 -0.180044576281297 0.266421385466168 0.0628819110125007
-0.0145523743896769 -0.24832112209357 0.163002457719965 0.171612162324954
0.161094532377634 -0.123123067208661 0.0554718570712073 0.209484384665675
0.185048709399059 0.0370178319293866 0.0537674013212692 0.198276616604619
0.162652456443369 0.122877722409265 0.180135319642622 0.333614016578743
0.354967945210372 0.281014934313241 0.205208875186887 0.338833568894214
0.425491215460794 -0.0600391712263578 0.097230854299054 0.0853009396915991
0.132082043575513 -0.353113680488356 0.0342286485821776 0.190512665043559
-0.260241340591697 -0.316978328813108 0.170975779588357 0.191801718704597
-0.339604950327478 -0.0525164098386716 0.294651762042355 0.0231263227792106
-0.296524421783948 0.149146221640763 0.247604992951464 -0.171682585739548
-0.219999482199449 0.286970067217339 0.169334215848609 -0.235627221642411
-0.224836101721194 0.284443570184751 0.137616208487329 -0.229089699493699
-0.290771269622781 0.226007524255447 0.141975446913424 -0.200936056873872
-0.39694745125144 0.00550018703712198 0.186739343412235 -0.114217047734261
-0.305328369365856 -0.259427426923948 0.195197295631101 -0.0103023284512603
-0.0567124948148862 -0.435822840627206 0.173419576568138 0.0711996018865299
0.31362639812182 -0.233816778900242 0.134610687511648 0.134905529502252
0.378194688687911 0.124388786952163 0.0999423287957725 0.148400128746631
0.291610803251505 0.310782984917713 0.127739124550909 0.226476524389315
0.379770186996929 0.329332105856969 0.0832205094301001 0.229903282147326
0.48204089721709 -0.0186246479087994 -0.00936677222808168 0.0370807514277501
0.183673282776766 -0.393899713707107 -0.0448180970348447 0.149057448572973
-0.283231060864167 -0.398434212857072 0.0659103607359175 0.171344092905311
-0.410994744115286 -0.10031332160361 0.174180692807329 0.0696702775802385
-0.367839890673616 0.143265666647466 0.13883254441669 -0.0740404869778185
-0.264969857308903 0.333579168440174 0.0798073012543633 -0.105802299158316
-0.260647292102618 0.3643999065375 0.0475267981087122 -0.0876317153318153
-0.346038837717882 0.296859529395102 0.00508316333654889 -0.0945760499922472
-0.470330045719673 0.0496010982818897 0.0344604613461555 -0.0965536095434516
-0.409300124985512 -0.262222034168164 0.0708922054478039 -0.0725295021822691
-0.137453808769461 -0.551423120907986 0.120885050434635 -0.0427073434889293
0.396624050543114 -0.351979801801301 0.156057027656522 0.018618485754886
0.5377406943288 0.146231799075078 0.0973990824529557 0.0384839165444219
0.404605643133943 0.439069517328451 0.0378089261615354 0.0457662011410094
0.331265392085563 0.36189644432749 -0.0218329013198132 0.11133758451212
0.472101567422878 0.07190053070863 -0.0748401576488311 -0.0142229195311716
0.247389833816034 -0.349118735931993 -0.0870459801029665 0.0709514345347247
-0.22186955491428 -0.437114137946181 -0.0310123640856704 0.0982933336011875
-0.408681978772916 -0.169772653445808 0.0285930457507869 0.0747358433488767
-0.392531358068485 0.0879041771024155 0.0043728082259831 0.00935065485433119
-0.279544156305424 0.311942146879083 -0.025596254675005 0.0249797145822753
-0.257805627046431 0.388998202457432 -0.0470314206086667 0.0646753343740097
-0.344702446964272 0.330957578452085 -0.12678514239621 0.0389642988452901
-0.459800124937808 0.0980346963961624 -0.119259511724661 -0.0409436691365571
-0.442635726767841 -0.198327009820832 -0.0677494026529867 -0.0904609568031221
-0.221216898627749 -0.549796807491589 0.0201821887141276 -0.115293262766776
0.374874562395375 -0.426583227511055 0.102320714194593 -0.0848130663446583
0.600079012817559 0.101838207232121 0.0245204928725182 -0.0963184010492233
0.468930560718009 0.477812803666975 -0.0924446464121105 -0.169864454580937
0.238012320785508 0.354735951371417 -0.094291070592997 -0.0197004270181584
0.414347724659877 0.150660203395727 -0.101615995666579 -0.0521699712785457
0.27992119283843 -0.260365712166372 -0.0633136239461873 -0.0167406727747367
-0.130956980578368 -0.406113374084699 -0.0722149042044184 -0.0212003373450052
-0.342156924799354 -0.203587840665284 -0.102667177520124 0.0159430836813151
-0.353497127396089 0.023246588361637 -0.136742496854823 0.0495226254922261
-0.248332335010308 0.239719563112992 -0.132861661330197 0.129578345796744
-0.208730151178545 0.352726183035502 -0.129410925960391 0.203424792125838
-0.283111226841021 0.317678840140749 -0.228147276088973 0.179742750692428
-0.370904106728109 0.132534684553982 -0.242483214020214 0.0459007051056458
-0.395051369069256 -0.0978840812008132 -0.183807512674675 -0.0616474489693681
-0.268053939923905 -0.440705401642796 -0.0876482406812938 -0.126935755606907
0.264061265731087 -0.421087803812878 0.00665438239054633 -0.143468968676522
0.527671003036723 0.0182941198722447 -0.0894355004292816 -0.203012724029735
0.453560240201424 0.408999756712886 -0.239954920480291 -0.359997257679405
0.125776571684794 0.314672072860822 -0.1442193086707 -0.151915678290568
0.320380650993046 0.189151244979117 -0.104143738474194 -0.0769009700194657
0.257572634562844 -0.162830404156891 0.000348591681673635 -0.0930904207229162
-0.0590776635419942 -0.309351212260874 -0.0661526601276651 -0.146196880034526
-0.236772618009867 -0.178348450816846 -0.194704741463628 -0.0740910631114836
-0.257174772719544 -0.020659741158016 -0.254525656059335 0.0526927038670181
-0.176142193003595 0.142403621890228 -0.221799359015532 0.197361974863088
-0.129910904419501 0.259603871777787 -0.189614903281776 0.30463357166316
-0.188634337059111 0.249483939786947 -0.286052983107029 0.297984231739971
-0.242792276504768 0.128540615674279 -0.322359520006341 0.138365576495262
-0.289329886890379 -0.0132080390428241 -0.265132952085929 -0.00950485084478427
-0.251337892790237 -0.280996772361086 -0.174184992046668 -0.105486319326689
0.131625710612431 -0.335110863929726 -0.085467211475585 -0.163264290993198
0.358307732386248 -0.044135483265138 -0.188189771720536 -0.259592473501979
0.348886560004218 0.274117030667754 -0.362397824511752 -0.480167277580314
-0.109688977094204 -0.0829845749426752 0.387913380197332 0.463571756380372
-0.168348416995121 0.0438199259812437 0.339145574033852 0.186354612239419
-0.00825661099267369 0.183923533026756 0.163531469738506 0.143435205709094
0.17374858412158 0.0865714806448339 0.248444274272582 0.14264477684925
0.141379712852514 -0.0354840902734752 0.372194695241376 -0.0351849313706011
0.0805328712543265 -0.0677007987203719 0.367620861111076 -0.23541977534308
0.0370686519244014 -0.101752885633924 0.264734736178211 -0.362130215243961
0.032543296286653 -0.127922892207244 0.213414325397154 -0.393167255768564
0.10226648901058 -0.0835589882696143 0.298680962409788 -0.306827507695791
0.119685486749391 0.00482565486219376 0.32845743467598 -0.0932806053529708
0.101330280587143 0.0687639379523633 0.253111469900577 0.0906675579298076
0.0051737642771007 0.150007596864279 0.0934144109560213 0.186338104996541
-0.154441084984041 0.0558639153085179 -0.0410700481741914 0.196016552276647
-0.157978040738922 -0.145849853123357 0.0250054804661671 0.169996452881379
-0.107271115003944 -0.22356556364335 0.246464020411349 0.306850556881533
0.084450554007178 0.0651249849901663 0.396646306156498 0.464283757939305
0.0733941107745981 -0.00365498671801614 0.314745970652275 0.159606295397276
0.0452734933545673 -0.0198131890584451 0.171401480448287 0.164579132263065
0.0127369739569316 -0.0587431180812851 0.275688726789859 0.141215331291461
-0.0351914437345283 -0.035302884140577 0.38956719656865 -0.0633746564577619
-0.0596406070253629 0.0223466222380806 0.353244041942379 -0.276497054909912
-0.0586183191157369 0.0467570480303489 0.25554288800551 -0.388753942023789
-0.059931649043811 0.0223782725660144 0.223113153595897 -0.402168742349793
-0.0383159485029579 0.0330191667729782 0.302500556514492 -0.311553492466097
-0.0681193559080731 0.000401946266762833 0.347447045591502 -0.0981500811427194
-0.0314126612358351 -0.057894243778099 0.286551716732728 0.0998846477924847
-0.00519556585191519 -0.0440056094509159 0.127687749821272 0.213159510919034
-0.00760938144945372 -0.033286007287521 -0.0147168786305385 0.226388039418239
0.00290825771279493 -0.0683090441352172 0.0226734839561576 0.193351785867279
0.0289350057931377 -0.0712943725887817 0.228006610143468 0.351551545315129
0.258203111808731 0.184987162519376 0.333856530915247 0.416199148412427
0.284952905621701 -0.0583706034494816 0.222985206994507 0.123094733475001
0.0811379992853222 -0.220844485078873 0.123806362646716 0.189632614626309
-0.156668114434655 -0.193891363940264 0.255153872776628 0.166552940881152
-0.207860828322662 -0.0260175314008668 0.37165955193783 -0.0427434929904147
-0.187457525926941 0.110704914251788 0.314947821731454 -0.258318263501343
-0.143121056838894 0.191086249009867 0.222008301261359 -0.346215700626343
-0.147665383050989 0.171289166181328 0.19482608856978 -0.347124521680818
-0.177048426010001 0.143140151051733 0.24463516221442 -0.279905036312074
-0.253776642890992 3.93890023391383E-05 0.29760340741473 -0.114487525540192
-0.175474276786205 -0.177689886952745 0.272190345396876 0.0549626967565618
-0.0226079463001664 -0.251214667754931 0.171262545798892 0.168081215257265
0.159459548187632 -0.129988194623548 0.0633114417891689 0.210292957150709
0.188616686676457 0.0314972848952362 0.0618866574657956 0.199336262266931
0.168353545991608 0.119052364747341 0.193662237764411 0.331416448639444
0.36887844836733 0.271509128210473 0.219490498648668 0.336781870274584
0.429762609340251 -0.0749668095728353 0.100912420664669 0.0818743669383753
0.121531746373437 -0.361716719897049 0.040905603707145 0.19107515261825
-0.27449538852727 -0.3113449088646 0.179592940344885 0.188364279051596
-0.346762953155422 -0.0410943804553176 0.299805255580689 0.0124396278129582
-0.294823830663002 0.161001102914606 0.244686419717474 -0.182033494307275
-0.212962624108113 0.299384082869661 0.162757739999486 -0.244425086214724
-0.21775353630021 0.295946598751944 0.130782812784883 -0.237185924148831
-0.285779429558752 0.239406215738314 0.136229621584423 -0.208146127096964
-0.402106860214204 0.0194488981584729 0.184733154024613 -0.12253387240983
-0.318686074237739 -0.251934112422766 0.197080691547407 -0.0175289310546149
-0.0729758688784181 -0.438731351056143 0.178827052753256 0.0659649474319626
0.310296485750533 -0.247844058221521 0.140703498836233 0.132234771283129
0.387862943699191 0.113175725646031 0.106299802798674 0.147673544827981
0.305456472684733 0.304528296710035 0.137162092812239 0.225045228298326
0.395312680566 0.320840292665179 0.0932052093968224 0.230136819139718
0.487792904902633 -0.0350874293700025 -0.00868131198500783 0.0367166948429869
0.171922177878947 -0.404819549899125 -0.0406870544202329 0.1517229877897
-0.301282677098834 -0.39276834463224 0.0724865985767421 0.17179021983549
-0.420543225335246 -0.0870667993906962 0.179032895741323 0.0634197904103727
-0.367815846775755 0.157882061832552 0.13763364977584 -0.0805424578112914
-0.256053301889777 0.347133858515531 0.07631008885633 -0.110417595142794
-0.251094293788326 0.37818455642856 0.0446889134037386 -0.091007507880325
-0.3394860811282 0.312453202443683 0.00153903697238222 -0.0952778401420481
-0.474949116605934 0.0669759153343441 0.0312877240731022 -0.0991858513260745
-0.423746785767203 -0.251552173183485 0.069351731068279 -0.0762209216534342
-0.158231394444074 -0.552446989262155 0.1216642785523 -0.0478941590509474
0.389566784630434 -0.370804925834167 0.158694604124109 0.0137157119497907
0.550720584405939 0.130033016405585 0.100179307985473 0.0359363088422728
0.42457504264429 0.431862649013452 0.0396967371197524 0.0451368701248301
0.346977117762944 0.356492068236088 -0.0171951477394882 0.113280096386272
0.481717580792086 0.0574060983793207 -0.0767820311411634 -0.0123819142477125
0.238923617400362 -0.362029312709336 -0.0857887151667431 0.074234157874766
-0.239822231063322 -0.434510296426816 -0.028244933671707 0.101135089152263
-0.419763713324484 -0.157085603544261 0.0330053367400247 0.0730728418574459
-0.395149468637204 0.103640619192723 0.00372943398855357 0.0090986042200878
-0.27141730673071 0.325492013640313 -0.0254738986170075 0.0255529700245761
-0.246657531315689 0.403184248851811 -0.0449379590849412 0.0668311735533211
-0.337064484380693 0.346772448383704 -0.127118190109999 0.0445544414824308
-0.462043631585854 0.115350260159571 -0.122447868485609 -0.0378383777188757
-0.455316381254309 -0.185602941464523 -0.071941351305685 -0.0898942013251118
-0.242739283746069 -0.549279642713917 0.0173134581326858 -0.117668847839934
0.364826719971026 -0.444304763088122 0.100485476101956 -0.0897449343033545
0.610857031487685 0.0840586606599651 0.0218056331736763 -0.0979367023178803
0.489776368526379 0.466751098683714 -0.0995650303078479 -0.167935118444003
0.252265084233688 0.351528830070441 -0.0961379841967204 -0.0171355906962429
0.426255693977087 0.138621425333157 -0.104853969715378 -0.0499629324585549
0.27446758948499 -0.273307410719212 -0.0642424581776893 -0.0151575968589023
-0.14701276283476 -0.405751849460697 -0.0733225293004831 -0.0186558069829753
-0.354357315057607 -0.193738811165788 -0.10185471946829 0.0188820239188564
-0.35787038504011 0.0360549666662533 -0.137712131603159 0.0550805793092627
-0.24255445008745 0.251975735033603 -0.129583683907725 0.13523522468528
-0.197711344578882 0.363715405786562 -0.122744491628347 0.209402600998465
-0.274698689573907 0.331268718850803 -0.224288337954503 0.190526106782868
-0.370568650951576 0.147392889893852 -0.244760454527411 0.0544285164420343
-0.402876395534731 -0.0863709658757877 -0.189080330798716 -0.057148259913902
-0.287033876803152 -0.435544518295615 -0.0918543718340474 -0.126284429246911
0.252843628842883 -0.436192013500376 0.00233735697169015 -0.144773083999593
0.534389005594132 0.00169326550801411 -0.0971446298461879 -0.202070402322162
0.4722319732776 0.398378443765786 -0.255985256624326 -0.354387447410236
0.139034229034316 0.315272406326485 -0.150445226308808 -0.149831434652449
0.331450777823324 0.180251482561225 -0.108210625113298 -0.0740580285583294
0.254882374281849 -0.174466585748692 -0.00258587028583113 -0.0940531602295797
-0.0719520739769547 -0.309934043954783 -0.0710747197904412 -0.145771106027831
-0.246772022983169 -0.171396467916099 -0.199792355647576 -0.0674405456682014
-0.261829403315344 -0.01177894671702 -0.256379285905898 0.0624346039020412
-0.173804864415825 0.149875038229007 -0.217868357484736 0.20670557818045
-0.122086376622914 0.265600010381071 -0.180463077545925 0.314757223178418
-0.181303637719446 0.259092684664141 -0.278669224660936 0.312161745988904
-0.241729682671525 0.138697312825293 -0.321795309140295 0.151107583055016
-0.292849857153611 -0.00304669472413184 -0.269016747928685 -0.00185833606370063
-0.264738213899137 -0.275277484387119 -0.178800209676167 -0.100848032289979
0.121185540772569 -0.344687862063299 -0.0914164707359134 -0.163287756813798
0.36118425967275 -0.0565952965903483 -0.199403273243488 -0.255580475975747
0.362448995508907 0.266543861520201 -0.383501399518852 -0.472247564775346
-0.0576420934679446 -0.135212968193773 0.1307377838233 0.605021164414628
-0.17577195257047 -0.0438323770370871 0.224905789479845 0.32694701852248
-0.0937240891202055 0.160234739456602 0.0842512680141714 0.200991228002421
0.114511561343991 0.152586295278916 0.160519673792684 0.238792440694041
0.140559322120623 0.0294054163361515 0.349939953442303 0.133644191421965
0.102199443116654 -0.0265640904505096 0.438022429431458 -0.0396409347555094
0.081803663188977 -0.0787005114184653 0.403772120766364 -0.200977441111535
0.0889947463446057 -0.10295140084325 0.36696203334987 -0.255027898145416
0.128982797127443 -0.03241275755512 0.405633396370725 -0.139098177473876
0.107896560596319 0.0555282285227211 0.3345287255509 0.0664005383117781
0.0621814347593666 0.107539817991159 0.18343869612414 0.200884146492061
-0.0604065036941136 0.138372189046497 -0.0077444350408103 0.21274943742289
-0.165014575261482 -0.0200524853245317 -0.132294369290326 0.153578537735741
-0.0753258737649576 -0.200294031456104 -0.0535917457708817 0.164088839379355
0.00694125900077471 -0.250025288843796 0.071426302312352 0.398539576738014
0.0481788797301817 0.0898472388095291 0.143680077152585 0.603999327816635
0.0654290960549791 0.0257350266104764 0.209866126845842 0.288019055638932
0.050208990489092 0.000189514657414067 0.0740964394023575 0.226249133518269
0.0375781947614166 -0.0507107889235827 0.181078136151875 0.255178353880315
-0.0179593702046587 -0.0524665386838023 0.377916620976274 0.124674449751455
-0.0655783541409246 -0.0103963826892744 0.447060450395294 -0.0797564037475011
-0.0730578922330864 0.0114003982672472 0.409376523370879 -0.227210115227592
-0.0661940099432585 -0.00947573989372246 0.380225038323846 -0.256942740313705
-0.0501966749570769 0.00882234733565491 0.410325365132357 -0.142594379041138
-0.0601427688819009 -0.0324981216504303 0.352840463535969 0.0682251443976938
-0.00019187099710654 -0.0675192490061388 0.211423264873155 0.219013858998545
0.0188517311569333 -0.0388435035519608 0.0150890037488369 0.248581562102541
0.00855108724264785 -0.0302707610047712 -0.12013968171312 0.195848641390774
0.0344421334299891 -0.0566565413301304 -0.070873964705919 0.186350947655024
0.0596765454435871 -0.0510212889715398 0.0293887144568707 0.429293158471661
0.148576104182981 0.28118089520804 0.11333675507183 0.526875396012095
0.282567460486391 0.0752845146674807 0.136290281082739 0.209911490161338
0.177287669961101 -0.164718164804697 0.014230826234092 0.229295583585303
-0.0519063310675868 -0.248687749311294 0.146845940250396 0.273821510582755
-0.176621717196467 -0.124779668766291 0.351464446633578 0.14286661341527
-0.221938728551552 0.0105856947203496 0.407378185364433 -0.0784707241499028
-0.216600787237841 0.103603336612692 0.360699874417629 -0.203593921545352
-0.216009323654036 0.0852383262591373 0.329638530881589 -0.219845809873646
-0.22505046075488 0.0453582527225637 0.3437334599609 -0.141591519611076
-0.228119431700843 -0.116518896778511 0.314662480707146 0.0277646712760031
-0.0765371719274789 -0.241873776809004 0.220772174201625 0.166401272432779
0.097636107964562 -0.23176705671265 0.0797585086746794 0.22423811385165
0.204500293840036 -0.0389691124264608 -0.0382906579100185 0.222623738141408
0.156258371567192 0.118540005208198 -0.0432417812988801 0.21381850655965
0.0978607828203418 0.184433639830821 0.00639844013331908 0.394716404144957
0.207673300371451 0.413495148296744 0.0486047529365534 0.398744721186801
0.423622205464312 0.128098488802124 0.0413076500114737 0.114254073918733
0.280405021915441 -0.272352914932599 -0.0651811675412955 0.193165909778228
-0.102426299862597 -0.406960742547149 0.0647964337385551 0.261688228305763
-0.292965863880073 -0.202268585041505 0.260589558646906 0.165471131598937
-0.342076022699211 0.00683133144781838 0.309802967943945 -0.0403419661116843
-0.329808734924004 0.169580178722124 0.26169222414082 -0.139408053735204
-0.337332412579948 0.167228371790293 0.223449291238536 -0.148867594024064
-0.366505008470214 0.0837088672173498 0.214470941904096 -0.126607989160085
-0.371627713956845 -0.163410448980018 0.217755788047503 -0.0317020983440731
-0.171676196895596 -0.374355746946215 0.1874582757469 0.0625434448756999
0.137305037879561 -0.423826906430411 0.137521985431983 0.131571221217781
0.396291261384958 -0.0746588594032441 0.0728228666885548 0.191211780147329
0.296901001226839 0.283099961247429 0.0181454545262964 0.192798196880808
0.136317824812319 0.412866483423166 0.00375435756568695 0.269623645179171
0.208327759643355 0.472163078612536 -0.0139351252196051 0.242178704079714
0.458452303078705 0.193942975844459 -0.0373820830943236 0.0202335818717596
0.346687701901 -0.287036739737549 -0.121746322579811 0.119231811199617
-0.0877597344327149 -0.490713391102668 -0.0262569581542393 0.197061493389799
-0.335987279846712 -0.27644438122519 0.124703630028935 0.160026153520718
-0.40546312208105 -0.0287511242328787 0.166034496624097 0.00243888711286971
-0.39086586032212 0.193975217761648 0.122835716244435 -0.0590917058448037
-0.40458095988984 0.225967687128536 0.081096199112534 -0.0563541470045659
-0.448365719065345 0.12688056875973 0.0427434648132512 -0.0869462841670397
-0.460097080258777 -0.153196871327108 0.0698053862344843 -0.0811224290819364
-0.269745712291263 -0.421133402163165 0.0986793616351083 -0.0518586677927649
0.111127760944744 -0.564179364784166 0.140741917897117 -0.000657819206898287
0.523750192914144 -0.148556176358406 0.148479124810493 0.094000516041496
0.436086096974826 0.370011290736761 0.0635155034967828 0.0928261566355335
0.183873613438444 0.58118048228216 0.00321162025848507 0.0615131295794518
0.147693241759328 0.483127361829156 -0.0583671853193139 0.0859916046609145
0.411731824464038 0.275958150175608 -0.0744262806529865 -0.0579658671550737
0.387282936681098 -0.216570164533952 -0.125578020055799 0.0260312441648262
-0.0147109533036532 -0.497849779364988 -0.0852761991213192 0.0846476357236702
-0.302791575571362 -0.337717327231253 -0.0161709279511414 0.100030071614599
-0.403667315725088 -0.088963898399349 0.00311644149649203 0.0206766729893123
-0.396548797960838 0.168763027506937 -0.0317621405733923 0.0141370669067627
-0.413097446997025 0.249425396914076 -0.0697081923439541 0.043429489297011
-0.45967014421958 0.159996731897312 -0.135365181797841 -0.019851190937878
-0.471061539555151 -0.102156724401479 -0.0954882424069783 -0.095503200722483
-0.328801394587095 -0.374999350924368 -0.0230305826887297 -0.129017392684372
0.031876010852887 -0.599105695707533 0.0785744308216288 -0.113845572627263
0.535957416755811 -0.22737482139517 0.147094902566776 -0.0277164280361194
0.508521794983548 0.356013501578377 0.0584337820696636 -0.0640124971317123
0.227354682461278 0.643818365717325 -0.0169509305917664 -0.198831527351179
0.063771381776562 0.437901024627375 -0.0683415568350418 -0.0670247130668055
0.324243249902824 0.323542901923103 -0.0800547399977586 -0.105577090237658
0.376421096343591 -0.119176221256915 -0.0630472166484272 -0.0462124962970041
0.0536384163625329 -0.427947325887176 -0.0694122862781068 -0.0470229247463052
-0.226483282052681 -0.336476307894064 -0.1118542428707 -0.014849624162999
-0.340066375090206 -0.131220417125691 -0.146234972947194 -0.00596144598914481
-0.3364433346246 0.117085047322519 -0.17685547952956 0.0628552756361347
-0.349522792741136 0.23939015665084 -0.202699112949416 0.134301646930512
-0.397354944086257 0.176406080818572 -0.287290279373038 0.0673485706253066
-0.40246033827243 -0.0316990079072424 -0.24553898893622 -0.0665023466915992
-0.326868665516207 -0.260767219523324 -0.144276038639001 -0.150610615961336
-0.0602582339662611 -0.518775124805231 -0.0182314627390899 -0.170742965399344
0.430909046940274 -0.273815483657974 0.0844922289784217 -0.126998414633702
0.478695327641693 0.244377387381544 0.00347765644486689 -0.216512027931056
0.241103787714258 0.574677864318325 -0.0628637576364832 -0.442847930440684
-0.0228322910688218 0.353631146720133 -0.0572690473522901 -0.209926358838848
0.21941202204535 0.317945212758921 -0.0682893529711031 -0.128485050756779
0.311604402428129 -0.0390812211650569 0.0325868647892947 -0.089341651490467
0.0757324326799915 -0.306731014559472 -0.00578564401138766 -0.163111326221274
-0.14119501503418 -0.265351596398337 -0.157204955694661 -0.142608133307567
-0.2312329057874 -0.128731527702226 -0.258156040935545 -0.056992460690213
-0.227810477035839 0.056765165091587 -0.289032665636317 0.0851592168911647
-0.235274520311736 0.18607746417897 -0.301541169591861 0.201247448917727
-0.280346967898846 0.154462033451787 -0.391001498615771 0.152742689459523
-0.282074860142235 0.019214450206968 -0.35677937475866 -0.013302647352754
-0.265845855796261 -0.134665738743952 -0.242407389072895 -0.134033920378927
-0.113816917641518 -0.364582775073109 -0.110392561316196 -0.185426815822219
0.268997244155856 -0.253474664746924 0.00584609607247734 -0.189281980491583
0.348065325017576 0.111077252815999 -0.0600936513471062 -0.317478070537627
0.202227378362611 0.405081210385775 -0.116821640601942 -0.611565913364792
-0.0627333524123804 -0.134841236528507 0.15437015048253 0.605635182510867
-0.179467695868628 -0.0379922844038948 0.238186015484827 0.319893279042616
-0.0885624453051576 0.165129770165941 0.0913346925505517 0.199839339326948
0.121785512421243 0.149300746832716 0.169837857785492 0.235269501097743
0.143319350358126 0.024580997418744 0.356870971807921 0.122968464486953
0.1028589153039 -0.0304837080775386 0.440381844077828 -0.054964020914978
0.0797201878396798 -0.0816213435547094 0.399534505002745 -0.21635064079068
0.0851680774265061 -0.106510815427001 0.359835566449611 -0.270125035820092
0.128342883010864 -0.0378180898069801 0.403023420004969 -0.155904903054311
0.111217899455514 0.0517104185226251 0.340435519974262 0.0555730098523346
0.0666683087958127 0.105869829558341 0.192234659310135 0.195866547762828
-0.0552265265243121 0.141200857935195 -0.000503469296032658 0.214952358788564
-0.167264974954603 -0.0141958778975015 -0.12749379282604 0.159915950878344
-0.0829513097045463 -0.199493078673272 -0.0481631353248868 0.167574779181254
-0.00192738262002891 -0.252872904962287 0.0872266272452519 0.39887494139317
0.05192537361288 0.0883931532537884 0.167038402286146 0.604978046535082
0.065733412984073 0.0232952839088528 0.219692001398092 0.281995824722021
0.050657647838839 -0.00106872523648576 0.0823193972763307 0.224851567921326
0.0361776455244846 -0.0524458579748189 0.190958469405051 0.251040408345067
-0.0197243371262096 -0.0520302087270673 0.383590480780877 0.113732564273949
-0.0661504866422813 -0.00777727028276677 0.448630074845862 -0.0972187059797634
-0.0733832100852637 0.0146658947365389 0.403871627763287 -0.243187855653277
-0.0675639182218951 -0.00656146180698529 0.372071597042177 -0.273157761848353
-0.050808481380268 0.00971018624363439 0.407546662482066 -0.159218668468667
-0.061464614039958 -0.0309394266233132 0.357933842527785 0.0564866565850872
-0.00240431842660579 -0.0685034578377621 0.220480929932144 0.21326457592158
0.0183887427564788 -0.0400480575367596 0.024324892723462 0.250926682305368
0.0077272954834272 -0.0303205407209741 -0.114482936646951 0.201799017796403
0.0324783679301918 -0.0587914469897961 -0.064701690655151 0.191095622337894
0.0583594236973945 -0.0536490178001944 0.0456032414909459 0.430789649578904
0.160251927118957 0.277411099692313 0.131942475187308 0.528893930029008
0.28767092347506 0.065250284019483 0.144855018189333 0.206215601411823
0.172672411822564 -0.171889507733336 0.0224666980118533 0.230350318607003
-0.0607375075497177 -0.248699094074085 0.158135347621471 0.271834789964424
-0.182481129151523 -0.119635421950345 0.359671823389015 0.132022150169561
-0.223714454674353 0.0192667490596701 0.407674878365023 -0.0938227940930254
-0.214652463705549 0.112924287615842 0.356017130348793 -0.219247995301046
-0.215029289633537 0.0940761384207491 0.323977932159901 -0.233286786202718
-0.225758375352982 0.0541172875312982 0.341306891068761 -0.155307061746476
-0.234636415965531 -0.109144450394493 0.318817631032462 0.0167270772344715
-0.0861804826397576 -0.24135322922465 0.228634609374664 0.159942668937693
0.0900077638945533 -0.237166600772555 0.0887998956739928 0.223674268722887
0.205362983849333 -0.0463690047774678 -0.0306147852641361 0.225563979205446
0.161874123424463 0.114334170519072 -0.0358830962352257 0.217607416871865
0.105193088704796 0.182177263869042 0.0200578322827381 0.396935502600897
0.224194304392255 0.409909945085807 0.0642884078972408 0.40043257548205
0.432523775158819 0.114384857389607 0.0462124697080505 0.112255577215093
0.272249780089798 -0.284843883242752 -0.0589877836802638 0.196506148997812
-0.118000911884697 -0.405616171626457 0.0743952419968577 0.2619087120732
-0.302755382575509 -0.193267089594274 0.268351664937189 0.157783661601145
-0.344940042325808 0.0195794991309326 0.310524919486382 -0.0523591227810154
-0.3261430018405 0.183046310005007 0.258578894149726 -0.150720668312871
-0.334091145577412 0.180120064241211 0.219548940238222 -0.158273216650902
-0.366473602940974 0.0977415257816925 0.210105292857138 -0.135518804392328
-0.381658275711833 -0.151602123913273 0.218562065531553 -0.0402165224093165
-0.187288753046162 -0.371911176265738 0.191502972591763 0.0558454546395642
0.123050796379519 -0.430851182312294 0.14423524893093 0.127847998233085
0.396230788937058 -0.0893205061418659 0.0800715028054412 0.190934568524945
0.311057796968709 0.274652978688525 0.0246275798827026 0.193931343233584
0.150768821272519 0.410420464053628 0.0134026692157794 0.27275706682986
0.226347789109912 0.468964235361689 -0.00428228409613998 0.244606736073296
0.469737997949929 0.178188150588737 -0.036791315087619 0.0206044362082521
0.339436697161071 -0.301692396557126 -0.118069527915751 0.124177478934188
-0.106601949718154 -0.49070448791831 -0.0199646779239705 0.200120425624898
-0.349831817630782 -0.266767279614591 0.132244484915246 0.156442373562453
-0.410403997733156 -0.0139304366864861 0.166644646142345 -0.004040060617809
-0.387434593067955 0.21063505260778 0.121398543202285 -0.0643141284038534
-0.399383472469609 0.242373852148681 0.0797915343839703 -0.059772621393488
-0.447367605719559 0.144721241298182 0.0396046316497791 -0.0886216067848781
-0.469763875376923 -0.137037433751597 0.0672037650428074 -0.0848442835613914
-0.287078213125494 -0.415343661198008 0.0978351850268566 -0.0564591207846148
0.0905930183235416 -0.5726305537123 0.142887411793896 -0.00507480861065781
0.523868397410896 -0.168360463914343 0.153105984414614 0.0897123846060337
0.454089669672517 0.359224769791916 0.0675305139731279 0.0911089538660353
0.206490603615591 0.578439805708733 0.0047294806429227 0.0619098970559886
0.165971827723783 0.482573222029937 -0.0547720090207705 0.0886676362672381
0.425422435926545 0.262754734521428 -0.0772423476693828 -0.0571690496747091
0.382846578639005 -0.232107001788999 -0.125850640002665 0.0305006717196959
-0.0326638024807997 -0.500651945439086 -0.0831795262615202 0.0884476442319947
-0.319127329986497 -0.329271007037351 -0.0107945532547358 0.10136022808401
-0.411999522784674 -0.0753113830487165 0.00349547364012616 0.0202298425248765
-0.394126388168833 0.184723889740464 -0.0313421294087377 0.0152193565080857
-0.406571935418247 0.267993023273225 -0.0678141961113496 0.0458487530104576
-0.458101163210425 0.178724158553371 -0.137442239453578 -0.014420492257841
-0.479172684982838 -0.0862515757244437 -0.099352475469581 -0.0929971631580123
-0.34495539729092 -0.367085367078639 -0.0273701632182293 -0.129861044396975
0.00904126571636337 -0.605779876229211 0.0766804039569428 -0.117275331316852
0.533269431566646 -0.24836425411493 0.148184812781529 -0.0331437729183374
0.528639108279551 0.339391956053074 0.0555516361048426 -0.0659536452983022
0.24980372630195 0.640614840221441 -0.0246352889359221 -0.198963170334643
0.0805266741318036 0.440273900619989 -0.070520790809739 -0.0649719154667615
0.340352946497947 0.315152058585131 -0.0844580580109766 -0.104498805344857
0.375797019435421 -0.133686326958274 -0.0647530009672304 -0.044694996736805
0.0388478046566311 -0.433705667141688 -0.0719393783391922 -0.044590898148849
-0.241968906629567 -0.330515856726893 -0.112113039671561 -0.0108755781804361
-0.348524378845288 -0.120017043290442 -0.148397639555032 -0.00107165646681654
-0.334535666506568 0.129833568434757 -0.176057676710404 0.0693791002368603
-0.343321032390169 0.253633584153128 -0.198750926528069 0.142798358653452
-0.393263873263282 0.192910444519608 -0.28694398984344 0.0786989355271085
-0.407592753216704 -0.0174712139876716 -0.250498447437736 -0.0584418571676888
-0.338909236260064 -0.250782123045295 -0.150913466534166 -0.147838937675253
-0.080642334954881 -0.520152954216502 -0.0231198161339544 -0.172187567546552
0.425155779235244 -0.291461490136489 0.0813980736681211 -0.13112525643975
0.490979837426717 0.230507895570133 -0.0042705811844922 -0.217072159353614
0.261726665976128 0.570912117005468 -0.0797957837793437 -0.442395015890403
-0.0104931023252326 0.358451960917876 -0.0648176114070136 -0.209518212775948
0.234857152250614 0.312705944544286 -0.0745262814788739 -0.127453744828841
0.312424032040074 -0.0513084680711576 0.0297103931640183 -0.0912223868581486
0.0651432759576219 -0.31207562981168 -0.0115878022032144 -0.163988336313685
-0.153037851395158 -0.261758336828686 -0.163154045102384 -0.137886774810978
-0.238046577204796 -0.121275106720958 -0.262588543413713 -0.0486594521331913
-0.227360591693179 0.0652811598409433 -0.288259603560496 0.0950408722114813
-0.229006877756607 0.196803651948996 -0.296241372658755 0.212843282765246
-0.275944678943875 0.166879106308077 -0.388140110094584 0.167894754836775
-0.284189204005326 0.0290046808945643 -0.360940650348427 -0.00194374452101544
-0.273178507186398 -0.125091854706312 -0.249653622287254 -0.127498944089888
-0.12900082420784 -0.362586876777055 -0.116518041566113 -0.183782956178782
0.261474211723698 -0.265660372807289 -0.000873871018237106 -0.191901343374529
0.354198552403472 0.100597597183242 -0.0718634643601126 -0.317021298612148
0.218116540745618 0.40113771436912 -0.14015467084634 -0.610339768253681
-0.0685268973836227 -0.134587572535435 0.17679821508485 0.602914069592387
-0.183858155740409 -0.0323847299845444 0.25114245088473 0.313226127514576
-0.0830769875815989 0.171030527315758 0.0985175852800792 0.198596317360848
0.128416476373061 0.146562717881891 0.178992953095165 0.230721037263941
0.145198153924328 0.0199687338671023 0.36221912920875 0.112549110148531
0.101920801868341 -0.0345393131552922 0.442034805469691 -0.0707460311495668
0.0778030895070204 -0.0847426473705589 0.394718538286258 -0.232214919873372
0.080041192631541 -0.110839296900056 0.352339788998285 -0.282729134542829
0.128055122774745 -0.0438074748677199 0.400542195942716 -0.171270328116408
0.113264158480452 0.0474191520714156 0.345814724972672 0.04365987625711
0.0712901503879793 0.102760991220701 0.200857308997769 0.19171901744322
-0.0509652432982481 0.143830721745272 0.00651484017698825 0.216783161318938
-0.16919435176624 -0.00750921959577335 -0.121699237740093 0.16501288252757
-0.0905503493350171 -0.19730041998357 -0.0413926717370954 0.170329133377975
-0.011520121782357 -0.253468583839007 0.101647137335176 0.39785063623502
0.0556920476874666 0.0871811539194236 0.189535312900125 0.601474853119563
0.0667801406260667 0.0202662294583686 0.231225418597651 0.273423279875697
0.0512629977731884 -0.00261250643928385 0.0890844923692558 0.222883543407077
0.0342374467455624 -0.0537472193429076 0.201698459924765 0.247343314113629
-0.0211801291605806 -0.0532328135128842 0.391842690188898 0.100241243736445
-0.0669816919671428 -0.00417651542783879 0.447802877521331 -0.113293512438376
-0.0724811436676517 0.0174107492815613 0.398290915932207 -0.259121234267999
-0.0694210685405695 -0.00490936190206035 0.365340584882161 -0.287541080344124
-0.0509587456216089 0.0119534869184504 0.403878230891751 -0.176301032278671
-0.0625987949833379 -0.0284326761051862 0.362617479824029 0.0435990846943663
-0.00399027316233421 -0.0690911928924439 0.229725707736046 0.208134085742983
0.0164488547703371 -0.0412359998765232 0.0329479857459348 0.249418901523408
0.00795736711684376 -0.0298865827135545 -0.108509809547377 0.20762790024276
0.0297925086025454 -0.0599969408812534 -0.0571257566433198 0.195057716126753
0.0560642153216007 -0.0561413771081716 0.0633023134596626 0.431872759336588
0.171319544580891 0.273560431894442 0.152147148622444 0.527710357936576
0.291103536517727 0.0560860807168232 0.153706265807122 0.201037490532836
0.166950214766486 -0.178629629766817 0.0299671409218375 0.230476321947976
-0.0704108410667671 -0.247796910660675 0.168200321379615 0.26752095538791
-0.187998844330686 -0.113496463219807 0.366147468884499 0.120393061743978
-0.224237030763757 0.0277458273452575 0.40664560164422 -0.108894330988207
-0.212120370629968 0.122211431067259 0.35012912724466 -0.233251482099096
-0.213402103433553 0.102727340091426 0.317170360264838 -0.246508001655666
-0.22503316203811 0.062166661899175 0.3367462107364 -0.16853798755708
-0.240098154360779 -0.101631802388824 0.322008555616379 0.00499759432510112
-0.0957944163023238 -0.241226037477317 0.236200095790542 0.15347550437433
0.0825122564293042 -0.242095947650811 0.0978292932139148 0.222053608185669
0.205792672334361 -0.0536818634053288 -0.0226817561344637 0.228331020671918
0.167765793564416 0.110232006337575 -0.028038816065517 0.220357691275993
0.111896450691128 0.17948850290281 0.0353486752198403 0.398669887788707
0.240566106408604 0.40465748758222 0.0798460467608401 0.401383773521727
0.439401842392299 0.0997961676319933 0.0504825257454205 0.110588527973066
0.264017695213387 -0.296222105743202 -0.0528269025797243 0.199493776600331
-0.134320436373107 -0.404398754136438 0.0832898974622812 0.261626202169188
-0.312891579486573 -0.184065630946087 0.27556589883721 0.15044292625293
-0.346592333707689 0.0332509598869323 0.30950985698312 -0.0639612939568036
-0.321473607112719 0.196796128066821 0.254376140034094 -0.160381008731241
-0.329925605042907 0.192861663626845 0.214980494636397 -0.167433557061857
-0.365540187972185 0.112064720805851 0.206039885500185 -0.14359876729659
-0.390306581260084 -0.139091591331343 0.218786675852661 -0.0488371995335462
-0.20256681859651 -0.36753839832442 0.194602627621357 0.0494961507025984
0.107924772258324 -0.438805614470604 0.150599287235793 0.12399466225536
0.396109806766825 -0.104060873529285 0.0875242370362556 0.189341044947815
0.324093754161202 0.264820080985028 0.0315201708981461 0.19500680691223
0.166369169545178 0.407954140337233 0.0235607596597419 0.273726102839533
0.245145517118192 0.46482499550049 0.0047706101985289 0.246836602980361
0.481214629542699 0.162112823394755 -0.0362298936157862 0.0208848341562183
0.328709402409292 -0.314790167611002 -0.114923307680397 0.128116996630672
-0.126664224452098 -0.489741711703083 -0.0128237109997687 0.202448938889334
-0.362488086986399 -0.255575312648204 0.140010008612967 0.151701130952033
-0.413312265355446 0.00103641243445498 0.166456135182089 -0.010398980832492
-0.380932068684922 0.225622442152307 0.118660402667327 -0.0696943911435773
-0.392431008115405 0.259000317201014 0.0783254509092273 -0.0632928790061028
-0.44404410515986 0.162317252481159 0.0354239253034169 -0.0902916465579126
-0.478769680847495 -0.12052039496407 0.064605839269843 -0.0892034321704736
-0.305630660688068 -0.408729058817279 0.09693465189258 -0.0601871841483655
0.0705916158149748 -0.57814056615937 0.145373720213098 -0.0100860644454729
0.520768174952559 -0.189598890608686 0.157966010043647 0.0854958276427086
0.470066832551524 0.346227452926393 0.0720202871954923 0.0901630251004416
0.228348828250359 0.574355141572321 0.0060816293484219 0.0629943246601519
0.183204222237764 0.480180096904301 -0.051526965496177 0.0909103126823311
0.439070567904384 0.249454635277534 -0.0794503725236397 -0.0556344057236669
0.376317215139261 -0.247523744659139 -0.125191817086032 0.0346489179847425
-0.0518989545976469 -0.502764115858521 -0.0802010990498004 0.0924307515454019
-0.333317893266286 -0.319428062932514 -0.00511762423287023 0.101641823199589
-0.417584376709509 -0.0610747150496 0.0033370634332868 0.019631458075791
-0.389402727314305 0.200253641962796 -0.0311278779189656 0.0159615496265784
-0.398683312065187 0.285813404152791 -0.0661622593968662 0.0482318374467108
-0.454659356025049 0.197411493359438 -0.13864156740139 -0.00894003383064216
-0.486188211800885 -0.0690368866525365 -0.103950369226863 -0.090623897683827
-0.359481370116634 -0.356522481475518 -0.0323930949952078 -0.13000066474982
-0.012340071858306 -0.608906911633382 0.0740641887966646 -0.120939642718419
0.528305696713301 -0.268391901171815 0.148017620046961 -0.0380507675598931
0.543320353471945 0.323048328181229 0.0538675809637426 -0.0677829979236234
0.27464952150261 0.635035427093278 -0.0326281278024112 -0.198352428116265
0.0965555563798752 0.43955309493883 -0.0726528952977847 -0.0629836766911681
0.354352561372494 0.304840926186696 -0.0889335701540754 -0.102737867955367
0.372050974895186 -0.148510474641867 -0.0664332398556478 -0.0426194327811637
0.0215183594577099 -0.437336590634917 -0.0739515436616073 -0.0422016015787064
-0.256357370879781 -0.323869846743389 -0.111865860717091 -0.0072207524324425
-0.355959321983227 -0.107685240609048 -0.149521223187301 0.00402105674424101
-0.332101539552511 0.142562774749254 -0.174609542858646 0.0751828414311505
-0.334265185365536 0.268403299717472 -0.194455741922164 0.149518555590677
-0.388727807825912 0.208591765191539 -0.286028891754369 0.0900737532369934
-0.41162537723752 -0.00264992697597423 -0.254722675855841 -0.0503539919924222
-0.350704846002777 -0.240755037538357 -0.157299200119815 -0.143498036816993
-0.100670136486151 -0.519600823613466 -0.0282110458664855 -0.172579220188053
0.415809964952785 -0.308027060264831 0.0778332370718417 -0.13496948967571
0.502308862124784 0.214191248707527 -0.0118288956058908 -0.217517971575012
0.284616657088694 0.563992777873653 -0.097719492106604 -0.440612643664606
0.00231604247261239 0.36148074556581 -0.0720797222700623 -0.208894400230842
0.248928265918205 0.306004686961538 -0.0806074486811852 -0.125359713273772
0.312173515084714 -0.0636595128758684 0.0265330748041334 -0.0928992178349724
0.0526969823218832 -0.316613394557825 -0.0177098486154283 -0.16414920436526
-0.165012955324825 -0.25674555145004 -0.166773075430727 -0.133632333995902
-0.244697031025966 -0.112925562801964 -0.26666522004326 -0.0397911473948767
-0.227207500448226 0.0741266376538729 -0.287222107550392 0.106164299482741
-0.221714475033854 0.20614208287693 -0.28925069726637 0.22394863580825
-0.271093408022502 0.178404541071903 -0.383675711014335 0.183491512233983
-0.285063122412417 0.0400829732912023 -0.363564861196087 0.0118126622849604
-0.278706020659292 -0.117360102551365 -0.255499572015688 -0.120083056346722
-0.143369991863475 -0.359867973244457 -0.122600556738049 -0.181020130113875
0.253096093861438 -0.276860854992813 -0.00671389918369015 -0.192801203981872
0.359720820762671 0.0894456901887259 -0.0836088298515079 -0.315900448600471
0.233384365045069 0.396563485381963 -0.164009651626586 -0.607028738839687
-0.0720512715605665 -0.133662641433231 0.198637367548697 0.600171087120483
-0.186680667974787 -0.0253986981515165 0.263883460420123 0.303470027281695
-0.0774851044354688 0.174324161588404 0.104484718710747 0.195422069101772
0.135037132198973 0.142014568288898 0.18649238474936 0.226654938020517
0.147366618818035 0.0139410158519907 0.367443351907609 0.100255301760189
0.102241211879071 -0.0378317433912601 0.442292222458104 -0.0868402728386618
0.0742488854929842 -0.0875923426740915 0.388172722593467 -0.246687366098446
0.0757069833191423 -0.113214691761083 0.342838498017527 -0.298065217730361
0.126269672936699 -0.0485662306508651 0.394459095881001 -0.1864391733365
0.116288165265824 0.0440687730950715 0.348489819614626 0.0309546078475707
0.0756430563757391 0.100995421196511 0.20681228193713 0.18472370065406
-0.0447098446942378 0.146618419179274 0.0140499582835243 0.216273263130623
-0.16953740937494 -0.00144741253508469 -0.11708105412179 0.170998057824416
-0.0985819634133967 -0.195983837097775 -0.035695172166579 0.17272635882539
-0.0188500199117839 -0.254342502166209 0.11748690730743 0.395334376417499
0.0593356747967441 0.0840443089991184 0.210616738768274 0.599472584705716
0.066604021412873 0.0184007131211144 0.242106564171141 0.265733344710144
0.0506122409011935 -0.00310506941415091 0.0978451093434512 0.220821873549362
0.0336591821228893 -0.0556149788897366 0.209701989173613 0.241009415323374
-0.0230187297624063 -0.0515576221344379 0.395786130841114 0.086727565847589
-0.0670309794964358 -0.0025634144355929 0.446359552020568 -0.12979912940898
-0.0734202275555516 0.0214083684076838 0.389153796010915 -0.274120947081327
-0.0704464497322218 -0.0016612075970119 0.35503577740414 -0.301765934596467
-0.0509664495998768 0.0127336024837643 0.399782922011869 -0.190129482423991
-0.0642413307097118 -0.0272457847840239 0.367354721485224 0.0302005243997259
-0.00704846505250115 -0.070323757942592 0.237702795728181 0.201182896594804
0.0162390467114972 -0.0415333143791767 0.0424649628547145 0.251306091091146
0.00591887972845668 -0.0304490635217296 -0.100269881794182 0.2128518334806
0.0291186594835594 -0.0609495809771637 -0.0509040216693012 0.197612576287317
0.0553222328930468 -0.0578722711430799 0.0774307894727755 0.431795055271472
0.181329974189017 0.268203907320554 0.172379712278508 0.524273677410049
0.294923383786227 0.0450470514334522 0.161627140363381 0.195185224647314
0.161776923676786 -0.184962302292081 0.0376985147934018 0.23027186453064
-0.080283958146378 -0.246731859018861 0.177728418210886 0.264350888818141
-0.193284683941127 -0.1072765805508 0.372659925292874 0.107778208404122
-0.224372390574216 0.0363696326323919 0.404445905416907 -0.123972842797549
-0.209040056273807 0.130898490496731 0.343217035936271 -0.246434269335118
-0.211074915400293 0.111597060930171 0.309590765659207 -0.258579356728361
-0.224183911904074 0.0703054056648191 0.331853869604787 -0.181852406149317
-0.245318471511343 -0.0931290034273762 0.323979966243403 -0.00686001358064461
-0.104654604162966 -0.239378759905272 0.242897910368699 0.145726932184672
0.0750440585635208 -0.245816958903204 0.106775180980293 0.219556724292424
0.205025152392528 -0.0610971178521337 -0.0149140658592952 0.230676339689698
0.172776515456419 0.105288120936444 -0.0197323395496739 0.222243888016608
0.119183115638912 0.176471643568607 0.0492072988753529 0.399231843082101
0.256263324989104 0.396847312831328 0.0950137381386376 0.39997788092412
0.445099206354745 0.0845304272260643 0.0546087159981437 0.107831967386975
0.254225181134923 -0.306456549679225 -0.0465498961395649 0.201659736222532
-0.149536581140839 -0.401340011238303 0.0928376756179307 0.260775235010232
-0.321203981052749 -0.173155715476837 0.282061486604167 0.141511140933685
-0.347638341303379 0.0461750011685694 0.30876494308237 -0.0748278276358841
-0.31532549803972 0.210170205420111 0.249744989960349 -0.170760736615388
-0.324212796387595 0.206988089275413 0.209707191414112 -0.175979927908186
-0.363185552136099 0.125741401609856 0.201631619772473 -0.152152942327751
-0.39595016028367 -0.124639292526156 0.217821892940732 -0.0577491945133511
-0.217069869142841 -0.362691714205423 0.197543222598449 0.0422418461250299
0.0928441908201 -0.443964462705633 0.156080547302883 0.119074334041097
0.394701090658239 -0.118626397804768 0.0950457654208501 0.187372096718462
0.334140197644776 0.256403601066948 0.0393850554247466 0.194819821464184
0.18183383494572 0.403412621628675 0.0329725831053971 0.274301978353451
0.262391522991469 0.457550732437054 0.0147230418433504 0.247183656103423
0.489276512209093 0.146258545907171 -0.0356176993039994 0.0208524550373098
0.319212863256759 -0.328085467227 -0.110707728127094 0.132692605517349
-0.145000156975546 -0.486577035479305 -0.00607784959195804 0.204182191066654
-0.374227216405092 -0.243525546625795 0.14662190017268 0.147146546869197
-0.415713352498989 0.0164540665008471 0.167099400608085 -0.0162832324661754
-0.375323681770842 0.241433144502044 0.117033216682537 -0.0746524895474138
-0.384997327304299 0.274810050976852 0.0762573057303797 -0.0667919839655656
-0.440299532846923 0.179201706586259 0.0323799690638034 -0.0921965418194684
-0.485146744717753 -0.103348247277048 0.0612323957614706 -0.0916403279039392
-0.322095277843471 -0.400466647028979 0.0954366114973592 -0.0646965666482259
0.0486113958871296 -0.582816212005462 0.146233905015254 -0.0159948946637979
0.516354927040369 -0.208198474071727 0.161493389179869 0.0797791680588511
0.483846511239783 0.33055900612743 0.0755258692088421 0.0889186972132929
0.24813376931094 0.568312036912942 0.00875973863502917 0.0637463750355076
0.200454799259972 0.475204223327389 -0.0474785706500074 0.0936503141772321
0.451705758990977 0.23530419308217 -0.0823135780645609 -0.0539873134723471
0.368700464552137 -0.262070507979511 -0.124400496550792 0.0387148221425688
-0.0707169242936407 -0.503280786006564 -0.0775566182478868 0.0960299524536644
-0.347706928746803 -0.308487811485899 -0.000916673434670869 0.101167608722466
-0.422755641715569 -0.0454839706926283 0.00360527553677369 0.0197883510743226
-0.384436487077832 0.215736685576757 -0.0310906178851538 0.0169203826531215
-0.389590870873414 0.299800278094408 -0.06455824469662 0.0506266365272287
-0.449237638321359 0.215695953640336 -0.139695864403009 -0.00393227179683322
-0.49146283164261 -0.0519373154722686 -0.10797455995151 -0.0882282944481841
-0.374839752153844 -0.345877916504393 -0.0369602603446129 -0.130108123994236
-0.0353069786859495 -0.610281616484413 0.0714692745209242 -0.124173220200208
0.520037905932352 -0.289554943433133 0.147921971049374 -0.0441432379652821
0.555643079240076 0.307388917974697 0.0524695869359483 -0.069164976793223
0.297214537301595 0.629491011916573 -0.0405287869892766 -0.196984293287893
0.111864983539828 0.439034965322471 -0.0742123639611755 -0.0610459770802953
0.369662668915485 0.293453216489159 -0.0935791745199444 -0.100670175553309
0.368599770840996 -0.163052699891815 -0.0683976426495589 -0.0403773863117105
0.00549155642458466 -0.439661434518551 -0.0752301727804215 -0.039505110629516
-0.269971305057629 -0.314529627410593 -0.111066921843719 -0.00403149705409911
-0.361698577385811 -0.0952980417633326 -0.150947388392284 0.00947963128018645
-0.328449260193489 0.155545459397502 -0.172701604755329 0.0815078956437078
-0.324982461491925 0.281455254494297 -0.188885377125292 0.156749155589176
-0.382466216971005 0.224424243226013 -0.283226302140437 0.101248133954378
-0.413371760192472 0.0118409089726121 -0.257771303820199 -0.0421262724761432
-0.360247791333759 -0.2291942660479 -0.16289351360279 -0.140003930152824
-0.119603535042771 -0.517909144164003 -0.0330704299412967 -0.172699880790419
0.408037921050978 -0.322834548261385 0.0738390713691136 -0.138825797928955
0.512528401781967 0.198165414978385 -0.0196334897422764 -0.217706314414022
0.304555807707327 0.556338841330723 -0.114633030781923 -0.438492543416333
0.0151962150133278 0.363788823576575 -0.078856669887847 -0.207796409016361
0.261992601190353 0.298210717363657 -0.0853021896542915 -0.123748959235369
0.311121072309315 -0.0754656207801001 0.0236756525889771 -0.0942356739773848
0.0408277117292551 -0.31913670267257 -0.0233127159458772 -0.164476317864977
-0.17546078461192 -0.251675861248785 -0.171008066889442 -0.128176955129928
-0.250916299678848 -0.103941005761983 -0.269413463180976 -0.0301683048479987
-0.225252194794599 0.0822788948506834 -0.28490645305704 0.115921643485226
-0.214720379380208 0.214548905678884 -0.281787091282628 0.235100623954213
-0.265790781426831 0.189733484884042 -0.378580605496787 0.198510210523137
-0.284833407843716 0.0501679790792983 -0.36567348431985 0.0243562545299756
-0.284020560076788 -0.107149553193439 -0.260818255707653 -0.113269204409446
-0.157188401447197 -0.355172062879344 -0.128557337299255 -0.177805798432569
0.24482204782812 -0.286981772385943 -0.0127794865017405 -0.193621467348398
0.366161315190678 0.0762251577528624 -0.0952337033568963 -0.313486127242467
0.248844353260138 0.389983995434799 -0.188837530969468 -0.604367546638397
-0.0764189408924732 -0.132314367624292 0.219158671521666 0.594586111406617
-0.189332552436506 -0.0185353866080932 0.275068282373364 0.294097699043404
-0.070996180446805 0.17851384936458 0.110665871995273 0.191538632004545
0.140943891385001 0.136872745244131 0.19496310367062 0.221414927496184
0.149201201162883 0.00868895836192404 0.371553683526845 0.0887487533917983
0.101924497565185 -0.0416734298769959 0.440438273497952 -0.101645066072619
0.07160568828973 -0.0899693949686048 0.380822944824656 -0.259963557488847
0.0714050131316694 -0.115823353783486 0.332516520222219 -0.309685192106912
0.12406694424992 -0.0536166244625297 0.389010334985105 -0.201284089401577
0.118743153812953 0.0395830397885058 0.350387727124213 0.0186104745629542
0.0796944644177195 0.0979763027438326 0.214580480843139 0.178965589430494
-0.038779958945708 0.14826375625905 0.0212986588678869 0.217185273413946
-0.169602472404144 0.00489784937852116 -0.111134780599644 0.175933085549564
-0.105649867225111 -0.193174594100604 -0.0295110447114246 0.174411934286838
-0.0281305544588413 -0.253990010252616 0.131764076055173 0.390706945723321
0.0629461481484109 0.0813503733809084 0.232858473647845 0.59338971966845
0.0664705543058337 0.0163007850258542 0.252022240766814 0.256412026900649
0.0507490814894727 -0.004205894642964 0.104596950588342 0.217671428474631
0.032190799970389 -0.0569895617514947 0.218005166610379 0.235338704008042
-0.0242235875156211 -0.0507863244785299 0.399360278929109 0.074711461756091
-0.0670246608893178 0.00015094583792857 0.442255682304176 -0.145029988877795
-0.0730717253983152 0.0245806243012097 0.380843644126771 -0.288639941790973
-0.0713380632047167 0.00110708945308387 0.344346887569222 -0.31409388147762
-0.0510832591607437 0.0142095432156069 0.393679995069746 -0.204425340383448
-0.0656999958303896 -0.0252719244667561 0.369154282843185 0.0167043017647949
-0.00970679863370612 -0.0706791786967982 0.24580338108794 0.192934616220135
0.0154126054440381 -0.0420992248501733 0.0509293089373745 0.250578779548106
0.0056274150530456 -0.0302474766840985 -0.0933305653371727 0.216852624499257
0.0268151535580818 -0.0620751188575674 -0.04350634656887 0.199485188997891
0.0532182238792689 -0.0596025938553632 0.0929222371169869 0.429498573863333
0.192114923214118 0.262129691400504 0.191286414399616 0.518974552210792
0.296347808363912 0.0344298797144523 0.168776149459592 0.188463431373464
0.154972564279544 -0.190410634815664 0.045234004972115 0.22859171135866
-0.0888515310554253 -0.243951207890216 0.186584024713011 0.25902242797557
-0.197398080851823 -0.100864948847254 0.377427947780912 0.0950677354889005
-0.223340127911453 0.044517279825476 0.400728095236618 -0.138685272680247
-0.204394057078267 0.13931017016189 0.335307085645205 -0.258900764649506
-0.207957267769428 0.118980181985931 0.300203677659973 -0.270063510878008
-0.222283808905222 0.0784467724480254 0.325403877492914 -0.193535431966356
-0.249617692922741 -0.0848103483889777 0.32397423293435 -0.0184335284616811
-0.113943931087284 -0.236790070154844 0.248675851481059 0.137456310065048
0.066470346459817 -0.248390181909854 0.114863835620687 0.216760867493039
0.203730285522131 -0.0678828333374542 -0.00650728406342612 0.232408732712953
0.177165598839126 0.100027366092687 -0.0120032869885538 0.223891476867472
0.125532009545163 0.172792667980913 0.0637865371998359 0.398124194967797
0.270324163241965 0.389707097085021 0.108738941339902 0.3987733435566
0.450018853427771 0.0684346134458376 0.0584930275989641 0.104461451569284
0.243973684031658 -0.315878326555576 -0.0400400381146208 0.203420952497106
-0.164486415388347 -0.397050985703156 0.101619161109491 0.259074733048417
-0.32826045061932 -0.162343321870748 0.290739408519447 0.128836789134814
-0.346589173867118 0.058988264787515 0.306150071947018 -0.0867641467569951
-0.308283167147076 0.222282981467808 0.243342097294276 -0.180159842069562
-0.317307816996156 0.219385093457146 0.203608448600323 -0.183751289070928
-0.359795702856186 0.138866022723668 0.195872634282168 -0.159000942591648
-0.402799532951659 -0.111588972176401 0.216571159081229 -0.0657701063960692
-0.228705334303705 -0.356669741594499 0.199705535280512 0.0352981967179609
0.0780912962287447 -0.447648327166215 0.161466612706247 0.113530910858401
0.391323120343624 -0.132375207367974 0.101327709818325 0.184707573124449
0.344467892001471 0.245985834509896 0.0467903305239239 0.194139093412235
0.195009265760392 0.398428328776888 0.0429434953090268 0.273243533530475
0.278294774032473 0.447710886359757 0.0238359736002266 0.247418552359569
0.49615968785633 0.129497182982771 -0.0351832374313779 0.0210053332707742
0.308808444779371 -0.338784902110707 -0.10626566171421 0.136342716989052
-0.161710733108037 -0.482536057652757 0.000735045555495197 0.205071983354421
-0.38408137447174 -0.230675578317017 0.152389085063608 0.141770886142407
-0.417636202381887 0.0325161945779183 0.166382941236021 -0.0226401796813052
-0.367050098794298 0.255615004251074 0.113938640884394 -0.0793953255713887
-0.374488139309794 0.28899287540956 0.073712486446878 -0.0698579446076094
-0.434118784634136 0.196127599544851 0.0288529734525872 -0.0931085522292602
-0.490493015697959 -0.086388062741412 0.0579174142793888 -0.0947782601628278
-0.336719803633802 -0.390018311262459 0.0932578166010243 -0.0687036347548234
0.0275161957917093 -0.585983520256863 0.146720454792092 -0.0209929943112513
0.511309213802159 -0.227120788286559 0.164706200469899 0.0746709803231698
0.496720307711932 0.314716801533977 0.0785646928993096 0.0870275428828582
0.268400936898258 0.560438102556682 0.0103842494747068 0.0638142681943227
0.218155283585568 0.471837499960843 -0.0433404636384897 0.0954661155095666
0.463712144361077 0.220095587818195 -0.0845631891115555 -0.0522933870444652
0.360483489218453 -0.275389469158273 -0.123197137651765 0.0429517294702358
-0.0903287000284102 -0.501480119674276 -0.074672064007096 0.0991524699181718
-0.360414839929982 -0.296865336007364 0.00251736423997097 0.102144870315691
-0.426567704776533 -0.0303108138588072 0.00379985680901416 0.0195604084142862
-0.376641813049267 0.230441562146357 -0.0305738847108056 0.017548326382753
-0.378400463324584 0.314878384706232 -0.0623456398796674 0.052527241504298
-0.441952462148814 0.232729573707567 -0.14068637982894 0.00122308366534991
-0.494910351521224 -0.0343415500091528 -0.112089238964371 -0.0849467424624133
-0.389463569499466 -0.332727519484497 -0.0418034526650703 -0.130408895855189
-0.0567767125886807 -0.609350215252771 0.0682133818042242 -0.127303533232425
0.51214087595888 -0.306964586943688 0.147034193478329 -0.0491834522599995
0.568086463628646 0.287307216060123 0.0504052975029564 -0.0702169122289884
0.317659222034202 0.619317145913523 -0.0485674407426773 -0.194749157249894
0.127806205947652 0.436829744997454 -0.0763113480555372 -0.0589870824967377
0.38141204811608 0.28149289474719 -0.0971802807935413 -0.0981998424137048
0.363058885599811 -0.177033301761151 -0.0697635037725477 -0.0379828580287845
-0.0110920193235045 -0.440341935944072 -0.0765780779079279 -0.0369637621129294
-0.283228183987834 -0.305887566554652 -0.110236154667474 -0.000504447253580826
-0.36731871606858 -0.0825493725916628 -0.151878317131225 0.0143690755428087
-0.323555843455649 0.167541444853418 -0.170243257986054 0.0869378472873847
-0.31453909879272 0.293270478869929 -0.183283035120624 0.163084796052736
-0.374564268549908 0.238248719057123 -0.280576188504697 0.111268211429444
-0.414096912290663 0.026131994310776 -0.260738046860393 -0.0331047163405923
-0.369486092203008 -0.217380601481517 -0.168575994645356 -0.135375427056136
-0.139110328285188 -0.513740502442178 -0.0377624725805432 -0.172182602853159
0.397679277635566 -0.338248890965681 0.0696145954959007 -0.141242524334782
0.521074227725229 0.181661173916391 -0.0270923239364717 -0.216820470910701
0.323997731178977 0.547999862181562 -0.131129925265962 -0.433970318520533
0.0277830330306472 0.364561645383456 -0.0860074858009383 -0.206285159340221
0.275220601948878 0.289602482168746 -0.0905366897963231 -0.121222487374988
0.308568070368394 -0.0872507410745685 0.0203903412791286 -0.0948952759837832
0.0283383022821117 -0.32134655047608 -0.0282944432045369 -0.163700531648451
-0.186145771529574 -0.245573835994682 -0.175891178551458 -0.122297506888711
-0.25613692630981 -0.0949630965872929 -0.271600091996814 -0.0211207223492284
-0.223010609631318 0.0906739849890222 -0.281114245191508 0.12529607198117
-0.205344810963298 0.223157111068872 -0.272930596423174 0.244428483190279
-0.259084201899201 0.199783982789389 -0.37127010358997 0.212075349361345
-0.28372318209376 0.0608028573009859 -0.366777115570255 0.0372727646689309
-0.289068555545804 -0.0971939363373341 -0.266005438513756 -0.105053962032063
-0.17118488218552 -0.350422625331319 -0.133854112852626 -0.174173093856504
0.235013782212479 -0.296459768236199 -0.0194004038897371 -0.194060118276232
0.369438099031201 0.064324251730553 -0.106860961579862 -0.310256090672494
0.263081651705275 0.382195915232393 -0.210677772825573 -0.596907463189751
-0.080930271300121 -0.130582014559247 0.239634234986281 0.586725736821668
-0.190998816593296 -0.0115978428230506 0.285289193797186 0.284045120352002
-0.065168777237232 0.180876281500083 0.115998682885247 0.188039380640211
0.146216127337162 0.13208926665968 0.201715337672544 0.215731981763552
0.150066284699517 0.00323898938342834 0.374602247608429 0.0774388080400239
0.100835159280417 -0.0449439471710367 0.43775715913091 -0.117713492770658
0.068436606988214 -0.0922833530433503 0.371860607802005 -0.272918141214821
0.066155056178731 -0.117895277043746 0.321328204908079 -0.321397836382136
0.122050457641242 -0.0586677389115046 0.382089519557766 -0.216295810522515
0.120171328598472 0.0349730626045623 0.351924672326607 0.00616362159320213
0.0832109051404558 0.0948778775979992 0.220903500015729 0.171713997666499
-0.0334816302586755 0.150126574232872 0.0289067030273168 0.216122517554586
-0.170192161097022 0.0111466424794557 -0.104771276150141 0.180287520190231
-0.113034084095356 -0.189465934075986 -0.0224224131831218 0.175620802148148
-0.0364863120263194 -0.253605917245195 0.145642806414147 0.385182315026464
0.0659171175938908 0.0786068197257596 0.252301848581475 0.58557343319374
0.0666389818264 0.0140772413512876 0.259903256287389 0.247471934843962
0.0505766924849213 -0.00532465299212329 0.111351613704332 0.214790820161421
0.030247402505498 -0.0579227450269836 0.225805851624688 0.228548413053818
-0.0257088520963977 -0.0505584257462869 0.401913721562405 0.0630097153198864
-0.0666482218758041 0.00301040788122532 0.438219891836882 -0.160257727831974
-0.0714841532775923 0.0276501440066636 0.371023374871424 -0.301359827286542
-0.0719232246663809 0.00408309643561974 0.333888365946349 -0.326578881485069
-0.0509243420955584 0.0156287984226846 0.385707404915146 -0.218495108617794
-0.0663399204421644 -0.0228096275779186 0.370405177600299 0.00314165339848385
-0.0121410263303708 -0.0710432099466707 0.252451232737181 0.184697256203795
0.0141931355661814 -0.0429159986028822 0.0597294453314243 0.248858947848455
0.00476854863732699 -0.0299677698958774 -0.0857645592316245 0.22087472125839
0.0254598477481534 -0.0628293705778736 -0.0368689912930683 0.201043176717792
0.0517332760534743 -0.0619106884552804 0.108981728680331 0.425577412475948
0.200891491110892 0.2555447483993 0.208773387280772 0.513857742578528
0.298390836395241 0.0235523189434716 0.175121849115566 0.182043415122434
0.148868344375473 -0.195249776845449 0.0526246445350714 0.227365664916417
-0.0974312349342324 -0.24115232860867 0.195648114728752 0.253367016172686
-0.201176250223837 -0.0943659996581336 0.381082016242727 0.0827449504180606
-0.221809836214829 0.052761147154464 0.396551172547663 -0.152195873154831
-0.199779213627742 0.147536244280106 0.325911105126232 -0.271709775116901
-0.204245108281792 0.127007652984016 0.289846516869726 -0.280820392897428
-0.2200411135049 0.0863276221144199 0.318524028681878 -0.204867278883419
-0.252801599706967 -0.0762694489574469 0.324468105273021 -0.0307692415445678
-0.122013445386914 -0.234093201173514 0.253812409647484 0.129541389264585
0.057656345278636 -0.250979155585117 0.12301045056701 0.212927723194323
0.201953539488739 -0.0745104870188049 0.00181944881028366 0.232917393586541
0.181457546501356 0.0942674171483518 -0.00422003122451072 0.225412238732517
0.131244768570036 0.16830442270376 0.0772836982121105 0.395808261689933
0.284263620405397 0.380796006472428 0.123390809858599 0.395347914330863
0.452300939219955 0.0524979030031283 0.0621903065157813 0.101442775761
0.233419818366353 -0.32432916913233 -0.0336437583143937 0.203940078928718
-0.178507835321762 -0.391163411856179 0.110211961979963 0.256217045643867
-0.334882936820454 -0.150876636228035 0.294086109482378 0.120676538030176
-0.345180866330388 0.0719982190929131 0.30345137035085 -0.0974024155061614
-0.301438015731112 0.23381896967827 0.237043910395264 -0.188944102170349
-0.3099094119232 0.23053707949156 0.197126230751998 -0.191452585586664
-0.355310433416992 0.152061611433856 0.190123288764891 -0.165911779568524
-0.40767261699493 -0.0973269323997932 0.214519083230971 -0.0739654826090269
-0.244261276538676 -0.349441655234381 0.201451368032755 0.0287909350387532
0.061603113423828 -0.451056575594122 0.166751202791932 0.108646082819043
0.388314971291707 -0.145906433587161 0.108541015960042 0.181565736845658
0.354108774029494 0.23355421887181 0.0531794777437813 0.193370398777146
0.209553145583692 0.391036891241382 0.0519717047838884 0.272015648574983
0.293323290060859 0.439920272354917 0.0332208788107995 0.246243502338999
0.501754730528372 0.11080821674249 -0.0343056699865983 0.020843774378089
0.297123824191703 -0.350292453711607 -0.101814702156211 0.139402004071119
-0.17963370717911 -0.47779291021732 0.00751905903613453 0.205745127880149
-0.39309251652667 -0.216664000251513 0.158294691785233 0.136228399412709
-0.416435420249331 0.0466154771820843 0.164662368550232 -0.0285937351464067
-0.358047861146619 0.269112729029396 0.111081663644584 -0.0833389765168701
-0.364173497818187 0.303329435985101 0.0715124759938509 -0.0728156950840814
-0.427838621587793 0.211992165311359 0.0245084060590577 -0.0935746207406327
-0.494956004312385 -0.0694270079410334 0.0546467465971287 -0.0972225051462626
-0.352020891897244 -0.377497941606451 0.0913845366226753 -0.0723024116510678
0.00659442429368057 -0.58624466188045 0.147477834744022 -0.0260743663959785
0.503215514788374 -0.244559961400619 0.168137466883834 0.0692071358175034
0.507702001748504 0.298999611619176 0.0824770463555554 0.0848459878308485
0.287061712577548 0.552924424130109 0.0128789357074761 0.0637997799997312
0.233578255386698 0.464433373229614 -0.0391554570269028 0.0966988903759578
0.473050713703429 0.204643089560406 -0.0865472547088016 -0.0506118501898651
0.351476340148538 -0.287233525469862 -0.121661348593683 0.0467812619916871
-0.108088483807922 -0.498946599383628 -0.0708962003581023 0.101716950282124
-0.37227672152187 -0.2849389838703 0.00819471967501566 0.100683158219202
-0.428176037495656 -0.015178366019299 0.00359292649841381 0.0190432049798601
-0.368884893406217 0.243168213883945 -0.0306949550260297 0.0181301512920831
-0.366305970711431 0.329690841567383 -0.0606404954866286 0.0545483004218376
-0.434830342789351 0.248061161189941 -0.141065505868735 0.00697408635423703
-0.496850015713758 -0.0165699422334602 -0.115896146465577 -0.0815283612191748
-0.400292119606261 -0.32166144342976 -0.0461046108237513 -0.129213966121298
-0.0786995143618709 -0.607710464165158 0.0651956319997363 -0.129945772214748
0.501746330439424 -0.325205839932727 0.145762032944181 -0.0540673805149016
0.580595503016546 0.269495975288786 0.0477058455575301 -0.0717052935845292
0.339683206870344 0.608499508565439 -0.0562028301744947 -0.192286473892291
0.142398608257118 0.433475212033389 -0.0768916026050387 -0.0563153207917501
0.393674926993518 0.267484353857525 -0.101134524664105 -0.095486604311742
0.35754483126872 -0.189679926842511 -0.070616222645565 -0.0359379615167168
-0.0269400485452768 -0.439867941074466 -0.0776247506792055 -0.0341601423470545
-0.295553115535536 -0.296181663199575 -0.108607971644761 0.00232426564686913
-0.371574146635025 -0.069055540337767 -0.151612213984515 0.0196818858560087
-0.317901762591446 0.178364706164576 -0.16821324830615 0.0925825253295533
-0.30270555594485 0.304866255626064 -0.177079758355966 0.168880561836415
-0.365872030806927 0.252549223924769 -0.276323484605339 0.121555640405366
-0.413674447546487 0.0414487195313808 -0.262996829905463 -0.0252863517227108
-0.377451147282233 -0.20472292891286 -0.172522654801704 -0.130555814781496
-0.156928990806175 -0.507720328901219 -0.0427219299393342 -0.171640043614965
0.385878317801757 -0.352793825620174 0.0659185946871821 -0.143865109571936
0.526132525884574 0.164555131364211 -0.034249316880934 -0.215098076943203
0.344153576205966 0.537242866675448 -0.147474565499767 -0.428544044741451
0.0404051431095711 0.364693207203429 -0.092514416067741 -0.203332791198667
0.287471419955703 0.279954507124563 -0.0955739079531149 -0.117734666084696
0.305840203785435 -0.0991306532188964 0.0174630960449367 -0.0957481253134991
0.0164515926695126 -0.322022194949706 -0.0342779221538055 -0.162704518300389
-0.195621374162354 -0.238314872336114 -0.176828193379187 -0.118451588546146
-0.260483913993756 -0.0856169441756739 -0.273042506080746 -0.0115319114442547
-0.220057396891305 0.0983872586494504 -0.277024662793272 0.135048293228394
-0.19727978739671 0.230086578420209 -0.263756873296465 0.25186952521357
-0.25083091641915 0.209330354321403 -0.363580614678041 0.224815120981842
-0.28203766641676 0.0705014688195729 -0.365877689625027 0.0494776472020041
-0.29229023002235 -0.0861832281569269 -0.270351209559446 -0.0973708175631851
-0.18435155334598 -0.344428402536487 -0.138713078284802 -0.170221154027452
0.223909616785988 -0.304550859908309 -0.0247278797733217 -0.193940354927944
0.371489477024928 0.0532944936285009 -0.117592289359419 -0.30628282422749
0.275461282822382 0.373171014566807 -0.232595664679287 -0.588055103524617
-0.0843895296647375 -0.128973843190654 0.258964145709826 0.578890252831179
-0.192357427831632 -0.00515878192042698 0.294229189991179 0.272977965706903
-0.0592210632230407 0.183768098702875 0.121429115722661 0.183765666714719
0.15102424853087 0.127074592816204 0.207776734642839 0.209860075822192
0.15049345466939 -0.00215159725532714 0.376293335979032 0.0658174773749806
0.0998779222754059 -0.0484952631595616 0.434447276267487 -0.132231806003306
0.0651911569965952 -0.0944036095916765 0.362524654218298 -0.285946302586162
0.061645661156447 -0.120218005620528 0.310222788635347 -0.332005756769681
0.119562563969247 -0.0631981974750656 0.374533283200543 -0.228960484054802
0.121892176775375 0.0307764526000924 0.352302009904949 -0.0063879604903019
0.0873387492045786 0.0915442428881232 0.225863599555526 0.164788509334093
-0.027725051470973 0.151051857606303 0.0352683174963576 0.215558744500694
-0.169467307591629 0.0174261913405612 -0.0989027314614872 0.183790958275899
-0.119621930391191 -0.186149240816938 -0.016210251109655 0.176484647849394
-0.0445114626140501 -0.252038815142715 0.159879155162386 0.380308024020169
0.0687455388760181 0.0758745209462643 0.272841045743913 0.575892359113144
0.06645651073523 0.0118718774740636 0.269743246445985 0.236324003559458
0.0506920706744748 -0.00694777406873491 0.11720728825007 0.210307403325656
0.0282348694516004 -0.0586929904079501 0.233020262619632 0.2216310562441
-0.0272241069015517 -0.049388284777658 0.404437601395452 0.0468705337193516
-0.0662549620402536 0.00508760587314116 0.432629126558067 -0.174759703995943
-0.0707231453854241 0.0307391623587376 0.360470361085434 -0.314568373488708
-0.0726572117255115 0.00680703529646977 0.322500761929326 -0.337605997826379
-0.0504741485612578 0.0169487235587998 0.377566053534778 -0.231918401977807
-0.0672608465310499 -0.0211350506185858 0.370812641946995 -0.00955254810834285
-0.0152509566403219 -0.0714078950395348 0.2589931306208 0.177314716734756
0.0133010484639033 -0.0428187045998343 0.0682673457207567 0.246406779987699
0.00416495132488915 -0.0296871349676715 -0.078324260561296 0.223234491469829
0.0232128262650402 -0.0634881560679253 -0.0298675225509643 0.202567926889793
0.0495726374727555 -0.0627371241881591 0.123513690843806 0.420937631842725
0.210034449716692 0.248281114757853 0.226875536218337 0.507667453827614
0.298781699385116 0.0142325719480242 0.181080724421581 0.17459107482476
0.141900772783551 -0.199400633482672 0.0595905255228506 0.225017494526181
-0.105672776583726 -0.237224598576609 0.203295752471443 0.247926440802386
-0.204795093659046 -0.087060532644022 0.384004666105989 0.0701926689412914
-0.22067101125806 0.0606762366465854 0.39041551574311 -0.16667991025928
-0.194517899731177 0.154453166162513 0.316330776498423 -0.281699038116012
-0.200277096847293 0.134068290674567 0.28013009255345 -0.290575631920181
-0.21737344041465 0.0936504886269611 0.311215966436523 -0.216197666185793
-0.255173201500464 -0.0676762234448097 0.323403912211818 -0.0421575405245215
-0.129992511559838 -0.230563767315303 0.258435370575737 0.120909103224524
0.0498827552409807 -0.253183593426137 0.130382253366997 0.208740112846877
0.20025358986368 -0.0809597682686362 0.00958926574417543 0.233703035082959
0.185529274111528 0.0886059622295157 0.00360199746993163 0.225053877648839
0.136874928364233 0.163984207351685 0.0915004242913478 0.392766364289
0.296331526685379 0.370640711499048 0.137867914511854 0.390946550378312
0.455608400193607 0.037976515762645 0.0653967714516486 0.0982573739448372
0.222335261676607 -0.33117719808192 -0.0270339490276458 0.204480576403648
-0.192373554060944 -0.385428083141927 0.118707439256417 0.253531652930326
-0.340420397544278 -0.139480579701394 0.297766720103965 0.112490562528969
-0.343039820123431 0.0832590652757786 0.298879324099806 -0.10752875758832
-0.292937153994495 0.244705581318914 0.230185616078775 -0.19686749549077
-0.3015064344779 0.241678064544416 0.189427596978155 -0.197847840409661
-0.349767456336983 0.164448398766187 0.183887681445953 -0.171901125926435
-0.411292978626296 -0.0828086133614505 0.211624122751312 -0.0819985374820873
-0.256236549120223 -0.341649351960871 0.202739817498473 0.021812325892822
0.0466466918003037 -0.452158281191021 0.170677498330256 0.102376234430599
0.383062425975579 -0.15862117339009 0.114627128506961 0.1785610689436
0.36173695314526 0.223320734022648 0.0604638809922479 0.191349369703497
0.222225922189229 0.383512104798653 0.0611861613957863 0.269944334951723
0.307728447250031 0.429307760446 0.0422066127153219 0.245466775128207
0.505429751838137 0.0941772973513013 -0.0337655772614624 0.0208093673781021
0.28436585902611 -0.359033199181823 -0.0972856668031325 0.141915930739202
-0.196755709886536 -0.470297654259759 0.0146566920743559 0.205684385340376
-0.400940290828722 -0.203370364031896 0.163877622772369 0.130229458265444
-0.415755419029651 0.0613472680220682 0.162907369447333 -0.0340063953868118
-0.348087280696674 0.281106689529546 0.107370832491926 -0.0874661844165025
-0.35321234870814 0.315648969906156 0.0688508255889242 -0.0752441240618384
-0.419907252712251 0.226717730778621 0.0212063154126784 -0.0939252145478553
-0.497018439564013 -0.0526033384008707 0.050842192393031 -0.099395361580392
-0.364604321826816 -0.365678673960278 0.0890496806525788 -0.0757266649474327
-0.0130458439328063 -0.586483560756933 0.147558518954236 -0.0315820484456241
0.494873932625831 -0.261514062850227 0.17053702335942 0.0637848607198471
0.519617320068079 0.281511547848316 0.0848848374548911 0.0821451257601216
0.305189560463261 0.541763912440954 0.0144556625877111 0.06413563434855
0.24854966219471 0.456668666398646 -0.0351795183896783 0.0978402102889858
0.480442936227947 0.188920166574436 -0.0882502693583427 -0.0486618066714401
0.341319431179765 -0.298774929516776 -0.120243189438553 0.0502665690723677
-0.124625129638041 -0.495642922583033 -0.0674288407340962 0.104614579080542
-0.382505816317065 -0.271818103948937 0.0136399710820146 0.0999000254125091
-0.430308908954002 -0.000373050091068453 0.00365661154290229 0.0189653300412541
-0.35993450909094 0.255997067740452 -0.0306305424174542 0.0187844538035846
-0.35424672568633 0.341488693633557 -0.057970448870988 0.0557824331750611
-0.42545858709618 0.263603210724983 -0.140405418232779 0.0119564881663409
-0.497877080981841 -0.000322078648457093 -0.11883868467213 -0.0775084435417724
-0.411830058515995 -0.307460784788917 -0.05017876652451 -0.128370282321369
-0.0985379588645327 -0.604421313461195 0.0619541264833605 -0.132147134461182
0.490250849325656 -0.342573319152053 0.144541696729174 -0.0587899080107258
0.588387492294779 0.250039580296054 0.045292650483828 -0.0725588614491242
0.359107023446724 0.597711847483566 -0.0628599601986261 -0.189465768691028
0.157370956825802 0.429134015904442 -0.0778534888904443 -0.054513632035941
0.404120973085021 0.253910044463903 -0.104760352093574 -0.0924639804187481
0.35069619300958 -0.201930124990955 -0.0717612091600905 -0.0337950227879436
-0.0427508910213929 -0.437984722924959 -0.0785594599146281 -0.0313815935815101
-0.306288095589146 -0.284905620913791 -0.107243214030067 0.00546599796577029
-0.374703573998643 -0.0560760449109416 -0.151171558054169 0.0244428238064815
-0.311787616707528 0.189141207401842 -0.165068146682961 0.0978235145589036
-0.291796835321257 0.313977392789937 -0.171041856226028 0.174195393765326
-0.356628688782082 0.266076756767089 -0.271867610914781 0.130917142024442
-0.412648374210415 0.0560853693186602 -0.264033318301361 -0.0161020623673641
-0.384385850378735 -0.191595532154774 -0.177602346702195 -0.125816168156529
-0.174946254499637 -0.501943636217085 -0.0473921484435622 -0.170983759379112
0.373703566459439 -0.365716925295994 0.0609288636237023 -0.146172643496307
0.532922028437025 0.147233318862029 -0.0412909199359918 -0.213557621479682
0.361694084987112 0.525700121113603 -0.162655441238485 -0.422081727047615
0.0529483202465068 0.363580216509982 -0.0991504089447937 -0.201187279668199
0.298429004938236 0.269338338341332 -0.0999767709883552 -0.115086158035781
0.302670869801258 -0.109909325954784 0.0143691753755498 -0.0960929629820047
0.00478622355148585 -0.321636692188005 -0.0392407183479524 -0.161426981364294
-0.204164012357486 -0.231638843795234 -0.180515050070423 -0.110647704957845
-0.263854495261682 -0.0761877314069346 -0.273124038613798 -0.00244493383291354
-0.217013614207049 0.105644426638313 -0.272795189115887 0.143433683227456
-0.188505101895183 0.235962453085676 -0.254967516918789 0.261278207171693
-0.242771574627656 0.219437977607637 -0.355118285830569 0.237817469231695
-0.279502853966799 0.0804324700694554 -0.364754100865363 0.0619367186447449
-0.294743166581236 -0.0773428715885743 -0.272569343748652 -0.089169457450055
-0.196168564330395 -0.336609900159108 -0.143823895961852 -0.166349880745708
0.21433900059881 -0.312406419659585 -0.0309778230807543 -0.193108944165381
0.373864189197238 0.0410536299607492 -0.128238882784169 -0.301402671582438
0.288559959582927 0.364198219603621 -0.254591122111781 -0.577565303638515
-0.0884534095293126 -0.126937837982632 0.278199425555887 0.570524926062699
-0.193326164077118 0.00117402640922465 0.3028978437932 0.261820532000232
-0.0526027304128559 0.185913611574537 0.126418411259049 0.180233996525657
0.155102419862436 0.121508351811114 0.21417813649741 0.203141472782621
0.15066228435241 -0.00787795138671922 0.37807457628737 0.0546614154600763
0.0981169881366046 -0.0515858362985132 0.430456650491931 -0.146447720633646
0.0620625442453352 -0.0961861860299318 0.354036477691378 -0.296909242078347
0.0566243646573152 -0.121586000106801 0.297696010119244 -0.340822867317244
0.116721303370333 -0.0675011711178679 0.365513045905998 -0.240701791954949
0.122990694655531 0.0266308869669949 0.352557218864457 -0.0174842111011582
0.0903204366200309 0.0880834773109306 0.230796638660526 0.157575953620389
-0.0223908495318758 0.151585660109938 0.042000890430041 0.214083699666786
-0.168735517504869 0.0231198722989004 -0.0923420382475438 0.186907828828995
-0.12575742033273 -0.181902393398283 -0.0101952312398457 0.176726980788498
-0.0521038010494039 -0.250202219861857 0.172361241228666 0.372690232152841
0.0713674543780229 0.0727374514429662 0.290049867931436 0.56565205735583
0.0658562036895926 0.00941497145998375 0.27642127156629 0.227499886559456
0.0499179118537576 -0.00800509147136352 0.123862002166924 0.206794510473067
0.026621797128435 -0.0599287712861872 0.239349201503112 0.21457885780858
-0.0286680599830767 -0.048945430933909 0.404383157329626 0.0379713985220537
-0.0659166268154052 0.00745589739881471 0.426393724317481 -0.190073665380506
-0.0696095516251086 0.033144603064825 0.348816066914468 -0.325420775478148
-0.0730934288768663 0.00990437566607708 0.309356086418137 -0.34777159782943
-0.0506484889378838 0.0181961971980407 0.369671222814816 -0.243619856774438
-0.0673237592686292 -0.0189311424245904 0.37011060771377 -0.0220523722092191
-0.0172593671880301 -0.0717480842605363 0.264431013879709 0.169120033391214
0.0124394329632264 -0.0432873960392937 0.0760006912470523 0.244507638248496
0.00329533856550187 -0.0295012036611774 -0.0711280235221244 0.226612383263268
0.0213854159080928 -0.0638119810964759 -0.0224334266072506 0.203748974574831
0.0472811074673848 -0.0654458337189843 0.137536599009819 0.41522028544883
0.217800672070514 0.240684945943441 0.24365716026767 0.498030629093418
0.298813015452412 0.00384371969651515 0.186386171508187 0.167216129355677
0.135080478955242 -0.203361327097265 0.0663117858168975 0.222528663426049
-0.113371149572202 -0.233863803123288 0.210713634762455 0.24163925704295
-0.207152336952088 -0.0807264814865974 0.38554096349042 0.0575307220561253
-0.218025784709584 0.0681700284992404 0.385024186150019 -0.178123107312554
-0.189331078251446 0.161623663843204 0.305803910955466 -0.292212680532647
-0.196002122306285 0.140702295195937 0.269705057986848 -0.299182541957151
-0.214539431124675 0.100716850906003 0.302842413834597 -0.22549571709516
-0.257467158237326 -0.0593576865179422 0.321955465323733 -0.052855811855038
-0.137994673499127 -0.226522578608889 0.262382649040908 0.112535290601105
0.0417484671396832 -0.254170759987736 0.137917464904615 0.204390582204343
0.19809311230804 -0.0874837170239093 0.0170422233414702 0.233709784539699
0.188233166600547 0.0827662937585292 0.0117150011126552 0.225176425381149
0.141677280283355 0.159593534942359 0.104940822394163 0.389279842163967
0.309078549417655 0.361273456480306 0.149484331190008 0.38688338838497
0.456650951698203 0.0222622656054871 0.0688135158684111 0.0945169318007174
0.211321630682055 -0.337811506947634 -0.0206963901417188 0.205220697920913
-0.20533195085673 -0.378524774966322 0.12648637766439 0.249767998457494
-0.345283473575464 -0.128028239935331 0.303524319206348 0.100345258293978
-0.340035693615417 0.0947349378504916 0.29477110716702 -0.11687307679123
-0.284239915920489 0.254799057011759 0.222600066076176 -0.204204603082541
-0.292786429642831 0.251692673233279 0.182822792589448 -0.20400629620979
-0.343872998880649 0.175556511050667 0.177316659947206 -0.17720561138759
-0.413966075976335 -0.0689578745415113 0.208498924454546 -0.0894054012680732
-0.266616921564738 -0.333945541339203 0.203366214179962 0.0149383864504506
0.031800387037579 -0.452639363541608 0.174808190954605 0.0962530942378943
0.378389695321419 -0.171222121395238 0.12017237410749 0.174923372901432
0.368997630086524 0.210934283751153 0.0669259598886522 0.189894718757475
0.233815223119723 0.376598501009541 0.0697221287882647 0.268137076312506
0.320724608011878 0.419408003995442 0.0510475236880125 0.243446972386622
0.509842334197293 0.0773401055176251 -0.0332160484273337 0.0202649041970409
0.271699754976949 -0.367747680307055 -0.0927076899493197 0.145025413778054
-0.212937213771512 -0.46285950597604 0.0212492812900786 0.20527346448732
-0.408424820207135 -0.189268155064967 0.168342769389287 0.124383764140494
-0.413464741193064 0.0756053845503685 0.160705965768494 -0.0391051458182571
-0.337967268806783 0.293419372985562 0.103732349398365 -0.0910789929408591
-0.341155535482717 0.327114096765745 0.0659903451845724 -0.0777728340948206
-0.411824614308084 0.240174442896088 0.017672374477928 -0.094357583453476
-0.498652756244168 -0.0353938197772945 0.0470048351707472 -0.101850734460131
-0.376386788758156 -0.354003958881741 0.0866894464948828 -0.0788425033788195
-0.033203594049132 -0.584038577415548 0.147146421249238 -0.0367372714578982
0.485682284147266 -0.276858447524132 0.172494883432047 0.0581548459859156
0.52805832312396 0.264854782481552 0.0882033368229783 0.0797257443321126
0.322473568129994 0.530344421989785 0.015728415445549 0.0637380039910446
0.262924487180849 0.448846985511451 -0.0312774226378468 0.0985302774537386
0.486886056916282 0.172660777900762 -0.0900470514815394 -0.0466674120964408
0.331532457704662 -0.309703353953274 -0.118097225212135 0.0539612942529734
-0.142519007647216 -0.489740864409335 -0.0642501374309936 0.106457898947503
-0.392777238160233 -0.258465874641223 0.0159667775002092 0.098700283847508
-0.429768903911107 0.0141778843316898 0.00369604108976295 0.0188390744619479
-0.351786198305583 0.267963448730527 -0.030870816526874 0.0195253700626398
-0.342258501734016 0.352487677354746 -0.055769199943247 0.0570987149165805
-0.416123111080651 0.277682775182349 -0.139725516347813 0.0165146660348709
-0.498284669771487 0.0169231479852811 -0.121444460229627 -0.0742713236171984
-0.421992166189015 -0.292145875758384 -0.0539244078837244 -0.12785034989518
-0.119197387524926 -0.599781095873619 0.0593027781206885 -0.134556999728006
0.478204550597331 -0.358100029843931 0.142850909665701 -0.0636048005273394
0.596162611625145 0.23226686901599 0.0432699457464423 -0.0737983855208069
0.378094374573607 0.584374637729576 -0.0698504294434095 -0.186210968757475
0.171030106724243 0.423922680191831 -0.0785889160341361 -0.0521477032931337
0.413728576715958 0.239309084900286 -0.108258672115724 -0.0897600294414038
0.342992989369124 -0.212803853639363 -0.0726262394512484 -0.0313214991737432
-0.058548754512555 -0.435891413075625 -0.0789965892214949 -0.0287375879067816
-0.315764026601851 -0.274222027490117 -0.105977935423755 0.00800908267892669
-0.376554745738742 -0.0426967327965016 -0.150725088827004 0.0293283304929782
-0.305095888873696 0.199505414659277 -0.161779362173211 0.102603264572644
-0.279680375402086 0.323598875579109 -0.163847365716728 0.17861035247204
-0.347098622614084 0.27797613611848 -0.266830051787987 0.140255785490579
-0.410668941644527 0.0695339496286115 -0.264986561433909 -0.00766565928664237
-0.38981390874885 -0.179188158081261 -0.181435652848806 -0.120993460234242
-0.192651111167777 -0.495159414620335 -0.0511612799292308 -0.169763573562053
0.361792765392563 -0.375982202368373 0.0569837962588253 -0.148628981524614
0.536759406386124 0.129671130296698 -0.0478717520510337 -0.211456144935853
0.376898442013598 0.512641978331378 -0.177260553721502 -0.414509142544045
0.0648466604320505 0.362834006265321 -0.104630043089837 -0.198212271007494
0.308383228830858 0.258113969960617 -0.10380289896675 -0.111571170351837
0.29796071132736 -0.120357045828783 0.0115279098166008 -0.0964299075888035
-0.00642446414200598 -0.321284330804599 -0.0442884277659881 -0.159792946963641
-0.212478388375376 -0.223192593547185 -0.183418470755863 -0.105790485418302
-0.267095887237739 -0.066525879175296 -0.273429842923777 0.00623233922027464
-0.21315078025422 0.112610546897426 -0.267924051357433 0.152312825129436
-0.178719646464347 0.24160518526656 -0.245402513262991 0.267330534977225
-0.234811228247024 0.227610477667807 -0.346899333223353 0.248504318141594
-0.276774028123531 0.0893978203357506 -0.362859249708266 0.074001302277296
-0.297635347790645 -0.0668212564849638 -0.275325348973475 -0.0814804314100628
-0.20840891444114 -0.329580794321325 -0.147616126949665 -0.162078317906269
0.202700459667615 -0.318437952555549 -0.0368672089861812 -0.192005655517238
0.3750243264261 0.0284400003778729 -0.137266356066025 -0.296473862986535
0.29991286832611 0.354842131932915 -0.272420552383584 -0.56719295056135
-0.092123101751267 -0.124914764376984 0.295831453747192 0.559775735769471
-0.193931462346804 0.00775722995172312 0.309876102080733 0.250511533311761
-0.0467557693661394 0.187546623857665 0.130721118551308 0.175759115478303
0.159378567066382 0.115973976407787 0.219859122253388 0.196458536861322
0.150861028448228 -0.0126633070495708 0.378101654220999 0.0433255145873793
0.096800564893925 -0.054716292316143 0.424733372938274 -0.159572790652961
0.0591761074194668 -0.0974807342306624 0.344315862354788 -0.306807677022474
0.0517395519555172 -0.122830400262873 0.286481559165906 -0.348863634537053
0.113976411551592 -0.0718436870580511 0.356759721425835 -0.251727345830861
0.124140725138622 0.021963438902307 0.350989050323438 -0.0288227374308178
0.0930816499130552 0.084803503923308 0.236074598022835 0.150454292102644
-0.0163885505232569 0.151702552604308 0.0477400432140629 0.212380882556622
-0.16758832088284 0.0290179533298723 -0.086315544008119 0.189932710374481
-0.131164247478887 -0.177573338645502 -0.00399453431427794 0.176153502084971
-0.0604827600132316 -0.248940907283747 0.183711336410038 0.36622470349247
0.0733438946851184 0.0697309167051165 0.307444686293766 0.55428257162739
0.0651665914013438 0.00746313477600589 0.281832414258049 0.216941348981978
0.049472535386155 -0.00876823767782074 0.12921133427337 0.201832333503393
0.0250376051494927 -0.0603576777510854 0.245265709717746 0.207387029057753
-0.0297039688842244 -0.0477931617445025 0.405136161700742 0.0247510809393564
-0.0650285115652872 0.0095282241261944 0.420003960276203 -0.202210205965482
-0.0684153531122073 0.0359081981763461 0.338288015671002 -0.335405007747052
-0.0731881337272221 0.012350752996024 0.297884827723926 -0.355485644913222
-0.0503646045543414 0.0196249140408196 0.360194276888862 -0.255600593542973
-0.0683987850279762 -0.0171954282403033 0.369170724711113 -0.0341477674141827
-0.0191988554722844 -0.0714501917637956 0.269421481370472 0.159844695217642
0.0116002826497353 -0.0435434619443442 0.0833747704802959 0.241274519450965
0.00294177704899814 -0.0291879550043439 -0.0637019727050095 0.228273155232123
0.0193865426573488 -0.0646992086501916 -0.0150664248395624 0.20363349171564
0.0449906343495217 -0.0668043174024777 0.151086285272171 0.409892768110709
0.225105971190304 0.232997067682597 0.257903605855272 0.489534821085052
0.298898843575741 -0.00614181123155937 0.191191570061072 0.159547112045171
0.12814835219117 -0.20665076083886 0.0723279526727529 0.219962029878503
-0.120621596859495 -0.229517584663986 0.217417810028543 0.235538979451584
-0.20895047693461 -0.0738564082128221 0.386949119510821 0.0453971597284989
-0.215340688571909 0.075021798401723 0.378127654709894 -0.190595834780864
-0.183788014532277 0.167916785528608 0.29609221720323 -0.30123698330022
-0.190764300755495 0.147030289184889 0.259129260559058 -0.307028510681651
-0.211057438773384 0.107309592686309 0.294301776865195 -0.234827141629505
-0.25932505685984 -0.0512291472120729 0.320064729422938 -0.063783131751734
-0.145574190748169 -0.222330826736238 0.266291940264133 0.104126897903296
0.0345836162556501 -0.255253511581466 0.144290714699906 0.199252162355578
0.194869758304689 -0.0932808302180197 0.0245176794976037 0.233111889247406
0.191755599499163 0.0772807797166858 0.0191379787127522 0.22432197688655
0.146494331601846 0.154358919169262 0.116056456014656 0.384517985525746
0.32002723086185 0.351511466324858 0.162321258425977 0.381606109401958
0.456974259968282 0.00735713244751361 0.0711098150579004 0.0906412017783686
0.199723805463601 -0.343940465866053 -0.0145376367467956 0.204932512502077
-0.217732332633066 -0.371009766140327 0.133368441495338 0.246023743393665
-0.349189458013621 -0.116852119985096 0.305467289625348 0.0893481146185501
-0.337351340876988 0.105702265582541 0.289749941685629 -0.126012558626695
-0.275236642000442 0.263551152020385 0.214301658766676 -0.210877772131243
-0.283871387313336 0.259985413018446 0.175383465753523 -0.208948813863816
-0.337543198783388 0.185741466803746 0.17074335244533 -0.182543982096411
-0.415680088156682 -0.0555864964140839 0.205382952326843 -0.0961053569730051
-0.277785731631483 -0.325142494191683 0.203752302843118 0.00850660735869315
0.0170464414721627 -0.452742365370641 0.178204179697139 0.0909804387841449
0.372796553848634 -0.182667869589361 0.125440157598519 0.171462871867041
0.376957110227646 0.198966957956896 0.0721522699731567 0.187431326041491
0.244906665381286 0.367838613557141 0.0786008933645336 0.26536372724751
0.334122791627745 0.408539385083807 0.0596611722459138 0.240499857441575
0.511094391048628 0.0602368354423533 -0.0326309716750046 0.020345482936433
0.260278836734479 -0.37476319093935 -0.0882292666669776 0.146458113151279
-0.228030719399225 -0.453031121772669 0.0271912136435513 0.204143428018866
-0.413361984571129 -0.17654851284469 0.172527690311703 0.117694181309636
-0.410462687167552 0.0885989237546329 0.15848565190276 -0.0440349447193099
-0.327395469974497 0.303011260196638 0.0999941008799383 -0.0940992514333548
-0.328510135638065 0.337473927806975 0.0633489253450558 -0.0802479731242779
-0.403249015230465 0.253631864405092 0.0140319138219712 -0.0941826990854416
-0.499583971219193 -0.0188933357150268 0.0433788280312741 -0.103527185987972
-0.386993810175302 -0.340817450768855 0.0841361793733822 -0.0817555571749311
-0.0527821805605967 -0.581683358768535 0.147197056955048 -0.0416071458592139
0.477472276904001 -0.291459179541001 0.174021614458 0.0530383781945847
0.537434464079053 0.247062188252142 0.0909057240863762 0.077351381858733
0.336863298212272 0.518906438707309 0.0178013513665665 0.0640934409312434
0.275800421594611 0.440193198016866 -0.0269209599359627 0.0989907096456873
0.493392675491307 0.156781385305804 -0.0914519469260393 -0.0447714865918381
0.320405973234564 -0.318979051914067 -0.116583257854681 0.0570028654839272
-0.158388795481787 -0.483199283616844 -0.0609159444531175 0.108609979160126
-0.400735298886652 -0.245122471651574 0.021184192048198 0.0969163348831718
-0.428911706295033 0.0281069941316836 0.00376870041055188 0.0188490544250304
-0.342317298883107 0.278081817123388 -0.0302243970440457 0.0201557157673209
-0.327763624572864 0.362347100950026 -0.0539412584668209 0.057847366711815
-0.405199920186397 0.291351071601845 -0.139205040974671 0.0213932583796191
-0.496929044266994 0.0325595491556013 -0.124262045622088 -0.0709056356600333
-0.430307499663926 -0.278679295837413 -0.0579841151931805 -0.125834038008567
-0.138849641826065 -0.59404486454875 0.0554123045215608 -0.136417200006258
0.467357533241757 -0.37310658848418 0.140464050748263 -0.0673898255931426
0.603833502434605 0.212239177391256 0.0408795212109114 -0.074067529492679
0.394211447653349 0.571416304509266 -0.075904881941351 -0.182383594159157
0.183442926877597 0.418423289348566 -0.0795823682790163 -0.0500402203834439
0.422049493012617 0.225630863693023 -0.11156830241989 -0.0864210520825974
0.335323158748633 -0.223629146386482 -0.0733578286312381 -0.0292294662895762
-0.0730668504298287 -0.432478053307481 -0.0798562565819748 -0.026018231637597
-0.324803430654953 -0.262555918451449 -0.104088322929722 0.0105059423068292
-0.378044414875909 -0.0296226139837497 -0.149825703081978 0.0343146291084166
-0.297939211477144 0.208298811501212 -0.159090913292186 0.107296337852831
-0.26696849864455 0.332114685301562 -0.157818839830819 0.182516728171025
-0.335914470895668 0.288940641798626 -0.262057626065179 0.148515850206825
-0.407563231114853 0.082632536669065 -0.265164871493118 0.000110234240778535
-0.395406788114974 -0.166010167617602 -0.184847276334793 -0.115780470403976
-0.207180897952575 -0.487341909952977 -0.0554884055809585 -0.167994721664142
0.347601015772164 -0.387264071109128 0.0528196612588901 -0.150022730445468
0.540389428710487 0.114578622452689 -0.0543756786751158 -0.209217454159016
0.391463808330253 0.501036842800027 -0.190424334336161 -0.406279675127526
0.0759845222024668 0.360491333953878 -0.110293872757865 -0.194568678387859
0.317549694755294 0.247467931206394 -0.108727822281107 -0.107458079113424
0.292950925557855 -0.13036582187927 0.00830943521583623 -0.0967179122638057
-0.0179158435983 -0.319893699444778 -0.0492695506458881 -0.158061090308348
-0.220245194226891 -0.215171423637537 -0.185498764798182 -0.10048452408081
-0.269119427831526 -0.0576114223281019 -0.272871662920357 0.0149508300015691
-0.209533093257568 0.11923823203456 -0.262909644395394 0.160358626797825
-0.169178924340773 0.246873356592094 -0.235809723878019 0.27420174009023
-0.225894345845563 0.234770016330149 -0.337723867456794 0.259913205224088
-0.273673824344372 0.0982733119145709 -0.360414684319316 0.084954255804901
-0.299278393849263 -0.0568540517496772 -0.278219442337494 -0.0736699466342849
-0.218248819152958 -0.320685362816957 -0.151507138577414 -0.157502252701305
0.1923645668491 -0.324885538231731 -0.0421815050132657 -0.19077088951761
0.375542215028271 0.0178184899051829 -0.147187881707277 -0.290897909296048
0.309795178088512 0.345068317120982 -0.291240691516245 -0.555829081068745
-0.0952080195962156 -0.122809031450968 0.312217345556928 0.550111956707673
-0.193988872210494 0.0140345577661345 0.317176525063551 0.238920954856283
-0.0405301860226495 0.189176535778567 0.135351612280214 0.171985927724491
0.163422643607385 0.110489546070139 0.224728722620591 0.189685061091119
0.150553841950276 -0.0174274276138948 0.378545667013508 0.0341400579330926
0.0952911051512382 -0.0579634052002106 0.419535476657919 -0.171632451482232
0.0557597319039569 -0.099037339547611 0.333647845887404 -0.316549063361088
0.0476194439748639 -0.123305266900439 0.274931542845642 -0.356998180434328
0.110418986550928 -0.0761083445585485 0.347744678383548 -0.263181949877178
0.124179520598355 0.0175848392228575 0.349867384192324 -0.0399091251272664
0.0954202121994621 0.0811028309091083 0.239931645237769 0.143726908343244
-0.0117069464105135 0.151229715447476 0.0543028274438773 0.211337356027283
-0.166060835059446 0.0342660139499689 -0.080128251914635 0.192315562888307
-0.136812914154766 -0.173377872607428 0.00266475696367217 0.1762236367691
-0.0667825949461388 -0.245624469049315 0.194384345134468 0.358686960933071
0.075551304444136 0.0671702482882189 0.323447833624248 0.544637797828787
0.0648054621630502 0.005753529451652 0.288251820918194 0.205237195841319
0.0493794020270872 -0.00908249404021388 0.134213976156995 0.197412474612273
0.0235436687647575 -0.0608354086276532 0.250170287643914 0.200033533643333
-0.0312517868756908 -0.0471339380150741 0.405103582583739 0.0111866329680952
-0.0649106741556714 0.0121088778580582 0.412805683983262 -0.214502643425314
-0.0673274958115119 0.0380162011681721 0.327219743560149 -0.34497929454422
-0.0726662456051775 0.0147978744456797 0.28580594890335 -0.363510031269829
-0.0495448901758706 0.0221400032248536 0.351051510513239 -0.265162072068734
-0.0679692782882412 -0.0149284092727091 0.366763034298661 -0.0454573175544067
-0.0218404900484876 -0.0711601309854338 0.274632376214943 0.152445807929427
0.0111114085519654 -0.0436484196589033 0.0911042350613029 0.238551779045245
0.00184378794080668 -0.0286367968126191 -0.0562861020262178 0.230476959873525
0.0175843983712855 -0.0648243805845851 -0.00851233627380589 0.202866793904034
0.0427230552949385 -0.0678712293981593 0.164663503868468 0.403287169128446
0.23187633346829 0.225048333667719 0.273636220901232 0.482022493467266
0.297478171382571 -0.0155059687196063 0.195104083848026 0.151876328032919
0.122047677390541 -0.209672244922235 0.0782378945775106 0.217240469768789
-0.127976712278361 -0.224489850474767 0.224244757388938 0.229024412474889
-0.21132756532256 -0.0674260003544606 0.387807698465988 0.0336417301743107
-0.212776766095122 0.0820032681149867 0.370987794794517 -0.200972203702924
-0.177569156418616 0.174043327366816 0.284916564488889 -0.309810469489238
-0.186337018353064 0.153076965417915 0.248455731773424 -0.314488212068076
-0.207750536578128 0.113545097067509 0.286043169675809 -0.24326811353392
-0.260283133774029 -0.0428928095972488 0.317582216515134 -0.0743174094165629
-0.152700717813583 -0.21814387897488 0.269124400512056 0.0959072455771491
0.0266783560598733 -0.25516882051232 0.150616676460091 0.194483012567081
0.192925367522016 -0.0988687869681929 0.0313861203567469 0.232128995158484
0.193860557362149 0.0711209166156346 0.0259089339655294 0.2236552565281
0.15075669634053 0.149539640760919 0.128619620673097 0.379718895431389
0.329847239433055 0.339371175168048 0.174390177336963 0.375488209021159
0.456831275972024 -0.00755993030896931 0.0733923504025137 0.0874610548494297
0.188928092453213 -0.349046935134739 -0.00922182268625358 0.204420081342864
-0.229027065872134 -0.363401272170826 0.140102553065263 0.242052348218238
-0.352837541574285 -0.105286187225938 0.306759703740241 0.0823700390271109
-0.332984311302859 0.115770745818903 0.284487402437118 -0.134005709326161
-0.266418971012903 0.272582213978294 0.20736475626716 -0.217565107103777
-0.274906665698806 0.268113016502518 0.16831692964067 -0.213898567463654
-0.331170047781465 0.196362726751873 0.164007052740505 -0.186976242075622
-0.417127735290604 -0.0429566773805262 0.201749881036706 -0.102851980353671
-0.287547600014212 -0.315450221169327 0.20396364218897 0.00195934052565087
0.00299035989121357 -0.451662652221585 0.181480709486921 0.0844730842081243
0.366208271216344 -0.193268838129042 0.130885121621662 0.167307823260207
0.383096473400117 0.187613079453767 0.0786452301405004 0.18493984778072
0.254624630078494 0.358835661724668 0.086337812761026 0.26207829737775
0.345132585657623 0.397303933167872 0.0675570809298023 0.238258201747023
0.51276308540441 0.0438873089334716 -0.0318563465597496 0.0197960364837698
0.247804897079318 -0.382106278620603 -0.0837696405546595 0.148743913496644
-0.241491083870171 -0.445351625932524 0.0332001092172624 0.203567975762762
-0.41894574396047 -0.162520769466762 0.176392280601982 0.111750894797379
-0.406978792216316 0.10198706791273 0.155766671814194 -0.0487193224739539
-0.31627021367023 0.313239289993068 0.0959759195431104 -0.0969684356696444
-0.316919146695308 0.347190938631636 0.0605207580909517 -0.0822458353683534
-0.393749924995794 0.2653667198711 0.0107095675728704 -0.0936548042912195
-0.498453535081633 -0.00359741216980877 0.0394422641876738 -0.104817324610546
-0.396684080881491 -0.329548192103008 0.0815812143332664 -0.084241853284873
-0.0705416995165472 -0.577689952279101 0.146407909221967 -0.0467454352734757
0.466464554669348 -0.305892874036929 0.175600574532017 0.0478951665780899
0.544089548880829 0.232368095618539 0.0930182749226691 0.0748886570921184
0.352104849431561 0.507137007274128 0.0193771663044465 0.0639412713828845
0.287468053515963 0.431002260274731 -0.0232720208614765 0.0995323153808504
0.498146533598955 0.140958892958081 -0.0931586966245537 -0.0425185174403998
0.310397976192176 -0.327190619566256 -0.114695697768669 0.0597994141095139
-0.173189772465323 -0.478128381620832 -0.0578198319934197 0.110622367818373
-0.407247262450946 -0.232078489163556 0.0247052403869111 0.094788401250778
-0.428350065952068 0.0417718044729114 0.00349521582591153 0.0185713942493269
-0.332732266205051 0.288500542056101 -0.0305137716744417 0.0208061055025947
-0.315245057835811 0.370630882078433 -0.052226813150314 0.0592768050654131
-0.394853411949264 0.30390943866232 -0.138317132433127 0.0262288203674531
-0.495359364741256 0.0482500718901769 -0.126916267389997 -0.0673207588918865
-0.437168913427246 -0.266078539132446 -0.0616616976117577 -0.124831817786461
-0.156961483426994 -0.587621121866208 0.0526044096233404 -0.138356232687883
0.454148339073815 -0.385101500764373 0.139114946021666 -0.071875866861088
0.609228368008025 0.19445098996549 0.0389912253225012 -0.0748715341412212
0.410981529229191 0.557238416522592 -0.0824426330933586 -0.178506321639441
0.195410246234262 0.412647505877285 -0.0798937858450317 -0.0478315404756683
0.429636883900655 0.210971890295837 -0.114298896329318 -0.0832209777493659
0.327613539515732 -0.233449932928779 -0.0740660047536302 -0.0271287669527697
-0.0869626156116353 -0.429362001048764 -0.0800504799097855 -0.0232233633357228
-0.33299418073311 -0.250706993736256 -0.102742910733995 0.0124599109580478
-0.378591746767141 -0.017522327922489 -0.149404091085324 0.0383752688825888
-0.291261233711527 0.217232465157765 -0.156032514247873 0.111660720022137
-0.254369884987868 0.338774247081852 -0.152022896527085 0.185922197109962
-0.326280944992386 0.298680967607946 -0.256175038513468 0.156439439485854
-0.40447274432175 0.0957678981737897 -0.264642202623278 0.00866270961718524
-0.399513744083756 -0.1536698713565 -0.188052179305809 -0.110981427450181
-0.222540719073608 -0.477844296769713 -0.0592916982385364 -0.16675370663988
0.335459189011154 -0.396619770085782 0.048507089795737 -0.151518152356597
0.543216318972753 0.0980617724453738 -0.0609061348829294 -0.206277420443962
0.405890421009325 0.487963207171761 -0.203478541319004 -0.397681155305334
0.087507292845779 0.357861715714612 -0.114937886415443 -0.191556075555333
0.326281626273661 0.236238942864191 -0.112059909025297 -0.104291419687453
0.287824149556807 -0.139255930630009 0.00568914699447521 -0.0967349186720707
-0.0286204574297699 -0.318173978771546 -0.053570864172977 -0.15595315719269
-0.227675376512431 -0.206982954003038 -0.186002855891065 -0.0972912692848604
-0.270940099257876 -0.0478099455370594 -0.271801202618066 0.0236123689108077
-0.205343665400055 0.124962388480837 -0.257792465177846 0.167109392883782
-0.159596965682297 0.250512563376208 -0.226362838827308 0.278906554208969
-0.217142690696242 0.241241282084594 -0.328992618518213 0.270147438678617
-0.269667681638887 0.106915819439344 -0.357486259867666 0.0956671579131725
-0.299659251983322 -0.0471945535671625 -0.279721529737979 -0.0657350893088065
-0.227831868108803 -0.313056299575017 -0.155124687742744 -0.15380844522384
0.182185544971931 -0.329539872449397 -0.0476891078053107 -0.189830753646696
0.375501032657812 0.00703686017949445 -0.156207472928078 -0.284868774754226
0.319446953021871 0.334878427141442 -0.308027695953306 -0.543019572875294
-0.0982633145441921 -0.120682354270063 0.327137132250373 0.542026485610679
-0.194924739684367 0.0203096251111018 0.323695172636775 0.228437061732954
-0.0345539707352823 0.190291075495496 0.139591327218497 0.167543075133152
0.166308819616091 0.105689976628542 0.229852915199061 0.18402117559136
0.149736103095256 -0.0226208848814828 0.378648015573279 0.023118000158828
0.0937156180798445 -0.0606844048857205 0.414342511871969 -0.184480983277699
0.0527199597900978 -0.100342928288206 0.323829388428651 -0.325114083755753
0.0424652330803852 -0.123697530602996 0.263030006175171 -0.36393855071001
0.10726061315545 -0.0787481925039863 0.339202476586341 -0.271731053641188
0.124777658368171 0.0133683784090338 0.347925824818824 -0.0508750266979267
0.0973335977672864 0.0776640494374819 0.243984730866487 0.136121897078252
-0.00641550914353537 0.152087842456013 0.059166257390158 0.208678096181306
-0.164646962100651 0.0398007549984061 -0.0740667061784051 0.194301403537999
-0.142278692191989 -0.168742451693706 0.00789880847362116 0.17530694299357
-0.0743961986128804 -0.244482279056719 0.205355623706804 0.351441245260849
0.0776026328733474 0.0634625553148455 0.339300031825663 0.534726440095632
0.0644137682513021 0.00348085131851627 0.292981821095509 0.194841021654642
0.0491490043069151 -0.0106535539666805 0.139016673427071 0.193648045841223
0.0215641617970777 -0.061973462326959 0.255435077668359 0.192698463923509
-0.0320780145043782 -0.0465709621336263 0.404542723664986 0.00190512047268957
-0.0633918650079182 0.0139860241337505 0.405750600423647 -0.226381293303271
-0.0663089165854165 0.0403781070856866 0.316454360671493 -0.35326736717829
-0.0725206647074317 0.0177750900685982 0.273836867149989 -0.371024480026363
-0.0495878479390979 0.0219076687609477 0.342440619488354 -0.275587645692443
-0.069018420420317 -0.0135834862797139 0.365932248653587 -0.0565513995786139
-0.0241543985130492 -0.0712361363920199 0.277285266119597 0.144171441536032
0.010212873688009 -0.0440192554394682 0.0974518075536973 0.234787859962283
0.00154765302489041 -0.0282400429904458 -0.0488924317716277 0.231685529180142
0.0153630821041595 -0.0653594140050135 -0.00223810593195785 0.203376565825603
0.0410889897118281 -0.0691145291572895 0.175802062028656 0.397495939607226
0.237923123402348 0.217634762987046 0.287438141341366 0.471846593688767
0.295883230265412 -0.0247415185698088 0.199555272466461 0.144624820496692
0.115527072209902 -0.212254474975013 0.0842032236651416 0.213990091182904
-0.134038292166871 -0.220229819095961 0.229992792021621 0.222957250949728
-0.212756028868842 -0.0609412097866378 0.388251678053369 0.0228099056259123
-0.209704367438592 0.0888069659298706 0.363444078471871 -0.212157412484467
-0.171686336272771 0.179320803194499 0.275374864653443 -0.317325999729934
-0.181070531540514 0.159054704088769 0.23848825225216 -0.320650790494049
-0.203951814803948 0.118864649474298 0.2777324260301 -0.250858762040572
-0.261694327417153 -0.0354195188567972 0.315076853062477 -0.0834227529732191
-0.159374749268292 -0.214348171187047 0.271774348016873 0.0881800947011408
0.0192879327714829 -0.255573670792761 0.156432773287139 0.189389971006265
0.189512485346153 -0.103874511068401 0.0385640648867268 0.231286055804376
0.19594842828798 0.0654251171147603 0.0327253886239682 0.222134857123994
0.154590274407454 0.145146973521462 0.140041387013455 0.375084328422325
0.339622500119612 0.328846890327552 0.185613273107834 0.369527039471743
0.455605476678277 -0.0210928212053608 0.0758322292568162 0.0836787497185005
0.177396124254034 -0.352639348517225 -0.00356088895575199 0.204349507907476
-0.239073053668105 -0.355502729195571 0.147289990461044 0.237696258985056
-0.355663155520668 -0.0953915383475631 0.309092851556292 0.0716547137972006
-0.32946077580885 0.126199246786556 0.279546907115367 -0.142110985248649
-0.256982452608815 0.279950681933837 0.199473567899239 -0.222520286736809
-0.266015945102456 0.276945964875927 0.160775162437201 -0.218291893513683
-0.324353423657084 0.206084956096569 0.157690519474491 -0.190966599849122
-0.417716228631858 -0.0301769299298373 0.198353638086046 -0.10938461958212
-0.297054194440709 -0.306647402564253 0.204310555647396 -0.00422311170118462
-0.0100453968370232 -0.451032366367892 0.184064515624201 0.078644134016745
0.360279424383176 -0.203317935658814 0.135878608972946 0.16314098108536
0.38700964356819 0.176920411660498 0.0845324732536006 0.182794640137221
0.264606039571433 0.351263330467513 0.0938572807801204 0.258877964443204
0.354999024905028 0.386535060517905 0.0754692581223702 0.235728709729119
0.515014473440607 0.0288285635744987 -0.0318299656696951 0.019620172810764
0.235606397766093 -0.38750376192603 -0.0791452201627872 0.149818793802102
-0.254098249555806 -0.43567347734818 0.0395609706414975 0.202475040102677
-0.423670645633679 -0.148817149340839 0.17960270500747 0.10578704464474
-0.403178825106149 0.114468584590608 0.153551754493462 -0.0532999140304571
-0.306180513069905 0.3222432574117 0.0923825330519589 -0.0994596291245327
-0.304434291409085 0.356003581911254 0.0578109460415078 -0.0840422916550831
-0.384470026489415 0.27689169554951 0.00773326878411847 -0.0932773569951836
-0.49857579250829 0.011952870785545 0.0360289198323333 -0.106282301080716
-0.40779693781865 -0.316666189114281 0.0795670734774427 -0.0867524249692201
-0.0868557181210888 -0.574745337637048 0.145401896960962 -0.0512614293147428
0.457390455419863 -0.317897780260702 0.177162622734123 0.0429419212102715
0.549165365088823 0.215494733458526 0.0953952125543532 0.0720745227865676
0.365644143878405 0.496619867039988 0.0209292404050281 0.0634765914505885
0.299848334120885 0.423377289312413 -0.0191719164093733 0.099582949634305
0.501637402616964 0.125528279223835 -0.0942842074142462 -0.0408407861336089
0.300544573869661 -0.336872095137313 -0.112608454743537 0.0625083690127504
-0.188788835117024 -0.471809411294898 -0.0538606810806887 0.112335210449238
-0.41532137102921 -0.218795191719722 0.0276745034907082 0.093391662669181
-0.427430566296399 0.0549646962764401 0.00328725869918322 0.0187723823923595
-0.32311977972886 0.297143458304191 -0.0304708827872266 0.021636449269632
-0.302779767548899 0.37941396483102 -0.0497639948869566 0.0598835208478447
-0.384891275496358 0.315463233078017 -0.137665236731311 0.0307095399457838
-0.492727878090315 0.0625990877791414 -0.129148595075293 -0.0637948803297215
-0.44674591176503 -0.252497098646123 -0.0650494127910731 -0.123413295206732
-0.174552152380366 -0.581551962924718 0.0491585560481003 -0.14022788433387
0.442160864988096 -0.397853611462235 0.136894969648613 -0.0756455074058721
0.614000553044422 0.178155518393292 0.03678767543274 -0.076193231873976
0.427218579248984 0.545694518474453 -0.0880997130946324 -0.174659057876923
0.207637580041483 0.406041018284708 -0.0802839567988518 -0.045851227241222
0.435401229373381 0.196816994339904 -0.11719822051889 -0.0802296292893916
0.320009107733295 -0.242778722731254 -0.0745256011692798 -0.0249579335920872
-0.0998859552548014 -0.424708699169339 -0.0806152362056133 -0.020590970516204
-0.34087810486848 -0.240405186029823 -0.100746647953237 0.0143235635812602
-0.378009376442485 -0.00602446900544156 -0.147551642590045 0.0430014307062939
-0.282868613849977 0.22488799536274 -0.152717042117237 0.115451592900662
-0.242991733745686 0.345095288978728 -0.145479192114228 0.189393717925986
-0.31532370091909 0.308640870794012 -0.251430863575895 0.164099019640471
-0.401108279253548 0.108124668346036 -0.264785413873374 0.0160839026192475
-0.402905695438178 -0.141162340530867 -0.191312372215072 -0.106253624050454
-0.236520447114589 -0.469921678611857 -0.0627815582533541 -0.165427592882297
0.321996862355293 -0.405533773097549 0.0444360980056581 -0.152744181277394
0.545025442572264 0.0818226038371977 -0.066733173066237 -0.203459744532994
0.417420333785246 0.474769571755409 -0.214841326157085 -0.389171089858307
0.0978588403139283 0.356149446674296 -0.119884430095294 -0.188161250202364
0.334330114511199 0.225372669148036 -0.115615642801268 -0.100385054128911
0.283301984852857 -0.147542507521107 0.00283302074088254 -0.0961932269971605
-0.0386211627129672 -0.31605013422137 -0.0581220084419942 -0.154035546678188
-0.233837060248235 -0.199173094589782 -0.188084343912228 -0.0902119864450815
-0.271995756224897 -0.0392407098170686 -0.270913643746426 0.0315553786011601
-0.200979949883443 0.130873845125506 -0.252924337429159 0.174141093294254
-0.150567915026379 0.254407952948784 -0.218068124653708 0.284540126137164
-0.208379615810711 0.247944845955296 -0.31975157591123 0.278860392294364
-0.266238231745081 0.114728070853154 -0.354320884930126 0.106914505209179
-0.300334810204417 -0.0382857229876682 -0.282101576892768 -0.0580791813269828
-0.237967331176575 -0.304355701959551 -0.158274384692635 -0.149351959595167
0.171056500470704 -0.334068074164982 -0.0523523042421662 -0.188018085313283
0.374958312051489 -0.00433611514663113 -0.163836854088415 -0.278718068556909
0.32931047552591 0.325557944440314 -0.324508397924488 -0.531422206615004
-0.101821010647883 -0.11895216627316 0.341236273870346 0.528082279527907
-0.194738715435554 0.0263188754785567 0.328702674599143 0.21691363511524
-0.0280857865365734 0.191402340104303 0.142671745182936 0.163227766336938
0.169361341411976 0.0999745293639897 0.233266524963169 0.177452212995521
0.149290624324476 -0.0273373183795811 0.378432995726432 0.0136648832489765
0.0925712859408863 -0.0636125580703646 0.408807641432131 -0.195474834217737
0.0499963555020642 -0.10125749066693 0.313816029551578 -0.334602768794341
0.0381059590040365 -0.123835380579531 0.251604711158256 -0.370229102510518
0.103987271216193 -0.0825779198368874 0.329596805994686 -0.281333811267586
0.125020626179252 0.00907928347340944 0.34583971391068 -0.0612244379317361
0.0995767448356837 0.074087833873947 0.247219458055962 0.129944612417546
-0.00197940303790739 0.151729325611497 0.0651721793639388 0.206095191305309
-0.162906147966209 0.0444406821864302 -0.0677666109786241 0.196104849674259
-0.147012805056966 -0.164687365991057 0.0130522553132399 0.174850592438732
-0.081270349998564 -0.241239450992706 0.215924002796033 0.343451119924029
0.0791385540038672 0.0603067181023718 0.353434478175461 0.522170787638232
0.0633722726511675 0.00159865030267612 0.296918550275532 0.185872867986701
0.0487267622346655 -0.0115847035289581 0.143385933816125 0.188727579994836
0.0197703615546255 -0.0620499750085199 0.259759020306346 0.185862407810393
-0.0332657368699112 -0.0456930443521342 0.402970080311103 -0.00936346639863628
-0.0628022197172757 0.0160302668775377 0.398074841974135 -0.238129542724893
-0.0645356020093334 0.0428666631962359 0.304723491619997 -0.362084418112469
-0.0723309263413005 0.020273889834772 0.261422363374455 -0.378495005164301
-0.0494300968164524 0.0235303265905704 0.332394781737547 -0.284598912493795
-0.0692694192045022 -0.0114344089100299 0.363531922270765 -0.0682764384687182
-0.0260616831496046 -0.0709720203157409 0.281897786799481 0.135714153405131
0.00924397949103178 -0.0442534928668122 0.104176890041901 0.231529915738645
0.00104814889438389 -0.0280914056529164 -0.0417328023706011 0.232429895651176
0.0136227025368898 -0.0653114271218351 0.00532473951507306 0.202706345852519
0.038927896068287 -0.0699935805007329 0.186401479213072 0.390420607931256
0.24423822522081 0.209532481981934 0.301003582669418 0.463330182200864
0.294528084887541 -0.0333186490530918 0.203077689710634 0.137552459639546
0.109039624724006 -0.21450515677744 0.0894600952622251 0.211206292910369
-0.140473076601596 -0.215675660570712 0.235651210893937 0.215805437940317
-0.214281069855564 -0.0544048962244052 0.387975403904995 0.011268348857305
-0.206603422703604 0.0951149538694172 0.356455432436127 -0.22228616847497
-0.165950220759261 0.184461276931895 0.264496779969941 -0.324227590379574
-0.176600778381704 0.164439206235699 0.228094164792195 -0.326792348850856
-0.200626538659346 0.12478036963559 0.269233342586018 -0.258480118068554
-0.262940981174538 -0.0278060743514023 0.311546119943514 -0.0937055976371353
-0.165671344919862 -0.209557947877652 0.274226343670338 0.0799195853407603
0.0121325195275737 -0.255475850333785 0.161791854938801 0.184066643438773
0.186466374345388 -0.109040060985677 0.0456800570774669 0.230279867011557
0.19816104282425 0.0598644680146277 0.0399038970217496 0.221008699344193
0.158442731539627 0.139754711879064 0.150759033062621 0.369617385094753
0.347550847417068 0.319058658575904 0.196477566810811 0.363420547266101
0.45472308023618 -0.0357574989721295 0.0774267786194639 0.0797823540862091
0.167851869237417 -0.356533557618953 0.00167500070541727 0.20308745744127
-0.250531612407476 -0.346703753518464 0.153433293100887 0.23370080673904
-0.357476390109287 -0.0845980590577253 0.311607084609282 0.0607769387834132
-0.324964855810608 0.136270251436123 0.273564973951889 -0.150039318662424
-0.247248061023577 0.287106722421853 0.191741796016498 -0.227594165004574
-0.257193774605714 0.284084399794154 0.153901391936171 -0.222611468673713
-0.317729112622405 0.21542567277666 0.151462248103071 -0.194751888762717
-0.41799915450468 -0.0175410399906894 0.194210957363007 -0.115110162681447
-0.305694483721846 -0.298345867550278 0.203818313851839 -0.0101834775407299
-0.0236108668149986 -0.449209743483835 0.18698897433096 0.072614854624611
0.353464580771639 -0.213839750471648 0.14007498327475 0.159463845110694
0.392940713218202 0.164567676744262 0.0894813501382968 0.179699842307972
0.273787778655316 0.342182449017565 0.100677881033367 0.255649782617961
0.365104047386451 0.3749735009545 0.0822833569987605 0.232422419886351
0.51336882815999 0.0129724568925886 -0.0312484153174038 0.0196384448362601
0.224144536289108 -0.392248895507818 -0.0750573392465458 0.151291209467515
-0.266149436752958 -0.427220355100165 0.0450033598123327 0.200994724107524
-0.426736879285641 -0.13551075519088 0.182745547956956 0.0991123832486717
-0.399174922765288 0.12657831059605 0.150949850945792 -0.0570063082523052
-0.295506065118332 0.329553947297511 0.0882043140791535 -0.101702562826688
-0.291699576683665 0.362911766317071 0.0550204867282921 -0.0856532993134548
-0.374281261852142 0.288310293046094 0.0042608992069942 -0.0927748957237022
-0.496696699605755 0.0277841636563832 0.0326268771671994 -0.107787278542136
-0.415496674431393 -0.304341765168678 0.0768125039834793 -0.0894513327946114
-0.103663105645142 -0.56820444887399 0.144415000771641 -0.0561618421506056
0.446634777148956 -0.332161539665743 0.178295918840158 0.0374564211422287
0.555740647858091 0.198356574070058 0.0970242595128799 0.0696325073912087
0.378682832733703 0.48488728110084 0.0222316594799762 0.0632852757775033
0.311685530449408 0.412923132196147 -0.0151990593775394 0.0995097669212507
0.506543642641147 0.10984761214206 -0.0960726955458845 -0.0387264748493134
0.289023640910665 -0.344831836610783 -0.11077872344488 0.0652667064811153
-0.201258870924568 -0.463759545818667 -0.0502824238921524 0.11374941406887
-0.421092042715987 -0.205202216094896 0.0311808738856607 0.0913960850809233
-0.424514597051946 0.0679095492090145 0.00342175698498886 0.0188187783532293
-0.313481200547147 0.306817666443937 -0.0301398145535651 0.022835668207282
-0.28932795464968 0.38845967572957 -0.0482166494798741 0.0608495856505349
-0.373715187491267 0.326850858083753 -0.136627133713211 0.0353270491377461
-0.49115372002074 0.0779998922028563 -0.131035847445823 -0.0602181908587782
-0.452806853745185 -0.237831910585072 -0.0678319255131986 -0.121541324134478
-0.192113666984137 -0.57366727165456 0.0461978382906533 -0.141772870639884
0.429794164416205 -0.409780091955113 0.1344154762023 -0.0794121128622712
0.618182501729692 0.159342459459791 0.0346462222525456 -0.0757415199310183
0.439701301495937 0.532064157227276 -0.0934389709852108 -0.170414729879369
0.218709067662685 0.399826115568068 -0.0805211580196451 -0.0442531223075524
0.4430543619682 0.182410414511344 -0.119585931014677 -0.0769252680273776
0.311255272533093 -0.251905813103146 -0.0748046931663507 -0.0228546330800215
-0.112764373347248 -0.419926909996422 -0.0806477056009659 -0.0181147180683336
-0.347277494850873 -0.228088552769315 -0.0992451378860419 0.0159542389565538
-0.378013171119225 0.00561482315964477 -0.146819793157341 0.0474538876710808
-0.27615259510091 0.233032741163423 -0.149854307405555 0.11973092389265
-0.231272104116647 0.350801790408265 -0.139063614490661 0.192119443333592
-0.304380580633563 0.316976637781808 -0.24528100786164 0.170985453366396
-0.397351920903494 0.119097532323263 -0.263434219524835 0.0235133146028774
-0.406492740379593 -0.129048063234901 -0.193759527454728 -0.100745375615895
-0.25049526303548 -0.460924603578426 -0.0670331449561867 -0.163324766421155
0.310371746490375 -0.413394323753712 0.0398317839205623 -0.153685501260405
0.546137837999041 0.0670351217644582 -0.0720324652865571 -0.200398045426331
0.431087474816676 0.460600468075848 -0.227243792407079 -0.380663196999944
0.108094378730549 0.352766909170483 -0.124455832031301 -0.185236348663222
0.340883162085942 0.213243142157875 -0.118502620703172 -0.0970394855305705
0.277376389517896 -0.156546227543694 -4.31034423116521E-05 -0.0963897317543123
-0.0489721053700341 -0.313604916064783 -0.061985481676759 -0.151341023819905
-0.239442638145199 -0.190660495024339 -0.1881416896068 -0.087151515689961
-0.273282705197338 -0.0307149834427038 -0.269356895182962 0.0391429081099702
-0.197031442613073 0.136437144720047 -0.247448030633858 0.180900699611251
-0.141919997842423 0.257619778556754 -0.208176478037782 0.289365877958261
-0.199442134704943 0.253641010742366 -0.309951592638542 0.287281683559916
-0.262237934435645 0.122044290838574 -0.350306562375003 0.11658525211721
-0.300274665205386 -0.0288110611660215 -0.282358131197936 -0.0505808711036833
-0.246218949603178 -0.296139429830593 -0.161302630591938 -0.145184247738127
0.160346145434745 -0.33828416005022 -0.0575253056941607 -0.186235056782677
0.374645250559643 -0.0137696773419276 -0.171344431665229 -0.272969558190566
0.33767473766181 0.314724999804332 -0.340056244223712 -0.517673907720654
-0.105055810430015 -0.11655593125827 0.355668943926924 0.518906758963445
-0.194743217168144 0.0327960478792628 0.333218287764193 0.206057754540674
-0.0225978382265758 0.191983699807214 0.146530395904902 0.159333246652047
0.172559587205871 0.0944524536547279 0.237461603097999 0.170701033503554
0.148920315469166 -0.0321373042937196 0.377935062720532 0.00433202875932127
0.0906208657289042 -0.0661969116539845 0.402056795232625 -0.206370832798908
0.0468930189171917 -0.101955813102399 0.304017773065976 -0.342225024434968
0.0338630490588466 -0.124312845886728 0.240625578922837 -0.376152993865023
0.10062722422714 -0.0851201094393796 0.320703522068169 -0.290293435720912
0.125219979785188 0.00511485063117974 0.343453404528049 -0.0708071865676779
0.101792164883329 0.0701348156418713 0.2499699447154 0.122857206208366
0.00315336846383384 0.151058478207939 0.0703462771473402 0.204452184400811
-0.160913716628724 0.049455939644267 -0.0618809105141442 0.198089132233466
-0.15119154619541 -0.160324795758566 0.0186962638581372 0.17328661350801
-0.0875199360697085 -0.238693653320736 0.224917193621257 0.335456913983708
0.0803286104867662 0.0571609399736335 0.367110315441477 0.510843741280747
0.0622247067193371 0.000367603723364243 0.301209678905429 0.175592908301876
0.0489928708995557 -0.0121957492249444 0.148101410077376 0.184029735469264
0.0182167832341166 -0.0623667789871885 0.264582405404145 0.17888656646306
-0.0344538248027984 -0.0451013591572203 0.402599244687166 -0.0210356299282355
-0.0618203344363352 0.0177253595731975 0.39059576691866 -0.247923796062288
-0.0628138612443129 0.0448718679896944 0.293351385074418 -0.369176949872854
-0.0724108283437734 0.0231559567421889 0.25007251007567 -0.385110086695887
-0.0489791625732708 0.024488819364345 0.323380567651479 -0.293481906972899
-0.069681167896355 -0.0101566789755107 0.360600631972992 -0.0783348563820271
-0.0286559692980226 -0.0703986881924879 0.285742764042394 0.127134294963914
0.00860637393992386 -0.0442468844258875 0.110386714028888 0.227496888401405
0.000622540652299039 -0.0280958788061046 -0.0350030392974182 0.233527014671809
0.0120067749467153 -0.0659795203437526 0.010312981268917 0.202252271543177
0.036852481324307 -0.0707996262190598 0.198339415602596 0.383491261330192
0.249560725959213 0.201624082374054 0.314148103621321 0.452754102725317
0.292581480717894 -0.042224798369581 0.205722860113643 0.129862619156838
0.102561243558926 -0.216555534283512 0.0948420012149672 0.20809836643816
-0.146032244572295 -0.211021286832942 0.241668947783781 0.209843752595932
-0.215686611886351 -0.048316647016083 0.387662713164511 0.000152549358337794
-0.203382218750537 0.101335880348581 0.348808670282285 -0.231011360923807
-0.160127367430868 0.189346881361416 0.253767002735035 -0.330789885998018
-0.17170331863489 0.169700396994791 0.217396796489134 -0.331892818951686
-0.196502520283916 0.130544562468235 0.260938325052479 -0.265455707679358
-0.262936733715601 -0.0201115608930689 0.308569144918263 -0.102386675200659
-0.171663828499257 -0.204723343197902 0.276300444514522 0.0715301515975614
0.00521112662048212 -0.255114246422507 0.167412998966505 0.178368263651936
0.183576820707317 -0.114492583414178 0.0523240384426213 0.228928970359141
0.199675502919362 0.0542021019521108 0.0463496358982148 0.218797652713932
0.161794308735965 0.135243961388409 0.161303270772893 0.364287936138205
0.355192116643452 0.308212181756515 0.206932833611077 0.356990736722275
0.453701263479398 -0.04873552434765 0.0795553691692939 0.0758549972197388
0.156232667980395 -0.360613146657832 0.00699093323129769 0.20205517459503
-0.259406503624707 -0.338662793603916 0.159465154900077 0.229218581874141
-0.360046811624395 -0.0736571694882232 0.312202487525694 0.0539390532872767
-0.320078735006386 0.145859896639457 0.268323966375576 -0.157196199686565
-0.237692070958241 0.293718251011452 0.184184089557077 -0.232364396092701
-0.247125170436387 0.290897108066489 0.146844691890609 -0.226173044721614
-0.31089258596821 0.22380223942476 0.144965140219589 -0.197769529254922
-0.417715217221458 -0.00489530032688712 0.190280837052069 -0.12125327289107
-0.31471077593805 -0.288775231150974 0.203525974612983 -0.0165264595814964
-0.036267896243794 -0.446565777048777 0.188785416130084 0.0665627981604168
0.34698389526601 -0.223530841814942 0.145081229993832 0.155450584408817
0.396483851505566 0.153112200088678 0.0945703865509037 0.177083592803849
0.282550952227677 0.333685344713753 0.107559369238732 0.251894636453077
0.374601343560804 0.363319284858125 0.089459371333098 0.228927917362905
0.513525327197295 -0.00277738052202036 -0.0311577439925863 0.0191442164342889
0.212069107945884 -0.39762745221276 -0.0709981368355012 0.152852907693861
-0.279414468327156 -0.41835217919784 0.0508561010168108 0.199540346328039
-0.43085263563688 -0.122632955808429 0.185575026982745 0.0929119510826828
-0.394781086930571 0.138234268425812 0.147927807808964 -0.061270433548386
-0.283912149519728 0.338083977427891 0.0841029967089273 -0.103656969504192
-0.28029474966993 0.370347888100969 0.0522118674480297 -0.0871852383024041
-0.365008968022567 0.298468877535475 0.00127071846710307 -0.0923227587165205
-0.494707673517974 0.0412773883410311 0.0289452057410402 -0.108262776508482
-0.423796836065985 -0.291585172335147 0.0740539039528286 -0.0918087818759434
-0.121008048051768 -0.563732843665937 0.143245751546512 -0.0603627181999021
0.435913214817874 -0.343406840175003 0.179026055178218 0.0327394961487134
0.561176756418526 0.18216168445422 0.0988578041111743 0.066330360602601
0.391140251717706 0.471464416545569 0.0234517700114437 0.0627869433715423
0.322816348812148 0.40378600250848 -0.0115785680700548 0.0993213130628031
0.509163330378982 0.0940472187963335 -0.0972946739052184 -0.0369374242619457
0.279188461672038 -0.351347548448474 -0.108902639728666 0.0679370519083375
-0.214998408593521 -0.455733536904178 -0.0471355920909077 0.115111502208217
-0.426379009475258 -0.19280591839743 0.0351020283122655 0.0888441879098842
-0.421860143859718 0.0805790172045725 0.0035872594697674 0.0189174820197073
-0.303390391852054 0.315159782645123 -0.0304133252142864 0.0237571006446265
-0.276938986447099 0.395523119767129 -0.0460668691280412 0.0614086354561762
-0.361758170818483 0.337509766298115 -0.135352042962244 0.0389724741650075
-0.487687896379423 0.0919392493175699 -0.13237914505944 -0.0567574208858888
-0.457863521956352 -0.225569519665137 -0.0717513354270359 -0.120519457370934
-0.207489531935473 -0.566624174198523 0.0431787492471682 -0.143478978085128
0.416673440767646 -0.421006502417448 0.132300020692685 -0.0831220147306908
0.62195330806512 0.140294423660633 0.0324538903296708 -0.0763712264687544
0.453077050328719 0.518097479843941 -0.0984666122597008 -0.166367799660988
0.229331536225702 0.392439832436864 -0.0809934763947808 -0.0425042321115891
0.447992481755346 0.168572713293599 -0.12210439269817 -0.0733511224488272
0.302967157487439 -0.259887952435082 -0.0754417906817961 -0.0210682256907256
-0.125784813162024 -0.415411084675813 -0.0809101091817447 -0.0154388828795679
-0.353802080108831 -0.217209296439614 -0.0978927589824126 0.0177409288393426
-0.37795651306287 0.0174928276293347 -0.144966011966069 0.0510126239119271
-0.268398024142566 0.239803882006874 -0.146136395289237 0.123905477688811
-0.218523598957366 0.355642340332787 -0.133051179674997 0.194800526112567
-0.29263808386372 0.325976617114514 -0.239680901199424 0.177931256788962
-0.392807288044263 0.130795238309111 -0.263383943943011 0.0309760153544074
-0.409450526090651 -0.116623854451145 -0.19608855271433 -0.095968076719401
-0.262896402453001 -0.451890275436437 -0.0702292664410174 -0.161621526907184
0.296779159236833 -0.421327642913307 0.0366305570002137 -0.154981257051054
0.547674522026012 0.0513972648032069 -0.0775313164211652 -0.197223324968348
0.442877642345398 0.447615857725503 -0.237540105121128 -0.371109450848212
0.11771642777547 0.350226403666202 -0.129454475437235 -0.181629177478892
0.347805516223882 0.20181243214415 -0.1219339030704 -0.0928799213260389
0.271617416909419 -0.164818179017791 -0.00264938987750098 -0.0960230528974046
-0.0582304990939394 -0.310487279046354 -0.0658342086785593 -0.149093322369837
-0.245243824197837 -0.182356324130885 -0.189363667337868 -0.0818160754869473
-0.27352815186076 -0.0216853525635016 -0.267956781869514 0.0471816916481608
-0.192127718606432 0.141395035758227 -0.241662621283144 0.187468035033644
-0.133705787078368 0.260014448488804 -0.200022559235881 0.294345886654063
-0.190345162216466 0.258925858349 -0.301016895180446 0.294564021765127
-0.257959346717815 0.129566959481492 -0.346387237870817 0.126601522821274
-0.300612381931438 -0.0198815324145779 -0.283587883667682 -0.0429476231408361
-0.254699748481163 -0.286157574573387 -0.164492547847393 -0.140974865537436
0.150628747523645 -0.341943599149857 -0.0619161066840705 -0.184745447144434
0.373952486771115 -0.0247959990386556 -0.178684565586021 -0.265648264659567
0.345926380659422 0.304583848873269 -0.355303145094783 -0.50533872427204
-0.108041833975425 -0.114591186452637 0.369139622842819 0.50654758499153
-0.193695090220948 0.0385630152876065 0.338036596320187 0.194803876923952
-0.0165689221284218 0.192482853047627 0.149197762613659 0.154422781350418
0.175639062266071 0.0890656326575286 0.24203287635136 0.164312738748206
0.147546833704794 -0.0366810515297283 0.37637151895504 -0.00498481552774582
0.0888716508757215 -0.0691170130391656 0.395822056389191 -0.218004514116264
0.0436230257372525 -0.103310910083834 0.293566072718536 -0.349060212709669
0.0298893239184888 -0.124465649273676 0.228893963152666 -0.381082200505398
0.0970489398819629 -0.0878765070589779 0.311371512157641 -0.299013466752409
0.125624210984297 0.00135333424393038 0.340254856919113 -0.0807628649326806
0.103891484361761 0.0667802246384613 0.253702676240034 0.115726982655697
0.0077880387245673 0.150969895765226 0.0754507669431707 0.202156829789215
-0.158976308501712 0.0542111013648691 -0.0561210010952085 0.199879681667508
-0.156631708705938 -0.155643606371305 0.0240490451920953 0.172478132483123
-0.0940739212066442 -0.235401446593677 0.234434854048682 0.327034915402152
0.0823710114967928 0.0537885546127413 0.380767534917485 0.499836002502748
0.0614641560858818 -0.000929952454821791 0.304976851603073 0.164848636059718
0.0489332315706388 -0.0127383591793317 0.151783152695205 0.180103846369239
0.0168166989310578 -0.062977969451184 0.268524298833809 0.171411718415918
-0.03560382823644 -0.0439140907658797 0.401728695800443 -0.0315873626615586
-0.0609276123219579 0.0195152105823514 0.382834328500884 -0.259587378415445
-0.0612384414103471 0.0472640189764581 0.282519304444363 -0.376316049299411
-0.0719389052263664 0.0257071853118124 0.237971435596307 -0.389752996659347
-0.0490007069807929 0.0252384484374635 0.314185320654365 -0.301991384212279
-0.0694179429305721 -0.00810131389182782 0.358349033286417 -0.0891140281571537
-0.0307630066213018 -0.0703673651319021 0.289014442340747 0.119355319544553
0.00749938969198186 -0.0444372465205838 0.116235397112351 0.224128332724469
0.000708949429797535 -0.0276471379186109 -0.0281449269139489 0.234300058585477
0.0101529343453213 -0.0657725995779153 0.0167740802230681 0.201268585686841
0.0348085512823603 -0.0721180459358567 0.208829612707445 0.376194552245687
0.254355184591657 0.194139059530994 0.326333895564384 0.443676368335359
0.290330263136773 -0.0508079216145923 0.2087402116958 0.122401101322387
0.0962223958636009 -0.21855176464478 0.0996739098734913 0.204531375090727
-0.15269078981933 -0.206053703299103 0.246030603876759 0.203351139516286
-0.216823384144697 -0.0417438505931681 0.387541192201314 -0.0108773649944472
-0.200156794611566 0.107092293613605 0.340960598471521 -0.239460511023685
-0.154095697062028 0.193667564039713 0.243974463647025 -0.336422504899995
-0.166122692810893 0.174318290202542 0.207220257648312 -0.336756632483836
-0.192531089147259 0.135029325206254 0.252033646235431 -0.27212739230782
-0.263470636111795 -0.0126481425226227 0.30424892545355 -0.112145166369435
-0.177669102964281 -0.199363580434012 0.278495212688391 0.0635559145725414
-0.00207440883207806 -0.25472780734926 0.172034388662053 0.172964618888647
0.18040525665483 -0.119275054420307 0.0591310664099017 0.227340183348064
0.201452976631567 0.0481821192207069 0.0523730011550612 0.217051517406332
0.164864194761926 0.130284540865374 0.171260911544839 0.358479338755671
0.362654134698605 0.29807960919996 0.217040020469828 0.350968444275982
0.450779746808545 -0.0616678960332866 0.0812782893606393 0.0728762565826253
0.147072517538212 -0.362880715748264 0.0121901264646776 0.200971426984893
-0.269399074560769 -0.330265534278482 0.166227205040525 0.225107297397626
-0.361617987776392 -0.0627297477844008 0.313171769434258 0.0428123959592424
-0.315583372235466 0.155061112304448 0.262333213977318 -0.16382051347471
-0.228935240117298 0.300282831448377 0.176235836214362 -0.236308423644307
-0.237916598941491 0.298032700546234 0.139659590492862 -0.229648469453949
-0.303688690525352 0.232855371609032 0.138244527069498 -0.201163928770626
-0.417100655599751 0.00690631368479058 0.186553503122172 -0.126905170038767
-0.321979330614036 -0.27857485524784 0.202484691955291 -0.0225125378605291
-0.0478624882370734 -0.444248112963314 0.190761275653389 0.0606553666513639
0.34021870974689 -0.232512467718525 0.14946360933514 0.151145583309578
0.401766878313134 0.140633652893948 0.0997335317767523 0.1737950881317
0.290576182187447 0.324331895837875 0.114871173666983 0.247343442699177
0.383837073450448 0.352697446117823 0.0967476727226448 0.225091542716724
0.512887278521126 -0.0186064526628764 -0.0307989619683537 0.0186981462993053
0.200201426734627 -0.401658269229541 -0.0670189003728757 0.153671538733214
-0.290640432953397 -0.408794290441157 0.0558869935136515 0.197620359853178
-0.43321554046608 -0.109541498602968 0.188392557053709 0.0867117255836364
-0.390083795865077 0.148877831419358 0.145539948694554 -0.0644825047931975
-0.273620206904763 0.34479954073562 0.0804561202638096 -0.105368005332535
-0.268093981589787 0.377384604074593 0.0491972297327342 -0.0886208287016823
-0.354626806660982 0.308792183851364 -0.00165950756888089 -0.0909509134061955
-0.493329074168073 0.0556514450649974 0.0254978368472365 -0.109281022812883
-0.430341101553897 -0.277875322177816 0.0717177785871406 -0.094238581034963
-0.135719451079979 -0.557885321625622 0.142291153815324 -0.0651597961758962
0.424976261312287 -0.353621728237185 0.180283370654096 0.0273445174018038
0.565456834897985 0.166545327894699 0.101160196235009 0.0637779853142069
0.402599590688288 0.458553221990387 0.0248821375572997 0.0626140093778159
0.332562890950525 0.393655527375899 -0.00798859025344098 0.09892681975696
0.511786387276642 0.0782435644384815 -0.0982338698577809 -0.034870952615692
0.268649003561997 -0.35813088666317 -0.106562666370016 0.0701242831213853
-0.228693121385691 -0.447969499579485 -0.0439127426331655 0.116620818080327
-0.43220794724168 -0.179097130124686 0.037736768418115 0.0863458731810535
-0.419916761334388 0.0930387564485596 0.0034980390557846 0.01875919672754
-0.293699377846628 0.322534172519269 -0.030306054615813 0.0246647080671623
-0.263148317996302 0.401355979596608 -0.044264887413357 0.0620264644563967
-0.351713282951997 0.346765867465462 -0.133526732338124 0.0432917631601201
-0.484651377457778 0.106410684567254 -0.134694580519967 -0.0527296210797701
-0.463973209937284 -0.212133137378421 -0.074915912537921 -0.118331797923169
-0.22216307545717 -0.557681003617166 0.0399521900571828 -0.145411589475789
0.403167680169114 -0.432094056101319 0.130100928946406 -0.0867822735639462
0.625061744436206 0.123252112819371 0.0302596203564732 -0.0768643567776143
0.4654982082123 0.502295391537515 -0.103438901761528 -0.161700634664963
0.23968720779432 0.385101644159391 -0.0812499578213294 -0.0410862428719311
0.453108221152473 0.154121001068224 -0.124774116223651 -0.0698786520413458
0.294575010378866 -0.268065917975912 -0.0756867926009018 -0.0187195068769231
-0.137910676294238 -0.409216891809592 -0.080850329385164 -0.0128682150710925
-0.359974716963846 -0.20531929806985 -0.0960315363141096 0.0188997183332769
-0.377446867348257 0.028047881837658 -0.143861836406521 0.0554796997660057
-0.260249670902837 0.247240425906913 -0.142565133012786 0.128027608757584
-0.207044212646262 0.360231514029297 -0.127265781620969 0.197538256187908
-0.282254788880358 0.33270351085191 -0.233936674471062 0.184166308781413
-0.38796399391098 0.141463970322844 -0.262229260839908 0.0383938413038579
-0.411471707391914 -0.104741537719096 -0.198518718707584 -0.090817549106461
-0.275268476623142 -0.442248611630155 -0.0733930756115919 -0.160728477126452
0.2847222139449 -0.427816235523133 0.032755715517334 -0.156070179710016
0.547291380010142 0.0370106122387183 -0.0825243649559375 -0.194110715006079
0.453198700788502 0.435087834347501 -0.247316541091655 -0.361574426902483
0.127779182523635 0.346521806142203 -0.133633509343861 -0.178856492043644
0.35423670478254 0.19083472534328 -0.124596848377646 -0.0891071746497401
0.26635436401858 -0.172031763731147 -0.00493270707040705 -0.0955267570703805
-0.067152959236668 -0.307561710229945 -0.0698197754103277 -0.14693593950547
-0.249743640721324 -0.174473663858154 -0.190787298693354 -0.0774325361806831
-0.273956200062874 -0.0136623961528997 -0.265806877290214 0.0545695872024335
-0.188065411134571 0.146717344958222 -0.236025454195791 0.1931449210356
-0.124334334349843 0.262333295980941 -0.190639812731656 0.297998784352593
-0.18196237855961 0.263958318061269 -0.291198964729249 0.303154454307068
-0.253826971466426 0.137401063940159 -0.342312927966991 0.136195937550126
-0.300028474749973 -0.0117176038824219 -0.284191475801956 -0.0362256909708433
-0.26231840948187 -0.278384317348178 -0.166714407665522 -0.136537911716136
0.140001708603953 -0.34522300104579 -0.0669432252457706 -0.182888913965499
0.372583239191461 -0.0347433547866458 -0.18602147463403 -0.259344264026638
0.353869086002635 0.293721688993801 -0.368325373680524 -0.491239983581165
-0.110916336214322 -0.112127395643833 0.384645704053946 0.496031324618822
-0.193037402155912 0.0447766761687334 0.342547173426269 0.184118715405942
-0.0109454493356324 0.192925769859121 0.152458889801915 0.151093567266348
0.177625576075679 0.083309451429164 0.245337295059158 0.158015802620352
0.146330609257741 -0.041463472130534 0.375948086647618 -0.0143590175239415
0.0871083145495427 -0.0711154074714791 0.38924329407522 -0.22862516195605
0.0403458168955798 -0.104206636930108 0.283392026558462 -0.356657933598236
0.0255195977301379 -0.124397792071173 0.217419659482827 -0.385739778742321
0.0937701632057073 -0.0911547660725591 0.302884780936058 -0.307397343435385
0.125031097834353 -0.00286360738921989 0.338215049385918 -0.0909666292104084
0.105107169970347 0.0635635614206702 0.256026375213739 0.108843832700151
0.0127607288518176 0.149691837240529 0.07994418366487 0.199794930671767
-0.157484500606749 0.0586445179737686 -0.0502913068923068 0.201410258592811
-0.160892117149714 -0.150748062927736 0.0298375550846892 0.171089613129683
-0.101090013282814 -0.232260327988416 0.243614100823554 0.318488178696836
0.0830856398582221 0.0506001091892574 0.393279083846942 0.48887992625002
0.0605980558326576 -0.00281480249867946 0.308277428348245 0.154734487072508
0.0483094809276114 -0.0141706846916017 0.155564428280454 0.175468855372906
0.0150586632555141 -0.0632824967424871 0.271834527518703 0.165267723479879
-0.0364936627502767 -0.0430497182680384 0.399071515799282 -0.0400216554972873
-0.0600307552677287 0.02152573678366 0.3740187272457 -0.267843609141987
-0.0598287538830926 0.0490920976096245 0.270501525083785 -0.382674962046103
-0.0715992393897282 0.0280991890814401 0.226284968902795 -0.395334996970307
-0.0488169748140344 0.0264451891666119 0.305162407425499 -0.308328521805166
-0.0697637580557626 -0.00665989010293839 0.354883338204988 -0.0990372916655851
-0.0326481284722409 -0.0696218682043687 0.291218240855921 0.111128092344795
0.0068556154784789 -0.0445793122534054 0.121400044287845 0.220300490133992
-0.000587497713435048 -0.0273381874992412 -0.0214358202752963 0.235338899711116
0.0089017354314033 -0.066029716711412 0.0225344902016455 0.199674648772813
0.0317114813814373 -0.0730223744452072 0.219034995218844 0.369332996485309
0.259524532665477 0.18599487588283 0.337524927244086 0.434206141927945
0.287892335082348 -0.0587234426285009 0.21116819565544 0.114829899148626
0.0899963929046585 -0.220294652208922 0.104333334363551 0.201054143676764
-0.157856149817145 -0.200931751983515 0.251459556004245 0.196397131728908
-0.217476170461096 -0.0359229353096398 0.386045278977739 -0.0202663353216258
-0.196301748145482 0.112558163039844 0.334124334892404 -0.248601385238723
-0.147917637801058 0.198015472561359 0.233163023493556 -0.342688251664961
-0.161120472214435 0.17890595895732 0.196474904846074 -0.342271252776119
-0.188307628756798 0.140906407985546 0.244175817373195 -0.277651730252618
-0.263417651206132 -0.00529522388871729 0.300826716441817 -0.121097815241746
-0.183467112623935 -0.19472801992539 0.28039577647365 0.0559802783054668
-0.00818857347208988 -0.253713822884393 0.176671635753637 0.167664720338549
0.176818498158724 -0.123986464506183 0.0651650849343059 0.225502012490066
0.203063599974016 0.0421107018545401 0.0587849915154029 0.21504570796338
0.168138174691799 0.125166329209206 0.180770733926856 0.352174384388136
0.370973651340952 0.287100515670099 0.226848510940674 0.343901748289038
0.448114609398026 -0.0757046496134429 0.0819925806188885 0.0689336404770774
0.135834381595285 -0.366495250141244 0.0172085934337656 0.199903886891718
-0.278543833420016 -0.321411402242282 0.17134691932265 0.220492351715249
-0.362751709670678 -0.0522270257051218 0.314171035430263 0.034002205698791
-0.310266606537876 0.163478510675519 0.256735672482192 -0.170079575660007
-0.220139941302088 0.306208134379424 0.168581457977883 -0.240291829000029
-0.228604555781814 0.302919550018329 0.132277455031026 -0.233289855906876
-0.295920797926639 0.240942308958895 0.131938883848404 -0.204174788604031
-0.416417941818851 0.0185264262849112 0.182202184734589 -0.132358617554569
-0.32977049044222 -0.269285765343936 0.20208387388643 -0.02808298262563
-0.0604293462480158 -0.441227074041282 0.193052201674531 0.054894315637981
0.332583051473667 -0.242103603263325 0.153168158619326 0.147589657000928
0.404768035336062 0.130172864010809 0.104519565442723 0.170084700180751
0.298868872736543 0.315538932668655 0.120574729075139 0.243827967848152
0.391244759614621 0.341029798517843 0.103565788259714 0.221555215053441
0.510894756504226 -0.0320322837378985 -0.0307378087825159 0.0184537366661233
0.188292335941508 -0.406045386211126 -0.0627256019742925 0.155045882981719
-0.302171940757509 -0.399303145276302 0.0614192070589654 0.195904528553722
-0.435054234717849 -0.0966402950646262 0.190525568094946 0.0801445174804904
-0.384935998687527 0.160155323052717 0.142382149384009 -0.0682441372377609
-0.262350848816136 0.351962190784012 0.0765841408628737 -0.106815985888928
-0.255291089581771 0.384113286801873 0.0462504796155373 -0.0896172283218672
-0.345290376158587 0.317377005502122 -0.00455809910262564 -0.0905857121182957
-0.490263681785139 0.0699539170588099 0.0215891578964821 -0.110433688308124
-0.437685780209076 -0.265185509193003 0.0694293371469923 -0.0968550577666316
-0.151024233009604 -0.552323685766927 0.14120251181367 -0.0700002054931783
0.414035589211323 -0.366100825401602 0.18060646537007 0.0226965215932253
0.568827539907474 0.150078472166136 0.102659476201745 0.0609552953563355
0.414075834354097 0.445824518190813 0.0264112609711001 0.0626600736499666
0.343019705267542 0.38481208084124 -0.00441427747640161 0.0979340869598156
0.514142448728932 0.0640137431420218 -0.0999281736162102 -0.0327336524407161
0.257940993418965 -0.3644767365586 -0.104835473314642 0.0723123901515494
-0.240785694094143 -0.440764133615212 -0.0406592740281211 0.117450672689831
-0.436201947594487 -0.166602449912459 0.0409461578569633 0.0840258788036463
-0.416789362977567 0.104756965061289 0.00349116414024478 0.0188325982328383
-0.28305613103626 0.329708821293411 -0.0300395628237402 0.0257642151113844
-0.249841467396956 0.407349398641198 -0.0426155317190917 0.0627512821161357
-0.339969509064356 0.356106188914521 -0.132412508296764 0.047746420630649
-0.480296618912914 0.120389477164894 -0.135985888350131 -0.0495623777503747
-0.46769427707383 -0.197408065680215 -0.0780440108035043 -0.116823077534988
-0.238871838988941 -0.549875760999272 0.0369047480642383 -0.146526384587017
0.392122916925904 -0.441330798330857 0.127643798710046 -0.0905378578471833
0.627621239365139 0.107964337741214 0.0285614233680458 -0.0773531854836446
0.479449997983809 0.490249249149271 -0.108186233310673 -0.157400311672691
0.249491341924437 0.378858856496465 -0.0814502289775945 -0.0394321912367043
0.457476294935456 0.139607888228411 -0.126530166752205 -0.0667502912772983
0.286427286530972 -0.275497325016561 -0.0761735100017808 -0.0164797853392464
-0.149698452080068 -0.404129767290191 -0.08093616695528 -0.0103878888968772
-0.365400219860454 -0.193687803247157 -0.0944265646444439 0.0203299840925973
-0.375545581503104 0.0394896171318237 -0.142242748381033 0.0593834775722186
-0.252851541130708 0.253756148094797 -0.139721089367219 0.131203194496936
-0.19465081028089 0.364506892944109 -0.122007070074141 0.199635281777751
-0.270682714583491 0.340184129037842 -0.228338086201633 0.190338672568594
-0.382963634567359 0.152854772052354 -0.260569624325246 0.04592669259188
-0.413328732593037 -0.0932377438499916 -0.20085495027205 -0.0856155542251093
-0.287368129594439 -0.432114275082351 -0.07728982457505 -0.158868360046371
0.272269545284475 -0.435170344653986 0.0280670216294542 -0.157088177404439
0.549024726382786 0.0212829049227477 -0.0876461608061072 -0.19020392293368
0.465990721684353 0.420431557038661 -0.258089605102953 -0.352303999208775
0.137235530987074 0.342553101540084 -0.137841747544344 -0.174805950717295
0.360576496011914 0.179329773392466 -0.127131931474654 -0.0854265777694499
0.260685512288304 -0.180010668827492 -0.00787086382360582 -0.0948811917813955
-0.0765807104109285 -0.304477277635305 -0.0736818464797296 -0.144503718888265
-0.255313722206553 -0.16606867046591 -0.19224318468677 -0.0720486384186472
-0.274465207039992 -0.00534871528803323 -0.263772202042977 0.0616610749046085
-0.18336822560458 0.151792308732703 -0.230570371845123 0.199997252617977
-0.116044687638245 0.265039968216518 -0.182126649584077 0.301153325178157
-0.172820729144388 0.268334411454919 -0.281592556540128 0.309884481840089
-0.248867700155959 0.144484355087792 -0.338825222232092 0.145582832323524
-0.299369882745601 -0.00289050083400163 -0.285614042497873 -0.0284634813065087
-0.269802427598261 -0.268929872385604 -0.169461761756215 -0.132569436019254
0.130026455452783 -0.348313831738099 -0.0716550350896134 -0.181030872566578
0.371070983622666 -0.0455574951853591 -0.192255549562693 -0.253211429929853
0.361440665700563 0.283010486722837 -0.381687730144379 -0.478228443373945
-0.114237476684023 -0.109975516533113 0.395792728327948 0.484527743678047
-0.192454264081053 0.0507144275098644 0.345973986608418 0.172606985485932
-0.0053753305469793 0.19302073427102 0.156196824701228 0.146402577601517
0.179864141213783 0.0779918354144077 0.249378278177986 0.151593975392599
0.145112894409318 -0.0461312543769508 0.374394875130514 -0.0240844284507101
0.0854726794713444 -0.073423232387515 0.383260831096163 -0.238708781784124
0.0373339934151407 -0.104483330666999 0.273019272958823 -0.36442861222489
0.0214178496607991 -0.123922256337749 0.205772684717847 -0.391085237135713
0.0904479581945284 -0.0935767402241645 0.292912108029905 -0.314988440164836
0.124475832918582 -0.00697038577287117 0.334699945741896 -0.100450232008974
0.106844531118631 0.059412908758574 0.259657172011642 0.101229257372922
0.0172597678059382 0.14901351792468 0.0854036479281729 0.19685730438668
-0.154655972548225 0.06377714373436 -0.0444497296010786 0.201711578887885
-0.16499031613026 -0.146000234582524 0.0342383136418316 0.169738586394964
-0.106878734184307 -0.229031072523948 0.251853777608456 0.309377276634001
0.0848190781544653 0.0473123235998642 0.40603128635022 0.475439200887934
0.05999847602089 -0.00415108815649801 0.311240658098449 0.144071695682797
0.0480687631938523 -0.0149595081493357 0.159993954501362 0.170639496803826
0.0134811311530173 -0.0635280492441122 0.276069322425474 0.156994343426115
-0.0373804394550454 -0.0422525087400805 0.397589028286053 -0.0516553640941603
-0.0589605851888075 0.0232858143847514 0.3654256098792 -0.277704855537471
-0.0577919623216333 0.0509738293884414 0.259674175842754 -0.389473802769626
-0.0708091133204786 0.0309535637435032 0.214325364618561 -0.400127266401668
-0.048426125792745 0.0276412141388959 0.294582921598866 -0.318227268010256
-0.0698514627878996 -0.00509903006585222 0.351165476367221 -0.109971191958368
-0.0351541785129987 -0.0688172765342151 0.294528064280257 0.102821136399276
0.00598563261572414 -0.0448162284022501 0.128104793176211 0.215933116736507
-0.00111388331354493 -0.0271439073166178 -0.0141992265013919 0.235736365572493
0.00656753232268928 -0.066154081726729 0.0284600056382287 0.198264278305056
0.0296945103411468 -0.0738188673970735 0.22876395488585 0.360749361205638
0.263879647759765 0.178024605553655 0.349846345068807 0.423238151357067
0.285701964985208 -0.0665460000251486 0.213312339755322 0.107586804604029
0.0836035755417291 -0.221453871733039 0.108845219824765 0.197804381812151
-0.162901319368229 -0.195810248554124 0.256280929686994 0.189546148900736
-0.217970377358692 -0.0296968587220047 0.384263054796779 -0.0313154523503788
-0.192278407809208 0.118180611172276 0.32543072610726 -0.256908704931921
-0.141486286231904 0.202064999731777 0.222313361281455 -0.348083812047496
-0.155149192531162 0.183907717964865 0.18636387837926 -0.346773533802441
-0.184434978758708 0.14564807153094 0.235549932105931 -0.284240707768991
-0.263413571058571 0.00199432327388795 0.296557384484932 -0.130011735903125
-0.1896033513955 -0.189658967174598 0.281899698622149 0.0472106027133871
-0.0154645501049274 -0.25284015641559 0.181505776642517 0.161864264677841
0.173128886470041 -0.128389862588492 0.0721944399603436 0.223739562245101
0.20424715519638 0.0366934189975583 0.0652373920157492 0.212685849583979
0.170959637331172 0.120286036533148 0.190210676216622 0.345874247163265
0.37827375381152 0.276132695469826 0.236497307617733 0.336482838994138
0.445891536058025 -0.0881302217514345 0.084155831739305 0.0653128511657393
0.125208725597949 -0.369042273749358 0.0218798862425716 0.198561421927898
-0.287958773864906 -0.312944816087583 0.176759279489594 0.216297509802168
-0.364320495220661 -0.0414036057356384 0.314383259612376 0.0237590703708494
-0.304666642621457 0.172759120009325 0.251004910829892 -0.176442969932913
-0.209900199574094 0.311818370638467 0.16126329885109 -0.243455976690448
-0.219561836834691 0.308615573892833 0.125097670730835 -0.23578810083218
-0.288127367993141 0.249194097432894 0.125568262348845 -0.206873461290963
-0.414824851062409 0.0308400963265281 0.177840639152681 -0.137481707230136
-0.337235750145211 -0.259591046782353 0.201151925282845 -0.0342835145276501
-0.0730299809244064 -0.438324888926193 0.194629441326055 0.0485684921388679
0.326178846174367 -0.25037226253456 0.157370544112734 0.142964562454444
0.408041642622797 0.117894730062919 0.108954698527499 0.167152776407381
0.306614907832052 0.306244597662676 0.128366397864842 0.240342956897479
0.399592207708007 0.327593088155106 0.110084983377097 0.217250413884815
0.509718037885423 -0.047933235716378 -0.0307571175789391 0.0180209055587775
0.176261272001329 -0.409147231663295 -0.0587647956848314 0.155659032103916
-0.31324789813454 -0.3882195198869 0.0662488447770699 0.194261822856212
-0.437347382782643 -0.083444855100283 0.192676684523448 0.0735578776841156
-0.380033437025972 0.171519366077316 0.139501174124535 -0.0715981181368673
-0.251204174193475 0.359047786101156 0.0728909896084557 -0.108170756851873
-0.243298208839566 0.38922442543761 0.0433439773208101 -0.09079145110103
-0.333598816146267 0.326736749701687 -0.00749037089506571 -0.0892671833422135
-0.487106175177554 0.0852344610549921 0.0183538804705386 -0.111221516182501
-0.444654285645781 -0.252121054071469 0.0667843108068738 -0.0986586862172149
-0.166989417781062 -0.546479222964227 0.139523631783842 -0.0741971878157646
0.402898971293033 -0.376300614497255 0.181415747824277 0.0176417111367694
0.571303393647518 0.133083738414104 0.104708590903327 0.0582525263757481
0.425241301890708 0.431998362779546 0.0281675500321425 0.0623176542116462
0.352533245545674 0.375395339145755 -0.000725789642736371 0.0969535297468233
0.516660453676848 0.0486104103782245 -0.101097640848056 -0.0309055655397856
0.246979583676496 -0.371437345291191 -0.102977790691166 0.0749828587746284
-0.252030460105362 -0.432043697763911 -0.0372272740367663 0.118850034010555
-0.440393316943352 -0.153096035366108 0.0438703227771118 0.0807958703097165
-0.413059275042437 0.116653619440315 0.00341877956197235 0.019064337786426
-0.272967455531299 0.337222190460232 -0.0297182129585946 0.0270477354873533
-0.237499053336885 0.413221802299919 -0.0407665773440225 0.063256437715423
-0.329241921847981 0.365617211893465 -0.131036530261416 0.0517417038026809
-0.475808239782715 0.134508898355619 -0.137911768665151 -0.0458670026329502
-0.473978005786051 -0.184958693792031 -0.0808246055529623 -0.11482470556848
-0.253354256018641 -0.540403361945077 0.0338026901884032 -0.148213135908932
0.377795959662325 -0.450659325706838 0.125798548543271 -0.0936538134739202
0.630139287360315 0.0869060428462278 0.0255892574706684 -0.0764331892311922
0.490840673358692 0.474711096155842 -0.112705844544286 -0.152390701007818
0.260686652471395 0.371856743955986 -0.0813683818196695 -0.0377619998709254
0.461217988228744 0.12507813297916 -0.128984366936015 -0.063431001804564
0.276995688713575 -0.28367088646513 -0.0766535231036797 -0.0146117126416468
-0.160975200637711 -0.397733820536974 -0.0806568712957849 -0.0080696106098224
-0.371099688681086 -0.182286808685408 -0.092986463362212 0.0214189667890334
-0.374253867536502 0.0508786237862037 -0.140400417430306 0.0630607976175667
-0.245462541976318 0.259723868782696 -0.135679042301893 0.135256830748077
-0.183478222974069 0.368721616371368 -0.115603621577831 0.20178803480405
-0.259998254260454 0.347588147017609 -0.222803021420958 0.19704941993613
-0.378823997684011 0.16366294067147 -0.259096246940553 0.0527276204548271
-0.414863354986574 -0.0814407113496718 -0.202550209708354 -0.0813154364403464
-0.299627078368971 -0.422254884567684 -0.0803353642946466 -0.15741772585819
0.259322707679933 -0.441572773639882 0.0240631667788339 -0.15735651233627
0.547374861144026 0.00623649841836433 -0.0928608070323042 -0.187110925478784
0.475588875023024 0.405988065001224 -0.267186167635584 -0.341509648252918
0.14643978588069 0.338806963856514 -0.142198373826386 -0.171454850670515
0.365437613502583 0.167214552974131 -0.129956575584659 -0.0809241981043884
0.254359455440647 -0.187395134538565 -0.0105252294977792 -0.0944911430554636
-0.0862069109894972 -0.301277523537843 -0.0769134126689161 -0.14157463308968
-0.259586440153349 -0.157270963201497 -0.192502363688909 -0.0688992020484607
-0.274261625946472 0.00299949384081013 -0.261424615819136 0.0691272899439704
-0.178430532470865 0.156278255362928 -0.224869759850793 0.205596354986236
-0.107035231045759 0.2663035219962 -0.172738055426706 0.304615896330561
-0.163735093386913 0.272757522241072 -0.271861974193569 0.317363945564035
-0.243934126562439 0.151094263156002 -0.334185664790401 0.154317162044503
-0.298622004820749 0.00648461198192572 -0.28561887678848 -0.0214148878921687
-0.277520556285548 -0.260019643528593 -0.171658960789457 -0.127992328650353
0.119233463665977 -0.350899904601835 -0.0756647715773026 -0.17908706806254
0.369225147101166 -0.0553280880211024 -0.199586540125462 -0.245769062753612
0.368180019877449 0.272178073831459 -0.394189096948226 -0.462289788406404
-0.116977168041875 -0.107808067407175 0.408566424518386 0.473193790095584
-0.191774626174845 0.0565612698911247 0.350045077731361 0.161654953966948
0.000240905544396285 0.193658264380474 0.159245838283692 0.142718218875182
0.182297182924519 0.0729547084721816 0.252953757883707 0.144423254065496
0.143983717664115 -0.0502358715543365 0.373951229413949 -0.0331930069585261
0.0832800128114307 -0.0761351105540847 0.377088590488343 -0.248649601442967
0.03425021834958 -0.105163246586977 0.264446660142004 -0.37008551893373
0.0171584490139459 -0.124041742599307 0.194876504148245 -0.395649437372523
0.0870120817637432 -0.0960422167798809 0.283743064542159 -0.323036032277645
0.124658951534535 -0.0103304366032341 0.332134554508358 -0.110451900874269
0.108358415146729 0.0559345579313489 0.262074013803412 0.094294109700329
0.0225932404630223 0.148408116377092 0.0895225243987417 0.194947184123415
-0.153103813252648 0.0684810816851548 -0.0378144645010633 0.20319187477562
-0.1692237266444 -0.141476398878505 0.0398129033854281 0.168337106063284
-0.112873653650582 -0.226297166933263 0.26042694844531 0.300878597147633
0.0855575240977146 0.0445097487083748 0.419495783887596 0.46490287738199
0.0593669760096924 -0.0057224902981714 0.31487253788078 0.134643869665237
0.0476377237961831 -0.0154425780992445 0.163726599197342 0.166391605942192
0.0112859847841263 -0.0636284292019743 0.279989818892954 0.149856572375307
-0.0385149525340248 -0.0414902537270415 0.39643778208793 -0.0624924065976309
-0.0580429306019358 0.0249157530556419 0.359693635208019 -0.287728098875563
-0.0566114672462223 0.052979944277284 0.249171590850832 -0.395643007825801
-0.0697412097618913 0.0330180858390602 0.202153464139098 -0.406809650188554
-0.0477980255496583 0.0294463203423377 0.286082376440241 -0.325332307090925
-0.070036961438748 -0.00329772087137746 0.348246373036171 -0.120579302070756
-0.0373459316224452 -0.0685552127058777 0.297729326656127 0.0953925216784668
0.00514773934134195 -0.0452657716494242 0.134349976425043 0.212755587322902
-0.000999370983148727 -0.0267056559844622 -0.00719561337092212 0.235602688405208
0.0045675453548239 -0.0665535033678539 0.0344193462204505 0.196725643667548
0.0280095418358614 -0.0741202820779402 0.240321100770225 0.353173037586193
0.268451116835414 0.170837781410573 0.361045206969975 0.412195522279122
0.282760677576163 -0.0749059356634218 0.215434739536125 0.100877888044338
0.0789379408192258 -0.2239507160759 0.113925095728033 0.19497763492353
-0.168919192201524 -0.190779878398917 0.260971065265845 0.183496663326088
-0.218750396581878 -0.0236791641674775 0.383836560608984 -0.04208226500457
-0.189255250884912 0.123894310725951 0.317651113483196 -0.267086293245941
-0.135177927648292 0.206665010846258 0.213573691353814 -0.352649013900386
-0.150880144985537 0.188586775383622 0.175646299223628 -0.354528684383924
-0.180575619328926 0.151186973084018 0.226607105879763 -0.28999504688074
-0.263844313985487 0.00960151616889598 0.293672587407715 -0.138731588811374
-0.194744986318539 -0.184369338191481 0.283625832028584 0.0390426007155083
-0.0224737426048927 -0.252495160814739 0.186401516120602 0.156488739160833
0.170546400053817 -0.133380770917769 0.0784200847715187 0.221874875876313
0.20579493954893 0.030355420731402 0.0712197833894262 0.210670128852009
0.17410252196198 0.115100576492481 0.200493640088577 0.339381369192436
0.387752470713959 0.265012265361615 0.247066248546511 0.328880573529395
0.444523529290679 -0.101196875214242 0.0851079257209902 0.0603475000616447
0.117454597651299 -0.373554474983769 0.0269556072969263 0.196746680222193
-0.297479676921283 -0.304847675910328 0.18276271581842 0.211696906505262
-0.366752300518456 -0.0305934012058695 0.316751296703072 0.0153015845918079
-0.301107744401793 0.182042525353808 0.24488697189438 -0.183773124609082
-0.201184604884017 0.319565446971808 0.154226418666713 -0.247472354741846
-0.210429707528806 0.315195871684078 0.119542345516249 -0.238902731388656
-0.279681379124457 0.257275958932805 0.119876331119118 -0.210085340095127
-0.414378916404676 0.0417051655821673 0.173878629181702 -0.143473472512954
-0.345855109004421 -0.250074410525831 0.199755671650342 -0.0405394574056846
-0.084277215622648 -0.437983368208217 0.196119884106504 0.0425059977202579
0.31851026556328 -0.259180839627158 0.160490069768068 0.138672543401333
0.412724194738429 0.10696707692622 0.114336109096248 0.164600374044521
0.312584833435287 0.297523822461727 0.134434972115883 0.235959685148424
0.408717217335099 0.31796988607558 0.116933816309865 0.213673810058087
0.508094926180114 -0.0617831365552824 -0.0306618695358618 0.0176035665212983
0.165178557452319 -0.413370168219957 -0.0545520563789698 0.156775444770244
-0.323935298040047 -0.378550477291084 0.0719600775402821 0.193071646970261
-0.43977105580167 -0.0710823977623355 0.194540801600271 0.0672938830916926
-0.3752260855275 0.182483277605702 0.137217030635408 -0.0751654949849025
-0.241563255396143 0.365426758918002 0.0693732272145045 -0.109423473327681
-0.230897707630138 0.396062941192993 0.0405958655613267 -0.0919771218793046
-0.324642948055554 0.336385464000737 -0.00953985444677892 -0.0887009370516928
-0.484979657025195 0.0980106469403312 0.0148874415934751 -0.11163945478541
-0.452834164533632 -0.239725076998497 0.0642324610766313 -0.10080159589129
-0.181424584105613 -0.541490709082004 0.138071846200707 -0.0784934945747926
0.392225328374976 -0.387573277179059 0.182196752012906 0.0133555174925451
0.576811725880624 0.117543700237307 0.106319180813122 0.0552548446740098
0.436610010320787 0.421239003049631 0.0291730918962278 0.0620458730489995
0.362252900923693 0.366395002012154 0.00276817691607393 0.0961911672284788
0.518489139142847 0.0329022508495205 -0.102474616002582 -0.0298570189540265
0.239077641877478 -0.377831954814006 -0.101005539942036 0.0761969461031812
-0.265993618664732 -0.423372409603024 -0.0336548846505329 0.119949370007876
-0.445934162717247 -0.140072233366695 0.0446138542838419 0.0784277229425901
-0.410442172244875 0.127976203161516 0.00206161692460704 0.0194074050111917
-0.263320314098131 0.346770988265428 -0.0294216450658955 0.0285408094211335
-0.225328543468138 0.419866568454573 -0.0387955744440931 0.0624753577827884
-0.317948634510781 0.374892693786902 -0.129068772945236 0.0547219515353517
-0.473203362824264 0.148056039367293 -0.140088441529935 -0.0411309466852173
-0.477685700726062 -0.171386092981865 -0.0847509569534162 -0.11219797933065
-0.26737675703616 -0.533436746294767 0.029404016819462 -0.148971398297536
0.364572015351143 -0.462236211438396 0.123504007702416 -0.096378069052998
0.631774876577717 0.0700332034398558 0.0241312777204851 -0.0768891400903713
0.50305548168541 0.460811655356362 -0.117006925682743 -0.148517858188715
0.269674951535185 0.366342254932113 -0.0820144774219757 -0.036995024613541
0.465957992127386 0.111321747983549 -0.13075454503189 -0.0592865693063052
0.269275597668779 -0.291068028723062 -0.0782244117471787 -0.0129534242794132
-0.174048134445575 -0.392554369145856 -0.0799795257770566 -0.00626812580403837
-0.376633900150064 -0.171362822773706 -0.0928374605315221 0.0223602207980457
-0.37300993984662 0.0619423555814684 -0.139248649243195 0.0679317336377853
-0.237266315995657 0.26563302913027 -0.132397397308649 0.139131202333474
-0.172634637896998 0.371912128397981 -0.110897137691384 0.203932434787385
-0.24951382423115 0.354852731809673 -0.216141230817276 0.202949773268832
-0.372223480794455 0.17427934388508 -0.257309056306406 0.0596867528644241
-0.417831549071352 -0.0692987453811935 -0.204887057102346 -0.0756453815984784
-0.311699845222052 -0.412844667729195 -0.0837670511742027 -0.156587974975822
0.245610020827474 -0.447813617650671 0.0202344226400628 -0.158090933725694
0.547942561162733 -0.0095582325967974 -0.097498525375975 -0.183493861204332
0.484488487164907 0.393101300276628 -0.275710675117043 -0.332401879989519
0.156380120047536 0.334706076910526 -0.146659923118925 -0.168691460900463
0.370798162028607 0.155864224460382 -0.132473689004827 -0.0776457856832865
0.248478166365279 -0.195250856265448 -0.0128537312126735 -0.0946604524600285
-0.094552105223441 -0.297547345849459 -0.0794567178929918 -0.139032207472699
-0.263477975503971 -0.149404418805351 -0.194126621851176 -0.0632259430595101
-0.27467413453213 0.011992643375142 -0.259269543606814 0.0762563255440338
-0.175120069092804 0.162063946091445 -0.218242793905463 0.212122870772543
-0.0981944695764119 0.267838697649412 -0.164797827292289 0.309308637356454
-0.1553341320639 0.277392676649754 -0.26411815986987 0.325129881611537
-0.240827972550202 0.15833781737917 -0.33123453237711 0.163142715905547
-0.297973565859322 0.013913412578042 -0.286560370482605 -0.013765072402178
-0.284663271798625 -0.250972744223533 -0.174480833168985 -0.1239696312551
0.109792001785255 -0.354188060068589 -0.0800429062950421 -0.176650433892026
0.369490991760787 -0.065434404320249 -0.205918696148361 -0.240938084976542
0.37728954179821 0.261126622462987 -0.408134895260616 -0.449442704014545
-0.120036533024986 -0.105569549559569 0.421027780373373 0.461663369716324
-0.190554645915959 0.0631143336802688 0.353979802097166 0.150244338884228
0.00598844692722744 0.193323437460021 0.162437721707022 0.138512960048522
0.184857967367976 0.0668014436169198 0.256300491266086 0.138065836862668
0.142191708636699 -0.0547655291968912 0.372760165874316 -0.041689971629738
0.0816808202240614 -0.0786660485904363 0.36881980594729 -0.258472588409708
0.0314581061412528 -0.105794816131496 0.253235919319983 -0.376947397928992
0.0131867743725068 -0.123174962296903 0.182551115209713 -0.399248617880065
0.0834472375949731 -0.0986710559614395 0.274223989004151 -0.330123098881457
0.123976506608022 -0.0148306062039575 0.32817710887153 -0.120053760456634
0.109669773617504 0.0527781966493983 0.264330060740299 0.0866269369224361
0.0272084829954484 0.147315823254601 0.0944086785819974 0.191668014766415
-0.150568301971172 0.0729791910789328 -0.0315185323361094 0.204028785390963
-0.173422122471774 -0.136313940956736 0.0444326304603025 0.16644922741201
-0.118956853717218 -0.222170572195636 0.268286683317948 0.292613594929208
0.0863660102187827 0.0413595238925546 0.43056376789073 0.452947037627627
0.0581958046402385 -0.00693090172295373 0.316303789132986 0.12434071636288
0.04761535812081 -0.0163417419394722 0.166726866972775 0.161701384347847
0.010140939097489 -0.0639910388945277 0.283887842351287 0.142377706124521
-0.0397669451749248 -0.0400495413904851 0.393530559748209 -0.0713997032559235
-0.0567033584765221 0.0264075082413076 0.35059871215623 -0.297613166502863
-0.054863394309381 0.0549340620554006 0.236636603383736 -0.40199008612388
-0.0692401654359707 0.0355338313675966 0.189918894029092 -0.411022135262156
-0.0474465553914096 0.0304616064255708 0.27657519601125 -0.332413499009669
-0.0699259784288642 -0.00164695184492607 0.344359243342984 -0.130522615721941
-0.0394271368285706 -0.067650495434677 0.300517953963135 0.0869935105665692
0.00408965238042996 -0.0453565006424145 0.13956703138089 0.208009549649386
-0.0016492994372968 -0.0264117452429519 -0.000242388118767841 0.235385681731159
0.00285389714970569 -0.0663921190259984 0.0399369662884352 0.195400644241302
0.0255328613723389 -0.0750266064755618 0.246967531148023 0.343522995160328
0.272544522546564 0.161446819395585 0.372097557502171 0.403172462365862
0.280494503029193 -0.083606120320347 0.216962886757072 0.0932871375776912
0.071653298021597 -0.225203426216681 0.11805884417322 0.19050242994336
-0.173205863985233 -0.18545970474371 0.265409770909789 0.176744888788059
-0.219085653427025 -0.0169743546954553 0.381815947939113 -0.0533634588918952
-0.184906069491207 0.129378689920817 0.309186681460872 -0.274507878612068
-0.129509126936485 0.21106488389052 0.201805388252582 -0.35747643170964
-0.144356389016046 0.192044328649466 0.164540852285344 -0.355958932518648
-0.176485233301576 0.155714146792429 0.216925053827486 -0.295798625259163
-0.263400737542408 0.016829742958671 0.288421135434555 -0.147300807651131
-0.200211900468777 -0.179269313296062 0.284529641727095 0.030264337133921
-0.0293128253942616 -0.251102846202464 0.191174564428245 0.150340506942228
0.16615568165266 -0.137637437718455 0.0850006429298042 0.220193804202515
0.206499268301045 0.0246616967431386 0.0774169161734146 0.208189360593808
0.176709508044075 0.110244391610665 0.209957563117091 0.33192390411168
0.392618509573519 0.252683000161136 0.254859250971604 0.323096986196238
0.439207140263365 -0.113862948920071 0.0851474131890353 0.0576685938388792
0.10648299715847 -0.373514074618666 0.0317233442320058 0.196562248792224
-0.304197134053969 -0.294876022841254 0.188309623626824 0.205890008411787
-0.36724416601046 -0.0209564181684912 0.314285294545676 0.00550572086564787
-0.295183140818144 0.190376347966175 0.239032057969396 -0.187999257503627
-0.190510249530206 0.324928466590151 0.145772758217441 -0.250389873564387
-0.201099757230631 0.320816301263153 0.111949119721626 -0.242068986096507
-0.272937839239374 0.264781920735596 0.113052026357738 -0.211713905669258
-0.412956228101936 0.0544220729410179 0.169719262979335 -0.14853254429385
-0.351599572967672 -0.239674760192006 0.199996345945852 -0.046152635070457
-0.0977637690311548 -0.432550461041262 0.196872256838311 0.035562401882268
0.311075980599566 -0.268294254056437 0.16600026924003 0.134318134625858
0.41387124599724 0.0945684370763804 0.118472182530539 0.159695513534469
0.321665864313604 0.287272849254355 0.140432425583302 0.230220317817323
0.416784198160742 0.305683221521081 0.123233815241112 0.20916007299029
0.505162999454401 -0.0771127234977686 -0.0311152019368728 0.017276927279366
0.15310925829527 -0.416466009323821 -0.0504093454784747 0.157163504489061
-0.334689330968279 -0.367785631355469 0.076808184449601 0.19048151451764
-0.440855479010757 -0.0577963659727798 0.196116676220221 0.0610864165118393
-0.370102201754133 0.193395001375583 0.134329870184962 -0.0783221611418955
-0.228848192375485 0.370686279873041 0.0659807997341928 -0.110832932334762
-0.218616839529828 0.401500276183242 0.0375046302922935 -0.0929217803926166
-0.312348032502965 0.345117266422823 -0.0125256278228803 -0.0873633557644333
-0.480953099645825 0.112802503617885 0.0113846248466994 -0.112434428770162
-0.458936756193377 -0.225726202272864 0.0615850691396676 -0.103188267978003
-0.195834853228116 -0.533512211424246 0.135916549517182 -0.0830486070076372
0.380822062576268 -0.39711728638704 0.181961706717207 0.00794465621051832
0.578907849715056 0.100982571227533 0.107598320453781 0.052858871655306
0.446356612411764 0.407191445805281 0.0313737669464245 0.0613558870067439
0.371339398074944 0.355266625934637 0.00521712010930559 0.0947249731671949
0.518515506787758 0.0173093446073484 -0.103628583763529 -0.0272400071327183
0.226349688596088 -0.381738064592779 -0.0991286345868059 0.0791906794343095
-0.277198488192027 -0.415331470702735 -0.0299509218318202 0.120780754882082
-0.448632246952571 -0.124378300511331 0.0475696486859983 0.0759044367659237
-0.407409479108464 0.141380894136589 0.00358672662767805 0.0198107185324044
-0.252980523258965 0.350983634603655 -0.029177249622916 0.029670560748343
-0.211679493691339 0.424448155978746 -0.0375485910574682 0.0645346956531291
-0.305108317026235 0.38455133286745 -0.127361224274282 0.0597695084250731
-0.468363366848087 0.162123218036803 -0.140393515902035 -0.038461306850729
-0.48228749969647 -0.157223784443916 -0.0867471327123346 -0.113242796444565
-0.281979913721629 -0.523623363578098 0.0266893978017345 -0.15008299556825
0.351025951340081 -0.471465973104923 0.12084533320313 -0.0998221423099123
0.633608320732814 0.0524636707551927 0.0217179765760967 -0.0773763404532846
0.512620472498911 0.446444620328151 -0.12027874637845 -0.142927741610596
0.279315391389588 0.357543891333717 -0.0822264938325924 -0.0354509645081321
0.468105914724676 0.0958118628728944 -0.133688196099077 -0.0561627507209508
0.261187680404936 -0.29818602305442 -0.0769775971576094 -0.0105601559081108
-0.183728320183015 -0.386182761523039 -0.0796678737184787 -0.00381340583684125
-0.380205449513161 -0.158977153337212 -0.0905614266947206 0.023494018809771
-0.37135721931228 0.0725812294503042 -0.136832529039948 0.0710537364933425
-0.229344677543255 0.272447232123768 -0.128455304421354 0.142727911764791
-0.158472088481694 0.375382648040183 -0.104810868316766 0.205963705524438
-0.238118210325256 0.362270410711642 -0.210022654350277 0.209194158389821
-0.368006944338201 0.185097860238966 -0.256168750689733 0.0668807823049161
-0.418472790884464 -0.0571827050816408 -0.206348819836773 -0.0707290627281881
-0.322133463621807 -0.402243728714985 -0.0877467546751804 -0.153874429010788
0.233073795986062 -0.453903984816776 0.015471813244628 -0.158831912459499
0.548313336756098 -0.0246594614015902 -0.102013100241011 -0.17959599876627
0.494815276899172 0.379512938073928 -0.285614064180793 -0.32253035775738
0.166733358786974 0.331283923426235 -0.150480364648896 -0.164761339572432
0.375266950428755 0.144214100457211 -0.134456740552726 -0.0727671535171886
0.241242130751587 -0.202306739398968 -0.0156246165454228 -0.0928319416868792
-0.103806483833832 -0.293382866374701 -0.0835628558690531 -0.136844845062707
-0.268135467977038 -0.140249791993745 -0.195935799992936 -0.0599115551304623
-0.274259092286697 0.0207157350265461 -0.256508959748049 0.0846892580200339
-0.168474184617757 0.165747378381945 -0.212647547026499 0.217168256918224
-0.089721813662958 0.268390424934872 -0.155316798003814 0.311851998599528
-0.145438903020674 0.279962075519669 -0.253421002334632 0.332574178369473
-0.234039210804992 0.165129678265203 -0.324533812905225 0.174172384093465
-0.297019206697038 0.0226440404760224 -0.286136881668713 -0.00714059985582442
-0.291063699314515 -0.241349064685749 -0.175654811146188 -0.118740682044742
0.0981328843264904 -0.357687258117103 -0.0848678665238028 -0.174392045101564
0.36720673312058 -0.0755627299763013 -0.211162800616049 -0.232551999687674
0.381150363690611 0.249340352794838 -0.420921231442393 -0.432569940657888
-0.123076394242022 -0.102475564088462 0.432045915712961 0.448211174173745
-0.189025270561076 0.0690868579587045 0.356542245267197 0.138518378380559
0.0119487037464233 0.1927022011184 0.165281659293338 0.133804968285365
0.186571899491299 0.0608803718520601 0.259818782872208 0.131151941561809
0.140507319531733 -0.0592538149271268 0.370724379785034 -0.0517726096494343
0.0798005607759248 -0.0812750663487184 0.360433078071393 -0.268616844783491
0.0283126994239923 -0.106156200756536 0.242566589240306 -0.383629399449509
0.00949245835184652 -0.122713437760273 0.17096784821836 -0.403968159699407
0.0797003032807823 -0.100394941688356 0.262667639088087 -0.338032075004822
0.12286281072832 -0.0187614591011537 0.323824359912835 -0.12967011537847
0.11068392817795 0.0487799893969128 0.266217783448337 0.0791978986450426
0.0316442582738576 0.146230807276695 0.0995331316117227 0.189882520543249
-0.147701320353155 0.0772517014678012 -0.0253980638848222 0.203979520529725
-0.177424129178299 -0.130907669217965 0.0495291294924072 0.164582243458391
-0.125329638272182 -0.218434331709598 0.275694755704412 0.282906976947076
0.0871536491722785 0.038194364380669 0.442416434146735 0.439628749938814
0.0570831757056542 -0.00852403113879336 0.317588464406204 0.11387645694011
0.0472669351770992 -0.0170890247014632 0.17050072113666 0.156660283840574
0.0084715062001715 -0.0640788033622426 0.286299138801158 0.134330792047051
-0.0403009923026375 -0.0396738298384461 0.391114773732066 -0.0840795321176076
-0.0556851548015751 0.0282502912935681 0.34044047225703 -0.30557372756229
-0.0528839452036533 0.0564811661050953 0.225197475031118 -0.407653975243756
-0.0683300380568589 0.0378775558962048 0.179567973838381 -0.413790235921218
-0.0469690114005332 0.0317964616618643 0.263895486274856 -0.339640886469526
-0.069718200548951 0.000257157759974784 0.339427923463784 -0.140325835690591
-0.0416118961610814 -0.0666475474989142 0.303462416007461 0.0778831278635164
0.00361623655987467 -0.0453467815945565 0.144831199787805 0.203717301568841
-0.00205418233870716 -0.0261053155612295 0.00763176030551759 0.235176788505389
0.00113239216677966 -0.0666013360535181 0.0463210131666349 0.192624615107741
0.0234100615386494 -0.0757195117546585 0.257238722785911 0.334993450890725
0.275938858218524 0.153560705276993 0.384109126487111 0.391134917709052
0.276155934272463 -0.0920893365443949 0.218240593482812 0.0861198828939374
0.0643095539524886 -0.225791407588912 0.122887041703061 0.187560609705715
-0.179094636651601 -0.179404968392146 0.269220635551332 0.16845569643301
-0.219208441091297 -0.0105428077203346 0.380437066202146 -0.0642244277682743
-0.180533325718309 0.134551104287537 0.301441074721444 -0.283235831549034
-0.122067139818326 0.214310105512244 0.191854856176066 -0.362322037659932
-0.138767667245188 0.196823099712143 0.153192886256532 -0.359328631231936
-0.171181457282233 0.159866212928675 0.207880282161727 -0.301058297817456
-0.262083139761899 0.0243101991357158 0.283578924842641 -0.156057923715908
-0.206112001609747 -0.173450053336009 0.285385520105766 0.0231165536694987
-0.036186492632988 -0.250779044455945 0.194962544608023 0.144294297013668
0.162415749078415 -0.142048385151735 0.0915832367001451 0.216478283837547
0.207709482920521 0.0185847906518582 0.0822372720298819 0.20430810009629
0.178544916504277 0.105175131169235 0.218799398290498 0.323415823308067
0.398624737024771 0.24115355125281 0.266802519193657 0.313651570468874
0.435506068156796 -0.126013228974497 0.0858512338006153 0.0537924674700733
0.0940624482139985 -0.376719083409007 0.0369152319635006 0.194848429047149
-0.311798015526611 -0.284372743073968 0.19367226143563 0.200559192942089
-0.366971545832805 -0.0092612386307671 0.315019733590796 -0.00336613846139245
-0.288074382351561 0.197616540638116 0.232019672423072 -0.194581468479013
-0.179522954834262 0.327233439913247 0.137295537097339 -0.2531443632317
-0.189520318415637 0.326281087384541 0.10239611966777 -0.244890661254447
-0.26390068427143 0.271977087096463 0.10595482680476 -0.213064617715956
-0.410493143729698 0.0673833163905615 0.165088534127902 -0.153857490577647
-0.357904030071568 -0.22790498317101 0.197216766865918 -0.0516819715474731
-0.109562064926818 -0.42778739693774 0.198317184219415 0.0301266373648144
0.303216569629498 -0.276763687238592 0.170392119576156 0.129658812855725
0.416512135729735 0.0829826119236681 0.123108564573716 0.156537109170021
0.327702874437616 0.279707939114137 0.147579899748911 0.226400154325398
0.422798653684269 0.29287050743287 0.129429609031166 0.204023337849536
0.500515888394262 -0.0934951900141461 -0.0312923970234673 0.0173184827547043
0.141906156280104 -0.419661624121159 -0.0464643500698914 0.158431465202378
-0.343412680944022 -0.354966470243726 0.0824673580674708 0.188032538743801
-0.441760807329194 -0.0444192159848658 0.196950479376748 0.0537163298050615
-0.36238377148562 0.203619168228836 0.131040487112142 -0.0810604266806159
-0.218386103145693 0.375464324234966 0.0619330472439071 -0.111019061884695
-0.205516785435988 0.405675594242216 0.0344195271790257 -0.0937252268648767
-0.300780798472881 0.35342340190728 -0.014706320694863 -0.0863300162641255
-0.475999274087454 0.12668824031155 0.00725541458954565 -0.112899580365448
-0.46366816276352 -0.211478434076361 0.0583409269529167 -0.104810004988056
-0.211224726608831 -0.526246200817248 0.133814615896716 -0.0874942576456151
0.368000139220752 -0.406919963294026 0.182080493419175 0.00287615416712721
0.58006078808208 0.0843665333586063 0.109203952031277 0.0490812748600744
0.455018888180695 0.393712932856234 0.0329607009780976 0.0608465747994297
0.380664373553372 0.342838717158748 0.00896961252426609 0.0946186902745345
0.519707312174597 0.00134092531825693 -0.105642390890971 -0.0236154254118038
0.215457983707085 -0.388748836677301 -0.0974642936612927 0.0824723834847054
-0.289601484250092 -0.405584375824585 -0.024664271945856 0.122250881835924
-0.452286020183578 -0.11154733643907 0.0501316261984375 0.0734074837815683
-0.402460709708423 0.151509754056466 0.0046387110684906 0.0197126533502865
-0.24085089574983 0.357525651809366 -0.0289626486540236 0.0293043808971893
-0.198863944466293 0.42820576000211 -0.0355664851887797 0.064481002370263
-0.291458900566462 0.392672539688609 -0.125635303515177 0.0626603858303507
-0.461327582048058 0.175481167547214 -0.14129758079178 -0.0348980999771662
-0.486071275615934 -0.142892591884392 -0.0885372611527085 -0.109058041755623
-0.2964405606364 -0.51117402495663 0.0237647576361114 -0.153099278799568
0.335140697084566 -0.479554377620451 0.118790798140771 -0.103242252866564
0.633951476129108 0.0342473066834134 0.0200692513920872 -0.077761462318403
0.524319532395362 0.428529813551902 -0.124773831463847 -0.137654271236127
0.288479938233258 0.35016046095551 -0.0827974419419237 -0.0337186983243537
0.470685340143094 0.081422359436596 -0.134872445803037 -0.0524885682967064
0.25239368966035 -0.304542358395256 -0.0776589413383421 -0.00816939849078933
-0.19531741910886 -0.378651731511302 -0.0798017083281117 -0.000875961428806451
-0.384117913377886 -0.146198003758801 -0.089288275131394 0.0247478864123368
-0.367482780844001 0.0822249299656827 -0.134871144915604 0.0748619591195467
-0.220271179667348 0.278028146821076 -0.124579444867423 0.146040809143361
-0.148038106469799 0.378434095155556 -0.0985268678390028 0.208057848756481
-0.224658143069313 0.365940468210565 -0.203340817806277 0.215689667068174
-0.360207783420802 0.195256053579817 -0.253573563366615 0.0739468323216367
-0.41814379810275 -0.0440675240086563 -0.209447310315814 -0.0656703037340209
-0.332461979212052 -0.391986958354858 -0.0910261703496241 -0.152149084863114
0.218345721192913 -0.460362673175642 0.0125253839363243 -0.158699090428335
0.546232924888698 -0.0400424202991844 -0.108045771712459 -0.175562289807645
0.502037661551975 0.365222892892279 -0.293391186755936 -0.310986388889765
0.176834779226791 0.326526614136473 -0.15447296845131 -0.161579546871585
0.380078193051786 0.130447183393247 -0.137523170642711 -0.0690691963244573
0.234881561931782 -0.210030098192768 -0.0192496244897653 -0.092303237002309
-0.111941199198415 -0.289261421840145 -0.0870547084096988 -0.133523540090331
-0.271249850991108 -0.131641166788058 -0.195994357775834 -0.0556733858322317
-0.272674095710299 0.0284596641853901 -0.25396925526094 0.0900366776218056
-0.163784472346595 0.171043010672336 -0.205624227139668 0.222786349168797
-0.0802992682285463 0.270297373911793 -0.144553692977546 0.314474140048744
-0.135321128390439 0.284074344843722 -0.243557033380671 0.338590292473688
-0.22836457329662 0.172323221333655 -0.319757131786721 0.1814843341499
-0.294105496388679 0.0329867149029793 -0.284747202488175 0.000844350592526822
-0.297592145440712 -0.232014829004343 -0.178759249101844 -0.115146085148404
0.0872881620948789 -0.358528102829036 -0.0899019445512182 -0.172462458059236
0.363073378137568 -0.0860655311082041 -0.218321536614918 -0.224023078943769
0.389067013976941 0.23765930928189 -0.430160569832111 -0.416845945886279
-0.126250707385993 -0.09966323601323 0.443154546487723 0.434605471812179
-0.186917211968064 0.0752962281513885 0.358005504437969 0.126933936560938
0.0181538222747002 0.192013117387781 0.16769045990759 0.128470800308008
0.188063025070066 0.0553844116069122 0.261741002628957 0.123881817876385
0.138273107506987 -0.0633330688640769 0.369227840405004 -0.0612758226913797
0.0773489603266658 -0.083342166383823 0.353276037015944 -0.278136677167815
0.0248179827317161 -0.106396603215134 0.230015701424846 -0.390083880299202
0.00532211482610473 -0.121346443385118 0.159541856648741 -0.407134050044917
0.0755744383489223 -0.102262660429501 0.251799435373789 -0.344507991757122
0.122358548753261 -0.0223843653146095 0.319612859944711 -0.138418352819189
0.11169122045505 0.0451552564765202 0.268511213104476 0.0717408771392772
0.0365122062874457 0.144364457821714 0.104212067209167 0.186082902604433
-0.145097354029316 0.0814042019401552 -0.018449829295944 0.204480190521388
-0.18070101218449 -0.12512400603745 0.0545645559407544 0.161763420022152
-0.131039478910726 -0.214006452548712 0.282374527283861 0.272933255444953
0.0876026239848465 0.0344907858888385 0.453920996912021 0.424120069217653
0.0559705173913664 -0.00926797792777198 0.319694679232147 0.102360666723191
0.0464105718409793 -0.0179683898976518 0.173711113433819 0.151135418360617
0.00668305631372249 -0.0639017459479426 0.289806982746706 0.127189273339832
-0.0414992669387001 -0.0383577985990449 0.3882345696202 -0.0941125293773001
-0.0540585855285166 0.029882950539227 0.330752413642208 -0.315453870926508
-0.0507870418041988 0.0584825801868706 0.212860840236714 -0.412181851308813
-0.0674071529083435 0.0404744111391724 0.164022386304313 -0.418671987280641
-0.0462586907862881 0.0332322339613128 0.254352179180122 -0.346494127899788
-0.0705704939261209 0.00180180622729699 0.334355057481904 -0.149935552689548
-0.0437538516473071 -0.0655530372859648 0.304526180816771 0.0684996969927725
0.00268578006016593 -0.0454599114978977 0.150063914180712 0.198660543584077
-0.00274874576736583 -0.0251031418566564 0.0144870470831082 0.234343743209302
-0.0011093224367664 -0.0662768668167431 0.0508914559573626 0.191101129899989
0.0207094487688169 -0.0761251225022264 0.26627084895022 0.325862947089448
0.279604337386219 0.144616702158739 0.393530462089352 0.379828178515269
0.27264878744947 -0.0994079338688044 0.219066171328834 0.0775900807023036
0.0584715486292987 -0.226596598174019 0.127118581210627 0.182275435695282
-0.183927553869893 -0.173411278828887 0.274078629143013 0.161398102658877
-0.218300896811223 -0.00402042123352577 0.376469921192559 -0.075338866510295
-0.17568333335068 0.139415453679391 0.29042634399756 -0.290342444477298
-0.115801795006141 0.217735011421544 0.180416415593865 -0.366686301246848
-0.132445847155177 0.200913960039129 0.143790255858205 -0.362450655024395
-0.166689505633236 0.164442906999352 0.198932186652684 -0.305394895247316
-0.260485321059019 0.0327986448645138 0.27765522394319 -0.16461191731888
-0.210290139642234 -0.16668165677847 0.285004057616603 0.0136336622962494
-0.0432144167514023 -0.247411819273368 0.198696704951412 0.138420193927316
0.158240415404014 -0.146417745450219 0.0982479724840525 0.213800636500853
0.207304438139853 0.0120611152321788 0.0893279435125596 0.202208593904181
0.18094098330787 0.0991579311591871 0.228655773405345 0.31542825802071
0.405143823913726 0.228212491272794 0.274634878228402 0.305670972871655
0.427768491237773 -0.138696857407422 0.0854368030211874 0.0513501195648167
0.083699191829427 -0.37688115868284 0.0433728425486826 0.192742541874025
-0.318309378624531 -0.273308545297901 0.195966919181054 0.195554972155507
-0.366881967720161 0.00230068408653125 0.314217692059974 -0.0121396731158877
-0.2801996832639 0.207212329171965 0.226252947284029 -0.199369383439343
-0.168315908356131 0.331675583793838 0.12937201256667 -0.257863180267844
-0.179309204373149 0.331357042825746 0.097039008916746 -0.24559893874978
-0.255496519080019 0.279821467598362 0.0994448209768526 -0.215996741747553
-0.406361133762077 0.0776507267049987 0.158952884421748 -0.157997542479374
-0.364621407814859 -0.217552466319942 0.195463654694088 -0.058237561080724
-0.120360817660042 -0.423890280874073 0.199680767611991 0.024957993756005
0.294085743709322 -0.283299153345832 0.174997315755721 0.125826771318268
0.416368557094898 0.0700503300603237 0.126637739760583 0.153140804321502
0.334821805799337 0.267223521392605 0.153250526654064 0.221641502825164
0.430517033237592 0.279850269771498 0.135064046752478 0.199008387763769
0.498250063417188 -0.106700809047166 -0.0314011227652607 0.0167211392826866
0.129351204407088 -0.422123936275682 -0.0423037448685036 0.158419006032917
-0.353116080064113 -0.343944323324305 0.0873664967891774 0.185542965050506
-0.441859019442508 -0.0325171649863037 0.197690381582607 0.0470155519462518
-0.356146080074955 0.213233763226861 0.127812139316802 -0.0838856638557739
-0.205958176192486 0.381163347395338 0.0586607130827875 -0.112323362923677
-0.192341212482071 0.409531622677721 0.031510843995461 -0.0944564913120604
-0.289534493196294 0.360812026456029 -0.0170916796112648 -0.0848995149919
-0.470417140759241 0.139681859186913 0.00395593806559369 -0.113215352853388
-0.468975154026429 -0.197200916454442 0.05578417932648 -0.107303534020513
-0.225022884086468 -0.515904141576414 0.131152196745536 -0.0919400369172952
0.354877006086367 -0.416265020151513 0.182088402096347 -0.00223831592249042
0.581006760138799 0.0672822036138323 0.110471843715472 0.0459691642527351
0.463871263482516 0.379149272630514 0.0345186929978121 0.0604745508623166
0.389801115050393 0.333251544488475 0.0125944439587591 0.0929632552656639
0.51713050727254 -0.0145495383918294 -0.107418676774539 -0.0209378394329047
0.204531068720764 -0.392716282683996 -0.0933348402706985 0.0870390953587993
-0.300977959667375 -0.393884939354924 -0.0221953467707102 0.120493494619254
-0.453765938945619 -0.0978588309717785 0.0520177314804322 0.0678031035784996
-0.397431874320841 0.164485487506682 0.00473115717373555 0.0215790150881556
-0.230386523072148 0.363780917552144 -0.0277570520870427 0.032619020072844
-0.186055476903097 0.432100202229764 -0.0331142907946959 0.0643376704575664
-0.278317099833701 0.399269809564963 -0.122999785521721 0.0695837905625236
-0.455780641201069 0.187073432196906 -0.142382435666637 -0.0307672923872982
-0.491426243362353 -0.126807343439664 -0.0927551932562206 -0.106350452964945
-0.310398226147081 -0.502353707982221 0.0185934428390354 -0.154745551351613
0.322807762644008 -0.486335928811355 0.114858850218955 -0.105817068260859
0.63104531284899 0.0179107396190094 0.0191423020072434 -0.0780815873964747
0.533878047200446 0.412582439119496 -0.128728414126845 -0.132277428645483
0.297760292713488 0.339069035049882 -0.0833073662547683 -0.0317025641214809
0.472217150162275 0.0675212305823523 -0.134957238148287 -0.0485519495117732
0.241985408338582 -0.312054930801173 -0.0768140443730329 -0.00572620506510022
-0.206799695123045 -0.371599045687573 -0.0788546377058491 0.00209005569176894
-0.387339066821949 -0.134765034891497 -0.0892600179155078 0.0251461339610083
-0.365222049493184 0.0944465734636805 -0.133076740902741 0.0788483962464418
-0.212209453904878 0.283464133419094 -0.119441963802584 0.149665886302908
-0.137058526824546 0.379351591685135 -0.0922921844288055 0.209769188231829
-0.212735709101766 0.372578804950556 -0.196426801450417 0.219845773372466
-0.354298653115698 0.205994512190311 -0.251255920481441 0.0804458035488396
-0.417867976575669 -0.032292557237837 -0.211112852541302 -0.059885258420645
-0.342324162468677 -0.379033611109604 -0.0942816791409079 -0.150725327014587
0.206001060325709 -0.465526850796302 0.00743700891476613 -0.159200184956361
0.54305612544686 -0.0563390330850364 -0.111241177389745 -0.171076657607918
0.512897025383547 0.34721679276993 -0.301371235008177 -0.299972491864213
0.185155585947405 0.318649784642513 -0.159703477482188 -0.156863575224996
0.384232443196117 0.117366392959435 -0.137772700795871 -0.0635918116143106
0.228352930371757 -0.216361683334212 -0.0196727621235877 -0.090798163856978
-0.121689422705282 -0.284959491683955 -0.0891979506329157 -0.129694180850332
-0.275682982203546 -0.123277877775524 -0.196069791711611 -0.0501172981426929
-0.269673919385565 0.0369016083309882 -0.251004633183956 0.0971760017508236
-0.158763259315272 0.174406108173118 -0.199011434010632 0.229394658860394
-0.0708827682720412 0.271258136220711 -0.135578381239208 0.317916100607229
-0.126866234690746 0.286484545399936 -0.232197823698436 0.34302299414055
-0.222601182330833 0.178082463060987 -0.313283512841935 0.187753248423819
-0.292791448641831 0.040637364983938 -0.285242773096859 0.00781812168819957
-0.300695992710873 -0.219838860852677 -0.181473205289024 -0.110797195740545
0.0773199593026938 -0.359516675352183 -0.0920313097949454 -0.169698213674058
0.360378487998798 -0.0960192393387418 -0.220990112921909 -0.217994000782129
0.395450289063336 0.225790170850561 -0.442579328058548 -0.401588566422456
-0.111528340971821 -0.120439165366457 0.360821717563552 0.506653050532885
-0.197738352552945 0.0443054606918209 0.327811595577757 0.179511677844299
-0.0190813764511117 0.189965401989448 0.13378884981573 0.155886876620307
0.165296666879629 0.086873742849227 0.232941173094229 0.172873241458716
0.14097556613392 -0.0328603327247477 0.370084703581199 0.0084097499082972
0.0882165723100665 -0.0642697412685356 0.400820199883631 -0.204933470371668
0.0413284854398196 -0.099887038424235 0.306690526831361 -0.340959823544883
0.0270404116167913 -0.11802122335289 0.232911491760967 -0.36631486310001
0.0928844722756771 -0.0839149328563187 0.314195106273491 -0.288814243198613
0.122558912400169 0.000217522979914165 0.339574743582105 -0.0717672577324667
0.100042856843324 0.0655396011555536 0.251421649119924 0.1229603476976
0.00752606779297992 0.146079890051765 0.0670065291040412 0.207600572890677
-0.15940257585495 0.0507374827385783 -0.0616773601818831 0.20172958330056
-0.15082668881178 -0.15957035940243 0.0242904776677738 0.168314325110698
-0.085229001191866 -0.23725656483597 0.227987222469648 0.333296289315405
0.0692771147095555 0.0495113594435771 0.373110270542975 0.501168916619906
0.0502513235363616 0.00392898493377352 0.295288348745972 0.159142881820643
0.0452595180252137 -0.00817679720390979 0.141041227732316 0.181063303842697
0.0140889511534377 -0.0585869308734379 0.261466358781289 0.176969733033811
-0.0376248400380841 -0.0415279606479047 0.397751338960593 -0.0214807970158744
-0.0605847482304012 0.0214798825339345 0.385770703886206 -0.250761217898304
-0.0620712441544025 0.0468955766950394 0.291189518630453 -0.365527202531446
-0.0754804737473649 0.0286263795788772 0.239835042120242 -0.375285857467624
-0.0530316534157538 0.023831766988444 0.314032097374872 -0.289775936893316
-0.0697344043234291 -0.0127468547429888 0.353296905676806 -0.0811138033726472
-0.030386844969593 -0.0736068145265591 0.28323974617065 0.122976355011789
0.0145735291979171 -0.0437455533710626 0.107634389816922 0.224064791384576
0.00446349312774078 -0.0240626330266893 -0.0304072298981037 0.234356724527205
0.0136765184462006 -0.0647692823479383 0.0162793877840542 0.199568595101458
0.0354498491699678 -0.0705744215882259 0.20210496130906 0.383649083040254
0.234416430707884 0.191044994807675 0.325392653750761 0.447370730728643
0.274779335537464 -0.0466697376926741 0.203368687307463 0.12434971105511
0.094347411211984 -0.208234705326602 0.0957407677741008 0.204334439833804
-0.148302763353967 -0.19695682044373 0.242519764161686 0.204550694439066
-0.215349842422275 -0.04119865706836 0.387787092075294 -0.00441201466659439
-0.198186679413511 0.105774226665762 0.341685270426921 -0.236197366302581
-0.153653924187206 0.191421680950827 0.246780229905019 -0.326654862242539
-0.1702299199042 0.174193678105632 0.21008068198937 -0.325380827554063
-0.196103828350214 0.128948911560529 0.250854954934427 -0.261143941673515
-0.260997913410081 -0.019493450087045 0.298463828372359 -0.107198390465319
-0.171771116519329 -0.205297458104205 0.269893647937366 0.0616576004478114
0.012101451225643 -0.248505433539964 0.165962113248441 0.166859381423197
0.188542413381927 -0.108531012038956 0.062085119669599 0.226542390392279
0.202648453098996 0.0541867205087108 0.0529991700416197 0.22203650506092
0.157137152312126 0.134053558343321 0.164188080330807 0.366567879578234
0.338948781295797 0.295182350670942 0.220220583572158 0.355120634470693
0.436235269741259 -0.0601378468318005 0.0774578184188979 0.0793432340140121
0.145440816633934 -0.351786003652154 0.0143819417465413 0.198957425433541
-0.260098606950628 -0.31693344189916 0.165523680557433 0.22120867950654
-0.359758631536008 -0.0628106461743054 0.317150190489084 0.043582431149049
-0.314490724131851 0.149952294681032 0.260279795008963 -0.161421722964905
-0.22581455780691 0.294388189838035 0.17377783421344 -0.227464846521499
-0.241273380186688 0.291483243936017 0.140586136059973 -0.221686808505935
-0.305527483059531 0.221907012373941 0.136735934651082 -0.192317873760557
-0.411188629792649 -0.00144698977969079 0.179227020168612 -0.124182756840438
-0.312256370066593 -0.283944696596839 0.191067069598125 -0.0279246930193388
-0.0271919890717375 -0.433629310670164 0.185923175987157 0.0491306511288271
0.352900715069104 -0.215432386999212 0.157239911084886 0.147792149835596
0.396997514086836 0.152072446652083 0.101813500579634 0.183692813558267
0.272262321764728 0.331278258943437 0.110438170324515 0.254889387157664
0.356907875093007 0.349328862035962 0.102080466903177 0.226243339223768
0.495758373752259 -0.0201799617077886 -0.0341433137812169 0.0289941388910427
0.198817982464736 -0.386116576318436 -0.059289415139876 0.151656956959625
-0.276987304484996 -0.390703739884255 0.05901695325781 0.190515999440183
-0.42459783660127 -0.110924428602656 0.194100620452783 0.0813735928893702
-0.385592192676849 0.142055986549165 0.143013817815185 -0.0679087538248983
-0.268751957108813 0.334279913204726 0.074333896105466 -0.0989450232005772
-0.268730920508156 0.367916194197388 0.0498298991831201 -0.0863075605049286
-0.352391449557577 0.294119939302645 -0.00454762065733767 -0.0866049477292752
-0.484598826111013 0.0457678752314104 0.0170973849438942 -0.110344840221887
-0.418549325456176 -0.286124774779291 0.0598536059776278 -0.101514489095409
-0.109169408467209 -0.544722707795412 0.138740468677361 -0.0799891643999084
0.439995572896975 -0.333708330815111 0.191670364496339 0.01915478633877
0.556849452096878 0.183644185986835 0.107054077311546 0.0759696206568275
0.379620918719512 0.467398182443594 0.0239560520300035 0.0684334713928836
0.310801166078838 0.393440522254716 -0.0013036969839104 0.09947079242413
0.502270689125239 0.0706454832475118 -0.104803055715222 -0.0225667166697087
0.266376890611165 -0.345389210732933 -0.0976635186354716 0.0719164537242661
-0.217178436660061 -0.430392154227367 -0.0358251593693371 0.111040635756332
-0.423404046067135 -0.178249722709469 0.0458762970107719 0.0789986859986446
-0.415563675710784 0.085961496222836 0.00300918254071501 0.0114169119103017
-0.288379447842679 0.313236613154701 -0.0398779596619267 0.0260383442392268
-0.263300002975493 0.391352781608358 -0.0436371952405907 0.0578377245768144
-0.350115168564924 0.332766669553562 -0.137498954081001 0.0416821067195589
-0.47888206220538 0.0954118579258888 -0.14207703741807 -0.0584135402683125
-0.451028539222748 -0.223758070370487 -0.086682549260312 -0.128616888270727
-0.196466903500318 -0.545349286647475 0.0380818156611548 -0.162124867036421
0.422000705677561 -0.410911112689483 0.144562595764454 -0.099453209773906
0.61447165656759 0.143797185017695 0.0395719983589428 -0.0641866460313366
0.439906994548273 0.515075798206658 -0.0997373226245008 -0.159331800867056
0.224218970968605 0.382094584533117 -0.0737361363974242 -0.0410975988425851
0.444124691733845 0.141884194419172 -0.13110895714237 -0.0550324420787135
0.289288430411765 -0.258564451217952 -0.0661409222866905 -0.0113655626216317
-0.1296923493428 -0.388995457185149 -0.0695860436127095 -0.0160962245349315
-0.347527798625193 -0.201671522389181 -0.0840760409752465 0.0107514621245817
-0.371190481755785 0.0239835359550875 -0.141803221882503 0.0450779871854103
-0.255810262710597 0.238501407795734 -0.152224371146959 0.123776124606547
-0.204885060658094 0.347961028360947 -0.12889349613248 0.186213585051469
-0.279879451094994 0.319641215682984 -0.237630170465513 0.177512689169349
-0.383261176828986 0.132685683857606 -0.266939258514862 0.0295686744446317
-0.401549091224156 -0.114596423283836 -0.207314611518123 -0.101447040379643
-0.252952098643772 -0.435126784523553 -0.073374027182957 -0.177521156626055
0.301279104209526 -0.412794054381934 0.0435317292224971 -0.171392845081557
0.541862826913639 0.0552506220468795 -0.0727307367082254 -0.185374957890862
0.43200180859807 0.446051517476317 -0.24064926899831 -0.363547367795136
0.120851150524928 0.343686201536364 -0.128174502835609 -0.178816167195012
0.351932347207036 0.175812991541629 -0.133590100609049 -0.0730558193908055
0.260644431656676 -0.167867549289904 0.00137436079851207 -0.0843186627314179
-0.0639914420189784 -0.292081009602709 -0.0588292501818486 -0.146841960670046
-0.240926867395047 -0.168124915841507 -0.178207641556144 -0.0826629974662037
-0.26978322729294 -0.0151168349753357 -0.262491060577389 0.0435048290003345
-0.183822918523982 0.142632539523009 -0.244313876796279 0.185781077416012
-0.120965807131103 0.253136393403879 -0.194605704911313 0.280536403815274
-0.179351246736087 0.253166714767792 -0.295033296454926 0.293173144080219
-0.249887532656426 0.130864384967446 -0.346195816954459 0.123677659686373
-0.293942861470363 -0.0186847930804435 -0.290884295034114 -0.0458139000168881
-0.247688088261334 -0.27374433516847 -0.16523319595372 -0.151510858230907
0.152746522386496 -0.337408470083682 -0.0587023582019637 -0.196905557071751
0.369090841841221 -0.0196807508327098 -0.175331784514257 -0.255001123892547
0.342417706396094 0.302162495415669 -0.361114765757246 -0.496310301390054
-0.114201430846014 -0.117235841699154 0.374287305542228 0.492684282653779
-0.196787423697413 0.0509117823401463 0.331689050235929 0.167684975688368
-0.0137461479221791 0.190079100762198 0.136841160197792 0.151650606505663
0.167685742577729 0.0812233623186171 0.236798960522975 0.165929199519623
0.139397800826371 -0.0374480552387416 0.369175206007066 -0.00138648758382555
0.0861109007505272 -0.0668268645918398 0.392822260898011 -0.215457524917477
0.0376546592073945 -0.100611216420449 0.295878434589256 -0.347532172601254
0.0226674456148755 -0.117817025981081 0.221058784971975 -0.37009851899271
0.089149684759769 -0.0861052107991787 0.303652541479715 -0.295904895916801
0.121692681198898 -0.00385621136642818 0.336287106201272 -0.0821041386346008
0.101189350722958 0.0613664444456214 0.254683219144307 0.115312322119605
0.0124277400018735 0.144851501639079 0.0714937981437333 0.205753792859006
-0.157047492931401 0.0552792083624728 -0.0553947578803118 0.203013946629963
-0.154754039481741 -0.154175284321425 0.0289703973576619 0.166768237578452
-0.0918581701504395 -0.233452607652461 0.235851984273346 0.323288777646271
0.0698805746843458 0.046711363370573 0.386184298843023 0.488726030707323
0.0497354959149198 0.00269040191762308 0.297649425208525 0.148506396164979
0.044911624175966 -0.00907115575329449 0.145118239617892 0.176245529741495
0.0125044899836668 -0.0583471450123857 0.265322755753779 0.169187271358644
-0.03844323599234 -0.0399925355477588 0.394572455367412 -0.0305441278828536
-0.0589344558778035 0.0231940165133542 0.377516633507886 -0.258410343966273
-0.0603883359404026 0.0491498587326666 0.27838694387446 -0.371717582187137
-0.0748930794624125 0.0312462707123941 0.22850423324417 -0.380484719806332
-0.0529116256808706 0.025569657243063 0.304528560616436 -0.297632249731414
-0.0702137768038697 -0.0106545338778668 0.34912499199504 -0.0917282168353474
-0.0325699009574017 -0.0727178719717562 0.286203811666737 0.114116707180241
0.0135341311369606 -0.0443625377592444 0.114038527066607 0.21924617372565
0.00370088369151123 -0.0237612910544031 -0.0230961604549918 0.234221396829854
0.0121222807847135 -0.0651123634294954 0.0225523320672826 0.198253211052476
0.0329346072437431 -0.0714211990250256 0.211832246738354 0.374908036588225
0.23846659034776 0.182933521187817 0.335522109127882 0.436542156660998
0.272286359485594 -0.0544952628397915 0.204758743711654 0.115893707701295
0.0871004871552247 -0.209284943925314 0.100788383567577 0.200862053772734
-0.153307198383152 -0.190423116301671 0.247215088043935 0.197971022364124
-0.215744887281121 -0.0347738268527872 0.386103037535126 -0.0155995273436135
-0.193911405406525 0.111493992312769 0.331958653768254 -0.244251451379748
-0.146932440788881 0.195037150799363 0.235186325764865 -0.332345255360576
-0.163767433479737 0.178374631258856 0.198328130576711 -0.330638732546462
-0.191252729412976 0.133732756807639 0.242043597564736 -0.26687338173339
-0.260859280090985 -0.0111786580926651 0.293704718144905 -0.115799121104418
-0.178718799419718 -0.198823740938439 0.271662860820828 0.0537112958352315
0.00532550609867239 -0.247464229276505 0.170001368290768 0.161290304141192
0.184482570439123 -0.113501452277716 0.0686214683917901 0.223906952056665
0.203960256097381 0.0483746577765775 0.0594954041278173 0.219025727073877
0.159922826471894 0.129130454449938 0.174474516974855 0.358767079236508
0.347990926514353 0.284222333189398 0.23014800581297 0.346286870579391
0.431591411864104 -0.0745304015449881 0.0784820353910145 0.0765480017992915
0.135290159321942 -0.352292823151009 0.0189084624552903 0.19867536625755
-0.268606010634726 -0.308336595165121 0.16984722504326 0.218029891093886
-0.359971833204805 -0.0529421443527698 0.31522550204287 0.0332585733909525
-0.307428982918641 0.158106550465593 0.254301456506779 -0.168846878987515
-0.216160013676845 0.298843186678239 0.166878086716938 -0.231128805821678
-0.231362019556604 0.297896104964367 0.133754529953457 -0.223914695758826
-0.295738163977747 0.231052251231379 0.129755429341978 -0.194781480095773
-0.409801203604684 0.00984513366135471 0.173229709626174 -0.130064118754135
-0.319953666639539 -0.273943393996364 0.189630598085668 -0.0328888578851153
-0.039404940084198 -0.430711292415455 0.18755055987408 0.0428236451623514
0.34411802318423 -0.224691119529352 0.160541453184207 0.142079255718954
0.400280550504562 0.139571729703383 0.106561493526712 0.17899352409201
0.280943176598912 0.320359925851256 0.117001737941233 0.251278521982279
0.36545985527683 0.337139576733821 0.10891704604338 0.221038042016671
0.493710942499419 -0.0351183094692406 -0.0341957110858449 0.0287050062574286
0.186257876452664 -0.38906089068323 -0.0550321645158264 0.152310555872239
-0.286929541131105 -0.379633784341727 0.0645284835033879 0.188109815919774
-0.425422292941774 -0.0985250071013335 0.195136307318218 0.0744872582256128
-0.380187981878436 0.152895457697894 0.139720440751633 -0.0710653467003202
-0.256925334312731 0.341416430497481 0.070359264921905 -0.0999676104160162
-0.25609793291199 0.373118685542871 0.0461769584612643 -0.0874740704716699
-0.341377416442783 0.30330262752452 -0.00722252817083167 -0.0853370630974972
-0.482106241961339 0.0605114495377162 0.0134917080351893 -0.110927016861538
-0.425022314413947 -0.27195279710614 0.0571015665128334 -0.10348746192372
-0.124769909087767 -0.538803255590011 0.136548044548139 -0.0848424733134935
0.428380477621441 -0.343793902549771 0.191889955991462 0.013370247993903
0.559524701361437 0.16564187520985 0.10896450123699 0.0730597136468158
0.388950137340825 0.453700599598592 0.0259155284102697 0.0678165173363654
0.3214003878066 0.38338800676264 0.00198959351211721 0.0987068217253847
0.502911311643463 0.0558845467241558 -0.104112043675684 -0.0192561924192143
0.256957298312416 -0.351634262643935 -0.0952405407395361 0.0747034185238527
-0.229294207316404 -0.422462515337867 -0.0322992714700418 0.11090249717564
-0.425666693863271 -0.164566775285064 0.049015223710821 0.0757110325526925
-0.412134467486135 0.0968407357959205 0.00276352877194278 0.0112544297801375
-0.278248430427704 0.320265158835975 -0.0385256859207086 0.0271983207533508
-0.249566208468951 0.397340107184576 -0.0430213112626142 0.0569831634097744
-0.338044201171617 0.343081914247029 -0.134356366367625 0.0467936169012076
-0.472849675011144 0.108038588051352 -0.144045767386304 -0.0539467436833307
-0.456189770181257 -0.208019563007029 -0.0891389652465266 -0.1250056987273
-0.212559769533462 -0.537287200095141 0.035058042959141 -0.162982090397031
0.408992936985223 -0.419980256062608 0.140482094967207 -0.103674841326858
0.616668435967491 0.125439286321415 0.0376840031203038 -0.0644317321253235
0.453569401017995 0.499334578040556 -0.103911111967638 -0.15524239560053
0.233533547864906 0.375789261744433 -0.0741030054744465 -0.0391533825347038
0.447535063415442 0.125709189720704 -0.133490480642138 -0.0512389137537678
0.280876852871043 -0.266565890022383 -0.0657249846953158 -0.00914891942908225
-0.14075498179927 -0.382780923822698 -0.0694644432376801 -0.0135286877528864
-0.35264613711561 -0.189686189671032 -0.0830391255848598 0.0111966306394136
-0.370005129800625 0.0354404982669679 -0.140512216697301 0.0491209242074409
-0.247111814824041 0.244102047872485 -0.148829697661944 0.127296268275855
-0.194539438515488 0.352215831824625 -0.122655794653919 0.187918167267618
-0.268030169177646 0.325348732902057 -0.231439024873217 0.184284714785816
-0.37681461275489 0.144035966474978 -0.265525725666206 0.0367173711952269
-0.403488403750243 -0.101269278602767 -0.209240394073466 -0.0945274302614553
-0.265162942021247 -0.423172532540377 -0.0770801285197039 -0.176055159285614
0.286434817300354 -0.419450909283045 0.0387285582052626 -0.172378175259671
0.540336397815688 0.0404505663090734 -0.0765670540753507 -0.181421196626781
0.440211481325034 0.43039621807139 -0.249537059197662 -0.352782024654572
0.131046461228034 0.338409052837993 -0.134074120855242 -0.173912826929608
0.356063884025943 0.163411990794216 -0.135666064138652 -0.0668486372841911
0.253101984244577 -0.175055613627279 -0.000647546480641907 -0.0849594913302347
-0.0723195703999943 -0.285868481601974 -0.0632895297167129 -0.143638120905438
-0.243944151587315 -0.15945342462028 -0.179475156068603 -0.0795941301375431
-0.269169863864528 -0.00583652973175094 -0.259217104511612 0.0506358545767814
-0.178596245345455 0.147906515148762 -0.238689677262604 0.191905648248517
-0.111159235538356 0.254984236172869 -0.184817317792202 0.284244775230182
-0.169765550462508 0.257294590854365 -0.285493500559024 0.299600381383696
-0.244012777445709 0.137729590536881 -0.342460573847397 0.133945719543628
-0.292039772554739 -0.00987494440016839 -0.290101862291115 -0.0392460258781562
-0.25406368412148 -0.263734048750825 -0.168292591569177 -0.145578344226917
0.141150809803837 -0.339142513394865 -0.0641803848138333 -0.195821146807788
0.36674961127339 -0.0290549009045189 -0.181443202142308 -0.248212060438317
0.348307311615174 0.290416118410282 -0.374921144591206 -0.481911591009753
-0.11752563778419 -0.113975393827956 0.385911131431078 0.480400935205734
-0.194998494110354 0.0573972536504768 0.333661568146229 0.155732702023064
-0.00763001477424819 0.189559461874438 0.139543071840184 0.147414842229963
0.169412237814977 0.0756428325567097 0.239719462648311 0.158400592796687
0.137454928632427 -0.0414581432863054 0.367019207744516 -0.0113327142943347
0.0839374007690503 -0.0688201008764072 0.386315494043336 -0.225269869392847
0.0343705723682282 -0.100693227356979 0.284333163017061 -0.354750572155908
0.0186795058315825 -0.116834518207455 0.207390533448094 -0.373554378796545
0.0850519842442359 -0.0885759411345071 0.293543559560728 -0.303543969235689
0.121085445346668 -0.00773365538806537 0.331968651470863 -0.0923140196931952
0.102208405658194 0.0581815779048562 0.256785070118966 0.107180220833156
0.0168607822358799 0.143949649475941 0.0768536930987623 0.202455649515046
-0.154700434400814 0.0600959901484914 -0.048515962709412 0.203761641806324
-0.159043191553788 -0.148284871604479 0.0340386594348561 0.164317708002954
-0.0982783337726013 -0.229107376291131 0.244194544684739 0.313457252021351
0.0705529478115761 0.043799961093809 0.397672110082625 0.473338869574785
0.0487915006067895 0.00149084517034587 0.299442150787566 0.137640532656833
0.0445512806621664 -0.00968465592754401 0.148454443098831 0.17155296161491
0.0107196317944547 -0.058208292538147 0.268623376872102 0.160953839191049
-0.0393878948089919 -0.0392972064053182 0.393429677728286 -0.0427544955867564
-0.0578511092907129 0.0249296078177182 0.367496019886368 -0.269309094135764
-0.0587089921629545 0.0513529877057192 0.265816740487283 -0.378684284004581
-0.0737351060904112 0.0338984904309905 0.21788880257196 -0.3845938276945
-0.0524341042480102 0.0271106842422505 0.29438595868391 -0.305770515366027
-0.0697295783301723 -0.00898125472122011 0.344674331360056 -0.102148417991038
-0.0343742817388512 -0.0715836174444129 0.288083324548454 0.105081363295661
0.0127779446264214 -0.0442008321368614 0.119172584018348 0.21477431083685
0.00370276434560239 -0.0234080692555436 -0.0158282592301038 0.234035161607804
0.00978710235006862 -0.064720484315587 0.0285031170885097 0.195547673839841
0.0305765069746345 -0.0718277673277219 0.222553555496246 0.365378812625432
0.243668762379698 0.173947742622056 0.347483213255495 0.422528707981409
0.26743562975545 -0.0629455891983572 0.206910240094681 0.108305090638264
0.0809228720083107 -0.210351029609797 0.105367452934855 0.195899275819641
-0.157892824113565 -0.185227421805287 0.251113868665989 0.189754260955434
-0.215087331743061 -0.0289896362383952 0.382928131454464 -0.0271991256099989
-0.189350859516879 0.116378099196241 0.322838084695867 -0.251550565272134
-0.140348290640724 0.198509207647941 0.225118735795046 -0.336766671609858
-0.158066341830986 0.182561180843334 0.186897917000032 -0.334086737726685
-0.186047036291497 0.138521495251652 0.232506807532503 -0.271869815258106
-0.259906188448787 -0.00376738965269655 0.288528263023042 -0.125517094229868
-0.184413788213434 -0.193401166888792 0.271935298299806 0.0450893653606246
-0.00188484411683144 -0.246423349356851 0.174365484519153 0.154877151772331
0.180766881938289 -0.118168946892862 0.0756369227323786 0.220914226718655
0.203666239382951 0.0420177065343807 0.0657435080563213 0.21626572790645
0.162479763466049 0.12354293254843 0.183928661229467 0.350531009034581
0.352839061729567 0.273049631546448 0.23983863707757 0.339689366548371
0.428618034354762 -0.0837113316096877 0.0778686787084244 0.071175527402477
0.122615088550823 -0.352953059268618 0.0248383227463879 0.196528262275546
-0.277337896104157 -0.299420434105248 0.17557830206053 0.209296699118548
-0.358948253123592 -0.0417021931197275 0.315568186503212 0.0242902278959865
-0.301977913165821 0.166485475438146 0.247334506374804 -0.173928204663576
-0.204589545891132 0.304878642601101 0.158591523509114 -0.232919334922174
-0.220773962676785 0.303497914678705 0.12548248204875 -0.227441801477746
-0.289504693096292 0.237597753266524 0.121931842402646 -0.194786329648651
-0.408107250591196 0.0220921164383162 0.167668323168384 -0.134885138148821
-0.328132655785482 -0.263681317012391 0.189407835415614 -0.0383121564345479
-0.0521697257571828 -0.426979445718537 0.18439540188888 0.0369065976742841
0.337194823371142 -0.232315097773041 0.165696197387258 0.136743511493456
0.401720161890602 0.127540530828226 0.112303667101911 0.176062106525322
0.286573710005421 0.312025730768488 0.123722129492613 0.245388793139987
0.3722893730088 0.325999521752736 0.114851096349119 0.216058660443675
0.489131515492809 -0.050112953582277 -0.033001771602641 0.0281417927291986
0.173848965193519 -0.39159542100702 -0.0510299583838017 0.152964364124652
-0.297356116748663 -0.367494649195647 0.0688117715657643 0.185480196387537
-0.424686365735938 -0.0847556152048075 0.195829984061081 0.0671830552850003
-0.373222828580372 0.164240516477983 0.136071128380054 -0.0745033159002811
-0.244486203089147 0.346091854006095 0.0670173083875079 -0.100532643176127
-0.241441457471515 0.378849544234332 0.0431675523317248 -0.0881746551284067
-0.331071212073659 0.310996237961921 -0.00902675427280371 -0.0842678303821252
-0.477141258514107 0.073941612473938 0.00993039445512561 -0.110858986400824
-0.431219242715212 -0.258077625399777 0.0541570538392121 -0.10499083237971
-0.14036947031852 -0.531381200364684 0.134140068172712 -0.0890433988648129
0.41509580936406 -0.354095108425774 0.191532525777465 0.0080424067686218
0.560240384800822 0.14855597518407 0.110350417471896 0.0697617503083228
0.399121318986591 0.439202801518604 0.0277080294174732 0.0677171545336539
0.328731107103304 0.373260358933208 0.0039291684617342 0.0957240269798858
0.504162705424103 0.041327525881943 -0.107337644707752 -0.0161989384902642
0.24543380135048 -0.355998804347823 -0.0924771887832753 0.0782146854021172
-0.237617410199066 -0.411285876063974 -0.0299890416242263 0.110518002847089
-0.429827296538351 -0.150836153303514 0.0511261328177351 0.0729383036411295
-0.407129528787123 0.108628416283114 0.00199954663128035 0.0126592783596476
-0.266835004162289 0.323827967815224 -0.0382721788475142 0.0284283891651408
-0.235945427362147 0.401673034651534 -0.0410341105802094 0.0587547427868583
-0.32629461234107 0.350857844946454 -0.132997316837413 0.0511586955657313
-0.466565272603435 0.124564057294999 -0.144386573613504 -0.0484148671117976
-0.460193348495593 -0.191478272080049 -0.0917644167055902 -0.122229865781517
-0.225055695308288 -0.526667569752925 0.0297496438327132 -0.165367497463252
0.394187052297532 -0.431056822131379 0.137750048562931 -0.106316959831114
0.6177624709738 0.108993430320036 0.0361992103630534 -0.0660201041837404
0.463138594081476 0.482541981626346 -0.107625471550853 -0.148995192097569
0.243282427934544 0.369161956312471 -0.0744156484497261 -0.0369648131062886
0.450057314631208 0.110835523350924 -0.135465714097595 -0.0470130707998866
0.270561974744712 -0.273196088625786 -0.0656763305981446 -0.00655605601661132
-0.150975456707299 -0.375462853881888 -0.0698297237028272 -0.0113817752766102
-0.357648197113303 -0.176461351401405 -0.0820683447898242 0.0130866437285461
-0.367113438779006 0.0473626651295741 -0.138864493320364 0.0526678389857536
-0.239266508081997 0.249973806881613 -0.14417143087647 0.131480930214584
-0.180947378878244 0.355681234690121 -0.117009499122187 0.190095431018533
-0.25496404295702 0.332033457104083 -0.224440046099144 0.190795152440202
-0.370674205956282 0.154410849585683 -0.263596170687683 0.0457543881728135
-0.403237421065183 -0.0899352983201525 -0.210728436793018 -0.0892279306571986
-0.276095672762716 -0.411425335843989 -0.0811343209355776 -0.174101103595336
0.273574497917525 -0.42447241785228 0.034082279649586 -0.172046864526323
0.538858192044841 0.0244612432899131 -0.0815151827714829 -0.178578933117556
0.452519104587681 0.415119778266973 -0.258576373100237 -0.341647524435261
0.141399872002481 0.332533198715979 -0.137488970086605 -0.169859431099368
0.35818443147022 0.150451452344495 -0.136185417857764 -0.0634606315557132
0.246326895606683 -0.183038171196011 -0.000282030176179607 -0.0840511717015303
-0.0797526476133668 -0.28373742366972 -0.0641840370600843 -0.139153995736145
-0.247711740130518 -0.14968479919848 -0.181100512528564 -0.0744975533802262
-0.267417435051366 0.00229457578517204 -0.256195443771866 0.0591367657574607
-0.174678928604195 0.152709008561328 -0.232759582403362 0.198197095423205
-0.103383916239854 0.254371982935227 -0.175988054881414 0.287251898800744
-0.158530228096125 0.2593043013277 -0.274304207591857 0.30773674164885
-0.238479119041556 0.144645544290123 -0.336256048227639 0.143083977298518
-0.28924208507863 -0.000377425580807741 -0.291154206715274 -0.0304915891834695
-0.259256624579914 -0.252906595067724 -0.167584784749718 -0.140550308675171
0.12957380033805 -0.341483173251092 -0.0692669753010277 -0.19178474083563
0.365849283306422 -0.0419198590766029 -0.189007135954433 -0.240889118563869
0.356355345702884 0.280326870313981 -0.385388072546789 -0.465326153802111
-0.120136666502045 -0.111036213965087 0.39764453773564 0.465622286203436
-0.192408774068213 0.0634572814033146 0.335308336173442 0.143865515315798
-0.0017832353756024 0.188493072188829 0.142648233903681 0.14252364900266
0.17096770143575 0.0698639901192647 0.242642045967444 0.150875521435472
0.135699107961892 -0.045390162102994 0.364322830011317 -0.0200946609206262
0.0821184580818611 -0.0714919947464601 0.377309252899061 -0.235702495865349
0.0312443901773709 -0.100707859298875 0.272313531742496 -0.359515314077955
0.0149057941598405 -0.115787434319879 0.197305133615876 -0.377656938674108
0.0820160583905725 -0.0901458247107421 0.282392882609294 -0.310846990228662
0.119817188780635 -0.0117675061710159 0.327630225977898 -0.10139279057005
0.103296237103149 0.0542496107675163 0.258487067463866 0.0991192039008493
0.02150562223373 0.141986305872268 0.0814215112408847 0.199510141386708
-0.15144231493726 0.0645783901083181 -0.0422249253029716 0.203821632881846
-0.162957836443611 -0.142707772129876 0.0390806363334921 0.161716687223336
-0.103801053122641 -0.224896629189706 0.252244501405156 0.303415022884295
0.0711027084284273 0.0407487653570271 0.409396795135724 0.46077019442106
0.0479817756242742 0.000314227230686859 0.299565471411707 0.126615224926152
0.0441635303822776 -0.0103004337003278 0.152034955076535 0.166335282949407
0.00935756361114255 -0.0578780111082091 0.271089990197846 0.153405993766026
-0.0401749386400173 -0.0376137628690959 0.388804691855936 -0.0537009204295358
-0.0562917910348286 0.026954749608194 0.357761213988975 -0.277144755790472
-0.0569199051740354 0.0528179789344882 0.255607212162637 -0.382460482112431
-0.072296183964875 0.0359516738486291 0.204128377216862 -0.389260870456058
-0.0515738384668187 0.0284668438974772 0.28282706781452 -0.311948304603337
-0.0699371543286632 -0.0073791094981962 0.339711340027601 -0.111544881393182
-0.0367675528482486 -0.0705465741941012 0.289050616683625 0.0962923817207828
0.0118774688773569 -0.0443825288604021 0.124370678146482 0.209713118313561
0.00308250901827117 -0.0234849142158559 -0.00789773728435084 0.233076732908878
0.00769824594555893 -0.0648268769160438 0.0339406137183016 0.193249660364102
0.0280558016096669 -0.0716862893417752 0.230826475376442 0.353927277544795
0.246643494550365 0.166199104119254 0.358071940430255 0.412352337670816
0.264280229933105 -0.0696788723028018 0.207133155912043 0.100353165094689
0.0745115358257505 -0.210849580088772 0.109454721324073 0.192623560326355
-0.162207264135117 -0.178083373154276 0.25531416616251 0.181757657566964
-0.214945596869272 -0.0217734288613421 0.378800269474065 -0.037987735344706
-0.185316552249714 0.121560963471074 0.313695150258496 -0.259973605253413
-0.132238491741544 0.201507347246528 0.215144605214757 -0.340989615174723
-0.151805063653977 0.186816092300213 0.175634515061778 -0.336662308199202
-0.181151711389636 0.143601143997071 0.22292097317535 -0.276935017060649
-0.258360479548986 0.00378549909336991 0.283100552051946 -0.133234281483368
-0.189029574362404 -0.186236623756111 0.272533084563879 0.0361921949937569
-0.00841610396542928 -0.245077244014958 0.177295298807938 0.147637276299678
0.176968998953131 -0.122693376320585 0.0818589298750291 0.217430866285597
0.204129227213855 0.0357896229371469 0.0709459357347448 0.211867089466386
0.164088930216251 0.118491322186108 0.193227734778916 0.342296683324557
0.358898779492701 0.261372660898901 0.246429515499067 0.328797488080977
0.422386924382779 -0.0990196780519544 0.0793728907448212 0.0662885697267301
0.112731319334266 -0.354193192051125 0.0292048985642961 0.194279307011236
-0.283900134553786 -0.287279525130189 0.18067825899127 0.205183238476342
-0.358390505726621 -0.0300669506298819 0.314576012072848 0.0147565134670686
-0.293750083723481 0.174760880043361 0.240395249428624 -0.179479877828838
-0.195309033728843 0.308179486791413 0.150581737853499 -0.235040596146026
-0.210693400159198 0.307825241756235 0.118431481296178 -0.228226241820759
-0.2791040793064 0.243725595871699 0.116789945484216 -0.198985305345792
-0.404726777848879 0.0341713807109391 0.163662810729352 -0.139487359682549
-0.332559584379818 -0.252290169846385 0.186395566064774 -0.0447447433138907
-0.0638250373485646 -0.421452741635035 0.18744265693174 0.0301252716575946
0.32758057642156 -0.241108629905868 0.168618758767819 0.131652571096958
0.403958232185824 0.116042571300777 0.115629727207163 0.169655963310576
0.293182959445979 0.300645771541453 0.129778749861515 0.23979079698793
0.378747368794506 0.312283473934317 0.12095424945089 0.210138907111708
0.483784090463095 -0.065262171083044 -0.033286531967057 0.0281318427922931
0.161829506692351 -0.393884099992943 -0.0466669001367056 0.153237159015288
-0.306408786621396 -0.357310656231318 0.0738027585556395 0.182818699009884
-0.425288595938776 -0.0705531480186485 0.196330035906197 0.060482952792854
-0.365684451997543 0.172820010428031 0.132281643557403 -0.0770727086114861
-0.233053713419998 0.350696962755293 0.0638834821347111 -0.100935760724033
-0.229322572836086 0.382040443958302 0.0404678025490764 -0.0887099858879127
-0.319175811177128 0.318159548000995 -0.0121360965826628 -0.0824163821600831
-0.470947221880791 0.0875676640875824 0.00612996805382718 -0.110915787355583
-0.436187438191546 -0.243508660275705 0.050908460417741 -0.106548214547525
-0.154261201501055 -0.522338496909277 0.130786850509191 -0.0932035913832789
0.402270635023603 -0.363456226987102 0.191078600641774 0.00246210136422621
0.561495454036072 0.131876227962509 0.111886023927841 0.065290495928801
0.407435311375205 0.424158999051732 0.0294906909226008 0.0667670546633304
0.338189665764286 0.361247639432947 0.00883826887995476 0.094387085052519
0.502027887950075 0.0238962538733061 -0.105872404607787 -0.0153047584323248
0.232735693120029 -0.36107456984748 -0.0900457157962751 0.07881652483164
-0.250329233437339 -0.401331255250409 -0.0255674136504038 0.111363969448133
-0.431266938623127 -0.135088022097653 0.0547408326587516 0.0685518235685502
-0.40111378344974 0.120698747110195 0.00237446022495844 0.0114147471934836
-0.255598332303308 0.330292163419015 -0.0376644887751791 0.0317339407678141
-0.221811161518752 0.405888631697277 -0.0402470116462401 0.0590302915516146
-0.312050258951035 0.357023377844989 -0.13042923307372 0.055949388048353
-0.460752409704627 0.135743303414878 -0.144306796257597 -0.0453180699724463
-0.463463993939672 -0.178108375725715 -0.0937511691405393 -0.120298184010757
-0.241207370571589 -0.514955504494233 0.0269578955801089 -0.16524916930055
0.380123857310265 -0.439698228827958 0.134606812218363 -0.110256678358748
0.617921298791996 0.0877578643826691 0.0335206863357683 -0.064742330423094
0.473406728088405 0.466748056738979 -0.112333398169538 -0.144255244032459
0.252582904096667 0.358661144818329 -0.0752827804950223 -0.0363335962598365
0.448875092264518 0.096846410865172 -0.135368405381068 -0.043331946433007
0.261915792130936 -0.278398822299711 -0.0652109939074196 -0.00574377326210238
-0.161041814970611 -0.367713450176104 -0.0692882222907183 -0.00925838771998784
-0.359946939769263 -0.164715224045906 -0.0809841006966758 0.0133849981951684
-0.362503001188384 0.0570670263396757 -0.137300672450717 0.0569306194306985
-0.229544082734727 0.255479886460531 -0.138459876956476 0.135550214153913
-0.168291058728577 0.357030686852215 -0.11121939565664 0.1906544590789
-0.243841090471508 0.337231848400965 -0.218118463042349 0.194839667798429
-0.363527753747742 0.163573966745586 -0.259967112786838 0.0514645791233147
-0.402983373637195 -0.0777944474277995 -0.212060485821642 -0.0833567968193368
-0.285556129575461 -0.400904597506761 -0.0848272003085136 -0.170881468547145
0.258415894397797 -0.429141746680268 0.0290382506305448 -0.171818132847687
0.535053255200949 0.00839795877670672 -0.0853030878264384 -0.173303524171792
0.461167811612948 0.39803332054771 -0.26709820764935 -0.328582552218729
0.14986983757131 0.328959792068162 -0.14028627901688 -0.165799701155385
0.362534109126956 0.137230054228486 -0.13752651590303 -0.0577680865557094
0.238174818094018 -0.189253741765318 -0.00593808601461202 -0.0833305217156169
-0.089198501764208 -0.278173536386974 -0.068944293395112 -0.137637567571055
-0.24981011415001 -0.142799980935982 -0.182106703510677 -0.0705934058553144
-0.266335108087193 0.0113341475358915 -0.253245663820526 0.0647852338360587
-0.168746840090413 0.155069005171906 -0.224045160909487 0.203212041139954
-0.0949471562085793 0.255519219915912 -0.167439787177434 0.290222957221587
-0.149225031112769 0.262310948165721 -0.262493279743741 0.313114328743188
-0.233412923732274 0.149922541211358 -0.330426615628822 0.152459944516048
-0.287887996859574 0.0080305181341038 -0.288027925820275 -0.0229287615391303
-0.266515879297811 -0.242641202562609 -0.171878875314051 -0.136959266916143
0.119398470108282 -0.342004624894194 -0.0738097194993116 -0.18994199882167
0.362348881666331 -0.0515651429452775 -0.195285123197508 -0.233141073069884
0.361790303448556 0.266683777439813 -0.395353512677485 -0.447898133195797
-0.122358065298812 -0.107684081828123 0.408260228720558 0.452285243461381
-0.189626427094934 0.069135890494919 0.335583410766258 0.133044283171762
0.00392032234359782 0.187884070252951 0.145424487016129 0.137363497371523
0.171902364573606 0.0646371242763045 0.245078780609677 0.143579582553172
0.133462882658953 -0.0494757926186338 0.362209442565268 -0.0290504237911745
0.0797797650638179 -0.0732747592155608 0.36805182692519 -0.244476049549057
0.0283658171215584 -0.100854868049459 0.260529233124669 -0.365469635901431
0.0111783090169892 -0.114915063809088 0.18437656932217 -0.379734620387771
0.0779589946555989 -0.0919340722117465 0.269964375689477 -0.316798854373081
0.118614731968966 -0.0159385357681131 0.321935775130197 -0.10966660807497
0.104046536625794 0.0506798233994067 0.259627164197814 0.0913586971168285
0.0266303068058934 0.140223248990326 0.0863741804304288 0.196108192136962
-0.148054313381872 0.0687947070124808 -0.0353099457992542 0.203530645922952
-0.166101671227983 -0.137072203040438 0.0437840034929464 0.158973246460122
-0.109729796795248 -0.219535900644666 0.25884579294937 0.29128678964459
0.0717659779505323 0.0380548199416986 0.419483420966533 0.444643741956332
0.0472193184464038 -0.000505914088697393 0.301011139283878 0.11621034581536
0.0440697666025442 -0.0111630364099247 0.155195620320538 0.160899786495547
0.00768052994583164 -0.0581906051376905 0.272848620296285 0.144571684063695
-0.0409049733361222 -0.0368319694974133 0.385342665659948 -0.0625246481485131
-0.0546993214245802 0.0281264919334627 0.347566450509397 -0.284806127244078
-0.0550244760600202 0.0543296626392544 0.24180756722085 -0.38661049099112
-0.0712202019200757 0.0383426468891683 0.190776102269277 -0.390344839452996
-0.0501439210209117 0.029372953645565 0.27187985391473 -0.317521040291343
-0.0697879439104513 -0.00542896043224264 0.333993047886652 -0.121351822621221
-0.0391327144628677 -0.0691154543119309 0.290456916844221 0.0866713877717388
0.0109407471346988 -0.0442262049280919 0.129308020106905 0.204554305078619
0.00237208516326985 -0.0225248465847174 -0.000755743876840454 0.231329543277441
0.00572313726531593 -0.0645955235451554 0.0397360074114847 0.190043489482396
0.0253797377789263 -0.0716943366695101 0.239632310862848 0.344919255867178
0.249593551492417 0.15773912097301 0.36657391104325 0.398313217700422
0.260073793165379 -0.0768888011164256 0.20671262154528 0.0925327734339211
0.068127969351404 -0.210996738098649 0.114106572630523 0.187459187233085
-0.1666220814776 -0.172295518522979 0.25833946052959 0.17315695983965
-0.214608438840359 -0.0154212025605932 0.376015252209721 -0.0473803192406404
-0.179360656074805 0.126803922681942 0.304274946597574 -0.265539795841117
-0.12590145027204 0.204183735544897 0.202397862351342 -0.344237203729378
-0.145559163017684 0.189735968934947 0.165054881033059 -0.339028789361424
-0.175823675782433 0.147604059901242 0.2135711635066 -0.282283538642377
-0.256977916108424 0.0107882749057709 0.27675342396103 -0.140281685403494
-0.193871372903792 -0.180105337824485 0.271310831845715 0.0278651473564575
-0.0153242444150578 -0.24273129130472 0.180606827821616 0.141173811691811
0.172425358951545 -0.126189258601841 0.0879061596029824 0.213349386011486
0.20372878463726 0.0293076065456717 0.0771374298034067 0.208578190066512
0.165908758837206 0.112761920507707 0.202328892467034 0.334342922093733
0.363899769701962 0.248264790335692 0.253928068860124 0.318734733073862
0.415818292625155 -0.111073576480388 0.080794999683199 0.0645577198451977
0.102164526284653 -0.354764794492255 0.0352456685125717 0.19185358180629
-0.290647223147988 -0.276413351033568 0.185297570915302 0.198703989022588
-0.356034475928755 -0.0196254629879561 0.311227279812268 0.00402298401491582
-0.286706587228303 0.182348973180874 0.234032667811475 -0.184335198084227
-0.183740427956226 0.311714748302305 0.143051778588678 -0.236658398256689
-0.199182292068538 0.311470612783549 0.110709214001563 -0.23012545245261
-0.27060299677012 0.250536158150618 0.110771387004446 -0.199239412841866
-0.401529883513343 0.0454196600292609 0.157926008302421 -0.143111198938225
-0.337408531555886 -0.240285804726605 0.184870642602397 -0.0499395388647442
-0.0753793530190585 -0.415799481054149 0.187074655606913 0.0240642380399801
0.317694052398354 -0.247834252322544 0.172042616222739 0.125390479094333
0.403592139193815 0.10273220955846 0.119345813888881 0.165739383404295
0.298007879162776 0.28903000365658 0.13556362761024 0.234421873250981
0.385507556535209 0.299757327341326 0.12567206549457 0.204689820715122
0.479748849051714 -0.0782646765697988 -0.0333397424541112 0.0274858572398563
0.149863478664525 -0.394710775094751 -0.0423889211273896 0.152730362675248
-0.314084270163209 -0.344252137293747 0.0783072747984928 0.179434343936428
-0.424627884779668 -0.0573682157885409 0.195673546262896 0.0534783419058797
-0.358079080248973 0.183552290333108 0.129159508102617 -0.0795893223717041
-0.220898138027071 0.355017625735024 0.0605165058809085 -0.101057442916519
-0.214835269436135 0.385308657454127 0.0373026335996123 -0.0889668723015946
-0.30683422216597 0.324382872170859 -0.0138638006583327 -0.0804446447834246
-0.46476644197991 0.100853627162916 0.00260802226887787 -0.111295942369999
-0.440619857500604 -0.228678580261232 0.0484760887719957 -0.107621089429765
-0.167082708700636 -0.51388551494504 0.127314941564333 -0.0964911293687704
0.389258814083967 -0.372052696663277 0.189815181689475 -0.00324133708134841
0.560922806373561 0.114370985678349 0.112879663549406 0.0617707475404825
0.41694906336777 0.409964699493665 0.0310408542913565 0.0657577701861138
0.346357664682123 0.349884070074313 0.0108621930278529 0.0931474107376873
0.499331422185062 0.00935659513181166 -0.106821473925044 -0.0131843897109985
0.22095336276339 -0.365109020374578 -0.0863657795648003 0.0818079617223147
-0.262153288435106 -0.390705782824387 -0.0227028194621689 0.111520678112952
-0.434116622928915 -0.122639697791497 0.0537129514874317 0.066268767892788
-0.397162531318146 0.132635063750866 0.00218125305666914 0.0120650413372447
-0.244196872949828 0.335647936543496 -0.0355960152698382 0.0322088977665287
-0.20894575280473 0.408132435612882 -0.037393009560434 0.0578174555680946
-0.299334623519563 0.363979804780631 -0.127812353345666 0.0587889760870554
-0.454293308191272 0.149967986525414 -0.145496653719581 -0.0404543726000682
-0.465064052896044 -0.163453619122788 -0.0963591759357375 -0.117746921271628
-0.251978469218103 -0.505825421959453 0.0220165691658195 -0.165826746461528
0.362506548634102 -0.445132024706506 0.129513698884609 -0.113521418414955
0.615494576341873 0.071667066925773 0.0326053455342464 -0.0659834189852648
0.482818361886465 0.449116251292945 -0.115037882942645 -0.139139268503296
0.26233371602404 0.349760381451593 -0.0751043347439728 -0.0355935929941721
0.450376335071797 0.081814643278965 -0.136843307211048 -0.0391121647769236
0.25069944373407 -0.283492984028585 -0.0652948979069435 -0.00324783480082682
-0.17182750677891 -0.359036616211508 -0.0679879955229847 -0.00745839816654512
-0.362273231113256 -0.153591418205189 -0.0803520057726876 0.0138083828737927
-0.360391540347573 0.0669610147157321 -0.133549730776676 0.0594650468524274
-0.220301266743972 0.259435378218356 -0.134487267051051 0.138923864884979
-0.156778904843843 0.358117357357892 -0.104272955271237 0.191993707348899
-0.230804809153832 0.340497245790682 -0.209284616916981 0.200615930552849
-0.356431244637392 0.172083105914047 -0.257779601929981 0.0585773072277995
-0.401675446052399 -0.0648269137816447 -0.21323230383375 -0.0775575416260816
-0.295073587512065 -0.388607288316825 -0.0888492617426288 -0.167645199778266
0.244641397398772 -0.433717690955625 0.0244026960585179 -0.172009550776852
0.531558340919942 -0.00617085088197898 -0.0890153338911113 -0.169520845431217
0.466885450022764 0.381852392048953 -0.273590105600191 -0.317926587655223
0.158456532266737 0.323509503040505 -0.143754981784767 -0.160937923058463
0.362429798653675 0.123690901949228 -0.138291134999349 -0.0539962628608594
0.230791936075265 -0.195272571783274 -0.00870444786755517 -0.0819619417988757
-0.0968276025380781 -0.27271840013564 -0.0721315623234401 -0.134086651055917
-0.253677596018783 -0.132678587853933 -0.182005530958561 -0.0653518743537035
-0.264205845380695 0.0186965601610089 -0.249503354767768 0.0717805902625513
-0.16212189734324 0.158826020866768 -0.215878190396181 0.208124216264831
-0.0859802652934666 0.256474205807067 -0.156524304180427 0.291075856113041
-0.140300091042912 0.264748658775317 -0.252165983059572 0.317986207393325
-0.22686103988886 0.156268463045047 -0.322933637709448 0.160648914903021
-0.284644002732393 0.0158418322625379 -0.288658760990222 -0.0150193675956781
-0.271777536861747 -0.233300225977041 -0.173636264542879 -0.132320565310222
0.107131665223824 -0.343657214200447 -0.0774685101111414 -0.186078031527692
0.356800677864444 -0.0594035384524005 -0.198711684067277 -0.22377176490001
0.364023832571582 0.254482718489636 -0.40456682492082 -0.432096066425049
-0.125213337494049 -0.104390168144036 0.417541284728535 0.435865628400277
-0.186079732166363 0.0748688058245938 0.336162749088407 0.12156134156043
0.00939081647977037 0.186119645449138 0.147534274714501 0.132672649111774
0.172963990614417 0.0588069515733221 0.24701787219156 0.13589003512863
0.13104778284161 -0.0529292057063672 0.357689885998138 -0.0381502019391971
0.0777066624025345 -0.0754424659077459 0.35867415501831 -0.253388800201532
0.0249482623732617 -0.100566713354817 0.248243367518374 -0.368916194772168
0.00733190995675385 -0.113799905767004 0.172405751610347 -0.381468840167507
0.0733959761588412 -0.0930066582830041 0.259345616109087 -0.322365672844193
0.117098086605587 -0.0194988732974194 0.316539734946412 -0.118655408403809
0.104597746359507 0.0473643643542236 0.259830033895659 0.082985896296068
0.0310159167254677 0.137949358465838 0.0908094131334711 0.192869683630708
-0.144987233681552 0.0727868740426277 -0.0289809013066057 0.203031854650399
-0.168964655398748 -0.130399299102177 0.0482388210924774 0.156035839198173
-0.114681529911615 -0.215008979417119 0.263587462331528 0.280731671596161
0.0719064558702651 0.0348873896704541 0.427761744981027 0.427860270322681
0.0461829754991089 -0.00105556961843375 0.300204771589457 0.105249643309878
0.0434984650643777 -0.0115817789915742 0.157949832200398 0.155365449797182
0.00648534980973533 -0.0573763807004252 0.274833824293613 0.136431930343569
-0.0418611254082478 -0.0352298138728323 0.379846844611676 -0.0719341053435497
-0.0529923575210691 0.0296093009972219 0.335920293575954 -0.292221334788966
-0.0524434434337644 0.0554665709793813 0.228122236598151 -0.390307958304845
-0.0695609042781538 0.0407378967872825 0.178140792172697 -0.393495093541307
-0.0499025613755586 0.031006449305084 0.26082293756817 -0.323577152208919
-0.0694810278568909 -0.00375297403278851 0.327726273353295 -0.13072349527342
-0.0407019712214305 -0.0679285664257421 0.290789429726895 0.0774407746793603
0.0103650719723161 -0.0445933576371087 0.133609535800821 0.199637667694965
0.00200409154673101 -0.0221468248958913 0.0061664326112917 0.229691981086066
0.00381106732871124 -0.0637950170037783 0.0446490463499678 0.187115238571031
0.0235081777765263 -0.0714702267297724 0.2469188395807 0.333658799830483
0.25110396580684 0.148799125746625 0.373684978331034 0.384584149925746
0.256637836936649 -0.0846994229823581 0.207332880395513 0.0849221435262547
0.0614460751252245 -0.210624352833287 0.118623979992125 0.183320504136704
-0.169456083549798 -0.165435410703935 0.261423993420566 0.164974835029313
-0.213060125180065 -0.00863575974562729 0.370722521309519 -0.0583930646617389
-0.174238274124937 0.130453278248298 0.294393538806485 -0.271018784774249
-0.117324531835026 0.206871466663162 0.190928720272084 -0.346683129606526
-0.138293901285402 0.192612187729662 0.153701169367882 -0.340899074688161
-0.170411338819418 0.151692284301128 0.203508389024659 -0.286245871904325
-0.253946156439346 0.0183634376850114 0.269921386123868 -0.146893936584017
-0.19768042522142 -0.172456737940748 0.270197225609652 0.0191399860939316
-0.0221726672493906 -0.240245746369388 0.183023375003578 0.135539624914565
0.166812811266559 -0.130070944490669 0.0936057548914151 0.209568272649922
0.203448542694483 0.0228680980684114 0.0824109962816703 0.202825926366982
0.167275874981547 0.106769020616831 0.209759114724663 0.324419127981584
0.367770220570263 0.235574133417285 0.261779743623903 0.309125154567481
0.410289015468812 -0.121333039062065 0.081647852768032 0.0598595804182959
0.0920479870035114 -0.35629174256861 0.0395887204308836 0.190299041921622
-0.296448510761472 -0.265389621807264 0.190286923092621 0.192716504564526
-0.355584081266907 -0.00943195723236608 0.308397762423508 -0.00533708546581148
-0.279783475828961 0.186654472586316 0.22494680420148 -0.188795860139871
-0.173375586857587 0.31380764791937 0.135774610367687 -0.237875528718019
-0.190056477749628 0.313332667078316 0.103527934666601 -0.229912620003279
-0.260540371843743 0.25759294991999 0.10381853688863 -0.199612889202189
-0.397412085379837 0.0568674277161057 0.150956854927702 -0.147723609394442
-0.34377266382412 -0.228039106758794 0.182223370752965 -0.056039533918609
-0.0863035937069872 -0.410603803170482 0.184680808548319 0.0171060143756643
0.3077410452247 -0.25398382028094 0.171951144708534 0.120480880432301
0.402871480054309 0.0904313975667793 0.123369085503621 0.161247687826991
0.3038173459571 0.279180159091615 0.140211014588692 0.227400262077505
0.388713217643389 0.287451669526712 0.129975827026261 0.198332530015149
0.472904884870186 -0.0916986144241046 -0.0334115383906872 0.0275363035289885
0.138268313636731 -0.395604043677172 -0.0378524948133416 0.152931026119576
-0.320190607927338 -0.332538267289491 0.0825849107294906 0.175982754991368
-0.422739828453329 -0.0453706930850028 0.195456435044723 0.0461224007614901
-0.351044588043162 0.191931996092287 0.125343836200021 -0.0813570355776612
-0.20903094659272 0.357819101165128 0.0568532274135805 -0.101222563526787
-0.202216984511621 0.386530800288547 0.0347286450557119 -0.0899302434744091
-0.294399356499605 0.330586298388662 -0.0159751070512868 -0.0792838314205333
-0.459390665134996 0.112788493553729 -0.00102436999655935 -0.110242046905862
-0.4429192729632 -0.215479321944274 0.0447932854586903 -0.108668722780751
-0.180407824763438 -0.503978629968071 0.124533128025643 -0.100568545550543
0.375459782407308 -0.379440485574567 0.188569645525507 -0.00800143366651546
0.559616355502784 0.09764070848083 0.113705872424969 0.0583540225841307
0.42168453675147 0.394408110624209 0.0326578217221579 0.064782350145346
0.352537977093863 0.338226347928003 0.0151914657301724 0.0902705117997373
0.49434101600487 -0.0062839526490616 -0.107298064907126 -0.0089351905988078
0.208701669633119 -0.36761636555367 -0.0832308167560632 0.0822290461871155
-0.270187159629151 -0.379337888133611 -0.0197292894698101 0.112181138886597
-0.434974164036017 -0.108229052080551 0.0564242313550089 0.0622924250093173
-0.390917977672474 0.141857756419626 0.00280294363744389 0.0120155824498988
-0.231677821302027 0.33935694132739 -0.0339576829191358 0.0333424923061198
-0.191602340284666 0.410508839617025 -0.0354712383435816 0.0595523223006524
-0.286546241324561 0.369401655682539 -0.123804210777227 0.0634449340023256
-0.447032992763688 0.162174669009147 -0.145522063830237 -0.037452730532238
-0.465132758614094 -0.149276308820372 -0.099400278379104 -0.113736482031638
-0.266691527367195 -0.490980761262411 0.0205325950260477 -0.165598012788527
0.348074569331801 -0.451645265997504 0.126156298490756 -0.11471631317741
0.612125577358564 0.054532130821592 0.0295293176761607 -0.0656992138111969
0.489797628060879 0.430671741321206 -0.117583938037185 -0.133162373613857
0.269311498184527 0.3394340924522 -0.0746693751619041 -0.0342161070806759
0.448606814801606 0.0676162202667313 -0.136280552005334 -0.0354636205295874
0.240307492275909 -0.289246600361716 -0.064300672593876 -0.00185673610584923
-0.179895149564941 -0.350593594485203 -0.0675040182780077 -0.00519950853598317
-0.363180303417752 -0.141045446915163 -0.0792576871176853 0.0147082026294433
-0.355478009890269 0.0776167970037832 -0.131636036121348 0.0632661635272534
-0.210062639921346 0.262441840389046 -0.129958202283196 0.14157070273022
-0.144442312859498 0.358691640666771 -0.0984751546073221 0.192656193099394
-0.218376193923748 0.34522412335758 -0.202324237900681 0.206179632943686
-0.347067897943854 0.181490527448163 -0.253408148394659 0.064884098121592
-0.400828405188853 -0.0547832533429269 -0.213120548655778 -0.071283045999102
-0.303520710545923 -0.375681589869109 -0.0922084147699191 -0.165410170312077
0.231474124662954 -0.436479644727913 0.0196680595288735 -0.172156507660845
0.529273163803473 -0.0204600696906665 -0.093258294326601 -0.165321600208571
0.473956281213844 0.368171749544253 -0.280013669892372 -0.306026239137981
0.168402909602423 0.3154173151609 -0.147498226197699 -0.156864031402822
0.363865435259136 0.111550174250179 -0.138421801693569 -0.0504708636430753
0.222364908843532 -0.200280757988195 -0.0101987834908512 -0.0816620376045551
-0.105182914214776 -0.267274438268846 -0.0749908764719317 -0.133497537065913
-0.256545071670447 -0.123789769389262 -0.182512996570321 -0.0609473588272016
-0.26095991467163 0.0266048394522009 -0.245206097521889 0.0790401078233879
-0.158010433221973 0.159588546928413 -0.208854066045066 0.211697981812534
-0.0792088939377447 0.255230829563646 -0.147407591239316 0.292165140083294
-0.130057550988217 0.266381993510784 -0.240248503381352 0.322860419843895
-0.219328401089542 0.160251647610888 -0.318132861014403 0.168849728491429
-0.281788386299807 0.0237478970063444 -0.285649205103271 -0.00670443945179635
-0.275692803196616 -0.221270958413733 -0.174562167130997 -0.125599854176058
0.0976610374091628 -0.345031168161305 -0.082393193803612 -0.182004776614823
0.353135990847045 -0.0690681359221127 -0.202677959991542 -0.215739697843534
0.367613055926546 0.240954261470569 -0.414003164884383 -0.414821108562168
-0.127042273673922 -0.100546526457522 0.426428796600229 0.423512089730252
-0.182967751813319 0.0802502003296491 0.335745505738374 0.110386470543839
0.0148097006795763 0.18489922662832 0.149318303251114 0.127787123662902
0.173503895535747 0.0531956475204285 0.247791624348122 0.128189071856323
0.128571577629718 -0.0566605701901917 0.354496340158971 -0.046648676314756
0.0751485905047022 -0.0772320137999615 0.349451002051326 -0.261531494046379
0.0217896331510533 -0.100080122499708 0.237484742721641 -0.371999010573662
0.00390137201465269 -0.112127343582931 0.159505060443684 -0.383761140956814
0.0701989152591764 -0.094107443402056 0.248334016780149 -0.326011229453305
0.115193504298506 -0.0228598617026216 0.310352220026962 -0.126333767619025
0.105199677710156 0.0435295592231077 0.259464940715419 0.0747731549149081
0.0346149544923435 0.135525170417992 0.0948891550997414 0.188240588380151
-0.141380299850142 0.076350290318049 -0.0224704983352503 0.201500390601464
-0.171945427542304 -0.125094968220588 0.0519006781944264 0.153178220010617
-0.119252292789815 -0.209379120728981 0.269630261746505 0.270013056580857
0.0717194238276072 0.03212257196743 0.435380407939978 0.414882815001965
0.0450426244219406 -0.00247416967425384 0.299226254551605 0.0960371607036948
0.0431001310343117 -0.012576835527372 0.160101052452151 0.14963869672922
0.00474527367097862 -0.0570552200933641 0.275742646678773 0.128150427704326
-0.0423436433233626 -0.0334937250344179 0.374671490960838 -0.0824740643404121
-0.0513280959291961 0.0303646040639922 0.325711134954713 -0.299101992051279
-0.0502315201009668 0.0571805874759611 0.216877520730085 -0.393269765218741
-0.0680672215111654 0.0427884638507767 0.166866151266124 -0.394751922617544
-0.0492618084986276 0.0318532857425208 0.249335855174025 -0.32640007589634
-0.0689788006749979 -0.00225837145097259 0.321069555029495 -0.138867054262617
-0.0428533833595265 -0.0661306224943804 0.290207739695003 0.0684672603835715
0.00955452274566216 -0.0444876086286187 0.137919631392869 0.193860206893103
0.0014223374886894 -0.0214470967405319 0.012787361493543 0.228047332381004
0.00160380876601274 -0.0635126834587699 0.0491871085216403 0.183027931239538
0.0206370525553027 -0.071740548676426 0.25292120445499 0.323712957255331
0.252364036823331 0.141263387038247 0.382170928004284 0.371790209496805
0.250471022421011 -0.0902937452804044 0.207354381949118 0.0778980449204206
0.0554819451734409 -0.210074069027306 0.121028857188598 0.176738710875783
-0.173037983981867 -0.158828206557695 0.264042463491109 0.158119608966422
-0.211861096862997 -0.00278894436755091 0.36512383032882 -0.0674742717823279
-0.168695692887059 0.13486422708212 0.284085530382682 -0.276718306601833
-0.112361004823994 0.207552100932182 0.180877771083906 -0.347249144403787
-0.132177649287499 0.195436933158477 0.143528957445464 -0.342302785365901
-0.165788778934519 0.15452315210673 0.194206994481688 -0.288548344525894
-0.252354589193878 0.025007115319135 0.263117019024299 -0.155091285149604
-0.201086318690874 -0.166046048469663 0.26908116591797 0.0119367447410872
-0.0277125497703833 -0.237855102291295 0.185488429770375 0.127977909806827
0.162630477202541 -0.132656374940847 0.0990039281814819 0.206199523200289
0.202190481992117 0.0169659638393543 0.0870748238813954 0.198956279217354
0.168117863296816 0.10280620267303 0.216472174681122 0.315780817385776
0.369809834791301 0.224132766556825 0.267197353168968 0.300609922342972
0.403754688537575 -0.132622616405706 0.0799937125930353 0.0561897856433485
0.0808951903951877 -0.35341276573523 0.0413189062463033 0.185834482701139
-0.302991577990643 -0.25315756212784 0.193534840727783 0.187160481690989
-0.354197376438075 0.00160981446080271 0.304715085049072 -0.0134609468734392
-0.273062777657289 0.195644805705102 0.218457189225201 -0.191944811191179
-0.163042867852877 0.314452261465547 0.126791205669675 -0.240728314278786
-0.179559769968839 0.317941119101064 0.0953005264328813 -0.23080161286774
-0.249415626941538 0.261195709017287 0.0983033732942084 -0.204677110367649
-0.393171198484928 0.0672142098116167 0.146411391831637 -0.150608794652955
-0.344300639574771 -0.216855463391185 0.180180440117118 -0.0598547779438824
-0.0940911197208102 -0.403755519874993 0.183743339357014 0.012005472589602
0.299593571826237 -0.258671053321214 0.175634228713962 0.113807753318463
0.401076326686782 0.077863908211975 0.12519295803807 0.156051880777271
0.305950253867373 0.269004275445302 0.143438659025468 0.221483816189257
0.392628328766393 0.275180283427791 0.134386552784024 0.19271557999645
0.466188217787985 -0.103389532863775 -0.033600724220727 0.02754982117379
0.125701754800606 -0.395466302132904 -0.0341638833768284 0.151695975644417
-0.326783511584076 -0.319295138595527 0.0866052680955704 0.171998066237685
-0.42006128404355 -0.0332354592428634 0.194856678896669 0.0400389576062889
-0.341755241541232 0.199340392034184 0.121990086163802 -0.0837801197245215
-0.196871709903216 0.359454478162977 0.054162033806763 -0.101482948630188
-0.190026238103809 0.388986735565468 0.0316532534843217 -0.0898732108661624
-0.28210953817048 0.334726161560883 -0.0179552913829125 -0.0773416193256276
-0.451430230507338 0.124098493066992 -0.00471473510282643 -0.109674797403961
-0.444277726816193 -0.200254325419143 0.0417397115071266 -0.109841207516566
-0.192147281727587 -0.49385007862819 0.120451856167811 -0.103529069157573
0.361960617053934 -0.384089814342916 0.187083615834388 -0.0130340654835774
0.55684217688832 0.08123490384264 0.114097624964163 0.055007395562069
0.429165552432218 0.37807622275432 0.0331206256814281 0.063591961791833
0.357724926670932 0.327023045495791 0.0149300181398702 0.0893617334530682
0.491110456904756 -0.0205460059073069 -0.106786804486095 -0.00865666251360359
0.196926414160309 -0.370321881420256 -0.0813065744725601 0.0836712855368048
-0.28026352978433 -0.367076954529811 -0.0177874017822273 0.10990120612216
-0.433558165780306 -0.0953552710370517 0.0560470786427063 0.060562072938041
-0.382432481227124 0.150344063986449 -0.000229521128395517 0.0126764714816131
-0.218804674576667 0.342393226882797 -0.0326851993259777 0.033784486687573
-0.179660678116096 0.411207948849966 -0.03484939029167 0.0585337100268656
-0.271967034058804 0.374980856572861 -0.12389403016934 0.0666534398167717
-0.439338972732686 0.172106800792949 -0.145955906879423 -0.034204925508531
-0.46565468211031 -0.136904803132708 -0.102066402588112 -0.110317150543246
-0.27492225753002 -0.478963348742598 0.0154137916237076 -0.166413781756571
0.335381585983607 -0.456628402380139 0.123059662124323 -0.117670795426505
0.607184388828977 0.0372868963177846 0.0288724409574188 -0.0666490653946906
0.495395680094316 0.416385829079148 -0.11995930253928 -0.127462559656852
0.275698975961098 0.330598971089504 -0.0751706374370987 -0.0338072642881213
0.447324979393641 0.0534015579869621 -0.137099765140785 -0.0323060407546541
0.229886729022028 -0.293361334795992 -0.0624347122047201 0.000595829875482558
-0.188329345058665 -0.341559630800608 -0.0666322747524612 -0.00378938192029304
-0.363299837177283 -0.128997938590475 -0.077944134131648 0.0162174490370803
-0.34909721911982 0.0859218970269366 -0.128995525916684 0.0673485890939509
-0.201555157988437 0.266993151500048 -0.125569694869117 0.144256620895677
-0.131946495023567 0.359181346137886 -0.0918685685289131 0.19294362219777
-0.206791961747619 0.347407058550092 -0.193700847293653 0.209007798547857
-0.338564751309632 0.189671753638525 -0.250362254223689 0.0715209884716026
-0.398186642474608 -0.0423848633157992 -0.212935459824016 -0.0662324284682601
-0.310679626024266 -0.363364203321458 -0.0941622280317646 -0.161137919769965
0.21743685831762 -0.438046971584609 0.015237522459918 -0.171434518700077
0.522392604112489 -0.0350439886230542 -0.0972333652780143 -0.160858877679091
0.479212952259945 0.350129231764773 -0.284508772429023 -0.293876397186285
0.173067765241174 0.30867945128168 -0.149406310548301 -0.151611502209583
0.362170663416653 0.100527905475902 -0.140741497035405 -0.0457290288297719
0.214569835289927 -0.20681614818012 -0.0103842849866329 -0.0788365198071838
-0.112054599303643 -0.261613461971305 -0.0792931313893536 -0.127435572062088
-0.257181613329185 -0.113315339640611 -0.181609964147586 -0.0564047852429313
-0.259452633104656 0.0331877317224327 -0.24129228563386 0.0840618383061607
-0.150334012631885 0.16369787704843 -0.201216999214103 0.215465059741887
-0.0698867287401553 0.254093143765381 -0.137477992377105 0.293167053352222
-0.121539324130785 0.268697871562787 -0.225888924022044 0.324612247217508
-0.212791401901803 0.163744263816086 -0.309956583392731 0.175417330224397
-0.278576901396522 0.0321344465323537 -0.283278538605553 0.0020025850303229
-0.280889411960345 -0.211195075044676 -0.177460844941868 -0.123564176987484
0.0883475947234592 -0.343337971297028 -0.0857201361932009 -0.179947023206772
0.347871893627102 -0.0779057671269724 -0.206329925704347 -0.2095066484123
0.369985352908182 0.228894874410826 -0.419912319264482 -0.399550335190189
-0.129482099559575 -0.0974562366138205 0.433340513376372 0.407413632916161
-0.179528232171461 0.0853768514713291 0.334025149106964 0.0998626269386798
0.0196868456052047 0.182959937010264 0.150692128316976 0.122945217996514
0.173520789500059 0.0476700563064657 0.249137437398285 0.120873302139678
0.126046819853716 -0.0599027447590158 0.350453143827943 -0.0542080928528846
0.0730814842741558 -0.078609516333148 0.340023795790959 -0.267879850632413
0.0192598284442167 -0.0991159402039792 0.224404481503734 -0.374901707970156
0.00107125290251536 -0.110506757995903 0.147996382748849 -0.38310773422554
0.0662926553705957 -0.0947806173552104 0.236605912900557 -0.330412172049144
0.113483253025793 -0.0259419149342091 0.304012824665233 -0.133868610452612
0.105120868779162 0.0401084761269465 0.259632826189499 0.0684717461019324
0.0382932862150353 0.133444849228576 0.0990905709316545 0.184764128265438
-0.138153127573164 0.0800864556950577 -0.016334691847984 0.200628338291865
-0.173420693329555 -0.119612985948192 0.0556830606294942 0.149749767974892
-0.123657473180904 -0.204236075113246 0.272937796783127 0.258962774832317
0.0713910029360501 0.0296908909352882 0.442397467436074 0.399453787751487
0.0440745586850062 -0.00278401065671886 0.297409715166171 0.0865982116023892
0.0427192806629231 -0.0127599993282864 0.162288619987233 0.144195982333027
0.00392974784959959 -0.0567933836993958 0.276419868342752 0.120922796373353
-0.0426280397974715 -0.0326765553221374 0.36951604327013 -0.0906996367171999
-0.0499408093334737 0.0318563963677685 0.315326167138649 -0.304809026996606
-0.0480488754049171 0.05836157875081 0.2050508543305 -0.395044479350287
-0.0665914391709733 0.0445622868921107 0.155102061322427 -0.395522494047428
-0.0479939865073931 0.0329910095815736 0.238206117223823 -0.329833528725683
-0.0686621312299178 -0.000463348818656921 0.314875716724372 -0.14655670006089
-0.0443081078843535 -0.064377846407403 0.29009539871696 0.0600437244549382
0.00827374044121226 -0.0443487192043475 0.141341244252662 0.188921417072208
0.00158322194661883 -0.0213289409627665 0.0187812246107793 0.224747310986906
-0.000134819206750283 -0.0628884914444016 0.0535317049628578 0.179711955360698
0.0186704699491421 -0.0711329313105785 0.259726016322266 0.311761548057846
0.254009576072754 0.132220697330551 0.387468526748969 0.359259317260494
0.245528814389716 -0.0970399819258979 0.205672632673503 0.0702674324400467
0.0501985034760019 -0.209364267236891 0.124505760332935 0.173493635214147
-0.175236227087912 -0.15260105566239 0.264975363744979 0.150341454208173
-0.210035014165414 0.00288471887906257 0.36173116236098 -0.0771458291991978
-0.163524320040183 0.138042787047168 0.276115929460025 -0.28096372462383
-0.105151214783259 0.209788282587942 0.169740763544901 -0.348088383172404
-0.126292985938233 0.196638654179288 0.132722747124623 -0.342450880951841
-0.159099793888832 0.157915643110266 0.184950160696059 -0.290899723991299
-0.248854906298437 0.031995475195658 0.256382338907908 -0.160852971484667
-0.204260295112269 -0.159962721566858 0.267044675054844 0.00369196563334565
-0.0335371040947232 -0.234514414445914 0.187133741284524 0.121959949487117
0.156740998096154 -0.136502598802907 0.104582143512548 0.201227240735814
0.200256968314357 0.0113393302519416 0.0912242185976647 0.194554347908857
0.167753413267471 0.0971486504892191 0.22184973963813 0.304894755759563
0.37402080259253 0.213160322623875 0.274724463435297 0.287727875606337
0.395630615114487 -0.14254817309743 0.080115237238429 0.0532753245363941
0.0719473032016889 -0.352972174632814 0.0467085426690629 0.183199167643171
-0.306260791795022 -0.242874512622072 0.195016701497431 0.18086792490306
-0.351214641676167 0.0107408032303931 0.3019739175661 -0.0216026006306326
-0.263699987953569 0.20086991025077 0.211596668252626 -0.195178851413736
-0.15357382638677 0.318299514930517 0.120778333031349 -0.238990375036541
-0.169240193273825 0.318285191297113 0.0903130841760069 -0.232290991797855
-0.241304673228649 0.263652592976126 0.0922175083552594 -0.201728570624997
-0.387486910888271 0.0777633245797101 0.139461276705518 -0.152999546364747
-0.348986647930208 -0.206622247996574 0.176023468319318 -0.0644790735900518
-0.106158543256181 -0.39754174637162 0.184297500344926 0.00578814521662654
0.290954014256401 -0.266098131326053 0.177956809014627 0.108757427669269
0.399979259231316 0.0676405146249133 0.12948433133325 0.151003081047639
0.310916744534004 0.257260360887521 0.148137868782667 0.215021000648582
0.39488288256396 0.262312098586559 0.138072678213999 0.186047247512897
0.459052771894948 -0.115725139190567 -0.0332575273708762 0.0269483801241397
0.115241211542961 -0.39273250565508 -0.0299660497197509 0.151229359050961
-0.332741744907682 -0.307406263021938 0.0898937244456035 0.168479633075407
-0.417628588286525 -0.02062740537328 0.192902824606212 0.0341579215949927
-0.33439939643169 0.207189702029675 0.11824499373398 -0.0852413840290671
-0.184923994817149 0.36167260819769 0.0510884712631997 -0.100844263214504
-0.177999159642446 0.389761645219489 0.0289407525482991 -0.0897590064972491
-0.269281442168242 0.33944566840948 -0.0195557343885709 -0.0762010143477833
-0.443693650533811 0.134923111436225 -0.00845401179165354 -0.10942161747885
-0.445620407614797 -0.187713944917679 0.0393952639672168 -0.110554111225865
-0.204193543128769 -0.483725633096344 0.117244782429841 -0.106622280525375
0.347865327226113 -0.390244246534361 0.185679966197532 -0.0180327132002164
0.553249291323066 0.0673361410149463 0.115027348294698 0.0508475952611668
0.431798507475559 0.364518306500655 0.0348460233977997 0.0626234853179479
0.363149881224762 0.315425501975019 0.0199296385112381 0.0854300453910676
0.487322162140253 -0.0333124944242376 -0.10766696710414 -0.00445906246198111
0.186103535663071 -0.372528947407193 -0.0797198377568194 0.0843996884656286
-0.284254315674284 -0.357358361659028 -0.0115265704208767 0.110260770152149
-0.430997271177015 -0.0824991179171924 0.0576249433863098 0.0561676096843067
-0.374845081023894 0.162092216932169 0.00112592573730914 0.0119575665788573
-0.209294372152521 0.345760742860078 -0.0314207763518777 0.0364477598938198
-0.166982881975638 0.411373506353249 -0.0327220088736984 0.059039769759715
-0.25870364794244 0.376381274482505 -0.118209293130932 0.0696087777445003
-0.429502998327845 0.18163595083623 -0.146355564926912 -0.0305665627246133
-0.462826517996233 -0.123096885718183 -0.10272638495733 -0.107951467808175
-0.285133483620995 -0.468284179174629 0.0109877630142121 -0.165233867651752
0.317216175146813 -0.461656250172149 0.118917101298931 -0.1201432780943
0.604177350071092 0.0199388876468128 0.0259652217448263 -0.0652919518377427
0.499969158581568 0.398681407682237 -0.12221077994584 -0.12241385531665
0.282425654597803 0.320448864560815 -0.0756301106221384 -0.0323328715840977
0.443539279679436 0.038809680280505 -0.138026069634492 -0.0270763068151056
0.219021737960061 -0.297649240883572 -0.0635529509247233 0.00139289847752617
-0.196425161305372 -0.333269170470618 -0.0660393077816145 -0.00104931176929669
-0.363941141839278 -0.11697343949606 -0.0779758107876128 0.0152511437670901
-0.345194572690641 0.0966619218975103 -0.126600191414654 0.0692231579625298
-0.192380987862966 0.267903760164144 -0.118997726896972 0.146158711590646
-0.12163625451166 0.359183368024613 -0.0873501913695729 0.192164547691973
-0.193975085423011 0.350212850163396 -0.185875603051219 0.212112159202567
-0.331124046477217 0.195876650871429 -0.246752323998821 0.0762398307106547
-0.394310517019055 -0.031379142887809 -0.212647604717271 -0.0610680791893377
-0.317146746726436 -0.350091711552205 -0.0967746784813615 -0.158585325055679
0.203644450587988 -0.439773618798156 0.0110696922549845 -0.170638958279671
0.519109117710054 -0.0486174368842087 -0.100190979707008 -0.15660710018026
0.481832841581257 0.333925646628575 -0.288724845095978 -0.283742093969729
0.181574117892807 0.303060732898395 -0.153413538225894 -0.14851537912478
0.364455181816816 0.0877277305755072 -0.139722785583937 -0.0391362504638171
0.206085422477445 -0.210345320700352 -0.0133764246679944 -0.0785367993665776
-0.118058118056628 -0.255256384753265 -0.0796446635302214 -0.12489453277441
-0.257848672357411 -0.107745457934191 -0.181815792295618 -0.0502281804269496
-0.255933617377263 0.0412163003782538 -0.23776456164202 0.0891329904725191
-0.143654394286544 0.166130231492677 -0.193012075533593 0.220337256382911
-0.0610454653531901 0.252632027809608 -0.129513852477759 0.293245749415679
-0.112125783698388 0.267740041385652 -0.218433707816622 0.328748982746696
-0.206864770382464 0.16941599641224 -0.301522714065482 0.180226102642844
-0.274200800134294 0.0383540132042048 -0.281583839506653 0.00663077869165879
-0.281605059534955 -0.200487625155728 -0.177909166440275 -0.116009905853307
0.076656501411392 -0.342820079839899 -0.0897556176954515 -0.175464961451531
0.344028930171608 -0.0851724891219274 -0.209582686819411 -0.200159673644789
0.372031660393569 0.216675654936454 -0.425470441630704 -0.378735194973222
-0.130439070037007 -0.0940632133048454 0.439247662094303 0.392972809091612
-0.176440572305404 0.0898867513476377 0.332210391159642 0.0891983775060732
0.0242654136106083 0.180746166929623 0.152271832129465 0.118498094190955
0.173391158052351 0.0422626115754549 0.249247748509995 0.114089182144081
0.123822751833743 -0.0626994930716555 0.345921427609933 -0.0614590641588388
0.0703349103043649 -0.0802698155609192 0.33036991053162 -0.273878956647408
0.0163465550674037 -0.0981508642129277 0.214000294338519 -0.378137117108901
-0.00249426471572202 -0.108772448276868 0.137869463267478 -0.382713660292285
0.0625994534521726 -0.0954186861901112 0.225826841047823 -0.333440036360128
0.111518613773929 -0.0284989770413653 0.298177160341243 -0.139932357305842
0.105078726268908 0.036638452812229 0.258571164408552 0.0604323006917396
0.041417369981942 0.130662794359585 0.102001104428001 0.180519641018456
-0.134430333067017 0.0825716674627425 -0.0108499996086222 0.198480259863294
-0.175456403504475 -0.113613394340119 0.0590103376795142 0.146415956884599
-0.127649166492383 -0.198754218898622 0.276059756665584 0.248761009033808
0.0709871887633759 0.0272027711762647 0.447650296816283 0.384833659815874
0.0430352084941111 -0.00300160144348188 0.296303306294101 0.0770920055627342
0.0426037772422376 -0.013346998819311 0.163497535585812 0.139022322236335
0.00307124140088549 -0.0559635297001682 0.276460278108386 0.112942193247815
-0.0427858814134729 -0.0311949163198685 0.364100618818735 -0.0981531145377052
-0.0482655159072587 0.0325486458157213 0.305319127286979 -0.308777318305844
-0.0463864654722299 0.0593310980170508 0.192853486040003 -0.395426749683267
-0.0644773922982314 0.0463822768054399 0.142300222522798 -0.394858392482536
-0.0471584711531313 0.0339766681332036 0.22824394024698 -0.333265520994733
-0.0682660957425445 0.00123932989569413 0.306809064973529 -0.153854638050442
-0.0462435513267296 -0.0629151944020675 0.288986836184596 0.0521103480499403
0.00772280961017798 -0.0440102387110461 0.14421432685144 0.183438885116823
0.000719973100973126 -0.0207112813277589 0.0255137829933163 0.22215737806975
-0.00194192670201915 -0.0621467962980521 0.0575475299402302 0.176030833014005
0.0161949827411521 -0.0702362193731772 0.264576282497399 0.301766740757233
0.255335904235668 0.124961107863471 0.393870635119995 0.345552405993734
0.240319559944391 -0.101373337044725 0.204294633263626 0.063568802214521
0.0441950781302758 -0.207625466343514 0.127002363968957 0.168238148837068
-0.177779080749516 -0.1462694546362 0.265936059678808 0.141971281844335
-0.207257511661679 0.00841608235691295 0.35566617181708 -0.0850866290961959
-0.158052263235421 0.140852799163497 0.265641395762545 -0.28540447841484
-0.0983906693909222 0.210979672507091 0.159457726607415 -0.348871355705587
-0.119555891932324 0.198741187225043 0.122379188619278 -0.341869040115784
-0.154552812666876 0.160360714720508 0.176575758233443 -0.292348226499756
-0.246463296526829 0.0380335298371209 0.249913176196174 -0.166390284020446
-0.206711245075603 -0.152467642646628 0.26505910009066 -0.00372064807121128
-0.0384644652640188 -0.231263541493447 0.188246384598007 0.115918622565291
0.153028982270741 -0.138643977839328 0.108722969880621 0.196263760568335
0.199167853074264 0.00662058445128153 0.0951094419742268 0.18991487416456
0.169060891938473 0.0920993502944298 0.225922489937026 0.295424508816459
0.374331692864273 0.202575034238192 0.280179465785698 0.277959503206853
0.387255165713461 -0.151735016738915 0.0803909990852088 0.0489724521311001
0.0625891411256221 -0.349971828303926 0.050913075455053 0.179621720396964
-0.308935773158269 -0.233221325007495 0.198081930979628 0.174465229077196
-0.346035137822037 0.0192630369269935 0.297759575079033 -0.0290255641711359
-0.255519864087577 0.206170366387635 0.204082798518503 -0.198085982290333
-0.142956605199644 0.318160857079307 0.114084823814844 -0.239188550899791
-0.159083340366031 0.317797909846063 0.0819075323308098 -0.231226278358265
-0.233078745942552 0.268073943791787 0.0853999821367251 -0.201912056747957
-0.380718736711086 0.0865641292006679 0.13494126715215 -0.156167379711704
-0.351618595296979 -0.196453504172283 0.173709692523097 -0.0700407145997512
-0.112436016293769 -0.389835004410784 0.182516608546317 0.00209786090387937
0.281005136341219 -0.269617977172516 0.178951412646129 0.102904580429226
0.398836026699144 0.0570115328681191 0.131174268278012 0.145964389931361
0.311131105102247 0.248351816190359 0.153928878165292 0.209396343939363
0.397967480823379 0.250508944921575 0.140626504990581 0.180462922642598
0.451829395501073 -0.126812936508166 -0.0335173187637664 0.0264029540908201
0.103618981365371 -0.392249259227676 -0.0262685575939586 0.14992503245401
-0.336803713571223 -0.295228088653129 0.0929776317482677 0.16501786587154
-0.413502677198518 -0.0103939026991703 0.191259175981547 0.0281684432756775
-0.325159223887233 0.214511519936269 0.114987159352908 -0.086864458833789
-0.17231756561103 0.361360054442358 0.0483965412080165 -0.100367763300712
-0.166505935658511 0.388955969786698 0.0258831660243495 -0.0897303630360232
-0.258600254301882 0.342556997777656 -0.0208192895435664 -0.074452940501171
-0.435530800658887 0.145435081478713 -0.0109797646621494 -0.108619297345933
-0.445751992686315 -0.174365827711905 0.0361571196400667 -0.110619350623372
-0.213065910114032 -0.473156831670267 0.113872296130239 -0.109328882368921
0.335344392359638 -0.395317712343461 0.183345712400191 -0.022063044725305
0.549573488934456 0.0517566233271737 0.114342488537865 0.0476864852088722
0.435107459517533 0.35055629354803 0.0363624017634527 0.0610565030276662
0.368594950459583 0.303893462264402 0.0209333213636844 0.0834153349013205
0.481122542472523 -0.046631108361605 -0.106757210937915 -0.00303158640678861
0.175299644035645 -0.373869969788281 -0.0761442147883941 0.0849945583149583
-0.29235742204705 -0.344280177575861 -0.00920258489195903 0.110440311079057
-0.429332240039685 -0.0710682616935337 0.0556552903163067 0.0530562402341768
-0.368828671518247 0.170309504885504 0.00284537453920691 0.0122589043591794
-0.19794742824602 0.347009596990224 -0.0292366787495724 0.0364977347888429
-0.156220420473198 0.411196508817299 -0.0310569002112962 0.058789389218408
-0.245417610661451 0.380183613108419 -0.115183934464526 0.0713791477202484
-0.422375844169087 0.192255307279242 -0.146770195596312 -0.0261700115581053
-0.461053483335047 -0.108817435893299 -0.104269020548278 -0.105813949430932
-0.294023850494864 -0.454614254278061 0.00714382850352206 -0.165746293575984
0.304359746039732 -0.463913495826642 0.114584895723227 -0.12246119878829
0.598296470387857 0.00601377452309478 0.0253672218092529 -0.0658553600387373
0.505314963589314 0.382239522841935 -0.123676324419104 -0.117005800040265
0.287773075512476 0.311612521869756 -0.0756479502501034 -0.0310722549140645
0.440570403542944 0.02627183527243 -0.137798951110085 -0.0235398694765312
0.209781471399273 -0.300120065857028 -0.0623059152908302 0.0040721971171527
-0.20296825559088 -0.323786085114174 -0.0648898465819902 0.000229293025763043
-0.363441983377955 -0.10553110260271 -0.076320370864733 0.0163718579534933
-0.339357089001352 0.103493804427999 -0.123788165109401 0.0716239940955398
-0.184107511527685 0.270356191429462 -0.113660546925648 0.14880174528946
-0.110839707219426 0.357366840475814 -0.0813434343891703 0.192850401302802
-0.182933119598392 0.350441235005557 -0.178172558871704 0.215544816822779
-0.322381665584152 0.202967693847681 -0.242744024092522 0.0811904581021812
-0.391724066929759 -0.0208156586209188 -0.212478448264532 -0.0547320811165163
-0.322557167040136 -0.338975364866251 -0.0991776125294219 -0.155933079538334
0.191027273770843 -0.440668099099799 0.00656307867047932 -0.169033060515218
0.511144076732391 -0.0595272060507544 -0.102436485821959 -0.152645141748526
0.484183930271008 0.318277858873372 -0.292792455558249 -0.271030906431907
0.187649075011168 0.29707223115209 -0.154625209298991 -0.143434164437052
0.362926193906284 0.0753227825878874 -0.140205157189163 -0.0362751723225621
0.197696963925604 -0.213340548519182 -0.0143458355945505 -0.076776912612855
-0.122958300244503 -0.249414574258517 -0.0825917739647118 -0.121005074296367
-0.258447809750394 -0.0980472468686384 -0.182011767997597 -0.0480523191112181
-0.252860013216572 0.0491082464093905 -0.232641580677216 0.095041502078861
-0.138414704328483 0.168077782794631 -0.186061421242785 0.22112811284904
-0.0538659690358887 0.25128793633117 -0.122272883776858 0.293166072807821
-0.103851047450269 0.267586351667331 -0.205912833409954 0.330364685329678
-0.19988137248827 0.173098654817364 -0.294074422600528 0.185913436795131
-0.270354988256821 0.044984161326975 -0.277467361366408 0.0126574766637769
-0.283926550140838 -0.191147371913017 -0.177619419774313 -0.111273638463405
0.0678221848140981 -0.339577686306695 -0.0931637153322167 -0.172094491146406
0.337105669788356 -0.0928795032608711 -0.212048443228107 -0.192417962030676
0.374503800177484 0.206626772128837 -0.428990302677792 -0.363514949676222
-0.132109389995811 -0.090702296252761 0.445576436423507 0.378573976738576
-0.172103116189166 0.0943740175535498 0.330856053532267 0.0807338033321342
0.0289855980451631 0.179290554461681 0.152633678354873 0.113595930915411
0.173318604880502 0.037400826133215 0.249159897723826 0.10736119815968
0.120496917555087 -0.0652004146020504 0.341884608103075 -0.068440530410428
0.0681893044397314 -0.081083592248742 0.32164483317109 -0.279052222063731
0.0137271438849416 -0.0972461148732648 0.202542937248719 -0.379309290024128
-0.00493756967854961 -0.107408815691428 0.127539742391707 -0.383036543527098
0.0591781009624915 -0.0953835702376091 0.214902264924701 -0.336738066387994
0.109407909431107 -0.0311859175943216 0.291581837401904 -0.146261119519227
0.104445557299825 0.0334173385935984 0.257524859901874 0.0536001871899132
0.0447868657042719 0.128119524631299 0.10498300290273 0.177033923708737
-0.130959486631589 0.0854619616244181 -0.00566740332143486 0.196519702892157
-0.176471391988124 -0.108014086789757 0.0620734540640931 0.143330177147592
-0.13095160119977 -0.193766679988546 0.278219393943262 0.238677676668054
0.0702588594084133 0.0244407190973098 0.453196488961937 0.370048396529776
0.0421866829475509 -0.00337174043789717 0.293228513303379 0.0690368115207989
0.0421250614193243 -0.013940499735304 0.164693504134622 0.133627175064626
0.00162828350301827 -0.0555584560921577 0.275870295735093 0.105263357571424
-0.0429908878099755 -0.0295792001686747 0.358306371851968 -0.104994552105216
-0.0462209545778434 0.0333028428736655 0.294858821986787 -0.313667077345918
-0.0439027699875899 0.0600534197236467 0.181507630876822 -0.396707952418645
-0.0632205651569599 0.0483050456912514 0.131808003761187 -0.394538817442124
-0.0464247644286135 0.0348794810892808 0.217315224727179 -0.334822417306159
-0.0675799329348693 0.00268568616103531 0.30083531628418 -0.159867967425648
-0.0478134917762729 -0.061254110456362 0.288084741391969 0.0441050822585152
0.00711767700493784 -0.0439694821809659 0.147204901336961 0.177689319260046
0.000347236730372957 -0.0200590366149059 0.03084869809912 0.218714935914755
-0.0031289816411592 -0.0612867342478477 0.0607159066785784 0.172581093102179
0.0143264656304887 -0.0697345210076947 0.268477458541824 0.290650632370287
0.254817387669589 0.116900454026408 0.398172499959153 0.33172404742735
0.235196729466607 -0.105950919776106 0.202035536677559 0.0573193666270106
0.0397155483341717 -0.205815260813305 0.129376726645001 0.163739185090267
-0.17901583943502 -0.139777197977955 0.266219248259122 0.135495176994437
-0.205079104533194 0.013646080295547 0.34982241107335 -0.0932279520203396
-0.153101217261157 0.143681800298743 0.256176908886254 -0.28816635939891
-0.0912845210736409 0.211617161680615 0.150080111195256 -0.349196317348958
-0.113527625284507 0.199889454696205 0.1130985940074 -0.341896425895466
-0.149239369393934 0.162828382700956 0.167283056828247 -0.293803880126344
-0.243144255571216 0.0439936615956077 0.242961487213228 -0.171858029731658
-0.208651438490694 -0.146132043055889 0.262545980710007 -0.011293961177537
-0.0432927256615538 -0.227876224905482 0.188758992044261 0.109388127171824
0.14843101637059 -0.140170668510539 0.112905590790899 0.191503302609327
0.197533092882241 0.00178919767811621 0.0990730348615984 0.185084308779362
0.168634781531052 0.0869610566425439 0.231304631495633 0.286914040705603
0.375453420423826 0.190355775819818 0.282270518541063 0.269609020345471
0.38022676619185 -0.161076131746341 0.0798450192462728 0.0437546427234446
0.052865997077752 -0.349027869842766 0.0533637986290419 0.177607198082866
-0.310683180352952 -0.223044738750011 0.20044694203575 0.167942536670222
-0.342797905108788 0.0297396513940359 0.293964115996968 -0.0359092604425766
-0.248401381508081 0.21127601254672 0.197464309114277 -0.200860066575249
-0.132772464442493 0.318350792743019 0.107348973674787 -0.239623571165158
-0.149966954523176 0.319791239919324 0.0760137225518923 -0.231046322633201
-0.223107267947977 0.270217729859673 0.0799647439206603 -0.201916461100561
-0.373685856934245 0.09567839892847 0.129100922658063 -0.158537327330854
-0.352560515401593 -0.184937532355246 0.170461477856043 -0.0735183644364383
-0.122393640952971 -0.38350019386445 0.17991785859649 -0.00558230171674013
0.271257837156858 -0.273715680316565 0.178900574767339 0.0961657861150425
0.396802679527075 0.0466450438312211 0.133135937452613 0.139757207377215
0.313933727676259 0.236683943390261 0.154493049683182 0.203370494743317
0.399965128447242 0.239093307907417 0.144009988959842 0.174023279835825
0.444363530242701 -0.137238655152679 -0.0337636003568084 0.0267178650904976
0.0951681496491908 -0.389947445140903 -0.0228806760512594 0.148863577380036
-0.340369575470847 -0.283594796632097 0.0959283756057076 0.161394003163496
-0.409703208722569 -1.71091991934035E-05 0.188971963874096 0.0223303595282582
-0.316554424362864 0.219840037592361 0.111454820242102 -0.08782788402216
-0.162110369240861 0.360654053748626 0.0464391346566083 -0.0999980666178947
-0.154545728339288 0.388520404285697 0.0235972825972711 -0.0895339584149132
-0.246691834393635 0.344537218010959 -0.0216477282296378 -0.0728233783616322
-0.426768889325683 0.154154122459441 -0.0146131982970708 -0.107737899703626
-0.445305553185831 -0.16116310164213 0.0331938043792113 -0.11132545493514
-0.220531261431815 -0.462996211483419 0.109813403798416 -0.111856948033652
0.322916128795829 -0.398355531460308 0.181505742859317 -0.0261300552514076
0.544620659971462 0.0384745090073204 0.114031604412183 0.0444227189991724
0.43884614351902 0.335434224775065 0.0368539067269344 0.0600903196879102
0.371029325561861 0.293441899979745 0.0224524403809448 0.0818430678920009
0.475941785654696 -0.0574766140542953 -0.106904602407935 -0.00132753308470855
0.164284327108634 -0.373826799634446 -0.0749049225262508 0.0867230368257813
-0.297983412809401 -0.332917018413164 -0.00777732020090064 0.109445138080953
-0.426724660641254 -0.0590235776331357 0.0564481944765316 0.0494561411558075
-0.361167608026718 0.177551833090163 0.00153449251416493 0.0146233468540742
-0.188085069957769 0.347251205747278 -0.0277575918757668 0.0370697609133591
-0.142294307032372 0.409954684803589 -0.0296627799094671 0.0593190109069497
-0.23420358778056 0.381307118224407 -0.110618169532919 0.0742469085410797
-0.411733264091154 0.200239527445113 -0.147201650308103 -0.0231734044802333
-0.461531795580975 -0.0951318204493927 -0.105795762529096 -0.102313965427568
-0.3005336954062 -0.443463805450241 0.00303153390994256 -0.164468277283751
0.290666574160187 -0.464895382826846 0.111207578261107 -0.124398301909302
0.592534853672911 -0.0093441499461327 0.0221687804478099 -0.0660584907060959
0.506262131099497 0.366705975669854 -0.12492273776875 -0.11076610857431
0.293317533587056 0.301893236028152 -0.0756538357436376 -0.0303947282535497
0.437430089916891 0.0144970890163104 -0.137182271179445 -0.0204586249792437
0.200678809979655 -0.302290472093072 -0.0617250083769494 0.00510857113320592
-0.208301833586504 -0.314100689397667 -0.0641036016690041 0.00127839381800645
-0.362005657360942 -0.0946830922235477 -0.076545121489823 0.0165264868769463
-0.334272706143147 0.112200118838487 -0.121591527640591 0.0742768829629532
-0.175021432815675 0.271977170320419 -0.109000845978454 0.148731452991023
-0.100019667881226 0.355177238849621 -0.0768467073344207 0.192113433616531
-0.172126382639039 0.350822203877608 -0.170798826625566 0.217329051084765
-0.315666286382927 0.209098466822178 -0.238652338459095 0.0862414465351226
-0.386416777732079 -0.0106984155189972 -0.21140171003064 -0.0503156682577344
-0.327164659013801 -0.32682639847933 -0.101913616215101 -0.153857409504823
0.177717133160109 -0.439855716912313 0.00352388357071559 -0.167280739035914
0.504199941844508 -0.0704137305143001 -0.104119662657252 -0.148415301440792
0.485575962279932 0.305016973421035 -0.295524786581265 -0.258803212069532
0.193874615706056 0.28874991261205 -0.158412172670744 -0.139563273536215
0.358778780102622 0.0647243425896709 -0.138560951490365 -0.0327467625709211
0.191345158155424 -0.214667746673583 -0.0164855184982931 -0.0754736380064907
-0.128264327488599 -0.24332944520826 -0.0828980709894924 -0.117334083006205
-0.257490544402968 -0.0908990963922345 -0.182015903308116 -0.0449246042745956
-0.249107883153527 0.0545865264524026 -0.227987048914069 0.0972150636854908
-0.132820164604005 0.168888220725626 -0.178459335386207 0.224221776655491
-0.0463592405193933 0.249423529170601 -0.112256322699768 0.292123875741198
-0.0952424219011131 0.266251294549123 -0.19715861204162 0.332369867019556
-0.192623600381932 0.176310148199912 -0.287754868843576 0.190582853533659
-0.265868269131723 0.051162103937052 -0.274471063293106 0.0186436760756066
-0.285312231883645 -0.181017322268155 -0.178959844570937 -0.107352260543496
0.0594212231019606 -0.338158879087693 -0.0964751213996486 -0.167415265202344
0.33217009349673 -0.101068445754339 -0.214136382618559 -0.185101892218406
0.374558749241491 0.193764389454158 -0.43130519274203 -0.348029221727021
-0.132755628235336 -0.0871596434580268 0.449291164439396 0.366058615197894
-0.168342926093396 0.0982058940693417 0.328283217719735 0.0712433667622842
0.0329493948273543 0.176556353363398 0.153558487176973 0.109064642350526
0.172925909881302 0.0330538457952582 0.249000518421443 0.10135016793775
0.118034096174398 -0.0676924569677922 0.337637463145475 -0.0739805587735694
0.0657782628278163 -0.0819944518274836 0.312565255908164 -0.283058668020149
0.0114838829547137 -0.0963542514178045 0.192392439385874 -0.380166729421121
-0.0075384341877398 -0.105437570695109 0.11710543180619 -0.381489688013277
0.0560210964507659 -0.0960589140492109 0.205034416941598 -0.337310976216848
0.107350347916843 -0.0342797860148312 0.285102015384468 -0.152183211862165
0.104404563684237 0.0301480490254382 0.255596467851452 0.0473148040993757
0.0478507738141472 0.125281534015386 0.10761380453873 0.173504422026973
-0.12749286848805 0.0879962749794338 -0.00052581086906122 0.19462854664108
-0.177249696597147 -0.102224726359607 0.0646864686162278 0.139678445717298
-0.133119074978837 -0.188355655427396 0.279827904455852 0.22819390386252
0.0701718313548227 0.022551452215519 0.456992289641462 0.356380282645642
0.0416120686141601 -0.00422012220064279 0.290832428496994 0.0614866387542858
0.0416130198989434 -0.0140090664938475 0.165723352955138 0.128616350914163
0.00103373309060438 -0.0551921021538564 0.275102326237951 0.098699299934906
-0.0431781380093926 -0.0286032869620638 0.352166475716542 -0.11219779331358
-0.0448187911786178 0.0337919941523209 0.285269908281367 -0.316802605500549
-0.0421227043643317 0.0612224122162079 0.170517452264645 -0.39567035215851
-0.0612205359681733 0.0498776034364496 0.120878671663532 -0.392734105047529
-0.045805360315322 0.0361262410645119 0.207427164056821 -0.338419872064009
-0.0670732224207607 0.00386340273060554 0.293821600413619 -0.165895084572725
-0.048746329217866 -0.0599355681203048 0.285839753440699 0.0368968254338379
0.0064958466298919 -0.0435441945255882 0.149620543870693 0.17240556507387
0.00061061656936642 -0.0196790236093294 0.03602316395289 0.215788746092083
-0.0055781497019569 -0.0610185565605472 0.0645308676058826 0.168446463228785
0.0126546157609602 -0.0694405887630819 0.270700690548126 0.279796880343452
0.253805395593889 0.110449082221029 0.402087479181981 0.319834241827211
0.23085081641674 -0.110410543970495 0.200645956664052 0.0512124142957853
0.0345852331945721 -0.204847443241666 0.131784456293231 0.158995517131361
-0.180180721262155 -0.134388283950003 0.266710369571599 0.12819664358122
-0.203106402205458 0.01886081619582 0.343594761977913 -0.0993777089173171
-0.147688487126607 0.146161121645436 0.246194788370483 -0.289610584688865
-0.0858507894469742 0.211230164985733 0.140790236644109 -0.348312767010814
-0.107905181611002 0.20082584643724 0.103583419085183 -0.340650889226028
-0.144434111685737 0.164834727435286 0.159095058066789 -0.294370731101422
-0.239662639532291 0.0483220630278282 0.236005549066821 -0.176006311519358
-0.210689614568147 -0.139104546806401 0.259449242967 -0.0175383375303139
-0.0482069819806507 -0.224244553541735 0.18935339415605 0.103211674307314
0.143558012318857 -0.142092339289816 0.116069855989599 0.18705573891602
0.194677135044729 -0.00308590535825042 0.102168255465338 0.180673748703488
0.168818038971193 0.0825249172804843 0.234331345965185 0.27828214286057
0.37586101480209 0.181030501869862 0.287036365744767 0.259502377565903
0.372733304259 -0.167054078254287 0.0791274970671426 0.0425866458902151
0.0452350746750152 -0.345218589423951 0.0565350026336686 0.174127428199533
-0.313354937583444 -0.211930301011399 0.202637406254128 0.16197506496037
-0.337512806941875 0.0371855900424229 0.290673908947322 -0.0431879505870234
-0.240135508286903 0.214197315651124 0.190725594918331 -0.201744569495314
-0.124273521886578 0.317992740402941 0.101198914809597 -0.238136750792011
-0.139689886988665 0.319608196768828 0.0693636039535291 -0.230238481513426
-0.214604216401642 0.272515247439586 0.0750541115403379 -0.201611104987408
-0.368830536559715 0.101978770262382 0.123579469123706 -0.159966125054599
-0.353071323981341 -0.172794125329828 0.166900969348632 -0.0772264922315034
-0.127933423336756 -0.375616425631586 0.178901948577169 -0.00870826765665924
0.262796500543604 -0.276726875621445 0.180167950207377 0.0924758226937099
0.391318229751864 0.037096052314054 0.1354762691551 0.13586676288172
0.3151388519101 0.228434752121925 0.158579255947573 0.196941123849579
0.40048008734753 0.228001862608519 0.14599706187025 0.167764392154275
0.435231773110219 -0.145725991576537 -0.0342698222933696 0.0265246441107248
0.0855709736628903 -0.388186269678039 -0.0196574456415922 0.147378684315688
-0.342577017683691 -0.271623784727891 0.0984353778159913 0.157934177460111
-0.405092626267901 0.00933763505731955 0.187451939857071 0.017009794901881
-0.308583053668106 0.225789749973048 0.107987574438182 -0.0887462706042849
-0.152250484615242 0.36119324466001 0.0439082249179027 -0.0993119347533217
-0.143583289718405 0.389124606538335 0.0208754219296316 -0.0890496433138535
-0.237439175894228 0.346431793587912 -0.0228515730964487 -0.071021810140886
-0.418713047073025 0.162268659880765 -0.0174646771793995 -0.106308869660795
-0.443971657575181 -0.149641349134273 0.0302673600218296 -0.111622177843996
-0.228596803150428 -0.451327232261178 0.107033866689226 -0.1144673217021
0.310823703372864 -0.399887455677938 0.179118451137772 -0.0299835122872686
0.538902453166502 0.0251989451023606 0.113918968757369 0.0413743908199941
0.440104151273253 0.323194319547311 0.0380175232781349 0.0586729521063477
0.373888636059388 0.281993158936655 0.0240333961509541 0.0791754014691682
0.469420195012276 -0.0712090776332517 -0.107272115249074 0.00166654958316316
0.154205352177156 -0.373227570270379 -0.070911541578855 0.086719721330363
-0.301624005938638 -0.323414191260706 -0.00475280425770719 0.108081429319956
-0.424753012737638 -0.0476587432285594 0.0554036718212318 0.0468035156904718
-0.352270180718274 0.184140639603866 0.00159410570659337 0.0133076448034783
-0.178441691456644 0.347964417439194 -0.0264254202919066 0.0383328644803977
-0.132000762534759 0.409014745880367 -0.0272775230681017 0.0588587104239737
-0.221817013777936 0.384631475919874 -0.108806742348181 0.0760609837136837
-0.403206332397415 0.206518440722594 -0.146673575125007 -0.0201859941059029
-0.45902110547681 -0.0852821159431874 -0.107106125709187 -0.0989929607974547
-0.308853891412897 -0.430055650245133 0.000507010244671197 -0.164193102258676
0.275022631408204 -0.467953919553115 0.106922066562823 -0.125497219503153
0.585202382780048 -0.0215895692964589 0.0208126510160962 -0.0657697445643727
0.510023741761051 0.351009695727314 -0.126709125119536 -0.106252189200815
0.295604673908267 0.292735547854309 -0.0762825746480954 -0.0291941746549076
0.432601873990447 0.00345917621300401 -0.137027378625637 -0.0171211978649349
0.191409335496727 -0.303043080809283 -0.0604779840117636 0.00593393153185419
-0.213732403766539 -0.306330273002384 -0.0632939593369761 0.0031605596020834
-0.36057042252773 -0.0854207579919806 -0.0763147301498504 0.0169231810396259
-0.328417643148212 0.118390465869627 -0.118243346013636 0.0764750068765694
-0.167884419308668 0.272464999989736 -0.104061117617568 0.149569116322163
-0.0888600619569819 0.353906362289072 -0.0723073031373336 0.191249790244131
-0.159985400932678 0.34972304167734 -0.163685019536012 0.219744523486556
-0.304801052282309 0.21404723010619 -0.235702874013641 0.0901722975396734
-0.383924790052438 -0.00162362715465301 -0.21001939616962 -0.0469965908807787
-0.330891781536329 -0.313994915051417 -0.103889435885628 -0.150913816586607
0.167792181972573 -0.438821209397078 -0.000988346812028186 -0.165863534391191
0.496992214557869 -0.0804090789206281 -0.106192523628965 -0.143899815494579
0.486114801213712 0.289217768257145 -0.297692037892243 -0.24871278428505
0.198719647210067 0.281489913098289 -0.159779399632109 -0.135349349403789
0.35796423948932 0.0537953316059329 -0.139568476224262 -0.0274161716084512
0.183449491950179 -0.218323864094727 -0.0184915648231854 -0.0742232009247543
-0.133643825213956 -0.23607204320928 -0.084592034951185 -0.114796232201908
-0.25736394506237 -0.0822446176599551 -0.180469223280315 -0.0404569030243448
-0.244631014392559 0.0592623486212484 -0.224090348028229 0.104614140451423
-0.128502586536853 0.170943426784456 -0.171936450841294 0.225020029284047
-0.0401178164680911 0.246701417858021 -0.106162938409406 0.291011221997421
-0.0870044116895384 0.26477104846895 -0.185715988452078 0.334709669476095
-0.18739156467838 0.178780292049735 -0.279095962277838 0.196675650635904
-0.26057022943913 0.0579912333721798 -0.271307713722859 0.0238310995996988
-0.286063374005607 -0.171525322748402 -0.178086255083928 -0.103416609334489
0.050619188293971 -0.335716723060725 -0.0977568873192841 -0.162987935521919
0.326067762947364 -0.107425426641213 -0.215995729186107 -0.17736081837839
0.373434056434317 0.183817226162238 -0.43433503231647 -0.33230310280901
