TRXV5
3
4
4
9
string Extension=J
integer IsArchMeasurement=1
integer IsSpherical=1
string Generator=SPM
string GeneratorVersion=1.3.1 Dev
double ArchRadius=0.449999988079071
integer FrequencyAxisIndex=0
integer AzimuthAxisIndex=1
integer ElevationAxisIndex=2
Frequency
5 157 2280000000 2670000000 LIN
Azimuth
7 8 0 2.74889357189107 LIN
Elevation
7 15 -2.74889357189107 2.74889357189107 LIN
Polar H Real Part
13
Polar H Imaginary Part
14
Polar V Real Part
13
Polar V Imaginary Part
14
Polar H Magnitude (dB)
12 0xC0000002 0 1
Polar H Phase
7 0xC0000003 0 1
Polar V Magnitude (dB)
12 0xC0000002 2 3
Polar V Phase
7 0xC0000003 2 3
0.00149139664989012 -0.0237984034590819 0.0697643423369778 0.217776110615183
0.00486404022586143 -0.0162013854825495 -0.0804145881074336 0.302448018540038
0.0405955665768412 -0.00907562198761222 -0.275264747433214 0.246257294145589
0.0319410342745617 0.00458315583333987 -0.387161115254685 -0.0496396325386547
0.0223901115943147 0.0246149612683422 -0.153911345648727 -0.355222819374052
0.0236608137633623 0.0216606802384554 0.137298525273596 -0.321168486095248
0.0159734314886549 0.0044892459351666 0.198487610098541 -0.1745836872138
0.00925600871007027 -0.00529822601598729 0.115359473243484 -0.132730448943757
0.000485123796308092 -0.00704672559521213 -0.0107615366422359 -0.126812045581479
-0.00597810784251307 -0.00414319840420453 -0.0940806462786017 -0.0437593013131829
-0.00232649372364272 0.000647057257345122 -0.0273739502407971 0.0453203613072672
0.00466689261555755 -0.00706849907106553 0.0636371525825255 -0.0154965684347166
-0.00605649466691691 0.00336295862857118 0.0345297541348978 -0.0270155903893147
-0.0168838700067346 -0.00882437758341846 0.00904872574898977 0.0576467270433811
-0.00198381598291697 0.00351454445701355 0.0255584528256899 0.121509359003304
-0.0155358118081921 0.0557977266142716 0.0818546579762909 0.206916268746308
-0.0402422480505858 0.0353608011400872 -0.0713232533245133 0.287167747947392
-0.00925192940638326 -0.0106550720981745 -0.253909417309504 0.22406103977613
0.0302576026152773 -0.00905948656619776 -0.358297902026121 -0.0642033898065838
0.0152551460104076 0.055047861410991 -0.13065323158331 -0.331562429524272
-0.0393479377778529 0.0607324184890689 0.129902228800045 -0.295221597153753
-0.0553348910694317 0.0372509809622574 0.182719314220614 -0.163810145250224
-0.0319422973931045 0.0440863666862846 0.109148267251561 -0.12364273762359
0.0149054318860283 0.045756952870699 0.00117627109326662 -0.11744524955315
0.0300473982610727 0.000606374621090972 -0.0700947391935296 -0.0494448470123597
0.000686606511638771 -0.0250997174590108 -0.0190390899156161 0.0307827585507836
0.0103470130747751 -0.00569513239023813 0.0587560075209639 -0.0142072552547342
0.0437129745484421 0.0037798182264853 0.0262412045183891 -0.0156931890488367
0.0525698199817948 0.00533178668546104 -0.00422841565696181 0.0615532509579182
0.0506291940633072 0.0320786883063432 0.0174626921498957 0.122009968916349
-0.0163766855032807 0.120019750080402 0.108964784391863 0.155263239217506
-0.0494608293792988 0.0736607554746691 -0.0160679391498348 0.219735165822318
-0.0258306384115569 -0.00768382111348275 -0.166950298401368 0.164973584676492
0.0292425554223203 -0.0159919580835613 -0.249797534159317 -0.0686033445412922
0.00482286871791662 0.0576782553579685 -0.096831589099006 -0.233729900843004
-0.0768915144933964 0.0761968855758862 0.0663136645657409 -0.210186450142645
-0.10488323694424 0.0684329883763336 0.122537634497198 -0.13244656410513
-0.0690131220413122 0.0885420532491524 0.0881438289780601 -0.0971501711149883
0.0100418226346681 0.0883745565592993 0.0289422082377397 -0.0864945488334146
0.0423609109918202 0.0167899785555753 -0.0102644693295746 -0.0582736959260202
0.00315759596025417 -0.0284214525117208 -0.00230834091287137 0.00267863914563471
0.00708782391491245 -0.00386297628901214 0.0481855177700429 0.00018806559791791
0.0644333886280382 0.014203493551626 0.0106268890275257 0.00249535334276168
0.0940094145647715 0.0339015473077585 -0.0429007580473888 0.0623896330578587
0.0868553025083026 0.0680198601320496 -0.0214203026221956 0.11474997503135
0.00228423110070616 0.152199659743139 0.133387270763358 0.0822468588424002
-0.01627567907531 0.093427691904384 0.043134198137155 0.131749032899638
-0.00953722368879502 -0.00076708954328109 -0.0753754622704635 0.106195312302851
0.0276485282262318 -0.0203617132768225 -0.144996120688182 -0.0519070703453245
0.00371637444676874 0.0345876273240715 -0.0772649499212942 -0.122327084123568
-0.0720307343840595 0.0725851370649986 -0.00707617526151949 -0.116799159359201
-0.115060535725079 0.0940130980597385 0.0489987095461792 -0.0884190518756795
-0.0930969412475934 0.118656678953198 0.0545155432099234 -0.0570938663928635
-0.0204501338188704 0.112748146429344 0.0487314540361356 -0.0382428910559358
0.0224966197062126 0.0383634411162393 0.0447252464158612 -0.0416467962457695
0.0030179605467907 -0.0199810137695237 0.0269643359037024 -0.00116404692425914
0.00193719078902712 -0.00926318923198955 0.0431755561573416 0.0063498819301425
0.048817326070653 0.0234367870337112 -0.00460090780520312 -0.00467527008875234
0.0945707001315531 0.0708727526765384 -0.0866388683591107 0.0366862704546307
0.0919295928302301 0.110598491916695 -0.0716769055433568 0.0891747029568495
0.0376743749723463 0.150745757435308 0.135024278591249 0.00664396586645003
0.0353826149659652 0.0993818804360034 0.074286769481235 0.0485405227206988
0.00947060492158308 0.00759389478281439 -0.0206999240013396 0.0587276848828716
0.0205142651597709 -0.0228296956537913 -0.0800592171297823 -0.0337757726182862
0.0116987045406297 0.0106904287667507 -0.0636771028624379 -0.0400921793000906
-0.0400642378528563 0.0666559094247077 -0.0517064587756454 -0.036528182285582
-0.0915516823165316 0.112055440131751 -0.00768590280476582 -0.0335605693366561
-0.103998111414491 0.132649831740064 0.0124897576072933 -0.00751984019219373
-0.0641965370161258 0.115220056510622 0.0377799668792632 0.0182056732756019
-0.0153114470767949 0.0518987921814619 0.0678876597047099 0.00759100811978928
0.00486940592025723 -0.0107500865011685 0.0562418761975882 0.0280933894789691
0.00173561588104157 -0.023333696756831 0.0581190649815764 0.00635235488151402
0.0187378832254344 0.020863568504845 -0.000518478379892473 -0.0416765457052451
0.0622316686463016 0.101141283795028 -0.111839809816123 -0.0232441405564627
0.0695945807058808 0.14858222608748 -0.111700018907885 0.0356552100778303
0.0676875527004272 0.124021284470744 0.107617583157918 -0.0562469604398123
0.0786477949255159 0.0886061772244911 0.0725371832313586 -0.0166777364626885
0.0300433386181524 0.0137908179767427 -0.00664922719365751 0.0239020506450149
0.00902625058044331 -0.0187317064880207 -0.048992718222791 -0.0242275164505073
0.018621815080995 -0.00844453912812082 -0.0378045677529133 0.00826158046471679
0.00200181754158694 0.0572028450395069 -0.048631292738394 0.0279386144788934
-0.0508852656697616 0.116612178646651 -0.0324042234254071 0.0252001465757733
-0.0982097606408942 0.125001459732088 -0.029721587335553 0.0439764396599201
-0.101777618913621 0.0974497477472801 -0.0072693239533271 0.0752996475760193
-0.0539611968804679 0.0579999738804388 0.0482726218153261 0.0808266676683939
0.00401684867132025 -0.00236149698171616 0.0842387946065663 0.0893490866721369
0.000366094175746766 -0.0317810683991048 0.110486290148219 0.0110396955331718
-0.0206928718107965 0.014880619273698 0.0394930986192156 -0.097449885165188
0.0156653466937911 0.112966398648766 -0.0998526130012504 -0.107687045675652
0.0363768095570552 0.164661205097979 -0.129689262193287 -0.0395649655158606
0.0755042395297007 0.080743927962634 0.0580821411873689 -0.0972480929174974
0.100086479913182 0.0618286759362136 0.041874531100598 -0.0507928565819848
0.0475719837501819 0.0129728036210989 -0.0165992126168367 0.00689728012444023
0.00351122036392947 -0.010395066660699 -0.0440750153598275 -0.0182604001411314
0.0214816394849264 -0.0219449411294035 -0.00173280026771713 0.0138720170298863
0.0345096520389226 0.0369263025788417 -0.000320373108213367 0.0609554639489077
-0.0147463873910404 0.0987897998712392 -0.0243115710291177 0.080522595335773
-0.0790694990209502 0.0973017987315406 -0.0670781167046849 0.0875450317444979
-0.111171376837864 0.0684970231886833 -0.0788256835188356 0.124726231316955
-0.0779889489165114 0.0538610391305388 -0.0104928016131001 0.170579231676419
-0.00125672446556579 0.00672535459539657 0.116427978589328 0.181584602911302
-0.0122986102282042 -0.0349524650926216 0.206761428649911 0.023229394132168
-0.0626751090943006 0.0118605204549115 0.121751103071883 -0.164459493272346
-0.0247771696814234 0.103745651322727 -0.050049730034583 -0.203216028617651
0.00587971020158536 0.149918279728966 -0.124540739857664 -0.123052155132631
0.0526911619373233 0.0382198307769921 0.00945054887443923 -0.115441570328805
0.0764616098284159 0.0342326999131107 0.00319509277237059 -0.0575901003904542
0.0450996311757387 0.00655288062524995 -0.029852948955654 0.0103076307377815
-0.00134347762739071 -0.00108351608749322 -0.05917025627149 -0.0038298144827251
0.0136892694682997 -0.0204497168902938 0.0206683092936185 -0.013488111058159
0.0363950597507071 0.0157343933053694 0.0600885257123937 0.0569572392810498
0.00113830466265968 0.0623026068276127 -0.000208791759026899 0.117720916313238
-0.0486622695612277 0.0558836192566098 -0.0929363244896053 0.118638242828891
-0.0805545320451627 0.0311610411632203 -0.152540227257278 0.157806440086988
-0.0695537457474461 0.0308163495703951 -0.0869912060625518 0.264029318828355
-0.00971453364198356 0.00355735998456763 0.148778441735414 0.287948363300699
-0.0318250378981376 -0.0248829994990716 0.324678323657099 0.0349558943481269
-0.080625840592563 0.0127120589937076 0.22122996509206 -0.232201560980792
-0.0326020711975411 0.0731065124633866 0.0173920573984036 -0.290767997397115
-0.00702248310206409 0.0992675775154922 -0.105696877710939 -0.187822755766142
0.00153518437195188 -0.0240028796348427 0.0726362298336801 0.224018933252922
0.00389033998334563 -0.0172253684113349 -0.0777890340637629 0.312739275379387
0.0413811323716878 -0.00991429343302535 -0.277875709856182 0.25579523298772
0.032789984619627 0.00313997542994456 -0.400283052999863 -0.0451638444900997
0.0236514576297653 0.025129298621628 -0.162814224532217 -0.363506081935768
0.0243211610200909 0.0205103387544027 0.135034467948767 -0.331140302743965
0.0173616753428151 0.00276093238900914 0.198945535494924 -0.182673624832925
0.0100057064144986 -0.00585481855671538 0.116096430874313 -0.137688280729694
0.00118076153131272 -0.00575139563178392 -0.0128688739455994 -0.129995965553364
-0.00627398444779473 -0.00294540931615809 -0.0962023626042386 -0.0415651316239101
-0.00284944453326026 0.0010873624748899 -0.0265003192542259 0.0465509871635788
0.00460697584785654 -0.00592983677166956 0.0649257010652849 -0.0182340187816788
-0.0060486640378924 0.00371251212469557 0.0337949268841226 -0.0286459084324847
-0.0185655005728155 -0.00842880530384364 0.0103943240122833 0.0591887643432609
-0.00259420629915713 0.00319080432047967 0.0286567919259552 0.124130676312059
-0.0147958504113815 0.0590238657902333 0.0855710156488209 0.211197503984929
-0.0419446319774686 0.0379583535570029 -0.0696006427207643 0.296055910654069
-0.011493891892232 -0.00954307407432834 -0.257618637666987 0.232813665813484
0.030733110666265 -0.0110431268861288 -0.369873519715407 -0.0609571392099673
0.0161052372681268 0.0566110619416252 -0.139688214435127 -0.340400979059787
-0.0386755226502902 0.0634574582360086 0.128272416310694 -0.302809919672857
-0.0563863232745888 0.0406874729212232 0.183558532611546 -0.170388848614168
-0.0326674300625927 0.0455109695147397 0.109631457354825 -0.12901142263596
0.0169664112794922 0.0468689412563855 -0.000618531381716981 -0.118578287893303
0.0306448298213077 0.000214598263984263 -0.0716860270341113 -0.0481092648624707
0.000826948489059199 -0.0252130415009691 -0.018283399825037 0.0319703115678035
0.00948878071802711 -0.00558159989721028 0.0602150340059411 -0.0150963613477644
0.0452659248451317 0.0036731587970704 0.0265796289420124 -0.0156148416179279
0.0532672416743422 0.0048112876354063 -0.00223441337237141 0.0629767784643431
0.0528932697957036 0.0323189103580984 0.0206324421479793 0.124834343192329
-0.0181353468354789 0.12337840140183 0.113979345844366 0.159914268706387
-0.0501556402070216 0.0778434361038404 -0.0128399535009319 0.2252948761328
-0.0286635377230671 -0.00723002654770567 -0.168354359225386 0.171008535996499
0.029830592493498 -0.0171765368052092 -0.258964385637828 -0.0656737625936888
0.00664225457220662 0.0596546755079614 -0.103140663277221 -0.238756582158447
-0.0773876253132599 0.0800834555315529 0.0655410896431995 -0.216539859607741
-0.105663141022403 0.0730012321839281 0.122840033531263 -0.136434849836752
-0.0685439632750944 0.0907720650140988 0.0882369363718734 -0.102477211743772
0.012867276513794 0.0894249440879951 0.027765948671418 -0.0894242638864723
0.0433638101928607 0.0159555486331362 -0.0129457888513164 -0.0598311780644636
0.00183888602260265 -0.0293947838100527 -0.00132340200003254 0.00252873273721357
0.00839759297296768 -0.00308420977934829 0.048462128871505 -0.0012254849789396
0.0661244978201371 0.0140092686395267 0.010123389604442 0.00178322296934323
0.0965711368736927 0.0323884051693469 -0.0422764478640433 0.0641353216903056
0.0884958135385583 0.0684459157433997 -0.0197965836559354 0.118655969576405
0.00449433494759355 0.156803265626868 0.136996514344199 0.0838983897817932
-0.0162854639816547 0.0983067863992192 0.0465972823684488 0.135138278447549
-0.0116526093856536 0.000486550048663606 -0.075732660495441 0.10938250281431
0.0284349237522579 -0.0201032600158905 -0.149233258236163 -0.0509784064143328
0.00566271081377742 0.0375386515968795 -0.0821443303384677 -0.124993031339772
-0.0736824819148567 0.0774984483948391 -0.00853289499282745 -0.119422232751436
-0.115441742868149 0.0986040266796449 0.0500223168766784 -0.0905189621928591
-0.0934240898544757 0.123323328195185 0.0539257430801187 -0.0594501031478576
-0.0185448102834681 0.116070674453281 0.0488932641231105 -0.0412238866733198
0.0236059609706143 0.03767663051303 0.0441004833138454 -0.0436770631965184
0.00283016495133967 -0.0201091702505779 0.0276211761926087 -0.00165673272921567
0.00178140279833576 -0.00894978314906101 0.0442830186112126 0.00466034157388869
0.0523671164455188 0.0225142521437159 -0.00593398773362142 -0.00528962156562564
0.0974661801455119 0.07276546237117 -0.0884603749726733 0.038080986571629
0.0944248395865658 0.111782821005002 -0.0716878544145055 0.0905533639423534
0.0406666889612345 0.155635440016047 0.137326461705982 0.00522666820414146
0.0357460882336742 0.102603773763984 0.0774452005230729 0.0483591257171369
0.0101641369831801 0.00798216867179945 -0.0209807780646736 0.060409107715149
0.0204847267361785 -0.0228430871362059 -0.0827609029523974 -0.0348693416897739
0.0114664736639075 0.0118903693002993 -0.0663231259863297 -0.0404521276690366
-0.0396178320850573 0.0707890813937501 -0.0536761547034634 -0.0362203937757198
-0.0911824891453154 0.116502700885893 -0.00861992686774925 -0.0337895070711416
-0.104679334679472 0.136702872524701 0.012833685096083 -0.00855653876002467
-0.0636191296610522 0.117822746640294 0.0398970304799177 0.0177877437572295
-0.0138376389400076 0.0543397648343774 0.0694346795508473 0.0064840506041375
0.00443858338143402 -0.0109885134970034 0.0586372470505591 0.0272429193275261
0.00065510604684503 -0.0228534662075456 0.0611030278433908 0.00476316795148392
0.0191864792984214 0.0216535746762146 -0.00215946956215224 -0.0425555296861916
0.064182829494537 0.102243600804072 -0.115184040607005 -0.0216981746927407
0.0735338925420312 0.15216046344407 -0.113827107584504 0.0379546895888436
0.0697535297531462 0.126630066817761 0.109771858293071 -0.0596578639716999
0.0816258357966333 0.0896303012874646 0.0736914017821613 -0.0185072292387609
0.0305254629516434 0.0147086559770862 -0.00526839639719409 0.0242979924906868
0.00947465869230964 -0.0185002999327399 -0.0509705458877362 -0.0236753978003609
0.0197323308383444 -0.00740602223925046 -0.039561015655459 0.00829903115995084
0.00267303581094479 0.0579685155684044 -0.0491230356546356 0.0288271367486004
-0.0499685855611597 0.119123784986576 -0.0324582547871798 0.0273811966525219
-0.0983668042349636 0.128546332573019 -0.0298110816751365 0.0446953799962485
-0.101191567114143 0.102724124693647 -0.00628275912956259 0.0764963142715072
-0.0534437188244222 0.060773706634025 0.0505002519144313 0.0812735372411475
0.00542293541376953 -0.00114256720377259 0.0882581970149085 0.0900413053259109
-0.000810246352107214 -0.0326933335690919 0.114480231916594 0.00957062377740501
-0.0215409897307657 0.0173222626427866 0.0399525073838065 -0.100500237760289
0.0184163950087135 0.11555921155692 -0.104348099664432 -0.108427054276608
0.038251193831721 0.170485905677682 -0.133063712243246 -0.038519622045865
0.0777958505300579 0.0806238566900598 0.0591219567071764 -0.0994817663873006
0.102777395057388 0.062215506614768 0.0423567776681535 -0.0536673441438831
0.0493356878694252 0.0126138252679655 -0.0162965185547832 0.00646121342791912
0.00336905809726226 -0.00911182017255379 -0.0462666384454569 -0.0169916715444081
0.0225447068554188 -0.023110072711288 -0.000627113953108896 0.014096102307446
0.035300540369787 0.0375470549837564 0.000625019065346509 0.0621243605254128
-0.0132694868654866 0.102125914842462 -0.0234243892707674 0.0830981235189601
-0.0788922895817495 0.100782986748961 -0.0668190840149935 0.0913179479437991
-0.112524881704194 0.0730238115221941 -0.0783981740476386 0.127530060794972
-0.0779493775442731 0.0576930075920218 -0.0077719490727464 0.174902482071258
-0.000576073392611834 0.00830900555203383 0.12284225316449 0.184632125110993
-0.0137216956990372 -0.0330037475394256 0.212817661965284 0.0209131403621766
-0.0659660193732032 0.0142569649462435 0.121131488768121 -0.171480351019813
-0.0239468569308639 0.10760939593758 -0.0550549574440417 -0.207619234336536
0.00778649451328315 0.15403289406654 -0.128007493111535 -0.122325809056671
0.0540370604874951 0.0375455093418109 0.00749274792856319 -0.118611411823408
0.0787788380479394 0.0340327366374941 0.00283613323885139 -0.0578730241115662
0.0471573383949734 0.00542380179834674 -0.0307649420427459 0.0110867200899212
-0.000936032993249062 -0.00101696394844058 -0.0600836591160551 -0.00297457373237667
0.0145939117541423 -0.0234717684147736 0.0210852565225253 -0.0146448099637065
0.0373478234406325 0.0150426260796587 0.0623204455778895 0.0570102046738116
0.00226614833084144 0.0628936013837717 0.00161931080599314 0.120870649070571
-0.0486646220807747 0.0573837673167761 -0.0930697927713296 0.122066557356833
-0.0821169107994521 0.0341329567152193 -0.151814021428232 0.163514082620367
-0.0710295255831879 0.0340575983233062 -0.0835912266568611 0.27208674646614
-0.00829467646658324 0.00519871102336583 0.158178611150939 0.294251810441337
-0.0336497603683798 -0.0246473885432148 0.335040238235434 0.0302574645212935
-0.0819472545413908 0.0164037463414841 0.223024846907066 -0.242918008312922
-0.0325535652708047 0.0766822217373101 0.0149034556859108 -0.298135751695094
-0.00557733901641238 0.101992586981722 -0.110869654750189 -0.191991385810788
0.00317136968700554 -0.0215012633393116 0.0620563074180159 0.238003557052809
0.00467706183797423 -0.015052007779769 -0.10187821993871 0.318091621321655
0.0411448222124085 -0.00540329486711614 -0.306726925605686 0.246339346916547
0.0307175117217371 0.00437822544678165 -0.409872517404539 -0.0732341345742214
0.021389886889621 0.0220207660274905 -0.148984846490795 -0.384675446383598
0.0248535367561736 0.0209070261868198 0.15883708921405 -0.331630101302156
0.0164368661722027 0.00256702599205638 0.216302416986558 -0.175928489073309
0.00961015824805098 -0.00638486029149346 0.126936882311179 -0.134979850487167
0.00189973086133301 -0.00719166629991649 -0.00512775001211976 -0.134353382456087
-0.00809506380445743 -0.00286659410755146 -0.0973928001406759 -0.0487350283452891
-0.00306384932299521 0.00136945654600687 -0.0290740075769009 0.0480316009382669
0.0061251550836461 -0.00587400900912223 0.0671729938101845 -0.0133768050604043
-0.00689319319865891 0.00326587554534704 0.0364807732596926 -0.025995768845022
-0.016702927771617 -0.0104268709808762 0.00759297921891911 0.0610409601501318
-0.00230783963941957 0.0050006041535138 0.021195166078066 0.127021702110699
-0.019746806943487 0.0623487936962391 0.0755758552290456 0.226395190583822
-0.0463337773732751 0.0376306971934689 -0.0910795297491959 0.300491291503054
-0.0131080084010638 -0.00885474812673845 -0.282097700215681 0.2226465081917
0.0288973707170421 -0.0089456273565181 -0.377362429633785 -0.0878909379342283
0.0152112164938482 0.0560960949197144 -0.126569093814202 -0.358696616101422
-0.0425674777562847 0.0604625890697733 0.148474772388226 -0.304145011369743
-0.0591469800786329 0.0370927894298423 0.198612336066297 -0.164431835600916
-0.0368097027511647 0.0446196890001911 0.120965492827451 -0.127262504771485
0.0140658395034715 0.0474829811361158 0.00695680149266862 -0.124577810591472
0.0309168138327261 0.00122205383642199 -0.0725347040215382 -0.0547945481797471
0.000662439520862448 -0.0257718602508972 -0.0206139634177098 0.0321865076562133
0.0117171708157903 -0.00514185420065667 0.0627160217414142 -0.0120581652043569
0.0463243478722912 0.00582014297824545 0.0274195277969844 -0.0159656453275212
0.056078705501653 0.00839112512500343 -0.00680877549729389 0.062864062888442
0.0518169246434456 0.0379748753796822 0.0120630964327573 0.126925426623521
-0.0249035704500911 0.126736809053496 0.106936095370721 0.173618321832755
-0.05936671939253 0.0775007055462113 -0.0276208783155379 0.230105875023253
-0.0308554721125667 -0.00644728421194945 -0.185867757068183 0.165260081864469
0.0286299141766492 -0.0147985287142789 -0.261186886529531 -0.0870246005567612
0.00300591119492328 0.0617282348082694 -0.0939413348033651 -0.252223792289325
-0.0825808545615048 0.0774235864603293 0.0789464232987364 -0.218194934235773
-0.113786718991472 0.067498992172817 0.133634989716454 -0.133644312699933
-0.0756350665017348 0.0902109739454637 0.0972065219644146 -0.100390637115031
0.00787837391724759 0.0919785341168124 0.0342920471335658 -0.0913027668087129
0.0431109706127326 0.0175465569646365 -0.00947533942630295 -0.0632463808430255
0.0041924577556366 -0.0297145546505912 -0.000907031648805199 0.00350466818609295
0.00972863687327749 -0.00225340587070012 0.0501323618508925 0.00176872852190864
0.0668151607965414 0.0187951971288741 0.00948604499332305 0.00116711605933445
0.0969702693742498 0.0426441327568569 -0.0469409677670294 0.0613990616289806
0.0851976265935808 0.078501148954679 -0.0267017175059598 0.115750325057042
-0.00529779420401559 0.163737886187473 0.13727266211134 0.0946347303019011
-0.0229501345349031 0.100624069902215 0.0394465785021276 0.142836505237909
-0.0142462297549767 0.0019078008730272 -0.0867280119417487 0.108615641084072
0.0289391766339194 -0.0180149776656143 -0.151346690742558 -0.0630966303650319
0.00365218247613602 0.0377925731118112 -0.0781911269256117 -0.134714861368233
-0.0789314395260331 0.0749256181286169 -0.00255315524553371 -0.122227178181531
-0.125313783403782 0.0935635181789125 0.0545893875983737 -0.0904089256682789
-0.104305878805233 0.12102622375168 0.0599813424173226 -0.0590206420150253
-0.0250694270799268 0.117319267069666 0.0526373460613492 -0.0403063968722443
0.0222768836504089 0.0400615313751649 0.0482484997774111 -0.0426529459817718
0.00459203264435524 -0.0192427735713646 0.029352110241407 0.000990616116376954
0.0018090334429914 -0.00941724272773141 0.0448523742867118 0.0088026219747215
0.0515490223356316 0.0281582893945537 -0.00604003121776394 -0.0059623689212344
0.0937567984650064 0.0826020956855378 -0.0917546950652579 0.0313907511597982
0.0873364130200551 0.124826735473739 -0.0778712081403793 0.0860238570765589
0.0314145357360069 0.161555132069002 0.141613188349236 0.0130619523692191
0.0299206948599846 0.107722114456356 0.0781100416572292 0.0536209241644915
0.00890123087755557 0.0103573091159526 -0.0253482165154368 0.0601463389511121
0.0216416382779147 -0.0216385015004216 -0.0825933045455036 -0.0401651182685658
0.011978207774145 0.0133671460607109 -0.0673033025220254 -0.0455614376407047
-0.0447575155177579 0.0696568480051871 -0.0542176928674581 -0.0403719329206811
-0.100898664541037 0.113658208844262 -0.00696557573117461 -0.035246437240426
-0.115175866715457 0.134213399567434 0.0133951190450502 -0.00788237106698169
-0.0726766983660693 0.119180369294705 0.0410521087578051 0.0192087475528432
-0.015521726193819 0.0548769221878307 0.0702840487012987 0.0104512488861593
0.00804202235245712 -0.0110531229249342 0.0581823792280172 0.0327500479136321
0.00150634730404842 -0.0223929394236004 0.0620535047592028 0.00940490421129689
0.0169240817562759 0.024809605390679 0.000736819827042019 -0.0450438372164182
0.0576456431891864 0.113160520367753 -0.114480816138813 -0.0304700394905449
0.0623675859692745 0.162569954261402 -0.11654007971854 0.0266724269570829
0.063698473382479 0.132883250684646 0.117909016735601 -0.0545506852649813
0.0783047669465215 0.0977073888837858 0.0788259190883891 -0.0139809807502753
0.0303793947090366 0.0163101316082274 -0.00742575001109115 0.0244610818587765
0.011781151262308 -0.0186086136989457 -0.0510021489242841 -0.0284830777350845
0.0211647061692754 -0.00742101226956225 -0.040856180028198 0.00643035924683857
-0.000771662177701182 0.0598148480458669 -0.0523606340952353 0.027387409150272
-0.0575393909475016 0.119962359753976 -0.0358005181428245 0.0262223550121647
-0.108511474120092 0.127843812636733 -0.0331001089900301 0.0438323109468267
-0.110849843591872 0.100253517790098 -0.00991617135417051 0.077670223424548
-0.0582825672709815 0.0607115036842136 0.0469558273424922 0.0865365078520098
0.00713043994279566 -0.00017880885896508 0.0858637249980549 0.0980031743925241
0.00140908161163158 -0.0330273153553419 0.116168644707141 0.018563365398166
-0.0253272717746976 0.0157386487279399 0.0471355038515332 -0.100583749473187
0.00649150432271997 0.121758562707592 -0.0971297923976483 -0.117673631929984
0.0228430645521608 0.177965521577068 -0.130910614558012 -0.0517735480432026
0.0733193684652563 0.0862808981812574 0.0667452855477575 -0.101213236760294
0.100342143782017 0.0697430378309792 0.0485858075889865 -0.0532579063095267
0.0501452263537212 0.0167305388123802 -0.0164125997125914 0.0050754060668807
0.00415355937155982 -0.0106355549694918 -0.0465054148859116 -0.0210821466082545
0.0240931441994128 -0.022793307469991 -0.00250227470290686 0.0142784676810709
0.0337517656545923 0.040313707307327 -0.00305841249493256 0.0636559384828789
-0.0195113169721884 0.101907632591213 -0.0292371301158125 0.0841482517892457
-0.0867897306504625 0.0998294112214491 -0.0733112571589475 0.0893079468737458
-0.12136198958923 0.0697617833406484 -0.0869594635055376 0.127006290286374
-0.0835871326502081 0.0561712268707416 -0.0178957657220753 0.179888867749868
0.00187588932688965 0.010349965348481 0.115042067257363 0.198521885473702
-0.0120845432570174 -0.0352065093844806 0.217382275976103 0.0359716723806075
-0.0704056843622675 0.00839618989054612 0.137079394777859 -0.167428434738882
-0.0363281246436106 0.108948561239096 -0.0400187070682655 -0.216162223356712
-0.00747288950540139 0.158083690668807 -0.119404848529934 -0.136948194862051
0.0522229211619961 0.0410900322144125 0.0143345788427777 -0.122506291193169
0.078610641017228 0.0382534212842082 0.00722341986360777 -0.0607803292650761
0.0483883858115934 0.00923266018480447 -0.0311394830583329 0.00962509054560624
-0.000994068519633834 -0.00113652368428343 -0.0613927420137326 -0.00634702852273145
0.0160147148617763 -0.0226544464367888 0.0229823474258089 -0.0140384521998017
0.0384109772552432 0.0178488987264231 0.0620607814989349 0.0629532044830003
-0.00112417659544659 0.0633400204042685 -0.00494580084919628 0.125014007799547
-0.0536182633583539 0.0573817891821613 -0.103766214244833 0.121130105831846
-0.0872307197342738 0.0313821038643531 -0.166185238971088 0.160202327461064
-0.0741366335536523 0.0331372722492779 -0.102820375187515 0.27500740660355
-0.00658859244424774 0.0063876288277193 0.145114458617576 0.314001304508849
-0.0306054034397454 -0.0287717858860655 0.34098614545154 0.0543939636751703
-0.0872411037023915 0.0071323923716273 0.247700236161555 -0.232153579230031
-0.0414860475625001 0.075218321891377 0.0354050757730208 -0.303210483723746
-0.0162561235494683 0.102803626014209 -0.097369810291971 -0.20616584684505
0.00280151185165815 -0.0232019243802041 0.0718501170932774 0.24600785667283
0.00520495138424552 -0.0166767232274057 -0.0947376053126193 0.33400008262425
0.0421765835723869 -0.00749126366066441 -0.310273730775525 0.265635243041168
0.0321569253930442 0.00331201370289716 -0.428086410828124 -0.0623132594862702
0.0237097086899279 0.0222217597842819 -0.167371725201298 -0.395741228142034
0.0259929444677996 0.0195768045092664 0.153262701592427 -0.351318461797995
0.0175742445542471 0.00123269430385304 0.215748195317965 -0.190575601960179
0.0100093881899249 -0.00716266002702467 0.126304639146993 -0.14459956671771
0.00220206667999776 -0.00724740450848522 -0.00936067033344749 -0.138976395638454
-0.00825529160993613 -0.00324767370790647 -0.102598304574533 -0.0477250730107691
-0.0029932309319333 0.00210280039225786 -0.028315803973651 0.050483587447353
0.00591469024395114 -0.00704816161476948 0.0685721590698568 -0.0169403776636735
-0.00741410766256437 0.00238612240531789 0.0368493684738926 -0.0284800913293686
-0.016779319163371 -0.0098597534220015 0.010505866552723 0.0622778644131394
-0.00202774346757861 0.00548296080804489 0.0266482367483015 0.130334823509624
-0.0185676333124198 0.0640160049000179 0.0843714993148187 0.233440733405372
-0.0478135452887212 0.0413999052800679 -0.0860318972523224 0.315437671180116
-0.014619713541773 -0.0084954163656679 -0.286100276568653 0.242408816544676
0.028838495564537 -0.00988449334684164 -0.394683041409266 -0.0784574028548748
0.0174220771776651 0.0587722209935611 -0.144584500605218 -0.370028036147574
-0.0413519300171893 0.064421105719967 0.144320958559346 -0.321395072865508
-0.0607750636561058 0.04094634208609 0.199172016595471 -0.178286877970502
-0.0349276989294901 0.048055636249102 0.12007239219648 -0.136137872764489
0.0181634786358229 0.0480408937877632 0.00200758836510941 -0.129778305836539
0.0324045751893128 -0.000793907315613429 -0.0772990876567722 -0.0543020806520875
0.000619373433147329 -0.0272960260847952 -0.0194311404415367 0.0339010382228257
0.0104396456182127 -0.00562130775299418 0.0636277660502471 -0.0152542049299756
0.0487207821263044 0.00395178666242855 0.0271581421860172 -0.0172972535838844
0.0581621808798527 0.00735643592097199 -0.00330334732917457 0.0658749030614242
0.0553395304411828 0.0374274803219435 0.0170207457966364 0.130973187247386
-0.0236760366978732 0.134920881280652 0.11674273060288 0.177533901638034
-0.0586301689669391 0.0844417456815393 -0.022528247819761 0.240766011246498
-0.0335276115956095 -0.00541609317258357 -0.186563619630491 0.178348755664117
0.0288535775331843 -0.0168595793527228 -0.274872934279868 -0.0804069233240947
0.00665349359871529 0.0640648655689717 -0.105790362464598 -0.25993293261905
-0.0827634600008667 0.0836967424701769 0.0739810411700012 -0.22959799928363
-0.115152840937141 0.0752445805487762 0.135264521252363 -0.143537618107639
-0.0761160810230713 0.0953192806980414 0.0964970587179984 -0.107368427182032
0.0128826474166315 0.0949229632031082 0.0317106384415085 -0.0971142748289647
0.0452936585564472 0.0160375347838782 -0.0122073199863387 -0.0650342522400719
0.00215426851461055 -0.0314826356075813 -0.00183813779469877 0.00379900202684079
0.0107348616376726 -0.00113774574332546 0.0528246060746192 -0.000230441185760044
0.0713770162918571 0.0172405230916101 0.00880009455500242 0.00134412492416994
0.101709837079788 0.0407342461677575 -0.0460122699059863 0.0641962460514821
0.0897188342715092 0.0785644750083921 -0.0231968706251922 0.121336122640685
-0.000485112111091694 0.169918629001463 0.145601330317828 0.0950033237855189
-0.0215456835437917 0.107273946622388 0.0453245995684016 0.145158147163791
-0.0154009468521648 0.00264978183102843 -0.084713355285337 0.114538991064666
0.0285618793173263 -0.0202247913330203 -0.158444798215898 -0.0600992062805775
0.00591921934685174 0.0414960399633656 -0.0857419340020377 -0.136923520720129
-0.0777200725035224 0.0831142111944829 -0.00690068998626633 -0.127765611622015
-0.125233883800349 0.102438368875964 0.0536465328760297 -0.0946387949570821
-0.103081703598469 0.129067081666572 0.059447596102312 -0.0634880244457473
-0.0214195269385523 0.12108783615581 0.0535582750724975 -0.0450179420974286
0.0252980497345906 0.0400146721835013 0.0481107461288408 -0.0464010553868923
0.00566894777107564 -0.0211135749041541 0.029992214466944 -0.000463573094870146
0.00327057372986665 -0.00886341523213259 0.0473281932549836 0.00776401567091426
0.0550587616472143 0.0283501565421245 -0.00868367964054279 -0.0066106136898521
0.100029236229585 0.0828295829980891 -0.0934997720070921 0.0369015107942238
0.0937224999274251 0.126340852331934 -0.0770037004452603 0.091437625310438
0.0370883117595463 0.16673550057543 0.149089443741686 0.00796959956404308
0.0337584863773543 0.111143622993917 0.0827113787422713 0.0520834035258807
0.00946309817913655 0.0118872083140949 -0.0233288947868893 0.0637458479341889
0.0216893459756405 -0.0213870891715932 -0.0881051211535196 -0.0376063650489016
0.0133857156143212 0.0128404490233062 -0.071886966189074 -0.0465582510093584
-0.0432697523641367 0.0749360187038165 -0.0575289274699708 -0.0388490807561478
-0.100372126124888 0.122164512453436 -0.00820194904370932 -0.0357419613761784
-0.112926245980473 0.142861350539322 0.0141493191261723 -0.00916458176979371
-0.0688499966360512 0.12563858421203 0.0425364139045226 0.0171173472028401
-0.0139939950829944 0.0586841772983104 0.0728313233581039 0.00781493054257996
0.00753062488716452 -0.0108740737415136 0.0623055376218961 0.0323065471905664
0.00110702097522557 -0.0226922460983623 0.0652668132708898 0.00782635857738446
0.0183420872438519 0.0253619727978143 -0.00351352919403482 -0.0469965345931934
0.0629394781410836 0.114491146767738 -0.119627701668209 -0.0279469329767817
0.0693513625136184 0.167761244276445 -0.119479138486612 0.0321941339198721
0.0705071205994855 0.136162453050759 0.119846297121798 -0.0614499701714039
0.0835766838669023 0.100097267070916 0.0824568403941431 -0.0190242626440817
0.0333131519006621 0.0180612171940175 -0.00564349144022737 0.025603610454673
0.0112697571087694 -0.019207245795332 -0.0540795897575336 -0.0268934506972897
0.0217618161632112 -0.00875908952310532 -0.0434422116927039 0.00710226063030843
0.00278343039155113 0.0626539033364831 -0.0536088131041796 0.0304300743769874
-0.0551101806157118 0.125676266838424 -0.0359772434989762 0.0287910037242602
-0.106414237682346 0.134000931774474 -0.0322051117577628 0.0459775534564014
-0.110736002813528 0.108214428689895 -0.00677010436971903 0.0808227510774464
-0.057162439159819 0.0654183495872002 0.05075801250309 0.0876623567524438
0.00800949724245136 0.000430641026795674 0.0924041510654843 0.0995733424699044
-0.000740034077114773 -0.0335470811251409 0.122090997009798 0.0144007585020328
-0.0264876964571683 0.0183772918641251 0.0439412122465056 -0.106615112550451
0.0108784564597342 0.1258010268453 -0.105570959922367 -0.119152485355637
0.0295752579398255 0.184217359587813 -0.137666956696428 -0.0490686863435877
0.0798350305743586 0.0881930300990068 0.0661127927233423 -0.106520382506881
0.106688751737219 0.0697537937777328 0.0482306536153858 -0.0572206525290943
0.0534037971034699 0.0167075857404445 -0.0163544992732634 0.00657938410312601
0.00307544247787455 -0.0102051367390657 -0.048202482098731 -0.0192282437504535
0.0235168575237352 -0.02430823922978 -0.00155918035547434 0.0148055194251738
0.0377805775522946 0.0403484435494689 -0.00150117882018673 0.0663029524257217
-0.0173132355218393 0.107443753106183 -0.0272070273658677 0.0892975893765949
-0.0864284195472539 0.105815567024412 -0.0732448999538811 0.0952612263817111
-0.122987076040184 0.0767201285074118 -0.0851630138754593 0.13423999969128
-0.0838476548098425 0.0629321864228258 -0.0117704697063526 0.187427325289587
0.00236121268140449 0.0118889445407029 0.126301721060624 0.202907601816447
-0.0148985570565027 -0.0361797179774638 0.227325575936205 0.0308612100992252
-0.0735908128780937 0.0117511493968793 0.136407178079928 -0.17784548383502
-0.0343330676935903 0.116538151763579 -0.0492701924645112 -0.221990954732824
-0.00289431269018268 0.16472426675052 -0.12764870837891 -0.138646836618724
0.0546857636840246 0.040364225947774 0.0109847821085353 -0.127373773351074
0.0831064911224499 0.0374914994736413 0.00635780180356214 -0.0629727522659152
0.0490883520566422 0.00729798438266973 -0.0324012768545273 0.00970833212400077
-0.00125489340801693 -0.00172488104544524 -0.0640337822810456 -0.00307948862646835
0.0151927722762557 -0.0251017901694534 0.0234668659311518 -0.0149935612333226
0.0396577164104502 0.0173194983698862 0.0662671947346621 0.0620022912338036
0.00159863178438671 0.0664827637344074 -0.00159530951037071 0.129256511322978
-0.0536102833033207 0.0603233085180837 -0.101031198015396 0.12918068308566
-0.0892684530494943 0.0367513385889247 -0.166195480014183 0.172598514206554
-0.0747626595911011 0.0378225536702705 -0.0953946067092849 0.290660994472449
-0.0063828342840336 0.00756098675957959 0.162217386676184 0.320275945976421
-0.0336095657640983 -0.0274150573620446 0.357758420976171 0.045996900104588
-0.0910155002367056 0.012802053428165 0.248293013885924 -0.248925480575312
-0.0416656289070451 0.0797720407527699 0.0268596553139871 -0.315218866931468
-0.0148336173628659 0.107220903076224 -0.108024890643542 -0.209676106117018
0.00146813467374564 -0.0230453980913434 0.0839892755166101 0.249844577306298
0.00461968511998674 -0.0173814403615128 -0.0824210057810857 0.347840365456355
0.0432713247600721 -0.0091333239688144 -0.305370012528174 0.288105617659565
0.032340963512657 0.00101239406322563 -0.443338427987042 -0.041912676968034
0.0250863618447376 0.0213108877048045 -0.19193268421255 -0.398219913747276
0.0286886110364934 0.0177250122917541 0.13833735176277 -0.368083443035448
0.0188628113570086 0.000583175533289878 0.2106714239859 -0.206541445392878
0.0104416916259238 -0.00809935936530247 0.120813686080618 -0.154081461832852
0.00267801822917497 -0.00778319345976252 -0.0169487224035366 -0.14259274473195
-0.00863372209372527 -0.00337296469922461 -0.107386810386119 -0.0439078708054522
-0.00248655693750959 0.00127792183049683 -0.0261786922078472 0.0540099351448696
0.00517680734307884 -0.00622692831969967 0.0690007254179512 -0.0209963103927637
-0.00834279377946819 0.00326460012139553 0.0354772052019218 -0.0310130286566452
-0.0184497170075612 -0.00863815672956199 0.015042900470191 0.0637666450714876
-0.00129435322958875 0.0048368767127255 0.0339972008034444 0.13091178576411
-0.0167700813975193 0.0679351850432705 0.0984976643987615 0.235014902025813
-0.0471080344654773 0.0451284511102288 -0.0730284163785602 0.327718318671369
-0.016674410231262 -0.00685111833644947 -0.281683685176526 0.262341540257679
0.0281531775161591 -0.0117900969858204 -0.410562882717595 -0.0605911615404535
0.0211748665865832 0.0598251009723308 -0.167287562240345 -0.371185562257263
-0.0372404942477534 0.0689067470448794 0.129102889565797 -0.337863413757823
-0.0599646272350695 0.0444984790298752 0.193215399008215 -0.192393777276166
-0.0329624954292975 0.0507429422985514 0.114734369339161 -0.145472172642102
0.0205084460739824 0.0474267966149123 -0.00444007069274763 -0.132726952540814
0.0326785772064351 -0.00244363730494387 -0.0816055072289646 -0.0507203472088153
-0.00249288513924804 -0.0271213068973895 -0.0177505660607591 0.0365530998353303
0.0124748608149251 -0.00634111975353839 0.0648042385497592 -0.0184149706034199
0.0501525095719019 0.00120384965415523 0.0261635821273702 -0.0182028378876303
0.0604688408477288 0.00454424172720357 -0.00025868640836125 0.0671115865495957
0.0582832537584784 0.0355932186444084 0.0240631502317978 0.132215092075944
-0.0168015709926217 0.137981917353781 0.127878984209486 0.176167375320516
-0.0573867679942231 0.0884099327418966 -0.0101271156099407 0.246361189301859
-0.0356753271332923 -0.00188876100950476 -0.183176666007414 0.192316746123568
0.0289811137818589 -0.017890289941088 -0.287382763372593 -0.0685880269440625
0.0105858784059092 0.0672793450712788 -0.123184522101382 -0.260579670224356
-0.0798286266308406 0.0905147936387636 0.0635467404915576 -0.239200884784978
-0.11282162009596 0.0821175493195655 0.12923369790738 -0.15392275616878
-0.0721936853221647 0.101040853562026 0.0922767231723114 -0.115728678191252
0.0176948694197045 0.0946616608405099 0.0270029451788536 -0.100593274191624
0.0485513717188689 0.0127855447752587 -0.0162183154314242 -0.0651730572715043
0.000911728217287545 -0.0317558697769957 -0.000186046846979649 0.0034425923331676
0.0103810320675918 -0.00206635966133147 0.0528032314587589 -0.00297964418206673
0.0745591157702805 0.0143919059447443 0.00737929322386609 0.00221631286205082
0.106320070026126 0.0357158337212138 -0.0433596750888449 0.0691994897845346
0.0964936073306536 0.0754675081856062 -0.0182570751412174 0.124453574663289
0.00735602907788641 0.174287254785924 0.152981013689744 0.0898637405915111
-0.0185458838486557 0.110966057458331 0.0546088966265504 0.145320912604451
-0.0172747506145125 0.00489742912924797 -0.0811920057505747 0.122340210100478
0.0287744698760708 -0.0206678212024081 -0.167473608941698 -0.0538284154270231
0.00819313478953788 0.0425898210063756 -0.0959568859254998 -0.136369973089041
-0.0749197581180136 0.0897479583830112 -0.0154287521694818 -0.130521630655062
-0.12235045321341 0.112355978491366 0.0497383509376175 -0.0993420078547472
-0.0982350702125055 0.137175009493268 0.0568796104561735 -0.0675765383182608
-0.014222374723085 0.125149748612358 0.0517777750419809 -0.0507136175452282
0.0292154449949183 0.0390536432743184 0.046168429081785 -0.0499502627624736
0.00495150795584687 -0.0215440639221732 0.03178618136352 -0.00201560183882422
0.0030155983066029 -0.00846184396736897 0.0490571455603263 0.00430558701687295
0.0578385275367563 0.0264524222460393 -0.0096411511344175 -0.00546559584488713
0.106363195399003 0.0793048880535347 -0.0942501543250982 0.0419898020459086
0.102117364881093 0.12437583063854 -0.0732908707025344 0.0961037439143538
0.045658476645751 0.17007519473682 0.152033444302346 0.00223337691149652
0.0397673869916559 0.113784682501351 0.0870835205868174 0.0481037247935102
0.0101392560812721 0.012614605391371 -0.0203153859815642 0.0664761562009783
0.0214416211511282 -0.0222100464731205 -0.0913264186430531 -0.0354200810754073
0.0150527246192316 0.0132533567718531 -0.0764523759674932 -0.043828066525098
-0.039373671019029 0.07960539772989 -0.061663416790157 -0.0363883269828305
-0.0952515024679478 0.131648889046686 -0.0112032282876955 -0.0343972554767063
-0.10854036791055 0.151578100074917 0.0136181314164853 -0.0113962844730952
-0.0640578029141032 0.131011508119807 0.0446159599740821 0.0152370294255917
-0.00963749900035894 0.0599758343620257 0.0744560685092518 0.00270444348548265
0.00770533814048523 -0.0112853632777504 0.066071815535313 0.0307066546196349
0.000943665171915221 -0.0221079773820686 0.0675727939678959 0.00509012534818446
0.0206509015007214 0.0262921434397001 -0.00503289828335917 -0.0474142493770791
0.0703806206320823 0.115125202346369 -0.124149116613647 -0.0221883466622488
0.0781826034170271 0.167870227257501 -0.121297647712192 0.0388348209870691
0.0779240443906923 0.135854401988319 0.118696253311161 -0.0681132934541838
0.0900953012447795 0.098139396152279 0.083540473701167 -0.0236613148194636
0.0336543330389247 0.0173713453951094 -0.00477642126680364 0.0254244589870422
0.0105409874651473 -0.0186045434830116 -0.0569666746482268 -0.0240596991801943
0.0219529150380508 -0.00941166528737252 -0.0429842833663267 0.00814874808055779
0.00673082751542837 0.0631453035885537 -0.0533419180630073 0.0339444669351642
-0.0498689336802944 0.130884801721413 -0.0353856445714617 0.0329470867781059
-0.102233128310706 0.141736849794827 -0.0302388780114756 0.0474090696857906
-0.107297200394627 0.118234423533704 -0.00263333342741861 0.0816705767783073
-0.0523525329492933 0.0713584533238554 0.0566584508540293 0.0864825098797952
0.00899212276369716 0.000135799023831016 0.100714492226187 0.0974220657275616
-0.00206938038425715 -0.0337303267655601 0.126578541338273 0.00868241985006437
-0.0265383379135736 0.0217397234852448 0.0405436660618785 -0.112134280169438
0.0161806702205732 0.129909846266594 -0.114286357508576 -0.116347778068147
0.0386759949968127 0.187225466940471 -0.14128970659456 -0.0442909469659347
0.0853439181619487 0.0853837061242538 0.0620674595494767 -0.112426711079203
0.112673483119221 0.0656809480219386 0.0479593183433016 -0.0616545670902663
0.0554340364128367 0.0139604509727177 -0.0161003185409554 0.0062742063919941
0.00394234312496778 -0.0108827301473063 -0.0510974017401653 -0.0164952505805004
0.0235634417966566 -0.0264738516213144 0.000211755987783994 0.0151373269735228
0.0420331634658214 0.0389020076970798 0.00283588756479666 0.069120204450927
-0.0107257743606047 0.109403355725985 -0.0226481273124489 0.0922449607746339
-0.0824862149965548 0.11179165642822 -0.0687154488120721 0.100190140508464
-0.120157473893377 0.0858064039898367 -0.0791293718582772 0.141791731333811
-0.0800657223231 0.0699407827921303 -0.00300954179064498 0.190867745761581
0.00426729382733999 0.0122738135472925 0.140229281171208 0.200556550571245
-0.0187030793857558 -0.0348019120193967 0.235378242559075 0.0197490641277541
-0.0751261740996824 0.0165079044425798 0.130202101267475 -0.189458866527806
-0.03023337175877 0.12070185669592 -0.0605190631477266 -0.2237393390819
0.00403109607792737 0.170125890623201 -0.136804938062222 -0.135671453111525
0.0583994209554657 0.0371042125299358 0.0040880679177408 -0.13178563918291
0.0864033267123319 0.0333058338218495 0.00157014417604112 -0.064826559319932
0.0514269108215787 0.00576696416494876 -0.0323402732707083 0.012554460447417
-0.00154236198424587 -0.00133031314581196 -0.0660173153726586 0.00109282434709356
0.0150326102665541 -0.0256322832896475 0.0241215749417763 -0.0164894824608188
0.041972560283245 0.0149295971948971 0.0713916363377842 0.0609877188380397
0.00547696047109297 0.0672910037803852 0.00630766642118035 0.132745052528764
-0.0504735338979701 0.0637071357994707 -0.0968157048059658 0.136399462847083
-0.0884044010060579 0.042002296489056 -0.15893519727638 0.18544477997784
-0.073391243055423 0.0442960452468156 -0.0828754814256597 0.300131600787692
-0.00510606476227393 0.00815842637651001 0.18366263192714 0.319534780827245
-0.037729412251259 -0.0259762217543472 0.368538789190535 0.0292087862283094
-0.0929380204447019 0.0172272459817819 0.24362654114039 -0.267741475354244
-0.038965707962983 0.0843123211878331 0.0124255655387861 -0.323522532143374
-0.0101573607587352 0.110099679193004 -0.121607249420882 -0.210097713496868
-0.000612446392003721 -0.0235382632935485 0.0978400627926594 0.247752839445562
0.00376166225662649 -0.0180706668543812 -0.064123312404116 0.354130901962164
0.0432271761051673 -0.0116089841094706 -0.293026299200613 0.308686550329456
0.033076052413398 0.000218711348602872 -0.450251295323609 -0.0164865041228093
0.0271329832928112 0.0202514194279981 -0.219639836908454 -0.390491331804094
0.0288804599744138 0.0164802124340043 0.116245937736192 -0.379228170438937
0.0189383136938145 -0.00268752096022759 0.198278514475351 -0.220658146300759
0.00986459070192946 -0.00918660755215816 0.112256584501409 -0.162425075359217
0.0023321286767708 -0.00772265813185778 -0.0259686289507606 -0.142279973797808
-0.00914255717299573 -0.00155185572947347 -0.110372394043262 -0.0373924376449708
-0.00245323932409999 0.00167804764458936 -0.0228162522443468 0.0565777784301439
0.00581269022150503 -0.00632982725404418 0.0674032083502278 -0.0252495871260639
-0.00788448370414962 0.00352455927444158 0.0330922395116994 -0.0327614075714719
-0.0175029599484227 -0.00766729627771509 0.0186741716885712 0.0625359149091999
-0.000464939334952292 0.00586643347776406 0.0425350940233898 0.129988746701827
-0.0133190994057448 0.0694433027224769 0.11194625060105 0.233300718928281
-0.0464170173884112 0.048296546047164 -0.0546840823160234 0.33383228858284
-0.0175772657909086 -0.00534087738898895 -0.270308974149445 0.281463687242282
0.0285556920676021 -0.0136018316464307 -0.41880955193313 -0.0358596566958663
0.0252409534198504 0.0606719857054334 -0.191406647600336 -0.365770218945001
-0.0339535913556493 0.0722483660155791 0.110287838723308 -0.348160100547246
-0.05802991525873 0.0491155976838122 0.18301888319786 -0.205455318497897
-0.031204698955797 0.0527242085440411 0.105790973668752 -0.154212962502918
0.0248581109981151 0.0471238702455578 -0.0129517888955496 -0.133465682256002
0.0332456545610365 -0.0056071051394566 -0.0850720655384433 -0.0457241882161229
-0.00346900744888414 -0.0283309986653736 -0.0160096795655676 0.0368559284412004
0.0122571591536057 -0.00657222851227012 0.0621653508929092 -0.022929927791608
0.0505895530999467 -0.00173353397815667 0.0238354306206972 -0.019472792030778
0.061823265484022 0.000671565921917229 0.00494549284878991 0.0677050048640604
0.0602178211548509 0.0319669992339477 0.0324141822200092 0.131115938701597
-0.00951009403656488 0.141367311249432 0.138953658917691 0.170610683668757
-0.0545217545178235 0.0946190146373438 0.00277941660030824 0.248633709186071
-0.0377626416809662 0.000762942754813584 -0.17387632033454 0.204418017986437
0.0277078096556443 -0.0182772826762991 -0.294508782476328 -0.0528312692326872
0.0149484680124745 0.0676811777583573 -0.140271472460261 -0.257202073775776
-0.0727775661286459 0.099234113228345 0.0498946886628396 -0.244278818162571
-0.108450727915443 0.0910742171457944 0.120500584709447 -0.162182865849589
-0.0661568089443649 0.10642736930601 0.0852657058440196 -0.12240401392105
0.025447697484218 0.0938880290158052 0.0212916006673894 -0.10444237808067
0.0494070836168284 0.00976790700969334 -0.0200489311857209 -0.0647819924850379
-0.000361955717266355 -0.0318790718018166 0.000557682158107398 0.00373617796273839
0.0106323498359414 -0.00291785831675526 0.0535167109335136 -0.0061702286423302
0.0754201344883245 0.00980013036964226 0.00603678870226687 0.00120169417485077
0.109375058477867 0.0294258350734963 -0.039173313477362 0.0710643766887045
0.100291608097145 0.0707924793005134 -0.0110828041572185 0.12644843756901
0.0160182136286217 0.176471970407217 0.158897826349424 0.0817108093266053
-0.0135092999306256 0.11412945611391 0.0640164197438638 0.142231288836573
-0.0184716223346781 0.00609994834251158 -0.0736842845230025 0.127671835008342
0.0277884962911995 -0.0222775493104023 -0.172108990683182 -0.04474248030122
0.0112349028626019 0.0429177319353296 -0.104962670962246 -0.132318798882066
-0.0694175744245988 0.0954702430841261 -0.0233096428762174 -0.129815714986896
-0.117046015615273 0.12093408544539 0.0444959250167854 -0.103252731737491
-0.0900441618955327 0.1438071325554 0.0533325328817875 -0.0727834089448314
-0.00635797188554241 0.126143930043828 0.0495661705496181 -0.0533478277739037
0.0322795696679953 0.0373504608334677 0.0442390494837175 -0.0532200455972446
0.00409547413778713 -0.0222270637894359 0.0326440036869302 -0.00460760745633094
0.00262238220378739 -0.00802822748297732 0.0503242912278963 0.0013768433676329
0.0597410366687576 0.0240757776730848 -0.0111424343510689 -0.00532941146290439
0.11229318456885 0.0746653514216385 -0.0914397979262022 0.0484100132262056
0.108241084121663 0.120173436763173 -0.0695172701752351 0.101312747660303
0.055779724798145 0.170026032786491 0.153054452351095 -0.0077172390099281
0.0455014736197092 0.112910145260022 0.0920773505102683 0.0423727353222265
0.00945392596603391 0.0137922957764632 -0.0163025375205215 0.0675266466432283
0.0205614228185285 -0.0236218074176547 -0.0948591721518102 -0.0297295737503024
0.0157948407885136 0.0141478068359746 -0.0801308910304591 -0.0393939303050832
-0.0340747664719631 0.0830629314075257 -0.0639782415532151 -0.0340574122765676
-0.0897093615318755 0.138349233475691 -0.0134343516724766 -0.034900858341591
-0.100525423472771 0.158826408350573 0.0131190298285054 -0.0109925569558338
-0.0548581033820611 0.135875583501868 0.0464145390898202 0.0112320725581941
-0.00659480529433377 0.0617767287940558 0.0745787263842719 -0.000751143524482905
0.0084504992995514 -0.0111244001371446 0.0692725627097293 0.027030964018586
-0.000102320952173651 -0.0226843225076301 0.0694137796511769 0.000977346644989168
0.0206743253551074 0.0265095524471949 -0.00876146721485922 -0.0485627815353008
0.0770265929105277 0.112171472713225 -0.127128215101171 -0.0152066069782724
0.0863615400286916 0.166613501647395 -0.118396595473259 0.0455513151462347
0.0858852461172012 0.13325047172919 0.115633244667418 -0.0763863456535805
0.0965015331492057 0.0942756059352627 0.0836465590543906 -0.0304248097155777
0.0353998770261938 0.0162630336581738 -0.00227253501631401 0.0257483334147225
0.00957531790842958 -0.0196565678591839 -0.0580392233006324 -0.0218476860972475
0.0214589928207059 -0.0112063908425709 -0.0435647222481969 0.0113049451191826
0.0106817885706859 0.0639441373256702 -0.0521001884897601 0.0389942581188576
-0.0429408528477645 0.13631586096379 -0.0330965382870286 0.0353061578418369
-0.0945944309041864 0.149456885549918 -0.0272265678508137 0.0497712276686095
-0.101300720719113 0.124084610951692 0.00272180133190155 0.0805157610351431
-0.0477386071974675 0.0747271053312771 0.0619459506660681 0.0829305062413863
0.0102748406187257 0.000826439556230388 0.107083906589519 0.0930832705503338
-0.00426913606370764 -0.0322526763471923 0.128488202623353 0.00123267660133464
-0.0259715628329276 0.0240681575098266 0.0334430313927065 -0.115994742124499
0.0232550698103827 0.130512257729942 -0.121565105548362 -0.110872005879811
0.0487703135505335 0.187970647300114 -0.14509492343735 -0.0374459478908739
0.0898838561730231 0.0824924163629488 0.0554601547238967 -0.11797847813929
0.117220018031078 0.0601337866337624 0.0449369168344455 -0.0662354669156463
0.0572015802291535 0.0118086814380608 -0.0138019770314398 0.00777294870988026
0.00322178583546573 -0.0111722836155862 -0.0513386707819174 -0.0131300241947604
0.0216178542759766 -0.0286030208680946 0.000880548544984228 0.0140586485106772
0.0434303248173444 0.0366670496619932 0.00668372079989707 0.069761414132244
-0.00418188826019515 0.110544775646987 -0.0170777403068058 0.0950440178524401
-0.0765512326137377 0.117248357587987 -0.0631199375257436 0.10536681658498
-0.116238741686894 0.0934839529050219 -0.0703159541219712 0.147071809202609
-0.0769640209527034 0.076172257146769 0.00750963865888514 0.192404905073109
0.00538210702836005 0.0131666741075522 0.155130224926087 0.19613483438769
-0.0206079891196732 -0.0335282564767158 0.239248194580077 0.00625995978449246
-0.0763495961330432 0.0241052423140198 0.12104017594456 -0.198453011433358
-0.0246885651153733 0.12533545372526 -0.073510455228064 -0.22280683772597
0.0134777561421173 0.17086225962538 -0.14613177211389 -0.130259437891346
0.0607260337273675 0.0347219349425046 -0.00302629517784637 -0.131596981062084
0.0884490310131219 0.0283889432583959 -0.00107005572161807 -0.0662818074216727
0.0540565855040828 0.00265537419163699 -0.0314806619182406 0.0141221066905503
-0.00118348535998933 -0.00156949638574968 -0.0652939046276231 0.00624707672253882
0.0123268499014824 -0.0269823180427439 0.0224416379366847 -0.0186580949461732
0.0419013056289726 0.012342776993558 0.0753609153163833 0.0572711445576118
0.00902200817373458 0.0662201665321619 0.0148740703377902 0.133925419763913
-0.0482920674336496 0.0672633064030643 -0.0885397587948318 0.143222327262736
-0.0877504706741532 0.0488710363685594 -0.147703781026771 0.194817294127127
-0.0712038188585061 0.0503788957862101 -0.0655106632198828 0.307816001744798
-0.0046833715316306 0.00985850010079641 0.205183363226043 0.31334917167642
-0.0398577431079419 -0.0235332654546698 0.374249688092214 0.00897116245260252
-0.0939536327367244 0.0243569865591989 0.229295727366 -0.283903403045499
-0.0355116606758229 0.0885835607860632 -0.00626539950824294 -0.32652486031365
-0.00511483891706707 0.111922354808479 -0.133853528027236 -0.205213591014054
-0.00472546832655735 -0.0217218343388136 0.134478451582809 0.23161639325143
0.00109145459103447 -0.0194633918995029 -0.0109035588476682 0.359503041274746
0.0413570917787632 -0.0174254156782778 -0.242057701621486 0.346004476301101
0.0322913292130026 -0.00342519828928323 -0.446566829506278 0.0510761036083062
0.0269725378813093 0.0162505686084061 -0.276296437043925 -0.349656303465724
0.0290794613780496 0.00932427465851062 0.056681066757394 -0.387163067476653
0.0159066156252168 -0.00541119736047507 0.161092116581861 -0.244549109982147
0.00830698186657869 -0.00955818966358469 0.0849470093860251 -0.176254493086472
0.00129515292944606 -0.00772868113526312 -0.0465750041459698 -0.135172742502042
-0.0087840684920783 -0.00165606843175989 -0.113677738404777 -0.0199399336486121
-0.00201512504736433 0.00353463414006468 -0.0130523885532573 0.0583278109787072
0.00441248129728352 -0.00773690280685232 0.0616831426345821 -0.0347552802073865
-0.0072702519110801 0.00499952208494561 0.0275533128777069 -0.036653012531066
-0.0178496020994664 -0.00443677592381002 0.0276769807210767 0.0578931149034838
0.000891109443712891 0.00607161229528728 0.0602010512440797 0.120956433531121
-0.00527927589517288 0.0709602594618468 0.145686354318361 0.213781963473482
-0.0382949759154547 0.0533370359454885 -0.00423790189422402 0.336918074564177
-0.0184303705687516 -0.00228269343623594 -0.223847404116368 0.317947120923386
0.0258367519979255 -0.0153683368181439 -0.416967713688102 0.0267439576032118
0.0339069081861306 0.0557723487116863 -0.245795288131639 -0.329270283430886
-0.024415866749626 0.0733137437842996 0.0545199248576568 -0.355746039866424
-0.0499927805696817 0.0559668864008611 0.147479963081404 -0.228143316886164
-0.0221839213946066 0.0576328058777162 0.0806315744276281 -0.166710839573806
0.0306684270641019 0.0418140471208819 -0.0327442446647878 -0.129292799280014
0.0308351260781335 -0.0110686767099354 -0.0906422208857895 -0.0330925568489856
-0.0072541981127937 -0.0262395613239418 -0.00981469047493396 0.0386132216837051
0.0117094435118107 -0.00921731076933855 0.0581125211228066 -0.0319897937494021
0.049292179337698 -0.00973159206996144 0.0194078849153254 -0.022945214181778
0.0607868097869966 -0.00718738719957096 0.0145567649134487 0.0646176027105229
0.0633910424151897 0.0247779688435964 0.0510932525791388 0.122037287416752
0.00745903753704845 0.141916306571409 0.163172562375544 0.146093347826649
-0.0404660924092344 0.100522102595655 0.0398495893207734 0.24363358137278
-0.0378658155454995 0.00732209581443989 -0.140470324383814 0.22746455900757
0.0246058633545595 -0.0203281099119274 -0.298007021602674 -0.00718599867740989
0.0252209369236808 0.0645425276563042 -0.179473976933291 -0.229599522388905
-0.058357761192914 0.106875578572789 0.010624489673874 -0.245772791353676
-0.0938494611934905 0.10510042659239 0.0926866545762611 -0.17580080398525
-0.0487846201453635 0.113228315293351 0.0640071659485387 -0.133036088014331
0.0383764847448311 0.085745489759639 0.00515253570921874 -0.105759191330392
0.0490974709633872 0.00096316871268672 -0.0304151154764458 -0.0604336221284336
-0.0048880080022438 -0.0323363528684517 0.000314612196397792 0.00375267383380376
0.0103366898108487 -0.00418027018745919 0.0505827332880845 -0.0154070828947248
0.0762934395581019 -0.00213244217767265 0.0053671693390779 -0.000243211574213797
0.111659850906376 0.0150656926329238 -0.0278241893887137 0.0743650814493458
0.107021058349033 0.0577630155430861 0.00811563432534867 0.122735858039082
0.0376330633121231 0.171835197809196 0.169677567345863 0.0569414233843743
0.0027024130222227 0.114764419013529 0.0828518447784407 0.129974993923983
-0.0180931636330061 0.010768286379262 -0.0532762697128286 0.136997428421296
0.0235977196777631 -0.0241038622116199 -0.175702204874252 -0.0182891883153267
0.0176541683008615 0.0419573753289712 -0.124460107393676 -0.113249525064038
-0.0541067840892389 0.104594231653021 -0.0421091694541892 -0.123448982862602
-0.0960529394914381 0.136279006462267 0.027380770965388 -0.107140577273944
-0.0683121406849406 0.153799535259223 0.0400907374955592 -0.0786284697546278
0.0141468053609171 0.122573151922513 0.0392017060043926 -0.0612932087955922
0.036592597366385 0.0313216485676889 0.0348143296612951 -0.0578969938284407
0.00151224586652639 -0.0220066159464505 0.0305507828043986 -0.00924263340431907
0.00280482693962114 -0.00755447731637258 0.0486207623626539 -0.00579969976740855
0.0619908346017721 0.0158433628229938 -0.0130499705074499 -0.00395653529579667
0.11912646292912 0.0591726443960315 -0.0826399964703999 0.0587904994651049
0.121215705239062 0.104117731502228 -0.0515314779623831 0.106065029110902
0.0751609214762731 0.160862156379246 0.150325991162306 -0.0307374162011955
0.0609738195400029 0.105244082061246 0.0970927388825225 0.027962015332794
0.011305722616537 0.0126465322159957 -0.00584148775035197 0.0695759934855884
0.0168573463758697 -0.0243399862847166 -0.0982650123996681 -0.0162926091327254
0.0177930543032088 0.0112366169857081 -0.0850232949454238 -0.0274026464727935
-0.0215979936654947 0.0872401246458018 -0.0671853602264532 -0.0220835734276521
-0.0655927516716425 0.147531049491413 -0.0197688596819333 -0.0313035938273659
-0.0748310967529314 0.169869763982838 0.0112651352042237 -0.0129421745818362
-0.0328992036369323 0.140342959245588 0.0465733168321776 0.00256838375482489
0.00437123094168236 0.0607996010210096 0.0729721402614937 -0.0127299476856994
0.00737122438331846 -0.0118692021701638 0.070918674219517 0.0156753182219453
-0.00331074233670302 -0.0204040485901204 0.0683175115282737 -0.00963382562116294
0.024414361068255 0.023462666850296 -0.0162132562901995 -0.0463284218967843
0.0876884298915807 0.100962444044524 -0.124478274173649 0.00202225785139933
0.104779910472554 0.151760379602823 -0.107525970901586 0.0581453125712953
0.102133562992602 0.119952779297235 0.102014668172546 -0.0937288469359416
0.107992297787412 0.0796751582870296 0.0781516536166558 -0.043174955659922
0.0373835369517551 0.0117431826449831 0.00266866628010008 0.0249916976239402
0.0071537823803086 -0.0193574950802696 -0.0596955319223783 -0.012681131453742
0.0201081187785998 -0.0134717608290616 -0.0417839513760974 0.0167721501379468
0.0205551046143168 0.0613652344265046 -0.0450114037839281 0.0450215073949867
-0.0224645238881504 0.138990444687977 -0.0277663904216498 0.0394807278440119
-0.0704911879649732 0.16007572980618 -0.0202764664381238 0.053172109204506
-0.0775393676447978 0.136619334514784 0.0154132693209271 0.0784650145003456
-0.0345606724042067 0.081448032111293 0.0727976478376668 0.0712763331614349
0.0113360130020522 0.000484340813364464 0.119232300229174 0.0756235131434069
-0.00877463544973731 -0.0296515890250802 0.127482920726099 -0.0169229018212787
-0.0235474463164931 0.0280260045825886 0.0143770953146197 -0.117285150178195
0.037501910893441 0.126093509045995 -0.134075543042793 -0.0915644514174657
0.0705342233026679 0.176696264091552 -0.145139517685258 -0.0183524324442846
0.0995627730919455 0.0681943869453476 0.0357678311111356 -0.125323580390927
0.122753031914176 0.0425988224344641 0.034693701277551 -0.0708017914815659
0.0593853630906245 0.00303267906170047 -0.0116119724297645 0.00867586051674376
0.00139513865181139 -0.0106281329195947 -0.0514968198748541 -0.00534652708572024
0.0164058957563367 -0.0319205529927108 0.00279843257983022 0.0131514334839304
0.0482233812382249 0.0299751770054881 0.0170772348220533 0.0672433100998855
0.0125765283561054 0.108810113566843 -0.00191697138317467 0.0953974132089489
-0.0576908549064656 0.125028857742783 -0.0465091858346219 0.111336066418981
-0.0981791950196896 0.108721921488319 -0.0465664257221649 0.1528310398846
-0.0617251092965012 0.0867343416852508 0.0371147161119987 0.186658184582935
0.00843489777364353 0.0134091179072119 0.179546693393347 0.168319929311815
-0.0247876511319804 -0.0290922078493958 0.236073875941417 -0.0269666207786706
-0.0728141952856551 0.0339872506179023 0.0894780904637052 -0.211198619505454
-0.0101168798523234 0.12566881474277 -0.102694180450211 -0.206437868345845
0.0340861014134781 0.164643799941154 -0.158917799285162 -0.107134351072925
0.0650920666604083 0.0256994603517264 -0.024346650425752 -0.129272150173973
0.0908314555377536 0.0155992736491155 -0.0111367276693813 -0.0644236666180135
0.0528158539264015 -0.00479260459766991 -0.0286136613471031 0.0174794307955988
-0.00132719637829997 -0.00133163020319194 -0.062842563890409 0.0168164750579011
0.00791987732085202 -0.0287703000722695 0.0195036549641971 -0.0206521602321102
0.0433670213935968 0.00488207231847675 0.0821446832374709 0.0441264463304329
0.0191556492837191 0.0642129526332802 0.0349983115654011 0.127740496109527
-0.0373787227846414 0.0724928538700759 -0.0650248065304233 0.154040718606056
-0.0779433897198473 0.0612792202550657 -0.115026888290855 0.212824684044079
-0.0606926437165093 0.0615110843871302 -0.0173756653075292 0.310921296968373
-0.00251066675308425 0.00957098933757731 0.246900574245655 0.276950947946855
-0.0402826486031374 -0.0170216393383109 0.368207379235182 -0.044917994948209
-0.0897932859790072 0.0355864632917512 0.182681143124803 -0.31117972670958
-0.0256311964499908 0.0886772875317316 -0.0510744879016024 -0.318414747235682
0.00799948619740456 0.108990918974863 -0.158871502092583 -0.183180296013319
-0.00572927976486324 -0.0219756473910563 0.138930240716776 0.223855633545899
0.000672165988474419 -0.0187772624817762 -0.000675580507148977 0.353323435314707
0.0405757953322061 -0.0182350464803553 -0.22900175534995 0.350158865071021
0.031229757405488 -0.00432611365232652 -0.439165814690149 0.064556340020334
0.0285328733333681 0.0155029454363516 -0.285649421109944 -0.335078080785938
0.0287895895706527 0.00777709125464066 0.0418331808051454 -0.384265894304072
0.0156452022251774 -0.00690371646981497 0.148605576155344 -0.246147843248008
0.00758107227783231 -0.01103852026706 0.0755077858980098 -0.177816626284168
0.00159381012992674 -0.00913679946215464 -0.0498146782309016 -0.131418513300505
-0.00907294964840395 -0.00126809611115735 -0.111854980195669 -0.015900591154235
-0.00193809330306372 0.00314263528854175 -0.0105883904484762 0.0575782132126712
0.00491095389904027 -0.00739139420984591 0.0584499430434727 -0.036685596782771
-0.00647280370817624 0.00399112308490938 0.0248097969806717 -0.0363340834855415
-0.0165457306109377 -0.00452043836903236 0.0303627923720847 0.0552114633041672
0.00118529491363873 0.006328156402789 0.0622972652866528 0.115859137436306
-0.00383090737312983 0.0699402913455674 0.149648991765931 0.207489987256703
-0.0370374109185146 0.0547841561474404 0.00552188967495411 0.330131190052236
-0.0187886185408331 -0.000135736547133611 -0.210424847695181 0.319113289724046
0.0246712914164432 -0.014631064089895 -0.412554098717668 0.03954560368903
0.0355602604541592 0.053766341587766 -0.255381911749374 -0.316616410894007
-0.0199599380085197 0.0747987636383776 0.0419837323261125 -0.35255559695775
-0.0469039520633017 0.0565206309787251 0.136103192374555 -0.230060663722869
-0.0194474854906646 0.0557532510330887 0.0723960163651494 -0.166275254362198
0.0313719202344851 0.0389534769378887 -0.0358054671953625 -0.1264294543222
0.0296605333374008 -0.0117798688930373 -0.0898328910929436 -0.0281093974895693
-0.00754224383021408 -0.0265440655647991 -0.00773210566231892 0.0385360450478194
0.0109917555866347 -0.00975522608857891 0.0552518918559066 -0.0330002530140684
0.0492228441737387 -0.0112548719492056 0.0176275451607181 -0.0231997789118603
0.0600921361085527 -0.00896700566658012 0.0177531261455007 0.0627477585991981
0.0633269691799341 0.0229761194631703 0.0538600601056804 0.117693650169305
0.0116353037952756 0.139639209534651 0.165318272236894 0.140611775843944
-0.0368836829000991 0.102414495454299 0.0472855190830875 0.238188065738683
-0.0384455027533491 0.0104168803872767 -0.131924361015744 0.228146651521764
0.0227252141517757 -0.0207671860647188 -0.29483059447569 0.00218855108459817
0.0271886602410644 0.06377380885246 -0.185201641987846 -0.22045671592541
-0.0521014113949941 0.108773581088235 0.00129855337520737 -0.243792776084951
-0.0887264663985166 0.106843348790706 0.0841711178453938 -0.177057066852278
-0.0448106689626372 0.114450801094845 0.0576245237438567 -0.132000746983176
0.041103002144317 0.0831013586944254 0.00202929523923778 -0.105139829787647
0.0481449643884189 -0.00170254375143313 -0.0315605767098601 -0.0581885108573468
-0.00504095329346061 -0.0305349355091522 0.0012741259748748 0.00303182239769929
0.010329529320197 -0.00481701486098831 0.0497237800672773 -0.0151075501565194
0.074899854030405 -0.00442703869319344 0.0044408288788006 0.000275093167232338
0.110592367111101 0.0101506166838866 -0.0248469787504152 0.0738779815662827
0.108443399838594 0.0531667471930803 0.0128781043395176 0.119480007764764
0.042331965985733 0.169219293122574 0.169189445128109 0.0500723267716347
0.00524697647329495 0.114089332221354 0.0855919266761029 0.123826564667684
-0.0185301439446292 0.0126985930941189 -0.0478324102195314 0.136664051801632
0.0236719107927163 -0.0236073695950524 -0.174860316116368 -0.0117533950450883
0.019772700269399 0.0425190857498682 -0.127457974489595 -0.107359799198275
-0.0482376396162739 0.106096267700327 -0.0465428951574252 -0.118719272836826
-0.0906156266436977 0.138215975092725 0.0228840663746306 -0.106136164888829
-0.0605883967289157 0.153829592425329 0.035474515705414 -0.0783568938972172
0.0181497963677003 0.119347775193821 0.0356858870520396 -0.0624716231183954
0.0380721259493355 0.0293069205698335 0.0321591135469659 -0.0596708723390562
0.00244825011677925 -0.0212392902263039 0.0307152869582149 -0.0105964448325258
0.00288442398746102 -0.00738156197160921 0.0492061097266416 -0.00707937778211745
0.0612260238801941 0.013571423171393 -0.0137532182929645 -0.00286314718947902
0.119038720815966 0.0536473278128424 -0.0796108819026669 0.0606196492350018
0.121699912256297 0.0994108296154745 -0.0475940853950492 0.10600007530424
0.0782358887904265 0.156299829890092 0.146990605330674 -0.034133716717704
0.0624087983896706 0.102783102026571 0.0969064895617358 0.0227261541865678
0.011867678378816 0.0134120148782719 -0.00243915312532485 0.0675104650727333
0.0165542233333416 -0.0242513576232287 -0.0968223007611744 -0.0125232317455421
0.0180499700677928 0.0112677065861786 -0.0844543177381602 -0.0243864974384618
-0.0176379246869559 0.0871822602581009 -0.066800808066686 -0.0197663190248311
-0.0588721571635868 0.148924039263725 -0.018397114579615 -0.0285719891511822
-0.0672291558405415 0.169459393326758 0.0103197453339353 -0.0148264183893666
-0.0261075315995951 0.138601782395972 0.0460704186721774 -0.000524706659807666
0.00638484072244066 0.0583742606234368 0.0713374541082542 -0.0147800199144427
0.00809834916401586 -0.01175956273291 0.0709245592766853 0.0126294379676977
-0.00427928464079224 -0.0190123592045519 0.0683906401289415 -0.011621383908221
0.0244174140973008 0.0238438714051607 -0.0179362727417501 -0.0445234746983465
0.0886887974486446 0.0974021641349265 -0.122782963103189 0.00737475587371275
0.108573183738964 0.146795824316381 -0.104331261942177 0.06039929664197
0.102856395201267 0.115624325961523 0.0971747358753716 -0.0956702685824886
0.108173757152763 0.0745180908439053 0.0765741461590817 -0.046137713387093
0.0380941936579141 0.010801597087043 0.0040525516389095 0.0260268045768841
0.00581422108433226 -0.0191375758662025 -0.0599637534036998 -0.011246877469343
0.0191901494325045 -0.0132536422711935 -0.0407880638622437 0.0182463791167505
0.0225916054846189 0.0600110011717401 -0.0423666010875002 0.0464034703451632
-0.0169600838033297 0.137035107607632 -0.0262568679792769 0.0402548349480242
-0.0633851168828927 0.158958151319848 -0.0170990131576404 0.0522813041241202
-0.0716803035176758 0.137940452228832 0.0181155614427811 0.0750371229591718
-0.0296679568292239 0.0827130108780121 0.0746802436887779 0.0679347092328046
0.0116869965294466 0.000671102401086355 0.121625498225637 0.0708441944574051
-0.0101625976228869 -0.0280778015308271 0.125250037998228 -0.0205309839139613
-0.0225343614001299 0.0304315952588516 0.00998527818302904 -0.116429284839763
0.0395359512698131 0.124900374223954 -0.135055313894158 -0.0852218756150164
0.0745537048692969 0.17277329634878 -0.143762137070221 -0.0139044610243444
0.0995759060037868 0.0639311126995954 0.030714658350507 -0.122500430701007
0.122474808761034 0.0377213303935943 0.0319561166119939 -0.0726068335894133
0.0591872803797266 0.00118785704610115 -0.0121769998530092 0.00880619757212102
0.000885689784905407 -0.0104189073491839 -0.051100318798841 -0.00311456615432284
0.0154439297550267 -0.0328344923233532 0.00277531406892025 0.0130718722137288
0.0498594845047885 0.025839737854351 0.0183989536307214 0.0648500123581
0.0156600729366926 0.106718983878664 0.0021523973819246 0.0952048037312515
-0.0520485842408696 0.125678641520127 -0.040420555288844 0.111211051959217
-0.0923730363691841 0.112091592621476 -0.040571120637118 0.150967736338418
-0.056334089661846 0.0892761016878538 0.0426741920639857 0.18253025753873
0.00979510815209352 0.0134015711759116 0.184420670765613 0.161724104678953
-0.0252111864115841 -0.0279205853775443 0.23347059270837 -0.0339306746439068
-0.0718739393878815 0.0378541913588129 0.0820928695874001 -0.211264519009403
-0.0067143551734153 0.125717460867558 -0.107934169367 -0.199807847329205
0.037552944374954 0.162525644637618 -0.15842182501636 -0.10117905583412
0.0650431888636 0.0232961545603376 -0.0285359021120367 -0.12591282047952
0.0898469735478831 0.011807474466468 -0.0138141657565944 -0.0638318147655307
0.0522723967447122 -0.00612275699498938 -0.0265229277957498 0.0193631603451744
-0.00129155802001035 -0.00178010120371744 -0.0603192289505022 0.018300053872965
0.0072398151260457 -0.0291951266735434 0.0185779058295876 -0.0212973430359959
0.0443605209537654 0.00273984328414701 0.082489756623024 0.040130410297494
0.0210887177322214 0.0619919453142006 0.0395019405169043 0.125118642478609
-0.0337210760141346 0.0724763103554251 -0.0588851275189476 0.153258027072835
-0.07432212557019 0.064033724131653 -0.105032398028303 0.213348907917309
-0.057290539674408 0.0630645747812756 -0.00620433706754439 0.306045521119142
-0.00102247705439958 0.0096929038252432 0.25502940162668 0.26507566075649
-0.040422770072167 -0.0157712307922751 0.364346562448218 -0.0550934183621484
-0.0875697236528721 0.0392717378189118 0.172329294904116 -0.310986720234783
-0.0224808540490489 0.0897275681794208 -0.060468931545149 -0.313108846917066
0.010511677097562 0.106222765132662 -0.160672474232753 -0.1762130392291
-0.00595985058785034 -0.020895844437405 0.141295833343486 0.219790565874491
0.00032432183486801 -0.0189698577940827 0.0048485412734083 0.348278903251784
0.0407911191969088 -0.0188897954677696 -0.221805313594635 0.348721040304852
0.0326777455040523 -0.00467434874960254 -0.435283782051193 0.0730663233995309
0.0275880190747854 0.0142184511644055 -0.290716230595488 -0.326254762086563
0.0285604391019384 0.00597357996362339 0.0326156173906047 -0.381286383351016
0.0157534791803331 -0.00733518205615406 0.140996293919706 -0.246277988819249
0.00751952915702484 -0.00878608459293516 0.0707004157173339 -0.175078101117954
0.00143935044817457 -0.00906413709421987 -0.0519775815181021 -0.129474808566932
-0.00925798098644934 -0.0011658590709775 -0.11101376905112 -0.0118891874054041
-0.00137016874625691 0.00489962186280933 -0.00790462602147469 0.0570404136015897
0.00542494704685684 -0.00814634165360337 0.0572994379369105 -0.0368715418350192
-0.00595758568065435 0.00478398499405326 0.0237786529678938 -0.0362436672295815
-0.0165895727862582 -0.00321653279184527 0.0309236936591467 0.0541486281150903
0.000672126851573095 0.00610399440158769 0.063744965864526 0.11257291820876
-0.00299500702008267 0.0695604234023724 0.150898315436583 0.203271205076399
-0.0365345291964814 0.0552117460617231 0.0100497901428512 0.326556842198198
-0.0196241882170357 0.00130133822386793 -0.201575966101708 0.31995297988227
0.023519817777699 -0.0151921341093477 -0.405953819383932 0.0474231886295089
0.0376567235794536 0.0531984255165101 -0.258466916891213 -0.307850574749596
-0.0171759380875372 0.0750986506316958 0.0334801665886929 -0.349339186776794
-0.0444930611056343 0.0578252046502188 0.129258188790098 -0.228834756313562
-0.0177194642256824 0.055392177142031 0.0671250447432801 -0.165198535918518
0.0327406523203487 0.0372712010466704 -0.0391682568991758 -0.123321903292133
0.0294481444939243 -0.0132676906115699 -0.0893197186473498 -0.0257397702256758
-0.0081809891181802 -0.025520968543295 -0.00529539601761766 0.0379009311530759
0.0112591535987455 -0.00790970360673158 0.053600963261022 -0.0335352160306183
0.0473948900521078 -0.012682829697185 0.0166429562075206 -0.0223338996303865
0.0593087616167606 -0.0109020838449865 0.0178174715932691 0.0601358583890537
0.0614611299546968 0.0212549660519301 0.0559069574777833 0.114233623204216
0.0130438929343195 0.139226563562611 0.166771137947774 0.136060513923953
-0.0374906152251705 0.101662748154692 0.0508227801635025 0.23408780668251
-0.0397843560103707 0.0116098460689132 -0.124592456938273 0.228189991373128
0.0224609879057952 -0.0189706740174656 -0.290421774168515 0.00840979801876226
0.0301770023990476 0.0630003997112853 -0.188448704948522 -0.213977422738904
-0.0488600788092692 0.109445670211962 -0.00275020718644035 -0.240241100253601
-0.0841543808360397 0.107348546113473 0.0790593136416156 -0.174426936732972
-0.0410331127807361 0.113190108003654 0.053348571581846 -0.131356066413858
0.0421038008047862 0.0802560487551224 -0.0010193633045742 -0.103472845636751
0.0479039659803465 -0.00301375982651532 -0.0319332991386285 -0.0576984849970902
-0.00596268238389814 -0.0296114891618681 0.000727737351493116 0.0021134825433528
0.0116829538714907 -0.00401837006361791 0.0486323362634404 -0.0161451706189552
0.073958207283036 -0.00609871612124769 0.00384685801202675 0.000406432278990712
0.109246356384105 0.00845916676781935 -0.0212640967744509 0.073466183327144
0.105781683748199 0.0510954735266649 0.0142382809773714 0.118397732536347
0.0442839644819063 0.167150260790329 0.167808477759106 0.0470902739401762
0.00583355665334891 0.112727654630268 0.0883351496138061 0.120914113198491
-0.0191061557016241 0.0135291090062053 -0.0440802077675901 0.135387279970663
0.0223272873221976 -0.0231072163136009 -0.173117660417774 -0.00924263682944398
0.0211456582559202 0.0414551082866318 -0.128591873996642 -0.103412315376218
-0.0445789270023707 0.107088032844442 -0.0474156349970663 -0.116869309081114
-0.084641311118474 0.138015445653387 0.0202093149897898 -0.10480654674513
-0.056849914858695 0.151916925937183 0.0330128251382164 -0.0780278208845701
0.0206238805644238 0.116809823966625 0.0348879924311953 -0.0630067118484159
0.0381992255282093 0.0274006309323262 0.0302400692624995 -0.0597731706028647
0.00130874438235607 -0.0213151058249276 0.0304842865204775 -0.0115426184735692
0.00339817872587288 -0.00700160244255341 0.048713261087595 -0.00892912207893741
0.0596681037631304 0.0120884975695975 -0.0143738683144569 -0.00285862704333922
0.117439992893536 0.0516983734413358 -0.0763851974109925 0.0611957761486096
0.122220714034597 0.0965650027243007 -0.0445262961199258 0.10570979269326
0.0790283176997254 0.154113026242045 0.143950463179714 -0.036721282453062
0.0628213988269606 0.101978503032394 0.0953338416016553 0.0207089015558466
0.0102233232043896 0.0133308474810047 -0.00142062238938403 0.0666174874328351
0.0154795337844169 -0.0237279734687746 -0.0965108941056503 -0.0104311325649472
0.0192954586665729 0.010952735044033 -0.0855432787083104 -0.0229223587946691
-0.0134480118723343 0.0879989496576166 -0.0667761717306019 -0.0168786257400767
-0.0550817489068908 0.146958562422798 -0.0183186726563181 -0.0278336856839436
-0.063040361860733 0.167866054840203 0.00948599966911189 -0.0140095647934668
-0.0227854725524359 0.13747334219019 0.0451383354365354 -0.00104406479841682
0.00857191496757803 0.0587277944998053 0.0700195501573259 -0.0161450927399111
0.00821905277882307 -0.0110538232342966 0.0713725501717986 0.0110715387786455
-0.00518418796243861 -0.0182505078231958 0.0672445386532592 -0.0124973821841204
0.024747829184235 0.0234810115031564 -0.0190822223866187 -0.0439054318945453
0.0897391509503043 0.0949096191610655 -0.120834661020997 0.00864915344787497
0.107520970787848 0.143801240551445 -0.100872152852027 0.061693215972788
0.103430265770656 0.110990630391527 0.0936859722815731 -0.0964752097444885
0.107344056330611 0.0719724489128089 0.0741875805720867 -0.0464790903106958
0.0376525697874165 0.0108463590548701 0.00473576036213765 0.0246743711324681
0.0065257660591384 -0.0180068896577805 -0.0580634695185196 -0.00861529864085117
0.0191009810126995 -0.0145901503564617 -0.0406634056276414 0.0183013918374382
0.0237090245938709 0.0583151397480244 -0.0414385911502191 0.047261685239816
-0.0134570696113053 0.136007570971484 -0.0238791824252328 0.0409682479972709
-0.0600993544885724 0.157839676038075 -0.0153106035123702 0.0517588426294849
-0.0671997248471303 0.137681688722999 0.0190064405110681 0.0720830224387123
-0.0270479516453418 0.0821502694700266 0.0740573803437007 0.0655795094795729
0.0122049439072801 8.7911708592384E-05 0.121243999325422 0.0682766226205365
-0.0117683475100805 -0.0268003460696496 0.124535389038079 -0.0224952998777866
-0.0228172866847792 0.0313456334282282 0.00758092107938981 -0.115478895560162
0.0410704286618074 0.122886314605455 -0.133735212516126 -0.0810180892329451
0.0748877552766249 0.170737264141256 -0.141293952965695 -0.0113283574387344
0.0998680280342924 0.0618577986281819 0.0279561355571955 -0.122230868166116
0.121066147718452 0.035227828225338 0.0311116846065094 -0.0726637850770332
0.0581196943381284 0.00101585895285648 -0.0109774955089346 0.00857509595512812
0.000882233168130749 -0.00971107044952108 -0.0503061626992788 -0.00111508227460988
0.0143633109060596 -0.0326019710337794 0.00250401629590741 0.0120937451406229
0.0496078370930154 0.0244216126987695 0.0207875268651582 0.0640635103553788
0.017804649948661 0.104321775165627 0.00371076463282976 0.0924949700350947
-0.0493377700719087 0.124062352416799 -0.0368182043550754 0.109875921987165
-0.0884044855133001 0.113426040303545 -0.0356469502237303 0.149171593429079
-0.0526972810959752 0.0889523416565345 0.0456327622101727 0.179610194162042
0.0103628597897038 0.0132122711451854 0.18713007046086 0.155831303651458
-0.0266846055930266 -0.0256217889123178 0.230186318498825 -0.0388621219367555
-0.0710261822319769 0.0404785041469053 0.0775152855503277 -0.210489974978304
-0.00490367534477803 0.125355916120959 -0.109818989969284 -0.196472623257777
0.0392565443582178 0.160617967514598 -0.157976714328258 -0.0990356876594468
0.0633180013979804 0.0219870499883885 -0.031132131330943 -0.123359575569707
0.0892403118924325 0.00943208695783327 -0.0138943204725411 -0.0622988587159314
0.0537790328655894 -0.00779111802439168 -0.0254897534758626 0.0189598860763053
-0.00188643301443805 -0.00144681214950649 -0.0581269334606721 0.0194108441196212
0.00651105504463524 -0.0296925911965296 0.0191151276785552 -0.0215056435459899
0.04285147487608 0.00145729453277232 0.082487474945374 0.0376264286041814
0.0208801660551248 0.0593361869398292 0.0420137014874172 0.121734907220585
-0.0326875311731651 0.0719890229292491 -0.0524877611993195 0.151472774225393
-0.0724151846509018 0.0643478735785108 -0.098286915483386 0.211101133338069
-0.0538540800236009 0.0639542909965977 0.00161066631313929 0.30124028546796
-0.000162741929311689 0.0107213065177058 0.257223636780643 0.25783821858323
-0.0408698220155728 -0.0136759023766636 0.35968341903843 -0.0611189515768856
-0.0861077707301486 0.0412958429020355 0.165040861523677 -0.309634621397925
-0.0211759294391079 0.089157532708907 -0.0635226907114901 -0.308068269142688
0.0113493684344661 0.10587793257728 -0.161477994479298 -0.171125603948755
-0.005498100146343 -0.0209150282676509 0.142753869237571 0.216295901310412
0.000819902873264595 -0.0185148522282967 0.0102971524507441 0.34475374320083
0.0377864392694248 -0.0185127010704231 -0.213676292119156 0.350811269038596
0.0316947399930907 -0.00549272679608427 -0.429064190828226 0.0783896077969878
0.0280776329696783 0.0147246706704198 -0.29436207686457 -0.318601203681843
0.0281638854924914 0.00487401382016451 0.0254940719880901 -0.3778469880651
0.0150183509141461 -0.00680176119693844 0.133722543017493 -0.246188854347145
0.00793457636458652 -0.00941122254836455 0.0659807229098261 -0.175213474635359
0.00135953069425215 -0.00816935494854736 -0.0535625413369515 -0.127890126254811
-0.00830030583141495 -0.000642028870275542 -0.10949908876659 -0.0100564242351448
-0.00184035007534078 0.00378826240106998 -0.00670942228628654 0.055945015733121
0.00514142278468898 -0.00601356543322801 0.0549007142513781 -0.0385537244431562
-0.00679457830212971 0.00452331158689306 0.0222597138227922 -0.0367870669448026
-0.0167808783919798 -0.00377639980965244 0.03167282023225 0.0522313319258237
0.000212083554792504 0.00637926104844013 0.0644391047977576 0.109350021654823
-0.00171705689961522 0.0706638521847713 0.152947488990355 0.199070206292279
-0.034763246362628 0.0561274619645706 0.0142098541773682 0.323363726274246
-0.0198458807908767 0.00146692954615417 -0.19640878304593 0.321047183252654
0.0233412774157054 -0.0151293657087729 -0.403189868326767 0.0535201463232466
0.0376268977683906 0.0524270637819098 -0.263879897315639 -0.300841247421972
-0.0167813544431457 0.0748001939097746 0.0259827153078237 -0.347389473188947
-0.04349342910692 0.0572860481251025 0.122695836560389 -0.227880020836439
-0.0159920520370124 0.0554303579897481 0.0620890369012133 -0.164586670805372
0.0337558692488787 0.0357664031545699 -0.0408612463170245 -0.121998696614255
0.0284809170912352 -0.0139311200334519 -0.0885477043520416 -0.024189876439119
-0.00883339559610672 -0.0254524825346828 -0.00470092356694634 0.0365661479386206
0.0109431817424186 -0.00794596458721163 0.0517988005169705 -0.0342907676972707
0.0476193029735839 -0.0140262918304679 0.0152161102718859 -0.0224162101135932
0.0600150659468979 -0.0123166542222765 0.0198667178979134 0.0586740832058956
0.0605161466439054 0.0206299106088695 0.0566002094882186 0.111019634902606
0.0142300621301138 0.138359831367671 0.166722197839573 0.133225772668975
-0.0353657190314904 0.102797134203562 0.0524386384903044 0.230484305668053
-0.0394189440282435 0.012941170132083 -0.120184745441214 0.227767931158614
0.0217079795747994 -0.0196440391279134 -0.289286101433214 0.0126523476177001
0.0317300069079021 0.0637957348603236 -0.190857714215471 -0.209357508251411
-0.045039263756555 0.11068115430873 -0.00880769048203393 -0.237878641602559
-0.0811322788649191 0.108212434102252 0.0758505026872583 -0.175136172118577
-0.0373345373497145 0.111232166842585 0.0494384243407385 -0.130726186727375
0.0434992482896814 0.0768180203486807 -0.00312095030078703 -0.103081396228535
0.0473360857188325 -0.00421301922777724 -0.0325020899772124 -0.056772425105023
-0.00558686345345008 -0.0305596541938106 0.000838849963518542 0.0022747285626082
0.0125059387686881 -0.00429881358872104 0.0477670048412337 -0.0167331145811427
0.0718107878184051 -0.00663645380989752 0.00301327426620111 0.00134780704029954
0.108498912119074 0.00529463087962387 -0.0204796788293469 0.0726538152338998
0.105363452073313 0.0494672668210853 0.0170054318138974 0.11727393730254
0.0448230039515798 0.166214410152692 0.165846333556175 0.0438686807952108
0.00692756750885217 0.113362175411129 0.0886894111383399 0.118332096314095
-0.0184291884252743 0.0146378278267248 -0.0412094339681865 0.134768116937031
0.022329626350254 -0.0225709870203081 -0.172553319335735 -0.00565641317703288
0.0230878047162996 0.0416880664810495 -0.129712794506586 -0.101513384059009
-0.0405740547417109 0.108763580707394 -0.0505161987511872 -0.114452435839963
-0.0821759441437114 0.138100729535745 0.0179699164345379 -0.10270218997541
-0.053677436026873 0.150546406090191 0.0311066115159679 -0.077936998904629
0.0231602382313027 0.113703510439024 0.0328801320245732 -0.0633137092499875
0.0387332308605286 0.0258254580327965 0.0287976542369548 -0.0594278965438404
0.00187104437556588 -0.0203937914073072 0.0298713356590676 -0.0112206470847911
0.00292743102282179 -0.00575576644822274 0.0488573592169632 -0.00941700210121988
0.0591004990242427 0.0115786573131061 -0.0155523350193922 -0.00228846804338917
0.116378866209832 0.0497177409268483 -0.075348077568303 0.0612125720258121
0.121586177017349 0.0934491053976103 -0.0428223084536258 0.104649709269244
0.0797901168276959 0.151261497834926 0.142144663971961 -0.0389729632988948
0.063144496456027 0.100489290955084 0.0956004273520221 0.0178073042725849
0.0105593787614696 0.0136202998368868 0.00114556347100468 0.0652644187242451
0.0151365815788607 -0.0229930263627098 -0.0958578966272561 -0.00949625577957255
0.0194506597434145 0.0110926165040474 -0.0850825518936487 -0.022224893400191
-0.0112858168918937 0.086099249203588 -0.0665852196412774 -0.0156129811193084
-0.0501884343995621 0.146589895678649 -0.0201308874689595 -0.025994592117571
-0.0596525654030735 0.167416012978097 0.00801831106279295 -0.0139517626601143
-0.0192621117129391 0.135779919157133 0.0441646332812162 -0.00368000453783933
0.0102006381529439 0.0577750497716536 0.0687445614730753 -0.0172436635204955
0.00857841044750282 -0.0110525089150719 0.0719849256808539 0.00980361029804595
-0.00371467298934245 -0.0174092253239932 0.0663547163149363 -0.0143393591477147
0.0247083481980128 0.0238714337265189 -0.0209807299180569 -0.0429778414295714
0.0885109352375543 0.0941172549493148 -0.119311745907152 0.00976543790416258
0.109514251739126 0.141476818604181 -0.0994572519522425 0.0621831107957631
0.103165131810964 0.109508585735221 0.0912624647532633 -0.0961214217140681
0.108195455899267 0.0704916129315305 0.0733107550013734 -0.048471657561242
0.0373375579437668 0.0101897060715054 0.00612942984817268 0.0236394498139208
0.00515822955163858 -0.0179889631269395 -0.0590118072352629 -0.00799236362819493
0.0184657752580371 -0.0145493878199589 -0.0398389596071864 0.018744656603525
0.024562161235707 0.0570476942253726 -0.0408102941973318 0.0476566234081322
-0.00937355509223576 0.133310985869463 -0.0221424140235619 0.0410497670404699
-0.0562452845699146 0.156717468073476 -0.0139184724116516 0.051293955030315
-0.0633091189235553 0.137489947138535 0.0210653342002478 0.0708195974781377
-0.0245230522894749 0.0825674184666734 0.0737641746146203 0.063972631672128
0.0130413609554251 0.000674348788731499 0.123978749306975 0.0645653400557527
-0.0116406339847838 -0.0255628526345055 0.123120711546135 -0.0250521010235484
-0.0230287500852461 0.0335811182172485 0.00669279756541232 -0.113878026760282
0.0401535861342339 0.122595822081438 -0.133578251401428 -0.0780389851212951
0.0773868613873106 0.168702923740727 -0.140320141640969 -0.00914523358424686
0.0985970132536526 0.0592663190304202 0.0256823083667552 -0.121256551725061
0.119763320957159 0.0333787717718887 0.0299270460216927 -0.0715489112828967
0.058183792300357 -0.000881990597761369 -0.0092111131214605 0.00849467355919899
-0.000204432951502095 -0.0103983072123219 -0.0494404913169948 -0.000797100041179877
0.0147937237659582 -0.0325095971279948 0.00242952766638183 0.0122305250011438
0.048648939396391 0.0229391283168938 0.0209762751411009 0.0637375100575601
0.0186599628037873 0.102541778474089 0.0068197472664723 0.0919730566911813
-0.0466146025870856 0.124979807288307 -0.0345521279416886 0.108133373530768
-0.0853142630610931 0.113860140111279 -0.0323496301199537 0.147539980825021
-0.0495933907666904 0.0902628461480404 0.0480378967225777 0.17684145758879
0.0121357538606542 0.0140023485465892 0.189381398434374 0.15184006576095
-0.027935547696045 -0.0244592488179487 0.22993549174714 -0.0424274213471296
-0.0698073971505246 0.0411198421656999 0.0745840028311618 -0.208831183697729
-0.00473846192919644 0.124389403482355 -0.110566542422528 -0.192406113094582
0.0392857415314633 0.15779711796962 -0.158876365585762 -0.0965015960688282
0.0624492890477399 0.019391901374377 -0.0330422274703495 -0.120008915801512
0.0868630912305411 0.00934974205517424 -0.0144526049201334 -0.0616189404761169
0.0529894817026555 -0.0096237857742165 -0.0239266383338934 0.0192776103276783
-0.00196908602268957 -0.00142990583285616 -0.0562969152875022 0.0205720550840029
0.00529730242601577 -0.0297268671144632 0.0187090586145907 -0.0219859578952102
0.0427161703641318 -0.000604752764205052 0.0823124050035442 0.036374230243586
0.0225783861836066 0.0585537662122035 0.0435837663321184 0.119021534353947
-0.030891330597237 0.0711071037978094 -0.0487057655661009 0.150412896636637
-0.0692323121073473 0.0653489456773384 -0.0914217604066654 0.210964555467336
-0.0504929643466096 0.0648594283059809 0.00626337855500814 0.300093734691302
0.00094434264133217 0.0117199614295532 0.260257152135627 0.251726207877509
-0.0416021621766044 -0.011558868732127 0.357190757817811 -0.0666563025854404
-0.0850142060716994 0.0425329878622724 0.160087246624157 -0.309860842949965
-0.0198930054061474 0.0899622072241645 -0.0667060146975754 -0.302765871790035
0.0122403551405061 0.10543887446223 -0.161818010333025 -0.168749393279432
-0.00343485526345337 -0.0188707883498831 0.128194668942881 0.22799073659006
0.0029418176168628 -0.0160403068832192 -0.0181254562958678 0.345653810051962
0.0391167480484773 -0.0129920117649606 -0.240342403404723 0.334375792934686
0.0290883412686656 -0.0021152819794039 -0.43621815808581 0.0448697526879283
0.0238517146807299 0.0130076672447179 -0.271986682017084 -0.338962581716757
0.0274276728501561 0.00388931249148935 0.0541595794872863 -0.374490816324923
0.0142584944608787 -0.00633781104333723 0.14966927470841 -0.232897683583839
0.00817871779295666 -0.0095655069394729 0.0783083818377085 -0.168446721827147
0.0019579734513141 -0.00911699107868182 -0.0432773338784235 -0.129992713722087
-0.00948064484052615 -0.00132807372374044 -0.10820036139569 -0.0183855375218071
-0.00080949089223162 0.00458627180292125 -0.00973511175323421 0.0551093235748236
0.00649746773434558 -0.00623749674141917 0.0565335954542933 -0.0333043910009092
-0.00658720686959029 0.00360175912159819 0.0248370167387218 -0.0334694833078934
-0.0149073661878546 -0.00503140440401115 0.0278909509914152 0.0538080312901725
0.000753434187915241 0.00568102634765239 0.0559145489039167 0.112403343181138
-0.00612760282474808 0.0724897478728478 0.138572785946843 0.211105126375218
-0.038175644515301 0.0557990255739351 -0.0123623167709165 0.323779234777031
-0.0208064354164765 0.00289083889045453 -0.222982157122301 0.303722846225391
0.0208356716055008 -0.0121472146799598 -0.405990853428623 0.0212612012120696
0.0327201498496815 0.052750389649231 -0.241444762398602 -0.319172226044704
-0.0207755173971404 0.0712891665483184 0.0504921211224383 -0.343567928525296
-0.0484389849832315 0.0541657292087495 0.138516792526776 -0.217356702514192
-0.0193954181534043 0.0533383669435175 0.0739094298966601 -0.159905214564501
0.0303396071896812 0.035703967307064 -0.031683422725505 -0.125551100137419
0.0288428336707629 -0.0126619215933824 -0.0859164835990732 -0.0302156804476859
-0.00623872070801199 -0.0242739872506781 -0.00726919049069388 0.0361407243226042
0.0118414173653582 -0.00706923360499582 0.0542077441415411 -0.0295475239120398
0.0479447668508804 -0.00977418264361578 0.0163805888079264 -0.0198781112121793
0.0602738095465067 -0.00756826528425918 0.0152992214445489 0.0588775624475628
0.0596150813187485 0.0263459315334435 0.0467973527405947 0.1152056060736
0.00359333051759755 0.139465131026647 0.157870170889948 0.146270557956782
-0.0417013618273933 0.100268199404894 0.0336022504873466 0.23460684784823
-0.0409108359514041 0.0129743982368246 -0.13820828686206 0.217981100857177
0.0200962499860133 -0.0164053299323606 -0.291107559393115 -0.00976936343531456
0.0267327283210542 0.0635738420651333 -0.176307561769313 -0.222713570434083
-0.0519459584365651 0.104475739633285 0.00761719172635401 -0.236471613173494
-0.0887865944815605 0.100235762724335 0.0853521197759389 -0.168103371802327
-0.045034395749215 0.10818339343479 0.0585135672079498 -0.126034302366891
0.0371500521096411 0.0789378683804658 0.00417931665374372 -0.102594625466247
0.0472626156221156 -0.00199494611665379 -0.0286528938757116 -0.0584945336226965
-0.00362924925850963 -0.030799128927308 0.000987892139326186 0.00139975014245417
0.0126617184885374 -0.003561508778186 0.0479337855283951 -0.0123791486526025
0.0727422267688221 -0.00138452474056916 0.00277147525262067 0.0016155817393906
0.107149416987191 0.0158791294055722 -0.0261026162275106 0.0695333617283936
0.101087348929904 0.0577674516507231 0.00602709147832624 0.115306579337681
0.0320057917324868 0.169114014873125 0.163253699343064 0.0576767404869274
-0.00132492439636985 0.114058956608753 0.079314945070929 0.124342643475733
-0.021656910941606 0.0150616456918197 -0.0511644372774098 0.130010582876087
0.0211758307644882 -0.0212719406687307 -0.17027121300607 -0.0200233237570446
0.0196765695498344 0.0429928947789821 -0.122438573722077 -0.110478018946191
-0.0486200408347486 0.102887016202548 -0.0411675767293747 -0.117061101495449
-0.0906808104266439 0.130322501122613 0.0242872879975559 -0.100100626523348
-0.063789582453314 0.145643669103889 0.0355243918452734 -0.0755968042285044
0.0145837756459201 0.112927654568764 0.0363530452628221 -0.0605620640642267
0.037454923645041 0.0271992112048613 0.0331783701264182 -0.0565079907294844
0.00470292024111562 -0.0218101151084234 0.0308418451288451 -0.00919218292275343
0.0036892602670671 -0.00602704543612652 0.0478230734632565 -0.00522593815591397
0.0584186616423206 0.0169495778442584 -0.0159918815425512 -0.00274881910604402
0.110402783320535 0.0599612740797588 -0.0782120667070365 0.0547688903924854
0.113062306274658 0.104791406565871 -0.0498935931106377 0.0991375138943668
0.0677429424702402 0.158027140208232 0.145189019652814 -0.0289334526034918
0.0541446323403779 0.10428206135414 0.0943856544136411 0.0241077974893559
0.00873372128111288 0.0163748111210527 -0.00404997408993988 0.0656563963269712
0.0161316659222585 -0.0206487890783664 -0.0946488369336977 -0.0168919672538643
0.0178525473023351 0.0134901065476845 -0.0835486242772479 -0.0277429800256013
-0.0174419992770865 0.0862406206323868 -0.0650911514887012 -0.0200042347319824
-0.061338671867187 0.14028753027575 -0.018221477629667 -0.0263222789543881
-0.0710739174974028 0.160711421273194 0.00779316680409399 -0.0134357281218312
-0.0287385605253338 0.133455988124335 0.0424922470843457 -0.00151028367952334
0.00695021277553396 0.0577214221994956 0.0694539085501365 -0.0122121603608616
0.0115490104610526 -0.00960003598704618 0.070657906354405 0.0147859210272985
-0.00227870570309446 -0.0166150660368391 0.0676378961434855 -0.00836466155093332
0.0210404232590604 0.0267957495806324 -0.0182857339993155 -0.043610190557837
0.0778719038338251 0.103580820734967 -0.11844507236262 0.000114801319868549
0.0944747144266148 0.149844788156121 -0.102707150479963 0.0521159191228432
0.0936142695624364 0.117239948439249 0.0991181184000949 -0.0896251615761008
0.100372474305892 0.078236084252574 0.0776373705910337 -0.0438121007848839
0.0358158549786775 0.0139001708990107 0.00517891468244931 0.0228427421404371
0.00708913915217647 -0.0167191093104593 -0.0576517243625301 -0.0129947102232228
0.0193293891672313 -0.0123491482161035 -0.0404208292710308 0.0144197748871403
0.022197453697548 0.0583529451833149 -0.0437754588468487 0.0448764425913528
-0.0195650648194812 0.130685749676562 -0.0262595748722989 0.0403008190778056
-0.0674390091258867 0.15205382783253 -0.0183670666548345 0.049917418107064
-0.0727573123383142 0.130687613488222 0.0157222873603465 0.070987736439404
-0.0282275919141369 0.0803416292767883 0.06813156716703 0.0685398437435163
0.0132950401746531 0.00223387471192981 0.11683475697335 0.0754892849801234
-0.0090346364411837 -0.0252474970711267 0.125133056362098 -0.0156025797291247
-0.0273991278333389 0.0319812498005353 0.0133686351030946 -0.111962323719884
0.0288145165587583 0.127676932167744 -0.124774825545034 -0.0885420923971379
0.0601118149393534 0.173733562675321 -0.137123071210936 -0.0225756310649256
0.092811312255174 0.0656441150791248 0.0338449300713843 -0.11922557505792
0.116459364286215 0.0417199107403477 0.0350118962882961 -0.0699360596581788
0.0573201741103367 0.0039524707290751 -0.00898324988997678 0.00695800452195426
0.000733082906864736 -0.00967949286626681 -0.0485824552184182 -0.00514263872565228
0.0155018051771702 -0.0323523845299306 0.00277839312122191 0.0114654971646464
0.047715145203277 0.0267010675246629 0.017116165382992 0.0653192121996228
0.0120784058385892 0.102227654238994 -0.000642961061945791 0.0926117145175341
-0.054795173029041 0.118923634111034 -0.0416145207910666 0.106353091739195
-0.0938375303165883 0.106937700910099 -0.043070077248876 0.1426071527256
-0.0538450977980994 0.0873273024128932 0.0336579348470163 0.179769688599567
0.0111764943167311 0.0137209225163245 0.17548119001928 0.165630556376148
-0.0254310193992393 -0.026480752357108 0.232336575321249 -0.0224898918428548
-0.0742230437349197 0.0363403430886829 0.0884863555587785 -0.200354219718594
-0.0180473292155368 0.125694441000509 -0.092639244508358 -0.198364514022442
0.0232942633109823 0.162347960383034 -0.148482716980951 -0.108836826682032
0.0598879714480538 0.024178483598758 -0.0235286529691522 -0.122507939198673
0.0847567297975774 0.0151992849981928 -0.00926074903890925 -0.0615408965157738
0.0536377076220132 -0.0056970136885831 -0.0244783452263035 0.0170502358291013
-0.00231481236863903 -0.0016377825457721 -0.0566543221302398 0.0167710306809418
0.00742427164713502 -0.029836422430993 0.0200460881071084 -0.0225086309913335
0.0427379139713934 0.00276300331438033 0.0791528261729803 0.0426622102439662
0.0175583634976263 0.0592425617896548 0.0341293953745119 0.12125700319247
-0.0357226635107384 0.0695792881491413 -0.0602854122658674 0.145629467172903
-0.0732112912628703 0.0606529899605955 -0.107737244187942 0.202659690977088
-0.0534643351528461 0.0630446204338059 -0.0175186420786496 0.298017482179904
0.00107098922936018 0.0110796118575067 0.239668414215825 0.272067667227378
-0.0395168273244508 -0.0169048243249375 0.361479636042582 -0.0357919654053512
-0.0914287316060289 0.0341996725941482 0.183239135245068 -0.292520155732559
-0.0320958867115215 0.0883042783368359 -0.040842797851391 -0.304426976773328
-0.000434631799917693 0.106608529104926 -0.146004636653669 -0.180505984308953
-0.00388529724037085 -0.0180873616942618 0.127450954917391 0.229300692313338
0.00256148880523916 -0.0164635828519388 -0.0199823723515704 0.346335964925413
0.0393899421751653 -0.0127912683936035 -0.242584571188781 0.331969283338158
0.0285796229668867 -0.00160419284431254 -0.438198507577532 0.045038297445931
0.023765110944298 0.0123785628940644 -0.273788436618728 -0.338961033186289
0.0262947999085248 0.00496143581210327 0.0520808738136336 -0.375334492003673
0.0150662965436133 -0.00569554778291683 0.148909106649834 -0.233264175369363
0.00859150580332205 -0.00933095180894649 0.0773589167624811 -0.169230546189356
0.0019445356860857 -0.00966646988311097 -0.0442984207648373 -0.131804191214107
-0.00879677274268017 -0.000438352577363296 -0.10770393258386 -0.018874911003801
-0.000591380840413687 0.00536117363963435 -0.00976630722031588 0.0542979896408567
0.00578331892085304 -0.00575146466862736 0.0572875082383527 -0.032478596655237
-0.00637469790218756 0.00356999035971615 0.0242004291210185 -0.0337315200293897
-0.014267207543406 -0.0044883519335665 0.0278100083663225 0.0531355518507114
0.00113628305640857 0.00740011665189775 0.0555881813316127 0.112435207154343
-0.00669938529933589 0.073126298279886 0.137143319457674 0.213670273941434
-0.0389085965221364 0.055951092751683 -0.0134128663517728 0.324372666057175
-0.0230359408312845 0.00473197260754045 -0.223194301319166 0.303566590759061
0.0210291707165515 -0.0130131609547135 -0.408379779950798 0.0216850664087994
0.0333763381120113 0.0524266504235355 -0.242695702986108 -0.319539375675338
-0.0202483430654591 0.0712428287305484 0.0504048954877582 -0.343460239207895
-0.0482611294261678 0.0543092896104747 0.13651815535397 -0.217857089789095
-0.0198000951872681 0.0529822380374028 0.0719779095338189 -0.158766304804317
0.0303489952194322 0.0350181846008523 -0.0311494496348356 -0.125308727910869
0.0279165249135754 -0.012356042791726 -0.0859591809314583 -0.0296942449818115
-0.00635255356094324 -0.0249153317931609 -0.00721990875121421 0.0359010546858789
0.0127663722428216 -0.00673308552157275 0.0540341374888794 -0.0291621437510931
0.0471847830777246 -0.010026079587128 0.0165364914565658 -0.019870201692337
0.0603947170579447 -0.0074596136128562 0.0148214257755843 0.0590071177886751
0.0603255510397829 0.027198156253702 0.046711286598791 0.113332914702657
0.00228448728743829 0.142053199462722 0.156300376703201 0.147578434675099
-0.0444221564528194 0.101605675546758 0.0329209467169046 0.234451836458238
-0.0432008135258756 0.0131381750778935 -0.138538499666153 0.218526077886705
0.0204892702699363 -0.0181502818102619 -0.292555233174368 -0.0102401373158283
0.0275721758008193 0.0639638281581563 -0.176822183226058 -0.222919940729509
-0.0517121532869003 0.106417697555901 0.00884627561531382 -0.237233161904805
-0.0881568138193865 0.101482282500407 0.0849847042898371 -0.167726727211616
-0.0458642951997716 0.10727651637625 0.05677134307191 -0.125028672939838
0.0373285600418195 0.0766721102287428 0.0034114025624732 -0.102545280849923
0.0470352386556001 -0.00202579652289704 -0.0292258780428338 -0.059312268983296
-0.00332104609221277 -0.0308595379293517 0.0005619158428852 0.00154822959060901
0.0124352747239679 -0.00301312291160801 0.0484742754006949 -0.0129666177175399
0.0733012296180019 -0.00103553574316878 0.00129658948557816 0.00243295256544961
0.106877640740443 0.0149647070432826 -0.0251320853415715 0.0697443236025846
0.100417069110057 0.0583887700904847 0.00652360748700338 0.11513826743884
0.0313555943855524 0.171190108138146 0.164740282653873 0.0582020146334833
-0.00359134663259822 0.115077416680277 0.0782328990595333 0.12366615140647
-0.0212612351663664 0.0161448782640574 -0.0515618082384973 0.131586599394867
0.0216451516282437 -0.0203707031710066 -0.171771329075504 -0.0202718965763157
0.0200582667363131 0.0434339132239646 -0.122961150591152 -0.110624246272735
-0.0470471038708127 0.104310165929094 -0.0419854183431451 -0.116787325434088
-0.089869565275485 0.130628887666216 0.0237656911859986 -0.0998455241133722
-0.0628799724874172 0.145345151246734 0.0354594472418545 -0.0757909197935524
0.015840426254082 0.111741319310876 0.0361153465841023 -0.0627056813536302
0.037475382712741 0.0276819520486517 0.0326884453347678 -0.0573654097635203
0.00501662690168037 -0.0208367674251977 0.0303019340244861 -0.0090586253767209
0.00364439844386585 -0.00579578143558071 0.0482285947845676 -0.00588656311901672
0.0578384780568551 0.0173949252056482 -0.016277368128939 -0.00326891083597326
0.110596074400646 0.0610586163091434 -0.0788817433673897 0.054648271102924
0.111797855307298 0.10482816894896 -0.0507978248662812 0.0988497041474581
0.0679381080178867 0.158051229907097 0.144577414192195 -0.0285371583251867
0.0526571703199932 0.105500075755887 0.0948366271013609 0.0238584798634094
0.00863730178986958 0.0153759835618656 -0.00290154303143705 0.0658278052536001
0.017082936494975 -0.0196546146129574 -0.0955841894231949 -0.0165452141284071
0.0189882997102096 0.0143967347781749 -0.0839012229109735 -0.0284853429424115
-0.0159077511290797 0.0862569406102892 -0.0655404297275689 -0.0202264453382631
-0.0620201849127626 0.141450167639174 -0.0181551916445329 -0.026845303266333
-0.0711735639143836 0.160384380178226 0.0085390575567437 -0.0136795478877979
-0.0289190999105593 0.131750665181604 0.0438357701948866 -0.00213061550195596
0.00868980040115119 0.0579386871539231 0.0689504241136226 -0.0120556285948181
0.0113503501528306 -0.00961403259649593 0.0713329129645883 0.0166145187869714
-0.00316247457313329 -0.0158790070710068 0.0681331571287858 -0.00867956932980584
0.0201414164952815 0.028159113670598 -0.019302952066685 -0.0439563909192189
0.0778091679881087 0.104213102901204 -0.117621509890358 -0.000601081089897298
0.0945669660639946 0.15155857750028 -0.102408338033448 0.0514283916590245
0.0939100514997671 0.117310547245611 0.0985951834849077 -0.0892263167969538
0.0993830078533986 0.0783711932045989 0.0778681900898093 -0.0439876407808395
0.0360607896935993 0.0137336750273563 0.0067752321059938 0.0236000700142686
0.00727903888823271 -0.0170425268246726 -0.0580772445943972 -0.0133279960472601
0.0194879476265451 -0.0126190820280737 -0.041547230131339 0.0144655720064677
0.0225946425586267 0.0586309432558564 -0.0427319000491167 0.0459713827095067
-0.0197690708783602 0.131929728506279 -0.0266032070265647 0.040264716078441
-0.0673707064262348 0.150860450806898 -0.0194192551062814 0.0495182463183671
-0.0723719344152737 0.130322260162745 0.0151717357445355 0.0701814236490338
-0.0280574119374336 0.0804079462018003 0.0682933641951344 0.0699494997108016
0.0140504038741151 0.00241524655214274 0.117865779449446 0.0750808613305249
-0.00987568102159362 -0.0235744028814987 0.125725925900502 -0.015362676329379
-0.0274219874074099 0.0333140443713364 0.014172241424196 -0.111970233804296
0.0267617722318684 0.127851835817783 -0.125383633393408 -0.0878947202330574
0.0586259295214498 0.17515919498449 -0.137278683981836 -0.0224661544332025
0.0912503309865057 0.0665203398619508 0.0338871338563652 -0.118160089789049
0.116267645600501 0.0410674394578307 0.0352992178357081 -0.0718028687944781
0.0578869033589491 0.00406157184644535 -0.00892145087252266 0.00703474678112279
0.00060791757230764 -0.00920454139318914 -0.0484042858811857 -0.00450245575135527
0.0145797031555915 -0.0317474182681887 0.00180022329198695 0.0109149453234585
0.0472527699535416 0.0257886572932196 0.0163246321543974 0.065522498778873
0.0119754448149629 0.102731503560016 -0.00115607614929957 0.0923912615751968
-0.0558769605673327 0.118017640779509 -0.0425880387770483 0.105588984465182
-0.0919767620366077 0.107167646565239 -0.0429201799883358 0.143318542066606
-0.054029803894022 0.0878694825267329 0.0333845781235254 0.180059072509175
0.0123454974690133 0.0151005054095736 0.17725955994954 0.167250746909022
-0.025908286207633 -0.0243882831423985 0.234236953910273 -0.0222999436192403
-0.0771552019820546 0.036117170469177 0.0902786725632279 -0.202047579864677
-0.0197425935737863 0.125694769069144 -0.0927526596269438 -0.19907617950643
0.0226901736646961 0.16320977549931 -0.147838470766972 -0.109690813979705
0.0588942665384863 0.0240202450671561 -0.0243146050631574 -0.122146940597783
0.0849935671666866 0.0144763998418478 -0.0095747993782897 -0.0621203685139023
0.0533141542552914 -0.00576687534802156 -0.0239880289428235 0.0164892828045081
-0.00323494206699484 -0.00157524835251575 -0.0560899003931549 0.0159840987814407
0.00786811875123459 -0.0299195052389924 0.0195579117710417 -0.0203966923787632
0.0422765122953739 0.00207611608575785 0.0800796819638153 0.042255626845864
0.0175395293055033 0.0594101097047124 0.0344780660982226 0.120619134689044
-0.035808311449591 0.0687148321107881 -0.0593844939171802 0.145814292026772
-0.0734108460859573 0.061044239605997 -0.106168352470068 0.201572928358781
-0.053018003171309 0.0632289465394141 -0.0163038874238428 0.297642046580314
0.00218478344602661 0.0107439114578422 0.241604126369419 0.271219073693763
-0.0414693315625595 -0.0162789719737153 0.363086902522215 -0.0348972154969368
-0.0916533564248163 0.0358340257908916 0.185295478682337 -0.293474247381964
-0.0330180269216828 0.0887889733996991 -0.0388886630277828 -0.30499421064692
-0.000565486812043464 0.10793355513347 -0.145600211096835 -0.182550636402524
-0.00385338357754008 -0.0184773021897403 0.125079035342186 0.235686559253778
0.00383601332214524 -0.0166352713469258 -0.0241498051249745 0.352886871175255
0.0406532719015177 -0.0129837900996639 -0.252129868239468 0.337059292399602
0.0293665044428675 -0.00161536875406516 -0.448740846048109 0.0412218352122538
0.0241444723954647 0.0140739838066597 -0.277372269722682 -0.350199883256856
0.0263678160318332 0.00426683004831519 0.0554050085911739 -0.383664090394158
0.0149574833613377 -0.00624273350270177 0.15319543255015 -0.237036261077782
0.00949454029151934 -0.00938264109817344 0.0786355493121881 -0.171081749252292
0.00267975604199559 -0.00981522021272349 -0.0443353117700493 -0.13327549832024
-0.0098381249382655 -0.000733177885654983 -0.109225080806053 -0.0195244419162753
-0.000217538458308527 0.00498445832042325 -0.0104307795294304 0.0549558741244338
0.00689730424977855 -0.00656690117727825 0.0579844553510953 -0.0328636026826828
-0.00781676416205416 0.0043496341150476 0.0247480257056558 -0.0336722633099827
-0.0143154409271576 -0.0048651540392232 0.0283748854286068 0.0550829176927691
0.000724014998342875 0.00781283962744207 0.0551100516766846 0.115594581303682
-0.00846918028577931 0.0750123689675332 0.138573092453395 0.219095998119105
-0.0408611721218565 0.0576842674625087 -0.0183129044679236 0.328398459115745
-0.0236769762817575 0.00472831613026002 -0.231535779313047 0.308455974501246
0.0213675842933779 -0.0121385047291029 -0.418627943221702 0.0185140240756924
0.0341657186748333 0.0544139575398347 -0.244867048474575 -0.328879517818867
-0.0211549440411569 0.0739274477475958 0.0530609858235868 -0.35040608661878
-0.0482987493363556 0.0551469866573919 0.14040485551249 -0.220918588209259
-0.0199407353338623 0.0533358846390604 0.0746863697813033 -0.160870854802347
0.0310717428659865 0.0364016656402361 -0.0315267859452935 -0.12747673982332
0.0284133446882729 -0.0126670782260649 -0.0869307531519039 -0.0312286373143069
-0.00650967445312131 -0.0254941344108422 -0.00749293955271151 0.0365349729456558
0.0133996819623513 -0.00663281757148047 0.0541109823557569 -0.0299188966421731
0.0487496877838806 -0.0104838529923341 0.015848698105868 -0.0192789763448933
0.0613148310502733 -0.00706129594365916 0.0159254290721628 0.0591208970552244
0.0596224623986462 0.0283540414565163 0.0470967300338203 0.115568708206261
0.000518001897043198 0.146201598658446 0.158545568436236 0.152840767640008
-0.0468190700959896 0.103769376110863 0.0296353090617057 0.239203403008384
-0.0456854070938182 0.014349147670664 -0.143732944215348 0.221247661308241
0.0200503349693782 -0.0169809514127058 -0.298683684178527 -0.0134696985562018
0.0280489315058687 0.0656880434220982 -0.179032598492306 -0.227410663881729
-0.0518221802860119 0.109548005826714 0.00916005524999192 -0.242278034226745
-0.0900278333424633 0.103951031241149 0.0879302298751604 -0.169146652554578
-0.0468749453513014 0.108805453774188 0.0590044001628554 -0.126744206868609
0.038775627270765 0.0783676089486036 0.00405769553617873 -0.106172672720041
0.0479871445621498 -0.00269949382319142 -0.028601045304815 -0.0602161504269395
-0.00212741628631501 -0.0321473502275319 0.0010218963576777 0.00211948660561853
0.0135050653808644 -0.00304920991228057 0.048766992318845 -0.0131997169186598
0.0740374287564701 0.000205211383242376 0.000850232408364896 0.00309895410756891
0.108798348778972 0.0168769901476187 -0.0261877077732806 0.0704194017110232
0.101074400583207 0.0608346769959875 0.00654769851462721 0.117105195607116
0.028609098682736 0.174459409119964 0.166050506676972 0.0616459477918079
-0.00578682062831845 0.119161594556827 0.0789422154003781 0.126633568542946
-0.0241036879306469 0.0172397898684841 -0.0539855171208826 0.133442192183492
0.0224133107770864 -0.0199777557032644 -0.176189779478302 -0.0223687907847965
0.0220666698397466 0.0466778236475094 -0.12465716223797 -0.114883216371558
-0.0470321243621807 0.108363844752824 -0.0428301754871859 -0.119178423904548
-0.0927884292788571 0.132737357674162 0.0250688225853051 -0.100796048133626
-0.0647092601462372 0.147991928965298 0.0359625647770835 -0.0763047915303824
0.0147359977586015 0.114003305806495 0.0363097030774614 -0.0628574074587097
0.0385618918495455 0.0271185566720289 0.0335257034112631 -0.0575536352540865
0.00665338644260601 -0.0208054746872188 0.0316080191808862 -0.00960640172618994
0.00438809963660328 -0.00425929027973103 0.0494437613306259 -0.00526462328608299
0.0588177603885246 0.0190456292350214 -0.0174095441346046 -0.00209811214087007
0.111754095489122 0.0637297023319092 -0.0807949612479573 0.0545677278429901
0.112377451870279 0.108438161027861 -0.0520982821374455 0.0997312018394727
0.0657064924841407 0.16281613431846 0.146700419994122 -0.0263666380881995
0.0530573704651491 0.109844737454986 0.0950269515937449 0.0252249123036896
0.00752238060695157 0.0172427872010166 -0.00182496857283076 0.0662317988099749
0.0172048994409357 -0.0207854759910146 -0.0963656354855373 -0.0190353713804582
0.0190618122010003 0.0150295646546359 -0.0865109390120889 -0.0300353230151785
-0.0153911503833343 0.087901676921282 -0.0664620534038153 -0.0199202320244393
-0.0619300672215467 0.143430928875049 -0.0187622501179479 -0.0264947707396276
-0.0739327358459033 0.163712316156863 0.00773138979315378 -0.0139749976522228
-0.0302341535527663 0.134111864393715 0.0443680666545442 -0.00257300822022436
0.00825349632229639 0.0588513796060508 0.0708174784730733 -0.0111839339025038
0.0120837894170601 -0.00852011853875751 0.0727444801335071 0.0177444032888291
-0.0025646485618294 -0.0144461076973504 0.0697822298246346 -0.00892516853831519
0.0199126269351886 0.0294101607106222 -0.0199088046293396 -0.0441542490276393
0.0770828574475326 0.10792033609668 -0.120272396939764 -0.00119403475949499
0.0943661783279171 0.155419653861019 -0.105956641368643 0.051129705626956
0.0935967060091599 0.121859995961385 0.0998715314196956 -0.0903106826982494
0.10083295282596 0.0814082559820609 0.0790461825573278 -0.0442858927895928
0.0385576654905284 0.016305988337488 0.00628841692355212 0.0237337825588308
0.00797024086310689 -0.016085700421452 -0.0591758940153997 -0.0142590667365205
0.0209602359335575 -0.0127220658156442 -0.042758934562189 0.0122374304698362
0.0240107754139947 0.0601459567440087 -0.043720538214247 0.046357366550598
-0.0214670312104698 0.13303955969781 -0.0274242395901579 0.0422121935105747
-0.0698142593329514 0.153929170032608 -0.0196227780051801 0.0489698017359381
-0.0739636203852927 0.132800622343179 0.0149238469704037 0.0705852602577456
-0.0278001598616853 0.0824754803649694 0.0688401400206175 0.0711906771629345
0.015811863719991 0.0045672912204877 0.12101870239484 0.077585898651038
-0.0108885839327264 -0.0223511044615541 0.129971345845184 -0.0143048882383049
-0.0292862241800437 0.0346409938763486 0.0140122190895981 -0.114310975622115
0.0251493556275023 0.133790415305945 -0.126189087183817 -0.0912896960846816
0.0588144984638262 0.180673769053095 -0.138272218557432 -0.0254937822694502
0.0932035272590831 0.0697482237142543 0.0347741758005259 -0.120577644849354
0.116900048117452 0.0430446725998379 0.0366614673241615 -0.0723341658022524
0.0600692502046895 0.0042460371080563 -0.00815817688450451 0.0056449313603494
0.00114846688037459 -0.0101560649493031 -0.0487186948823468 -0.00553474018651158
0.0156219540986059 -0.0323817359245825 0.00109817197715812 0.010192444445574
0.0499365129494051 0.025482933324321 0.0167818787853057 0.0668379945878738
0.0113110919345442 0.103746710531971 -0.00141620685542686 0.0936569402480023
-0.0577856190606283 0.120670975542441 -0.0431860764354338 0.105339941286788
-0.0932613535429342 0.108953888585697 -0.0430752520058519 0.144296229520348
-0.0537147604280124 0.0897019414914344 0.0333938489101974 0.183342422312986
0.013587173025376 0.016688618545271 0.181002784880132 0.17153919787651
-0.0264713504754369 -0.0243419720611443 0.239489358304383 -0.0205801431028668
-0.0792779975747478 0.0387651512455371 0.0947713274375593 -0.204334407770005
-0.0221807284810959 0.130255694438975 -0.0916809223460534 -0.204224781141004
0.0210766533757797 0.167617332048731 -0.149167457782097 -0.114108352314982
0.0594545179746152 0.0258857765179813 -0.0235160014109229 -0.124174149930538
0.0858428103769031 0.016562676515967 -0.0092412632113902 -0.0638542152598032
0.0547266619241397 -0.00630542529187031 -0.0241761294408838 0.0162563644901253
-0.00369726877209094 -0.00211010778843022 -0.0561535011622753 0.0167240098941534
0.00677834631677572 -0.0304897195847294 0.0203762242263154 -0.0219606751171206
0.0427017976313151 0.00204101618394837 0.0805883100693849 0.0440315327868892
0.0170152941767624 0.0600519032221851 0.0347269106450697 0.123983120591187
-0.0376300816066601 0.0700705607091314 -0.0600046374181075 0.147170278355681
-0.075590627496885 0.0612753185830413 -0.108673812168586 0.203851470274809
-0.0529602965755285 0.0645529797201535 -0.0193284422533702 0.304011968865505
0.00265176574011561 0.0122662948262332 0.24664311285211 0.279710849804878
-0.0407585930199057 -0.0156630376255482 0.37319402744292 -0.0318136117829976
-0.0945426103185289 0.0362645914522628 0.193173650207211 -0.297626936898925
-0.0358707936369569 0.0910025446447265 -0.0351800551170219 -0.312390018107975
-0.00258095185110202 0.110230053644629 -0.145716169305625 -0.188647969766136
-0.00356199824413393 -0.0177134689452458 0.131583692799181 0.24582192695581
0.00228660726891627 -0.0169858406787913 -0.0254028145214099 0.363608890282104
0.0410024059143099 -0.0138915264595283 -0.26108571231574 0.349625628202458
0.0306109690117874 -0.00159737781054479 -0.465411324068758 0.0438968341707972
0.0254436426857482 0.01317550297206 -0.290030607640235 -0.362814338010479
0.0275959638693366 0.00366483445220074 0.054180430340138 -0.396953305628258
0.0147313161296478 -0.00659852376282913 0.155792009347799 -0.244777409172746
0.00929869910323517 -0.00935996699237327 0.080169747077741 -0.177169756750512
0.00240808367465256 -0.010204351012792 -0.0461301414142086 -0.138063797518374
-0.0099070407076492 0.000147696270999628 -0.112140660965018 -0.0199223968339252
2.36055780298303E-05 0.0051704347857211 -0.00913308304955176 0.0566151608866372
0.00719361150390272 -0.00585875331683662 0.0580375288776162 -0.0338488871887259
-0.00740118006499315 0.00302831145412253 0.0249307219259321 -0.0342575833603338
-0.0149768385409449 -0.00518900689921759 0.0307336136116693 0.0566021036663108
0.000351501932496543 0.00774142459066133 0.057244488585289 0.117601733208172
-0.00919411561312552 0.0791492178585727 0.141238780875423 0.226253503671705
-0.0436334222538898 0.0606858733807487 -0.0193353022331398 0.340864311256906
-0.0260999781756896 0.00509179832892938 -0.24027759116139 0.317814681651625
0.021427978156845 -0.0127535742464677 -0.432816742926441 0.0198960243658582
0.0359518750824604 0.0567082071236188 -0.256011209121617 -0.339925633645943
-0.0203765935437258 0.07666466297669 0.0534759119420306 -0.363415912852794
-0.0492443663935818 0.0563424140095663 0.142358760333769 -0.228059205006987
-0.0206920218314502 0.0561870107626717 0.0752010497711575 -0.166590045344135
0.033083064081706 0.0362929784038672 -0.0333690353216367 -0.131673736791139
0.029469536837026 -0.013373796806437 -0.0895356861193552 -0.0322634495378582
-0.00591061444730449 -0.0269719586536021 -0.00793950413343985 0.0373240172987728
0.0150786402213749 -0.00752640322785391 0.05570199760071 -0.0305561645366742
0.0502510753804636 -0.0102145834195965 0.0165006449078913 -0.0199344349999793
0.0640846277285084 -0.00745776635340265 0.0165902080945218 0.0608387900875186
0.0618371972033692 0.0293087090993938 0.0490326835565669 0.118170848476716
-6.89288976387734E-05 0.151136610239189 0.163095529088487 0.157122613237136
-0.0494401929179806 0.109179162383183 0.0310765234503361 0.247258181622997
-0.0474743980702867 0.0158246867859657 -0.149321382259753 0.227861846590682
0.0213255102202114 -0.0179752548905969 -0.309407271722011 -0.0130752464011537
0.0304511902446385 0.0697682385472809 -0.187636933190879 -0.236300634860932
-0.0521697494346292 0.11440587983004 0.00743558716465759 -0.249179795795886
-0.0923506882197299 0.107233484954998 0.0889434022119551 -0.175138026398446
-0.0477857973088488 0.113145321467801 0.059498251730868 -0.131454977888604
0.0407307947375487 0.0797037853305272 0.00318054575455083 -0.109961611143029
0.0490162646380086 -0.00383535547569996 -0.0293135402377186 -0.0627179798569168
-0.0025445285752566 -0.0328763466374694 0.000995808590852195 0.0015170518303504
0.0140243655804651 -0.00152285103822384 0.0515681240107831 -0.0127999575736547
0.0763538505150223 -0.00188762355458051 0.000139710756533609 0.00239653823713387
0.11222115021679 0.0176823686637856 -0.027147753233028 0.0710398596401511
0.10422512446733 0.0635251104012205 0.00607532513819776 0.120381047854247
0.0285126355127968 0.181559370414373 0.171727032676996 0.0620245506568665
-0.00777441240786884 0.123044419670054 0.081464571308081 0.129378673899621
-0.0266646592098042 0.018456860997575 -0.0553891133742815 0.137456678038499
0.0222049742243635 -0.0194802664374897 -0.181990301392331 -0.023090487185207
0.0241085683990342 0.0487059489862532 -0.130159079486824 -0.118776794492114
-0.0481171647040558 0.111535383857161 -0.0446599446984135 -0.122680294190828
-0.0942497517431027 0.138372452719159 0.0242301800334458 -0.102704273275822
-0.0665770355461115 0.152903809539962 0.0361035880445887 -0.0788120704924368
0.0167262603819819 0.11552909551647 0.0368232863524209 -0.0664482059432263
0.0404846839644242 0.0274147227347721 0.0337497844992603 -0.0607455721773598
0.00687847884487179 -0.0222112512478441 0.0320731979808299 -0.0100288025155628
0.0068918076641746 -0.00528016160918235 0.0512562334091655 -0.00693396165236457
0.059852511212022 0.0198723027204876 -0.0194906123953624 -0.00240030875714229
0.114257821001393 0.0657564158280809 -0.0827222686138799 0.0558285969991863
0.115773708406812 0.111602511087313 -0.0529733977695856 0.102984225354166
0.0693153436413523 0.169045092235427 0.151189329153356 -0.0273364602942888
0.053801295686213 0.113635202370997 0.0992469148375173 0.0253806980233075
0.00844942211305613 0.0196688264501591 -0.00234170148386081 0.067940029077193
0.0172629123687972 -0.0200754188749541 -0.10104297330477 -0.0189978501216518
0.0215776085911022 0.0165786186403183 -0.0905523290094893 -0.0315885135762001
-0.0141101768363722 0.0921901941334953 -0.0689338363113616 -0.0198356757891078
-0.0633254404809596 0.148395727305653 -0.0193076565290777 -0.0268235201076942
-0.0744283647953915 0.16906280156238 0.00774425194989902 -0.0149179531166237
-0.0286968231951902 0.135458149023075 0.0446638456726468 -0.00395097228148789
0.0100823351103434 0.0611264660352644 0.0713179929071326 -0.0136925242448621
0.0135397394191317 -0.00840864221573482 0.0753311180764258 0.0169526522324753
-0.00195365241952192 -0.0147684334276466 0.073150067183295 -0.00931664859478857
0.0206895974785276 0.031404574780054 -0.0215911682962828 -0.0457022569113042
0.0803259396767278 0.112883576504516 -0.124670569216305 -0.000324218591966208
0.097355964944619 0.161045586799709 -0.108831020945443 0.0532579574868876
0.0962318973054696 0.125617696944325 0.102913263727376 -0.0929379388201829
0.103724611548922 0.085860190395669 0.0827416982278888 -0.047340150063573
0.039025802609866 0.0159003345925158 0.00792677737858014 0.0233075265389093
0.00827185456569195 -0.0161789616490728 -0.0605578212123465 -0.0140101395643029
0.0211422134857054 -0.0124140315565897 -0.0443176167962509 0.0129885151203852
0.0245876302639056 0.0620881922996986 -0.045023807203286 0.0479318003314341
-0.0207043146162582 0.137800300025155 -0.0272831293077469 0.0436626337122711
-0.0710206563631719 0.158420348206744 -0.0202572124532115 0.0499322846407973
-0.0730298790887904 0.138583361277798 0.0155006040492176 0.0709254087299885
-0.0270253630797391 0.0853951015432465 0.0712748113454631 0.0727334910806322
0.0168243904101275 0.00496242355095577 0.125785454930479 0.0789965627152683
-0.0109500085821626 -0.023122278674043 0.135216239722618 -0.0163217393461248
-0.0306584296844197 0.0372057192263206 0.0134623035100616 -0.117553300204856
0.0250282787194253 0.138387910610701 -0.130097409539682 -0.0936031220015432
0.0604042996419644 0.186003323678708 -0.143908929939842 -0.0270850780492977
0.0962838211883563 0.0704755848968207 0.0358343576720548 -0.124171020877651
0.12067839184774 0.0457730838499506 0.0382297905254922 -0.074610221608699
0.0622254376711656 0.0042229782532924 -0.00667794764186453 0.00602037607340157
0.0016053989473187 -0.00901881430528409 -0.0506207844820334 -0.00626303894409082
0.0161783201077809 -0.0338465457021477 0.00113940152403731 0.0110885077093412
0.0504121172239682 0.0258336911251705 0.0172797112727184 0.0685859199502849
0.0123931586664736 0.10631353945645 -0.00129932701704422 0.097463214089235
-0.0587373528890155 0.124417001662303 -0.0443952713325074 0.108455037906203
-0.0961702691342792 0.113283751983041 -0.0439165188667138 0.146815124810737
-0.0529226306289795 0.0943150462438627 0.0339599627951595 0.188823494947583
0.0140033196064211 0.0173060662279729 0.188944072470257 0.175940657541013
-0.0290366576201497 -0.0234881579495971 0.249154295338801 -0.022526456407408
-0.0821381504920524 0.0408558639267692 0.0969498077322016 -0.210554654023384
-0.0240247288613221 0.135764344716691 -0.0950110751692654 -0.210575826282139
0.0203933455745927 0.172645423007304 -0.155368668956864 -0.118843652709183
0.0612460185241343 0.0254035857195775 -0.025423902999475 -0.128627148807974
0.088981603229093 0.01617228202667 -0.00812794852971934 -0.0658573668925509
0.0563045644326671 -0.00747135069871078 -0.022684399175826 0.0178115761836943
-0.00275606017461823 -0.00168430831533083 -0.0572122089986785 0.0157095218759796
0.00664409513996306 -0.0322256465108643 0.0208904940447544 -0.0224970173871944
0.0441127242456833 0.000976433039506494 0.0819340826667613 0.0446599065171469
0.0172872060393721 0.0626907969424547 0.0350552758759385 0.127956168391793
-0.0376541868568048 0.0712654926266434 -0.0607478368630923 0.151481063053487
-0.0774434613453374 0.0651541226542484 -0.110322761567548 0.210172815642414
-0.0534168657136404 0.0679164124267288 -0.0167775102258379 0.313292240823235
0.00406728871407307 0.0127467010568451 0.255610998337835 0.288506720518747
-0.0429452098765226 -0.0150005908977823 0.386734426851138 -0.0345900900764665
-0.0981396999067714 0.0378274784344452 0.198160696946143 -0.30868517583221
-0.0362365936778254 0.0949034476927565 -0.0375663406751278 -0.321320767234748
-0.00284507777142851 0.113598891366822 -0.15108851354096 -0.194696684262266
-0.00117320731624821 -0.01965582668919 0.130060051028605 0.263622591168292
0.00715787733824821 -0.0177045173909964 -0.0433412634055741 0.382492088309259
0.0463178213947699 -0.00995111741675491 -0.28803658617598 0.355843230294838
0.0320754383670055 0.00109690004522376 -0.4914849845713 0.0281963028707272
0.0229739030598703 0.015241241569563 -0.290218204999781 -0.388530203884607
0.0253235311399592 0.00318704366150201 0.0714001985602568 -0.412564262052611
0.0142610079543036 -0.0073466175414343 0.169729434981398 -0.250443348324616
0.0101572646712828 -0.00931651539601472 0.0889631236683843 -0.181485245342833
0.00347146931757264 -0.0105875770254193 -0.0430393561488896 -0.146443684059574
-0.0104236626399297 2.64262283763215E-05 -0.116842538405466 -0.0260174547350809
0.0012179712713026 0.00484801086265368 -0.0129447087204799 0.0592188843985839
0.00778515089699149 -0.00658741462128784 0.0624247725320968 -0.0338018787360537
-0.00945423970140804 0.00495365939611998 0.0277955593010528 -0.0359348738989546
-0.0154720029015046 -0.00700788215286459 0.0295258696379547 0.0589296605463257
-0.000749750489441862 0.00754652665966737 0.0548440221526079 0.124760055364077
-0.0116742455382612 0.0814370990774509 0.142124300600073 0.245513603894858
-0.0455316377580172 0.0604872637615918 -0.0345167606677369 0.359126072937233
-0.024584486905586 0.0072387917261567 -0.264962173090383 0.325886235538927
0.0228307491817977 -0.00926972412325779 -0.45533792903556 0.00246911237303073
0.0336093746969446 0.0605449982072422 -0.256755280805306 -0.364179582127881
-0.0261015439940244 0.0776897920165551 0.0663576298148002 -0.377007763706885
-0.0552893637785376 0.0583710229237251 0.155605254474575 -0.231273910667224
-0.0234275534678158 0.0572708792453646 0.0843538278715329 -0.170724463710633
0.0328088592429407 0.0381485678257634 -0.03133474532222 -0.139122087105443
0.0306868782112393 -0.0139446901791469 -0.0921159130159043 -0.0381795814252197
-0.00570632136207719 -0.0284670544898248 -0.00996827779640235 0.0381530890339771
0.0155135059769035 -0.00726186591420496 0.0603368605585194 -0.0296944122383394
0.052335634475271 -0.00906332164725406 0.0174096679905587 -0.020354060211092
0.0657460546303521 -0.00671537922817062 0.0148487529284163 0.0640676818834195
0.0624900580432643 0.0314399770067395 0.0460234585721945 0.126693591258633
-0.00697703230972796 0.157601902292098 0.166029648955048 0.170722607470014
-0.0555844171384297 0.112292964783355 0.0225907127307466 0.260564337265234
-0.0506885984114293 0.0162817423619611 -0.165645216370366 0.234249206010079
0.0214141933969543 -0.0138663581143584 -0.325772189963125 -0.0253369259907775
0.028977979711927 0.0749485941723464 -0.188080378534972 -0.253611545249319
-0.0596883430683377 0.116536108165559 0.0168624681482636 -0.260112257894394
-0.0999639131519792 0.108594011463663 0.0974856117005 -0.178493476895886
-0.0527435967683916 0.115453034320342 0.0666126293877063 -0.134996912079926
0.0393993308172789 0.0819839252391881 0.00627621389265617 -0.11560341407819
0.051784784557953 -0.00286403156983495 -0.0293862959058745 -0.0664947373060538
-0.000930204948687997 -0.0342219565928687 0.00137659446840656 0.00184687606463597
0.0158569365738491 -0.00313681604937126 0.0533347881450172 -0.0128314620384266
0.0784629694496459 0.0010235660973765 -0.00142993004366954 0.00408330993088881
0.113876518094982 0.0209433555424879 -0.0316717466154335 0.0743164417338558
0.105269918896342 0.0671452890015293 0.000646697576105729 0.126830785963271
0.0204466589155934 0.189609166104675 0.178445308649767 0.0721145288730427
-0.0144747283006348 0.128051927296425 0.0803203357331778 0.139049553280463
-0.0266836110208663 0.0193406214419313 -0.0625984201911151 0.140628804049243
0.0236648956865323 -0.0178805262143745 -0.190617224308442 -0.0309089416957171
0.0225564334247354 0.0530630034728046 -0.13233439150815 -0.126974263745635
-0.0525685818674667 0.115518333968406 -0.0423263127453581 -0.129704474166317
-0.103318552862987 0.141175416608501 0.0293423712740148 -0.105880446773188
-0.0743034009347063 0.155528605359742 0.0399175054648699 -0.0805799975568923
0.014278769235331 0.12025838903093 0.0397077252111583 -0.0693588022462898
0.0418187979854385 0.029284468158139 0.0371285420217612 -0.0629186089465692
0.00809243504025226 -0.0222572513209043 0.0351619977214802 -0.00942966052357759
0.00732107955034442 -0.00408934111480648 0.0550619481804519 -0.00536356683432693
0.0623281055242125 0.0234023399655608 -0.0213291936806505 -0.00249759596385308
0.116732003423823 0.0729923218006957 -0.089671416929437 0.0566902859543033
0.115525890116988 0.11874515445744 -0.0623155419728998 0.105833403576345
0.0618970241720395 0.177616367983122 0.161013068185237 -0.0244282937211773
0.0487278402141398 0.121778385063552 0.10347815807728 0.0291357668272492
0.00727627631834131 0.0223936702703672 -0.00483812679747601 0.070076627054785
0.0195329257887539 -0.0182717174107926 -0.104574815319127 -0.0249981341369879
0.022515897614444 0.0195173154596713 -0.0932850667282739 -0.0362790166562623
-0.0181422316294696 0.0951286925529503 -0.0719727468786775 -0.0224520193542833
-0.071470737149828 0.15177021782001 -0.0190040219318824 -0.0282105088033591
-0.0836353529706965 0.172694822147576 0.0080093791114199 -0.0149034153921051
-0.0336839555198608 0.140718492010071 0.0461412621193144 -0.00319974271831956
0.00913054399556555 0.063638609284752 0.0752902118809218 -0.0106102585606111
0.0154114946579738 -0.00910630257015235 0.0791597934757412 0.0208528928782159
-0.00267851408053583 -0.0135185765787299 0.0785809769388621 -0.00748234743012246
0.0205241926351544 0.0347790116076313 -0.0222665070317334 -0.0485469510982436
0.0789711569807374 0.119983627192591 -0.131609092884938 -0.00544646604505391
0.0955795498613855 0.16903320526839 -0.118827548052201 0.0501274468572828
0.0922012134518125 0.134618826589797 0.110879629110882 -0.0944381924872721
0.102210052241949 0.0925626642955337 0.0876743402474788 -0.0471280144502605
0.0396303156116921 0.0205274049503986 0.00703615668431452 0.0236428456479909
0.00941302958282488 -0.0157120683453341 -0.0631604573523277 -0.0167022523901
0.0238582479810756 -0.0113132041692199 -0.0468833862980163 0.0113011332151462
0.0246397009636841 0.0651328060180602 -0.0490564187625033 0.0488288501876004
-0.0254243578249924 0.142016592663745 -0.0293948651458383 0.0452286173333524
-0.0795665447073632 0.161401905978805 -0.0234189453321761 0.0519808420902089
-0.0818329738137495 0.140807404872566 0.0127452606955216 0.0735999504628916
-0.0296310721150909 0.088241042445926 0.0712216252824601 0.0794968776451643
0.0177701518573522 0.00584275836402112 0.13004497084993 0.0892089040857972
-0.0126354238946133 -0.0222210762879785 0.145170754757864 -0.0110593785486147
-0.0335570205366709 0.0402639502116226 0.0192594005278468 -0.123726240042255
0.0211499275451862 0.147371846053143 -0.134224262286786 -0.104778310402386
0.0561116698980962 0.195886156547726 -0.153255182877996 -0.0347969904025319
0.0947186880860066 0.078654926571228 0.039767379738543 -0.128912856460488
0.122404248921825 0.052056910927013 0.0429497995598431 -0.0790202095072986
0.0647600282646094 0.00752996199939367 -0.00641992414114112 0.00530086249230341
0.0014791274338463 -0.0103731867543575 -0.0524823540904605 -0.00830811722209207
0.0173857456561637 -0.0342733279732542 0.00112793528234732 0.0102443657817313
0.0526098875279088 0.0284340708428511 0.0163649712241686 0.0721968076227909
0.00950258429739977 0.110775248766631 -0.00449501119460114 0.100799615646539
-0.0649073637192756 0.125528234829851 -0.0497100979310051 0.111757314000427
-0.101977998896291 0.115596063539603 -0.0509807542554786 0.150911314259554
-0.056391503222417 0.0962694227771691 0.0280855120575076 0.200398263392502
0.0134511955231531 0.0187969420069422 0.192622386486065 0.195001214674739
-0.0318636033865701 -0.0251692525723762 0.265656306700487 -0.0133888042251672
-0.088837896817439 0.0429323892011065 0.111814508649609 -0.217089977933638
-0.0300557137629298 0.143859088455624 -0.0908143081017274 -0.22604948643794
0.0166846632444029 0.183475552028443 -0.159322784609295 -0.13329537119239
0.0614821243272669 0.0306630258152443 -0.0233109865763557 -0.135628769067325
0.0898939564469106 0.0196317910944933 -0.00678432318272176 -0.0695789467289998
0.0602583748951679 -0.00595662096325572 -0.0242518718648426 0.016688255601934
-0.00296839095543624 -0.00235455368005257 -0.0594496027095167 0.0147538602667154
0.00744302856544304 -0.0341268692217809 0.0243369715269009 -0.0240859912401642
0.0472193552244694 0.00264719118020238 0.0845833157220847 0.0485584768083758
0.0168830269596353 0.0650064621786909 0.0321629813531446 0.134873055580427
-0.041845209854044 0.0728599073034484 -0.0688386120053639 0.153790664033117
-0.0819130164590488 0.0649629323002694 -0.12341107007837 0.215094189563316
-0.0574276883209082 0.0683763896420215 -0.0311240703038226 0.32823690907754
0.00310001677204376 0.0111524009371884 0.260061347579968 0.315196807088643
-0.0488827812371782 -0.0179812758021108 0.412558098199822 -0.0198469151905382
-0.105556243724436 0.0395081024521506 0.222874382407378 -0.315831156375796
-0.0438105317269494 0.102175778937909 -0.0252857013959605 -0.340144579151557
-0.00635989258725224 0.121735191953071 -0.151489724475446 -0.214292847337414
-0.00207986054687087 -0.0195967752107868 0.141371203456609 0.269084113774254
0.00801491202269477 -0.0192326723734763 -0.0337762145398683 0.399007126364779
0.0482365661638381 -0.0123034155758221 -0.288275928326164 0.379452917318538
0.0332926265645238 0.00108167026719473 -0.509678909097313 0.0440401692627997
0.0233142194395927 0.0146287275615384 -0.317714874044126 -0.392381355905913
0.025917992127929 0.00243070062969929 0.0586782820442043 -0.432290955972928
0.0137428761886706 -0.00628460378062629 0.166421948151274 -0.264218305254734
0.00976631735338758 -0.0104176605331225 0.0842377080452492 -0.190620530608435
0.00269470913887326 -0.0113159206974448 -0.04962972678971 -0.150025255416263
-0.0105089432179495 5.51335792080233E-05 -0.12195311587577 -0.0230103476519254
0.0018735028536923 0.006219268356305 -0.00941058135835236 0.0600882590583472
0.00692166161067893 -0.00563164337267512 0.0643790492557879 -0.0360586671358516
-0.00859821296141291 0.00405179714954188 0.0275677669581206 -0.0372378795512395
-0.016031998368512 -0.00663769328653904 0.032583267632474 0.0603604828935359
0.0011075172866924 0.00808757814642395 0.0617341638498587 0.12726802699713
-0.0107144892712572 0.0844690856445459 0.154569681699955 0.248277922211795
-0.0443420079967185 0.0649842850155735 -0.0251700164095419 0.372088992868324
-0.0269471635294893 0.0079872354587438 -0.264118198109513 0.345707497801534
0.0231984825572409 -0.0110228089201828 -0.473324032226036 0.0185302329172021
0.0371405092745967 0.0625506346692959 -0.282024268980751 -0.368566513197251
-0.0238681465447358 0.0829914458086267 0.0553136248056069 -0.394550040979151
-0.0546296858781643 0.0614247001207443 0.152443261070919 -0.246245653176166
-0.0214994132741583 0.058804944566843 0.0800605518808525 -0.179063407053338
0.0352032268597657 0.0365022559365878 -0.0372368633242499 -0.142890748561371
0.0319202319410002 -0.0146745707570923 -0.096190636376413 -0.0363665984618323
-0.00658565598278658 -0.028954867889135 -0.00805448227274679 0.0395571987223677
0.0154600594846973 -0.00717784033522837 0.0600705565305393 -0.0336465989518728
0.0529829651668045 -0.0111418921461836 0.0163773311708212 -0.020798052854367
0.0675464791329115 -0.00967610284526617 0.0178852663507857 0.0659474546914157
0.0657609229832055 0.0313203906505145 0.0525858947799637 0.128349883538359
-0.00327729112657895 0.163375094525398 0.178120457369802 0.171991857443537
-0.0542979886558687 0.118576087262227 0.0317255557687105 0.268423727086904
-0.053033957132874 0.0192241206950131 -0.163514764440164 0.247480687491022
0.0226931725018475 -0.0150443812251356 -0.338137118195444 -0.0166586189183726
0.0328688782136379 0.0765413140726543 -0.204450956572949 -0.255944913464734
-0.056346193763226 0.12418501323119 0.00719112098589492 -0.269200021448723
-0.0988713961735401 0.116584713136162 0.0948509255221507 -0.186608112253424
-0.0502659233429742 0.121311324096551 0.0637508379797953 -0.142210615158732
0.0434423885189421 0.0840196947691584 0.00109806270478467 -0.118469026482259
0.053607049080744 -0.00521010668198368 -0.0321840597859879 -0.068235596307448
-0.0013220627893826 -0.0362573333459198 0.00214488984757548 0.00128985004930037
0.0156859268011375 -0.00240214071730727 0.055155697764855 -0.014739628773165
0.0807586908889675 -0.000221458167644781 -0.000676086406290431 0.00386271992257502
0.119220450910535 0.0179666697443087 -0.030000309721964 0.0773973487612829
0.111010808139382 0.0667496925209806 0.00578169409501356 0.130707938017938
0.0269885852170504 0.196185967121679 0.187010212246896 0.0684476706864134
-0.0106183723130033 0.133702738079408 0.0864485440907806 0.140591006458983
-0.0284879149276105 0.0222447590465806 -0.0594971577499057 0.147741971424204
0.0246457908432641 -0.0181149526956678 -0.198677809707468 -0.0262911463929052
0.0257046116944196 0.0546490129069201 -0.142579064670109 -0.127959526159431
-0.0493137926102231 0.121898598024142 -0.049491338388777 -0.131461155779192
-0.102119221603891 0.149960225263602 0.0263402966954465 -0.110307850409341
-0.0705992867158465 0.163245379969139 0.0369639772726408 -0.0853775963159926
0.01894500068215 0.122498371188963 0.0380977211440342 -0.0734873067601288
0.044760944208134 0.0297692817441091 0.0364162083880853 -0.0667049187928806
0.00837045928462411 -0.0238081151555995 0.0353150495261252 -0.0120141600899688
0.00714975101524906 -0.00365080144462645 0.0562517748383 -0.00622621460865025
0.0654336007309828 0.0231305782705538 -0.0229929415304077 -0.0015413538877422
0.122710533121357 0.0722794548635727 -0.0921157744710981 0.0613029833376821
0.123521700560373 0.118970478031584 -0.0600804936971435 0.110172512574182
0.0688263257429572 0.182622386371831 0.165106398583821 -0.0309722648923264
0.0543073619791483 0.124507762514636 0.108475050965905 0.0265451903228466
0.0068488047456678 0.023754474518326 -0.00103827646202601 0.0727263941614324
0.0184022108910922 -0.0192336537644889 -0.110982787059553 -0.0212185417506039
0.0240207099315161 0.0204386473053976 -0.0984320939807372 -0.0348251231098569
-0.013868821574698 0.100198497243676 -0.0749855468823694 -0.0210629262590811
-0.0676522984065921 0.15903568715241 -0.0205940533695682 -0.0273329594104178
-0.0788275800533568 0.181284124502311 0.00796356211765849 -0.0169009111928288
-0.0297973070166956 0.145734777908533 0.047359203079914 -0.00620707400389522
0.0116319882287322 0.0665361848785792 0.0763822352814357 -0.0135298228647619
0.0154385941314728 -0.00912550528842609 0.0825650887074633 0.0191824767025188
-0.00247707463325773 -0.0136090530991363 0.0806816088798713 -0.011820193238993
0.0220127159696574 0.0371164151905376 -0.0250633034173779 -0.04972150203731
0.0853929707719358 0.122768721772206 -0.136047668223903 -7.83541248585941E-05
0.104217361531539 0.172126197330228 -0.12029647812674 0.0566879243724193
0.0993345090458478 0.137407117959775 0.111073216536872 -0.101746895297773
0.10929000000736 0.0913377733962193 0.0897563274425573 -0.0528457217362312
0.0428365270868343 0.0187997556281993 0.00989244197192901 0.0232026246505764
0.00905891457745094 -0.0155690384464092 -0.0658093854057807 -0.0159295972960569
0.02359340420919 -0.0136644275436499 -0.0497797152936661 0.0124645733374893
0.0289274233038592 0.0658470720028293 -0.048892448093092 0.0518270607094375
-0.0218833820484749 0.147607492333568 -0.0285603009226801 0.0479479519251956
-0.076875030636353 0.169623450881315 -0.0222684020739653 0.0543005273897279
-0.0776577913737253 0.147997099294998 0.015886043351965 0.0745999354870687
-0.0267450062353736 0.0934284858148473 0.0744742727354485 0.0800930318313481
0.0184860815234962 0.00648005351662783 0.138517308067008 0.0885081638601815
-0.0142314474118787 -0.0220959732381393 0.149743120053174 -0.0172689600966816
-0.0342186047747554 0.0439879830183894 0.0158769989449247 -0.12917941467101
0.0256560285266629 0.152214088226779 -0.141889643045358 -0.102592377714655
0.0650581350466543 0.201888844092865 -0.159041637912257 -0.0320828150875997
0.0987931586416585 0.0783086000822112 0.037001993935773 -0.134292447475499
0.128282869977722 0.0497338127618555 0.0419422247365863 -0.0834385194613832
0.0677012832437589 0.0043811667644051 -0.00641156981321667 0.00555359875142288
0.000759543767625076 -0.00970865067340176 -0.0546599370648112 -0.00723843013294205
0.0170307966550222 -0.0371780728479396 0.000527093602860457 0.0101255088223172
0.0557304956193845 0.0257541124720296 0.0189046912967979 0.0736753823004715
0.014851669915924 0.113620310883593 -0.00133656993376583 0.105142245764794
-0.0626493330166511 0.133329125632558 -0.0473373341807485 0.117041115412517
-0.10094823855054 0.123140139709382 -0.0484265070571711 0.156276698927319
-0.0542105360460634 0.103670720456304 0.0361585499319094 0.206089107027043
0.0163018664872434 0.0186518871735001 0.207768262201676 0.193818016717583
-0.0343916512685014 -0.0232161558379334 0.277899516309545 -0.022967934985243
-0.0907254837408308 0.0487701052588088 0.108708508751849 -0.230024508140483
-0.0264636632512965 0.151017047635541 -0.10180006155291 -0.231003192244079
0.0238840535467542 0.189119611772235 -0.168718801441543 -0.132737720363358
0.0647351192688331 0.0296348259838496 -0.0287999688232212 -0.138050001900298
0.0938279349086675 0.017020164875324 -0.00883930148048418 -0.0710111364000545
0.0623013764210041 -0.00838884047937874 -0.0227354356055163 0.0170287663288641
-0.00427273986737414 -0.00198996645229117 -0.0606759569948251 0.0152790958690921
0.00618718486425846 -0.0359977959944565 0.0248615026635439 -0.0267281443834334
0.049685340536791 0.000602374387041335 0.0894907483070979 0.0483296517975085
0.0205580449296326 0.0665340302099227 0.0390077949358276 0.138038779291025
-0.0400503347358826 0.0758289803930587 -0.0656049957325457 0.160737309609541
-0.0807414601067935 0.0708115965556623 -0.117980229546475 0.226256565937736
-0.0553454977617016 0.0733909027893809 -0.0219484417908214 0.342175278274112
0.00394451942505112 0.0119429779110344 0.281517171406458 0.316697530423607
-0.0505512401430231 -0.0150626690389734 0.426482898293286 -0.0346867878635112
-0.108859753443781 0.0456000634380167 0.22273448808618 -0.334746612291702
-0.0420393016217466 0.108333944604314 -0.0365916206131466 -0.353251554942685
-0.00304056098368132 0.12694593621501 -0.161635243119896 -0.216486767128332
-0.00248251394305281 -0.0205712140981062 0.156145251311842 0.274481537792488
0.00713506392007741 -0.0203513774394763 -0.0190674663025118 0.411796042256393
0.0488188565292226 -0.0157875213809551 -0.283170719673798 0.401965404465471
0.0348277505604299 -0.000549758558990657 -0.523943051783621 0.0667695812547467
0.0254304183142625 0.0136052646839374 -0.345032277363273 -0.394584170134346
0.0266369688728398 0.00122396047001748 0.0404300047879327 -0.447790487658562
0.0147830541879371 -0.00666071894882772 0.160524322480742 -0.278804847909937
0.0103023062537217 -0.0116865647964461 0.0789116418915455 -0.199458862440668
0.00286184646941282 -0.0123207995913805 -0.0579304144786939 -0.152558314278534
-0.0112096568379215 0.00109608314524941 -0.12662104492579 -0.017937875979478
0.00182710304579776 0.00604129049418523 -0.00672956528152918 0.0614421718609567
0.00767392523688367 -0.00731519793647321 0.0633426486116848 -0.0401142386918193
-0.00893296888232376 0.00529381576727678 0.0257596446241345 -0.039615303648746
-0.0158274909954076 -0.0059845135453892 0.0366030609210796 0.0597377687900671
0.000558754725270998 0.00836622850720299 0.068947931829074 0.12781620995771
-0.0085226689145422 0.0894145160412431 0.168695979904239 0.25099247865082
-0.0455914152480388 0.0693731249393731 -0.0129071818719844 0.38588087414475
-0.028827936102319 0.0104581144943275 -0.261441035277938 0.367407028573659
0.0234458103351885 -0.0126174942756687 -0.490435619270398 0.0358368789690606
0.0416556770672029 0.0622155805428188 -0.306663769648051 -0.370480630391691
-0.0211697249142901 0.0864472693126644 0.0393055323624799 -0.410278886079109
-0.0539010902290273 0.0674125628504178 0.14694428982304 -0.259052357895702
-0.0201642551541821 0.0631113958753007 0.0739765289120757 -0.18696296105324
0.0382521187845711 0.0358859255188477 -0.0440696280721475 -0.145984199502582
0.0317746444647129 -0.0187660874080297 -0.100608031769215 -0.0331527498518
-0.00794856568896479 -0.0296585066982067 -0.00658001968038597 0.0412768321588455
0.0162608662505352 -0.00914051330702301 0.0607898811723042 -0.0356548541246347
0.053947997351723 -0.0139291640157489 0.016340065283992 -0.0222162329845828
0.0688472581869128 -0.0124690771693003 0.0218963743634308 0.0662940454639392
0.0684609963513451 0.0300952365311703 0.0593097726374726 0.129352461975281
0.00202766416432475 0.170457971278455 0.188293435142635 0.171426266096683
-0.0540555981690432 0.124742561873343 0.041380772115785 0.276331355142781
-0.0555705095449757 0.0230201102682078 -0.158515926797178 0.26106911283134
0.021951701694467 -0.0168904340520526 -0.351404244275794 -0.00440212599677033
0.0387084091377085 0.078688029536105 -0.223706185097046 -0.257273916392999
-0.0506429622107556 0.131897885365135 -0.00434476847308356 -0.278858984327633
-0.0959262991046779 0.125466609575071 0.0891615929299288 -0.196819231423454
-0.0468181436649896 0.126787827087168 0.0590611936133877 -0.148966581825852
0.049799123306489 0.0828324223275466 -0.00269647885282152 -0.122850138166377
0.0551870727546282 -0.00775377412828967 -0.0363040837468344 -0.0679860881275389
-0.00324807101564763 -0.0373942251869665 0.00150987709661874 0.00140232885878411
0.0165024669410394 -0.0037904572446968 0.0555329847088006 -0.0168458266027007
0.0838653119504686 -0.00399755472683385 -0.00132866246709754 0.00497973028145121
0.121854739980232 0.0136982050449367 -0.0275902155342311 0.0809082343528171
0.116738685802645 0.0648339064652879 0.0115994529965576 0.132607193681224
0.0350980290021329 0.202054601552534 0.194559268152118 0.0635023793848856
-0.00733226665271502 0.139993636882594 0.0946508315961647 0.142824895712052
-0.0299624997212372 0.0261766025014477 -0.056414122488919 0.152873088088678
0.0240392383627751 -0.0200731090527901 -0.207414483188522 -0.0201176175547545
0.030253210513491 0.0559057871381675 -0.153180164351526 -0.12743936135305
-0.0444004300722569 0.128589723459818 -0.0571582925445035 -0.13351491787134
-0.0975925605165821 0.1582291298386 0.022076767815332 -0.114495465759734
-0.065065517191448 0.171220708507462 0.0351200431052089 -0.0888530664970393
0.024926270571006 0.123408479153267 0.0361990245138754 -0.0774220695002887
0.0482662516065495 0.0281455837912082 0.0338707879973736 -0.0694261574041625
0.00851528584219975 -0.0245745564640937 0.0357280381560409 -0.0122108429204154
0.00694852389914368 -0.00328440882716291 0.0585591331633004 -0.00923417541161778
0.067101602149795 0.0215160231266 -0.0251044343967662 -0.000471588999591349
0.127791148369314 0.0693376384943631 -0.091395964489291 0.0654842536844725
0.131675482271761 0.117489047192133 -0.0563442127878388 0.115570433153353
0.078482219269757 0.187037686930358 0.167990889254696 -0.0371599497327171
0.0599926826446481 0.125795637955283 0.112277474099586 0.0219450724236268
0.00807024533087614 0.0252582863730943 0.000941858406576823 0.0745999938397303
0.0197827806534229 -0.0196673511849633 -0.115316303633402 -0.0183902628780468
0.0270166007075752 0.0200908232113208 -0.103556657383433 -0.0320481256740979
-0.00985612927530354 0.103167548782209 -0.0777762390126219 -0.0177173450097468
-0.0634585120151702 0.167948619683336 -0.0241318660538577 -0.0263857546382168
-0.0740948762143371 0.190191123350966 0.00662788367274171 -0.0160229677661559
-0.023226032612919 0.152354518745318 0.0473432130471579 -0.00864676292857537
0.0166428222025541 0.0667905129134446 0.0782055844265939 -0.0170500017262417
0.0175451856671866 -0.00946132343987367 0.0867465460558814 0.0165446712292438
-0.00377935327563599 -0.0121933066069677 0.084002497556391 -0.0154991388823419
0.0237127033846283 0.0387526207821323 -0.0283883547218225 -0.0491629845315178
0.0911526082933113 0.124105727926117 -0.140482881635589 0.00449131156067475
0.113725990093319 0.17241928754234 -0.122014743853963 0.0627836939479606
0.107698389472432 0.137686643543605 0.109832441776585 -0.108585526445448
0.114225666433721 0.0917687321898563 0.0900589129109136 -0.0585057742252407
0.0455760719925597 0.0192921355975856 0.0111167638930403 0.0235700272660789
0.00873894759778109 -0.0160014989548725 -0.0702387812096007 -0.0146096308084582
0.0254726179417777 -0.0132686893938171 -0.0514826902130369 0.0153892686997017
0.03296882250689 0.0666203658398017 -0.0483443661246673 0.0572391146522693
-0.0153500633516651 0.152421503414324 -0.0274318490597412 0.0509060442527756
-0.0729939861494236 0.177081082889892 -0.0210627540412534 0.0557351648532162
-0.0738788494153335 0.156678798349194 0.0194265935888574 0.0753213208469654
-0.0227560279773822 0.0980696419076001 0.0818515858809373 0.0798534078887334
0.0213368181088308 0.00670258618712058 0.147488570952851 0.0847040153233681
-0.0149928451735237 -0.0204261883527633 0.154855625908003 -0.0243223436825699
-0.034577564295031 0.0483939276276713 0.00895282289387974 -0.132511690882982
0.0319948851598175 0.158353597851179 -0.150190282301597 -0.100929355009373
0.0730962929896622 0.205346708120051 -0.164634933124059 -0.0269576593171536
0.105396587439643 0.0775740444718906 0.0335205794554582 -0.138567288495774
0.133767179326089 0.0450199977604517 0.0406493541990606 -0.0877282597722059
0.0708689228329644 0.00270116825945935 -0.00508558350637659 0.00537307960793506
0.000329989775066573 -0.0102371631398938 -0.0562891887556963 -0.00584014701117133
0.015910519437035 -0.0394566648645522 0.00120569432301486 0.0102912450616173
0.0591572027817318 0.0237784292480766 0.0224495799113673 0.0775941002991443
0.0198345028871514 0.116278123426224 0.00324181120982142 0.110454525792309
-0.0599628100948351 0.139015646825519 -0.0438444778583816 0.121062639328728
-0.0987300319441751 0.131358486678822 -0.0432991092369054 0.162734147875428
-0.0512022019277229 0.108830261768167 0.0465899309004719 0.211899651563036
0.0181884604500053 0.0200105922117659 0.222536850913822 0.193267530708265
-0.0356107180749666 -0.0217485947100574 0.285894331788761 -0.034388220032383
-0.0927003505630596 0.0548461292245598 0.10197245189791 -0.241886295456016
-0.0240230473706353 0.159124245404003 -0.113123846390689 -0.233426287266504
0.0309485029508081 0.193986489454265 -0.179733821796439 -0.131187856935547
0.0672439154858262 0.0279105916143461 -0.0353515606248358 -0.140697037764956
0.0974652950253831 0.014859933507343 -0.0122466587238431 -0.0736025059032508
0.0640728030087247 -0.0111337751171358 -0.0224487545832775 0.0175083388415327
-0.00425217935614478 -0.00205580417661364 -0.0619372996628647 0.018302588923394
0.00374241739097074 -0.038429686488128 0.0243668090934662 -0.028332705308077
0.0503417912489441 -0.00212995472070367 0.09384836012574 0.0453269195022432
0.0239889163888769 0.0667123119007641 0.046015576997082 0.140057330456626
-0.0397630762073153 0.0801660316813898 -0.059897799244103 0.169035790902585
-0.0812030283191597 0.076082698790294 -0.112317176888801 0.237782332505849
-0.0538740826093485 0.0791115878998358 -0.00637675138827967 0.354038003816018
0.00424898434887773 0.0132421234754671 0.305651797888104 0.316754951243778
-0.0544537013030708 -0.0127722811137141 0.442343631346599 -0.0506839464018221
-0.110756701374276 0.051219121801808 0.217869455891959 -0.355316528327032
-0.0399140913891889 0.113385089883898 -0.0497322739288493 -0.362498878421054
0.00147277811261023 0.130825812750788 -0.175322485548712 -0.218585426915285
-0.00433470812726875 -0.0206888809484752 0.16894523073338 0.274936013175053
0.00632781479826204 -0.021811231537832 -0.00589956715003764 0.421330477808619
0.0488881438292491 -0.017978052230251 -0.275635566864754 0.422032426251209
0.0358856767789553 -0.00198915400309767 -0.538239608166558 0.0875141624314975
0.0261029025315771 0.0128809336066138 -0.371103013536494 -0.389195613998234
0.0273044676104294 0.000727443194593159 0.0217500874156224 -0.46105910462129
0.0138931527418733 -0.00868119817192231 0.150164580970703 -0.292213921539975
0.00938034843415047 -0.0123198388077734 0.07201049423719 -0.206774458448772
0.00236182019864284 -0.0130080473109308 -0.0656288158220626 -0.153936503789451
-0.0114793478728568 0.00160047588200836 -0.129044677266552 -0.0140810062454313
0.00314724016380215 0.00544405919402099 -0.00445608422379487 0.0625223035428186
0.00807812546025124 -0.00808026876781731 0.0620095178311426 -0.0418267322684984
-0.00969732569242911 0.006475731631912 0.0247556796781593 -0.0410279684012245
-0.0166100176593805 -0.00524630133052632 0.0406603074344606 0.0584936001241528
0.00205815212516997 0.00900644560414436 0.075440720415289 0.126775775615
-0.00620245760402583 0.0915032854992607 0.181103330389335 0.252016826999007
-0.0449770930835573 0.0741565512614372 0.000913636486486832 0.394026339580885
-0.0296571588208467 0.0124918759162457 -0.251808613191231 0.385045068794406
0.0231634848005492 -0.0130495760004134 -0.502369256564879 0.0560014411825656
0.0456963094546049 0.0618400815077889 -0.331783708996655 -0.366771678965703
-0.0168125329707096 0.0897376547226436 0.0214636289956878 -0.421593712455573
-0.0512591994459373 0.0702758984670546 0.137682111255079 -0.269044585979679
-0.0176494064106608 0.064509511381508 0.0676513407349509 -0.193980287707263
0.0399421181382855 0.0348718878148607 -0.0524629763218892 -0.147912700492377
0.0313178766814062 -0.0203424159130805 -0.103340951927851 -0.029973211235305
-0.00836455046772158 -0.0316134805027709 -0.00518919168868141 0.0414067499806294
0.0170372134753941 -0.0099511374712926 0.0602587812238306 -0.0383308926180995
0.054679034984779 -0.0161988811343067 0.0158548320727887 -0.0225721527586608
0.0697518464776317 -0.0150887419719746 0.0249052653990774 0.0666735800543411
0.0714533173641417 0.0276965908096446 0.0666368368412145 0.128647945364243
0.00747445528058709 0.174807347072947 0.19906003163053 0.168016840296924
-0.0509686262276388 0.132564986843898 0.0533398145882184 0.279221148523829
-0.0564460685967086 0.0273522193171865 -0.153801596103745 0.271929578815985
0.021963785541962 -0.01711506761772 -0.36051651352029 0.00997876302924277
0.043846904973123 0.0794232983600951 -0.239379828591563 -0.25599709433704
-0.0456623794749427 0.136966929872342 -0.0184504479316983 -0.284698576861914
-0.093074061721607 0.132569483233223 0.0829782350507947 -0.20381352707867
-0.041498097618405 0.130616621346293 0.0535471427447265 -0.153597958386414
0.0534408420159938 0.081303048251691 -0.00905763504437582 -0.125231416956163
0.0562470380037115 -0.011596790061342 -0.0398308333494232 -0.0694584247551321
-0.0046346641375476 -0.0396751233307762 0.00138096143268557 0.00235097186987878
0.0182550668241891 -0.00405210003356784 0.0565421395577726 -0.019231798940217
0.0852667969424355 -0.00754889567882789 -0.00147602907008228 0.00498017266403958
0.125370503474852 0.00958826655029655 -0.0253225363784443 0.0833271603290884
0.121232620871139 0.061594249949367 0.0159995283906986 0.134520652318448
0.0426401672868441 0.206336828344151 0.199812472286447 0.0576919588661485
-0.00327933966395989 0.144749852606514 0.102767140603102 0.141504495434413
-0.0323449382088552 0.0292437614293287 -0.0506939715125165 0.158146041046021
0.0230475933659034 -0.0203864406553961 -0.21320707558518 -0.0117991627383492
0.0359082345542971 0.0575171493606013 -0.162542906291799 -0.124088403689468
-0.0382507180283084 0.133447337566406 -0.0637635562945636 -0.133755917820576
-0.0925383268979528 0.165848835683244 0.0175554764822263 -0.116735943680665
-0.0598423252692736 0.177590794575889 0.0307791917863241 -0.0911591818481427
0.0300891770571703 0.125495104960066 0.034277486532627 -0.0812200573418274
0.0505164864602426 0.0261459843625106 0.0319463182671529 -0.0720588834503335
0.00837789787293736 -0.0263332102504143 0.0371563261711874 -0.013453973304787
0.00831054714807715 -0.00337431384347914 0.0586259931157719 -0.0119301503965793
0.069045710942223 0.0198075356334619 -0.0255187760300991 0.00132044005050486
0.133607712596186 0.0659054364412431 -0.0903135999344224 0.0709637795651958
0.138173765971929 0.114976053415759 -0.0533916437813741 0.120057383017075
0.0855382127066832 0.18790396675391 0.169976296297051 -0.0442007825489876
0.0655092548912332 0.128007566889414 0.114999706726285 0.0179760633875307
0.00992709987887782 0.0267557600488525 0.00471561480056017 0.0751331180614205
0.0186028435725599 -0.0207825891313493 -0.118761152728871 -0.0147000558134828
0.0297319742617527 0.0195795825692409 -0.107867912371554 -0.0283941257952904
-0.00347788164508725 0.105328524398122 -0.0811635808968251 -0.0144027623018518
-0.0577148638676229 0.173331837388546 -0.0250608760410391 -0.0250258651614732
-0.0659566275853379 0.19673488306775 0.00647681911425637 -0.0175574730928259
-0.0172001680306214 0.156131208159983 0.048893623528558 -0.0114051312620948
0.0213728644090893 0.0684980906559483 0.078857584594732 -0.0209693014970125
0.0178212113136831 -0.0105532336728466 0.0897194699485914 0.0135638459061199
-0.00197935802443786 -0.0111069985460991 0.0840459177180944 -0.0188368579435109
0.0254630191008469 0.0396364884187741 -0.0323352904161017 -0.049233666546914
0.096980560269265 0.124931428215173 -0.142985627508283 0.00984366254936466
0.121186402963154 0.1719970202124 -0.12129834139664 0.0684211342474375
0.113463053285446 0.136557318986069 0.107274571126318 -0.114916271637608
0.120168380863645 0.0912083154867619 0.0905638005760394 -0.0636729329381641
0.0466096799231949 0.0185564717987095 0.0137251908402128 0.0241758821164839
0.00866548110710344 -0.0153797026000819 -0.0720879803365528 -0.0117776864114193
0.0261267513496567 -0.0146911312337093 -0.0516033067398368 0.0167460882980773
0.0388221706631164 0.0655875744885366 -0.047486240671651 0.0611760103510507
-0.00947646629618652 0.156463263390563 -0.0273566265036279 0.0544543561043257
-0.0648213987653598 0.18372132836735 -0.0195082445594654 0.0583967856129264
-0.0675132202484457 0.162971369019142 0.0220104624144631 0.0755250146437518
-0.0164417118773447 0.10202833903732 0.0861098802996939 0.0781843364603717
0.0236350351507392 0.00609164276199795 0.154752990051525 0.0807345667497753
-0.0155576579537599 -0.0185500260906342 0.157112561639327 -0.0306614772974039
-0.0339895018767324 0.051014296810277 0.00546081611014252 -0.135323180298209
0.0375121159129184 0.161709122666591 -0.156673302687717 -0.0960278369465896
0.0818507529097214 0.206081590419792 -0.167312493421153 -0.0211969690103718
0.109572529034603 0.074619604382787 0.0289669252646722 -0.142160472014351
0.136851234488184 0.0413625707857116 0.0365632384910576 -0.0913633651966018
0.0721339928314479 9.53329248328392E-05 -0.00457766253573349 0.00299789493077947
0.000135242210529819 -0.00944990838805876 -0.058197492716684 -0.00440455735229024
0.0137964695653819 -0.0404877460190743 0.000800535975866909 0.00945398918873384
0.0619053988739607 0.0204816715419633 0.0256001289664686 0.07698839470238
0.0246893939435 0.118448279626473 0.00782701746660545 0.112552779959634
-0.0563344429822433 0.14404624401111 -0.0399055570736979 0.125292927029794
-0.0942382255569245 0.139255724208848 -0.0369620139233754 0.167789854216633
-0.0451192516413518 0.114331552236174 0.0567580589369888 0.215313683618625
0.0208847196059493 0.0209578095330281 0.238063213667395 0.187564265125449
-0.0387642491350002 -0.0186542594252115 0.291750272518291 -0.0474305912470483
-0.0931131862696839 0.061287951005242 0.0951965737961443 -0.249813692112531
-0.0184597623507644 0.163593490779374 -0.123857959553515 -0.234683157590034
0.0382840066857243 0.197045707331874 -0.187936374563471 -0.126534840954323
0.0698585015488847 0.0258662903238584 -0.041992708400144 -0.140391531178636
0.100171905690016 0.00991750295503492 -0.0152585780385811 -0.0749902503301943
0.0647158331725179 -0.0144679968590684 -0.021091319464418 0.0181142091327583
-0.00406444077083139 -0.00148649162534399 -0.0617905392788507 0.020532632675665
0.00248910178802585 -0.0391565810017269 0.0247210367986857 -0.0308755447966312
0.0516231643925722 -0.00650835568405854 0.0972645068635559 0.0419610541633605
0.0266028478253153 0.0677574721547108 0.0524797167280083 0.141476814008258
-0.0377084164256956 0.0833393733119065 -0.0538329767197455 0.174150268161302
-0.0800246971535335 0.0825496582181692 -0.104949457046176 0.245835727319871
-0.0501384747316436 0.0846304944602267 0.00735950611091017 0.362927823862671
0.00607648963638983 0.0140727930248841 0.326858420630979 0.310729251065003
-0.0561792186370817 -0.0102512553253618 0.450867894833463 -0.0703094317917624
-0.112275450673004 0.058324221420641 0.208316771595662 -0.370916899076553
-0.0358368152036484 0.11834157292046 -0.0647313513113452 -0.367376378085191
0.00693902981901066 0.133635450301186 -0.1883340973535 -0.21720573639756
-0.00536296953917843 -0.0241969133198251 0.196706098146294 0.26818832540401
0.0113063142415765 -0.0275766012566222 0.0287751452533241 0.436998639034669
0.0568332655398527 -0.0235337622948805 -0.251285098852349 0.456445383704741
0.043156169103178 -0.000152492837417226 -0.546872202593136 0.137595656159626
0.0247237692837452 0.0163973103478129 -0.413997640693199 -0.366938808772369
0.02228051162371 -0.000301707742812837 -0.0165597338501845 -0.473126060608123
0.0121646206939609 -0.00940003220447765 0.128648648678143 -0.3086247941902
0.00769274624274695 -0.013436828358935 0.0556835135187618 -0.21565698042178
0.0012902009431455 -0.013789101564288 -0.0795257005712043 -0.151007441093542
-0.0102965831373349 0.00342904600762801 -0.132849763548482 -0.00258671278422648
0.0044176152160689 0.00458681660582425 0.000632368427075003 0.0644361164785571
0.00767589552248871 -0.00769866133946829 0.0584239683181695 -0.0483242741999728
-0.00854806302961138 0.0068854834912984 0.0204824055056608 -0.0437829987164338
-0.0178213278798604 -0.0045352346445555 0.045775593499863 0.0554442377126293
0.00284482423993835 0.00824227684872446 0.0877167126552036 0.123690830310282
0.000799389801251517 0.0920260831969219 0.207831837087621 0.242250663910107
-0.0351858626634011 0.0751331954632141 0.0336778984903072 0.406115733889663
-0.0250601603441067 0.0152683947162846 -0.229419901325111 0.416681323556924
0.0277819538441661 -0.0109097560686976 -0.514067109563226 0.0988337901493988
0.0507165247911436 0.06650610572341 -0.371677743325487 -0.348681992820509
-0.0150134458230681 0.0959849401031805 -0.0135302144149975 -0.431200354705882
-0.0473924982087961 0.0774773182089958 0.117284673422864 -0.285155281080915
-0.013155794695935 0.0662148966997741 0.0519641764685999 -0.203475279220206
0.0431261564338366 0.0298349888099157 -0.0652145031411806 -0.144598527922003
0.0309939602903193 -0.0235092178253484 -0.107735616063383 -0.0221356923782808
-0.0127570422207458 -0.0315703495684678 -0.001366874653748 0.0426535821553764
0.0152282528355537 -0.0119219229352395 0.0580419504041185 -0.0439919562745295
0.0540207912671317 -0.0215137142381508 0.013591950594698 -0.0230505324748641
0.069478398438509 -0.0227523956621975 0.0320157470042152 0.0658679158378064
0.0747171834252153 0.0215047828334443 0.0774237622850136 0.126636775161359
0.0202715287553546 0.177248520633187 0.218917864769208 0.15455831917151
-0.0402533517338477 0.137649265607147 0.0776114703868833 0.283636304791363
-0.0536879921158888 0.0327075605649228 -0.136535344782871 0.291999583957679
0.0237040685301412 -0.0150996821924116 -0.371654033864708 0.038586304995757
0.0508493088536127 0.0834094101479343 -0.266036096949793 -0.240723564565569
-0.0380596710805989 0.146010446087625 -0.0413929120715986 -0.287479615670095
-0.0858223357332717 0.142905933953258 0.0667039606678805 -0.212058838966177
-0.0325979756761826 0.13660076804186 0.0409161721565829 -0.159021125250488
0.0607969155534935 0.0756458273901552 -0.0197991486663528 -0.125442770986384
0.0558439660176886 -0.0172674620771128 -0.0471395636412592 -0.0670495433069187
-0.00817759241662107 -0.0397178030697448 0.00185701530270351 0.00202132085055016
0.0180546482781644 -0.00597000313095374 0.0560641930000191 -0.0245466602629943
0.0872609224214694 -0.0150797266152588 -0.00121477945497748 0.00780045471207709
0.129118516992726 -0.00131346113367826 -0.0180083270602785 0.0893227189386938
0.128064997193109 0.051777610502594 0.0276724877824301 0.137055244598706
0.0574073903203001 0.208493786401926 0.210404845791799 0.0416523220659138
0.00616177394246272 0.146993860475423 0.116817861084266 0.135506614058757
-0.0286666485403031 0.0318935164086286 -0.0395712945730082 0.166615873748312
0.0240570741990145 -0.0200471631226118 -0.221387454571006 0.00494885207645837
0.0412247524008508 0.0589405222005943 -0.177385556285317 -0.114117918455165
-0.0296968939521672 0.141958319229629 -0.0763698382236775 -0.130178561264749
-0.0816431399364381 0.176921232766289 0.00864799820426784 -0.119463190924226
-0.045804624486464 0.186335462168277 0.0248947446464168 -0.0949223097094768
0.0420769687502244 0.123191785773086 0.0269606445577253 -0.084010642319104
0.0544976010570359 0.0212473753326081 0.0258625404272188 -0.0761225099835571
0.00696687938333204 -0.0283356038454216 0.0366064104733418 -0.0170780991643468
0.00811864585730697 -0.00414184453947768 0.0596139259648619 -0.017184215704986
0.072959369569417 0.0142985156653407 -0.0268607272631939 0.00466056240799145
0.141137864243759 0.0567350772753645 -0.0873958370730507 0.0830698738265185
0.14985888379613 0.105114113560245 -0.0468468956314092 0.129573544976621
0.10003329405487 0.187583659888084 0.169796301203466 -0.061568069456081
0.0737452772176907 0.125507617717735 0.120474333926705 0.00828884706951651
0.0108035946291049 0.0262675996373895 0.0112977151059184 0.0766900410869299
0.0184975521818949 -0.0201475460412881 -0.123275670883327 -0.00448839409717951
0.0330278923722319 0.0203610495960856 -0.112941468300946 -0.0218679401353267
0.00681903037644122 0.109275341147345 -0.0835605990287584 -0.00720516284400481
-0.0447579746791102 0.181577461468208 -0.0272171590748102 -0.0228497424339967
-0.0516994548010218 0.206051135736602 0.00409822259411371 -0.0169231348218077
-0.00445489956149072 0.159764912896331 0.0465058931177281 -0.015867875250016
0.0290158592042985 0.0665690543490845 0.0780831475304606 -0.0276866918130426
0.018822947043158 -0.0115835108517289 0.09317074573664 0.00640774188814797
-0.00355295632423216 -0.0102081220770526 0.0852268526095868 -0.0273057212173405
0.0289483715024806 0.0393562976411489 -0.0378423503729075 -0.0461725199330393
0.111396118807567 0.12079311569347 -0.147091519543235 0.0247557122657096
0.138989994036767 0.164809178297685 -0.121488270032489 0.0818364082386558
0.125598101837752 0.131897586669691 0.0994265812782474 -0.127810791630448
0.129003255893201 0.084391066743793 0.0870685004068602 -0.0740373002688213
0.0495166697112674 0.015848973930851 0.015658646285799 0.0216331197788449
0.00834594649393935 -0.0165113247754562 -0.0742767245595034 -0.00669978583428403
0.0261512861672184 -0.0162540566243751 -0.0520523464989171 0.0209722003120082
0.0454802884540961 0.0643700308711555 -0.0425441583950548 0.0660544210776227
0.00310932964975618 0.159426911399618 -0.0220524464037316 0.0577856895475903
-0.0524379316554413 0.194178881461763 -0.0150514629746677 0.0614167306249514
-0.0546516754643603 0.17073891501103 0.028610607951636 0.073693502853061
-0.00607571865661078 0.104487351987776 0.0940064913883661 0.0730539948037805
0.0245123557927565 0.00506824657893755 0.166066767607515 0.0704396295278063
-0.0187651113112153 -0.0170346638780519 0.159795946387759 -0.0465361758034519
-0.0304378493733586 0.0585800298785593 -0.00848413195582032 -0.138698975888756
0.0518944249055752 0.164447036132463 -0.170892233142881 -0.0841712593761558
0.100938235195958 0.204100192484941 -0.178190168953186 -0.00694287411377279
0.11683574440858 0.0694581140984619 0.0152812740713922 -0.147769534702662
0.142469166721495 0.0331171738200713 0.0298251444736666 -0.0983598444550215
0.0748491637199227 -0.00615340709472987 -0.00388340335892084 0.00273667355474348
-6.60248648509654E-05 -0.00881562365762076 -0.0594068306718487 0.00038474172625406
0.0117450839909029 -0.0422931950750469 0.000801765876257896 0.00880366101074507
0.0668772459253995 0.0151330937203785 0.0320352025367982 0.0769118548016928
0.0350930114329117 0.117642105275141 0.0183927690253036 0.113597982451571
-0.0446754385568364 0.150897856801771 -0.0299028359940415 0.130582865328484
-0.0836392640257499 0.1495216750268 -0.0238201627114705 0.172462159301055
-0.03508406513952 0.120191294189453 0.0758863456637329 0.215178632093314
0.0232393509052702 0.0197690511169848 0.260479315123346 0.171042837231591
-0.042823061890688 -0.0127645612605473 0.296989157281589 -0.075735944342189
-0.0908476471222131 0.0738121994380093 0.0765658915161304 -0.266091180216073
-0.00521717639900191 0.172483450073001 -0.14811548127054 -0.230093142701041
0.0576763994996778 0.19943529953466 -0.206442060614603 -0.114551745180496
0.0719812081777206 0.0239184954500854 -0.0567725519894928 -0.139262944336978
0.10253759958184 0.00402904839559665 -0.0235260750561502 -0.075343485165057
0.0656004026319983 -0.0200676093759248 -0.0199318075021732 0.017844762621066
-0.0036889770190217 6.78204245281051E-05 -0.0623232172251935 0.0258763809055576
-0.000947811357060444 -0.0410610477602176 0.0214099553930813 -0.034765651844749
0.0527559890507854 -0.0122206661984923 0.102502455699352 0.0351132416495731
0.032690509734288 0.0662394411424937 0.0652893838235671 0.13997284323617
-0.0314172530184106 0.0879619824048453 -0.0405974973897809 0.181356170796733
-0.0726080211949866 0.0909636157813543 -0.084330045251834 0.258127626817886
-0.0423368212434223 0.0906118839744865 0.0395700053694455 0.370054746789285
0.00738422122621797 0.0140849258059576 0.363335331933281 0.290837261578069
-0.0615103749419445 -0.00377892012900772 0.459431832099168 -0.112868176026166
-0.109701780487519 0.0739515355224658 0.181920328003053 -0.400290411236106
-0.0279157154360873 0.128702979313619 -0.0966278234496921 -0.372614728977501
0.0193885167675665 0.138060092222148 -0.213559685201486 -0.207843826454647
-0.00511634433061675 -0.0239081565099158 0.213436527488545 0.263551728843779
0.00971650057468824 -0.0288540473666727 0.0477892100239571 0.441080162078175
0.0564009991493808 -0.026373738355681 -0.232319381845368 0.477838698278762
0.0434785807795606 -0.00226714257024562 -0.550452190723988 0.165216600535732
0.0262223330810929 0.0160455886013876 -0.442701230845098 -0.351263479833138
0.0220060502434449 -0.00164971928972673 -0.0446168754361382 -0.481263123417841
0.0120033327775454 -0.00972928290559288 0.112896523393891 -0.319915760974009
0.00873845405008883 -0.0157732913517371 0.0443178550310014 -0.221929829892533
0.000460814547447062 -0.0147322123522139 -0.089853350377214 -0.148896806706932
-0.0111613685342328 0.00328363967245558 -0.134985750053847 0.00310516425196066
0.00522611594177701 0.00339730538945146 0.00414930285628585 0.064441078998707
0.00740658651736153 -0.00897679547848436 0.0573453869216958 -0.0499004892254275
-0.00831025198231075 0.00776456447282273 0.0182457876790574 -0.0453502846045904
-0.0172527103827166 -0.00311771625532578 0.0489111662364695 0.0538715335132424
0.00312356426994887 0.00959048885855548 0.0955943669449668 0.11923247040332
0.00508184536960519 0.0936461551208311 0.221840311805807 0.235574359244595
-0.0328234110625944 0.0786895577509503 0.0515931703628444 0.410121839762869
-0.0246511444023821 0.0188868549938205 -0.214492152337065 0.434890198527057
0.0270680602235104 -0.0126602750023928 -0.518203695491151 0.127337701314779
0.0559653181094859 0.0654538298211622 -0.397613552738461 -0.33527687525481
-0.00831333061720982 0.0979055396663387 -0.0383223497498512 -0.438098970437317
-0.0440653862544333 0.0811077719675662 0.104096248407129 -0.295350039328444
-0.00934831752500824 0.0681731817520556 0.0417305850107365 -0.207436520785706
0.0452255024637354 0.0272153899025025 -0.0742871883638785 -0.143583216690101
0.0292269891474828 -0.0264480100561029 -0.110823217369726 -0.0165701000785897
-0.0146116369520954 -0.0318539039913848 -0.000531964356632693 0.0423354723040162
0.0149369016440569 -0.0130626819998571 0.0560542831462321 -0.0467917151854688
0.0543039952501969 -0.0252053979512989 0.012152944743684 -0.0234911644905141
0.069609998096459 -0.0255751256509289 0.0353965496069441 0.0641757307387214
0.0777792014099963 0.0179918485246424 0.0850464535591502 0.123439604326585
0.0292980634298221 0.18057323445732 0.228675460716566 0.146011020175935
-0.0359107812038464 0.142228050010945 0.0925454486000562 0.284310701987018
-0.054351135470291 0.0376979927592965 -0.1249995070062 0.304101327311187
0.0221234530176778 -0.0172529732725366 -0.376195730756581 0.0574155264751339
0.0575072901623319 0.0825249866368675 -0.286065378116566 -0.231223316679582
-0.0290661430579637 0.150576303859949 -0.0583626527154779 -0.2890924162025
-0.0787089405791058 0.149396539040774 0.0570002463817785 -0.218848151856257
-0.024778637403241 0.139583593599766 0.0335333122444027 -0.163818543342266
0.0658198079870839 0.0728262003861481 -0.0267107725198243 -0.126591399941596
0.0563829391586364 -0.022378300202087 -0.0506585070517737 -0.0659738146767845
-0.0108528446562485 -0.0414617742168372 0.00148515670923181 0.0015752886662893
0.0175331465709552 -0.00678185371800023 0.0557046227136767 -0.0277624883622526
0.0863902367517943 -0.0200940490129303 -0.00188710039802304 0.00773580323996646
0.13066280924948 -0.00711549133965156 -0.0147102313732197 0.090961090663368
0.132338426813628 0.0460212615860354 0.0344082145088172 0.1368951318873
0.0681364974260642 0.210454491970401 0.214049041478806 0.0311175725578506
0.0123252126153514 0.150730301785689 0.124268685787729 0.131553555316753
-0.0280492484539193 0.0362383369880866 -0.0324327929831908 0.172185122117151
0.0241431704081034 -0.0199835540434102 -0.22620422416098 0.0166933676962347
0.0466824709491554 0.0588489828731678 -0.187224998472118 -0.107367441261057
-0.0200210059911127 0.146849656734895 -0.0856561603290959 -0.1277964694432
-0.0725325395107697 0.184563695875454 0.00196928228371502 -0.1207092724861
-0.0365595752614108 0.190858916780739 0.0191797319763947 -0.0973199291004351
0.0483444409866494 0.122068418096096 0.0214641375017589 -0.088132533728894
0.0583507930526926 0.0175954490678676 0.0217044494588179 -0.0792266204550212
0.00665907220316536 -0.029283915634722 0.0357920852874319 -0.0188076991765469
0.00924679060752069 -0.00361790669715137 0.0600387556242226 -0.0214875040166715
0.0751370432507571 0.0117520038334744 -0.0277900437008803 0.00606842971396123
0.146541388121008 0.050718932357343 -0.084824032822015 0.088117685356637
0.157239036175482 0.098914774552797 -0.0400503891960436 0.132460545730447
0.109413839213587 0.186101958072037 0.168368393042147 -0.0692535633863822
0.0793168245625587 0.125445336208438 0.122318336892699 0.00235801902687477
0.0124855895841612 0.028636894504296 0.014567095342516 0.0765392445693894
0.0183309957009914 -0.0215177083622108 -0.127353225082708 0.000220920889742837
0.0368846074513849 0.0196364208124641 -0.117334838734164 -0.015949542700722
0.0130817056077921 0.111473538628536 -0.0842023784151894 -0.00194390760784389
-0.0348562387277921 0.187194495013144 -0.0279794375054321 -0.020617428400138
-0.0420339966970886 0.210668823182511 0.00315906039032741 -0.0172499850213994
0.004094886221314 0.160138008884054 0.0456440958834707 -0.0197586565431909
0.034422473904351 0.0659071944242471 0.077691727755528 -0.0318354103831945
0.0197302411591948 -0.0130050456025529 0.0958142514239152 0.00114448397844903
-0.00424508727487471 -0.00921079743325837 0.0866329283831646 -0.032884745179861
0.0326768263541685 0.0397476123799159 -0.0418724403356671 -0.0447351186314469
0.116771034112986 0.117590814555603 -0.148085138848012 0.0323460925848241
0.147963170670482 0.160793605981804 -0.11940009902134 0.0889530594076711
0.1329939476539 0.130067950361771 0.094389824963244 -0.131582623363884
0.133797741996574 0.0788774040215437 0.0853535717231499 -0.0795389075101055
0.0508405722707769 0.0152422489668415 0.0169540980725678 0.0197994041551724
0.00781438969349639 -0.0157709392640707 -0.0761864799287458 -0.00362222859317156
0.0270090495683283 -0.0169559957676761 -0.0521732794526627 0.0234448064983376
0.0500722145725043 0.0615564360051492 -0.0401899185926754 0.0696545142541784
0.0113723934518822 0.162899223972461 -0.0191409501365829 0.0606658362207035
-0.0419787012550347 0.198392764766562 -0.0122594030498872 0.0630828860844228
-0.045680352161411 0.176037048952399 0.0331434360411901 0.0723956668357328
0.000936356216487325 0.107802351361109 0.0998287507431817 0.0691019569001252
0.0275143924640892 0.00537081575842148 0.172858563192735 0.0625014919387982
-0.019205255219494 -0.0134438321568238 0.161252694757937 -0.0561534365751221
-0.0273327150220308 0.0625916183967098 -0.0147438934573937 -0.140877050746124
0.0601484046782016 0.165950831066432 -0.17769976432103 -0.0777518106778581
0.112372783134019 0.203405451174501 -0.180432796440034 0.00249122704718608
0.122186202600871 0.0650795042507733 0.00719051954797937 -0.149998769299236
0.144595708770354 0.0259866475759229 0.0264633522775293 -0.101440168193541
0.0763187244694908 -0.00915048461487656 -0.00290974580793336 0.00244954026580516
0.000157636487283952 -0.00850141103393248 -0.0604662790299957 0.00403081263875745
0.00906246631790507 -0.0439655745044111 0.00185687809037377 0.00761819771500023
0.0682011185139517 0.0109992500217911 0.0374771386527167 0.0763941502798129
0.0419728544183448 0.116099714303777 0.0246278149083802 0.114817788993596
-0.0373365235183712 0.156535985141364 -0.0247005522679483 0.133464342711843
-0.0766626749855957 0.158319806684383 -0.0151540971246977 0.175098217756535
-0.0283514980651083 0.125392719856043 0.0880961019721667 0.216077570465566
0.0260427978014206 0.020193274280698 0.275461948829954 0.160900690390353
-0.0438324452357091 -0.0103038160237794 0.298415559609004 -0.0922205355116298
-0.0885627445886123 0.0815175134790695 0.0633811385972052 -0.272635027686123
0.00318492037057051 0.177792275722846 -0.160241582536313 -0.225444211941607
0.0665874093059601 0.200123917521528 -0.21423478114461 -0.106780564574121
0.0751307120781568 0.0197255840282029 -0.0651371023095006 -0.137188008626205
0.102482502282829 -0.00155803986896708 -0.0262018944449008 -0.0758822856140351
0.0655284091869114 -0.0235915379176824 -0.0189367447732834 0.018874058834135
-0.00391175520007229 -0.00110414894576271 -0.0622871518026459 0.0283412891966729
-0.00412174338801165 -0.0410542346800104 0.0196505395922645 -0.0366258084469539
0.0525379408574566 -0.0156886653361971 0.104861746598813 0.0308043608698818
0.0360989736322943 0.0644642394492448 0.0733563098245082 0.138270022853811
-0.0278870724062396 0.0905332099807212 -0.0303204917602194 0.184858072053527
-0.0684791543322688 0.0981639570593788 -0.0720791387582621 0.265294860657867
-0.0370474547019837 0.093470682010345 0.0605971850346311 0.375374368072772
0.00932552035565346 0.0142928611215146 0.386322766351639 0.276550963337955
-0.0632413053884045 0.000593659039526048 0.464123087826477 -0.139594245346628
-0.108350823938374 0.0809187135924073 0.166131678974342 -0.415212997263938
-0.0229314438305272 0.133058933088512 -0.11618036435003 -0.374211875753769
0.0269440201757401 0.138940340848213 -0.226131265174017 -0.200699152745077
-0.00703579052703122 -0.0230840249983983 0.229462778211917 0.255006043938484
0.00823724714689824 -0.0297904800290554 0.0728342026423081 0.441732793693484
0.0555564625626308 -0.029643274903187 -0.209388320999205 0.492589261695258
0.0436149977778761 -0.00567273167818058 -0.545865939387591 0.200959445263124
0.0267985775429486 0.0131888833287891 -0.469307996077542 -0.326660557759474
0.0229457600044841 -0.00356025450380258 -0.0759439067592772 -0.477837052462509
0.0133588332399123 -0.0106444362292138 0.0936518533649884 -0.32702549295445
0.00699602323500266 -0.0166253327972661 0.0297524627676008 -0.224138517453151
0.000498089715765634 -0.015419685151706 -0.0997234553450946 -0.14371822273652
-0.0107531170656621 0.00484821027350804 -0.135134492568499 0.0111205826356845
0.00630494657336341 0.00208155209949061 0.00641220810446556 0.0641371274182918
0.00724693981290335 -0.00925645498523271 0.0539542291210056 -0.052942081516142
-0.00795044719362928 0.00806442200514543 0.0148853683210698 -0.045886194198735
-0.0171844656335549 -0.00217355129831101 0.0523723429460477 0.0512096623672211
0.00458116011405717 0.00882012043840539 0.102157558488584 0.113546036422493
0.0104192254864236 0.0954023230592083 0.234936600606667 0.224618481597409
-0.0289929153554846 0.0822118349641496 0.0743805505713082 0.410952228501892
-0.0252060053156192 0.0195521701018765 -0.191826672881551 0.447752833203923
0.0265982244961334 -0.014056540520954 -0.51430057354667 0.157703593005779
0.0608508856812603 0.0621369823278375 -0.421293462501802 -0.310282681147409
-0.00276977476404371 0.0994952689732125 -0.066838398035629 -0.43516938958501
-0.0384558875786137 0.0845735390918883 0.0850657506916131 -0.301817562961651
-0.00480395841405955 0.0679578356806316 0.0280200272101236 -0.210214480193366
0.0471661417083174 0.0239688208309434 -0.0835093854943793 -0.139819458527768
0.0287890772884122 -0.0286568678915938 -0.113127814625895 -0.0103634287030715
-0.0155156680923902 -0.0316774108874015 0.00164899367216398 0.0432978068356286
0.0149726325449847 -0.0132856552806939 0.0528444628111684 -0.0495953163312333
0.0539362623433773 -0.0286471237310071 0.0104458471129763 -0.0248131049218943
0.0682691725503574 -0.0299478657679078 0.0374446594540697 0.062546906589296
0.0784172333878912 0.0146103007595112 0.0921804820438347 0.117703010041254
0.0390441531141905 0.179383600567483 0.236188464743727 0.135760905552233
-0.0289017321716131 0.146559728918381 0.107204921702133 0.280870812800872
-0.0548972544426828 0.0426221039801121 -0.109779375605613 0.312918587622972
0.0219357061462467 -0.0189345636309092 -0.376549786130938 0.0823653988897921
0.0634519445970832 0.0805413008143012 -0.303181887309245 -0.214598529417927
-0.0177211174279144 0.153368305333354 -0.0769115153618685 -0.286764976539701
-0.0688111830144746 0.155653163868365 0.0437316261476438 -0.222767935602107
-0.0164417665173598 0.141077673843795 0.0228155028295379 -0.166456513632304
0.070020461343695 0.0686105932806061 -0.0350673374238017 -0.126966171813825
0.054946792442869 -0.0266092899665996 -0.0560664595540164 -0.0637902301697638
-0.0134474937470775 -0.0410985424016753 0.00137166446060912 0.00118492757515168
0.0173344373176637 -0.0077828473426304 0.053720852428944 -0.0297439377881694
0.0865927579856526 -0.0247072544197433 -0.00172137017500783 0.00874859588639364
0.131222205106919 -0.0147032784108939 -0.00953245394679077 0.0926542926187264
0.135076346713052 0.0389482999300369 0.0417393834855622 0.134769801969658
0.0802921213115511 0.20740961880322 0.215031935515575 0.0205270919631465
0.0217187937505473 0.152725953243006 0.131843114881253 0.124994300435699
-0.0268463673006748 0.040926853946234 -0.0247637416863383 0.173908739926985
0.0225979278821058 -0.0212027902307605 -0.227476459701036 0.0308415859127562
0.0513816284635048 0.0568085769692941 -0.194774851099019 -0.0962034553511979
-0.00989642433624856 0.149053997511129 -0.0924307971762588 -0.12333021275809
-0.0604242539076023 0.189062463838705 -0.00428164060184748 -0.119609726101056
-0.0243216303946811 0.192885850308598 0.0131973668789877 -0.0980864849659881
0.0552269589721728 0.119169263611543 0.0162576585282495 -0.0903159251555165
0.058776269655427 0.012529321983557 0.0164798843176529 -0.0807671973159862
0.00627650277870818 -0.0296257556235586 0.0349390880528882 -0.0213148786512347
0.00894219656380938 -0.00436355357357947 0.0584743605040501 -0.0237620231779747
0.0759282301908274 0.00871131074128857 -0.0274458143038105 0.00848358523398545
0.148464529662594 0.0438701255242971 -0.0797084461115209 0.0938844768694451
0.161176445711612 0.0903580492740625 -0.0340370143505458 0.134921578506318
0.120222825773833 0.181521316234042 0.163299972980061 -0.0789863977145656
0.086826681032244 0.122953234288718 0.123129620639518 -0.0062656626316577
0.0134720434510943 0.0288839942561303 0.0195952695103157 0.0763526358322804
0.0174166318848966 -0.0211877846626302 -0.12763947820191 0.00932242909198493
0.0402027090788987 0.0178230301764987 -0.118136519163504 -0.0100369340136218
0.020246333198257 0.109458834218525 -0.0855843795916418 0.0034757736883352
-0.0236139264428748 0.1906591256885 -0.0296119707321266 -0.0189754486225302
-0.0286111244909249 0.213673040627933 0.00178479886200494 -0.017204628745223
0.0144862245601401 0.160898672768004 0.0440440490753051 -0.0235271867809221
0.039909032007593 0.0645635972864906 0.0767359154216955 -0.0372040544735431
0.020503206346654 -0.0134462097953277 0.0957470464414707 -0.00512245321924181
-0.00336195970518514 -0.00742549691974459 0.084979694709477 -0.0381344448622188
0.0335783629489841 0.0386148953759011 -0.0463317741888998 -0.0415764858193658
0.12338104442523 0.113201075839543 -0.146246267216259 0.0408018540962903
0.155913400539049 0.152772394907009 -0.114167253080981 0.0946827750500905
0.141180953910903 0.122150831608528 0.0868842448606681 -0.137697908853521
0.136610291970936 0.0733880127918591 0.0813675052868453 -0.0865459794352031
0.0514894893105149 0.0119870936842911 0.020045506787948 0.0180358823618768
0.00703088790696028 -0.0162378962878826 -0.0776717280424102 0.000883952128299859
0.0263049176419391 -0.0181736951476308 -0.0517892160383612 0.0261653635309597
0.0547545951807068 0.0574248771596746 -0.0357883142741984 0.0725461437153015
0.0222518449759111 0.161786930447117 -0.0157525047981924 0.0636760551740589
-0.0297972669902754 0.201413504105812 -0.00917447025810172 0.0630616016711783
-0.0350291110305147 0.180872600833946 0.0358571232907684 0.0701474036507147
0.00928969166720972 0.10795954092093 0.104316649686549 0.0634126926631405
0.0293352293317138 0.00392874507284557 0.178708515174366 0.0514078919936009
-0.0200025152623977 -0.0116340615361285 0.158706266317472 -0.0657113351174245
-0.0259217737388076 0.0652249815142256 -0.0250256098359058 -0.139507448219195
0.0687362580339931 0.16491591102762 -0.180459732420897 -0.0690724284423626
0.123303084891864 0.197822053154664 -0.18036996700912 0.0115589197296499
0.126364679115922 0.0582080426277051 -0.000296167472828287 -0.150482250323339
0.146084470256709 0.0192439775810944 0.0199490421018549 -0.103648042657049
0.0766850754580492 -0.013218284096879 -0.00159351285810808 0.000354431217709024
-0.000348075602141715 -0.00889211454594647 -0.0608503051664225 0.00710670162572349
0.00609092198748608 -0.0440061373735938 0.0014050386472535 0.00713930997465028
0.0684071379123057 0.00568904153415782 0.0426523240018896 0.0751299190686051
0.0491858492101151 0.115006028723792 0.0308757206084204 0.113492165929509
-0.0286112630896149 0.159046932582432 -0.0155178628206332 0.133542813747346
-0.0666684303572779 0.162712788065105 -0.00472884465009277 0.17599800202124
-0.0191995073850991 0.128412244645705 0.102354100870667 0.210467788039316
0.0296355551982955 0.0197723869321597 0.288271857837987 0.145047202701387
-0.0457086875717834 -0.00599209628226288 0.29585165247714 -0.110922423748227
-0.0854801432151796 0.0875055058783031 0.0494860713513858 -0.278105450011162
0.0111217997510461 0.1808375135502 -0.173126972861399 -0.217651787347326
0.078499067200388 0.197758883025841 -0.220486361659849 -0.095611986600741
0.076900799738324 0.0158296666275251 -0.0720836931903443 -0.132335777861437
0.10269887850262 -0.00722423040691245 -0.0313418423691001 -0.0743107447764916
0.0651254537821227 -0.0281466639288637 -0.0176090820965599 0.0181163232001565
-0.00428771724918483 0.000307379394668828 -0.0610918362931306 0.0327317217039083
-0.00714005894794762 -0.0410264053915688 0.0160090593417955 -0.039265753439342
0.0513061885620685 -0.0207243072389078 0.106302028174312 0.0236670048406188
0.0401361459380525 0.0628945667715888 0.0828145800110717 0.133821462111023
-0.0222288130696518 0.092032928471146 -0.0199540819840684 0.18636712054598
-0.062986123115257 0.103399865465037 -0.0558756615916346 0.271027862560717
-0.0311064273914209 0.0971072823523216 0.0831038735097486 0.373342593584087
0.0121582748595504 0.0154220399765215 0.405676209923251 0.257364683809031
-0.0640311129446124 0.00622277591931233 0.460306515008683 -0.168017338774541
-0.104178199937197 0.0884990782350837 0.144605350328567 -0.426961253701923
-0.0150682773611487 0.137165120347709 -0.136252249435924 -0.369430183278746
0.035793082089715 0.139051035844674 -0.236821264141713 -0.190128611496141
-0.00720064616712724 -0.0218854167559091 0.236049163884789 0.240216258886971
0.00725703749222707 -0.0307844410515164 0.09050087025079 0.430767803391973
0.0523260885865741 -0.0314174127674366 -0.183553606899141 0.495953080593759
0.0434932643594357 -0.00853584895491524 -0.529001531666469 0.223059289106897
0.0274111575012313 0.0118620711304233 -0.481566182170306 -0.297700957232986
0.0216760510105468 -0.00440962466780797 -0.102365825451491 -0.467036319179716
0.0112864661349667 -0.0118541272016734 0.074052085393086 -0.324532470578609
0.00717807445931986 -0.0153877503378411 0.0161794519502868 -0.221169431168256
-0.000609956240097697 -0.0146709151228831 -0.10592597250169 -0.136019777990352
-0.00984678919946447 0.00571381680393702 -0.132602334919116 0.0178579834861861
0.00645115115428669 0.00144972180816226 0.00945975865123958 0.0625257847426606
0.00635875032066366 -0.0101993705071982 0.0506577989500463 -0.0546038662742357
-0.00738233331686311 0.00773307309316749 0.0116972892630922 -0.0467019907899365
-0.0170791101477371 -0.000609144082730194 0.0533563398846031 0.0467356841448401
0.00545670937839406 0.00900353616052054 0.104658025176606 0.105126328434929
0.015573072903903 0.0938931751343393 0.240609147294702 0.212876637927603
-0.0255913205002112 0.0831403833369041 0.0909131426173807 0.39966599384374
-0.024385502073487 0.0234581477680396 -0.169000161059746 0.450306818992091
0.024851574162573 -0.0148138667692532 -0.502642354954336 0.181306711573298
0.0640151143754809 0.0578297972653055 -0.432039307716703 -0.28401522805471
0.00509023672223333 0.0986535487648902 -0.090039439247519 -0.426101844121218
-0.033271710603196 0.0845799749753507 0.0678299475203715 -0.300941614626087
-0.00173824073065268 0.0670528003230834 0.0160433790031446 -0.20774625249941
0.0470009099911847 0.0203418041871812 -0.0902949533104128 -0.133036317587528
0.0259351835445914 -0.0305276528920114 -0.112381665308064 -0.00499649862825677
-0.0181186645379343 -0.0313644138436711 0.0039969263444735 0.0425536800314941
0.0138190942845185 -0.0144395071073032 0.0501313110767442 -0.0514630175888138
0.0511859610611563 -0.0302445412727421 0.00835093874638707 -0.0236566404494611
0.0664084512471093 -0.0320705873294462 0.0403146681817836 0.0597388656076426
0.0779571195564435 0.00988795016570117 0.0950240302969553 0.109487652466393
0.0471618198585777 0.176676886783373 0.237934824399794 0.122051970285166
-0.0209974011872137 0.147308490174018 0.116540249168785 0.270576266975598
-0.0522105560910079 0.0459370189681356 -0.0938302251245964 0.312059164203045
0.0209728672972965 -0.0190032187316377 -0.367680854797384 0.0988803327934806
0.068535212139655 0.0752830717738318 -0.310886949810186 -0.196260581506006
-0.00880493390504561 0.153458692604805 -0.0910435083158047 -0.276912045250742
-0.0585653048615754 0.15741577510152 0.0303338018529968 -0.220706039218765
-0.00820729466008618 0.139178957460801 0.0141827100733101 -0.163940785532619
0.0721655376829636 0.0620716323290971 -0.0416154673894925 -0.122458404083662
0.0532536747758639 -0.029780403658123 -0.0588732498704682 -0.0594980334213148
-0.0154108888999121 -0.040424707421147 0.00153309069128676 0.00198666483276811
0.017610674633408 -0.00801150765293463 0.0520035120658912 -0.0321271517836086
0.0834906623027916 -0.0285820581681702 -0.00202963925924433 0.0093121052449705
0.127391901896076 -0.0198293342689241 -0.00492402608965265 0.0907404221968216
0.133917597738833 0.0320886657006184 0.0484985285804637 0.129134792991878
0.08770360668135 0.201841506372141 0.213920552085048 0.0100991588090308
0.0255160825361156 0.15224421320906 0.135711584297 0.117303100562512
-0.026804640028806 0.0429506783681322 -0.0152752004712743 0.172259814635398
0.0206720988231547 -0.0215461385133447 -0.224264721716368 0.0415863155820755
0.055340305278979 0.0534541745950704 -0.198142879260873 -0.0858920177271977
-0.000268284748644572 0.147076726316854 -0.0967022608716734 -0.114820139341563
-0.0505562668502543 0.190092870166622 -0.0110754409976846 -0.116244884264102
-0.0149879063254706 0.191538256818316 0.00834911205073389 -0.0971393097851232
0.0604424938053367 0.112778872295028 0.0109831008942786 -0.0904110526777971
0.0595609268030531 0.00893027619128864 0.0115691610133638 -0.0805785287552475
0.00333881094034813 -0.0307380830785241 0.0328934511818513 -0.0217581083606756
0.00967751454823168 -0.00369365173741093 0.0571177565600236 -0.0283033894048485
0.0755298084897019 0.0058226491700357 -0.0281764423565515 0.0108883417812121
0.14808311044661 0.0373620922772575 -0.0743001827358322 0.095408887487121
0.162189512969706 0.0813699925616868 -0.0270029523615919 0.13183415128559
0.125706628990271 0.17379175841238 0.157413504028868 -0.0846262732733248
0.0906079016679631 0.119858350732582 0.120760109003484 -0.0124617635412003
0.0146980108110928 0.0293506675018099 0.0230850656084555 0.0735299290180613
0.0163382131424392 -0.0212483778228432 -0.126425688507429 0.0137987415875158
0.0411907748985569 0.0162956530387288 -0.117831332950044 -0.00469487908310358
0.0281757147736847 0.107565177490657 -0.0838357040342676 0.00770928907694398
-0.014292020650379 0.188063577279998 -0.0294583664744112 -0.0162353478293789
-0.0165257891551514 0.210901672320008 0.000225637980894173 -0.0181443131079862
0.022177565139296 0.15717404883672 0.0433915586264478 -0.0265247459516367
0.0437684401793412 0.0611064550819294 0.0735832591925611 -0.0400645914681954
0.0197647705534199 -0.0144528410360605 0.0952540951755936 -0.00993332653853724
-0.00254395207247259 -0.00669874613435733 0.083152220837466 -0.0426324907389787
0.0349120441515601 0.0388084394041086 -0.0469662438255804 -0.0388011609627614
0.126621482914799 0.106641659527324 -0.142373935827858 0.0459378129365874
0.159995320446094 0.144591236517552 -0.107736678520567 0.0969388099561428
0.144443740999833 0.113464585059375 0.0787801538312961 -0.139361728143974
0.138475497235236 0.0674519249123182 0.0754945949007821 -0.0885804411084488
0.0520854560669179 0.0109358690551088 0.0206041836316815 0.0165797062198158
0.00608109742066779 -0.0148030884294129 -0.0770007613044005 0.00506516566204356
0.0255299363418666 -0.018677423001616 -0.0497911866055511 0.0279258738542913
0.0564082924256887 0.0539500454656062 -0.0320338919841427 0.0729047368631085
0.0296555758078409 0.157434371109734 -0.0115294723517153 0.0630044328614928
-0.0197886878705838 0.198801294782529 -0.00450273040889954 0.0636001721553038
-0.0239301464804493 0.179781452998232 0.0392556518685182 0.0653389749296035
0.0145602289956557 0.107373155804072 0.105959809738408 0.057514487008916
0.0305027530649887 0.00277755739239368 0.179574993632669 0.041447737549634
-0.0198137698517547 -0.00813258531583769 0.154865162511323 -0.0746231387336117
-0.0227087971780889 0.0676938548021039 -0.030051766991105 -0.135555545882392
0.0749598941713989 0.1606591888988 -0.179725052765449 -0.0593255890222623
0.130572838254049 0.190780021362619 -0.176805850099457 0.0192532671545371
0.12665530577477 0.0521375867484193 -0.00722459311453243 -0.14508343388169
0.143532880084607 0.0121046629328119 0.0153166583019978 -0.102827285914923
0.0746114848116457 -0.0161222127066209 -0.00161374082280422 -0.000464089728128212
-0.00164187669030291 -0.00622588334969372 -0.0604612701537655 0.00956014131110246
0.00415278471626758 -0.0436419229657276 0.0012926883622842 0.00771883904830095
0.0666236866022401 0.00102369000276697 0.044896851792976 0.0721166755935114
0.0544249932984452 0.109380067161078 0.0373486865136632 0.111156426844082
-0.0209332897216453 0.156800767301351 -0.00892557948247423 0.132181904672297
-0.0564833041181941 0.165563726420665 0.0041182414189457 0.172219726061902
-0.0107079146622232 0.129139955104606 0.112484139176868 0.203435546623585
0.0325141029692251 0.0180576237685993 0.291462333804402 0.12699629594792
-0.0446188347689552 -0.00272664808868153 0.28782996983933 -0.125041288638433
-0.0804424286316505 0.092362535377104 0.0346211681865417 -0.275894577686661
0.0193623246726337 0.179149190073604 -0.179313397763688 -0.206737657601896
0.0853591008550324 0.190269528988761 -0.221877626247523 -0.0835807215997887
0.076398361861004 0.0127228890363488 -0.0773889320239815 -0.125690285800792
0.100593283551229 -0.0122196645260119 -0.0332147858506443 -0.0718794036938462
0.0623141731549608 -0.0297540974044826 -0.0160842839372787 0.0167073828226586
-0.00422237049639916 0.000679017143456113 -0.0588512575088994 0.0335797183965668
-0.0104737022017793 -0.0401258511189594 0.0131265855726759 -0.0409581374996942
0.0485634441551043 -0.0236469477352573 0.105132238783523 0.0189579752664955
0.0430383239574143 0.0591505034837649 0.0881831510828675 0.128300068673392
-0.0171117850590741 0.0910721970134582 -0.00977839780008661 0.183817429304915
-0.0572759371837211 0.105460119905286 -0.042127000880721 0.268919160093019
-0.0238930961496173 0.0983719853349006 0.102827464308742 0.365196085253067
0.013963548392198 0.0146323082141435 0.415482031037364 0.231745421440639
-0.0633003200186184 0.010003357297046 0.446373987847859 -0.188538954851434
-0.0989001281365076 0.0928572867741949 0.123276075303205 -0.426171209975287
-0.00910269353735548 0.136799290790357 -0.150765352136767 -0.357227638373358
0.0406464790049179 0.135364653726812 -0.241838755439576 -0.177029175167748
-0.00734025804998253 -0.0222352233319883 0.245351391396984 0.217883988326798
0.00970141689346247 -0.0346726916165171 0.113859002968199 0.416334160735104
0.0547220283189229 -0.0371054638758671 -0.150488607527344 0.49729457853391
0.045212686137443 -0.0080015487936007 -0.505574571902047 0.25334076849091
0.0263760327494653 0.0140510808705601 -0.49224214847185 -0.261030052646227
0.0180022067558576 -0.00283130944542586 -0.131567014286896 -0.45040708633499
0.00970340266773716 -0.0108903135960588 0.0502761610231719 -0.322440322979576
0.00558871051192151 -0.0150791282625112 0.00229159589337728 -0.216638032506337
-0.00176901791264737 -0.0149216568789634 -0.109575859582063 -0.127332378679905
-0.00842418317640239 0.00657302223701183 -0.128076831602295 0.0250069814612728
0.00684490498481714 0.000223878327890112 0.0118521471110647 0.0594448159575079
0.00508918688305395 -0.010764873180219 0.0448491338212916 -0.05508499322477
-0.00666808011168396 0.00842897886847226 0.00765459491906614 -0.0447961940425666
-0.0160247434284781 -0.000825202313135585 0.0543649226131686 0.0422128377168135
0.00568666578484538 0.00770430345332224 0.107838077057015 0.0960372268240585
0.0222752435722001 0.0919438109992756 0.248083207875264 0.189490455783838
-0.0162432729597989 0.080278672731186 0.114096952608091 0.385955774587213
-0.0193443437251964 0.0224562041769567 -0.138275226561332 0.451809243970114
0.0264320465224224 -0.0144878540755379 -0.480269378367343 0.209112494328561
0.0655943505723368 0.0562923732170165 -0.443929214057207 -0.250854133303488
0.00969312965362745 0.0987258620416045 -0.116914844779892 -0.409762825248856
-0.0270342429853204 0.0867101423607642 0.046518297867633 -0.297827610419757
0.00140120378996507 0.0662444928833809 0.00253692605539203 -0.204465599336627
0.0467607786998628 0.0164784072663346 -0.094613835618201 -0.124306976226367
0.0231123330480043 -0.0313916485892663 -0.109124726927283 0.000989858194068633
-0.0195386016497117 -0.030500375173916 0.00627121583491441 0.0411407739959365
0.0134019546952937 -0.0144139303104682 0.046154492319146 -0.0523214328751016
0.0481866338581876 -0.0331795445386395 0.00574028578511436 -0.0224251677939814
0.0632684636616044 -0.0370807406701839 0.0439068983410816 0.0560217902962
0.0755611392301338 0.00415460339386438 0.0988821940723748 0.102170320853377
0.0578509001451116 0.170866016719905 0.238113315055834 0.102025707344537
-0.0101245821777475 0.145225906740729 0.130541276720641 0.257223822965504
-0.0476266664309127 0.0485851293852342 -0.0723317117892393 0.310358269752804
0.019765217802314 -0.0172221486711605 -0.356162604295322 0.121624528035563
0.0728625450036391 0.07254009491506 -0.318348139008107 -0.172302942502109
0.00127897990788743 0.154185210443774 -0.107216519794145 -0.265504044953203
-0.048979633921557 0.157020547135456 0.0165747314018611 -0.217101340592328
-0.000981725706978195 0.136219847721336 0.00277695242548893 -0.160561000472411
0.0725744462798243 0.056755854503667 -0.0480082582971625 -0.115837684542481
0.0502879403059803 -0.0334720044384475 -0.0603620872184749 -0.0539460672335844
-0.0184604575869444 -0.0394547020524636 0.00268853192215979 0.00273171570752823
0.016558536296652 -0.00973468143408183 0.0486897291041646 -0.0348122972746217
0.0805403523085338 -0.0324532078334783 -0.00160415606059078 0.0104837998849295
0.124649746397738 -0.0280113398215329 0.00172582610018522 0.090364446255548
0.133102206588051 0.022731627717531 0.0534709281596656 0.123161960382336
0.0993156817350262 0.192704752341726 0.203952981582952 -0.0052266797079056
0.0349466294861591 0.147659158914162 0.138718236776417 0.104424024874775
-0.0233181490907403 0.044479350328168 -0.00504282379327191 0.169181274239166
0.0204275403838668 -0.0205178592648606 -0.218818399060509 0.0542060961955348
0.0596276451015286 0.0506887561161929 -0.200019673292082 -0.071460229902749
0.00960895568412925 0.146270166706108 -0.102701880388739 -0.105993566469788
-0.037316283906272 0.190656281855266 -0.0182587186334006 -0.114042651831465
-0.00222539423539399 0.187082152896476 0.00135896114999453 -0.0952205097071115
0.0654529831973399 0.105417716753919 0.00513325702916287 -0.0885488799832442
0.0590749666745472 0.0044378234432944 0.00663383590521201 -0.0794834173780355
0.0023630762403688 -0.030158624654277 0.032491916742272 -0.0226705150333523
0.00852503979780493 -0.00409569885033413 0.0537573053537507 -0.0301488678192201
0.0741604764581099 0.00115825020383909 -0.026990704940719 0.0134940387597732
0.148233808273097 0.0270965008264741 -0.0669606035478066 0.0997500975449075
0.162977757504374 0.071298558207296 -0.0191547433342325 0.132991910193572
0.134093298241812 0.162190767429656 0.144567696236506 -0.0927444622825472
0.0944226617246438 0.112561532925059 0.116312079809538 -0.0208783654910254
0.0164214035249737 0.0290014977611204 0.0270703528027586 0.0696514430769602
0.0150650557846605 -0.0205377936699056 -0.123972493500252 0.0221922121864863
0.0436032118378565 0.0147735706221945 -0.117216585441704 0.00215339625644762
0.035386092892807 0.103640682935626 -0.0810746588248244 0.0129096920612202
-0.00138940445433481 0.185811503559901 -0.0300788284536067 -0.0137974851960934
-0.00463485598626935 0.207526889073683 -0.00114397885767491 -0.0171610793565589
0.0298537256811152 0.151101884632931 0.0388169350794213 -0.0276262034697994
0.0459001933458632 0.0562248174642928 0.0683561724012291 -0.0435839647235109
0.0188156914803798 -0.0152637480498826 0.0944939393909104 -0.0146528254802285
-0.00293726609528796 -0.00534577417744105 0.078505857924672 -0.0471600196425145
0.0373549657537953 0.0372989342232779 -0.0487931469637879 -0.0326941818048893
0.131790628170239 0.0981512370591771 -0.136065311649047 0.0562409721744249
0.164962445431471 0.132580834258913 -0.102099984684432 0.104100904173935
0.148305155314663 0.104072517719686 0.0648200955927314 -0.138709959235876
0.138527720963555 0.0586530195469844 0.0670940629363845 -0.0922205517346321
0.0530269887904451 0.00847889388624495 0.021090363586136 0.0137642354043678
0.00580940984419912 -0.0142475291127414 -0.0752722302912162 0.0089198682954027
0.0248384350335021 -0.0198967656092423 -0.0479228473382738 0.0297979503559394
0.0603906215866862 0.0478206230038974 -0.0254070848199797 0.0740009126824328
0.0392116956571815 0.151328289907218 -0.00728226463932205 0.0627639162876849
-0.00664444668191417 0.195537383395273 -0.00163122362632781 0.0619321983003165
-0.0128966014888377 0.176987076930886 0.0399865886270979 0.0610399046108513
0.0229790726864495 0.102655070076696 0.105871571184119 0.0489571124900538
0.0308932400135302 -0.000105198495023797 0.177654836239886 0.0296981858502416
-0.0209059497648681 -0.00699891949119045 0.146928225686564 -0.0828496962130925
-0.0185439632680648 0.0698016040628637 -0.0386278192714125 -0.130631037845822
0.0833104230587484 0.156321960294517 -0.180666021607494 -0.0457602399633733
0.139508557852921 0.179603798616357 -0.174006736872721 0.0301077500690276
0.12644885768359 0.0445001885822894 -0.0186012533285781 -0.140746705659856
0.14028355248228 0.00277611751332517 0.00830271042732071 -0.101649197969272
0.07333772350566 -0.020272195023918 -0.00162482080028352 -0.00113630137652325
-0.000334656540983009 -0.00582776110972817 -0.0581298262440785 0.0126636345116607
0.00174006141016198 -0.0426971248649574 0.000409378978688078 0.00535124976631776
0.0657833466887107 -0.00557642166392013 0.0483477369145717 0.067908091147472
0.0598935378496757 0.102018224230236 0.0434769287278605 0.106092345977653
-0.010141537309401 0.154346145672301 -0.00070181944238468 0.129075848756239
-0.0445377076506062 0.164381887714438 0.0127707329827424 0.166026770131089
-0.000397638940500764 0.125531732947393 0.121137704815827 0.190149931870577
0.032101951581983 0.0151916237948807 0.293498934743427 0.106982596901837
-0.0448840722220762 0.000738442499479176 0.276014473406602 -0.141953020271895
-0.0750763759098941 0.098885082758096 0.0169160535819799 -0.272820193480525
0.0298905611973768 0.179088413626237 -0.1894926214601 -0.191294617732716
0.0958305453438436 0.184741056836395 -0.223633021876094 -0.0692982182970336
0.0748269530203564 0.00789299924603468 -0.0832564108010491 -0.114134311797355
0.0977866770266109 -0.0171619674010839 -0.0371817720276075 -0.066978609265085
0.0599523176833092 -0.0333570583183981 -0.0153641035462734 0.0170230653260985
-0.0044442431087839 0.00155388968377544 -0.0552915737596795 0.0360873709729217
-0.0137173434643332 -0.0378625802320095 0.0102932034883486 -0.0401334544661225
0.0452755866224068 -0.0279248148641395 0.104593717756265 0.0126454691965762
0.0463996906756936 0.0537887802623116 0.0947896390051473 0.120855346299903
-0.0114989086438791 0.0911542384725064 0.0021257965830297 0.178367123357141
-0.0470194981825958 0.106654950847593 -0.0238265105931827 0.262336357885813
-0.0153478953344877 0.0975117335647228 0.122090251886415 0.349262995961291
0.0136829681172706 0.0112308796918962 0.421698448408821 0.201843899758743
-0.0636827121324728 0.0138947415737673 0.425982492601107 -0.214412337870841
-0.0944777736683824 0.101291215714596 0.0929802746795944 -0.425261801840471
-0.00236044799795026 0.141168335159493 -0.16914082292139 -0.338757414458125
0.048856479804159 0.134071801423069 -0.24755131985507 -0.158811863779329
-0.00775884690898145 -0.0216697131283118 0.24345451047382 0.213810109045627
0.00863071892868924 -0.0347982296195083 0.116566010423365 0.409236583535679
0.0531372733165862 -0.0365565202019306 -0.143837282520288 0.491313252076593
0.0448826664166238 -0.00854864581380228 -0.498430100704848 0.25679559067852
0.026042137212402 0.0130111970741377 -0.490994207158504 -0.248166522300216
0.0184700790654068 -0.00385296442400733 -0.138121750917387 -0.441078220130038
0.00838996355312843 -0.0117436393407313 0.0437412180258961 -0.317986271605716
0.00518535357707377 -0.0154843028441552 -0.00201843589834266 -0.213527888878051
-0.00212113758540594 -0.0148322863190078 -0.111922587096746 -0.123684243481648
-0.00765437614183583 0.00732494605634993 -0.125643273915316 0.0265962403414823
0.00606371793384864 -0.000633494905665125 0.012925905279897 0.0587526447529164
0.00447205530310954 -0.00961323474353477 0.0437930456699158 -0.0549929701222543
-0.00638741957992404 0.00914896900936774 0.00650988738062749 -0.0437923814579621
-0.014454268840618 -0.000445971884898193 0.0544081212166093 0.0405813963230232
0.00606335710571872 0.00746026200308568 0.106954160526333 0.0922197405155826
0.0236901994851175 0.0912199158212187 0.245792333507369 0.184780586683754
-0.0157592410313473 0.0801544522681522 0.114939573568724 0.380761251967599
-0.0207700583710667 0.0232186368301694 -0.133112890625339 0.446142306212409
0.0243971549894558 -0.0150722951486547 -0.474424257978011 0.214615817546491
0.0675935531605187 0.0552755656678768 -0.44332324453705 -0.240935681961514
0.0110483988941272 0.0978027341207823 -0.123338053230246 -0.401359685886897
-0.0256480562504099 0.0857052919206564 0.0399564068258654 -0.294791158626268
0.00318284439805969 0.0638257023685343 -0.000158059939238762 -0.200871602301193
0.0452985646350393 0.0138296399081228 -0.0955951831260589 -0.121635333025627
0.0227456039573404 -0.0318116615618068 -0.1069098369171 0.00296247144462965
-0.0207743946337644 -0.0299274532818498 0.00637884986296311 0.0404116326997169
0.0124047446545082 -0.0140836013923625 0.0447603255019358 -0.0511507918814247
0.0467858444875956 -0.0337307144517129 0.00598191427857891 -0.0215256626735613
0.0624785778057206 -0.0370844683318249 0.0434230417914699 0.0538682630943156
0.0751992091414925 0.00264943320118794 0.0982549296069822 0.0988377246977876
0.0586452454290827 0.168522895253012 0.234979576463602 0.0999127820156638
-0.0092441636716055 0.146415605734473 0.130627307855007 0.253491869195471
-0.0469731722455027 0.0504687427271812 -0.0694937259295317 0.306976389254777
0.018989267815003 -0.0175363755772417 -0.351022935605579 0.123303958653456
0.0748237603085482 0.0707715364584703 -0.316389287750362 -0.165455687232413
0.00515391175900061 0.152418138422067 -0.110264211353992 -0.259485946873979
-0.0449258108182301 0.156407816940342 0.0118967275472445 -0.213202850999788
0.00171928047625461 0.133699193705759 0.000471048510381987 -0.158603486612842
0.0709500036474239 0.0537313743734507 -0.049219155876865 -0.114222350299213
0.0481079884875323 -0.0344485425264384 -0.0617801655537606 -0.0520446973017141
-0.0191890394016286 -0.0389977355159958 0.00315493845543709 0.00260233603329874
0.0159721443032858 -0.00911699914149579 0.0481331228769916 -0.0346370324895501
0.0798893642758636 -0.0334495072563619 -0.00217074091127409 0.0106476668634744
0.122031001203889 -0.0289804950569142 0.00315792804952006 0.0891503765898106
0.12958513103871 0.0219148673865949 0.0531560789316483 0.120562667286845
0.0992821845927438 0.189806821269069 0.201047661960684 -0.0057369378728288
0.0343330726208377 0.146533089942643 0.137435145253155 0.101682127648493
-0.0234103650999909 0.0456206482902557 -0.00409112859741222 0.167092804664956
0.0191304346401115 -0.0199937337373657 -0.214781165236428 0.0563802670147855
0.0612462183101663 0.0502822347096267 -0.198624099568133 -0.0684184316998229
0.0124362545392901 0.143014808523493 -0.103491295122618 -0.10203448984912
-0.0343642794790658 0.188049792746907 -0.0193697359682146 -0.110965111290046
-8.74301597998785E-05 0.183134858047213 2.56047359695806E-06 -0.093747197699783
0.0652612332320504 0.102521792799364 0.00340355930232957 -0.0881084139099795
0.0586119050702662 0.00201704927186244 0.00469061633513912 -0.078232800827122
0.000681313871934187 -0.0301388013571438 0.032573548002362 -0.0229499719130578
0.00928135133487849 -0.00375660048730302 0.0536974069909645 -0.0314880029708316
0.0733173694628442 0.000363750651501035 -0.0265397726523153 0.0139230506125714
0.145446095276208 0.0266138029626611 -0.0641040037218533 0.0984221199142916
0.161054405622498 0.0675099154766391 -0.0180413695045425 0.130852627454257
0.133230777378749 0.159666756672521 0.141478801537612 -0.0925934277600327
0.0937274345806568 0.111336718800916 0.114120026492805 -0.0207673365951824
0.0165387995305043 0.0291955280015706 0.0268361017864651 0.0680830208526381
0.0152782336303745 -0.0187412027377934 -0.122786689672241 0.0240366915473672
0.0438504674691088 0.0119878164822081 -0.115380433351253 0.00274513442108043
0.0376815868405557 0.101165894787909 -0.0792609312815415 0.0139084048863215
0.000886825773925363 0.182145128755906 -0.0292242519511694 -0.0136362420585732
-0.00203330514784131 0.203129362683756 -0.00039353781683062 -0.0163673639547641
0.0324929578681975 0.148268713556398 0.0375109439703413 -0.0297270536458032
0.0473266948943702 0.0537216982618966 0.0664239896964988 -0.0440429445232845
0.0200538026598554 -0.0159749238980143 0.0926956745529717 -0.0152988401096552
-0.00352919966610738 -0.00517459490577423 0.0777757325856738 -0.0480266764092163
0.0356366649906489 0.0378469235238809 -0.0493705904997133 -0.0323382109223553
0.129017517209762 0.0970857818212122 -0.133966807703304 0.0573504243398773
0.163630034331946 0.128800525845882 -0.0990527344211016 0.102962259182552
0.146419574724916 0.101733944906893 0.06299627460442 -0.136961795134294
0.134714004062325 0.0557155161055548 0.066390510803995 -0.0917226397582044
0.0514340375939906 0.00831954442470593 0.0209219181721206 0.0125963715090289
0.00617635654168609 -0.0139087537298268 -0.0747976285670368 0.0112351129972466
0.0255252658817341 -0.0201885321994588 -0.047102342057201 0.029272999416305
0.0602544211903181 0.0461844742604707 -0.0234830951666595 0.0731461625103131
0.0409631821578182 0.147631259251819 -0.00519742990903825 0.062464821364301
-0.00325058731266046 0.192836678313644 -0.000354686267228381 0.0601048964736752
-0.00956336021254338 0.173436341437627 0.0403799852931053 0.0579284973429666
0.0256266727106698 0.100320266022139 0.106375531607459 0.0466819677197717
0.0315952265109558 0.000365328625909023 0.176949657029205 0.0260386718155959
-0.0203074484646988 -0.00619498139628936 0.144750131250927 -0.0837517075438348
-0.0176503830798976 0.0720728523590214 -0.0391644352132221 -0.127894925498424
0.0833525030924309 0.155592458212094 -0.178874114314687 -0.0441091178489035
0.138173894407808 0.174682579148119 -0.170868819428802 0.031036850554774
0.124380531624922 0.0421324334093351 -0.0192857578652577 -0.136499880409483
0.13750385337043 0.000955837963842617 0.00813719767912462 -0.101466028442685
0.0713574820707827 -0.0212988446613055 -0.00229255126736294 -0.00245665861557814
-0.000991481601674887 -0.00541606110527774 -0.057934111693724 0.0130674395884864
0.000702452920367225 -0.0420672888140047 0.000300354766818378 0.00546146421009344
0.0645243354040686 -0.00719850911597418 0.0483364379540692 0.067130130578122
0.0597319881364499 0.100414181048888 0.0450718755958117 0.104043193182575
-0.00861710252687541 0.153578514905658 0.00100550816341264 0.127674921218566
-0.0396746527192566 0.162137475718639 0.0157002789191042 0.163008800815058
0.00298743025964979 0.12428918655177 0.124295208801648 0.18623074371938
0.0334368454817065 0.0134999929249025 0.291369373593481 0.101877851590142
-0.0452210423414603 0.00149033133138375 0.270524286512642 -0.144092416661127
-0.0735544065365944 0.100049553646164 0.0132406103385278 -0.269338925205059
0.0298476039649068 0.177476204285711 -0.187343617786458 -0.186773529451861
0.0953320574652249 0.180729484428841 -0.220745690093356 -0.0654243343258946
0.0738848152453743 0.00658073824573727 -0.0827899395352032 -0.111026232450412
0.0952416077275703 -0.0187668674301834 -0.0370407760026762 -0.0653344743370634
0.0579988616404021 -0.0342896420121435 -0.0157076624661026 0.0161488138778742
-0.00432282638611467 0.00177640631290468 -0.0540214029116523 0.0370377718434538
-0.0155907836434727 -0.0361813103470021 0.00942581822447599 -0.0411183110643827
0.043636425568017 -0.0280415938059324 0.102842233445925 0.0121497447902988
0.0457879609967963 0.0522598372704052 0.0958257393709041 0.116850044682226
-0.0109468519023338 0.0901224229116172 0.00394750568574655 0.174232454610761
-0.045206437343099 0.106280883308852 -0.0203240368405012 0.258196026335661
-0.0129558735550346 0.0965652049776011 0.12797599445291 0.343060873574377
0.0151201118014258 0.0104960437805078 0.422247581712943 0.191805070658577
-0.0619745532129505 0.015189880421172 0.419905161733157 -0.218038596405075
-0.0918041158828271 0.1014891649847 0.088752456821932 -0.421526451035829
-0.00203908806120093 0.140421542453645 -0.16846850613137 -0.332411288664645
0.0499840978545764 0.13147353841327 -0.245197165271349 -0.153337098112327
-0.00778218361154284 -0.0199875241563486 0.245032543167438 0.213103480841454
0.00783555170253298 -0.0345345559307038 0.11739363905978 0.409079913058
0.0529471968719429 -0.037133351589739 -0.140480471233784 0.493062793015216
0.0447269690485927 -0.0103280514394561 -0.498612937258727 0.262053764574815
0.0246702338075971 0.0126830493218679 -0.494105537328949 -0.242251374568268
0.01777959622028 -0.00368667064836931 -0.144665561248853 -0.437526122572769
0.00924481007530024 -0.0116609433565992 0.0411567120681867 -0.315970485356579
0.00493069065060685 -0.0153566326869064 -0.00568177694970853 -0.211335536989249
-0.00308054376880451 -0.0149736819517114 -0.114399566543785 -0.121269783064841
-0.00712474653265242 0.00606173573174959 -0.123994834298685 0.0275321645553128
0.00664590732059341 -0.00124574086901031 0.0123707390630892 0.0591509798708894
0.00539086230824215 -0.0096750800230487 0.0441416941050589 -0.0537469836939796
-0.00660808793419673 0.00813217163032278 0.00496117941550721 -0.0438781783540991
-0.0150727312591515 -0.000947034171753717 0.0539827015198736 0.0403225715245901
0.0075873400084017 0.0068178421623266 0.106497479960613 0.0914967037744519
0.0237154413322465 0.0914090017013998 0.245570050036398 0.184600729728125
-0.0169821226026184 0.0820944784919774 0.115526328335811 0.379962316789129
-0.0207135870198519 0.0249960444252618 -0.131265610920519 0.447792724544535
0.0244601382281392 -0.0148728563444716 -0.475159081784819 0.218897033816071
0.0676982139926099 0.053264530706423 -0.444306984599991 -0.236071180434908
0.0135613741270872 0.0969033535368545 -0.127809529095494 -0.399502257134416
-0.0250234353411245 0.0851810693148056 0.0373490794578413 -0.292519652594325
0.00314605176445919 0.0642459943904753 -0.00351519511198936 -0.198338033673583
0.0454504885533027 0.0133631018668891 -0.0970965067645701 -0.11807853219282
0.0212339707286611 -0.0335305172763139 -0.10655183867751 0.00551834015623835
-0.0210765515451031 -0.0302416817213629 0.0072358928413819 0.0405986119021312
0.0127844979465311 -0.0149229138287056 0.0436139415958648 -0.0505580162422464
0.0465307839968541 -0.0337813359571494 0.00519048914002185 -0.0212619377442434
0.0609454843536184 -0.037549509041627 0.0435648217492682 0.0529131289993551
0.0750875428116995 0.00284660273647484 0.0976718030686454 0.0975457951842457
0.0586630049801462 0.169216681837784 0.234500674419103 0.0997579140607752
-0.00998793398487564 0.145929156384641 0.131914358224266 0.251708410723987
-0.0472694341449615 0.0527069950123877 -0.0678826957036141 0.309581485275661
0.0185909082394298 -0.017452617790394 -0.35253625636195 0.12807098547261
0.0776216752044815 0.0699806191638013 -0.319596938122583 -0.161053022208532
0.00788764437545712 0.151088111839955 -0.112419398317031 -0.256345844553705
-0.0426509603996326 0.156574467506081 0.00974545653094606 -0.213018474834206
0.00305409982232395 0.132971577431397 -0.00176623354268917 -0.157192581422238
0.0711294940170621 0.0511938760611013 -0.0501134356127332 -0.113276445346126
0.0468607159563733 -0.0367470673757992 -0.0619451228834039 -0.0512980267358511
-0.0198273562814283 -0.0387718515207019 0.0030691229182512 0.00346199124512943
0.0161466935020746 -0.00988186168683945 0.0484538606098429 -0.0333736914679567
0.078493022893709 -0.0337760811781443 -0.00173121946906197 0.0117145802833156
0.121016136948951 -0.0304102309058264 0.00260558815453845 0.0889986741802106
0.130055622987713 0.0205280716357177 0.0534574995470694 0.119349527010726
0.0997563887929968 0.190570919217687 0.200211299948518 -0.00546923460698562
0.0348176301091004 0.148565684059326 0.137668250306703 0.0999953698301792
-0.023476437791087 0.0469253977276875 -0.00292164504690026 0.167847098626184
0.018971949400094 -0.0198850832959886 -0.215520178464389 0.0593241507413596
0.0630369752011646 0.0490096905482871 -0.200766599227626 -0.067198352727051
0.0158394336068647 0.143070822522526 -0.102930269269221 -0.10065403944161
-0.0322700177914626 0.187505767615917 -0.0210836269304048 -0.110048485892255
0.00140061533852475 0.181432947592413 -0.00180325734436945 -0.093416293547507
0.0658990563519324 0.101005829438331 0.0024319580093066 -0.0885522447272468
0.0581568400837222 0.000379759995693929 0.00271902286371386 -0.076799487931113
0.00109732844164264 -0.031142526618778 0.0321720329363583 -0.0227680760850459
0.00948361879583464 -0.00445421163784518 0.0532160186627718 -0.0319453132937075
0.0728047526658266 0.00134265219550398 -0.0271852853207112 0.014787561509872
0.145239131454504 0.0261641898524695 -0.0631004512138058 0.0995261870561055
0.16027115148092 0.0668041230036947 -0.0180210426446179 0.130002165914336
0.132474675478063 0.15984213813553 0.139867092617237 -0.0926554920173337
0.0945537456727088 0.111759809761879 0.114705368485099 -0.022070134685157
0.0155921381287126 0.0301394823034124 0.0283098044855817 0.0681089426612021
0.0141467153250071 -0.01893239752241 -0.122736224934521 0.0252649655118143
0.0458270159051793 0.01292489694671 -0.115512677970706 0.00443725471170195
0.0380693552966891 0.100198864570974 -0.077797681233783 0.0159938947649611
0.00375311021756895 0.181228103259773 -0.0289165102536845 -0.0114709286063481
0.00114243933038443 0.202868119324345 -0.000396642537905104 -0.0154636428024287
0.0346765901201337 0.147073615703317 0.0366787996472917 -0.0308806651840055
0.0479400172026122 0.0522584069731945 0.0651240771351944 -0.0444277718559808
0.0203366184513044 -0.0152438404245632 0.0927200105144589 -0.0168925307248344
-0.00277366908259097 -0.00412923117023592 0.0766083574113492 -0.0491327997121059
0.0366671901372757 0.0389374509898949 -0.0483384261075074 -0.031473157551923
0.129413022434183 0.0982963449664341 -0.13273550428737 0.0569719182819649
0.162972827910228 0.129703060680696 -0.0969189253564706 0.103316274836294
0.145084964078802 0.100533263107123 0.0616204752171045 -0.137385880036896
0.134583386344204 0.0561359212409461 0.065452856169447 -0.092016875722164
0.0526886902457455 0.0073506636153988 0.021916573193292 0.0126893995506227
0.00607787235672401 -0.0131791991611161 -0.0759815591768936 0.0113734896717608
0.026432654518959 -0.0202223367606809 -0.0481629391213153 0.0292784995378837
0.060884915982165 0.0438217293181681 -0.0222444901353253 0.0740245557298591
0.0423212736229037 0.14653243440482 -0.00331211516660727 0.0623419684025058
-0.00202959579720418 0.192037645936188 0.000386332341296604 0.0612787251853705
-0.00607164627337681 0.174138550743424 0.0397794651127823 0.0558786459217256
0.0286665668001776 0.100579516733025 0.106368311137144 0.0446346796558861
0.0333345437189142 0.000344725327782887 0.178309806078748 0.0242491213247466
-0.0188759003985022 -0.00389715247356574 0.143511380368965 -0.086908755473207
-0.0176689824064729 0.0725488444420907 -0.0396195298138512 -0.127134628198233
0.083892611125115 0.155553315113348 -0.178613724086133 -0.0414797900959255
0.138425870214509 0.176092684250063 -0.169661941778403 0.032689183693275
0.124349332513115 0.0419927537952508 -0.0195999154597288 -0.13542747446344
0.136795973784052 0.0011088731093022 0.00734619413708408 -0.101479126957144
0.0714549155195121 -0.0216795012223494 -0.00172406546735536 -0.00265395430338958
-0.00153024119286193 -0.00469216690390121 -0.0585079143184744 0.013615981877095
-0.000533074195584051 -0.04295056053481 -0.000119392417427579 0.0049949816857565
0.0637081530398821 -0.0078884951012078 0.0492483364064813 0.0665020194185205
0.0608195958356889 0.0981200325627903 0.0472516628071255 0.10376846710523
-0.0071805406317661 0.152404275419415 0.00178809698832798 0.126704499689643
-0.0378362263833463 0.163778443923026 0.0174866137071172 0.160917264318583
0.00680121089154141 0.124783892326968 0.126597377767445 0.182940862149813
0.0353661849930551 0.0140167187508194 0.295445274543192 0.095525405062958
-0.0441064857915545 0.00397859014035619 0.270789170074933 -0.147547890746966
-0.0732172167530425 0.102489553104535 0.012168718016159 -0.269014687140987
0.0306139897878176 0.179191008141289 -0.188047595735258 -0.185445901072174
0.0959596437456127 0.182259004711137 -0.221093226513361 -0.0651515041982992
0.0743189743284815 0.00693149422440527 -0.0837364561758137 -0.109442017169702
0.0937742802005376 -0.0195748594148293 -0.0369675232661844 -0.0643470037253727
0.0584988093602041 -0.0340969485961403 -0.0160233129646962 0.0149333691084846
-0.00471731843307633 0.00166484921202498 -0.0535726700205615 0.0370171580974696
-0.0160053615800598 -0.0365607582502464 0.00795554852581816 -0.041868294778039
0.042283949676956 -0.0295656837784267 0.103008748992049 0.011580550951101
0.0463827418869985 0.0515843350774055 0.0970532312498857 0.115489617060426
-0.0101336701534157 0.0904113345964508 0.00557748828868978 0.173536767641677
-0.0431632246162224 0.105779063158902 -0.0159102997615323 0.256580001680243
-0.0103289871110545 0.0973263646407439 0.133697607835503 0.340828562216294
0.0164009723048692 0.0110571089212055 0.424296538432843 0.185042221697853
-0.0619232991722907 0.016102407702562 0.419100853714153 -0.223296012579077
-0.0919438636971186 0.102986317763719 0.0879525772277305 -0.422273294907124
-0.00142605171490031 0.141410059152472 -0.168855247507873 -0.332373762455768
0.0501609604095535 0.131172898236124 -0.245073824895932 -0.153517878355999
-0.00641502918344297 -0.0203092432243223 0.24980646993164 0.21452725252299
0.00786208710793315 -0.0351888360216394 0.120431509312343 0.414988223374327
0.051245470831683 -0.0394574191104535 -0.140237829673414 0.500341292079666
0.0450822352089813 -0.0119476449273245 -0.50227567920346 0.27122210533593
0.0248558101892371 0.0123761661996545 -0.501287665822726 -0.239339788281414
0.0180865351033874 -0.00539800312519464 -0.151858526207963 -0.4397601549123
0.00921472032582558 -0.012882752538956 0.0374900778454911 -0.318966842505755
0.00403803194828912 -0.0162880301280841 -0.00886922177451312 -0.21032041957943
-0.00294475296440907 -0.0150094279652668 -0.115905996086696 -0.120354486977445
-0.00767017376850628 0.00670915667296252 -0.125290612951249 0.0293525255762402
0.00566005632487009 -0.00224977809865531 0.0139241326827265 0.0592756334667034
0.00411814216304674 -0.0103756717818205 0.0453098412114688 -0.0552943358778672
-0.00662901841782642 0.0081174191072939 0.00497218253517295 -0.0429376104742928
-0.0132937362203725 -0.000219137046472628 0.0548949604601286 0.0399055397089179
0.00751103409715756 0.00532653521235214 0.10934823037398 0.0901563668483844
0.0242677456914945 0.0926607309327588 0.250317622758715 0.187626923645601
-0.0143316935121121 0.0831889541211433 0.118191430179403 0.38436475231408
-0.0213005962430234 0.0263167609486676 -0.131154751344554 0.454165066047648
0.0240125939198196 -0.0155345036913894 -0.479153845706803 0.225960658709848
0.0696889721052715 0.0537428538384514 -0.452362468794561 -0.231469417586741
0.0157304865338367 0.0972056400112244 -0.135224889152341 -0.400071512312653
-0.0244278349775304 0.0852736018233949 0.0341634923341041 -0.294882176034305
0.0050251251344679 0.0639564165016183 -0.00633350700521392 -0.198813443685279
0.0454896280548154 0.0117833113609243 -0.0987018461779009 -0.118184887898203
0.0213191034197154 -0.0353300883258834 -0.107618719285645 0.00640625214518942
-0.02279531592228 -0.0308605313894034 0.0089295988979457 0.0424115531407424
0.0126770776367512 -0.0149359023120454 0.0438453394933179 -0.0519412041640063
0.0458251338754473 -0.0351155469887224 0.00539440963713674 -0.0204965136363929
0.0620036979941187 -0.0388698129965548 0.0452618378661988 0.052912653917913
0.0755756391344196 0.00273950380729065 0.0996878953124828 0.0961628681872419
0.0608302524796693 0.170246410773031 0.237686665214343 0.100679894219052
-0.010011850227721 0.149501716739155 0.135320991047225 0.254304454457235
-0.0485605505411831 0.0546510978488929 -0.0673608046613142 0.312348540596143
0.0177935195407987 -0.0170259394099109 -0.356653910772515 0.1322442869515
0.0801299898724995 0.0701246646396372 -0.326402769160962 -0.159568338890294
0.0112087781222719 0.151549612523209 -0.118196442216251 -0.256269431544004
-0.0412536399740724 0.159362821045341 0.00678694040994677 -0.214467561451936
0.00596979504660949 0.133823689956892 -0.00299513398853849 -0.157340850576105
0.0726188281575058 0.0492667219363823 -0.0517831029143353 -0.114078343593288
0.0470560981630954 -0.0391721974513385 -0.0635592228900265 -0.0502362430429691
-0.020972064070311 -0.0395094409361271 0.00387357995184815 0.00364531609281631
0.0167352414008354 -0.00963507973348861 0.048135310897921 -0.0342662737274973
0.0780272568116719 -0.0346095403605947 -0.00187205574051822 0.0130010257507923
0.120952250426933 -0.0312565087556451 0.00452377953075653 0.0899634704497297
0.129390433436506 0.0188488901705515 0.0540033627010304 0.119674349669481
0.102154508064386 0.191550103182972 0.202309837090518 -0.00643364237716378
0.0363768555767691 0.150591066174319 0.140399156622204 0.100339340369547
-0.0238608430251406 0.0493457963213816 -0.000751631448309828 0.169093765914474
0.0193848043561722 -0.0201914542458903 -0.218757890561763 0.0636647872068839
0.0656900994937879 0.0476511301102544 -0.20495640670983 -0.0644967645443729
0.0190801627360842 0.143832153309876 -0.105102187778541 -0.0998390452833729
-0.0280731743686606 0.190007557577618 -0.0224961265353445 -0.110173385510215
0.00465793564171448 0.182341482180959 -0.00260065230459477 -0.0933195846307562
0.0676458420480996 0.0998661007406234 0.000681953779650589 -0.0888666442862567
0.0593896709672388 -0.00181632155582246 0.00177972112104697 -0.0772063718553747
0.00135609691659935 -0.0316957346097545 0.0340668804631857 -0.0232138631490623
0.01054820485965 -0.00324093818629046 0.0536788261812677 -0.03356979651173
0.0737904122997899 0.000554800246896158 -0.0279272015544852 0.0154019597269761
0.146355066270855 0.0242031705923512 -0.0625742263339423 0.100521127032687
0.161568497789993 0.0659880244842119 -0.016026489683214 0.130952504176031
0.135876527438752 0.159694512018908 0.141147088886545 -0.0939961822579561
0.0953879623712755 0.113017618743286 0.115639535574651 -0.0230639906427953
0.0168025997134176 0.0313310241123443 0.0296589497396446 0.068138829839081
0.0157330842206581 -0.0187186244163258 -0.124514945987018 0.0281732967039095
0.0477536398861537 0.011790589002161 -0.117153222968216 0.00539193970256242
0.041009796333325 0.0998738976297091 -0.0786395293030923 0.0168902552731294
0.0063467982855535 0.182125032860358 -0.0291438443583662 -0.0106741861908409
0.00217079792362379 0.203904383712798 -0.00102896066436437 -0.015397855802688
0.0376706938162401 0.148446530499189 0.035815454353053 -0.03260167146935
0.0514935104690425 0.0512593586918862 0.0653829720119062 -0.0447265817696
0.0221144795129742 -0.0170619962687528 0.0937337920234443 -0.0177424773751786
-0.00125002603831 -0.00515661128047181 0.077544798292783 -0.0511910258916651
0.0374060272879094 0.040111170818035 -0.051087043483624 -0.030356987606899
0.130797428197962 0.098448681498944 -0.133661561472205 0.0596985176884905
0.163874541937586 0.128507846423153 -0.0977564887585365 0.103600395206422
0.14728693693984 0.0997655169485392 0.0616010291996295 -0.136569534055509
0.135536232764909 0.0573718606577636 0.0651651976362051 -0.0941150054085812
0.0520346714046766 0.0080210251344337 0.0240832123933687 0.0118480020609062
0.0072397451231163 -0.0129973062805217 -0.075895290248244 0.012533202491933
0.0276291523693849 -0.0214975223125412 -0.0486160606046795 0.0290699369993003
0.0617964036148139 0.0424530554795737 -0.0214216683228847 0.0741415136439749
0.0443658029613433 0.146492381648214 -0.00256349036240011 0.063066723117018
-0.000763319649021093 0.19292822774325 0.00122605704531503 0.0608808555563174
-0.00349173040905638 0.176059246087196 0.0403896627610058 0.0550490015221758
0.0309915093258649 0.100251520492507 0.109221523300267 0.0438368120004232
0.0342912927969404 -0.000496434094777648 0.180283709571239 0.0220292132160751
-0.0190130593337137 -0.00274224184250923 0.144599259914276 -0.0905677985256833
-0.016818447941341 0.0750351283880222 -0.041709280707851 -0.127577416052193
0.0855134342515346 0.159575994101871 -0.179268105149255 -0.0401159695457726
0.139275361037919 0.175877565678483 -0.170352146634334 0.0335508279261383
0.124546772306743 0.0401106098972659 -0.0207990959774933 -0.135586733992683
0.136666231532188 0.000627463335920761 0.00603643255512343 -0.102305041869871
0.0713703840152801 -0.0214171127158615 -0.00203687721619253 -0.00337172220085515
-0.000209803470352369 -0.00559074307396613 -0.0568573052696526 0.0146523953342067
0.000410711610496214 -0.0418026427062412 -0.00139895729872589 0.00449215193952471
0.0634392544169563 -0.0106130585220907 0.0510949027277084 0.0668105086333169
0.0619246304554876 0.0976723359622587 0.0491719473052074 0.103792153200388
-0.00554082407403389 0.15326901218953 0.00377577239437706 0.127618510004023
-0.0351545961149506 0.165244921621798 0.0196615000398755 0.161176827737238
0.00958043941244614 0.126204295167215 0.13109109125803 0.182852992006678
0.0380524422888228 0.0129373647838182 0.299278933885814 0.0941848644349879
-0.0444764865345868 0.00477449471217201 0.273431958504333 -0.153738123747234
-0.0742863051819707 0.105568971601992 0.0106211159522128 -0.271512962653885
0.0326617617239162 0.183123861636842 -0.191059522136447 -0.185609725380567
0.0977117715824346 0.18109054821193 -0.221929777990673 -0.0648259823741979
0.0737804098204334 0.00591805130980865 -0.0835761393351195 -0.108457640436703
0.0930935204509316 -0.0209944376276076 -0.0372181200195583 -0.0658331250376766
0.0583931387255323 -0.0351049354314308 -0.0151657627396733 0.0145814225746406
-0.00470169287491492 0.00192909203782569 -0.054088675566285 0.038128316425987
-0.0162879494682953 -0.0362222583088409 0.00665313583737008 -0.0414604475842075
0.04156937284691 -0.0311867008874513 0.104132312838859 0.0111578202016439
0.0466018352025975 0.0516609147957098 0.0990587207741896 0.11567678601118
-0.00940320489898573 0.0914448051514479 0.00716580138397763 0.174087904865455
-0.040639279143217 0.108773170286673 -0.0123355360932703 0.257871049052941
-0.00772353007079819 0.0994815552507009 0.139927298550252 0.340642690260693
0.0182158335547424 0.010819010600096 0.432870496435427 0.183518843930126
-0.06247839154087 0.0182560297234708 0.421844644811068 -0.231252162024027
-0.0935927907909605 0.105999786543625 0.0844238019929296 -0.428094469352366
-0.000643993819125357 0.142843491708867 -0.172623850435611 -0.335611517712626
0.05130792394615 0.132589091258768 -0.248020628234585 -0.153469788957692
-0.00857359091618011 -0.0168793504917778 0.248600985573757 0.21722339558595
0.00460782470637725 -0.0401571704656112 0.116907176925056 0.418926700550443
0.0523796069457133 -0.0450210073877531 -0.14807873945956 0.502621178873724
0.0489629357029088 -0.0144541588100657 -0.512029854178557 0.267957057428245
0.0289839415258105 0.0138206066805081 -0.507249679723567 -0.245355548464162
0.0174572930467466 -0.00343304557006904 -0.151182002737049 -0.443113761918946
0.00946578884065092 -0.0124570290984408 0.0395782696084376 -0.318309232577345
0.0036446862114681 -0.0155393406955742 -0.00651996015001447 -0.213058785492368
-0.0031694836775743 -0.0148442205164548 -0.114996832426726 -0.123370657019874
-0.00566669681588261 0.00685454389968116 -0.126109919206824 0.0265822687190289
0.00571546082161871 -0.00267223790502766 0.0120113223828402 0.0609702652460557
0.00560342614250483 -0.0101915919523254 0.0447610372637756 -0.0537753275431902
-0.0071559704909609 0.0080441441511175 0.00486198186385792 -0.0423363466081411
-0.0139860529545988 -0.00170982991873558 0.0542322649120696 0.0400500178017921
0.0059454438802305 0.00582321417958318 0.107461270859494 0.0926801846748898
0.0215808873349117 0.0973119777917026 0.248610475742971 0.191583774755187
-0.0205088476202329 0.0811900794553521 0.114299623156508 0.387445613249822
-0.024232764298659 0.021768951604237 -0.137477250779936 0.4589601824375
0.0276104319031225 -0.0181915428194193 -0.489357153218463 0.22245594883752
0.0734610013082892 0.0544518360559059 -0.457662961645699 -0.237308476999031
0.0152606368741076 0.101008734066216 -0.134114838290581 -0.403598443097877
-0.0245810773811137 0.087733830815013 0.0361787708269231 -0.294466470731489
0.0040578416120963 0.0650287375752669 -0.00505049895235081 -0.200407309795259
0.0440334948654842 0.0129304966687103 -0.0984099737447557 -0.121019831653474
0.0218949971222637 -0.0362825315350075 -0.108732183284112 0.00425071343472381
-0.0247366677917014 -0.0324021970982507 0.00855108721565904 0.04268638929434
0.0123927551040551 -0.0150837143556694 0.0454874831013985 -0.0503994511656102
0.0476712667972225 -0.0353211576374295 0.00539385410903355 -0.0210087923739228
0.0630291672762285 -0.0393810323463728 0.0445405317584163 0.0537809280645624
0.0743783277396863 0.00235098503476144 0.0978032105751364 0.0985894876337498
0.0572237764630944 0.176593844012352 0.235868932809286 0.102762286484082
-0.0137893476227038 0.151847869428806 0.13098608718959 0.256955460437404
-0.0525131683215872 0.0540516068965052 -0.07270346164037 0.315431520647584
0.0203070858171099 -0.0193948008308381 -0.364161268298881 0.132320696790252
0.0828474109455978 0.0718065939367753 -0.328847324302391 -0.164481585636044
0.0115782516237008 0.154901551772612 -0.116423846154573 -0.257663159322906
-0.0418965312040746 0.160838022846403 0.00728615716921468 -0.213616303585465
0.00358343567026456 0.134592275801605 -0.00233521520333595 -0.157826264357044
0.0711734734572011 0.0516796873960756 -0.0507305047917269 -0.116411132361892
0.0472203075902883 -0.0411701878916424 -0.0628293997655711 -0.0521786439325325
-0.0214828940053892 -0.0404256778065852 0.00360537323790607 0.00495787875156788
0.0177296903249507 -0.00790098284447999 0.0500412948680282 -0.034878941624351
0.0806025423935717 -0.033444668633286 -0.00339301697393065 0.0126435613292158
0.12428402982948 -0.030031882640128 0.00335736893110061 0.0893493166371994
0.129665585847812 0.0206957102090222 0.0530927036164107 0.121434156752497
0.101292900079097 0.197330199454752 0.201560717177672 -0.00304318920691344
0.0325892163615972 0.154542925045046 0.139582573598015 0.102676021632115
-0.0269121326634202 0.0496360798937948 -0.00384348614120575 0.170002917521875
0.0210365090962038 -0.0209154917659936 -0.22202065608987 0.0622038599580937
0.0683848850404987 0.0491707519355863 -0.206917807833647 -0.0677060153183777
0.0202596541378773 0.146446894454633 -0.10452450945566 -0.0997734942148271
-0.0302382225804789 0.192059394203531 -0.021897859893291 -0.109642844259258
0.00232674809952796 0.184252864899549 -0.000815176435799367 -0.0927301282166752
0.0673518570267949 0.102153692380221 0.000863629427880025 -0.0900823908594068
0.0604851892948593 -0.002931047396585 0.00340489642811841 -0.0777661043275985
0.00208922221351709 -0.0321927825378069 0.0341509892470369 -0.0219002778714081
0.0112779037516147 -0.00358989365845519 0.0546336669922999 -0.0324147888639168
0.0754888225267769 0.00297684521281208 -0.0287948142191916 0.0156350739441092
0.148275549552084 0.0276421043582912 -0.0652858022857029 0.100862526719348
0.160731648688241 0.0690399330031963 -0.0190128773832688 0.131784733990444
0.1354703427105 0.165824840920449 0.140882385163071 -0.0906149484715422
0.0932857358665511 0.11725763822653 0.114997432206462 -0.0213169515099483
0.0155906592197476 0.0325347684253509 0.0288911855031009 0.0695673435370961
0.0170701202308042 -0.0184748179636798 -0.126594713876194 0.0269875282956577
0.0505682918204755 0.0122684118349469 -0.120410537791237 0.00395292271177131
0.0423806282293921 0.101321869587622 -0.07822953189218 0.017536426635775
0.00475950718493911 0.185097256527735 -0.0290135508117061 -0.00951410231142245
0.00131635840357128 0.204293695538626 -0.000739078506594485 -0.0148231731693618
0.0364948897317805 0.149965107777651 0.0356101148290049 -0.0323035845567308
0.0526850732677758 0.0509607693208886 0.0655727908996807 -0.0443509718445353
0.0228065081492718 -0.0164313866073861 0.0969034093680763 -0.0156705053189615
-0.00118700889346219 -0.00437785256146718 0.0793873852913544 -0.0498491550538007
0.0375816147241051 0.0429966613814887 -0.0506248961725291 -0.0308441212543493
0.131707083644088 0.103441236343767 -0.134479972227348 0.0573598555170867
0.163745296505358 0.133576660795683 -0.0994494077382736 0.102869913230385
0.148025639295692 0.103178301036581 0.0619188052882656 -0.134666330755579
0.136647071633445 0.0605693794833939 0.0658617794033972 -0.0937948113389492
0.05293408847244 0.00955081544731285 0.0227833817740507 0.011415549341726
0.00849019444751386 -0.0123120401651075 -0.0780124093977203 0.0123220931929497
0.0294408574470527 -0.0212589567358922 -0.0511510902472086 0.02853110072212
0.0620335959211079 0.0423317014827435 -0.0218602767705905 0.0758512940582579
0.0434782761237323 0.148763416927317 -0.0017980756420029 0.064518864227578
-0.00165342243611196 0.194629388004543 0.000207247837788515 0.0625650635211766
-0.00473964322888904 0.177947610592254 0.0392125984488726 0.0569629251241981
0.0323879877460732 0.101192067399409 0.108540634435288 0.0478914538150685
0.0350469218457853 -0.000520076167955183 0.183746574740635 0.0262833687808706
-0.0201279124612862 -0.00428198296720566 0.149632985162814 -0.0880281686480477
-0.0182841047915357 0.0785070902000338 -0.0395283607312534 -0.129043654616423
0.0849266694758057 0.164862865205187 -0.179611716905316 -0.0450005045133573
0.137807793600636 0.180401964016499 -0.170803553957471 0.0303863730563394
0.127246889363505 0.0419304081216677 -0.0190312238478389 -0.132898564392058
0.138181061364947 0.0027629996827497 0.00688748256751939 -0.10263294020522
0.0744608716790539 -0.0223019222166359 -0.00169388897479723 -0.00369188138650499
0.00024369213721304 -0.00495228262779638 -0.0598143304296278 0.016066285546986
0.00115258232756367 -0.0431777684592354 -0.00165148154556929 0.00460270673617072
0.0643832646339868 -0.0120551975548353 0.0515237675753491 0.0689842430166305
0.0615426211227324 0.0983132158277615 0.0495618261083846 0.105296850875188
-0.0070194738304401 0.156023660483002 0.0021237940765556 0.12947130160389
-0.0370655180058717 0.167114916039428 0.0168696440374264 0.163923593542374
0.0101433127732949 0.127350088599565 0.129810499337409 0.189051413821255
0.0365390023692306 0.013329539169671 0.304276489294566 0.102496973058958
-0.0473626895298459 0.00599243593194706 0.279422025568866 -0.150272764901691
-0.0773043620076684 0.109382851391408 0.0181907232366396 -0.272666895943485
0.0299752515075623 0.189461929407561 -0.185261753759389 -0.190709753393994
0.0983135429634083 0.186285404641024 -0.222320060946079 -0.0698882650779738
0.0760721470395053 0.00465092420647924 -0.0826915943658293 -0.106657630239886
0.0948757099392353 -0.02058378115798 -0.0366613803642437 -0.0651958405995782
0.05988460445749 -0.0357784138556827 -0.0163081141725152 0.0143493155800367
-0.00427275300794711 0.00164458517853839 -0.0538290372245409 0.0386780052388941
-0.0168078292350594 -0.0363210080872087 0.0064169642962138 -0.0412808387852371
0.0418398476480204 -0.0321840529905217 0.105502099881657 0.0133163904545643
0.0458474009584423 0.0513659338714946 0.0998174859588883 0.117017436453893
-0.010715729986664 0.0912232979333178 0.00516209732895802 0.176224291024358
-0.042444695728378 0.109658107219803 -0.0174820555690487 0.26147478022135
-0.00639489112403609 0.0993945444879752 0.136428676963113 0.3475199889996
0.0164164365849521 0.00896313057361521 0.435912689879854 0.195284444963274
-0.066655156491393 0.019793911650726 0.433658664298221 -0.22511958500574
-0.0972613779320046 0.111363504280662 0.0971206888702083 -0.427306769332294
-0.00228157803616346 0.150927889872611 -0.164742320238239 -0.34098702914075
0.0521613269770517 0.135615811510531 -0.245851872467163 -0.161101847881741
-0.00812941311336916 -0.017007133336404 0.253017495052777 0.218916070981373
0.00363361914167223 -0.0411340608407132 0.121288424076005 0.421966581952635
0.0512399846012428 -0.04562792525439 -0.1443415228969 0.511407077148212
0.0489804988658033 -0.0154777020061269 -0.517979447920926 0.278495069178581
0.0281869361873447 0.0140863133548498 -0.518339977636326 -0.238814447158965
0.0177277705674965 -0.00538318956952719 -0.161636043728886 -0.443518698154641
0.00811939166697597 -0.013632811160848 0.0341296564951066 -0.321973963929137
0.00439202767040833 -0.0167598166519211 -0.0118469057335257 -0.214342310080344
-0.00534398947757195 -0.0152803939825632 -0.119350638766271 -0.121118221212951
-0.00668648130325926 0.00690526729731742 -0.127135042998345 0.0287166526805787
0.00543450544464634 -0.0032598610320668 0.0132354833191664 0.0607001906139684
0.00487214247466372 -0.0107800521246744 0.0451831083459695 -0.055302285242898
-0.00731197953005311 0.00879756908538761 0.00310113539552685 -0.0418182901481979
-0.0139384954618247 -0.00208355371745092 0.0552853898628814 0.0397703375889764
0.00680062397946866 0.00519181347027005 0.10903106262444 0.0905876668525188
0.023895366737177 0.0981130193623258 0.252302418701137 0.190016707661498
-0.0206643896093664 0.0832838547673432 0.12076816522116 0.391552539572184
-0.0248422393496752 0.0245528603119376 -0.136038973111292 0.465914961820021
0.0272924269085999 -0.0194010713342445 -0.4939791630623 0.235371401783767
0.0761168413979484 0.0544981812109822 -0.468174288271938 -0.232813779955312
0.0176933786045112 0.100937563550874 -0.143292337247873 -0.404065199589162
-0.0221923186465102 0.0884427005536268 0.0300886524764337 -0.297834764657796
0.0053829291128199 0.0654072779547955 -0.00907601101544661 -0.202922057854549
0.0447453278285702 0.0112537311639297 -0.100943949616572 -0.119575561488626
0.0208917654062252 -0.0377714661484685 -0.109956565138588 0.00568890075923336
-0.0264931893403109 -0.0319034612951681 0.0090221727274599 0.0439667501280392
0.0127582132037081 -0.0149282540314636 0.0461831068960234 -0.051155102086481
0.0476371445474607 -0.0361836723434715 0.00478221193071527 -0.019741927481567
0.0637945650417749 -0.0402091576334064 0.0454337238591858 0.0540165787908805
0.0754150713021932 0.000474548412295776 0.0999216584782336 0.0968348458673159
0.0612637024642509 0.177799841876692 0.239791707266069 0.101840329390988
-0.0137471160996534 0.154598828400804 0.137519143151447 0.260399955183903
-0.0530384313838091 0.0564128643342474 -0.0700742753945036 0.321041338235522
0.0192620448455971 -0.0197538486702702 -0.367626035497491 0.139706182988671
0.0870291164900423 0.0713696428717576 -0.336571568210752 -0.160549143712181
0.0167099534495433 0.156586988112081 -0.122626008937599 -0.258141896138385
-0.0396599716578495 0.163333516653775 0.00360304328622437 -0.214601600395395
0.00577005832390139 0.13567318318028 -0.00563831845235885 -0.158835880448563
0.0741199169259185 0.0503191887494779 -0.0546772734764625 -0.116624355881089
0.0462537593944892 -0.0434370697309539 -0.0655777943242345 -0.0514327621595057
-0.02313619960321 -0.0411264053367999 0.00532181824448847 0.00534906022596612
0.0186752497851477 -0.00981270548933471 0.0501524439308598 -0.0357849965324091
0.0810818463127582 -0.034998881030799 -0.00340503578296169 0.0138252850003673
0.12444477660647 -0.0326685885054543 0.00408711460385585 0.090492656327687
0.130580176841771 0.0196898426899001 0.0540959263416403 0.121321777622015
0.103727066839216 0.199281368499067 0.202778996375088 -0.00515989110073584
0.0342280522757856 0.157716926582067 0.141577680229854 0.103186490523908
-0.0268529760355632 0.0525419674554934 -0.0011842545050388 0.173621266818723
0.0201742945777703 -0.0199503761170412 -0.225568888554544 0.0677228749308789
0.0734212989571811 0.048752630039641 -0.212260838737696 -0.0647966372911225
0.0249479771653332 0.147869566988769 -0.107658704957247 -0.0993209197268214
-0.0262931966525062 0.19478118186956 -0.0232184639859191 -0.109044352994834
0.00549433845411831 0.18536027045389 -0.00243374260530597 -0.0937972400634182
0.0704850869346513 0.101600602601827 -0.000670335805193134 -0.0930341047200628
0.0608517080328562 -0.00587317112331987 0.00123991416099055 -0.0785644481414954
0.00161540229181071 -0.0330937351763642 0.0356656166377874 -0.0221377206421067
0.0115288893615676 -0.00284849021788108 0.0556772423065801 -0.0334991711320933
0.076601225621654 0.00425641554962858 -0.0303159553302009 0.0175866770008892
0.150923166029436 0.0269751910373038 -0.0634234784637596 0.102911093335787
0.162883508274633 0.0685156293740176 -0.0177147476684781 0.132309912543248
0.139270252256253 0.165339438154775 0.141061863979842 -0.0926915331693138
0.0956527782263959 0.119141843201022 0.116592121809435 -0.0245273872153908
0.0161661448464415 0.0330602007201455 0.0317414922889138 0.0692494691080291
0.0172621182736605 -0.0186641212083021 -0.128834149974073 0.0313665044972955
0.0527692781668543 0.0111679218967926 -0.121538450323435 0.00589286028225945
0.046595219440594 0.101262543065089 -0.0791112737843941 0.0194339424011397
0.00897679037257474 0.187841851569602 -0.0291618351622757 -0.00810197416512593
0.00458825140867715 0.207701944491004 -0.000586739813902324 -0.0146036431684202
0.0403760246982312 0.149680290667828 0.0346618308385158 -0.0334418695583175
0.05462860279978 0.0504851675204709 0.0666258992940298 -0.0453942670158352
0.0249027651128724 -0.017677205439185 0.0973442245164907 -0.0161099128711651
-0.000692412174329116 -0.00246027963211058 0.0792409160333426 -0.0531239979672958
0.0390144715696445 0.0434898928594163 -0.0526516847766232 -0.0295739565987467
0.134644177479353 0.103334944070288 -0.134843043364326 0.0589991436250682
0.1648278931036 0.132211206132946 -0.0985846119941216 0.104739357810038
0.150899890848869 0.103299974879335 0.0606535817580221 -0.136991788508518
0.138167898797298 0.059675601487012 0.0654354116738859 -0.0959041706604593
0.0552457081896147 0.00897117380679775 0.0248165952814803 0.0122824022101795
0.00906310393472674 -0.0112227932013448 -0.0782880182919734 0.0144795292159267
0.0304472531575448 -0.0233788265748394 -0.0519169756017642 0.0302384479259351
0.0646018934312537 0.0407849993606618 -0.0206308324507361 0.0774366286303394
0.048036337593661 0.148766941461021 -0.000662327918848112 0.0664900205690379
0.00187978629167347 0.196921091726992 0.00176086237009143 0.0623170533779798
-0.000475431226914337 0.179139394611376 0.0401653220649585 0.0569601197917204
0.0356945525318064 0.101095884931361 0.111366795449027 0.0457761782475242
0.0384149856828097 -0.00137198681438259 0.186228918214071 0.0231461662873162
-0.0201562898484314 -0.00208069680096286 0.149374331647811 -0.0934807252628965
-0.0178132479201981 0.0809163531236207 -0.0412229985892577 -0.129789686297438
0.0880289940025389 0.16778391767123 -0.181601181384975 -0.0419043084563027
0.140820989871832 0.180535948675577 -0.173278786020659 0.0332185940337805
0.128258518919292 0.0408889606170674 -0.0210746916635737 -0.133722030455798
0.139369839019517 0.00055285911803813 0.00619220991946888 -0.103871038875451
0.0748237912252824 -0.0234674153247097 -0.000724586168639987 -0.00440659035937138
0.000366359203007587 -0.00440835299908602 -0.0593375250362709 0.0161453737334132
-0.000394439199431392 -0.0441527626080217 -0.00359907888159599 0.00444065515774397
0.0648992690240858 -0.0135806434884572 0.054243627164533 0.0694368347842544
0.0645990826758279 0.0982911748310106 0.051395536249694 0.105868305096649
-0.00331113025465669 0.157015515836026 0.00488413381768328 0.131026955671331
-0.0319057815855741 0.169127184209838 0.0192036016904071 0.164573786611864
0.0149673345208915 0.128664240981681 0.135153524112169 0.187159146202243
0.0411999851040246 0.0128189435953523 0.30835964123723 0.0967306109993556
-0.0479064064613079 0.00790054207797708 0.281396838638612 -0.156830652672908
-0.0765571105428575 0.113300332809144 0.0145024455411324 -0.276388270856713
0.0337625437230701 0.193823050644314 -0.189033044117913 -0.192278891019087
0.100658190489792 0.187315869965937 -0.225179574812089 -0.0681526824120401
0.0769795736062737 0.00303957923898419 -0.0840302693804105 -0.105208588438018
0.094582321830886 -0.0219788639910103 -0.0373858126196879 -0.0656618552714219
0.0612978354542117 -0.0371452424782795 -0.0159947418773793 0.0138887227254888
-0.00353249255264913 0.00312739505784411 -0.054986136938853 0.0402706432240007
-0.0177171443305076 -0.037564538554956 0.00538978047524238 -0.0446297328475636
0.0401456531856322 -0.0333630606997197 0.107623486811869 0.0109707285481804
0.0477164071992077 0.0505722582936889 0.10300459899816 0.116349388459253
-0.00961806425887384 0.0937863263061573 0.00858287342631749 0.178130182448589
-0.0398402892149823 0.112421765743392 -0.0123851735365964 0.262649972455042
-0.00381231053820814 0.102017093654742 0.147324925488076 0.348762391963543
0.0189474459422446 0.00867398581581874 0.445902963869156 0.187128346314304
-0.0664791784882925 0.0213975119083227 0.437842093526756 -0.235241363211879
-0.0970019399803977 0.11510894336062 0.0926080968102227 -0.435126363390161
0.00056016260165943 0.154176846988169 -0.169487791851468 -0.344565419069488
0.0553599031038449 0.135954155472631 -0.25058249206569 -0.160388379584745
-0.00841580223647113 -0.0162114663202586 0.258301248144741 0.219320709089076
0.00352915309464123 -0.0419587143730383 0.12522444619387 0.428601199702573
0.0509698325985898 -0.0466771449869671 -0.144417377393616 0.521441523202195
0.0478368718288611 -0.0180285980428892 -0.52401858979186 0.290505175058102
0.0284255938036009 0.0130694211966566 -0.530680276289204 -0.236799332503678
0.0172989905389398 -0.0052888275011026 -0.171592666622594 -0.449040319917004
0.00818192225611505 -0.0146319962875833 0.0282562451416694 -0.327567951126256
0.0040479552179665 -0.016930160978184 -0.0151063681818382 -0.216529339417358
-0.00452786699145931 -0.0152557752224693 -0.122093682314639 -0.121286345888127
-0.0055007226174695 0.00721030520754529 -0.128936198403971 0.0318822308061892
0.00571968450469653 -0.00410097361203647 0.0135326139314441 0.0617412688730092
0.00535945670788719 -0.0110173847823343 0.0455799264082547 -0.0548271811446115
-0.00762594273435587 0.00901780019695596 0.00173029020384012 -0.0406576191460041
-0.0135144807902469 -0.00205697824338354 0.0560704108762672 0.0389082246023069
0.00723328010677343 0.00507781169154813 0.110418750331252 0.0897921972561939
0.0241751250623244 0.0990977505709409 0.257311396481959 0.191483318757408
-0.0197014267605832 0.0855426469175593 0.124436445776572 0.395700812354817
-0.025682157067109 0.0273689426660066 -0.135252432917301 0.476454537880571
0.0264929632792457 -0.0196600161724747 -0.501975335007223 0.246008931276554
0.0799255430068132 0.0551211409679687 -0.481106536288664 -0.231094443016813
0.0209407687141081 0.101654467817109 -0.1511582454747 -0.407459719410612
-0.0223347806576187 0.0903065041610824 0.0268946912213953 -0.302355401177304
0.00706211294454318 0.0646648637699358 -0.0122932637682647 -0.203935263190142
0.0442940479194535 0.00969219847342642 -0.104918683152889 -0.120930214821766
0.020755885005892 -0.0399885231380499 -0.110120796908526 0.00784535665900852
-0.0277405917918827 -0.0312158804438669 0.00989941655377903 0.0452036715477818
0.0134024061993465 -0.0158943322105543 0.0456175559488899 -0.0524000220665224
0.0479051549299453 -0.0364481469830743 0.00344137025615885 -0.0198639833225998
0.0641447181995835 -0.0423639420321531 0.0460270392255889 0.0538481749415632
0.0766710569892321 0.00113865691046904 0.101047957880533 0.095978427264838
0.0634555158533621 0.181058385626093 0.242852803298038 0.102480094130589
-0.0120435720273374 0.159492473085995 0.139858364956655 0.261862072213907
-0.0543702311823334 0.0609259691072433 -0.0702644107815495 0.328152555013164
0.0197619005982162 -0.0195801260946273 -0.372652562979153 0.148428756050452
0.0916849487678279 0.0699863458358981 -0.344982028534937 -0.158742457629672
0.0203126197211582 0.158225025933674 -0.128558873148078 -0.259199934073381
-0.0373423259967872 0.166841599698611 0.00129538327254113 -0.218078939017011
0.00905366631096812 0.13705448045417 -0.00825675108530782 -0.160110404887126
0.0746829858892491 0.0490758260134793 -0.0563370398154411 -0.118512165992613
0.0455399698953742 -0.0455284583153132 -0.0665815187130928 -0.0511411376343006
-0.0247005472944759 -0.041679985257743 0.00598627429900707 0.00527147855338739
0.0190129745708498 -0.00913802521769349 0.0498799358283579 -0.0366505247612582
0.0816243504084955 -0.0361339923363116 -0.0038722956599424 0.0143331712277138
0.125661011982313 -0.0334701964750243 0.00510978422182103 0.0916485926779539
0.131687947213346 0.0187210253537617 0.0554490702132461 0.121422066963719
0.106991862546774 0.202229384105757 0.205934353942658 -0.00689919062976572
0.0353433508378757 0.161838427629427 0.14482894683132 0.102861378732826
-0.0277871877855556 0.0554652163108722 -0.000193175956843978 0.175903130141814
0.0214158024720058 -0.0207004413080116 -0.229374753390375 0.0726944813735121
0.0753454874373267 0.0482708425111919 -0.217060583725328 -0.064124384164649
0.028492115467066 0.148940291596021 -0.111177301087688 -0.0981600829368438
-0.0227106293160329 0.198701516317758 -0.0253709466954702 -0.110544047637652
0.00784692192518938 0.18838040695293 -0.00492901094103156 -0.0944996580195364
0.0724816561526119 0.100844648240078 -0.00275180172486 -0.0937658094111143
0.0622753533296077 -0.00818124710017702 -0.000415868062987978 -0.0782767690217009
0.000971553180138675 -0.03320593585601 0.0353915488484056 -0.0223437989811156
0.012498266630907 -0.00270126370246748 0.0548132959154873 -0.0358806993375292
0.0780340831347315 0.00337501242297472 -0.0310627437994777 0.0182379365789322
0.153110043722261 0.0258988166919795 -0.0632475799031658 0.104721452769977
0.16413531329108 0.0679256626985361 -0.017131501685416 0.133199668251819
0.141105395350542 0.166940112918513 0.142037294786615 -0.0947030068010095
0.0984670053584347 0.121318171709434 0.11874100879446 -0.0250244211500448
0.0174728956356154 0.0367418060340351 0.0320257866026341 0.0702336242324619
0.0186105537835614 -0.017850900316217 -0.130945867399616 0.0328950869832761
0.0553547964756553 0.0105153057288848 -0.124365332767628 0.00656343947152755
0.0494414951735971 0.100837041950468 -0.0803328531309745 0.0209896151596673
0.0122312355450103 0.189900492453741 -0.0291683774277184 -0.00782737309806229
0.00742378749838828 0.210269135895622 -0.000661532793939958 -0.0149811945143865
0.0442366516260069 0.151164351672257 0.0340212731288271 -0.0359314350331447
0.0580030897900247 0.0480088121025167 0.066572581091793 -0.0463178861618444
0.0254936768513133 -0.0180757494725182 0.0997557184860084 -0.0199263228065652
-6.7165290811389E-05 -0.00226224783457625 0.0804969864552816 -0.0551462915575567
0.0407211649589952 0.0455820411632105 -0.054640896948603 -0.0297817595800266
0.136924024947923 0.106087112759636 -0.137098453507474 0.0609159111614708
0.168161503623795 0.132901366106553 -0.0989769962101173 0.107543603975094
0.151747123287064 0.103294230016111 0.0609566422702737 -0.138133655201437
0.139676284845245 0.0594586397801102 0.0652463412640983 -0.0985310558432968
0.0560646199814144 0.00947094275775832 0.0245394738271491 0.00948088653391218
0.0100099943979096 -0.0119354955497657 -0.0792679184636842 0.0166104481072598
0.0326824528389519 -0.0246806646350732 -0.0538032751775229 0.0305740610506057
0.0671267276209074 0.0395636583216566 -0.0194038184589847 0.0784396931387032
0.0507085869456382 0.149523971725741 0.00092993622255819 0.067416770679545
0.00368659572054334 0.198764136693326 0.00167603367929588 0.0647734407491333
0.00299564083339168 0.182046226424792 0.0415131720255995 0.0553031739620042
0.0393121058107094 0.101585827717306 0.112738336379846 0.0437458139407891
0.0407422918860436 -0.00179823500976905 0.189067783182748 0.0205835199546528
-0.0199432224346406 -0.000487920222550398 0.149573240681041 -0.0966949382384902
-0.0176496466943452 0.0843859751125626 -0.0436671433315174 -0.131013796595691
0.0903816469631493 0.170985458929174 -0.18545861787843 -0.0422709282479554
0.143164210863256 0.183728685195477 -0.175041968118761 0.0338598285899392
0.130209669209639 0.0402162434643123 -0.0209357181851742 -0.134332459432355
0.140567728563046 0.00013336662841342 0.00476843312957234 -0.105480778551
0.076265268634319 -0.0241971320365109 -0.000793213376959123 -0.00588291770345794
0.00123751474113137 -0.00313099550910921 -0.0608808584594567 0.0166929221303044
0.000310752982637782 -0.0455365197924778 -0.00452609710767681 0.00446653132233921
0.0644273524954461 -0.0149068604142838 0.0556505073138401 0.068916978353351
0.0663369710012501 0.0975021573612416 0.0536944665824156 0.105923385642427
-0.00226031402186955 0.15836332270323 0.00671173543123082 0.132249181115845
-0.0294947521631474 0.173172197973662 0.0215049535091749 0.164000929664401
0.0189077391438141 0.131257864104919 0.14029439038601 0.187953006204595
0.0430510643893639 0.0120123110835342 0.314354125904627 0.095275378314935
-0.046463888440084 0.00839737250428026 0.285431209672775 -0.163954155563321
-0.0778728514254633 0.117862450724683 0.0124143928285503 -0.27959389230755
0.0358428538156745 0.198094475638657 -0.194424201629029 -0.19258003661822
0.101497919941337 0.189852166441245 -0.227302148877237 -0.0675595661802856
0.0774306511143184 0.00181684842452552 -0.0850098360050447 -0.104945404737149
0.0952638132057786 -0.0240826262007693 -0.0382290749055827 -0.0667745556856127
0.0613569853905265 -0.0382017391402982 -0.0162525975970446 0.0137593561921496
-0.00250171913787589 0.0025869701252577 -0.0534110289599635 0.0418952808083102
-0.0178691269635842 -0.0365293656801691 0.00286057212125349 -0.0441527448839945
0.0403393207238496 -0.0358179826464419 0.10903843901552 0.0116443009566108
0.0501862467529117 0.0495079184376172 0.106136223131408 0.115624517741423
-0.00808471577688385 0.0951646151315167 0.0102103698620435 0.180286967065386
-0.0372513973746127 0.114533667392323 -0.0085875495696898 0.265215818365595
-0.000771296685985431 0.103854010469998 0.155119068160769 0.351543090555981
0.0210446504280933 0.00900283147908985 0.456629829493938 0.183965061305398
-0.0671756868176171 0.021913143618594 0.443232733920978 -0.244858966935447
-0.0975327517032046 0.118483075145554 0.0919552711332043 -0.44256628690129
0.00117722268411493 0.158376841332163 -0.1751201664097 -0.347812952046892
0.0572008452549356 0.137184433890452 -0.253903024226934 -0.160540509769165
-0.00903864407667912 -0.0173700773080511 0.266580111395996 0.223430580269098
0.0031758257390134 -0.0428599771360509 0.130548391781356 0.442309110506245
0.0508830896330812 -0.0484001733630921 -0.145540744600697 0.537234772631094
0.0496910771561157 -0.0181822429498463 -0.537896961135106 0.304272026985363
0.0287074472500155 0.0140773561028048 -0.551714391915563 -0.236554449045766
0.0178926227010814 -0.00630342434390898 -0.183821896155649 -0.456853406867289
0.0075834496611671 -0.0147410002287076 0.0241349976469966 -0.336289581294413
0.00355953719564973 -0.0180757714905758 -0.0187884511666877 -0.221653437337857
-0.00511688918837492 -0.0158953275462815 -0.127366279751637 -0.122524297406283
-0.00554909511618465 0.0076817909054624 -0.131036264815257 0.0324000356544808
0.00423803621894461 -0.00450153453900077 0.0159457504458 0.0638365987022372
0.0048987531757439 -0.0107939091483601 0.0467576811468601 -0.0568767651042487
-0.00861306024401857 0.00886654261380063 0.00146339040003978 -0.0415904668599957
-0.0132170491703367 -0.00119617890334766 0.057578854742317 0.0394201440023016
0.00761172262344455 0.00577092168616718 0.113812657600505 0.0892590680648906
0.0260340042940363 0.103385350378948 0.266112479109887 0.19603866357415
-0.0204433720747217 0.0899541264049548 0.129658191797077 0.408973782350557
-0.0269565952011939 0.0299296269715307 -0.13629437707617 0.490364846516625
0.0259808017585241 -0.0211898285178173 -0.51586321695135 0.255160827549563
0.0816578560265664 0.0540175936572483 -0.499751658233876 -0.232423847870135
0.0234697151900115 0.104534705765851 -0.161507237900821 -0.41626823846538
-0.0211681133100629 0.0931212607814396 0.0221628822707685 -0.309555598094549
0.00832333021194328 0.0654503502681254 -0.0156329706169614 -0.208106221581487
0.0458038931110476 0.00973254007258664 -0.108692101365177 -0.12233761735456
0.0195824902811231 -0.0408532622211795 -0.114210828146125 0.00883641566733197
-0.0300995593388003 -0.0328783466183309 0.0115098263728834 0.0457051321960794
0.0128844410655606 -0.0152705057169338 0.0478958700410479 -0.0536382656503801
0.0485762926937589 -0.0390129078249049 0.00252337477242703 -0.019443030789759
0.0649078500451589 -0.0436933839475642 0.0486372409748261 0.05356239707579
0.0784012066406949 -0.000433634097019727 0.103769032347962 0.0968662184751036
0.0661200280200023 0.186827576554193 0.250177248791773 0.103547974079502
-0.0110685111771986 0.165770623330895 0.146040789185721 0.268914030761007
-0.0573589088435315 0.0642586456948064 -0.069569215106407 0.338940295759461
0.0195471737241687 -0.0218428731551683 -0.384228949523601 0.159711168456902
0.095409136650172 0.0711932645460874 -0.358883077322111 -0.159288196902473
0.023061084918917 0.163487532586048 -0.135549418438863 -0.26454545118067
-0.03595662680456 0.172755732008787 -0.00109932847421909 -0.223213441738113
0.0101885104430093 0.139883960921929 -0.0108031664994913 -0.164996087707179
0.0764906971962989 0.0492158142720229 -0.0599492046496772 -0.120000871113723
0.045465180010605 -0.0492412684024943 -0.0686160243250392 -0.0507801497975888
-0.0255204648181416 -0.0412542262355443 0.00684030284921713 0.0066866883915302
0.0197150928336211 -0.00962779845766583 0.0512723057100673 -0.0386974776289268
0.0839025989456047 -0.0379701145558415 -0.00519892283488488 0.0158602417743395
0.127955913203905 -0.0361099345683112 0.00660425517625694 0.0937849895660671
0.133817273377893 0.0183990735075939 0.0566846151394691 0.122399256711513
0.108510655346649 0.20869615474681 0.210869808688562 -0.0075719990445676
0.0371709955187085 0.169004049568081 0.149575500768071 0.10396922490637
-0.0279824135149763 0.0594480131757403 0.00116190061144367 0.1818304729895
0.0224560205807743 -0.0214226750287829 -0.236006524914928 0.0777660956270229
0.0799934005767519 0.047826017352412 -0.225602897780834 -0.0635197212788255
0.03214350949075 0.152784187867766 -0.114342358924497 -0.100274364758789
-0.0208127221665653 0.204473713785719 -0.0285066179514647 -0.110571257299113
0.0124440967654763 0.192585173262087 -0.00539455677368051 -0.0971817452996239
0.076492900567463 0.101292832369416 -0.00413515618812038 -0.0969326021598783
0.0625859280402689 -0.0101631157423364 -0.000935127497863287 -0.0802766050973001
0.00210106863374199 -0.0349155724878576 0.0368567589609566 -0.0227633971623781
0.0139554611275748 -0.00200494665724366 0.0562725113433741 -0.037928881260971
0.0801875044715013 0.00411341163469952 -0.0327279169191418 0.0194944363617998
0.156008561357315 0.0282068981680745 -0.0635708611875606 0.107666705674547
0.167851916120173 0.0684998457932847 -0.0166537563005851 0.136541611479647
0.145397837711253 0.171626064347533 0.145301324774827 -0.0976447224849979
0.100723393348371 0.125668989737234 0.12255141456368 -0.0277906078869148
0.0179810809075108 0.038767278470866 0.0339898592268181 0.0712498725900147
0.0196172888111785 -0.0174566124249338 -0.134753405403881 0.0357432374366356
0.0579737717770505 0.00975017520281234 -0.130283173705506 0.00699154875980468
0.0530781249528363 0.102157744847353 -0.0816659720543161 0.0223176620360232
0.0161901990751213 0.195333345949367 -0.0307433907070399 -0.00641140092637404
0.0112579480434344 0.21502908860832 -0.000921593136065149 -0.0154362367454726
0.0478871973458102 0.155106376383414 0.0341144346083056 -0.0379865902624591
0.0606671994362305 0.0490238242772719 0.0678239449427092 -0.0493332915760709
0.027346497607344 -0.0189976382037163 0.100956460822882 -0.0203525811489028
-0.000182506304307688 -0.000781190175366521 0.0813539156695657 -0.0585506851952821
0.0416918242838897 0.0478805826171738 -0.0561979887512465 -0.029658839633894
0.142926122514414 0.108973119448317 -0.139537966683356 0.064262437069667
0.171600247005921 0.13594101220425 -0.101740222568578 0.110178279577607
0.157375813188151 0.105440067901809 0.0608336653852978 -0.141685942913372
0.144239640462607 0.0612243107364311 0.0668236177678238 -0.101476779704648
0.0579257374100706 0.00979311261880692 0.025263856003462 0.0103967395913615
0.0111306854120746 -0.0113804985142632 -0.0822062511230361 0.0187549208461029
0.0332661294147709 -0.0258340629336886 -0.0572317576982707 0.0318382696789648
0.0700825217468514 0.0389673590747381 -0.0198524084267805 0.0823968050275637
0.0537574366111289 0.152479032436635 0.00268588262424055 0.0688821180165455
0.00751197011731396 0.204550672394366 0.00251252988495141 0.0661786272744917
0.00757844682172454 0.18656996590184 0.041759253048326 0.0565268522759325
0.0436211472013757 0.10389261058363 0.115782425957762 0.0432268483086248
0.043492787804536 -0.00246501846509278 0.19601670576497 0.0194565582891581
-0.0198254858808178 0.000113088487286173 0.154321313287684 -0.101539252950116
-0.0179576370736398 0.0891856186471861 -0.0463785164382485 -0.133985393855671
0.0951644411474539 0.176987696354031 -0.189565856767937 -0.0419016364949556
0.147579360461545 0.187325910382594 -0.178748229783403 0.0357307490766928
0.134812942446523 0.0400008974432189 -0.0229605768245617 -0.136875618053899
0.142581148654149 -0.000610870425656041 0.00500462888316346 -0.109840568741009
0.079156605572248 -0.0262603307859349 -0.000950261209950711 -0.00707487200089972
0.00266646765995967 -0.00423499336217806 -0.0614934466657842 0.01886868460968
0.0010579297152193 -0.0459801392859918 -0.00531667112259341 0.00404389681245304
0.0652435133615711 -0.018516329295654 0.0584192450940715 0.0706311321904864
0.0707506361618659 0.0986412623336407 0.0573811333354573 0.108118118423449
0.00107341096030048 0.163774300212523 0.00849496196394863 0.135075471937664
-0.0256854309237767 0.178647642611166 0.024093837854457 0.16889363578414
0.0235746419265303 0.134149305608311 0.146142103145782 0.191390873648891
0.0469045219920296 0.0120203340269943 0.323017913929759 0.0924222185141603
-0.0492851773658971 0.0108098056352805 0.292017537383648 -0.170036074373562
-0.0799145187019287 0.122639172313198 0.010449917094153 -0.289110355903471
0.0369497314168174 0.20438654648935 -0.199975183352752 -0.19712791070591
0.107234547667186 0.193821042324588 -0.231653809461403 -0.0687384693509123
0.0795744177159957 0.00227093482993434 -0.087915493849809 -0.106132679371957
0.0962257217520794 -0.0248958629964891 -0.0393032719291028 -0.0675112681777161
0.064229093477869 -0.0410349096902751 -0.0171432373840794 0.0143811428388531
-0.00324363662723724 0.00343763622400948 -0.0549554017222809 0.0444622606036206
-0.0198829062819739 -0.0373158882714848 0.000793292792703504 -0.0456163171346699
0.0394354690596336 -0.0367716294393853 0.113245092699522 0.0102906348319446
0.0509060771563413 0.0502805656544744 0.111115809202837 0.117948906666825
-0.00709819187155999 0.0980019655887348 0.0125921041693045 0.183127524212113
-0.0353269628353984 0.118182440423778 -0.005222387720421 0.271520571597918
0.00185384946011191 0.106718746771065 0.164356716449694 0.358072939909807
0.0229655250405692 0.00743281269124584 0.473797621633762 0.184382851705132
-0.0690363809585464 0.0249306380557432 0.454450679123904 -0.256003094593317
-0.100237814813582 0.123164488869729 0.0916919523559619 -0.456125340091719
0.00263776123151443 0.163219492258333 -0.181119243852837 -0.357661176443989
0.0592066161878204 0.141181018202457 -0.261137267803993 -0.164736386514104
-0.0103519745306288 -0.0131100483299984 0.282501889369854 0.222976008448117
-0.00148650100167821 -0.0446296918117378 0.148329818525745 0.453661959553029
0.0480842662702998 -0.0518225123969952 -0.138009529125752 0.563867950404366
0.0492395264516556 -0.0214568166347095 -0.553835642119124 0.333489474422918
0.0276855751722122 0.0133837169499516 -0.582227570033629 -0.228784239609198
0.0166459713224068 -0.00735241265153201 -0.205764987297501 -0.466879624724955
0.00803751595974054 -0.0153187912436695 0.0157262417880321 -0.345737632249326
0.00314197963265634 -0.0185309592288659 -0.0249747506692465 -0.227763073766342
-0.00641009969781797 -0.0170543932125528 -0.135086959404197 -0.12385575044376
-0.00502012521369155 0.00687988141988017 -0.134981691673493 0.0382147825803568
0.00368797578406257 -0.00425841798812455 0.0188578151797745 0.0657683196004549
0.00474473195836235 -0.0107482125860574 0.0472857015697446 -0.0600011929646091
-0.00915869402428048 0.00970919835169946 -7.13864298772293E-05 -0.0429609184370471
-0.013836571889354 -0.00114381873639986 0.0607698110984244 0.0379763758428346
0.00765538081910096 0.00692584860485702 0.119302107018789 0.0886696235740251
0.0280144300762462 0.110296176832834 0.27994495566948 0.193950117834072
-0.0216854241993236 0.0950273179271405 0.146402579921874 0.418688289932346
-0.0317081788274488 0.0318229976654081 -0.129261959537462 0.515030856314203
0.0238575123093631 -0.0242219081821486 -0.529204041349436 0.284315798746687
0.0869387658025641 0.0546369547400472 -0.526519709848302 -0.22432077066123
0.0284389810926016 0.107442279044131 -0.18099790368446 -0.424081615694057
-0.0190205871108508 0.0980615437846737 0.0131424600497265 -0.319479502656744
0.00978398216565853 0.0687899471232015 -0.0219894375149549 -0.214448037310093
0.0479138497211773 0.00870791222485536 -0.115711011260909 -0.124877252186924
0.0185505539713523 -0.044598407360257 -0.11818069609356 0.0129167486794999
-0.0330963749418591 -0.0313676686768076 0.0138362833640962 0.047716117245855
0.014796465357679 -0.0156377228602106 0.0476837959408248 -0.0568541723559593
0.0494412959994621 -0.0413236127297407 0.00156643291266426 -0.0201452387890426
0.0658573315559191 -0.0456170762721432 0.0529728919726001 0.0533382448535647
0.0794696564763731 0.0013395816151027 0.109339030034831 0.0952823427904248
0.0714516386769894 0.195045107372085 0.259912046688314 0.101278125562567
-0.010133662054627 0.173011401576306 0.159100056888696 0.272099273809621
-0.0602731266719508 0.06939495059656 -0.0617664336293193 0.353937372026211
0.0173074793203032 -0.0230583778893868 -0.394916733612735 0.176097095776911
0.101205247612961 0.0705207697652941 -0.3789004342823 -0.152944632073928
0.0311593453119728 0.169707835525451 -0.147471251216088 -0.269948743186866
-0.0306713602906082 0.179619033073065 -0.00860739169112587 -0.228985344792627
0.014194588606823 0.145307615005873 -0.0164380661398268 -0.169970438573449
0.0801470327611792 0.0477506011424849 -0.0644362153316288 -0.124506056742566
0.0456623615292563 -0.0530531721298096 -0.0731145626891674 -0.0511900391199082
-0.0289067648099388 -0.041898572038525 0.00815622860960883 0.00662284859888188
0.0204755904311651 -0.00950877274068099 0.0525756536436762 -0.0422099778840234
0.0872043867333056 -0.0403734513912934 -0.00518145994316972 0.0164455366688888
0.13134650141132 -0.0378806849729162 0.0100038722096864 0.0950811559055696
0.138933077373378 0.0186562106205755 0.0622917249990544 0.123515591111779
0.118802058315643 0.215685874012975 0.214470181829475 -0.0141095930269158
0.0412307151160856 0.175597356289862 0.158092512324106 0.100749951532516
-0.0297575979679777 0.0635958997197334 0.00616009820844176 0.1887366718911
0.0211991539594527 -0.0216631477132066 -0.24253816996104 0.0878988633068408
0.0849348303676306 0.0467085349429887 -0.237254845056042 -0.0580230917587869
0.0397529464970132 0.157672394062332 -0.12095441046066 -0.100490035462545
-0.015207188811427 0.212214394383375 -0.0316698231393325 -0.113478127733817
0.0179687070578416 0.19881991639363 -0.00753448110730616 -0.099791825486616
0.0822703997281626 0.103638126553344 -0.00745050012077845 -0.100502741201014
0.0655973568162302 -0.0134738949471029 -0.00374953350101945 -0.0830832834368784
0.00106077573853741 -0.0353746959370078 0.039321142843149 -0.0264632378076457
0.0162217338831404 -0.00119550153195735 0.057626757201272 -0.0405866980745477
0.0835824308112563 0.00297729817114394 -0.0339321080229345 0.0217906541591802
0.161997643507134 0.0264368043192703 -0.0635787025859188 0.112470064555858
0.172886693975736 0.0711700347632619 -0.013404399133592 0.139617167607359
0.155654639226844 0.175044025623602 0.144834998438124 -0.103846059648532
0.107515919958183 0.129718617142372 0.124068227753821 -0.0330090823522493
0.0192888416269228 0.0415379164424984 0.0365683838754444 0.073594885381491
0.0198274857956937 -0.0189741762879822 -0.139190869748307 0.0430794932229027
0.0615259161232365 0.00726125242601406 -0.136877434183159 0.0119711865182261
0.057701791932842 0.104873203622134 -0.0832076322559334 0.0252406232477277
0.023236041517477 0.200796573624051 -0.031704794772964 -0.00518530771676259
0.0170565578964318 0.221173806565712 -0.000936829946844149 -0.0171061560349252
0.0540366630267926 0.15848461088946 0.0331183781363159 -0.0406333684955409
0.0657723893188164 0.0487039909115813 0.0686840662994481 -0.0524633202726424
0.0296978095949532 -0.0215108433546788 0.107274663025717 -0.0237437975711021
0.0032598396870331 -0.000552928449089235 0.0821124821169361 -0.0640185101245906
0.044731741042328 0.0499863711889204 -0.0598088289621968 -0.0300024642553241
0.147835104790614 0.112165594700892 -0.141732236047642 0.0688573621344796
0.177881638673099 0.139843066157597 -0.100965152763671 0.113852497964016
0.165138597980078 0.104815543913783 0.0584660282653357 -0.14789699556216
0.149977777960641 0.061740438572184 0.064482819056662 -0.107250575976622
0.0604604394080896 0.00915349505929366 0.0269891528271195 0.00960375927165007
0.0118340867997561 -0.012179968238964 -0.083905366442806 0.0213237684734366
0.0354446471084946 -0.0280720485256989 -0.059927406020831 0.0358100591378182
0.0732007563260201 0.0381463277979334 -0.0180536980262299 0.0848904065686155
0.0605249930805393 0.155977520526567 0.00430211545375044 0.0705492583586228
0.0132467013587927 0.210331565852612 0.00531968474671079 0.0675959928313029
0.0138004314543615 0.192060137009636 0.0439517907997641 0.0560248696669222
0.0494938487159269 0.10820790409992 0.122741019363582 0.0420411075107926
0.0467711470369473 -0.00260498201896285 0.203894049539102 0.0132891362375076
-0.0178722552680955 0.00275299835129404 0.158432260947715 -0.110348129818509
-0.0147992169449258 0.0928916677655577 -0.0508459804336483 -0.137934870473806
0.0998806564981171 0.184079496306711 -0.19543530882627 -0.0388447046689302
0.154244902841023 0.192726178033117 -0.181369074582615 0.0399129107330218
0.140471844306143 0.0367118808592885 -0.0277505485539903 -0.139672161490523
0.145986589280029 -0.00416246598148346 0.00145194809626057 -0.113035442765706
0.0828487396065347 -0.0288526819726351 -0.00165130230342723 -0.00750365522468024
0.00271516733340727 -0.00413002173247803 -0.0633034419310399 0.0220084197082414
-0.000292294251876197 -0.0486411130867471 -0.00746282549296412 0.00461444113885693
0.0669891652652872 -0.0209223090016229 0.0623353359309005 0.0703663597198391
0.0738885923656726 0.0990094103669513 0.0633129356319235 0.109998644786431
0.00539355217889047 0.168708220662662 0.012344928221868 0.139993145021892
-0.0210215211533579 0.185822573153424 0.0297685469362973 0.173813491446096
0.0279377633157842 0.13963745471275 0.158066534269437 0.193161026010742
0.0500594013653886 0.0145995453624298 0.344422482201335 0.0854871819280063
-0.0485200697673908 0.0143552126752374 0.298820843156749 -0.186156512972969
-0.0769066503421916 0.130869593310593 0.00514455632654962 -0.299946867494167
0.0423592764848629 0.212954002770063 -0.209460549335237 -0.200386164574142
0.112257599364736 0.197548253108597 -0.240966432818318 -0.0666191596428961
0.0832416962406456 -0.00317950230412044 -0.0924901571284258 -0.10413393251004
0.0980839212332767 -0.0287022823720721 -0.0410284409879063 -0.069055412427001
0.0646707024019493 -0.0439933372682883 -0.0177499678807666 0.0146214474791275
-0.001824643022819 0.00414432303814001 -0.0549152789873607 0.0463462350809966
-0.0212920436343634 -0.0383760157343312 -0.0020595655561323 -0.0458724204224178
0.0391432145513691 -0.0396797640059552 0.116830782972401 0.00595280220332878
0.0543917830533667 0.0497234212277915 0.117944629334532 0.117895014321766
-0.00525380761294379 0.102593631609827 0.0180034377533822 0.190429529261117
-0.0334826749838112 0.124123155056541 0.00365474503263149 0.280956293593202
0.00460205189110486 0.111901836671001 0.182611282706821 0.365669028372554
0.0231956120377325 0.0124458160311276 0.500761102297869 0.174957329050494
-0.0670457310940621 0.0309238662158912 0.466916094828001 -0.279165902517518
-0.0976009704508989 0.130099708354378 0.0873491599700637 -0.476196417178836
0.00716417500768073 0.16939568553279 -0.193075198831945 -0.367036249850849
0.0622182813775048 0.140860824164092 -0.272526091187537 -0.165346130398584
-0.0105838733457858 -0.0123064528128129 0.300220516899336 0.220272840436404
-0.00411016599857891 -0.0449288144797768 0.170972343101188 0.466637650970132
0.0478627971206412 -0.0539489950486373 -0.126172835454949 0.591628603385308
0.0490841200384811 -0.0250617463131738 -0.564422508040555 0.367757914829243
0.0304490374070161 0.0126937208857136 -0.61489786548989 -0.213168517701807
0.0158959251918115 -0.00894268101726726 -0.232433719784471 -0.47426301422911
0.00665823859233984 -0.0166374900097006 0.00207316525850059 -0.35909375606483
0.00223032840561518 -0.0193758325592761 -0.036513978720652 -0.233429755375862
-0.00719917314815753 -0.0165143214221423 -0.144709300030549 -0.122917528766959
-0.00547718637106689 0.00749089397287306 -0.138403961580749 0.044247677824033
0.00184063034269579 -0.00409009073606569 0.0223323813186433 0.06729333094196
0.00463929784992787 -0.0104130943544247 0.0463112990256361 -0.064374986539949
-0.0100328274774416 0.00973265802720395 -0.00221300049057885 -0.0418740562702794
-0.0143323375129363 -0.000848129272049818 0.0645202798214276 0.0371676016670281
0.00803592046021736 0.00682763863457361 0.126577238680617 0.0850215845337346
0.032679964191147 0.115398275394749 0.29602816575887 0.192178973080377
-0.0195768180500016 0.100965441062522 0.166183642303779 0.428975962413888
-0.0330074781983171 0.0367869990637498 -0.116779369485472 0.539347398253711
0.0219730707848416 -0.026137305524044 -0.541787394505814 0.31706365192512
0.0919966626302865 0.0527491841501833 -0.558168351861751 -0.211291701855844
0.0343701845871184 0.111146496977524 -0.2032037173807 -0.432472605328039
-0.0147048214305017 0.101773533956002 0.00105563723603922 -0.330000106514773
0.0122473061213077 0.0715852791613609 -0.0313498755771352 -0.220780301402307
0.0485461019734733 0.00658684103867701 -0.124717446528944 -0.123230788706002
0.0164986314540293 -0.0475280508929863 -0.121178308187612 0.0175260944138058
-0.0366097553989965 -0.0314634157163518 0.0170900110532893 0.0478700209656838
0.0145663729771726 -0.0162036108722983 0.047385466745373 -0.061802215157308
0.0488564045457472 -0.0436673166308445 0.000283883288778848 -0.0198264584613999
0.0670425452189642 -0.0495102726048202 0.0559266830332665 0.0523103744442292
0.0826477814956653 -0.00207278821198044 0.115663950307866 0.0934293958542967
0.0804129544820531 0.201463785185736 0.27150158977477 0.0948911886953212
-0.00576948086496047 0.183766484564123 0.175052859501598 0.276426249195825
-0.0611895488910628 0.0769839887590277 -0.0528505532181009 0.370044153916661
0.0159861567703038 -0.0245545163988354 -0.403932757531562 0.200242615663068
0.108848393656766 0.0686929259835012 -0.401263460964922 -0.145095353022332
0.0401688780499702 0.174693646926276 -0.163955556994135 -0.272626007491648
-0.0243051149172907 0.188964872032022 -0.0182689151942054 -0.235522617884164
0.0212213859862172 0.150021058960029 -0.0226366795055215 -0.173960627850681
0.0850329072428033 0.0460247798217276 -0.0722849736957397 -0.126321068255751
0.044188965212453 -0.058596711709995 -0.0778732818752027 -0.0498040069885305
-0.0316133009734123 -0.042491317991255 0.00955118922764345 0.00541345717270692
0.0217920625244916 -0.0105295315744112 0.0524377901441078 -0.0459041720077135
0.0880272802742879 -0.0446015081932282 -0.0050516504141978 0.0183000305797578
0.133125816857934 -0.0434041280901607 0.0136507828261786 0.0978027666256998
0.141969366394035 0.0153256222841425 0.0679986601667787 0.125278274949972
0.13027041059482 0.221490743381369 0.221503365292284 -0.0206230325218977
0.0484317952690731 0.182039126224226 0.165888178105097 0.0995517620191662
-0.0284102484741622 0.0696980980702725 0.0128093385676514 0.19683771014822
0.0210766065588446 -0.023139212907682 -0.248893798794946 0.102787835438964
0.0910184402927269 0.045691930681115 -0.25035372469425 -0.0517669969343528
0.0494009688230341 0.161934832826941 -0.128605654079806 -0.098846896809446
-0.00642750229754318 0.221050752547098 -0.0382496941267032 -0.114634625124581
0.026291479213604 0.206248270396163 -0.0117832130511133 -0.103649003693053
0.0892381231278619 0.102777951354816 -0.0120345072634534 -0.105137221452088
0.0666541649551892 -0.0178255891483159 -0.00691644228264597 -0.0863510279868105
0.000707930940525052 -0.0373103173296266 0.0405383447606559 -0.0279227136240057
0.0169099818620428 -0.00244593540116359 0.0581266128278374 -0.0446838089253523
0.0877827984440012 -9.68788259633818E-05 -0.035383446719618 0.0249432607098969
0.167695641232633 0.0236339915137376 -0.0618178911845263 0.117363350402123
0.180099518930056 0.0697311443565813 -0.00942073817029956 0.145396723628172
0.165784586138542 0.177963831804943 0.145460087925079 -0.112477306856344
0.114953516225099 0.132676703790829 0.12806028783433 -0.039862564534234
0.0202947415557219 0.0430650702794079 0.0421103463536672 0.0746724310350241
0.0201962263174172 -0.0195228160017149 -0.142442285454194 0.0510399830196807
0.0645657869857694 0.00531100275642278 -0.141630712215032 0.0182763567715622
0.065790586073512 0.10566023698114 -0.0849751428277345 0.0300502701528412
0.0326161119551664 0.20651979633195 -0.0322179842994454 -0.00398836786671959
0.0267398402743534 0.22929036669732 -0.00121136713885873 -0.0173211119632497
0.0635152647534689 0.161003948345481 0.0301837181686978 -0.0445279482126057
0.0706193746996879 0.0474198388980231 0.068206420566178 -0.056519477506229
0.0306361232472766 -0.0236512920667819 0.110114831718126 -0.0293879895988991
0.00317846351155885 0.00106635640448564 0.0853501939683655 -0.0695259399585743
0.0484079817789328 0.0520697510644949 -0.0646607515593464 -0.0273671240666468
0.15614594326493 0.11209247008618 -0.144672581204605 0.0762505062276009
0.187097673489291 0.139995122726427 -0.0997408226221225 0.121339787566896
0.175278397876512 0.101502535807252 0.0552500971993226 -0.154417242333144
0.156161560228744 0.0602327959261062 0.0643212007520315 -0.113744818867443
0.0632301999900821 0.00811993819822896 0.0286300318340021 0.00786881380617121
0.0126155773663295 -0.0125642650968256 -0.0860556493319728 0.0256710674804559
0.0355200217394314 -0.0317283334724286 -0.0595137348122375 0.0393235068363704
0.07775949330768 0.0347733386788762 -0.0136338006605073 0.088727227708803
0.0684332159466314 0.15783794818234 0.00752316301825256 0.0738747120001254
0.022265516975259 0.217452787708612 0.00963736328245304 0.0693740480892241
0.0231461610888712 0.19851291128584 0.0468319259389903 0.0547728214048293
0.0586686344334465 0.108147069675304 0.12843648470625 0.0377917460293853
0.0490803529478675 -0.00513306682025954 0.214759060484006 0.00569636931688777
-0.0176615358536146 0.00387850725376439 0.160885490142093 -0.121995093429456
-0.011584556658284 0.0992085337471189 -0.057957971764564 -0.14036145161892
0.110058593030525 0.189076327434928 -0.202741252210035 -0.033941090242051
0.163862851618982 0.194345829957011 -0.186877935885258 0.0460856613247681
0.146245599552883 0.032184701381459 -0.0320812299258727 -0.142627118804164
0.151407901502294 -0.0079091777315265 -0.00157163736337765 -0.11657927496736
0.0840870376162504 -0.0320943244629967 -0.0020186434556376 -0.00911083825933437
0.00416327120467695 -0.00418317615047038 -0.0630048633646162 0.0255478366647314
-0.00245711601318884 -0.051775505245647 -0.00835748504555368 0.00537431960707494
0.0679012362049991 -0.0255592289124552 0.067499810884862 0.0711405423661397
0.0812276125638425 0.099528170744928 0.0697903276549854 0.11200931599641
0.0123158109477349 0.175114296062604 0.0195546335518983 0.14397252221295
-0.0142058337344911 0.192789967812127 0.0377221799998967 0.178955892309754
0.0373552139859664 0.144215406605862 0.172791427699371 0.193191622199418
0.0530652049163623 0.0110029661110664 0.360336873552395 0.0747965175086309
-0.0496003485517638 0.017666425554035 0.305497077403205 -0.206742292001366
-0.0761183557089942 0.139697463722477 -0.00380276354344478 -0.311688558087943
0.0524038473267071 0.220506507809299 -0.223834243746193 -0.200909641672154
0.121071449832913 0.202600115319083 -0.249749974431789 -0.0613720890942153
0.0844556282069214 -0.00488427389840517 -0.0976221661546356 -0.103475321793879
0.0994955105006649 -0.0338059407989573 -0.0454151116050784 -0.07047375196963
0.0663366279676304 -0.0489636762720898 -0.0183905774406532 0.0153148438135753
-0.00255276024327144 0.00332095888529206 -0.054637226102729 0.0510635017565044
-0.0238429977608749 -0.0390912767017296 -0.00437289915569688 -0.0469881295071406
0.0382244893095958 -0.0435711324907742 0.12194763930928 0.00292957613628705
0.0582777032388447 0.048577922678589 0.126550841065958 0.117483516414116
-0.00111625488435489 0.106657650452433 0.0265407565455966 0.195566482494798
-0.0283712860604892 0.129519433006495 0.014486581304519 0.289519615086781
0.010192757808726 0.115908852869135 0.205534097151721 0.371670317665284
0.0263324707082439 0.0116340051388347 0.528876412882868 0.163969314083426
-0.0686695493781348 0.033244409219451 0.476199195844726 -0.307753837330177
-0.0965210826280329 0.139585524994597 0.0754020817935114 -0.497447559471527
0.0132921851477837 0.177870939815774 -0.210687543590451 -0.374505809357976
0.0691167938278865 0.143271552231416 -0.286601132139089 -0.162863129780712
-0.0110113869826498 -0.012029179778388 0.316556915194561 0.21625057947673
-0.00603596539158153 -0.0460552896963519 0.194035601571263 0.473837800703362
0.0466396775899423 -0.0574644163886176 -0.104330814737995 0.616289760250934
0.048519854727599 -0.0285010097195786 -0.565582209523656 0.405060443871773
0.0306356269530817 0.0115166379493586 -0.646968802963988 -0.187587638036787
0.0149937304631249 -0.00966287713635234 -0.264958842385455 -0.473179312895157
0.0055323943873817 -0.0164941633505069 -0.0188380219223486 -0.367716182235378
0.00173494975986253 -0.0208788506322153 -0.049429046945474 -0.236916850098901
-0.00896423717337707 -0.0161011904145305 -0.153556851494987 -0.118575109127535
-0.0052478799698464 0.0082644598357977 -0.138873342813583 0.0508799774937702
0.00124805218992925 -0.00342857673274805 0.0262158320009447 0.0682761130651754
0.00399984287057745 -0.0105532749309475 0.0457776906270029 -0.0673039739784826
-0.0103657942586781 0.0117417187092675 -0.00373245384539302 -0.0424864381759554
-0.014332420596069 -0.000304211149719079 0.0676313652172341 0.0346768399997223
0.00968100261054003 0.00746817336505671 0.13158106031739 0.0807239353593872
0.038296692959817 0.117285779999291 0.311798401199292 0.185632086009112
-0.0160831640616307 0.105779115267092 0.189099219614887 0.4360717290181
-0.0338603723804315 0.0400992011390478 -0.0967662699329577 0.562134848595161
0.0206739663854928 -0.0289712341957588 -0.544359065367325 0.354167637613839
0.0980325564004166 0.0491618768624668 -0.587193925185534 -0.188806282709751
0.0400877916260996 0.111840828488493 -0.233209314648453 -0.432068306177072
-0.0104352157910416 0.106601436604755 -0.016501518062242 -0.339077610766207
0.0166382832584616 0.0710357682127704 -0.0438714604948576 -0.223488282271447
0.0496722849942616 0.00472818404858257 -0.133648053187431 -0.121034762519161
0.0128860160564583 -0.0501964320227695 -0.12420572711821 0.0241537952390131
-0.03962003715491 -0.0297633124592236 0.021308053882736 0.0486563825810157
0.0154904816124043 -0.0176566541877731 0.0466443713470556 -0.0654151590880497
0.0485902039940308 -0.0475144231506876 -0.000455332846524134 -0.0204852817967097
0.0651838357453998 -0.0537839895445323 0.0596658111830968 0.0513289864127194
0.0836481523458592 -0.0055325934171913 0.121268784384374 0.0899445421895314
0.0909853125520154 0.203645491476025 0.281840699092013 0.0870649250496841
0.00232232774073332 0.189567461590809 0.191787872256512 0.276404160870306
-0.0601710640839175 0.083786889774884 -0.0382566482022152 0.384675057678347
0.0140523347805001 -0.0260632581398773 -0.407322964617107 0.22497536454837
0.117278222879234 0.0647801594590243 -0.421618319608456 -0.127521742873203
0.0514430813854892 0.176991417242671 -0.181842105460966 -0.271605460904282
-0.0132360958511016 0.194543097792257 -0.0314928196444765 -0.241599308428404
0.0294479868214917 0.151601881007171 -0.0321755656556315 -0.177102877193657
0.0898805530316402 0.0417157954527742 -0.0803676944262078 -0.12667067879749
0.0411940057259373 -0.0631725014984399 -0.0825005998013597 -0.0473939509876929
-0.0355212222305148 -0.0425423797209383 0.0114209210436571 0.00504395664460066
0.0230367937867604 -0.0113793348048789 0.0527826294308832 -0.0500257501707502
0.0898392418919018 -0.0500098444156004 -0.00486254099890323 0.0195125638759103
0.134441464864507 -0.050825584995057 0.019053097572605 0.100616390782618
0.145390111871962 0.0085610453105165 0.0742644910563756 0.124809502230795
0.142237876563834 0.221398350724534 0.2249087774721 -0.0304164097143072
0.0583345343135369 0.187995867725336 0.176764130400762 0.0941928634444351
-0.0270050048113728 0.0742909115402561 0.0225929367188346 0.20223357081491
0.0202542882341511 -0.0246777559828363 -0.252736011937713 0.118217587604641
0.0975695909933262 0.0418171943955297 -0.260893246156638 -0.0398242553055499
0.059070891525444 0.163520312576514 -0.137519776605749 -0.095307324273983
0.00669563586821321 0.228372987648095 -0.0443372696959755 -0.115739396030704
0.0373196066773112 0.207612120650473 -0.0177049904852234 -0.10594486957091
0.0967683026004259 0.0995976603803073 -0.0187616163591534 -0.10901704425349
0.0669215682178333 -0.0224007301342993 -0.0118281114334333 -0.0882459132759137
-0.00101895992648115 -0.0380253141429557 0.0415767840999005 -0.0307514669786007
0.0184254434640159 -0.00251501762408941 0.0582909877018481 -0.0510881159208446
0.0907840867771843 -0.00297218175415435 -0.035412126395531 0.0263661047077904
0.172706784138622 0.0174418036016014 -0.0573089401710651 0.123714037454983
0.186229814270717 0.0627244186393929 -0.00337421734188428 0.147921596998369
0.176333008149738 0.173393626059039 0.143677453945436 -0.121902870388467
0.123519572903309 0.132405716743007 0.130115208665535 -0.0466346559987574
0.022805872428729 0.0446133379321119 0.0467695391182616 0.0744398720506766
0.0205525019818039 -0.0204802182443208 -0.144374390859745 0.0594514316705004
0.0681632000826422 0.00241597348368953 -0.14691591967189 0.0260635784891751
0.0726785144509294 0.104186237248168 -0.085465119662962 0.0350664230801722
0.0444517988917081 0.210582929146091 -0.0327879211398634 -0.0012315062491876
0.0390361036013713 0.232743498278877 -0.00177387427000449 -0.0177817716761011
0.0724135007356671 0.161230547052724 0.0299066947685669 -0.0487214018495489
0.075869358100807 0.0427944339575207 0.0668487589385658 -0.0622985159531888
0.0318566332600482 -0.0249873381407227 0.11195165260462 -0.0359325838162528
0.00418384523543126 0.00115628663512841 0.0834215953716941 -0.0775852415462596
0.0524747399928793 0.0513389520263265 -0.0667346350906065 -0.0250075957723618
0.165577216199956 0.110454297464157 -0.145033897412734 0.08442606005475
0.196695415139025 0.135899429397615 -0.097547156848636 0.127012214158315
0.18258479781037 0.0989944405118028 0.0494627685125387 -0.15991941496741
0.163207867840932 0.0555528185102866 0.0615928395444787 -0.120266899783647
0.0667038994499795 0.0061426904460328 0.0300947795959489 0.00624562643766793
0.0132750724377105 -0.0129489576348161 -0.0876495941173022 0.0319230610596746
0.0358590013348801 -0.0354730171293371 -0.0611286655853605 0.0433975202541162
0.0814864852762925 0.0314763465122095 -0.00898298137986668 0.0918908919334367
0.0792309200332012 0.159368730272112 0.0115603417521021 0.07615833561197
0.033999119742298 0.221904570672741 0.0138043215776714 0.0706163525064121
0.0344643362677162 0.201694020930678 0.050835313164638 0.0543315106093415
0.0671014776633779 0.107595725438005 0.133973099533894 0.0325621967868396
0.0532276569947613 -0.00781371771851613 0.22006382196142 -0.0041001324190084
-0.0186755811510599 0.00535770247528763 0.159451473407433 -0.133952656821193
-0.00829359190594853 0.103570098557377 -0.0660814977577373 -0.141859781409623
0.122017336246718 0.190679083621895 -0.21040062874373 -0.0268110586332273
0.175976053715111 0.192563824985951 -0.188743914943746 0.0540637878249905
0.149186391270131 0.0272807164845271 -0.0389899769211959 -0.143357070583273
0.153400163739695 -0.0160233897465215 -0.00695302008993827 -0.11985530491366
0.0852816189669942 -0.0382469828988416 -0.00223433824379742 -0.00887933119894394
0.00457311276109811 -0.00424853528002654 -0.0639390409213084 0.0296631055700671
-0.00447584234683613 -0.0529558454342423 -0.00924186084989435 0.00625673398664349
0.0675365842825993 -0.0309761841532501 0.0737662230905258 0.0695398686017873
0.0877801798352398 0.0962947452822041 0.078048117144847 0.111137046295161
0.0227411568465011 0.178677387868641 0.0265346349982896 0.147663777035394
-0.0034820157243293 0.198497071332193 0.0477146724551928 0.180646368947607
0.0479955818187827 0.145755582196041 0.18748686229841 0.189680950337062
0.0576478919368445 0.00823096350291319 0.376659920073912 0.0602961778562903
-0.0500482993767184 0.0204527800292624 0.304583437093949 -0.227065893738554
-0.0719853808572485 0.147477096568257 -0.0175543865732588 -0.320027442746598
0.0641062781299178 0.225599036995198 -0.237350963582351 -0.196972360833223
0.132037279542594 0.20197208541476 -0.258991856889583 -0.0546329352669398
0.0852770633731669 -0.010393667224502 -0.104191048070094 -0.101579564675409
0.0985746965730879 -0.0390217966353862 -0.0491306790149331 -0.0699069873911022
0.066495667835404 -0.053798743496837 -0.0174876455507822 0.016825729518122
-0.0021221900680263 0.00347883851188747 -0.0527063718752654 0.0546346547509679
-0.0268499854608847 -0.0390933109717809 -0.00679129210533735 -0.0466997857825763
0.0360982560909864 -0.0479128277249569 0.125478610245013 -0.00257282887017546
0.0615636791017444 0.0454904084159078 0.136807299116912 0.113649136151886
0.00629781399192474 0.109738428302687 0.0374432277294576 0.199036061630059
-0.0220041759117385 0.134339481617825 0.0299429531167117 0.296398462780694
0.0182479443092568 0.11881486129658 0.23226060516691 0.369596830117108
0.0286455656974825 0.00900462330284968 0.554536148177788 0.140166862468645
-0.0688657374116377 0.0379419908213884 0.477092046991142 -0.341043418840824
-0.0938471589282184 0.148882267606093 0.0562960766722659 -0.515977438980731
0.0214453587572861 0.182918018710255 -0.232614096537098 -0.37644910669043
0.0766742021952916 0.143857594126492 -0.301989134037998 -0.155604062722614
-0.0109681939076928 -0.0115756050640481 0.333129114753035 0.206567717877003
-0.00816169691471268 -0.0469796716637971 0.216850902780787 0.473872213268394
0.0442627609466637 -0.0602855029492191 -0.0791647009960349 0.633696824675806
0.0473482341205608 -0.0310632361673433 -0.560848275948643 0.444159160278586
0.0314752400764072 0.0100565947735102 -0.670834282689619 -0.159208454803596
0.0135664935785875 -0.0112916002439694 -0.293765913324893 -0.467145791734586
0.00457679916270557 -0.0172989703771748 -0.0382359023388479 -0.371694920946129
0.000340346990990449 -0.0209290976614385 -0.0628184820228914 -0.234932167229254
-0.00946980997622122 -0.0155581611698827 -0.163004846457139 -0.112517830848413
-0.00417671871945206 0.0067955440086115 -0.138535746092554 0.0585893634927082
0.00107742054624589 -0.00337996761182465 0.0301515322765358 0.0683056693924496
0.0036980240588554 -0.0100675526629458 0.0430997168585379 -0.0701170558122046
-0.00975330758242459 0.0128776481372357 -0.0058898100911959 -0.0421997410847159
-0.0144782380751255 1.82066781165635E-05 0.0701698078239983 0.0318444532684211
0.00861210567326812 0.00634279375226066 0.135663073837099 0.0737081997150576
0.04355814057224 0.118334715724129 0.324389361830169 0.175529649321748
-0.0119635864608908 0.108551642856408 0.211459464519681 0.435151682791109
-0.0331161455491918 0.0436632624989622 -0.0738861764988409 0.578113299073867
0.0184898120855422 -0.0302734703871096 -0.541191646295392 0.386273660206508
0.102486833853552 0.0441326798533817 -0.61033493125719 -0.163091103350133
0.0479210418920906 0.112172830834983 -0.260121026292299 -0.42859210377014
-0.00409663759489951 0.108383221836721 -0.0356030341922318 -0.343396294911916
0.0202288351525207 0.0710365004936697 -0.0560817015202487 -0.223687971534964
0.0514230638246221 0.00206759999513529 -0.141567174053434 -0.117973292747989
0.010066836366083 -0.0532764880195865 -0.124584744029508 0.0312502368867987
-0.0428704146423229 -0.027839033216349 0.0240802359465352 0.0495785628947789
0.0149179560580712 -0.0185838590876003 0.0439426266687105 -0.0676588336329234
0.0474147271009933 -0.0501466315564346 -0.00218140275352071 -0.0191055483086905
0.0643809963344522 -0.0578599751116003 0.0634599439247054 0.0479717230627931
0.0847900880544178 -0.00912255007661092 0.126359147842684 0.0846806804346252
0.101111927621405 0.205117837769819 0.291872939394551 0.0780222398419569
0.0106395917629691 0.196559195740421 0.205767917026221 0.273137119993682
-0.0578690835746402 0.0891152772482424 -0.0209502406247705 0.393851782312654
0.0120367892662308 -0.0270977178381192 -0.40686119602908 0.249582340099174
0.123954218151962 0.0592216871884343 -0.439459157073304 -0.107278528841472
0.0621860145171923 0.178049188819321 -0.199395204297795 -0.26763497297681
-0.00300226049406063 0.19898894199508 -0.0443264892241916 -0.242383879230304
0.037749815515411 0.152871851250135 -0.0418103027858802 -0.177649408084712
0.0929142884121925 0.03750217104497 -0.088602291092083 -0.12556911889051
0.0374224051341123 -0.0681270045472572 -0.0862805634914079 -0.0440098621099022
-0.0387555139540095 -0.041212518677998 0.0131476880358674 0.00458636029262264
0.0244847477239258 -0.0129922812048793 0.0503591321804336 -0.0530676940943817
0.0895191044556089 -0.0555355081634327 -0.0054875105136484 0.020361363759979
0.133498815342775 -0.0572163594765917 0.0246482093250646 0.0995155845188512
0.147539894035445 0.0025306531562095 0.0798165447368415 0.122462482881862
0.152505264281326 0.218989454869752 0.227538164959058 -0.0396627223044163
0.0674622643456778 0.190117077195645 0.184544675346353 0.0872317931431493
-0.0255672583158532 0.078846159156417 0.0327202487487678 0.205863410068959
0.0186389650223305 -0.0252427336269112 -0.250540225042392 0.132818362910183
0.102061781661685 0.0370320024401147 -0.269259180630725 -0.0273528102972663
0.0706263852785316 0.163006409136956 -0.145050709567681 -0.089571233934018
0.0197667361193829 0.231335256851321 -0.0503208614272735 -0.113858704715636
0.0483732600044237 0.209977939184722 -0.023830037061689 -0.106491257637118
0.102829265357582 0.0950421128517884 -0.0257364712008898 -0.10923396603407
0.0670059845185999 -0.0272758094105574 -0.0162557756473094 -0.088733045610083
-0.00307208876901657 -0.0395739163987959 0.0418548735306669 -0.0334851438572971
0.019810997992584 -0.00368979076751632 0.0565424405896415 -0.0551146852693236
0.0919525283519374 -0.0068320348810016 -0.0361851429761867 0.0294920160809339
0.176351150977573 0.0108872132495917 -0.0517381652258117 0.12904978454241
0.190960288235463 0.0564095725063839 0.0037176634737108 0.150076233604437
0.187017935499717 0.171757542554821 0.140704591865253 -0.12922033522317
0.131185132551607 0.130631303427189 0.130743040601561 -0.0541100040636671
0.0264217653448794 0.0452371900271428 0.0513559860829549 0.0739045363561721
0.0203599483185599 -0.0218732782205897 -0.144993296484658 0.0675463280008227
0.0710737947274508 -0.00286365274303736 -0.148821703477981 0.0346747026557303
0.0812859607209583 0.101834527460168 -0.0839703366349478 0.0396058076146954
0.057138795687128 0.211664853006054 -0.0324199500954931 0.00141721959513371
0.052402587003653 0.234959160629237 -0.00241499761726654 -0.0183262225710751
0.083672793014584 0.159144080011024 0.025849816675816 -0.051052556875379
0.0807320168363272 0.0385626468909489 0.0651227617553555 -0.0661494535287589
0.0325510834230944 -0.0286549419628964 0.11289083889531 -0.0418654098904797
0.00601899444276339 0.00120615625020576 0.0804784653670303 -0.0840854761832306
0.0567033171803359 0.0515768881910106 -0.0698919156994244 -0.0214828747817841
0.172742362645759 0.105365220276177 -0.142578951656629 0.0938523569963772
0.205550019223126 0.13032528387978 -0.0932485077861523 0.133896002989888
0.188048881875013 0.0929822122035186 0.0439413043068692 -0.16270810116668
0.167025819539685 0.050146711176147 0.0572927891604229 -0.125868537627886
0.0687285610347403 0.00307052080787144 0.0308086931658217 0.00454904079265963
0.0137591575778167 -0.0145615030503127 -0.0867113052925244 0.0367567940662569
0.0357009656572751 -0.038315314117083 -0.0612217262784573 0.0474408413540642
0.0851483886339719 0.0273639675333567 -0.00485026735362821 0.0945217934939496
0.0883004156817015 0.156016855544397 0.0166671945119195 0.0773760249090571
0.0465162166244066 0.223566427606526 0.0178627025947508 0.0708515106903445
0.0469082487666302 0.202371820543951 0.0535128242538421 0.0520315173371623
0.0764696497687517 0.105850619397333 0.137179551789578 0.026057219027456
0.0546138428518311 -0.012086456220874 0.224883708796479 -0.0148663282783034
-0.0188248089338056 0.00664633326696642 0.156494184091744 -0.143800239582876
-0.00438798898272758 0.106920021658922 -0.0738207473756457 -0.140566929895031
0.13223572351946 0.189573092819277 -0.214049937907093 -0.0180072526768959
0.18650555061207 0.189805824830466 -0.188578684240685 0.0629825183944319
0.15100947464855 0.0202933099675153 -0.0457521869039945 -0.142571355595556
0.154787769829618 -0.0229109877502579 -0.012603797804161 -0.121813170436271
0.0858028004985751 -0.0441838652061924 -0.00237733531043022 -0.00861482917037923
0.0048482459515536 -0.00584172725460358 -0.0632300077136233 0.0326695817659781
-0.00737184493078762 -0.0549274859187785 -0.00976629614277048 0.00785427074865779
0.0669194342734318 -0.0354737366017868 0.0787476712010162 0.0671596872977117
0.0941897693174643 0.0921784577724552 0.0849863397876237 0.109389288470858
0.0325062262463236 0.179468205864939 0.035294472489788 0.148361525828188
0.0077681511333828 0.201532698643207 0.0558946612054168 0.1796891614611
0.0586278052991361 0.146312205110293 0.199036819185079 0.181782426562473
0.0598574770298805 0.00386999288717098 0.387193085806996 0.0432483204825737
-0.0514581025049223 0.0234747337070247 0.300784879926091 -0.246076339105932
-0.0666751515935047 0.155555763481264 -0.0303033749184537 -0.324439435359271
0.0750344884353978 0.228214557804367 -0.250421842527705 -0.191066222537599
0.14182808033915 0.199676186719877 -0.264425706362462 -0.0442050082922585
0.0855108562192035 -0.0148737188490812 -0.109086446911448 -0.0963911567826293
0.0969823682967783 -0.044809140195097 -0.0529271894646235 -0.0696708829375094
0.0648608330709428 -0.0591833971394794 -0.0168276554815615 0.0191795018699315
-0.000594839483492304 0.00339133234766049 -0.0490099140177874 0.0591108222260486
-0.0289591900397087 -0.0394762906303584 -0.0104352707294222 -0.0470520878760494
0.0333634623412365 -0.0510402525273737 0.128084932028785 -0.00924295828690173
0.0642116596997489 0.0421876173471658 0.14516576714776 0.108070712924401
0.0106720065385956 0.111419702182043 0.0481144987300849 0.200991379020493
-0.0146438164665442 0.138136242727321 0.0469696717996788 0.299139124779561
0.026873234563789 0.121154577295961 0.255644851866083 0.363686812583194
0.031961920153721 0.00740202956517845 0.57272144714691 0.11605390067762
-0.0686800776919205 0.0427790020788798 0.472821321675535 -0.37085996453284
-0.0896063231507241 0.157741045558255 0.036796275009308 -0.5276940359534
0.0311000547450514 0.187166776159662 -0.253647009648288 -0.373345652781501
0.0836518405464975 0.142787892904649 -0.311695510273737 -0.146549395660792
-0.0146979325555013 -0.0123284641826329 0.32667137467372 0.22000395363524
-0.0115322286653417 -0.0529504083681526 0.200912594994148 0.487415609463722
0.0456438825880142 -0.0683936945972043 -0.104785189047922 0.640629337547691
0.053509581392723 -0.0350464524074097 -0.586909812832351 0.429888285747998
0.0374865033820064 0.0127414897841404 -0.680158880867752 -0.185218579351661
0.0171787223195836 -0.00810757174941656 -0.27897610405834 -0.484014021997432
0.00562674184479537 -0.0168651581462145 -0.0231961310997288 -0.377609660894815
0.00158635945020051 -0.0211265606472251 -0.0539968943782549 -0.239982398517876
-0.00934739557527972 -0.015427560396965 -0.159031022960679 -0.121655751770645
-0.00573270795118251 0.0066360243265019 -0.142628896566001 0.0532284104988904
0.000223372191965341 -0.00235641726555596 0.0289347308542124 0.0711032945373052
0.00661561472363628 -0.0108398284398662 0.0475423729238903 -0.0693957930951957
-0.00980067907862882 0.0133135120350694 -0.00474672361460987 -0.0412955033528378
-0.0145518608804477 -0.000703730686132631 0.0693208702998059 0.0346458742526715
0.00985636255814208 0.00769406352056908 0.131559697567126 0.0794816305911527
0.0356138596376941 0.12312318017516 0.318777758400908 0.190528538953543
-0.0210510890267162 0.105879122813768 0.196346905048666 0.447911593750725
-0.0373531042668426 0.0367257627546217 -0.0979015771825024 0.585415050410497
0.0231616307693772 -0.0339310475661412 -0.564309010880541 0.3759539821163
0.108565694297691 0.050704524558151 -0.6160060374081 -0.18655595251037
0.0460484770767703 0.117787467619984 -0.247133333603923 -0.440504907822501
-0.00887282832635456 0.110212894781336 -0.0224174657335089 -0.347502852518909
0.0180168499285607 0.073483549956865 -0.0475302307321472 -0.228997329474374
0.0513247983247901 0.00245229072449253 -0.13901145342746 -0.125379234819803
0.011301064231307 -0.0535071322788426 -0.12645107883627 0.0247465229355239
-0.0431624937779391 -0.0294843829026499 0.0225900316538407 0.0503656725806548
0.0167354408291843 -0.0169283963915266 0.048297977353652 -0.0675197628738949
0.0512429149792024 -0.0486335936119402 -0.00154256583325354 -0.0182965518741337
0.0679381998938653 -0.0548649256233277 0.061361121132879 0.0507680738250963
0.0856453844984982 -0.00414725262173636 0.1220571903144 0.0904389460445194
0.0879947404815608 0.214880035505713 0.28866249072278 0.0897126258313503
-0.00150886864338188 0.197356576710324 0.197053505239253 0.283507623925241
-0.0650936159055666 0.0850105245257487 -0.0360648089454014 0.400068262006473
0.0149907438347983 -0.0306196814334444 -0.422160971671244 0.240193680257333
0.128007868367685 0.0660619601021571 -0.442553653216063 -0.125704560888132
0.0597241860568752 0.184204460331996 -0.192586563414682 -0.277524299923467
-0.0105776758794419 0.20297055144007 -0.0365764469289271 -0.246490758399548
0.0309186016661617 0.156179873508464 -0.0346811687917264 -0.181725917228112
0.0916808734542043 0.0408284212139601 -0.0852124065917088 -0.132585744619536
0.039409640877098 -0.0680560197263263 -0.0856404454215633 -0.0472868798597108
-0.0374417214845813 -0.0430632357544115 0.0141174781975942 0.00503179948527605
0.0266959685488439 -0.0115526271463608 0.0546914253991954 -0.0529738800821474
0.0931109272255461 -0.0514098176271277 -0.00691408904000035 0.0213839384040409
0.138261910638061 -0.0517317121597506 0.0200487285807978 0.100929838266196
0.149670316535311 0.013123778713008 0.0745803892128966 0.125854208830998
0.141132428357678 0.234480356377349 0.229575790280652 -0.0303086204359765
0.0573697623428058 0.197954146300669 0.181311078427953 0.095044193201478
-0.0303738859753599 0.0783634813593536 0.0260295569694624 0.209398696118815
0.0221736973685911 -0.0272251469420263 -0.260228197597067 0.127601674240414
0.106271758187822 0.04312565014276 -0.274258280097427 -0.0375743855417618
0.0671360883141026 0.16962187637374 -0.143420761648371 -0.0957580916777693
0.0108213750991175 0.235797564806355 -0.0472815765936114 -0.116541088761596
0.0400673690121758 0.214813016800354 -0.0193112391323776 -0.109504108291964
0.100067522061746 0.100336122373438 -0.0219772530612661 -0.113021697320916
0.0690081641587004 -0.0259114451360752 -0.0122625304368232 -0.0903310228171408
0.000383812790508449 -0.0410863697704652 0.0452721478215493 -0.032256854923912
0.0220410195797162 -0.00173182876813113 0.0591848234144432 -0.0534477933258979
0.0939379031710484 -0.00163681751268024 -0.0391107666371771 0.0297485174269485
0.176115424727068 0.0202730735208982 -0.0580278833469863 0.126068968668263
0.188487808142757 0.0687627824015755 -0.00391798890757278 0.14946455607939
0.178785476881378 0.187134120638387 0.145588109613346 -0.123075170126009
0.124208623566034 0.141080043717197 0.134516587544147 -0.0493358181083474
0.0225536958008021 0.0474612335573358 0.0495279066804795 0.0763409607573237
0.02249757396182 -0.0210129853614176 -0.148287418591564 0.0663094759855236
0.0746805986875689 0.000360866214651616 -0.153589059121144 0.0285560474409882
0.0793625935458287 0.106551990544608 -0.0870014568945807 0.0364132620664507
0.049596695976491 0.216562839024629 -0.0332273688009477 0.000904519741748745
0.0430981087147094 0.24041493845726 -0.00248815700686406 -0.019704916889702
0.0786112479172847 0.164075357029502 0.02762551388515 -0.0509398958331567
0.08084802896106 0.0422609387090654 0.0680126882446292 -0.0635535023952914
0.0364737162555512 -0.0280507691614242 0.117704815022947 -0.0375070730690642
0.00681919868189695 0.000727455752576687 0.0854639104288381 -0.0816177751636464
0.0547893005322584 0.0565963553272155 -0.0701330930545811 -0.0242069943932412
0.170361530597004 0.117106362115509 -0.148046118901654 0.0853354388076075
0.197396935560844 0.143764011171262 -0.0996118884680939 0.128353234790115
0.185574935034366 0.105283796619897 0.0509118291199955 -0.161317153809691
0.165503568313941 0.0612570891437424 0.064113233763347 -0.124429508678752
0.0693325658924847 0.00613979288340026 0.0329716610870425 0.00570255720392549
0.0152130589796074 -0.0135901853545605 -0.0888685969389889 0.0346997313291641
0.0399754691394759 -0.0400143774590916 -0.0647049429795245 0.047731974132869
0.0847599205742873 0.0295718328427013 -0.00805614105251994 0.0948833992854015
0.0838438630436432 0.160515076585433 0.0126922768701853 0.0787829749886108
0.0372137571561486 0.22818765695283 0.0143337218190467 0.0728375315528517
0.039080406942487 0.206287612285112 0.0517013775018006 0.0549893106245641
0.0745158419436646 0.109872460830988 0.137492175335884 0.0328998028583408
0.0584877663783877 -0.0090507002341319 0.230710208731587 -0.00529943523922677
-0.0167850321772686 0.00640691270136819 0.166160680517342 -0.140405183503341
-0.00896967908974354 0.109499760262747 -0.0665833337179055 -0.145441529548193
0.125394222244998 0.200721870679701 -0.21434091026494 -0.0288196627996831
0.175942260465905 0.202429325936341 -0.192827051572246 0.053755688897273
0.153525066585714 0.0289521538790547 -0.0404594847128265 -0.142833497263108
0.156301844080969 -0.0138136397482762 -0.00681940235879682 -0.123730279711111
0.0896738025343231 -0.0410259288144764 -0.000577925379751766 -0.00917931974903454
0.00709958034772925 -0.00567726409876349 -0.0634427025091699 0.0313035738803305
-0.00475180158214228 -0.0581403477710398 -0.011271732434061 0.00893453506126727
0.0678879993509873 -0.03573472672565 0.076708629569699 0.0712906963585821
0.0920246684009448 0.0974881274800132 0.0810442781577038 0.113456867047453
0.0243972806139112 0.182803904717773 0.0296257067449441 0.152626912385754
0.00164032690316335 0.204549467743798 0.0489139722853187 0.184926757371576
0.0553140964435324 0.151694656439045 0.195901918769913 0.194458122702867
0.0647544808939073 0.00877993117466786 0.393085283592599 0.0606452067257882
-0.0490927671815912 0.0232542202972578 0.318886359086359 -0.238130625245272
-0.0760883463997169 0.154233385168042 -0.0140360034410559 -0.330245382533379
0.0660246135755135 0.238765775473772 -0.24227763526425 -0.206357578730729
0.131976020058109 0.209071526619493 -0.263723865217351 -0.0575681563011127
0.088687913371145 -0.0115580090817021 -0.104964322355318 -0.0999294162784209
0.0994105258556342 -0.0390254531406552 -0.0493806031379118 -0.0716844844262262
0.0690434641847854 -0.0584245293907865 -0.0167629856367425 0.0174245286775419
-0.000286670890056977 0.00280521658265311 -0.0504754826554947 0.0570415070314013
-0.0280618925852712 -0.0417692199063786 -0.00854007895011964 -0.0451665533471763
0.0347723098888141 -0.0516441085527915 0.129384732460256 -0.00429394538397308
0.0626287070132123 0.0436252598983883 0.142000426146796 0.115385029019358
0.0070613118571146 0.112331736954719 0.0399507746306422 0.206393235199975
-0.0200197537154439 0.139282349054225 0.0338683058484172 0.305910599457029
0.0238986785102769 0.124593455824298 0.244626565077553 0.378491216715511
0.0346375549985186 0.0124106550040422 0.578897225644224 0.142104454241007
-0.0670322989365291 0.0414828929314376 0.500645949076313 -0.354302538430298
-0.0955562695276304 0.154928798167928 0.0650342409361114 -0.535781874417759
0.0243400434536354 0.191696161449718 -0.234882872875734 -0.392286878499349
0.0766542163616416 0.147790665071754 -0.307466205647797 -0.163727983643704
-0.0141235015976321 -0.0116978252429242 0.339274756926927 0.211835754264826
-0.0143572949747903 -0.05446144718048 0.223168314059806 0.486842566869547
0.0442985212024118 -0.0698194431426531 -0.0817153621310211 0.656369453040943
0.0525012143740019 -0.0370305988704247 -0.576960163600263 0.463692130069486
0.0374220851844326 0.011624879027356 -0.700081737081344 -0.152827062395609
0.015741312059055 -0.00876014305979231 -0.308910118542181 -0.474118251061268
0.00424824233836418 -0.0162856479411224 -0.0433120017845242 -0.378561620062853
0.00120978904020196 -0.0213510270650104 -0.0658107914304582 -0.239251278681335
-0.00922476714043719 -0.0144956327116912 -0.167410220246144 -0.114971715997817
-0.00528044605789037 0.00712759609233672 -0.141845549163661 0.0601865984662881
0.00177699379365645 -0.00159151115374959 0.032037654143716 0.0701131231045751
0.00568754932467222 -0.0108776859680947 0.0439720144528453 -0.0720546093230766
-0.0103253141277459 0.0140462943999454 -0.00680737137169567 -0.039953731111322
-0.0136374281906496 -0.000526841315610104 0.07061577094495 0.031429237073951
0.0100186476797394 0.00741398143825273 0.135541095736657 0.0752249942324702
0.0408977076783465 0.124288030043146 0.330448282939305 0.180683070587978
-0.0166808305835794 0.108989272074106 0.217238295530904 0.446042144557171
-0.0365419144642 0.0397548173648204 -0.0755733349300218 0.600236415460418
0.02090661001566 -0.0352226145423645 -0.556977631273331 0.408169313280995
0.113759272713486 0.0442723982710047 -0.634232442806711 -0.158658102076869
0.0537172617189839 0.117427608274046 -0.27363380005349 -0.434634558375563
-0.00244124137954541 0.111717668370396 -0.0418897858901393 -0.349195896829176
0.0225033881357726 0.0723816782195107 -0.0598467299319283 -0.228499367711762
0.0516919451447537 0.000332648001887414 -0.146868689530906 -0.120208448280009
0.00723774014136013 -0.0569092196736945 -0.126558634255851 0.031523609344117
-0.0453803675055528 -0.0268049532779877 0.0265054635414994 0.0493689970939972
0.0180867863488887 -0.0189437709462594 0.0451414096088125 -0.070525333255468
0.0490482892412497 -0.0516651134629347 -0.00303664113453863 -0.0179455096647841
0.0668650834593267 -0.0597291698824576 0.0638233277911849 0.0474107147929576
0.0864797652083068 -0.00742414472191256 0.126506016784062 0.0856759046088743
0.0982157999564063 0.214687305444313 0.295410770784728 0.0811458740791717
0.00580721055363231 0.200817341450727 0.210276351020847 0.279265083036669
-0.0634282363822023 0.0914419177116777 -0.0202412896992029 0.407173925384811
0.0136655183636333 -0.0314565039544662 -0.418968050128924 0.26463547460301
0.13435265468321 0.0605694554197354 -0.455498994633498 -0.104472332654799
0.0697668216782908 0.185394103514342 -0.208427856245788 -0.272045681315619
0.000324586974796219 0.205240704156601 -0.0490978034897712 -0.245889979485799
0.0396068971890832 0.155751538273973 -0.0448748275994183 -0.181780728202355
0.0950399209209851 0.0361966909109282 -0.0931476434217789 -0.129663846436082
0.0352453766010168 -0.0717809122031559 -0.0883194731663745 -0.0440367885182389
-0.0398153303148103 -0.0416991469937148 0.016260261644231 0.00410875681724266
0.0273503602517462 -0.0137028432776525 0.0523198560191754 -0.0558640301755965
0.0918587686354254 -0.0556652793145775 -0.00803829675378415 0.0237283840779982
0.137920395052454 -0.0567420806402161 0.0244475136128368 0.100641873710892
0.150047965953478 0.00777993053967465 0.0798007158605809 0.123328403607317
0.151683574879574 0.231741257411564 0.23028119241331 -0.0387330909163435
0.0656098903414077 0.197561680168915 0.186368281353416 0.0880326080868876
-0.0284273035751617 0.0823395605006441 0.0365906355054426 0.211248361703079
0.0205949949508566 -0.0285564218229772 -0.258751431017774 0.142507359931053
0.111241064418085 0.0379728364011483 -0.280787426973449 -0.0241525252392771
0.0781267451145481 0.167776099074384 -0.148904587579892 -0.0897557765622732
0.0238749397343063 0.236842664880408 -0.0535440381816032 -0.113730652656044
0.0507702529622018 0.213538678434776 -0.0260961191726783 -0.10947858085137
0.107879001221354 0.0939905169620094 -0.0293269205787474 -0.113759029314765
0.0676616218907622 -0.0314918490278722 -0.0173225208845202 -0.0896649173243845
-0.000896441179205275 -0.0422047409645035 0.045084135225163 -0.0353537054455067
0.0233395284081267 -0.00376315554263659 0.0567457254350025 -0.0580313798990386
0.0962279359122658 -0.00614004241292804 -0.0392801724961838 0.032012440958984
0.179618021880479 0.0133560335746485 -0.0529737756273086 0.129795108805588
0.191471643051483 0.0635585987741658 0.00202863248633179 0.15108662378501
0.188860040076855 0.18139347457509 0.142060275215453 -0.13023211826347
0.132313834567031 0.139973300415044 0.133239655905489 -0.0560799155624309
0.025661664246116 0.0472373331467105 0.0541264503405497 0.0752489975082931
0.0228022864915459 -0.0219578960220303 -0.147047744460015 0.0734218123195493
0.0770804667232094 -0.00313571945341824 -0.155360530992353 0.0374047211036347
0.0871239141299147 0.102508090288359 -0.0860078547406307 0.0416265900398611
0.0613754641201458 0.214462968365962 -0.0331381444441054 0.00307706052711415
0.0549102103386559 0.239563802096348 -0.00363215389227729 -0.0200860693406652
0.0866946163637423 0.159581026974118 0.0239776300945086 -0.0526135373968555
0.0836754396598262 0.0371526205062091 0.0660211392744283 -0.0668962495908877
0.036445940263886 -0.0302010539856745 0.118389567235312 -0.0428399427740463
0.00765817220037758 0.000705506842130293 0.0833621908812641 -0.0880978810118166
0.0592191224135941 0.0553935474772426 -0.0720992149862903 -0.0218088473171362
0.177614052523395 0.111807742010967 -0.145789003168055 0.0941203865691945
0.205263784210379 0.139731984191357 -0.0948432325312224 0.133152368766644
0.191639144974659 0.099574954059002 0.0443954804439531 -0.165092173047649
0.170574536817249 0.0565534770571527 0.0581654627423735 -0.128759032347436
0.0707876338410687 0.0039273333254728 0.033224161555149 0.0033853971559357
0.0169782660550046 -0.0152492088685088 -0.0880853167124613 0.0395386230312264
0.0387683940504138 -0.0424845574093627 -0.0644608417234828 0.0511518913630395
0.0882385262111101 0.0239050840543621 -0.00352560982276334 0.0968377048266753
0.0932437882134741 0.158272689914545 0.0168422481430893 0.0800748423188719
0.0491494091072056 0.228636386121749 0.0185221293745874 0.0719803376955789
0.0514384404080904 0.205895349742958 0.0532982154338717 0.0522691627007175
0.0828074008762187 0.106544900651624 0.141122921570822 0.0268597697609264
0.0600802682572025 -0.0141230405273236 0.234144728350576 -0.0156766935995627
-0.0158354694794768 0.0077941663130052 0.162077431852469 -0.151617389134692
-0.00387947218353701 0.113079917575677 -0.0727920036190109 -0.144378010821524
0.135721959773303 0.200033978555186 -0.218365832979578 -0.0196251662781136
0.186804118459905 0.199501129221703 -0.191750013780532 0.0603140105907888
0.155451437481853 0.0232152073480938 -0.0457052646732834 -0.141844746845639
0.15687705885685 -0.0197551421102267 -0.0128930600503594 -0.124374502886939
0.0883246971285313 -0.0452630884436063 -0.000563084576030578 -0.0105081140926486
0.00754696101066584 -0.00647784594386689 -0.0632382085133591 0.034490946066619
-0.0071661165837049 -0.059212421092125 -0.0105769800151526 0.0103809780348766
0.0673968970554882 -0.0402592925968397 0.081787871350403 0.0686187236534547
0.0967257727337961 0.0924047432764811 0.0868590013906567 0.111246159967048
0.0335363661084269 0.183484275435852 0.0366509280888368 0.151296594627907
0.0115967628687113 0.205304170341505 0.0589686746461535 0.184303903859623
0.0667146141062071 0.14994704017288 0.206624713937037 0.185961254583196
0.0674384119694928 0.00451943638251954 0.402013937759677 0.0424325451931635
-0.0483249372169991 0.0252772877392351 0.31365540484057 -0.255527190901372
-0.0700659927859247 0.161605944048915 -0.0274592782135552 -0.3342872413887
0.0781768326757187 0.239064179975632 -0.253290896395312 -0.197694061713602
0.141698612077453 0.206898613749298 -0.269113278948735 -0.0488174418983116
0.0877732474347442 -0.0154279684224246 -0.109413160522083 -0.0942632989504985
0.0981902794136938 -0.0437936484459766 -0.0528447698970992 -0.0704287268873354
0.0679111792211296 -0.0628291448917146 -0.0160055525262089 0.0176925439612584
0.000488302509262106 0.00244892534910949 -0.0470075090853709 0.0590551593139646
-0.0311867311523347 -0.0424243983531282 -0.0111959793459628 -0.0454000509651085
0.0326147087507269 -0.0542947993969138 0.130635494278045 -0.0100624428419364
0.0650857360598689 0.0404587392887708 0.148307069543802 0.109089914389331
0.013275593567176 0.112852534702048 0.0517541425113192 0.206340977366324
-0.012554134450862 0.142089687618539 0.0496916679718057 0.305197341073855
0.0325857849625004 0.126369881033597 0.268398607514236 0.369695855353468
0.0370648281369861 0.00946656833596281 0.596216656167001 0.113614072522883
-0.0654184885672329 0.0450621352196909 0.492535077819124 -0.381986707878661
-0.0915576995457284 0.162041277154453 0.0450831778370308 -0.547294823137152
0.0331561712519654 0.194180652163358 -0.254051765786572 -0.387564301890803
0.0826332090446261 0.145082770413903 -0.317075995572907 -0.154115883262757
-0.013776162315378 -0.0103000986107501 0.349433731481384 0.198002742724945
-0.015637496622787 -0.0535890677626247 0.245124133018569 0.481851191812864
0.0425141048582746 -0.0722687008457828 -0.055569538488743 0.667556177686602
0.0515805121763384 -0.0406813479761996 -0.563825010617868 0.500937719459106
0.0380104868761569 0.00897850733445731 -0.711352988656709 -0.116054725211717
0.0134044907154228 -0.0102068931865476 -0.337150015641382 -0.461019460848764
0.00349585195530503 -0.0170156042787483 -0.0656434413983795 -0.376706778173268
-0.000521406154280211 -0.0219131118611501 -0.0786831404031395 -0.23608849323737
-0.00975984999873465 -0.0139286115236232 -0.174743237601757 -0.106844930854605
-0.00421126879852344 0.00629514896724077 -0.13977018919897 0.0676675624378238
6.36940559160459E-05 -0.00209117467355649 0.0366724837527917 0.0691769181484402
0.00637110068888175 -0.0100537576068576 0.0421556840029228 -0.0755411699066633
-0.00891311462192346 0.0155633101220633 -0.0082138174678177 -0.0393484617635038
-0.0132525305723362 0.000580686758102441 0.072175738908985 0.0276298118037535
0.0108372456862984 0.00629882898867577 0.137491281185803 0.0671710925258993
0.0473464836445642 0.123241141968465 0.34010352655777 0.168456565719166
-0.0123085362092036 0.111949411029685 0.237695066120406 0.440822826330388
-0.0355874655505226 0.042138318539002 -0.0506897020783969 0.611381789712017
0.0184991684531102 -0.0383004613946126 -0.544997582666915 0.43953641349957
0.116679779745087 0.0394825060550325 -0.648163637081759 -0.122550761046765
0.0609245128281774 0.115785480775222 -0.298454584167069 -0.421838661379484
0.00450485695017123 0.112956833520615 -0.0607243477179143 -0.347186117752339
0.025902413994181 0.0709735237297428 -0.0710610692954846 -0.224615557580334
0.0535966823341845 -0.00181371029983567 -0.154228886336523 -0.112639385502824
0.00330652705207824 -0.0588174966154022 -0.126396129348783 0.0377874849711347
-0.0469543592546998 -0.0235054968129963 0.0304225958926715 0.0483803388154775
0.0168785916543137 -0.0197642573167032 0.041875665282883 -0.0740623551063526
0.0478361495027236 -0.0549297637592451 -0.00458262895213055 -0.0156694779329886
0.0644099784864885 -0.0628409616859491 0.0664996622434667 0.0440902771009109
0.0853249926268849 -0.0109227456367723 0.129334800863672 0.0795846974134538
0.107219839314399 0.21268007905001 0.301082873454035 0.0698020344137987
0.0159054627919207 0.203817243117114 0.224399602363281 0.270926466923457
-0.0604911112762278 0.097481843421921 -0.0014722249549524 0.411862502433681
0.0110725771327453 -0.0325271948187129 -0.410530132001448 0.288658640784432
0.14164080053575 0.0536940128112493 -0.467005950620463 -0.0794514178068688
0.0823324313497362 0.181307993117515 -0.227386830077559 -0.261624593846594
0.0117322152072815 0.207394554000311 -0.0636214188196669 -0.242041614314883
0.0486313712716059 0.152777784380657 -0.0546486964749762 -0.180092398854215
0.0966169977671976 0.0308081164057646 -0.101080114092156 -0.126028500136977
0.0294292327546882 -0.0744153436285433 -0.0912596162472596 -0.0398368334599079
-0.0423887919139214 -0.0404240287425082 0.0165500845051234 0.0029899326554035
0.0274941262366115 -0.0143159041195711 0.0483539262201517 -0.0586509123049291
0.0911444578319729 -0.0606142147469988 -0.00784606786935381 0.0258676690749256
0.135930049799492 -0.0629543049053139 0.0287217200082191 0.0989465777912555
0.150575299167469 0.00155696809469125 0.0853427262544307 0.120118483525308
0.163372283426439 0.228546967776538 0.229454111513582 -0.0474575299579398
0.0754053095152596 0.199665732145158 0.193497882073643 0.0787598752798166
-0.0249675235417434 0.0856256894545886 0.0467778683623968 0.211052209835473
0.0195290746576859 -0.0294949910257197 -0.254039267407209 0.158161428339671
0.115210723680703 0.0326833319222026 -0.284512509448056 -0.00973075036251751
0.0885050587598531 0.163730871550697 -0.155492359095275 -0.0830124566314469
0.0374716719206573 0.236479813559597 -0.0588271048624862 -0.111281817719954
0.0622316719694821 0.212011951444672 -0.031437839399162 -0.108678418617352
0.112838867773846 0.0875028841504324 -0.036919673852545 -0.112461343331829
0.0663744585902309 -0.0358225603751095 -0.0225437329755201 -0.0890451496429085
-0.00232037337055558 -0.0430907197926861 0.0445662535802631 -0.0377218421792877
0.022951413096655 -0.00471884096543847 0.0524186692723918 -0.0619410887103832
0.0962961399447407 -0.0102231186105621 -0.0385410873321576 0.0364917892303246
0.181391463087158 0.00615453283706607 -0.0468333991925871 0.133059048217472
0.195493889531054 0.056657904556005 0.0085713426905646 0.15099853167067
0.195911912558804 0.175304035968287 0.137323208451632 -0.134515928863134
0.138945228529984 0.135089589640383 0.131699673414024 -0.0646898660012028
0.0291720521872061 0.0487550445583189 0.0586385046701889 0.072249868296809
0.0228065019890158 -0.0242860938529929 -0.145570453365215 0.0823740779318439
0.0787331945856265 -0.00805984209011293 -0.155815038691547 0.0471695063693638
0.0934460865117223 0.0983341463097315 -0.0849814305465931 0.046534373235566
0.0739188462005984 0.212736146141622 -0.0333963067957095 0.00536009440323396
0.0692436095933712 0.236475459508289 -0.00496593501114949 -0.0194333999620564
0.0971739357699619 0.156154011739002 0.0204435842809914 -0.0552989113484436
0.0867202127182405 0.0320114699441527 0.0637293857210122 -0.0697928108721152
0.0365404530344646 -0.0352165207255605 0.118627517688231 -0.0498549982825797
0.0100344667838481 0.00182242730690001 0.0787283926980769 -0.0943683289509621
0.0615312135031041 0.05451038588751 -0.0755236288408658 -0.0163646765347223
0.184378492009148 0.106552773714021 -0.141811289579304 0.102173210101141
0.211856934483074 0.13212152705546 -0.0903900819903686 0.137235049141247
0.19571334030139 0.0924574662121359 0.0379340849214718 -0.166143689129917
0.173280252714134 0.0502063505823498 0.0547964093137387 -0.133897410190697
0.0703664239544122 0.00181748536515877 0.0342340037332803 0.00104497419436399
0.0174654862138368 -0.0165395887364416 -0.085911057979126 0.0455201888527064
0.0368542446876863 -0.0468906312055192 -0.0643167425997948 0.054417828956436
0.0884983873420996 0.0189848351982426 0.00125403968534165 0.0976058301194954
0.101511921496885 0.153502041705336 0.0220081355975107 0.0797475418750699
0.0613809565281605 0.224387570969965 0.0236782011099166 0.0711252157084717
0.0636375711815709 0.202826724034365 0.0561450493697417 0.0488945698037883
0.0903341028195719 0.10164578461228 0.14320197895316 0.0196273685115062
0.0619030126853458 -0.0173302629534058 0.236789598092431 -0.0278685962194092
-0.0159974493392189 0.00890905553519471 0.156452904309492 -0.160560787336352
0.00143335782454319 0.115012442904471 -0.0820242203695011 -0.141289381653404
0.146418474780137 0.196456803481302 -0.21937098696334 -0.00943594392595553
0.194646175108658 0.192608481874707 -0.190573981132914 0.068981081182257
0.155977279177873 0.0161065774595536 -0.0514569322008769 -0.140477043365258
0.156009977364656 -0.0246753710616606 -0.0168955855595769 -0.126253733781911
0.0885340785382168 -0.0513762074196542 -0.00146995510098735 -0.0119882335673656
0.00743227418425148 -0.00668941163326515 -0.061200591435436 0.0373308208272553
-0.0103579297297769 -0.0598980328083736 -0.0113729279765283 0.0118458553461084
0.0648916984915818 -0.0437424379235977 0.085919448066541 0.0638762956223329
0.102994704060378 0.0858121618045774 0.0928488263238227 0.107170058716021
0.0450830790689301 0.182143924571649 0.0460837728363741 0.150263601840326
0.0237751428136134 0.205177643105705 0.0689855915335842 0.181241193981645
0.0772736112447315 0.146329532387184 0.217799466359737 0.175744630827024
0.0691893337114194 -0.000402189604674256 0.408812391619455 0.0217073614141912
-0.0480026829837749 0.0276619039519952 0.305019418373182 -0.274407945558532
-0.063389620278075 0.168197689767519 -0.04328692871898 -0.336154969991216
0.0892538884599396 0.238647235457645 -0.263275979147376 -0.188298351992396
0.150851915073282 0.201298089913789 -0.273372483372099 -0.039466733205755
0.0882776171936298 -0.0200424693126011 -0.113385965665885 -0.089662719112155
0.0952867617496048 -0.0473111895533324 -0.0569508025917166 -0.0696136813012445
0.0652604104618435 -0.0671164939138085 -0.0152748586398549 0.017983269264099
0.00177726761233133 0.00205007256844003 -0.0436578765902359 0.0599495295511976
-0.0334750073830785 -0.04157334231876 -0.0126367267016502 -0.0438396013059248
0.0290785565370281 -0.0579096269692076 0.131356146463565 -0.0171721565304599
0.0671891024333002 0.0363283611271103 0.154219539488127 0.102082775691015
0.0201394517763922 0.112476383535242 0.0624988240747029 0.204478354275121
-0.0033350407495741 0.143009967167151 0.0659138362881445 0.30338632878083
0.0421270430038702 0.125662029676711 0.290141137419854 0.356509616047434
0.0392471784532725 0.00613289551400233 0.607415475138979 0.0827106391546
-0.0645337184855496 0.0498130225981706 0.478443406934833 -0.413442785890386
-0.0849359411655218 0.168066637062456 0.0196183325294642 -0.55241385868409
0.043095515543982 0.195276353099816 -0.272887031941672 -0.381277285626101
0.08972244240926 0.142162549596493 -0.325589185133728 -0.141601980772098
-0.0145534673732028 -0.00941739146091867 0.356133534006525 0.184551581112801
-0.0181178056047458 -0.0529954771164297 0.265600310655842 0.471374292515315
0.0388168453772629 -0.0734723393981798 -0.0230749581477674 0.67023406521981
0.0490346951833739 -0.043054156310391 -0.540697449426608 0.527902416031242
0.0385441537622294 0.00778886896208673 -0.717975759911595 -0.0794316537571491
0.0133234924676395 -0.0106570839231975 -0.361064812976671 -0.441423847181437
0.00352917085750538 -0.0168309894134965 -0.0854430412812624 -0.371066374833697
-0.00222735996966286 -0.022463284929297 -0.0903909400006046 -0.22977138636076
-0.00973887718008989 -0.0134164963383456 -0.179594761346787 -0.0975496328893795
-0.00380922221100762 0.00707369003814236 -0.135984408079788 0.0727253318969074
0.00168441414050175 -0.000517389254367146 0.0404219792885077 0.0667690045710704
0.00578638530750563 -0.0105935385370876 0.0383334972070707 -0.0766228192532832
-0.00859347677271036 0.0162094576422717 -0.0109234663316184 -0.037156126310909
-0.0119981883315339 0.00181236589833208 0.07238296158942 0.0240754413963988
0.0109703845101369 0.0065078651898698 0.137468923369696 0.0601689708777583
0.0518287335784164 0.121670783190802 0.346729526820013 0.154591768475865
-0.00725573180905977 0.114167041478827 0.255410124266794 0.428753531075331
-0.0344565023179618 0.0470100006904509 -0.0255123006943068 0.612049535954752
0.0155059483093441 -0.0370403754653707 -0.524437251806721 0.466095087362496
0.118936619403465 0.0323407892147714 -0.655706297983362 -0.093008600815745
0.0675683836372073 0.112215682003638 -0.32144003568397 -0.405914294538243
0.0113502741348154 0.111918903722834 -0.0789868669124684 -0.341668708629956
0.0294578834239613 0.0691353102841974 -0.0830159620992132 -0.219182876316244
0.0521275535271055 -0.00641540911070824 -0.160511983947157 -0.105421609585742
-0.00121162331482625 -0.0577042858015341 -0.123214816169796 0.0443532722586065
-0.047798777153724 -0.020245748023997 0.0325353645833655 0.0451995950581001
0.0175700749559588 -0.0200908473518802 0.0371919423029064 -0.0745836001960446
0.045981633501274 -0.0570265793241628 -0.00552564541622533 -0.0143388166275554
0.0612998143697804 -0.0649564465146784 0.0673550986084409 0.0403698876936489
0.0842779093942847 -0.0142495870912007 0.130842944908906 0.0731903912073713
0.116530564147313 0.20798767079196 0.301145019891442 0.0591306198101321
0.0252624688835579 0.204427704015685 0.235431305288557 0.260343149392299
-0.0566832643976429 0.101754932394313 0.01655729198469 0.412826123938009
0.00915674728694637 -0.0321434070179999 -0.397640238760996 0.310718567197594
0.144206851422676 0.0456552124344631 -0.470657684775006 -0.0553508886956652
0.0926835418279479 0.177689696129571 -0.238855068979256 -0.249901018796111
0.0244678596051579 0.204773125396476 -0.0748463916473264 -0.23739913319268
0.0561436718653446 0.149449446411437 -0.0645377030968494 -0.174867983904638
0.0984229281833982 0.0236737068010128 -0.107930929484823 -0.119882964216315
0.0251175587703304 -0.0772612421349406 -0.0926264423536557 -0.0343217099564551
-0.0438646131560714 -0.036537914273516 0.0172398161858042 0.000793980868304515
0.0276761367373711 -0.0161096756451214 0.0452451001219006 -0.0623038937146047
0.0880152806476937 -0.0652660069533445 -0.00636504805921662 0.0272119983399812
0.132391009699744 -0.0693786768622497 0.0334773892777147 0.0974397180686436
0.148641937361251 -0.00447437369351927 0.0889589885590297 0.116912058111415
0.17215449710839 0.221586144419303 0.226237884987479 -0.0550782606432234
0.0841067001886369 0.19670696531 0.194093374949976 0.069761467318056
-0.0214037982451354 0.0887004525788893 0.0563956505462669 0.208823530825256
0.017646405636379 -0.0290543574310567 -0.246263783034948 0.170283334235703
0.118085703678962 0.0246156132745567 -0.286169609345258 0.00517393546177932
0.0983223827184735 0.159561757226195 -0.159635592588605 -0.0751804305893917
0.0511393635491962 0.234312036884288 -0.0641191995208733 -0.105551019924192
0.0733434125139302 0.206982031952797 -0.0373877176930865 -0.105961735138646
0.116366182689475 0.0814969751915141 -0.0434578072684255 -0.111213830397519
0.0638843330758734 -0.0405250982717753 -0.0261902832571756 -0.0870306350132388
-0.00393180387551033 -0.0434897982112286 0.0437347119422148 -0.04078216559131
0.0255406850510121 -0.00545322718508249 0.0504090600542649 -0.0650788866661803
0.0964968781023957 -0.0138390784001136 -0.0381428186478446 0.0391906148621633
0.18037408702383 -0.00130600416385073 -0.0404254403556834 0.133968730018631
0.195431616566014 0.0495271687072277 0.014139551732198 0.151006011055482
0.20310797545769 0.168761998721417 0.131303912582715 -0.140032491963819
0.14420359316736 0.13206907718912 0.128885082200067 -0.0703194712106441
0.0307346414816776 0.0486179909989244 0.0615442448398606 0.0695422442126833
0.0208581801238111 -0.02473736932104 -0.140733423339445 0.0886611827612687
0.0793088249740935 -0.0132604783943906 -0.153336359572317 0.0534978000589464
0.0990819446403464 0.0922757111409818 -0.0822948488170605 0.0500351510760948
0.0851162145657233 0.206835548985587 -0.0330436440778935 0.0088176263883051
0.0802624232416919 0.231144485137157 -0.0051387532683199 -0.0191450962280779
0.103964257143968 0.147831181939292 0.0156653729977382 -0.0558864125058699
0.0886755452392569 0.0259249018249108 0.0588909067029907 -0.0731648664009781
0.0363751128306418 -0.0371386658049516 0.115757194757331 -0.0553408168708886
0.0103746509290762 0.00164226378216693 0.0737180054481184 -0.0982968301173296
0.0648410605205832 0.0521423088217321 -0.0765222220170172 -0.0126115342154017
0.187635716663442 0.0990350919069767 -0.135799233750131 0.105796385943612
0.216028388370567 0.124224701826305 -0.0833381117189165 0.140794293772102
0.198609267483492 0.0845105976833169 0.0298191794350284 -0.165281755897045
0.17446739952635 0.043701724560493 0.0489952129208814 -0.137366627758899
0.0722668172246407 -0.00220148558621001 0.035045582841521 -0.00169151114171025
0.015970789309207 -0.0164141709690644 -0.0838722425145383 0.0491406599593218
0.0354140876495857 -0.0486806386964014 -0.0611953935117149 0.0578382992604546
0.0903688538411919 0.0132980251009523 0.00685742619176056 0.0967800798025955
0.109410365138173 0.146403709204477 0.0256626574048245 0.0789165148295088
0.0729885090070521 0.22100250216517 0.0267111364572418 0.0691107617973159
0.0742163368399196 0.198222406155918 0.0569576709998958 0.0459452506710816
0.0968376306424303 0.0957494426859411 0.142247308743499 0.013396484503786
0.0609412200243454 -0.0224574135613137 0.236060577360176 -0.0400972733401008
-0.0151857149289003 0.0109432120965825 0.148267786847843 -0.169098708309567
0.00722485116031082 0.116569833460989 -0.0874551623047545 -0.138782589768445
0.155373146052274 0.190603209245793 -0.219305771330215 0.000505111658132828
0.203006521458167 0.185752533807266 -0.186159822456982 0.0759195401141723
0.155258933939809 0.0102595148194864 -0.0571984338308031 -0.136579985082849
0.153552037889428 -0.0306740858497355 -0.0226621599335217 -0.125805396162845
0.0855778522807429 -0.0548669435298397 -0.000897605003001565 -0.0123769739463454
0.00920327976269472 -0.00805022005059656 -0.059238966615861 0.0399165143169465
-0.0146233787156705 -0.0603203214564522 -0.0106713388114273 0.0117687203601512
0.0609043288002998 -0.0491512074053845 0.0879028335734383 0.0606855412376656
0.10534986453176 0.080542465868874 0.0982679585063786 0.102642827849731
0.05270244268384 0.179228910905087 0.0544525641427947 0.146213631208885
0.0364776936405663 0.202622176077703 0.0784794246253428 0.177285377189152
0.0871718013141654 0.141861451401049 0.224848942461152 0.16322392252882
0.0697553744929467 -0.00528490046080752 0.410243982753772 0.00104442939121929
-0.0468346075793065 0.0312928531229432 0.292230208993529 -0.28984402874826
-0.0549548296769902 0.17148591735423 -0.0584863274564497 -0.334327738519814
0.101755025652131 0.235315590292454 -0.270397674736373 -0.176615497727561
0.157841388257379 0.197010601153669 -0.273135502157761 -0.0275043907891488
0.0865269970903364 -0.0237130428734435 -0.114493284874601 -0.0832676278509605
0.0912558186885071 -0.0504341750239443 -0.0589812328687074 -0.0669295442481536
0.0616676307974122 -0.0719816519644558 -0.0126869129320913 0.0183946448541728
0.00151575424411219 0.000702292889441139 -0.0411424310294109 0.0610122638001763
-0.0355760246326469 -0.0393582291219314 -0.0154663119581173 -0.0424456106699847
0.0248314056217022 -0.0592782453751279 0.12848667566843 -0.0230240409648857
0.0685432054872925 0.0319324182874994 0.158510336390194 0.0930331994086176
0.0253771975012647 0.110875486996218 0.0729897676906466 0.200677725836745
0.00465547763762482 0.142521980562207 0.082114279437929 0.29813049157617
0.0510613909986915 0.122060501040932 0.306563508337519 0.341381851690059
0.0408595027131843 0.00280583844628171 0.611905543070485 0.0534505102030246
-0.0618428539489974 0.0520877649098396 0.458994599464942 -0.436093932901376
-0.0764318985085381 0.173733548627003 -0.00326703570742302 -0.556157048443078
0.0518240465554423 0.193356456406528 -0.288824663772561 -0.367943618822278
0.0946613922667903 0.137655206404803 -0.33129138134633 -0.129575966890719
-0.0125393583424553 -0.00645200310547347 0.364605404411469 0.155173714563903
-0.0230644058638168 -0.0502189074787794 0.293705517814002 0.444406057614116
0.029929136887241 -0.074598505069802 0.022977865548791 0.669885997503747
0.0435182334979482 -0.046927660213657 -0.497868445573649 0.566478337183694
0.0382036342259556 0.00504196581418854 -0.720890309138218 -0.0184132927600623
0.0100302706408257 -0.00925422770450549 -0.3948789312774 -0.405384453087725
0.000537140851981262 -0.0164059709764383 -0.114968937004008 -0.356710310123446
-0.00400035566928051 -0.0212863521911755 -0.10869094418935 -0.219201861525871
-0.0109703823364554 -0.0130754084374125 -0.186920845705726 -0.0834105478547337
-0.00435976791755873 0.006827964765028 -0.129034790386187 0.0817355862179839
0.00267929157885151 0.000220960448939358 0.0454726421435332 0.0620958103682181
0.0053532120188671 -0.0125555351738967 0.0313879283816504 -0.0794444310609631
-0.00676216258709841 0.0163307127191783 -0.0130909341631525 -0.0348414480631333
-0.0112408650994194 0.00213606514340864 0.0722460517866425 0.0176619943984246
0.0123871882797942 0.00656729043819533 0.138257309873681 0.0483872966955258
0.0617747567222309 0.119887275182067 0.351710148049311 0.127975849789535
-0.000813490284819305 0.114110478217565 0.282107146963365 0.405711986129899
-0.0333485466608121 0.0496382403532212 0.02446254311636 0.611923489767083
0.0110847102203688 -0.0380709388216388 -0.484601733891979 0.504536696529573
0.122231510381334 0.0221762697068448 -0.659545075350728 -0.0357260346767612
0.076082457165194 0.107930442693351 -0.351969142752583 -0.372168943476595
0.0188950939039753 0.110831425235064 -0.104474787016975 -0.328228486085464
0.034305566051263 0.0652527030771192 -0.10126704501027 -0.210291805705773
0.0496087420465471 -0.0100162960280224 -0.167886159814239 -0.0918652731875998
-0.00770655841289674 -0.0578604662308627 -0.119454172882548 0.0517261356306536
-0.0488763889640892 -0.0156999520310178 0.0368005556977589 0.042853902710567
0.0164569211052778 -0.0222437281076465 0.0309886533410065 -0.0778583257501535
0.040150191341696 -0.0595941682425201 -0.00716555952496638 -0.0132493210547285
0.056364635269409 -0.0685661199151398 0.0686314337697699 0.0333057272506065
0.0834211775894697 -0.0190592727869156 0.133531638066803 0.0609607746468474
0.133558451193034 0.199891625460657 0.302598203883954 0.0363924911440587
0.0396390905844021 0.201784963142243 0.251212807746218 0.240650415605124
-0.0510897202315568 0.106356511966147 0.0482416079205368 0.408406823040986
0.00392159079855497 -0.0336717073823562 -0.3694370845233 0.339942218724047
0.147294236363505 0.0345699730946204 -0.473814773468787 -0.0162142251116193
0.107470332069658 0.170184638838288 -0.256247550500673 -0.226875169694617
0.0402926431637185 0.20154761367601 -0.092508120998759 -0.226176820390267
0.0664181170540048 0.143209005351599 -0.0788267313875336 -0.169476270007562
0.0974676696366016 0.0135613735062513 -0.118337757853649 -0.111867364995846
0.0165069822238463 -0.079762776412629 -0.0941906373147063 -0.0274762581682736
-0.0460896961162415 -0.0325500888092145 0.0181333659082058 -0.0005349448332781
0.0271788928565734 -0.0191981132199155 0.0386750117089687 -0.0654671579276397
0.0823494963020815 -0.0705996241151571 -0.00516216656517015 0.0285386399139925
0.124952998206312 -0.0767550985825391 0.0396768993362409 0.0917815901261921
0.146658263518581 -0.0114679600389054 0.0955351146999035 0.106966977304457
0.186448871798176 0.208367300131677 0.220248505527001 -0.0709096169970753
0.0954682953172785 0.190518401848926 0.197401078406673 0.0539946036304752
-0.0156786909205249 0.090752218698418 0.0732487526137772 0.202883568879238
0.0149690778581651 -0.0307755741715515 -0.23159266820002 0.189912772188417
0.122112386397754 0.015367570475087 -0.285383015126349 0.029880384630565
0.111924161545054 0.149568282959817 -0.162824257017228 -0.0607376329574837
0.0692252905250157 0.226490344968816 -0.0708294343864062 -0.09804245237081
0.0891319121034635 0.199172912824227 -0.0456998082831987 -0.102796121799532
0.121279980094486 0.0699499762668827 -0.0526261009487972 -0.108852567527641
0.0583978502651994 -0.0463580357883779 -0.0326120717211664 -0.0836305061194173
-0.00509942210849493 -0.043266038477438 0.040290238180799 -0.0445628209185761
0.0262165690179082 -0.0100074837262459 0.0437294784127424 -0.0687588305353103
0.0938032402722453 -0.0198827246262244 -0.0348376544758947 0.0419446555643413
0.177136713733252 -0.0116346363324875 -0.0309550652129702 0.13445140997432
0.195660347077454 0.0373248018526884 0.0255994273597202 0.146843056887748
0.212412452192677 0.15313644659078 0.118620980449392 -0.146280049045446
0.15149272672215 0.121095688294457 0.122987366018832 -0.0810969370572883
0.0334800502593448 0.0460201005825812 0.0676199101682382 0.0641025035188462
0.0206835092482639 -0.0265426937467772 -0.133068804376355 0.10068716434529
0.078626786789134 -0.0220391376373995 -0.148910994545704 0.0658039610508271
0.106795868047257 0.0839136620838293 -0.0759897473763968 0.0563638324803554
0.101963063649971 0.197294594834722 -0.0307231154453403 0.0114609415379125
0.0972945935029838 0.221956298704514 -0.00722395361939197 -0.0188622603765369
0.114874198366212 0.137456876439505 0.01216947500471 -0.0557975018981283
0.090961874049579 0.0179590319479956 0.0530396015840249 -0.0770841874777471
0.0340740886681796 -0.0406454512133646 0.11148429146205 -0.0659667932735415
0.012947032598092 -0.000653916650856959 0.0662977856891949 -0.104647760603527
0.0674880972482481 0.0472426309347076 -0.0763702806280027 -0.00562474895799222
0.190732075484738 0.0866408419481229 -0.125461778174976 0.114833381245181
0.222136700881582 0.109326728905311 -0.0722375062141387 0.143719704336787
0.201390630632456 0.0688203286228372 0.0176452590415793 -0.164591436755455
0.175663765994401 0.0312682991372517 0.0397696134136662 -0.139706631821381
0.0707715490163317 -0.0072129942112409 0.035201532978857 -0.00588292180598725
0.0167011816432391 -0.0176272642356541 -0.0791594220789119 0.0548199317071122
0.0316498263874796 -0.0523490871002185 -0.0566394082102863 0.0630680167072339
0.0903770553593643 0.00403720584994902 0.0151432875476534 0.0944798139208862
0.120473712331648 0.135442543391607 0.0311594949046741 0.0760690576906916
0.08958541258696 0.213787310303821 0.0327166044748887 0.0660791749831658
0.0897960076041975 0.190089299672969 0.0612285377972987 0.0418714859901034
0.106708821697199 0.0869066111619551 0.142828837784713 0.00143319455665474
0.0619190836711193 -0.0280552441227786 0.232172626445599 -0.0592017760013252
-0.0114359515877927 0.0114312232117273 0.134570572003594 -0.181496560989317
0.0147716994132826 0.114531146604725 -0.0964855279607032 -0.128750546593273
0.165668640574045 0.178701811387951 -0.214488530488276 0.016026053705771
0.210018886192581 0.170881167095912 -0.17825594964237 0.0860436841804729
0.153047013247412 -0.00240231896856746 -0.0645045542662694 -0.130989157932763
0.149006509470593 -0.0405116637848832 -0.0299458264096556 -0.124308712831472
0.0793100007758529 -0.0597531982844565 -0.00200230437083687 -0.0141764151823091
0.00775848787947247 -0.0085149630579032 -0.0558423502822395 0.0433628434916407
-0.0193340862679081 -0.0600707458276024 -0.0108651787691645 0.0143884105238742
0.0567657661040265 -0.0544814277883242 0.0919453329295537 0.0525391101640874
0.110072913552578 0.0696326932616219 0.104765481311942 0.0935541247930331
0.0671541258201423 0.172127531110557 0.065539081584989 0.140075174852441
0.0530763107083482 0.199029158840172 0.0923236518827235 0.169419445721427
0.100720736105072 0.133914516396399 0.237442224331073 0.14533875067978
0.0747228428186543 -0.0102546041682577 0.409531037275997 -0.0352652453904871
-0.0393090186139359 0.0313475672161454 0.269241312559466 -0.311224340141922
-0.041584385951402 0.172454424816348 -0.0815989717440046 -0.328006983441566
0.11561239991176 0.226315997153435 -0.280121131642085 -0.156444602811087
0.16498038053755 0.182741417965912 -0.271678521947274 -0.00957129628582803
0.081594907877505 -0.0303666098844871 -0.117446287457572 -0.0719218593274723
0.0854892615366329 -0.0547449674690158 -0.063535119221317 -0.0618019407237382
0.0556633048486416 -0.0759399289710753 -0.0125794104008874 0.0169896071585007
0.00142706117994708 0.0007776449265086 -0.0353465881300642 0.0621308074620767
-0.0400457791576709 -0.0375715920104558 -0.0197290160495737 -0.0387378247566021
0.0188704392279476 -0.0610105190344959 0.125552717010445 -0.0329150339281675
0.0698200721933263 0.0252767262444839 0.164588107863475 0.0793312357619926
0.0338641557923844 0.107208346106132 0.0895178110238605 0.191758157052606
0.0186077247540256 0.141292179952512 0.104083874728747 0.289434602216455
0.0648278956127847 0.119144423690128 0.333468774462556 0.31189319778073
0.047277074590223 0.0017290553346803 0.615256968868234 -0.000913230977649386
-0.0520931122054154 0.0505234867404882 0.425926644812775 -0.469880665893663
-0.0619566711801609 0.170898225677834 -0.0421803491244177 -0.552656222621476
0.0649055930367121 0.186325076476445 -0.31062847352947 -0.345773970521741
0.0983617049004758 0.127990280963692 -0.334777872890945 -0.105120105947514
-0.0127795091298831 -0.00577891976518114 0.365548853677457 0.147630581216449
-0.0254380549738521 -0.0488862970293243 0.302585765992235 0.437113078338449
0.0275372424126318 -0.0762340518303725 0.0403426501228144 0.668352617228858
0.0421426999501633 -0.0475454926943749 -0.482726715080149 0.580808190545435
0.0392638487422517 0.00397754659182338 -0.720879770149598 0.00359817912419441
0.0100016360848873 -0.00892012041754666 -0.404766959741642 -0.392148662414527
-3.22113105394352E-05 -0.0160321598705313 -0.125379011629801 -0.350499437525615
-0.00543146392497927 -0.0206590767452674 -0.114479778814672 -0.213580022712485
-0.0099515561610668 -0.0122607918245337 -0.187804115489725 -0.0773428971274585
-0.00378053036034015 0.00671987853605373 -0.126610311223282 0.0857988260484578
0.00345608914922456 0.00146168521019082 0.0479163589481614 0.0590623549766373
0.00572205604305003 -0.0112961120141652 0.028616667078287 -0.0796877621905141
-0.00545161980042558 0.017126056540875 -0.0137969156073804 -0.032975785546342
-0.0104454077309666 0.000728681316777367 0.0722331700768035 0.0158119167522707
0.0120974589275065 0.00597605415125073 0.137217957774905 0.0447826088227385
0.0630908820547117 0.118236738332484 0.353971665893844 0.121554779688887
0.00244997540619746 0.113880565357989 0.290155330835144 0.397498276480152
-0.0325730239199205 0.0536923524160624 0.0355257198584592 0.610107949148497
0.00860006837528305 -0.0386276987952988 -0.472969085455382 0.519461017931945
0.121875497907061 0.0182953427082009 -0.658547181915743 -0.0141266513962999
0.0794177978938674 0.105595989120118 -0.360463762617972 -0.36075767474814
0.0227383841479048 0.10850174218221 -0.114953204297401 -0.322776131443227
0.0354493081112985 0.0638357397716808 -0.106954863496256 -0.204708491373401
0.0491338970341772 -0.0124423093892082 -0.169731133681312 -0.0874512302819383
-0.0107705722161204 -0.0567730809622654 -0.116015441770044 0.055196503493587
-0.0480816298879071 -0.0129863209517484 0.0375837640074935 0.0395515260785155
0.017188098358299 -0.0216669977039003 0.0296008135719663 -0.0767585485926416
0.039242713328389 -0.0607746093704162 -0.00766836518747535 -0.0114003332429643
0.0544449130782363 -0.068771314663651 0.0687916170414718 0.0311429085829109
0.0823454440504598 -0.0197056972863064 0.131843107570982 0.0576230361331086
0.136193171334794 0.198576878295627 0.301792418451027 0.0319081126485717
0.0431383872388008 0.202338359556148 0.255025842416367 0.233068817148897
-0.0494991834878058 0.108980628294294 0.0566251546342283 0.408714357984598
0.000928610041160814 -0.0330820744330211 -0.361605061977832 0.350476599908389
0.149097611983908 0.0281668417742077 -0.474373721354683 -0.00256633472741223
0.114273047748848 0.164427205601117 -0.263933142863262 -0.218739814826543
0.0478533845645044 0.197842824361696 -0.0979850863196991 -0.221320281314022
0.0700018859641331 0.139963676799342 -0.0833723256928131 -0.165180491007063
0.0969745872398945 0.0110645035637774 -0.122890222038478 -0.107072911754751
0.0119398069914144 -0.0794408103848196 -0.0941125358900468 -0.0241264005677673
-0.0457965864194584 -0.0318127884544249 0.0183553806123698 -0.00172637945276855
0.028087803712394 -0.0200215977533041 0.0368844757918654 -0.0650959277990125
0.081549811341052 -0.0723751979831907 -0.00403443651135488 0.0294048467617947
0.122678211185003 -0.0783876207245733 0.0414359912841352 0.090230709051686
0.145288180260884 -0.0138664479616836 0.0968544953336549 0.104239474542719
0.190247726308196 0.205519738870307 0.217502043905636 -0.0737072639809698
0.100428511475515 0.189903658986297 0.197336859601428 0.0484259471278595
-0.0147226402865868 0.0934375783634132 0.0772029242180623 0.20065418701471
0.0122301959649539 -0.0297983981856714 -0.226668636049528 0.196859822116714
0.121783531453021 0.0103065841286228 -0.283901115211716 0.0388608229740689
0.117313968855735 0.145080667116305 -0.164999471207928 -0.0562215317642084
0.0762102132077399 0.222643385569139 -0.0721466231440564 -0.0945988351601024
0.0934424970584794 0.194162289540436 -0.0489435315750054 -0.0997733624127326
0.120942265380993 0.0635435485223401 -0.0566709313528544 -0.106138230379736
0.0558440278984731 -0.0481656038423488 -0.0342107200914304 -0.082249500642455
-0.0065853731803442 -0.0438023586849095 0.0383931669648711 -0.0454006833507257
0.0268098324717233 -0.0102803516482106 0.040572928566837 -0.0702886901493405
0.0929113025947167 -0.0216017691331759 -0.0335078363811994 0.044821834686206
0.175330349849882 -0.0146354086592287 -0.0272732116828594 0.135251720577462
0.195804333955968 0.0355872455784626 0.0285404516822213 0.145441283811189
0.213456701480163 0.14815500821234 0.115003448153999 -0.147187429666436
0.153010217781833 0.11753531939331 0.119473997327557 -0.0841557634084925
0.034922607221661 0.0471968166462343 0.0698487526108896 0.0610968482875234
0.0197759689599073 -0.0252713262876084 -0.128512128069065 0.103539953735981
0.0771100042718162 -0.0241267085341832 -0.14776327286596 0.0701504531596557
0.110616379268286 0.0775802538561771 -0.0745506692507362 0.0579177697914441
0.108089280886263 0.191776711328179 -0.0294755802904651 0.0138738741561752
0.101546376872452 0.218200977850292 -0.00823485925789829 -0.0189907264641883
0.11816939044837 0.131227426908084 0.00865215248857557 -0.0579151743324394
0.0909207645991235 0.0143545706020896 0.049783637270618 -0.0771870022952131
0.0333936222223245 -0.041211856470187 0.110580299906198 -0.0683795895437402
0.0117241447027219 -0.00102386830879487 0.0622634860525835 -0.106246115682604
0.0687125963900588 0.0476510992332435 -0.0773392876589174 -0.0037751601254152
0.192392202345719 0.0822414653093415 -0.12251669540468 0.118232733835477
0.220416061096329 0.109043310529011 -0.0687377950982088 0.143714030636152
0.200174216855416 0.0651510377273542 0.015323332846114 -0.16363602058473
0.174136431708009 0.0294830822280524 0.0343773755165055 -0.141989376471144
0.0698381235788411 -0.00740603857291314 0.035021552345528 -0.00747375822937404
0.0157740023736923 -0.0189005029672951 -0.0777684058825101 0.0575018247299116
0.0299489765765237 -0.054693524507158 -0.0559049684066865 0.0644942819722795
0.0901444592286389 0.000745664303289447 0.0171433641079293 0.0936461235723663
0.124150447175599 0.129705864630601 0.033977332315097 0.0762523739497264
0.0943656537348644 0.207403742296685 0.0341534712937384 0.0638865594413079
0.0950797488632912 0.184997781012101 0.0620598678385051 0.0395277704783895
0.109648243028972 0.0818861264070103 0.141899638423417 -0.00131754227621178
0.0613955697758884 -0.0306708770017543 0.22932414547695 -0.0656769250674245
-0.0104505492235905 0.0119400378132011 0.130963284802887 -0.185983093796432
0.0175000924176313 0.116447458963695 -0.0991046765242351 -0.126715554445887
0.168894030290393 0.175475063853371 -0.213910248671363 0.0206002436574573
0.211498428351052 0.167930330249924 -0.175271630962044 0.0889978517395533
0.150965533098638 -0.00266117505013923 -0.0669631301381296 -0.127734185922074
0.146012804594152 -0.0428095639891843 -0.0327105674331441 -0.124187711005581
0.0787625183173827 -0.0622196184694097 -0.00267245229545153 -0.0160398875368578
0.00938613346825422 -0.0087194024754577 -0.0536488817600723 0.0440796201309079
-0.0217610567341901 -0.0604506134598896 -0.0105396349528203 0.0148836730714474
0.053000376992654 -0.0569749700000736 0.0937316650501829 0.0495481599648762
0.110957312877198 0.0661760318163416 0.10684180401818 0.091269332578334
0.0718633540256507 0.168638657647615 0.0690203211137784 0.136529689439446
0.0594399238616182 0.195992158366014 0.0946936192368744 0.164745918131604
0.107444074403403 0.128758173912182 0.240538295629089 0.137326199171399
0.0750083696865463 -0.0137194498254815 0.408885385588751 -0.0448846437550204
-0.0390159341044413 0.0326294103395792 0.260770325141246 -0.319785440446616
-0.0375577416520469 0.173288810864821 -0.0868127823956282 -0.325322681513376
0.119407507266972 0.22399935347308 -0.281877852506254 -0.149213878225813
0.168181066588571 0.179521275474407 -0.270195188752653 -0.00546934507901398
0.0796352084368864 -0.0307584256544617 -0.117101288393452 -0.0702866476121638
0.0833796419827692 -0.0565035965599979 -0.0641555968277117 -0.0608992567070735
0.053080790190902 -0.0773481296843803 -0.0114630760445163 0.0159346365216371
0.00122900009898036 -0.000635401322043051 -0.0337467237271512 0.0612961609425501
-0.0411376520256092 -0.0358020847994299 -0.0198575318496374 -0.0387703401925942
0.0164569431754551 -0.0622667758629363 0.122774950618038 -0.0360230778900302
0.0687578850777189 0.0225492563097083 0.164225151091884 0.0744113926281071
0.0377230349746858 0.104609084429948 0.0956879985116156 0.188097244748929
0.0223297765890006 0.14030100389372 0.11325876461299 0.284245320714211
0.0703822906351397 0.115883413948344 0.339333438805725 0.299749557512489
0.0483604623655071 -0.00098242358963254 0.612881078282072 -0.0172449511174925
-0.0500565949796825 0.0533843605181566 0.415476715125316 -0.479847965339367
-0.0577508364398275 0.173230684712371 -0.0526746539730701 -0.553052686038821
0.0695688958685283 0.184558950829826 -0.316317081604872 -0.338264144087193
0.0992829135287776 0.126849290435727 -0.336692561292277 -0.09916466340419
-0.0136618937336162 -0.00579648893290492 0.36906013207029 0.145764616410907
-0.0265950224684812 -0.0492888841429419 0.311869097469451 0.43724754116205
0.0264802253475573 -0.0758828552531469 0.0511012177563748 0.672475813344701
0.0407555159582731 -0.048487419031052 -0.478299416402219 0.596877809456748
0.0375706938241546 0.0037146695917281 -0.728990337580783 0.0203014208819062
0.00821504262247426 -0.00874226816013833 -0.418045692851716 -0.3829411915241
-0.000323829851379 -0.0158096843955816 -0.134601371883576 -0.347846473289864
-0.00550978825169301 -0.020642777355544 -0.119505745339253 -0.21142858390573
-0.0104435851863329 -0.0116839717697451 -0.189424037965499 -0.0729700558094465
-0.00449178038697026 0.00696408385501627 -0.125057245979029 0.0871615880186557
0.00326927815044162 0.000903421156850551 0.0495512175871959 0.0588588048965949
0.00615357245412059 -0.011022430188916 0.0280805278456102 -0.0806342710504554
-0.00525639935871262 0.0178711240009342 -0.0146637090667841 -0.031495875595297
-0.0102149229080934 0.00162371004797566 0.0727019983310286 0.0136318143538142
0.0123300959623102 0.00552262616771836 0.137470500778516 0.0427647750817599
0.0665198897050973 0.11956111348341 0.357249100751483 0.118351170499745
0.00457700243222217 0.114814864794087 0.298465886448386 0.398442967090009
-0.0321626372585976 0.0548378353399621 0.0472553137233747 0.615516986512104
0.00606575303129288 -0.0383998424411764 -0.466510329629121 0.535533261732267
0.123291476261567 0.0156489552118675 -0.667000367750132 0.000377840749835145
0.0829763529058363 0.105141237007532 -0.37324721893619 -0.353023499144074
0.0259409204679911 0.108746777463929 -0.123323354154325 -0.320825882146355
0.0365006931013564 0.0626856082437915 -0.112006453794323 -0.202339659960081
0.0482038194652529 -0.0138743973929232 -0.17311744689765 -0.0844274543376283
-0.0135006021867225 -0.0575492219537522 -0.115609253140307 0.0569154708802126
-0.0487173732057168 -0.011121840522852 0.0398070558043742 0.0377235466976032
0.0172845591005061 -0.023418644708527 0.0277918872243283 -0.0788472164795667
0.0382343122904612 -0.0626324941909961 -0.00782779259897848 -0.00958988834066857
0.0531429445743253 -0.0705892649857876 0.0690455475544538 0.0299448538074524
0.0809478121111166 -0.020402732717695 0.132398052312767 0.056002329795294
0.13994086795771 0.198996735702598 0.303332844026456 0.0279335474841052
0.0467816476878259 0.203170945356198 0.259742447865384 0.232589241299868
-0.0488678917570423 0.112994188383142 0.0656611521928893 0.409550221823825
-0.000915055349308747 -0.032275299357917 -0.357991789001302 0.36346523782225
0.152682568418236 0.024130330694774 -0.477626329468892 0.00951507215580017
0.120379253995136 0.163263514455937 -0.269811613650622 -0.211888860540816
0.0529834158819652 0.197746027223538 -0.103099635010954 -0.218817538981387
0.0734504248702676 0.138551962781327 -0.0871241745758221 -0.163097953037393
0.0964501219297187 0.00727354436621607 -0.125251318386554 -0.105214718965229
0.00917861660117659 -0.0812109183673221 -0.0952361802667796 -0.0229577631953665
-0.0475594865610183 -0.0305625045128739 0.0193615788371168 -0.00227165209502809
0.0300081219776893 -0.0215102328151618 0.0352028058768605 -0.0659348190578137
0.079409944319161 -0.074770452679756 -0.00412428628717271 0.0323557152826501
0.121446674091437 -0.0805267229047943 0.0423695203160791 0.0895810438744893
0.145304003425367 -0.0142237819617272 0.0986645591050787 0.103016162748596
0.194776481329281 0.205696707791257 0.218190848825759 -0.0758642912635307
0.103065495699624 0.189033562386493 0.197398334760069 0.0455819160116993
-0.0120355833198963 0.0953463491269824 0.081379244533606 0.200675978996385
0.0116850941019239 -0.029954060394887 -0.224438899691656 0.204901430880162
0.124021606536383 0.00697798999746077 -0.286445140137343 0.0454550442202871
0.12314211003398 0.143426036754086 -0.167674921154404 -0.0516248683650721
0.0836583631595256 0.221144355551093 -0.074948616718287 -0.0924358117008389
0.0992695096944212 0.191481198177234 -0.0510875290560229 -0.0987424111826023
0.12250302181672 0.060162473652624 -0.0606576759346603 -0.104867884834682
0.0547966900470922 -0.0508940943047884 -0.0360916372123354 -0.0822905422249858
-0.0062176094596184 -0.0449853037113301 0.0397331549987572 -0.0471037910383994
0.0277824911344213 -0.0105953435949767 0.0386169732339326 -0.0713882836562314
0.0944881113136452 -0.0226579866970248 -0.0335008580521333 0.0474854633041336
0.175402411351917 -0.0176752404964624 -0.0239971604700627 0.136643122728107
0.196773797526912 0.0341834893723702 0.0309195420882846 0.144608549213278
0.216992069251371 0.147895294426274 0.114226241450367 -0.148571334148016
0.155893142016732 0.117942002021804 0.118841063523298 -0.0878398611731769
0.0358194436037278 0.047766521507098 0.0719551405727526 0.0600451001977177
0.020142584742661 -0.025443420310608 -0.128455088940779 0.108672177969749
0.0801251130018355 -0.027325867720774 -0.147749375719071 0.0752324342907358
0.112903329917023 0.0755688325640152 -0.0732920010830441 0.0598490669208148
0.112909375868039 0.189512140845522 -0.0285783061693859 0.0157182138830404
0.109678399182191 0.216000865886314 -0.0091303000372901 -0.0186181987419738
0.121721180866392 0.127876428140611 0.0063994750117655 -0.0572547881896738
0.0922887678623306 0.0100794382028933 0.0492317441177979 -0.0777022296918048
0.033423575947165 -0.0442916484979516 0.110188015597557 -0.0710063161996828
0.0136937554436027 -0.00103436470538313 0.0593302980862358 -0.109205106615264
0.0700940922304823 0.0467647062131148 -0.0763764929266205 -0.000858455128854265
0.194614323446999 0.0808383433411376 -0.120741785302026 0.121248878092539
0.224567695752252 0.105882423500489 -0.0655141391010862 0.145011006735571
0.202393449149594 0.0643290657184509 0.0124913683969995 -0.164460141402414
0.174607717673667 0.0277941045947685 0.0321663339720963 -0.144363453564356
0.0707206843573417 -0.00920085276004025 0.0360964022571902 -0.00901848992743984
0.0159232946350194 -0.0192436213757128 -0.0762002123837176 0.0598913156100789
0.028103946134059 -0.0555070477742795 -0.0534905855140397 0.0665086878910226
0.0909898634553065 -0.00213579748665325 0.0194456429859407 0.0947189346367032
0.127374221216909 0.126092477737834 0.0370361295356497 0.0763917745598985
0.100585737996953 0.206343210235371 0.0363246276518599 0.0630876134802997
0.0993146953878007 0.183079128266661 0.0615769086941912 0.0369388049484458
0.113795842521201 0.078337557551634 0.14303798220375 -0.00485882309193999
0.0627204438162592 -0.0325259077550099 0.231518521949589 -0.0706329116604569
-0.00939961495860202 0.0124106402383029 0.12683972319601 -0.191072172560231
0.0201255024508483 0.117976201459899 -0.102440166745207 -0.125503919668468
0.173469772993873 0.174485999605328 -0.214624043767129 0.0236700402755375
0.214976722852551 0.165224113838406 -0.175595845471308 0.091894396101582
0.151087970771065 -0.00540252486082289 -0.0680130236721167 -0.125437284474621
0.144862773561026 -0.0440266387352801 -0.0356525124442925 -0.124671371511164
0.0779715936643169 -0.0646257218145301 -0.00268164059095058 -0.016688340119653
0.0083195776893684 -0.00994433981392939 -0.0539061412324244 0.0456637720664952
-0.0228115536586258 -0.059925865716047 -0.0105701044504684 0.0154050974541497
0.0518870563692424 -0.0598562014853897 0.0949182487728867 0.0481919958540281
0.112905365693995 0.0626231672597069 0.110067566906176 0.089549067856657
0.0752097676575892 0.16699765337113 0.0735248458380528 0.134535965044916
0.0657250229944697 0.193748184904322 0.100190790844271 0.162094254175194
0.113413998090568 0.126301025040141 0.243525608044263 0.132438880181316
0.076330357771429 -0.0161503112436321 0.410679360918573 -0.0540342916526164
-0.0393623393601578 0.0350302617007348 0.256631260994828 -0.328621738811755
-0.0362512117845938 0.178107922514304 -0.0936214789127336 -0.326312952590544
0.126204399615892 0.223679370842472 -0.285740140026316 -0.146595926091062
0.171838842051759 0.179492522432208 -0.271395198933116 -0.00210207157524944
0.0792522566388617 -0.0325275775890646 -0.117647284634325 -0.0684757728384836
0.0824693404335534 -0.0561555533512362 -0.0647353202253649 -0.0605988100917471
0.0510242788995409 -0.0791391564943565 -0.0115349291286319 0.015473227754379
0.00218710700677822 0.000419694677912131 -0.0344187296660688 0.0615027920299534
-0.0433953673291228 -0.0365409852589809 -0.020998896277553 -0.0377008064481231
0.0130799349547235 -0.062532098298838 0.123103532002321 -0.0380715920328459
0.0691621193749774 0.0209897859521442 0.166597729014098 0.0717889390034326
0.0402943373028171 0.103926832462232 0.100616832534786 0.185762108067625
0.0264526147479425 0.139872543031522 0.121082757844146 0.281249548079399
0.0751026348149938 0.11400699683813 0.347339164618195 0.292267501492072
0.0496854617639809 -0.00335961980162884 0.617191835841747 -0.0321687853040916
-0.0508110618366469 0.053725617134821 0.41151869237216 -0.493556781305313
-0.0551835124552174 0.177098878515657 -0.063136151852385 -0.555574777553913
0.0737712456563183 0.185850502793031 -0.324359379196606 -0.338176747472642
0.102621925989069 0.126111848024785 -0.338285887211448 -0.0951519548876002
-0.0123857116668158 -0.00554139093777764 0.377889135084631 0.139908795769295
-0.027566279495298 -0.0483185283264127 0.324347252269366 0.439234259283945
0.0256098083280592 -0.0766583324629757 0.0653149805563346 0.685775051301273
0.0401643957118726 -0.0502543260520296 -0.472612964906399 0.620292778457058
0.0372096353870231 0.00239375807388269 -0.741103379591825 0.0431783996284893
0.0063470086439813 -0.00806459560595401 -0.436659630623102 -0.375528029371736
-0.000136905460657446 -0.0158406660570701 -0.146485710738024 -0.34658789645365
-0.00689510844136924 -0.020925420795031 -0.126896387931643 -0.210155335390284
-0.0103188664566393 -0.0128179821762673 -0.193108955295834 -0.0686218207878038
-0.00451870520228393 0.00646439743192632 -0.124905376141627 0.0904691254120284
0.004257979928825 0.000832837967647889 0.053860144027329 0.0566822650628667
0.00566875639313432 -0.0119502394583024 0.0254050028779711 -0.0824663081188538
-0.00461362049869811 0.0179421108333113 -0.0151116319849565 -0.0300549406387171
-0.00897687149436823 0.00164485679360141 0.0733284276351947 0.0113374016236948
0.012232885055144 0.00579738920603991 0.138809242190425 0.0404474270984768
0.0706150851900925 0.121008440151768 0.364850639009684 0.113409084160392
0.00661364535301854 0.119127396556961 0.310990022257133 0.397292774350045
-0.0324517903694592 0.059169301082543 0.0620607124645352 0.625006250393103
0.00378511832497946 -0.0385516333484352 -0.463781496758127 0.557981266715949
0.126317839511626 0.0115203072285964 -0.678074476895962 0.0192406988156554
0.088035238921419 0.104097040853023 -0.390121544356221 -0.347948149105408
0.0306416722980494 0.109305952296658 -0.133819609202258 -0.319811124209762
0.039337533941581 0.0628388755085202 -0.119307373953185 -0.200693032909347
0.0488050828361802 -0.0167779174355156 -0.177881455711801 -0.0786514607504146
-0.0167619304464706 -0.0572145978178781 -0.115767878165372 0.0596516956452514
-0.0488163088640075 -0.0104798394660449 0.0403760492930776 0.0376322798694008
0.018581632443577 -0.0248819562758438 0.025014784972875 -0.0791724978164512
0.0375398002387821 -0.064609244372559 -0.00754017549095155 -0.00821822862121589
0.052244648930999 -0.0729257061157514 0.0696197370091055 0.0269169518220513
0.0815036638672042 -0.0210519839598049 0.134748233346373 0.0545962474563111
0.146619867474392 0.200554901796881 0.309557817766084 0.0236884690051885
0.0512002084856805 0.208365518552738 0.266495330531965 0.230586616835214
-0.0462118378840296 0.118714624228075 0.0750657727034386 0.416556460273045
-0.00255078842771837 -0.0327743222021331 -0.356550877475186 0.379341748102763
0.155014329490738 0.0188194437710388 -0.486021477745926 0.0239736924252872
0.128430764418324 0.162526723865134 -0.281242120139015 -0.206831335946584
0.0609246753316 0.19741988439098 -0.111279437816552 -0.217673377095325
0.0787935864993033 0.136400583053974 -0.0941347957686361 -0.162298046802129
0.0966356652395179 0.00322333978352855 -0.130973466515545 -0.103458888400749
0.00516215068639665 -0.0822476072966332 -0.0969827653803842 -0.0204842653978436
-0.0480519390417979 -0.0294870864960499 0.0205350944836117 -0.0042725158150993
0.0300212046626662 -0.0242450593957517 0.0329720489042756 -0.0667628669132457
0.0796414492932326 -0.0774268213036925 -0.00395567252194366 0.0349705681549995
0.121162594562689 -0.0837564681402395 0.0451011704270493 0.0897599854581672
0.145508180981967 -0.016770808774546 0.102531527567441 0.101994894138184
0.20118520330955 0.205845590015406 0.218996063339548 -0.0805538136624478
0.109404648933514 0.192256028484916 0.201912992445864 0.0416649301723753
-0.0116361711472888 0.0989030793115538 0.087948865987001 0.201670704347633
0.0113081041736138 -0.0296036782457306 -0.222327206302015 0.215815658225426
0.126144235863039 0.00266849322901086 -0.288490201249885 0.0545706958809627
0.13017454448176 0.141003250598191 -0.171208527645822 -0.0471517483556013
0.0916309465364199 0.22087164753577 -0.0783888716605875 -0.0901707457103947
0.105902557958754 0.190899913588358 -0.0551929685663461 -0.0986201312376858
0.124199102364231 0.0565099975703229 -0.0653105212711218 -0.10379266082477
0.0529052754034345 -0.0530204288171359 -0.0383901576651234 -0.0816138511370796
-0.00712936924220271 -0.0459856090407276 0.0404513202455455 -0.0487472252813712
0.0285627298274204 -0.0114559734146929 0.036505295290709 -0.0731142038161874
0.0949213816694582 -0.0259792099280314 -0.0322805535859909 0.0504495547325303
0.176731446021355 -0.0207472358448298 -0.0214198033275632 0.138018762751117
0.198336042470879 0.0318485025352291 0.0343644102183999 0.144455492208745
0.223787363662815 0.146883677606559 0.113745620675687 -0.152141546729102
0.159745220156493 0.116386590712355 0.116449578635656 -0.0922101950181354
0.0374459679341296 0.0480054318029438 0.0752909621924577 0.0589187113918266
0.019507718625726 -0.0268468999117372 -0.126243031671392 0.115599956776606
0.0807491518271451 -0.0315771083006294 -0.148382078998017 0.0798509914091936
0.117569581581103 0.0720296284250433 -0.0734851411601154 0.0635012507557426
0.121161082583894 0.187764245181017 -0.0273093403072989 0.0174298391112717
0.11651637036451 0.214688236616052 -0.00956317987865461 -0.019063328622402
0.126679011769279 0.124037057607649 0.00388432824738019 -0.0586124784824353
0.0943772794804331 0.00749939980478357 0.0475204992760441 -0.0807197536895965
0.0337576648236592 -0.0465510097966782 0.11192868042431 -0.074319617911692
0.0143238020039592 -0.00204537925758029 0.056022884397404 -0.113422526570053
0.0721480642926033 0.0472347751024835 -0.0782907992764332 0.000999168373488403
0.198666202817186 0.0798417999780892 -0.11841517788818 0.124793757844071
0.228832670702784 0.10308228508866 -0.0641428588829926 0.146972650456248
0.205782065405204 0.0609861304750105 0.00914705261292668 -0.166467114869568
0.175785798812552 0.0256022618639329 0.0298930552259576 -0.148054505503693
0.0727624583898352 -0.0103359223545807 0.0359166904296732 -0.0107072582913781
0.016449124005993 -0.019764286133297 -0.0763652459890934 0.0628877697954775
0.0286866550852701 -0.0588994655493009 -0.0544185160037994 0.0692271979131547
0.0927526659997185 -0.00712728364185061 0.0231587388633782 0.0953717571772142
0.132605981518468 0.123171104063201 0.0404755791199283 0.0765803752816298
0.10760206213147 0.204815616289466 0.0375087000370312 0.0611359714004623
0.105744901243016 0.182159246522872 0.0636136000181936 0.0359064025092931
0.120048537149319 0.0749177812985529 0.14340750057127 -0.00721131392733629
0.0639395548846716 -0.03612827096772 0.234522098918571 -0.0794562909091621
-0.00977916694796174 0.0140388381280338 0.124416520522646 -0.197505512327913
0.0224276114857449 0.120401830124433 -0.10717862025812 -0.125436934379559
0.178404668919595 0.174634476891473 -0.216220505164715 0.0280637799808421
0.221555948572511 0.165060865004397 -0.175676081969095 0.096054887071781
0.152836368557648 -0.00787247336892806 -0.0711466150988669 -0.125707382613961
0.14501901373625 -0.046134620168415 -0.0399074528307677 -0.126804645893524
0.0770344892728179 -0.0671817225156387 -0.00244047969395779 -0.0178577154165723
0.00774089365723286 -0.00986350803307766 -0.0527551094626299 0.0482119462252496
-0.0258465354714074 -0.0608912003320152 -0.01036355459868 0.0155434503556717
0.0498150221821349 -0.0634327417922784 0.0971774375883429 0.0472617713205787
0.115319463893409 0.059257605750146 0.113846908287785 0.0870223365907902
0.0811202100534058 0.165548267515197 0.0797830125607914 0.133450736297279
0.0720703916792626 0.193839218161288 0.106093942056442 0.161247842766128
0.120504658902335 0.122623863967134 0.250505634001008 0.126883637039814
0.0763807132962983 -0.0198896058524799 0.41840415082451 -0.0660262084574715
-0.0378656423729059 0.0366701057933897 0.254481480182626 -0.342766775014939
-0.0310697410821476 0.182805418494314 -0.103015234333169 -0.332331618990297
0.13332366028657 0.224477506994179 -0.291858536385695 -0.142897288060881
0.177931748094355 0.179551457117357 -0.276752490786365 0.00203495003602771
0.0781946506065682 -0.0335979477639222 -0.119700543924384 -0.0651118017865263
0.0812593447610746 -0.0577845858583392 -0.0673213552645504 -0.0608637335638957
0.0489444245839882 -0.0826727805239638 -0.0112767516481834 0.0145031656494349
0.00230876073541809 -0.000466188054648827 -0.0331264678806074 0.0628495429373323
-0.0459529630185493 -0.0353473392930346 -0.0210031012371853 -0.0379875209680253
0.0115739033461436 -0.0643947555348758 0.123345998239172 -0.0412336977654019
0.070451756074299 0.0193607324506652 0.17035043303896 0.067955817537987
0.0430538268551327 0.103304606892067 0.1078549439209 0.182969923610827
0.0312420660073789 0.140723789256402 0.131390733553464 0.279556027348622
0.0816397329170398 0.113074107013784 0.361551001654951 0.286589786841948
0.0507041812181525 -0.0066560520500234 0.627479649453658 -0.0492174800324262
-0.0505535864894718 0.0565148475964753 0.407685811060809 -0.513830252727978
-0.0534772337411706 0.18155277516421 -0.0756941651100423 -0.564125161998899
0.0788464460632866 0.187724440393979 -0.334828128465309 -0.336135861199095
0.105209778458299 0.125647291096932 -0.345544770874206 -0.0922982215347085
-0.0115029926656952 -0.00397186638217795 0.366286108918356 0.174298608584935
-0.0275254213451601 -0.0515228155691195 0.287618655198252 0.469450766150677
0.0275437477267893 -0.0772368102910969 0.00930195530159383 0.699840492613019
0.042707647300738 -0.049255584012199 -0.528794703230034 0.5946957141733
0.0399213486886569 0.00426591538973766 -0.75606679055077 -0.0106794944526724
0.0101264771402576 -0.0061821286005944 -0.414373332705541 -0.406255097639893
0.0011979317093601 -0.0144323884426121 -0.120396083582306 -0.357681548549093
-0.00502859765417716 -0.0208310787967595 -0.112962721425246 -0.219654094886919
-0.00894061298964027 -0.0131643994145393 -0.190784694653286 -0.0843008507041332
-0.00542787162896795 0.00691563567220511 -0.133229027519846 0.0823108471752188
0.0046862679632985 0.00131154803301177 0.0488691709414561 0.0606475955784149
0.00729168631630063 -0.0123739852134992 0.0312242721547035 -0.0805614205100801
-0.00592730303607395 0.0180885266136644 -0.0125221382953563 -0.0301748649212056
-0.00887156579585825 0.000394764675715714 0.0718662399727609 0.0175488380008798
0.0122336210535571 0.00806670795011658 0.134383171718987 0.0524045049244341
0.0619097268620486 0.13159615693404 0.356633982922606 0.143945236819346
-0.00541299155855574 0.121702294604371 0.278995686172411 0.425999326892429
-0.0413778378242751 0.0584435010530833 0.0117512399766356 0.636656132889369
0.00386235563818584 -0.0404344616909915 -0.513550309194914 0.529195659224817
0.1303722642507 0.01896246983445 -0.689045855310121 -0.0284093124771338
0.0856093232556819 0.113655968226673 -0.368755930145464 -0.376518023931139
0.0235850484880639 0.114844039702258 -0.110312262911782 -0.3310278145212
0.0355835118503728 0.0655883544816599 -0.106185201694955 -0.211036351553981
0.0508846376466131 -0.0145603250502692 -0.173897289178309 -0.0938871132472118
-0.0148510281517232 -0.0585331668509948 -0.121863583699358 0.0520898273715201
-0.0477202673492348 -0.0129025071568249 0.0402269262872967 0.0397269799095057
0.0201438378700135 -0.0248030708397246 0.0304040326446318 -0.0776856711805398
0.0419180321585443 -0.063279446928578 -0.00722897725099075 -0.00727176441692142
0.0576400711283954 -0.0699750493033188 0.0677351093832105 0.033570263853533
0.0831870019591101 -0.0147654861507931 0.129981020244287 0.0643242815836859
0.133135764423598 0.219103621217206 0.307121020919919 0.0487458817331646
0.034333199643729 0.216254221391405 0.248698673824747 0.252040633239035
-0.0609939165098321 0.11725970633421 0.0432279658700952 0.426979617446676
-0.0023799093775033 -0.0342091000336977 -0.388676090439846 0.358561488803036
0.159479691950556 0.0290861570441578 -0.495699436357099 -0.00954853535894855
0.122828950416868 0.175212829924385 -0.269904283082385 -0.228035118171659
0.0474988030492457 0.204971102185301 -0.0951397121404348 -0.226836843661278
0.0697365906056556 0.143543418552139 -0.0831420205501024 -0.168698232834704
0.0966702933740647 0.00794929412789 -0.126700993647868 -0.113769704178019
0.00889620846031405 -0.0828988523199881 -0.0962644428180384 -0.0274257816021581
-0.0458595640773072 -0.033101800565798 0.0209640689652858 -0.00386169127821566
0.033288076827282 -0.0222023629013358 0.0378978300903793 -0.0653281348065447
0.0857306442913505 -0.074537284469601 -0.00591435370235015 0.0377051712684014
0.127654547538017 -0.0773799173781932 0.0379224808099541 0.0944337818830517
0.147155284272518 -0.00600354440092305 0.0931968234405767 0.110949161586653
0.189088793165949 0.227538676648865 0.22578626002036 -0.064275577137671
0.0941370366456316 0.206607607189883 0.197843434266802 0.0563094706214328
-0.0213626183109786 0.101184246328282 0.0721992433074427 0.211897711067357
0.0134649370926169 -0.0304838949310703 -0.241068513868804 0.201429134130711
0.132229936648848 0.0103455638902038 -0.298831837301535 0.0351904282808704
0.125209315122793 0.151483598040297 -0.169426372283863 -0.060005271266716
0.0785042154170126 0.229337257625914 -0.0709084374230158 -0.0958999388975899
0.0940703634150119 0.200000461228646 -0.0501978126563626 -0.102656702164002
0.121743997893242 0.0640372908621138 -0.0601785800505668 -0.109578405076545
0.0564549681625188 -0.0512104627823465 -0.0315896603691839 -0.0851044273496073
-0.00372818744868099 -0.0486512094417775 0.0446044111659574 -0.0471488574931179
0.0306320616113282 -0.0122430443889865 0.0419025207776612 -0.071506172071386
0.0976575450161834 -0.018823691527467 -0.0382193688210605 0.0502737971673056
0.180623050000717 -0.00853289496856145 -0.0336321003733006 0.138982151651669
0.198112864570558 0.0460323143335682 0.0221846437894953 0.150462784814384
0.215210147451678 0.169290492383266 0.123750433261432 -0.143375350389668
0.153284521770244 0.135076826530172 0.123383520561371 -0.0844290450076712
0.0335619870597753 0.0542823010083857 0.0707383935802123 0.0641901977166812
0.0209357145135864 -0.0259570760881965 -0.137040159691193 0.107553964459773
0.0858110949683518 -0.0262776312826177 -0.156728650092248 0.0711457120479738
0.115539082344119 0.079512814093637 -0.0781546840169816 0.0579341895171754
0.10908001640409 0.197056746279825 -0.0280995184055793 0.0166864062661744
0.102611048237821 0.225573063715691 -0.0088286628764567 -0.0191279771155816
0.119512397272841 0.133110530585635 0.00789844478202166 -0.0585078354447718
0.0959252762332415 0.012031409362333 0.0552694762406256 -0.0769828477114898
0.0377654968887706 -0.0464177398227073 0.11940392909403 -0.0688542419926566
0.0148796396766568 -0.000725785656891015 0.0647738230531893 -0.110831207219951
0.0702141361266114 0.0536916859540228 -0.080119439307428 -0.00416243012105159
0.195603233833417 0.0938679257045802 -0.129309734103364 0.116914327567045
0.223791335166722 0.120710457780216 -0.07722696743724 0.144826707474433
0.202944653151464 0.0804017012860272 0.021436446345995 -0.165152455524181
0.177171112141325 0.042205825612683 0.0396446575280566 -0.148925262064749
0.0741094550472371 -0.00427511753563525 0.0379914495819976 -0.00880866582692233
0.0194538217274089 -0.0188333334200696 -0.0817085705259333 0.0593766308502861
0.0327508893926183 -0.0586794504714074 -0.0599782819516882 0.0670522320572114
0.0931489593147763 -0.000870210870299586 0.0155717346885198 0.0972154865594434
0.125008609570704 0.131853078018913 0.0350132433537283 0.0807835223394557
0.0928628352355328 0.215303145393508 0.0332634247324034 0.065893996237838
0.097074256851696 0.189512341320773 0.0623794887967008 0.0409779504497697
0.117771484421137 0.0828652474023786 0.146930144511152 0.00434361928324061
0.0681689345171313 -0.0335447919274534 0.24566699396385 -0.0632402155395611
-0.010221716293298 0.0121971534232435 0.142346507832431 -0.193368888931585
0.0159314792998466 0.124843173930816 -0.0991306673610262 -0.136356073110604
0.170888553691581 0.189992462778275 -0.220736565016885 0.0119502929367956
0.212258478514921 0.18048297093422 -0.1865425917699 0.0830140482662759
0.154267070189512 0.00427102010119729 -0.0621045195442911 -0.132259265746573
0.150295005963453 -0.0340280330018265 -0.029998949710228 -0.132098608349012
0.0836774233462902 -0.0621717765754639 -0.00284563818598352 -0.0196034696104506
0.00987199379441922 -0.0106386537828035 -0.0569981357050125 0.0440190132120674
-0.0229399104531414 -0.0652211107494001 -0.0128766592775879 0.0155114167050396
0.0530079137436599 -0.0608569515880902 0.0940736998752652 0.0546733042405807
0.110605868809294 0.0671288476570984 0.108311596085994 0.0969619672952218
0.0695593792607532 0.175032107000552 0.0711493622794911 0.139387428498682
0.0618714809059828 0.199828400995274 0.0970674889161537 0.169542390424875
0.117373104127386 0.132018822396775 0.246458878712439 0.14873334352916
0.0826658603656847 -0.0174217785810408 0.430331392159925 -0.0373325272563147
-0.0407018210133294 0.0331194036968651 0.28657347955363 -0.329982871515109
-0.0437893463863626 0.183643950315032 -0.0771847255638403 -0.344639220051266
0.120887166556655 0.237689061582122 -0.283244062098947 -0.16825499356067
0.16682131068926 0.19158657087131 -0.279657356527909 -0.0201830980016753
0.0817929004201939 -0.029022419953774 -0.112885835539922 -0.0740966110020077
0.0873734493557517 -0.0520703366890942 -0.0636413200933855 -0.0666718348096901
0.0565930442853225 -0.0794577738263514 -0.0122434491063915 0.0128189627748327
0.00222380261053854 -0.0012319893178736 -0.0389593684666485 0.0597585390409087
-0.0450135386127329 -0.039630856133554 -0.0179915959619061 -0.03922565896496
0.014752290621084 -0.0645678853741156 0.12632089022431 -0.0308056389680009
0.0673254234790679 0.0243207909731396 0.165782976396516 0.0811943983030662
0.0362190860267576 0.106873169230098 0.0959130745796267 0.193436231799247
0.0242924920984236 0.142759552296176 0.11250839005234 0.291762501000495
0.079080507731096 0.11894600564717 0.34490217281934 0.315505461738252
0.0552029857731938 -0.00645360955138949 0.641947834342929 -0.0055305904907884
-0.0536192702301607 0.0506262133773513 0.457414603016455 -0.490855182595141
-0.0643248752175356 0.181534640506647 -0.0264202428049183 -0.581106130924771
0.0691553632395258 0.196841689546966 -0.312629946453989 -0.367818608599808
0.0977740330891778 0.133706608533226 -0.34185441505961 -0.123228987668752
-0.010976520505616 -0.00379618614308958 0.374302778346614 0.166950093696301
-0.0283569817806682 -0.0505227868573209 0.304693703221503 0.468549735404834
0.0253120080932814 -0.0787157085702498 0.0290185624693586 0.710752008002689
0.040510158004772 -0.0516310014579885 -0.516496452909954 0.618698405910701
0.0391090550520398 0.00405450793001298 -0.763785840010194 0.0166496436067838
0.00871010090179335 -0.00585355817043844 -0.434098177779684 -0.396257801863317
-3.44961852195257E-05 -0.0145579360904011 -0.134165304601537 -0.356187222907942
-0.00608190206642076 -0.0200664715802047 -0.121906248610314 -0.216105506450936
-0.0103659586641571 -0.0132406883151287 -0.196416225020276 -0.0787542234355437
-0.00511104087159745 0.00720650283372666 -0.132660890816696 0.0869560968851808
0.00514418169400334 0.00222052326452436 0.0505956549090968 0.058891075540383
0.0072622563543463 -0.0126055788767878 0.0301676713549033 -0.0827111398331415
-0.00572614526771896 0.0194611884185387 -0.0139052713015534 -0.0291379517962435
-0.0088992638921514 -0.00059428411976295 0.0728615596557361 0.0152621933031226
0.0121807463155126 0.00837863365746512 0.13499357474172 0.0484859060993181
0.0687451002441078 0.13098566743945 0.361531871107133 0.138854247064673
-0.00116791575931104 0.127248657901816 0.293001487623607 0.422837640996332
-0.0422472179996048 0.0621791987198963 0.0297835810015542 0.64684128691414
0.00243489294339065 -0.0408046632379556 -0.506243203954748 0.553332033538149
0.132867062705932 0.0129596505541933 -0.698270234042451 -0.00325337485414936
0.0905478946152029 0.111831896074066 -0.387694014683367 -0.365845160109137
0.0292481329505343 0.11346610763888 -0.124592573289682 -0.328680571407213
0.0388772598044077 0.0649864063290949 -0.116211990094557 -0.207380014759182
0.0505317813952254 -0.0178211491578189 -0.180837132867732 -0.0890640986062847
-0.0190310531195371 -0.0586357695175692 -0.121058551815258 0.0564829462440001
-0.0488081774852953 -0.0123721627752454 0.0404917129591858 0.0375762197941075
0.0221961280632845 -0.0255467431488183 0.02948344099246 -0.078521245052223
0.0412739136549544 -0.0643525775672394 -0.00710959001709061 -0.00407502271858945
0.0554829564794329 -0.0723615318108514 0.0692001329780974 0.0304831279108995
0.0836124716932536 -0.0163252646903769 0.131431155014126 0.0619487152297507
0.140881471331797 0.216353802502646 0.310298195196523 0.0431783233477119
0.0397862836873129 0.219003894493105 0.255236949159657 0.246846072257938
-0.0589534073049372 0.123176196629929 0.0565822663098552 0.430360180380462
-0.00443511225586875 -0.0336452103408364 -0.383932703300188 0.376266194943211
0.163311428086426 0.0220735888727855 -0.501689842307989 0.00670458915268729
0.131679149471411 0.171561713825208 -0.279398757915066 -0.218558736194121
0.058059002155562 0.205627928765538 -0.103439504404097 -0.223628187876456
0.0756283963884955 0.142897633799446 -0.0906085928801747 -0.167556735852783
0.0964344821835914 0.00369664016895248 -0.133050890616188 -0.109446540138308
0.00477185315298065 -0.0838597139161417 -0.0983672710293833 -0.0256854837505155
-0.04709494634947 -0.0327688654673281 0.0209559436400017 -0.00356860886243665
0.0346771858890886 -0.0241974728890446 0.0356692515938864 -0.066703647158755
0.0844205865000626 -0.0777306366513281 -0.00365357390915949 0.0407237316921069
0.124953722044259 -0.0806299987839856 0.0402664451886789 0.0940438773210038
0.147826978198144 -0.0105307102933753 0.0961249214976941 0.109707541985326
0.196320812582254 0.226089303451706 0.224536555781419 -0.068821215229876
0.1010754605628 0.208910646611222 0.199533090371025 0.052321358650419
-0.0177796346874222 0.104396426976644 0.0788573514095317 0.211093167236435
0.0120980125963317 -0.0300434732607916 -0.239149629527423 0.214023669200287
0.135500316170162 0.00635201809090321 -0.301320864753945 0.0460781394888623
0.133282895152591 0.148911623127739 -0.174742438720898 -0.0534193954687415
0.0890452946526707 0.229174574691299 -0.0750478510208664 -0.0937558597139794
0.102357493791619 0.196948536002852 -0.0550461317064166 -0.100767621882908
0.12541887791433 0.0595319361138033 -0.0663207164717826 -0.108494008598673
0.0564195825575295 -0.0553422937752643 -0.0350630300492541 -0.084152025975328
-0.00495478154750115 -0.0503894134263227 0.0447858880030092 -0.0507381344722791
0.0315978879272696 -0.0127251203962665 0.0384988769583991 -0.0731230015480561
0.0990654832444784 -0.0218275235223197 -0.0370264069879959 0.0530270423321792
0.179330690889724 -0.012208769871463 -0.0301221492056543 0.142135957408961
0.200015836744993 0.0420188664229992 0.0262188588690764 0.150201915519267
0.219885835425405 0.166412704407806 0.121435462874343 -0.146323384434682
0.157460961707782 0.133628854512498 0.121669354494432 -0.0906771427145242
0.0347514692298412 0.0554523626128229 0.0731970509673286 0.0625052654997673
0.022105164517062 -0.0261007423118235 -0.134099236926936 0.113932516301887
0.0859502382146154 -0.0307629884904726 -0.157117972798843 0.0781992891038668
0.121454536693637 0.0757544154530474 -0.076613417424369 0.0617878562612061
0.118313447359096 0.194220282304654 -0.0270941500939295 0.0188704824059047
0.112944314026456 0.221142740776298 -0.00939442509984078 -0.0201578991377343
0.124850328808785 0.129846586063071 0.00436333091807223 -0.0593876504826896
0.0988755013621108 0.00934401411608341 0.0534875920267145 -0.0786918046278288
0.0392602449339783 -0.0505591581399007 0.118909401934929 -0.074000709740716
0.0159056669446107 -0.00143976619758745 0.0605398538813509 -0.11583563046152
0.0728124032882906 0.0540217089085692 -0.0812383070476555 -0.000985702342151696
0.199542043244343 0.0910985256314333 -0.127348898279427 0.12213149679696
0.228707987411568 0.116647201070465 -0.0740083886691581 0.147921662297355
0.205856555056378 0.0756539697688955 0.0172412812123471 -0.165644476343974
0.179335486845672 0.0419036079397745 0.0354071152802878 -0.151537344504949
0.0756148179729343 -0.00595584545719776 0.0373687015800043 -0.010844383442926
0.0196378544245489 -0.0205737631917059 -0.0792064757266294 0.0611799315741821
0.0330596700357456 -0.0619810318267644 -0.0594735643823396 0.0692872998007274
0.0935102103930287 -0.00615309971404874 0.0191398256345227 0.0975267635987381
0.130293445460865 0.127636140838543 0.0388373688698855 0.0813558147333374
0.102480534057983 0.213381182724815 0.0373165042100405 0.0626099962701144
0.105053260216199 0.187681991633634 0.0647540290070474 0.0381338580812548
0.123803924187418 0.0791565849394378 0.147678186712355 -0.000519555162992573
0.0682619660714546 -0.0361223775435147 0.247563358280666 -0.0727694254885375
-0.00756627269379411 0.0144177019098993 0.136947642379938 -0.202468306033553
0.019509765888989 0.127547618663886 -0.103181318705136 -0.136314157240469
0.178517779670882 0.188501185778003 -0.221083813959797 0.016989415196187
0.220258939217597 0.178944663094741 -0.186446335411693 0.0876227381713302
0.155560864518371 0.000837093413291013 -0.0633745761693015 -0.130205296921946
0.150364792737246 -0.036240874419801 -0.0340853570964989 -0.134092902160983
0.0824039252007357 -0.0653113189402838 -0.0018844510485048 -0.0212860143077687
0.0104467028667807 -0.0118639365051781 -0.0575863686885524 0.0452985244823801
-0.0268169701289051 -0.0660280195248321 -0.0131257214196267 0.0152892627401753
0.0515981660679999 -0.0642309184843551 0.0980441480252462 0.0530217640600475
0.115387018119322 0.0596958116430638 0.114144724961651 0.094443774055871
0.0767891470684876 0.173563586806197 0.0770124412806774 0.138008321796255
0.0715999891983821 0.199456682539949 0.103938350880596 0.166624891098029
0.125993896061532 0.127639291009043 0.252269812571277 0.142176159946146
0.0846620808670392 -0.0215563898605454 0.435114130175484 -0.0533952067188513
-0.0418554652060763 0.0352430950155784 0.280119573150723 -0.345313130224394
-0.0391359204379376 0.189618241506462 -0.0892917689224597 -0.347662107163501
0.130070632265158 0.238170840065315 -0.290240537333598 -0.163465348811064
0.173316580783864 0.19054795342576 -0.282574685811603 -0.0139329365717824
0.0809025192130672 -0.0316365940409887 -0.114757035357837 -0.0717046743385246
0.0860778422647281 -0.0528091803450814 -0.0652985175930198 -0.0655190009844797
0.0554591773551846 -0.0824697065290666 -0.0121335147511916 0.0118402393705829
0.00266948503583724 -0.000739610158061299 -0.0379748494391547 0.061456652453171
-0.0481079941208682 -0.0385643180816854 -0.0197728158079209 -0.0413556896203188
0.00938810850629323 -0.0663129978933276 0.127997836667043 -0.0354861995428255
0.0682933136510529 0.0220033938570548 0.171235138549339 0.0755043428467075
0.0392573133797989 0.105590364550562 0.104338746399258 0.190201819078158
0.0315941279382306 0.144472635724852 0.124183137573997 0.289939766766471
0.0856651383260652 0.116320894795893 0.359649753810936 0.307398195780702
0.0578729451752025 -0.00899421778215936 0.652184123445463 -0.0284953658246795
-0.0545346386926168 0.0530426911223065 0.450114439092006 -0.515708020417322
-0.0608314976092133 0.187679211706437 -0.0441799072097915 -0.589419882302947
0.0776116614893877 0.197292759775529 -0.324790222546766 -0.365340022328657
0.101940110556984 0.133804523331221 -0.348584682101576 -0.117033039709312
-0.0119925608984055 -0.0024130346051662 0.381237344117781 0.163303204471091
-0.0303183777897775 -0.0501318547886103 0.317916914022145 0.469702600825049
0.023851220845493 -0.0795466094534425 0.0446905862899832 0.721039463444275
0.0404581998555741 -0.0532051193194996 -0.512733933453741 0.644894981588257
0.0393742528988881 0.00368440102581241 -0.775524732064564 0.039874405168959
0.00787840062779851 -0.00578002999242774 -0.453859041646482 -0.384976603431704
-0.000150323092887972 -0.0157677995256397 -0.148415133609942 -0.354382726830266
-0.0062445581948069 -0.0205336579336345 -0.129631676524081 -0.212983998670654
-0.00876669600982041 -0.0133299368087437 -0.200916356767357 -0.0736296166758778
-0.00540583746090881 0.00838369620217897 -0.131555671138607 0.090943978835423
0.00621652529164172 0.00111243009223185 0.0532069124769675 0.0573332894802491
0.00622265356142447 -0.0128472664571231 0.0279762931994091 -0.0840477457396174
-0.00441886481536069 0.0190920977954754 -0.014448940538065 -0.0266218187070366
-0.00877046206620613 -0.00150171871671015 0.0722747202719149 0.0138082666236474
0.0134211883755056 0.00794224805565722 0.136733871085334 0.0459127358457777
0.0715014109665508 0.134435256827583 0.371003251354347 0.132528401174841
0.00189321967751877 0.128236545272479 0.303414150910983 0.423107563285151
-0.0407809164777 0.06567599937175 0.0423270135978823 0.655290820280915
-0.000544376897996364 -0.0413024048344348 -0.502048057143129 0.578831540304316
0.136304678903529 0.00950344928208951 -0.712152931395913 0.0178029471170416
0.0973268119057101 0.110545165611082 -0.405012707739495 -0.356232881342972
0.0328981011648459 0.114506191155137 -0.136612678665842 -0.327190216636715
0.0400276770496342 0.0648270285076058 -0.124141850505468 -0.204302313339351
0.0492423221583567 -0.0193541520468451 -0.185466428067449 -0.0846668876712409
-0.0214700112075879 -0.058275948932962 -0.120769685121875 0.0600627105081727
-0.0493844625932713 -0.0100562474340565 0.0427185694523702 0.0358555229326114
0.0212025881530474 -0.0264543286746436 0.0273328987346855 -0.0802167562659681
0.039518149624099 -0.0672713316046661 -0.00665736956966815 -0.00187129877733932
0.0553331735983604 -0.0744993421326548 0.0694679874630884 0.028952025661931
0.0842868117778351 -0.0171195328425586 0.13347300112678 0.05928407875144
0.147856133938982 0.218502762952608 0.315948462569171 0.0373231814672852
0.0449218946476668 0.223524610565029 0.264960859835974 0.245800864483205
-0.0579086577252894 0.12810306854418 0.0663109675601455 0.434731057920256
-0.00621967411528636 -0.0330739862811213 -0.37972806413515 0.393299767638229
0.167311592322045 0.01691639956604 -0.50997444398414 0.0202948927077851
0.140365210358575 0.170886582792941 -0.291615424728256 -0.213930793710423
0.065257330698117 0.205115155285277 -0.112430161832402 -0.221980621654359
0.0818247129982695 0.14103027779676 -0.0968014095436239 -0.164211925909295
0.0971029499079641 -0.00012124833033296 -0.139225371412378 -0.107280086322144
0.00167832914691933 -0.0846210478074646 -0.0996868393899345 -0.0227996643974002
-0.0479805107044572 -0.0317542363622995 0.0218909303746327 -0.00565381123956352
0.0343685881811786 -0.0252615693324102 0.0335365115325815 -0.0681407069314312
0.0841137042760796 -0.0813629649810164 -0.0035890153892147 0.0421597756646733
0.123631529823506 -0.0841244020149678 0.0421266066154507 0.0938059186282016
0.150180465316018 -0.0107203056713274 0.0998270307036482 0.107210748477035
0.20423412714046 0.22677869172348 0.226383907178439 -0.0730184945266126
0.106380635288508 0.209561246282602 0.202156744613711 0.0462736312833073
-0.0187259850561114 0.109084488847741 0.086690605249997 0.209927723158927
0.0110355676677435 -0.0303407792270714 -0.236661850651849 0.223776963044467
0.138824980562909 0.00060696576008739 -0.305730035670879 0.0558074134980387
0.141912569722334 0.145482841945025 -0.178364755495809 -0.0480497789916352
0.0976390302656657 0.227659914915196 -0.0787314339377105 -0.0906300641922916
0.109333455916833 0.196625282425302 -0.0578858233811994 -0.0988365030722925
0.126851673216802 0.05364528045044 -0.0718474425142852 -0.107077187924453
0.0538969372570691 -0.0577711038022388 -0.0383621667913231 -0.0849438944929468
-0.00598283110657885 -0.051019754723494 0.0447105141796982 -0.0533815726219767
0.0327198301703663 -0.0139831426739498 0.0360005912303601 -0.0760064102224786
0.0994102162574305 -0.0236104519031241 -0.0363312036132507 0.0561701103535425
0.182744274753071 -0.0146726348560172 -0.0271368179913299 0.142729618867887
0.203500723890092 0.0390192937172038 0.0294268102123329 0.150654927222353
0.227422378550377 0.163662474894396 0.119571473234039 -0.15071728226158
0.161514145996585 0.134710717537953 0.118678349809352 -0.094517655838128
0.0362900462986564 0.056650337482351 0.0774827840488169 0.0610523053491964
0.0219644457101693 -0.0274422901088003 -0.132530983032177 0.120694006965563
0.0880921201816074 -0.0349710050183933 -0.156191053306315 0.0819739558310478
0.126978785177689 0.0721513322223718 -0.0762702346077161 0.0644141020640653
0.125339191487123 0.1924542072768 -0.0271887953521552 0.0194705714411222
0.120551552669834 0.218926439754851 -0.0114735794676013 -0.0195683330188585
0.130754516520968 0.125752501175591 0.00075856354866474 -0.0605142989689279
0.100517670426934 0.0040115425946377 0.051667566181416 -0.0806115311123108
0.0383981902352254 -0.0517295147862633 0.119037107835813 -0.0792798001210413
0.0178860892348537 -0.00171929423964448 0.0573301307788755 -0.119961456301051
0.0770835835433675 0.0523382547196898 -0.0827948200371129 0.00203812117349964
0.203506646094492 0.0892859059190709 -0.124522488445072 0.125471960733502
0.233567157806559 0.113143246865797 -0.071547459946809 0.149560061020024
0.210257976815256 0.0750300106661087 0.0139211320428841 -0.167173655281773
0.181616330042568 0.0401799915585501 0.0325200189554657 -0.155347688024249
0.0752313877664103 -0.00634244522415129 0.0382577237499694 -0.0131414628653075
0.0199291992845276 -0.0203644646463467 -0.0787074841972494 0.0668190006660571
0.0305875080604175 -0.0636467570974291 -0.0585915398540852 0.070238730492616
0.0953408808512012 -0.00886356559802438 0.0224050075832749 0.099049952916367
0.135745389205254 0.12445504195833 0.042808723916734 0.0819270503209648
0.110250040614665 0.211518895429656 0.0384346406068297 0.0624050488244763
0.11193108497976 0.185849221348878 0.0647704440001689 0.0353656445304658
0.130034443647498 0.0743446375237966 0.150822389520564 -0.00521363112777256
0.0710176958750825 -0.0397194958111923 0.249269698145277 -0.0815945597871684
-0.00959458446410699 0.0148121077076534 0.13245741191864 -0.211722475216054
0.0237995460762902 0.130445099172736 -0.109286177075535 -0.133927541783156
0.184512847550712 0.188803999646915 -0.222623284932147 0.0231015397103832
0.225296415772032 0.177142281727194 -0.185246131065013 0.0912460768177005
0.157131658927203 -0.00276018767954561 -0.0667411026296786 -0.129494055427863
0.150071314161589 -0.0384740351233888 -0.0384742387813892 -0.135219396111632
0.0813460305522063 -0.0683478702308356 -0.00323568346484454 -0.0227140228123252
0.0105213470214696 -0.0107475046794629 -0.0554369510325251 0.047750533744064
-0.0296098111781666 -0.0657916399629259 -0.0122385991521989 0.0149516235208142
0.0485130190266684 -0.0673185174472609 0.101063546155343 0.0500911380080141
0.117676547446403 0.0592010551408391 0.117537467638532 0.0917693071852341
0.0825725780646791 0.172705324182863 0.0824250332244946 0.134356465737249
0.0777809465863959 0.200394313259056 0.109314455911395 0.163973229489016
0.134412305494734 0.124613980462082 0.26190411714704 0.137151772550904
0.0861982562782097 -0.025289484456798 0.443108652689175 -0.0677967090104411
-0.0405180334975325 0.0388441464151591 0.27743320704761 -0.359870337871106
-0.0352463032410245 0.19548832562146 -0.0956734314766534 -0.352482347034932
0.137000856789653 0.239674162263759 -0.296521642079425 -0.159739601476188
0.180824672984489 0.189678022834663 -0.287195689994499 -0.0105121121681804
0.080432666467837 -0.032892142484431 -0.116438007167211 -0.0698954894832095
0.0855647851485334 -0.0541725226576955 -0.0683046771285351 -0.065989933629028
0.0531571760387811 -0.085161146395361 -0.0120989019101548 0.010533196807818
0.00201522902399854 -0.00161215771278461 -0.0369522311466845 0.0627649313315053
-0.0510922036734245 -0.0384104040457791 -0.0221876409575888 -0.0415132973165317
0.00811162726849663 -0.0684869823424782 0.128814565103952 -0.0390021177716812
0.0684993997561523 0.0199584901256669 0.175249747200466 0.0717153670305592
0.0431186848023645 0.106449466104968 0.111932493271343 0.186779593741833
0.0358956978459227 0.144826333366004 0.133973330440162 0.286347097819418
0.0924488252793535 0.11399054430858 0.37437508074983 0.29884662838066
0.0589048881007349 -0.0114568123886917 0.6613259082675 -0.0463110480999625
-0.0539604969718446 0.0548045463214802 0.446137991640017 -0.536977603423399
-0.0569883889391286 0.191381524383204 -0.0585753074285884 -0.597105667890535
0.0830619503991818 0.197972593489139 -0.335498479463507 -0.363900113028569
0.10606699584372 0.133227260769393 -0.355918904094485 -0.113069387294549
-0.0120216275645523 -0.00107480760223964 0.39360426963113 0.160032925786133
-0.0314132451913889 -0.0493790642812531 0.330561993675592 0.475331082387309
0.0216192361365493 -0.081033431339156 0.0617486762397762 0.738193817218543
0.0401250866202781 -0.0551131399869101 -0.508433280120886 0.675625762728482
0.0400379921724106 0.00220014703572055 -0.795819810381114 0.0613447723302783
0.00795674831562691 -0.004466714981187 -0.475800355456389 -0.379357571902688
-0.000314537546602017 -0.0161182304672734 -0.162429092257172 -0.35463277051341
-0.0062466306388824 -0.0202791617046148 -0.139496644951172 -0.21395716609577
-0.0081499625650164 -0.014453892486029 -0.207465139083091 -0.0702894890191074
-0.0059128982379938 0.00929314810804384 -0.13275224832646 0.096066470820998
0.00734559462099194 0.00083917671246692 0.0564627712775131 0.0553408371829117
0.00784544464986801 -0.0123637834298406 0.0261898363080127 -0.0836501654446525
-0.00352762302980888 0.020250754818409 -0.0142111358086287 -0.0258746867630852
-0.00903984349228113 -0.00109113371068631 0.0722096870865582 0.0107023663631749
0.0136638588927719 0.00820676037876518 0.139034937049788 0.045089050396507
0.0756282977557523 0.135761968356782 0.381021763382123 0.130541734710209
0.00402879204562889 0.131074576979233 0.316884453874775 0.426595061722281
-0.0410649969588632 0.0699145897408565 0.0559823881949284 0.669808778974092
-0.00302176748176549 -0.0411942052532056 -0.499535618300506 0.604469044229327
0.138844545215682 0.00511420838465202 -0.727331594843684 0.0381351648467555
0.104453200989528 0.111723418657099 -0.426535607361846 -0.351995280928197
0.0385660676588908 0.115475762759464 -0.149182310930998 -0.327212855796888
0.041716676174764 0.0653703754708368 -0.131837085396106 -0.203425334219105
0.0497215011916553 -0.0224463774020978 -0.192690985167491 -0.0801665151373576
-0.023912343899087 -0.0584073129958067 -0.121529813198273 0.0646116244938311
-0.0512319284138278 -0.00897457340961196 0.0441075855315045 0.0346375602229159
0.0210533367454398 -0.028704935716107 0.0264207687809526 -0.082280738592439
0.039132253711295 -0.0705944109151677 -0.00696380341378036 -0.00137770362480278
0.0551416971308613 -0.0764657100189077 0.0683050375494217 0.0279076420439924
0.0847976177015094 -0.0176961287515446 0.135561600005656 0.0572299843422409
0.154412884290186 0.221438033699312 0.323890760673797 0.033973423416376
0.0513185042018281 0.229060033190797 0.273127566852751 0.245971367622923
-0.0571266724583519 0.136922760230846 0.0781322295488155 0.442935508774701
-0.00819950999624502 -0.0335934361576446 -0.381317897434509 0.413632384802557
0.172000418122449 0.0129417226549696 -0.523632891954386 0.0368069712509108
0.150754229035697 0.170822594782359 -0.305554600782378 -0.208887377172815
0.075122515521629 0.20652667800661 -0.12178342123861 -0.220050669836261
0.0877495171411684 0.140720826880045 -0.104207149264208 -0.163307631995629
0.098238790546399 -0.00374580967822042 -0.145063484609733 -0.104958144252032
-0.00166956008476623 -0.0866639537053065 -0.101586692127454 -0.0212558504068864
-0.0486765990103543 -0.0320062634154291 0.0220203402792508 -0.00791689622628341
0.0347250808923551 -0.0292771167915451 0.0329668469909097 -0.0694728420772248
0.0839573228241585 -0.0844194930039848 -0.00225048506897455 0.0447606259431031
0.125124678434836 -0.085750958387377 0.0438094192522506 0.0934572031845281
0.151274299980309 -0.0120061143733801 0.102699449088128 0.106890368832025
0.21200608055141 0.227435412170401 0.230015826489061 -0.0769670309925104
0.111967088304957 0.213873796701742 0.204524129949058 0.0439085538991937
-0.0169227893207801 0.113900836883424 0.0920738081979261 0.214634957949449
0.0094768468219287 -0.0307585458785808 -0.237007859330334 0.236908730645681
0.142610805609969 -0.00415933405171542 -0.310563756600523 0.0639258190607133
0.152264175349165 0.144291111289034 -0.183814241645137 -0.0431798547097131
0.1072828117464 0.228747389485644 -0.081527045097163 -0.0888906520691688
0.118449828281594 0.194368999525753 -0.0618413717012661 -0.0982941775486336
0.130028181312956 0.0497009508013123 -0.075970417626568 -0.1069175278305
0.0534077515808314 -0.0604725446261538 -0.0417046494953138 -0.0862737931956222
-0.00708148937756924 -0.0536029070879551 0.0451755951538769 -0.0572309800812261
0.0337143257704849 -0.016832701332156 0.0339656454042818 -0.0793142263831721
0.102983669136131 -0.0257335625269797 -0.0358631006206551 0.0604381133023583
0.184071815582471 -0.0169625336050982 -0.0239491468854632 0.145717031140436
0.208245534206781 0.0365680807337663 0.031706895226321 0.152011148680104
0.235287833750919 0.164797197878179 0.119460751126403 -0.155751848427185
0.166567793238796 0.137403501426094 0.119233689764616 -0.0991564857988061
0.0393090327042246 0.058532068345044 0.0809199206528878 0.0602722419486502
0.0225068105217739 -0.0270265318606174 -0.130855766342114 0.127117986644425
0.0889856593981826 -0.0376737257225042 -0.15800702425408 0.0885722062286473
0.130384528376122 0.0695433906240053 -0.0756451098630969 0.0674643014903733
0.134237234452499 0.191648163230305 -0.0259540112660373 0.0219165687092096
0.128493767366163 0.219982355810545 -0.0113139515096653 -0.0183315527680526
0.136399743579171 0.124285573138316 -0.000630413154107773 -0.0625133373199438
0.104347238047251 -0.000506056075144277 0.050012017980753 -0.0848641495145402
0.0387561102390342 -0.0553364598828682 0.122861783703817 -0.0845316728431243
0.018210756210435 -0.00186686178154057 0.0554074067812803 -0.125892568386206
0.0795191014957777 0.053804928845474 -0.0840143484093288 0.00397533919287487
0.209199234408589 0.0883593345747613 -0.124786261191863 0.129086167307151
0.239307179976819 0.113605367549906 -0.0693818791111291 0.15361435313865
0.215828888155431 0.0739255816567373 0.0125702511070784 -0.171267680090376
0.186731714821957 0.0381993348261782 0.0288712202444961 -0.159919980044251
0.0757381636474312 -0.00842158943953039 0.0393457285656129 -0.0148925343243622
0.0191430659767798 -0.0202157220705257 -0.0781983421672218 0.0701180003195319
0.0294611539360018 -0.0666004648094969 -0.0590409465801413 0.0735001714528388
0.0973631037433436 -0.0116665783852043 0.0273739102152715 0.100014786229468
0.142218831394264 0.123342724613163 0.0462050566949219 0.0818217661082117
0.118520582285146 0.212806197710165 0.0411627563527212 0.0616408992760647
0.120642397402736 0.186173926879506 0.0660375721557905 0.0336264238881014
0.135889792875406 0.0712424002127719 0.154385527264202 -0.00804395968234988
0.073130332134044 -0.0437185044925768 0.254197639420706 -0.0909609441172941
-0.00765804526070214 0.017315218399413 0.129831912419793 -0.220878763945266
0.0269095554997044 0.135245985093622 -0.114970519748727 -0.133978771168932
0.191448509699689 0.189909250578436 -0.224918765642054 0.0277433393003525
0.232880070373005 0.176286487644338 -0.18856107620678 0.0956795381964576
0.157637179146409 -0.00374744800270198 -0.0712038103994055 -0.131228970617637
0.151542301469327 -0.0403899504412904 -0.0428312481542104 -0.137466716966789
0.0811582011651983 -0.0707535765140336 -0.00409630504418839 -0.0243413551537444
0.00957826847337662 -0.0109518366380549 -0.0560457748311853 0.0511971237179305
-0.0327475772648367 -0.0658172798724347 -0.0145609442110343 0.0164419550964841
0.0457999646113086 -0.0720675506519982 0.105018856518368 0.0481343673242622
0.119072990412993 0.0577718184412166 0.122304971404548 0.0912557580063419
0.0878038166213852 0.173809893620669 0.0883545342926207 0.132233211900124
0.0862918080745211 0.201497563488543 0.115535228244429 0.162487103748587
0.142577661677281 0.122379553923898 0.271067339435532 0.131658033804004
0.0883654311129084 -0.0296227871706022 0.453318067212107 -0.0811087768263893
-0.0426634956052453 0.0415429353839647 0.273457354872966 -0.379473484147031
-0.031441488084214 0.201185625728691 -0.106761721184629 -0.357185897229749
0.144945379920027 0.243412821277648 -0.305814678970012 -0.157837695829344
0.185302547136488 0.190365863644021 -0.293005676409649 -0.00704516875505148
0.0803249743784291 -0.0347977066037668 -0.117540787237638 -0.0686057699127135
0.0858808051163624 -0.0558936763972338 -0.0713637158644192 -0.0671256360344761
0.0524696379374688 -0.0881823780086281 -0.0123816823815501 0.00984904350509155
0.00138487308338306 -0.000648481357334607 -0.0377692611258487 0.0628481911016676
-0.0536048855289244 -0.035587537263712 -0.0239892535650935 -0.0421922665956603
0.00496547839490951 -0.0712318191914883 0.129568119017817 -0.0429761519067718
0.0696292920560619 0.0185276507749765 0.179994448178587 0.0679162102165724
0.0452614818880637 0.10827304609788 0.120689185762837 0.185618301037337
0.0422384387746764 0.146169883328419 0.14670396167541 0.287536969782836
0.101183115776183 0.113078748439808 0.390658567722681 0.293571746460341
0.0597803853797277 -0.0151360368714452 0.677287685490169 -0.0685721641413684
-0.0534120645365133 0.0602668961766924 0.444639224128379 -0.563640869715735
-0.054811863064995 0.198460628611017 -0.0704598649624169 -0.611718275579346
0.0894336298512079 0.201773806927461 -0.350391533316703 -0.365566050200235
0.110817870885388 0.135347026141045 -0.365446156565784 -0.11147952810739
-0.00725773264640579 0.00161555243596411 0.398704134979685 0.17431697049399
-0.0329413809524978 -0.0511417495357957 0.330029294254211 0.498044737679321
0.0206709420412095 -0.0797011994246309 0.0478379701170141 0.765862413622184
0.0361708784646565 -0.052692228351854 -0.54045446380644 0.69170277653351
0.0376537436776922 0.002247279838987 -0.829498834047982 0.0609188021163707
0.00673490550991548 -0.00471287947905 -0.488137999220804 -0.395937343946129
-0.000548399504776542 -0.0154979219076113 -0.163997833682005 -0.368579984349872
-0.00714489909546889 -0.0200698623944247 -0.14183306833252 -0.222144489909082
-0.00910462024960311 -0.0149870665593583 -0.214111269092429 -0.0753072321571647
-0.00522107384255706 0.00910743225853327 -0.137765301158579 0.0979793136842161
0.00848793382395969 0.0011774795136214 0.0572869388044388 0.0575407256110345
0.00878004924411165 -0.0133278970951746 0.0267459879154334 -0.0864054597854351
-0.00470657097130279 0.0198689275579969 -0.0134259100544192 -0.024841558048359
-0.00952603996422749 -0.00297625881577158 0.0757395868755761 0.011971390753588
0.0153747355478321 0.00915694378192159 0.141602900800584 0.0464482694859557
0.0818138125563566 0.145861793440338 0.384470268250995 0.143819166413933
0.00179488553601002 0.138647064713839 0.312952108893848 0.448391866655998
-0.0475814480645584 0.0761483313194596 0.0441448449494844 0.693507236940551
-0.00847174189831378 -0.0388051458847192 -0.528313723069625 0.620054651669705
0.141518870306675 0.00668257521394916 -0.758036627349905 0.0349574981840805
0.107181241027511 0.11679195802932 -0.434263106708281 -0.363312155813749
0.039473216555543 0.119585813762141 -0.149772768259072 -0.340857596489257
0.0444299184075844 0.0680485796630925 -0.134636836145224 -0.211505128319042
0.0512062444638247 -0.0235372819312012 -0.201176122708788 -0.0857162001706479
-0.0250997669234463 -0.0595195864152509 -0.12655396089756 0.0638823451389912
-0.0507154485524956 -0.00948949863999461 0.0455912386827431 0.0370164469957856
0.0225775112027961 -0.0305716078151982 0.0282416902774635 -0.0848616934397079
0.0402633827025739 -0.0729881534559738 -0.00468781300033027 0.00137499597965094
0.0561645396815614 -0.0779393523626834 0.0725067354821617 0.0294781173190332
0.0870854608490788 -0.0172190518063471 0.138671555997806 0.0622331768341606
0.160688234959848 0.235142733973148 0.324692962388541 0.0440959918806469
0.0480153371269863 0.23902883971582 0.274054615496694 0.258001442028975
-0.06403680284148 0.145857698366738 0.071186489847714 0.457153487162683
-0.0129992670828488 -0.033827279464383 -0.399426035423471 0.424442331292568
0.17819520536486 0.0122128503497483 -0.545635693721491 0.0356599585309029
0.158513999565601 0.176749453632502 -0.313594069427725 -0.217131870761528
0.073634206199161 0.21531570004637 -0.121645722408273 -0.22997897086532
0.0895124571446584 0.145832329469045 -0.10644010285502 -0.169698981110312
0.100672021408588 -0.00511999840064901 -0.151223807821355 -0.108676831402313
-0.00261557852825102 -0.0890470522937816 -0.105106046205013 -0.0238019096372756
-0.050953517906669 -0.0346943188711346 0.0249666578222038 -0.00766890872077636
0.0371569682627254 -0.0304631117611628 0.0347683312543842 -0.0729324612546659
0.0880861951596767 -0.0867864073826745 -0.00234693196337412 0.0487311724239255
0.127882162343444 -0.0873785343069047 0.045492730101982 0.0989429131040538
0.156987087576164 -0.0107497111734494 0.104777698378868 0.111813290184422
0.218848412000672 0.242061990374972 0.23444173598854 -0.0724664111864464
0.112458038642348 0.225900593220605 0.20812540158488 0.047706768460591
-0.0211175018061124 0.119902308976487 0.0919799181609202 0.221156806993595
0.00768962589580797 -0.03188102767932 -0.246472664090344 0.243497183031876
0.146401873235045 -0.00455839521933628 -0.324976262734924 0.0653328363755974
0.1560420969934 0.149962902958667 -0.190384072695033 -0.0472403521456864
0.108780943807336 0.236627127839816 -0.0829613547863025 -0.0911992148262906
0.120239422456239 0.20216989698341 -0.0659934707672532 -0.101446876499538
0.130971256687432 0.0538780665775568 -0.079406439545179 -0.111858258599432
0.0541868219850831 -0.0617240687751891 -0.0423989158592701 -0.0897775035588707
-0.00622940029527761 -0.0567376382312666 0.0481761042477482 -0.0588686806810865
0.0346081554528254 -0.0168391791764628 0.0356860678140877 -0.0819264756115997
0.104382427895341 -0.0254412920889039 -0.0375450708147432 0.0639481917642338
0.190396251000052 -0.0146339555958984 -0.0260540605690689 0.151908882626594
0.213021583039141 0.0430314326368714 0.0318884728572413 0.157856074298581
0.240716908562236 0.175242451062288 0.121319624005202 -0.15484901174707
0.169657182528099 0.144728818025457 0.121278559838516 -0.100226848374595
0.0377165100573699 0.061646364586597 0.0801924986616043 0.0612445300757678
0.0229059561376749 -0.0274763380150104 -0.139580520927394 0.130853894776137
0.0925554145018261 -0.0402071834534435 -0.167768556566996 0.0897939730624304
0.136751542153548 0.0719042683340748 -0.0784901127079752 0.0682315050895012
0.137356098159891 0.198456806679148 -0.0260387001935107 0.0233882593089056
0.132811013437691 0.230292275977512 -0.0124757288281156 -0.0192680577652221
0.137999958182576 0.129708588996722 -0.00165877612130082 -0.0655533748034076
0.107158080335831 0.00120314305590325 0.0530651531428148 -0.0876124689607776
0.0405670242425138 -0.0578605380099905 0.129964427552625 -0.087067500703261
0.0170563797239699 -0.00096149572221054 0.0583452374757342 -0.13088774773623
0.0798596705408258 0.058802579473055 -0.0898407471209211 0.00486979453310392
0.214492453861215 0.0952228629615588 -0.132411116482481 0.135290075586373
0.244554347093511 0.122025169625892 -0.0765765968186776 0.15975277085029
0.219223288856246 0.0783477439359864 0.0147371367516255 -0.17133700441971
0.189172548868412 0.0446318116156145 0.0315064071619443 -0.164833201779385
0.0796999436325014 -0.00587180665647243 0.0390492103021442 -0.0196503698770318
0.0197660281499706 -0.0196162256239049 -0.0810134621089012 0.0707492887301467
0.0312713935689962 -0.0677548677151986 -0.0616700801844726 0.0757608529663143
0.101302215503602 -0.0131617226863485 0.0252665834600815 0.103031570623189
0.145583666752917 0.126457888815982 0.0477205139136231 0.0866386507202283
0.1197253537206 0.221628263181613 0.0415625998265266 0.0631871483512309
0.1220812275966 0.193729674101778 0.0695820369824874 0.0335489227929548
0.140944160550827 0.0719121638130749 0.16127677977913 -0.00590755125559535
0.0756469703823415 -0.0469112743325719 0.269269020430299 -0.0939083620793291
-0.0100933031354606 0.0154985859032033 0.138200244405597 -0.232035567606835
0.0258375486005153 0.141618021886044 -0.118517104990029 -0.142438150630045
0.193952340798257 0.200093543401173 -0.235512437174832 0.0255544165221146
0.236425774153153 0.188098929548738 -0.197138684690963 0.0975345431692083
0.163810706501793 0.000648229406733957 -0.0683781410861032 -0.134450537838454
0.156490370296658 -0.0372464605400096 -0.0418327051445929 -0.142512881429464
0.0861796062506811 -0.0709683548530502 -0.00358315931031926 -0.0272437997506238
0.00932374123104206 -0.0108678252184635 -0.0583387456557274 0.0514358607970553
-0.032514623262676 -0.0678059247523437 -0.0145299599208428 0.0158793044297357
0.0476709091690068 -0.073152154186634 0.107805836394021 0.0520545620710555
0.123045866147173 0.0589908786118022 0.127162261466009 0.0964739794994387
0.0893824180286371 0.180380933265397 0.0895984656577509 0.138028551183435
0.0879354868453124 0.208744237470532 0.118935546885369 0.168349348405377
0.150085449711333 0.123984429470744 0.28130617784422 0.142193665315721
0.0921803896222105 -0.0328925239891335 0.477376633272879 -0.0833330119929505
-0.0455548150158451 0.0383985653118967 0.293933567420255 -0.396067980200016
-0.0368431435848898 0.208419748892575 -0.108807857693091 -0.378318854839074
0.145694689935655 0.255313483223753 -0.31512035449312 -0.169475408677316
0.188201232417671 0.202731618703406 -0.303866073153273 -0.0108695985730099
0.0808819294252642 -0.0370908772133799 -0.117623954958647 -0.0712102414003705
0.0890570562627991 -0.0551168992907398 -0.0717418975358316 -0.0692261558390675
0.0535019763516405 -0.0902392640822247 -0.0145462843942906 0.00828011397857302
0.00149483781093459 -0.0011079059723364 -0.0394901314725021 0.0648878520461675
-0.0571423973573282 -0.0360876527743543 -0.0242519130164049 -0.0442545729405644
0.00436312057180723 -0.0722207563539853 0.134934389362556 -0.0421307748666978
0.0701575681642293 0.0195253915608433 0.185626862608794 0.0733036171161821
0.0465673626519772 0.112481074705 0.124565557539882 0.19188134436786
0.0426750221388684 0.150247567560817 0.150379398572846 0.297934331221921
0.10671283302516 0.114057658120414 0.404225206204857 0.311894324082769
0.0648275337846114 -0.0199184081279799 0.713520986709922 -0.0636555124337835
-0.0592750163490365 0.0561641368244407 0.474003819053358 -0.588596300308824
-0.0611147231679137 0.206136157478213 -0.0668775570847057 -0.64540562945184
0.0895337698582471 0.21150483012171 -0.360148124551721 -0.38920142609293
0.110358989877995 0.142375264425903 -0.379082286272841 -0.121783087346674
-0.00567733597104783 0.00163142410403864 0.421744687853601 0.166636214622473
-0.0363375227658236 -0.051446311256672 0.363147049249716 0.505277158871671
0.0169105741069141 -0.0834750795315191 0.0831527433549649 0.794921234907691
0.0347051196591712 -0.0565120314019222 -0.530719416915543 0.74545410201874
0.0379387697293087 0.00182897698488197 -0.86052346748247 0.102882100776828
0.00789641541642741 -0.00524958626174467 -0.527496231471788 -0.379215530577653
-0.000561703943594703 -0.0169899628443862 -0.189515771854254 -0.368979058515082
-0.00858798222085759 -0.0210897250615603 -0.158567859509771 -0.219547922643856
-0.00980330199250825 -0.0162982643484685 -0.225890773240342 -0.0663106384756198
-0.00593450143721462 0.011381382005638 -0.138468199009341 0.108287638250881
0.00895188591954297 -0.000705701919670011 0.062763073015536 0.0559731714545118
0.00834211052999592 -0.0139768332808411 0.0230203631680214 -0.0915873499984083
-0.00304645914674221 0.0205136452864408 -0.0136566272594121 -0.0244805084250125
-0.0101692275661487 -0.0039000686076558 0.078171372966811 0.00953503185332681
0.0162382925490716 0.00841809465337694 0.148169374978076 0.0434473682366751
0.0910322413251771 0.147533333426782 0.405669269000951 0.134226083704973
0.00855411090361571 0.144704190413504 0.341321953794024 0.451233947777167
-0.0474388597617553 0.0831274641694742 0.0779197105797159 0.720212593246112
-0.0120052846857842 -0.0398367318112095 -0.522155626288478 0.676258063884374
0.147779742527166 -0.00202045393527711 -0.788682361003712 0.0772619183208091
0.119182389134413 0.116023967587444 -0.473057733674847 -0.352960746551216
0.0470906864220842 0.122849754891699 -0.173908009850744 -0.339735088731172
0.0483985874459729 0.067108340480954 -0.150767177011739 -0.209858437506143
0.049557698415501 -0.0291622361146269 -0.211790872387852 -0.0770623731641303
-0.0299834824399125 -0.0598851436402644 -0.126102411903133 0.0727093974103686
-0.0537746340670041 -0.00745704702930462 0.0486631746734595 0.0339541453345031
0.0229086316749307 -0.0322772347707352 0.0247853424775233 -0.0879310547331459
0.039471779425726 -0.0773003910164468 -0.00356558919732171 0.00205530557735156
0.0532778530698898 -0.0839437009986023 0.0742743555605074 0.0271748468185026
0.090942382780978 -0.0235269454755693 0.145925395225771 0.057982371078264
0.177429905824583 0.237168337755475 0.340718257285753 0.0323709076061844
0.0611179708951216 0.249080399141688 0.29184516084828 0.256285114548239
-0.0620096530646992 0.155784181739745 0.0940522895335865 0.472458883915343
-0.0180119794934001 -0.032325278899999 -0.393477776088664 0.462461939563138
0.18521378332664 0.00115401690338764 -0.564449405001069 0.0667698057163042
0.175124723330033 0.174842614899859 -0.336577176771349 -0.205926246949668
0.0907939411012758 0.216849435382811 -0.137278037307296 -0.229860756102145
0.100071011510293 0.144319835567147 -0.120349560104058 -0.16857949275989
0.101529323826691 -0.0111628631615614 -0.163542761126203 -0.105718306858309
-0.00830768054260458 -0.0914258840326353 -0.110684819543183 -0.0185498398240858
-0.0544448086985166 -0.0350177495619838 0.0262550446617884 -0.00984622861929352
0.0365061608933704 -0.0335090965079776 0.0326671360075279 -0.0770955342016277
0.0860610666550653 -0.09390890482241 0.00215133987220074 0.0515049352159581
0.127449531547334 -0.0950318889089739 0.0513207155272509 0.100645275869673
0.161481841369567 -0.016290649215426 0.113161149409228 0.112579409428539
0.235705618434116 0.241011956288495 0.239255270055019 -0.0839537391760001
0.125215643888709 0.231703851051293 0.216863604621197 0.0426077241952909
-0.0173779793415733 0.127683226124037 0.104911404021773 0.22480015950736
0.00592985923247954 -0.0317720671545077 -0.24412677717829 0.266912197661499
0.153144659362836 -0.0125576081289806 -0.334098850070394 0.085247654625533
0.173118078952604 0.14591769339486 -0.199182270971862 -0.0377824069923519
0.125014953065446 0.239690224131428 -0.0897614563891525 -0.0900894033154031
0.134838038109037 0.202065954782623 -0.0722174014983623 -0.100754892849639
0.137680088406726 0.0468448024409153 -0.0885458554990362 -0.110548225247699
0.0535855172746341 -0.0683518441888804 -0.0482183241084491 -0.091020834431084
-0.0100997855374702 -0.0592977065504729 0.0471973457297485 -0.0627136359417004
0.0352328254312417 -0.0206737558301806 0.0327537893323576 -0.0860926861232025
0.107242896026403 -0.0296415798292936 -0.0359262138957155 0.0684933070233722
0.194619777262056 -0.0212786235608005 -0.0209064307795297 0.15923595287656
0.221020213916894 0.03643317538647 0.0392400958287175 0.16263297167516
0.255976859396727 0.17151402369585 0.12065367449562 -0.163397147723984
0.182401743803398 0.146249815233602 0.120934997612163 -0.110366077213288
0.0422984100724037 0.064358449599369 0.0865608632953998 0.0599526562306476
0.02157763343095 -0.0302663533549209 -0.134758171864671 0.143946504189967
0.0954400043408179 -0.0469472387658418 -0.16808513776395 0.100891524496087
0.146955247769054 0.0661395654138836 -0.0782709197214467 0.0774345501253918
0.153390388594019 0.196690536861873 -0.0237623877786902 0.0268651361238945
0.147142259503842 0.227833294283327 -0.0121121555903353 -0.0193382870866881
0.150763235374524 0.124976443786302 -0.00474219743670522 -0.0685874590649993
0.111029379901636 -0.00628619440344226 0.0509514341173255 -0.0939126766671445
0.038901792579961 -0.0643900967770299 0.130788897176771 -0.100346257194054
0.0179388643501299 -0.00386292154701683 0.0536142439563884 -0.13989900727609
0.0870822938298144 0.0568408335107297 -0.0917111997417428 0.00951507732608845
0.2247406214244 0.0916593047910645 -0.129420967641457 0.143596889061137
0.259361325543852 0.116084948316593 -0.0717819839839075 0.16567529305798
0.229856634986779 0.0746170397175222 0.0083603104307393 -0.178720902326412
0.196562566398599 0.0406032381237671 0.024443042145176 -0.171506416737378
0.0817194887184889 -0.00797360571605207 0.0405877218055686 -0.0207826697556041
0.0195497807790618 -0.0225634968865042 -0.0796278632987241 0.078711203341509
0.0277088600876367 -0.0724201605354259 -0.062176078640546 0.0800838952148838
0.101839739892681 -0.0200527212443275 0.032755168069015 0.106443113767089
0.15736283033884 0.122489979411058 0.0557332927782879 0.0867516410843045
0.136808566557557 0.220913542604928 0.0478202014729378 0.0612146869496059
0.137695666943481 0.193142361492482 0.0721441518696112 0.0305501903312869
0.151925944847703 0.066725541444297 0.167432256436958 -0.0156011126253576
0.0768802955189622 -0.0533169898784302 0.276053996052914 -0.114020119106692
-0.0082907856683002 0.0185767354769854 0.131534968743318 -0.25028459942384
0.0341088606356971 0.147094857550462 -0.129691760162598 -0.142539711797176
0.210377208769749 0.202922603021208 -0.242913366723251 0.0352427923072125
0.253034607670114 0.185506817194985 -0.199650278024641 0.107497836311594
0.166051982650412 -0.00626315529527631 -0.0751510261257758 -0.134070399948313
0.159976152927324 -0.0432725667552011 -0.0488037103222167 -0.1470763856014
0.0852812060586114 -0.0784328353930447 -0.00530532853580659 -0.029422084582703
0.0109532676116215 -0.0110428331633957 -0.0564745372317092 0.0562304268497688
-0.0401534961521253 -0.0689678053633813 -0.0146218938255786 0.0182371321327069
0.0436105044510004 -0.0781030830208271 0.11284460897839 0.0474528934023325
0.128622210083429 0.053930722517056 0.136085626001396 0.0919579557066808
0.100718853308393 0.18058165837844 0.099993532936292 0.135204554338659
0.103022432768632 0.210294437426982 0.132261460503827 0.16638139037948
0.163656975860786 0.120599231959534 0.300193655754507 0.13098769856453
0.0945956410837463 -0.0398357583318273 0.493132877994939 -0.111506437754139
-0.0458746524391224 0.0444381636033496 0.284772592006476 -0.427990187344969
-0.0289362723576112 0.222038389626966 -0.128983454899959 -0.388241811516054
0.163242476532908 0.25787413096695 -0.335041599359874 -0.162181343955482
0.204299082890363 0.200878968648088 -0.313907685557548 -0.000245861106309451
0.0829391486318041 -0.0394083909944597 -0.12252881125228 -0.0686780808667036
0.0893675222180398 -0.0591229542100302 -0.0762744154023067 -0.0704315994593117
0.0507164698104872 -0.0945512876628402 -0.0145057369215743 0.00768929284630816
0.00121152303657994 -0.00039748792704187 -0.0372447166400501 0.0683243589748061
-0.061868223985371 -0.0342598808843524 -0.028958726980914 -0.0440541469794806
-0.00131114447483285 -0.0754713489884358 0.137670044169307 -0.0504694961204643
0.0725611408231842 0.0170190446279184 0.195681926654408 0.0660456282919793
0.0538532643041214 0.114029062391388 0.137901833547446 0.188819733830099
0.0531577975795051 0.154542340932689 0.171258502234438 0.296875609506539
0.117611384984749 0.111264019336261 0.437667243256596 0.300099297106456
0.0663334008848308 -0.026372118829811 0.737127931174487 -0.105917474462629
-0.058696872967413 0.0630698564275004 0.467646662521921 -0.639928490876228
-0.0534874809510557 0.217466936759491 -0.0961483000476261 -0.66834009759842
0.103172418698919 0.216153651362695 -0.388396445993679 -0.38966358126465
0.120465885829322 0.144917743117103 -0.397057108240192 -0.111626985873067
-0.00418128287892684 0.0035667354633071 0.442503847620319 0.15106236581149
-0.0393660235335258 -0.0485343381141602 0.40207139720767 0.502226962514744
0.0130008259737338 -0.0862605492296434 0.125108257327289 0.813563436967266
0.0321533634819781 -0.0595007985536705 -0.501313620317246 0.803482170299061
0.0407232787512687 -0.00222553889503809 -0.877859012883047 0.166103850030446
0.00595036740123784 -0.00495384850022643 -0.569786081091035 -0.350670170726591
-0.00320303740283141 -0.018709052881072 -0.217959631307727 -0.365617538899958
-0.0113131261434949 -0.0206259885286403 -0.178075370113308 -0.212297570844897
-0.012406636992671 -0.0168841924172347 -0.236588516193278 -0.0521983654112666
-0.0043376636168591 0.0130381142421968 -0.136168069974103 0.119997727655834
0.0103486305004318 -0.00164681288612009 0.067880451225626 0.0534488208664523
0.00787692145373792 -0.0158735060286872 0.0201444961073899 -0.0924896781582379
-0.00268218170950578 0.02285343765116 -0.0134146133412987 -0.0218698620130317
-0.00885619045600591 -0.00310956145139887 0.0783590082669902 0.00503377989599531
0.017030474625775 0.00621887054376575 0.152251799729401 0.036593350581471
0.105339851001178 0.147931463706408 0.424847352075098 0.116352589390995
0.0159750715711429 0.149463522551605 0.380443071985417 0.448120730384412
-0.0439473395582213 0.0904067665292207 0.12084239270536 0.73807041459327
-0.0159522971518968 -0.0396885581697896 -0.497084812950114 0.729508149961329
0.152380340139181 -0.0108768755622198 -0.806994222297298 0.131021597400916
0.131738217431338 0.110682024912197 -0.509742198326571 -0.328374963478005
0.0554769027496951 0.12025965921583 -0.199911455698397 -0.33697554787809
0.0541420277558321 0.0660366142084547 -0.167524523077439 -0.201188051457762
0.0495470971452228 -0.0342726552191667 -0.222365741389743 -0.0664656276890216
-0.0359810327949236 -0.0595344088398339 -0.12678815639027 0.0817056158318943
-0.0562991390578424 -0.00398797490475909 0.052145078293277 0.0316995696687048
0.0227798110226924 -0.0371118268959173 0.0216808150442172 -0.0912437555873453
0.0361333253095368 -0.0824292465690726 -0.00290489187629643 0.00278411898765545
0.0491670888287983 -0.0894132842735684 0.0775052461074534 0.0249039926375012
0.0919146131318421 -0.027366166560523 0.151189179618366 0.0512287213548255
0.195225913802182 0.233084086861625 0.352695073692535 0.0153670685988421
0.0776387415943758 0.253957660935246 0.315470111945232 0.24860020095452
-0.0544589156274955 0.16508872708205 0.123207639711571 0.481222916565569
-0.0223393020360958 -0.0307321032846706 -0.378894314610497 0.502711275728878
0.192745225712074 -0.0130479137508719 -0.572643837070618 0.103350868880607
0.194605575141405 0.165563474608198 -0.358447958100398 -0.184738705859889
0.106880538623663 0.215612956017295 -0.15714525953493 -0.223168157824715
0.112381532972698 0.140805607010211 -0.131506423408559 -0.164650187118571
0.101639223432733 -0.0201925710174309 -0.17684122502334 -0.0951210998701193
-0.0128654587051861 -0.0950091799135915 -0.115464005793973 -0.0136850848544176
-0.0606384718634736 -0.0324576229845656 0.0281796818333037 -0.0137939919322921
0.03682840752752 -0.0380693253756477 0.0275460991626721 -0.0785237516674213
0.0817154293709604 -0.100935492847933 0.00475400471122236 0.0551839546859638
0.122982920416497 -0.104053607251608 0.0571339118111402 0.101713841568419
0.164827105274427 -0.0277166192431786 0.120844480275406 0.107681596588224
0.256982465854929 0.236257935709224 0.241262708974774 -0.0982733947452249
0.143133946263502 0.233807238286703 0.224736155289307 0.0312987246743957
-0.0125298288324151 0.135852835944347 0.119673078317209 0.2243752503266
0.00338095946775884 -0.0326128714763707 -0.232596257123414 0.289956339176887
0.157805720919717 -0.0263041537544078 -0.338643489952449 0.109508674173031
0.189432722369193 0.135227205967656 -0.207197101698771 -0.0226460993659199
0.146194705879015 0.235749710617298 -0.0966165947458178 -0.0843980975361424
0.150543642598186 0.197495898123827 -0.0790869157514611 -0.097857716122463
0.144782277969704 0.0385448522604625 -0.100383631111868 -0.107488566277255
0.0495579991936053 -0.0760535451918508 -0.0533737311288809 -0.0908129231585937
-0.015069107141157 -0.0635595727138125 0.0452025456099062 -0.0683451094078048
0.0362741915568709 -0.0229834860506541 0.028649424920125 -0.0920381063583467
0.108112119755506 -0.0381802890625167 -0.0324514358078354 0.0744961206530035
0.197562236399639 -0.0334094899162929 -0.0120538298979636 0.163191083490582
0.230435784129003 0.0255693642566634 0.0490289676370479 0.163217930155505
0.270807308250182 0.165109102597279 0.114375493430537 -0.170792871359224
0.194400608590771 0.142641516145769 0.1181714083775 -0.12187080901516
0.0447328607271216 0.0666382757692153 0.0923851425386934 0.055698756370063
0.0227092205269 -0.0305306787546885 -0.127686486137045 0.158695756642182
0.0952770079986976 -0.0555938437955138 -0.167961121648741 0.114346477462127
0.153001689126158 0.0567965748844804 -0.0746231950496288 0.0838461470717241
0.169766957849653 0.189096219565647 -0.0205787640433119 0.0291209556376616
0.165585201436928 0.222267172754586 -0.0136505258120766 -0.0190229367293619
0.16038427642097 0.115911046247374 -0.0113370276004956 -0.0706784575097738
0.115216245465151 -0.0169691300357485 0.0469299642212239 -0.0988947661342526
0.0372483183524273 -0.07004124114901 0.128233953211136 -0.111128400038341
0.020744340083691 -0.00498447354654246 0.0459453640346025 -0.148287147224929
0.0922725898097133 0.0545395573215601 -0.0937797477882384 0.014788106953805
0.234027933125594 0.083616204128039 -0.124678863782391 0.154171447593353
0.271533797950628 0.108174297442933 -0.06457506501994 0.173618094191878
0.238914579445641 0.0651176211402156 -0.00123466576068706 -0.182644458101225
0.2053017493156 0.0335803591762417 0.0126789062808254 -0.17732099205506
0.080138077651585 -0.0130087729498963 0.0405716931442509 -0.024246731535907
0.0195246694021869 -0.0246773140920814 -0.0752938736481432 0.0864758835495107
0.02580326651318 -0.0780239890899926 -0.0600388537347661 0.0863475297983776
0.102940605931062 -0.0300044993063465 0.0415656075419345 0.106163936203151
0.168402823358849 0.112293153166699 0.063309794075485 0.0860983404524138
0.154762100239803 0.216597850138312 0.0527098727244229 0.0599580788404867
0.154366390173154 0.187536317118491 0.0747980297559122 0.024236819183823
0.16120772849907 0.0566167477380506 0.172100949689559 -0.0248378182908594
0.0751522882384674 -0.0609220755256623 0.276551914759718 -0.134290616108932
-0.00855511340756226 0.0178810279780619 0.117456273834401 -0.268171317858458
0.0431929188376835 0.150938272017391 -0.141611577019058 -0.139039600482432
0.227261780189222 0.195175967023304 -0.245383164131491 0.0485810420343505
0.269089784571994 0.180344090018307 -0.196189866462561 0.119597350897045
0.16954117188232 -0.0167278433616301 -0.0835951322908846 -0.134505529356826
0.160853877540684 -0.0526893202609039 -0.0609738716699874 -0.148705781298046
0.0800608197997689 -0.086075847637142 -0.00801815212977838 -0.0315783896162678
0.0100173648817336 -0.0123648910646737 -0.0535923047196572 0.062209304900759
-0.0464279707937768 -0.0673943796493719 -0.0145184745035615 0.0181907664705237
0.0371399756441047 -0.0865513373521325 0.121130335909421 0.041027748111833
0.134636796898392 0.0458191612314963 0.147279808617968 0.0888569703099515
0.117468391805191 0.180916841991778 0.109936084695469 0.130425556319538
0.123296265498005 0.206868071442461 0.147119073712892 0.159913707045554
0.179695971455264 0.110312581478274 0.319208363433179 0.1152114175468
0.0990838972205978 -0.049140646722861 0.500938298551671 -0.148937366134967
-0.0438748772522853 0.047367960232271 0.266335837609328 -0.462731386884686
-0.0167993555842174 0.232131568818762 -0.155029476861743 -0.390089889203763
0.181562434998673 0.256622911271142 -0.35218266904603 -0.150032795426455
0.218222430566913 0.196740669669423 -0.324084463716372 0.0153894710764406
0.0821884720872262 -0.0428101839315742 -0.128537048189787 -0.0629020251936191
0.0873408696261044 -0.064503139522612 -0.0836416510710364 -0.0692799231264473
0.0452610426819082 -0.10134107601019 -0.0169090306800498 0.0069357378680112
0.00110311986760581 0.000948908483870018 -0.0354882727786599 0.0732800743256416
-0.0679924652934571 -0.0295208434639869 -0.0324995494675104 -0.0443494377423008
-0.0089221369767657 -0.0771201633917332 0.139654411974635 -0.0613194281964542
0.0753958638867852 0.0121426762863144 0.206190554358852 0.0540151678830052
0.0624419592835876 0.114717264304834 0.153261995444637 0.181698321212401
0.0669560367947256 0.156277319196276 0.197705219609048 0.291048093712513
0.132044409091851 0.106309321652994 0.470478505121005 0.277989959241541
0.0678763139753703 -0.0322681442923439 0.755837467660618 -0.157398252210404
-0.0592819003734422 0.0679052931885387 0.442454745069346 -0.690682065466743
-0.0418860060980066 0.228222932275704 -0.138824007995607 -0.686960437500277
0.117904728962111 0.21754445605039 -0.422375017431431 -0.378957345623504
0.131386343376099 0.140463329481168 -0.416660629639194 -0.0944985690891114
-0.00431137262930942 0.00152352168841373 0.456702918632436 0.127858187266912
-0.0434461345335198 -0.0496220410236281 0.437976660558214 0.487282022189189
0.00833188409165035 -0.0870467200538325 0.180194346968422 0.822734199807785
0.0282531737848963 -0.0627240674323978 -0.460377302512245 0.85608292634236
0.0389321619266698 -0.00230892613857058 -0.880822045460754 0.23395006888124
0.00656865967122341 -0.00606056989214505 -0.603697559668159 -0.313058306581313
-0.00473429085616482 -0.0188670747268953 -0.24665818668425 -0.347901023155888
-0.0105584689410859 -0.0200896869760404 -0.194349535662069 -0.20048719213141
-0.0116607668574919 -0.0174656235636477 -0.244580082491067 -0.0367804337955456
-0.00350355540206343 0.0119195681608569 -0.129682608525696 0.13032852029049
0.010604379532778 -0.00414216307970252 0.0722017076189016 0.0478278510440752
0.00660291535940435 -0.0165785712611545 0.0142372066571221 -0.0955564367495523
-0.00014689235004929 0.0220690564285047 -0.0127952139237869 -0.0199391732119467
-0.010095664559197 -0.00297095259515953 0.0787387446417706 0.00122251962617171
0.0180060518727942 0.00416274541900464 0.1570106382043 0.0273848353513195
0.114062319796395 0.141313640282699 0.439444734086873 0.0944096293022978
0.025840293409371 0.15245481198318 0.412642168703943 0.432903013708091
-0.0392542298931381 0.0965836062788654 0.167360528269268 0.745042079146538
-0.0201411024863997 -0.0380640087516449 -0.4597036501176 0.779018074044776
0.153238306737456 -0.0240426279438884 -0.812977621415113 0.192748707747855
0.143297650121341 0.100243616445005 -0.542956929421669 -0.290683966399449
0.0656647829856319 0.117788497927053 -0.227433781844148 -0.322693258397613
0.0594666961494563 0.0607715030777414 -0.183968727758713 -0.191673676573531
0.0437294985219624 -0.0396030164730319 -0.230522106676692 -0.0486610580938156
-0.0417957852903614 -0.0571776752125347 -0.121890838216735 0.0916375153463659
-0.0563427874248381 -0.00228724799670636 0.0559026594513074 0.0278495734699973
0.0206286279775492 -0.0397640000520765 0.0163954138637627 -0.0922807388821589
0.0304117396985298 -0.0856466190922053 -0.000274894892005802 0.00508857179397076
0.0444899115461683 -0.0946128186928208 0.0779841111218461 0.0185975759050496
0.0911733224475096 -0.0339022484816031 0.156266718367356 0.042097971350881
0.214368252004706 0.225908528896797 0.359175154936435 -0.00267759060789951
0.0942881010648608 0.254386753133709 0.333998753182436 0.232643878755396
-0.0462183888563182 0.17504487549932 0.15351524812736 0.483314991479051
-0.0254656604158823 -0.0298727226712776 -0.351468553135073 0.540352940407226
0.195059270493176 -0.0258969230381796 -0.578855255926084 0.150004144900438
0.210727685274567 0.153334789772913 -0.377196110625125 -0.160369956665362
0.125991867403619 0.210358278985167 -0.174568052812504 -0.213495457130814
0.122209917544222 0.132866435658787 -0.145094529183998 -0.152864362511351
0.0997936271298134 -0.0286638590717088 -0.183493182939844 -0.0835250255096833
-0.0232447557753989 -0.0952527749465166 -0.11642087355247 -0.0044389359376252
-0.0633665440145579 -0.0301078121984377 0.0261257391972241 -0.0156665007771177
0.0340954903434938 -0.0421390393876014 0.0240881947248751 -0.0813228235667435
0.0760108972451178 -0.109417621359603 0.010643927202307 0.0561760549441347
0.119195149618295 -0.112819232248497 0.0648430093589516 0.0986021891754172
0.163580386424379 -0.0346204392629568 0.128175358677463 0.101048148427388
0.275034496394837 0.223951565399642 0.237416280475298 -0.114553048771957
0.158266472380823 0.230494171625104 0.227995023652762 0.0182535164829344
-0.00277138369166908 0.140948236589253 0.135677798883829 0.221729162824904
0.000498678241440223 -0.0334282106157686 -0.21560583717692 0.314063557713498
0.159973140952246 -0.0381314441941081 -0.336481542088374 0.134420521791069
0.203204132890118 0.123058256984446 -0.211278630056106 -0.00711484757045578
0.16616055910508 0.226390450192975 -0.10312822013441 -0.0763996388524738
0.165748735810034 0.186892252613232 -0.0866272118236625 -0.0923634733598042
0.145805474759997 0.0263922903644675 -0.108719423813475 -0.0995973061701561
0.0447831149871243 -0.0796986133753982 -0.0620908021232503 -0.0873974900688603
-0.0207475868994413 -0.0633937658299462 0.0426469455996014 -0.0736004506095877
0.0342206780405457 -0.0269056575488494 0.0206285959225165 -0.0938952887024015
0.108867296878773 -0.0441599458459324 -0.0267934738609013 0.0789692312554935
0.19948445001067 -0.0426627446940806 -0.0019524454951906 0.166388921653078
0.234574939486795 0.013265946521939 0.0598797876090147 0.160810609787393
0.284751886677201 0.150271373461379 0.105887281868775 -0.181276931622134
0.204808922198333 0.135957418323415 0.111016647753085 -0.129817381049672
0.0499752704271838 0.0662553447721524 0.0980650362297715 0.0509826162565765
0.0179119241758844 -0.0332468526181149 -0.118299415563756 0.169624981189789
0.094540317322559 -0.0627075904304539 -0.16364932039999 0.127246852303886
0.162033126269565 0.0440787687146087 -0.0678965320315738 0.0906757578971951
0.186122082244416 0.178675976107045 -0.0178564060311466 0.0330671045432796
0.183457749518893 0.211432811597289 -0.0163813418280517 -0.0178990241952632
0.172391074609547 0.106548809640496 -0.0165749632232039 -0.0687890179731196
0.117110720602052 -0.0251642610929142 0.0408107229483428 -0.104248972163355
0.031324485185579 -0.0742993980055525 0.122806049483603 -0.124270651593513
0.0200764332429871 -0.00613414947278484 0.0339817043869032 -0.153892803037275
0.0978982724144215 0.0504331864870346 -0.0939369460587435 0.0223763752253531
0.24427259348616 0.0725335833528204 -0.115100073163891 0.162737167350423
0.280250240311434 0.093298311824554 -0.0543653504177176 0.178714683534287
0.246311398709817 0.051276113738604 -0.0111889285588353 -0.18252559899275
0.211014763561658 0.0226469228856196 0.0022610415682608 -0.182615903563534
0.0819091080458823 -0.0158833292504084 0.0385265330754001 -0.0289038976995124
0.0199920204676424 -0.0246510344420794 -0.0702437239194862 0.0930886711137333
0.0187106601324233 -0.0807798721671946 -0.0554278471650088 0.0921572750111209
0.102353985882788 -0.0385036616137042 0.0510071314323755 0.104731574780508
0.17712370907454 0.102299374569146 0.0721282426215776 0.0840263463880228
0.169875514983177 0.20787585632185 0.0575413891147422 0.0565186002302171
0.170938141417971 0.176525672864265 0.0769312768060171 0.017046039718034
0.170236688776899 0.0426894960436606 0.173094982077815 -0.0379482268501005
0.0730721420735083 -0.0687745358070816 0.272759834472368 -0.157934934813181
-0.0063888900721249 0.021159595495034 0.100435047604442 -0.280187182311876
0.0546339421180629 0.152439711764255 -0.152845929169688 -0.131243381461668
0.242236630009713 0.187862478548818 -0.244138837320814 0.0637343772370215
0.282282697088357 0.165636657937977 -0.191339082851319 0.131727306055623
0.168981868064234 -0.025228843050833 -0.0924995857997474 -0.12956565137391
0.159566630542522 -0.061151647761767 -0.0693325309742957 -0.148466651518592
0.0763510708478948 -0.0912781176126557 -0.0111375546848456 -0.0346567535951252
0.0105331153072069 -0.0139761786155252 -0.0515310855715567 0.0658129748994735
-0.0531772924220438 -0.0658209769253783 -0.014495527806498 0.0199918072483264
0.030827984670039 -0.0896811091922303 0.126860784341941 0.0338300438667782
0.137788632614743 0.0362597035032644 0.156881723535178 0.0782831082665323
0.130819193557817 0.173530324571904 0.121100269612158 0.120865383245948
0.13809821426564 0.200858391769384 0.160189704055256 0.145260323655065
0.190784364581146 0.096904254087682 0.333690324754229 0.0945803726550251
0.0953204992712162 -0.0574729585331016 0.501340961956787 -0.189810055755311
-0.0423061972212848 0.0531812440487387 0.238072352304766 -0.491135434732585
-0.00179874581385149 0.237013432313092 -0.18211689935495 -0.388863309939729
0.200620993556527 0.252172563257844 -0.365790446349776 -0.132261964257723
0.23474521787118 0.18929917214697 -0.327665302986787 0.0335629096087531
0.0801086117623691 -0.0486087525582937 -0.132748087087668 -0.056256654172801
0.0831697178753248 -0.0701106823631483 -0.0870606696335953 -0.0642296539280221
0.0404053442075575 -0.104122219162395 -0.0159348093748339 0.00690659285856553
0.00149639306392471 -6.41630810613172E-05 -0.03009880222531 0.0753791686305374
-0.0718851504107362 -0.0251264393293565 -0.0385735814041666 -0.0413758836393909
-0.014334674921282 -0.0773560226078354 0.136714110131631 -0.0694925305980087
0.0761237139476992 0.00749470669680415 0.211478399329105 0.0421270251866184
0.070068377237813 0.11041659935116 0.168168921337141 0.170416699998245
0.0788593411321473 0.15186565050717 0.218889132243788 0.277731686498735
0.143099639067759 0.0955873052651733 0.498509158614197 0.248737991917501
0.0662151435943472 -0.038547973299529 0.756237952944765 -0.217911714947207
-0.0558456824141971 0.0747487114045364 0.402926882454475 -0.738187293155889
-0.0276142382411976 0.23643579175398 -0.183132549296958 -0.68884622164445
0.133166527218199 0.213275335716766 -0.450621393800534 -0.359327747158724
0.14096267149596 0.136560912149831 -0.425672843769429 -0.0729542333202996
0.00543271959152895 0.000804314088819638 0.467781365620046 0.0697489620050225
-0.0445911832008859 -0.0416956345677237 0.493622203684919 0.428487503464669
-0.000414735291671766 -0.079020686645252 0.281781317116313 0.796812523335308
0.0185678268624002 -0.0610405909690373 -0.344955215243327 0.913176662284034
0.0374875705305331 -0.00807716225174277 -0.848217671157047 0.355576153993788
0.0038818799316811 -0.00743670734466726 -0.637938740071095 -0.225683850416817
-0.00849281398816789 -0.0181853927159078 -0.291402417498004 -0.311707087653022
-0.0134725169989228 -0.019569436829701 -0.221164969690035 -0.170625177543408
-0.0161118535389548 -0.0176312321522902 -0.249909041295074 -0.00308904682374118
-0.00084888692153477 0.0131616280464219 -0.113091516559359 0.146218632196541
0.0103439063335818 -0.00642042387951911 0.0787879028607721 0.0375843035824557
0.00464884468405749 -0.0163959424604741 0.00258696407963715 -0.0972131975111223
0.00211835919254788 0.0228371837097045 -0.0142996419150102 -0.0174388383896198
-0.0106467978201172 -0.00248291624672886 0.0778882703979734 -0.00786536395133446
0.0174769757060548 0.00154942623832907 0.157116579056434 0.00917116070281627
0.141620476861327 0.127282231999002 0.44534788349956 0.0392243766553675
0.0515454927705368 0.152993610330474 0.459094401832352 0.381166456904864
-0.025974708366163 0.111253871276532 0.259797457137984 0.719587490601703
-0.0291738851312739 -0.0291553783879338 -0.356244411154306 0.836680219078042
0.147684675758849 -0.0450456381104784 -0.782269805648415 0.305386750701886
0.157155960375135 0.0803403874551116 -0.573379442158464 -0.215645898516995
0.0824193209325497 0.108742661144474 -0.268829003589709 -0.289072023942748
0.0672573311527053 0.0525112876152448 -0.208080061006982 -0.164674180902899
0.0379026093102059 -0.045237376997806 -0.237433806782974 -0.0163025581604189
-0.0496186352732425 -0.0523932112895852 -0.110578806525274 0.105441471778129
-0.0570770389455381 0.00424636017685802 0.0609081907450314 0.0192131347673308
0.0149978695645937 -0.0442600538219406 0.00450435496982044 -0.0945102296974072
0.0173519635110476 -0.0917013886908546 0.00189371522429141 0.00611591580525019
0.0305337226611256 -0.100804156041469 0.0799949672771843 0.010988966260751
0.0858454915640174 -0.0454051968052565 0.159296927440291 0.0241626432662595
0.249033758592301 0.198656659269014 0.353033652679046 -0.0441291405240871
0.12785345208703 0.24818405194462 0.355566940778683 0.190524312691507
-0.0235608236502882 0.187439855675648 0.21493912023768 0.459535510030489
-0.0319392607410719 -0.0216415914483173 -0.278518627674059 0.586028167901188
0.191467585882792 -0.0552304744251609 -0.556970849378189 0.230387099011435
0.23300563365652 0.123646611361898 -0.394793278237295 -0.108182055664417
0.153490531925589 0.191104608326826 -0.200419614038821 -0.185673749206155
0.1411297477857 0.1156658351528 -0.164525084050128 -0.132275201389745
0.0930405557784129 -0.0416322739006515 -0.197603502717181 -0.0565312130960441
-0.0364255283601733 -0.0908667083342626 -0.118536986148677 0.0102379090260482
-0.0683617913695272 -0.0214332322456177 0.0254288854504378 -0.0197912110272547
0.0280121805904569 -0.0474585891043095 0.0117625498219148 -0.0850617914664756
0.0612167639217799 -0.117593569348922 0.0185236538012543 0.0573101284886313
0.103923735070941 -0.126451267650224 0.075707266311723 0.0898045167742083
0.159064717686066 -0.0548110878060584 0.1396052719335 0.0848339380770751
0.307297502754048 0.188598972903886 0.219732274407268 -0.138431067046839
0.18977987711417 0.213376890421701 0.225362406554299 -0.00903599226352494
0.0159357487307736 0.146041025002824 0.161042088313857 0.203396472365921
-0.00468645556629325 -0.0319451609870185 -0.174857843010729 0.341341861792254
0.154815726487615 -0.0619804385661463 -0.317783644895605 0.181068523698112
0.220658882260767 0.0940848506902555 -0.208140443079835 0.019173767500908
0.197732001154146 0.203285634014338 -0.111155272052065 -0.0609858530858527
0.191245700338138 0.161263437536238 -0.0985115685881356 -0.0799259246297851
0.148989373844916 0.00613413134513984 -0.123732450270466 -0.0852476934717198
0.0337450346979578 -0.0866834929536658 -0.073762102261816 -0.0796675589160414
-0.0283340370145881 -0.060446931486098 0.0330147018219425 -0.0785174384775629
0.0307952259618134 -0.0309983783430984 0.00663367187263145 -0.0972785581265185
0.103728088086783 -0.0569783043911998 -0.0163718210388573 0.0840125661386629
0.194099595798104 -0.0678317678841007 0.0187186005825256 0.164028129245987
0.234763292110002 -0.013587368696842 0.0779953183068445 0.15176098498884
0.303996506814049 0.113875882973682 0.0821519539942117 -0.190150590297012
0.224395907239114 0.112063973686786 0.0934863647588738 -0.140875361676943
0.0565587642133471 0.0619169905171148 0.102551206497152 0.0385875422427328
0.0157391747650536 -0.0351929661594304 -0.0935316757301597 0.184846353966252
0.0853210279583995 -0.0775179342433482 -0.146810048368576 0.149784925626153
0.167499171866525 0.0207191863551991 -0.0560128238479769 0.0978113442287238
0.208816907388908 0.151244807501932 -0.0126460557803549 0.0353104418460493
0.212527760951663 0.185483706085164 -0.0172642799886174 -0.0152510203464862
0.18723598440481 0.0811644688100137 -0.0266252581658042 -0.0680086740262934
0.111577538965064 -0.0436003129945862 0.0276035777129776 -0.107371340380718
0.0221572896388363 -0.0778718448444145 0.106263655998463 -0.139810400552172
0.0197204882493179 -0.00930228357726695 0.0105968203891648 -0.161373818208433
0.104616948737367 0.0401457468874143 -0.0915212768061035 0.0334372109046525
0.253766424059444 0.0417259320337842 -0.0948533110950873 0.176123284863765
0.290816269960665 0.0620448723066916 -0.0326325321380005 0.181998349510853
0.251007383474354 0.019924089446422 -0.0327317883937469 -0.177678083287129
0.212644641246391 -0.00177574618578994 -0.0200959974857084 -0.181264910294924
0.0815294948861222 -0.0253426641281986 0.0357976809629477 -0.0337974909550674
0.014950800957643 -0.0285207483556332 -0.0566438997638434 0.100314574326504
0.00707270668612686 -0.0828372450495638 -0.0436726215565158 0.0991482194975217
0.0968969878903681 -0.0529476849623966 0.0632951036940233 0.0975741260074482
0.189175386091501 0.0767737425325922 0.0836443714696382 0.0734126704476592
0.200200942381201 0.183556066427589 0.0641569392926365 0.046777967342255
0.195709804222628 0.151389434347706 0.0801042291922767 0.00479464013922343
0.176040143275678 0.0177748778320385 0.169158343463025 -0.0615622356304414
0.0641344671950772 -0.079876560921131 0.253139959817497 -0.196908592173522
-0.00495508223659273 0.0224808496935577 0.0622260967932635 -0.29848021367679
0.0745317126014027 0.148634132672809 -0.169931993671646 -0.114555746233097
0.268297872767025 0.157463061564682 -0.238180736928876 0.0913908657583268
0.302671656109004 0.133696469448354 -0.176046512157158 0.150350165664074
0.164000028556973 -0.0469112495031953 -0.104932368095467 -0.115408412449475
0.15179296685366 -0.0789872442463754 -0.0867732510756414 -0.138345189453287
0.0660511323933894 -0.100853835990091 -0.0150192458589072 -0.0332909830842291
0.00976985372415924 -0.0135395757159799 -0.0411990609140244 0.06976218082457
-0.0619425749353257 -0.0558577129608714 -0.0132474284171808 0.022780138829567
0.0180551088765144 -0.0944267490292267 0.12908586775001 0.0176091120386953
0.14366020462409 0.0161670336488589 0.16539022549442 0.0563676095899982
0.155019195357478 0.154808745447284 0.137342082583543 0.102213797315079
0.166758637363058 0.181085689548835 0.177985412307314 0.120981232216733
0.20564671395203 0.0661019826612336 0.347173970390275 0.0495739471704921
0.0852752997330331 -0.0727076700500664 0.476595241649715 -0.259280411126428
-0.038570036617136 0.0618145775190529 0.175220087834232 -0.529143215361905
0.0307207767232662 0.24518693246358 -0.23107532283304 -0.367633180982899
0.235151488485226 0.229989228553069 -0.379806304039321 -0.0884870162238059
0.259134619096005 0.161397668840654 -0.322469286741927 0.0692343394655948
0.0698450444905597 -0.0573189982043592 -0.133738468486138 -0.0371027428328243
0.0742005524709762 -0.0776966052218211 -0.0947854872520591 -0.0523380355917539
0.0282283610124078 -0.109806817819475 -0.016548484399227 0.00724248184018692
0.00275102726155888 0.000967306447297265 -0.0211288196432021 0.0790548553729781
-0.0765238806543328 -0.0150873603769543 -0.0447060800094962 -0.0360655163331495
-0.025553232637705 -0.0740089747264546 0.126091796455857 -0.0858004890469547
0.0754472469283617 -0.00308106537293001 0.217060415545932 0.0123005769665685
0.0859163598258598 0.100057581823831 0.190548134503566 0.145335094927453
0.10017261896303 0.139628310958288 0.259557459402455 0.244869564149145
0.157140181656267 0.0707056483820731 0.533932166675212 0.180734914543012
0.0579744745508964 -0.0500807082524243 0.733445888572726 -0.322547514460443
-0.050709620912219 0.0843659299602174 0.313327963792311 -0.79786711316044
0.00213205388775769 0.248653189851659 -0.267356426897647 -0.672950960048186
0.163087390317035 0.201049850464149 -0.49360613797917 -0.309065892516945
0.159615735612752 0.120824414993011 -0.432966697970591 -0.0239272162508938
0.00656415744038829 -0.000437915029456689 0.469896965853462 0.0454391183839703
-0.0467601307932807 -0.0377193286097369 0.515498330197473 0.405789079545257
-0.00552815406268826 -0.079744838359814 0.32836445060336 0.781944966742415
0.0152391037259558 -0.0606567592089287 -0.294024187659556 0.943898221674732
0.0349842884234542 -0.00965636181471784 -0.824196711806822 0.41192675859968
0.00368732560498133 -0.00603207689811189 -0.65301031832766 -0.181369853362512
-0.00968012715161589 -0.0175942869554217 -0.310694703696753 -0.289512112038252
-0.0138567026410832 -0.0185089680459895 -0.230429103553089 -0.153444515441741
-0.0170675352852151 -0.0167225703507247 -0.250265637035681 0.0149981086344116
0.00111579583391579 0.0128967227482755 -0.103699893106254 0.152881794862111
0.0106829957582237 -0.00921237253182579 0.0785866660729967 0.0312004109627115
0.00417227988491222 -0.0186720717228125 -0.00330327040140369 -0.0964020442687858
0.00366430917143824 0.021271851924265 -0.0131000224212414 -0.0160788375674882
-0.0116561652706846 -0.00316473739687305 0.0764270687603762 -0.0113653914260171
0.0171075660045983 0.000311498389618377 0.156808763068618 0.00165191820263862
0.149017057951249 0.119545677273154 0.445625707224636 0.0187266939617785
0.0594158289690497 0.150747458294629 0.477150316481381 0.355519733668647
-0.0182102363322057 0.113447435331099 0.300486853382728 0.704890781862372
-0.0320176304554461 -0.0257393980358076 -0.304696918331463 0.864250112584826
0.143227402399552 -0.0573020894058207 -0.763314213228806 0.355608117838845
0.164320345285305 0.0672305794081365 -0.587852235460657 -0.17355825090881
0.0905971465395436 0.101793290827414 -0.286400241101345 -0.267910910481243
0.0702960561101631 0.0475754242710395 -0.217724258976338 -0.148286225719362
0.0329884957730183 -0.0482814107696477 -0.23932332701315 0.0010844326175545
-0.0528380355057139 -0.0478670985426324 -0.104467128422933 0.112164867736766
-0.0569485473954094 0.00693628319296594 0.0606183454889732 0.0148279191764423
0.0121945493656626 -0.0453196254377944 -0.000849033615946987 -0.0941805463244178
0.011635558437358 -0.0920663445542174 0.00385651120407197 0.00657509836138795
0.0250962105714145 -0.100682323759878 0.079415917351883 0.0061281664690249
0.0833296650335279 -0.0498879951007585 0.158354982542891 0.0143643716690443
0.260338641099009 0.18503438515158 0.349841474627995 -0.0633043900012629
0.143851038890319 0.242113055251285 0.366031221215023 0.173347042475403
-0.0132446334879099 0.192255821354477 0.239246511910706 0.449417359324472
-0.0345590575620971 -0.019924906779044 -0.241122868019742 0.605014534287328
0.187839501814573 -0.0687684534585968 -0.541500598132923 0.265220935942161
0.242755258328037 0.104925895596416 -0.401022071973799 -0.0817144261646885
0.168378366632477 0.18124986163492 -0.210221560885684 -0.171361230597845
0.146391974263159 0.105555099482146 -0.17162123379849 -0.119368703005172
0.0887752787901446 -0.0475265297693941 -0.199583110365541 -0.0433471541530276
-0.0439757784696154 -0.0886599886590144 -0.117536828579876 0.0167227053658082
-0.0698889909200581 -0.0186565476583473 0.0244478067734592 -0.0219134786949942
0.0261272957305667 -0.0498563789058604 0.00727351610390972 -0.0849481777000686
0.054369679589145 -0.122589580818045 0.0229466628282735 0.0567162463551662
0.0953429904830066 -0.130735412430284 0.0800203738895091 0.0850683338448734
0.155547589781661 -0.0634913236842729 0.142567050425495 0.0768504941473734
0.316662934518734 0.171780315440358 0.211411338069888 -0.147605647192026
0.201790921967654 0.204466748104619 0.223486025019426 -0.0205137534683316
0.0222284326756793 0.148240726270749 0.174918982545058 0.19388851964234
-0.00846321641812996 -0.0285391202619148 -0.150017981512862 0.353719389702115
0.150725098698588 -0.0720944165772918 -0.306102326233906 0.203376172371702
0.227916801979713 0.0782279278142248 -0.205545619814782 0.0338418082576222
0.209160161919339 0.187589101652519 -0.113078480157514 -0.0529771857967094
0.200680507126746 0.146908738761904 -0.10147743585529 -0.0719514461813909
0.147717459508251 -0.00418446325341556 -0.12834435955733 -0.0777161413512951
0.0266137195480614 -0.0890537468145654 -0.0791494363676222 -0.0747221273929815
-0.0340418658999035 -0.0598493606308897 0.028683226155618 -0.08332974542866
0.0290319439588361 -0.0334603900111566 0.000865799774200601 -0.0967779629306997
0.0997833627957421 -0.0626340157459425 -0.0115578237111051 0.0848855791900625
0.189941533264238 -0.0757338136683913 0.0273240950177177 0.162538878580634
0.232919466792283 -0.0255867303417103 0.0853692394077762 0.146890496821057
0.310203549456173 0.0981399468633323 0.0723643393316872 -0.190999450354951
0.230274905128476 0.100783289076734 0.0832836317267478 -0.145111618062746
0.0622245041594484 0.0612413218318281 0.104882159412622 0.0317501950019954
0.0125056400267081 -0.0353795473979782 -0.0814229850484495 0.191445185919849
0.081379739108143 -0.0827219112419883 -0.136564569410273 0.159925781767294
0.169903467803991 0.00859836616109841 -0.0473504153292394 0.101738290358333
0.218501006069331 0.136841920988677 -0.00866478440068194 0.0351962457820472
0.22320785316293 0.168899008464713 -0.018834365577944 -0.0148097903121578
0.190354598058148 0.0684298951739383 -0.0324884080648853 -0.0656138203045079
0.110324023377916 -0.0509315503814285 0.0204016618024138 -0.109273276760416
0.0164265261958511 -0.0805543671155105 0.0978155239861692 -0.147121737063276
0.0190760376089537 -0.0105230064958784 0.00149314727574769 -0.160154433764916
0.108291372811368 0.0354695678340683 -0.0901068067742325 0.0402894198735862
0.257330210263974 0.0302800831866854 -0.0838638087867603 0.179808381938503
0.294240329792841 0.0467189552992299 -0.0227229247232067 0.181807084620447
0.251770263078302 0.00802796216654325 -0.0405979689478998 -0.174143852249486
0.211477617935384 -0.0101023942226039 -0.0316302057994058 -0.178999630691308
0.0780551406153144 -0.0293283549218734 0.0331101600513448 -0.0366687793147648
0.0148500880678566 -0.0288121271616651 -0.0483566798507914 0.104176835854544
0.00229417684053591 -0.0842138293393349 -0.0388124880523124 0.101630812016161
0.091158882840895 -0.0614027851998587 0.0704885721852764 0.0927327296491878
0.192680631753647 0.0627698724926443 0.0900680373209657 0.0680006781916222
0.211282988338655 0.168859579899617 0.0648928750860411 0.0416613699249102
0.205565954880576 0.138301471840867 0.0776517806037746 -0.00110143631007468
0.177389354841419 0.00355159596911439 0.16641236308188 -0.0724802852122929
0.0601631558237651 -0.0852902517604758 0.240988176170061 -0.214189079282032
-0.00338153940030783 0.0235730694504504 0.0439131841760116 -0.301552468365387
0.083610258117785 0.145746772083629 -0.176691245383312 -0.103579466069973
0.277488021357742 0.145305687744014 -0.23028430975863 0.103238106882937
0.311386014703804 0.116177705638133 -0.168208080022279 0.159302042598308
0.160959410940512 -0.0545086403339675 -0.108638561869643 -0.107932368219117
0.147164876152048 -0.0864371649580738 -0.0950339103941471 -0.133618219535867
0.0615110142432778 -0.103417357346925 -0.0191833260739642 -0.0324912662537765
0.00882485801548782 -0.0140780695023169 -0.0365407468058342 0.0726329661063492
-0.0665836516827474 -0.0514166517877715 -0.0117620133966453 0.0234962777281639
0.00970035136252176 -0.0957200898703157 0.130912090775907 0.0106588919015091
0.141107361061258 0.00663737980718693 0.170052651517609 0.0443561564808183
0.164434124513994 0.143783997675823 0.142332132212284 0.0917516888753867
0.1809871166732 0.169123591184887 0.185131589490559 0.108306794228563
0.211953511497522 0.0505732843062994 0.350449043978255 0.0251188482172343
0.0826065447384482 -0.0800039151062929 0.462714928355824 -0.292290123643536
-0.0343421168750659 0.0650994845558928 0.143193393911812 -0.541434544977218
0.0445539194107082 0.244521168787394 -0.252669537152457 -0.356605416880955
0.247648648055825 0.218294502430523 -0.382851821242198 -0.0687285424220525
0.267834184477175 0.147190819008763 -0.31786768399772 0.0839069335868722
0.0671516962682926 -0.0604187704281558 -0.135494303789112 -0.0318532289934628
0.0698732832434493 -0.0810009621467384 -0.0964452857413829 -0.0487938389969187
0.0206296124298525 -0.109854362001896 -0.0173446665023924 0.00840619627286274
0.00244663636200428 0.000547581550485118 -0.0159935013687772 0.0803311287436021
-0.0784929982949473 -0.00793593150035305 -0.0457365059604471 -0.0316089242602586
-0.0319506374787666 -0.0731592999463431 0.12134345149924 -0.0929846354989023
0.0754772365746883 -0.00748373529149058 0.216873337290117 -0.00215003874684954
0.0913698884997686 0.0963047471136561 0.19751690165676 0.129273983863703
0.110522772744277 0.133481562368024 0.27182329306041 0.225577890268416
0.16327322993371 0.0588640037266462 0.543056224274661 0.144324104640494
0.0552656037403748 -0.0558807475148329 0.713508590217033 -0.370700449519965
-0.0467086910191402 0.089501489248046 0.262170798049568 -0.818334777855132
0.0172710884173915 0.249067108927052 -0.306012628402777 -0.65960949264927
0.175716407809072 0.191265428912949 -0.508618136904066 -0.281075481264651
0.166184365320213 0.111432950549663 -0.435001688349895 -0.00343128086916808
0.00749531125203274 0.00019470565385837 0.471593672935677 0.021295338267705
-0.0481881458776594 -0.0353249921311436 0.534168525350011 0.374287477355156
-0.00902447256942596 -0.0782986675961874 0.371612057165037 0.76205346802299
0.0113634627404489 -0.0612802917867673 -0.236066644916968 0.958999734495625
0.0328530395428536 -0.0109356830490481 -0.796318429282576 0.464563880616025
0.00208021459269413 -0.00645782865863636 -0.66117515369312 -0.133406535146949
-0.0109201223266843 -0.0166242581054095 -0.325923866363077 -0.263617234319957
-0.0147000670716262 -0.0175184195910322 -0.236891245473103 -0.135106298147714
-0.0196992462502195 -0.0165721743733532 -0.247751864579273 0.0319732558103622
0.00187053896416494 0.0131630336168337 -0.093615528156538 0.157682639047588
0.00984528133881673 -0.00964476070439987 0.0792259997173807 0.0250560125260691
0.00307963553629254 -0.0197834031806113 -0.00869789154592778 -0.0950587782849475
0.00451814155199265 0.0218138783359823 -0.0108912629492095 -0.0151320638989527
-0.0116942091575442 -0.0032442698170455 0.0744782900169359 -0.0139210665105692
0.0169458617413815 -0.00101427840053566 0.153883083709001 -0.00726102711915134
0.155516521229673 0.110173621335658 0.444786185606787 -0.00603348419730702
0.0684622100786063 0.146333664172645 0.495488561391441 0.328968606874594
-0.0129388706391672 0.116592795339653 0.338304675792097 0.687659394397532
-0.0338802193822356 -0.0225181249570997 -0.25121973931202 0.882164708172435
0.13952810796076 -0.0664677651712818 -0.738749805572698 0.406708624652428
0.168646691850648 0.0553628139861845 -0.593691354510652 -0.13061374787342
0.0950603914468501 0.0961480098763786 -0.298977164502755 -0.243744544319159
0.0738281499316645 0.0411314283300318 -0.223980831471728 -0.131604944996577
0.028658230284788 -0.0499578464307488 -0.236538943032765 0.0169679952214807
-0.0565214432271434 -0.0445246397013876 -0.096075316083402 0.118623742440305
-0.0552001910721291 0.0101580151408913 0.0602578274946327 0.00965702919329723
0.010728189868552 -0.0455897299208589 -0.00659362863377626 -0.0936256989361119
0.00524359685381876 -0.0926488239612471 0.00593237315863777 0.00577966251424189
0.017975816657156 -0.101169533579005 0.0784541451406611 0.00205741293300887
0.0800925023302517 -0.0540984774367119 0.157633882803363 0.00519709239652606
0.269003865584497 0.168887437725398 0.3439919121575 -0.0797321029105083
0.157561920715608 0.232541389754122 0.371593368604293 0.153399864006969
-0.00210617375226429 0.196172990766581 0.26330757649784 0.434866438397856
-0.0376869357104735 -0.016612352502585 -0.200847220701268 0.619616594260426
0.182429715420041 -0.0826293910789125 -0.522755276316085 0.301927917316365
0.250131144381184 0.0872215795479405 -0.40171195239768 -0.0528223161331879
0.178776759804811 0.168564433022156 -0.217770552064937 -0.155600372211056
0.151121290610655 0.0942338593460433 -0.177638355773952 -0.105505078581791
0.082552498300225 -0.0531310847910178 -0.201024621546801 -0.029344909445185
-0.0491892969947115 -0.0855297819549556 -0.115184025069351 0.0236337540693573
-0.0721327641280733 -0.0130752387739612 0.0225379303672177 -0.0246565901160321
0.0223602946037996 -0.0519014242575545 0.00177922181375411 -0.0840173458370796
0.0459699858152743 -0.124180722009715 0.0276815550528918 0.0545142065944565
0.0882076854429859 -0.133699971522145 0.085301605852626 0.0797637694323524
0.150815114914706 -0.0698170013020263 0.144522885643263 0.0670735513145898
0.323950556035339 0.152919173283735 0.201299611092721 -0.157022245969372
0.213809170256655 0.194378372230967 0.219906409154328 -0.0318949303585797
0.0317259404907789 0.148841860121405 0.183402484293853 0.183323940343896
-0.0100714920416233 -0.0283464844005245 -0.124952978660531 0.362251437588122
0.146796118208898 -0.08326984256842 -0.291921314912269 0.221174021200874
0.232729647575781 0.0607894259208497 -0.200972237570365 0.0474843453468878
0.219735197614928 0.171512439304823 -0.112981316459159 -0.045130906671959
0.206890135294586 0.132545195144962 -0.104601523829756 -0.063749448825086
0.144148120258868 -0.0132024609164507 -0.132935447552137 -0.0658735656559038
0.020657490795404 -0.0909305587715222 -0.0836664361096088 -0.0688006180071045
-0.0385237545805256 -0.058116012009059 0.0236326264505604 -0.085148978971081
0.0267040349626354 -0.0357104760322025 -0.00698878540747958 -0.0961970466031668
0.0954998102174032 -0.0667835114648128 -0.0066236699363775 0.0859568765563152
0.18416056086946 -0.0832042798989132 0.0367920738242569 0.158671486581524
0.22971933797244 -0.0362650438298721 0.0919533802152651 0.139025661426181
0.314299283758881 0.0816107113767857 0.0609100741153769 -0.191789247426617
0.234620497442055 0.089220514982678 0.0737429327188558 -0.14808309360189
0.065820237391093 0.0594346760652426 0.106616861071839 0.025106421092358
0.00974915095683816 -0.0350580681974355 -0.0670848367738323 0.195992711812355
0.0758334675033284 -0.0902805690081974 -0.126832247531459 0.16739452391384
0.169333375304446 -0.00425096121908165 -0.039220731302681 0.103589386803945
0.225144223139299 0.119952816106453 -0.00453421194228027 0.0358309348588971
0.231062879547339 0.152537881568161 -0.0188467991785595 -0.0132444453327404
0.192943352471678 0.0545351619916973 -0.0379016287761972 -0.0633042050088025
0.10577175002318 -0.059319754357354 0.0133206008693822 -0.109369620226775
0.0114579753778482 -0.082521840962176 0.0886211979748642 -0.155649524819734
0.0185776226129777 -0.0106836784995702 -0.0108954682231191 -0.159996796831776
0.109754387244372 0.0295602272996372 -0.0871636286717832 0.0454787081324518
0.256647083789193 0.0189745585834338 -0.0737888061495572 0.182117075806908
0.293526037922328 0.0303804783452814 -0.0128966524096886 0.180240097412824
0.250344373111714 -0.00316164764584874 -0.0483819260857071 -0.170699618416002
0.211030261291313 -0.0201065413767736 -0.0427263590206858 -0.177667552344334
0.0768817169281205 -0.0323140045329942 0.0305082058224165 -0.0389787914750062
0.0136478946048982 -0.0296410968553105 -0.0410233673644185 0.107607231775942
-0.00314786264830873 -0.0844835816153228 -0.032896613874371 0.104150704891993
0.0864046349603848 -0.0674758713243424 0.0769476620520883 0.0858943417988721
0.195049414618983 0.048150002162234 0.0947742422701475 0.0601548700335938
0.21925021164593 0.151528312311167 0.0672912795687906 0.0369753988769813
0.213426663869513 0.122886855352393 0.0741498156143678 -0.00627571886773926
0.17806475736291 -0.00996679214968597 0.159921785593217 -0.0816309709638421
0.0552692627261492 -0.0899412478747357 0.224378887731889 -0.230705749777976
-0.00134852447454159 0.0243118766443149 0.0230121031353183 -0.303617025854727
0.0917118712162362 0.141901754872283 -0.182525964097045 -0.093357755098556
0.283743805870796 0.129721266793661 -0.222174606178929 0.113141607800176
0.31583253097053 0.0998699315739349 -0.158932199401043 0.166441251896929
0.156536163311114 -0.0621216232457197 -0.113520027066475 -0.101768796588896
0.141500339569483 -0.0905969301829252 -0.102581601788117 -0.127473381574851
0.0538394493973244 -0.105099335347321 -0.0212381340783448 -0.0319229012742698
0.00844726372094324 -0.0136852191860804 -0.0309068507900919 0.0737916801552087
-0.0708064760099946 -0.046854621323958 -0.0118477328750451 0.0249979854411042
0.00202985874870519 -0.0957879860564505 0.131531436206358 0.000973585504876441
0.139316955267316 -0.0038368028615979 0.172908822851095 0.032780022445812
0.171595527351578 0.131457513763529 0.144444940813005 0.0808035127100686
0.190762720003345 0.15448537310918 0.18879734583128 0.0929520242584755
0.213729096368304 0.0340690589508212 0.350295241028303 0.00243766958658514
0.0772352353132667 -0.08677400014456 0.440361798989102 -0.322391338599548
-0.0317539075580069 0.067812705046709 0.106084182411852 -0.548559981732388
0.0593363249513037 0.24134108530009 -0.271671362144593 -0.34126466239709
0.258268413506784 0.205367263508452 -0.383961575407877 -0.0483054194805206
0.273759161971106 0.132825996121768 -0.310960533211362 0.0989349987308755
0.0620129656705956 -0.0634976025219164 -0.134336322897751 -0.024231355198194
0.0637795788107008 -0.0830376617314379 -0.0991740136686553 -0.0442022050970915
0.0135447632492423 -0.110702669001802 -0.0185586888203271 0.00970300368146786
0.00364504729729457 3.79529699972356E-05 -0.0103386652318582 0.080653895332615
-0.078746476358011 -0.00210858196586716 -0.0484098013934555 -0.0280727405008122
-0.0376446402599415 -0.0696386583885791 0.115615212728615 -0.0991249353915798
0.0738370232549342 -0.0125352680556258 0.21572944470574 -0.0162353836828167
0.0971415427593357 0.089098193040027 0.202276622898198 0.112921772284376
0.119803220591962 0.124409311878835 0.2837222987204 0.200737034203051
0.168263352410797 0.0456404555929996 0.550115965416643 0.104546706438119
0.0517301175037357 -0.0607764462085809 0.686506491974673 -0.418309323846648
-0.0403294814350305 0.0919611182963849 0.210584339158529 -0.835615439671583
0.0318773562512927 0.248355844169134 -0.342926106859415 -0.639122048930357
0.185639555234753 0.182114497864762 -0.523222801144177 -0.254133020178948
0.170536979141713 0.103037770589432 -0.433226885993724 0.0197137865704035
0.00724193793491643 -0.000870569262257372 0.464821087396586 -0.00113883305618408
-0.0492069123971064 -0.0315989303088542 0.547422399743156 0.346325575288651
-0.0132314514587136 -0.0763650614092141 0.405542804264644 0.736606079139197
0.00829850417026186 -0.0603668415601467 -0.177156503708988 0.96557089923085
0.0316999646895915 -0.0121174937549364 -0.759264163881016 0.506423672942078
0.00178249615233489 -0.00569453372508497 -0.657617198745728 -0.0899353206974668
-0.0122648573280899 -0.015664879153409 -0.334513145058472 -0.237415621862451
-0.0140857850100943 -0.0158971912681842 -0.239490269677716 -0.117357463848822
-0.0213876825449239 -0.0156727008842029 -0.241439408591188 0.0458748949357999
0.00300664274810987 0.0130210798643494 -0.0831908479879322 0.159665879589266
0.00881141318499006 -0.0114963513450296 0.0780003957102118 0.0199536468197846
0.00205962598842167 -0.0199733659960901 -0.0141875835074993 -0.092861657026779
0.00599525978434136 0.0210711361143504 -0.0102414067078136 -0.0153713140593587
-0.0121466386307124 -0.00259471423124209 0.0714933493892574 -0.0169266441677529
0.0172361504697984 -0.00182043594703799 0.15026420836503 -0.013814533787035
0.158749284637837 0.100800324253036 0.437653356604067 -0.0260312851634792
0.0749095441845168 0.142166131955639 0.503208626484652 0.302138039183189
-0.00525132966065048 0.118450493374068 0.366415484341114 0.66179009255522
-0.0363478328796375 -0.0196894143432201 -0.197264417366441 0.887717559687114
0.132484575637686 -0.0737659736221676 -0.704118488230517 0.444513270929137
0.170498079947447 0.0437934117225149 -0.591626145601093 -0.0913828651455085
0.0998761988061066 0.0876963220907461 -0.30684231470265 -0.218801627154458
0.0733880875576526 0.0349835742989437 -0.22561488557053 -0.112468986425079
0.0233700856294128 -0.0502990069573928 -0.230226429767875 0.0305040232994452
-0.0581968207716648 -0.0392364975842585 -0.0883122123205229 0.120218485253931
-0.0545055346129755 0.0132604867615958 0.0588343618973369 0.00542677124633561
0.00697626345434687 -0.0453685381811562 -0.011876199888954 -0.0910334231857633
0.00079376026968826 -0.0901848630666317 0.00737937623151402 0.0056002165288413
0.0129844174487854 -0.0989790711538029 0.0760337161470744 -0.000796890945240749
0.0753029474534804 -0.0563642829306439 0.152319562482597 -0.00280186337811058
0.272375675117692 0.153870882722105 0.334007769970319 -0.0945038959849633
0.167220820258503 0.223447051075432 0.372130767861135 0.133003574090115
0.00766499174874234 0.196170198212975 0.282183568331654 0.415837585926572
-0.0395765831021872 -0.0118454864008266 -0.162663456932698 0.622959748646747
0.175357498895029 -0.0923962144435557 -0.49890088551222 0.327662042082327
0.253606795052518 0.0703690932504171 -0.398651813421635 -0.027457219950255
0.18637282651253 0.153623563422442 -0.222405009544897 -0.136769612952203
0.152721307799451 0.0825287929254319 -0.177839064663733 -0.0925877591112999
0.0758417825027197 -0.0551257148870081 -0.198296293465173 -0.0151503703083899
-0.05479863386439 -0.0809707045014104 -0.112608514808657 0.0296790145702219
-0.0727019875428891 -0.00977817230773457 0.0203497639832548 -0.0264220428430132
0.0190128301213029 -0.0516054160044819 -0.00344148530497011 -0.0816222935836377
0.038932634876097 -0.124475876985777 0.0310430169462207 0.0529140542084512
0.0800899012661811 -0.133370014681628 0.0856407686037519 0.0749682130577831
0.143552482544244 -0.0745796468909564 0.144078512822903 0.058689188770048
0.327011881385008 0.135934442989363 0.192332718506833 -0.162774692712157
0.220934483765175 0.182945871568254 0.213221055277725 -0.0420692497394048
0.0394228758526096 0.148252425195334 0.189142289449162 0.171437854626744
-0.012778554878396 -0.0266547615454785 -0.101523957512379 0.364353442694691
0.140386253847373 -0.0924874127808529 -0.275161141255273 0.23563298304072
0.23416514130263 0.0435792317748575 -0.194063768172584 0.0581327811156539
0.226875064254513 0.154071279167367 -0.112138269635274 -0.0353856191330662
0.209998406789752 0.116501371956069 -0.104974752120666 -0.0569446367718795
0.139441620383869 -0.0219314432671244 -0.134665578373031 -0.057366174860187
0.0144828341928982 -0.091801662982343 -0.0855903617438277 -0.0625685884875073
-0.042608508495446 -0.0552712326778578 0.0184595680224294 -0.085967942094226
0.0233935043951735 -0.0360263204578369 -0.0129769670729325 -0.0923091325818391
0.0892051884463132 -0.0697133958730079 -0.00134383711210374 0.0856708076757527
0.177210025264656 -0.0886686219597054 0.0435702196856645 0.154165817155701
0.223041842429552 -0.044444003007116 0.0962379037915706 0.131288757240487
0.3114906452422 0.065824221665714 0.052387681949833 -0.189773185907072
0.236438377177957 0.0791255683346469 0.0640351687208124 -0.149556354843456
0.0676372157591218 0.0575785891631546 0.106545394518697 0.0186698025171827
0.00706739971359074 -0.0354611837845522 -0.0528044460267598 0.196697384357683
0.0711969253533004 -0.0931819901680223 -0.117255669464309 0.172012669039678
0.165888155784224 -0.01510180462836 -0.0328133402016579 0.103733013060457
0.227430928382227 0.104022192679364 -0.00124548041817419 0.0366056520070476
0.235632402343214 0.135298260697148 -0.0193557154715599 -0.0126689839063121
0.192143527746292 0.0417563944642534 -0.041709374955019 -0.0605600312650564
0.101365802020623 -0.0662319315589076 0.00687805981769625 -0.10793984120786
0.00692372821634842 -0.0820304657916911 0.0773946699830027 -0.158505265270041
0.0187868255629768 -0.0113230143864651 -0.0206191059552832 -0.156575993520006
0.110516209240379 0.0251772748942966 -0.0829162834585311 0.0494995952989937
0.254635453373049 0.00713528407950651 -0.0640512341551785 0.18055172519261
0.290980428973291 0.0181837510004682 -0.00467135766335529 0.174853963796405
0.243834556373848 -0.0149108576401613 -0.055104825314657 -0.164300818617764
0.207517917975104 -0.0283485601223465 -0.0509579115898346 -0.172203783235984
0.0753917613504405 -0.034198485735394 0.0277212624159489 -0.0407660109450541
0.0121700182209001 -0.0294234182711285 -0.0330000325201284 0.107710697340935
-0.00731333965765933 -0.083588164872738 -0.027204680289767 0.103901191399183
0.0789931664649652 -0.0718525614966844 0.0808494409476317 0.0794320115593804
0.192832196922436 0.034644423538161 0.0973367343112557 0.0530723080235574
0.223271528084164 0.135134169644988 0.0678539086031777 0.0326312833309441
0.217744711986141 0.106634859875694 0.070964246550262 -0.0115461801168457
0.175108037077125 -0.0220667068440042 0.153264094592751 -0.0895352234322798
0.048639760753771 -0.0923277551038889 0.208103800550148 -0.240422790577979
-7.39187542990061E-05 0.0234929457169059 0.00481310656216447 -0.300651720172686
0.0986163737208754 0.136454603640425 -0.183377059506582 -0.0828568267929113
0.285572395784855 0.115920247236466 -0.211596673281113 0.120871526895736
0.314835373381 0.0835501050226237 -0.14792847045046 0.169581645185645
0.149365483500078 -0.0671315174515737 -0.114524564646621 -0.0947740965195957
0.135503145554284 -0.0950321313678234 -0.108048038358841 -0.120047649827884
0.047966127675135 -0.106067759268727 -0.0227321226273938 -0.03063503914403
0.00876319119078542 -0.015890695478614 -0.0251922032281617 0.0745363951679282
-0.0719198650771795 -0.0416176703553554 -0.0113440972717617 0.0261753238523463
-0.00530252974721618 -0.0940827237254394 0.130234968028714 -0.00816744310525411
0.135825650425072 -0.0132284012707816 0.171745798891734 0.0213739652989712
0.176560335445156 0.118309312241201 0.145256634712098 0.0692646322186108
0.196697813624375 0.139144932994052 0.188694461175927 0.0788106280925519
0.214705849387969 0.017095609197567 0.344968357247826 -0.0200551726015951
0.071682736718829 -0.0917704985333239 0.415367496760022 -0.34517861670936
-0.0270391715968181 0.0695852521160236 0.0724890792741884 -0.549167985894028
0.0698886963170936 0.23737447551105 -0.285228245669519 -0.323534272520352
0.264897713197274 0.190077699717569 -0.379032875383379 -0.0308784358999675
0.275703574252554 0.117669462330359 -0.30270253784929 0.110107576305428
0.0566732081078226 -0.0646315247590784 -0.130771468086558 -0.0179032165877864
0.0582339200002188 -0.0831989922124611 -0.0999765980503527 -0.0383825893513309
0.00830614310660967 -0.109689252984938 -0.0187361616615552 0.0110854605891222
0.0034006039008405 0.000709338442488246 -0.00492699491563547 0.0792094540848535
-0.0782174407487526 0.00467725868086469 -0.0492997958871341 -0.0235848064666881
-0.0421173159082432 -0.0657834950085831 0.109535796492891 -0.105649301691513
0.0721568833442337 -0.0170479255892728 0.211020487544599 -0.0285922732397598
0.101255437020263 0.0833876592437339 0.203390822272402 0.0983197211212694
0.124983918254705 0.114242251606044 0.287759675288291 0.177765657595463
0.168640043361476 0.032347165682528 0.546709504338646 0.0695009871145111
0.0464139880343018 -0.063867334133487 0.6532348109796 -0.451200381587284
-0.0355823238900392 0.0941095776599881 0.161742025830581 -0.837795025956437
0.044264494194834 0.244690519151621 -0.371710649972879 -0.616966890175307
0.191112714910182 0.17094705490966 -0.525376227623858 -0.22597258768528
0.172955520989517 0.0928145697501214 -0.425959225957834 0.03744076776233
0.0138785191919899 -0.0049160042514282 0.451610689575597 -0.0154112607406136
-0.0442780120645619 -0.02879774894484 0.543982416759361 0.32157372325917
-0.0101013158717105 -0.0669380848726705 0.420543944251007 0.709265777201837
0.00538375391906196 -0.0510773409586776 -0.136238045961727 0.954984394972358
0.0244122799423163 -0.00948133724452017 -0.715672880587621 0.530473966406447
-0.000822215139135149 -0.0050072002291666 -0.640874362600045 -0.0580471176556963
-0.012951929071075 -0.0161367619716665 -0.33808641627652 -0.214766272479884
-0.0150285389805928 -0.0158281989638899 -0.239802928009046 -0.100494822150437
-0.0224114491522458 -0.0139418566122588 -0.233583195163225 0.0594220186019493
0.00474773853253635 0.0120568838788679 -0.0741032931085334 0.160488557509103
0.00760122678139535 -0.0117767898725429 0.0761561521649738 0.0152509897822674
0.00170374376913101 -0.0197474621808947 -0.0174621038290825 -0.0901441956313932
0.00694982779951912 0.0205686689124618 -0.0095112555010966 -0.0147585957241926
-0.0119264389006382 -0.00167841495609518 0.0689753527660784 -0.0179746155325654
0.0178328166944932 -0.00152563450889234 0.145448536170682 -0.016879502807997
0.165679574647269 0.09000704889399 0.424174843669395 -0.0363841396061075
0.0831867524771017 0.138783668006656 0.502076671179836 0.280478239284167
0.0028111773542111 0.125622940353842 0.38060091791597 0.637821225384382
-0.0377046705664961 -0.00938138095158037 -0.158020272663046 0.874429822444916
0.121177475987252 -0.0771209032375748 -0.665742270794344 0.468062709471557
0.168729886560899 0.034263197404157 -0.576379010089725 -0.0618236894231443
0.103196700200961 0.07858895643135 -0.309369469118242 -0.199517941537031
0.0746912966211876 0.0297775062701239 -0.226691984467917 -0.0978927754484457
0.0174930964196754 -0.0494740487959636 -0.225303731113362 0.0427379808406019
-0.0602520443180787 -0.0360578647586495 -0.0820939607562456 0.122801954942669
-0.053583145196871 0.0159658586220324 0.0571297721194039 0.00168818040292262
0.00655469948564369 -0.0447785196408869 -0.0163043136601014 -0.0884458819560049
-0.00285919393524322 -0.089240937959288 0.00927407866447514 0.00488335267041597
0.00898614995168392 -0.0959693090369303 0.0747553795566325 -0.00375692650003075
0.0725803077777192 -0.0553161180538057 0.147976451081557 -0.00762797200192296
0.27786743699187 0.13845704260725 0.322246675403901 -0.0991159556664272
0.177491848980638 0.215870748958154 0.36639188885038 0.120920087771333
0.0182785585946357 0.19958368266539 0.287532875627477 0.398484596476564
-0.0415954420314999 -0.00416207552722577 -0.134405547776765 0.615217147320924
0.163139345335623 -0.0998450941634934 -0.470776947094627 0.343430754869882
0.25087747348857 0.0550996772768905 -0.386352294372591 -0.00932527028678108
0.190825762646102 0.139695604738469 -0.22175027418257 -0.121735118248938
0.153471312182113 0.0717781953103129 -0.177780939234704 -0.0807895077665472
0.0713505738263586 -0.0580289053922866 -0.195522545904346 -0.00456218443670807
-0.0588871672926453 -0.0765393707360832 -0.110398515474595 0.0337868961181429
-0.071614732773932 -0.00618404662069886 0.0186937246517868 -0.0284365617433002
0.0164768561558766 -0.0513362470805215 -0.00755939457624488 -0.0799709557122383
0.0326826716539073 -0.122941268503976 0.0326559000735324 0.0506746547284676
0.073617487932895 -0.13060703608212 0.0864234156082162 0.0692104044913363
0.140176026045207 -0.0747003153239928 0.141131340648377 0.0513455377683974
0.328158331720791 0.119958651396827 0.181436039360287 -0.160806991079777
0.226598354876367 0.173372124297462 0.20532265374201 -0.0458278422816284
0.0455169019897835 0.14936939160968 0.191371666856693 0.162232814307087
-0.0151376376299381 -0.0211382664914678 -0.0829632962621384 0.360661274875075
0.131107110118311 -0.0981972256520268 -0.259121254921207 0.244030474135319
0.230872126791061 0.0321337987111586 -0.185358778013114 0.0642112409603267
0.230191241870553 0.139450626368626 -0.110379166421143 -0.0290428410390811
0.210471014060386 0.10188620503699 -0.104946577644082 -0.0508162476978367
0.135030316546587 -0.0283206481338572 -0.13539195186961 -0.0492697871411153
0.00938152894208314 -0.091474898606928 -0.0877952321681045 -0.0573286843570082
-0.0435930281835255 -0.0523060543331124 0.0136769584079117 -0.0861918346060793
0.0220904757642034 -0.036372312151359 -0.0182558808077491 -0.0905804505230981
0.0860542717005654 -0.0706245594285779 0.00219058452491191 0.0836616873496186
0.170030847830478 -0.0904040764339655 0.0479623785418886 0.148945604404361
0.218239093885517 -0.0473652353493657 0.0979573461976256 0.123837905348753
0.30933865420171 0.0546650648404113 0.0464104309944349 -0.184126994240442
0.236593979413502 0.0710893890965961 0.056960135216382 -0.14691591767592
0.0705018086821518 0.0559146738870567 0.104748118500887 0.0150700769632318
0.00495876142560108 -0.0325120219717087 -0.0422071059414183 0.194068673597843
0.0656599739058518 -0.0951146883466219 -0.106028336850373 0.173108796491704
0.162396063384341 -0.0226925068768179 -0.0270562074839687 0.100976857510509
0.227562665408777 0.089270949298846 0.00155987311242851 0.0355028377402412
0.237366677815557 0.118849804269996 -0.0180746455380007 -0.0117559244770801
0.191119773706406 0.0308777161084833 -0.0436995403678529 -0.0577480826515334
0.0956389405170397 -0.0704985421486304 0.00161895112640333 -0.107114714263756
0.00326446456386238 -0.0827953080366998 0.0686060024653146 -0.161484144007596
0.0169606916312339 -0.013128639207118 -0.0298401559053146 -0.153486686853869
0.109241506401475 0.021787401367027 -0.0799854328666591 0.0531484899693457
0.24938691862717 0.00199695522588769 -0.0558468932241875 0.178119546700346
0.284435830187345 0.0125534693965001 0.000759326623000668 0.169944198510678
0.240343359527546 -0.0233178649197159 -0.0564173901974885 -0.156457949741057
0.202570280283408 -0.0336636325477732 -0.0545137897074441 -0.165661322665764
0.0732228211341981 -0.0358265870577324 0.0264573975639977 -0.0404719873023821
0.010032563432761 -0.0292326448812092 -0.0259842090428427 0.105622276548322
-0.0114357146233727 -0.0815064196543727 -0.0231942869046633 0.103492399287964
0.0737140659307569 -0.0746837115039158 0.0818516148619575 0.0730639300227826
0.189054873409206 0.0238510490787248 0.0991155077734689 0.0478427235182099
0.226169271651437 0.120217470159824 0.0678768036171094 0.0273339294103335
0.218153225890167 0.0916676220855309 0.0681427808535182 -0.0173065036029309
0.171280559268474 -0.0316227585117551 0.147075851543335 -0.0975467225109201
0.0452748397200286 -0.0942075651951815 0.192589093897168 -0.249306611090584
0.000367983157618141 0.0229135049826125 -0.0121446409883701 -0.297162836103067
0.101845612525752 0.131580831387399 -0.183770811254707 -0.0745867940798197
0.283989873682006 0.106225442466881 -0.203347142981046 0.123524190421654
0.309516749008374 0.07490476074456 -0.140222987913848 0.167554586645328
0.143528936321804 -0.0689224563019132 -0.11167612453729 -0.0884572268854792
0.128057027716024 -0.0961451478105923 -0.108879168481631 -0.114304893922886
0.0430861948434865 -0.106608728658561 -0.0236929105628585 -0.0301032673221501
0.00726407026281295 -0.0145292048986538 -0.0212801708642292 0.0734154093948396
-0.0735206349641989 -0.0364227305958804 -0.0102356724409111 0.0260083162491525
-0.0107371198144102 -0.0913752062212599 0.12750903641984 -0.0132127628002684
0.130922404747639 -0.0194005729815629 0.169920606567601 0.0126487060690785
0.179761275206903 0.10692666148413 0.144770827379282 0.0603309003429821
0.200337596721973 0.12521145991608 0.18783157701487 0.0648552961017303
0.211918973044887 0.00571083725739236 0.340905971688036 -0.0384950570108578
0.0666974662690533 -0.094715706964306 0.391613492541754 -0.363645027937097
-0.0241127718524221 0.0664850347560527 0.0476038975933065 -0.54571599449642
0.0795636220770494 0.230290128096119 -0.294327487008853 -0.308998741470301
0.266977959594938 0.177976970817854 -0.372579490034817 -0.0196638185966441
0.272840609715006 0.107062936653237 -0.292464968655633 0.113839328528114
0.0518983476720254 -0.063813638214346 -0.125157708579598 -0.013583594225704
0.0551104691840439 -0.0839251729277259 -0.0993366791939797 -0.0351522559917624
0.00441278953424742 -0.108059101715409 -0.0187077661705068 0.0114473931005387
0.00481399099842857 0.000835812849753815 -0.000837700460752507 0.0768031651562004
-0.0777293648207281 0.00877568190286826 -0.0488654895213348 -0.0199861915462858
-0.0456604628890304 -0.0631238184405653 0.103397896208825 -0.107197546285941
0.0684946136649282 -0.020154114663243 0.204667663848387 -0.0395729639058354
0.103700482104667 0.0759663233003797 0.202996564522504 0.0845639744088482
0.129636891840029 0.105303163364496 0.291368441272196 0.156413377645108
0.168158956516773 0.0232726361053664 0.543559539029322 0.0378922163369539
0.0449310672003317 -0.0660691645532694 0.620997796355845 -0.484281339221806
-0.0298103111397162 0.0915952519723693 0.121224771661802 -0.838871873565338
0.0548520279282646 0.237673298880639 -0.392077961771121 -0.596364592124926
0.196383505860781 0.159338680326859 -0.524769570439618 -0.206835882575836
0.171264213040317 0.0844152669629328 -0.4174871799028 0.045729875645154
0.0141808636642144 -0.0054946187795715 0.445681427271322 -0.0244436163406595
-0.0443669452816747 -0.0265944770600535 0.544027688890912 0.306419179978848
-0.0114188371581717 -0.0647766644253724 0.431503050143678 0.694762499590585
0.00539472204483064 -0.0486249780600685 -0.107473109499 0.950115494893235
0.0225925050537611 -0.00890034171600145 -0.691536249643051 0.549987589890864
-0.00132186519139643 -0.00497519872863715 -0.633799141362544 -0.0322666542459686
-0.0140313836446342 -0.0152272062329812 -0.338414118320896 -0.197786299069021
-0.0144691793631251 -0.0160650608607046 -0.237702431305807 -0.087857249358138
-0.0240944086252934 -0.013925215468094 -0.228059492275749 0.0669072078239759
0.00549628703278145 0.0114852833968965 -0.0685722990451717 0.159542229805541
0.0061524479697004 -0.0130428090363403 0.0734156078963921 0.0122432970394896
0.000674064128213874 -0.019529911217837 -0.0202496955599544 -0.0874981468614996
0.00753656217904117 0.0198951538425437 -0.00913779738457607 -0.0151609048928647
-0.0117397606328838 -0.00178755268593173 0.0677747101138722 -0.0191484749057959
0.0170169190273378 -0.00225648524994637 0.141216195352151 -0.0205047143624666
0.164806888796167 0.0848435042422525 0.415988014660604 -0.0437593117524195
0.0862936628996506 0.136443105328921 0.499148616148712 0.266960300140685
0.0066273591157497 0.127563387443739 0.390377479734975 0.623022455801917
-0.0383765024929067 -0.00566879225584991 -0.13106686227811 0.87014457389892
0.117316091553718 -0.0803289571011789 -0.644826424692723 0.483649381327653
0.168025538626385 0.0270368259121048 -0.570921641590788 -0.0392904891273378
0.104588803010992 0.073711136118869 -0.309303122232155 -0.183423944559936
0.073198956470482 0.0267511363218347 -0.224501426729543 -0.0876980901088349
0.0146627075835374 -0.0496526478564604 -0.220076403252804 0.0511286444409568
-0.0603417319991582 -0.0330239737866445 -0.0776941758170057 0.123596765051978
-0.0532875289533901 0.0172236996398961 0.055357301270669 -0.000600594212416313
0.00546889735727023 -0.0447497218918262 -0.0184600033874408 -0.0855262668735173
-0.00539890338126245 -0.0870850942417798 0.0095825379760268 0.00344689557022092
0.007111999528584 -0.0936956821309617 0.072868559091345 -0.00424932445217396
0.070175211054903 -0.0559974263942015 0.143961610773048 -0.0104780551607809
0.276531851280027 0.131612177071246 0.315616591040629 -0.103269352864089
0.179587424815925 0.209517143407341 0.363540282447353 0.113440428547427
0.0230646827773071 0.199279095823383 0.293299804084245 0.387394581201052
-0.0423975624972236 -0.00167857912259991 -0.112544551059811 0.612861403213186
0.158025307006099 -0.1046663487968 -0.452917726004002 0.356266439377829
0.251532179312089 0.0445081480818821 -0.381334181720289 0.00592058010124423
0.193080085850855 0.129410853722858 -0.221172510404313 -0.111999904708472
0.151699394250108 0.0646943343385716 -0.176439705632348 -0.0730288350378657
0.0668439487014007 -0.059418387918254 -0.192023864059946 0.00208425556066982
-0.0612353047205174 -0.0735669136481201 -0.107602053321784 0.0375661050993088
-0.071469817693063 -0.00363400104256276 0.0174303822788345 -0.0298315819939548
0.0146618921053089 -0.0519897626116004 -0.00997763818014292 -0.0784747888013617
0.0298808584736806 -0.120202741863388 0.0341088493757875 0.0497851843546847
0.0699380450447538 -0.128818202892813 0.0864562237531119 0.066345856234591
0.135717336658727 -0.0755960578336735 0.138317989468546 0.0466311100358324
0.32584733403893 0.113336359219691 0.176937876908212 -0.160703357959033
0.228698147799313 0.16718559018492 0.201058559547935 -0.0483295842051772
0.048267744382371 0.148776061925596 0.194210806506967 0.155686626787913
-0.0173135677722648 -0.0191301829717742 -0.0698938621466143 0.35796365851141
0.126025007760017 -0.102126648377366 -0.247292889849755 0.248297005736573
0.231052808529988 0.0219446833909532 -0.180328892640993 0.0686277034285757
0.232063824995086 0.127326114242427 -0.107685966736404 -0.0239212977860797
0.210018167367225 0.0925641559566156 -0.103580589593861 -0.0456101131790317
0.131207398711384 -0.0325130070458836 -0.133999137569358 -0.0429704364204326
0.00506402531218324 -0.0916226846274648 -0.0886789782833534 -0.0524480432731208
-0.0446911221659077 -0.0510426137589908 0.0109694586832763 -0.0866364270567647
0.0199455141497845 -0.0374720698788268 -0.0209533297817784 -0.089111306421898
0.083216960211528 -0.0705740187289433 0.00467419361205534 0.083245382980108
0.166122010887995 -0.0903042748443495 0.0504765805854333 0.144186963720901
0.213515343851831 -0.0503986287743441 0.0976581952952647 0.119009280076725
0.306075533022099 0.0480935537196235 0.0425778838197362 -0.181123143590838
0.235988193161685 0.0673142741873905 0.0521130210452263 -0.144966070495882
0.0708715357643225 0.0545301369202431 0.104562265772993 0.012288538212262
0.00362489559878183 -0.0313889735365692 -0.0341056250332425 0.192192313216823
0.0598875093132807 -0.097772191994503 -0.10004648044039 0.17463326752783
0.159375774896149 -0.0289671004957996 -0.0230412400459923 0.0990720241975392
0.22545282481196 0.0785628902874408 0.00385229442654334 0.0356925622101456
0.235224468506606 0.107682345533658 -0.0187907317478343 -0.0105774727500493
0.187079575399887 0.022797349973968 -0.0469952796097287 -0.054819545939928
0.0921720754444923 -0.0755235313519861 -0.00138914048380096 -0.104589660589259
0.00138344599896789 -0.0824703513206988 0.0623795427767254 -0.161856421968256
0.0160830553391169 -0.0130370787885348 -0.0351636554870325 -0.14931029671698
0.10897992638936 0.0203277068432089 -0.0775126766699662 0.0548394242939957
0.246355545092386 -0.00294569395056082 -0.0500727964856992 0.175832157139844
0.28074885774871 0.00663620357453375 0.00367388083272492 0.165678430712735
0.235207027252942 -0.0257735301008583 -0.0578652498165662 -0.151869499989946
0.200308854306391 -0.0352131392206611 -0.059079105217039 -0.16177546767475
0.0709587248900084 -0.0354331958377313 0.0252377510649854 -0.041858730451884
0.00919191545089303 -0.029100468370962 -0.0200472012598701 0.104022353385595
-0.0133066601463463 -0.0809170739926228 -0.0202232153369903 0.103628478108115
0.0700240739665415 -0.0764166439219467 0.0834478091126978 0.0684088970889935
0.185872444352374 0.0170562468604816 0.0996937737880073 0.0428487551960727
0.224823098633602 0.110656824069587 0.0675123422235724 0.0239040536092908
0.218334514505732 0.0823069386633654 0.0635745825725616 -0.0192520008072544
0.169018610041353 -0.0392519889291696 0.142945421684856 -0.101106162802706
0.0427195629175791 -0.0979193069093676 0.182940949711792 -0.253905187644125
0.00112391349145756 0.0226144308067035 -0.0236801606482684 -0.294490829334575
0.104612242561081 0.128021418471526 -0.18321023118918 -0.0682148464364921
0.282632868067382 0.100162681718121 -0.197025117289106 0.125986870249695
0.306198852765568 0.0670357293663166 -0.134168068096981 0.165963078673068
0.139495817731906 -0.0696975791523367 -0.109941741263915 -0.0850098761339372
0.125221213201754 -0.0961603177082717 -0.110962717681622 -0.110907161084429
0.0399173186794908 -0.105112882150163 -0.0245367717812475 -0.029695547320679
0.00797289754790019 -0.0155872646190543 -0.0168005900685098 0.0728779131844219
-0.0740233880157894 -0.0331907490093998 -0.00920758638981394 0.0269274949334714
-0.0156018883809725 -0.0906997166281139 0.125450690668254 -0.0179392839899069
0.126101657898456 -0.0244763785403571 0.166589443016396 0.00569707557160665
0.180503250610323 0.097588928469712 0.144376020283648 0.0535202135517367
0.203852395647258 0.115008067517884 0.184932343414795 0.0560338860250392
0.210055736348471 -0.00425833553419632 0.335548926054114 -0.0509275724505939
0.0631672731410365 -0.0981396800281193 0.375569490148976 -0.373711173529914
-0.0226168750742609 0.0675845132133428 0.0288988611677095 -0.542103632601795
0.0833340032852371 0.227420652169492 -0.298557015499553 -0.297734339702261
0.268256370635515 0.17007349044107 -0.366534736566597 -0.0130460906296492
0.269674742030221 0.0996587258041298 -0.286367903536664 0.118364839701259
0.0487095238444084 -0.0631353404374242 -0.121376816840698 -0.0127431976834442
0.0514479352632893 -0.0826888759302863 -0.0996656478770605 -0.0331967843688445
0.000718524345274951 -0.106977803909289 -0.0176511692768828 0.0122260441980688
0.00415488212787001 0.000623869129066744 0.00228428505031825 0.0742005706590836
-0.0763719660125899 0.0128597863757799 -0.0484599648854104 -0.0177795736811184
-0.0486399716193318 -0.0604732908529339 0.0999319306343649 -0.109376185840403
0.0665974489764443 -0.0230199581414567 0.199570023432963 -0.0457692392806328
0.104513349994259 0.0709708596222152 0.200139532213031 0.0740597086674386
0.131611869291764 0.0988649886996517 0.289712613846308 0.142135543225167
0.167078862845311 0.0154088993124207 0.538804195572677 0.0184204892189854
0.0419535447163406 -0.0694424318206672 0.598453555087302 -0.498695012428553
-0.0278292485098399 0.0912597995700766 0.0953599016266 -0.83142758429216
0.0600302115902719 0.233981496815217 -0.401312043363255 -0.580463074141022
0.196837697172996 0.152352454153638 -0.522037196127634 -0.192900896948761
0.169675139805365 0.0795529933102806 -0.411448182141604 0.0529005450875483
0.0128832171076904 -0.00644918091899713 0.44626569217154 -0.0301818455608419
-0.0443297949598975 -0.0267103769872772 0.552136799080487 0.299956248980304
-0.0125261476431694 -0.0644400480745112 0.449299140088608 0.691500630851651
0.00420816497564006 -0.048603414527698 -0.0836126601269105 0.958527988656364
0.0230097320265153 -0.00857950575408379 -0.678285712161313 0.576446739654491
-0.00217215326328379 -0.00474088264080688 -0.636437060636918 -0.00915855129092423
-0.0146687995777422 -0.0147439987801501 -0.343097401950003 -0.185572636131344
-0.0151803411856537 -0.0163926090391544 -0.238657200151651 -0.0786143599576416
-0.0247373520889457 -0.0123431418765298 -0.226317399032121 0.0753559811137661
0.00650706045754067 0.0114502129091024 -0.064325021798484 0.161140712124821
0.00597835398125656 -0.0138819601905999 0.0721228238840096 0.00987707334327827
0.00128143946259793 -0.0195755139469258 -0.0229922023136936 -0.0858832849932632
0.00739276049603411 0.0198124586039298 -0.00834373123502572 -0.0153818306501384
-0.0120153949946938 -0.000892987905725083 0.0678831731755157 -0.0198580439979644
0.0163862066382188 -0.00244484203513835 0.139783358875202 -0.0231891938993033
0.165998949835855 0.0825818841326825 0.416510627116542 -0.0506940713307201
0.0897482476922654 0.135240226265208 0.505106913669503 0.261926686858815
0.0106829416511126 0.128779375334937 0.405145800299357 0.622324331206732
-0.039652352353083 -0.00377687750311245 -0.111770917053473 0.880547366390073
0.114604181955752 -0.084074817980097 -0.633961097990952 0.507346483029347
0.170523924422683 0.0209270240039906 -0.571816872787897 -0.0186987950466943
0.107573610982252 0.070198139613123 -0.31409373570076 -0.171266271302283
0.0736180825813124 0.023470676010966 -0.225169480244903 -0.0783863001315055
0.0132094141424827 -0.0491098806736837 -0.217405003795228 0.0582654279789985
-0.0618669793214249 -0.0307563862454244 -0.074990041192826 0.124176116606899
-0.0522379836428424 0.018373337373219 0.0534971898582271 -0.00378887786629673
0.00489026872817668 -0.0463503820716793 -0.0201143307573619 -0.0841430731741081
-0.00755158622765283 -0.0872549135268392 0.0108154899231636 0.00337089394948205
0.00541559881372535 -0.0920289804569962 0.0723127434905656 -0.00587621814227399
0.0694575806187924 -0.0567445923898645 0.141989529392949 -0.0125913470723625
0.280029942366024 0.127903109802036 0.315360655048989 -0.107592959886475
0.183732879219448 0.20863068528015 0.366656865035626 0.108033832733894
0.0279863349204937 0.201606658422388 0.302248706148828 0.385742992142638
-0.0442736937461334 0.00117107561592021 -0.0962339434914025 0.61913798257058
0.155955776320801 -0.111193444400792 -0.44601555135588 0.371638829445473
0.255561351149616 0.0346953984748872 -0.380064416684778 0.0178506778882215
0.197067295553323 0.122845255373504 -0.222983533175996 -0.103682521775197
0.152951110175009 0.0588807798355582 -0.177049322982622 -0.0677058993327307
0.0636812137728204 -0.0613596004480183 -0.191512371657143 0.00931344841489688
-0.0639956524803104 -0.0727142884878653 -0.106709598251764 0.0411134780896895
-0.0725280983954539 -0.00196736262374906 0.0162720427451685 -0.0308552181680141
0.0143258418338982 -0.0522582890736056 -0.0121650855149478 -0.0767446918203624
0.0270461799643041 -0.121492169478453 0.0362137087654266 0.0495401153325478
0.0690870731511384 -0.128305520350555 0.0877781266003812 0.064765068276522
0.135311460820033 -0.0762472318613321 0.138223248418096 0.044435789286443
0.328274855068746 0.10814508695536 0.175466002867813 -0.162085399419121
0.231933531778768 0.166643350263386 0.199440196456852 -0.0504431508449172
0.053097091735578 0.151377927919764 0.197306581515227 0.152753965076803
-0.0174182138079954 -0.0176892104073825 -0.0595130635741853 0.360982291602768
0.124227562336188 -0.107646916693681 -0.241368424709635 0.258052846394553
0.233210026765126 0.0124212678224267 -0.178364889985789 0.0746543092180752
0.235329049423169 0.118738512178622 -0.106835238198796 -0.0202547779522416
0.210258278375251 0.083931629119448 -0.103981236687206 -0.0426176586988811
0.129474542242221 -0.0366058184524147 -0.13580198075715 -0.0390378584279506
0.00202428418213309 -0.0921002689610005 -0.0906995350294514 -0.0500151106833099
-0.0465826473177205 -0.0499860353463053 0.00868954434001515 -0.087662712653021
0.0195403765768688 -0.0372775105973617 -0.0245554359622029 -0.0868235417232588
0.0820419477985476 -0.0716676457302569 0.00628394240168253 0.0838654642736679
0.166422525537968 -0.091654121819593 0.0531209876832615 0.143400993518022
0.213278129614427 -0.053367354901431 0.0991880549385997 0.117048458314491
0.306786520517278 0.0436448602843785 0.0406491408449083 -0.180749836039343
0.238411502497939 0.065046027412918 0.0501702144562873 -0.145208969479415
0.0728535324445301 0.0561283332644475 0.105660799088866 0.0112809221034618
0.00181347583853587 -0.0317227660462151 -0.0271605734823543 0.19375449383025
0.0587009436980546 -0.101397545020084 -0.0961308267082698 0.178896743247201
0.157909375773892 -0.0352066120514757 -0.021303838028819 0.0986373949446588
0.227789415612273 0.0702867590189055 0.00699368394510379 0.0348315190583649
0.236439907947049 0.100462227983101 -0.0181757155666897 -0.0109170451533625
0.188584775926164 0.0165128256179959 -0.0490240934422111 -0.0533331161669382
0.0893567267366266 -0.0794262722212998 -0.00396391491913524 -0.1040895342999
-0.00140981384582395 -0.0839613871074614 0.0572187017671351 -0.163749364266309
0.0164067191935325 -0.0132656311067627 -0.0410015157870532 -0.148466915314872
0.109191375969535 0.018978165523162 -0.0764374934652404 0.0568894450759937
0.247723184867214 -0.00575438053925982 -0.0471418204298716 0.175946996451406
0.281537503604483 0.00265762198537882 0.00575813812800736 0.164770066754688
0.234793256970083 -0.0277809073770681 -0.0593605813972726 -0.15008594090027
0.199870503421844 -0.0372527500805628 -0.0625383032004361 -0.161038840628633
0.0712962896167194 -0.0373563916775236 0.0242894012574153 -0.0423066863396283
0.00868204491572556 -0.0293739106229605 -0.0166804230267321 0.104463196718137
-0.0159397240359744 -0.0815920446599646 -0.0173911877838319 0.105910287333148
0.0650922784494012 -0.0787674576948685 0.0855119599408584 0.06497730130605
0.183925822405022 0.0100241659244351 0.102177972859512 0.0400794141924879
0.227912821754092 0.101082190755329 0.0671328171814724 0.0216733641687737
0.220475776846959 0.0749329452120888 0.0621707499684954 -0.0214199609083584
0.168493236808565 -0.0471425508283772 0.141082953202816 -0.10486836405359
0.0407305967828177 -0.100432899483546 0.175247333793996 -0.258898161603923
0.00176822632016818 0.0229222329761897 -0.031171706682843 -0.293920787340888
0.10622966774097 0.127839596617743 -0.185582704283413 -0.0654963373439751
0.286441088450566 0.0964347463123749 -0.194565614984996 0.127696434728668
0.307414146373826 0.0638263083996466 -0.132520658506003 0.166988701250136
0.137625869899499 -0.0708167048981934 -0.109555228296688 -0.0822322426584171
0.123637752241117 -0.0967509668798283 -0.1126562531484 -0.108069854210959
0.0378228097118452 -0.106229874777885 -0.0245218847490285 -0.0291179639917573
0.00684952191626569 -0.0156851564075846 -0.0139735082202596 0.0714931391801377
-0.0755066130508189 -0.0305252374700182 -0.00878161435955757 0.0285574252848518
-0.0193089064207228 -0.0907932102169186 0.124842923150575 -0.022292182238163
0.123782460513789 -0.0283059911048015 0.167657976141579 0.000660796081923204
0.181356664180523 0.0910826365780206 0.143734551283731 0.0491975796908444
0.2063563033921 0.107501637429812 0.184149275978705 0.0497186560570573
0.212379508266165 -0.0130421210460579 0.335952320813549 -0.0607256758304891
0.0608824420683785 -0.102099517898992 0.366832062712292 -0.385561772985301
-0.0218608750759796 0.0688657421693051 0.0143380432229474 -0.545680208956211
0.0889348855161351 0.226512347998369 -0.305451918034513 -0.29324341723019
0.271447941959901 0.167218530690381 -0.367314874490639 -0.00699024196055185
0.272817485762446 0.0955196991455908 -0.285975469330594 0.121570638384818
0.0469642501794241 -0.0636641228697769 -0.120405755357365 -0.0105805773330284
0.0487952077754028 -0.0820642720566504 -0.0990381400836955 -0.0323042997441203
-0.00197634734912102 -0.107143427388555 -0.017315946846996 0.0118388963603824
0.00520043352523209 -0.000220853259589405 0.00511132293380209 0.0735651362144411
-0.0769738649607861 0.0172387223161291 -0.0480832944466307 -0.0145143081222139
-0.0511914307263888 -0.0580133438526798 0.0965749702813546 -0.112669132609035
0.0641056692562145 -0.024346304172699 0.198069710594116 -0.0513176505274949
0.106840867311723 0.0673366740326779 0.201990435714427 0.0681485669768644
0.134550062215294 0.0944903408214083 0.292985789838111 0.130856790361884
0.168712499318049 0.00767006300605635 0.541168634771291 -0.000683282142977449
0.039409050773817 -0.0721631555897281 0.590256646191711 -0.519568557163966
-0.0272850151107058 0.092715163209935 0.0730290209201718 -0.841969442637696
0.0647929090789654 0.233777846626623 -0.414043268854835 -0.577266671264501
0.200953514219882 0.150491623080351 -0.524210759023366 -0.184704873751583
0.170783734269724 0.0781221405734656 -0.411427604381638 0.0593631191183023
0.0131085564944529 -0.00663028096487449 0.451496935401076 -0.0402779360858608
-0.0446281898835785 -0.0255978134395334 0.568976968399302 0.292791919915704
-0.0130834708907334 -0.0641914616346861 0.476753164054671 0.693202065810228
0.0031902996892471 -0.0495590192943891 -0.0574073690082326 0.97912868871137
0.0227672109158346 -0.00814600047101961 -0.670110091070978 0.612221940533654
-0.00245399698540022 -0.00478194341747426 -0.641033238516103 0.016316138809104
-0.0155308563844792 -0.0141144871588411 -0.352398246345962 -0.172671394723727
-0.0152198881551718 -0.0160252028217143 -0.242189426860154 -0.0692805149268464
-0.025528248249123 -0.0121172013726107 -0.226110790675757 0.0849646576089522
0.00876321149681386 0.0104162585730741 -0.0599483289197295 0.165146014573314
0.00541198599010431 -0.0144095423116259 0.0716597062131933 0.00812112432307717
0.000794721811515602 -0.0205701853506709 -0.0246093231897293 -0.0850713955182777
0.00818500602100914 0.0203166305746583 -0.00757198731859199 -0.0150405922088116
-0.0125369861559484 -0.00145095761011593 0.0672855349095152 -0.0216072243226084
0.0170640014906206 -0.00424728900795547 0.138738716505889 -0.0262454010721434
0.171463221883584 0.0798547288098547 0.422628691651868 -0.0586059202666988
0.0941500757687674 0.135417839558972 0.5193992892873 0.255692659325673
0.0157115555081743 0.132581474846901 0.428135607271323 0.626010974036317
-0.0408462987117043 -0.00231104405781966 -0.0865467972766645 0.900905104839608
0.114712442605868 -0.0894885046173792 -0.626559388946691 0.539078674922718
0.174451279545 0.0132957102712504 -0.577689050887266 0.00373109173934069
0.111547190404245 0.0670287327062953 -0.322375136481326 -0.15888694198481
0.0757079298932496 0.0200284459755807 -0.229182471992217 -0.069084563640643
0.0109070343373325 -0.0494691746145487 -0.217069391847321 0.0681834150528627
-0.0643272821922186 -0.0297917577237713 -0.0727078277311638 0.128291432354911
-0.0534102240778273 0.0204596269184838 0.0527143395455879 -0.0042789707878758
0.00442407244496214 -0.0465929113087495 -0.0236037369486033 -0.0829460570373855
-0.0102318099749398 -0.0879973066771853 0.0116743600353891 0.0033724432698217
0.00305996230517468 -0.0936269670472802 0.072567491807225 -0.00719824197732708
0.069357191516868 -0.0578102986306416 0.141449250961389 -0.0166130493287536
0.286293482232354 0.123477367566844 0.318096135327721 -0.114416641604178
0.193573381672876 0.208334792470661 0.372223407229785 0.104126052817004
0.0344155919343726 0.208703421982596 0.317951392230876 0.387393684741075
-0.0456614044718229 0.00320129184326866 -0.0797824788864865 0.63265197661379
0.154602763402303 -0.119569349679797 -0.44215131867497 0.392867369731114
0.261680810232191 0.0238613275407197 -0.383824517076915 0.0330105930048648
0.205306264593499 0.115950699780724 -0.227456161778022 -0.0954272620980698
0.155930845955303 0.0533593870791887 -0.1808980841849 -0.059070998018928
0.0621300129566737 -0.0641465517609798 -0.192710215301607 0.0165218999967965
-0.0692081222589733 -0.0714014834197697 -0.107910096818599 0.0456253713587743
-0.0743165512749085 0.00193203779678497 0.0148112128636716 -0.0317859714835912
0.0134893151173818 -0.0540576359395238 -0.0152434865574266 -0.0764268759185637
0.0244966789971588 -0.122792443951488 0.0385632180797285 0.0492037803214479
0.0668095671062375 -0.13086632207852 0.0904101816320287 0.0637659079609308
0.134977460588194 -0.0802181208483581 0.139429698634558 0.041641723423071
0.337463048193958 0.103592570864504 0.174949530547037 -0.165569751164372
0.238982208868373 0.163640699936817 0.20044353293319 -0.0545338805459946
0.0588656031449887 0.153610929792442 0.206133843511918 0.151396585353849
-0.0199372523332135 -0.0159362774524031 -0.0488297643770442 0.368294222261198
0.123236349546599 -0.115222974282223 -0.23649287180779 0.270824473049055
0.238755755879075 0.00379067942451455 -0.177564085968905 0.0818694271320895
0.243320978471427 0.110148751148015 -0.106522091893307 -0.0149064981572289
0.214014604796305 0.0775250177215013 -0.105651048380745 -0.0393691005081465
0.128401471292438 -0.0419482999001454 -0.13899442427727 -0.0334290665861209
-0.00237682769564459 -0.0950249828293319 -0.0935097936339397 -0.0463063302038675
-0.0506901281141119 -0.0495197118737588 0.0060324587798063 -0.0890301402217099
0.0192614436442619 -0.038644805500954 -0.028566635798548 -0.0858951496519308
0.08164405236781 -0.0738325548783077 0.00958910089957485 0.0852015970087274
0.166029113917301 -0.0953449499496709 0.057226395983423 0.143795650426572
0.214963779145563 -0.0571525312146965 0.102167175162069 0.115232640558248
0.313217187550916 0.0381748936739106 0.0376701931446422 -0.182688410993222
0.24378343115615 0.062408117085553 0.0454578499229149 -0.14818471640101
0.0758108470858127 0.0562960295628354 0.108463598053687 0.0083168641333797
0.000161061881154795 -0.0304144622997761 -0.0198134445568832 0.196515722602654
0.0563441963847216 -0.107416512151212 -0.0914587166868485 0.185865573478939
0.16010287985975 -0.0435813307367955 -0.0173787488015038 0.100733627638493
0.231852331123438 0.06130255487496 0.00973295044407553 0.0356587186857118
0.241888035818689 0.0904707232620652 -0.0189918984754076 -0.0102831920220899
0.191423229407526 0.00839759136190307 -0.0518607745206243 -0.0514291131039486
0.0886830284051296 -0.0859015978865123 -0.00785565651986614 -0.103809390623418
-0.00394060400000756 -0.0858094921437383 0.0530998229470892 -0.168280571238605
0.0160015720042378 -0.0145556005465243 -0.0467513254360703 -0.149713376069988
0.111615270139052 0.0181230373548788 -0.0754182076917972 0.0599936830867454
0.252351115446258 -0.00898974285641385 -0.0432020321192194 0.179015691794765
0.284415399804942 -0.00173192668062861 0.00905907200796766 0.16550406232642
0.237316192768687 -0.0324858057397437 -0.0626140880161381 -0.15058444063577
0.202274058343251 -0.0409607747579738 -0.0672079224824174 -0.161285725779529
0.0716685995729502 -0.0391448816092877 0.0241288489899113 -0.0437204887125715
0.00813118590282405 -0.0300345378587232 -0.0114033451173213 0.105937561116014
-0.0201302294064175 -0.0837315035492045 -0.0157688611407719 0.108775725966194
0.062739899563861 -0.0845779513618361 0.08862875121885 0.0622935662402451
0.185530739520168 0.00351553203118035 0.106239996432723 0.0372386900885332
0.232327041320999 0.0921431650889029 0.0685939183462172 0.0196702468224275
0.226719916414691 0.0641814242165219 0.0607305996321388 -0.0241740401019683
0.170403213301416 -0.0562772067111878 0.140013907755534 -0.1111612162995
0.0381706244461657 -0.105043818352235 0.169280238307559 -0.27062715093128
0.00150937026102992 0.0221281794349121 -0.0433453968030849 -0.297472271009595
0.111941277221119 0.129113124043794 -0.189551818359073 -0.0613797336766621
0.293095056853634 0.0930209124256608 -0.194018970661622 0.133751108587612
0.313162993806418 0.0569807961673726 -0.130100615302155 0.170226716208016
0.137148626274646 -0.075091077624625 -0.111926075824713 -0.0816232019896672
0.122920985015462 -0.100817909777459 -0.117713898011234 -0.107680345377196
0.0360976126671702 -0.108261553610085 -0.0251157257006963 -0.0289351450661028
0.00736708703590659 -0.016978420861347 -0.0108836090069636 0.0719042777738665
-0.0773878990595532 -0.0284329751484106 -0.00767730089048954 0.0302968057925864
-0.0266070864596207 -0.091698892919064 0.126151466536829 -0.0274707908786705
0.121712557656031 -0.0332595864159531 0.169937256556815 -0.00493711765522168
0.18683366532517 0.0842819126676688 0.146397880151066 0.0444089076051119
0.213936740122886 0.100030784947712 0.187508988989393 0.0426810838086034
0.215625074923817 -0.0237049693008237 0.339631083916707 -0.0752394658396822
0.0586774633613052 -0.108447074945861 0.359210996848769 -0.407777785768269
-0.0209957824434274 0.0709975969137402 -0.00643127544120702 -0.554777690926541
0.0960486256368452 0.229087448643317 -0.318232012061277 -0.290182727009693
0.281283874076302 0.164629894894729 -0.372414161768393 -0.000637988847695423
0.278239764695744 0.0896643694070361 -0.287020867539938 0.128928169723273
0.0452853458727951 -0.065118943278369 -0.119865769600876 -0.00888486852672902
0.0483777772995137 -0.0844969009171452 -0.102509893921483 -0.0289712509498476
-0.00505886887963524 -0.108812087288413 -0.0174283364664019 0.0135839527914871
0.0065236776298929 -0.00185968967116967 0.00807672135467435 0.0715919754712865
-0.0769835785967466 0.0208420113611119 -0.0485293923634648 -0.0116431536425435
-0.0552466046072749 -0.0572432733625301 0.0944603901141539 -0.118594973426071
0.0632897970559242 -0.0281860293975188 0.199163907661042 -0.0592180518898886
0.111795381976417 0.0642096335907501 0.203727836786015 0.0609798538578391
0.140843419569305 0.0898161518743804 0.298250226214057 0.121296836815146
0.172186701407606 2.04478226396628E-05 0.549465640319369 -0.021622980137709
0.0371205957358505 -0.0762039689712248 0.581435236652693 -0.552388299296226
-0.0254344514717236 0.0958859580232794 0.0476745427860258 -0.860769082404624
0.0730248964351638 0.23594171920609 -0.436955798589358 -0.576893582348118
0.207172401303073 0.148164789751566 -0.537145694575981 -0.177140932999312
0.174921117031441 0.0739501072046389 -0.416033544673482 0.0688521323547968
0.0137350396114925 -0.009346457926748 0.453387073569984 -0.0429054583893755
-0.0469412923125743 -0.0267407335929391 0.579817309036994 0.29199917070849
-0.0127937129155783 -0.0644209229514762 0.494473348508742 0.700488086018411
0.00541733282526283 -0.0496216916401846 -0.038831575026349 0.996768694214428
0.0236371325074251 -0.00920424617677388 -0.664864734694645 0.635347701926879
0.000196945049064083 -0.00524460683860419 -0.649877778954761 0.0309283088657221
-0.0153380238413854 -0.014390875999055 -0.360346067208266 -0.164376125457384
-0.0144600513553211 -0.0166607655694158 -0.247507613000323 -0.0617076861825893
-0.0246729341333381 -0.0100324917916521 -0.225507169331434 0.0944404806791491
0.00947825169609202 0.00908674540558053 -0.057073478820672 0.168982399995789
0.00457614823413715 -0.0156521301327957 0.0710552342028194 0.00696569728424607
0.000217355805647305 -0.0209297199361112 -0.0260618210447955 -0.0856097825579718
0.00892029100336072 0.0204477661355409 -0.00844368938673212 -0.0158945654923336
-0.0125470614330582 -0.00171301278416007 0.0688667310258548 -0.0220354123859546
0.0181913211029621 -0.00348142335979602 0.139919266969292 -0.0272204323886865
0.177206684553651 0.0754193470625366 0.423445710727952 -0.0588704974042781
0.0987595828326446 0.137709589081461 0.526655046931283 0.257470599609225
0.0196684216347665 0.137350277458318 0.442547335090222 0.631726720654723
-0.0410591290685572 0.000394119335819043 -0.0695779416989082 0.918024337790007
0.114370266968789 -0.0973925688153384 -0.621259706017219 0.565639402233213
0.181975161552052 0.0074949460516522 -0.584516670417102 0.0167842624850058
0.117398356369593 0.063830801476693 -0.330109976709567 -0.15110319852389
0.0774451479385068 0.0181377122899538 -0.232626693486408 -0.0621841034945148
0.00958603385750271 -0.0494557659934533 -0.217502243344854 0.0763761192944403
-0.0650120510598842 -0.0290011660006734 -0.0718991524727593 0.132430828997037
-0.0542275235370735 0.0222855307880058 0.052813509219328 -0.00601785144214854
0.00375456961727795 -0.0485060303031967 -0.0244485803951696 -0.0835327659561335
-0.0118716897960106 -0.0888340843321321 0.0124233065151837 0.00222826375339945
0.00262133314758584 -0.0934010487949788 0.0736267172586126 -0.00767302245009197
0.0702153578462917 -0.0600011813334864 0.14210195840518 -0.0164793588308812
0.296971529223547 0.119909356935201 0.317244203759525 -0.113645121255526
0.20190403037742 0.210021435003894 0.375486238788593 0.102805807232961
0.0409083424896399 0.215608609631526 0.328096064793302 0.387835099983405
-0.0468768942098709 0.00632403165447636 -0.0671077481128834 0.642846954192379
0.154671755780068 -0.129568578340058 -0.43788049735133 0.412398957421164
0.272117040663683 0.0149080919376072 -0.387887747576178 0.0428594041005705
0.213727283876933 0.110033145924581 -0.232009597854242 -0.0887632082313753
0.159418874025561 0.0484354595251096 -0.184504385095372 -0.0553965465495055
0.0602916530465649 -0.0659584994070066 -0.194763753514934 0.022985151022095
-0.0719632699379365 -0.0705717329595178 -0.108717908111785 0.0501286617288707
-0.0752418468570989 0.00321133823504892 0.0140608593209091 -0.0340531076439867
0.0126380418020457 -0.0553587547879006 -0.0173357214453565 -0.0766263197682867
0.0216083396970655 -0.124877538666105 0.0409629066171832 0.0501905941156898
0.0659711125053613 -0.132543445144731 0.0920878968004139 0.0639724587268897
0.137528842265879 -0.0810927401487326 0.140444359398939 0.0415853361270441
0.346151207192075 0.100452288170033 0.173618000865253 -0.165311309061854
0.248817968948935 0.165203270672847 0.199536391625215 -0.0545189225616509
0.0633849042533102 0.159233264002376 0.21033914563528 0.150693267723173
-0.0207203214662418 -0.0154399980482409 -0.0410955110093367 0.374628360799717
0.122934829526201 -0.123959738601838 -0.23385964306241 0.281232201834866
0.24542400455488 -0.0050758323291216 -0.17851187661332 0.0867665040207331
0.2501803501155 0.104676424178256 -0.10804386255222 -0.0124035460209279
0.219264927889034 0.0706344239182033 -0.108499448868843 -0.0370066669597973
0.128681874316084 -0.04602979554394 -0.142760762816511 -0.0299467132268814
-0.00480404811942908 -0.0963265169576993 -0.0966901304903996 -0.0432584448845044
-0.0516374509548296 -0.0487261742392983 0.00348267341593324 -0.0915326829868877
0.0184933477114464 -0.0394188448485578 -0.0321495600694797 -0.0864277656159128
0.0816017385403294 -0.0754311501485859 0.0110488251256485 0.0880910861687029
0.169041797205807 -0.097836946682091 0.0603844762663068 0.14633848843511
0.218427705226705 -0.0577606075623033 0.102433668688717 0.115971229635452
0.321059321833399 0.0347142339935806 0.0358662233521075 -0.18060190509865
0.25188689523132 0.0603153387533721 0.0421090650070546 -0.148299994408243
0.0797634709819806 0.0580881641897562 0.109749881042206 0.00618432461943513
0.000900780277135957 -0.0318062467380331 -0.0144905604777758 0.199650645180519
0.0529436355811651 -0.112417196577637 -0.0889220907470266 0.190790720357817
0.162251191139087 -0.0500047405083071 -0.0162529349944875 0.102656981831269
0.236240853877442 0.0556749229803068 0.0107307653864688 0.0365159105810621
0.246816763072365 0.0832212312807459 -0.0191985740432634 -0.0103607876700813
0.193028422422503 0.00247269325777531 -0.0570352747859118 -0.0507060358963394
0.087865316615679 -0.0901351182572804 -0.0109851943130562 -0.105791116590971
-0.00554785658172119 -0.0883800805244832 0.0505146940871828 -0.173345761345555
0.0150352169607251 -0.0134248411825946 -0.053623829461483 -0.15080321174113
0.114568991183518 0.0169242093998151 -0.0766782206395952 0.0635904488696292
0.25659923161637 -0.012186978557846 -0.042697832708091 0.181673290576507
0.291003062376735 -0.00231565078665512 0.0096719401856998 0.167733441938828
0.242488328392002 -0.0360932927933496 -0.0641312588670166 -0.148009689756579
0.207549500911338 -0.0435343949489215 -0.0720728356110759 -0.160713963135021
0.072980425148425 -0.0399210612675982 0.0245328496376768 -0.0457388148421221
0.00764358304227736 -0.0309020821047382 -0.00812138670495366 0.106734235099072
-0.0221688883886655 -0.0867941610492498 -0.0134659761595215 0.110445396799399
0.061228338926635 -0.088000505492686 0.0903544495237453 0.061786001817231
0.18716224544172 -0.00341226338751543 0.108862169489364 0.0348136619749871
0.237145051481611 0.0867379649242524 0.0694762945377945 0.0174675804180604
0.229613594494754 0.0576993082007399 0.0575666104625485 -0.0261400138009718
0.171011367450894 -0.0630299523538435 0.13906401699182 -0.117756921072454
0.0346573763218569 -0.109818081270996 0.164228567101289 -0.280174102057517
0.000497906913366948 0.0242839252522672 -0.0518223227634238 -0.303826471182359
0.116574425837045 0.128818635146235 -0.195967705403497 -0.0590004556550413
0.300361432186497 0.0897732646315343 -0.196418691157471 0.136856318782199
0.317732784876499 0.0556828173949468 -0.13260642661737 0.173668831222047
0.138043906312609 -0.0769337526182696 -0.112498057199495 -0.0805274551335781
0.123822809045679 -0.102542095081509 -0.12053009402918 -0.106179879825618
0.0349097798334708 -0.112127077179291 -0.0263187266218024 -0.0292076252720805
0.00737659101432685 -0.0183004168263375 -0.00892767647956935 0.07242735999766
-0.0795755155889509 -0.0274804070300265 -0.00659001124581112 0.0318320501909602
-0.0302640018200855 -0.0926756529427561 0.128325682415907 -0.029768087353137
0.120899173150948 -0.0376345515729901 0.172334287679773 -0.0088440397370346
0.191424735265682 0.0779729999444118 0.148125998195384 0.0416663619222846
0.219100946012938 0.0923388751066128 0.186979427672709 0.036239803520622
0.217726647307859 -0.03292689079065 0.343226632370441 -0.0885781353263829
0.0545403011426529 -0.114333033706639 0.355880379726414 -0.425986958019655
-0.0232841374319129 0.0722380056622004 -0.017626333716468 -0.568898652606785
0.101778837330021 0.233080795065358 -0.33175661343299 -0.291223915190401
0.288218921186142 0.162600286011067 -0.380151960919912 0.00266676632562193
0.283110882856882 0.0898747135884869 -0.291737834020421 0.131050388316171
0.045089334677912 -0.0666250590072494 -0.119496327533016 -0.00850096158416993
0.0478563762363931 -0.0856262910394189 -0.104243155395834 -0.0278508879090108
-0.00724033398531343 -0.111658633402506 -0.0164788585413798 0.0140494972747422
0.00722618046688344 -0.00243978465996144 0.00910908409595628 0.0712445385263755
-0.0777606791515391 0.0253545106581874 -0.0483657114969535 -0.00937505281665047
-0.0593632064010107 -0.0567612735100365 0.09431309145624 -0.121322648459191
0.0620320015807492 -0.0297619761868793 0.199147422772385 -0.0636076388744654
0.114454418111312 0.0605466003879599 0.207293458769365 0.0556073427094804
0.144529946775151 0.0838846711626585 0.303255239776665 0.111964276914684
0.17353462562354 -0.00863553194439949 0.55829741903818 -0.0396942168262877
0.0324798170652366 -0.0824545225007388 0.57755902614151 -0.579419283082291
-0.0293734432241757 0.0979850205394802 0.0337117763212104 -0.88417116009117
0.0769588206407574 0.241060895946112 -0.456949341724955 -0.586057323195983
0.213722126031194 0.147297909828451 -0.549906722125671 -0.176916428889234
0.176163510286818 0.0740556817259447 -0.424581151973657 0.0703343269009541
0.0144322655353395 -0.0105198169898542 0.454762247249144 -0.0634681209939623
-0.0481853552039638 -0.0235167107890836 0.597814531431693 0.268084344330963
-0.0141064491994595 -0.0650762201839681 0.536026578006143 0.685563348636662
0.00313996902484655 -0.0503916950434366 0.0161483723190602 1.00948059881405
0.0235762197413202 -0.00874377500785485 -0.630492989748432 0.682277732650044
-9.46060970403381E-05 -0.00481186274127116 -0.650409838403628 0.0766341498365037
-0.0152100194087269 -0.0125769331404163 -0.369307914343839 -0.140863587299544
-0.0154191377129412 -0.0176303535574587 -0.249760267000219 -0.0451428632244124
-0.025689462925696 -0.00840766573442675 -0.219713462672576 0.109328969980411
0.0110651034222101 0.00757548697455713 -0.0490603013448548 0.173570285293427
0.00347022204238373 -0.0162550127812382 0.0693680918190863 0.0037720925955038
0.000276573314194456 -0.0211405334086093 -0.0311530075023709 -0.0822636174756195
0.0111138816742948 0.0198516831325518 -0.00847445182065078 -0.0159571057821081
-0.0117957630153819 -0.000226097470779534 0.0677131743938202 -0.0257764161557404
0.0180298126239439 -0.00457824912633638 0.137060487972257 -0.0334570239917785
0.182079416790222 0.0681075006366583 0.425597254022269 -0.0787565735041616
0.107364919636753 0.134064976705002 0.545161799411388 0.234058482336272
0.0286030068249325 0.139071437077951 0.482460669929543 0.617147818401455
-0.0428337043835547 0.00358981828041452 -0.019527948142583 0.931942224754047
0.108665810482651 -0.105500234636164 -0.594601313205932 0.607815567043524
0.185028795785454 -0.00629978246693799 -0.587449921495677 0.0555800096722086
0.122126808645217 0.0553363285201378 -0.339473862004786 -0.128743323831262
0.0780816746624915 0.0127028750234235 -0.23716436446876 -0.0485743366626522
0.00646394239210627 -0.0501699278054378 -0.212739736803376 0.0901231733537749
-0.0684292692446658 -0.0248122054520406 -0.0653877511243425 0.137240588121545
-0.0534823316301501 0.0255591775486331 0.0516219165355509 -0.00820634617742805
0.00076285618286947 -0.0493244400080655 -0.0296804294033668 -0.0810981188827901
-0.0168816804215606 -0.0880736836682844 0.0123666059539142 0.00191584252613409
-0.000354259789885438 -0.0931377684118804 0.0731356414068036 -0.0105739210322586
0.0686668700098743 -0.0621036610678838 0.140723288481102 -0.0230021798437218
0.304781992201518 0.10729280506597 0.315537997606871 -0.129118853224081
0.214528274699719 0.202692916308912 0.383610753276271 0.0880600550560303
0.053941891478781 0.217040279830135 0.350569097587175 0.375415597321135
-0.0496135152954619 0.0107427835406104 -0.0313197452498889 0.653965905552751
0.148025486260159 -0.14039779738908 -0.416737666785113 0.442961671872192
0.275288472787398 -0.00441853103390675 -0.388066387632924 0.0680147354939485
0.221168176705567 0.0962968616507717 -0.236710585420432 -0.0736554884970829
0.161362223543054 0.0376380130852837 -0.18594129715236 -0.0441747742416222
0.0557179601658312 -0.0702490696479643 -0.193445067396524 0.0356511675311269
-0.0774135742767975 -0.0669742207563351 -0.106909866574624 0.0576573662278943
-0.0766786810526599 0.00755647151514582 0.0114489833406371 -0.0348922317916268
0.0109071849021077 -0.056497197074434 -0.0223733441096522 -0.0754408525049091
0.0158209443068366 -0.126188964742175 0.0441407722290178 0.04939444155644
0.0622636765825723 -0.134734063036241 0.0952709189302313 0.0599447385834274
0.136046827225865 -0.0878825697677502 0.141733288594903 0.0359957320428619
0.355178799031589 0.0847810435516365 0.168304890072048 -0.172817613007617
0.260559827451645 0.155269636294633 0.199107980993385 -0.0638603865559341
0.0724891361043532 0.159890891900622 0.221304971687074 0.142019486800051
-0.0228522336696982 -0.0126282377438407 -0.0168456235365173 0.379669594717261
0.116196394914338 -0.13397403011474 -0.220721353970295 0.297669171704604
0.248262902448616 -0.0231529488284752 -0.175397726670159 0.0992580814312529
0.258144346502242 0.0862510623571252 -0.107568206129123 -0.00476863337942667
0.222348149773111 0.0578001266099547 -0.110868823220392 -0.0308491428423798
0.125372809012629 -0.0549741885679696 -0.14529221632172 -0.0211931898614765
-0.0118052574339374 -0.0974544844018503 -0.100079717228433 -0.0368387004798886
-0.0550168073268292 -0.0467480717105758 -0.00180781004277127 -0.09248223331622
0.0167395279216246 -0.0406140456830425 -0.0378081042985457 -0.0849913798343339
0.0785149796648068 -0.080150302222787 0.0162924743540586 0.0895208123410261
0.166468621982849 -0.104917490077325 0.0681671123500476 0.143827919550779
0.217738568316746 -0.0673158978679854 0.108129527821424 0.111114264095435
0.325216653300209 0.0212657298989138 0.0293557196171756 -0.183376898477046
0.257898615586432 0.0511075988638927 0.0345644226530218 -0.150702460003505
0.0846223375694226 0.0568233265048303 0.11180364827151 0.000711744776874567
-0.00123395829054593 -0.0309919049122012 -0.00157613815750438 0.200183363761834
0.0473627708645145 -0.119163612318865 -0.0789252790275195 0.198225886479371
0.16099822444668 -0.0616841369489259 -0.0109468547972666 0.104271380703439
0.241389956990262 0.0393350251701411 0.0149931561589246 0.0361617823187596
0.250830109646927 0.0681061052484903 -0.0202565370828463 -0.0102196099895269
0.193152421819572 -0.0111062113283528 -0.0614860952013928 -0.0467662797381764
0.0826753769607256 -0.0980248664818681 -0.0157734566039133 -0.103846748204813
-0.0113741015379566 -0.090408858374783 0.0396420096278785 -0.177911219477623
0.0151200873568127 -0.0146472422973382 -0.064182087153842 -0.14806812800011
0.117339997455934 0.0126682247581971 -0.0740725739942968 0.0684521967243545
0.259230037829613 -0.0227128323210708 -0.0344047070080699 0.184100397902198
0.292321891761981 -0.0162877076200002 0.0168658316705851 0.166144607141446
0.24222516091873 -0.0464884197181279 -0.0710533733675645 -0.145574856455675
0.20766386433371 -0.052368800948813 -0.0818440787625227 -0.158927941831909
0.0715043186245883 -0.0433917109903269 0.0218130869714661 -0.0471017685150799
0.00605105147192803 -0.0316105370223133 -0.000600092629728563 0.107442562464993
-0.0282815149343389 -0.0871381925245062 -0.00738116176952616 0.112470155779623
0.0552407014863822 -0.0939436839032512 0.0944930419976412 0.0556199946053765
0.18600301141999 -0.0153170467714476 0.112109176585718 0.0287135127023163
0.241575700182557 0.0704653966835977 0.0698767678737092 0.0133472853885065
0.233754343059697 0.0410080611303791 0.0546301318326153 -0.0294565487415047
0.16908102768004 -0.0768612546345241 0.134294553505355 -0.12697220898158
0.028962599731621 -0.113893160878099 0.148592150858768 -0.293228247963047
0.00187555033649172 0.0242593351995991 -0.0714310976392783 -0.302622527694193
0.12427639437358 0.125310949449721 -0.201194761808361 -0.0494879067179754
0.308534497792838 0.0772296049681132 -0.1906955466618 0.145134943263547
0.323893481526977 0.0421723902501429 -0.126568143848098 0.177675441322083
0.134842375446611 -0.0826330627107153 -0.115747694211292 -0.0749036163097489
0.12064746304442 -0.107877832371364 -0.127859213736669 -0.100963914286701
0.0290876498315536 -0.114742309558162 -0.0279967713657288 -0.0287285813852812
0.00633289861951734 -0.0195177217945427 -0.00460739639295158 0.0717059712485264
-0.0823812911142024 -0.0228020452148617 -0.0052652493034423 0.0328759831813716
-0.0368823209981462 -0.0909069762515655 0.126629918010059 -0.0381265207002412
0.117525002385016 -0.0464389870089053 0.171302073849501 -0.0197500015191155
0.195734231760957 0.0653905481071344 0.150118243186826 0.0312125522853933
0.225630976798348 0.0778610798514724 0.188974625713012 0.0240233663041247
0.217340180911491 -0.0487779800070585 0.339618147985759 -0.111388633909201
0.0479542808925815 -0.120696777081156 0.331893445911394 -0.450342405382317
-0.0205890408882305 0.0751916328682139 -0.0506102153233983 -0.573901687575267
0.114316817598652 0.231340470384394 -0.347697360924237 -0.278851810709673
0.299047024215544 0.150188855184182 -0.383145062045192 0.0185255577422063
0.287294807211866 0.0775384860976603 -0.28862859448386 0.144542298990568
0.0410137709155128 -0.0675092424589763 -0.118807037158525 -0.00386426626644065
0.0432125164999124 -0.0870421901849419 -0.10696590280105 -0.0236192404449751
-0.0137706958760696 -0.113322957256878 -0.0152819689693618 0.0152710455756197
0.00643242108370189 -0.00383253213461707 0.0125069588878056 0.0699488344056108
-0.0764506705582813 0.0301305814522344 -0.0472210290307734 -0.00694359949716979
-0.0645650366325685 -0.0529692885443127 0.0882335215122887 -0.127960656368517
0.0588731492481173 -0.0340844590162192 0.195604335100794 -0.0770341814262702
0.118598447792329 0.0521798198916825 0.208401814021254 0.0435734894875647
0.151031332010184 0.0734523626501922 0.309661745508878 0.0912424545783048
0.175001536284702 -0.0221654361304447 0.559272211051814 -0.0781015381170115
0.0269145639522664 -0.0861803609870974 0.547800295375913 -0.620672835364938
-0.0240996733950322 0.100330750190825 -0.0196274502086116 -0.894877082436904
0.0905656624323812 0.239873767735875 -0.493002118480627 -0.568174570237665
0.22293891500123 0.138436348478414 -0.563666958139985 -0.153034687396611
0.18045671634323 0.0642551527870463 -0.424858454051912 0.0907390819738209
0.0135702026735731 -0.0108592039781175 0.452111184280374 -0.0831136588812651
-0.0488776015747364 -0.0199913456474123 0.611969513649226 0.241754680427456
-0.0172133178536685 -0.0629816162528754 0.569645443320606 0.663190478979195
0.00104831845203208 -0.0511966117315 0.0663450389238297 1.01509107424488
0.0236799919949243 -0.00857293391413668 -0.589994464299325 0.718845765047245
-0.000207712872579695 -0.0038798438664939 -0.640141521630838 0.117428520344248
-0.0166849665800988 -0.0113649271741748 -0.37479009068171 -0.114953348044255
-0.0164570829118673 -0.0171199110444895 -0.248452974925294 -0.0282554151685295
-0.0264779136452056 -0.00575974954715027 -0.21167492203837 0.12264295701363
0.0115710158060416 0.006280567077173 -0.0402904113919063 0.174080693381005
0.0017278741205998 -0.0161430997641919 0.0675475016921925 0.000485966767298033
-0.000593339881808557 -0.0213609489109822 -0.0337146907962575 -0.079914386128117
0.0120859083046628 0.0189891938682671 -0.00864217767893624 -0.0160539049528799
-0.0110356980935581 -0.000237929731560954 0.0662447190752775 -0.0284000077641774
0.0183540066248861 -0.00544264163808122 0.13369752691828 -0.0396976088749281
0.185386196793488 0.0603959862532155 0.41949795021115 -0.0966388994973029
0.114528031307003 0.129807107486744 0.555526506579966 0.21104582844426
0.0366172425349112 0.139400314809611 0.513265964936932 0.597015497852385
-0.0439383386177138 0.00716285951113074 0.0279278622996371 0.936588098760099
0.103369064135681 -0.111225322792232 -0.55700791058335 0.643620488096738
0.184659106173458 -0.0182929029299497 -0.580259834317166 0.0936146695379218
0.125747082456446 0.0469244719373501 -0.343885267764606 -0.1057602736567
0.0774354015173347 0.00715141756062816 -0.235850703086355 -0.0327736350392437
0.00278131767884418 -0.049409214672225 -0.205299482648918 0.102371794348886
-0.0698817365807578 -0.0210946209080629 -0.0588174122416942 0.14001175208823
-0.0514201570639303 0.0293293916739017 0.0497654402883241 -0.0111961800320264
-0.00153987656498058 -0.0498195433494156 -0.0326295468671811 -0.0787055356641896
-0.0212403102227777 -0.0868297397220317 0.0132774073754425 0.000637766698722204
-0.00432128270198101 -0.0918047144572736 0.0716133394649436 -0.0139714970992431
0.065683901951526 -0.0651194602265704 0.137678483502425 -0.0289144269425851
0.310051343998495 0.0933796296971689 0.308702252298637 -0.141892759810492
0.225316099318384 0.194284587520059 0.388281909694337 0.0710897429973491
0.0653089946453987 0.217726258267603 0.369460121537102 0.361479733674972
-0.0503236163261722 0.0147795503454183 0.00419669521268274 0.657123090552066
0.139422997330971 -0.149716690813191 -0.390149373361117 0.466385100503403
0.275822635520519 -0.0230853253897731 -0.383024917964791 0.0917786426216275
0.226393622140149 0.0805853658467727 -0.237901305316784 -0.0578519311092544
0.16259295455773 0.0275037002544602 -0.187289067892753 -0.0325862113200013
0.0504290234372261 -0.0728668494516633 -0.189846868159622 0.0476774819641257
-0.0825232805633316 -0.0623844331257664 -0.103137100251703 0.0643492412870531
-0.0757865179912304 0.013199601859599 0.00901130912707625 -0.0355064310099079
0.00656634843151203 -0.0572205338494398 -0.0257794903282803 -0.0726057248085841
0.00982373297439527 -0.127076597933788 0.0462714305837456 0.0471312639560798
0.0573274579941694 -0.135041368234018 0.0980760918229908 0.0553333789844492
0.130637955035352 -0.0926567655881186 0.141443283338929 0.0289275871597129
0.357048039019401 0.0694653765128487 0.161573035562275 -0.178867004986122
0.268266302546377 0.144786473781637 0.194199896857205 -0.0710106930438417
0.0815330472104548 0.158916245881393 0.229068860439504 0.131168430841029
-0.025121697228516 -0.0099714398128185 0.00502417349961889 0.380667297370998
0.108060935805202 -0.141141156008982 -0.203026856564645 0.310608320942179
0.246901216403102 -0.0395787824782243 -0.169067588716245 0.108893887992537
0.262270568038059 0.0695395294916707 -0.105084947084869 0.0016930334376654
0.222884612662754 0.0433406278091172 -0.111288737284828 -0.024415133519936
0.120682678971485 -0.0624356953721459 -0.146035494187573 -0.011607222584886
-0.0189504267328146 -0.0980386603507616 -0.100010880791375 -0.0293436598209191
-0.0577052050801909 -0.0439703668621194 -0.00685889193941108 -0.0930322313496756
0.0148630716250483 -0.0422049757855503 -0.0435202599909166 -0.0811769151958474
0.0748897234664153 -0.0819386262091321 0.0199032270575641 0.088815026857958
0.162499889251935 -0.11027686240302 0.0741275278750849 0.140401029629854
0.213957682741246 -0.0758203834861257 0.111103165939103 0.104212998799081
0.32727133834023 0.00789241932712698 0.0224455034150015 -0.181905141808985
0.261069205595443 0.0395953890061436 0.0270626156920205 -0.150519895211109
0.0868517771600289 0.0550810231088938 0.11239062076678 -0.00452908281395576
-0.00328835643670572 -0.0301351981793457 0.0101631693508151 0.200108903070294
0.0399194291543124 -0.12245596849723 -0.0682080596416283 0.202854262863187
0.156304873848007 -0.0719992517938128 -0.00469718616971178 0.104079594518497
0.241436416830641 0.0243290925033221 0.0183357867285737 0.0346027690662761
0.252763183313489 0.0522542303495385 -0.0209342919791247 -0.00992202141585397
0.190906477748652 -0.0244872569569396 -0.0643850536632238 -0.0424630809903289
0.0757300663560716 -0.105301253855652 -0.0213420444771283 -0.102300935965222
-0.0165274654145642 -0.0894114467800557 0.0287494584139767 -0.180312459458394
0.0140701353354225 -0.0149954897889145 -0.0729117382325416 -0.143788353592194
0.118145151235949 0.00817178882148341 -0.0715968548805909 0.0725364301627499
0.259582706699702 -0.0337429263881395 -0.0250822805811943 0.184485970215655
0.291328340636931 -0.0274894298110268 0.0234372177602515 0.163505519286997
0.239913591814478 -0.0561972243971605 -0.0751944453966515 -0.14104332618374
0.206451989555529 -0.0587579035771588 -0.0895007437688796 -0.15275180209677
0.0699011699681417 -0.0449938175964597 0.0202869910335725 -0.0491687328260326
0.00390535285300332 -0.031324674583628 0.00611623110353245 0.105779248727286
-0.0331683871489272 -0.0863187484109436 -0.00154849039343684 0.113737789039068
0.0492095415927479 -0.0969330961422741 0.0974805367205093 0.0500277621997
0.182317383456006 -0.0262645915881868 0.113785787582489 0.0214667499779079
0.243035100890633 0.0554300483975785 0.0702182716194196 0.0085491463252991
0.234849744104903 0.0249501687922993 0.0519869278376288 -0.0321130793474577
0.163672377478044 -0.0899957346050526 0.126398898303757 -0.134730935003895
0.0223308567828735 -0.117437216279755 0.131592063450307 -0.301621858697518
0.00231006343149226 0.0252825259257471 -0.0892158908269667 -0.298922824347814
0.130935264023508 0.12141866636696 -0.203289425558425 -0.0394304612923354
0.312213996400273 0.0643406179591005 -0.183602675050714 0.151583994511876
0.32403444908184 0.0281802067421599 -0.11815693402044 0.182324421280606
0.130274183678739 -0.0868153465997566 -0.117506082657637 -0.0695018300726521
0.116271161842484 -0.1116593754392 -0.133135521041149 -0.0940072503466388
0.0232850843955061 -0.115451933390859 -0.0286079359279765 -0.0283225408959238
0.0053151304605429 -0.0207507659637832 0.000393383319538465 0.0705962595440196
-0.083749797932084 -0.0182084704461718 -0.00381194920311033 0.0342938155534188
-0.044951565820178 -0.0897430348629853 0.123634132579116 -0.0458166464333848
0.112041909353976 -0.0529900995804991 0.170259060446355 -0.0297817753745687
0.197789921216711 0.0525101740977583 0.149368489314812 0.0232477730307575
0.229934227656779 0.0620193597370119 0.186182195097755 0.0136880267353679
0.214268563139272 -0.0655044409300699 0.332908494952756 -0.133367346396201
0.0407201840301316 -0.126484445882231 0.306374004684856 -0.469273459937101
-0.0174392421417462 0.076419412784532 -0.0841884079402564 -0.572729522500709
0.126527852888553 0.226336928835114 -0.362135735429983 -0.260343570559721
0.306474392849106 0.137725302016929 -0.380793997167011 0.0339545599705214
0.289465127941657 0.0630557853553092 -0.282121739217358 0.155844981981875
0.0376678101761162 -0.0678175661131937 -0.119051974353403 0.00113233301641901
0.0391813152067075 -0.0878471753545847 -0.107774136739905 -0.0182825138585336
-0.0192506589724436 -0.112389610456482 -0.0144497347513807 0.0146150697519431
0.005779626492878 -0.00551539108942911 0.0159271285217633 0.0681338258289277
-0.07366919727357 0.0354368336147635 -0.0466236836977023 -0.00335772154782915
-0.068097855419093 -0.0492512358552996 0.0793171052399068 -0.132350986667969
0.0549153999684607 -0.0378502344276253 0.189190664864755 -0.0875583598801969
0.120906598436143 0.044340421779131 0.208007154428345 0.0312919847599581
0.155040583643968 0.0633221048359483 0.310473266740111 0.070469682121409
0.172844680034775 -0.0350722001455336 0.551963160808492 -0.111000268940267
0.0218456354833328 -0.0903663707739192 0.510482338028215 -0.654518766544424
-0.0196587658055232 0.101910161859691 -0.0668180761504599 -0.897260114796173
0.102190129010386 0.235862269103197 -0.521560609623803 -0.548080405886234
0.229901499488459 0.129088208805218 -0.569329555874822 -0.131058427821827
0.181778482112053 0.0560045597583725 -0.420825803137883 0.108377849916141
0.0135033094095785 -0.0095134607700414 0.448753677680456 -0.100235062735719
-0.0489856998281384 -0.0185793137554145 0.622278203987349 0.220713017937653
-0.0194322044545638 -0.0630812166684864 0.601741750501589 0.64450787520434
-0.00223555982817944 -0.0509164229427456 0.114219487473945 1.0154573277802
0.0238797969911367 -0.0090651528634297 -0.553277072881389 0.755693128254124
-0.000778487617019423 -0.00355874649393904 -0.632829434695653 0.151741389745132
-0.0171684770589995 -0.0109431793114901 -0.378516939979871 -0.0933176999781149
-0.0170780630038422 -0.0172874409760199 -0.244979396801546 -0.014312895923653
-0.0266841547788886 -0.0035611436878828 -0.203046501737959 0.1337668890653
0.0130883540963264 0.00462244648884474 -0.0315361739992596 0.175285877634504
0.000786047851154443 -0.0164705191670428 0.0666855628676774 -0.0018746666877851
-0.00123178781199516 -0.0218207400127679 -0.0352935027205147 -0.0777797561485739
0.0139536053361269 0.0185504610308574 -0.00903198857242254 -0.0164948248977572
-0.0114346582606932 3.78733590786586E-06 0.0651049596871157 -0.0310150579297852
0.0180648648117687 -0.00606475236073488 0.130675399036406 -0.0440528180822472
0.188061367424873 0.0534622579242363 0.417458556399327 -0.11209814312116
0.12037716458676 0.126274958933803 0.565230383418284 0.191700311758327
0.0433764018670676 0.139892260389265 0.540495389833453 0.579753383541186
-0.0447587270821494 0.0109837541406096 0.071147609780669 0.938719001243226
0.0970893566207502 -0.117599692667012 -0.525703110100228 0.674152122756985
0.183190042531392 -0.0296052060614122 -0.573672231152822 0.125237372245858
0.127857040977467 0.0396893528230389 -0.345194625018279 -0.0852233934004964
0.0776820962358238 0.00178060718092844 -0.23381064083332 -0.019790083058362
-0.00118253757572219 -0.0488905584512282 -0.198202306779053 0.112761335811883
-0.0723902765860074 -0.0166571103577786 -0.0510889015053176 0.141827754025133
-0.0495813579659404 0.0331627441792626 0.0480670114407249 -0.0133530135239348
-0.00302176964494693 -0.0498282410069997 -0.0350621261069256 -0.0768474006238924
-0.0249991919260746 -0.0859211341701611 0.0145186242019105 -0.000338882751925019
-0.00700369889133979 -0.0911180877361549 0.0707376684542154 -0.0162671845378341
0.0625738794420194 -0.0675874155088944 0.134702412633788 -0.0332765026460944
0.313866802186994 0.0819567467067814 0.305863630126033 -0.152283088185336
0.234320009840192 0.186742725326109 0.391275946179108 0.0572618835821392
0.0751220415586171 0.218298625101361 0.386688479631262 0.346364461946497
-0.0509214489589414 0.0189981563058389 0.0346296708040677 0.658929723559016
0.132992200455843 -0.159678862381808 -0.36802079533683 0.488407251589198
0.275383180975825 -0.0409395319917147 -0.376203086104134 0.113151165283747
0.23023444974764 0.067046008844606 -0.237320847897388 -0.0440027691220389
0.161136235919996 0.0191632866275 -0.187146033720278 -0.0228671173973509
0.045669973788584 -0.0750703794582562 -0.185281461949377 0.0565844706031617
-0.0870805944689586 -0.0578540116540224 -0.0993745962053778 0.0699353225188791
-0.0747915334095159 0.0172350974014575 0.00696680321730001 -0.0365109510772925
0.00481484362286303 -0.0574539306236587 -0.0288037534864123 -0.070006517758429
0.00438727188600781 -0.126695027944899 0.0493413454622192 0.0456932285457443
0.0524089695163295 -0.136158524967116 0.100026708535427 0.0514301113497694
0.126837555933461 -0.0961035530549885 0.141442363126945 0.0230263914510722
0.362252176472738 0.0558958125374921 0.155778017223941 -0.184256179142418
0.275498686610348 0.136520701530319 0.190872401895502 -0.0772149887977976
0.0894826317725836 0.158978617667789 0.235636920892505 0.122287881041428
-0.0260873200022133 -0.00707732011184391 0.0236488728107599 0.380659925267359
0.100821851423111 -0.14760388760212 -0.18694835272027 0.321660068767666
0.245932323998949 -0.0546167844633158 -0.163114899789163 0.116732644611393
0.264061443190639 0.0537843346736213 -0.102887272250783 0.00808129141670712
0.222907423506707 0.0302922149328119 -0.111416196750553 -0.0194190608883465
0.115260655411606 -0.0699072151451398 -0.145326009116118 -0.00413354214642141
-0.0242531294674531 -0.0972866917088019 -0.101360917057051 -0.0236154931032854
-0.0605907978087122 -0.0407145246884325 -0.0111596705122608 -0.0938181538267287
0.0126555968682026 -0.0423106442189083 -0.0476448479816245 -0.0784952596736772
0.0724123772648524 -0.0847165679366097 0.0237969002937848 0.0886249854958077
0.15928976265016 -0.114683702432548 0.0795453739214851 0.136331223156366
0.212176590374929 -0.0823555168717955 0.113603603809307 0.0990540342904703
0.327833125599866 -0.005596161818526 0.0152589121960273 -0.181500916465649
0.264109250360022 0.0324825418092322 0.0191329838437054 -0.150844371707665
0.0905577271351887 0.0529136388962422 0.112729576341308 -0.00959583703174981
-0.00428008781879717 -0.028002731435597 0.0219171470029305 0.19866362584969
0.0340759416496593 -0.12473932044515 -0.0590231316690658 0.20601112275107
0.152425236719136 -0.0822373537742959 0.00018289248951528 0.103272450735346
0.240131502422537 0.00961953860561641 0.0219798921773557 0.034401766924944
0.251932812882682 0.0374468582896546 -0.0208148898781367 -0.00871592349754621
0.188352778262467 -0.0355296280134817 -0.0664847379583467 -0.0380311704235709
0.0699944612234052 -0.110680621086643 -0.0253531444676989 -0.100197272998401
-0.0214369699241347 -0.0908368603542818 0.0200370731096369 -0.181310582798565
0.0126857878903614 -0.0158989843901436 -0.0812355079822213 -0.139466832264002
0.11805467030949 0.00492555392713388 -0.0684875611437617 0.0764597942575437
0.258970043709112 -0.0419686682463527 -0.0177159917822682 0.184419091256967
0.28887961574475 -0.0383031356189087 0.0280961941072485 0.160364308192433
0.23866572974908 -0.0638494203721845 -0.0794316374337893 -0.136773913810295
0.206060678320996 -0.0650362648685953 -0.0961551680995406 -0.148025116880366
0.0686723028776151 -0.0469001167993728 0.0189557833416624 -0.0510108907948373
0.00285799001652872 -0.0309627689063896 0.012804228525008 0.103923287690072
-0.0382512300881272 -0.0856240637109541 0.00352892766300771 0.113537787328265
0.0418960427297429 -0.100398338325217 0.0986828529627229 0.0440825778437473
0.179407850706622 -0.0369966754529081 0.115364801547799 0.0155311324117445
0.24306989127209 0.0407816719473215 0.0697693383958778 0.00478929002527791
0.235127381981379 0.0116776208233686 0.0477532067061174 -0.0339582308112028
0.158725400843012 -0.100996747566142 0.12012482734565 -0.140621656521168
0.0161104840707961 -0.120652918017478 0.115360235476302 -0.307260947468142
0.00364131825305905 0.0254773143875751 -0.104961483225306 -0.293589108145876
0.135783326894188 0.118107289253991 -0.205101010781008 -0.0300970635798767
0.314849390797372 0.0525504987435561 -0.177932001561595 0.157791885591377
0.324288480413219 0.0157203801510008 -0.112905633779351 0.184655592071597
0.128866924231322 -0.0911412566559733 -0.119956466102692 -0.0644810816363238
0.112258939007176 -0.114647869508889 -0.137753305667085 -0.0891592255380488
0.0180569027804102 -0.116695688961333 -0.0314672818213128 -0.0279519780383845
0.00500576583023376 -0.0207546301175859 0.00350042730511083 0.0691603735636675
-0.0851126822383408 -0.0139110423291745 -0.00140322739929518 0.0351307068418743
-0.0503805228399049 -0.0856171727288383 0.119562880346029 -0.0526200752627711
0.107654277684579 -0.0589357483486337 0.168091580644447 -0.0386737776698689
0.198477378135484 0.0404741193037736 0.149480589039379 0.0148391363012506
0.231743727162463 0.0482183919311516 0.185087711181791 0.00385063086571104
0.212109794559362 -0.0804718210121728 0.324828065704607 -0.150253737762351
0.0324200618995972 -0.129897194749015 0.281300978146889 -0.487238191962985
-0.0154639716118451 0.0784679515200579 -0.112416689722305 -0.569896677984305
0.136111029978153 0.22353705487289 -0.373728917480939 -0.24696194431542
0.313518717138631 0.125321187028087 -0.380306617019874 0.0469435392075261
0.290802258971614 0.0535953083788598 -0.277934476144871 0.165171238734646
0.0358784665303008 -0.0682969315425097 -0.117667625476439 0.00585880214172037
0.035655120411552 -0.0886155870535744 -0.109439064310073 -0.0131215432869991
-0.0249248009280749 -0.112356199175326 -0.0133087297312841 0.0148750208640336
0.00585389465047608 -0.00646949126973698 0.0182675108237987 0.0656913139397469
-0.0714999327300228 0.0390541563451244 -0.0454881888765939 0.000232874936256817
-0.0730869563403462 -0.0445953582070168 0.0736569898620855 -0.136120241280088
0.0514319188307773 -0.0403456766685358 0.184022148063965 -0.0969518498789197
0.122417004946351 0.0371843294032544 0.208291077966309 0.0197942223868138
0.158982195659802 0.0540539536919951 0.312178415033641 0.0533810615072984
0.171866546076049 -0.0478721954255374 0.545142109926724 -0.145005383538501
0.0162591319543055 -0.0942396937472338 0.475476296652684 -0.682651863006799
-0.0163116065403293 0.103651481546956 -0.109205695577537 -0.895778898685828
0.112051246131287 0.232565260110954 -0.546113398245893 -0.527758412954005
0.236022900574735 0.118529371401628 -0.575987482653567 -0.109947137955861
0.183658029230014 0.0483430500713886 -0.417112703816556 0.123362757532613
0.0128138482484523 -0.0153472225202156 0.439684115402754 -0.11922913885611
-0.0505248634291012 -0.0188223922427999 0.633556880044012 0.186753199221134
-0.0223346785357498 -0.0628349822605901 0.645238484369686 0.607994659783628
-0.00279349134865616 -0.0488599526643722 0.17738835656835 1.01290431797369
0.0244740631030352 -0.00730033187616478 -0.498641915314204 0.792287207404118
-0.00320225737036931 -0.003021689831484 -0.62076136918213 0.198056200675435
-0.0174942236536943 -0.00894628918490838 -0.381582950555179 -0.0591988335244867
-0.019779161852543 -0.0166011657695528 -0.243528087363019 0.0079749531067193
-0.0256970689778521 -0.000828954553221616 -0.190170636935394 0.149697875618327
0.0126055255920782 0.00313831559039136 -0.0182011828796821 0.176468380378648
-0.000723352955066366 -0.0170540580119456 0.0655383317165941 -0.00639102336241798
-0.00418638394516571 -0.0210568612201011 -0.0398644979322255 -0.0751718399695197
0.0143347804177062 0.0181127627586655 -0.00927369082128865 -0.0167841213680442
-0.0118249613613729 0.000547010901603043 0.0629324028356014 -0.0357496504372603
0.0172425419370042 -0.00944882390766096 0.127184461992113 -0.0520769778629522
0.193129334221834 0.0360465074348931 0.410714160142959 -0.130312899305287
0.131157060352778 0.115276172601907 0.575966774302744 0.160772779497427
0.0557265696503295 0.137771470453482 0.57789319072944 0.548717853128422
-0.0432763634630601 0.0176153604911267 0.132230704571822 0.935283263149872
0.086726533761406 -0.123852209404263 -0.472677334495184 0.710681040499447
0.181224601800453 -0.0473832399992011 -0.562257049330224 0.168358578969389
0.131537608794969 0.0267437900062202 -0.348975148075765 -0.0574634637974207
0.0756896247061461 -0.00549667317760813 -0.231345332010368 0.00107005089831827
-0.00488150501645957 -0.048865842770923 -0.187251135502868 0.128961150966314
-0.0744863830751738 -0.0108326413873962 -0.0405280576734367 0.146213387021507
-0.047462777767294 0.0371938400646567 0.046921054866576 -0.017515052583456
-0.00744452350293235 -0.0503481608670046 -0.0390888097052391 -0.0740728752360476
-0.0317673824855488 -0.0832824128682268 0.0141050623682264 -0.00160022929985572
-0.0137615251656486 -0.0910680236924343 0.0694209616348816 -0.0216783721993471
0.0579898071633168 -0.0733557676323932 0.131936152147857 -0.0424947332189029
0.321548859778174 0.0566134607209003 0.295896978184083 -0.16200621151591
0.248601527112777 0.170613797731849 0.393261867766371 0.038657895658144
0.0928051994960604 0.215372302453127 0.408516322218479 0.323356252076106
-0.0507202117921901 0.0264641451129465 0.0770511300690685 0.655115838717794
0.117895001736915 -0.170924608861768 -0.330181242864495 0.515420584560325
0.273066481273769 -0.0665597635088735 -0.367047383866677 0.140030606077504
0.235660892803705 0.0447973951932313 -0.237713202998117 -0.0241074373548707
0.160265589193134 0.00364096626574654 -0.185940505449018 -0.00683836073957521
0.0381598996328489 -0.0788645737409272 -0.179583911190265 0.0720606189394778
-0.0938121388568074 -0.0495923006571286 -0.0931076533923374 0.0776438987805018
-0.0734599384880356 0.0246469203560451 0.00439231977648413 -0.0377182637950037
-0.000226231264769935 -0.0577576496923576 -0.0336606808367467 -0.0680405855108857
-0.00533433127455012 -0.124962554163216 0.0534484099629645 0.0417502091143245
0.0435117745259564 -0.139437348118015 0.103646495067259 0.0438964083563883
0.121944621902864 -0.106036598300574 0.142702801310131 0.0141299348642671
0.36749499318358 0.0293949215275287 0.145883977113458 -0.187392909017479
0.288778288824338 0.118228838253408 0.186225030152706 -0.0845231097063319
0.101753361742159 0.156070370078846 0.243157795805388 0.107942733688227
-0.0262859992863586 -0.00338060917363552 0.0493093545597998 0.377183709080505
0.0880953426898643 -0.159073146785991 -0.163203459618019 0.334627967965947
0.242547273827457 -0.0789466099940302 -0.154477403893175 0.129603973297923
0.268468136064121 0.0292566369095197 -0.0994691881503792 0.0167789226313196
0.221928390661664 0.00982862222437206 -0.111661532233759 -0.0101501257443975
0.107929680934441 -0.0797783045734756 -0.145665167552816 0.0078872579370734
-0.0338111496890802 -0.094816335676588 -0.101318953484385 -0.0140341755646498
-0.0641033591838379 -0.0367048497890834 -0.0188468563648318 -0.0938286190561931
0.00945094762760001 -0.042976590898099 -0.0545719761746558 -0.074235897372976
0.0654842561353142 -0.0880013570826727 0.0313118847579816 0.0874464253040892
0.1520033620427 -0.12594019700146 0.0898465844833358 0.129577339004991
0.207939998412571 -0.0988830208454273 0.119709817597467 0.0913643112135151
0.329209904425842 -0.0271599741723068 0.00935041185899805 -0.178331503125398
0.26799505453568 0.015297808827694 0.0125197349482912 -0.14828385960273
0.095840079738782 0.049535416217572 0.113194673426945 -0.0167879668069452
-0.00616491124980045 -0.0267891288888942 0.0360474124911967 0.19560139334987
0.0222183731694011 -0.129485333901043 -0.0437982046687288 0.209245128021522
0.145859544662756 -0.0965002691472926 0.00698900651183479 0.102914850886956
0.239377454367089 -0.0113072128973563 0.0266017071826089 0.0319312948770319
0.251660207918421 0.0137583291493623 -0.0223257690372068 -0.00735571831488896
0.181968855821233 -0.0522162738063306 -0.0707958809414985 -0.0332221859698906
0.0595147981944901 -0.117736588073388 -0.0323623553572378 -0.0967818836050549
-0.0296507894850289 -0.0900985940365213 0.00649877867890824 -0.182332487025662
0.0105835041853176 -0.0156637147702245 -0.0931332832403619 -0.133079435377247
0.118579270061312 -0.00236013793025999 -0.0623149683664618 0.0818122278588396
0.256287290811894 -0.0600768219725602 -0.00409375962018019 0.183196676548737
0.289756730878821 -0.0578109425186514 0.0381593308014488 0.156917274030965
0.234987428755778 -0.0795123046586382 -0.0832681479598306 -0.13025629318664
0.202033908815458 -0.077615827866968 -0.103727097423048 -0.141087391940489
0.0658921831558775 -0.0509714824853891 0.0156735062645414 -0.0533300199918417
0.00160902721379813 -0.0313949559879612 0.0198977204872622 0.1011743100371
-0.0471670506281632 -0.0828552358451652 0.0121911669564278 0.113177187490778
0.0326448717824588 -0.104434130853814 0.101436500891275 0.036236131281105
0.172661821877397 -0.0527498218163245 0.11721211221303 0.00679088517805848
0.242663381603449 0.018376557795162 0.069410859126301 -0.00173053214409592
0.233201809604537 -0.0102164065193952 0.0432696416270608 -0.0372041306620187
0.149764996488678 -0.116608038567694 0.109250185241433 -0.150498727939665
0.00442053379606503 -0.125313989338784 0.0914504554731779 -0.317452230567853
0.00206590132050912 0.0266464596299481 -0.129752984659033 -0.287273997053685
0.145648280577475 0.110028111393604 -0.206249730336988 -0.0147312165828259
0.320336624551704 0.0326329731905883 -0.166877638159304 0.16819828597949
0.32803493305095 -0.00457567478370818 -0.101049744003395 0.190056184773051
0.12286585264649 -0.097919737966144 -0.119426441580481 -0.0569353120588459
0.106690589232782 -0.119950881802578 -0.142390602182385 -0.0797523695907233
0.0100304956850034 -0.117792711152573 -0.0322278348106306 -0.027155074097444
0.00344538441188238 -0.0220397217622541 0.0084654000233028 0.0672143093051958
-0.085996763841576 -0.00660193581861834 0.00195655666921704 0.0361286590777488
-0.0596496059471472 -0.0811173567570996 0.116289268871139 -0.0607751937565235
0.0999341482179568 -0.068522425856581 0.16597354403764 -0.0512225880741438
0.199103959881913 0.0215995998600331 0.14861837899676 0.00209809259267758
0.234113566553068 0.0263061630761551 0.182065532977204 -0.0111420363449935
0.204813589616719 -0.102015068152412 0.312602441826592 -0.178981016244714
0.0202859797355541 -0.137251658045842 0.243119136944937 -0.512040653445524
-0.0151198676606008 0.0819043974418942 -0.155879306394098 -0.562344667082235
0.151755982948973 0.215762033691867 -0.391161285520766 -0.220472373190312
0.322336116383447 0.105341062250561 -0.375752966494541 0.0707329706001965
0.29619672803776 0.0361974622864295 -0.267501247143209 0.180652978985944
0.0306035176817628 -0.0695349284241735 -0.114063017249375 0.0105928819912142
0.0302194754820868 -0.0889906248864028 -0.109439312365712 -0.00716146194806071
-0.033652770360894 -0.110981884416969 -0.012026564127956 0.0142889469945279
0.00383353898436009 -0.00757160893025441 0.0214326533215798 0.0625193519553751
-0.0676168070365798 0.0469009995754736 -0.0437344474304564 0.00289412972690153
-0.078585621059555 -0.038096647953747 0.0634223650617733 -0.140559472382381
0.0465389019055712 -0.0451972721770595 0.175594978632659 -0.108875202021725
0.124847001160132 0.0251726952660761 0.208020221108824 0.00248519794174421
0.1624895419823 0.0378269952849076 0.310489412863037 0.0266283045825717
0.16892764104891 -0.0654108871511742 0.53291444429244 -0.189752607696674
0.00438488607855352 -0.100368250424961 0.424242070198528 -0.726093485532922
-0.0159772055283866 0.106528388685625 -0.178631088812647 -0.894227516937353
0.12729659351263 0.227150090434051 -0.583443193201335 -0.49176229113185
0.243037906967679 0.104036753748423 -0.583594414468008 -0.0732383125137529
0.186212100593257 0.0415744991578436 -0.411203677133284 0.148414897844371
0.0136247661035485 -0.0156490977753426 0.439325629592861 -0.140470344848007
-0.0521800810519429 -0.0158599750830643 0.652458954109256 0.15960654062092
-0.0258217213946804 -0.062280096223161 0.679218923736364 0.584644201813135
-0.0049123180276377 -0.0490134810544672 0.235192639729165 1.015299826903
0.0244817399330088 -0.00693731823783543 -0.454948734572664 0.831265959165422
-0.0040191547849617 -0.00236466876208802 -0.609654860235114 0.239929999613372
-0.0188532414898001 -0.00839169230179796 -0.384294008302894 -0.0353722840573675
-0.0212088204220224 -0.0167163455661069 -0.240119463574919 0.0220124069086758
-0.0266407782184212 0.0010385652594097 -0.179080750566819 0.161683313087956
0.0126670508665158 0.00110404369255881 -0.00898715804217468 0.177964359585489
-0.00289793096244718 -0.0160144216263406 0.0651306142268322 -0.00818560840261493
-0.00580900923713595 -0.0216833100146442 -0.0430842345998601 -0.0737002094326524
0.0152122171354374 0.017697755159098 -0.0102007355862243 -0.0157511567417655
-0.0108249119275137 0.000825408441586552 0.0614302105286724 -0.0383541285394101
0.0160796818155781 -0.00966304014132037 0.124054871171814 -0.0573949042081769
0.196949943120824 0.0279848576803809 0.406876286131847 -0.148129138496922
0.136935805424185 0.110472396624464 0.590871327540543 0.138108727174085
0.0637615192796693 0.138045912352542 0.611055773088077 0.526754257021816
-0.043688315612578 0.0216063512006276 0.185006327902109 0.940929337266684
0.0795983956659583 -0.130119897657259 -0.437418745485239 0.747464606967272
0.179118355975665 -0.0598354263424753 -0.552866167758096 0.20402601788283
0.132543827932436 0.0185494373717379 -0.351412204531299 -0.0348376290489517
0.0748316221646762 -0.0105824381745883 -0.230074002806951 0.0147850150889478
-0.00815312143043201 -0.0470142489070383 -0.177916334647608 0.140106210866829
-0.0766730175821196 -0.00613626348837994 -0.0328210771891497 0.148046665723862
-0.0456101104410838 0.0402350363688186 0.0457249949545847 -0.0195169283812731
-0.0110964448476236 -0.0501511974192802 -0.0432794217731658 -0.071668449319019
-0.0360156674776661 -0.0824498079108429 0.0154939179501054 -0.0027659867001613
-0.0164634394113145 -0.0901791955290504 0.0693517323851286 -0.025073867977757
0.0546475293186249 -0.0752624620520763 0.130064972649519 -0.0484940601533426
0.328289402968372 0.0413145299187674 0.29257101655008 -0.175760530215888
0.259503547829495 0.161403644541753 0.398648084391951 0.0231548484712743
0.104571934076228 0.215745172972009 0.42863003011753 0.308307374587288
-0.0499587924105924 0.0319848084390262 0.113209162405944 0.658628173254042
0.108472548121525 -0.180976719027437 -0.304556799154942 0.539903018899919
0.270884865493856 -0.0866407471946712 -0.358755877530273 0.164132710742778
0.238915179082887 0.0295435385299365 -0.23808229705719 -0.00930712176453479
0.159194550173813 -0.00638771514825944 -0.184797493861907 0.00381590520562524
0.03214186853641 -0.0811013849677144 -0.175078775446018 0.0818095526425941
-0.0989377741493486 -0.0439403113321275 -0.0891757503427624 0.0843400261405492
-0.073650535832851 0.0287602812706586 0.00170086553387892 -0.0384027860109074
-0.00344417941875428 -0.058596214676772 -0.0371783062195958 -0.0658453663118864
-0.012529094963929 -0.125692535701778 0.0564037841290579 0.0400705389766059
0.0388065367114998 -0.141205321196075 0.106298866685491 0.0393583432970635
0.117976058804313 -0.111221948060133 0.142976098584992 0.00701419140914572
0.37107165841247 0.0127456439180688 0.140761590797052 -0.19412967753646
0.296150095943771 0.107950283579264 0.184409420427515 -0.0919694725197813
0.111434367126538 0.15485513689364 0.25100552898642 0.0972982695784981
-0.0278495914040534 0.000295013384049555 0.0707246365685379 0.377073037763198
0.0799020996589292 -0.16631813031975 -0.145724693214449 0.346017919455782
0.239366377469663 -0.0954132336368604 -0.146472141041039 0.138179367636512
0.26980645054947 0.0121487528870304 -0.0963518841480328 0.0227531776688928
0.220935522065695 -0.0029327327680923 -0.112265798441349 -0.00497893022458478
0.101414110141666 -0.0865845376867743 -0.146182489703892 0.0157212268532509
-0.0415623625830208 -0.0940701728926337 -0.100900576513943 -0.00786772753847996
-0.0675125646783843 -0.032635846545593 -0.0229042376804935 -0.0933218289811199
0.00692924735534459 -0.0433297873031967 -0.058951841612046 -0.0714352404722138
0.061406835099872 -0.0904474953173375 0.0370736481603426 0.0876387589789392
0.148212834814115 -0.133173728253552 0.096446409237587 0.125477980876252
0.205281961593968 -0.107806118762189 0.12358555889341 0.0848322737978306
0.329501000716773 -0.0420157345614397 0.00187234784041611 -0.178411212634874
0.274012724580537 0.00492343344911486 0.00428500195258117 -0.148044320601456
0.0990469427442639 0.0469833269864437 0.114265178342743 -0.0239632716362312
-0.00746701471818378 -0.0263256798455096 0.049151080653825 0.19296068304333
0.0137432773722353 -0.133135444121106 -0.0327366577992621 0.213770696585445
0.14059582441232 -0.107811868626996 0.0126713216996278 0.102510258721483
0.237957603096757 -0.0269207222547704 0.0297832449648095 0.0310940654445679
0.249799664447239 -0.00100494116349207 -0.0216405870906979 -0.00688756454614835
0.17803771747309 -0.0646984545661026 -0.0741014792425352 -0.0275790750703525
0.0516947745859376 -0.123183438691337 -0.0365707332637977 -0.0946227340010653
-0.0353556624779174 -0.0911228959751217 -0.00305794430286709 -0.185501869770038
0.00975106004602879 -0.0154345838795093 -0.10233450671847 -0.126863027883038
0.120389547424374 -0.00493590328282966 -0.0592607238896626 0.0863433017917476
0.256836233950306 -0.0711919228539287 0.00404695760843309 0.183506048502782
0.288919007561318 -0.0719999521307649 0.0435691163664889 0.154379469447314
0.233002981290741 -0.0903417829573809 -0.0874395426926512 -0.127132596906809
0.201985746181254 -0.0860500382842374 -0.112049728064756 -0.135724000825587
0.0645857426569165 -0.0538697531233555 0.0135918815398298 -0.0553782380637788
-0.000413107107996621 -0.0304435122204522 0.0273685491960725 0.0989075083687321
-0.0527109640567076 -0.0815593562383181 0.0181175612897421 0.113235755177664
0.0252893933327984 -0.107777302613029 0.103825384965626 0.0305206258502391
0.168813293093544 -0.0642999855225571 0.118832104302875 0.000553272808020256
0.242460816279298 0.00337690324875583 0.0696164366669537 -0.00686400771753304
0.234135061786645 -0.0257638196356149 0.0404371483028109 -0.0390903111695911
0.143233334257118 -0.128939389347611 0.101267319277209 -0.157906996531137
-0.00261933093612647 -0.128581914012059 0.074098712219994 -0.325504951921568
0.00280131445327271 0.0277852513952556 -0.147307322736136 -0.281181141118551
0.151552841928568 0.105973644528302 -0.209655967606922 -0.00448922099063476
0.32476451721827 0.0178449063255708 -0.159330182189848 0.175221518057546
0.329829244663976 -0.0206976669037832 -0.0945069175117219 0.194399934076191
0.118792306284176 -0.103204120877605 -0.121043920221462 -0.0522204268068104
0.101060594653181 -0.124145281205906 -0.146972915133594 -0.0723658644756583
0.00345704254098506 -0.118598082085414 -0.0335519802439632 -0.0273470455236878
0.0024240652166503 -0.0224560661769967 0.0119706501149133 0.0654820145645471
-0.0875662381728755 -0.00110621320403785 0.00429366616465977 0.0358836006102159
-0.0674154583834366 -0.0775755103715157 0.113505258908795 -0.0685615849377951
0.0950564755360764 -0.0732682780840613 0.162903697546429 -0.0600487602474777
0.199047364460535 0.00996669312214434 0.149764146695688 -0.00638342026657748
0.236882966813369 0.0105594548798086 0.180548459819303 -0.0217330478249331
0.200169280038329 -0.117825144386962 0.304817905622608 -0.199499374652311
0.0105715161663406 -0.142748969557876 0.215285512733492 -0.531614295028663
-0.0116611613764852 0.0839637552814545 -0.188766938619889 -0.559229450616175
0.164023614239148 0.211908298922128 -0.404735179153617 -0.203116010834564
0.329647889959563 0.0914970033013082 -0.375550677745052 0.0863020626634938
0.299207253571485 0.0228896293791891 -0.262739989760103 0.192121719465625
0.0282053310699074 -0.070064813917282 -0.113058174219627 0.0160417822455476
0.0257068136234304 -0.0903736222265496 -0.111038541945677 -0.000723091798250626
-0.040787489250405 -0.110666553727672 -0.0108496458178725 0.0145676533475477
0.00398366684469925 -0.009089520064027 0.02406261207958 0.0610863952176155
-0.0643602180138166 0.0509105949949021 -0.0425954245582842 0.00547167663776624
-0.0831074165473529 -0.0333656163054294 0.0566069260895987 -0.144399722385251
0.0418823010090957 -0.048494828060959 0.169651083282251 -0.118766966415871
0.125140457992348 0.0169136726830891 0.208419842181506 -0.00837617844933908
0.165032796950424 0.026189064988205 0.311285466196062 0.0083932130093229
0.165563266509109 -0.0786230189676919 0.521885037904465 -0.225819889628749
-0.00207254867595146 -0.103764433593166 0.383491057538427 -0.756690220920727
-0.0118043936955794 0.108531528860546 -0.22923536188965 -0.894177935674473
0.140244475826189 0.223622048297444 -0.615345366374809 -0.469048430586443
0.250379563970434 0.0928457826067363 -0.59259887639476 -0.0498943876429234
0.1878515677741 0.0328433048976054 -0.408215928563626 0.166485255411797
0.0135561555832732 -0.017175943035499 0.430858279567946 -0.161729827678705
-0.0524395926851908 -0.0142802864020198 0.661985475691067 0.125141260216427
-0.0288056503592796 -0.0613910551265432 0.719590649235964 0.545363343225891
-0.00820208454772257 -0.0483215489939948 0.301834566651626 1.00517949732886
0.0242813749037219 -0.00715324671590903 -0.4002718825117 0.861568059380042
-0.00501916790691918 -0.00119248267040648 -0.588530715562904 0.281699124032923
-0.0201794994209976 -0.00654246957227289 -0.383008497158995 -0.00821104719617974
-0.0240215875250622 -0.0152046825982794 -0.233782306592149 0.0389141660706472
-0.0268160441037304 0.0027358012270658 -0.167308466650392 0.173100640085694
0.0114170098423376 -0.00104731449982619 0.00148576725662134 0.176830441094455
-0.00475356913280339 -0.0164010188196807 0.0643497064654352 -0.0113447714279989
-0.0079275635786929 -0.0213030254510694 -0.0465644410329251 -0.0703401487124059
0.0166525043822387 0.0157071383085724 -0.0105356608888814 -0.0164460396971923
-0.0112324888777681 0.00117083922788851 0.0593210810155904 -0.0424686749185666
0.0152994186204734 -0.010569842460495 0.119545045772916 -0.063869446884122
0.19915716455029 0.0162054052366501 0.400658450506872 -0.168906743279708
0.14391941765354 0.102923113200252 0.59890785121027 0.104891144815072
0.0729979546388779 0.135228021206257 0.644471255788953 0.493476738213225
-0.043974433268235 0.0262840571459001 0.243310142846416 0.934710541786201
0.070127079604513 -0.136413093882692 -0.384341357398935 0.777197916656149
0.174958722417192 -0.0734453048603845 -0.536695131328616 0.244676923397237
0.133428055638984 0.00887432058308133 -0.349436558764273 -0.00897256530815755
0.071052045410301 -0.015729231377145 -0.226178861378934 0.030730423630183
-0.0132877926928806 -0.0471875076214017 -0.166987190896439 0.150319100815424
-0.0787225611251635 -0.000947047596503678 -0.0228432347261503 0.150764949848797
-0.0437202564344473 0.0445683898295335 0.0438071270835161 -0.0212882243147723
-0.0130821127678028 -0.050676617834876 -0.0456379034905298 -0.0698211664912356
-0.0417186962598231 -0.0805282746258721 0.0150349590530107 -0.00418658795177623
-0.0213055276984889 -0.0886363460275981 0.0682165507678615 -0.0285935752449416
0.0501549125257138 -0.077178325918816 0.125288278806453 -0.0551993315886034
0.32967226573952 0.0243741234300963 0.284139162291348 -0.190404203918751
0.270608594917761 0.147450678628581 0.401968472804842 0.00209287208935148
0.119189635642685 0.211560536531919 0.448868082215887 0.283408859057393
-0.0506522393606444 0.0368383377643509 0.156565403408052 0.653019507992804
0.0948498981073733 -0.190391507606415 -0.26870735750398 0.561859539327088
0.264696761989054 -0.107848875601779 -0.345620917544794 0.190072175890309
0.239304529454315 0.0120490094283115 -0.235248909586402 0.00849664929398953
0.156704577661695 -0.0169846974675868 -0.182851340902253 0.0161196494174979
0.024997847998306 -0.083577782865018 -0.167832605650898 0.0930426867656692
-0.103502519166588 -0.0366675175640494 -0.0821545531346645 0.0905290338718303
-0.0712764890194436 0.0344910548707378 -0.000505202426511784 -0.0394346000617035
-0.0065576007671315 -0.0580726357070015 -0.0410416670360459 -0.0625645240079946
-0.0194633861741921 -0.123841170697332 0.0597563161754641 0.0368688698569471
0.0314753380024473 -0.142401974546941 0.109384643232338 0.0333748938313857
0.110922028689269 -0.117444646229466 0.141133524361728 -0.000429799837455912
0.373031333294652 -0.00861169463812123 0.131198599673356 -0.19950566554741
0.303654539185871 0.0914108791981656 0.179417482431842 -0.1012844329148
0.121101024313731 0.150512274306414 0.257385751166393 0.0828681158727831
-0.0279065110923908 0.00315337633403908 0.096272498658665 0.373282927915272
0.0671609978902881 -0.173188314813561 -0.122308829110227 0.357931163629105
0.232201823841167 -0.115308211925693 -0.137472972029908 0.149825131948583
0.268538498052665 -0.00854366695790057 -0.092300903717662 0.0295752962508196
0.21843020185264 -0.0183555194274373 -0.111794809032251 0.00341571002159459
0.0941042355677726 -0.0934788559072322 -0.144192626693718 0.02677424491018
-0.0488679971316899 -0.0918180769151853 -0.100024355492443 6.46290592739574E-05
-0.0697214767372266 -0.0279564896957345 -0.029785396392856 -0.0917236106466436
0.00421570911022627 -0.0426907744494526 -0.0640256918361733 -0.06478440809889
0.0573506967262638 -0.0930444558361223 0.0427844840340908 0.0862556120331812
0.14224458626053 -0.139696458790164 0.104412509155284 0.118749261997475
0.19894190060827 -0.11853371085107 0.125834668851329 0.0780679231185595
0.327968261395409 -0.0601204730570372 -0.00605378126588211 -0.177391070564398
0.273972077411927 -0.0103667424317856 -0.00413699943824788 -0.147586761528854
0.103706304097386 0.0434146369061559 0.11303707270352 -0.030631886133082
-0.00888535598303011 -0.0248622589525183 0.0623561247972605 0.189545177285536
0.0050204169968963 -0.135493482087274 -0.0194839943736498 0.215938545583606
0.132349246205585 -0.119430075442259 0.019462164140644 0.101472864594036
0.23366400574499 -0.0435810571071487 0.0337402922240964 0.0291577269855033
0.247163903131374 -0.0171567195886395 -0.0229708911444503 -0.00615300733256442
0.171945592337204 -0.0777026914368903 -0.0751175217310087 -0.022553915381671
0.0420034542929615 -0.128863018711247 -0.041314968674212 -0.0916446002557235
-0.0423488435801107 -0.0904636733840586 -0.0153205715284226 -0.185350743214112
0.00855547272421274 -0.0151801245810761 -0.112413648342461 -0.119784090126268
0.120394834221687 -0.0116266277151717 -0.0537677734583537 0.0899736737053162
0.253519293776932 -0.0831298751340555 0.0143567944633129 0.182079262329966
0.285205338709791 -0.0875524263701944 0.0504974620495426 0.151585009475888
0.229047570571448 -0.10212946235572 -0.094276389339249 -0.121226003224035
0.19804038023211 -0.0957315909951205 -0.119906553171891 -0.128659127869286
0.0618825995609505 -0.0563995177588851 0.010945195296664 -0.0582570793905497
-0.00233060096009077 -0.0303376895005921 0.0339899110251933 0.0960051087128598
-0.0587464876817882 -0.0789986028152909 0.025085633945351 0.112161631466519
0.0168444516091194 -0.109509758664348 0.10506654800616 0.0229543896016545
0.161686028541667 -0.0754551970693971 0.119449714143366 -0.00794134931879948
0.240126536433211 -0.0141651842047278 0.0683974780738578 -0.0118750286931451
0.22883395899451 -0.0435369742989659 0.0367545897393323 -0.0401614161076716
0.133759365309071 -0.142212877072883 0.0922351517317184 -0.165142402869336
-0.0129356161780764 -0.130194665942505 0.0533060709891897 -0.329149481267329
0.00351075278423153 0.0274936154835011 -0.166936827282221 -0.272694442692573
0.157707975337705 0.0989979132528043 -0.209908556530101 0.00765672275769112
0.326924013287529 0.000485063489062266 -0.149969587135446 0.181356632119697
0.327072748830297 -0.0363752453236397 -0.0856701001338696 0.198049284371154
0.113195966336672 -0.10936127075491 -0.122045018526237 -0.0449461435509577
0.0967492644906749 -0.128351510486978 -0.151533905217841 -0.0628550752278137
-0.00327613825765365 -0.118513356909235 -0.0359455507589377 -0.0264240612027009
0.000798882428357838 -0.022692966868436 0.0156074158977821 0.0635708049429917
-0.0881492440896116 0.00335665651586013 0.00643964680524868 0.036573827577152
-0.0736230209650603 -0.0724122483122097 0.108124485142772 -0.0757839369418449
0.0866738405836059 -0.0787692270655291 0.158333453332222 -0.070294865173184
0.197457180456154 -0.00500235523627728 0.148150277465184 -0.0163037990969748
0.235882945770044 -0.00809873989335559 0.177009046814528 -0.0327467563153567
0.19147879376887 -0.135305936106073 0.290343543670418 -0.219918278172991
-0.000769256108785029 -0.146444432339326 0.179825171316468 -0.545113559399299
-0.00815503128897721 0.0849119211107958 -0.225531466765812 -0.549253179955808
0.17659547135614 0.204089093196748 -0.418020935924749 -0.181257898760159
0.336179091172514 0.0730107832215298 -0.37194231972857 0.10634499326291
0.297773753218753 0.00653764198616495 -0.252709052701448 0.205943382811389
0.0238741005888836 -0.0716512675450894 -0.110222793972401 0.021959045247103
0.0218801070210287 -0.090528382799466 -0.110689001286337 0.00662379509286139
-0.0480987112081505 -0.107853979418415 -0.0109956102357453 0.0142691187928056
0.00288434855046793 -0.010446279725327 0.0260632270355203 0.058906490801394
-0.0605727909632191 0.0550822711437471 -0.0402185004957551 0.00719491905152702
-0.0871620761447893 -0.0260361546018175 0.0464759104777867 -0.146794122435182
0.0365916510102635 -0.0509696318287385 0.160680333425456 -0.128460282832412
0.125348194703083 0.00694287418050885 0.205644569119094 -0.0219510684574644
0.166524012354439 0.0141342168100537 0.308075093982574 -0.013265651897206
0.159598842407909 -0.0931298683810816 0.505659823126481 -0.261840872720095
-0.0108919502943235 -0.106037282836382 0.335020853119719 -0.784133309653041
-0.00596291207422337 0.109830446171124 -0.282819240832466 -0.883944286210456
0.152749961765394 0.216334813757686 -0.643846594561627 -0.434678243850523
0.255145999929304 0.0791728883328591 -0.595704013483941 -0.0183652089740264
0.188779020223388 0.022774697140174 -0.399698239070362 0.188468473133296
0.0130355031713764 -0.0176225239769167 0.420726014842205 -0.184168240584444
-0.0523732083345792 -0.0113233505566781 0.665437694392403 0.0868434002639562
-0.0320032235504767 -0.0597788691822694 0.748986671745271 0.501635641250395
-0.0110743918793978 -0.0484345834016881 0.366945372003306 0.981908585313383
0.0246713246074875 -0.00806391780164514 -0.337489992301356 0.884844833035495
-0.00591339917518504 0.000411149178528381 -0.56012792244299 0.323946984129198
-0.0210761117254031 -0.0048975885666426 -0.375620372153468 0.0219487656146939
-0.0260490692931003 -0.0138702810893843 -0.224421617449951 0.0546026802878867
-0.0245999270271312 0.00504549741002918 -0.150444929745285 0.18140604090619
0.0105658163540639 -0.00254216795859981 0.0120278381831475 0.174001339871762
-0.00550160737790524 -0.0153175553367128 0.0618447916496471 -0.013921113380344
-0.00857896691806698 -0.0211531192449498 -0.0484386020030707 -0.0665389943527548
0.016902975192358 0.0149162361588009 -0.0103281232120152 -0.0155794314277232
-0.0104749969780033 0.0011140904505602 0.056155503542532 -0.0449705373283666
0.01417426096362 -0.0115706178981803 0.113465491425273 -0.0690216450202932
0.197193786537742 0.00454428063972491 0.387637259203795 -0.187791189343769
0.148044730182783 0.0940190466398046 0.601365137801532 0.0714289693969381
0.0807210389892557 0.130949176686651 0.671621168302579 0.451872208398325
-0.0428120725481114 0.0310224188687135 0.301757590929588 0.912281149896398
0.0591308806789692 -0.140803737095359 -0.327983103887046 0.799534046655108
0.166630837083256 -0.0854676132776481 -0.510044082582761 0.280360121435268
0.131189414713605 -0.00237330371213024 -0.341898158697465 0.0172620698036003
0.0680287375110325 -0.0210781584764504 -0.218342651537324 0.0463232146458922
-0.0171943931804701 -0.0450145548872345 -0.152625234812705 0.159941999405284
-0.0788364413223299 0.00581097396032519 -0.0127618430586292 0.150916333323197
-0.0392509774512129 0.0476446204564187 0.0413204279937791 -0.0239281227165091
-0.0171150451586783 -0.0495971660742037 -0.0486186593179159 -0.0662176583924089
-0.0462817609241551 -0.0756016225129532 0.0160540380103042 -0.00523513371298115
-0.0259026035069052 -0.0866858067320763 0.0655813661666016 -0.0322426134415254
0.0457871380701451 -0.0785049715777633 0.120152986580574 -0.0602563217661688
0.327343657385605 0.00441069677552061 0.271543412810021 -0.203111678187725
0.276832596201816 0.12952624522624 0.397592177724572 -0.0196422908344979
0.131794553986267 0.205676913626706 0.463015318991863 0.256602939055117
-0.0497450159655529 0.0429179265226179 0.198366287178451 0.640044409227063
0.0803938834431515 -0.196455904156267 -0.226913531660812 0.574417247672151
0.253817037555452 -0.127077664252405 -0.327531420356468 0.21244972572624
0.23660484773336 -0.0069741669748521 -0.22903580129877 0.0262067159073676
0.151659255425364 -0.0276571453543604 -0.177959881261859 0.0290894397134216
0.017647412656517 -0.0841785988947073 -0.157941387852278 0.10269676844681
-0.10587186662534 -0.027872974135651 -0.0744218169762153 0.0956171655454682
-0.067624860338593 0.0392842846925474 -0.0019660318021676 -0.0387181685875764
-0.010492039888385 -0.0571774382979271 -0.0439253470300997 -0.0586744262764127
-0.0264039970347611 -0.119870123969711 0.0615594375603657 0.0329591996297099
0.0248170666110518 -0.142251044831825 0.110185042182175 0.0264130941246007
0.103272351597862 -0.120891077351018 0.137996000348436 -0.0086028830202169
0.367968057890292 -0.0286468599691425 0.120298878955644 -0.204114041622723
0.30725887938078 0.0738162282188115 0.171590431906124 -0.108505869653642
0.132536211958322 0.143448495669136 0.261793393577119 0.0672410913444456
-0.0280806727948519 0.00743021843165822 0.121047506167256 0.363703945922667
0.0533046252768723 -0.178262926463839 -0.0971299503141625 0.361929883573667
0.22106329191874 -0.133639044797202 -0.123352940687018 0.157957401824239
0.26316232542289 -0.0294744154312391 -0.0860900100573318 0.0351368345402607
0.212051301485977 -0.032866188329037 -0.109536787560367 0.0113122576844106
0.0838748880697043 -0.0995578558540747 -0.140142056041032 0.036393759440087
-0.0561901249962531 -0.0879689363345395 -0.0973894992268424 0.00672554915137027
-0.0709775184080596 -0.023587054712638 -0.0344697335527367 -0.0895687985479526
0.00194880520263293 -0.0431963218366564 -0.0680941054532146 -0.0584639479048959
0.0516310964833077 -0.0937962139429509 0.0474887737832111 0.0832932754698405
0.134719919860934 -0.145399088820606 0.109873345435135 0.110950523080813
0.190387771229002 -0.126860252833765 0.127528878102959 0.0689378032340214
0.320767334721353 -0.0774303971118051 -0.0140617973981365 -0.174100346062789
0.271727251385596 -0.0237576844969524 -0.0124460671981349 -0.14405990897838
0.106200459166244 0.0380969480833002 0.111387023550435 -0.0379083629305611
-0.0101506099639361 -0.0225273929670074 0.074771080497455 0.181741385204374
-0.00500486909390064 -0.13627696471062 -0.00455521005543767 0.215125556330921
0.123521529840107 -0.128333455102743 0.0260101307611709 0.099802985523303
0.225893035824018 -0.0619015463126598 0.0377397275051537 0.0248456435505596
0.240488330731219 -0.0354175435934966 -0.0233327029117721 -0.00335561768104489
0.162344548431728 -0.0905441461005006 -0.0765110603472088 -0.0165411138526376
0.0323811944721563 -0.131482341310768 -0.0451910412877734 -0.0878847299462287
-0.0482823584905084 -0.0871784935964911 -0.0262115528496874 -0.180708943531238
0.00690586410102124 -0.0154901916974743 -0.11944242011961 -0.109543180937055
0.120201552657729 -0.0170539550956458 -0.0470237372334418 0.0935646494609843
0.247690207116501 -0.0970011506981344 0.0242738661355987 0.177496878614282
0.276401832073556 -0.10063926693112 0.0570507591903347 0.145049016561446
0.221634576066467 -0.113771568840345 -0.0980798613790937 -0.113945390406873
0.192037620677098 -0.105045357407887 -0.12565572588193 -0.119347079999337
0.0592229320617206 -0.0580520621080276 0.00752539987081604 -0.0586094077193141
-0.0043561725582483 -0.0296753864931447 0.0402882358956551 0.0909911991283982
-0.0643165230311573 -0.0750463355348891 0.0318521661680354 0.110657701326806
0.00905235988971451 -0.110536292510732 0.10495153232232 0.0155796849190333
0.152936898256547 -0.0858427655457426 0.118218127564236 -0.0156353686044616
0.233586098884706 -0.0305113403901414 0.0653873813079477 -0.0164935260175381
0.221338044283521 -0.0605669294426727 0.0334764486637227 -0.0418195583264246
0.121730859010156 -0.152657875658384 0.081081404258968 -0.169595793395987
-0.022354068898049 -0.129494392407944 0.0322276394439021 -0.330044955025082
0.00461256081971353 0.0284624361651829 -0.182781499522256 -0.257675222189469
0.164460690216862 0.0904127787756641 -0.207442634338095 0.019742561721904
0.324656707768089 -0.0185974299852678 -0.138866151576776 0.188068674662502
0.321175220336045 -0.0551765192310797 -0.0751421581469186 0.199560680985794
0.107886674367735 -0.113303575808674 -0.122018688294746 -0.0379554896396374
0.0887297757591921 -0.132132615981003 -0.154030312852835 -0.0527584186381129
-0.00968078632778678 -0.116501764243174 -0.0372686359644177 -0.0247164549398711
-0.00120839924764772 -0.0231840996011311 0.0197492183254787 0.0610753014853378
-0.0884092991992673 0.00944896581832883 0.0096334110068821 0.035406892825644
-0.0789813621873807 -0.0652317125716341 0.10083875562105 -0.081351729453417
0.0777998854338652 -0.0839570264328307 0.151471300151559 -0.0814834265504584
0.192868097754775 -0.0194278231669154 0.144108241003612 -0.0268892908602975
0.231085791560944 -0.0256740606769271 0.170241572090123 -0.0438236388132848
0.17957084611938 -0.150248740750184 0.270756004873479 -0.239181248627835
-0.0120319839778843 -0.14711130757962 0.14096763845257 -0.553809141361456
-0.00369915068626837 0.0866295160962753 -0.258839833307232 -0.529203374385273
0.187804158763542 0.193316116592527 -0.425164060982654 -0.156382487713421
0.337521537876695 0.0528747183425804 -0.363523903827985 0.124025471803326
0.295119445700704 -0.00943157679748502 -0.240175180377905 0.217076911612857
0.0203802571927893 -0.0711898512165844 -0.106373522727392 0.0270066485093911
0.0156393253985025 -0.0893970503391374 -0.109377728982732 0.0148719328284021
-0.0554301866170079 -0.103850486686455 -0.0105001996467729 0.0136682559843157
0.000800943739174495 -0.0101920112349252 0.0281877019135211 0.0574148399578496
-0.0551909006892831 0.0582013169491159 -0.038871089318759 0.00875162348434259
-0.0885281798714609 -0.0189312418416629 0.0357431971092711 -0.147486056428647
0.0308754876949051 -0.0531814133341138 0.148818456171486 -0.137044454178326
0.123625112494601 -0.00220948319988746 0.201334595621934 -0.0351880568908545
0.166198181189181 0.000544657951191263 0.300415427091332 -0.0351416591880467
0.151071102280421 -0.106399441042572 0.481064420789611 -0.296781257338463
-0.0199886474522846 -0.106716960878406 0.27538788514921 -0.800772649773477
-6.50121616032461E-05 0.108388494530522 -0.340839853617229 -0.861508075276848
0.163937210005699 0.206611017307477 -0.664219792873473 -0.394473630136763
0.256825195021683 0.0631873231362559 -0.593305093810095 0.01501302510864
0.187001677917661 0.0118242941465248 -0.387215766958751 0.209207475130441
0.00916424903207823 -0.0229205800484408 0.427245262910005 -0.153333322856929
-0.0556876751533952 -0.0181634696185898 0.655025251612516 0.127083581879484
-0.0276613202586807 -0.0616351153880478 0.715870442029329 0.539929067944088
-0.00224260295903914 -0.0487508590809404 0.313378964013591 0.995141796164
0.0277024204515546 -0.00278305256096738 -0.368683394052825 0.862668638874811
-0.00395043215266751 -0.000507840686991134 -0.562106648536031 0.299059894300852
-0.0191563808378697 -0.00598297599342353 -0.36743203693325 0.0103972032342538
-0.0256069484954868 -0.0152014728364838 -0.218234563869539 0.0476459683400101
-0.0248055335095233 0.00393560845690355 -0.151445114562671 0.173592257272321
0.00966391425630844 -0.00315356247317323 0.00592059248705887 0.171320796288526
-0.0051318508753134 -0.0157046136122762 0.0618339736914735 -0.0105525925322169
-0.00802594296044153 -0.0210882487768881 -0.0445255563762738 -0.0680707413225542
0.0161183680279639 0.0148606374290822 -0.00924483267911356 -0.0157091683476151
-0.00974527825916727 -0.000459227257275069 0.0573320666629723 -0.0413368178743887
0.0145819090824328 -0.00977628730886881 0.113263412361444 -0.0612333510152261
0.189162554501322 0.00524788656662348 0.39747699116403 -0.159837167917789
0.139001578737275 0.0924225550528956 0.594259397411081 0.108091363222524
0.0783034073214473 0.130425663421125 0.642689676526584 0.486964502941593
-0.0374497172594082 0.0305813715514024 0.258427937389475 0.925408773703315
0.0629063330742308 -0.133263893502884 -0.357496393394421 0.777046846095187
0.167326027170484 -0.0825172273116061 -0.511415772656251 0.257278430581423
0.129013826062176 0.00120010591688191 -0.333936159167596 0.00734673215880587
0.06550324240649 -0.0191651926752188 -0.211615759334638 0.0392644966335472
-0.0153963563305954 -0.0453291125174428 -0.15170084155981 0.150429147263181
-0.0783051469894978 0.00291815751888847 -0.0176762131370962 0.146782398239428
-0.0395159732183507 0.0449367697769831 0.0412006817228505 -0.0212933966675145
-0.0143687798040694 -0.0491823047964381 -0.0448331985510419 -0.0658144564157888
-0.0418608560067299 -0.0750372674899796 0.0155435287802277 -0.00461032920565111
-0.0196233270893785 -0.0856027047797236 0.0648711606053473 -0.0288665117461238
0.0493715579297711 -0.0744818043696783 0.1196134419909 -0.0526226703583153
0.315941515104697 0.0111907249977844 0.286501157267993 -0.181953089309724
0.264804732013405 0.135142294385497 0.399352338378283 0.00609125769796575
0.125666543286063 0.207254091829986 0.446013500336576 0.279598494604699
-0.046263932617792 0.0426620998135358 0.165181752058591 0.643429251182402
0.0829039915141716 -0.191220340791748 -0.248881865117071 0.558421630794495
0.253625004365362 -0.121911955866313 -0.329849756848776 0.198077036658288
0.230724304593424 -0.00259383073251198 -0.222129631708226 0.0177500699071439
0.146648593453962 -0.0235151705562835 -0.172945723045439 0.0237436589074508
0.0186733722789077 -0.0816123109716823 -0.157104700571755 0.0954888483145716
-0.10350098918544 -0.0300620210299111 -0.0751229330310251 0.0915582420433725
-0.0665838884214908 0.0368805006446071 -0.00220425904622836 -0.0386654194829891
-0.00733217976263678 -0.058183475679037 -0.0416202768884515 -0.058023540352467
-0.0210295810658259 -0.116217146051476 0.0604551934814747 0.0351122143631424
0.031694601954986 -0.1368368897127 0.105944268366842 0.0297458320575053
0.108647210041772 -0.112589211275103 0.134555362557282 -0.00254136956566666
0.357351682096706 -0.0167021631156158 0.136708663017095 -0.192141435798448
0.296951725424147 0.0835134487730993 0.179075829350381 -0.0946150496430901
0.126426167407901 0.147643844381999 0.257600893463558 0.0815170806100973
-0.0259758096630531 0.00745615092653097 0.103694122015877 0.36556560166699
0.0570468142196361 -0.173984591346574 -0.112198165470094 0.352644868764621
0.221446932296704 -0.128502698925995 -0.12845866398145 0.150391830546995
0.256875042403723 -0.0227705130245715 -0.082937964585646 0.0313570706692795
0.206000994779024 -0.0269759826283238 -0.106737190127955 0.00722054549937101
0.0836572130297894 -0.095438714255288 -0.138568817773486 0.0310822624907514
-0.0533516191699555 -0.0879003927947892 -0.0939702744231892 0.00455365609827368
-0.0686646595489854 -0.0262134755275085 -0.0313673881313565 -0.0896745924487157
0.00310782683734147 -0.0422504514756901 -0.0661846219417361 -0.0588190859821358
0.0552678956225026 -0.0871970263131683 0.043697919812772 0.084615961161119
0.138898673283733 -0.134060105157992 0.101376786076781 0.112438116571172
0.192984677730248 -0.11449969176471 0.120664029736727 0.0716716336393796
0.315277011946554 -0.0641877296088537 0.00169626480445458 -0.171235757297823
0.26781387581346 -0.0129402227128606 -0.00165899379611294 -0.142178430541673
0.104565636664089 0.0425161582736006 0.113663203366295 -0.0322527967013663
-0.00706679898428495 -0.022073974322596 0.066699432951166 0.182772785207054
-0.00221248997151115 -0.134346293122905 -0.0150714141162584 0.212829143181191
0.122567857426817 -0.126273449122036 0.0213250485526994 0.0982793935713912
0.219769066114833 -0.0547584563727223 0.0379760529298212 0.025435862785839
0.233756597669132 -0.0275205002791676 -0.0234617705340851 -0.00561052756284868
0.158912404772804 -0.0831061416710401 -0.0744267073909432 -0.0169281319382274
0.035232590076109 -0.128850996547896 -0.0395781232844599 -0.0871682648718717
-0.0440225462571523 -0.0887217563145085 -0.0202569241086529 -0.179504408804085
0.00705417388755932 -0.0152718166891103 -0.115256498231274 -0.111280714644551
0.11814797782677 -0.00951088760944922 -0.0497735563243433 0.0908504007945312
0.24592514339643 -0.0812072339752572 0.0158507050868311 0.173817105361348
0.275627597496103 -0.0838934889375513 0.0474766321467865 0.143705077731933
0.22140911826738 -0.100179270566807 -0.0862519140841031 -0.118430601237513
0.193617650998889 -0.0928082172186917 -0.117214863049436 -0.125348249494769
0.0606163971968576 -0.0540283222998348 0.0111042378003649 -0.0585734261342395
-0.0013433692822131 -0.0284477824866511 0.0364981612801969 0.0902988672175791
-0.0620388040354927 -0.0756968417822645 0.0257635315488324 0.110057184893734
0.0100271059949854 -0.109168351661856 0.102193851104507 0.0197043405617606
0.148934032009739 -0.0791704495501845 0.118176364005689 -0.0122313952809023
0.225684971184206 -0.0235447717328322 0.063899589136926 -0.0159007702226801
0.216151601196032 -0.0525401789008068 0.0326727891698895 -0.0396590799266129
0.123784968568912 -0.148595459405602 0.0842514265440623 -0.164744138615305
-0.0179365909945915 -0.130507415394189 0.0402112868186051 -0.3233684877842
0.00279159704565976 0.0279342731102082 -0.173198558772946 -0.258573122333723
0.15633816046166 0.0962036299267606 -0.203857072779106 0.0120409873182319
0.316441440536565 -0.00163287773364745 -0.144986133455259 0.173875054470259
0.315931024409526 -0.0369965844094601 -0.0848746193087187 0.189951684118241
0.110202792270588 -0.104991196838816 -0.115413225906723 -0.0463804825647365
0.0932860960600462 -0.123062381369597 -0.148904017629529 -0.0607792005187559
-0.00567195046207507 -0.113675549212057 -0.03713570239553 -0.0276992766532843
0.00123144005046557 -0.0223444617173906 0.0153629402599815 0.0601673574567713
-0.0855302238869028 0.008132561944936 0.0065573738744164 0.0356178591130513
-0.0768095484059513 -0.0651538348687573 0.101687926532326 -0.0758774232690512
0.0765799523237813 -0.0792667433558515 0.152645548169827 -0.073477197925584
0.18691665009729 -0.0141374303582594 0.14089906081633 -0.0220585075551935
0.226254241245856 -0.0193438976947019 0.166799061659135 -0.0385940776165646
0.180998804332436 -0.144885755434364 0.271849404806234 -0.228397573688645
-0.00758161504034141 -0.146705955350372 0.153428474786659 -0.539411682685248
-0.00760423062934163 0.0834693162498328 -0.239346130501952 -0.529010507792364
0.174872248380039 0.196224588351427 -0.410848495001026 -0.17026670001584
0.32615363407454 0.0666901420947509 -0.36289237987542 0.102122654144042
0.28704141045398 0.00458147038825644 -0.248331416277917 0.200254467836146
0.02375976480157 -0.0672769997442002 -0.105577283644729 0.0190309171203367
0.0206809614482169 -0.0864430948728603 -0.109296507707259 0.00851865598670356
-0.0513149386992013 -0.102889706122239 -0.0121420430962207 0.0114433850699176
0.00210110737021468 -0.010507606988747 0.0232351745993253 0.0578244431320668
-0.0552016995853866 0.0562842916892094 -0.0382006363472673 0.0071974505319497
-0.0879439788874349 -0.0194987207098374 0.0415693795914991 -0.143060717608349
0.0304433635674729 -0.0494291529586181 0.151830405336158 -0.128036879383041
0.117505086872194 -0.000443701558248416 0.196465778196341 -0.0289051607853634
0.160526423973856 0.00434987157577242 0.29213521017666 -0.0251258656635705
0.151775156625676 -0.100747149392053 0.477649814231592 -0.278862456261935
-0.0154040157332391 -0.107920052709496 0.295244665289789 -0.778385664130352
-0.00524623223325294 0.105151635266306 -0.303572252666967 -0.860163636680971
0.151124354297589 0.203797616914823 -0.637399043560343 -0.415888424977945
0.24655948207256 0.0710079723480337 -0.584157377229008 -0.0175408125360968
0.180376836661611 0.0214058006513722 -0.392832626219517 0.185059564603632
0.00872475720057219 -0.0231725125855496 0.414862553315982 -0.166250743841001
-0.0542557828540612 -0.01711628175456 0.652665400444784 0.0976693580197824
-0.0287556700554063 -0.0587775933152983 0.731695135844314 0.499797746057896
-0.0041931914677548 -0.0477994329657279 0.361500411521112 0.96827688169692
0.0287576425401062 -0.00329474244363464 -0.317781758276446 0.871749112616954
-0.00471315025596309 0.00202236049574907 -0.53398357207148 0.326114162882616
-0.0195389861999829 -0.00466485500524628 -0.355174048456258 0.0316689092094183
-0.0264926514412575 -0.0132620916504562 -0.20689801871708 0.0574937847757161
-0.0241391599692388 0.00422204056481421 -0.13682525415726 0.177049263844983
0.00859916845856134 -0.00484336315623787 0.013927966747736 0.167633719398724
-0.0057826075056113 -0.0149515766761404 0.059109560149403 -0.0126708340063332
-0.0093526797301153 -0.0208098204455626 -0.0460889395740716 -0.0639345611234996
0.0160896811075054 0.0141413771905056 -0.00905068857335167 -0.0156980939998261
-0.00893082860877443 -0.00147965920465145 0.0537901506475713 -0.0431516192754839
0.0139277291123871 -0.0111917512703647 0.107249156000196 -0.0646285332017022
0.186124564007703 -0.0031487339610129 0.385225826392724 -0.171224566871514
0.14068588381196 0.0849267210324341 0.589516370983939 0.0837224033237351
0.0834557320307372 0.126418673516856 0.65668579671591 0.452862815521608
-0.0367639656084443 0.0340198429774672 0.30004301629319 0.898347116297677
0.0533799503811608 -0.135986878258052 -0.311425691666837 0.785244025944171
0.159596697900623 -0.0919524605292623 -0.486662246587118 0.2829919445209
0.126593296761464 -0.0070941406413301 -0.322093466334731 0.02759484834809
0.0621705948456032 -0.022462245055939 -0.202859406376278 0.0490477947448833
-0.0182857407109997 -0.0433692726187702 -0.140238945680714 0.155948223554531
-0.0785418859706673 0.00834000693191537 -0.0103241070970263 0.145037248370025
-0.0365650155035294 0.0468426066911069 0.0382684776717621 -0.0230096852840364
-0.0157412166045112 -0.0491000747710081 -0.04669841366294 -0.0618626138274425
-0.0443142666908162 -0.0718721897277777 0.0159504379429206 -0.00539863495376986
-0.0215118135953803 -0.0832643220998047 0.0625523091985959 -0.0313027009451709
0.0455577517248671 -0.0747993378704137 0.114051246735048 -0.0561836616639028
0.309504740075781 -0.00129642021810689 0.274821851549492 -0.188573824041553
0.266518567173475 0.122414350507074 0.392192921680391 -0.00712263587941725
0.134875795370287 0.200369804006457 0.45170725142295 0.255742688473245
-0.0450660756859174 0.0473215501756399 0.196653064674987 0.628494199917227
0.0699754235214612 -0.192604859156625 -0.214121577922081 0.564416424421634
0.242572981624729 -0.136708729357144 -0.312041868219002 0.213000130108562
0.224659907546003 -0.0160764008209082 -0.213617627608316 0.0301984698750174
0.140665092643573 -0.0310863743367817 -0.166733188693492 0.0323136632862557
0.0124706992548385 -0.0809201861293901 -0.14866760865148 0.101513666625554
-0.105510128513165 -0.0229364362192275 -0.0681032682353905 0.0944836826810986
-0.0632528922287891 0.0403336580800237 -0.00459133310570285 -0.0379146986009788
-0.0094319931263728 -0.0567753857107455 -0.043464932645274 -0.0535678051832934
-0.0244645192492164 -0.1127973737091 0.0610335797571711 0.0324092539679506
0.0268443981595371 -0.13525866189978 0.105628155504792 0.0244559790402152
0.100956063326485 -0.11395926472737 0.130699877422372 -0.00697369357191447
0.34954772949589 -0.0316697952080762 0.128646004006951 -0.192561370935448
0.297034295082514 0.0712284068808226 0.17156630676682 -0.0980515372350878
0.132743900788419 0.143141998496304 0.256575882091934 0.0687716384050488
-0.0255420001883641 0.0103321840852517 0.119189511612477 0.354291359522466
0.0458326015935617 -0.175715405869607 -0.0933313019819142 0.355603560199942
0.209703394567135 -0.141469170253668 -0.118650144476388 0.155671051576783
0.248896160444083 -0.0381178968470557 -0.0769852257598201 0.0360642697897247
0.198994522307263 -0.0373073049383815 -0.103917098044777 0.0134612469516299
0.0753911983557114 -0.0985993822659162 -0.133484601388032 0.0388467761977204
-0.0577937106829143 -0.0839539340973626 -0.0895261405617809 0.0101293531996266
-0.0683664866279321 -0.0221981273026948 -0.0360359744365994 -0.0868720276208152
0.00155471373212904 -0.0412686570240135 -0.0679483426169796 -0.0527648106635287
0.0519910819889292 -0.086721920062491 0.0470991706904763 0.0815826130558615
0.132296512699393 -0.135761253917772 0.104387440101143 0.104716792899165
0.185783488060306 -0.119390086733176 0.119308246881216 0.0651220016643053
0.306810928859286 -0.0742287487546698 -0.00359876816971945 -0.166484718234985
0.264040830814529 -0.0202517820566557 -0.00828182945987531 -0.137388760560796
0.105548590201546 0.0389754468660025 0.110493574877945 -0.036999929786408
-0.00756171618507902 -0.0201544340936641 0.0742375869892643 0.175277109825273
-0.00962143103785019 -0.131615073054984 -0.0056898528803154 0.2107453554701
0.112606113627557 -0.132439415488526 0.0256622771586992 0.0955818166503094
0.212037294038623 -0.0667047645713758 0.0404123369353685 0.0224251701041733
0.225523224248216 -0.0396709906029918 -0.0238226370724095 -0.00430301938384571
0.149680582491975 -0.0914827080285883 -0.0743758446722106 -0.0129084279791266
0.0267091868315866 -0.130737837832858 -0.0424276094911722 -0.0828883888444832
-0.0485873318419654 -0.0853848609817324 -0.0299882149868834 -0.175498260567129
0.00695363476772646 -0.0150229808298352 -0.120498418238079 -0.10187773133473
0.117533291882105 -0.0126933308462327 -0.0458210082125312 0.0911705937884157
0.23995489306127 -0.0891926101103616 0.0217881326207339 0.167453520594731
0.268205273927282 -0.0939323087795913 0.0502218622280388 0.137430706867829
0.214041218404342 -0.106559197114788 -0.0879847597702158 -0.1121596163057
0.187623376912574 -0.0978246114527717 -0.120055034402902 -0.116427240406008
0.057651356653601 -0.0532426042238459 0.00788282032841799 -0.0595969526133393
-0.00192572843911085 -0.0279560771759749 0.0405669583969226 0.0853665387070564
-0.064953939422561 -0.0710680064751135 0.0299668913388899 0.107194249978736
0.00314991917684514 -0.109669367170336 0.0994881558293863 0.0136529033904986
0.14007707831488 -0.0859078286783699 0.115917105857897 -0.0190039591836591
0.217874998567014 -0.0353491255278733 0.0603326320665828 -0.0186261476903264
0.208346707467016 -0.0653567402726589 0.0288644574672917 -0.0402562071247433
0.113614853264305 -0.154127847129432 0.0753483000904559 -0.16660118913548
-0.0249500598895649 -0.12868428205189 0.023454201963037 -0.320143787891513
0.00328111828605496 0.028848444635844 -0.185314319814468 -0.2445826908154
0.159066568505119 0.0907004441300769 -0.200912655019164 0.0201356345839462
0.310992392261464 -0.0127619476046366 -0.135320769675084 0.175115212716129
0.308456322572972 -0.0471673858049663 -0.0785200082647999 0.188632545212152
0.105150902868627 -0.106948843328242 -0.115235409451264 -0.0408823708926149
0.088351407814465 -0.124038374903544 -0.148800532830699 -0.0524860838219062
-0.010598093250683 -0.110767986955724 -0.0385674420052143 -0.0269232907718329
0.000503484849864964 -0.0218381215992027 0.0180086008984522 0.0584017818291882
-0.0830309796222542 0.0129797600572237 0.00766175391050712 0.0347944932772877
-0.0804575546744122 -0.0587351983694574 0.095757877474687 -0.0796852770009339
0.0696144030103529 -0.0801950902708061 0.145255527382633 -0.0798226671716783
0.180310132340534 -0.0247177465110914 0.135979049906546 -0.0296497337811016
0.220500978953714 -0.0329903031636804 0.159933766216692 -0.0453829452336465
0.169777849214041 -0.156241536057242 0.255451941181849 -0.239826189231645
-0.0168029502442059 -0.145810563180795 0.125661461137977 -0.538673716834955
-0.00435117856002366 0.0842279582140854 -0.262556234230796 -0.510169197937155
0.181456652499338 0.18728198877646 -0.411891197169465 -0.150388542938512
0.322468798120515 0.0516103726086789 -0.352371687656274 0.113139772099832
0.281781637494967 -0.00620842171124088 -0.23730827418294 0.205338044254677
0.0214237629380417 -0.0659926298844014 -0.101031462427525 0.0219023622398026
0.0182248153200957 -0.0843109755108509 -0.10613472564194 0.01401354700545
-0.0551355730522457 -0.0976015605250942 -0.0129031600510234 0.0114256730048141
0.00265847366612763 -0.0100227880453007 0.0239739151218085 0.0559624241944523
-0.0501217114695017 0.0578729377426681 -0.0367642662023609 0.00773349451246854
-0.0879717864153177 -0.012483855744035 0.0335799568432997 -0.140950983497731
0.0253133176655341 -0.0495240172595779 0.141704810880321 -0.133135086002105
0.114495368950959 -0.00753699399047847 0.190496999927526 -0.0386128187857169
0.157690721415855 -0.00512691406293792 0.282737848557948 -0.0402191820466838
0.143528709536084 -0.11094261124374 0.451083127398253 -0.301359262732977
-0.0224918014899263 -0.107148852085408 0.248048049732094 -0.782353409434405
-0.00111325417334458 0.103407670408059 -0.344545438846848 -0.832160645815588
0.157349302117449 0.194870084927277 -0.647983222502484 -0.382574816636357
0.244864747929899 0.0587542630276387 -0.574883886325236 0.00669502156642906
0.177549498409108 0.0129774306074871 -0.378694569520002 0.196785631004711
0.00779670297467644 -0.0242938652120183 0.402538658336555 -0.180093255963179
-0.0541997771457526 -0.0151742245006471 0.647401310994365 0.0715055953248865
-0.031033107293146 -0.0565589394515236 0.743234952475058 0.463711052477209
-0.00665455210237838 -0.045716170624081 0.400432333760033 0.942288296011757
0.0285177389656294 -0.00358613918199934 -0.266095755701614 0.877914895633076
-0.00442799391703727 0.00365999975849778 -0.50365999149209 0.35192355057185
-0.0203056097105838 -0.0031657890389077 -0.343635003496394 0.0521889751425601
-0.0276378159700311 -0.0109747994163018 -0.197883523863283 0.0666300768005087
-0.0222247107455153 0.0055440050768958 -0.122580841169463 0.179536949412117
0.00780098931918526 -0.00497091139842229 0.0211369997518547 0.163682048844025
-0.00723106213669759 -0.0149294296176362 0.0578110669590745 -0.0145114640030025
-0.0105781517005769 -0.02009964329558 -0.0472789629564809 -0.0609035182668687
0.0169802984750523 0.0123317955200467 -0.00967985057759981 -0.0155255869974329
-0.00881962965185544 -0.00146055164733565 0.050853736488374 -0.0449785040620134
0.0125072786531567 -0.0120795711108434 0.10221417619797 -0.0663645279865758
0.18138121633575 -0.0100473091151042 0.374713328988736 -0.183178599261182
0.141433046729448 0.0782418473867954 0.588156345436858 0.0608976914241122
0.0886560681340755 0.123270657207306 0.667252348417452 0.419070584273855
-0.0347419379752553 0.0382052959350955 0.337299047263907 0.876462760531801
0.045205250045219 -0.136871555528173 -0.264614684660399 0.79034038776124
0.153290102276436 -0.0990929603394279 -0.45911420298223 0.305649941995993
0.122896647728288 -0.0147138457898601 -0.311920889222062 0.0452097803971881
0.0584790757614557 -0.0247731593401299 -0.194777192415391 0.0589750439592341
-0.020298187238765 -0.0415586878657511 -0.1287055618948 0.158140367153066
-0.0779530773049651 0.012457108578 -0.00292049933217441 0.143527755219042
-0.0327449902993513 0.0483770871060002 0.035816727346218 -0.0241277555508768
-0.0177846973624469 -0.0482021261111262 -0.0478970533620167 -0.0585598126294974
-0.046231652788725 -0.0685521768664727 0.0160152353508502 -0.00660924562544392
-0.0247022016517476 -0.0810390661937531 0.0600188626343946 -0.0329389001412039
0.0417788355220386 -0.0747415333502474 0.108417889778615 -0.0579144679810952
0.305020922597641 -0.0139781368235635 0.265395550428077 -0.195377232389587
0.267496129061986 0.110770854938752 0.388440438879443 -0.0201725082502602
0.142620710032233 0.193735500532405 0.457195395262535 0.234946595194232
-0.0425261743571665 0.0509364298181451 0.221729242622491 0.612154442959955
0.0572221326782705 -0.195946826811802 -0.182091928188066 0.569548622798222
0.231375922223608 -0.150285700981978 -0.293834997849949 0.227955666400858
0.219979793576205 -0.0300850672561958 -0.205420762703861 0.0418079169680888
0.135037364087833 -0.0378041717961604 -0.161232679296493 0.0405832225414838
0.00632280863299717 -0.0803082503460735 -0.140775471461217 0.107627530585762
-0.10554530925565 -0.0167256308837177 -0.0611854916177697 0.0954052822783379
-0.0593875866169546 0.0421598828671789 -0.00686001461277406 -0.0373840926681094
-0.0112232730457413 -0.0566616203391277 -0.0445614113790573 -0.0496130533000963
-0.0280641457666653 -0.109990889350142 0.0628065199258098 0.0298862183020084
0.0214402277781562 -0.133475428156648 0.104572631555959 0.0193400465968416
0.0966101678707912 -0.115115691428746 0.126526451678723 -0.0122366125494576
0.344371605736537 -0.0447139062120797 0.120181304477525 -0.193482501418421
0.29677699308346 0.0588806428417912 0.165870097238873 -0.102039444973422
0.137609708681732 0.136995321750718 0.256696923135369 0.0573144518481794
-0.0244466947948813 0.0130056021482867 0.136575196156131 0.34505970778281
0.0353313693821295 -0.176802562422127 -0.0738648754044148 0.35511331408317
0.198771019134715 -0.154033061698399 -0.107465646914359 0.159477438039432
0.242874188965231 -0.0510744475958267 -0.0722671034155164 0.0382381977390215
0.190920008667174 -0.0471794541245131 -0.100391414108239 0.018574569953561
0.0673380029090933 -0.101463425399166 -0.129704597483181 0.0443326042995193
-0.062176466517563 -0.0792355744922238 -0.0863136584601748 0.0136007292976354
-0.0685044766097699 -0.0192784721260434 -0.0402660778064391 -0.0845353893305038
0.00109462767353837 -0.0410408297778929 -0.0709225527967981 -0.0467192131141471
0.0487415871111531 -0.0866378141723501 0.0512259106675605 0.0792313888204984
0.125857428882174 -0.13838914320818 0.10668827561959 0.0981910040853027
0.179203525338222 -0.122504577991651 0.117886334836417 0.0588210850477806
0.300197980858458 -0.0846234051822199 -0.00876588205187304 -0.163589384686521
0.262170879872373 -0.0289617988693421 -0.0134708844581933 -0.132770363281142
0.107837988419842 0.0360561925539537 0.10754872497318 -0.0416427762717319
-0.00797137499226616 -0.0189829305970085 0.0827133030822845 0.167384524062448
-0.0169165853960078 -0.130883716248384 0.00478489010455521 0.207730281311484
0.104489223621668 -0.137473485770559 0.0294490851266671 0.0931388632346325
0.203869615570638 -0.0766755393397805 0.0419422357615506 0.019660618587369
0.217454108457908 -0.0504060409698202 -0.0241930827818588 -0.00266544428251853
0.141271545339996 -0.0984973987563659 -0.0741062667552488 -0.00828967167437643
0.0185353204146466 -0.131249742095956 -0.0449133505934674 -0.0798658288113412
-0.0528179171121279 -0.082426649713677 -0.0378194329528283 -0.172168284615733
0.00598564847604931 -0.0140305543226759 -0.125335474002373 -0.0931698206371884
0.116729796168767 -0.0152259013714017 -0.0409990608879798 0.0924978504724545
0.234121819287222 -0.0950459899480486 0.0273969020491285 0.162645117877102
0.260340995337811 -0.100181221576561 0.0519654014957276 0.132459050178324
0.207747733754567 -0.11275437933351 -0.0897367722791259 -0.106502265596707
0.183449461154603 -0.100974398002333 -0.123038737166015 -0.109871414048442
0.0569243841782158 -0.0547119399616509 0.00469394253617495 -0.0597751324187508
-0.00243553329782707 -0.0267515212005499 0.0436120299305023 0.0806774339708387
-0.0681718346630251 -0.0661337981151843 0.0332984936441059 0.104359558305422
-0.00289791310721322 -0.10692068618867 0.0981433565413502 0.00898793433527113
0.132399570115311 -0.0912401312025311 0.112727451908226 -0.02473164626857
0.211131026500419 -0.0457844031146194 0.0570479298056228 -0.0217420979016314
0.202249924155294 -0.0764641508162274 0.0253370839376248 -0.0405293336166397
0.103855173958706 -0.160797238212748 0.0649454767447734 -0.167966397298592
-0.0326531141822024 -0.127781951006954 0.00585692152029304 -0.31863906363723
0.00538481333886454 0.0294465853415236 -0.195288417708069 -0.232783410926106
0.162883269164913 0.0839528815376908 -0.19690677976622 0.0283255285763265
0.307697647881093 -0.0232970841996774 -0.127554694605877 0.176843708140867
0.302490375544693 -0.0584778790402889 -0.0714639023683839 0.188050584223648
0.100668707359457 -0.108176168610422 -0.112991123972915 -0.035848062373118
0.0852120181047526 -0.122794308176358 -0.148697348939204 -0.0447299452967549
-0.0143040425734819 -0.107480800346204 -0.0408564374095193 -0.0266694718312991
0.000729312375218991 -0.0213237438949816 0.0193871693476085 0.055139415098652
-0.0812856333744963 0.0164095392982898 0.008488511714064 0.033912398661892
-0.0823953852531484 -0.0522319874197972 0.089167570521657 -0.0832296744129574
0.0633855940489978 -0.0816150324268834 0.137924799442324 -0.0860056561154026
0.173860669356511 -0.033753318770955 0.130261843611765 -0.0371094537426853
0.215693277021836 -0.0462092525216746 0.15254210800493 -0.0530475759775625
0.158504723067882 -0.166068302851743 0.237957281510993 -0.249098682326756
-0.025578291944947 -0.145191636744998 0.0960018281923191 -0.540078695081429
-0.000592843905676177 0.0849479264658076 -0.285614480329179 -0.492355157596807
0.188338336088103 0.178755379902795 -0.413954209784708 -0.132186211463999
0.320689989677519 0.0388312139463957 -0.345166133008188 0.123926524396086
0.276839585175795 -0.0142481397701232 -0.227796165941458 0.209943649714414
0.0194431781048845 -0.0655609638955864 -0.0980184962870484 0.0250935149745161
0.0158231117842036 -0.0815658909960261 -0.104496102332041 0.0187474333412729
-0.0576397675174781 -0.0934266471093575 -0.0143619742559607 0.0102794632122889
0.00267364311487194 -0.0102004142427783 0.02437190518553 0.0540293908916473
-0.0461577231400982 0.0595956246588547 -0.0371403607820053 0.00823712840638515
-0.0875412411954681 -0.00651834940976379 0.0258518178235567 -0.139543023060084
0.0215049184475017 -0.0479572977003454 0.131534848390376 -0.137362539173505
0.110764639697513 -0.0130225485927963 0.183160259143001 -0.0484065087220735
0.156646457339571 -0.0150231441829211 0.273060298973827 -0.0542720629781943
0.135466963515295 -0.119736527138028 0.426654224195078 -0.322382373798469
-0.0299226555351235 -0.107034515507493 0.20413686160509 -0.785547567867745
0.00229341902043968 0.104157217482485 -0.381049284805371 -0.807678609826971
0.164784981023593 0.187719939722684 -0.657715519884958 -0.352964151752982
0.24357952324593 0.0487449281823263 -0.571455120658345 0.0285148645271256
0.174073938826378 0.00689747660122051 -0.366752560763197 0.207036216745611
0.00638424082337481 -0.0245048004355784 0.390475191736226 -0.192650232322991
-0.0544463153322574 -0.0132942849043076 0.64429289022983 0.0442991161302879
-0.0327470110704268 -0.0537842194800099 0.756402328931142 0.424660244929937
-0.00820416565868047 -0.0442819374131924 0.446498312684056 0.915214403770014
0.0288475076705113 -0.00430189101362011 -0.214469564816165 0.882149922642035
-0.00376245640030212 0.00471513037477836 -0.472312931926845 0.374785642093138
-0.019882167094514 -0.00225659598020251 -0.330267151136946 0.0717213223776077
-0.0292348692145035 -0.00839050553649309 -0.18751237921483 0.0766484914984059
-0.0210095132599433 0.00705397473429041 -0.109122627360873 0.182084883275961
0.00528781775068111 -0.00581851903930486 0.0287496976521682 0.160016481169874
-0.00806992934025417 -0.0134271450068393 0.0552780234174751 -0.0160936145473259
-0.0110409889089356 -0.0190276073933501 -0.0487953600311976 -0.0573373879497642
0.0166824985606063 0.0115059571617462 -0.0102553256357912 -0.0148085952180301
-0.00899632809228619 -0.00104000166429893 0.0465549098759462 -0.0460985833526788
0.0116544768791812 -0.0119412974267671 0.0966131798942942 -0.0689738229446295
0.178640488295698 -0.0177675776128515 0.364311891827563 -0.195521345606569
0.144409213519117 0.0703786718959359 0.583725958053533 0.0370359467000179
0.0947011915097864 0.118607879525439 0.679220701665149 0.38628379307367
-0.0333717324302697 0.041403947754992 0.380322930925497 0.851216916009708
0.0358887989689757 -0.137621156568291 -0.215027741398164 0.797807436883875
0.144763784449151 -0.107480398723365 -0.433293457081278 0.32914690732305
0.119211622115633 -0.0223947679265345 -0.300121507994074 0.0628029582766294
0.0547350153532359 -0.0275209676567651 -0.184878303007023 0.0683518323016121
-0.0233269027792146 -0.0398313338252928 -0.116564289050918 0.161956018881167
-0.0766151223937787 0.0174285420190996 0.00550407183915091 0.140759948379649
-0.0289836964597277 0.0497377070454904 0.0342082948504477 -0.0240874543512131
-0.0200449003480344 -0.0475425030459708 -0.0489195988400564 -0.0555889126518903
-0.0492832623298252 -0.0652158476405363 0.0155582358584827 -0.00655007654898767
-0.0271171051857296 -0.0796082676704437 0.0569688606725789 -0.0350199110494728
0.0376213352171042 -0.074594644037961 0.102988826533122 -0.0617806456054799
0.300140383366225 -0.0271838661730439 0.254237370556404 -0.202299384402389
0.267788873807536 0.097745208938963 0.382335237051929 -0.0354356834637642
0.151294443701666 0.187468526982936 0.462716955824655 0.211656093396212
-0.0402002319146523 0.0555693683788277 0.251565194781828 0.593322111448356
0.0437474983538708 -0.198344658993228 -0.149788689341969 0.572632139134161
0.219751964986425 -0.165046636943969 -0.274351845113451 0.242498369975259
0.213393644950931 -0.043084865902511 -0.197410857564621 0.0537506661528589
0.12910601720552 -0.0443448563464494 -0.153450659533463 0.0492440341524073
0.000172548002992686 -0.0790673600877847 -0.131423147620871 0.113089982671515
-0.10599657895795 -0.00952218631533839 -0.0542334803509192 0.098603515585537
-0.0560088713445495 0.0464697577555733 -0.00919041259468919 -0.0371697871088842
-0.0133639844233757 -0.0547412106597064 -0.045493473672125 -0.0457388192831506
-0.0329413956451427 -0.105761304339138 0.063465403367462 0.0260825740174549
0.0170666828792242 -0.131684920118175 0.104390158517261 0.0138676273114687
0.0910855054771254 -0.116537699517891 0.122009462738837 -0.0172498044065242
0.336270493231322 -0.0572088796228283 0.111362341040549 -0.194008198326429
0.29564882886941 0.0471440821232632 0.160061868083635 -0.106079817979057
0.145316923389286 0.131474424178271 0.25679877078215 0.0442545709132021
-0.0235503169779505 0.0159888786195126 0.152647609024589 0.33248079407068
0.0229422524189095 -0.17795249983315 -0.0529332796689871 0.355855653001323
0.186316245709678 -0.164847085132258 -0.0966060452938228 0.163162436217054
0.233808663809118 -0.0653703217609019 -0.0666061909007983 0.041368215837443
0.183542192591606 -0.057512283008173 -0.0977215496410204 0.0240161684320532
0.0594052848470177 -0.103927043190396 -0.12607260541465 0.051598354016855
-0.06738900609071 -0.0747431973468669 -0.0831557488839738 0.018368890972263
-0.0681266438799092 -0.0154630952808101 -0.0438032585262167 -0.0823581995354552
-0.00150582319552556 -0.0396112985494459 -0.0723959782963116 -0.0406001050770404
0.0446885654762961 -0.0861585165099903 0.0538096730701719 0.0763493498737066
0.119865271635127 -0.140970118577052 0.108958368038365 0.0907034497694653
0.17079938081632 -0.127068709980813 0.115205264810261 0.0524549048135885
0.292460967884535 -0.0960487063355593 -0.0126553712497284 -0.160078720756713
0.258386605637695 -0.0374193434674101 -0.0191383421019903 -0.129087706962876
0.109825806106377 0.0323789315159024 0.10417425550218 -0.0476397136822885
-0.00836096183489814 -0.0175661874906544 0.0897275850865262 0.159927640005146
-0.0244777815037983 -0.128074348699337 0.015205009714546 0.204558244673307
0.0939896042056236 -0.144103982651307 0.0334089630227038 0.0897286494559127
0.194833629847593 -0.0885943003315723 0.0436868172451364 0.0159581300110101
0.208869916173993 -0.0622701356039976 -0.0250314517670712 -0.00220652787550523
0.131998762248518 -0.105006704066198 -0.0747326388986532 -0.00411774767002026
0.0106608641921349 -0.132447515366184 -0.0467684840621855 -0.0769199214661684
-0.0565418192931621 -0.0797059813878313 -0.0471377946730732 -0.168470486628407
0.00608035836002056 -0.013594672533911 -0.129693025999641 -0.0840321716955121
0.116984740375285 -0.0188174299432111 -0.0358247835267922 0.0939463765252786
0.228322268069996 -0.103256793617569 0.0335697769346535 0.158076166728037
0.25189638767102 -0.109228474185184 0.0538683907896868 0.128030180513281
0.200544871416588 -0.119135534530614 -0.0909298359227737 -0.101047607607673
0.177927499269386 -0.106549317724909 -0.12624300019211 -0.099674587481113
0.055430521753231 -0.0535645737427884 0.000697595835661177 -0.060358680384116
-0.0023425156004543 -0.0251329024999748 0.0476551870167606 0.0759570690014617
-0.0707571478615458 -0.0616600625140797 0.0376011989485531 0.101602811018471
-0.0105438398942205 -0.105078530105398 0.0959300554470784 0.00227521382070187
0.124258324255562 -0.0968565059728249 0.110947481271806 -0.0316431832562642
0.203993357379233 -0.0572387931756304 0.0536995167095606 -0.0258032867275587
0.193138864309208 -0.0878307688738927 0.0222367390018946 -0.0414271616375971
0.0918671370948563 -0.167545700187471 0.0545914003395961 -0.170010962322168
-0.0407500082399666 -0.125609599305457 -0.0104803671913223 -0.314785098820106
0.00707717252289336 0.0298482086820626 -0.206289584200241 -0.218905071511835
0.166567549034844 0.0767614144762485 -0.194225860091725 0.0374763063254213
0.303031296184285 -0.0358171943930177 -0.118734069932951 0.178017112611684
0.295372240271357 -0.0698469634201647 -0.0653810143949617 0.186820577913235
0.0951923661794962 -0.109575851551543 -0.111189400050692 -0.0317963628827838
0.080197847681809 -0.122808678894451 -0.149708387861212 -0.0367687242160521
-0.0173489144617371 -0.104079912020836 -0.0427369494722803 -0.0251822322751046
0.000950877432632413 -0.0203281656047853 0.0211686333522627 0.0524776639040401
-0.0787779447460092 0.0211050428561592 0.00899426310516958 0.0332776594425913
-0.0851963115198164 -0.0467429238240143 0.0827313900724733 -0.086528256451768
0.0567769095841535 -0.0831274165650268 0.131695310577043 -0.0927673068077243
0.167826083003585 -0.0417063252098853 0.124078392148814 -0.0449679239024098
0.208877795749679 -0.058716781479569 0.146037779790983 -0.0604316359826888
0.146853883090637 -0.176468542577041 0.218480107326572 -0.260732608428943
-0.0346061663510029 -0.144060101092867 0.063480567791119 -0.539384135881399
0.00313187623527847 0.0848655689379667 -0.307915360188865 -0.472289382364751
0.195593880626629 0.169098229242001 -0.415881620191189 -0.111813381454401
0.319241384839509 0.0265479957410025 -0.335935290059306 0.135698416879195
0.272892212120278 -0.0259162010202749 -0.218587334574479 0.214911102623581
0.0178325785234866 -0.0644788758690437 -0.0943692950900653 0.0271475705978572
0.0146165538419755 -0.0813129209334837 -0.101498164470414 0.0238083484378806
-0.0606028072917371 -0.0885010665130219 -0.0153344409911658 0.0105033060068347
0.00261323720632484 -0.00952620748363119 0.0255363264441424 0.0523968235495873
-0.0416752465796812 0.0623841221366033 -0.0366783546930953 0.00976544080508797
-0.0868969198447747 0.00055700894149568 0.0186349407005427 -0.138578708192325
0.0173208104134321 -0.047414325794526 0.121626936722752 -0.142147338812841
0.107902719098322 -0.0197649398829422 0.175420606626269 -0.0591308158863844
0.152541055982877 -0.0251734997503762 0.262113676319803 -0.0692199932697099
0.127128886282924 -0.128609846649726 0.398287610458354 -0.342545002091251
-0.0364439569427703 -0.105594597657045 0.157948401173799 -0.788146951095459
0.00699300569807905 0.103148240697718 -0.417089276635225 -0.781988437871652
0.171329020724659 0.177614326065351 -0.669251293647946 -0.32005944562078
0.242294199994296 0.0370599050965466 -0.562822960898337 0.0516121843274693
0.171234405268542 -0.00022648765040953 -0.354556659637564 0.218536005489103
-0.00623158164124698 -0.0312402328395418 0.342560633012608 -0.260410907388148
-0.0610832766859242 -0.00819321937324061 0.635660367168643 -0.0819537582887836
-0.0420757821847774 -0.0563232186468165 0.820407441585481 0.265740324777883
-0.0103957567632993 -0.0515007410244543 0.621862196074831 0.802199145656775
0.0354046920314547 -0.0115514204744445 -0.0236973224236356 0.898154889419833
-0.000212718577535367 0.00832948219537311 -0.37316246055631 0.45970109806357
-0.0189135554038413 0.0025237563901598 -0.298290408138173 0.139475276360993
-0.0302537030253058 -0.000915173617780221 -0.160188404616232 0.111228097938002
-0.0180410919278701 0.010804831442527 -0.0647888770628432 0.195268067437354
0.00222116727302561 -0.00563732636264743 0.0602187538315427 0.145896716789737
-0.0111138970151982 -0.0109732732117545 0.0500032460286678 -0.0256331596017164
-0.0161301578215588 -0.015683551995232 -0.0577815917863423 -0.0453073037750544
0.0187455406192378 0.00704775766584071 -0.0119307646218457 -0.0126874489029804
-0.00916617641602529 -0.00101871949584072 0.0356198461610583 -0.0532329922585405
0.0100221172810525 -0.0142267845003282 0.0772673322593335 -0.0841466906720603
0.159253724507422 -0.060573303879001 0.315898383086121 -0.256291481230682
0.146768229981882 0.0314166470004125 0.574954965905607 -0.0778221554210735
0.116470496453139 0.0840174587204685 0.736843931572431 0.240111620428996
-0.0157943317795957 0.0390235407906775 0.545351888315288 0.748899151915091
0.0100898936114243 -0.140326364283835 -0.0441243203386924 0.8165457856199
0.115111449428628 -0.134586326907539 -0.343797309765073 0.408430774867718
0.108265786075638 -0.0483803945983478 -0.27130898342992 0.124547827653318
0.0445398613327713 -0.0369729100692085 -0.159003659767335 0.104252467873562
-0.031721872448829 -0.0322800053564038 -0.0765014554712277 0.178268053740831
-0.0702103711693568 0.035892491785648 0.0349850291517994 0.132758148483565
-0.0164195615786492 0.05444501751644 0.026167908195217 -0.0303128565545683
-0.0298824730531248 -0.042655669072603 -0.0576246000627081 -0.0420436407012777
-0.0612083612912401 -0.0525381394209226 0.0142764515612043 -0.00986900932036574
-0.0415582986662051 -0.0714959119085001 0.0480909214601585 -0.0440182347401903
0.0223742016793229 -0.0809927406108631 0.0843101926738082 -0.0773067586547866
0.273954059034764 -0.0917359301750761 0.210069553610166 -0.244049462780825
0.274527224529782 0.0329764164938313 0.365961581252725 -0.109842306723612
0.185956297945084 0.142393944228863 0.492327869223015 0.113856120412547
-0.0221837227842042 0.0572690822696719 0.367784445637763 0.526149986183776
0.00151819568921214 -0.199015128748326 -0.0251662245375877 0.587836965290142
0.172205665530966 -0.207218227946257 -0.211779314257664 0.292821965625397
0.192489965083539 -0.0887696150520764 -0.175487687842569 0.0929234776195775
0.110813131285786 -0.0708473573898563 -0.134446487629295 0.0793340821331595
-0.0175048923346877 -0.0747087269279967 -0.101150569270373 0.135459286976132
-0.104570230113091 0.0161011901575814 -0.0296634685247949 0.103826536127166
-0.0439492887066917 0.055701511786866 -0.0166818018489591 -0.0330559597450266
-0.0249744064114039 -0.0507939070226227 -0.0520847947060571 -0.0321059115833246
-0.0523380828737628 -0.0933132104309805 0.0671006326972912 0.01327549258718
-0.00813802815129315 -0.129868986244858 0.102452956564873 -0.00513212122235372
0.0656542277964405 -0.131193944534847 0.111577398575718 -0.038496391684924
0.306406604631107 -0.126632814613629 0.0735694668031768 -0.209061493269348
0.291765684681868 -0.0191929329792032 0.135097269781048 -0.132507646613736
0.167166088346278 0.093086037524311 0.257808265275012 -0.00768109937397538
-0.0168281675370646 0.0183529478252064 0.217064896226176 0.29071206841802
-0.0148254421169452 -0.176247554992042 0.0207054803460964 0.356001629245401
0.140060190278165 -0.200953702672712 -0.057694846981119 0.178719144900868
0.206456886673525 -0.115217668349651 -0.0536257278077404 0.0543403153902242
0.158632634141553 -0.0950135948975828 -0.0875357552446818 0.0441644906289442
0.0318052804429978 -0.110657358749276 -0.108881565102588 0.0767062922709575
-0.0815325180986479 -0.0570018887162464 -0.0730972135132749 0.0354815691673418
-0.0686341822145731 -0.000867565499153833 -0.0586585958694035 -0.069237680822377
-0.0105039416632393 -0.0377805790097824 -0.0768982056215718 -0.0218749693962643
0.0271393276279565 -0.0901526106537173 0.0670519972214403 0.0622376455598114
0.0893446907666276 -0.157494392922702 0.119986085075749 0.066618109919622
0.141317563783026 -0.158477664815076 0.116755011431844 0.0294797794638765
0.259105514855786 -0.150598275476544 -0.0409863860641959 -0.152214809488551
0.240636701436801 -0.0885242897908614 -0.0439616044311567 -0.12052837332935
0.113862156004633 0.00821641716546265 0.0909564655474816 -0.067262760024409
-0.0100781589201055 -0.0155361296050404 0.120582762287951 0.135245415278009
-0.0504080736327996 -0.117660564775808 0.0558623078914261 0.195285105269027
0.0574378178044192 -0.158487508722018 0.0509760334652519 0.0795986022822675
0.162725013709557 -0.125821673831854 0.0459906967133514 0.00549916128520095
0.18162257404812 -0.10554467913075 -0.0243039664374673 0.00478276068029529
0.100576368714728 -0.129593612017741 -0.0713655993350749 0.0128888638590507
-0.0203709868696492 -0.129434104721121 -0.0593656785563526 -0.0625195982505007
-0.0715146662383189 -0.0658608874308124 -0.0785221227998243 -0.149651214968495
0.00242824525882875 -0.0138042204051172 -0.141136927339726 -0.0512615725022423
0.109218582495887 -0.0406717711039728 -0.0171923423370188 0.098018612125647
0.199639610271271 -0.143844013863688 0.0593139982550698 0.144934698303964
0.222419084595017 -0.156339127583517 0.0703483997962441 0.112863229517853
0.167202243200211 -0.152762133646768 -0.105686891337907 -0.0803948210713341
0.151741715045903 -0.135860807150588 -0.142587628473537 -0.0715383460050152
0.0423128527344508 -0.0621616113810202 -0.0116778433838429 -0.0599084678757328
-0.00612715309476861 -0.0247391442921954 0.06120231022891 0.0624183111349109
-0.0813010822590799 -0.0433503628516548 0.0563770854276289 0.0916507131936307
-0.0342793392421573 -0.0982279297888901 0.0920356731187005 -0.0170144104085139
0.0960074202337898 -0.118730787758511 0.0994946988160989 -0.0541656820585759
0.178365139464247 -0.0991582670448479 0.0436131763264413 -0.0349126001785997
0.162702661494726 -0.126195835762097 0.0106145421883421 -0.041798118958317
0.0508938529163536 -0.183021703413939 0.0166643313120667 -0.172901996384653
-0.0663587305379497 -0.113219924377089 -0.0763054229047165 -0.2963994849683
0.0119449591751789 0.0278049291829565 -0.243975444263664 -0.164123601687915
0.178065976390766 0.0397979195750827 -0.179379685470881 0.0748998145044466
0.284391647449908 -0.0947993379772111 -0.0837885271353683 0.193608624811432
0.270538674326565 -0.125953790845778 -0.0316763788122717 0.192025236052772
0.0703586660998851 -0.122106060424478 -0.113711519133762 -0.0105280364640852
0.0533896103401321 -0.132068604705332 -0.151462718788144 -0.00606451504843501
-0.0364520581896602 -0.0935494343784208 -0.0480770068996644 -0.0154535973992506
-0.00124181391636987 -0.0208435027857094 0.0310992903363498 0.0465956619959291
-0.0700649549670794 0.0380647912802469 0.0142370842004613 0.0310971231543882
-0.0913951136281534 -0.0242997430691934 0.0618192964137494 -0.100483158159238
0.0355631582614184 -0.0893109300203346 0.107398647505971 -0.116918427479763
0.148139157942051 -0.0770201505474974 0.106986225027218 -0.070055468789164
0.18608405842525 -0.103233476551479 0.123260867435414 -0.087416062630377
0.102259148056011 -0.20474922368576 0.150704400697597 -0.294635100396044
-0.0653682700081362 -0.133587378345858 -0.053445347526483 -0.526821729975495
0.0174597221943827 0.0799250867178447 -0.394806213322641 -0.38584811149205
0.221776051594142 0.119631892277186 -0.421390378984377 -0.0230831322506068
0.308085704207209 -0.0403096720649239 -0.300223173696473 0.196717455087339
0.254725883090586 -0.078605781272032 -0.17141593363815 0.249578761429669
0.00504226343426159 -0.0644881211412411 -0.0861449752462587 0.0423640299897204
-0.00143928037850133 -0.0777376864949727 -0.0943380581934443 0.0437870684729167
-0.0759495789256545 -0.0708497676331757 -0.0136410433227137 0.0128859205055743
0.00147136034292047 -0.011531325195471 0.0350837629412795 0.0458811473833239
-0.0246772492975664 0.0689205290889914 -0.0344808667592102 0.0168421267886405
-0.0835050655566428 0.0218224172636552 -0.00890854171787002 -0.136675888175147
0.005714229635362 -0.0460262439871624 0.0863281734479015 -0.160816105496275
0.0956893419420698 -0.0421477636239298 0.153930339174717 -0.0943118794854184
0.139807903890585 -0.0582193495983353 0.232184118159979 -0.121351170386167
0.0943425649123518 -0.154174050048955 0.303699290977624 -0.412079239620038
-0.0580237855336471 -0.0966506782556625 -0.0166489005138097 -0.784508881946126
0.0234053721951965 0.0931615574731958 -0.564279163759277 -0.658470512955671
0.19632866062123 0.130728722226295 -0.706304957415854 -0.171454131978295
0.233900377949983 -0.0150157865430727 -0.531477444720305 0.159916175995633
0.160906348095315 -0.0315719895911283 -0.297839877343385 0.279119627226464
-0.00747949523362702 -0.0304101938537041 0.326780780997822 -0.265412477878122
-0.0603465028555632 -0.0058756964088896 0.618344091738428 -0.104071003532968
-0.0435152641970799 -0.0524379260396862 0.817492755879176 0.227177503160455
-0.0125584563981846 -0.0496880958712591 0.648303218548902 0.756101417746366
0.0346246236273602 -0.0123376887170173 0.0261126115392069 0.878298518433311
0.000457401019736604 0.00970855610641694 -0.334216695169568 0.466020350735224
-0.0189127624204689 0.004111479621003 -0.278078395160954 0.151099988529997
-0.0293004648892876 0.000489619888228396 -0.147438372911738 0.114368856559687
-0.0177606213599883 0.0111140575937659 -0.0507823330363704 0.190318869664372
0.00103085913004703 -0.00563386251265625 0.0657609451538976 0.13894300909818
-0.0110343131679282 -0.0101814479942582 0.0480455477572904 -0.0258659357447652
-0.0161412708057401 -0.0141979954690734 -0.0571857658640753 -0.0421829759909137
0.0179963825604024 0.00700308346463919 -0.0116302365321892 -0.0124674887296765
-0.0100782751546184 -0.0013670643317688 0.0320792083604701 -0.0538536292532783
0.00858487969244382 -0.0138796572163472 0.0711594709630731 -0.0832994777774782
0.153021221268675 -0.0652826610628868 0.300701787753528 -0.26147406178883
0.143896085344717 0.0258095594413556 0.56043751308637 -0.0979529837740819
0.117755547079227 0.0792414004870645 0.732802929398848 0.206274210819342
-0.0144314749916232 0.041039986664072 0.566280107808602 0.711842922092742
0.00160706123002542 -0.13658532454952 0.000423610183273663 0.800082913009358
0.104940428946891 -0.137554220590414 -0.309485300054373 0.415106261011919
0.101750971356622 -0.0526569899987829 -0.254612966863268 0.136963642739689
0.0405624529065288 -0.03791319106603 -0.146928746377665 0.108695002760051
-0.0337506973195345 -0.0296333478028294 -0.0638295600356772 0.174743389238172
-0.0680233519756365 0.0393964757043278 0.0402928555708023 0.127154433501208
-0.0131596273892195 0.0535398205604079 0.0239047109894714 -0.0301924122382355
-0.0314686700974602 -0.0408592787854695 -0.0557704620925847 -0.0383471810542632
-0.0614740851165191 -0.0473772618170038 0.0142105347756832 -0.0105560322754126
-0.0429157750835406 -0.0678266344840381 0.0456631467044948 -0.0445297582447785
0.0187581818838478 -0.0788053992049806 0.0779352788849154 -0.0769346908093236
0.263501104870458 -0.0989187921023588 0.197621729633284 -0.243547898215502
0.269866471173956 0.023630257831403 0.353858915885001 -0.119493265913062
0.189731938141986 0.132640552808395 0.486236182088463 0.0934426328004094
-0.0196427725065407 0.0589913966997539 0.386218590524784 0.498675266454645
-0.0108350205759086 -0.19501071875238 0.00599198433255406 0.573695825435248
0.155919762994884 -0.212616054863721 -0.189301385459163 0.294849587315076
0.180339347344315 -0.0975573407395448 -0.162010018248885 0.0993650939463834
0.102745330971674 -0.0731081714225776 -0.124490974579218 0.0837981023256689
-0.0238997880739417 -0.07138158621134 -0.0903885971610639 0.13554234672595
-0.101427273355825 0.022527196103436 -0.0227329986598824 0.101103852058871
-0.0385415296934279 0.0558635814670407 -0.0183032126114469 -0.0313624314512359
-0.0263728646919233 -0.0484442237081238 -0.0509994107956116 -0.0282895920004789
-0.0536306368570282 -0.0882229734592487 0.0662692629755812 0.00980786888341678
-0.0122522236803632 -0.126000313803821 0.0982619975372284 -0.00981028179675562
0.0596020826070409 -0.130071768708656 0.104467878486297 -0.0399517926400286
0.292392898629337 -0.133394903631533 0.0670794450905542 -0.205379464290588
0.28550856646784 -0.0281579588437607 0.128813954504642 -0.132469244215349
0.170051476043253 0.0852586485039755 0.25162837644021 -0.0189814209167062
-0.0153515973270771 0.0202536682375701 0.226800754388646 0.273131372798681
-0.0256698458310267 -0.172104589079545 0.0383771064190202 0.346749050039841
0.124951139631519 -0.204364493557036 -0.0460667610758716 0.17654327958996
0.192320832650262 -0.12424249653267 -0.0472261244500962 0.0538951126530021
0.147220917690226 -0.0999204414910177 -0.082735368705674 0.0477693087933786
0.0224307305778778 -0.109006554328252 -0.101998279605102 0.0798948452108123
-0.0840185266710697 -0.0506724931310638 -0.0682799232964915 0.036528566532512
-0.0670707232929176 0.00234280699661477 -0.0605462363670661 -0.0638204544427931
-0.0106014810486813 -0.0368982606150241 -0.0749976655284024 -0.0151900589527781
0.0236371006507171 -0.0886973634192537 0.0678434513084498 0.0592545295757087
0.0821543388250295 -0.156324912037905 0.118772887877483 0.0590863379017736
0.131632809255856 -0.158737356645368 0.112473202893418 0.0251846068679394
0.245455384460464 -0.157005864373602 -0.0438909555320584 -0.146343391158746
0.232766353635913 -0.0942266466063379 -0.0456531186289795 -0.113914830200488
0.113256389508951 0.00528874908685506 0.08607310634654 -0.0695183135670874
-0.00972627694183668 -0.0145897698122657 0.124512349441052 0.124270248492343
-0.0550792557976796 -0.112652545514954 0.0636164685812094 0.188400897709104
0.0457318184391907 -0.158562943413494 0.0530642738850952 0.0745905258592001
0.15060346574732 -0.132217398089853 0.0454902612789332 0.0014716660035583
0.16955001482685 -0.111295943483891 -0.024415238572911 0.00671878733070651
0.0893553461721835 -0.131066969539222 -0.0691871373660584 0.0173450904722353
-0.0281424188124582 -0.126730067520103 -0.0603876408662056 -0.0583847615384701
-0.0739250234025726 -0.0616321491439822 -0.0849799229192525 -0.14258999327634
0.00306422740300566 -0.0126097691069365 -0.141471244306088 -0.0411937350164381
0.106767437416553 -0.0434539732094976 -0.0126127877097653 0.0963419122494625
0.190869758276535 -0.146149487856302 0.0611307309297117 0.1375152040697
0.210763502950157 -0.159661407923774 0.0718554392570507 0.108820250963832
0.15778072413627 -0.154346926347742 -0.104319544712896 -0.0752510506068067
0.14489566309377 -0.138484471525388 -0.140812331727334 -0.0632694847452249
0.0411778106671651 -0.0620760772381135 -0.0149969408230367 -0.0581214985637725
-0.00557619809130056 -0.02373383132204 0.0624380669538103 0.0566923163425294
-0.0813081780077737 -0.0383035000445384 0.0580409918294006 0.0865597948011888
-0.0389043508980753 -0.0940636957108564 0.0875203798894609 -0.0216225991856394
0.0849511751296654 -0.119965413635702 0.0937605959526688 -0.0587573239085089
0.165772904943571 -0.104063274752662 0.0398237394578809 -0.0360573046469023
0.14964546127917 -0.132694796944379 0.00753492878396761 -0.0419439095989487
0.0384216178395621 -0.18403913576581 0.00771258201558839 -0.16938658120286
-0.0719147043658475 -0.108498557974854 -0.0888638910856411 -0.286044481242726
0.0132816297620778 0.0270786429438338 -0.247801349422604 -0.147191199641225
0.176474668244195 0.0327426715888202 -0.172535142636228 0.0797349394756181
0.274750466779613 -0.102412534492015 -0.0770150154189573 0.190408938264943
0.258182990499536 -0.130952934038416 -0.0265424333164633 0.188947526732751
0.0646063661097173 -0.121505764615234 -0.109989978497976 -0.0063965911027661
0.049808813390018 -0.129815823823404 -0.149101957031298 0.00126115032937445
-0.0388806584914066 -0.0894780227773129 -0.0483071677558658 -0.0140335622800555
-0.000982016482714465 -0.0211734069590794 0.0313887991860127 0.0419032645890545
-0.0655939938993084 0.0409871327524101 0.0142478585722912 0.0297818227561698
-0.090536381757988 -0.0174445666798201 0.0542793896955327 -0.101213311974986
0.0287290931179614 -0.0884929980668247 0.0980432990581904 -0.118940038495015
0.138311708152902 -0.0813512449754159 0.0981510341905563 -0.0737265538330383
0.173563706114435 -0.112380416908576 0.113397303514836 -0.0920519482874632
0.0858982042965217 -0.20713438889719 0.130458212838779 -0.294200569486898
-0.0726196050648676 -0.127692937794133 -0.0789520480941428 -0.513373530025443
0.0211245532402243 0.078842281732306 -0.405445361504562 -0.358043416755165
0.223461042089988 0.109293800758033 -0.414465616273006 -0.00652821484479368
0.299979502433341 -0.0499860088947137 -0.286694219859742 0.201485432516344
0.244724287638751 -0.0846639460855964 -0.159960356819334 0.249324439156377
0.00388688284219345 -0.0624380673327738 -0.0808910258674647 0.0427126508230834
-0.00205909205020019 -0.0755532850669731 -0.0888701129974757 0.0471572014420711
-0.0756118263944457 -0.0640420413714352 -0.0145919375838846 0.0135424473870585
0.00195380797399982 -0.0112387581685381 0.0358114689725313 0.0440869368245497
-0.0195686142364856 0.06773862389747 -0.0325262997860659 0.0186459671374589
-0.0798327962880289 0.0270914768142881 -0.0146816854778426 -0.132716137399934
0.00333935978549416 -0.0443791407185578 0.0754008211220094 -0.160548441060423
0.0902425791616308 -0.0451637545903257 0.14218568629505 -0.100238911726572
0.132833413075624 -0.0665119598776939 0.217340608763009 -0.129476113150149
0.0823979362642779 -0.157891013268619 0.270091213661132 -0.416847021797498
-0.0651925231827098 -0.0923116959016335 -0.0591901028095356 -0.763932712631063
0.0258822281273029 0.0917379364715315 -0.581896488431069 -0.6158271939847
0.19739656402634 0.119325210825262 -0.697609361129472 -0.140552752499884
0.226697472472025 -0.0230560775857486 -0.515830573002908 0.175888199889427
0.156148610706018 -0.0352558111516947 -0.283065636744873 0.283455469432905
-0.0075224210327709 -0.0294442040541304 0.311479065482262 -0.268434868984803
-0.0600241070038637 -0.00380721221990737 0.602351154089435 -0.119365415762533
-0.0424384009361492 -0.0498011901889548 0.809270103913398 0.195169726792147
-0.0127479258446689 -0.0471610904298222 0.664234744079832 0.717547003534306
0.0345550023321569 -0.0122812643690435 0.0645644726045037 0.858840006078544
0.00145105188047981 0.0111950337946148 -0.303720298745094 0.469392871036613
-0.0182590208931293 0.00527363470575201 -0.260144709340372 0.158802383967978
-0.0283495341318213 0.00250575024306144 -0.135991157121007 0.116487851962444
-0.0158342822284302 0.0116045432158779 -0.0397329732177693 0.185524667872797
-0.00138065864873409 -0.00518696722042539 0.06933526603213 0.13291411795586
-0.0113672152912791 -0.00943729408047773 0.0448241177286208 -0.0272741732233285
-0.017010862394222 -0.0130563038930032 -0.054953681220966 -0.038326994045514
0.0175851473142054 0.0064883988835285 -0.0120561810398274 -0.0123460919312449
-0.0100985538182095 -0.00151387321979421 0.029743854805358 -0.0526529375369413
0.00709896695420321 -0.0130335884028968 0.0662074758136966 -0.0818644911983549
0.146503765135496 -0.0669355734795926 0.287378953469337 -0.263589450979153
0.140158383274483 0.0220028286100861 0.546330661723196 -0.111165677593941
0.119579615037392 0.0739954403871966 0.725631794230719 0.180344333951204
-0.01240041849913 0.0432235352195068 0.584136362815297 0.675038623695684
-0.00624986342572388 -0.1333305696121 0.0366859734820815 0.785215485872626
0.0950733632121175 -0.140684962182318 -0.280515697641131 0.4172828359903
0.0953617573222181 -0.0554655227345849 -0.236415627998626 0.143724845442775
0.0365143441458705 -0.0382295874532184 -0.136299985852879 0.110677584049149
-0.0355636019338019 -0.0276394069775449 -0.0540520577977491 0.171176996732887
-0.0651836101508574 0.0426904152045344 0.0447035891217903 0.121195886032103
-0.0101324876071384 0.0526487837173033 0.021698425520119 -0.0298591100830327
-0.0324613544683265 -0.0392080926583219 -0.0547711857072749 -0.0349556236729269
-0.0615710815412171 -0.0439073567337803 0.0139215371830697 -0.0115599196074112
-0.0435278840691335 -0.0645367239964675 0.0421708157851244 -0.0448936541971441
0.016903437420662 -0.0761591195166324 0.0733552115650201 -0.0761531931476925
0.252325391889068 -0.10345518948047 0.18690547709333 -0.243720146785292
0.263358605220834 0.0158431961141563 0.344497792264807 -0.125326172859555
0.191624569013331 0.123902958985812 0.480556669836409 0.0762920421165785
-0.0165938299602337 0.0615463685130078 0.395774473375959 0.471540343459415
-0.0216345640253436 -0.190064449369106 0.0319234736694796 0.562546446456378
0.140322709406331 -0.216206069430237 -0.16773573847957 0.294339310656283
0.170310927592545 -0.10300775149226 -0.150556378438156 0.10390217354635
0.0950321482756076 -0.0755615115327435 -0.115922945750087 0.086576567877836
-0.0275839622419322 -0.0680768402422327 -0.0815765344140202 0.13619735877521
-0.098675149676931 0.0274022214774582 -0.016657631022442 0.0994034806408828
-0.0349854254903662 0.0554526435726698 -0.0184891772634205 -0.0296355066323653
-0.0273279949942441 -0.0470959756732156 -0.0499773761895354 -0.0240146553985766
-0.0540834132119259 -0.0840678644122445 0.0653320980094509 0.00779627987457912
-0.0143121322074608 -0.122096122170557 0.0945614157567801 -0.0133667254774911
0.0548269643943944 -0.127429991728058 0.0997516771822634 -0.0408065122420538
0.281552999561038 -0.13853490068807 0.0616327915653235 -0.201517109987871
0.278664351477804 -0.0356222632620596 0.123001974163476 -0.131846324879648
0.169979977043727 0.0790078689445728 0.246611918366889 -0.0258165123301142
-0.0136839693168899 0.0220671127819861 0.233958089273682 0.25725873429019
-0.032977536750398 -0.167191705688662 0.0533622140798903 0.336902718961629
0.111520881146913 -0.206894629693206 -0.0363062092333718 0.173166680738273
0.17931384569405 -0.12943703683836 -0.0416197167120324 0.0538785898200031
0.137157807904222 -0.102851518327808 -0.0772310402556891 0.0496551492367475
0.0152148132614844 -0.106679949858091 -0.0953740021395773 0.0823914782281775
-0.0847572993520736 -0.045802726400482 -0.0631746631321011 0.0380706960955268
-0.0659581359113554 0.00484260923786817 -0.0625581888951671 -0.0595406902295422
-0.0115026817036382 -0.0356264941526327 -0.0741780711404274 -0.0103433053669253
0.0218169187957631 -0.0872083959531871 0.0686819758170481 0.0558715522014811
0.0774585989385157 -0.155128063678882 0.116581290823106 0.0528602801319914
0.123958228399319 -0.158573546251845 0.108540492963017 0.0221420817545544
0.235462717417915 -0.159473801351736 -0.0450359814860764 -0.142305136376627
0.225348633454429 -0.0986657272462534 -0.0461976348420182 -0.108620221654968
0.112576085496071 0.00232517741827942 0.0823605759120221 -0.0712443579637406
-0.00911320992748336 -0.012673553205585 0.127576164373257 0.11528554822862
-0.0597365308701309 -0.10834729025329 0.0689369366712207 0.182076171324695
0.0370152138070094 -0.158573340749956 0.0551157708563796 0.0708386809138684
0.137772553742393 -0.135215341305566 0.0454371187357907 -0.00112311943661916
0.158292447687554 -0.114646363721476 -0.0230812651200855 0.00652332032432435
0.0790583046776343 -0.131502809348067 -0.0670518652909248 0.0204036904275887
-0.0351656416043717 -0.124290499569923 -0.0598140169504952 -0.0548824471614778
-0.075041847914723 -0.057559010678003 -0.0887607864934469 -0.136509262200591
0.00346408135633594 -0.0112195487514396 -0.139632664457375 -0.0316038221160058
0.104797504212989 -0.0444696988771023 -0.0092622852123628 0.0950502060660479
0.183242360118514 -0.14882962547618 0.0631180145048286 0.130703517442632
0.200412298932426 -0.160708155186433 0.0691042191810755 0.104205700803882
0.150869129846224 -0.155155427161128 -0.102777477445497 -0.0702021220703308
0.139347825277947 -0.13811404350585 -0.139268569579022 -0.055245061628368
0.0408250033143238 -0.0609111847763574 -0.0170289864476872 -0.0575893363075591
-0.00594660495228281 -0.0227845436546667 0.0625743735920296 0.0515253394766926
-0.0809137891576512 -0.0339610623625915 0.0589551122291183 0.0829118781587643
-0.0432474898695674 -0.0902321309120286 0.0840198445286359 -0.0244028292033013
0.0764506171908708 -0.120416235943611 0.0891958246294298 -0.0616575266600007
0.155402744894052 -0.107799428819245 0.03580553298092 -0.0372058018430896
0.139235878192615 -0.137419117234366 0.00472801114994396 -0.0406603081281696
0.0264221280059111 -0.182248870037088 -2.3095147029164E-05 -0.165471087135427
-0.0756933330828717 -0.103269084929908 -0.0994220347123602 -0.276499132152123
0.0136813151985285 0.0278403306283549 -0.249430687589981 -0.132386398175982
0.17544418291649 0.0280745049124748 -0.166861387603162 0.0837648834058534
0.266555311673609 -0.106749305591178 -0.0707614095633995 0.186861631295816
0.24839309211826 -0.134358689129229 -0.0226210323897095 0.18458302652416
0.0613860234311713 -0.119326231817422 -0.1056299208495 -0.00473334355291935
0.0466687499461729 -0.12721895191281 -0.144054216577775 0.00633726350705861
-0.0382037463567117 -0.0862155411467926 -0.0499915847075723 -0.0133247216249792
-0.000527873599272875 -0.02089821987803 0.0322174927057333 0.0389457489574807
-0.0613162371661186 0.0429601888799495 0.0152942008427745 0.0296484779024288
-0.0900756156542493 -0.0119833719099978 0.0480792949187157 -0.10104554072497
0.0242498322120801 -0.0865080612099496 0.0898617974413548 -0.119534209278267
0.129963944251073 -0.0844269208910442 0.0901215349645857 -0.0764189667837664
0.162928710660603 -0.118543769242385 0.104807611694681 -0.0930768623839464
0.0731377258450276 -0.20872752397999 0.112113092224553 -0.293105428883896
-0.0793021899711551 -0.122057666288493 -0.100693660997563 -0.49555055820643
0.0229274852101141 0.078115070378889 -0.409871458579289 -0.333791010951451
0.223164011038156 0.100483982495968 -0.404675087394967 0.00650629429418489
0.290351053582887 -0.0575032371604912 -0.275515733371749 0.204039780484921
0.235368227231716 -0.08827524052288 -0.151102800487127 0.247823007297443
0.00285882473755628 -0.0602130892015758 -0.0769663834433391 0.0431724911763555
-0.00341751139074058 -0.0733663984724176 -0.0850327729780163 0.048607241801408
-0.0750666465231735 -0.0605231431951493 -0.0146342520921337 0.0140911328466579
0.0023086368779009 -0.0121526348285578 0.0369873093070881 0.0410682744763466
-0.0155489098567877 0.0672849919532856 -0.0328532221379709 0.0202797859942282
-0.0770363431111952 0.03092048416584 -0.0201117022490344 -0.128145844232532
0.000900367185666258 -0.0424835360515938 0.0664459126852694 -0.158975750014897
0.084286627224351 -0.047046778717174 0.131446047571706 -0.104102663578217
0.125878344555194 -0.0724825614350207 0.202986000034212 -0.134231044935802
0.0718226449209001 -0.161248079687835 0.242148028143194 -0.417246004082186
-0.0693694372949276 -0.0882131982340001 -0.0906421765564718 -0.743470267620562
0.0279385528471582 0.0894714910470383 -0.59447003684937 -0.58292196474776
0.19649759815921 0.111324306080377 -0.687870592010447 -0.114008761349514
0.220327296135864 -0.0275592958056383 -0.499129075167199 0.186282454602416
0.150239134177473 -0.0382784952184121 -0.270243913212041 0.2849013959966
-0.00853945003222351 -0.028701126596205 0.29948998168453 -0.269359567044398
-0.0599488679275602 -0.00204090109312154 0.590877881980136 -0.132813895731578
-0.0443755341939159 -0.0485151249620314 0.803165214579196 0.170781094678402
-0.0142489231040755 -0.0465437563148365 0.682113703912042 0.683500587179219
0.0333960383546766 -0.0135667251082329 0.0971699919153365 0.839570941984533
0.00192791548359406 0.0116659707436782 -0.273288235102489 0.469664886097613
-0.0171993230392508 0.00646117738368588 -0.243097700002298 0.165400395324131
-0.028163094159422 0.00450560391609084 -0.126794623926253 0.118149915161951
-0.0156930916145592 0.0114345333760757 -0.0313119561203373 0.179955916272159
-0.00218424591695534 -0.0049334319098073 0.0722189504260611 0.126771736094726
-0.0121821565370596 -0.00902156298268898 0.045007743245338 -0.0270397775946386
-0.0170190118713814 -0.0124869632975003 -0.0541284740374219 -0.0369822963565598
0.017700245472546 0.00495948343613261 -0.0110669785393666 -0.0119332029416395
-0.0108084038914589 -0.000815713021027663 0.0276776785811045 -0.0527318512024208
0.0067775680393047 -0.0125273275724181 0.062746476302174 -0.0802013827207053
0.14095145800919 -0.0692402155951717 0.275880528727217 -0.265099191792899
0.139113078206253 0.0180452787324838 0.533823370787158 -0.120992463436106
0.120771040057602 0.0701386862268639 0.719233314047495 0.157880086841529
-0.0107691381487647 0.0445184432513068 0.598936944265023 0.646430171664441
-0.0132854614147415 -0.130439661077147 0.0682731341064413 0.764930728770136
0.0869759407914067 -0.141336736467039 -0.254226410270824 0.419351397497969
0.0902562804726566 -0.0596774489815354 -0.220530678240998 0.149582640426469
0.0336184747735266 -0.0379120885208357 -0.12590146005186 0.113247811393136
-0.0358314234251386 -0.0249899490802113 -0.0447634220784847 0.168200058708132
-0.0629974317783467 0.0453498003996764 0.0483324311913042 0.116810908410447
-0.00723125928332641 0.0515768200926202 0.0206337839387076 -0.0288162253689971
-0.0329892983671845 -0.0379794930695638 -0.0532469360791447 -0.0331337423723711
-0.0615343021914487 -0.0419216301726654 0.0136215614479926 -0.012091199183022
-0.0434254197681138 -0.0634318379364527 0.0400622711053385 -0.0446917759763673
0.0144349681537267 -0.0746227869483045 0.0693311809948955 -0.0752900695532355
0.2447649607416 -0.109599710146143 0.179664218235166 -0.242823776781044
0.259501414033009 0.00807337184099154 0.336405311395607 -0.129142149498011
0.192888499035436 0.117110301021963 0.47505606585238 0.0613746288165654
-0.0144848014589806 0.0630530554316802 0.408127767923013 0.45202805436515
-0.0302813090730293 -0.185323506142138 0.0538986544181934 0.548567806378501
0.12774271340572 -0.218896190728449 -0.150638943982316 0.295358085647684
0.159995631417589 -0.109312564702838 -0.138931527408743 0.106940145612012
0.0887129445221363 -0.0772152573589852 -0.108117071380894 0.0889968088700083
-0.0322277438422336 -0.0649053216138401 -0.074022099693725 0.136177389237444
-0.0965114602273324 0.0318462780133419 -0.0112376669027755 0.0970795604474927
-0.0308091647373771 0.0556752432018954 -0.02000342774305 -0.0283901060353368
-0.0271340043715408 -0.0461902685682134 -0.0479277914912822 -0.0211574672688848
-0.0549312315592777 -0.0802277560610994 0.0650898374148247 0.00647261482399124
-0.0155225539269937 -0.118768747059709 0.0922050280348226 -0.0154321362185387
0.0503856699726349 -0.125679031389508 0.0960017151130005 -0.0413479253700763
0.271609236349774 -0.143075833712654 0.0571639826300128 -0.199207407722357
0.273512669874145 -0.0402364866385488 0.119654386654306 -0.131436786580458
0.172642459954527 0.0736147291114174 0.242844022770267 -0.0323922092894799
-0.0125575019924226 0.0239679054521099 0.238084508237471 0.243699018284768
-0.0412908555062053 -0.163507739198278 0.0644977656571363 0.329278271356244
0.0988270532874613 -0.208879655980339 -0.0278501802638271 0.170802808263423
0.169203661716261 -0.134220310959672 -0.0367765512001326 0.0534169810839958
0.127977837170514 -0.105781025454878 -0.0721408023663004 0.051732409765638
0.00764832162518071 -0.104897586909529 -0.0890448052813111 0.0856702151101943
-0.0859072549008366 -0.0415534627537746 -0.0584051620524244 0.0389898072643112
-0.0633810142220731 0.00623620495182863 -0.0632341282776452 -0.0560950007649245
-0.0117835511115004 -0.0342896897565883 -0.0722850524858841 -0.00549491057225509
0.0210077130070491 -0.0848352937718913 0.069019798963043 0.0532072328783496
0.0731364421596292 -0.153396259713109 0.11440162660704 0.0476938790289979
0.118484421575352 -0.157363975214133 0.104750285692549 0.020383422800046
0.227186158221398 -0.161945848864456 -0.045454788024158 -0.137198446726029
0.221535235404956 -0.102047858795474 -0.0474901035084143 -0.103940042146778
0.11241573012625 -0.000514530287838382 0.0791635617331554 -0.073845511794111
-0.00905427069440642 -0.0112129732469876 0.129162286635627 0.107193281389898
-0.0634660862824701 -0.103946826834906 0.0740040207896199 0.17578563354733
0.0275997328208055 -0.157681162145799 0.0563290535797124 0.0664060635106867
0.128056831513163 -0.137470928523976 0.0446004012423431 -0.00407134933187422
0.147598880228839 -0.117681978876343 -0.0227694870187433 0.00851768132078603
0.0700561112919933 -0.131970700014619 -0.0649755498414436 0.0232436390764791
-0.0402003133632613 -0.121641246491968 -0.0602017884042427 -0.051862556443731
-0.0773902382925231 -0.054339559469246 -0.0926077831578582 -0.13006919354365
0.00317639483894832 -0.0113119154340898 -0.138376603450022 -0.0242660803783207
0.103790804677615 -0.0457191547978006 -0.00665566190503852 0.0948788358351449
0.177106448571766 -0.148314089066423 0.0639120104341242 0.125595647171949
0.193497665995904 -0.162525238159707 0.068324302122245 0.100804858182212
0.1445112933975 -0.156288584523937 -0.100164841966844 -0.0663648799022592
0.136004549792879 -0.138178171434095 -0.136519772153663 -0.0505662654611134
0.0392524975951243 -0.0600631723721061 -0.0190861839930064 -0.0565623147996846
-0.00540109029604231 -0.0226583316870269 0.0635315822434658 0.0462276155343246
-0.0801224524025996 -0.0302402996388917 0.0601198421511331 0.0800307227312528
-0.0462702519179183 -0.0865432477322425 0.0798459646448432 -0.0273944873209969
0.068044624253062 -0.119961997602009 0.0842882039132694 -0.064976806920024
0.145687022185925 -0.111614121158761 0.0318563439019521 -0.0370259053995228
0.128474317100031 -0.140299057004093 0.0012073989312438 -0.0399744708455983
0.0170830939698488 -0.182486781583964 -0.00646653786439507 -0.161604380327546
-0.0792785913955254 -0.0996715680443501 -0.108454045730446 -0.265883613203788
0.0152282406562322 0.0278157789042376 -0.248811171412342 -0.119343995181043
0.174472081532101 0.0237121314948671 -0.162145551333982 0.0880271820190566
0.259316243695073 -0.11110254262272 -0.066308640552959 0.182999334105338
0.238990485479909 -0.136683362841519 -0.0194561204830643 0.181219642455594
0.0584811495092279 -0.119175944867338 -0.102672309338506 -0.00236272530606021
0.0459908052510447 -0.125888716812155 -0.140219313773385 0.0112329488345572
-0.0386939277190142 -0.0830200801989835 -0.0494130573062519 -0.0108701048059464
-0.000111510491909045 -0.0214072325922187 0.0326072016934956 0.0359830772996124
-0.0579338129428002 0.0446340502227861 0.0145585399292583 0.0291418732947578
-0.0882220197182156 -0.00774658166831086 0.0420403593547114 -0.099655920268225
0.0184661752023785 -0.0850807074984855 0.0815868163279337 -0.120999831981154
0.122402789304476 -0.0870428517413963 0.0821954760953329 -0.077417872089381
0.153311994373154 -0.123752213998076 0.09688092669631 -0.095233373713218
0.061286160434422 -0.210271133607263 0.0965562605156018 -0.292615048316681
-0.0835739480712733 -0.117830257126361 -0.117728743867573 -0.481888318694024
0.0248612742020112 0.0773138225986378 -0.413352963516486 -0.312467839428722
0.222980771607664 0.0941530046831816 -0.397447385428855 0.0186848938667009
0.284770947964875 -0.0626018163464463 -0.266881488291149 0.20511192800361
0.228305377115857 -0.0911721678944163 -0.143021545627245 0.246443457491159
0.00174948510416051 -0.059398797037204 -0.0747836094676375 0.0426615890660429
-0.00388124696159689 -0.0718821221717028 -0.0805864311823017 0.0508535507148961
-0.0740496325483998 -0.0570717697996476 -0.0155067774669596 0.0147789542658661
0.00246314940376094 -0.0124413055745698 0.037328453555254 0.0392891397202605
-0.012611332289476 0.0659055955149777 -0.0310355754155324 0.0214290731151352
-0.0723609071834018 0.0346306737501394 -0.0232273552228087 -0.12502095761555
-0.00123857950324827 -0.041019831049773 0.0589131101438432 -0.156945001202214
0.0796483618832673 -0.0496399978590331 0.122095572044501 -0.105637797500904
0.11962959820309 -0.0769713034065788 0.191685924312217 -0.138428170317023
0.0611862572801621 -0.162670114407813 0.216614078993342 -0.4208131724325
-0.0735526975153462 -0.0840112500900646 -0.118923514963855 -0.726730035656273
0.0304891916349804 0.0879998451028261 -0.603730126945389 -0.551673006285397
0.19704729279042 0.104004054473198 -0.680839474877044 -0.0913766583485379
0.215563769367268 -0.0326370311838567 -0.485794789602852 0.196107761464251
0.145470821600825 -0.0400118249217614 -0.258418682084742 0.285435546174106
-0.0111391007672021 -0.0325321613022785 0.329572205682419 -0.223449219792019
-0.0634146463811063 -0.0111750757066595 0.600601786808611 -0.0615806336728879
-0.0362816094906559 -0.0572512207554616 0.773103087109234 0.263998289683004
-0.00306629293383856 -0.0546203201449144 0.60156308400481 0.746095187033918
0.0426669592378475 -0.0102253878128026 0.0109051296655289 0.839699022907083
0.00519747227242399 0.0145298774973558 -0.31394220362093 0.435797238256423
-0.0168248490020765 0.00383672418504519 -0.250960354651754 0.139961428170601
-0.0271244130285074 0.00229160339031962 -0.132809394443034 0.102111556272741
-0.0167171005193084 0.0085975447111164 -0.0476356591848236 0.171748852220496
-0.00223889422265021 -0.00347448849168771 0.0577883994303676 0.129964477135696
-0.010954210341738 -0.00984281072408828 0.0463732208104447 -0.0213086780554244
-0.0146310147929542 -0.014248987753194 -0.0475597699870194 -0.0417689196604509
0.0165192553753264 0.00728744622869078 -0.0100251467029564 -0.0137397812177564
-0.0104175204246364 -0.00375904431324827 0.0325418285513166 -0.0473170947064556
0.0092971236901187 -0.0123180878258143 0.0677750544153687 -0.0702471236306468
0.139377107180273 -0.0549912598739951 0.304558702103284 -0.222492322717423
0.128788465370947 0.0313059412669807 0.54333018919422 -0.0564378997948741
0.11061852057972 0.0773457849861319 0.693423909531155 0.238588924814481
-0.00832826581900786 0.0372015664378562 0.52234022889845 0.705487357019591
0.0064357843835587 -0.12920730917201 -0.0127562841240308 0.764752792494578
0.100199717949026 -0.129473447452417 -0.288054174466547 0.386765135271807
0.0935581648925995 -0.0506936891716686 -0.227975494138165 0.124476851608933
0.0358425220756112 -0.0338915021414993 -0.131368830412906 0.0969787731396736
-0.0340016839865076 -0.0281542891459659 -0.0598076848793602 0.159790260679777
-0.0659508122405415 0.0409543831975404 0.0361872921404821 0.117349832661397
-0.0117388750945505 0.0494179182276264 0.0228431962896272 -0.0255285153744648
-0.029449509192852 -0.0411129834796392 -0.0477542241703378 -0.0375099111704055
-0.0556685229541437 -0.0472029114967167 0.0149913456838109 -0.00991041879290522
-0.0362382664335736 -0.0668646364864115 0.0441441280853741 -0.0389676340672523
0.0226611197707664 -0.0731082805162072 0.0747402187892953 -0.0628237085613181
0.243187666490164 -0.0801397492011318 0.207178592162585 -0.214371332012277
0.249357111834646 0.0361107470781891 0.347895981113398 -0.0882374574247468
0.176192579110909 0.133549092463409 0.462487490832392 0.116856594340488
-0.0162798139691659 0.0578371607040141 0.355208897953561 0.488450225531422
-0.00960997985390216 -0.185481916331471 -0.00383777915127305 0.548197661021714
0.14532207272632 -0.204079528548699 -0.175523506144198 0.275536073951975
0.164711498011222 -0.0925471938405396 -0.144766226118701 0.0902259757854308
0.090600145961704 -0.0672505178833167 -0.112298222623597 0.0765302402844616
-0.0272835217524348 -0.0659347067510728 -0.0855285980274683 0.125940803824352
-0.0973287820744468 0.023986065335213 -0.0193838230425274 0.093309278822239
-0.035665953161803 0.0509911488725174 -0.0165790103024917 -0.029545743033888
-0.0228920235749281 -0.0487065215146496 -0.0439915675123781 -0.0242206012666198
-0.0442173858934072 -0.0839223736490753 0.0640194666881542 0.0130843287570218
-0.00157836199706087 -0.117691832147121 0.0919357109042367 -0.00380200369701286
0.0627273767227205 -0.11886146949594 0.0956827061321915 -0.0266301203342135
0.276121109089137 -0.108351085751026 0.082662296047943 -0.187357058490417
0.270783551446545 -0.00735164331555282 0.133861512485528 -0.114803412108801
0.160361502958827 0.0908324597050902 0.243961515302114 -0.00394763803649067
-0.0124939355958443 0.0211490414662368 0.209757362707356 0.264531133750262
-0.0236706789230932 -0.163957784468321 0.0294814227081178 0.333243021212241
0.114598443324506 -0.197470652868229 -0.0446820469308897 0.165356852968677
0.17440488341162 -0.116764574024105 -0.0397167475133821 0.0483758733014416
0.131498969317036 -0.0913396139104248 -0.0743825736312833 0.0444359940700066
0.0147628907080967 -0.101719185255635 -0.0948817986016197 0.0761391577856585
-0.0811185848543686 -0.0483911956178565 -0.0589987546203176 0.032095367226271
-0.064196236442239 -0.00115098852090657 -0.0557156048564664 -0.0612766812106196
-0.00768574090803839 -0.0355477860809785 -0.0699854454110123 -0.0107383516257169
0.0303043537054246 -0.07971616110961 0.0626625247486003 0.0609924938900292
0.0902018525694806 -0.141683725741335 0.105262680521414 0.0609860475197862
0.133069562636023 -0.143307730383975 0.0968447339604766 0.0346032054538847
0.237852621520971 -0.130184523851963 -0.0255767300719324 -0.139806635526851
0.229286792224471 -0.0736115452691508 -0.0333769902657417 -0.107369683640176
0.111340859548706 0.0120229764304332 0.0865319213692582 -0.0637127779175664
-0.00527410373801941 -0.0132518228356204 0.116118422893123 0.118594078744228
-0.0504409295949978 -0.109297436998723 0.0547519914036939 0.182391453467021
0.0404963386808369 -0.152722068114094 0.0478723153212706 0.0709512545487914
0.135223085309257 -0.12273171011827 0.0449600959921467 -0.0010681684551605
0.151577556191423 -0.100573463901675 -0.0230158370733452 0.00647785873976726
0.079369394658045 -0.123445622269184 -0.0659784656817295 0.0172076064609272
-0.0297313353043527 -0.12391613545957 -0.0517417964723025 -0.0557183809554879
-0.0718802071503675 -0.0623212840454365 -0.0763308213706438 -0.135784719003931
0.00392224347108349 -0.0106358424219075 -0.132814226700312 -0.0355244551956654
0.108225963321996 -0.0334657287036933 -0.0163152668423033 0.0932212991524375
0.191404211347284 -0.125638575627116 0.046260703338293 0.130525227206411
0.206330584989343 -0.138623195139386 0.0528375574196139 0.109119705957451
0.157578243925496 -0.132670451976788 -0.0894399055915341 -0.078141065266144
0.15039857043317 -0.118318817127461 -0.129308735452732 -0.064457697836227
0.0469098914820454 -0.0532876453354216 -0.0134078531024423 -0.0583406452803599
-0.000557681161813597 -0.0229943146904951 0.0569939856656999 0.0506386649037065
-0.0742032495977362 -0.0378029312807415 0.0501343870874696 0.0855970490834018
-0.0382729178772466 -0.0899038457662475 0.0805324837326763 -0.0184849785118497
0.0756713216370669 -0.110517729715246 0.0891289260274075 -0.0555470069477447
0.14958469295186 -0.0943645351342689 0.032677500838849 -0.0322452939440372
0.136876738173376 -0.126462683412709 0.00414104288843166 -0.0376773187482704
0.0313343834844042 -0.180670441572979 0.00908098795843424 -0.158239829404025
-0.0708767369978668 -0.107213553357748 -0.0787575998193277 -0.271282168692662
0.0116458556278969 0.0297722157733529 -0.232998872636806 -0.1408374483622
0.168216725220543 0.0413670949609815 -0.167340896807366 0.0695331617528904
0.26550698759126 -0.0810414586800039 -0.0881684231897294 0.172586941804077
0.248244563383066 -0.107619497382014 -0.0435837146793654 0.178185577974024
0.0712450715621802 -0.107972811063303 -0.10035198561017 -0.0161046941524308
0.0606823016306198 -0.116980833401285 -0.139276883166766 -0.00496877147933986
-0.0266892960693266 -0.0841351066576271 -0.0495527013750558 -0.0160849460110488
0.00248469120847058 -0.021916906199559 0.0273449078680986 0.0377506858071594
-0.0598472111621962 0.037983513327366 0.0118139679185125 0.0317200224694499
-0.0859001250620298 -0.0149902926176378 0.0503477736827237 -0.0932562028951996
0.0245473264828415 -0.0800961465470844 0.0922287410444935 -0.110867403845254
0.124814102395182 -0.0732805667890673 0.0860370211878733 -0.0676505513311548
0.161579948112684 -0.108794764553004 0.102884738168219 -0.0832249774658253
0.0773228646232102 -0.205443254892478 0.121157624914874 -0.275468722433263
-0.0737814660559181 -0.126215959296212 -0.0652641210488745 -0.485616642140742
0.0154448922688362 0.0794306773019572 -0.376593173126003 -0.347980699887317
0.205067190382781 0.113075972774021 -0.392712267776503 -0.0236848841549687
0.281944915078874 -0.0308774942689951 -0.28479682032805 0.172642654545915
0.231926630132394 -0.0640779422099478 -0.16994905282788 0.226524654038247
0.0107925977257343 -0.0565733228671798 -0.078139164090826 0.0307900270217587
0.0062618838237136 -0.0697607756901881 -0.0846352620945044 0.0411630000136352
-0.0650798563745792 -0.0636463546922099 -0.0183587887893006 0.0138544123589661
0.00490298329213425 -0.0136781936050402 0.032205672810401 0.0430527156404582
-0.0172114169419962 0.0627941522251469 -0.0330579463854526 0.0183042562372198
-0.0744811185278171 0.0282690234362243 -0.00980367298909997 -0.124380399551708
0.00250384545251768 -0.0388326118057041 0.0730887922753257 -0.148838456886162
0.0807606353475891 -0.0410544801930055 0.12634534681258 -0.0925252677901387
0.123885032134202 -0.0665016998856286 0.198329625944523 -0.116151006474733
0.0747676349834453 -0.159073636099493 0.250033120976391 -0.388234967197998
-0.0668988720345071 -0.0938829327202821 -0.0447050449242434 -0.723314879003578
0.0166132020743339 0.0882580330668005 -0.53646473271233 -0.605183837612118
0.175367458609427 0.118501580787285 -0.654080581403064 -0.162014450987243
0.206233852578922 -0.00904377736618464 -0.496749780179223 0.138317092648092
0.144450431648507 -0.0212833634545286 -0.284788869797603 0.250009103754506
-0.0108894647142916 -0.0330427600647603 0.319811379551911 -0.228270783668764
-0.0627663841085277 -0.00933586122934742 0.589083249821962 -0.0739011993859667
-0.0375276077244739 -0.0559734110673363 0.774950828910472 0.240357623398786
-0.00407146783430853 -0.0541410911271958 0.619792030274688 0.718904550439283
0.0427416365861501 -0.0110855436782535 0.0442424237056039 0.822394169408951
0.00678562217717655 0.0134231404713985 -0.286296336419608 0.440890486211954
-0.0160212171202894 0.00452089807183799 -0.237461685277427 0.14655898112107
-0.0257218400028882 0.00376454046772397 -0.124065938266942 0.10525771208024
-0.0159844839346295 0.00842535612956796 -0.0394204875542125 0.169645434165792
-0.00361979416208057 -0.00228696475901083 0.0608587795143736 0.125440179785476
-0.0109537066040759 -0.00998537796746212 0.0454642096194162 -0.0214247299683632
-0.0157231146818379 -0.0130139523108014 -0.0478561732484416 -0.0409779875164013
0.016229303535907 0.00659464126803283 -0.00973173672062139 -0.0129715790593156
-0.0110407873201881 -0.00407506358667131 0.029887071580556 -0.047249583571416
0.00863243874793774 -0.0124080472735023 0.0643042870758685 -0.0694882716765702
0.134361383051971 -0.0563503367352343 0.294822654340023 -0.226473558187288
0.127347498918879 0.027315724443955 0.534597898443219 -0.069759693088373
0.112450354831014 0.0730693780984283 0.693403840375855 0.218416262823738
-0.00663367347814897 0.0386045070881137 0.540169784423226 0.67817002827772
0.0003169974781045 -0.126477091748202 0.0200490495552401 0.751627700547315
0.0917417477414513 -0.132834861183168 -0.264974610899963 0.392672965866509
0.0893682574153887 -0.053580613494344 -0.215072967454583 0.133042553381466
0.033407067822986 -0.0350215643344941 -0.123764962266243 0.0998050439150086
-0.0363645049034225 -0.0260354531619561 -0.0514410709984863 0.158615232894651
-0.0639567989551354 0.0439827688095392 0.0395876332607969 0.114367186353257
-0.00891668546884642 0.0483429192876262 0.0211533302029503 -0.0246630126695438
-0.0286064993272496 -0.0407448831182276 -0.0470647713825816 -0.0357918068824462
-0.055551414557968 -0.0442879838727414 0.0153907538565257 -0.0102410144733421
-0.0370852820920554 -0.0654314202046443 0.0424893271122705 -0.0383990295609557
0.0209389465134824 -0.0719171438697095 0.0704335881353665 -0.0617936035123038
0.237179981291126 -0.0851315228556963 0.201362402613557 -0.214928306117627
0.247303003926043 0.0294577250339448 0.342023112629691 -0.0949263678012874
0.180021217610507 0.127394455570688 0.461078533470758 0.102907041928879
-0.0135788315199619 0.060566503298039 0.365807106835195 0.4696031779274
-0.018057447887123 -0.181285445676969 0.017824851631387 0.541030835314657
0.132397172233993 -0.208466629503282 -0.159458617468488 0.279114467620061
0.156565048701126 -0.0986328703382167 -0.134801189346663 0.0946706517033547
0.0851238068705391 -0.0692184581744279 -0.106103952108913 0.0792648598701866
-0.0309156146234201 -0.0621896522838093 -0.0775652724157903 0.127100900276636
-0.0948970513305601 0.0278668519824572 -0.0147456854423152 0.0917277163232723
-0.0325531382885281 0.050958499044073 -0.0169025401064862 -0.0281101700075992
-0.0234704230558912 -0.0483242670622592 -0.0431117981582399 -0.0209352472252157
-0.0458788504064191 -0.0811774716152258 0.0636807851297557 0.0116711385466712
-0.00373416719752282 -0.116726756512524 0.090287123667839 -0.00616401801610878
0.0592308684185258 -0.117842892300737 0.0929267956079868 -0.0271212427033927
0.268277835399853 -0.113043691610588 0.0780438903844266 -0.185806020560496
0.267311844771836 -0.0167231107702379 0.130605036699916 -0.115329710048544
0.16335842847269 0.0845903165914942 0.240715521526493 -0.0100322802266906
-0.0109037409310499 0.0231841730349327 0.217456635519168 0.253721814235913
-0.0301674942469046 -0.161343370273707 0.0421672195299906 0.327283464199515
0.103935017581976 -0.199972116786824 -0.035980965084524 0.164150429717889
0.164810426837872 -0.121711207329207 -0.0355562911430149 0.0486662476289646
0.123099617304761 -0.094586151685144 -0.0711332067166966 0.0470627392585461
0.00989761617554143 -0.0994823373837436 -0.0898939484251795 0.0786592066531408
-0.0828284018979024 -0.0440836334377429 -0.0558398192386149 0.0330262896781742
-0.062972281291864 0.000624092256870416 -0.0563997145978846 -0.0577886867452702
-0.0080617059918404 -0.0346085180565084 -0.068134561071053 -0.00597717785498282
0.0296883928601586 -0.0791667191054608 0.0637060916711774 0.0596002683488044
0.087009559533394 -0.142280848812751 0.104080062229318 0.0563870835390726
0.126991050927031 -0.142449545507428 0.0953229087138779 0.0330653814357369
0.229072460902021 -0.134185714943138 -0.0274971108964931 -0.136395920861918
0.22560120263502 -0.0777184822319253 -0.0348187685063479 -0.1034533652791
0.111731129315449 0.00916244812633452 0.0845609902088305 -0.0653223032592656
-0.00529139979533719 -0.0120173896622602 0.119615975071855 0.11139099262418
-0.0541713519100376 -0.105173634566255 0.0591360491896475 0.177682287899529
0.0323481042495861 -0.153099935433517 0.0491434311302451 0.0678310598264504
0.126232920830441 -0.127226244594097 0.0449541760791318 -0.00254406833732086
0.142659054508418 -0.104295447933675 -0.0222426430465991 0.0072924229671697
0.0707023638415403 -0.124402275813824 -0.0637129419257143 0.0201405105799396
-0.0357814833096668 -0.122278307661466 -0.0522484380935639 -0.0529991343072526
-0.0732847597072225 -0.0594526039202157 -0.0804672616899208 -0.130347444409733
0.00459339510908209 -0.00992019502039042 -0.132824035927479 -0.0285654000364774
0.105928348174934 -0.0352444721089099 -0.0131914223480159 0.0930580106663231
0.186823115948316 -0.128571534560104 0.0472187978642671 0.126237676173023
0.199110423146778 -0.140432890644262 0.0524112869071314 0.106532532090466
0.15272284213753 -0.134217507308171 -0.0881270663607103 -0.0745224651891596
0.1473436052289 -0.118926819058138 -0.127022039360505 -0.0594166073417064
0.0464497629553095 -0.0541628765022915 -0.0148944976570567 -0.0575630104164902
-0.00159560631081214 -0.0227704111070527 0.0577017481001764 0.0464595196000197
-0.0738409339470868 -0.0338825053740812 0.0509840536416853 0.0836054878160752
-0.0422048076092397 -0.0869612892557071 0.0764584570302598 -0.0210246093453903
0.0682945297851062 -0.112165766054273 0.0845202471538733 -0.0587627595489727
0.141587268581375 -0.0983439455842696 0.0299705331304229 -0.0325729754552203
0.128369596869349 -0.130591865511021 0.00158849006071265 -0.0370192711919743
0.0213018271709528 -0.181892643689493 0.0033153091880616 -0.156463924857228
-0.0744799208864863 -0.103041182973757 -0.0880200397910089 -0.26477513958214
0.013236671444349 0.0298145686565907 -0.234991448041293 -0.128463014271923
0.169685027148741 0.0366457567308072 -0.163470992983639 0.074137965751778
0.259899891878381 -0.0852655963272616 -0.0836654375631598 0.170644198473792
0.241324062406321 -0.111137005333905 -0.0406435071164352 0.176671324083492
0.0680725697886193 -0.107629683264803 -0.0988337302727789 -0.0145099950837406
0.0586400893823444 -0.116628370316948 -0.137296743873733 -0.000862357545490302
-0.0279161010450151 -0.0824267805041411 -0.0502171156962964 -0.0138100470097381
0.00447188466396144 -0.0230738913350489 0.0275273898358016 0.0358211766367686
-0.0559437615066081 0.0400511807464158 0.0123308059990404 0.0314169146073823
-0.0846735380147516 -0.0107671756097386 0.0448993542653523 -0.0940169834101797
0.0206096369965814 -0.0787733890419811 0.0855571273907914 -0.112193404862485
0.118796041700448 -0.0763891128358289 0.0791681605843089 -0.0688705184620686
0.151563234500828 -0.114709036243565 0.0954011407467824 -0.0858467319160986
0.0647969560010203 -0.208027753570281 0.107280172178981 -0.275665043822972
-0.0794852415254318 -0.122470828762043 -0.0846857395264588 -0.474813082585974
0.0171259538041727 0.0791109892767906 -0.384240685563936 -0.32935930657281
0.208076877815733 0.106483729497148 -0.387422868054363 -0.0123207341752002
0.276924576676365 -0.0360756799695374 -0.27827389267943 0.176694725640393
0.226269171408837 -0.0673961226299781 -0.164102892004899 0.226539989912893
0.00985066502976939 -0.0561099171473246 -0.0764631911402526 0.0311911648866317
0.00493451259049146 -0.0682566022735734 -0.0807513007676579 0.0424119569121866
-0.0643778880667925 -0.0607488371258457 -0.0186137506643663 0.0156354164158739
0.00521920145663895 -0.0150496972002064 0.0329687014740113 0.0410741308674588
-0.0138578573026186 0.0627644075151813 -0.0313254432971111 0.0206892035630468
-0.0712188575611841 0.0317464867763789 -0.0145199622257935 -0.121897136026945
0.000788164104311335 -0.0378487840231456 0.0648208444122217 -0.148274990070781
0.0768758635815464 -0.0428194910077724 0.117832052284936 -0.0949420781132153
0.117990368453192 -0.0719979625324718 0.18700383521486 -0.122898017836974
0.0656573417351174 -0.16163650709287 0.225833572781095 -0.391847554870465
-0.0723387223033141 -0.090162416020056 -0.0718996655921726 -0.710374561629214
0.0191152297591049 0.0886265340438587 -0.551335308642887 -0.5775991356757
0.176186284965191 0.112028242040951 -0.65317416041561 -0.141064892993997
0.204076784931383 -0.0128612370778372 -0.486902402506094 0.146652156612821
0.140967082314087 -0.02456244967706 -0.27631583343074 0.253362291600819
-0.0111998754127131 -0.0320199281580293 0.309523134015311 -0.231350928979617
-0.061218988746952 -0.00634534642588316 0.579866589491432 -0.0882756378132988
-0.0372090814049786 -0.0534662742091623 0.771085742174815 0.213373018865825
-0.00461566447443004 -0.0520418540697832 0.636403668979172 0.689181716625122
0.0433158523097138 -0.0109870701663274 0.0732691352204965 0.810462225377549
0.00789157223021453 0.0141334848587729 -0.26283775196579 0.443037820198914
-0.0158694657293798 0.00530638252784672 -0.224252317969075 0.15386923761679
-0.0244044433107534 0.00407335413587028 -0.115806332923045 0.106822393489592
-0.0161855026150273 0.00865039131242871 -0.03190736320736 0.165938283448438
-0.00424182209836818 -0.000855208509633715 0.0633057288934457 0.120553538704249
-0.0111147284754542 -0.00833546763997392 0.0440106780747702 -0.0222331068652292
-0.0152540075156224 -0.0125171857056969 -0.0482166882696841 -0.0389802349563232
0.0164291962544867 0.00457122166449348 -0.0101050742448046 -0.0130765721579375
-0.0111657180560544 -0.00464268230429304 0.0273789823242821 -0.0470904569849829
0.00899198698584856 -0.0124152250126997 0.0603603803379811 -0.0681802510618251
0.130613212161303 -0.0589126386884736 0.286524660042682 -0.229354529468232
0.12639358105511 0.0246436008114537 0.526570662780443 -0.0803352004446215
0.114884242315617 0.0692607721337168 0.690868971357343 0.197215570432065
-0.00478775336918543 0.040235355871451 0.556920042030324 0.649076492056086
-0.0044254512236622 -0.12389110835448 0.0475230597187712 0.739252773429472
0.0858322546155826 -0.13499181978575 -0.241425767407061 0.394958331857766
0.0843595219430392 -0.0575982301395954 -0.202348609324656 0.137109537633704
0.0309565051236323 -0.0352150528926642 -0.115374394933269 0.102400641737365
-0.0373708801998301 -0.0242749341212758 -0.043943105257102 0.156211504085225
-0.0611607027027363 0.047376784424985 0.0425820041608185 0.110431155994098
-0.00616253631310049 0.0472749023746405 0.0207610562748616 -0.0237371732168051
-0.0299182069161233 -0.039754921829706 -0.0465111769745315 -0.0335785086358143
-0.0554012342890977 -0.0419867807505372 0.0146467145485286 -0.0105879390138358
-0.0375881890732392 -0.0632281040533092 0.0406246062591496 -0.0392082517672519
0.0192833745008978 -0.0717333872099899 0.0672967461335914 -0.0616366312409626
0.231012966178803 -0.0874860081923736 0.193194610844973 -0.21594127992783
0.244813378860736 0.0242239528389321 0.335897135797021 -0.100894221894893
0.182364039344007 0.120480631981856 0.459923180730113 0.0893907524687336
-0.012123672468029 0.0625915202188625 0.375463165757073 0.451733880501157
-0.0256321932202038 -0.17784927979855 0.0372375627524429 0.533209469217162
0.12151597237466 -0.212037390164663 -0.144998189012212 0.279686531079852
0.14826663552367 -0.103906585044585 -0.126512615692666 0.0980526400280594
0.0799830233998063 -0.0705441372324716 -0.0986245483761048 0.082340194193441
-0.0340963064698424 -0.0596483156323253 -0.0715927704650484 0.127705229466014
-0.0923946445133175 0.0329730012335907 -0.00991027590825627 0.0898947675172619
-0.0294447305511115 0.0504757861495531 -0.0180319192211413 -0.0260232038360503
-0.0237819861743377 -0.0478864373766141 -0.0414096857255005 -0.0189798385602416
-0.0464958867626605 -0.0782188550218492 0.063510942883168 0.0105035798032355
-0.00494351804568482 -0.114611435790753 0.0881333360504701 -0.00819744565914026
0.0562031163109889 -0.116893520127022 0.088888865533103 -0.0275540394048023
0.260701794549621 -0.116532572436815 0.0741225465296738 -0.184401593836939
0.26450668800642 -0.0207971684688493 0.127104468047843 -0.115649827599931
0.164693107957791 0.080900009735943 0.238080843547848 -0.0185359959758042
-0.00924777285558319 0.0242555458589738 0.223139571712221 0.24113219607037
-0.0363364354661701 -0.157537579255762 0.0534782777880211 0.322405326428337
0.0927988527551413 -0.20331438069112 -0.0299079122416105 0.161963862006417
0.154998046490178 -0.127857352038059 -0.0314090360014814 0.0479693528654406
0.114717034988046 -0.0966449684736496 -0.0667511064173023 0.0482673110919433
0.00347881989894643 -0.0970869042092146 -0.0846630309917415 0.0810696582130719
-0.0837691356378814 -0.0405917994535966 -0.0528506020492193 0.0339987743245035
-0.0615800796422423 0.00212084494854697 -0.058229638346769 -0.054134428114899
-0.00829624883284768 -0.0336687403273892 -0.0678521335041424 -0.00211852637867601
0.0283721417461452 -0.0781599447694436 0.0643697756403243 0.0571342754198984
0.0839481683875429 -0.14156531060488 0.102703367404234 0.0525428899634264
0.122513399322512 -0.142537158515313 0.0917965807114129 0.0318052963959374
0.223448102757621 -0.136490305429914 -0.0281440805117781 -0.133502621906231
0.222624692685327 -0.0823662098764383 -0.0356052608637532 -0.0996377249324796
0.112797872747539 0.00701864987351036 0.0820794027459356 -0.0688106006258813
-0.00519949313973122 -0.0111189326034899 0.120976961646345 0.103699694131998
-0.0582379490431258 -0.102680469022024 0.0641499180147808 0.173467472566986
0.0245934288169091 -0.153139313607091 0.0504846365638703 0.0646800023904863
0.117637511833037 -0.130516322162515 0.0437462698722876 -0.0055944097005607
0.134977644861572 -0.107523611058553 -0.0219816870467539 0.00841695726552172
0.0631034477610414 -0.124808438607821 -0.0622570710277715 0.0226181896002598
-0.0416729910660472 -0.119797800196167 -0.0525302580651682 -0.0510873342295564
-0.0743063955241826 -0.0562068001318584 -0.0833159616568202 -0.125827149832901
0.00477212490222887 -0.00943121769529282 -0.131841073396998 -0.0213530837324306
0.106128236480815 -0.0367945215434484 -0.0106907996072917 0.0935374356223478
0.18225698432068 -0.129555290128106 0.0471660723380462 0.12243982429203
0.192367593029495 -0.140506943668683 0.0506101775214975 0.103986385212536
0.147539691583548 -0.135297777258136 -0.0877590420065759 -0.0723704529439846
0.144234521499289 -0.12095636209257 -0.126151919151405 -0.054673747523699
0.0465073875727561 -0.0538569973641104 -0.0162306109820745 -0.0570047568700387
-0.000272618418182598 -0.0226539861377538 0.0581348499735633 0.0416175872112654
-0.073854123978449 -0.0308656794384622 0.0524988978631307 0.0806555227165978
-0.0447013684281069 -0.0844459230463653 0.0733998130120603 -0.0232960817331756
0.0607578775053739 -0.11236596960881 0.0805360427409453 -0.0614533282050274
0.132948874657941 -0.10038692272956 0.0265530588988439 -0.0332966236875661
0.11954682534194 -0.133161826899162 -0.0017872082382066 -0.0368506195243942
0.0123170516952152 -0.180769211885133 -0.0024637197958207 -0.153245187641006
-0.078723548968167 -0.0994238037331963 -0.0967416167688839 -0.257804392842171
0.0144710567595727 0.030551100613267 -0.237139035112374 -0.118533997552824
0.17007310609556 0.0323471588118892 -0.159768445341392 0.07737040714485
0.255389730460241 -0.0901781432009518 -0.0806657244556925 0.169693873618007
0.234539651738871 -0.114065767088111 -0.0384702323707111 0.173998973012262
0.065727697467774 -0.107910765186595 -0.0967396911639841 -0.0122072877735731
0.0569938614866643 -0.114918786603199 -0.134260116333305 0.00315709484490151
-0.0282771407253473 -0.0804081480257318 -0.0504293651552936 -0.012955980489043
0.00371941262471751 -0.0237186742124066 0.0279609914411477 0.0323684795401733
-0.0533199308118008 0.0417362505005098 0.0126972284765094 0.0317201438534148
-0.0831646978120653 -0.00723940255560808 0.0407370055557677 -0.0918974201173376
0.0152947386684292 -0.0776610720026402 0.078286621772265 -0.113549893417632
0.112428023685219 -0.0785830907304045 0.0726181408516714 -0.0707765979852749
0.142623800203853 -0.120068107869835 0.088372521320683 -0.0878945262869716
0.054210895409376 -0.209644033860437 0.0942176642759486 -0.274232601744774
-0.0849673303766816 -0.118479574203112 -0.100908311777117 -0.464159899295994
0.0198819280043035 0.0789977415397269 -0.389835864439951 -0.311967265653746
0.208426266253099 0.100225915977464 -0.383274867142894 -0.00162093452761912
0.27286271537256 -0.0412899524581693 -0.272205068072309 0.178865268914426
0.220434538876226 -0.0708961036432334 -0.158003628753316 0.226952279556432
0.00897133345303276 -0.0555788250906394 -0.0741326415689599 0.0313545119734281
0.00504532440941376 -0.0675099848878483 -0.0778500373258334 0.044026158612154
-0.0636886141575295 -0.0580306798057959 -0.0182571810513373 0.0165053621817104
0.00482544591542216 -0.0161616724902316 0.0338110915232954 0.0391505461657348
-0.0104122404418491 0.0623150341844789 -0.0303684113165886 0.0229244476227929
-0.0676846139785069 0.0342374063427959 -0.0182490630067304 -0.119244816412003
-0.000680990759347469 -0.0359377134958098 0.0571465022912038 -0.147464505842889
0.0732196565570734 -0.0443645853299211 0.109761158279862 -0.0974325659368189
0.112748009332026 -0.0768645600378349 0.176359934085365 -0.126646733524596
0.0565152028338773 -0.1636083128504 0.205053789274277 -0.393104809974884
-0.075808698165049 -0.0865837282260244 -0.0971581164812856 -0.695928476932758
0.0203995687232865 0.0885257563025463 -0.563697946397006 -0.551677726276163
0.1783642177809 0.10685715204328 -0.649576706568261 -0.120698222385834
0.200795921311187 -0.0173445700647888 -0.478853743940475 0.156402541600871
0.138312711301001 -0.0260244019410254 -0.267357797752408 0.255508427488824
-0.0108221190135397 -0.0320333253029771 0.301678860349769 -0.233369242602008
-0.0614953285720417 -0.0059003471468884 0.575353649138381 -0.0959770480857988
-0.0382054935769 -0.0529566378140541 0.774407064407674 0.19735514194288
-0.00452076390063637 -0.0510507927435795 0.647266594771059 0.667606938040537
0.0438817155949783 -0.0112153589500617 0.100169166405101 0.799806092145781
0.0081729046346731 0.0140278173910812 -0.243084529500501 0.446238432114428
-0.0143440380227094 0.00623047069854861 -0.210795984713717 0.159051524606653
-0.0238098292924746 0.0053581099978359 -0.109069812593146 0.109048472022533
-0.0146366904469788 0.00841801500991921 -0.0265712188732281 0.161938690344348
-0.00430139980714721 0.00018105773550992 0.0654694566390299 0.116274604178226
-0.0121546422826111 -0.00854138005575866 0.0432880901898424 -0.0225665817735327
-0.0146047362251745 -0.0113508150394825 -0.0477181487664981 -0.0386059469179762
0.0167193513768601 0.00572821546456652 -0.0101943890552852 -0.0132495977860814
-0.0117480663600196 -0.00401753495708157 0.0253952967979065 -0.0473508023009473
0.00832192419221354 -0.0114916910756483 0.0578165023964578 -0.0667585508652878
0.127950928269413 -0.0605949219362527 0.280288025717176 -0.231238305244024
0.126197616368921 0.0223622915960162 0.52089426690855 -0.0897672588800087
0.115892650741969 0.06762597569498 0.694780534801189 0.180561333700836
-0.00205512557880731 0.0412902256015199 0.573118115622122 0.63438394563651
-0.00864820346107634 -0.121724967166999 0.0725275466146553 0.733354318501881
0.0786682872031195 -0.137771855625291 -0.223218400531066 0.39806991567266
0.0800534452728332 -0.0605044282306321 -0.191897748603791 0.141701729261537
0.0294629843103612 -0.0355011011733101 -0.108117264251968 0.104186070035252
-0.0379434387643863 -0.0214760064194772 -0.038378474455905 0.153804508196374
-0.0587654052072791 0.049799951351424 0.044744879120067 0.107358735269202
-0.0045882723923515 0.0463040495325681 0.0196379996202347 -0.0235248857983712
-0.0292686013708555 -0.039790516150187 -0.0470618215309094 -0.0325849640933269
-0.0550513821195866 -0.0404168135585878 0.0142813504252266 -0.0107297164371071
-0.0371733642691818 -0.0626536390196026 0.0385491317857326 -0.0391484082499345
0.0179899075144142 -0.0705017613117233 0.0635584187881527 -0.0600335592906378
0.225625736580907 -0.090664743900979 0.189578151056924 -0.217217513467536
0.243204276022775 0.0187927696675353 0.331779396987096 -0.106271305572583
0.184410886274533 0.115507562961775 0.459188563228596 0.0788608562578692
-0.00922023264667415 0.0633036527052143 0.386686061230386 0.437155626312337
-0.0325992924385961 -0.175072093308997 0.0534871882423973 0.527321666932088
0.111335113643122 -0.214613971017651 -0.132081888807053 0.280045653470635
0.141900726023867 -0.109218694663316 -0.118560030868119 0.100803191288056
0.0753193782265225 -0.0726940148164862 -0.0930858195617703 0.083859124969129
-0.0374908599286562 -0.0564571671604327 -0.0656607675024075 0.126533492734797
-0.0905826336985748 0.0364069481228208 -0.0073016231928349 0.0881723609980203
-0.0266644102085237 0.0487467938719748 -0.0188411900585671 -0.0253761646353656
-0.0245511360254548 -0.0475584409667249 -0.0417288330655964 -0.0176218036714509
-0.0459026510740791 -0.0753356567499121 0.0639933479004199 0.00883467298058275
-0.00559132602649426 -0.113302224633055 0.0861448926625707 -0.0106391523933883
0.0539695317839344 -0.115724559824839 0.0854622214297596 -0.0276820640703031
0.255450815190195 -0.119332121435616 0.0719582713269982 -0.183356703627318
0.262949085147471 -0.0254732742975758 0.125287994918674 -0.115620520921835
0.166962252009257 0.0767386901172886 0.236768010816116 -0.0228434263816945
-0.00859701303506355 0.0254322583902368 0.228110238702164 0.232540993553723
-0.0425684093555582 -0.154960608472464 0.0620704076174208 0.316867400586556
0.0837459860619767 -0.205030820041895 -0.0227333278985494 0.161114726031424
0.14754533068005 -0.131241264746518 -0.0283836555718275 0.0483734193851829
0.109266049429502 -0.0990255834412328 -0.0628333815272012 0.0496872454931675
-0.00081235951874159 -0.0953974139923068 -0.0817422447115751 0.082129068170416
-0.0845682932532464 -0.0367897905368059 -0.0496820377214856 0.034215902130364
-0.059785751280042 0.00325921813687316 -0.0580363103440843 -0.0518171314905164
-0.00835877016352853 -0.034501840280053 -0.0654886131292708 0.000947628884553022
0.0276887809772771 -0.0768812801691753 0.0657656403330614 0.0561661939101083
0.0824081977118206 -0.140835533542686 0.101927889932363 0.0489560094882945
0.119117815359768 -0.141694948818512 0.0902637796392056 0.0299965928143245
0.218006239917963 -0.138882750066639 -0.028473407159332 -0.131867239303956
0.219436546667699 -0.0852248104783789 -0.0360073989404999 -0.0965912251330096
0.113439090006735 0.0054698005182672 0.0798840522095333 -0.070764435210213
-0.00406682925130061 -0.0099819907800493 0.123450659080354 0.0972599866833539
-0.0596035143971798 -0.100324946122816 0.0684655431246323 0.170382166983481
0.01907135624608 -0.152562757469947 0.0507698556679898 0.0628791565406242
0.109543073918962 -0.131029891726203 0.0440571170004251 -0.00722921763252055
0.126621471074569 -0.110044890395612 -0.0216642566019595 0.00984332261478848
0.0565265003754088 -0.125064931476291 -0.0622917913217563 0.0248061688343218
-0.0459808451760996 -0.117943398805585 -0.0531201315721581 -0.0492118659392282
-0.0755124917508117 -0.0532378005406046 -0.086235379486846 -0.121875618680959
0.00560604093210044 -0.00800263029207674 -0.131965449288036 -0.0160591133663548
0.106286986853922 -0.0376725048287149 -0.00913252442824306 0.0927698882162816
0.180195771647675 -0.13112979520095 0.0482866562829055 0.119226134316875
0.18936572982758 -0.141397757396961 0.0508047357564327 0.102679212748245
0.143992870831869 -0.136295488266103 -0.0857944727395105 -0.0702563993396769
0.142414567070192 -0.122910742349619 -0.124432556740072 -0.0500206265573184
0.0470554046138138 -0.0541388880931083 -0.0185138531843734 -0.0577608290175001
-0.000428237250487183 -0.0222093164907471 0.0577817480297814 0.037708713053532
-0.0731798957044761 -0.0279781493799687 0.0532518654617939 0.0797319854552183
-0.0481738601279009 -0.0824508777002461 0.0702512093137357 -0.0256138542317436
0.0550900420789786 -0.111308231181671 0.0768591477983389 -0.0638519420896723
0.126738101230425 -0.102879422517483 0.0243002124010706 -0.0324711135971815
0.112226093237888 -0.136842108670348 -0.00388865573874672 -0.0363226891291069
0.00491239242398227 -0.180329270858608 -0.00726898483886838 -0.151630638355258
-0.0811533490356961 -0.097510277720227 -0.103478200609457 -0.251340405845766
0.0159093473850795 0.0308778915850172 -0.23837485058353 -0.109462021429372
0.170109924179038 0.0292129097584759 -0.156667163096205 0.0810938286519826
0.252795035495945 -0.0916807313266238 -0.0789053184329966 0.168552282752552
0.230342190451161 -0.114952812831442 -0.0364436390638463 0.172800530700471
0.0642067618284516 -0.10775778045097 -0.094782605311758 -0.0112083847585837
0.0566767519047609 -0.114266070400827 -0.131720122454235 0.00561084861225427
-0.0271543768975764 -0.0792616963451968 -0.0509609017343844 -0.0117696036184528
0.00427602198524895 -0.0237939592313978 0.0281092694348777 0.0295055871114882
-0.0508738826253434 0.0430730494732705 0.0128620529766791 0.0316093281826752
-0.0825266805449759 -0.0042420172670473 0.0353684670009679 -0.091538256740832
0.0121613494795941 -0.0763841345627026 0.0727968985542808 -0.114119444491193
0.107245145290643 -0.0804238281632204 0.0669370040201173 -0.071404964397679
0.135577285946834 -0.124729865819645 0.082542573805414 -0.0904416234842395
0.0435375383371544 -0.210847873213796 0.0824503267170662 -0.274657475203412
-0.0892251182850858 -0.113643665469349 -0.115190927317229 -0.457809869191317
0.0211205327267668 0.080088272991577 -0.394928859035996 -0.29724941003294
0.21087258988231 0.0952642108494851 -0.381802525543432 0.00640982552545246
0.27089971656524 -0.0460305602372115 -0.267342449142613 0.181767210083401
0.217109271770031 -0.0727697125904773 -0.153807130483253 0.226811391956489
0.00831184815126571 -0.0555228155351083 -0.0726621982915083 0.0320770406350623
0.00537847145540307 -0.06527247307539 -0.0755847306162018 0.044861718988013
-0.063274463496285 -0.056411724810262 -0.0177403508173355 0.0168919974689902
0.00560129209451439 -0.0167802168111309 0.0342408042441542 0.0359228982069654
-0.00861179331880599 0.0623974054963883 -0.0282541853340778 0.0245679172078494
-0.0652001171871857 0.0371614128256657 -0.0216412163337591 -0.117130605840449
-0.00218778630148209 -0.0347376356972679 0.050608669927503 -0.146697741074893
0.069712518966925 -0.0449436732321711 0.101834697430523 -0.0991814789649141
0.106359710275496 -0.0801431005927574 0.168269033542879 -0.131559802174191
0.0487255063742662 -0.166078937097743 0.187659312489745 -0.395979584215833
-0.0802040756879899 -0.0835145221871631 -0.118805482270809 -0.683082725526502
0.0215880729307515 0.088061743305522 -0.57332100491943 -0.533069975561286
0.178856379124819 0.102762698574497 -0.648041359495149 -0.110717332693032
0.199888512315841 -0.0207125972446917 -0.473991752418653 0.164839093921422
0.135778072097349 -0.0272055825678059 -0.262384806253375 0.256886356900306
-0.0202219259823444 -0.0330721372615566 0.30170936534653 -0.238336098218846
-0.0667645976460167 -0.00655753209312939 0.577874452451321 -0.108742776177069
-0.0401698629195193 -0.0588179027021875 0.785523656985029 0.180035043025374
-0.00202639727194281 -0.0594641133125248 0.673871282554138 0.649940184333862
0.0508681599072347 -0.0158174756016487 0.13225543855639 0.797330588331235
0.0133671522235422 0.0153122075329101 -0.221760928214887 0.45635290770575
-0.0156914442388727 0.00565599400364974 -0.200850373733823 0.168129325595592
-0.0235480833159305 0.00619579814716731 -0.101680912716129 0.111412231283316
-0.0154597601814181 0.00923567350091942 -0.0191602999250714 0.160629005151321
-0.00366991315363635 0.00152734861655139 0.0681918098414818 0.111989434060245
-0.0112711154820946 -0.00743984668547188 0.0422071209345711 -0.0232876937628885
-0.0155977298593193 -0.0103722022632412 -0.0496640092590774 -0.0366106191884486
0.0166234543369333 0.00346831590670905 -0.0109472087506486 -0.0132324230238839
-0.0125238973881039 -0.00481743343385069 0.0238383627719532 -0.0462014895626206
0.00750098807000558 -0.0139484781956253 0.054958879335331 -0.0666012017584833
0.118430817933647 -0.0641537424980438 0.278527937260494 -0.237348562532297
0.121564957414017 0.0177465928202165 0.523734823774388 -0.103469007721031
0.11770280094673 0.0585683990151196 0.704067740380017 0.162920069401289
0.00150346152889953 0.0373283592655223 0.594922102001494 0.620328458550613
-0.00907249145348635 -0.122108012430002 0.0979291589284473 0.734716873726965
0.0748514315968438 -0.140315554087852 -0.205279977864304 0.407406134583398
0.0770337904159908 -0.0629911288405642 -0.182553174427649 0.150587558463088
0.0272078424035944 -0.0366173864413233 -0.102055394130185 0.107686350565758
-0.040643944746343 -0.0182170738986126 -0.0314813198488912 0.153348444933251
-0.0554522477613426 0.0543706648416609 0.0486947105926229 0.103354550918004
-0.00152253719675663 0.045476300050066 0.0179761832716463 -0.0237695497061948
-0.0311773360303227 -0.0398841225625623 -0.0477913515500614 -0.0305548190124953
-0.0560671644210276 -0.039219085819961 0.013086249656917 -0.0116535589738654
-0.0379751873118248 -0.0622862105175404 0.0368438718363816 -0.0399293711693442
0.0176679004108317 -0.0716220220368173 0.0609011225112104 -0.0594716242986346
0.216350195833053 -0.0937847853195979 0.186784801326132 -0.221097345048385
0.240971592626726 0.0140865427069401 0.331019508326591 -0.113983549331841
0.188083180766044 0.110352728275664 0.46375091090749 0.067306429685476
-0.00458848480564828 0.0622597344963454 0.403948645973875 0.42752702587204
-0.03785254278053 -0.174297224514536 0.0759930277693119 0.528513777535541
0.103134663094495 -0.220433561774627 -0.12066414289497 0.285547021830533
0.135882171267196 -0.114122834173464 -0.112161363178237 0.104463283136437
0.0696379287673134 -0.0742797648868443 -0.0883789460651979 0.0867666898098677
-0.0407463514089802 -0.0533858531399177 -0.0586393301774823 0.129639922264124
-0.0883108726775458 0.0411905726533822 -0.00284017691973137 0.0868296970802375
-0.024116194988476 0.0503713162033102 -0.01961211565751 -0.0246853405791743
-0.0263491997278548 -0.0473415116153949 -0.0414388129291368 -0.014623263837635
-0.0462425737295026 -0.0744803453030401 0.0635845793251593 0.00729695637844449
-0.00598422579632507 -0.113678317818751 0.0841494401606532 -0.0129386510815386
0.053040271271146 -0.117391404348099 0.0832323791120303 -0.0275078911858377
0.247375872912153 -0.122307413028958 0.0692223741577472 -0.186331777246986
0.262800032807632 -0.0318681232948027 0.122043966536735 -0.12072486820635
0.170030864720016 0.0717350184216769 0.237337886252378 -0.0307878704060836
-0.0062385701721202 0.0246797242861173 0.237467281360783 0.222680175512326
-0.0468475444851815 -0.154038815098479 0.0732069218894973 0.31633276052999
0.0738366878589629 -0.208437218221774 -0.0171970694487227 0.16150700494364
0.140329160194324 -0.136987026977594 -0.0254771280263954 0.0486449337581323
0.101840935414202 -0.101140679728372 -0.0605333369126864 0.0528333130869428
-0.00725563833532781 -0.0941065962085934 -0.0764160841116327 0.0860424696208422
-0.0869148295071661 -0.0326940782500914 -0.0466701064801409 0.0361126972593791
-0.060922449026415 0.0049100941045261 -0.0599651469531115 -0.0492185900282051
-0.00989821973579037 -0.0335509499298976 -0.0650978683134738 0.00595598182538383
0.0290370983142702 -0.0775866443087155 0.0667414114750131 0.0535998764116734
0.0815243421791571 -0.141983225191774 0.0993408203755773 0.0459318166744302
0.117321576133028 -0.144420060634003 0.0884591327454336 0.0300015117412866
0.212617629836727 -0.139457663004127 -0.0298302753014644 -0.132536682941297
0.219426242596141 -0.0892668524452197 -0.0393110734328628 -0.0971123296479892
0.116104759924188 0.00302053279218238 0.077011374816889 -0.0741851295130928
-0.00366057036860773 -0.0106608841032277 0.12704526406693 0.091923123686586
-0.0635460748955587 -0.0981355700562487 0.0741897080297627 0.168474513025085
0.0096105072718035 -0.154177875889498 0.0518101594336826 0.060108439372178
0.101347727563287 -0.134573608720278 0.0435633464582613 -0.0101731612478885
0.118997845473138 -0.113433534834653 -0.0214478583599613 0.0108611921778918
0.0482255211180559 -0.127150818050917 -0.0606827310827594 0.0269338196764092
-0.053666563695398 -0.116474983981684 -0.0533994687967896 -0.0461748797607183
-0.0791870962701219 -0.0512926877198351 -0.090816952163836 -0.11669289613034
0.00478567737327062 -0.00866850362792296 -0.13047722993517 -0.00915958493252712
0.107060696455892 -0.0395394774454409 -0.0068611978894807 0.0922663971970375
0.178562689658559 -0.133631027554263 0.048153534755743 0.116278356120578
0.186116542201577 -0.144024897606958 0.0503569612397599 0.102256998860662
0.14134610579807 -0.135915545424731 -0.0867232060705556 -0.0698949253783303
0.142107282257856 -0.123840982474174 -0.126467721483847 -0.0478154739992797
0.0472660600837535 -0.0541014753221944 -0.0205877150542254 -0.0571466524923546
-0.000165598567610177 -0.0228549582884441 0.0585295627340983 0.0336793445463352
-0.0735964815906708 -0.0256770690645371 0.0569421009158823 0.077571194395849
-0.0525675582686184 -0.0795394496445647 0.0681313058502808 -0.0268576615804639
0.0480118686248434 -0.112544880566306 0.0740256855343204 -0.0661245536357703
0.119669710285387 -0.106786159932983 0.0213054591024426 -0.0334949434998876
0.103499959037356 -0.140966698775817 -0.00756156257270452 -0.0349018643748402
-0.00549254827090694 -0.182874400193395 -0.0144861019132666 -0.149643269005126
-0.0879125299330507 -0.0956420347554821 -0.112705195353565 -0.246482429661025
0.0154023537244059 0.0310998109379741 -0.242006639426785 -0.0982597484494252
0.170984894532303 0.0268249891849674 -0.153484172046491 0.0850806845551502
0.250552251655441 -0.0953900053338165 -0.0761368124239599 0.167796798254914
0.227703976509376 -0.118841895557168 -0.0348577377717143 0.174588319616018
0.0616609005212981 -0.106957586627137 -0.0956840044406128 -0.0106017487073649
0.0568338670864071 -0.11444668988821 -0.131770953939152 0.00985562377315832
-0.0283128560014102 -0.0774418046617187 -0.0519741549195454 -0.0104569376192084
0.00325559159905923 -0.0259327824889238 0.0277542411751824 0.0268762388550988
-0.0477944819801351 0.0452328132965422 0.0150971048926898 0.0322607596548317
-0.0831300138461226 0.000602004784403684 0.0316447540485766 -0.0926256238724328
0.00785756472857534 -0.0755737846727823 0.0671508796755119 -0.116929016986356
0.101125816100953 -0.0829350183456188 0.0605297285356669 -0.0735477318135669
0.129145879263476 -0.131587673114062 0.07527409126221 -0.0931737725973009
0.0334243916168564 -0.215866201572112 0.0689600724570278 -0.274650708930742
-0.0957106337657084 -0.114830776981584 -0.133588057194 -0.449484641178849
0.0204829391555514 0.0794296587275816 -0.406705438441147 -0.282076137212764
0.20925531043551 0.0908516417050596 -0.378353083442546 0.0161526475732986
0.266874329490771 -0.048245026871431 -0.264671026581679 0.186093714808694
0.214663028995796 -0.074302777440919 -0.149716990885933 0.230433619517231
0.00930958658975245 -0.0553279185687934 -0.0727267769811587 0.0308685318282146
0.00600262817511348 -0.0640401591192179 -0.0739213567490963 0.0453102374761684
-0.0637129310679529 -0.0548440833131641 -0.0175653959573301 0.0184270251259298
0.00532229694592428 -0.0188428835527722 0.0348910666354561 0.0338800341345323
-0.00404984954886973 0.0629402088649035 -0.0263223760193357 0.0252168839012357
-0.0627835851092504 0.0404189572425644 -0.02625464945326 -0.116193453520137
-0.00300557138123922 -0.0330022157869743 0.043973689234114 -0.148101596689396
0.066701133278214 -0.0473696941572898 0.094747047648399 -0.103289983597135
0.102971833277832 -0.0860425623959902 0.157192781768999 -0.138086338872894
0.0394378023800138 -0.173114395227575 0.165281310468403 -0.399524417330796
-0.0856144429660376 -0.0860938643165103 -0.144507825987405 -0.677880021912566
0.0176401440094232 0.0861769757367268 -0.591823037743633 -0.510710222783993
0.173068218088787 0.0974688063576721 -0.647469616508035 -0.0896909932815861
0.192980946929017 -0.0205867188057923 -0.46883114530352 0.174363542657709
0.132767759131612 -0.0263996721843767 -0.255002976496256 0.26207540727941
-0.0198251895084711 -0.0329884778001795 0.296072042038424 -0.247871111932108
-0.0670791588016516 -0.00424951564169791 0.578881620348869 -0.129562053578737
-0.0417773916360032 -0.0580045912360414 0.799330271789249 0.154449097887863
-0.00352052642278371 -0.0590177523297475 0.706458864777111 0.628686619207777
0.0525316932998591 -0.0181799890089732 0.168001710954279 0.79772055673094
0.0146773641627778 0.0151437168521075 -0.199353579819745 0.469233973746648
-0.0145273007905 0.006968940905603 -0.190046299814408 0.1765616016027
-0.0225268803665814 0.00696397716833374 -0.0953674663031993 0.115409719663662
-0.0149682995226084 0.0101298680048879 -0.0129931624964093 0.160347014390728
-0.00411510981012247 0.00338572446921269 0.0725044451734243 0.109314286699736
-0.0129439960323264 -0.00701709832546324 0.0409976992746084 -0.025372481772786
-0.0152041791092708 -0.0114358359430851 -0.0510815238486781 -0.0352848394892596
0.0164531363068609 0.00227387590627817 -0.0115283145366535 -0.0136836979344148
-0.0126500689406406 -0.00572511382510858 0.0228003416755183 -0.0468164029106982
0.00793423581410519 -0.0140371055411951 0.0519735061196936 -0.0667797820213396
0.116626879128137 -0.0668806323901033 0.27539852755892 -0.245850746891599
0.123746554534815 0.01592025727549 0.524378726785033 -0.121655148592495
0.120481346354564 0.0553493655327222 0.71632279007989 0.140110349104635
0.00338130437863048 0.0385954666455524 0.623492097544195 0.59677160314947
-0.0147998049532124 -0.121935900396183 0.131140745355939 0.732945861279927
0.0682401949048316 -0.145476224951752 -0.184692119364181 0.417528269293704
0.073628336027034 -0.067569458077309 -0.172103846500416 0.158567127065568
0.0235663206213171 -0.0381241586896504 -0.0949937814008785 0.111886726905205
-0.0423349100074262 -0.0164064811847695 -0.023949117804045 0.154030963398848
-0.0534288014565517 0.0586996283080381 0.0530072338114495 0.101954390422439
0.000724159666971616 0.0459183795452706 0.0162525880456203 -0.0239863881850493
-0.0335936148857538 -0.0401125824388186 -0.0486122050172357 -0.0295452592755868
-0.0573769232123909 -0.0378932632597213 0.0127574484651729 -0.0116428730986197
-0.0397910262779644 -0.0615921369483696 0.035156487337659 -0.0417895936072661
0.0151421570283055 -0.0712826814255623 0.058871408575125 -0.0602115067886669
0.214296233985241 -0.0983166308769038 0.182437491833825 -0.227746113809265
0.24284186986645 0.0077295352885776 0.331139611362004 -0.125140383735528
0.194012106163254 0.10456643610848 0.470175350675031 0.0490981591663301
-0.00249882108399287 0.0644433286955384 0.423609475889646 0.411133806637514
-0.046077129087632 -0.172618395786413 0.0988272296945648 0.526377946786522
0.09093264806498 -0.227913808759195 -0.10642513733499 0.291617050180119
0.128854007894971 -0.12160882854177 -0.105973970865935 0.109083888888096
0.0648860997852115 -0.0766818475169102 -0.0827207776959218 0.0910202987866047
-0.0445928438677294 -0.0499668363356021 -0.0525163947650321 0.131758617891817
-0.0874327819301423 0.0462890878673169 0.00149032288410394 0.0864388435774273
-0.0223506460772565 0.0498846004504506 -0.0206205130627035 -0.0233889836043372
-0.027957688502163 -0.0471812340960342 -0.0412575881587554 -0.0118651646110679
-0.0478725250734365 -0.0719247322598507 0.0645276112171285 0.00571356998350603
-0.00879083225141656 -0.114133449338825 0.0832134734416652 -0.0158630500135046
0.0496468555926294 -0.118361236941913 0.081468328445573 -0.0287759334073773
0.244316876005907 -0.129151678673152 0.0669428229093467 -0.189038388263698
0.262312680652069 -0.0401779569909438 0.12055108472969 -0.123730881603438
0.175432146570661 0.0672268175395192 0.239129695766437 -0.0405619793401842
-0.00406026544959242 0.0272220286284738 0.249067073848687 0.213223752916549
-0.055171464638796 -0.152549241374425 0.0884512024764574 0.314591227389261
0.0635347560925283 -0.214820675277964 -0.00908448902212419 0.162577783708297
0.131270406098447 -0.143878625647962 -0.0211788346535876 0.0485504382279222
0.0952432559468119 -0.105489011518313 -0.0571278460494581 0.0556064914543012
-0.012536901016717 -0.0920636691488155 -0.0735550797439786 0.0897000255941382
-0.089846293906424 -0.0302670727568462 -0.0444328503928542 0.0364867669842779
-0.0614078139178819 0.00663865308079325 -0.061905011317308 -0.0470467994067342
-0.0109454356674807 -0.0331682074263783 -0.0648478958239414 0.0106148091692524
0.0272273612641921 -0.0779736165197499 0.0685654242930336 0.0536315924178511
0.0800915820146571 -0.145440879159633 0.100091465474913 0.0415078938328025
0.113698300029562 -0.147530667272193 0.0874588176996725 0.0290579254003718
0.209537456977408 -0.145912474207513 -0.0321635940554756 -0.132743768613296
0.219622537561262 -0.0957235231482342 -0.0404455525258746 -0.0953837895568794
0.118255277627013 0.000728277111837439 0.0760238614473091 -0.0786638338576052
-0.00310475256221676 -0.00977709772838081 0.131194416489574 0.0851890024533631
-0.0673872674511312 -0.0953139254252776 0.0808997749167588 0.165251405783592
0.00183653372251466 -0.15460527911705 0.0539353771109896 0.0583982887091518
0.0941042120834668 -0.13992610830655 0.042863275548419 -0.012977678029024
0.111518350367897 -0.118422432025379 -0.0212666003091814 0.0107879656602338
0.0415469075533911 -0.128382493191468 -0.060948331061166 0.0306368988268193
-0.0609434694633276 -0.116060528695721 -0.0547476880914876 -0.0452758928678959
-0.0824385316222405 -0.0497031052321429 -0.0966902625345552 -0.113095789023266
0.0043357206902995 -0.00696580268988396 -0.132856630256888 -0.00219771037646701
0.108927735837173 -0.0428734575785656 -0.00275849373646249 0.0929161903552979
0.177452226672518 -0.13947794792947 0.050200451871906 0.114137162117891
0.182973723992031 -0.149089327123245 0.0520500552681064 0.101892944267197
0.137043600998401 -0.140904644564668 -0.0879858407536185 -0.0689194464572912
0.142360838771496 -0.128817035790368 -0.127471889138101 -0.0431857674453837
0.0456707993939804 -0.0553176963059267 -0.0228099099567103 -0.0586515371749729
-0.000799559890007936 -0.0235496222264315 0.059796235053755 0.0289240101843201
-0.074785004528112 -0.0221984380113495 0.0587730383076489 0.0772720126596807
-0.0575488713926344 -0.0774005560914633 0.0665954203311868 -0.0305950179773609
0.0410575211784895 -0.113977045063244 0.0712782332094011 -0.0710415707094853
0.113718778040277 -0.111606495881925 0.0179606287611055 -0.0343091949424926
0.0959016599229908 -0.147266463993181 -0.0116321446215874 -0.0361933178021573
-0.0153279405741699 -0.183991819239262 -0.0196609462088923 -0.150226249739602
-0.0944010367199072 -0.0934156539853496 -0.124569983933305 -0.243056456096429
0.0163709658955498 0.0320360921756487 -0.246995177710851 -0.0881555316530818
0.175872888203786 0.021295430921582 -0.151974776200957 0.0900240094432894
0.250717043874174 -0.102906010209676 -0.0736775947920459 0.170205308495217
0.225361301587397 -0.123936526599188 -0.0318207808708861 0.175957026300781
0.0593852366331978 -0.109631435634064 -0.0951213995340795 -0.00978760491609752
0.0565279343627661 -0.1164320967604 -0.13217893717668 0.0140342537353418
-0.0281337873956884 -0.0767792487988383 -0.0533249065285159 -0.0099879893570601
0.00291909707712315 -0.0260721196577799 0.0283616911514735 0.0239319038059475
-0.0458182657798009 0.048383102443401 0.0167635672312759 0.0318126251804156
-0.0844838695050286 0.00435360626152229 0.025757479082085 -0.0935860774339459
0.00327351860328116 -0.0752864080842195 0.0613462555361777 -0.119843369194397
0.0967180493746987 -0.0881073336592234 0.0570141129455194 -0.0769031325683362
0.122853153961861 -0.138212402025574 0.0693277655165404 -0.0975143527176231
0.0199715889780836 -0.221101123267762 0.0560352457989103 -0.279248238243002
-0.10378821636846 -0.110984488415637 -0.151841894548712 -0.448377377625874
0.0231786274414471 0.0810785458503902 -0.420845033896274 -0.268172980866566
0.214979404917372 0.0849413453986225 -0.380335142546018 0.0284534846176315
0.267042300033157 -0.0563477989334727 -0.261486871893192 0.194666821756121
0.213289358532353 -0.0805525734964205 -0.144829276266321 0.234650137170847
0.00807145469366431 -0.0551774122971204 -0.0717838296288408 0.0321634428445024
0.00615309195744011 -0.0642492730508506 -0.0735958287108578 0.0478069834045193
-0.0659736290836493 -0.0534601610375628 -0.0168120342535441 0.0194637534515918
0.00409051446496557 -0.0202666521132671 0.036098167621534 0.031165251639512
-0.000245654853493007 0.0644710308547699 -0.0237080690832111 0.0265077247482375
-0.0625590782955595 0.0443210393002373 -0.0316776065886481 -0.115419685489918
-0.00509349482374557 -0.0319613017407183 0.0369261054149735 -0.149148339200216
0.0651200232728139 -0.0492844582296785 0.0883469131244751 -0.107022117090445
0.0974109383026559 -0.0915323273034834 0.150342957312724 -0.14643619048357
0.0303205175447841 -0.177655737631097 0.146666292095994 -0.408148604364845
-0.0923034239812729 -0.0832959601065447 -0.175271920225045 -0.676729967250053
0.0209525319980482 0.0878576032801485 -0.614796885511211 -0.492886588335218
0.17727035110879 0.0936929514871071 -0.657168207542585 -0.0699911193428764
0.192906062506584 -0.0252937846262494 -0.467858439892211 0.187730164301234
0.133265320394576 -0.0295475110208341 -0.249835674139166 0.270808435416002
-0.0224236481537267 -0.0326733380780559 0.287263263645656 -0.259206954624018
-0.0673999847554624 -0.000890491513227246 0.575844607827427 -0.155298766360349
-0.043727811362446 -0.0564134290010989 0.810574593318491 0.114788112330889
-0.00550917670552114 -0.0599903768385212 0.743099072880321 0.597611243410242
0.0521239971373854 -0.0209678801096505 0.215347108847141 0.789441416433357
0.0159797297339759 0.0152321862775759 -0.16839341370361 0.48162026441546
-0.0156989702198066 0.00819059894242908 -0.175238682597806 0.187558327935086
-0.0216964463802282 0.0079875734661676 -0.0858993623713288 0.120552946619968
-0.0148364122415889 0.0099184216054756 -0.00341924233954024 0.159334831495584
-0.00386170634900489 0.00422784613140733 0.0778283304798525 0.105483223110063
-0.0130863669237532 -0.00719061576355168 0.0394542811354609 -0.0269620891071949
-0.0154571536841394 -0.0110055510189414 -0.0524097852167524 -0.0322698431590878
0.01703057816453 0.00157163069410774 -0.0123651222758894 -0.0130734984243614
-0.014567172091861 -0.00537612881477875 0.0200598915987602 -0.0482152156935834
0.00636676417656677 -0.0141221841445037 0.04816339439708 -0.0665319156878553
0.112975927828949 -0.0715874338079614 0.264987893673837 -0.257138836140877
0.124937749097545 0.00990392542127007 0.521079063687346 -0.144521380489756
0.124694450005257 0.0493011072129432 0.727321316162663 0.109056741334913
0.00634796669649227 0.0404226448144103 0.656525371026366 0.568844087526456
-0.0225907301331323 -0.120387583783236 0.176094174947653 0.726200940206965
0.058938455846049 -0.150871096359347 -0.15672287682823 0.427734985173741
0.0682592193921815 -0.0729266433279534 -0.158666222754531 0.167968312346338
0.0216671837412116 -0.0386484043428139 -0.08616460706004 0.115950441251134
-0.0437787952779595 -0.0131874742069244 -0.0144195020711179 0.154711620286149
-0.0494088487844911 0.063397859845184 0.0581659118004551 0.0981140465392819
0.00384754888072577 0.0451563498458422 0.0167737975170877 -0.0244739457517934
-0.0351675476454958 -0.0394699787102836 -0.0505860709945314 -0.0263639362042931
-0.0588483948711956 -0.0353760367377551 0.0123291257250674 -0.012752694889807
-0.0420514090119217 -0.0600383429933186 0.0334180555319414 -0.0431355285427518
0.01193691695084 -0.0725779561290062 0.0557574444558516 -0.0607289088206159
0.209789566812067 -0.108047858529325 0.17466006638279 -0.234382625203709
0.244847528477551 -0.00344126424493351 0.327471576029414 -0.140145954862421
0.200498316764042 0.0960662971562916 0.474520472007158 0.028555936148863
0.0014715362118131 0.0675791851024619 0.448131574594584 0.389592398731549
-0.0588638989034693 -0.170084308191276 0.130195681481191 0.523067299984338
0.0762034917633945 -0.235624190992853 -0.0862998342884714 0.297842333532223
0.120120250910712 -0.129714462311942 -0.0966910640301745 0.114810508167765
0.0596513597800298 -0.0800621010199876 -0.0754833764100105 0.0942223386008131
-0.0487648814611652 -0.0468979354020721 -0.0451948457559231 0.134086603173307
-0.0836504483932882 0.052320058886333 0.00746145033181687 0.0858426518825459
-0.0191439057570268 0.0510033300073504 -0.0209896947855893 -0.0225724245817304
-0.0302998215019357 -0.0473319674124629 -0.0408790333528418 -0.00952937851375961
-0.0498031073716878 -0.0700791179059917 0.0652026504216389 0.00238144842294632
-0.0121267674248311 -0.11426012364492 0.0820180269979212 -0.0202422141470435
0.045481672241232 -0.120403647314934 0.0806145581503002 -0.0307636067733748
0.238707903427675 -0.138175184009163 0.0609813103817187 -0.191861206433684
0.262299820737737 -0.0507457563090465 0.116086964157324 -0.128409724773773
0.180155086282964 0.060334486939475 0.237856896381497 -0.0525411183054867
-0.00267558996491864 0.0294540844453722 0.261455536662537 0.199734892270445
-0.0665464231573711 -0.150198077278003 0.10716510791682 0.309149609124004
0.0487795608099129 -0.219504290601679 0.000262085594127558 0.163324913258223
0.121011636387513 -0.151629645425382 -0.0171816363162633 0.0492424162713103
0.0866454368572561 -0.110490725554097 -0.052717081623053 0.0579541138444697
-0.0195841349208093 -0.0906331861573703 -0.0669556890780155 0.0932763539950935
-0.091969816327174 -0.0241704787347051 -0.0411558289333274 0.0382569168420705
-0.0611928800001915 0.0103759546541296 -0.064435961515839 -0.0437938246262886
-0.0125506856461979 -0.0323304894013452 -0.063202511004788 0.0147952668454292
0.0258476246490372 -0.0788600182911123 0.0725557024490934 0.0501309384370863
0.0752428137876338 -0.148996673417217 0.100944092152011 0.0368887567423105
0.107830076488304 -0.151392665266871 0.0878800904127328 0.0254850325977756
0.203678019097774 -0.153121255671718 -0.0362948036707956 -0.131509177244429
0.215886168447745 -0.104484403634769 -0.0429833320146528 -0.0928444332567882
0.120391819248165 -0.00490240850633736 0.0723948495804425 -0.0846254207745401
-0.00305435416882317 -0.00838873840693762 0.134766838247806 0.0767606275209448
-0.074703580108292 -0.0918843886987177 0.0895755501029079 0.16205638144136
-0.00873825695590391 -0.15552204309524 0.0568463422065412 0.054971836836466
0.082876618661868 -0.14430815297549 0.0433257663035717 -0.015842073722714
0.102612919541464 -0.122844606726306 -0.0201076293576102 0.012912748734559
0.0314120266571009 -0.130643194860936 -0.058988737449932 0.0335921035768556
-0.0679541009773904 -0.111639906501491 -0.0559004330609395 -0.0423384841832528
-0.0864961080804439 -0.0451992506175523 -0.102514413217901 -0.108391549768479
0.00556691628382519 -0.00825447974812605 -0.132058036344598 0.00560624055345178
0.108635161822186 -0.0470500559392772 0.000529652062049324 0.0948785141593264
0.173149820244582 -0.147023780962503 0.0532783752749244 0.11019864120976
0.176834961102931 -0.15721879054052 0.0544851567574235 0.100217403939156
0.133163005515047 -0.14561811855344 -0.0899587496200828 -0.0649084421931364
0.137119796687765 -0.133855480922559 -0.127867747051401 -0.0380609677555711
0.0460255292118272 -0.0570677261443353 -0.0263917512709297 -0.0594219557846979
-0.00126964500855658 -0.0227665748071927 0.0604561949538312 0.0250652327509323
-0.0757740317495994 -0.017731305608689 0.0627734818068936 0.0727191832383542
-0.0634477606120899 -0.0734925922393324 0.0627321775183809 -0.0341355349268916
0.0322580756977601 -0.116009014330168 0.0670408267392141 -0.075376600141013
0.104656153555433 -0.116889735859943 0.0155948185919593 -0.0348709114611556
0.0852209587852171 -0.152549277175971 -0.014138873644909 -0.0342783946678294
-0.0296682170278817 -0.185364139719566 -0.0284917923344991 -0.150065140157511
-0.100935139582584 -0.0879176519699978 -0.138893780311416 -0.237678951793374
0.0192007148258203 0.033186372140054 -0.253510429045332 -0.0734007387070481
0.178835248974916 0.0141307779963059 -0.14854196145015 0.0973415597318596
0.247395484745716 -0.113264581045632 -0.0677524815168143 0.172654219208664
0.219783619034143 -0.131924467085977 -0.0261316229903141 0.17770264719741
0.0561850764005995 -0.110846307390372 -0.0956691062703299 -0.00573365273407575
0.0525904196669007 -0.118570668340051 -0.130219603846781 0.0202913037956698
-0.03278601907495 -0.0753798913879743 -0.054058039088674 -0.0083375061605061
0.00149938896820076 -0.0276411477557441 0.028548841007853 0.0199494065774799
-0.0417684817501744 0.0506387855245835 0.0182205232921579 0.0302361985076845
-0.0846061953188917 0.0113348494778985 0.0200701924755007 -0.0949410812248887
-0.0020940814889027 -0.0735122200768733 0.0546257619991284 -0.123702229800476
0.0899947383679576 -0.0922214291097124 0.0491064378691938 -0.079056911483837
0.110665399684678 -0.145826244339338 0.0601771767976694 -0.102077881336948
0.00467578106514306 -0.223140901665689 0.0376425706038142 -0.282955805225334
-0.114150309686218 -0.104909997656606 -0.177878526115895 -0.441745986098658
0.0274459349813115 0.0832623681408639 -0.436209106364815 -0.247401207006222
0.221023365851819 0.0760817807635584 -0.38309316135004 0.0459987255947938
0.265028060414037 -0.0665019022827969 -0.254947653591327 0.2052065395578
0.209275232095799 -0.087334291605361 -0.136435755363611 0.242420925455907
0.00565768266927844 -0.055397336578428 -0.0701387383051453 0.0343242385790914
0.00398419110410394 -0.0639874554526559 -0.0707228999568755 0.0500290127708759
-0.0678199675587483 -0.0507250483815407 -0.0156857070061891 0.0198891161861853
0.00241287902425891 -0.021401143863642 0.0370455304888229 0.0279107491313834
0.00302432870166827 0.0645591768763746 -0.0210557164090719 0.026095249345556
-0.0586250441951364 0.0485526822541017 -0.0383237197026424 -0.114029909988433
-0.00710505123291212 -0.0313305209560793 0.0272679373226679 -0.150571449551627
0.0608761224482756 -0.0520056023394356 0.0798364473283708 -0.112023730623017
0.0911115497581138 -0.0987253506163842 0.139338760207851 -0.156338833971286
0.0167310127302127 -0.180111738314355 0.11977636981731 -0.417296843154949
-0.100451314339522 -0.0771366799877048 -0.214903277391057 -0.670255618944065
0.025312150272627 0.0903247906390996 -0.645485084502905 -0.461038365786386
0.183551956284243 0.0859044994719602 -0.665980803403594 -0.0388797890029034
0.194024866345779 -0.0339364583913708 -0.46229818051902 0.210281943279358
0.130805551300882 -0.0337790311033821 -0.239046645873891 0.281615255641836
-0.0228214356553626 -0.0313511659737435 0.271979048919046 -0.269166727759078
-0.0653306723995001 0.00226716472663838 0.560472429827915 -0.183446140826176
-0.0447952227679958 -0.0539076484195992 0.810315550912565 0.0702470780995175
-0.00788728945642803 -0.0597655192323291 0.770079458752179 0.54620311248168
0.0520968348191744 -0.023650494500339 0.26357825332978 0.764872226325953
0.0168060372425621 0.0133968918018213 -0.131574194650371 0.484132504826714
-0.0148676878819592 0.00895665471796914 -0.156838122876478 0.195351299429773
-0.0207057051996991 0.00865450198839154 -0.0758933084952867 0.124115468991026
-0.0145534342667843 0.0106931323358813 0.00613193436107048 0.156223912738732
-0.00317883328090605 0.00498221196972725 0.0827706292809004 0.0995518541524336
-0.0137855652706523 -0.00602873066873376 0.0372742073037036 -0.0288582295749183
-0.015420022133821 -0.010448236045383 -0.0547351531455039 -0.0288511170621624
0.0162905581232746 0.000362425127021489 -0.0132887203284992 -0.0120784561940267
-0.0153435911091406 -0.00433212293425657 0.0164152158676794 -0.0482672561488819
0.00567530675524633 -0.013268702938894 0.0445260560102505 -0.0661224963755573
0.108199030863962 -0.0755261333700424 0.249574068671023 -0.264637701283484
0.124731599117437 0.00395599796867797 0.508184964147504 -0.16786836968434
0.127347561942162 0.0423796054707447 0.726521188022926 0.0685872572709199
0.00958981761978623 0.0403068790731707 0.683819710580797 0.523779180452894
-0.0303690449898265 -0.116678631550963 0.22015460525469 0.706392762846647
0.0478496053455986 -0.153836932447351 -0.123959730145927 0.432915469755773
0.0615313370123949 -0.0764128963189489 -0.141915486821388 0.175312194375504
0.0187219949297357 -0.040109532012024 -0.0756629504775741 0.119565634944316
-0.0452114573393149 -0.00935244751036135 -0.0038835877089451 0.15289920426018
-0.0438668874713605 0.0665597318104001 0.0629899457760462 0.0930717927796663
0.00750346719120056 0.0429527952971625 0.0149092347979932 -0.02462508122779
-0.0376111077372445 -0.0378961103774299 -0.0504042063257029 -0.0228125198692208
-0.0593467549187445 -0.0317470233075575 0.0109568869574209 -0.0128964046063405
-0.0441000144954005 -0.0580607455510102 0.029113093778555 -0.0441492740037212
0.00907101718638574 -0.0716493485686543 0.0523534622191555 -0.0614197200553653
0.20176525453554 -0.114101488191129 0.162569051910766 -0.239782352299129
0.241827216036698 -0.0154011069003715 0.316881439814581 -0.152420382485913
0.204964806745776 0.085238479979465 0.471830398587639 0.00306890550448382
0.00582202279808356 0.0687176680823794 0.465667771533913 0.358884772375859
-0.0707417298112173 -0.163962942832553 0.164258811633048 0.507540640546454
0.0569921225157234 -0.238176647323489 -0.064389376048153 0.300011208160442
0.108010034139168 -0.136285404100073 -0.0839237106417056 0.118499487333025
0.051714770395464 -0.0827048462470372 -0.0665292361048407 0.0966411611170821
-0.0516053414623728 -0.0408065472945058 -0.0343473443736378 0.134333905542971
-0.0786965538782837 0.0577197562779363 0.0121892100557561 0.0832612046327407
-0.0161514348660709 0.0503869039031568 -0.0222500629781051 -0.0202441270225554
-0.0328144351806691 -0.0451268995973122 -0.0407404825094888 -0.00612640239889056
-0.0519806149671864 -0.0661909531904158 0.0644368868590862 -0.000573345500259942
-0.0158614366292664 -0.112871275149956 0.0779990705076774 -0.0248028150954955
0.0399454801450908 -0.120729560233037 0.0760792512281446 -0.032633986450013
0.228873052023156 -0.146226838938036 0.0523133924318341 -0.191182217031617
0.257960589118545 -0.0624277527232978 0.10983618168583 -0.130927352621498
0.183501946895628 0.0515634368893131 0.232787424290118 -0.0656488113009126
-0.00040619705695044 0.0311600030145267 0.269557403073943 0.179916294265029
-0.0757725514985918 -0.143091293565736 0.125138386557237 0.298707372459324
0.0319067680129376 -0.220094789226279 0.0111648906479658 0.160152330136431
0.107370913513845 -0.157685830934344 -0.0119930855512804 0.0487560620050571
0.0772409200064599 -0.112339567383132 -0.0474711992575725 0.0591887281994607
-0.027641806925362 -0.0870462415954855 -0.0598144208318501 0.0962621167881815
-0.0928952639264636 -0.0174088458120497 -0.0369537137753879 0.0397095859128709
-0.0597233299034762 0.0130448071910409 -0.066369605234478 -0.0393105909824804
-0.0133747860929801 -0.0313700531348379 -0.0609797018456701 0.0203520046093405
0.0229621029721592 -0.0781639290235946 0.0737675933117884 0.045962436501203
0.0689330070539082 -0.150793840669537 0.100979232472363 0.0301666276172773
0.100936182882179 -0.153458158751943 0.0862454553377401 0.0223419593766443
0.194015012771006 -0.160485936755462 -0.0399065220164541 -0.128745564098202
0.210032770986665 -0.114585489759062 -0.0458968584553384 -0.0887288208342665
0.120091845170937 -0.0094984504073329 0.0672189148153553 -0.0869839075458781
-0.00241137111906486 -0.00658808236775215 0.137554353305015 0.0649839188249428
-0.0798436640979394 -0.0868034358046303 0.0977642715443374 0.153301289755129
-0.0196523804067501 -0.153198655899358 0.0581893012606603 0.049786112518348
0.0703339392968145 -0.146983445146822 0.0420555155816701 -0.0188768824787579
0.0914979782181879 -0.125783052571469 -0.0192885689962234 0.0128659773616731
0.0212703227232079 -0.130046254807051 -0.0568881705755011 0.0377682891545896
-0.0762502286825369 -0.107216565556394 -0.0567669415513516 -0.0392530590383144
-0.088870427778228 -0.0399047377714422 -0.107532170549228 -0.101626099568382
0.0044491883325862 -0.00587855185650647 -0.130033421403297 0.0158431296023261
0.107033132518238 -0.0501941133541886 0.00568412421911163 0.0942144331940175
0.166105652791182 -0.153867120225565 0.0560528528075181 0.106336124276456
0.167992786315559 -0.161166444591979 0.056340743708322 0.0973388998216735
0.124521086750858 -0.149227604507029 -0.0900222810562277 -0.0601269075686893
0.131349194978909 -0.138735306468429 -0.127635429578714 -0.0304325573555432
0.0439806137202851 -0.0587226404869366 -0.0293502214877644 -0.059113070192611
-0.00187419223570243 -0.0223756049412351 0.0596643717941493 0.0184096156111812
-0.0749216888740357 -0.0123333603796949 0.0657167657314862 0.0676018415642063
-0.0679917041775749 -0.067615595737473 0.0584201204752686 -0.037650142676158
0.022257725310064 -0.113996456448551 0.0601540043520076 -0.0788197563484094
0.0934740450882832 -0.119584985690493 0.0113802923625001 -0.0352038189863845
0.071257008814028 -0.156135445574336 -0.0173349338343847 -0.0330331895707776
-0.0430540018130294 -0.181914093986888 -0.0374580872620193 -0.146556952443755
-0.106323461373955 -0.0808557476918373 -0.152551099139308 -0.22678897943495
0.0210072778856941 0.0334886036917471 -0.255068826319232 -0.0567230196386012
0.178878610238787 0.00533950435412447 -0.143060682834247 0.104250456629049
0.239409996641426 -0.123391487429298 -0.0608518466250499 0.173203858137363
0.211179399152676 -0.139404209805975 -0.0198540883494852 0.176944582879565
0.0499896783319452 -0.112195626976598 -0.0928347661999373 -0.00143558557605816
0.0488413856875624 -0.118937770710718 -0.126051718453951 0.0258836234131234
-0.0346109045995778 -0.0727326735096017 -0.0542334028984749 -0.00742931860001757
-0.00028498533105152 -0.0265993170492827 0.0276049319440745 0.0162414955949347
-0.0367915726728894 0.0523996082264866 0.0196116019886644 0.028868253419638
-0.0837389808289291 0.0169087211660408 0.013939519495377 -0.0948356536920806
-0.00881348575205937 -0.0710183004078632 0.0453459258374308 -0.12544254862491
0.0816996493006489 -0.0964209767435507 0.0424115461722665 -0.0805809609223445
0.0978526316827861 -0.15106970917188 0.0499309985259868 -0.104375430833326
-0.0129369845191263 -0.221875069989705 0.0180690674410056 -0.282792551559709
-0.120644532808035 -0.0965742822736001 -0.20538075245688 -0.426512869541958
0.0318145174804665 0.0827306783427887 -0.447001979477493 -0.217062234931634
0.223464923841527 0.0640927775879074 -0.376095380436278 0.066082937468582
0.260236301565633 -0.0786263969721611 -0.243859199665776 0.216602865033561
0.201424246159948 -0.0949918934368213 -0.124487542413678 0.245303189120718
0.0031591022207918 -0.0545467599919519 -0.067188089054164 0.0363035481498655
0.00256097123901191 -0.0632678637255789 -0.0662644150319779 0.052603596143356
-0.0688867065207544 -0.0450949900165224 -0.0142390462545206 0.0202548617217694
0.000384283188926195 -0.021254380728996 0.0376228924168091 0.0237488028759354
0.00819476215779498 0.0634168088674296 -0.0179400279117255 0.02666354218514
-0.0548647848529352 0.0521019495282371 -0.045254504219874 -0.109210773823654
-0.0100344633137232 -0.0287333944881231 0.0171806717487634 -0.149311606778263
0.0567791379513176 -0.0542256336829883 0.0692840882242892 -0.114263283616596
0.0821347769858472 -0.103912591133485 0.123323592682944 -0.162993974076096
0.00234963336800164 -0.18052172483984 0.088290464961406 -0.419323014041951
-0.107481025246344 -0.069590447320786 -0.254810040489727 -0.648293358032616
0.0296027494618602 0.0896025079670051 -0.667377839113149 -0.421408437966309
0.185499315003862 0.0752275510071 -0.661174620442151 -0.00274622915207883
0.189048400806919 -0.0421590388963359 -0.445944548555888 0.231135736973988
0.127560256290462 -0.0386858762661016 -0.223364249589366 0.289710197158136
-0.0319979968802147 -0.0165642170346848 0.172192219742351 -0.334685683107828
-0.0588820934795164 0.0287616358326884 0.466470395904334 -0.346307464342946
-0.0581376146202723 -0.0351161522503778 0.775379993273966 -0.189769541210922
-0.0271746247958673 -0.0541982506161029 0.88943525958125 0.258305288218189
0.0391130214556269 -0.0392981938895943 0.490855752316504 0.622384324495289
0.0201056440036497 0.00737930684914297 0.0382516021105411 0.485368226570346
-0.0114568277684174 0.0132224653413682 -0.0779741443235957 0.22915226908309
-0.0169017598506377 0.0137654194020283 -0.0271934284561254 0.136505527791872
-0.00911648403374469 0.0137867639272208 0.056458698485292 0.141441466001857
0.000635919453134437 0.0051650541442708 0.106181493396858 0.064998535442082
-0.0142648660457693 -0.0015543224092839 0.0261991760239716 -0.0375063808452793
-0.0175890174195739 -0.00413541368363115 -0.0589807942557125 -0.00834725586747834
0.0145779897101602 -0.00520798040781567 -0.0165620931847281 -0.00707850217076138
-0.0159545029867388 0.000285130818849651 0.000294660835557113 -0.0491691773914539
-4.50074816959255E-05 -0.0142986059514908 0.0214737993916548 -0.0729770875820145
0.0768794821369214 -0.0969981583593487 0.151303636217913 -0.325191317207976
0.116541128283318 -0.0296490494549108 0.418746719233584 -0.316382603203274
0.13298847920963 0.00217982444593141 0.696705770728528 -0.168393364643964
0.0206760202728537 0.0346402896341995 0.805955127862241 0.264931668558326
-0.0683475989220744 -0.0976932947909057 0.436072130144753 0.584059711462047
-0.00733412906467793 -0.156172806557312 0.0282496534827362 0.438716496810402
0.0310248629412444 -0.0895495078279632 -0.0715681542264798 0.206726658036763
0.00312510300061229 -0.0422931636164552 -0.0296643785077036 0.133176669064906
-0.0441550488255773 0.00686175221465119 0.0447221986053164 0.140768903004524
-0.017244473284553 0.0750528983361417 0.0881858910726459 0.065623597321248
0.0206653746071465 0.037115525606397 0.00630664484501386 -0.0271772422830207
-0.0469946608558813 -0.0240639541301983 -0.0536895212162565 -0.00369046743837923
-0.0644071881031573 -0.0121666413463325 0.00642782894786622 -0.0143170034885253
-0.0580755375056595 -0.0409837756477525 0.0138646732154455 -0.049147873702637
-0.0135137975604549 -0.0689823867989713 0.029040755022694 -0.0693520016843411
0.151410646434747 -0.163547109237058 0.0777087836320362 -0.27433424679903
0.219082762158973 -0.0851443427118908 0.244752530844138 -0.243039833882464
0.218691164811277 0.0168997128563732 0.439064421117908 -0.14842582660409
0.0260052874961495 0.0623211659127002 0.547849167335237 0.181781296026227
-0.120073934801472 -0.127353309761481 0.315951445293959 0.420521648409329
-0.0269663443279983 -0.237288255677945 0.0373282048122325 0.296083544391578
0.0545746490106871 -0.160024487091326 -0.0378419379595396 0.136408166078148
0.0204841025966651 -0.0912169872337642 -0.0287578595550626 0.109834591929583
-0.0614792313406044 -0.0195910582034427 0.0118679842833757 0.134724754081285
-0.0532734265917597 0.0783529105331588 0.0395288435019106 0.0715310316697969
0.00194923588539075 0.0511206059504033 -0.0261170249559942 -0.012327934299473
-0.045209840298204 -0.0321261552015757 -0.0381683378778344 0.00943486717772505
-0.068023440974106 -0.0472035059041702 0.0602693864636497 -0.0184158498103714
-0.0471983164483486 -0.101386572571985 0.0628373282502938 -0.0452646073383902
0.000724781270355281 -0.124363185611157 0.0588068290426063 -0.0508185995574552
0.167600563828163 -0.202141515100693 -0.010408933772015 -0.197377748914284
0.221283500176201 -0.135233444549784 0.060706663824846 -0.157984235488257
0.187828367856589 -0.00802614341433447 0.194076077497237 -0.1355963888024
0.00954133626556502 0.0303186986217779 0.305770664041893 0.0784409546201396
-0.117919435082301 -0.107244996653621 0.211990657599909 0.237460309203915
-0.044184038846535 -0.213113624741238 0.0603402091758056 0.14453240743165
0.0465569227440864 -0.178317759098689 0.00416431668069751 0.0480032680570552
0.0329486128339315 -0.127064397738966 -0.0244521629681797 0.0703858581931316
-0.0532316289171026 -0.0684889466861887 -0.0240170902069724 0.107973912614052
-0.0912997188829851 0.0142291216896362 -0.0202523034295896 0.0475272478759917
-0.0521666393683613 0.0312017666494552 -0.0732575941183338 -0.0154417063425983
-0.0209980472666743 -0.0244233469329723 -0.0493048298288531 0.0390948238129916
-0.000377924758088778 -0.0805271690045507 0.0820258586239175 0.0206651427785346
0.0199692572391314 -0.162830427072262 0.0981639393308716 -0.0012871828746569
0.047305639525178 -0.173741709879324 0.0840893489808675 -0.00327835809342708
0.131329935182602 -0.206851988859858 -0.0771831633410994 -0.109043087688014
0.161076437146438 -0.170779582028639 -0.0704964031288417 -0.0694341996541387
0.110762484113074 -0.0466372599374872 0.0331238329128596 -0.104199299645423
-0.00348723488457221 -0.00474483895048191 0.146996347654282 0.0140289350361771
-0.10181000368654 -0.0536356707608755 0.139368521254119 0.111808794587581
-0.0687010509274247 -0.134128348982738 0.0683771448762609 0.0285250313929127
0.0157126569294362 -0.156933380912431 0.0317209569861 -0.0312974474560534
0.0431534635709054 -0.142741719360841 -0.0142465964698187 0.0190186730038309
-0.0227744004119777 -0.125653310836132 -0.0413010432373622 0.0534530354140845
-0.106774117611137 -0.073999800584717 -0.0645559495087731 -0.0175820175626071
-0.0961302103889668 -0.00740961301987864 -0.131682044610215 -0.058781808068952
0.00354980850032201 -0.00530930405640232 -0.114691965174762 0.0572414445079305
0.0863753981478581 -0.0802544183244699 0.0337746404845333 0.0859723650792377
0.109923076711727 -0.194326859674036 0.079180204501294 0.082250585289281
0.108005675347646 -0.201618404792659 0.0775515580283571 0.0752271466679209
0.070912874316279 -0.176107840405383 -0.102342449005263 -0.0297159398519253
0.0807831156294119 -0.170909988252199 -0.12821985088787 0.0116681534143743
0.0249727937891233 -0.0680448119714637 -0.0471848556598173 -0.0461301663706668
-0.00760351978030286 -0.0198384657881153 0.0596697473250444 -0.00409682785066231
-0.0728029110978014 0.012655358233351 0.0822272081218279 0.042682526424989
-0.0852320262953789 -0.0393982398902271 0.040503713769644 -0.0516000521890971
-0.0177470032612242 -0.110648336341819 0.0286025315233869 -0.0921040909447049
0.0461650236285601 -0.139019627271573 -0.00231620330419183 -0.0351558666875499
0.0136838744749228 -0.166323001456803 -0.0303820469147175 -0.023015566846131
-0.101521128099854 -0.153395463554866 -0.081514106598473 -0.121630122138572
-0.126513285588938 -0.0389393317358165 -0.213608969761111 -0.160630096475347
0.0308238453716141 0.0285138467697219 -0.255521346852397 0.0286358834573745
0.170413565083971 -0.047696439943757 -0.101428068274319 0.139137797624841
0.187805759471514 -0.188418045878276 -0.00824565478976457 0.177960090003835
0.154941351224961 -0.193049936713959 0.0316011727907097 0.171885944146033
0.0135819112000585 -0.118665399033587 -0.0875788386572583 0.0259551339199753
0.00940682029889016 -0.127567068196605 -0.109530944951375 0.0639964869032701
-0.052986106623047 -0.0572213897094164 -0.0535411720062016 0.011469908698963
-0.00883506918680616 -0.0251373067178799 0.028342343469895 0.00567958194666584
-0.015771380621029 0.06069000969652 0.0273966456534936 0.0202640491471616
-0.0708759600463186 0.0438263811909229 -0.018478393996921 -0.0903114351193314
-0.0310932171834531 -0.0614634066497928 0.000295555182506461 -0.129586616056762
0.0434745518751328 -0.111779576647594 0.0106129757751003 -0.0860057982950965
0.040415467319926 -0.171100696432752 0.00886830096607706 -0.110669025829178
-0.0878834011621514 -0.201061859971158 -0.0755484648811979 -0.264462055600345
-0.147859347782362 -0.0473299084562343 -0.328901746684861 -0.328112985122431
0.0540394454714313 0.0741514348789458 -0.484597759868279 -0.0608270843250884
0.228600271737292 -0.00418665846812568 -0.331632607253959 0.174737839528641
0.221108609283226 -0.148975131890792 -0.164893162269347 0.273932318226772
0.162639238102159 -0.148148715168952 -0.0447017523348181 0.265770183890985
-0.0136607090408109 -0.0524807115031896 -0.0517689496534466 0.0543641492012793
-0.0161046062060564 -0.0605021328372183 -0.0448209895266206 0.0703257875845606
-0.0782647412440222 -0.0210733662358174 -0.006102815603363 0.0232233832259057
-0.00761419274669602 -0.0202918340579008 0.0393801381211527 0.00939893456127347
0.0291447967585856 0.0554017615974715 -0.0075145709616132 0.0284414997204143
-0.0337448623938703 0.0661554175294016 -0.0756381505673618 -0.0861504368641202
-0.0184848870131682 -0.0239205055711338 -0.0333483117315127 -0.142449403015141
0.0342473363258887 -0.067989987464792 0.0245794332168725 -0.126671024599081
0.0403323498712561 -0.122389221638802 0.0566632992165596 -0.189324175749063
-0.0623368847980817 -0.168259579878767 -0.0558875583288163 -0.410921904222197
-0.128331020391305 -0.0261332672614215 -0.445303212391115 -0.51963714783131
0.051743206460209 0.0841069589629904 -0.754766777238346 -0.182289623716265
0.196394356262603 0.0211316854905529 -0.618792553160786 0.198573163942011
0.165534051812717 -0.0904215858647627 -0.348643034839489 0.350727737068372
0.111306051960406 -0.0734493551406047 -0.121589572287987 0.338020918370247
-0.0310036796064545 -0.0154511354002722 0.158220539058219 -0.329987700398717
-0.0561342710150438 0.0295851332845422 0.442136151094764 -0.354344371352749
-0.0584312216173394 -0.0332931991289372 0.75152607697192 -0.216427181335838
-0.0284684984304914 -0.0521538313872846 0.879089631306048 0.218651930510145
0.0379504827689626 -0.0420868636829855 0.510751810713006 0.584652637892634
0.0204530046608618 0.00685743811014734 0.0648448728980104 0.471267058742767
-0.0100741595088537 0.0133916572349472 -0.0604052692143418 0.225308893321804
-0.0161528715867692 0.0135079786544935 -0.0182047052210604 0.133314802596489
-0.00836741775829519 0.0141724412521505 0.0618107022335025 0.13441653024606
0.00202973127509729 0.00554014859298687 0.106241961780837 0.0594623777456613
-0.0139970978632969 -0.00125865933842728 0.0232851905541385 -0.0369391066619768
-0.0174158447563531 -0.00433603299685662 -0.0583672218265621 -0.00535874783730848
0.0138455529626693 -0.00538596554659977 -0.0173346158025805 -0.00687902336148574
-0.0169894223204996 0.00095757243410313 -0.00235157279885377 -0.0472433967350521
-0.000247126234426201 -0.0135218578081146 0.0185702928310002 -0.069510170957673
0.0722326281139049 -0.0963646365536338 0.137129793176725 -0.321260697275561
0.114077813503637 -0.0334625276815978 0.398913440692231 -0.322797031484896
0.129830376968995 -0.00365783070156128 0.673913684749232 -0.190223366251929
0.0231160249485033 0.0346851549450915 0.795372518680559 0.225297712455622
-0.0715273272047445 -0.0918848777176046 0.452136878357893 0.548302327022838
-0.016904306610701 -0.153473975476064 0.0515088036791911 0.423066263984537
0.02392744336812 -0.0891653148578315 -0.0563325833669089 0.202941551334925
0.000167962289263043 -0.0413111834074752 -0.020670986866133 0.130090214395738
-0.0427559703953848 0.00957310113576403 0.0507865579049403 0.134094748187707
-0.0113474570427158 0.0745010516336303 0.0875839573548872 0.0596190763636264
0.0221656652561664 0.0338084931021196 0.00436441458638895 -0.0261618298598565
-0.0472629669990225 -0.0227876143348977 -0.0513005556602309 -0.00174170126361148
-0.0627393432644396 -0.00907523462297971 0.0051599067726868 -0.013273673901734
-0.0579848545033116 -0.0387751230837715 0.0105332788242924 -0.0473655704400253
-0.0153030061598581 -0.0671097233710311 0.0260919260419409 -0.0677271737645929
0.142760289973316 -0.163963795923503 0.0669799794115013 -0.270806020118989
0.2126227804949 -0.0909152659505459 0.23150458615695 -0.245535162645309
0.216172350710007 0.00802530938019047 0.424362392853591 -0.162583594641919
0.029660991509682 0.0620755483665759 0.54171441977123 0.154317776851561
-0.125415204277255 -0.116695506305546 0.33049419360773 0.391727581413784
-0.0393339833599715 -0.230537060355818 0.0528431557001221 0.286262674124453
0.0431100418161087 -0.158079043409886 -0.0282228190377726 0.13302427604996
0.0137808158207094 -0.0884275815971108 -0.0214968407721808 0.107029580570781
-0.0604875092191758 -0.0149113753971961 0.0189780547295734 0.129730031441033
-0.0470296453220738 0.0790912931061417 0.0416045904464673 0.0672616920788238
0.00416144564356985 0.0489480021364208 -0.0269956267085401 -0.0106757152270524
-0.045481937600075 -0.031191770273293 -0.0357992484815776 0.0107833767234896
-0.0667294030226152 -0.0425988610555475 0.0582202048579562 -0.0200494266421735
-0.0487890619129908 -0.0979479320952539 0.058419878570979 -0.0457914747744557
-0.0028832413268812 -0.121247280527362 0.0559681810985676 -0.0500350838667295
0.157361516192541 -0.2017104333088 -0.0150536948283722 -0.192863559596416
0.212568479692536 -0.140692914811488 0.0549331564127179 -0.156089078141467
0.184737892048549 -0.0148572645181934 0.1842727933539 -0.14074515626285
0.0123660336027442 0.030123474496106 0.30183077440973 0.0626036882436594
-0.121150466001487 -0.0973922895403432 0.218643373153874 0.221833077547485
-0.0553342664098785 -0.206009407217514 0.0658179283900316 0.138037689405989
0.0340863249190814 -0.175453523835921 0.0090364620369044 0.0458064976924644
0.0244448833411986 -0.12263917104774 -0.0193863384215973 0.0684884948290986
-0.0558162231324566 -0.0632286634187324 -0.017122198305421 0.105502364397521
-0.0888212399329259 0.0183780351653331 -0.0172539193054641 0.0459554069623418
-0.0492077895852717 0.0318037117467158 -0.0717489350253468 -0.0113859801976294
-0.0208826352777351 -0.0234476111825582 -0.0452718660120047 0.0415678028486398
-0.00118959954733745 -0.0790173547051781 0.0817357006650733 0.0185133799906301
0.0149068251290259 -0.160559175162912 0.0934720973630717 -0.00445503833291647
0.0409521647272843 -0.170343123160163 0.081240403398677 -0.00437905340093633
0.122689995244969 -0.204909227867583 -0.0769623531608954 -0.104463402158123
0.153188463011853 -0.172043107697478 -0.0697140488141696 -0.0654801841913001
0.107737824653817 -0.0489726745278914 0.0274876006575442 -0.103656314912296
-0.00302518434215924 -0.00424119027859081 0.142508097298119 0.00609405970599057
-0.101941542934547 -0.0464558160239271 0.140356465163444 0.102922597700144
-0.0747192510221016 -0.126756029510063 0.0666031624658225 0.0237892125030712
0.0057585814107934 -0.151985194428419 0.0306109841933958 -0.0328288564279848
0.0317878323648912 -0.139438295386987 -0.0141219074140173 0.0191125258192228
-0.0291629069623918 -0.119391878508078 -0.0383764398831282 0.0547698439683212
-0.109040458017657 -0.066065443674955 -0.0631404677808258 -0.0152381009925353
-0.0946209760069107 -0.00238153665851819 -0.131081126973738 -0.0513326586511249
0.00448165171671712 -0.00515209906042842 -0.108917922603332 0.0629559729678533
0.0834364132855044 -0.0820192638033014 0.0360271096909304 0.0824708598555773
0.101847997434947 -0.193048269655655 0.0774480852414289 0.0778212788319131
0.100016345153355 -0.199168327903573 0.0765849052452115 0.0714201925148393
0.0634524658754595 -0.173797156298579 -0.100375283605313 -0.0273238370881076
0.0742773838617246 -0.169127905723062 -0.122940712276129 0.0150755538029205
0.0242461896099462 -0.0672011679567912 -0.0491994304160019 -0.044511453803735
-0.00781776941640349 -0.0192011529697249 0.0554613645230194 -0.00748996799483448
-0.0707971867406119 0.0156532681687253 0.080774673560149 0.039023105503916
-0.0857811132103527 -0.0334077996855904 0.0363713562235009 -0.0513569445976678
-0.0242317321952306 -0.104984401241376 0.0235227788544294 -0.0909276373132101
0.0359144093087647 -0.134647467359132 -0.00471105450118316 -0.0331790982675479
0.00324443379944064 -0.162371180662247 -0.0315328982236676 -0.0198904897771758
-0.11011907996943 -0.144319158285279 -0.0860518075116832 -0.114743510512533
-0.125692040584654 -0.0311865260702286 -0.216572650848915 -0.147265682077741
0.0319535615472053 0.0274068468818489 -0.247123731462352 0.0421151306636659
0.166516418124467 -0.0524767278874496 -0.0953603190228935 0.14028358849433
0.177883165840316 -0.189199230131675 -0.00447385390639975 0.173959606314177
0.146580200808007 -0.192702798753091 0.0350084842858174 0.167249099469797
0.00972957667229213 -0.11566345452847 -0.0839115671086636 0.0269788246172024
0.00524613807029845 -0.125013583868375 -0.102949890793102 0.0649723660871248
-0.0527044115403766 -0.0540660801475513 -0.0525607857887527 0.0118251546442289
-0.00950213559273811 -0.0247659538026284 0.0254303850498469 0.0034584063083746
-0.011081164028548 0.0594730817206947 0.0271954399920028 0.0182223462587933
-0.066983096245549 0.0471547490275272 -0.0224751853017697 -0.0855664931055777
-0.0350055379393329 -0.0553279702853289 -0.00620225847717783 -0.125272483651662
0.0357973238080374 -0.110911795385612 0.00439783231671296 -0.0830982126763024
0.0276040388793754 -0.168209070461745 0.00065838816532554 -0.106849848002748
-0.099538292651033 -0.19149186691299 -0.0886972666922319 -0.253424979490651
-0.148322924744809 -0.0381407008647429 -0.337237739178113 -0.304330332585398
0.0574986429565601 0.0725103918750157 -0.476432141905916 -0.0364352776494634
0.224460179542568 -0.0118010159394117 -0.318141009147357 0.184158401105537
0.210120972615708 -0.151988576210698 -0.152704363691102 0.273670297431459
0.152534623788455 -0.148141882611826 -0.0354465463493025 0.261506061888257
-0.0150558362605506 -0.0502309320713036 -0.0486185446086301 0.0537461368612858
-0.0167654248784164 -0.0581437975208181 -0.0405139690125598 0.0694814635250227
-0.0765728057194994 -0.0176495486352134 -0.00450445965789281 0.0211101039777032
-0.00828571527094508 -0.0196286283819822 0.0373204404036497 0.00718833422578552
0.0325174661938991 0.0523444523446333 -0.0057832623617304 0.0264133169246201
-0.0288060741329028 0.0666649128863437 -0.0774884505185481 -0.0794098864080608
-0.0198173353680983 -0.0212477239083126 -0.0394915280839888 -0.135778656196019
0.0293615589343051 -0.066073194468034 0.0150784566200454 -0.122496445162731
0.03188271457862 -0.120940701864523 0.0427540501224444 -0.18603469621178
-0.0720374715554303 -0.161349272267804 -0.0775014244274851 -0.396984245470773
-0.128689393746916 -0.0183765360086629 -0.460998433159791 -0.487909115292579
0.0545762398114958 0.0825678725311996 -0.74749537571973 -0.143023104866513
0.191766472633697 0.0150019053732224 -0.597835821302941 0.219931530249523
0.159020672597201 -0.0947246344202014 -0.327848350363063 0.356376508185547
0.105753872744699 -0.0744672408236351 -0.108808969057752 0.33333665866563
-0.0301215533723024 -0.0142141116484212 0.144568983863148 -0.325397325453241
-0.0533483262093978 0.0304376349917958 0.422462834944264 -0.35947462467617
-0.0577973349700272 -0.0324597269097184 0.726093675033707 -0.24033349394392
-0.0309207921829018 -0.0507849434998255 0.868324451406462 0.178463591879291
0.0374578846171599 -0.0434787781364973 0.524542325956122 0.545265233837447
0.020320043983334 0.00516078908654876 0.0897487420261352 0.453966142088321
-0.00874694464520083 0.0140990050254271 -0.043577920290886 0.21931649887809
-0.0141408619225951 0.0125698838298795 -0.00959849288188084 0.128518963888995
-0.0076863609656255 0.0139986131997538 0.0652809515976626 0.126199412244441
0.00239945432781022 0.00595442349559905 0.104230201209381 0.0533552638234998
-0.0142952481156171 -0.000161299740203467 0.0214320669972283 -0.0351467101971165
-0.0171296773519993 -0.00351131163056235 -0.0566191059229623 -0.00267267167941952
0.0137431661243197 -0.00648135589565622 -0.0178457636820911 -0.00412667164491325
-0.0164143202579101 0.00289651598203313 -0.00360846474242454 -0.0452265851149277
-0.000689561417591989 -0.0145813533235895 0.0172983785781985 -0.0673150951459718
0.0683584536113424 -0.0953457529256709 0.125826214375393 -0.317541535889631
0.111091304257887 -0.0347989506904144 0.37973718724695 -0.329309587750764
0.127991159699853 -0.00862572574856982 0.652830220506468 -0.212997335197534
0.0239493614436297 0.0327322615981469 0.788700018737489 0.189514250262714
-0.0744620269686052 -0.0865060562605143 0.467767794323851 0.512528974100165
-0.0248420046033675 -0.14893547687428 0.0748233762582256 0.408251098683575
0.018658549878039 -0.0871917118265269 -0.043016522527148 0.19787714838945
-0.00264960274610075 -0.0404945836025823 -0.0110196307544567 0.125577636705447
-0.0410062677171845 0.0132965217398345 0.0556913558172357 0.127727216197845
-0.00701020003747995 0.0736898146925822 0.088100829426007 0.0533998894498284
0.0231578246607977 0.0314719919066063 0.00320755422718547 -0.0248529142413161
-0.0479980998345959 -0.0221266229557833 -0.0502932643469131 0.00174859335867541
-0.0620238293046768 -0.00756367630231552 0.00384353617133825 -0.0127877500988438
-0.0582386795077358 -0.0375106399234896 0.00751276332603365 -0.0465058439208542
-0.0163410058492507 -0.065386345200531 0.0240158834956772 -0.0647280241794448
0.135359919167889 -0.163847218752443 0.059720660938706 -0.266163340263273
0.20518538018707 -0.0957078657289984 0.221057668421723 -0.248291553375477
0.213145552739936 0.000165307906977986 0.409193313688911 -0.174778450456605
0.0329834570660389 0.0613596712911247 0.536015692096537 0.128512682041708
-0.128326772114378 -0.107459199808255 0.33955867714928 0.368447687965381
-0.0518260076481913 -0.223543915251955 0.0669009025863565 0.274885555199739
0.0320064650997694 -0.15547093403121 -0.0181919986320888 0.129315701391375
0.0080870989545738 -0.0860187007096926 -0.0149000402491458 0.103453508403145
-0.0605502144586413 -0.0110480327028296 0.0250302693283179 0.124484431464484
-0.0414227484439875 0.0788779929278377 0.0429011846871886 0.0624616888693377
0.00556017428842296 0.0458658449033151 -0.026654510663339 -0.0084538373413612
-0.0453067955530144 -0.0296985727477748 -0.0338326258532443 0.01155448521826
-0.0661181138147431 -0.0407648268523015 0.0567011901982732 -0.0205502782705188
-0.0498564097971697 -0.0953946321251128 0.0533503720414574 -0.0469791557178708
-0.005658433318554 -0.118555101395124 0.0526152629002034 -0.0492443477943435
0.148361370321088 -0.200651742322684 -0.020242163771285 -0.187410879238547
0.202899467532976 -0.143367507123156 0.0504531413931319 -0.153522377633981
0.182889316564101 -0.0208785862116392 0.174908308444005 -0.144341816281147
0.0144081904136651 0.0296382522899245 0.296130988204218 0.0471793484322761
-0.124635536448752 -0.0887753833717525 0.222370082124348 0.203916223852803
-0.0659977499268326 -0.19900058439125 0.069975262070176 0.129876603990174
0.0224590040202548 -0.172315586639677 0.0114116412069702 0.0422889267043573
0.0168131728169775 -0.119426956267855 -0.0147740807749706 0.0658637667163977
-0.0586872952652047 -0.0570514744646463 -0.0120875015167955 0.102157156267252
-0.0859559742708637 0.0222123178292792 -0.0137765532400647 0.0449636671181238
-0.0464719783747326 0.0338827519938561 -0.0702733008120846 -0.00909790849845501
-0.0200834216021473 -0.0221207255055607 -0.0392669319520792 0.0432794292078752
-0.00278318339503912 -0.0771104642241499 0.080166195907438 0.0145801774532006
0.0105862089008854 -0.158066915081867 0.0888744601653331 -0.00669288944523319
0.036164637106457 -0.166607182085069 0.0784661400682565 -0.0052518934075447
0.11311077642289 -0.203247666544977 -0.076953805655805 -0.101413539895791
0.14526736010885 -0.171801719439291 -0.0682014230481736 -0.06222961231061
0.10559113910676 -0.0510556339552695 0.0231229500973656 -0.103600214691061
-0.00253660638771732 -0.00284345856067348 0.13814566734188 -0.00184705686246592
-0.101923252025996 -0.0405433124165726 0.141232234528487 0.0937435692656915
-0.0809411153866428 -0.119727776951629 0.0666224145139434 0.0212909893303602
-0.00450281013202815 -0.146223849003133 0.0279549241521705 -0.0342950257250271
0.0246997494565669 -0.134533385363672 -0.0136623833388221 0.0187081270897855
-0.036852585789965 -0.114308426834409 -0.033917208410641 0.055326379542117
-0.110132432570884 -0.0588960021198348 -0.0623262983501211 -0.0123195931217778
-0.0936238796098343 0.00140417146345858 -0.129535876655637 -0.043262964111233
0.00656890046298574 -0.00602423223976317 -0.103146640113995 0.0682790291678177
0.0811177390570042 -0.0825487523803606 0.0389535826883847 0.0785671318177261
0.0928105970407611 -0.192695342752136 0.0767458860122791 0.0729855961560757
0.0928436654571949 -0.196333458920737 0.0745525437927754 0.0686044035117842
0.0578599714382937 -0.170523543472229 -0.0980931791889734 -0.023626846927489
0.0686761608736638 -0.168968216091017 -0.117917952839323 0.0177539222686304
0.0218478754353545 -0.0671949041504385 -0.0512876017626865 -0.0429867485316374
-0.00867137189717617 -0.0175116684920146 0.052202276107974 -0.0101958638262979
-0.0675733598780244 0.0178173469704547 0.0792020970151444 0.0350274471460938
-0.0852007362810774 -0.0287995156331056 0.0330064923244389 -0.0505187435271445
-0.0301715322145377 -0.0994625195379296 0.0175717027229053 -0.089920101946907
0.0283481106439001 -0.131263249136779 -0.00814001310808321 -0.0318470122651214
-0.00616137698286953 -0.157520418898686 -0.0322491579440084 -0.0167795049083165
-0.116699519642096 -0.134251899838314 -0.0883509568297566 -0.108201133025812
-0.126165323267948 -0.0239005795221156 -0.218304067037083 -0.132692313104853
0.0337233825879075 0.0272779071683511 -0.237840012924878 0.0506074679057971
0.162655024608306 -0.057551459807238 -0.0881491630465981 0.140811601779591
0.167958528361002 -0.191156185018876 -0.00114314910972796 0.169059285163626
0.136740735687329 -0.192013309960726 0.0369128977092277 0.163221777455148
0.00593574462575049 -0.114498413337861 -0.0803725225560557 0.0273927351464535
0.00386445260045346 -0.122429725377582 -0.0970847805460978 0.0678027709291672
-0.0519835119109927 -0.0501097363816787 -0.0514795594448973 0.0124135720522358
-0.00922598112919947 -0.0237814879775343 0.0227868567765628 0.00150671168840507
-0.00792852280466611 0.0572927942388656 0.0271561532824908 0.0163976975911587
-0.062121275823539 0.0508807924212646 -0.0263651050393117 -0.0810582560914346
-0.0368269834303169 -0.050179050475001 -0.0120494550902256 -0.119769866414479
0.0294104212285731 -0.107351323653747 -0.00130074634989966 -0.0791079628170102
0.0179198404658889 -0.165200712196586 -0.00766616682030665 -0.102887446835158
-0.109651404349884 -0.18108255195397 -0.0995910167019031 -0.242358840816136
-0.149241893897277 -0.029752653971737 -0.343029174581795 -0.281529398089792
0.0602402454597367 0.0692551579269617 -0.466199613955074 -0.0147949935419721
0.219372312656739 -0.0188517453214888 -0.304701878769319 0.192165430252075
0.201268586863584 -0.155171173582173 -0.141690319494336 0.271410894050842
0.146915242422241 -0.148323646143618 -0.0274671780550948 0.258235927347206
-0.0156881449297281 -0.0496440250751834 -0.0460530821027575 0.0526029965291976
-0.0166075655361687 -0.0575829416409534 -0.036167320101083 0.0692479325264345
-0.0752627365907156 -0.0139309830416007 -0.00512462375643298 0.019711754932733
-0.0097935672808232 -0.0183917369607559 0.0332618848480059 0.0046950171015149
0.0336907063838524 0.0495817305601878 -0.00506441495035847 0.0238584132236149
-0.0243989306081941 0.0660231651246594 -0.078843556388839 -0.0733820152457559
-0.0199707906555298 -0.0201767060570171 -0.045165821443049 -0.128321040046165
0.0242185834138751 -0.0651520813509286 0.00614515724458237 -0.118602450485288
0.0239193398666367 -0.11865587263451 0.0293725136672634 -0.181388516118215
-0.0795894073921455 -0.153038496058437 -0.0980474131984964 -0.382898440508961
-0.128692001649953 -0.0105787438147507 -0.474991398617701 -0.453009540379959
0.0581550841580019 0.0814021593804045 -0.736548424961707 -0.109834901642389
0.189216155998334 0.00704708447869704 -0.577715329317955 0.236283479053499
0.152383535708487 -0.096988822350718 -0.310405007381504 0.359720261599566
0.101954521216436 -0.0745325685013348 -0.0960331509222963 0.329550402972619
-0.029523186516211 -0.0131015909297256 0.133068987018384 -0.323018138403415
-0.0505663994536014 0.0296481561013646 0.402522678303231 -0.36532275157766
-0.0565593842737716 -0.0295377915961772 0.702883232035766 -0.260634975016982
-0.0298740540936292 -0.0489041149556056 0.857795368623947 0.141140889656855
0.034036282879357 -0.0453794436521972 0.537673155943413 0.506083057616491
0.0215807459712892 0.00338598843888939 0.1109418606737 0.436950231353185
-0.00756214692352133 0.0146664803539638 -0.0299457416916219 0.213867460717332
-0.0142132245655469 0.012297100952004 -0.00187575980548554 0.124161906383855
-0.00717085339540947 0.0129391174773412 0.0687709494989145 0.119489078149876
0.0041178733495018 0.00472011547704631 0.103796578802492 0.0473447383603323
-0.0143163797074922 0.000794342028422932 0.0190120429160789 -0.0337190823233718
-0.0148133753278199 -0.00359417464542075 -0.0551484468306238 0.00154700572503157
0.0123653293600213 -0.00793421949382718 -0.0173662376203289 -0.00416015795010336
-0.0166835393223141 0.00180970864818738 -0.0059840987781781 -0.0435253129280689
-0.000224130013877556 -0.0128020934337507 0.0148893037785197 -0.0648443430727682
0.0633713566676075 -0.0948296186923237 0.114146676381698 -0.313155022000984
0.108125441528081 -0.0384082692375215 0.361227341336412 -0.331997722443861
0.126038723474787 -0.0120888970238299 0.630608825065946 -0.229213649000866
0.0263027614266697 0.0320855463414178 0.780091923317425 0.152937562135624
-0.0766842062721836 -0.0802015624102361 0.480769056577669 0.479181862736002
-0.0316313937446552 -0.144245365656322 0.0930385833044432 0.393591338819802
0.0141923369599024 -0.0864292227718371 -0.0293199144954765 0.192686542532615
-0.00547823043649183 -0.0391980405550546 -0.00398303310532611 0.121602465808267
-0.0403160135160944 0.0150876579232606 0.0601582323334623 0.120395953486816
-0.00178201876762636 0.0711193093569513 0.0868907677127507 0.048481194177347
0.0237564368978173 0.0275817207243041 0.00309457098222066 -0.0235475254829902
-0.0475616239778275 -0.0208709579955462 -0.0484166738292868 0.00335323985586487
-0.0605038719071372 -0.00587469908024781 0.00353749046039821 -0.0122615025699685
-0.0565618320358731 -0.0348329164683353 0.00550935454901584 -0.0439726287941719
-0.0165460090487864 -0.0627368195538103 0.0222678334113037 -0.0630606377070536
0.127681485310742 -0.16186289551907 0.0514239807600266 -0.262158655853729
0.198296173130444 -0.0990164778373187 0.208948766390906 -0.247240421895099
0.209415775369465 -0.0076498165223308 0.393777301134361 -0.18462249115675
0.0363555524629342 0.0593471647445661 0.530243105677936 0.102787820757337
-0.130579345019401 -0.0981801617636747 0.348209083753053 0.342891375807156
-0.0630591671062196 -0.215438927697398 0.0788763997977593 0.262720225009844
0.0234394590553092 -0.152553185501506 -0.0104977100587808 0.124167561692003
0.00249491378043395 -0.0829996671801044 -0.00855857780014272 0.0998066282501018
-0.0593894047405456 -0.00521735340817618 0.0290525979999438 0.119229974488228
-0.0367949960117249 0.0804817408631089 0.0447032156156044 0.0576027394156016
0.00752881831972118 0.0446985491069069 -0.0259062655544235 -0.0080146888319775
-0.0449385878717698 -0.0269506225564107 -0.0308809623108381 0.0134973394054703
-0.0637022701447749 -0.0381127547829208 0.055027153006611 -0.0223718814262203
-0.0508244484756166 -0.0920758520617737 0.0496746223061735 -0.0463828576469897
-0.00811312671761308 -0.11532019754821 0.0503681361769305 -0.0480178509539772
0.139207011899188 -0.198474741364104 -0.0218721402253184 -0.183055034855995
0.196754162008169 -0.146226698898013 0.0462001765172272 -0.151390375070515
0.179266932020856 -0.0265105309702771 0.166022957348791 -0.147470996713362
0.0164393961580392 0.0305756026934671 0.289909983565794 0.0336767870771478
-0.12516625729122 -0.0804785073023654 0.225841609498587 0.190959794561686
-0.0749835400264243 -0.189771172005363 0.0749856334153099 0.123628584570213
0.0127454038377542 -0.166946656406603 0.014168004402041 0.0392984678361134
0.0101552552942327 -0.114570478423126 -0.0112979716740678 0.0643784684229116
-0.0599541903181176 -0.0520786702442256 -0.00720573800378658 0.100913181608627
-0.0832817056376074 0.026894815798737 -0.0116720999367853 0.0434587910515063
-0.0451468811414841 0.0343976343823473 -0.068721909459346 -0.00532316300852918
-0.0206482570140405 -0.0204237619187197 -0.0355995921296189 0.0451565924725588
-0.00370555074235144 -0.0754154111365038 0.0799963096760029 0.0124007319339455
0.00765914050304977 -0.155096092505592 0.0858121657444196 -0.00923003118399903
0.029886169759562 -0.163016441369329 0.0754009453553197 -0.00575264327939139
0.105472849620817 -0.199888718361773 -0.0770599522958109 -0.0966921544821709
0.138934591351243 -0.172873421429355 -0.0672759270702786 -0.0576591726115824
0.102474734435967 -0.0546091587947518 0.0186918253240368 -0.102809288181443
-0.00135254599812488 -0.00234251246496896 0.133052410680553 -0.00743014137670363
-0.101523756849718 -0.0343540515490389 0.140342299573643 0.0863396389115939
-0.0847988640995193 -0.112664648746941 0.0630563369866074 0.0183737551699772
-0.0114861657148825 -0.140685884379415 0.0257977513293173 -0.0347495191692371
0.0152844811920999 -0.130147880839615 -0.0118524424930872 0.0187402085608278
-0.042166024964582 -0.107747441805279 -0.0310998387840802 0.054638647049514
-0.113454458580561 -0.0518348376960002 -0.0601052879926814 -0.0109364359512796
-0.091712286974754 0.0066788731789003 -0.128171206978905 -0.0379053584792245
0.00578184683897308 -0.00399662901828471 -0.0968128302130846 0.0713968265383544
0.0783675141688838 -0.0843156816612338 0.0396104281171926 0.0765386790383196
0.0867812216033509 -0.191090043425999 0.0748670834752021 0.0693003144404857
0.0851780313485963 -0.192891565998612 0.0748869794544087 0.0664504946869602
0.0519394561213321 -0.167650167563202 -0.0946290914024895 -0.0222079571043086
0.0634287229167805 -0.166539843278378 -0.114416810378585 0.0208686687919381
0.0209560125860671 -0.0664646075621134 -0.0528158319903887 -0.0405381788201085
-0.00762722008699506 -0.0184453282291388 0.0483189192270792 -0.0133636940845167
-0.0648770909806054 0.0203943367725218 0.07805457104477 0.0309390369273808
-0.0854251541445188 -0.0224960057780035 0.027935398290443 -0.049675354759208
-0.0339017852464629 -0.0930383414440391 0.013242396806813 -0.0884393267465481
0.0196648731681209 -0.126551081454826 -0.010278487473248 -0.0298352150297052
-0.015416463296031 -0.150729287508688 -0.0345923066903361 -0.0127535493009794
-0.121328780682431 -0.126325602707702 -0.092096163076851 -0.102423987519939
-0.125968073556108 -0.0174754700695563 -0.220022877928382 -0.120040552987865
0.0348126481607673 0.0268031353063246 -0.231269386432509 0.0603401309402771
0.158625007103137 -0.0622471542787086 -0.0805148488377551 0.13999789002217
0.160341853731829 -0.191280027079885 0.00352759308157491 0.165840130099678
0.128073765473509 -0.189548407939258 0.0407560493155147 0.159300759131426
0.00252749037193774 -0.111279866137519 -0.0770576057043497 0.0285827437601127
0.0018234335776527 -0.11998526733381 -0.0928102892913645 0.0678211096804517
-0.0528058085366389 -0.0477049244368584 -0.0517802528048787 0.0131534941956951
-0.0112806410811645 -0.0237761552043858 0.0199621722108272 0.000220047642562682
-0.004226969568039 0.0581635320561928 0.026656874040818 0.0141081215572708
-0.0599843475341226 0.052248776768674 -0.0292391821049992 -0.0778083140132361
-0.0397759443533196 -0.045708719613353 -0.0173187699514446 -0.11616399017272
0.0224846850040847 -0.1039339776894 -0.00573152855921988 -0.0760440124676252
0.00744720248148149 -0.160607985962173 -0.0142379935632375 -0.0980860426901218
-0.117399133932188 -0.171079396229992 -0.109246890011697 -0.230797414449811
-0.148425743845785 -0.0192084960629426 -0.348821079251848 -0.259976984264517
0.0623975010886185 0.0686271793688465 -0.456204532586679 0.0028596726150882
0.215735441028101 -0.0244778727688522 -0.290849928592028 0.197287588465306
0.191740863639629 -0.156561310586172 -0.131206369170284 0.268971394188582
0.13749387978228 -0.147649974874071 -0.0212437741972433 0.251582262576683
-0.016449104820483 -0.0462902947646252 -0.0434605271617324 0.0518620343530005
-0.0176719700428657 -0.0560979567130521 -0.0325188018117861 0.0677453239009306
-0.0722921518162952 -0.0109555336159381 -0.00457335701817728 0.017948990450133
-0.0106803542686042 -0.0181719111771938 0.0306175144035692 0.00231481270911378
0.0378086443226749 0.0454740514046034 -0.00393185207694467 0.0218884781630368
-0.0205606066980185 0.0676313111514482 -0.0803870701497777 -0.0672432983580113
-0.0204183384566684 -0.0163644206510543 -0.0494892677907131 -0.121617434658018
0.0209494388619471 -0.0627123801578238 -0.00101449859112325 -0.1139705193864
0.0162692057149261 -0.11669699361388 0.0163762809101705 -0.176762721558723
-0.0882773783206866 -0.144085948545476 -0.114777537555382 -0.365955636898224
-0.127171962801954 -0.00182550898102113 -0.483305614261992 -0.422863092026991
0.0598736283320764 0.078322567876857 -0.724033831019134 -0.0770334955578568
0.185065433722428 0.00231290146272508 -0.560268129290471 0.251525181526039
0.146547064034258 -0.0985908649792587 -0.293382446201874 0.360612890939791
0.0971157200882872 -0.0732667730785728 -0.0851021646783241 0.324527580480029
-0.0287346569948769 -0.00655624294853145 0.0781341732301871 -0.333500519939307
-0.0371159215806799 0.0412246634284387 0.330085377621001 -0.418270739916901
-0.0554007707098658 -0.0132711227304895 0.637732925876678 -0.362929394334819
-0.0393689985443719 -0.0392324022203908 0.85380907262196 -0.00926189350632847
0.021562331941993 -0.0473723086103793 0.602745997666432 0.392799105163799
0.0196133463064629 -0.00176768277109994 0.183243985163604 0.395106072267974
-0.00480049049324174 0.0148908636932289 0.00843670644547882 0.206919010470968
-0.0116978416995735 0.0150147835218116 0.0210325928971309 0.118074795423492
-0.00595020341556152 0.013272848262195 0.0863695293981111 0.101062865188443
0.00488718497394852 0.00149127691261327 0.106091475690199 0.0297994228543894
-0.0138360699980757 0.000643264004765852 0.0114240786531797 -0.0344435174302528
-0.0138868144394447 0.000221314608814768 -0.0514139427263913 0.00961435130451513
0.0113886625541074 -0.00894595641255607 -0.0166713717311094 -0.0010222589270084
-0.0164308579729404 0.00534309114364898 -0.0135589878259401 -0.0392530725303318
-0.00162444579814939 -0.0102005351262335 0.00484569702478726 -0.0638906383012918
0.0499693212456784 -0.0969809759280664 0.0639673035298133 -0.31909530828361
0.101862658892497 -0.0499759118862413 0.296630949712699 -0.380703149317439
0.123239216403209 -0.0265349989310866 0.571461575011959 -0.322661073398769
0.0305393167993599 0.0301494960418942 0.777382151991962 0.0196501794680099
-0.0908817307623099 -0.0609072047589174 0.541047461458657 0.375385026726776
-0.0579688105172953 -0.132671741198908 0.158348980713068 0.356428219640825
-0.00224131402849555 -0.0852446473486149 0.00661668479089309 0.187523758341941
-0.011645423498424 -0.0353182081769488 0.0165358033465219 0.113634971856585
-0.0356297031706982 0.0211130206439687 0.0780055977097702 0.104987004329049
0.0111676543124828 0.0660030644524173 0.0913417517339137 0.0314054474887382
0.0269467588303206 0.0220145291882689 -0.00238720088547543 -0.0229399515133466
-0.0483830510796042 -0.0122810380697283 -0.0453423291066581 0.0125119686009436
-0.0578769026939955 0.00311350918220123 0.00140026240483184 -0.0118392925931041
-0.0610585951145429 -0.0262878148377133 -0.00162223288910125 -0.0423587467566497
-0.025951415474801 -0.0570286201144358 0.0132813185123165 -0.0624052848397103
0.0986493977791632 -0.173203696282215 0.00779127723026238 -0.261970899842148
0.17765599323555 -0.123355095444759 0.161550776969257 -0.271970061751242
0.203775097351498 -0.0385559995935998 0.348334042433496 -0.243527044754328
0.0420830369720605 0.0572212769954318 0.52349413703199 0.0108980522797833
-0.143452537362993 -0.068028458735245 0.39340148385458 0.268713274460773
-0.10026131596828 -0.194705181168473 0.120916665290301 0.238463240166289
-0.00580026357159976 -0.149548604525833 0.0120973630532922 0.119725092570112
-0.0133783931245461 -0.0764244383531905 0.00981127384550686 0.0940932292627899
-0.0563417275004231 0.00560497898009108 0.0495384704620841 0.106907825925594
-0.0204685879716645 0.0808286621481489 0.0539703886636664 0.0474064985601998
0.0148976261011647 0.0390626492394528 -0.0270496371525536 -0.00430500297300275
-0.0463670405648632 -0.0183110101093134 -0.0268181920724017 0.0202798284736642
-0.0662621993809014 -0.028260030923699 0.0495030543099388 -0.0308739522050763
-0.061534396677132 -0.079625882920213 0.0401487311254174 -0.0518688000196919
-0.0250011339753084 -0.107445441726338 0.0407998619894514 -0.0511931312244139
0.102771168172762 -0.210883648794101 -0.0501140220019559 -0.176138999493527
0.166636500157912 -0.169612801228832 0.0192903941834869 -0.154375975753742
0.170115939604681 -0.0535752616133446 0.134763671718015 -0.167624656583184
0.0207996702331445 0.0294743781682217 0.284390453860388 -0.0186863848114585
-0.134519050756043 -0.0526054525085258 0.247833709204618 0.145414114106375
-0.107455648286483 -0.166520931214068 0.0918563482485865 0.106199538046517
-0.0164128120607556 -0.160406581672179 0.0216787094084779 0.0350729996152441
-0.0105393056433606 -0.108625226049881 0.00141074156124725 0.0635173488722114
-0.0670493719740745 -0.0378755123965927 0.0107445666045043 0.0968669076932675
-0.0767002215940323 0.0403099179524364 -0.00206071178385152 0.0418130719030095
-0.0369472879359009 0.0402230074233838 -0.0644398068915876 0.00633831593688006
-0.0209707483644502 -0.0162225651489931 -0.0258424556856207 0.0504070636508675
-0.012721192188541 -0.0725420596439186 0.0796426059642186 -0.000409928608226611
-0.0175601883968681 -0.149703689056921 0.0800594490606159 -0.0195066377539215
0.00466064763922632 -0.161266993764018 0.0716916630058438 -0.0132813362874982
0.0703022789621117 -0.207505233727903 -0.0888689625115556 -0.0824840854195564
0.104459079727056 -0.189181756865473 -0.0720235840196469 -0.0439708168106675
0.0935602546704812 -0.0697632681230195 0.00024631351981802 -0.101732621144133
-0.00149381533100326 -0.00165896369322161 0.125934190161181 -0.0293989949371324
-0.104174093855447 -0.013344007616241 0.148994473657087 0.057985705441341
-0.10294418600448 -0.0925671689958249 0.0637387918152604 0.00705455770314634
-0.0363567064198222 -0.129180438026541 0.0190416309741038 -0.0384721509276062
-0.00707087722042383 -0.124755271964461 -0.00955435814149782 0.0205968527944881
-0.0579755758911329 -0.0958317406119144 -0.0220327987945528 0.0597551579918671
-0.116256972597455 -0.0299229176576057 -0.0588490252494635 -0.00158465970093734
-0.0867054449527977 0.0221899227442094 -0.130368544069572 -0.0163423126853055
0.00754895366323899 -0.00719614166159935 -0.0805595605376033 0.0836120343809223
0.063198941250457 -0.0919180260892282 0.049587782028018 0.0691236818990169
0.0536783887594898 -0.195913612220156 0.0795922468766738 0.0564955142212663
0.0521489833775657 -0.197175482657248 0.0813918998064044 0.0559871140693082
0.0234437931244489 -0.169009799956456 -0.093791407038664 -0.00855507966192342
0.0359399304453873 -0.171202136468366 -0.104549104359412 0.0386864415577326
0.0109886573263654 -0.0679155014898364 -0.0587606904331529 -0.0317813191722598
-0.0100823538055288 -0.0152019559401729 0.04292883861219 -0.020556999595924
-0.058070095457999 0.031124903877865 0.0788126778717538 0.0180993552152154
-0.0851253257343103 -0.00403410568809985 0.019103252159006 -0.0489526065868182
-0.0473319163781177 -0.0790675909645304 -0.000999826537141423 -0.0870475453040497
-0.00382543876058424 -0.121096749520324 -0.0142283408167041 -0.0250171501940229
-0.0427411603745918 -0.140488335644631 -0.0365513700834468 -0.00552691831464174
-0.138964677122284 -0.0981266501388589 -0.103566924706418 -0.0826245448840532
-0.121705389640928 0.00730402786879087 -0.230194070322248 -0.0797692204906098
0.0422168752637628 0.0223923921792784 -0.211513126210669 0.0986432934629962
0.143894813316825 -0.0836276800086993 -0.0568709148490575 0.147367508911109
0.124563268172192 -0.207104983341003 0.0254537063981396 0.160372523426778
0.092816952081731 -0.201024736124987 0.0638425155751246 0.150848306407338
-0.0152542478791717 -0.105829424472855 -0.069351232251608 0.0385003513118978
-0.018096715202723 -0.117460314865004 -0.0789979811466676 0.0803297136641854
-0.0561243556658151 -0.0385712087857197 -0.0485195152683741 0.0202186244820345
-0.0144578833575459 -0.0196954183423449 0.0169544611764662 -0.00364921515945005
0.00697557304409238 0.0537853665102613 0.0290593910219844 0.00972205638258142
-0.0462278018044309 0.0604404149217461 -0.0398965715514383 -0.0678004228547899
-0.0456129128936635 -0.0368602337799698 -0.0373733678697347 -0.106528627879325
0.00266356940058495 -0.0987760583826789 -0.020686724373937 -0.0698905245869171
-0.022215417298768 -0.152195490103127 -0.0306906889745676 -0.0886768172753869
-0.141429273007708 -0.14005366842901 -0.144687815491328 -0.200061283462045
-0.144443783793349 0.0110169027191846 -0.379273522658103 -0.19291792025754
0.0764468132956349 0.0603567430754907 -0.440755329886604 0.0771992100235939
0.206568667549197 -0.0584276328531096 -0.253713445599827 0.235890544965543
0.161111754296545 -0.180659449082923 -0.0870602714697232 0.281660766303897
0.112595983493206 -0.163888403435621 0.0176317233855853 0.249505026599411
-0.0215155301524174 -0.0428397576891875 -0.0334133144492866 0.0550116107467635
-0.0254273925113534 -0.0504943587740214 -0.0201318787691087 0.0693973369675191
-0.0713695906204983 -0.000782750578860854 -0.00186273880887134 0.0169022887654979
-0.0146030280207815 -0.0168808935074326 0.0277851387202204 -0.00239946930947042
0.0436216033078468 0.0366492939062631 -0.00180472583506534 0.0187890307363358
-0.00806323456892763 0.0665786733681323 -0.0867674124643214 -0.0502336845464148
-0.0220009231989192 -0.0116130514720676 -0.0673918772171186 -0.107312058251679
0.0101391825231232 -0.0627037623310249 -0.0227612792193553 -0.106382576517938
-0.00652542086835447 -0.112858771809315 -0.0172563428568642 -0.169434624431339
-0.111700385531164 -0.119277219896507 -0.171147622447413 -0.329676877932287
-0.120911412965415 0.0275961280313777 -0.537911130050166 -0.324933941334742
0.0770780832501343 0.0717929489358988 -0.712537341267259 0.044178136682692
0.18449332725582 -0.0248344983401814 -0.500983365191208 0.330392761830288
0.13200341503241 -0.117689737120509 -0.230067252434073 0.396758022753378
0.0844086166943727 -0.0892611883450333 -0.033024337085735 0.328658636120558
-0.0275877752606932 -0.00545439634157953 0.0711672219161685 -0.323036101060254
-0.0356456998840842 0.039312301668277 0.310766093368583 -0.412234008383874
-0.0535572584960953 -0.0125318114319766 0.607173611769743 -0.369336572042213
-0.036983533177561 -0.0367684610378157 0.827391577815037 -0.0354375889179709
0.0203834590197094 -0.0474490841192088 0.597658035938753 0.361483687154175
0.0204384172849079 -0.00160171853013587 0.194318895411763 0.370824265169283
-0.0050254807324777 0.0151284243496865 0.0201842012127594 0.196981370143313
-0.0107620209947716 0.013179409943199 0.0254165941103653 0.110382928470548
-0.00501314381434104 0.0115315219264818 0.0879338963379102 0.0945025167306286
0.00577000289425953 0.00143353019248922 0.102009562126606 0.0242264988782249
-0.0120618170863824 0.00159361751893836 0.0107553990926252 -0.0324285461560186
-0.0148272659369529 -0.00163229098957271 -0.0494193943931033 0.0111861198541202
0.00934191933318856 -0.00826354318138061 -0.018377687941695 8.98591800419875E-05
-0.0147075550030179 0.00617160150290663 -0.0141905108176752 -0.0375455664229953
-0.00128542383792099 -0.010425687228264 0.00503232009909444 -0.0599319761522412
0.0465310932149561 -0.0951334940147625 0.0550493580755051 -0.311538255594306
0.0983752631422832 -0.051476074932548 0.279080836137454 -0.373317819378217
0.12024493406034 -0.0294469235561464 0.544556320965974 -0.329766608147945
0.0318567507213172 0.0324442485118783 0.752247889497226 -0.00459760671294002
-0.0885472954602335 -0.0549060811885358 0.540144953658549 0.342705254459572
-0.0636469500240861 -0.125787401803117 0.169370387407295 0.336576555710299
-0.00609176950574355 -0.081613885495933 0.0163040143150841 0.177458412369348
-0.0134985242399304 -0.0331977410849914 0.0222507237231346 0.108714566716265
-0.0332458589544514 0.0221069417598195 0.0797208387356402 0.0967995945524342
0.0135828140434107 0.0642843570085878 0.08813381196082 0.0263373772919068
0.0265869393353279 0.0188022308067918 -0.000321364651536331 -0.0200755617011708
-0.04766745198399 -0.0123809556361148 -0.0418564451772306 0.0121821803554195
-0.0563108960756864 0.00412059724109809 0.00202489685770472 -0.0104787106445422
-0.0582770465858532 -0.0228834284840801 -0.0040243199762475 -0.040445678259326
-0.0261672705132554 -0.0544476072677651 0.0108235514350723 -0.0593857843260788
0.0926455068124086 -0.167303945725048 0.00580982519899661 -0.254520727670259
0.169972550366682 -0.123930776118575 0.151415369439435 -0.267333859804338
0.196541025376125 -0.0398865735175545 0.333699068239644 -0.243781766098773
0.0451469891461751 0.0566578828057953 0.509078035682126 -0.00656887125640032
-0.144699184611541 -0.0587003883349942 0.390292124340772 0.246988883630671
-0.104218991304459 -0.183462302058203 0.12720178375186 0.223752571420119
-0.0126453682751023 -0.142935282486482 0.0177981489145395 0.112659489059733
-0.0149498884328453 -0.0736671900455873 0.0118607566957597 0.0908577003639854
-0.0547638468063219 0.00797976384817646 0.0515703431116318 0.101722191038107
-0.0159731364798156 0.0793921604108141 0.0521491894481964 0.0424847059767043
0.015609264669858 0.0366704667153086 -0.0255944386022656 -0.00312651074815646
-0.0457561202512738 -0.0176788318187735 -0.0229353678795043 0.0189434356802492
-0.0635942112525414 -0.0255027062673136 0.0492166433568153 -0.028927760503929
-0.0602890397572447 -0.0780567020693411 0.0372143002396092 -0.0496674031386463
-0.0250423565383757 -0.104566451857288 0.0391359917780131 -0.0496200794713842
0.0971208384172655 -0.20327928968588 -0.0520577421804327 -0.168880302706956
0.160382113849215 -0.166774642748143 0.018031787185504 -0.149738114532653
0.165750652925736 -0.0562969021781309 0.125637670676705 -0.168798874430701
0.0219751072450276 0.0287946302824805 0.272814505497942 -0.0256761377455946
-0.132341292246 -0.0451791295347678 0.246279918999926 0.132007371601477
-0.110597325145683 -0.156129428114425 0.0922091548604718 0.0981513178421159
-0.0252985502990214 -0.152932475326983 0.0222881363864668 0.0313569163442527
-0.0138643190000458 -0.102384480274785 0.00230629874408096 0.0576167476730472
-0.066604952140825 -0.034231039561945 0.0139732614774849 0.0912678648906916
-0.0728922173841055 0.0418087062703641 -0.00154688649788195 0.038737065548357
-0.0346389007625369 0.040081185665802 -0.0627623602095601 0.00740532218742252
-0.0207571196761762 -0.0150302439524066 -0.021568743742083 0.0495345735263468
-0.0137517167991963 -0.0715926975714808 0.0789934350770812 -0.00171931635813166
-0.0181749542105352 -0.145650390127795 0.0744476581946212 -0.0201860020110006
0.00190027336208686 -0.155742378292735 0.0680704473480523 -0.0136037911541601
0.0651179860317991 -0.200330926218151 -0.0863629568675851 -0.0795642903278606
0.101183603021546 -0.18420954074361 -0.0716121225349869 -0.0435185052362253
0.0895498845319407 -0.0690959364198225 -0.00362241153901458 -0.0994095084577551
-8.90905007242719E-05 -0.00130030827238692 0.118871019142239 -0.0361733211558638
-0.100514837195653 -0.00974477775978974 0.147135062970716 0.0536241579181949
-0.104349589935381 -0.0838013886146814 0.0599712116850535 0.00631656629125729
-0.0412584820985777 -0.122822262307987 0.016651737567773 -0.0384772451377385
-0.0108160669346916 -0.117593073554189 -0.00725046263220484 0.0199827254563181
-0.0622670189640388 -0.087637562697682 -0.0185595739453719 0.0579574543434331
-0.114950509743069 -0.0243212797295421 -0.0567249371764993 0.000190175276650728
-0.083890762891055 0.0252161113138299 -0.125019470277882 -0.00955575346564501
0.00696197809244602 -0.00508564177499292 -0.0737914627078253 0.0856590756144345
0.0607645881498893 -0.0932352084524138 0.0502881126622223 0.0653577901545377
0.0493258459351577 -0.190200471012933 0.0775343240993756 0.0535989052150407
0.0453876111211084 -0.18987565819393 0.0802425610236791 0.0530336963957304
0.0195577849581628 -0.163262588423022 -0.0901872548622802 -0.00659358894789274
0.0325829081101451 -0.167015879224045 -0.0995466847493459 0.0363384845205095
0.0101852836816243 -0.0663130499869598 -0.0576395042198803 -0.0284203384802253
-0.0100514440892356 -0.0136629400315473 0.0391474059659551 -0.0222314134381136
-0.0556731676518916 0.0311708569098909 0.0766994782766395 0.0149590872573552
-0.0843460558849521 -0.000789052720235529 0.0152820949664038 -0.049170786989561
-0.0514800612683487 -0.0725130086965303 -0.00537742169384223 -0.0837271780052302
-0.00815600213139128 -0.116634870930196 -0.0148866566106737 -0.0228830000473282
-0.04539679085693 -0.131995633500131 -0.0352589820757297 -0.00281545399851018
-0.139842861008306 -0.088161899552824 -0.104036830909878 -0.076569500017994
-0.118416219161592 0.0121630532865691 -0.226265125498983 -0.0680680031038648
0.0423792914778444 0.0199962092190609 -0.200985926072737 0.102184544059071
0.139455137192351 -0.0857418922581392 -0.0514598722311294 0.144755214218832
0.116326525108539 -0.202681791257252 0.0263859860787663 0.155851470686066
0.0878664517281044 -0.195776331004074 0.0636722695106726 0.145631988220076
-0.0148999655210728 -0.102115432128145 -0.0669256137034025 0.0366236873017504
-0.0182062157699615 -0.112413640144325 -0.0728651910624333 0.0755108021029023
-0.0543163152759813 -0.0357366785279132 -0.0487213158160867 0.0206520932201149
-0.0143471336353729 -0.0200378914169083 0.0155950394390609 -0.00365452816294394
0.00821773162669689 0.051645738954976 0.0260228825211304 0.00827457742594361
-0.0421154357102526 0.0614440785279399 -0.0411460283676761 -0.0631334557456511
-0.0448661969945045 -0.0300538954300424 -0.0385161980332517 -0.102508252983809
-0.00253360550468668 -0.0949630748964586 -0.0212495508990836 -0.0658081817243511
-0.02684740749974 -0.144079631792097 -0.0361095649073191 -0.0839595883767617
-0.145806632338091 -0.1296935630875 -0.146571609343086 -0.188602592287661
-0.139350652032083 0.0191551738420603 -0.37398737279731 -0.171070022234952
0.0771465590646165 0.0564326967188033 -0.421854930736607 0.091350953309153
0.199871694301089 -0.0607548960049253 -0.240062512139554 0.236287203720321
0.153464534843776 -0.177405463643818 -0.0814027311528483 0.275452356512478
0.105004515938311 -0.160137265144515 0.0213085248221169 0.241204310387979
-0.0220864439821485 -0.0397922913912252 -0.0324585722982164 0.0530634779830419
-0.0248151987919106 -0.0488309907946165 -0.0166888383135259 0.0655806661636006
-0.0684549623746896 0.00266525493697602 -0.00404700312429859 0.0160470366472174
-0.0147520758135863 -0.0153084636441992 0.0249189993984204 -0.00259067478147003
0.0439399532904596 0.0337030964269645 -0.00215173003868572 0.017397386256427
-0.00467931107775962 0.065890999096963 -0.0832740039789737 -0.0443847550189274
-0.0227255431651328 -0.00880440916517066 -0.0690133918961293 -0.0991335808975043
0.00627827169873109 -0.0604821328139827 -0.0280363611190343 -0.0991798880328195
-0.0101366862807792 -0.107258896506193 -0.02580558565835 -0.161180386132489
-0.114650604709885 -0.109444624028665 -0.181871301142856 -0.30822900774767
-0.117403678806248 0.0323829588640875 -0.533629415804773 -0.295939604630563
0.0794960644049827 0.0691268674639844 -0.690074703325443 0.0634851014002267
0.180073680740775 -0.0277893004243062 -0.479993572374596 0.334588853783534
0.12632245986189 -0.115617883987769 -0.214651912159168 0.388526225202143
0.0802113058028545 -0.0872100606826641 -0.0255099911463799 0.319456965131143
-0.0280197566178839 -0.00604337981848807 0.0658778599446836 -0.313746134672668
-0.035778133104669 0.0375635758341984 0.297931140233953 -0.405266414244833
-0.0529515529481033 -0.0123921861851732 0.584468369991931 -0.371137407838733
-0.0374352181496322 -0.0359866137536123 0.800606347134475 -0.0554235425139718
0.0185750680418113 -0.0483277784319926 0.588002189168131 0.332599095438186
0.0188037627267391 -0.000621708278334326 0.201311565765603 0.351426076593109
-0.00389235542361154 0.014639792645544 0.0274640638601659 0.186837243190731
-0.00923605405453134 0.0119245011369107 0.0298269588924789 0.102407592383854
-0.00534948140035557 0.0113943680206165 0.085625171116122 0.0887902874068856
0.00732886476705159 3.7404393116473E-05 0.100113735017185 0.0207961162749201
-0.0108598553079996 0.00272142188267101 0.00840269940247578 -0.0309479133590635
-0.0115070806017824 -0.00235383252572123 -0.0482067786179757 0.0118299856530425
0.0107310635238864 -0.00773267438701369 -0.0176791233148339 0.00315937134330343
-0.0147131227681076 0.00757488111870818 -0.0136838280042014 -0.0359158422810804
-9.32939342292083E-05 -0.00994595943317748 0.00398523535216374 -0.0573345331310686
0.0436576117506553 -0.091227877956619 0.0512449809849069 -0.300873901319641
0.0919163745020095 -0.0507735672115142 0.26725975857291 -0.365177930093137
0.114023172741847 -0.0306463159407771 0.528002723252296 -0.3302166383876
0.0296469470108515 0.0319014203907411 0.734304738056483 -0.0235104169151382
-0.0889119636568046 -0.0501518747033971 0.533358199607588 0.320584511253963
-0.0638154780081521 -0.119844622233545 0.175698670160516 0.318133788926399
-0.0101108878526567 -0.0771544496605728 0.0228003367414634 0.167600991332712
-0.0164035483804889 -0.0318486163823145 0.0238415090706027 0.0997782056403321
-0.0329955675009451 0.0223187643094226 0.0795880616664323 0.0892524543800133
0.0160582092782965 0.0622089333691433 0.0867683753062681 0.0234499640329455
0.0253339241237328 0.01661799439302 0.000835078691614419 -0.0207613203260964
-0.0476565444161147 -0.0126308185897826 -0.0414624477667848 0.0135539594727543
-0.0524820673960864 0.00555351318964083 0.00279887222892236 -0.0113553882510342
-0.0561497007009498 -0.0218834107034408 -0.005446978981587 -0.0360455451904313
-0.0261633586751637 -0.0522134361738162 0.00983069137769101 -0.0551125810207367
0.0885710043979163 -0.163668489306287 0.00230537268771346 -0.245206602276906
0.165521140863313 -0.121534073549948 0.145158879760661 -0.262374004054623
0.18989962054207 -0.0417992925912062 0.320223015822912 -0.243466870100951
0.0443900609280032 0.0539278728391918 0.496574691899623 -0.0188256298922059
-0.142338057601542 -0.0508951061116944 0.384698806885827 0.226718042693985
-0.108102313382275 -0.175108588040194 0.132313186158568 0.212716923534718
-0.0175847691926327 -0.135438853997749 0.0214591741167332 0.107510779812023
-0.0159046255211401 -0.0688193233351915 0.0142682340839303 0.0855467215838544
-0.0537134962334368 0.0110877204035815 0.0507536438086403 0.0953349610894563
-0.0159892959539922 0.075841532483845 0.0506495946368024 0.0392531191705469
0.0163229139878456 0.0334675721352722 -0.0229752192432211 -0.00194821446404827
-0.0433139714927829 -0.0176578237513002 -0.0211298975165334 0.0193264931449431
-0.0607875945958258 -0.0237117763625428 0.0478172774462667 -0.0301593006922934
-0.0601341216635001 -0.0755626923657037 0.0342550159079069 -0.0486335520662068
-0.0241316965428207 -0.101225719505461 0.0382247363580984 -0.0468249679122445
0.0921711427740959 -0.19599145695254 -0.0505011352920828 -0.165598048790141
0.155186009792 -0.166025473805659 0.018339105252652 -0.146600248579795
0.161272819591951 -0.0561622157292363 0.118870724327644 -0.166474110228695
0.0217699602960883 0.0293323231044779 0.265175833738654 -0.0327408280153827
-0.131998328120206 -0.0406126747798464 0.24020856380207 0.120475203511851
-0.114467188342697 -0.148139962820942 0.093960691910095 0.0933107805260471
-0.0270031657826313 -0.144684182027167 0.0236230842958004 0.0287576805277218
-0.0164609308186612 -0.0984864329299546 0.002526022151643 0.0579555862526062
-0.0650845424402823 -0.0261379927753915 0.0149538923570796 0.0879540093169103
-0.0699001304084123 0.04209343694921 -0.00133397851349336 0.037230575333171
-0.0333645311350898 0.0398415196309468 -0.0595164887453105 0.00809975278799619
-0.0224378892021747 -0.0144998331079218 -0.0173039962586943 0.0493995707591764
-0.0120442841304713 -0.0702648571291253 0.0772511442902537 -0.00446257824194731
-0.01764826217773 -0.142649464311165 0.0711682675601664 -0.0206064861514065
0.00153027587310679 -0.150046681641492 0.0674569833929055 -0.0120788524307838
0.0597935372198589 -0.195652155516054 -0.0815502772326748 -0.0790768128329091
0.09757689437516 -0.182268975675352 -0.0677062141896179 -0.0430468120758573
0.0878789051527576 -0.0693533102440014 -0.00644202629277582 -0.0987421131051993
0.00164013948976863 0.000582502347451887 0.115106045206209 -0.0375448604517149
-0.100140648826681 -0.00809598891392242 0.141106559535141 0.050437924041288
-0.104664638952366 -0.0781878655726397 0.0588097716148463 0.00351938230883135
-0.0433039149625367 -0.11634383466705 0.0149351581231083 -0.0374276088804531
-0.0161045678547299 -0.111636387751477 -0.00648775836394188 0.020569293801074
-0.0638135344097917 -0.080502081750323 -0.0145174349336915 0.0590337924253336
-0.115174960953053 -0.0186492441706523 -0.0546628308761193 0.0023483796141275
-0.0800722867380728 0.0278571583163591 -0.12139715006838 -0.0058129566170782
0.00975099103782823 -0.0051260549614474 -0.0666162777484121 0.0852272119721547
0.0573072435474811 -0.0925630932017055 0.0520022024952507 0.0635011459082843
0.0480828781291236 -0.188551040049484 0.0746780942160229 0.0516998906210423
0.0431047956929512 -0.184909092877126 0.0768118642889176 0.0517504394518337
0.0177029702397976 -0.158373873090246 -0.0884493174658273 -0.00818958476350021
0.0295670770678341 -0.164570018135981 -0.0946096677356652 0.0364808463970248
0.0103504502501016 -0.0642804850519405 -0.0590989918852989 -0.02916381264516
-0.00953356948387757 -0.0141804841467806 0.0350124631086561 -0.0254297033235876
-0.0523673705327029 0.0330080537903404 0.0735995020583704 0.0137361158077813
-0.080223526063936 0.00137849993416552 0.0134428669776478 -0.0475781675851877
-0.0523518952919963 -0.0677288577026441 -0.0076146802958228 -0.0792652940654241
-0.0109230345809302 -0.107605787775487 -0.0164245384698824 -0.0185216618930486
-0.0495829018167072 -0.123975360639682 -0.0351827511215461 -0.00173535691323304
-0.141894933101414 -0.0797918954678068 -0.102840319092421 -0.0708751301956922
-0.114566798771859 0.0171328468647185 -0.22228912499521 -0.0604375203822543
0.0425432750471528 0.022231862207276 -0.193256118625029 0.103991946544548
0.135065011263571 -0.0848093530298983 -0.0493198761227622 0.141994028453725
0.113413466796047 -0.199233479022865 0.0248468025782061 0.150985881960656
0.0825332819121636 -0.188243247349875 0.0611744824418171 0.141445992337973
-0.0173937264800158 -0.099424744236807 -0.0639989281553458 0.0357409175190142
-0.0164076737303649 -0.110751561151439 -0.067469345756835 0.0745610404735419
-0.0547616514656218 -0.0344181316639595 -0.0501629044610538 0.0214347719130218
-0.0143970986504869 -0.0190605962691874 0.0123337759893421 -0.00619866731772759
0.00893791342058386 0.049000605314191 0.0243511357226266 0.00641501256096766
-0.0382391103711193 0.0618070702471837 -0.0428725097265985 -0.0598997783887343
-0.0443853849938326 -0.0252221126001324 -0.0417658213267636 -0.0971987899511282
-0.00475530763180533 -0.0913301427612189 -0.0236853371530226 -0.063195822862771
-0.0341658193720497 -0.13883366463419 -0.0408284382353996 -0.0786915700861815
-0.146712528854282 -0.11942794000585 -0.147396515753286 -0.176972189530564
-0.13661183162091 0.0210571982074766 -0.367486191459015 -0.158694801261315
0.0795987843711243 0.055795490277455 -0.407988158015942 0.0952792524567507
0.191688563872879 -0.061377570634467 -0.230529298377217 0.229872507920194
0.147713274780658 -0.171734962918493 -0.0742083495560643 0.26887301477531
0.0990334281797594 -0.152009020044991 0.0236203529517519 0.235602565110623
-0.0215210071476989 -0.0365031466216714 -0.028489381264262 0.0504806655644604
-0.0210434412824884 -0.0488053381352241 -0.0162652418313331 0.0634711262491851
-0.0645572877394776 0.00293608087846018 -0.00456324001126418 0.015890056451017
-0.0149705775519499 -0.0156400642321327 0.0224397727822456 -0.000221417154579322
0.0457727600290587 0.0286173239657651 -0.00183237218376525 0.0164046819678957
-0.00205191487834869 0.0658783324099373 -0.0810639544063423 -0.0412742261261142
-0.0241116020166386 -0.00762449208466597 -0.0674275251123224 -0.0929356953301976
0.00437987300324691 -0.056867724711229 -0.0296713271860657 -0.0945948706464949
-0.015886933062339 -0.102372295314874 -0.031428588258441 -0.154355710050344
-0.113641429776161 -0.102388003188188 -0.185503817454904 -0.292427010515407
-0.114244589478667 0.0369409577777989 -0.525096304962183 -0.272522777878965
0.0786713539623823 0.0665591882753347 -0.669560394270672 0.0790548722330158
0.173453526067784 -0.0295779093431725 -0.463006217250006 0.332976077292937
0.122911093351317 -0.112899287029302 -0.203505625804314 0.381071756134224
0.077468054462116 -0.0849120518131927 -0.0237136229241648 0.311501697482684
-0.025990023984548 -0.00586159266476969 0.0643808249220074 -0.308674609917382
-0.0351981713524767 0.0363111406907831 0.28858245136019 -0.399328857834123
-0.051364854188278 -0.0122403072501427 0.5741114503986 -0.369169597100325
-0.0375494470667347 -0.0358402517003007 0.791046607221325 -0.0637798063218248
0.0197138749144446 -0.0495829936084487 0.585823485840508 0.31438360112298
0.0201539375647929 -0.00206009907034244 0.206938679104989 0.339463321954673
-0.0030908959169425 0.0149524558327056 0.0315785433709145 0.181215484465249
-0.0101882926330579 0.012486235850293 0.0314426176191131 0.098947777312099
-0.00475791448372187 0.0114814806175555 0.0860721754247763 0.0834538974404379
0.00618033466919747 0.000841554331726993 0.096968323842974 0.0189628433392515
-0.0111903470258066 0.000374997087569359 0.00972902813457603 -0.0287365371698234
-0.0143300161924014 -0.00371897949475833 -0.0469964240656578 0.0137811909309934
0.00829727076599078 -0.00790694355115468 -0.0174191497381456 0.00319493449574546
-0.0138580193297462 0.00696480360759938 -0.0148655941011542 -0.0338918743660818
-0.0013333834024763 -0.00964170144313574 0.00389170110470225 -0.0553568375493146
0.0431017749167015 -0.0904526054505759 0.0513621902598463 -0.297169836069728
0.0928389989080179 -0.0510732508402284 0.260107795577643 -0.360754156511278
0.114294686541512 -0.0307307508219992 0.517829494439518 -0.330959099883918
0.0307378429684832 0.0315360878130971 0.721843449702774 -0.0336568388010448
-0.087814448655329 -0.0489582505104852 0.52981320876498 0.302220999516126
-0.0679396029021293 -0.115785382900194 0.180955424084396 0.307005076286776
-0.0119060584324988 -0.0765708848939502 0.0262680130961797 0.163310152028684
-0.015736075851506 -0.0304839841422553 0.026874041654113 0.0983454226558099
-0.0305457572355153 0.0238803142863912 0.0780986407599272 0.0863477104869571
0.0173526522918472 0.0593355952935313 0.0827851465551632 0.022524680432156
0.0252798262018311 0.0161658105617328 -0.00186593836668081 -0.0194631719777107
-0.0469267131121796 -0.0098729593507847 -0.0380978800458073 0.0139126569761971
-0.0518118513305368 0.00457797723681602 0.00118795920672121 -0.00864893340342831
-0.0547654275147205 -0.0221792188898285 -0.00632003226352041 -0.0366703173786432
-0.0227775124335589 -0.0535332192554246 0.00953877997678133 -0.0534296474143978
0.087685965220704 -0.158692893700683 0.00394815101499453 -0.242414756287191
0.161622445601011 -0.121548683978718 0.142054060320478 -0.256527706341473
0.189980126986028 -0.0430415877717594 0.312373650944794 -0.242504767023969
0.0476102019413527 0.0547926702088328 0.487291820336169 -0.0256388410004885
-0.138871028738512 -0.0476225674768577 0.381602639623939 0.216827682578762
-0.112310237455757 -0.169719426908695 0.134650949544213 0.204994303175471
-0.021577156057667 -0.132107690559939 0.0249659108418908 0.101438326337311
-0.0195668048853556 -0.0656625297394784 0.017311502658863 0.082255027673462
-0.0510292221023154 0.0141038531418702 0.0533503977805991 0.0910004999930801
-0.0115738442242874 0.0752593698325289 0.050492345379098 0.0355208476990384
0.0165954401220977 0.0318247159243787 -0.0228501504841968 -0.00186325423984191
-0.0460932139797381 -0.0166539717107929 -0.01883210004613 0.0199690474258941
-0.0607149864080972 -0.0239849488465424 0.0464076206098775 -0.0283010202000158
-0.0584317758659151 -0.0769462095212066 0.0318847502573025 -0.0459388083777224
-0.0247649195678391 -0.0994563386710938 0.0367909705460789 -0.0447512511765611
0.0913570258175764 -0.193180856063838 -0.0475191258785101 -0.162188811476244
0.149033516692129 -0.162556584594224 0.0181956906124969 -0.143391030013773
0.15775542229876 -0.0578217070335941 0.11536846445631 -0.164987822055223
0.0245298163497393 0.0289398448166103 0.259060942895477 -0.0372012146706383
-0.129012328764308 -0.0364766941315098 0.239377429729693 0.114701262547
-0.115369514822776 -0.143676223741436 0.0919234502249877 0.0888152213081699
-0.0323343043223287 -0.139949911885466 0.0239584085850622 0.0264085002166207
-0.0208774075821467 -0.0946375290350715 0.00500023676504946 0.0515082349485502
-0.0647560391720563 -0.0257947672637444 0.018160040288982 0.0842979949182245
-0.0680742971454162 0.0440405833270766 0.000214656849363458 0.0357067964390383
-0.0317772700906975 0.0394146221143351 -0.05880182375537 0.010426296300451
-0.0201519953683985 -0.0147339696485678 -0.0172674447313038 0.0500353328845826
-0.0119029759890138 -0.0707543070766168 0.076898393199264 -0.00321491060498546
-0.017551216322096 -0.140505733151144 0.0688125799824915 -0.0171356464795007
0.000838166215879836 -0.149715626813616 0.0653322778532438 -0.0101889895221334
0.0591195709593075 -0.191308892760409 -0.081309782188277 -0.0799654283624083
0.0953509243618661 -0.178126954294843 -0.0641498578532999 -0.0434586626542266
0.0883009321664105 -0.0692081021198314 -0.00835701973377246 -0.097596878215477
0.00259879747902164 -0.000494276339800477 0.109489691503878 -0.0391364794387475
-0.0971494547942489 -0.00543948688067289 0.141699775590284 0.0463503518138436
-0.105839692516107 -0.0738598761149941 0.055512643076345 0.00214119814055286
-0.0465152462244634 -0.109156366736161 0.0146988088257334 -0.0393091827778428
-0.0190029118655783 -0.106853772146109 -0.00656360738559575 0.0174364067200814
-0.0643516340193111 -0.0782530385537598 -0.0148019582384036 0.0578812664737366
-0.113413047428252 -0.0141778461703179 -0.0542426895576425 0.000123731066716334
-0.0780649678218459 0.0272311621126365 -0.118566788265074 -0.00346011477217787
0.00869296871716504 -0.00232136602202838 -0.0640416522245297 0.0848750662938366
0.0579316638329838 -0.0916772346140439 0.0510654456035036 0.0613453057348318
0.0454640182050362 -0.185760973231393 0.0702100645172218 0.0515077778822002
0.0416901658994322 -0.181165519454131 0.0769578681647868 0.0519247561251858
0.0158911479201398 -0.156070174230598 -0.0854750017363348 -0.00887033584254842
0.030340896360283 -0.160928754668558 -0.0930350294272838 0.0352995724148088
0.0113068267245029 -0.0634989079309282 -0.0586341985450589 -0.0263633384708055
-0.00790305139989744 -0.014329329767217 0.0324275120650117 -0.0230038701748966
-0.0498256293655712 0.0318595032608098 0.0732928162432302 0.0129890393600185
-0.0807745920736093 0.00470620902557369 0.0115116095237147 -0.0442693709225953
-0.0528692564824796 -0.0631373884389193 -0.00836013990788861 -0.0783941024769775
-0.0144812363698062 -0.104234132777569 -0.0163984457690328 -0.0194156252757476
-0.0546185885967196 -0.121153359224055 -0.0345776315096262 0.00237218370949018
-0.140093397862626 -0.0749442836515648 -0.102924254203792 -0.0674951561155975
-0.11359956906794 0.0173710193902852 -0.217875177421033 -0.0543104892250088
0.0439489136478919 0.0209679034466728 -0.1859636970587 0.107218951319622
0.13354182906848 -0.0855251596163591 -0.0460982135129985 0.139498894423417
0.109512469099793 -0.195862030580984 0.0254012703490909 0.150767644991656
0.081620853782994 -0.182902757237343 0.0606478901871524 0.140671476686669
-0.016163311349749 -0.0973150558633615 -0.0601829666633859 0.0334165283899293
-0.0174952265918685 -0.108637861984754 -0.0659875232403139 0.0719831701460599
-0.0517520763832798 -0.0352763618747067 -0.0493313651292015 0.0211173546223945
-0.0153686906352362 -0.0209569256126589 0.0113623752005842 -0.00257967232409438
0.0103632094436674 0.0474744702681067 0.0247581564256193 0.00806205550017037
-0.0373669250468786 0.062186101512993 -0.0414659952990747 -0.0565682977275799
-0.0449260036312916 -0.0233704794139405 -0.0415928436058366 -0.0938908833278534
-0.00686100610050246 -0.089055553326096 -0.0252112795681759 -0.0578676164610117
-0.0361527905692713 -0.133126211589704 -0.0407239000823555 -0.07317059336465
-0.149967034055136 -0.113270130852094 -0.149967191954937 -0.17092218436146
-0.135380615512413 0.0279610434742994 -0.365204799222367 -0.147556013017459
0.0788563722559649 0.0552297052698995 -0.399166526930785 0.101304486482142
0.190742971936036 -0.061274188430332 -0.224405028639153 0.228212218405905
0.145453595306384 -0.170265275579463 -0.07495318097201 0.265804997592275
0.100038528375916 -0.15152446922748 0.0223608020556617 0.232027292806988
-0.0198310747080312 -0.0368075533764964 -0.0295821426843291 0.0486564395072827
-0.0230315962179128 -0.048543288498676 -0.0124178157711039 0.0620248454079025
-0.0643955988430516 0.00110800578320294 -0.00427248430324523 0.0146251087069899
-0.015042439560419 -0.0121446488641391 0.0209964850549694 -0.000601189023684299
0.0445518421332453 0.0265448658361063 -0.0033719464233157 0.0153871442152002
-0.00060569559706433 0.0626293455037072 -0.0809207978216955 -0.03832582896396
-0.0215962223267221 -0.00553838698389076 -0.0672960343869979 -0.0890891010997572
0.0030560417444804 -0.0541218963083064 -0.0323467981753434 -0.0890379245215945
-0.0172624540385003 -0.0990639281150735 -0.0375448441538039 -0.146602131899414
-0.116202711911826 -0.0963889316407064 -0.190594939319432 -0.27955416633793
-0.112931776402551 0.039740407168695 -0.521398922837065 -0.255890936837106
0.0804929327003175 0.0686395213485876 -0.656069786249173 0.0860296015483313
0.172094457664942 -0.0288621945583982 -0.450514129466038 0.332888414449057
0.117569944252421 -0.111134625647893 -0.19883277350186 0.375133472991322
0.0771610889145467 -0.0817014410830323 -0.0220113069062263 0.304846063634299
-0.0239100678775359 0.00120233366431047 0.00801049956198225 -0.315520603456019
-0.0217951114090605 0.0431794599778336 0.207232100320974 -0.445248034045275
-0.0495234470752038 0.00151079781026593 0.489808718384801 -0.472296629382242
-0.0465480367962478 -0.0206794667498705 0.762968459298733 -0.21594438079782
0.00621594650455807 -0.0472154535657893 0.631267556400382 0.189021255440258
0.0163967971953652 -0.00695019330596829 0.268050401452627 0.283061570112557
3.38165227276466E-05 0.0154830645802484 0.0691226943977817 0.165310487155379
-0.00948411389294625 0.0140174557681805 0.0505072271219361 0.0861088742625106
-0.00339112690161642 0.0121319503205872 0.100872786245849 0.0629127895826845
0.00548736321934728 -0.00367318361212498 0.0973083294341539 0.000844697092839823
-0.0113494970128444 0.0038868092822402 0.00420887506097796 -0.0290595058849658
-0.0120014667564778 -0.000761076153372057 -0.0419659380890268 0.0217886600485067
0.00615424167475266 -0.009695667947836 -0.01588717563442 0.00640693421690151
-0.0123963855024483 0.00975203743802098 -0.0211459197623366 -0.029320971228201
-0.00217690035448237 -0.0079839003263791 -0.00461384933984025 -0.0546356624412875
0.0282881543999013 -0.0934744606886764 -0.00428390735373328 -0.301603778424644
0.0842379685741159 -0.0626795146177167 0.188156066111402 -0.402289290267694
0.107884334113837 -0.0482002965746267 0.441564005964764 -0.421920711313756
0.0345380758737072 0.0295357717646842 0.698316609992867 -0.173203382911674
-0.0977681429713638 -0.0229084119347445 0.574022026136298 0.18727101306113
-0.0903969464392776 -0.0973609560555291 0.237351476967095 0.25846097669528
-0.0272514593219205 -0.0705436562431928 0.0609802215637884 0.149477392787238
-0.0216542027609985 -0.0247849832785989 0.0462999347567275 0.086061117082434
-0.0246617131082813 0.0288873368272928 0.0934591947743827 0.0655665744646132
0.0270908941155391 0.0524859236884783 0.0845741974851203 0.00504325961255349
0.026508717755628 0.00886058079431397 -0.00327360557971367 -0.017477241786782
-0.0468968411724247 -0.00338786198423968 -0.0343276130196698 0.021193414133213
-0.0506306813490381 0.013269554775308 -9.40602337274799E-05 -0.00799810929068797
-0.0562720819657277 -0.0120574992971766 -0.0130631319953825 -0.033508905315353
-0.0317624988399265 -0.0456080938893585 0.00244702901594579 -0.0553123606579107
0.0581537131651589 -0.167239745771982 -0.0393142949033494 -0.239423806185605
0.137551414114016 -0.14461611461907 0.0938271168863863 -0.278810095979528
0.177817364209128 -0.0737443753315703 0.260582056576436 -0.296415842698381
0.0556049505786988 0.0483889527605409 0.470089069145695 -0.116695887596424
-0.144829863228819 -0.0132025717174942 0.415948714616069 0.132764625448205
-0.144548852938276 -0.139088499352016 0.171916250695436 0.169462379700053
-0.0475172016383708 -0.123793543250662 0.0470363250758649 0.0909042626728298
-0.0320945903455037 -0.0608165781823138 0.0329841570892448 0.0745559594605784
-0.0484048045374497 0.023986104076391 0.0697803565299573 0.0769065141134086
0.00144601861223945 0.075278132217591 0.0549372128222333 0.0235938884600274
0.0201813097758112 0.0279179838697915 -0.0229624177530544 0.00384043207882795
-0.0457144003245907 -0.0081544477095435 -0.0126225107620175 0.0227102504540561
-0.0623359053044361 -0.0137290944079654 0.0409908843982812 -0.0362600518450601
-0.0703459108157556 -0.0625428482008257 0.0221458646607745 -0.0499518545599669
-0.04350653885302 -0.0918475659520326 0.0290762194211166 -0.0504771397671376
0.0535304606993292 -0.204025248756952 -0.0763590911729467 -0.151863197142748
0.117692191152049 -0.185935565144298 -0.00820947301365185 -0.143959797274796
0.147180131186332 -0.0852877284604552 0.081290476724647 -0.183991970985661
0.0295255205864858 0.0263834783657205 0.244012341117523 -0.0875140850653265
-0.133546726884221 -0.00504477542241559 0.254966838407368 0.0635588012156002
-0.141605718882413 -0.112718298143237 0.108150364768042 0.0667905472514631
-0.0612823375136709 -0.127440012779396 0.029509380915339 0.0194238763322764
-0.0378582977975307 -0.0845703480003696 0.0154802973192557 0.0509327717536926
-0.0686577431952036 -0.0105500254206656 0.0348259200586533 0.079752480704489
-0.0574079645398764 0.0555385443948645 0.0083701386846711 0.0316540195077585
-0.0225788319058324 0.0427860164817611 -0.0554947932474344 0.0204137839402297
-0.0195389285200884 -0.0125557681284244 -0.00391250234991442 0.0517711226574916
-0.0251972112313474 -0.0664987408648492 0.0758590723020856 -0.0170273920716402
-0.0443504671747845 -0.133343165466255 0.0631640925424919 -0.0299681001159229
-0.0273610635802872 -0.143225075650092 0.0630027577792545 -0.0208402939407513
0.0239090136823875 -0.196150504953401 -0.0930373999011719 -0.0634151247722353
0.060662012531264 -0.190984237126682 -0.0718539418457467 -0.0301145453958432
0.0734508543168957 -0.0842755150637808 -0.0280840908357139 -0.0936265751584862
0.00291761078490257 -0.0001358643831518 0.0976601026291401 -0.0609999159810665
-0.0951309254951842 0.0156066750932926 0.145278376445812 0.0171954089056808
-0.115799619251345 -0.0496295370161923 0.056568876997193 -0.00668432262830452
-0.0655315809045827 -0.0952940676482638 0.00764016840899915 -0.0409483425017934
-0.0382573221236091 -0.0992117926111693 -0.00192280508698371 0.0190048837682801
-0.0774184179324106 -0.0601566208860662 -0.00280272364203326 0.0588427077033092
-0.113618741599742 0.00864730517375696 -0.0510501983734718 0.00926344381773947
-0.0696212820406164 0.0439188410658344 -0.116136685031433 0.0179919461995866
0.0106199736989402 -0.00616660968737725 -0.0438666807950897 0.0967780892810258
0.0399374112121955 -0.101469473092603 0.0633703007342151 0.0515646703919391
0.0106678638454586 -0.187397196437649 0.0788962507629549 0.0394270625205155
0.00769163789816082 -0.183660974443255 0.0858021542571912 0.0415784943553578
-0.0109841919513412 -0.153973890969288 -0.0836256230783102 0.00492938260450883
0.0012491267595522 -0.162813484257077 -0.0826180741449851 0.0518184039715538
-5.14878869958949E-05 -0.0668182042616784 -0.0642558415173172 -0.0149151327734865
-0.00906278776718112 -0.0116144259942572 0.0255562380455607 -0.0298665082320098
-0.0429933865932656 0.0404544237071729 0.0724722804084187 -0.00098431030897204
-0.0748458048123572 0.0203155456429229 0.00308580151536101 -0.0445940361675237
-0.0618914344391684 -0.0495516778035085 -0.0243923574403095 -0.0743405616627971
-0.033686630555391 -0.0964598989288779 -0.0198784010907627 -0.0143956066014128
-0.0758670056928063 -0.104349441765204 -0.0337928157265852 0.0105834107953461
-0.151068925511692 -0.042435566072461 -0.112609509019622 -0.0468844141534853
-0.104805864415794 0.0428695655307805 -0.223898377211071 -0.00976348720508604
0.0498274692012008 0.0113864776588226 -0.162847197050783 0.141409351370684
0.115229603988964 -0.109490392524997 -0.0196486462774474 0.14666092693667
0.0704862869368325 -0.2098661606502 0.0510316882516258 0.145564991968795
0.0460118410079163 -0.195565253081978 0.0883707374061114 0.128258651398127
-0.0322712578770207 -0.0926581566178068 -0.0539723185464018 0.0429186596024976
-0.036146792602674 -0.103593300343481 -0.0497110958234634 0.0819142850555954
-0.0569813871388628 -0.0251106579159869 -0.044860546148805 0.0313237211974548
-0.0168407788359236 -0.0169652618145586 0.008103617682842 -0.00411761179279365
0.0182820819515574 0.0425401056005745 0.0238085170447478 0.00415907213515774
-0.0232431598385166 0.0671837882082726 -0.0495137848011637 -0.045338670677106
-0.0478111694109914 -0.0112952637820339 -0.0584877074059752 -0.0821663535946838
-0.0234891275272043 -0.0803342300704403 -0.0367701769636464 -0.0485421798702133
-0.0614955674441326 -0.120622965415311 -0.0566681867001426 -0.0605071703102485
-0.166437651145462 -0.0766092979572314 -0.180378371509011 -0.135550666719272
-0.121414131262515 0.055833844375097 -0.388354663438083 -0.0726440696318765
0.0926160910273415 0.039547187326801 -0.372525081540852 0.176998126205543
0.179440800449046 -0.0972527766265705 -0.179678980175281 0.269866246265995
0.113094599720139 -0.194638730195942 -0.0248529278893596 0.276056895881194
0.0683432962471454 -0.168383712290335 0.0649763402178187 0.226019624232111
-0.0264263661150411 -0.0331739486624165 -0.0207526361259736 0.0527737134651785
-0.0310680065070439 -0.0420356821200367 -0.000879902253160354 0.0621416849878897
-0.0621656787218327 0.0137836455040135 -0.0046795695821403 0.015345763403311
-0.01845159011281 -0.00905188164998603 0.0188878306122356 -0.0026585298126675
0.0483545702144963 0.0165257241117436 -0.00202599329827657 0.0151148377227497
0.0125952186203383 0.06187622371128 -0.0833520395245278 -0.0212558855457202
-0.0221340352368735 -0.000279544675535731 -0.0825335414639642 -0.0729571583743347
-0.00775135557078831 -0.0515585689896802 -0.0492200500785054 -0.0772088606324335
-0.0352629116756253 -0.0911780511444384 -0.0669658801629496 -0.132816946080846
-0.131371628447859 -0.0652159903673142 -0.240994935699039 -0.233606612088189
-0.0955243637506735 0.0664270165186187 -0.561504135472996 -0.147600318051328
0.100819156544213 0.0533887960808002 -0.629621805666726 0.212823165963501
0.16878254446583 -0.0622971330707716 -0.387571664984739 0.414158235713838
0.100219788496402 -0.13411129200904 -0.12657536589558 0.408894319294479
0.0624272465022482 -0.0979947445857775 0.0353316030444012 0.306269135039675
-0.0226353932883567 0.00114970317567048 0.00314645113010158 -0.314463510568832
-0.0227087579051387 0.0437814289061721 0.201186265478584 -0.447156186765143
-0.0505366506373865 0.00129047784091897 0.4776246444888 -0.481101352845997
-0.0465516603058182 -0.0216348196919635 0.754542140023371 -0.235984032107454
0.00367332885526868 -0.0484968169985606 0.635544908702659 0.166127987097122
0.0169220454376104 -0.00607613523644678 0.278172766543355 0.268353608129099
0.000987409869248754 0.0138486210295728 0.0752637025978779 0.15947702992994
-0.0089706167182799 0.0130782252598431 0.0540022564971011 0.0827793686330037
-0.00157039616230963 0.0128311540508987 0.102599840894093 0.0593828380070699
0.00512473314875505 -0.00327626732916545 0.0963267466084462 -0.00172107647770775
-0.0116688971350989 0.00400894018004375 0.00515904743439013 -0.0277900920320769
-0.0137403650329156 -0.000733672899401123 -0.0402033897835759 0.0226260468296514
0.0067515029293325 -0.0096977583751134 -0.0162435060084337 0.0070713980415206
-0.0129784859181483 0.0103950148889207 -0.0222475058797611 -0.0278102853917918
-0.00183572766763189 -0.00835506708199138 -0.00554819908133235 -0.0525037134447521
0.0278457297105988 -0.093551798760448 -0.00907253926506153 -0.300766345200129
0.0833982515501328 -0.065811336826598 0.18218071808589 -0.403971844194693
0.106795797945771 -0.0501784671134698 0.432377270003416 -0.431643270824222
0.0374645098121886 0.0305294110989438 0.692220272218352 -0.193336330268595
-0.0969677397218284 -0.0194634855006398 0.578585099905179 0.167200422114149
-0.0940065232721177 -0.0921287095554033 0.247229743591333 0.243481601062445
-0.0305705432005178 -0.0687837377416976 0.0675894846279892 0.143287503702922
-0.0218993371629598 -0.0252652208854022 0.0490953697008001 0.0819028148734823
-0.0241544745156039 0.0299493058542492 0.0954234308817354 0.060050464747475
0.0297241920566625 0.0512144372286675 0.0838833603041395 0.00142142401863557
0.0260019164070031 0.00757686548383582 -0.00383123313888798 -0.0172692891630837
-0.0484755129351744 -0.00227101484510432 -0.0316846346331245 0.0211696865071954
-0.0495256381346441 0.0134417626320436 0.0016300663585631 -0.00808690889202983
-0.057634273638127 -0.0114986468737364 -0.0159196099121213 -0.0318074504603184
-0.0326242152488643 -0.0451420830632504 0.00184507679942838 -0.0526278129213574
0.0573528811440373 -0.167517112243219 -0.0450032057210291 -0.238872434383027
0.133715872053359 -0.146338279657865 0.0876400512895241 -0.2808622110775
0.177038820791842 -0.0792797691129797 0.25412938107103 -0.301043005897735
0.0609297554027303 0.0488163194241615 0.465349727056583 -0.1312482088225
-0.146050832535198 -0.00807546778616965 0.415505317087438 0.120251246561351
-0.150669087551242 -0.131812997710649 0.177057272308132 0.160902359278508
-0.0518678841964879 -0.121046429442841 0.0512356812425251 0.0865836277190392
-0.0349622509088278 -0.0573369881855057 0.0339920455535774 0.0706689041036179
-0.0456287662122184 0.0258157716618774 0.0729379337704696 0.0742390196364469
0.00542527390598169 0.0747348371577617 0.055732600156726 0.0218799142473915
0.0195318563785042 0.0262633507233552 -0.0227613328410229 0.00402326220446378
-0.0466875769247883 -0.00911301818988823 -0.00910024415123091 0.0249423115897861
-0.0606690917434011 -0.0136010106012259 0.0429997175865964 -0.0381749836461673
-0.0715639001396834 -0.0631279858027861 0.0192348058940693 -0.0484946979454357
-0.0425075075525422 -0.0904877189666537 0.0278709605461705 -0.049355257155724
0.050734897946386 -0.201853450399138 -0.0779488758575655 -0.150059724974395
0.11583500998734 -0.186830885187915 -0.00979116163312876 -0.143245639114384
0.145147106545437 -0.0884782642578802 0.0762403993775053 -0.185198836894691
0.0323251922600119 0.0272221680883309 0.238914828240079 -0.0936026849955207
-0.134404669537461 -0.00152927441905088 0.254471512418973 0.056849732764695
-0.146929006444262 -0.107406404458412 0.109048707190055 0.0609132823904684
-0.0646816947725457 -0.123324160031688 0.0298919405941605 0.0158899217612258
-0.0387111269080558 -0.0816136418288557 0.016987760363574 0.0494799649021267
-0.0675176161636474 -0.00560273293505473 0.0365554604588948 0.0765661617149244
-0.0567932659284692 0.0564339556340127 0.00915923073625155 0.029603336524995
-0.0214416115472895 0.0446693126088838 -0.0547628825207425 0.0203822497385541
-0.0184476305015068 -0.0101753569295537 -0.00120527760443707 0.0528236489517052
-0.0238859631888955 -0.0679687331481669 0.0743327822812525 -0.0184370529650774
-0.0464572212112978 -0.132378541946856 0.0611501607482493 -0.0279292974019265
-0.028925731024803 -0.142455755461563 0.0634315983924128 -0.0202703674139044
0.0214872968341762 -0.194783387770785 -0.092187610660777 -0.0648546646330771
0.0581396387711683 -0.1925506544056 -0.0699996716367783 -0.0284207853012892
0.0725092039119642 -0.0875891674220135 -0.0304474370299386 -0.0915889815062782
0.00453186845122096 -0.00123395480449762 0.0957025233256614 -0.0621440389714852
-0.0954235799776487 0.0190597698126105 0.145384185333797 0.0144343077614772
-0.117350419072842 -0.0436099505200541 0.0554474502232764 -0.00730273575490646
-0.0684243520392026 -0.0910945807905165 0.0063687327254221 -0.041604727218851
-0.0431797707770307 -0.0946022685473754 -0.00260392997092298 0.020848146397023
-0.0797702439589195 -0.0556102062878302 -0.000131908429897114 0.0582770598126417
-0.110723549444002 0.0127055758570589 -0.0510202437174978 0.0119244344309536
-0.0681877719457059 0.0448889486973745 -0.115819256809374 0.0227154811998213
0.0121798506668898 -0.00757327105631107 -0.0397338195108785 0.0968296885236339
0.0381022160340022 -0.102250396432067 0.0644735912204417 0.0496366043395845
0.00737140531764 -0.188001362888188 0.0768065025642621 0.0412492117332783
0.00460777959737685 -0.183131715573856 0.0865065538085514 0.0382616687876703
-0.0136994839676539 -0.153088270228055 -0.081790125888317 0.00487166917630041
-0.0011418822430365 -0.163980187135898 -0.0803778147595286 0.0522847297676117
-0.00128415528583266 -0.0684894435737763 -0.0667567921127058 -0.0140677889519182
-0.00776333286417746 -0.0109406730996648 0.0236551345239857 -0.0305153607479514
-0.0407219513820395 0.0423636226880088 0.072730257341344 -0.00240535752123246
-0.0740755994892455 0.0257482127146883 0.00232787685066498 -0.0431167755168895
-0.0646136413190772 -0.0430546644209876 -0.0262047098894859 -0.0731993341104232
-0.0377188311338262 -0.0929953174969521 -0.0212606148765747 -0.0131724918277065
-0.0815150316186619 -0.0980326330729862 -0.0321613298441744 0.0113065304782011
-0.153334184804601 -0.0365665305417272 -0.112051333861795 -0.0424909503234422
-0.104115889140395 0.0471555339250872 -0.222873223273788 -0.00265604698115003
0.0515812624502412 0.0100308814215919 -0.155403387195792 0.145948720294
0.113463935003812 -0.111888850630091 -0.017336013843764 0.146452995325687
0.0685873442205797 -0.20984686769675 0.0513052515027342 0.142506636590919
0.0442150259604488 -0.194926856655116 0.088440605714603 0.12772731134866
-0.0336618528648251 -0.0904876263223926 -0.0526269211638197 0.0423978305058717
-0.0372480788101416 -0.102658240985188 -0.0475878713394829 0.0835371570430811
-0.0556144768378638 -0.0255847129324219 -0.0450388383130495 0.0327556488400494
-0.0168284897593979 -0.0174724354198215 0.00780327434775902 -0.00300495674953795
0.0208428571377444 0.03770503596776 0.024545600695996 0.00378644938691564
-0.0196964390538451 0.0707585240086871 -0.0502910911890162 -0.0422641443244756
-0.0493937431822081 -0.00787795527711018 -0.0600961678864334 -0.0792736993660473
-0.025416207310372 -0.0775455709549836 -0.0380871978160029 -0.0458588216546333
-0.0665989337928976 -0.116726650959857 -0.0572104823653579 -0.0546879892426554
-0.168960853427354 -0.0684719661385535 -0.185968169265655 -0.127796770459951
-0.120197134878798 0.0641184839845575 -0.386419304608538 -0.0586091070701188
0.095946491502598 0.039186089508298 -0.366228642420791 0.188026542876124
0.176157713253697 -0.0998138254120809 -0.173303952214676 0.274279824205557
0.109112575364359 -0.195657663101057 -0.0205816027931207 0.275779252526632
0.0659670750388705 -0.166149106290194 0.0694906820588753 0.22358019226622
-0.0270011711796669 -0.033224848214865 -0.0203544762711125 0.052609632155277
-0.0312825649956222 -0.0426712903798799 0.000453650819173672 0.0589596409745481
-0.0603449306906585 0.0142707149524678 -0.00516204968002563 0.0158147378891296
-0.0182369495527149 -0.00864442746453572 0.0166846951210575 0.00142039487606311
0.0484335862178166 0.0134617870804943 -0.00231677672304825 0.0166917405900625
0.0140535698724313 0.0628830216279617 -0.0817293186615348 -0.017457049054373
-0.0222180259859339 0.00110078272395426 -0.0830817877866727 -0.0690162274344248
-0.0106353779355174 -0.0518190981853146 -0.0514339306458531 -0.0731348384840968
-0.0398389981709598 -0.0879550468281248 -0.072800452374378 -0.127683386798949
-0.132816007120433 -0.0593540238894465 -0.249186744957606 -0.220922783743544
-0.093516116047638 0.071974142933577 -0.562964716525535 -0.127724935828328
0.101519205475494 0.0535507673109664 -0.622849576845671 0.227394155237686
0.168611002133424 -0.0642947443197918 -0.375481915059837 0.423446218506945
0.0987718960705271 -0.136533511905778 -0.11928322777174 0.408676420601604
0.0612705021542908 -0.0976834988562581 0.0390135943744021 0.304019770049739
-0.0236626807736031 0.000856062762114142 -0.00321705808396507 -0.311125127448687
-0.0209136026399279 0.0431648641168686 0.18679065013798 -0.44738581628756
-0.049386369395074 0.00275427851727313 0.460411380005108 -0.489718171070939
-0.0472543001049905 -0.0197908167302847 0.738195414959761 -0.256492562942073
0.00328072871119603 -0.04858119228593 0.631873494095077 0.141274910839603
0.0172698731771584 -0.00694520410528325 0.287369879364067 0.251840953065672
0.00253908089790102 0.0146326947736778 0.0821636485831396 0.150995776407537
-0.00838564182342266 0.0143340053245152 0.0569042621441068 0.0771820418909725
-0.00155573084660853 0.011146199710887 0.10265631811093 0.0528846596510873
0.00557076320272991 -0.00559446566244498 0.0939305815634449 -0.00428481480337524
-0.0102800704245577 0.00432347376878005 0.00555319644828168 -0.0264006733841683
-0.0137199661176756 -0.000800065553883231 -0.0384762391233781 0.0247436652965853
0.00578701781301396 -0.00970301179871988 -0.0150436749345707 0.00842171902365471
-0.0115613294302192 0.0100613433597418 -0.0234425677680708 -0.0250504607204586
-0.0023943246999881 -0.0104280278522306 -0.00534993837763963 -0.0510760078999411
0.026755917950334 -0.0929450848379879 -0.0152514137047945 -0.295493814134964
0.0808861833061734 -0.0663152748928994 0.169048499358562 -0.403972646228992
0.105056974826608 -0.0515576264244254 0.417617457948721 -0.438820553950847
0.0384333147623631 0.0297237552842693 0.680287941243316 -0.212836859566626
-0.0970375719046813 -0.0156380751842867 0.578080727417464 0.144411850009368
-0.0966620584296351 -0.0863197157686914 0.253242992842297 0.229220630875007
-0.0323725648875632 -0.0670812319864939 0.0735860294015631 0.135729888123013
-0.0238675209122585 -0.0218035622122429 0.0523616007683274 0.0769124941096346
-0.0213579769543479 0.0307271913674486 0.0951929912442271 0.0556141480633869
0.0307021118765367 0.0479700044181183 0.0812939168094229 -0.000872550316132238
0.0258605248968287 0.00626123310938841 -0.00394320905488583 -0.0157293910467142
-0.0497109034658124 -0.00164545859578795 -0.0301095780841699 0.0230558990905556
-0.0491119283561924 0.0145245701538881 0.00233229857467921 -0.00739173568239037
-0.0564952291059203 -0.0111030402748066 -0.0143915368189289 -0.0292321836051335
-0.0332789596355695 -0.0456412960894604 0.00083548802463213 -0.0515665116088612
0.0531763982850317 -0.16553739380247 -0.0473214738052865 -0.234368732437496
0.13001074972073 -0.147102947809387 0.081266907020397 -0.279773354373419
0.173659067700191 -0.0817222459414554 0.242883195382581 -0.304853043847406
0.0617647619841342 0.0473201675159424 0.454688554692039 -0.14620289332203
-0.14516730956089 0.000119117620033735 0.416754913204936 0.104792037948235
-0.15512898310475 -0.124418540759002 0.181586474864339 0.149363182262797
-0.0566939013593193 -0.116217180417814 0.0543951591623312 0.0813391965072157
-0.0354475728587403 -0.0539727817098867 0.0385790361450398 0.067996209665749
-0.0431805495455462 0.027967009192921 0.0722371831276237 0.0688085382705426
0.0080193110182381 0.0727396070677945 0.0548900547958301 0.018681565608827
0.0208325859399633 0.0247258180734503 -0.0212267113252575 0.00420431454181471
-0.0473871881560302 -0.00779714550430234 -0.00818396369720405 0.0230856669330371
-0.0604947462009546 -0.0128759604557577 0.0413986646880769 -0.0382234412656706
-0.0715864739660411 -0.0615896614438573 0.0186096963498725 -0.0464118419363086
-0.0448763342765991 -0.0896299845524358 0.0277964280616796 -0.0468681717406688
0.0477171503164331 -0.201832619756502 -0.0790927522827745 -0.148807575722426
0.110376290798629 -0.187810298526274 -0.0108516833710759 -0.143496176151787
0.142681867791651 -0.0921491406754702 0.0700446734005302 -0.185493472427855
0.034010108780236 0.0249224114413115 0.232120708247982 -0.100390309765139
-0.13274330776195 0.00456853483194474 0.254161441217635 0.0458891670226649
-0.151428955041091 -0.0999491201262366 0.111009142008243 0.0566213421920315
-0.0695856396204978 -0.116926104299384 0.0307957579406929 0.0135629197219272
-0.0432804652651718 -0.0759383679057169 0.0187795234892993 0.0485671830484761
-0.0671081606425023 -0.0026850373226868 0.0391050948412095 0.0748011281626139
-0.0533484686861041 0.0586875399287504 0.00911404756619661 0.0286707827761771
-0.0208239133973041 0.0438335817661799 -0.0526560443786267 0.0222075476912807
-0.0198617487319048 -0.0113883538748928 0.00301898524159718 0.050153175932796
-0.0246404578464753 -0.0674507929422253 0.0749116387348477 -0.0213556118419067
-0.047225736475307 -0.132226944402175 0.0588179567735435 -0.0287909487803853
-0.0310560939631066 -0.140953726568585 0.0618014737429954 -0.0201940031468231
0.0179897100962783 -0.191972467400611 -0.0930616296706645 -0.0627139993044971
0.0543512359265628 -0.192013120730759 -0.0678041810139338 -0.0285178192505882
0.070391419254014 -0.0893654220995484 -0.0340738732075111 -0.0912211170356005
0.00566107090449499 -0.000140054487953322 0.0905950607481335 -0.0667260228759297
-0.0940486272272386 0.0227176310019931 0.143722360757239 0.00939149068369428
-0.119491784177078 -0.0385757626893461 0.0537860400752021 -0.0100879507418256
-0.0726815040937739 -0.0848466590000469 0.00401877861546115 -0.041580637771973
-0.0448598617492179 -0.0894864264293529 -0.00175180984070203 0.0200584627764125
-0.0815134738139217 -0.0496860131025628 0.00124712373439514 0.0587812745822726
-0.112094550780529 0.0183082448491585 -0.0491547043034575 0.0108952146272835
-0.0673628668988916 0.0479144542603089 -0.113256323327227 0.0255681191823453
0.0118221760052832 -0.00653003915667521 -0.0345712061474195 0.0990694351633941
0.0377097443803036 -0.104364927090169 0.0650003408272135 0.0475305270107618
0.00544114516644057 -0.187222714802607 0.0755392577395593 0.0386506381480973
0.00181750848394423 -0.180958913687102 0.0861274153785335 0.0395870731511385
-0.0150760748463771 -0.150326720715268 -0.0822294814774018 0.00454801586337512
-0.00331996610502011 -0.162657937577741 -0.0765266599800911 0.0504771482418433
-0.0022626731330358 -0.0671790466302954 -0.066034536307951 -0.0108275997544563
-0.00898013261256122 -0.0129778332525173 0.0219532296786245 -0.0307587174254258
-0.0399156794065427 0.0423708939071127 0.0722863706993744 -0.00330913861811871
-0.0741937219483388 0.0284199667991331 0.000244472710890703 -0.042544363000607
-0.0657567006292055 -0.038704998429837 -0.0280854660819988 -0.0717836634395466
-0.040771362712373 -0.0889481122453254 -0.0205388417929076 -0.0113303291845719
-0.0841710280029753 -0.0935375397878681 -0.032373117460041 0.0151902140861828
-0.153998003521835 -0.0275124997207494 -0.113959056569747 -0.0383037128043531
-0.101752239758819 0.0511226311445894 -0.220178185535409 0.00562043183241468
0.0520626831067012 0.00877815479755275 -0.148091013636315 0.150060469244356
0.110481596274808 -0.114543818716181 -0.0127956684773769 0.145945968367206
0.0639150727497505 -0.209392577145162 0.052314352982731 0.143381684909532
0.0402277054696046 -0.192271534385619 0.0905492535031293 0.126374155869348
-0.0354706986376518 -0.0900021146004198 -0.0517628275846817 0.041102816216486
-0.0387682994878132 -0.102231502165013 -0.0452198463631292 0.0793831282598668
-0.0550113015206465 -0.0237840508025864 -0.0457938213022966 0.0335832126544259
-0.018924709646015 -0.015795256515764 0.00561325377572757 -0.0031020281456209
0.0219015387968552 0.0386222989884438 0.0243886716569939 0.00449247768097696
-0.0179145863325759 0.0702320058539187 -0.0497019278978155 -0.0396345366113712
-0.0467190407801474 -0.00380956537289795 -0.060839988502936 -0.0748166004002818
-0.0298879284456892 -0.0753100397349484 -0.0395314325065222 -0.0416675421590818
-0.0710194681957829 -0.110520226027592 -0.0607089004693569 -0.0496016727916963
-0.172477622886004 -0.0600804731223845 -0.188428819720619 -0.118461707539464
-0.11699314321573 0.0680087306782382 -0.38519747759189 -0.0412809609141801
0.098021107508238 0.0358824715074222 -0.354211122716026 0.19829824252741
0.173344284219243 -0.103349452791215 -0.164470828394764 0.274544614118968
0.104554638716451 -0.195435255370588 -0.0173250806226258 0.274383200859336
0.0633814410586164 -0.164929658733361 0.0721568925566573 0.220494810930154
-0.0271452997196038 -0.0319784668099634 -0.0186687802596342 0.0512128419910047
-0.030181641152122 -0.0426840970903058 0.00183371890709626 0.0575482303465477
-0.0597678565323449 0.0147289384312557 -0.00583755071828422 0.0167842833185487
-0.018675999855845 -0.00889621294851012 0.0168564358635098 0.000683753592358578
0.0474870695277773 0.0100996297114005 -0.00395905567721674 0.0166505422817882
0.01769925912363 0.0607803694633961 -0.0805910085951985 -0.0145042600677438
-0.0226336369595008 0.00453470793682114 -0.0844712987309432 -0.0641851509704981
-0.0122875696930687 -0.0500420226775 -0.0539810823953597 -0.0677174652718813
-0.0433215048952944 -0.0856194879458186 -0.0787774705484171 -0.118590039174432
-0.135956904218422 -0.0524271398042924 -0.254188022575698 -0.206765702271063
-0.0901694064007964 0.0774989084675944 -0.563306718349051 -0.105440054500633
0.10642914928144 0.0494768114678068 -0.609263222291865 0.246705010533799
0.165433515064679 -0.0673474202811653 -0.357830197382077 0.428119037200669
0.094617752142978 -0.1354926875456 -0.109028142312495 0.408083117533601
0.0586270560332013 -0.0973649389587222 0.0443199772315814 0.298712253676976
-0.0224120471020554 0.000869844652442548 -0.00851521537031096 -0.306988619391704
-0.020288205690246 0.0425167008372267 0.176139295989105 -0.44574718707771
-0.0490125108969074 0.00404608500467977 0.443776838330975 -0.497527135758693
-0.0477993897593274 -0.0187428090000305 0.722987894492463 -0.278625765932173
0.0016371158525763 -0.0499259060788344 0.630020465882283 0.116861106151279
0.0178094429614713 -0.00763705803677132 0.294325196885035 0.23566803859698
0.00262062872020186 0.0144611589579122 0.0881485740427896 0.14327241692108
-0.0076705841383266 0.0143778047989052 0.0595291769321049 0.0717704016656254
-0.000832878118266757 0.0104997207147138 0.103352244385919 0.0468038708133408
0.00492236842556561 -0.00637021670200835 0.0919918011383068 -0.007512136023309
-0.0112379751528871 0.00398790376649754 0.00579206190025894 -0.024939187907753
-0.0141188958660102 -0.000571019756353009 -0.0356474849790707 0.0252828520662467
0.00480939921542766 -0.0101965275838064 -0.0143985319287348 0.00979550989959191
-0.0115687308073466 0.0101289316187245 -0.0232076429992862 -0.0228620728605481
-0.00239161715840379 -0.0103792213892568 -0.00521196071510803 -0.0493169642760624
0.0249940907755823 -0.0925870118210328 -0.0198119321952825 -0.294181874273464
0.0788331434257665 -0.0669853192975754 0.159519910111525 -0.404750578032024
0.104185324920018 -0.0538141200634068 0.403485275833388 -0.445254506988378
0.0413076339349889 0.0289759152966596 0.666565362683694 -0.232398478267913
-0.0963844138084584 -0.0103634795554605 0.57763848921548 0.12170268232182
-0.100213449894371 -0.0820826160204339 0.261037061766237 0.212818401181338
-0.0349968597193317 -0.0647405743057664 0.0797078679168411 0.128185838589963
-0.0247665422348228 -0.0197991098983446 0.0542595007534697 0.0720976523462781
-0.0191951518019758 0.031258747092393 0.0959128771036663 0.0504604599045822
0.0316519810669499 0.0451910734839585 0.0804574118517697 -0.00339175691534074
0.0249505334331483 0.00434413420552412 -0.003809067179616 -0.0155369846820102
-0.0493351640782393 -0.000418412623809535 -0.0284454982585097 0.0233051325703868
-0.0479648218507749 0.014772518241151 0.00148376571182839 -0.00663340206903085
-0.0557972155191462 -0.0110158670473592 -0.015631025239666 -0.0267007310878108
-0.0333252823825833 -0.0455968485498193 7.9988157457787E-05 -0.0491801021317927
0.0511924816594623 -0.165227056969569 -0.0493392467387597 -0.231839856381598
0.127169904717047 -0.1492988488292 0.0766646901559583 -0.27966697608175
0.171584052137226 -0.0863943013929997 0.233368036812939 -0.307266177017934
0.0653244074071083 0.0468112200007139 0.446780705812727 -0.158217061355819
-0.143290376797616 0.00763520022811978 0.415980994375248 0.0874815321678552
-0.159528541929809 -0.115447822725821 0.18663389080855 0.139288874326937
-0.0615949767923313 -0.109955061970045 0.0573142619769965 0.0754735614517124
-0.0376140063119972 -0.0502720127591534 0.0408277963598813 0.0629267285976781
-0.0422191976595408 0.0300648100057381 0.0748588906453861 0.0640377150684149
0.0100301291973504 0.0710356587835443 0.0542521764245081 0.0152661539432616
0.0206007049480464 0.0228548856601017 -0.0211367878668839 0.00475933086296666
-0.0471654718196121 -0.00678507471928825 -0.00638220249233451 0.0232570020969734
-0.0600188296933769 -0.0127480477425441 0.0407599883011217 -0.0386146959322531
-0.0725533985982376 -0.0612137683577883 0.016401569364659 -0.0451925317729621
-0.0460083256619919 -0.0896633099816746 0.0267299273431311 -0.0456335081582733
0.0432511960890458 -0.198613118729379 -0.0811352082791372 -0.14635000797241
0.10613664360554 -0.188426666829591 -0.0130880371215135 -0.142953917948389
0.141102235366881 -0.0968391915083527 0.0650721967104855 -0.185579928278668
0.0360567733598956 0.0240250732324156 0.225145737791492 -0.107129730429035
-0.130583248379895 0.0108332451724002 0.25291793553486 0.0379219236137195
-0.154241300670392 -0.0918112886384206 0.111200829946518 0.051434820035116
-0.0737594684268829 -0.111872505770649 0.0319842885090016 0.0102086364893047
-0.0453273473394192 -0.0723933242793393 0.0200212004542542 0.0452380256095296
-0.0666952664919334 0.00155985456470325 0.0406848452847033 0.0718502654919364
-0.0505260333866694 0.0611937040100066 0.00888187454241732 0.0267442430583389
-0.0198792319739393 0.0442568413808662 -0.0510636672312192 0.0235385480918152
-0.0186546672800712 -0.0106281767736922 0.00577307945743901 0.0506065893617903
-0.0249954694314947 -0.0667635921467887 0.0738144142168563 -0.0223352437690771
-0.0489682085639095 -0.131101424856031 0.0557279671963847 -0.0276500747672922
-0.0322110119789893 -0.138010207770841 0.0612662335951057 -0.019158825219775
0.0146367632262384 -0.190074918299436 -0.0925703537603369 -0.0620602090477952
0.0511358068486738 -0.191859476238793 -0.0665518800644596 -0.0284906551574704
0.0693682617437272 -0.0913593440004971 -0.0355988270750277 -0.0895072292623011
0.00589363618542341 -0.00100090907231161 0.0853448205486372 -0.0689411380248267
-0.0924906813976574 0.0263300860369803 0.141397045304905 0.00527614331758743
-0.120301956541334 -0.0328040749295925 0.052454215239707 -0.00995933799369135
-0.075043420454432 -0.0782468252067146 0.00224991989747256 -0.042212853950374
-0.048484827158755 -0.0840090533204809 -0.000862272104043366 0.0200006711946808
-0.0830975273352374 -0.0450317158360833 0.00360685345483994 0.0584693288712279
-0.110979659298908 0.0244135507022428 -0.0480005753178463 0.0115553680117762
-0.0649805073237429 0.0494154343115 -0.110352998678436 0.0281397879089623
0.0126692316307523 -0.00833352807187817 -0.030201417407512 0.099341682073222
0.0362276465105381 -0.104535551833632 0.0654862594990823 0.0458760156213047
0.00158541805117791 -0.184794782124555 0.0738827259285715 0.0387115016044215
-0.00133312374303423 -0.17778917616315 0.0860195031377894 0.0387588285596106
-0.0178892580943845 -0.147762391699059 -0.081150910708823 0.00370581233210849
-0.00606650458568858 -0.161174156537561 -0.0735251305136013 0.0505704386164741
-0.00259934848449404 -0.0687129419397236 -0.0667410189668284 -0.00872841669253364
-0.00832048731065405 -0.0134322860724896 0.0190084465573007 -0.0313438228597277
-0.038607933950319 0.0433638041528219 0.0715229452042927 -0.00437523589389512
-0.072697493430261 0.0313568246856236 -0.000524036188796821 -0.0410553481695453
-0.0660905372492925 -0.0341376838261711 -0.0305667422296332 -0.0698916119870877
-0.0439361638082459 -0.0836840317053992 -0.0216551304437036 -0.00932672610553377
-0.0868892670593341 -0.0874616009038622 -0.0324727575719864 0.0173930680050967
-0.155187522191962 -0.0203217682897722 -0.114533520419924 -0.0334614395230769
-0.100037997076901 0.0557310124864399 -0.217539339140389 0.012320944033291
0.0536846817136962 0.00653811549482641 -0.141448113501916 0.153699742356125
0.10778571776653 -0.116198760977097 -0.00854550577086183 0.144258728527884
0.0593061200536891 -0.208831910672751 0.0547979939444832 0.143403661004634
0.0361514340612386 -0.190089780957472 0.090712577444164 0.124354241854623
-0.0352025349883725 -0.0877709790721922 -0.050014521525718 0.0403077517634827
-0.0394067415811117 -0.101778865735277 -0.0417110364159035 0.0788488953443466
-0.0547214149910531 -0.0236350927600219 -0.0444797236558783 0.0351667084769378
-0.0193525936688375 -0.0163146807777985 0.00534915727978908 -0.00235083727166228
0.0228739732694485 0.0360729663887659 0.0238497252903104 0.0050009160912925
-0.0137507026423844 0.0712457950824719 -0.0490458588247963 -0.036072895792337
-0.0462579511544348 -0.000821590717879255 -0.0632873839213713 -0.0715429554202847
-0.0323447549757309 -0.0718350900649643 -0.0403766498656455 -0.038656168253534
-0.0753870293977692 -0.105586584602981 -0.0624149436808443 -0.045387647395145
-0.174123038153137 -0.0526007520371517 -0.190339574482436 -0.108604571943196
-0.114338244190361 0.0730132636534813 -0.381820112217557 -0.0284223009996215
0.0997475727785726 0.0339802510501308 -0.343890998933028 0.207118757814747
0.16975166769271 -0.106364524614788 -0.15656025946438 0.276254993031835
0.100532365411285 -0.194897501573568 -0.0103420052505496 0.273306847165692
0.0606001522046809 -0.164145685013047 0.0755076825334438 0.217183376471133
-0.0280913780845023 -0.031445958375269 -0.0170579070543299 0.0493276991671459
-0.0309623415584998 -0.0413486357156554 0.00275538044431649 0.0553097269227298
-0.0583468615452518 0.0159422877681983 -0.00670718347563822 0.0176150008898193
-0.0190752388911199 -0.00882566006590651 0.016634858964994 0.00256031624897019
0.0470631760429317 0.00740434899314276 -0.0036222198362209 0.0179052124391828
0.0194985360706089 0.0602730930975767 -0.0780463861337109 -0.0120465164661482
-0.0206099457079024 0.00732688734320536 -0.0857297193349063 -0.0595603909988174
-0.0130388034456817 -0.048412401407173 -0.0558177318461244 -0.0630134204442032
-0.0473866127858736 -0.0820800998989956 -0.0847766381612696 -0.111336334989433
-0.138069783117734 -0.044614625601834 -0.261278275124562 -0.192246545141147
-0.0866854297634091 0.0814037540716375 -0.561589486449692 -0.0832310000795155
0.10809115834736 0.0472259073587962 -0.595143857379249 0.264701091727467
0.163465695678766 -0.0704725698297856 -0.346348366899687 0.433009202064901
0.0911328980201166 -0.136095916487203 -0.10018524874642 0.406569623141825
0.057100419219822 -0.0971810824196876 0.0499459860276517 0.295750053583773
-0.0196098735146977 0.00152795592681246 -0.0127927810089393 -0.304895367943818
-0.0148241724448035 0.0432598222699839 0.164160057132989 -0.445792732136507
-0.0453495121460234 0.00609452162151408 0.427660320773235 -0.508578716659369
-0.0469642913842446 -0.0137216897894772 0.708175172282864 -0.301180634113351
0.000234459233532349 -0.0459845675145478 0.630999401743777 0.0930037636768554
0.0169148498071895 -0.00734333691177757 0.299600286825738 0.219597001645351
0.00382774701813704 0.0144171128327693 0.0945805277777602 0.135468535600174
-0.00844149142565095 0.0149036726936246 0.061981008752658 0.0662273748518648
-0.00193287920813062 0.0105343264408994 0.104157829944889 0.0411134893231991
0.00291011087122226 -0.00744613707313337 0.0910371726328248 -0.00938775724221001
-0.0106142442578994 0.00457129044513397 0.00615413371635599 -0.0239514758098475
-0.0137782397728579 -0.000622570449112788 -0.0342799046698671 0.0269017234704586
0.00452600213950891 -0.00981385740651848 -0.0133581067854831 0.0115633867667888
-0.0104416994180374 0.010447697478142 -0.0246826238169874 -0.020813718528779
-0.00281363448889417 -0.00949144589142896 -0.00548378559947294 -0.0489825907025375
0.0245177848777394 -0.091130797780039 -0.0236045659379695 -0.290856494051698
0.0809460878364733 -0.0660471667169749 0.149981174923974 -0.404864982568098
0.104037725754074 -0.0545902168279332 0.386466132582849 -0.453821053520849
0.0425161660449479 0.0317186406761653 0.65219190868148 -0.25295594382012
-0.0955720574165074 -0.0025905237983254 0.57808063468663 0.0979240381370963
-0.102265790380284 -0.0759936207001828 0.267187143264226 0.20004080254963
-0.038011419508981 -0.0615875492799317 0.0840315986338504 0.12095045660219
-0.0253197338235402 -0.0183734995717626 0.0568925925814985 0.0675034440817075
-0.0188076326511701 0.0317402517118488 0.097534512008532 0.0444622335055183
0.0319518323999006 0.0432534944319343 0.0784952827264245 -0.00536897281546125
0.0241114307141011 0.00371708163457721 -0.00267526734051617 -0.0143240302679301
-0.0488304059403421 0.000725823066882384 -0.0271304957994638 0.0239598573322765
-0.046872541481185 0.0147396192367475 0.00206698727378483 -0.00668645201693189
-0.055476803100608 -0.0095133665796929 -0.0165074243193019 -0.0252311826245083
-0.0338988687548581 -0.0432014343005937 0.00084554812355273 -0.0484763514654371
0.0478980151384822 -0.163708092302829 -0.053644749116224 -0.229025462966468
0.125392815715528 -0.149303474888093 0.0703162300724767 -0.276831086000047
0.170856547263619 -0.0883986007231829 0.222618571529917 -0.311211222900572
0.068213716179745 0.0477744742294099 0.436836664062089 -0.170900083911746
-0.141034994533992 0.0148390385474826 0.4182810085627 0.0698023852674456
-0.161096245498513 -0.106808495159563 0.190870788898162 0.12910323948026
-0.0657039317835922 -0.105661543711969 0.0613564601239456 0.0703417894142489
-0.0386139189801241 -0.0469925446844321 0.0429517485788492 0.0599626106974655
-0.0404997274079817 0.032357516108744 0.0755159557911611 0.0599428744658366
0.012040968994371 0.0695767760401383 0.0530968266989993 0.0132506893926238
0.0200842264389829 0.0222818436568185 -0.0206936414157404 0.00497904581013563
-0.0467144590036432 -0.00611746666089174 -0.00400907996048653 0.0219546492486956
-0.059617245336772 -0.0117524334014205 0.040826400778354 -0.0403601593676156
-0.0726380114057077 -0.0585997898217526 0.015894976220326 -0.0440381252210937
-0.0467544713630806 -0.0855153038312818 0.0271637282991674 -0.044657557856661
0.0393194173516808 -0.196988297187686 -0.081310571654578 -0.145102895123537
0.103054393181418 -0.18875782459157 -0.0157830217453361 -0.140631328563181
0.138653422639612 -0.0995795001152439 0.0581309280467535 -0.184805149061272
0.0388966239964024 0.0249043589449869 0.218609062896919 -0.115062056827398
-0.12879153235095 0.0178094517398791 0.25355560103295 0.028737270745591
-0.155623114531562 -0.0835109248613768 0.112296436568451 0.0479407542942884
-0.0772747340920817 -0.105026934762455 0.0327736818752768 0.00745072504707117
-0.0478123497816135 -0.0682133091524826 0.0220007471374961 0.0436686390418015
-0.0651547982597702 0.00448850080836813 0.0429849976363301 0.0697138132268952
-0.0480888292901381 0.0626168975332676 0.00922073518450954 0.0247266283286814
-0.0174088948735504 0.0440632679185571 -0.0507349559660563 0.0239754642994503
-0.0178533503530342 -0.0110029829602021 0.00885780188091986 0.0496836003420515
-0.0264068970808747 -0.0665102553987908 0.0749639737761674 -0.024326761361764
-0.0514536683067947 -0.127800123378609 0.0557644335593864 -0.0271676036371337
-0.0350885449999868 -0.134243415585748 0.0614460482517368 -0.0182492237902512
0.0102895057630262 -0.188429001476432 -0.0918694585818655 -0.0604504479613107
0.0460198643022376 -0.192938278113943 -0.0653382274056261 -0.0257837878548115
0.0674777528771333 -0.0932512307874945 -0.038978395567905 -0.0863931934362401
0.00719613798658934 -0.0010860545122 0.0809263079869807 -0.0710964583846315
-0.089970774649546 0.0307583102846981 0.140736020959713 0.000959490442916305
-0.120230439700996 -0.0266502051128078 0.0519301424013942 -0.0116728801555989
-0.0774983243352713 -0.0724352551696513 0.00180039394511224 -0.0423656047495785
-0.0503988686952265 -0.0793629601026252 -0.000456993002101303 0.0198863350233183
-0.0828605203211115 -0.0396817021119427 0.00532712222785758 0.0580505842295557
-0.107849831853777 0.028496702585483 -0.0478642019913396 0.0116958594737951
-0.0620134731848343 0.0505984614027373 -0.109010376548262 0.0316385551741727
0.0137045378288622 -0.00975826689365796 -0.0257870376704425 0.10129322840616
0.0332798673366372 -0.104913484242009 0.0673942391439586 0.0449405638572268
-0.0027485463711217 -0.182250193872887 0.0743970929571298 0.0397543936876542
-0.00369940224277833 -0.17514824506577 0.0876085929480402 0.0402553127619376
-0.0199090646372228 -0.145608667204162 -0.0789435007963419 0.0034162967985194
-0.00909398830758491 -0.161168537261183 -0.0705867345900652 0.0507773428761875
-0.00393165912520012 -0.0692825929075726 -0.0675481927905326 -0.00618102159323215
-0.00910346467595033 -0.0128842202919856 0.0166008412939593 -0.0312202865067686
-0.035977691595778 0.0444505339608821 0.0709351198437723 -0.00590967471198908
-0.0700942562728602 0.0346072008926533 -0.00183281341134783 -0.0386182269160634
-0.0659486546150702 -0.0289617821330501 -0.0325216213190551 -0.0676423534250147
-0.0459799035354595 -0.078211017398135 -0.0204508358001263 -0.00794536162914347
-0.0891793632687891 -0.0813672228888728 -0.0306632786562601 0.0205497165499133
-0.153119239247223 -0.012827918093585 -0.115064897022681 -0.0299471031145137
-0.094190890126832 0.0594083410462148 -0.217542055555893 0.0195393473618319
0.0570510662691244 0.00471398488593491 -0.137332804533496 0.157528165139587
0.104663919700074 -0.118734348254442 -0.00553783183909853 0.147253500737444
0.0554715222142581 -0.20749362876612 0.0557389516202159 0.145657073520292
0.0311561982701088 -0.188718840230041 0.0948379392198157 0.124607867716143
-0.0372694986549076 -0.0863363948498633 -0.0497003366436468 0.0388174937720962
-0.0414070478482933 -0.100823921716806 -0.0378659858502958 0.0772037435644075
-0.0556965522117583 -0.0233160532357376 -0.0437573328651817 0.0365310153146875
-0.0196777395620383 -0.015245224979944 0.00437184447578552 -0.00151590228223967
0.0226000022120604 0.0339398939013167 0.0237457658181597 0.00436677349730562
-0.0113573025877263 0.0700692497629079 -0.0490916226462975 -0.034409619768732
-0.0450407015460363 0.00314036224040532 -0.064764198328726 -0.0675564169472734
-0.0332544112712889 -0.06693991532532 -0.041179170925056 -0.0351625647226268
-0.0774457549150033 -0.100363245577356 -0.0642788402822026 -0.040840494138746
-0.172043892722657 -0.0412628864721738 -0.193243649350337 -0.101397512283679
-0.105578603508487 0.0797051109151143 -0.382605929056993 -0.0164763592211188
0.105937180632308 0.0306253545023898 -0.338444400840127 0.219304649848727
0.169361061424565 -0.111826774699066 -0.15134520958622 0.281806415388823
0.0968460551542371 -0.196597017870132 -0.00676145585735293 0.278190902686477
0.0568110908891334 -0.165267118018952 0.0807320744257601 0.218799554742209
-0.0284537463058901 -0.0311464994437054 -0.0162909553547231 0.0476619344292989
-0.0315824591053009 -0.041614124973257 0.00604436298129343 0.0532489872603647
-0.0574435367769075 0.0166295294368442 -0.00676539322813838 0.0182050752253796
-0.0198641276021111 -0.00859303194391198 0.017262250221651 0.00324045777160355
0.0463787774340197 0.00562861160155364 -0.00492386984115871 0.0188937816994146
0.0220131309877719 0.0580004073667951 -0.0767037718019914 -0.010562098625792
-0.0198799026246465 0.00858946185785949 -0.0858061784985346 -0.0557202781946183
-0.0145308746649346 -0.0454352212532045 -0.0582551418656602 -0.058629142086915
-0.0484870969908494 -0.0780824665441899 -0.0893911139085031 -0.104235498867229
-0.135329476778469 -0.0352762773428319 -0.266956981710674 -0.180902405255071
-0.076653051547019 0.0878608443111053 -0.565357936720368 -0.0655026406696528
0.118379450291201 0.0434125498576897 -0.590961450350422 0.281766384048413
0.166703396524528 -0.076200708279383 -0.341967526497786 0.445954626441335
0.0910236983538688 -0.141767701966651 -0.094511716272044 0.414084520589928
0.0544347800447619 -0.102218508562157 0.0549532729474913 0.298688323569598
-0.0194775564921062 0.00207875565103734 -0.0204781141032671 -0.304433982134287
-0.0137824559746348 0.043705714670496 0.153091624706675 -0.449240133439397
-0.0449084431260173 0.00686541220218307 0.410664817880226 -0.519948938125645
-0.0476705248945341 -0.0129378433269653 0.696213990841661 -0.324557525369162
-0.00213349218413613 -0.0468109670419696 0.632544790409317 0.066092116016391
0.0166560167213984 -0.00811833170125289 0.30949201252743 0.19921478134203
0.00514428130401481 0.0142744670948182 0.100705995086855 0.127614480574325
-0.00739727887507972 0.0151216531543607 0.063693498664153 0.0610317636232456
-0.00165072560803686 0.0106390334408058 0.104650388526262 0.034269577428415
0.00260294849639723 -0.00837711247740322 0.0896728433695675 -0.0121612405916092
-0.0105436749288611 0.00492079281663508 0.00625571205335306 -0.0241481954386629
-0.0143331523951069 0.000153093372826457 -0.0322069982535255 0.0275411821557759
0.00392872343869525 -0.00920055847117311 -0.0127314958096432 0.0128795814742935
-0.0101892704834229 0.0112046784052195 -0.0247566656064558 -0.0185800416780984
-0.00276027739443131 -0.00925352465583996 -0.00575664673232936 -0.0480959918507853
0.0235122917090158 -0.0917169402109427 -0.0299541604736118 -0.289596901506212
0.0792227981098218 -0.0682383810198886 0.138032834956931 -0.406720341694827
0.104201853577237 -0.0582704905182303 0.371565930621308 -0.466060873980091
0.0451713867741507 0.0307671377626868 0.640525566784482 -0.275151363068409
-0.0948495384761995 0.00302329273242988 0.579773372203635 0.0756034249951728
-0.105225175430505 -0.0703276553195694 0.275142463134474 0.183572172903162
-0.0405918483276584 -0.0587134737204572 0.0908716272984638 0.113758548767001
-0.0267234127956321 -0.0164057452135724 0.0597025736327465 0.0620471941283494
-0.0173480184943754 0.0329629415275954 0.0983032420284899 0.0389071157387163
0.0341214808938173 0.040631892206825 0.0776366538308403 -0.00834523905044262
0.0234971658347274 0.00147134617491794 -0.00238545100777028 -0.0140162327417912
-0.0499491745432116 0.00207310018752965 -0.0251491366885579 0.0233031047397105
-0.0464505154479558 0.0159971221756933 0.00260257644280723 -0.00596802993195041
-0.0557105128646172 -0.00874886627602912 -0.0171038225947306 -0.023320151590116
-0.0351345786420955 -0.0425403758482257 -0.000879011932709444 -0.047777301248053
0.0446936044933317 -0.163928253371153 -0.0588438272894491 -0.228180232215674
0.12157605296235 -0.152143416612242 0.0638295573111841 -0.279756804267809
0.169560432876834 -0.0937570163000214 0.212087635193846 -0.317664449499971
0.0712914949119764 0.0458341334759997 0.428859486224856 -0.187028469535939
-0.14007544432793 0.0223454945744408 0.418646576552462 0.0523908998978173
-0.167527517420202 -0.0982578740785872 0.196141693481525 0.118243725691439
-0.0710593098729308 -0.101725477918467 0.0648253498940646 0.0644260934705633
-0.0414974597587276 -0.0437396099991341 0.0451486497277801 0.0557361842207077
-0.0382323930733691 0.0342554170593249 0.0767692908420694 0.0546983418471997
0.0151134179241795 0.0688696250592068 0.0524919764940915 0.0104530362190778
0.0204345670040014 0.0210183239641886 -0.0202481736783037 0.00571048944635147
-0.0479126844945492 -0.00495586924913382 -0.00230838146868751 0.0220083577169674
-0.0592292243309747 -0.0108251733642004 0.0398805033733496 -0.0417559550380393
-0.0740584278587741 -0.057612548618183 0.0148698754282562 -0.0425858924580364
-0.0483017673111871 -0.0847254318975904 0.0271705867539626 -0.0440698241971017
0.0360215216395182 -0.196643080793901 -0.0845582693498696 -0.143330866445422
0.0985594195178386 -0.191533651236925 -0.0173347529930692 -0.140720470557288
0.136790806444113 -0.104309006145739 0.0527645611296601 -0.186308179380229
0.0412745501980162 0.0236441191354839 0.213313183439564 -0.123251633082038
-0.127721779892341 0.0240958338424318 0.252081940827125 0.0172418791465077
-0.160051625121879 -0.0750971143506723 0.114435289709788 0.0419194628900115
-0.0817570131670348 -0.100061756767692 0.0329217601451433 0.00314815864210731
-0.0501639386696411 -0.0638256689764261 0.0238456196252444 0.04099638153756
-0.0650221179969008 0.00849175367273572 0.0452573976233697 0.0665383068267127
-0.0454241419970746 0.0643377140228485 0.010694232866746 0.023109189884556
-0.0165980264373672 0.0452955658595292 -0.0495675245035311 0.0253415056425974
-0.0180195022776953 -0.0112591921327361 0.0126240145752556 0.0492552079280404
-0.026938544767101 -0.0675113018421865 0.0744846853959011 -0.0266225606823898
-0.0550083348182409 -0.126421978923613 0.0539910800876486 -0.0265754451915468
-0.0375034874792565 -0.133804324572539 0.0614511949877365 -0.0180374780449488
0.00662529395682624 -0.185397718636902 -0.0928439578054101 -0.0602335364186662
0.042239367521998 -0.193480119970835 -0.0649089233421522 -0.0260401082114639
0.0662738047498794 -0.0961824681002525 -0.041914075075712 -0.0852472310179367
0.0080634391573319 -0.00131354239381606 0.0764784289447309 -0.0752242900371917
-0.0887897477299278 0.0347613380012553 0.140207037088536 -0.00461897759694287
-0.121851712433062 -0.0203567530789788 0.0513603151184367 -0.013244473951379
-0.0796980018557624 -0.0676365954048023 -0.000271099155024126 -0.0436517627947528
-0.0536214468814541 -0.0745341793952646 0.000667704094521469 0.0195517699907524
-0.0854195095641573 -0.0340222666549258 0.00896032302407216 0.0578666592120894
-0.107010087496989 0.0338369969155701 -0.0470957426710428 0.0122411527615559
-0.0589662089771468 0.0550267530994652 -0.107294535731073 0.0350944943553959
0.0155407130020889 -0.0105621760012174 -0.0209735550547124 0.101801679072309
0.030323778403602 -0.108080206907934 0.0684565966471324 0.0434584555304555
-0.007047466268442 -0.18209050134915 0.0744543154785347 0.0396144516967808
-0.00730295670397996 -0.17329372346911 0.0883497957946389 0.03988419679963
-0.0244411009944083 -0.144286239715971 -0.0789775496856406 0.00397820862274647
-0.0130937699283445 -0.161597591453082 -0.0678226193929768 0.0509199959689472
-0.0045328677686576 -0.0693895035693577 -0.0682658089133922 -0.00419726834377959
-0.00940388254705113 -0.0122541900006405 0.0140188484663759 -0.0325133052546849
-0.0350364959517073 0.045138841060186 0.0707897462254626 -0.00753491381598108
-0.0687020247828097 0.0381000728549559 -0.00319304282203978 -0.0378212644156462
-0.0658465390612329 -0.0248045401009702 -0.0343964505983116 -0.0663739387664141
-0.0485966601870062 -0.0744952343249348 -0.0218796625995682 -0.00554486318354525
-0.0922671936041605 -0.0760264994832876 -0.0297031002884556 0.0229447711812806
-0.153539987369817 -0.00443072303065964 -0.11595776934602 -0.0257387405290344
-0.0918613759953376 0.0654047246304033 -0.21535880586225 0.0289085427795095
0.0582461445457812 0.00312143813402992 -0.128859942773604 0.163375878199619
0.102166949137776 -0.122886002138171 -0.00127187912654455 0.14666214957252
0.0498002589431978 -0.209022394428319 0.0576993897990511 0.145217431027913
0.0276467784557444 -0.187527351877744 0.0975342827816633 0.123595376652322
-0.039455730265376 -0.0850562627716722 -0.0481202260618552 0.0377253803498003
-0.0443714352063043 -0.10116430532819 -0.0362598190064117 0.0761728527103726
-0.0549741905154846 -0.0220958555759598 -0.0431366306639809 0.0384232317070996
-0.0206585898751173 -0.015754115326825 0.00466212082037855 -0.000887388537304471
0.0233761787948423 0.0328599089801547 0.024532634088963 0.00446142243495015
-0.0075284839110681 0.0711615831866071 -0.0497674184166357 -0.0318723591631903
-0.0437680170670267 0.00610032834841524 -0.066132303962964 -0.0633537282223258
-0.0360811723996784 -0.0643348320710486 -0.0422307665544538 -0.0313755687755196
-0.0825317249080253 -0.0947187995046952 -0.0659604610503436 -0.0344049055115011
-0.174545325848457 -0.0323330782568521 -0.197647341828045 -0.0912247890136661
-0.102108383020608 0.0855371973870309 -0.383471203994449 -0.00052851854971948
0.108652233069579 0.0273410233727563 -0.329482458017935 0.230692925096925
0.166317713301281 -0.115440406828689 -0.143566063137266 0.286709814562461
0.0920170196524923 -0.197951726876045 -0.00034831187836263 0.278372819134377
0.0540249755459401 -0.164949063589574 0.0845660639465609 0.217652534133934
-0.0290880465491257 -0.0299597319284677 -0.0159672235343305 0.0465617526594321
-0.0313978085685566 -0.041555727780772 0.0060511522736254 0.0509823695374903
-0.0566039892186335 0.018553061402476 -0.00686590884612251 0.0189832586550164
-0.0207714942348396 -0.00826659514257524 0.0176825218358805 0.00426958302084723
0.0457164070630453 0.00284420613619544 -0.00389185528812902 0.019825427427723
0.0252505689122846 0.057697026589617 -0.0754543758851842 -0.00749006007287854
-0.0194786495586769 0.0107788646878608 -0.0869093620530991 -0.0509308577486488
-0.0168612503846451 -0.0433690942727013 -0.060719346004171 -0.0535152114750376
-0.0527602972181045 -0.0750377236135377 -0.09456649263072 -0.0963313551395932
-0.137500000024148 -0.0285887201169383 -0.273363611949935 -0.166609115660786
-0.0730576805255001 0.0922543737563746 -0.565530315806483 -0.0419018797962446
0.120675853460403 0.0410377101720519 -0.579129972169221 0.302299486150025
0.16500723135286 -0.0804440131613399 -0.326793219775171 0.45712975079731
0.0878008343423907 -0.143346028661577 -0.0831969675147328 0.416528473853256
0.0532503856160979 -0.10316444105431 0.0611788270590838 0.295750248446549
-0.020178476391821 0.00203684031395665 -0.0278122548981349 -0.300858161427834
-0.0135188040895707 0.0442152659012165 0.134821891750143 -0.452610474415373
-0.0442044351899162 0.0082516691858159 0.387435998824339 -0.529432223655903
-0.0482894582033458 -0.0113045466432918 0.678002779152466 -0.353863491565
-0.00408892969851947 -0.0474478752893843 0.629078937577792 0.0353645945597993
0.0172715163872876 -0.00994469279716164 0.316642051284002 0.178064288725021
0.00563700249750136 0.0132427926003603 0.107095019522326 0.117306258369058
-0.00678307453150588 0.0156998381253372 0.0669323469752178 0.0551664228002235
-0.00110660385194373 0.0101086569441501 0.105438759677871 0.0266825596793959
0.000809160520114603 -0.00896895270162562 0.0866860691802563 -0.0168302458928766
-0.0104085137735831 0.00564843062550557 0.0068767527459351 -0.0232380364968228
-0.0152535930452246 0.000463887979271833 -0.0289370583300229 0.0275458511265064
0.00336718534044122 -0.00898341367004487 -0.0109791277008489 0.012748766001254
-0.0103886811213538 0.0108010978803236 -0.0251067357086581 -0.0160240770572197
-0.00359400412247797 -0.00955689615783887 -0.00631696668649824 -0.0471416929224003
0.0207910606857084 -0.0914082355411109 -0.0390364485086309 -0.286520953291479
0.0765360416483981 -0.0707945046104568 0.123631537767045 -0.411512306779398
0.101409176708902 -0.061201467857936 0.351553026353507 -0.476034336909964
0.0483044896445019 0.0290422818380102 0.627014088621373 -0.300263260765128
-0.0928747338448065 0.00841505141562345 0.578093867480827 0.0439969591582347
-0.108910099232216 -0.0627129501907646 0.28300591701182 0.163299818568389
-0.0437858838482646 -0.055623689857265 0.0959506014465654 0.103507896755913
-0.0274305775437093 -0.0140540038486038 0.0618126483357363 0.0564201004013022
-0.0149797049922147 0.0340257649527698 0.0983487185319552 0.0322223050279708
0.0354687418285594 0.0386824877255794 0.075123976565611 -0.0122547745215469
0.0224640715483637 0.000516207485694866 -0.00231061352371214 -0.0138670044766403
-0.050340807513403 0.00449937322852554 -0.0227217655313343 0.0238181973361288
-0.0452557255435159 0.0174461933566156 0.0030813871326469 -0.00598632214532408
-0.0565041238912772 -0.00730855240519054 -0.017377643840755 -0.0206422508004966
-0.03675086646274 -0.0411830909203796 -0.000360947621363912 -0.045796350579129
0.0388748847278193 -0.163436590600774 -0.0644897917032301 -0.224942117891829
0.116223214302617 -0.154317859447208 0.0530860602845594 -0.280952647066405
0.164999391050478 -0.100051167560405 0.199357743881274 -0.323071979669829
0.0749988857873378 0.043535664834684 0.416481662276937 -0.203692905746004
-0.138052207589355 0.031062148135059 0.417628170524201 0.0308243348199131
-0.171382821339835 -0.0869732749625122 0.199499257433236 0.104457990200975
-0.0763685989600754 -0.0938512667761533 0.0676690519275743 0.0572937104959623
-0.0431295450592501 -0.0385668027775445 0.0470794069622562 0.0512266634382409
-0.0368297162986971 0.0369953718984846 0.0777405182440703 0.0489618575238693
0.0172416851573271 0.0676076896830813 0.0521232795141487 0.00604400453039416
0.0202169739456254 0.0201243982122729 -0.0193590675621202 0.00591270236733772
-0.0473957462570389 -0.00262239826993797 0.000100347293245803 0.0204871831904507
-0.0587244786347868 -0.00953822092748429 0.0387938764930985 -0.0433276598874857
-0.0752883636750293 -0.0558337425909109 0.0125978752086133 -0.0408247124766443
-0.0510750078720622 -0.0814745736862172 0.0261924629309488 -0.0427380854431625
0.030322435237784 -0.194087047628959 -0.0881932373867586 -0.141448053430114
0.091908718764638 -0.192836410821637 -0.0212482385823781 -0.140910620044898
0.132830993661589 -0.108233297921087 0.0449935356560979 -0.18739899907722
0.0433483165734837 0.0222383880834812 0.204023133010821 -0.131751211325203
-0.125003074957942 0.031098427872148 0.25023861436145 0.00565722297914732
-0.163183027934796 -0.0644519318877183 0.115412584378258 0.0345110483474442
-0.0866260741758165 -0.0928406642860173 0.0322714205993886 2.81410985467074E-05
-0.0534962380307936 -0.0579411813482781 0.0248696525839706 0.0387405887049668
-0.063081608722513 0.0134128612134994 0.0480111154388941 0.0628683906778032
-0.0417194388270609 0.0668459830715074 0.0108285288202158 0.0198593824577821
-0.0142405774433771 0.0454829156673299 -0.0480423053962248 0.0268928962588888
-0.0178251262175264 -0.0111159652898758 0.0160158970333053 0.0474870829592315
-0.0287908971223652 -0.0667929879812897 0.0730657288795631 -0.0286155636601227
-0.0573580979474332 -0.123638983910458 0.0523092094889648 -0.0257944396465181
-0.0416211163801189 -0.130860161827839 0.0611672681637388 -0.0189917384559107
0.00170140277529718 -0.183709710704393 -0.0932815559644708 -0.0584511335946913
0.0365239536007893 -0.195235123290024 -0.0635296054629856 -0.0253906825463952
0.0634132739617476 -0.0983290463469176 -0.045656801829859 -0.0827735100261928
0.00881863868479814 -0.000923985814681617 0.0705324500314629 -0.0779067240333469
-0.086084896410556 0.0392497576997724 0.138913741078444 -0.0105330425844674
-0.122650645137011 -0.0123534545300228 0.0498461570303255 -0.0145249801156683
-0.0828691210527964 -0.0607434640159396 -0.00266849219542683 -0.0444124432829243
-0.0565758251088671 -0.0686133446147773 0.00149711113623817 0.0193065779360922
-0.0865954429283402 -0.0282361361562377 0.0100999041031681 0.056669403801296
-0.104607326251213 0.0395993907138612 -0.0458191099956579 0.0125545389366491
-0.05635269257029 0.0577759001917442 -0.104143629182647 0.0390285748248163
0.0157251799669042 -0.0108211036294073 -0.0142971794768924 0.102458554925435
0.027890766245951 -0.108377952150058 0.0700418390303049 0.0398387749917606
-0.011435070351034 -0.181175070493119 0.0733294082683417 0.0386105975726157
-0.0126724004459762 -0.171401494605874 0.0892138642591555 0.0378710920342807
-0.0274330995993702 -0.141632955253626 -0.0787239408682226 0.00445185448938626
-0.0168742368758242 -0.160960746674404 -0.0645008830595532 0.0509241957299781
-0.00670501589623289 -0.0696785603242215 -0.0685515443065834 -0.0011744913989026
-0.00905325773134703 -0.0129331484942402 0.0102281196029722 -0.033127175343549
-0.0324303547842217 0.0473171022164568 0.0699385125291802 -0.0104861656155215
-0.0657776559117148 0.0422995761623146 -0.00528520923029126 -0.0362634458501072
-0.0665601161990726 -0.0188867701622559 -0.037512629675384 -0.063216274853237
-0.0521348910083559 -0.0684582564225404 -0.0211104769866502 -0.0046128986099173
-0.0955437037750735 -0.068256800434477 -0.0288279962286241 0.0250662131276785
-0.152991569847151 0.00480745104460455 -0.115379955907321 -0.0191378350060709
-0.0883892317569939 0.0706801954514535 -0.21171314529608 0.0380501719390892
0.0592713599152516 0.000214817774457938 -0.119525908912115 0.167535477939341
0.0976909720781004 -0.126262169372696 0.00354826585003816 0.14562276091546
0.0438118375167609 -0.207556103540195 0.061327669930781 0.143758131144794
0.0234937364606359 -0.187008569408423 0.0993753492802117 0.120360096308122
-0.0407051975665542 -0.082688834936433 -0.0473567164254626 0.0379828884147625
-0.0451582624760743 -0.0994050370656034 -0.0326128271404298 0.0752641954193013
-0.0548446111480777 -0.0211350318944906 -0.0426726389083514 0.0401712399098278
-0.0214794617615732 -0.0154815471994683 0.00375495384283593 -0.000941488758752613
0.0240408366749106 0.0305466377710545 0.0253681209478847 0.00451474057739827
-0.0034827149599897 0.0705043319378937 -0.0495472577508087 -0.0283961132683117
-0.0422994842464592 0.0100316524683363 -0.068391029886634 -0.060150920195281
-0.0389644437355105 -0.0597471877473111 -0.0439759077331462 -0.0279805449245029
-0.0885353282015387 -0.0879175555620392 -0.0666489415551247 -0.0289003429289718
-0.175358314502598 -0.0210165711695628 -0.199281819806128 -0.0792224526391163
-0.0970856906536822 0.0925607866208169 -0.37950585913021 0.0191930858001371
0.110151717362573 0.0236094513704079 -0.316730608439955 0.241860601474997
0.161321771748128 -0.120599166418571 -0.132205112502889 0.289970138740343
0.0858318556363422 -0.198880574019794 0.00695727743297461 0.27727134505057
0.0486076496744008 -0.16537802027156 0.090887281311624 0.213712456047041
-0.0294488070610813 -0.0293942614756305 -0.0149061458286204 0.0454989531552411
-0.0328635953979977 -0.0421968831442483 0.00799457708902365 0.0489856029521565
-0.0555992207302906 0.0199209392768725 -0.00656051887382651 0.0199631847740687
-0.021187042433952 -0.00776043143607309 0.0194230811696041 0.00355392033702355
0.0444640475756741 -0.000572368073941743 -0.00323614341019923 0.0212387974168506
0.028292932905331 0.0564887418609235 -0.074016792253714 -0.00453445047054751
-0.0186433992934266 0.0129140376951572 -0.0874835302696467 -0.0449342855332728
-0.0190531736689734 -0.0407086120841814 -0.0613175674638707 -0.0468747327597886
-0.0562728003750906 -0.0706350045265802 -0.0996326462904511 -0.087079372579943
-0.138117164221677 -0.0196017981044067 -0.279760733545824 -0.148581460257045
-0.0681032072964424 0.0983937929426557 -0.56069283816294 -0.0128580172083406
0.123915528968523 0.0359461774480362 -0.558726003322659 0.32397285468522
0.162024706980846 -0.0846150865984401 -0.307824701366422 0.465079889070214
0.0817296059725609 -0.144410907376387 -0.0694534680414439 0.415655799693463
0.0506975769104246 -0.103487614213119 0.0695289399948386 0.291550480047266
-0.0186651706080952 0.0020036921743061 -0.0396490440509631 -0.293639046083964
-0.0123545512360125 0.0439809372302683 0.114174545250263 -0.450204117244794
-0.0440794568689056 0.0100406620180606 0.358535255436362 -0.537591032730764
-0.0475372661495018 -0.00856542224772954 0.64634054246398 -0.381963962846427
-0.00671656548789388 -0.0469434593818912 0.618214695648479 -0.00298706265644056
0.0164464334765993 -0.011122540963184 0.32113314773864 0.152297228712843
0.00689180972807592 0.0118546368752187 0.1126740509819 0.104752631213898
-0.00633886358986184 0.0164282874769264 0.0679382060043806 0.0470638518266989
-0.00143442035417873 0.00943141969076135 0.10362203462069 0.0179400784694442
-0.000641589148673522 -0.00912365564739923 0.0836954346345419 -0.020685006800126
-0.0104131560141223 0.00601985975016871 0.00691084766994626 -0.0234200354565383
-0.014935590621233 0.00124646566621999 -0.0259047881362425 0.0273139340743083
0.00226035632296823 -0.00843340191093901 -0.0104831929648746 0.014345313635951
-0.00939872440926358 0.0113850066370082 -0.0245218439282327 -0.0128567094987558
-0.00372166252696285 -0.00857626691139944 -0.00789117564025754 -0.0451558292916766
0.0163886548679067 -0.0905665709968986 -0.0481966984811781 -0.279032088709655
0.0721366329656128 -0.0718840973836726 0.103318570990057 -0.410112197775374
0.0968896125268693 -0.0651769901228228 0.324419483676546 -0.482021523894699
0.0501270520422948 0.0262048022046891 0.597761892443408 -0.326142201538946
-0.0912372909684102 0.0137530075107614 0.569499230980126 0.00936185247832476
-0.111221758074826 -0.0543221352104655 0.286818024817575 0.139187715845422
-0.0468731693864081 -0.0500493103515488 0.100992413885433 0.0923310777427179
-0.0284511359842249 -0.0110084381640978 0.0633853098951063 0.0495256875916393
-0.013193500526292 0.0337153970527426 0.0967357601227011 0.0235361607665008
0.0359450717512005 0.0357949025687096 0.0718495197543275 -0.0157706376745266
0.0210797615613243 -0.00148677539239175 -0.00196525247499942 -0.0129408867480219
-0.0498316533047786 0.00703294358229142 -0.0196007584607393 0.0243512284971075
-0.0440402948202221 0.0188125439105972 0.00419790846213219 -0.00600198193659775
-0.0557867520147156 -0.00614338469856081 -0.0168867901346973 -0.0182664376082781
-0.0374652068005761 -0.0386872423248775 -0.00170988440784902 -0.0445724651285199
0.0323703590529155 -0.161124148852682 -0.0718106498774039 -0.218825338427156
0.107660039675822 -0.156554563762832 0.042626012659285 -0.279734498396605
0.159054054356696 -0.105462693696634 0.181231006651612 -0.326742119660113
0.0779062507317435 0.0398089832836378 0.396836772146413 -0.222680244078275
-0.132097079134306 0.0396799666250857 0.410046700423489 0.00668630734872094
-0.17419935081111 -0.0726499684062935 0.202037042677856 0.0881977526813612
-0.0809324037194902 -0.0872613073880831 0.0704277993006392 0.0496604606362189
-0.04481728152754 -0.0341636364040281 0.0488395203884059 0.0454860506990448
-0.0333795630675367 0.0393182883031243 0.0784448930949685 0.0419756848237725
0.021190539238726 0.0655388377076772 0.0501373107068217 0.00298299870487052
0.0204227470317921 0.0182171380229583 -0.0185131748250058 0.00654175103687929
-0.0472626017188075 -0.0011946463984551 0.00339938815516198 0.0202109075506146
-0.0580832646864425 -0.00780563780542411 0.0367034174772162 -0.0449943445307223
-0.0767624163816535 -0.0529454175741811 0.0113512160072589 -0.0390655529052671
-0.0531867216381721 -0.0781536255326322 0.0252003990191334 -0.0414969752830219
0.0220277168764234 -0.191329233257454 -0.091360289787676 -0.135950473351555
0.0817098704549657 -0.193437687713472 -0.0257904381472034 -0.139072133917399
0.126199369967113 -0.112717246449635 0.0352919963973921 -0.184758883231636
0.0461369277888359 0.0209104141325013 0.192762222005943 -0.140233045200822
-0.120259409337349 0.0388686040902938 0.244461507508393 -0.00869043952911213
-0.164396959467652 -0.0518754323625886 0.114220248697456 0.0266361581298693
-0.0913605706423749 -0.0837427795175249 0.0324616846148673 -0.00393743769609522
-0.0562174297355438 -0.0516569222710639 0.0266418793481222 0.034515686402776
-0.0618964912430549 0.0188666447036919 0.0492411119640981 0.0584831817800615
-0.0370662802887426 0.0688751256168004 0.0115694957084539 0.0183919695785236
-0.0121313357584629 0.0457358930079056 -0.0450387067182615 0.0277568909393932
-0.0180102675956123 -0.0104174337394393 0.018986311370068 0.0453241706291263
-0.0307111808922918 -0.0652113600483233 0.0709599512857235 -0.031932099802566
-0.0614776716705666 -0.120655810824157 0.0489732181217327 -0.0262408354741375
-0.0452564460402488 -0.125357894034231 0.0601473930800891 -0.0191808508365927
-0.0042893331706125 -0.179580518826868 -0.0949508091267297 -0.055056334018285
0.0283602026195705 -0.191978646995908 -0.0625752894089277 -0.0251383501211407
0.0576731038099586 -0.100735495911033 -0.0486920230380565 -0.0796466141366365
0.00973650155041886 -0.00247339734849265 0.0635507771796497 -0.0803999842324925
-0.0821210555640049 0.0435722661216487 0.134070115560397 -0.0174786425346874
-0.12115525969337 -0.0037513847094846 0.0474331238266732 -0.016726478802378
-0.0848534485987847 -0.0526051345991328 -0.00538452312162852 -0.0435893121313845
-0.0596663339995886 -0.0613998288085452 0.00285902902991804 0.0192205699024413
-0.086701235193127 -0.0205583190004697 0.0133608889805854 0.0552500746621922
-0.100437982726705 0.04669578382602 -0.0440439657640383 0.0152003658646572
-0.0528789506275056 0.0608176274107389 -0.0993396281541328 0.0435207220505793
0.0160945828387259 -0.011765292711202 -0.00718521440036669 0.100489854273465
0.0233484825050014 -0.108801969860657 0.070263426070418 0.0368050641731883
-0.0195766311389322 -0.176801251494233 0.072917280692216 0.0366717988535323
-0.0188421902683277 -0.167310021140573 0.0898535450353363 0.0347070054880697
-0.0313389576334508 -0.137286263817267 -0.0768048125312617 0.00603000436412029
-0.0230519905897466 -0.158469324832749 -0.0608695148811399 0.0506526221091026
-0.00881043632438669 -0.0689892892256037 -0.0680656958126132 0.0015184652342389
-0.0097567121646062 -0.0127782854432766 0.00786709724521479 -0.0333610815650805
-0.0295337685347424 0.0475439749271494 0.0677713361756556 -0.0133886438346763
-0.061973240717842 0.0460435633317335 -0.00628063674676959 -0.0339979239895993
-0.0663718256510344 -0.0124827930367689 -0.0413219810500493 -0.0603080755715033
-0.0545165469884901 -0.0622657862927365 -0.0217615211743649 -0.00224811004249783
-0.0990149811401641 -0.0590519816346147 -0.0268146950288377 0.0268812897810291
-0.150984115635776 0.0146300275884877 -0.115152007154439 -0.0122562590972442
-0.0824367383644382 0.0751712501171874 -0.205018482148494 0.0485478886838201
0.0598963341506876 -0.00255887495622822 -0.107383407570327 0.171079070888994
0.0911370900023708 -0.12927275639212 0.00979981760295198 0.143016849102962
0.034878849102058 -0.205020149158475 0.0640428224525927 0.13970117130868
0.0152824636110167 -0.182680872183808 0.103211533115162 0.114968945285632
-0.0429717309316121 -0.0783334042773846 -0.0450236806535159 0.0372707149040041
-0.048825368450459 -0.0972558996647177 -0.0289002727251994 0.0728579513526093
-0.054293919629433 -0.0186101242873928 -0.0400081836229546 0.0419633217471665
-0.0218122198505217 -0.0143457753008263 0.00265575753164314 -0.00124934288679243
0.0253810765388286 0.0280163965166062 0.0250004624787874 0.00341947934024078
0.00114383836041192 0.0708301919226973 -0.049460517707634 -0.0241202226721297
-0.0398178148254549 0.0142468907882844 -0.0703656457017301 -0.0545101013407106
-0.0417387870435351 -0.0534310882721435 -0.0442380830621694 -0.0230866611620772
-0.0921231969135535 -0.0799755435799429 -0.0673802763184134 -0.0223053219588248
-0.175141232850772 -0.00855720348810529 -0.200902622175366 -0.065920559466984
-0.0900138663769582 0.0977496980151107 -0.370250318380874 0.0401041958614802
0.111243450821914 0.0177212939928129 -0.295731030038357 0.253668367662638
0.153850055360872 -0.126258024325665 -0.117758001498783 0.290965410199187
0.0774447950411725 -0.198319572741985 0.0170278930568309 0.272552950370883
0.0413557137419561 -0.163000699074575 0.0974231740235007 0.20596528139802
-0.0303581707384584 -0.0279155695400321 -0.0130109154847112 0.0447687526886141
-0.0336097778456737 -0.0400699221058394 0.0103161292048066 0.0455012002089086
-0.0537106410702203 0.020810396088348 -0.00601085699373701 0.0212651153068642
-0.02206510316755 -0.00606076006197257 0.020701134554081 0.00305499505225464
0.0430598403798508 -0.00373297339757596 -0.00178707004031627 0.0215675001263101
0.0318713284226672 0.053654746134585 -0.0710441483078044 -0.000870387902494052
-0.0162643920561301 0.0149746874706915 -0.0872788082989989 -0.0383230466200569
-0.0207267575688978 -0.0379996990543041 -0.0625901272283271 -0.0408445511333726
-0.0610863238750395 -0.0643002370540882 -0.10320679865556 -0.0769177198863226
-0.1375208032731 -0.00965218972986258 -0.282281257778944 -0.127256039713478
-0.0600864157203161 0.101208309953832 -0.551461124505404 0.0208845075545769
0.123879407067678 0.0298910305459248 -0.531864591433935 0.347113872988823
0.156219354533683 -0.0900582611605539 -0.281249484312761 0.471259406842226
0.0758354962604913 -0.144270193551664 -0.0521615970238434 0.411394883496407
0.0458249475361639 -0.103086530592987 0.07939443664732 0.284135529552403
-0.0174074609518166 -0.000961681403243063 -0.00390782044189987 -0.288244092067245
-0.0121573461709682 0.0386254784935034 0.159804261376053 -0.421193260061462
-0.0412221942496533 0.00260046576850702 0.399146140386619 -0.483309030116361
-0.0436005220554956 -0.0124468358665017 0.662320869207637 -0.30258425572252
-0.000890138917989294 -0.0461074046851569 0.600347760115328 0.0551234138230119
0.0168263133950971 -0.00889539871958571 0.294513987843007 0.175303960315934
0.00496330433280746 0.0122486717176372 0.0996324059279768 0.108657854644307
-0.00800094697110621 0.0158929727173402 0.0614342501506461 0.0486904808984237
-0.00204465691464986 0.00920828106324142 0.097489835316899 0.0245330290569705
-0.000761294081834044 -0.00919615217147456 0.0814984929852018 -0.0112700638909651
-0.0112579992575094 0.00555265890841595 0.0112547071780044 -0.02117146143601
-0.0144891119858491 -0.000709679957230685 -0.0262415122970958 0.0232589554641606
0.00302486349171567 -0.00802091413176354 -0.00986059902583691 0.0134248536634819
-0.0101232515845715 0.00987959222967871 -0.0215888017535692 -0.0135832323205798
-0.00256317723631154 -0.00815773675039808 -0.00134536663236444 -0.0434286783973692
0.0268479927272588 -0.0865272393779987 -0.0137048089807148 -0.275205845224604
0.0803317965673618 -0.0630359774514706 0.145419863440461 -0.380444399554716
0.10315004562915 -0.0553808215186939 0.363729273419885 -0.43044025285976
0.0478993037603987 0.033528669094526 0.607666643030456 -0.253732333483964
-0.0878132359295542 0.0074484244545816 0.549224792314054 0.0623349015848724
-0.102478883614554 -0.0614523097687088 0.263136046146532 0.159113432397374
-0.0412284300863567 -0.0524649900707907 0.0897754227346627 0.0959097923880241
-0.0262703358206909 -0.0119126415412189 0.0566546736028813 0.0510526586197773
-0.0163668864693662 0.0310471533325612 0.0905318911064924 0.0295963267946333
0.0302365614495323 0.0368862449108843 0.0702602439997461 -0.00797996411342711
0.0190874304448187 0.000155810276573042 0.00114436209237221 -0.0126584787685788
-0.0499740847845566 0.000324645079071188 -0.0191564670213772 0.0201476026038718
-0.0446038217276739 0.0125110355140572 0.0047816159052729 -0.00556169458443902
-0.0529717895660577 -0.0124512520702353 -0.0138534519617071 -0.018694302377384
-0.0319963342087797 -0.0407080071333617 0.00448338157608675 -0.0423318412409138
0.0489445161881804 -0.151413085604796 -0.0411148632297786 -0.219331937607267
0.120994277157667 -0.139794643854048 0.0726641216633144 -0.262809767034338
0.16495445146141 -0.0873294718001186 0.209674650411922 -0.292923991997853
0.0738405813539022 0.0470564165489165 0.40445811639305 -0.172857756841359
-0.130048191411994 0.0292294979327522 0.396031928034667 0.0420922578366992
-0.162266938299404 -0.0846512629569591 0.187524253481806 0.102046515810453
-0.0694231649098663 -0.0892480509290733 0.064799375335474 0.0507694939156969
-0.0400299053210624 -0.0357589688427626 0.0425424658517712 0.0471666237912017
-0.0355147604466592 0.0349329574288607 0.0707725045070096 0.0473175761179772
0.013597732860034 0.0649873355287107 0.0477595706816956 0.00587103287524616
0.0174766958229089 0.0183066187733509 -0.0177784091536135 0.00460104162856604
-0.0465007870785978 -0.00689014555136519 0.00239778574586927 0.0186144276964072
-0.0546084260104948 -0.0146320209101601 0.0416182590755894 -0.0398907154093159
-0.0681550352420066 -0.0589494141286068 0.0157619988759948 -0.0353555588021343
-0.0429142525208269 -0.0801690937531364 0.0309861691430291 -0.0366636372432542
0.0418662155676689 -0.181399455592783 -0.0704898198859648 -0.141587627991771
0.0994355300565285 -0.177357251099447 -0.00603286197856221 -0.134591963618137
0.134200391177912 -0.09790857992265 0.0544419791730033 -0.173179999253276
0.04429615869151 0.0247404736474669 0.197655552947248 -0.115292078136948
-0.120048328458764 0.0284210941107732 0.238189800888398 0.0145441008461497
-0.154297639893361 -0.0644025871351365 0.108003273744888 0.0355776312632568
-0.0800940086658025 -0.0872437005801464 0.0327535996260233 -0.00287151853072937
-0.0485610819315852 -0.0521940990234315 0.0229767746291806 0.0354923894634473
-0.0608581269450241 0.0133244034151056 0.0430742844573223 0.0603294937313053
-0.0422184462539817 0.0626719042309004 0.00919317209104541 0.0174146664328062
-0.0162117610816629 0.0422980395554066 -0.0465304473911638 0.0216552049714832
-0.0155947614397111 -0.0128152066818407 0.0162099713028585 0.045807048410684
-0.0224400531961296 -0.067293684048512 0.0735978916903793 -0.0234826997937919
-0.045101487584443 -0.122625194330049 0.0513699400197857 -0.0184728266852561
-0.0293791232307204 -0.125781451116021 0.0615796324779547 -0.00975897089282634
0.0136640604521953 -0.172025204943739 -0.081906537457816 -0.064863142382556
0.0461018221814889 -0.1824784720031 -0.0544386420880484 -0.0304683347701136
0.0665187991632127 -0.0923462773203757 -0.0384616780248144 -0.0815205259181228
0.00991167157066338 -0.000909920624100306 0.068100439510551 -0.0705551747578023
-0.0833881543528047 0.0358062712736867 0.131177674181437 -0.00451494667673609
-0.11504813667425 -0.0141031158736364 0.0485075367832608 -0.0120506150968882
-0.0769359804328533 -0.0561986027146838 0.000787414465578166 -0.0433481410395595
-0.0516884830919079 -0.0628087212133503 0.000469489556148489 0.0179651645426594
-0.0809767100752781 -0.0264832481631966 0.00765018283017841 0.0542401675204982
-0.101456576330321 0.0357422447011519 -0.0435834029823212 0.00903320493843962
-0.0557455699495892 0.0539654197760071 -0.100734635469992 0.0320846368161662
0.017390257500819 -0.00978762813598921 -0.0153062486392861 0.0970576603000918
0.0341757173961841 -0.103474523650258 0.064813655444516 0.0437394541804919
0.00192346554720452 -0.172182647844826 0.0665217510499767 0.0465260852574673
0.00094575738744772 -0.1616542946636 0.083843441381723 0.0458075984240962
-0.0163168912203654 -0.134271134750938 -0.0728971916235197 -0.00486488614811379
-0.00525634366089281 -0.155266747414971 -0.0614377109299466 0.040952560273676
-0.000401819258670566 -0.0696396975109932 -0.0662874839631765 -0.00470624319970211
-0.00737626949550891 -0.0133481971580267 0.00922735309942056 -0.0311638030767861
-0.0330428586373045 0.0422997835872629 0.0668006020594919 -0.00577075231048157
-0.0640398272818325 0.0387191183836359 -0.00232697765670916 -0.0339311839498268
-0.062454519288514 -0.0171607368399171 -0.0322105997723752 -0.061438164012274
-0.0463374707637617 -0.062933864277127 -0.0202477983186896 -0.00281486615692302
-0.0895485103833139 -0.0643558725979905 -0.0274880765100387 0.0242998752676062
-0.146934904966941 0.00132994580404077 -0.108956246787737 -0.0245869301549942
-0.085043962584259 0.0641927436671999 -0.202724725591902 0.0274074032854836
0.0599987765653766 0.00344329600876126 -0.119668500128719 0.1551862483558
0.10239587212265 -0.11436104176025 -0.00550498233780676 0.140524909444894
0.0572894736074757 -0.194199727566343 0.0456104809900232 0.144441896438341
0.0349301099406037 -0.172502345237153 0.0878932440561129 0.123938008633339
-0.0339236083160836 -0.0813322314473117 -0.0468367776759593 0.029111161866253
-0.0373718619011765 -0.0983770465356776 -0.0342532858084785 0.0650913510047933
-0.0503503382807008 -0.0242185417579639 -0.0426132967147705 0.0356048142973162
-0.0206681425993098 -0.0166034593757321 0.00185903600717675 -0.00198238089528964
0.0211968213877228 0.0284143956232329 0.0248215716137693 0.00627761684669317
-0.0045222210976464 0.068374183318327 -0.0450372970542321 -0.0284129584156079
-0.0400336557546496 0.0103983457578494 -0.0622250054889197 -0.0585395156048007
-0.0355725358691487 -0.0544679109010006 -0.0402459571430586 -0.0254260467444766
-0.0809546584437511 -0.0839199081380416 -0.0629253349612721 -0.0252305092220741
-0.166768658907072 -0.0230004174578993 -0.187657309378379 -0.0814578932573553
-0.0945102506775856 0.0871819975555868 -0.361855191328997 0.00366640789546254
0.109617374876191 0.0276782848868011 -0.312046358802983 0.216767150155061
0.164124725293634 -0.104716021036279 -0.144592829515874 0.270418307505526
0.096793264157529 -0.184163785892799 -0.0139122438003194 0.266993330379554
0.0591270750696843 -0.152536512782167 0.0704330542788306 0.210742385420841
-0.0265981064713766 -0.0290827385023554 -0.0166886983540768 0.039843820045817
-0.0281332875842801 -0.0421044205742619 0.00529407129855987 0.0425508144208025
-0.0534769942866798 0.0151882942506169 -0.00735858498690295 0.0193815947330747
-0.0219201473675638 -0.00781722532141367 0.0198430729707864 0.00472297744398034
0.041033178981671 -0.000929560139196803 -0.00388535548082379 0.0218488561284732
0.0253910695212089 0.0544660039953933 -0.0673477908171208 -0.00882122576668008
-0.0165410069327541 0.0130580706683016 -0.0789018031860016 -0.0447668421389076
-0.0169826161255534 -0.0371940221436702 -0.0567485207307979 -0.0439314824642334
-0.0520469706960464 -0.0670167029841229 -0.0917657479109255 -0.0799352084858682
-0.130306572496343 -0.0193500257668398 -0.260669258723521 -0.146393497924981
-0.0639497013404016 0.0934140744056774 -0.534769895761102 -0.0321399499516203
0.123849264747752 0.0411071839083505 -0.55177114902744 0.2837728489772
0.163478139873014 -0.0723725338217289 -0.32152538060114 0.428578562281237
0.0914537595656462 -0.134070891154197 -0.0949923106085589 0.392210581303925
0.0552159445713253 -0.0964049455150909 0.0440811716189017 0.283066264620446
-0.0170434752827721 -0.0018990241599931 -0.010023270264784 -0.276179318130972
-0.0114512665600391 0.038112007340194 0.143934803828277 -0.40876120786797
-0.0394629965693752 0.00320253133181141 0.371228667689937 -0.475676485275221
-0.0422297365689534 -0.0110269240476155 0.623705052223076 -0.31200897434536
-0.00253947924452408 -0.0447612569672949 0.573086340008722 0.0312539180993319
0.0171964674202611 -0.00897212857727826 0.288404982745093 0.152397496532704
0.00619975522913476 0.0108055814019688 0.100624058433682 0.0964040686044796
-0.00652706535871387 0.0148352001778195 0.0607155679311486 0.0430735847866735
-0.00283863264354361 0.00810232203548129 0.0929514407905103 0.0179595000802964
-0.00289832141061804 -0.00882213829655529 0.0768126250479797 -0.0143170932197539
-0.010252351539223 0.00503829316770921 0.0108535721090993 -0.0208964673352922
-0.0145996537680006 0.000534663558508392 -0.0228153827989001 0.0227477071257906
0.00274925237170491 -0.00770245083876597 -0.00843404768741029 0.0136476868654507
-0.0102524627988995 0.00958335929281878 -0.0208394624100365 -0.0111278395170457
-0.00319522183250562 -0.00820392661992694 -0.00133042200110067 -0.0413304764583452
0.0235760268580543 -0.0837353041775513 -0.0171920626564264 -0.263415628655766
0.0752516703451738 -0.0628535569482217 0.130880170210466 -0.367942107583322
0.0980053102363632 -0.0547823131276928 0.337371704415943 -0.422603133825075
0.0480870664002476 0.0294832227067759 0.575440269065079 -0.263366393338134
-0.0836225809285427 0.0112957302369503 0.527241769001229 0.0370057212714577
-0.101220679394479 -0.054417760973557 0.258256527274449 0.138549565500663
-0.0417680589058166 -0.048525197889478 0.0900423521581575 0.0840526302631549
-0.0258578662761547 -0.0100370355696066 0.0559141197183807 0.0448418541977915
-0.0146726906258617 0.0311283737931672 0.0861153852580624 0.0230472886495504
0.0300267863773912 0.03477939374629 0.0655847077500502 -0.0104853593794225
0.0179000919913021 -0.000751513098969539 0.0014070295212791 -0.0122029150415351
-0.0487177760093057 0.00291124578865715 -0.0172001431653002 0.0196431201532271
-0.042821974691175 0.0127492349063496 0.00602744840796117 -0.00566005310204818
-0.0516059750959782 -0.0112348653969799 -0.0134760302727449 -0.015796594095122
-0.0312188814405751 -0.0388679814397986 0.00443912723881331 -0.0396003059194456
0.0441300648070659 -0.145126473960206 -0.0432744829317507 -0.209426657217844
0.113476327545396 -0.136821895483003 0.0649613688400322 -0.254348686972777
0.157221361516127 -0.08764328889111 0.194246746120544 -0.287714824160852
0.0733232345460358 0.0440326533616353 0.381803709868238 -0.180553458349822
-0.124579124343451 0.0346852682231333 0.380443323621703 0.0258582793920299
-0.158856667423651 -0.0732059503260458 0.183421870216024 0.0881604465170995
-0.0712783362579692 -0.081380666456956 0.0647026176030603 0.0434548949455767
-0.0406569582706553 -0.0306071933869977 0.0429914290072937 0.041458456278199
-0.0334884252915314 0.0359528793958578 0.0677681972848626 0.0412235634217656
0.0150118727042805 0.0624098953993013 0.0453751913790013 0.00474981781237165
0.0167247976240933 0.0172285942219303 -0.0163151097729353 0.00401872940035386
-0.0440471038157149 -0.00470632038221909 0.00486369527968366 0.0168369165323218
-0.0532809373860147 -0.013537273053573 0.0394089027990989 -0.0387800553570014
-0.0672711099453612 -0.056369461236777 0.0143651235231224 -0.0329216723767122
-0.0426485583320036 -0.0760877825288499 0.0293600012622225 -0.0345413391522574
0.0366559171263638 -0.17390851401166 -0.0698506621158671 -0.135419086215507
0.0918422679182863 -0.172758575651062 -0.00780218203379814 -0.130828938727425
0.126352779259887 -0.0974389714266061 0.0472768576974816 -0.167320681120464
0.0427348079894451 0.0226472142823319 0.184594479091025 -0.116612643748674
-0.113367625311588 0.0336601553529616 0.227720475564914 0.00453598281790904
-0.1518789482792 -0.0535622014247128 0.105326574507045 0.0289888739538597
-0.0811681734741723 -0.0792012729832906 0.0317156257376302 -0.00560772350364387
-0.0494351856736147 -0.0472471915203589 0.0220783540367329 0.0324120472107569
-0.0579944648113781 0.0159630574355731 0.0424779060860813 0.0559447317830645
-0.0384369194579737 0.0621803548061344 0.00896867604760048 0.0153088628392972
-0.0143467337005183 0.0417166091088759 -0.0432295264582479 0.0224873263288114
-0.015664640576973 -0.0116043232622338 0.018036225577743 0.0421616628958562
-0.0221227615828653 -0.0648732182102758 0.0702925053816039 -0.0251834767552503
-0.0471301801705204 -0.117953719382644 0.0468439065888178 -0.0165062779617218
-0.0313010532459384 -0.119035721932559 0.0593541159897316 -0.00944818012118822
0.0110807751906799 -0.164859778236844 -0.0800314932404797 -0.0619898188536995
0.0418005315330256 -0.176111253845852 -0.0527768897178941 -0.0291783936607664
0.0623391757815866 -0.0913000911562467 -0.039243707219243 -0.0765528276038392
0.00970755073866132 -0.00161362317849172 0.0610086388810908 -0.0705195025347046
-0.0792874103692687 0.0373725392916564 0.125203796197419 -0.00803586810341894
-0.111874909177204 -0.00711390661345006 0.0454699203472919 -0.0121670450589656
-0.0755103438420264 -0.0490550030816882 -0.00114068614138443 -0.0419616290993599
-0.0527464683407539 -0.0560670954076638 0.00132147929875389 0.0168204906775748
-0.0797533143461598 -0.0203025369314543 0.00907320708410064 0.0523077107953713
-0.0961893455292059 0.0395146264899942 -0.0414979294500475 0.00949178939741937
-0.0517089094120025 0.053273361212471 -0.0944662682451828 0.0347182969261624
0.0167358937209817 -0.0116772270695384 -0.00980166911335001 0.0934196754757146
0.0308784779664657 -0.100416888230616 0.0630813708300585 0.0396940562039139
-0.00158894127457801 -0.164421836708763 0.0630794809039177 0.0452563230096534
-0.00258593995700251 -0.154921162072024 0.0810991788939323 0.0428951998271137
-0.0184163836740663 -0.128682342513717 -0.0696284599655803 -0.00487235940980803
-0.00922595937618451 -0.149592966799315 -0.0587067932656969 0.0389824183482843
-0.00296760943179568 -0.067158131718771 -0.0633155206106967 -0.00292238885431981
-0.00710258977714017 -0.0128682472448391 0.0063368465063796 -0.0308451517178006
-0.0296917843225285 0.0421609949716547 0.0640357909106909 -0.0071654766787126
-0.0603025310542627 0.0409746114369707 -0.00312132959389795 -0.0306241491235951
-0.0598145848200556 -0.011648111344071 -0.033523769026457 -0.0580195180018647
-0.0475743180332933 -0.0569635106924253 -0.0189522352598252 -0.00239327023189892
-0.0894181958781242 -0.0575309470966763 -0.0255568294238359 0.0256063664973791
-0.140709286472388 0.00822935101669377 -0.105092185874671 -0.0186926310346547
-0.0794859221529294 0.0671391356579201 -0.192037657710505 0.0339330278102099
0.058612058155934 0.00127502102068793 -0.108334858275938 0.152483194706572
0.0956401113547378 -0.113362406350962 -0.00239230309374428 0.135180108055397
0.0520180504582496 -0.186801939621718 0.0469564694210665 0.139241539729505
0.0308917660693301 -0.166684569998502 0.0860539063440817 0.118489414432849
-0.0347126508505114 -0.0766586603195599 -0.0444175108900755 0.0280529031791451
-0.0378383077396511 -0.0945137101574594 -0.0305690924647742 0.0609419664826565
-0.0496730294052127 -0.0229827392635826 -0.0402263544902025 0.0366565271572712
-0.0212070199342045 -0.0151595259142229 0.00197997155638621 -0.00190203009320516
0.0207915514941191 0.02636083513341 0.0248384112333731 0.0064260607311395
-0.00192487578820643 0.0665872374961775 -0.043013728211204 -0.0257690751805076
-0.0376255986431106 0.0139789779673676 -0.0605520604083419 -0.0531444601332639
-0.0356556644223422 -0.0483924471553798 -0.0387968087574848 -0.0216755910074845
-0.0829410918521446 -0.0766338678717911 -0.0618631622034718 -0.0194349018139666
-0.161035283549957 -0.0133345739589242 -0.181768372317714 -0.0692571284492996
-0.0862534455480929 0.0893846069789799 -0.347981000953909 0.0167556244084689
0.107107779031894 0.0244841641599537 -0.291446077120013 0.218821643844542
0.154954396389383 -0.10547704432134 -0.131718854689411 0.264242273869091
0.0896960053704527 -0.178030187534192 -0.00731499047551789 0.25767266184768
0.0528437203671542 -0.146995846674671 0.0718270093483589 0.201327191694586
-0.0264446354240876 -0.0281100575876248 -0.0160903637412127 0.0376586625828025
-0.0283892772250375 -0.0411973617602123 0.00580763550398425 0.0387627084513817
-0.0506365153386805 0.01456388571502 -0.00686216020987214 0.0198863863752065
-0.021848170850005 -0.00657187536931812 0.0200324039989625 0.00328105031513608
0.0385911165242264 -0.00250904986143031 -0.00243099919567933 0.0214993162648631
0.0268451945728159 0.0519011846401543 -0.0635781076157714 -0.00647487714892461
-0.0151708198584598 0.0151386355970594 -0.0772082515418207 -0.0395274509643478
-0.0171459096426349 -0.033805414564632 -0.0551806460168544 -0.0379851063381876
-0.0527970178781314 -0.0604809872935274 -0.0916790121411938 -0.069240736127226
-0.127132042977055 -0.0120356921819238 -0.255422157485107 -0.128197716006917
-0.0575311843790016 0.0941884746141492 -0.514237459634915 -0.0116562321184732
0.120478597123907 0.0376405379542816 -0.519685157196258 0.287299632902422
0.15585988546135 -0.0734275010289751 -0.29650085391948 0.420991393633266
0.0853593539129918 -0.12995049207146 -0.082801231290061 0.379177174472888
0.0516047873831534 -0.0926212885494073 0.0486438249914292 0.27123640899788
-0.0165685674881653 -0.00166838819736814 -0.00946413282175277 -0.265617696189765
-0.0113396963983698 0.0362451177895934 0.135940189952858 -0.393379130651018
-0.0384847574641369 0.00311654517470876 0.35326545198442 -0.462607683827837
-0.0413341527515672 -0.00989585464734201 0.5955688714668 -0.3105078161657
-0.00362435108465456 -0.0436646453539559 0.552822085234742 0.016438948267711
0.0163491800529655 -0.00995322266855411 0.280630573589327 0.136641127194687
0.00499464686261813 0.0103774391272474 0.099831264042969 0.0875791702619354
-0.0061807736441498 0.0148348949623668 0.0595831738795145 0.0379484242259701
-0.00212656496739143 0.00818996385581037 0.0883329799495315 0.0126475752507726
-0.00345845470221466 -0.00852470296015121 0.0724133395209366 -0.0147095666641446
-0.0101321609944635 0.00523186038141856 0.0124851616659306 -0.0208542277139642
-0.0147239235818213 -0.00021154086786844 -0.0207426638213739 0.0214806933990977
0.00174482805950185 -0.00696896007242185 -0.00683995088959508 0.013108532878387
-0.0099120985466655 0.00929605654107654 -0.0190358735812037 -0.00881449051325562
-0.00309038181594258 -0.00759237478719245 -0.000765146213904728 -0.0389419900762262
0.0226558304499348 -0.0802160192180765 -0.0161816389450011 -0.2528835295488
0.0728647302105459 -0.0592019575104199 0.12490389272382 -0.356252523978268
0.0938537428187223 -0.0535501396975593 0.324192808357039 -0.412087016870451
0.0482557423123429 0.0287179197729194 0.550451961692059 -0.262708463383806
-0.079739535024042 0.0125699199331191 0.507030242120246 0.0251573880165905
-0.0991735371760236 -0.049898308516196 0.250399501456759 0.124721957640916
-0.041271989994048 -0.0452452670506548 0.0895863560058899 0.0761776726633037
-0.0253884492547498 -0.00728034354699264 0.0544624852665066 0.0395722233864596
-0.0132109584717086 0.0298204281996862 0.0823411025654432 0.0189451160703403
0.0288483663088615 0.0325026033427013 0.0629716431576257 -0.0112707992786895
0.0160431455439302 -0.00120991543729014 0.0029994007099612 -0.0121083821980411
-0.0473154489301335 0.00224503077842171 -0.0151024344654292 0.0176528053531438
-0.0414943812455553 0.0125548254009119 0.00585940010662631 -0.00575478144503673
-0.0507720839975371 -0.0115462561081533 -0.0118369991979748 -0.0131412462161152
-0.0304227134666945 -0.036793371096431 0.00501343657046556 -0.0371922816196904
0.0425680772378102 -0.139715539328349 -0.0411863181599807 -0.202646964671663
0.109667421409024 -0.132497333758996 0.0623823400410279 -0.245598725189166
0.151412869953275 -0.0855725794129563 0.185572073159727 -0.279349569504296
0.0734317762968309 0.0423969985003497 0.365260708890351 -0.179299251664678
-0.118678646054127 0.0367668769886072 0.36579471460138 0.0173743744493691
-0.155231053663169 -0.0666992302911997 0.178219103937672 0.0780696233255522
-0.0716082618626795 -0.0762973757328881 0.0636663149384074 0.0376333225904059
-0.0394478007917745 -0.027677859902651 0.0412444730515139 0.037583297304105
-0.0317029170369596 0.0359094884780558 0.0659998786696472 0.0365094197356171
0.0150869545788279 0.0592722414906412 0.0433517402732413 0.00300217191280234
0.0155879803994067 0.0156370319452214 -0.0154370343764143 0.00429342642624535
-0.0438649202054768 -0.00497537651438319 0.00625389423225142 0.014296106003717
-0.0520183315531713 -0.0136171678339084 0.0378865584108004 -0.0387281229651723
-0.06557560360071 -0.0555277928623405 0.013861208792017 -0.0297991504874243
-0.0408038495614182 -0.0734033542625458 0.0287929936872339 -0.0320271389934533
0.0361324127911914 -0.166792183084198 -0.0666809096351715 -0.13188994438863
0.0891597980914412 -0.166963722259922 -0.00722176692487548 -0.128423135040512
0.122816791416678 -0.0950461610946868 0.0442321954196131 -0.16231712064751
0.0428455648257157 0.022182826760743 0.175297595586779 -0.116134046598893
-0.10807104513411 0.0349109996447873 0.21883199611224 0.000710080769704542
-0.148357816221411 -0.0470815099107147 0.101512048098848 0.0253323031338066
-0.0794671536526739 -0.0717510036902759 0.0300012692495113 -0.00703804902255573
-0.0486105587922024 -0.0425428830417575 0.0223766830308995 0.029655947333125
-0.0562038832635681 0.0181563539250075 0.0411916171325434 0.052724004365269
-0.0359682405225277 0.0617102244771587 0.00889834034800567 0.012673401365492
-0.013216091389827 0.0398295192505572 -0.0410249179147078 0.0216906279398214
-0.0147868169510185 -0.0127548627557563 0.0201449825963273 0.0402149461840635
-0.0214702394762176 -0.0634159860930837 0.068090289048572 -0.0247006980689233
-0.0455793505072783 -0.114512035246836 0.0444739985109484 -0.0140116042889078
-0.0296879837987893 -0.11488617259852 0.0577517759188641 -0.00785886374896037
0.0111248182824582 -0.157679594264178 -0.0765390080345846 -0.0607089544316396
0.0398210213299426 -0.171512055237724 -0.0503169378638484 -0.0292150243496944
0.0603790164661575 -0.0892067312047248 -0.0391234727735758 -0.0733705072809354
0.010605086165985 -0.00106202669701371 0.0570006480348765 -0.0696053599766178
-0.0750045951479578 0.037784478327781 0.120075532535952 -0.00891269253505682
-0.108554021600118 -0.00459214359029847 0.0431291231577212 -0.0120733586985807
-0.0743963278810186 -0.044036669793887 -0.00207034949358424 -0.0412091854865179
-0.051214369184039 -0.0501290468658786 0.001751293215049 0.0160495521212787
-0.0771332452207316 -0.0163572181009647 0.00972051966435718 0.0505377092950146
-0.0919010341750872 0.0413458763869662 -0.0393974507399359 0.00863069256694849
-0.04902083182365 0.0534089826127315 -0.0890151442970393 0.0340511334328018
0.016991250613341 -0.0110938593864904 -0.00640769414175647 0.0906308952380336
0.0297873939404017 -0.098071939641882 0.0621651154173837 0.038869237043605
-0.00144250496108033 -0.159597080807238 0.0607242138300261 0.0451468814398692
-0.00135046824936556 -0.149058751440173 0.0798514720233035 0.0423961791128019
-0.0172429314800124 -0.123011773236321 -0.0673967273100103 -0.00567606981716385
-0.00819824699791281 -0.144627247268541 -0.0561522298567087 0.0357661929078842
-0.00236743928521658 -0.0653755754435323 -0.0619213438437414 -0.00211584643995675
-0.00731708309348597 -0.0125429342424056 0.0039625276246008 -0.0295841671011427
-0.0288213475174172 0.0412218243662247 0.0617708720413224 -0.00643518232075776
-0.0575411353302708 0.0410402275422548 -0.00318951519552127 -0.0290829795668222
-0.0574627665216721 -0.0089039385408498 -0.0330164059666351 -0.0547974655943883
-0.0458816908257523 -0.051510515823548 -0.0185498633260036 -0.00105180150224876
-0.0885856036216056 -0.0508992286054645 -0.0242047502221492 0.0254952279344638
-0.136761942706249 0.0128543484901732 -0.101199094448133 -0.0157456549729065
-0.0746119407560851 0.066767971860745 -0.1839050823327 0.0357894586789285
0.0575733009212756 0.00054994979520445 -0.100709290094832 0.149669971666906
0.0933644599271891 -0.110613741236332 -0.000505727344769386 0.130371845939441
0.0506375529342672 -0.180259159571295 0.0448549871630867 0.135360170331057
0.0308122929993693 -0.159417848146399 0.0839782266315273 0.115040756110893
-0.0331068067240741 -0.0730326762828954 -0.0428715867650281 0.0257746280844453
-0.0360627734293273 -0.0933538372334663 -0.0297934082005225 0.0579851021297541
-0.0471431619130992 -0.0232160726930692 -0.0391226968060857 0.0357727882499456
-0.0201444715906214 -0.0154613753060856 0.00069859134163625 -0.00184575236907372
0.019871542755153 0.0240137395814078 0.0240292059836298 0.00603682865720876
-0.000824903355061968 0.0642107424555107 -0.0412227664657698 -0.0231431695089147
-0.0349848710645614 0.0159582742845336 -0.0584552076879596 -0.0482955194719485
-0.0354434047949495 -0.0444337520900501 -0.0378591234699268 -0.0182811138254368
-0.0817749717000512 -0.069707956619151 -0.0596130150686038 -0.0161905911506976
-0.156872892192717 -0.00945766507134002 -0.17665044052827 -0.0620248787217891
-0.0816396805121167 0.089164631364453 -0.334023357542698 0.0227223887702916
0.104713392231568 0.0230623252678888 -0.277433698907184 0.214536313318806
0.150269124999654 -0.102712113083143 -0.125151442595506 0.256106878694177
0.0870590947688298 -0.171400698991059 -0.00630343022173995 0.249599151594588
0.0523679629145472 -0.140480190465442 0.0695724627634989 0.194863726749062
-0.0259602738074572 -0.0273414728088567 -0.0160065939116767 0.0350197446670155
-0.0263402845176954 -0.0407536043830547 0.00525672506013568 0.034752459669568
-0.0490910104473186 0.0133592110871256 -0.0063665129443129 0.0194064659719336
-0.0216768434507448 -0.00585114502882656 0.0192026022598179 0.00152332049722916
0.0361201221969321 -0.00366436352816818 -0.000929731596552242 0.0200081665914637
0.0267361595210257 0.0492210972535038 -0.06060988584595 -0.0070698964465852
-0.0136670295248805 0.0154779440013933 -0.0740718950408891 -0.0348868832948455
-0.0173512947890002 -0.0320510484708592 -0.0531230230620431 -0.0342500045108542
-0.0539191105125455 -0.0567521055629358 -0.0903888296606211 -0.0620885727363007
-0.12269628785501 -0.00861991966108787 -0.248406850471295 -0.115907117666793
-0.0540146221322526 0.093498537917317 -0.493832082291343 -0.00122817302739984
0.117639327753398 0.0357138747926308 -0.496053264431889 0.284660686700649
0.15083376801358 -0.0716719411240484 -0.283569398876482 0.409065847767906
0.0817035881962942 -0.124952886144696 -0.0778635591746691 0.366762461479409
0.0493035543459709 -0.0891909437525481 0.0463679218310607 0.261665551365596
-0.0163666520996374 -0.00208312708952569 -0.00922586955951652 -0.258866239809678
-0.0120496561908489 0.0356053325022928 0.131691175173283 -0.384310551907532
-0.0372743043233179 0.00243928869319921 0.343719020154056 -0.450887838446832
-0.0404114789155445 -0.00955149620154375 0.574262103840381 -0.308959205370766
-0.0036979052753809 -0.0434438029255496 0.536737845826033 0.0080871076734648
0.0159725010473997 -0.0102161687316374 0.275719792701135 0.126029504820789
0.00570198474231917 0.00981578442775514 0.0993498272328766 0.0803952905774041
-0.0057406921449136 0.014638025567344 0.057786920009122 0.0340668868014012
-0.00190127583592443 0.00695564900503086 0.0850976285333999 0.0101306875012842
-0.0043551652933756 -0.00796684862821533 0.0689511269943732 -0.0147509217346832
-0.00990693171055594 0.00530771584041662 0.0121036886600268 -0.0193591901265226
-0.013987935495273 0.000227251265187753 -0.0193051524619144 0.0204556011453787
0.00192535656386464 -0.00580712546717108 -0.00567953648040697 0.012979640189836
-0.00964215667911859 0.00818689541203401 -0.0177316886897392 -0.00761245243860785
-0.0024871656981542 -0.008015753225231 -0.000702764128656276 -0.0371792923412848
0.0217462778450018 -0.0779662151208483 -0.0147520778409865 -0.247662903617283
0.0704689667166916 -0.0581373753861169 0.121569932368271 -0.347674684234902
0.0914192832351404 -0.0526041686467834 0.312774864557487 -0.403112046808131
0.0484385933569263 0.027659311540272 0.532517114000148 -0.260622741817036
-0.077484046172132 0.0144292945145122 0.494005543033322 0.0172619263418858
-0.097463742743663 -0.0458069110709749 0.246477279717745 0.11403287871859
-0.0421080126055024 -0.04245374695278 0.0891756349628933 0.0695182550636212
-0.0249001245207125 -0.00696846147147378 0.053496671481142 0.0357711196402044
-0.0128683179983534 0.0298254643151444 0.078404063067835 0.0158538109700156
0.0284266829320828 0.0319549147191161 0.0602183113203133 -0.0119651840623113
0.0148915573244226 -0.00231259682409507 0.00325523932916994 -0.0124192699395445
-0.0476510567221031 0.00261137940893212 -0.0133511941292398 0.016906488162078
-0.0405951878434705 0.0122262309881795 0.00689494137145365 -0.00515004144900203
-0.0500869368831574 -0.0117749253899971 -0.0117027024631648 -0.0116400225949091
-0.0298387625343389 -0.036347393546433 0.00624166805002856 -0.0351717203754662
0.0422629418736018 -0.134769153804443 -0.0388167786805295 -0.197253382023197
0.107149538011744 -0.127868710797747 0.062106467319419 -0.241225779614497
0.148482627940828 -0.0841962370335743 0.180200392811621 -0.271825464323816
0.0735670439318447 0.0412675771277056 0.353363549707777 -0.17787459671321
-0.114735151981662 0.0391721538580834 0.357060715952549 0.0119165535574885
-0.153947990953442 -0.0609962581599376 0.17442225447875 0.0718553930382573
-0.0716322117711074 -0.0718735395259288 0.063454287351475 0.0337225123842035
-0.0394144434968769 -0.0246207078801008 0.04144502560693 0.0340044014837673
-0.0305141005257376 0.0361364032562657 0.0641280226138135 0.0332843812087387
0.0154830651762753 0.0575784965050041 0.0414808563926378 0.00104660297618739
0.0145707173438094 0.0147750416101437 -0.0137330204083055 0.00296977638477141
-0.0430343152068735 -0.00420781004443079 0.00797683557241542 0.0141768910492691
-0.0501110804081485 -0.0143560890337749 0.0372224190529689 -0.0380367387211096
-0.064930124435308 -0.0546793037519197 0.0128832317458307 -0.0270614685478411
-0.0397889545892813 -0.0716800315997977 0.0293227403773781 -0.0297464117537845
0.0366972453509034 -0.160495746235899 -0.0640030763616334 -0.128701245789756
0.0868685567076127 -0.16292672213761 -0.00580563890244745 -0.125284350547386
0.119936374348395 -0.0931295774868553 0.0425468510688078 -0.158069111925622
0.0434690238310586 0.0209869078736539 0.168635595775111 -0.115004810323745
-0.105783636804867 0.0359617208756153 0.21294568259851 -0.00182839115020058
-0.145692822834674 -0.0421562850179098 0.099420994241119 0.0228245693614137
-0.0788822748839189 -0.0675666939440341 0.0298776829372177 -0.00946435261903742
-0.0485512313099303 -0.0381606542678649 0.021536569254968 0.0278241869702353
-0.054631250566208 0.019220323670941 0.04039710787612 0.0505120479155124
-0.0341869515689227 0.0610719037703052 0.00831782138468913 0.0116827663379329
-0.0136511602978746 0.0395518708774598 -0.0383963044129757 0.020819707754346
-0.0138941340617256 -0.0121058359221898 0.0221851548308628 0.0391082721504725
-0.0205014569350774 -0.0631268312839215 0.0667558235632256 -0.0242216588232313
-0.0453102265481046 -0.111179603723489 0.0441353501923607 -0.0121327449339468
-0.028552906840163 -0.111358680621059 0.0578895958828629 -0.00612904209321963
0.0117644050593159 -0.152818498190654 -0.0739094720740814 -0.0609170695955473
0.0396224401022666 -0.167094670131159 -0.0476922311675507 -0.0301817716698085
0.0586514808185267 -0.0882234993840009 -0.0388456977684881 -0.0721091833994449
0.0106598140392096 -0.00151830092867899 0.0530913666535785 -0.0685853734036289
-0.0725705662671976 0.038778301367273 0.116558154328772 -0.00928945566512814
-0.106419496587824 -0.00130250464675342 0.041979000154815 -0.0118326276448727
-0.0730652787602975 -0.0402597740004604 -0.00240718816019242 -0.0416469639358222
-0.0507365560559379 -0.0465671035067593 0.00199527474893773 0.0156295116369093
-0.075500389234978 -0.0128444046366272 0.0105725677577524 0.0494094740444656
-0.089805017483644 0.0423233480838487 -0.0385866831130427 0.0074877920519102
-0.0471584481859053 0.0531684007635526 -0.086713168416961 0.0344147108445044
0.0173980734091639 -0.011286128504971 -0.0041989369805351 0.0875677099459395
0.0293852718535976 -0.0963270730180903 0.0607298146367609 0.0370117124327052
-0.000559437048065465 -0.155625148189487 0.0585139034764795 0.0458470349187542
-0.000596502083369333 -0.144010276255154 0.0783748079157677 0.0424921958392742
-0.0161892465149582 -0.11868257368319 -0.0654151650284194 -0.0074566689645265
-0.00846209684460828 -0.142400561795673 -0.0536331780590499 0.0339410872950214
-0.00195165371823868 -0.0653357101681079 -0.0611008434565313 -0.00163910409489191
-0.00653251707906971 -0.0129117328082237 0.00203267955138943 -0.0292061250573858
-0.0274067056551014 0.0408053268534343 0.0601190650420402 -0.00699841797453737
-0.0553355488259401 0.0418462123556755 -0.00333704647972285 -0.0272734302633463
-0.055779343558058 -0.00585015038773579 -0.0325628332395228 -0.0527597702904753
-0.0462845645888028 -0.0475747697935725 -0.0177860736924869 -0.000631195537359949
-0.0867486522347042 -0.0472782896469337 -0.0232409891795768 0.0271545423043909
-0.133497447172233 0.0153365544082283 -0.0983906640522819 -0.0138391986016984
-0.0724545397816968 0.0673140500024575 -0.179368611349352 0.0380842240741311
0.0571310108332493 0.000689867737862925 -0.0943339157410063 0.146376534323361
0.0906763978191748 -0.108252840183182 0.00010094906444172 0.127754255500549
0.0501463034327289 -0.176034798492368 0.0429920225144931 0.133756057128873
0.0308738330620068 -0.155018654764549 0.0830093946969507 0.113325098323687
-0.0319013042509174 -0.071369087986931 -0.0414505005327885 0.0238123912229201
-0.0350536820145207 -0.091674874908463 -0.0297451084697171 0.0548424720207884
-0.0458992298585443 -0.0236963317724522 -0.0387010288001812 0.0356561516298866
-0.0203551425022727 -0.0141864289150478 -0.000581966823115907 -0.00181364061435714
0.0196762423062444 0.0228766957947502 0.0244139240302914 0.00618123138066922
0.000649186442430653 0.0634139700515357 -0.0395977181406336 -0.02173352540949
-0.0332873674884173 0.0172757870440794 -0.0566009703192334 -0.0457967227834073
-0.0351572678221763 -0.0416088567837741 -0.0364530558760562 -0.0163041105416014
-0.0816545889471149 -0.0656461375029304 -0.0584639568859764 -0.0131211800561821
-0.15414630248374 -0.00470415368708081 -0.172802190146722 -0.0563435164522379
-0.0780674035463097 0.0898645553122497 -0.323766474624881 0.0269189276901464
0.103376735231179 0.0224322282211347 -0.267223932494566 0.210612622950928
0.146114192732262 -0.100899655827235 -0.121050843383528 0.250627258739151
0.0861037068681495 -0.166684331781888 -0.00751331612031233 0.244828479034394
0.0517405407683339 -0.135900101408774 0.0676590227717288 0.189904616397607
-0.0249356999487978 -0.0259762577248052 -0.0157339284699557 0.0335644632121921
-0.0263211837881462 -0.0402409777130422 0.00420173231855475 0.0321238104924199
-0.0481680727191731 0.0125199442196803 -0.00538339664514552 0.0192743650723386
-0.0219602597130433 -0.0064970626114461 0.0184452613789654 0.000963101610949381
0.0342527348139449 -0.0039394316071185 -0.000361598438303657 0.0203837935703914
0.0277810639757207 0.0486798443752902 -0.0579823198109894 -0.00566432569289888
-0.012772158078987 0.0163898337115629 -0.0714743554405772 -0.0314509346430868
-0.0167145208507744 -0.0297913069177663 -0.0523047340797068 -0.0299731179591746
-0.0543616432226716 -0.0530338983370787 -0.08918785897843 -0.056161532455718
-0.119681176862842 -0.00448676144801995 -0.244153012139675 -0.106871106670178
-0.0516157424216719 0.0930785853031161 -0.480799404789869 0.0074340099347292
0.115619687065034 0.0341127016584715 -0.480688365020419 0.280728388213387
0.147275141915614 -0.0704289293626285 -0.274630513756742 0.399244962359589
0.0812399069998644 -0.121018531667717 -0.0771891997890665 0.359195083812796
0.0491943316226048 -0.0865971817427324 0.044883956730241 0.254037688889444
-0.0147996691771749 -0.001886970116316 -0.0200661655675203 -0.254521849983521
-0.00530790873341235 0.0347455718778674 0.110079980932358 -0.386506735545007
-0.0342151511169017 0.00403016352962994 0.314104490250548 -0.464923106444661
-0.0365308391734755 -0.00598652198700012 0.549736401519851 -0.337169356566909
-0.0054611569780625 -0.0412689630212958 0.530098545765854 -0.0257577556830962
0.0154105847828153 -0.0103800891692038 0.279273605010136 0.10299673315456
0.00625513640867759 0.00862058286571942 0.10451498644927 0.0687247951159107
-0.00460786394552604 0.0143570615078574 0.0589873265449557 0.027406589865557
-0.00169485890787379 0.00699046336885532 0.0817816540912762 0.00183231751974793
-0.0054103034076558 -0.0075202193823984 0.0663225380228356 -0.0191163291896786
-0.00961660330541028 0.0052073164514898 0.0130690051366007 -0.0213314872666381
-0.0139537431684907 0.0010443053880459 -0.0168590281951094 0.0210149149643295
0.00174714116250699 -0.00599909178862352 -0.00391728919809958 0.0132578993668462
-0.00943577238273911 0.00933690718176954 -0.0167851481781627 -0.00473099151728804
-0.00342790117154059 -0.00790097361407763 -0.00106341517784314 -0.0357640461313191
0.018987076509029 -0.0770242922606724 -0.0250102732527841 -0.243670857813697
0.0689150071741323 -0.061291872616011 0.10398042525499 -0.348245746058883
0.0889994998617746 -0.0572612161847321 0.286314774961034 -0.412518439574731
0.0528627657496634 0.0269372542803809 0.508471559619091 -0.288614859623201
-0.073190920174551 0.0223465547364605 0.48578269927898 -0.0178205771025607
-0.0982721049683012 -0.036973946709903 0.248925144049435 0.0933387096306456
-0.0443103281454987 -0.0378789517367126 0.0929511426292266 0.0585049913875619
-0.0248542049565113 -0.00409570832627339 0.0551109035230829 0.0292654017893575
-0.0114524626067543 0.0303182102935545 0.0776410265285976 0.00796364497149361
0.0290180363537125 0.0294783458763909 0.0577962493983564 -0.0158702484408357
0.0139319650832377 -0.00291201782057637 0.00348926185688426 -0.0131957395762975
-0.0473813329531676 0.00539071842132062 -0.010783591395683 0.0164945609023883
-0.0401634042808487 0.0137770296695612 0.00717622841260852 -0.004849252073225
-0.0501805185344754 -0.00985493388661166 -0.0118103196400964 -0.00961395269754038
-0.0310531620214493 -0.0347191560351594 0.00497518091036922 -0.0346345683332735
0.0353603857052132 -0.134206602434273 -0.0455206661312001 -0.194362165962481
0.099131756051588 -0.131368810500558 0.0520746228129327 -0.24121692520787
0.142165492238571 -0.0912580771055174 0.164498499307299 -0.278112062079046
0.0771937854955719 0.0379123580648181 0.335915094333828 -0.194494287584848
-0.108515995815943 0.0490121632942305 0.350637638643452 -0.0141303298464764
-0.155299482058864 -0.047710388004547 0.176612654879864 0.0571002597000613
-0.075524930602964 -0.0643856522861427 0.0652980065783065 0.0256504876466395
-0.0409603222163494 -0.0203604775791444 0.0425747933281728 0.029582503612305
-0.0278039838017323 0.0376874382586464 0.0639226087270377 0.0276357379315565
0.0191111314763206 0.0556059362158889 0.0400114198644082 -0.00261530390682887
0.0141314569868803 0.0134315598178289 -0.0130259916755732 0.00349347829975651
-0.0433298428513629 -0.00207753818198652 0.0100582424073181 0.012378765773276
-0.0503354388050027 -0.0121317206587526 0.0350752898981562 -0.0403062639904179
-0.0662250428397871 -0.051442103778104 0.0115501607856426 -0.026500601674863
-0.042629540836214 -0.0682745798474951 0.02907373864088 -0.0297330247140115
0.0283493089210385 -0.158386787214437 -0.0668325447145103 -0.125714207746753
0.077537985092687 -0.165152417089746 -0.00867150019626877 -0.123801110303375
0.112392820418723 -0.0993013493929648 0.0353805266402578 -0.157088560964382
0.0452965059675038 0.0194671605216229 0.158176247029712 -0.12357996661077
-0.0989362112958882 0.0443954225270759 0.208137349803433 -0.0162757591206525
-0.144908591314761 -0.029208901066558 0.0993824608793092 0.0145026724662421
-0.0823121628605032 -0.0586620350568649 0.028843470370254 -0.0135585987950759
-0.050308340796284 -0.0324194101041647 0.0231399797125831 0.0248955219587839
-0.0520022529592399 0.0238475628638127 0.0429027782872123 0.046092673295611
-0.0299963282396309 0.0623763515396361 0.0092140637123743 0.00937867907613243
-0.0107891589204231 0.0392935421069897 -0.0366160993299383 0.022603915981379
-0.0145104883150555 -0.0119541290971026 0.0259620825406877 0.0361070235885098
-0.0230821565439617 -0.0617822123622347 0.0643314959548628 -0.0281619385201836
-0.0483886666213356 -0.108523980768093 0.041956186597812 -0.0129065829288698
-0.0326889615337142 -0.108580068913993 0.0580521519915234 -0.00781012652584867
0.00398686564277063 -0.150373565903169 -0.0742082704749255 -0.0586758524598068
0.0297414259921049 -0.165956604754618 -0.045190785620518 -0.0289693904575829
0.0528099035172049 -0.0896299158799711 -0.0410654854880585 -0.0682520391598044
0.0116908229974909 -0.0020643548472296 0.0468447000268987 -0.0707065747215472
-0.0676304577859557 0.0432897661855765 0.114259664234515 -0.0175314640339951
-0.104494040892703 0.00752470552021798 0.0409493496594234 -0.0146375641757283
-0.0738684068295597 -0.0318398760949695 -0.00439369357954591 -0.0408798502245529
-0.0537539389715485 -0.0407069261823232 0.00319229761622935 0.0154836968948192
-0.0751944396957077 -0.00665189365577324 0.0143037500512692 0.0481904530632859
-0.0854915745879111 0.0480790476846234 -0.0372902037118447 0.00921568346762558
-0.0436398318862646 0.0552355312636257 -0.0828797692919674 0.0394311252302071
0.0171460346565075 -0.0121555259547424 0.00362581031817959 0.0871897668241595
0.024934580808192 -0.0968907926539639 0.0628563178981385 0.033743882861544
-0.00684454279041853 -0.154333492098389 0.0595243502931583 0.0444437775477886
-0.00621632172738384 -0.141704519427153 0.0794491476536511 0.0403308764807005
-0.0217116270462387 -0.116021737546788 -0.0639549514732331 -0.00630654757743084
-0.0158682769650355 -0.138902044205573 -0.0496887019479956 0.0342213654335539
-0.00618143563162178 -0.0647423941087861 -0.060126925192492 0.00227570251715554
-0.00698667282532168 -0.0128829001456714 -0.0014500517399176 -0.0291694202995939
-0.0238055319193227 0.0413856531760069 0.0587239794723615 -0.00994580677791022
-0.0504831182410882 0.0446679295213478 -0.00461082620144257 -0.0259748604081969
-0.0543701294064969 4.67950587978514E-05 -0.0351891225713972 -0.0496898333698919
-0.0486770780510585 -0.0422549657251678 -0.0177540645033435 0.00174220178773575
-0.0889615808434034 -0.0391715031696199 -0.0203150193703279 0.029472456822581
-0.130087170172492 0.0248312872576582 -0.097799530010845 -0.00716871121135465
-0.0666487381997498 0.07090338913129 -0.172938913766824 0.0498573675912763
0.0569031833033759 -0.00308361683854322 -0.0832125040388572 0.151391916579818
0.0847308997312857 -0.111614945035194 0.00806372788738851 0.125720762961816
0.0423491243357465 -0.175062066333176 0.0485089736486971 0.131471088807284
0.0237054523611016 -0.153186177125324 0.0870500196378295 0.108203891428563
-0.0345681694411207 -0.0680748962871213 -0.0397679168318272 0.0231598897840525
-0.039055358465338 -0.0881835903787851 -0.0259841231181402 0.0532360669186399
-0.0468879295618661 -0.0207861130061728 -0.0353392092904543 0.037157126862492
-0.0214198616135912 -0.0132001866603606 -0.00194677576990317 -0.00243355553745055
0.0193177236854651 0.0207323831473925 0.0242134372409252 0.0050706884099855
0.00567027702073454 0.0612610356443745 -0.0403834007013519 -0.0184404081516168
-0.0304049509284097 0.0205914461390807 -0.0589344384952889 -0.0404381796333821
-0.0373479747057252 -0.0363831477964427 -0.0376781688052604 -0.0126714794239211
-0.0853443907005606 -0.0573321281236356 -0.0576431556550853 -0.00663286144880823
-0.151420988533294 0.00781240087455896 -0.173052916012819 -0.0423940997405785
-0.0711036318136166 0.0931037147673755 -0.315948866458577 0.0511712048705414
0.105214044624439 0.0156221772289401 -0.248299663934177 0.226762442330269
0.139262848386832 -0.106740717128682 -0.104429220940929 0.254429060744063
0.0788013597720588 -0.167655975828649 0.00365919424651531 0.243635893315883
0.0451622249423863 -0.136523123370384 0.076007075643556 0.18412989501361
-0.0268037086567691 -0.0240543217374706 -0.0140827109013628 0.0317977104672104
-0.0283357510271376 -0.0382252814426925 0.00533444994478565 0.0298575332872226
-0.046070289702921 0.0141038003835238 -0.00449379366763768 0.018457981962409
-0.0228174308724487 -0.00447543106838831 0.0170331503756769 -0.00135489019306994
0.0325797461539924 -0.0070637052054515 0.00129412311742284 0.0201867189600171
0.0305265749761354 0.0443678252332857 -0.0573938353115798 -0.0024918401962303
-0.0109752469382962 0.0186873425653758 -0.071564966638937 -0.0255023276445683
-0.0187722393218072 -0.0268536276889587 -0.0534516229291666 -0.0247660947665798
-0.0567489731298187 -0.0479754281014612 -0.0912485404208431 -0.0460447382936452
-0.11895844597207 0.00439711027756081 -0.24684599409202 -0.085431788186645
-0.042839025580089 0.0938038556931834 -0.474222041488151 0.0411541914250368
0.118174241100488 0.0258122394491817 -0.455910387739278 0.309257196227288
0.141501006296908 -0.0778405555086892 -0.246057917606043 0.410613436153402
0.0744259772681823 -0.123623025728377 -0.0557560580946047 0.358976523270563
0.0445695809570095 -0.088329519561091 0.0572973709400522 0.250104659323985
-0.0139501506662435 -0.00203036226616766 -0.0202276925041906 -0.251488704313211
-0.0062360552402915 0.0342221779039243 0.106720054723452 -0.380123379194392
-0.0339992294542714 0.00360894617396801 0.306441599450708 -0.461207583173885
-0.0364105278921748 -0.00571715907773986 0.533067469391 -0.33831597573135
-0.00641924424384379 -0.0408977593181225 0.519698709921315 -0.0392241158237472
0.0154986117305471 -0.0116061498572259 0.275925289497013 0.0922000568935918
0.00608263196402279 0.00736394886681633 0.104296725699256 0.0623664373339869
-0.00354691925159862 0.0141339978655076 0.058506308326879 0.0231625421617041
-0.00260960239447262 0.00645209459245185 0.0791710333490527 -0.00214600716050717
-0.00634885395440543 -0.00727590543735174 0.0640818814709803 -0.0196240214906125
-0.00968061933111995 0.00579355414184085 0.0132605306585679 -0.0211001241314349
-0.0142431334940244 0.00186000470982497 -0.0157866900463107 0.02004668626714
0.00135412292725744 -0.00532514189537348 -0.00231308868480311 0.0136030543144551
-0.00952123164129734 0.0094580528390812 -0.0160870967088514 -0.00353720148863973
-0.00343849315760524 -0.00796349303333486 -0.000660447574010322 -0.0343170766711078
0.0191648799577776 -0.0757416673278176 -0.0243691014197246 -0.239145072149915
0.0675444970260456 -0.0604332921380897 0.100806532054187 -0.344193165861052
0.087727770239718 -0.0563985351907338 0.280727507544819 -0.409537494837112
0.0538132227341906 0.0262388312298368 0.496038315222754 -0.290789560263179
-0.0711620062102921 0.0248429042479369 0.476658607536494 -0.0265542722088602
-0.0979588639623865 -0.0334652880293684 0.246868308506669 0.0822558189312479
-0.0450427584941659 -0.0361647408979894 0.0931317107936647 0.0530829372116548
-0.0242092819461466 -0.00277429478565489 0.0545999122448969 0.0256913590179986
-0.0103506920081319 0.0303029069801253 0.073853222588994 0.00548412887411592
0.0282323578621457 0.0281511707809865 0.0553121473202954 -0.0157971957328738
0.0133021838604907 -0.00315751292237426 0.00463874079625312 -0.0131907386228436
-0.0477203288258139 0.00565418739754178 -0.0091089037364136 0.0159424090466761
-0.0398615421041497 0.0130599121594884 0.00774800744745188 -0.00520787544602147
-0.0498870740470174 -0.00969565555045691 -0.0108705343019449 -0.00710332998704653
-0.0312672323446991 -0.0337952204110571 0.00593870428150105 -0.0332469773498926
0.0351936737225976 -0.130862068344267 -0.04484178085085 -0.190538641399156
0.0975780444919427 -0.129459800090216 0.0500210040655387 -0.238049974059532
0.138649491637706 -0.0903733379448409 0.159409218365649 -0.274753979597161
0.0773800420833434 0.0379188678069139 0.326173773108425 -0.196717436464396
-0.10423981724477 0.0514114408580122 0.343806581535749 -0.0196764558055753
-0.154228756910337 -0.0416135029759837 0.174957635799969 0.049646877519252
-0.076085644631721 -0.0603694246349104 0.0651249171198405 0.0214152156574857
-0.040255151244165 -0.0183037179949017 0.0420290086647651 0.0266099999813202
-0.0261281155781315 0.0391271294301359 0.0619114516969561 0.0250718346579747
0.0189857007202063 0.0548436612017343 0.038875842710925 -0.00443235218638169
0.0136990232414646 0.0132128710859598 -0.0120760594193647 0.00250300786345877
-0.0433479332954415 -0.00214324490424861 0.0111306461942377 0.0112142687844984
-0.0498421710560355 -0.0117674653754749 0.0351383690684032 -0.0397894158690026
-0.0659118075563639 -0.0509303139313631 0.0119725248537298 -0.0243959180095711
-0.0427198585954764 -0.066969752240881 0.0292236509149226 -0.028689899528772
0.0280672481113981 -0.155707416991848 -0.0659651370094014 -0.124324194418457
0.0756427610614829 -0.162063123978385 -0.00933503858909618 -0.12314561102883
0.110172629022266 -0.0993725045334274 0.0332754568613218 -0.155623082243966
0.0459923059655418 0.0188071729514687 0.153304731132363 -0.123733097594229
-0.0963670325138451 0.0468231376319982 0.204112403427946 -0.0195434330227155
-0.143854945276069 -0.0246938752242981 0.0983507449868441 0.0120191458016665
-0.0835355379026058 -0.0545013422016901 0.0281743927027146 -0.01562222978071
-0.0502577941918438 -0.0284551623105604 0.0232631214086078 0.0226175263550963
-0.050455504194124 0.0256535344547738 0.0429726395578213 0.0440191284254073
-0.0276325804498712 0.0619721267824081 0.00950275657656633 0.00777245695788568
-0.0107754456026567 0.0387701860396074 -0.0354935326349433 0.0217964945474113
-0.0139837365078198 -0.0114099310018664 0.0273918328932068 0.0348641659228787
-0.0229259053461757 -0.0618359650658118 0.0640631285130587 -0.0284789013232944
-0.0487457379792345 -0.107023769999586 0.0418539422214945 -0.00957498226105463
-0.0325882968680577 -0.106038573045405 0.0574544141750725 -0.00626424889690268
0.00439502494174579 -0.146828646567155 -0.0732941274244413 -0.0580671894050665
0.0288715333576655 -0.164223588881904 -0.045246702583993 -0.0296284685280906
0.0520472314515498 -0.0900299331501117 -0.0413181725165943 -0.065767548920007
0.0120483675416978 -0.00221980723691667 0.0436803375779406 -0.0701037371368703
-0.0658115596135165 0.0438842469882242 0.11136543439811 -0.0183865748028494
-0.102976951321487 0.0108574790344297 0.0397479719946271 -0.0154973570737969
-0.0730317549762325 -0.0290131322731572 -0.00545829707914226 -0.0414111406843381
-0.0532842291342293 -0.0366134804179219 0.00327975930954198 0.015249269465647
-0.0746976664104122 -0.00274577524588608 0.0145963009204383 0.0471114158706177
-0.0833739107224735 0.0496556528989912 -0.0363016528377235 0.00927984151594022
-0.04106021103462 0.0556887938528803 -0.0797537522209135 0.0390330990252335
0.0178166960484461 -0.0129535568863866 0.00652846951874359 0.0859841530252823
0.0245455423677195 -0.0966057583297386 0.0619925293055873 0.031911339061226
-0.00696941235014746 -0.15158631520369 0.0578334307246266 0.0448691807588381
-0.00610377961574049 -0.138247160036968 0.0786275024995345 0.0401172129358634
-0.0205805357638743 -0.113473093535609 -0.063308225615417 -0.00691804706467613
-0.0159897547623815 -0.137823118676757 -0.048872407071617 0.0317020180880189
-0.00533228757325665 -0.0644505398342531 -0.0595690613817836 0.00270094363878583
-0.00717006977930819 -0.0124788623658122 -0.00325942322647312 -0.0283870492854366
-0.0227732019313311 0.0406010783316348 0.0573081344706094 -0.00980779938838601
-0.0491050271415421 0.0463963521053597 -0.00470505898870814 -0.0240236099354597
-0.0541415731611905 0.00274707074584914 -0.035527444168711 -0.0477070768225568
-0.048722753583482 -0.0377734793549322 -0.0170549913278677 0.00277024612192138
-0.0886217370429838 -0.0346612758594276 -0.0190469987810056 0.0302817695442309
-0.128104616842328 0.0290848565674749 -0.0956438310117038 -0.00458492624234002
-0.0630323155191881 0.0723470707624689 -0.16858777908587 0.0525859726505196
0.0575880288705344 -0.00454189945962734 -0.0784139567369547 0.149397356632648
0.0833842963103282 -0.110943188767826 0.00830325186224754 0.124652923732044
0.0419924294908667 -0.172424453701347 0.0479903100984727 0.130783090968778
0.0233892216750621 -0.150310068285408 0.0856142420308643 0.107140269856731
-0.0345716198936901 -0.0666320664179309 -0.0397037875822769 0.0214349837910899
-0.0385681582891535 -0.0876429085262199 -0.0257983413785688 0.0516174795154307
-0.0460517256525182 -0.021493268355605 -0.0349498050085618 0.0370645046891509
-0.0217896258543003 -0.0134320901305347 -0.0038170430989264 -0.00160519208363074
0.0196576975071432 0.0185234935054925 0.0250669373979896 0.00527449367748864
0.0069275088460841 0.0597204641583919 -0.039419191582528 -0.0167721497011968
-0.0291149681512929 0.0218804691909026 -0.0580436692168937 -0.0376540683319528
-0.0370857213516308 -0.0339577965556352 -0.0373473544243366 -0.0102801536335799
-0.0850556489575603 -0.0534472531874454 -0.0569834069353284 -0.00360044924627559
-0.149458321066003 0.0123498973749872 -0.171167127599897 -0.0373243473116366
-0.0670000012584638 0.0945803503691562 -0.309257645414235 0.0565802201848286
0.105057983690755 0.0149925959687816 -0.238940446024308 0.226988068365416
0.137305993700422 -0.106260032177136 -0.100875065749528 0.251276105593854
0.0781509899678763 -0.164530547608799 0.00640955489575095 0.24109172254409
0.0439524314399936 -0.13518373535367 0.0754646619500998 0.181974570947982
-0.026440492188138 -0.0239077405225942 -0.0144755979688257 0.0296930757551192
-0.0277757381236636 -0.0376778323437226 0.00422949531188144 0.027720227707225
-0.0452249537932862 0.0131342812724202 -0.00425038134165676 0.0185525214148843
-0.0232092986692075 -0.00414672687255124 0.0159786015203449 -0.00174343186123944
0.0313461051354992 -0.00811012958593959 0.00283567657363569 0.0200062548522913
0.0313896389352821 0.0436535384358563 -0.0562668410073908 -0.00194252942136008
-0.0099334246427518 0.0181667478125095 -0.0696367021725597 -0.0226234285490257
-0.0189737509781505 -0.0250458384630501 -0.0529767207469009 -0.0216135354558317
-0.0568909374355422 -0.0449279877562675 -0.0908266801122485 -0.0408297483749863
-0.116734685663476 0.00747478239761212 -0.244484610879515 -0.0763080813007265
-0.0398132985683329 0.0951981200544518 -0.463261345425995 0.049669323569233
0.117943111297267 0.0239207593425039 -0.442497825733863 0.31017007111201
0.139039372471168 -0.0774662958598226 -0.238224664855923 0.406839197314637
0.0737568409670756 -0.122703306839156 -0.0522080884930203 0.354124311941262
0.0432714098154362 -0.0866876888707749 0.0568506138238166 0.244782677183588
-0.014449702028836 -0.00271442737689437 -0.0183407063364542 -0.246092129811039
-0.0059906736645055 0.0329665849075065 0.103871613081984 -0.374003854007512
-0.0334457617334172 0.00347560357202082 0.298941438418934 -0.45384909811773
-0.0354043210156952 -0.00573522924088327 0.51972105730389 -0.336431356514116
-0.006518827397842 -0.0409700780278362 0.509678944492995 -0.0448565460515898
0.0150465162656429 -0.0120116985821604 0.273685045942894 0.083493529739203
0.00621789226318485 0.00755961754937797 0.10461072698325 0.0566162777490955
-0.00342957585639562 0.0140512789722495 0.05752544965031 0.0203102913210819
-0.00294150043740515 0.00679914314152224 0.0762451968924679 -0.00486698873976721
-0.00706659376907737 -0.00548586886970177 0.0611482584031565 -0.0193941796576055
-0.00992193763536747 0.00651522412458915 0.0143026122570521 -0.0215219597826562
-0.0136824704488834 0.00103297727587795 -0.0143141714190505 0.0189437482985695
0.00203819240793698 -0.00469670268874602 -0.00187688952941053 0.0137524047880433
-0.0100051913516179 0.00896761268993418 -0.0143930397782495 -0.00183158490878608
-0.00367697871102644 -0.00798299937728636 0.000664120817072514 -0.0327846438547457
0.0189573057747695 -0.0743210602712132 -0.0232193778182331 -0.236000143994476
0.0668138246555438 -0.0588945758280245 0.0988899660832935 -0.339074737135318
0.0870643143772418 -0.0545650680231195 0.274944066007858 -0.405924778683769
0.0540705187539367 0.025375942629028 0.48514227565401 -0.288193574923956
-0.0688074004297447 0.02582989340877 0.469064972300149 -0.035068450163067
-0.0969871319490121 -0.0305236464950026 0.24454449056421 0.0745226910219059
-0.0459083583963757 -0.0340327581188665 0.0934456202767483 0.047261370385048
-0.0245409141852328 -0.00197762270093575 0.0539470357990086 0.0225332154775461
-0.0100387063722684 0.030532913323095 0.0713878248093143 0.00205829945964156
0.0284093494416173 0.0276291323310072 0.0532613232347579 -0.0170391434789548
0.0118127279949003 -0.00384728896901946 0.00503887089504414 -0.0139745730336649
-0.047593540955325 0.00635890799233388 -0.0077365294485041 0.0145621147212725
-0.0394819558340243 0.0130955781650866 0.00862494021447967 -0.00542713848585635
-0.0504910534965154 -0.00974863992124838 -0.00957092778996235 -0.00601416872766017
-0.0310528854659005 -0.033277701026109 0.00680557556475942 -0.0314576286586701
0.0359198264390278 -0.128861539882227 -0.0438844854200994 -0.189240955022135
0.0966744012382964 -0.127222647900218 0.04917710391978 -0.235398224207749
0.137838552093783 -0.088895584603892 0.15684144915547 -0.272515460289538
0.079104827390727 0.0370653596543825 0.319525086494641 -0.197282053990018
-0.102128531311081 0.053929250515765 0.337558068896357 -0.0249852175801937
-0.152788486523003 -0.037308041593869 0.173423236049257 0.0446956559867623
-0.0769018701825586 -0.0559624623628129 0.0644998198885627 0.0176275873229649
-0.0406084910294659 -0.0150622458862213 0.0411351516525319 0.023872302301134
-0.0256590105254995 0.0394565894052615 0.0606730737075106 0.0231083211654952
0.0195146783488512 0.0537097515470199 0.0373107504537744 -0.00502790492248018
0.013079932143939 0.0123018162558262 -0.0110618759605316 0.00228159157271437
-0.043111742043964 -0.00226704040938954 0.0124481342485149 0.00984335637479991
-0.0489632214673472 -0.012855589025197 0.0348950626867804 -0.039434664145226
-0.0656334620159743 -0.0507087966263692 0.0126901625415436 -0.0217133472996968
-0.0409848971101652 -0.0659070722248345 0.0293600188518373 -0.0273548095362362
0.0285435236431243 -0.152610376938704 -0.0635562351444423 -0.123753782628069
0.0747323685577399 -0.159374850107578 -0.00790339795800452 -0.12315170440007
0.109369946430858 -0.0978059833351569 0.0325567877813858 -0.153440635465419
0.0465050349081262 0.0180346323717433 0.148243505864177 -0.123564982988747
-0.0937999237640384 0.0486284218249625 0.200690205640709 -0.0218277478972418
-0.143294508230816 -0.0210475827510221 0.0967785192712675 0.00963255549723442
-0.0831772522306451 -0.0510615950267128 0.0276152951008738 -0.0177740038195804
-0.0501836327915841 -0.0254417081703102 0.0237570719399716 0.0216864706549752
-0.0496734189504754 0.0278339894508249 0.0430688874141722 0.0421924335068515
-0.0268039642960182 0.0628299284901784 0.00818195131565058 0.00613335893337739
-0.010180726948556 0.0390662942931238 -0.0341451891558241 0.0211366691777095
-0.0129919020290717 -0.012000840319895 0.0289212348799802 0.0334983031380703
-0.0222338092839755 -0.0619494318076156 0.0625972112810375 -0.028238092192887
-0.0484584793305389 -0.105431944287373 0.0399913390912717 -0.00809109021006154
-0.0311744039733806 -0.104259552212344 0.0576973495478354 -0.00411816977612134
0.00580726289538355 -0.143997674286716 -0.0721311240691467 -0.0583827248212129
0.028983558965851 -0.162677670559463 -0.0440292764885068 -0.0302756539303241
0.0512182792536576 -0.0889897083650377 -0.0414173708177141 -0.0647587625497834
0.0126795519561312 -0.00293316688989307 0.041059326086519 -0.0695007758584349
-0.0627937444507757 0.044780093552521 0.109024806757786 -0.0186154573895867
-0.101716706181277 0.0131448372886414 0.0385552668403674 -0.0147693419621787
-0.0730184509734127 -0.0253136772746566 -0.00574674999904379 -0.0410154969762164
-0.0530126882630021 -0.0331225051589075 0.00312461774708172 0.01482544734311
-0.0734950969173834 0.000179743637857557 0.0153543471422556 0.0467548193549857
-0.0814646786576142 0.0514327620463039 -0.0350110633600639 0.00814264498475795
-0.0399870194801763 0.0558166769588836 -0.0776194731382221 0.0406771689625737
0.0173233519200072 -0.0136124520613956 0.00855776442692827 0.0838545179277758
0.0239872961318626 -0.0962173008610552 0.0616838338767738 0.0316781048541114
-0.0063630787450986 -0.149427901483329 0.0567266872167296 0.046011115057093
-0.00571374560859355 -0.135640983969572 0.0781194671112762 0.0413075310524575
-0.0193003611670748 -0.11191866133713 -0.0627993253568227 -0.00880130625055697
-0.0155829170261891 -0.136655466461433 -0.0476257794098964 0.0303991210347415
-0.00557681145600791 -0.065039955297335 -0.0595541667943156 0.00338187500454724
-0.00639068417543448 -0.0131473569499355 -0.0049688133568555 -0.0271742365596091
-0.0222792606048383 0.040245022569982 0.0562001204066914 -0.0104245523592627
-0.0475225592330228 0.0472899644923985 -0.00500576954271527 -0.0227992524827558
-0.0525299811122938 0.00535817126266944 -0.0350452098392857 -0.0468458343163103
-0.0483133134134135 -0.0348428835867631 -0.0169947061486134 0.00351786632358305
-0.0884771733081658 -0.031009654282708 -0.0181540661493416 0.0303924929065909
-0.125801349214935 0.0317226545743024 -0.0939074341369994 -0.00383588585456457
-0.0615299739874249 0.0729894693543491 -0.164710732976061 0.0550526737451918
0.0577874068529492 -0.00446158831936654 -0.0742265808039033 0.14858092765723
0.082192889826524 -0.109715142799199 0.00854028789486978 0.122228879615759
0.0421687627122851 -0.169706271569292 0.046767430533544 0.130834574736523
0.0246249672488387 -0.147531073380629 0.0846642175094044 0.106526617017459
-0.032560463090617 -0.0662013844932998 -0.0394973351708583 0.0199912817990261
-0.0385802576456121 -0.0874896711937388 -0.025179846310402 0.0491875594654805
-0.0454643896744587 -0.0217061566278784 -0.0356439198908064 0.0365889607748975
-0.0210004161728438 -0.0126207975579804 -0.00534113239276243 -0.00152842282932654
0.0194039754690678 0.0184934656792027 0.0244764371358706 0.00445884027176625
0.00709852573672158 0.0597024338107159 -0.0381761948938991 -0.0157951513563851
-0.0270262027905913 0.0240347465238906 -0.0566373873558845 -0.0352198951378654
-0.037283974995085 -0.031568103438656 -0.0358574027148985 -0.00858972600161653
-0.0856242390266081 -0.04888142499055 -0.055969060481125 -0.000122577890195682
-0.147901151304243 0.0160764039470881 -0.169002144887064 -0.0336380120177235
-0.0639594165761156 0.0960053535521177 -0.302605898792464 0.0601261200027784
0.104720653868817 0.0140014246021184 -0.232830858323802 0.22386484457128
0.135330253553861 -0.105280196676928 -0.0987471885512541 0.248662794664934
0.0771895102185116 -0.161594315758251 0.00654273087836261 0.237403606664586
0.0447990123773391 -0.130851697921353 0.0732790179330936 0.179418908369409
-0.0254621226857211 -0.0233108498133855 -0.0147913347756421 0.0280260481065389
-0.0273408628012193 -0.0380004480518419 0.00262110784486531 0.0261398802788696
-0.0441973750093847 0.0130219788920728 -0.0043365961971769 0.017372056727944
-0.0233439191929439 -0.0039269248934121 0.0142757345713402 -0.00201560864920575
0.0293962562851137 -0.00821114085701819 0.0030225816693708 0.0185979159045913
0.031628885628983 0.0416040147888033 -0.0545056178314337 -0.00163050096492961
-0.00831981276984989 0.0192870904567394 -0.0672543170147624 -0.0198573500159255
-0.0194218548664703 -0.0240833576062517 -0.0518573053966588 -0.019150222352579
-0.0582121655520741 -0.0418302840980179 -0.0901357160217146 -0.0364734151319308
-0.115362949648698 0.0113780818696531 -0.241955830340273 -0.0696339305913656
-0.0374152911658717 0.0963883691759869 -0.454619402352099 0.0584877590892169
0.117209312859059 0.0239292629522826 -0.432723223370449 0.309202395942839
0.137699786588959 -0.0760225360090027 -0.233232815457756 0.402187995960507
0.0728742011350427 -0.119383994989225 -0.0512465239813886 0.34885479066155
0.0433753958248837 -0.0848724752144735 0.0559339536716829 0.241230556265761
-0.0141837815312849 -0.00289431190869067 -0.0164906602429727 -0.244178788104048
-0.00599418983808382 0.033302122401082 0.104477976342671 -0.369696793566448
-0.0333209957313162 0.00389201632985239 0.294716044910015 -0.450258331761125
-0.0358159197963447 -0.00674541559072605 0.512782729625456 -0.336236565876366
-0.00647336403253603 -0.0410052310752923 0.503083904230055 -0.0517734678540516
0.0146389116364428 -0.0122967633599473 0.270064456353999 0.075892207963424
0.00583339891222223 0.00714087918247616 0.103852780585194 0.0524069722051149
-0.00271677770621631 0.0132714476737462 0.0562277000460103 0.0183261466437914
-0.00354141543958878 0.00562309230944916 0.0730208080802234 -0.00633421890164142
-0.00744530787116739 -0.0053570746997758 0.0591988048849831 -0.0192672518478124
-0.00969414298493895 0.0067678690283488 0.0147476444905255 -0.022311670895067
-0.0138081697841693 0.0013860407315877 -0.0124631451466457 0.0182922797268743
0.00109233267837565 -0.0046119727655446 -0.000547058192283547 0.013229310654852
-0.00937934052038115 0.00817756780981386 -0.0138736392605534 -6.39169585260121E-05
-0.00358610685284178 -0.00766832788180156 0.000926696115823787 -0.0316051765892133
0.0201942492651319 -0.0731853535998651 -0.0206912388048068 -0.233532841535397
0.0671218163733311 -0.0570619734096228 0.0989315472069216 -0.335336473003287
0.0865712561899908 -0.0544704388929338 0.27201314313881 -0.401979800744812
0.0544573485262306 0.0254058719541428 0.478361677175724 -0.289407108089326
-0.0676607898343421 0.0268535233240512 0.461212851373499 -0.0392083645781775
-0.0967916660081457 -0.0283928085873556 0.242092663036878 0.0670881241901824
-0.0464084484480731 -0.0322864926845446 0.0932179216073547 0.0424390068729799
-0.0247701207218297 -0.00123351177572438 0.0526963248945187 0.020688245457069
-0.00998127100614422 0.0304514051819078 0.0694255791154367 0.000146789950324958
0.0282377141205354 0.027468607207145 0.0521073572520995 -0.017132389404255
0.011312299573657 -0.004037737900982 0.00523321319079984 -0.0146006573169438
-0.0467334677731957 0.0069719891463684 -0.00704909567299144 0.0140113279087678
-0.0387842556069615 0.0130198859652156 0.00927849444182079 -0.00526460627119299
-0.050165946939575 -0.0103170544500831 -0.00812913952310974 -0.0047285076622188
-0.0305865969023947 -0.0330079297491556 0.00813019953477989 -0.0305547432673907
0.0365284401193246 -0.126868254332098 -0.0405964894587916 -0.188313907207652
0.0964128949251325 -0.124892370572812 0.0499739005054951 -0.233681674634504
0.137227576913457 -0.0882737123554405 0.155772736600981 -0.270128767994146
0.079135293744095 0.0361048718179562 0.314045028979613 -0.196411899535958
-0.0998584743585196 0.0549873284629287 0.334639157352966 -0.0279800803369413
-0.152126740988315 -0.0330926168652789 0.172474478006182 0.0398498140719676
-0.0772221327318327 -0.0537717913557398 0.0636000987772267 0.0134119099842022
-0.0405214997020543 -0.0138823808194371 0.0410475562341874 0.0225220393947011
-0.0254129604283681 0.0403549532518148 0.0590599396771459 0.0215493916895083
0.0197604335913895 0.0533236966808389 0.0363520100942134 -0.00677135642234917
0.0124456571872757 0.0116494922902175 -0.0117479160227335 0.00122606755929562
-0.0428698239626879 -0.00235285052276629 0.0136740844206727 0.00940945258942332
-0.0486390263735792 -0.0139348316437912 0.0343259842498099 -0.0399142053480259
-0.0660301492902317 -0.0505950350531119 0.0121820211297093 -0.0202683018054407
-0.0405427794600639 -0.0656298446409248 0.0303734179763916 -0.0251856652812434
0.0299207884131843 -0.149257361725671 -0.0624788394604704 -0.124128149117889
0.0749610978451478 -0.157514001798713 -0.00770048615120543 -0.123160028861329
0.108566372030646 -0.0966844923914556 0.032493595398782 -0.151959592989381
0.0476497631595145 0.0183452686945286 0.144520360530396 -0.123104937696437
-0.0927334018957585 0.0498283039660438 0.198059112313732 -0.0238468590698197
-0.142546787142236 -0.0179961393113584 0.0961908005974089 0.00821417040199823
-0.0830076526142191 -0.0477030939863222 0.0271544474933085 -0.0194119882344672
-0.0501291407336159 -0.0230835461342501 0.0232618874374064 0.0213039024774345
-0.0484370652585504 0.0297005146389149 0.0420519230524772 0.0410893933208576
-0.0261934486876615 0.062648210400349 0.00773653982077918 0.0047191562959231
-0.0096030881892787 0.0391035736052821 -0.0333528861517561 0.0206426484638277
-0.0130675248257422 -0.0122551762584169 0.0304234809569353 0.0322032415649314
-0.0223341258526587 -0.061891239068775 0.0635806866205903 -0.0274901385836597
-0.0463632397922083 -0.10567285801122 0.0396958193776513 -0.00559077970095101
-0.0296978433328134 -0.103203397893639 0.0575100118480218 -0.00273322161872336
0.00747405246092327 -0.142748675129355 -0.0710873416945026 -0.0606646657160413
0.0296486728804367 -0.161170898611994 -0.0431230055116537 -0.032461059833233
0.0508407106701232 -0.0891981549655018 -0.0410835336899041 -0.0644814141953294
0.0130773036376503 -0.00218950780770102 0.0389129350244733 -0.0693937382255316
-0.0630847084951215 0.0457350817418737 0.108132443335273 -0.0185033413125457
-0.100488793716742 0.0151174112522649 0.0378192825250903 -0.014503242038509
-0.0723739878368287 -0.0217194551129264 -0.00614227731133707 -0.0416204469325914
-0.0525079432846513 -0.0302443598765482 0.00336065163431636 0.014438395383932
-0.0725514789980761 0.00201129270426795 0.0155448598053622 0.0461853590209827
-0.0795080508293698 0.0524313566292363 -0.0351133042573631 0.00808502488007996
-0.0383597001920877 0.056799851434897 -0.0754745343982042 0.0398122920536087
0.0179771962494394 -0.0139532337332947 0.0100156017748907 0.0831687925606665
0.0239505248689931 -0.0963664711944694 0.0605858051333013 0.0313307154524145
-0.00581204825659776 -0.147968235155364 0.056217989377333 0.0477216759127386
-0.00341637457151668 -0.133793138943901 0.0782323928380951 0.0425414325833912
-0.0175222870177654 -0.110917794693582 -0.0624811342527761 -0.0106478390938244
-0.0136273900792411 -0.135891351968282 -0.0474773587496691 0.027928405928382
-0.00537305617854941 -0.0648542009347672 -0.058697401632334 0.00368553630238621
-0.00634942655662579 -0.0131068970260701 -0.00690234462147365 -0.0267440092610631
-0.0218829723509369 0.0405418331255735 0.0557075197383691 -0.00959133316456667
-0.0468386321201897 0.047349822819394 -0.00500924053427008 -0.0216827678072963
-0.051798904454222 0.00767273135972688 -0.0344637715678964 -0.0457708154495423
-0.0483835965504973 -0.0315906927742568 -0.016709919632219 0.00477132817031543
-0.0879808055468693 -0.0279897014467463 -0.0180826155966562 0.0319952961736329
-0.124835236782685 0.0345135959511754 -0.0919423069234833 -0.00315115459926558
-0.059589588197121 0.074300730795432 -0.160935371444788 0.0560500288276387
0.058340770376638 -0.00515124720956166 -0.0711260214206851 0.146654184916209
0.0816055432394574 -0.109009383181962 0.0090780553572531 0.121651586687768
0.0430135526989479 -0.167113402142126 0.0458098279801318 0.131054733912662
0.0263743546619772 -0.144338547669743 0.0825575588703054 0.106096293399515
-0.0312173046040483 -0.0649570359573282 -0.0401522932846118 0.0184422792572196
-0.0380247349891247 -0.087579017017581 -0.0261298813796958 0.0479160981761302
-0.0447167343860593 -0.0224471669035509 -0.0359325525750563 0.0368096668803036
-0.0212773795148156 -0.0130439082413764 -0.00648575516470785 -0.00124179851679991
0.0191416173704233 0.0176162673098234 0.0247750153895595 0.00452595533077988
0.00915295106127748 0.0591993314854351 -0.0367822251615072 -0.0136373895654879
-0.0259530868021004 0.0250271112557114 -0.0543755971273312 -0.034053953485304
-0.0363715364781098 -0.0292641337824464 -0.035856314585806 -0.00721429619797672
-0.0855853689307613 -0.046096698206951 -0.0560687851226813 0.00176969281724954
-0.146337044052094 0.0195914680206058 -0.167224440405803 -0.0290903207537685
-0.0622482657213246 0.0973471949903065 -0.29861271802294 0.0632104729337291
0.105159514695431 0.0143741357746988 -0.228339978344033 0.223669101119584
0.134325936270089 -0.102835553969567 -0.0971380020215305 0.2461859464166
0.0779843576190787 -0.159157589947848 0.00451210953316403 0.236070478301722
0.0453790021146521 -0.128697867879329 0.0717598438564798 0.178127558386311
-0.0256938965635522 -0.0229392759806214 -0.0157311776001502 0.0269792322086909
-0.027101948474081 -0.0392028842666827 0.00167070848884372 0.0244684625949443
-0.0444660473834432 0.0119909887619047 -0.00434741530328751 0.0175202677839856
-0.0238167066824231 -0.00354702688902281 0.0121994096540586 -0.00210477344827751
0.0289881677973066 -0.00836476212273343 0.00273280195069155 0.0185271013716649
0.0326193608274838 0.0407425019266832 -0.0531602647927765 -0.000815735803831027
-0.00701739951085098 0.0200523464917873 -0.0660040940122466 -0.0180085642501462
-0.0192805375201548 -0.0215015928444539 -0.0521069204059565 -0.0176165311731325
-0.0584617624371064 -0.0394101080781424 -0.0896413156014542 -0.0320888740340319
-0.114599217885888 0.0138017128463073 -0.239644045920099 -0.0631039070349917
-0.0354645428321068 0.0976755299223663 -0.448140910504833 0.0637623605011531
0.117595402213405 0.0246702836949881 -0.425220580897455 0.308029878929118
0.136016145811916 -0.0742776505764118 -0.230640955618376 0.400083664668849
0.0733984164527789 -0.117546468346414 -0.0518882579946971 0.347150607460479
0.0434752550717347 -0.0830386958080556 0.0533890287765272 0.239085628691921
-0.0140732050925234 -0.00378568639613745 -0.0237806348036 -0.244910619876835
-0.00221065037312473 0.0311625434536645 0.0925446223382291 -0.37549890772211
-0.0311837316129082 0.00423624245375474 0.276973666477897 -0.466127541421781
-0.0339631853301395 -0.0053791877359971 0.50288961310781 -0.358240370763831
-0.00720822640687667 -0.0385739253699156 0.501751469981898 -0.0776814990485925
0.0146084514315132 -0.0119013342918595 0.274882707770154 0.061537148935281
0.00547461924189361 0.00769272363770309 0.106640473781575 0.0442421051775837
-0.00143305327163774 0.0132520104168362 0.0571353173632606 0.0136461031076629
-0.00306461722350403 0.00631119512045615 0.0697375339081433 -0.0113567634200107
-0.00801486736515417 -0.00469571626569585 0.0575149019228798 -0.0220761612273655
-0.00915665639641203 0.00719306262765813 0.0144163294147113 -0.0236581424159402
-0.0141290062972951 0.00257295508100252 -0.0107052287684368 0.0174778203121307
0.00157008479781338 -0.00458899185067079 0.000911005721198084 0.0132209981121637
-0.0104245372880455 0.00865985551050298 -0.0118077427392161 0.00161082214945934
-0.00341027552670224 -0.00832627375624852 0.00129097224009035 -0.0299203674983368
0.0189142918424782 -0.0742176056944558 -0.0271984036599856 -0.235686192623979
0.0683112758237261 -0.059323362807133 0.0878063572484529 -0.342673788006528
0.0869415728257615 -0.0570763610496997 0.256719478592756 -0.415072162678888
0.0584348271058333 0.0246539088185781 0.469255405039072 -0.310152010832062
-0.0649121771172239 0.0327269120899525 0.460377897251572 -0.0625284753460235
-0.0984427927929321 -0.022699280828275 0.246668643788391 0.0535704741517063
-0.0476868041006937 -0.0287653248993228 0.0949521079340258 0.0353312056151841
-0.0239606805790354 0.00115567241311273 0.0534739734872741 0.0169152620866425
-0.0085156778869434 0.0316915756838787 0.0663943789573996 -0.00395880889471148
0.0288983119041489 0.0272035387171851 0.0504465116952582 -0.0194544002151145
0.0106196514109994 -0.00399895330177791 0.00519729662719812 -0.0154662562967995
-0.048841616342006 0.00785780551410596 -0.00451821517202073 0.013474760450027
-0.0386491795784652 0.0139797849904366 0.00977768480458465 -0.00590108063458194
-0.052112876885937 -0.00972233854089549 -0.00663714363114139 -0.00347544025800992
-0.0304985470543254 -0.033186411630965 0.00806114568439229 -0.0295492631518923
0.0345604250885825 -0.126371279296344 -0.046408647441775 -0.18961214738903
0.0958208025150558 -0.127594208032245 0.0433927287172636 -0.238670309931449
0.137465410581175 -0.0911922529860703 0.145953297693242 -0.278002326635243
0.0831761040051757 0.0352513586717649 0.308310077931934 -0.210168436677935
-0.0966762984207648 0.0625268662033331 0.331947890087878 -0.0455346648898839
-0.154101961468745 -0.0262837007182596 0.173746876802224 0.030899948363394
-0.0801218138219931 -0.0494094346942449 0.0647609078623916 0.0084170068267913
-0.0410856657157238 -0.0103130254818329 0.0407744041406676 0.0187192972768437
-0.0234735109704501 0.0432562926880017 0.0588502325131554 0.0170473928684089
0.0220982785197966 0.05301053455564 0.0354848341290101 -0.00928966139525292
0.0122417453592815 0.0106611608560533 -0.0115236578207538 0.000952106243189778
-0.0442034939903284 -0.0012821217211534 0.015562282516692 0.00703494077289723
-0.0482782620859815 -0.0142042573554536 0.0344163889608567 -0.0411427616624098
-0.0672514466527826 -0.050919165983822 0.0127782570699111 -0.018794348593114
-0.0411036173199056 -0.0652883949328116 0.0309965626856792 -0.0252024010540349
0.0281391408558139 -0.148665149979097 -0.0658127129698553 -0.125076039886094
0.0726791841633854 -0.159206656024987 -0.00991612117143065 -0.126440630111975
0.107240033474043 -0.100803026987552 0.0269792319446865 -0.153775048266349
0.0502383592921932 0.0170942537090003 0.139964421607701 -0.129491654939066
-0.0893367458996193 0.0553689444040519 0.196607440349276 -0.032491072628844
-0.143055256638224 -0.0104552554615961 0.0955456562561834 0.0032437281974755
-0.0847500959039953 -0.0424849171975842 0.0268134299231497 -0.022492036573864
-0.050965938086176 -0.0191372128810433 0.0237995106969438 0.0187428283663684
-0.047570924313739 0.0322803008373295 0.043963696351819 0.0382449460082746
-0.0236993898200401 0.06388921172224 0.00792709993523039 0.00322958975520639
-0.00864957781769142 0.0385079182720776 -0.0324645434734244 0.0216791748828294
-0.0130002101336353 -0.0124556397046421 0.0333876340807528 0.0298710968533061
-0.0218088834511095 -0.0633856275046373 0.062151108173776 -0.030633380979379
-0.04853424594058 -0.106136436798557 0.0392543943200513 -0.0048662484846615
-0.0310982260992254 -0.103002553355332 0.0581850675439481 -0.00430751525685649
0.00506005958796994 -0.142164540445042 -0.0740005699474067 -0.0613663370406551
0.0261247195139257 -0.162481936952143 -0.0431794339921896 -0.0329650856556152
0.0495659996300982 -0.091533691789209 -0.0440717742546296 -0.0632115163573982
0.0132066454756811 -0.00222160944821202 0.034839641913943 -0.0716711195893169
-0.0602137493403584 0.0482737452268446 0.106820953940474 -0.0235042705722407
-0.0996936887369557 0.0199346284284689 0.0372283480736297 -0.0155235026420613
-0.073507618918299 -0.0178889381652782 -0.00740980146661292 -0.0425045894157077
-0.0535531813903413 -0.0254168042444009 0.00460068528142809 0.0140317363006265
-0.0732422262994295 0.00686264866042968 0.0178806155637994 0.0456929700099731
-0.0778267170707698 0.0558685101169139 -0.0339980240477449 0.00879664023040861
-0.0376686195224129 0.0577025101480215 -0.0725029585433941 0.0430736358146434
0.018177776113035 -0.0147866288281554 0.0154979355289271 0.0824970970418063
0.0233442049252356 -0.0979241299269692 0.0621972007344309 0.0293390902217061
-0.00658641451697931 -0.149245218814917 0.0567229430675197 0.0489983415790524
-0.0048776925571305 -0.133292363417899 0.0791356036252212 0.0404857878181535
-0.0189101130671286 -0.109550370528737 -0.0638643488529105 -0.0106145059918828
-0.0172359603374567 -0.135881384893757 -0.0466812718429947 0.0281837232944529
-0.00656864644625783 -0.065345785437557 -0.0600876421340618 0.005999142294363
-0.00618207526832874 -0.0126088370280643 -0.0100182644031763 -0.026546453446918
-0.0193694532291204 0.0405443906485353 0.0558525468239018 -0.0123675182060829
-0.0446335961155582 0.0499023693137117 -0.00570330681885539 -0.0210355557884285
-0.0501351293241454 0.0110250826116089 -0.0361032556314563 -0.0439501158908328
-0.050032130487322 -0.0282289714400638 -0.017084185711039 0.00595002462857151
-0.0894596950426076 -0.0228964207349538 -0.0153378944503733 0.0339257702662461
-0.123497471399606 0.040166000061285 -0.0920822415246924 0.00206238810938024
-0.0579828212918884 0.0754249130467166 -0.157547105560695 0.0640317117504602
0.057704530225359 -0.00633992656104683 -0.0636566813623508 0.150612082704003
0.0804017450611601 -0.110950470922054 0.0133808881589946 0.121899742492995
0.0419309465518386 -0.168741774369364 0.0491405252465714 0.131709170340767
0.0256025937895778 -0.144592811505759 0.0864809435270015 0.104708929700842
-0.0327863041988296 -0.064934982268448 -0.040900391780014 0.0186813286587538
-0.0391664258497706 -0.0871630649262114 -0.0250433020435257 0.0474320730084642
-0.0449717358000889 -0.0219899180740769 -0.0356776513588751 0.0390518486449367
-0.0221266751515154 -0.0125416404463243 -0.00843566507331888 -0.00115831998932799
0.0193430267567898 0.0164002732184413 0.0254133824840699 0.00402787242625079
0.0113716098805914 0.0587750216136755 -0.0371951530126905 -0.0120418533983248
-0.0243594916762939 0.0267322499905407 -0.0560360368987151 -0.0309356786901514
-0.0378363567912987 -0.0267321538425266 -0.0358680571954363 -0.00412644956843086
-0.0884177611693061 -0.0417031346373201 -0.0550879782748567 0.00572830504727808
-0.146154916188124 0.0255897952941857 -0.168076996517077 -0.0203356202409277
-0.0586346113357691 0.0988139635458016 -0.294135990598363 0.0788663438021522
0.105445638621794 0.0106769511151054 -0.217672830124385 0.23466581829846
0.132461306794928 -0.105141796745803 -0.0879242315241938 0.250374871257602
0.0754187777216234 -0.161095316678163 0.0126775093864836 0.237533604321051
0.0443447659913443 -0.127616384355377 0.0769177963098403 0.17540733693448
-0.0254422489529925 -0.0221917860159169 -0.0158230071372998 0.0262526539964999
-0.0278282569674008 -0.0378146835301619 0.000978137619183305 0.0238262166045202
-0.0449110344242752 0.0127950057183418 -0.00515381745060227 0.0171905923592325
-0.0243695611423482 -0.00295726618958795 0.0107870964255485 -0.00286788768050727
0.0277409811890771 -0.010470917267012 0.00452624229266605 0.0177523749612884
0.034178549562037 0.0401829244964795 -0.0533653275432537 0.00138351558584201
-0.00523032684525866 0.0205256267023244 -0.0658394374597079 -0.0139526065828886
-0.020419973590182 -0.0199029726005033 -0.0521493163888223 -0.0130149558971508
-0.059654601505225 -0.0377557220353998 -0.0906045851115986 -0.0253353395576153
-0.114541748850482 0.0185854737788007 -0.242426525857823 -0.049388441244115
-0.0328076919036541 0.0967101277578239 -0.443859754694695 0.0860187954843444
0.116727257992433 0.0194404659987657 -0.411759367329393 0.327555295374095
0.132138903961891 -0.0758443199278859 -0.213632187402044 0.409959822432852
0.0690711641043595 -0.117098477943278 -0.0389323058708248 0.347140097870774
0.0405920458502924 -0.0818544671028211 0.0614410922440729 0.236060764880111
-0.0147351574693627 -0.00440667980583958 -0.0231578172708937 -0.247741901997936
-0.00233859931936593 0.0327900955910601 0.0916715728609523 -0.380515415614403
-0.0312284352813846 0.00373811889296692 0.27641359502206 -0.473076247126855
-0.0343368720765508 -0.0056567941444476 0.501976104620874 -0.364745558527753
-0.00861034847510274 -0.0398364229295926 0.502953586457278 -0.087603627324574
0.0143075003307356 -0.0135086514084107 0.277699557885214 0.052889048475971
0.00588332144580611 0.00710935290699461 0.108202633644547 0.0401541671516427
-0.00168614654970719 0.0127339325465785 0.0573987182492641 0.0110626053356322
-0.00328704405149984 0.00589832729641948 0.0678360373483493 -0.0147449187760176
-0.00857548750772832 -0.00352475596397125 0.0557191215417515 -0.0225609621141757
-0.00904841385055629 0.00739031684187143 0.0151395600686536 -0.0251062318619408
-0.0144894321147927 0.00298024870741916 -0.00969953409398758 0.0162281797450454
0.00105034434310461 -0.00350507644602356 0.00224956329830095 0.0136653341034804
-0.0109762490419183 0.00886295710262155 -0.0107046879135038 0.00278856112848201
-0.00369136741149845 -0.00788243425801949 0.00199099378273256 -0.0297750500934245
0.0192767169137896 -0.0746879826454385 -0.027500393642835 -0.237939655272795
0.0690292453668718 -0.0607124894559544 0.0885914999562941 -0.345827450117586
0.08828618071077 -0.0580873330710801 0.257017642403806 -0.422543475864437
0.0599885443677535 0.0248614176564903 0.469481600113204 -0.318528955844272
-0.0641706515645774 0.0348953998660512 0.462053653941416 -0.072751863801732
-0.0994904952828737 -0.0198157662249515 0.249581840834049 0.0461421970268277
-0.0502836066452699 -0.0276511390566508 0.0972183610634567 0.0308818643347976
-0.0249587365502581 0.0019931265010518 0.0536511249683545 0.0140048209069352
-0.00957313405325598 0.0328558626204888 0.0654379298214614 -0.0063024980409392
0.0300451688115047 0.0269859717367242 0.0488646841718495 -0.0203099981808867
0.00974859309358759 -0.0046744058386373 0.00563452975451284 -0.016157339228028
-0.0489880762636757 0.0085000644109075 -0.00404161917994355 0.0121338640358585
-0.0399462592442463 0.0134362860200186 0.0106825824563703 -0.00610342673761036
-0.0536356765633018 -0.00994798536629 -0.00555578087368436 -0.0021792527505921
-0.0312914736031373 -0.0326024999253721 0.0091662079914538 -0.0291729069772974
0.0355959713082674 -0.127085429754815 -0.0465988195366686 -0.191519846847142
0.0963521695412862 -0.128857119995158 0.042376587500602 -0.242180500419095
0.138429703465644 -0.0933659628763002 0.14658414014686 -0.283175983437564
0.0855563575153773 0.0351968079416575 0.308185977284342 -0.216470786710636
-0.0952352860761168 0.0657671756214504 0.334261175598863 -0.0521759655991768
-0.156811112280579 -0.0207479379725798 0.175979845494163 0.025864054172619
-0.0827439488263002 -0.046036370699105 0.064824088318628 0.00529843875554081
-0.0415563704965316 -0.00782673457426038 0.0418655112465483 0.0167038777225192
-0.0226789160750857 0.0449876129296999 0.0587196533881961 0.0162881814570132
0.0238319093816946 0.0536094258396847 0.0348139872102237 -0.0103310512334312
0.0117481206239651 0.0108266449472751 -0.0118175035975711 0.00050147855960031
-0.0447048473525602 -0.00114146500280891 0.0165359602139044 0.00590814048226397
-0.0495506806836932 -0.0148146119764507 0.0341447666381295 -0.0418786778757561
-0.0690105752903337 -0.0513311660805029 0.0132998616229386 -0.0174569887906217
-0.0422329387484353 -0.0659762736866713 0.0327993772727076 -0.0249813095430569
0.0291551127176937 -0.149938544802724 -0.0673669681791546 -0.127456261743599
0.0735657679527351 -0.160618181859121 -0.0104569078194385 -0.127789360539711
0.1093155422467 -0.103202038580358 0.0257861315185991 -0.155696273425114
0.0512544530749755 0.0169814931995766 0.138927695288022 -0.133412775834961
-0.088874724767371 0.0593400287475863 0.198291661688695 -0.0363327667793953
-0.145564056103557 -0.00617161082828977 0.095699506732359 0.00123212420708191
-0.0871985099013981 -0.0397233795663644 0.0257716177271343 -0.0241811246967592
-0.0518690746359489 -0.0160158405648775 0.0237361758350199 0.0183103173893858
-0.0473016043861001 0.035489661630543 0.044208999591084 0.0375013418265344
-0.0218454037875801 0.0655971354902839 0.00736166370356304 0.00133566508020811
-0.00773010737912973 0.0395643787259626 -0.0322553898929434 0.0211645682221348
-0.0133470485064075 -0.0129847142777466 0.0351068508353673 0.0296257450332712
-0.0224682631196628 -0.065464281880214 0.0620938423579418 -0.0313063544975675
-0.0485810567879733 -0.107177816955705 0.0398085499017668 -0.00306865008817182
-0.0308026489003775 -0.104205910737409 0.0599351570205997 -0.00305980011686366
0.00666112656485343 -0.1428347771347 -0.0751051402768861 -0.0622919635934259
0.026984897580154 -0.163276469388079 -0.0436842494121548 -0.0353983505101046
0.0498609104491782 -0.0935099445533347 -0.0445341122895832 -0.064265521141382
0.0142419473806881 -0.00302689066737541 0.0327334991469143 -0.0730363444598314
-0.0592496886113472 0.0504914366249205 0.106981060896926 -0.0253837034235243
-0.100471512684956 0.0236492672191283 0.0374448385611563 -0.0160553998049495
-0.0745071029191699 -0.0140262868356675 -0.0082616768340175 -0.0430850759987391
-0.0545855960757119 -0.0229059224059939 0.00446193133001264 0.01475828207044
-0.073301274859114 0.0101849313470679 0.0192629852362126 0.0462695014441128
-0.0779181272862532 0.0595851341523493 -0.0349958131238534 0.00895459411643655
-0.0363663998719188 0.0599358744797106 -0.073235394666441 0.0450007030928846
0.0196411288025858 -0.0148317519234226 0.018069113483921 0.0819175002047972
0.023263670717497 -0.0996585355457318 0.0629017525402372 0.0295661118294149
-0.00626711912288211 -0.150294384507443 0.0564282432985696 0.0509709825153825
-0.00458562312603451 -0.134546326374657 0.0807005664478784 0.0422159610642524
-0.0186678865842848 -0.110413330052374 -0.0662826060822077 -0.0124647272074613
-0.0176946652821374 -0.138020027494798 -0.0472720386095548 0.027442231830902
-0.00715198538035088 -0.0677609576954089 -0.060847102506717 0.00739545343991297
-0.0052453634774914 -0.0135768331138875 -0.0113076271752039 -0.0260459737261682
-0.0186990748097493 0.0412181163532454 0.0554784496023481 -0.0124883594726594
-0.0436418932467655 0.0517924230674317 -0.00593161690700566 -0.019533750668522
-0.0496880634678494 0.0133789587120907 -0.0367000790724761 -0.0434665659809951
-0.0500993586095647 -0.0254951538067313 -0.015907175195502 0.00614298851836456
-0.0911850475334989 -0.0198640220111385 -0.0153525112268994 0.0354819843190764
-0.124626018628046 0.0442458542181433 -0.0926496101279787 0.00396371546301565
-0.0566874498653003 0.0788730062978664 -0.157549995613358 0.0677869239777214
0.0595637378942055 -0.00742670332474204 -0.0614379700523465 0.152682493903266
0.080864964734702 -0.113495163115299 0.0141236324270907 0.122958079611111
0.042798351560157 -0.170618418708986 0.0496253315509035 0.134355405054969
0.026107819156856 -0.145715394500166 0.0870596339702707 0.106911949887208
-0.0331219130635482 -0.0653030882863077 -0.042430982178799 0.0175400485014297
-0.0404646208477841 -0.0884636192997624 -0.0264386967567619 0.0463544117013791
-0.0452936655361633 -0.0236986985034698 -0.0357420835457419 0.0399742300990324
-0.0226768689127481 -0.0132284756230626 -0.0102963275803775 0.000251580488650141
0.0195286307662485 0.0156206950732913 0.0256084578469912 0.00297879278749216
0.0138728162748366 0.0591923828006713 -0.0370873927750804 -0.0106081992977358
-0.0238128887803867 0.0280438994190068 -0.0568922654347047 -0.0293398823747853
-0.0387458944279244 -0.0248019039435031 -0.0364110445115341 -0.00235819412909438
-0.0908174087770893 -0.0385280878262889 -0.0550432217749631 0.00871649690531112
-0.147466937929781 0.0312008945451002 -0.170178247726035 -0.0155128596083763
-0.0561844409763057 0.102185522241491 -0.296443434283118 0.0856549873605311
0.108382197141022 0.0104042598560966 -0.216726151831934 0.238532895855422
0.133611270587638 -0.107345051009395 -0.0867221982082631 0.252917251325839
0.0768267223538237 -0.161927872973335 0.0136259239204223 0.241280641708367
0.0453274708980597 -0.128445308052223 0.0784176580946008 0.176650268401345
-0.0253783028421201 -0.0222594604217484 -0.0169597221803761 0.0256701198683175
-0.0283131145811155 -0.0388565656164657 -0.00053321848476064 0.0233670204794168
-0.0447304470417203 0.0129318401117768 -0.00494105887066913 0.0175563002086675
-0.0246334755550091 -0.00188246001280781 0.00948765062767207 -0.00233229504383498
0.0274526271333818 -0.0112377330343838 0.00393149737667467 0.0171890527198675
0.0357578588006781 0.0399571834280079 -0.0531569800508761 0.00169232848581694
-0.00438525123777852 0.0213964252182467 -0.0655495992989698 -0.0127473387414656
-0.0208223632825899 -0.0198404377748719 -0.0527119158229868 -0.0104707992218416
-0.061793012754571 -0.0349567956129574 -0.0923656813834615 -0.0217646344553265
-0.115404756521208 0.0218993562952509 -0.244627402201286 -0.0427698586874811
-0.0303688508553645 0.100151749343245 -0.446589308833416 0.0948747675978567
0.119766013756523 0.0188567943870386 -0.41252404333327 0.337410013061483
0.134130968482055 -0.0772890977910585 -0.211021414609735 0.416208023652099
0.0709430893808142 -0.118390799535104 -0.0390692781599849 0.351623417883065
0.0418917630090702 -0.0821180694221161 0.0623454381223695 0.238907336152517
-0.0150946538924055 -0.00443201887659786 -0.026413645320245 -0.250933980533278
-0.00153276615190851 0.0327699026288411 0.0847029533331302 -0.387400862921796
-0.0317783938250847 0.00443736561414854 0.270912841670807 -0.486537390445746
-0.0352526788578467 -0.00535353739905638 0.500333659410696 -0.385191663722455
-0.0103512290659328 -0.0407433190647065 0.505424910159012 -0.106159315556883
0.0141335778199351 -0.0147971202895097 0.282802443536354 0.040474623772566
0.00603435936689984 0.00668712658919723 0.111859363496776 0.0335458046761271
-0.00115585037140149 0.0126595790236395 0.0578803241396491 0.00784600808088148
-0.00388851321721237 0.00580360433036755 0.0658603754439927 -0.0174002456933597
-0.00870958544449765 -0.00317366402722306 0.0547742047157541 -0.0231727270323159
-0.00902515817369862 0.00827120084229625 0.0149897467718301 -0.0268879309491707
-0.0141754944093986 0.00340372254055137 -0.00891891021765432 0.0157634850482818
0.00158240411136231 -0.00355515563071899 0.00401986695452345 0.0128726883210885
-0.0119107783799567 0.0094773732192652 -0.00999483735490492 0.00331944010778968
-0.00385227828054544 -0.00819131304392638 0.00151921133478441 -0.0293171945953849
0.0184588243593257 -0.0760452697071345 -0.0309090266156322 -0.242023498692916
0.0694794402731385 -0.0623291033708497 0.0820208406412313 -0.353236107106351
0.0897681762758472 -0.0605511349181705 0.251413664141657 -0.434363650282741
0.0627667609580788 0.0237256088520414 0.467631715221391 -0.335949133629652
-0.0639038787964171 0.0385323014815275 0.465343423492933 -0.0895821149577627
-0.102640163287704 -0.0159426079826754 0.254369454233537 0.0348565946724782
-0.0516733692239334 -0.0251444937366384 0.100322394801884 0.0251789124540621
-0.0252572011021577 0.00340670184578351 0.0537078009419484 0.0109684142926056
-0.00814599976742676 0.0346512517811583 0.0639454462078778 -0.00880237746864214
0.0307648269722538 0.0270992289478109 0.0485538458145899 -0.0221748951381727
0.00897011422183287 -0.00519401496357443 0.00577468877616356 -0.0181384238133802
-0.0503402974965201 0.0100354968092006 -0.00286692123023695 0.0109325543148842
-0.0397744335812068 0.014254440191963 0.0115078766304722 -0.00653057011053505
-0.0549243769706152 -0.00877110070998981 -0.00491878569001699 -0.00143775640217772
-0.0329304997909723 -0.0333449995574114 0.0105721261261719 -0.0293559147576736
0.035439384126347 -0.128886042102184 -0.0506966901642511 -0.194885900924579
0.0958888658889768 -0.132080152464778 0.0389019627075442 -0.247736962058534
0.139074254105755 -0.0983081188107866 0.142276445809473 -0.290658241910686
0.0901813602629641 0.0347145117811686 0.304626142166006 -0.228072614585533
-0.0936789499860729 0.0723092982425425 0.337853292864099 -0.0635597918820334
-0.159596255028863 -0.0147131395427968 0.178583173233627 0.0166808130362033
-0.0864598978698422 -0.0417912152096839 0.0668368358012698 -0.000680628537928363
-0.0421723082146565 -0.00521381557166612 0.0425204783713933 0.0144158967520074
-0.0207255243433114 0.0473326532948402 0.0596336213921908 0.0133533678144036
0.0263265886310198 0.0535869398391934 0.0336435809434279 -0.0126852063364321
0.011736610799756 0.010217069722658 -0.0116822273496511 -5.84914231134161E-05
-0.0452803546956303 -0.00039977026728112 0.0183211251617201 0.00449239812194201
-0.0503676561414176 -0.014204222701127 0.0343095825153579 -0.0434640818015236
-0.0708855641981931 -0.0507711192570653 0.0134813086687881 -0.0167590466322767
-0.0439263256997497 -0.0661537766551609 0.0340494617403121 -0.0248729815892368
0.0286747093325827 -0.15244518717566 -0.0695062317943619 -0.130537073277416
0.0719816674182338 -0.165012799420589 -0.0129772940023455 -0.131655252745591
0.108931407548762 -0.106647021409865 0.0224741429493464 -0.159141524030546
0.0538827821189916 0.0166887602777307 0.13524278606583 -0.139375254959293
-0.0874992598794038 0.0639481366131416 0.200419260414191 -0.042367977215005
-0.147495603002184 0.000562444590302764 0.0976040982710728 -0.00285882400852303
-0.0899098995529115 -0.0353541706167733 0.0254399730336834 -0.0273512445166914
-0.0526869414753564 -0.0131049832499625 0.0251134904977499 0.0171059695593946
-0.0456809244048846 0.0395129487610895 0.0454206839298796 0.0366028210511917
-0.0198964277891936 0.0672967193857114 0.00661764590017321 0.000719659330816667
-0.0068256326378705 0.039907032818804 -0.0316796288356403 0.0224482586846032
-0.0132841990162913 -0.012867046805262 0.0373761181889162 0.0280534254567955
-0.0246767077944918 -0.0660096750690618 0.0627153506206959 -0.0329865710878661
-0.0515649192101783 -0.107962687307551 0.0401401261479453 -0.00167459307988747
-0.0325001951860723 -0.104471909350405 0.0622447677868329 -0.00309472403794865
0.00540842991763707 -0.144629576045386 -0.0770526244160644 -0.0634130373592412
0.0252171708181838 -0.16785916676013 -0.0443823310885782 -0.0361171547988288
0.0493315341251961 -0.0966134285578232 -0.0477556277842433 -0.0636826055445558
0.0155504146101118 -0.00332951068857217 0.0290325398461023 -0.0741538441030042
-0.0580672678155991 0.0534644215041405 0.106730086978071 -0.0274115645726865
-0.101643028570289 0.0279961733903182 0.0375846673831362 -0.0169222646819295
-0.0755836709249497 -0.010439724754756 -0.0102128452802288 -0.0440712352713337
-0.0557677288223837 -0.0193867524639534 0.00531791574279258 0.0143661511264836
-0.0734986437862633 0.0145244547209625 0.0210961391207095 0.0456649744370101
-0.0760156681962479 0.063639647773909 -0.0349183362244289 0.00885139768436971
-0.0344395443564686 0.0623711793272124 -0.0723745385237598 0.0472442471405627
0.0203556450996498 -0.0159528401621354 0.0223371664250105 0.08319384015153
0.0216373712962556 -0.102731726811233 0.0646646384362631 0.0284994854038852
-0.00888743208199893 -0.152829140381943 0.058474758768208 0.0526994184707929
-0.00493559298572025 -0.135066831671292 0.0835406074093427 0.0416563147798962
-0.020241522397834 -0.111744284734947 -0.0676401297062074 -0.0125000404646545
-0.0190182040297388 -0.141599611136231 -0.0471630471401228 0.0267326171147111
-0.00817892180610367 -0.0696564349520005 -0.061859312668357 0.00853909598059415
-0.00623991312124657 -0.0143005563182281 -0.0138431138273046 -0.0252630246593341
-0.0173931533679028 0.0416698950776295 0.0559578981505036 -0.0134681304381247
-0.0416559096214792 0.0555343474773072 -0.00608044547851172 -0.0188485855334237
-0.0496222296658171 0.016498981910339 -0.0384935615828194 -0.0429959605165084
-0.051303348157775 -0.0236471715871771 -0.01699655513413 0.0081987532353037
-0.0921426142784653 -0.0146222698638011 -0.0144733825871895 0.0368340352841923
-0.124922129617456 0.0503822932372804 -0.0935544510377948 0.0063026982532832
-0.0539444404624888 0.0828362065075887 -0.157315130462572 0.0728724034814231
0.0620942935102986 -0.00922667598549998 -0.0565919586594634 0.156442448953648
0.0804362040685667 -0.11721308085048 0.0171888058528426 0.124951746663875
0.0409591574459078 -0.172954537621118 0.0527012636329567 0.136820150145104
0.0253652167379826 -0.147283630421964 0.0892723810905715 0.107571246610972
-0.0340286620248635 -0.0659311199078265 -0.0430318411649635 0.0175576182817341
-0.0426693985201674 -0.0903368104468823 -0.0263179849385102 0.0464154476390639
-0.0471698211446536 -0.0237656164653331 -0.0359137993137529 0.0413169946470402
-0.0230842309265922 -0.0129221284204778 -0.0115907039607224 0.00243013466111056
0.0197965309433272 0.0145984766309977 0.0260380045552474 0.00270507794433121
0.0157197216018097 0.0590059068232515 -0.0371158606128827 -0.00852902252079765
-0.0215957085098601 0.0306179063377106 -0.0569547735401071 -0.0273907103420298
-0.0401984047759291 -0.0220071492144149 -0.0369035388407374 -0.000103420106395468
-0.0936541904582907 -0.0343313820230435 -0.0552011181204769 0.0121049678885371
-0.147911151524507 0.0377825283549418 -0.17301026142575 -0.00955885910278973
-0.053437277176932 0.10712960786792 -0.296103404513993 0.0964447881890074
0.111967420270139 0.00812103690878252 -0.212262985463863 0.24837077931115
0.134693338471421 -0.11195550309655 -0.0820746965135789 0.258824067619092
0.076412402840487 -0.165241353054155 0.0175121260494586 0.243666258803053
0.044447263481932 -0.12966699025894 0.0821619662311902 0.178975496923887
-0.0263504928939506 -0.0223883692276838 -0.0185471043346902 0.0249989786002596
-0.0296544515991039 -0.040259640973563 -0.00189593882706221 0.0225364688602637
-0.0453561021754968 0.0129095994668775 -0.00574608801386351 0.0175355647081617
-0.0260586541492339 -0.00121229974446448 0.00804068590361271 -0.00186879493609848
0.0277324712842217 -0.0124070104261326 0.00422554613614721 0.0167484333215495
0.0378790709748347 0.0379261223788205 -0.0529580307778154 0.00374679652638177
-0.0021055561222046 0.0222972205082689 -0.0654929649394306 -0.00955023464736414
-0.0213043835159033 -0.0180936624644532 -0.0536011614206748 -0.00755237766809631
-0.0644872069934219 -0.0324340125659418 -0.0935587226796283 -0.0166608233715057
-0.116641630203125 0.0284389148200709 -0.250234272951309 -0.0326362854554671
-0.026230592949543 0.104551317656294 -0.448923061570382 0.112483127205744
0.123934424021039 0.0171995729181723 -0.407466191326484 0.352766595531249
0.134833200218415 -0.0805383625260033 -0.206473529135553 0.426429832146118
0.0715161101524086 -0.120731175117875 -0.0325537384953289 0.357082440276762
0.0424907809925592 -0.0829583012898466 0.0660792455654305 0.239692124941869
-0.0162210449817872 -0.00379673822895181 -0.0313312695399651 -0.251919636061071
-0.00141251082595131 0.0332625534455403 0.0752089764701433 -0.392536914614345
-0.0310100444158109 0.00509278727751075 0.257053484127855 -0.497480339171454
-0.0357176591473521 -0.00485113145981791 0.489655394814604 -0.404823268559125
-0.0119654055230908 -0.0413155283797755 0.503143612745248 -0.128600559461952
0.0129933036836211 -0.0154024355823998 0.286190117177394 0.0252278231469517
0.00599553771515998 0.00686067223889537 0.114051730689676 0.0262200474020324
-0.00133762516413854 0.0130034476212268 0.0579999944226815 0.00294985492778266
-0.00467596385667098 0.00636474152964716 0.0629186720610742 -0.0214186340534754
-0.00949799261526081 -0.00192560038861193 0.0532376292003029 -0.0256741778127676
-0.00923726357923569 0.00839192873900316 0.0150022963018465 -0.0285430610484759
-0.0141303922907428 0.00362973973613429 -0.00783473591336891 0.0154041984918389
0.0011935520046168 -0.0033061943353542 0.00525101532890134 0.012508823677262
-0.0124950869105503 0.00921185635745124 -0.00757441958824217 0.00430979203255966
-0.00454890047049851 -0.00808181700518251 0.00308813220195099 -0.0293886862261019
0.0172226108187739 -0.0768135795507957 -0.0366020969366113 -0.243272403918927
0.0690693074794302 -0.0640340849255533 0.0729577568490192 -0.358730503747674
0.0887137404721066 -0.0633457001762572 0.24002750239021 -0.44694498815583
0.0654131880138079 0.0222540449883507 0.458800329027913 -0.355072957710781
-0.0610989814366608 0.0424564590390731 0.462470730252761 -0.109789587403101
-0.103891408906399 -0.0107300837375879 0.256486630658282 0.0210321107965272
-0.0539243906732876 -0.021575033495254 0.101508830760243 0.01799002532877
-0.0256306927844949 0.00555997412957653 0.0546500017184153 0.00706504429993058
-0.00634315752783245 0.0356011562337686 0.0627505276066758 -0.0131559829391163
0.0323780268580785 0.0261991584083736 0.0466751801016076 -0.0237608533647431
0.00766599059505383 -0.0056058335708413 0.0055942162266555 -0.0191991824784798
-0.0511637542660979 0.0123880102270289 -0.00194140115330329 0.0100139095999753
-0.0401950578532856 0.0152808660877806 0.0123580508679778 -0.007278633066824
-0.0562350388134537 -0.00787958801331059 -0.00398434826826609 8.66739107484456E-05
-0.0335037201820643 -0.0325866870431084 0.0108456457046821 -0.0295353041713486
0.0331266721047713 -0.130379154943927 -0.0553891596281432 -0.196798646991733
0.0936608819202527 -0.135375987948152 0.0324653367858572 -0.250663914695323
0.137612239115755 -0.102131108024831 0.13510169712761 -0.297851148723894
0.093117520259264 0.0323583598148416 0.298302995332789 -0.242217336534805
-0.090704735117483 0.0779310770894636 0.334625965963102 -0.0783811912295278
-0.161756398899176 -0.00599995882691581 0.179987349231379 0.007169883339951
-0.0879806483921497 -0.0369621454500685 0.0662639072680686 -0.00573645576757471
-0.042980335022578 -0.00176636419374854 0.0427343876927566 0.0114772369950422
-0.0195894740308449 0.0493198954902654 0.0588767374234904 0.0105894283081327
0.0285491053942525 0.0526437854343931 0.0322947009042056 -0.0157355262113323
0.0118491094488609 0.00990342448848824 -0.0121099135157967 -0.000261536712713205
-0.0453323440202849 0.00082739496545315 0.0202173197339044 0.00251821725771275
-0.0517013237500176 -0.0141059651613257 0.0333308364726063 -0.044677001713232
-0.0730491221664697 -0.0501599927341393 0.0142663477651149 -0.0149067390913978
-0.0452818102030728 -0.064706332686159 0.0350938928745119 -0.0256390668731923
0.0267456207550604 -0.153662195440129 -0.0737601562188119 -0.130532769600747
0.0689229486660129 -0.167584139855769 -0.0166334922751858 -0.132960329524194
0.106987445892159 -0.111273908965036 0.0187214931561671 -0.161868655564981
0.056590820091517 0.0148273648401676 0.129907984831919 -0.144409840880022
-0.0849440331934438 0.0692765944336438 0.19860816531329 -0.0521228186568418
-0.14883139634699 0.00829580401231474 0.0977644087717933 -0.00833509460916085
-0.0925332050101481 -0.0295127897308035 0.0241246310255506 -0.0308411828566392
-0.0539655642282973 -0.00912007084655541 0.0258627049424551 0.0148197464797266
-0.0445057895218374 0.0430102694412945 0.0478316175846998 0.0344883915108755
-0.0169559816733185 0.068966850453976 0.00573434067930628 -0.00119635042221152
-0.00481347435193364 0.0405249038937523 -0.0319339188095844 0.0231262616088421
-0.0132476966362893 -0.0131491763745648 0.0396588706982432 0.0257091420283574
-0.0262475712855252 -0.0671792146078294 0.0623217418571233 -0.0354476934901283
-0.0547516214854297 -0.107840790831149 0.0415001826326033 -0.000567599924732531
-0.0349704124198673 -0.10452153349161 0.063524840858351 -0.00343547450194802
0.00356822223213517 -0.146237832649581 -0.080045091340829 -0.0640710857809511
0.0216800096730806 -0.169623577010274 -0.0459728087354938 -0.0372908787636747
0.0469564007909249 -0.100001636989721 -0.0505472075150128 -0.0626006657547061
0.0167240312402275 -0.00433642268070831 0.0257468181342618 -0.0757629677107297
-0.0561529982363081 0.0560228813600536 0.107026534176453 -0.0316970139257979
-0.100132591476575 0.034356530979345 0.0360441690300996 -0.0183162149138973
-0.0760272052494517 -0.00511986331770218 -0.0128456040691499 -0.044935848262024
-0.0563505718520703 -0.0148320412864764 0.00506620770798152 0.0142373272173172
-0.0728228389561889 0.0193457070770003 0.0230307634372796 0.0456720739989734
-0.0741162199826438 0.0680508102114438 -0.0344925620676892 0.00895383359165631
-0.0310650076248382 0.0648872779074066 -0.0697942229340592 0.0498904757215614
0.0211061700413844 -0.0175654391111872 0.0254897420232989 0.0823603048940027
0.0201621470639573 -0.105021755343151 0.0657105765832767 0.0268520775138185
-0.0120654096306858 -0.153732759821532 0.0603266564391033 0.0546143871374018
-0.00787900874280983 -0.136021984242434 0.0856443100884424 0.0419250856389862
-0.0227578108002406 -0.112768226643877 -0.0696773080990675 -0.0123795696560761
-0.0227849166258761 -0.142484966439681 -0.0463958160850417 0.0264057011283665
-0.0102507293983965 -0.0706831820086221 -0.0641426265065231 0.0106657038003198
-0.00625623196059331 -0.0138228746613375 -0.0165577021862317 -0.024191883539215
-0.0159642652031411 0.0425061890985617 0.0558099364862321 -0.0148100896097486
-0.0388116788438628 0.0574992791422817 -0.006459350264288 -0.0177680210341591
-0.0484008287840635 0.0208612754954267 -0.0411020627148094 -0.0414600222992444
-0.0525060443149638 -0.0183022703935587 -0.0165543824959977 0.00910089349834963
-0.0940308933992469 -0.00894757747928693 -0.0120905456848097 0.0389450810473774
-0.122106295837899 0.0579394126183238 -0.0933433671859008 0.0104977770225963
-0.0495582488258296 0.0863264110987642 -0.153853209634223 0.0800948440294718
0.0629796956456888 -0.0112425116366033 -0.0501139820295695 0.158819891781564
0.0779560934141415 -0.120266462294231 0.0212341620046271 0.125212287085406
0.038253201643789 -0.175322216359757 0.0555144881963995 0.13859495803248
0.0226029011018187 -0.148287278582407 0.093641194176638 0.106686434824567
-0.035614853565706 -0.0657465752148322 -0.0446865821939029 0.0172456456120747
-0.0443737865992746 -0.0904458779046786 -0.0260090377256202 0.0467203331797648
-0.0493086779761938 -0.0237082499758168 -0.0363837441837633 0.0431525982096142
-0.0238032030002553 -0.0129448489863123 -0.0132285482891968 0.00337128331713804
0.0204432654013155 0.0125185821013874 0.0262575422143831 0.00244466443193034
0.0185117041956209 0.0600128682933477 -0.0370611348062234 -0.00671955276960507
-0.0199826669805503 0.0322795120035462 -0.057985855955699 -0.0248669605678265
-0.041244633460633 -0.0189608103584004 -0.0374800312710567 0.00266665213519312
-0.0946818851235178 -0.0285975639232927 -0.0559851973630864 0.0168690158341323
-0.147573947778147 0.0475691480956672 -0.173913127444172 -0.000366385410623925
-0.0468984440336306 0.112062828740334 -0.293008459622567 0.11021694036629
0.114525900571106 0.00404138542727353 -0.203638029917125 0.257385358402681
0.132359883873887 -0.116046523837975 -0.075883998074329 0.263495897967187
0.0734742444700157 -0.167550421410282 0.0235715578813404 0.247039162274985
0.0436511688961214 -0.131332032044173 0.0861570970874617 0.178888676369384
-0.0269061977678484 -0.0219408072975725 -0.0186336808271194 0.0254387025686847
-0.0299970175102729 -0.0405265683189961 -0.00219442861584535 0.0228003730915788
-0.0455052868078683 0.0140629030486573 -0.00613939424465559 0.0178130345419909
-0.0262644740432157 -0.000410268547875383 0.00615085364896052 -0.000374812388766682
0.0271100130475464 -0.0139657173689592 0.00406070838462008 0.0161299177598486
0.0397629888295565 0.0367089923875422 -0.0525853768317472 0.0054306178900671
-0.000951383466072833 0.0226777809265683 -0.065424679309256 -0.00558779712249726
-0.0226661599986255 -0.0163894102023816 -0.0542059046120362 -0.0034547384961918
-0.0660007347399056 -0.0288761059224078 -0.0947452437199149 -0.0103163655466886
-0.115455347351439 0.034881528166691 -0.253234914550013 -0.018708536907773
-0.0205490047807702 0.107354025840569 -0.446086608724514 0.134467736673758
0.126470605835293 0.0135266452604382 -0.396299327262606 0.369855266477508
0.133909780918224 -0.0843332825982177 -0.195589697366713 0.434436953150459
0.0695932541694216 -0.122884487063023 -0.0242984373996466 0.360671700591362
0.0416907374677898 -0.0839041768906346 0.071190443563407 0.240559580957274
-0.0160323522484319 -0.00308411022672186 -0.078594743688629 -0.241779621315684
0.00710412812730715 0.0284896834460443 -0.00166737372062788 -0.398050145640919
-0.0273975641435106 0.00625776549259081 0.153699449551855 -0.534280724117897
-0.0317730524221472 -0.000946813879721155 0.399474788883372 -0.492079015077058
-0.0172463869650287 -0.0381845842039755 0.462019397078637 -0.232158449020873
0.0105717743074283 -0.0175240356776033 0.284451980603962 -0.0373163282188837
0.00741194644368538 0.00524303866834408 0.116355115408737 -0.000407356993719758
0.000735741597861764 0.011902024360472 0.0569601596236216 -0.010479753503196
-0.00333914829801321 0.00732270678326042 0.0541561751006835 -0.033563588123251
-0.00873242301870051 0.000927700047090394 0.0455192658271567 -0.0347419516569272
-0.00686868000034203 0.0106000756781965 0.00861629579916881 -0.0318149009626574
-0.0131432943909163 0.00718919859460537 -0.00371800510854586 0.0149492777686884
0.000866306358804028 -0.00347935446130667 0.00833540529332069 0.010816701482568
-0.0102908442087359 0.0126139584332725 -0.00545448897530203 0.00575067178939462
-0.00558218442285635 -0.00723054170205744 -0.00194253222871211 -0.0282982494336618
0.00433368932293505 -0.0803402262523888 -0.0818007855166645 -0.232499844169249
0.0587144396003225 -0.0794078847826784 0.00191505240883174 -0.366045999036456
0.0791382350096719 -0.0825606680065873 0.14536813813723 -0.483638266345428
0.0731348717909117 0.00704967421451995 0.378851036254104 -0.439373311084386
-0.0486096492894038 0.0546197899012306 0.427106246104062 -0.204598870854552
-0.103767478794876 0.0112259296153979 0.254044365694748 -0.0348385390611154
-0.0567729214083271 -0.00965131675344046 0.101623687449302 -0.00579984052009717
-0.0242999285747406 0.0109401597007926 0.0541065951247471 -0.00619638318845661
0.00104388074582335 0.0366358760561699 0.0555574916458355 -0.0250979101315561
0.0374286787466225 0.0193388671006443 0.0387970398807699 -0.0330166982523301
0.00612688811533917 -0.00776445186043137 0.00104392879309353 -0.0202905007296561
-0.0487171676195312 0.0223886006303773 0.00117627691845425 0.00886047270632239
-0.0368163110061932 0.0222031483175758 0.0113791265815649 -0.0101623186175781
-0.0580115442384714 0.00315167430052468 -0.00240936885096367 0.00148050341235897
-0.0390020612567325 -0.0250407485098279 0.00654988993397187 -0.030721875907701
0.0114612229302625 -0.13429102768935 -0.0915616096065999 -0.18261789765869
0.0700452118957351 -0.150844139104657 -0.016792125891899 -0.254380350316906
0.119351882418603 -0.128338581169394 0.0723878147125369 -0.318449464484778
0.102104493065915 0.0124659551958137 0.242827551012985 -0.295682603611059
-0.0696034062371 0.0955962556411637 0.30979175536363 -0.147815420258644
-0.159341122490992 0.02713320437985 0.176643673486202 -0.0316782381940055
-0.0941270317771135 -0.0170067102726852 0.0630842251480344 -0.0207353780905403
-0.0421037498543698 0.00850490065938367 0.0434493097091408 0.00217190816689768
-0.00832811602138643 0.0535753488294406 0.0578686705843263 -0.00191498476222961
0.0389523006783894 0.0458008090812466 0.0270213143525177 -0.0216090639031171
0.0125942575367307 0.00707236700883127 -0.0123615228226899 0.0019408941317688
-0.0452804630178456 0.00917921111066587 0.0207933469678738 -0.00291751911738425
-0.0538044952983181 -0.00544596612728613 0.0243361346789835 -0.0505956135274166
-0.0822678169675473 -0.0357364829784405 0.0121705157367858 -0.0160349479791978
-0.0572679125099679 -0.0550312985541563 0.0308566404516852 -0.0308675967108748
-0.000333776146913401 -0.157241749410492 -0.0978571559558316 -0.115340374886198
0.0394839251529831 -0.178507734987799 -0.0429261742845605 -0.131382946844441
0.0856924915790658 -0.129933633768225 -0.0146469515318747 -0.162276478332964
0.0605905472345241 0.00360696322566379 0.0969480843366908 -0.168086293777507
-0.0669353206964842 0.0851643790804182 0.18255854331742 -0.0910335087788706
-0.144542770560117 0.0387887215877738 0.0930171655332032 -0.028166709548745
-0.0957507115265838 -0.00947089496030066 0.0170987535234965 -0.0363495818308113
-0.0532478078552913 0.00371452900917407 0.0280371734040594 0.00936119888113985
-0.0345523067939849 0.0524418034377873 0.0523652262192365 0.023316329701118
-0.00273062015078576 0.0717835908020522 0.00451383063731129 -0.00337689321716337
0.00309640481502463 0.04114730446239 -0.0255171203433822 0.0287884384262751
-0.0156873254924259 -0.0115324283108217 0.0454758449244065 0.0159072920176397
-0.0386839041217329 -0.0627411045581126 0.0540567392832899 -0.0466997319612963
-0.0742770947994981 -0.0957448205062201 0.0410574567770877 -0.00666572766626297
-0.0534925390632922 -0.0966929625585692 0.0632300529504589 -0.0151935212419026
-0.0225684364792817 -0.144160119822029 -0.0932982246977681 -0.0498651761734541
-0.00873098658984723 -0.171570881911097 -0.053406546123113 -0.0307099608945187
0.0283519536072278 -0.107571221303139 -0.0623681446041533 -0.051793942976965
0.0168734804039154 -0.00778116745968489 0.00838492604440868 -0.0785948039261039
-0.0423072850112274 0.0667217933835508 0.0962118077184925 -0.0524723560671892
-0.0908002984216816 0.0545844619350276 0.0314899507216846 -0.0241167637522153
-0.0751605181706132 0.0113391538020898 -0.0217734119684751 -0.0417951832540062
-0.0575554160149576 -0.00110437210940391 0.0080037148221125 0.0127145523891763
-0.0670136262260885 0.0354675452777238 0.0321466590126889 0.0401620334680332
-0.0589391383182209 0.0821453458920718 -0.0321396465428784 0.0153704560755507
-0.017920116203456 0.0695579256511632 -0.0574734482576294 0.0634229784283954
0.0172755010124318 -0.0208261076404237 0.0438356089135592 0.0741759488026246
6.39394660531555E-05 -0.107797351680013 0.0700071705572599 0.0135751887970918
-0.0393110655429212 -0.148904302421045 0.0695595903210749 0.0426918719130949
-0.0323307372757749 -0.132861563982089 0.0931827244467912 0.0249558248639308
-0.0414713761030133 -0.107146203616975 -0.0725177870229502 -0.0002868379909395
-0.0476263861436038 -0.136362379672157 -0.0426833957187128 0.0327210762504399
-0.0227596227858569 -0.0690825681385958 -0.0601831880575109 0.0236474826902489
-0.00855039316203221 -0.0138286938403139 -0.0220057089248101 -0.0199209109195712
-0.00643285481957284 0.044665367091822 0.0514423157584241 -0.0249211362480889
-0.0268004847294693 0.0643263961781868 -0.00988892948512948 -0.0149272084560821
-0.0428513074892221 0.0310184723641052 -0.0475157307009761 -0.033348799879272
-0.0541693937062863 -0.00553733367081584 -0.0142227040649874 0.0132482579606066
-0.0932269783098859 0.0118747354175722 -0.00345518945001518 0.0408389188655241
-0.107881372694033 0.0823411449410957 -0.0883704709324762 0.0294609044887041
-0.0319875027167583 0.0953288597631627 -0.132177134067918 0.110576963946886
0.0610550027917822 -0.0231224441344399 -0.0135514913202166 0.165833016127
0.054764457486752 -0.13340677211807 0.0463339683999089 0.118120285009974
0.00650366940358205 -0.179210616063318 0.0817339423326024 0.12576766105021
-0.00361008653976953 -0.149341930932915 0.113056729943306 0.0857885503208324
-0.0460283889386973 -0.0581154870832456 -0.0428218221923759 0.0250995345410632
-0.0598793562557889 -0.0821599422375113 -0.0182575236385294 0.0496463327204771
-0.052067627332512 -0.0150688418702786 -0.0276541304281645 0.0495829037639021
-0.026320208393581 -0.00834698586031495 -0.0135365849688011 0.00829929376326173
0.0225262843238667 0.0083442667819117 0.0257773071765374 -0.00227435192075843
0.0306341257401836 0.05471742084481 -0.0368195889090259 0.00146732931276506
-0.0119841027886083 0.036725225685688 -0.0606627032433943 -0.0116328062313945
-0.043502533510621 -0.00890854985672726 -0.0349483005907816 0.011529646212587
-0.0991848845881762 -0.00731073782023391 -0.0495556093155568 0.0291931353881832
-0.134439603581374 0.0763530124157611 -0.167489645329704 0.0372951779883595
-0.0257325288883345 0.120311249273371 -0.260809551158375 0.169200818157519
0.114209402997347 -0.0170691793369129 -0.143829175806123 0.293347477857008
0.108935825008672 -0.138778175366152 -0.0195970238574664 0.271767787990745
0.0418756648310404 -0.178160840941781 0.0731735790860818 0.236547519211572
0.0192031768057997 -0.136941346642418 0.119234418707441 0.157208617298504
-0.0299889248457728 -0.017180296723305 -0.0159189263012924 0.0283303156009537
-0.0364505561363292 -0.0345161960210735 0.000972455540729803 0.0225871748433135
-0.0424143180634821 0.0213805328369475 -0.00327360877936456 0.0191938279211176
-0.0256367155492144 0.0046889992139564 0.00437195121141399 0.000249623076415046
0.0231757040669429 -0.0198542091825134 0.00686339787479357 0.0148236489444315
0.0468573330412987 0.0276470206156495 -0.0494826291575708 0.0162788900488234
0.004261065495551 0.0233301943623485 -0.0632636445936936 0.00866483545449238
-0.0256109061477707 -0.0110986616249948 -0.0522470531009933 0.00921775226906703
-0.0719424099744587 -0.0133042638847161 -0.0939896584643176 0.0119536709524716
-0.106516351195332 0.0585643474537248 -0.249200489645984 0.037716357511102
-0.00121090235106659 0.110668341962348 -0.404907950731062 0.224324472475152
0.126699831176291 -0.0105580978796443 -0.307760888088653 0.444953718879995
0.115871422895914 -0.10714471348395 -0.0999583380148267 0.463764167779398
0.045389999243083 -0.132166877944353 0.0491431079352383 0.357238479454577
0.0241686388523994 -0.0894347775855174 0.117374679403704 0.220077078060485
-0.0167112346884433 -0.00292072253212421 -0.0844948938436139 -0.236660046230175
0.00785454616836945 0.0280964671465684 -0.0149612335206754 -0.393687838800607
-0.0260820911784477 0.00740292724366399 0.13122182113789 -0.534896674504074
-0.0320180865871151 0.000956968925555994 0.371463285381826 -0.504301708951046
-0.0191375472213146 -0.0380974400640232 0.443986524605986 -0.25143700856191
0.00945344390053544 -0.0185433505507296 0.278638940328621 -0.0533808146925313
0.00788411903811572 0.00507253228139069 0.114971928364832 -0.00985529616106747
0.00124427780132692 0.0119803404320357 0.055789437810623 -0.0151611170497023
-0.00349361524329769 0.00714916981352299 0.0498089341833221 -0.035188644407423
-0.00909244700092719 0.00160946659855683 0.0422437320513882 -0.0357633273543162
-0.00602451318345557 0.0107924393957343 0.0069788135463184 -0.0321993409908319
-0.0128213992206116 0.00672824600638508 -0.00312320502580673 0.0135641823695026
0.00120916904567461 -0.00272184392744113 0.0088372751384733 0.00957549958525541
-0.0106428345448925 0.0126461507070457 -0.00322498384568432 0.00676907512858923
-0.00618268172058571 -0.00656015903611135 -0.00107246027110427 -0.0277102920700301
0.00248941638614702 -0.0793754512577321 -0.0878004562228233 -0.227887652882223
0.0551540599341498 -0.079489833005822 -0.0112152733962144 -0.36180311753405
0.0771427423288343 -0.0848398883517952 0.126864570017237 -0.484726275638834
0.0746333344989213 0.00423875126975801 0.355063918866102 -0.449334946058888
-0.0443025169856732 0.0563768447737897 0.411381698001849 -0.221928196271548
-0.10126809704924 0.0171862755014926 0.248465771234175 -0.0500535442563777
-0.0566090222505308 -0.00549888411221675 0.0999679416393664 -0.0132932126328605
-0.023086858343003 0.0127957112585643 0.052545722802196 -0.00928132083094556
0.0024907662087126 0.0370065598011711 0.0517221523744297 -0.0275433093437622
0.0374319855681691 0.0168850926295979 0.0366245782956515 -0.0331741903355471
0.00445332477296504 -0.00776051419173238 -0.000118830755368121 -0.020940602176867
-0.0479327848589391 0.0244262242157099 0.00211991519247159 0.00701736741291395
-0.036498084076589 0.0237020855896538 0.0114395685232442 -0.011020636208465
-0.0574255232350421 0.00469856263888979 0.000111371407819109 0.00235417275549724
-0.0396882320109768 -0.0237283421609667 0.00654826402922724 -0.0302616175523151
0.00764693319650988 -0.134544512541355 -0.0972768963513869 -0.179960754829363
0.0652205151766565 -0.152510473498488 -0.0260731193594302 -0.252952007403459
0.11460765923279 -0.130955111211866 0.0599229593858747 -0.319730316200238
0.103668207442019 0.00863695075141165 0.227404434902107 -0.302284994118812
-0.0638077509179417 0.0988435864302592 0.298054140373728 -0.1593049974157
-0.156554507247671 0.0368764456454394 0.171996650196002 -0.0411985978607848
-0.0932535984226065 -0.0106853976836282 0.0612154139583888 -0.0263550817141789
-0.0403472787108701 0.0115612401047225 0.0432087075081815 -0.00124285185265715
-0.00461209025857824 0.0545320687652152 0.0557785342707028 -0.00475934522271735
0.0401189363940783 0.043040294379387 0.0246346216848707 -0.023160132807231
0.0117841279830872 0.00656939621763044 -0.0122592416940593 0.00180549974031973
-0.0447463170296622 0.0109819735433883 0.0205747758060431 -0.00553919149890574
-0.0542713858245193 -0.00432137900148619 0.0225618247659467 -0.0516212453518479
-0.0835930866346814 -0.0328150627067532 0.0130676112333377 -0.0151539928769594
-0.0575628599276326 -0.0529563311041877 0.0299405192546132 -0.0310733174025697
-0.00398280906386447 -0.155037396598893 -0.101927179028128 -0.113154380011449
0.033836021560442 -0.17894492000292 -0.0467238427790254 -0.129473763078571
0.0806125451097447 -0.13194432967985 -0.0202132454390385 -0.16112542749724
0.0619018648463121 0.000692793069373983 0.0869649398516154 -0.169815789947987
-0.0622794106223689 0.0886153473270566 0.175190626967216 -0.0988801780748388
-0.139508159819855 0.0470767987803351 0.0900137246188539 -0.0321983612937856
-0.0951082112096579 -0.00245260062356223 0.0137550782953528 -0.0385554995629741
-0.0518393866188076 0.0083316029389722 0.0275456560771809 0.00756574307342201
-0.030118721906166 0.0541290468284611 0.0524298066318477 0.0203761669068604
0.000418549661965295 0.0709630351343647 0.00335810383969175 -0.0042713930651582
0.00447939205808232 0.0402480035609082 -0.0245018450081045 0.0281939659251224
-0.0161430869882823 -0.0116664852223015 0.0474095801328812 0.0123381782307964
-0.0403038909921104 -0.0617105530432507 0.0518379591492896 -0.0487865369600597
-0.0771244444129072 -0.0931555296509809 0.041662063827067 -0.00541722380103391
-0.0548824230730446 -0.0940049594412713 0.0636994092699367 -0.0164623975374921
-0.0246374742314339 -0.142103144717362 -0.0944016935883597 -0.0477633855386236
-0.0145056177817931 -0.170460814071321 -0.0542286950062436 -0.0303996881346685
0.0241269823614009 -0.108455111622651 -0.0637530978378803 -0.0484983683823355
0.016886738124216 -0.00864842435947903 0.00321892232143219 -0.077979106816745
-0.0391322638691056 0.0676505830482781 0.0931097849495392 -0.0555837761154291
-0.0867458542622326 0.0591360204980143 0.0302974802693514 -0.0251131333569108
-0.0725430490028834 0.016236678808238 -0.0237968013220904 -0.0412437792321746
-0.0561227887067901 0.00363286727220278 0.00797575407125919 0.0123453282246375
-0.0639919164440055 0.0395404601654147 0.0337762999423987 0.0381594852254539
-0.0537273117185194 0.0845668304516815 -0.0310652641385056 0.0156452600468634
-0.0144886243680378 0.0700241149157724 -0.0535680715085332 0.0645925893036403
0.0170383637992049 -0.0223811975753261 0.0478705889161918 0.0710025316389521
-0.00327590303426329 -0.10753262357241 0.0694290600707949 0.0111965721345099
-0.0432005680825057 -0.146916439722216 0.0713269518043716 0.0423666864842815
-0.0344600425989336 -0.129655445590436 0.094199606611016 0.0224162435387096
-0.0434361140062874 -0.105421876055886 -0.0729452989593317 0.00122614997263605
-0.0520169245590209 -0.134943518453865 -0.0417931972834514 0.0327220925700155
-0.0249278980645606 -0.067249945209659 -0.0597157847718909 0.0256431734359659
-0.00848549465787456 -0.0137237229030383 -0.0242320608678975 -0.0168934948823107
-0.00475626046032186 0.0438478293709369 0.0497537796597652 -0.0266404966219242
-0.0230240603768636 0.0660952434946879 -0.00978499149087271 -0.013983506990568
-0.0395333072007156 0.0344025768985401 -0.0488150305522492 -0.0304184162409371
-0.053056444949026 -0.00124801516964644 -0.0131876457773584 0.0133206803506031
-0.0912482734140194 0.0173335169653593 -0.00156532250078337 0.0417910268606781
-0.102554969206684 0.0873811889036107 -0.0855747387025582 0.0332286782257436
-0.0255571063586028 0.0966702872091412 -0.125270664514125 0.11513048557484
0.0604706372178883 -0.0252593197870859 -0.00569559727074641 0.163907084376572
0.0506843701660568 -0.135701274552542 0.0492415869198245 0.115460732273628
0.00155813339352245 -0.179222284833089 0.0855595128488817 0.123641341829472
-0.00626878685175107 -0.1473751111452 0.114834129890331 0.083428203026829
-0.0476231159517998 -0.0568443574595867 -0.0432443485813126 0.0249092825363956
-0.0625914017878759 -0.0806776750344036 -0.0173923891231557 0.0485633980119321
-0.0525127969857084 -0.0139020289334003 -0.0264918319938357 0.0512293819221472
-0.0266865405702418 -0.00764516241024711 -0.0139550919183765 0.0106427415757714
0.0216070907341393 0.00664212890447988 0.0255905532801466 -0.00333481251767796
0.0328740353586279 0.0527453235894012 -0.0353269687519089 0.00324837843527985
-0.00950466305239249 0.0380709967685577 -0.0593070584981728 -0.00887315387233348
-0.0420394421435282 -0.00492028651304803 -0.0342544437738234 0.0137795645000134
-0.098451893612589 -0.00143282399277983 -0.0468890443889412 0.0321820062690878
-0.128662423241048 0.0837747406622652 -0.163408632313076 0.0457889515137038
-0.017521121121657 0.12181388697073 -0.249106508578593 0.179376192982234
0.114032290676625 -0.0215351637301433 -0.129188747024743 0.294961119960837
0.103165914414681 -0.142189707664979 -0.00995821852193196 0.269799037365358
0.0375344792009113 -0.178003483770927 0.0793461238167323 0.233179502910405
0.0173754684698043 -0.135124968152404 0.122511729269999 0.153001919813401
-0.0290693497036595 -0.0162586611932127 -0.0162616960597557 0.0283169512561079
-0.0377500420899481 -0.0338423726043888 0.000373571279986121 0.0219830452601174
-0.041466336447957 0.022162834532395 -0.00475095742443644 0.0198287780611129
-0.0255613482848539 0.00580897257161822 0.00294083382042828 0.00234042332492163
0.0218680175733508 -0.0205174558581814 0.00586977510097589 0.014933835100105
0.048458879571077 0.025016180987663 -0.0475193375685138 0.0179366119634082
0.00587603959646573 0.0232554921493428 -0.0603010692178932 0.0115082155297299
-0.025079297394873 -0.00809334271552236 -0.0512113488616562 0.0125410728914763
-0.0712640683318097 -0.00884253893934639 -0.0912457653043088 0.0177587788092149
-0.102948927678652 0.0636781224658001 -0.242418562156971 0.0507304676581626
0.00552731827982651 0.110132763687825 -0.38798711434232 0.241542492398814
0.126286676827161 -0.0158351393290294 -0.287870512292144 0.449006314388192
0.111406119118416 -0.11010330888773 -0.0823583826399558 0.461738670670182
0.0410658502675623 -0.133087873625886 0.062014443570825 0.351573713865098
0.0231313867172976 -0.088131591076567 0.12285525302783 0.215139853386872
-0.0163845648310093 -0.00252441253946078 -0.0892513766026928 -0.230333605736334
0.00850406135696154 0.0276143230878962 -0.0287721183842775 -0.38599358829165
-0.0257095386044655 0.00763715145903093 0.109243115341313 -0.529194134007347
-0.0317047920340163 0.000396336759370532 0.343969244605362 -0.508385358234934
-0.0207777012424252 -0.0370162191113518 0.42140618018019 -0.264575219145877
0.00878939625901322 -0.0186242541665705 0.268813782453888 -0.0685383606123427
0.00766681661132112 0.0043181173210687 0.111931351671488 -0.0174715288992947
0.00102440414307813 0.0118255317083366 0.0532208478219834 -0.0179526602251744
-0.00402243030108718 0.00804926044374604 0.0439423735438323 -0.0363177598643609
-0.00809518487002017 0.00270227324708496 0.0388407573736035 -0.0349819480309244
-0.00526747740129767 0.0105403594004973 0.00578930384655803 -0.0320336992453966
-0.0123184913282163 0.0067133718939521 -0.0019119010483364 0.0121783636803193
0.00107998815309134 -0.00259237069613861 0.00996568823614782 0.00838931799746147
-0.00940120142379553 0.0133613941862711 -0.00175120251270562 0.00633141511218592
-0.00663175836689281 -0.00635980583898885 -0.000792249027288675 -0.0267687912278565
0.00081864838534591 -0.0782079696400922 -0.0933526223001762 -0.221732860596971
0.052286773361021 -0.080833067271635 -0.0233125403111285 -0.355907907480202
0.0731499825946678 -0.0855138715954895 0.106054962385071 -0.478445999616822
0.0747165288172053 0.00100528472666685 0.330697836602218 -0.456349441857707
-0.0409103729838904 0.0584248868633245 0.391933570832614 -0.236607183810697
-0.0981026374879199 0.0222164107223926 0.239091339382749 -0.0640015397241494
-0.0556157142632047 -0.0020056506496378 0.0966635693659109 -0.0204692482155976
-0.0223395154999292 0.0142629362433677 0.0510762695214587 -0.0122450244338537
0.00467667639548416 0.0366663435130131 0.0472546825041532 -0.0286443779214853
0.0380951006584087 0.014945364304428 0.0331763539253374 -0.0338203228141879
0.00311394735637414 -0.00740341816523564 -0.000683208806185462 -0.020743962416952
-0.0467427164015958 0.0257287019304897 0.00301340457341714 0.00597496211101883
-0.0356445190854794 0.0241169692200565 0.0117159016535567 -0.0111599601907474
-0.0568730905726354 0.0066205162452819 0.00115332197229035 0.00320926353960345
-0.0395359345766302 -0.02160403604208 0.00653503260565888 -0.0295690207221631
0.00487309834139017 -0.132400636896347 -0.100259315595087 -0.174657697316739
0.0599981970079301 -0.151129851461806 -0.0337689386593179 -0.247743359628334
0.108864242382042 -0.133123577044965 0.0473268078964949 -0.315289166985559
0.104570805990239 0.00491330133888513 0.209482196258011 -0.305391104843565
-0.0562601289540926 0.101435711962692 0.284607160374509 -0.170992092115263
-0.151247710873112 0.0443885139662297 0.165867495938334 -0.0500621678620939
-0.0922926704147097 -0.00456389091868911 0.0576226582606845 -0.0307845419490435
-0.0388907164195089 0.0150198996821956 0.0412763870903157 -0.00336224824233101
-0.00120111518150195 0.0538096325970091 0.0534012196381374 -0.00708711800782308
0.0417409201591175 0.0406948053348141 0.0217725318961868 -0.023781501745823
0.0112836016315597 0.00551147291469675 -0.0124953599096742 0.00106693901415237
-0.0445618316196669 0.0123120991115711 0.0210106052663864 -0.00735049446682701
-0.0533611339246295 -0.00269919907281337 0.0202399479451549 -0.0516432920915646
-0.0829738690357898 -0.0289551910027327 0.0134632007307455 -0.0135261365778644
-0.058807355532719 -0.0500778816780074 0.0310032302683726 -0.0321567407224925
-0.00661306832506807 -0.152293263480022 -0.103658803878131 -0.109102859939072
0.0277090733833769 -0.176376064736821 -0.0506396390286547 -0.126719255113729
0.0751693707789949 -0.13278058488743 -0.0262368717520999 -0.157795224900972
0.062647715259521 -0.00128092459832785 0.0777489841962572 -0.169668586176438
-0.0555540063055666 0.0902755719692762 0.166639571089953 -0.104307767017139
-0.134474149891242 0.054617467284375 0.0862951212625909 -0.0365675041510702
-0.092908470687815 0.00332537022570674 0.0111707558406667 -0.0394521103623923
-0.0495222109550063 0.0122482751929084 0.0265230413217123 0.00570083048806347
-0.0266093069682968 0.0560134295533001 0.0516014596915633 0.0179222215489996
0.00443290126833864 0.0696196710879337 0.00247771178973314 -0.00496149163570886
0.00680129029959549 0.0400166680306118 -0.0229207010146007 0.028659783764411
-0.0158218100975055 -0.0112682095938262 0.0477069759541494 0.00953774766819203
-0.0420443222541807 -0.0600393297772914 0.0490155233190511 -0.0495303368417041
-0.0777789515026866 -0.0892336086099589 0.041627744353434 -0.00493802258391378
-0.0560369632644743 -0.0901939770825466 0.0627476377268785 -0.0183810823398995
-0.0269771884664312 -0.138642883703405 -0.0943119971639623 -0.0452355437318425
-0.0192540045749519 -0.167394833337933 -0.0541403210474194 -0.0291844880328827
0.02045901362355 -0.108474824612711 -0.0643194977055652 -0.0458341990993531
0.0169770698636575 -0.0095234133345219 -0.00161918475748199 -0.0758094435911773
-0.0348305152407215 0.0685551653007732 0.0883798760610783 -0.0582850077786259
-0.0817563765732559 0.0629757877319718 0.0281675218216446 -0.0249240537583932
-0.0687022337416454 0.0204765429552976 -0.0266233150104362 -0.0396003065574393
-0.0538397481580013 0.00820017677811729 0.00807774792669143 0.0125269338740186
-0.0600158634913132 0.0429137814046025 0.0344629023498802 0.0361784211390825
-0.0476614262208103 0.0857411368870402 -0.029901087524164 0.016486296101703
-0.0103506391888285 0.0690335399993949 -0.0492224484143584 0.0651179997177663
0.0161110519821213 -0.0232782343168687 0.0508736419207052 0.0665470250587011
-0.00698412854600534 -0.106032014012724 0.0686617240423172 0.00891026691458867
-0.0466837609087878 -0.143878980362383 0.0724792123149841 0.0418532898806311
-0.0370738613315545 -0.126536327959014 0.0934914129295029 0.0192172488746517
-0.0450340393072112 -0.101134230361744 -0.072563588797297 0.00240086641599701
-0.0546540961606574 -0.131558074072126 -0.0411102196204588 0.0311451816696566
-0.0266143920939399 -0.0670345085129064 -0.0586855442012551 0.0282257920759153
-0.00818998596345108 -0.0135902560709588 -0.0261811521722401 -0.0152287360854694
-0.00277250128770209 0.0421410283465147 0.0477565369474014 -0.0270711506072631
-0.0181160400383234 0.0658170633786173 -0.00952490085383037 -0.012119708618828
-0.0351593704822774 0.0367539225857273 -0.0489328232031678 -0.0272341949478697
-0.0512723720168479 0.00345705638320843 -0.0121691742652698 0.0146154042178117
-0.0879069411868849 0.0224909479598892 0.000926058840777512 0.0417300683913577
-0.0955954614803141 0.0921989582629254 -0.0819871321029301 0.035889925984407
-0.0203854780918304 0.0964573612745737 -0.117084637426698 0.118794027435514
0.0590239746218759 -0.0277770216592099 0.00137082053148279 0.15976292630984
0.0444874388089984 -0.134612283934119 0.0525179599243092 0.111846489749644
-0.00331070057173692 -0.176382575128952 0.0870541432611643 0.120574751859309
-0.00933989921159912 -0.14464752518749 0.116012693034981 0.077816749141629
-0.0475921001281577 -0.0543529247909341 -0.0425621973976689 0.0258054166229482
-0.06398372943507 -0.0778619038323933 -0.016711818231414 0.0472329044351758
-0.05225580281488 -0.0130196475953548 -0.0247669984025149 0.0522016070778904
-0.026595989858434 -0.00648428098694619 -0.0137987794527625 0.0118578932320867
0.0214634128380383 0.00435748108656787 0.0243885362694047 -0.00429653412485859
0.0358771168137149 0.0502796592701301 -0.033238422232405 0.00542793378369135
-0.00571362872059184 0.0388218666863953 -0.0577699233612003 -0.00583196335410883
-0.0412566517800862 -0.00193650489732207 -0.0328778875832637 0.0161257737436757
-0.0950259777151342 0.00529215325259938 -0.0450594952424634 0.0354640676827901
-0.121555891431066 0.088673462653628 -0.158254226591218 0.052984032981082
-0.0103543825002426 0.120149739650716 -0.235067972928927 0.187554452507041
0.111968328431538 -0.0254994923913403 -0.113664383648644 0.29370886140287
0.0981193113662067 -0.142546109579145 -0.000488355882941372 0.265478101245165
0.0324658560960219 -0.176976837744766 0.0856610158463414 0.227383290407487
0.0137278576579717 -0.132901141033648 0.125445405235299 0.147742014469816
-0.0296771773960922 -0.015802841647866 -0.0161526990724403 0.0279215093664224
-0.0386458522511323 -0.0322579702609669 -0.000258800459062424 0.0212341035351036
-0.0413706125022467 0.0228162657997561 -0.0044958127976649 0.0200082578565139
-0.0246391115235811 0.00745333155263081 0.00303403723883582 0.00386409250522762
0.0194532781150381 -0.0219552957449776 0.00628505596293462 0.0142501828460918
0.0482873709496053 0.0217735569135307 -0.0456166344462005 0.0194399578827919
0.00777615902321035 0.0226211136954777 -0.0565449496009306 0.0137785547225807
-0.0247964592798279 -0.00652266290879133 -0.0488507277393825 0.0160558723826076
-0.0702056320825137 -0.00407029226676065 -0.0883037652004164 0.0238071722867934
-0.0967801327969105 0.0691834440840339 -0.235474150267806 0.064121266243769
0.0116764470685278 0.109036544976579 -0.368646471911074 0.255385600469687
0.125405785414089 -0.020930155437448 -0.262257832360215 0.452823705214663
0.106309002453877 -0.111475430470343 -0.0627133400611198 0.457125417900835
0.0377772366052491 -0.131884045339295 0.0724355081457307 0.343020112718559
0.0212323414368102 -0.0875926801280068 0.125890951780795 0.207519343090909
-0.0152447015702713 -0.00165047809904044 -0.0925227333419057 -0.221995021810318
0.00937680757996771 0.0260915200393441 -0.0370899912372566 -0.375956518917709
-0.0252893734300309 0.00773839244654543 0.0900759495596366 -0.520266710881898
-0.0314513668124963 0.00258394257283358 0.316079300346432 -0.50799308042622
-0.0228233304469004 -0.0356024064111903 0.399328391149916 -0.275941438707596
0.00732362622801004 -0.0183844164589601 0.256902557841303 -0.0808995322412395
0.00801611999244727 0.00459672110487752 0.106413050403473 -0.0250242923362517
0.00153699418445681 0.01112392342032 0.0504915172756717 -0.0207285942424668
-0.00387834862282017 0.00781548952249132 0.0394701636506629 -0.0366602727761117
-0.00729418337360629 0.00297158556655956 0.035838650629512 -0.0348037117657368
-0.00480137953192243 0.0100166834008602 0.00486315020646939 -0.0319919768585243
-0.011573230727501 0.00758712401428089 -0.00106317680730381 0.0109148771902365
0.000922396471646155 -0.0024679529892687 0.0108860359691434 0.00723686594913032
-0.00847539691968478 0.0144855391445714 -0.000288613386859056 0.00644488949771713
-0.00730223634288619 -0.00553910491125365 -0.000102454159411689 -0.0261005125179547
-0.00123700718493387 -0.075862373094774 -0.095989530840547 -0.214294758844208
0.0493252191677677 -0.0796510339054164 -0.0318510382717756 -0.344216766883928
0.0697304892729916 -0.0858682422542809 0.0882451381346995 -0.471777199080897
0.0737004837280915 -0.0016386618996046 0.302701525757138 -0.454829831059808
-0.0359598268748826 0.0587655619637427 0.36922439835751 -0.246441397407815
-0.0941243547532679 0.0265075802996598 0.228086586802059 -0.0740414305800356
-0.0534797226213539 0.00184427378283068 0.093019305522911 -0.0266212170267094
-0.0204710871693205 0.0159209637047631 0.0472215988800219 -0.0156232929341509
0.00621838069022798 0.0355820262840036 0.0426868924052773 -0.0302387814149708
0.0376716296808555 0.0129805719843317 0.0301265883291937 -0.0341081564826478
0.00199826901168397 -0.00730007817444833 -0.00176939187777817 -0.0210609741167539
-0.0456315750071664 0.0260095564221974 0.0034469867580791 0.00415850382036012
-0.0334682225266891 0.0245089207573235 0.0116614315995597 -0.0125380298869262
-0.0558125407798224 0.00923395741198373 0.00309983117648937 0.00378906291867801
-0.0393697083876681 -0.0196801302117073 0.00735402164269576 -0.0290899004382588
0.00239687371077204 -0.128270355202724 -0.102065697235333 -0.16935666911079
0.0548202664555111 -0.148644619588405 -0.0416186491177605 -0.241629537000508
0.101826705737324 -0.13284525260128 0.0359746763547087 -0.308741902213551
0.102567439011828 0.00020535664165899 0.189710771684139 -0.304809583685638
-0.0495256662072026 0.101850291681505 0.268330105481582 -0.176446165108607
-0.144075620815519 0.0512368302668782 0.157721152483383 -0.0583989609424091
-0.0890382454334378 0.000969633974397922 0.0539977823387355 -0.0339219538986343
-0.0367468968572238 0.0167195386468386 0.0394071070123127 -0.00672426278833578
0.0016360057659954 0.053727190843696 0.0499858603335888 -0.008594607683697
0.0422192609386402 0.038025512103124 0.0186289917045865 -0.0240231565816166
0.0102589272471712 0.00489720299112666 -0.0129386530779979 0.00170851038361507
-0.0428725760084418 0.0133657588570402 0.0198753983117785 -0.00921588714827858
-0.0519960771427614 -0.00159275013577059 0.0186877121986454 -0.0517036518617368
-0.0818808312324816 -0.0260887963386561 0.0140231250111041 -0.0123094417967993
-0.0581098045636959 -0.0473979184180028 0.030259161498051 -0.0313270506526666
-0.0096376078787541 -0.147951632447801 -0.104433664280743 -0.104690468448353
0.0229476304530811 -0.172448443734589 -0.0534165173004229 -0.123544730980744
0.0698488138233142 -0.132148161801423 -0.0303543032121668 -0.153069594791881
0.0615312051488391 -0.00394995364879841 0.068024579785845 -0.16684252106334
-0.0496058078719209 0.0907621312511948 0.156964070415094 -0.107665800663729
-0.127287329561189 0.0596459887393323 0.0812921251614562 -0.0394566314556641
-0.0893275978478066 0.00857432172370357 0.00803409248688699 -0.0395108579713931
-0.0467060430098382 0.0151987190464066 0.0267574929544547 0.00357798340166723
-0.0225494879944565 0.0568587509351932 0.0514971974602014 0.0149348342139131
0.00723372173555619 0.0667281435979356 0.000377585193349092 -0.00553191454222791
0.0080412564343645 0.0384943103577175 -0.0211157030698339 0.0279418300638043
-0.0158053535635934 -0.0113539476972083 0.0475070392320265 0.00586625112355693
-0.0429678684597394 -0.0580648082068873 0.0471909312859868 -0.049484869707053
-0.0788007090207366 -0.0853317974713371 0.0416694689335347 -0.00411508373295776
-0.0565206337950368 -0.0854417798802468 0.0619810672465598 -0.0190149879322739
-0.0302054461464052 -0.134603908816776 -0.0941195271085149 -0.0418646870636794
-0.0223609285493006 -0.162552790110578 -0.055165887971023 -0.028683097920702
0.0176032351043029 -0.106030091748295 -0.0647953453360436 -0.0418819400245577
0.017129032322472 -0.0100379056696646 -0.00535537342594581 -0.072517664651152
-0.0307005932060096 0.069053743309816 0.0832816846308138 -0.0584621918588868
-0.0760853338175412 0.0646779353208977 0.026247729804227 -0.0249988406722806
-0.0653648963287668 0.0249560560935239 -0.0276495486639373 -0.0377439333109471
-0.0510420079109206 0.0115062174002355 0.00896795943793356 0.0113142904391186
-0.0558202339446371 0.0454177189035542 0.0353198308590485 0.0332936417692335
-0.0430041288383627 0.0862093042317102 -0.0287413678990466 0.0158298486506139
-0.00678864875500591 0.0678266617883398 -0.0451554272650722 0.065054114104771
0.0160526263036612 -0.023815662535436 0.053262099661534 0.0614588945452907
-0.00956766100684438 -0.103806334723833 0.06778778938556 0.00622138794865994
-0.0483648515620153 -0.139064125401083 0.0724239940923423 0.0405011062046544
-0.0372247773461104 -0.121603072949666 0.0925906748378203 0.0166360182428932
-0.0455729713470966 -0.0982962119575359 -0.0714370055971126 0.00352988425999417
-0.056897745637497 -0.127278701355044 -0.0399630011540818 0.0302569093094598
-0.0279505634811899 -0.0651632346412088 -0.0563665863500278 0.029582086256467
-0.00886276389661022 -0.0135871901163697 -0.0263160687932466 -0.0133881212756677
-0.000720516486914202 0.0418215471142351 0.045531750168523 -0.02680848350965
-0.014590231521313 0.0652890145852713 -0.00938216763108666 -0.0108509423708982
-0.0316609045190938 0.038915933078868 -0.0487869181528938 -0.0244627593067725
-0.0492756764688104 0.0073680504154197 -0.0118149182530748 0.0157430477655574
-0.083648514166683 0.027661150550733 0.00272086808627165 0.0410082886091491
-0.0889834076832225 0.0949567316528639 -0.0786792984350343 0.0389194901601899
-0.0139022299396658 0.0949687093344069 -0.108104529055252 0.119538870749203
0.0574780748596005 -0.0294072996425738 0.00828534545584197 0.154878164540504
0.0396778532752665 -0.132620586542859 0.0540348461620609 0.107585092126093
-0.00665930479023437 -0.171268917682281 0.0894533149618152 0.116263919518444
-0.0115784548139562 -0.139781969641897 0.115623206323394 0.0742933176291854
-0.0475040592668021 -0.0523472550215494 -0.0419338596650693 0.0260029175217218
-0.0647432012590811 -0.07525550684557 -0.0160752501959324 0.04555233673785
-0.0519662543034125 -0.0116448640047805 -0.0233635727620903 0.0525466218862117
-0.0264045609238338 -0.00568415290397027 -0.0136421132454026 0.012687935601037
0.0196460440091199 0.00360694403894269 0.024135242892427 -0.00451130096327739
0.03614302982934 0.0470729114244329 -0.0309916476612071 0.00703294433338962
-0.00319789735019027 0.0386097097309933 -0.0549740499742242 -0.0040742893760004
-0.0397104908363247 0.0014904116688957 -0.0309944949771924 0.0182010068561631
-0.0918546761298384 0.0102726231302452 -0.0415442482863398 0.0376576246803201
-0.113790318824154 0.0934596864214568 -0.150757930366574 0.0595377113843793
-0.00329481902956154 0.118426019998985 -0.219471750541101 0.192331774638785
0.11057725817247 -0.0282809403932151 -0.100448635974665 0.290345752084248
0.0915842364449153 -0.141680865799102 0.0079044620259806 0.25935648389854
0.0287679196741322 -0.172910733394846 0.0892224686695432 0.221491522296945
0.0119515369668795 -0.129244125604207 0.125800783862961 0.141732717352766
-0.0289233709515768 -0.014912177397423 -0.0163113406964718 0.0281449290123552
-0.0384500145918512 -0.0318503202264458 -0.000373573800547447 0.0202127305296066
-0.0394728900908224 0.0227345787689307 -0.0052820920804506 0.0202720771862096
-0.0247360527978282 0.00777953414471156 0.00348396351839701 0.00560949024506748
0.0173962374000431 -0.0225143137678249 0.00574709105890936 0.0142255877904586
0.0473067938648277 0.0189903729410494 -0.0422817596794527 0.0202969994209951
0.00889275663258201 0.0222722186055178 -0.0529640394352343 0.0162760502147013
-0.0238103988345303 -0.00388693951578606 -0.0461204048008671 0.0184485681437161
-0.0672712906399231 0.000190552988095817 -0.084054932886168 0.0286447622212101
-0.0902692605735651 0.0726941077482913 -0.22418906270131 0.0742856848431898
0.0172919946489805 0.106454588332861 -0.347799705662063 0.263151229331121
0.123027884029048 -0.0224988233164092 -0.237221227267298 0.451454738373594
0.101016167935311 -0.111618537437359 -0.0474584444703569 0.446598570400495
0.0346286481603654 -0.130129014908608 0.079000614425215 0.333782937251861
0.0192980771700379 -0.0851832278080593 0.127345869932436 0.198873523290736
-0.0158178540272901 -0.00287991419603954 -0.0955572184310811 -0.214379849013365
0.00941996847448373 0.0218526650372996 -0.0480987107921483 -0.361918354279544
-0.0240160333358697 0.00524065888917472 0.0698830961018589 -0.504561136332468
-0.0305464750742003 0.00157572434875045 0.291256319177771 -0.503112902211387
-0.0225530827680582 -0.0337821414100449 0.372560585905832 -0.282704665744978
0.00602880321743633 -0.0187003765419994 0.244587760885097 -0.0927532723965605
0.00834026954293262 0.00460868909427189 0.101714204883155 -0.0308532189410316
0.00187746798918256 0.0106937226143401 0.0465820901380556 -0.0240300391331416
-0.00283326069264073 0.00783346044644878 0.0339605747202974 -0.035993928527005
-0.00642148942430347 0.00360541771935103 0.0321926030595899 -0.0334265449724418
-0.00438200493971141 0.0104907858541321 0.00265592482324262 -0.0313165572954191
-0.0106136939252361 0.00775638269064805 -0.000974850895590004 0.00960669809059211
0.00143756322275091 -0.00214151365473795 0.010728469259486 0.00566508754037626
-0.00844705162569746 0.0145862181435638 0.00112278614516181 0.00648404151996952
-0.00595151765138588 -0.00569879743335003 0.00043047595968592 -0.0250891081457045
-0.00302835600618109 -0.0746778123653575 -0.0990747943862239 -0.206706500107829
0.0460331035917782 -0.07990799196876 -0.0416429311062639 -0.334934322551645
0.0653812540545052 -0.0876486312205804 0.0687224296859004 -0.459750083825873
0.0725509256062569 -0.00555092016156142 0.277637825759534 -0.452961513556395
-0.0303263390905686 0.0587712537592264 0.346849417631377 -0.254042822409918
-0.0893009616661282 0.0315197113127494 0.217668028994277 -0.0846296603059948
-0.0518871937208485 0.00440300270650095 0.0872262491371823 -0.032052904001058
-0.0190729460241164 0.0164195074335936 0.0454539444266487 -0.0184935246716591
0.0081172991681363 0.0353818900255166 0.0385454496667537 -0.0301313673116413
0.037485836126428 0.0108047534962926 0.0261619238973366 -0.033615490163533
0.000993252504984338 -0.00747580011048795 -0.00252170504605564 -0.0209705003070124
-0.0424237398525426 0.0276659160924607 0.00318025533657289 0.00327381973779241
-0.0322623188200827 0.0246614533178648 0.0105286877146656 -0.0130879925017382
-0.0540546649642653 0.0106666007037601 0.00454863462964467 0.00388988439962123
-0.0375218113470755 -0.0168846505261768 0.00734838946186099 -0.0287537383482423
-0.00021111244306618 -0.124760919913488 -0.105635678852762 -0.164108609217637
0.0511478018437212 -0.146296053770133 -0.0464667059499862 -0.235272890618335
0.0965702063035994 -0.133316763726103 0.0238138705130857 -0.302406743322221
0.101947941540888 -0.00375430616519216 0.173534063222625 -0.303342061826855
-0.040931050019758 0.10145389680294 0.251485703399666 -0.182977227445729
-0.136529036379648 0.0581805325655971 0.149744256009989 -0.0636165552747465
-0.0859353921592448 0.00599649995202407 0.0499491790015323 -0.037349528764058
-0.0335233742784937 0.0189621851738143 0.0378489230891022 -0.00859074171242115
0.00487274877124724 0.0530706819917729 0.0474960464017334 -0.0106760127594529
0.042839182923055 0.0341146438779504 0.0161092716599824 -0.0244312504588848
0.00915273221889578 0.00389354920630632 -0.012587937759775 0.0019667161522004
-0.0415410490731716 0.0138580660880791 0.0198014145406555 -0.0108465007167651
-0.0512345399318542 -0.000120750979594766 0.0158793080623583 -0.0502898317084605
-0.0802705683807425 -0.0220856006163934 0.0154056501156978 -0.0111935867910099
-0.057070675379947 -0.0429832104653914 0.0292663227142204 -0.0320816566913365
-0.0115683570968455 -0.142255697926797 -0.106491470844625 -0.101213079508056
0.0181897927416558 -0.167877775370893 -0.0582701872477712 -0.120840485617094
0.0642221569359963 -0.130536468440894 -0.034346066625599 -0.148060404668486
0.061049909696654 -0.00597890061262648 0.0580382266034614 -0.165200757320627
-0.0419758511844308 0.089939524991575 0.147407033763658 -0.110431963208701
-0.120427320752253 0.0642108776973 0.0770821729391996 -0.0409271132517225
-0.0859909447469227 0.0139303553223515 0.00599218598655736 -0.0399740916236241
-0.0432525717685869 0.0186981568421457 0.0255428195851629 0.00229485719874928
-0.0185043379881928 0.0571923148496904 0.0500604022683 0.0117719487227528
0.0100075864720469 0.065061642183739 -0.000189277492166389 -0.0064333384107586
0.00946078228223054 0.0364683727728465 -0.0189605928996675 0.0276960211056091
-0.0156746463569078 -0.0106336360261827 0.0462837730464084 0.00211668912991133
-0.0430314639322949 -0.0550412198435862 0.0427460702065244 -0.0502336232632636
-0.0778650646865964 -0.0796716771355019 0.0417053481987136 -0.00400456515295648
-0.0564581534212686 -0.0800997973871916 0.0601594403969581 -0.0210037557441657
-0.0309009770431271 -0.129010849611246 -0.0956068954332196 -0.040702219366208
-0.0254060692106246 -0.157458430534559 -0.0566412012852134 -0.0287733071239335
0.012395617486967 -0.103767838843892 -0.0644180989146572 -0.0395146801302032
0.0168988892704559 -0.0116938008262242 -0.00940855904442637 -0.0708717551716444
-0.0256001981665455 0.0667992564388773 0.0785550083324591 -0.0593732141276934
-0.0700680826304788 0.0679949395635784 0.025178135376396 -0.0243903294320392
-0.061077008243193 0.0282581656020287 -0.0290728563951825 -0.0359611378922478
-0.0484101498271244 0.0149498182368596 0.00902040119807686 0.0110999578427965
-0.0511807525734013 0.0481198820275947 0.0363106018258032 0.0306482097172467
-0.03694236956092 0.0855752904735761 -0.0274862727308438 0.0160121296873816
-0.0026395226161782 0.0657028968546859 -0.0397510207651849 0.0645160953467284
0.0146049641549381 -0.0247453394401652 0.0547355479906766 0.0553189625260847
-0.0132671198112495 -0.100604542127835 0.0647822568382964 0.00356861525392697
-0.0503297723553357 -0.13218864432669 0.0710244870600771 0.0379568458776535
-0.0396078021267949 -0.115244065371913 0.0916058254146919 0.0129462739606841
-0.0462855812484129 -0.093676126154973 -0.0722379853766132 0.00417639536837974
-0.0580094958004635 -0.122048357783995 -0.0400802639010951 0.0284051799334794
-0.0296742127210236 -0.0621701631023661 -0.054279639021224 0.0305073480950659
-0.0089271550255479 -0.0133430174106119 -0.0277071716969823 -0.0105567457385272
0.00131689465146469 0.0397315313729863 0.044102933025057 -0.0272672945245779
-0.0108348937378019 0.0641872864385984 -0.00832558850221078 -0.00872931074065279
-0.0279976199109819 0.0396272793590215 -0.0479192102142185 -0.0227357385187714
-0.0465247443444444 0.0109452350977754 -0.010141760722923 0.0162668155962824
-0.0795138596352376 0.0320911534235975 0.00532238283799146 0.0408275331389441
-0.0807048374418733 0.0960191516868263 -0.0731271327270913 0.0404751671222576
-0.00878784036873841 0.0927012592723332 -0.0968652182757661 0.120560912199724
0.0557051938800665 -0.0318998789531263 0.0163551946117241 0.147508505694862
0.0336879804300293 -0.129960986159597 0.0565954994103487 0.101247441659448
-0.0111923645760766 -0.165825171458277 0.0907673109620096 0.11044093118634
-0.0153733790061625 -0.134244979631932 0.114439493438102 0.0669777914827653
-0.0466120374951796 -0.0492179521372238 -0.0423690553371873 0.0257060281462974
-0.0648976395919692 -0.0711019920990424 -0.0165747392699695 0.043557963470438
-0.0510639674555841 -0.00984775365366942 -0.0209347110143195 0.0522712825911006
-0.0261217870088457 -0.00487723064793236 -0.0137276945307835 0.0151273796494239
0.0182885529882111 0.00295446121243826 0.0231476652673989 -0.00431511888694622
0.0374321401063541 0.0436181094929255 -0.028400088772923 0.00802016966686608
-0.00030253272077372 0.0376072675927206 -0.0525824988351016 -0.00170529035682052
-0.0377164206038841 0.00493110951574769 -0.0293321898863612 0.0202032984870556
-0.0886904469102182 0.0151795699107229 -0.0373707299677553 0.0396645879401544
-0.105266060510866 0.0967535730362534 -0.140834570018126 0.0653978467005583
0.00359998086847613 0.115015130177006 -0.202107474682275 0.196810104248948
0.106915084362087 -0.033608918209286 -0.0801103615559865 0.283821786907599
0.0840099192561307 -0.14083845163288 0.0192248783986421 0.248255082004838
0.0216002998777669 -0.167947165741202 0.0941414457944333 0.209793547095711
0.00566553340731924 -0.1251802345831 0.126528879595158 0.13049869599598
-0.0276621846546722 -0.0134284283522733 -0.0171989519321836 0.0280848855325625
-0.0385798319995137 -0.0301786291420499 -0.00194171363728115 0.0197562510187493
-0.0373561611183903 0.0227990221834359 -0.0048575937882247 0.0217350092202257
-0.0235943675243933 0.00812689768848457 0.00301167414197395 0.00688627114886356
0.0158716663885751 -0.0222097407861116 0.00572688743419223 0.0134601782794857
0.0474672435316001 0.0161875071983942 -0.038559424373556 0.020951108015626
0.0102544128796739 0.0208442812562307 -0.0491908448794996 0.0182725508972765
-0.0229468096084017 -0.00202119873838832 -0.0437148736988397 0.0220125412289551
-0.0653408083609321 0.00354011990757189 -0.0791212295598688 0.0337074465031959
-0.0824446526285955 0.0747147535842544 -0.211099186056927 0.0846971107187288
0.0233953001581905 0.101614830390165 -0.31849994446378 0.271261929948343
0.119308960100728 -0.029228533457724 -0.208031800277313 0.445635368114761
0.0937675086934963 -0.113456515632697 -0.0251958768987197 0.430955780190985
0.0274779945956254 -0.127846240973742 0.0895186017727189 0.318005386366669
0.0139831563258637 -0.0833360122881949 0.128992993662473 0.187104216647258
-0.0159789551836329 -0.00208759238125685 -0.0934918152352648 -0.20740926987116
0.00903497865251305 0.0216621737667515 -0.0483176326923242 -0.349526955315187
-0.0226976304215524 0.00469223792837171 0.0650152699444943 -0.49022407791481
-0.0293969873426908 0.00142238343994744 0.273707695756713 -0.490996026262645
-0.0223213589326798 -0.0329364502861942 0.354949397758557 -0.279492589161641
0.00640353126024897 -0.0182978888778216 0.232563052466592 -0.0966332285263005
0.00831075431547958 0.00408359133118019 0.0967801688174889 -0.0344910940575262
0.00162796725792614 0.009420274877362 0.0443168153222112 -0.0249028240902637
-0.00325470933502704 0.00812169407757252 0.0304204345403087 -0.0347317865712433
-0.00593587215336669 0.00374645173714702 0.0309744997421964 -0.0320643681127456
-0.00415847368919208 0.00979694472929342 0.00191515040783749 -0.0307977796086901
-0.00989539884733759 0.00729449052024462 -0.000935679514085124 0.00820303836462687
0.00127889393855581 -0.00264995916176106 0.0112399947706372 0.0045338400129925
-0.00783606568452515 0.0136760602599157 0.00296679179066575 0.00697030418273144
-0.00568462615184802 -0.00441583980472409 0.0016977699999969 -0.0247510427818561
-0.00251607358558257 -0.0720630053563573 -0.0964381767606662 -0.201013392857027
0.0449472950732181 -0.0779554541293796 -0.0416476359859375 -0.32372606854105
0.0636635860195678 -0.085374935153514 0.0633466411185765 -0.445231794962308
0.0716410234302264 -0.00632515033346803 0.261401724141247 -0.441507773659817
-0.0270464859594363 0.057624118279987 0.328842323389276 -0.25036902982844
-0.085319815164858 0.032719330352497 0.206485252436755 -0.0883569361076866
-0.0498996207982861 0.00600460078744474 0.0833506808669449 -0.0350040076575372
-0.0179820488170571 0.0175156973127494 0.0429212957034051 -0.0197987344952324
0.00909332233060531 0.0341195992271655 0.0356276081294922 -0.0293554529117495
0.0364977956697716 0.00977878872680409 0.0241079245508778 -0.0318647301818525
1.71518714320596E-05 -0.00658781295404156 -0.00375391655367117 -0.0202343033874975
-0.0420839735101108 0.0271775418448217 0.00391688711852196 0.00127549371397925
-0.0311245515321635 0.0240034696054503 0.0108660083740295 -0.0126857025598766
-0.0525981696874642 0.0110373628436417 0.00582545376115929 0.00424873691134305
-0.0372755754301299 -0.0170349176947247 0.00755617540301256 -0.0278652130091283
0.000951219968705116 -0.120865220431312 -0.102568497306248 -0.158989862563425
0.0493161720089841 -0.141173366500742 -0.0477011430948303 -0.227860801629811
0.0936512716040303 -0.128764858031718 0.0207556660663184 -0.291881616847465
0.0997565377007266 -0.00469496431343876 0.163334110043357 -0.294985546188991
-0.0367054775870336 0.0989658590743294 0.240828909089254 -0.180797837310758
-0.130434141580912 0.0589497163243638 0.142407979850721 -0.0656619632861015
-0.0827770751142624 0.00811340753272777 0.0469855390632981 -0.0382289923373839
-0.0320490447417988 0.0204733090353054 0.035901358338456 -0.0100651906061915
0.00595440762900039 0.0518902820171195 0.0445100792092297 -0.0118877274404067
0.041892628836046 0.0319705244028723 0.0138056196976849 -0.0235337056705559
0.00837682396469886 0.00425205532092354 -0.0122679438166917 0.0012426623170481
-0.0406813457614844 0.0139378764255448 0.0191514461261185 -0.0120386391928072
-0.0496081394544854 -0.000444861985698376 0.0155834880407431 -0.0490107852305198
-0.0775870833410713 -0.0214531415782925 0.0161094830945549 -0.0103269048103578
-0.0546669378249093 -0.0416089406711779 0.0293635116113255 -0.0310781624312672
-0.0098711430972118 -0.138506741004192 -0.103983987797556 -0.0992313578315905
0.0173128176724331 -0.162213598242314 -0.0565821159682712 -0.117882460262646
0.062384236829532 -0.127048836382893 -0.0358959187274404 -0.14355410522696
0.0604847924627446 -0.00651885392821168 0.0535750574134745 -0.15954390229669
-0.0385642077470926 0.0884467690333829 0.139957235272141 -0.109335920951141
-0.115263282315799 0.0663384692500627 0.0733359612645248 -0.0416019422159621
-0.0819884533012585 0.0160182288659936 0.00370927170905879 -0.0396604173127671
-0.04078886738991 0.0201623313717627 0.0248572160349868 0.00117360109525211
-0.0163333677844301 0.0560186530269693 0.0474491889331869 0.0106336145694234
0.0108645473513327 0.061726758870803 -0.00155810179720173 -0.00695165176444535
0.00918192064256111 0.0345732222587778 -0.0186082881533223 0.0267921461046607
-0.0150065043549067 -0.0111149173357826 0.0453408799740863 0.000505854182625437
-0.0425015559069203 -0.0536444169097405 0.0415804718949246 -0.0483587169428209
-0.0755924303940201 -0.076983695205404 0.04161592622159 -0.00236832671931506
-0.054896638522959 -0.0774220097450685 0.0590936330950975 -0.0201432352989245
-0.0286679982175067 -0.125270350325291 -0.0931928065672343 -0.0394689961978649
-0.023964818225893 -0.15255302989146 -0.0548935723553213 -0.0295239505034427
0.0120575995881112 -0.101381946888494 -0.0624946630869073 -0.0380303128730333
0.0171715217666547 -0.0105955517677309 -0.011333356680678 -0.067085239431581
-0.0237308120516905 0.0653850790847031 0.0749299471393323 -0.0582223056519354
-0.0666397739262148 0.0672113833869611 0.0244390432725588 -0.0231930681743001
-0.0581600192715354 0.0298164115762794 -0.0286372906403043 -0.0343032646141368
-0.0443120960927634 0.0165343295660842 0.00862422271071945 0.010294490257288
-0.0481845672941232 0.0482111137957853 0.0360343770510229 0.0285663850117964
-0.0341079365237985 0.0835607249968003 -0.0270940483662596 0.0151279754762565
-0.000888142587655867 0.0641120879692786 -0.0375360365360541 0.0625964512506438
0.0144998897247439 -0.0245472824110677 0.0542963118589551 0.0526411058680639
-0.012735007221988 -0.0978905345201544 0.0622486879524449 0.00259870619634315
-0.0483005697969729 -0.128890589484944 0.0706548485333861 0.038632153880842
-0.0383239663321544 -0.111254251165658 0.0886725531822097 0.0122812696149272
-0.0439986852433396 -0.0911332395457511 -0.0717195621799965 0.00387303579973495
-0.0559537772441905 -0.119267925173879 -0.0399185551604683 0.0262214807849957
-0.0295734496228005 -0.0613923194622895 -0.0531173100321218 0.0304006658522276
-0.00787177722370245 -0.0123690711609547 -0.0278045055174664 -0.00933405746660918
0.00158536978958633 0.0375650513520632 0.0419076366475255 -0.0266867737668515
-0.0090707657711669 0.062851242451105 -0.00742762921321759 -0.00812561354533543
-0.0251859118082147 0.0403020887338092 -0.0472313928702824 -0.0210032843327427
-0.0431483292840372 0.0126454158391035 -0.00917317108237426 0.0165608314910594
-0.0763864344346639 0.0327613916005504 0.00684124405756785 0.0400693979940605
-0.0762159253129659 0.0949133300887834 -0.0693579663136852 0.0401201737752733
-0.0060706920073593 0.0898766416034252 -0.0915535111590747 0.118079721552501
0.0544770571012515 -0.0315081366342068 0.0181058982401347 0.142315781108846
0.0326822687974554 -0.126408442501385 0.0553292861380151 0.0973572273645971
-0.0105049871326628 -0.160978992658555 0.0886210258964921 0.10735254001381
-0.0133893509878244 -0.13006358850053 0.11059337656092 0.0654006837457555
-0.0446101346233714 -0.0483460981389025 -0.0422291021747977 0.0252101699253608
-0.0625364030756043 -0.0697778918107965 -0.016860606397785 0.0418354425993613
-0.0496447379839027 -0.0100374234037758 -0.0207161928108594 0.0518971674550174
-0.0249795700548572 -0.00424566630553755 -0.0138111599835699 0.0156956948551304
0.0174128471282907 0.00156735791324188 0.02300942896652 -0.00468071744216873
0.037855416333796 0.0422031827061224 -0.0264237168637739 0.00787329418799554
0.00159810717662934 0.0373959580711719 -0.0502566518211485 -0.00057453694095131
-0.0353219927287546 0.00579189008555636 -0.0268575631012738 0.0210978622452406
-0.0845511765332811 0.0170047219108368 -0.0351620171561053 0.0411607519449639
-0.0990910938127619 0.0962655763948713 -0.135598685265006 0.0669084307102254
0.00586921940427689 0.111048001835527 -0.190232083662561 0.192454441487915
0.105002895941542 -0.0340294312748996 -0.0741789069425636 0.275393288790583
0.081831428744958 -0.136633834978096 0.0188699225747781 0.240329410521693
0.0219426524016297 -0.163608147465809 0.0922408677236944 0.20432130517841
0.00720307746450545 -0.12147629590329 0.122250273926551 0.127661943794582
-0.0273624122998635 -0.0133307029495051 -0.0170912814860006 0.0273514536665535
-0.0377281072750335 -0.0292102192569072 -0.00352523089624844 0.0182226560950806
-0.0375517659381229 0.0218348975012177 -0.00546734606120497 0.0223583316428937
-0.0240596554431584 0.00873983665082782 0.00403087877568691 0.00801968440718835
0.0131508184137232 -0.0219573293777904 0.00507103521588195 0.0135506560881176
0.0455738702898926 0.0146541920026843 -0.0368235203895099 0.0204881422334138
0.0108493516238604 0.0209555480395679 -0.0455913833942745 0.0180256378249152
-0.0218012502115685 -5.21371136427795E-05 -0.0415049823159944 0.0227401723033244
-0.0624505008123604 0.00492617314977165 -0.0757197746260854 0.0363302783648258
-0.0784634232869807 0.0745675488228342 -0.201411352794126 0.0879051949023557
0.0259742839910245 0.0989438154882797 -0.303855122287773 0.26877023604437
0.117322887202903 -0.0292455050520939 -0.195108378913285 0.433416912968506
0.0912450397815768 -0.109639724714596 -0.0218187294879629 0.417771437882751
0.027570309913022 -0.123687074769447 0.0861400590276552 0.307968406397595
0.0150308645668484 -0.080745849387096 0.125596290426373 0.181776095954705
-0.0149678385851333 -0.00254819300768685 -0.0863352119768322 -0.203627391788868
0.00835100261350634 0.021597213135259 -0.0446178998454536 -0.341780507836864
-0.0226688770634797 0.00443879615170246 0.0644725380745602 -0.477824972629956
-0.0290811255504043 0.000619137529383987 0.267019674044278 -0.47868218380962
-0.0221895478158473 -0.0313797711265938 0.3424612923016 -0.274138270502581
0.00589535255329616 -0.0183203129049207 0.224880563997969 -0.0991390207983025
0.00829801465673593 0.00403521964901903 0.093420051833363 -0.0365848965763792
0.00130050583469745 0.00961401865415581 0.0416172108630499 -0.0259499975774687
-0.00335041633161051 0.00821863054026121 0.0283479037900228 -0.0330659646175736
-0.00526986005026361 0.00303375489893474 0.0285946477206901 -0.030407671078107
-0.00382602293918051 0.00972125962017347 0.00173730099445049 -0.0300617195446401
-0.0100102329602587 0.00675383328532579 -0.00108574267756612 0.00630590004147088
0.00145964661693322 -0.0021380144134564 0.0106938313615779 0.00422497454099648
-0.00756369813830756 0.0142925628516437 0.00375099581609588 0.00744259873045575
-0.00562775159556502 -0.00434965019827572 0.00282188007423043 -0.0241348861863734
-0.00127714653902583 -0.0706573698047254 -0.0914230530982207 -0.197589598951366
0.0450194560344449 -0.075501859743121 -0.0378299563949624 -0.316742907710125
0.063624851694928 -0.0827280038186862 0.0631189582877099 -0.433071803991956
0.0708302065278245 -0.00668388183554884 0.255243304148403 -0.427589592234137
-0.0263459935537259 0.0579163458253424 0.319430148840896 -0.246569754812094
-0.0833034463441979 0.0328033521775494 0.200005202048318 -0.0896887833079883
-0.0479005842368862 0.00693485829027212 0.0800021242049009 -0.0366455686244843
-0.0169995029075882 0.0181412442479992 0.0414250932629029 -0.0201181566430843
0.00902486831727517 0.0338688112344916 0.0325979509081848 -0.028895551819259
0.0356726548311919 0.00902098782767648 0.0224516111264965 -0.0306110141773741
-0.00117534935275227 -0.00692312578404942 -0.00328921280985812 -0.0198204486253365
-0.0411511660850448 0.0266661473214302 0.00325425023583148 0.000581927412053383
-0.0307228691603541 0.0231208546086569 0.0111579662897003 -0.0127785630469775
-0.0521248305686384 0.0108031972387971 0.00733339046069935 0.00486620130043929
-0.0367173637628158 -0.0162476398784021 0.00918161173977239 -0.0278923052692638
0.00327923589463771 -0.118288827948318 -0.0979092291549333 -0.157531689342261
0.0499444346274682 -0.13794402118137 -0.0444339645089913 -0.223985398283285
0.0934481839398817 -0.125659944013339 0.0209961730757039 -0.286358489095549
0.0997667036933536 -0.00378040143282208 0.158366014666772 -0.287023645182843
-0.0343365539861231 0.0975436785492839 0.232929151738293 -0.176597459283612
-0.126604887071716 0.0599017850377603 0.138147101923262 -0.0668911116167292
-0.0801129801699648 0.00929272428099539 0.0442547406606571 -0.0391400398407003
-0.0310919792065689 0.0214127577749849 0.0350767353947613 -0.0101146999000076
0.00664592025754013 0.0507261862629495 0.0424620313732248 -0.0115026210673757
0.0409728204092286 0.0310416870730388 0.0126851081257757 -0.0235372852170292
0.00708262026832262 0.00444278617912606 -0.0129189675024987 0.000409968937853388
-0.0403306215472645 0.013399575267708 0.0196454618997109 -0.0125633180986212
-0.0487213723027196 -0.00137651825411905 0.0149963145528986 -0.0483097603392518
-0.0764924014522878 -0.0216736957738268 0.0175879264805256 -0.00942545499986413
-0.0533729621357937 -0.0405294660857788 0.0311330882977503 -0.0304875980288413
-0.00651298335365425 -0.135737205867698 -0.101204320058462 -0.0983553348735967
0.0196972919587572 -0.15891773525962 -0.0549560497681294 -0.116901020314417
0.0622289528348848 -0.124216817756735 -0.0335517679727837 -0.141393835311023
0.0608808148261385 -0.00687502075643717 0.0512254108031549 -0.156320785022362
-0.0365902174578941 0.0873231587042195 0.136459970867912 -0.107277627492357
-0.11118157455947 0.0654275371471751 0.0707115981267883 -0.0415664946694414
-0.0792305143638751 0.0174846991782143 0.00323773252424098 -0.039281614300901
-0.0393307320501367 0.0207548979579225 0.0242080309290419 3.36446222338551E-05
-0.0147439145432366 0.0554089003728325 0.0466857328724921 0.0095278817099871
0.0105778082015463 0.0609201621929316 -0.00218685251492525 -0.00694357891674081
0.00885145085815602 0.0338263339613033 -0.0182314145769955 0.025369491159121
-0.0154691528588807 -0.0112626819349775 0.0459551496688478 -0.000576539334838407
-0.0409310267326855 -0.0536984464823977 0.0418360039882753 -0.0473895730059287
-0.0726259418130742 -0.075995936962802 0.042398170034397 -0.00101240744972576
-0.052210237294454 -0.0755727371948287 0.0596323908450102 -0.0191510609708917
-0.025367874852053 -0.123536107775795 -0.0915981010170108 -0.0414018418063759
-0.0223195571210817 -0.149406568333853 -0.0549035916903335 -0.0306043039477933
0.013844718287925 -0.0997847323148403 -0.0623901593048414 -0.0372592684226479
0.0175589252472332 -0.0109302274341864 -0.0120704278347881 -0.0655975250114152
-0.0212773382904349 0.0645766188077943 0.0732650821166722 -0.0570053417769346
-0.0648586564972494 0.0670827400371674 0.0227428240860892 -0.0225915050937795
-0.055616751858793 0.0305466691560135 -0.0287609883944115 -0.0343182887829833
-0.0430366725338791 0.0185580454698892 0.0088109712257644 0.00993988027362737
-0.0463459416693873 0.0488798938795062 0.0341322415838592 0.0281802452635993
-0.0330084374395544 0.0828339716262557 -0.02641229838226 0.0145342159090916
-0.000165357709986165 0.0622527803816462 -0.0352782453342356 0.0604611054663834
0.0145165922944898 -0.0247763744396195 0.05411607896847 0.0505459256381497
-0.0114851342961134 -0.0964170762801952 0.0617544293204798 0.0032687348698827
-0.0459972919273575 -0.12682618607405 0.0694656771830262 0.0392793692992141
-0.0340495549402034 -0.109886586255739 0.0881223325042854 0.0142253774977291
-0.0414977990474795 -0.0900858224341071 -0.0711610613904325 0.00161725587569072
-0.053730531535865 -0.117653177506181 -0.040730072657197 0.0241687642501786
-0.0282998429866107 -0.060740460650262 -0.0518352721548144 0.0292741040005639
-0.00777748723514336 -0.0125186410457845 -0.0279418805380421 -0.00837850728492196
0.00164418671715404 0.0370625694588123 0.0410726440731364 -0.0252479769017584
-0.00844790976688475 0.0615974714801996 -0.00636210481795313 -0.00709847220831183
-0.0230842136509917 0.0402774320001568 -0.0460991172013846 -0.0201313419812243
-0.0406878796865849 0.014562583420322 -0.00858655991872192 0.0168369041912944
-0.0726745608053423 0.0339130336828029 0.00684068409279613 0.0393303371377612
-0.073409784834975 0.0944947885428157 -0.0669542868978654 0.0402127865783397
-0.003781122392151 0.0880794181675934 -0.0878167763122582 0.115435092546125
0.0541984275075607 -0.031458224810909 0.0192419111876203 0.138709129345571
0.0332717586510451 -0.123599605785994 0.0529446974258541 0.0955096883676193
-0.00765419643001941 -0.157862048403253 0.086239925732461 0.106943980416163
-0.0105757087073443 -0.127613810002282 0.108563058529353 0.0649402727427145
-0.0433164275780376 -0.0476287925981452 -0.0425518822166468 0.023193753949531
-0.0613761443700842 -0.0694690046451192 -0.0182448984283887 0.0389597145846864
-0.049497525140406 -0.011343001032389 -0.0202786152000919 0.0509364148353004
-0.0256586295085526 -0.00464858914723564 -0.0133673923984911 0.0162121638904092
0.0172098724954061 0.000562378484993808 0.0221556069340843 -0.00318089244995413
0.0376713633839743 0.0403037424364415 -0.0248758635633605 0.0080634607365871
0.00246447837636913 0.0375116857890712 -0.0482738518055344 -0.000375731319344591
-0.0339430746434139 0.00728263291456649 -0.0262519812991264 0.0210887353214364
-0.0824207668374355 0.0185156951159079 -0.0335790928397907 0.0412180987057988
-0.0955364812761975 0.0959083206189999 -0.129992735335107 0.0671366389986936
0.00834025191346399 0.109602385393708 -0.18441708556606 0.188523490923615
0.103968746269428 -0.0326657919814378 -0.0717934726789804 0.267581016920727
0.0816659920501327 -0.133284327403924 0.0178771568097484 0.235287250979656
0.0241653187344601 -0.159369062934853 0.0889450194728361 0.200921494591818
0.0097888717221065 -0.118498014051554 0.118048941928248 0.12599310682624
-0.0276366168250141 -0.0136458520646371 -0.0178022449727499 0.0261263678632127
-0.0369519581694794 -0.0295910947869115 -0.00405962110677125 0.0179718579480321
-0.0369057526521535 0.0209214396050553 -0.00537492637916326 0.0224035448128519
-0.0229422106808647 0.00795295967085187 0.00348862933504098 0.00875029844105575
0.0128856324185774 -0.0213911658829681 0.00393025906127461 0.0133599868059005
0.0447746136508754 0.0140147966801419 -0.0345185956606977 0.0198372047969163
0.010979042591323 0.0208428646821185 -0.0424868491556482 0.0168742207838274
-0.020654242993921 0.000825817746910424 -0.0403296145658874 0.0237754639718456
-0.0603640665785864 0.00658450904299206 -0.0730170100309924 0.0370415947050569
-0.0757333703728465 0.0741284649040903 -0.194521299038556 0.0886684228352432
0.0265394281078812 0.0975094970745088 -0.292575787518793 0.263229322166549
0.115920896587447 -0.0288035061490344 -0.189553692083749 0.422293833906483
0.0907214557158901 -0.106923464293678 -0.0228785441531038 0.407407631483171
0.0288664334009992 -0.121538439558348 0.0832113550614806 0.302409201506208
0.0161703728282835 -0.0789190415586579 0.120416537228406 0.179176361069912
-0.015144189024361 -0.00215568900945241 -0.0828592631228048 -0.203251273790022
0.00837516967550986 0.020999288585368 -0.0409399839959488 -0.339198421461
-0.0228963205646929 0.00361735117671293 0.0674741764549421 -0.474267938265081
-0.0293513925260227 0.000400340218866563 0.264008725771152 -0.473830327612211
-0.0240231327525938 -0.0317874205398317 0.339856574489387 -0.273474926629314
0.00631426352188791 -0.0183277746727987 0.221149983731283 -0.102249000294338
0.00777706603499248 0.00401716903389628 0.0922218693340285 -0.0388375827451746
0.0014249479339448 0.0104430345336421 0.0414072063661852 -0.0275301114200929
-0.00305576054585207 0.0078578129361615 0.0264444712648425 -0.0318595843887592
-0.00457273986377838 0.00361202758371264 0.0281859243638535 -0.0282996647338093
-0.0037875825790086 0.00992874366930383 0.00164668333878352 -0.0306408483803478
-0.00968681159819582 0.00668147834307568 -0.000794707492548854 0.00551895291889057
0.00201245034222781 -0.00255265091721054 0.010829584782195 0.00345185520931328
-0.00767378360806044 0.0143122911723041 0.00529393318440094 0.00773171849110546
-0.00552377682116871 -0.00455338668864824 0.00443509673946024 -0.0245939723174841
0.000172053206751729 -0.070445013270877 -0.0874096514147783 -0.198477973924221
0.0454433498445583 -0.074628592180147 -0.0349412254525261 -0.314377978577123
0.0638888144859477 -0.0816198233638257 0.0669505124567177 -0.432086095366268
0.0714238064296413 -0.00632965973254613 0.253020781843086 -0.425068417435539
-0.0250118683717759 0.057832044211189 0.315672961868858 -0.245839653761456
-0.0817023329201328 0.0332093111613377 0.196137760553785 -0.0926282882485206
-0.0475061907947027 0.00805914606548152 0.078055681066075 -0.0392091040290834
-0.017101904058691 0.0184089454492692 0.0408744449409087 -0.0206999667670815
0.00977418487921755 0.0344908604900861 0.0319387792015446 -0.0274682781563538
0.0359709612959488 0.00851607814229895 0.0215244377622074 -0.0295270308484417
-0.00161680900471118 -0.00642120034303471 -0.00383452095108159 -0.0203927632972697
-0.0422326087402604 0.0260672572102675 0.00412194482237249 -0.00106960093186528
-0.0311280446792318 0.0219624661341856 0.0110181944884579 -0.0125635660113807
-0.0519831024292259 0.0100653352098612 0.00913884261075242 0.00462228598744749
-0.0354440048230832 -0.0164126828382685 0.0106669707844962 -0.0273840654553917
0.00531201819991126 -0.11760965356825 -0.0957227001262795 -0.158090369458879
0.0511509214276906 -0.137040054111918 -0.0413999326511397 -0.222952647480718
0.0951245956455409 -0.124526181788192 0.0233330451986097 -0.284494434057432
0.0994990513829161 -0.00422835630239351 0.158290601270892 -0.284118355511988
-0.0320827460895703 0.0984701783695936 0.230558977583611 -0.177722862469712
-0.125028053198161 0.0610581853716415 0.135136241187578 -0.0680101720588867
-0.0795102315384317 0.0105743984755255 0.0438674970576147 -0.0409607564234981
-0.0304682354350894 0.0226464244783323 0.0344462144177079 -0.0111593973069946
0.0073653652462773 0.0513502218831109 0.0417414076887937 -0.0114358841763516
0.0403534506293274 0.0310535875632414 0.0113558554620144 -0.0234758832914419
0.0069844526771912 0.0044882087371832 -0.0132648587170257 0.000651449675950952
-0.0409662597954402 0.0127117444363571 0.0194570653411812 -0.0148986686855213
-0.0490696509470981 -0.00209652239888803 0.0163216267356014 -0.0479454615174443
-0.0761396168639055 -0.0224973483716184 0.0195996360825481 -0.00774926862157902
-0.0522813859176779 -0.040203000447072 0.0316850810555639 -0.0300961749597836
-0.00389355703376193 -0.134897337466417 -0.0995607172127704 -0.100920068895233
0.0220893571535088 -0.158015083916798 -0.0523927460810293 -0.117893340093766
0.0627660860478963 -0.123108581411086 -0.0325247084420724 -0.140546871389238
0.0612581450038991 -0.00648725880164482 0.0497033529241795 -0.153687477060696
-0.0345034931585148 0.0876327673419375 0.134707735642111 -0.106094217269621
-0.110113528337975 0.0674668718314253 0.0699253710418079 -0.0415592555200771
-0.0788283214805496 0.019730115169075 0.00205863778030982 -0.0397774563118834
-0.0381883503978063 0.0230576295258933 0.0247023292935323 -0.000107014053463875
-0.013555245977827 0.0569196554183887 0.0457361532730745 0.00987595878370726
0.0117618933029594 0.0602976986274194 -0.00295624646392707 -0.00782288327766045
0.00962126439790429 0.0338641477081056 -0.0181158407747521 0.0248065817354569
-0.0150066778739053 -0.0116554394626602 0.0464944937841042 -0.00134228107165233
-0.0400238727244582 -0.0544344184355116 0.0410827935852222 -0.0464223359837045
-0.0715036884648321 -0.0769799756936911 0.0440147242258043 0.000495305617007568
-0.0495812380175803 -0.0760925176118007 0.060672870486113 -0.0188071546134659
-0.022845506057119 -0.123330898829547 -0.0906991317912727 -0.0431956286404888
-0.0190930268786655 -0.150174280791081 -0.0552206138943399 -0.0328582890301885
0.0140103673096683 -0.098733373149607 -0.0621665415555127 -0.0378113584514145
0.0178366369679302 -0.0106345196661969 -0.0133798011637198 -0.0644709027691635
-0.0207492658513874 0.06450685925778 0.0718410041474224 -0.0557768206579076
-0.062815738759298 0.0678966163649604 0.0231553063707926 -0.0216950874942926
-0.0547953261783848 0.0323066499261968 -0.0290319855464797 -0.0338188537340562
-0.0418772321107438 0.0202418164394673 0.00876675898378957 0.0101348632038825
-0.0448955764965629 0.0498344308613094 0.0352971286072242 0.0283229280284775
-0.0322446968028899 0.0826291076596422 -0.0269181379809823 0.0142351142129032
0.000288087572479024 0.0621613816048413 -0.0357994375567643 0.0598956122458003
0.0149460076429734 -0.0253280922597064 0.0551118883606656 0.0497347715219053
-0.0101220781741873 -0.0963940376383935 0.061748059390761 0.00428823779907896
-0.0437739496502509 -0.127141684190323 0.0697185450121614 0.0412166923006553
-0.0313137913901229 -0.10897544109848 0.0877277842004549 0.0146591036251886
-0.0401336033714465 -0.0900391663692267 -0.0710710992962207 -0.000288765103188344
-0.0519512029860463 -0.118750709664015 -0.042193577391287 0.0223167452374235
-0.0270603623161438 -0.0607079358491393 -0.0523676230633566 0.0294274161971554
-0.00772488533370576 -0.0131099527203848 -0.0288467839890945 -0.00724852623156751
0.0010638992645208 0.0370228682139971 0.0403966714024672 -0.0242906203986651
-0.00823859444328371 0.0621646815808677 -0.00583102369323387 -0.0071947627413174
-0.0222079297900399 0.0413004027182421 -0.0460542118202837 -0.0199645944748014
-0.0402511051741097 0.0155059265111284 -0.0087347323320954 0.0176641718649967
-0.0721217745796239 0.0354505899766347 0.00663184567764938 0.0393746183534961
-0.0721401832701402 0.094860852466706 -0.0665592117183644 0.0391275474993569
-0.00311886152399107 0.0888366527090143 -0.0867771000377187 0.114296095962725
0.0548385372272724 -0.0311458464888391 0.0196032147007387 0.137419478712913
0.0347296258570126 -0.122934842749369 0.0522008631672329 0.0964592233371575
-0.00508979976997673 -0.157629801152615 0.0853467576233671 0.108618969866228
-0.00735910000791031 -0.126658107249077 0.107612309175891 0.0672387963185935
-0.0426246970935592 -0.0479759002122911 -0.0435451956958835 0.0217393830286133
-0.0604044647998697 -0.0700483525934655 -0.0197669370110997 0.0374815577206897
-0.0490444027727679 -0.0118870357065111 -0.0214370151176052 0.0510881268682133
-0.0252062998809589 -0.00489077345550174 -0.0143653368003841 0.0168293041297358
0.0163253269038719 0.000694127172810321 0.022383292772685 -0.00271986605716801
0.0374656649635385 0.0405054471014649 -0.0233550066245687 0.00790655840141986
0.00392338932715714 0.0381283513713875 -0.0476999829383449 -0.000440947361275908
-0.0328018883503578 0.00957407040170819 -0.0260871542243154 0.0228853375999921
-0.0806981689900814 0.0204862487315225 -0.0328229317895037 0.0422873778746799
-0.0940657794404698 0.0966310408067189 -0.128521088657599 0.067267149014875
0.00959874363006964 0.110135430407704 -0.182061451749079 0.188619295630176
0.104378469136376 -0.031850863566948 -0.0722645666991838 0.265483797063941
0.0828380158973178 -0.131391663806724 0.0157539608654906 0.234152772730624
0.0267044736880733 -0.158472512808586 0.0863442536345978 0.200742174705505
0.0121028471832822 -0.117610366005138 0.115332938619902 0.12691610092368
-0.0270395098166384 -0.0142334119597427 -0.0189318661242266 0.0251711225578333
-0.0365678139814265 -0.0300760118116035 -0.00578561324426254 0.0180411704823947
-0.0374638807265068 0.0198009784144067 -0.00556992505868649 0.0230470896766309
-0.0240085304508711 0.00777661239210761 0.00389850251785648 0.0104727095599426
0.0121246988394928 -0.0207918546929737 0.00428403219619437 0.0146972149278646
0.0449179293245929 0.0141411619355284 -0.0331892587306134 0.0189654850746423
0.0114479378645883 0.0211848795435195 -0.0410491919452886 0.0170774447727389
-0.0198839372678505 0.00178108593980179 -0.0388767876511075 0.0251390054066956
-0.0597572346423912 0.00789559042112301 -0.0726579662455028 0.03844720553683
-0.0742254348941847 0.0753142780225496 -0.191738930377056 0.0906151681297737
0.02844056471687 0.097745961621696 -0.289686648974578 0.26076668848481
0.116844957017092 -0.0278130654321204 -0.190083723297362 0.417387912664037
0.0925504327547537 -0.104004468158971 -0.0260171979618042 0.405351817704135
0.0308663404975067 -0.11951727624611 0.0795563179034183 0.300719544652688
0.018553771746067 -0.0778012997008755 0.116076614782086 0.179774520664441
-0.0167379387148616 -0.00573020333855981 -0.0753669097925925 -0.209228836412173
0.0082593106053066 0.0182385931119292 -0.0272827800087468 -0.342844306833715
-0.0229495390249715 0.000867987416701965 0.0832224385517047 -0.472415033115586
-0.0294011860058514 -0.0009053174010034 0.281541558996378 -0.469122505480962
-0.0211696756521444 -0.0322007321979456 0.346509008782998 -0.266896287826501
0.00667518467043518 -0.0183846732431775 0.222923568838521 -0.099533175198826
0.00819965184386724 0.0043514631419151 0.0923122604398637 -0.0392834278344339
0.00115954853797039 0.00953682185130741 0.0412847949779758 -0.0275097718427892
-0.0034785241277087 0.00852690331313298 0.0259959262519588 -0.0303435372857735
-0.00461176528598177 0.00332420194062059 0.0287815118751822 -0.0275055025196876
-0.00393336584354743 0.0102519143250767 0.00212166270376801 -0.0307033958460498
-0.0104352085072925 0.00670248100874827 -7.96854396550724E-05 0.00410510477627228
0.00260138873940332 -0.0019149008017996 0.0111155573773504 0.00320020843498707
-0.00895576392247341 0.0146437224655777 0.00625101575101678 0.00799089817564587
-0.00500122289213242 -0.00385804606251782 0.00702194213129332 -0.0245072285317685
0.00157670566387888 -0.0728156172474521 -0.0805478761043451 -0.204223681209158
0.0487605964223823 -0.0746255675713888 -0.024045000419449 -0.318800272455442
0.0670528052471907 -0.0828541695074471 0.0814385808813205 -0.430529538154911
0.0748617886581947 -0.00459713660940784 0.268339755067169 -0.422025300133677
-0.0238182956208192 0.0589315754625363 0.323934863370897 -0.240057529723558
-0.0813610194448925 0.033708299130547 0.198077041217921 -0.0913165817516452
-0.0480045510861828 0.00705207363687107 0.0790345336745154 -0.0391818249920188
-0.0176070990785914 0.0186564650970621 0.0408755171486836 -0.0211546882524218
0.00913269784292601 0.0354067225266728 0.0304896198190532 -0.0262356771779329
0.035535283597818 0.00878384083107671 0.0219209508156735 -0.0288393132895606
-0.00283055221900656 -0.00623226429154709 -0.00343628852549828 -0.0208070514042338
-0.0431975260631537 0.0252083694298725 0.00321663313315686 -0.00207968987783488
-0.0327071737815461 0.0209695424968938 0.0114631476429924 -0.0137025233272637
-0.0524784212277399 0.0092311923511575 0.0105329159041753 0.00561113969228874
-0.0350616464290962 -0.0168004710046616 0.0132401273780051 -0.0283165813037812
0.00881420664761072 -0.119350233335688 -0.0915731032503329 -0.164191559030371
0.0567204385572564 -0.137671482434405 -0.0352556985467345 -0.227924551219151
0.0992926031144715 -0.124088728172443 0.0329483785359678 -0.285913412653874
0.102800817605257 -0.00191204092644316 0.165514960798018 -0.28215591283206
-0.0322986745663934 0.0997407657158473 0.235092023303126 -0.173848731923913
-0.125660972972615 0.0612261684484797 0.136039688049406 -0.0669005651876649
-0.0792154354054533 0.0105817748392213 0.0435005099010973 -0.0408424625839074
-0.0304460613571248 0.0229609739848767 0.0351636142279193 -0.0111281921623127
0.00641168475571377 0.0528198356989823 0.0413176197427835 -0.0103375662317718
0.0401284816300367 0.03122461645334 0.0109057506784304 -0.0222324827672903
0.00594415620689239 0.00434363011153198 -0.0138142065582054 -3.29576572765306E-05
-0.041769403796744 0.0117351416244459 0.020116567915561 -0.0153291339267475
-0.0499790629378823 -0.00465465859553061 0.0170241647832061 -0.0478577107081454
-0.0761693580969335 -0.0242473788553335 0.0216711776271799 -0.00731630899442666
-0.0512206267601108 -0.0418324431447016 0.0341248448975965 -0.0296840533255787
-0.000392195346687267 -0.137263170417227 -0.0977996643830978 -0.106642846611441
0.0278989272084834 -0.159246501196414 -0.0502041728323865 -0.12273903820376
0.0678688063045003 -0.123331041843799 -0.0281801314828728 -0.142841524597135
0.0630775899085959 -0.00484188085782242 0.0529033806081412 -0.153415240113918
-0.0351310734380981 0.0880000349007953 0.13747080406269 -0.103459173072058
-0.111443537487014 0.067636243698395 0.0704770176634361 -0.0403256222536052
-0.0787546395725881 0.0194886263557551 0.00221400633238005 -0.0413706137416487
-0.0390380460254535 0.023245708424772 0.0241423277866111 -0.000205954377073555
-0.0144860225237238 0.0570664321835786 0.0452298880228292 0.0106373981800002
0.00936536190267919 0.0610397802392941 -0.00407036546704592 -0.00811905174860878
0.00872682512325726 0.0335196278699258 -0.019191859990708 0.0239650705641474
-0.0146833087453898 -0.0129376567101268 0.0468594943518885 -0.00216895543176548
-0.0384912889029714 -0.05644428676761 0.0436337044860187 -0.0459273393176441
-0.0695078190664134 -0.0794273783721269 0.0455672311432616 0.00214271778372798
-0.0483283214849139 -0.0768979268620798 0.0620851232527102 -0.0171294521912297
-0.0201758548978915 -0.124704930441877 -0.0925029079027831 -0.0486766100150389
-0.0150695108547938 -0.1525578219008 -0.0560175299505406 -0.0372840295179039
0.017119430485823 -0.100198265948568 -0.0608522049312978 -0.0404482540898297
0.0193715302455063 -0.0112780017937267 -0.0127949995310057 -0.0647318983419425
-0.0216072611310308 0.0644113433237581 0.0736682022275503 -0.0536416723167058
-0.0639431251165067 0.0679832884008008 0.0239728172553198 -0.0210182923585626
-0.0549286376910775 0.0321627467709758 -0.0289157076555495 -0.0349788362240089
-0.0421369291008505 0.0212433379180023 0.00893198704775221 0.010241611428444
-0.0456355199304932 0.0508725504494027 0.034447714757116 0.0290649452757119
-0.0335092220987084 0.083047056396453 -0.0277047780726431 0.0123466132962324
-0.000439559371598522 0.0619598290302183 -0.036024486328969 0.05851622572432
0.016464484825914 -0.0252795738420658 0.0548931312394942 0.0492369309023689
-0.00731962503618779 -0.097911745865119 0.0616998620360498 0.00539801253658654
-0.0389343479743499 -0.128855154382541 0.0700390783043363 0.0440624731995911
-0.028180762256658 -0.110219249822309 0.0891808452664832 0.016778071539468
-0.0372948925808642 -0.0912885454652188 -0.0733357460957639 -0.00328629114932381
-0.0487366757878593 -0.121370290057427 -0.0450451636404498 0.0188472857727985
-0.0259402961740288 -0.062188246473628 -0.0537701457453575 0.0280183567651173
-0.00659209949898285 -0.0137992070935517 -0.0300973677534066 -0.00746138456479473
0.000652533065242959 0.0366592320874261 0.0419117652290027 -0.0227426278350373
-0.00849094215771157 0.0621990687127279 -0.00568737010337569 -0.0070552099205916
-0.0222531170004098 0.0424278853481263 -0.0449643809811187 -0.0218954972764893
-0.0398548156128076 0.0168643682479 -0.00892487632566335 0.0175846990701637
-0.0725120203309047 0.0353282386201303 0.00605534738219912 0.0400222288393911
-0.073202377306178 0.0938158980613508 -0.0673135624373522 0.0372215210853136
-0.00429044004048586 0.0879449966643548 -0.0887398995924796 0.112255472049822
0.0561978043866418 -0.0300963158269564 0.0181665799781826 0.13581090465306
0.0379562783603382 -0.121674695158468 0.0496576036184289 0.0967312776377123
-0.000523473513234008 -0.157816760833954 0.0831111167750871 0.112343247668276
-0.00454370928880773 -0.127416456801696 0.107494814198325 0.0701647775381757
-0.0416867312135746 -0.0492131870849876 -0.0460910704666644 0.0201780398253594
-0.0591235075900705 -0.0734783901975545 -0.0231509017076698 0.0361542231250932
-0.0500424380490386 -0.0130165850069699 -0.0238455701332248 0.0522006040679633
-0.0260734845556726 -0.00617996653552592 -0.0148933014082477 0.0177070961921688
0.0153272455720146 0.000872226770757978 0.0227155726430127 -0.00195580659831013
0.0367121552418534 0.0412483887198049 -0.0222957658417506 0.00708266796353565
0.00377918596736952 0.039626754037182 -0.0474966425648383 -0.00190818697087906
-0.0326612387615513 0.0103558393580302 -0.0264463402422854 0.0227328148036216
-0.0819010548861553 0.0197662847864929 -0.0335939000798267 0.0437006632874783
-0.0956203963241099 0.0949059898645841 -0.129026247413994 0.0655298357389381
0.00796859158840011 0.110657444539226 -0.184849127375732 0.185129787122869
0.107326923489809 -0.0293709657964662 -0.0747032636391374 0.26161244210698
0.0868680964964602 -0.129960043832771 0.0102614470684869 0.233896918017819
0.0314304335420489 -0.158737840805342 0.0818786474509318 0.204846687326414
0.01478126984403 -0.118471515012928 0.11277427175864 0.130973292600669
-0.0269336715972476 -0.0146012107255724 -0.0208050200981589 0.0249059313074333
-0.0361889336010052 -0.0324046667787624 -0.00745466808203015 0.0175443809776383
-0.0382927951182804 0.0188290996383928 -0.00697603770340922 0.024230549853177
-0.0244469559714232 0.00777933318857104 0.00348159856662671 0.0114933113278207
0.011711772456265 -0.0209185039787286 0.00289784402061324 0.0152846804332196
0.0442352369373827 0.0149736505163952 -0.0326730043169215 0.0176814673116911
0.0116489651727602 0.0217336192232145 -0.0404906213769538 0.0159487035765063
-0.0190874421472923 0.00243927673978433 -0.0402885326724517 0.0251214292572416
-0.0604001400166806 0.00734559468474879 -0.07360649351906 0.0384215014507609
-0.07448939779092 0.0742219499570896 -0.193515636252281 0.0886968856994597
0.0264604629806109 0.0986241672182101 -0.291634166152572 0.25607410109995
0.119008938004428 -0.0261251675197708 -0.195244534014036 0.411875422121395
0.0940775864152455 -0.102264219931946 -0.0358871800460162 0.403698212581378
0.0332925349462343 -0.119418091180152 0.0712409541886344 0.303120125185306
0.0187134093692684 -0.0783762698319852 0.111597003349182 0.183657953354924
-0.0171154971124191 -0.00543099830539325 -0.07712697525683 -0.210625962194091
0.00711992134438702 0.0187573686365111 -0.0312678950251238 -0.34544998677652
-0.02357631439691 0.00049764179072651 0.0784826847417659 -0.476360560796577
-0.0300870886963627 -0.00145938845665818 0.272110565843325 -0.475732323910003
-0.023321432202391 -0.0320034060263945 0.341177912384733 -0.276323346590195
0.00633983774650533 -0.0184566445113347 0.219777600296938 -0.109445273974489
0.00867690254743235 0.00292375696915328 0.091123827706944 -0.0431001301012506
0.000272553238137328 0.00986567490246272 0.0409562300914617 -0.0292771116029453
-0.00366466968607625 0.00803939304270884 0.0246402851224129 -0.0308231053097446
-0.00379614668682348 0.0031059265688528 0.0276607284718473 -0.026972255194105
-0.00418900086826632 0.00988012379394828 0.00155459787235388 -0.0307422150256317
-0.0104751259272895 0.00640797785461483 -0.000508110666357626 0.0039902956428634
0.00292561318332448 -0.0016608195779003 0.0113830644974419 0.00230870319006393
-0.00850588550002536 0.0144494785488869 0.00945271961838224 0.00856967528406483
-0.00541724119923547 -0.00477149038624303 0.00732048089218711 -0.0257223030912501
0.0011530478020251 -0.073016960849393 -0.0832164560352701 -0.205924232589568
0.0486918821464472 -0.0764794339461164 -0.0263341632499586 -0.320975334081517
0.0673291784303443 -0.0846091626229261 0.0769910108074048 -0.435337551536473
0.0761214095891775 -0.00645815775750759 0.260312335620449 -0.426713739105307
-0.0217337236775223 0.0603419461497283 0.318135745764245 -0.248784356985472
-0.0807575528294498 0.036781199902831 0.195678848561627 -0.0994012783202407
-0.0473610433081399 0.00907298363912662 0.0783961563638827 -0.0438012777830414
-0.0173347673487989 0.0201733332184697 0.0404415850843019 -0.0234681936175056
0.010900530282101 0.0358252691530538 0.0304320128408635 -0.0272760125917917
0.0357912891893442 0.00769913758593826 0.0207067122578033 -0.0283562463606636
-0.00414173318105932 -0.00635801061623774 -0.00383753094867699 -0.0209785243417933
-0.0441793415778883 0.0262463290195525 0.00425131356246311 -0.00355640959618825
-0.0330919807606933 0.0210527147809094 0.0127952273002202 -0.013539246169514
-0.0536531567155179 0.0100300862687389 0.0126209391374722 0.00541090859096573
-0.0360242596028138 -0.0159450436352929 0.0134221420049185 -0.0281540251245862
0.00833040050964126 -0.1204184390827 -0.0932042447682723 -0.16562232523394
0.0569070273021484 -0.139308651987159 -0.0373437878058625 -0.229966467904918
0.099487714321341 -0.126318413069025 0.029204670846716 -0.289064040354748
0.104934860291574 -0.00405563600375429 0.161360043067703 -0.286727038438939
-0.0282797260970153 0.101531231489388 0.231193270640151 -0.180659301816662
-0.124044141450584 0.0646149430740329 0.134717048529773 -0.0720128730659918
-0.0793850947347202 0.0143121125352535 0.042530028298626 -0.0445019280478896
-0.0293745304236148 0.0250997777770629 0.0345289062328985 -0.0131332916387035
0.00959100409024392 0.0524105425175982 0.0408237598578743 -0.0114248253120553
0.0404082104407105 0.0299863248996566 0.00865061208880747 -0.0230968506499042
0.00522531703571343 0.00435395808608811 -0.0136482133273889 0.000312986995622218
-0.0424315027186141 0.0117821119449176 0.0201565369481082 -0.0166462199991734
-0.0503041367584629 -0.00427943445829852 0.0174690044632101 -0.0485069801221457
-0.0763982765041673 -0.0240107752324861 0.0234433220132726 -0.00644264969383744
-0.0515912702690736 -0.0410162572097304 0.0345168480221439 -0.0307361718859367
-9.25339875262928E-05 -0.138854248478891 -0.100599680704415 -0.108256861876349
0.0272979770911998 -0.160724878635121 -0.052551447100035 -0.124491713466283
0.0670882822530854 -0.124572287811071 -0.0304821462470298 -0.144385291555698
0.0647557813894928 -0.00587460724202108 0.0494057437994519 -0.154242261867152
-0.0320458513362636 0.0900214052391353 0.135221351855581 -0.106808489252297
-0.109428362145041 0.0711413587051957 0.0686881195935607 -0.0420380500178683
-0.0785101370433761 0.0221598307968628 0.00128763981727323 -0.0419415695182682
-0.0372902735463485 0.0258768976471493 0.0240111502172842 -0.0015752965797138
-0.0120379969083724 0.0590257859655004 0.0458296324660848 0.00885877611758446
0.0114311215432567 0.0603671209060401 -0.00547457398997779 -0.00838889804365292
0.00909941135393189 0.0339690888711634 -0.0184549582853439 0.0236664361202173
-0.0152028705116022 -0.0137717223097846 0.0472453469887394 -0.00378098615928072
-0.040041886292583 -0.0577407825167488 0.0427185528237139 -0.0470764727959418
-0.0697817094366256 -0.0796393478571003 0.0467075232060134 0.0034092108691341
-0.047177108695601 -0.0762560323161374 0.0634351414862481 -0.0182932215614751
-0.0206731779748536 -0.12676676161001 -0.0942016966691234 -0.0491173545339868
-0.0168389349141478 -0.153798272008073 -0.0578111285629331 -0.0390584849912881
0.0162983215967305 -0.100674506893956 -0.0625809092729929 -0.0408488894549496
0.0202287014910578 -0.0111061515472706 -0.0156037850522628 -0.0640422391906414
-0.0203909661735624 0.065786138188701 0.0722690577643507 -0.055261289835361
-0.0626913673987251 0.0703148857494397 0.0234369039071854 -0.0208262581640509
-0.0533256167694398 0.0349924701699027 -0.0296762866909831 -0.0346776610606355
-0.0411485361903426 0.0240453416859158 0.00892297282664009 0.00939562867670657
-0.0438578391076938 0.0530679756987 0.0351334243782364 0.0281073304555455
-0.0316152119990206 0.0841562873641672 -0.0278645474254392 0.0129634906266768
0.00122992174338673 0.0629247600625687 -0.0345525918519278 0.0594133567905693
0.0163313947173061 -0.0257660950462408 0.0573173040279308 0.0475953297375401
-0.00847332432455484 -0.0983761995231975 0.0626028153478242 0.00521468933565854
-0.0394758298279419 -0.129699241466731 0.0719585979981732 0.0453479521720156
-0.0289325656441081 -0.110496737290478 0.0900964495694493 0.0166401477314928
-0.0381882526828294 -0.0924011526967984 -0.0748460884287123 -0.00379430994839819
-0.0512744203982794 -0.123266554199129 -0.0466770608597158 0.0185394183098296
-0.0270614640094208 -0.0629129007310179 -0.0540964546838698 0.0286714963857817
-0.00705042306256256 -0.0140890301220924 -0.031839407995221 -0.00668145546064132
0.0016427687461448 0.0365839723995961 0.0422290899709834 -0.0225797640049365
-0.00688288632990698 0.0634715915027169 -0.00463866783577404 -0.00622109780182429
-0.0203529804168272 0.0438394772616474 -0.0465560293537041 -0.0204493937934648
-0.0384107342386127 0.0188070107451094 -0.00830431592939728 0.0188560175136701
-0.071806431988214 0.0385034110974644 0.00733527134416658 0.0416118724539608
-0.0712737689034479 0.0970632198713757 -0.0670985382033871 0.0388217635589245
-0.00122998081221305 0.0888959215194454 -0.0852898607202686 0.115391487957809
0.0570506663141872 -0.0319484457048945 0.02213635428523 0.136119549073865
0.0382210184363698 -0.123367565029013 0.0520724319370306 0.0968351255307345
-0.000319673777489394 -0.158869767670078 0.0848758869148992 0.113296796584173
-0.00404416642315797 -0.12799800649905 0.108798686565558 0.0696279669855031
-0.042029200458283 -0.0489335805510022 -0.0468836981149292 0.0204124783730031
-0.0598638279211778 -0.0740514080455999 -0.0250799230028088 0.0355893787084332
-0.0505416869606615 -0.0136078604575032 -0.0228971053425944 0.0528953748553648
-0.0273342878777717 -0.00545867271031313 -0.0144469080306566 0.0189802812573892
0.0152730514602099 0.000158791232690708 0.0239928523590775 -0.00111926913086732
0.0379976955963508 0.040853735042214 -0.0220859264130343 0.00743253880297791
0.00523832495517119 0.0403527781255395 -0.0473879842339551 -0.00142727167703429
-0.0310799213106327 0.0119388258759534 -0.0255205518487533 0.0250898513523831
-0.0810504302215073 0.0234297631316037 -0.0330462423635251 0.0454646963323063
-0.0931450176907759 0.0993888755374198 -0.127303173846645 0.0692126247831432
0.012041028723881 0.112136635596425 -0.180580390877363 0.18929194811848
0.108218873216037 -0.0320003255685057 -0.0693602486888404 0.264469172324603
0.0867423663048758 -0.130511738462069 0.0134452294645635 0.234336998090927
0.0314251079311293 -0.160495541061783 0.0843977064654257 0.20637107018845
0.0152267828212341 -0.119107285258738 0.115556295441714 0.131331708710441
-0.0278002164543451 -0.0154093368457569 -0.021063386501083 0.0255644957762108
-0.0374248617559719 -0.0322590609611984 -0.00830538462955392 0.0165676851531782
-0.0394885128614984 0.0196538837125432 -0.00704080280143865 0.0257670922909893
-0.0255131696106694 0.00843143473624648 0.00493844255962252 0.0123095362057726
0.00982196318035225 -0.022075490496773 0.00427903750660341 0.016474591207188
0.0450070650406334 0.0133470097595304 -0.0316880656162875 0.0172265209510575
0.0125675154103933 0.0228643512857686 -0.0388590318468377 0.0162032199465823
-0.0188415032216185 0.00352289813079652 -0.0392870992504911 0.027815523508855
-0.059756778090111 0.00968027967359109 -0.0729986929988698 0.0425795416331358
-0.0732867894281553 0.0772303190533882 -0.191087969604549 0.09562549407707
0.0307281015808218 0.0994794658789859 -0.285374449041306 0.264532146978412
0.120304694520065 -0.0278393211829395 -0.188800802261952 0.418678089097422
0.0946491564213588 -0.10415172401341 -0.0313737341294652 0.406714251875896
0.0337371349109962 -0.121809987247033 0.0744466858785292 0.305096166307145
0.0187140629735063 -0.0789299974741959 0.112847480965506 0.183823707162754
-0.0171904096244949 -0.00521568940358413 -0.0799107539168994 -0.209115818209747
0.0072975670004424 0.0181912852757703 -0.0356554083947745 -0.343147870347106
-0.0242697828274936 0.000929852133720748 0.069807849521753 -0.478713403538277
-0.0304016904649072 -0.00122776159658895 0.260600572717173 -0.480879189073919
-0.0242852843578414 -0.03157472053406 0.331823732578803 -0.284666567420988
0.00575979904928245 -0.0191874736349561 0.214394164602397 -0.117939018812796
0.00899065064607063 0.00259639584659427 0.0895843277328946 -0.0480634702431137
7.87164556447424E-05 0.00940643553511891 0.0394118984366882 -0.0319326813977199
-0.00347415003824053 0.00858835746798223 0.023016197911326 -0.0302933317668308
-0.00381802147207966 0.00255526272402952 0.0268928356187418 -0.0261780300994919
-0.00392416769068693 0.00969489932622907 0.000567982469634665 -0.0310694429367943
-0.0105390120317922 0.00585797933249539 -0.000334677582437937 0.00282242618217654
0.00259424996419282 -0.0015479164408372 0.0117915665000716 0.00187736185624871
-0.00869608771553467 0.01548787557596 0.0104941300187505 0.00854109372481056
-0.00515134030981234 -0.003361290994771 0.00872552610959042 -0.0258207554946273
0.000414174077380744 -0.0731348433725011 -0.083898803211321 -0.204946063841019
0.0475156534555616 -0.076976555983258 -0.0315240178471879 -0.319541460164184
0.066167331785676 -0.0852901827694408 0.0669597166378235 -0.436996112715347
0.0759193194898637 -0.00826668136408967 0.249677102814911 -0.43356135860851
-0.0188361694328147 0.0618564204575603 0.310193195702043 -0.258110515829515
-0.0791388186401588 0.0388599697762369 0.189645930139232 -0.106876048621265
-0.0475016186149769 0.0112118143218355 0.0758868470790409 -0.0475618089990651
-0.0166714700569447 0.0209356812168432 0.039149636759882 -0.026054838752399
0.0117329910378175 0.0354755262441335 0.0277166978855392 -0.0271331821174852
0.0362535146626923 0.0061940561763844 0.0191413972478959 -0.0279511155705372
-0.0043394844803642 -0.00612916534535769 -0.00466687175243162 -0.0205638676463165
-0.044122289785935 0.027055533522852 0.00329604576597662 -0.0049263688716176
-0.0332786857573666 0.0220337240904524 0.0121407404986684 -0.0146815527663333
-0.0533888337742981 0.0113662135886949 0.0145212863256634 0.00515240261828878
-0.0357323045988112 -0.0155442869684438 0.0137944936831653 -0.0291497002147009
0.00896564497006309 -0.120514243948312 -0.0959573606012761 -0.165116395412243
0.0552181519320304 -0.13963162052774 -0.0412458888389805 -0.229514106824171
0.0982011996847278 -0.128231007948371 0.0234798634239712 -0.29034967688367
0.106524496851868 -0.00620524526521521 0.152039591887425 -0.28921593651916
-0.024355811802829 0.103539708780017 0.224576385057361 -0.186584654532688
-0.121930538432255 0.0683950810071802 0.130988241198534 -0.0770032056849588
-0.0792185999328489 0.0175282465475939 0.0409208664250447 -0.0468519073088058
-0.027731779292996 0.0272901671722419 0.0338737329021267 -0.0153397582080384
0.0106499734662359 0.0532458838078597 0.0399257993014541 -0.0127532602850526
0.0416404247264456 0.0287035379819331 0.00780715967710224 -0.0229075811739083
0.00519496257557618 0.00454471662562064 -0.0144164003379591 0.000528485792085521
-0.0425641119420838 0.0127223508019627 0.0205004264868198 -0.0192611727577535
-0.051265193104532 -0.00432654264611866 0.0169520783754498 -0.049624506296495
-0.0764776410212846 -0.0223919424493423 0.0253220921392476 -0.00629636690461788
-0.0515910528965802 -0.0397537383220285 0.0350315039111281 -0.0315026045753018
-0.000939423042407627 -0.138510759833318 -0.102539895317207 -0.106649346301981
0.0253187308098421 -0.161261819853751 -0.0550958266061024 -0.124799969933786
0.0660708885201639 -0.126568953039953 -0.0337166361257241 -0.144353526921411
0.0654325975292094 -0.00745041638712817 0.0444253148524492 -0.154822255148575
-0.0284015108162172 0.0905078214884932 0.131034272112092 -0.110260824262519
-0.106529655180653 0.0761922055007323 0.0676103416656115 -0.0436375960456349
-0.0771316626854165 0.0266251222189457 -0.000425412969962418 -0.0431976226804166
-0.0363012737329148 0.0283370141508775 0.02416388810625 -0.00264342530568507
-0.00997532525859227 0.0604110046893584 0.0456398168443838 0.00779121520635828
0.0129673719281915 0.0602878773906987 -0.00646742169266134 -0.00898103642273214
0.0101910263945826 0.0332769245452939 -0.018063785269656 0.0245458971165844
-0.0152784473191049 -0.0133091530408938 0.0481027459657604 -0.00598891287187622
-0.0410806138137134 -0.057206396556469 0.0430298755901853 -0.0474833113410703
-0.0705098820778008 -0.079297388262924 0.0490279302408467 0.00353657508840094
-0.0477955862933985 -0.076298186337455 0.0637698148107779 -0.0184310597068447
-0.0207487008423689 -0.125685462708112 -0.0957348741403156 -0.0485012076635632
-0.0174832129194932 -0.153891011596639 -0.0591079441283119 -0.0384739754056608
0.0151699762718813 -0.101484030865617 -0.0631935146613918 -0.0393310201366538
0.0212058025685062 -0.0124101492412144 -0.0192512373497584 -0.0630386996576577
-0.0175452198589662 0.0659302006380286 0.0704046301907175 -0.0560541380302051
-0.0598461895232098 0.0727471550936242 0.0226028779933219 -0.0206799010322506
-0.0518354064134425 0.0379228693909817 -0.0318842335905466 -0.0343515064968633
-0.0394576366375684 0.0263845133680681 0.00945228367229543 0.00942737939222008
-0.0411178543269462 0.054566716822661 0.0363557236370437 0.0271934100612749
-0.0284925491202212 0.0851972484586692 -0.0273378355738997 0.0128531700575287
0.00409297328883909 0.0626401304806879 -0.0324303138372015 0.0595364089543408
0.0159948954433417 -0.026591958131907 0.0591373044433776 0.0459828043752834
-0.00931512604552947 -0.0989221872096272 0.0626264968709436 0.00342099967456321
-0.0405264607060643 -0.128981715947776 0.0741050382587087 0.0452163681068098
-0.0289259772040219 -0.11045899897791 0.0914904964291778 0.0161512695841888
-0.0384384810685326 -0.0927299279002658 -0.0762102899227906 -0.00336915462029866
-0.0522192161958288 -0.12314074749434 -0.0478693851321579 0.0178111352574385
-0.0278334440717869 -0.0629075743119403 -0.0542516974629814 0.0300641517627513
-0.00703116502292593 -0.0135745280033182 -0.0319307004787807 -0.0049222433649134
0.00252330082715104 0.0373087242131795 0.0418967274265747 -0.0223436699166341
-0.00444966187203598 0.0634854924632451 -0.00435940013107739 -0.00536383837098121
-0.0177332786103637 0.045268638373009 -0.0469186204141923 -0.0195252010545001
-0.0377623553889116 0.0220787313934409 -0.00870874294690434 0.0192423599598523
-0.0701193818737882 0.0413631905323485 0.00915375592128395 0.0418364940885514
-0.0678320622551764 0.0995185708992567 -0.0655474075103109 0.0404351220869486
0.0023863050177046 0.0889725245366211 -0.0806862805506454 0.11668754213174
0.0572678640883741 -0.0326596619508517 0.0256208686635463 0.134543511216546
0.0363446456387165 -0.123658441101349 0.0532604024134419 0.0968064799526788
-0.00111592966371686 -0.159763985912076 0.0871102893965181 0.113913614919697
-0.00367310512139588 -0.127561294589271 0.109864610910207 0.0690069130448312
-0.0427426577144434 -0.0489408247743518 -0.047662387231549 0.0197962024478413
-0.0617239930796739 -0.0745557168662852 -0.0250737975057607 0.0346071596831907
-0.0510348816056792 -0.0132799966234221 -0.0215993782496567 0.0537472911516575
-0.0270392501473904 -0.00449482032183119 -0.0150077000270467 0.0206940107227343
0.0142915510336843 -0.000250666148407569 0.0239559211475114 -0.00158696711374875
0.0386065235437432 0.0409106294350119 -0.020330854955183 0.00849783197775209
0.00796137347085735 0.0404128968944319 -0.0462797795345188 7.06466471543353E-05
-0.0298780330308711 0.0140950772558508 -0.0244644525364901 0.0261896589913575
-0.0800851820916106 0.0265590162159015 -0.0316213885875765 0.0470951183138627
-0.0887218514790981 0.102995633223805 -0.124185873046241 0.073983430611359
0.0165416918044004 0.111982799865164 -0.172984881357705 0.194347645820522
0.10855546776134 -0.0342777489981039 -0.0626533730971827 0.265175914753853
0.0854502444613583 -0.131838936348489 0.0169222918776042 0.23438040111676
0.0304177627780126 -0.161681055627485 0.0871795903985942 0.205749706716708
0.0148864490806401 -0.119779151775097 0.115982391974246 0.130273870599046
-0.0286003055736152 -0.0147416965704891 -0.0211999609127115 0.0251479915292623
-0.0384350804074242 -0.0326080790194807 -0.00994804695321435 0.0167347177110043
-0.0399070752711863 0.0195406722237799 -0.00657066081852945 0.0266701438299959
-0.026225553760236 0.00983763102924145 0.00605588805536481 0.0135412709799198
0.00893914243699597 -0.0229644525436016 0.00465448487803677 0.01722351809644
0.0457295676373078 0.0126027661401906 -0.0303118207100009 0.0179115548038071
0.013118676143643 0.0226814633891529 -0.0374661722727808 0.0173323314153171
-0.0178055729344025 0.00538999024973569 -0.0380447970044607 0.0305995152585136
-0.0594198189897457 0.012188465985862 -0.071896198845267 0.0471633786587926
-0.0700441139345557 0.0801433075458636 -0.185983523800719 0.10314571458123
0.034162617899754 0.0988492630166746 -0.27638183115144 0.272583323215549
0.121495430402856 -0.0309552248494963 -0.177923986181282 0.421398296533659
0.0941128146023213 -0.105177884408525 -0.024788195583519 0.406534267440493
0.0328479704650895 -0.122078112195822 0.0789043425687118 0.303579605095916
0.0180688480734651 -0.0804978634327148 0.114840688558749 0.183066086464097
-0.0174071992346392 -0.00627476293393833 -0.0802531684766292 -0.207684568264191
0.00697948544517233 0.0185545778727311 -0.039543785386163 -0.341182510799942
-0.0247339037581244 0.000851917146718227 0.0626682859977438 -0.47503192240527
-0.0312714484908709 -0.000411272486082363 0.248674552707703 -0.482202984569658
-0.024690040500771 -0.0312681547578627 0.321224475074442 -0.291473726400054
0.00522953866386924 -0.0204053207515214 0.208460186768399 -0.125136100646509
0.00888228595085002 0.00212142419363484 0.0863768596374346 -0.0527389631020233
-0.00026300714971343 0.0095159888443211 0.0388677217676315 -0.0346189878509229
-0.00378451449395513 0.00850542840669524 0.0217921964641594 -0.030548227897871
-0.00340683941548798 0.00179343838971773 0.0253487833264942 -0.0252893250517856
-0.00374352052607624 0.00973542401026332 -0.000148766120409723 -0.0301501200524509
-0.00980600327215864 0.00596162050737405 -0.000799824528708176 0.000487452308640221
0.00245150829312018 -0.00236946746667937 0.0109696621381893 0.00117434575543847
-0.00854493219754424 0.0163323307178899 0.0128427731299258 0.00768214470331642
-0.00576436214112135 -0.00405187597447442 0.00893190898813934 -0.0264843916376116
0.000309242315941528 -0.0736610137191321 -0.0868630670782841 -0.203749047561798
0.0473528468589337 -0.0769124595113598 -0.0345330774375575 -0.317758508744131
0.0654536873344772 -0.0861525510476607 0.0606301349396242 -0.436635892638219
0.0764402570918772 -0.00985865778290275 0.239428078091577 -0.434396387782734
-0.0160395279606055 0.0619855561042788 0.29916095765785 -0.264133217777699
-0.0776180236366206 0.0411348658042055 0.184109485981745 -0.113306697541914
-0.0462644023391725 0.0125078278616366 0.0742246804168449 -0.0516236558377185
-0.0159012741298482 0.0221123057885766 0.0383824332362536 -0.0285201558714624
0.0127561791073747 0.0350786096942522 0.0266354113485458 -0.0275149015141796
0.0351794354208689 0.0051201471866654 0.0181279051106278 -0.0279864591393112
-0.00577156447933519 -0.00542996354371795 -0.00532543287892449 -0.0208756650943839
-0.0438099156141183 0.0283853427506507 0.00383293204705509 -0.00699991973132256
-0.032581343274213 0.0223413301569397 0.0123073312320281 -0.0153525174745112
-0.0532781748753187 0.0116266855843336 0.0161527388106648 0.00528822612568107
-0.0348621517081501 -0.0150678152787349 0.0143754506088768 -0.029947834637506
0.00773877163719992 -0.121481464028361 -0.0978379013666384 -0.164762256599484
0.0545687563515758 -0.140169096701063 -0.0431366238124026 -0.227710137862313
0.0971524793435204 -0.128721136901771 0.0183136742425422 -0.289064930245476
0.107721299681008 -0.00798134733799456 0.145245336531093 -0.290510192337939
-0.0199380676059856 0.104471295631189 0.217519191240827 -0.190748819533758
-0.118426535228841 0.0729295332600067 0.126619113198794 -0.0814596018128144
-0.077424551380364 0.0206476223650723 0.0388268523482816 -0.0492682321201761
-0.0268397909564768 0.0295045844552117 0.0332909912740857 -0.0173254956474504
0.0133585927215249 0.053399816075219 0.0384111733123122 -0.0133568313161844
0.0412667662630471 0.0268086885800299 0.0057872254385497 -0.0229489159937582
0.00418513884372819 0.00421368610084858 -0.0154443489165144 0.000557940392695829
-0.0431903067968658 0.0134777194671132 0.0196549326918909 -0.0208523551185246
-0.0506080135637609 -0.00367891161356261 0.016825005339659 -0.0496920530172778
-0.0767963600212055 -0.0225171576924506 0.0271918047817405 -0.00656020828278346
-0.051478174539699 -0.0394201035238331 0.0359913114756489 -0.031906243741215
-0.00141153234812368 -0.138105332715263 -0.103496314946082 -0.106387841332841
0.0242792063218283 -0.161128125278622 -0.0567646607263727 -0.124695448680417
0.0646659202392769 -0.126979667090967 -0.0357160085948156 -0.143893354113624
0.0669899734564565 -0.00899757919422137 0.0391394584116063 -0.154116358314354
-0.0259769482829206 0.0918928317986849 0.126598777921005 -0.112300179524959
-0.102984548088445 0.0789176333623718 0.0650907072144069 -0.0458850658890594
-0.0754908243925989 0.0295750218619158 -0.00196503175020487 -0.0433636588185196
-0.0346895752552053 0.0308219206156546 0.0233697579655922 -0.00429356885202494
-0.0078638978660874 0.0606234300426521 0.0453557483095134 0.00668493149423137
0.0144451140893452 0.0596330982051012 -0.00720844534090265 -0.00848863479043404
0.010715519047717 0.032168917815312 -0.0171927239460322 0.0240272964764993
-0.0149902119064011 -0.0136382884397122 0.0491424869771343 -0.0089985239424243
-0.0413206491047439 -0.0579230004502439 0.042361326813668 -0.0477756995460762
-0.07056357107152 -0.0788701349791304 0.0506244065381221 0.00371998517027127
-0.0473746036804889 -0.0753875074455092 0.064016745562181 -0.01896113011196
-0.0202895616920434 -0.125605542946744 -0.0974324174297436 -0.0482082831530322
-0.0189932359756989 -0.153699358029665 -0.0602385747192379 -0.039313206244086
0.0136672345152249 -0.102739059700889 -0.0641414807266581 -0.0389608439607995
0.0214010519542274 -0.0124593915407767 -0.0208679789713334 -0.0613457491523345
-0.0155683517529098 0.0663708626248778 0.0687429083294599 -0.0574655239969914
-0.0572759832833534 0.0750753779806853 0.0220620488770426 -0.0205489883109265
-0.0493460374547929 0.0403655179185785 -0.0330266620919633 -0.0337354738046072
-0.0374061724327878 0.0289997361208716 0.00949803741567217 0.00883188710502326
-0.0392173062279703 0.0567129853928988 0.0367254215398897 0.0261877170028284
-0.0259738107775082 0.0858454234801025 -0.0265500081044271 0.0125871015357159
0.00585519793692621 0.0613539217505828 -0.0300002791430786 0.0603095262122269
0.0164954997061508 -0.027559276611527 0.0606611787174491 0.0433290969415603
-0.0105118951287389 -0.0988222579946175 0.0633076353883226 0.00358889625123028
-0.0410448199366082 -0.129195680205682 0.0752257482435113 0.0460350895071974
-0.0281867661954365 -0.109026761617277 0.0922805949028321 0.0147587592048714
-0.038355080783999 -0.0919368226305727 -0.0776669561884506 -0.00356888870740749
-0.0530585658845301 -0.122679659596544 -0.0488763534434941 0.0172400547174117
-0.0290533829936839 -0.0627124242222736 -0.0532611613355556 0.0309006817171487
-0.00739136935091562 -0.0134857328532075 -0.0332635829718666 -0.0037604671826894
0.00309834756603174 0.0359570831913873 0.0406204687952464 -0.0234894726203912
-0.00215602769634015 0.0642755466315223 -0.00395705670183219 -0.00547922109742362
-0.0154911216478681 0.0468722451042415 -0.047377158016189 -0.0174376228632341
-0.0354347449203678 0.0238706032245386 -0.00685550791825281 0.0201198312713262
-0.0681902936005132 0.0447610626383265 0.010102900931868 0.0416206085716659
-0.0645844437660818 0.102356145825865 -0.0639565398263744 0.0416002265175016
0.00511736458868021 0.0882185941353665 -0.0770955779634012 0.117020330452489
0.0573582164365104 -0.0348770516333404 0.0289749176915688 0.131880140656935
0.0351354483112486 -0.124133706646436 0.0543554016070649 0.0956412230705808
-0.00195060163492971 -0.159599777288244 0.0888610027155872 0.113619569036616
-0.00311269504205999 -0.12703271892704 0.110457803733652 0.0679850764587564
-0.0426816525390697 -0.0486060515294302 -0.0478984118060313 0.0197491397152645
-0.062794739880052 -0.0733411097393422 -0.0259870563729588 0.0348005413500585
-0.0510888049242459 -0.0127031205433227 -0.0211103534993138 0.0546139151390841
-0.0276888620928793 -0.00345628828382062 -0.0142913647705918 0.0209864962483798
0.0129323884372645 -0.001346886531339 0.0248096641158622 -0.00117512225731285
0.0404489412562012 0.0397416014764745 -0.0196907155061584 0.00872688454301753
0.00954541005343723 0.0406488925064542 -0.0456823721474156 0.00172121204804127
-0.029191128661142 0.0161867303224559 -0.0231765384532562 0.0282504978807965
-0.0783737787364547 0.029659617286466 -0.029667340171892 0.0498813420656787
-0.0848954124500431 0.106175161468512 -0.121005602751873 0.0775689954150982
0.0208989203913041 0.11166575475599 -0.166275607975101 0.198306408063881
0.109157150852003 -0.0364568701287862 -0.056839722053366 0.263932212340704
0.0836906212925846 -0.13304579273203 0.0208365582363578 0.233805929746693
0.0293488835669348 -0.161129660363579 0.0890917382130104 0.204672851464885
0.0150761255647678 -0.118730676836576 0.117284171821406 0.128188382854402
-0.0289339345439136 -0.0146485676307305 -0.0218007057392982 0.0245748315240189
-0.0391337732771985 -0.0330748232084527 -0.0103489259034805 0.016407058475785
-0.0396530509297435 0.019558278065243 -0.0058574421030239 0.027831513797044
-0.026795021286905 0.00982307749713451 0.00654273335678505 0.0139452544773346
0.00714739554019983 -0.0226414554441786 0.00447514117506261 0.016731963593047
0.0455544610708931 0.0117013736633017 -0.0286987475052442 0.0177744768335417
0.0150650600875796 0.0222603360668215 -0.0357369619673708 0.0173961316135134
-0.0170518932983189 0.00623363679118874 -0.0366195652309164 0.0319146844003704
-0.0584237946793701 0.0145345190728048 -0.0697966312735203 0.0504872441969804
-0.0669422783777952 0.0825773464518453 -0.181401697098195 0.110072309386147
0.0380102480690783 0.0980741962091292 -0.265956653497065 0.278535867812446
0.1210885940893 -0.0331526760609175 -0.168508818957877 0.421258460494477
0.0930959891483565 -0.105824277303701 -0.016827820111917 0.4043869096183
0.0321443825136921 -0.122697520171941 0.0822107132276713 0.300944860924488
0.0193158975909271 -0.0788192935203514 0.116231011886512 0.181884015527351
-0.0209421166832633 -0.00340154034714026 -0.105899495723279 -0.198975699650756
0.0072378820366172 0.0156063623069503 -0.0814301296101058 -0.335997154067231
-0.0271891328475285 0.0018040083318281 0.00266012709652428 -0.482344146155652
-0.0319929321679334 0.00233037229656169 0.18396959705825 -0.513503792222691
-0.0279051307811538 -0.0290257703596812 0.275041606865569 -0.335531792589992
0.0026084731630319 -0.0209510908080415 0.18667536605027 -0.155249499413654
0.00985675420697863 0.00101616179822471 0.0784888162623039 -0.0654599753380811
0.0010927493371271 0.009578121161458 0.0326961365916796 -0.0407317064739152
-0.00275243545989227 0.00895090423794156 0.0173810449595394 -0.0322591073295237
-0.00337465130821956 0.00184873905489195 0.0217814156953865 -0.0276312235529272
-0.00165169938814959 0.0103584890878019 -0.00334027082546117 -0.0303854374431512
-0.00933528225727867 0.00656817293670034 -0.000336927584237934 -0.000177796580349872
0.00237317289776898 -0.00266751750165838 0.0117616597758385 -0.000435111695157355
-0.00613306008808209 0.0170373494299044 0.0152804400936992 0.00563918275222319
-0.00529069818423515 -0.00267150090660208 0.00643421532577895 -0.0280103187277203
-0.0109336106907957 -0.0730266836452171 -0.111370016641783 -0.193535207329873
0.0355113328498375 -0.0833783853458581 -0.0752719642505062 -0.312465015348098
0.0519254565364963 -0.095018828863591 0.00431213630348191 -0.441173165867585
0.0748731524855583 -0.0216891318845072 0.178926904676295 -0.464270081975754
-0.00517461770829018 0.0632323450611873 0.257590233920328 -0.304236890763516
-0.0697950470864007 0.0526801653881902 0.164673364786174 -0.141472919694173
-0.0437425843453125 0.0197349338479254 0.0655548828323319 -0.0626473356664317
-0.0120177217977802 0.025309066442413 0.0342675391299553 -0.0347728939065836
0.0183561510351701 0.0331563982606728 0.0216560103450262 -0.0302318341928134
0.0345158118565631 -0.000403946880579863 0.0133698361062985 -0.0283168278115707
-0.00724939016727146 -0.00408345236281778 -0.00767770800776196 -0.0198281739661478
-0.0398683224633865 0.0338151366030469 0.00260665063254666 -0.00826822624771829
-0.030387293863293 0.0264016078195592 0.01012750180787 -0.0168613508796267
-0.0511876551923233 0.0182965899213236 0.0185346965286398 0.00227205838594665
-0.036178610107584 -0.0102734588515876 0.0115480835508265 -0.0316255811344707
-0.00850888972582816 -0.120526017087123 -0.118831624051081 -0.151692324377217
0.0354975812009014 -0.145658175006768 -0.0729143389274717 -0.221758602358546
0.0791476090578962 -0.140248816226855 -0.0196988702972979 -0.290027698762161
0.106844308607318 -0.0238251096691594 0.103280869028122 -0.306355898479227
-0.0025033467526616 0.104945482697883 0.186677818218479 -0.220127117035669
-0.104439654753454 0.089856256042523 0.113362671353728 -0.0999469243024261
-0.073193249364476 0.0318043163406465 0.03119846434125 -0.0559172895926872
-0.0219660796040684 0.0341514849673022 0.0301215219119676 -0.0230628842492028
0.0209530581771531 0.0511830574159956 0.0355262597065937 -0.0193863842391601
0.0432388253459247 0.0202621779260547 0.000873456073888137 -0.023115019270344
0.00389138307053616 0.00377968318122684 -0.0152332123173994 0.00260848478355739
-0.0407010701279358 0.0186703600968828 0.0165957570088869 -0.0247054270532451
-0.0514729186193612 0.00230428470915839 0.0098338759481339 -0.0511601288481697
-0.078992399123458 -0.0120175998082812 0.0277572586060174 -0.0107429732043647
-0.0550594856308228 -0.0319898790304438 0.0323275579326699 -0.0369417506342923
-0.0192350001042482 -0.136515662718865 -0.11829455614833 -0.0926953022372927
0.00402767985931186 -0.163204953032399 -0.0738438077161571 -0.117391109425006
0.0464754791806338 -0.134085188795176 -0.0553149890272519 -0.137540570668547
0.0656158507107065 -0.0179957069298151 0.0175208308264964 -0.157644119622022
-0.0101652934214285 0.0939687324580424 0.109322590833014 -0.129274112006772
-0.0894006637933896 0.0930970113727432 0.0586444465209788 -0.0553346097495357
-0.0691770729064897 0.0407658174625384 -0.00845561163722953 -0.0438897052176669
-0.0291200174321939 0.0367025037577376 0.022075874160535 -0.00853541900521898
0.00231795000077076 0.0622996231264299 0.0446007204123709 -0.000858183478392271
0.0223385558061293 0.0568289067240283 -0.00973733533520311 -0.00824475008320716
0.0146534173425161 0.0305624149022868 -0.0143171992945264 0.0255229813499618
-0.0170858465249372 -0.0115725891812638 0.0464589716182647 -0.0166295315489819
-0.0480868680740995 -0.0518733735169733 0.0355416031588183 -0.0528845016992236
-0.0792287606715912 -0.0691081604602324 0.0525935444554646 -0.00219869531899137
-0.054781694762091 -0.0677536039613814 0.0625175850383974 -0.0276514469104772
-0.0364049032690901 -0.121791132862317 -0.105995159000912 -0.0363033031268681
-0.0382888107952515 -0.149693241706215 -0.0672912043359886 -0.0316478868724527
-4.05794202431665E-05 -0.102733165720173 -0.0693676988931844 -0.030584261103862
0.0201441755770475 -0.015447821012339 -0.0307179394287386 -0.056841931971603
-0.00512695002671608 0.0675490783421053 0.0602215753509406 -0.0655953669691191
-0.0442303837682709 0.0830117072938055 0.0195466368860266 -0.0231753615903604
-0.0419486279396932 0.0477481941655463 -0.0372966221810145 -0.0298414495109292
-0.0316969864327549 0.0350422243553003 0.010720796375065 0.00658601294678756
-0.0299843540129951 0.0625415426696768 0.0393728272648099 0.0203851065071883
-0.0135472501899241 0.0882782613945378 -0.0265190429645276 0.0147400352114127
0.0143672526182728 0.0603527342386556 -0.0221020181996055 0.0625624497326203
0.0123151607510038 -0.0290429761655553 0.0652779678012568 0.0330412028691411
-0.0225965335053865 -0.0969453850424621 0.062431539869572 -0.00475937228880208
-0.0558327334178677 -0.12213053986137 0.0826810312876881 0.0361855250655672
-0.0403807509442578 -0.103940555421139 0.0940689159821775 0.00284998438292147
-0.0494465786596485 -0.0849775240936819 -0.0801904598287799 0.00611207679316456
-0.0683764034918507 -0.115356871362267 -0.0477751854733588 0.0235814538555136
-0.0361982724691312 -0.0587189095864522 -0.0500287309367518 0.0384601900741258
-0.00810596780585719 -0.0126643809962919 -0.0351595436343665 0.00239482678445063
0.008791733278652 0.0348476287772218 0.0379974187643838 -0.0284812945528403
0.00705018711799259 0.0642406031308487 -0.00409742737157697 -0.00308859640273628
-0.00697805688792565 0.0487601660766312 -0.0492661106181206 -0.0112156228317736
-0.030476603540827 0.0294594128662323 -0.00358452585318308 0.021458940423701
-0.0597919705936197 0.0556489265892925 0.0161848493474084 0.0399275835854047
-0.048357012922443 0.109811890594663 -0.0571710124458241 0.0487237289067507
0.0187670475779272 0.0874173307336766 -0.0596937168532566 0.126379590310043
0.0524047036039832 -0.0409672148729368 0.0471682003027361 0.125781281503354
0.0190862955695075 -0.127191975441832 0.0663840637786218 0.0876612113498228
-0.0211114406409131 -0.156491709515791 0.103492511839185 0.102403773033309
-0.0175593678981216 -0.124659534107621 0.11858883462055 0.0532979344736998
-0.0485004460400095 -0.0421015195592568 -0.0476373692123358 0.0264570262319142
-0.071645743259604 -0.0654699137256027 -0.0240041481582566 0.038053800963411
-0.0528035499019884 -0.0067963311316227 -0.0132060997127323 0.0571026965835013
-0.0279806426744131 -7.16501063972312E-05 -0.0121459813313724 0.0234999072553749
0.0121271750668393 -0.00339960254545599 0.0241211298150244 -0.00477579232360745
0.0456703863991982 0.0327763266223313 -0.0177524209373911 0.0109712822315217
0.0158879604880825 0.0400187538256359 -0.0449999659119542 0.00717409636604434
-0.0251435257898342 0.0210546214822368 -0.018835620114733 0.0324385987410283
-0.072804350918479 0.0406860434695938 -0.0220081129241939 0.0543543910735135
-0.0674746246978935 0.115976806922615 -0.107824821952369 0.0931808985781578
0.0359266980404334 0.107663393388916 -0.135944208580559 0.21680908581657
0.103698391704543 -0.0502319928499007 -0.0198186799085718 0.267275915670304
0.0665425022288978 -0.140976244222343 0.0509324198125308 0.228119257548915
0.0098126605951432 -0.161664759480539 0.115097712573157 0.191601323588444
0.000560266077306951 -0.117764461694187 0.132696577471764 0.113582165115383
-0.0299288879014534 -0.0101407819894093 -0.0193800809692892 0.0275322747420194
-0.0432637570556041 -0.0282871394247939 -0.00969599703922338 0.0178478798580068
-0.0375140415435735 0.0240123172954177 -0.00157649004670756 0.0295682175879856
-0.0253478336239233 0.0139267359289687 0.00930494006917517 0.0122885946801204
0.00292856633544018 -0.0236268065206282 0.00782978185995602 0.0169934087038446
0.0455004892983618 0.00482252623639181 -0.0258987154385843 0.0200547432344148
0.0181670788297416 0.0204571695469944 -0.0320800159947124 0.0219329255020426
-0.0154746278228564 0.00860124173845798 -0.0308317037878272 0.0389731566074746
-0.0551366343348438 0.022773631488899 -0.0615380435139603 0.0613458286325397
-0.0538650971813525 0.0905906116931272 -0.160605428390472 0.134060423983946
0.0498091945266077 0.0925977623015971 -0.224202805860594 0.310127681444974
0.115388898983488 -0.0480249716460179 -0.10765158412407 0.437052350047718
0.0781880879430714 -0.114883928524678 0.0359835018221691 0.399710722746955
0.0167255358432748 -0.12373059089989 0.118797151672391 0.286789055181915
0.00870780068935632 -0.0803599519162801 0.137632710986498 0.165476820912281
-0.020632962592574 -0.00338380293969004 -0.108122595007029 -0.199701367374249
0.00670901312077865 0.016009493322036 -0.0850954128718765 -0.336603790950273
-0.0279840331284012 0.0019044158772401 -0.00483392104055771 -0.485184345684603
-0.0333687250314556 0.00248381740993424 0.177056846755806 -0.517534109247157
-0.0297338756265012 -0.0280025362865628 0.267124669863257 -0.342100536282698
0.00114010357240478 -0.0216741314396502 0.182422992652266 -0.162261944826036
0.00943332702142507 0.0002535477702012 0.0770977205144947 -0.0695200866307543
0.0013709533243964 0.00992210079295201 0.0319312973515389 -0.0429866330789619
-0.00228453563202805 0.00930070224589133 0.0155736182279824 -0.0315466571272012
-0.00390584870519345 0.00231966507527392 0.0209753320144393 -0.0277966290930104
-0.00149470651665078 0.00985127390505757 -0.00369335748257106 -0.030268201572888
-0.00969421760226546 0.0068216596561297 -0.00092841545994275 -0.000584566592931389
0.00228952156056559 -0.00263582891681049 0.0121190464370556 -0.000964984651447301
-0.00528409216108604 0.0166618340328164 0.016720311586202 0.00532557176323028
-0.00545011844361276 -0.00313794915391859 0.00739323531923289 -0.0286380317506685
-0.0113803159847164 -0.0734292894805387 -0.113862871308747 -0.193662643158548
0.0352424585830438 -0.0841782400142874 -0.0787226196108159 -0.314315956672316
0.0526902457493469 -0.0960020556824665 -0.00179744656472644 -0.444577892668626
0.0760939438706568 -0.0224498798565401 0.170413265419867 -0.467888619378787
-0.00278423869730474 0.063885112111825 0.251669504446318 -0.31031111905839
-0.0685779983526662 0.0548792210740195 0.15987322393645 -0.146280192970553
-0.0432989480006052 0.0220510669013282 0.0636395251120502 -0.0666035753281311
-0.0113458466748754 0.0260800658903255 0.0334726939917537 -0.0365138646707895
0.0201584669733336 0.0333058737383469 0.0203778923115569 -0.0310910520828313
0.0346111335466309 -0.00123154863107976 0.0117417404985961 -0.028598338468464
-0.00810193029467868 -0.00405437222096242 -0.00912731669021486 -0.0195569382991266
-0.04017923282003 0.0348969261827703 0.00206772969578714 -0.00964016551956849
-0.0311455512351469 0.0265747627614162 0.0108265049191096 -0.017457982286414
-0.0515532362896672 0.0190920725397877 0.0198399573807128 0.00171544220681733
-0.0362324897288518 -0.00970616196263119 0.0112842729555599 -0.032054084350176
-0.00898557638276741 -0.121617628693876 -0.120577939027711 -0.152812896081704
0.0354279449162807 -0.147558803354236 -0.0751937509639182 -0.224399458496396
0.078946956723368 -0.141943550648102 -0.0232146011159682 -0.290208930745686
0.108408119954188 -0.0255910927332253 0.0989089525030376 -0.309598662246466
0.00110189865623182 0.105763081356378 0.181621912856331 -0.225471904464769
-0.102247841360872 0.0941718732123893 0.110276687043473 -0.103724139255817
-0.0717851749444772 0.0353978899889525 0.0289026349280285 -0.0579320046265119
-0.0211346151593504 0.035995188862431 0.0297789221726073 -0.0254421301361296
0.0231851994292434 0.0516312828373785 0.0346139502933896 -0.0200475924802353
0.0437837414548906 0.0199331568937644 -0.000383002887228024 -0.0231113111233722
0.0030155877377787 0.00385207327174587 -0.0160815726732551 0.00293447312824259
-0.0419600308850713 0.0193691298795363 0.0164528818691643 -0.0271480843155505
-0.0528493503240011 0.00227225815199761 0.00924735702861919 -0.0523912579981394
-0.0791920161677062 -0.0119221553592535 0.0292950382475849 -0.0106982547874752
-0.0554655175279686 -0.0317200552271911 0.0329757611818399 -0.0372731258337217
-0.0189546120432603 -0.137441095922376 -0.121879523905326 -0.093111094347999
0.00316526604017894 -0.165046515294759 -0.0769356608585631 -0.118898723429866
0.0462434476347476 -0.135886253718398 -0.0577985977407509 -0.138042102981833
0.0675580344235708 -0.0197739174307978 0.0131929482867873 -0.157722693351785
-0.00661420666401086 0.0951375749496872 0.106596630331079 -0.131606344983358
-0.0865442996206738 0.0963119519591857 0.0567935433760698 -0.0562362848032287
-0.0674728154252843 0.0440466998246201 -0.0103521425105551 -0.0445063350128077
-0.0270009341498857 0.0395121786436602 0.0218111883273124 -0.00900737594450127
0.00470448309803337 0.0631351748575033 0.0448586691659558 -0.00201596328153464
0.0230992476018924 0.0571715634131024 -0.0109752748663011 -0.007996616156622
0.0155669539438137 0.0297952284342336 -0.0144206276862655 0.0259222849840903
-0.0179345138872894 -0.0122932022739653 0.0476366625652 -0.01818222859127
-0.0487651154598739 -0.052510621225374 0.0355791941255731 -0.0539490152507797
-0.0803800916577225 -0.0694536784919591 0.0546414178402228 -0.00162073640952199
-0.0554782797090675 -0.0676042811478731 0.0639750425791387 -0.0281666549236391
-0.0361809422793386 -0.122060590652009 -0.10697405226729 -0.0355932423745118
-0.0395428834004461 -0.15111885540741 -0.0697518650897773 -0.0325324292170182
-0.000808844738869094 -0.104026683707746 -0.0714406363250406 -0.0293599425699224
0.0216310940122183 -0.0168795677229209 -0.0332931030789645 -0.0561483925646017
-0.00345577021464153 0.0675014438884811 0.0587504066260838 -0.0670212358335961
-0.0420090877511011 0.0846374127847345 0.01896233750461 -0.0235378060379095
-0.0399373489583843 0.0503528080726701 -0.0389261395261909 -0.0287071354916957
-0.0302021335150144 0.0382111924106614 0.0102138081110273 0.00677254315835796
-0.0279656292312779 0.0644297375406766 0.0404687916034586 0.0199652754039294
-0.0103118926566969 0.0896217881842874 -0.0265369222673795 0.015402697299258
0.016657607064235 0.0598780922989184 -0.0206189422270587 0.0632654141728025
0.0126603218687165 -0.0305398693356146 0.0669641211779215 0.0310792146141369
-0.0233093129696024 -0.0980751261212129 0.0630995509580581 -0.00517322420663941
-0.055582037027405 -0.123823837935636 0.0841253116508294 0.0374474091203557
-0.0404703498496162 -0.105494022527579 0.0953738786658028 0.00226394565423918
-0.0497692099944717 -0.0857681758439244 -0.0810312856467163 0.00613544178099015
-0.069021057192943 -0.115756139225304 -0.0500212103462151 0.0232367818101392
-0.0381472978062566 -0.059106052644921 -0.049956432779566 0.0391573632820818
-0.00815526595346077 -0.0130388082839458 -0.036502289593395 0.00498404532453143
0.00872099498782995 0.0349823475189848 0.0380112327681699 -0.028496225149858
0.00916334254841068 0.0637563963923664 -0.00386011196265031 -0.003317035492968
-0.0047531554322814 0.0499817520822941 -0.0492720730031308 -0.0104967144023925
-0.0290909807280032 0.0316717209178631 -0.00363982328865996 0.0216767136866571
-0.0582784785835976 0.0580416737340678 0.0169771452546653 0.0410421765590194
-0.0453842364514633 0.112884369430737 -0.0568498426110643 0.0503048547288233
0.0206078539495588 0.0874999009741802 -0.0568339912962772 0.127258066264944
0.0536905498893329 -0.0434811652764675 0.0504255526927909 0.125014901001849
0.0193967701045014 -0.128029706930584 0.0684161174412148 0.0873865432142712
-0.0206108195275114 -0.158286062901605 0.105712694551249 0.103470775307008
-0.0178536216936684 -0.125749741143335 0.12045663251031 0.0531845168249138
-0.0489995797880257 -0.0426818646736337 -0.0490348474873961 0.0262235954297357
-0.072617204416236 -0.0659875794029483 -0.0250795592306395 0.0389690946744997
-0.053318118790375 -0.00645752490948866 -0.013145646182004 0.0586283750209107
-0.0279707890896366 0.000978250453575956 -0.0114094617392055 0.0250726214975273
0.0110370808398331 -0.00373430926681829 0.0253924531931698 -0.00490647791806136
0.0467311569301644 0.0318988095283248 -0.0169376949023322 0.0105705787528021
0.0187275881551797 0.0396362763489312 -0.0441450883502854 0.00841420632274259
-0.0235823481305111 0.0229909125960625 -0.0166885172392164 0.0335155924491795
-0.0713414610205231 0.0440236840040107 -0.020649396925183 0.05620442560168
-0.0647901518614107 0.119557312292801 -0.105605900297875 0.0964180752432038
0.0400873000083575 0.108141369340801 -0.130206464013196 0.221957854470542
0.105354313524309 -0.0522603531257546 -0.0137497507530007 0.267471704175433
0.0664345158473554 -0.142480711009209 0.0541339081872433 0.228922063572546
0.00997279046086829 -0.163335390067269 0.117325973386844 0.19242793738957
0.00149258617848466 -0.119042576382271 0.134418704550642 0.112967796972932
-0.030910992177083 -0.0101531948686839 -0.0199127133868752 0.0270520667573588
-0.0449885879074863 -0.0289571603575331 -0.0114107791591028 0.0179747793951738
-0.0376040052274553 0.0246675071642563 -0.000451112684539972 0.0298105246850466
-0.0251909964271147 0.0157495511010164 0.00970639255937415 0.0132945169822312
0.00148809944405125 -0.0238245228951309 0.00857381338249517 0.01751529179851
0.0468644708437376 0.00467281981457643 -0.0252631052399082 0.0199810995556617
0.0199062720922756 0.0204158501328644 -0.0311386712218767 0.0219032241359117
-0.0147624435968914 0.0100170613995511 -0.0297142838407112 0.0409374244111709
-0.0545412180513799 0.0246606814205262 -0.0606398467670016 0.0650993135588046
-0.0512848918571435 0.0931460194091101 -0.157330165308408 0.13980934338412
0.0545124187461671 0.0919102640867881 -0.217587762551262 0.316561714939301
0.117049608994793 -0.0508172707558335 -0.102145096347141 0.439151391956251
0.0788419508367365 -0.116455935172373 0.0414004578517234 0.402122950669506
0.0161387408336063 -0.12502259172568 0.123107892916334 0.288557929261536
0.00904714733065639 -0.0807900601961975 0.139569098929029 0.166771524736846
-0.021919051962496 -0.00402059470533478 -0.11130497378102 -0.199417757663892
0.00626682332561565 0.0161142374960427 -0.0918772246920016 -0.336384819746572
-0.0279779418957888 0.00373679422636845 -0.0136644089797087 -0.489855726943871
-0.0339825186240902 0.00276334288097604 0.163410477749902 -0.527071745653807
-0.0308438298112581 -0.0275939896405495 0.25835186904456 -0.35217931586196
0.000434651087144156 -0.0215324511854529 0.176236267925579 -0.170711410897341
0.00958677766349539 0.000178592530519278 0.074856603494303 -0.0742630404591029
0.00134931118300277 0.009656741675098 0.0306169126151103 -0.0460341386624636
-0.00224128943933267 0.00980954946748177 0.014815736185534 -0.0326853596502787
-0.00333714756501088 0.00133493257765281 0.0203092441456644 -0.0273834208947459
-0.00181205835548012 0.00992534553959513 -0.00443497180470866 -0.0298223641284482
-0.00992534436672309 0.00689003477033917 -0.00146034465456727 -0.00222370227186748
0.00198008470463628 -0.00266326059879163 0.0125219853320691 -0.00175506589659046
-0.00535503889626298 0.0177111337906392 0.0196405775920256 0.00473343417755205
-0.0054742984307622 -0.00203131532799689 0.00648423687748536 -0.028844350918436
-0.0116502511428859 -0.0745380708607104 -0.117326152669186 -0.195366563259742
0.0347890647021009 -0.0854573716140316 -0.0858993182562828 -0.315544129960049
0.050934136337499 -0.0983681573195948 -0.0122220992603697 -0.447672946808605
0.0766577315418165 -0.0250255093191163 0.158442657211076 -0.474422597703599
0.000134203963052944 0.0644391315831336 0.242034053338408 -0.321433834676519
-0.0670911125569338 0.0577630409411756 0.155039974217712 -0.154986521391756
-0.0428836096147649 0.0231510892766346 0.0620512893930109 -0.0710521553955179
-0.0103455333276866 0.0274465664553898 0.0311398534234712 -0.0399854975169603
0.0207435562487707 0.0326629443985764 0.0202106440493888 -0.0320585581469476
0.0347842617333557 -0.00326290503295029 0.0110870268485958 -0.0278441429157805
-0.00862786776849895 -0.00328971910072804 -0.00918352205839978 -0.0190761365927505
-0.0407096024686334 0.0372052858971555 0.00210635556770242 -0.0112165325471756
-0.0315556931831293 0.0266451568648307 0.0109037451446739 -0.0182977768211917
-0.0513321576873957 0.0200317043400496 0.0220973249188626 3.25242331140417E-06
-0.0362061821434721 -0.0089969496822583 0.0125817349751315 -0.0331354956142672
-0.0102018267106914 -0.123018661598893 -0.125026736489032 -0.152544909148328
0.033811443035188 -0.149744878109959 -0.0817387535369084 -0.224845174185299
0.0771502151810685 -0.146123682866508 -0.0301344381402553 -0.293976955713496
0.109768847831793 -0.0280292161002416 0.0893160433954498 -0.313178524266882
0.0060986120398825 0.10712779350103 0.175307989189445 -0.232046348491758
-0.0993009940787019 0.0990938076737643 0.106553211893688 -0.109141299488624
-0.0708383915689193 0.038273113810642 0.0263043229278088 -0.0607799017027364
-0.0190229029835772 0.0384638655200263 0.0282737721150674 -0.0275548290266312
0.0257268575255712 0.0518034204434643 0.0340531796625504 -0.0213058605009364
0.0445264922926176 0.0187601657807877 -0.00178655446147163 -0.0225436395783779
0.00221282203762434 0.0037481335828886 -0.0157300963453672 0.00358023565551382
-0.0413159411628398 0.0200702964355305 0.0153153399373403 -0.0280652984908682
-0.0535010726737218 0.00290023460480574 0.00914272127715535 -0.0537837523260864
-0.0805763523463594 -0.0104229795998085 0.031075676641673 -0.0122095068570178
-0.0553817470475446 -0.0315506125807305 0.0340239555845746 -0.0380251347262974
-0.0205840057707929 -0.138848455538352 -0.125027347879116 -0.0926808338434855
0.00196507644952386 -0.166984302721785 -0.0794474100835732 -0.119557410150275
0.045056007244208 -0.138691457792667 -0.0615848516987484 -0.138281180881532
0.0695514117849993 -0.0219444353904973 0.00776582440862187 -0.157976831206399
-0.00288061976170935 0.0963882103150038 0.101465467828482 -0.13454333618777
-0.083843010210664 0.101217284049066 0.0556531496278291 -0.0583424191256646
-0.0659921740714552 0.0476734330109318 -0.0118959796171627 -0.0460529560732624
-0.0253244840990544 0.0420213393184194 0.0220764017051401 -0.0108141177670358
0.00830655730239338 0.063886325587632 0.0447906962422554 -0.00350360921435059
0.0256850093983309 0.0572658729378324 -0.0127964719699056 -0.00768733840594565
0.0164862279785176 0.0296964803404552 -0.0138467117309932 0.0266007825124172
-0.01809410708011 -0.0123417396495671 0.0470415485306248 -0.0215427219695437
-0.0509224099532706 -0.0531751221910894 0.0356098413369082 -0.0555215123477224
-0.0808865886053515 -0.0698390830817381 0.0565292896183359 -0.00254061834905691
-0.0559360940616657 -0.0685095724668804 0.0645919671020458 -0.0293751817467346
-0.0381804105468771 -0.123348389902991 -0.110353004822392 -0.034855479124228
-0.0416720907439906 -0.15200771025582 -0.0719600686161113 -0.0326222094376068
-0.0020286694658105 -0.105690415358361 -0.0726141742119333 -0.0288150903767111
0.0221892575576633 -0.0176126105334034 -0.0360625444589694 -0.0544691820971464
-0.000657402341017549 0.068800363183315 0.0564783181989578 -0.0676192710676492
-0.039152295275398 0.0876001838310642 0.0190941253907946 -0.0239229355854485
-0.0373843662430064 0.052411664819558 -0.0403380672788173 -0.0282991638374804
-0.0278324571525141 0.0402455813449569 0.0106372385411412 0.00660455053365086
-0.0247558484932398 0.0677145320649125 0.041549327074103 0.0180917925609934
-0.0078118396283324 0.0912724416742705 -0.0269845673883737 0.0159538475528
0.0187793915893546 0.0587774391900036 -0.0188869239761731 0.0633985307751357
0.0123027077243345 -0.0316897573602547 0.0690441217094202 0.0287787120677173
-0.0248615857165273 -0.0987695306403694 0.0647616729666205 -0.00636055061682951
-0.0583009447348965 -0.125469291067531 0.0867539405387989 0.037136271594296
-0.0409261199779432 -0.105470113125141 0.0971208689925025 0.00102128939543946
-0.0518383981516725 -0.0857443358630318 -0.0829729600444239 0.00778034995931543
-0.0724137394896888 -0.116377485299524 -0.0518410347609634 0.0235085458831537
-0.0390930980318997 -0.0599392049866048 -0.05091282571451 0.0403777311470044
-0.00770544095093239 -0.0138784669046172 -0.0374694683562395 0.00635456733512181
0.0098448032172846 0.0346568341518141 0.0376133462177354 -0.0299071608594766
0.0119583398172604 0.0642144159471365 -0.00244986374514032 -0.00249040285660918
-0.00249041059563357 0.0518746186810547 -0.0501903152249544 -0.00892494804689875
-0.026403238406344 0.0347996475908322 -0.00240106715814009 0.0230336414192414
-0.0558211248651823 0.0612471252663806 0.0190505342241821 0.041066993488502
-0.041094002278814 0.115442249058255 -0.0554018099405951 0.0517152717178952
0.0253729682617356 0.0871136193382003 -0.0525116368560496 0.129629133162732
0.0539870303301858 -0.0448147268910022 0.0544764992714138 0.123805021563277
0.0180106943332881 -0.130011239157837 0.0712049000518862 0.0872494889770231
-0.0230035194374261 -0.160497979566955 0.109071045434887 0.103604827348312
-0.017084720897498 -0.126775806931611 0.122529202113173 0.051693686654631
-0.0502174076266542 -0.0419250104169765 -0.0500605906577275 0.0272502302118781
-0.0750647120893507 -0.0653772825305495 -0.0262205158416317 0.0388147579058324
-0.0544585177107532 -0.00592918771652525 -0.0125194178628227 0.059657580993963
-0.028873740169999 0.00186569075850041 -0.0124754628755685 0.0263417375400758
0.0106019602159382 -0.00344371414186679 0.0258218734602846 -0.00533810617587854
0.0489842412526177 0.0312085485641962 -0.015771135315009 0.0106800038401814
0.0210999723087095 0.0402327224245654 -0.0434960587952834 0.0102846339073569
-0.022381536996761 0.0241618379556959 -0.0157390119544032 0.0350432895517733
-0.0698439975694831 0.0469920996518189 -0.0183622339201585 0.0594321040578275
-0.0608522208482459 0.123380188142329 -0.102293000290816 0.100202705925098
0.0451577571369234 0.106840388518231 -0.124634915102324 0.226231869550002
0.105550907034373 -0.0560507126312717 -0.00713580731210093 0.269250743347627
0.0656575484810392 -0.145229188300268 0.0592914545791807 0.230449962047333
0.00740120400838129 -0.166181216851731 0.122818918746824 0.192780368378253
0.000508314370737711 -0.121513383485738 0.137476433214485 0.111985602142103
-0.0307615366545817 -0.0092099292432235 -0.0213935026629743 0.0271707341313838
-0.0467032041903168 -0.0278959940933792 -0.0120535432099671 0.0183192248301181
-0.0379250831411872 0.0255128050608008 9.75598237880803E-05 0.0306566320204404
-0.0253334692619039 0.0171510721425953 0.00958805178887192 0.0130989210429941
-4.15873305888369E-05 -0.0233276487066309 0.010145694065785 0.0183866352540031
0.0481398131772207 0.00283698148969986 -0.0245047272128354 0.0195147820643623
0.0213084117278462 0.0203977566438139 -0.0297216950411181 0.0232583250559868
-0.0130240011211984 0.0109654328726429 -0.0277067724523696 0.0435135999942516
-0.0538737135465452 0.0271142948561026 -0.0586055708038697 0.0697849194547105
-0.0479679366848313 0.0962254692280636 -0.15274365439323 0.147956913030399
0.0591343178600202 0.0913536069969313 -0.207989945024907 0.32466042736166
0.117803085365373 -0.054222836055119 -0.0896145641718924 0.445187750513878
0.0780262159565784 -0.119708619465945 0.0500204277623063 0.405219370677563
0.0144019618399124 -0.127313408083954 0.130014345865031 0.288637537141278
0.00856399386583828 -0.0820233140939969 0.143970339083578 0.166473713963537
-0.0222870981902374 -0.00320437988266703 -0.117450404608401 -0.198391156356949
0.00688166062076706 0.0155079816001717 -0.102696623764886 -0.336155832675543
-0.0291737769454892 0.00314775237230555 -0.0301421113711346 -0.490583451490067
-0.0351807717975388 0.00373244160952129 0.146943005541916 -0.533100896016902
-0.0323347085970244 -0.0266573544360449 0.243812139691626 -0.362482572566026
-0.00071843628073426 -0.0222390478513339 0.167855458452573 -0.181040089680254
0.00957179964719852 -0.00133266487406703 0.0711627734945833 -0.0798981242798872
0.00182914407889308 0.0100867130695029 0.0280871005101234 -0.0480384471860544
-0.00175145672524233 0.00945634025701898 0.0131163599131703 -0.0338960512565324
-0.00379103660021644 0.00149115239933601 0.019016626836906 -0.0276935159848377
-0.00141259783127135 0.0104537773112871 -0.00569866610989856 -0.0297842846978366
-0.00927509815904371 0.00706336391042957 -0.00231914807105189 -0.00278009527824601
0.0020849457768002 -0.00238525319611626 0.0129497792974924 -0.00225477055571052
-0.00504766780500761 0.0182083254257895 0.0214571779574666 0.00354893087996878
-0.00548771130292777 -0.0024670359154058 0.00708622627463494 -0.0296863097830908
-0.014405813851313 -0.0742705730990748 -0.122871834753762 -0.19303619321884
0.0325126490041125 -0.086510825176234 -0.0929742282455513 -0.314802262045036
0.0489533662429272 -0.100831096592155 -0.0257438991282988 -0.449547765244474
0.077023600458423 -0.0272686747167403 0.141345457745495 -0.480934775474535
0.00455929224848406 0.0650749411509589 0.228943221248451 -0.331352350663496
-0.0649696527328203 0.0616851874489851 0.14720341692162 -0.16335188899274
-0.0420052601623816 0.0257392767136382 0.0584215109005652 -0.0767155305099961
-0.00864264477578754 0.0287116233878484 0.0286524930626468 -0.0429199056999035
0.0230632677062669 0.0324039800900177 0.0174244016606026 -0.0330175802457993
0.033572650121902 -0.00434588884438611 0.00861969565579524 -0.0280543617059845
-0.00997414415643716 -0.00265403625562792 -0.00980748384912973 -0.0195564663665735
-0.0402842545889391 0.0392217261722116 0.000138320650801931 -0.0118377652183677
-0.0308874355920205 0.0278178300375998 0.0108902316129019 -0.0192782000035248
-0.0518749038211183 0.0222304793604075 0.0246133071629 -0.00096753560566555
-0.0365852470249066 -0.0083837750941564 0.0121974472881527 -0.0343526143294074
-0.0126927294811763 -0.123919722425136 -0.128960334389845 -0.149765550460442
0.0301852505946329 -0.150235036765309 -0.0884328720718571 -0.224910594230568
0.073970979458001 -0.149299039451919 -0.040620850004257 -0.294471879600388
0.111749983231828 -0.0330183119651944 0.0765317667095557 -0.316717201563717
0.0123921286637524 0.10764687816327 0.166105253075144 -0.239623985299345
-0.0948355144368414 0.103622648968475 0.100718765153219 -0.114497942803973
-0.0687825959603661 0.0424425393570594 0.0237012704771274 -0.0642838449368023
-0.0171229291915569 0.0399578920304423 0.0261379649180875 -0.0295715079798022
0.0285823649110721 0.0510950419582145 0.0319813716547607 -0.0230412763858088
0.0446167033999328 0.0171943951087176 -0.00360910902631017 -0.022293822838992
0.00253694267815972 0.00412371392673098 -0.0160051682337395 0.00432610822757576
-0.0419821534477387 0.0224272752754066 0.0137765441904165 -0.0307295284831387
-0.0545573364878486 0.00400588885797335 0.00697852763030998 -0.0542069439526134
-0.0812137906857438 -0.00916326769905875 0.0333547629576866 -0.013360175029679
-0.055901636678984 -0.0291979920628433 0.0341425288247907 -0.0397337903765754
-0.0235907486559573 -0.14033216669169 -0.12821247716389 -0.0903404975579144
-0.00293770070786664 -0.167650020681494 -0.0854801542728786 -0.119519803136607
0.0405975781448858 -0.140646405589468 -0.0669818474708239 -0.137039789691253
0.0698485047524565 -0.0246851902746785 0.00149908540849071 -0.158287622028235
0.00237679573498835 0.0969102132993705 0.0963688688506188 -0.139141218941155
-0.0790967444879435 0.105517415807982 0.0529858832761127 -0.060819094882362
-0.0636848983208455 0.051595631304702 -0.0149911434517169 -0.0466699688505155
-0.0220101480021937 0.0439197735842514 0.0203463260599121 -0.0131432008448634
0.0115276924180771 0.0646227709958003 0.0441620939119601 -0.00575311272348269
0.0279725105035952 0.0563397024194592 -0.0139981991724957 -0.0079624209502192
0.0173084529528433 0.0283429363779138 -0.0130130010147432 0.0267587456060589
-0.019054188700199 -0.0124348555185717 0.046417823312603 -0.0244200815164566
-0.0530301132679271 -0.0531742964040495 0.0340917647695773 -0.0563759036869542
-0.0838488431519111 -0.0686782332083342 0.0595598813368714 -0.00444720513453423
-0.0567373967124974 -0.0674771113014878 0.0653667226640181 -0.0320112212454452
-0.041129373051415 -0.123578419801527 -0.113244556679475 -0.0324801132319384
-0.0460063854307623 -0.153427561385634 -0.0751275224263758 -0.0321374592348457
-0.00474561418376036 -0.106464570851237 -0.0752668066397992 -0.0257292190597503
0.0226783589172846 -0.0195498031215591 -0.039486246704783 -0.0518204048216244
0.00301542107231361 0.0681038927698695 0.0536183033885147 -0.0698524932688789
-0.0345812700431492 0.0904369804278874 0.0184720494322044 -0.0233862187002731
-0.0344481147044982 0.0560136271883492 -0.0421898382890742 -0.0274091895039968
-0.0250886405798289 0.0434465310122869 0.0109511941165011 0.0062007266751083
-0.0212739141050325 0.0688432966644373 0.0414417074317095 0.0170034885221057
-0.00375287844414922 0.0926658997244032 -0.0266202490542593 0.015767750662835
0.0219294645196 0.0578311657315705 -0.0161305669527637 0.0637635348000454
0.0119533719466863 -0.0322581014909597 0.0711302908229803 0.0248343633098526
-0.0278821415267803 -0.0990672273154629 0.0648378268247148 -0.00834495371658836
-0.0604707383248863 -0.125108726088666 0.0901909881112264 0.0358997379723031
-0.0420439978349519 -0.106382948658937 0.0979054627336629 -0.00212779388830823
-0.0535288922648095 -0.0857259599310011 -0.0854848757563384 0.00944721196009241
-0.0751294948075287 -0.115629020780497 -0.0529530081385028 0.0238149787325521
-0.0407488692649139 -0.0591768375855429 -0.0503809242752241 0.0427889448856442
-0.00819424494852083 -0.0136923904143739 -0.0389874990570057 0.00856892475546595
0.011094935396085 0.0347352256413701 0.0377397150253803 -0.0300437240930948
0.0154622081755851 0.0647991351601239 -0.00276566016508043 -0.00177067169737193
0.000797009346134106 0.0533321884112857 -0.0509359942115237 -0.00640912521104109
-0.0239895672217708 0.0359856438081171 -0.00202909144961984 0.0231398332559608
-0.0524073914410266 0.0650781525734824 0.0212407140085439 0.0413430521129072
-0.0357511065420856 0.118360978625895 -0.053442453900433 0.0541284717131566
0.0292675258936555 0.0862760328109493 -0.046873908299695 0.13207829776554
0.0537238095527653 -0.0474321390723785 0.0593432454994769 0.120726976977684
0.0144984658778378 -0.132130561296292 0.0736432934498115 0.0854924007100453
-0.0259443600424501 -0.161954029406915 0.113550673779362 0.102707326742862
-0.0202535641838347 -0.128545991890506 0.124757385716808 0.0487256640702055
-0.0518448637383722 -0.0404435862517598 -0.0513308668651906 0.0292594945290506
-0.0784111263519553 -0.0644963404270803 -0.0273310263412479 0.0395113783651653
-0.0559129678437495 -0.00409069806534269 -0.0106106000801211 0.0609715790476051
-0.0288257572604335 0.00190043456599396 -0.0124264311195611 0.0281150298039535
0.00968477482723811 -0.00416402418808407 0.0261925781649011 -0.00610809143923896
0.05028662291147 0.0293265299318393 -0.0150154676791747 0.0116052295903383
0.0236821716365379 0.0402176625674185 -0.0428977461620667 0.0112262592557741
-0.0197552034353832 0.0264191508678703 -0.014239835099299 0.0368014962630892
-0.0677206374178706 0.0512559177888793 -0.0159498860650241 0.0621738930225711
-0.0553032306839557 0.127777442556083 -0.0980217584390438 0.105555333201829
0.0506633946889856 0.10603663103172 -0.114235562273792 0.232149974081595
0.106358681881828 -0.0606146595501453 0.0028793139969309 0.270440349499095
0.0626526136775121 -0.147967832302473 0.0670559178544539 0.229831353140332
0.00459134567520785 -0.167889689619097 0.129307670753193 0.191559258891262
-0.0013485505906847 -0.122732018587215 0.140993136989544 0.110506080805671
-0.0318861201771174 -0.00869758375852791 -0.0221336659903786 0.0280099528318346
-0.0486666320718649 -0.0270798355538897 -0.0142707533183543 0.0183719498165378
-0.0383579938035673 0.0261082693539378 0.00154235576462278 0.0304308702627371
-0.0256440696720027 0.0177318853040521 0.0100930718951159 0.0132901758954381
-0.00117675914231276 -0.0231521120495373 0.0111692015655819 0.0171919025160444
0.0480680627193741 0.00119724176229343 -0.0228569830527148 0.0194348559729716
0.0232738402640889 0.0200687017730852 -0.0285153357058837 0.0244531753954262
-0.0123897132223501 0.011807945827981 -0.0254706013035152 0.0463191217738309
-0.0527169850316719 0.0302056883397482 -0.0555167434913777 0.0751657854691448
-0.0422320582779168 0.0993962614759391 -0.145900942444492 0.156606844637268
0.0643200749679611 0.0896171279924529 -0.191257237393798 0.334763010932132
0.118523343306386 -0.0582601277334248 -0.0732219675840511 0.448925092599916
0.0761812899284775 -0.122161106870904 0.0636463783790823 0.40590653536087
0.0124926669335557 -0.128211450258254 0.137867874654995 0.288672890997016
0.00631545562634321 -0.0823195986700773 0.148382106126851 0.163507120475514
-0.0235740812519044 0.000233786081259489 -0.140957456431017 -0.182750098419148
0.00799398443910176 0.0143115637247107 -0.143508252138081 -0.318958799228688
-0.0284036229941804 0.00657985137099041 -0.0955611449780925 -0.482315063543944
-0.0334761956664261 0.0105652318982993 0.0712170925095594 -0.549005673648903
-0.0349237640679566 -0.0203680153407104 0.187609796427631 -0.393573992985209
-0.00281172549632719 -0.020254068778667 0.137745422233623 -0.203937495382881
0.00867855856472129 -0.00247512587158628 0.0579764716269016 -0.0918274265272234
0.00311929574856972 0.0095087234505556 0.0197174865342103 -0.0531583556760733
3.20297708479399E-05 0.0102586176928277 0.00816110850907275 -0.0348490771103227
-0.00388083916527273 0.00190604066121747 0.0148354540338374 -0.0283216479950786
-0.000126566658610127 0.0104357272117108 -0.00885727573105787 -0.0289428313275462
-0.00812834954068099 0.00869702540725713 -0.0028897250286749 -0.00364597826701254
0.00119678949072205 -0.00245402100955384 0.0123166754216207 -0.00429099917365621
-0.00168441687666716 0.0185059289925817 0.0229812976341222 -0.00101386639897692
-0.00538342213236501 -0.00148993735265334 0.00400803669985772 -0.0303381344329303
-0.024193553232478 -0.0714531987240973 -0.147636999300962 -0.175587082729347
0.0213412744882497 -0.0917783479210758 -0.133444442268861 -0.299511458802602
0.0353122918259927 -0.106162685290415 -0.0858271273958454 -0.442050469763841
0.0736059505596159 -0.0365769014969328 0.0755080521183603 -0.495417569027318
0.0160004996379024 0.0640107699651058 0.177347607146389 -0.358718512042413
-0.0522907149194431 0.0704424217295188 0.119047223660615 -0.183266938395654
-0.0366869317347904 0.0314788531909162 0.0459132943069513 -0.0858392809504627
-0.00390252483887759 0.0305499146894806 0.0214533233526201 -0.0477229732672369
0.0273150875438943 0.0287975836479346 0.011315476679574 -0.0351636384043449
0.0324295294013837 -0.00861353112710662 0.0046431496736088 -0.0278201943807249
-0.0108040226850146 -1.67360455489591E-05 -0.0124238691086221 -0.017396085445132
-0.0348524518117635 0.0445611241141775 -0.00188172807131203 -0.013186684791797
-0.0274805552588587 0.0327250455178524 0.00788468751556435 -0.0207655202565904
-0.0475100314019029 0.0283589852656179 0.0255719944238642 -0.00518472518837045
-0.0370028164035807 -0.00312117741526631 0.00883203795610923 -0.0353242318324493
-0.0281749023494772 -0.12118848666618 -0.149752772423857 -0.133459266630123
0.0108643413155513 -0.154289781901568 -0.116675602539151 -0.210971750066764
0.0541391986271118 -0.156958097286751 -0.0785664166796625 -0.286243627271743
0.107685165832821 -0.0465653610316156 0.0324675433242806 -0.323617533860865
0.0298122994679326 0.104403726983784 0.128445854954775 -0.259541964752051
-0.0754207024428876 0.116730679177864 0.081997360547724 -0.128886366096383
-0.0604761236024624 0.0536877612864431 0.013489188573779 -0.0676239353073729
-0.00950752835485653 0.0435166996147785 0.0209801135739613 -0.034452662356868
0.037291951141809 0.0475631538086867 0.0274968022010975 -0.0266715415982534
0.0461422646422872 0.0104886813210571 -0.00748106766969705 -0.0212984918478679
0.00160809148324032 0.00452823478429223 -0.015413178551363 0.00534544253447765
-0.0395269068267643 0.0283119694186809 0.00981820037433529 -0.0333224823012793
-0.0535772587352647 0.011123416411875 0.000923329125113592 -0.0549610567193602
-0.0818125664449899 0.00182653530531705 0.0324017149473088 -0.0183190904554294
-0.0575204582932392 -0.0214925856060384 0.0300712352840956 -0.0440354137657479
-0.0412167964457954 -0.135770310818942 -0.14024016076044 -0.0729871602101405
-0.0243930219706742 -0.166292003998108 -0.100178944848746 -0.107617065673218
0.0222409152884828 -0.145140161538419 -0.0847918939612747 -0.127156432936494
0.0673486907362146 -0.0348652001583577 -0.0220929056120665 -0.155357095130148
0.0178638963986584 0.0954512274974642 0.0746160493049474 -0.149499487933921
-0.0600317901811697 0.115624541666253 0.0430690965367546 -0.0683196997184097
-0.0544662161435112 0.0615822474289431 -0.0225477908885857 -0.0451078296853753
-0.0139664919185132 0.0482956878754785 0.0175151449344123 -0.0158339359993074
0.0220408817433506 0.0627778586096189 0.0416022283501498 -0.0121825915825448
0.0354980088135416 0.0517966974242986 -0.0160662340029708 -0.00606771774784533
0.0213996747865535 0.0249747476437357 -0.0092727808392452 0.0270229185069342
-0.0206132868313211 -0.00882851864924639 0.0424638263856949 -0.0314916521426786
-0.0596979843485893 -0.045542805326404 0.0262111095755525 -0.0599032553259111
-0.0913121924116225 -0.0575668139673452 0.0594869412618699 -0.0114617416711867
-0.0645957777226834 -0.0589344784901325 0.0619816937776986 -0.0403676196061568
-0.0555521781408519 -0.11765398425017 -0.118360938135083 -0.0169975679386857
-0.0649328764884874 -0.145826181959594 -0.0792427929295834 -0.0221597473034804
-0.0191517832698732 -0.103691788591856 -0.0776300326887971 -0.0161104054795152
0.0208308837566254 -0.0225926720063682 -0.0480665069881881 -0.0440704722475569
0.0130092937837551 0.0673152715694421 0.0436762924064651 -0.0754095528940309
-0.0203666640067797 0.0935092518902232 0.015059401439765 -0.0263572068553408
-0.0246010441700408 0.060512304417736 -0.0459859207542046 -0.0212625771928453
-0.0165303527814549 0.0470248576716052 0.0109143810291055 0.00356406098828891
-0.00988486868385249 0.072364115841718 0.042708841125581 0.0108504792381955
0.0106980382241408 0.0917976192582551 -0.0247241417753989 0.0189104500999368
0.0312619261219589 0.0533661833888687 -0.00687029651333248 0.0635649482779764
0.00746409953583365 -0.0344700178363885 0.0731566277542145 0.0150530442038289
-0.0399108763968434 -0.0947811634160265 0.0627537939025294 -0.0164846049596326
-0.07541811196386 -0.116149707049449 0.0941719970213964 0.0244444364765933
-0.0539963801380866 -0.0988091673970734 0.0970977419846257 -0.0144382511487522
-0.0632862399810317 -0.07703836923314 -0.0847354609445054 0.020909293392536
-0.0904530489016671 -0.104986611775527 -0.0509062637317063 0.0306847795195505
-0.0483480135273675 -0.053477616551062 -0.0443207691131731 0.0485611069454472
-0.00875768202243757 -0.013359081502352 -0.0383461964752265 0.0154789964612833
0.0155114659278333 0.0322635440160144 0.0330206640577607 -0.0352626747694432
0.024870886088908 0.0611290583359545 -0.00211780115078791 -0.00177752199814665
0.00952158966613197 0.0519713492124477 -0.051464727884884 0.000729473858257988
-0.0167091674809306 0.0404333574485867 0.0020597011965461 0.0232990959044145
-0.0419090547075971 0.0721202626009882 0.0255756632504377 0.0381041334458222
-0.0166626803159293 0.122513181400201 -0.0455279768231815 0.0595006013408611
0.0428270724579123 0.0807056591969927 -0.0278450834160695 0.134882330704531
0.0474725381316091 -0.0549014232130013 0.075145272490031 0.110601563278346
-0.00243007468242515 -0.133583224597787 0.0832882646610571 0.0753562519402165
-0.0455546697130836 -0.15752686057698 0.125603537131682 0.0877048924581237
-0.035871032389677 -0.123907468601243 0.129730656368499 0.0329728457082413
-0.0560449188772085 -0.033485239481396 -0.0486257570453636 0.034879516478817
-0.0864763727298427 -0.0541198346632641 -0.0235314037037677 0.0426418539548556
-0.0560447083600952 0.00303201699541094 -0.00245381042219853 0.0611427406261895
-0.0278022967020563 0.0066030460519609 -0.00901433843267175 0.0310680288787469
0.00813190347779146 -0.00498684363308126 0.0264483915055226 -0.00940498570626215
0.053969108102462 0.0218185283826992 -0.0126148777663536 0.0132507729637688
0.030585520067191 0.0367696886407251 -0.0399516702119662 0.0175647982168942
-0.0145747125756275 0.0292738139282714 -0.00760415367641379 0.0387306559585119
-0.0584205419648199 0.0617432805191326 -0.00603370289399392 0.0650880310754375
-0.0345939850994126 0.133810148058571 -0.0817015885228609 0.117574659220342
0.0676009918800966 0.0963488087737901 -0.0806278133263593 0.243527419724342
0.0981007205169183 -0.074786779485164 0.0391796551787817 0.263462598360049
0.0436672336563338 -0.154881970335376 0.0938615820838105 0.21730160420898
-0.0155274323537034 -0.166891786132447 0.150725003311734 0.174001363570228
-0.0164402078186558 -0.120281795877517 0.151210634484291 0.0909984167934794
-0.0328364088481702 -0.00373705186641237 -0.0192547930102964 0.0308153897343266
-0.0518626266765447 -0.0203200092809313 -0.013553937538258 0.0210581794843891
-0.035293804940106 0.0309902791354742 0.00518575585368794 0.0295438579232646
-0.0224645019709828 0.0220999648526596 0.0120131453765409 0.0123567399455008
-0.00615147215309346 -0.0218929685285449 0.0146294280479271 0.0154084564811632
0.047086244204595 -0.00649330694892247 -0.0195299732640546 0.0217006422268149
0.026341607029255 0.0165264007918244 -0.0240840620676141 0.0281053487162319
-0.00921676244916917 0.0140050020619034 -0.0168898370996304 0.0498150031962655
-0.0464178890097524 0.0378126092168186 -0.0434915452054388 0.0841338798146137
-0.0264649618755334 0.104074948263085 -0.120480104830304 0.174090785920705
0.0780489813382056 0.0791267176536423 -0.142374204686423 0.353890851746036
0.110870009333101 -0.0753437819564534 -0.014247800105578 0.451546181993018
0.0615715999845613 -0.130837564890279 0.112687693901416 0.389962161279568
-0.00254755314933291 -0.129463298151095 0.170132201746646 0.26577206807488
-0.0038694549329743 -0.0815944077780601 0.164761781666006 0.143928507331006
-0.0234974143778291 0.000630092156219942 -0.143142058744259 -0.178073758035728
0.00814945484906865 0.0133399548938544 -0.148506792694697 -0.310388785962047
-0.028890246231793 0.00754063048242268 -0.108161834079402 -0.471297395034628
-0.0326880638702306 0.0123408755480199 0.050103327562345 -0.540261373475762
-0.0351850489810026 -0.0193858681910268 0.168989180039465 -0.393814788477906
-0.00390234394521756 -0.0200603499369358 0.124824221903137 -0.207534673726242
0.00807778235222636 -0.00344878472386091 0.0525049021696749 -0.0946981720823276
0.0026941740155267 0.00993245132604309 0.0162213336549735 -0.0544658929172047
-0.000340897749457531 0.00932791167239282 0.0055947568939025 -0.0347051477983362
-0.00419411985332567 0.00196344221504367 0.0138426477079431 -0.0279706436025065
0.000321505233188442 0.0100039176912073 -0.00925647943381348 -0.0285232747657442
-0.00779655767443353 0.00851333359278792 -0.00372401366254955 -0.00465252764445217
0.00136119314656744 -0.00288405372583976 0.0122620614402064 -0.00539021015561295
-0.0015456054387111 0.0181125924391337 0.0239659127278617 -0.0030831075197799
-0.00542529985029172 -0.00129845380004618 0.00399450542362612 -0.0309895774241207
-0.0252457947572769 -0.0705414036794138 -0.149597950815912 -0.170989592864489
0.0183052162148819 -0.0907820437479002 -0.139840610031715 -0.291285969448619
0.0316322156880374 -0.105609143761676 -0.0979612365179752 -0.431912262005921
0.0729285423354839 -0.0384894981557353 0.057864964783626 -0.488100089164517
0.0199847874711834 0.0617390985379904 0.15854973186265 -0.359459833389853
-0.0488877530378154 0.0718959682468693 0.108288079360762 -0.187709544080238
-0.0352368793735623 0.0332617668234316 0.0407941995152342 -0.0881175848062636
-0.00247184583193118 0.03081605907856 0.0189296063488465 -0.0490488611220579
0.0288530886933845 0.0272829151339003 0.00994967342430205 -0.0352852226920771
0.0309516779988374 -0.00945421990419999 0.00316638555167546 -0.0270911414556656
-0.0113274611286504 0.00101433000889511 -0.0131184318627057 -0.0168337157012082
-0.0335154434309263 0.0462707966858082 -0.00266181935991718 -0.0140653055181889
-0.0269261905181584 0.0331260858658508 0.00746913991380738 -0.021414444142098
-0.0466116603558578 0.0296622480687014 0.0265717075089771 -0.00759209096375469
-0.0357258907314313 -0.00141418182347421 0.00873223711788819 -0.0359733825074096
-0.0301266253468171 -0.118505800119969 -0.150823668034178 -0.127124781832686
0.00739758911361794 -0.15297650661007 -0.12214198928714 -0.206065763898504
0.0494849163679639 -0.157078439664161 -0.0870876648501276 -0.279481877621843
0.106060259324316 -0.0503706539080833 0.021626527856606 -0.318052824569708
0.0351132542118808 0.101653825466271 0.115484789787349 -0.259175895318542
-0.068807780086733 0.119005647287017 0.0736254980058596 -0.130436882781465
-0.0575302516429119 0.0553092550067069 0.00972815141132823 -0.0695341167003291
-0.00693941140513972 0.044179562641909 0.0182516931537962 -0.0355914527648229
0.0394132318191716 0.0455539111326232 0.0249980245779301 -0.0285964835450348
0.0452532742228853 0.00902027509894357 -0.00861615632147753 -0.0197800539345754
0.000828839856303549 0.00414598760789706 -0.014968619033939 0.00586902213511827
-0.0391795256356682 0.0289707489000473 0.00798323719383869 -0.0347002259260819
-0.0542861115172573 0.0126978535148026 -0.00102952974077179 -0.053983445067965
-0.0808383623921903 0.00394112043352381 0.0333850626630906 -0.0203861747273554
-0.0573937196561546 -0.0201745400031748 0.0290298586569417 -0.0444425258268631
-0.0438832574128708 -0.13353126123756 -0.140553876062415 -0.0692257791750377
-0.0270970449412166 -0.164708922357618 -0.102882376012732 -0.103663317541384
0.0190436650831555 -0.143247332739718 -0.0882391371401017 -0.122356849470071
0.0668151107722035 -0.037511581941564 -0.0278307492760488 -0.151768491559725
0.0221913837398104 0.0931978470875468 0.0686604069640654 -0.150084249091456
-0.0539315587860897 0.116816087122589 0.0394389031604721 -0.0686506407936551
-0.0491742881288967 0.0637470517072906 -0.0242477494807482 -0.0440666238707841
-0.0109537172757804 0.0492323701921475 0.0160766528251004 -0.0167737670780805
0.0248135513767165 0.06072280295331 0.039735156853956 -0.0137802478456665
0.0370663039736061 0.0499808273852086 -0.0168185236488321 -0.00625289080027526
0.0221325097412462 0.0241547939423906 -0.00809809623643596 0.0265099260673908
-0.0207831914705901 -0.00987774503028133 0.0401036524606662 -0.0337921151450838
-0.0608951631350013 -0.0437423701197986 0.0248323985972495 -0.0605617074824566
-0.0918759541819448 -0.0547702065905829 0.0601914542290183 -0.013339354513216
-0.0639162354273853 -0.0566281977883946 0.061086093314547 -0.0410058137915979
-0.0574601702014827 -0.114554804692275 -0.117619151212891 -0.0141514145603901
-0.0680682847877341 -0.142734498040755 -0.0803982738950819 -0.0206533635486856
-0.0211835033118494 -0.102730856066244 -0.0777181023547521 -0.0130194418165407
0.0206438867331997 -0.0239651017219486 -0.0492494519428528 -0.0412319435032504
0.0164763886393619 0.0661709583014028 0.0399507599328405 -0.075547348439178
-0.0149905096502175 0.0933628486022469 0.0141047637764243 -0.0262878348978063
-0.0206738836138735 0.0613233363615886 -0.0463008809159813 -0.0194815916956271
-0.0134513485896957 0.0489090702381349 0.0111577987836524 0.00367398639602171
-0.00604197903762576 0.0723997078031214 0.0430205973559273 0.00908234177771594
0.0144649068390649 0.091127012926203 -0.0247417960175676 0.0189982010025713
0.0331213086280113 0.0508899701210713 -0.00357963390852137 0.0627207120201281
0.00699498330552406 -0.0351973780476653 0.0734014962330117 0.010775493265916
-0.0432723273665916 -0.092874948680547 0.06152924622009 -0.017929542082821
-0.0776596568784474 -0.113701623686122 0.0959906876484161 0.0218641725562631
-0.0554776524670437 -0.0969193205258951 0.096893297161326 -0.0165463968584388
-0.0645121829186437 -0.0749160539922903 -0.0846352435142293 0.0229373286811523
-0.0920070814337578 -0.101989420627847 -0.0510013630674135 0.0319390602848369
-0.0493907588507311 -0.0521350560240787 -0.0416949810866054 0.0498943219219702
-0.0090872417334394 -0.0133645852098743 -0.0376322649345801 0.0181892874181458
0.0166363985258865 0.0312744830679817 0.0318858074806472 -0.0359055788758274
0.0276126147487353 0.0597976128417378 -0.00133144997653686 -0.00120743486581602
0.0131998859850183 0.0511197800821816 -0.0505250553462983 0.00258971318461866
-0.0133478105815814 0.0421519099998373 0.00357799055804047 0.0231733195247412
-0.0372424914277642 0.0736215497581136 0.0278964994733471 0.037154630826337
-0.0113567704565665 0.121474021384238 -0.0431024792215241 0.0601724212284976
0.0462744854055862 0.0775793391511766 -0.0218175095395664 0.133228580734115
0.0456888319141358 -0.057095434996643 0.0783818031895609 0.104750553747051
-0.00597065948563101 -0.132159989915276 0.0841339245498991 0.0712964835385316
-0.047758135847261 -0.1553722537545 0.128294814290457 0.0835946607890129
-0.0375239556989929 -0.122855647924503 0.129162080577326 0.0300060881944131
-0.055937595964851 -0.0309117441893215 -0.0485228346165512 0.0361778722885606
-0.0872477643726605 -0.052216593500928 -0.0233137100661349 0.0435649888054763
-0.0550419504890689 0.00387719758345876 -0.00038189522505995 0.0616545771929289
-0.0271537851194335 0.00742965172780608 -0.00770079903799055 0.0319575696253539
0.00740354387702614 -0.00457828319428394 0.0255425276025123 -0.0110636482763985
0.0534441806170995 0.0188456744443958 -0.0109297968425126 0.013635604968975
0.032615852075138 0.0353557847542814 -0.0386492463150961 0.0189642432266189
-0.0120206702476123 0.0310693031468563 -0.00545564350575673 0.0391304297277255
-0.0541945223644135 0.0632289368014578 -0.00314441529500636 0.0652945453797081
-0.0270671707370186 0.132927413288384 -0.0743232373117771 0.118472207182643
0.0715701590754229 0.0930051111542848 -0.0688538696696846 0.241236000624545
0.0961830089880765 -0.07849695371125 0.0475066457472053 0.256847936916534
0.0404121495818128 -0.154325928357663 0.0998420158406547 0.211589268152114
-0.0199388993103765 -0.16579699445877 0.154693965203741 0.168562453425692
-0.0176694309583448 -0.119569388636339 0.151522093664013 0.0865313411181662
-0.0325188950614047 -0.00257792238673481 -0.0201955312196096 0.0308625461798193
-0.0524674097848014 -0.0181791890505279 -0.0135607545970643 0.0218634790389567
-0.0345518329293762 0.032081946054676 0.00575177957741814 0.0293626218407984
-0.0216983870598671 0.0226436385726384 0.0110560808554146 0.0123724313388642
-0.00828122045023687 -0.0212536022694858 0.0147372736340524 0.0144913348379303
0.0463812291202784 -0.0081620993884701 -0.0186139096482844 0.0212014246126747
0.0272690341595436 0.0149703890146229 -0.0210931447687709 0.0279180237767815
-0.00760890262513819 0.0144708848493079 -0.0138357935279629 0.0513877081523283
-0.044723477216502 0.0392118245495852 -0.0385477191532794 0.086318611291186
-0.0213829305392248 0.104486778757824 -0.10974444113923 0.176993930033653
0.0809961562953928 0.0743643576013637 -0.126570580522758 0.353312057248177
0.10827581110715 -0.0778072115877817 0.00205426305574129 0.443434767128001
0.0584016428820181 -0.131604749784267 0.123541885665569 0.381906917129524
-0.00601978772308036 -0.127875599069465 0.175468424525004 0.258042501194618
-0.00476332930918261 -0.0815614633263039 0.166302509404876 0.138147384677302
-0.0235655152505769 0.00110852911698182 -0.14417809668019 -0.172528959734032
0.00822893360668827 0.0134801366731823 -0.153429984234087 -0.302334318986777
-0.0280344966229952 0.00908995866473182 -0.117967182454216 -0.459853540124616
-0.0326261381363883 0.0136390413960032 0.0342044976590343 -0.527725311820277
-0.0361998412956721 -0.0178698967231351 0.15163621740519 -0.389734874531639
-0.00549975904744112 -0.0197405807934347 0.113181595799605 -0.209588769554483
0.00837324934941071 -0.00330889924590335 0.0473037588132578 -0.0965542720390579
0.00267115826698404 0.00968099642615081 0.0132359177308711 -0.0561497326405783
-0.000290705000579711 0.0094295675208801 0.00295037673977936 -0.0348084771877245
-0.00466706479271938 0.00180723389982419 0.0115754431439656 -0.0270721066046368
0.000269697976025001 0.00973175142924857 -0.00974102165639811 -0.0282747771188496
-0.00746321017315434 0.00870337283197182 -0.00388278438472094 -0.00425564288846658
0.00172098124303667 -0.00250837120658988 0.0123315772285207 -0.0059323601619809
-0.000963965661013627 0.0177649827216066 0.0249510617791345 -0.00539157228700888
-0.00487386367313207 -0.00117015656578194 0.00447669794950221 -0.0302955266724057
-0.0261138966558134 -0.0685425287131499 -0.149355116864599 -0.165078869401092
0.0165400327452202 -0.0897531828659959 -0.141383725615515 -0.28378761951768
0.0294627753086704 -0.104397202430694 -0.106825691597678 -0.421725246649941
0.0715244742720845 -0.0403699478889005 0.0421322769313304 -0.478936123145261
0.0231265755627022 0.0598496192018724 0.142505170610584 -0.356902153231686
-0.0439503731830903 0.074098297983277 0.0973233924041985 -0.189178771297405
-0.0331795950505155 0.0344999050903252 0.036161011358592 -0.09006138200105
-0.000479445685463902 0.0309443620562788 0.0158959445165958 -0.0497339439896493
0.0297550849014288 0.0267470663756905 0.00705907495766069 -0.0349508381198979
0.0296652010442429 -0.0106794269349414 0.00187985656814978 -0.0258019716688943
-0.0114756814355584 0.00207897584865931 -0.0124352399282343 -0.0162928121915831
-0.0323110019573945 0.046394091150875 -0.00432235375280616 -0.0143290404585147
-0.026065147539685 0.0335543599911817 0.00692195185624324 -0.0218321630748013
-0.0456240141075964 0.0308556022601689 0.0269932220557769 -0.00940100761716334
-0.034742971523145 -0.000793600517554024 0.00881538892134906 -0.0361344174779276
-0.0316909118533995 -0.116981248158806 -0.150411180658681 -0.123687653115925
0.00498268644331173 -0.151001328991027 -0.124328972413039 -0.199259913996314
0.0458166624118456 -0.155636123720521 -0.0918253398972378 -0.271131854852415
0.104268216170418 -0.0537170764440266 0.0111984184402895 -0.312269754786742
0.0394887991884976 0.0991200401799488 0.103585478513085 -0.257385979598354
-0.062385579997813 0.120358990191707 0.0669186619648847 -0.131501287166985
-0.0538874041080762 0.0581045186179294 0.00556494515091655 -0.070159720798966
-0.00397010492877194 0.0442863704381783 0.016414984645031 -0.0366526922372333
0.0403867293905456 0.042817851759973 0.022805478422612 -0.0291625854875211
0.0442724386635358 0.0081527568642688 -0.0103658735454239 -0.0183244461744145
0.000937826940062261 0.00559746800753475 -0.0150853553119279 0.00625910433037917
-0.0372388178143594 0.0304491791020367 0.00590648020736501 -0.0355539887669484
-0.0532155011311942 0.013580945566374 -0.00136794905322037 -0.0545292254846733
-0.0799697580671474 0.00550613142440183 0.0342390120105775 -0.0217809547058715
-0.0562082506108335 -0.0183760131643302 0.0279525414074117 -0.0450016731450711
-0.0447923921576352 -0.130712276892743 -0.14008760570168 -0.0654301005597834
-0.0305491052221543 -0.160572787688732 -0.104132176866836 -0.100764934477797
0.0155848206556567 -0.142082504634445 -0.0898368081220672 -0.118184548011253
0.0657068049407584 -0.0390816257335905 -0.0313023172217804 -0.146830742681179
0.0264128502660988 0.0905277785921865 0.0614015432880061 -0.148242159055807
-0.0474119191876008 0.117590153381394 0.0353086807215514 -0.0686939063336689
-0.0461096570984272 0.0644618811354495 -0.0267394622640337 -0.0438016312101527
-0.00745986914898202 0.0499315839694122 0.014696580163707 -0.0176241295855708
0.0275173171125693 0.0599519292141628 0.0385428186706441 -0.0148861919206137
0.0386279394630461 0.0480957885472628 -0.0170109248048334 -0.00492141915133051
0.0218124225153396 0.0227767928300016 -0.00742908691113738 0.0263080888753837
-0.0212216997420301 -0.0084497551724898 0.0391001856779422 -0.0361118152828512
-0.060927009875714 -0.0421409594696742 0.0226791292158877 -0.0599422841656901
-0.0920875951813684 -0.0522645997354486 0.0605302455063823 -0.0147359569756279
-0.0639666309596817 -0.055143932431885 0.0592455358163068 -0.0425914268162971
-0.0584703320636078 -0.112152646172081 -0.116628742764467 -0.0119840624272354
-0.0698353670429852 -0.140772694246979 -0.0810338768910533 -0.0190180212528889
-0.0226906756302572 -0.101386178883923 -0.0770759534038533 -0.0108767117974569
0.0202762323824689 -0.0249638037963974 -0.0495850067222599 -0.0376417255375812
0.0189533635548381 0.064015201447777 0.037152173306161 -0.075672789770208
-0.0104731380449785 0.09347607613494 0.0132340332182192 -0.0256892929645774
-0.0168594395725982 0.0621710442455857 -0.0470399185868887 -0.0177928238480913
-0.00959002825742901 0.0488908119395486 0.0106097130997618 0.003198155334107
-0.00261555049997452 0.0724740363385897 0.0431153540693803 0.00706924697730678
0.0179888333082123 0.0892639770886572 -0.0240680420628776 0.018911911891685
0.0339991130393405 0.0482774963778273 -0.00214774973946979 0.060450824186432
0.0058456209103524 -0.0346721573648168 0.0724230021738222 0.00737667078913507
-0.0438533435442241 -0.0915471923808133 0.0609100927872599 -0.0188560753815849
-0.0785271903541182 -0.111378299996605 0.0964095946607273 0.0202016616956602
-0.0554020803669574 -0.0951043698712628 0.0948559882825555 -0.0180333060856243
-0.0644620715462534 -0.0726847001650921 -0.0840502302176023 0.0241513413014037
-0.0935268946454245 -0.0996276283952303 -0.0512023719808113 0.0322215893877723
-0.0499879965202778 -0.0505458785497441 -0.0410876248353786 0.0496929344057305
-0.00915020527447808 -0.0137857834031541 -0.036763633708936 0.0198427984617561
0.0174233020369611 0.0304666224635957 0.0303667147601027 -0.0357598474923722
0.0291902964113999 0.0581494492182503 -0.000684212721383155 -0.000588199075403319
0.0158970052469448 0.0499874061002774 -0.0494546999460244 0.00379943766577939
-0.0107836963224678 0.0430498012836288 0.00490774399061996 0.0234389300686436
-0.0337828898949349 0.0747122536309843 0.0296370238293035 0.0354643821564171
-0.00642323545323172 0.120505139001138 -0.0402427710880476 0.059572985502786
0.049332151299922 0.0740304651030194 -0.0167552209017646 0.130026596793028
0.0442444874463327 -0.0573163535417957 0.0798870347730838 0.0993389698149925
-0.00750668656660957 -0.130089238480913 0.0848498015587041 0.0687584203779934
-0.0506019291953566 -0.152168200641309 0.129182219675589 0.079422314610321
-0.0378137053356544 -0.120788281893055 0.127934687623235 0.027235176506205
-0.0554727803545693 -0.0292439908300174 -0.0484039817481078 0.0366579398893757
-0.0874597746731611 -0.0490644951488371 -0.0239592103453004 0.0439020832695717
-0.054703051480486 0.00463574430282421 0.000268543889920071 0.0604093772089513
-0.0271057420418282 0.00749540412468185 -0.00755245919497071 0.0320746999964058
0.00641056153626418 -0.00479458285553854 0.0258953430765518 -0.0117800150712419
0.0535572503600435 0.017316689137205 -0.0100065558390273 0.0132962622700721
0.0345742141202049 0.0328482839628629 -0.0364373021086088 0.0192726498893839
-0.00940489621409062 0.0312731596173627 -0.00348141144887568 0.0404453245487834
-0.0508962997306937 0.0646573555531063 0.000703980235851541 0.0653888210040145
-0.0216539888231636 0.132410183386118 -0.068459402465718 0.119393074689826
0.0746340433395072 0.0891043055628021 -0.0586955137453605 0.237819413837704
0.0929690609288812 -0.0795289975653628 0.054732340115235 0.249743863794695
0.0370528917068485 -0.153898070710857 0.102448435593682 0.205433036639033
-0.0215911886108746 -0.163761906954369 0.155612196553882 0.162709619321924
-0.0188004258485998 -0.11816191710066 0.151442896067524 0.0821726747071362
-0.0318290386199138 -0.00168638509022759 -0.0202883809454397 0.0315207427014141
-0.0523483158270454 -0.0168017525465611 -0.0149751964062055 0.0230433870064054
-0.0343437406414224 0.0319722778950542 0.00628354718053226 0.0286496601145397
-0.0217570315346199 0.0240891661505842 0.0110759881911348 0.0127989444351207
-0.0095972565234319 -0.0200630973746707 0.0149303479560515 0.0131508178953232
0.045358277891201 -0.00960448834011578 -0.0176125023160328 0.0210404701825845
0.0284091884014891 0.0144152769209074 -0.0185891999473744 0.0278463305742527
-0.00631040908440093 0.0152144170006678 -0.0104945583020972 0.0516122540582117
-0.0412101582193986 0.0413261870726566 -0.0338688862064293 0.0881260952369783
-0.0164343725785362 0.104399022736265 -0.0993456131038408 0.178778358782718
0.0837974214193043 0.0709308107654764 -0.110908441359533 0.349474828122656
0.105705708086076 -0.0813126980394 0.0153758838517246 0.434104793739227
0.0547310500844248 -0.129927032146146 0.132666150694751 0.370866884050011
-0.00824031290501959 -0.126227770720271 0.1775243723272 0.249217367359141
-0.0065882194101578 -0.0810253004842698 0.164915127398548 0.133423361671685
-0.0233776984400266 0.00189059506992669 -0.143020272871408 -0.168493624205458
0.00775793175104069 0.0128469817373426 -0.154263506609506 -0.294242771547358
-0.0277444581919089 0.00904372271020268 -0.124691433893326 -0.448351833726938
-0.0319560138402439 0.0141183246275825 0.0229810384192932 -0.517492774273186
-0.0360009705785746 -0.0161222861677728 0.13632029529903 -0.387773916292638
-0.00648885380279669 -0.0190411540167246 0.10278868164755 -0.210426832212079
0.00710797757928918 -0.00412050930685221 0.0430196470730197 -0.0979326801106463
0.00314233024407019 0.009996710576536 0.0101663110867742 -0.0563635595673525
-0.000959438551416111 0.00922997573077388 0.00079023132690489 -0.034427034548878
-0.005392107494145 0.00204547494534036 0.0109604497419129 -0.0258092224509047
0.000802256996215179 0.00998534456320433 -0.00999170613357436 -0.0269429440745681
-0.00805906736583723 0.00869407694262834 -0.00461101451336841 -0.00589785223683429
0.00143951192473741 -0.00197122184011183 0.0120319432586319 -0.00647889179700416
6.61160620447736E-05 0.017885083355465 0.0252565311385949 -0.00709855132631594
-0.00459695697764243 -0.0014908657847512 0.00408369401180522 -0.0301211904053961
-0.0269281192918954 -0.0676660409228561 -0.149154092715135 -0.16134777324034
0.0159663935359913 -0.0884001892986993 -0.144613635569313 -0.275799305495519
0.0280951938767025 -0.103256732345355 -0.111810815033378 -0.411126373245466
0.0706290052936841 -0.0420117711467244 0.0295232107723001 -0.468638151149225
0.0254822441068426 0.0583230064678191 0.129041351981047 -0.354112962980461
-0.0409515950111529 0.074002593117099 0.088091122729409 -0.190065448923849
-0.0307955357360019 0.0358893238002075 0.0318277084147523 -0.0915486722251804
0.001132749533921 0.0311898605631064 0.012853644147431 -0.0516752946953013
0.0296059293237233 0.0253351915480227 0.00421686347442543 -0.0349713680702831
0.0279980914152065 -0.011308827332069 0.00104033397157739 -0.0237633726003853
-0.0113042244914407 0.00296616744676893 -0.01327612760361 -0.0154893513536021
-0.0308700718300968 0.0471365045587722 -0.00491591114086526 -0.0147571729051558
-0.0256684936960924 0.0340474689163613 0.00654569434710967 -0.0220954404495028
-0.0443866781371413 0.0313034921239775 0.027394267921995 -0.0115057383627287
-0.0344639503542473 7.39222420232965E-05 0.00853919220903353 -0.035831957687361
-0.0314495602666628 -0.114476373441609 -0.150115984176487 -0.120122601022433
0.00394766765606593 -0.148669654685453 -0.125334994007483 -0.195680148918533
0.043279485646404 -0.154549479561254 -0.0957077600201695 -0.265963848532876
0.102922333666089 -0.0547324736477285 0.00339520185695764 -0.304492819047746
0.0434987852576386 0.0965166249900027 0.0937639725264617 -0.254130773071313
-0.0570713838239254 0.12067192798385 0.0604454908835955 -0.131667011674012
-0.0504917723061557 0.059385571203933 0.00303756273330498 -0.0699281558298675
-0.0018016747924253 0.0445193863273407 0.0141426489233306 -0.0374797261676044
0.0414160459366376 0.0413519260005505 0.0201676935670136 -0.0286582867431988
0.0439237327064303 0.00696647868787673 -0.0112178346509941 -0.0178334298500379
6.20188877113695E-05 0.00584946092151893 -0.0134231407751599 0.0065118611500906
-0.0371264236074261 0.0314623802218006 0.00524540225633465 -0.0362553233011584
-0.0531260532770305 0.0142778976261044 -0.00256278228551437 -0.0534992444889256
-0.0789219894882892 0.00743831936535832 0.0344849965441742 -0.0223865719348534
-0.055626457973692 -0.0165620459440796 0.0284387526117796 -0.0460967951965475
-0.0453637313347959 -0.128624477925089 -0.139176888414554 -0.0623320351959324
-0.0321682292588605 -0.158699444952302 -0.105466102971962 -0.0983332277241965
0.0128295932558205 -0.140526090315946 -0.0903729417304828 -0.11418987486956
0.0647738990660817 -0.0404688096041858 -0.0348400755767073 -0.142072155024491
0.0299400524448723 0.089180746152848 0.0557283962513852 -0.146832253441396
-0.042997505436718 0.117495936282301 0.0332376997773785 -0.0690103285189381
-0.0416015378252108 0.0662554564431612 -0.0275882460332455 -0.0429321214283594
-0.00368265945802202 0.0504449822948364 0.0137025878264259 -0.0182464629819635
0.0296434982347097 0.0580239486050955 0.036922019231199 -0.0156695610312367
0.0388790560700374 0.0464478552455578 -0.0177605919843226 -0.00465141295169909
0.0221642423480262 0.0210167846889168 -0.00701359104655262 0.0251725014764207
-0.0211854794495129 -0.00810644571799065 0.0371982778699822 -0.0381375953801628
-0.0611725273003287 -0.041573235679135 0.0218631376268394 -0.0593109474254548
-0.0911084434465141 -0.0508827041559901 0.0608879671652885 -0.0166765775389697
-0.062538289459415 -0.0540246967647295 0.058315269560507 -0.0426822925120397
-0.0584592381440289 -0.11049973334726 -0.116206185269845 -0.0107404310587778
-0.0704211684312582 -0.137576256967096 -0.0816799549317607 -0.017977007788628
-0.0246708303831224 -0.0990947912349456 -0.077046331141781 -0.00827786531192408
0.0197585627336949 -0.0254065697382696 -0.0502597272752262 -0.0348641742607024
0.0210807017861044 0.0621320430938322 0.0338233011038116 -0.0742071088406692
-0.00721555349893505 0.0917708301711523 0.0126424871727887 -0.0254540862518528
-0.0134595213825192 0.0619256966729873 -0.0469079689521174 -0.0159201657071921
-0.00692738414372828 0.0495367359399649 0.0103617222935132 0.00129696666841164
0.00132059210462045 0.0716191255743392 0.0417963766492559 0.0060761870904284
0.0211291988312164 0.0866737778012451 -0.0238729837688064 0.0190778587585373
0.0346318132174598 0.0464829074306664 -0.000366867724118857 0.0588889320902447
0.00467245216537849 -0.0355342211153029 0.0720344117251804 0.00377036320697006
-0.0453894890904885 -0.089614408574108 0.0594977345463951 -0.0197811759378047
-0.0789906932159082 -0.109154232140786 0.0966446802786266 0.0184380457647986
-0.0558267281195148 -0.09307017157128 0.0939848308429704 -0.0199704602107059
-0.0646716971130815 -0.0713312757457463 -0.0833143121894016 0.0246504514799031
-0.0933635589267148 -0.0974851622427002 -0.0518760816485642 0.0320915883676137
-0.0499981876986061 -0.0492912859005257 -0.0400613030009008 0.0508171299676009
-0.00916986576130094 -0.013420921284991 -0.0355183012455882 0.0225685167084928
0.0177289639152733 0.0292137125582926 0.0297570877510867 -0.0358263220295663
0.0309751772951592 0.0562148401130988 0.000985986211996221 -0.000405688356818123
0.0190860901921125 0.0500419280460488 -0.0479889377223597 0.00529318331024731
-0.00729113551271573 0.0430578806619209 0.00551164091291352 0.0229369584029639
-0.029893458798932 0.075100978549648 0.0309500472416564 0.0349562152781895
-0.00113064647986437 0.11866927633867 -0.0379331802148888 0.0595160286851956
0.0500390964711765 0.0707983155358081 -0.0124560789326021 0.127252578518445
0.0432270333373724 -0.0582465916591756 0.0813658836552315 0.0953123171721726
-0.00986842325256542 -0.128498668413155 0.0846860220354709 0.0656637600886589
-0.0524355172941689 -0.14981085986405 0.129486999196719 0.0771946558387911
-0.0389915916209753 -0.118433920589064 0.126645627593119 0.0245546230625544
-0.0558998957509025 -0.0287819618563718 -0.0483117250524226 0.0370809057787508
-0.087418916609302 -0.0468895679135883 -0.024169674403811 0.0433038415320673
-0.0553847418141216 0.00581765555552667 0.00118679563730588 0.0601618985025464
-0.0265461101027563 0.00781419657592466 -0.00645372681044288 0.033468583580551
0.00555762398037057 -0.00455917461484003 0.0254698838059701 -0.0126939620902412
0.0531845037636065 0.0154156307345547 -0.00828986743518627 0.0129074614257174
0.0355180747549743 0.0324564563379456 -0.0342574337526553 0.02040672165977
-0.00773810620566459 0.0313613670779039 -0.00108781702807522 0.0397288401702271
-0.0471232447538241 0.0660599605549189 0.00348053633929284 0.0652128970093033
-0.0158040485588592 0.131890776824609 -0.0625102999711258 0.119489513287247
0.0771743507549221 0.0843406269628668 -0.0503008250525647 0.23420819251988
0.0902982377574712 -0.0813646627086608 0.0596528808895908 0.2425544190127
0.0338150551022864 -0.152221399489852 0.105180018100936 0.199394662184702
-0.0233841285206954 -0.161292300043722 0.156510266099214 0.156836176044021
-0.0195266218254083 -0.115877480790381 0.149745342108403 0.078630029052834
-0.0323131038932197 -0.00115444466245272 -0.0209932102537642 0.0314186183090887
-0.0529556623309831 -0.0160111163580769 -0.0150826544069776 0.0238520244064479
-0.0337520853605203 0.0321715827093484 0.00677913749721013 0.0280855183135669
-0.0205652347805151 0.0239856070316109 0.0111342574792679 0.0122791547931691
-0.0101393145671087 -0.0191248176339748 0.0160898971625259 0.0123599088235974
0.0445441160512539 -0.0110816253837059 -0.0158268888297306 0.0205310208817086
0.0294070496714929 0.012919790069186 -0.0170297608606747 0.0274332105669042
-0.00536271090854067 0.0155350030867343 -0.0076106069737251 0.0520081107953706
-0.0389068252835466 0.0415919942615952 -0.0291617557333955 0.0901149073920752
-0.0118856967076285 0.102823565412281 -0.0899896510370564 0.178608924918128
0.0855458268800263 0.0666910113821309 -0.0982714835966072 0.34408514389545
0.102626435889153 -0.0828990464714002 0.02620815023962 0.42324376600667
0.0525816208806527 -0.12974926504338 0.135519311698768 0.35993123611923
-0.00956519971266311 -0.124831621313477 0.178961726765021 0.242758437625192
-0.00706220389073319 -0.0792748036749857 0.164210661719968 0.127276725906657
-0.0238297717185151 -3.05567423686337E-05 -0.141426363295579 -0.165242951160076
0.00630823618425974 0.0111712555789311 -0.150500826411106 -0.288213678942823
-0.0280439624252068 0.0082514783040948 -0.123343541136655 -0.439722952795624
-0.0314000574414285 0.0131742982263657 0.0181377066937378 -0.505814850259315
-0.0338830373721646 -0.0174311232355974 0.128385197747285 -0.379598688770026
-0.00466150068623388 -0.0190252403347715 0.0966784463145751 -0.208295954163634
0.00715077508905057 -0.00357956773259112 0.040779553249213 -0.0984374756539334
0.00323443425770478 0.00932053682670684 0.00888346321999467 -0.0569489397291619
-0.000632634050030274 0.00901167738433744 -0.000180382706817254 -0.0341550315409094
-0.00536471292309802 0.00238878656955003 0.0101818560674097 -0.023704986861522
0.000289848436623712 0.0099547437743433 -0.00923454094813889 -0.0273985132843756
-0.00743967382352326 0.00845557870461449 -0.00570378045972592 -0.00665254339452116
0.001177553778512 -0.00241262874963732 0.0112940540581445 -0.00704210903358553
-0.0003441123966735 0.0171131002122977 0.0260772455103041 -0.00756346825105281
-0.00487213519621631 -0.000892278532622464 0.00544349564479123 -0.0304234746090875
-0.0262923023503534 -0.0673587915865975 -0.146435514989564 -0.157670574594805
0.0162589900617545 -0.0887751846106878 -0.14165450613988 -0.270575932228696
0.0275728774201355 -0.102883908472619 -0.110634122843905 -0.402016120541452
0.0704865846267682 -0.0428934365928305 0.0258985449746253 -0.458948853160003
0.0266644833808155 0.0551997640175899 0.121261806168612 -0.348195862759319
-0.038599492336941 0.0728916424204831 0.0827138348361946 -0.188405464967924
-0.0299763864386682 0.0352751827377802 0.0292393126688209 -0.0918868304963944
0.0017626430310256 0.0311840618632871 0.0111673285115385 -0.051540204146193
0.0287254692879146 0.0245558018434364 0.00314412083837047 -0.0346770164503158
0.0266350547470842 -0.0102506011043389 0.000278925807449849 -0.0229545531457403
-0.0126745572496569 0.00389431016882355 -0.0124693883299075 -0.0154948592740176
-0.0309917820633187 0.046864714778308 -0.00526954657201838 -0.0159908590918666
-0.0258156163193976 0.0341326079728824 0.00661156815843408 -0.0223286224699215
-0.0448070806768633 0.0306494235224189 0.0282489005361146 -0.0123599249574692
-0.0329586659437908 -0.0009609537678424 0.0095348100988995 -0.0363382925918668
-0.0310897370840923 -0.113903328449084 -0.147255822290331 -0.117212956192761
0.00454545994275131 -0.1474867086581 -0.124297880805313 -0.190839141783372
0.0432567316871858 -0.152663943580158 -0.0953803876666724 -0.259703089149555
0.102632158274946 -0.0556867258715672 -0.000321662120329184 -0.296942710872543
0.0455901124524279 0.0926701118851467 0.0889569426953581 -0.249365169941686
-0.0538925875554126 0.118898904362551 0.0573771633680994 -0.131014762257895
-0.048287847224349 0.0588533888547929 0.000775641428634979 -0.0705798091736767
-0.000622289716535038 0.044314881152116 0.0130017221230226 -0.0375928515573145
0.0414013220379034 0.040459122331952 0.0192754527740288 -0.0287978211624762
0.0420327922530346 0.00752552434864144 -0.0121623642986504 -0.0173937762263527
-0.000716038956426197 0.00627185725366189 -0.014556422200461 0.00624891811996538
-0.0366640499306399 0.0309664205172516 0.00407222902678261 -0.0364617435792166
-0.0534019931937617 0.013399477594342 -0.00189758457515668 -0.0529438085597953
-0.0779955785852081 0.00581753241436172 0.0363453302992451 -0.0233011281340423
-0.054509123785555 -0.0180344133197198 0.0294161725271278 -0.044873260786322
-0.0433597285510617 -0.12702623256971 -0.137626933092225 -0.0604412241479365
-0.0306459933582259 -0.157537060009433 -0.104056752537228 -0.0955133026510604
0.0140791937820776 -0.138850324416905 -0.0889024694661316 -0.111930404868243
0.0644137975762371 -0.0409252831227801 -0.036368780021428 -0.138216226198244
0.030944714705089 0.0863801122066807 0.0540394549459673 -0.143973399463895
-0.0395315727248452 0.115493722486545 0.031376987317414 -0.0686425095947703
-0.0396694242664786 0.0660491902642572 -0.0286030165200758 -0.042355590853629
-0.00267492853564817 0.0496687283054907 0.0128008839730512 -0.0184799016029572
0.0306457665923147 0.0572823696767673 0.0354738496426483 -0.0160947970838671
0.0381372938764102 0.0454727790721852 -0.0189981711031088 -0.00475745080908364
0.0205253555485014 0.0209688701930978 -0.00679753295713821 0.0248979726030718
-0.0208534144286155 -0.00894880230922407 0.0371397947087496 -0.0379131571207998
-0.0609733751684193 -0.0412599804967932 0.0225694843296403 -0.0592395662905485
-0.0902303250802862 -0.0513222897870685 0.0621185097016872 -0.0152262218775434
-0.0610932550391427 -0.0537652446383139 0.0594843447151756 -0.0418978719420562
-0.0566252385227812 -0.109375945407278 -0.115222314441808 -0.00949429867928605
-0.069108635760325 -0.136944005214868 -0.0799483441083482 -0.017455218912053
-0.0230562256091157 -0.098650595516881 -0.0748534702939963 -0.00851468741039088
0.0206443163156345 -0.0266178447525916 -0.0498710887876077 -0.0325412000550372
0.0207831357381521 0.0600517620640226 0.0334216929515657 -0.0724208026849451
-0.00597132586905034 0.0908455152465749 0.0124264938516947 -0.0252395246033686
-0.0110908287847769 0.0613027312378358 -0.046348730807347 -0.0159099764789716
-0.00485656828840782 0.0495345909992805 0.0102619858223735 0.00244217242554994
0.0026779952507477 0.0706754165857031 0.0406915731082252 0.00560985223094762
0.0208610382675227 0.0848564369564375 -0.0239506232960738 0.0178782983471542
0.0350205103788439 0.0442029212380631 -0.00055186084970754 0.0566300501368774
0.00525727726735097 -0.0361981585848849 0.0702738651870857 0.00304129539620507
-0.0438910782220143 -0.0896176160332561 0.0594257468782427 -0.018999880618449
-0.0767053743900193 -0.109053117560389 0.0968560325476352 0.0196520088343465
-0.0529405932043095 -0.0934588548011081 0.0937229068550039 -0.0176118671735888
-0.0635688236107394 -0.0710493433922745 -0.0831328945380679 0.0248803543393342
-0.0924786828566319 -0.0974660555339986 -0.0515145349549724 0.0319441758575007
-0.0492973634131379 -0.0485857827157085 -0.0385746081328034 0.0504808607008252
-0.00892618091616743 -0.0145819310171709 -0.0352252844602678 0.0234140584064586
0.0175947358636739 0.0287455761153545 0.0283825455416977 -0.0341993255647443
0.0304353063964998 0.0553047529322662 0.00150380280753447 -0.00115299063135219
0.0196999030141276 0.0484943141310672 -0.0462856403868133 0.00606912701306556
-0.00646476704457808 0.0425328434544047 0.00566678217453644 0.0224442119943457
-0.0273605311730156 0.0755927978128267 0.0310658113901881 0.0334350470874394
0.000124925541912956 0.116470429966985 -0.0374266854560228 0.057480792933769
0.0503035713587351 0.0690189162876365 -0.0115140705999898 0.124298836765733
0.0426908408082547 -0.0585132086797942 0.0797014996724503 0.0921503997017261
-0.00801429921719202 -0.12710252801645 0.0837252987392774 0.0668049141480331
-0.0489268367787645 -0.149642401474844 0.127459117992342 0.0790340370308701
-0.0356053919365807 -0.117970314342698 0.124432892909916 0.0264674278515094
-0.0550432188809126 -0.0287849769058564 -0.047686886552662 0.0374687358302327
-0.0868392624763752 -0.0469382062904551 -0.024871053406434 0.0432868588175912
-0.0541635025546954 0.00572348962325245 0.00171835518320605 0.0593941687902161
-0.0261289326008565 0.00809445590280695 -0.00617711929340299 0.0338020263837989
0.00478857024956523 -0.00380998742641162 0.0250176305023255 -0.0128475276273245
0.0520194623445892 0.0152124515431107 -0.00754854034221349 0.0129455075595228
0.035754757498221 0.0313358327124078 -0.033034089024265 0.0199799104076848
-0.00644457432337046 0.0313608324243027 -0.000112965961718312 0.0399334428151474
-0.0451338624130362 0.0666263888212319 0.00586048264221186 0.0646789328760573
-0.0138596037134304 0.130107671595061 -0.0604390746086649 0.117111521178847
0.0776554997365512 0.0827406524351824 -0.0486233118086492 0.229384614519169
0.0911970705715616 -0.0803474534796602 0.0579471230973 0.237843438302039
0.035990086664344 -0.149968460843089 0.103887277712339 0.198285988999889
-0.0210658592292711 -0.160539677637649 0.153675602545296 0.157199590858282
-0.0163663205145863 -0.115184077735036 0.146024831290196 0.080404766782345
-0.0317169206825959 -0.00100837349950387 -0.0211896903133628 0.0313932040395113
-0.053302126189818 -0.0160700834046933 -0.0155913026805213 0.0233135939611881
-0.0335058123116548 0.033022997967581 0.00609219685714231 0.0280443038957811
-0.0200993702001247 0.0247359078743578 0.0114518510241129 0.01318812514656
-0.0112207213802939 -0.0182881655487464 0.0159374657270337 0.0120938081973435
0.0429033638203134 -0.0108025342875765 -0.0157081356440131 0.0197400580742022
0.02930366970842 0.0129840076096867 -0.0148418558561664 0.0269293322429172
-0.00455409498064064 0.0149311845896587 -0.00609835871038105 0.0516946981797365
-0.0373083279340796 0.0419619296441382 -0.0266076239012771 0.09083575319116
-0.010715258986931 0.10209290936907 -0.0868121686506717 0.175964792108277
0.0860729439727707 0.0655732087144308 -0.0932624469507464 0.338969650782296
0.10456155303128 -0.0818180226073582 0.0241758254146406 0.416442321832257
0.0559409949814016 -0.127749662742115 0.131826559593726 0.356119010680019
-0.00683866380871241 -0.123343991116498 0.173626890494127 0.240426948460926
-0.0036445234416319 -0.0783600636695052 0.159012744733072 0.128298602380289
-0.0237351996865376 0.000571769902939702 -0.138373481662218 -0.161997942566981
0.00698137322946189 0.0113746562609515 -0.150269339619594 -0.281323076745162
-0.0283370976101873 0.00826972868268353 -0.125885823869677 -0.4290313881531
-0.0313346124802033 0.0130880102994337 0.0100039224540332 -0.494891469541234
-0.0345360055746215 -0.0161976976517853 0.118192725250472 -0.373541104720072
-0.00532739759078336 -0.0182577925700147 0.0886301414164571 -0.207219700647589
0.00697366141214345 -0.00356399049414353 0.0370638218830664 -0.0995248298149728
0.00358433297293781 0.00944423871542132 0.00607225463047344 -0.0573351694484996
-0.0010170306610418 0.00895956208134203 -0.00206314540711677 -0.0329843838268516
-0.00550961705506647 0.00211274615572418 0.0093144042265964 -0.0223632298063446
0.000825465075941855 0.0098986653733542 -0.0100329162938495 -0.0266117114605504
-0.00792486542082994 0.00816293767293061 -0.00623029191455938 -0.0075992122369189
0.00183838480207196 -0.00160048454829154 0.0120544790970118 -0.00634870838394379
0.00045086751177223 0.0166742601532305 0.0256984652194758 -0.00969689664360895
-0.00415252137789414 -0.00132073456355289 0.00598987778681177 -0.0302246826743269
-0.0257477077173107 -0.0664732648595262 -0.144955226410653 -0.154626245988389
0.0161189688243845 -0.0870041758287772 -0.139979830330489 -0.265011550672798
0.0260374997547139 -0.101742533231036 -0.113902258875063 -0.393401365817878
0.0699159612188115 -0.042556054069773 0.0213551273328355 -0.448398035706121
0.0284892323072895 0.0536424249102697 0.110699471485231 -0.341236363245444
-0.0345625819467616 0.0720356631668732 0.0752489134676927 -0.186273211570442
-0.0280533004469137 0.0359448498856691 0.0257935263912836 -0.0922898248431302
0.0034911154299856 0.0312704375585263 0.00913698715563506 -0.0520430751298296
0.0296158497208027 0.0236689734311731 0.000676125460070149 -0.034402288969514
0.0258196866629644 -0.0106378154022285 -0.000690506625316055 -0.0219963454101875
-0.0122159641636042 0.00439222475771131 -0.0128964539118006 -0.0149442092988792
-0.029857687489266 0.0471342410308721 -0.00604785604046643 -0.0166245095090651
-0.0254583901617799 0.0342108074015517 0.00696862133038106 -0.0221097708261719
-0.0435023684952432 0.0301815871767824 0.0284992621255065 -0.0138760433421033
-0.0322314004574338 -0.000631987298765807 0.0100034043602201 -0.0363283139505011
-0.0307649430723263 -0.112294808561962 -0.145855148631119 -0.114284915840633
0.0039804895754016 -0.145671064010553 -0.123271848453525 -0.187524205216131
0.0426586532580238 -0.151485892882186 -0.0958861395129353 -0.253161140387807
0.10128093855074 -0.0559380731784186 -0.00492042363891199 -0.290253166046449
0.0474028978660639 0.0903137102465746 0.0809522287868453 -0.245814921045582
-0.0487852024842899 0.117883433292101 0.0519692941730008 -0.130045935407989
-0.0454756827032584 0.0600621224896289 -0.00162808805704719 -0.0709123420373132
0.00165935316802982 0.0441478731931171 0.0110480462310198 -0.0379347619817145
0.0425064685612917 0.0396197871769754 0.0168279970607578 -0.0284195795712794
0.0417011784575958 0.00635292131696164 -0.0125379604540103 -0.0155792030509127
-0.000120170229943094 0.00633370663539908 -0.014236676824963 0.00654823529344432
-0.0362590660992177 0.0308846914655173 0.00273289405551874 -0.036401609139437
-0.0528087984106663 0.0142682908054175 -0.00247532631164822 -0.05186098722261
-0.0762921424985849 0.00629150766329353 0.0360310822445984 -0.0237241823391142
-0.0527565232410268 -0.0172729052598028 0.0285411889095722 -0.0451053279138439
-0.0423979518776564 -0.12595623018207 -0.136073393496113 -0.0591839470446343
-0.0304826269404908 -0.155365663658109 -0.103416606269158 -0.0936180862171737
0.0131554527476507 -0.136693610137297 -0.0888466256605798 -0.108709487761321
0.0636636799311273 -0.0421939294827188 -0.0376739244962283 -0.133339894161837
0.0328498940517147 0.0841984253748307 0.0496502368961302 -0.141006895105921
-0.0347079080442707 0.11481630393226 0.0288156443646987 -0.0674037842948692
-0.0365350103648194 0.0656351444488832 -0.0295658497742237 -0.0417226483042527
-0.00021213068641514 0.0501939817552946 0.0117318126753961 -0.0189868134816428
0.0322040458464561 0.0557442856140741 0.0331461951425403 -0.0166630207762191
0.0384382048484261 0.0442102421817763 -0.0191425684969472 -0.00510604990828554
0.021035811423644 0.0200965109537694 -0.00653517151746876 0.0234762281560648
-0.0201429407964082 -0.00927803779879911 0.0359163614541058 -0.0388952832791695
-0.0607428216162483 -0.0405236089170354 0.0223645665104841 -0.0579796259062094
-0.0887032143931025 -0.0505952008719317 0.0622092407419829 -0.0158795811756429
-0.0599827716956775 -0.0536074530669157 0.0588949132914816 -0.0418069157371381
-0.0562715558030581 -0.107588508674734 -0.113597506834871 -0.00837934683595529
-0.0687664189961743 -0.135041106327699 -0.0808422028332226 -0.0176099304062638
-0.0229547697570735 -0.0976303661698068 -0.0747222991851039 -0.0073483463070315
0.0196222519480963 -0.0266405264753034 -0.0507067976676219 -0.0290340556291952
0.0227390313735319 0.0589304106627964 0.0319346139567082 -0.0707297695247253
-0.00291548167969236 0.088853540491232 0.0113555300718082 -0.0244731976586301
-0.00850288755549325 0.0613794272564479 -0.0459365828668351 -0.0142970976453812
-0.00316598784771589 0.0492481597826023 0.0100089272724157 0.00220041337430702
0.00567794347121885 0.0705784939843521 0.040485958716617 0.00462425227425445
0.0227719171594507 0.0832954469184471 -0.0241044662360886 0.0168356912130988
0.0348565956312804 0.0430297772365468 0.0004421067658715 0.0547741817285765
0.00469971139822996 -0.0356801478086439 0.0692848553859654 0.00117097559434053
-0.0441540365511738 -0.0887060166072594 0.0580216349025603 -0.019377652115239
-0.0762473040216526 -0.107729236195818 0.0967182586126674 0.0187819643566016
-0.0521733030017341 -0.0917449937924069 0.0923003020782251 -0.0177095450790864
-0.0625338636229478 -0.0701495885160647 -0.0815875309280517 0.0251565079082452
-0.0919488907271548 -0.0960266197021354 -0.0523043431020744 0.0308805583677769
-0.0490310882385983 -0.0480657710962434 -0.0372702178653855 0.0503660903044245
-0.00851046767285469 -0.01492091640593 -0.0348078175770063 0.024696604326132
0.0173466905060911 0.0271023050998489 0.0277177477078691 -0.0343515516097897
0.0315701243593202 0.0540733506124215 0.00179485387687271 -0.000638937952779143
0.0210627227556025 0.0486072048150308 -0.0451627456607331 0.0071596187828304
-0.00397208545203342 0.0428068109389683 0.00628654155894536 0.0225050071865161
-0.0249892685726179 0.0748229052405044 0.0314871262824928 0.0325661593727633
0.0034326869499225 0.114559289185877 -0.0352292263582446 0.0572378457559332
0.0509708586593819 0.0662126051278872 -0.00840820105585329 0.121695016127261
0.0413454427032967 -0.0589845734345264 0.0800184110876948 0.08837540949624
-0.00907246563358663 -0.125905433896024 0.0827242341839706 0.0643502649960003
-0.0481618978428599 -0.147541207307131 0.126820463450257 0.0768419201548416
-0.0344786600254861 -0.116320329464345 0.1223936805023 0.0251987830251524
-0.0542203294878334 -0.0274951241437074 -0.0487504227842398 0.0372381224866078
-0.086357065535548 -0.0466229659372225 -0.0250207381008048 0.0433779512918393
-0.0539420896338243 0.00578296658265996 0.00184898753544785 0.0589532663075289
-0.0257206269149437 0.00760758148438299 -0.00562259567564241 0.034892589490958
0.00384074571464456 -0.00433938305881734 0.024222309770219 -0.0128375987889338
0.0525960004324775 0.0132124905797853 -0.0066893883703538 0.0123414279063027
0.0375704495354841 0.0299892046836285 -0.0316646017211339 0.0206466468806433
-0.00451052683120008 0.0313820939724096 0.00127569089313245 0.0395533494989804
-0.0417696336461479 0.0665488995675246 0.00706775637018144 0.0647794922519122
-0.00999132816797278 0.127433180766213 -0.0566854421881035 0.116357738412625
0.0788282387501848 0.079881775907998 -0.0425878151450747 0.225383923200804
0.0900762463737184 -0.0816405037000848 0.0600618471566529 0.23195524581585
0.0348839018056509 -0.147505077634154 0.102513705054883 0.192602275804032
-0.0202241031539096 -0.157838699884541 0.152291633043794 0.154225748158747
-0.0162696199512 -0.113101518811283 0.143666392817389 0.0783644555501055
-0.0312549527833511 -0.000698410774155345 -0.0211648329945035 0.0316766480849109
-0.0521925362303566 -0.0156084675335841 -0.0160976901437327 0.024637415404699
-0.0336803766764438 0.0319240588242669 0.00596550420997548 0.027975412626819
-0.0191139729618938 0.0247115720333206 0.0107364768327283 0.0138212170198234
-0.0118111552335797 -0.0168377433270896 0.0156790342686069 0.0112460872621818
0.0419811591342422 -0.0114708576723341 -0.0146588303513937 0.0188696488702145
0.0296551331632188 0.01177048681232 -0.0139215880705563 0.026348211994126
-0.00358338647784347 0.0149492795350492 -0.00382792356927275 0.0524845709376024
-0.0358687701935941 0.042482969173046 -0.0215129542244137 0.0909799229414574
-0.00759027064352671 0.0997264441056625 -0.0792887638089609 0.176331550543552
0.0870394699453897 0.0626320590930413 -0.0849807077732322 0.331642176829039
0.102044944311246 -0.0822525640912093 0.030583333801327 0.406930388910502
0.0542571540344854 -0.126335046291572 0.131652010702681 0.346113235029339
-0.00673304586118921 -0.121966947922449 0.171510071127408 0.235622804940195
-0.00364551095621458 -0.0769071220314905 0.155660044973155 0.12578620698202
-0.0239406535690272 0.000584711657756132 -0.135460262749822 -0.160987176691163
0.00642488172061357 0.0114671956593362 -0.14615513616172 -0.279857372516563
-0.0286550446876439 0.00835583170387781 -0.123459896531301 -0.42210878667116
-0.0310929318072572 0.0128538935146247 0.00884968982952513 -0.484909162182806
-0.0344568034564472 -0.0156691605926368 0.111179625483048 -0.367210968122174
-0.00499657528091836 -0.0178121528632486 0.0817317789351761 -0.206495271905041
0.00644969257423943 -0.00374575312436347 0.0334777690060618 -0.100775397247348
0.00338046901146513 0.0093864921161543 0.00468103115978039 -0.0576949955744384
-0.00103376229333241 0.00874959444005001 -0.00429162528438781 -0.0334624959596607
-0.00626921265527596 0.0022349869484482 0.00889943423320957 -0.0211055874853407
0.00128166940620892 0.00970906639988526 -0.00988825672708935 -0.0259849137119935
-0.00754600054530451 0.00724696250064831 -0.00657961643935241 -0.00746549673050127
0.00207020662018442 -0.00160888928297838 0.0116398650466843 -0.0070759861811104
0.000257228022208965 0.0174694629203548 0.02646970264115 -0.0105541947857347
-0.0045278402024179 -0.0017133857916062 0.00625809692433477 -0.0302152007645763
-0.0256209257226825 -0.0657890398767641 -0.142148341148651 -0.153033014238727
0.0162097661909479 -0.0856257194123134 -0.137943663311078 -0.261209423752742
0.0267691136209501 -0.101180970050661 -0.112064324874466 -0.38713007032812
0.0704344567493921 -0.0428608486796751 0.0168019011185983 -0.441113235426851
0.0296019266853698 0.0521845739387361 0.104718684221414 -0.335330830921506
-0.0330217944848703 0.0721159919198241 0.0702119223357659 -0.185959348820413
-0.0272501022890009 0.0365434430322917 0.0233443845283351 -0.0937366848972565
0.0040173365341324 0.0310598734776791 0.00706089416612102 -0.0523991388512458
0.0301186550961733 0.0229680302783401 -0.00145076709454385 -0.032809459980357
0.0250839427205836 -0.0103146615539853 -0.00138254647557762 -0.0202946647100358
-0.0128329565181795 0.00600957541691449 -0.0129601452015219 -0.0151123239769256
-0.0296593724520245 0.0470166808132154 -0.007159515116658 -0.0163797944501686
-0.0251737732115943 0.0338655628004013 0.00669079444246638 -0.0225390052432321
-0.0425066725325367 0.0302541893840395 0.0289989425262149 -0.0154526512187532
-0.032137106848424 -0.000841776054176313 0.0106521689094735 -0.0358449208746686
-0.0295524862323572 -0.111945083367921 -0.143969823273218 -0.113904718973002
0.00553821955722539 -0.144196189694053 -0.12221306137565 -0.185186626395157
0.041876925310991 -0.149200035309225 -0.0948653185459603 -0.24918273996329
0.101796185676755 -0.0566608537602437 -0.00630581237016507 -0.283812134518834
0.0493239894746936 0.0883723804308228 0.0772250829710389 -0.243043293870898
-0.0447383337877432 0.116694895143903 0.0483999246045814 -0.128909937079984
-0.0430005129856816 0.0607964663334266 -0.00331827011661076 -0.0706314312554116
0.00284831433169473 0.0444762948528473 0.00910229382158586 -0.0378656514421821
0.0423412916412848 0.0381792223800723 0.0151343250167838 -0.0282293388788985
0.040908641236556 0.00657277903057261 -0.0132172281047208 -0.0146368633722412
-0.000654672517639643 0.0063587895695374 -0.0147611346369273 0.00631971068845042
-0.0359124620061406 0.0309007342502875 0.00229299887680707 -0.0374621923416768
-0.0528155492126108 0.0141083899828972 -0.00178150153631214 -0.0519797665752768
-0.0759484190197659 0.00554211056680878 0.037072861635044 -0.0248423607994191
-0.0519179022489848 -0.0171342332628618 0.0293976936251419 -0.0444452490557842
-0.0416591843698063 -0.124903563955037 -0.134982446451912 -0.0598487424791221
-0.0297112960886984 -0.153852387503697 -0.103484592482744 -0.0936785420342925
0.0137115042732439 -0.136080223367953 -0.0878921689718657 -0.107119023982292
0.0633417136370838 -0.0422907806098343 -0.0387958494983039 -0.130955256449315
0.0345097352819399 0.0831817822056485 0.0465505663436554 -0.139761525585811
-0.0325959921477693 0.113884024981605 0.0272746731522079 -0.0665546543000864
-0.0341185517630349 0.0665341429274907 -0.030562560684835 -0.0420385597536493
0.00187591696639572 0.0507703246323901 0.0109435832798823 -0.01885344615665
0.0323682440714241 0.0554253709696202 0.0321744216777622 -0.0165165133764904
0.039075526416986 0.0436758839858813 -0.0193020703577634 -0.0042464085555768
0.0208054850329158 0.0199225244861519 -0.00674865410163933 0.0229309425729369
-0.0216379690225166 -0.00927808978488708 0.0343037489708285 -0.0397189236864061
-0.0599103713289714 -0.0406374804164282 0.0217652622536056 -0.0570413168069272
-0.0882390060545733 -0.050480852873582 0.0629197969767515 -0.0159523439048391
-0.0585181503897632 -0.0528260183196703 0.0591217429123193 -0.0418331758071053
-0.0552902407064492 -0.107367145138985 -0.113527735909283 -0.00922352303374627
-0.0677762206974918 -0.134248977605296 -0.0818317800177062 -0.0173404860217256
-0.0227711061433093 -0.096909258187526 -0.0736745777748086 -0.00636681909921375
0.0196971999578753 -0.0273421578825833 -0.0503285497813228 -0.0279836152782437
0.0235829140159629 0.0571916226747353 0.0299899782716876 -0.0696166943755263
-0.000892317040832328 0.0876096058548367 0.0115370262867572 -0.0243144576189861
-0.00673047978002962 0.0606453318223069 -0.0456556390749168 -0.014154517121638
-0.000199281136752732 0.0495664303742818 0.00974047042214447 0.0017161739102719
0.0073834303784386 0.0697756179819228 0.0392054520794544 0.0040966558711443
0.024035455673977 0.0815512890640155 -0.0240236989654657 0.0172109548902206
0.0350833801423505 0.0416889902137482 0.00138207965354688 0.0530390870826779
0.00518989451975662 -0.0355317922341814 0.068862243221954 -0.000158910798329034
-0.0431276482213484 -0.0879687551362096 0.0578872140759475 -0.0192238208818025
-0.074683944616658 -0.108081967313741 0.0964008657414927 0.0194729472851494
-0.0506651626662589 -0.0919220086349677 0.0920269516980651 -0.0175047304994587
-0.0608949671378551 -0.069834675065141 -0.0825720882419714 0.0258252603866685
-0.0910742074261308 -0.094762424626969 -0.0534279030825644 0.031622433010203
-0.0488248012165436 -0.0481994556995797 -0.0373483160160048 0.0509719561309412
-0.00874894349888118 -0.015268722817422 -0.0343464217223 0.0259162860650554
0.0170110312279178 0.0269515619567928 0.0276089452677618 -0.0330384830797684
0.0323549054408115 0.0525917515284858 0.00274128113461077 -0.000207452745344806
0.0227000987526086 0.0464419026560744 -0.0440433492337813 0.00731549655338907
-0.00207513247006272 0.0430696191609978 0.00624160479468656 0.0229782218834576
-0.0227671440279687 0.0745091840047707 0.0320970177110692 0.0328376362656137
0.00560753071272954 0.113664733867592 -0.0345037476886004 0.0565976314293667
0.0520497297296314 0.0648955393206936 -0.00627766290402355 0.118086358915951
0.0414698773471816 -0.058571393639363 0.0795517824450239 0.0860097976121429
-0.00877626628409629 -0.123754449827832 0.0825711793870485 0.0631070589287828
-0.048161896885289 -0.146671947277841 0.126113940001997 0.0773279988500662
-0.0329062650380547 -0.115775512014536 0.121574723154732 0.0257495836632865
-0.0529001574074239 -0.027664162668815 -0.0484859505015072 0.037237591221561
-0.0862435711713433 -0.0469840484855115 -0.0262860138820114 0.0435217631345764
-0.0534868226915471 0.00485069387618723 0.00241301818340636 0.0589121106785818
-0.0253804712961931 0.00733429552206756 -0.00486077309621918 0.0359733713433174
0.00337772561985137 -0.00402214098845406 0.0245723711941847 -0.012378363795705
0.0512510085199711 0.0122240371318319 -0.00466932003708172 0.0120498223251419
0.0386651726560068 0.0291775568762559 -0.0299768987782559 0.0208402004461119
-0.00259047779109752 0.0314203715600198 0.00260981361279857 0.0394231297196948
-0.0398044015551837 0.0671226272929368 0.00930472157749279 0.0645262779990866
-0.0074212721312804 0.125780469585299 -0.0534185174824798 0.115155576577317
0.0791873020065189 0.0774871710230471 -0.0378728516676833 0.220671253088361
0.0885662379783194 -0.0809612024070532 0.0616414026480915 0.22561821865179
0.0346085329873883 -0.14648226287172 0.100580236836461 0.188647622792189
-0.0194079696673499 -0.156788341898908 0.150912711265028 0.152594520964596
-0.0150177159447127 -0.112019152775011 0.14149448642448 0.0775400509022687
-0.0310409540580141 0.000175548393448643 -0.022799495276743 0.0324163683687456
-0.0521546995940164 -0.0146384906193038 -0.0170199852332607 0.0250981914971715
-0.0336439024968529 0.0320431177470267 0.00561416569364927 0.0281903447706744
-0.0188388493251465 0.0252982589865155 0.0108636175282898 0.0150753631806015
-0.0129171519120823 -0.0158721666852526 0.0155873996069047 0.0109312462186831
0.0411833454764117 -0.0117987868968559 -0.0137787316798732 0.0177842283603551
0.0296768784396511 0.0109614834024315 -0.0121781679157689 0.0256123794835368
-0.00305525866845201 0.0147250538202682 -0.00245506781027583 0.0518977591218975
-0.0343310819249658 0.042668164460086 -0.0194742671374571 0.091384014743199
-0.00532366385191213 0.0987522843565769 -0.0747759944672361 0.175026686437823
0.0871278627203178 0.0604888544374372 -0.0778248776542462 0.326327244825293
0.100805286033074 -0.0823773187464833 0.0321406381570185 0.398263275516975
0.0540876491764619 -0.124935916140894 0.129480723741248 0.34094011646151
-0.00638923117683347 -0.120569211314866 0.169119078254685 0.233020222085714
-0.00313583985143506 -0.0765223916355854 0.153399160980925 0.124995939412568
-0.02425397615667 0.000488901856916614 -0.134276321487193 -0.160999304486274
0.00639883852696727 0.0111141794450825 -0.143891807180513 -0.277051455708837
-0.0286306236910114 0.00742256675569327 -0.122499105447866 -0.419599677124829
-0.0307473597597459 0.0133773120621069 0.00933498600840021 -0.482552640554375
-0.0343550201743042 -0.0156712163910325 0.106332412688769 -0.364411274028242
-0.00464325578044885 -0.0172317903581764 0.0770866026540529 -0.20636750844629
0.00577906264082943 -0.00404335314946027 0.0316154083691474 -0.102272068756312
0.00367414238132456 0.0094533632452461 0.00255809828081638 -0.058075109104047
-0.0010503276086184 0.00867331481295443 -0.00661539246622983 -0.0328140616045876
-0.00627310748112312 0.00293007975652787 0.00849847344971896 -0.0197616611154767
0.000917630379850605 0.00927504838208842 -0.0100005582444265 -0.02622398517023
-0.0082323600884477 0.00787615275871728 -0.00722545608545286 -0.00764190214057781
0.0021559210884059 -0.00143806456167628 0.0117665271049111 -0.00740551787411064
0.000186665071632985 0.0174953477574823 0.0270344015999246 -0.0114850802373855
-0.00381103344037402 -0.00165684529650846 0.00700681660339034 -0.0302754142223313
-0.0244790093833487 -0.0654758882124293 -0.140031773932569 -0.154503442143652
0.0173389108928763 -0.0857772754206012 -0.134807774588554 -0.261456039680367
0.0272544220758333 -0.100905197095671 -0.110349663224859 -0.384033393355397
0.0700739741796154 -0.0433581650144051 0.0158840424715012 -0.437390476865025
0.0306808388975 0.051587665527088 0.100002349447519 -0.333569411381571
-0.0311671404671996 0.071660448754605 0.0654183108568032 -0.186609262847542
-0.0266296953496879 0.0369039289967652 0.0212648410855096 -0.0956023679708528
0.00496997487821867 0.0310966900903961 0.00539117627460204 -0.0527525338859079
0.0298501848600464 0.0232338835204707 -0.00325886788746814 -0.0328286682305636
0.0243735292057545 -0.00974258869374321 -0.00118903893674061 -0.0187426921467913
-0.012520666473903 0.00653412294542721 -0.0120584553089308 -0.0150785570129706
-0.0296656909588718 0.0477529205941281 -0.00734853117163464 -0.0176094997221284
-0.0254880414390305 0.0341061174853794 0.00724763570783683 -0.0226481897869531
-0.0433043612138183 0.0293737215139177 0.029425493888093 -0.0162036128969194
-0.0308510200301788 -0.00133620084638684 0.0106896440183063 -0.0363420760191034
-0.0281722413815113 -0.111618395826632 -0.143120770865853 -0.114819197776725
0.00670060684931913 -0.143938902695664 -0.122410669684443 -0.184950098197867
0.0431881120387015 -0.149222354570811 -0.0950228463087501 -0.247973931303037
0.102424689325103 -0.0578513834033668 -0.00738332993489608 -0.282128006264064
0.051207302780904 0.0875470975272074 0.0731378613191311 -0.24036823680848
-0.043528802199299 0.117502870552526 0.0455589563373409 -0.129495435820823
-0.0416887658588669 0.0614033024376418 -0.00528537960768281 -0.0717876212101462
0.0052179718455617 0.0449889454614882 0.00893508399658944 -0.039018758406749
0.0441456188607507 0.0380459205498176 0.0131037679714148 -0.0280453018462848
0.0410462936363669 0.00632907825884625 -0.0137781665756027 -0.0138430707180047
-0.00164998257315801 0.00715391850092945 -0.0142793563719451 0.00605910341983644
-0.0361599658837034 0.031134910084434 0.00186720449778269 -0.0382081075670211
-0.0529100970850688 0.013927927421975 -0.00177795035316483 -0.0521657468496902
-0.0759624208289874 0.00508889831188219 0.037127269238853 -0.025826520182362
-0.0504039837777505 -0.0176985101685458 0.0305179694395237 -0.0448741577614305
-0.0408781790363627 -0.125435023761217 -0.134372940803668 -0.0606947975791738
-0.0289265552439532 -0.154849086348974 -0.10440579679435 -0.0939153776356461
0.0134977588977766 -0.135718600794645 -0.0877873695949711 -0.106215190947562
0.0644732025454043 -0.0430703964243181 -0.0391468602613102 -0.128412278818195
0.036670972977823 0.0812965133829748 0.0455149537350905 -0.138404720783079
-0.0297849097146259 0.113959852290765 0.025419978305513 -0.0667810526096705
-0.0313969173063832 0.0671794032797269 -0.0310892576842506 -0.0414878851925729
0.00371006447804749 0.0509101863835299 0.0100056116200045 -0.0195294725482318
0.0343446103406034 0.0552902790235909 0.0312820689062118 -0.0176011337625803
0.0389138426679703 0.0428671464288151 -0.0201988758166763 -0.00432973454064472
0.019746164921608 0.0191040685674997 -0.00785179280899154 0.0224393174545775
-0.021213797716479 -0.00895718835385787 0.0338774032105545 -0.0408961658794784
-0.0601150667164493 -0.0410659558766716 0.0221579933287617 -0.0571506658312418
-0.0874239796642166 -0.051148104632844 0.0636497044269578 -0.0164608596847023
-0.0574024031932387 -0.0536738118972718 0.0596494744933556 -0.0413804175584097
-0.054071372509613 -0.107360117857923 -0.11407640802723 -0.010026848263911
-0.0674822661824378 -0.134509085663895 -0.0825933045421295 -0.0177794179332781
-0.0218990267464793 -0.0963556153109783 -0.0730628723718967 -0.00667526477207288
0.019802986235274 -0.028290108172332 -0.0508787574955563 -0.0264001667268433
0.0241842998077594 0.0572054841385139 0.0294575627568473 -0.0690319478457433
0.000266548921057218 0.0878132924045199 0.0119607340996764 -0.023552513163587
-0.00583582002285384 0.0605458053397402 -0.0457922465280621 -0.0136084602257483
0.00112132932598341 0.0503371249803863 0.00967350016551207 0.0025663264199428
0.00852250562158763 0.0693657607390464 0.0390717865543348 0.00367175285145762
0.0255293732570982 0.0816536013465784 -0.0245174998704496 0.0168145807322939
0.0355723107671501 0.0410881371351272 0.00130502699078265 0.0519770229081912
0.00543631358860635 -0.0366703088758918 0.067963102949495 -0.00239118140401759
-0.0427232564515624 -0.0890146923492041 0.0576745919592859 -0.0183164376696309
-0.0736649193196085 -0.108264239244359 0.0972032868381812 0.0197734326421379
-0.0483162904948953 -0.0918658667224007 0.0916519989835349 -0.016455219477556
-0.0602209240269067 -0.0701878831003349 -0.0835483116156752 0.0250888532021043
-0.0907885180318965 -0.0965427104023183 -0.0542594851725286 0.0312067631911553
-0.0474592089850729 -0.0493146712308443 -0.0378528611169775 0.0503821933778821
-0.00874736372508502 -0.0162173425406902 -0.0341888840137207 0.0274255714970167
0.0173535656575826 0.0263511989882797 0.0271847417093813 -0.0333897798047181
0.0335864923971836 0.0521216124609435 0.00298218858281051 -8.91101529298233E-05
0.0244416924357384 0.0468080630957293 -0.0437784724074842 0.00763193675939633
-0.000526268627289618 0.0439181343480459 0.00715886498984965 0.0225414802717906
-0.0198131204480934 0.0757717094646513 0.0321801532888357 0.0322615869538961
0.0078491341973175 0.11206813312946 -0.0338744000036758 0.0561568823769853
0.0525892665923507 0.0634332462216616 -0.00606998623950484 0.116557911570728
0.0417975639434255 -0.0586080312424738 0.0794101191499014 0.0838423930712585
-0.00798948131743069 -0.123506867294392 0.0816953926939312 0.0628386443467221
-0.0463308833131126 -0.146654309604844 0.126124488730887 0.0777056585684882
-0.0316639907388937 -0.116316007947931 0.120420215585089 0.0258384956772517
-0.0520362497255104 -0.0278038748676208 -0.0499451158131706 0.0373925210505253
-0.086215951355022 -0.0464683890224717 -0.0274399019510656 0.0442674118528239
-0.0539594462129169 0.00494933249897082 0.00154253369593144 0.0588400799176291
-0.0255183386116357 0.00721595420043111 -0.00476197002058118 0.0372067624212323
0.00169275509500183 -0.00315021930375511 0.0243778263807065 -0.0125877467415499
0.0515186381572877 0.0128171655460752 -0.00390432784250893 0.0111101356145714
0.0394186777622921 0.0282966805074478 -0.0286620767319805 0.0200813449132704
-0.00167261915977066 0.0315323090021874 0.00404621416916855 0.0395522701994478
-0.0391042353227936 0.0670442308424629 0.011556227588105 0.0646796524063656
-0.00489028021440733 0.12513682494688 -0.0513905768489195 0.115003252285243
0.0798228254087414 0.0758403375265002 -0.0373125820371182 0.21797820220806
0.0893972912210656 -0.0816213793462473 0.0616869393845024 0.223046825150181
0.0367046360728171 -0.146315328871222 0.0995299623176859 0.189036909157332
-0.0179487180170055 -0.157227621349499 0.149483512315751 0.153096529301262
-0.0138105427566201 -0.112107826179501 0.139706125915478 0.0783839255146817
-0.030929915298934 0.000235385509310663 -0.0237866131177033 0.0328936035832646
-0.0525329670633514 -0.0149521962513354 -0.0176933216347961 0.0264809719588808
-0.034475688262596 0.0318980102680532 0.00624444754719816 0.0284530681156327
-0.0194047945002388 0.0243749731954583 0.0117673431028157 0.0157206088244506
-0.0133456948259505 -0.0158679410824369 0.015178504278105 0.0108765717758879
0.0410802856332348 -0.0119165128382041 -0.013198675498472 0.0169005289905809
0.0307022673333493 0.0107994993054302 -0.0106353750763556 0.0252030629071259
-0.00185251449244436 0.0146993733944137 -0.000185855854794425 0.0524435072830768
-0.0330014981128588 0.0429228237281209 -0.017742216459581 0.09242964796107
-0.00288586718228957 0.0984866603775638 -0.0706792298399435 0.174685626950382
0.0878857130486921 0.0599672591387378 -0.0746851434589242 0.324535496926543
0.101896457985743 -0.0834087923335827 0.0328735126758994 0.394612572696256
0.0558876735918971 -0.124776695975546 0.127940677042783 0.338574968860163
-0.00528358647733797 -0.120602790717222 0.166910851603667 0.232513274630059
-0.0024248901626811 -0.0759918297002643 0.150482539716429 0.124238456943177
-0.0252809096578107 0.00266322935759414 -0.143279823758789 -0.153630349777305
0.00587196036270882 0.0114081585737049 -0.161423445926578 -0.26937636400045
-0.0291606455976225 0.0108687431668683 -0.149512823063128 -0.412829051628051
-0.0299132818592674 0.0180393651075393 -0.0241604814644569 -0.482869268934298
-0.0354531489626246 -0.0126771007971677 0.0789177112990475 -0.373714395854014
-0.00567196806714797 -0.0172622993043552 0.0603843362192909 -0.214114540082116
0.00549965091626442 -0.00410405384296878 0.0232505011082439 -0.106736855529032
0.00471698710281071 0.0093519447093225 -0.003419104352308 -0.0586639008933234
-0.000598009273815094 0.00862792261526129 -0.00999388039742069 -0.0318196596856643
-0.00678083344403038 0.00332335877666488 0.00727914434830684 -0.0188673828463688
0.00227980978639042 0.00887313582675958 -0.0114540797244127 -0.0256005981449002
-0.00817228218008499 0.00772087725216537 -0.00876032483827075 -0.00770014741665778
0.00243310923938648 -0.000993187627601575 0.0116354975094704 -0.00836740341896017
0.000727292116697204 0.0170027134116467 0.0267602751862274 -0.0155297087645933
-0.00397107168001137 -0.00269482680923931 0.00607835272669644 -0.0321148229698548
-0.02916481242266 -0.0636044433890247 -0.14974123756273 -0.146122305134005
0.0108714577037544 -0.0867267761161557 -0.152912624761159 -0.253689398591615
0.0208321898252244 -0.101779895225755 -0.135370814037176 -0.378038752697835
0.0689148173270583 -0.047698826321404 -0.0143218390522037 -0.438393084739217
0.0362024886501662 0.0495760647767546 0.0748398708169921 -0.340931854766721
-0.0237889668723175 0.0739407247423529 0.0504869268604819 -0.192746373527212
-0.0219633103018814 0.0396329421542094 0.012578897913439 -0.0983344837319466
0.00751523004433552 0.0312697710727841 -1.27332809301494E-05 -0.0542967646950013
0.0322232932013008 0.0202153933605035 -0.00799900337704054 -0.0316934318498724
0.0234688745031541 -0.0113393759709954 -0.0027367292835493 -0.0177075250383903
-0.0127630334552884 0.00743807447159629 -0.0138494013165887 -0.0140910899487813
-0.0268103321187131 0.0508244368663772 -0.00884076760500214 -0.0179635631318055
-0.0240574655562521 0.0365128511292964 0.00622079298388205 -0.023425709157367
-0.0415819848942841 0.0324751000755228 0.0292562612184901 -0.019450800213427
-0.0311219637394082 0.000874291589914685 0.0102753673156409 -0.0371877048843951
-0.0354976793704821 -0.108609940078716 -0.150317226675692 -0.105499219932164
-0.00334833622520349 -0.144131035015683 -0.134524762913697 -0.178011419450728
0.033089490638968 -0.151352401457504 -0.111252768995918 -0.241796092409691
0.100123743461388 -0.0645032103677871 -0.0266472935817837 -0.280080300452438
0.060072481880685 0.0842802144734412 0.056166935741676 -0.246186544781195
-0.0330166161826915 0.12024105412524 0.034450519995592 -0.133585337096674
-0.0360066007644786 0.0650110430103909 -0.0113427529152911 -0.0729022492142115
0.00981061806215173 0.0450065713869212 0.00345892809927268 -0.0406245024990884
0.0478861189659159 0.0350020569286041 0.0104375008538033 -0.0285892153138542
0.0416251614338164 0.00437535974189739 -0.0158479484258163 -0.0130229360080525
-0.00198699452643999 0.0075970007801923 -0.0144356219376004 0.00750166648187119
-0.0344269103030253 0.0339459554456028 -0.00141592265529266 -0.0397563164847531
-0.0535827673120124 0.0167223980605398 -0.0043670410787839 -0.0521319261784418
-0.0763217535006139 0.00954327770913088 0.0365010141639381 -0.0288844414400641
-0.0520461474103059 -0.015370072283609 0.0287628215680262 -0.04757467321702
-0.0479061380294028 -0.12282610298185 -0.138749618669963 -0.0507338594165721
-0.0382790704641126 -0.1527062942134 -0.111185679490393 -0.0873890570915339
0.00568380044235457 -0.136514067711026 -0.0944778280177748 -0.100171306111277
0.0625837986371199 -0.0480736976861446 -0.049384466074864 -0.124651674578916
0.0433654834536728 0.0785309644311973 0.0353979388292219 -0.141941289299783
-0.0200713545471713 0.116966988178918 0.0205373186789993 -0.0691274087483447
-0.0260353327276672 0.0702940884877774 -0.034798595577529 -0.0402852385421053
0.00880275714434541 0.0510213828316615 0.00756246940260187 -0.0202466699323367
0.0392672775524702 0.0526188018529507 0.0287988770476801 -0.0189996866670574
0.0422597132591446 0.0403811488406322 -0.0218236925766637 -0.00274431606645557
0.0218453380851632 0.017712671570385 -0.00627807963158065 0.0223674611285286
-0.0218926180287161 -0.00841340054514545 0.0308258671052103 -0.0436866117322203
-0.0638159265101935 -0.0379033853723999 0.0188740033628864 -0.0582435144379845
-0.0917996440831581 -0.0470297534030681 0.0639416677700079 -0.0204485753733611
-0.0599508764757949 -0.0514773554213343 0.0582775718714774 -0.0449092486103428
-0.0605102381035973 -0.103781975818623 -0.114977619482511 -0.00165257882680124
-0.0760562105453446 -0.130115542795054 -0.0847261975722922 -0.0125328560596168
-0.0278013324340369 -0.0959834547342336 -0.0743528478312087 -0.00145860642086068
0.0186119925730101 -0.0306965621767921 -0.0538859646202116 -0.0208601952931034
0.02853720212334 0.0543556963420842 0.0248296672524262 -0.0708148598764402
0.00731446249384956 0.0876367539657528 0.0105537918951776 -0.0249034813209689
0.000529477784876188 0.0622841024804909 -0.0478404655286754 -0.0102463342646876
0.0066537815826051 0.051110616065719 0.00978597866386909 0.000952463156051283
0.0153608865265717 0.0694238832385377 0.0395300403955365 0.00113096378111842
0.0315987628932985 0.0798376569377908 -0.0237291710232905 0.0169106492687609
0.0387470938041711 0.0384948570785475 0.00521331951852142 0.0519711455531634
0.00286438260573363 -0.0375185676950976 0.0686126556155429 -0.00723874015422641
-0.0490291452362967 -0.0867442449380985 0.0568543192431155 -0.0215654272431408
-0.0798482834152977 -0.105331193861908 0.100137610580963 0.0148409773482496
-0.0524654388799843 -0.0904862257142956 0.0916887955806936 -0.0220096997624061
-0.0640922679016809 -0.0660054319756803 -0.0821824159197033 0.0309127875420603
-0.0964272840195556 -0.0902032107673722 -0.0538235611586983 0.034808743056567
-0.0510907953119405 -0.0461792818471255 -0.0343976885653892 0.0532424886417499
-0.00998173624145149 -0.0163707705111275 -0.0328294396698491 0.0316756796908462
0.0191957120223714 0.0256301479476941 0.0250714647863816 -0.0348043828106619
0.037831286603833 0.0491314505875605 0.00398953673749386 -0.000320588845182173
0.0292481779920809 0.0450239688260266 -0.0433864130192237 0.0109715379753476
0.00428468785065793 0.0443349663393678 0.00934122170424743 0.0221551900380517
-0.0131623623181836 0.0784563931764633 0.0353131514613096 0.0297569850220775
0.0166252039887911 0.111733777339455 -0.029614223706667 0.0576029866121717
0.0585916383027211 0.0593902883501956 0.00182097981819196 0.11695774344026
0.0393034694103085 -0.0642152435258315 0.0847906724700451 0.0780337499876896
-0.0152674068018609 -0.124642135951623 0.0849892982683757 0.0574516393503325
-0.0529147952044951 -0.146338448804744 0.131424653695533 0.0700053392038054
-0.0365084671445037 -0.115531183380684 0.122011075316179 0.0198741421915882
-0.0536650584260123 -0.0246147822699439 -0.0474408056656819 0.041498833938139
-0.089565670920688 -0.0417174694570236 -0.0257496299333698 0.0462414526617703
-0.0542978785680757 0.00802375239581284 0.00541780627526432 0.0591255196986863
-0.0255493428379651 0.00859856857467585 -0.00249026820335737 0.0389971764680364
0.00130800859867255 -0.00335665806965295 0.0239213192292012 -0.0147330447260056
0.0532021720488817 0.00891510492434384 -0.00347767877711074 0.0107186597859342
0.0425097297106263 0.0257162430416283 -0.0268701193866894 0.0223320967866315
0.00162532024859358 0.0326345015861924 0.00740464005168123 0.0400810761469452
-0.0321359467899757 0.0717223856024382 0.0168095417088999 0.0651807376962784
0.0058279290733763 0.125835953140901 -0.0427878042782427 0.118990576514172
0.0879493246905978 0.0698329871800534 -0.0208708635680766 0.22091846898916
0.0867658739551474 -0.0886588026001625 0.076316259482568 0.218670863912654
0.0287560549972201 -0.150735711846279 0.111376559061684 0.181753136949363
-0.0257237230916311 -0.158704796270128 0.159827150723192 0.143546405398629
-0.0174544739378354 -0.112832650505738 0.144009825916894 0.0714088724795458
-0.0304414191717724 0.00213189002441733 -0.0220705556347547 0.0346129157945914
-0.0544564431743955 -0.0113128121269691 -0.0167735923814003 0.0280506002101767
-0.0327270006954727 0.0353920930562394 0.00775669892842498 0.0282760306299605
-0.017964294838782 0.0268398012560835 0.0120697832756548 0.0159882171436248
-0.0154000445403906 -0.0139245396703933 0.0156465816864899 0.00917387199501701
0.0399999284924319 -0.0140986131102703 -0.0122343743500864 0.0171149584311379
0.0321197811792358 0.00876149158128236 -0.00826468501715609 0.0259711411481794
-0.000381759434468858 0.0152562711375115 0.00446019778133948 0.0534499258204944
-0.0300384525186464 0.0463326716369386 -0.00817377405922509 0.0957462709624865
0.00521087731653021 0.0984678017471173 -0.0563573347971305 0.179862600879083
0.0958973766165058 0.0526550124577268 -0.0510284351895469 0.329235523600763
0.0997188994370672 -0.0911429506364797 0.0590276567886307 0.391276295749233
0.0506997707863928 -0.129779233626445 0.149088991091169 0.329388247685104
-0.00956041230472388 -0.121578370680912 0.179959466507548 0.221422651410552
-0.00447532872119864 -0.0765598651516817 0.157028945852729 0.116687178208413
-0.0251946316625598 0.0037961525393431 -0.14542553538003 -0.155491547313646
0.00488459130764752 0.0114661598333335 -0.163513185973694 -0.270972533599305
-0.0294750257141452 0.0110828045395997 -0.152730128945815 -0.41406595077016
-0.02995132228021 0.0186547725663936 -0.029608996652742 -0.484854779484216
-0.0356347469869639 -0.0119792441050585 0.0725423195495616 -0.374693777262177
-0.00570545460038118 -0.0175354067752988 0.0544035330224172 -0.216741730519391
0.00514903442191143 -0.00393664822984275 0.0201465858135732 -0.109965917725334
0.00541322557177711 0.00885343204240137 -0.00412890384545702 -0.0610862303949921
-0.00122072967836606 0.00987462746519693 -0.0129965478792479 -0.0317960124074593
-0.00683917526412605 0.00372741335786657 0.00664871054136511 -0.0173190868677819
0.00195719734757632 0.00885093775573042 -0.0112531516534208 -0.0260486666915532
-0.00790419504866832 0.00806280552407208 -0.00903282823711177 -0.00862615205874239
0.0023777363747296 -0.00176976073961808 0.0121485850831851 -0.00916808437388488
0.0017513789123764 0.0177479128221611 0.0268539023936501 -0.0166504651429948
-0.00420950904720625 -0.00272588424312983 0.00654652726703769 -0.0325424710072754
-0.0291541670728251 -0.0641364188678314 -0.151130151294917 -0.146895546864556
0.0101181211895281 -0.0874734218501511 -0.155019435655085 -0.25362529818533
0.0214475707560371 -0.102863943127137 -0.140144991981905 -0.378234966210326
0.0703959918796051 -0.0490848657528338 -0.0194988507359418 -0.440430458926786
0.0390830503967628 0.0491734110789003 0.0696768699907669 -0.343239034482388
-0.0222477656725483 0.0744333973799503 0.0450151108190653 -0.195204102479822
-0.0217471199733224 0.0414466188608024 0.0095967409482473 -0.101177285878316
0.00854828571621436 0.0311466944357874 -0.00200632499524814 -0.0551375458995734
0.0324131720506718 0.0205993985529327 -0.00957064802830968 -0.031149094402603
0.0234947753515578 -0.0115851813944483 -0.00377739943004034 -0.0162929871839504
-0.0131038212900686 0.00850718844060872 -0.0135245986752303 -0.0137879252537218
-0.0270203647445042 0.0520167931378046 -0.0097621386601074 -0.0187449573558841
-0.0240478938375825 0.0376792713477635 0.00586090195118364 -0.0244634421497124
-0.0415876158136726 0.0332057801172535 0.0296394704158403 -0.0212128524234233
-0.0314592857672745 0.000840498862680925 0.0104036242992213 -0.038643361245544
-0.0358160349052009 -0.110297392742591 -0.152163193171948 -0.105499334513719
-0.00391511658868475 -0.145409103315771 -0.137473643959983 -0.178283977049461
0.0333048714195548 -0.15351015976595 -0.113819800300762 -0.24299409724801
0.101316840118577 -0.0677895278770441 -0.0312288772449485 -0.280854700061115
0.063228080838661 0.0829457400140674 0.0517772910676439 -0.248335654674816
-0.0296905104495538 0.122004485949013 0.0321935534032648 -0.135652885745551
-0.034110988281266 0.0666538117257988 -0.0144261764678793 -0.0746068240378959
0.0114148404275851 0.0453426622417332 0.00245610553154117 -0.0417134332835625
0.0488682664513061 0.0346216528148875 0.00905362467295583 -0.0279067593293409
0.0410961634356454 0.00404325885405198 -0.0162596415785408 -0.0115898302587243
-0.00197500789243325 0.00869379499229251 -0.0147785605187579 0.00699071088260753
-0.0349169408506527 0.034937830916412 -0.00248099805990325 -0.041185031037021
-0.0544106120457096 0.0181832343708201 -0.00507982087253787 -0.0534897640501498
-0.0778363708000204 0.0101984623649283 0.037281504185801 -0.0307919634063205
-0.0515549436840817 -0.0152265996138365 0.0291732668222924 -0.0482852236982888
-0.0481920396623618 -0.123313283168673 -0.140923933325399 -0.0506950669970848
-0.0398027397603054 -0.153934177850629 -0.11410448213749 -0.0873582215411469
0.00598210444915169 -0.137858830136053 -0.096494581864895 -0.100228772835051
0.0629940629017765 -0.0497469925466838 -0.0518719466361108 -0.123800563081024
0.0463326906721947 0.0784517082826285 0.0321109990599896 -0.142471305196096
-0.0175458061248238 0.117495679923563 0.0192964747801153 -0.0705013855601473
-0.0237635245118776 0.0720357915339022 -0.0371654720709578 -0.0404592783870296
0.0108988353683751 0.0519171534678738 0.00668961273676723 -0.0214590999870393
0.0417470276751245 0.0524722082689376 0.0283111054348677 -0.0189737788547964
0.0433477524701155 0.0402334826070729 -0.0222080856715197 -0.00307123942278698
0.0216162183742335 0.0175425319689306 -0.00567316960624238 0.0223692430603178
-0.0224355960953812 -0.00786532719730998 0.0303596168774624 -0.046392813480146
-0.0649706600725163 -0.0382675249659032 0.019197559938963 -0.0594437859424746
-0.0926142375803285 -0.0480973443070199 0.0656942799779817 -0.0205573049486892
-0.0601724423043517 -0.051461522859428 0.0591949059124894 -0.0459731855331141
-0.0608519928680955 -0.105795271294294 -0.11651510805403 -0.00092708985610072
-0.0783439793344702 -0.13211241012031 -0.0867761960483822 -0.0114900553198096
-0.0290641696681847 -0.0974853655840452 -0.0754813940507212 -0.000812734438095738
0.0187921596560185 -0.031994137204339 -0.0544461670605183 -0.0193312594082156
0.030775182435192 0.0543458056437695 0.0241089593570906 -0.070713715882266
0.0111709073674241 0.0879962151141782 0.0103161378194028 -0.0253465602208271
0.00237630863982166 0.0628604005627818 -0.0482622950463904 -0.0092172261867499
0.00883771372351559 0.0520932641190881 0.00955175574486545 0.00118716419833945
0.0174101998278892 0.0704272400189505 0.0394649538170224 9.24830497328908E-05
0.0340149252031111 0.0796936485105593 -0.0244687813618621 0.0175318783603454
0.0391872569988229 0.0371801692473353 0.00550676335750496 0.0518240293083776
0.00278855754963289 -0.0392157979799502 0.0691080823785162 -0.00879186786256196
-0.0504318851040415 -0.0878077792495996 0.0575006548451524 -0.0222904479174078
-0.0813331767444444 -0.107098849520209 0.101965840876577 0.0138211011105526
-0.0533611440832828 -0.0926468573642282 0.0936754502526998 -0.0226659872893668
-0.0648297294896654 -0.0670469904036848 -0.0837448915031503 0.0327149803934161
-0.0989998092444319 -0.091617292629436 -0.0549706365465555 0.0362219202936829
-0.0518951863925683 -0.0472151578927042 -0.034797236796295 0.0548153071499942
-0.0103486268334545 -0.0176823275638848 -0.0324762517433711 0.0334430645016914
0.0193057845782807 0.0246856777440769 0.0249846951013251 -0.0343260215390218
0.039625558612878 0.0497837362781791 0.00384780973111091 -0.000698327373333086
0.0309058637358616 0.0449266918079669 -0.0428548426594051 0.0123344560249858
0.00605054997918751 0.0454295824726592 0.010659184308761 0.0229336156571135
-0.0109250525003629 0.0785721434321599 0.036776880575392 0.0300668556031901
0.0188366619886392 0.112449571893592 -0.0293964100664297 0.0586719557763028
0.0601591190771163 0.0586222607793714 0.00433048460635515 0.116125229407708
0.0389662001782963 -0.0648576271072673 0.0873131529828933 0.0760142025288416
-0.0156814283920012 -0.126862003998471 0.0869056149296552 0.0579430751689575
-0.0544679638412152 -0.149340902568426 0.135482268076521 0.0709307404685306
-0.0363337910961241 -0.11744294739501 0.123544346956021 0.0194104006556349
-0.0538221187565556 -0.0242915741006187 -0.0489888189626484 0.0426666603295506
-0.0907394325890455 -0.0407159574404912 -0.0262416747510081 0.0474483255446737
-0.0547804840917772 0.00792329196488414 0.00622459191089952 0.0605343615925561
-0.0256916696940889 0.00852521262535302 -0.00171196557310806 0.0414806496031569
0.000429864403512162 -0.00219371270299136 0.0243105355587108 -0.0152047413817723
0.0538806823668672 0.00818791998195363 -0.00284404131939271 0.0104558567888964
0.0443866643653347 0.025156501895561 -0.0258693155560306 0.0220444677351571
0.00313553033241521 0.0327869385339854 0.00925104403912645 0.0406050515284831
-0.0303923277295648 0.0731056491814963 0.0192549327769222 0.0655643104258136
0.00864700150241779 0.127390927568051 -0.0406503920544075 0.120075766255876
0.0911041075856849 0.0683534606018491 -0.0165480732267267 0.221733425112864
0.0867563039911315 -0.0916897228439261 0.0796580214614927 0.216865431577132
0.0296595031920685 -0.153038161656071 0.113924304332352 0.182782229873194
-0.0257096235902124 -0.160690253431466 0.161122447966184 0.145574058520079
-0.017494850200097 -0.114514447101483 0.144770662932971 0.0725949155629744
-0.0307152159475828 0.00221585369987397 -0.0232390727385507 0.0360869921827789
-0.0552179647731984 -0.0113768150097559 -0.0169405363935581 0.029729553400663
-0.0332973318517838 0.0353648426475737 0.00745898167357365 0.0287852241515613
-0.017523436343542 0.0269391547468868 0.0129690664125211 0.0169577372122967
-0.0161875898626256 -0.0127233478402929 0.0165754216792829 0.00925050063036554
0.040235976820029 -0.0156846049786941 -0.0117183410215576 0.0164167800933702
0.0334758130724202 0.0073463319351205 -0.00630436148010878 0.0262289908129612
0.000558183318102003 0.0158430679264315 0.00683309805118614 0.0532727791061325
-0.0289441823523622 0.0478727365428426 -0.00554405336628971 0.097350939134935
0.00793030260821665 0.0986255785352275 -0.0524893235934596 0.183853995163031
0.0976806594814522 0.0512804352885332 -0.0445086357489721 0.331040391983987
0.100236264578294 -0.0939351976716175 0.0634509860202698 0.391485681996531
0.0512067865749702 -0.131953088252674 0.151812869007325 0.330615827235354
-0.00969191344349091 -0.123683764630644 0.182230280310869 0.222909186982427
-0.00372808211201147 -0.0776149431160102 0.158031044873829 0.118185656717801
-0.0258284340171514 0.00388670174657525 -0.147562637494446 -0.154688652396051
0.00408550855646503 0.0126263340883256 -0.167306613679539 -0.271567345011358
-0.0307178689841206 0.0118899036504145 -0.159784702823858 -0.413684184620704
-0.0295711766118927 0.0194703748008583 -0.0369431809562963 -0.485585484146171
-0.0371642019433488 -0.0116148244415151 0.0646885720487054 -0.376870480389734
-0.00647783876802453 -0.0175070877612243 0.0487957411042555 -0.219438394721758
0.00485238395886228 -0.00414170509786004 0.0157709176040834 -0.1135348354891
0.00567383691748782 0.00875092947036484 -0.00753001300550472 -0.0607530769852662
-0.0013223337330991 0.00917398883540823 -0.0152875481384652 -0.0307110237237264
-0.00695422998082743 0.00407484786953717 0.0064650850503305 -0.0165928741621186
0.00198044787103212 0.00901363979922801 -0.0107889843618442 -0.0261715183533841
-0.00849926949071002 0.00881498196781727 -0.00991400970365658 -0.00941868510122605
0.0024846777370663 -0.00175906528996504 0.0123603949616616 -0.0092690484254708
0.00156701399736806 0.0170586419226606 0.027872483943989 -0.0191240166234878
-0.00471580689326856 -0.00229367530618461 0.00713990796968106 -0.0342650552544353
-0.0298338079202192 -0.0645660776004573 -0.154069032404538 -0.146967776931338
0.0103293890227967 -0.0880198911698156 -0.159173717744302 -0.254089318184975
0.019601183657856 -0.104761204418788 -0.145681052621419 -0.379843000558034
0.0709147119356034 -0.0510688108751807 -0.0279469128770526 -0.440943557441816
0.040680948227267 0.048075967971276 0.0628967138771457 -0.346920384820347
-0.0198150113290941 0.0754832481170841 0.039288010162302 -0.19835313324878
-0.0200714222592367 0.0414165899201498 0.00584475952476426 -0.104318699274138
0.0105255313102726 0.0309960459953865 -0.00433173513901084 -0.0563154323800383
0.0337436671783474 0.0199082174797109 -0.011472950535244 -0.0311536145014263
0.0232196312822006 -0.0112997901321676 -0.00385066720918904 -0.0155866778351713
-0.0133655088982542 0.00957277232357898 -0.0139996455425583 -0.0148113196288268
-0.0266730957672725 0.0536340518445739 -0.0111987285404197 -0.0190706398145757
-0.0243848757979308 0.0382544249113228 0.0059300447983316 -0.024675599727066
-0.0423810157027826 0.0333182308971892 0.029321041142791 -0.023903963922621
-0.0313102212497183 0.000608644521526236 0.0107150582960643 -0.0407389921671171
-0.0367263350379228 -0.111576198060952 -0.154478024364191 -0.106675382010321
-0.00459560639509457 -0.146539089763156 -0.140972736471715 -0.177809818610262
0.0325603299508857 -0.156268565819647 -0.119230934048518 -0.242289353402566
0.102456616475879 -0.0700624203965008 -0.0367907170304247 -0.281072537747925
0.0664422798370895 0.0824484543295614 0.046023261878612 -0.24960225476921
-0.0266884747293377 0.12348840644892 0.0276915373130841 -0.13805668895565
-0.0320163871153984 0.0689751630209046 -0.0176974541235818 -0.0759120064279955
0.0135631482698025 0.0469285176075797 0.00091400033445141 -0.042304436604739
0.0506457987576111 0.0340191037175414 0.00738833653125543 -0.0288972296768409
0.0418746246231314 0.00297842678865252 -0.0175964480511947 -0.0110405277083249
-0.00254631823106478 0.00920091699807964 -0.0142160818331866 0.00706006116357065
-0.0357590905782596 0.0369294313416482 -0.00360901365148357 -0.0422293455819309
-0.0547603491841418 0.019262314771728 -0.00562263440014408 -0.0538950826805932
-0.079128151572592 0.0102860168235354 0.0386520114244919 -0.0329478831856725
-0.0518963183661658 -0.0154575081577018 0.0295107350567326 -0.0497303430307877
-0.0495388957811964 -0.125237632620161 -0.143686788805362 -0.0501776123216456
-0.0409690484993667 -0.155316474703097 -0.116242334439868 -0.0871469878758848
0.00419631600325867 -0.139859528602222 -0.0993707994969387 -0.0999725087377367
0.0637089463483801 -0.0521799381967574 -0.0542996503264656 -0.122528729496613
0.049123347420376 0.0783607784745036 0.0296753380923998 -0.143444833085413
-0.0143105022244435 0.117813068232795 0.0179911227792118 -0.0712508232569673
-0.0214600930012021 0.0728944209430733 -0.0394712479021529 -0.0401714729065832
0.0138867587392419 0.0518086803311719 0.00578717924542123 -0.0222158205769038
0.0434930870312985 0.0517632288308959 0.0272289027208332 -0.0194606692880362
0.045587434755874 0.0393094731410704 -0.0237846590093258 -0.00266202166971363
0.0211229886016734 0.016886710852872 -0.00540416635662536 0.0226007820943962
-0.0232661916688844 -0.00870043432988642 0.0300164763499671 -0.0481750448684457
-0.0661381213794959 -0.0389621938538219 0.0185995748956369 -0.0606730644431996
-0.0946046180635354 -0.0477490505895743 0.0671310135608798 -0.0233892013738634
-0.0605307180802396 -0.0524920013011392 0.0600497166184028 -0.0477754834973279
-0.062479261562729 -0.105618290590651 -0.118796673796271 -0.000278990590780825
-0.0799133007344853 -0.13284075723779 -0.0892863121961469 -0.0108321618418561
-0.0299503606315217 -0.0984266022672143 -0.07628077085402 0.000946339614774371
0.0181588081145423 -0.0333818137544154 -0.0555526726245514 -0.0173789837957812
0.0321261123283324 0.0539863731692296 0.022296169281096 -0.0712621052733579
0.0137354721810963 0.0886097027900333 0.0100148978459655 -0.024988238370106
0.00547371108046464 0.063538843740392 -0.0486186008366332 -0.00903049831852015
0.01179608584479 0.0533512784566911 0.00988182557364404 0.000207183960427156
0.0203848400094882 0.0702835108847831 0.0396592041915051 -0.000484369648820218
0.0368412357493294 0.079176578759281 -0.0249415077913585 0.0181957873376923
0.0408445041793242 0.0367830477049823 0.00743326764221516 0.0507709067289703
0.00237036923814394 -0.039901707869306 0.0698593326069641 -0.0110507674935129
-0.0515565754862332 -0.0892553146066211 0.0584298991278685 -0.023839597400954
-0.0834467538800175 -0.108410955715764 0.105425060958166 0.0125050525749168
-0.053598181038443 -0.093676073599411 0.094364991266166 -0.023613143956766
-0.0663378828207055 -0.0671153568663329 -0.0857223006108641 0.0343357194695313
-0.101851789067025 -0.0916595306152946 -0.0570288457581308 0.0366322851016445
-0.0533398159432358 -0.0472850803378796 -0.0345806714940785 0.0559903004680191
-0.0111406481137566 -0.0177810088126653 -0.0320330412815795 0.0354110240975891
0.0202690013543383 0.0247899760842891 0.0250440051567509 -0.0348958850545327
0.0411492883899131 0.0494161591243826 0.0048436668032554 -0.000774547068037106
0.0333794977714076 0.0446416483634357 -0.0422121931155386 0.0134528803804023
0.0091691231897403 0.0456757628571496 0.0106233716139237 0.0231011683860535
-0.00862447514591939 0.0805438580351147 0.038127174127372 0.0293840519213391
0.0227161640986565 0.112374462595106 -0.0281227585798756 0.0593822875772388
0.0620392491472676 0.0575378507503612 0.00701230112680815 0.116651722759582
0.039092497934197 -0.0667251021074165 0.0889980413625625 0.0742065211981036
-0.0170641082819553 -0.128671131907863 0.0882291865375537 0.0583567470046318
-0.0564553824539493 -0.151420657639287 0.137821275807134 0.0702329975889403
-0.0367842972595319 -0.119231574629805 0.125445247292668 0.0190871366066544
-0.0548164593887685 -0.0236956476141733 -0.0507677916806442 0.0438236364584353
-0.0926391881616117 -0.0410316664918163 -0.0267379999389448 0.0484951074824549
-0.0559734200200803 0.00936656680275577 0.00687776469259148 0.0612658073784921
-0.0263138156077727 0.00933733885945522 -2.26511801665234E-05 0.0416191479245914
4.97823914398783E-05 -0.00232713328064406 0.0244214451379565 -0.01483513285975
0.0549401863347989 0.00699346948329402 -0.00152140481233901 0.010334645263013
0.0457079728831146 0.0245897935929018 -0.0245860094389444 0.0231516621761208
0.00496440612239385 0.0333009344821454 0.0108536208354294 0.041667576169426
-0.0281783628307378 0.0744340646660732 0.0220300416799983 0.065892464608213
0.0125240462008851 0.127675516874835 -0.0372838132000146 0.12270090363329
0.0934424520945691 0.0669509453538652 -0.0118090445022861 0.222032149466437
0.0874283487709776 -0.0944529318691371 0.0844640369073334 0.216648927354156
0.0287540068495574 -0.154992959592121 0.11712525504413 0.182642883783938
-0.0269083292649409 -0.163159284683316 0.165548948459445 0.145873054478694
-0.0178261067378043 -0.116450044427138 0.147239078118307 0.0718774364997204
-0.0308605263514249 0.00285845598114733 -0.023152374523811 0.036921409077775
-0.0555196267155242 -0.0108833797427536 -0.0176384012889485 0.0311307098937406
-0.0338484378384795 0.0367490119465458 0.00813925588482601 0.0293279380012199
-0.0174134261552955 0.0279816364376921 0.0145587246471219 0.0183869233738602
-0.0174376449894965 -0.0120557206021325 0.0169157253001053 0.00895624159479553
0.0405281814923628 -0.0164797246796762 -0.0111841369043171 0.0162258491279117
0.0344816920652671 0.00724486765087113 -0.00553910416752793 0.0256482354130862
0.00128592960896332 0.0160802751265082 0.00929995383684046 0.0545083345763225
-0.0274443516980725 0.0487267595894184 -0.00131128342868227 0.0999298814070065
0.011186814746335 0.0997807430729994 -0.0463292370631864 0.18559612110319
0.100191777476259 0.0497351717761242 -0.0373853060645982 0.33141947862887
0.100312333625913 -0.0971957657438448 0.0707771952306332 0.3914922293987
0.05157418221446 -0.134652799131801 0.157320030601143 0.330878494534668
-0.0107487572441406 -0.125377484366644 0.186406556503507 0.224111542455231
-0.0039667874240275 -0.0782149980901608 0.160243890780692 0.118994564286372
-0.0252819655583921 0.00377297759352357 -0.149759324939052 -0.155419373112248
0.00448589407863812 0.012096375146828 -0.171363821580819 -0.270725755621685
-0.0306240885188764 0.012691301301689 -0.164908268426985 -0.41351500878763
-0.0301790318928772 0.019852817293761 -0.0472831080840052 -0.488425966146467
-0.038170448056048 -0.0102813306668062 0.0559827284717298 -0.38011017359396
-0.00687131592470319 -0.0186965618739635 0.0406016653737167 -0.223808492275606
0.0045646455188956 -0.00404423047537043 0.011601262796419 -0.11624831225743
0.00505986428077424 0.00895651310051208 -0.00993352002140983 -0.0623214256576184
-0.000793631222478256 0.00975346777676544 -0.0181415581124602 -0.0295661546500271
-0.00652649017222333 0.00466550844994807 0.00676631708889914 -0.0157351948079454
0.0019985595406604 0.00906801386957403 -0.0119955522663059 -0.025878613168271
-0.0080890537718742 0.00887439401134382 -0.0106010545592862 -0.00955643519830791
0.00221637682071694 -0.00132539957304142 0.0129796404476013 -0.0105367062705408
0.00255162291347301 0.0176069269885962 0.0270652770435267 -0.0212171759179731
-0.00410473673012857 -0.0028869561897471 0.00730573340007776 -0.035601251202971
-0.0305574007072919 -0.065362831135888 -0.155741203037549 -0.148491427360654
0.00977098666434471 -0.0891289369002884 -0.163482492257682 -0.254387633927842
0.0195304877928484 -0.10628187393468 -0.152302191067242 -0.380567895299824
0.071259959693997 -0.0542734038907284 -0.0349679338398383 -0.443617557382516
0.0434523788408793 0.0473844255911573 0.0542154691500697 -0.348611370108274
-0.0180303690006458 0.077031091185449 0.0323524411780569 -0.201711452236323
-0.0189634875080523 0.0436023868972458 0.00184657262417801 -0.106753694340282
0.0118050441415983 0.0317939379000316 -0.00771662973961084 -0.0570959993195894
0.0350825959529818 0.0192447274634608 -0.0134251014469492 -0.0298141088994572
0.0223420135955182 -0.0109907776010293 -0.00437080382195939 -0.0145445030384717
-0.0136131179667737 0.0110626364346483 -0.0142338410208761 -0.0142231525565676
-0.0264337571932478 0.0551368586317049 -0.0121740715576951 -0.0200999898640002
-0.0245129298310834 0.0401454574785787 0.00610016324629487 -0.0262085070412475
-0.042648289746897 0.0352748818822444 0.0296303824322217 -0.0250127799725083
-0.031619883033835 0.00120587938099121 0.0106648981798009 -0.0417679347490815
-0.0379766426229551 -0.111981897451246 -0.157957381889083 -0.105937808756626
-0.00558572528231349 -0.147831734503219 -0.144283035427502 -0.177802454836391
0.0313297846674754 -0.157867399227812 -0.122795652877975 -0.242966056192222
0.102743060560953 -0.0741763114239989 -0.042680810323366 -0.28154467035485
0.0705342689697439 0.0808003247385247 0.0399922293622647 -0.251496346997347
-0.0223475766853788 0.124646630528395 0.0230159826515233 -0.140315853238003
-0.0300156438864598 0.0707512102831816 -0.0199219709414816 -0.0768606842811329
0.0155311693582127 0.0462907478378805 -0.001207451857789 -0.0429827044348974
0.0525142373124049 0.0334583642852312 0.00596902877966307 -0.027529202965135
0.0422275593244756 0.00326654352075213 -0.018183050634596 -0.0104561694574898
-0.00252672043881622 0.0099851696489111 -0.0148786509740345 0.00815727597717896
-0.0351513311145782 0.0378860558205515 -0.0053743893086914 -0.0436724069539518
-0.0562038141865385 0.0206659699044084 -0.00582180730556768 -0.0548834055927553
-0.0805261089385382 0.0115340414840628 0.039089230467 -0.0347013173996804
-0.053052687757053 -0.0150255799636788 0.0301608844134367 -0.0526136143334374
-0.0518354310348307 -0.125633772001829 -0.145700122145054 -0.0494815346348405
-0.043082568797213 -0.156148646312134 -0.11970612516326 -0.0862349271276679
0.00168968906538046 -0.141225191204677 -0.102404595079864 -0.099317823198128
0.0638938668805446 -0.0538476680342596 -0.0576268360347363 -0.121154268701378
0.0516877420318549 0.0770750472532305 0.0269961500261761 -0.144870139444786
-0.010462721036619 0.119785989647369 0.0157334472449588 -0.0717612393645441
-0.0193156678581257 0.0754240275451669 -0.0413007962694068 -0.0399014452789586
0.0168521300124336 0.0531484712114811 0.00523863041883721 -0.022317253394876
0.0467351956053701 0.0517062139558257 0.0264480634021326 -0.0201175485131075
0.0462475326708545 0.0394114809595482 -0.0249174839884002 -0.00183342094529358
0.0215671183881329 0.0172815525895719 -0.00511494407186221 0.0223975444967314
-0.0234222605460177 -0.00786866465509228 0.0289504578643348 -0.0503399136755979
-0.0683411116086474 -0.0385995764834302 0.0184358769074451 -0.0615947761560755
-0.0967275724884011 -0.0472634345967852 0.06934279812925 -0.0248477011911374
-0.0621236072583836 -0.0531209373814845 0.0615539974178807 -0.0499958067366756
-0.0642353771985142 -0.106703248299893 -0.120941727072794 0.00246168049093594
-0.0826131103454834 -0.1337830171267 -0.0921117616278055 -0.0104100448143604
-0.0321524720962142 -0.0991959359228831 -0.0769260400611107 0.00273718867586243
0.0184423443795614 -0.0345514371225286 -0.0561782657145053 -0.0147230387687984
0.0337118513577261 0.0537675062970861 0.0210983613440942 -0.0722051694279775
0.0162704061064263 0.0887389482629054 0.0101552235268416 -0.0252119966713826
0.00755371062507576 0.0635749726795472 -0.0488009137760963 -0.00735102105675181
0.0146158946320795 0.0532743771955332 0.00955950195646174 0.000737621880477682
0.0238120317209513 0.0705789838534345 0.0399114022325942 -0.00127463958064301
0.0386031002021605 0.0785376594853601 -0.0258683053061728 0.0181431065907465
0.040594929778497 0.0358006070712906 0.00836729653456888 0.0500229260365883
0.000543147717184384 -0.040759659580092 0.0693226021797062 -0.0140230416178827
-0.0537516941649113 -0.0893773205031545 0.0588528914059472 -0.0246880972972359
-0.0861485106929692 -0.109023215690072 0.108477896491728 0.0120287927068046
-0.0554182373837532 -0.094635359067686 0.0953439234042473 -0.0269742684958079
-0.0677836857941262 -0.0674865818037393 -0.0866351771916117 0.0356269941689261
-0.10458974415073 -0.0918964814978943 -0.0584249223848001 0.0390253568717073
-0.0545342875550473 -0.0483658603431966 -0.0329891955668682 0.0579060604639364
-0.0113238232898367 -0.0186826315783606 -0.0309889341077117 0.038130678792502
0.0210167987622186 0.0247262279944392 0.025387145806044 -0.0356090344871523
0.0429035279539118 0.0488684910895224 0.00608719595357837 -0.00104926264360991
0.0361204117929106 0.0441388673986014 -0.0420051894850215 0.0145091389329143
0.0114006442283112 0.0461062736114227 0.0122341183215744 0.0232996150720171
-0.00504163381264398 0.0812053952671229 0.0396362327902403 0.028784182009021
0.0262687411822592 0.113128267477074 -0.027669190640995 0.0605528153927846
0.0645012531455135 0.0560151675767538 0.0103086293511786 0.116126485426506
0.0384507570823278 -0.0677842070955119 0.0909528006521011 0.0724256279165542
-0.0190917675431938 -0.130340907510158 0.0898627539452214 0.0565196041530249
-0.0592983038485476 -0.153834975570668 0.142202815735842 0.0699766099859154
-0.0379198554452144 -0.121680872357582 0.12774127096463 0.0181957189256538
-0.0559350931198333 -0.0236937775551585 -0.0508823049612847 0.0457349016064827
-0.0945040853987805 -0.041033099796682 -0.028297538408773 0.0507062423083115
-0.0573933758130681 0.00945916947476982 0.0071678218053246 0.0626701182017512
-0.0271969350882458 0.00978076330704905 0.00154992558533925 0.0433831909066257
-0.000114511264202675 -0.00152515290389775 0.024705968908126 -0.0158862109544233
0.0555947624944224 0.00576129724723368 -0.00124719465017549 0.00991708541071728
0.0483348885267105 0.0232952623468784 -0.0239163680280333 0.0233977188003637
0.00608720004550998 0.0343279576080829 0.0129272515310451 0.0413296766847603
-0.0255815054172756 0.0769060068037869 0.0248021344932238 0.0664494245331597
0.0167017007968492 0.12846932603744 -0.033935336925841 0.123969480611064
0.0969657002296779 0.0644671572350443 -0.00651570978013249 0.222371008810828
0.0867943771303482 -0.0976598178760824 0.0888331905302324 0.216025169686105
0.0274133409991729 -0.157360718681839 0.120534453528925 0.183093674925768
-0.0284082155077207 -0.165994244438354 0.170652175418776 0.145217461610995
-0.018681305553824 -0.118277235730384 0.150380868222147 0.0719639117311448
-0.0310443821732474 0.003746658287728 -0.0235394462594291 0.0384379944639658
-0.0573436049931997 -0.00952577240612665 -0.0181498755094174 0.033288057052676
-0.0341507661952451 0.0378270142040078 0.00886234903883715 0.0301918901241315
-0.0171959445655001 0.0292567871656718 0.0155998167753775 0.0204198762864858
-0.0183761804854552 -0.010145468137807 0.0173768714645984 0.00951143162576763
0.0404028888986314 -0.0172083332411985 -0.0106305151539713 0.0154090128690711
0.0353289640939668 0.00624365618965805 -0.00411087208758775 0.0256540003343281
0.00241211612131173 0.0167095739656277 0.0112575231683687 0.0553076474744462
-0.025863506247743 0.0505710335113352 0.00319643280675485 0.101134300469472
0.0147705081321453 0.0996306468010102 -0.0411612309280803 0.189696030683126
0.101831015593925 0.0472041008795591 -0.0273496332641321 0.333919770516452
0.100465256833549 -0.101190071473771 0.0786308934697816 0.391188995360752
0.0509797330621072 -0.137662410249538 0.163427914306257 0.331247550351532
-0.0127752952830495 -0.12712271950092 0.192176535206338 0.224321742137712
-0.00433481742641706 -0.0792273314646506 0.163751328302347 0.119116201306692
-0.0266255614267388 0.00843010773197339 -0.172255192425104 -0.135873187852266
0.00570381180349258 0.0127205743146294 -0.210160964533349 -0.250814382683175
-0.029394718822325 0.0173065836183863 -0.222460773612912 -0.392768824688282
-0.0264451404569492 0.023028723715805 -0.116377439555943 -0.48202993780751
-0.0382688235074366 -0.00604394270852293 -0.00170775808404929 -0.388143541911692
-0.0090730565188415 -0.0174657606106529 0.00559326077913833 -0.229653181380966
0.00457015201403432 -0.00535426656470681 -0.00688629568161149 -0.119855342218265
0.00624692220986336 0.00779676666389482 -0.021186087440042 -0.0614896843596035
-0.000443544545415542 0.00993642475201746 -0.0243967251441538 -0.0259290227166547
-0.00665508452646634 0.00587491332490277 0.00499986364987417 -0.015568435433449
0.00343937541855568 0.0081019235596565 -0.0159362467434109 -0.0252097348461855
-0.00790643836964606 0.0100656654395328 -0.0125100212417073 -0.00875403789284295
0.00253456691512945 -0.00177730279982776 0.0119192437899531 -0.0123536598330163
0.00499590884726893 0.0168029641254448 0.0245932728275543 -0.0252786126871076
-0.00493820432828801 -0.00234377089595978 0.0036807519556451 -0.0373461482158382
-0.0395943959831609 -0.0608963860579004 -0.177465486522374 -0.126924674198834
-0.00237263005177135 -0.0902725555841961 -0.20044332045339 -0.2336486626894
0.00673752959214532 -0.109354009446327 -0.205823509219193 -0.360076346418896
0.0667876009941593 -0.0652863477396609 -0.100012892212608 -0.436927955192256
0.0519215796745386 0.0408961586713303 0.000620928323607472 -0.356220969395685
-0.00593123696319958 0.0779585568843972 0.001387562654547 -0.207235087982495
-0.0129185244107954 0.0462033306630449 -0.0150996358580489 -0.108412756928052
0.0169485134421469 0.0300397563196636 -0.0166999306803481 -0.057643360673518
0.0373239496383752 0.0150692034074028 -0.018858642640133 -0.0262359135757844
0.0214611786646435 -0.0138759185651153 -0.00542709986557771 -0.0127922620159079
-0.0126545424274364 0.0135158485684858 -0.0158259692541355 -0.0121947398196748
-0.0194156941468084 0.059144101723349 -0.015360830535466 -0.0192709181462708
-0.0194509893254862 0.04343935871691 0.00332806091990089 -0.0272056538748737
-0.0390927128754481 0.040722748226749 0.0269478566098029 -0.0303807787140846
-0.0316857125390368 0.00489398809564209 0.00613050766502769 -0.0440029744525512
-0.0528151441424296 -0.108221200493921 -0.172325039416458 -0.0842542033697934
-0.0248447241780469 -0.149194338091205 -0.171422483240434 -0.158631895321876
0.0126494640408468 -0.164263511371777 -0.157271226888902 -0.22471974044014
0.0962622108978961 -0.0892863522829439 -0.08371671007348 -0.272961731113728
0.0830264598271268 0.0704948638675697 0.00247449056262324 -0.258097422258536
-0.00420712699330797 0.127474416735972 0.00145098214387219 -0.14404139882605
-0.0199075633043245 0.0757939428592712 -0.0333168022734131 -0.0755155824437129
0.0237380407150385 0.0450779834958891 -0.00892511756872042 -0.044661893629035
0.0577972443466907 0.0257214211124605 0.000938876681754584 -0.0283548568581289
0.042916982019959 -0.00276653049127215 -0.02021814549624 -0.0078497636585877
-0.00152757276101705 0.0116686089332371 -0.0138295799888064 0.00970349553101122
-0.0302982032118296 0.0426206438135384 -0.0117125519285057 -0.0436989766804156
-0.0541949339046264 0.0272228920729287 -0.0125081717863546 -0.0541775019002831
-0.0797169708494908 0.0215672821909546 0.0351379140910788 -0.0409139372047209
-0.0537317260356418 -0.00879423474035792 0.0239974839296165 -0.0569609856860438
-0.0659958614443707 -0.119599927539074 -0.153860166241901 -0.0287006974080085
-0.0632192054779049 -0.1528175399126 -0.133774073558726 -0.069935786888671
-0.0150516588119158 -0.143699094125071 -0.117730148705769 -0.0846875745496266
0.0585318448572145 -0.0641326202402313 -0.076190960164173 -0.110696246569662
0.0639958016031826 0.0694306991904377 0.00497578692298938 -0.148840378558395
0.00715238180410581 0.120785086188932 0.00476595806790708 -0.0741442044396894
-0.00780293625569705 0.0787456647790887 -0.0481371050731001 -0.0344144316943562
0.0259014943676656 0.0510634066820858 0.0010542422118212 -0.0237612984888215
0.0555179386069813 0.045577488039814 0.02322110855539 -0.0243406200759184
0.0523073668525253 0.0326129332839309 -0.0265484150266001 0.0010207753723421
0.0239798619494459 0.0146417414291473 -0.00279561427478159 0.0228848517683701
-0.0248885619170371 -0.00526302210415948 0.0214779698458234 -0.0551513261462944
-0.0739068159750351 -0.030690149480779 0.0111756426353373 -0.0643322872946446
-0.10250393812769 -0.0366308268169228 0.0670898074306865 -0.0337055803136892
-0.067959927725671 -0.0452495177301477 0.0557479003408898 -0.0584737366648092
-0.0772114568517287 -0.0998575458346952 -0.122808233541299 0.0200796502616433
-0.100617010879485 -0.124708827131382 -0.0951164173069698 0.00352631466374922
-0.0440254686604554 -0.0970717260061262 -0.0768976901151859 0.0132185025254775
0.0139067354350777 -0.0383307760559262 -0.0596096287207641 -0.0049543379110541
0.0419763485987413 0.0483378062000052 0.0110332060640284 -0.0747674975632181
0.0293394076045487 0.0864440760682039 0.00740392727332672 -0.0268489944336235
0.0176882075860458 0.0638395818832039 -0.0507571789857323 -0.00115668960779595
0.0236521639287995 0.0514012847645035 0.0087407046814125 -0.000678654442863437
0.0350655920769462 0.068300207266968 0.039354670598871 -0.00690308856870708
0.0502936172481303 0.0739563094115134 -0.0238589065594839 0.0216096463346215
0.0461565757944324 0.030096700457927 0.0149598151344954 0.0486103504173273
-0.00327325033328673 -0.0414078033803014 0.0679343275091448 -0.024335110979872
-0.0648405198627087 -0.0840367374253859 0.0561334728591097 -0.0321579327636819
-0.0991838004979026 -0.0991693715028723 0.110914336826928 -0.00156280159255605
-0.0659735393336447 -0.089413690342619 0.0934411963653557 -0.0388027544733532
-0.0752083945555431 -0.0590328056228482 -0.0821828469262367 0.0489453655738111
-0.117763429137667 -0.0798628130084785 -0.0549578358367879 0.0478170798482206
-0.0612321240110006 -0.0419699012787818 -0.0252664684620604 0.0641999298804299
-0.0145001683545754 -0.0176200154202857 -0.0256804192343131 0.0441988330235989
0.0243621205608401 0.0220802029340936 0.0201687776564141 -0.039722264302703
0.050475686580137 0.0430603143073157 0.00667867554882295 -0.00192878073197735
0.04300446447752 0.0390928345260859 -0.0393762579887225 0.019960982538394
0.019062433968723 0.0461607680828674 0.0144995336893517 0.0217030420328213
0.00749186364586574 0.0830072681685197 0.0442808530123712 0.0233865061151397
0.0419884513199676 0.109865016495664 -0.0195471941778345 0.0631474213048885
0.0721871100346499 0.0472031874708451 0.0272470750017029 0.114171465928992
0.0300401315387645 -0.07403372465576 0.101557957177685 0.0595346229929205
-0.0342647397324425 -0.128008195818881 0.0966871179929475 0.0465553040848665
-0.076739619315754 -0.146451629588699 0.151503422938434 0.0529056737623172
-0.0510675493217061 -0.117497525903799 0.130254369913587 0.00203977879085143
-0.0588179608381035 -0.017136573246731 -0.0445725525904278 0.0546708623266272
-0.100514538867202 -0.0288623715760837 -0.0219316276917642 0.0558515879042797
-0.0566860415829473 0.0162337533387964 0.0173323101477191 0.0629478842785058
-0.0269459459004884 0.0133106589910899 0.00870295092177103 0.044882523563876
-0.00110407971250587 -0.000557311037013212 0.0224620745078411 -0.0195947035572618
0.0560405646537671 -0.00131558264993917 0.0007649571452332 0.00996560207468255
0.0520204409560332 0.0166656575000062 -0.0191615483580309 0.0258601936995659
0.0129551007492838 0.0337536697792308 0.0188606987641905 0.0400626134300377
-0.0138815188140793 0.080819024323008 0.0357867121734595 0.0632072737199237
0.0345866863416017 0.126545867394513 -0.0159409353685764 0.128656980036772
0.106036643903737 0.0515743792609026 0.0267909460204047 0.22295674232493
0.0755912818602112 -0.109685394493543 0.118603451718777 0.202775223529431
0.0083997793758048 -0.161399971900539 0.142924221776754 0.167192968150139
-0.0496513389451882 -0.162020095489161 0.188161707299314 0.123584417093303
-0.0316167614419405 -0.116999470683619 0.159290899872224 0.0532485046926135
-0.0305917259875119 0.00769910272799777 -0.0186335980998087 0.0433458199254842
-0.0590058011199767 -0.00270917249391423 -0.0138205298018121 0.0362009326457534
-0.0300469960146636 0.0421179341355827 0.0128877858648462 0.0308858471039466
-0.0138129359504869 0.0314396762254475 0.0202106859746853 0.0175974242309903
-0.0200529369291459 -0.00722203397491471 0.018553122036455 0.00742980891859377
0.0384834019318046 -0.022559036499185 -0.00949943638670426 0.016417101093226
0.0364913824979731 0.000666345219448274 0.000811307737334839 0.0256601237831982
0.0046136977981118 0.0163274466310511 0.0215120146114669 0.0534276438282532
-0.0181730037485667 0.0545862306154365 0.0200407475725364 0.101814815363816
0.0270437044826762 0.0985544283659128 -0.0121266609030251 0.195424915829425
0.109140648698788 0.0334143752612978 0.0206738604689769 0.338926582001636
0.0876414047172897 -0.113391441789009 0.131497019254681 0.379409362125855
0.0349300644470674 -0.142445275881098 0.204309552159375 0.309217701342117
-0.0267595805909465 -0.125134736973161 0.219552515839936 0.199458764179378
-0.0122084120698515 -0.078574728140041 0.178227157632945 0.10009260193314
-0.027227924375388 0.00873256414325942 -0.177799314623836 -0.135145231270938
0.00523940342490626 0.0131254032149794 -0.219091807053525 -0.248552942019063
-0.0298575370515677 0.0184864804373984 -0.235783933910457 -0.391236806101407
-0.0266412076233854 0.0245364000823926 -0.131273866489067 -0.48276280997044
-0.039700922320751 -0.00459760711167539 -0.0152087265441741 -0.391970006367529
-0.00987811498706055 -0.0184652926805344 -0.00431543423942112 -0.234631334561644
0.00352276944345052 -0.00515246519669375 -0.0132047310932889 -0.122196543940306
0.00663049036289718 0.00717981149246803 -0.0246220519616027 -0.0615081743691117
-0.000507001482809956 0.0111822263542214 -0.0268175538213331 -0.023210622872855
-0.00659463518454499 0.00695558526276757 0.00562597825800708 -0.0146032131922172
0.00323931839629707 0.00821126367627248 -0.0162231540534683 -0.0250292338491931
-0.00779925152778645 0.010430602040504 -0.012974771904941 -0.00866577044297279
0.00306341554681571 -0.00161464563572693 0.0122792981610116 -0.0138316874187096
0.00489758363696374 0.0170864763456327 0.0244985103602145 -0.0281775397146005
-0.0052360256873255 -0.00174009425990385 0.00308205680313402 -0.0389493655599196
-0.0418064541792963 -0.0612664119619746 -0.183591277154268 -0.124972490823682
-0.00354543780872646 -0.0913786008534685 -0.209153616054545 -0.231137476194427
0.00399174084794664 -0.111605469986643 -0.217947568232254 -0.358329276381708
0.0667035003007368 -0.0683670139446957 -0.114180195227191 -0.439382950259815
0.0550760555531021 0.0390421704964703 -0.0118711668663577 -0.359823527357564
-0.00252090733321512 0.079169957572108 -0.0085212285385477 -0.210494300052139
-0.0111347343471208 0.046982649149242 -0.0209477852031615 -0.110409416583965
0.0186429642452134 0.0293771187118847 -0.0204826703340191 -0.0582766040136088
0.038400555551025 0.0130776833519919 -0.0214052860383083 -0.0246348477616355
0.0210782661787232 -0.0144395176533442 -0.00533637146296653 -0.0117259682457364
-0.0128048325773047 0.0148106646073263 -0.0162864954142737 -0.0119378143614136
-0.0181266717413308 0.061267540651181 -0.017227903079854 -0.0189055814741539
-0.0183123362971353 0.0449994937262685 0.0026309541742608 -0.0286818499420581
-0.0386332741657451 0.0426348912279138 0.0261294051245517 -0.0331318104411786
-0.0313694089358441 0.00629723859743158 0.00534450180475452 -0.0456391827902685
-0.0554774674404103 -0.109016410292762 -0.177423520803701 -0.0814968292172743
-0.0280010779737469 -0.15062237365357 -0.178224863463322 -0.156111643408609
0.00878890241330753 -0.167804270982438 -0.166388714681084 -0.224544652575603
0.095349708226178 -0.0946748767732473 -0.0927064310357037 -0.273035923553102
0.088564669190272 0.0681979431646394 -0.00766900837598229 -0.260461775913613
0.00162088227247192 0.128967011088789 -0.00413797641038713 -0.146774819141028
-0.0165432779567193 0.0773124654114302 -0.0374531080024972 -0.0753549259126006
0.0264864891273736 0.0442514984239119 -0.0112093105345108 -0.0438398734300008
0.0604846753327614 0.0242283518168129 -0.000888093961042783 -0.0278296474086244
0.0426009970732197 -0.00399885618527993 -0.0206752451835431 -0.00585244337342322
-0.00172403819199501 0.0117191111430723 -0.0140354100613762 0.00990102791263288
-0.029661123167644 0.044468093630771 -0.0137742501247735 -0.0449246978730545
-0.0547781499666548 0.0290595884051042 -0.0133904901557361 -0.0560081848217477
-0.0807030483670341 0.0244456691953933 0.0353964670136282 -0.0433699126156406
-0.0548206969157922 -0.00767761258794145 0.023471673448807 -0.0593304237392901
-0.0706266030283264 -0.121335952901525 -0.157387854098391 -0.0248408787661071
-0.0679288395082428 -0.153973725542388 -0.139159671943723 -0.0667888652373599
-0.0189906489083209 -0.146220178484068 -0.121133210506048 -0.0821586155607577
0.0582381095808643 -0.0674919254056593 -0.0810216365365569 -0.109428986908316
0.0683532709169647 0.066862277144933 -0.0012264942097839 -0.150313223046477
0.0122459113033049 0.122169488911444 0.0025811599575044 -0.0752770286522402
-0.00327972300544175 0.0798649944100572 -0.0509543282854883 -0.0329852281261783
0.0291268951989019 0.0513515507369833 -3.64955396923186E-07 -0.0243623650788008
0.058153663734257 0.0436724612233745 0.0227009662521556 -0.0248090740213495
0.0540339515325381 0.0312799023935471 -0.0271421147758185 0.00207505404581802
0.0235310107341108 0.0135720429081072 -0.00201332192783023 0.022486287062061
-0.025736789063488 -0.0045905292142578 0.0200263062851686 -0.0571521248608516
-0.0770002908995498 -0.0297058371328838 0.00928948634740066 -0.0660617667580058
-0.105956575706789 -0.0339880959948151 0.0687896740383136 -0.0369405484030728
-0.0695349922125533 -0.0449373986822099 0.0558329221819864 -0.0613724017755646
-0.0806649231426338 -0.0993936242542977 -0.124143714458165 0.0230092728580575
-0.106259150601749 -0.124226761498105 -0.097647142243671 0.0067168052640612
-0.0480221814693819 -0.0981103727453042 -0.0781226521819015 0.0158010735364854
0.0131111345734277 -0.0410933319518706 -0.0599382588926551 -0.00199837665171111
0.0439840497276415 0.0477633238775713 0.00904041913964024 -0.0760552740526751
0.0319822307595735 0.0865320547261862 0.00659794322439003 -0.0268002463327153
0.0219448616371876 0.0635981713833764 -0.0510132733485561 0.000681186474522266
0.0274940349086611 0.0517964115353663 0.00975249726322766 -0.00120824811068223
0.0386588109108042 0.0674004004220168 0.0398452482602422 -0.00876018578017527
0.0530966961655491 0.0718821089235102 -0.0238796325227415 0.0227968396128301
0.0472085090290676 0.0278461873495028 0.017105036982515 0.0478546089342903
-0.00485372060405393 -0.0422259175283003 0.0675544306111227 -0.027357485514828
-0.0691733197517723 -0.0840655961412978 0.056174834983562 -0.0343738157027691
-0.104378060837632 -0.0999219535513434 0.113820341469625 -0.0050170173973198
-0.0689242512210303 -0.0889142365543712 0.0948275367094559 -0.0417809538199909
-0.0780728132988953 -0.0586739732512994 -0.0827677190617535 0.0526325664074438
-0.122584329221589 -0.0793335962610399 -0.0545964217391653 0.0503782713894763
-0.0642819121966654 -0.0420320601920322 -0.0242681621375422 0.0657772251899751
-0.0160639774055956 -0.018411220669877 -0.02386260018019 0.0463740816599402
0.0257722331535213 0.0209541805667435 0.0200465218012987 -0.0399381300554326
0.0522182411093202 0.0413553398711336 0.00796146796046041 -0.00111662164465615
0.0455401450935084 0.0385478271449707 -0.0389448047467291 0.0213580144235339
0.0228108037901174 0.0454410791141115 0.0168225628718837 0.0215144599293636
0.012407012262097 0.0842925424678181 0.0455138294369523 0.0220903775506272
0.0475618156439188 0.109194881256373 -0.0174938124592781 0.0648267184088057
0.0751993050910944 0.0445054333123853 0.0317310287947797 0.114075978784552
0.0274649295062274 -0.0770798509451755 0.104644471581144 0.0560829999942602
-0.0388273086500775 -0.130192264250553 0.100238661554038 0.0440344111640901
-0.0818309317185459 -0.147776356705847 0.156480857354363 0.0495571905983242
-0.0546824424746765 -0.119798941874043 0.133795390650721 -0.00152281863449644
-0.0605891854795332 -0.0163298045630327 -0.0448152873644314 0.0569234428172595
-0.103839060950214 -0.0272095572642873 -0.0218256919164349 0.0583158854024227
-0.0578567908896419 0.017812962829858 0.0190507290895098 0.0637418319855177
-0.0271569595655175 0.014058757490727 0.0106728277668509 0.0461844013814721
-0.00145151363789787 -8.61832621490853E-05 0.0225214269710584 -0.020119130986415
0.0572757434836849 -0.00378102268630832 0.00156174818084995 0.00906769291380977
0.0548751249651068 0.0143769567913547 -0.0185775507774242 0.027761924495852
0.0155346170794885 0.033068523751446 0.0218962451173482 0.0412204799162589
-0.00950602165201398 0.0834715023446889 0.0393618176243115 0.0631112889949828
0.0403352025912705 0.126532026842198 -0.0108778918671468 0.131374957516941
0.110639700158487 0.0478598315006402 0.0344415078105671 0.224618622066814
0.0729258022724205 -0.114727341602126 0.125027982987363 0.200512828227154
0.0047454778077869 -0.16549329338726 0.149909253831044 0.165775731192714
-0.0537812198468028 -0.164501565960633 0.195510131133031 0.121616404924644
-0.0340865878192229 -0.118426106860811 0.162987010432429 0.0513647428891233
-0.0299799529164066 0.00760482103644115 -0.0181584295284218 0.0454762866253669
-0.0608479677522622 -0.00156276853785481 -0.0135411710378639 0.0387033191533172
-0.0297464756507419 0.0440502370746186 0.013800944379581 0.031639763944216
-0.0131320205139549 0.0332452395602239 0.0221532824063533 0.0182437443083374
-0.0208151626351788 -0.00536555052417233 0.0182826068659427 0.00677082420982464
0.0386298859008661 -0.0243785949548553 -0.0085282026090228 0.0159222135958422
0.0385337092617698 -0.000513918570759452 0.00296561466117769 0.0247419308567064
0.0067817660747299 0.016631295191774 0.0244261720319958 0.0543733412005016
-0.0160772918230544 0.0568506914569127 0.0247782976842763 0.103801342767097
0.0323953109459232 0.0987764149077114 -0.00394929213313333 0.19824535944578
0.112714697681668 0.0295105352171245 0.0321982823052026 0.340853931682818
0.0857730772915008 -0.119895852942521 0.143726617099207 0.380227067703221
0.0317416369881427 -0.147402431466767 0.216593544181846 0.309041897582739
-0.0303568217650085 -0.126489865577715 0.22771746204701 0.197863597615418
-0.0145961754575343 -0.0798740067731479 0.183376493063301 0.0977839921674589
-0.027578737285681 0.00945613096586541 -0.182645636538237 -0.130342990907587
0.00601553247504135 0.0136567798997361 -0.227708174047647 -0.241748879820168
-0.0292383143882912 0.0199956967096249 -0.251019137877235 -0.384069812280392
-0.0256793557780091 0.0257896952095324 -0.150221641634659 -0.479090628924139
-0.0406544563509165 -0.00300218593212347 -0.0343909909480084 -0.391222359935834
-0.0111446547430412 -0.0185042108782562 -0.01895572753569 -0.235270683431359
0.00353329223824276 -0.00514907360840965 -0.0212821072201082 -0.12431910670266
0.00662118949993899 0.00740054801885198 -0.0293035810233964 -0.0612831453322402
-8.99257083263431E-05 0.010363765225675 -0.0289295625397715 -0.0205811063317051
-0.00584828581470158 0.00750756431873282 0.00531006662544306 -0.0131029075055246
0.00376264686005719 0.00832192881235177 -0.0174677825076558 -0.0242123693650383
-0.00679270327276617 0.0111915779654729 -0.0152336704395966 -0.00841216422205723
0.00359472545711716 -0.00215248435514199 0.0122870927192309 -0.0148250627647975
0.00572035985291487 0.0172974545500571 0.0232214005513734 -0.0295420525580619
-0.00530994325396613 -0.00267698539542216 0.00163025745393316 -0.0404071459275062
-0.0442057436265059 -0.060420155167402 -0.188950092565261 -0.119066330967415
-0.00708138713508246 -0.0924822908657194 -0.218397401695242 -0.224475887812001
0.000331952392119651 -0.11381623205599 -0.232541809175671 -0.351987386840438
0.0649270452189208 -0.0727502469928684 -0.132780991556565 -0.434165486112988
0.058005151033539 0.0355454393499798 -0.0290741409859016 -0.359663910431609
0.00147203929040765 0.0785713348752198 -0.0211684262240918 -0.211672380747426
-0.00787336022633967 0.048357546564805 -0.0283582467784288 -0.111512108870079
0.0214137716444757 0.028912918139438 -0.0240810207484042 -0.0573451331531795
0.0403829657076345 0.0114072878170665 -0.0239671827801269 -0.0221070850767995
0.0204814795787102 -0.0150567979369222 -0.00586224369190856 -0.00990955913369135
-0.0125113441037829 0.0161617940009813 -0.0165935823496642 -0.0117588645306511
-0.0154357857057245 0.0627282750522361 -0.0185760031071863 -0.0188691300058328
-0.0161905866590233 0.0464105525964575 0.00163601957581932 -0.0296999975172958
-0.0373315110662621 0.0448732455082792 0.0252890256132829 -0.0350137789411468
-0.0319582381243528 0.00667970436265192 0.00406131687334941 -0.0479425900215535
-0.0594528418113733 -0.108533896490907 -0.181106439631814 -0.0759074074335487
-0.0332645064205579 -0.151115309957803 -0.185651740556011 -0.149484087082097
0.00339132998360779 -0.170072232961181 -0.176258687107684 -0.218106252502698
0.0934708459089895 -0.100984743001811 -0.105920078500778 -0.270186130357899
0.0931433904487922 0.0632869698555446 -0.0201180980872194 -0.260887075753777
0.0082256846941601 0.129479551599883 -0.0133147034381562 -0.146585343583194
-0.0110264671904276 0.077921745175204 -0.0427507988162937 -0.0751507162740209
0.0300318177816549 0.0428127152302184 -0.0137331347341602 -0.0443684875878684
0.0631145025417935 0.0208804647502015 -0.00274852190838991 -0.0263473530467941
0.0431335159669377 -0.00582815105933149 -0.0210911940992388 -0.00472055807560808
-0.00179948606019598 0.0128730086673453 -0.0137513056936864 0.0113680329930913
-0.0284435328651769 0.0462086162464313 -0.0169295073882911 -0.0452047341376771
-0.0544088964295942 0.0319110897273062 -0.0166294746766369 -0.0556755940990681
-0.0812320264406606 0.028340559480403 0.0346145698159494 -0.0457009251335481
-0.0554640115302091 -0.00668326840518006 0.0215892413723846 -0.0611382183390255
-0.075219752123443 -0.120002905546313 -0.159819185858464 -0.0202118308699002
-0.0730126663039815 -0.152143078900702 -0.143429415752223 -0.0623846759666279
-0.0241884389035233 -0.14734290957935 -0.125154812799169 -0.0777769756612554
0.0563229539914663 -0.0710750455457688 -0.0859335048895704 -0.104636363945297
0.073194469407994 0.063224001715981 -0.00788456714901473 -0.150791520938365
0.019001920700053 0.122305473326541 -0.00149664326172734 -0.075570117115286
0.00116482054308684 0.0808756559078344 -0.0525274184667347 -0.0317255691744288
0.0334583237626396 0.0493707759811279 -0.00085245262266008 -0.0249229556770212
0.0615026063240387 0.0414981752584707 0.0212722512233413 -0.0256851217911413
0.0555713451550864 0.0286597688065964 -0.0276829808797299 0.0037524741129005
0.024352382601791 0.0122586944329444 -0.000904099649408821 0.0228208467615319
-0.0268839532676926 -0.0040674539132072 0.0167813362558919 -0.0594599347032444
-0.078538941081478 -0.0273673455408525 0.00736015931878314 -0.0669966495678612
-0.109136920372865 -0.031145748925679 0.0686587291757053 -0.040776465596509
-0.0714354538950205 -0.043764082600077 0.0535792733842347 -0.0646144146559343
-0.084934736806171 -0.0978661037131309 -0.125255303363821 0.0283252839545275
-0.111522434375199 -0.121896005039938 -0.0994117969797697 0.0107372328663974
-0.0522661782702918 -0.0970237926524415 -0.0788340613005457 0.0197708114798696
0.0119601607089104 -0.0420799029957611 -0.0605282098224205 0.00200795172980619
0.0472746111193708 0.0454123261423954 0.0052122810108362 -0.0754704809931785
0.0381317286159947 0.0856442920724881 0.00617958271113015 -0.0272641411680184
0.0259106785604521 0.0624478636995674 -0.0518030754452439 0.00308195346835848
0.032269334817953 0.0509371289903134 0.00902628683855099 -0.00211805209784921
0.0436759068250138 0.0652548107680895 0.0398385372965149 -0.0103339151093275
0.0576995723871298 0.0700117044803636 -0.024386821588478 0.0241090842529191
0.0489633081976861 0.0257010729029661 0.0189152968275811 0.0467318571523941
-0.0071898713053821 -0.0437599484675635 0.0661210131929963 -0.0314246865019462
-0.0734221131010168 -0.0827257018775301 0.0558526672386585 -0.0357213371264166
-0.108726581331175 -0.0962426343826422 0.115704419353423 -0.00909647869784608
-0.0728789199458839 -0.0894798956024595 0.0940047350198179 -0.0456254785514009
-0.0812911403953687 -0.055758014728759 -0.0836480428680158 0.0564380459367189
-0.126794978897923 -0.0756122050984346 -0.0556159396961161 0.0540309989602093
-0.0663286615209041 -0.0401526684667103 -0.0210686806370394 0.0680473483104015
-0.01659318063096 -0.0186786062145113 -0.022002937322004 0.0497255311272189
0.0266842843005961 0.0200463885516096 0.0183288750199955 -0.0407363878232837
0.0559239486811243 0.0388664725336177 0.00873625742719638 -0.0020701089147163
0.0493064628727261 0.03592118066538 -0.037505331208319 0.0228631174785128
0.0264091948412658 0.0446469738676891 0.0177983770211024 0.0210019516902537
0.0170258066963398 0.0836051493905553 0.0475685492928634 0.0199305771446274
0.0535773845643821 0.10711377566309 -0.014455983000998 0.0662617703426995
0.0781668550558752 0.0407622786763642 0.0370320217041962 0.112824360845629
0.025920873096513 -0.0789299336962937 0.107978154572954 0.050490116498312
-0.0443184197807339 -0.130348591496497 0.103096507130097 0.0402788699125599
-0.0885991980103336 -0.14663492663144 0.161156900505808 0.0434685571358814
-0.0597253005718485 -0.119309113370619 0.134075524736011 -0.00564013511555424
-0.0610668886495554 -0.0142113846488579 -0.0437373464885514 0.0602493900828172
-0.106559484189274 -0.0238407555419292 -0.0212960630902132 0.0606037770957525
-0.0584974182747149 0.0203413726870132 0.0218983269624544 0.0649767438265476
-0.026999819271118 0.0159828531577633 0.013026397412667 0.0469659288495617
-0.00135671527414178 0.000267485028987619 0.0218686579992232 -0.0207933677973777
0.0577854787809153 -0.00717202738329865 0.00301051700545054 0.00942536898908895
0.0569154624943653 0.0112636984484555 -0.0162666503408208 0.0277050552833124
0.0184616293510509 0.0332794900508085 0.0242510706678301 0.0404918602436802
-0.00507892815291496 0.0838081634383361 0.0441742179420238 0.06205057144684
0.0480135490499387 0.124795276652779 -0.00338624578236418 0.132222436111416
0.114068563891299 0.042231406764346 0.0461536359095519 0.223112424467457
0.0699007872488439 -0.119195390109086 0.13468730936555 0.19475938123033
-0.00110433958162822 -0.167018216712446 0.15722867131617 0.161194769260822
-0.0604818972532188 -0.165359381600613 0.202381192857535 0.113745203452027
-0.0389392220286405 -0.1193233291089 0.167013059387002 0.0464192845398634
-0.0301166601501518 0.00920286842759825 -0.0167571299296328 0.0475237035051676
-0.061750107088515 0.00085675969496174 -0.0129033295894212 0.0402530533779774
-0.0282132006004869 0.045478696020051 0.0152150337140987 0.032924913702892
-0.0122318263496291 0.0344352866136858 0.023604401038743 0.0181164366253064
-0.0211871829330936 -0.00321560107388752 0.019436386368576 0.00644232715712445
0.0375590407966225 -0.0270908081044167 -0.00806500553605086 0.0166433424095896
0.0394302800242814 -0.00247692621937397 0.00409827859679051 0.0243866338632196
0.00836427732653633 0.0166007764399103 0.0274313500325503 0.0536773975719609
-0.0132765170800094 0.0583989016644227 0.0314582179972585 0.103306435948602
0.0380788940968248 0.0975463203567186 0.00762289544763248 0.200524878615308
0.115900450563312 0.023388595213491 0.0493185562721351 0.338727103251612
0.0821027340135765 -0.125307029858615 0.159866027279881 0.374403188549261
0.026723626250537 -0.150962872707056 0.229409273765247 0.301490247858459
-0.0356658498400513 -0.127379968013434 0.237509609315185 0.189753618469355
-0.0174343270929643 -0.0802054468082304 0.188379185787767 0.0927845485247462
-0.0265861377279001 0.0109366143089461 -0.187427949165506 -0.121711801393507
0.00635199153945877 0.0132115150012096 -0.236597962778509 -0.229987112420711
-0.0286712852519692 0.0209928429291136 -0.266777923506185 -0.369213874528049
-0.0252022205717336 0.026874004977762 -0.172419586684209 -0.467639687916626
-0.0407530051621151 -0.00157460272244289 -0.0552037565856562 -0.385766050119645
-0.0119262851293883 -0.0171638698512942 -0.0338502925331781 -0.233188674946379
0.00301851806129505 -0.00545527306465331 -0.0300080909517658 -0.123657753818325
0.00674746617543167 0.00691893327682535 -0.0339732341779312 -0.0595445157464104
0.000748181336207765 0.0106274529033484 -0.0306769026068494 -0.0167219835003348
-0.00550273045117638 0.00824488795688165 0.00576313026188991 -0.0127964006811826
0.00449899507561768 0.0076251122658207 -0.0183763797278431 -0.0234258737944975
-0.00627869151598846 0.0106964744870635 -0.0158350397269361 -0.00818009590512702
0.00373921725298764 -0.00278427660612371 0.0110594752820454 -0.015501704859108
0.0069472958846831 0.016600829004052 0.0211688697641719 -0.0320470617403774
-0.00461000448345103 -0.00246780643660915 -0.0003067100950983 -0.0401930919851873
-0.0462879038445599 -0.0582257565628714 -0.193936215200067 -0.111996578303458
-0.0101834291056503 -0.0916653474719785 -0.226264650765402 -0.212883468775634
-0.0039390807656192 -0.112879449747846 -0.248600680726162 -0.338104790544811
0.0614664857756747 -0.0771177933579504 -0.151847087194551 -0.422887367555721
0.0595294050331361 0.0314480134773095 -0.0489571264324032 -0.352941563015093
0.00654681957882172 0.0782491407735731 -0.0346877485253824 -0.209123786486568
-0.00357082308996262 0.0480079665696051 -0.036505468195222 -0.109680361739584
0.0230976918950749 0.0279033883735835 -0.0289376150570374 -0.056267644000112
0.0407958621665795 0.00937761304786914 -0.0249942061733402 -0.0195422249928501
0.0190242115979084 -0.0160336242849565 -0.0055832634982184 -0.00900426424407381
-0.0113047839101041 0.0177097849929825 -0.0176358421531907 -0.0110926518245563
-0.0124127990597295 0.0640951164920359 -0.0209287960818468 -0.0188287586341699
-0.0139887227281577 0.0469889254559307 0.000204063787333541 -0.0295086638412642
-0.0347266584136438 0.0464764501951309 0.0233146492218559 -0.037378597473493
-0.0302095441024154 0.00792806054897462 0.00164121586527491 -0.0475379284410105
-0.063334863655669 -0.105704518926157 -0.185001189350859 -0.0684301119007661
-0.0387161111107128 -0.148919294233592 -0.191177430797045 -0.14075741277389
-0.00475884392180104 -0.169643021436286 -0.185869839465453 -0.208176144470747
0.0890821539404044 -0.10665000306868 -0.117549824368096 -0.260720270118956
0.0978336178899112 0.0566732301436133 -0.0336872419212694 -0.256292490588602
0.0156832377559383 0.12742422827561 -0.0222053097081029 -0.14521476150055
-0.00627283399740227 0.079557942276275 -0.0479324590060545 -0.0723908994176886
0.0334123449447231 0.0414408532906998 -0.0173711505926566 -0.0438167506871341
0.0642484585150313 0.0173106726944207 -0.00476692749176062 -0.0249036779935747
0.0431395491829932 -0.00753604266471196 -0.0218324194185682 -0.00234406926658532
-0.00170330804357634 0.0133303965506482 -0.0130626523067025 0.0117561733255494
-0.0260867499905131 0.047929293745731 -0.0204917475075355 -0.0444859461624662
-0.0526801174580479 0.0342841734157218 -0.0185450037098618 -0.0544916469688855
-0.0791621674032871 0.0316318328165434 0.0324871582278452 -0.048400074315854
-0.055206266922643 -0.00370982759272986 0.0190952757570773 -0.062516198121354
-0.0791251985400291 -0.116657978618773 -0.161388779897103 -0.0140836001527235
-0.0795060965374104 -0.14967825709143 -0.145709139390445 -0.0552112598192391
-0.0307793779646821 -0.145694013108468 -0.128815649472723 -0.0718313893911654
0.05273351643544 -0.0752270412653029 -0.0906177439505841 -0.0974093429717325
0.0764318648717026 0.0589679068295106 -0.0161214225777647 -0.147901801729801
0.0265297213604865 0.119865905442643 -0.00603331496027661 -0.0749818238119715
0.00713721207141133 0.080676616044362 -0.0553059483479633 -0.0283531188418111
0.0370482561385752 0.0477541730944514 -0.00352538237292503 -0.0243764792436532
0.0647547101069628 0.0373361849696976 0.0199031004650654 -0.0254699757858024
0.0573606624041123 0.0255715825685 -0.0285845089847375 0.00573575888095483
0.0252107578969807 0.0114536851737838 -0.000783018159668907 0.0228462278427532
-0.0268673858240696 -0.00337681729433693 0.0131422351355898 -0.0596590658187562
-0.0809038616384294 -0.0234160979173426 0.00400370783023228 -0.0669972577394533
-0.109882996059044 -0.0257373607275904 0.0673121586314826 -0.0441381766578641
-0.0721502719893714 -0.0409257319437945 0.0501409517208599 -0.0667555566995725
-0.0878009157489006 -0.0944664277278231 -0.124417712664378 0.034452877555745
-0.11527589814794 -0.116447510600223 -0.0999279353902679 0.0161452275332341
-0.0556758592059665 -0.0950827273160187 -0.0771898132521833 0.0230932058257432
0.00994396578442947 -0.0435468268689526 -0.0601363745235235 0.00610703804758546
0.0506003593473138 0.0420376879818723 0.00165988896167556 -0.0745903986258579
0.0429402256800599 0.0823971102020895 0.00512150670389821 -0.0272997408498292
0.0304811005452898 0.0618549322854513 -0.0512899551547536 0.00556400174826273
0.0364209573447516 0.0473688923650073 0.00919152858602607 -0.00177386639643047
0.0481849041334936 0.0628853676408396 0.0385345841711224 -0.0124310330430744
0.0616707501452176 0.0664617322805933 -0.0233098002214482 0.0248707061493289
0.0504742838162302 0.0227597726742622 0.0210209885540779 0.0455782989414129
-0.0086958173364217 -0.0440811131811651 0.063968531584735 -0.0349738075761319
-0.0768608609103427 -0.0797337375467019 0.0533165900785506 -0.0388643568678403
-0.11297204634789 -0.0922620279918938 0.115803055471364 -0.0147553319651443
-0.0748625864264556 -0.0861063080142987 0.0917630677925933 -0.0506681841543096
-0.083624149668426 -0.0537009508278058 -0.0812029147833055 0.0599357792361848
-0.130433250362954 -0.0691913361484267 -0.0542328371838314 0.0571737667600205
-0.0688343370898103 -0.0370031618636238 -0.018195361532056 0.0684130590000701
-0.0174706858192397 -0.0182498192516981 -0.0192880855425681 0.0513264968526687
0.0271450338537818 0.0186417263171121 0.0169273944409327 -0.0410500792174799
0.0582607706045656 0.0348073251425261 0.00913281862343539 -0.00272994027263176
0.0519951554544084 0.0331400098478294 -0.0361490662080639 0.0243862821953513
0.0306850581322661 0.0425871394894534 0.0197279382364079 0.0205564101715049
0.0240715447217059 0.0827114719634346 0.0485938008591478 0.0175144681112763
0.0605338238066102 0.10300833163236 -0.0112620588610533 0.0663437598804431
0.0803002406391943 0.0361521714331731 0.0424164684130652 0.108896907097256
0.0226858901513473 -0.0815716274745878 0.108447383651499 0.0444247104440555
-0.0498969727583689 -0.127888804059584 0.104080395557478 0.0354577164998162
-0.0942539067043316 -0.143194317664523 0.162607868684679 0.0368612009734449
-0.0643187108336096 -0.117516006539279 0.133782761914496 -0.0113922032003788
-0.0614783041567721 -0.0121308664586498 -0.0421031905057052 0.0625626510048849
-0.108011958908459 -0.0196533811267313 -0.0196489821627436 0.0624231506352703
-0.0577835122508623 0.0228690495351229 0.0260886576029418 0.0633670305241445
-0.0271634229595991 0.0162687158298311 0.0166546653050582 0.0475371723297238
-0.00165271299090361 0.000798528138607687 0.0217190802357007 -0.0215188206791143
0.0573972081737684 -0.0101290499177315 0.0035971527203289 0.00821047314015194
0.0580247472319606 0.00739501532180326 -0.0141993093557555 0.0267616946488496
0.0213884298861425 0.0321770724724149 0.0265179631349643 0.0388962590141091
0.0012502193613805 0.0840624742469717 0.0471058430660181 0.0597630954122207
0.055660886911441 0.120987602755619 0.00383922591613435 0.131202463451803
0.116910914305873 0.035497600045406 0.056762817747092 0.218452834594979
0.0646460555024121 -0.123206170705679 0.142226359938492 0.185498486455375
-0.00829852591095018 -0.167180572613604 0.163803697494779 0.152873993368794
-0.0664525789049309 -0.162623880489952 0.206505878413363 0.10467476182575
-0.0430627894358971 -0.118271481317088 0.168077727961917 0.0391091881263629
-0.029561066360189 0.0102239900647269 -0.0158128877011076 0.0492788007704262
-0.0619910803392354 0.00337985476051703 -0.0111732476139904 0.0428010629132155
-0.026366745022084 0.0465934777196304 0.0174046057615674 0.0329211749286334
-0.0106681526409466 0.0349440134253845 0.0252536161711796 0.0173012593438469
-0.0209994965155563 -0.00191209460632812 0.0194878872663461 0.00589210810959824
0.0363918428459281 -0.028677462926751 -0.00731543577077775 0.0162385280090707
0.0393919042160077 -0.00531923110721413 0.00648768197315709 0.022723195178619
0.0101445653792149 0.0160727371313313 0.0322763620373758 0.0511869136976783
-0.00826111391987433 0.0579121564306312 0.0380796095661603 0.101199617573511
0.0434300731164865 0.0945148753026419 0.0200892567379718 0.198369448197927
0.117720394496934 0.0168703507912807 0.0678984226394907 0.332896016424448
0.0764030504857071 -0.128980150063898 0.176714488259061 0.362910366817247
0.0204186427792962 -0.151438558545528 0.241738992428802 0.288588133979224
-0.0401642512535177 -0.125954469184014 0.244837269266805 0.178201487816168
-0.0201232981941546 -0.0808859482824365 0.190772796518323 0.0843960556353072
-0.0220213867285639 0.0200794364166935 -0.214110716308399 -0.0471373789873604
0.00785836329468969 0.0109925697493555 -0.297571424334511 -0.128980851003624
-0.021455962103766 0.0279454821605301 -0.372894055488374 -0.241823184209775
-0.0152172556766301 0.0319496890552632 -0.323677546142024 -0.362542467567028
-0.0383735359937984 0.0112899517218888 -0.18979127597155 -0.331828231449207
-0.0174053135530359 -0.01284937876584 -0.116149340885783 -0.200023610862366
0.00136226934901574 -0.00589193412439339 -0.0738194323002985 -0.10154582930563
0.00842233433174148 0.00327996485094816 -0.0542334602104051 -0.0411768207616987
0.00506851361758321 0.00980235083679262 -0.033905495042684 -0.00146724818701571
-0.00158307766453328 0.00931230818641994 0.00134597227431482 -0.0122277364640029
0.0067201003601623 0.0059449024925143 -0.0250455042418301 -0.0145397080858458
-0.00199497896654604 0.0125081117738949 -0.0187293814734131 -0.00200184742377543
0.00364442033424288 -0.00385928536139584 0.00452689225713048 -0.0193410463448589
0.01266111815417 0.0128145651984293 0.0072251373200128 -0.0369589461928203
-0.00480940266111126 -0.00138783394981735 -0.014978592451437 -0.0369936148204809
-0.0618169598924064 -0.0369928656411835 -0.216049217092862 -0.0349294317665667
-0.0419019014943974 -0.0803562945899829 -0.282012446046985 -0.116017085597332
-0.0438268696886066 -0.103682167938644 -0.346739416106645 -0.219598551323739
0.0281305584823718 -0.093430388298154 -0.288657220345794 -0.329471202586213
0.0652052524119815 0.00459872963044392 -0.173296045823631 -0.303827323014504
0.0339894286632234 0.067604167379124 -0.109024625413467 -0.177669530082092
0.0140455668042063 0.0453466050846502 -0.0741066493932935 -0.0862737299616566
0.0319546908361039 0.0159613011657904 -0.0475602787542308 -0.0403451779370611
0.0406584352335673 -0.00598227860326479 -0.0297212450359214 -0.00590430224475893
0.0128744904486126 -0.0216327652431136 -0.00796708305911122 -0.00488526929649265
-0.00339869761896265 0.0206313799276183 -0.0199160170643107 -0.00383396558846011
0.0118266567323674 0.0626745725194664 -0.026944040895864 -0.00901129825868788
0.00427370726264917 0.0481464479657962 -0.0111813846178845 -0.0275019835506415
-0.0150056151249867 0.055217514705947 0.00668955113940479 -0.0430094033225763
-0.0238638742759411 0.0173774974747779 -0.016009323738841 -0.045293880634954
-0.0926856891308476 -0.0747430621702071 -0.194285910358885 0.00183072375129455
-0.0866072751902262 -0.122843672305217 -0.22652158000579 -0.0601269704829699
-0.0626908952410118 -0.153924211327822 -0.245060803997828 -0.122802634120228
0.0439638651459827 -0.129153690789588 -0.200683138846411 -0.193875783354688
0.108559237198876 0.0151657382466284 -0.124169359435674 -0.220410637514028
0.0607898027676564 0.108729801427075 -0.0733644621773037 -0.123062789759335
0.0238598072854505 0.0730092595461487 -0.0708399478656587 -0.0483545742048103
0.0464323362057648 0.0247574392161409 -0.0331648750114093 -0.0330699959347947
0.064626157497562 -0.00777554410740637 -0.0143204633540131 -0.0202576809764719
0.0359182939822762 -0.0226321244666222 -0.0210353101562006 0.00643460065977857
0.00373778122650152 0.0135743065014858 -0.00775436942090603 0.0155172952135305
-0.00592797669328627 0.0526849429733993 -0.0361267502387132 -0.0332199009440014
-0.0357389648366227 0.0496586893557592 -0.0374311653967728 -0.0432042551871967
-0.0608321126115516 0.0568528522784939 0.0120125976242143 -0.0562019206109014
-0.0512255403551739 0.0144207854874672 -0.00627906993192571 -0.0643502754427933
-0.110879317871496 -0.0796573664755555 -0.153380336306921 0.0458718535271724
-0.122681338152805 -0.109174246401519 -0.155721747504933 0.00242465643000646
-0.0782917332540147 -0.123443322824193 -0.144799591450902 -0.0182882140607701
0.0223010420857365 -0.0879239736377056 -0.11759467823764 -0.0550878275014353
0.0910798304369829 0.025957345692333 -0.0678589372664603 -0.127905892591479
0.0671822522108805 0.0983465992101347 -0.0320151234499495 -0.0660908732314356
0.0363280161756535 0.0708877467303827 -0.0613575293595207 -0.00622837181631761
0.0521820146546232 0.0293779585930702 -0.0132438743604046 -0.0209122295333413
0.0728306279705441 0.00924268357115591 0.00756439881562577 -0.0299428637872639
0.0614758730121766 0.00279499146249459 -0.0247698422181732 0.0162202446469966
0.0262756397064186 0.00211824535440755 0.00674576254482905 0.021406985332464
-0.0251247940575462 0.00560086361287147 -0.0116906759568625 -0.059342373069098
-0.0818294511287663 0.00569133072008843 -0.0204728508240241 -0.0627746646129975
-0.109435494571074 0.0155377272043577 0.0454241672725358 -0.06511950818772
-0.0789878287129191 -0.012747367639911 0.0221893866274272 -0.0801970518817039
-0.11090451942515 -0.0569326607568023 -0.103794923976699 0.0757868835433437
-0.145780137457835 -0.0668883540715798 -0.0882731178523245 0.05150775411613
-0.083533428055517 -0.0675750065770968 -0.0635961502151619 0.0494225204083262
-0.00592717906484117 -0.0438528720821686 -0.0519231210790252 0.0286727735614073
0.0602666059738108 0.0204369742944424 -0.0244494633965046 -0.0676128826421204
0.0685637963999492 0.058797352195586 -0.00472588130445061 -0.0267257679786253
0.0505813338661099 0.0441962527036194 -0.0444963562801596 0.0239832991081173
0.0517512692437185 0.0302676377562478 0.0074165987736335 -0.00464273676468753
0.0675333127666289 0.038992256314 0.0302305560754105 -0.025170148198235
0.0796061613096623 0.0380309164643716 -0.0129833321203738 0.0307794346903711
0.0531358541325054 0.00296285608231455 0.0356072483478524 0.0316093750056735
-0.0225278693096371 -0.0368862320309881 0.0439097062482701 -0.0567536770756747
-0.0978466894088957 -0.0463439697485101 0.0346831185446072 -0.0541992924966499
-0.135029459638342 -0.0438855044360782 0.101534144990792 -0.055416533734314
-0.0977318006882308 -0.0530418307547503 0.0656777660077371 -0.0785616432703789
-0.0929214310054256 -0.0214968699308747 -0.0540735680416403 0.085971197936355
-0.141552227067397 -0.0187941350697779 -0.0308510109868224 0.0743355533983144
-0.0761472056073216 -0.0109759376998904 0.00775031972969644 0.070085730447798
-0.0230673404489814 -0.0111994137004514 0.00136825452703974 0.0551919816153782
0.031390544552009 0.00670726903138577 0.00126061644496808 -0.0427782273408524
0.0657542234299398 0.0111411037359628 0.00787340746338709 -0.0064219781350095
0.0606942869210142 0.0108201820710651 -0.0242576344254179 0.0339463514608553
0.0448034506660215 0.0278938688785256 0.0253663590370175 0.0113910904340775
0.0520858285822255 0.0655004653618376 0.0511335887941191 -0.0019551731062333
0.0910038406874989 0.0718050077184522 0.0140262010048328 0.063949153327934
0.0859871935066489 0.0040311236976241 0.078602742209948 0.082339568169053
-0.00792683950806792 -0.0812469907412059 0.113721747160564 -0.00115670783159777
-0.0896477404597498 -0.0990054069621181 0.106908131475031 -0.00470790336675399
-0.135972392219733 -0.0972214711259888 0.162870386448462 -0.025212530096685
-0.0986928904993836 -0.084864699454347 0.117744232631687 -0.0592308594120428
-0.0593580084054659 0.00989531457628312 -0.0167375179621273 0.0736706230409549
-0.10525173587925 0.0191918899565613 0.00354419022423456 0.065901715603982
-0.045169648685295 0.0400210269211013 0.0471631480024043 0.049928448461934
-0.0187839225104107 0.0242456388811267 0.0326409535719244 0.0371748336053832
-0.00123709918645264 0.00105835796657022 0.01218307536234 -0.0275911616401667
0.0492471523875828 -0.0290801129133892 0.00658458805420224 0.00535698259243541
0.0557058555831414 -0.0143738226733076 -0.0027365752700493 0.0284989589235528
0.0330346425050852 0.0208245921461193 0.0390147120710969 0.0252671163009035
0.032109371623319 0.0758865576622407 0.0655822751283216 0.0368746326506222
0.0933486901518954 0.0904393571471674 0.0521362692600454 0.11785914198297
0.118696557132071 -0.00925216482310207 0.131379848065626 0.175911366909217
0.0152334708005489 -0.134548823380555 0.196424408386459 0.114739036196533
-0.0654876857240548 -0.148541427160734 0.203491469986691 0.0803594189529657
-0.116591415357037 -0.123673199094869 0.225470422214845 0.02157274946124
-0.0796739164578817 -0.0926666770525941 0.16673950999301 -0.0245007114151261
-0.0228358438537468 0.0189723282567959 0.00293898372037776 0.0511922143234031
-0.0559908647581726 0.0242604891656962 0.00493847322057673 0.0451385839936427
-0.00837877119662125 0.052702671187002 0.0293563495404639 0.0255405397434491
0.00291473679721289 0.036250087790712 0.0308802969027523 0.00769140498968512
-0.0193042664289552 0.00623922661661461 0.0194892003850974 -0.00127652890979379
0.0237002826045711 -0.0396770927994502 -0.00117138463798311 0.016820414281658
0.0343386505952324 -0.0193265373727088 0.0135832644907181 0.0171812883360876
0.0155631331801319 0.0108584684618775 0.0481111957819807 0.0355527021975794
0.0133848238648879 0.0557244879630899 0.0728852284434107 0.0783711843982084
0.0735401483430972 0.0691698579039544 0.0922527395934279 0.173278604242318
0.112545564858125 -0.026169452495716 0.182045243056703 0.276392683478825
0.022751798707265 -0.14342067203864 0.292225811899584 0.26264848585691
-0.0345124496945665 -0.14417065117305 0.322521911250507 0.17538781416793
-0.0803874710557119 -0.0999320337524142 0.285211492017252 0.0756824959164493
-0.0460282189277357 -0.0656806307563067 0.206391900320604 0.0103680865314188
-0.020830181028401 0.019878987812776 -0.209219411040873 -0.0417841002856491
0.0090279005671212 0.0109080806485934 -0.290765578411785 -0.116461865486776
-0.0202968731904944 0.0285106570658324 -0.368011112190242 -0.225622045280525
-0.0136135030536624 0.0316689727267898 -0.322243439756129 -0.339760746413355
-0.037455063598114 0.0126512763031441 -0.195454902177807 -0.310688793419299
-0.0175671210433895 -0.012192073215173 -0.121862035262841 -0.188129106228806
0.00105511834706431 -0.00562464791692307 -0.077856938187204 -0.0951183869213739
0.00850938039126417 0.00282791873809377 -0.0546029185193894 -0.0383705818313242
0.00456923103540715 0.0098580344653821 -0.0320579625690462 0.00170369918448888
-0.000880626375296401 0.00914477913630569 0.00228579611623736 -0.011424741025762
0.0066605749778405 0.00481171999165786 -0.025271115349925 -0.0131443098498443
-0.00111432327809942 0.0114771964244179 -0.0191917751598045 -0.000904781220737992
0.00345534875356351 -0.00382847795246533 0.00279692384776949 -0.0191244592503193
0.0132432965340362 0.0114969909563395 0.00586776205567575 -0.0366389131367253
-0.00424525299157426 -0.000569839473931643 -0.0157713285006947 -0.0366812723839354
-0.060374697417461 -0.0341174762032731 -0.211089917678416 -0.0295479256345904
-0.042090438511991 -0.0769869761530583 -0.276528337962456 -0.105248966278715
-0.0451776828104532 -0.098997937680921 -0.33991667169168 -0.202648369569295
0.0252364300874344 -0.0925389476501692 -0.289811628545378 -0.309099241617052
0.0634380908503476 0.00157658203721348 -0.177597172087992 -0.286759836223175
0.0356746470854264 0.0633863009725267 -0.113777447101566 -0.166633805067632
0.0159558574156646 0.0439061351455306 -0.0772707531173479 -0.0819079843173381
0.0310942366866316 0.0140175470388829 -0.0486841445165576 -0.0367262857435312
0.0399510035707169 -0.00740744582950559 -0.0295682304374234 -0.00372789769301583
0.0114771637513408 -0.0208887788465757 -0.00722085891349447 -0.00416492222670418
-0.00224976109490088 0.020456640185506 -0.0199417952300881 -0.00280675795699796
0.0144953741678982 0.0613464807814491 -0.0283106189987132 -0.00828260660829052
0.00610930971098497 0.04650438447152 -0.0118911836517571 -0.0273611015723992
-0.0126533357035268 0.0530309646794054 0.00533974598214815 -0.0426402039861352
-0.0225611072811085 0.016591937702036 -0.0173571635389911 -0.0440204965461441
-0.0908718292916497 -0.0707827408222604 -0.188875925781673 0.00681309164521038
-0.0855937216021447 -0.11743398047123 -0.220865849157819 -0.0526200808018816
-0.0638557679341751 -0.1487880168705 -0.240568027859345 -0.111710781491298
0.039677840835295 -0.127852559693352 -0.198762823099911 -0.180412203018323
0.106567077447178 0.00960875436560191 -0.128195816997631 -0.208320570036744
0.0626808350934892 0.103009137818607 -0.0761465605993341 -0.116386411397323
0.0268838076361841 0.0695062312627198 -0.0720454884092477 -0.0444763295027523
0.0465757347080621 0.0217063322486189 -0.0334749477957377 -0.030243274527034
0.0633543486000559 -0.0104619753132121 -0.0150336896274972 -0.0184071833558487
0.034829421780905 -0.0228998567965063 -0.0203360664197621 0.00720595581471334
0.00385700543317558 0.01374058506639 -0.00775581147112871 0.0156356978354906
-0.0044106126308377 0.0515829298880204 -0.0372055515919785 -0.0307914958376524
-0.0339996998555824 0.048883867406105 -0.0376775810331073 -0.0416083118349465
-0.057431761150476 0.0571703143331433 0.00945893451544173 -0.0561669239263563
-0.0479506710634072 0.0148804425375498 -0.00841269923175437 -0.0620504037789484
-0.108604634788309 -0.0749769945931164 -0.148693791180019 0.0484074439133431
-0.121799616162164 -0.10364734804022 -0.151861395901297 0.00741226871234484
-0.0775950339007831 -0.117568355711807 -0.140867409850399 -0.013479028037452
0.0192434511278328 -0.0873913124545085 -0.115229748051058 -0.0488921590272207
0.0902034797704049 0.0203410583017637 -0.0706026568537832 -0.120882288768239
0.0695082612826668 0.0925013948716196 -0.0331868562636227 -0.0628462971450085
0.0389752181121586 0.065906881225969 -0.0600637885657809 -0.00357635462223143
0.0523630660670431 0.0264617856065549 -0.0138980740338302 -0.019243975118654
0.0717556529577132 0.00662491700841138 0.00564085245698211 -0.0279675316108419
0.0594735033779516 0.000508735853164896 -0.0241980940780195 0.0173007395468847
0.0254278075062174 0.00106719366096222 0.00665190849819274 0.0199840640324156
-0.0242852506244907 0.00616206052621016 -0.0141995681332216 -0.0577533853406107
-0.0792959969955348 0.00767647301737148 -0.0214989272898959 -0.0601420100962868
-0.105264373283133 0.018433385688081 0.0424604095835166 -0.0650328000370944
-0.0766263869075407 -0.0107682927012946 0.0184160311673555 -0.0786465140872041
-0.1089264922792 -0.0530179157056678 -0.0990361183007477 0.0774739371327222
-0.141940784134642 -0.0616229958760516 -0.0856678288126533 0.0536728406635284
-0.0832767704197878 -0.064218155036185 -0.0606901947594501 0.0506447220218708
-0.00709441661637866 -0.0429151731132362 -0.0491595138480654 0.0301135747123301
0.0591706916300048 0.0160439487571932 -0.0270123748102911 -0.064717033840342
0.0687225123806732 0.0543929716028641 -0.00515590276373147 -0.0257113308740225
0.0513397501560193 0.0405986706546179 -0.0434435313506776 0.0241517923196903
0.0525401451670132 0.0274717067943728 0.00639406347865822 -0.00439965616430279
0.0675869378940106 0.0348855454897329 0.0277568793898637 -0.0250160488219641
0.0781005667838294 0.0340090490209692 -0.0123939229471992 0.0307920934109095
0.0528549813969368 0.000522273505491105 0.034610791143042 0.0305296196149729
-0.0231998239609485 -0.0350072707520136 0.0399690739286485 -0.0558691413315502
-0.0961502007339075 -0.0419847477088745 0.031604578827577 -0.0536865430498227
-0.131335676601055 -0.0393762385229629 0.096541568160631 -0.0567705761004844
-0.0959368014582064 -0.0492530080939611 0.0616404006589942 -0.0783998528818536
-0.0902367179441513 -0.0184285052454199 -0.0510151280040551 0.0855245934096751
-0.138626930836168 -0.0138120467324135 -0.0288017315646234 0.074136384692154
-0.0740512967677405 -0.0084296648531343 0.0094717116813418 0.0675190814101709
-0.0224711180957649 -0.0104468756000197 0.00400460760137136 0.0543852960734093
0.0310458600247916 0.00509404402410311 -0.00094951138475681 -0.0412053989010754
0.064284937525811 0.00836773471517829 0.00808885742655915 -0.00746379299089843
0.0592105518511245 0.00774862212759432 -0.0225715125369109 0.0338612631196501
0.0460422470799316 0.0242478227846579 0.0249641416436999 0.0104757943761497
0.0544148837783093 0.0607378143309701 0.0484587905531322 -0.00302113210644472
0.0914369140900318 0.0657468421414301 0.0149272535466129 0.062066208606501
0.0845679089461319 0.000366177518020939 0.0779481151388122 0.0762128833083913
-0.00935859987266268 -0.0793075853615502 0.109140715525042 -0.00565957378989318
-0.0897427114925284 -0.0937043065583762 0.103939128776581 -0.00780560053257593
-0.134251346843214 -0.091155170382744 0.157868678337367 -0.0289965699077924
-0.097768842886314 -0.0808366963504078 0.113123383775638 -0.0605727869295239
-0.057647911916546 0.010676650383945 -0.0151033890836057 0.0731740351905752
-0.102118738843388 0.0216215311369906 0.00437211386270316 0.0661650855937914
-0.0427949405244995 0.0408006792292968 0.0470150009516144 0.0474557374658849
-0.0179466604540726 0.0244656825933213 0.0337162896120008 0.0360948302392535
-0.00154738724705126 0.00196742551819304 0.0111554401679782 -0.0267042695585288
0.0470429555647693 -0.0308130304895654 0.00719792894747627 0.00466098073792096
0.0546433126214267 -0.0164926523991097 -0.00226184403873625 0.0274428439338502
0.0340649343193716 0.0184545400477366 0.0382849344005824 0.023745415570009
0.035332981974544 0.071629674926091 0.0649949425131797 0.0337862051121587
0.0951714952618814 0.0824749205130715 0.0551963203778746 0.111627862763837
0.115279767479246 -0.0144615012919126 0.1339028650429 0.164855456423788
0.0106879595699268 -0.131648525428958 0.191749672896269 0.104163866760301
-0.0668830052128599 -0.142538680527127 0.19869726730399 0.0713113743648155
-0.116467749285782 -0.117972620876969 0.219122974552091 0.0151166770435284
-0.0800112211641269 -0.087580033770558 0.160839037108936 -0.0280067382885534
-0.0216738421193277 0.019633078801116 0.00465133021610174 0.0511527362789609
-0.0533765174139314 0.0252885761210778 0.00510743467746696 0.0434159347361342
-0.00629661901118505 0.0512163120776961 0.0297345765017903 0.0236919149718637
0.004747291164477 0.0352053390071092 0.0303806052192469 0.00666571168580209
-0.0185399059537025 0.00743521459044159 0.0191993892697355 -0.00176017915986096
0.0222523418716064 -0.0389833780380219 -0.00106783663862488 0.0150522453211825
0.0334660933622583 -0.0203713244814193 0.0141307066462368 0.0138820258340762
0.0164948651502943 0.00984993915614747 0.0486026499528071 0.0328149812117416
0.0163253476730747 0.0537110087693262 0.0743127974353795 0.0726301104690392
0.074452233946066 0.0644198332782653 0.096622309620058 0.16287222436975
0.108413273955958 -0.0298347094884353 0.186032958694266 0.258268833103521
0.0180241581615638 -0.141438581049179 0.288717378512581 0.244142929001009
-0.0364919894378733 -0.139118935056401 0.316001158894468 0.160353269657646
-0.0799624965099851 -0.0950637201666294 0.278402383749235 0.0652512853434865
-0.0459266306238086 -0.0632625953452402 0.198394170940716 0.00465746330528122
-0.0196269013349404 0.0202033084397023 -0.202747104801752 -0.0391987056722664
0.00902372256143361 0.0105806002403929 -0.282511013512572 -0.111132355003915
-0.0199265872220348 0.0282902734886782 -0.359191268706849 -0.213115131077721
-0.0130811636919702 0.0312724032211742 -0.315198847872573 -0.321905432344687
-0.0360787420401577 0.0131207988272972 -0.193903765724811 -0.294423117950757
-0.0171770311132496 -0.0108908500697564 -0.123513249730216 -0.179046977775316
0.00183247170039997 -0.00531175361036697 -0.079055367354081 -0.0910786121487189
0.00900281504154219 0.00272209408006217 -0.054766847153605 -0.0359996556695834
0.00534249402464732 0.0102791725210602 -0.0313437758954389 0.00374755189346475
-0.000106916123076318 0.0094061507335272 0.00365702279703464 -0.0110813158272228
0.00685902876146137 0.00439461472279171 -0.0245354766679239 -0.0132752820651291
-0.000885870492030542 0.011878078328439 -0.0191213233522675 -0.00112092077311817
0.00385335098044215 -0.0040227867557333 0.00229550057536947 -0.0191783418847873
0.0124607774668537 0.011202877881288 0.00432270506258205 -0.0362393578810665
-0.00426535612939525 -0.000699339866459746 -0.0163901194529858 -0.0354999105314731
-0.0582309491526058 -0.0328325752699062 -0.203898346261253 -0.027622931673565
-0.0398422621423679 -0.0741717556620482 -0.268321435284094 -0.0985315466117483
-0.0444233691252724 -0.0962307990973574 -0.331371850045142 -0.193255159593882
0.0237796155923347 -0.0906699844373903 -0.281968652489322 -0.294984620419367
0.0620348712113438 -0.000969799700294647 -0.176612612454526 -0.271685867783541
0.0362416503875056 0.059481738570786 -0.114078507460111 -0.158520866613108
0.0175164311579139 0.0419612951983744 -0.0774557374857798 -0.0779164935996376
0.0313029744575278 0.013192694578492 -0.0490299564153701 -0.0344864142200738
0.0394170812801281 -0.00829815682979871 -0.0269243686932737 -0.00165997953249057
0.0111757478536303 -0.0207332516658348 -0.00661425559755934 -0.00306910024148128
-0.00118648388979679 0.0212465734605206 -0.0195713295814592 -0.0026838068085777
0.0148437913806233 0.0587760418027206 -0.0276396137990234 -0.00768797376238087
0.00633411036649236 0.0454154225291246 -0.0128452328798329 -0.0262157811668253
-0.0113040444214817 0.0519586031083856 0.00406685180567774 -0.0421739213274655
-0.0215537060406747 0.0164090586539456 -0.0169053368625336 -0.0418264159352817
-0.0884716612903221 -0.0686304209873504 -0.183141979710756 0.00730178110369244
-0.0834880601925706 -0.113279524456668 -0.21389224783703 -0.0491641849907398
-0.0623596279341365 -0.143767715441287 -0.233688912017966 -0.105591569390044
0.0368819858850633 -0.125180025449134 -0.194481801892119 -0.169304707085026
0.104691333872403 0.0064174387121012 -0.126956086648921 -0.196926104004364
0.0637209895366873 0.0971151720786158 -0.0773002650013944 -0.11085248016133
0.0285275608695048 0.067559928603154 -0.0712501939421125 -0.0419205381474707
0.0468391522956758 0.0199865284953794 -0.0346241630777013 -0.0288374472250765
0.0617207998394801 -0.0116391248367285 -0.0141129029994304 -0.0166856937014338
0.0331545479575521 -0.0228424809006117 -0.0199636492396562 0.00809922063398753
0.00462936462636543 0.0140087524775537 -0.00775932916182174 0.0157344988884708
-0.00285840645389392 0.050166081390219 -0.0379500182181466 -0.029187833828188
-0.0320495585778134 0.0484183317757406 -0.037077922990854 -0.0402376184146371
-0.0542708453634123 0.0558671940536892 0.00820973624670394 -0.0555849354737096
-0.0452973310830276 0.0144285573032563 -0.00860286822976278 -0.0605341209166031
-0.105206094086362 -0.0725580614724554 -0.144430605599862 0.0471816542648214
-0.117879756372134 -0.0989840173007607 -0.146988648123597 0.00914581138975682
-0.0766577332150704 -0.113837966186423 -0.136350530010162 -0.0110956951395235
0.0179460039025773 -0.0856931839668765 -0.111196351958488 -0.0438621192810793
0.0879883971674113 0.0171202930997158 -0.0706948573624599 -0.113864773486836
0.0694840888555994 0.0874895456216167 -0.0341457862305689 -0.0604336900765341
0.0396267680553557 0.0632206062841271 -0.0591954451856 -0.00233026767831024
0.0524197040798261 0.0240090373912793 -0.015053750295318 -0.0187964333389119
0.0700282265031833 0.00390605822609688 0.00487178602728788 -0.0274629429046053
0.0576041891138796 -0.000455190940900499 -0.023448154934012 0.0174299072654326
0.0248750891742955 0.00117140694740076 0.00562155620941674 0.0188572959304129
-0.0234458318214789 0.00657110443751921 -0.0156448723927209 -0.0565845395024175
-0.0774467461346036 0.0086370870041517 -0.0214110414345873 -0.0584440173350203
-0.101609471495684 0.0179715834597828 0.0408279645463502 -0.0644919470041623
-0.0739347646712644 -0.0102996090777632 0.0177807289135591 -0.0763419960466136
-0.10471083757333 -0.0505502456334284 -0.0964574402735217 0.0752700425180014
-0.138378864451547 -0.0579130670005224 -0.083678404551333 0.0538541815056145
-0.0803408373050187 -0.0619188680515416 -0.0587607068156005 0.0495267890220214
-0.00726099081560556 -0.041260238413816 -0.0465810585910126 0.0311865388521177
0.0582762013168523 0.0145870398155248 -0.0260683985066417 -0.0604910489825638
0.0687510428495778 0.0500786024949203 -0.00514066146614876 -0.0249929251873803
0.0516825735905574 0.0374057642235604 -0.0415544187896876 0.0242847381951473
0.0529067164193276 0.0240773739118013 0.00607561242432954 -0.00464432769957987
0.0669807087383719 0.0313974986686397 0.0264244313373144 -0.024132199248089
0.0765323872417206 0.030613526862841 -0.0124850531436025 0.0301276308057132
0.0505211580647715 -0.00020502275756128 0.0329982823403144 0.027652068702249
-0.0226236064202794 -0.0346138451136357 0.0370899874796264 -0.0557568329540695
-0.0931269264218163 -0.0403329684810568 0.0303449826001902 -0.0517131388294682
-0.127461207980717 -0.0376294732485725 0.093797715429319 -0.056922880588251
-0.0926360529528397 -0.0472404433849111 0.0590326573607412 -0.0764590767097451
-0.0874693971575715 -0.0169389091706318 -0.0490161296639061 0.0839924012927692
-0.134120201982578 -0.0130518868878264 -0.0286070656339935 0.0731297782690122
-0.071628371454484 -0.00815739355776126 0.00912416015639842 0.0654993711656151
-0.0228007800154731 -0.00998848468992383 0.00515359055233328 0.0531177839104833
0.0294869419291519 0.00438290635377346 0.000206576407200986 -0.0397557438122567
0.0630463985833906 0.00608024620610868 0.00785226101290851 -0.00731317590112289
0.058654603150285 0.00614547530585313 -0.0211746264613098 0.0327979429721893
0.0463031504112314 0.0219342824233564 0.0246663448401919 0.0102271528664637
0.0546096322531927 0.0577175266875441 0.0472359985188508 -0.00337183847822462
0.0904620401350008 0.0605298557086853 0.0146153838604969 0.058811687941026
0.080846700846917 -0.00140160071036315 0.0761623560047807 0.0718168710652565
-0.00965858836664721 -0.0774173051039718 0.10496433170609 -0.00726426965930997
-0.0871646808117873 -0.0905549835461669 0.0997731294306052 -0.00811337443066004
-0.130532233008488 -0.0881003484589117 0.151919442256954 -0.0295888676194553
-0.0943348071941682 -0.0775372436660967 0.108186827841952 -0.0584805790704667
-0.0551640986245659 0.0108546040533174 -0.0137874752983773 0.0712029328132148
-0.099809988088829 0.0216497072153178 0.00414923130787056 0.0657195572915146
-0.0411891024885148 0.040092047858671 0.0461375453288827 0.0454962046835473
-0.016811644378712 0.02386008183881 0.033779481791992 0.0345952543109031
-3.46242694844151E-05 0.00278278439737888 0.0103064064660439 -0.0261763042153103
0.0449474557276875 -0.0309358118425643 0.00644898990003748 0.00407878795395752
0.0531096418746715 -0.0178940617294646 -0.00252243816100348 0.0254133032641087
0.034677060789863 0.0170378065728423 0.0381283563654549 0.0220307569320461
0.0361762472046144 0.0688772773780863 0.0639667410356061 0.031886020644148
0.0939850176710236 0.0770293614277137 0.0554505089724038 0.106162757080121
0.112208624175829 -0.0166077582762399 0.129888304616278 0.155814775645173
0.00955662175530055 -0.127343688835378 0.186768262145235 0.0978268245255968
-0.065797819660521 -0.138228948840536 0.192009780611902 0.0671912859733234
-0.113444781483235 -0.113518020241706 0.212648596572983 0.0122660237323812
-0.0770703486646268 -0.0853948731999134 0.155566166925359 -0.0277042790916436
-0.0212215396097028 0.0190485501486917 0.0050830929596306 0.0497753837531891
-0.0510409116688775 0.026087349464664 0.00603328308984969 0.0435653761718292
-0.00582753179250195 0.049967043659948 0.0290499550414584 0.0228413324811663
0.00454811826340043 0.0342673072971861 0.0304925517492572 0.00501854450567666
-0.0166936832043335 0.00801958298928584 0.0187039083411586 -0.00163782158946453
0.0200961152583169 -0.0385337660121311 -0.00129679426061439 0.0145480562582793
0.0327111425970842 -0.0210284852307182 0.0137005324351348 0.0122978321736541
0.0168995500563445 0.00889121463842751 0.0483937823121837 0.030386647100456
0.0176292399174143 0.0516714777500163 0.0741518439814199 0.0690860034201825
0.0734557399114344 0.060348173128163 0.0974421878868485 0.155180054046068
0.104958292380992 -0.0318611705988126 0.182127330096576 0.245127482425353
0.016208078868121 -0.137026556295396 0.279690162755445 0.231190717563342
-0.0359972178511588 -0.135011605285207 0.305506969269362 0.151884242517523
-0.0780858600698305 -0.0919412152075458 0.268929869027998 0.0609721491424232
-0.0446673986638458 -0.0608135038632643 0.191611943405222 0.00355380086869957
-0.0195568820024987 0.0199329380739889 -0.198046274332316 -0.0399200604468786
0.00897987803262564 0.011263548080841 -0.273776423738356 -0.109375037297135
-0.019616147057883 0.0289237521599917 -0.348834509417518 -0.20924091160241
-0.012921406536913 0.0309553770697892 -0.306462025513927 -0.313594817435571
-0.034595336708625 0.0130827998566756 -0.190570547316951 -0.285387915878213
-0.0167902720059064 -0.0101353759551557 -0.124459930331256 -0.171971439442739
0.00135277336829603 -0.00444562455572078 -0.0793253173375586 -0.0884472714516009
0.00787602507912773 0.00282677423415507 -0.0551810239928111 -0.0347654937606559
0.00513224762851664 0.0103516543732813 -0.0297384864398136 0.00444243333479527
0.000315950704880917 0.00916857300028318 0.00451816684148189 -0.0101414585244492
0.00707117427157412 0.00420700044370919 -0.0237981356512944 -0.0133539966447157
-0.000926891469598223 0.0119233180839853 -0.020202308517852 -0.00152359919918019
0.00344638504720611 -0.00400571534383263 0.000838269278214857 -0.0193640828605876
0.0119319371187336 0.0110444982059283 0.00395267007249455 -0.0361944037682221
-0.00395688835723108 -0.000830481664483441 -0.0166956470462339 -0.0347884123096339
-0.0568293967901236 -0.0322275418211027 -0.201081327826181 -0.0284138406851435
-0.0383103992082899 -0.0728988090889711 -0.260573747478592 -0.0971513563949877
-0.0433227417450295 -0.0936441289340772 -0.322004366149259 -0.188236858051143
0.0224797363871263 -0.0890443020668896 -0.274758159889324 -0.284689622370085
0.0606150742367793 -0.00193627064717405 -0.174131448433822 -0.260808025430783
0.0354178647864686 0.0583379618497385 -0.114860540828668 -0.153127117882256
0.017565850127478 0.0407457499418456 -0.0779348314931782 -0.0753038097311517
0.0309893634142641 0.0128542914742764 -0.0489305759627967 -0.0337290257485117
0.0385552955610976 -0.00804128849737905 -0.0269716976701257 -0.000464269448554968
0.0114192102369833 -0.0199476171126034 -0.00621434588335055 -0.00346011805634119
-0.000715463187003159 0.0206978605077086 -0.0189523807149475 -0.0030960586948105
0.0151888949052336 0.0587433201474115 -0.0289226183407489 -0.0079536653911523
0.0061775774604923 0.0445127175986125 -0.0133402214019948 -0.0266874281730835
-0.0112638136105822 0.0509115736418655 0.00279764363942434 -0.0415323877844975
-0.0202615618490361 0.0155321748155485 -0.0174057730952458 -0.042083923359122
-0.0862707666814245 -0.067354518530207 -0.178697820761258 0.0064601263334926
-0.0811401621177501 -0.112135541579764 -0.208727265737216 -0.0480327685676598
-0.0608981221714292 -0.140236832164986 -0.227649133347676 -0.102128321211972
0.0358970746417489 -0.123499570281044 -0.188843551720255 -0.164794232463179
0.101691007653102 0.00385603653646831 -0.125844567633933 -0.189400608741469
0.0632753665178988 0.0935499925480875 -0.0772862241452083 -0.106913331334479
0.0294714674882675 0.0655124931479611 -0.0709305862289381 -0.0398865449609274
0.0458651616526478 0.0185272516111027 -0.0341753443912554 -0.028096569882167
0.0612148523277247 -0.0119256483179745 -0.0141900818795621 -0.015069778160341
0.0317900066681054 -0.0218274427934218 -0.0197427531221786 0.00784014006006373
0.00542445977850455 0.0146383747018698 -0.00744109351705696 0.0144793602048422
-0.00239222667429464 0.0496764225745057 -0.0384511493533143 -0.0293309718929765
-0.0313974406684518 0.0472656883563416 -0.0365893515357133 -0.0396681659775467
-0.0535149912226517 0.0545307888410071 0.00804355359021606 -0.0549501260721446
-0.0437885742102596 0.0139673293748554 -0.00915242652200387 -0.0607476223714395
-0.102729217656413 -0.0719092937907033 -0.141587750418807 0.0458181154423661
-0.114159885836293 -0.0979011111878603 -0.144596506653474 0.00899285477967162
-0.0733983778350971 -0.110862339461884 -0.133797368935001 -0.0114869051444044
0.0174004243098343 -0.0840506996264823 -0.108580066019179 -0.0425447980742571
0.0865202636052005 0.0152854082561395 -0.0693116946878218 -0.110587095304874
0.0692154943338132 0.0841403035184887 -0.0340419728959172 -0.0578512013968518
0.0397391541231683 0.0608403002221593 -0.0584231456253122 -0.00209968626945613
0.0526237596362008 0.0220854312893248 -0.0151450447388262 -0.0180321430913414
0.0695986485128287 0.00296743927843838 0.00429497346595598 -0.0265122055584223
0.056355188969656 -0.0012723328794004 -0.0241504650202661 0.0176047669514603
0.0235540666734357 0.000752854925038332 0.00532411622027397 0.0190679819631268
-0.0227248709303347 0.00577390328754231 -0.0164401297919254 -0.0547027699304984
-0.0758170120166335 0.00875649981835705 -0.0213131079334628 -0.0571016381287289
-0.0991029504460093 0.0173318921348806 0.0399708619825324 -0.0634508201104904
-0.0712357137143089 -0.0111428585395215 0.0168811106002945 -0.074828728968146
-0.103217327638872 -0.0498688311199238 -0.0947948289230154 0.073953562392476
-0.134951309605518 -0.0583447914241923 -0.0822587445432093 0.0522747756526238
-0.0782728968740487 -0.0613350655821975 -0.0575271745185646 0.0482200815260707
-0.00752096645073771 -0.0407708223789069 -0.0442815480971537 0.0309927381747725
0.0567325714605592 0.0136721780501529 -0.0261430945029432 -0.0585211836662537
0.0680459177905569 0.0481203155983579 -0.00446946246153988 -0.0247695387124235
0.051954246718687 0.0356959282797807 -0.0406540700784756 0.0239003934092257
0.0525487132309941 0.0229805093405433 0.00548185616732837 -0.0050087689816188
0.0663892058984341 0.0295172780351082 0.0249920835959756 -0.0235253349949239
0.0748688524942995 0.0289806733883228 -0.0129138829309246 0.0300841400324192
0.0489905761236915 -0.00088043417646334 0.0314278125486875 0.0267177651218012
-0.022050790012365 -0.0334757685176191 0.034853724770854 -0.0548584453089045
-0.0907644615299668 -0.0391308268045319 0.0294236539729853 -0.0508577718237785
-0.124626619982218 -0.0373078358554914 0.0916564780233365 -0.0558998284869037
-0.0907852661331634 -0.0473543215147988 0.0577304498756245 -0.0749164242333003
-0.0851873007898987 -0.0166098199539823 -0.0482382125320252 0.0818662476613972
-0.131403610691877 -0.0130376306191912 -0.0283590436450375 0.071866605058129
-0.0699714591109658 -0.00813828571450222 0.00854389834189671 0.0637859541478607
-0.0223531938174397 -0.00979824082014059 0.00555153812287484 0.0521800470683603
0.0298480469221806 0.00353909838053151 -0.000117103180341774 -0.0393243613889512
0.06153188802552 0.00529657073745798 0.0083079415322966 -0.00766736882733957
0.0576294567450874 0.00450818648867189 -0.0216359295310001 0.031263557531912
0.0464077838939193 0.0208392863234329 0.0240915789246295 0.00935388029597025
0.0543817241351626 0.0553468756365186 0.0461406472354937 -0.00412018972032858
0.0890642561863008 0.0583080005210763 0.0145366889606856 0.0571050811987824
0.0800198624134161 -0.00258166052143869 0.0741764851881052 0.0674396960354831
-0.0090230836536204 -0.0760734705258681 0.101620612057081 -0.00837750992150292
-0.0850304860241664 -0.0877443179917046 0.0969167057228361 -0.00754311264408464
-0.127197302960797 -0.0858447773254746 0.148871154126935 -0.0288895417819084
-0.0914816225662791 -0.0773447763939997 0.105596104560252 -0.0570909525011293
-0.0532517372482726 0.0111261472048507 -0.0140044614078847 0.070847984338419
-0.0974803491964327 0.0228523172611143 0.00430669485796234 0.0640569918183785
-0.040423529681624 0.0389906999436504 0.0457866677370413 0.0440655565466466
-0.0167182031238272 0.0243904050254508 0.0334989772512408 0.0342827240875378
-0.000571677316605831 0.00359651745429916 0.00993415635858253 -0.0263191337983231
0.0438626998000407 -0.0304203162722632 0.00627526028363253 0.00252217313267805
0.0519023761994377 -0.0179359748810989 -0.00199490233468969 0.0238444284884245
0.0340833868731618 0.0162093164842392 0.0384265776620622 0.0209033726130129
0.0370407277835162 0.0652365804382582 0.0632707613615935 0.0295213919662622
0.0931900397487233 0.074117835124053 0.0549319213631597 0.103242689333736
0.109393363594486 -0.0173859028655727 0.127686098690218 0.149827074986926
0.00925138671439188 -0.12577570889107 0.180599380154035 0.0939629637126532
-0.0641968604903009 -0.134673129865946 0.186181294005996 0.0658208890069977
-0.109428450864638 -0.112130821603338 0.206911445390591 0.013128323192945
-0.0752852254800108 -0.0843471583510753 0.151818509379704 -0.0262135890562649
-0.0199933082699071 0.018895015058037 0.00430462941456299 0.0486074043059646
-0.0509025675668923 0.0261206229301864 0.00605812795473221 0.0439404893314724
-0.00657739402727815 0.0496013501752462 0.0300450812099458 0.0222477511567418
0.00508841021659496 0.0344092414282919 0.0306019839496865 0.00549187532585368
-0.0155748833589681 0.0094297020784712 0.0183175413944358 -0.00166783323838712
0.0194295911297275 -0.0369343655945673 -0.00212084414132745 0.0129580296672143
0.0322593266681741 -0.0208678396641489 0.0132541177329198 0.00980838642877456
0.0174521439475186 0.00799003701039358 0.047432717946126 0.0292438775612316
0.0182667806095068 0.0495849689078686 0.0739368503793995 0.0663640612192029
0.0725491473333196 0.0572668518311211 0.0975748128715148 0.149992111345323
0.102665737159441 -0.0325557256724114 0.178853033305898 0.236570322161638
0.0153375691813452 -0.134635734965108 0.271162126355958 0.223422828061561
-0.0344456290971498 -0.131874523765093 0.297365874491325 0.148940967909839
-0.0753218964298657 -0.0902810067146332 0.261185336274673 0.0606988306276529
-0.0430373588263285 -0.0600177312515043 0.187335318220474 0.00456714357586323
-0.0204128141635453 0.0201377257536216 -0.191137704963368 -0.0545551405797861
0.00767916462842687 0.014446000436087 -0.260860501575963 -0.126437585670464
-0.0216845480886923 0.0277070605260887 -0.323626918119267 -0.227474334898356
-0.0150603284362694 0.0294997577541789 -0.27674832949895 -0.32428943435477
-0.0357646189805083 0.0103408510933873 -0.170355761901406 -0.288504632434285
-0.0164087887343335 -0.0120359880804795 -0.112622517775618 -0.175928677811622
0.00198684407213934 -0.00415202035372809 -0.0747027214773497 -0.0921600946609733
0.00750005167344484 0.0032169049441452 -0.053741127298915 -0.0376797184172794
0.00481344908533574 0.0100082751677831 -0.0291341606283511 0.00426080300946486
0.000117432639040723 0.0098491483598478 0.0053959642675497 -0.0100979451270729
0.00623566004515945 0.00590284554716556 -0.0224316931167805 -0.0141691225299301
-0.00115905794448704 0.0121972030591129 -0.0199013017700271 -0.00306259625359682
0.00459381313193241 -0.00428505341354239 0.0016832436841236 -0.019915496443261
0.0115220833968535 0.0114663856027273 0.00573498056355375 -0.0357673749972058
-0.00371908263619841 -0.000682665963299384 -0.0142975129326131 -0.0361713232696443
-0.0530243044323021 -0.034639869118411 -0.194209341031434 -0.0428813354098758
-0.0327783379377751 -0.0723497370872813 -0.248985024157347 -0.113786978380063
-0.0355323802600179 -0.0945486055137043 -0.300874447738223 -0.204241614018206
0.0286094188291326 -0.0871012102805067 -0.248502485490254 -0.294732889311191
0.0606216662511664 0.000486001573172388 -0.156574640236942 -0.265263904093489
0.0315656917114566 0.0580651849961362 -0.105454682714095 -0.157669871855703
0.0152986120951436 0.0411150163370912 -0.0734145187187394 -0.0794390149549167
0.0301022392739497 0.0141348565297072 -0.0472200206455704 -0.0356041555869956
0.039321879830026 -0.0062382932092858 -0.0261574907650185 -0.00129189462827222
0.0129572679565426 -0.0180526481185761 -0.00513010141987529 -0.00353992682723361
-0.00178301199767176 0.0216325186641239 -0.0183355062045586 -0.00379748164704611
0.0119612125951424 0.0592566343432579 -0.0285221479302735 -0.00907750365538972
0.00368268612937582 0.0442347219850561 -0.0119203700654179 -0.0279111647111313
-0.0146113909752874 0.0504701634865209 0.00510147924362596 -0.0416459398416775
-0.0205862531540737 0.0139732724472222 -0.0149371233223705 -0.0430569389119666
-0.0784147421466031 -0.071701274907246 -0.177462443640076 -0.00593300319582349
-0.0712337196350152 -0.115107510754468 -0.201732926033357 -0.0603158081277076
-0.0482906375561249 -0.143089918773593 -0.216035752879521 -0.115152480472931
0.0446425391685802 -0.120348828428533 -0.173323344209383 -0.171311131355881
0.101388913663453 0.00908890934710365 -0.11337350805487 -0.193162555824033
0.0571646951992022 0.0953399000146096 -0.0706158263250478 -0.109695347545511
0.0255933749167159 0.0654380171251885 -0.0687044826014418 -0.0445542171942563
0.0450138880560991 0.0212835313607862 -0.0336743848499108 -0.0294353533042703
0.0612829150049545 -0.00878523451141981 -0.013164995243027 -0.0150063497997077
0.0333567321935493 -0.0197129376200148 -0.0196736749791849 0.00717010996149078
0.00527811436446035 0.0146786076075095 -0.00934091307879389 0.0142333837163251
-0.00537001865133257 0.0484806419619783 -0.0363022744670541 -0.0301374853176692
-0.0342082637811149 0.0449058181321556 -0.0339355260779274 -0.041610089332756
-0.0566038100089109 0.0507905431199208 0.0107637899199101 -0.0540381603671913
-0.0432568437807406 0.0104300969541563 -0.00503962558416595 -0.0613531299802783
-0.0942056914671806 -0.0778065013924246 -0.142975120949586 0.0354765143306573
-0.104149772957914 -0.104402372224002 -0.143476972397217 -0.000144685871686521
-0.0629804445643624 -0.115332548186648 -0.13012293569089 -0.0193009879257421
0.0225649718872115 -0.081536710336848 -0.102482350290298 -0.047178721398035
0.0850857178327762 0.0197943144521293 -0.0615875071762581 -0.111504346619428
0.0635646061331169 0.0868384075707901 -0.0300416839864052 -0.059046900438978
0.0365424638050319 0.0621973443248453 -0.0569652645301451 -0.00548492467688523
0.0520752138485633 0.0249635981528866 -0.0143902577036002 -0.018472535674723
0.0688538300228973 0.00730343341481259 0.00568707267447832 -0.0259277140058693
0.0550695920694427 0.00212652582139751 -0.0248629768565027 0.0153907052861627
0.024009554580077 0.00342876200792951 0.00353450949169753 0.0175500981610888
-0.0224795796553339 0.00526734268019804 -0.0133541968291619 -0.0552420865362288
-0.0748241968858599 0.00296141599404622 -0.0179113059812176 -0.0576405068610798
-0.0988653264076714 0.0102246918935275 0.0434825830769374 -0.0601293066448562
-0.0693111616714902 -0.0158608397982845 0.0212942021978482 -0.0732779575007924
-0.0963397302906229 -0.0566481530178951 -0.0984012440261097 0.0671433240990911
-0.127905487705883 -0.0660454134833456 -0.0850194974216872 0.0475178307698282
-0.0726295091636025 -0.0655444158286516 -0.060621379977153 0.0442681700629361
-0.00503579425664895 -0.0414051711863175 -0.0457943633530703 0.0280964920000611
0.0554032428208989 0.0163401967701422 -0.0218053314099217 -0.0592478288208173
0.0640518085826504 0.0516698884803539 -0.0023782421188021 -0.0250796894610459
0.0495342229383575 0.0385187536533916 -0.041284827653825 0.0208994979637789
0.0515296848746042 0.0255305127316456 0.00525651177701543 -0.00429866652883756
0.0641255597831444 0.0329056365823549 0.0252282393408982 -0.0225010362068823
0.0723492630753807 0.0329360963156885 -0.0147607151371975 0.0284164061503824
0.0492127342537995 0.0026326211324597 0.0292896602563392 0.0269632931878045
-0.0197917120586386 -0.0348159277497794 0.0374470976157492 -0.0529133453957681
-0.0867116109268598 -0.0451715205006837 0.0322907828532571 -0.0488030607596838
-0.120396054693679 -0.0446942619772983 0.0942412159552045 -0.0500856725852655
-0.0856278175177927 -0.0527677451766573 0.061315898491982 -0.0703839332794189
-0.0814021981948452 -0.0222349146736753 -0.0542863756443443 0.0784950864540974
-0.128001489052152 -0.0216536885468242 -0.0342354882820951 0.0698044379644861
-0.0690749238937578 -0.0133496878019444 0.00460612934112787 0.0633863112279161
-0.0217606857686167 -0.0113108818529118 0.0027222526625194 0.0520948678002438
0.0281820283325525 0.0061694695460182 0.00209463124523825 -0.038610685155028
0.0611619900810531 0.00946661487902975 0.00815399192260145 -0.00796692922835164
0.0569425759750586 0.00891439709290854 -0.0229166580598836 0.0294948794099696
0.0456895030795617 0.0228713348733168 0.0236515212661029 0.0102065416716847
0.0510255630222364 0.0572189878120341 0.0451775965956783 -0.00171459252617398
0.0833260486475405 0.0620881536707698 0.0114665820346032 0.0570517647540604
0.0784142354848731 0.00276457126970483 0.0688576092120393 0.0700358948502963
-0.00379985772930296 -0.0754667338543277 0.0988334491937899 -0.00286736444925906
-0.0768962269066509 -0.092644938478916 0.096136100238637 -0.00173579194483117
-0.11984149455193 -0.0928032532383777 0.147978978545102 -0.019769860861738
-0.0859583731983761 -0.0823828777479072 0.106978058757568 -0.0497914762943018
-0.0527548578943772 0.0064835686389667 -0.0187856041255751 0.0693590271290395
-0.0973000896279974 0.0160573010205254 -0.00152109781212309 0.0647356632963001
-0.0436979241535966 0.0361531273527641 0.0424742589999496 0.046522988184897
-0.0178702044276808 0.0229427097724096 0.0321789799860297 0.0354161713785037
-0.000636952150048553 0.00390486104018747 0.0123165744101179 -0.0262296489164372
0.0450366397725011 -0.0271139099285364 0.00679799078091862 0.00208110562258861
0.0528531497704037 -0.014774331844863 -0.00406925917095869 0.0226388041971908
0.0336705610621599 0.0171869687735285 0.0374387055140952 0.0228960027634085
0.0335147723714143 0.0664230401788549 0.0609767087502587 0.0323680542234728
0.0870763296188515 0.0779323212102374 0.0486752803260335 0.103633049230425
0.107888552378488 -0.0107315451776671 0.116870976344146 0.152835504989231
0.0157584425516033 -0.124062978795669 0.170240113418913 0.100315085380485
-0.0535204921925063 -0.136708781507868 0.178231158189411 0.0756212266344741
-0.101298734415432 -0.116963086463753 0.200884799647563 0.0249575594960066
-0.0681624699610917 -0.087373269888285 0.149914813226876 -0.0161633300342238
-0.0211426174577628 0.017534834249615 0.0010485585521311 0.0485795414524109
-0.0512195639212516 0.0227646270235088 0.00274809855135601 0.0430638113743841
-0.0097054626050284 0.0488641933226354 0.0283812097080479 0.0226590685912074
0.00225931451793826 0.0354196849870956 0.0305640768637819 0.00633358719172099
-0.0158371616650445 0.00908259489423728 0.0182904624797765 -0.00159937471565759
0.0215911608759164 -0.034957770581937 -0.0031628784763524 0.0113202337408702
0.0327148662914444 -0.0194812533515391 0.0114564363076737 0.0102088625783601
0.0175894342862216 0.00923112036089295 0.0468936742547787 0.0318512455540872
0.0151700840835685 0.0505148264985971 0.0702149861940729 0.0698660556446501
0.0674829030095708 0.0594835208864067 0.0872863969079796 0.1518334080556
0.102487323195609 -0.0267802255793567 0.161769631484219 0.240424704019492
0.0230068772394621 -0.131796455173464 0.251179952020624 0.232160132763377
-0.0272309248176921 -0.131900665821753 0.280115317678954 0.162842858657788
-0.0695978978366669 -0.0930737487059366 0.250521634422437 0.0755510553837639
-0.03920043400834 -0.0610625962418789 0.182801344342979 0.0163668443951442
-0.0210858277120023 0.0199997112865651 -0.19058578135062 -0.056445018524046
0.00664114381109562 0.0148002341068031 -0.258333164463039 -0.127799099945367
-0.0228564326054088 0.0279858201771759 -0.32092692312985 -0.226957162032444
-0.0158941911899742 0.0294248627903043 -0.273764040439561 -0.323169995550851
-0.0359222853031532 0.0117946153218558 -0.169729566376344 -0.286815936494377
-0.0165751508428851 -0.0116262190335134 -0.114368947425559 -0.175238964423902
0.00149178548825478 -0.00422203124679543 -0.0757576303557118 -0.0919587754504048
0.00689603431839757 0.0031257821789895 -0.053364477478557 -0.0378980315641101
0.00500304712082333 0.0107990587117281 -0.028039019795352 0.0051421155828097
0.000696138915395842 0.00980482526482696 0.00762313473522305 -0.00963917100658719
0.00637064809677472 0.00609253451397007 -0.0218247937664905 -0.0155099616662727
-0.00244740806802868 0.0119936881010049 -0.0208221897168696 -0.00347929978857029
0.00441204289050426 -0.00419230510241345 0.00150755317470925 -0.0204303082151761
0.0115673253713262 0.0118018427619607 0.00586825864085744 -0.0366702720906906
-0.00375215478469914 -0.000266803359453258 -0.013504376354988 -0.0370738334290636
-0.0522946513485324 -0.0342667532481332 -0.19316646723533 -0.0447746646303229
-0.0317309043911264 -0.0728535023666592 -0.245778152365941 -0.115019569755449
-0.034477044513351 -0.0942263741605826 -0.297848204680723 -0.205245457249274
0.0285975230661629 -0.0869862209783106 -0.244470605473834 -0.294175932173257
0.0607935589257399 -7.3524018232728E-05 -0.155496104047615 -0.262574513698579
0.0311119265024236 0.0577669740138782 -0.106738689382818 -0.156131713710262
0.015849950923949 0.0404578325095871 -0.0747638867281445 -0.0799425439152915
0.0301081626790596 0.0141742404875275 -0.0481631191549273 -0.0353195237490361
0.0387582223147029 -0.00635608768203872 -0.0258273594567161 -0.000466228458990846
0.0130651878933844 -0.0179285204909253 -0.00365784416948578 -0.0037812479302176
-0.00115103925450734 0.0222561508285361 -0.0176266302421637 -0.00459365959545288
0.0117891516975983 0.058855810639593 -0.0289927745854143 -0.00927613242629441
0.0029972928888586 0.0441475781432785 -0.0119380104750373 -0.0282585313546977
-0.0149361504546723 0.0494754882664471 0.00465973854302939 -0.0414589801497283
-0.0210335416651475 0.013709454855487 -0.0140241135907526 -0.0436647461642843
-0.0774608397576292 -0.0724550036243427 -0.17682964731799 -0.00815709667158978
-0.0686162320784093 -0.115503248260663 -0.200414921575221 -0.0614501363357121
-0.0470101826273805 -0.142626583772727 -0.213480020805095 -0.114712968563118
0.0444643806771121 -0.120418106999426 -0.170672467501613 -0.170074125544452
0.101254834087643 0.00777883091393743 -0.112608185367944 -0.190830438929984
0.0567949579770367 0.0945208684507217 -0.0704733227003468 -0.108523127151826
0.0256654224220657 0.0650184937087528 -0.0688076502342004 -0.0443670175780533
0.0451523236727321 0.0206141135229121 -0.0341122937735361 -0.0298855222027008
0.0610570690807733 -0.00919709221603401 -0.0128253096992909 -0.0151563632677646
0.0331344057458332 -0.0195910562721416 -0.0200489292136647 0.00766878274920568
0.00465530192811439 0.015986956929387 -0.00826910099844457 0.0144488980323456
-0.0055505246012892 0.0492217277406035 -0.0369278826377945 -0.030367599496382
-0.0347628195130364 0.0451137231661996 -0.034028948516137 -0.0423090172860701
-0.0566127229189592 0.0497661927063412 0.0112910063222968 -0.0542571630674141
-0.0432269469688408 0.00956086661023755 -0.00393839674793691 -0.061109557374134
-0.0924661005922696 -0.0787640275007879 -0.143004442849559 0.0344739529076581
-0.102628535390219 -0.104613033810897 -0.14292541835637 -0.000691265925749121
-0.0629797502723466 -0.115855555180087 -0.129621395977727 -0.0199006114398048
0.0231735266849337 -0.0827976494123213 -0.101492865609191 -0.0459941574490143
0.0844739521572737 0.018719071362946 -0.0606604984073765 -0.109644446333293
0.0636263904404428 0.0857338529849147 -0.0296130693878716 -0.0588590975712234
0.0375335719196346 0.0620632420311693 -0.0575131132051816 -0.00600587623852948
0.0528359432920744 0.0244296487045525 -0.0146617173286405 -0.0189363203101481
0.0687665999635642 0.00593582658633651 0.00474404936043512 -0.025786522557728
0.0548716912767823 0.00165150585926014 -0.0257841998567927 0.0163927043030572
0.0239372435299568 0.00331594987677457 0.00417198923497918 0.0178490958721271
-0.0225978196474129 0.00476842813891703 -0.0141243300287859 -0.0558428061621371
-0.0750206034535544 0.00298582492437752 -0.0170587659422478 -0.0585490012686788
-0.0995037531200815 0.0094032044165293 0.0443982572796011 -0.0613488446902539
-0.0695276813230369 -0.0173151089063935 0.0219209047693163 -0.0738666994460481
-0.0946462765588004 -0.057649646232774 -0.0996991367810411 0.065954534874222
-0.12745708098048 -0.0674857487639658 -0.0855665969253493 0.0470183857485162
-0.07150292884025 -0.0662462676688582 -0.060410228057754 0.0438659876271505
-0.00434700634791488 -0.0415383224575688 -0.0448966645857469 0.028918597415843
0.0550799812073696 0.0170710770861363 -0.0204694381450468 -0.05857319753599
0.063757526308563 0.0516351892227741 -0.00224088088031777 -0.0252512904388921
0.0502226983007203 0.0379097784491498 -0.0413124209504697 0.0199198405468055
0.0525958607413788 0.0252302472146896 0.00554455837714752 -0.00483115836698742
0.0651058628504618 0.0322913672122791 0.0254350267550451 -0.0219299735120516
0.0714169142050784 0.0322062561320327 -0.0151472940174063 0.0277917200526824
0.0477080296487586 0.0024342324727585 0.0285054476217877 0.026092956711819
-0.0190883823221305 -0.0345992829924687 0.0365587137837382 -0.0529387043075364
-0.086581417942008 -0.0444566497181363 0.0326048464718612 -0.0479606810437105
-0.119827865710373 -0.0462038190169086 0.0942777421994412 -0.049674971391712
-0.0846261889851719 -0.053254572469427 0.0626852850804759 -0.0701480185504169
-0.0810036767699018 -0.0239996679074194 -0.0545191852416309 0.0780089385643147
-0.12757457467524 -0.0234789925462881 -0.0348591503506309 0.07093194212102
-0.0688255477185388 -0.0138035861956581 0.00370475353051866 0.0627364505246483
-0.0219959285162608 -0.0115795271790653 0.00320593955889915 0.0521612836274458
0.0278308297180863 0.006130187359238 0.00322924289537839 -0.0383401447232158
0.0602689360390899 0.00958789709792673 0.00939727223890912 -0.00893634092969893
0.0569922929487965 0.00794758280095796 -0.022533602983804 0.0290538437491138
0.0462641682587882 0.0223957392613213 0.0243117768726467 0.0104713828457903
0.0513122740984178 0.0569936216108441 0.0458112901227776 -0.00186171342394665
0.0836452524043141 0.0622445142898389 0.0106955426449769 0.0570381420531015
0.0780307733418464 0.00255237887844639 0.0689677509167993 0.0681482965899839
-0.00454979518663186 -0.0749522864825723 0.0976369911126137 -0.00410727409908321
-0.0757395157315549 -0.092857128199591 0.0949426779719167 -0.00142214211172187
-0.118107513279043 -0.0943075556682511 0.148609034990934 -0.0194148218042026
-0.0836822757257825 -0.0834905880249831 0.107471170997213 -0.0486086438367272
-0.0523151769787733 0.0061050211013308 -0.0191157049292772 0.0688402514860468
-0.0974036766200865 0.0157857842580588 -0.0014991855810718 0.0654888400111314
-0.0441794232915062 0.0362709533624862 0.0415870656833183 0.0458637136503855
-0.0181702628200285 0.0239655047347526 0.0316858494932457 0.0355753902359514
-0.000189734200558804 0.00489302210009424 0.0128184947116124 -0.0267962974969462
0.0446139349332514 -0.0269519885801905 0.00671301288381595 0.0016347142840761
0.0529812744556548 -0.0153457372821447 -0.00354483018060799 0.0221661723020003
0.0347558775641529 0.0162899227147951 0.0377184141811693 0.0229883821690091
0.0334214315364878 0.0661693006286848 0.0612908787942213 0.0329493755486993
0.0868652208998737 0.0767987898902019 0.0488089373386356 0.102815499585781
0.107794612598083 -0.0120864422076557 0.117730841640227 0.150645646219529
0.0169296910980095 -0.124383445511127 0.167745853764507 0.0986268314777304
-0.0522115905562734 -0.136639148216508 0.176933101480359 0.0759077770731813
-0.0992205227786272 -0.119283697277254 0.200994940914594 0.0263548213477875
-0.0674794391537214 -0.088400372226891 0.150671162760494 -0.0143731318218164
-0.0211905833376042 0.0168452581140386 0.00106995214652138 0.0486369147771261
-0.0519832736280914 0.0231716199814104 0.0023122466346822 0.0445345789157893
-0.0103679913281581 0.0489725885447984 0.0290498800972652 0.0232911392665974
0.00244181315251785 0.0353556091809403 0.0309066127882433 0.00624382244965686
-0.0158669323146887 0.00928729583948618 0.0183584972066969 -0.00177165248386803
0.0216324973953869 -0.0353105257382174 -0.00317286199756363 0.0112757511413855
0.0319976070821142 -0.0200147066002683 0.0118264405868178 0.00880413811214455
0.0187203520711048 0.00878083230160214 0.0468927542439494 0.0314301018721792
0.015403403708373 0.0501436481323299 0.0710986421497773 0.0686629639117065
0.0676658170175077 0.058901736660002 0.0889361389062255 0.150332155122553
0.101693658834775 -0.0267223518843968 0.161487139535502 0.236698972717125
0.0229401818314519 -0.131749171589614 0.247280467121351 0.230744379524963
-0.0253882101921618 -0.131659048033902 0.277080340019643 0.163768308972062
-0.067913294234138 -0.0939846721542239 0.249200072466737 0.0772227958425901
-0.0377672797657089 -0.0623042636432101 0.181445676395329 0.019190746834489
-0.022202828688894 0.0200937346632188 -0.190064744798994 -0.0597701207835486
0.00679825648120116 0.0148373720460533 -0.256335848357463 -0.130942983958419
-0.0228321932490746 0.028720077343171 -0.318758088864098 -0.22915882723896
-0.0167581806038176 0.0304354200649322 -0.271368731672239 -0.324577367734201
-0.0365878760612898 0.0109108425057891 -0.170345084392381 -0.285016485276143
-0.0168692063906773 -0.0117664029826897 -0.116120699769918 -0.174887503747444
0.00163467373621376 -0.00459956054056444 -0.0774913123665526 -0.092520661268022
0.00672232423042929 0.00400456283437498 -0.0546406667823747 -0.037891112558393
0.00494939037168195 0.0102513521586675 -0.0276601902443513 0.00652211580661967
0.000623403003782087 0.00914664286701683 0.00849560739397283 -0.00994637986478585
0.00644835988776301 0.00569394047884813 -0.0211038653630093 -0.015720735249657
-0.00228418324607406 0.0123550600253669 -0.0219989013475662 -0.00349327941282181
0.00479442594853976 -0.00475449454766727 0.00165098258177982 -0.0208186889855537
0.0108191115773144 0.011727637637935 0.00591154693196718 -0.0379805115691849
-0.00410787479332756 -0.000542985526315201 -0.0129919553174718 -0.0370299616433848
-0.0529421316034935 -0.0360053858707017 -0.19275296392839 -0.047658200908586
-0.030169414394725 -0.0741442174072851 -0.2445537152048 -0.117740149806521
-0.0336700656538657 -0.095570277430334 -0.296457599543455 -0.207706599364588
0.0297760480338008 -0.0877175471422687 -0.242876809781703 -0.294364007383217
0.0601858380011348 -0.000682778217089873 -0.153652539897743 -0.261651583064442
0.0312772027181644 0.0571076761149938 -0.108366718838472 -0.15607693859478
0.0163845231492143 0.0399908087457578 -0.0760872815473867 -0.0806766782169512
0.0299378640758085 0.0136815770600703 -0.0491802487014053 -0.0356730596552653
0.0392494079440606 -0.00648605384468607 -0.02481979400879 0.000939856334788863
0.0128793814110816 -0.0182504874889457 -0.00344682559672907 -0.00253675452751154
-0.00117906536973216 0.022938446818148 -0.0177682327670083 -0.00456857421928721
0.0115669157769676 0.0601279648522417 -0.0304571013559546 -0.00965063248414279
0.00254168701740884 0.0447882847879999 -0.0115779757938323 -0.0290581061514781
-0.0159856398191963 0.0506451113372018 0.00501780806596653 -0.0427213304945293
-0.0214466631334279 0.0130407212051727 -0.0145280989826286 -0.0447368349592789
-0.0773816052834877 -0.0744424961721419 -0.177704493634498 -0.00921926239918819
-0.0680272828442474 -0.116465736160367 -0.200767106335767 -0.0639845721251428
-0.0458430581175385 -0.144588245774894 -0.21339515971135 -0.116627900653308
0.0449826371729833 -0.121077656121791 -0.170209000982712 -0.170270955019695
0.101432396096935 0.00717022226868866 -0.111011796664877 -0.189557335198096
0.0573473347760099 0.0942304000707703 -0.0721145853011055 -0.108914368514431
0.0270689396112059 0.0644828155336683 -0.0697811292108433 -0.0443779158384882
0.0456541622026765 0.0210129502547657 -0.0349210408268376 -0.0289933121227183
0.0611937383784888 -0.0094774704024494 -0.011984997861773 -0.0144822073865813
0.0333284814974051 -0.0187832391410167 -0.0197011064487264 0.00806981593783955
0.00502449840359319 0.0165260096528223 -0.00901464449329492 0.0137634593555182
-0.00601667512014988 0.0496179882597908 -0.0376596711098772 -0.0313672431954049
-0.0352879982973155 0.0448147483077692 -0.0334353786374182 -0.0430541411715376
-0.0577507288291052 0.0509300918123687 0.0117503584986046 -0.0552945285643608
-0.0443341173775835 0.00863871867026612 -0.00382190838919608 -0.0613750077317453
-0.0919337296834217 -0.0809306896363832 -0.144236596365439 0.033658874952448
-0.103089157894406 -0.107197553215059 -0.143200673553335 -0.00154532123658632
-0.0618026113476039 -0.116819824252336 -0.129788883692851 -0.0199683174381511
0.0235349009925666 -0.0836046350079276 -0.0998572816095658 -0.0452601663224266
0.084397626013176 0.0177873014123949 -0.0601433238265762 -0.109169625492977
0.0639490092856083 0.0851830222934572 -0.0308157671614043 -0.0594097279575422
0.0380987793220163 0.0614479660924306 -0.057714244958624 -0.00610479174904765
0.0531628886197307 0.0242349066903211 -0.0150798541202718 -0.0185764881658396
0.0695572497177291 0.00583517175382452 0.00632492392789148 -0.0249242981714503
0.0547332403636825 0.00223411158437126 -0.0262731629838895 0.0163202524797622
0.0231362889702548 0.00376839146759131 0.00321420526744271 0.0173677042424267
-0.0222376254886448 0.00440026789368556 -0.0148017214718998 -0.0558186780743021
-0.0760356171924719 0.00232919170938437 -0.0167647941513217 -0.0581578045896245
-0.100246212392882 0.00958061921885872 0.0450245575940409 -0.06220511520043
-0.0694496787855652 -0.0184404211019567 0.0236343471497019 -0.0744186465263216
-0.0949726408303406 -0.060201969527436 -0.101130675933936 0.0660880750622367
-0.127397374528757 -0.0699648206635454 -0.0870269045189552 0.0472801802361095
-0.0715004515017528 -0.0687864610794515 -0.0607805872888613 0.0433296969746677
-0.00469561972753024 -0.0427500200518741 -0.0442274831044644 0.0300848254914957
0.055562137616257 0.0168341780474379 -0.0200297225255355 -0.057374080024817
0.0647081381232328 0.0505519266648556 -0.00173087213341766 -0.0251298476105268
0.0511519205946209 0.0378727335915296 -0.0413870297509149 0.0204845563194646
0.0531892768298265 0.0248622179850929 0.00549990949504691 -0.00479918658855831
0.0651016912726453 0.0320892634418601 0.0257075250509697 -0.022060080339257
0.0718544883481302 0.0321934404884785 -0.0155885612526322 0.0286208366904871
0.047767300168721 0.00217017660738314 0.0293484594138391 0.0251153210036662
-0.0196506388042212 -0.0360630000051277 0.0362148392791693 -0.053211361661053
-0.0871611159144584 -0.0469352336607287 0.0335152928762434 -0.0482566985158589
-0.121058826629445 -0.0482970177446665 0.0960171767987371 -0.0498508682745298
-0.0841191288400493 -0.0554084572781109 0.0642013825417562 -0.0705484162200311
-0.0804940148840248 -0.0242111933671424 -0.0554715378521787 0.0786931515872739
-0.128644512485471 -0.0246624975149983 -0.0368048606164509 0.0720221265445254
-0.0699918079622222 -0.0148884525018788 0.00368632150024386 0.0631395743172877
-0.0221384221309274 -0.0120627910633158 0.00423720881797735 0.0532680666628024
0.0274718656154781 0.00612664696580278 0.00422474603476622 -0.0388762466699801
0.0602857580545776 0.00880450439911477 0.00987304693697978 -0.00846626704793333
0.058191675630113 0.00724875039370031 -0.0214395674899813 0.0284937560402244
0.0471659784498096 0.0216834287756535 0.0247226666421666 0.0100417685656312
0.0527274068290376 0.0563979333203986 0.0462470755952473 -0.0016495976046199
0.0835149697139448 0.06131023752106 0.0105789554082624 0.056417209635061
0.0781154214831754 0.00182007684162979 0.0688492921050505 0.068602594190961
-0.00398903062223911 -0.076858033263659 0.0981946343907217 -0.00373690695608827
-0.0756490638922544 -0.0940834715878203 0.0957091241944874 -0.000592166853600356
-0.118882970423349 -0.0975048980170306 0.149724559997578 -0.0188694826115139
-0.0837735021282491 -0.0849805345891073 0.109158393802283 -0.0473391712613234
-0.0530665111212658 0.00663639587603792 -0.0197839361000985 0.0695247843474633
-0.099119620631534 0.0148329166115118 -0.00309801597497482 0.0666660855019946
-0.0457898153922037 0.035888245994351 0.0416270193733131 0.0472927674163177
-0.0190442849189309 0.0246470371302726 0.0331007936396783 0.0352315536478248
-0.000493623927501586 0.00438139285847616 0.012905376943624 -0.0274137737761956
0.0451280877474156 -0.0272528115922487 0.00717359899965869 0.000675170957244966
0.0533298326476823 -0.0153877306987544 -0.0036706819815671 0.0218323319388647
0.0350690128158327 0.0164895592541093 0.0387570198856179 0.022888666001603
0.0341020211100012 0.0654804573639041 0.0628315192230324 0.033341151443059
0.0878812107357771 0.0770905255806519 0.0499682418182878 0.102641027383654
0.108556819554654 -0.0119398553556235 0.117036975337057 0.149995451820221
0.0177465049269002 -0.125683427976629 0.167250048062167 0.0985016724719114
-0.0505538116849382 -0.138624653990319 0.176554751796231 0.076938757819477
-0.0989275902040183 -0.120202200886632 0.201747665493278 0.0277816388215243
-0.0660795846535181 -0.0902778837830163 0.151405279092698 -0.0130010479712234
-0.0211708332658767 0.01761826914452 0.00125140693328666 0.0503720364023361
-0.0526934982586325 0.0234022038431697 0.00216469955469862 0.0459031594754927
-0.0118275188707766 0.0497033520854112 0.0297327621197727 0.0229188106152406
0.00256657878276092 0.0365524509647661 0.0313949812434769 0.0063944440049438
-0.0160705966577301 0.0100077004892337 0.0191974957831747 -0.0018469981326508
0.0214658762560885 -0.0358326296333106 -0.00395972248010548 0.0112835598772823
0.032819326656855 -0.0199673147240663 0.0116113280138081 0.00832425885467608
0.0186389285966168 0.00869068495990726 0.0480315228007691 0.0310453847601188
0.0155658026248638 0.0496686477380374 0.0722284654102199 0.0696072072040405
0.0671817230636885 0.0588525586204082 0.0912948481716316 0.150033403380704
0.102143790709864 -0.0278331445647451 0.161981482584303 0.235603497797264
0.0236577089033753 -0.133041038148373 0.247349008673777 0.231312511245704
-0.0242316426762367 -0.13228298508949 0.276634237944215 0.166596753798719
-0.0675948707796517 -0.0961413681564415 0.249199676676484 0.0803820707166069
-0.0377710458486521 -0.0633081626009746 0.181978405632019 0.0213305437328021
-0.0223406080766361 0.0204141137682534 -0.191500596263508 -0.0607639728242115
0.00672882427450433 0.015171641702989 -0.256321802147193 -0.132796022400659
-0.0232542846310061 0.029356043591384 -0.322599209672704 -0.231880559457621
-0.0171047519167478 0.0304828605849046 -0.27429013011763 -0.325687497724749
-0.0367319025493438 0.0118099565955671 -0.171903086768676 -0.284613059378427
-0.0181069715758345 -0.0118443563181715 -0.12014510365041 -0.17569049778118
0.00166698518171767 -0.005195588306557 -0.0800225866570442 -0.0936452096640562
0.00672020593374521 0.00480183936826782 -0.0558821581963805 -0.0372386325980911
0.00536243725424371 0.0101808093127485 -0.0266922396584972 0.00765381513033247
0.000821656021959993 0.00988283690312197 0.00943773527992751 -0.0104514413441775
0.00615552276204279 0.0057367144810525 -0.0215911908529164 -0.0161622219108336
-0.00245454356380515 0.0120988873024576 -0.023000113801762 -0.00298660047228963
0.00401983886635842 -0.0057870207348913 0.00160988869424265 -0.0213680938193499
0.0104119591501884 0.0118402042853013 0.00578233003356488 -0.0388992515662549
-0.00412854508140975 -0.000794965786332217 -0.0128124752828305 -0.0378970779461252
-0.0530260304240053 -0.0372462354845628 -0.194913309803546 -0.0488508646378763
-0.030513217157914 -0.0756490372432327 -0.245880643095251 -0.119434811271362
-0.0333439742153336 -0.0966925415789251 -0.300012299084081 -0.208657707563857
0.0291239790077105 -0.0897007886595354 -0.244611082840935 -0.296459145747662
0.0609333804004693 -0.00164837139295249 -0.156712418255992 -0.262017319013546
0.0322617843583872 0.0569034000893583 -0.112148409526355 -0.156728799358717
0.0163411667257109 0.0402345372082949 -0.0783259344661012 -0.0803643661617039
0.0303944564981147 0.0136448726452874 -0.0504237896908432 -0.0360053175834419
0.0398162477380594 -0.00724936995637238 -0.0245766126693334 0.00173934974432044
0.0125747761438342 -0.0185376194029333 -0.00257713637090177 -0.00281536757189153
-0.00120883126176216 0.0232094415761481 -0.0175745253951999 -0.0048540724276335
0.0123799864838738 0.0601273210019048 -0.0318245191305118 -0.00891677597597619
0.00256592844277006 0.0456437376825195 -0.011725497310199 -0.0291964216840972
-0.0166877747103902 0.0514024640548494 0.00476248649674931 -0.0444851684639457
-0.0219194809453947 0.0128828432892147 -0.0134108530910157 -0.0450951404677583
-0.077422791386218 -0.0756093220856997 -0.178875660102132 -0.0109965827417097
-0.0672966097654306 -0.119481201898807 -0.201855008226992 -0.0636692459268817
-0.0460035382947648 -0.147486574229887 -0.214482912947197 -0.117365541465572
0.0447586907033111 -0.124588298481429 -0.170058601358313 -0.170644039551098
0.102875062152962 0.00600332412280929 -0.113108386494721 -0.188764949502563
0.059388306204691 0.0934066142035858 -0.0751730812275062 -0.108443200521454
0.0279887026930626 0.0651647242935787 -0.0715472506605536 -0.0445159092756242
0.0469161553940994 0.0199512225766471 -0.0352581820575069 -0.0293450794150767
0.0625653110517787 -0.00983981985254494 -0.0128439407498671 -0.0132265430627922
0.0332845220507616 -0.0202028676499981 -0.0200126974894026 0.00869518184592249
0.00520042445888063 0.0173851793504499 -0.0081679564048194 0.0146948359657089
-0.00685254594078756 0.0500817652811283 -0.0390166960596411 -0.0315027596045361
-0.0372130615264597 0.0458151995009383 -0.0342318621057092 -0.0434746080485115
-0.0593518664362133 0.0513348090322653 0.0117332867330502 -0.0568611390186253
-0.044068424927021 0.00719787910369606 -0.00320282616575129 -0.0627866931236073
-0.09287992286871 -0.0825913440837718 -0.14572330761139 0.0338115040282222
-0.103802052232326 -0.108678288924976 -0.145296888497164 -0.00141210405250175
-0.0617313242273124 -0.119311659947095 -0.130982527041536 -0.0194980659101099
0.0236799271282507 -0.0852542021273808 -0.100752881545527 -0.0442713603293038
0.0863742082145959 0.016417695673788 -0.0619845496023983 -0.108194624600487
0.065137873839276 0.0850994204882483 -0.0310414971431521 -0.0589521828237972
0.0395578714521827 0.0614062788162769 -0.0587194944681159 -0.00598053380418778
0.0547936634541436 0.023327616252037 -0.0160577539205755 -0.0186802713714454
0.070545883102643 0.00566707770482775 0.00607880381220485 -0.0248053421592144
0.0547232745297711 0.00169246344484166 -0.0265049464699901 0.0179722395980957
0.0231374011052313 0.00332929999697635 0.00332906395674606 0.0176847997266259
-0.0234714503323674 0.00389969378427441 -0.0154179133917048 -0.0566139301253933
-0.0784709592077164 0.00184044482110659 -0.016663240216139 -0.0589757599790139
-0.101735290975645 0.00806506680738464 0.0460504966049651 -0.0635235442756655
-0.0705833671412027 -0.019308125810587 0.0239370641209681 -0.074961408094023
-0.0953409076896226 -0.0609227494300271 -0.102421003909564 0.0673271322166588
-0.129034682453823 -0.0704692784651392 -0.0885354691254319 0.0489489116977561
-0.0728790527214337 -0.0693699877526035 -0.0610992438614081 0.0446029478820888
-0.00474667809348312 -0.0437301780903201 -0.0436724986014371 0.0317279303986963
0.0561604075137548 0.0154153259522271 -0.0199120196634303 -0.0576189687818794
0.0657321351038263 0.0502091029845178 -0.00102238389999399 -0.0254674675162503
0.0526369086774776 0.0381020427060087 -0.0416717764077001 0.0206207973386053
0.0547020076509688 0.023859898981356 0.00582189033663208 -0.00478353252273975
0.0665861383477098 0.0308068825743918 0.0260631027650576 -0.0218846681849395
0.0723288486394178 0.0317031087870994 -0.0164541924705155 0.0294313465068139
0.0483321303557672 0.00117041978753988 0.0292487541309537 0.025599672885947
-0.0197378291502286 -0.0363388746467967 0.036101590092882 -0.0542486895425218
-0.0883723167017972 -0.0470605049316206 0.0346253356566314 -0.0489554829891401
-0.12197440054538 -0.0496811183730806 0.098771668512724 -0.0509858191649316
-0.0859528675535839 -0.0573459488285642 0.064694739665783 -0.0708704294346328
-0.081487160845971 -0.0252365562483851 -0.0566083112038163 0.079709977170707
-0.13080816232797 -0.0241003018417565 -0.0366510666775753 0.0739231062081929
-0.0707859227888861 -0.0155860097289789 0.00397886626521957 0.0652937705042871
-0.0224727607277795 -0.0124910492223883 0.00468005468634882 0.054518383396715
0.0271781265506901 0.00608325082813977 0.00390028325233044 -0.0392130762679723
0.0606944237386595 0.0077246468426618 0.0109766387173369 -0.00917642442006898
0.0593701082091255 0.00598370408415728 -0.0228410852176576 0.0290373882855545
0.0488798850709928 0.0200474060453103 0.0255283043166912 0.0105321730196207
0.0532652335471677 0.0557881126306017 0.0471180226466014 -0.00146811636434697
0.0855971879700889 0.0605646047166481 0.010562000191361 0.0572528010526858
0.0792325250023734 -0.000291144852100532 0.0704143698409589 0.0669495080411947
-0.00425467688115155 -0.0782906926951694 0.0979131278041817 -0.00551697700414259
-0.076035743963737 -0.0961993023417149 0.0971994158035392 0.000353753522604292
-0.120307570227804 -0.0989765738566801 0.152256316640458 -0.0198313198353255
-0.0843483438018684 -0.0867253424844103 0.111295130596284 -0.0477633614385187
-0.0525021814340797 0.0061872561338223 -0.0199143141328547 0.0710624766484306
-0.100201616917486 0.0149162496672287 -0.00214397892319721 0.0694029536368366
-0.0459613029787188 0.0366010211570603 0.0429472274000234 0.0474035247693502
-0.0193662316510209 0.0252410447640563 0.0336619742514041 0.0368858499668471
-0.00143631225613542 0.0048238043099561 0.0129039300385783 -0.0273534116999523
0.0451338403293732 -0.0283245053493986 0.00768747967982502 0.000555634197803473
0.0537866780375025 -0.0161007702159118 -0.00292679834106999 0.0216111134222426
0.0361182660667245 0.0156058976238255 0.0401717400739211 0.0238679088965435
0.0355973182321154 0.0648645298048733 0.0637741833496032 0.0331329014132294
0.0894005246356395 0.0752151034547001 0.0516362843888739 0.103264010537426
0.109740940151846 -0.0143473698775773 0.119391466869707 0.14966958868277
0.0174895924310144 -0.127160060973663 0.168389518515389 0.0983382473984252
-0.0513297368381155 -0.140498985396982 0.178524404066284 0.0781042870642887
-0.100068177904362 -0.123429527523431 0.20509834642763 0.0279906332061098
-0.0669166634293677 -0.0918482763735496 0.152717502550552 -0.0115646706519934
-0.0218398925516167 0.0173012326131188 0.000950219214339032 0.0516189673235901
-0.0535627875814438 0.0238066445831439 0.00337743049235434 0.0473659059257479
-0.012037611681981 0.0505514479197637 0.0309022550833715 0.0229834569677886
0.00283632206781677 0.0366631233138238 0.0332011731543952 0.00547421526385251
-0.0160386219081028 0.010406437469492 0.0194578573798391 -0.00237857352904868
0.0214570314177678 -0.0360266741627938 -0.0033726736345396 0.0104382194803965
0.0330177749375825 -0.0211019787662589 0.0115595505925896 0.00745170173649791
0.0191050927388182 0.00707569491275268 0.049866688476572 0.031309341257885
0.0165453412467277 0.0497899288185224 0.0743681623521436 0.0702404330046476
0.0688754974241556 0.0581975490784294 0.0945077618226929 0.1515608422197
0.10398511978761 -0.0299550735592314 0.165055682240117 0.235573078588318
0.0232416574822164 -0.135376018780014 0.249052747901 0.232231234856584
-0.0238679686200924 -0.135504257435334 0.27863107779614 0.167369286692338
-0.0681188797416903 -0.0975466396862612 0.251402801899157 0.0822557555433081
-0.037489823338406 -0.0641536646792963 0.184449722534781 0.0224029898108417
-0.0207893551618095 0.0220095938704481 -0.196693857238025 -0.057557830077668
0.00989956657440645 0.0166993643427828 -0.265089404005161 -0.127446977883701
-0.0220953876497634 0.0312976725437815 -0.333299548385083 -0.22511238856593
-0.0154284581896365 0.031331854637708 -0.285928118332423 -0.322586440273438
-0.0373887961933212 0.0127543437291843 -0.185882722763258 -0.278575634896495
-0.01892944894742 -0.0123012515189651 -0.131238459172796 -0.172804356946524
0.00102350993312676 -0.00534364491837501 -0.0852957504991824 -0.0909218700330488
0.00624221305209507 0.00338036080412561 -0.0596081411809984 -0.0347562121788748
0.00573677780576698 0.00967706659294672 -0.0252153758025866 0.010062455448233
0.000751024119748687 0.00901890068217604 0.00977582736960889 -0.00990793781501703
0.00666141697107456 0.00513361700357697 -0.0219424287683759 -0.0156021590178202
-0.00268954333027344 0.0119187001599662 -0.0242972242951328 -0.00192021342172973
0.0049043758447946 -0.00581553851438735 0.000195913389907963 -0.0217909742246159
0.0115378964971135 0.0117759172281452 0.00418550942958114 -0.039250998477609
-0.0031069556076544 -0.00147740130905603 -0.0137793665280038 -0.0388764271753413
-0.0531974224138127 -0.0359902846900454 -0.199361968437135 -0.0435702873308547
-0.0313495732653583 -0.0758344892183156 -0.252654926878124 -0.114754207724234
-0.0355702902331316 -0.097523840094826 -0.308881004642257 -0.202961923892173
0.0285014498601985 -0.0931905587138076 -0.255099028539763 -0.291742048389155
0.0615882240414044 -0.0053693592722273 -0.169451599430974 -0.257731373980243
0.0354635027646779 0.0550193512548801 -0.121804480684493 -0.152916811540049
0.018283348364226 0.0397504371996529 -0.0833857126223107 -0.0785262015418342
0.0316018709705312 0.0126511966828541 -0.0532449483719303 -0.033585819905505
0.039761083439663 -0.00938598273512329 -0.0248003679272407 0.00427886208119175
0.0125250705603587 -0.01965130067742 -0.00209439309296768 -0.00179628908306858
-5.39616839526972E-05 0.0241321144862532 -0.0184496487475346 -0.00390931298445131
0.014711747322249 0.0612510295161214 -0.0336059158664479 -0.0072546097770877
0.00425392859060287 0.045797849398162 -0.0136017321967031 -0.0289167088194906
-0.0151038256021082 0.0519933218547083 0.00274441444386339 -0.0446122885689528
-0.0201795552800409 0.0121572691949557 -0.0154845963537808 -0.045414217370564
-0.0785995855711756 -0.0759644156983096 -0.182048776529024 -0.00659379843824747
-0.0708967642060076 -0.120554089801129 -0.205716404469211 -0.059936893015269
-0.0495031338279626 -0.148429402705273 -0.220249193559477 -0.112426922574187
0.043330304020082 -0.128993120839306 -0.176135368796577 -0.166041405398986
0.105288829774651 -0.000393625387659901 -0.121592627000798 -0.185479938513101
0.0635350557190967 0.0921169169498347 -0.0806452368688554 -0.106906932794968
0.0307228525897035 0.0641687133725287 -0.0759032434575104 -0.0434472438347177
0.0490753103364841 0.0180331613810666 -0.0384378187861287 -0.0279594697059984
0.0631157207814542 -0.0134706398428236 -0.0132388221615545 -0.0125643554343511
0.0324744331766503 -0.0213394325735023 -0.0205418082158362 0.0106591826114287
0.005938589649002 0.01702096943147 -0.00812708733610325 0.0156285136053809
-0.00393055876500517 0.0510042963902853 -0.0415609077734375 -0.0303427760066379
-0.0362808151797392 0.0470352269451577 -0.0361381532717372 -0.0438795067208117
-0.0575733718849405 0.052511815968748 0.00996202066541926 -0.058938824068804
-0.0446155884021487 0.00764423214805398 -0.00476561008491858 -0.0637829960712605
-0.095402972805413 -0.0824638606831134 -0.146891805032255 0.0383289254000866
-0.106674065706875 -0.108737163723835 -0.147772423915273 0.00264697232378269
-0.0648982620596486 -0.120851063268912 -0.133141515787002 -0.0158982680683498
0.021939237430669 -0.0890974387574768 -0.101761573574987 -0.0408849213802083
0.0885150149639976 0.0122921390851998 -0.0658330128646545 -0.105938007732826
0.0697658440554137 0.0835612338837995 -0.034355475333106 -0.058386342748868
0.043668218851381 0.0596149110789801 -0.059390504153398 -0.0039094444118697
0.0571849725210946 0.0211926439977545 -0.0177790448710646 -0.0174847106059086
0.0716675064125665 0.00169408707552808 0.00390090071095332 -0.0243335353865765
0.0562014753521707 -0.000213014746712108 -0.0268457869977049 0.0196562167734315
0.0234345602486082 0.00276673808645787 0.00441915189505684 0.0182072983039653
-0.0235365248733298 0.00474170080085804 -0.0182065354641945 -0.056993269393264
-0.0787568172251697 0.00351988838109119 -0.018398073226968 -0.0603339247548929
-0.102718414380349 0.0110245295194532 0.0454030792320173 -0.0665141939599577
-0.0706662437043478 -0.0190075090027814 0.0222782112561633 -0.0779077272897879
-0.0976196447689081 -0.0601442717350574 -0.10235600254144 0.071599608391612
-0.132322687908341 -0.0695161498434226 -0.0895316248111055 0.0523208849290676
-0.0757091918374277 -0.0697447416714193 -0.0608019160443918 0.0469149813037469
-0.00634179824938265 -0.045497247230304 -0.0421398620896931 0.0341422267576063
0.0571506048921991 0.0122464108845883 -0.021412497251357 -0.0561493088120415
0.0681633478858255 0.0480012820547663 -0.00201154430383135 -0.0255699047850547
0.055178998739477 0.0356542220115329 -0.041259905037567 0.0221997481383424
0.05717906751189 0.02179135352901 0.00563407138861562 -0.00434195763954743
0.0689861245293787 0.0286361013760603 0.0250059006428913 -0.0222186376059816
0.0742894850281634 0.0290410071736676 -0.016345459975654 0.0314603669315766
0.0489662483790332 -0.000721463131671934 0.0300266830443499 0.0244347521879036
-0.0210438499196693 -0.0368136561715176 0.0346603830070047 -0.0570750463035784
-0.0903880004721253 -0.0459458836726353 0.0344544464470482 -0.0514320869029114
-0.124863489870133 -0.0465903664438041 0.0995478961339105 -0.0548774313215943
-0.0863569634026839 -0.0563494295655704 0.0646433237875217 -0.0748538670895327
-0.082721345767201 -0.0248117539596919 -0.0553393431536644 0.0833352054469983
-0.134059422169098 -0.0217318736310421 -0.0362564459973402 0.0763288988008961
-0.0730998936748492 -0.0143727892744079 0.0055203383751926 0.0669328603949232
-0.0235877681594495 -0.011935156362813 0.00732042890726958 0.0560809682428094
0.0285575550433646 0.00520997183943219 0.00337006650105261 -0.0386523967456391
0.061951852883751 0.00574424937722725 0.0114120051965197 -0.00947853952177042
0.0609772163608216 0.00389313930389167 -0.0201371554358329 0.0305095241113704
0.0509157726303175 0.0184178456532761 0.0268318060905521 0.0103152760330489
0.0565436378055834 0.0542779630583281 0.0475735188124972 -0.00233972246398916
0.0884214729703205 0.058153737592297 0.0131244954319425 0.0578457169317507
0.0794018794949864 -0.00245725579835677 0.0731447065620559 0.066151781518074
-0.0068249299367592 -0.0795598322827139 0.0989984005493925 -0.00920766299227817
-0.0794339064963852 -0.0958559618765311 0.0989489270692314 -0.00297921668819238
-0.122396991298614 -0.0973724531313365 0.155130316075692 -0.0237191377838815
-0.0862630094511809 -0.086926660318664 0.111469727196712 -0.0522397424705285
-0.0541037766830755 0.00639124752897619 -0.0182062883691209 0.0735559948169465
-0.102340561192236 0.0180902513429249 -0.000509982279713085 0.0714802037225921
-0.0472735692629602 0.0386193362289063 0.0451660127963435 0.046790559078793
-0.0188206802025454 0.0254089760995677 0.0365356302693614 0.0369164668759926
-0.000788443514959783 0.00573835178266159 0.0128543579962295 -0.0279077523962303
0.0444730133349882 -0.0308312741855675 0.00825869509999331 -0.000193537205140826
0.0546836964519042 -0.0196397529129316 -0.00249117159454095 0.0221886292767041
0.0386067902297281 0.0130293319785717 0.0424280042983692 0.0224131672525352
0.0390864280521642 0.0654094690198303 0.0673198937867591 0.0324846656329179
0.0920960792976658 0.0731889860438319 0.0569708672393212 0.103397720688796
0.109829010907021 -0.0187596800492605 0.126750101315704 0.146962349426591
0.0128997532815219 -0.130347571511488 0.173182194502208 0.0926809846342819
-0.0564164506714571 -0.141625350792289 0.18303528053544 0.0737835752237029
-0.104140902178908 -0.122045206608813 0.209090746482409 0.0227590007886335
-0.0693395471395422 -0.0913918411547682 0.155603129159391 -0.0159653768794646
-0.0210081715454686 0.0177067332040065 0.00250599793952816 0.0523709060464981
-0.0542491955541032 0.0257246976856425 0.00404585257137973 0.0497546311493614
-0.0113100543889048 0.0517483473092233 0.0320120413870432 0.022969638375204
0.00396170254017064 0.0378120536676747 0.0334009294972712 0.00538213274823896
-0.0154176907327055 0.0119055771303055 0.019809218955451 -0.00310836633876936
0.0205397608604732 -0.0379575406447693 -0.00283534422466653 0.0108899935076489
0.0329616616764261 -0.0233438080008773 0.0118127795591777 0.00686060873534703
0.0199970510684137 0.0058653532529967 0.0525235304125494 0.0307225443658648
0.018774804256026 0.0490758113225881 0.0793503608842842 0.0690403608252656
0.0711293826072766 0.0563258590508083 0.102369177180244 0.149718483841745
0.10242180519714 -0.0335796137986436 0.17687629970024 0.232468831684928
0.0164386845426272 -0.138939424793051 0.260008004057662 0.225479806188407
-0.0293484995029582 -0.135393810320312 0.286808654466511 0.161611012335956
-0.0718448436341508 -0.0963232724667873 0.25727350271077 0.0762425271014155
-0.0388083241390469 -0.0632575334070446 0.187988044667496 0.0191965289843694
-0.0208239304316215 0.0225598901926984 -0.19968469753161 -0.0565205071171375
0.0104371522831942 0.0155718394890134 -0.269123304105401 -0.127205234314876
-0.0210888895245647 0.0319914705582195 -0.341258286440093 -0.223371315585362
-0.0155698334215298 0.0322668540587809 -0.294080072036122 -0.322752219741419
-0.037556769822407 0.0130969543102374 -0.193194044320126 -0.277081505396141
-0.0190826922681719 -0.0128209199245497 -0.138822003745234 -0.172323637011177
0.00106061566389148 -0.00544709074507468 -0.0906293655482584 -0.0907362060656767
0.00666668597401011 0.00281021107932927 -0.0622208648025063 -0.0335134287001065
0.00554870533725576 0.009269679225618 -0.0258199558532457 0.011081761602246
0.00210779538351493 0.0086520604542678 0.0105820609242943 -0.0098176988127144
0.0071468043500737 0.00493086978701361 -0.0229460618134151 -0.0160245493913787
-0.00169652528373416 0.0122470288535142 -0.0264167738626419 -0.000756753871575356
0.00490373566954679 -0.00686075667046568 -0.000539790279852757 -0.022368141825627
0.0115754111943726 0.0112416421083454 0.00410274010350329 -0.0411674044733289
-0.00433814848465076 -0.00158368781462629 -0.0149042146490435 -0.0384913822409956
-0.054735236347485 -0.0364500700517883 -0.20333603351615 -0.0435522856075015
-0.0314673329205227 -0.0770052160677992 -0.256309873711938 -0.113656315145988
-0.0363683290061489 -0.0993904287655388 -0.314297175253202 -0.202053402979256
0.027704749161205 -0.095479904975668 -0.262354923321938 -0.292122851043463
0.0628622994746006 -0.00773134287648304 -0.176532877811339 -0.256349044017461
0.0369914560798825 0.0555091037944563 -0.128944354471806 -0.153112596530499
0.0199611297914346 0.0393906308075375 -0.0880140782018157 -0.0785878834595069
0.0336516441164993 0.0107859091931668 -0.0560516555257398 -0.0331662763926377
0.0408497362722652 -0.0112408471349759 -0.0241228992491653 0.00569335958415795
0.0126822099021157 -0.0203844069166852 -0.00224798481899454 -0.00101936591472062
0.00206296635606111 0.0245392398441739 -0.0189496423941248 -0.00369805179320124
0.016189417592941 0.0618417114599238 -0.0360773426364481 -0.00691064008451715
0.00427386932371921 0.0465895027888228 -0.0152029571684002 -0.0295488058259516
-0.0141070125585851 0.0529719162274973 0.00188866755537019 -0.046721162884078
-0.0210704655660592 0.0116779241315953 -0.0165284882145121 -0.046102638824637
-0.0803278031981049 -0.0771442088361838 -0.185195697405407 -0.0041880681996044
-0.0725415047166715 -0.121670234611753 -0.209522855847585 -0.0575623046754387
-0.051288368260825 -0.150286397053598 -0.224818476323798 -0.111391521460903
0.0427553306188362 -0.132746524959758 -0.180488900082533 -0.164879126230651
0.107931001703476 -0.00314987618311077 -0.127374056086022 -0.185191570320741
0.0661234132455352 0.0914804309177133 -0.0852664391735106 -0.106694542647415
0.0338764998145759 0.0647373672240501 -0.0786398046209848 -0.0417489189582373
0.0511466057160975 0.0164765902297929 -0.0414593719798 -0.027756122844913
0.064970182533394 -0.0155038907951882 -0.0140019523710632 -0.0122841576628269
0.0336004035667835 -0.0228961673007783 -0.0213097042064413 0.0121085603163925
0.0063411799871483 0.0171641479512558 -0.00936861595461422 0.0158890734048639
-0.00296520552263488 0.0513006439720505 -0.0440154051901238 -0.0298773125238468
-0.0359854427809356 0.0478589458918384 -0.0376562625810901 -0.0434666520681201
-0.0588353450751773 0.0549414913064256 0.00855513165699972 -0.0596731234324786
-0.045162833010108 0.00793009016677453 -0.00601976120476881 -0.0649411731542162
-0.0971724045508889 -0.0846552975535844 -0.150054832881991 0.0408864077493529
-0.108483628027035 -0.109985451903921 -0.150447055753481 0.00521935810831759
-0.0672397651011612 -0.123069690181358 -0.136123895056488 -0.0143039776731861
0.0212552536766429 -0.0907966326737314 -0.103979768816995 -0.0381053495465125
0.0910349005377458 0.0103419393773407 -0.0683988775941976 -0.104816061171423
0.0734472452669676 0.0824928697871271 -0.0361009611812323 -0.0580943792587852
0.0462051918855755 0.0598245448231075 -0.0617379309307605 -0.00322479329090515
0.0590663925573616 0.0200724289956359 -0.0189880201493591 -0.0174649537229428
0.0735686362734475 -0.00061190628856427 0.00389576229689683 -0.0253104438980424
0.0570106953309007 -0.00224937453771136 -0.0280519292165876 0.0221754224249566
0.0245907930569471 0.00162172469759543 0.00381148012839428 0.0183303759089663
-0.0239532363063551 0.00425621418975755 -0.0208044557497148 -0.0582092892660324
-0.0796265442853552 0.00406885908764356 -0.0195557691342698 -0.0605536650304796
-0.104140881154184 0.0121296762017516 0.0455383981404186 -0.0678645407159402
-0.0714820593482483 -0.0198633300768981 0.0220077692793281 -0.079223915702306
-0.0996576512214632 -0.0618625327849705 -0.103881814573724 0.0735546352286752
-0.135161344516116 -0.0693190867855952 -0.0906629266848224 0.0555311258346712
-0.0776560141719782 -0.0703443356534131 -0.0616958417673104 0.0496885459835064
-0.0072092132030502 -0.0468575097452007 -0.0418939591543759 0.0365958796107481
0.058867625366359 0.0111018524268111 -0.0225932485547685 -0.0559873324531494
0.0713893991634363 0.046843058833719 -0.00253921587341619 -0.0251955970350805
0.0582869555968835 0.0341093249234453 -0.0413572961651195 0.0236428586460008
0.0597450789818778 0.0206708147100799 0.00619292032234513 -0.00312646350625272
0.0712819813952118 0.0272183494030138 0.0250710196348855 -0.0223775476445009
0.076868084504624 0.0280282448847456 -0.0168837997827456 0.0326258596847589
0.0495425439241409 -0.00176734847947633 0.0301354156636356 0.0242118401483817
-0.0217173946645458 -0.037989470661486 0.0327821514595413 -0.0582775537988577
-0.0927246840498528 -0.0463122044902317 0.0343423684397497 -0.051770194152196
-0.128150535023679 -0.0467086670017358 0.101434745011018 -0.0579802913749719
-0.0890755921144433 -0.0579510954235806 0.0646700729683478 -0.0761069302976305
-0.0842856566368157 -0.0245183374591437 -0.0559697420112696 0.085940595923727
-0.136860182332766 -0.0210284842987681 -0.0363622779845757 0.0791948630280978
-0.0742503839915744 -0.0146310987517992 0.00586036747321798 0.0682230338845675
-0.0246861297553186 -0.0119723855171734 0.00960079274275441 0.0582640880332981
0.0286699793203174 0.00434026707572535 0.00307276081625102 -0.0388411989916872
0.0630607705335933 0.00380285151137694 0.0120647784409368 -0.0104242183094668
0.0628675041954769 0.00199868926861809 -0.0204095759200763 0.0310782431600516
0.0538170249373336 0.017664339317271 0.0275136114642762 0.010838268205309
0.0590726959370728 0.0533283631623461 0.0480720266213681 -0.00268237764640253
0.0913098136258768 0.056822444680811 0.0135076008069483 0.0592139656189774
0.0812397674815972 -0.00494961551260142 0.0749012409007374 0.0642673150207375
-0.00741991956399797 -0.0819593115365958 0.0994275150137385 -0.0115752875162962
-0.0815786098260009 -0.0971534665460839 0.100595149354886 -0.00426020198860627
-0.127262355514653 -0.098235475687145 0.157597009970327 -0.0260277967702417
-0.0884274108744883 -0.0881597736335891 0.112726365333862 -0.053440500054793
-0.0539217194549945 0.00676574679877154 -0.0180722136719866 0.0756976075772839
-0.103344441345815 0.0199496342141561 -0.000536618444355805 0.074037887865011
-0.0474026881816516 0.0392792459949933 0.0454839441777965 0.0473336740691707
-0.0183721402306799 0.0256314247378583 0.0379233947862523 0.0376997040205978
-0.00105762241483421 0.00556268343589122 0.0117951437667491 -0.0284452581677826
0.0453189864736934 -0.0328756119059075 0.00901046250000582 -0.000567373690429635
0.0555501452529688 -0.0207973184276967 -0.0022835677712873 0.0226650857138687
0.0399679174575765 0.0124312833989451 0.0441872548346192 0.02259564438376
0.0406891154255682 0.0652181410498471 0.0682909671731097 0.0321057092688926
0.095719293781766 0.0720149179019804 0.0596751598634921 0.103770887061075
0.111372233127898 -0.0219995639430848 0.130832477014403 0.145584361316009
0.0114477730013052 -0.133511879268003 0.176359904890116 0.0914147948054055
-0.058225122456661 -0.144314876565303 0.186523782936221 0.0736540559408112
-0.107309572775975 -0.124112659201158 0.212256486773213 0.0214401884326878
-0.0706204378162549 -0.0937699977344199 0.158224278217455 -0.017086656333181
-0.0208138903296602 0.0179444672006707 0.00303812455701419 0.0544296616261848
-0.0549943021954954 0.0271796683025653 0.00465209885409238 0.0511539862626024
-0.010802583194667 0.0536688708719055 0.0328246849448116 0.0225458288547877
0.0057499923374134 0.038781008634946 0.0354302759779239 0.0056505927968341
-0.0147246495061734 0.0129339091695152 0.0200666376390646 -0.00310737210630098
0.0204515953371944 -0.039631401771188 -0.00246730531699143 0.0115193858216259
0.0336023563123517 -0.0246240431457481 0.0117073972806997 0.00705569914940884
0.0216678748131797 0.00523142504187581 0.0543005322764251 0.0300493104501667
0.0215763926894059 0.0490641668866098 0.0824868895498664 0.06941611620529
0.0743052400357708 0.0544154016573235 0.109014421997274 0.149904820810844
0.103391461685469 -0.0373012429969551 0.183091638837966 0.232586250404433
0.0147257047979246 -0.142711060078378 0.266608513196442 0.225235823337758
-0.0311659164036141 -0.139475468303237 0.292316625870122 0.161807601617273
-0.0738778276435636 -0.0979772419525449 0.261513366441349 0.0758006150825656
-0.0395768517372959 -0.064654217528637 0.191699346038632 0.018042460530448
-0.0206821631659888 0.0234273131669569 -0.204381220847201 -0.0549265102538473
0.0112558426943174 0.0160646955000417 -0.274870292489679 -0.124124871140584
-0.0205733051927159 0.0334371539553585 -0.349411536051072 -0.221185998514129
-0.0149090662747401 0.0335389838072409 -0.303962210600834 -0.319569231700253
-0.0376116454456838 0.0146650653764496 -0.203413929832463 -0.276319311774039
-0.019473924249658 -0.0126066316348321 -0.148309027831358 -0.170852343007933
0.00125556732458871 -0.00491209103532845 -0.0965181040316491 -0.0909893625778548
0.0073150865251469 0.00291224852409553 -0.0657107873103051 -0.0330561531349137
0.00619129129178448 0.0097743510369983 -0.0260431607379391 0.0124949419249433
0.00278453761461781 0.00836701835938603 0.0107551610887015 -0.0100071539746301
0.0083179975251132 0.00437187677593343 -0.023780255895896 -0.0149573318155937
-0.00165352375640545 0.0120928072007842 -0.0277936450367001 2.72121578884329E-05
0.00490396379775586 -0.00771615185699289 -0.00154889184361401 -0.0230571847898197
0.0123916491897499 0.0112000598105306 0.00271230189643728 -0.0413779244314374
-0.00381420118603679 -0.00249092165142551 -0.0152604107086351 -0.0399169426413636
-0.0551442130964873 -0.0364973477754979 -0.207476970085176 -0.0415477359310371
-0.0323458563234329 -0.0783745102206722 -0.261064071416663 -0.112445122094489
-0.0373781405774832 -0.101364051813518 -0.323529833688103 -0.199184674791476
0.0265873405660593 -0.0983710038190797 -0.271677221809247 -0.289027348409367
0.0647212429132509 -0.0104031836009086 -0.185118807804038 -0.254213473764671
0.0392098832613374 0.0546287756922728 -0.137959139850731 -0.151622265935422
0.0218517285938612 0.0401324758956506 -0.0942521638054486 -0.078327186245809
0.0345836611078694 0.0104852641576587 -0.0590808499660461 -0.0317889707107438
0.0417346991601169 -0.0126578972828331 -0.0250631821546722 0.00642819993835597
0.013006050850604 -0.0211739372160124 -0.00271731811926327 -0.00139251388675102
0.00256451993643422 0.0250490658665037 -0.0200227172001468 -0.00354495592528689
0.0183554187121264 0.0629930044995029 -0.0368052250738973 -0.0056631162149935
0.00597285316633762 0.0468394330275602 -0.0160904176749419 -0.0296528202382399
-0.0133112660871763 0.0539072355573048 0.00032665204376299 -0.0474689158267103
-0.0205641722770966 0.0125891306503341 -0.0175907032369905 -0.0477243978078626
-0.081864615255581 -0.0775398696878075 -0.188793844543953 -0.0013699267160955
-0.0749944039713437 -0.123370653341658 -0.21328005338879 -0.055005678893456
-0.0539051879415417 -0.154394645348946 -0.229873287649538 -0.108073778026482
0.0414909977980968 -0.137163439016033 -0.186723409019754 -0.162891874281612
0.110151073881187 -0.00753867092288181 -0.134234821698468 -0.183221385394228
0.0711210195965379 0.0908844544499304 -0.0911246892832177 -0.105841461602612
0.0368113743044638 0.0645955997903102 -0.0823921524782559 -0.041412558324145
0.0540236315040614 0.0155090655529988 -0.0426605438500517 -0.0267010253150437
0.0650362373479022 -0.0181745992972969 -0.0146399525118221 -0.0116428641660073
0.0331152408544085 -0.0241053947119513 -0.021396705668618 0.0136092223668749
0.00742406878519981 0.0183303934405385 -0.00893377935160219 0.0167541752630753
-0.00173132033168853 0.0524414473208906 -0.0464211766978592 -0.0291734753338988
-0.0357462524631326 0.0497339378364063 -0.0399580576766436 -0.0435376982391519
-0.0585824293704025 0.0568755418701059 0.0079970050532188 -0.0618766256009285
-0.0458050141560052 0.00768889873007041 -0.00749393858799876 -0.0661214917659525
-0.0988994242591442 -0.0849284071342134 -0.152719069028708 0.0440131401352578
-0.112434792872026 -0.110796821522753 -0.15331025882959 0.00910183589627021
-0.0697840231084813 -0.124275212599549 -0.137400225024773 -0.0114061273222759
0.020689634288266 -0.0948737923172372 -0.105974894970215 -0.0359885423576955
0.0938361913163358 0.00739303430120272 -0.0718224231797609 -0.104207961284646
0.0769505047068803 0.081529255954389 -0.0384039349227094 -0.0580785397301348
0.0496513443100939 0.0592432347778202 -0.0634355113591133 -0.00209360961330245
0.0624614081350143 0.0184241690830469 -0.0203327778853694 -0.0166114738355618
0.0759558238571427 -0.0024834452293805 0.00240907359572273 -0.0244199843432118
0.058242800200263 -0.00385835878479273 -0.0289094276192718 0.0234380883946435
0.0247030877641859 0.00157779124209001 0.00320300498559246 0.0189555422005241
-0.0238896787964321 0.0042291025223418 -0.0228425031616188 -0.0586484075101977
-0.0815617511721086 0.00557709297777534 -0.0208849621485536 -0.0612071335351096
-0.105414251264012 0.0142720017749173 0.0450415996964213 -0.0709910313978868
-0.0728981263153287 -0.0194761545284476 0.020227516497711 -0.0815743218814267
-0.10115894760805 -0.0606861668904398 -0.105371206532224 0.0775074601666328
-0.138433243470815 -0.0691720957648412 -0.0919829702645318 0.0583147608705684
-0.0796946123304152 -0.0710767212245123 -0.0619853203694905 0.0521751931576561
-0.00772285901035844 -0.0480264673259507 -0.0410050102859644 0.0388730276642153
0.06019465615267 0.00885819530872557 -0.0240028370010988 -0.05517515764031
0.0740675679713697 0.0452450043481445 -0.00321550278573053 -0.0256461710233284
0.0614022563442886 0.032884388492012 -0.042151043047882 0.0248946593069332
0.0625575436829881 0.0179775557025178 0.00526115407796243 -0.00356746208942898
0.0739411664875234 0.025223476245845 0.0236416063622622 -0.02351023504354
0.0788065455639327 0.0264204775377751 -0.0171053172691608 0.0339193541759972
0.0507869179904216 -0.00367532162027783 0.0304930778742955 0.0236031780247729
-0.0222536158116325 -0.0387497786766742 0.0310971629123235 -0.0599541908443521
-0.0949472364256186 -0.0461614008114419 0.0331219746848723 -0.0524128976473052
-0.131200637677351 -0.0461522136185269 0.101494173933532 -0.0611671435204996
-0.0911474148303744 -0.0581907586065741 0.0640651101341955 -0.0783636990386016
-0.085217166236789 -0.0241862324105835 -0.0562386339271798 0.0893392317885672
-0.138882605684609 -0.0199079480363589 -0.036441192075666 0.0829582918454067
-0.0756180764025931 -0.0139858443120632 0.00735651726348341 0.0690547561582266
-0.0253470519957253 -0.0123304745674103 0.0115886632898748 0.0600653824277193
0.0296719523602549 0.00363903249109788 0.00309353363933596 -0.0384388547220086
0.0653368989805213 0.00168834128940184 0.0117580149894713 -0.0110616834756808
0.0659170958472586 0.000633136304259337 -0.0208152316553232 0.0322670329545674
0.0556734967165428 0.0158637823119298 0.0284071311971342 0.0102942715828479
0.0626733424910056 0.0519225038768058 0.048601669524658 -0.0032975061210404
0.0948752270379307 0.0546712447806494 0.0144195649048483 0.0598754607257586
0.0830302871547428 -0.00708321432412477 0.0769406914853402 0.062114993237405
-0.00842724286832366 -0.0840148109848956 0.0996515068522357 -0.0143555034083734
-0.0844469491043488 -0.0978628265810877 0.101778521852652 -0.00503763214856831
-0.1300938523718 -0.098579649310367 0.160532492845779 -0.0301360343280776
-0.0912635388055343 -0.0894858790100718 0.11425859576611 -0.0562471777529397
-0.0538668720846029 0.00807951142397931 -0.0172743005801254 0.0783162115120484
-0.103647359419645 0.0220181112007277 0.000828691849146199 0.0766533716929308
-0.0475665731377939 0.0410646919221821 0.0474076466790982 0.046532260234519
-0.0177789545106698 0.0272286703433995 0.0399600053893828 0.0384247560549395
-0.000231925376092168 0.00602145944037283 0.012148453219454 -0.0287612481539545
0.04577013566913 -0.0345067023767688 0.00928916542996286 -0.00187264862347098
0.0570727713977625 -0.0228468522598301 -0.0019404157373707 0.0222875693992614
0.0425350396498564 0.0101981498450824 0.0455953194257699 0.0213317051333804
0.0442586692673415 0.0645271413847154 0.0714903066704872 0.030884092888723
0.0994329933238032 0.0690317764987898 0.0636391214468465 0.103262583428007
0.113701505512163 -0.0256054709755866 0.136102916673309 0.143656807896909
0.0097521388041253 -0.136164613865454 0.179552786814636 0.088224667941609
-0.0604016938427999 -0.145809904524849 0.191220677670736 0.0715110139173452
-0.110993675519461 -0.126079362743874 0.216160089185482 0.0171644966789231
-0.0729159041078414 -0.0955484884348224 0.160420519787202 -0.0198476277879422
-0.0206025013515106 0.0186426520948469 0.00313052107837094 0.0561143440751078
-0.0543774438355562 0.028816064298037 0.00556058056624402 0.0528346578735235
-0.00934674244571486 0.0545507303934889 0.0336707265037487 0.0219748750849313
0.00740210016207956 0.0395859666978631 0.0355043993637827 0.00524423341600684
-0.0147151261920945 0.0135028187777471 0.0199131927798024 -0.0035406010676442
0.019880360088542 -0.0407565124689693 -0.00322243678993422 0.0102233388796155
0.0334596476152097 -0.026441440021394 0.0120634947114964 0.00585350001309745
0.022996798880592 0.00419204361774829 0.0563101021968563 0.029759393304901
0.0234964537962338 0.0489848177957791 0.0863538973694157 0.0696316176303112
0.0773207800462258 0.0532878895140684 0.114646183213395 0.149858074879311
0.105645502747613 -0.0414510281611555 0.191940172367584 0.229905321872605
0.0132175255945317 -0.145496435545904 0.271810439086187 0.222582999160401
-0.0329714988664277 -0.141579413748004 0.299094308992888 0.158256369822513
-0.0762946919986417 -0.0992956429698255 0.267072282923659 0.0723032337152304
-0.0411172790050772 -0.066089608819286 0.194839940946823 0.0159452836211318
-0.0207782102128931 0.0243944102735233 -0.208211440579444 -0.0512521052284859
0.0121317132717913 0.0157821997685752 -0.280272203271306 -0.121944449958115
-0.0206011761296892 0.0345527991422249 -0.358515660478841 -0.217320302431459
-0.0143813460682983 0.0351838877918208 -0.31591170639246 -0.316574104430291
-0.0379133589353733 0.0164495797374792 -0.214145326150679 -0.271922421632907
-0.0206275715499435 -0.0122138288912551 -0.158170105499783 -0.168692515693652
0.00120958813260374 -0.00518170644230183 -0.102969192255052 -0.0902543991705098
0.00792237607440515 0.00321481691021218 -0.0692505428479039 -0.0313432554145792
0.00623912761677351 0.00963231460298586 -0.0247428566083436 0.0142912840798149
0.00296953234646413 0.00762835814387058 0.0104753284374722 -0.0104263512481555
0.00892607820701142 0.00350433715487651 -0.025474098415349 -0.0162251119897988
-0.00102415899289288 0.0117250971451756 -0.0295698491046634 0.00155629130144061
0.00457729844218473 -0.00822310725920546 -0.00328296606991289 -0.0234771912605003
0.0133208989984794 0.0113579834311496 0.000977684563406888 -0.0428559370105893
-0.00376662168852861 -0.00266435222079103 -0.0170052175230265 -0.0401942527525014
-0.0559034458001591 -0.0358888268278409 -0.211903466042883 -0.0386458199439949
-0.0337310950915307 -0.0800825259975897 -0.266533763713451 -0.108692856857806
-0.039840157832604 -0.102451466966448 -0.331397566219523 -0.193549472037869
0.024498724723035 -0.101088996871293 -0.281494122801211 -0.287152004411336
0.0655461580509728 -0.0141451835140214 -0.196717147848491 -0.250837136111079
0.04177051946599 0.0535521726209779 -0.146869059106521 -0.149082887056813
0.0243108334291816 0.0393650762002545 -0.100198248710911 -0.0769967694338148
0.036530996622412 0.0089716339797509 -0.0630703237394328 -0.0305113277375172
0.0423232198425685 -0.0138167366319565 -0.0250615397787544 0.00726508765721747
0.0119689302343987 -0.0219695595769315 -0.00320278813196559 -0.000659957653057229
0.00418579147508989 0.0256498586118965 -0.0209032257993966 -0.00339413858229409
0.0212179071328134 0.063474206684895 -0.0394478892823261 -0.00383265128364642
0.00713279420456598 0.0484187887598941 -0.0181980326226101 -0.0297172003771634
-0.0121720834388248 0.0558762221187022 -0.00162366248823866 -0.048573056382876
-0.0203321533758907 0.0127591025095194 -0.0199083668378077 -0.0478920157750154
-0.0850753622560304 -0.0779215979001976 -0.19237622072203 0.00130375541946359
-0.078173641313068 -0.124879046945371 -0.218762371497325 -0.05189902963408
-0.0570556662582169 -0.155725502124271 -0.235423120370594 -0.104039021439695
0.0389228150805866 -0.140851358050251 -0.192506833306137 -0.159716827153267
0.112861378060609 -0.0116327363489657 -0.140748463645709 -0.1807471425276
0.075777330878273 0.0888101890212434 -0.0969203455303049 -0.103330899431453
0.0403902348604847 0.0640091977668628 -0.0865991448472203 -0.0400390012706788
0.0556450773567302 0.0135466807024303 -0.0458920347712355 -0.0259338648640223
0.0663699261261027 -0.0200778633048854 -0.0156348959908763 -0.0102727238264162
0.0334562533026508 -0.0249959198422399 -0.0216483563356917 0.0153653471732597
0.00914580618048492 0.0180122494441057 -0.00993856840363361 0.0175398633247489
0.000536572888819632 0.0531198530050467 -0.0493085184792832 -0.0278409406766879
-0.035626026590142 0.0517482457013396 -0.0419012492647368 -0.0436791286544121
-0.0578086948185882 0.0592085864198095 0.00519116730008872 -0.063717371123631
-0.0458681097162687 0.00845734656397231 -0.00886356511082161 -0.0680592979340774
-0.102311210671745 -0.0848991906733878 -0.155240306682285 0.0479906001617004
-0.116105690186855 -0.110194928524764 -0.156754459986394 0.01225369693612
-0.0731739692019157 -0.125279750968065 -0.140297306213108 -0.00741640137731041
0.0189214642854552 -0.0973007318079469 -0.108086098678161 -0.0326127935548452
0.0964367412775086 0.00401146326913555 -0.0755215324426674 -0.10311362815574
0.0813294684989689 0.0797436942936553 -0.0416959229293055 -0.0571098381263202
0.053233953973905 0.0586607383331196 -0.0658530637990556 -0.000436940735415574
0.0656201471817386 0.0166765631885077 -0.0225721492031422 -0.0156873759080781
0.0764467588689967 -0.00554274770935499 0.00123904884580458 -0.0251049679335876
0.0588752124262326 -0.00471044014644624 -0.0289942099111559 0.0253056745116236
0.025954262108527 -9.06944725159431E-05 0.00259552355273883 0.0190367005143898
-0.0236856805191023 0.00460059078020947 -0.025746217735739 -0.0578411906535894
-0.0831190090459993 0.00718705240882447 -0.0235124785414549 -0.0611536880695569
-0.106838463299379 0.0168664104923759 0.0433758968864329 -0.0742697239147613
-0.0746494491191566 -0.0185570832614628 0.0190625405593679 -0.0839167139917129
-0.103914483111681 -0.0605876852714795 -0.106286280060574 0.0811944693092218
-0.141325680633869 -0.0668964494623919 -0.0938396300193789 0.0623034920677024
-0.0837570944951625 -0.0711401239681656 -0.0628855117126448 0.0544400314476673
-0.00850995488996616 -0.0494729507728536 -0.0407078480544462 0.0413523834943062
0.0628939674588137 0.00732858923456682 -0.0260055946105144 -0.05460706560181
0.0764274439592171 0.0430870982525309 -0.00356437160359417 -0.0268044689097605
0.0642483971571933 0.0314571866274225 -0.0432311821575847 0.0258446845300666
0.0660901292488657 0.0165570963700172 0.0039980384678577 -0.00333366126684398
0.0762010648319737 0.0229805206879962 0.0236910289643335 -0.0239331870629928
0.0806145043430595 0.0243495870979386 -0.0173595677308318 0.0355349406093876
0.0522814156481205 -0.00511694628179527 0.0303790591996064 0.0221683940541217
-0.0231432282369321 -0.0394256813744699 0.0301293963799495 -0.0626957686605693
-0.0973324748109286 -0.0444028052013626 0.0322101896871652 -0.0550475073640336
-0.133823083089492 -0.0439642390496858 0.102221487894122 -0.0656362315721953
-0.0935254705625699 -0.0579122653408351 0.0630007787249716 -0.081878858814324
-0.086134990099844 -0.0230854890160622 -0.056273798688174 0.0923299735266089
-0.141508712787514 -0.0162700018646966 -0.035861939835116 0.0865160209948082
-0.0780166456417029 -0.0124713679527719 0.00775563819321099 0.0703149606582053
-0.0257255940178246 -0.0121420613908685 0.0132368461271605 0.0602505936893563
0.0299536433157348 0.00330131351246359 0.00136160607348873 -0.040015936495985
0.0668816591930527 -0.000120558403445032 0.0118445294467247 -0.0121349646000176
0.0675719982022876 -0.00181456856970969 -0.0205464995942006 0.0328697072700678
0.0584700283043887 0.0130075688710622 0.0301942106855492 0.00986776057387354
0.0659644167474281 0.0513193296965077 0.0494617891569716 -0.00410036056270835
0.0991588402094394 0.0515616364532273 0.0163559651588249 0.0597408860077087
0.0849387625036851 -0.0102852804453272 0.078997001184297 0.0604417570425612
-0.0103052116737357 -0.0852495207708666 0.0996180158624312 -0.01781295398553
-0.0875624694231538 -0.0984201896439525 0.102666571603277 -0.00758783912680079
-0.13475979271955 -0.0977074276193178 0.163068666293341 -0.0340531733570016
-0.093768360210224 -0.0891956977338363 0.114870467245393 -0.05948090618505
-0.053831333346254 0.0093990625994019 -0.016932504761948 0.0801261063108034
-0.104987028244345 0.0248535741892927 0.0019976539814811 0.0785947528450342
-0.0471040050988275 0.043386861609184 0.0488376933511541 0.0475707911739372
-0.0177935448821372 0.027588071789559 0.0419351423494594 0.0383216646776151
0.000780857495417802 0.00718819963119083 0.0113029940123803 -0.0299951205502629
0.0456553278388411 -0.0360992073566209 0.00923190615513443 -0.00332370148987451
0.0576254314151522 -0.0254915782023448 -0.00258996557610373 0.0228206668200653
0.0442867791133571 0.00877235198581258 0.0474636299401993 0.0208439131499716
0.0482477779136082 0.0634776463971735 0.073598026791667 0.0305078312201592
0.103515377403951 0.0665792815192364 0.0677721858882275 0.103442577419975
0.115770430139362 -0.0304137709919458 0.141635028378108 0.140445472348862
0.0070686789267337 -0.139982607858814 0.183047027551918 0.0841463747262457
-0.0640624466468844 -0.147990029959687 0.194511576858296 0.0685523271707753
-0.115853371837688 -0.12568833845955 0.220346807940652 0.0130184265061627
-0.0747779486730649 -0.0955040342487352 0.161654050785569 -0.023394950007077
-0.0198722235340456 0.0205045478830791 0.00379801888657911 0.056333850725083
-0.0538702899096415 0.0310485283127879 0.0071255099550415 0.0550969327808458
-0.00819332509738752 0.0568603368171925 0.0348062537259596 0.0211500013558236
0.00963033460086218 0.0402048160579652 0.037234041258462 0.00431785099055859
-0.0135481626716847 0.0153215212907178 0.0197500071642846 -0.00442031034635698
0.018951173743377 -0.0421165818801917 -0.00312852160707987 0.00950632849278749
0.0347150990005471 -0.0280033227291819 0.0120134919202838 0.00519093161126195
0.0240171203526009 0.00343244304134658 0.0583118944805691 0.0284532744865008
0.0259706157171328 0.0487353094040496 0.0904338278803232 0.0682274333552044
0.0801241899501167 0.0509526719405326 0.122618566867538 0.147986906082336
0.107190428739104 -0.045634267552619 0.199132485858125 0.225846157926324
0.0115076260152736 -0.149049055101289 0.280009088261229 0.21767470632497
-0.0361431969992723 -0.144471494177931 0.308044080797725 0.153706672093284
-0.0788287989233943 -0.0995908227065218 0.272006482328544 0.0665923344720598
-0.0424157470032805 -0.0669257826471637 0.19674363525095 0.0136492129572122
-0.0208011352352545 0.0250829222101645 -0.21035046240572 -0.0595278876574386
0.0130346276790942 0.0172601558871062 -0.280389180873467 -0.13243474794485
-0.020283828583576 0.0354237051840806 -0.354212231958631 -0.228460534645797
-0.0146493812433698 0.035726003941134 -0.309535884933893 -0.32915709520641
-0.0392066386278235 0.0151455115630623 -0.209715436366055 -0.278096535209339
-0.0215769499867566 -0.0129337260076315 -0.15835271329119 -0.173861745835599
0.00159443838105149 -0.00540811294788981 -0.10369865046896 -0.0935916384272753
0.00850010651792116 0.00389231290275035 -0.0705380654018442 -0.0332760009750475
0.00671543144427218 0.00983279432481934 -0.0258509716683833 0.0143604769561522
0.00306162999082288 0.00839548963238468 0.0114884415276409 -0.0111817652360772
0.00997960404857001 0.00388793222564048 -0.0262428564284363 -0.017816374441188
-0.00156987634532942 0.0116708744633881 -0.0316580350411498 0.00252596400635669
0.00483374485073259 -0.00837598851525421 -0.00368299378844057 -0.0243687883701406
0.013304043647851 0.0125899422272248 0.0015611346604901 -0.0442487097933888
-0.00345281119591691 -0.00229970120141316 -0.0163504588302577 -0.0423383714100651
-0.0547939023855135 -0.0373504319789197 -0.21277763260688 -0.0454146330913844
-0.0320893895501333 -0.0820125352555807 -0.267317289826787 -0.11878421360607
-0.0369342315690984 -0.105335791669482 -0.328212794685366 -0.206033721371056
0.0274805947783661 -0.104189491789062 -0.275385658231631 -0.295676886783223
0.0669267309293069 -0.0145645663552095 -0.192187484322053 -0.255701984282875
0.0418720720646714 0.0546696345041393 -0.146690430014618 -0.154594893980976
0.024926048731592 0.0404117310706859 -0.101237756894293 -0.0810985907050281
0.0374490180034164 0.0103475305628249 -0.0632934203480516 -0.033203595943567
0.0432849555607644 -0.0142037103737914 -0.0255821499763449 0.00817899529133205
0.0125527660208943 -0.0218593887666173 -0.00215274216409471 -0.000532014220175038
0.00481278429172527 0.0267509181679236 -0.0215439853147044 -0.00418097717463275
0.0201073217495877 0.06574321413091 -0.0408560783331842 -0.00408777174413687
0.00629733063784759 0.049779715715978 -0.0182040978157354 -0.030701641978416
-0.0136652479463566 0.0576716962428844 -0.00105264150197316 -0.0503206585427275
-0.020494997176923 0.012354666144991 -0.0183620910882416 -0.0498487722409726
-0.082790870047785 -0.0814218238591112 -0.194974634601439 -0.00423810352410512
-0.0754903999076353 -0.129485434761913 -0.219441217775946 -0.059304395218315
-0.0527905618418505 -0.160112280512272 -0.234680338878761 -0.113251432384035
0.0429288492711773 -0.143432478044116 -0.188522874773567 -0.164774905329131
0.114475680595589 -0.0121786765196776 -0.137842764783337 -0.183997013368981
0.0757808624080961 0.0913392274182281 -0.0974964772858576 -0.107300151613138
0.0410201659127045 0.0645291423335015 -0.0885104497552306 -0.042982167845428
0.0570237820385358 0.0150959027698633 -0.0465205835314532 -0.0271201327710379
0.0685781789459852 -0.0198953360343585 -0.016068215451753 -0.0109882159326817
0.0343177083157252 -0.0247394350941933 -0.0233649449263218 0.0156643668740353
0.00948228326090683 0.0190365663900057 -0.0107001531207344 0.0169308324986306
0.00017079170895438 0.0554846975894944 -0.0509435396921771 -0.0291963366499531
-0.037674006640459 0.0522014277158082 -0.0426560436514798 -0.0458059756110036
-0.0606816621112261 0.0600265662440435 0.00710669612425903 -0.0662104248355184
-0.0459977312073403 0.00802989203053332 -0.00792567028158102 -0.0699801113399788
-0.100403761188818 -0.0883019805656619 -0.157879740591944 0.0437015868897425
-0.115357011708333 -0.11535348837848 -0.158372419212905 0.00727232438656409
-0.0715315320884244 -0.12933943475581 -0.141721502932849 -0.0113515417923061
0.0213596295926078 -0.0992832630290514 -0.107544553230466 -0.0354412256538878
0.0980083677307705 0.00376118001184337 -0.074008011102806 -0.103988664302879
0.081998314019611 0.0820951199221236 -0.0412007772369052 -0.0595022989495115
0.0534408703742435 0.0595312614533643 -0.0678016220837222 -0.002383502055576
0.0667753356014611 0.0177842989895662 -0.0228025660146167 -0.015926923527246
0.078633901536289 -0.00479804952384128 0.00108601852580261 -0.0243314791245809
0.0602988724973357 -0.00445249637695056 -0.0313481544626214 0.0263150257697619
0.0266437597267874 0.00129214103673787 0.00239896854397028 0.0187620023632272
-0.0241215090022552 0.00522796002360451 -0.0267790773294253 -0.0607454907445319
-0.0853004354309339 0.00585724649354884 -0.0223287285782368 -0.0638139996116564
-0.109872829086279 0.0154026376182018 0.0478898457802543 -0.0754657675361709
-0.0746105621637406 -0.0214155708808889 0.02224507879547 -0.0854112444761567
-0.103925630756395 -0.0651237887285369 -0.109617505820058 0.0785610843678213
-0.141583859040664 -0.0712674896270917 -0.0971559271996757 0.0596832472249041
-0.0824924016285997 -0.0745971277942322 -0.0653680142768956 0.0534910307250395
-0.00835280196041156 -0.0511059042547849 -0.0411990083297459 0.0412803486815387
0.0632021297085243 0.00721757806503085 -0.0248087601323402 -0.0550565019799032
0.0782237242391996 0.0451862064449972 -0.00328556175547847 -0.0276621471689373
0.0655532413341865 0.03274075916251 -0.0445614203271283 0.0246438788884818
0.0671021051647701 0.01657213256275 0.00440082876904364 -0.00348904091409423
0.0780146836565114 0.0251526466558267 0.0235177777436929 -0.0235352932739373
0.0830900225620178 0.0264936021880969 -0.0188866373231741 0.0360005398613217
0.0531760763301769 -0.00418522810351383 0.0299367268368974 0.0224221293205329
-0.0227390308390699 -0.0403052905078748 0.0305910189355793 -0.0636847172310973
-0.0990678231717699 -0.0485934912978393 0.0341500182586531 -0.0551866715899483
-0.136068821607139 -0.0483501904571167 0.107651170543185 -0.064208016463301
-0.0932173168346535 -0.0613681281386288 0.0677844804024313 -0.0822275439592336
-0.0870428728117961 -0.026500492630769 -0.0594265110540358 0.0927836373646937
-0.143074574896054 -0.0189504079190388 -0.0399692998724458 0.0859335667028042
-0.0782875128467353 -0.014108060658546 0.00578646782183495 0.0702957586071752
-0.0261571399187726 -0.0128273037520244 0.0124930627585798 0.0617783599225517
0.0309672670240245 0.00364462068599758 0.00253083641114379 -0.0398231019682541
0.0680850805496509 0.000558059236784366 0.0124622586705569 -0.0123502070669923
0.0693493729900905 -0.000869991072624155 -0.0218189015405013 0.0320649706740977
0.0590994224890462 0.0148036191339077 0.0294797043358074 0.00958829852195946
0.0668549206331957 0.0528599671384832 0.049312668628249 -0.00329462650531196
0.0994033604885287 0.0549763056603468 0.014548050575033 0.0610130109286924
0.0876358897665619 -0.00953155602508063 0.0781090419689193 0.0618836266377758
-0.00867726236710727 -0.0875211501866468 0.100187935155928 -0.0171553768738103
-0.0870102833210272 -0.103175296278548 0.105919635362305 -0.00483088431942842
-0.135964801877835 -0.104319989518339 0.168647480353113 -0.0297369389378449
-0.0939535753477059 -0.0932652405881355 0.119309184823071 -0.0579926736788161
-0.0545657812799969 0.00845424667473828 -0.0200447156007161 0.081099776497772
-0.107014251734403 0.0243312056384373 -0.000716659104884314 0.0798660077343949
-0.0483217701549691 0.0434375883344999 0.0475974952261969 0.049212478860868
-0.0177544397246494 0.0285213961263077 0.0423667644396796 0.0392726938726558
0.00122912183378272 0.00742165478320438 0.0113148533209009 -0.0302820969409933
0.0470711914215247 -0.0355140937472964 0.00927710049019369 -0.00378363436820827
0.0596144352874638 -0.0243614177438938 -0.00197522798200338 0.0223283049833056
0.0456361349792572 0.00936660817297308 0.0483937859015864 0.0217186988447988
0.0481188343445424 0.0656114792921615 0.0731184744405902 0.0323142766200169
0.104786643070051 0.0698152293422229 0.0665146360675349 0.105306501461521
0.118818192642614 -0.0291745469566826 0.139547470987978 0.144700995175761
0.00881401670085223 -0.14338001453923 0.183275821419921 0.0881379498192928
-0.0627027065850217 -0.153904917395016 0.195603880846786 0.0745638725405906
-0.116358368071189 -0.131778541584012 0.224971176757705 0.0199336113612435
-0.0755641571087141 -0.0988430074053725 0.165592576934509 -0.018285793919475
-0.0194002642137722 0.0196404389976507 0.00250878751222964 0.0576168556089176
-0.05529700201779 0.0311427605689129 0.00470080020854677 0.0556539307234516
-0.00933297421696223 0.0588827467592038 0.0341232875038502 0.0221684125512805
0.009910982225475 0.0416917945564954 0.0370273077800911 0.00559028544997796
-0.012863075528092 0.0160701672159372 0.0191794370862004 -0.00393980631549277
0.0203156731654891 -0.0418208694675885 -0.0039726840721823 0.00860296273539892
0.0356700973036541 -0.0277431410204603 0.011354190911913 0.00476920316803067
0.0248588396924493 0.00344039537760863 0.0589461843701382 0.0295938341524362
0.0263274845425869 0.0498793894715115 0.0906662096592782 0.0704713606626992
0.0807908475725986 0.0532439511967175 0.122124695515422 0.151129169141985
0.109134424569644 -0.0450838218645108 0.199408845861241 0.23147512021603
0.0110614554363007 -0.153079173643157 0.280069577813671 0.224624372390846
-0.0351664402183254 -0.149579374717183 0.308901161001216 0.164091484068665
-0.0802087379645803 -0.104367104855071 0.2751983313682 0.0777177474978199
-0.0424305497307597 -0.0683377583101844 0.200469069360789 0.0206920524045737
-0.0195118041263183 0.0262527106244717 -0.21447650255929 -0.0548014653280827
0.0134170356020441 0.0171719213897857 -0.286327011322949 -0.124240083124076
-0.0189867296477481 0.0372112255174861 -0.365008833983298 -0.217909964854084
-0.0135527284615118 0.0375155473898129 -0.324394284609946 -0.318190093562806
-0.0392696882223982 0.0183362018718837 -0.223397625017603 -0.269782672851432
-0.0220294713742701 -0.0112843437060496 -0.169840910368844 -0.167677232618846
0.000928740351637025 -0.00487002034355939 -0.11122108886899 -0.0913126988782996
0.00841431760905535 0.00476669557481806 -0.0745802946865648 -0.0309486591314936
0.00759545113536226 0.0101576168181884 -0.0247287660441882 0.0160136082020066
0.00270170879136571 0.00788621830523955 0.0122162085958529 -0.0121149353640035
0.00957222023806338 0.00316842828862408 -0.0274290862989299 -0.0174889769066711
-0.000347525280529955 0.0124074387494306 -0.0329701873051815 0.00391784550731939
0.00507104912709228 -0.00862109581222768 -0.00454219743904647 -0.0242921989023987
0.0140863256782322 0.0120710907284653 -0.00152608021795916 -0.0457676009329785
-0.00316528295243272 -0.00252957156619557 -0.0180379534711975 -0.0428429819331189
-0.0562921487991669 -0.0366073027760072 -0.217121328581599 -0.0396219408874705
-0.0342067140349977 -0.0825409341042067 -0.273835507938541 -0.111173893350418
-0.0407378073924132 -0.105304825785685 -0.33952942161571 -0.196598865594825
0.0230396514356201 -0.105686007116407 -0.290645676453696 -0.28767376782605
0.0669597062790668 -0.018018089631008 -0.20486221842313 -0.249319429596025
0.0445189757565675 0.0540550688987705 -0.157513405081547 -0.147444633001077
0.0273360195220547 0.0403947995612592 -0.108382109431196 -0.0770500068967395
0.0386677128746168 0.00931157200374314 -0.0677692877548264 -0.0308883318445617
0.0433383488138384 -0.0157826225326441 -0.0254834426231241 0.00915533461014387
0.0124889131796829 -0.0223589958663983 -0.00265564788158549 -0.000359602479980193
0.00588211051523888 0.0269351724407045 -0.022346708111364 -0.00386873427775203
0.0242067076957602 0.0665306517506915 -0.0429127681249835 -0.00226986801713575
0.0080389602946063 0.0508030179087026 -0.0206228795796314 -0.0316493449445726
-0.0116689434683277 0.0595559482628741 -0.00347083667104729 -0.0526487222416302
-0.0208242720361521 0.0127796225886071 -0.0204981508472189 -0.0506885644421873
-0.0862136197113309 -0.0783736467363351 -0.197727880310515 0.00188914027225627
-0.0804932528951517 -0.128923202362637 -0.225011697597601 -0.05267772176307
-0.0594558168248552 -0.161265381478778 -0.239996587027673 -0.1044565127745
0.037138734395315 -0.147641280113833 -0.19675509934734 -0.158750863685443
0.116156734323553 -0.0188680401031618 -0.147437375843034 -0.179002099868685
0.080879335119226 0.0878635022084564 -0.104977325460607 -0.10354364594484
0.044862932070201 0.0642469817220408 -0.0931407527567103 -0.0402253348127301
0.0597372022219374 0.0123474132940045 -0.0496805937585479 -0.0252682706245454
0.0682888227453685 -0.0233673583700774 -0.0168991784106819 -0.00937508240671201
0.0333814090473746 -0.0258018333484728 -0.0227999569401692 0.0176359435833054
0.0103187093931501 0.0192176487246302 -0.010161868708928 0.0172941541910772
0.00160304746499107 0.0571842528453179 -0.0533031921677882 -0.028016722740604
-0.035987398418268 0.054939303893673 -0.0447123174651921 -0.0452004670066195
-0.0588641026011957 0.0640165405589605 0.00440553427166498 -0.0678718291685591
-0.0465164915948233 0.00964377106711475 -0.0104996446720683 -0.0722115029477526
-0.104885658829684 -0.0863008238130623 -0.159332961338396 0.0491622867964795
-0.119380686190851 -0.112259617348241 -0.160144361539558 0.0132365516685839
-0.0776413705139539 -0.12844246017124 -0.143123028232782 -0.00718045336814417
0.0175463929555681 -0.101247891897593 -0.109379670483736 -0.0316532619282218
0.0996530220186601 -0.000725126221016442 -0.0792271063939409 -0.101371995458861
0.0874318271048005 0.0786924073859361 -0.0448139466471379 -0.05821356958545
0.0583546577382549 0.0581699686674945 -0.0689374023957349 -0.000452945194788432
0.0685737075167157 0.0149685096693423 -0.0242508443992676 -0.0162247806756281
0.0797161972876721 -0.00824184019164351 -0.00046165307230853 -0.0250918331938486
0.0603148000628873 -0.00580568951365659 -0.0311198583132638 0.0277149352068688
0.026374857059092 0.000275994797539579 0.00260299192714612 0.0189861548562268
-0.023999742633528 0.00643430347687233 -0.0297894818204513 -0.0605080824177918
-0.0863353954667107 0.00983990292410122 -0.0253084031603937 -0.0642986457034179
-0.111356057649653 0.0191666752108407 0.0451233684528057 -0.0797130396733595
-0.07712624806373 -0.0184319174878651 0.0185853563561052 -0.0879226845981781
-0.106109686365057 -0.0622388193582372 -0.107975172054291 0.0842545054255497
-0.145646816807346 -0.0669166862855268 -0.0966111635614195 0.0646267614187132
-0.0866761341820462 -0.0723027346933957 -0.0632760612571655 0.0561675477204021
-0.0105838808986195 -0.0514313637147659 -0.0389120893720147 0.0432650341520633
0.0647607972247848 0.00415399228273255 -0.0268147226267161 -0.0544744973451308
0.0818367962983629 0.0418259600907121 -0.00458632626008473 -0.0277093623337334
0.0680620754466067 0.0299657511615887 -0.0440605608781957 0.0262340243437265
0.0691522697554159 0.0138935875651137 0.00429984201241355 -0.0041015733297619
0.0804193216159586 0.021284314963126 0.0228367068792886 -0.0246093111600365
0.0848115797344214 0.023108758906767 -0.0185954901974443 0.0365784340879973
0.0534619056731006 -0.00667387623966333 0.0309446416958604 0.0206385124133659
-0.0238588752062598 -0.0403450848119734 0.0272437410130325 -0.0663074305211153
-0.101885132525913 -0.0454262172969606 0.0324696705496265 -0.0568798892992355
-0.139585069771979 -0.0433406470450218 0.106603469328107 -0.069492705477326
-0.0965299346680969 -0.0586346607891942 0.065168757328571 -0.0854124464084069
-0.0889910890756325 -0.0233582178478858 -0.0574013330480163 0.095777715706109
-0.145467256621664 -0.0143536859875592 -0.0375290413267875 0.0883555085388185
-0.0804266421792905 -0.0114507499662885 0.00834190778874855 0.0714987247112342
-0.0271933674662009 -0.0117893349859999 0.0157858329035451 0.0619287515239846
0.0316680067675579 0.00207471576241935 0.00121911314709731 -0.0413728010643345
0.0696420030759892 -0.00205701071372431 0.0120513695413771 -0.0142966889643482
0.07094561573931 -0.00458942467493135 -0.0209025348601605 0.0326615229182735
0.0618254907274627 0.0114595580380057 0.0307505630262129 0.00805684539833142
0.0703522869132958 0.0509813055166485 0.0503982418101616 -0.00600343208125011
0.103535469620393 0.0510363861984219 0.0176855324670694 0.0605955476798674
0.0876967201644412 -0.0134008085092768 0.0814318418773607 0.0574696744745709
-0.0125563626990528 -0.0879579257965822 0.0999595213313283 -0.0223199870206568
-0.0913792313486452 -0.100587515640545 0.106338691539062 -0.0102316230422038
-0.141550076235859 -0.0991222701118781 0.168940143051008 -0.0376459440800609
-0.0980900111435013 -0.0907674682170218 0.119005416609467 -0.0625875801567186
-0.0540506425014047 0.0103786016703485 -0.0174045310728965 0.0831089754723948
-0.107776832920764 0.0288427127149645 0.00185268752535065 0.0813116692410824
-0.0476987455464412 0.0461252343047885 0.0491096192123925 0.0476387539906247
-0.0166763922986522 0.0299432294152691 0.0451354930790407 0.0381216313162753
0.00145331867065704 0.00832448486279075 0.00999242210907508 -0.0316179489541224
0.0463285027087378 -0.0369873855557805 0.00944907054291168 -0.00573761566479811
0.0595504004630287 -0.0286249765335914 -0.00151914972884564 0.0218820523420804
0.0466290188026396 0.00761864495855383 0.0509687135029521 0.0197281232325083
0.0522807667344196 0.0644381001242701 0.0773922497823476 0.0300082030739089
0.109735053750051 0.065434433661873 0.0723304902869149 0.102563545462358
0.119207733272315 -0.0348550165575531 0.146926521506919 0.137645056035392
0.00312591874643541 -0.145592196269122 0.187327677224787 0.0800211384738549
-0.0689663656241656 -0.153252095078571 0.200806260402067 0.0676406348878489
-0.121589192171107 -0.128423957096189 0.228011838792884 0.0110788429600768
-0.0798954072100794 -0.0976610249399659 0.167161748620457 -0.02438542399727
-0.0190749417724834 0.021692701643363 0.00411220756258948 0.0584864318505642
-0.0543521619491703 0.0340841270228771 0.00710618121238929 0.056590749308054
-0.00712700233233076 0.060933377146267 0.0348763208065591 0.0201603588760609
0.0120674479554868 0.0423352451820903 0.0384818485703941 0.00335599850085788
-0.0118046454987583 0.0167886221660068 0.0186800727304579 -0.00649291602677773
0.0189553801960323 -0.0430623117413113 -0.00398701089819693 0.00735406418507298
0.0354486563519469 -0.0293254086815267 0.01217413982423 0.0036751110453273
0.0255541637802149 0.00236702105182852 0.0623867558397889 0.026413066522883
0.0284409815993388 0.0496533311879378 0.0955098742773456 0.0681483574124071
0.0839928424833633 0.0500678713592091 0.131416678036263 0.146014903917828
0.108810123818591 -0.051152768750153 0.210454714922391 0.223449300986813
0.00511701819231761 -0.155620025124118 0.289352074619098 0.215944322917069
-0.0396284474958082 -0.149906644361911 0.317360654746315 0.154729045449549
-0.084668944618781 -0.102484495275272 0.280783733883449 0.0685012177786975
-0.0452666825088389 -0.0680253546883571 0.204353989413337 0.0127087526643249
-0.0190534410337062 0.026999264796384 -0.215561046595041 -0.0458943761441716
0.0145645267379471 0.017168941819794 -0.290745830245954 -0.113834321997828
-0.0179949211611366 0.0387135671106932 -0.373610919090605 -0.200544155517313
-0.0120186331166346 0.0396412257653644 -0.339347477704044 -0.300952268581117
-0.037969032848218 0.0205371204120879 -0.236213140396043 -0.257335083234956
-0.0236873784130429 -0.0100469590340223 -0.180302044385317 -0.157302011712531
0.00162910198168564 -0.00561897503108878 -0.117772270793344 -0.0859419757179556
0.00814772315816386 0.00360529052051966 -0.0764174712241638 -0.0266017919435547
0.00662540820164545 0.0101707360613894 -0.0243878608347909 0.0177475844820208
0.00315381141739291 0.00746710448139644 0.0116615628525101 -0.0124262053219326
0.00964739078036607 0.00285624771706766 -0.0279166669241003 -0.0159639577877103
-0.000973176729109295 0.0123079619281078 -0.0324297942187868 0.00490946613649583
0.00393242062547262 -0.00876616154312784 -0.0057877753657523 -0.0250133831780392
0.0145562538573201 0.0116633041756985 -0.00311039801081565 -0.0468389360198755
-0.00461115762937073 -0.00211996422503105 -0.019242974653139 -0.0424489690087507
-0.0583904641871299 -0.0327713014543793 -0.218190215188704 -0.0313643784629872
-0.0372999799763278 -0.080686819865165 -0.277871874321065 -0.0999129434027296
-0.0448241033610067 -0.103412770148864 -0.345390218913937 -0.179998423528507
0.019187705870382 -0.107437360319871 -0.301445208840029 -0.273813078242601
0.0657879933205568 -0.021652281260701 -0.215193647667863 -0.236273234817074
0.0468199306138245 0.0509576597431042 -0.167273908208414 -0.138647955728392
0.0296011350557398 0.0385976908294442 -0.113546839940994 -0.072418548782433
0.0389533501430115 0.00777225753337544 -0.0698233164082184 -0.0265941022062318
0.0421479902262673 -0.0177296611038195 -0.0247567831232955 0.0113010407411687
0.0105657180452799 -0.0226284025515725 -0.00200804198020241 0.000381160732128591
0.00788271191719999 0.0274951936542852 -0.0230335555679977 -0.00259182225315138
0.0265134056498538 0.065229494502368 -0.0427199523565885 0.000297043601174954
0.0106343940693341 0.0508942497842092 -0.0221303962035051 -0.0304528669000735
-0.00911748397064855 0.0604766088194228 -0.00601310659589677 -0.0523486919747997
-0.0202230293829905 0.014075494648509 -0.0221199274596248 -0.0504045347337393
-0.0895342668933247 -0.0759924509056067 -0.197501258252851 0.010762425824399
-0.0859203217812428 -0.125848890639383 -0.22582993589728 -0.0429260096885626
-0.065994059418281 -0.158040357667996 -0.243994542599842 -0.0938560167543074
0.0306536449456248 -0.150466601504075 -0.202292487251692 -0.14809910510198
0.115384041745313 -0.0253794338726822 -0.15573684609048 -0.170016948385034
0.0850110326758742 0.0834043018688872 -0.110870798617449 -0.0969433050573535
0.0486815010281258 0.0609175425559272 -0.0960097430224633 -0.0355195273047673
0.060125092388097 0.00856148558578823 -0.05155161241798 -0.0225660439062921
0.0677282865682718 -0.0267490905325728 -0.017440859298567 -0.00911264291972142
0.032004196292285 -0.0274806416228099 -0.0216730043212983 0.0196248310453338
0.0116174701997299 0.0197767592741809 -0.00941048978584944 0.0183923454481306
0.00381651341950291 0.0567807135507883 -0.0558351819877739 -0.0249633267640571
-0.0336218282698717 0.0572306011548876 -0.0462081895784003 -0.0433326811724085
-0.0561718552002656 0.0668903674887982 0.00104075628521046 -0.0688846674125259
-0.0458643180171499 0.0110682380337605 -0.013527003340827 -0.0715631190759502
-0.108259852220436 -0.0820910609849683 -0.156645850925889 0.0567008256063845
-0.124754436377638 -0.107384849506208 -0.160216349635285 0.02082014261467
-0.0830443789621066 -0.126198913713892 -0.143592449364898 -0.000106088775583651
0.0131417852669623 -0.10309381132408 -0.109190204049838 -0.0250749734034744
0.100104650060804 -0.00760698825268054 -0.0837393425305958 -0.0965146244507803
0.091842097064886 0.0722249145467763 -0.0484261680354652 -0.0557103029077873
0.0616631683956882 0.0550966892758225 -0.0695113019888079 0.00353293952693339
0.0703845628456184 0.0108924002467367 -0.0248712272825487 -0.0145462327464345
0.0794214043845023 -0.0123364718455237 -0.0015559681520845 -0.0248980741069093
0.0593447681988495 -0.00963542355178428 -0.0297905335717077 0.0301789066294815
0.0262987676717542 -0.000627973152227538 0.00322083932532534 0.0181266299070172
-0.0242321213203749 0.00694476079320108 -0.0327314169513491 -0.0596595645128322
-0.0864628133255879 0.0136752282434699 -0.0279194579267686 -0.0629905509473566
-0.110757905855179 0.0243442721060206 0.0415035811664686 -0.0820964543369072
-0.0781849889665821 -0.0154978632131807 0.0149718364754589 -0.0895815297956196
-0.10888121079306 -0.0579415639690489 -0.105032238093357 0.0895979781525931
-0.149065818221322 -0.0605749390494717 -0.0943916309794491 0.0692840442935231
-0.0904745220725659 -0.0689871599292878 -0.0609786353197139 0.0594641206435759
-0.0128382847569582 -0.0502429069724237 -0.0371401397311882 0.0460169847139213
0.0646765099979126 0.000789199684763452 -0.0281112834905175 -0.052791453018386
0.0831762376976264 0.0367883838363104 -0.00558151682041896 -0.0281123211793082
0.0696898060979407 0.0259598517809902 -0.0421057524406918 0.0276625049736182
0.0707936156289982 0.00981745438408379 0.00452784223941676 -0.00450074526060357
0.0815629791915945 0.0171572525956628 0.0215821431042204 -0.0255365200469455
0.0854202303064715 0.0186958493537797 -0.0175870467824686 0.0373527433523512
0.0525334926306541 -0.0100538084365196 0.0313242244125269 0.0181359366650402
-0.0264132846842508 -0.0398539337563354 0.0240296756529238 -0.0685954201978387
-0.103751994810689 -0.0404419034351304 0.0305021188242505 -0.0579223708927199
-0.141738254101242 -0.0370410400843731 0.1040213699415 -0.0755486601864837
-0.0995673645697705 -0.0544630880675025 0.0623706706438795 -0.0892956268506604
-0.0889262036140936 -0.0199796598658645 -0.0533441351723125 0.0983621290263456
-0.14728676972053 -0.00696805440199728 -0.0343756159013716 0.0913607951375622
-0.081390433418139 -0.00761472121498526 0.0114473696172735 0.0722923740643718
-0.0291877398138318 -0.0105530281450962 0.0197947028260916 0.0603678789259848
0.0315489382211542 0.00086750057052497 0.000435334866301197 -0.0410891424953195
0.0688688913000612 -0.00645789916637596 0.0120756972756799 -0.015928099303765
0.0711192581299708 -0.00794147273711633 -0.0187394480651742 0.0334408817199241
0.0626846060343726 0.00760271797397189 0.0321999430369575 0.00610387775964905
0.073021927699401 0.0463508551648472 0.0502243711356782 -0.00818707054758071
0.105886475245003 0.0457423603429049 0.0206955410844424 0.0596021532902455
0.0873221624928617 -0.0184050645510606 0.0828857881426225 0.0525321063416666
-0.0158687197866132 -0.0878606138082675 0.097744268458241 -0.0279498666832691
-0.0955085240624811 -0.0965615106322768 0.106172329690696 -0.0151653450564415
-0.145611534717641 -0.0934042782695811 0.168247508437621 -0.0458243081474936
-0.10214746045689 -0.0876827773920219 0.115199256392052 -0.0683058094200918
-0.0535997257380347 0.0126622521167943 -0.0133814941904877 0.083989584311274
-0.106143482150315 0.0341009221682049 0.00646252026117855 0.0819963029315554
-0.0465911055952485 0.04904315793599 0.0516850607032794 0.0446623822945765
-0.0151377744833614 0.0313262217276734 0.0478514889080205 0.0358344140129127
0.00223526907562576 0.0101143673913488 0.008658077294956 -0.0325852868557275
0.0439585905902705 -0.0391556359930743 0.00843113430147359 -0.00732591889209835
0.0590206998249217 -0.0314514138929254 -0.000262625312439999 0.0202717255418645
0.0471927426535185 0.00408138977491197 0.0521024682654748 0.0167883464626931
0.0558803205101701 0.0606948997272642 0.0793095138032545 0.025413712266681
0.11209118068712 0.0591083279907243 0.0782120975869532 0.0982212366561099
0.117544092329306 -0.0422621934087358 0.154308858764842 0.128453694085409
-0.00397810569836852 -0.14681991847718 0.18983304945752 0.0698355191237199
-0.0748626679707377 -0.151159893934645 0.202888066037985 0.0591257898759752
-0.127089935798465 -0.12453288060059 0.227940275917261 0.000996562225826644
-0.0834746225416654 -0.0947831590705957 0.165515748076805 -0.0313122813782432
-0.0177495447486447 0.0228749698899852 0.00672424012684139 0.0585530412566424
-0.052261789911662 0.0380198517819414 0.0110327241922443 0.0565845653974668
-0.0042027658219561 0.0616296531764428 0.0347184533753559 0.018363439279055
0.0140807555921173 0.0417995055884477 0.0391393579597884 0.00121424999066217
-0.0110028950495106 0.0188120749407661 0.0182210150541268 -0.0072718458041715
0.0159105533661117 -0.0430949747335962 -0.0042036268849786 0.00662290518075911
0.0331717583284678 -0.0309702078069648 0.0127023706491012 0.00155513483004198
0.0260243429597318 9.77720901861616E-05 0.065023986932757 0.0228190745605928
0.0310416560281147 0.0480185417673565 0.101538301274843 0.0633777484651867
0.0861939292254974 0.0455399255678952 0.140768059339896 0.138113659692803
0.105842343555217 -0.0568281925552161 0.221480479697348 0.210466090225567
-0.00204543863268273 -0.156324721219221 0.298315566401637 0.199335886151802
-0.0470508529417286 -0.149099651504775 0.321511262560837 0.138308837335746
-0.0896748697847374 -0.0993642613723245 0.283736885244464 0.0552259862978088
-0.0479407013387985 -0.0665505746641236 0.204578499314903 0.00525268424836937
