TRXV5
3
4
4
9
string Extension=J
integer IsArchMeasurement=1
integer IsSpherical=1
string Generator=SPM
string GeneratorVersion=1.3.1 Dev
double ArchRadius=0.449999988079071
integer FrequencyAxisIndex=0
integer AzimuthAxisIndex=1
integer ElevationAxisIndex=2
Frequency
5 136 690000000 960000000 LIN
Azimuth
7 8 0 2.74889357189107 LIN
Elevation
7 15 -2.74889357189107 2.74889357189107 LIN
Polar H Real Part
13
Polar H Imaginary Part
14
Polar V Real Part
13
Polar V Imaginary Part
14
Polar H Magnitude (dB)
12 0xC0000002 0 1
Polar H Phase
7 0xC0000003 0 1
Polar V Magnitude (dB)
12 0xC0000002 2 3
Polar V Phase
7 0xC0000003 2 3
0.0437850952148438 0.0368003845214844 0.155029296875 0.6009521484375
0.058990478515625 0.0466880798339844 -0.0423583984375 0.51788330078125
0.022979736328125 -0.00684738159179688 0.0244140625 0.302764892578125
-0.00983142852783203 0.00820255279541016 0.034149169921875 0.0828018188476563
0.00168037414550781 0.0308170318603516 -0.100013732910156 -0.113227844238281
0.0369186401367188 0.03375244140625 -0.3853759765625 -0.0888671875
0.0393829345703125 0.0268211364746094 -0.561553955078125 0.141143798828125
0.0447769165039063 0.00872039794921875 -0.5513916015625 0.30926513671875
0.0577201843261719 0.00537109375 -0.505859375 0.359466552734375
0.0438613891601563 0.0100364685058594 -0.467926025390625 0.27130126953125
0.0219612121582031 0.0251712799072266 -0.3428955078125 0.198028564453125
-0.00617790222167969 0.0181636810302734 -0.209671020507813 0.113906860351562
0.00471305847167969 -0.00530052185058594 -0.091583251953125 0.101722717285156
0.0323715209960938 0.011871337890625 0.02569580078125 0.346893310546875
-0.00336456298828125 0.0494728088378906 -0.12884521484375 0.6083984375
0.00373840332031248 -0.261016845703125 0.1380615234375 0.57659912109375
-0.00939941406250001 -0.205291748046875 -0.086029052734375 0.4930419921875
-0.0429534912109375 -0.190231323242188 -0.013885498046875 0.33319091796875
-0.0939178466796875 -0.16400146484375 0.0296401977539062 0.109130859375
-0.132125854492187 -0.107582092285156 -0.0820388793945313 -0.109832763671875
-0.189208984375 -0.0333709716796875 -0.3848876953125 -0.101593017578125
-0.2052001953125 0.054595947265625 -0.54754638671875 0.11846923828125
-0.185943603515625 0.0479736328125 -0.52410888671875 0.299224853515625
-0.183319091796875 0.0583343505859375 -0.473052978515625 0.360504150390625
-0.197433471679687 0.0235748291015625 -0.444061279296875 0.284515380859375
-0.179946899414063 -0.032470703125 -0.31109619140625 0.2093505859375
-0.175537109375 -0.085906982421875 -0.192581176757813 0.130966186523437
-0.108749389648438 -0.15753173828125 -0.0767135620117188 0.13543701171875
-0.05859375 -0.194351196289063 0.020233154296875 0.33984375
-0.074859619140625 -0.205322265625 -0.12554931640625 0.57855224609375
-0.04071044921875 -0.525848388671875 0.12451171875 0.4609375
-0.077484130859375 -0.437957763671875 -0.092864990234375 0.425872802734375
-0.107879638671875 -0.36328125 -0.00198364257812497 0.3450927734375
-0.176513671875 -0.323883056640625 0.0585861206054687 0.124076843261719
-0.25689697265625 -0.234848022460938 -0.0367584228515625 -0.0905685424804688
-0.39404296875 -0.09857177734375 -0.3211669921875 -0.0970458984375
-0.420806884765625 0.074066162109375 -0.4461669921875 0.0836181640625
-0.38916015625 0.0829772949218751 -0.41619873046875 0.244049072265625
-0.399261474609375 0.1063232421875 -0.379150390625 0.306060791015625
-0.412200927734375 0.043975830078125 -0.37188720703125 0.259307861328125
-0.364776611328125 -0.073974609375 -0.257675170898438 0.199005126953125
-0.3328857421875 -0.164093017578125 -0.180831909179688 0.134674072265625
-0.219635009765625 -0.283477783203125 -0.0852203369140625 0.137283325195312
-0.152252197265625 -0.368988037109375 -0.020355224609375 0.270843505859375
-0.14520263671875 -0.42901611328125 -0.13714599609375 0.46142578125
-0.082763671875 -0.70574951171875 0.111343383789063 0.275970458984375
-0.145751953125 -0.6026611328125 -0.07110595703125 0.315185546875
-0.177001953125 -0.482940673828125 0.04510498046875 0.32415771484375
-0.258697509765625 -0.43524169921875 0.118812561035156 0.122795104980469
-0.365509033203125 -0.314605712890625 0.0395889282226562 -0.0672683715820313
-0.5494384765625 -0.132781982421875 -0.195663452148438 -0.0872344970703125
-0.5697021484375 0.09228515625 -0.275131225585938 0.027587890625
-0.530303955078125 0.1038818359375 -0.248336791992188 0.149856567382812
-0.55450439453125 0.131744384765625 -0.236404418945313 0.206039428710937
-0.56719970703125 0.04437255859375 -0.25653076171875 0.198562622070312
-0.493194580078125 -0.11602783203125 -0.190719604492188 0.162368774414063
-0.44134521484375 -0.230133056640625 -0.174896240234375 0.116668701171875
-0.298736572265625 -0.375244140625 -0.114990234375 0.0997848510742187
-0.215789794921875 -0.49481201171875 -0.0812530517578125 0.146438598632813
-0.19244384765625 -0.59149169921875 -0.162139892578125 0.275894165039062
-0.1248779296875 -0.76702880859375 0.0972824096679687 0.0476455688476562
-0.2032470703125 -0.6572265625 -0.038726806640625 0.163162231445312
-0.231231689453125 -0.5166015625 0.09625244140625 0.258010864257812
-0.319000244140625 -0.464111328125 0.188705444335938 0.095672607421875
-0.430389404296875 -0.327239990234375 0.139915466308594 -0.0563201904296875
-0.62615966796875 -0.1241455078125 -0.02728271484375 -0.091339111328125
-0.63018798828125 0.108154296875 -0.0612449645996094 -0.0478973388671875
-0.59478759765625 0.10943603515625 -0.0464134216308594 0.0351448059082031
-0.63397216796875 0.12646484375 -0.0611419677734375 0.0902786254882813
-0.63677978515625 0.0158081054687499 -0.110832214355469 0.123283386230469
-0.538238525390625 -0.16815185546875 -0.11346435546875 0.113121032714844
-0.471221923828125 -0.28350830078125 -0.168365478515625 0.074737548828125
-0.312713623046875 -0.424896240234375 -0.147598266601563 0.0200958251953125
-0.2330322265625 -0.558563232421875 -0.139610290527344 -0.0206832885742188
-0.19952392578125 -0.67449951171875 -0.183807373046875 0.047821044921875
-0.1544189453125 -0.7034912109375 0.0774688720703125 -0.182418823242188
-0.23028564453125 -0.5892333984375 -0.0192356109619141 -0.0076541900634766
-0.2427978515625 -0.451995849609375 0.120468139648437 0.15716552734375
-0.319915771484375 -0.402435302734375 0.242263793945312 0.048583984375
-0.422760009765625 -0.274444580078125 0.238449096679687 -0.063446044921875
-0.602783203125 -0.08453369140625 0.154388427734375 -0.120895385742188
-0.59466552734375 0.1109619140625 0.157257080078125 -0.140487670898438
-0.5682373046875 0.09661865234375 0.16082763671875 -0.083648681640625
-0.617919921875 0.0876464843749999 0.12664794921875 -0.015106201171875
-0.60150146484375 -0.0413818359375001 0.0475883483886718 0.0608940124511719
-0.484893798828125 -0.219757080078125 -0.0329704284667969 0.0693092346191406
-0.406768798828125 -0.30889892578125 -0.1507568359375 0.0156402587890625
-0.25836181640625 -0.416168212890625 -0.151153564453125 -0.0920410156250001
-0.1961669921875 -0.5421142578125 -0.158676147460938 -0.205474853515625
-0.177001953125 -0.66375732421875 -0.185455322265625 -0.188186645507813
-0.165496826171875 -0.5296630859375 0.04815673828125 -0.37994384765625
-0.212005615234375 -0.425811767578125 -0.0178070068359375 -0.161224365234375
-0.20074462890625 -0.31451416015625 0.110191345214844 0.0517807006835937
-0.255828857421875 -0.283843994140625 0.26654052734375 -0.00436401367187502
-0.337493896484375 -0.185333251953125 0.3160400390625 -0.089019775390625
-0.48388671875 -0.0387268066406251 0.313507080078125 -0.173248291015625
-0.469329833984375 0.095489501953125 0.345489501953125 -0.2388916015625
-0.45977783203125 0.07464599609375 0.342071533203125 -0.188720703125
-0.511688232421875 0.0387268066406249 0.3017578125 -0.088470458984375
-0.47174072265625 -0.0869750976562501 0.197052001953125 0.0349273681640625
-0.348419189453125 -0.231109619140625 0.0378990173339844 0.0471649169921875
-0.27508544921875 -0.281341552734375 -0.11773681640625 -0.0435333251953125
-0.164093017578125 -0.337371826171875 -0.108551025390625 -0.206344604492188
-0.13690185546875 -0.444244384765625 -0.122039794921875 -0.368804931640625
-0.136383056640625 -0.557647705078125 -0.1651611328125 -0.400634765625
-0.140625 -0.284393310546875 0.02252197265625 -0.5074462890625
-0.142547607421875 -0.209808349609375 -0.0276947021484375 -0.263107299804688
-0.113723754882812 -0.143310546875 0.0816421508789062 -0.029876708984375
-0.137504577636719 -0.137229919433594 0.265167236328125 -0.0469818115234375
-0.189041137695313 -0.0893402099609375 0.355743408203125 -0.119476318359375
-0.28704833984375 -0.011077880859375 0.423309326171875 -0.2303466796875
-0.276962280273438 0.05279541015625 0.474761962890625 -0.32177734375
-0.280975341796875 0.0399627685546875 0.4732666015625 -0.26434326171875
-0.322235107421875 -0.00466918945312502 0.433685302734375 -0.121063232421875
-0.2742919921875 -0.0956268310546875 0.305572509765625 0.044891357421875
-0.170822143554687 -0.177581787109375 0.08392333984375 0.046417236328125
-0.122390747070312 -0.184402465820313 -0.0708236694335938 -0.0900726318359375
-0.0746917724609375 -0.198104858398438 -0.026947021484375 -0.29345703125
-0.0792999267578125 -0.277191162109375 -0.041015625 -0.4794921875
-0.09051513671875 -0.367523193359375 -0.12554931640625 -0.5604248046875
0.0470123291015625 0.0322151184082031 0.21820068359375 0.5987548828125
0.0638236999511719 0.0404129028320313 0.0106201171875 0.534759521484375
0.0213851928710937 -0.00952720642089844 0.05462646484375 0.307891845703125
-0.00903415679931641 0.010441780090332 0.04193115234375 0.081329345703125
0.00362014770507813 0.0319194793701172 -0.114875793457031 -0.108978271484375
0.0396041870117188 0.0325393676757812 -0.403839111328125 -0.05682373046875
0.0415115356445312 0.0230293273925781 -0.558685302734375 0.19830322265625
0.0466194152832031 0.00450515747070313 -0.528533935546875 0.371337890625
0.0596275329589844 0.00128936767578125 -0.476470947265625 0.4176025390625
0.0450439453125 0.00635910034179688 -0.44775390625 0.321563720703125
0.024444580078125 0.0235099792480469 -0.327056884765625 0.233734130859375
-0.0041656494140625 0.0202007293701172 -0.201934814453125 0.137283325195312
0.00349760055541992 -0.00650978088378906 -0.0870285034179688 0.115592956542969
0.0329875946044922 0.00879859924316406 0.06170654296875 0.351531982421875
0.00208282470703125 0.0532913208007813 -0.069091796875 0.6309814453125
-0.022979736328125 -0.266265869140625 0.19671630859375 0.57318115234375
-0.0303955078125 -0.206939697265625 -0.036956787109375 0.51312255859375
-0.0617523193359375 -0.188369750976563 0.02020263671875 0.341064453125
-0.11175537109375 -0.156723022460938 0.0391159057617188 0.107460021972656
-0.145248413085938 -0.0955963134765625 -0.0967025756835937 -0.105247497558594
-0.195480346679688 -0.0129547119140625 -0.403289794921875 -0.067169189453125
-0.203323364257812 0.076446533203125 -0.5458984375 0.176971435546875
-0.184539794921875 0.0698089599609375 -0.5010986328125 0.35791015625
-0.180313110351563 0.080108642578125 -0.445526123046875 0.414459228515625
-0.199111938476562 0.045623779296875 -0.422760009765625 0.3348388671875
-0.187698364257813 -0.0148468017578125 -0.294891357421875 0.243438720703125
-0.188522338867188 -0.06866455078125 -0.183425903320313 0.155059814453125
-0.1253662109375 -0.15069580078125 -0.0660400390625 0.14739990234375
-0.078460693359375 -0.193649291992188 0.052886962890625 0.344940185546875
-0.09747314453125 -0.200042724609375 -0.0703125 0.6004638671875
-0.0926513671875 -0.5308837890625 0.171356201171875 0.458251953125
-0.120941162109375 -0.4366455078125 -0.050079345703125 0.4443359375
-0.1435546875 -0.357696533203125 0.0333251953125 0.35009765625
-0.210693359375 -0.3121337890625 0.0697174072265625 0.119918823242187
-0.283355712890625 -0.212890625 -0.0490951538085938 -0.0885543823242188
-0.4090576171875 -0.05828857421875 -0.336883544921875 -0.065155029296875
-0.41815185546875 0.119171142578125 -0.446807861328125 0.131439208984375
-0.38702392578125 0.126708984375 -0.39654541015625 0.290679931640625
-0.39453125 0.15350341796875 -0.353424072265625 0.35003662109375
-0.41619873046875 0.0886535644531249 -0.3497314453125 0.30364990234375
-0.379180908203125 -0.0383300781250001 -0.241729736328125 0.229736328125
-0.358154296875 -0.1348876953125 -0.1707763671875 0.157562255859375
-0.25146484375 -0.268341064453125 -0.0718536376953125 0.149215698242188
-0.187408447265625 -0.36297607421875 0.00717163085937501 0.278244018554688
-0.192657470703125 -0.420867919921875 -0.09368896484375 0.480804443359375
-0.15411376953125 -0.70904541015625 0.139556884765625 0.270538330078125
-0.20782470703125 -0.596923828125 -0.04052734375 0.3299560546875
-0.2237548828125 -0.47344970703125 0.08038330078125 0.3243408203125
-0.30718994140625 -0.41668701171875 0.130638122558594 0.112068176269531
-0.401947021484375 -0.286346435546875 0.0313262939453125 -0.070587158203125
-0.5692138671875 -0.0787353515625 -0.207870483398438 -0.0661163330078125
-0.56610107421875 0.15142822265625 -0.277816772460938 0.0568389892578126
-0.5303955078125 0.16326904296875 -0.237411499023438 0.176376342773437
-0.551177978515625 0.195465087890625 -0.217864990234375 0.234161376953125
-0.5733642578125 0.10589599609375 -0.23895263671875 0.230987548828125
-0.516693115234375 -0.0689697265625 -0.176589965820313 0.187164306640625
-0.47601318359375 -0.189300537109375 -0.165802001953125 0.138946533203125
-0.338775634765625 -0.354644775390625 -0.103958129882813 0.112480163574219
-0.265960693359375 -0.48492431640625 -0.067352294921875 0.15655517578125
-0.25531005859375 -0.58428955078125 -0.139251708984375 0.29425048828125
-0.20404052734375 -0.7696533203125 0.102638244628906 0.04052734375
-0.2706298828125 -0.64520263671875 -0.02484130859375 0.17120361328125
-0.2822265625 -0.50335693359375 0.1265869140625 0.250396728515625
-0.369964599609375 -0.440582275390625 0.198654174804687 0.0771942138671875
-0.46990966796875 -0.292022705078125 0.134689331054687 -0.067718505859375
-0.6474609375 -0.0626220703125001 -0.0350723266601563 -0.0859222412109375
-0.626953125 0.174072265625 -0.0692901611328125 -0.0411338806152344
-0.59332275390625 0.17498779296875 -0.0441017150878907 0.0387840270996094
-0.63140869140625 0.19842529296875 -0.0504226684570313 0.09857177734375
-0.644775390625 0.0819702148437499 -0.0975341796875001 0.138687133789063
-0.5675048828125 -0.12017822265625 -0.102989196777344 0.130325317382813
-0.511322021484375 -0.23992919921875 -0.164474487304688 0.096832275390625
-0.35791015625 -0.403076171875 -0.144073486328125 0.0334014892578125
-0.2880859375 -0.54705810546875 -0.142822265625 -0.00785827636718756
-0.27276611328125 -0.66802978515625 -0.183975219726563 0.0652008056640624
-0.22894287109375 -0.70037841796875 0.060028076171875 -0.191757202148438
-0.2899169921875 -0.57598876953125 -0.0217323303222656 -0.00669479370117191
-0.28729248046875 -0.43670654296875 0.139755249023438 0.144912719726563
-0.36627197265625 -0.381591796875 0.248397827148437 0.0230255126953125
-0.457366943359375 -0.2391357421875 0.236175537109375 -0.0855560302734375
-0.6197509765625 -0.0273437500000001 0.147247314453125 -0.134124755859375
-0.59075927734375 0.171875 0.143020629882812 -0.156982421875
-0.56817626953125 0.1602783203125 0.1531982421875 -0.103195190429687
-0.62042236328125 0.1580810546875 0.130172729492187 -0.0278091430664062
-0.61407470703125 0.0209350585937501 0.0583457946777343 0.0606193542480469
-0.5166015625 -0.175750732421875 -0.0251235961914063 0.0788345336914062
-0.448394775390625 -0.272216796875 -0.151641845703125 0.0360870361328125
-0.30029296875 -0.397674560546875 -0.157989501953125 -0.0803070068359376
-0.25177001953125 -0.534423828125 -0.179946899414063 -0.1934814453125
-0.24664306640625 -0.66021728515625 -0.20953369140625 -0.1749267578125
-0.220245361328125 -0.521728515625 0.012969970703125 -0.38909912109375
-0.255401611328125 -0.411651611328125 -0.0359039306640625 -0.163665771484375
-0.232177734375 -0.301239013671875 0.119316101074219 0.0376663208007812
-0.288848876953125 -0.265167236328125 0.268798828125 -0.03192138671875
-0.36138916015625 -0.1563720703125 0.312713623046875 -0.119293212890625
-0.494354248046875 0.00765991210937493 0.304229736328125 -0.204803466796875
-0.466583251953125 0.14501953125 0.32421875 -0.27667236328125
-0.45953369140625 0.12548828125 0.327850341796875 -0.228057861328125
-0.516021728515625 0.0958862304687501 0.30035400390625 -0.12078857421875
-0.48828125 -0.041107177734375 0.206695556640625 0.01910400390625
-0.378021240234375 -0.20123291015625 0.044464111328125 0.0495948791503906
-0.308380126953125 -0.256744384765625 -0.123306274414063 -0.0278549194335938
-0.19757080078125 -0.326141357421875 -0.12628173828125 -0.20135498046875
-0.181884765625 -0.439300537109375 -0.1611328125 -0.364044189453125
-0.19683837890625 -0.55419921875 -0.20855712890625 -0.392791748046875
-0.1695556640625 -0.273330688476563 -0.028594970703125 -0.516143798828125
-0.16387939453125 -0.198318481445313 -0.0560302734375 -0.268753051757813
-0.127510070800781 -0.136543273925781 0.0815353393554687 -0.0411224365234375
-0.153640747070312 -0.127548217773438 0.263992309570313 -0.07623291015625
-0.200775146484375 -0.0733489990234375 0.34979248046875 -0.155181884765625
-0.292755126953125 0.0164489746093749 0.407440185546875 -0.273895263671875
-0.274948120117188 0.0822601318359375 0.447021484375 -0.37548828125
-0.281463623046875 0.070343017578125 0.450897216796875 -0.31927490234375
-0.328399658203125 0.0297851562499999 0.430877685546875 -0.168243408203125
-0.288360595703125 -0.06884765625 0.318511962890625 0.0174560546875
-0.191986083984375 -0.164840698242188 0.091644287109375 0.0449371337890625
-0.143463134765625 -0.174118041992188 -0.0819091796875 -0.080322265625
-0.0927886962890625 -0.193572998046875 -0.052978515625 -0.299346923828125
-0.10638427734375 -0.276016235351563 -0.088623046875 -0.485870361328125
-0.1302490234375 -0.365997314453125 -0.1842041015625 -0.559814453125
0.0473251342773438 0.0271949768066406 0.2686767578125 0.567626953125
0.0652542114257813 0.0330238342285156 0.062469482421875 0.522918701171875
0.0191764831542969 -0.0106430053710938 0.081939697265625 0.29833984375
-0.00738239288330078 0.011479377746582 0.046722412109375 0.0767364501953125
0.00624465942382812 0.0317573547363281 -0.124916076660156 -0.0985107421875
0.0408439636230469 0.0303153991699219 -0.40570068359375 -0.0209655761718751
0.0412864685058594 0.0204696655273438 -0.52923583984375 0.246612548828125
0.0461502075195312 0.000431060791015625 -0.48223876953125 0.41241455078125
0.0589561462402344 -0.00354766845703125 -0.42822265625 0.45355224609375
0.0442886352539062 0.0021514892578125 -0.4093017578125 0.35491943359375
0.0255870819091797 0.0211715698242188 -0.30084228515625 0.25799560546875
-0.00227546691894531 0.020843505859375 -0.185989379882813 0.153961181640625
0.00162315368652344 -0.00663328170776367 -0.0777359008789062 0.124801635742188
0.0315837860107422 0.00521087646484375 0.092010498046875 0.339630126953125
0.00820159912109375 0.0539932250976563 -0.0111083984375 0.6231689453125
-0.0478973388671875 -0.258895874023438 0.245391845703125 0.54443359375
-0.047637939453125 -0.199310302734375 0.013427734375 0.506378173828125
-0.075286865234375 -0.17901611328125 0.051727294921875 0.33245849609375
-0.123764038085938 -0.143356323242187 0.0459671020507812 0.102279663085937
-0.15093994140625 -0.0808563232421875 -0.106513977050781 -0.0953369140625
-0.191680908203125 0.00610351562500004 -0.404022216796875 -0.030548095703125
-0.192169189453125 0.0943145751953125 -0.5211181640625 0.223968505859375
-0.174392700195312 0.086517333984375 -0.456085205078125 0.395904541015625
-0.169754028320312 0.097503662109375 -0.394866943359375 0.447265625
-0.191864013671875 0.063629150390625 -0.385040283203125 0.365753173828125
-0.18682861328125 0.00222778320312497 -0.265899658203125 0.266464233398438
-0.19195556640625 -0.0499267578125 -0.16619873046875 0.169723510742188
-0.135665893554688 -0.137916564941406 -0.05194091796875 0.15277099609375
-0.093048095703125 -0.185012817382813 0.084136962890625 0.33294677734375
-0.112335205078125 -0.186798095703125 -0.0156249999999999 0.5927734375
-0.13970947265625 -0.5126953125 0.20867919921875 0.434173583984375
-0.155853271484375 -0.415313720703125 -0.00851440429687504 0.440826416015625
-0.16876220703125 -0.337799072265625 0.065155029296875 0.339324951171875
-0.23431396484375 -0.287811279296875 0.0765762329101562 0.111152648925781
-0.297119140625 -0.18463134765625 -0.05743408203125 -0.081695556640625
-0.40386962890625 -0.0208129882812499 -0.335968017578125 -0.032684326171875
-0.397552490234375 0.1546630859375 -0.427459716796875 0.1695556640625
-0.36822509765625 0.1622314453125 -0.36102294921875 0.319305419921875
-0.37139892578125 0.19024658203125 -0.3123779296875 0.375823974609375
-0.39996337890625 0.126007080078125 -0.314056396484375 0.330078125
-0.376983642578125 -0.00320434570312506 -0.216339111328125 0.248336791992188
-0.365325927734375 -0.0989990234375 -0.152481079101563 0.1732177734375
-0.266876220703125 -0.243148803710938 -0.0550689697265625 0.152679443359375
-0.215301513671875 -0.342071533203125 0.0332794189453125 0.272079467773438
-0.22613525390625 -0.395294189453125 -0.050628662109375 0.477142333984375
-0.21600341796875 -0.68304443359375 0.159561157226562 0.253890991210937
-0.25384521484375 -0.5653076171875 -0.010833740234375 0.327484130859375
-0.2567138671875 -0.445953369140625 0.108551025390625 0.3082275390625
-0.33819580078125 -0.38189697265625 0.134910583496094 0.0977020263671875
-0.418060302734375 -0.24505615234375 0.0233078002929687 -0.0704193115234375
-0.56201171875 -0.0276184082031249 -0.207870483398438 -0.0437774658203125
-0.540252685546875 0.19793701171875 -0.268600463867188 0.0829315185546875
-0.50592041015625 0.210845947265625 -0.216278076171875 0.193435668945312
-0.521392822265625 0.2462158203125 -0.189407348632812 0.248580932617188
-0.552581787109375 0.157470703125 -0.211746215820313 0.249267578125
-0.515106201171875 -0.021148681640625 -0.155563354492188 0.2015380859375
-0.486297607421875 -0.141204833984375 -0.149871826171875 0.15460205078125
-0.360382080078125 -0.320037841796875 -0.0882644653320313 0.117622375488281
-0.302581787109375 -0.455230712890625 -0.0502471923828125 0.159622192382812
-0.302276611328125 -0.55059814453125 -0.112152099609375 0.29962158203125
-0.26947021484375 -0.73541259765625 0.103057861328125 0.0311203002929687
-0.32220458984375 -0.60748291015625 -0.010284423828125 0.170059204101563
-0.317626953125 -0.4696044921875 0.14666748046875 0.231491088867188
-0.400848388671875 -0.4007568359375 0.199203491210937 0.0570526123046875
-0.486572265625 -0.246429443359375 0.125518798828125 -0.075958251953125
-0.6373291015625 -0.00451660156249994 -0.0398406982421875 -0.0778961181640625
-0.59600830078125 0.224365234375 -0.0732574462890625 -0.0315170288085937
-0.56475830078125 0.228759765625 -0.0405311584472657 0.0415573120117188
-0.60040283203125 0.2545166015625 -0.0377349853515625 0.0997772216796875
-0.62579345703125 0.1407470703125 -0.0804595947265625 0.147415161132813
-0.5693359375 -0.0654296875000001 -0.0869369506835938 0.140205383300781
-0.525115966796875 -0.187774658203125 -0.149703979492188 0.113037109375
-0.382720947265625 -0.363861083984375 -0.133689880371094 0.0423812866210938
-0.329345703125 -0.51544189453125 -0.138885498046875 0.00461578369140624
-0.32928466796875 -0.63079833984375 -0.175506591796875 0.0788421630859374
-0.28680419921875 -0.66552734375 0.0406646728515625 -0.19268798828125
-0.33392333984375 -0.5367431640625 -0.0247974395751953 -0.00378990173339847
-0.31610107421875 -0.40447998046875 0.15081787109375 0.127197265625
-0.391510009765625 -0.341949462890625 0.243820190429688 -0.000350952148437521
-0.469024658203125 -0.19677734375 0.224380493164062 -0.102157592773438
-0.60791015625 0.0263061523437499 0.134780883789062 -0.14068603515625
-0.560455322265625 0.220947265625 0.123825073242187 -0.164047241210938
-0.541595458984375 0.211761474609375 0.138771057128906 -0.11517333984375
-0.59185791015625 0.21527099609375 0.126815795898437 -0.0408477783203125
-0.60211181640625 0.07745361328125 0.066162109375 0.0554466247558594
-0.523956298828125 -0.125823974609375 -0.01544189453125 0.0837020874023437
-0.464630126953125 -0.22540283203125 -0.143402099609375 0.052276611328125
-0.325836181640625 -0.361785888671875 -0.158615112304688 -0.0687255859375
-0.290802001953125 -0.504669189453125 -0.19390869140625 -0.17437744140625
-0.3018798828125 -0.625732421875 -0.222335815429688 -0.154190063476563
-0.26239013671875 -0.490966796875 -0.02349853515625 -0.3824462890625
-0.28375244140625 -0.381744384765625 -0.0530853271484375 -0.158126831054688
-0.250198364257812 -0.277755737304688 0.120590209960937 0.0240402221679687
-0.30694580078125 -0.236236572265625 0.259033203125 -0.0573883056640625
-0.368896484375 -0.124664306640625 0.29534912109375 -0.142791748046875
-0.483551025390625 0.0490417480468751 0.282684326171875 -0.2257080078125
-0.442352294921875 0.18310546875 0.290191650390625 -0.299163818359375
-0.437957763671875 0.168304443359375 0.2974853515625 -0.254852294921875
-0.49627685546875 0.1431884765625 0.28497314453125 -0.147003173828125
-0.484039306640625 0.00570678710937505 0.208297729492187 0.0011749267578125
-0.38922119140625 -0.1651611328125 0.0507736206054687 0.0494003295898437
-0.32623291015625 -0.222564697265625 -0.123176574707031 -0.0116958618164063
-0.217071533203125 -0.3021240234375 -0.138473510742188 -0.189834594726563
-0.215301513671875 -0.417724609375 -0.18890380859375 -0.343048095703125
-0.2431640625 -0.5277099609375 -0.240509033203125 -0.36724853515625
-0.188796997070312 -0.251449584960938 -0.072479248046875 -0.50262451171875
-0.176010131835938 -0.179718017578125 -0.0797576904296875 -0.259674072265625
-0.135459899902344 -0.12506103515625 0.07708740234375 -0.0502548217773438
-0.161956787109375 -0.112747192382812 0.251419067382813 -0.0998992919921875
-0.203170776367188 -0.05706787109375 0.330474853515625 -0.18255615234375
-0.285400390625 0.04119873046875 0.37799072265625 -0.3040771484375
-0.260543823242188 0.103622436523438 0.402740478515625 -0.405670166015625
-0.26788330078125 0.0967559814453126 0.41033935546875 -0.353668212890625
-0.31829833984375 0.0621337890625 0.409210205078125 -0.205291748046875
-0.28948974609375 -0.041351318359375 0.318023681640625 -0.010711669921875
-0.20257568359375 -0.145584106445313 0.0958709716796875 0.0405731201171875
-0.15625 -0.157318115234375 -0.0845489501953125 -0.0678787231445313
-0.104751586914062 -0.180557250976563 -0.076812744140625 -0.2919921875
-0.127197265625 -0.26214599609375 -0.131011962890625 -0.468048095703125
-0.161285400390625 -0.34661865234375 -0.23095703125 -0.533050537109375
0.0462493896484375 0.025054931640625 0.292205810546875 0.53155517578125
0.0649948120117188 0.0267486572265625 0.0953063964843749 0.49920654296875
0.0167675018310547 -0.0109920501708984 0.096160888671875 0.282806396484375
-0.0080556869506836 0.0115070343017578 0.0479812622070313 0.07379150390625
0.00784873962402344 0.0310039520263672 -0.128868103027344 -0.0889511108398438
0.0418815612792969 0.0282173156738281 -0.395721435546875 0.00131225585937502
0.0413322448730469 0.0183372497558594 -0.4976806640625 0.26812744140625
0.0446319580078125 -0.00173568725585938 -0.4381103515625 0.426910400390625
0.0576438903808594 -0.00608444213867188 -0.384490966796875 0.4622802734375
0.0427131652832031 0.000370025634765625 -0.37579345703125 0.36639404296875
0.0258769989013672 0.0193443298339844 -0.275146484375 0.264328002929687
-2.09808349609378E-05 0.0211868286132813 -0.17022705078125 0.159805297851563
-0.000722885131835937 -0.00586891174316406 -0.0690994262695313 0.128334045410156
0.0306949615478516 0.00371170043945313 0.10955810546875 0.3226318359375
0.0125732421875 0.0525665283203125 0.0244140625 0.6009521484375
-0.062286376953125 -0.245697021484375 0.268157958984375 0.51031494140625
-0.056793212890625 -0.189895629882813 0.0438232421875 0.485870361328125
-0.082183837890625 -0.167953491210938 0.06964111328125 0.316558837890625
-0.128166198730469 -0.131721496582031 0.0478515625 0.0984725952148437
-0.149642944335938 -0.0692138671875 -0.109405517578125 -0.0854263305664062
-0.183090209960938 0.0177154541015625 -0.39483642578125 -0.00518798828125006
-0.178558349609375 0.102264404296875 -0.489288330078125 0.247711181640625
-0.162139892578125 0.0950775146484375 -0.414825439453125 0.40966796875
-0.15667724609375 0.1053466796875 -0.354766845703125 0.454559326171875
-0.181381225585937 0.0740814208984375 -0.347869873046875 0.37677001953125
-0.180877685546875 0.013702392578125 -0.240478515625 0.272659301757813
-0.18896484375 -0.03619384765625 -0.15032958984375 0.175262451171875
-0.139144897460937 -0.126853942871094 -0.0413970947265625 0.152297973632813
-0.0993194580078125 -0.174209594726563 0.1009521484375 0.318084716796875
-0.117233276367188 -0.172653198242188 0.016845703125 0.57049560546875
-0.16558837890625 -0.485382080078125 0.2252197265625 0.406280517578125
-0.17352294921875 -0.391387939453125 0.01849365234375 0.42523193359375
-0.179443359375 -0.317626953125 0.083038330078125 0.32208251953125
-0.243148803710938 -0.264068603515625 0.0778732299804687 0.104438781738281
-0.29522705078125 -0.162872314453125 -0.0607070922851563 -0.0739364624023438
-0.388916015625 0.00167846679687492 -0.326629638671875 -0.011077880859375
-0.373138427734375 0.1719970703125 -0.403045654296875 0.190582275390625
-0.344818115234375 0.179962158203125 -0.32763671875 0.3314208984375
-0.347869873046875 0.207733154296875 -0.277191162109375 0.378662109375
-0.378875732421875 0.14727783203125 -0.281890869140625 0.33770751953125
-0.365631103515625 0.0180969238281251 -0.193038940429688 0.253036499023438
-0.3590087890625 -0.0733032226562499 -0.13671875 0.177688598632813
-0.270584106445313 -0.221786499023437 -0.04266357421875 0.15008544921875
-0.22540283203125 -0.321136474609375 0.049041748046875 0.260696411132813
-0.239349365234375 -0.369110107421875 -0.02349853515625 0.4635009765625
-0.2498779296875 -0.64495849609375 0.16656494140625 0.235824584960937
-0.276123046875 -0.529327392578125 0.00765991210937498 0.315673828125
-0.26953125 -0.416778564453125 0.121246337890625 0.28936767578125
-0.34808349609375 -0.350677490234375 0.133537292480469 0.0877761840820312
-0.4158935546875 -0.21502685546875 0.0195465087890625 -0.0664863586425781
-0.542327880859375 0.0044250488281249 -0.20159912109375 -0.02789306640625
-0.50799560546875 0.220947265625 -0.255325317382813 0.0979156494140625
-0.47418212890625 0.2349853515625 -0.19732666015625 0.199554443359375
-0.4886474609375 0.27130126953125 -0.1668701171875 0.250228881835938
-0.52392578125 0.1868896484375 -0.185836791992188 0.254898071289062
-0.499420166015625 0.00952148437499992 -0.136123657226563 0.206466674804688
-0.47882080078125 -0.10748291015625 -0.1339111328125 0.160690307617188
-0.36248779296875 -0.2908935546875 -0.0760040283203125 0.116096496582031
-0.315216064453125 -0.42657470703125 -0.038299560546875 0.15618896484375
-0.323883056640625 -0.513458251953125 -0.09234619140625 0.29376220703125
-0.30352783203125 -0.69439697265625 0.0992279052734375 0.0250167846679687
-0.34356689453125 -0.56573486328125 -0.00216674804687501 0.165481567382812
-0.32647705078125 -0.437652587890625 0.153961181640625 0.21270751953125
-0.41046142578125 -0.367462158203125 0.192626953125 0.0433349609375
-0.482757568359375 -0.212554931640625 0.117485046386719 -0.07781982421875
-0.614501953125 0.0288085937499999 -0.0403060913085938 -0.0707855224609375
-0.560791015625 0.24945068359375 -0.073333740234375 -0.0235214233398437
-0.530029296875 0.255157470703125 -0.0387001037597657 0.0418548583984375
-0.56256103515625 0.2850341796875 -0.0293045043945313 0.096832275390625
-0.59588623046875 0.17254638671875 -0.0657043457031251 0.149002075195313
-0.555511474609375 -0.031646728515625 -0.0726318359375 0.143798828125
-0.516998291015625 -0.14971923828125 -0.13543701171875 0.121223449707031
-0.386444091796875 -0.33367919921875 -0.12298583984375 0.04522705078125
-0.34661865234375 -0.48162841796875 -0.133064270019531 0.0113143920898437
-0.3544921875 -0.59039306640625 -0.166976928710938 0.085205078125
-0.316162109375 -0.624267578125 0.02593994140625 -0.18780517578125
-0.352203369140625 -0.4974365234375 -0.0259227752685547 -0.00156211853027346
-0.323150634765625 -0.375396728515625 0.152099609375 0.111572265625
-0.397125244140625 -0.31146240234375 0.231399536132812 -0.0148773193359375
-0.4642333984375 -0.166900634765625 0.211334228515625 -0.109649658203125
-0.58441162109375 0.0585327148437501 0.125274658203125 -0.142181396484375
-0.52716064453125 0.24371337890625 0.108673095703125 -0.162673950195312
-0.507965087890625 0.237884521484375 0.125045776367187 -0.118804931640625
-0.557037353515625 0.243988037109375 0.120399475097656 -0.0478363037109375
-0.5758056640625 0.11083984375 0.070526123046875 0.05096435546875
-0.513397216796875 -0.0935668945312501 -0.00610351562500003 0.0848312377929688
-0.46240234375 -0.189117431640625 -0.131759643554688 0.0620880126953125
-0.331085205078125 -0.33447265625 -0.153121948242188 -0.0606689453125
-0.309356689453125 -0.475341796875 -0.195770263671875 -0.158432006835938
-0.328369140625 -0.58697509765625 -0.224136352539063 -0.137008666992188
-0.281219482421875 -0.4576416015625 -0.0458984375 -0.365997314453125
-0.294647216796875 -0.3492431640625 -0.062164306640625 -0.148208618164063
-0.254867553710938 -0.255767822265625 0.11749267578125 0.0139541625976562
-0.309356689453125 -0.21258544921875 0.243270874023437 -0.072265625
-0.363983154296875 -0.10357666015625 0.278350830078125 -0.153472900390625
-0.4635009765625 0.0726318359375 0.262557983398437 -0.2314453125
-0.415802001953125 0.200653076171875 0.261016845703125 -0.30218505859375
-0.411224365234375 0.18865966796875 0.269256591796875 -0.261505126953125
-0.467742919921875 0.169219970703125 0.266815185546875 -0.159332275390625
-0.465179443359375 0.03363037109375 0.20440673828125 -0.0096282958984375
-0.385894775390625 -0.1370849609375 0.0552711486816406 0.0488433837890625
-0.32708740234375 -0.1943359375 -0.114089965820313 -0.00189971923828126
-0.22406005859375 -0.279296875 -0.141937255859375 -0.180252075195313
-0.230377197265625 -0.394073486328125 -0.20245361328125 -0.32080078125
-0.266632080078125 -0.494293212890625 -0.255035400390625 -0.341796875
-0.195404052734375 -0.231613159179688 -0.100555419921875 -0.479522705078125
-0.178817749023437 -0.1639404296875 -0.0939483642578125 -0.246047973632813
-0.135932922363281 -0.115066528320313 0.0702781677246094 -0.0547904968261719
-0.1617431640625 -0.101974487304687 0.234527587890625 -0.1131591796875
-0.200241088867188 -0.0465850830078125 0.307891845703125 -0.194305419921875
-0.27447509765625 0.0544281005859375 0.348175048828125 -0.315399169921875
-0.24542236328125 0.114471435546875 0.3621826171875 -0.415252685546875
-0.250259399414063 0.109100341796875 0.37347412109375 -0.3642578125
-0.3026123046875 0.0791015625 0.38226318359375 -0.222503662109375
-0.281524658203125 -0.0230407714843751 0.308135986328125 -0.028045654296875
-0.204086303710938 -0.12982177734375 0.0979232788085938 0.0376663208007813
-0.158294677734375 -0.141571044921875 -0.0836257934570313 -0.0575942993164062
-0.108352661132813 -0.168853759765625 -0.08990478515625 -0.280136108398438
-0.137100219726562 -0.247802734375 -0.15289306640625 -0.444580078125
-0.17547607421875 -0.325714111328125 -0.254608154296875 -0.500335693359375
0.0451698303222656 0.0241966247558594 0.299041748046875 0.509857177734375
0.063140869140625 0.0239410400390625 0.107269287109375 0.481842041015625
0.0148496627807617 -0.010685920715332 0.101486206054687 0.273361206054688
-0.0084381103515625 0.0130147933959961 0.0485382080078125 0.07403564453125
0.00868606567382812 0.0310783386230469 -0.129753112792969 -0.0833358764648438
0.0429458618164063 0.0281257629394531 -0.391357421875 0.0106201171875001
0.0403594970703125 0.017974853515625 -0.47955322265625 0.277008056640625
0.0443763732910156 -0.0017547607421875 -0.41314697265625 0.4288330078125
0.0571937561035156 -0.00671005249023438 -0.360992431640625 0.461822509765625
0.0415840148925781 0.000164031982421875 -0.3577880859375 0.367156982421875
0.0253276824951172 0.0187892913818359 -0.26275634765625 0.264633178710938
0.000896453857421877 0.02117919921875 -0.162307739257813 0.161773681640625
-0.00139522552490234 -0.00508308410644531 -0.0658340454101563 0.130157470703125
0.0296306610107422 0.00266456604003906 0.114898681640625 0.31304931640625
0.0153388977050781 0.0512123107910156 0.03839111328125 0.5855712890625
-0.0679931640625 -0.23712158203125 0.27117919921875 0.48992919921875
-0.0597076416015625 -0.18414306640625 0.05609130859375 0.470001220703125
-0.082855224609375 -0.162506103515625 0.075408935546875 0.306884765625
-0.129585266113281 -0.124359130859375 0.0489044189453125 0.0974655151367188
-0.147552490234375 -0.0642242431640625 -0.109649658203125 -0.079742431640625
-0.177200317382812 0.0213165283203125 -0.387298583984375 0.00430297851562493
-0.1715087890625 0.105804443359375 -0.47235107421875 0.25567626953125
-0.155105590820312 0.09857177734375 -0.3919677734375 0.40966796875
-0.149688720703125 0.109283447265625 -0.3306884765625 0.4521484375
-0.17608642578125 0.0786285400390625 -0.328887939453125 0.378570556640625
-0.178024291992188 0.0179595947265625 -0.229278564453125 0.271759033203125
-0.184814453125 -0.0299072265625 -0.141525268554688 0.176498413085938
-0.138725280761719 -0.121818542480469 -0.036346435546875 0.15081787109375
-0.1004638671875 -0.169631958007813 0.108062744140625 0.30902099609375
-0.11767578125 -0.165908813476563 0.0306396484375 0.5570068359375
-0.174285888671875 -0.46795654296875 0.227142333984375 0.391204833984375
-0.178253173828125 -0.377899169921875 0.028839111328125 0.41070556640625
-0.17962646484375 -0.307281494140625 0.087646484375 0.3114013671875
-0.24444580078125 -0.252685546875 0.07720947265625 0.102455139160156
-0.29254150390625 -0.153350830078125 -0.0603752136230469 -0.0684585571289063
-0.378814697265625 0.010284423828125 -0.319915771484375 -0.00198364257812501
-0.358642578125 0.1763916015625 -0.38970947265625 0.198211669921875
-0.333587646484375 0.185638427734375 -0.311798095703125 0.330780029296875
-0.3323974609375 0.214813232421875 -0.260467529296875 0.37725830078125
-0.366607666015625 0.15509033203125 -0.26556396484375 0.339630126953125
-0.35986328125 0.02880859375 -0.180511474609375 0.2535400390625
-0.35394287109375 -0.06201171875 -0.128128051757812 0.179183959960938
-0.2674560546875 -0.21343994140625 -0.0372314453125 0.14599609375
-0.227142333984375 -0.31219482421875 0.0554656982421875 0.253768920898438
-0.240478515625 -0.3536376953125 -0.012664794921875 0.45233154296875
-0.26171875 -0.62164306640625 0.165023803710938 0.226547241210937
-0.282073974609375 -0.50994873046875 0.013885498046875 0.307373046875
-0.2685546875 -0.403472900390625 0.124343872070312 0.277755737304688
-0.34759521484375 -0.33624267578125 0.129417419433594 0.0833053588867188
-0.412445068359375 -0.203155517578125 0.0176582336425781 -0.0635833740234375
-0.528167724609375 0.0157165527343749 -0.196533203125 -0.0214691162109375
-0.489105224609375 0.22784423828125 -0.2476806640625 0.104461669921875
-0.45611572265625 0.242156982421875 -0.186355590820312 0.199493408203125
-0.468780517578125 0.280242919921875 -0.155899047851563 0.246871948242188
-0.509002685546875 0.19720458984375 -0.172195434570313 0.2554931640625
-0.4903564453125 0.022369384765625 -0.125778198242188 0.206329345703125
-0.472259521484375 -0.0926513671875 -0.124160766601563 0.162200927734375
-0.359130859375 -0.27801513671875 -0.069427490234375 0.111915588378906
-0.317840576171875 -0.4134521484375 -0.0321197509765625 0.15277099609375
-0.329193115234375 -0.49249267578125 -0.0853271484375 0.288665771484375
-0.31488037109375 -0.66961669921875 0.0947265625 0.0233154296875
-0.34765625 -0.543426513671875 -0.000732421875000007 0.161651611328125
-0.325836181640625 -0.423248291015625 0.155426025390625 0.203506469726562
-0.410980224609375 -0.350738525390625 0.1856689453125 0.0380706787109375
-0.47705078125 -0.1995849609375 0.113578796386719 -0.0774612426757813
-0.5986328125 0.04046630859375 -0.0389862060546875 -0.066650390625
-0.54150390625 0.2572021484375 -0.0726547241210938 -0.0183029174804687
-0.511322021484375 0.26300048828125 -0.0370254516601563 0.0423316955566406
-0.541839599609375 0.294952392578125 -0.0273056030273438 0.0941696166992188
-0.5771484375 0.186279296875 -0.057098388671875 0.1470947265625
-0.545166015625 -0.0172424316406251 -0.0643310546875 0.144256591796875
-0.510101318359375 -0.132843017578125 -0.126754760742188 0.123939514160156
-0.381988525390625 -0.31964111328125 -0.116287231445313 0.0428237915039062
-0.34930419921875 -0.466796875 -0.129043579101563 0.0132369995117187
-0.3621826171875 -0.5679931640625 -0.162673950195313 0.08587646484375
-0.32489013671875 -0.60107421875 0.018951416015625 -0.181640625
-0.354949951171875 -0.476165771484375 -0.0275859832763672 -0.000116348266601594
-0.321197509765625 -0.36334228515625 0.150634765625 0.10345458984375
-0.397308349609375 -0.297332763671875 0.222137451171875 -0.0210113525390625
-0.45867919921875 -0.157012939453125 0.2032470703125 -0.110397338867188
-0.57177734375 0.0699462890625 0.121589660644531 -0.139701843261719
-0.508270263671875 0.24908447265625 0.102020263671875 -0.158737182617187
-0.489959716796875 0.24468994140625 0.117347717285156 -0.1180419921875
-0.53778076171875 0.254058837890625 0.1158447265625 -0.0510025024414062
-0.5596923828125 0.122589111328125 0.0739059448242187 0.0486602783203125
-0.506103515625 -0.080047607421875 -0.000129699707031281 0.0856781005859375
-0.455169677734375 -0.171966552734375 -0.124526977539063 0.0668411254882813
-0.3294677734375 -0.321533203125 -0.148651123046875 -0.0608673095703125
-0.314788818359375 -0.459503173828125 -0.195205688476563 -0.150283813476563
-0.3377685546875 -0.564697265625 -0.224517822265625 -0.1300048828125
-0.28485107421875 -0.438873291015625 -0.05548095703125 -0.35284423828125
-0.294891357421875 -0.333404541015625 -0.0663909912109375 -0.142074584960938
-0.252685546875 -0.2474365234375 0.114608764648437 0.00952148437499998
-0.307403564453125 -0.2052001953125 0.232879638671875 -0.0782318115234375
-0.359466552734375 -0.095458984375 0.268295288085938 -0.155258178710938
-0.45452880859375 0.081146240234375 0.2520751953125 -0.232101440429688
-0.400787353515625 0.205047607421875 0.24609375 -0.3006591796875
-0.396453857421875 0.19329833984375 0.253646850585937 -0.259872436523437
-0.4522705078125 0.178802490234375 0.255401611328125 -0.163482666015625
-0.454010009765625 0.044158935546875 0.202316284179687 -0.0139617919921875
-0.3818359375 -0.1248779296875 0.0585899353027344 0.0491752624511719
-0.324493408203125 -0.180755615234375 -0.109100341796875 0.00275421142578125
-0.22259521484375 -0.271087646484375 -0.140731811523438 -0.176528930664063
-0.235687255859375 -0.38201904296875 -0.2047119140625 -0.309600830078125
-0.273529052734375 -0.47625732421875 -0.25823974609375 -0.328643798828125
-0.195388793945313 -0.221389770507813 -0.1094970703125 -0.463775634765625
-0.177108764648438 -0.156265258789063 -0.0994720458984375 -0.236984252929688
-0.134429931640625 -0.112075805664063 0.0668754577636719 -0.0575103759765625
-0.160598754882813 -0.099609375 0.223068237304688 -0.119415283203125
-0.198196411132813 -0.0434722900390625 0.295166015625 -0.19683837890625
-0.268966674804688 0.0595703125000001 0.333953857421875 -0.316925048828125
-0.237258911132813 0.116241455078125 0.34405517578125 -0.412811279296875
-0.241348266601563 0.112548828125 0.35247802734375 -0.3631591796875
-0.292266845703125 0.085601806640625 0.367156982421875 -0.229248046875
-0.276397705078125 -0.01531982421875 0.303253173828125 -0.03436279296875
-0.202667236328125 -0.12261962890625 0.0999298095703125 0.0370559692382812
-0.157119750976563 -0.13409423828125 -0.080322265625 -0.05364990234375
-0.10797119140625 -0.163589477539062 -0.09283447265625 -0.275634765625
-0.1405029296875 -0.239974975585937 -0.160797119140625 -0.429718017578125
-0.17999267578125 -0.312408447265625 -0.260711669921875 -0.484375
0.0457992553710938 0.0245513916015625 0.30792236328125 0.506744384765625
0.0629959106445313 0.0213851928710938 0.113922119140625 0.47943115234375
0.0132074356079102 -0.0101633071899414 0.105270385742187 0.273834228515625
-0.00792789459228515 0.013981819152832 0.0511932373046875 0.0772781372070312
0.00914192199707031 0.0313072204589844 -0.131828308105469 -0.0819778442382813
0.0437583923339844 0.0281105041503906 -0.39971923828125 0.015350341796875
0.0415420532226563 0.0197257995605469 -0.479766845703125 0.285369873046875
0.0452651977539063 -0.00200653076171875 -0.40771484375 0.434234619140625
0.0591888427734375 -0.0069122314453125 -0.354583740234375 0.468505859375
0.0421714782714844 0.0009918212890625 -0.3544921875 0.374053955078125
0.0255603790283203 0.0186614990234375 -0.261184692382813 0.271194458007812
0.00223159790039063 0.0224399566650391 -0.160675048828125 0.16644287109375
-0.00192022323608398 -0.00444555282592773 -0.0649337768554688 0.135597229003906
0.0303745269775391 0.00234222412109375 0.121429443359375 0.31427001953125
0.017181396484375 0.0520439147949219 0.0475463867187499 0.58782958984375
-0.0711822509765625 -0.236083984375 0.278411865234375 0.488067626953125
-0.0618896484375 -0.184555053710938 0.061737060546875 0.467315673828125
-0.0849151611328125 -0.163436889648438 0.07757568359375 0.306549072265625
-0.132331848144531 -0.123435974121094 0.0510025024414063 0.100837707519531
-0.149078369140625 -0.0634918212890625 -0.11065673828125 -0.0775299072265625
-0.17779541015625 0.0230712890625 -0.391845703125 0.010162353515625
-0.170684814453125 0.108963012695312 -0.472503662109375 0.265838623046875
-0.154556274414063 0.10284423828125 -0.385467529296875 0.416015625
-0.14697265625 0.114501953125 -0.324371337890625 0.4571533203125
-0.176025390625 0.0821685791015625 -0.32354736328125 0.384490966796875
-0.181259155273438 0.0210113525390625 -0.224960327148437 0.279052734375
-0.187179565429688 -0.0272369384765625 -0.138885498046875 0.18182373046875
-0.140609741210937 -0.1219482421875 -0.035125732421875 0.153396606445313
-0.10345458984375 -0.17230224609375 0.114013671875 0.309600830078125
-0.118820190429687 -0.165634155273438 0.03656005859375 0.560211181640625
-0.1820068359375 -0.46771240234375 0.230712890625 0.391357421875
-0.18316650390625 -0.378387451171875 0.031982421875 0.41107177734375
-0.182647705078125 -0.310150146484375 0.089935302734375 0.31085205078125
-0.250076293945312 -0.252548217773438 0.0774459838867187 0.105758666992187
-0.297271728515625 -0.151214599609375 -0.0598983764648438 -0.0670280456542969
-0.3809814453125 0.013519287109375 -0.322540283203125 0.00341796875000007
-0.359161376953125 0.181793212890625 -0.388702392578125 0.206634521484375
-0.33148193359375 0.19378662109375 -0.30682373046875 0.3348388671875
-0.33087158203125 0.222381591796875 -0.2559814453125 0.380767822265625
-0.367340087890625 0.16241455078125 -0.258819580078125 0.34478759765625
-0.36492919921875 0.033660888671875 -0.177200317382813 0.259201049804688
-0.358367919921875 -0.057220458984375 -0.124771118164063 0.1842041015625
-0.272064208984375 -0.215103149414063 -0.0347747802734375 0.146591186523438
-0.231903076171875 -0.314727783203125 0.0596466064453125 0.25360107421875
-0.24664306640625 -0.35296630859375 -0.00836181640625004 0.45501708984375
-0.26898193359375 -0.620849609375 0.167037963867188 0.227020263671875
-0.2872314453125 -0.509857177734375 0.016204833984375 0.3076171875
-0.271514892578125 -0.407379150390625 0.127944946289062 0.278106689453125
-0.356048583984375 -0.33563232421875 0.129470825195312 0.085693359375
-0.41790771484375 -0.202056884765625 0.0186805725097656 -0.0633430480957031
-0.532196044921875 0.0206909179687499 -0.196914672851563 -0.0182952880859375
-0.48968505859375 0.234405517578125 -0.246612548828125 0.1107177734375
-0.45574951171875 0.252593994140625 -0.185317993164062 0.201889038085938
-0.467010498046875 0.292572021484375 -0.153778076171875 0.248687744140625
-0.508453369140625 0.20648193359375 -0.166580200195313 0.258285522460938
-0.4962158203125 0.0281066894531251 -0.12176513671875 0.21173095703125
-0.478240966796875 -0.08551025390625 -0.120086669921875 0.1663818359375
-0.363555908203125 -0.280029296875 -0.0673980712890625 0.109611511230469
-0.326141357421875 -0.41595458984375 -0.029571533203125 0.153228759765625
-0.336639404296875 -0.49261474609375 -0.084259033203125 0.290863037109375
-0.32513427734375 -0.66656494140625 0.09271240234375 0.024627685546875
-0.357086181640625 -0.542388916015625 -0.00120544433593754 0.162216186523437
-0.32928466796875 -0.42718505859375 0.157745361328125 0.202301025390625
-0.41937255859375 -0.350677490234375 0.184646606445312 0.037353515625
-0.48492431640625 -0.199066162109375 0.114761352539062 -0.0774078369140625
-0.6046142578125 0.0466308593749999 -0.0391693115234375 -0.0659446716308594
-0.541900634765625 0.262847900390625 -0.0728988647460938 -0.0150070190429687
-0.510406494140625 0.27337646484375 -0.0369758605957032 0.0427894592285156
-0.5406494140625 0.305877685546875 -0.0262527465820313 0.0937347412109375
-0.57904052734375 0.19696044921875 -0.0504302978515625 0.14898681640625
-0.5516357421875 -0.0107727050781251 -0.0594024658203125 0.147384643554688
-0.517364501953125 -0.12628173828125 -0.123207092285156 0.127723693847656
-0.3868408203125 -0.32159423828125 -0.115753173828125 0.0398178100585937
-0.359222412109375 -0.470703125 -0.129798889160156 0.0136337280273437
-0.371337890625 -0.5662841796875 -0.16534423828125 0.0884552001953124
-0.33233642578125 -0.59881591796875 0.0146484375 -0.180938720703125
-0.362457275390625 -0.47564697265625 -0.0303897857666016 0.00145149230957029
-0.324981689453125 -0.3658447265625 0.152603149414062 0.101760864257812
-0.405120849609375 -0.298858642578125 0.219818115234375 -0.023162841796875
-0.467529296875 -0.15557861328125 0.205398559570312 -0.112197875976563
-0.5767822265625 0.07501220703125 0.121414184570312 -0.142059326171875
-0.50885009765625 0.255645751953125 0.1005859375 -0.159194946289062
-0.488677978515625 0.2535400390625 0.115287780761719 -0.118843078613281
-0.53515625 0.265533447265625 0.115287780761719 -0.0533370971679687
-0.561126708984375 0.1326904296875 0.0795745849609375 0.0483779907226563
-0.51080322265625 -0.0750122070312501 0.00479888916015623 0.0873794555664063
-0.461700439453125 -0.167633056640625 -0.121566772460938 0.069671630859375
-0.330902099609375 -0.323516845703125 -0.1490478515625 -0.065093994140625
-0.323883056640625 -0.4620361328125 -0.198471069335938 -0.150482177734375
-0.3465576171875 -0.56341552734375 -0.230438232421875 -0.128005981445312
-0.292236328125 -0.436309814453125 -0.060272216796875 -0.351898193359375
-0.300048828125 -0.332000732421875 -0.0703887939453125 -0.141555786132813
-0.253997802734375 -0.250839233398438 0.114448547363281 0.00698852539062498
-0.312896728515625 -0.2056884765625 0.228103637695312 -0.0822601318359375
-0.366180419921875 -0.09613037109375 0.267471313476563 -0.159652709960938
-0.458984375 0.08746337890625 0.251983642578125 -0.236862182617188
-0.40264892578125 0.208709716796875 0.2445068359375 -0.303436279296875
-0.394744873046875 0.201263427734375 0.250564575195313 -0.263717651367187
-0.45159912109375 0.186767578125 0.2535400390625 -0.167343139648438
-0.4566650390625 0.052337646484375 0.206985473632812 -0.0174560546875
-0.385894775390625 -0.121978759765625 0.0636787414550781 0.0504837036132812
-0.327056884765625 -0.176177978515625 -0.106941223144531 0.00520324707031249
-0.224578857421875 -0.272140502929688 -0.143234252929687 -0.180404663085938
-0.243896484375 -0.383941650390625 -0.211334228515625 -0.3089599609375
-0.28192138671875 -0.47613525390625 -0.26605224609375 -0.327239990234375
-0.197296142578125 -0.218414306640625 -0.115570068359375 -0.463134765625
-0.178970336914063 -0.156021118164062 -0.103927612304688 -0.237625122070313
-0.135520935058594 -0.114570617675781 0.065338134765625 -0.0606307983398438
-0.164108276367187 -0.100921630859375 0.219070434570313 -0.124191284179687
-0.202789306640625 -0.0432891845703125 0.29425048828125 -0.201751708984375
-0.271713256835938 0.0623931884765625 0.332366943359375 -0.32257080078125
-0.238052368164063 0.119308471679688 0.3387451171875 -0.41986083984375
-0.241180419921875 0.11614990234375 0.34820556640625 -0.367462158203125
-0.292938232421875 0.091644287109375 0.36492919921875 -0.2337646484375
-0.2789306640625 -0.0121459960937499 0.306121826171875 -0.0399169921875
-0.205184936523438 -0.122085571289062 0.104415893554687 0.0382537841796875
-0.15911865234375 -0.132568359375 -0.0788726806640625 -0.0517730712890625
-0.109344482421875 -0.165054321289063 -0.0970001220703125 -0.27978515625
-0.145416259765625 -0.241531372070313 -0.16845703125 -0.429443359375
-0.186279296875 -0.31060791015625 -0.272125244140625 -0.4844970703125
0.0475311279296875 0.0250930786132813 0.3294677734375 0.514068603515625
0.0647659301757813 0.020172119140625 0.12841796875 0.4893798828125
0.0124330520629883 -0.0104398727416992 0.115219116210938 0.279388427734375
-0.00830268859863281 0.0157155990600586 0.0577011108398438 0.08074951171875
0.01116943359375 0.0322608947753906 -0.138084411621094 -0.0820388793945313
0.0457611083984375 0.0282325744628906 -0.415252685546875 0.02752685546875
0.0447502136230469 0.0201759338378906 -0.48931884765625 0.305908203125
0.048004150390625 -0.00272750854492188 -0.407379150390625 0.456756591796875
0.06219482421875 -0.00834274291992188 -0.3525390625 0.4898681640625
0.0439987182617187 0.00014495849609375 -0.35516357421875 0.393951416015625
0.0265541076660156 0.0198726654052734 -0.26123046875 0.286590576171875
0.00383377075195312 0.0232925415039063 -0.161849975585938 0.176773071289062
-0.00265836715698242 -0.00458478927612305 -0.06439208984375 0.14471435546875
0.0315647125244141 8.7738037109375E-05 0.13555908203125 0.323150634765625
0.0205345153808594 0.0525131225585938 0.06451416015625 0.60675048828125
-0.0797119140625 -0.241470336914062 0.29791259765625 0.498443603515625
-0.068817138671875 -0.190841674804688 0.072662353515625 0.48065185546875
-0.091278076171875 -0.168289184570313 0.087799072265625 0.314727783203125
-0.140251159667969 -0.12432861328125 0.0559921264648437 0.106826782226563
-0.155899047851563 -0.0624237060546875 -0.115692138671875 -0.0779876708984375
-0.183761596679688 0.02764892578125 -0.4083251953125 0.021942138671875
-0.17230224609375 0.116363525390625 -0.4813232421875 0.287139892578125
-0.156204223632812 0.111129760742187 -0.385894775390625 0.4371337890625
-0.148086547851563 0.121673583984375 -0.3232421875 0.47894287109375
-0.179840087890625 0.0908203125 -0.322998046875 0.404327392578125
-0.18743896484375 0.0268707275390625 -0.22509765625 0.29449462890625
-0.19476318359375 -0.0231475830078125 -0.137588500976563 0.192398071289063
-0.148666381835938 -0.12567138671875 -0.0317840576171875 0.159805297851563
-0.111984252929688 -0.178024291992188 0.126434326171875 0.3167724609375
-0.125686645507813 -0.168350219726562 0.05364990234375 0.57720947265625
-0.198089599609375 -0.476837158203125 0.2440185546875 0.399169921875
-0.198944091796875 -0.387725830078125 0.039794921875 0.421417236328125
-0.194732666015625 -0.318878173828125 0.1004638671875 0.31982421875
-0.265060424804687 -0.25396728515625 0.0841445922851562 0.109603881835937
-0.311431884765625 -0.15216064453125 -0.0625190734863281 -0.068023681640625
-0.3944091796875 0.021148681640625 -0.333709716796875 0.01312255859375
-0.366851806640625 0.196258544921875 -0.396392822265625 0.225860595703125
-0.337158203125 0.209747314453125 -0.3079833984375 0.350860595703125
-0.3350830078125 0.240631103515625 -0.254119873046875 0.398162841796875
-0.376068115234375 0.179443359375 -0.256011962890625 0.362457275390625
-0.377593994140625 0.0439758300781249 -0.174270629882813 0.273834228515625
-0.373077392578125 -0.04949951171875 -0.12237548828125 0.1949462890625
-0.286651611328125 -0.219696044921875 -0.0323028564453125 0.15020751953125
-0.249542236328125 -0.323883056640625 0.0699920654296875 0.260299682617188
-0.262298583984375 -0.35955810546875 0.00155639648437503 0.471038818359375
-0.2926025390625 -0.6341552734375 0.174667358398437 0.2327880859375
-0.3111572265625 -0.52069091796875 0.0200500488281249 0.31622314453125
-0.288482666015625 -0.417449951171875 0.137786865234375 0.28411865234375
-0.377532958984375 -0.33917236328125 0.1348876953125 0.087188720703125
-0.43902587890625 -0.2015380859375 0.020477294921875 -0.065338134765625
-0.551513671875 0.0321960449218749 -0.203521728515625 -0.01226806640625
-0.50048828125 0.25225830078125 -0.251663208007813 0.122695922851563
-0.463165283203125 0.2725830078125 -0.185867309570313 0.212295532226563
-0.474578857421875 0.316070556640625 -0.152969360351563 0.2593994140625
-0.522430419921875 0.228607177734375 -0.161834716796875 0.269271850585938
-0.514129638671875 0.0416564941406251 -0.1170654296875 0.222366333007813
-0.49822998046875 -0.0779418945312501 -0.118270874023438 0.176956176757813
-0.382568359375 -0.286163330078125 -0.0663375854492188 0.110977172851562
-0.350250244140625 -0.42608642578125 -0.0265655517578125 0.158309936523437
-0.3616943359375 -0.500885009765625 -0.08251953125 0.30364990234375
-0.351318359375 -0.6805419921875 0.0944442749023437 0.0270919799804687
-0.384246826171875 -0.552825927734375 -0.000320434570312522 0.168533325195312
-0.3486328125 -0.43902587890625 0.167770385742187 0.20526123046875
-0.4422607421875 -0.353668212890625 0.189422607421875 0.0361480712890625
-0.507904052734375 -0.197601318359375 0.119140625 -0.0828857421875
-0.62506103515625 0.06103515625 -0.0402297973632813 -0.0662612915039062
-0.554718017578125 0.283935546875 -0.075225830078125 -0.0120391845703125
-0.52008056640625 0.2958984375 -0.0366325378417969 0.045135498046875
-0.5489501953125 0.331298828125 -0.0259475708007813 0.0970306396484375
-0.5946044921875 0.2196044921875 -0.04486083984375 0.153350830078125
-0.57342529296875 0.00231933593750008 -0.054534912109375 0.155029296875
-0.5390625 -0.1177978515625 -0.120498657226563 0.136871337890625
-0.4072265625 -0.327606201171875 -0.118949890136719 0.038299560546875
-0.38494873046875 -0.48046875 -0.133979797363281 0.0172882080078124
-0.39849853515625 -0.57415771484375 -0.1712646484375 0.0961456298828124
-0.3577880859375 -0.60955810546875 0.0101165771484375 -0.183395385742188
-0.385162353515625 -0.482666015625 -0.0333671569824219 0.00309562683105466
-0.342498779296875 -0.377288818359375 0.160354614257812 0.1007080078125
-0.4285888671875 -0.3031005859375 0.222824096679687 -0.028076171875
-0.490509033203125 -0.153350830078125 0.209197998046875 -0.121109008789063
-0.59613037109375 0.0908813476562501 0.122970581054687 -0.148513793945313
-0.52191162109375 0.274200439453125 0.100006103515625 -0.164520263671875
-0.497955322265625 0.27508544921875 0.115737915039062 -0.125312805175781
-0.546356201171875 0.28985595703125 0.116188049316406 -0.0575408935546875
-0.5771484375 0.15301513671875 0.0866775512695312 0.0463104248046875
-0.532073974609375 -0.0649414062500001 0.0102767944335937 0.0916671752929688
-0.481170654296875 -0.160675048828125 -0.120407104492188 0.0762405395507812
-0.350250244140625 -0.32891845703125 -0.156204223632813 -0.0684661865234375
-0.349700927734375 -0.471771240234375 -0.208389282226563 -0.150604248046875
-0.37457275390625 -0.57275390625 -0.243759155273438 -0.12567138671875
-0.311431884765625 -0.444366455078125 -0.0711669921875 -0.36004638671875
-0.31787109375 -0.3359375 -0.077880859375 -0.144256591796875
-0.267715454101563 -0.258270263671875 0.117843627929688 0.00379180908203123
-0.33319091796875 -0.20819091796875 0.229507446289062 -0.0895538330078125
-0.3839111328125 -0.0930480957031251 0.272491455078125 -0.169906616210937
-0.474578857421875 0.100250244140625 0.256179809570312 -0.250473022460938
-0.4132080078125 0.225006103515625 0.2452392578125 -0.317962646484375
-0.402099609375 0.21771240234375 0.252243041992188 -0.276443481445313
-0.461761474609375 0.205108642578125 0.257293701171875 -0.178466796875
-0.4708251953125 0.066131591796875 0.215988159179687 -0.0239410400390625
-0.40283203125 -0.119110107421875 0.0702972412109375 0.0514373779296875
-0.34136962890625 -0.17462158203125 -0.107757568359375 0.00894927978515624
-0.237350463867187 -0.277236938476563 -0.15301513671875 -0.187728881835938
-0.263885498046875 -0.391754150390625 -0.22552490234375 -0.314056396484375
-0.304534912109375 -0.48284912109375 -0.28594970703125 -0.330780029296875
-0.208236694335938 -0.221328735351562 -0.128265380859375 -0.473602294921875
-0.188735961914062 -0.156692504882813 -0.114822387695312 -0.242050170898438
-0.14208984375 -0.117568969726563 0.0660057067871094 -0.0661201477050781
-0.175018310546875 -0.103302001953125 0.21826171875 -0.134002685546875
-0.213531494140625 -0.042877197265625 0.29718017578125 -0.21490478515625
-0.2818603515625 0.072509765625 0.336456298828125 -0.342437744140625
-0.245452880859375 0.128326416015625 0.338897705078125 -0.44134521484375
-0.24542236328125 0.125274658203125 0.349273681640625 -0.38616943359375
-0.300201416015625 0.102203369140625 0.36962890625 -0.249114990234375
-0.2889404296875 -0.00457763671875004 0.31793212890625 -0.049896240234375
-0.216110229492187 -0.122146606445313 0.1123046875 0.037689208984375
-0.167266845703125 -0.132537841796875 -0.0811004638671875 -0.0513839721679688
-0.1163330078125 -0.169586181640625 -0.107574462890625 -0.289886474609375
-0.157882690429688 -0.247207641601563 -0.185150146484375 -0.440155029296875
-0.200469970703125 -0.31561279296875 -0.294525146484375 -0.49310302734375
0.0512924194335938 0.0242538452148438 0.37152099609375 0.517120361328125
0.0685157775878906 0.016510009765625 0.159088134765625 0.500701904296875
0.0119037628173828 -0.0119571685791016 0.134765625 0.284942626953125
-0.0089263916015625 0.0179500579833984 0.0662155151367188 0.0827255249023437
0.0132713317871094 0.0325393676757813 -0.148696899414062 -0.0778961181640625
0.0487213134765625 0.0271644592285156 -0.435394287109375 0.0546874999999999
0.0488624572753906 0.0187339782714844 -0.491790771484375 0.349639892578125
0.0511550903320313 -0.00664901733398438 -0.39971923828125 0.49407958984375
0.0649757385253906 -0.0128593444824219 -0.339813232421875 0.527099609375
0.0459480285644531 -0.00212860107421875 -0.348907470703125 0.42974853515625
0.0281581878662109 0.0201473236083984 -0.256744384765625 0.313018798828125
0.00575828552246094 0.0239448547363281 -0.156494140625 0.192840576171875
-0.00309944152832031 -0.00612306594848633 -0.05816650390625 0.158157348632813
0.0326366424560547 -0.00202751159667969 0.1605224609375 0.328704833984375
0.0258369445800781 0.0529518127441406 0.10089111328125 0.6263427734375
-0.0958404541015625 -0.245834350585938 0.334625244140625 0.50250244140625
-0.08306884765625 -0.195709228515625 0.099609375 0.494873046875
-0.104278564453125 -0.172592163085938 0.10675048828125 0.3214111328125
-0.15277099609375 -0.12176513671875 0.0656967163085938 0.110221862792969
-0.165969848632813 -0.0582733154296875 -0.123794555664063 -0.0750961303710937
-0.191375732421875 0.0375518798828125 -0.424285888671875 0.048828125
-0.17315673828125 0.130096435546875 -0.48382568359375 0.328125
-0.155227661132812 0.124435424804688 -0.376129150390625 0.4739990234375
-0.14654541015625 0.135971069335937 -0.309600830078125 0.513458251953125
-0.181671142578125 0.107131958007812 -0.313568115234375 0.438232421875
-0.19598388671875 0.039398193359375 -0.2147216796875 0.31890869140625
-0.204696655273438 -0.013397216796875 -0.130706787109375 0.210174560546875
-0.162078857421875 -0.125900268554688 -0.0244293212890625 0.168533325195313
-0.126953125 -0.182601928710938 0.150390625 0.322235107421875
-0.1396484375 -0.168380737304688 0.087158203125 0.59649658203125
-0.23101806640625 -0.487396240234375 0.273590087890625 0.40350341796875
-0.229034423828125 -0.393707275390625 0.0601806640624999 0.4371337890625
-0.218170166015625 -0.32586669921875 0.120635986328125 0.326507568359375
-0.291412353515625 -0.25128173828125 0.0934219360351563 0.111587524414063
-0.33465576171875 -0.1422119140625 -0.0670394897460938 -0.0680160522460938
-0.411376953125 0.04400634765625 -0.3465576171875 0.0333862304687499
-0.371002197265625 0.223388671875 -0.398345947265625 0.2579345703125
-0.33740234375 0.238494873046875 -0.302764892578125 0.379974365234375
-0.334075927734375 0.26898193359375 -0.24273681640625 0.426025390625
-0.381500244140625 0.2080078125 -0.243316650390625 0.388397216796875
-0.394317626953125 0.0670166015625001 -0.16375732421875 0.29510498046875
-0.394134521484375 -0.03228759765625 -0.114120483398438 0.210800170898438
-0.3106689453125 -0.21844482421875 -0.025115966796875 0.156219482421875
-0.2791748046875 -0.327423095703125 0.08807373046875 0.266738891601563
-0.292999267578125 -0.360992431640625 0.024383544921875 0.490509033203125
-0.33819580078125 -0.6456298828125 0.19329833984375 0.235702514648437
-0.35308837890625 -0.526947021484375 0.0340576171875 0.328033447265625
-0.32391357421875 -0.424835205078125 0.159881591796875 0.287445068359375
-0.413055419921875 -0.334442138671875 0.1444091796875 0.0859222412109375
-0.470428466796875 -0.18853759765625 0.019439697265625 -0.070159912109375
-0.5753173828125 0.06158447265625 -0.210586547851563 4.57763671875383E-05
-0.510345458984375 0.28875732421875 -0.254608154296875 0.14178466796875
-0.46917724609375 0.312652587890625 -0.183059692382813 0.230545043945312
-0.475311279296875 0.35614013671875 -0.14569091796875 0.27783203125
-0.52984619140625 0.27001953125 -0.15106201171875 0.287261962890625
-0.53790283203125 0.0724792480468751 -0.106842041015625 0.236785888671875
-0.525482177734375 -0.0525817871093749 -0.109481811523438 0.191970825195313
-0.415252685546875 -0.281280517578125 -0.0641098022460938 0.116004943847656
-0.389434814453125 -0.428436279296875 -0.0180816650390625 0.16485595703125
-0.402313232421875 -0.50067138671875 -0.070281982421875 0.321380615234375
-0.402587890625 -0.68975830078125 0.0985183715820312 0.0260391235351562
-0.430877685546875 -0.55377197265625 0.00491333007812499 0.176727294921875
-0.385284423828125 -0.444549560546875 0.185104370117187 0.20404052734375
-0.48388671875 -0.345428466796875 0.197921752929687 0.0291900634765625
-0.5438232421875 -0.1793212890625 0.119834899902344 -0.0939102172851563
-0.65020751953125 0.0953369140625 -0.0440177917480469 -0.06646728515625
-0.56396484375 0.32366943359375 -0.07794189453125 -0.00780487060546873
-0.5244140625 0.33770751953125 -0.0369415283203125 0.0497665405273438
-0.551025390625 0.377197265625 -0.0219345092773438 0.102394104003906
-0.60662841796875 0.26275634765625 -0.035186767578125 0.15899658203125
-0.6002197265625 0.0344848632812501 -0.0444183349609375 0.164306640625
-0.56951904296875 -0.0925903320312501 -0.11505126953125 0.149749755859375
-0.441253662109375 -0.32305908203125 -0.122177124023438 0.041839599609375
-0.43096923828125 -0.482666015625 -0.138313293457031 0.0250244140625
-0.44647216796875 -0.5772705078125 -0.175552368164063 0.111801147460937
-0.40374755859375 -0.61614990234375 0.000122070312499987 -0.187042236328125
-0.428131103515625 -0.480621337890625 -0.0390281677246094 0.00683212280273435
-0.37493896484375 -0.3802490234375 0.17095947265625 0.09552001953125
-0.4652099609375 -0.293731689453125 0.227523803710937 -0.040740966796875
-0.52313232421875 -0.137237548828125 0.212554931640625 -0.139175415039062
-0.62017822265625 0.12811279296875 0.122161865234375 -0.160858154296875
-0.530792236328125 0.31292724609375 0.09649658203125 -0.176712036132812
-0.503936767578125 0.313873291015625 0.113357543945312 -0.135391235351562
-0.551971435546875 0.331878662109375 0.117851257324219 -0.0654373168945312
-0.59478759765625 0.19342041015625 0.0944442749023437 0.0410537719726563
-0.560211181640625 -0.039276123046875 0.0199737548828125 0.0946807861328125
-0.512603759765625 -0.14166259765625 -0.11798095703125 0.0867462158203125
-0.382537841796875 -0.3277587890625 -0.167205810546875 -0.068695068359375
-0.3907470703125 -0.47479248046875 -0.226898193359375 -0.144744873046875
-0.42144775390625 -0.57427978515625 -0.26422119140625 -0.113571166992188
-0.34674072265625 -0.44610595703125 -0.09222412109375 -0.366241455078125
-0.350189208984375 -0.333038330078125 -0.09100341796875 -0.144561767578125
-0.29132080078125 -0.259307861328125 0.122947692871094 -0.00439453125000001
-0.361419677734375 -0.20220947265625 0.229904174804687 -0.104629516601563
-0.41107177734375 -0.0788269042968749 0.273834228515625 -0.192352294921875
-0.49151611328125 0.132080078125 0.25323486328125 -0.274673461914063
-0.421142578125 0.256072998046875 0.237823486328125 -0.343414306640625
-0.406707763671875 0.248138427734375 0.24676513671875 -0.30096435546875
-0.46807861328125 0.239166259765625 0.25799560546875 -0.197769165039062
-0.485992431640625 0.095184326171875 0.225540161132812 -0.0377655029296875
-0.42645263671875 -0.10296630859375 0.0806732177734375 0.0506820678710937
-0.3648681640625 -0.162841796875 -0.109275817871094 0.01580810546875
-0.262451171875 -0.279220581054688 -0.17108154296875 -0.191925048828125
-0.2987060546875 -0.39532470703125 -0.25311279296875 -0.312744140625
-0.343505859375 -0.484954833984375 -0.318572998046875 -0.32672119140625
-0.228134155273438 -0.220291137695312 -0.15728759765625 -0.482513427734375
-0.206527709960938 -0.154251098632813 -0.132919311523438 -0.24652099609375
-0.154815673828125 -0.11761474609375 0.0643386840820312 -0.0723114013671875
-0.191024780273438 -0.100433349609375 0.214691162109375 -0.150421142578125
-0.22906494140625 -0.03375244140625 0.29595947265625 -0.239532470703125
-0.291259765625 0.091339111328125 0.331512451171875 -0.37506103515625
-0.251266479492188 0.147445678710937 0.3277587890625 -0.47869873046875
-0.249969482421875 0.1424560546875 0.341583251953125 -0.41973876953125
-0.305084228515625 0.121795654296875 0.36932373046875 -0.27740478515625
-0.300811767578125 0.011474609375 0.330657958984375 -0.0711669921875
-0.23248291015625 -0.116653442382813 0.120834350585937 0.0340042114257812
-0.181777954101562 -0.12890625 -0.0857086181640625 -0.04937744140625
-0.130386352539063 -0.169525146484375 -0.12896728515625 -0.299591064453125
-0.180908203125 -0.249420166015625 -0.216766357421875 -0.445892333984375
-0.225341796875 -0.31658935546875 -0.3353271484375 -0.49713134765625
0.0529556274414063 0.0210685729980469 0.417083740234375 0.49749755859375
0.070587158203125 0.0112762451171875 0.201934814453125 0.49591064453125
0.0108156204223633 -0.0115118026733398 0.156005859375 0.278182983398437
-0.00625991821289062 0.0198478698730469 0.077392578125 0.08123779296875
0.0158882141113281 0.0326976776123047 -0.158477783203125 -0.0679168701171875
0.0504035949707031 0.0251502990722656 -0.4405517578125 0.0952453613281249
0.0514144897460938 0.0149307250976563 -0.474517822265625 0.394256591796875
0.0494194030761719 -0.0110855102539063 -0.36468505859375 0.534271240234375
0.0668220520019531 -0.0191497802734375 -0.30548095703125 0.5625
0.0481643676757813 -0.00505828857421875 -0.322113037109375 0.46429443359375
0.0281867980957031 0.0187931060791016 -0.234893798828125 0.3404541015625
0.00833511352539063 0.0242156982421875 -0.1424560546875 0.211395263671875
-0.00397348403930664 -0.0059351921081543 -0.0479583740234375 0.170333862304687
0.0291404724121094 -0.0071563720703125 0.189239501953125 0.3212890625
0.0313262939453125 0.0523452758789063 0.15484619140625 0.62841796875
-0.115447998046875 -0.244659423828125 0.3787841796875 0.487640380859375
-0.1026611328125 -0.19390869140625 0.138153076171875 0.494384765625
-0.119674682617187 -0.170578002929688 0.13482666015625 0.317901611328125
-0.168380737304688 -0.1126708984375 0.0770187377929688 0.106857299804688
-0.174789428710938 -0.046661376953125 -0.13092041015625 -0.06793212890625
-0.1927490234375 0.0547943115234375 -0.431915283203125 0.0843505859374999
-0.167251586914062 0.14630126953125 -0.46734619140625 0.374267578125
-0.148406982421875 0.140335083007813 -0.347076416015625 0.510101318359375
-0.1370849609375 0.150375366210938 -0.277435302734375 0.54736328125
-0.178375244140625 0.124801635742187 -0.28643798828125 0.469085693359375
-0.196807861328125 0.05841064453125 -0.19342041015625 0.34295654296875
-0.212448120117187 0.00140380859375005 -0.116287231445312 0.224212646484375
-0.177352905273438 -0.119461059570313 -0.0131072998046875 0.1756591796875
-0.144638061523438 -0.179397583007812 0.179656982421875 0.318023681640625
-0.155120849609375 -0.163284301757812 0.13775634765625 0.60205078125
-0.275482177734375 -0.480194091796875 0.310943603515625 0.392791748046875
-0.26788330078125 -0.38494873046875 0.092681884765625 0.441131591796875
-0.249481201171875 -0.319915771484375 0.147552490234375 0.3218994140625
-0.3184814453125 -0.233917236328125 0.105690002441406 0.107894897460937
-0.35577392578125 -0.119598388671875 -0.071868896484375 -0.065032958984375
-0.41888427734375 0.07666015625 -0.35076904296875 0.064910888671875
-0.36151123046875 0.254302978515625 -0.384063720703125 0.293853759765625
-0.32696533203125 0.2706298828125 -0.277740478515625 0.410797119140625
-0.317657470703125 0.3028564453125 -0.21490478515625 0.453826904296875
-0.372406005859375 0.24822998046875 -0.219390869140625 0.413665771484375
-0.4007568359375 0.101043701171875 -0.142303466796875 0.3138427734375
-0.4051513671875 0.000427246093749976 -0.0963134765625001 0.224319458007813
-0.3377685546875 -0.20166015625 -0.01580810546875 0.159347534179688
-0.31396484375 -0.315643310546875 0.113449096679687 0.263565063476563
-0.329437255859375 -0.34454345703125 0.0627441406249999 0.498779296875
-0.39727783203125 -0.6339111328125 0.213516235351563 0.2283935546875
-0.402069091796875 -0.505340576171875 0.057464599609375 0.335662841796875
-0.36334228515625 -0.41766357421875 0.184982299804687 0.27996826171875
-0.45172119140625 -0.310760498046875 0.1544189453125 0.076873779296875
-0.500946044921875 -0.1561279296875 0.0145416259765625 -0.075347900390625
-0.5845947265625 0.10833740234375 -0.21441650390625 0.0165252685546875
-0.499786376953125 0.335845947265625 -0.24554443359375 0.166061401367188
-0.450714111328125 0.356536865234375 -0.16851806640625 0.245635986328125
-0.455413818359375 0.403594970703125 -0.128387451171875 0.2935791015625
-0.517730712890625 0.319183349609375 -0.1298828125 0.30242919921875
-0.54571533203125 0.11590576171875 -0.0844879150390625 0.2510986328125
-0.54248046875 -0.0103149414062499 -0.0931396484375 0.206405639648437
-0.44525146484375 -0.260711669921875 -0.0583419799804688 0.120582580566406
-0.433685302734375 -0.41265869140625 -0.00488281250000001 0.168594360351562
-0.449981689453125 -0.479949951171875 -0.048248291015625 0.33575439453125
-0.46002197265625 -0.67486572265625 0.104179382324219 0.0213088989257812
-0.484100341796875 -0.530364990234375 0.0176239013671875 0.18072509765625
-0.42852783203125 -0.430572509765625 0.207366943359375 0.191513061523437
-0.523712158203125 -0.31646728515625 0.201797485351563 0.0167083740234375
-0.5726318359375 -0.1424560546875 0.116981506347656 -0.106979370117188
-0.660888671875 0.14691162109375 -0.0449333190917969 -0.0610733032226562
-0.5516357421875 0.373046875 -0.078094482421875 -0.00186157226562496
-0.5068359375 0.385833740234375 -0.03662109375 0.0526962280273438
-0.53216552734375 0.430023193359375 -0.0164337158203125 0.107711791992188
-0.60040283203125 0.316162109375 -0.0214691162109375 0.160385131835938
-0.61138916015625 0.0820922851562499 -0.0279388427734375 0.171890258789063
-0.59130859375 -0.04827880859375 -0.10211181640625 0.161209106445313
-0.476806640625 -0.299652099609375 -0.125442504882813 0.0500869750976562
-0.480499267578125 -0.459808349609375 -0.137481689453125 0.0357437133789062
-0.4990234375 -0.552581787109375 -0.1717529296875 0.131332397460937
-0.45928955078125 -0.59942626953125 -0.0124969482421875 -0.19036865234375
-0.480010986328125 -0.45550537109375 -0.0412101745605469 0.0130538940429687
-0.41351318359375 -0.36627197265625 0.182205200195312 0.0858306884765625
-0.501373291015625 -0.2666015625 0.22479248046875 -0.056488037109375
-0.549774169921875 -0.10113525390625 0.205596923828125 -0.156570434570313
-0.6263427734375 0.1778564453125 0.112579345703125 -0.174362182617188
-0.52056884765625 0.363555908203125 0.084014892578125 -0.183929443359375
-0.488922119140625 0.360198974609375 0.103500366210937 -0.147491455078125
-0.538055419921875 0.383636474609375 0.115127563476562 -0.0745697021484375
-0.5921630859375 0.2393798828125 0.100204467773437 0.0324859619140625
-0.5787353515625 0.0021362304687501 0.0291976928710937 0.095458984375
-0.531982421875 -0.1063232421875 -0.11090087890625 0.0976943969726563
-0.413848876953125 -0.30853271484375 -0.17791748046875 -0.061859130859375
-0.437896728515625 -0.45306396484375 -0.240997314453125 -0.12841796875
-0.475616455078125 -0.553619384765625 -0.279296875 -0.0937042236328125
-0.386199951171875 -0.427825927734375 -0.12030029296875 -0.36468505859375
-0.3857421875 -0.311492919921875 -0.106216430664063 -0.140365600585938
-0.317962646484375 -0.24884033203125 0.126907348632812 -0.0144729614257813
-0.387237548828125 -0.18243408203125 0.222610473632812 -0.122283935546875
-0.42950439453125 -0.0491943359375 0.262344360351563 -0.217361450195313
-0.493682861328125 0.17431640625 0.23687744140625 -0.29864501953125
-0.412384033203125 0.295989990234375 0.2135009765625 -0.367950439453125
-0.3973388671875 0.285736083984375 0.22821044921875 -0.325286865234375
-0.4583740234375 0.283050537109375 0.247833251953125 -0.22088623046875
-0.488311767578125 0.13751220703125 0.229598999023437 -0.0599517822265625
-0.446563720703125 -0.073638916015625 0.0876388549804687 0.04443359375
-0.38531494140625 -0.13671875 -0.106819152832031 0.023406982421875
-0.28704833984375 -0.2659912109375 -0.192108154296875 -0.186325073242188
-0.337371826171875 -0.380096435546875 -0.281097412109375 -0.298431396484375
-0.38800048828125 -0.467529296875 -0.35174560546875 -0.304840087890625
-0.2457275390625 -0.204208374023438 -0.196136474609375 -0.476531982421875
-0.222640991210937 -0.139938354492188 -0.156036376953125 -0.244049072265625
-0.168365478515625 -0.113525390625 0.0605926513671875 -0.080078125
-0.204452514648437 -0.08935546875 0.203475952148438 -0.169784545898438
-0.237823486328125 -0.0184173583984375 0.282012939453125 -0.269927978515625
-0.292694091796875 0.1181640625 0.3076171875 -0.412841796875
-0.24542236328125 0.1685791015625 0.29754638671875 -0.51165771484375
-0.24359130859375 0.165939331054687 0.3172607421875 -0.45416259765625
-0.3021240234375 0.150390625 0.357086181640625 -0.311126708984375
-0.30694580078125 0.035491943359375 0.33502197265625 -0.098968505859375
-0.245193481445313 -0.102890014648437 0.1285400390625 0.0248260498046875
-0.193649291992188 -0.1185302734375 -0.0896530151367188 -0.0424957275390625
-0.1448974609375 -0.164749145507813 -0.155670166015625 -0.297637939453125
-0.204498291015625 -0.240798950195312 -0.2564697265625 -0.434967041015625
-0.254638671875 -0.306640625 -0.383270263671875 -0.4757080078125
0.055999755859375 0.0169792175292969 0.450042724609375 0.459075927734375
0.0692329406738281 0.00405120849609375 0.233245849609375 0.474517822265625
0.00707435607910156 -0.0112152099609375 0.173721313476562 0.266525268554688
-0.00617027282714844 0.0198535919189453 0.0846099853515625 0.075592041015625
0.0186271667480469 0.0301170349121094 -0.160598754882812 -0.0558624267578125
0.0511741638183594 0.0223388671875 -0.431976318359375 0.1290283203125
0.0530548095703125 0.00782394409179688 -0.4400634765625 0.428466796875
0.051239013671875 -0.0162506103515625 -0.322296142578125 0.5548095703125
0.0669441223144531 -0.0252456665039063 -0.2630615234375 0.57928466796875
0.04730224609375 -0.0071563720703125 -0.284759521484375 0.4849853515625
0.0320777893066406 0.0185317993164063 -0.206512451171875 0.354766845703125
0.00995254516601563 0.0231590270996094 -0.124221801757812 0.21978759765625
-0.00845813751220703 -0.00600576400756836 -0.03375244140625 0.173492431640625
0.0290184020996094 -0.0110378265380859 0.216064453125 0.305145263671875
0.0361137390136719 0.0495567321777344 0.199462890625 0.608154296875
-0.134307861328125 -0.235015869140625 0.41351318359375 0.454864501953125
-0.115234375 -0.185348510742188 0.1702880859375 0.47735595703125
-0.134323120117187 -0.1605224609375 0.1536865234375 0.30499267578125
-0.174636840820313 -0.09857177734375 0.0873336791992188 0.104141235351563
-0.17987060546875 -0.033843994140625 -0.133232116699219 -0.0573348999023438
-0.19073486328125 0.0707244873046875 -0.4189453125 0.119384765625
-0.154052734375 0.15625 -0.433380126953125 0.405853271484375
-0.135711669921875 0.149383544921875 -0.306427001953125 0.53033447265625
-0.122894287109375 0.158432006835938 -0.23583984375 0.562744140625
-0.165878295898437 0.138809204101563 -0.246917724609375 0.484832763671875
-0.1944580078125 0.0736083984375 -0.162994384765625 0.354461669921875
-0.21063232421875 0.0186614990234375 -0.09466552734375 0.232467651367187
-0.18621826171875 -0.107757568359375 0.000320434570312504 0.173995971679688
-0.1605224609375 -0.16888427734375 0.20587158203125 0.299957275390625
-0.165267944335938 -0.1500244140625 0.18048095703125 0.58306884765625
-0.308013916015625 -0.45745849609375 0.337005615234375 0.36737060546875
-0.294097900390625 -0.36114501953125 0.12127685546875 0.430938720703125
-0.272491455078125 -0.303985595703125 0.170013427734375 0.307373046875
-0.3363037109375 -0.208404541015625 0.113327026367187 0.102691650390625
-0.363983154296875 -0.0931091308593751 -0.0752639770507813 -0.0596771240234375
-0.412994384765625 0.107696533203125 -0.34002685546875 0.0900878906250001
-0.3424072265625 0.280609130859375 -0.35833740234375 0.3221435546875
-0.3016357421875 0.293060302734375 -0.245208740234375 0.42608642578125
-0.295196533203125 0.325958251953125 -0.1820068359375 0.465484619140625
-0.351470947265625 0.2757568359375 -0.185089111328125 0.42449951171875
-0.39361572265625 0.132781982421875 -0.112396240234375 0.320556640625
-0.4044189453125 0.0304260253906251 -0.07574462890625 0.230194091796875
-0.350860595703125 -0.179473876953125 -0.00637817382812504 0.157150268554688
-0.33880615234375 -0.292938232421875 0.132034301757812 0.251373291015625
-0.349273681640625 -0.316131591796875 0.100616455078125 0.489593505859375
-0.43988037109375 -0.6007080078125 0.231796264648437 0.213668823242187
-0.441619873046875 -0.47271728515625 0.0768127441406249 0.329010009765625
-0.393524169921875 -0.390594482421875 0.2049560546875 0.262786865234375
-0.471649169921875 -0.27484130859375 0.158798217773437 0.0677337646484375
-0.509429931640625 -0.1177978515625 0.0109024047851562 -0.0763320922851563
-0.57330322265625 0.1514892578125 -0.20819091796875 0.03271484375
-0.4730224609375 0.368377685546875 -0.231277465820313 0.183914184570313
-0.420745849609375 0.386871337890625 -0.149444580078125 0.257125854492188
-0.4215087890625 0.43438720703125 -0.106292724609375 0.302764892578125
-0.49151611328125 0.359588623046875 -0.107025146484375 0.30584716796875
-0.538482666015625 0.160430908203125 -0.0620269775390625 0.253265380859375
-0.54046630859375 0.028839111328125 -0.073150634765625 0.21051025390625
-0.46673583984375 -0.230072021484375 -0.0528030395507813 0.119834899902344
-0.4649658203125 -0.377227783203125 0.00778198242187497 0.166290283203125
-0.48211669921875 -0.43927001953125 -0.02325439453125 0.337799072265625
-0.5087890625 -0.6383056640625 0.105392456054687 0.0174560546875
-0.522735595703125 -0.487152099609375 0.0264129638671875 0.181411743164062
-0.4573974609375 -0.40167236328125 0.218795776367187 0.1728515625
-0.544464111328125 -0.278533935546875 0.199722290039062 0.00332641601562498
-0.58294677734375 -0.10113525390625 0.107101440429687 -0.115097045898438
-0.64678955078125 0.1981201171875 -0.0485458374023438 -0.0587692260742187
-0.524810791015625 0.411895751953125 -0.07867431640625 0.00603485107421878
-0.47467041015625 0.42083740234375 -0.0328636169433594 0.0542335510253906
-0.4969482421875 0.46435546875 -0.00727844238281252 0.106834411621094
-0.57098388671875 0.36181640625 -0.00947570800781253 0.1590576171875
-0.606201171875 0.12835693359375 -0.011444091796875 0.169784545898438
-0.590576171875 -0.00451660156250001 -0.0841217041015626 0.168014526367187
-0.495758056640625 -0.26776123046875 -0.123237609863281 0.050506591796875
-0.513519287109375 -0.422821044921875 -0.134147644042969 0.0437164306640625
-0.539825439453125 -0.50732421875 -0.161117553710938 0.14453125
-0.501800537109375 -0.559417724609375 -0.025787353515625 -0.181915283203125
-0.507904052734375 -0.41436767578125 -0.0430488586425782 0.0155029296875
-0.43988037109375 -0.337371826171875 0.189422607421875 0.064788818359375
-0.51995849609375 -0.229736328125 0.217498779296875 -0.0699615478515625
-0.5587158203125 -0.058319091796875 0.191497802734375 -0.172012329101563
-0.61181640625 0.22491455078125 0.102142333984375 -0.180023193359375
-0.493988037109375 0.3974609375 0.0713348388671874 -0.189712524414062
-0.459442138671875 0.3941650390625 0.092681884765625 -0.1531982421875
-0.50433349609375 0.41900634765625 0.108551025390625 -0.0817031860351562
-0.5694580078125 0.2869873046875 0.104202270507812 0.02142333984375
-0.578857421875 0.0468749999999999 0.0426788330078125 0.0898284912109375
-0.536407470703125 -0.0632629394531249 -0.0991897583007813 0.104354858398438
-0.43463134765625 -0.280303955078125 -0.185531616210938 -0.051055908203125
-0.47271728515625 -0.419219970703125 -0.247772216796875 -0.111480712890625
-0.51202392578125 -0.51025390625 -0.284454345703125 -0.06732177734375
-0.415313720703125 -0.396209716796875 -0.143951416015625 -0.35040283203125
-0.40679931640625 -0.278350830078125 -0.117111206054688 -0.129539489746094
-0.335601806640625 -0.22723388671875 0.124748229980469 -0.0267257690429688
-0.40118408203125 -0.1524658203125 0.208297729492187 -0.134567260742188
-0.4344482421875 -0.0174255371093751 0.244232177734375 -0.235626220703125
-0.479736328125 0.212921142578125 0.214691162109375 -0.3153076171875
-0.388580322265625 0.32373046875 0.186676025390625 -0.3802490234375
-0.372802734375 0.31109619140625 0.20208740234375 -0.33770751953125
-0.4356689453125 0.31475830078125 0.2318115234375 -0.236923217773437
-0.47515869140625 0.17138671875 0.222518920898437 -0.077606201171875
-0.45037841796875 -0.0393676757812499 0.0938262939453125 0.036590576171875
-0.39202880859375 -0.1075439453125 -0.101760864257813 0.0308380126953125
-0.30670166015625 -0.2447509765625 -0.20648193359375 -0.174392700195313
-0.36590576171875 -0.35394287109375 -0.30120849609375 -0.2752685546875
-0.41912841796875 -0.43310546875 -0.37078857421875 -0.2728271484375
-0.2601318359375 -0.1854248046875 -0.22869873046875 -0.457763671875
-0.2314453125 -0.120956420898438 -0.174331665039063 -0.2286376953125
-0.176361083984375 -0.100753784179688 0.05291748046875 -0.0861892700195313
-0.213134765625 -0.0750885009765625 0.185577392578125 -0.1806640625
-0.243194580078125 0.000732421875000006 0.25885009765625 -0.285888671875
-0.279891967773438 0.141754150390625 0.27301025390625 -0.430389404296875
-0.235214233398438 0.18841552734375 0.253570556640625 -0.53155517578125
-0.230026245117188 0.180267333984375 0.279754638671875 -0.471099853515625
-0.288330078125 0.17059326171875 0.335418701171875 -0.3341064453125
-0.300262451171875 0.058197021484375 0.32403564453125 -0.12451171875
-0.254043579101563 -0.084716796875 0.131797790527344 0.01416015625
-0.200698852539063 -0.1031494140625 -0.091766357421875 -0.0379562377929688
-0.156341552734375 -0.1536865234375 -0.17950439453125 -0.285736083984375
-0.222808837890625 -0.223251342773438 -0.285125732421875 -0.41162109375
-0.27410888671875 -0.28314208984375 -0.414642333984375 -0.441253662109375
0.0559883117675781 0.0137405395507813 0.46185302734375 0.425262451171875
0.0676155090332031 -0.000942230224609375 0.249847412109375 0.450531005859375
0.00551700592041016 -0.0114660263061523 0.181732177734375 0.251922607421875
-0.00470161437988281 0.0205478668212891 0.0912704467773438 0.0703659057617188
0.0192241668701172 0.0278396606445313 -0.159683227539063 -0.048248291015625
0.050750732421875 0.0205230712890625 -0.4156494140625 0.15045166015625
0.0514106750488281 0.00570297241210938 -0.407867431640625 0.440338134765625
0.0488357543945313 -0.0203361511230469 -0.287628173828125 0.557159423828125
0.0638656616210938 -0.0297164916992188 -0.231201171875 0.58001708984375
0.0472297668457031 -0.0100479125976563 -0.2568359375 0.48736572265625
0.0322437286376953 0.0180034637451172 -0.183624267578125 0.354461669921875
0.0112266540527344 0.0208110809326172 -0.1080322265625 0.220413208007813
-0.00937557220458984 -0.0056610107421875 -0.023651123046875 0.174957275390625
0.0255680084228516 -0.0117053985595703 0.227874755859375 0.286346435546875
0.0386161804199219 0.0458602905273438 0.22705078125 0.58197021484375
-0.143585205078125 -0.225006103515625 0.42669677734375 0.421173095703125
-0.12445068359375 -0.175140380859375 0.1878662109375 0.45928955078125
-0.141433715820313 -0.153884887695312 0.16400146484375 0.291290283203125
-0.1767578125 -0.087066650390625 0.0950393676757813 0.098663330078125
-0.1790771484375 -0.0247802734375 -0.131759643554688 -0.05078125
-0.18426513671875 0.080047607421875 -0.40106201171875 0.139434814453125
-0.1458740234375 0.16168212890625 -0.401458740234375 0.416839599609375
-0.125930786132812 0.15228271484375 -0.2740478515625 0.53314208984375
-0.114028930664063 0.16156005859375 -0.204345703125 0.56353759765625
-0.155410766601562 0.144699096679688 -0.22039794921875 0.48724365234375
-0.188140869140625 0.0837860107421875 -0.139984130859375 0.3525390625
-0.205841064453125 0.02850341796875 -0.07757568359375 0.230010986328125
-0.191268920898437 -0.098541259765625 0.00862121582031247 0.172103881835938
-0.169281005859375 -0.16015625 0.21771240234375 0.28179931640625
-0.167831420898438 -0.137481689453125 0.205810546875 0.561614990234375
-0.32611083984375 -0.43499755859375 0.348541259765625 0.343505859375
-0.3079833984375 -0.338287353515625 0.136474609375 0.41595458984375
-0.284576416015625 -0.287322998046875 0.179290771484375 0.291107177734375
-0.341705322265625 -0.187164306640625 0.119163513183594 0.0967788696289062
-0.361846923828125 -0.0723876953125001 -0.07415771484375 -0.056427001953125
-0.39984130859375 0.1287841796875 -0.32489013671875 0.105255126953125
-0.322784423828125 0.291839599609375 -0.332122802734375 0.331329345703125
-0.2816162109375 0.30047607421875 -0.219757080078125 0.427703857421875
-0.269805908203125 0.3323974609375 -0.155242919921875 0.465728759765625
-0.330291748046875 0.28924560546875 -0.16265869140625 0.42327880859375
-0.3800048828125 0.15252685546875 -0.091583251953125 0.317291259765625
-0.396636962890625 0.0505981445312501 -0.0588226318359375 0.228042602539062
-0.357025146484375 -0.163330078125 0.000885009765624983 0.153549194335937
-0.349700927734375 -0.2730712890625 0.143478393554687 0.238006591796875
-0.3558349609375 -0.29290771484375 0.123260498046875 0.47406005859375
-0.46343994140625 -0.56964111328125 0.238204956054687 0.198089599609375
-0.45635986328125 -0.439117431640625 0.0889587402343749 0.320068359375
-0.407684326171875 -0.369415283203125 0.21075439453125 0.244354248046875
-0.479217529296875 -0.24664306640625 0.16021728515625 0.0610504150390625
-0.508209228515625 -0.0896911621093751 0.00826263427734372 -0.0766677856445313
-0.55828857421875 0.177642822265625 -0.19891357421875 0.04248046875
-0.44793701171875 0.385406494140625 -0.215728759765625 0.189605712890625
-0.3931884765625 0.3988037109375 -0.136199951171875 0.25921630859375
-0.392578125 0.446563720703125 -0.089080810546875 0.3021240234375
-0.464111328125 0.378326416015625 -0.09100341796875 0.302581787109375
-0.522613525390625 0.1846923828125 -0.0454559326171875 0.249649047851562
-0.530792236328125 0.0570983886718749 -0.057037353515625 0.207534790039063
-0.470672607421875 -0.208709716796875 -0.048095703125 0.116935729980469
-0.47857666015625 -0.3494873046875 0.017578125 0.160842895507812
-0.49151611328125 -0.405548095703125 -0.00469970703125006 0.33367919921875
-0.5323486328125 -0.60162353515625 0.106857299804687 0.0118942260742187
-0.5361328125 -0.448394775390625 0.03216552734375 0.178375244140625
-0.471923828125 -0.377777099609375 0.221527099609375 0.154830932617188
-0.55206298828125 -0.24737548828125 0.197052001953125 -0.00292968750000002
-0.580322265625 -0.0700683593750001 0.0999526977539062 -0.118705749511719
-0.625732421875 0.227294921875 -0.0488090515136719 -0.0554618835449219
-0.497100830078125 0.430206298828125 -0.0754318237304688 0.00926208496093754
-0.446044921875 0.437744140625 -0.029998779296875 0.0564308166503906
-0.464813232421875 0.48175048828125 -0.00145721435546878 0.106460571289063
-0.542449951171875 0.38641357421875 -0.00302124023437505 0.154190063476563
-0.59161376953125 0.1578369140625 0.00170898437499997 0.164764404296875
-0.5811767578125 0.025390625 -0.0706939697265625 0.166671752929688
-0.502685546875 -0.242279052734375 -0.121253967285156 0.053741455078125
-0.528533935546875 -0.39068603515625 -0.128273010253906 0.0482025146484375
-0.55059814453125 -0.470733642578125 -0.149307250976563 0.152633666992188
-0.51983642578125 -0.52825927734375 -0.030029296875 -0.17718505859375
-0.51824951171875 -0.376678466796875 -0.043060302734375 0.0185928344726562
-0.44989013671875 -0.316802978515625 0.187515258789063 0.0515289306640625
-0.5262451171875 -0.19891357421875 0.208480834960938 -0.0762786865234375
-0.5533447265625 -0.0284423828124999 0.179031372070312 -0.179000854492187
-0.5899658203125 0.2513427734375 0.0926818847656249 -0.183578491210937
-0.4678955078125 0.41619873046875 0.059356689453125 -0.189682006835938
-0.431427001953125 0.40753173828125 0.08258056640625 -0.1531982421875
-0.47320556640625 0.436798095703125 0.105743408203125 -0.0848464965820312
-0.5438232421875 0.311920166015625 0.101898193359375 0.0134429931640625
-0.56707763671875 0.0750732421875001 0.0497894287109375 0.0853500366210938
-0.528961181640625 -0.035888671875 -0.0878067016601563 0.106475830078125
-0.4410400390625 -0.256439208984375 -0.186630249023438 -0.0447845458984375
-0.486419677734375 -0.3895263671875 -0.247299194335938 -0.0983428955078126
-0.526702880859375 -0.472930908203125 -0.2802734375 -0.0493774414062501
-0.42626953125 -0.37115478515625 -0.15386962890625 -0.336212158203125
-0.409637451171875 -0.24920654296875 -0.122817993164062 -0.120864868164063
-0.3416748046875 -0.21173095703125 0.119293212890625 -0.0354690551757813
-0.405914306640625 -0.12921142578125 0.195159912109375 -0.140335083007813
-0.430084228515625 0.00775146484374999 0.225997924804688 -0.242965698242188
-0.460479736328125 0.23272705078125 0.195098876953125 -0.320343017578125
-0.368377685546875 0.340118408203125 0.162109375 -0.38165283203125
-0.3507080078125 0.32391357421875 0.181243896484375 -0.338897705078125
-0.4105224609375 0.32855224609375 0.218368530273437 -0.2423095703125
-0.458038330078125 0.194183349609375 0.215316772460938 -0.0889129638671875
-0.445648193359375 -0.018157958984375 0.0970458984375 0.0312347412109375
-0.388519287109375 -0.086029052734375 -0.0958404541015625 0.0350799560546875
-0.31304931640625 -0.22735595703125 -0.212539672851563 -0.1644287109375
-0.37872314453125 -0.327880859375 -0.307098388671875 -0.255645751953125
-0.432281494140625 -0.403656005859375 -0.375762939453125 -0.245147705078125
-0.262771606445313 -0.1712646484375 -0.241363525390625 -0.43817138671875
-0.232452392578125 -0.104217529296875 -0.184661865234375 -0.215560913085937
-0.177627563476563 -0.0928955078125 0.046722412109375 -0.0897445678710938
-0.217330932617187 -0.063385009765625 0.169723510742188 -0.183151245117188
-0.240753173828125 0.0144500732421875 0.236602783203125 -0.292266845703125
-0.267578125 0.153594970703125 0.245361328125 -0.435699462890625
-0.2220458984375 0.197540283203125 0.219757080078125 -0.5322265625
-0.217376708984375 0.188308715820313 0.253387451171875 -0.473480224609375
-0.273712158203125 0.182525634765625 0.314666748046875 -0.3446044921875
-0.292510986328125 0.0729980468750001 0.311279296875 -0.137481689453125
-0.254104614257812 -0.0713043212890625 0.130912780761719 0.0072021484375
-0.20001220703125 -0.0895538330078125 -0.0897598266601563 -0.034332275390625
-0.161758422851563 -0.143386840820312 -0.190887451171875 -0.274276733398438
-0.231475830078125 -0.207443237304688 -0.297637939453125 -0.388946533203125
-0.281890869140625 -0.264739990234375 -0.426605224609375 -0.409149169921875
0.05645751953125 0.0120849609375 0.465301513671875 0.406036376953125
0.0656700134277344 -0.00349044799804688 0.25628662109375 0.439697265625
0.00405788421630859 -0.0104045867919922 0.18450927734375 0.246414184570313
-0.00358009338378906 0.0197963714599609 0.0963287353515625 0.0674285888671875
0.0195903778076172 0.0258426666259766 -0.157470703125 -0.0449066162109375
0.0517196655273438 0.0212669372558594 -0.4068603515625 0.16033935546875
0.0508079528808594 0.00484848022460938 -0.393280029296875 0.44659423828125
0.04632568359375 -0.02166748046875 -0.271453857421875 0.558563232421875
0.062255859375 -0.0322952270507813 -0.21405029296875 0.58154296875
0.0473060607910156 -0.0115585327148438 -0.242401123046875 0.490447998046875
0.0330410003662109 0.0182418823242188 -0.1712646484375 0.355926513671875
0.0121307373046875 0.0200271606445313 -0.100204467773437 0.2200927734375
-0.0111255645751953 -0.00505828857421875 -0.017578125 0.177841186523438
0.0241050720214844 -0.0125293731689453 0.236434936523437 0.276779174804688
0.0417442321777344 0.0440902709960937 0.23944091796875 0.56884765625
-0.149826049804687 -0.220428466796875 0.43048095703125 0.40631103515625
-0.12823486328125 -0.171539306640625 0.1954345703125 0.45062255859375
-0.146453857421875 -0.150070190429688 0.167572021484375 0.28515625
-0.178451538085938 -0.08197021484375 0.100250244140625 0.09552001953125
-0.17840576171875 -0.0202484130859375 -0.128448486328125 -0.0500106811523437
-0.180801391601562 0.0866241455078125 -0.391571044921875 0.147613525390625
-0.141571044921875 0.165145874023438 -0.38671875 0.422943115234375
-0.122055053710938 0.154708862304688 -0.259307861328125 0.533905029296875
-0.108612060546875 0.163665771484375 -0.1876220703125 0.56427001953125
-0.149734497070313 0.149017333984375 -0.20733642578125 0.48944091796875
-0.1846923828125 0.0899810791015625 -0.126983642578125 0.350860595703125
-0.2052001953125 0.0336456298828125 -0.0677490234375 0.228271484375
-0.196044921875 -0.0948333740234375 0.012603759765625 0.172515869140625
-0.174697875976562 -0.155242919921875 0.22442626953125 0.27105712890625
-0.167709350585937 -0.133010864257813 0.218505859375 0.549713134765625
-0.336029052734375 -0.425689697265625 0.35333251953125 0.33056640625
-0.3155517578125 -0.325408935546875 0.143310546875 0.4095458984375
-0.29461669921875 -0.28094482421875 0.182586669921875 0.283172607421875
-0.34521484375 -0.177032470703125 0.122978210449219 0.093353271484375
-0.362548828125 -0.062774658203125 -0.072662353515625 -0.05712890625
-0.393890380859375 0.1397705078125 -0.316162109375 0.110992431640625
-0.315887451171875 0.300506591796875 -0.3201904296875 0.334625244140625
-0.27142333984375 0.306396484375 -0.20849609375 0.429473876953125
-0.26141357421875 0.337738037109375 -0.14239501953125 0.465301513671875
-0.318939208984375 0.297149658203125 -0.150665283203125 0.423431396484375
-0.3758544921875 0.1641845703125 -0.079864501953125 0.3135986328125
-0.3941650390625 0.061737060546875 -0.04888916015625 0.2252197265625
-0.36322021484375 -0.1556396484375 0.00204467773437497 0.15277099609375
-0.35693359375 -0.26434326171875 0.14923095703125 0.229949951171875
-0.357330322265625 -0.280487060546875 0.13525390625 0.466583251953125
-0.47686767578125 -0.55596923828125 0.242080688476562 0.190505981445312
-0.46368408203125 -0.42205810546875 0.09381103515625 0.31640625
-0.418060302734375 -0.361236572265625 0.212432861328125 0.234939575195312
-0.483673095703125 -0.23223876953125 0.162445068359375 0.058197021484375
-0.508148193359375 -0.0757141113281251 0.00826263427734372 -0.0784759521484375
-0.550384521484375 0.193084716796875 -0.192703247070313 0.0452728271484375
-0.437957763671875 0.39532470703125 -0.209182739257813 0.19140625
-0.379730224609375 0.407745361328125 -0.129150390625 0.260528564453125
-0.37799072265625 0.454254150390625 -0.0803833007812501 0.30145263671875
-0.450408935546875 0.389801025390625 -0.083770751953125 0.301483154296875
-0.5164794921875 0.2003173828125 -0.035064697265625 0.245437622070312
-0.5279541015625 0.07135009765625 -0.0478057861328126 0.205398559570313
-0.477386474609375 -0.199127197265625 -0.0482635498046875 0.116645812988281
-0.48651123046875 -0.33636474609375 0.022308349609375 0.1568603515625
-0.494842529296875 -0.391326904296875 0.00427246093749995 0.33111572265625
-0.54449462890625 -0.58477783203125 0.108573913574219 0.00949859619140621
-0.5416259765625 -0.42889404296875 0.03326416015625 0.178054809570312
-0.483184814453125 -0.369110107421875 0.221359252929687 0.14532470703125
-0.5565185546875 -0.232391357421875 0.19561767578125 -0.00555419921875001
-0.58056640625 -0.052978515625 0.0970840454101562 -0.1221923828125
-0.6160888671875 0.24102783203125 -0.0470542907714844 -0.0560722351074219
-0.48541259765625 0.442291259765625 -0.0746688842773438 0.0106201171875
-0.43157958984375 0.446685791015625 -0.02899169921875 0.0572853088378907
-0.449462890625 0.4908447265625 0.00255584716796872 0.105331420898438
-0.529632568359375 0.399444580078125 -3.05175781250286E-05 0.152023315429688
-0.58636474609375 0.17413330078125 0.00869750976562495 0.161270141601563
-0.57794189453125 0.0404052734374999 -0.062164306640625 0.166046142578125
-0.508026123046875 -0.233123779296875 -0.123016357421875 0.0539932250976562
-0.537933349609375 -0.375518798828125 -0.125251770019531 0.0484085083007812
-0.556182861328125 -0.45330810546875 -0.142745971679688 0.156021118164062
-0.531036376953125 -0.5111083984375 -0.0304718017578125 -0.175155639648438
-0.523345947265625 -0.35870361328125 -0.0445365905761719 0.021697998046875
-0.459442138671875 -0.308319091796875 0.184738159179687 0.042510986328125
-0.53057861328125 -0.185333251953125 0.203445434570312 -0.0787506103515625
-0.552734375 -0.013336181640625 0.172637939453125 -0.182342529296875
-0.5797119140625 0.265869140625 0.0884704589843749 -0.184799194335937
-0.45489501953125 0.4296875 0.054412841796875 -0.189117431640625
-0.417755126953125 0.417694091796875 0.077972412109375 -0.152145385742187
-0.459564208984375 0.445892333984375 0.104202270507812 -0.087554931640625
-0.532196044921875 0.32611083984375 0.101570129394531 0.00893402099609377
-0.56414794921875 0.0902099609374999 0.0552291870117187 0.0811996459960938
-0.52752685546875 -0.0192565917968751 -0.0810394287109375 0.105331420898438
-0.4482421875 -0.2476806640625 -0.189971923828125 -0.0432281494140625
-0.4971923828125 -0.374267578125 -0.24676513671875 -0.0922241210937501
-0.5321044921875 -0.457122802734375 -0.275604248046875 -0.0390777587890625
-0.432830810546875 -0.359161376953125 -0.15704345703125 -0.330322265625
-0.41070556640625 -0.2344970703125 -0.126731872558594 -0.115959167480469
-0.347900390625 -0.205780029296875 0.115043640136719 -0.0418472290039063
-0.4095458984375 -0.117156982421875 0.188201904296875 -0.1407470703125
-0.428863525390625 0.0182495117187501 0.216827392578125 -0.24566650390625
-0.451995849609375 0.24359130859375 0.184722900390625 -0.3228759765625
-0.359405517578125 0.350006103515625 0.15093994140625 -0.380767822265625
-0.341461181640625 0.331512451171875 0.17205810546875 -0.3397216796875
-0.398223876953125 0.338165283203125 0.212905883789062 -0.246047973632812
-0.449462890625 0.206207275390625 0.211593627929687 -0.094268798828125
-0.444915771484375 -0.00430297851562502 0.100318908691406 0.02825927734375
-0.387420654296875 -0.074951171875 -0.0915908813476563 0.0353775024414063
-0.317596435546875 -0.218994140625 -0.218154907226563 -0.159957885742188
-0.3876953125 -0.315704345703125 -0.310302734375 -0.246551513671875
-0.4381103515625 -0.389373779296875 -0.3758544921875 -0.23162841796875
-0.2645263671875 -0.16400146484375 -0.246185302734375 -0.429779052734375
-0.231643676757812 -0.096405029296875 -0.19024658203125 -0.209182739257812
-0.180496215820312 -0.09149169921875 0.0408706665039062 -0.0922088623046875
-0.219161987304688 -0.0569610595703125 0.160797119140625 -0.1826171875
-0.240859985351563 0.0219879150390625 0.22467041015625 -0.294708251953125
-0.2613525390625 0.160659790039063 0.230560302734375 -0.43682861328125
-0.216720581054687 0.204513549804687 0.202972412109375 -0.53070068359375
-0.212432861328125 0.192337036132813 0.240234375 -0.47552490234375
-0.266647338867188 0.18701171875 0.305816650390625 -0.3486328125
-0.28826904296875 0.080718994140625 0.305877685546875 -0.14508056640625
-0.255477905273437 -0.0631561279296875 0.132499694824219 0.00433349609375
-0.199859619140625 -0.0839080810546875 -0.0887985229492188 -0.0319290161132813
-0.165023803710938 -0.138351440429687 -0.197601318359375 -0.269454956054688
-0.236907958984375 -0.199920654296875 -0.303802490234375 -0.3768310546875
-0.2867431640625 -0.25518798828125 -0.43182373046875 -0.392730712890625
0.0577163696289063 0.0108718872070313 0.477996826171875 0.402557373046875
0.0663566589355469 -0.0059814453125 0.267822265625 0.441162109375
0.00344467163085937 -0.00961494445800781 0.191329956054688 0.248199462890625
-0.00320053100585937 0.0204048156738281 0.103271484375 0.0634536743164063
0.0192451477050781 0.0245819091796875 -0.161117553710938 -0.044708251953125
0.0543327331542969 0.0220413208007813 -0.408843994140625 0.1727294921875
0.0519142150878906 0.00490570068359375 -0.389495849609375 0.461761474609375
0.0457382202148437 -0.0220451354980469 -0.26483154296875 0.57061767578125
0.0617828369140625 -0.0358505249023438 -0.20703125 0.59710693359375
0.0485191345214844 -0.0133590698242187 -0.237335205078125 0.5059814453125
0.0352973937988281 0.0187797546386719 -0.166351318359375 0.3624267578125
0.0119209289550781 0.0192165374755859 -0.095733642578125 0.224807739257813
-0.0133705139160156 -0.00441455841064453 -0.011627197265625 0.185684204101563
0.0239009857177734 -0.0132904052734375 0.24853515625 0.274459838867188
0.0457077026367188 0.0426750183105469 0.2540283203125 0.5728759765625
-0.157989501953125 -0.221832275390625 0.44482421875 0.405303955078125
-0.135009765625 -0.171554565429688 0.207427978515625 0.454864501953125
-0.1558837890625 -0.15093994140625 0.17376708984375 0.28704833984375
-0.18536376953125 -0.078582763671875 0.106613159179687 0.0944442749023438
-0.183303833007812 -0.0171051025390625 -0.130592346191406 -0.0506744384765625
-0.181076049804688 0.092803955078125 -0.394317626953125 0.1578369140625
-0.14111328125 0.17327880859375 -0.385406494140625 0.436248779296875
-0.121292114257812 0.1605224609375 -0.2525634765625 0.548431396484375
-0.107803344726563 0.169342041015625 -0.18017578125 0.5784912109375
-0.148178100585938 0.155654907226563 -0.200439453125 0.5029296875
-0.186355590820313 0.0975494384765625 -0.119903564453125 0.357666015625
-0.20947265625 0.0388031005859375 -0.06304931640625 0.232513427734375
-0.205337524414063 -0.093658447265625 0.0165863037109375 0.1785888671875
-0.183639526367188 -0.156219482421875 0.235931396484375 0.269668579101563
-0.170501708984375 -0.133331298828125 0.232177734375 0.553466796875
-0.35357666015625 -0.427490234375 0.366119384765625 0.329833984375
-0.32818603515625 -0.32489013671875 0.151458740234375 0.414642333984375
-0.310089111328125 -0.283111572265625 0.1876220703125 0.282989501953125
-0.357635498046875 -0.1712646484375 0.129074096679687 0.093292236328125
-0.3709716796875 -0.055938720703125 -0.0732421875 -0.059844970703125
-0.396942138671875 0.15216064453125 -0.31597900390625 0.117095947265625
-0.31622314453125 0.314697265625 -0.320159912109375 0.3443603515625
-0.2701416015625 0.31939697265625 -0.204345703125 0.44024658203125
-0.258941650390625 0.35162353515625 -0.134307861328125 0.477569580078125
-0.317657470703125 0.31158447265625 -0.145843505859375 0.43505859375
-0.37969970703125 0.1776123046875 -0.072662353515625 0.318756103515625
-0.402252197265625 0.0708007812500001 -0.0421600341796875 0.228271484375
-0.378692626953125 -0.1533203125 0.00372314453124999 0.156875610351563
-0.374420166015625 -0.263427734375 0.157699584960937 0.229232788085937
-0.367462158203125 -0.281829833984375 0.147125244140625 0.471527099609375
-0.50140380859375 -0.558380126953125 0.2509765625 0.187774658203125
-0.482025146484375 -0.418701171875 0.09881591796875 0.322479248046875
-0.440948486328125 -0.36285400390625 0.217498779296875 0.2342529296875
-0.500274658203125 -0.224273681640625 0.16815185546875 0.0577239990234375
-0.520050048828125 -0.0661315917968749 0.00769042968749997 -0.08251953125
-0.5555419921875 0.2095947265625 -0.192550659179688 0.04681396484375
-0.438018798828125 0.41571044921875 -0.209259033203125 0.19781494140625
-0.37872314453125 0.4241943359375 -0.127120971679688 0.268234252929687
-0.375762939453125 0.47283935546875 -0.07415771484375 0.308349609375
-0.449127197265625 0.40911865234375 -0.079010009765625 0.309814453125
-0.5242919921875 0.216949462890625 -0.0277252197265625 0.248291015625
-0.537811279296875 0.083740234375 -0.0411834716796875 0.207290649414063
-0.496185302734375 -0.195465087890625 -0.05029296875 0.119674682617187
-0.507354736328125 -0.33465576171875 0.02667236328125 0.156524658203125
-0.51031494140625 -0.39031982421875 0.01123046875 0.337738037109375
-0.57049560546875 -0.58843994140625 0.112136840820312 0.00544738769531246
-0.56109619140625 -0.424285888671875 0.0351715087890625 0.18304443359375
-0.505706787109375 -0.370758056640625 0.225112915039062 0.141769409179687
-0.57525634765625 -0.22509765625 0.199676513671875 -0.00752258300781252
-0.59405517578125 -0.04193115234375 0.0974578857421875 -0.128181457519531
-0.6246337890625 0.26043701171875 -0.0471458435058594 -0.0580329895019531
-0.486907958984375 0.4642333984375 -0.0765838623046875 0.0115509033203125
-0.430999755859375 0.46478271484375 -0.0281562805175782 0.0602874755859375
-0.44927978515625 0.512054443359375 0.00691223144531248 0.106597900390625
-0.529632568359375 0.42218017578125 0.00265502929687495 0.154830932617188
-0.59735107421875 0.18951416015625 0.015594482421875 0.160888671875
-0.5888671875 0.0549316406249999 -0.0558624267578125 0.167236328125
-0.527587890625 -0.229583740234375 -0.12835693359375 0.0561370849609375
-0.5604248046875 -0.372528076171875 -0.125877380371094 0.049896240234375
-0.5745849609375 -0.45196533203125 -0.139724731445313 0.164382934570313
-0.552764892578125 -0.512725830078125 -0.0319061279296875 -0.180435180664063
-0.538787841796875 -0.352752685546875 -0.0471343994140625 0.0248908996582031
-0.479156494140625 -0.30902099609375 0.184844970703125 0.037811279296875
-0.5487060546875 -0.177215576171875 0.206405639648437 -0.080780029296875
-0.56561279296875 -0.000976562499999885 0.171295166015625 -0.188217163085938
-0.58648681640625 0.2840576171875 0.0876617431640624 -0.191070556640625
-0.457244873046875 0.45013427734375 0.050994873046875 -0.19232177734375
-0.4189453125 0.43621826171875 0.0766754150390625 -0.154144287109375
-0.4588623046875 0.466705322265625 0.107643127441406 -0.0931625366210937
-0.53399658203125 0.345550537109375 0.104118347167969 0.00686645507812502
-0.5755615234375 0.10467529296875 0.0613861083984375 0.0798568725585938
-0.537750244140625 -0.00848388671875002 -0.0764541625976563 0.1068115234375
-0.463043212890625 -0.244476318359375 -0.198501586914063 -0.04150390625
-0.517608642578125 -0.371429443359375 -0.252548217773438 -0.0910797119140625
-0.550689697265625 -0.454925537109375 -0.279220581054688 -0.03289794921875
-0.44921875 -0.358062744140625 -0.163665771484375 -0.33575439453125
-0.421722412109375 -0.228057861328125 -0.133537292480469 -0.114410400390625
-0.362945556640625 -0.207489013671875 0.113235473632812 -0.047210693359375
-0.422119140625 -0.11163330078125 0.188186645507813 -0.1434326171875
-0.439605712890625 0.0294799804687501 0.21484375 -0.25274658203125
-0.45513916015625 0.258453369140625 0.1812744140625 -0.33221435546875
-0.359893798828125 0.368499755859375 0.14569091796875 -0.388580322265625
-0.3408203125 0.34466552734375 0.16888427734375 -0.347991943359375
-0.3984375 0.3541259765625 0.2159423828125 -0.25689697265625
-0.452880859375 0.22113037109375 0.213363647460938 -0.100784301757813
-0.45648193359375 0.00460815429687501 0.105979919433594 0.0252151489257812
-0.39703369140625 -0.068145751953125 -0.0892333984375 0.0361480712890625
-0.331634521484375 -0.216949462890625 -0.22802734375 -0.161376953125
-0.405364990234375 -0.31298828125 -0.318511962890625 -0.244873046875
-0.454254150390625 -0.38909912109375 -0.38482666015625 -0.22601318359375
-0.271835327148438 -0.162612915039063 -0.25634765625 -0.43487548828125
-0.23553466796875 -0.09283447265625 -0.2005615234375 -0.210098266601563
-0.186920166015625 -0.091217041015625 0.0373611450195312 -0.0955581665039063
-0.225997924804688 -0.052734375 0.158233642578125 -0.185256958007813
-0.245468139648437 0.0295562744140625 0.221160888671875 -0.300537109375
-0.263107299804687 0.169296264648438 0.22393798828125 -0.448333740234375
-0.217330932617188 0.215835571289063 0.1956787109375 -0.54248046875
-0.21282958984375 0.201507568359375 0.234771728515625 -0.48748779296875
-0.267410278320313 0.196563720703125 0.308502197265625 -0.363037109375
-0.290771484375 0.0887756347656251 0.308990478515625 -0.1546630859375
-0.263504028320313 -0.0585784912109375 0.137016296386719 0.00148773193359375
-0.204071044921875 -0.0806121826171875 -0.0890045166015625 -0.032867431640625
-0.172027587890625 -0.136276245117188 -0.208465576171875 -0.273056030273437
-0.248916625976563 -0.197357177734375 -0.314453125 -0.37762451171875
-0.297637939453125 -0.25537109375 -0.4451904296875 -0.387939453125
0.0599327087402344 0.00960922241210938 0.50982666015625 0.399505615234375
0.0680809020996094 -0.00857925415039063 0.29351806640625 0.44659423828125
0.00293350219726563 -0.00975513458251953 0.20574951171875 0.251266479492188
-0.00332832336425781 0.0205268859863281 0.110450744628906 0.06060791015625
0.0194587707519531 0.0247802734375 -0.168594360351563 -0.0431976318359375
0.0599517822265625 0.0216712951660156 -0.417724609375 0.196990966796875
0.055145263671875 0.003692626953125 -0.38665771484375 0.49188232421875
0.0467720031738281 -0.0245018005371094 -0.254638671875 0.600341796875
0.0625190734863281 -0.0399436950683594 -0.18988037109375 0.629638671875
0.0502243041992188 -0.0164070129394531 -0.225982666015625 0.53692626953125
0.0388946533203125 0.0188484191894531 -0.156646728515625 0.38214111328125
0.012969970703125 0.0180282592773438 -0.0895843505859375 0.236846923828125
-0.0156068801879883 -0.00349140167236328 -0.000946044921875017 0.198272705078125
0.0235366821289063 -0.0153121948242187 0.270126342773438 0.273910522460938
0.0520858764648438 0.040069580078125 0.2869873046875 0.58282470703125
-0.176437377929688 -0.224395751953125 0.47637939453125 0.401580810546875
-0.148529052734375 -0.17169189453125 0.2305908203125 0.463348388671875
-0.170516967773437 -0.15057373046875 0.18841552734375 0.29180908203125
-0.19677734375 -0.0738983154296875 0.116630554199219 0.0926284790039063
-0.193115234375 -0.0102996826171875 -0.137229919433594 -0.0515670776367187
-0.182998657226563 0.105560302734375 -0.400482177734375 0.17633056640625
-0.139175415039062 0.187896728515625 -0.3829345703125 0.4661865234375
-0.118576049804688 0.173324584960938 -0.2421875 0.57769775390625
-0.106536865234375 0.181045532226563 -0.161865234375 0.608642578125
-0.1470947265625 0.168807983398438 -0.1881103515625 0.533172607421875
-0.189895629882813 0.110107421875 -0.108551025390625 0.37396240234375
-0.21783447265625 0.048553466796875 -0.05364990234375 0.2425537109375
-0.220870971679688 -0.0888671875 0.0262298583984375 0.188400268554688
-0.199554443359375 -0.155532836914063 0.258148193359375 0.268402099609375
-0.180145263671875 -0.134567260742188 0.26373291015625 0.5657958984375
-0.389007568359375 -0.429962158203125 0.39208984375 0.3270263671875
-0.355804443359375 -0.32501220703125 0.17218017578125 0.4268798828125
-0.339324951171875 -0.283447265625 0.202545166015625 0.287384033203125
-0.37969970703125 -0.162933349609375 0.140731811523437 0.0920562744140625
-0.3890380859375 -0.043182373046875 -0.0771026611328125 -0.0633621215820313
-0.406158447265625 0.174774169921875 -0.322296142578125 0.131103515625
-0.315338134765625 0.343414306640625 -0.320159912109375 0.369964599609375
-0.267852783203125 0.344940185546875 -0.19439697265625 0.465362548828125
-0.25506591796875 0.37744140625 -0.1192626953125 0.501251220703125
-0.31622314453125 0.33990478515625 -0.13201904296875 0.45843505859375
-0.3892822265625 0.2034912109375 -0.0604248046875 0.330596923828125
-0.4178466796875 0.090850830078125 -0.031982421875 0.236526489257813
-0.4051513671875 -0.145721435546875 0.0101318359375 0.165420532226562
-0.403900146484375 -0.258636474609375 0.174468994140625 0.228897094726563
-0.391357421875 -0.28082275390625 0.1727294921875 0.483428955078125
-0.547821044921875 -0.56146240234375 0.267684936523437 0.184234619140625
-0.519256591796875 -0.413970947265625 0.113677978515625 0.333404541015625
-0.47869873046875 -0.363067626953125 0.231842041015625 0.234375
-0.53082275390625 -0.212921142578125 0.179885864257813 0.0541229248046875
-0.545013427734375 -0.0487670898437501 0.00582885742187497 -0.090576171875
-0.5693359375 0.24017333984375 -0.196060180664063 0.051544189453125
-0.438629150390625 0.45269775390625 -0.2108154296875 0.2130126953125
-0.3759765625 0.457611083984375 -0.1214599609375 0.28515625
-0.372406005859375 0.508453369140625 -0.0626220703125 0.322601318359375
-0.450469970703125 0.446990966796875 -0.0696411132812501 0.32623291015625
-0.53936767578125 0.2509765625 -0.0165710449218751 0.254745483398437
-0.55908203125 0.110595703125 -0.031280517578125 0.214508056640625
-0.52935791015625 -0.18414306640625 -0.0494461059570313 0.127639770507813
-0.546875 -0.32763671875 0.03460693359375 0.159042358398438
-0.545196533203125 -0.387939453125 0.0277709960937499 0.352081298828125
-0.6214599609375 -0.59063720703125 0.118331909179687 -0.000717163085937536
-0.60150146484375 -0.4166259765625 0.0411834716796875 0.19171142578125
-0.548309326171875 -0.36846923828125 0.235214233398438 0.138046264648438
-0.60968017578125 -0.20953369140625 0.210311889648437 -0.01385498046875
-0.61895751953125 -0.01995849609375 0.0964355468749999 -0.139427185058594
-0.6396484375 0.2967529296875 -0.0498504638671875 -0.06182861328125
-0.487945556640625 0.5068359375 -0.0790557861328125 0.0155715942382813
-0.429595947265625 0.502166748046875 -0.0257606506347656 0.0654716491699219
-0.445953369140625 0.55303955078125 0.0135345458984375 0.108863830566406
-0.5306396484375 0.461883544921875 0.00978088378906246 0.160858154296875
-0.61553955078125 0.2255859375 0.0261077880859375 0.163299560546875
-0.6124267578125 0.0813598632812499 -0.0476837158203125 0.17315673828125
-0.56341552734375 -0.2178955078125 -0.134368896484375 0.0639572143554688
-0.6019287109375 -0.36529541015625 -0.127998352050781 0.0545501708984375
-0.61444091796875 -0.44842529296875 -0.136886596679688 0.177581787109375
-0.59771728515625 -0.5135498046875 -0.037750244140625 -0.188583374023438
-0.57330322265625 -0.3433837890625 -0.0500106811523438 0.0300216674804687
-0.51788330078125 -0.30755615234375 0.19073486328125 0.0308685302734375
-0.57879638671875 -0.1607666015625 0.212875366210937 -0.0904083251953125
-0.588623046875 0.0231933593749999 0.1710205078125 -0.204544067382813
-0.60003662109375 0.3184814453125 0.0850982666015625 -0.203765869140625
-0.457855224609375 0.49078369140625 0.0458526611328125 -0.200164794921875
-0.41656494140625 0.469696044921875 0.07635498046875 -0.161407470703125
-0.458892822265625 0.50494384765625 0.110946655273437 -0.102783203125
-0.54095458984375 0.3828125 0.109130859375 0.00245666503906252
-0.5963134765625 0.135498046875 0.0701828002929687 0.0774459838867188
-0.56024169921875 0.01275634765625 -0.071868896484375 0.111274719238281
-0.498199462890625 -0.2354736328125 -0.211959838867188 -0.036041259765625
-0.559600830078125 -0.3646240234375 -0.264968872070313 -0.08563232421875
-0.5916748046875 -0.4541015625 -0.28857421875 -0.0216064453125001
-0.483489990234375 -0.356048583984375 -0.179931640625 -0.3450927734375
-0.44635009765625 -0.219390869140625 -0.145462036132813 -0.111968994140625
-0.39093017578125 -0.203887939453125 0.111991882324219 -0.0542373657226563
-0.44635009765625 -0.0982666015625 0.19073486328125 -0.153549194335938
-0.456939697265625 0.050689697265625 0.212310791015625 -0.2703857421875
-0.46453857421875 0.287261962890625 0.176849365234375 -0.3509521484375
-0.35906982421875 0.40008544921875 0.13726806640625 -0.4075927734375
-0.3402099609375 0.373779296875 0.165679931640625 -0.365203857421875
-0.400390625 0.384735107421875 0.217193603515625 -0.277435302734375
-0.461334228515625 0.2490234375 0.219268798828125 -0.113616943359375
-0.474395751953125 0.0258483886718751 0.114776611328125 0.0202407836914063
-0.414459228515625 -0.05279541015625 -0.08843994140625 0.0389251708984375
-0.354217529296875 -0.211395263671875 -0.247329711914062 -0.15997314453125
-0.4373779296875 -0.306610107421875 -0.338958740234375 -0.243377685546875
-0.49041748046875 -0.386810302734375 -0.405731201171875 -0.21856689453125
-0.289764404296875 -0.159637451171875 -0.279449462890625 -0.444183349609375
-0.247268676757813 -0.0867309570312499 -0.21917724609375 -0.209014892578125
-0.201141357421875 -0.0901336669921875 0.0318679809570312 -0.101593017578125
-0.238510131835937 -0.044647216796875 0.156509399414062 -0.195388793945313
-0.254623413085938 0.0422515869140625 0.217132568359375 -0.319549560546875
-0.266769409179688 0.186203002929688 0.214569091796875 -0.4732666015625
-0.216461181640625 0.23602294921875 0.18212890625 -0.5673828125
-0.214126586914063 0.21844482421875 0.228851318359375 -0.514801025390625
-0.269195556640625 0.215484619140625 0.3099365234375 -0.39190673828125
-0.29681396484375 0.104583740234375 0.31585693359375 -0.173431396484375
-0.276824951171875 -0.0489654541015625 0.145401000976562 -0.00433349609375
-0.214553833007813 -0.0745697021484375 -0.0930404663085938 -0.032745361328125
-0.1854248046875 -0.132522583007812 -0.22991943359375 -0.277572631835938
-0.269393920898437 -0.1923828125 -0.339599609375 -0.379791259765625
-0.322509765625 -0.25341796875 -0.47491455078125 -0.384429931640625
0.0632095336914062 0.00687408447265625 0.553314208984375 0.38031005859375
0.0707321166992187 -0.0140762329101562 0.33441162109375 0.441650390625
0.00255966186523437 -0.00894927978515625 0.228805541992187 0.248565673828125
-0.00277328491210937 0.0224151611328125 0.119842529296875 0.0537643432617188
0.0202312469482422 0.0235595703125 -0.179473876953125 -0.0351409912109375
0.065032958984375 0.0191307067871094 -0.418426513671875 0.232452392578125
0.0583152770996094 0.00017547607421875 -0.369415283203125 0.53741455078125
0.0470085144042969 -0.0279960632324219 -0.22259521484375 0.63897705078125
0.0612678527832031 -0.0456314086914063 -0.1522216796875 0.6668701171875
0.051239013671875 -0.0211639404296875 -0.1943359375 0.57373046875
0.0422554016113281 0.0169029235839844 -0.134735107421875 0.40435791015625
0.0136747360229492 0.0173330307006836 -0.073089599609375 0.252105712890625
-0.0174369812011719 -0.00152301788330078 0.01934814453125 0.209320068359375
0.0225257873535156 -0.0178966522216797 0.303192138671875 0.262176513671875
0.0596580505371094 0.0347213745117188 0.33843994140625 0.58172607421875
-0.200332641601563 -0.219146728515625 0.520416259765625 0.384490966796875
-0.166488647460938 -0.167236328125 0.270294189453125 0.4658203125
-0.190628051757813 -0.14324951171875 0.211639404296875 0.29150390625
-0.210586547851562 -0.06085205078125 0.128913879394531 0.0880355834960937
-0.20159912109375 0.00343322753906249 -0.145721435546875 -0.0470733642578125
-0.180587768554688 0.123550415039063 -0.40234375 0.2088623046875
-0.128677368164063 0.20635986328125 -0.366424560546875 0.508575439453125
-0.10992431640625 0.189437866210938 -0.21026611328125 0.61492919921875
-0.0971832275390625 0.19744873046875 -0.1241455078125 0.64251708984375
-0.138946533203125 0.187271118164063 -0.15570068359375 0.567138671875
-0.188858032226563 0.130523681640625 -0.0853271484375 0.392425537109375
-0.22418212890625 0.0659942626953125 -0.0353546142578125 0.254013061523438
-0.23931884765625 -0.0759429931640625 0.0444183349609375 0.196426391601563
-0.220962524414062 -0.147720336914062 0.28826904296875 0.2569580078125
-0.194381713867188 -0.131195068359375 0.31427001953125 0.56781005859375
-0.439056396484375 -0.417633056640625 0.429534912109375 0.311279296875
-0.393157958984375 -0.30963134765625 0.2056884765625 0.43182373046875
-0.377227783203125 -0.269683837890625 0.226409912109375 0.2860107421875
-0.406890869140625 -0.140411376953125 0.154708862304687 0.086029052734375
-0.407623291015625 -0.016998291015625 -0.0851058959960938 -0.0642623901367188
-0.40887451171875 0.210845947265625 -0.324554443359375 0.15386962890625
-0.300323486328125 0.38037109375 -0.30755615234375 0.404083251953125
-0.251800537109375 0.377166748046875 -0.17010498046875 0.49749755859375
-0.23681640625 0.4127197265625 -0.0880126953125 0.527496337890625
-0.30340576171875 0.376861572265625 -0.10235595703125 0.48553466796875
-0.38946533203125 0.24127197265625 -0.03643798828125 0.343963623046875
-0.429718017578125 0.12591552734375 -0.012237548828125 0.245162963867188
-0.435943603515625 -0.120574951171875 0.0239715576171875 0.1734619140625
-0.440185546875 -0.23956298828125 0.197738647460938 0.222808837890625
-0.425537109375 -0.267669677734375 0.212188720703125 0.4912109375
-0.61419677734375 -0.5428466796875 0.29083251953125 0.171173095703125
-0.56781005859375 -0.39093017578125 0.138397216796875 0.340789794921875
-0.53045654296875 -0.343505859375 0.2532958984375 0.22833251953125
-0.56793212890625 -0.1812744140625 0.193191528320312 0.04437255859375
-0.5684814453125 -0.0106811523437501 -0.000312805175781277 -0.0990066528320313
-0.5740966796875 0.2889404296875 -0.200164794921875 0.0626983642578125
-0.422454833984375 0.50274658203125 -0.205215454101562 0.234848022460938
-0.356689453125 0.50311279296875 -0.10455322265625 0.30474853515625
-0.35028076171875 0.5567626953125 -0.042877197265625 0.337554931640625
-0.432281494140625 0.498687744140625 -0.046875 0.343536376953125
-0.541778564453125 0.30181884765625 0.00366210937499994 0.262786865234375
-0.5750732421875 0.15692138671875 -0.013427734375 0.220611572265625
-0.569091796875 -0.15374755859375 -0.0426025390625 0.13751220703125
-0.59625244140625 -0.29998779296875 0.0467071533203125 0.160507202148437
-0.59393310546875 -0.3663330078125 0.055633544921875 0.36431884765625
-0.6942138671875 -0.5699462890625 0.12335205078125 -0.0114059448242188
-0.65386962890625 -0.3885498046875 0.0539398193359375 0.1988525390625
-0.604248046875 -0.344970703125 0.250320434570312 0.126174926757812
-0.6492919921875 -0.172119140625 0.219619750976562 -0.0289306640625
-0.64483642578125 0.024658203125 0.088836669921875 -0.155502319335938
-0.64483642578125 0.35333251953125 -0.0554695129394532 -0.0646514892578125
-0.469482421875 0.56463623046875 -0.08099365234375 0.0225982666015625
-0.40948486328125 0.551239013671875 -0.0199966430664063 0.070892333984375
-0.42364501953125 0.6072998046875 0.0223312377929687 0.109176635742188
-0.516693115234375 0.521240234375 0.0234527587890625 0.166671752929688
-0.62445068359375 0.28240966796875 0.0417022705078125 0.16351318359375
-0.63092041015625 0.13018798828125 -0.03424072265625 0.179351806640625
-0.60540771484375 -0.1866455078125 -0.137344360351563 0.0765762329101563
-0.6566162109375 -0.334716796875 -0.129852294921875 0.0636825561523437
-0.6689453125 -0.4241943359375 -0.126007080078125 0.19482421875
-0.66217041015625 -0.48968505859375 -0.0521392822265625 -0.19757080078125
-0.61785888671875 -0.31298828125 -0.0515785217285157 0.0372505187988281
-0.56707763671875 -0.28411865234375 0.19598388671875 0.0183563232421875
-0.61614990234375 -0.1259765625 0.216033935546875 -0.106674194335938
-0.61102294921875 0.0666503906249999 0.1612548828125 -0.225631713867188
-0.60186767578125 0.37445068359375 0.07354736328125 -0.219100952148438
-0.437835693359375 0.543914794921875 0.03466796875 -0.209823608398437
-0.39886474609375 0.5177001953125 0.07080078125 -0.17156982421875
-0.442108154296875 0.559967041015625 0.1094970703125 -0.117912292480469
-0.53253173828125 0.438507080078125 0.114532470703125 -0.00461578369140622
-0.61090087890625 0.185546875 0.082794189453125 0.0713958740234375
-0.58172607421875 0.0536499023437501 -0.0637664794921875 0.116195678710937
-0.534423828125 -0.208831787109375 -0.225189208984375 -0.0231170654296875
-0.609619140625 -0.33526611328125 -0.282196044921875 -0.0724487304687501
-0.64697265625 -0.42913818359375 -0.297454833984375 0.000152587890624911
-0.529937744140625 -0.337249755859375 -0.20941162109375 -0.35076904296875
-0.47760009765625 -0.194610595703125 -0.161056518554688 -0.104248046875
-0.42657470703125 -0.18670654296875 0.109359741210938 -0.0642166137695313
-0.47210693359375 -0.0686950683593751 0.18817138671875 -0.171661376953125
-0.4710693359375 0.08648681640625 0.20123291015625 -0.295074462890625
-0.462799072265625 0.332550048828125 0.158172607421875 -0.377044677734375
-0.342193603515625 0.443023681640625 0.1156005859375 -0.429107666015625
-0.327239990234375 0.4117431640625 0.149810791015625 -0.3900146484375
-0.388885498046875 0.429656982421875 0.2076416015625 -0.307525634765625
-0.459503173828125 0.29254150390625 0.220657348632813 -0.133529663085937
-0.49163818359375 0.062591552734375 0.123771667480469 0.0102920532226563
-0.43133544921875 -0.024017333984375 -0.0873336791992188 0.0429458618164063
-0.384368896484375 -0.19232177734375 -0.27130126953125 -0.150360107421875
-0.479827880859375 -0.285400390625 -0.368011474609375 -0.22991943359375
-0.537628173828125 -0.364593505859375 -0.431365966796875 -0.197509765625
-0.313079833984375 -0.14599609375 -0.319427490234375 -0.4464111328125
-0.2615966796875 -0.072235107421875 -0.245346069335937 -0.2003173828125
-0.219223022460938 -0.08099365234375 0.0229034423828125 -0.107772827148438
-0.252639770507813 -0.0285186767578125 0.148544311523437 -0.211715698242188
-0.261856079101563 0.0640716552734375 0.202362060546875 -0.343780517578125
-0.264068603515625 0.213027954101562 0.1893310546875 -0.502838134765625
-0.206695556640625 0.262619018554688 0.15130615234375 -0.5975341796875
-0.206695556640625 0.242813110351562 0.2041015625 -0.547943115234375
-0.265289306640625 0.24249267578125 0.2965087890625 -0.4312744140625
-0.29998779296875 0.12957763671875 0.316650390625 -0.20196533203125
-0.290374755859375 -0.030517578125 0.152740478515625 -0.015899658203125
-0.226226806640625 -0.060760498046875 -0.09820556640625 -0.0298385620117188
-0.200836181640625 -0.122573852539063 -0.26055908203125 -0.273239135742187
-0.295379638671875 -0.1776123046875 -0.377532958984375 -0.36993408203125
-0.3536376953125 -0.238006591796875 -0.5166015625 -0.363372802734375
0.0668869018554688 0.0019378662109375 0.5909423828125 0.3343505859375
0.0707321166992188 -0.0213623046875 0.373779296875 0.415130615234375
0.00228309631347656 -0.00880908966064453 0.250228881835938 0.233688354492188
-0.000944137573242189 0.0234603881835938 0.126274108886719 0.0436935424804688
0.0207271575927734 0.0220928192138672 -0.185440063476563 -0.0207061767578125
0.0697555541992188 0.0128898620605469 -0.40313720703125 0.272491455078125
0.0604019165039062 -0.0041656494140625 -0.3270263671875 0.574951171875
0.0450935363769531 -0.03125 -0.171142578125 0.66400146484375
0.057281494140625 -0.0514717102050781 -0.0911865234375 0.68695068359375
0.050750732421875 -0.0258674621582031 -0.140869140625 0.5972900390625
0.0456275939941406 0.0135917663574219 -0.09765625 0.4200439453125
0.0138254165649414 0.01593017578125 -0.0481414794921875 0.2598876953125
-0.0187969207763672 0.000818252563476561 0.04559326171875 0.211318969726562
0.0207252502441406 -0.0208187103271484 0.3319091796875 0.23388671875
0.0649833679199219 0.0252342224121094 0.3929443359375 0.556427001953125
-0.223526000976563 -0.201171875 0.558258056640625 0.344635009765625
-0.182296752929687 -0.153564453125 0.31182861328125 0.445892333984375
-0.208450317382813 -0.126052856445312 0.235610961914063 0.278518676757813
-0.218215942382813 -0.0403594970703125 0.139778137207031 0.07769775390625
-0.204391479492188 0.021881103515625 -0.152984619140625 -0.0369720458984375
-0.1700439453125 0.140975952148437 -0.38763427734375 0.244873046875
-0.109848022460937 0.221160888671875 -0.327850341796875 0.546142578125
-0.092803955078125 0.201904296875 -0.159423828125 0.6376953125
-0.0796356201171875 0.209228515625 -0.06707763671875 0.6588134765625
-0.121795654296875 0.202194213867187 -0.1015625 0.5859375
-0.1788330078125 0.150985717773437 -0.048187255859375 0.40167236328125
-0.221908569335938 0.0885467529296875 -0.00946044921875 0.2576904296875
-0.251617431640625 -0.054473876953125 0.068511962890625 0.19598388671875
-0.238983154296875 -0.129043579101563 0.315185546875 0.23077392578125
-0.208236694335938 -0.118927001953125 0.36712646484375 0.54461669921875
-0.484375 -0.38055419921875 0.460845947265625 0.276092529296875
-0.42486572265625 -0.27642822265625 0.245147705078125 0.41888427734375
-0.412933349609375 -0.235443115234375 0.250640869140625 0.271896362304688
-0.42401123046875 -0.102081298828125 0.1668701171875 0.07366943359375
-0.41253662109375 0.019378662109375 -0.0921859741210938 -0.0612640380859375
-0.3927001953125 0.249664306640625 -0.314544677734375 0.180145263671875
-0.267333984375 0.41217041015625 -0.27789306640625 0.435302734375
-0.217620849609375 0.405517578125 -0.127349853515625 0.515228271484375
-0.201263427734375 0.439849853515625 -0.040191650390625 0.539337158203125
-0.2689208984375 0.410247802734375 -0.05694580078125 0.501800537109375
-0.3714599609375 0.282012939453125 -0.00378417968750005 0.347564697265625
-0.424591064453125 0.16943359375 0.0128173828125 0.244857788085937
-0.454833984375 -0.081329345703125 0.0428619384765625 0.173904418945312
-0.47088623046875 -0.201324462890625 0.219512939453125 0.20391845703125
-0.454681396484375 -0.23419189453125 0.261444091796875 0.4754638671875
-0.67425537109375 -0.49273681640625 0.30755615234375 0.145904541015625
-0.6114501953125 -0.34161376953125 0.1683349609375 0.33380126953125
-0.57452392578125 -0.29595947265625 0.272171020507812 0.210662841796875
-0.59014892578125 -0.129150390625 0.201034545898437 0.026824951171875
-0.5745849609375 0.0397949218750001 -0.0105972290039063 -0.103622436523438
-0.554229736328125 0.344146728515625 -0.197418212890625 0.0773315429687501
-0.377655029296875 0.547943115234375 -0.187332153320312 0.25640869140625
-0.312774658203125 0.54058837890625 -0.07757568359375 0.317138671875
-0.30218505859375 0.59765625 -0.011871337890625 0.342620849609375
-0.3900146484375 0.54473876953125 -0.0136718750000001 0.3507080078125
-0.520355224609375 0.35858154296875 0.03057861328125 0.260269165039063
-0.56671142578125 0.2135009765625 0.00984191894531244 0.219894409179688
-0.59173583984375 -0.10223388671875 -0.0306549072265625 0.144088745117188
-0.63482666015625 -0.2490234375 0.0614013671874999 0.155288696289062
-0.63421630859375 -0.31842041015625 0.091461181640625 0.3643798828125
-0.75567626953125 -0.51092529296875 0.122222900390625 -0.0248870849609375
-0.69586181640625 -0.33074951171875 0.0706024169921874 0.199508666992188
-0.648681640625 -0.29315185546875 0.260238647460938 0.107498168945313
-0.6722412109375 -0.11346435546875 0.22113037109375 -0.0492095947265625
-0.64959716796875 0.0834960937500001 0.074432373046875 -0.167755126953125
-0.62139892578125 0.41448974609375 -0.0632858276367188 -0.0632553100585937
-0.42138671875 0.6121826171875 -0.0795440673828125 0.0301971435546875
-0.36328125 0.59405517578125 -0.0113449096679688 0.0731964111328125
-0.3736572265625 0.65625 0.032318115234375 0.105804443359375
-0.47296142578125 0.57391357421875 0.0411224365234375 0.16607666015625
-0.60589599609375 0.3433837890625 0.05987548828125 0.156524658203125
-0.6260986328125 0.19158935546875 -0.014739990234375 0.178375244140625
-0.631591796875 -0.1317138671875 -0.133087158203125 0.0908432006835937
-0.69818115234375 -0.27691650390625 -0.126457214355469 0.07391357421875
-0.71624755859375 -0.36761474609375 -0.10638427734375 0.208892822265625
-0.71844482421875 -0.43505859375 -0.0713958740234375 -0.198074340820313
-0.6536865234375 -0.25714111328125 -0.0509605407714844 0.0456657409667969
-0.60699462890625 -0.23504638671875 0.196548461914062 0.000518798828124986
-0.63433837890625 -0.0713500976562501 0.21038818359375 -0.127517700195313
-0.61065673828125 0.12213134765625 0.141250610351562 -0.243988037109375
-0.5765380859375 0.433837890625 0.0544281005859375 -0.22979736328125
-0.3924560546875 0.5904541015625 0.0190582275390625 -0.213531494140625
-0.355682373046875 0.55975341796875 0.06011962890625 -0.18048095703125
-0.39483642578125 0.60711669921875 0.100318908691406 -0.132881164550781
-0.49688720703125 0.492828369140625 0.118087768554687 -0.0150375366210937
-0.59942626953125 0.24481201171875 0.0924606323242187 0.0610733032226563
-0.58184814453125 0.10882568359375 -0.0511932373046875 0.118865966796875
-0.560455322265625 -0.16009521484375 -0.232955932617188 -0.00289916992187502
-0.650634765625 -0.280517578125 -0.291656494140625 -0.049285888671875
-0.6949462890625 -0.3740234375 -0.2960205078125 0.026397705078125
-0.5697021484375 -0.29095458984375 -0.24310302734375 -0.340850830078125
-0.500335693359375 -0.152313232421875 -0.174148559570313 -0.0878753662109375
-0.45538330078125 -0.147979736328125 0.101699829101562 -0.0747451782226563
-0.485992431640625 -0.0258789062500001 0.17578125 -0.189422607421875
-0.4677734375 0.1309814453125 0.174652099609375 -0.315338134765625
-0.43963623046875 0.3782958984375 0.126953125 -0.395477294921875
-0.303863525390625 0.480499267578125 0.0811767578125 -0.44207763671875
-0.292694091796875 0.44451904296875 0.120574951171875 -0.4078369140625
-0.354888916015625 0.469329833984375 0.18292236328125 -0.332794189453125
-0.435699462890625 0.3375244140625 0.21209716796875 -0.15460205078125
-0.490142822265625 0.10894775390625 0.12860107421875 -0.00360107421874999
-0.43731689453125 0.0150146484375 -0.0835647583007813 0.0474929809570313
-0.405548095703125 -0.1572265625 -0.290863037109375 -0.12750244140625
-0.51312255859375 -0.2398681640625 -0.3919677734375 -0.1981201171875
-0.578369140625 -0.31951904296875 -0.44976806640625 -0.159088134765625
-0.33099365234375 -0.11907958984375 -0.362701416015625 -0.42767333984375
-0.270187377929688 -0.048309326171875 -0.267608642578125 -0.178543090820312
-0.232894897460938 -0.0613250732421875 0.0107192993164062 -0.110794067382813
-0.258758544921875 -0.00584411621093752 0.130523681640625 -0.226287841796875
-0.257736206054688 0.0887451171875 0.17327880859375 -0.363616943359375
-0.248458862304688 0.23883056640625 0.146392822265625 -0.522308349609375
-0.183868408203125 0.285247802734375 0.10302734375 -0.61566162109375
-0.186660766601563 0.26385498046875 0.15966796875 -0.5726318359375
-0.246109008789062 0.269119262695313 0.26068115234375 -0.46588134765625
-0.290313720703125 0.158111572265625 0.302520751953125 -0.23236083984375
-0.29571533203125 -0.00381469726562499 0.154251098632812 -0.0309295654296875
-0.231719970703125 -0.0395355224609374 -0.102203369140625 -0.0244140625
-0.213943481445313 -0.103179931640625 -0.29046630859375 -0.253997802734375
-0.31658935546875 -0.149566650390625 -0.4129638671875 -0.34033203125
-0.381011962890625 -0.20635986328125 -0.55194091796875 -0.3204345703125
0.066802978515625 -0.00365447998046875 0.6024169921875 0.2821044921875
0.0675926208496094 -0.0296287536621094 0.39422607421875 0.37615966796875
0.00195837020874023 -0.0080728530883789 0.260208129882813 0.2132568359375
0.000673294067382812 0.0239753723144531 0.127609252929688 0.0337448120117188
0.0202465057373047 0.0208988189697266 -0.183914184570313 -0.005615234375
0.0705184936523437 0.00640869140625 -0.37322998046875 0.298797607421875
0.059722900390625 -0.0090484619140625 -0.27777099609375 0.59027099609375
0.0425033569335938 -0.0331192016601563 -0.116943359375 0.66290283203125
0.0526313781738281 -0.0543441772460938 -0.0344848632812499 0.67755126953125
0.0474357604980469 -0.0299301147460938 -0.0880126953125 0.59466552734375
0.0466728210449219 0.0101203918457031 -0.058990478515625 0.414825439453125
0.0134458541870117 0.0151863098144531 -0.02337646484375 0.256179809570313
-0.0198478698730469 0.00347709655761719 0.06988525390625 0.203582763671875
0.0186595916748047 -0.0228538513183594 0.34442138671875 0.1993408203125
0.06549072265625 0.0149650573730469 0.42779541015625 0.513336181640625
-0.2353515625 -0.17767333984375 0.572998046875 0.292236328125
-0.19171142578125 -0.136016845703125 0.335723876953125 0.4110107421875
-0.21636962890625 -0.104934692382812 0.248977661132813 0.258834838867188
-0.216903686523438 -0.020233154296875 0.144027709960937 0.0658416748046875
-0.198699951171875 0.0377960205078125 -0.154251098632813 -0.0260009765625
-0.15447998046875 0.151947021484375 -0.361785888671875 0.26849365234375
-0.088531494140625 0.225326538085938 -0.280731201171875 0.561187744140625
-0.073944091796875 0.205413818359375 -0.10723876953125 0.63568115234375
-0.0602569580078125 0.21258544921875 -0.0108642578125 0.64849853515625
-0.101943969726563 0.208419799804688 -0.04815673828125 0.5804443359375
-0.162094116210938 0.164016723632813 -0.01263427734375 0.39288330078125
-0.21221923828125 0.105682373046875 0.014129638671875 0.249114990234375
-0.253158569335938 -0.0314788818359375 0.087982177734375 0.186798095703125
-0.247604370117188 -0.107315063476562 0.327911376953125 0.197509765625
-0.214309692382812 -0.10406494140625 0.403350830078125 0.502471923828125
-0.5081787109375 -0.3309326171875 0.47149658203125 0.233367919921875
-0.439453125 -0.233551025390625 0.270172119140625 0.392303466796875
-0.427978515625 -0.194366455078125 0.262374877929688 0.24969482421875
-0.4234619140625 -0.0638122558593751 0.17034912109375 0.05828857421875
-0.401947021484375 0.051361083984375 -0.09735107421875 -0.0555496215820312
-0.36468505859375 0.2760009765625 -0.295989990234375 0.19781494140625
-0.22674560546875 0.426025390625 -0.23846435546875 0.447601318359375
-0.18011474609375 0.413726806640625 -0.084808349609375 0.513336181640625
-0.159820556640625 0.44915771484375 0.00289916992187494 0.52880859375
-0.22796630859375 0.424835205078125 -0.0127258300781251 0.492523193359375
-0.342559814453125 0.30902099609375 0.026336669921875 0.3355712890625
-0.403778076171875 0.201873779296875 0.0346221923828124 0.233871459960937
-0.45587158203125 -0.041412353515625 0.058990478515625 0.167312622070313
-0.4822998046875 -0.16021728515625 0.23187255859375 0.179183959960938
-0.465087890625 -0.19622802734375 0.2952880859375 0.4453125
-0.70538330078125 -0.42401123046875 0.31109619140625 0.11749267578125
-0.6265869140625 -0.2822265625 0.1890869140625 0.31634521484375
-0.593994140625 -0.2403564453125 0.280136108398437 0.187026977539062
-0.58978271484375 -0.07672119140625 0.20074462890625 0.0102386474609375
-0.55859375 0.0830078124999999 -0.0216140747070313 -0.103424072265625
-0.517913818359375 0.38134765625 -0.19000244140625 0.0881500244140625
-0.3265380859375 0.56610107421875 -0.164688110351563 0.26507568359375
-0.263519287109375 0.55352783203125 -0.0504150390625 0.31524658203125
-0.24713134765625 0.610595703125 0.01495361328125 0.33441162109375
-0.33453369140625 0.5667724609375 0.017486572265625 0.3431396484375
-0.48004150390625 0.39642333984375 0.05322265625 0.246536254882813
-0.539825439453125 0.2567138671875 0.030120849609375 0.2091064453125
-0.59283447265625 -0.0501098632812501 -0.017120361328125 0.1441650390625
-0.64544677734375 -0.18902587890625 0.0713348388671875 0.14544677734375
-0.64715576171875 -0.262451171875 0.122283935546875 0.3489990234375
-0.78912353515625 -0.43634033203125 0.115623474121094 -0.03607177734375
-0.70819091796875 -0.26324462890625 0.0829925537109375 0.192230224609375
-0.66650390625 -0.22808837890625 0.260452270507812 0.0856781005859375
-0.6700439453125 -0.0550537109375002 0.212432861328125 -0.06634521484375
-0.6275634765625 0.1317138671875 0.0553436279296875 -0.172256469726563
-0.5787353515625 0.455322265625 -0.0694007873535157 -0.0598526000976562
-0.36358642578125 0.63299560546875 -0.0749969482421875 0.03619384765625
-0.30859375 0.60955810546875 -0.00359344482421877 0.0708084106445313
-0.3123779296875 0.674072265625 0.0392074584960937 0.0981521606445313
-0.4149169921875 0.601806640625 0.0559234619140625 0.15753173828125
-0.56549072265625 0.390625 0.073577880859375 0.142715454101563
-0.597900390625 0.240478515625 0.00148010253906246 0.170120239257813
-0.63250732421875 -0.076416015625 -0.124221801757813 0.0998001098632813
-0.71014404296875 -0.212890625 -0.11846923828125 0.0816574096679688
-0.73272705078125 -0.302978515625 -0.0838470458984375 0.213546752929687
-0.7440185546875 -0.36688232421875 -0.0871124267578125 -0.191574096679688
-0.6595458984375 -0.1954345703125 -0.0473442077636719 0.0515213012695312
-0.62078857421875 -0.177001953125 0.18902587890625 -0.0137176513671875
-0.629638671875 -0.0169677734375001 0.194839477539062 -0.142196655273438
-0.587646484375 0.16668701171875 0.11566162109375 -0.25042724609375
-0.532501220703125 0.4716796875 0.0340423583984374 -0.229934692382812
-0.33673095703125 0.61090087890625 0.00305175781249997 -0.211044311523438
-0.30523681640625 0.576416015625 0.047576904296875 -0.183822631835937
-0.3399658203125 0.6290283203125 0.08648681640625 -0.141021728515625
-0.445037841796875 0.523712158203125 0.116157531738281 -0.0255661010742187
-0.567626953125 0.2916259765625 0.0978775024414062 0.0474700927734375
-0.56011962890625 0.154754638671875 -0.039794921875 0.115280151367188
-0.56304931640625 -0.11083984375 -0.230484008789063 0.0166473388671875
-0.663818359375 -0.22052001953125 -0.2896728515625 -0.0257873535156251
-0.7119140625 -0.308837890625 -0.2840576171875 0.048919677734375
-0.5843505859375 -0.2366943359375 -0.267364501953125 -0.31732177734375
-0.501678466796875 -0.105255126953125 -0.178817749023438 -0.06964111328125
-0.4642333984375 -0.1065673828125 0.0901031494140625 -0.0806961059570313
-0.479644775390625 0.01397705078125 0.155120849609375 -0.199234008789063
-0.448028564453125 0.165283203125 0.14300537109375 -0.321197509765625
-0.402435302734375 0.40673828125 0.0919189453125 -0.39520263671875
-0.259674072265625 0.49639892578125 0.048004150390625 -0.440155029296875
-0.252777099609375 0.460357666015625 0.089263916015625 -0.410858154296875
-0.31005859375 0.490020751953125 0.152923583984375 -0.343658447265625
-0.399627685546875 0.365020751953125 0.197402954101562 -0.168670654296875
-0.47198486328125 0.1490478515625 0.126678466796875 -0.0178451538085937
-0.42425537109375 0.051361083984375 -0.0778427124023438 0.0485000610351563
-0.41046142578125 -0.119415283203125 -0.297760009765625 -0.101959228515625
-0.525726318359375 -0.190093994140625 -0.3992919921875 -0.1634521484375
-0.59356689453125 -0.262451171875 -0.449676513671875 -0.121063232421875
-0.335845947265625 -0.0885314941406249 -0.39007568359375 -0.3941650390625
-0.267578125 -0.0239410400390625 -0.278366088867187 -0.151473999023438
-0.236846923828125 -0.0399932861328125 -0.00130462646484377 -0.108741760253906
-0.25616455078125 0.0160217285156251 0.108169555664062 -0.23052978515625
-0.244369506835938 0.108108520507813 0.138275146484375 -0.367034912109375
-0.226211547851562 0.253997802734375 0.101318359375 -0.521484375
-0.15631103515625 0.2943115234375 0.0543212890625 -0.61004638671875
-0.16290283203125 0.274002075195313 0.1146240234375 -0.57513427734375
-0.22064208984375 0.28424072265625 0.2188720703125 -0.47900390625
-0.270111083984375 0.177902221679688 0.27923583984375 -0.251922607421875
-0.289093017578125 0.020355224609375 0.149490356445312 -0.045684814453125
-0.227890014648438 -0.020416259765625 -0.103302001953125 -0.0186767578125
-0.21624755859375 -0.081695556640625 -0.306182861328125 -0.225860595703125
-0.324249267578125 -0.117919921875 -0.430450439453125 -0.298675537109375
-0.389984130859375 -0.16900634765625 -0.560577392578125 -0.269561767578125
0.0656280517578125 -0.00759506225585937 0.595703125 0.2454833984375
0.0636062622070312 -0.0343551635742187 0.396270751953125 0.343536376953125
0.00198698043823242 -0.00781059265136719 0.2589111328125 0.199630737304688
0.002197265625 0.0235004425048828 0.12689208984375 0.0278167724609375
0.0189132690429688 0.02008056640625 -0.178451538085938 0.00372314453125
0.0693473815917969 0.00191879272460938 -0.3468017578125 0.30828857421875
0.0590553283691406 -0.0116920471191406 -0.24334716796875 0.58685302734375
0.040740966796875 -0.0335273742675781 -0.084228515625 0.64697265625
0.0482406616210938 -0.05450439453125 0.00231933593749997 0.6571044921875
0.0447731018066406 -0.0317459106445313 -0.0518798828125 0.57666015625
0.0468406677246094 0.00796890258789063 -0.03533935546875 0.400054931640625
0.0117406845092773 0.0141878128051758 -0.00619506835937499 0.24609375
-0.0195789337158203 0.00531959533691407 0.0855865478515625 0.192291259765625
0.0162239074707031 -0.0243587493896484 0.3450927734375 0.1729736328125
0.062835693359375 0.00574111938476563 0.437744140625 0.4739990234375
-0.237640380859375 -0.158935546875 0.56744384765625 0.25506591796875
-0.1927490234375 -0.123092651367188 0.34051513671875 0.382049560546875
-0.216934204101563 -0.087890625 0.250732421875 0.244155883789063
-0.210403442382813 -0.00685119628906248 0.144073486328125 0.0582275390625
-0.191680908203125 0.0466766357421875 -0.151397705078125 -0.0190887451171875
-0.14190673828125 0.154678344726563 -0.33746337890625 0.275970458984375
-0.0733184814453125 0.2225341796875 -0.2469482421875 0.55712890625
-0.060272216796875 0.20269775390625 -0.0764160156249999 0.62200927734375
-0.047149658203125 0.209808349609375 0.01995849609375 0.6268310546875
-0.0865325927734375 0.207290649414063 -0.014984130859375 0.560302734375
-0.147750854492187 0.167556762695313 0.00958251953124999 0.37548828125
-0.201766967773437 0.11529541015625 0.0295867919921875 0.236251831054688
-0.2486572265625 -0.0160980224609375 0.100128173828125 0.175186157226563
-0.247344970703125 -0.0914459228515625 0.32781982421875 0.17138671875
-0.213729858398438 -0.09326171875 0.414825439453125 0.465484619140625
-0.511688232421875 -0.292999267578125 0.46630859375 0.2037353515625
-0.437774658203125 -0.2041015625 0.2764892578125 0.367767333984375
-0.42816162109375 -0.16180419921875 0.26348876953125 0.233673095703125
-0.41265869140625 -0.03778076171875 0.169723510742187 0.0497894287109375
-0.386383056640625 0.069122314453125 -0.0988388061523438 -0.050994873046875
-0.339996337890625 0.286224365234375 -0.279129028320313 0.203445434570313
-0.198211669921875 0.422943115234375 -0.21246337890625 0.44598388671875
-0.1534423828125 0.408843994140625 -0.058502197265625 0.501068115234375
-0.1318359375 0.4453125 0.0278015136718749 0.508941650390625
-0.197906494140625 0.424224853515625 0.015289306640625 0.4739990234375
-0.31402587890625 0.319976806640625 0.04443359375 0.317840576171875
-0.381622314453125 0.21746826171875 0.0477447509765625 0.219573974609375
-0.4461669921875 -0.01629638671875 0.069091796875 0.158523559570313
-0.479278564453125 -0.128143310546875 0.232208251953125 0.159515380859375
-0.460723876953125 -0.168792724609375 0.3095703125 0.4180908203125
-0.7080078125 -0.37017822265625 0.305633544921875 0.097930908203125
-0.62249755859375 -0.2396240234375 0.196014404296875 0.298492431640625
-0.593017578125 -0.1961669921875 0.276870727539062 0.170852661132813
-0.5758056640625 -0.0439453124999999 0.196212768554687 0.000640869140624997
-0.5364990234375 0.107635498046875 -0.0293807983398438 -0.100456237792969
-0.48309326171875 0.39617919921875 -0.182723999023438 0.092559814453125
-0.2884521484375 0.5655517578125 -0.148788452148438 0.26513671875
-0.227569580078125 0.54827880859375 -0.0350341796875 0.30609130859375
-0.2066650390625 0.6075439453125 0.028717041015625 0.3211669921875
-0.29425048828125 0.568603515625 0.036834716796875 0.32696533203125
-0.4462890625 0.411865234375 0.0648651123046875 0.229690551757813
-0.509857177734375 0.27850341796875 0.0404510498046875 0.194320678710938
-0.5799560546875 -0.0169677734375 -0.00820922851562504 0.140289306640625
-0.6387939453125 -0.14910888671875 0.0760269165039062 0.136245727539063
-0.6396484375 -0.22442626953125 0.136932373046875 0.33135986328125
-0.78912353515625 -0.37744140625 0.107940673828125 -0.0418777465820313
-0.69842529296875 -0.215576171875 0.08856201171875 0.184799194335938
-0.66510009765625 -0.18145751953125 0.253448486328125 0.072296142578125
-0.65283203125 -0.0184326171875001 0.202880859375 -0.07464599609375
-0.6025390625 0.1551513671875 0.0417938232421875 -0.16986083984375
-0.5394287109375 0.47259521484375 -0.0728378295898438 -0.0558929443359375
-0.3197021484375 0.632080078125 -0.072174072265625 0.0382232666015625
-0.26971435546875 0.60400390625 0.000362396240234355 0.0670890808105469
-0.267578125 0.67193603515625 0.0411529541015625 0.091461181640625
-0.3699951171875 0.60675048828125 0.0635223388671875 0.14697265625
-0.528472900390625 0.40875244140625 0.0789566040039062 0.128456115722656
-0.5672607421875 0.2633056640625 0.0107879638671875 0.158172607421875
-0.61907958984375 -0.0404663085937501 -0.115943908691406 0.103096008300781
-0.70330810546875 -0.16522216796875 -0.111763000488281 0.0841140747070312
-0.726318359375 -0.256591796875 -0.066864013671875 0.210220336914062
-0.74365234375 -0.31219482421875 -0.0966796875 -0.18341064453125
-0.64801025390625 -0.15289306640625 -0.0443000793457032 0.0547714233398437
-0.61474609375 -0.1348876953125 0.178955078125 -0.0216064453125
-0.6129150390625 0.0167236328125 0.180587768554687 -0.147064208984375
-0.560516357421875 0.189605712890625 0.0961761474609375 -0.24713134765625
-0.4954833984375 0.48486328125 0.0188140869140625 -0.225296020507813
-0.2962646484375 0.609619140625 -0.00666809082031253 -0.205490112304687
-0.2694091796875 0.5721435546875 0.03814697265625 -0.182373046875
-0.29644775390625 0.62860107421875 0.0756683349609375 -0.142730712890625
-0.40191650390625 0.53021240234375 0.113540649414062 -0.0320587158203125
-0.53668212890625 0.312164306640625 0.0974349975585937 0.03564453125
-0.53350830078125 0.18017578125 -0.03271484375 0.106910705566406
-0.552520751953125 -0.0773315429687499 -0.224044799804688 0.028045654296875
-0.6602783203125 -0.17401123046875 -0.28216552734375 -0.01055908203125
-0.70672607421875 -0.2618408203125 -0.2686767578125 0.06121826171875
-0.58154296875 -0.1956787109375 -0.277099609375 -0.298187255859375
-0.488250732421875 -0.073455810546875 -0.177688598632813 -0.0565643310546875
-0.4598388671875 -0.0732727050781249 0.0794677734375 -0.0821990966796875
-0.465728759765625 0.038787841796875 0.13787841796875 -0.199920654296875
-0.4248046875 0.180328369140625 0.119659423828125 -0.315887451171875
-0.372161865234375 0.4140625 0.069366455078125 -0.38720703125
-0.22589111328125 0.495208740234375 0.027679443359375 -0.428192138671875
-0.224090576171875 0.45758056640625 0.068511962890625 -0.4061279296875
-0.276031494140625 0.49127197265625 0.129852294921875 -0.342376708984375
-0.365875244140625 0.375244140625 0.185028076171875 -0.174026489257812
-0.448394775390625 0.1673583984375 0.122306823730469 -0.0271224975585937
-0.4071044921875 0.07080078125 -0.0743942260742188 0.0463485717773437
-0.402374267578125 -0.0921020507812501 -0.295684814453125 -0.08404541015625
-0.52197265625 -0.152801513671875 -0.393035888671875 -0.1385498046875
-0.58917236328125 -0.222412109375 -0.43682861328125 -0.0950927734375
-0.3306884765625 -0.0671081542968751 -0.398834228515625 -0.3660888671875
-0.2589111328125 -0.00759887695312503 -0.27777099609375 -0.131500244140625
-0.234176635742188 -0.023651123046875 -0.0108718872070313 -0.104843139648438
-0.2476806640625 0.0290832519531249 0.0903472900390625 -0.226577758789063
-0.230819702148437 0.116409301757813 0.11297607421875 -0.357208251953125
-0.20843505859375 0.257949829101563 0.073699951171875 -0.507232666015625
-0.13629150390625 0.2938232421875 0.02618408203125 -0.593017578125
-0.145858764648438 0.27337646484375 0.08551025390625 -0.56494140625
-0.19970703125 0.2862548828125 0.18890380859375 -0.477081298828125
-0.252960205078125 0.185531616210937 0.258880615234375 -0.256210327148438
-0.278152465820313 0.0341949462890625 0.141708374023437 -0.0531768798828125
-0.218994140625 -0.00769042968750002 -0.102798461914063 -0.0155487060546875
-0.212677001953125 -0.0662841796875 -0.309906005859375 -0.2049560546875
-0.3226318359375 -0.0943603515625 -0.428314208984375 -0.26885986328125
-0.3853759765625 -0.140777587890625 -0.554290771484375 -0.234283447265625
0.0643959045410156 -0.0101852416992188 0.5904541015625 0.22613525390625
0.0602340698242188 -0.0378189086914063 0.39166259765625 0.32843017578125
0.00238275527954102 -0.00766515731811523 0.258026123046875 0.196533203125
0.00305557250976563 0.023834228515625 0.126991271972656 0.0264434814453125
0.0174522399902344 0.0199680328369141 -0.17498779296875 0.00886535644531252
0.0693473815917969 -0.00093841552734375 -0.332000732421875 0.31201171875
0.0585556030273438 -0.0133438110351563 -0.22509765625 0.58428955078125
0.0409660339355469 -0.0330963134765625 -0.06964111328125 0.638671875
0.0466194152832031 -0.0544776916503906 0.01959228515625 0.64044189453125
0.0434341430664063 -0.0320014953613281 -0.034912109375 0.56256103515625
0.0467491149902344 0.00688552856445313 -0.0220947265625 0.38873291015625
0.0108852386474609 0.0149106979370117 0.00361633300781252 0.238052368164063
-0.0195217132568359 0.00699234008789062 0.0970458984375 0.184097290039062
0.0151233673095703 -0.0258579254150391 0.346160888671875 0.15594482421875
0.059295654296875 0.00079345703125 0.441864013671875 0.453826904296875
-0.2386474609375 -0.14764404296875 0.561553955078125 0.237518310546875
-0.19384765625 -0.11541748046875 0.33929443359375 0.3670654296875
-0.216522216796875 -0.0777130126953125 0.249832153320313 0.239898681640625
-0.2064208984375 0.000289916992187472 0.146133422851563 0.0554351806640625
-0.187835693359375 0.0507354736328125 -0.149627685546875 -0.0152740478515625
-0.134841918945313 0.155868530273438 -0.32568359375 0.279296875
-0.0650787353515625 0.220123291015625 -0.231658935546875 0.555389404296875
-0.053009033203125 0.201141357421875 -0.0613403320312499 0.611083984375
-0.0393829345703125 0.208984375 0.03521728515625 0.6109619140625
-0.0782318115234375 0.206756591796875 0.00256347656249998 0.545806884765625
-0.139907836914063 0.171005249023438 0.020751953125 0.36248779296875
-0.196319580078125 0.1204833984375 0.0376434326171875 0.226913452148438
-0.246475219726562 -0.00746154785156253 0.109634399414062 0.167556762695313
-0.248214721679688 -0.082611083984375 0.327056884765625 0.156646728515625
-0.2144775390625 -0.088775634765625 0.419647216796875 0.446563720703125
-0.512359619140625 -0.2691650390625 0.46063232421875 0.188720703125
-0.43603515625 -0.18646240234375 0.276214599609375 0.355682373046875
-0.428070068359375 -0.14202880859375 0.261764526367188 0.229110717773438
-0.406707763671875 -0.02435302734375 0.169570922851562 0.046112060546875
-0.3782958984375 0.07684326171875 -0.100250244140625 -0.0483016967773437
-0.326507568359375 0.2911376953125 -0.271514892578125 0.206085205078125
-0.1834716796875 0.42095947265625 -0.20111083984375 0.445526123046875
-0.139862060546875 0.4052734375 -0.0489501953125 0.493316650390625
-0.116943359375 0.442230224609375 0.03985595703125 0.496856689453125
-0.178680419921875 0.4224853515625 0.0290222167968749 0.460662841796875
-0.298126220703125 0.325042724609375 0.0533447265624999 0.3040771484375
-0.370697021484375 0.226654052734375 0.053985595703125 0.208236694335938
-0.44134521484375 -0.000701904296874954 0.0758056640625 0.152816772460937
-0.478546142578125 -0.1104736328125 0.232772827148437 0.147537231445313
-0.459381103515625 -0.155242919921875 0.31536865234375 0.400482177734375
-0.70806884765625 -0.34088134765625 0.301177978515625 0.087066650390625
-0.617919921875 -0.215087890625 0.196807861328125 0.29071044921875
-0.59259033203125 -0.1678466796875 0.27276611328125 0.164520263671875
-0.566650390625 -0.02490234375 0.192886352539062 -0.0040283203125
-0.524139404296875 0.115478515625 -0.03448486328125 -0.0984649658203125
-0.4656982421875 0.40264892578125 -0.179885864257813 0.0942535400390625
-0.2691650390625 0.56317138671875 -0.142471313476563 0.264984130859375
-0.21112060546875 0.544708251953125 -0.027862548828125 0.3009033203125
-0.18548583984375 0.60357666015625 0.0350341796875 0.31329345703125
-0.27001953125 0.5675048828125 0.04644775390625 0.317474365234375
-0.4263916015625 0.418182373046875 0.0700531005859375 0.217208862304688
-0.49517822265625 0.2894287109375 0.0454559326171875 0.182968139648438
-0.5726318359375 0.00122070312500003 -0.00269317626953127 0.1368408203125
-0.63653564453125 -0.12445068359375 0.0771560668945312 0.130119323730469
-0.63665771484375 -0.20263671875 0.14617919921875 0.32171630859375
-0.791015625 -0.3436279296875 0.102043151855469 -0.0451126098632813
-0.69024658203125 -0.1881103515625 0.0890350341796875 0.1810302734375
-0.66162109375 -0.1531982421875 0.247406005859375 0.066864013671875
-0.64373779296875 0.00225830078124997 0.196197509765625 -0.078460693359375
-0.58837890625 0.16461181640625 0.032928466796875 -0.167236328125
-0.51995849609375 0.481170654296875 -0.0762252807617188 -0.0531005859375
-0.2989501953125 0.63092041015625 -0.0708236694335938 0.0397491455078125
-0.2515869140625 0.60125732421875 0.000446319580078114 0.0647315979003907
-0.24468994140625 0.670166015625 0.0411529541015625 0.0867843627929688
-0.3438720703125 0.6070556640625 0.0687789916992187 0.139389038085938
-0.508575439453125 0.418121337890625 0.0815048217773437 0.117225646972656
-0.549713134765625 0.27630615234375 0.0145263671875 0.148651123046875
-0.60980224609375 -0.02056884765625 -0.110908508300781 0.105064392089844
-0.7025146484375 -0.13702392578125 -0.107460021972656 0.0851287841796875
-0.71954345703125 -0.23101806640625 -0.0566864013671875 0.206924438476562
-0.7415771484375 -0.2818603515625 -0.103042602539063 -0.180007934570313
-0.63677978515625 -0.12860107421875 -0.044708251953125 0.0566329956054688
-0.612548828125 -0.1094970703125 0.170852661132812 -0.02557373046875
-0.604248046875 0.0343627929687501 0.171279907226562 -0.148269653320312
-0.547607421875 0.197509765625 0.0847473144531249 -0.24188232421875
-0.47650146484375 0.492340087890625 0.0111846923828125 -0.22076416015625
-0.2763671875 0.6065673828125 -0.0111236572265625 -0.20184326171875
-0.2509765625 0.5693359375 0.0325469970703125 -0.182785034179687
-0.2760009765625 0.627197265625 0.0694732666015625 -0.14404296875
-0.37933349609375 0.531890869140625 0.112442016601562 -0.0370101928710937
-0.518341064453125 0.323211669921875 0.0973892211914062 0.0268707275390625
-0.517791748046875 0.19171142578125 -0.03045654296875 0.100845336914063
-0.545989990234375 -0.0585021972656249 -0.221176147460938 0.0331268310546875
-0.6568603515625 -0.14837646484375 -0.276580810546875 -0.00323486328125006
-0.70086669921875 -0.2366943359375 -0.258407592773438 0.0650177001953125
-0.577392578125 -0.1729736328125 -0.282958984375 -0.289459228515625
-0.478851318359375 -0.055755615234375 -0.177200317382813 -0.049591064453125
-0.4556884765625 -0.0562438964843751 0.071197509765625 -0.0830078125
-0.458587646484375 0.0516662597656251 0.126815795898437 -0.198257446289062
-0.412994384765625 0.1873779296875 0.106597900390625 -0.30914306640625
-0.3570556640625 0.420257568359375 0.05609130859375 -0.379791259765625
-0.208404541015625 0.49169921875 0.017547607421875 -0.42388916015625
-0.211029052734375 0.456268310546875 0.057464599609375 -0.403228759765625
-0.259765625 0.49102783203125 0.11767578125 -0.3411865234375
-0.34808349609375 0.3785400390625 0.17852783203125 -0.176651000976562
-0.435333251953125 0.178131103515625 0.119880676269531 -0.0336456298828125
-0.39483642578125 0.079925537109375 -0.0740280151367188 0.0432662963867188
-0.39874267578125 -0.078125 -0.295379638671875 -0.074951171875
-0.521209716796875 -0.12933349609375 -0.388427734375 -0.126617431640625
-0.58258056640625 -0.19952392578125 -0.427764892578125 -0.0849304199218751
-0.3277587890625 -0.0543212890625 -0.404083251953125 -0.353424072265625
-0.251754760742188 0.000869750976562516 -0.277740478515625 -0.12127685546875
-0.232208251953125 -0.0138092041015625 -0.0173797607421875 -0.102684020996094
-0.244705200195313 0.036865234375 0.0789947509765625 -0.221923828125
-0.224014282226563 0.118942260742188 0.10009765625 -0.350494384765625
-0.19989013671875 0.259872436523438 0.05908203125 -0.49688720703125
-0.126617431640625 0.29266357421875 0.01318359375 -0.583740234375
-0.136978149414063 0.273483276367188 0.071868896484375 -0.560028076171875
-0.189605712890625 0.28765869140625 0.172882080078125 -0.475555419921875
-0.242385864257813 0.189224243164063 0.2490234375 -0.258270263671875
-0.27130126953125 0.04119873046875 0.137161254882812 -0.057342529296875
-0.21258544921875 -0.00189208984375002 -0.104812622070313 -0.0162887573242187
-0.209274291992187 -0.05712890625 -0.311553955078125 -0.19439697265625
-0.321563720703125 -0.0782775878906249 -0.42401123046875 -0.251861572265625
-0.382904052734375 -0.124969482421875 -0.54595947265625 -0.217193603515625
0.0655174255371094 -0.0120315551757813 0.5992431640625 0.217041015625
0.0580940246582031 -0.0423355102539062 0.395538330078125 0.325897216796875
0.00283002853393555 -0.00813579559326172 0.262252807617188 0.20172119140625
0.00406455993652344 0.0226879119873047 0.131278991699219 0.0269622802734375
0.0163116455078125 0.0213565826416016 -0.17547607421875 0.0118560791015625
0.0695457458496094 -0.0027313232421875 -0.327301025390625 0.32208251953125
0.0598945617675781 -0.0154495239257812 -0.21832275390625 0.596435546875
0.0422286987304688 -0.0342597961425781 -0.0614624023437499 0.64556884765625
0.0474205017089844 -0.0551300048828125 0.0289916992187501 0.6412353515625
0.0429573059082031 -0.0330162048339844 -0.023406982421875 0.560211181640625
0.0479469299316406 0.00656509399414062 -0.013427734375 0.385467529296875
0.00992488861083984 0.0164566040039063 0.0124359130859375 0.23583984375
-0.020355224609375 0.00880813598632813 0.109848022460937 0.180252075195312
0.0134696960449219 -0.0283565521240234 0.352996826171875 0.14752197265625
0.0564231872558594 -0.00313186645507813 0.45379638671875 0.45025634765625
-0.243942260742188 -0.141372680664062 0.569091796875 0.22900390625
-0.19879150390625 -0.112838745117188 0.34326171875 0.366668701171875
-0.221237182617188 -0.0712127685546875 0.254287719726563 0.245819091796875
-0.207489013671875 0.00555419921874997 0.151123046875 0.0555267333984375
-0.190475463867187 0.055328369140625 -0.151229858398438 -0.013336181640625
-0.133270263671875 0.159637451171875 -0.32342529296875 0.28594970703125
-0.0613250732421875 0.222488403320313 -0.22491455078125 0.56695556640625
-0.0482025146484375 0.203323364257813 -0.054931640625 0.61859130859375
-0.0343780517578125 0.212570190429688 0.0439453125 0.61236572265625
-0.0733642578125 0.210128784179688 0.0135498046875 0.543426513671875
-0.136322021484375 0.17608642578125 0.029571533203125 0.357879638671875
-0.196517944335938 0.128402709960937 0.044525146484375 0.22259521484375
-0.250686645507813 -0.00015258789062499 0.119857788085937 0.163528442382812
-0.2547607421875 -0.0780487060546875 0.332733154296875 0.147979736328125
-0.2220458984375 -0.0879058837890625 0.431243896484375 0.44384765625
-0.522705078125 -0.257843017578125 0.4669189453125 0.1806640625
-0.444305419921875 -0.176055908203125 0.2808837890625 0.355987548828125
-0.436065673828125 -0.127410888671875 0.26641845703125 0.232223510742187
-0.4102783203125 -0.013153076171875 0.173843383789062 0.044952392578125
-0.380950927734375 0.08416748046875 -0.103485107421875 -0.0474014282226562
-0.325775146484375 0.299713134765625 -0.271652221679687 0.210952758789063
-0.176513671875 0.42742919921875 -0.197479248046875 0.455078125
-0.133575439453125 0.4110107421875 -0.041839599609375 0.498199462890625
-0.106781005859375 0.449737548828125 0.047149658203125 0.49725341796875
-0.16986083984375 0.429412841796875 0.039703369140625 0.45831298828125
-0.29266357421875 0.3350830078125 0.05950927734375 0.297271728515625
-0.36865234375 0.239532470703125 0.0597991943359375 0.202713012695313
-0.446929931640625 0.011566162109375 0.0837860107421875 0.149673461914063
-0.488616943359375 -0.0986633300781249 0.237258911132812 0.142120361328125
-0.468902587890625 -0.1483154296875 0.3260498046875 0.398773193359375
-0.72235107421875 -0.3240966796875 0.30242919921875 0.082855224609375
-0.6273193359375 -0.19976806640625 0.198638916015625 0.292083740234375
-0.60162353515625 -0.1497802734375 0.274765014648437 0.165634155273438
-0.57257080078125 -0.00878906249999997 0.195388793945313 -0.006805419921875
-0.527008056640625 0.12530517578125 -0.039093017578125 -0.098846435546875
-0.46282958984375 0.418121337890625 -0.183425903320313 0.0972137451171875
-0.2618408203125 0.57244873046875 -0.141525268554688 0.27197265625
-0.20318603515625 0.553619384765625 -0.025115966796875 0.304901123046875
-0.17413330078125 0.61431884765625 0.03857421875 0.3135986328125
-0.2584228515625 0.577392578125 0.05389404296875 0.3135986328125
-0.420440673828125 0.433258056640625 0.0759429931640625 0.210052490234375
-0.493194580078125 0.30401611328125 0.048828125 0.17724609375
-0.57928466796875 0.01513671875 0.00157165527343747 0.137344360351563
-0.6483154296875 -0.10711669921875 0.0813064575195312 0.12750244140625
-0.6463623046875 -0.19140625 0.15594482421875 0.3206787109375
-0.80426025390625 -0.32513427734375 0.0987014770507812 -0.0485687255859375
-0.69964599609375 -0.17071533203125 0.08917236328125 0.183364868164062
-0.6710205078125 -0.13189697265625 0.24627685546875 0.0651702880859375
-0.649169921875 0.0166015624999999 0.195159912109375 -0.081695556640625
-0.5909423828125 0.1748046875 0.02728271484375 -0.167648315429688
-0.515838623046875 0.4967041015625 -0.0809173583984375 -0.0522384643554687
-0.2919921875 0.64300537109375 -0.0727691650390625 0.0423583984375
-0.244384765625 0.61102294921875 0.000671386718749988 0.0650978088378907
-0.2333984375 0.68255615234375 0.0410003662109375 0.0854873657226563
-0.3309326171875 0.61895751953125 0.0733718872070313 0.135345458984375
-0.504425048828125 0.433563232421875 0.0846099853515625 0.109954833984375
-0.54937744140625 0.291351318359375 0.0160675048828125 0.143264770507813
-0.61773681640625 -0.00427246093749993 -0.110275268554688 0.107757568359375
-0.71246337890625 -0.11712646484375 -0.106590270996094 0.087158203125
-0.73150634765625 -0.21832275390625 -0.0490417480468751 0.20806884765625
-0.7545166015625 -0.2642822265625 -0.110733032226563 -0.18170166015625
-0.64215087890625 -0.1116943359375 -0.047027587890625 0.0593490600585938
-0.6202392578125 -0.08929443359375 0.1671142578125 -0.027252197265625
-0.60992431640625 0.04852294921875 0.167709350585937 -0.15252685546875
-0.55078125 0.207000732421875 0.0770721435546875 -0.243118286132813
-0.4736328125 0.50909423828125 0.00489807128906246 -0.221847534179687
-0.2681884765625 0.61932373046875 -0.0153350830078125 -0.202987670898437
-0.2451171875 0.5811767578125 0.0290069580078125 -0.185928344726562
-0.265869140625 0.6383056640625 0.06585693359375 -0.147918701171875
-0.36798095703125 0.544769287109375 0.113632202148437 -0.0428009033203125
-0.51470947265625 0.334228515625 0.0983428955078125 0.0193328857421875
-0.51666259765625 0.204437255859375 -0.031097412109375 0.096527099609375
-0.552276611328125 -0.045196533203125 -0.223678588867188 0.038238525390625
-0.66961669921875 -0.12548828125 -0.277633666992188 0.00181579589843746
-0.7120361328125 -0.22222900390625 -0.255844116210938 0.0675811767578125
-0.58563232421875 -0.15936279296875 -0.2943115234375 -0.28936767578125
-0.47967529296875 -0.0438537597656249 -0.18310546875 -0.0465850830078125
-0.462982177734375 -0.0418090820312499 0.0648651123046875 -0.0840072631835938
-0.462615966796875 0.063018798828125 0.120620727539062 -0.1998291015625
-0.414764404296875 0.193389892578125 0.098785400390625 -0.308624267578125
-0.35302734375 0.43328857421875 0.049560546875 -0.381988525390625
-0.201904296875 0.50152587890625 0.011688232421875 -0.426788330078125
-0.205841064453125 0.465057373046875 0.05157470703125 -0.40887451171875
-0.25201416015625 0.502777099609375 0.1123046875 -0.3487548828125
-0.34130859375 0.385894775390625 0.178497314453125 -0.183792114257812
-0.43280029296875 0.186737060546875 0.118919372558594 -0.0400009155273437
-0.39361572265625 0.0894165039062499 -0.0764694213867188 0.0410537719726563
-0.40185546875 -0.0674438476562501 -0.301025390625 -0.0693664550781251
-0.53131103515625 -0.11212158203125 -0.39141845703125 -0.120513916015625
-0.5916748046875 -0.1866455078125 -0.430267333984375 -0.08001708984375
-0.331085205078125 -0.0460205078125 -0.416778564453125 -0.352020263671875
-0.250473022460937 0.007080078125 -0.285247802734375 -0.117156982421875
-0.235076904296875 -0.00538635253906251 -0.025115966796875 -0.102325439453125
-0.245819091796875 0.0435791015625 0.070648193359375 -0.221847534179687
-0.22320556640625 0.122772216796875 0.092620849609375 -0.3489990234375
-0.198028564453125 0.2679443359375 0.05157470703125 -0.498748779296875
-0.12188720703125 0.298980712890625 0.00469970703124994 -0.58984375
-0.1337890625 0.278732299804688 0.062744140625 -0.56854248046875
-0.186187744140625 0.294525146484375 0.166839599609375 -0.484710693359375
-0.239288330078125 0.19415283203125 0.247909545898437 -0.266250610351563
-0.27142333984375 0.04534912109375 0.135833740234375 -0.0613784790039062
-0.210861206054688 0.00172424316406249 -0.109344482421875 -0.0168991088867188
-0.211227416992188 -0.050323486328125 -0.320281982421875 -0.19122314453125
-0.32794189453125 -0.066253662109375 -0.428741455078125 -0.24713134765625
-0.38653564453125 -0.1160888671875 -0.553680419921875 -0.211151123046875
0.0664710998535156 -0.0147552490234375 0.62188720703125 0.20269775390625
0.0561141967773437 -0.0472869873046875 0.411895751953125 0.3251953125
0.00261402130126953 -0.0100994110107422 0.278152465820312 0.207611083984375
0.00486183166503906 0.0232391357421875 0.139373779296875 0.0260238647460938
0.0154399871826172 0.0231971740722656 -0.179000854492188 0.018157958984375
0.0714797973632813 -0.00518035888671875 -0.324981689453125 0.34136962890625
0.0613250732421875 -0.0184669494628906 -0.20684814453125 0.6236572265625
0.0447502136230469 -0.037841796875 -0.0426025390625 0.66827392578125
0.0482521057128906 -0.0570831298828125 0.047607421875 0.65545654296875
0.0436782836914062 -0.0348281860351562 -0.00506591796874997 0.57012939453125
0.0505828857421875 0.004791259765625 0.000732421875000025 0.389801025390625
0.0104122161865234 0.0189075469970703 0.0257720947265625 0.236541748046875
-0.0213909149169922 0.0103111267089844 0.129180908203125 0.17578125
0.0111713409423828 -0.03277587890625 0.369964599609375 0.134552001953125
0.05389404296875 -0.00775527954101563 0.481536865234375 0.4476318359375
-0.2559814453125 -0.134475708007813 0.59246826171875 0.21630859375
-0.209976196289063 -0.108078002929688 0.359588623046875 0.36859130859375
-0.22943115234375 -0.06036376953125 0.269668579101563 0.252395629882813
-0.212936401367188 0.0148773193359375 0.161102294921875 0.0551910400390625
-0.195281982421875 0.0649566650390625 -0.155776977539062 -0.00816345214843752
-0.130966186523438 0.169784545898437 -0.32379150390625 0.303497314453125
-0.054534912109375 0.231231689453125 -0.21588134765625 0.59295654296875
-0.0410308837890625 0.210357666015625 -0.03826904296875 0.640380859375
-0.025634765625 0.220947265625 0.0634765625 0.624755859375
-0.0663299560546875 0.2188720703125 0.0313720703125 0.551055908203125
-0.131973266601562 0.186782836914063 0.042724609375 0.35760498046875
-0.19744873046875 0.141342163085937 0.0567779541015625 0.220626831054688
-0.259674072265625 0.010894775390625 0.136123657226562 0.158584594726563
-0.267532348632813 -0.0701446533203126 0.3485107421875 0.136810302734375
-0.234878540039063 -0.0835113525390625 0.460174560546875 0.440460205078125
-0.54730224609375 -0.240875244140625 0.4815673828125 0.170623779296875
-0.46380615234375 -0.162506103515625 0.294219970703125 0.360595703125
-0.45361328125 -0.107666015625 0.27911376953125 0.237289428710937
-0.420196533203125 0.00411987304687504 0.183334350585937 0.042724609375
-0.390167236328125 0.0991821289062501 -0.109367370605469 -0.04486083984375
-0.32281494140625 0.32171630859375 -0.275894165039063 0.22589111328125
-0.168182373046875 0.44683837890625 -0.1895751953125 0.477935791015625
-0.12274169921875 0.4281005859375 -0.029754638671875 0.51715087890625
-0.0911254882812501 0.467254638671875 0.0625 0.509613037109375
-0.155975341796875 0.4490966796875 0.055267333984375 0.462188720703125
-0.287628173828125 0.35784912109375 0.0706787109375 0.294586181640625
-0.37054443359375 0.262786865234375 0.0690765380859375 0.199722290039063
-0.461334228515625 0.0304565429687501 0.095245361328125 0.148193359375
-0.508697509765625 -0.0786743164062501 0.248703002929687 0.134780883789063
-0.489227294921875 -0.136993408203125 0.35260009765625 0.396636962890625
-0.757080078125 -0.3001708984375 0.310302734375 0.0745849609375
-0.64996337890625 -0.1766357421875 0.209014892578125 0.2972412109375
-0.6236572265625 -0.122314453125 0.28546142578125 0.166046142578125
-0.58807373046875 0.0144042968750001 0.201889038085937 -0.011932373046875
-0.539642333984375 0.14495849609375 -0.0464248657226563 -0.0995941162109375
-0.4630126953125 0.448486328125 -0.18865966796875 0.10595703125
-0.25103759765625 0.60052490234375 -0.139129638671875 0.28717041015625
-0.18988037109375 0.57672119140625 -0.016876220703125 0.31634521484375
-0.15673828125 0.63909912109375 0.046966552734375 0.320343017578125
-0.241455078125 0.60235595703125 0.0660400390624999 0.3150634765625
-0.416229248046875 0.46209716796875 0.0829010009765625 0.203414916992188
-0.494964599609375 0.332244873046875 0.0550384521484375 0.173995971679688
-0.59747314453125 0.0405273437500001 0.00982666015624996 0.139877319335938
-0.6737060546875 -0.0788574218749999 0.0878982543945312 0.126686096191406
-0.673095703125 -0.173583984375 0.17529296875 0.322998046875
-0.8406982421875 -0.2969970703125 0.0949783325195312 -0.0539016723632813
-0.72198486328125 -0.1446533203125 0.09283447265625 0.188796997070312
-0.69390869140625 -0.1009521484375 0.250350952148438 0.061431884765625
-0.665771484375 0.0441894531249999 0.196044921875 -0.0895843505859375
-0.60546875 0.197998046875 0.0188140869140625 -0.171310424804687
-0.51641845703125 0.531646728515625 -0.0893325805664063 -0.0503387451171875
-0.27886962890625 0.67333984375 -0.074951171875 0.048553466796875
-0.2314453125 0.6380615234375 0.00201034545898435 0.0681533813476563
-0.21630859375 0.711669921875 0.0424880981445312 0.0864715576171875
-0.3154296875 0.646484375 0.0805206298828125 0.1319580078125
-0.500396728515625 0.465484619140625 0.0886306762695312 0.101188659667969
-0.552642822265625 0.319976806640625 0.0190505981445312 0.140449523925781
-0.63519287109375 0.0204467773437499 -0.108436584472656 0.114608764648438
-0.73797607421875 -0.08416748046875 -0.104934692382813 0.0919342041015625
-0.76025390625 -0.1956787109375 -0.040435791015625 0.213287353515625
-0.78509521484375 -0.23675537109375 -0.126419067382813 -0.184310913085938
-0.6605224609375 -0.08721923828125 -0.0502777099609375 0.0648193359375
-0.64093017578125 -0.05999755859375 0.163787841796875 -0.0316619873046875
-0.624755859375 0.0745239257812499 0.163497924804687 -0.16015625
-0.560943603515625 0.228363037109375 0.067962646484375 -0.249069213867188
-0.471221923828125 0.542755126953125 -0.00558471679687505 -0.226272583007812
-0.25762939453125 0.646728515625 -0.022369384765625 -0.208221435546875
-0.23388671875 0.60748291015625 0.0235137939453125 -0.193588256835937
-0.25006103515625 0.66790771484375 0.060455322265625 -0.156326293945312
-0.3568115234375 0.572265625 0.117034912109375 -0.0515670776367187
-0.516143798828125 0.3638916015625 0.100181579589844 0.0100250244140625
-0.5205078125 0.228485107421875 -0.032562255859375 0.0951004028320313
-0.56915283203125 -0.0216064453125001 -0.22955322265625 0.0481414794921875
-0.69366455078125 -0.0950927734375 -0.282623291015625 0.00988769531249999
-0.73931884765625 -0.20257568359375 -0.25738525390625 0.0764617919921875
-0.60870361328125 -0.1365966796875 -0.31915283203125 -0.28802490234375
-0.49066162109375 -0.024749755859375 -0.19464111328125 -0.041259765625
-0.475341796875 -0.01904296875 0.05657958984375 -0.0877227783203125
-0.47393798828125 0.0838317871093749 0.112380981445312 -0.206558227539062
-0.421722412109375 0.21197509765625 0.088897705078125 -0.3150634765625
-0.349090576171875 0.46087646484375 0.0369873046875 -0.390625
-0.191925048828125 0.523590087890625 -0.000885009765625026 -0.440032958984375
-0.197021484375 0.485870361328125 0.039703369140625 -0.4254150390625
-0.24200439453125 0.52459716796875 0.10302734375 -0.36492919921875
-0.334259033203125 0.408660888671875 0.179031372070313 -0.19732666015625
-0.438323974609375 0.20697021484375 0.119667053222656 -0.0492324829101562
-0.39813232421875 0.10498046875 -0.0821075439453125 0.0407333374023438
-0.414520263671875 -0.05169677734375 -0.313079833984375 -0.06121826171875
-0.550537109375 -0.086029052734375 -0.40325927734375 -0.111053466796875
-0.61419677734375 -0.16802978515625 -0.443145751953125 -0.06915283203125
-0.342681884765625 -0.033233642578125 -0.446746826171875 -0.349884033203125
-0.254592895507813 0.017303466796875 -0.302154541015625 -0.110595703125
-0.240585327148438 0.00698852539062503 -0.036407470703125 -0.103157043457031
-0.251678466796875 0.055145263671875 0.0606689453125 -0.225555419921875
-0.225723266601563 0.1322021484375 0.082000732421875 -0.35546875
-0.1953125 0.2845458984375 0.035125732421875 -0.509918212890625
-0.115570068359375 0.311798095703125 -0.01226806640625 -0.60577392578125
-0.12969970703125 0.292388916015625 0.04583740234375 -0.59063720703125
-0.181854248046875 0.3084716796875 0.156097412109375 -0.5064697265625
-0.237457275390625 0.20648193359375 0.2471923828125 -0.283538818359375
-0.276382446289062 0.0558319091796875 0.136383056640625 -0.070098876953125
-0.213638305664063 0.00875854492187496 -0.117843627929688 -0.0159683227539063
-0.217239379882813 -0.04095458984375 -0.337005615234375 -0.186737060546875
-0.338653564453125 -0.0483703613281251 -0.445587158203125 -0.24053955078125
-0.399993896484375 -0.1026611328125 -0.5748291015625 -0.19793701171875
0.0679855346679688 -0.018402099609375 0.65155029296875 0.17047119140625
0.0523681640625 -0.0536956787109375 0.436676025390625 0.314971923828125
0.00155830383300781 -0.0111360549926758 0.30047607421875 0.20794677734375
0.00587272644042969 0.0232582092285156 0.149551391601563 0.0221405029296875
0.0155601501464844 0.0252666473388672 -0.182205200195312 0.0296783447265625
0.07244873046875 -0.008819580078125 -0.31207275390625 0.3697509765625
0.0615158081054688 -0.0222549438476563 -0.17462158203125 0.6573486328125
0.0449485778808594 -0.0419998168945313 -0.00695800781250002 0.6920166015625
0.047882080078125 -0.0615043640136719 0.08447265625 0.668212890625
0.043121337890625 -0.0380287170410156 0.0260620117187499 0.57891845703125
0.0529861450195313 0.0028839111328125 0.024169921875 0.390533447265625
0.0116043090820313 0.0211467742919922 0.0457611083984375 0.232772827148437
-0.0218467712402344 0.0125904083251953 0.15240478515625 0.163726806640625
0.0065460205078125 -0.0360221862792969 0.38946533203125 0.110504150390625
0.0514373779296875 -0.012237548828125 0.523345947265625 0.430145263671875
-0.271499633789063 -0.1187744140625 0.61883544921875 0.185791015625
-0.22296142578125 -0.096710205078125 0.386383056640625 0.3631591796875
-0.23779296875 -0.0446014404296875 0.294219970703125 0.2540283203125
-0.216766357421875 0.02899169921875 0.172714233398438 0.0493011474609375
-0.197616577148438 0.0796356201171875 -0.160247802734375 0.000320434570312472
-0.123809814453125 0.183792114257813 -0.31549072265625 0.33160400390625
-0.0435028076171875 0.24151611328125 -0.18707275390625 0.62841796875
-0.0293731689453125 0.218765258789063 -0.00396728515625005 0.6632080078125
-0.0110321044921875 0.22906494140625 0.09783935546875 0.6376953125
-0.0526275634765625 0.2291259765625 0.062103271484375 0.5570068359375
-0.123931884765625 0.20159912109375 0.0633544921875 0.35516357421875
-0.194549560546875 0.160491943359375 0.0736236572265625 0.214431762695312
-0.266403198242188 0.0302734375 0.15655517578125 0.148300170898438
-0.28192138671875 -0.053619384765625 0.36724853515625 0.114105224609375
-0.25048828125 -0.0714569091796875 0.50152587890625 0.42486572265625
-0.57769775390625 -0.20831298828125 0.50506591796875 0.147308349609375
-0.487030029296875 -0.133758544921875 0.317169189453125 0.358154296875
-0.46990966796875 -0.0759277343749999 0.300933837890625 0.236053466796875
-0.429840087890625 0.0320739746093749 0.194122314453125 0.034423828125
-0.3966064453125 0.125823974609375 -0.116378784179688 -0.0391921997070313
-0.312225341796875 0.352508544921875 -0.272598266601562 0.248428344726563
-0.147430419921875 0.470184326171875 -0.170440673828125 0.506988525390625
-0.100494384765625 0.4468994140625 -0.000183105468750023 0.536407470703125
-0.064422607421875 0.488067626953125 0.0897216796875 0.51953125
-0.130218505859375 0.469024658203125 0.08251953125 0.465606689453125
-0.272705078125 0.385894775390625 0.088653564453125 0.286712646484375
-0.365203857421875 0.296051025390625 0.0828857421875 0.193038940429688
-0.473846435546875 0.0643615722656251 0.112396240234375 0.140975952148438
-0.52960205078125 -0.044647216796875 0.26446533203125 0.119827270507813
-0.514617919921875 -0.10858154296875 0.3878173828125 0.38714599609375
-0.7957763671875 -0.255126953125 0.319305419921875 0.059295654296875
-0.6778564453125 -0.13848876953125 0.226409912109375 0.298126220703125
-0.64453125 -0.07708740234375 0.30035400390625 0.160919189453125
-0.599609375 0.0557861328125 0.2071533203125 -0.02264404296875
-0.54791259765625 0.1812744140625 -0.0558242797851563 -0.0975799560546875
-0.447479248046875 0.49072265625 -0.192581176757813 0.121688842773438
-0.22247314453125 0.63372802734375 -0.12774658203125 0.30718994140625
-0.16241455078125 0.6038818359375 0.00112915039062502 0.329437255859375
-0.12030029296875 0.66864013671875 0.0640869140625 0.325225830078125
-0.208251953125 0.63226318359375 0.085174560546875 0.313812255859375
-0.398101806640625 0.500274658203125 0.094818115234375 0.194061279296875
-0.48785400390625 0.374603271484375 0.065826416015625 0.1683349609375
-0.61016845703125 0.0833129882812499 0.0221023559570312 0.139434814453125
-0.697509765625 -0.03155517578125 0.0988311767578125 0.122428894042969
-0.7041015625 -0.133544921875 0.202667236328125 0.3197021484375
-0.88348388671875 -0.24774169921875 0.0895080566406249 -0.0593948364257813
-0.745849609375 -0.09979248046875 0.100418090820312 0.193984985351563
-0.7135009765625 -0.05224609375 0.255279541015625 0.053985595703125
-0.679443359375 0.0895996093750001 0.19427490234375 -0.101943969726563
-0.613525390625 0.23712158203125 0.00637817382812496 -0.173721313476562
-0.49884033203125 0.580078125 -0.098388671875 -0.044403076171875
-0.24884033203125 0.7103271484375 -0.0751724243164063 0.0569915771484375
-0.2003173828125 0.67230224609375 0.00580596923828124 0.0716552734375
-0.17852783203125 0.746337890625 0.0452957153320312 0.0845870971679688
-0.2813720703125 0.681640625 0.0891952514648437 0.126716613769531
-0.487091064453125 0.507781982421875 0.0948104858398437 0.0898895263671875
-0.54669189453125 0.364959716796875 0.0246429443359375 0.136329650878906
-0.650146484375 0.0657348632812501 -0.101829528808594 0.123115539550781
-0.7633056640625 -0.0297851562499998 -0.100715637207031 0.099334716796875
-0.79425048828125 -0.152099609375 -0.0254516601562501 0.219375610351563
-0.82135009765625 -0.18902587890625 -0.147842407226563 -0.181076049804688
-0.67767333984375 -0.0443725585937501 -0.0547637939453125 0.0728759765625
-0.65679931640625 -0.0147094726562501 0.159210205078125 -0.03851318359375
-0.63623046875 0.1182861328125 0.154556274414063 -0.17059326171875
-0.56634521484375 0.2667236328125 0.0529174804687499 -0.254302978515625
-0.4508056640625 0.58880615234375 -0.0207061767578125 -0.228317260742188
-0.22589111328125 0.68328857421875 -0.0356903076171875 -0.211181640625
-0.20623779296875 0.63995361328125 0.01324462890625 -0.199935913085937
-0.21673583984375 0.7037353515625 0.0510406494140625 -0.166152954101562
-0.3292236328125 0.60693359375 0.116958618164063 -0.0634384155273437
-0.50677490234375 0.405364990234375 0.100723266601562 -0.00306701660156247
-0.51898193359375 0.26593017578125 -0.0309600830078125 0.0946578979492188
-0.58172607421875 0.0179443359375001 -0.23284912109375 0.062744140625
-0.71588134765625 -0.0435791015625001 -0.287811279296875 0.0259399414062499
-0.77117919921875 -0.1575927734375 -0.257247924804688 0.09161376953125
-0.6329345703125 -0.0976562499999999 -0.353363037109375 -0.277099609375
-0.499786376953125 0.00653076171875008 -0.208953857421875 -0.027740478515625
-0.48486328125 0.0158996582031251 0.0446014404296875 -0.0890426635742188
-0.480865478515625 0.117340087890625 0.098114013671875 -0.213272094726563
-0.4228515625 0.240966796875 0.07196044921875 -0.3218994140625
-0.330963134765625 0.49798583984375 0.0142517089843749 -0.400360107421875
-0.166595458984375 0.551605224609375 -0.026092529296875 -0.453094482421875
-0.1744384765625 0.513031005859375 0.0164794921875 -0.4423828125
-0.2186279296875 0.5557861328125 0.08319091796875 -0.384063720703125
-0.31719970703125 0.4381103515625 0.173171997070312 -0.217330932617188
-0.436859130859375 0.23773193359375 0.117263793945312 -0.0621414184570312
-0.398956298828125 0.1322021484375 -0.0867233276367188 0.04376220703125
-0.424652099609375 -0.0220642089843749 -0.326385498046875 -0.044830322265625
-0.56915283203125 -0.044189453125 -0.417816162109375 -0.091644287109375
-0.64056396484375 -0.1334228515625 -0.457611083984375 -0.0469360351562501
-0.3524169921875 -0.0106811523437499 -0.487060546875 -0.333770751953125
-0.2569580078125 0.0328521728515626 -0.32373046875 -0.09356689453125
-0.244369506835938 0.0245819091796876 -0.0524826049804688 -0.0985107421875
-0.254150390625 0.0735931396484375 0.04315185546875 -0.2276611328125
-0.2257080078125 0.14801025390625 0.062591552734375 -0.361328125
-0.184844970703125 0.305816650390625 0.00836181640624995 -0.520965576171875
-0.100616455078125 0.328125 -0.04638671875 -0.62481689453125
-0.115997314453125 0.3087158203125 0.0143432617187499 -0.6129150390625
-0.16986083984375 0.328338623046875 0.129791259765625 -0.53326416015625
-0.23150634765625 0.223480224609375 0.238800048828125 -0.309051513671875
-0.279632568359375 0.072662353515625 0.133232116699219 -0.0816116333007813
-0.215850830078125 0.02081298828125 -0.127143859863281 -0.0118331909179687
-0.222061157226563 -0.0248870849609375 -0.359222412109375 -0.174072265625
-0.348480224609375 -0.0217285156250001 -0.46563720703125 -0.222412109375
-0.41485595703125 -0.0792541503906251 -0.6014404296875 -0.17095947265625
0.0675239562988281 -0.0221214294433594 0.6673583984375 0.1221923828125
0.0443077087402344 -0.0592536926269531 0.45794677734375 0.29083251953125
0.000972747802734376 -0.0119743347167969 0.32415771484375 0.1976318359375
0.00630950927734375 0.0227222442626953 0.15802001953125 0.0141448974609375
0.0159263610839844 0.0274467468261719 -0.178802490234375 0.043914794921875
0.0713882446289063 -0.0132980346679688 -0.286376953125 0.396575927734375
0.0614356994628906 -0.0261993408203125 -0.12762451171875 0.68023681640625
0.043487548828125 -0.0466880798339844 0.04241943359375 0.6998291015625
0.0460128784179687 -0.0659065246582031 0.12774658203125 0.66632080078125
0.0413360595703125 -0.040191650390625 0.06353759765625 0.5721435546875
0.0548553466796875 -0.0004425048828125 0.050811767578125 0.37933349609375
0.0122547149658203 0.0241127014160156 0.0661163330078125 0.220184326171875
-0.0224895477294922 0.0155105590820313 0.174118041992188 0.141525268554688
-2.67028808593751E-05 -0.0392799377441406 0.40130615234375 0.075286865234375
0.0471115112304688 -0.0163459777832031 0.561431884765625 0.394744873046875
-0.280960083007813 -0.096221923828125 0.63653564453125 0.141357421875
-0.23175048828125 -0.0785980224609375 0.4093017578125 0.343353271484375
-0.240081787109375 -0.02496337890625 0.317291259765625 0.2430419921875
-0.213653564453125 0.047576904296875 0.183761596679687 0.0395660400390625
-0.193862915039063 0.0964508056640625 -0.15966796875 0.0137481689453125
-0.1099853515625 0.195236206054688 -0.293792724609375 0.3575439453125
-0.0250396728515625 0.2489013671875 -0.14263916015625 0.65057373046875
-0.01312255859375 0.22186279296875 0.0433349609375 0.67340087890625
0.00701904296875 0.2313232421875 0.13995361328125 0.63665771484375
-0.0332489013671875 0.235198974609375 0.098175048828125 0.547760009765625
-0.108932495117188 0.212295532226563 0.085845947265625 0.340606689453125
-0.182846069335938 0.178634643554688 0.091339111328125 0.200485229492188
-0.266769409179687 0.0522308349609375 0.176101684570313 0.128280639648438
-0.29144287109375 -0.0298156738281249 0.377471923828125 0.0823974609375
-0.260025024414062 -0.0513305664062499 0.538421630859375 0.3890380859375
-0.5958251953125 -0.160888671875 0.51824951171875 0.112823486328125
-0.500152587890625 -0.0950622558593751 0.34033203125 0.344635009765625
-0.472259521484375 -0.0331420898437499 0.320953369140625 0.22613525390625
-0.4266357421875 0.068115234375 0.200759887695312 0.0237579345703125
-0.390289306640625 0.156097412109375 -0.118522644042969 -0.0302505493164062
-0.287628173828125 0.3800048828125 -0.259078979492188 0.271743774414063
-0.113861083984375 0.4873046875 -0.13519287109375 0.526824951171875
-0.068206787109375 0.458282470703125 0.03790283203125 0.544036865234375
-0.026092529296875 0.4970703125 0.123748779296875 0.517364501953125
-0.092926025390625 0.479736328125 0.11285400390625 0.456024169921875
-0.24346923828125 0.4090576171875 0.105712890625 0.271682739257813
-0.342498779296875 0.32818603515625 0.09661865234375 0.17926025390625
-0.469970703125 0.10302734375 0.128623962402344 0.126327514648438
-0.536895751953125 0.00189208984375011 0.274154663085937 0.0982818603515625
-0.527008056640625 -0.0691833496093751 0.422210693359375 0.359039306640625
-0.81903076171875 -0.190673828125 0.323638916015625 0.03814697265625
-0.689697265625 -0.0820312500000001 0.2449951171875 0.291534423828125
-0.648193359375 -0.0210571289062501 0.312347412109375 0.14892578125
-0.59478759765625 0.1044921875 0.208221435546875 -0.035552978515625
-0.540374755859375 0.22186279296875 -0.0640335083007813 -0.0900650024414063
-0.4151611328125 0.5283203125 -0.189285278320313 0.140274047851562
-0.17926025390625 0.65948486328125 -0.10711669921875 0.32440185546875
-0.1197509765625 0.62188720703125 0.024993896484375 0.335052490234375
-0.07135009765625 0.68377685546875 0.084014892578125 0.323944091796875
-0.159423828125 0.6484375 0.105072021484375 0.303466796875
-0.363128662109375 0.535491943359375 0.104049682617187 0.178207397460938
-0.460906982421875 0.418182373046875 0.0760345458984375 0.156265258789063
-0.605224609375 0.1331787109375 0.0363693237304687 0.133697509765625
-0.70172119140625 0.0294799804687501 0.108322143554687 0.112510681152344
-0.7197265625 -0.0786132812500001 0.231201171875 0.304290771484375
-0.9066162109375 -0.17498779296875 0.0815963745117187 -0.0647125244140625
-0.7530517578125 -0.0372924804687499 0.110336303710937 0.195068359375
-0.71441650390625 0.00939941406250014 0.254745483398437 0.0447845458984375
-0.67352294921875 0.145263671875 0.186126708984375 -0.112319946289063
-0.60186767578125 0.2828369140625 -0.00965881347656252 -0.171051025390625
-0.458740234375 0.62518310546875 -0.105697631835938 -0.0334701538085937
-0.1998291015625 0.73992919921875 -0.0714569091796875 0.0662994384765625
-0.1544189453125 0.69415283203125 0.01287841796875 0.0727386474609375
-0.1239013671875 0.7669677734375 0.0490188598632812 0.0810699462890625
-0.22991943359375 0.70391845703125 0.0970535278320312 0.114181518554688
-0.451385498046875 0.547882080078125 0.0963134765625 0.0740127563476563
-0.520904541015625 0.408721923828125 0.0306930541992187 0.130477905273438
-0.64642333984375 0.11871337890625 -0.091796875 0.128707885742188
-0.7674560546875 0.03778076171875 -0.0916519165039063 0.104393005371094
-0.8101806640625 -0.0885620117187499 -0.00662231445312504 0.219451904296875
-0.8408203125 -0.12054443359375 -0.168685913085938 -0.1676025390625
-0.67864990234375 0.00781250000000002 -0.056304931640625 0.0843734741210938
-0.65435791015625 0.0416259765625 0.149612426757812 -0.0431060791015625
-0.62823486328125 0.1678466796875 0.137969970703125 -0.177993774414062
-0.552001953125 0.30902099609375 0.0328674316406249 -0.251876831054687
-0.4114990234375 0.62982177734375 -0.03948974609375 -0.22320556640625
-0.17974853515625 0.70819091796875 -0.0510101318359375 -0.20947265625
-0.161865234375 0.65997314453125 0.000854492187499974 -0.202423095703125
-0.16754150390625 0.72607421875 0.0374298095703125 -0.1728515625
-0.2843017578125 0.63128662109375 0.112319946289062 -0.077880859375
-0.480804443359375 0.444915771484375 0.0970077514648437 -0.0176620483398437
-0.49810791015625 0.307098388671875 -0.0306167602539063 0.0937881469726563
-0.5799560546875 0.06744384765625 -0.227493286132813 0.0787200927734375
-0.71929931640625 0.0221557617187499 -0.284759521484375 0.044525146484375
-0.78662109375 -0.0958862304687501 -0.248947143554688 0.108810424804687
-0.64337158203125 -0.0452880859375 -0.38275146484375 -0.249908447265625
-0.49713134765625 0.045318603515625 -0.2196044921875 -0.00753784179687504
-0.479339599609375 0.0564880371093749 0.0286026000976562 -0.0852279663085938
-0.472076416015625 0.1563720703125 0.078033447265625 -0.214035034179687
-0.409942626953125 0.270782470703125 0.04888916015625 -0.31988525390625
-0.29718017578125 0.5279541015625 -0.01263427734375 -0.39776611328125
-0.1287841796875 0.5693359375 -0.0574951171875 -0.454681396484375
-0.13818359375 0.5308837890625 -0.015411376953125 -0.448150634765625
-0.18035888671875 0.57818603515625 0.053924560546875 -0.3970947265625
-0.285888671875 0.461151123046875 0.158920288085937 -0.235321044921875
-0.422149658203125 0.27117919921875 0.110107421875 -0.0747756958007812
-0.386871337890625 0.161285400390625 -0.0899734497070313 0.047821044921875
-0.424041748046875 0.013824462890625 -0.3316650390625 -0.0229187011718751
-0.57220458984375 0.0101318359374999 -0.4229736328125 -0.064544677734375
-0.65277099609375 -0.082275390625 -0.46087646484375 -0.0156860351562499
-0.35430908203125 0.0186462402343749 -0.52215576171875 -0.3004150390625
-0.253082275390625 0.0519256591796875 -0.34149169921875 -0.0657043457031251
-0.23809814453125 0.0471954345703125 -0.068145751953125 -0.0887680053710938
-0.24981689453125 0.0935211181640625 0.02215576171875 -0.223251342773438
-0.2181396484375 0.162796020507813 0.03936767578125 -0.358062744140625
-0.16192626953125 0.325408935546875 -0.025482177734375 -0.520172119140625
-0.07696533203125 0.3394775390625 -0.0886230468749999 -0.62640380859375
-0.0938720703125 0.3214111328125 -0.02996826171875 -0.6204833984375
-0.148956298828125 0.343780517578125 0.089599609375 -0.551849365234375
-0.216293334960938 0.239669799804688 0.21844482421875 -0.330718994140625
-0.276412963867188 0.091644287109375 0.1253662109375 -0.09356689453125
-0.211074829101563 0.0348052978515625 -0.134376525878906 -0.00374603271484372
-0.221237182617188 -0.00535583496093753 -0.375823974609375 -0.1507568359375
-0.3492431640625 0.012054443359375 -0.48114013671875 -0.19293212890625
-0.422515869140625 -0.04736328125 -0.615966796875 -0.12646484375
0.0664596557617187 -0.0251960754394531 0.66259765625 0.07427978515625
0.0377616882324219 -0.0641250610351563 0.468048095703125 0.26263427734375
-0.000311851501464844 -0.0152759552001953 0.338775634765625 0.18182373046875
0.007476806640625 0.0204124450683594 0.163681030273438 0.006011962890625
0.0169582366943359 0.0274143218994141 -0.171493530273437 0.0550537109375
0.0704345703125 -0.0177078247070313 -0.2529296875 0.4095458984375
0.0595588684082031 -0.0297889709472656 -0.0803833007812499 0.68359375
0.0398292541503906 -0.049713134765625 0.08551025390625 0.69091796875
0.0422210693359375 -0.0688438415527344 0.16180419921875 0.64776611328125
0.0412673950195313 -0.0408859252929688 0.090972900390625 0.55242919921875
0.054290771484375 -0.00140762329101563 0.068145751953125 0.35870361328125
0.0151729583740234 0.0245418548583984 0.08087158203125 0.197006225585938
-0.0230789184570313 0.0185642242431641 0.187393188476562 0.111892700195312
-0.00691604614257813 -0.0416793823242188 0.399444580078125 0.03997802734375
0.0425643920898438 -0.0200424194335938 0.58123779296875 0.3494873046875
-0.279006958007812 -0.070953369140625 0.632080078125 0.09649658203125
-0.2364501953125 -0.060546875 0.42303466796875 0.31964111328125
-0.233734130859375 -0.00605773925781252 0.334503173828125 0.231201171875
-0.207626342773438 0.0621185302734375 0.18963623046875 0.0332794189453125
-0.183441162109375 0.109756469726562 -0.154861450195312 0.0238494873046875
-0.09326171875 0.200592041015625 -0.2691650390625 0.36920166015625
-0.00767517089843752 0.247802734375 -0.09869384765625 0.658447265625
0.00344848632812499 0.217575073242188 0.083251953125 0.6651611328125
0.02569580078125 0.226791381835938 0.17340087890625 0.6177978515625
-0.0155792236328125 0.23175048828125 0.1236572265625 0.5272216796875
-0.0915374755859375 0.216934204101563 0.09844970703125 0.316497802734375
-0.165390014648437 0.192977905273438 0.101409912109375 0.177993774414063
-0.25799560546875 0.072509765625 0.186782836914062 0.100265502929687
-0.288787841796875 -0.00720214843749995 0.377471923828125 0.049224853515625
-0.260635375976563 -0.0294647216796875 0.558013916015625 0.34686279296875
-0.5943603515625 -0.112548828125 0.514312744140625 0.076751708984375
-0.495361328125 -0.0553283691406249 0.35430908203125 0.328460693359375
-0.462127685546875 0.00430297851562505 0.332183837890625 0.212677001953125
-0.40966796875 0.097381591796875 0.205825805664063 0.0155792236328125
-0.373321533203125 0.1778564453125 -0.117034912109375 -0.0197601318359375
-0.25726318359375 0.393524169921875 -0.241424560546875 0.28558349609375
-0.0805969238281249 0.493377685546875 -0.098846435546875 0.536163330078125
-0.039337158203125 0.456329345703125 0.07379150390625 0.536895751953125
0.00817871093749995 0.491912841796875 0.151397705078125 0.503204345703125
-0.057891845703125 0.476959228515625 0.13330078125 0.434967041015625
-0.213653564453125 0.42059326171875 0.110626220703125 0.249069213867188
-0.312896728515625 0.350006103515625 0.1053466796875 0.158676147460938
-0.454193115234375 0.13543701171875 0.137214660644531 0.104888916015625
-0.5279541015625 0.0421752929687499 0.277908325195312 0.0729522705078125
-0.524078369140625 -0.0284423828125001 0.441650390625 0.321929931640625
-0.8175048828125 -0.12567138671875 0.316162109375 0.017608642578125
-0.67877197265625 -0.030517578125 0.255752563476562 0.281082153320313
-0.62994384765625 0.0289306640625 0.31597900390625 0.13641357421875
-0.57318115234375 0.14459228515625 0.203643798828125 -0.0421295166015625
-0.5189208984375 0.25067138671875 -0.0712051391601563 -0.0827407836914062
-0.37017822265625 0.55047607421875 -0.179855346679688 0.154342651367188
-0.134765625 0.6624755859375 -0.083740234375 0.33349609375
-0.078369140625 0.6197509765625 0.050445556640625 0.33160400390625
-0.0247802734375 0.68133544921875 0.1015625 0.316864013671875
-0.11029052734375 0.6475830078125 0.11883544921875 0.28411865234375
-0.3192138671875 0.55078125 0.10595703125 0.158172607421875
-0.420745849609375 0.442230224609375 0.08184814453125 0.138359069824219
-0.58251953125 0.1761474609375 0.0482330322265625 0.12188720703125
-0.68426513671875 0.0860595703124999 0.115188598632812 0.100639343261719
-0.711181640625 -0.02490234375 0.2491455078125 0.280120849609375
-0.89923095703125 -0.10357666015625 0.0723266601562499 -0.0641555786132813
-0.7349853515625 0.0177612304687498 0.117202758789062 0.196075439453125
-0.69384765625 0.0640869140625001 0.250564575195312 0.036773681640625
-0.6474609375 0.187744140625 0.174453735351562 -0.117477416992187
-0.57464599609375 0.31640625 -0.018829345703125 -0.160476684570312
-0.4122314453125 0.6485595703125 -0.106536865234375 -0.0186691284179687
-0.14886474609375 0.7435302734375 -0.0657730102539063 0.074981689453125
-0.1092529296875 0.696044921875 0.017120361328125 0.0722427368164063
-0.0736083984375 0.76593017578125 0.0501556396484375 0.0769500732421876
-0.179931640625 0.70587158203125 0.0981063842773438 0.103271484375
-0.407958984375 0.56903076171875 0.0915908813476562 0.0562591552734375
-0.48370361328125 0.43902587890625 0.0353240966796875 0.121040344238281
-0.6209716796875 0.16070556640625 -0.0778884887695313 0.125656127929688
-0.74609375 0.0961914062500001 -0.0819244384765625 0.105339050292969
-0.79595947265625 -0.0277099609375001 0.0127563476562499 0.211685180664063
-0.8316650390625 -0.0549926757812501 -0.181167602539063 -0.148956298828125
-0.66033935546875 0.0571289062499999 -0.0560989379882813 0.0944595336914062
-0.626708984375 0.0864868164062499 0.137840270996094 -0.0410842895507812
-0.599853515625 0.2093505859375 0.1204833984375 -0.17620849609375
-0.52984619140625 0.339447021484375 0.0174255371093749 -0.243423461914062
-0.36358642578125 0.65106201171875 -0.0545806884765625 -0.211181640625
-0.13006591796875 0.71221923828125 -0.061614990234375 -0.20074462890625
-0.1181640625 0.66168212890625 -0.013580322265625 -0.203109741210938
-0.12139892578125 0.72894287109375 0.0222625732421875 -0.176605224609375
-0.23870849609375 0.63739013671875 0.102317810058594 -0.0899276733398437
-0.443878173828125 0.46759033203125 0.0865402221679687 -0.033050537109375
-0.46820068359375 0.33575439453125 -0.0307769775390625 0.0898666381835938
-0.55963134765625 0.1048583984375 -0.216064453125 0.091033935546875
-0.69580078125 0.0814208984374999 -0.274505615234375 0.0577392578125
-0.7774658203125 -0.0358276367187499 -0.235427856445313 0.119903564453125
-0.6324462890625 0.002685546875 -0.398651123046875 -0.215087890625
-0.4794921875 0.0788574218750001 -0.223052978515625 0.01568603515625
-0.459136962890625 0.088348388671875 0.0157699584960937 -0.073516845703125
-0.45184326171875 0.1856689453125 0.0611114501953125 -0.206298828125
-0.388580322265625 0.290130615234375 0.029571533203125 -0.30914306640625
-0.25738525390625 0.54168701171875 -0.0361328125 -0.3857421875
-0.09027099609375 0.57098388671875 -0.0839538574218751 -0.44482421875
-0.103790283203125 0.53277587890625 -0.04376220703125 -0.44219970703125
-0.14111328125 0.58331298828125 0.025115966796875 -0.397613525390625
-0.250762939453125 0.4677734375 0.140518188476562 -0.245513916015625
-0.3966064453125 0.291839599609375 0.0971908569335938 -0.085052490234375
-0.36676025390625 0.180328369140625 -0.0912246704101563 0.050262451171875
-0.405303955078125 0.0444335937500001 -0.328125 -0.00439453124999998
-0.5521240234375 0.055419921875 -0.416168212890625 -0.04266357421875
-0.64678955078125 -0.0335693359375 -0.452484130859375 0.0130920410156251
-0.34564208984375 0.0444030761718749 -0.537750244140625 -0.258514404296875
-0.241561889648438 0.0670776367187501 -0.344696044921875 -0.0347595214843749
-0.225921630859375 0.0624847412109375 -0.081146240234375 -0.0722503662109375
-0.236373901367188 0.109054565429687 0.004425048828125 -0.206802368164063
-0.206039428710937 0.173355102539063 0.019500732421875 -0.34307861328125
-0.142486572265625 0.331695556640625 -0.052520751953125 -0.503265380859375
-0.055023193359375 0.341888427734375 -0.1240234375 -0.61419677734375
-0.0748291015625 0.322113037109375 -0.0699462890625 -0.6148681640625
-0.127471923828125 0.349822998046875 0.0536499023437499 -0.554107666015625
-0.199737548828125 0.24505615234375 0.19580078125 -0.341522216796875
-0.26336669921875 0.105377197265625 0.11407470703125 -0.0999603271484375
-0.2020263671875 0.0460357666015625 -0.139289855957031 0.00504302978515627
-0.210830688476563 0.01177978515625 -0.37994384765625 -0.1282958984375
-0.3369140625 0.04193115234375 -0.479156494140625 -0.16650390625
-0.415374755859375 -0.0155029296875 -0.6124267578125 -0.0891113281249999
0.066497802734375 -0.0274467468261719 0.64697265625 0.04168701171875
0.0311470031738281 -0.0626907348632812 0.464599609375 0.24676513671875
-0.00397300720214844 -0.0156927108764648 0.34893798828125 0.17437744140625
0.0045166015625 0.0199203491210938 0.169921875 0.001220703125
0.0170478820800781 0.0335483551025391 -0.1602783203125 0.0616912841796875
0.0694351196289063 -0.0175590515136719 -0.230560302734375 0.411376953125
0.0610466003417969 -0.0280265808105469 -0.0482788085937499 0.67962646484375
0.0387687683105469 -0.050628662109375 0.112548828125 0.68011474609375
0.0422134399414063 -0.071380615234375 0.18023681640625 0.63262939453125
0.0401382446289063 -0.0424652099609375 0.102142333984375 0.53424072265625
0.0565414428710938 -0.00463485717773438 0.072967529296875 0.336456298828125
0.0167007446289063 0.0264434814453125 0.084503173828125 0.174636840820313
-0.02496337890625 0.0197277069091797 0.191879272460938 0.0848541259765625
-0.0136528015136719 -0.0386314392089844 0.394439697265625 0.01422119140625
0.0371246337890625 -0.0185394287109375 0.5848388671875 0.3173828125
-0.273681640625 -0.05560302734375 0.62164306640625 0.06597900390625
-0.233154296875 -0.04705810546875 0.423248291015625 0.30609130859375
-0.22784423828125 0.00524902343750005 0.345794677734375 0.222808837890625
-0.196044921875 0.070098876953125 0.197250366210938 0.024200439453125
-0.177108764648438 0.119308471679687 -0.147109985351563 0.030426025390625
-0.0816650390625 0.202926635742187 -0.246307373046875 0.376617431640625
0.0065155029296875 0.248275756835938 -0.070068359375 0.65380859375
0.0124359130859375 0.214935302734375 0.111083984375 0.652099609375
0.0345306396484375 0.221511840820313 0.1900634765625 0.603271484375
-0.004058837890625 0.226593017578125 0.133331298828125 0.507843017578125
-0.0782012939453125 0.217727661132812 0.09954833984375 0.296234130859375
-0.151748657226563 0.1956787109375 0.1053466796875 0.156326293945313
-0.249786376953125 0.082672119140625 0.190078735351563 0.0755615234375
-0.285797119140625 0.00842285156249995 0.3707275390625 0.025909423828125
-0.2574462890625 -0.0161590576171875 0.56402587890625 0.31121826171875
-0.58251953125 -0.0771484375 0.50482177734375 0.0535888671875
-0.48504638671875 -0.02947998046875 0.35626220703125 0.3173828125
-0.44500732421875 0.0264892578125001 0.3399658203125 0.2064208984375
-0.39495849609375 0.115936279296875 0.20843505859375 0.00892639160156251
-0.35980224609375 0.19244384765625 -0.115089416503906 -0.013824462890625
-0.23236083984375 0.398773193359375 -0.2244873046875 0.292205810546875
-0.05517578125 0.48846435546875 -0.073822021484375 0.535308837890625
-0.01885986328125 0.449798583984375 0.0965576171875 0.527587890625
0.0284729003906251 0.484466552734375 0.16241455078125 0.4906005859375
-0.036163330078125 0.468353271484375 0.140625 0.416778564453125
-0.189544677734375 0.423065185546875 0.108184814453125 0.2294921875
-0.28857421875 0.357208251953125 0.104301452636719 0.139503479003906
-0.4351806640625 0.15521240234375 0.141647338867187 0.0844879150390625
-0.511566162109375 0.070770263671875 0.2747802734375 0.053955078125
-0.51275634765625 -0.00100708007812509 0.450653076171875 0.29351806640625
-0.8023681640625 -0.0765380859374999 0.310089111328125 0.004974365234375
-0.66168212890625 0.00659179687500013 0.259033203125 0.277679443359375
-0.60760498046875 0.0593872070312499 0.316070556640625 0.134765625
-0.54913330078125 0.16778564453125 0.201324462890625 -0.044891357421875
-0.499603271484375 0.26776123046875 -0.0690383911132813 -0.0745391845703125
-0.340057373046875 0.558990478515625 -0.170639038085938 0.16162109375
-0.1031494140625 0.6627197265625 -0.067596435546875 0.335357666015625
-0.0518798828125 0.61505126953125 0.064208984375 0.3248291015625
0.00311279296875 0.67254638671875 0.107208251953125 0.308746337890625
-0.08343505859375 0.63824462890625 0.119766235351563 0.272140502929688
-0.291015625 0.555145263671875 0.0974502563476562 0.140296936035156
-0.391387939453125 0.45318603515625 0.080352783203125 0.124374389648438
-0.556976318359375 0.198883056640625 0.0528182983398437 0.106651306152344
-0.66119384765625 0.12109375 0.118949890136719 0.0868301391601563
-0.695556640625 0.0100708007812502 0.260345458984375 0.260345458984375
-0.88226318359375 -0.05108642578125 0.0648040771484374 -0.0644989013671875
-0.7142333984375 0.0543823242187501 0.118423461914062 0.19921875
-0.66455078125 0.094970703125 0.2452392578125 0.04046630859375
-0.61895751953125 0.2132568359375 0.166961669921875 -0.113082885742187
-0.554473876953125 0.330780029296875 -0.02337646484375 -0.151214599609375
-0.37347412109375 0.6552734375 -0.105499267578125 -0.00904846191406246
-0.115234375 0.74053955078125 -0.05902099609375 0.0787353515625001
-0.078369140625 0.68963623046875 0.0265464782714844 0.0699005126953125
-0.0415649414062499 0.759765625 0.0491790771484375 0.0750198364257813
-0.14642333984375 0.6951904296875 0.0966796875 0.0899276733398438
-0.37530517578125 0.5748291015625 0.0814666748046875 0.0446929931640625
-0.449188232421875 0.449798583984375 0.0329055786132812 0.109230041503906
-0.59576416015625 0.18701171875 -0.0704803466796875 0.12054443359375
-0.7169189453125 0.13690185546875 -0.0743408203125001 0.100959777832031
-0.7789306640625 0.00994873046875014 0.02398681640625 0.20428466796875
-0.8140869140625 -0.00958251953125001 -0.187301635742188 -0.13507080078125
-0.63739013671875 0.0879516601562501 -0.0558395385742188 0.109298706054687
-0.60125732421875 0.11322021484375 0.129684448242187 -0.0309906005859375
-0.5780029296875 0.22955322265625 0.112045288085937 -0.165939331054687
-0.507080078125 0.3485107421875 0.0120086669921875 -0.229476928710937
-0.32781982421875 0.65496826171875 -0.0559234619140625 -0.19976806640625
-0.1005859375 0.7086181640625 -0.0660400390625 -0.193771362304687
-0.0912475585937499 0.6602783203125 -0.0162353515625 -0.19818115234375
-0.087890625 0.72564697265625 0.0106201171875 -0.172042846679687
-0.2088623046875 0.63092041015625 0.0948944091796875 -0.0959396362304687
-0.41656494140625 0.475189208984375 0.0763397216796875 -0.0387420654296875
-0.4388427734375 0.3448486328125 -0.0296630859375 0.0870742797851563
-0.534332275390625 0.12750244140625 -0.208938598632813 0.0889739990234375
-0.672119140625 0.117919921875 -0.261978149414063 0.0627288818359375
-0.7587890625 0.00262451171875014 -0.222152709960938 0.12249755859375
-0.6190185546875 0.0377807617187501 -0.405181884765625 -0.1907958984375
-0.46087646484375 0.0977783203125 -0.22454833984375 0.0363006591796875
-0.43658447265625 0.10699462890625 0.0053138732910156 -0.0574493408203125
-0.43145751953125 0.2008056640625 0.0479278564453125 -0.189437866210938
-0.371978759765625 0.2998046875 0.02081298828125 -0.29315185546875
-0.229522705078125 0.544769287109375 -0.0447998046875 -0.369598388671875
-0.06573486328125 0.5670166015625 -0.09783935546875 -0.43536376953125
-0.0812377929687499 0.529632568359375 -0.05914306640625 -0.437957763671875
-0.1170654296875 0.58123779296875 0.00482177734374999 -0.393218994140625
-0.22930908203125 0.46612548828125 0.126007080078125 -0.250701904296875
-0.377044677734375 0.298858642578125 0.0862274169921875 -0.0891036987304687
-0.34771728515625 0.18896484375 -0.0937957763671875 0.0524063110351563
-0.3897705078125 0.0621337890625 -0.323150634765625 0.00408935546874994
-0.530731201171875 0.0877380371093749 -0.40618896484375 -0.03106689453125
-0.63067626953125 -0.00231933593750007 -0.441009521484375 0.0301208496093749
-0.33636474609375 0.062042236328125 -0.54510498046875 -0.224853515625
-0.230239868164063 0.075042724609375 -0.34942626953125 -0.010498046875
-0.2132568359375 0.0699920654296875 -0.0863876342773438 -0.0503616333007812
-0.224868774414063 0.114883422851563 -0.00425720214843751 -0.189346313476562
-0.196868896484375 0.174270629882813 0.01165771484375 -0.327606201171875
-0.122955322265625 0.330963134765625 -0.0650939941406251 -0.4869384765625
-0.0389404296875 0.3367919921875 -0.1435546875 -0.60296630859375
-0.0601806640625 0.319915771484375 -0.095947265625 -0.60498046875
-0.1104736328125 0.349884033203125 0.027069091796875 -0.549041748046875
-0.186264038085938 0.246826171875 0.1771240234375 -0.346466064453125
-0.256561279296875 0.112030029296875 0.103607177734375 -0.102645874023437
-0.192398071289063 0.0511932373046875 -0.145553588867188 0.010772705078125
-0.199493408203125 0.0228729248046875 -0.38262939453125 -0.11676025390625
-0.32147216796875 0.061614990234375 -0.47442626953125 -0.152191162109375
-0.407135009765625 0.00280761718749996 -0.601806640625 -0.0596923828125001
0.0684585571289063 -0.0306663513183594 0.6387939453125 0.022216796875
0.024749755859375 -0.0645523071289063 0.467620849609375 0.243804931640625
-0.00711822509765625 -0.0161685943603516 0.3646240234375 0.1749267578125
0.00377273559570313 0.0218696594238281 0.1817626953125 -0.0011444091796875
0.0172042846679688 0.0364990234375 -0.153152465820313 0.0650177001953125
0.070098876953125 -0.0174102783203125 -0.214691162109375 0.414154052734375
0.0628280639648438 -0.0304450988769531 -0.0260009765625 0.6845703125
0.03948974609375 -0.052642822265625 0.12872314453125 0.67938232421875
0.04107666015625 -0.0746994018554688 0.18804931640625 0.6300048828125
0.0410194396972656 -0.0436897277832031 0.1029052734375 0.5257568359375
0.0580902099609375 -0.00477218627929687 0.067138671875 0.323455810546875
0.0184974670410156 0.0280189514160156 0.0821685791015625 0.153564453125
-0.0250110626220703 0.0229454040527344 0.193740844726563 0.0587158203125
-0.0191879272460938 -0.03802490234375 0.391632080078125 -0.006591796875
0.0344791412353516 -0.0184764862060547 0.59454345703125 0.29608154296875
-0.269195556640625 -0.0439300537109375 0.61468505859375 0.04864501953125
-0.232650756835937 -0.0374755859375 0.426513671875 0.306365966796875
-0.224319458007813 0.01202392578125 0.36090087890625 0.224853515625
-0.192825317382812 0.07733154296875 0.208831787109375 0.0221405029296875
-0.1732177734375 0.125106811523438 -0.138748168945312 0.0324859619140625
-0.07373046875 0.206939697265625 -0.234619140625 0.381317138671875
0.0168914794921875 0.247940063476563 -0.0471801757812501 0.66064453125
0.0187530517578125 0.214340209960937 0.13092041015625 0.65252685546875
0.0426483154296875 0.219314575195313 0.19842529296875 0.6014404296875
0.00395202636718753 0.224777221679688 0.13360595703125 0.499481201171875
-0.070892333984375 0.22052001953125 0.091766357421875 0.282440185546875
-0.143447875976562 0.201797485351563 0.099609375 0.136314392089844
-0.244903564453125 0.0922088623046876 0.189559936523437 0.05108642578125
-0.28399658203125 0.020294189453125 0.369598388671875 0.00726318359375
-0.25628662109375 -0.00630187988281246 0.57171630859375 0.2900390625
-0.57586669921875 -0.052734375 0.500274658203125 0.03948974609375
-0.4794921875 -0.0094299316406251 0.362335205078125 0.320404052734375
-0.43377685546875 0.0420532226562499 0.353271484375 0.2108154296875
-0.381866455078125 0.127288818359375 0.218002319335937 0.00679016113281251
-0.353363037109375 0.200927734375 -0.109291076660156 -0.0102005004882813
-0.21844482421875 0.405181884765625 -0.21563720703125 0.299713134765625
-0.0382080078125 0.4920654296875 -0.05596923828125 0.54248046875
-0.00762939453124999 0.449462890625 0.111541748046875 0.5267333984375
0.041290283203125 0.483795166015625 0.17083740234375 0.4908447265625
-0.023101806640625 0.465179443359375 0.139556884765625 0.408660888671875
-0.177337646484375 0.42669677734375 0.0986480712890625 0.2166748046875
-0.272491455078125 0.364532470703125 0.0992813110351562 0.122428894042969
-0.4248046875 0.167236328125 0.1435546875 0.0644683837890625
-0.50213623046875 0.0908508300781251 0.27410888671875 0.0386810302734375
-0.50726318359375 0.0157470703125 0.458465576171875 0.27471923828125
-0.7923583984375 -0.04412841796875 0.305877685546875 -0.00189208984375
-0.651123046875 0.0315551757812499 0.26361083984375 0.28460693359375
-0.58966064453125 0.0789794921875001 0.32476806640625 0.14105224609375
-0.533233642578125 0.18115234375 0.206146240234375 -0.0441436767578125
-0.490692138671875 0.276641845703125 -0.066741943359375 -0.0699653625488281
-0.32049560546875 0.56488037109375 -0.165390014648438 0.170501708984375
-0.08258056640625 0.6673583984375 -0.054779052734375 0.34246826171875
-0.0367431640625001 0.61700439453125 0.076019287109375 0.32366943359375
0.021240234375 0.67425537109375 0.11114501953125 0.308319091796875
-0.06439208984375 0.63433837890625 0.116668701171875 0.263763427734375
-0.2730712890625 0.560699462890625 0.0861282348632812 0.129661560058594
-0.37200927734375 0.461151123046875 0.075469970703125 0.110923767089844
-0.542877197265625 0.212371826171875 0.0556793212890625 0.0919647216796875
-0.64459228515625 0.144775390625 0.121124267578125 0.0776596069335938
-0.68511962890625 0.0322265624999999 0.268539428710937 0.246841430664063
-0.87384033203125 -0.01580810546875 0.0605888366699218 -0.0636444091796875
-0.70184326171875 0.08062744140625 0.121749877929687 0.210281372070313
-0.64471435546875 0.11151123046875 0.247802734375 0.050079345703125
-0.603759765625 0.22784423828125 0.166824340820312 -0.107208251953125
-0.548370361328125 0.34100341796875 -0.0224609375 -0.144119262695312
-0.35357666015625 0.6651611328125 -0.103073120117188 -0.000236511230468688
-0.09368896484375 0.74810791015625 -0.0529861450195313 0.0844573974609375
-0.0621337890625001 0.6923828125 0.0299148559570313 0.0676956176757813
-0.019775390625 0.7625732421875 0.0481338500976563 0.0763702392578125
-0.129150390625 0.69488525390625 0.0903396606445312 0.0832061767578125
-0.35943603515625 0.5836181640625 0.0689353942871094 0.0367393493652344
-0.4306640625 0.456390380859375 0.0282363891601562 0.0997314453125
-0.57733154296875 0.201416015625 -0.0675811767578125 0.110870361328125
-0.69781494140625 0.163818359375 -0.0691452026367188 0.094696044921875
-0.76885986328125 0.0350341796874999 0.0311431884765624 0.1976318359375
-0.8031005859375 0.0255126953124999 -0.191925048828125 -0.1248779296875
-0.62274169921875 0.1085205078125 -0.0537567138671875 0.124488830566406
-0.58380126953125 0.12786865234375 0.126998901367187 -0.0172882080078125
-0.562255859375 0.241973876953125 0.108245849609375 -0.1539306640625
-0.500701904296875 0.356353759765625 0.0120391845703125 -0.220260620117188
-0.3084716796875 0.66204833984375 -0.05548095703125 -0.1905517578125
-0.080078125 0.7130126953125 -0.0672760009765625 -0.191619873046875
-0.0748291015625 0.66412353515625 -0.0199737548828125 -0.202545166015625
-0.06982421875 0.732421875 0.00312805175781248 -0.171661376953125
-0.1939697265625 0.63116455078125 0.087066650390625 -0.102706909179687
-0.402923583984375 0.483306884765625 0.064300537109375 -0.0439529418945312
-0.422332763671875 0.351165771484375 -0.0347747802734375 0.0816802978515625
-0.51629638671875 0.142181396484375 -0.20703125 0.0865020751953125
-0.64984130859375 0.14434814453125 -0.257644653320313 0.060699462890625
-0.75006103515625 0.0249023437499999 -0.216766357421875 0.125289916992188
-0.60650634765625 0.0626831054687501 -0.410858154296875 -0.1737060546875
-0.448211669921875 0.11181640625 -0.225082397460938 0.05584716796875
-0.42108154296875 0.115692138671875 0.00276947021484372 -0.0397872924804688
-0.4202880859375 0.207061767578125 0.045867919921875 -0.173477172851562
-0.368621826171875 0.30487060546875 0.02386474609375 -0.281463623046875
-0.212554931640625 0.548980712890625 -0.0450439453125 -0.36236572265625
-0.05108642578125 0.5704345703125 -0.104949951171875 -0.434173583984375
-0.06976318359375 0.533294677734375 -0.070465087890625 -0.440399169921875
-0.10321044921875 0.58807373046875 -0.00860595703124998 -0.39453125
-0.218597412109375 0.467926025390625 0.115524291992188 -0.256881713867187
-0.369140625 0.304046630859375 0.0768356323242187 -0.092926025390625
-0.334564208984375 0.193115234375 -0.0996856689453125 0.05352783203125
-0.3746337890625 0.0724182128906251 -0.32525634765625 0.004913330078125
-0.51373291015625 0.110626220703125 -0.402099609375 -0.0299377441406251
-0.622314453125 0.0171508789062501 -0.4364013671875 0.0392456054687501
-0.328765869140625 0.0773315429687501 -0.551116943359375 -0.20294189453125
-0.222702026367188 0.080780029296875 -0.350982666015625 0.011993408203125
-0.202804565429687 0.07220458984375 -0.08984375 -0.0297622680664062
-0.219024658203125 0.115493774414063 -0.004638671875 -0.170547485351563
-0.19512939453125 0.176544189453125 0.015869140625 -0.31329345703125
-0.11407470703125 0.334075927734375 -0.06591796875 -0.480499267578125
-0.031646728515625 0.336517333984375 -0.15606689453125 -0.60150146484375
-0.0533447265625 0.321746826171875 -0.11151123046875 -0.60650634765625
-0.103607177734375 0.355499267578125 0.00900268554687504 -0.55181884765625
-0.181076049804687 0.24798583984375 0.165924072265625 -0.35302734375
-0.25213623046875 0.114578247070312 0.094268798828125 -0.103118896484375
-0.185134887695313 0.05096435546875 -0.152374267578125 0.0154266357421875
-0.189788818359375 0.02886962890625 -0.389678955078125 -0.114776611328125
-0.310791015625 0.0763854980468749 -0.472991943359375 -0.149017333984375
-0.401153564453125 0.016998291015625 -0.5977783203125 -0.0433959960937499
0.0708541870117188 -0.0350189208984375 0.63873291015625 0.00439453125
0.0187263488769531 -0.0656356811523438 0.47930908203125 0.2484130859375
-0.0111913681030273 -0.0169219970703125 0.391510009765625 0.17425537109375
0.00218391418457031 0.0242424011230469 0.199188232421875 -0.0069122314453125
0.0195579528808594 0.0419197082519531 -0.14654541015625 0.0680999755859375
0.0736083984375 -0.0177383422851563 -0.20233154296875 0.42645263671875
0.0680427551269531 -0.0341682434082031 -0.00109863281249998 0.7012939453125
0.0407142639160156 -0.0564994812011719 0.1507568359375 0.694091796875
0.0403900146484375 -0.0799942016601563 0.20465087890625 0.64398193359375
0.0425643920898437 -0.0471611022949219 0.10400390625 0.533477783203125
0.0615348815917969 -0.00568771362304688 0.059539794921875 0.318084716796875
0.0219440460205078 0.0303230285644531 0.0742263793945313 0.13525390625
-0.0274295806884766 0.0274562835693359 0.19342041015625 0.0299224853515625
-0.0275840759277344 -0.0360488891601563 0.394866943359375 -0.032989501953125
0.0323524475097656 -0.0183925628662109 0.6141357421875 0.27581787109375
-0.267684936523438 -0.0339660644531251 0.6185302734375 0.03009033203125
-0.235794067382813 -0.0289459228515625 0.44293212890625 0.313446044921875
-0.223983764648438 0.01885986328125 0.38897705078125 0.22784423828125
-0.190444946289063 0.085174560546875 0.227325439453125 0.01580810546875
-0.171844482421875 0.135238647460938 -0.133689880371094 0.03363037109375
-0.06549072265625 0.213607788085938 -0.225372314453125 0.39453125
0.0286407470703125 0.251495361328125 -0.02325439453125 0.67779541015625
0.0263824462890625 0.216812133789063 0.15399169921875 0.6636962890625
0.050750732421875 0.22247314453125 0.2149658203125 0.61492919921875
0.011474609375 0.22625732421875 0.136444091796875 0.50494384765625
-0.0631256103515625 0.226272583007813 0.0816497802734375 0.27801513671875
-0.136199951171875 0.210708618164063 0.092010498046875 0.118911743164063
-0.24554443359375 0.102523803710938 0.188613891601562 0.024749755859375
-0.2874755859375 0.03216552734375 0.37225341796875 -0.014739990234375
-0.258270263671875 0.00382995605468752 0.59063720703125 0.272705078125
-0.57568359375 -0.02984619140625 0.50360107421875 0.024749755859375
-0.48150634765625 0.0102233886718749 0.378448486328125 0.329803466796875
-0.429901123046875 0.056121826171875 0.37933349609375 0.21630859375
-0.376495361328125 0.140960693359375 0.234664916992188 0.00305175781250001
-0.35308837890625 0.2138671875 -0.105453491210938 -0.00896453857421876
-0.2060546875 0.419586181640625 -0.209381103515625 0.31378173828125
-0.0203247070312499 0.503387451171875 -0.035797119140625 0.558837890625
0.00674438476562501 0.45831298828125 0.131256103515625 0.535400390625
0.058502197265625 0.49334716796875 0.183990478515625 0.501251220703125
-0.00915527343750002 0.471527099609375 0.13970947265625 0.412017822265625
-0.165679931640625 0.438751220703125 0.08642578125 0.211196899414063
-0.260894775390625 0.3773193359375 0.0918197631835937 0.107078552246094
-0.421875 0.18255615234375 0.141860961914062 0.0417633056640625
-0.499908447265625 0.112945556640625 0.278244018554687 0.0208892822265625
-0.508026123046875 0.0347900390625 0.475250244140625 0.25994873046875
-0.79510498046875 -0.0108642578125001 0.306365966796875 -0.009552001953125
-0.6502685546875 0.05889892578125 0.277740478515625 0.297637939453125
-0.58203125 0.0966796875000001 0.345550537109375 0.148223876953125
-0.526824951171875 0.197784423828125 0.217941284179688 -0.0452117919921875
-0.493865966796875 0.293182373046875 -0.0637092590332031 -0.067535400390625
-0.3072509765625 0.58355712890625 -0.161102294921875 0.182815551757813
-0.0607910156249999 0.6846923828125 -0.040557861328125 0.353607177734375
-0.02069091796875 0.63116455078125 0.0888671875 0.3267822265625
0.0443115234375 0.68902587890625 0.11761474609375 0.31573486328125
-0.0494384765625 0.64495849609375 0.115081787109375 0.264404296875
-0.261474609375 0.57708740234375 0.0728378295898437 0.125511169433594
-0.3590087890625 0.476226806640625 0.0676956176757812 0.0994949340820313
-0.53759765625 0.22991943359375 0.0545120239257812 0.0756759643554688
-0.63720703125 0.17236328125 0.123847961425781 0.064422607421875
-0.68719482421875 0.0568847656250001 0.282440185546875 0.23712158203125
-0.8743896484375 0.022216796875 0.0565872192382812 -0.0631103515625
-0.6954345703125 0.1072998046875 0.131881713867187 0.226593017578125
-0.63458251953125 0.13067626953125 0.260162353515625 0.0602264404296875
-0.5986328125 0.24603271484375 0.173599243164062 -0.103164672851562
-0.552734375 0.356536865234375 -0.019378662109375 -0.141250610351562
-0.3399658203125 0.68450927734375 -0.0997848510742188 0.00814056396484381
-0.0732421875 0.76788330078125 -0.0464324951171875 0.0899581909179688
-0.04486083984375 0.70941162109375 0.0349197387695313 0.0648880004882813
0.00360107421875006 0.78497314453125 0.0475311279296875 0.07928466796875
-0.11383056640625 0.70916748046875 0.0854415893554687 0.0796051025390625
-0.34942626953125 0.603515625 0.0552711486816406 0.0317230224609375
-0.41827392578125 0.47186279296875 0.020965576171875 0.0925369262695313
-0.57025146484375 0.21771240234375 -0.0700225830078126 0.100067138671875
-0.6871337890625 0.193115234375 -0.0676422119140625 0.087738037109375
-0.77325439453125 0.0622558593750001 0.0398712158203125 0.1953125
-0.80181884765625 0.0598754882812498 -0.200164794921875 -0.116531372070313
-0.614990234375 0.1309814453125 -0.0500335693359375 0.14459228515625
-0.572998046875 0.1429443359375 0.133697509765625 -0.00131988525390624
-0.56024169921875 0.256439208984375 0.111251831054687 -0.144927978515625
-0.505859375 0.373382568359375 0.016265869140625 -0.216690063476562
-0.29461669921875 0.6829833984375 -0.05438232421875 -0.187255859375
-0.061279296875 0.73211669921875 -0.0697174072265625 -0.19329833984375
-0.05853271484375 0.6798095703125 -0.02581787109375 -0.209884643554687
-0.04779052734375 0.75494384765625 -0.00543212890624998 -0.175094604492187
-0.1822509765625 0.6456298828125 0.0782623291015625 -0.110580444335937
-0.397705078125 0.50079345703125 0.0509071350097656 -0.0490989685058593
-0.415130615234375 0.361083984375 -0.0429000854492188 0.0797805786132813
-0.5087890625 0.155059814453125 -0.213134765625 0.0826416015625
-0.63800048828125 0.17144775390625 -0.260589599609375 0.0578765869140625
-0.7506103515625 0.0510253906250001 -0.213470458984375 0.130203247070312
-0.60516357421875 0.0902099609375001 -0.423675537109375 -0.15728759765625
-0.44012451171875 0.1268310546875 -0.22674560546875 0.079498291015625
-0.41363525390625 0.1236572265625 0.00524330139160154 -0.0191898345947266
-0.418212890625 0.217041015625 0.04998779296875 -0.160003662109375
-0.372314453125 0.316558837890625 0.02972412109375 -0.277877807617187
-0.20220947265625 0.56524658203125 -0.0459594726562501 -0.36376953125
-0.0361328125 0.58367919921875 -0.117645263671875 -0.4429931640625
-0.0576477050781249 0.54840087890625 -0.0860595703125 -0.451751708984375
-0.08660888671875 0.6068115234375 -0.024078369140625 -0.4036865234375
-0.21441650390625 0.4791259765625 0.106002807617188 -0.268386840820312
-0.368133544921875 0.317138671875 0.0671615600585937 -0.0958480834960937
-0.329986572265625 0.198699951171875 -0.1085205078125 0.057281494140625
-0.3660888671875 0.082733154296875 -0.337921142578125 0.00616455078125008
-0.504547119140625 0.132904052734375 -0.4083251953125 -0.0303955078125
-0.62481689453125 0.0401611328125 -0.4388427734375 0.051116943359375
-0.324371337890625 0.0933837890625001 -0.56695556640625 -0.18377685546875
-0.21881103515625 0.088043212890625 -0.357391357421875 0.039306640625
-0.196548461914063 0.0745086669921875 -0.0880126953125 -0.00595092773437501
-0.218002319335938 0.119598388671875 0.000701904296874992 -0.15399169921875
-0.197372436523438 0.182113647460937 0.023040771484375 -0.3094482421875
-0.107635498046875 0.342437744140625 -0.0677490234375 -0.4864501953125
-0.024749755859375 0.34405517578125 -0.17559814453125 -0.61505126953125
-0.04620361328125 0.330657958984375 -0.1326904296875 -0.62115478515625
-0.09600830078125 0.36895751953125 -0.01202392578125 -0.56591796875
-0.18084716796875 0.255645751953125 0.1556396484375 -0.366851806640625
-0.255096435546875 0.120193481445313 0.0878448486328125 -0.104377746582031
-0.182647705078125 0.0511627197265625 -0.164794921875 0.0226898193359375
-0.181655883789063 0.03338623046875 -0.4072265625 -0.1124267578125
-0.30316162109375 0.0924072265625 -0.485504150390625 -0.150390625
-0.403656005859375 0.0311584472656249 -0.60498046875 -0.0267944335937499
0.0729522705078125 -0.0413284301757813 0.64501953125 -0.02410888671875
0.0111007690429687 -0.0670814514160156 0.5081787109375 0.24981689453125
-0.0169973373413086 -0.0157260894775391 0.42974853515625 0.165771484375
0.00211334228515625 0.0277309417724609 0.221481323242188 -0.0220947265625
0.0249290466308594 0.0477523803710938 -0.139511108398438 0.07122802734375
0.0796661376953125 -0.0202484130859375 -0.1842041015625 0.447113037109375
0.0732040405273438 -0.0415725708007812 0.0404052734375 0.72454833984375
0.040130615234375 -0.0620536804199219 0.19219970703125 0.71435546875
0.038818359375 -0.0869293212890625 0.23828125 0.663818359375
0.0443763732910156 -0.0514869689941406 0.117095947265625 0.5499267578125
0.0670318603515625 -0.00863265991210938 0.052337646484375 0.320648193359375
0.0270061492919922 0.0324783325195313 0.0622100830078125 0.119186401367188
-0.0283985137939453 0.0347270965576172 0.187591552734375 -0.004180908203125
-0.0365180969238281 -0.0328903198242187 0.397125244140625 -0.067352294921875
0.0300884246826172 -0.0195541381835938 0.6431884765625 0.246826171875
-0.26898193359375 -0.0211639404296875 0.62677001953125 0.00390625
-0.241165161132813 -0.0155181884765625 0.47381591796875 0.31732177734375
-0.226486206054687 0.0295257568359375 0.43011474609375 0.222564697265625
-0.188095092773438 0.0969696044921875 0.251312255859375 0.000717163085937506
-0.168869018554688 0.15008544921875 -0.129127502441406 0.0355682373046875
-0.0521240234375 0.22296142578125 -0.210174560546875 0.41644287109375
0.0472412109375 0.256210327148438 0.01556396484375 0.7032470703125
0.0389404296875 0.2210693359375 0.19537353515625 0.68231201171875
0.06536865234375 0.226516723632813 0.24896240234375 0.6331787109375
0.024139404296875 0.230606079101563 0.14959716796875 0.51922607421875
-0.0511932373046875 0.236251831054687 0.0735626220703125 0.279739379882813
-0.125579833984375 0.222518920898438 0.0795516967773437 0.103866577148438
-0.244216918945313 0.119293212890625 0.181350708007812 -0.00654602050781249
-0.292266845703125 0.050262451171875 0.374603271484375 -0.046844482421875
-0.26177978515625 0.0175933837890625 0.61895751953125 0.24322509765625
-0.5833740234375 0.0025634765624999 0.510009765625 0.002960205078125
-0.4837646484375 0.0375671386718751 0.40985107421875 0.33819580078125
-0.42889404296875 0.0767211914062501 0.41864013671875 0.2139892578125
-0.373077392578125 0.1602783203125 0.256301879882813 -0.00965881347656249
-0.35302734375 0.237640380859375 -0.10260009765625 -0.00811004638671875
-0.18841552734375 0.4400634765625 -0.1973876953125 0.335205078125
0.00833129882812499 0.51953125 -0.00280761718750001 0.58172607421875
0.02947998046875 0.472198486328125 0.165252685546875 0.547515869140625
0.087493896484375 0.50714111328125 0.2108154296875 0.516265869140625
0.012603759765625 0.48382568359375 0.149169921875 0.422821044921875
-0.147979736328125 0.46002197265625 0.0753326416015625 0.212875366210938
-0.24652099609375 0.397003173828125 0.0796966552734375 0.09356689453125
-0.4195556640625 0.205047607421875 0.134002685546875 0.015411376953125
-0.498748779296875 0.143280029296875 0.280715942382812 -0.00444030761718749
-0.512939453125 0.0602722167968749 0.500640869140625 0.23577880859375
-0.7991943359375 0.0332031249999999 0.30853271484375 -0.02301025390625
-0.65032958984375 0.0968627929687499 0.307037353515625 0.309112548828125
-0.577880859375 0.1221923828125 0.378326416015625 0.148529052734375
-0.52276611328125 0.223480224609375 0.23583984375 -0.052703857421875
-0.497406005859375 0.3218994140625 -0.0620880126953125 -0.067840576171875
-0.28759765625 0.61468505859375 -0.151580810546875 0.199630737304688
-0.0249633789062499 0.71087646484375 -0.01776123046875 0.37005615234375
0.01025390625 0.65374755859375 0.111236572265625 0.331451416015625
0.0823974609375 0.71246337890625 0.135223388671875 0.326324462890625
-0.02117919921875 0.665283203125 0.117935180664062 0.270248413085938
-0.24041748046875 0.60833740234375 0.059112548828125 0.125785827636719
-0.342926025390625 0.502593994140625 0.05670166015625 0.08917236328125
-0.531829833984375 0.256591796875 0.0472068786621093 0.0569267272949219
-0.63018798828125 0.2088623046875 0.126426696777344 0.0483322143554688
-0.6929931640625 0.0911865234375001 0.3031005859375 0.2225341796875
-0.87744140625 0.07391357421875 0.0515823364257812 -0.0639114379882812
-0.69232177734375 0.14697265625 0.152603149414063 0.244277954101563
-0.62957763671875 0.15802001953125 0.2840576171875 0.06640625
-0.5947265625 0.271728515625 0.18646240234375 -0.104751586914062
-0.558441162109375 0.390899658203125 -0.0168914794921875 -0.142166137695312
-0.316162109375 0.72198486328125 -0.0947723388671875 0.0176773071289063
-0.03436279296875 0.799560546875 -0.0378875732421875 0.0957336425781251
-0.0115356445312499 0.73828125 0.040740966796875 0.0612983703613282
0.04644775390625 0.81475830078125 0.0494537353515625 0.0831680297851563
-0.0861816406249999 0.73388671875 0.0804367065429688 0.0796279907226563
-0.3319091796875 0.63848876953125 0.0394706726074219 0.0307693481445313
-0.403411865234375 0.49847412109375 0.0109100341796875 0.0874710083007813
-0.56304931640625 0.24249267578125 -0.078582763671875 0.0921173095703125
-0.67626953125 0.23272705078125 -0.0686111450195313 0.0811386108398438
-0.77960205078125 0.1019287109375 0.0537719726562499 0.192230224609375
-0.80255126953125 0.10809326171875 -0.213241577148438 -0.105056762695313
-0.608154296875 0.1650390625 -0.0387115478515625 0.169235229492187
-0.56805419921875 0.1634521484375 0.14849853515625 0.011993408203125
-0.55743408203125 0.28265380859375 0.121482849121094 -0.139404296875
-0.510711669921875 0.40509033203125 0.0202484130859375 -0.218826293945312
-0.2724609375 0.7191162109375 -0.054351806640625 -0.18743896484375
-0.0262451171874999 0.76416015625 -0.07659912109375 -0.198104858398437
-0.0281982421875001 0.7093505859375 -0.037261962890625 -0.22039794921875
-0.00854492187499992 0.78741455078125 -0.0193328857421875 -0.178253173828125
-0.15985107421875 0.67333984375 0.06634521484375 -0.118385314941406
-0.3858642578125 0.533599853515625 0.0362205505371093 -0.0506782531738281
-0.405670166015625 0.381622314453125 -0.0518264770507813 0.0819549560546875
-0.503265380859375 0.174652099609375 -0.225631713867188 0.083740234375
-0.62701416015625 0.20867919921875 -0.26898193359375 0.0594329833984375
-0.7587890625 0.0917968750000001 -0.208419799804688 0.139907836914063
-0.60198974609375 0.12664794921875 -0.4425048828125 -0.1346435546875
-0.434600830078125 0.149871826171875 -0.224929809570313 0.110885620117188
-0.407989501953125 0.13702392578125 0.0155353546142578 0.00187110900878907
-0.4183349609375 0.23675537109375 0.059051513671875 -0.148345947265625
-0.375579833984375 0.341217041015625 0.035308837890625 -0.28155517578125
-0.1839599609375 0.59259033203125 -0.050262451171875 -0.372955322265625
-0.0103759765625001 0.610107421875 -0.139434814453125 -0.457672119140625
-0.033935546875 0.57037353515625 -0.11279296875 -0.468841552734375
-0.05889892578125 0.635986328125 -0.050750732421875 -0.415069580078125
-0.20098876953125 0.50341796875 0.089508056640625 -0.283050537109375
-0.36639404296875 0.342315673828125 0.0546951293945312 -0.099029541015625
-0.327056884765625 0.209625244140625 -0.119461059570313 0.0657882690429688
-0.359954833984375 0.0956420898437501 -0.358673095703125 0.014495849609375
-0.492767333984375 0.163848876953125 -0.426422119140625 -0.0240173339843749
-0.6324462890625 0.074462890625 -0.443603515625 0.071533203125
-0.318084716796875 0.11517333984375 -0.59027099609375 -0.15374755859375
-0.212326049804688 0.09820556640625 -0.362060546875 0.076141357421875
-0.191268920898437 0.0782318115234375 -0.0792999267578125 0.0215988159179688
-0.219284057617188 0.128448486328125 0.01104736328125 -0.139259338378906
-0.201095581054688 0.19476318359375 0.030120849609375 -0.313629150390625
-0.096710205078125 0.3592529296875 -0.0787353515625 -0.497833251953125
-0.010650634765625 0.3592529296875 -0.2086181640625 -0.6326904296875
-0.03369140625 0.3450927734375 -0.17059326171875 -0.637939453125
-0.080352783203125 0.388885498046875 -0.0458374023437499 -0.585693359375
-0.178955078125 0.271942138671875 0.138214111328125 -0.38653564453125
-0.258956909179688 0.13323974609375 0.07928466796875 -0.107200622558594
-0.182571411132812 0.0532379150390625 -0.17926025390625 0.0370025634765625
-0.174072265625 0.03973388671875 -0.438934326171875 -0.102813720703125
-0.29498291015625 0.11248779296875 -0.509979248046875 -0.14654541015625
-0.4072265625 0.0542602539062501 -0.6171875 0.00103759765624994
0.0727767944335938 -0.0506210327148438 0.640625 -0.06304931640625
0.000709533691406245 -0.0666732788085938 0.543731689453125 0.233642578125
-0.0241584777832031 -0.0115566253662109 0.472747802734375 0.1357421875
0.00413894653320313 0.0325641632080078 0.240142822265625 -0.0492706298828125
0.0337333679199219 0.051971435546875 -0.13055419921875 0.0730133056640625
0.0848922729492188 -0.0270462036132813 -0.15020751953125 0.46258544921875
0.0747604370117188 -0.0530014038085938 0.1019287109375 0.7357177734375
0.0372428894042969 -0.069244384765625 0.2529296875 0.718505859375
0.0330581665039062 -0.0946502685546875 0.2904052734375 0.66943359375
0.0429039001464844 -0.0586776733398438 0.14422607421875 0.5631103515625
0.0714797973632813 -0.0153274536132813 0.05059814453125 0.32635498046875
0.0332107543945313 0.0324726104736328 0.04254150390625 0.10662841796875
-0.0265464782714844 0.0429153442382812 0.167465209960938 -0.0400848388671875
-0.0454597473144531 -0.025360107421875 0.38348388671875 -0.11309814453125
0.0270729064941406 -0.0208835601806641 0.6650390625 0.19580078125
-0.265975952148438 -0.00384521484375001 0.62518310546875 -0.0350341796875
-0.242919921875 0.00425720214843749 0.5152587890625 0.305908203125
-0.225555419921875 0.045196533203125 0.477996826171875 0.194793701171875
-0.179931640625 0.111495971679687 0.272964477539062 -0.027435302734375
-0.157943725585938 0.165802001953125 -0.123672485351563 0.0363693237304688
-0.032562255859375 0.22857666015625 -0.1798095703125 0.4356689453125
0.0717315673828125 0.253158569335937 0.07745361328125 0.7174072265625
0.05633544921875 0.2203369140625 0.25244140625 0.68280029296875
0.0850982666015625 0.2244873046875 0.2998046875 0.6383056640625
0.041748046875 0.231002807617188 0.174896240234375 0.528839111328125
-0.0321044921875 0.24359130859375 0.068817138671875 0.28533935546875
-0.10791015625 0.233612060546875 0.05999755859375 0.0916900634765625
-0.236770629882813 0.138809204101562 0.160659790039062 -0.0397796630859375
-0.29058837890625 0.0748291015625 0.3638916015625 -0.0885009765625
-0.261016845703125 0.0368499755859375 0.64141845703125 0.19482421875
-0.575439453125 0.04351806640625 0.509490966796875 -0.02899169921875
-0.477264404296875 0.0747070312500001 0.45343017578125 0.332794189453125
-0.420684814453125 0.102813720703125 0.4632568359375 0.191986083984375
-0.359832763671875 0.18353271484375 0.277999877929688 -0.0342254638671875
-0.342803955078125 0.2652587890625 -0.098846435546875 -0.00799560546874997
-0.15631103515625 0.4599609375 -0.17242431640625 0.354705810546875
0.051513671875 0.52777099609375 0.0469970703125 0.593994140625
0.06573486328125 0.47906494140625 0.212982177734375 0.5472412109375
0.130126953125 0.51214599609375 0.2528076171875 0.521331787109375
0.0469970703125 0.490203857421875 0.16986083984375 0.428375244140625
-0.114654541015625 0.479248046875 0.067169189453125 0.2183837890625
-0.219512939453125 0.4169921875 0.0608749389648437 0.0826339721679688
-0.40557861328125 0.2330322265625 0.114921569824219 -0.0113525390625
-0.485809326171875 0.178619384765625 0.272735595703125 -0.0374755859375
-0.50665283203125 0.096893310546875 0.521881103515625 0.194061279296875
-0.79058837890625 0.0921630859374999 0.305419921875 -0.039825439453125
-0.6368408203125 0.1451416015625 0.346649169921875 0.30999755859375
-0.56329345703125 0.15631103515625 0.41632080078125 0.13232421875
-0.507720947265625 0.25421142578125 0.254043579101562 -0.0715179443359375
-0.486419677734375 0.360565185546875 -0.0602607727050782 -0.067962646484375
-0.24786376953125 0.64703369140625 -0.134033203125 0.21630859375
0.0303955078125 0.72930908203125 0.017669677734375 0.379638671875
0.05706787109375 0.6676025390625 0.14044189453125 0.327301025390625
0.14227294921875 0.725341796875 0.16204833984375 0.331939697265625
0.02606201171875 0.6783447265625 0.12835693359375 0.2742919921875
-0.2001953125 0.63592529296875 0.0460357666015625 0.132225036621094
-0.310882568359375 0.5277099609375 0.0403213500976562 0.08148193359375
-0.5159912109375 0.288299560546875 0.0306015014648437 0.0394744873046875
-0.61102294921875 0.2523193359375 0.121315002441406 0.0274429321289063
-0.6837158203125 0.1414794921875 0.322906494140625 0.1951904296875
-0.86492919921875 0.13970947265625 0.0447425842285156 -0.0632591247558594
-0.67144775390625 0.19647216796875 0.18524169921875 0.255081176757813
-0.61248779296875 0.18927001953125 0.31304931640625 0.060211181640625
-0.58074951171875 0.30816650390625 0.201156616210938 -0.113616943359375
-0.550567626953125 0.43475341796875 -0.015045166015625 -0.144485473632812
-0.27093505859375 0.759765625 -0.08538818359375 0.0259246826171875
0.0259399414062499 0.82269287109375 -0.0245361328125 0.0985183715820313
0.0406494140624999 0.75628662109375 0.0463447570800781 0.0550346374511719
0.114013671875 0.833740234375 0.0540008544921875 0.0877761840820313
-0.0368041992187501 0.755126953125 0.0767822265625 0.080841064453125
-0.2923583984375 0.674560546875 0.0232620239257812 0.0364151000976563
-0.373504638671875 0.526275634765625 -0.00264739990234378 0.0857925415039063
-0.546295166015625 0.27325439453125 -0.0923309326171876 0.0871047973632813
-0.65057373046875 0.277099609375 -0.0736160278320313 0.0748214721679688
-0.76739501953125 0.15789794921875 0.0707397460937499 0.182571411132813
-0.78558349609375 0.1690673828125 -0.225173950195313 -0.08392333984375
-0.58599853515625 0.20550537109375 -0.0167083740234375 0.192718505859375
-0.55322265625 0.189483642578125 0.171493530273437 0.01904296875
-0.54632568359375 0.316680908203125 0.13470458984375 -0.139213562011719
-0.503570556640625 0.447845458984375 0.0221405029296875 -0.22393798828125
-0.22607421875 0.75457763671875 -0.0563201904296875 -0.187820434570312
0.0328979492187499 0.78778076171875 -0.0885009765625 -0.200302124023437
0.0237426757812501 0.7294921875 -0.056884765625 -0.227920532226562
0.05487060546875 0.811767578125 -0.036346435546875 -0.175949096679687
-0.11932373046875 0.69921875 0.049591064453125 -0.12200927734375
-0.35894775390625 0.57122802734375 0.0188140869140625 -0.0471687316894531
-0.3837890625 0.40716552734375 -0.0625991821289063 0.0877761840820313
-0.486480712890625 0.198394775390625 -0.241317749023438 0.09320068359375
-0.60247802734375 0.25079345703125 -0.27752685546875 0.0672760009765625
-0.74945068359375 0.14703369140625 -0.1964111328125 0.150146484375
-0.58270263671875 0.1727294921875 -0.45794677734375 -0.09783935546875
-0.415313720703125 0.17608642578125 -0.209945678710938 0.147735595703125
-0.396087646484375 0.15240478515625 0.0362167358398437 0.0208702087402344
-0.410797119140625 0.260986328125 0.0740814208984375 -0.141860961914063
-0.36932373046875 0.374176025390625 0.0379638671875 -0.289398193359375
-0.1466064453125 0.61883544921875 -0.06512451171875 -0.380401611328125
0.035888671875 0.6270751953125 -0.17425537109375 -0.462310791015625
0.00689697265624999 0.5880126953125 -0.15484619140625 -0.473968505859375
-0.00903320312500003 0.658447265625 -0.088836669921875 -0.4176025390625
-0.174896240234375 0.528228759765625 0.063812255859375 -0.293060302734375
-0.353515625 0.373687744140625 0.0390701293945312 -0.0980682373046875
-0.315643310546875 0.22479248046875 -0.12896728515625 0.0805206298828125
-0.347076416015625 0.110565185546875 -0.38104248046875 0.03546142578125
-0.4703369140625 0.198455810546875 -0.444366455078125 -0.00741577148437501
-0.6243896484375 0.12176513671875 -0.437957763671875 0.0997619628906251
-0.30206298828125 0.13909912109375 -0.6087646484375 -0.10565185546875
-0.201614379882813 0.1103515625 -0.352386474609375 0.12091064453125
-0.183929443359375 0.080780029296875 -0.0574264526367188 0.0479812622070312
-0.216354370117187 0.139373779296875 0.028656005859375 -0.129653930664063
-0.199569702148438 0.212570190429688 0.033233642578125 -0.3226318359375
-0.0760498046875 0.375274658203125 -0.1016845703125 -0.509613037109375
0.013031005859375 0.37158203125 -0.259765625 -0.63824462890625
-0.0103759765625 0.3568115234375 -0.228759765625 -0.642822265625
-0.052520751953125 0.407470703125 -0.097900390625 -0.5927734375
-0.167572021484375 0.2908935546875 0.10693359375 -0.402435302734375
-0.2581787109375 0.152175903320313 0.068023681640625 -0.106910705566406
-0.18109130859375 0.0572357177734375 -0.18975830078125 0.0587158203125
-0.163818359375 0.044708251953125 -0.47235107421875 -0.075469970703125
-0.277053833007813 0.135299682617188 -0.53857421875 -0.125091552734375
-0.40423583984375 0.0849304199218749 -0.61651611328125 0.0425415039062501
0.0694465637207031 -0.0600929260253906 0.62042236328125 -0.09674072265625
-0.00900650024414063 -0.0612678527832031 0.5714111328125 0.205078125
-0.0274200439453125 -0.00449371337890626 0.502716064453125 0.089874267578125
0.008148193359375 0.0351943969726563 0.248153686523438 -0.08453369140625
0.0447425842285156 0.052093505859375 -0.120361328125 0.0700912475585938
0.087371826171875 -0.036956787109375 -0.111083984375 0.463226318359375
0.0712661743164063 -0.0657196044921875 0.16558837890625 0.71954345703125
0.0319366455078125 -0.0752334594726563 0.3140869140625 0.6976318359375
0.024993896484375 -0.100296020507813 0.34637451171875 0.6529541015625
0.0393409729003906 -0.0649261474609375 0.175537109375 0.5645751953125
0.0740966796875 -0.0235748291015625 0.05194091796875 0.333831787109375
0.0397491455078125 0.0292778015136719 0.0177078247070312 0.103233337402344
-0.0204925537109375 0.0504570007324219 0.130783081054688 -0.0672836303710938
-0.0515861511230469 -0.0145530700683594 0.3497314453125 -0.151947021484375
0.0229549407958984 -0.0205192565917969 0.664794921875 0.1370849609375
-0.254837036132813 0.0106811523437501 0.60968017578125 -0.0693359375
-0.236846923828125 0.0230255126953125 0.55084228515625 0.2784423828125
-0.217315673828125 0.0591888427734375 0.513336181640625 0.1494140625
-0.165969848632813 0.12164306640625 0.28314208984375 -0.064544677734375
-0.139862060546875 0.177703857421875 -0.116500854492188 0.03369140625
-0.00961303710937502 0.226043701171875 -0.141937255859375 0.441314697265625
0.0935516357421875 0.2401123046875 0.13946533203125 0.70391845703125
0.073455810546875 0.213119506835938 0.30999755859375 0.6612548828125
0.104873657226563 0.214736938476563 0.35186767578125 0.62066650390625
0.05975341796875 0.223220825195313 0.204986572265625 0.5277099609375
-0.010101318359375 0.242431640625 0.0672607421875 0.293243408203125
-0.086456298828125 0.236923217773438 0.0345993041992187 0.0882797241210938
-0.221084594726563 0.154449462890625 0.123863220214844 -0.0637741088867187
-0.279495239257813 0.09716796875 0.33349609375 -0.12322998046875
-0.250885009765625 0.05413818359375 0.64154052734375 0.13702392578125
-0.549407958984375 0.081024169921875 0.496368408203125 -0.056396484375
-0.4561767578125 0.1080322265625 0.491607666015625 0.309112548828125
-0.40087890625 0.124359130859375 0.49993896484375 0.1495361328125
-0.337799072265625 0.201507568359375 0.289459228515625 -0.068511962890625
-0.31964111328125 0.28765869140625 -0.0937652587890625 -0.0107040405273437
-0.116485595703125 0.46624755859375 -0.137847900390625 0.362457275390625
0.096435546875 0.51666259765625 0.10382080078125 0.58660888671875
0.102386474609375 0.4716796875 0.26043701171875 0.52679443359375
0.175201416015625 0.50018310546875 0.297943115234375 0.50689697265625
0.084136962890625 0.483245849609375 0.192108154296875 0.427947998046875
-0.074676513671875 0.483184814453125 0.0608978271484375 0.228500366210938
-0.1846923828125 0.42315673828125 0.0373001098632812 0.0808334350585938
-0.38165283203125 0.2547607421875 0.0823822021484375 -0.0287399291992187
-0.460052490234375 0.2073974609375 0.248977661132813 -0.0665283203125
-0.484832763671875 0.128173828125 0.52471923828125 0.144866943359375
-0.75433349609375 0.14569091796875 0.29583740234375 -0.054534912109375
-0.59918212890625 0.1866455078125 0.3863525390625 0.29522705078125
-0.535003662109375 0.181243896484375 0.448272705078125 0.100616455078125
-0.480865478515625 0.279998779296875 0.265228271484375 -0.097869873046875
-0.461334228515625 0.394378662109375 -0.056243896484375 -0.070526123046875
-0.19427490234375 0.66259765625 -0.108413696289063 0.222579956054688
0.09161376953125 0.72265625 0.055511474609375 0.3736572265625
0.10980224609375 0.66253662109375 0.167510986328125 0.3126220703125
0.2056884765625 0.71270751953125 0.19012451171875 0.325164794921875
0.0767211914062501 0.67291259765625 0.1402587890625 0.275619506835938
-0.150390625 0.64801025390625 0.036529541015625 0.143646240234375
-0.268035888671875 0.538818359375 0.0197601318359375 0.0826339721679688
-0.48602294921875 0.3111572265625 0.00521659851074216 0.030364990234375
-0.5721435546875 0.28570556640625 0.106048583984375 0.00878906250000002
-0.651123046875 0.18402099609375 0.330963134765625 0.1595458984375
-0.821044921875 0.197021484375 0.0372543334960937 -0.0583877563476562
-0.62841796875 0.23468017578125 0.221237182617187 0.2532958984375
-0.58355712890625 0.21380615234375 0.340576171875 0.0423583984375
-0.5528564453125 0.33612060546875 0.213134765625 -0.1302490234375
-0.521759033203125 0.4736328125 -0.012786865234375 -0.148818969726562
-0.21160888671875 0.777587890625 -0.0727767944335938 0.029571533203125
0.0955810546875 0.8212890625 -0.0101089477539062 0.0964279174804688
0.10223388671875 0.75250244140625 0.0497970581054688 0.0474166870117188
0.186279296875 0.82342529296875 0.0611419677734375 0.0902557373046876
0.0206298828124999 0.7550048828125 0.0744705200195313 0.084564208984375
-0.241943359375 0.69281005859375 0.010009765625 0.0494461059570313
-0.334716796875 0.5389404296875 -0.01837158203125 0.0908737182617188
-0.517822265625 0.29302978515625 -0.110008239746094 0.089202880859375
-0.6053466796875 0.3101806640625 -0.0815811157226563 0.0695648193359375
-0.73394775390625 0.20623779296875 0.083892822265625 0.165176391601562
-0.741943359375 0.2216796875 -0.228591918945313 -0.059722900390625
-0.546112060546875 0.236480712890625 0.0160675048828125 0.207199096679688
-0.527008056640625 0.206024169921875 0.198196411132812 0.016143798828125
-0.521392822265625 0.344207763671875 0.150146484375 -0.14593505859375
-0.477142333984375 0.48590087890625 0.0225830078125 -0.23126220703125
-0.16961669921875 0.77130126953125 -0.0586395263671875 -0.188812255859375
0.0989990234375 0.78680419921875 -0.100845336914063 -0.198516845703125
0.08074951171875 0.72735595703125 -0.07879638671875 -0.226409912109375
0.126708984375 0.806640625 -0.0523681640625 -0.165740966796875
-0.0675048828125 0.7078857421875 0.0323715209960937 -0.117057800292969
-0.31732177734375 0.5955810546875 0.0034980773925781 -0.0360794067382812
-0.355010986328125 0.420318603515625 -0.0725936889648438 0.0985260009765625
-0.462615966796875 0.21466064453125 -0.254364013671875 0.109451293945312
-0.558013916015625 0.280670166015625 -0.283447265625 0.077545166015625
-0.71649169921875 0.19580078125 -0.180084228515625 0.153518676757813
-0.5452880859375 0.209197998046875 -0.457061767578125 -0.0560302734375
-0.383544921875 0.193939208984375 -0.17938232421875 0.178009033203125
-0.3785400390625 0.161376953125 0.0663681030273437 0.0302925109863281
-0.392730712890625 0.28277587890625 0.09332275390625 -0.142684936523437
-0.348114013671875 0.40216064453125 0.037353515625 -0.29888916015625
-0.0979003906250001 0.632080078125 -0.080230712890625 -0.382415771484375
0.08709716796875 0.62744140625 -0.2098388671875 -0.453857421875
0.05206298828125 0.58941650390625 -0.196990966796875 -0.462158203125
0.0494384765624999 0.66131591796875 -0.126068115234375 -0.402313232421875
-0.1380615234375 0.5428466796875 0.034088134765625 -0.290374755859375
-0.32659912109375 0.395904541015625 0.0247344970703125 -0.0889205932617187
-0.299530029296875 0.2353515625 -0.133934020996094 0.099456787109375
-0.327484130859375 0.118988037109375 -0.39593505859375 0.0658874511718751
-0.431854248046875 0.22308349609375 -0.454864501953125 0.0163269042968751
-0.5965576171875 0.16375732421875 -0.420501708984375 0.12353515625
-0.275955200195313 0.156097412109375 -0.60467529296875 -0.05377197265625
-0.184768676757813 0.116531372070312 -0.32196044921875 0.162200927734375
-0.176513671875 0.0800323486328125 -0.0230026245117188 0.0640983581542969
-0.20989990234375 0.149688720703125 0.0511474609375 -0.128395080566406
-0.19036865234375 0.228607177734375 0.033050537109375 -0.333587646484375
-0.048095703125 0.384979248046875 -0.128021240234375 -0.512298583984375
0.0428466796875 0.37445068359375 -0.31134033203125 -0.62396240234375
0.01641845703125 0.3590087890625 -0.28582763671875 -0.6246337890625
-0.017333984375 0.414154052734375 -0.15069580078125 -0.57769775390625
-0.148162841796875 0.3057861328125 0.07086181640625 -0.404022216796875
-0.249420166015625 0.169769287109375 0.056488037109375 -0.101325988769531
-0.178054809570313 0.0608367919921875 -0.192718505859375 0.085693359375
-0.151473999023438 0.0442657470703125 -0.495697021484375 -0.0346984863281251
-0.250930786132813 0.149490356445312 -0.558319091796875 -0.09375
-0.384368896484375 0.11273193359375 -0.59991455078125 0.0814208984375001
0.0638427734375 -0.0675811767578125 0.5933837890625 -0.11273193359375
-0.0153388977050781 -0.0532302856445313 0.5888671875 0.1748046875
-0.0278720855712891 0.0030517578125 0.513671875 0.043182373046875
0.0136947631835938 0.0361900329589844 0.244613647460938 -0.117752075195313
0.0535888671875 0.0482063293457031 -0.112823486328125 0.061767578125
0.0866165161132812 -0.046661376953125 -0.080322265625 0.447418212890625
0.0640792846679688 -0.0756378173828125 0.2113037109375 0.68585205078125
0.0257492065429688 -0.0786056518554687 0.35540771484375 0.6614990234375
0.0169219970703125 -0.103240966796875 0.38323974609375 0.62353515625
0.0348587036132813 -0.0699882507324219 0.2021484375 0.55877685546875
0.0738067626953125 -0.031341552734375 0.052490234375 0.342987060546875
0.0441513061523438 0.0246620178222656 -0.00741577148437501 0.111991882324219
-0.0132637023925781 0.0545005798339844 0.0866546630859375 -0.07659912109375
-0.0535240173339844 -0.00261688232421875 0.306304931640625 -0.17022705078125
0.0194320678710937 -0.0187931060791016 0.642578125 0.09344482421875
-0.240127563476563 0.0160522460937499 0.58392333984375 -0.087646484375
-0.224533081054688 0.035003662109375 0.574462890625 0.24664306640625
-0.205886840820312 0.0667572021484375 0.527801513671875 0.102203369140625
-0.151351928710938 0.124603271484375 0.28155517578125 -0.100067138671875
-0.12237548828125 0.180465698242188 -0.111213684082031 0.0262680053710938
0.00767517089843749 0.215988159179688 -0.110748291015625 0.43170166015625
0.107437133789063 0.223342895507813 0.18695068359375 0.675048828125
0.0849609375 0.201446533203125 0.3499755859375 0.62408447265625
0.117416381835937 0.201263427734375 0.3890380859375 0.5916748046875
0.0716094970703125 0.212020874023438 0.228485107421875 0.520416259765625
0.00675964355468748 0.233169555664063 0.066986083984375 0.303955078125
-0.06829833984375 0.230636596679688 0.00949859619140626 0.0976333618164063
-0.20428466796875 0.160308837890625 0.081939697265625 -0.0689620971679687
-0.26385498046875 0.110855102539063 0.2939453125 -0.14044189453125
-0.237136840820313 0.0630950927734374 0.62091064453125 0.094482421875
-0.516571044921875 0.0980834960937501 0.47576904296875 -0.070556640625
-0.424285888671875 0.122894287109375 0.519195556640625 0.2791748046875
-0.377410888671875 0.132659912109375 0.51763916015625 0.10601806640625
-0.31494140625 0.20758056640625 0.290313720703125 -0.101837158203125
-0.2955322265625 0.2978515625 -0.0898513793945313 -0.0170135498046875
-0.08319091796875 0.4576416015625 -0.1094970703125 0.3564453125
0.127685546875 0.495361328125 0.14453125 0.5599365234375
0.129302978515625 0.453826904296875 0.290313720703125 0.4954833984375
0.207275390625 0.474853515625 0.32861328125 0.4835205078125
0.111053466796875 0.464599609375 0.210845947265625 0.421539306640625
-0.042633056640625 0.4736328125 0.05975341796875 0.24127197265625
-0.156097412109375 0.41754150390625 0.0135040283203125 0.0912322998046875
-0.357177734375 0.260986328125 0.0458412170410156 -0.0296859741210937
-0.428863525390625 0.221221923828125 0.217498779296875 -0.080596923828125
-0.455322265625 0.142730712890625 0.51092529296875 0.10552978515625
-0.70538330078125 0.171875 0.282501220703125 -0.05950927734375
-0.5562744140625 0.202728271484375 0.41473388671875 0.27288818359375
-0.504669189453125 0.187591552734375 0.46588134765625 0.06494140625
-0.45074462890625 0.28662109375 0.269668579101563 -0.124542236328125
-0.4322509765625 0.410614013671875 -0.0535125732421875 -0.0775985717773437
-0.14764404296875 0.6571044921875 -0.0860443115234375 0.219268798828125
0.1407470703125 0.70013427734375 0.08447265625 0.356719970703125
0.15008544921875 0.641357421875 0.185546875 0.291351318359375
0.25396728515625 0.6829833984375 0.21112060546875 0.31280517578125
0.1146240234375 0.65240478515625 0.1497802734375 0.275588989257813
-0.1083984375 0.64111328125 0.0327911376953125 0.1597900390625
-0.233612060546875 0.532440185546875 -0.000244140625000024 0.093780517578125
-0.457794189453125 0.315185546875 -0.0228061676025391 0.0333480834960938
-0.53179931640625 0.294891357421875 0.0843658447265625 -0.000717163085937482
-0.61181640625 0.2020263671875 0.32440185546875 0.12841796875
-0.7645263671875 0.22467041015625 0.0337104797363281 -0.0507011413574219
-0.57904052734375 0.2474365234375 0.252777099609375 0.241287231445313
-0.552215576171875 0.2178955078125 0.36077880859375 0.01812744140625
-0.522491455078125 0.346649169921875 0.222000122070313 -0.149337768554688
-0.48895263671875 0.4935302734375 -0.0116119384765625 -0.156707763671875
-0.15826416015625 0.773193359375 -0.0602455139160156 0.0262374877929688
0.15081787109375 0.79705810546875 0.000747680664062503 0.0888977050781251
0.14691162109375 0.731201171875 0.0502777099609375 0.0402374267578125
0.24407958984375 0.7950439453125 0.0688552856445313 0.0922164916992188
0.0643310546874999 0.7393798828125 0.07501220703125 0.0917434692382813
-0.19586181640625 0.690673828125 0.00338363647460936 0.0663414001464844
-0.3009033203125 0.535003662109375 -0.0325088500976563 0.10345458984375
-0.490142822265625 0.296173095703125 -0.127296447753906 0.0989761352539063
-0.5606689453125 0.31695556640625 -0.0938720703125 0.0681991577148438
-0.687744140625 0.22857666015625 0.0880279541015625 0.146408081054688
-0.6856689453125 0.242919921875 -0.222305297851563 -0.038970947265625
-0.502288818359375 0.241180419921875 0.0510101318359375 0.209823608398438
-0.5015869140625 0.20684814453125 0.22296142578125 0.00494384765625001
-0.496612548828125 0.355316162109375 0.164443969726563 -0.158676147460937
-0.4462890625 0.50579833984375 0.02337646484375 -0.240737915039063
-0.11700439453125 0.767333984375 -0.0587615966796875 -0.190032958984375
0.1510009765625 0.7662353515625 -0.109359741210938 -0.193557739257812
0.12451171875 0.70928955078125 -0.0944976806640625 -0.217926025390625
0.18426513671875 0.78240966796875 -0.06109619140625 -0.151168823242187
-0.023193359375 0.69903564453125 0.0217437744140625 -0.105117797851562
-0.27667236328125 0.60064697265625 -0.00461959838867189 -0.018829345703125
-0.329864501953125 0.419097900390625 -0.0797653198242188 0.113349914550781
-0.440155029296875 0.21380615234375 -0.26373291015625 0.128570556640625
-0.512939453125 0.287750244140625 -0.288787841796875 0.085540771484375
-0.67254638671875 0.21844482421875 -0.166717529296875 0.1478271484375
-0.49951171875 0.22259521484375 -0.442840576171875 -0.023681640625
-0.35186767578125 0.1943359375 -0.14117431640625 0.192092895507812
-0.363677978515625 0.1578369140625 0.09808349609375 0.0268478393554688
-0.374481201171875 0.29278564453125 0.112777709960937 -0.1524658203125
-0.325714111328125 0.4185791015625 0.0364990234375 -0.309722900390625
-0.0576171875 0.62896728515625 -0.09271240234375 -0.380889892578125
0.12872314453125 0.61297607421875 -0.235137939453125 -0.4364013671875
0.0885009765625 0.57696533203125 -0.227294921875 -0.440093994140625
0.0969848632812501 0.6456298828125 -0.149749755859375 -0.37799072265625
-0.10174560546875 0.5430908203125 0.01287841796875 -0.276504516601562
-0.29949951171875 0.4063720703125 0.0163192749023437 -0.0745315551757812
-0.286407470703125 0.23590087890625 -0.134056091308594 0.118522644042969
-0.311004638671875 0.11529541015625 -0.400909423828125 0.09649658203125
-0.393707275390625 0.2271728515625 -0.457916259765625 0.0361938476562501
-0.557861328125 0.185760498046875 -0.39801025390625 0.131072998046875
-0.2489013671875 0.159378051757813 -0.584228515625 -0.01446533203125
-0.169464111328125 0.11358642578125 -0.281402587890625 0.18463134765625
-0.1717529296875 0.074615478515625 0.0151824951171875 0.0639495849609375
-0.203842163085938 0.155838012695312 0.0740127563476562 -0.138259887695313
-0.1800537109375 0.23858642578125 0.031768798828125 -0.34527587890625
-0.024078369140625 0.383819580078125 -0.147552490234375 -0.50714111328125
0.066436767578125 0.369140625 -0.34869384765625 -0.5968017578125
0.038299560546875 0.35443115234375 -0.325439453125 -0.5908203125
0.013427734375 0.408355712890625 -0.187530517578125 -0.54840087890625
-0.129241943359375 0.312957763671875 0.04241943359375 -0.39117431640625
-0.237319946289063 0.1815185546875 0.0500640869140625 -0.0899887084960937
-0.175796508789063 0.0618896484375 -0.188888549804688 0.110427856445312
-0.14202880859375 0.038421630859375 -0.50347900390625 0.00576782226562494
-0.223297119140625 0.151275634765625 -0.5657958984375 -0.0635986328125
-0.357879638671875 0.128509521484375 -0.57269287109375 0.1004638671875
0.05828857421875 -0.072296142578125 0.577880859375 -0.11151123046875
-0.0174217224121094 -0.0443458557128906 0.60260009765625 0.1513671875
-0.0252628326416016 0.00910758972167969 0.514495849609375 0.003753662109375
0.018218994140625 0.0359268188476563 0.235916137695312 -0.144912719726562
0.0607833862304687 0.0432472229003906 -0.111038208007813 0.0508956909179687
0.0845947265625 -0.053955078125 -0.064910888671875 0.4281005859375
0.0569381713867188 -0.0819854736328125 0.2347412109375 0.65533447265625
0.0212936401367187 -0.0809707641601563 0.37860107421875 0.6314697265625
0.010589599609375 -0.104507446289062 0.4051513671875 0.5999755859375
0.0306549072265625 -0.0736541748046875 0.21722412109375 0.55462646484375
0.0729141235351563 -0.0388107299804688 0.0545654296875 0.356231689453125
0.0474014282226563 0.0196609497070313 -0.0277328491210938 0.130165100097656
-0.00610733032226562 0.0564918518066406 0.0472450256347656 -0.0684471130371094
-0.0513763427734375 0.00770568847656251 0.268600463867188 -0.170196533203125
0.0176734924316406 -0.0159320831298828 0.6195068359375 0.07257080078125
-0.229965209960938 0.013458251953125 0.568115234375 -0.0888671875
-0.21282958984375 0.039459228515625 0.5919189453125 0.22308349609375
-0.197235107421875 0.068450927734375 0.53363037109375 0.06103515625
-0.140914916992188 0.122695922851563 0.27471923828125 -0.129379272460938
-0.109664916992188 0.1781005859375 -0.110687255859375 0.0165481567382813
0.0173187255859375 0.205535888671875 -0.092437744140625 0.415496826171875
0.1129150390625 0.20806884765625 0.21307373046875 0.64410400390625
0.090057373046875 0.191329956054688 0.37017822265625 0.594970703125
0.123809814453125 0.188507080078125 0.40863037109375 0.5684814453125
0.07708740234375 0.201187133789062 0.242584228515625 0.515838623046875
0.0164947509765625 0.224533081054688 0.06829833984375 0.318511962890625
-0.059051513671875 0.223541259765625 -0.01007080078125 0.11669921875
-0.193099975585937 0.160186767578125 0.0452499389648437 -0.057647705078125
-0.251373291015625 0.116180419921875 0.259613037109375 -0.14013671875
-0.227096557617188 0.0635528564453125 0.596435546875 0.0731201171875
-0.4908447265625 0.09710693359375 0.463409423828125 -0.0701904296875
-0.399932861328125 0.124847412109375 0.541351318359375 0.2547607421875
-0.3631591796875 0.12884521484375 0.5262451171875 0.068084716796875
-0.30047607421875 0.203857421875 0.28704833984375 -0.13031005859375
-0.279541015625 0.299102783203125 -0.0897216796875 -0.026458740234375
-0.063079833984375 0.4473876953125 -0.092437744140625 0.344268798828125
0.14776611328125 0.474639892578125 0.168060302734375 0.534759521484375
0.144256591796875 0.437408447265625 0.306671142578125 0.4697265625
0.225067138671875 0.45343017578125 0.34637451171875 0.46502685546875
0.125213623046875 0.448760986328125 0.22412109375 0.420989990234375
-0.024810791015625 0.462066650390625 0.0614776611328125 0.257858276367188
-0.141387939453125 0.40667724609375 -0.00403594970703127 0.110565185546875
-0.343231201171875 0.257415771484375 0.013772964477539 -0.0165004730224609
-0.40838623046875 0.219207763671875 0.188674926757812 -0.0790557861328125
-0.435028076171875 0.14044189453125 0.491302490234375 0.085845947265625
-0.6673583984375 0.1708984375 0.275375366210937 -0.056304931640625
-0.5233154296875 0.198516845703125 0.438446044921875 0.25390625
-0.486175537109375 0.179168701171875 0.476837158203125 0.033233642578125
-0.434173583984375 0.284393310546875 0.270431518554688 -0.148971557617187
-0.413421630859375 0.41632080078125 -0.0533676147460938 -0.0873565673828125
-0.1165771484375 0.6458740234375 -0.0715484619140625 0.2099609375
0.16900634765625 0.6763916015625 0.1015625 0.337982177734375
0.17230224609375 0.62164306640625 0.193511962890625 0.274551391601563
0.2803955078125 0.65625 0.22552490234375 0.302276611328125
0.13677978515625 0.63409423828125 0.160140991210938 0.279327392578125
-0.0819091796875 0.6302490234375 0.033935546875 0.177398681640625
-0.217041015625 0.5228271484375 -0.0150680541992188 0.112991333007813
-0.44482421875 0.30902099609375 -0.0473747253417969 0.0485725402832031
-0.50531005859375 0.28839111328125 0.0628089904785156 0.00146102905273439
-0.58367919921875 0.19866943359375 0.31243896484375 0.111083984375
-0.7208251953125 0.2237548828125 0.0344276428222656 -0.042877197265625
-0.544464111328125 0.2364501953125 0.278289794921875 0.228378295898438
-0.5369873046875 0.20465087890625 0.376190185546875 -0.00518798828124999
-0.50445556640625 0.345458984375 0.22906494140625 -0.170257568359375
-0.470123291015625 0.50390625 -0.0113372802734375 -0.167282104492187
-0.124267578125 0.7640380859375 -0.0522575378417969 0.0191421508789063
0.184814453125 0.77423095703125 0.00740051269531252 0.0803375244140625
0.174072265625 0.71380615234375 0.0497474670410156 0.0344085693359375
0.2774658203125 0.76654052734375 0.0769882202148438 0.09271240234375
0.091064453125 0.7210693359375 0.0790786743164063 0.100563049316406
-0.16888427734375 0.68438720703125 0.00376129150390624 0.0851669311523438
-0.286346435546875 0.527252197265625 -0.0419540405273438 0.121635437011719
-0.479461669921875 0.287689208984375 -0.143508911132813 0.115692138671875
-0.53253173828125 0.30792236328125 -0.10809326171875 0.071990966796875
-0.65380859375 0.22589111328125 0.0843582153320312 0.130508422851562
-0.64501953125 0.2384033203125 -0.213302612304688 -0.025390625
-0.473114013671875 0.227264404296875 0.08111572265625 0.20477294921875
-0.492034912109375 0.196319580078125 0.245651245117187 -0.0115966796875
-0.4801025390625 0.357330322265625 0.1776123046875 -0.177093505859375
-0.427886962890625 0.516143798828125 0.0225067138671875 -0.253616333007812
-0.0837402343750001 0.75933837890625 -0.0578765869140625 -0.194580078125
0.1832275390625 0.7467041015625 -0.114273071289062 -0.191619873046875
0.15057373046875 0.69342041015625 -0.10455322265625 -0.211044311523437
0.21856689453125 0.756591796875 -0.0614166259765625 -0.138992309570312
0.00213623046874998 0.6888427734375 0.019622802734375 -0.0921707153320312
-0.2528076171875 0.59991455078125 -0.00470447540283205 -0.00162458419799801
-0.32037353515625 0.414093017578125 -0.0830154418945312 0.131088256835938
-0.42938232421875 0.205474853515625 -0.270919799804688 0.14874267578125
-0.4840087890625 0.2757568359375 -0.296295166015625 0.0943603515625
-0.63824462890625 0.2166748046875 -0.160324096679688 0.1370849609375
-0.46734619140625 0.21484375 -0.423919677734375 -0.00671386718749995
-0.33294677734375 0.1810302734375 -0.107269287109375 0.193344116210938
-0.359588623046875 0.149017333984375 0.126869201660156 0.01263427734375
-0.365142822265625 0.295989990234375 0.130035400390625 -0.171066284179687
-0.311431884765625 0.428802490234375 0.035736083984375 -0.324462890625
-0.0301513671874999 0.6220703125 -0.09918212890625 -0.38238525390625
0.15509033203125 0.59991455078125 -0.250946044921875 -0.423858642578125
0.10943603515625 0.564697265625 -0.2445068359375 -0.419708251953125
0.12750244140625 0.63018798828125 -0.158660888671875 -0.3564453125
-0.080596923828125 0.540802001953125 0.00485229492187501 -0.26165771484375
-0.28167724609375 0.410858154296875 0.0157012939453125 -0.0605926513671875
-0.282470703125 0.23260498046875 -0.131431579589844 0.13690185546875
-0.304229736328125 0.10443115234375 -0.403289794921875 0.122894287109375
-0.367828369140625 0.218109130859375 -0.46392822265625 0.051971435546875
-0.528594970703125 0.185211181640625 -0.3843994140625 0.12750244140625
-0.228759765625 0.151443481445313 -0.5635986328125 0.00592041015625008
-0.160858154296875 0.105300903320313 -0.244781494140625 0.190185546875
-0.17413330078125 0.0673065185546875 0.0477294921875 0.0501213073730469
-0.200973510742187 0.160079956054687 0.0933990478515625 -0.157089233398438
-0.17279052734375 0.246139526367187 0.030731201171875 -0.360626220703125
-0.00732421874999999 0.3807373046875 -0.159576416015625 -0.506011962890625
0.083709716796875 0.363616943359375 -0.37164306640625 -0.575439453125
0.05126953125 0.34857177734375 -0.34674072265625 -0.562255859375
0.033477783203125 0.401031494140625 -0.2030029296875 -0.521514892578125
-0.1146240234375 0.316375732421875 0.029296875 -0.376220703125
-0.22991943359375 0.18804931640625 0.050048828125 -0.0779953002929687
-0.17718505859375 0.060333251953125 -0.180801391601563 0.13128662109375
-0.138465881347656 0.0288467407226563 -0.505126953125 0.0399169921874999
-0.205612182617188 0.143630981445313 -0.57147216796875 -0.0432128906250001
-0.33648681640625 0.12921142578125 -0.553985595703125 0.10272216796875
0.0533981323242188 -0.0768661499023438 0.582275390625 -0.10406494140625
-0.0161094665527344 -0.0378990173339844 0.62420654296875 0.1339111328125
-0.0218982696533203 0.0130882263183594 0.519683837890625 -0.026885986328125
0.0223731994628906 0.0341072082519531 0.229202270507813 -0.169113159179688
0.0667915344238281 0.0383033752441406 -0.115814208984375 0.0401153564453125
0.0838470458984375 -0.0613174438476563 -0.061859130859375 0.416900634765625
0.0505218505859375 -0.0873184204101563 0.250244140625 0.6392822265625
0.0170516967773438 -0.0843505859375 0.39642333984375 0.616455078125
0.00548553466796875 -0.106925964355469 0.42340087890625 0.59149169921875
0.027130126953125 -0.0776138305664063 0.23443603515625 0.56304931640625
0.0724639892578125 -0.0447998046875 0.059295654296875 0.376861572265625
0.0495834350585938 0.0153884887695312 -0.0407257080078125 0.155670166015625
0.000442504882812502 0.0579452514648438 0.0165328979492188 -0.050048828125
-0.0484657287597656 0.0164604187011719 0.243881225585938 -0.161727905273438
0.0174627304077148 -0.0127801895141602 0.60980224609375 0.068115234375
-0.228073120117188 0.00588989257812502 0.571044921875 -0.08343505859375
-0.207489013671875 0.039764404296875 0.61590576171875 0.20281982421875
-0.195327758789063 0.0681610107421875 0.540802001953125 0.030364990234375
-0.136573791503906 0.120391845703125 0.268890380859375 -0.155120849609375
-0.103424072265625 0.176239013671875 -0.116661071777344 0.00654602050781249
0.022857666015625 0.198822021484375 -0.0875244140625 0.407806396484375
0.11602783203125 0.20025634765625 0.22808837890625 0.62908935546875
0.0926513671875 0.186614990234375 0.38726806640625 0.5789794921875
0.128372192382813 0.182479858398438 0.42822265625 0.560028076171875
0.0801544189453125 0.19671630859375 0.259857177734375 0.524261474609375
0.0217437744140625 0.219680786132812 0.0753173828125 0.338836669921875
-0.05560302734375 0.219406127929688 -0.021728515625 0.14251708984375
-0.189437866210938 0.159713745117188 0.0177154541015625 -0.0374259948730469
-0.246917724609375 0.1197509765625 0.237457275390625 -0.131057739257813
-0.224288940429688 0.0613555908203125 0.58642578125 0.06982421875
-0.4827880859375 0.086334228515625 0.46649169921875 -0.06524658203125
-0.3895263671875 0.118927001953125 0.5657958984375 0.2369384765625
-0.36114501953125 0.12322998046875 0.536224365234375 0.03851318359375
-0.296051025390625 0.2005615234375 0.284210205078125 -0.15631103515625
-0.27423095703125 0.3023681640625 -0.0948562622070313 -0.0368576049804687
-0.050933837890625 0.44244384765625 -0.08544921875 0.337158203125
0.161285400390625 0.466217041015625 0.184661865234375 0.52081298828125
0.155059814453125 0.431427001953125 0.320404052734375 0.455291748046875
0.2384033203125 0.442718505859375 0.365325927734375 0.457244873046875
0.1346435546875 0.443145751953125 0.239288330078125 0.427978515625
-0.01409912109375 0.46044921875 0.0686187744140625 0.278152465820313
-0.13714599609375 0.40576171875 -0.0139617919921875 0.137245178222656
-0.344757080078125 0.2552490234375 -0.00937080383300783 0.00573635101318361
-0.4027099609375 0.218292236328125 0.169219970703125 -0.069671630859375
-0.4295654296875 0.134063720703125 0.48114013671875 0.079620361328125
-0.65399169921875 0.1593017578125 0.27886962890625 -0.0512542724609375
-0.510223388671875 0.186553955078125 0.463653564453125 0.237640380859375
-0.48779296875 0.169677734375 0.491424560546875 0.00469970703125001
-0.432830810546875 0.283111572265625 0.271896362304688 -0.174148559570312
-0.408721923828125 0.423919677734375 -0.0573654174804688 -0.0991592407226562
-0.10162353515625 0.64483642578125 -0.0644378662109375 0.203231811523438
0.18994140625 0.66790771484375 0.1112060546875 0.32708740234375
0.18695068359375 0.61761474609375 0.199951171875 0.264541625976563
0.302001953125 0.642578125 0.240631103515625 0.299407958984375
0.1517333984375 0.62884521484375 0.1732177734375 0.28765869140625
-0.06903076171875 0.6302490234375 0.0409088134765625 0.197219848632813
-0.2149658203125 0.52313232421875 -0.0220870971679688 0.138427734375
-0.447418212890625 0.305938720703125 -0.0663986206054688 0.0712738037109375
-0.500457763671875 0.2821044921875 0.0463638305664062 0.0110092163085938
-0.5765380859375 0.18865966796875 0.30474853515625 0.1025390625
-0.70440673828125 0.209228515625 0.0384330749511718 -0.036376953125
-0.532867431640625 0.22210693359375 0.303314208984375 0.21728515625
-0.54241943359375 0.19415283203125 0.39422607421875 -0.029266357421875
-0.505828857421875 0.34686279296875 0.2354736328125 -0.195068359375
-0.465362548828125 0.516937255859375 -0.0140228271484375 -0.182357788085937
-0.10284423828125 0.76470947265625 -0.0476188659667969 0.0113601684570313
0.210693359375 0.76617431640625 0.0100479125976563 0.0726089477539063
0.19171142578125 0.70928955078125 0.048919677734375 0.0303001403808594
0.30303955078125 0.7529296875 0.0869674682617188 0.0948028564453125
0.11126708984375 0.719482421875 0.088897705078125 0.108879089355469
-0.15277099609375 0.6873779296875 0.00983428955078125 0.1029052734375
-0.2869873046875 0.529296875 -0.046417236328125 0.145156860351563
-0.48590087890625 0.283233642578125 -0.157745361328125 0.138641357421875
-0.5267333984375 0.297760009765625 -0.12213134765625 0.0819473266601562
-0.6456298828125 0.2135009765625 0.0784759521484375 0.121902465820313
-0.62811279296875 0.22369384765625 -0.2064208984375 -0.018280029296875
-0.464111328125 0.210693359375 0.107269287109375 0.1976318359375
-0.50189208984375 0.18505859375 0.266677856445312 -0.0338897705078125
-0.482269287109375 0.3621826171875 0.188262939453125 -0.202407836914062
-0.42291259765625 0.533172607421875 0.0201263427734375 -0.271163940429687
-0.060302734375 0.76263427734375 -0.05902099609375 -0.2039794921875
0.20953369140625 0.74151611328125 -0.121017456054687 -0.193588256835937
0.169921875 0.6912841796875 -0.112335205078125 -0.2080078125
0.24462890625 0.7474365234375 -0.0581588745117187 -0.131683349609375
0.021240234375 0.68804931640625 0.0240631103515625 -0.08233642578125
-0.24114990234375 0.6085205078125 -2.57492065429847E-05 0.0129127502441407
-0.322845458984375 0.417144775390625 -0.0839996337890625 0.152313232421875
-0.4388427734375 0.1964111328125 -0.28179931640625 0.172332763671875
-0.476837158203125 0.264251708984375 -0.31005859375 0.106231689453125
-0.6279296875 0.2088623046875 -0.164764404296875 0.128555297851563
-0.453857421875 0.201171875 -0.417266845703125 0.00112915039062499
-0.329437255859375 0.167083740234375 -0.0811920166015625 0.188796997070313
-0.37091064453125 0.1412353515625 0.150604248046875 -0.00765991210937499
-0.367950439453125 0.3028564453125 0.142654418945312 -0.196929931640625
-0.308685302734375 0.441864013671875 0.032440185546875 -0.345001220703125
-0.01153564453125 0.626220703125 -0.105010986328125 -0.392242431640625
0.17596435546875 0.59600830078125 -0.2664794921875 -0.419464111328125
0.1253662109375 0.56427001953125 -0.258392333984375 -0.41162109375
0.1488037109375 0.622314453125 -0.162567138671875 -0.345703125
-0.0650634765625 0.5439453125 0.00440979003906252 -0.252777099609375
-0.2755126953125 0.419921875 0.0205726623535156 -0.04876708984375
-0.28863525390625 0.23504638671875 -0.127944946289063 0.155960083007813
-0.31103515625 0.0950622558593749 -0.410430908203125 0.14886474609375
-0.35943603515625 0.206939697265625 -0.477020263671875 0.0658264160156249
-0.518890380859375 0.17730712890625 -0.385284423828125 0.1197509765625
-0.221359252929688 0.141159057617188 -0.55426025390625 0.0130004882812501
-0.160507202148438 0.0977020263671875 -0.219879150390625 0.18646240234375
-0.183975219726562 0.0625457763671875 0.0735397338867187 0.0290069580078125
-0.204483032226563 0.166336059570313 0.107009887695313 -0.184295654296875
-0.1707763671875 0.256851196289062 0.027435302734375 -0.382843017578125
0.00534057617187499 0.384979248046875 -0.1719970703125 -0.515106201171875
0.096435546875 0.364105224609375 -0.3909912109375 -0.56683349609375
0.061309814453125 0.3504638671875 -0.36260986328125 -0.5498046875
0.048553466796875 0.399810791015625 -0.21405029296875 -0.50701904296875
-0.105072021484375 0.32257080078125 0.025970458984375 -0.368438720703125
-0.227951049804687 0.196258544921875 0.0559539794921875 -0.0693588256835937
-0.183822631835938 0.060821533203125 -0.175018310546875 0.151214599609375
-0.142120361328125 0.019744873046875 -0.51214599609375 0.071075439453125
-0.198287963867188 0.13519287109375 -0.58636474609375 -0.02655029296875
-0.3284912109375 0.123046875 -0.553680419921875 0.0980529785156249
0.0486679077148437 -0.0822296142578125 0.602294921875 -0.10894775390625
-0.0133171081542969 -0.0332393646240234 0.65802001953125 0.1087646484375
-0.0184040069580078 0.0164680480957031 0.530517578125 -0.061798095703125
0.0261516571044922 0.0324554443359375 0.222244262695313 -0.195404052734375
0.0734329223632813 0.0324325561523438 -0.126029968261719 0.034210205078125
0.08282470703125 -0.0708389282226563 -0.06036376953125 0.4189453125
0.0442047119140625 -0.093536376953125 0.2730712890625 0.63665771484375
0.0122451782226563 -0.0892791748046875 0.4266357421875 0.612060546875
-0.000320434570312489 -0.111030578613281 0.45770263671875 0.59088134765625
0.0231704711914062 -0.0823440551757812 0.26287841796875 0.57855224609375
0.0717697143554687 -0.0528488159179687 0.0760498046875 0.4022216796875
0.0519256591796875 0.0109519958496094 -0.0432891845703125 0.187301635742188
0.007232666015625 0.0597305297851563 -0.00358200073242187 -0.0262622833251953
-0.0446090698242188 0.0249214172363281 0.230422973632813 -0.153717041015625
0.0187225341796875 -0.0105209350585938 0.61859130859375 0.062744140625
-0.235702514648438 0.00096130371093751 0.59088134765625 -0.08782958984375
-0.20672607421875 0.04168701171875 0.6529541015625 0.1781005859375
-0.1990966796875 0.067596435546875 0.5545654296875 -0.004852294921875
-0.136276245117187 0.121185302734375 0.264297485351563 -0.18328857421875
-0.0991668701171875 0.17919921875 -0.127174377441406 -0.000617980957031249
0.0291290283203125 0.195602416992188 -0.08416748046875 0.40966796875
0.12237548828125 0.196243286132813 0.25177001953125 0.62689208984375
0.0995330810546875 0.18536376953125 0.4146728515625 0.57421875
0.136459350585938 0.178680419921875 0.462371826171875 0.557830810546875
0.086578369140625 0.19610595703125 0.290985107421875 0.53729248046875
0.02813720703125 0.220062255859375 0.09228515625 0.362823486328125
-0.0531768798828125 0.222808837890625 -0.02313232421875 0.17388916015625
-0.190521240234375 0.165740966796875 0.000254631042480457 -0.0112333297729492
-0.247024536132813 0.128387451171875 0.226699829101562 -0.122207641601562
-0.228164672851563 0.0622100830078125 0.5963134765625 0.0635986328125
-0.49041748046875 0.0835266113281249 0.48309326171875 -0.068939208984375
-0.391387939453125 0.11785888671875 0.603271484375 0.21527099609375
-0.371795654296875 0.12493896484375 0.55279541015625 0.00219726562500001
-0.29974365234375 0.20513916015625 0.28192138671875 -0.18658447265625
-0.27301025390625 0.314422607421875 -0.105850219726563 -0.0459365844726562
-0.0382080078125 0.4473876953125 -0.08001708984375 0.338897705078125
0.179473876953125 0.465301513671875 0.203033447265625 0.517913818359375
0.171600341796875 0.435302734375 0.34039306640625 0.447967529296875
0.260284423828125 0.439483642578125 0.39520263671875 0.455230712890625
0.15118408203125 0.446533203125 0.2666015625 0.4384765625
-0.000793457031249949 0.4686279296875 0.085052490234375 0.300445556640625
-0.13427734375 0.416168212890625 -0.0137939453125 0.16778564453125
-0.3516845703125 0.264984130859375 -0.0233020782470703 0.0336532592773438
-0.407318115234375 0.22711181640625 0.160003662109375 -0.0588531494140625
-0.437713623046875 0.13330078125 0.48724365234375 0.07440185546875
-0.66180419921875 0.15576171875 0.29034423828125 -0.05181884765625
-0.512908935546875 0.18243408203125 0.49932861328125 0.21893310546875
-0.50445556640625 0.17205810546875 0.50958251953125 -0.029266357421875
-0.439697265625 0.292938232421875 0.272659301757813 -0.20703125
-0.40966796875 0.44683837890625 -0.0676651000976563 -0.111541748046875
-0.08074951171875 0.65576171875 -0.060028076171875 0.200653076171875
0.21966552734375 0.66937255859375 0.12408447265625 0.322906494140625
0.213134765625 0.6246337890625 0.212142944335937 0.258834838867188
0.33392333984375 0.6412353515625 0.263427734375 0.29840087890625
0.17669677734375 0.6358642578125 0.196319580078125 0.2967529296875
-0.05267333984375 0.64520263671875 0.0553131103515625 0.217208862304688
-0.21240234375 0.537994384765625 -0.0201568603515625 0.168243408203125
-0.463104248046875 0.318115234375 -0.0773391723632813 0.1015625
-0.50732421875 0.290496826171875 0.0365104675292968 0.0250511169433594
-0.5875244140625 0.1876220703125 0.3060302734375 0.09783935546875
-0.71124267578125 0.20574951171875 0.044952392578125 -0.0328941345214844
-0.53887939453125 0.2147216796875 0.335479736328125 0.20379638671875
-0.56451416015625 0.19769287109375 0.4129638671875 -0.06121826171875
-0.5152587890625 0.363800048828125 0.238555908203125 -0.227767944335938
-0.46588134765625 0.54693603515625 -0.023712158203125 -0.1998291015625
-0.07684326171875 0.783447265625 -0.0471000671386719 0.00423049926757817
0.24603271484375 0.7716064453125 0.0114822387695313 0.0681114196777344
0.222900390625 0.7186279296875 0.0490837097167969 0.0269813537597657
0.3402099609375 0.75299072265625 0.100677490234375 0.095367431640625
0.13836669921875 0.73150634765625 0.104408264160156 0.116661071777344
-0.13641357421875 0.7086181640625 0.0218276977539062 0.119529724121094
-0.287811279296875 0.548095703125 -0.042724609375 0.173248291015625
-0.50518798828125 0.29364013671875 -0.16741943359375 0.170440673828125
-0.534912109375 0.303131103515625 -0.134788513183594 0.0997695922851563
-0.65643310546875 0.2139892578125 0.0750961303710937 0.118797302246094
-0.6334228515625 0.2186279296875 -0.205795288085938 -0.010711669921875
-0.472076416015625 0.204376220703125 0.133743286132812 0.188751220703125
-0.526458740234375 0.189056396484375 0.286163330078125 -0.063934326171875
-0.490234375 0.382080078125 0.19293212890625 -0.235809326171875
-0.42303466796875 0.56573486328125 0.010498046875 -0.294830322265625
-0.0338134765625 0.7791748046875 -0.065155029296875 -0.21697998046875
0.24468994140625 0.747314453125 -0.132476806640625 -0.197601318359375
0.19854736328125 0.70257568359375 -0.124313354492187 -0.20867919921875
0.2806396484375 0.748046875 -0.0553054809570312 -0.129966735839844
0.04742431640625 0.70306396484375 0.0320281982421875 -0.0783615112304687
-0.2294921875 0.63104248046875 0.00916671752929686 0.0249404907226563
-0.32818603515625 0.435516357421875 -0.07928466796875 0.177734375
-0.459014892578125 0.2022705078125 -0.28936767578125 0.205902099609375
-0.484100341796875 0.26654052734375 -0.32574462890625 0.12774658203125
-0.63702392578125 0.20697021484375 -0.173675537109375 0.127548217773438
-0.45635986328125 0.195465087890625 -0.419647216796875 0.011993408203125
-0.337371826171875 0.159881591796875 -0.0593414306640625 0.183929443359375
-0.392333984375 0.145416259765625 0.169509887695312 -0.0363922119140625
-0.375152587890625 0.321380615234375 0.147918701171875 -0.230850219726562
-0.30633544921875 0.4703369140625 0.021331787109375 -0.372161865234375
0.01336669921875 0.64031982421875 -0.120147705078125 -0.408111572265625
0.206787109375 0.60345458984375 -0.289825439453125 -0.420745849609375
0.1484375 0.5751953125 -0.279571533203125 -0.40936279296875
0.1785888671875 0.62518310546875 -0.169830322265625 -0.34320068359375
-0.045074462890625 0.5594482421875 0.00592041015624998 -0.252914428710937
-0.27044677734375 0.441253662109375 0.0281639099121094 -0.0410079956054687
-0.298187255859375 0.24884033203125 -0.122528076171875 0.179367065429688
-0.327117919921875 0.0949707031250001 -0.419921875 0.184661865234375
-0.36279296875 0.205841064453125 -0.498321533203125 0.0891113281250001
-0.524871826171875 0.177001953125 -0.39971923828125 0.12158203125
-0.221481323242188 0.135604858398438 -0.55999755859375 0.0243530273437501
-0.165985107421875 0.094146728515625 -0.202545166015625 0.184677124023438
-0.198379516601562 0.064605712890625 0.0915069580078125 0.00170135498046875
-0.20941162109375 0.179519653320313 0.111221313476562 -0.218505859375
-0.1695556640625 0.274688720703125 0.015899658203125 -0.41241455078125
0.022003173828125 0.39471435546875 -0.193572998046875 -0.532073974609375
0.116302490234375 0.370269775390625 -0.42431640625 -0.5640869140625
0.0758056640625 0.35772705078125 -0.390960693359375 -0.542236328125
0.06634521484375 0.404327392578125 -0.227294921875 -0.506744384765625
-0.092620849609375 0.33489990234375 0.022979736328125 -0.372222900390625
-0.227874755859375 0.2100830078125 0.0641250610351562 -0.0652618408203125
-0.193130493164063 0.06719970703125 -0.166915893554688 0.173751831054688
-0.151687622070312 0.01580810546875 -0.52374267578125 0.10491943359375
-0.19769287109375 0.132125854492187 -0.612060546875 0.000488281249999988
-0.330078125 0.124237060546875 -0.56866455078125 0.10308837890625
0.0413589477539063 -0.0885467529296875 0.62750244140625 -0.13421630859375
-0.0104713439941406 -0.0306587219238281 0.69561767578125 0.063232421875
-0.0143566131591797 0.0191574096679687 0.537811279296875 -0.108734130859375
0.0302944183349609 0.0290126800537109 0.209152221679688 -0.226791381835938
0.079864501953125 0.0246734619140625 -0.138946533203125 0.0340347290039063
0.078155517578125 -0.0814666748046875 -0.05291748046875 0.427734375
0.0359725952148438 -0.0999832153320313 0.3109130859375 0.63604736328125
0.00434875488281249 -0.0935592651367188 0.4744873046875 0.599853515625
-0.00950622558593751 -0.11468505859375 0.5081787109375 0.5819091796875
0.0163955688476563 -0.08782958984375 0.3099365234375 0.5869140625
0.0694351196289063 -0.0620346069335938 0.10675048828125 0.425628662109375
0.0538291931152344 0.00610733032226563 -0.0341796875 0.220748901367188
0.0151290893554688 0.0604667663574219 -0.0156421661376953 0.000655174255371099
-0.0383567810058594 0.032623291015625 0.2203369140625 -0.153472900390625
0.0210666656494141 -0.00991630554199219 0.63763427734375 0.04266357421875
-0.247390747070312 0.00312805175781251 0.61651611328125 -0.1123046875
-0.20806884765625 0.048309326171875 0.69580078125 0.13336181640625
-0.201766967773438 0.0802764892578125 0.56768798828125 -0.051025390625
-0.135879516601562 0.127479553222656 0.252792358398438 -0.217376708984375
-0.0930328369140625 0.186172485351563 -0.141952514648438 -0.000885009765624961
0.038604736328125 0.194244384765625 -0.07470703125 0.419158935546875
0.133712768554688 0.190780639648438 0.29095458984375 0.62420654296875
0.110305786132813 0.184036254882813 0.459259033203125 0.5604248046875
0.149032592773438 0.172866821289063 0.511016845703125 0.54681396484375
0.09747314453125 0.19561767578125 0.337493896484375 0.54327392578125
0.0396575927734375 0.22125244140625 0.12274169921875 0.383697509765625
-0.04638671875 0.230911254882813 -0.012359619140625 0.206771850585938
-0.189193725585938 0.178421020507813 -0.00703430175781251 0.0170612335205078
-0.24542236328125 0.14453125 0.22119140625 -0.117141723632812
-0.233413696289062 0.0697784423828125 0.61395263671875 0.04339599609375
-0.5076904296875 0.092620849609375 0.504791259765625 -0.08843994140625
-0.398406982421875 0.128631591796875 0.64447021484375 0.175537109375
-0.382965087890625 0.13934326171875 0.5667724609375 -0.04449462890625
-0.30242919921875 0.220123291015625 0.272125244140625 -0.222625732421875
-0.267913818359375 0.337158203125 -0.121498107910156 -0.0495834350585937
-0.015167236328125 0.456390380859375 -0.0693359375 0.346343994140625
0.209869384765625 0.4625244140625 0.23577880859375 0.51519775390625
0.199127197265625 0.436981201171875 0.37384033203125 0.438262939453125
0.291748046875 0.432098388671875 0.438232421875 0.44464111328125
0.1793212890625 0.4481201171875 0.30975341796875 0.443939208984375
0.023345947265625 0.479156494140625 0.11395263671875 0.317840576171875
-0.12237548828125 0.43426513671875 -0.00103759765625001 0.198577880859375
-0.35723876953125 0.289306640625 -0.026702880859375 0.0646629333496094
-0.409820556640625 0.24847412109375 0.156982421875 -0.0502166748046875
-0.4500732421875 0.14764404296875 0.50225830078125 0.057891845703125
-0.68011474609375 0.17108154296875 0.304718017578125 -0.06256103515625
-0.521881103515625 0.1949462890625 0.538726806640625 0.1849365234375
-0.523284912109375 0.192901611328125 0.523681640625 -0.07501220703125
-0.44439697265625 0.3184814453125 0.26416015625 -0.243942260742187
-0.40264892578125 0.484954833984375 -0.0846939086914063 -0.120704650878906
-0.04693603515625 0.675537109375 -0.0531005859375 0.202438354492188
0.26531982421875 0.67193603515625 0.143646240234375 0.319610595703125
0.253662109375 0.62872314453125 0.230667114257813 0.25048828125
0.38116455078125 0.63336181640625 0.295074462890625 0.290313720703125
0.21728515625 0.642822265625 0.229888916015625 0.29949951171875
-0.0181274414062501 0.66717529296875 0.0802001953125 0.232711791992188
-0.1982421875 0.56744384765625 -0.005889892578125 0.198211669921875
-0.4730224609375 0.34906005859375 -0.0763931274414063 0.136070251464844
-0.512939453125 0.31634521484375 0.0336151123046875 0.040679931640625
-0.603515625 0.2059326171875 0.314300537109375 0.08795166015625
-0.728271484375 0.22076416015625 0.0520553588867187 -0.0323371887207031
-0.550750732421875 0.2274169921875 0.369903564453125 0.17919921875
-0.58953857421875 0.22222900390625 0.426300048828125 -0.10528564453125
-0.520263671875 0.3984375 0.231094360351562 -0.26666259765625
-0.45477294921875 0.5943603515625 -0.042510986328125 -0.215682983398438
-0.03369140625 0.804931640625 -0.0484733581542969 -0.00267791748046869
0.30078125 0.7747802734375 0.013397216796875 0.0645866394042969
0.2698974609375 0.72601318359375 0.049041748046875 0.0232925415039063
0.39599609375 0.74749755859375 0.116539001464844 0.0912399291992188
0.18377685546875 0.7432861328125 0.12554931640625 0.117607116699219
-0.1016845703125 0.73858642578125 0.0400619506835938 0.131721496582031
-0.27606201171875 0.584228515625 -0.0287322998046875 0.201339721679688
-0.52197265625 0.32635498046875 -0.164154052734375 0.2098388671875
-0.542694091796875 0.328125 -0.139442443847656 0.12469482421875
-0.6756591796875 0.2327880859375 0.0740814208984375 0.117042541503906
-0.64776611328125 0.230224609375 -0.206253051757813 0.000167846679687517
-0.484893798828125 0.211517333984375 0.161178588867187 0.174331665039062
-0.55181884765625 0.2144775390625 0.297149658203125 -0.103240966796875
-0.493988037109375 0.42041015625 0.185287475585937 -0.275741577148438
-0.4091796875 0.612060546875 -0.01226806640625 -0.317413330078125
0.0119018554687499 0.8023681640625 -0.078399658203125 -0.229583740234375
0.30108642578125 0.751953125 -0.150405883789063 -0.197967529296875
0.2454833984375 0.71075439453125 -0.14276123046875 -0.206451416015625
0.3336181640625 0.7479248046875 -0.0557327270507812 -0.130149841308594
0.0903930664062499 0.71978759765625 0.039642333984375 -0.080291748046875
-0.2001953125 0.6636962890625 0.0211257934570312 0.0335617065429688
-0.325103759765625 0.469024658203125 -0.06488037109375 0.204910278320313
-0.4791259765625 0.228912353515625 -0.28729248046875 0.250274658203125
-0.49066162109375 0.2852783203125 -0.33660888671875 0.16070556640625
-0.6536865234375 0.22625732421875 -0.183090209960938 0.135299682617188
-0.4658203125 0.202667236328125 -0.426055908203125 0.03118896484375
-0.3482666015625 0.166961669921875 -0.0384674072265625 0.1785888671875
-0.414215087890625 0.16558837890625 0.179275512695312 -0.0711822509765625
-0.37506103515625 0.354644775390625 0.139251708984375 -0.269775390625
-0.292205810546875 0.509063720703125 -0.00390625000000006 -0.400299072265625
0.0526123046875 0.656005859375 -0.146820068359375 -0.42486572265625
0.2520751953125 0.606689453125 -0.3258056640625 -0.416351318359375
0.1878662109375 0.58282470703125 -0.31231689453125 -0.40057373046875
0.22039794921875 0.62774658203125 -0.186187744140625 -0.34210205078125
-0.01141357421875 0.57672119140625 0.00230407714843749 -0.259078979492187
-0.253692626953125 0.4710693359375 0.0375137329101562 -0.0382232666015625
-0.30316162109375 0.273406982421875 -0.108627319335938 0.205596923828125
-0.34600830078125 0.109344482421875 -0.42205810546875 0.233123779296875
-0.367340087890625 0.217498779296875 -0.515869140625 0.1295166015625
-0.536163330078125 0.19305419921875 -0.415069580078125 0.138671875
-0.224609375 0.137115478515625 -0.572021484375 0.0493164062499999
-0.172225952148438 0.0972747802734374 -0.187835693359375 0.185760498046875
-0.21392822265625 0.0763092041015625 0.0999374389648438 -0.0300140380859375
-0.210494995117187 0.201705932617188 0.101181030273437 -0.256195068359375
-0.16033935546875 0.2999267578125 -0.0122680664062501 -0.441680908203125
0.049407958984375 0.40557861328125 -0.23114013671875 -0.546722412109375
0.145965576171875 0.374420166015625 -0.472442626953125 -0.55328369140625
0.100799560546875 0.365234375 -0.432830810546875 -0.530364990234375
0.09368896484375 0.408721923828125 -0.25531005859375 -0.5059814453125
-0.072479248046875 0.35003662109375 0.01300048828125 -0.3826904296875
-0.223602294921875 0.232864379882812 0.073211669921875 -0.0656967163085937
-0.202194213867188 0.081207275390625 -0.153701782226563 0.19952392578125
-0.164230346679687 0.018798828125 -0.5321044921875 0.15496826171875
-0.197616577148438 0.136672973632812 -0.638671875 0.0443115234375
-0.336639404296875 0.133209228515625 -0.59136962890625 0.12457275390625
0.0305709838867187 -0.0925064086914063 0.63787841796875 -0.17919921875
-0.00739479064941406 -0.0289707183837891 0.7166748046875 -0.00537109375
-0.00947380065917969 0.0210208892822266 0.5303955078125 -0.16448974609375
0.0325431823730469 0.0250968933105469 0.184371948242188 -0.255218505859375
0.0826263427734375 0.0144805908203125 -0.149734497070312 0.04107666015625
0.0695343017578125 -0.091400146484375 -0.03399658203125 0.436004638671875
0.0237960815429687 -0.104530334472656 0.35894775390625 0.6170654296875
-0.00592041015624999 -0.0955886840820313 0.52642822265625 0.567138671875
-0.0213241577148438 -0.115264892578125 0.5645751953125 0.5506591796875
0.00787353515625 -0.0904159545898438 0.369384765625 0.57763671875
0.0633926391601563 -0.0715179443359375 0.1497802734375 0.434173583984375
0.0543441772460938 9.918212890625E-05 -0.01080322265625 0.24810791015625
0.0242538452148437 0.0584678649902344 -0.01727294921875 0.0279865264892578
-0.0299453735351562 0.0387992858886719 0.209930419921875 -0.1502685546875
0.02288818359375 -0.00991249084472656 0.651611328125 0.00433349609375
-0.259262084960938 0.0151824951171875 0.63067626953125 -0.15582275390625
-0.207015991210938 0.0589141845703125 0.72021484375 0.0650634765625
-0.202362060546875 0.0939178466796875 0.56427001953125 -0.1085205078125
-0.130523681640625 0.136184692382812 0.229263305664063 -0.250411987304688
-0.0814208984375 0.193435668945313 -0.15582275390625 0.00534057617187498
0.05035400390625 0.189544677734375 -0.0521240234375 0.4285888671875
0.146835327148438 0.180267333984375 0.3382568359375 0.60595703125
0.122573852539063 0.177505493164063 0.507171630859375 0.52764892578125
0.162002563476563 0.16168212890625 0.5654296875 0.5137939453125
0.111785888671875 0.189483642578125 0.393890380859375 0.529327392578125
0.055206298828125 0.218963623046875 0.16400146484375 0.39013671875
-0.0319976806640625 0.237045288085938 0.0122222900390625 0.231613159179688
-0.18084716796875 0.195037841796875 -0.00439834594726563 0.0446624755859375
-0.236007690429688 0.164535522460938 0.216171264648437 -0.117034912109375
-0.23529052734375 0.0837554931640626 0.62762451171875 0.00665283203125001
-0.5189208984375 0.11761474609375 0.516571044921875 -0.123321533203125
-0.397979736328125 0.14849853515625 0.67474365234375 0.1119384765625
-0.385589599609375 0.1666259765625 0.56573486328125 -0.10235595703125
-0.295684814453125 0.2427978515625 0.24884033203125 -0.258453369140625
-0.249176025390625 0.362945556640625 -0.138809204101563 -0.0458831787109375
0.01739501953125 0.45831298828125 -0.050750732421875 0.3514404296875
0.246337890625 0.448028564453125 0.27581787109375 0.49774169921875
0.233795166015625 0.426605224609375 0.41033935546875 0.410400390625
0.328094482421875 0.412994384765625 0.48370361328125 0.41424560546875
0.21478271484375 0.438995361328125 0.35858154296875 0.428253173828125
0.059539794921875 0.482452392578125 0.150543212890625 0.32257080078125
-0.09600830078125 0.4517822265625 0.0250244140625 0.223007202148438
-0.348297119140625 0.32257080078125 -0.017974853515625 0.0940322875976563
-0.39947509765625 0.2801513671875 0.157073974609375 -0.04534912109375
-0.455535888671875 0.173980712890625 0.51263427734375 0.027801513671875
-0.688720703125 0.20654296875 0.31396484375 -0.082550048828125
-0.52410888671875 0.22003173828125 0.57037353515625 0.1312255859375
-0.531951904296875 0.22869873046875 0.521728515625 -0.13299560546875
-0.435546875 0.3529052734375 0.24072265625 -0.281768798828125
-0.3756103515625 0.526458740234375 -0.106658935546875 -0.122047424316406
0.00421142578124999 0.68243408203125 -0.0426177978515625 0.202484130859375
0.320556640625 0.65350341796875 0.167755126953125 0.307403564453125
0.3052978515625 0.61669921875 0.249908447265625 0.232940673828125
0.434326171875 0.60723876953125 0.3294677734375 0.267669677734375
0.27105712890625 0.632568359375 0.267333984375 0.285400390625
0.0325927734375 0.67864990234375 0.109939575195313 0.236846923828125
-0.164794921875 0.59521484375 0.02001953125 0.220794677734375
-0.46685791015625 0.39276123046875 -0.061248779296875 0.16961669921875
-0.503173828125 0.353912353515625 0.0379257202148437 0.0544319152832031
-0.611328125 0.24139404296875 0.320709228515625 0.06964111328125
-0.73626708984375 0.25701904296875 0.0580787658691406 -0.0346946716308594
-0.553741455078125 0.2518310546875 0.39813232421875 0.138946533203125
-0.60162353515625 0.26531982421875 0.422210693359375 -0.157684326171875
-0.50714111328125 0.444061279296875 0.206024169921875 -0.303436279296875
-0.42236328125 0.6466064453125 -0.071258544921875 -0.224075317382812
0.0283813476562499 0.8154296875 -0.0519485473632813 -0.00732803344726557
0.3681640625 0.75543212890625 0.0158424377441406 0.0608100891113282
0.3306884765625 0.71575927734375 0.0489006042480469 0.0191459655761719
0.45947265625 0.72100830078125 0.13275146484375 0.0809173583984375
0.24542236328125 0.73553466796875 0.147979736328125 0.107650756835938
-0.0443725585937499 0.75933837890625 0.0619430541992188 0.136390686035156
-0.2435302734375 0.61920166015625 -0.0025787353515625 0.22430419921875
-0.519439697265625 0.374267578125 -0.143569946289062 0.24896240234375
-0.533447265625 0.363525390625 -0.133193969726563 0.151077270507813
-0.682861328125 0.27142333984375 0.0762481689453125 0.114143371582031
-0.6517333984375 0.26275634765625 -0.203506469726563 0.0151214599609375
-0.49114990234375 0.23480224609375 0.186492919921875 0.150131225585938
-0.5657958984375 0.2572021484375 0.292083740234375 -0.147796630859375
-0.47705078125 0.467742919921875 0.15966796875 -0.3114013671875
-0.3697509765625 0.662841796875 -0.04766845703125 -0.332000732421875
0.0764770507812499 0.808349609375 -0.100067138671875 -0.237045288085937
0.36700439453125 0.73333740234375 -0.1715087890625 -0.190216064453125
0.304931640625 0.70245361328125 -0.162109375 -0.195968627929687
0.3978271484375 0.7247314453125 -0.0590744018554687 -0.130088806152344
0.15118408203125 0.71905517578125 0.04473876953125 -0.0866470336914062
-0.149658203125 0.69256591796875 0.0344085693359375 0.035888671875
-0.302490234375 0.5064697265625 -0.039703369140625 0.227310180664063
-0.483917236328125 0.268768310546875 -0.26611328125 0.297027587890625
-0.4837646484375 0.317047119140625 -0.331756591796875 0.2017822265625
-0.65972900390625 0.26226806640625 -0.1859130859375 0.149383544921875
-0.46746826171875 0.224212646484375 -0.42645263671875 0.061187744140625
-0.353973388671875 0.182952880859375 -0.017120361328125 0.169403076171875
-0.42620849609375 0.20111083984375 0.174636840820312 -0.108413696289062
-0.358642578125 0.39276123046875 0.112518310546875 -0.30438232421875
-0.257049560546875 0.548126220703125 -0.04498291015625 -0.41796875
0.1080322265625 0.6595458984375 -0.186767578125 -0.42962646484375
0.3074951171875 0.59100341796875 -0.3653564453125 -0.396270751953125
0.23822021484375 0.576904296875 -0.34954833984375 -0.37799072265625
0.2762451171875 0.6134033203125 -0.20880126953125 -0.33367919921875
0.0361328125 0.58465576171875 -0.00814819335937497 -0.26422119140625
-0.220367431640625 0.500640869140625 0.0445365905761719 -0.0392303466796875
-0.29351806640625 0.304840087890625 -0.083709716796875 0.227813720703125
-0.355316162109375 0.135955810546875 -0.404449462890625 0.288330078125
-0.36083984375 0.237945556640625 -0.5181884765625 0.18255615234375
-0.54034423828125 0.22210693359375 -0.42291259765625 0.168182373046875
-0.224029541015625 0.144882202148437 -0.574951171875 0.088134765625
-0.175979614257813 0.106063842773437 -0.170486450195313 0.187667846679688
-0.222808837890625 0.09661865234375 0.0955581665039062 -0.0626220703125
-0.201202392578125 0.225540161132813 0.074493408203125 -0.2882080078125
-0.1395263671875 0.3240966796875 -0.05645751953125 -0.461578369140625
0.08428955078125 0.40679931640625 -0.282501220703125 -0.545257568359375
0.182647705078125 0.36627197265625 -0.526397705078125 -0.52069091796875
0.1328125 0.3636474609375 -0.478271484375 -0.499908447265625
0.128204345703125 0.403564453125 -0.2916259765625 -0.492584228515625
-0.042510986328125 0.359527587890625 -0.00860595703125001 -0.390594482421875
-0.2066650390625 0.255828857421875 0.079010009765625 -0.0709304809570312
-0.203994750976563 0.10101318359375 -0.129714965820312 0.223724365234375
-0.174026489257813 0.02899169921875 -0.521514892578125 0.217041015625
-0.19317626953125 0.145263671875 -0.64764404296875 0.10626220703125
-0.337005615234375 0.151824951171875 -0.60223388671875 0.16552734375
0.0191802978515625 -0.09075927734375 0.62786865234375 -0.2236328125
-0.00486183166503906 -0.0285625457763672 0.705322265625 -0.075927734375
-0.00408172607421875 0.0207710266113281 0.50103759765625 -0.2127685546875
0.0332317352294922 0.0205783843994141 0.150436401367188 -0.273757934570313
0.0817718505859375 0.00434112548828125 -0.154891967773438 0.051055908203125
0.0576934814453125 -0.0969619750976563 -0.011199951171875 0.434295654296875
0.011016845703125 -0.103584289550781 0.3988037109375 0.57666015625
-0.0158920288085937 -0.092681884765625 0.56048583984375 0.51416015625
-0.0325088500976562 -0.110618591308594 0.6014404296875 0.49505615234375
-0.0017242431640625 -0.0892181396484375 0.416595458984375 0.543060302734375
0.0542755126953125 -0.0776901245117188 0.19085693359375 0.42425537109375
0.0529937744140625 -0.00476837158203125 0.019927978515625 0.261062622070313
0.0322952270507813 0.0544395446777344 -0.0101203918457031 0.0506973266601563
-0.0209503173828125 0.0417366027832031 0.1981201171875 -0.147781372070312
0.0236721038818359 -0.0111675262451172 0.64630126953125 -0.04052734375
-0.262344360351563 0.0318756103515625 0.61895751953125 -0.20025634765625
-0.201202392578125 0.0695648193359375 0.71539306640625 -0.00677490234375
-0.194168090820313 0.108047485351563 0.53607177734375 -0.16143798828125
-0.120773315429687 0.142349243164063 0.194992065429688 -0.271270751953125
-0.066986083984375 0.1959228515625 -0.1641845703125 0.0170135498046875
0.0604095458984375 0.179733276367188 -0.028228759765625 0.42535400390625
0.154586791992188 0.16412353515625 0.3770751953125 0.5655517578125
0.132186889648438 0.164901733398438 0.538055419921875 0.47540283203125
0.170394897460938 0.145156860351563 0.60028076171875 0.45697021484375
0.122955322265625 0.177108764648437 0.437469482421875 0.490997314453125
0.0692138671875 0.20977783203125 0.201690673828125 0.3780517578125
-0.016143798828125 0.2366943359375 0.0424041748046875 0.243728637695313
-0.163665771484375 0.206192016601563 0.00700759887695312 0.0656394958496094
-0.217254638671875 0.179183959960937 0.208175659179688 -0.116897583007813
-0.23016357421875 0.0971832275390625 0.621337890625 -0.03533935546875
-0.514251708984375 0.148162841796875 0.508270263671875 -0.159210205078125
-0.38653564453125 0.16748046875 0.674560546875 0.04150390625
-0.376708984375 0.1923828125 0.5389404296875 -0.156768798828125
-0.27740478515625 0.260406494140625 0.213470458984375 -0.281890869140625
-0.21929931640625 0.378387451171875 -0.151580810546875 -0.035125732421875
0.049163818359375 0.44500732421875 -0.030303955078125 0.3472900390625
0.274749755859375 0.416748046875 0.307708740234375 0.463958740234375
0.26043701171875 0.4022216796875 0.432769775390625 0.367584228515625
0.353271484375 0.37664794921875 0.514862060546875 0.365386962890625
0.2440185546875 0.413818359375 0.39630126953125 0.392364501953125
0.09490966796875 0.47015380859375 0.183624267578125 0.311676025390625
-0.06304931640625 0.45440673828125 0.055145263671875 0.233108520507813
-0.322967529296875 0.3470458984375 0.000114440917968725 0.115264892578125
-0.37408447265625 0.30487060546875 0.155838012695312 -0.0425872802734375
-0.446563720703125 0.198577880859375 0.50677490234375 -0.00509643554687499
-0.67816162109375 0.2437744140625 0.31182861328125 -0.104339599609375
-0.5103759765625 0.245819091796875 0.57574462890625 0.07061767578125
-0.521759033203125 0.26556396484375 0.495025634765625 -0.18353271484375
-0.40875244140625 0.382598876953125 0.204803466796875 -0.30535888671875
-0.33331298828125 0.551788330078125 -0.125801086425781 -0.114013671875
0.05523681640625 0.66876220703125 -0.0318603515625 0.197555541992188
0.3656005859375 0.6123046875 0.185943603515625 0.28558349609375
0.34600830078125 0.5838623046875 0.260498046875 0.206771850585938
0.4744873046875 0.558837890625 0.350006103515625 0.23291015625
0.31396484375 0.59832763671875 0.294342041015625 0.257568359375
0.0850830078125 0.6646728515625 0.137008666992188 0.22882080078125
-0.12060546875 0.60260009765625 0.050689697265625 0.230148315429688
-0.43896484375 0.42919921875 -0.0356292724609375 0.191452026367188
-0.4744873046875 0.38323974609375 0.0457000732421875 0.0631866455078125
-0.5994873046875 0.274658203125 0.318359375 0.0482177734375
-0.72186279296875 0.2952880859375 0.0612449645996093 -0.0385780334472656
-0.540557861328125 0.27813720703125 0.407623291015625 0.091522216796875
-0.59033203125 0.30804443359375 0.395965576171875 -0.201690673828125
-0.47393798828125 0.479034423828125 0.169158935546875 -0.32666015625
-0.36767578125 0.67626953125 -0.098846435546875 -0.2181396484375
0.0917968749999999 0.7972412109375 -0.0571022033691406 -0.0106391906738281
0.42193603515625 0.7069091796875 0.0168952941894532 0.0566291809082032
0.38031005859375 0.6781005859375 0.0463447570800782 0.0141181945800782
0.5089111328125 0.66705322265625 0.143356323242188 0.0639801025390626
0.29962158203125 0.70220947265625 0.162521362304688 0.0904693603515625
0.0158081054687501 0.75054931640625 0.08111572265625 0.132125854492188
-0.19696044921875 0.634033203125 0.029052734375 0.23382568359375
-0.4952392578125 0.41461181640625 -0.110122680664062 0.273880004882812
-0.504486083984375 0.393798828125 -0.11749267578125 0.170730590820313
-0.66851806640625 0.31011962890625 0.0773315429687499 0.108985900878906
-0.63787841796875 0.29266357421875 -0.194107055664063 0.0288543701171875
-0.480621337890625 0.258514404296875 0.200180053710937 0.119110107421875
-0.55487060546875 0.2999267578125 0.269393920898437 -0.184356689453125
-0.44012451171875 0.501373291015625 0.12274169921875 -0.33258056640625
-0.31402587890625 0.69012451171875 -0.08416748046875 -0.329315185546875
0.13970947265625 0.78668212890625 -0.122726440429687 -0.233612060546875
0.42236328125 0.6865234375 -0.187347412109375 -0.174301147460937
0.3560791015625 0.66619873046875 -0.177093505859375 -0.178817749023438
0.44879150390625 0.67633056640625 -0.0624542236328125 -0.127479553222656
0.2059326171875 0.69219970703125 0.0450439453125 -0.0936737060546875
-0.09246826171875 0.6947021484375 0.0449371337890625 0.0338668823242188
-0.264007568359375 0.529571533203125 -0.00906372070312503 0.237518310546875
-0.46954345703125 0.30596923828125 -0.227386474609375 0.329925537109375
-0.45953369140625 0.341461181640625 -0.311126708984375 0.235870361328125
-0.64678955078125 0.2989501953125 -0.180526733398438 0.162368774414063
-0.456695556640625 0.242889404296875 -0.412506103515625 0.0895080566406251
-0.34796142578125 0.199462890625 0.000152587890624978 0.154083251953125
-0.418060302734375 0.23504638671875 0.156021118164062 -0.137863159179687
-0.326507568359375 0.41937255859375 0.0758056640625 -0.322601318359375
-0.2117919921875 0.56817626953125 -0.08880615234375 -0.416168212890625
0.158447265625 0.6385498046875 -0.224395751953125 -0.417877197265625
0.3536376953125 0.552581787109375 -0.394744873046875 -0.35748291015625
0.281036376953125 0.5498046875 -0.373443603515625 -0.341339111328125
0.31854248046875 0.57781982421875 -0.225250244140625 -0.3143310546875
0.0828857421875 0.56744384765625 -0.0214691162109375 -0.264404296875
-0.175506591796875 0.511260986328125 0.0491371154785156 -0.0417900085449218
-0.269805908203125 0.328399658203125 -0.0531005859375 0.240127563476563
-0.350250244140625 0.1629638671875 -0.36431884765625 0.32977294921875
-0.34259033203125 0.254547119140625 -0.494903564453125 0.23175048828125
-0.52886962890625 0.251129150390625 -0.41473388671875 0.196502685546875
-0.218536376953125 0.151535034179688 -0.557769775390625 0.12640380859375
-0.172927856445313 0.114791870117188 -0.150970458984375 0.1844482421875
-0.221359252929688 0.11712646484375 0.08111572265625 -0.0886154174804687
-0.181533813476563 0.243667602539063 0.03851318359375 -0.303924560546875
-0.110626220703125 0.337066650390625 -0.1025390625 -0.4588623046875
0.117950439453125 0.391632080078125 -0.3267822265625 -0.521759033203125
0.212371826171875 0.343841552734375 -0.561737060546875 -0.467315673828125
0.1597900390625 0.3475341796875 -0.50970458984375 -0.44952392578125
0.1580810546875 0.38507080078125 -0.320220947265625 -0.463653564453125
-0.01055908203125 0.3544921875 -0.03253173828125 -0.386260986328125
-0.181365966796875 0.269882202148438 0.080322265625 -0.0764999389648437
-0.1962890625 0.118789672851563 -0.0992584228515625 0.236572265625
-0.176681518554687 0.0415496826171875 -0.48651123046875 0.267822265625
-0.182174682617188 0.150924682617187 -0.62982177734375 0.16583251953125
-0.327667236328125 0.168487548828125 -0.590576171875 0.2073974609375
0.01092529296875 -0.0857772827148438 0.6046142578125 -0.2513427734375
-0.00313758850097656 -0.0285816192626953 0.6768798828125 -0.12469482421875
0.000387191772460939 0.0189857482910156 0.464935302734375 -0.239898681640625
0.0321826934814453 0.0173892974853516 0.120437622070312 -0.277023315429688
0.07867431640625 -0.00171661376953125 -0.15667724609375 0.0593414306640625
0.0476913452148437 -0.0972900390625 0.00170898437499997 0.42547607421875
0.0019989013671875 -0.0995407104492188 0.41192626953125 0.536224365234375
-0.0221099853515625 -0.0873489379882812 0.5679931640625 0.4622802734375
-0.0389328002929687 -0.103645324707031 0.6116943359375 0.44287109375
-0.0083160400390625 -0.0860671997070313 0.43878173828125 0.506011962890625
0.0457229614257813 -0.0795440673828125 0.2161865234375 0.40545654296875
0.0502128601074219 -0.00897598266601563 0.0449066162109375 0.263442993164063
0.0371437072753906 0.0484771728515625 0.000335693359375001 0.0663871765136719
-0.0120353698730469 0.0417518615722656 0.188980102539063 -0.140304565429688
0.0239582061767578 -0.0117511749267578 0.6251220703125 -0.06689453125
-0.260345458984375 0.04522705078125 0.597412109375 -0.22698974609375
-0.192520141601563 0.0748748779296875 0.6883544921875 -0.05914306640625
-0.184127807617188 0.1148681640625 0.502410888671875 -0.192138671875
-0.11199951171875 0.143829345703125 0.163619995117188 -0.277496337890625
-0.0558013916015625 0.193603515625 -0.167877197265625 0.0271759033203125
0.06500244140625 0.169113159179688 -0.013702392578125 0.416534423828125
0.154464721679687 0.149948120117188 0.390960693359375 0.524566650390625
0.134170532226563 0.1544189453125 0.5413818359375 0.426177978515625
0.170639038085938 0.13055419921875 0.60894775390625 0.40740966796875
0.126235961914063 0.164199829101563 0.4571533203125 0.45111083984375
0.0759124755859375 0.197967529296875 0.223480224609375 0.35882568359375
-0.00462341308593751 0.231155395507813 0.0669097900390625 0.244796752929688
-0.148590087890625 0.208587646484375 0.0208206176757812 0.0797119140625
-0.19818115234375 0.184295654296875 0.202011108398437 -0.112533569335937
-0.223037719726563 0.104049682617188 0.60205078125 -0.060791015625
-0.5010986328125 0.16748046875 0.492645263671875 -0.1820068359375
-0.371673583984375 0.17626953125 0.654296875 -0.01019287109375
-0.36151123046875 0.207794189453125 0.50372314453125 -0.18804931640625
-0.259124755859375 0.268081665039062 0.18072509765625 -0.289154052734375
-0.19427490234375 0.38153076171875 -0.158554077148438 -0.024078369140625
0.068603515625 0.42578125 -0.018157958984375 0.33770751953125
0.284393310546875 0.38604736328125 0.316864013671875 0.43194580078125
0.271759033203125 0.3765869140625 0.435089111328125 0.3292236328125
0.360748291015625 0.343109130859375 0.5225830078125 0.321075439453125
0.257415771484375 0.384979248046875 0.410736083984375 0.356689453125
0.1156005859375 0.44891357421875 0.203277587890625 0.29498291015625
-0.0401611328125 0.447174072265625 0.0797576904296875 0.232955932617188
-0.298980712890625 0.355316162109375 0.0187835693359375 0.126998901367188
-0.346923828125 0.311248779296875 0.155792236328125 -0.039306640625
-0.4329833984375 0.212493896484375 0.493011474609375 -0.026092529296875
-0.66015625 0.26470947265625 0.303466796875 -0.11749267578125
-0.491851806640625 0.25640869140625 0.56005859375 0.023895263671875
-0.503265380859375 0.287384033203125 0.45989990234375 -0.2110595703125
-0.38104248046875 0.3936767578125 0.170196533203125 -0.312225341796875
-0.294189453125 0.559112548828125 -0.138290405273438 -0.102836608886719
0.0875244140625 0.64178466796875 -0.0272216796875 0.190582275390625
0.384765625 0.567626953125 0.191360473632813 0.264312744140625
0.36492919921875 0.5472412109375 0.259384155273438 0.184677124023438
0.486572265625 0.51220703125 0.35516357421875 0.2017822265625
0.335174560546875 0.55914306640625 0.30511474609375 0.22930908203125
0.11846923828125 0.63916015625 0.152389526367187 0.216644287109375
-0.08807373046875 0.5966796875 0.0766448974609375 0.23046875
-0.409759521484375 0.443145751953125 -0.01031494140625 0.201309204101563
-0.443389892578125 0.39166259765625 0.0530281066894531 0.0686073303222656
-0.58172607421875 0.29193115234375 0.309295654296875 0.033660888671875
-0.699951171875 0.31488037109375 0.0626182556152343 -0.0418701171875
-0.523284912109375 0.290435791015625 0.400146484375 0.05352783203125
-0.56988525390625 0.3350830078125 0.362701416015625 -0.22589111328125
-0.4376220703125 0.49212646484375 0.135223388671875 -0.332733154296875
-0.318603515625 0.68316650390625 -0.118698120117188 -0.206390380859375
0.1300048828125 0.76348876953125 -0.0629310607910156 -0.0115242004394531
0.447021484375 0.65631103515625 0.01556396484375 0.0526771545410157
0.4046630859375 0.63702392578125 0.0422477722167969 0.0112113952636719
0.52630615234375 0.6143798828125 0.146148681640625 0.0489044189453125
0.32733154296875 0.6572265625 0.167739868164063 0.07354736328125
0.0557861328124999 0.7275390625 0.0928726196289062 0.125244140625
-0.1590576171875 0.63275146484375 0.0543670654296875 0.233108520507813
-0.46710205078125 0.4334716796875 -0.078125 0.283599853515625
-0.475250244140625 0.40411376953125 -0.100296020507813 0.180831909179688
-0.64886474609375 0.33099365234375 0.0761337280273437 0.1046142578125
-0.61883544921875 0.3077392578125 -0.183258056640625 0.0349273681640625
-0.467681884765625 0.268768310546875 0.200851440429688 0.0917205810546875
-0.53802490234375 0.32843017578125 0.241287231445312 -0.203598022460938
-0.404327392578125 0.514984130859375 0.089263916015625 -0.336822509765625
-0.2664794921875 0.69622802734375 -0.11090087890625 -0.316131591796875
0.17779541015625 0.75262451171875 -0.139007568359375 -0.226348876953125
0.4466552734375 0.6343994140625 -0.193878173828125 -0.158370971679687
0.3826904296875 0.626953125 -0.182601928710938 -0.161849975585937
0.46942138671875 0.6260986328125 -0.0633010864257812 -0.125144958496094
0.2376708984375 0.65374755859375 0.0433883666992188 -0.0989151000976562
-0.05010986328125 0.67822265625 0.0520248413085938 0.0311927795410157
-0.229583740234375 0.532958984375 0.0167999267578125 0.237197875976563
-0.44769287109375 0.325653076171875 -0.189361572265625 0.3436279296875
-0.43463134765625 0.35003662109375 -0.285186767578125 0.254425048828125
-0.62677001953125 0.319091796875 -0.173507690429688 0.168838500976563
-0.443603515625 0.250579833984375 -0.3931884765625 0.104034423828125
-0.3392333984375 0.208831787109375 0.00841522216796872 0.136566162109375
-0.404052734375 0.258544921875 0.132461547851562 -0.154708862304687
-0.29425048828125 0.4298095703125 0.043670654296875 -0.32598876953125
-0.1710205078125 0.5693359375 -0.1197509765625 -0.40179443359375
0.19061279296875 0.60626220703125 -0.24725341796875 -0.39776611328125
0.374664306640625 0.51007080078125 -0.4051513671875 -0.323028564453125
0.302764892578125 0.517547607421875 -0.37908935546875 -0.307708740234375
0.34002685546875 0.538818359375 -0.230712890625 -0.2962646484375
0.11163330078125 0.5406494140625 -0.030426025390625 -0.259933471679688
-0.139862060546875 0.505126953125 0.0516166687011719 -0.0438041687011718
-0.24725341796875 0.336395263671875 -0.0269317626953125 0.240509033203125
-0.339447021484375 0.17999267578125 -0.32293701171875 0.34912109375
-0.3255615234375 0.257965087890625 -0.46490478515625 0.259735107421875
-0.51116943359375 0.26690673828125 -0.3992919921875 0.21331787109375
-0.212692260742188 0.152786254882813 -0.53497314453125 0.146392822265625
-0.169097900390625 0.119216918945313 -0.13726806640625 0.1748046875
-0.214874267578125 0.131439208984375 0.0613250732421875 -0.103523254394531
-0.16217041015625 0.25048828125 0.00738525390625002 -0.305938720703125
-0.086639404296875 0.337432861328125 -0.134765625 -0.44342041015625
0.136199951171875 0.371429443359375 -0.35430908203125 -0.4920654296875
0.228057861328125 0.316986083984375 -0.57208251953125 -0.41632080078125
0.17559814453125 0.3280029296875 -0.5152587890625 -0.40325927734375
0.173980712890625 0.361175537109375 -0.332305908203125 -0.43304443359375
0.01031494140625 0.3404541015625 -0.047576904296875 -0.37750244140625
-0.158706665039063 0.2713623046875 0.0801239013671875 -0.0793685913085938
-0.185638427734375 0.128753662109375 -0.07281494140625 0.237701416015625
-0.1746826171875 0.05059814453125 -0.44415283203125 0.295013427734375
-0.172409057617188 0.15045166015625 -0.59759521484375 0.20330810546875
-0.3167724609375 0.177215576171875 -0.57080078125 0.2322998046875
0.00775146484375 -0.0797882080078125 0.58929443359375 -0.26104736328125
-0.000896453857421874 -0.0294780731201172 0.6505126953125 -0.15045166015625
0.00301837921142578 0.0162010192871094 0.437652587890625 -0.251739501953125
0.0316944122314453 0.0157337188720703 0.0996856689453125 -0.275360107421875
0.0761947631835938 -0.00580596923828125 -0.158340454101563 0.0648040771484375
0.0411453247070313 -0.096038818359375 0.00598144531249998 0.4200439453125
-0.00385284423828124 -0.0946731567382813 0.41412353515625 0.50860595703125
-0.0254440307617188 -0.0825424194335938 0.56256103515625 0.43292236328125
-0.0419921875 -0.0980300903320312 0.60870361328125 0.41204833984375
-0.0122451782226562 -0.0819549560546875 0.4464111328125 0.47991943359375
0.03912353515625 -0.0792160034179688 0.2286376953125 0.391876220703125
0.0479545593261719 -0.00984573364257813 0.0620574951171875 0.262725830078125
0.03997802734375 0.0439262390136719 0.0101547241210937 0.0780258178710938
-0.00576019287109375 0.04034423828125 0.185714721679688 -0.132247924804688
0.0241661071777344 -0.0117416381835938 0.6112060546875 -0.077392578125
-0.258132934570313 0.0525970458984375 0.58453369140625 -0.23870849609375
-0.187576293945313 0.0748291015625 0.664306640625 -0.08795166015625
-0.177383422851563 0.116897583007813 0.47406005859375 -0.20556640625
-0.107315063476563 0.143661499023437 0.141067504882813 -0.2762451171875
-0.0499267578125 0.190872192382813 -0.1693115234375 0.0346527099609375
0.064483642578125 0.16131591796875 -0.00906372070312497 0.407989501953125
0.150543212890625 0.141281127929688 0.391265869140625 0.49920654296875
0.1334228515625 0.149078369140625 0.534515380859375 0.39801025390625
0.168289184570313 0.123123168945313 0.60601806640625 0.375732421875
0.125259399414063 0.156829833984375 0.462493896484375 0.427032470703125
0.0760955810546875 0.189910888671875 0.234405517578125 0.34619140625
0.000122070312500019 0.225692749023437 0.084136962890625 0.244354248046875
-0.139358520507812 0.207061767578125 0.0331039428710937 0.0889968872070313
-0.186447143554687 0.18206787109375 0.20062255859375 -0.106475830078125
-0.220230102539063 0.107070922851562 0.58868408203125 -0.07281494140625
-0.496063232421875 0.175323486328125 0.48187255859375 -0.191497802734375
-0.364501953125 0.17852783203125 0.6317138671875 -0.0379638671875
-0.352813720703125 0.214569091796875 0.4749755859375 -0.201446533203125
-0.248245239257813 0.268844604492188 0.15814208984375 -0.288360595703125
-0.1800537109375 0.380157470703125 -0.162750244140625 -0.0151214599609375
0.0740966796875 0.41162109375 -0.015411376953125 0.3310546875
0.28411865234375 0.364501953125 0.31689453125 0.40802001953125
0.274139404296875 0.36199951171875 0.42730712890625 0.30810546875
0.35919189453125 0.322845458984375 0.519256591796875 0.294952392578125
0.25848388671875 0.366119384765625 0.415008544921875 0.333160400390625
0.1219482421875 0.433258056640625 0.21240234375 0.28369140625
-0.028717041015625 0.438995361328125 0.0978240966796875 0.232223510742188
-0.285125732421875 0.3564453125 0.0345382690429687 0.133674621582031
-0.33050537109375 0.310028076171875 0.15704345703125 -0.03509521484375
-0.42681884765625 0.217193603515625 0.48077392578125 -0.035430908203125
-0.65057373046875 0.27252197265625 0.297454833984375 -0.12371826171875
-0.48223876953125 0.25860595703125 0.5416259765625 -0.00354003906249998
-0.49237060546875 0.29901123046875 0.431793212890625 -0.224273681640625
-0.364532470703125 0.395660400390625 0.147369384765625 -0.311981201171875
-0.27191162109375 0.5594482421875 -0.146499633789063 -0.092376708984375
0.098876953125 0.619384765625 -0.027862548828125 0.185775756835938
0.3875732421875 0.537017822265625 0.189849853515625 0.250167846679688
0.370849609375 0.526031494140625 0.252838134765625 0.17205810546875
0.486907958984375 0.48187255859375 0.354034423828125 0.18121337890625
0.337310791015625 0.53094482421875 0.30792236328125 0.210113525390625
0.13177490234375 0.61834716796875 0.160995483398437 0.208419799804688
-0.0714111328125 0.58880615234375 0.0949554443359375 0.22796630859375
-0.392242431640625 0.44610595703125 0.00886535644531246 0.2052001953125
-0.425567626953125 0.389190673828125 0.0595245361328125 0.0717849731445313
-0.57415771484375 0.29931640625 0.30145263671875 0.02752685546875
-0.69024658203125 0.3204345703125 0.0628929138183593 -0.0444145202636718
-0.5155029296875 0.29095458984375 0.389373779296875 0.030181884765625
-0.558685302734375 0.348846435546875 0.337005615234375 -0.2352294921875
-0.41754150390625 0.496551513671875 0.111480712890625 -0.331634521484375
-0.2900390625 0.68280029296875 -0.130661010742188 -0.196014404296875
0.1463623046875 0.7381591796875 -0.06878662109375 -0.0118026733398437
0.45111083984375 0.6204833984375 0.0126419067382813 0.0508155822753907
0.4122314453125 0.61151123046875 0.0375328063964844 0.01116943359375
0.529052734375 0.58123779296875 0.146163940429688 0.0370025634765625
0.3331298828125 0.6260986328125 0.169464111328125 0.061431884765625
0.077880859375 0.70556640625 0.099700927734375 0.120529174804688
-0.138427734375 0.62481689453125 0.073822021484375 0.230560302734375
-0.4501953125 0.44061279296875 -0.05419921875 0.286224365234375
-0.45794677734375 0.40240478515625 -0.0884552001953125 0.185287475585938
-0.63983154296875 0.3382568359375 0.0730133056640625 0.102439880371094
-0.610595703125 0.31072998046875 -0.176162719726563 0.0368041992187501
-0.461212158203125 0.27105712890625 0.196731567382813 0.0727081298828125
-0.52545166015625 0.34197998046875 0.218856811523438 -0.212310791015625
-0.38165283203125 0.517486572265625 0.0661010742187499 -0.335845947265625
-0.2373046875 0.692138671875 -0.126861572265625 -0.304412841796875
0.1932373046875 0.72430419921875 -0.14959716796875 -0.2186279296875
0.45281982421875 0.59918212890625 -0.196578979492187 -0.146438598632813
0.3907470703125 0.60076904296875 -0.185089111328125 -0.149871826171875
0.47235107421875 0.59271240234375 -0.0634384155273437 -0.125762939453125
0.24566650390625 0.62628173828125 0.0428543090820313 -0.103416442871094
-0.028076171875 0.66143798828125 0.0570793151855469 0.0294532775878907
-0.209991455078125 0.5318603515625 0.0355377197265625 0.235092163085938
-0.434600830078125 0.337005615234375 -0.161041259765625 0.346160888671875
-0.419769287109375 0.34735107421875 -0.267425537109375 0.261611938476563
-0.6170654296875 0.32568359375 -0.171127319335938 0.171783447265625
-0.43914794921875 0.2501220703125 -0.37982177734375 0.108184814453125
-0.336273193359375 0.21038818359375 0.0100631713867187 0.121772766113281
-0.395782470703125 0.2706298828125 0.113449096679687 -0.161972045898437
-0.275054931640625 0.43212890625 0.021484375 -0.323394775390625
-0.1473388671875 0.5660400390625 -0.138580322265625 -0.38861083984375
0.20111083984375 0.5830078125 -0.2606201171875 -0.383453369140625
0.38116455078125 0.479522705078125 -0.4051513671875 -0.29913330078125
0.31097412109375 0.495880126953125 -0.379974365234375 -0.286346435546875
0.346160888671875 0.51220703125 -0.23101806640625 -0.286346435546875
0.122589111328125 0.51873779296875 -0.0346527099609375 -0.257980346679687
-0.12017822265625 0.496124267578125 0.0546760559082031 -0.0438156127929687
-0.231903076171875 0.3406982421875 -0.008758544921875 0.237747192382813
-0.3326416015625 0.18719482421875 -0.291748046875 0.35516357421875
-0.3165283203125 0.254364013671875 -0.441070556640625 0.2723388671875
-0.5010986328125 0.272369384765625 -0.39013671875 0.2203369140625
-0.211349487304688 0.150390625 -0.51849365234375 0.152923583984375
-0.167892456054688 0.121047973632812 -0.130859375 0.164077758789063
-0.21044921875 0.140518188476563 0.0437469482421875 -0.110855102539062
-0.1494140625 0.252212524414063 -0.0145263671875 -0.303131103515625
-0.072052001953125 0.335693359375 -0.154296875 -0.43023681640625
0.1446533203125 0.355499267578125 -0.367340087890625 -0.47247314453125
0.233245849609375 0.297271728515625 -0.5697021484375 -0.385009765625
0.18182373046875 0.315673828125 -0.513092041015625 -0.3759765625
0.17926025390625 0.34588623046875 -0.334869384765625 -0.416290283203125
0.0191650390625 0.32635498046875 -0.054962158203125 -0.37078857421875
-0.1448974609375 0.268234252929688 0.081146240234375 -0.0804672241210938
-0.178466796875 0.1334228515625 -0.054473876953125 0.2354736328125
-0.173751831054688 0.055816650390625 -0.411895751953125 0.305389404296875
-0.169204711914063 0.146408081054688 -0.57421875 0.22186279296875
-0.311065673828125 0.179473876953125 -0.557159423828125 0.241912841796875
0.00643157958984374 -0.0763397216796875 0.59295654296875 -0.26922607421875
0.000265121459960936 -0.0313682556152344 0.638916015625 -0.166748046875
0.00487327575683594 0.0129098892211914 0.4241943359375 -0.25885009765625
0.0312347412109375 0.0143413543701172 0.0880889892578125 -0.2757568359375
0.0749588012695313 -0.0075225830078125 -0.162796020507813 0.0690155029296875
0.0373916625976562 -0.0960464477539063 0.00506591796875001 0.42431640625
-0.00830078125 -0.0917816162109375 0.416595458984375 0.50146484375
-0.0278701782226562 -0.0799484252929688 0.56378173828125 0.418212890625
-0.0436630249023437 -0.0960311889648438 0.6143798828125 0.4027099609375
-0.014373779296875 -0.0802078247070313 0.456207275390625 0.474365234375
0.03485107421875 -0.0792617797851563 0.239959716796875 0.38861083984375
0.0473251342773438 -0.011077880859375 0.0760345458984375 0.266571044921875
0.0424957275390625 0.0402145385742188 0.0192794799804688 0.0884857177734375
-0.0008392333984375 0.0392684936523438 0.188705444335938 -0.125717163085938
0.0243396759033203 -0.0115585327148438 0.612060546875 -0.08160400390625
-0.261795043945313 0.0579833984375 0.58489990234375 -0.246826171875
-0.18829345703125 0.0735626220703125 0.65191650390625 -0.104248046875
-0.17724609375 0.118240356445312 0.460723876953125 -0.212921142578125
-0.10662841796875 0.1444091796875 0.128768920898438 -0.277069091796875
-0.0476531982421875 0.19140625 -0.17431640625 0.0403900146484375
0.062835693359375 0.159286499023438 -0.00915527343750001 0.411590576171875
0.147979736328125 0.138748168945313 0.39410400390625 0.490509033203125
0.13330078125 0.149154663085938 0.5355224609375 0.38836669921875
0.168350219726563 0.120635986328125 0.611328125 0.3631591796875
0.123992919921875 0.154693603515625 0.471405029296875 0.41766357421875
0.075469970703125 0.187973022460938 0.244293212890625 0.344207763671875
0.0022125244140625 0.2261962890625 0.0995025634765625 0.247329711914063
-0.137191772460938 0.207839965820313 0.0445327758789062 0.0977706909179688
-0.182205200195313 0.181793212890625 0.205307006835938 -0.102066040039062
-0.222869873046875 0.109451293945312 0.59027099609375 -0.074951171875
-0.50030517578125 0.18170166015625 0.483917236328125 -0.19793701171875
-0.365936279296875 0.178131103515625 0.621826171875 -0.0570068359375
-0.354248046875 0.220611572265625 0.46112060546875 -0.2078857421875
-0.246810913085938 0.271682739257812 0.144439697265625 -0.289764404296875
-0.17449951171875 0.385101318359375 -0.168670654296875 -0.00883483886718749
0.076324462890625 0.40692138671875 -0.016448974609375 0.332489013671875
0.283660888671875 0.3577880859375 0.3173828125 0.40142822265625
0.276123046875 0.35931396484375 0.425384521484375 0.300048828125
0.36102294921875 0.3165283203125 0.522857666015625 0.282867431640625
0.259002685546875 0.36090087890625 0.420928955078125 0.3243408203125
0.124847412109375 0.43072509765625 0.221710205078125 0.28179931640625
-0.023284912109375 0.4417724609375 0.113800048828125 0.234664916992188
-0.281890869140625 0.360565185546875 0.0483322143554687 0.140327453613281
-0.326568603515625 0.3104248046875 0.162918090820313 -0.03143310546875
-0.433135986328125 0.22314453125 0.480987548828125 -0.03851318359375
-0.657470703125 0.2794189453125 0.29937744140625 -0.127349853515625
-0.48822021484375 0.25933837890625 0.53369140625 -0.01849365234375
-0.49505615234375 0.308380126953125 0.417144775390625 -0.229034423828125
-0.3616943359375 0.401947021484375 0.1329345703125 -0.3135986328125
-0.26275634765625 0.5662841796875 -0.153350830078125 -0.0856170654296875
0.1031494140625 0.6141357421875 -0.0317535400390625 0.186431884765625
0.389129638671875 0.52587890625 0.188812255859375 0.246170043945313
0.377593994140625 0.522735595703125 0.2498779296875 0.169189453125
0.4906005859375 0.471771240234375 0.356201171875 0.1702880859375
0.339935302734375 0.5247802734375 0.31207275390625 0.201202392578125
0.137939453125 0.614990234375 0.169662475585938 0.206619262695313
-0.0648193359375 0.5908203125 0.111068725585938 0.23046875
-0.391693115234375 0.4556884765625 0.0247802734375 0.210220336914063
-0.423095703125 0.38995361328125 0.06591796875 0.0752716064453125
-0.58331298828125 0.30743408203125 0.3004150390625 0.026092529296875
-0.69903564453125 0.326171875 0.0654296874999999 -0.0458259582519531
-0.522613525390625 0.294281005859375 0.384765625 0.01654052734375
-0.561309814453125 0.362701416015625 0.322998046875 -0.240509033203125
-0.4129638671875 0.502960205078125 0.0977783203125 -0.333709716796875
-0.28033447265625 0.69189453125 -0.141281127929688 -0.189926147460937
0.154541015625 0.73114013671875 -0.0750656127929688 -0.0112915039062499
0.45538330078125 0.6060791015625 0.00981140136718753 0.0513343811035157
0.4207763671875 0.60498046875 0.0335121154785157 0.0131378173828125
0.5338134765625 0.56756591796875 0.146713256835938 0.028900146484375
0.33660888671875 0.61859130859375 0.171859741210938 0.0531005859375
0.08514404296875 0.70245361328125 0.106613159179688 0.120071411132813
-0.1317138671875 0.62939453125 0.0893096923828125 0.232864379882813
-0.448974609375 0.450653076171875 -0.0377807617187501 0.29046630859375
-0.458160400390625 0.40386962890625 -0.0816192626953125 0.189666748046875
-0.649169921875 0.34674072265625 0.0709686279296875 0.103515625
-0.62176513671875 0.31561279296875 -0.174407958984375 0.0375518798828125
-0.469512939453125 0.274017333984375 0.194503784179687 0.0615386962890625
-0.5286865234375 0.358184814453125 0.204833984375 -0.216079711914062
-0.375030517578125 0.524658203125 0.050506591796875 -0.33697509765625
-0.22430419921875 0.70147705078125 -0.1395263671875 -0.2987060546875
0.201171875 0.7166748046875 -0.159622192382812 -0.21722412109375
0.457275390625 0.58465576171875 -0.201080322265625 -0.141220092773438
0.40081787109375 0.59429931640625 -0.189208984375 -0.14398193359375
0.4793701171875 0.5816650390625 -0.0639801025390624 -0.129959106445312
0.24993896484375 0.61663818359375 0.0430526733398438 -0.10980224609375
-0.0175170898437501 0.6583251953125 0.0633087158203125 0.029571533203125
-0.20367431640625 0.537811279296875 0.0503387451171875 0.236297607421875
-0.4361572265625 0.347015380859375 -0.143951416015625 0.3504638671875
-0.421966552734375 0.34771728515625 -0.26019287109375 0.269393920898437
-0.62451171875 0.333984375 -0.172958374023438 0.175567626953125
-0.44549560546875 0.25299072265625 -0.38037109375 0.109344482421875
-0.341583251953125 0.21343994140625 0.00875854492187497 0.11273193359375
-0.397613525390625 0.28314208984375 0.09979248046875 -0.166061401367187
-0.268310546875 0.43707275390625 0.00555419921875 -0.324249267578125
-0.136474609375 0.57269287109375 -0.153411865234375 -0.3836669921875
0.20819091796875 0.5771484375 -0.27239990234375 -0.3795166015625
0.385833740234375 0.466766357421875 -0.410400390625 -0.288604736328125
0.31988525390625 0.4910888671875 -0.38299560546875 -0.2750244140625
0.34857177734375 0.503814697265625 -0.235015869140625 -0.28692626953125
0.12646484375 0.511749267578125 -0.0364532470703125 -0.261749267578125
-0.111541748046875 0.494903564453125 0.0588722229003906 -0.0449752807617187
-0.22686767578125 0.346588134765625 0.005126953125 0.239227294921875
-0.33526611328125 0.195556640625 -0.274200439453125 0.35992431640625
-0.3189697265625 0.253753662109375 -0.4332275390625 0.28240966796875
-0.506683349609375 0.277862548828125 -0.393280029296875 0.227630615234375
-0.217941284179688 0.149612426757813 -0.518707275390625 0.154998779296875
-0.170822143554688 0.122512817382812 -0.131668090820313 0.15728759765625
-0.211395263671875 0.148361206054688 0.0303802490234375 -0.115608215332031
-0.143875122070313 0.257110595703125 -0.03009033203125 -0.30352783203125
-0.064605712890625 0.339599609375 -0.16949462890625 -0.427032470703125
0.14971923828125 0.350341796875 -0.378997802734375 -0.46734619140625
0.237274169921875 0.28863525390625 -0.57427978515625 -0.37249755859375
0.187225341796875 0.311737060546875 -0.51513671875 -0.363250732421875
0.183502197265625 0.340850830078125 -0.3394775390625 -0.4130859375
0.022430419921875 0.32208251953125 -0.0579833984375 -0.373382568359375
-0.138809204101562 0.268386840820313 0.0855484008789062 -0.0822677612304688
-0.1761474609375 0.137252807617187 -0.0421142578125 0.236312866210938
-0.177536010742187 0.0599212646484375 -0.39630126953125 0.31353759765625
-0.172210693359375 0.144760131835938 -0.5654296875 0.23406982421875
-0.31439208984375 0.18212890625 -0.559783935546875 0.25
0.00565338134765625 -0.0752182006835938 0.60687255859375 -0.2904052734375
0.000379562377929689 -0.0348548889160156 0.64263916015625 -0.189453125
0.00461006164550781 0.00995540618896484 0.42059326171875 -0.2745361328125
0.0307407379150391 0.0136833190917969 0.0775146484375 -0.283843994140625
0.0765838623046875 -0.0107879638671875 -0.168975830078125 0.0766448974609375
0.0335311889648438 -0.0983200073242187 0.00946044921875 0.4383544921875
-0.0126266479492187 -0.09124755859375 0.43548583984375 0.503662109375
-0.0311279296875 -0.0796279907226562 0.5831298828125 0.415283203125
-0.0470504760742188 -0.0958175659179688 0.6380615234375 0.39801025390625
-0.0173721313476563 -0.0795440673828125 0.4814453125 0.474517822265625
0.0308456420898438 -0.0810165405273438 0.2586669921875 0.393646240234375
0.0473861694335938 -0.012603759765625 0.0928192138671875 0.273239135742188
0.0457687377929688 0.0374603271484375 0.030548095703125 0.0991897583007813
0.0034332275390625 0.0384788513183594 0.195831298828125 -0.125869750976563
0.0252532958984375 -0.0111637115478516 0.630126953125 -0.0933837890625
-0.270294189453125 0.0677947998046875 0.599609375 -0.26617431640625
-0.193572998046875 0.0773162841796875 0.6568603515625 -0.1270751953125
-0.181396484375 0.124923706054688 0.4576416015625 -0.22747802734375
-0.10736083984375 0.149276733398438 0.119110107421875 -0.285736083984375
-0.0440826416015625 0.1978759765625 -0.181625366210938 0.0479278564453125
0.06494140625 0.1610107421875 -0.00543212890624999 0.42584228515625
0.150115966796875 0.139755249023438 0.41082763671875 0.49298095703125
0.139175415039063 0.151092529296875 0.55120849609375 0.384246826171875
0.173538208007812 0.119522094726562 0.63623046875 0.35687255859375
0.127716064453125 0.157196044921875 0.494140625 0.41729736328125
0.078155517578125 0.192230224609375 0.2625732421875 0.34783935546875
0.0052490234375 0.232940673828125 0.117599487304688 0.253875732421875
-0.136917114257813 0.215255737304688 0.0578384399414062 0.105972290039063
-0.181640625 0.185546875 0.21282958984375 -0.10369873046875
-0.230575561523438 0.118988037109375 0.60479736328125 -0.0867919921875
-0.51666259765625 0.198974609375 0.496734619140625 -0.2127685546875
-0.377899169921875 0.187408447265625 0.62677001953125 -0.07611083984375
-0.362762451171875 0.234954833984375 0.458465576171875 -0.22076416015625
-0.248626708984375 0.283966064453125 0.134490966796875 -0.29852294921875
-0.16900634765625 0.40081787109375 -0.1768798828125 -0.00177001953124999
0.082794189453125 0.414337158203125 -0.01422119140625 0.3436279296875
0.292083740234375 0.358428955078125 0.330780029296875 0.403839111328125
0.290283203125 0.36474609375 0.438323974609375 0.298126220703125
0.373260498046875 0.314422607421875 0.54144287109375 0.27386474609375
0.26727294921875 0.36529541015625 0.44073486328125 0.3199462890625
0.13433837890625 0.43780517578125 0.23760986328125 0.28466796875
-0.016387939453125 0.455780029296875 0.133224487304688 0.239990234375
-0.2835693359375 0.378204345703125 0.0628662109375 0.147781372070313
-0.33026123046875 0.320404052734375 0.170562744140625 -0.0324859619140625
-0.4482421875 0.24017333984375 0.4937744140625 -0.047882080078125
-0.67864990234375 0.30084228515625 0.307403564453125 -0.138214111328125
-0.503753662109375 0.27288818359375 0.53875732421875 -0.037689208984375
-0.506591796875 0.333251953125 0.41217041015625 -0.241973876953125
-0.3636474609375 0.42041015625 0.121185302734375 -0.322357177734375
-0.2530517578125 0.59002685546875 -0.164779663085938 -0.0804443359375
0.11676025390625 0.62542724609375 -0.033111572265625 0.19305419921875
0.40423583984375 0.526031494140625 0.194671630859375 0.2490234375
0.398529052734375 0.52716064453125 0.2554931640625 0.170394897460938
0.510772705078125 0.471405029296875 0.368896484375 0.161529541015625
0.353118896484375 0.528533935546875 0.3255615234375 0.195068359375
0.15313720703125 0.62603759765625 0.18292236328125 0.209228515625
-0.05389404296875 0.6099853515625 0.131103515625 0.2340087890625
-0.3946533203125 0.478607177734375 0.040924072265625 0.218017578125
-0.4312744140625 0.40423583984375 0.0731887817382812 0.0791397094726563
-0.6019287109375 0.3294677734375 0.307159423828125 0.0218505859375
-0.72265625 0.34735107421875 0.0682258605957031 -0.0486335754394531
-0.540374755859375 0.310150146484375 0.388885498046875 0.00195312500000002
-0.57513427734375 0.38983154296875 0.317291259765625 -0.25054931640625
-0.412567138671875 0.52630615234375 0.083282470703125 -0.343048095703125
-0.26739501953125 0.72021484375 -0.155044555664063 -0.186492919921875
0.17169189453125 0.7431640625 -0.0829620361328125 -0.00896453857421872
0.47393798828125 0.6053466796875 0.00805664062500002 0.0549468994140625
0.4461669921875 0.611572265625 0.0316028594970703 0.0156002044677735
0.5574951171875 0.56707763671875 0.149993896484375 0.0212249755859375
0.35235595703125 0.623779296875 0.177505493164063 0.0453338623046875
0.1016845703125 0.71533203125 0.117576599121094 0.120834350585938
-0.11968994140625 0.65350341796875 0.109420776367188 0.23638916015625
-0.455047607421875 0.476470947265625 -0.02178955078125 0.2998046875
-0.467376708984375 0.4202880859375 -0.075103759765625 0.199905395507813
-0.67047119140625 0.37274169921875 0.0718917846679687 0.106071472167969
-0.64263916015625 0.332763671875 -0.177108764648438 0.041259765625
-0.486572265625 0.28961181640625 0.196884155273437 0.0520477294921875
-0.539459228515625 0.384613037109375 0.196380615234375 -0.224212646484375
-0.372222900390625 0.548126220703125 0.0352783203125 -0.344879150390625
-0.20965576171875 0.72900390625 -0.156951904296875 -0.2987060546875
0.218017578125 0.726318359375 -0.173721313476562 -0.218414306640625
0.47723388671875 0.58074951171875 -0.21099853515625 -0.136550903320313
0.42523193359375 0.6002197265625 -0.198333740234375 -0.138809204101562
0.50213623046875 0.582763671875 -0.0698165893554687 -0.136581420898437
0.26483154296875 0.6229248046875 0.0411605834960938 -0.118812561035156
-0.00439453125000006 0.67425537109375 0.0712890625 0.0286102294921875
-0.19610595703125 0.559234619140625 0.0692291259765625 0.240982055664063
-0.4442138671875 0.370361328125 -0.1292724609375 0.361907958984375
-0.43292236328125 0.36163330078125 -0.257080078125 0.284454345703125
-0.64422607421875 0.35943603515625 -0.178909301757813 0.185760498046875
-0.465179443359375 0.266510009765625 -0.387939453125 0.119476318359375
-0.35565185546875 0.224609375 0.00823974609374999 0.107948303222656
-0.404754638671875 0.305877685546875 0.088958740234375 -0.171676635742188
-0.263397216796875 0.45599365234375 -0.01177978515625 -0.331085205078125
-0.121826171875 0.59429931640625 -0.17254638671875 -0.386505126953125
0.22381591796875 0.5823974609375 -0.291412353515625 -0.38134765625
0.402130126953125 0.46270751953125 -0.42669677734375 -0.281402587890625
0.340301513671875 0.494873046875 -0.397003173828125 -0.269012451171875
0.368927001953125 0.505584716796875 -0.248504638671875 -0.292388916015625
0.13775634765625 0.51751708984375 -0.04327392578125 -0.272994995117188
-0.102447509765625 0.507537841796875 0.0649948120117188 -0.0474205017089843
-0.224395751953125 0.36273193359375 0.020660400390625 0.245223999023438
-0.34466552734375 0.211639404296875 -0.261993408203125 0.374847412109375
-0.327178955078125 0.2633056640625 -0.43408203125 0.30224609375
-0.523193359375 0.2967529296875 -0.403411865234375 0.244354248046875
-0.22918701171875 0.15582275390625 -0.528717041015625 0.1695556640625
-0.1783447265625 0.1297607421875 -0.134811401367188 0.155990600585937
-0.21453857421875 0.161865234375 0.0184783935546875 -0.119186401367188
-0.13873291015625 0.268508911132813 -0.0484619140625 -0.30859375
-0.054595947265625 0.35198974609375 -0.1905517578125 -0.43133544921875
0.160003662109375 0.35394287109375 -0.402679443359375 -0.46807861328125
0.248046875 0.28448486328125 -0.5941162109375 -0.36260986328125
0.200653076171875 0.313446044921875 -0.5338134765625 -0.35791015625
0.19512939453125 0.34356689453125 -0.356658935546875 -0.41796875
0.02764892578125 0.32598876953125 -0.0667724609375 -0.384918212890625
-0.135238647460937 0.276351928710938 0.0910186767578125 -0.087554931640625
-0.177383422851563 0.146331787109375 -0.02911376953125 0.242904663085938
-0.184188842773437 0.06671142578125 -0.387939453125 0.329681396484375
-0.178146362304687 0.149002075195313 -0.56915283203125 0.25555419921875
-0.323883056640625 0.19305419921875 -0.57489013671875 0.27044677734375
0.00327301025390625 -0.075653076171875 0.617431640625 -0.330322265625
-0.00171279907226563 -0.0380935668945313 0.6441650390625 -0.229248046875
0.00298023223876953 0.00822257995605469 0.413482666015625 -0.303985595703125
0.0305519104003906 0.0118370056152344 0.060638427734375 -0.296875
0.0777740478515625 -0.0156936645507813 -0.174270629882813 0.08868408203125
0.0280685424804687 -0.102401733398438 0.0261230468749999 0.45806884765625
-0.0194625854492187 -0.0895614624023438 0.4703369140625 0.497802734375
-0.0365371704101563 -0.0788650512695312 0.6195068359375 0.39923095703125
-0.0533905029296875 -0.095550537109375 0.682373046875 0.377685546875
-0.0221099853515625 -0.07952880859375 0.524871826171875 0.465576171875
0.0253829956054687 -0.0832061767578125 0.29034423828125 0.394287109375
0.0471954345703125 -0.0156173706054688 0.11810302734375 0.279922485351563
0.0494384765625 0.0341682434082031 0.045867919921875 0.108779907226563
0.0084686279296875 0.0374069213867187 0.201644897460938 -0.133071899414063
0.0270252227783203 -0.0115871429443359 0.64892578125 -0.1260986328125
-0.279098510742188 0.0850982666015625 0.61083984375 -0.30450439453125
-0.199691772460938 0.087158203125 0.661865234375 -0.16619873046875
-0.18548583984375 0.137954711914063 0.45330810546875 -0.254913330078125
-0.10626220703125 0.158843994140625 0.103302001953125 -0.2996826171875
-0.03582763671875 0.206573486328125 -0.18829345703125 0.0608978271484375
0.0707855224609375 0.163192749023438 0.01129150390625 0.444183349609375
0.1578369140625 0.139083862304688 0.442901611328125 0.488311767578125
0.150283813476562 0.151718139648438 0.583251953125 0.37030029296875
0.183624267578125 0.114852905273438 0.673828125 0.33477783203125
0.136856079101563 0.15826416015625 0.533050537109375 0.40545654296875
0.0863189697265625 0.196624755859375 0.2918701171875 0.347564697265625
0.01446533203125 0.2413330078125 0.143997192382813 0.256942749023438
-0.1322021484375 0.228317260742187 0.074554443359375 0.112747192382813
-0.179031372070313 0.197418212890625 0.220108032226563 -0.113250732421875
-0.236495971679688 0.136856079101563 0.62359619140625 -0.1187744140625
-0.531341552734375 0.23236083984375 0.50677490234375 -0.246307373046875
-0.38763427734375 0.209747314453125 0.63482666015625 -0.1134033203125
-0.3692626953125 0.26287841796875 0.453125 -0.246246337890625
-0.245758056640625 0.303619384765625 0.11834716796875 -0.313629150390625
-0.1527099609375 0.42352294921875 -0.187713623046875 0.0101776123046875
0.10107421875 0.423095703125 -0.00247192382812499 0.358612060546875
0.313629150390625 0.3555908203125 0.356048583984375 0.401641845703125
0.3170166015625 0.36358642578125 0.46173095703125 0.2886962890625
0.39971923828125 0.3052978515625 0.5731201171875 0.2520751953125
0.28948974609375 0.366058349609375 0.4715576171875 0.3062744140625
0.156280517578125 0.4462890625 0.263885498046875 0.283355712890625
0.00372314453124997 0.473541259765625 0.160354614257813 0.2408447265625
-0.27862548828125 0.406097412109375 0.08245849609375 0.152740478515625
-0.329620361328125 0.342620849609375 0.179153442382812 -0.038818359375
-0.4603271484375 0.272918701171875 0.508819580078125 -0.07275390625
-0.69781494140625 0.3446044921875 0.314483642578125 -0.1585693359375
-0.51678466796875 0.304229736328125 0.548187255859375 -0.066864013671875
-0.513885498046875 0.372772216796875 0.40887451171875 -0.26324462890625
-0.35821533203125 0.451690673828125 0.103271484375 -0.3375244140625
-0.22900390625 0.626708984375 -0.178848266601563 -0.0706634521484375
0.14556884765625 0.6378173828125 -0.029083251953125 0.20269775390625
0.436492919921875 0.521484375 0.209564208984375 0.249679565429688
0.43695068359375 0.52496337890625 0.268951416015625 0.165313720703125
0.54901123046875 0.458709716796875 0.38751220703125 0.14337158203125
0.3853759765625 0.530242919921875 0.345489501953125 0.181365966796875
0.18511962890625 0.63970947265625 0.203842163085938 0.207077026367188
-0.0260009765625 0.63623046875 0.158782958984375 0.234146118164063
-0.387786865234375 0.518035888671875 0.062103271484375 0.224334716796875
-0.431610107421875 0.435699462890625 0.0833511352539062 0.0800552368164063
-0.61859130859375 0.37554931640625 0.317291259765625 0.00885009765625002
-0.7430419921875 0.39605712890625 0.070404052734375 -0.0547409057617187
-0.5548095703125 0.344970703125 0.39654541015625 -0.020599365234375
-0.581787109375 0.4383544921875 0.310028076171875 -0.269134521484375
-0.401611328125 0.565185546875 0.062164306640625 -0.35577392578125
-0.23699951171875 0.76190185546875 -0.174575805664063 -0.179656982421875
0.208740234375 0.7569580078125 -0.0904922485351562 -0.00434875488281245
0.51300048828125 0.59930419921875 0.00927352905273441 0.0585746765136719
0.49163818359375 0.60980224609375 0.0324192047119141 0.0189380645751954
0.60198974609375 0.55609130859375 0.154037475585938 0.00924682617187503
0.38958740234375 0.62646484375 0.184478759765625 0.0333709716796875
0.1392822265625 0.735107421875 0.132911682128906 0.118492126464844
-0.0927124023437499 0.68353271484375 0.136184692382812 0.236984252929688
-0.4520263671875 0.520294189453125 0.00112915039062497 0.310089111328125
-0.46923828125 0.453826904296875 -0.06573486328125 0.21221923828125
-0.68719482421875 0.42230224609375 0.0756149291992187 0.107749938964844
-0.6619873046875 0.37725830078125 -0.179397583007813 0.050567626953125
-0.49798583984375 0.3203125 0.201828002929687 0.038665771484375
-0.544952392578125 0.4312744140625 0.18609619140625 -0.236953735351562
-0.3570556640625 0.58563232421875 0.011871337890625 -0.35479736328125
-0.1754150390625 0.76739501953125 -0.18231201171875 -0.29547119140625
0.25872802734375 0.7364501953125 -0.19512939453125 -0.216415405273437
0.51715087890625 0.572998046875 -0.224929809570312 -0.127273559570312
0.4697265625 0.59954833984375 -0.211166381835938 -0.129196166992187
0.54693603515625 0.57366943359375 -0.0819091796875 -0.14190673828125
0.2994384765625 0.62994384765625 0.0351638793945313 -0.129867553710937
0.02764892578125 0.6949462890625 0.0802841186523438 0.0250701904296875
-0.173583984375 0.5899658203125 0.09393310546875 0.243438720703125
-0.444000244140625 0.407257080078125 -0.108001708984375 0.378814697265625
-0.4373779296875 0.392913818359375 -0.24920654296875 0.30816650390625
-0.6605224609375 0.4052734375 -0.181259155273438 0.203125
-0.48016357421875 0.299774169921875 -0.39508056640625 0.140716552734375
-0.364227294921875 0.25042724609375 0.0108566284179687 0.104499816894531
-0.405914306640625 0.342559814453125 0.07672119140625 -0.178466796875
-0.24810791015625 0.486083984375 -0.036407470703125 -0.33697509765625
-0.0924072265625 0.622802734375 -0.202911376953125 -0.385467529296875
0.258056640625 0.5888671875 -0.3233642578125 -0.37799072265625
0.433349609375 0.45391845703125 -0.453033447265625 -0.26568603515625
0.375946044921875 0.49334716796875 -0.420440673828125 -0.25439453125
0.4058837890625 0.501190185546875 -0.274139404296875 -0.292572021484375
0.162841796875 0.5260009765625 -0.05889892578125 -0.283966064453125
-0.081207275390625 0.527130126953125 0.0706253051757813 -0.0539169311523437
-0.213348388671875 0.387481689453125 0.0422515869140625 0.25006103515625
-0.34967041015625 0.2388916015625 -0.245361328125 0.3974609375
-0.332061767578125 0.28619384765625 -0.429534912109375 0.33563232421875
-0.53350830078125 0.33428955078125 -0.4114990234375 0.27490234375
-0.237838745117187 0.17230224609375 -0.5413818359375 0.19927978515625
-0.182540893554688 0.1434326171875 -0.135040283203125 0.16156005859375
-0.2147216796875 0.18157958984375 0.0050201416015625 -0.122871398925781
-0.127227783203125 0.2852783203125 -0.07342529296875 -0.3123779296875
-0.035369873046875 0.36785888671875 -0.224334716796875 -0.431884765625
0.18231201171875 0.35552978515625 -0.442230224609375 -0.4620361328125
0.267898559570313 0.277374267578125 -0.62908935546875 -0.34039306640625
0.22308349609375 0.3128662109375 -0.5648193359375 -0.34130859375
0.2186279296875 0.34417724609375 -0.392669677734375 -0.41656494140625
0.042144775390625 0.3328857421875 -0.089111328125 -0.398956298828125
-0.12530517578125 0.290008544921875 0.0957870483398437 -0.09722900390625
-0.174819946289063 0.161117553710937 -0.010650634765625 0.2503662109375
-0.190032958984375 0.0808563232421875 -0.375396728515625 0.358184814453125
-0.181289672851563 0.161727905273437 -0.56951904296875 0.294189453125
-0.32843017578125 0.215789794921875 -0.585693359375 0.3096923828125
-0.000869750976562493 -0.0758285522460938 0.61004638671875 -0.38311767578125
-0.00532913208007813 -0.03961181640625 0.63067626953125 -0.280029296875
0.000469207763671875 0.00800228118896484 0.3890380859375 -0.338836669921875
0.0292091369628906 0.0107917785644531 0.035980224609375 -0.306365966796875
0.0775070190429688 -0.0229568481445313 -0.175186157226562 0.104827880859375
0.019073486328125 -0.105026245117188 0.05584716796875 0.47283935546875
-0.027862548828125 -0.0863571166992188 0.51214599609375 0.474853515625
-0.0432281494140625 -0.0759353637695313 0.65704345703125 0.3607177734375
-0.061981201171875 -0.092987060546875 0.72479248046875 0.33209228515625
-0.0280990600585938 -0.077239990234375 0.5726318359375 0.43524169921875
0.018280029296875 -0.0840377807617187 0.327392578125 0.380584716796875
0.0454978942871094 -0.0182647705078125 0.148223876953125 0.27667236328125
0.0530929565429688 0.0278549194335937 0.0647430419921875 0.112953186035156
0.0134239196777344 0.0351676940917969 0.202285766601563 -0.145614624023438
0.0282192230224609 -0.0125083923339844 0.6561279296875 -0.17547607421875
-0.281280517578125 0.108917236328125 0.605712890625 -0.3577880859375
-0.201553344726563 0.101409912109375 0.6529541015625 -0.21832275390625
-0.182586669921875 0.156585693359375 0.43572998046875 -0.28814697265625
-0.10009765625 0.170257568359375 0.078887939453125 -0.312652587890625
-0.020782470703125 0.212966918945313 -0.192047119140625 0.0777740478515626
0.08111572265625 0.162246704101563 0.03924560546875 0.455841064453125
0.167526245117188 0.133590698242188 0.48406982421875 0.467926025390625
0.163986206054688 0.146194458007813 0.61944580078125 0.33526611328125
0.193283081054688 0.104202270507813 0.71343994140625 0.2891845703125
0.149505615234375 0.153884887695313 0.5753173828125 0.3734130859375
0.100189208984375 0.196014404296875 0.325225830078125 0.33319091796875
0.0310821533203125 0.246963500976563 0.173934936523438 0.250778198242188
-0.120529174804687 0.241836547851563 0.0939559936523437 0.113311767578125
-0.169403076171875 0.211105346679688 0.221267700195313 -0.127685546875
-0.234710693359375 0.159530639648437 0.6300048828125 -0.166259765625
-0.53265380859375 0.278594970703125 0.501739501953125 -0.288909912109375
-0.387176513671875 0.241546630859375 0.62957763671875 -0.162109375
-0.360748291015625 0.2999267578125 0.439666748046875 -0.27685546875
-0.232269287109375 0.329376220703125 0.0928955078125 -0.32666015625
-0.12249755859375 0.443634033203125 -0.193679809570313 0.027191162109375
0.1297607421875 0.423309326171875 0.01885986328125 0.369293212890625
0.339202880859375 0.3431396484375 0.38970947265625 0.386871337890625
0.35015869140625 0.35064697265625 0.489410400390625 0.262298583984375
0.42767333984375 0.2821044921875 0.60137939453125 0.2095947265625
0.3184814453125 0.35565185546875 0.5047607421875 0.275115966796875
0.18865966796875 0.448211669921875 0.292877197265625 0.27020263671875
0.0362548828125 0.4849853515625 0.190109252929688 0.2318115234375
-0.25726318359375 0.43597412109375 0.104278564453125 0.152328491210938
-0.315704345703125 0.370147705078125 0.183517456054688 -0.0493621826171875
-0.45587158203125 0.317138671875 0.5135498046875 -0.1112060546875
-0.6968994140625 0.406494140625 0.311767578125 -0.18585205078125
-0.514251708984375 0.34674072265625 0.54644775390625 -0.111358642578125
-0.50238037109375 0.424591064453125 0.39483642578125 -0.2913818359375
-0.333282470703125 0.488189697265625 0.0755920410156249 -0.349090576171875
-0.1844482421875 0.656005859375 -0.191635131835937 -0.0541229248046875
0.1923828125 0.63983154296875 -0.0188446044921875 0.210678100585938
0.476654052734375 0.499725341796875 0.230361938476563 0.240707397460938
0.4833984375 0.505218505859375 0.2850341796875 0.152435302734375
0.59033203125 0.42529296875 0.4024658203125 0.11309814453125
0.42706298828125 0.51397705078125 0.364654541015625 0.156829833984375
0.233154296875 0.64031982421875 0.226821899414063 0.195343017578125
0.0190429687499999 0.65338134765625 0.188385009765625 0.224166870117188
-0.362213134765625 0.5599365234375 0.0876770019531249 0.224441528320313
-0.414459228515625 0.473785400390625 0.0931243896484375 0.0781631469726563
-0.6129150390625 0.43353271484375 0.322357177734375 -0.012725830078125
-0.74017333984375 0.46295166015625 0.0698013305664062 -0.0616989135742187
-0.5506591796875 0.390899658203125 0.398193359375 -0.05328369140625
-0.56610107421875 0.49786376953125 0.29425048828125 -0.290435791015625
-0.36962890625 0.60528564453125 0.0325927734374999 -0.36328125
-0.1783447265625 0.796630859375 -0.194900512695313 -0.164764404296875
0.26519775390625 0.75555419921875 -0.0968780517578125 0.00313568115234382
0.5595703125 0.5709228515625 0.013336181640625 0.0613479614257813
0.54486083984375 0.585693359375 0.0340347290039063 0.0202255249023438
0.65179443359375 0.5196533203125 0.153701782226563 -0.00610351562499997
0.43731689453125 0.61163330078125 0.188507080078125 0.0165557861328125
0.19293212890625 0.73980712890625 0.148666381835938 0.109756469726563
-0.0419921875 0.7056884765625 0.16546630859375 0.22698974609375
-0.4285888671875 0.5682373046875 0.0298461914062499 0.315155029296875
-0.453857421875 0.49609375 -0.049346923828125 0.222793579101563
-0.6798095703125 0.4876708984375 0.0812454223632812 0.106681823730469
-0.66082763671875 0.4375 -0.17877197265625 0.06414794921875
-0.4954833984375 0.3642578125 0.205078125 0.0199432373046875
-0.52825927734375 0.487213134765625 0.170623779296875 -0.250640869140625
-0.32110595703125 0.62481689453125 -0.01953125 -0.358795166015625
-0.11669921875 0.7969970703125 -0.211837768554687 -0.280532836914062
0.31488037109375 0.730224609375 -0.218841552734375 -0.205856323242187
0.561767578125 0.543853759765625 -0.237014770507813 -0.110076904296875
0.52313232421875 0.57476806640625 -0.222900390625 -0.112258911132812
0.59967041015625 0.5428466796875 -0.0976715087890625 -0.141845703125
0.345703125 0.62017822265625 0.0243377685546875 -0.138946533203125
0.07952880859375 0.7056884765625 0.08868408203125 0.0173721313476563
-0.13232421875 0.61529541015625 0.122970581054688 0.237503051757813
-0.428558349609375 0.45513916015625 -0.0763244628906251 0.393402099609375
-0.423126220703125 0.43096923828125 -0.2293701171875 0.334625244140625
-0.65252685546875 0.46722412109375 -0.174285888671875 0.2232666015625
-0.478973388671875 0.34222412109375 -0.392486572265625 0.17205810546875
-0.362091064453125 0.28240966796875 0.0153961181640625 0.0996627807617188
-0.39251708984375 0.383087158203125 0.0623626708984375 -0.185150146484375
-0.215240478515625 0.51422119140625 -0.06658935546875 -0.33599853515625
-0.04302978515625 0.6424560546875 -0.2393798828125 -0.37115478515625
0.3033447265625 0.5797119140625 -0.362030029296875 -0.36151123046875
0.46978759765625 0.427764892578125 -0.47906494140625 -0.23504638671875
0.420257568359375 0.472564697265625 -0.445281982421875 -0.225067138671875
0.4508056640625 0.478240966796875 -0.304046630859375 -0.279205322265625
0.20098876953125 0.52398681640625 -0.08306884765625 -0.2889404296875
-0.045318603515625 0.54144287109375 0.0735397338867188 -0.062774658203125
-0.188140869140625 0.41156005859375 0.070037841796875 0.248291015625
-0.343048095703125 0.27459716796875 -0.214813232421875 0.42144775390625
-0.324554443359375 0.314910888671875 -0.410125732421875 0.375396728515625
-0.526275634765625 0.383056640625 -0.404876708984375 0.313262939453125
-0.238021850585938 0.194900512695313 -0.538665771484375 0.24176025390625
-0.181045532226563 0.160964965820312 -0.1298828125 0.167953491210937
-0.206130981445312 0.203948974609375 -0.00948333740234376 -0.124183654785156
-0.105682373046875 0.300537109375 -0.103302001953125 -0.306854248046875
-0.00506591796875004 0.3795166015625 -0.26348876953125 -0.41796875
0.21038818359375 0.347320556640625 -0.486053466796875 -0.4381103515625
0.289764404296875 0.259918212890625 -0.6636962890625 -0.2991943359375
0.2513427734375 0.300201416015625 -0.59661865234375 -0.3026123046875
0.24822998046875 0.33349609375 -0.43243408203125 -0.39385986328125
0.064483642578125 0.335235595703125 -0.120941162109375 -0.40362548828125
-0.106170654296875 0.302459716796875 0.095672607421875 -0.108787536621094
-0.165695190429688 0.177978515625 0.014862060546875 0.252822875976563
-0.190582275390625 0.0998382568359375 -0.34979248046875 0.38970947265625
-0.17706298828125 0.177627563476563 -0.553314208984375 0.343994140625
-0.324249267578125 0.24432373046875 -0.5789794921875 0.3612060546875
-0.00591278076171875 -0.0735321044921875 0.577392578125 -0.42779541015625
-0.0101280212402344 -0.0394248962402344 0.5960693359375 -0.32086181640625
-0.00156354904174805 0.00874900817871094 0.35382080078125 -0.35833740234375
0.0267047882080078 0.0105857849121094 0.00750732421874999 -0.306304931640625
0.074005126953125 -0.029876708984375 -0.1697998046875 0.118759155273437
0.00959014892578126 -0.103668212890625 0.088043212890625 0.470794677734375
-0.0343856811523437 -0.0792694091796875 0.540130615234375 0.431671142578125
-0.0486373901367187 -0.0699958801269531 0.67291259765625 0.3065185546875
-0.069793701171875 -0.0865631103515625 0.74273681640625 0.268798828125
-0.0328598022460938 -0.0726852416992188 0.60198974609375 0.38543701171875
0.0112380981445313 -0.0822296142578125 0.354339599609375 0.3511962890625
0.0424880981445313 -0.0197639465332031 0.174835205078125 0.261688232421875
0.054534912109375 0.0213813781738281 0.0825958251953125 0.109733581542969
0.0171546936035156 0.0309886932373047 0.194381713867188 -0.15472412109375
0.0283393859863281 -0.0142726898193359 0.63775634765625 -0.22479248046875
-0.272476196289063 0.1318359375 0.5736083984375 -0.40118408203125
-0.19635009765625 0.115829467773438 0.6212158203125 -0.26043701171875
-0.17169189453125 0.172119140625 0.4049072265625 -0.3114013671875
-0.0888519287109375 0.178176879882813 0.049591064453125 -0.31427001953125
-0.00489807128906252 0.212051391601563 -0.187347412109375 0.0932769775390625
0.08984375 0.155258178710938 0.070220947265625 0.453857421875
0.173324584960938 0.12353515625 0.511688232421875 0.427337646484375
0.173507690429687 0.134780883789063 0.6353759765625 0.28448486328125
0.19769287109375 0.0886383056640625 0.72686767578125 0.2255859375
0.159011840820313 0.143295288085938 0.59912109375 0.3236083984375
0.112213134765625 0.18975830078125 0.3494873046875 0.30560302734375
0.04803466796875 0.24444580078125 0.198577880859375 0.23358154296875
-0.103469848632812 0.248382568359375 0.110679626464844 0.107147216796875
-0.153610229492187 0.219833374023438 0.213882446289063 -0.140289306640625
-0.221908569335937 0.178817749023438 0.61175537109375 -0.21282958984375
-0.51190185546875 0.320098876953125 0.477325439453125 -0.327392578125
-0.371612548828125 0.267547607421875 0.6025390625 -0.2059326171875
-0.337921142578125 0.329864501953125 0.410614013671875 -0.302215576171875
-0.20709228515625 0.34478759765625 0.062408447265625 -0.3292236328125
-0.085693359375 0.44866943359375 -0.193069458007812 0.0453338623046875
0.157562255859375 0.41009521484375 0.0435791015625 0.367218017578125
0.3577880859375 0.316986083984375 0.41326904296875 0.3538818359375
0.373321533203125 0.323028564453125 0.500579833984375 0.2222900390625
0.441802978515625 0.246337890625 0.60906982421875 0.156494140625
0.33984375 0.329986572265625 0.520782470703125 0.23187255859375
0.218994140625 0.431732177734375 0.312408447265625 0.2447509765625
0.071380615234375 0.47991943359375 0.213180541992187 0.212203979492188
-0.225677490234375 0.45416259765625 0.122802734375 0.143905639648438
-0.28912353515625 0.390228271484375 0.181961059570312 -0.0605316162109375
-0.433074951171875 0.354461669921875 0.498138427734375 -0.149383544921875
-0.66778564453125 0.46038818359375 0.296722412109375 -0.209564208984375
-0.49249267578125 0.38323974609375 0.526031494140625 -0.151397705078125
-0.467803955078125 0.46405029296875 0.366485595703125 -0.3123779296875
-0.29693603515625 0.510162353515625 0.0438232421875 -0.34808349609375
-0.1285400390625 0.665771484375 -0.1962890625 -0.0339813232421874
0.23626708984375 0.61883544921875 -0.00691223144531246 0.212265014648438
0.503875732421875 0.459991455078125 0.24560546875 0.222274780273438
0.517303466796875 0.46563720703125 0.2916259765625 0.131103515625
0.6153564453125 0.37591552734375 0.404022216796875 0.076751708984375
0.45819091796875 0.47998046875 0.371978759765625 0.123687744140625
0.2767333984375 0.6187744140625 0.24261474609375 0.175689697265625
0.0691528320312499 0.64739990234375 0.21099853515625 0.202774047851563
-0.32049560546875 0.587158203125 0.110763549804688 0.2156982421875
-0.38092041015625 0.499755859375 0.100791931152344 0.0721054077148438
-0.5792236328125 0.4835205078125 0.315338134765625 -0.03570556640625
-0.70703125 0.5181884765625 0.0663299560546875 -0.068267822265625
-0.525238037109375 0.431182861328125 0.38555908203125 -0.084808349609375
-0.5255126953125 0.544921875 0.2696533203125 -0.305206298828125
-0.3211669921875 0.62957763671875 0.00103759765625 -0.359405517578125
-0.11041259765625 0.802734375 -0.20794677734375 -0.141799926757812
0.31597900390625 0.727294921875 -0.0998001098632812 0.0126495361328126
0.59100341796875 0.523681640625 0.0177841186523438 0.0615043640136719
0.58477783203125 0.53936767578125 0.0357742309570313 0.0199470520019532
0.682861328125 0.46197509765625 0.14727783203125 -0.0204925537109375
0.4754638671875 0.57562255859375 0.18536376953125 -0.00146484374999996
0.24591064453125 0.71881103515625 0.159744262695313 0.0948333740234375
0.01287841796875 0.7025146484375 0.188613891601562 0.2069091796875
-0.38330078125 0.601318359375 0.059234619140625 0.3092041015625
-0.417388916015625 0.5244140625 -0.02978515625 0.226394653320313
-0.6427001953125 0.5408935546875 0.08477783203125 0.101493835449219
-0.630859375 0.48785400390625 -0.170440673828125 0.0757904052734375
-0.474456787109375 0.400115966796875 0.200347900390625 -0.000869750976562475
-0.4873046875 0.52996826171875 0.149856567382812 -0.25811767578125
-0.27081298828125 0.642822265625 -0.04962158203125 -0.34930419921875
-0.04949951171875 0.7977294921875 -0.232696533203125 -0.255172729492187
0.3636474609375 0.7001953125 -0.2359619140625 -0.185638427734375
0.59136962890625 0.49542236328125 -0.241958618164063 -0.0891876220703125
0.5625 0.528076171875 -0.227569580078125 -0.0921630859374999
0.6312255859375 0.4886474609375 -0.111549377441406 -0.133064270019531
0.386474609375 0.5899658203125 0.01068115234375 -0.14263916015625
0.1304931640625 0.69183349609375 0.0938720703125 0.00731658935546879
-0.08319091796875 0.62060546875 0.145919799804688 0.22021484375
-0.392791748046875 0.49017333984375 -0.04168701171875 0.393707275390625
-0.3927001953125 0.459228515625 -0.198455810546875 0.349395751953125
-0.61627197265625 0.51763916015625 -0.159561157226563 0.237533569335938
-0.45751953125 0.379486083984375 -0.375701904296875 0.198883056640625
-0.345855712890625 0.309417724609375 0.018280029296875 0.0913009643554688
-0.35986328125 0.415679931640625 0.0459442138671875 -0.18603515625
-0.1722412109375 0.5245361328125 -0.0939636230468751 -0.321807861328125
0.0125732421875001 0.6407470703125 -0.266204833984375 -0.34307861328125
0.340606689453125 0.548675537109375 -0.38983154296875 -0.331024169921875
0.49285888671875 0.386383056640625 -0.490020751953125 -0.1943359375
0.452789306640625 0.4354248046875 -0.455322265625 -0.18597412109375
0.480743408203125 0.437652587890625 -0.32568359375 -0.25128173828125
0.236602783203125 0.502899169921875 -0.106719970703125 -0.283050537109375
-0.00299072265624998 0.5384521484375 0.0722198486328125 -0.0716705322265625
-0.152496337890625 0.420989990234375 0.0946807861328125 0.235305786132813
-0.321563720703125 0.303009033203125 -0.17578125 0.431976318359375
-0.30169677734375 0.337890625 -0.37420654296875 0.403045654296875
-0.497833251953125 0.421844482421875 -0.380279541015625 0.34417724609375
-0.227371215820313 0.214553833007812 -0.516326904296875 0.2796630859375
-0.171035766601563 0.174774169921875 -0.120895385742187 0.169601440429688
-0.1884765625 0.219924926757813 -0.0219573974609375 -0.121437072753906
-0.078857421875 0.303985595703125 -0.128265380859375 -0.289886474609375
0.02783203125 0.37603759765625 -0.294403076171875 -0.388397216796875
0.2333984375 0.326263427734375 -0.5177001953125 -0.39483642578125
0.30377197265625 0.232513427734375 -0.6773681640625 -0.2435302734375
0.271499633789063 0.277557373046875 -0.60931396484375 -0.2508544921875
0.27276611328125 0.3087158203125 -0.45965576171875 -0.3543701171875
0.087921142578125 0.32611083984375 -0.15252685546875 -0.392669677734375
-0.081573486328125 0.306304931640625 0.0902481079101563 -0.118782043457031
-0.148880004882812 0.188064575195313 0.0389404296875 0.245941162109375
-0.182159423828125 0.116592407226562 -0.31072998046875 0.4110107421875
-0.165603637695312 0.189163208007813 -0.516326904296875 0.382598876953125
-0.306427001953125 0.267364501953125 -0.54901123046875 0.405181884765625
-0.00941085815429687 -0.0700111389160156 0.54278564453125 -0.44940185546875
-0.0136833190917969 -0.0377426147460938 0.5595703125 -0.34033203125
-0.00255680084228516 0.010533332824707 0.321319580078125 -0.36236572265625
0.0245475769042969 0.0115489959716797 -0.0145263671875 -0.298095703125
0.0686378479003906 -0.0337066650390625 -0.16241455078125 0.126937866210937
0.00218200683593749 -0.100303649902344 0.112884521484375 0.460784912109375
-0.0370407104492188 -0.0717849731445313 0.547882080078125 0.390960693359375
-0.0512962341308594 -0.0642127990722656 0.6693115234375 0.2608642578125
-0.0738067626953125 -0.0793609619140625 0.73773193359375 0.21685791015625
-0.0346221923828125 -0.0685768127441406 0.61004638671875 0.34222412109375
0.0065460205078125 -0.0785446166992188 0.36566162109375 0.324462890625
0.0397071838378906 -0.0198516845703125 0.189971923828125 0.244537353515625
0.0534515380859375 0.0155296325683594 0.0955657958984375 0.103202819824219
0.0194339752197266 0.0267333984375 0.186508178710938 -0.158645629882813
0.0282821655273438 -0.0157032012939453 0.609619140625 -0.25360107421875
-0.2598876953125 0.146255493164062 0.539825439453125 -0.424591064453125
-0.189697265625 0.124298095703125 0.5859375 -0.2840576171875
-0.159271240234375 0.18109130859375 0.374786376953125 -0.319000244140625
-0.0788421630859375 0.18109130859375 0.025909423828125 -0.307220458984375
0.00744628906250002 0.205795288085938 -0.180191040039063 0.104263305664062
0.0931396484375 0.147293090820313 0.0920715332031249 0.44390869140625
0.174545288085938 0.114227294921875 0.520477294921875 0.389068603515625
0.17620849609375 0.1240234375 0.62945556640625 0.24298095703125
0.194976806640625 0.076385498046875 0.71856689453125 0.17303466796875
0.162460327148438 0.133163452148438 0.603759765625 0.281494140625
0.118392944335938 0.181427001953125 0.358734130859375 0.27960205078125
0.0590057373046875 0.237518310546875 0.21160888671875 0.213623046875
-0.0894622802734375 0.24761962890625 0.12261962890625 0.0992813110351563
-0.13916015625 0.219589233398437 0.205551147460938 -0.145217895507813
-0.208419799804687 0.18878173828125 0.5841064453125 -0.241455078125
-0.48614501953125 0.343994140625 0.447662353515625 -0.34503173828125
-0.355316162109375 0.282318115234375 0.57086181640625 -0.231201171875
-0.31201171875 0.345733642578125 0.38299560546875 -0.309844970703125
-0.184112548828125 0.349822998046875 0.038970947265625 -0.32122802734375
-0.05743408203125 0.440673828125 -0.187530517578125 0.058319091796875
0.17254638671875 0.390289306640625 0.06011962890625 0.359649658203125
0.36309814453125 0.292266845703125 0.4202880859375 0.32208251953125
0.38104248046875 0.296112060546875 0.498687744140625 0.190338134765625
0.439788818359375 0.21466064453125 0.596923828125 0.1162109375
0.348114013671875 0.305267333984375 0.51934814453125 0.19561767578125
0.2357177734375 0.4097900390625 0.3194580078125 0.2213134765625
0.09405517578125 0.46630859375 0.225189208984375 0.191299438476563
-0.199005126953125 0.457183837890625 0.135154724121094 0.133567810058594
-0.26446533203125 0.39276123046875 0.177734375 -0.0669097900390625
-0.40655517578125 0.373016357421875 0.47491455078125 -0.17181396484375
-0.63140869140625 0.49017333984375 0.278732299804687 -0.221908569335937
-0.466949462890625 0.4022216796875 0.498779296875 -0.1746826171875
-0.431365966796875 0.4862060546875 0.340545654296875 -0.318695068359375
-0.261199951171875 0.51385498046875 0.01995849609375 -0.339202880859375
-0.0856323242187499 0.654296875 -0.194839477539063 -0.018218994140625
0.2584228515625 0.58758544921875 0.00204467773437501 0.209747314453125
0.511322021484375 0.422760009765625 0.25042724609375 0.203475952148438
0.530548095703125 0.42633056640625 0.290740966796875 0.112823486328125
0.61651611328125 0.33148193359375 0.392608642578125 0.049896240234375
0.470245361328125 0.44476318359375 0.367462158203125 0.097686767578125
0.302734375 0.59002685546875 0.248153686523438 0.155746459960938
0.1009521484375 0.62823486328125 0.222732543945313 0.181182861328125
-0.2838134765625 0.59515380859375 0.125595092773438 0.20440673828125
-0.3482666015625 0.505828857421875 0.104583740234375 0.0664596557617188
-0.543365478515625 0.508514404296875 0.30255126953125 -0.05133056640625
-0.66986083984375 0.55145263671875 0.0617752075195312 -0.0720443725585937
-0.499237060546875 0.450469970703125 0.365692138671875 -0.105072021484375
-0.48358154296875 0.56610107421875 0.24786376953125 -0.308807373046875
-0.27850341796875 0.63092041015625 -0.02099609375 -0.3470458984375
-0.0604248046874999 0.78656005859375 -0.211654663085938 -0.121246337890625
0.34368896484375 0.688720703125 -0.0998764038085937 0.019195556640625
0.59906005859375 0.47796630859375 0.0210723876953125 0.0598983764648438
0.600341796875 0.49365234375 0.0359382629394532 0.0190086364746094
0.6871337890625 0.4114990234375 0.138206481933594 -0.0294113159179687
0.492523193359375 0.535308837890625 0.177764892578125 -0.0145416259765625
0.27703857421875 0.6881103515625 0.162521362304688 0.0809326171875
0.05096435546875 0.68487548828125 0.2000732421875 0.1861572265625
-0.34246826171875 0.6142578125 0.07965087890625 0.298492431640625
-0.382110595703125 0.534515380859375 -0.0150299072265625 0.223129272460938
-0.6016845703125 0.5692138671875 0.0847244262695312 0.0970535278320313
-0.594970703125 0.51666259765625 -0.161483764648438 0.0808410644531251
-0.448638916015625 0.417816162109375 0.189849853515625 -0.015472412109375
-0.4482421875 0.549346923828125 0.132888793945312 -0.257705688476562
-0.22796630859375 0.639892578125 -0.068634033203125 -0.3338623046875
0.000488281250000024 0.77947998046875 -0.239852905273437 -0.229400634765625
0.38836669921875 0.6611328125 -0.243392944335938 -0.16619873046875
0.5980224609375 0.44866943359375 -0.240234375 -0.0723724365234375
0.576904296875 0.4840087890625 -0.224411010742188 -0.075103759765625
0.64031982421875 0.4384765625 -0.11932373046875 -0.123085021972656
0.406005859375 0.5537109375 -0.000411987304687466 -0.142013549804687
0.16253662109375 0.66595458984375 0.0940933227539063 -0.00148773193359371
-0.0475463867187499 0.60693359375 0.159698486328125 0.2015380859375
-0.358306884765625 0.50518798828125 -0.014312744140625 0.38580322265625
-0.361907958984375 0.468841552734375 -0.173004150390625 0.352752685546875
-0.5784912109375 0.5421142578125 -0.145736694335938 0.243637084960938
-0.431304931640625 0.399658203125 -0.35528564453125 0.2125244140625
-0.3267822265625 0.32330322265625 0.0167465209960937 0.0824737548828125
-0.32952880859375 0.42889404296875 0.0333404541015625 -0.183181762695313
-0.13848876953125 0.51824951171875 -0.10955810546875 -0.30426025390625
0.05084228515625 0.622314453125 -0.276214599609375 -0.313873291015625
0.359954833984375 0.514556884765625 -0.398956298828125 -0.29791259765625
0.4970703125 0.347412109375 -0.48614501953125 -0.16143798828125
0.462921142578125 0.398406982421875 -0.450653076171875 -0.154876708984375
0.49078369140625 0.3963623046875 -0.332305908203125 -0.224639892578125
0.254425048828125 0.477325439453125 -0.12249755859375 -0.271377563476562
0.02587890625 0.523040771484375 0.0690536499023438 -0.0770721435546875
-0.124420166015625 0.417144775390625 0.109359741210938 0.219406127929688
-0.297393798828125 0.318267822265625 -0.142791748046875 0.4307861328125
-0.27789306640625 0.344390869140625 -0.339691162109375 0.412353515625
-0.4666748046875 0.440673828125 -0.353759765625 0.358795166015625
-0.214004516601563 0.225433349609375 -0.486968994140625 0.300506591796875
-0.1607666015625 0.181655883789063 -0.114898681640625 0.16650390625
-0.171829223632813 0.226486206054688 -0.0312728881835938 -0.116500854492187
-0.057861328125 0.298004150390625 -0.140884399414062 -0.271652221679688
0.05126953125 0.363525390625 -0.305511474609375 -0.356842041015625
0.242706298828125 0.303192138671875 -0.52606201171875 -0.35540771484375
0.30487060546875 0.20892333984375 -0.66937255859375 -0.1978759765625
0.278900146484375 0.254119873046875 -0.60302734375 -0.2093505859375
0.281951904296875 0.28411865234375 -0.46734619140625 -0.31719970703125
0.101287841796875 0.312347412109375 -0.1712646484375 -0.3751220703125
-0.062469482421875 0.2999267578125 0.0840911865234375 -0.124542236328125
-0.134231567382813 0.190567016601563 0.0557403564453125 0.23370361328125
-0.171585083007813 0.127716064453125 -0.27520751953125 0.4154052734375
-0.15374755859375 0.192901611328125 -0.47735595703125 0.400054931640625
-0.287506103515625 0.276763916015625 -0.514190673828125 0.42779541015625
-0.0100479125976563 -0.0665855407714844 0.52032470703125 -0.456146240234375
-0.0157032012939453 -0.0351085662841797 0.53302001953125 -0.345977783203125
-0.00267601013183594 0.0128459930419922 0.300933837890625 -0.358795166015625
0.0237312316894531 0.0145912170410156 -0.0286865234375 -0.289215087890625
0.0645484924316406 -0.0362739562988281 -0.158340454101562 0.131103515625
-0.00226593017578125 -0.097259521484375 0.125732421875 0.453033447265625
-0.0374221801757813 -0.0655975341796875 0.54705810546875 0.36700439453125
-0.051910400390625 -0.0596771240234375 0.66033935546875 0.2347412109375
-0.075347900390625 -0.0737228393554688 0.7254638671875 0.182861328125
-0.0353965759277344 -0.0655136108398438 0.60894775390625 0.31475830078125
0.00365447998046876 -0.0754165649414063 0.36865234375 0.306793212890625
0.0380020141601563 -0.0184555053710938 0.197891235351563 0.230972290039062
0.05120849609375 0.0111846923828125 0.104484558105469 0.0972442626953125
0.0199623107910156 0.0232276916503906 0.182968139648438 -0.159027099609375
0.0279636383056641 -0.0156993865966797 0.5885009765625 -0.2685546875
-0.25152587890625 0.15399169921875 0.517303466796875 -0.433135986328125
-0.185501098632812 0.12896728515625 0.5615234375 -0.293182373046875
-0.150405883789063 0.185836791992188 0.35626220703125 -0.318206787109375
-0.0720977783203125 0.18280029296875 0.01141357421875 -0.299285888671875
0.0124664306640625 0.199966430664063 -0.175918579101563 0.110153198242188
0.0933685302734375 0.1412353515625 0.10357666015625 0.4368896484375
0.173385620117187 0.10955810546875 0.520233154296875 0.36297607421875
0.177154541015625 0.117462158203125 0.61993408203125 0.21759033203125
0.190994262695313 0.0701141357421875 0.7061767578125 0.14361572265625
0.162643432617188 0.126296997070313 0.60162353515625 0.2540283203125
0.121047973632812 0.176406860351563 0.360687255859375 0.262359619140625
0.0641326904296875 0.233200073242188 0.218414306640625 0.199966430664063
-0.08233642578125 0.246063232421875 0.130577087402344 0.0929641723632813
-0.132232666015625 0.216934204101563 0.201339721679687 -0.147552490234375
-0.199264526367187 0.193283081054688 0.56414794921875 -0.25408935546875
-0.4666748046875 0.356597900390625 0.429443359375 -0.3531494140625
-0.34539794921875 0.289581298828125 0.5462646484375 -0.2408447265625
-0.29547119140625 0.353546142578125 0.3675537109375 -0.309722900390625
-0.16998291015625 0.350006103515625 0.023651123046875 -0.31280517578125
-0.04180908203125 0.4310302734375 -0.183456420898438 0.065948486328125
0.17657470703125 0.376556396484375 0.068084716796875 0.3538818359375
0.3612060546875 0.27642822265625 0.420074462890625 0.302398681640625
0.383056640625 0.2783203125 0.490447998046875 0.170867919921875
0.436004638671875 0.19757080078125 0.58428955078125 0.09173583984375
0.348358154296875 0.289886474609375 0.51324462890625 0.173553466796875
0.24200439453125 0.39727783203125 0.320404052734375 0.206329345703125
0.105560302734375 0.454620361328125 0.23101806640625 0.176010131835938
-0.1822509765625 0.456939697265625 0.1434326171875 0.127059936523438
-0.2506103515625 0.389739990234375 0.17510986328125 -0.0701904296875
-0.389068603515625 0.382293701171875 0.45855712890625 -0.18316650390625
-0.60699462890625 0.50482177734375 0.267852783203125 -0.22772216796875
-0.453216552734375 0.410491943359375 0.477874755859375 -0.185150146484375
-0.408233642578125 0.496002197265625 0.32623291015625 -0.319549560546875
-0.24090576171875 0.513885498046875 0.00637817382812502 -0.330596923828125
-0.0623779296875 0.640869140625 -0.19189453125 -0.00808715820312493
0.26751708984375 0.566650390625 0.00628662109375003 0.2081298828125
0.510650634765625 0.399810791015625 0.251419067382813 0.191329956054688
0.53204345703125 0.40289306640625 0.28631591796875 0.101806640625
0.6102294921875 0.304931640625 0.381378173828125 0.03485107421875
0.4720458984375 0.4234619140625 0.360504150390625 0.0816650390625
0.313232421875 0.569091796875 0.248886108398438 0.14300537109375
0.11895751953125 0.6129150390625 0.228408813476563 0.165985107421875
-0.260986328125 0.59710693359375 0.1358642578125 0.196578979492188
-0.33026123046875 0.50433349609375 0.106674194335938 0.0626296997070313
-0.52178955078125 0.520263671875 0.291015625 -0.0574951171875
-0.64239501953125 0.5654296875 0.0581741333007812 -0.0743026733398437
-0.48394775390625 0.460601806640625 0.34991455078125 -0.115081787109375
-0.457275390625 0.57611083984375 0.23529052734375 -0.307830810546875
-0.25396728515625 0.6265869140625 -0.033660888671875 -0.336029052734375
-0.0314941406250001 0.77001953125 -0.209884643554688 -0.10748291015625
0.352294921875 0.6636962890625 -0.100181579589844 0.0244445800781251
0.59765625 0.4501953125 0.0228996276855469 0.0581207275390625
0.60198974609375 0.46380615234375 0.0361824035644532 0.0185890197753907
0.68212890625 0.379638671875 0.130500793457031 -0.0325469970703125
0.495635986328125 0.509185791015625 0.169937133789063 -0.022216796875
0.2913818359375 0.6636962890625 0.162551879882813 0.07183837890625
0.06890869140625 0.6695556640625 0.206375122070313 0.171096801757813
-0.31842041015625 0.61871337890625 0.0928955078125 0.290435791015625
-0.362274169921875 0.53253173828125 -0.0058135986328125 0.219940185546875
-0.5758056640625 0.57989501953125 0.0826644897460937 0.0950088500976563
-0.57171630859375 0.529052734375 -0.155487060546875 0.082000732421875
-0.434722900390625 0.426483154296875 0.179397583007813 -0.0238037109375
-0.420806884765625 0.556884765625 0.122833251953125 -0.256179809570312
-0.203125 0.63226318359375 -0.078857421875 -0.321624755859375
0.0278930664062499 0.76165771484375 -0.239883422851563 -0.213119506835937
0.396484375 0.63250732421875 -0.246185302734375 -0.152725219726562
0.593505859375 0.42291259765625 -0.236053466796875 -0.062286376953125
0.58074951171875 0.4542236328125 -0.22027587890625 -0.064666748046875
0.6380615234375 0.40594482421875 -0.122810363769531 -0.115028381347656
0.41131591796875 0.528350830078125 -0.00804138183593746 -0.141464233398437
0.1793212890625 0.6451416015625 0.0937881469726563 -0.00737762451171871
-0.02685546875 0.594970703125 0.167251586914063 0.187789916992188
-0.335296630859375 0.5120849609375 0.00317382812499994 0.377655029296875
-0.34295654296875 0.469757080078125 -0.156463623046875 0.350555419921875
-0.553955078125 0.55352783203125 -0.1375732421875 0.246627807617188
-0.4149169921875 0.41033935546875 -0.3414306640625 0.21673583984375
-0.315155029296875 0.3292236328125 0.0118560791015625 0.0773696899414063
-0.30950927734375 0.434326171875 0.026153564453125 -0.180282592773437
-0.118560791015625 0.510009765625 -0.117095947265625 -0.2913818359375
0.0726318359375 0.606201171875 -0.276824951171875 -0.29498291015625
0.364013671875 0.49188232421875 -0.4022216796875 -0.27752685546875
0.491455078125 0.32470703125 -0.4791259765625 -0.1416015625
0.466156005859375 0.374969482421875 -0.44287109375 -0.135467529296875
0.49176025390625 0.370452880859375 -0.333160400390625 -0.206939697265625
0.26153564453125 0.45843505859375 -0.130844116210938 -0.263320922851562
0.039794921875 0.50787353515625 0.0667800903320313 -0.08074951171875
-0.10968017578125 0.412841796875 0.117919921875 0.208221435546875
-0.2803955078125 0.326934814453125 -0.122802734375 0.4244384765625
-0.265777587890625 0.345367431640625 -0.31591796875 0.4139404296875
-0.4481201171875 0.4481201171875 -0.33673095703125 0.366485595703125
-0.206039428710938 0.23077392578125 -0.468170166015625 0.3062744140625
-0.154296875 0.184890747070313 -0.114593505859375 0.1632080078125
-0.161346435546875 0.228515625 -0.0381546020507813 -0.11279296875
-0.045806884765625 0.28997802734375 -0.145339965820313 -0.257125854492187
0.0643310546875 0.35272216796875 -0.308074951171875 -0.336669921875
0.244659423828125 0.289031982421875 -0.52642822265625 -0.33056640625
0.300384521484375 0.194976806640625 -0.65838623046875 -0.1719970703125
0.280288696289063 0.239120483398438 -0.59368896484375 -0.18408203125
0.284942626953125 0.266571044921875 -0.466339111328125 -0.291961669921875
0.10723876953125 0.3011474609375 -0.182098388671875 -0.36285400390625
-0.05230712890625 0.292724609375 0.080291748046875 -0.127525329589844
-0.1241455078125 0.189834594726563 0.0648651123046875 0.22430419921875
-0.163360595703125 0.133880615234375 -0.25274658203125 0.41302490234375
-0.1468505859375 0.193023681640625 -0.44976806640625 0.40447998046875
-0.276565551757812 0.280410766601563 -0.491119384765625 0.438232421875
-0.0102882385253906 -0.06524658203125 0.513763427734375 -0.46875
-0.0168209075927734 -0.0332393646240234 0.5250244140625 -0.354400634765625
-0.00273990631103516 0.0149326324462891 0.293243408203125 -0.358917236328125
0.0235195159912109 0.0171566009521484 -0.0384521484375 -0.286529541015625
0.0609550476074219 -0.03790283203125 -0.1588134765625 0.136581420898437
-0.00543975830078126 -0.0959320068359375 0.1361083984375 0.455169677734375
-0.0369949340820313 -0.0619926452636719 0.55224609375 0.3548583984375
-0.0529327392578125 -0.0568771362304687 0.66046142578125 0.22003173828125
-0.0777511596679688 -0.070556640625 0.7264404296875 0.1658935546875
-0.03570556640625 -0.0644989013671875 0.61474609375 0.29852294921875
0.00255584716796875 -0.0735855102539063 0.374267578125 0.299560546875
0.03826904296875 -0.0178108215332031 0.206573486328125 0.223968505859375
0.0494880676269531 0.008209228515625 0.1134033203125 0.0936279296875
0.0195503234863281 0.0203323364257813 0.183883666992188 -0.161270141601563
0.0284614562988281 -0.0159358978271484 0.582763671875 -0.27899169921875
-0.2486572265625 0.161361694335938 0.510101318359375 -0.44342041015625
-0.185592651367187 0.135238647460938 0.55157470703125 -0.301483154296875
-0.14605712890625 0.191635131835937 0.350067138671875 -0.320068359375
-0.067840576171875 0.18634033203125 0.00274658203125001 -0.296875
0.0160675048828125 0.198089599609375 -0.176132202148438 0.115142822265625
0.0928421020507812 0.139427185058594 0.11260986328125 0.437835693359375
0.175308227539063 0.108474731445313 0.525177001953125 0.351837158203125
0.179733276367187 0.11474609375 0.62139892578125 0.2061767578125
0.190658569335938 0.06781005859375 0.70233154296875 0.127685546875
0.164810180664063 0.124298095703125 0.60455322265625 0.2408447265625
0.1240234375 0.17535400390625 0.365509033203125 0.256927490234375
0.0683746337890625 0.2332763671875 0.226089477539062 0.192123413085938
-0.079376220703125 0.247543334960938 0.139488220214844 0.0888671875
-0.130401611328125 0.216964721679688 0.202239990234375 -0.15081787109375
-0.196197509765625 0.199325561523438 0.55615234375 -0.2637939453125
-0.462738037109375 0.36712646484375 0.424560546875 -0.363983154296875
-0.34625244140625 0.299102783203125 0.53814697265625 -0.250701904296875
-0.28759765625 0.362548828125 0.361480712890625 -0.31396484375
-0.163330078125 0.35400390625 0.015777587890625 -0.3099365234375
-0.032684326171875 0.42962646484375 -0.182891845703125 0.0714874267578125
0.1790771484375 0.37152099609375 0.074981689453125 0.354827880859375
0.36383056640625 0.271697998046875 0.4237060546875 0.2918701171875
0.38824462890625 0.27239990234375 0.491058349609375 0.160736083984375
0.43524169921875 0.190643310546875 0.58056640625 0.07891845703125
0.3525390625 0.285430908203125 0.514739990234375 0.161102294921875
0.247711181640625 0.3939208984375 0.32525634765625 0.19976806640625
0.113525390625 0.454010009765625 0.238494873046875 0.166961669921875
-0.175689697265625 0.462799072265625 0.152801513671875 0.122879028320313
-0.246978759765625 0.39178466796875 0.176422119140625 -0.07244873046875
-0.384429931640625 0.392730712890625 0.452239990234375 -0.18902587890625
-0.6005859375 0.51727294921875 0.262435913085937 -0.234817504882813
-0.452178955078125 0.423431396484375 0.469512939453125 -0.194061279296875
-0.396820068359375 0.508148193359375 0.322967529296875 -0.32452392578125
-0.22998046875 0.516571044921875 -0.00198364257812504 -0.327392578125
-0.04705810546875 0.63848876953125 -0.1917724609375 -0.000869750976562462
0.272216796875 0.5596923828125 0.00878906250000002 0.209915161132813
0.514312744140625 0.3912353515625 0.254562377929688 0.185302734375
0.5406494140625 0.391876220703125 0.286163330078125 0.096954345703125
0.6124267578125 0.29168701171875 0.37811279296875 0.02703857421875
0.47760009765625 0.413330078125 0.359375 0.07220458984375
0.32305908203125 0.56378173828125 0.252212524414063 0.13824462890625
0.1290283203125 0.61138916015625 0.235336303710937 0.1556396484375
-0.2518310546875 0.60430908203125 0.145843505859375 0.19293212890625
-0.324371337890625 0.50897216796875 0.110435485839844 0.0608367919921875
-0.51409912109375 0.53424072265625 0.286865234375 -0.060516357421875
-0.63580322265625 0.58245849609375 0.0570907592773437 -0.0773162841796875
-0.48199462890625 0.47393798828125 0.341339111328125 -0.121551513671875
-0.44354248046875 0.58905029296875 0.231597900390625 -0.312530517578125
-0.2418212890625 0.629638671875 -0.0416259765625 -0.33270263671875
-0.0135498046875 0.76690673828125 -0.210586547851563 -0.100494384765625
0.360595703125 0.65447998046875 -0.101463317871094 0.0288848876953125
0.60052490234375 0.44171142578125 0.0244178771972657 0.0573043823242188
0.6116943359375 0.45184326171875 0.0368499755859375 0.0190391540527344
0.6859130859375 0.36419677734375 0.127220153808594 -0.03497314453125
0.5023193359375 0.500213623046875 0.166015625 -0.027679443359375
0.30126953125 0.658447265625 0.164993286132813 0.06671142578125
0.0816650390625 0.66656494140625 0.213836669921875 0.16156005859375
-0.30596923828125 0.6295166015625 0.1041259765625 0.287445068359375
-0.357940673828125 0.5377197265625 -0.000396728515625004 0.2197265625
-0.5704345703125 0.5965576171875 0.0816879272460937 0.09619140625
-0.564697265625 0.54473876953125 -0.154205322265625 0.0837860107421875
-0.433135986328125 0.43975830078125 0.172531127929688 -0.027496337890625
-0.40887451171875 0.5706787109375 0.118942260742187 -0.258941650390625
-0.19024658203125 0.63330078125 -0.08477783203125 -0.317596435546875
0.0440673828125 0.75689697265625 -0.24151611328125 -0.204849243164062
0.40460205078125 0.62481689453125 -0.25054931640625 -0.146408081054687
0.59625244140625 0.41058349609375 -0.235137939453125 -0.056610107421875
0.5882568359375 0.44427490234375 -0.219467163085937 -0.0583953857421874
0.6422119140625 0.39080810546875 -0.125984191894531 -0.110755920410156
0.417633056640625 0.51959228515625 -0.0142059326171875 -0.142929077148437
0.19036865234375 0.641357421875 0.094818115234375 -0.0118255615234375
-0.0146484374999999 0.593994140625 0.174835205078125 0.179351806640625
-0.323516845703125 0.523284912109375 0.015655517578125 0.3768310546875
-0.33807373046875 0.474945068359375 -0.147369384765625 0.353240966796875
-0.5467529296875 0.56964111328125 -0.133941650390625 0.251388549804688
-0.409210205078125 0.422821044921875 -0.336761474609375 0.22216796875
-0.314971923828125 0.33905029296875 0.00642395019531248 0.0761184692382813
-0.301055908203125 0.4434814453125 0.021453857421875 -0.180633544921875
-0.107452392578125 0.507659912109375 -0.12176513671875 -0.286834716796875
0.08636474609375 0.60321044921875 -0.279296875 -0.28656005859375
0.369903564453125 0.486541748046875 -0.4078369140625 -0.268463134765625
0.49334716796875 0.315673828125 -0.4788818359375 -0.129608154296875
0.472625732421875 0.364532470703125 -0.441680908203125 -0.12646484375
0.497100830078125 0.357177734375 -0.334991455078125 -0.19708251953125
0.26708984375 0.451629638671875 -0.138931274414062 -0.261581420898438
0.049163818359375 0.5045166015625 0.0669708251953125 -0.0850143432617187
-0.101318359375 0.411102294921875 0.12548828125 0.201629638671875
-0.272735595703125 0.3365478515625 -0.1082763671875 0.426055908203125
-0.262359619140625 0.349945068359375 -0.30487060546875 0.419158935546875
-0.444366455078125 0.46136474609375 -0.330291748046875 0.376312255859375
-0.202377319335938 0.237503051757813 -0.462249755859375 0.314239501953125
-0.153472900390625 0.190582275390625 -0.119049072265625 0.164840698242188
-0.158248901367188 0.2335205078125 -0.0438461303710938 -0.111495971679688
-0.03936767578125 0.287139892578125 -0.148956298828125 -0.25177001953125
0.07232666015625 0.350006103515625 -0.30889892578125 -0.329559326171875
0.24749755859375 0.285400390625 -0.533447265625 -0.319244384765625
0.300750732421875 0.189605712890625 -0.658935546875 -0.15704345703125
0.28485107421875 0.232513427734375 -0.592041015625 -0.171142578125
0.289703369140625 0.2578125 -0.46917724609375 -0.2783203125
0.11077880859375 0.2969970703125 -0.190338134765625 -0.3590087890625
-0.0472412109375 0.2916259765625 0.0789642333984375 -0.1314697265625
-0.119888305664062 0.190292358398438 0.0725250244140625 0.21978759765625
-0.158843994140625 0.140335083007813 -0.23834228515625 0.414825439453125
-0.145248413085937 0.19525146484375 -0.43670654296875 0.412109375
-0.2757568359375 0.288055419921875 -0.481597900390625 0.4490966796875
-0.0109138488769531 -0.0657234191894531 0.514190673828125 -0.49615478515625
-0.0175952911376953 -0.0322856903076172 0.524688720703125 -0.375457763671875
-0.000797271728515626 0.017247200012207 0.2884521484375 -0.373321533203125
0.0261802673339844 0.0198631286621094 -0.05010986328125 -0.28790283203125
0.0586585998535156 -0.0409011840820313 -0.160476684570313 0.146453857421875
-0.009979248046875 -0.0971908569335938 0.154510498046875 0.463409423828125
-0.0372581481933594 -0.0604019165039063 0.572265625 0.34429931640625
-0.0553398132324219 -0.0550155639648437 0.67755126953125 0.2042236328125
-0.0823135375976563 -0.0682525634765625 0.7423095703125 0.14404296875
-0.0377388000488281 -0.0656318664550781 0.63885498046875 0.2845458984375
0.001190185546875 -0.0741043090820313 0.39111328125 0.297332763671875
0.0397262573242188 -0.0180282592773438 0.219879150390625 0.219589233398438
0.0486946105957031 0.00436019897460938 0.1241455078125 0.089569091796875
0.01922607421875 0.0186672210693359 0.187164306640625 -0.169784545898438
0.0297946929931641 -0.0172958374023438 0.5855712890625 -0.3006591796875
-0.250228881835938 0.173431396484375 0.509613037109375 -0.46917724609375
-0.187652587890625 0.145782470703125 0.552032470703125 -0.322509765625
-0.141799926757813 0.202926635742187 0.349945068359375 -0.33489990234375
-0.06256103515625 0.192901611328125 -0.00750732421875002 -0.300628662109375
0.02093505859375 0.199951171875 -0.178115844726563 0.124771118164062
0.0954360961914063 0.140090942382813 0.12896728515625 0.446136474609375
0.182907104492188 0.107879638671875 0.544158935546875 0.342803955078125
0.187759399414063 0.113540649414063 0.63720703125 0.19073486328125
0.195785522460938 0.065277099609375 0.71673583984375 0.1068115234375
0.171859741210938 0.122879028320313 0.6243896484375 0.225830078125
0.1317138671875 0.177627563476563 0.381195068359375 0.252105712890625
0.076416015625 0.23834228515625 0.240554809570312 0.185760498046875
-0.076873779296875 0.255874633789063 0.151885986328125 0.084503173828125
-0.130340576171875 0.22283935546875 0.2056884765625 -0.159561157226563
-0.195724487304687 0.211288452148438 0.56005859375 -0.28619384765625
-0.46392822265625 0.39178466796875 0.422760009765625 -0.38409423828125
-0.347564697265625 0.319580078125 0.538909912109375 -0.26885986328125
-0.28271484375 0.38214111328125 0.361907958984375 -0.329132080078125
-0.154998779296875 0.3660888671875 0.00558471679687496 -0.315521240234375
-0.0218505859375 0.437103271484375 -0.185897827148438 0.080535888671875
0.189605712890625 0.37506103515625 0.086761474609375 0.361328125
0.378570556640625 0.270111083984375 0.43988037109375 0.284332275390625
0.405426025390625 0.26800537109375 0.50384521484375 0.151031494140625
0.449859619140625 0.182861328125 0.5919189453125 0.06103515625
0.36669921875 0.281280517578125 0.529632568359375 0.14727783203125
0.264984130859375 0.397369384765625 0.33837890625 0.1962890625
0.129058837890625 0.46282958984375 0.252334594726563 0.1580810546875
-0.16815185546875 0.480712890625 0.166946411132813 0.11883544921875
-0.245147705078125 0.406707763671875 0.180862426757812 -0.0797882080078125
-0.383056640625 0.417510986328125 0.454254150390625 -0.20489501953125
-0.60211181640625 0.55096435546875 0.26141357421875 -0.249374389648438
-0.454254150390625 0.449310302734375 0.46929931640625 -0.20977783203125
-0.390228271484375 0.53363037109375 0.321868896484375 -0.33917236328125
-0.2200927734375 0.532440185546875 -0.0120849609375 -0.33245849609375
-0.03070068359375 0.6505126953125 -0.1953125 0.0062408447265625
0.28887939453125 0.5638427734375 0.0139923095703125 0.216140747070313
0.5340576171875 0.386077880859375 0.26409912109375 0.180191040039063
0.56488037109375 0.3851318359375 0.29443359375 0.0914306640625
0.63372802734375 0.2803955078125 0.38409423828125 0.01580810546875
0.49700927734375 0.409393310546875 0.36578369140625 0.061370849609375
0.343994140625 0.56829833984375 0.262557983398438 0.13336181640625
0.14862060546875 0.62225341796875 0.2490234375 0.146148681640625
-0.2393798828125 0.6318359375 0.162246704101562 0.191329956054688
-0.323760986328125 0.528717041015625 0.116249084472656 0.0589218139648438
-0.51226806640625 0.56646728515625 0.28973388671875 -0.067779541015625
-0.63592529296875 0.6171875 0.0548095703125 -0.0813293457031249
-0.48394775390625 0.503448486328125 0.34112548828125 -0.13311767578125
-0.4375 0.6190185546875 0.228759765625 -0.32672119140625
-0.228271484375 0.64788818359375 -0.052154541015625 -0.3375244140625
0.00964355468750005 0.78143310546875 -0.216476440429688 -0.0941009521484375
0.3812255859375 0.65911865234375 -0.10479736328125 0.0336380004882813
0.6207275390625 0.43475341796875 0.0267906188964844 0.0565872192382813
0.6387939453125 0.4429931640625 0.0386085510253907 0.0193901062011719
0.712158203125 0.35064697265625 0.127372741699219 -0.0389175415039062
0.524383544921875 0.498199462890625 0.165573120117188 -0.0347442626953125
0.3270263671875 0.6632080078125 0.172012329101563 0.062286376953125
0.10174560546875 0.67840576171875 0.227371215820313 0.15277099609375
-0.29339599609375 0.6563720703125 0.12188720703125 0.289703369140625
-0.35626220703125 0.559234619140625 0.00752258300781246 0.224594116210938
-0.567138671875 0.6336669921875 0.084686279296875 0.0992813110351563
-0.564453125 0.57513427734375 -0.156097412109375 0.0886230468750001
-0.43560791015625 0.467376708984375 0.170440673828125 -0.03265380859375
-0.4029541015625 0.5992431640625 0.113632202148437 -0.269149780273437
-0.17742919921875 0.64837646484375 -0.095916748046875 -0.3209228515625
0.0697021484375001 0.76971435546875 -0.250411987304688 -0.201614379882812
0.42547607421875 0.6290283203125 -0.261077880859375 -0.140884399414062
0.61590576171875 0.40362548828125 -0.240631103515625 -0.0517578125
0.61456298828125 0.4329833984375 -0.223663330078125 -0.0525970458984375
0.664794921875 0.37774658203125 -0.131202697753906 -0.108009338378906
0.43829345703125 0.519195556640625 -0.022552490234375 -0.146881103515625
0.21270751953125 0.64666748046875 0.0978469848632813 -0.0167388916015625
0.00103759765625 0.6072998046875 0.187362670898438 0.1728515625
-0.311492919921875 0.548736572265625 0.033172607421875 0.383270263671875
-0.3370361328125 0.49298095703125 -0.13775634765625 0.36456298828125
-0.54559326171875 0.60400390625 -0.131393432617188 0.264434814453125
-0.409027099609375 0.445770263671875 -0.3399658203125 0.235137939453125
-0.31549072265625 0.360015869140625 0.00285339355468749 0.078643798828125
-0.29638671875 0.4642333984375 0.014892578125 -0.185928344726562
-0.096710205078125 0.518218994140625 -0.132293701171875 -0.28814697265625
0.1064453125 0.6102294921875 -0.289947509765625 -0.284515380859375
0.388519287109375 0.487518310546875 -0.424713134765625 -0.2615966796875
0.50933837890625 0.3116455078125 -0.489593505859375 -0.118194580078125
0.49420166015625 0.357818603515625 -0.45123291015625 -0.11297607421875
0.516357421875 0.34759521484375 -0.345855712890625 -0.189208984375
0.28173828125 0.453521728515625 -0.15240478515625 -0.263748168945312
0.06500244140625 0.513671875 0.0676193237304687 -0.0913009643554687
-0.091278076171875 0.421783447265625 0.137664794921875 0.198699951171875
-0.26544189453125 0.3553466796875 -0.093292236328125 0.43585205078125
-0.261962890625 0.36456298828125 -0.296783447265625 0.435821533203125
-0.44305419921875 0.4896240234375 -0.328277587890625 0.396514892578125
-0.201553344726562 0.250823974609375 -0.46484375 0.3355712890625
-0.153488159179688 0.201065063476563 -0.122802734375 0.172195434570312
-0.155685424804688 0.245773315429687 -0.0515060424804688 -0.1112060546875
-0.032196044921875 0.29071044921875 -0.158843994140625 -0.251205444335938
0.086212158203125 0.353851318359375 -0.322998046875 -0.328582763671875
0.2596435546875 0.285797119140625 -0.5537109375 -0.311492919921875
0.30914306640625 0.1864013671875 -0.67449951171875 -0.139892578125
0.29779052734375 0.229461669921875 -0.60675048828125 -0.1558837890625
0.3021240234375 0.252716064453125 -0.48345947265625 -0.26812744140625
0.118865966796875 0.298919677734375 -0.206939697265625 -0.36083984375
-0.04095458984375 0.29730224609375 0.0785064697265625 -0.139625549316406
-0.117538452148438 0.196319580078125 0.0831298828125 0.220184326171875
-0.155303955078125 0.150161743164063 -0.226470947265625 0.429351806640625
-0.145370483398438 0.203842163085938 -0.429962158203125 0.430938720703125
-0.2755126953125 0.305206298828125 -0.479339599609375 0.47613525390625
-0.0136871337890625 -0.0668792724609375 0.502227783203125 -0.53704833984375
-0.0187835693359375 -0.0314998626708984 0.51800537109375 -0.4129638671875
0.00185203552246094 0.0179729461669922 0.27764892578125 -0.3956298828125
0.0291824340820313 0.0206241607666016 -0.068450927734375 -0.291717529296875
0.0553779602050781 -0.0450248718261719 -0.15838623046875 0.160614013671875
-0.0168533325195312 -0.0989837646484375 0.185882568359375 0.468902587890625
-0.0386161804199219 -0.0589408874511719 0.601806640625 0.32220458984375
-0.05877685546875 -0.0522346496582031 0.701171875 0.1728515625
-0.0882568359375 -0.0642471313476562 0.76507568359375 0.10565185546875
-0.04168701171875 -0.0662384033203125 0.66796875 0.2572021484375
-0.00184631347656249 -0.0758819580078125 0.416778564453125 0.286407470703125
0.041229248046875 -0.0195426940917969 0.23876953125 0.209381103515625
0.0470962524414063 0.000637054443359375 0.136825561523438 0.081512451171875
0.019561767578125 0.0172328948974609 0.186279296875 -0.184188842773438
0.0309371948242188 -0.0192203521728516 0.58416748046875 -0.341552734375
-0.248016357421875 0.192092895507812 0.49957275390625 -0.512176513671875
-0.185653686523437 0.161758422851563 0.546112060546875 -0.35894775390625
-0.13299560546875 0.216812133789063 0.34161376953125 -0.358795166015625
-0.0532379150390625 0.202728271484375 -0.024139404296875 -0.30670166015625
0.0296173095703125 0.203048706054688 -0.17706298828125 0.138275146484375
0.100982666015625 0.1390380859375 0.156005859375 0.45159912109375
0.194091796875 0.103134155273437 0.5721435546875 0.32220458984375
0.199935913085938 0.107681274414063 0.6602783203125 0.16119384765625
0.2037353515625 0.05859375 0.73773193359375 0.06915283203125
0.182464599609375 0.117233276367188 0.65045166015625 0.196044921875
0.145233154296875 0.176589965820313 0.405487060546875 0.240966796875
0.091278076171875 0.242095947265625 0.258697509765625 0.172500610351563
-0.0679473876953125 0.26678466796875 0.166275024414063 0.0752410888671875
-0.125778198242188 0.234634399414063 0.205230712890625 -0.175567626953125
-0.189300537109375 0.22918701171875 0.557586669921875 -0.321746826171875
-0.457183837890625 0.428375244140625 0.412872314453125 -0.417999267578125
-0.342620849609375 0.349273681640625 0.533233642578125 -0.304412841796875
-0.26641845703125 0.409698486328125 0.3558349609375 -0.35540771484375
-0.139739990234375 0.3834228515625 -0.010986328125 -0.322998046875
-3.05175781249856E-05 0.446868896484375 -0.186843872070312 0.0933837890625001
0.209808349609375 0.37548828125 0.107666015625 0.367523193359375
0.401947021484375 0.258636474609375 0.464630126953125 0.266510009765625
0.432342529296875 0.253021240234375 0.522705078125 0.12750244140625
0.4697265625 0.16546630859375 0.60638427734375 0.03082275390625
0.389739990234375 0.272003173828125 0.548828125 0.12042236328125
0.29376220703125 0.395233154296875 0.3587646484375 0.18408203125
0.155181884765625 0.4693603515625 0.270278930664063 0.142532348632813
-0.148895263671875 0.50494384765625 0.184738159179688 0.109649658203125
-0.23663330078125 0.428619384765625 0.18359375 -0.0920257568359375
-0.373321533203125 0.45294189453125 0.4537353515625 -0.23284912109375
-0.59271240234375 0.59954833984375 0.25433349609375 -0.270294189453125
-0.44866943359375 0.4906005859375 0.46600341796875 -0.23883056640625
-0.3704833984375 0.57269287109375 0.314117431640625 -0.36590576171875
-0.1981201171875 0.556884765625 -0.029632568359375 -0.3392333984375
0.00360107421874996 0.665771484375 -0.200225830078125 0.0178527832031251
0.3206787109375 0.5640869140625 0.0249786376953125 0.221481323242188
0.56365966796875 0.37139892578125 0.279037475585938 0.168991088867188
0.600341796875 0.36456298828125 0.306121826171875 0.078125
0.66192626953125 0.25457763671875 0.3941650390625 -0.00540161132812498
0.52960205078125 0.3968505859375 0.375640869140625 0.042205810546875
0.38348388671875 0.56549072265625 0.277313232421875 0.122543334960938
0.1837158203125 0.6324462890625 0.266372680664063 0.129562377929688
-0.21258544921875 0.66363525390625 0.184463500976562 0.183990478515625
-0.310791015625 0.5572509765625 0.123611450195312 0.0540008544921875
-0.4984130859375 0.6131591796875 0.291412353515625 -0.0828857421875
-0.62506103515625 0.66986083984375 0.051605224609375 -0.08782958984375
-0.47601318359375 0.547271728515625 0.33819580078125 -0.153106689453125
-0.4156494140625 0.6614990234375 0.21856689453125 -0.34893798828125
-0.2027587890625 0.6734619140625 -0.0712890625 -0.342498779296875
0.050537109375 0.7978515625 -0.225799560546875 -0.0848388671875
0.42083740234375 0.6578369140625 -0.106224060058594 0.0403594970703125
0.65753173828125 0.416748046875 0.0295562744140625 0.0551490783691407
0.67987060546875 0.4205322265625 0.0423088073730469 0.0186920166015625
0.745849609375 0.32171630859375 0.129020690917969 -0.0470657348632812
0.5601806640625 0.483367919921875 0.164520263671875 -0.0458221435546875
0.36920166015625 0.66192626953125 0.181365966796875 0.0530853271484375
0.13861083984375 0.6917724609375 0.243896484375 0.137252807617188
-0.2645263671875 0.69317626953125 0.1488037109375 0.287841796875
-0.34075927734375 0.59197998046875 0.0209808349609375 0.229949951171875
-0.5504150390625 0.68511962890625 0.0901565551757812 0.0998458862304688
-0.5513916015625 0.624755859375 -0.155868530273438 0.0988311767578125
-0.426177978515625 0.508270263671875 0.16864013671875 -0.0405426025390625
-0.3822021484375 0.63983154296875 0.102569580078125 -0.283050537109375
-0.1507568359375 0.67059326171875 -0.11529541015625 -0.3232421875
0.114013671875 0.7838134765625 -0.265045166015625 -0.193283081054687
0.466064453125 0.62445068359375 -0.276901245117188 -0.1309814453125
0.6497802734375 0.3851318359375 -0.248092651367188 -0.0407257080078125
0.6539306640625 0.41229248046875 -0.229110717773437 -0.04132080078125
0.700927734375 0.35125732421875 -0.13848876953125 -0.103378295898437
0.4737548828125 0.510162353515625 -0.0340576171875 -0.149566650390625
0.24969482421875 0.65081787109375 0.101249694824219 -0.0251541137695312
0.03070068359375 0.62176513671875 0.204681396484375 0.161285400390625
-0.28961181640625 0.5830078125 0.0609130859375 0.38885498046875
-0.32440185546875 0.524383544921875 -0.121002197265625 0.380859375
-0.52923583984375 0.65625 -0.1217041015625 0.28125
-0.399566650390625 0.481842041015625 -0.335693359375 0.25830078125
-0.308319091796875 0.391143798828125 0.00234985351562498 0.0819854736328125
-0.280303955078125 0.496063232421875 0.00363159179687498 -0.191482543945312
-0.0758056640625 0.533355712890625 -0.15032958984375 -0.2877197265625
0.14306640625 0.61798095703125 -0.30914306640625 -0.277801513671875
0.42401123046875 0.4818115234375 -0.44952392578125 -0.247100830078125
0.53619384765625 0.295257568359375 -0.505706787109375 -0.0947875976562499
0.5244140625 0.339630126953125 -0.4635009765625 -0.0913391113281249
0.546539306640625 0.32733154296875 -0.362030029296875 -0.175140380859375
0.3109130859375 0.451080322265625 -0.172470092773437 -0.26214599609375
0.09039306640625 0.520050048828125 0.0662460327148437 -0.099853515625
-0.07275390625 0.4371337890625 0.155258178710937 0.191909790039063
-0.250335693359375 0.38140869140625 -0.067413330078125 0.448944091796875
-0.253082275390625 0.387481689453125 -0.279296875 0.460662841796875
-0.431121826171875 0.5328369140625 -0.314788818359375 0.4276123046875
-0.19512939453125 0.269729614257813 -0.459869384765625 0.36737060546875
-0.148208618164063 0.217620849609375 -0.121780395507813 0.185516357421875
-0.147964477539063 0.262847900390625 -0.0617904663085938 -0.109138488769531
-0.0191650390625 0.295806884765625 -0.175430297851563 -0.24755859375
0.10760498046875 0.356231689453125 -0.34417724609375 -0.321685791015625
0.28131103515625 0.28228759765625 -0.58599853515625 -0.29229736328125
0.325103759765625 0.178070068359375 -0.6962890625 -0.10723876953125
0.3162841796875 0.219482421875 -0.62408447265625 -0.128173828125
0.323089599609375 0.240753173828125 -0.506591796875 -0.24920654296875
0.13531494140625 0.300201416015625 -0.233489990234375 -0.35821533203125
-0.02716064453125 0.305084228515625 0.0751800537109375 -0.149185180664062
-0.110610961914063 0.206802368164063 0.100128173828125 0.218368530273438
-0.149200439453125 0.163604736328125 -0.20538330078125 0.447509765625
-0.1416015625 0.216506958007813 -0.41387939453125 0.462799072265625
-0.26910400390625 0.331298828125 -0.46405029296875 0.51519775390625
-0.0176200866699219 -0.0662193298339844 0.46917724609375 -0.58233642578125
-0.0203456878662109 -0.0309772491455078 0.48968505859375 -0.45318603515625
0.00406360626220703 0.0164299011230469 0.25244140625 -0.416015625
0.0322227478027344 0.0195102691650391 -0.09063720703125 -0.2884521484375
0.050048828125 -0.0481224060058594 -0.150894165039062 0.175338745117188
-0.0268936157226563 -0.0978851318359375 0.22259521484375 0.462493896484375
-0.0401458740234375 -0.0575752258300781 0.6265869140625 0.28173828125
-0.0614242553710937 -0.0478019714355469 0.71270751953125 0.12359619140625
-0.0933074951171875 -0.0567245483398438 0.7740478515625 0.049560546875
-0.0467567443847656 -0.0649986267089844 0.69317626953125 0.20928955078125
-0.00608825683593751 -0.0761337280273437 0.44287109375 0.260040283203125
0.04180908203125 -0.0225677490234375 0.257614135742188 0.190505981445313
0.0444183349609375 -0.0033721923828125 0.147705078125 0.0686798095703125
0.0201168060302734 0.0149688720703125 0.178009033203125 -0.20037841796875
0.0314521789550781 -0.0227394104003906 0.56378173828125 -0.38494873046875
-0.238052368164062 0.214340209960938 0.468231201171875 -0.55523681640625
-0.176284790039063 0.178619384765625 0.521575927734375 -0.399810791015625
-0.11639404296875 0.228530883789062 0.318450927734375 -0.384979248046875
-0.0383148193359375 0.207672119140625 -0.0465087890625 -0.30718994140625
0.0434722900390625 0.201461791992188 -0.17010498046875 0.153396606445313
0.10809326171875 0.134361267089844 0.190643310546875 0.44488525390625
0.204421997070313 0.0908966064453125 0.596923828125 0.28387451171875
0.211196899414063 0.0946044921875 0.6734619140625 0.1156005859375
0.209457397460937 0.0456085205078125 0.74444580078125 0.01544189453125
0.192153930664063 0.105224609375 0.67041015625 0.1494140625
0.160018920898438 0.168991088867188 0.4276123046875 0.215423583984375
0.109786987304688 0.238662719726563 0.274139404296875 0.149810791015625
-0.0509796142578125 0.276214599609375 0.178878784179687 0.0593719482421875
-0.113571166992187 0.244964599609375 0.19775390625 -0.192886352539062
-0.174102783203125 0.245941162109375 0.539398193359375 -0.363250732421875
-0.433349609375 0.469390869140625 0.387725830078125 -0.456329345703125
-0.322540283203125 0.38165283203125 0.51361083984375 -0.34344482421875
-0.237213134765625 0.434844970703125 0.335418701171875 -0.383087158203125
-0.113006591796875 0.394439697265625 -0.033935546875 -0.324951171875
0.030731201171875 0.448272705078125 -0.183181762695312 0.108062744140625
0.233428955078125 0.36566162109375 0.135009765625 0.363037109375
0.42376708984375 0.234283447265625 0.48541259765625 0.233673095703125
0.455902099609375 0.225189208984375 0.533233642578125 0.09100341796875
0.486114501953125 0.1343994140625 0.612548828125 -0.01531982421875
0.411834716796875 0.2462158203125 0.560699462890625 0.08074951171875
0.324737548828125 0.3797607421875 0.376495361328125 0.160400390625
0.190887451171875 0.46453857421875 0.28350830078125 0.1181640625
-0.114593505859375 0.52423095703125 0.201187133789062 0.092254638671875
-0.213531494140625 0.44866943359375 0.18096923828125 -0.106964111328125
-0.34429931640625 0.486114501953125 0.440826416015625 -0.26702880859375
-0.558349609375 0.653076171875 0.237213134765625 -0.293243408203125
-0.41851806640625 0.53289794921875 0.4495849609375 -0.271636962890625
-0.332275390625 0.60736083984375 0.291778564453125 -0.392822265625
-0.16119384765625 0.572998046875 -0.054290771484375 -0.340301513671875
0.0499267578125 0.66876220703125 -0.201644897460938 0.0323944091796875
0.3604736328125 0.550048828125 0.039764404296875 0.222000122070313
0.59552001953125 0.338134765625 0.291351318359375 0.149261474609375
0.63348388671875 0.323974609375 0.3135986328125 0.05682373046875
0.68719482421875 0.2095947265625 0.395904541015625 -0.035980224609375
0.55975341796875 0.36346435546875 0.379364013671875 0.01434326171875
0.426971435546875 0.545074462890625 0.290313720703125 0.102752685546875
0.2301025390625 0.6263427734375 0.278793334960938 0.104095458984375
-0.164306640625 0.6893310546875 0.207321166992188 0.167373657226563
-0.28070068359375 0.58447265625 0.130393981933594 0.0452880859375
-0.45941162109375 0.660400390625 0.286529541015625 -0.10174560546875
-0.58587646484375 0.72760009765625 0.0456008911132812 -0.0930099487304687
-0.44415283203125 0.5931396484375 0.328216552734375 -0.17669677734375
-0.3704833984375 0.70257568359375 0.196441650390625 -0.36907958984375
-0.15728759765625 0.6904296875 -0.09686279296875 -0.340545654296875
0.10784912109375 0.79779052734375 -0.23345947265625 -0.0697174072265625
0.46746826171875 0.63800048828125 -0.105728149414062 0.0486831665039063
0.6910400390625 0.37811279296875 0.0332069396972657 0.0526962280273438
0.71722412109375 0.3740234375 0.0448074340820313 0.0150604248046875
0.77435302734375 0.26971435546875 0.127265930175781 -0.0580596923828125
0.59808349609375 0.45196533203125 0.158798217773438 -0.0584259033203125
0.4183349609375 0.64312744140625 0.187881469726563 0.0384521484375
0.1878662109375 0.68902587890625 0.257583618164063 0.113082885742188
-0.21502685546875 0.72320556640625 0.177139282226562 0.274978637695313
-0.30810546875 0.62188720703125 0.0388946533203125 0.230880737304688
-0.50665283203125 0.73773193359375 0.0973892211914062 0.0972137451171875
-0.51715087890625 0.6741943359375 -0.15069580078125 0.111007690429688
-0.39910888671875 0.548553466796875 0.1649169921875 -0.0516510009765625
-0.34033203125 0.67938232421875 0.082244873046875 -0.2933349609375
-0.1075439453125 0.68389892578125 -0.139190673828125 -0.317291259765625
0.17132568359375 0.77923583984375 -0.280227661132813 -0.177169799804687
0.5133056640625 0.60076904296875 -0.290069580078125 -0.11285400390625
0.6817626953125 0.347900390625 -0.25311279296875 -0.0235443115234375
0.68963623046875 0.367919921875 -0.2305908203125 -0.0252532958984375
0.731689453125 0.3009033203125 -0.145599365234375 -0.0948944091796875
0.511138916015625 0.48394775390625 -0.048553466796875 -0.148422241210938
0.2974853515625 0.6390380859375 0.101799011230469 -0.035430908203125
0.0758056640625 0.62408447265625 0.220809936523438 0.140838623046875
-0.24664306640625 0.61187744140625 0.096160888671875 0.383514404296875
-0.295013427734375 0.55255126953125 -0.093536376953125 0.392852783203125
-0.4873046875 0.705810546875 -0.101531982421875 0.294464111328125
-0.3724365234375 0.518829345703125 -0.32025146484375 0.286041259765625
-0.28533935546875 0.421844482421875 0.00501251220703123 0.0842666625976563
-0.24786376953125 0.5264892578125 -0.0117034912109375 -0.192108154296875
-0.0416259765625 0.539337158203125 -0.172027587890625 -0.277877807617188
0.18804931640625 0.61175537109375 -0.330810546875 -0.26043701171875
0.461181640625 0.4605712890625 -0.4736328125 -0.218719482421875
0.560272216796875 0.2645263671875 -0.5147705078125 -0.060272216796875
0.55560302734375 0.305328369140625 -0.46875 -0.0591430664062501
0.57305908203125 0.28839111328125 -0.374176025390625 -0.151092529296875
0.34222412109375 0.432952880859375 -0.194854736328125 -0.25146484375
0.12811279296875 0.517333984375 0.061279296875 -0.1090087890625
-0.04248046875 0.445037841796875 0.173004150390625 0.177520751953125
-0.22125244140625 0.4046630859375 -0.029632568359375 0.453704833984375
-0.231414794921875 0.409454345703125 -0.245880126953125 0.48370361328125
-0.3966064453125 0.57330322265625 -0.2843017578125 0.455902099609375
-0.178741455078125 0.287841796875 -0.436553955078125 0.40496826171875
-0.134963989257813 0.232772827148437 -0.113021850585937 0.198379516601563
-0.13043212890625 0.279296875 -0.0721511840820313 -0.102973937988281
-0.00152587890625003 0.29705810546875 -0.194122314453125 -0.23541259765625
0.135650634765625 0.350738525390625 -0.370208740234375 -0.3026123046875
0.30511474609375 0.266632080078125 -0.6109619140625 -0.2552490234375
0.340240478515625 0.15997314453125 -0.7052001953125 -0.058349609375
0.335418701171875 0.19805908203125 -0.6319580078125 -0.0841064453125001
0.341796875 0.217559814453125 -0.523345947265625 -0.21429443359375
0.156005859375 0.294189453125 -0.2623291015625 -0.343231201171875
-0.00689697265624998 0.30816650390625 0.0663299560546875 -0.158721923828125
-0.0962982177734375 0.215972900390625 0.119354248046875 0.209930419921875
-0.135894775390625 0.1761474609375 -0.170928955078125 0.462371826171875
-0.13031005859375 0.229522705078125 -0.380462646484375 0.49395751953125
-0.24884033203125 0.358428955078125 -0.428955078125 0.554901123046875
-0.0207290649414063 -0.0641708374023438 0.4227294921875 -0.6085205078125
-0.0205039978027344 -0.0304203033447266 0.446441650390625 -0.47955322265625
0.00565052032470703 0.0142154693603516 0.220916748046875 -0.425079345703125
0.0339145660400391 0.0175857543945313 -0.109527587890625 -0.2762451171875
0.0441856384277344 -0.0493087768554688 -0.137741088867188 0.184844970703125
-0.0358123779296875 -0.09295654296875 0.251983642578125 0.44012451171875
-0.0422439575195313 -0.0556106567382813 0.63507080078125 0.2335205078125
-0.0619049072265625 -0.04217529296875 0.70587158203125 0.072265625
-0.0957412719726563 -0.0478744506835938 0.75946044921875 -0.00775146484375
-0.0509490966796875 -0.0619354248046875 0.69537353515625 0.15625
-0.0103378295898437 -0.0744781494140625 0.45452880859375 0.2274169921875
0.0403976440429688 -0.0252265930175781 0.266250610351563 0.166061401367188
0.0404052734375 -0.00670623779296875 0.152694702148438 0.052886962890625
0.0197715759277344 0.0131282806396484 0.163955688476563 -0.210205078125
0.0306911468505859 -0.0260372161865234 0.525787353515625 -0.4183349609375
-0.2191162109375 0.2294921875 0.4234619140625 -0.5826416015625
-0.160751342773438 0.18878173828125 0.481903076171875 -0.428619384765625
-0.0988616943359375 0.232879638671875 0.288482666015625 -0.400299072265625
-0.022796630859375 0.206436157226563 -0.06719970703125 -0.298858642578125
0.0543975830078125 0.195144653320313 -0.158248901367187 0.16351318359375
0.111862182617188 0.127174377441406 0.219146728515625 0.4246826171875
0.2086181640625 0.0744476318359375 0.60443115234375 0.23565673828125
0.216400146484375 0.078857421875 0.66595458984375 0.0689697265625
0.209701538085938 0.031707763671875 0.7293701171875 -0.0391845703125
0.19561767578125 0.090423583984375 0.66973876953125 0.0992431640625
0.169525146484375 0.155960083007813 0.43780517578125 0.18426513671875
0.125152587890625 0.22821044921875 0.280044555664063 0.123275756835938
-0.0333404541015625 0.276840209960938 0.184341430664063 0.0406494140625
-0.0979156494140625 0.248306274414063 0.183349609375 -0.204391479492188
-0.153594970703125 0.254348754882813 0.50311279296875 -0.393218994140625
-0.397003173828125 0.4970703125 0.35125732421875 -0.47869873046875
-0.292327880859375 0.4013671875 0.478302001953125 -0.370880126953125
-0.202392578125 0.44635009765625 0.303680419921875 -0.399932861328125
-0.084228515625 0.39447021484375 -0.056121826171875 -0.317901611328125
0.05950927734375 0.437744140625 -0.173934936523438 0.118942260742188
0.2503662109375 0.347076416015625 0.15704345703125 0.34796142578125
0.434326171875 0.2025146484375 0.49053955078125 0.19598388671875
0.466339111328125 0.189605712890625 0.528045654296875 0.05255126953125
0.48828125 0.0986328125 0.59808349609375 -0.05999755859375
0.421051025390625 0.215911865234375 0.555206298828125 0.0399169921875
0.347442626953125 0.353424072265625 0.383819580078125 0.13275146484375
0.220062255859375 0.445587158203125 0.2872314453125 0.089935302734375
-0.07672119140625 0.526123046875 0.209503173828125 0.0709991455078125
-0.1846923828125 0.4578857421875 0.172531127929688 -0.11859130859375
-0.3040771484375 0.504913330078125 0.41363525390625 -0.291473388671875
-0.5074462890625 0.68804931640625 0.21246337890625 -0.30670166015625
-0.376373291015625 0.557952880859375 0.422088623046875 -0.29681396484375
-0.28076171875 0.62493896484375 0.261199951171875 -0.405426025390625
-0.121826171875 0.57330322265625 -0.076934814453125 -0.332672119140625
0.0947875976562501 0.65106201171875 -0.197509765625 0.0458679199218751
0.388275146484375 0.51995849609375 0.05291748046875 0.21563720703125
0.6114501953125 0.2950439453125 0.294281005859375 0.126190185546875
0.64691162109375 0.274658203125 0.311798095703125 0.032745361328125
0.68914794921875 0.15740966796875 0.38494873046875 -0.06591796875
0.57574462890625 0.32208251953125 0.37158203125 -0.0128173828125
0.458404541015625 0.508026123046875 0.2945556640625 0.080291748046875
0.2698974609375 0.60186767578125 0.281112670898438 0.0751953125
-0.11151123046875 0.692626953125 0.221176147460938 0.143997192382813
-0.24053955078125 0.59552001953125 0.132942199707031 0.0349960327148438
-0.40667724609375 0.6861572265625 0.273651123046875 -0.118499755859375
-0.52874755859375 0.76153564453125 0.037750244140625 -0.0960388183593749
-0.397216796875 0.6195068359375 0.308441162109375 -0.19476318359375
-0.31353759765625 0.72283935546875 0.168701171875 -0.376617431640625
-0.1123046875 0.68792724609375 -0.1185302734375 -0.32916259765625
0.15972900390625 0.77679443359375 -0.236297607421875 -0.0525512695312499
0.50128173828125 0.59735107421875 -0.103096008300781 0.0551223754882813
0.7086181640625 0.32806396484375 0.0353431701660157 0.0493850708007813
0.73443603515625 0.31793212890625 0.0466575622558594 0.00993728637695315
0.7794189453125 0.2098388671875 0.121208190917969 -0.0699691772460937
0.616943359375 0.4041748046875 0.149398803710938 -0.068359375
0.45648193359375 0.6046142578125 0.189346313476563 0.0230712890625
0.23187255859375 0.6650390625 0.261123657226563 0.0853271484375
-0.15826416015625 0.7283935546875 0.199188232421875 0.25128173828125
-0.2664794921875 0.6357421875 0.055023193359375 0.223907470703125
-0.44830322265625 0.767822265625 0.101829528808594 0.0910186767578125
-0.46478271484375 0.70391845703125 -0.1412353515625 0.1187744140625
-0.35546875 0.574462890625 0.156341552734375 -0.060089111328125
-0.28570556640625 0.69647216796875 0.060882568359375 -0.295013427734375
-0.0643310546875 0.67938232421875 -0.158233642578125 -0.3021240234375
0.22100830078125 0.7537841796875 -0.288360595703125 -0.15618896484375
0.545806884765625 0.559051513671875 -0.29608154296875 -0.0921630859375
0.6978759765625 0.30047607421875 -0.249832153320312 -0.00642395019531249
0.70513916015625 0.3138427734375 -0.22503662109375 -0.0114288330078125
0.73944091796875 0.2445068359375 -0.147354125976562 -0.0868682861328125
0.533203125 0.441619873046875 -0.0604095458984375 -0.142730712890625
0.33599853515625 0.60809326171875 0.0990066528320313 -0.0450668334960937
0.11578369140625 0.61029052734375 0.229248046875 0.115890502929688
-0.195556640625 0.621826171875 0.12646484375 0.365509033203125
-0.256591796875 0.566650390625 -0.0637817382812501 0.392059326171875
-0.430419921875 0.73333740234375 -0.0797119140625 0.298095703125
-0.332000732421875 0.540374755859375 -0.296783447265625 0.302947998046875
-0.253570556640625 0.440521240234375 0.00859069824218749 0.084564208984375
-0.206085205078125 0.5399169921875 -0.025848388671875 -0.187286376953125
-0.00805664062499997 0.530120849609375 -0.187225341796875 -0.26068115234375
0.228515625 0.587646484375 -0.342926025390625 -0.235565185546875
0.4852294921875 0.424163818359375 -0.48382568359375 -0.183441162109375
0.57257080078125 0.22674560546875 -0.509521484375 -0.02435302734375
0.5679931640625 0.2623291015625 -0.46075439453125 -0.0274658203125
0.5838623046875 0.242431640625 -0.374664306640625 -0.12469482421875
0.364105224609375 0.403564453125 -0.21124267578125 -0.233169555664062
0.159942626953125 0.5 0.0543365478515625 -0.114303588867187
-0.012115478515625 0.44122314453125 0.183303833007812 0.157135009765625
-0.1859130859375 0.414337158203125 0.00634765624999994 0.44403076171875
-0.20452880859375 0.421722412109375 -0.206634521484375 0.49127197265625
-0.35125732421875 0.59649658203125 -0.246124267578125 0.468902587890625
-0.1573486328125 0.297271728515625 -0.402587890625 0.428558349609375
-0.1170654296875 0.242355346679687 -0.0999908447265625 0.204757690429688
-0.108673095703125 0.287261962890625 -0.079254150390625 -0.0946502685546875
0.01544189453125 0.29052734375 -0.205673217773437 -0.216964721679688
0.15948486328125 0.334075927734375 -0.38543701171875 -0.276458740234375
0.3199462890625 0.2421875 -0.622802734375 -0.21240234375
0.34637451171875 0.137420654296875 -0.6949462890625 -0.00891113281250004
0.34368896484375 0.171661376953125 -0.62274169921875 -0.03973388671875
0.350921630859375 0.187774658203125 -0.52532958984375 -0.17529296875
0.171188354492187 0.278732299804688 -0.282562255859375 -0.318023681640625
0.012451171875 0.302947998046875 0.0556488037109375 -0.162994384765625
-0.07989501953125 0.218185424804687 0.132949829101563 0.195449829101563
-0.118804931640625 0.182205200195313 -0.13360595703125 0.461669921875
-0.114700317382812 0.236587524414063 -0.33709716796875 0.509033203125
-0.2197265625 0.373504638671875 -0.38092041015625 0.5767822265625
-0.021484375 -0.0618515014648438 0.38250732421875 -0.616455078125
-0.0207042694091797 -0.0303306579589844 0.40899658203125 -0.48565673828125
0.00519657135009766 0.0123748779296875 0.1951904296875 -0.422149658203125
0.0348377227783203 0.0164794921875 -0.121002197265625 -0.263412475585938
0.0390510559082031 -0.0484886169433594 -0.125656127929688 0.188583374023438
-0.0422897338867187 -0.0862655639648438 0.269256591796875 0.41656494140625
-0.0434608459472656 -0.0540771484375 0.62689208984375 0.19708251953125
-0.0605926513671875 -0.0386276245117188 0.68524169921875 0.037841796875
-0.094696044921875 -0.0405960083007812 0.7318115234375 -0.0435791015625
-0.0529670715332031 -0.0587120056152344 0.6839599609375 0.11822509765625
-0.012603759765625 -0.072235107421875 0.45611572265625 0.201568603515625
0.0394515991210938 -0.026153564453125 0.266586303710938 0.145156860351563
0.03607177734375 -0.00765228271484375 0.15228271484375 0.040130615234375
0.0195503234863281 0.0114879608154297 0.151901245117188 -0.213607788085938
0.0292587280273438 -0.0284385681152344 0.4884033203125 -0.43048095703125
-0.201828002929688 0.235671997070312 0.3831787109375 -0.58941650390625
-0.146942138671875 0.191787719726563 0.44586181640625 -0.437225341796875
-0.0841064453125 0.231491088867188 0.262298583984375 -0.40057373046875
-0.011871337890625 0.200836181640625 -0.079681396484375 -0.28851318359375
0.060394287109375 0.187255859375 -0.147048950195313 0.16766357421875
0.1104736328125 0.121337890625 0.234527587890625 0.403106689453125
0.207077026367188 0.0619354248046875 0.59759521484375 0.20068359375
0.215621948242188 0.0654754638671875 0.64642333984375 0.03533935546875
0.206207275390625 0.0217132568359375 0.70379638671875 -0.073974609375
0.193801879882813 0.078765869140625 0.65423583984375 0.06268310546875
0.17352294921875 0.143951416015625 0.43621826171875 0.158843994140625
0.132843017578125 0.2166748046875 0.277236938476563 0.102462768554688
-0.01995849609375 0.272171020507813 0.184326171875 0.02484130859375
-0.08624267578125 0.246719360351563 0.170501708984375 -0.208953857421875
-0.136871337890625 0.254592895507813 0.467803955078125 -0.406402587890625
-0.362091064453125 0.5064697265625 0.31463623046875 -0.48406982421875
-0.263641357421875 0.407257080078125 0.44427490234375 -0.37969970703125
-0.173736572265625 0.445526123046875 0.279052734375 -0.402587890625
-0.06512451171875 0.3863525390625 -0.06964111328125 -0.307830810546875
0.076751708984375 0.4212646484375 -0.165359497070313 0.124908447265625
0.2568359375 0.327911376953125 0.168853759765625 0.33074951171875
0.43402099609375 0.177032470703125 0.4837646484375 0.16729736328125
0.464447021484375 0.1611328125 0.51239013671875 0.0252685546875
0.479095458984375 0.07342529296875 0.57452392578125 -0.090576171875
0.41888427734375 0.189605712890625 0.540313720703125 0.011016845703125
0.353607177734375 0.3272705078125 0.381805419921875 0.11114501953125
0.236572265625 0.423553466796875 0.281341552734375 0.0672607421875
-0.048736572265625 0.51678466796875 0.211776733398437 0.051666259765625
-0.162445068359375 0.45526123046875 0.163467407226563 -0.124984741210937
-0.270355224609375 0.5084228515625 0.38616943359375 -0.301300048828125
-0.46002197265625 0.69708251953125 0.1903076171875 -0.310821533203125
-0.34130859375 0.566162109375 0.393768310546875 -0.306304931640625
-0.24139404296875 0.62469482421875 0.236480712890625 -0.40887451171875
-0.092132568359375 0.5606689453125 -0.09033203125 -0.320220947265625
0.121337890625 0.6275634765625 -0.191207885742187 0.055267333984375
0.39935302734375 0.488555908203125 0.0597686767578125 0.20758056640625
0.610107421875 0.25946044921875 0.29119873046875 0.109344482421875
0.644775390625 0.23468017578125 0.303466796875 0.015899658203125
0.67828369140625 0.12054443359375 0.3681640625 -0.08612060546875
0.57391357421875 0.286376953125 0.35882568359375 -0.02960205078125
0.470184326171875 0.473968505859375 0.292236328125 0.063232421875
0.29083251953125 0.57318115234375 0.274139404296875 0.0526275634765625
-0.073974609375 0.68212890625 0.226303100585938 0.12139892578125
-0.21173095703125 0.593505859375 0.132232666015625 0.0272216796875
-0.35986328125 0.6898193359375 0.258941650390625 -0.12603759765625
-0.4796142578125 0.77093505859375 0.0307998657226562 -0.0958099365234375
-0.356689453125 0.627685546875 0.28851318359375 -0.201812744140625
-0.2672119140625 0.721923828125 0.1478271484375 -0.37579345703125
-0.0809326171875001 0.67315673828125 -0.13055419921875 -0.31463623046875
0.19073486328125 0.74462890625 -0.234054565429688 -0.0392303466796875
0.515533447265625 0.560211181640625 -0.100723266601562 0.0588302612304688
0.708984375 0.285888671875 0.035858154296875 0.0471839904785156
0.7301025390625 0.27349853515625 0.0464057922363282 0.00532913208007814
0.76690673828125 0.1661376953125 0.113021850585938 -0.0777664184570312
0.6170654296875 0.36505126953125 0.139663696289063 -0.073150634765625
0.4722900390625 0.56866455078125 0.18646240234375 0.0110626220703125
0.25823974609375 0.6357421875 0.256210327148437 0.063079833984375
-0.11578369140625 0.7177734375 0.210189819335938 0.22747802734375
-0.23419189453125 0.63177490234375 0.066192626953125 0.214981079101563
-0.39581298828125 0.77099609375 0.102897644042969 0.0852355957031251
-0.4195556640625 0.71295166015625 -0.132621765136719 0.122398376464844
-0.31781005859375 0.58062744140625 0.147308349609375 -0.06488037109375
-0.2415771484375 0.69586181640625 0.0457763671875 -0.29052734375
-0.03436279296875 0.6627197265625 -0.168060302734375 -0.285736083984375
0.25079345703125 0.72015380859375 -0.28936767578125 -0.1380615234375
0.555908203125 0.518829345703125 -0.296142578125 -0.0750732421874999
0.696044921875 0.2606201171875 -0.242767333984375 0.00651550292968751
0.70208740234375 0.27008056640625 -0.21710205078125 -0.00340270996093745
0.7293701171875 0.20050048828125 -0.146331787109375 -0.0815277099609375
0.537353515625 0.40618896484375 -0.0677413940429687 -0.134552001953125
0.3546142578125 0.57562255859375 0.0953903198242188 -0.05133056640625
0.1407470703125 0.5869140625 0.2252197265625 0.0960540771484375
-0.15557861328125 0.6136474609375 0.1446533203125 0.34259033203125
-0.228271484375 0.5645751953125 -0.04119873046875 0.38311767578125
-0.38104248046875 0.7376708984375 -0.0623779296875 0.294281005859375
-0.298614501953125 0.5452880859375 -0.272979736328125 0.308990478515625
-0.225494384765625 0.444732666015625 0.0105972290039062 0.0829544067382813
-0.17156982421875 0.538543701171875 -0.0341949462890625 -0.181045532226563
0.011260986328125 0.51776123046875 -0.193618774414062 -0.244522094726563
0.2493896484375 0.558502197265625 -0.3463134765625 -0.21435546875
0.493621826171875 0.3885498046875 -0.4849853515625 -0.156494140625
0.56988525390625 0.19537353515625 -0.49468994140625 0.00207519531250003
0.56500244140625 0.22698974609375 -0.444427490234375 -0.00735473632812507
0.575439453125 0.20379638671875 -0.36773681640625 -0.106719970703125
0.371063232421875 0.377044677734375 -0.217636108398437 -0.214981079101563
0.179229736328125 0.477630615234375 0.048126220703125 -0.116264343261719
0.00988769531250005 0.427764892578125 0.1864013671875 0.139175415039063
-0.15740966796875 0.41156005859375 0.0302734375 0.425262451171875
-0.181243896484375 0.420562744140625 -0.17523193359375 0.485565185546875
-0.30963134765625 0.6002197265625 -0.215911865234375 0.466278076171875
-0.140228271484375 0.298553466796875 -0.37005615234375 0.435546875
-0.10150146484375 0.244796752929688 -0.0894622802734375 0.205902099609375
-0.09027099609375 0.287506103515625 -0.0821990966796875 -0.0862579345703125
0.0245361328125 0.2799072265625 -0.20867919921875 -0.199783325195312
0.1717529296875 0.316070556640625 -0.388397216796875 -0.2529296875
0.32489013671875 0.22021484375 -0.6207275390625 -0.1759033203125
0.345947265625 0.1187744140625 -0.6737060546875 0.0254516601562501
0.34344482421875 0.151031494140625 -0.6025390625 -0.0119628906250001
0.347869873046875 0.16351318359375 -0.515869140625 -0.14739990234375
0.177764892578125 0.263442993164063 -0.289764404296875 -0.294097900390625
0.025909423828125 0.2930908203125 0.046905517578125 -0.163970947265625
-0.0672454833984375 0.214981079101563 0.139495849609375 0.180313110351563
-0.105117797851563 0.182952880859375 -0.106109619140625 0.44873046875
-0.1024169921875 0.237411499023438 -0.30029296875 0.5067138671875
-0.194976806640625 0.3759765625 -0.34033203125 0.57684326171875
-0.0217971801757813 -0.061126708984375 0.3565673828125 -0.61865234375
-0.0218601226806641 -0.0310115814208984 0.384185791015625 -0.48516845703125
0.00467109680175781 0.0114326477050781 0.181854248046875 -0.4178466796875
0.036407470703125 0.0158424377441406 -0.126251220703125 -0.256301879882813
0.0361289978027344 -0.0469169616699219 -0.118453979492188 0.190032958984375
-0.0462112426757813 -0.0794448852539063 0.278564453125 0.40191650390625
-0.0445518493652344 -0.0528450012207031 0.617431640625 0.1741943359375
-0.0596656799316406 -0.0366554260253906 0.6678466796875 0.022216796875
-0.0920867919921875 -0.035797119140625 0.7119140625 -0.06231689453125
-0.0543632507324219 -0.05682373046875 0.6734619140625 0.095947265625
-0.014068603515625 -0.0714111328125 0.453338623046875 0.185882568359375
0.0394287109375 -0.0269851684570313 0.263427734375 0.133071899414063
0.0328540802001953 -0.00748634338378906 0.150924682617188 0.0309295654296875
0.0192146301269531 0.0100517272949219 0.144943237304688 -0.215133666992188
0.02813720703125 -0.0305309295654297 0.465057373046875 -0.433258056640625
-0.190399169921875 0.23712158203125 0.35791015625 -0.5916748046875
-0.139205932617187 0.192596435546875 0.421051025390625 -0.438323974609375
-0.07537841796875 0.23101806640625 0.248291015625 -0.3978271484375
-0.00553894042968752 0.197799682617188 -0.08599853515625 -0.281341552734375
0.0634307861328125 0.18267822265625 -0.140594482421875 0.169937133789063
0.109329223632813 0.120262145996094 0.242462158203125 0.388275146484375
0.20452880859375 0.0544586181640625 0.58917236328125 0.17919921875
0.214874267578125 0.0569915771484375 0.62994384765625 0.01885986328125
0.20379638671875 0.0166015625 0.6798095703125 -0.09222412109375
0.191421508789063 0.0723114013671875 0.642333984375 0.04425048828125
0.175262451171875 0.136398315429688 0.435455322265625 0.1456298828125
0.137557983398438 0.210128784179688 0.273025512695313 0.089202880859375
-0.0133514404296875 0.2686767578125 0.183013916015625 0.0135040283203125
-0.0799560546875 0.244003295898438 0.162368774414063 -0.210723876953125
-0.127685546875 0.2525634765625 0.445343017578125 -0.40850830078125
-0.339202880859375 0.508941650390625 0.29364013671875 -0.4866943359375
-0.24725341796875 0.407989501953125 0.421875 -0.382537841796875
-0.155975341796875 0.444549560546875 0.26416015625 -0.400634765625
-0.0523681640625 0.3802490234375 -0.075408935546875 -0.301055908203125
0.085601806640625 0.410736083984375 -0.159713745117187 0.12896728515625
0.257781982421875 0.32012939453125 0.17388916015625 0.31988525390625
0.431732177734375 0.16119384765625 0.478668212890625 0.150726318359375
0.461761474609375 0.143341064453125 0.50079345703125 0.011322021484375
0.472686767578125 0.057769775390625 0.555816650390625 -0.104888916015625
0.4136962890625 0.176116943359375 0.529632568359375 -0.00265502929687499
0.357757568359375 0.31048583984375 0.379241943359375 0.098236083984375
0.24298095703125 0.410797119140625 0.27484130859375 0.0537872314453125
-0.032958984375 0.50927734375 0.211563110351563 0.03741455078125
-0.150604248046875 0.4512939453125 0.158004760742188 -0.128143310546875
-0.251556396484375 0.505767822265625 0.368255615234375 -0.303009033203125
-0.43267822265625 0.701904296875 0.175689697265625 -0.310150146484375
-0.31689453125 0.56793212890625 0.375274658203125 -0.308349609375
-0.21612548828125 0.62158203125 0.223358154296875 -0.40716552734375
-0.07806396484375 0.5523681640625 -0.097259521484375 -0.31292724609375
0.13397216796875 0.6114501953125 -0.188125610351563 0.06170654296875
0.40301513671875 0.4727783203125 0.0618896484375 0.202606201171875
0.6077880859375 0.23779296875 0.28759765625 0.09930419921875
0.6400146484375 0.21148681640625 0.29638671875 0.00631713867187501
0.66766357421875 0.09906005859375 0.35455322265625 -0.09783935546875
0.56866455078125 0.26824951171875 0.349884033203125 -0.038970947265625
0.474151611328125 0.45184326171875 0.289703369140625 0.053802490234375
0.30126953125 0.556976318359375 0.267257690429688 0.03863525390625
-0.0522460937499999 0.67010498046875 0.2279052734375 0.1051025390625
-0.19622802734375 0.589599609375 0.13128662109375 0.022308349609375
-0.33404541015625 0.6871337890625 0.249710083007812 -0.128433227539062
-0.44793701171875 0.774169921875 0.0258636474609375 -0.094879150390625
-0.3311767578125 0.6297607421875 0.275436401367187 -0.20355224609375
-0.23834228515625 0.7196044921875 0.13677978515625 -0.37353515625
-0.0662841796874999 0.662109375 -0.135986328125 -0.305389404296875
0.20709228515625 0.72491455078125 -0.232086181640625 -0.029754638671875
0.518402099609375 0.53887939453125 -0.101081848144531 0.0612640380859375
0.7034912109375 0.261962890625 0.0376930236816407 0.0454635620117188
0.72589111328125 0.2464599609375 0.0454483032226563 0.00155639648437502
0.75445556640625 0.1390380859375 0.105781555175781 -0.0837783813476562
0.61370849609375 0.3443603515625 0.133125305175781 -0.0752105712890625
0.479736328125 0.544403076171875 0.183609008789063 0.00347900390625003
0.26971435546875 0.61883544921875 0.249267578125 0.0490264892578125
-0.09112548828125 0.70745849609375 0.215194702148438 0.210113525390625
-0.21697998046875 0.629638671875 0.07177734375 0.208160400390625
-0.3646240234375 0.768798828125 0.102874755859375 0.0820541381835938
-0.3917236328125 0.7137451171875 -0.1273193359375 0.12371826171875
-0.29449462890625 0.58258056640625 0.141036987304687 -0.0656585693359375
-0.213134765625 0.69415283203125 0.03790283203125 -0.287200927734375
-0.02142333984375 0.65087890625 -0.172164916992188 -0.275161743164062
0.265380859375 0.698486328125 -0.2890625 -0.12603759765625
0.5592041015625 0.496002197265625 -0.297088623046875 -0.063140869140625
0.6925048828125 0.23699951171875 -0.235763549804687 0.0135955810546875
0.697998046875 0.24468994140625 -0.211380004882812 -1.52587890624534E-05
0.717529296875 0.17327880859375 -0.147552490234375 -0.08050537109375
0.53570556640625 0.38568115234375 -0.07147216796875 -0.129234313964844
0.362152099609375 0.554534912109375 0.0927581787109375 -0.0559310913085937
0.1531982421875 0.56982421875 0.221450805664063 0.0833129882812501
-0.134033203125 0.6070556640625 0.152984619140625 0.3250732421875
-0.211669921875 0.56268310546875 -0.027984619140625 0.375640869140625
-0.351318359375 0.73468017578125 -0.05291748046875 0.29034423828125
-0.2791748046875 0.5455322265625 -0.259765625 0.310394287109375
-0.207122802734375 0.44635009765625 0.0109100341796875 0.0830841064453125
-0.1492919921875 0.53729248046875 -0.0386962890625 -0.17633056640625
0.020172119140625 0.507232666015625 -0.195297241210938 -0.2325439453125
0.260833740234375 0.540191650390625 -0.346954345703125 -0.20074462890625
0.493621826171875 0.367828369140625 -0.4835205078125 -0.138916015625
0.56719970703125 0.1763916015625 -0.481964111328125 0.015838623046875
0.562286376953125 0.204071044921875 -0.432525634765625 6.54626989646291E-17
0.568115234375 0.18341064453125 -0.3629150390625 -0.0984802246093751
0.37103271484375 0.3603515625 -0.219650268554687 -0.203628540039063
0.187225341796875 0.46270751953125 0.0444259643554688 -0.118736267089844
0.01910400390625 0.418487548828125 0.185806274414063 0.128433227539063
-0.140533447265625 0.4073486328125 0.04248046875 0.410369873046875
-0.1697998046875 0.42010498046875 -0.156646728515625 0.477874755859375
-0.2860107421875 0.5980224609375 -0.198394775390625 0.46160888671875
-0.130279541015625 0.298248291015625 -0.34930419921875 0.438232421875
-0.090362548828125 0.2454833984375 -0.0838470458984375 0.206375122070313
-0.0782470703125 0.286773681640625 -0.0840835571289062 -0.0806884765625
0.0277557373046875 0.274215698242188 -0.207611083984375 -0.188568115234375
0.177154541015625 0.30316162109375 -0.389312744140625 -0.238037109375
0.325714111328125 0.2061767578125 -0.616943359375 -0.1552734375
0.34423828125 0.108245849609375 -0.6561279296875 0.0429077148437501
0.341094970703125 0.138336181640625 -0.58599853515625 0.000793457031249909
0.343414306640625 0.14886474609375 -0.506378173828125 -0.13519287109375
0.178955078125 0.255325317382813 -0.292144775390625 -0.278778076171875
0.03228759765625 0.2862548828125 0.04217529296875 -0.163909912109375
-0.0601348876953125 0.211746215820313 0.1414794921875 0.1712646484375
-0.096160888671875 0.181869506835937 -0.0907287597656251 0.43939208984375
-0.09613037109375 0.237548828125 -0.277679443359375 0.501739501953125
-0.180145263671875 0.37518310546875 -0.31695556640625 0.571533203125
-0.0220069885253906 -0.0614128112792969 0.343505859375 -0.627197265625
-0.0234928131103516 -0.0327491760253906 0.372528076171875 -0.4910888671875
0.00329303741455078 0.0113134384155273 0.175262451171875 -0.419342041015625
0.03900146484375 0.0159873962402344 -0.13250732421875 -0.254287719726562
0.0348129272460938 -0.0457077026367188 -0.114349365234375 0.192779541015625
-0.0488662719726562 -0.0738601684570313 0.28912353515625 0.39593505859375
-0.0468101501464844 -0.0511245727539063 0.6187744140625 0.161376953125
-0.058685302734375 -0.0364608764648437 0.66363525390625 0.011962890625
-0.0915451049804688 -0.0331344604492188 0.70343017578125 -0.07269287109375
-0.056121826171875 -0.0562248229980469 0.6737060546875 0.081787109375
-0.0147857666015625 -0.071746826171875 0.460296630859375 0.177490234375
0.0403861999511719 -0.0280990600585938 0.26470947265625 0.124893188476562
0.0308609008789062 -0.00628471374511719 0.151779174804688 0.0247650146484375
0.0196113586425781 0.00902938842773437 0.141372680664062 -0.21905517578125
0.0273475646972656 -0.0326156616210938 0.455841064453125 -0.438873291015625
-0.184768676757813 0.24267578125 0.3426513671875 -0.60028076171875
-0.135726928710937 0.195297241210938 0.409423828125 -0.44403076171875
-0.069366455078125 0.233200073242187 0.24395751953125 -0.4017333984375
-0.000503540039062508 0.19757080078125 -0.092010498046875 -0.28167724609375
0.066192626953125 0.181686401367188 -0.137649536132813 0.173538208007812
0.110023498535156 0.123985290527344 0.250732421875 0.38397216796875
0.205215454101563 0.0508270263671875 0.59124755859375 0.16607666015625
0.21820068359375 0.0513916015625 0.6265869140625 0.00860595703125
0.205917358398438 0.0130615234375 0.6737060546875 -0.1041259765625
0.191482543945313 0.0692291259765625 0.6419677734375 0.0311279296875
0.178955078125 0.133071899414063 0.440887451171875 0.13690185546875
0.142913818359375 0.208297729492188 0.271865844726563 0.0802154541015625
-0.009002685546875 0.271041870117188 0.1845703125 0.00440979003906252
-0.0772857666015625 0.24609375 0.159774780273438 -0.215347290039063
-0.122711181640625 0.255233764648438 0.436614990234375 -0.414520263671875
-0.3284912109375 0.517791748046875 0.281585693359375 -0.4910888671875
-0.239654541015625 0.414794921875 0.41143798828125 -0.3878173828125
-0.1427001953125 0.449859619140625 0.25909423828125 -0.40643310546875
-0.04681396484375 0.380615234375 -0.0821533203125 -0.301544189453125
0.09228515625 0.409271240234375 -0.157745361328125 0.133621215820313
0.26177978515625 0.320587158203125 0.179656982421875 0.31732177734375
0.43450927734375 0.152313232421875 0.481414794921875 0.141571044921875
0.46722412109375 0.132232666015625 0.498870849609375 0.00311279296875001
0.476348876953125 0.04937744140625 0.549041748046875 -0.116424560546875
0.416473388671875 0.171783447265625 0.528533935546875 -0.01409912109375
0.364105224609375 0.304412841796875 0.384033203125 0.09130859375
0.251556396484375 0.407989501953125 0.272628784179688 0.044586181640625
-0.0224609375 0.513946533203125 0.21343994140625 0.0258636474609375
-0.145965576171875 0.4556884765625 0.156768798828125 -0.132537841796875
-0.241424560546875 0.51190185546875 0.363037109375 -0.3074951171875
-0.41754150390625 0.71380615234375 0.166900634765625 -0.312591552734375
-0.3048095703125 0.575927734375 0.365936279296875 -0.31298828125
-0.19927978515625 0.62969970703125 0.2183837890625 -0.413330078125
-0.0699462890625 0.553466796875 -0.10406494140625 -0.3128662109375
0.1451416015625 0.60833740234375 -0.187286376953125 0.06805419921875
0.409820556640625 0.470245361328125 0.0643157958984375 0.203384399414063
0.61407470703125 0.2265625 0.290435791015625 0.0938720703125
0.6470947265625 0.19708251953125 0.2945556640625 3.05175781250121E-05
0.6690673828125 0.0848388671875 0.34759521484375 -0.10675048828125
0.5716552734375 0.26031494140625 0.347412109375 -0.046112060546875
0.485137939453125 0.443572998046875 0.292633056640625 0.046844482421875
0.31201171875 0.55267333984375 0.26409912109375 0.0290069580078125
-0.0372314453125 0.6744384765625 0.231765747070313 0.0930938720703125
-0.189453125 0.59576416015625 0.133415222167969 0.0190505981445313
-0.31988525390625 0.69671630859375 0.246734619140625 -0.130813598632812
-0.43255615234375 0.7890625 0.0219879150390625 -0.0938262939453124
-0.31732177734375 0.64093017578125 0.2691650390625 -0.205947875976562
-0.21856689453125 0.7265625 0.13055419921875 -0.378448486328125
-0.05615234375 0.66455078125 -0.1416015625 -0.30413818359375
0.2191162109375 0.7205810546875 -0.233169555664063 -0.022003173828125
0.528594970703125 0.533172607421875 -0.102867126464844 0.0665512084960938
0.71148681640625 0.24737548828125 0.0398216247558594 0.0448188781738281
0.73297119140625 0.22918701171875 0.0452804565429688 -0.00191497802734374
0.75701904296875 0.12432861328125 0.100013732910156 -0.0888214111328125
0.61822509765625 0.33575439453125 0.130081176757813 -0.07781982421875
0.4903564453125 0.53533935546875 0.185684204101563 -0.00227355957031247
0.28118896484375 0.6151123046875 0.246490478515625 0.0397491455078125
-0.07586669921875 0.70928955078125 0.220626831054687 0.198257446289063
-0.20916748046875 0.63824462890625 0.0775604248046875 0.206069946289063
-0.35186767578125 0.7789306640625 0.104286193847656 0.0807037353515626
-0.37884521484375 0.726318359375 -0.125335693359375 0.127555847167969
-0.2799072265625 0.59295654296875 0.137855529785156 -0.066558837890625
-0.1949462890625 0.69952392578125 0.032470703125 -0.28936767578125
-0.0151977539062499 0.6519775390625 -0.175521850585938 -0.272598266601562
0.277587890625 0.69354248046875 -0.292144775390625 -0.117462158203125
0.56976318359375 0.488037109375 -0.302459716796875 -0.0543823242187499
0.70025634765625 0.22393798828125 -0.232757568359375 0.018096923828125
0.70257568359375 0.22821044921875 -0.210037231445312 0.000595092773437511
0.7188720703125 0.15728759765625 -0.15203857421875 -0.0814666748046874
0.54034423828125 0.379150390625 -0.075164794921875 -0.127662658691406
0.37396240234375 0.546783447265625 0.0926971435546875 -0.0606231689453125
0.1630859375 0.5689697265625 0.220260620117188 0.0744323730468751
-0.120849609375 0.60992431640625 0.1610107421875 0.31585693359375
-0.2044677734375 0.57025146484375 -0.019317626953125 0.37530517578125
-0.33660888671875 0.7442626953125 -0.047882080078125 0.291412353515625
-0.270172119140625 0.55401611328125 -0.253143310546875 0.316162109375
-0.196014404296875 0.452606201171875 0.0102767944335937 0.0846176147460938
-0.13543701171875 0.54144287109375 -0.0426025390625 -0.175704956054687
0.0242919921875 0.508331298828125 -0.196456909179688 -0.228622436523437
0.2711181640625 0.534088134765625 -0.352203369140625 -0.191925048828125
0.5013427734375 0.359527587890625 -0.49102783203125 -0.125946044921875
0.5728759765625 0.16595458984375 -0.478607177734375 0.0241394042968749
0.56689453125 0.19293212890625 -0.4312744140625 0.00421142578124999
0.5693359375 0.168701171875 -0.36541748046875 -0.09637451171875
0.376129150390625 0.3570556640625 -0.224136352539062 -0.198699951171875
0.19451904296875 0.458709716796875 0.043060302734375 -0.12188720703125
0.026397705078125 0.416473388671875 0.187576293945313 0.121994018554688
-0.130706787109375 0.40948486328125 0.05096435546875 0.404327392578125
-0.16339111328125 0.42620849609375 -0.144805908203125 0.478302001953125
-0.27386474609375 0.6051025390625 -0.188507080078125 0.462738037109375
-0.126220703125 0.3016357421875 -0.340576171875 0.444244384765625
-0.0829315185546875 0.24822998046875 -0.081695556640625 0.209503173828125
-0.07000732421875 0.289031982421875 -0.0869522094726562 -0.0775909423828125
0.028656005859375 0.2750244140625 -0.208938598632813 -0.183563232421875
0.18328857421875 0.29864501953125 -0.3948974609375 -0.230316162109375
0.32965087890625 0.19854736328125 -0.624755859375 -0.1397705078125
0.348907470703125 0.10198974609375 -0.6514892578125 0.055908203125
0.343994140625 0.130889892578125 -0.580810546875 0.00885009765624995
0.343963623046875 0.141082763671875 -0.508026123046875 -0.127532958984375
0.18280029296875 0.253372192382813 -0.297088623046875 -0.271453857421875
0.0364990234375 0.284637451171875 0.0391998291015625 -0.166824340820312
-0.0569305419921875 0.212066650390625 0.14532470703125 0.167526245117188
-0.0915374755859375 0.183242797851563 -0.08258056640625 0.4361572265625
-0.09234619140625 0.242568969726563 -0.265380859375 0.503387451171875
-0.172210693359375 0.378448486328125 -0.30657958984375 0.57513427734375
-0.0237274169921875 -0.0625343322753906 0.3292236328125 -0.6500244140625
-0.0261154174804687 -0.0329551696777344 0.36175537109375 -0.507598876953125
0.002685546875 0.0126829147338867 0.167938232421875 -0.43121337890625
0.0422477722167969 0.0146865844726563 -0.144073486328125 -0.25567626953125
0.03369140625 -0.0455513000488281 -0.110610961914063 0.200088500976562
-0.0516548156738281 -0.06787109375 0.30780029296875 0.390350341796875
-0.0493659973144531 -0.0502471923828125 0.6309814453125 0.14324951171875
-0.059906005859375 -0.036834716796875 0.6724853515625 -0.004150390625
-0.0923995971679688 -0.0300140380859375 0.71142578125 -0.091796875
-0.0595664978027344 -0.0559501647949219 0.68768310546875 0.06298828125
-0.0165557861328125 -0.0731658935546875 0.476593017578125 0.168426513671875
0.0426864624023438 -0.0305824279785156 0.271255493164063 0.116790771484375
0.0294437408447266 -0.00531578063964844 0.15533447265625 0.0177001953125
0.0198574066162109 0.00741195678710937 0.138076782226563 -0.22796630859375
0.0265865325927734 -0.0350131988525391 0.44927978515625 -0.456939697265625
-0.179183959960938 0.253509521484375 0.32843017578125 -0.62158203125
-0.132064819335937 0.203948974609375 0.399566650390625 -0.461029052734375
-0.06195068359375 0.240264892578125 0.237579345703125 -0.41632080078125
0.0064849853515625 0.199783325195312 -0.10345458984375 -0.28533935546875
0.0724334716796875 0.183685302734375 -0.134719848632813 0.181442260742187
0.115768432617188 0.128768920898438 0.266998291015625 0.38067626953125
0.210479736328125 0.0457000732421875 0.60491943359375 0.150390625
0.225250244140625 0.043975830078125 0.6346435546875 -0.00732421875
0.211669921875 0.007781982421875 0.679443359375 -0.12591552734375
0.195968627929688 0.066009521484375 0.65386962890625 0.01104736328125
0.187118530273438 0.128753662109375 0.4556884765625 0.126983642578125
0.15313720703125 0.208297729492188 0.275833129882813 0.070587158203125
-0.00132751464843749 0.278045654296875 0.187957763671875 -0.00683593749999998
-0.0737152099609375 0.25262451171875 0.156158447265625 -0.2249755859375
-0.117630004882812 0.263687133789063 0.430572509765625 -0.4322509765625
-0.31695556640625 0.5411376953125 0.26776123046875 -0.507843017578125
-0.2286376953125 0.4326171875 0.403167724609375 -0.402557373046875
-0.126800537109375 0.463165283203125 0.253021240234375 -0.4229736328125
-0.036590576171875 0.3878173828125 -0.09356689453125 -0.305938720703125
0.106231689453125 0.413238525390625 -0.15606689453125 0.142578125
0.27679443359375 0.32391357421875 0.191864013671875 0.31671142578125
0.44769287109375 0.142059326171875 0.49267578125 0.126739501953125
0.479736328125 0.1177978515625 0.5032958984375 -0.011322021484375
0.486724853515625 0.03515625 0.55023193359375 -0.136383056640625
0.42681884765625 0.16473388671875 0.53570556640625 -0.031402587890625
0.382049560546875 0.298553466796875 0.39678955078125 0.080718994140625
0.270660400390625 0.409149169921875 0.275100708007813 0.0339813232421875
-0.00619506835937497 0.52392578125 0.218399047851563 0.01324462890625
-0.139007568359375 0.47052001953125 0.1558837890625 -0.140396118164062
-0.232452392578125 0.530303955078125 0.359710693359375 -0.31976318359375
-0.4010009765625 0.74407958984375 0.157440185546875 -0.320892333984375
-0.289306640625 0.59881591796875 0.360198974609375 -0.325347900390625
-0.17889404296875 0.64739990234375 0.2105712890625 -0.42840576171875
-0.05670166015625 0.56439208984375 -0.114501953125 -0.316986083984375
0.1661376953125 0.61407470703125 -0.18743896484375 0.078155517578125
0.431304931640625 0.47174072265625 0.0694732666015625 0.2064208984375
0.63238525390625 0.2109375 0.298431396484375 0.084625244140625
0.66650390625 0.17657470703125 0.2962646484375 -0.010223388671875
0.6844482421875 0.06561279296875 0.344757080078125 -0.12158203125
0.588623046875 0.25091552734375 0.350616455078125 -0.057861328125
0.508544921875 0.43701171875 0.3016357421875 0.036651611328125
0.33502197265625 0.5560302734375 0.264877319335938 0.017822265625
-0.01702880859375 0.6883544921875 0.238479614257813 0.0796356201171875
-0.1785888671875 0.61480712890625 0.137275695800781 0.014251708984375
-0.3057861328125 0.72100830078125 0.2467041015625 -0.138580322265625
-0.41607666015625 0.82049560546875 0.0183486938476562 -0.0936050415039062
-0.30023193359375 0.6639404296875 0.265640258789062 -0.214370727539062
-0.1943359375 0.7481689453125 0.122222900390625 -0.390380859375
-0.03997802734375 0.67877197265625 -0.1524658203125 -0.306640625
0.24603271484375 0.72479248046875 -0.23663330078125 -0.0116424560546874
0.55316162109375 0.529449462890625 -0.104873657226562 0.07464599609375
0.73406982421875 0.22998046875 0.0440025329589844 0.04351806640625
0.75335693359375 0.20849609375 0.0441017150878907 -0.00551223754882811
0.77410888671875 0.10272216796875 0.0929412841796875 -0.0957565307617188
0.63714599609375 0.32696533203125 0.12860107421875 -0.0830078125
0.517120361328125 0.52813720703125 0.189895629882813 -0.0111236572265625
0.30364990234375 0.61859130859375 0.24835205078125 0.0292205810546875
-0.0511474609375 0.72509765625 0.231170654296875 0.187469482421875
-0.197509765625 0.65771484375 0.0867462158203125 0.205917358398438
-0.333984375 0.80645751953125 0.107429504394531 0.0804672241210938
-0.36181640625 0.75653076171875 -0.123031616210938 0.135162353515625
-0.26348876953125 0.61212158203125 0.136543273925781 -0.0681991577148437
-0.17181396484375 0.71881103515625 0.024444580078125 -0.296630859375
0.000976562499999979 0.66650390625 -0.1859130859375 -0.272613525390625
0.30352783203125 0.69708251953125 -0.30010986328125 -0.107513427734375
0.593505859375 0.48248291015625 -0.31146240234375 -0.041107177734375
0.72186279296875 0.20599365234375 -0.233139038085937 0.0250244140625001
0.72430419921875 0.208740234375 -0.21441650390625 0.00386047363281254
0.7349853515625 0.13739013671875 -0.162216186523437 -0.0809173583984375
0.560302734375 0.372344970703125 -0.0818099975585937 -0.127349853515625
0.396270751953125 0.545013427734375 0.0928878784179688 -0.067291259765625
0.18170166015625 0.57427978515625 0.2247314453125 0.0658416748046875
-0.10028076171875 0.62139892578125 0.174102783203125 0.3104248046875
-0.1917724609375 0.5904541015625 -0.00595092773437503 0.38104248046875
-0.3206787109375 0.769287109375 -0.041107177734375 0.29718017578125
-0.25811767578125 0.5760498046875 -0.245208740234375 0.3309326171875
-0.182830810546875 0.467071533203125 0.0108261108398437 0.0888671875
-0.117401123046875 0.555633544921875 -0.049835205078125 -0.17706298828125
0.036834716796875 0.5191650390625 -0.205154418945313 -0.226821899414063
0.292266845703125 0.532958984375 -0.36358642578125 -0.182861328125
0.52142333984375 0.3521728515625 -0.506500244140625 -0.107757568359375
0.5914306640625 0.15081787109375 -0.481597900390625 0.0387573242187501
0.58428955078125 0.17724609375 -0.437835693359375 0.0140991210937501
0.5814208984375 0.15460205078125 -0.377197265625 -0.0889892578125
0.39178466796875 0.35308837890625 -0.234832763671875 -0.1943359375
0.21148681640625 0.4598388671875 0.0404129028320313 -0.128028869628906
0.039337158203125 0.423675537109375 0.193817138671875 0.1163330078125
-0.11785888671875 0.419891357421875 0.065948486328125 0.405181884765625
-0.1546630859375 0.44219970703125 -0.130340576171875 0.488189697265625
-0.26251220703125 0.6248779296875 -0.180419921875 0.4759521484375
-0.1209716796875 0.313201904296875 -0.32958984375 0.462677001953125
-0.0748748779296875 0.255126953125 -0.0785064697265625 0.218551635742188
-0.060150146484375 0.296844482421875 -0.0924758911132813 -0.0744781494140625
0.0344390869140625 0.281051635742188 -0.214752197265625 -0.180038452148438
0.19500732421875 0.2958984375 -0.409393310546875 -0.22015380859375
0.34100341796875 0.1922607421875 -0.64227294921875 -0.11846923828125
0.35992431640625 0.09295654296875 -0.6572265625 0.0763549804687499
0.354248046875 0.122833251953125 -0.5897216796875 0.02056884765625
0.352020263671875 0.13214111328125 -0.520660400390625 -0.117156982421875
0.192306518554688 0.254531860351563 -0.309844970703125 -0.265777587890625
0.045013427734375 0.288421630859375 0.0358123779296875 -0.172958374023437
-0.0514068603515625 0.217025756835938 0.154525756835937 0.165267944335938
-0.086151123046875 0.188934326171875 -0.0699462890625 0.44219970703125
-0.086517333984375 0.252639770507813 -0.25079345703125 0.514556884765625
-0.165069580078125 0.391082763671875 -0.29437255859375 0.59014892578125
-0.0645164096296114 0.132831050153803 0.757835068173539 -0.094346653095026
-0.0306249740475262 0.102435902564551 0.667944554272763 0.0780177560001164
0.00742265295465088 0.0346978762900008 0.495287431852033 -0.0791142785312497
-0.00347135547047815 -0.0277901008288804 0.146976272601641 -0.254636603585707
-0.0493247369627142 -0.0130281642086199 -0.243360510383005 0.0187220498606069
-0.0429968497652941 0.0344091176429519 -0.194549733508174 0.453774194138924
-0.0552780426497335 0.0619666179432301 0.105041800494933 0.651425909817945
-0.0346974297856641 0.0735262941693094 0.336855523678481 0.643160472916703
-0.0219483798730267 0.0877486283349029 0.399083512787706 0.618381803559977
-0.0434773474541617 0.0925613409061236 0.292628948941317 0.615886409134556
-0.0655186616500306 0.0517036417566716 0.0935312185975425 0.536940297115856
-0.070109512333533 -0.0247212622148984 0.0281690124134448 0.315792294323873
-0.0331512599658015 -0.0201691081688054 0.0737724793143241 0.137988917255803
-0.0152362591258559 -0.00641011613618602 0.266541905294034 0.00390416532040509
-0.0591275501363522 0.0227448997783346 0.614617041110718 0.0731745591009206
0.276211734903765 0.0830268203032719 0.702588980723267 -0.126728587158764
0.225724994391464 0.0272087012650043 0.616623665105865 0.0925654771739008
0.228149433118205 -0.0506862976685875 0.474020541408373 -0.0450954265932714
0.178616957146731 -0.126305664015264 0.151602414909088 -0.265894070228897
0.0907537858168692 -0.209854912927696 -0.276636944258521 -0.0133510383272537
0.0044272792247946 -0.218307338971696 -0.244160192373613 0.423025393415205
-0.109448730186057 -0.221312509208072 0.0465559247554014 0.642546941617993
-0.15947085238314 -0.183941862007018 0.303051394232553 0.626519475219588
-0.168194287827628 -0.19339597770154 0.386477832673378 0.594267267131754
-0.112262812510182 -0.186988064098821 0.281210516700583 0.572207568722513
-0.0571748046061005 -0.235948843726708 0.0811174933829078 0.496072558809287
0.0655289478122852 -0.268363583863682 0.0333177858430836 0.277171481971584
0.174651294589168 -0.205934551356766 0.0944020337696126 0.128132435851005
0.226852698565779 -0.0842379995488593 0.27025071877701 -0.00871108461019549
0.246715057278027 -0.017805313838046 0.599143441621316 0.0420170421091583
0.589599932660738 0.024269372280805 0.544821760128357 -0.153124918203943
0.472608372980293 -0.0493583878368668 0.539252661461035 0.0802435321738161
0.451318644757749 -0.129983279114867 0.444751591815616 -0.0738682045922749
0.37094493892193 -0.222928652990255 0.132021339631874 -0.301736146273822
0.235133842639022 -0.401202277080477 -0.289189563446922 -0.0566221153625873
0.0584000328049957 -0.458336943202371 -0.2619791634504 0.336204370963574
-0.14663366946317 -0.482592611121477 -0.012625004047891 0.537792359818025
-0.26288145481176 -0.418116638230753 0.222855807399569 0.516154490605025
-0.299079971240178 -0.443487266394323 0.313963524441802 0.488771362046592
-0.180738683051829 -0.434696271481688 0.223481340552993 0.460720067956382
-0.063644723284937 -0.493412499903567 0.0578413338440586 0.418322244346377
0.165354359967718 -0.494268826039556 0.0298514651143319 0.24284890628459
0.339170731442452 -0.383942139834764 0.0783536649058571 0.146095401377542
0.43250826604696 -0.171746175632837 0.193072922898806 0.00808306542039846
0.514758488380143 -0.0707786514788627 0.481820154406722 0.0256002109042104
0.806182201434419 -0.0396888997650596 0.302196879388187 -0.167571433696171
0.650574075437322 -0.118617350617116 0.425248395721781 0.0493966775845169
0.639326272939654 -0.201701807643886 0.390480565590929 -0.149729194314463
0.541376687685701 -0.332859672793002 0.0865872108973985 -0.354808736726851
0.339222132800267 -0.589753620930139 -0.281469407324932 -0.118286689056274
0.0816118245938828 -0.658693457510896 -0.251816426091481 0.190134100060581
-0.174458950909016 -0.68370435432195 -0.0720464664064935 0.350905080905534
-0.328001544735401 -0.592403430875182 0.109948388493186 0.331948328484487
-0.377809121840093 -0.627390515941772 0.192164528678486 0.315944589714233
-0.205361099390535 -0.621863674356174 0.128467726295165 0.293399131151166
-0.0456895585208637 -0.678819377570585 0.0248308585936063 0.303956354053094
0.250139387597101 -0.640575004096237 0.0158880790412428 0.214599275553288
0.455479679209666 -0.502785346103762 0.0235543733822151 0.187502757240672
0.567612922640408 -0.238764734257271 0.0463356764806727 0.054214522458131
0.701371409234581 -0.121506635063153 0.282094220029568 0.0294197144182508
0.888552054662629 -0.100121602785162 0.0173277765620202 -0.162627268082005
0.713962587702215 -0.166448770926298 0.26463443002986 0.00733289059314745
0.740333373975444 -0.254922109633326 0.284606259201856 -0.228205000363071
0.632458966010067 -0.429010785459279 0.0251889052180734 -0.392914183669
0.36605962926879 -0.721985233144692 -0.246056035050279 -0.205821515915632
0.0635566366873269 -0.774080019205314 -0.231461649089006 -0.0122849545061482
-0.197605843715257 -0.782189204493247 -0.140851906815506 0.102581760254083
-0.344421165169056 -0.678077554711686 -0.0240263551865258 0.0956041236329203
-0.380113679265044 -0.720803596224844 0.051029282430788 0.0960824020025216
-0.164026946857651 -0.711866714502448 0.0287235870040701 0.0878304473108383
0.0222077561230799 -0.744341832802472 0.00308196397716719 0.165598897602072
0.326658382405811 -0.653348042563504 -0.00481296210311052 0.194786704167015
0.507436445396253 -0.512897489826221 -0.0695786228719843 0.238341063817793
0.613960851376993 -0.261066516083621 -0.145068914408543 0.103371822373768
0.787675733298736 -0.153532096145693 0.033843346732258 0.0455095902984788
0.820647216664046 -0.135768798176185 -0.254762554039241 -0.138360448395088
0.658077686942803 -0.178433771032082 0.0661552309489774 -0.0267413481945751
0.708392758108298 -0.266206601592766 0.14502109415153 -0.2605503283754
0.594654126610747 -0.459274851864374 -0.0241008257819678 -0.391239253472293
0.310684441509536 -0.732672961414573 -0.190513721745653 -0.309883004386584
0.0195577785783667 -0.758025137078108 -0.218922525515577 -0.24193221554298
-0.196135026685456 -0.758422297709758 -0.220401997376332 -0.164513610377515
-0.308163364542642 -0.660404430705134 -0.156802889725206 -0.152251633065754
-0.307790298347755 -0.704706954930254 -0.0708566926599445 -0.140730877917933
-0.0675810646006884 -0.680968051182521 -0.0312160618968216 -0.124889690571365
0.120388901022019 -0.664233986331014 0.0186675233014313 0.0327700986352563
0.364825006329423 -0.521824311801828 -0.0300774579916781 0.185415145070993
0.478484314735394 -0.41336215722433 -0.191721479186316 0.265202580683084
0.565036406024481 -0.232295762930399 -0.339618656983653 0.118653267739735
0.758331182478014 -0.156967641982965 -0.221756720564345 0.0659883038989433
0.629138822451179 -0.146431954290062 -0.477721030915292 -0.10211697557778
0.495555690099172 -0.167928315273711 -0.133039476302905 -0.0333589929982563
0.544064022069224 -0.225706842835577 0.0214831422175374 -0.233633523561379
0.444221556080799 -0.387910740103078 -0.0409771300205134 -0.356208718000062
0.209227861594282 -0.596670472193865 -0.131559910865413 -0.409587295522634
-0.0144173757426044 -0.60857518070187 -0.225439314309684 -0.447374422016594
-0.158998514055985 -0.61275993120575 -0.301303724538383 -0.400274024978704
-0.22201378137658 -0.541341338613973 -0.263720993768991 -0.373490951069423
-0.18906272748799 -0.575919550073951 -0.142941532935608 -0.358175533497873
0.038722195581994 -0.534589612701618 -0.0270679454153353 -0.299379714936192
0.188368978701155 -0.465236668914504 0.0753804304909663 -0.0558997691918898
0.327766906009557 -0.306444345467486 -0.0573798274456163 0.188403550522207
0.366831466951652 -0.258125980635372 -0.315832910511961 0.242398393491753
0.437120419513361 -0.177949333095039 -0.490000130482956 0.0819577436879162
0.621611775349834 -0.138873311932087 -0.445943192410094 0.0837696001507869
0.349742640549154 -0.130581251164817 -0.614133277323545 -0.0572454822023084
0.257598782635968 -0.130925247111508 -0.280945799588727 -0.00746237621741158
0.294078185714685 -0.126198545757949 -0.0460582117506057 -0.174680218899255
0.240540916881798 -0.219785994991306 -0.0252012292864769 -0.311388814093694
0.113342270548571 -0.345285093218085 -0.0832160033803138 -0.483977386207025
-0.00770150763658355 -0.362600658136841 -0.242780214958434 -0.590899094832507
-0.0744312954095857 -0.378537609741117 -0.364924436023005 -0.570267427823692
-0.101325114476591 -0.342133451755221 -0.331088429554813 -0.533072054960019
-0.0613267795346492 -0.362062497157714 -0.156240000796666 -0.520577808133955
0.0963048063649068 -0.310727641311186 0.0291465420321485 -0.403813805178398
0.178346332510797 -0.22322332236603 0.147534670312345 -0.0804368240153371
0.210228572625893 -0.10114292569262 -0.0895233100140357 0.193900545290252
0.200657660920254 -0.110411451255762 -0.406602447436883 0.171692669135012
0.258300358140827 -0.115030941616564 -0.57121452111727 0.0136081255188237
0.395729432955414 -0.101849755499474 -0.612291423102873 0.0885466193808596
-0.057127513183321 0.138712346886775 0.754871240739012 -0.146604656695229
-0.0230152079943796 0.105131159515036 0.67308101411853 0.0339831865295499
0.00992524208695224 0.0337369657432203 0.492239722498253 -0.108550937362721
-0.00639123892681793 -0.027954785119514 0.130276349327503 -0.265781374162045
-0.0489865932635161 -0.011723125295797 -0.243720134262767 0.0344895222341083
-0.0398196974182502 0.0332196742162831 -0.164282245743911 0.466213533692157
-0.0506495214830593 0.0651790031017414 0.144506199364778 0.644161251283585
-0.0311769864582849 0.0766893596529275 0.374742337468751 0.62317931629553
-0.0171910817606678 0.0880739099884082 0.437361061444886 0.595346581852008
-0.0371360236003445 0.0967986393058169 0.334643069374902 0.600704324074648
-0.0633821250322262 0.0572483345071693 0.129814886232859 0.535582122537316
-0.0748980901838973 -0.0203383269741483 0.0477330152705532 0.312341622037439
-0.0331581169289621 -0.0190159771808675 0.0846422164901413 0.131332159161614
-0.0159663508752373 -0.00443876941159495 0.268466964713883 -0.013135531311147
-0.0585183329857069 0.0277802648957978 0.622727392921359 0.0367374104205442
0.283312312938964 0.0646903277529129 0.695188657705245 -0.172542967049138
0.228877836433854 0.0120133262623768 0.620346866158884 0.0506214540576229
0.22444875828747 -0.0676072670707266 0.472957723050536 -0.0735639627667634
0.171169719825651 -0.13750062959895 0.136398584631055 -0.277798605827774
0.0785352424488798 -0.216839818418918 -0.278329091693769 0.00455462715129725
-0.0073917746751596 -0.224731273358263 -0.217914187072225 0.438326872644966
-0.123465344689964 -0.216155119788483 0.0867510137113175 0.637889751786329
-0.173566309248022 -0.173625176840734 0.341974305680796 0.608447978041646
-0.18310018641304 -0.18525422777156 0.422083035733886 0.571126030121323
-0.123473991767058 -0.181527852829617 0.319493808580625 0.55498548170709
-0.0725886295450834 -0.232898407114711 0.115665041564998 0.494901792413939
0.0480050908177958 -0.275196506714398 0.0497048462564779 0.272559327561761
0.163518905213177 -0.218735534837468 0.107146993274853 0.118694248605851
0.225325530589095 -0.0975181402796129 0.271631348334787 -0.0257689708557978
0.247618316501747 -0.0344226090434015 0.603474983453255 0.00793952358881918
0.59501971486957 -0.0153551761422331 0.534184800296987 -0.189540648828653
0.470852494707724 -0.0823738462020973 0.540248793875269 0.0474593008340835
0.443657900863564 -0.162545739887511 0.444972126888694 -0.100992837684784
0.359703140859367 -0.245322058059294 0.114578670170934 -0.314125211963955
0.209093020667353 -0.41811058612021 -0.293941579716075 -0.0364670938027246
0.0310247483142912 -0.468886343474525 -0.243078565940685 0.35358924752941
-0.17771944040201 -0.478809253932648 0.0234381578476173 0.53952122755383
-0.291842458236622 -0.402300606639782 0.255954956828184 0.500627281394918
-0.331920843175699 -0.427912455952055 0.344046432371701 0.46840280024253
-0.206414902289798 -0.427692555635322 0.25342168205839 0.447027709272001
-0.0965872647767769 -0.492086368783156 0.0883057472151777 0.417826529747783
0.13479824386444 -0.508388638785155 0.0442243077264195 0.238202541485356
0.318560707567774 -0.408949644850916 0.0920055943082744 0.135895666483514
0.427344378378986 -0.198719147385668 0.194982311601272 -0.00424125280107945
0.514270963364001 -0.104855118800738 0.485319538770595 -0.00286336515002363
0.811240251482123 -0.0953603020879473 0.288750532242647 -0.186556523983663
0.643826088742794 -0.163434296991273 0.425088869937925 0.0259411807963958
0.625983679270765 -0.247339969093838 0.385180227927661 -0.174522070880386
0.526725036172141 -0.366062266249898 0.0665869913048817 -0.365098347472859
0.303506373088835 -0.613039350856773 -0.289134664646104 -0.0979513656745716
0.0417858638199561 -0.673504452419754 -0.244527790136612 0.207416769165167
-0.22130403453627 -0.675760977759475 -0.0475434401871282 0.355698902434918
-0.36998006922734 -0.57183712018869 0.130245799526823 0.322587588287545
-0.420507389192003 -0.606116453651128 0.209743550104535 0.301000648883916
-0.244227632850992 -0.614293844580262 0.146586879405571 0.284691912650988
-0.0907606034981981 -0.67875362228416 0.0480105179526755 0.303761307866398
0.211072549446523 -0.662604458165041 0.0280381435649105 0.210303618432598
0.425187888530954 -0.535858837330411 0.0400738733224488 0.181229476759297
0.560195299457517 -0.276682846714145 0.0516463008304072 0.0506556648080072
0.701108058117755 -0.167038971782737 0.284331661808719 0.0125304201850404
0.890068513609601 -0.161064600510052 0.00454528641339849 -0.161965435536179
0.705873506019901 -0.214216143461504 0.261528424190741 -0.00506773747889207
0.725060918294823 -0.304679991888996 0.27319899056676 -0.247849433802536
0.613434791245891 -0.469569446595656 0.00232894524777206 -0.399890253575019
0.320361214229222 -0.747681373866453 -0.259650147459687 -0.187415603785098
0.0160514218711459 -0.786526446123652 -0.23797361394957 0.00448719833516676
-0.250721921844991 -0.773539378430112 -0.130773881492573 0.112154603718286
-0.390012513744801 -0.656183895998842 -0.018109873279645 0.0940251932334799
-0.42958645102125 -0.699077501533497 0.054283955677421 0.0887861405631128
-0.208291485446114 -0.708529017678479 0.0326570343779631 0.0838057700550209
-0.0255402026851506 -0.748381096629846 0.0174996809513804 0.164544871213092
0.286467261013254 -0.679428626676728 0.00632459942644827 0.191601570744491
0.475627619463698 -0.548775786853934 -0.0498392465553749 0.238357357795568
0.604758059683916 -0.302091493178685 -0.137239740589361 0.112370109126413
0.78465855827006 -0.206958711210268 0.0350199023618116 0.0433615962083613
0.818889227143538 -0.192242034395376 -0.265960960894632 -0.120381501453403
0.649091295745348 -0.223693806639907 0.0609199214740881 -0.0276106598459141
0.693601132518587 -0.314132638928056 0.129523612723523 -0.272598459267755
0.575935378229011 -0.498425648117149 -0.0474331831203846 -0.395607650914655
0.26523722002227 -0.754433763929753 -0.209639734476306 -0.296053355538818
-0.0276103412663733 -0.766636201520516 -0.240310321204255 -0.225372725145253
-0.249305350557848 -0.749835885685919 -0.226944324494133 -0.149617186230734
-0.352362989829195 -0.642892768340391 -0.16562841563765 -0.146182436579394
-0.35441632297415 -0.685393220720124 -0.0823476329776588 -0.141221878272527
-0.106858452910572 -0.683933549838549 -0.041351992297599 -0.125305871520403
0.0795595991400508 -0.671188753872931 0.0242150430590683 0.0292961225977338
0.335557443184148 -0.548996287102989 -0.0183916171419953 0.185268709445072
0.454044007567473 -0.446868467092389 -0.171011480084332 0.273914154589093
0.556526033613591 -0.271609672120647 -0.330238549747758 0.139547460336611
0.75490052943631 -0.209616764452749 -0.220704999508298 0.0786716851115358
0.625822990396597 -0.189901768911096 -0.485157747271405 -0.0707267147657102
0.485271707019154 -0.201399988413236 -0.13880936659242 -0.0218660499471527
0.530105373997919 -0.263050414985641 0.00553101749146508 -0.236521836834456
0.427279330024903 -0.416706694648964 -0.0620416856202852 -0.357661787755421
0.171968019408985 -0.610094358401631 -0.156864373477702 -0.401561251690517
-0.051538199752816 -0.612471874307925 -0.259626769512037 -0.4321441387304
-0.201268736010491 -0.606345173270955 -0.323083153830329 -0.381493393412496
-0.259197381651003 -0.529026329085592 -0.288177061919772 -0.360718066736638
-0.226256224486424 -0.565318597489623 -0.167083412443264 -0.354125681245218
0.00588498597565227 -0.543396292058525 -0.0481857417108837 -0.299716372958325
0.159508515266572 -0.478719708065733 0.074900543233184 -0.0626365546856881
0.30960500554752 -0.329192982258566 -0.0448355761932129 0.192450223688773
0.350718940906558 -0.283242374237176 -0.296964959803812 0.259050477743754
0.429234245522684 -0.207702170885524 -0.482569814830479 0.111696144468758
0.618091407878446 -0.182199363366125 -0.444329722229545 0.108250235054832
0.346201312402468 -0.15374888633982 -0.618751969680169 -0.019363358472875
0.248638462677646 -0.14800015270123 -0.285436100155196 0.0132865119403169
0.286609521702438 -0.146981216381884 -0.0607181894221034 -0.171464585525686
0.23099497049041 -0.234838627160356 -0.0420432712146759 -0.311380981562231
0.092376194799201 -0.351868607711846 -0.113452052921909 -0.481506986419895
-0.0309365484317947 -0.364955641515976 -0.284841138421547 -0.575025111712671
-0.10117859332323 -0.376207636626002 -0.399462707642848 -0.545649002158526
-0.123998443930238 -0.336534574894788 -0.36178972147056 -0.516161771264553
-0.0842608604065098 -0.357044203926826 -0.188029610662867 -0.513648419892492
0.0778498803950059 -0.32005976334696 0.0017772075023015 -0.406845278530654
0.164940190615917 -0.234295608918226 0.144656089330883 -0.0919592246260097
0.204958346923375 -0.114286417258033 -0.0762881139561097 0.201472731698693
0.193578526275402 -0.12463707047284 -0.393688382387128 0.193935839082398
0.253554086568479 -0.133292084850543 -0.566280546146079 0.0466647052487164
0.392575897413201 -0.126976022175052 -0.609049358381773 0.126595678661066
-0.0487362286601773 0.139958652346726 0.732072422051834 -0.189684467496098
-0.0156286842034052 0.104399157077722 0.658590061336141 -0.0078231711167347
0.0118796878761365 0.0316677085298502 0.478759724883039 -0.132959742342205
-0.0090866997968887 -0.0277688658448693 0.113090158628076 -0.26901119902962
-0.0474859998800012 -0.0105254571578743 -0.238808767195481 0.0484623710875368
-0.0375081564325422 0.0311167638298246 -0.133798179065778 0.467060737749717
-0.0458387333228963 0.0663558009602287 0.180348561541967 0.62153345958754
-0.0271917146881649 0.0789738976329184 0.402125771077417 0.592288341978909
-0.0132877543202737 0.0872709646732216 0.461833287735853 0.560786497838046
-0.0293819651104004 0.0984296218039577 0.366474408082196 0.570198150140215
-0.0598120908074076 0.0609681041796585 0.162350973029454 0.520312293142365
-0.0765150157536375 -0.0150804428536239 0.0639804057206134 0.301753291822127
-0.031816232463485 -0.0179122574772875 0.0921031068309058 0.122354505270854
-0.015453514378931 -0.00166125332362965 0.264217542094559 -0.0266746894831654
-0.0562794964594076 0.0312180377234363 0.61433253421774 0.00425752814353842
0.283167476113185 0.0459114771108183 0.673176400118789 -0.211406068877782
0.226378383841032 -0.00275372978411243 0.606580673786391 0.014303956595663
0.215667663985506 -0.0815868515967709 0.462493272831181 -0.0963614895753259
0.16083470329547 -0.144680710666549 0.119083967939909 -0.282696918729209
0.0655015781265593 -0.218429179928619 -0.272779130271166 0.0211122199957963
-0.0202123604768818 -0.225503283958084 -0.189457950525042 0.443268140240863
-0.134148342444468 -0.206078365108084 0.121744757465288 0.617798359638336
-0.181801799689786 -0.159647368917376 0.366519801529968 0.578627768241075
-0.193447141179242 -0.171499519059484 0.446581443817986 0.536473060296711
-0.130314024726991 -0.173686237174209 0.347797410618435 0.527267550171971
-0.0858136247183218 -0.224643216201197 0.145838336556637 0.481626740990595
0.0303005038796777 -0.275008373962758 0.0627788033945229 0.262703504787284
0.150104281534617 -0.226194290412914 0.114142997241979 0.106028399095083
0.21914890115319 -0.107822033894804 0.266490066381148 -0.0405244277757641
0.243038429571775 -0.0476720966039799 0.595595996150433 -0.0238194012619257
0.588017865577594 -0.0541855671956385 0.511477809531671 -0.217347981516862
0.458882969458463 -0.108586859274334 0.528492693856094 0.0164425133288958
0.423886694746027 -0.189437776937985 0.432116816780282 -0.123627744938644
0.341755265377131 -0.262189419756119 0.0965556993362248 -0.318645845145016
0.182532220913991 -0.423228828280858 -0.2895655265757 -0.0179907592114533
0.00333952359856548 -0.469177705048647 -0.221022092191121 0.362092681450623
-0.203849236545367 -0.460552403513938 0.0547616579747305 0.524836441812057
-0.311286501840097 -0.376930726109836 0.277347332200141 0.477950780569378
-0.353306355427663 -0.400950462194872 0.361333287800437 0.43817374820529
-0.226887700195725 -0.413462036361738 0.274765364507826 0.423369855582357
-0.123898611978888 -0.478764957288062 0.113494872123248 0.405788344152209
0.104279452753984 -0.511009271166369 0.0547868832338915 0.22886609334112
0.29117024819099 -0.422124923662121 0.10140817433368 0.1232256089817
0.414111888965359 -0.220537722271968 0.192684104665367 -0.0157996638676268
0.501990794092223 -0.135168445432889 0.477130685320052 -0.0279962164760519
0.795539765021148 -0.146196089611549 0.27077202499208 -0.198281855964384
0.623193154178011 -0.199822963570529 0.41578716501365 0.00404965924580655
0.599436195325324 -0.283533366459622 0.370344798685778 -0.19399513795316
0.50135728398965 -0.391400455687584 0.0448680744553301 -0.367671145217585
0.261590694848558 -0.618558707131338 -0.288391169876258 -0.077903100719305
0.00221281963183699 -0.670949050233533 -0.231696906306203 0.219650970916198
-0.258738652686923 -0.654663871628939 -0.0245718291776963 0.349938433083044
-0.397308429136656 -0.541133561576024 0.143525367817266 0.307039983538058
-0.45209131682036 -0.57079462340105 0.220993583502633 0.281036626765952
-0.274505126422282 -0.597377155859705 0.159419689417427 0.269924290745533
-0.129401799841006 -0.662986289414207 0.0679942074420773 0.29518616988481
0.1703620921287 -0.66711606533269 0.0383123830997837 0.201673858119236
0.389751960851524 -0.553126697593004 0.0541077505692894 0.169989929214457
0.540704021129117 -0.30477543734511 0.0551263639607634 0.0460937901088345
0.683665476844359 -0.207383812782862 0.27937629165822 -0.00332249678153538
0.868889896148945 -0.215071243727287 -0.00590934565022994 -0.156850738544002
0.681138294308389 -0.253066407078522 0.255386056245644 -0.0159063695052948
0.693631398705798 -0.345641584848651 0.255567792556524 -0.261285779155532
0.581801593070131 -0.498148766743186 -0.0208101480896285 -0.39864429195886
0.273252263123395 -0.752218891357769 -0.264502699259902 -0.168015458651725
-0.0296215723093897 -0.780955003551058 -0.237209212543805 0.0208870222979575
-0.296370725135515 -0.748575472199441 -0.118243401135825 0.116235705377765
-0.424291912414201 -0.624415185504787 -0.014255479449186 0.0902597797288189
-0.466324674843505 -0.660287925566098 0.055276004526908 0.0805714753401443
-0.245391581873055 -0.692497691934035 0.0351614071872842 0.0788922117361867
-0.0691219643740248 -0.734147104573903 0.030009269311856 0.158172722375087
0.243410408619392 -0.688436566355507 0.0162475284552658 0.185841853896049
0.437782854476683 -0.56850359746728 -0.0311554388780289 0.232170249682541
0.582645287453758 -0.334442464967076 -0.126426422028432 0.11605648643663
0.762357753432717 -0.250682813796528 0.0348946428594955 0.0404167983236287
0.798607514930337 -0.240413746735665 -0.268409163520185 -0.100494860833388
0.623820871755324 -0.256948394228947 0.0573408833194014 -0.0265724177110695
0.664210215405356 -0.35043480154581 0.111621158875744 -0.277843381644637
0.545945057177563 -0.525171485884763 -0.0690397880163408 -0.390932638522245
0.217400524562711 -0.756133486547155 -0.221322951723315 -0.27751922752416
-0.0712629048937789 -0.757440187207064 -0.252252897402969 -0.204622410015296
-0.291097480341565 -0.724443940727481 -0.227280731893855 -0.134585340787511
-0.385064810446885 -0.611570126247927 -0.17208794742618 -0.138375969152229
-0.391993290113932 -0.650954617744148 -0.0922500848565025 -0.136910117494315
-0.144490384764116 -0.672249681287004 -0.0502567723926876 -0.122183458450503
0.0383910192079063 -0.664235195284133 0.0282959571770659 0.0246842081470169
0.299324483216425 -0.559751090144199 -0.00602940939668213 0.181830603556892
0.419610517879083 -0.46779724188678 -0.148762057547822 0.275050630821612
0.536244738529284 -0.301137909217585 -0.314455559849764 0.153571152269714
0.731951688927235 -0.251808033723446 -0.21543188316259 0.0891280499882117
0.610179228092309 -0.225873025312989 -0.479483691625981 -0.0405642639592442
0.464911711956557 -0.226982210223937 -0.138678762222119 -0.00974687050614174
0.506536070515508 -0.290179897498663 -0.0100333921992448 -0.233639671496912
0.4014854400735 -0.43645032930135 -0.0811747425920929 -0.351489361041543
0.133986053292904 -0.608399299665624 -0.175719571916697 -0.385934880403837
-0.0868204545024664 -0.603496383250771 -0.283055319079038 -0.408335294968945
-0.237924982154073 -0.58643526592334 -0.336261849196162 -0.355456903316214
-0.286410433579052 -0.504873026023466 -0.302581295333663 -0.34136989679247
-0.254814169433644 -0.541064839030877 -0.186959104605697 -0.341045334791191
-0.0244997103607694 -0.537322093509787 -0.0660261116165528 -0.292968555370844
0.131096967054362 -0.477136007437476 0.0726958059599627 -0.0688252539418586
0.286361438064491 -0.340810013569291 -0.0304664060045533 0.191193169442033
0.327335541644346 -0.300747989814161 -0.274593422394063 0.267674310434954
0.412423798114298 -0.231071084153596 -0.464500241108058 0.133601193517279
0.599511058657756 -0.215583870955809 -0.434891170723141 0.129732159711634
0.334078639732521 -0.172355194320448 -0.607438917574785 0.0169233621468916
0.235140336639805 -0.159952691189306 -0.281585500647663 0.0319616807324992
0.273165762750008 -0.162192745735339 -0.072320761203635 -0.164411486229641
0.217228895130397 -0.244581684247647 -0.0583737375267885 -0.305416872782492
0.0716638529199893 -0.349824825697053 -0.138513542045799 -0.466924432319425
-0.0510363446143414 -0.358766922381448 -0.315790964170855 -0.547702249494523
-0.124045651266502 -0.365637980855881 -0.4207171702497 -0.513757909375128
-0.14256193764811 -0.324656641268208 -0.384826919606597 -0.490396987789398
-0.104007371267065 -0.345200935159321 -0.215013963546786 -0.49700400518514
0.0584983895615017 -0.321712865573784 -0.0225643455886319 -0.399365255872038
0.149380740065094 -0.239434532506584 0.138105119050177 -0.100177271504402
0.195928442753297 -0.124123366318588 -0.061771340820021 0.203338906392855
0.182598058656317 -0.134588201557041 -0.374973688811995 0.210068766110214
0.243040054666404 -0.147036688702563 -0.549965175039114 0.0734524138435737
0.380899973629818 -0.149242900340511 -0.594404776888105 0.155675058709339
0.00596039010823558 0.142995047177535 0.609834497892708 -0.428045601787558
0.0277769623193763 0.0972018649085238 0.597849616752167 -0.229481797381209
0.0225676048787336 0.0209721862384607 0.399685016165924 -0.281450800332765
-0.019407596483651 -0.0231324214020869 0.0187343056785121 -0.288414108743137
-0.0489794965013335 0.00587780294177302 -0.203630912223838 0.122544934545524
-0.0267566503585453 0.0434559054352047 0.036089867354614 0.47331980533924
-0.0177571888297856 0.0816058553289408 0.378444687503426 0.505401969078371
0.00432109224168498 0.0839094526971194 0.566815011159598 0.402587678712406
0.0162114393376951 0.0852912999764304 0.606216392119949 0.359906184843136
0.00758396464452847 0.0972387888268664 0.523358850249336 0.401648871513926
-0.0351434191651711 0.0777920003563019 0.323810471183899 0.419629122392734
-0.0771593179916244 0.0122672105257115 0.156449061711877 0.255044473564199
-0.0342041481748211 -0.00781716168999625 0.124826407085707 0.079510745317697
-0.0158918158620629 0.00461416410420726 0.236166699834303 -0.10963099158518
-0.0455674603862117 0.0491500793818425 0.565815180811334 -0.184694005126169
0.284365797299111 -0.0667105163132982 0.541355882304583 -0.412258682348083
0.213450262305746 -0.0902087765592326 0.555988195279207 -0.177667286005144
0.169091510717832 -0.157292888663393 0.399108921026635 -0.229342778721522
0.0934160236939102 -0.193505106693599 0.0227966670525376 -0.292058827837526
-0.0167783086040365 -0.222154149707042 -0.236178391925628 0.11477958593265
-0.0977439509238055 -0.196936744708451 -0.0163406434022623 0.475266576868169
-0.195884088793295 -0.142389375824062 0.33212637591519 0.527375342613929
-0.214785593455733 -0.0819378427132054 0.53330987767654 0.400259056269426
-0.235410515006984 -0.0902777428639907 0.588892565968697 0.34157138203735
-0.176376374661188 -0.120567072532994 0.497048636039923 0.370791926845676
-0.154411971666807 -0.175167312032922 0.301441578986562 0.393976452350779
-0.0653997230318647 -0.264165035526858 0.141768974370915 0.224811348359719
0.0648067229465935 -0.25889386528007 0.134739598284298 0.0582062367608367
0.166053295070611 -0.173582993883966 0.22990687757254 -0.126116224875962
0.208863623248454 -0.122628697290654 0.531977997300589 -0.20998976634298
0.533642998056817 -0.269481592928285 0.386519751616695 -0.349561853650284
0.389539425282594 -0.273243281658123 0.48304413406239 -0.134229888301882
0.321272017214239 -0.330464742104867 0.364471307501091 -0.22950202962087
0.216787107443932 -0.369308544772706 -0.0082686222357075 -0.306218836017447
0.0209315693640262 -0.448474328686654 -0.257169985942167 0.092715750979058
-0.158522241452494 -0.4293249684404 -0.0637392455329139 0.415642953828017
-0.349543478146996 -0.357180343777541 0.244158759778088 0.472423364450605
-0.405347293303526 -0.237586839155597 0.424596570369625 0.336756729094065
-0.458484232874987 -0.247067405111139 0.480494592145621 0.278193790268481
-0.344962641960274 -0.310115550582061 0.399334222591481 0.301634028176301
-0.274131577443876 -0.395262428697992 0.252675132719542 0.337801094876696
-0.0762272703775309 -0.50565280939877 0.123454822730438 0.2007392778245
0.128876887297351 -0.486129950747168 0.12451323727008 0.0790597607329677
0.309191811565052 -0.34571319279404 0.165932976496605 -0.0813722284668688
0.424442961646059 -0.288252476028689 0.414466660565887 -0.182728583271932
0.695462839322666 -0.433173993185371 0.169840692967851 -0.241862935689148
0.508415595293601 -0.415447155328422 0.37570164905126 -0.0985917606155983
0.450339809840884 -0.479003023079168 0.283978138251588 -0.263261207916193
0.315947397258678 -0.545633649585846 -0.0691662592428962 -0.324326707998721
0.0264020952209522 -0.655636992874094 -0.268898118365772 0.0424644141055523
-0.226997079730414 -0.614276388196338 -0.115010295949943 0.291825119242738
-0.468561018786523 -0.519195722505061 0.116200838949388 0.343750028690912
-0.53709994688693 -0.35756808010946 0.247831977163512 0.225314944637455
-0.60726005269831 -0.366585702986587 0.300808278507652 0.179666616112407
-0.451768329985672 -0.462945256957302 0.246521876873058 0.202369187439369
-0.341267151445468 -0.562291416025111 0.175884524172979 0.25307755299938
-0.065891253958156 -0.672547254082183 0.0992657511999361 0.184771644197924
0.17738651228563 -0.637489239001964 0.0932608328984861 0.138733418214051
0.400236380497056 -0.467865403695994 0.0560473044819354 0.0182828802794971
0.572079815122871 -0.416815408754296 0.23585949338432 -0.101970495718996
0.74067604137091 -0.521313446434994 -0.0707063245940005 -0.107797160488485
0.542537580218683 -0.484347022211552 0.223386071265574 -0.0594576424744569
0.512884104218473 -0.569597661293328 0.157276935883273 -0.280623363315175
0.352064026044479 -0.675206961526593 -0.137615388977033 -0.324556689432255
-0.00741446346198942 -0.78330184611599 -0.271205307614521 -0.0456263301030291
-0.294801904877777 -0.706145314973416 -0.183608480639757 0.111815769552385
-0.536628322900118 -0.596495970649695 -0.0483151552089145 0.165500664005072
-0.59117168418863 -0.42520661807349 0.031651460694192 0.0810178392397062
-0.646939715736519 -0.445045578910164 0.083139492632865 0.0511355919706235
-0.456565696401026 -0.55705951849382 0.0695676140887331 0.0690662118070217
-0.309129245833897 -0.646921136320735 0.0952651268497471 0.143004384224312
-0.00553532642996445 -0.715884465243256 0.073930186494283 0.177719938948163
0.214028632922595 -0.667498408764834 0.0350733194111133 0.223932767590392
0.429439045439207 -0.510128034613861 -0.0895236412599598 0.141204062714521
0.632062134767932 -0.483917915999571 0.0220280110356239 0.012933748156553
0.662362071071367 -0.515625443887862 -0.290528136254271 0.0294358538380327
0.487496055895299 -0.465598275105848 0.0393408547248117 -0.00619837504273247
0.483010703143558 -0.564114498878823 0.0183364229589133 -0.249141040697565
0.308927328886392 -0.685117274688552 -0.177079048930836 -0.301744734338686
-0.0593051102984766 -0.767995520481615 -0.266848064628417 -0.164020984747725
-0.324231677996857 -0.6723777084982 -0.274586904745818 -0.0921316897236796
-0.52787173223383 -0.576343734273748 -0.235508416239585 -0.0276883261736253
-0.552502881281791 -0.42867163677915 -0.19070419101915 -0.0723458221070157
-0.576554315409038 -0.461998734905711 -0.123268566333084 -0.0983208383589448
-0.358093887113325 -0.572695487840233 -0.0767627240883028 -0.085778526552458
-0.187533624508393 -0.619426950257862 0.0456454500350774 0.0223727984789677
0.089225550378678 -0.617870528123109 0.0510282166803504 0.179000358178968
0.230902408060933 -0.567334600867922 -0.0578190208542731 0.300988561288569
0.39750629286423 -0.463118715467997 -0.248745533247543 0.23534099668744
0.604578823002365 -0.474348040392697 -0.191841546933765 0.135804181159495
0.490745769795076 -0.430834001040348 -0.461902979943218 0.148841657405379
0.348312207275552 -0.376976817529696 -0.133591812166173 0.0658896719643553
0.362838916575447 -0.450401831452055 -0.0818956817739656 -0.178231701769375
0.210516496670479 -0.551092263300982 -0.17644784509037 -0.269784512700535
-0.0840193860483547 -0.605940905414013 -0.265441493870899 -0.285328328830263
-0.286873449255277 -0.527240024580023 -0.376044150597063 -0.272511799476694
-0.430384972979017 -0.468219865341551 -0.415676048969613 -0.195551519630225
-0.42753857271087 -0.366458344641958 -0.382449407268057 -0.211713987208673
-0.413107728182067 -0.406520294653736 -0.27843163171528 -0.251307634851338
-0.202689525996451 -0.487916861878953 -0.15098453711141 -0.237846247158037
-0.0400566940568167 -0.479235054205836 0.0498020400244731 -0.0786906993389619
0.150556590257943 -0.41060317398674 0.0317414900082408 0.193032125600382
0.201313269805417 -0.383085839088617 -0.172731303274718 0.334271329433636
0.307990987098258 -0.356716563834551 -0.391768239135479 0.26566235933692
0.493846244542983 -0.398061149473477 -0.375805326926964 0.242560807164659
0.251708537499003 -0.279366415310389 -0.557178940861465 0.231496712130934
0.157947300721757 -0.230500069917855 -0.249357817902696 0.140395910367502
0.192471203332537 -0.247558146069067 -0.120085672391664 -0.106959289388526
0.110742642787938 -0.307010898791593 -0.146862314294737 -0.24779131786415
-0.0541552453601391 -0.348527634962987 -0.268155591753323 -0.379226711911964
-0.172128485414086 -0.31766231334049 -0.464217258479326 -0.392428294169415
-0.248083986120533 -0.301922436223682 -0.555291553602266 -0.314887335987219
-0.239066663569036 -0.249778338246475 -0.511101644782678 -0.319023069734006
-0.209226065166929 -0.279833298527033 -0.358346441379755 -0.38251252982543
-0.0551158920059208 -0.314742303408427 -0.148140311016133 -0.3513982724267
0.0573979738644586 -0.267665348401248 0.0941649802480334 -0.131023692680329
0.138682148404779 -0.180325881809216 0.00871334217179322 0.210173618705909
0.123339541500325 -0.183015910629294 -0.281717365142152 0.312854175074014
0.178982575636176 -0.219945255791506 -0.48526848105062 0.238111881691026
0.310393655247835 -0.264796827256363 -0.509398336987735 0.320633072945874
0.010376079912788 0.142252030918454 0.58904037290338 -0.44037336445913
0.0306312361763634 0.0954794783455854 0.579167662451256 -0.242143013267605
0.0217145858510508 0.0198434995490156 0.389760064774827 -0.287994377684337
-0.0210723288854526 -0.0218979527004066 0.012989052900788 -0.288480040176128
-0.0486350359044667 0.00541553318292662 -0.197853892514092 0.12680891844064
-0.0270508693333254 0.0403833592199921 0.0485180694767505 0.468365275637535
-0.0158943879486351 0.0799196200416976 0.383746269716953 0.488359787247981
0.00713287155572137 0.0834945951627708 0.566608221590219 0.384951821368207
0.0174558596647756 0.0847949310983906 0.609178288248645 0.340446591050734
0.0106584823530119 0.0959186037492068 0.528829310093877 0.380882053222191
-0.0320935155832707 0.0788358059079179 0.333056690607041 0.4068814845835
-0.0771292831391841 0.0155298487896985 0.159141202477655 0.246901648681742
-0.0334369523499287 -0.00823385923352509 0.125179167995802 0.0735236395542565
-0.0145690628152764 0.00499939282058641 0.231333176689403 -0.114700449398277
-0.0440493040572224 0.0493983743052455 0.558401176367703 -0.197248612238848
0.280485870616425 -0.0742352825200718 0.522707229324125 -0.422437858349614
0.208973077722437 -0.0955956970534351 0.539627783995889 -0.187632661830918
0.160294051887565 -0.160726273562762 0.391669194216525 -0.236038214378422
0.087232267077764 -0.194663167909671 0.0163758626233449 -0.292981391359062
-0.0216872509228587 -0.220138721266613 -0.229845529146484 0.119039675617419
-0.104587454574518 -0.196081038710037 -0.00288784795587111 0.470672253548854
-0.198206519878561 -0.136392391893236 0.339963576748296 0.510959463716841
-0.213646091636149 -0.0748492088886679 0.534908536564701 0.382694807826731
-0.236526368925324 -0.08134340677912 0.587304173439952 0.321547058465934
-0.178410032183808 -0.116784536778641 0.500471451521517 0.351792207388454
-0.157255383702755 -0.16868510267065 0.310976109710488 0.380916286519934
-0.0729383251245044 -0.260196324986736 0.143873269547912 0.217644771993741
0.0574760091794989 -0.260886832438236 0.133559946893628 0.0500758373197654
0.162624425014975 -0.178044513406464 0.224768584842997 -0.131941315640554
0.204429873109916 -0.128117677599159 0.524354526791153 -0.222026615276503
0.52108534701548 -0.284847473724077 0.371446576624786 -0.354976226420848
0.378701429660567 -0.279750288143761 0.471083108126294 -0.143695314697287
0.306344929687663 -0.337236136343767 0.35608450270328 -0.236043645342337
0.205397943165802 -0.373013755026998 -0.0163413517343916 -0.306225853420998
0.00937341312744059 -0.444512215106357 -0.250718396523469 0.0963756465334421
-0.171682463824485 -0.424843778625162 -0.0527744013894287 0.414751655447298
-0.356716222070364 -0.344164460968547 0.251174561642758 0.458089700471077
-0.407698025168372 -0.221681595997262 0.424253043353354 0.32230121384276
-0.462474145048402 -0.226823437970784 0.479945169611692 0.260760988236684
-0.352186299038674 -0.3005905759753 0.404708073361177 0.286212406648026
-0.282130257526393 -0.384015304624793 0.261178227118463 0.32528738408689
-0.089964522708818 -0.501228918992537 0.125163943838336 0.194386189663315
0.1149015466379 -0.488012280161233 0.124100342475111 0.0692698057905515
0.300517326513881 -0.353414964340422 0.161944634324257 -0.0862581698794255
0.414143374783518 -0.300311700724218 0.408254961224267 -0.191757105890731
0.67633812414405 -0.450829622800921 0.160432036522317 -0.242172787295865
0.492524509047005 -0.423087564441137 0.36840113689149 -0.103352735531134
0.428831467343162 -0.490448521020565 0.27514795268128 -0.266411912475416
0.298691484681913 -0.554060678659603 -0.0789959288158543 -0.322403305076413
0.0101128575813531 -0.648780853806176 -0.263296211349866 0.0477081282363641
-0.245128555433003 -0.604936036610961 -0.106991538392713 0.294251970954064
-0.481638946898985 -0.50011888204408 0.123460993759966 0.332965977092545
-0.543021222593729 -0.337856062718643 0.247561742433392 0.216048959127998
-0.611547884416321 -0.342861842133879 0.298997318080661 0.168265101745667
-0.462359447234269 -0.449838539796023 0.247485482589569 0.191136481588827
-0.351129754231242 -0.546858230614836 0.181627000874666 0.242877035498894
-0.0835318140385615 -0.665674450899085 0.10111324609012 0.178452313168673
0.156448353347614 -0.639520131869828 0.0947602701769833 0.128758697525887
0.386851663603317 -0.477392810086885 0.0556328819954469 0.0148159992714774
0.556937207505296 -0.431150250145132 0.229994372011342 -0.106401759246981
0.716975095668633 -0.541065213596868 -0.0725362063132712 -0.102876135560385
0.523150032253959 -0.493299145228523 0.220385488957227 -0.0614373452546594
0.489836702537497 -0.580053619775053 0.146754504686124 -0.281809741945475
0.333275572719249 -0.681064295062772 -0.147018287068884 -0.32081261151263
-0.0279707968065894 -0.774314785574595 -0.268291302724042 -0.0385492551835616
-0.314113496476892 -0.694081755877745 -0.179412550006069 0.118415379463622
-0.551467501370135 -0.573195201496799 -0.0416631592309777 0.160160851225333
-0.597148534192998 -0.403460157413277 0.0296452843688858 0.0780843398846505
-0.65493239717626 -0.416546313362821 0.0803613293481189 0.0475494488230643
-0.469438648545562 -0.545393652062433 0.0678413940608189 0.0655650138894091
-0.322501297728762 -0.63123438532162 0.0980683014110216 0.135248713361895
-0.0248026642551002 -0.710699271951501 0.0771270373272669 0.172045327915668
0.19233019668518 -0.669651689836318 0.039516525610659 0.214117850173868
0.414269083590519 -0.520216730625438 -0.0853125048625965 0.139264161654234
0.614818778354513 -0.500882874997438 0.0201880438279576 0.0134668090540664
0.64196950375889 -0.533061762929932 -0.285536104266435 0.0369356304489315
0.469604930327374 -0.473157653412883 0.0408146783011423 -0.00536343921466
0.461841423495421 -0.57235222520016 0.00911218581335621 -0.246716584932579
0.28957932528914 -0.692061405427624 -0.187629158486517 -0.294858827301328
-0.0774269833640726 -0.759720248708975 -0.267437952868305 -0.155621962711477
-0.341460210814203 -0.659677054054647 -0.274642596025091 -0.0822591936935168
-0.541159910895569 -0.55372444564724 -0.230961951943054 -0.0249999177680697
-0.560138459344141 -0.408450268281323 -0.193407808906297 -0.0676972550020567
-0.582389483138965 -0.436999041043 -0.127767023231055 -0.0944507106814324
-0.370764887925668 -0.560114687752483 -0.0801044317012591 -0.0834834664216438
-0.200206716697797 -0.606137278620658 0.0450655138450546 0.0174011904101322
0.0708334143405327 -0.614076433367521 0.0558419078570475 0.174638096176646
0.212546996358811 -0.569803373909194 -0.0496667404919258 0.29380289580872
0.38247140519133 -0.472514329655683 -0.240800933853018 0.235059922763709
0.58702351311194 -0.489246999092783 -0.188932438609245 0.140992742257637
0.475584737535365 -0.443632550802515 -0.452632636067869 0.157035410339277
0.335078317448124 -0.381299019465231 -0.128900040573193 0.0695029758043259
0.34532461308975 -0.456779806882029 -0.0881802674618264 -0.172482897136541
0.196606378056391 -0.554512709737999 -0.184394786799991 -0.262474846724062
-0.0981087858220402 -0.59745186177976 -0.269274079303244 -0.276994593316484
-0.299929533160842 -0.51617030143567 -0.378487879018606 -0.257433057320346
-0.441509645084743 -0.448211883471046 -0.412278490452806 -0.186474922599634
-0.435683019105045 -0.349135185071567 -0.383583271801948 -0.201194599015608
-0.421082687200236 -0.389200752363906 -0.283233367467398 -0.241794370012339
-0.214698747557955 -0.479473976202227 -0.156309580345717 -0.231282173774696
-0.0514156149377745 -0.472007099775227 0.0467564029059004 -0.0815759788252733
0.137893038649809 -0.411219299584197 0.0381794244523594 0.188718120044122
0.186814661937571 -0.386307952191527 -0.16277288197514 0.331105161840321
0.29560760920923 -0.36383750358147 -0.379208074436131 0.268759903015497
0.47896135123167 -0.409184442811227 -0.368653899443347 0.250579400279343
0.242827616705394 -0.286544656574834 -0.54328277005919 0.242858321923315
0.149197382042567 -0.231585177272859 -0.241943921353632 0.146340243158007
0.182990663731462 -0.249973533609186 -0.12415605897621 -0.100333394441806
0.103888454686641 -0.308752037965636 -0.152661005631575 -0.240063632969045
-0.0616100622686809 -0.343509852342594 -0.27581232945384 -0.369543234125308
-0.179570254593634 -0.310424494132455 -0.468646060694121 -0.376040027427394
-0.255987994242379 -0.290095203919297 -0.552055978116376 -0.298677959000999
-0.245078445004192 -0.240999060221264 -0.513483273361491 -0.303446420387381
-0.214502838753661 -0.270612481223924 -0.363944244227629 -0.369498070317873
-0.0631629779067248 -0.311584842204719 -0.156602421992344 -0.343352037539108
0.0495497673645504 -0.266274045046628 0.0896802898557277 -0.132903091071067
0.13259018042563 -0.182108858475973 0.0160218384142434 0.207882373484736
0.116060660793628 -0.185766036599499 -0.270754536143716 0.313709320237321
0.172186949283744 -0.22335120919697 -0.47231395690331 0.242749436701356
0.302251000382056 -0.271261997761804 -0.498988325079094 0.330215773310656
0.0149211656452861 0.143419747401856 0.579638373932035 -0.459993822901689
0.0345968675890192 0.0950933308190489 0.570955019787177 -0.256705115788141
0.021565457124173 0.0199135796923208 0.388228277016 -0.300564244783093
-0.0235057388437348 -0.0207826607286245 0.006248013475199 -0.293811977949022
-0.0490254490204914 0.00425991623277465 -0.195308880380153 0.132702556608908
-0.0282709213153635 0.0393992978017892 0.0621523213247848 0.471778473807652
-0.0145436738951056 0.0805067722862582 0.39461741569848 0.482903742416047
0.010715283292482 0.0845839562149845 0.577796560499255 0.374857150089973
0.0191331275724264 0.0858219907340471 0.61913618492211 0.326583918747934
0.0135678917820472 0.0958173998644392 0.543743149004059 0.368549126066099
-0.0293978110181343 0.0807980854590665 0.34850517117288 0.400080703733868
-0.0785861986558801 0.0186551006005953 0.164955303378361 0.244561704399658
-0.0340133273559473 -0.0089980855860782 0.126360047815691 0.0692868110540884
-0.013547797274761 0.0049388952736291 0.230870232791911 -0.121718591314681
-0.0440028828345668 0.0513271593779934 0.561160777596258 -0.215222992419637
0.281839539133791 -0.0854179753181394 0.512588183888747 -0.439668717253022
0.209521305603439 -0.102779116241496 0.532468290207408 -0.200288809300774
0.155156262473137 -0.166732966638363 0.39026110976656 -0.246860738151121
0.0817211863894694 -0.198705665117572 0.00939865211636737 -0.299215024383383
-0.0269169388423199 -0.2220657810365 -0.227450107962558 0.124618972684195
-0.113251451026279 -0.197626355967546 0.00955356348122989 0.477020495550437
-0.204866518309952 -0.13265083334859 0.351634290679182 0.505315001854482
-0.217597906998405 -0.0686805065089107 0.544682953244909 0.374169781645263
-0.241643944785441 -0.0734802154825239 0.597931723483441 0.307374060472031
-0.184067693674953 -0.114991797849434 0.514698385238559 0.339979541766396
-0.161795793039522 -0.165978030507591 0.324920980346561 0.374636796410155
-0.0810053745131335 -0.260262810898847 0.148562544522897 0.214926670249542
0.0511319512161128 -0.266337287979188 0.134541464870613 0.0430931371476408
0.161508009407975 -0.186279274609382 0.22312193072391 -0.139106886283566
0.203295705364712 -0.13659481379199 0.525422151126737 -0.239187089196359
0.519091644806549 -0.306057465020173 0.363415166658945 -0.36591326259948
0.37537431659121 -0.294738514898318 0.466293982595776 -0.152098035334516
0.295224110424991 -0.349779860424608 0.355009551381872 -0.244966903821427
0.197391408666854 -0.383086642779108 -0.0261869159891024 -0.312576300228883
-0.000864802845346168 -0.44836689816832 -0.24923567179429 0.101719115904987
-0.186200819970872 -0.424926079870024 -0.0422793501261001 0.420572348970504
-0.371879593568723 -0.336240652959585 0.262664791601555 0.451372861839741
-0.416274811443834 -0.211865912908448 0.431245080027786 0.314628245239598
-0.473357760122195 -0.213816212401572 0.487739660620502 0.248992489183233
-0.365892003827533 -0.297503067223452 0.41339762848206 0.275453746312204
-0.294528876096999 -0.379389322192226 0.271461889831806 0.318314673142747
-0.106233688514758 -0.503177522174608 0.128983634345675 0.191341929757266
0.103420777884034 -0.49600573609984 0.125578854361835 0.0611794407766525
0.29712596845818 -0.36867701521377 0.160516871145982 -0.0924608973707291
0.411374216970465 -0.317344310544284 0.407268158391661 -0.205482426447494
0.669539227989017 -0.478496506607914 0.153442952260126 -0.245659733517031
0.487243706174655 -0.441289259027911 0.367129392640315 -0.109850104123794
0.415337643045877 -0.506985955538414 0.272055623137301 -0.276389572052495
0.287885445310635 -0.568038296832202 -0.0901301201220731 -0.326280840962342
-0.00574312843707512 -0.654803852811085 -0.263926495332934 0.0532686069815747
-0.266746553655453 -0.605764547610425 -0.100123433541481 0.30183718311815
-0.500670539987631 -0.489944389953228 0.131372652177086 0.329399832976215
-0.556692973316596 -0.324259446912039 0.250399660766998 0.211290310706564
-0.625748440292129 -0.324737745532696 0.301828410895823 0.160772721433644
-0.481678681119605 -0.44404878234995 0.252281487990471 0.184510424090951
-0.368062701660161 -0.540499356980179 0.189695261036298 0.237216130920091
-0.104297391045983 -0.671533389073539 0.105130442451693 0.176065140391021
0.139580247504955 -0.652655584308633 0.0969877699111629 0.120894029699683
0.380066533465065 -0.495930447787271 0.0564898040781224 0.0119324872938147
0.552230393664723 -0.454220653085685 0.229218405620397 -0.113100209019619
0.707557779168407 -0.572042773972056 -0.0759625466097196 -0.100599006879912
0.514372831782497 -0.512362152999101 0.221478284991262 -0.0662735159077544
0.47484550024729 -0.599495690226172 0.141670844720499 -0.287983809886808
0.320627757934848 -0.701404149046004 -0.16007733831649 -0.321684534276953
-0.0456867926412968 -0.780456704675252 -0.27135238486114 -0.0340423300587992
-0.336443988537346 -0.694516294898525 -0.178429517431815 0.125952384543471
-0.574345174395845 -0.561054936481334 -0.0383986028049382 0.158384356246537
-0.614924171461742 -0.388073173405512 0.028212907498405 0.0774636440140084
-0.672202002637934 -0.398053960169155 0.0793775189959102 0.0455777984816098
-0.490672833536807 -0.541034191012159 0.0677292208094731 0.0623164946108186
-0.340658863521672 -0.626072278338935 0.102083293958036 0.129815582439597
-0.0446270492697745 -0.717858486159686 0.0819161409398174 0.16835237375692
0.173488270197568 -0.683983509999936 0.0439523889164637 0.208515445733569
0.406394903574503 -0.539742715950017 -0.0828767437907136 0.139824455882297
0.608453894057588 -0.525265969319898 0.0191196345946467 0.0140707923457919
0.631460388873671 -0.561035266063941 -0.286114566615361 0.0446839234112279
0.459761067981321 -0.486897562969892 0.0433718228871843 -0.00636857215066542
0.44914188196606 -0.590719423725029 0.00163485194104507 -0.248536371228824
0.276077974501438 -0.708472981952958 -0.198369164229332 -0.293166491841211
-0.097190948591846 -0.764359029173975 -0.273360112361755 -0.151769787565859
-0.365311181343211 -0.657572031035673 -0.278759782938388 -0.0733154340226461
-0.563619986509835 -0.541077322331049 -0.231704714337831 -0.0234998110159183
-0.577955967579204 -0.392578489458252 -0.198708014846599 -0.0638114212503316
-0.597394845497515 -0.420891280091549 -0.133543547144304 -0.0917394322504619
-0.391169111586084 -0.558982662146891 -0.0858952831177117 -0.0826120429261823
-0.216920120804146 -0.605179939984644 0.0451427987451494 0.0126562857883939
0.0542226362035974 -0.621533179091182 0.0625684074110423 0.172484627042171
0.196106757815534 -0.583223401400721 -0.0431026753114294 0.291182331097133
0.374682567694699 -0.489966097971887 -0.237357552628369 0.240277507202808
0.583118248226031 -0.514209125573068 -0.189859596736284 0.148072290049082
0.466075893701933 -0.465380153401806 -0.450544334425546 0.169641833642896
0.328507279570943 -0.39127610032038 -0.126494198077488 0.0733295665882144
0.336139556869834 -0.46979797176982 -0.095984886543006 -0.169897166872785
0.187542279200336 -0.568348742178069 -0.194713574594246 -0.259363476027347
-0.113459442177136 -0.60092053212352 -0.279480551873564 -0.273142504090663
-0.31876650963501 -0.513648297023877 -0.389336740035734 -0.248534236980302
-0.459681194884172 -0.438332876460691 -0.417215271456562 -0.180049471072022
-0.449489029581209 -0.338251223112559 -0.392688072976653 -0.193983498545169
-0.434975681711583 -0.37769921691667 -0.293187977745358 -0.235698203715047
-0.232176602470473 -0.480568817700576 -0.165545536511346 -0.228797491060311
-0.0627753152670011 -0.473447834636664 0.044608182495893 -0.0853613954726683
0.127584898889382 -0.419131836976272 0.0455085062910294 0.18828844651837
0.175688440228072 -0.395847382386624 -0.155272116133513 0.333566059685196
0.290096734991842 -0.376781249587323 -0.3762636844395 0.274279730532278
0.47561434277769 -0.430286406733795 -0.368952499799724 0.264128849659412
0.237443222808484 -0.29829653434614 -0.540505508071111 0.256480226014832
0.14295123381893 -0.236001200192317 -0.239399225387684 0.155046185322798
0.17773242716716 -0.257526479922685 -0.130077607951952 -0.0945426377137598
0.0985531193116217 -0.316868526062813 -0.160144673061383 -0.236624216314298
-0.0693006379124933 -0.344767023957663 -0.288020097429256 -0.367510431807407
-0.190346794585315 -0.308007775238449 -0.482874211075989 -0.366912445932553
-0.26858119941417 -0.283746619152595 -0.561968764431254 -0.29016247786428
-0.253925587325093 -0.234404989799402 -0.523291566942522 -0.294949233882587
-0.223679821774012 -0.264537729845359 -0.378098479616759 -0.361273818116573
-0.0733716856879941 -0.313282344313611 -0.166716851485485 -0.340035085975273
0.0436377777416191 -0.269139689586397 0.0871989562282687 -0.136328115440298
0.128267142658715 -0.188240499252102 0.023561361205442 0.208794862194257
0.110420799291029 -0.191428429793938 -0.265046690599312 0.31842778063274
0.168084846582352 -0.23163986816499 -0.469447763176278 0.250378306450194
0.300834972532823 -0.283370300738527 -0.498375339566784 0.349023094839632
0.0226379562658184 0.144804333407679 0.566560000769715 -0.492998097427487
0.0406814141085131 0.0935011624198795 0.563737566676755 -0.281822839536022
0.022372297110788 0.0208199757285159 0.381855600197029 -0.32119417253023
-0.0254713865253318 -0.0185946159271175 -0.00619998386002231 -0.303030650741583
-0.0499448066380769 0.00462993054978426 -0.192021753917295 0.142338826664429
-0.0293832751176973 0.0393704017895669 0.0888893013733001 0.475736638416194
-0.0122815248098069 0.0818612322949784 0.420256584849074 0.474777431603614
0.0155125302645519 0.0845580472767156 0.599470897641154 0.359776194053971
0.0237598684308052 0.0875468530323343 0.643002746146195 0.303765723560141
0.0182639438181685 0.0966179394430233 0.56674702343662 0.348724037046051
-0.0260497862907373 0.0831985717040936 0.373331311733679 0.389970771544478
-0.0799914966059721 0.0237312206810798 0.176578604895346 0.240712546362787
-0.0345774566007285 -0.00945672059852564 0.130757062367389 0.0643357023285598
-0.0138647247352538 0.00463261811675939 0.230489351970235 -0.133199554900962
-0.043380272718177 0.0543282058977613 0.562800461800695 -0.246603621567314
0.282344898046223 -0.102569634433126 0.498804406899817 -0.465528847763022
0.20833354966571 -0.115323060059138 0.528974795447241 -0.223454759699966
0.147668703833875 -0.175136103357776 0.387273147143978 -0.268633167957353
0.0732439360680068 -0.20531781540446 -0.00449128193396991 -0.309018747698331
-0.0370313906859205 -0.225274842805358 -0.224327081138318 0.134458314853777
-0.126477525474054 -0.198852669091354 0.0333655343783771 0.484973554173556
-0.21631978159636 -0.125075100980521 0.376851407766466 0.498692462496323
-0.223017832537166 -0.0597958247828869 0.566123605812567 0.358587912221852
-0.248896553632393 -0.0616051222219538 0.620192807460695 0.286029699855349
-0.193140882474008 -0.110574648126008 0.534905520877982 0.319856667315611
-0.171294813272418 -0.161866455122604 0.348134651307062 0.364699969076635
-0.0954268818827949 -0.261634196021296 0.158539240784626 0.210518405552799
0.0399987981877124 -0.275549199490913 0.136950482924089 0.0351293321459425
0.157319328712977 -0.199556709615568 0.221016466202927 -0.150926515156456
0.20024125066036 -0.149904703375745 0.524681476355628 -0.270075490798911
0.511120165317737 -0.341391474977035 0.351106409514847 -0.385005865913286
0.369223123469271 -0.317762272138431 0.465154804270915 -0.171934213005176
0.281802712991401 -0.367829774513648 0.351450619026567 -0.264964899172158
0.182643642928712 -0.398956929465065 -0.0413219466431576 -0.319929507566171
-0.0208818567834382 -0.455823273351148 -0.248705607624774 0.112126337297393
-0.210836331833188 -0.42574879262915 -0.0236210077157704 0.429571878395001
-0.394077209647655 -0.323226866235239 0.284480128202849 0.446974353159144
-0.432591765578166 -0.196114664781553 0.446611981566684 0.302996295322305
-0.489918321004803 -0.192208753548498 0.503192944070132 0.231432468735636
-0.386628019006692 -0.288736165402918 0.430287393384461 0.258859105612995
-0.315317631341906 -0.372569740232714 0.290488731798401 0.310218245197511
-0.130420794856367 -0.509806475062669 0.138181858522072 0.187934635335649
0.0815185508670323 -0.513094001853863 0.127056664466687 0.0525644901939019
0.288443156257682 -0.391809125082557 0.159021747636074 -0.101533811780507
0.404919796504266 -0.344572103888391 0.405968408320999 -0.228345124502668
0.656285362969141 -0.523867196522374 0.143932532555396 -0.253730801568712
0.474761853284114 -0.470949287658534 0.368599042918912 -0.124905078891413
0.395707211323396 -0.533713168298792 0.264533016951489 -0.291873049464676
0.26724094984857 -0.592979120002454 -0.107727706398947 -0.330134090865647
-0.0336401360353293 -0.664478792197165 -0.266772541073032 0.0628902411320926
-0.299073488396903 -0.606478730623986 -0.0887111812212475 0.312406087457397
-0.53476543694525 -0.471643402290444 0.146358360488954 0.325196957331064
-0.581377497032848 -0.304304053345269 0.25841342051764 0.204716409170614
-0.650676286625441 -0.296842382293893 0.310547259828596 0.149372004061191
-0.513720415338589 -0.434355375888983 0.261675646259892 0.174131324712125
-0.397526835072037 -0.532989628000124 0.202243572526686 0.229777587647104
-0.138075656347518 -0.681418487242596 0.113236596336945 0.172147307305734
0.109660085599446 -0.673462185511087 0.101315745657472 0.113280274328896
0.36575217939489 -0.526706115873055 0.0560947504638835 0.00865867251813036
0.542591350058179 -0.491779792649917 0.227683319459046 -0.125678827367026
0.689699341904555 -0.619861036271522 -0.081982146104451 -0.0970068678296256
0.501765188036135 -0.540538702055652 0.223229631629995 -0.0763919584628502
0.45367524302259 -0.632105517858532 0.131055954282395 -0.298568273596846
0.29335349601816 -0.730687899998756 -0.179230081586153 -0.320119820622199
-0.0800105918499808 -0.791386216171857 -0.278781927653842 -0.0243298299521061
-0.37575622395424 -0.691185950492461 -0.176321015089991 0.137773775262671
-0.611978839471078 -0.538244640767715 -0.031746620628428 0.158030802929479
-0.64101775131808 -0.363826935440618 0.027886562383546 0.0769843221104684
-0.699924442328807 -0.367965054521557 0.0793989385045501 0.041921983151231
-0.527861764347008 -0.531231903985414 0.0678218956838628 0.0596015249540031
-0.371514637755585 -0.621745731041426 0.107095086747039 0.123852714961873
-0.078710393435389 -0.730322618862419 0.0899916266592965 0.165460265599679
0.144156832844096 -0.705892920573301 0.0507309592302689 0.203285503801102
0.389589253005847 -0.572475951152347 -0.079606570128176 0.143622986988184
0.596647770326924 -0.567651716280963 0.0189334843983737 0.0140195380972196
0.615217866007149 -0.602978042167436 -0.288987203930001 0.0579774673104015
0.448457302052956 -0.514920983940128 0.0445153868911671 -0.00910050132622267
0.428006378957173 -0.621682011410149 -0.00967551641063233 -0.251279815734829
0.251773474974401 -0.737208981813842 -0.216631356652475 -0.288788192156358
-0.1297478121261 -0.772163102712064 -0.286389271705927 -0.1441617954249
-0.402931090372504 -0.653278164521967 -0.288756896315029 -0.0596178375164816
-0.60020594113183 -0.51887368891578 -0.236020581339386 -0.0185171202255153
-0.603240633276691 -0.370911286450307 -0.207388237940677 -0.0580573421531433
-0.625752907212148 -0.395206876163324 -0.141468627040176 -0.0879189161047537
-0.427415191578791 -0.551931742811567 -0.0934753193654112 -0.0808628863322434
-0.243838947906494 -0.604934154493751 0.0454164533150142 0.0078242231905982
0.0261656381151305 -0.637743561196491 0.0713510762133825 0.1703354315809
0.169918680615052 -0.602390685313863 -0.0331018392973864 0.291465354291672
0.35934804981159 -0.520142184871306 -0.232103231257739 0.251180233112602
0.570932729181025 -0.554671547686228 -0.18871437774238 0.160978090530245
0.450322271258142 -0.499011688393134 -0.450843278507746 0.190929127442534
0.316970668088229 -0.411907267602539 -0.124880507939049 0.0791757234658935
0.319443945225811 -0.493618720358007 -0.10605406588356 -0.165313116896204
0.167586136142579 -0.589063239479502 -0.208860496600257 -0.254220241735242
-0.141666465942233 -0.605474795064258 -0.297651046633755 -0.266235948496624
-0.347837722804691 -0.509457548293699 -0.409830306542743 -0.233359634932248
-0.490965526183035 -0.423017654254197 -0.431887998072115 -0.169201766326407
-0.472520982330858 -0.320919424082263 -0.408814724716777 -0.180825360625281
-0.457449863312927 -0.359584587394154 -0.308727343134333 -0.22644224383925
-0.259593993157428 -0.478594049625385 -0.180080947517183 -0.224302417097119
-0.082915022561157 -0.474865780277618 0.0418817284554954 -0.0908048559228702
0.110333871833063 -0.431947593606067 0.0565790822250445 0.187448782673826
0.15634708401321 -0.412304102449586 -0.146072917663174 0.340032797476625
0.277632698352099 -0.400236164879067 -0.371127372483277 0.291154071919264
0.466645941552334 -0.462796815683729 -0.365087271665127 0.289347302015418
0.227207051671788 -0.316548782421482 -0.538778051869981 0.281897975610574
0.134208806013682 -0.243076820637834 -0.23640152238541 0.167673516700651
0.168695698170931 -0.270533061885651 -0.137767578709835 -0.0855023651224344
0.0885940549444413 -0.328317861789491 -0.171597540951986 -0.231829854689058
-0.0843846163461009 -0.347106078620491 -0.308500765747378 -0.362029908219847
-0.207783370800299 -0.305135909141695 -0.509997644751309 -0.350067085385863
-0.287465449786642 -0.27479522485519 -0.581008534058717 -0.272542994764692
-0.270365867993084 -0.225930300291831 -0.54382304691808 -0.278397435114944
-0.238850586053376 -0.256606630821955 -0.398703871014584 -0.351205792965909
-0.0900208401578012 -0.316779891651616 -0.184608355290387 -0.33720608933512
0.0326392795966877 -0.274289513970646 0.0838506061964106 -0.142525119114427
0.120971518274371 -0.198727215882239 0.0355843409931971 0.210941538954068
0.101545801493549 -0.200953003632533 -0.258391860860792 0.331896280525774
0.161130196051958 -0.244747738725161 -0.465854569232258 0.269131506841475
0.295530402255497 -0.30495355383866 -0.492450308834198 0.378862284674029
0.0324050212882119 0.143548605171065 0.537546284720061 -0.530184116767581
0.0471825471851858 0.0896820592014213 0.544206174914441 -0.313298238067939
0.0239384726649142 0.0211413953713617 0.3669774797525 -0.34563323722411
-0.0267669748289124 -0.0151192342028312 -0.0257869165653097 -0.308077288781911
-0.0513003308007609 0.00555174351372823 -0.182942213618112 0.153344463857302
-0.0288281838221816 0.0391773932220775 0.122164744388186 0.471128148230055
-0.00731046473674874 0.0831844519353171 0.4499792446847 0.453856750486592
0.0211075692913623 0.0837553618801755 0.622814604548142 0.330047665696749
0.0297721850307718 0.0865644435102715 0.662036096524986 0.266307446719315
0.0256010713767183 0.0967133232630923 0.592621024511608 0.313799229321594
-0.0210474431758321 0.0853200245890184 0.400033659048891 0.368190283412518
-0.0796808748875689 0.0308716963772561 0.190688459544052 0.230068003789564
-0.0352463726200121 -0.0092986356273048 0.134902876573884 0.0563770415055832
-0.0136852604235357 0.00508463203396909 0.225588829913543 -0.147680262208774
-0.0411909304863185 0.0588144902647131 0.55176427060566 -0.286188082670447
0.275844672659025 -0.125452455861644 0.470956244721116 -0.49858369138554
0.203291989009096 -0.131647733720835 0.514918059947028 -0.250743178018132
0.136107285835585 -0.184774760328326 0.375968017622016 -0.291853480178322
0.0613372854193325 -0.210042238779673 -0.0244720484662577 -0.315060460390895
-0.0516565880895817 -0.226237301710386 -0.216954899689692 0.145943077449202
-0.141900009703833 -0.194207768449788 0.0644657854620521 0.482878939503936
-0.226409070313484 -0.111309681200168 0.407400850136517 0.479229734619033
-0.227671055564806 -0.0465185899765613 0.58616262223992 0.331603217154877
-0.253773101647193 -0.0447756082060687 0.637341770651058 0.247614743814115
-0.202519039773132 -0.10038564233291 0.556483937349883 0.287066968585579
-0.181914462072572 -0.152569099232623 0.372834964695853 0.344666774341288
-0.113313653545191 -0.256825816897889 0.170547748945394 0.200994755758474
0.0217413404564183 -0.282544702507592 0.137826804534231 0.0252841749274201
0.146356669259789 -0.212506234381851 0.214094616449431 -0.164841395006962
0.191706603102432 -0.166016311629465 0.510461400150113 -0.307271969204447
0.491816968950726 -0.380102123756869 0.327471523738536 -0.406128046845158
0.351493445512374 -0.345472269570765 0.454815792502768 -0.197106041052328
0.257736643017558 -0.387249030534924 0.339683623097532 -0.287508707223411
0.159236209169638 -0.413413726472695 -0.0626699280675501 -0.324184346635419
-0.049202259852319 -0.457829091696369 -0.243677372927385 0.12460095290349
-0.242914686787179 -0.417781628453575 0.00382055047306619 0.433687733954156
-0.419526182874254 -0.296324724220422 0.313219613458926 0.4302435298094
-0.446130812397288 -0.169458938721705 0.461980655141441 0.280865898689182
-0.502642537401918 -0.158709552497453 0.516800939506684 0.199337035060878
-0.41132874547053 -0.268820880115235 0.444863635577125 0.233658152828274
-0.33845360392865 -0.355370735648152 0.31062983629283 0.292411695394594
-0.164778341588131 -0.504222253327385 0.148522435108808 0.178566784787032
0.0469489709703692 -0.523628846419081 0.128544185371297 0.0413478384160136
0.266501866853049 -0.416358757779233 0.153650441544807 -0.111737252164272
0.385813128743675 -0.376583432516253 0.392636009207402 -0.256894810800933
0.623612045199387 -0.574346819416427 0.12807205533783 -0.261643289855253
0.450263669876194 -0.50609336017351 0.360293821140365 -0.145536685201559
0.36095942540088 -0.561634668601035 0.251649298947683 -0.308873521082787
0.23231886867112 -0.616766788543258 -0.131840061706028 -0.328727144092185
-0.0737204751453975 -0.667572435601094 -0.266179057799143 0.0775072156615112
-0.342342257720159 -0.59342212522534 -0.0708854351724437 0.320347844465048
-0.569077594067961 -0.437460385639428 0.166519024519813 0.315014675326688
-0.602191344028337 -0.268556267711597 0.267814365316021 0.192107409234911
-0.671502395132864 -0.252798800748661 0.317685938899167 0.130267434100965
-0.547186078142457 -0.40731073925295 0.269343362375205 0.157817509206117
-0.430326408178537 -0.512204214474217 0.215508451705105 0.215866851711279
-0.182306610252943 -0.677675131266736 0.122106063474771 0.163843399325936
0.0673573398170018 -0.686322066650627 0.105131421663296 0.102986223257579
0.334822544634887 -0.556879647195723 0.0558019280408198 0.00415797112311414
0.513546593591984 -0.536023360056477 0.2193539620117 -0.141781523360622
0.651644456824874 -0.672981370608651 -0.0893823210058533 -0.0902732844078041
0.474738715012218 -0.576485742514213 0.218761024525546 -0.0891123727756603
0.414037400569199 -0.664439742624089 0.115014295245116 -0.30759694414016
0.25064640577416 -0.758003470833978 -0.201574893397443 -0.31316978597603
-0.128642091548856 -0.791896450124041 -0.283635195708062 -0.00771819888962664
-0.42530039250515 -0.674034322090025 -0.170354144189624 0.151982969356466
-0.651990155015244 -0.500208836595835 -0.0238301857977059 0.156874969189384
-0.667194223294123 -0.324527824409612 0.0283088591706442 0.0770494047664728
-0.723699403601444 -0.32291533724208 0.0787297670628723 0.0364023933980548
-0.568160018013279 -0.50127867205579 0.0679433108488892 0.055309693677491
-0.410439819083164 -0.602492638092342 0.11329955474206 0.115137537880374
-0.125617764379624 -0.732369056257796 0.099813782462317 0.157490605779211
0.0971290301391872 -0.719793192163038 0.060026491442495 0.196299400744445
0.357083572132628 -0.605622587102032 -0.0737268317379395 0.147391047045919
0.564780569667137 -0.617054696855538 0.0172539130187755 0.0131271662064674
0.576180941550496 -0.652021230014385 -0.288410933885588 0.0770067908740371
0.422610362680732 -0.544928961193749 0.0432516130852974 -0.0130601564468602
0.390384177150258 -0.652397341472526 -0.0253232372813374 -0.25093588592111
0.210623295109613 -0.762268133314107 -0.237207535926801 -0.278195351272866
-0.17821816343232 -0.769657280628662 -0.299327878600586 -0.127348945568018
-0.447601986250857 -0.63478055104693 -0.295359630475232 -0.0391663673872215
-0.640233434522846 -0.481416157638881 -0.23836446130245 -0.00914917570057977
-0.629362324195335 -0.33267308075016 -0.215762223498599 -0.0457703398868909
-0.65153856438506 -0.353268800902894 -0.149684757085706 -0.0801216381158339
-0.468828306540267 -0.530505501489884 -0.102871515234246 -0.0747594563623681
-0.280219270626116 -0.592508968463896 0.0445756696967492 0.00226573345166401
-0.0130828416432239 -0.643341659606463 0.0826677685072509 0.163028197941049
0.129363943360152 -0.617479865471451 -0.0197983002799975 0.289947256806357
0.330877519332941 -0.550687881068492 -0.221604932889548 0.263091672111609
0.539266993366716 -0.601854471320756 -0.180504754003202 0.176036278830825
0.42070678877198 -0.533653096213398 -0.442773712953665 0.219438704541563
0.294906331908963 -0.431284810577862 -0.12245503433548 0.086462828984538
0.288530480638967 -0.517562662991807 -0.116678379373011 -0.156784774821028
0.132203339407482 -0.608490060426844 -0.224820898143905 -0.241847171297576
-0.177359742145751 -0.601659417665053 -0.31739492219969 -0.249935041658073
-0.384195730415815 -0.491752657910142 -0.427670444188716 -0.207326631110186
-0.521585120457286 -0.391320467183408 -0.444275924853211 -0.148642555205087
-0.495476975201807 -0.292260477105563 -0.42376246773262 -0.159426355593405
-0.481447894067755 -0.328599668011145 -0.32428864799794 -0.209409471941581
-0.293945617605921 -0.466672295035562 -0.196882168935863 -0.213297353250998
-0.110934352636832 -0.47314447529217 0.0363078906338977 -0.0956737001668383
0.082719231508503 -0.443269068533062 0.0704284073274568 0.182452767396202
0.128230496391685 -0.425042745564469 -0.13041995040985 0.345838476673246
0.255460634844919 -0.423719111532108 -0.358480318596223 0.31243844709805
0.44052840116962 -0.501809387980365 -0.350561831532867 0.315496585734679
0.207766765743502 -0.335826747695053 -0.525823757296271 0.315492342285461
0.121159970695678 -0.250417339311501 -0.228986948550544 0.182268324208238
0.152174055566409 -0.283486832640586 -0.143914830398673 -0.0735194709091937
0.0696332974229182 -0.339343056459412 -0.184555390772257 -0.221176416935589
-0.104909698633869 -0.343938121452822 -0.334739893991189 -0.344989617973179
-0.228548175098878 -0.293409352971182 -0.536996237168552 -0.318499613224781
-0.308258776818543 -0.256262751711984 -0.600114503213921 -0.242254703988281
-0.285310882299225 -0.209273817359583 -0.56342806250832 -0.250551415562919
-0.255571084359947 -0.24030372328443 -0.421864592754893 -0.329592468699071
-0.11244316354481 -0.313143722096267 -0.206860930101505 -0.32576727413845
0.0168898929716207 -0.277379686591312 0.0758215178944509 -0.149169637176558
0.1076643792415 -0.20739480668682 0.0501869752698613 0.208466632698808
0.0872970032412534 -0.209757920814113 -0.243988698800054 0.344487978178241
0.14676333420269 -0.258785881122912 -0.453513435197479 0.293706204225472
0.279176668040245 -0.330261028701543 -0.472201294479644 0.413926572087163
0.0606364701708735 0.116976182222947 0.420540641697607 -0.598529047005002
0.0674239239494959 0.0625681744863477 0.467353629649115 -0.385552368595893
0.0303987870124393 0.00779792912644969 0.29694042874921 -0.395556124813891
-0.0308814384827466 -0.0128325193603773 -0.0776073251017949 -0.298330529948866
-0.0520787178534056 0.0176206927359444 -0.152039619725623 0.173999013693098
-0.0148589512739249 0.0496506231594946 0.194017551539482 0.428173862985324
0.0180829956078098 0.0844476438988159 0.51127207504132 0.364206277873355
0.0435599087397258 0.0734966105499138 0.650948133808149 0.22328745770691
0.0523379672931979 0.0740740120827858 0.682982057721434 0.16487196104175
0.045904753797547 0.0816728666966052 0.620357076342137 0.222524540435952
-0.00170042535952961 0.0819067786335642 0.441061095968036 0.300052114655471
-0.0703523707695463 0.0419771238310254 0.217316326246484 0.197662817537396
-0.0371315646834354 -0.00704797457787617 0.141157990186727 0.0365194707008708
-0.0167557459162142 0.00652508390857597 0.202521206498964 -0.176963204439624
-0.0366031626732262 0.0608154847619117 0.499279490927142 -0.353377505150033
0.244006012893075 -0.190503754668683 0.369064818079173 -0.541500452242811
0.176225613742373 -0.180003389505845 0.454564233223407 -0.311734291107325
0.0991366239614231 -0.212510840052273 0.321346431593162 -0.334064010266824
0.0164109486038733 -0.219788647016349 -0.0710854537548323 -0.295657826856796
-0.0925117547289532 -0.205426118096679 -0.177238442629235 0.175321970448641
-0.164309539303211 -0.155392488960497 0.15081339445322 0.448037140026136
-0.233633490642859 -0.0645089349416791 0.482772665077685 0.397524797956471
-0.217207027085975 -0.0126689553843562 0.618198644936671 0.228079781873598
-0.247682917510249 -0.00424152127503876 0.654694932567243 0.150001699178193
-0.213398070298777 -0.0718426616579876 0.586718257441611 0.20260436336034
-0.197058543827942 -0.122095840984189 0.414932001463564 0.281895332411242
-0.15409422465189 -0.235308905358803 0.194816735499024 0.179312461294788
-0.0267007702718326 -0.282145393468662 0.134240167512574 0.0105715161658108
0.105399759021439 -0.232884378433885 0.181221053726437 -0.19460769648669
0.157415699172648 -0.197765581104565 0.447189794724983 -0.370848658619408
0.398614341093603 -0.475945768754787 0.249814317312188 -0.414026309003546
0.277887631666516 -0.411955225632681 0.415129323879586 -0.2394257740657
0.1773765659127 -0.432678139075234 0.295795559755483 -0.313047244184936
0.0695603975344095 -0.435730780958121 -0.102457586062491 -0.287357781073052
-0.130264835387594 -0.429641770308838 -0.198002926286411 0.162839731911986
-0.300893449381733 -0.35471588681151 0.0915707767140363 0.412101657611712
-0.460269508521557 -0.208885219768666 0.391444332542715 0.368973857536225
-0.449015214207393 -0.0965146666202356 0.492370247228807 0.196711087527387
-0.511392087882497 -0.0710382121211276 0.529344824306257 0.11846700623858
-0.448881349018703 -0.199300635689554 0.474490100868296 0.167159096067039
-0.382951529819517 -0.292874144986289 0.349595135825614 0.24077101782151
-0.249167410716438 -0.470391761862765 0.172223944865947 0.165934849381219
-0.0401208365380335 -0.521225791648181 0.123754103587514 0.0325025997180374
0.190704145274506 -0.451351239623442 0.121703512888736 -0.135317505790523
0.315957234932163 -0.435100745313664 0.330784235768608 -0.307796132204986
0.489278924876869 -0.685690634760984 0.0880263569105312 -0.232242782693081
0.341713496471008 -0.582532795107072 0.337899580672703 -0.16900224272295
0.243370179688282 -0.620820478065379 0.212142486892824 -0.30983729777292
0.100267207666334 -0.647719591154398 -0.163361485385259 -0.270001851191
-0.189747065855313 -0.628807869697848 -0.218267226412801 0.123128412453972
-0.429488055152389 -0.507471118002411 0.00848909747861883 0.315818697840025
-0.638147349264784 -0.320103125525443 0.237336661070027 0.28379860004172
-0.615779452679513 -0.165768918485785 0.290983781132052 0.138148080054678
-0.692663993119887 -0.1330172735052 0.326659501952401 0.076876157774314
-0.605272024304039 -0.310302039475902 0.293800668912416 0.120371926480594
-0.498324892642426 -0.430010967255437 0.248275386035518 0.182046980298979
-0.295503118166038 -0.637471641923962 0.145712393054765 0.158534625904795
-0.0476847947791242 -0.680658500368024 0.106190543526613 0.0985805362145574
0.23752251994281 -0.601172866556139 0.0364254637099598 -0.00820245816384266
0.41879558971492 -0.613248037752001 0.171149868845782 -0.17250589239865
0.494699840598067 -0.778424119529075 -0.0906059666201413 -0.02945513782603
0.351261709238558 -0.652141076530264 0.211875291171489 -0.0904960197436208
0.273838585520731 -0.728234751309907 0.0860595610842597 -0.281457661159648
0.0927550166863155 -0.787266116249026 -0.222169198070832 -0.23884235537693
-0.264790418273401 -0.740597574068602 -0.244418591485029 0.0428781731005487
-0.525284185115507 -0.572457249140413 -0.11112025705982 0.169737917886312
-0.735105186298551 -0.366570892281841 0.0309388323862406 0.16201987203454
-0.691034130021614 -0.207536602385908 0.0432593652273783 0.062485133431249
-0.757217832057783 -0.188117103495787 0.0817641807870109 0.0199220413967274
-0.646327443872974 -0.396987512927396 0.0826768010406919 0.0502382057169181
-0.494292930049717 -0.518517139307146 0.134736573974783 0.0992754247461804
-0.248951008673206 -0.699309199743681 0.122284562584114 0.156373297929703
-0.0236727414896629 -0.71781104946932 0.0730810240328517 0.197185979130927
0.252697321219592 -0.651151070265588 -0.0730872815299073 0.151027011334181
0.456930289113378 -0.69823951864569 -0.00621760635368879 0.00687629829335201
0.425113616529425 -0.740763100482753 -0.254149144266891 0.160550178192249
0.305845204870215 -0.608393774419091 0.0534564550974038 0.00939525575299009
0.250920493544848 -0.711201442954053 -0.040837442313546 -0.202764382987139
0.0502792311089438 -0.785969243478903 -0.247093769886447 -0.198893061652372
-0.311059212822266 -0.713524576284743 -0.279050465354592 -0.0719594714568654
-0.546145174491798 -0.533111125814855 -0.265189854645192 0.00600874889286033
-0.725320476784319 -0.349604793907949 -0.205035491614479 0.0369752941145062
-0.659012523209414 -0.221543267092184 -0.211128725462567 -0.0183868375214447
-0.695250540764376 -0.229337629109711 -0.156606855212504 -0.0603269500384687
-0.553257214714451 -0.43687163615232 -0.103416910868461 -0.0519289844966733
-0.367147212593401 -0.529761155050918 0.0506511877410838 -0.000632135493187141
-0.124686502177436 -0.632141351379146 0.10473328258816 0.161738616133962
0.0256412037887179 -0.622318738284868 0.00780065601121072 0.298064171980788
0.236846188464677 -0.592212924048756 -0.200821308710977 0.285019396527613
0.437526432737591 -0.678568891471459 -0.17631135212622 0.192099028057277
0.296741764675169 -0.59038116552937 -0.38000694077809 0.312783818459487
0.204389751935611 -0.467440704695153 -0.0933896827237607 0.124703180374319
0.179606201558677 -0.558224590378348 -0.118927060371266 -0.102962203883677
0.0064965737206883 -0.620543708891207 -0.233050809842528 -0.173980393047178
-0.281827758931751 -0.554204126199016 -0.324447741375917 -0.190509349949847
-0.465647141144647 -0.408257248866315 -0.425024770615541 -0.133849374188906
-0.595310172381174 -0.281984879009178 -0.432970161474824 -0.0659294816347954
-0.527353411373372 -0.201197178590841 -0.430136672388963 -0.094720289109821
-0.527215123075631 -0.234299035691823 -0.344525691177771 -0.161543596955766
-0.373209461518416 -0.403867167468324 -0.216381771328908 -0.173155984944061
-0.185688626479163 -0.440443293866852 0.0263305558268151 -0.0937272027777278
0.00562585491464815 -0.449742258507582 0.0930391725179406 0.177790926244913
0.0574428706589336 -0.433382977120223 -0.090973190799405 0.363175443443789
0.185923590522453 -0.456041668552489 -0.325735424405328 0.352858078925538
0.357105121293884 -0.563429384892408 -0.31781289748229 0.351565255033254
0.131014218728541 -0.354278973475306 -0.4476010685691 0.40648547065274
0.0696761331289144 -0.256147671110815 -0.184732130682465 0.22630170737178
0.0912891262637619 -0.302197779255015 -0.139133729582469 -0.0287366010141947
-0.00209802689691397 -0.346419682111767 -0.19912880974735 -0.17123016964905
-0.169093444081818 -0.319397701376292 -0.368757397645565 -0.280017003223399
-0.28653086119699 -0.244312629225477 -0.555322629872119 -0.218780801084665
-0.362358127388208 -0.190570111505283 -0.607619451573416 -0.131756966486017
-0.315860291217502 -0.152288871292506 -0.581677142283493 -0.157375475552155
-0.295171469930987 -0.187350414643216 -0.458076368263491 -0.262845004759271
-0.170392358056264 -0.283305363684908 -0.244044979809173 -0.28428011428762
-0.0315406927637631 -0.27185658290248 0.0560602392248172 -0.151625161286644
0.0698649705121668 -0.224493011187725 0.076202310291809 0.20103501548322
0.0542167270889633 -0.217599736938507 -0.199296795919485 0.37394003340359
0.107893395681714 -0.27692811613471 -0.414766469863941 0.346954923014174
0.227744438672023 -0.367609419655588 -0.417142979354137 0.465503911109288
0.0637237433255332 0.110559770745564 0.380157417380124 -0.60021562834233
0.0667642763964033 0.0562607930637861 0.434648897593228 -0.388746925072541
0.0315333011444824 0.00610499318014694 0.272024876568899 -0.395803234244647
-0.0283704537643384 -0.0099828233246419 -0.0909382913355017 -0.288544256827045
-0.0516997052840825 0.0183991131683504 -0.140307205559391 0.17253616452235
-0.0156365655877752 0.0475835374855058 0.207955187616498 0.40085969805087
0.0221173668225988 0.08078344867426 0.511021705795637 0.330020596675617
0.0453849372320515 0.0692245236304646 0.639897902033602 0.192639069834353
0.0545317355864571 0.0684910368627763 0.664567048171804 0.13254397359262
0.0490925995074251 0.076483412474136 0.609777386369433 0.186284225826197
0.00220052491529317 0.0801388136352468 0.441324380476854 0.269041648020389
-0.0655637962487542 0.045365992953294 0.216843896093392 0.181787018268323
-0.0373582571973466 -0.00624641436715485 0.139412905621049 0.0276224669732519
-0.0155248657213302 0.00763772572203673 0.190486456886648 -0.18184822067413
-0.0327814900033568 0.0616804391455406 0.46489479042171 -0.366758788004075
0.222796103791453 -0.197699615376298 0.330382079846748 -0.54049926812526
0.159781054289326 -0.184212664362073 0.425082615556744 -0.315685524828273
0.0860852636000779 -0.209918381386597 0.30066912522515 -0.337343270820518
0.00697869218162352 -0.21320300503073 -0.0853280914521273 -0.285940495584806
-0.0997672436899122 -0.195787225773519 -0.165849905939443 0.174112011655775
-0.170924726222543 -0.143246004597511 0.166584810216437 0.424144918864825
-0.22790212197777 -0.0498882267293949 0.484603390619279 0.361981465746444
-0.210769612377484 -0.00291150792837147 0.607969415368174 0.198861887410152
-0.238253884017093 0.00725007466382063 0.636766012944161 0.117789971183858
-0.210474642686845 -0.0603039241008758 0.575001684663595 0.168490212732696
-0.195505400659369 -0.110055582123862 0.413242054726952 0.253095174451437
-0.160529184264096 -0.219623488206958 0.193552833260949 0.164554549771245
-0.0406720845169919 -0.272503773915716 0.129724551598091 0.00200651587002158
0.0909998667934279 -0.231314393023036 0.167885308622653 -0.19759652813877
0.141383132754818 -0.199101181499055 0.413657749259321 -0.38085104464056
0.358792910643527 -0.483643701872469 0.222774771136021 -0.408805818504234
0.248525501230417 -0.414853865105426 0.390481765729004 -0.243772712377785
0.150272811588746 -0.426379236488909 0.274316553468208 -0.316300721532201
0.0476982097266837 -0.427830581131236 -0.115773706985183 -0.275526818874794
-0.145287109656025 -0.410830206042677 -0.187035832495984 0.163502481918805
-0.312466101110362 -0.329779633562397 0.107006372296469 0.393698680952171
-0.453663608381428 -0.178965884246156 0.39243852942698 0.336359175808778
-0.438941253300917 -0.0728060866091468 0.483875735482528 0.173013965663708
-0.496250900101708 -0.0442053880642129 0.513965746667617 0.0923874429715749
-0.44608899039803 -0.173891702141448 0.462483158901566 0.140643691457293
-0.382649951024724 -0.268414957605719 0.346808151508689 0.217100682291164
-0.263309283220298 -0.44282109833485 0.169929950945252 0.151733502784843
-0.0660311468023264 -0.502917090336813 0.117791516627511 0.023073161484338
0.162869743620393 -0.448271113702068 0.11242464684898 -0.136364671719255
0.282293546264549 -0.439418438851917 0.304613284168551 -0.312905670902625
0.433815773272144 -0.68907514519551 0.0738313157531368 -0.225679025912087
0.306045172982759 -0.582455632167931 0.318105998081804 -0.175039566635807
0.20548787841881 -0.611088729963048 0.193659437188716 -0.31139968531816
0.0682494375508679 -0.634076222202095 -0.173966065242451 -0.256714286671108
-0.211840811572604 -0.601220968072722 -0.20915034216826 0.127831997788845
-0.443390131770958 -0.471931289541869 0.0223016555508301 0.30648314561827
-0.630021326216233 -0.275517723180538 0.23956950887898 0.258663853615552
-0.60417476335398 -0.132223758434606 0.284573900677845 0.125032570745099
-0.672916680090704 -0.0953426278843938 0.31477543405337 0.0615991425204341
-0.606192625229143 -0.27088115909713 0.285485934725827 0.105086945547013
-0.500490940634793 -0.394529477469792 0.245487653466853 0.163786980283037
-0.317337035878368 -0.603501337327893 0.144264811121915 0.144397998177521
-0.0809449918333269 -0.656202549350047 0.102560561939035 0.0880397557042336
0.202143170914114 -0.596851238719765 0.0342712475011963 -0.00917325923157817
0.374678449715666 -0.615259362616982 0.156001782735709 -0.173842602721487
0.434677324356822 -0.77969525683225 -0.0891457320511078 -0.0210330977120569
0.312616325125482 -0.650204422078507 0.199877345355331 -0.0928142955998753
0.228987608412102 -0.717278462856505 0.0700596000476337 -0.277354282360447
0.0540070391557697 -0.770623932723308 -0.22978565699915 -0.222691459883584
-0.288392393227379 -0.707879851293793 -0.237033001859875 0.0530493542787139
-0.538502871309204 -0.530492724412725 -0.0998800635837049 0.172119109783954
-0.728122144432551 -0.314519123183107 0.0343080181067286 0.150070550949192
-0.677564075347488 -0.169292685139398 0.0411477502046108 0.0617330044354073
-0.739253163765678 -0.144948005702047 0.0755262916484941 0.0166947377881142
-0.646603697294165 -0.352209260702368 0.0783125110709686 0.0475699844259853
-0.500548574630472 -0.480946279608615 0.131365274579206 0.0889570458073696
-0.277298577542643 -0.663379771955979 0.121888705323168 0.142360659550456
-0.0595545541867625 -0.692768037851067 0.0741033912871401 0.185165626917836
0.212076147950583 -0.647005006538574 -0.0664720331076599 0.150265821912766
0.406608828971327 -0.701317989034688 -0.00772450139027975 0.00846839214363654
0.371752836617077 -0.736739242360307 -0.23916185308604 0.169551082860434
0.271232691902809 -0.604486714456748 0.0495597851704415 0.00919949734710316
0.208613356617547 -0.699547289301534 -0.049160191204374 -0.194108969166076
0.0122788831994361 -0.76853590083351 -0.251156778447932 -0.182360725949201
-0.330829832585625 -0.680610107894815 -0.275018386883515 -0.055558512899182
-0.555117354158717 -0.492253631274646 -0.255142744856609 0.0213177036223639
-0.715391227772935 -0.299683687670209 -0.200328492633494 0.0390551779911437
-0.648297833556332 -0.182088492752604 -0.208983031222088 -0.00639520711158731
-0.678149820635183 -0.186847083063432 -0.157567886424137 -0.0518596890732751
-0.557912066694947 -0.395822817479669 -0.105762744863541 -0.0429924778732063
-0.377588608655305 -0.496240034501718 0.0456650644574456 -0.00427440992585623
-0.153691143781486 -0.604539458657987 0.106814132435829 0.14855594337224
-0.0072755565681422 -0.601100129827611 0.0152216061310086 0.28645626958009
0.199755228626659 -0.588184507891004 -0.184248368306889 0.285380894462858
0.38838216759178 -0.682100440575221 -0.163256453929188 0.195438530255741
0.255752880529328 -0.58732501800221 -0.355818532040921 0.322232022560949
0.180344252351925 -0.46312539217198 -0.0875279497731336 0.127217625613884
0.147455451201336 -0.548480095540121 -0.11963224645469 -0.0926667622242894
-0.0231366737296324 -0.606665387082574 -0.234075934904655 -0.15829911539452
-0.296200725037449 -0.526246045128428 -0.322955375450565 -0.168543961625952
-0.46948737909189 -0.373566800731724 -0.416462261806699 -0.107161833113915
-0.589086800104183 -0.240169369665511 -0.423414292608222 -0.0480146101627405
-0.519828763330401 -0.169583259208983 -0.423843289440383 -0.0719956529193273
-0.517632308979073 -0.199986444130493 -0.342324775258076 -0.140938743791366
-0.381159008652542 -0.372596500659803 -0.218736625142831 -0.156506581755622
-0.197740855327887 -0.418545363518699 0.0204846994913724 -0.0933761807537604
-0.0172942615679877 -0.434048671586858 0.0972601380641355 0.164843996211588
0.032353668489919 -0.420883111319957 -0.0780373618480578 0.355078617758063
0.156391021194309 -0.453746932650079 -0.302089014231991 0.353889629372365
0.316907627223202 -0.565645787791937 -0.29127763598737 0.356509134106153
0.107905257649861 -0.349823092603971 -0.415333399375407 0.414085797048998
0.0589257190176979 -0.250338371684058 -0.171435912608452 0.22947589946814
0.0737306618556771 -0.296517372275836 -0.134998803710873 -0.018169199118773
-0.0190342720120644 -0.337906529783287 -0.198108581711998 -0.158101861057064
-0.176230642830839 -0.303421564836134 -0.369309348517188 -0.25507045439347
-0.287325200788062 -0.222427822663203 -0.547013974010064 -0.185443680116756
-0.360627024277296 -0.164028068800167 -0.594534390969819 -0.103812684653537
-0.312531942143482 -0.133214466195978 -0.573302022280384 -0.129120833263765
-0.29124086190899 -0.165487155834975 -0.456004740717939 -0.233975917154315
-0.179134020681286 -0.265047209756069 -0.248142513766271 -0.261304513043476
-0.0425115153189612 -0.261878474347027 0.0481689566967256 -0.150096848123857
0.0545399000147525 -0.218949683823115 0.0831020171231163 0.189701653614967
0.0394287139842746 -0.213296378858785 -0.182102062738902 0.369785792311065
0.0901192650069207 -0.275243974546986 -0.388668454271731 0.351360897604969
0.203209436187671 -0.369175706508807 -0.379596681860114 0.470486955688842
0.0647221984611677 0.106212117218718 0.352827722176729 -0.591342435702023
0.0644511195561226 0.0518653953840179 0.414733375009739 -0.381076569918862
0.032019723270419 0.00427491471661854 0.258128803476316 -0.391108173572711
-0.0254627209000671 -0.00949271318292183 -0.0976974051901551 -0.281628471831088
-0.0516759603958451 0.0187666668811372 -0.134940900220285 0.168293444744265
-0.0175097333532895 0.0464819841827412 0.21120775169132 0.382479890790144
0.0248003998516363 0.0776217128312742 0.503785837915045 0.309829170056156
0.0452311463747736 0.0661665420797098 0.629852426792982 0.178958324002006
0.0545624028770043 0.0650525955293944 0.647132001987713 0.117053467035912
0.0501871327600904 0.0725607131002681 0.594884091631929 0.167118128327922
0.00428616216487995 0.07798840716331 0.434107875590526 0.253393161368881
-0.0615766975690896 0.0463295362947216 0.21151184620125 0.173178881143746
-0.0379682021160409 -0.00608436849915981 0.137064081128138 0.0215465161880042
-0.0159043759764682 0.00807123904873334 0.183316125837208 -0.182332337295304
-0.031839630224375 0.0621961170684049 0.4431744759715 -0.368099957538584
0.209394314174631 -0.198034222336197 0.308412036155965 -0.531774655674593
0.149217072672282 -0.184559614506911 0.407584252083213 -0.311252688941478
0.0782083336636755 -0.206755889627053 0.287040647017877 -0.334236009317879
0.00267690507019885 -0.209185490743617 -0.0919654824478463 -0.278417248852855
-0.102361506458803 -0.188968894549475 -0.160996645333654 0.170168102266948
-0.172634998835715 -0.135985415698453 0.169794920449617 0.406135155046945
-0.221165127950849 -0.0415755453967641 0.476374823585287 0.339167827565751
-0.205725527344098 0.00214975909459435 0.596672663521276 0.185074910464864
-0.230168514315696 0.0125109884424403 0.618761263858218 0.103824839569886
-0.207236992254201 -0.0546394250237913 0.560421547660706 0.152681334839498
-0.19315666905138 -0.103635202784995 0.405423107294682 0.23860510017548
-0.160476549787416 -0.21002175672286 0.188237779397154 0.156499795726311
-0.0467888612650794 -0.264482520203543 0.125412483193621 -0.00355317140809591
0.0830627071743886 -0.228919093706641 0.161334032815989 -0.19660261088021
0.131413818559124 -0.196936835759158 0.392066423723413 -0.380381805467277
0.331804683771566 -0.479106027989192 0.2065184566683 -0.39977318359812
0.232318478434772 -0.411524824346582 0.375511540720201 -0.242044706951506
0.134050005430991 -0.418297325847301 0.262778912177501 -0.313772153334392
0.0350575040629864 -0.420151290080818 -0.122717457156415 -0.267120279162545
-0.149894386819071 -0.398403749314544 -0.182683387936094 0.160817211788031
-0.315675078697462 -0.314288023387589 0.110752152072534 0.380204168025724
-0.442913638232115 -0.161529047908489 0.38511707502956 0.314702267637291
-0.430601912630072 -0.0603879501823345 0.473394971908882 0.164244752389631
-0.480738316157345 -0.0312181817485145 0.498993048248763 0.0821027738154999
-0.439739333534984 -0.159064983253329 0.449063908288208 0.129442418859408
-0.378715464339376 -0.255109968770546 0.339248681245285 0.204041473541168
-0.265931534265423 -0.425530614311738 0.164419570924184 0.143643560238393
-0.0780919830403195 -0.488526520939233 0.111454773797599 0.0173503313210869
0.147874180088895 -0.442979731720756 0.107182870354691 -0.135758050677717
0.262369829964861 -0.435170627281044 0.286294787395603 -0.31132723890113
0.400304619751869 -0.6819146891611 0.0671638469991969 -0.217268886609273
0.284512550567786 -0.577894592127405 0.306801884772837 -0.171191182487567
0.183400184940075 -0.600969438204534 0.182901414880732 -0.306705018712434
0.0491919839870644 -0.62244266634151 -0.178968884492704 -0.24756783592069
-0.21923611859448 -0.583249341746698 -0.204417892560394 0.128247807144916
-0.444689934660225 -0.449659504095599 0.0283537406561313 0.298577586149836
-0.617329528283301 -0.250395162324617 0.233379125554686 0.24216861396301
-0.591761012067823 -0.11556232767792 0.278478868707823 0.121071541465497
-0.653299436678419 -0.0769019412539378 0.303377063270714 0.056316650691137
-0.597980861256645 -0.250280204861618 0.276285563663558 0.098111093312345
-0.496263479557679 -0.376529547908308 0.239005724216607 0.154386078347002
-0.323426461234171 -0.580300459895468 0.138500544373249 0.136757324342218
-0.0949725232256648 -0.636911967229988 0.0968946309281863 0.0814630242796725
0.182236022113246 -0.588720020845328 0.0329000012601578 -0.00908009317643859
0.346892374975084 -0.612242388448759 0.145277692767661 -0.171959237427689
0.399721131380064 -0.77000304758806 -0.0866991794243284 -0.0140670668641389
0.291133445415365 -0.642579843380245 0.192171475383565 -0.0899796781755156
0.205554685456897 -0.703648906052744 0.0619848522850347 -0.272167388158861
0.032985412467314 -0.757574653024356 -0.2332752803797 -0.212055342256083
-0.294990816681444 -0.686417953501297 -0.232764703235196 0.057251978117613
-0.539513573819642 -0.506481930927019 -0.0930306715315975 0.172509307191764
-0.712376297852924 -0.283173147304965 0.0314443583364157 0.139449103251806
-0.664368071300454 -0.148758887330677 0.038673344177227 0.0635179925796951
-0.715151569092698 -0.125298285260627 0.0696100043698114 0.0161123761685266
-0.640250045904757 -0.328648971832506 0.0736896717384806 0.0476626361062227
-0.496916984412774 -0.461063994199994 0.125599510863783 0.083167795112984
-0.284002047693122 -0.64005640869165 0.117164929107147 0.13400276520424
-0.0748465136384781 -0.673139866552985 0.0701083598952321 0.1772059082806
0.18998457923449 -0.638423467214458 -0.0630167329431266 0.148161100971721
0.377540131834239 -0.695711916969391 -0.00934165295660506 0.00978590334585708
0.338370314879732 -0.726895881592888 -0.228209340635661 0.174677165782977
0.253241822830342 -0.596944092619054 0.0473699032070768 0.0122925888319091
0.185943730330396 -0.686131282111698 -0.0527764922939144 -0.187367158638006
-0.00752982407893251 -0.751879796333526 -0.25138870501852 -0.17252344335035
-0.336005455161998 -0.65867599853195 -0.270814257810131 -0.047142946900404
-0.554693761207892 -0.466593004776126 -0.247186988882035 0.0289320587037552
-0.701726270369811 -0.270233246033551 -0.19916499694542 0.0375584345002103
-0.636288647074037 -0.163219382353697 -0.206432012147355 0.000526875768093068
-0.659283145876377 -0.166794562740946 -0.157594215378759 -0.0461998250777276
-0.554733366783474 -0.371785092530218 -0.105927590652061 -0.0362805404449746
-0.377925490358485 -0.477672035058092 0.0415059794186762 -0.00604906513699453
-0.163858350448932 -0.582393606188113 0.103806994273201 0.139794932531004
-0.0234263710655057 -0.584524207289019 0.0149510687623921 0.278379836670369
0.177338455079498 -0.580900279648706 -0.176066764926072 0.282689899904583
0.360001043086381 -0.675860557363842 -0.156348515974852 0.195457993421261
0.230971270454356 -0.577187448060498 -0.338356406009918 0.324934145101461
0.167333427518452 -0.457149105809211 -0.0846272850052529 0.130347463588265
0.131220448849135 -0.536636604062303 -0.119158449544128 -0.0863680102061126
-0.0378234805101624 -0.59390274840958 -0.232584708404769 -0.149691152307349
-0.296775159787714 -0.511069183300343 -0.31966610520304 -0.156433450833908
-0.4653013170861 -0.35438726466852 -0.406125620656445 -0.0928295435472773
-0.578146332749427 -0.216085559444858 -0.417720485249937 -0.0427043909879091
-0.509361450174771 -0.153114796539121 -0.416241505816139 -0.0615221841510059
-0.502531059777547 -0.182738578665866 -0.33813545998032 -0.130032886011903
-0.381865578370153 -0.351735242662742 -0.216737835384996 -0.144689179691255
-0.200786385698588 -0.404586796859085 0.0167030336852362 -0.0919216062646689
-0.0306736513933672 -0.421153113580994 0.0966032333424277 0.156515946334416
0.0191197767753067 -0.409459264330071 -0.0733672993993613 0.348304171853765
0.140710003723361 -0.448484258345562 -0.2901863128088 0.349817516789888
0.295672793059007 -0.561789864293482 -0.276840798072769 0.354105430484259
0.0946143098923635 -0.343570487820228 -0.396540703604836 0.414725134114714
0.0539830788844587 -0.246001436167191 -0.164102407530511 0.23235569320519
0.0663623735769337 -0.289814110417059 -0.131286591832846 -0.0119790983137735
-0.0269045922153976 -0.331058262757008 -0.195321934937746 -0.150243989607484
-0.176433583721428 -0.294104921083983 -0.364576820545725 -0.242172820276944
-0.283728857961044 -0.21004805487334 -0.5357688439372 -0.166971968311342
-0.355040531099172 -0.148194237178638 -0.582062302899807 -0.0899251245918476
-0.307282113746986 -0.122600987110601 -0.562086131218247 -0.115368612600293
-0.283541577343608 -0.153184033092599 -0.447258543651993 -0.220516416951401
-0.180685964493332 -0.252036015117981 -0.246100334776676 -0.246942001837768
-0.0471107217822392 -0.25361581739139 0.0441554179678743 -0.147073899405551
0.0463530606491397 -0.212625472042509 0.0843875490955792 0.18202661473358
0.0320109678676872 -0.208274400923759 -0.175120939261544 0.365872047394761
0.0796279895956201 -0.272546497027868 -0.374482206556908 0.348106149060562
0.187761069079427 -0.3671958526131 -0.35912923589467 0.46668146248637
0.0653611870334221 0.105914967577654 0.34324688339557 -0.590339015032698
0.0620675283299205 0.0501827145861893 0.410693825511129 -0.378907089339604
0.0323690951969958 0.0028988253456153 0.257126682139105 -0.391896254998459
-0.0235282931733113 -0.00990279293037963 -0.102109765844869 -0.280498887618723
-0.0525515422164371 0.0183048586022987 -0.13567783577595 0.165736095592952
-0.020164978028853 0.0467046670252718 0.210287309270998 0.374134918011881
0.0261096746308782 0.0756979679257564 0.502293622496436 0.303073391433795
0.0456609826904823 0.0651192537876366 0.629496601412537 0.176705243221666
0.0540758220694832 0.0639656320309192 0.643544916934049 0.113686210700761
0.0508459954759821 0.0707296157970396 0.5909176247936 0.162898379232703
0.0053604642006289 0.0780212591681852 0.43230478303327 0.248079578218502
-0.0600952983212542 0.0472886959623973 0.209174063728865 0.171352593605581
-0.0381886208233061 -0.00612259922406619 0.136043274595509 0.0178281275481294
-0.0156597396380864 0.00909323587915568 0.182770815483047 -0.185178995524172
-0.0310022334085584 0.0645223947046495 0.434076969424685 -0.370924313120463
0.202248451546104 -0.198657260821775 0.298124131796764 -0.529133038432962
0.144032070660227 -0.186321662148154 0.403909986739396 -0.308015298076634
0.074616485922255 -0.206291743440108 0.285641795901184 -0.334878273103664
0.000150516384956022 -0.209033159933013 -0.0966537286205779 -0.2777648042109
-0.104016974566697 -0.187828355225727 -0.162161273097489 0.168319651863252
-0.176486753738408 -0.132748054608632 0.169454833585863 0.400657400222491
-0.218237638882626 -0.0392930386667881 0.472485894399282 0.332146939561358
-0.204805521715791 0.00402569630440901 0.596045163427342 0.184755196595712
-0.228141208419495 0.0143461071663917 0.612845783422782 0.100835381537073
-0.207313549942428 -0.052715248925445 0.554496675665509 0.148704659714972
-0.192627372507503 -0.102792493493497 0.402842066535159 0.233403413223793
-0.161230494733844 -0.207324125087888 0.184725197110115 0.154771678958126
-0.0492760982430933 -0.263306253012208 0.123168666852502 -0.00697728213468286
0.0794851336182797 -0.228548226961378 0.159917890296778 -0.198668997818682
0.127132349623559 -0.196151044798885 0.383226861283287 -0.382571417159301
0.319003467192525 -0.479193864980977 0.201878527842208 -0.39767787833448
0.224356381965546 -0.412560985056598 0.373000842767538 -0.238679628472938
0.127600502431145 -0.418115196806062 0.259887399645372 -0.314366844853797
0.028270928962674 -0.417664561758118 -0.127016992818059 -0.265747171448154
-0.15226310032452 -0.395598713734207 -0.183869381102784 0.160086535657792
-0.319317311889696 -0.30884279539979 0.112427318137056 0.375839812495285
-0.438961347320033 -0.153529280061708 0.380788152209295 0.306199960781198
-0.428841286219423 -0.0549457053046959 0.472754397316436 0.165239349420761
-0.476431771809926 -0.026684838829469 0.491731869048897 0.0807164870995691
-0.441016485187846 -0.153217058890777 0.444971250242309 0.126580772788697
-0.378866384934157 -0.250875237848593 0.336592353287972 0.200751433007445
-0.269701272351029 -0.42135666115092 0.159818717727631 0.142354912454277
-0.0823125416184742 -0.484692815925108 0.107908414079422 0.0138933331232229
0.140815205781198 -0.443717724957416 0.106711725606298 -0.136806992789157
0.253864730382597 -0.435159444387953 0.27867681723229 -0.311897942985649
0.383278518023782 -0.681375051826636 0.0658234159725375 -0.211917718085386
0.274705146138967 -0.579332411670663 0.303684364893678 -0.168196792460833
0.174152180373342 -0.599194198385424 0.179318368328663 -0.307796258770566
0.0401470287117472 -0.622703008608195 -0.185027755023931 -0.24418026662138
-0.222925494243485 -0.580102223001902 -0.206846298712737 0.129608410258002
-0.451114617643054 -0.441778135411314 0.0307081935410707 0.297798167246487
-0.610387261854334 -0.236971931729748 0.227353876759063 0.233939233930795
-0.589783694991612 -0.107420221420216 0.277236200410047 0.123110595805529
-0.646368264698591 -0.0692340230727116 0.298361592716384 0.0562060713702038
-0.599669218940493 -0.242776504069938 0.272403096009264 0.0977770208302576
-0.496230541694791 -0.371897292196992 0.235258484274335 0.151882891362482
-0.326814869867696 -0.572664955567792 0.133897992735127 0.134181701237247
-0.102204910910294 -0.632726065501407 0.0917626327872017 0.0785618859047713
0.172333749320079 -0.591130563977427 0.0324965068216353 -0.00948238701151626
0.334772284967706 -0.613909485434123 0.139642145721229 -0.171551515141006
0.380402823327619 -0.76572102755529 -0.0840903766771096 -0.00911064155173671
0.283247623548194 -0.645267074819082 0.190738057721986 -0.086574757136044
0.196051009225881 -0.699939867987891 0.0582011496096774 -0.270379529787942
0.0215659914156962 -0.755982831022098 -0.23776646349381 -0.207982230567493
-0.298562221777161 -0.68253559394871 -0.234030187284139 0.0603732816014887
-0.544576828690017 -0.496910731784267 -0.0897459209480704 0.174349128743155
-0.706911629861769 -0.270965871952173 0.0247103382849379 0.133714456790911
-0.661762438843568 -0.140375421594668 0.0374561738094396 0.0669953442571564
-0.707351588067338 -0.11700081505428 0.065886602259592 0.0179119608000311
-0.641300830697229 -0.31917282257142 0.0711572464318825 0.0492714305435571
-0.497045909017855 -0.455741189668052 0.121493917072066 0.0814575174900499
-0.289829177617032 -0.63163923636436 0.11335448772247 0.131565777419233
-0.0828646570544376 -0.664391085759797 0.0664306296915278 0.174898665660925
0.180179829614692 -0.640011744856021 -0.0623419312277882 0.148774868678649
0.36384481886491 -0.697820245982029 -0.0115063659532257 0.0115023671908705
0.321341422075559 -0.722895554574839 -0.222576585912576 0.179682112563459
0.247685141183983 -0.598293731421814 0.0468586291007601 0.0164623979038403
0.179545844428674 -0.68389895244329 -0.0562527085667369 -0.184594724877431
-0.0164105243108445 -0.751574070761322 -0.254595696913127 -0.167700562610121
-0.339906089207046 -0.656491202295355 -0.2715185856536 -0.043168921525177
-0.556514188558109 -0.459038248827371 -0.244306760510504 0.0334934759756094
-0.696769741833804 -0.256557913459931 -0.204141641879613 0.0339350885704124
-0.634215063107824 -0.154860613570738 -0.206784175997393 0.00500802245266956
-0.651476168451765 -0.159923322073471 -0.160115923709879 -0.0435668107056758
-0.555693046037455 -0.362754423322133 -0.10630603335765 -0.0323405587431521
-0.377688423035179 -0.473613927680602 0.0378667744520535 -0.00686274285573427
-0.167856392724171 -0.576201747317513 0.100463388272472 0.136098598563157
-0.0312607166956774 -0.579387561201951 0.0119399136174776 0.277284554246943
0.169579815067537 -0.582149258183251 -0.174249955757055 0.282986644794414
0.34630258651857 -0.67856718142747 -0.154477147053467 0.197656601529617
0.21867975882111 -0.573228933765933 -0.329665874218464 0.328720274243157
0.16510565642564 -0.457925200509347 -0.0833059297379613 0.135030715609269
0.12560066217982 -0.535130180229968 -0.120112623087292 -0.0817636634049429
-0.0454790009827365 -0.592643349192577 -0.233582942781371 -0.14571769879612
-0.299934182251395 -0.508503711201454 -0.31994336269374 -0.151505073227045
-0.466969977376097 -0.348919031240449 -0.402967386424372 -0.0858754929577217
-0.573129546194732 -0.205394614103134 -0.420101516714489 -0.0421743418375606
-0.508534999755585 -0.146606222981665 -0.417515483436425 -0.0562872804300159
-0.49502028965031 -0.176877207572341 -0.338599819296895 -0.126909793853165
-0.38246070584562 -0.343263146883593 -0.216058046289545 -0.138723865266156
-0.20180664653128 -0.399847006167505 0.0145807288778295 -0.0929096616639555
-0.035226780499759 -0.415678563843589 0.095082472656932 0.153838562379861
0.0123565461657787 -0.405527991605365 -0.0748136769728651 0.347717984955912
0.131762914523272 -0.449862399814748 -0.287369362547557 0.349728213333786
0.283495431688393 -0.565242706478088 -0.271870574837285 0.356703277649406
0.0877846863280948 -0.341511474948012 -0.387457955498897 0.417782858263249
0.0534638048916557 -0.24577293400179 -0.161761507381918 0.236884040170756
0.0646828762846732 -0.288611387359899 -0.130519449131733 -0.00719132896649162
-0.0302874937084515 -0.328777972624485 -0.19516971625487 -0.148689604784387
-0.177222157783054 -0.293743780126544 -0.365408756468612 -0.236284159365096
-0.282358087282355 -0.20758480388926 -0.530754486526763 -0.15977679049786
-0.352385652304141 -0.141335034036073 -0.581644854825257 -0.0870474395597845
-0.306649447238786 -0.118166136948094 -0.56254933903049 -0.109973432203718
-0.279422035186145 -0.149544257810211 -0.447410181696049 -0.216112016471033
-0.182291788157685 -0.247594744478778 -0.243901788143745 -0.240368640460335
-0.0482052453119832 -0.251363706893758 0.0431132138794147 -0.147216958021021
0.0428140135513985 -0.209566043495508 0.0841741003862073 0.179910594897092
0.0269498008901073 -0.207338912617914 -0.175784172008615 0.367406969049836
0.0740473343831989 -0.273432691582144 -0.371020930485035 0.346765889105801
0.182007347448766 -0.370146134479212 -0.351549192813522 0.469593099132622
0.0691457346660652 0.106579292933067 0.335031822526555 -0.606158858228467
0.0617031513532734 0.0509869045949067 0.414131510702171 -0.387871895667911
0.0327592117755395 0.00175441556714598 0.259117183102847 -0.40425810479232
-0.0230343857832163 -0.0117958931474203 -0.111140501654867 -0.285631021748709
-0.054590059449425 0.0190117458591549 -0.137645070571219 0.169299319805528
-0.0228114529962558 0.0483228812887668 0.218437269137022 0.376245948643743
0.0281810150764637 0.0749193840950737 0.515065441463496 0.300682577285344
0.0478457152345777 0.0661733100353084 0.64678334700421 0.173004895321027
0.0558740653624687 0.0645968894302398 0.655660863483489 0.110185963939207
0.0537389795864689 0.0708223622961954 0.600042555614041 0.158321457363614
0.00687000043928607 0.0792159875174886 0.442992529199066 0.248201292589519
-0.060144910113696 0.0492000387906713 0.212617157435625 0.172881957968533
-0.0394717837179974 -0.00579699318138024 0.138571569615291 0.0126245446782825
-0.0159022014523206 0.0101166995064637 0.184796911341852 -0.194933217189713
-0.0301109287068104 0.0686832080062535 0.433745298686208 -0.385793600170105
0.199769226242842 -0.204709425389539 0.292997951511445 -0.539711019072758
0.139854335133036 -0.191508163914319 0.40957638713099 -0.315622663885324
0.0708849697210201 -0.211737619480987 0.287847798922733 -0.345797310650523
-0.00401180383151104 -0.21448557826954 -0.106332387590961 -0.282877967083544
-0.108655373865809 -0.190326642820492 -0.166533379256413 0.171925477489362
-0.18548788166073 -0.131380162170253 0.176667600881488 0.401979705743712
-0.220416534710257 -0.037152823139064 0.482096910070134 0.33041868994773
-0.208465144738768 0.00810431472043036 0.613827432276674 0.183313437734211
-0.231824780724861 0.0182442520346397 0.625558886248047 0.0977044771242601
-0.213261188405375 -0.0506265720908762 0.56396064442556 0.145264454007025
-0.197883156542249 -0.102366026131509 0.412904351032829 0.234345653865517
-0.167604094277412 -0.20854312972288 0.186212048895896 0.156023162764498
-0.0550910667348634 -0.266777822015991 0.122904736196326 -0.0125258491518619
0.0775609043431387 -0.234502423275414 0.161605022582818 -0.207641408402576
0.126013976245367 -0.200078336371618 0.381970583931007 -0.395974038435238
0.312605725114202 -0.491826440661257 0.197959771264976 -0.403683979783082
0.218223507738146 -0.425748733767427 0.376406469078407 -0.243997621013499
0.11951969139584 -0.428227470643877 0.262197895186844 -0.323668418624273
0.0196728142476848 -0.42858615512513 -0.136883529874767 -0.269904725001211
-0.161252841823516 -0.402225181654918 -0.189706432172882 0.165663570973058
-0.333268071284753 -0.307407418588236 0.118937357295218 0.380663520664297
-0.445883573489503 -0.148550488988906 0.383659932990221 0.304463590315304
-0.436748249873233 -0.0484082909134777 0.48529893457255 0.165013185614548
-0.483894005400046 -0.0199963179845924 0.499908730979181 0.0778704551747998
-0.453272725385627 -0.150939995211539 0.451414044556353 0.123692040277771
-0.388896364944242 -0.252531826216512 0.343399081485822 0.201008531654879
-0.281010742494519 -0.424857398485622 0.16016188889475 0.143838363217821
-0.0927771731448562 -0.493900186298914 0.106042176666148 0.00957129520667093
0.135831123906155 -0.455571225915152 0.107372092306511 -0.143526200370847
0.250411070641927 -0.44823936014442 0.276220335282895 -0.322534209651251
0.371558263656172 -0.695603350955208 0.065046141961312 -0.214401527990918
0.267719304138518 -0.597390407166116 0.309243641370682 -0.171524450617547
0.165912507701432 -0.612899365261521 0.178707837677643 -0.316260088678113
0.0259474527379253 -0.634916405118699 -0.19455640353975 -0.245590011882844
-0.235221499276223 -0.588614490001299 -0.213001707477113 0.136418045013833
-0.468543632791128 -0.443282218779452 0.0351599609658211 0.30409361432918
-0.62255996487795 -0.22938218965962 0.226384761029231 0.232391195320418
-0.602907471284538 -0.0978778617890564 0.285491238672097 0.1258318492804
-0.656210285128313 -0.0622626737766232 0.301339843770193 0.0555399207941663
-0.617471340141908 -0.238269801261756 0.276174290408415 0.0984514925303736
-0.510898768675167 -0.374866462605244 0.237922127628557 0.153019994132275
-0.343401613229137 -0.578634036831458 0.132964968108566 0.135722995334783
-0.115396329389464 -0.64144752773398 0.0902834170234002 0.0773576503025735
0.165090065498395 -0.606658155986237 0.0336078277462419 -0.0113043045446353
0.328950339571247 -0.632854193146883 0.136709682854109 -0.176381873303403
0.368232436203498 -0.784575065123481 -0.0826017288402091 -0.0038178550786068
0.276852996419604 -0.66432004485715 0.194253848456032 -0.0863042681324956
0.187676838902012 -0.71806738007498 0.0542038439447411 -0.275540510236241
0.00505035780889867 -0.772329209845695 -0.24839438336433 -0.20655049839256
-0.314297410452878 -0.694332919427807 -0.242003032672296 0.0677155186933024
-0.563770404729053 -0.497673731663041 -0.0883189553512118 0.180980668530833
-0.718514620861976 -0.261618915672949 0.0178202015636888 0.132893559288468
-0.677386241835734 -0.130739383982334 0.0390078093758777 0.0720847544466114
-0.718618007765109 -0.109677678802503 0.0639891492119792 0.0196136830633856
-0.659097151364042 -0.314301362038536 0.0717810457812696 0.0520970991672216
-0.512098591086285 -0.460282689930522 0.120768148521999 0.08224012158087
-0.303893215140906 -0.638103992867172 0.112293990439318 0.132117254537959
-0.0971278814857997 -0.675068994657065 0.0653562939546131 0.177507704195503
0.170643211854015 -0.656790319121657 -0.0618392858229033 0.152530154765361
0.355960634052584 -0.718472964421183 -0.0137991048942916 0.0136556050484648
0.309242834315939 -0.738103731981762 -0.219314668729914 0.188853982575402
0.242786514575397 -0.615170916583047 0.0498835564843938 0.0209603943930383
0.172564741766229 -0.701376465918911 -0.0619124331695531 -0.184686651894095
-0.0315643198929315 -0.767696279936947 -0.265247970752985 -0.166249337601158
-0.354134120726269 -0.666845258054924 -0.280256534614064 -0.0368203225741242
-0.574451096748364 -0.45757510489072 -0.246467920642318 0.0402397131219438
-0.70890530610556 -0.245371485089692 -0.215522487791411 0.0349120304074159
-0.64928128942974 -0.145662160673626 -0.212655368408885 0.0117498071219843
-0.66099019864204 -0.155155962751619 -0.166248529665992 -0.0405511080153842
-0.574834161962545 -0.359758887007497 -0.109166412392204 -0.028502989018282
-0.392234851143373 -0.478326859293814 0.0354322504682405 -0.00795398141596673
-0.179875826044312 -0.581940224098942 0.101171456369296 0.136697510564826
-0.0433924007087196 -0.586657908496978 0.011962915681924 0.283480928451199
0.159238925555214 -0.597921306020827 -0.174022688704978 0.290651323162162
0.338507838924999 -0.698991821220861 -0.155010369379718 0.205703001315192
0.207581483138246 -0.585200070754715 -0.32665604259408 0.340769357835141
0.161250899925464 -0.470371516199063 -0.0818569120520993 0.143504547160655
0.121052285116729 -0.549876962199341 -0.124685495908716 -0.0779761203052643
-0.054990075474023 -0.603359409117604 -0.241184909901137 -0.144740332394688
-0.312980436520969 -0.516715594544586 -0.329648788604204 -0.14752619224478
-0.482392510446485 -0.348564253609719 -0.410903769803283 -0.0788894261554358
-0.584059044431884 -0.195343983609741 -0.433168725198579 -0.0390988658475163
-0.520222191498083 -0.140383598654368 -0.428657590193541 -0.049275276083217
-0.503935992617333 -0.173766034234825 -0.349254446314362 -0.124627393273622
-0.395431731354612 -0.342503338143492 -0.220293083237552 -0.137138601869128
-0.210542899425644 -0.405528938359246 0.0118743414993303 -0.0957221429529877
-0.0416276969867622 -0.419774858563544 0.0972712091140704 0.15433135487919
0.00330360609875683 -0.411646566836207 -0.0758673992978999 0.358425986772742
0.123538305251969 -0.461352213758449 -0.289761475539814 0.360778168807165
0.27629200008021 -0.581392220097759 -0.270492659587765 0.368904106333213
0.0810715108370384 -0.347879206977388 -0.383753817739653 0.431263242820208
0.0521134827230482 -0.25162683007492 -0.159756127330319 0.248584085143877
0.0628028827195967 -0.295602216883837 -0.131667272168417 -0.00111990430932744
-0.0365575614227235 -0.335191428353735 -0.199593129103729 -0.148445253519884
-0.184298829409412 -0.299189790529853 -0.37620318396745 -0.234611408237254
-0.291367782901987 -0.208416460837433 -0.543871210601116 -0.154445596225339
-0.36070651462416 -0.134659547410393 -0.595925787158037 -0.0829285235967675
-0.314659573053684 -0.114735517269035 -0.577081614994897 -0.104568083734133
-0.284368105678474 -0.149823845295009 -0.460333463269265 -0.214260187441414
-0.188751203889228 -0.24737666250662 -0.249382092338134 -0.240880911587365
-0.0528372532692089 -0.254766905378372 0.0424747843784441 -0.151459430217729
0.0395756195670975 -0.211130119029339 0.0873929824195244 0.182785911611058
0.0212612558777805 -0.21111463124304 -0.178890490806412 0.379484319992437
0.0683395595845109 -0.280427794241627 -0.372232887184947 0.357577643703795
0.178616356648473 -0.383816430414616 -0.35060577977496 0.482919037406013
0.076836991666722 0.0887833182689645 0.285869507919729 -0.635868796431705
0.062330438268924 0.0347013016445505 0.388656462802674 -0.423182449973057
0.0300273055813826 -0.00793690131737813 0.230303492882205 -0.434736325074556
-0.0290261132176364 -0.012075812579004 -0.139415781598303 -0.283619799597897
-0.0544717599328886 0.0288292182074009 -0.129648210373563 0.1813789327026
-0.0136168268710459 0.0531955624254218 0.250979607389883 0.359087832364447
0.0429424067810939 0.0708300740062705 0.54993687589834 0.256425027609746
0.0579262401613786 0.0590039184974555 0.683398820890236 0.116766701642828
0.0646245566822367 0.0594066550285475 0.694432736725031 0.0546327190437749
0.0594071705749723 0.0693284872337182 0.64285406327514 0.11178270590927
0.0116141772088192 0.0850322017966074 0.486048254163428 0.218567068356995
-0.0589645455685828 0.06061049782818 0.23921370634931 0.160479610345538
-0.0421853473041531 0.000422637562021592 0.14695101886562 -0.00304600373113574
-0.0125510322499523 0.018311482371953 0.177601494367566 -0.227199656628468
-0.0187890335151842 0.0835065077881764 0.423571805673242 -0.43957273816992
0.163867166070548 -0.237041592204394 0.271352359265016 -0.555233039519755
0.110719267856841 -0.218680974647399 0.403137007948786 -0.344114635605351
0.0394287607678243 -0.227959646009352 0.281739580986714 -0.372373872570317
-0.039283653935593 -0.21810195186253 -0.117684683497491 -0.275304211915839
-0.133851860154833 -0.175379989933737 -0.145358476038074 0.182971948286082
-0.19684100713921 -0.109892583386295 0.219900090035389 0.383472511026704
-0.224588845096343 -0.0098031156415726 0.532853288332663 0.280872035817698
-0.205932235328319 0.0259668215988179 0.647637813303942 0.126177644564863
-0.23111663216947 0.0471842084493672 0.661469111046938 0.0458425952275701
-0.227412473447415 -0.0229552251402395 0.609327720593052 0.101329915786245
-0.215961979751774 -0.0780053480966907 0.459584673067822 0.207875711161723
-0.199966273609568 -0.190294440542759 0.217608377960436 0.15178582624392
-0.0867412054856486 -0.264653156845973 0.130702971679219 -0.0165217146499626
0.0588840304585053 -0.247651434833317 0.139944147666453 -0.228658687185694
0.11817640849935 -0.215156933709754 0.349410078336786 -0.435962495263771
0.237225491886998 -0.534654363326652 0.205139761135353 -0.398509871174096
0.160658005600911 -0.462403104396545 0.390380524886825 -0.263742706124642
0.0590471925884549 -0.452365572973537 0.275591025330837 -0.339937152200575
-0.0464249640802285 -0.435438517292515 -0.131707786646759 -0.252612855336488
-0.21208453310993 -0.38318018692434 -0.155485763135797 0.176166641938691
-0.366486613952387 -0.27228228226137 0.170440871213399 0.360898406458904
-0.468444265348244 -0.0928435535410284 0.446329231533275 0.25762319657677
-0.443469318634786 -0.0099244096349964 0.514706165139865 0.116492728777472
-0.491123364229959 0.0374406446144663 0.529485106358016 0.0365980747634264
-0.483969222133046 -0.096850461080644 0.494895628531009 0.0901249465295386
-0.427547745507331 -0.210482806417177 0.387954924076818 0.179548066792837
-0.341575160656167 -0.396601976435102 0.194975183262234 0.145715438511464
-0.150173575966364 -0.491769411851484 0.117306783500732 0.0194497592748712
0.0948484397549521 -0.486933780309493 0.0781556019118198 -0.144136478405816
0.222070366060179 -0.490487116293767 0.228867284161256 -0.342437310990221
0.270452581238055 -0.743852667330167 0.10122898012969 -0.189330190301567
0.19000845871814 -0.641293090612976 0.33940453518054 -0.178908362738191
0.0769480115222686 -0.644587624539177 0.207292229856432 -0.316254123102465
-0.0689926873201939 -0.644717859882925 -0.171132751923724 -0.218664592598671
-0.308662879350116 -0.563595405198259 -0.168166151346379 0.145036549321932
-0.519450315155633 -0.392851694757146 0.0878085531337348 0.284652774921491
-0.659440247775125 -0.151664838746153 0.288906850267892 0.19378102734919
-0.616279988184796 -0.0412199687769123 0.302645974469058 0.0937760939904376
-0.670755809860459 0.0171149653584978 0.320140610576509 0.032433341179152
-0.660324639404572 -0.167418214482685 0.311881639016665 0.0787014505553925
-0.562691524632411 -0.319778563639012 0.276074626738366 0.138281448528483
-0.42249740415429 -0.54633558587249 0.171142580156739 0.143431850209053
-0.193130534096294 -0.640525393192916 0.10873717410503 0.0993202354373111
0.105093605825376 -0.649435878574972 0.00573247014200238 0.0104722800708089
0.284037303221453 -0.694085646150093 0.0850159239259644 -0.170641721689947
0.257632272749452 -0.824480497749686 -0.0261962326610936 0.0349308874726695
0.191152183525558 -0.705489935467684 0.234830278042322 -0.0807838715395312
0.0865486117665528 -0.751561404663938 0.0917755253008535 -0.259850443517401
-0.108418224258632 -0.778784779529545 -0.210641678822807 -0.172666871796274
-0.402237003736024 -0.661162195826114 -0.195511631120382 0.0725355703515483
-0.623744010746563 -0.440634340757969 -0.0443394837472463 0.166978973735886
-0.76517572930739 -0.168576041110131 0.072003869887044 0.109397193632876
-0.6943851869473 -0.0667378999018209 0.043297208825449 0.0620909642608702
-0.73859607572993 -0.0246457327510716 0.0676625757115678 0.0172978989331334
-0.711105089141706 -0.241324747598032 0.0942439446059801 0.0500943637276782
-0.572377341973964 -0.407605632799911 0.147623498334729 0.0759357962943836
-0.39172708085169 -0.611159785654505 0.148795216086093 0.143060729925001
-0.179675572116227 -0.677225780972345 0.0915108895603363 0.210186183927269
0.102500743418529 -0.704971710610562 -0.0811742903627462 0.196150183944737
0.300392791882403 -0.792005167272662 -0.06126118526771 0.0429349187246214
0.208494842333385 -0.770272043092091 -0.154305773032643 0.23691801869303
0.166041558647706 -0.652432564374646 0.0918434389261529 0.0392504871445226
0.074990296621349 -0.730588975620327 -0.019312627574857 -0.158790734463843
-0.143035109455358 -0.769268051250359 -0.222546999596934 -0.13186022198526
-0.441616991472069 -0.631503783963102 -0.245685033184169 -0.0337812841810886
-0.634800736440566 -0.402579124046872 -0.219837308390852 0.0374135233497415
-0.754034551579775 -0.155429589296723 -0.175991835119327 0.0314497444091806
-0.667926913841822 -0.0844585854208887 -0.220923962939891 0.0256782028604706
-0.683495107698277 -0.0775655638344679 -0.178497503106034 -0.0244041635893539
-0.625063389491975 -0.297501119251254 -0.103121442764085 -0.01744607070285
-0.450558472410553 -0.440236860567948 0.0477861671789478 -0.0088419149571121
-0.258177933104665 -0.568014163505492 0.133386359583669 0.1493652183185
-0.116311475416513 -0.593711096417178 0.0432213371545085 0.324557155646777
0.0935358499831883 -0.644280293978404 -0.18528384881357 0.350845642282199
0.281032232557765 -0.770835311950309 -0.190939514291644 0.253708877109355
0.130761974048197 -0.600974834802303 -0.263720072662305 0.391216886343301
0.105568698115831 -0.4922808969409 -0.0406691244469686 0.170068560297894
0.0475135633078035 -0.570231271649997 -0.0859591375343755 -0.0490263863303005
-0.144625624040597 -0.601147349624866 -0.208560497283596 -0.118416371429998
-0.383756099427596 -0.484908270533826 -0.315622678367851 -0.14110099657069
-0.531813909661485 -0.299596987089163 -0.403806667975011 -0.0664071337922341
-0.62215939266924 -0.118842250124573 -0.412326544108868 -0.0194828583991343
-0.539677821956252 -0.0883633450253947 -0.447757122681967 -0.0137426389583596
-0.527938641654796 -0.11730716507024 -0.377392637857379 -0.0955470310436049
-0.439267209173855 -0.302657593384618 -0.23229839932269 -0.120727838023086
-0.257417476368114 -0.385929024969748 0.0119009189489292 -0.0980609842767602
-0.0969840487037659 -0.418355208072012 0.125205112016773 0.166382984571886
-0.0515310441815724 -0.42224078485228 -0.0457282431852679 0.40575550755877
0.0716339581412891 -0.501368841009888 -0.294683960648859 0.428378431196072
0.226471862672833 -0.644714046269569 -0.291126358251095 0.427926505675599
0.0385588716574554 -0.346671593540366 -0.333215667341054 0.475419187574571
0.0259125689104297 -0.254656485377488 -0.12460486906121 0.27603698533407
0.0237869187380169 -0.307029185443178 -0.10677509125449 0.0225061058932921
-0.0859543540567307 -0.333008533064877 -0.18818467246742 -0.131564682463438
-0.230196501335673 -0.280915961031322 -0.384550114415693 -0.21699289206436
-0.324173665068139 -0.176824370317442 -0.551961645570443 -0.121922534014923
-0.388705275153877 -0.0855531390361814 -0.594146167189825 -0.0392901479250915
-0.330902835695147 -0.0828964283664239 -0.605962096153494 -0.0538492441200096
-0.30318531703134 -0.118906740960142 -0.501056495931315 -0.180404805179651
-0.218059451137963 -0.228311632564949 -0.275824785121471 -0.228792207800003
-0.0799496787402502 -0.248823593641588 0.0347133623805273 -0.159967022611414
0.0106660197282646 -0.217681928932548 0.11145272278676 0.192719246040989
-0.0112260536008205 -0.222634488788716 -0.154633960274164 0.429323362788056
0.0347157064935115 -0.309269299884258 -0.37690809068493 0.421651778497684
0.141486262434373 -0.427870602463497 -0.350823621394694 0.546440406122549
0.0846984764629384 0.0839379983241501 0.245555564180516 -0.658972652429713
0.0635567565195605 0.0335238294171831 0.36906596450181 -0.452649332253723
0.0304279197951894 -0.009804369378973 0.207063481071161 -0.457678301714473
-0.0305973778676411 -0.0114823654944017 -0.16157233135768 -0.278354254733695
-0.0557584968764719 0.033402889410016 -0.12254260420165 0.192623887049235
-0.0124766191772779 0.0562453216176914 0.274912391064201 0.345390275035549
0.047135731434792 0.0666271484938971 0.574685279789227 0.224900812714072
0.0633431128903251 0.0560409949586476 0.705365239588905 0.0737118124765166
0.0702592993404136 0.0562807342636105 0.709710082378075 0.0130972425156786
0.0655766145541422 0.0653634267693661 0.659821610381678 0.0728318413150105
0.0176860540134555 0.0851920705688476 0.508332858957705 0.191003315058515
-0.0560429001944125 0.0655248207692345 0.251149304484406 0.149566117662778
-0.0429664065022635 0.00278085449681738 0.1470216344629 -0.0161442866314962
-0.0108350042095212 0.0202107201641008 0.164654819241758 -0.246836989110628
-0.0117587553942978 0.0883619409524801 0.396718548185656 -0.474650018406032
0.14839999900412 -0.250613458823822 0.239194040647771 -0.576316371673097
0.0947061422579643 -0.22743459572093 0.387761506424275 -0.373771742655079
0.0228905955964853 -0.233941750477717 0.264255577734531 -0.396569561496131
-0.0561566122957772 -0.219420589189571 -0.139491375830383 -0.271931791804715
-0.149632931907986 -0.169423179401607 -0.139649997652235 0.195784142573969
-0.210556681860293 -0.0961398884739023 0.247404984399218 0.375489473399147
-0.227963889835891 0.0031007769515548 0.554767061257645 0.25287293190369
-0.206662795778835 0.0403874145271954 0.67018081365032 0.0859095478849417
-0.231980689820209 0.0640718420931798 0.676081478563843 0.00534058316422697
-0.233028497270886 -0.00880264325192498 0.623834340699924 0.0656237220006077
-0.225266248293801 -0.0665310148566063 0.479748757465235 0.18311995637731
-0.216685542101402 -0.180104940341063 0.227889717870487 0.143346081817992
-0.105961648868151 -0.264076911310295 0.127287993338147 -0.0281125033058685
0.0429781410600964 -0.25620957584007 0.126356681920804 -0.245880482417138
0.105883193245582 -0.225910301941699 0.320830752041598 -0.466402208994525
0.199712892192926 -0.555949266940956 0.185377107944643 -0.414158050048198
0.127971646587896 -0.479105331217384 0.38211039743486 -0.290547521161128
0.026454078400645 -0.464253489206058 0.259731623284252 -0.363041960778123
-0.0792295636928727 -0.438912169145479 -0.152074490987482 -0.24871325099499
-0.242622232991661 -0.375448091488727 -0.149939466376522 0.191024418776018
-0.394234196720073 -0.249002464691285 0.196118779828279 0.355423692958168
-0.479100306942852 -0.064089792721389 0.462215383436921 0.236717557560454
-0.450543678643034 0.0199790651684247 0.534279391435709 0.0861218978005491
-0.496642904392938 0.0721902535263687 0.54064040803944 0.00587170527376302
-0.500228568367297 -0.0653643682816369 0.507525445998759 0.0632966869051108
-0.45078326262129 -0.187606005553027 0.404985985274685 0.160830023845537
-0.374226684901939 -0.380847853156903 0.204856124453942 0.138672496989481
-0.1861776285403 -0.489798325077733 0.115345545113958 0.00964072263368838
0.0609298588927019 -0.501745385393077 0.0697612120374383 -0.154687120575155
0.190706859065408 -0.514808169433867 0.205450274109196 -0.361670153159466
0.219130269701258 -0.767978152234741 0.0923475308205101 -0.195569566246374
0.145645478732682 -0.663109920289832 0.335300540886211 -0.201607246182861
0.0313754784058736 -0.659587439371133 0.192700169286834 -0.333284570445492
-0.118199758059186 -0.650547977643361 -0.191900779319386 -0.209793757744993
-0.352815762052162 -0.553851352586256 -0.164177540456632 0.161263435248986
-0.55670273586504 -0.362402137928624 0.10788235116122 0.284838445872071
-0.675580821837597 -0.109344941003646 0.296117497118594 0.182365110488433
-0.626743069429763 -0.000110688526282801 0.316326915041196 0.077495628603931
-0.676764018055915 0.0620586925381756 0.326267696507946 0.0149448583558251
-0.685528448423835 -0.123636179878229 0.320756245489068 0.0626574548629422
-0.595028928104661 -0.291146105432689 0.287812549905183 0.126570151719298
-0.465297380438997 -0.527752034095135 0.179370475423279 0.136995615608142
-0.239016267943824 -0.638188141698245 0.111463313539945 0.0933335814722443
0.0608529649051261 -0.668553532544923 0.00588807951614415 0.0080457676034586
0.239053674804237 -0.724941845632739 0.0716100115032087 -0.177301238713014
0.199753334550724 -0.849726979798408 -0.0206576589150945 0.0394553667258344
0.143777847932046 -0.730543757901151 0.238064542784397 -0.0946029296707779
0.032637089774083 -0.771841333098911 0.0789340320863105 -0.268089274901143
-0.166066294871271 -0.78411891347953 -0.22890103874047 -0.160649869287036
-0.454585368771168 -0.648205450667356 -0.195777375787828 0.0910227554338021
-0.667306422732338 -0.402854963454164 -0.0320699690831641 0.174336338068144
-0.78146404965883 -0.11911147352279 0.0691674776040742 0.110113016535395
-0.708759354123107 -0.0180477292971112 0.0496183335903873 0.0629227479987545
-0.750583849470532 0.0245799850071179 0.0686959072305482 0.0153894452589134
-0.739621837729173 -0.19345713720189 0.0981638735563374 0.047199864763362
-0.609799253059967 -0.379079900742191 0.150975930488774 0.0714599150052885
-0.437836496289634 -0.595333808898525 0.156417070494846 0.137482674074154
-0.22869211050489 -0.674331959620962 0.102265164663287 0.208181404324915
0.0530208852586451 -0.724524056358092 -0.0703285517499224 0.203738084584974
0.247692925490123 -0.826245592724941 -0.0615410047842115 0.0505572774735589
0.156258574064958 -0.788946297208524 -0.136981162541825 0.25057659244966
0.122543364906308 -0.673678576115768 0.101041759982852 0.0365898597573403
0.0242757104267334 -0.750457445427795 -0.0277194407277923 -0.155495034994913
-0.20163478754088 -0.774108759187568 -0.237481524330482 -0.117532056766294
-0.492979762792075 -0.61611390718265 -0.251933261898833 -0.0140090391613417
-0.674685842656977 -0.363268242798622 -0.217988165551096 0.0538029348246303
-0.770599550011922 -0.104622281104802 -0.187073367233297 0.0471914372543234
-0.681625489607718 -0.0389640228450334 -0.222354397781336 0.0428084046260633
-0.699141729960216 -0.033399578514184 -0.184919377332264 -0.0112090576059534
-0.655529669784237 -0.258134035849777 -0.106515906137305 -0.00996374036507118
-0.486070334304114 -0.420178120870154 0.0440482928847753 -0.0101922541856612
-0.299946986357975 -0.559506207513473 0.142633554974511 0.144235495271844
-0.1609208522269 -0.59372423792983 0.0614245430141357 0.329795722845603
0.0476732534319968 -0.661139611140901 -0.166738095303957 0.368886644441274
0.228788775340216 -0.807138246003177 -0.177964088616997 0.273010718547024
0.0910481266417773 -0.613688286231951 -0.23835816798459 0.412982565171826
0.0748811903316046 -0.507234716670134 -0.0257484096480659 0.178940809698805
0.00954089658650958 -0.586350832512502 -0.0893451944211133 -0.0396608247025549
-0.186947245061844 -0.602749248425633 -0.221025512095226 -0.105705452189058
-0.423538934345613 -0.47085035341168 -0.329512074393126 -0.120418303791336
-0.561774269757636 -0.26885289323082 -0.411873475816869 -0.0398004893348234
-0.635673087193852 -0.0750449338005105 -0.427541281954288 0.00813463375932489
-0.552915451704712 -0.0520664806529508 -0.457349099622119 0.0171661096173047
-0.543734038128507 -0.0850317250994857 -0.39189368266677 -0.0713616873127861
-0.46718405727284 -0.2758155306447 -0.243874730873298 -0.106654343479271
-0.285889675124127 -0.376651199872998 0.00262270457472802 -0.0997881801985493
-0.126721903852399 -0.416669551337555 0.137021708939732 0.161624804356444
-0.083112016472951 -0.422802418467139 -0.0221093666372407 0.418365984292718
0.0356337780264621 -0.513813784106292 -0.272183693210709 0.453828895910133
0.180721080553743 -0.673326219744498 -0.265940920662129 0.455595345487089
0.0156551899290074 -0.351847455039997 -0.304420979494925 0.501653148461962
0.0104167642886825 -0.261460652555901 -0.103750424950051 0.292565634387086
0.00329465007570816 -0.315325731016968 -0.104393905031012 0.033627450039303
-0.108831293991086 -0.33368037572689 -0.199338451636354 -0.121247734928851
-0.252395594471622 -0.272763812983398 -0.40617490826556 -0.194325188938733
-0.341739964715891 -0.158808070211935 -0.568655039770646 -0.088111711160624
-0.397300402467467 -0.0587876425820715 -0.610712685111291 -0.00039999678776646
-0.341339537333757 -0.0607936790751149 -0.620163919271042 -0.0116481451840358
-0.315232448622678 -0.102251523285895 -0.523768069183734 -0.151585819278825
-0.236789683243639 -0.215409551374856 -0.293907665660075 -0.21487084797207
-0.0971871229556751 -0.247638493486435 0.0243912373103029 -0.164671816559921
-0.0044373500198658 -0.220068487847715 0.125720356499275 0.190035388707622
-0.0296315304205461 -0.224105483781676 -0.130606882791337 0.450977833108668
0.0125122424510729 -0.316075730147205 -0.356863667724543 0.451783938939586
0.111483849346801 -0.44718000965347 -0.318079140018375 0.577760422781792
0.0895541555369569 0.0753687106375689 0.194259772853295 -0.662511940488945
0.064401883039471 0.0314060760255593 0.332686272953671 -0.471540390582124
0.0303951949470107 -0.0122661103459583 0.175198187434237 -0.467648707099025
-0.0309921947517974 -0.0101411230978597 -0.180389102341178 -0.263893166727853
-0.0546807412397433 0.0378540166017404 -0.10980408558396 0.197836821799033
-0.0107550466182735 0.0588647939000941 0.292664274222727 0.3205593464072
0.0495547109036255 0.0610837442868594 0.583971249345827 0.184058769689629
0.0664492066734274 0.0498578704298631 0.703657549005966 0.0234028562075486
0.0733373695763223 0.050308577328176 0.703449992978245 -0.0360512024020848
0.0692012057876555 0.057970186853686 0.656578537637558 0.0288889073679514
0.0239765918722196 0.0829910981937165 0.516688343151338 0.154722084556859
-0.0504439833464773 0.06929252543174 0.256112131788317 0.132896330007335
-0.0428210382045281 0.00463339791129919 0.141501755350114 -0.0287401578178731
-0.00907363832308987 0.0216049535702571 0.143118140958637 -0.259484967474852
-0.00253796867063196 0.0898351097109678 0.353308316284495 -0.495942234317657
0.125957592429301 -0.256884062452313 0.194099235093288 -0.579510450993258
0.0751452439719183 -0.22804284977705 0.357312231464719 -0.393956357739554
0.00434182681374808 -0.231909599295637 0.23731604252998 -0.410808811242728
-0.0730684190822214 -0.211986789269286 -0.157809549189209 -0.258199347139516
-0.161027947169316 -0.156502629366879 -0.12697022145943 0.20441408455638
-0.216823614097212 -0.0767411720245586 0.266936522604951 0.353015879880104
-0.224901114327952 0.0175915207939779 0.564264976134807 0.214718052555924
-0.200827598959366 0.0548504862273867 0.672522204228605 0.0387716028574731
-0.223918198190839 0.0791731558769286 0.66778550172561 -0.0386645633076306
-0.232218533767544 0.00758839086823103 0.620126731754233 0.0240900882907686
-0.227777683523969 -0.0507085063776206 0.486876675538005 0.150271287820434
-0.22678993795404 -0.16207144624816 0.232560090923536 0.128471215176045
-0.123727085114072 -0.253746698196619 0.1191592880089 -0.0390171462086536
0.0235563449049565 -0.25639937767614 0.105636125486612 -0.254893490885651
0.0890861904549554 -0.230132176189025 0.279389052829172 -0.48110777339456
0.153227038933162 -0.55977543079386 0.15435784199462 -0.418312298866967
0.0905031260426977 -0.479868822902344 0.358479883351868 -0.311657878561295
-0.0116476029464742 -0.458756884824193 0.234829266194638 -0.376437594376954
-0.114594818721187 -0.425160305395901 -0.170489279606755 -0.233954728132737
-0.26828090942147 -0.353507865860441 -0.137570737969108 0.202206985735166
-0.408256480464794 -0.213769809715808 0.217155624793441 0.337656730170623
-0.475762823002446 -0.0314122801509904 0.466614082392334 0.206799300323123
-0.441405762001183 0.0535237796408668 0.536761863712267 0.0480888086097924
-0.484424296161152 0.106248343183132 0.534659543829734 -0.0295101565216324
-0.499877327598268 -0.0276922388842762 0.504099465959362 0.0276785313923681
-0.460253636460889 -0.156378459806123 0.411243358754671 0.134649552568789
-0.398013681288865 -0.350009373192912 0.20945406628719 0.126446289785762
-0.218454748133921 -0.470881491310348 0.109105774203361 0.00045591602005239
0.0233572239751535 -0.500939874792197 0.0557039608409479 -0.161878309955111
0.149380669079487 -0.522358438797122 0.172610096307734 -0.369011823899816
0.156395561508118 -0.769022192238068 0.0806114772159993 -0.196075144261611
0.0950453040673475 -0.665611474514659 0.320765033889855 -0.220831670443527
-0.0214903729587356 -0.65328754894053 0.169612910393962 -0.341330303457225
-0.166027245787354 -0.631468619584027 -0.207033628964893 -0.192175514797201
-0.390089937691361 -0.524015833585062 -0.153126441745793 0.175905742949165
-0.579509567169783 -0.313920490046138 0.127548818095435 0.275046805335793
-0.671466630478598 -0.0606613774882897 0.297025473749592 0.166926439962587
-0.617579332682983 0.0458648830622309 0.320716322353372 0.0557814510798824
-0.664564046833609 0.109447411798765 0.322939115072764 -0.00561831582835397
-0.686106511725252 -0.0717044548198524 0.319359576199929 0.0430009554464188
-0.611870355373164 -0.248607686267982 0.291709913494211 0.109825369542491
-0.498428644624968 -0.488287186722079 0.183775126780258 0.126146766294002
-0.279991942057877 -0.612756894203144 0.111314110131309 0.0838780815692148
0.00888489910065524 -0.665305095119349 0.0048353701658721 0.00542662340870459
0.177437104335985 -0.735326477726709 0.0551314193156869 -0.176066236968466
0.133770815602784 -0.843914697837198 -0.0139488789198242 0.0415053551902021
0.0895026143744575 -0.732068825309622 0.232022221816891 -0.108876985931149
-0.0277715692550198 -0.76415850987556 0.0616881046949828 -0.267978214153095
-0.222520319685178 -0.76277490872925 -0.241338566825757 -0.138990500479799
-0.49832500203564 -0.611152800534143 -0.187094523695349 0.109046394409875
-0.690332221321793 -0.348055332069517 -0.0166401829330481 0.176027969651041
-0.775472865262765 -0.063393288305687 0.0674428130954943 0.112073443147239
-0.69968880532716 0.0343484917845914 0.0552825349366988 0.0604295642723495
-0.739408245834816 0.0772520511330853 0.0678540422213543 0.0129992296072601
-0.744837403005162 -0.136080648462536 0.0984413908668543 0.042038426347988
-0.631207519809757 -0.333611085722448 0.15193856651272 0.0643392388048412
-0.476413106302142 -0.555888802617213 0.161398471996352 0.127646281836454
-0.275280767615482 -0.649195512988526 0.111212069998435 0.200776047284218
-0.00348006638123829 -0.717943044997437 -0.0563876422545166 0.205049831985719
0.177371463313262 -0.83600736815112 -0.0590248254489698 0.0578891874700909
0.0949643862259376 -0.782261100515738 -0.114337327507828 0.256599662487809
0.0723830077601963 -0.674297911854344 0.106678356184577 0.0305499041817819
-0.0330948771698637 -0.743846182569729 -0.03662787090645 -0.147700001923451
-0.254949890143398 -0.750845616303643 -0.245840306460927 -0.0965707170912377
-0.533147194501429 -0.577045852004583 -0.249050328080639 0.00820569825660266
-0.695345670263369 -0.310838198294749 -0.208198763436993 0.0704559390146156
-0.762846620812733 -0.0479720349983579 -0.190162090445588 0.0659197487822587
-0.675442817016827 0.0132377288140011 -0.215291460965151 0.0609949811953797
-0.69164428692333 0.0155418410745968 -0.184992175027314 0.00352480083603415
-0.665952291337239 -0.205394965553695 -0.107342063462032 -0.000291308089390234
-0.510943439831857 -0.383478977834505 0.0396999976025693 -0.00937303221718793
-0.334806400511882 -0.529971024515643 0.14904773170548 0.133402803000592
-0.203641734666938 -0.571818720813016 0.0813728306380445 0.323493095290943
-0.00384535158402942 -0.656498042570565 -0.14013174759039 0.375299144709312
0.160562255107127 -0.814878276526487 -0.156608499861698 0.284885745494875
0.0454819259055081 -0.605893285528457 -0.205226472896733 0.421138026684853
0.0382789069993899 -0.507800746930568 -0.00803561070925816 0.180108198551535
-0.0360604820260329 -0.581380548334806 -0.0881321226547431 -0.0286088283576113
-0.229826998558468 -0.585034188705925 -0.227406141691384 -0.0861014906593332
-0.454523155341662 -0.438685518295037 -0.333194364117601 -0.0924287732292122
-0.577080162645697 -0.224211590502814 -0.406114685454077 -0.00996963710364331
-0.629307832575249 -0.0292748066945629 -0.428399464978461 0.0438415662185801
-0.547535804633307 -0.0108617808099942 -0.45086681795428 0.0516678829625386
-0.54077181829987 -0.0471986620784981 -0.394657825158802 -0.0420932566637091
-0.478910218767333 -0.23619019399123 -0.248376783521257 -0.0881576158306705
-0.309209027258106 -0.353008328219808 -0.00602171573535242 -0.096232881868937
-0.154291589701572 -0.401215716976083 0.145705733169332 0.151065884521834
-0.114873043092473 -0.408441984213219 0.00546083427092196 0.419144235651751
-0.00489921889300884 -0.509040564912707 -0.239368013788935 0.467224046233672
0.124864750479196 -0.681731574649873 -0.229611568957564 0.470036098859962
-0.00849245017694049 -0.34396570161359 -0.263673505155774 0.512872565154397
-0.00742045948394627 -0.259326134623878 -0.0760545616452359 0.299017006506984
-0.0200218204835684 -0.3130768841634 -0.0977931897707807 0.0441369417864529
-0.130387158168146 -0.324297643089809 -0.206070776754327 -0.105180944809727
-0.270127989632197 -0.254225419974888 -0.413501593398583 -0.16271656192026
-0.350548637967296 -0.133804555239212 -0.564900270709158 -0.0469785330889683
-0.393820818214795 -0.0274773330681194 -0.606252249175994 0.0432266057561904
-0.341164324452128 -0.0349156800906065 -0.615647247679978 0.0333543178299253
-0.317842836266434 -0.079645718013395 -0.52948768544406 -0.112081036256527
-0.247116808220078 -0.193897620661186 -0.304811508644182 -0.192525698014399
-0.113314857132239 -0.237872030883418 0.0118463474478958 -0.163296533858489
-0.0207313209962139 -0.215280015627562 0.137396346154353 0.180557203720999
-0.0488554135375515 -0.217124021041403 -0.0991543454014961 0.460540245727057
-0.0120753972563471 -0.311935621387606 -0.322576910736285 0.468946336472783
0.0749621790288459 -0.451382318813354 -0.270814450493728 0.592883736005785
0.0897515377825019 0.0673378507681712 0.157159854082418 -0.64577289046925
0.0636312041855427 0.030206780045141 0.299062764628474 -0.469478669548113
0.0296454782426408 -0.0139461798768593 0.149730580432827 -0.464286391531115
-0.0308811495561476 -0.00907988090848161 -0.187023962060653 -0.246815937752765
-0.0530565979538241 0.0407923234806659 -0.098878111724605 0.196826933467707
-0.00898727124086151 0.0599086527174436 0.295525114193439 0.294874935046187
0.0487783053479106 0.0556045229389652 0.576188752231718 0.148848404717146
0.0666154828479483 0.0448438257411861 0.686223611666451 -0.0129419669289118
0.0739064995368007 0.0450959317074916 0.68047583488101 -0.0654058409829388
0.0691271883457025 0.0515360812451615 0.638634783812063 -0.0014517465521845
0.027625027988823 0.079618016662874 0.508147035452825 0.125251991587714
-0.044376194366398 0.0699283333539794 0.25331257350748 0.118062791832988
-0.0420470155065342 0.00566456588238513 0.132073780531086 -0.03723756806997
-0.00654321224800983 0.0220376748005527 0.123181908217252 -0.261751837706133
0.00482285194774059 0.0874678686186001 0.313793934487356 -0.494922140429485
0.106714793624281 -0.253503515071073 0.161813643268879 -0.566485225856694
0.0600419597917612 -0.221185660222485 0.327962953198197 -0.396581743991967
-0.00921440356366384 -0.224344364473601 0.212963247616035 -0.410781398882323
-0.0829074591390722 -0.200908001373586 -0.16597387075761 -0.24203046106633
-0.166020181727861 -0.142728306037819 -0.114674084441132 0.20540153810746
-0.215337116752267 -0.0602538072494991 0.272791343277695 0.327918616207
-0.21762019937861 0.0268542588301655 0.554891392321335 0.184652156306639
-0.191357589309122 0.0626107823040277 0.655056686291536 0.00422882312668394
-0.212430689620721 0.087709680915401 0.645015807462783 -0.0689048519004416
-0.225676568072336 0.0182940295766475 0.602130774311066 -0.00367887462077396
-0.224859449792442 -0.0388216708933689 0.479874254448769 0.124480055529752
-0.227757518342212 -0.145893897834382 0.230070398076889 0.116410024787052
-0.132881348745937 -0.241000342645368 0.108841506020617 -0.0454253284435087
0.00994844255849121 -0.248493477820703 0.0868779805808803 -0.257036489644199
0.0749820725151095 -0.22716203003063 0.242778691007962 -0.476084263416944
0.117265504798769 -0.54411679732805 0.130381861133741 -0.407743255520732
0.0619911338680837 -0.466570065285212 0.332022895813451 -0.316730661356481
-0.0392535601281076 -0.442020153798129 0.213502206140781 -0.3761103572501
-0.136229007664151 -0.40466996287712 -0.177727064429248 -0.21691978680326
-0.279578303304604 -0.329354901430634 -0.124502915759343 0.206128304148395
-0.407858709073288 -0.182940529215032 0.22583231703531 0.317497516739115
-0.461907358911719 -0.00759601909664197 0.458774459395477 0.185409040457408
-0.425210459122896 0.0740752687254869 0.524859622488823 0.0203202011217872
-0.463251429721948 0.128172736959991 0.517253400631395 -0.0517925126654486
-0.487478609177041 -0.00161799583933435 0.488430459204944 0.00620200279390859
-0.45546272486349 -0.131085462013408 0.40549323101536 0.11467645908619
-0.404327075113193 -0.31770181976636 0.207001824670123 0.115647647047621
-0.235357933802584 -0.446474676102337 0.0998939288903564 -0.00501220547816084
-0.00421674330657967 -0.486374822158356 0.04315989139515 -0.162247940372726
0.11593430161116 -0.51292985707948 0.144553408130305 -0.361567060898526
0.109850313563818 -0.743728839662098 0.0715319239032602 -0.191526267844199
0.0575328648587586 -0.646511835790359 0.300030235748094 -0.226990796410404
-0.0593746517049976 -0.630108228410815 0.151131796294045 -0.338459467736813
-0.195702248736557 -0.601104760835568 -0.211536807261784 -0.173221697145827
-0.407582879861692 -0.488504393233208 -0.139844870626719 0.182831161920868
-0.578477024283864 -0.271043276586374 0.138654796965743 0.260843225343863
-0.651522918379091 -0.0277164438309951 0.291163011455741 0.15649657593846
-0.59439805445229 0.0764781307674526 0.314948262819633 0.0389617995304349
-0.63689748253405 0.140261971713567 0.312086540592315 -0.0189843206591813
-0.668988819075195 -0.0327339011678938 0.310792447727244 0.0293067453801414
-0.607766463923781 -0.213733357691578 0.286894986053169 0.0974792809846995
-0.509598277388371 -0.447059831373198 0.181713871917663 0.116874328599605
-0.304266001364659 -0.579838486172933 0.10641887666068 0.0772408125616264
-0.0272274293296419 -0.64488082843086 0.00265322552082811 0.00340265058777747
0.131449941465546 -0.720870777860935 0.0414820037167962 -0.169311815931865
0.0863439040819271 -0.81538469479913 -0.00772445898240843 0.0415612463059917
0.0486603509816191 -0.712955582772822 0.223431163497111 -0.116119404372092
-0.0704941317075755 -0.738318560035528 0.050813103286744 -0.259743645692019
-0.25712820768473 -0.727527132323586 -0.242704469348346 -0.118347253188568
-0.516681103629256 -0.567806759925488 -0.174934017297603 0.120306126599149
-0.688051480466722 -0.299054685638548 -0.00417260200609797 0.172621892163612
-0.751066273973131 -0.0230686150599841 0.0650460245364404 0.115620605926937
-0.67356897993277 0.0681185657843015 0.0578104568354407 0.0571140705505337
-0.710228276144644 0.113762755306135 0.0656166185318424 0.0117302681243357
-0.729592243325494 -0.0942104845017123 0.0963145888978554 0.0400383537522975
-0.63106310687721 -0.294980478225979 0.14934242386886 0.0607712352693929
-0.491120983487386 -0.512429741030424 0.160993994133427 0.118800627511006
-0.300196783444472 -0.613475519023482 0.113161888764098 0.190931221845502
-0.0428547931702528 -0.694235220968046 -0.0463826906169144 0.200882066918824
0.122589128480482 -0.817334302482933 -0.0543643703937277 0.0624885008024281
0.0541336950497027 -0.754208712271998 -0.0946465345782308 0.252396103333662
0.0359176586904487 -0.656841814853227 0.109463519625234 0.0249203195447552
-0.0733742327456621 -0.717747108539925 -0.0389965590999433 -0.137880264080747
-0.288162172172445 -0.714696659239558 -0.244086409544374 -0.0763438469188259
-0.548448374970236 -0.53518650146685 -0.238752760516969 0.0254710251161529
-0.693375746061628 -0.2632928191792 -0.19349174669716 0.0784438305624933
-0.738887388442165 -0.0091331483042488 -0.185413052280093 0.0834985636841483
-0.651943578811924 0.0467059904674634 -0.204909404531167 0.0709195715834718
-0.667709737185886 0.0511006940532645 -0.180265565180662 0.0149292668957093
-0.653902152406748 -0.16509131620529 -0.105006556596913 0.00775678741336092
-0.515303684680715 -0.347889567249864 0.0369665520113892 -0.006234186016594
-0.351105840858462 -0.494183509059852 0.149502367338142 0.123944859200073
-0.22615962820507 -0.540348097296096 0.0922084606398183 0.313000025342083
-0.0403223051031357 -0.632992461625987 -0.118152239481043 0.370948559866783
0.105925939729881 -0.796510494041922 -0.135854956362269 0.286131351267309
0.015712956634886 -0.582708559099177 -0.174776643484789 0.415231379227368
0.0117921859759719 -0.494060237039613 0.00573172366556357 0.175600014155961
-0.0666895395500187 -0.56080682774526 -0.0831747426449642 -0.018660936341321
-0.253124240434713 -0.557478847420774 -0.224703426624829 -0.0676244085620449
-0.463549568258779 -0.407161784037526 -0.324914607150754 -0.0692199821828562
-0.573794525528216 -0.188485524949194 -0.391011495363462 0.0106432248744568
-0.605825244004493 0.00349520144867464 -0.416809850352048 0.0703292133191484
-0.529881415407865 0.0179747873995856 -0.43433764907936 0.0727698703357032
-0.525534560639008 -0.0184309632514404 -0.385105775553668 -0.0198907402685772
-0.47390787450676 -0.203571134342605 -0.245584232623403 -0.0720584559445644
-0.318174949446442 -0.327077127954328 -0.0114246823726876 -0.0898643748401777
-0.170441980078289 -0.378966377928995 0.148723051912416 0.140821275710633
-0.133964622480881 -0.386347967623864 0.0252629646967152 0.409505042418492
-0.0351575971758161 -0.492336565087561 -0.209814171810883 0.464861851699371
0.0795768601566038 -0.664264465506602 -0.195608352793041 0.466486846277998
-0.023114757436051 -0.32964866273449 -0.2302489988204 0.507361433664201
-0.0184768797830716 -0.251859496154849 -0.0545987203220641 0.29392716085152
-0.0366389162849466 -0.303130165744449 -0.0888292027713091 0.052081437287985
-0.143314104679145 -0.309765745232269 -0.204097094935222 -0.0895626344426817
-0.275520112255334 -0.235891598176579 -0.406044480933125 -0.137677893186044
-0.347791827171109 -0.112983196717795 -0.546946803800035 -0.01823509108096
-0.379849192482357 -0.00635710019080647 -0.589319905168095 0.0744619822279587
-0.331155710736892 -0.015712279669273 -0.594993770974241 0.0633445619397713
-0.310869239885432 -0.0610949887523728 -0.520462568053734 -0.0820073082600064
-0.247576539549868 -0.173762076185477 -0.304694893291983 -0.172360923528895
-0.121139634629403 -0.224453177037534 0.00413758013196446 -0.157488338157983
-0.0319638854673684 -0.205395853176297 0.142588088916635 0.170596434915245
-0.0614187214559942 -0.20528471829173 -0.073125012615338 0.454132271504392
-0.0297831293032363 -0.301111766540786 -0.291549920689433 0.469121596587332
0.0426058702546307 -0.441150907255658 -0.230962021432366 0.586382768904694
0.0880282044403425 0.0620525503495897 0.138402186957727 -0.626512103111359
0.0625741008645603 0.030810189719098 0.281205207569697 -0.462465548288107
0.0280354578396845 -0.0150085675405746 0.137012049613635 -0.457553334202237
-0.0307134084254026 -0.00874810106606758 -0.186967633241006 -0.23762222551855
-0.0516353928641175 0.042909857297868 -0.0935556611575294 0.193847509289556
-0.00863002116723798 0.0605650226138846 0.290324118750238 0.282052280172247
0.0464789280737528 0.0522444369996121 0.565347760822092 0.132087677361345
0.0656963265201828 0.0416680994302824 0.671605043659869 -0.0276165088229548
0.0724424379635603 0.0416814912397512 0.661787684228359 -0.0789603190422932
0.0675149944229109 0.0470616050432381 0.620745864814135 -0.0132702345445386
0.0289426177994838 0.0768710852011796 0.499092740017214 0.110800165157672
-0.0410140624750496 0.0695653492741154 0.24708110802566 0.112166347351389
-0.0419104717492167 0.00583908650194375 0.124117782143923 -0.0410172585479164
-0.00517912817670324 0.0221873895049489 0.110552422894717 -0.261160080419295
0.00958890108881837 0.0845665091135206 0.28769453449812 -0.485888140704824
0.0954338128132017 -0.247104584189185 0.146003468147159 -0.54978141700421
0.0524220098302061 -0.214358026809399 0.30880531747589 -0.391188083356806
-0.0167483859275006 -0.217014054033676 0.20246804727695 -0.408028352928275
-0.0875199536246319 -0.193371746446549 -0.166592536290237 -0.232614567571233
-0.166146790965766 -0.134317794688056 -0.108881648584113 0.204011660338514
-0.212098034255688 -0.0494510522029541 0.271883318346756 0.313586759292323
-0.211965260288025 0.0304786971817458 0.545098396243227 0.172355428870161
-0.184118470311596 0.0650391494778768 0.641044907356606 -0.0124717336731525
-0.203631087834528 0.0911532765205116 0.628229301946799 -0.0800637759261874
-0.220522249201877 0.0225246977485462 0.58705377965599 -0.0155240684698379
-0.221146933353567 -0.0335105831673369 0.472688804816486 0.112567266222295
-0.225968033890418 -0.136872675361748 0.225514405861171 0.112102060999317
-0.13557928747813 -0.232463621043952 0.0994911388003131 -0.0476426618469886
0.00367394998074473 -0.242514584599976 0.074511585534334 -0.254414390211414
0.0673622135165607 -0.223612020702535 0.220979025725259 -0.464673529044429
0.0993894126031213 -0.526912278212552 0.122149494060381 -0.395586810789236
0.0460760006051445 -0.453989283939983 0.317557045217297 -0.313704965029679
-0.0518679959338068 -0.427028370261002 0.204821999767612 -0.373390919212925
-0.145502946727343 -0.388346204309512 -0.177171281571107 -0.206183213094421
-0.282296325104349 -0.314238061227511 -0.116875287662272 0.206988482529147
-0.402472548125194 -0.16198569422419 0.228206221994581 0.304270311274202
-0.448789903157385 0.00369554209400533 0.451000012297496 0.177284225063623
-0.410288266381304 0.0825268545830821 0.512999794997917 0.00787639682592113
-0.446290089846147 0.136530495258198 0.503044998978604 -0.0605879752543792
-0.47478934234355 0.0111853631703873 0.475287891817828 -0.00179765519223691
-0.449573073960432 -0.117313163621603 0.400005405636422 0.105896743204907
-0.401943012582499 -0.301105720032981 0.202958315667527 0.111876765889307
-0.241045177598037 -0.429224407986626 0.0919531225823545 -0.00654692741531215
-0.0159396816155721 -0.472825584307699 0.0345448660138346 -0.161782255704475
0.0986981219495372 -0.502575125208942 0.12867082781544 -0.351791325375416
0.0858589923727734 -0.718810811485966 0.0693129228658638 -0.185793122707985
0.0374889593239621 -0.628503937996429 0.291179315887035 -0.228307213059624
-0.077995524191698 -0.609848864720563 0.145608172939596 -0.334195921253839
-0.21195226017114 -0.576732527496933 -0.210414029539218 -0.160458541649587
-0.410737541201603 -0.466863162176057 -0.129563875628326 0.186459329125574
-0.57028611857835 -0.245673026238403 0.144020284890755 0.251443540622446
-0.632064571202532 -0.0115997148174191 0.28598062088174 0.155880658586786
-0.574451701287608 0.0892705194795163 0.309238275494239 0.0307479103165847
-0.614919166536587 0.152706952376438 0.302848739220608 -0.0233534927326359
-0.653869148040186 -0.0153963162278532 0.30272999466795 0.0256680304387605
-0.600209765976277 -0.195948967107889 0.284164420003526 0.0937525557715969
-0.507745091582192 -0.422269717657901 0.178912958813098 0.113089090304332
-0.310153624893419 -0.556691887722481 0.100503225099135 0.0748977545076604
-0.0442436784871714 -0.625558953134217 0.000265574322853579 0.00172850302583567
0.103692935406092 -0.70384489038937 0.0344494167607293 -0.160663645941968
0.0647548913327197 -0.787682297963891 -0.00214469942130289 0.0412076600138939
0.0280538176009437 -0.695109198239275 0.217832008715344 -0.117816567906013
-0.0924556418692111 -0.714470195492213 0.0489630089014851 -0.253232540466558
-0.273082972061082 -0.698734831311458 -0.238061682217795 -0.10480827508697
-0.51901603825253 -0.544723177404557 -0.164021114753833 0.127491407346648
-0.67912552069676 -0.269446567978565 0.00464702594342409 0.167616137287625
-0.728451185537946 -0.00453352160065806 0.0648462661609317 0.121002976191824
-0.651583208698195 0.0838117394960799 0.0586106853154284 0.0548285084772121
-0.685141914909029 0.127008624813972 0.0630013525918472 0.0114305331285419
-0.712433565033019 -0.072431401347811 0.0943972286654952 0.0403017319156997
-0.625660627077114 -0.273456901641279 0.148520473598203 0.0615121629343181
-0.491174959399171 -0.486317432608948 0.158839407362877 0.114624646627926
-0.307298721043594 -0.589810341238776 0.110980912899427 0.186131519611616
-0.0611131261680752 -0.674837047132047 -0.0421637325481885 0.196355377494926
0.0937510029551488 -0.798640341632457 -0.0518496597582701 0.0657066263698934
0.0364108150397738 -0.726939868635741 -0.0832932505447747 0.247046153337319
0.0193431632688119 -0.641299669143167 0.11121172891142 0.0213236230010308
-0.0927145951141935 -0.697147899790816 -0.0355206083130067 -0.130024321592684
-0.301127883835905 -0.689271284645703 -0.238817460982192 -0.0629150160850256
-0.550786377972709 -0.512224825500573 -0.227775124767887 0.0344059635113264
-0.681866847719115 -0.235651491279286 -0.181556782205725 0.0798489106403835
-0.714074191855721 0.00985505199594576 -0.180567968373866 0.0947811722567653
-0.630650150597596 0.0631631583060164 -0.197710522806601 0.0749375423207302
-0.646702981224182 0.0655557282356541 -0.176622582884671 0.020078107153562
-0.640048197428328 -0.142618781834404 -0.102268828027125 0.0131611275581162
-0.512436886582607 -0.328823601693805 0.0364791946989523 -0.00244598703239577
-0.353727705169677 -0.471627338259695 0.147363989259609 0.119134077759814
-0.234868080238934 -0.518011043224857 0.094749747875183 0.306139312030094
-0.0585685821448784 -0.614920243959322 -0.107194485053068 0.363582789895387
0.0782922054178838 -0.776093379222889 -0.123926491555805 0.283266201394948
0.00351632242317495 -0.562944354608447 -0.159138986385321 0.40648935583854
0.000534956548514984 -0.483144932772335 0.0139646449311463 0.171307756275669
-0.0812699619903572 -0.543846991161459 -0.0757737164883817 -0.0119263580104733
-0.260932522788294 -0.538281807704201 -0.219073905938927 -0.0563091852083035
-0.465619984146156 -0.38853677024381 -0.313961217501691 -0.0572188688134411
-0.563079486698906 -0.168110074022952 -0.376733550287849 0.0172616462183688
-0.586931189879875 0.0179150977823727 -0.405991311959073 0.08423605847322
-0.513689831069216 0.0300559912506312 -0.420282641417366 0.0833853444772793
-0.509958290456138 -0.00398569171462413 -0.377322659128131 -0.00920090052040818
-0.464735572160591 -0.186208809556856 -0.241600900598063 -0.0632092242796206
-0.317375418927252 -0.312326251760685 -0.0128698164266756 -0.083848387722116
-0.175961848291323 -0.361061352750178 0.148842809906629 0.135338942512317
-0.14254884718117 -0.370441262814753 0.0331886851201095 0.401989781699549
-0.048617895950483 -0.476224781784534 -0.194402052125701 0.457564916412744
0.0545081838879477 -0.646531440261603 -0.176688510048997 0.457982711163697
-0.0271675267364849 -0.317960070269181 -0.212923384915295 0.495978245112589
-0.0225945366461976 -0.246477686026452 -0.0420192871531512 0.288635529085318
-0.0442501118621393 -0.295292066856388 -0.0798355736282155 0.0571497800422735
-0.14739979460296 -0.299667272488335 -0.198947543953293 -0.079907743387526
-0.276674263229277 -0.225471371559523 -0.396248874481513 -0.124691156076781
-0.34308844308104 -0.101056447348605 -0.530699049130499 -0.0068473484154178
-0.366792083884405 0.00271381785310232 -0.572669340315303 0.0901878553243413
-0.321801988031562 -0.00753295379326262 -0.578855638257201 0.075835309699477
-0.303319434898325 -0.0520652733211221 -0.510147286534449 -0.0654778885626082
-0.243610853818736 -0.163077890363282 -0.29987186032458 -0.160406886318286
-0.123853048008111 -0.215170949290779 0.00086427182156 -0.151361717275206
-0.0373981538398158 -0.197072986360997 0.144700964377968 0.164737713450041
-0.0675649240906106 -0.195935540248539 -0.0604291199131314 0.448431014177865
-0.0386931815959034 -0.291301070158852 -0.273745318552861 0.464063166202287
0.025412738695788 -0.429898503061852 -0.206376558595234 0.572798097111375
0.0942287340609878 0.0393008031628952 0.017105931585631 -0.653104498192224
0.0632510475680215 0.0163414894614047 0.193585539782923 -0.516729251719085
0.0210474884824046 -0.0232531770923099 0.0499570137268938 -0.487909819708504
-0.0351643017710268 -0.00237061692748624 -0.232844010527168 -0.206365796384772
-0.0390043599878301 0.0554515809916939 -0.0610889868574962 0.211714024248858
0.00720666061407249 0.0594535095715068 0.336127424923611 0.227189030870906
0.0572489258625708 0.0374735860127114 0.579702467036376 0.0285965118728405
0.0729696106941539 0.025584983730909 0.655427057124894 -0.160071812196203
0.0825843481332758 0.0241727749135876 0.646532338520243 -0.209169275299799
0.0789720504097041 0.0335355719380312 0.620914485727894 -0.139531339002372
0.04698520351897 0.0704243456396988 0.521645916822639 0.00712795234374247
-0.0238795369645757 0.0777842739973392 0.269261962651891 0.0614430834008087
-0.0383883086561451 0.0139168080689593 0.111466117292052 -0.0702887337324142
0.00504342558447944 0.0210012559817612 0.046501655748794 -0.288691738875694
0.0355230409256864 0.0750398026075287 0.18640164599062 -0.542765959501505
0.0431193431054978 -0.249211544669904 0.0547298009603978 -0.589314814912667
0.00343660471870653 -0.214455066449899 0.244995604982221 -0.456227489520173
-0.0634814431821922 -0.202602832675535 0.136444652564229 -0.462212759589468
-0.129405418420731 -0.161698918605054 -0.199359975081567 -0.215724635594719
-0.184613596281137 -0.0902730078320101 -0.0695603973420848 0.210650374642005
-0.207759986575773 -0.00623479695424131 0.324086233305991 0.249602321361853
-0.191361732788157 0.0717853634180031 0.563647224902714 0.0531515920757962
-0.163100376042354 0.0926831556165411 0.62768370666974 -0.138303444705336
-0.172369082586415 0.123669771653985 0.615087370365368 -0.205140255283561
-0.203069115661844 0.0656042497429819 0.592554055220855 -0.138414930142751
-0.211677862798414 0.0113265426157619 0.499642202121284 0.0119330819513131
-0.239686857330581 -0.083782380442618 0.253429169145831 0.0635376449597845
-0.173963444556782 -0.194188027971941 0.0969351408705585 -0.0711574767222641
-0.0423241483005429 -0.237602746907125 0.0202699777803886 -0.262228588898383
0.0269292759323281 -0.237183543611726 0.129174205125316 -0.490324514807372
-0.00693381896984219 -0.51020221183465 0.0738862858389535 -0.441277989459119
-0.0506543934576454 -0.441284599797279 0.278991657376335 -0.388923289793402
-0.141944761731241 -0.391837283706947 0.159472103061267 -0.440008150251286
-0.226439335405327 -0.331018941031452 -0.191119789537122 -0.195689524439912
-0.332328298801046 -0.237968672012229 -0.0715416187085216 0.2007634424669
-0.411729622420667 -0.0772396145082482 0.279108249380826 0.233659847253196
-0.421147135965313 0.0959297131315373 0.469899034832633 0.0613550310485527
-0.376807014616464 0.150609543319284 0.505867430093577 -0.09543704219535
-0.3954598397594 0.212802698634499 0.495617035563743 -0.161105388468615
-0.45163721167817 0.102715748117749 0.488679798366056 -0.105926751604917
-0.444999151348534 -0.0267607261711287 0.428000832489237 0.0180265775209086
-0.440361170493909 -0.205744628543578 0.236793764042875 0.0661275392075365
-0.31181378397886 -0.361261513109505 0.107135624900439 -0.0291879500953876
-0.111894101103685 -0.456341879541541 0.0100876359502847 -0.149369742957488
-0.00458115229942001 -0.5137888218156 0.0698428433516041 -0.34376183231125
-0.0519184990559807 -0.684961394135728 0.0713052132430327 -0.228969397563785
-0.0963162019255895 -0.60714849705541 0.277557964731459 -0.303310994957025
-0.204892856323944 -0.557884233680976 0.119577554639849 -0.399176255504216
-0.32941038479996 -0.494054334936719 -0.202584231839701 -0.153716297635458
-0.487124837275356 -0.358634816225863 -0.0853448888825484 0.169524618657847
-0.588561082447686 -0.123084449141267 0.18460361991689 0.185875050147586
-0.597116186005308 0.121868847603934 0.301550753766502 0.0579042172040662
-0.533808861290045 0.186532917462603 0.308662276196431 -0.0329995242114837
-0.553583118965467 0.260427744106325 0.306947791047694 -0.0836307923875091
-0.6291613125726 0.111150206663275 0.324226913241981 -0.0451447244735483
-0.604044384109101 -0.0734685554922226 0.311924556193311 0.0282755099247944
-0.564993020735317 -0.302003381395203 0.216386828143327 0.0708403856652718
-0.404542598743373 -0.466555971284484 0.141034638427833 0.0498338039996768
-0.174268070918535 -0.596517767624728 0.0189140669479816 0.0288658199130465
-0.0439816556528852 -0.709804870698922 0.0207201930079389 -0.126112202894137
-0.0864804066341294 -0.74620562428058 0.0470562311311583 0.0102613839415933
-0.117129429799279 -0.667867261555175 0.228541602601338 -0.181797753298908
-0.238387405883646 -0.652845490190855 0.0462438371172685 -0.304805815142435
-0.41387311085483 -0.596869173385267 -0.211006208228819 -0.0995632123096008
-0.608897410677604 -0.410020439537772 -0.130141017023951 0.107449836268752
-0.700950777716173 -0.125061627684067 0.0286412040924528 0.12243620114587
-0.688668815112345 0.149815414760726 0.0750309570164855 0.0588956656006229
-0.609266510372758 0.197246081807932 0.0674028094667937 0.0391690827926147
-0.627907804447293 0.249104224388174 0.074933476633612 6.5111699606865E-06
-0.697616215025804 0.0680207339605574 0.119827190145901 0.013093999136148
-0.642584841656806 -0.14459026426244 0.17031697724649 0.0241921143181621
-0.559113345053218 -0.366636407509213 0.197564391502113 0.0768333357383741
-0.407315649787422 -0.493622744268645 0.177474573095384 0.159934862537404
-0.20424998436557 -0.637149937160198 0.0237432736974939 0.235366790567062
-0.0773362997169839 -0.794103414942897 -0.0156908411582279 0.119563432996891
-0.0993778912309111 -0.685533542130783 0.00173156564834098 0.235564258759358
-0.112656347899515 -0.615505132753825 0.146430650032362 -0.0194811600307855
-0.23283098230137 -0.638348362748944 -0.0139764766224176 -0.162465153373232
-0.436752366813887 -0.581359424214841 -0.204092260342924 -0.0586863161968717
-0.634152303283996 -0.374269209547807 -0.214912817017987 0.0279155519121584
-0.70032740416122 -0.0905532603329939 -0.174469012264703 0.072009744084602
-0.673235228524882 0.161273552358759 -0.172323106992443 0.0793084762233379
-0.593610747259782 0.173180006378627 -0.179526821887076 0.109316312896701
-0.603197288546851 0.182694306773171 -0.16369396019278 0.0574551395114156
-0.642236741077287 -0.0163765626932882 -0.0839923994115848 0.0288719400925891
-0.545777187391649 -0.216452251016373 0.0458875079937177 -0.0145300784132858
-0.425984389080948 -0.377377980807019 0.186855514926014 0.0859779546963237
-0.325691621997984 -0.438051039325825 0.184794225358256 0.285139128006758
-0.192215603968049 -0.5769641600779 -0.00582163354468272 0.414459596458099
-0.0919024494469961 -0.768771581066154 -0.0438461684088597 0.347160482835935
-0.0992425242925792 -0.52512344326863 -0.0534585568762475 0.417499897753482
-0.0959877064282838 -0.461628285119793 0.0716537641750596 0.154796517638051
-0.190001826887634 -0.497915377342789 -0.0390579752506498 -0.0270870957213027
-0.367567709649622 -0.449635138069897 -0.192643545049594 -0.0487032282048691
-0.528803991765837 -0.273546559896426 -0.321822521130017 -0.03862677054534
-0.575147766408084 -0.0462866519344197 -0.379497937130784 0.0544567599998334
-0.552110599090872 0.144200799374843 -0.395610879319389 0.119390518429176
-0.489642130052201 0.123110378577485 -0.396391823534172 0.163382914483301
-0.487753977781303 0.0905662259690685 -0.371622226452148 0.069010716371237
-0.483519420352154 -0.0918207556339361 -0.241888226043773 -0.0158575193777511
-0.357863199816155 -0.238465157139204 -0.0220891029900335 -0.083647513127445
-0.235216145112467 -0.304883200716155 0.188183298282361 0.104597087485745
-0.211388685072038 -0.315241683719563 0.137476770968205 0.397490491205397
-0.155600474105378 -0.446949878132488 -0.0774185817002549 0.520094729854925
-0.0887455161598256 -0.635085493435584 -0.0656796468037607 0.522051727592931
-0.0828490168434906 -0.291379309017027 -0.101034474732608 0.528989714511428
-0.0677037248394819 -0.230680575982881 0.0293003374038881 0.290838872719664
-0.102085756162605 -0.270045866562888 -0.0438521916057744 0.0578743588056797
-0.207389554060318 -0.251009215411323 -0.192059925878425 -0.0611048790968821
-0.316398855813408 -0.156853639984381 -0.419128634525789 -0.0721796797253764
-0.351637076765202 -0.0250664817103464 -0.534224896830474 0.0731418551931341
-0.348216803348546 0.0834691991406891 -0.553993173429909 0.168364878060613
-0.312565578528071 0.0528331908292315 -0.551683899908883 0.187713539223793
-0.302196157680791 0.0065431189162618 -0.519993728517521 0.0392440522721694
-0.265588429758595 -0.113359706899732 -0.327177613175284 -0.0988460785981508
-0.155171403932126 -0.181631175474177 -0.0246198092075005 -0.152026699786319
-0.0732198575344728 -0.174665762271235 0.186186366001554 0.136228258201737
-0.108453315074624 -0.165631535213497 0.0454116370773789 0.46481874804313
-0.108173054218152 -0.271407262401624 -0.163685593860261 0.536468531757105
-0.0722313001151598 -0.415463602218123 -0.077088834417206 0.632107414717762
0.095282707936525 0.0373362730885867 0.00494242855227434 -0.66091790259666
0.0668047316971179 0.0177689845805859 0.186288320532657 -0.527060199949352
0.0210122083957812 -0.0233161439793107 0.041412349448174 -0.503121842966551
-0.0360951881310544 -0.00186575606736017 -0.243852896288226 -0.209540737291226
-0.0376518549922526 0.059219101127456 -0.0596252468795889 0.217619269704058
0.00963872498342525 0.0630443418780262 0.345893567423991 0.225464518189054
0.0568074221421778 0.0373986031192051 0.592505164191614 0.0149494167686466
0.0744524793145378 0.0237223387705403 0.667652770863361 -0.178878601936233
0.0840950034116851 0.0223770928830535 0.657679900500098 -0.226642785008429
0.080252760191599 0.0320241688259722 0.630676843630265 -0.155665333677514
0.0501032144924649 0.0704222588815158 0.53283206098656 -0.00379972253166732
-0.0218663050476274 0.0798960640000117 0.274919419066885 0.0586926632467496
-0.0397059598313994 0.0147392054577993 0.107475363561031 -0.0746663331128029
0.00658819210963313 0.0209527509629264 0.0348683741029774 -0.295959512531974
0.0398180374418589 0.0746325605231497 0.175049982867323 -0.553544902497353
0.0373700196050746 -0.251822889087635 0.0459157349287494 -0.598839032479779
-0.000831613965447644 -0.21551957559709 0.239621783281262 -0.469359198349218
-0.0712029252628162 -0.202472920108864 0.130519595377666 -0.479281898765431
-0.136422638975981 -0.159353725223874 -0.208421964773686 -0.218396955879432
-0.191046780723466 -0.0862963423637658 -0.0658909233883667 0.217157688445724
-0.210245592245418 0.00149747608254758 0.335366514356513 0.247952180502436
-0.194430215062031 0.0772156249865083 0.579905664860866 0.044264142378284
-0.164070696499836 0.0979002583907559 0.640303548860161 -0.156651398545279
-0.171749165355 0.130312557133522 0.625937079190983 -0.222815128066604
-0.207375809939933 0.0721066796571477 0.602055791442551 -0.152073243513691
-0.217365439729483 0.0160265702481112 0.511751633593774 0.00234245378769005
-0.246685162722456 -0.0794720291088837 0.259868971699071 0.0624259885020555
-0.182693632800997 -0.195171167041824 0.0916622153017821 -0.073031746062924
-0.0491995477702791 -0.240766890966825 0.00894338255140046 -0.268073843794928
0.0202000403746289 -0.242922459287629 0.120515610103808 -0.49689357485443
-0.0183902128507319 -0.514125883044395 0.0686907740476737 -0.448943772676245
-0.0633619166669298 -0.445976983931966 0.274406798677296 -0.400107679859308
-0.157993384090979 -0.392164386571357 0.15648852863279 -0.457365568563625
-0.240717924980356 -0.327553253823181 -0.198712039131103 -0.19844012235844
-0.34605507554178 -0.232773836716163 -0.0660912649443899 0.20693385521068
-0.418787188353526 -0.0655777322441758 0.290320611193033 0.230458685398883
-0.425624200699842 0.107733485188846 0.485066261304933 0.0553511260604356
-0.380255631544827 0.16112737796924 0.515981773234959 -0.109778052109778
-0.39659208458067 0.226412412371148 0.503717621124609 -0.174380557621763
-0.460384635421039 0.116103928032132 0.49810720492417 -0.115353128411552
-0.457853953671691 -0.0169044994066095 0.441125647579313 0.0115991448537364
-0.454711432458321 -0.199747596408122 0.243558290338626 0.0648639035041522
-0.328617530266795 -0.360805396880273 0.104144927280084 -0.0293879940095644
-0.126078085813199 -0.461592840673231 0.00229262932738424 -0.152486079749524
-0.0199636363656584 -0.522859379900332 0.0636258146358869 -0.346706965441867
-0.0670105727020729 -0.690885226173842 0.0716616056452438 -0.233817663197859
-0.113178845891469 -0.613783243597674 0.277226990628295 -0.314028372212107
-0.225649637275263 -0.559670830729257 0.118043648608533 -0.414265672894488
-0.349520267991903 -0.489981044034034 -0.207123663678198 -0.152863948899081
-0.508589339056379 -0.351611909326942 -0.0789836167324384 0.175565606897216
-0.602270914228443 -0.109491392111095 0.19478444274652 0.182782516345853
-0.604169533282665 0.136179147377767 0.313684810343362 0.05822626747478
-0.539163479065955 0.202030308442766 0.315027812310858 -0.0406872452765972
-0.555788707439152 0.277896932169913 0.310879937191127 -0.0910111448465804
-0.639628126754483 0.128835171819879 0.331304164936564 -0.0490106825991638
-0.622719010636555 -0.0594351531758469 0.322989851973342 0.0257909910498649
-0.581997102716666 -0.292645375355183 0.223445587965891 0.0698481851015587
-0.425361666168668 -0.465760830561204 0.14144716641553 0.0512521788925338
-0.1942987451649 -0.60086225671426 0.0168567876184904 0.0289414297336318
-0.0671918204081043 -0.720236575276327 0.0187519617762115 -0.124485640938893
-0.101590487312232 -0.750694969938676 0.0515611114893502 0.00926490076799079
-0.137248591373143 -0.675743115289514 0.231331684591335 -0.189903641598644
-0.263745865330263 -0.657259253943664 0.0475004015742302 -0.314328518346392
-0.438507416414695 -0.592600546974685 -0.212984257110941 -0.0954826780059187
-0.634119340134929 -0.401698227814291 -0.125431557214513 0.112504085702798
-0.716009786740586 -0.108459114844171 0.0349291371803945 0.120367042309965
-0.693590903520877 0.166997097745759 0.0827055838742907 0.0656403195119742
-0.615286880094476 0.213680616919237 0.0700875565976828 0.0403895952394961
-0.629264396350097 0.267459003012658 0.0752912501383416 0.000640838129018567
-0.710054245998681 0.0864205969308992 0.123718525807892 0.0148388647034934
-0.662936787613647 -0.131049693943761 0.178344401340202 0.0242997208053329
-0.577638460310522 -0.358528886475941 0.20386940260813 0.0755100844608142
-0.428009137595113 -0.491874260512662 0.18293461908115 0.163023043791816
-0.226275185723264 -0.640887424105365 0.0277811072100594 0.238502195150166
-0.104969451949954 -0.803031981474012 -0.0117279435440081 0.124754658093852
-0.112844954989681 -0.69066628241791 0.0100717846016223 0.238446565512232
-0.13041226555623 -0.624463988009901 0.15241987146622 -0.0232189852044279
-0.25720713908553 -0.642291374359927 -0.00957039780019201 -0.167062540572826
-0.462246070343469 -0.580591217361956 -0.203573178233692 -0.0536958220114594
-0.66043359587456 -0.367383182526688 -0.212896471872508 0.032106087885291
-0.715039214337315 -0.0741196931989494 -0.173498767387337 0.0721183345043194
-0.678932000689905 0.177720317144563 -0.169650644199894 0.0920352453485849
-0.599792796771045 0.1903466080106 -0.180158534089161 0.118284055096073
-0.607276816951637 0.198978187727893 -0.167405123076359 0.0647670116187568
-0.655368070087627 -0.00162444776883151 -0.0834454036498992 0.0344594527087119
-0.564537092359645 -0.207332083634641 0.0503482119750991 -0.0131546437730903
-0.441724676357454 -0.370436177270119 0.193849124938722 0.0835223408954904
-0.344989688519297 -0.43648398033363 0.19438551776464 0.290266302153809
-0.212275462489565 -0.58004754467366 0.00264711363656293 0.422183752372235
-0.117594401191786 -0.774703211654034 -0.035181426188408 0.354855234354287
-0.108148531630841 -0.529522952713034 -0.0425442575123705 0.425840490870436
-0.11061230174031 -0.468336782150231 0.0805869430802374 0.155989456923964
-0.209271068768413 -0.502443327808981 -0.0313897146074923 -0.0267922855675206
-0.388335594114454 -0.44871103629252 -0.191030425711556 -0.0439713002364249
-0.552317449253391 -0.26645829237364 -0.3247452359626 -0.0347653089770969
-0.589751304946493 -0.033385445509272 -0.383785580358949 0.0592551633601565
-0.555102131386211 0.15768510775417 -0.398385523575685 0.137105979618864
-0.494982862231911 0.135718552707183 -0.401719975202227 0.177126047484216
-0.492490807961026 0.102847393106249 -0.379948624529054 0.0814440175424081
-0.492833981617077 -0.0818863030483703 -0.24610818255483 -0.00890765346678691
-0.371360242222568 -0.233519096091656 -0.0207472444027535 -0.0834525752044522
-0.245398343460294 -0.301365850166375 0.19604174352485 0.101849511578681
-0.224526726236892 -0.31222417199899 0.149927382395612 0.405252506521598
-0.171883777351389 -0.449079412979173 -0.0682966333583543 0.529977213095083
-0.110555760236547 -0.640484925631423 -0.0537172390664259 0.532500293816986
-0.0874660836710255 -0.29561242296878 -0.0921930291599938 0.539552612616569
-0.0738895445678572 -0.235984159818963 0.0417734914248157 0.294909210571482
-0.111964285285059 -0.273843962051546 -0.0350157184173167 0.0603399198641933
-0.218792424231591 -0.251160225555745 -0.192109863935421 -0.057899092291841
-0.330492110360004 -0.152974362307402 -0.42606833447209 -0.0680341629631869
-0.361319152701002 -0.0175640574082371 -0.541462868575476 0.0840914130158196
-0.35106285639141 0.0921907805804461 -0.55981775863111 0.188087749212534
-0.316818605011183 0.0614515502976826 -0.559746544432306 0.206128686579152
-0.305767712291433 0.0132304634512288 -0.530746199690755 0.0547222665807122
-0.272872617281911 -0.109086042420983 -0.334970690744175 -0.0926499675857073
-0.162459036298445 -0.180349495103552 -0.0261153850436212 -0.153851564602131
-0.0784637710163096 -0.172196580744618 0.195739369103737 0.135538799245394
-0.116826003840482 -0.162231366249682 0.0577783663281928 0.477288501929706
-0.117599397437881 -0.272074639730178 -0.154934217875295 0.547766955957673
-0.0860960797170783 -0.419484164214115 -0.0655038266800888 0.640535083685696
0.0981289998922084 0.0329738225397446 -0.025152218660428 -0.674012921332837
0.0724990976993001 0.0172404495354575 0.162598556828507 -0.545815033739008
0.0212226498547135 -0.0242380050355282 0.0146897837473877 -0.522778957663333
-0.0369074173718449 -0.000653370957717923 -0.264048541513177 -0.205049000573504
-0.0340425687061282 0.0630775139568028 -0.0513211350903687 0.226679677956126
0.0140367625832215 0.0661582624296591 0.365870183857051 0.213814009345997
0.0580547235170175 0.036621725584586 0.608234850511798 -0.0211684396202249
0.0768789104471447 0.0200420140174167 0.676127349131374 -0.222833995348737
0.0869254435346078 0.0184613741211092 0.66353972363011 -0.266463241465192
0.082559049532162 0.0278440308743527 0.639128627371627 -0.189591766339365
0.0548164162464063 0.0694084039278396 0.545107827595439 -0.0316108671715205
-0.0180590574539391 0.0820638902430965 0.28383977707435 0.0487501612319514
-0.0408212008932626 0.0172618011736306 0.100847781606566 -0.0824364614527996
0.00881464396918405 0.0208834789137829 0.0129840892459822 -0.303012515487542
0.0461965953689861 0.0727153531563697 0.150609678540511 -0.569446506565941
0.0250616098055063 -0.256499818083442 0.0180410690229196 -0.613182199173271
-0.0104289743466599 -0.216798725603316 0.220750171847162 -0.488375808589056
-0.0843054701158509 -0.19999439453997 0.1105772848774 -0.503572895189853
-0.14893241092797 -0.153160847356528 -0.226079666380554 -0.216641382439158
-0.200426892287903 -0.0767032145798914 -0.0563283506477218 0.225838044641529
-0.213409888946045 0.0151825101643987 0.356420904224627 0.235057461336195
-0.195636440970132 0.090104905737528 0.598558939866122 0.0134929542183506
-0.163176945196511 0.107849115849041 0.65045829643778 -0.194680765521244
-0.168376127622979 0.142838590007149 0.630631529984935 -0.260331844193438
-0.210110660130666 0.0856531263036043 0.611914158133391 -0.185722139899766
-0.22404643490714 0.0289879433490795 0.5281041937302 -0.0228495120551187
-0.256843124677394 -0.0686009976482447 0.268944754149399 0.0527416174967487
-0.199440285088944 -0.190001806430256 0.0852585245954533 -0.0784475257927389
-0.0629492390756404 -0.243971732690246 -0.0109396453768893 -0.273472896061606
0.00695376454423164 -0.249290316963551 0.0972543174166693 -0.510625283079648
-0.0442554127549271 -0.51821982855481 0.0522787654825401 -0.461354806455809
-0.0888936366125891 -0.449601376874518 0.261015433672373 -0.420941440064827
-0.186331378113646 -0.389082376211797 0.138793584681967 -0.482305106246684
-0.264429476293294 -0.316651946023917 -0.214264908384952 -0.195673695325992
-0.369153695543164 -0.217301090679744 -0.0552961134575104 0.215289428658053
-0.430223909639854 -0.0424322167422078 0.309712172934037 0.218450828167602
-0.430919776765776 0.132619788167319 0.504243655366978 0.0320239760566051
-0.381259412846927 0.184098203562871 0.523672464765386 -0.138028209442122
-0.391335160603724 0.252889254718899 0.50679769726185 -0.205267414352691
-0.466672026726655 0.146046952957618 0.505961506433859 -0.141583767980558
-0.473633184319483 0.00955317421610969 0.456572986608102 -0.0097968458727081
-0.475906069957033 -0.179428169996416 0.25335382938049 0.0557363036303912
-0.357409514366843 -0.351653909418042 0.100715396572023 -0.0324660022771292
-0.155945917999622 -0.463280125335336 -0.0104771282433259 -0.155341833337408
-0.0537051030958332 -0.532570867153775 0.0478609481512828 -0.352233202127505
-0.101780205371006 -0.695956195177251 0.0658024398262964 -0.242157569689591
-0.150178880701189 -0.618412030109389 0.269095999219952 -0.33317172155941
-0.267052145870145 -0.554995824747557 0.104108648877547 -0.437231105323746
-0.385861008973995 -0.475162368710456 -0.218665111976885 -0.148483815856556
-0.543070854392319 -0.330356091942757 -0.0675040188355019 0.182608594290171
-0.620121138535066 -0.076564786037991 0.210525479532207 0.172646287648916
-0.61016785587724 0.170092961487805 0.330700961056389 0.0467639519108006
-0.541000187889927 0.234610491243611 0.322157103343338 -0.0571851486738667
-0.551184604810257 0.314750472224418 0.313819168378981 -0.107075571593826
-0.649109855619478 0.168553127966041 0.338831923547001 -0.0640944954901958
-0.642707159891595 -0.0242683180619231 0.337727511719056 0.00939641369951793
-0.611720442429642 -0.26647901799042 0.232772938085002 0.0612650522429016
-0.462013317742352 -0.451608208443201 0.144444411197724 0.0488071328158046
-0.23360143020883 -0.603824600577896 0.0145236320315042 0.030116350864086
-0.113723408337198 -0.729133471761145 0.0143775136737998 -0.123728331355442
-0.138735904735163 -0.757032854608645 0.0582787577160159 0.00605399883115846
-0.178908508833145 -0.682183300161575 0.230225912435944 -0.205145294440649
-0.310725953213185 -0.653609588885253 0.0381856093567599 -0.330341331821396
-0.483006569808324 -0.576408650951993 -0.220165702645201 -0.0885583893228137
-0.676287516118617 -0.373983331321086 -0.117336094070947 0.120200976098155
-0.73689215611603 -0.0708787109589948 0.0433522356297055 0.116646879326785
-0.698544365975589 0.205125169978014 0.0946378073921825 0.0674258717319024
-0.619265050091832 0.250900165592336 0.0752838830829066 0.0394567221626657
-0.626412658195186 0.307232716618753 0.0762651711940398 0.000210925319271434
-0.723627115018868 0.129663218135579 0.130272621975543 0.0123875898482432
-0.688629562443471 -0.0962646204919297 0.189491870209685 0.0172021971201763
-0.61075403834087 -0.331738824889495 0.213471124567106 0.0670379367899835
-0.467167858650376 -0.476437846567609 0.194904529755796 0.16033584271079
-0.266943388836754 -0.640477499807659 0.0383682587188837 0.242674435901847
-0.158068357338194 -0.813077347589242 -0.00421797561328252 0.130834174270323
-0.146183056721051 -0.696887540054063 0.026443580527486 0.24149793748896
-0.169008239676258 -0.63156388620435 0.15909630512154 -0.0314612351996601
-0.303546325966174 -0.638653329743679 -0.0106921460800255 -0.175404863656117
-0.506095341946129 -0.564229996785614 -0.205652748128254 -0.0453643713527116
-0.702471094247375 -0.336634342414958 -0.211534697232121 0.0419970419716057
-0.735963822576109 -0.0364221962063127 -0.173227999052386 0.0782451367530871
-0.681677037143816 0.21553391583193 -0.163035144063166 0.107439899506114
-0.602102335835976 0.224648341926448 -0.177327698121301 0.132923627567565
-0.607698927779612 0.236879857524327 -0.168977187535262 0.0792025982631469
-0.669855679442385 0.0353680935500846 -0.0814962994423851 0.0422514271614569
-0.590470353669671 -0.181011955688401 0.055227728210871 -0.0141093216354237
-0.469524904486503 -0.352840988477433 0.203792249047652 0.0753841231018876
-0.376650469762471 -0.425344339331116 0.214399504959003 0.29076848063486
-0.250730485030949 -0.577892618281632 0.0228120153211763 0.4312689859107
-0.167742710818819 -0.781045598022341 -0.0165221502194895 0.364569797934484
-0.132722118553627 -0.536368766481078 -0.0198064611564034 0.434950004100309
-0.140423370985817 -0.475603392493412 0.0960515998075148 0.154682455589635
-0.244614262633877 -0.502438730204282 -0.0248439448976941 -0.0284562166095222
-0.424488214768908 -0.437402592237866 -0.191727814399393 -0.0357266585986412
-0.585355403197301 -0.242016335533228 -0.330795032159184 -0.0226154047467662
-0.605992827111413 -0.00125506412767638 -0.390393778288126 0.076200762164744
-0.559014203602825 0.189194831048615 -0.395663940346344 0.165581863115129
-0.497887667056667 0.164584932430852 -0.401058496609695 0.204718594524619
-0.496191341832455 0.13062128791377 -0.385938228251527 0.107982055419835
-0.508468737419827 -0.0561487668090798 -0.250693933119837 0.00626155850150264
-0.394124479824482 -0.21810663483739 -0.0222986147890386 -0.0833706064852747
-0.265536753740991 -0.292246038392033 0.207684637777309 0.09328960306958
-0.248113917018317 -0.302590952615485 0.176661644684069 0.410630971214176
-0.20116989677594 -0.446621649362417 -0.0434758507671376 0.545402758303406
-0.151352228428646 -0.644398984555807 -0.0267231411166194 0.543923228797519
-0.101550429472319 -0.29939906068614 -0.0654151701234396 0.554954423637226
-0.0894414753920897 -0.239851454717841 0.0636546775242073 0.297863353239114
-0.132455787807612 -0.275177319592775 -0.0230997392332669 0.062158048558348
-0.238622297051044 -0.244993185795646 -0.193478053567457 -0.0513456355083666
-0.350005793987623 -0.138737913012797 -0.440261656298605 -0.0516472159000583
-0.372588383342676 0.00307467904643922 -0.55135451038711 0.108352504981089
-0.351418359974291 0.111358869406658 -0.563178759884608 0.225047422777538
-0.319613484941286 0.0795625056617582 -0.561375692686416 0.241903009991315
-0.311121285012857 0.0292182936602837 -0.542042312720376 0.0878779655399902
-0.283730021631588 -0.0965423025343346 -0.347044029472142 -0.0758219985056363
-0.175585978311115 -0.174850803560677 -0.0317858579253074 -0.155795330321191
-0.0885321407348986 -0.169036510225745 0.210119609002763 0.128609637083644
-0.129865998539466 -0.155626583094134 0.0867912863750721 0.488571406609362
-0.135953254103099 -0.270450467709925 -0.133005150664467 0.5681312551365
-0.114021326531202 -0.421935009896692 -0.0336952496843381 0.655939468754226
0.0985556411639852 0.0255551733412331 -0.0717034816649166 -0.667553460701309
0.0779959649321546 0.0128708342836986 0.121334107753268 -0.553210103183085
0.0216578532640811 -0.0260384159925417 -0.0244877098230571 -0.526866175667085
-0.0371662631099776 0.00131780202753982 -0.282024912726996 -0.187872232317485
-0.0285984962099029 0.0653121189302605 -0.0353771812087601 0.230218870240285
0.0204267906679174 0.0666354295078935 0.380927114435848 0.185891888353931
0.0589554519122902 0.0337228429130554 0.60560158666195 -0.0690291798239756
0.0773648124489941 0.0142593163015632 0.659993035269329 -0.276326705623651
0.0879237577070361 0.011428564329305 0.645454400123548 -0.316475777028409
0.0833786631373176 0.0210548961512403 0.626372232292826 -0.236225331231051
0.0597693374155747 0.0652613485839821 0.541614828876892 -0.0708468004361883
-0.0115873307301174 0.0834979581993431 0.285909046190318 0.0310187321614286
-0.040233033227864 0.0198853373419841 0.0892751699988566 -0.0891910668258064
0.010808888070226 0.0197214070097315 -0.0151700374334167 -0.30115723244493
0.0530631900692197 0.0683791971686964 0.106052730861847 -0.576222834538322
0.00615188200276999 -0.254834904425816 -0.0223294162497788 -0.609283143158419
-0.0235650145252207 -0.213337353233385 0.1837594500635 -0.498518803960963
-0.0993203861705568 -0.190251674910703 0.0717496127134838 -0.516069240814742
-0.159782738166181 -0.139482935734934 -0.244668166667091 -0.202427791438837
-0.206123650480238 -0.0602386784732571 -0.0394704230986551 0.228985824488666
-0.209565261808423 0.0330130123372661 0.372914070999784 0.206672592644541
-0.189702102614171 0.105743996386333 0.600382050482318 -0.0333067432763205
-0.156313666517929 0.119941775002158 0.634924544620419 -0.24621534773571
-0.156069273085582 0.155030975845639 0.611074838245783 -0.306425326212854
-0.204996483187624 0.10182359275015 0.598059676474163 -0.22933170023432
-0.222793996555236 0.0473273077577836 0.527322090421633 -0.063614114698661
-0.261410733984551 -0.0490054242971062 0.272584757899201 0.0352528633788808
-0.214905599380797 -0.174810470617041 0.0745320579449382 -0.0821664839385617
-0.0822012789665714 -0.237187924837718 -0.0366004652579011 -0.270018432457001
-0.0138062379537278 -0.24816931001983 0.0587935951996192 -0.511423535741362
-0.0793792960072378 -0.510584151028049 0.0217878685924457 -0.462957731112781
-0.121356359332018 -0.438289975926573 0.230307953760052 -0.434074567346988
-0.217153905237988 -0.366833570726639 0.102403292178351 -0.499945985354618
-0.287247722378579 -0.289762571701549 -0.230089431523135 -0.18293222647851
-0.385763101533306 -0.185870206949805 -0.0382919023817171 0.217304885418868
-0.431046911362839 -0.0080297420516124 0.325041174938223 0.191782484171788
-0.419768143346493 0.164338241417342 0.510059958298132 -0.00495358258768967
-0.367209069558535 0.211984701476741 0.515380229064887 -0.179381242482518
-0.369412589882384 0.280260490327491 0.490680756902665 -0.240310322278094
-0.456069050102596 0.183276452606944 0.497107562220646 -0.175564466921197
-0.47518261698713 0.0467611561576424 0.45948886177884 -0.0440919097242978
-0.488371492409897 -0.142999674618236 0.256761723566942 0.0387842154537063
-0.384677368401244 -0.324318139687279 0.0941494085456056 -0.0363937297703693
-0.191493126790446 -0.450551918950923 -0.027343914064044 -0.151616860705883
-0.0972244634855309 -0.524023805299279 0.0225075834061869 -0.350358132609399
-0.147275213477641 -0.682094809533194 0.0526820315459865 -0.246234423046307
-0.198219743488636 -0.601644012861678 0.245666758330637 -0.349624999344173
-0.312259546569034 -0.523907066751339 0.0730080488494139 -0.451338837061446
-0.421069278643851 -0.437140730249419 -0.229418942276507 -0.134424852125797
-0.569058314378656 -0.283061700185254 -0.0516381256389367 0.185602165401356
-0.623314876660195 -0.0277164084723144 0.222245561112113 0.151951094176283
-0.594955128258592 0.215254593766507 0.338988087331525 0.0227174932979776
-0.522436503053268 0.274408312952904 0.318628396172562 -0.0805275830366585
-0.522974483367707 0.354487047541067 0.305117815936078 -0.127804305084876
-0.635067575820389 0.220758388904704 0.336982028470111 -0.0862807273160396
-0.647336173052952 0.0264351521493811 0.343165575926884 -0.0148430166657772
-0.629814329130589 -0.22057569835532 0.236253072779515 0.0448178114492135
-0.497695343528454 -0.413437325583197 0.145677306600204 0.042489392000403
-0.279444173636233 -0.579937680803551 0.0138778699350341 0.0305372232015812
-0.172893964777492 -0.712173709366794 0.00736027529848885 -0.120765195359877
-0.188009045726651 -0.741228170607853 0.0637205336434133 0.00012835231823918
-0.231144493401278 -0.664186866956178 0.219157451619532 -0.220798428303136
-0.363726393081732 -0.619944757747341 0.0174729531109629 -0.340638406574283
-0.525068476270785 -0.532438821362439 -0.223371470458646 -0.0748779978740406
-0.70552189297944 -0.317214550552303 -0.104601852273549 0.126392446740847
-0.741019423402529 -0.0115154619246585 0.0511247830578497 0.108065642152421
-0.680408028061846 0.254664226510572 0.106150018427683 0.0624634795794443
-0.595740240061829 0.295780544184525 0.0799584657644578 0.0353906037916714
-0.598927437723748 0.35248671407051 0.0764894609223614 -0.00208061835507022
-0.711240463161546 0.185113391946118 0.134503421621552 0.00556183041530139
-0.696950399593355 -0.0416943661410206 0.196043327630415 0.00346425770163192
-0.630508699844352 -0.284903030190514 0.217430116530447 0.0505210034683646
-0.50219592433027 -0.438196123413551 0.205522019895384 0.150216234490607
-0.316123675143223 -0.614001095042464 0.0543156446935574 0.240252562293741
-0.225284118932854 -0.789856456022823 0.00818830027107841 0.133139430857406
-0.191249063903609 -0.683557733247507 0.0482895500824629 0.236727892590249
-0.21738891102202 -0.616535060183234 0.162004591845559 -0.0442382456482074
-0.356762501613935 -0.609676921240799 -0.0174237031480778 -0.180519152062665
-0.548282978761335 -0.52026778474733 -0.204669062834107 -0.0324851695922511
-0.728535312448995 -0.277612487662209 -0.204847468376895 0.0541580468608039
-0.7385511712146 0.0231675550188729 -0.16827824761792 0.0853162295286943
-0.66223210461492 0.264040977360312 -0.148797944087153 0.122212537299197
-0.58407864778834 0.268921674494441 -0.165475221876633 0.148681114081662
-0.585225520397099 0.27924278770151 -0.162673902613057 0.0967123306396765
-0.664838604176251 0.0869871076995364 -0.0749033203162735 0.0510754588457612
-0.605160968169472 -0.133723536955784 0.0591383091496189 -0.0183965675847308
-0.492609365386098 -0.315029126301408 0.20861220678973 0.0584296395527744
-0.408542920537377 -0.388551777522672 0.236751429220146 0.277683669591073
-0.293856562758755 -0.554049953416516 0.0533413230571515 0.428760580771715
-0.231825365460975 -0.758535707472691 0.011718043304602 0.365005675716425
-0.167010964948007 -0.525719326820376 0.0143934640394901 0.431863545009485
-0.177204326819277 -0.463267606212907 0.113503085430319 0.144848684733322
-0.286221439798795 -0.480208520583458 -0.0187019834609784 -0.032557263388504
-0.455108493494657 -0.401213533892467 -0.189740985985593 -0.0246861167055946
-0.606141639073323 -0.194061603356666 -0.331112357405331 -0.000819161010607716
-0.607245670315103 0.0468005210601229 -0.384684964686783 0.100167756232527
-0.540735489083885 0.226025608221099 -0.378169507881637 0.197626575676955
-0.484642538737137 0.20155843014101 -0.383551510284041 0.236147367105488
-0.482515498188462 0.16707218838583 -0.376910719458766 0.140829336828769
-0.510708867371254 -0.0160421696406953 -0.247020001834042 0.0264169067801123
-0.409313713086028 -0.185524249218277 -0.0243436740091605 -0.081657865238314
-0.283771075567169 -0.268965422186776 0.214917586791769 0.0772958740189766
-0.271430779852657 -0.278425092337896 0.20902168456068 0.40060218648322
-0.235302499741521 -0.426764385297642 -0.00477808659522908 0.546222450235092
-0.204249161304435 -0.625479737372594 0.0128705739470971 0.543087240615368
-0.120255640220505 -0.29381747477531 -0.0235651684855381 0.556013864752917
-0.108948352497549 -0.234728391489296 0.0917458867019438 0.28912543832475
-0.156754158598589 -0.264217783931218 -0.00954341241846373 0.0592801699250138
-0.256770479450439 -0.226563786141774 -0.192937941421205 -0.0407468412820248
-0.36264371946723 -0.109068296369504 -0.443251684050532 -0.0225848716778548
-0.373032927683958 0.0320601238574721 -0.545395645222546 0.147465469220001
-0.340248010028816 0.135688273333554 -0.542552684114463 0.268934652363023
-0.3130703266699 0.103981176580321 -0.542667041260046 0.285599573228198
-0.307666479729344 0.0511035160855638 -0.53373552669673 0.132877502167544
-0.289225391354917 -0.0745009976552457 -0.350370734632622 -0.0485011538814283
-0.187682281203694 -0.160383352574773 -0.0416503272136725 -0.153353156167669
-0.0990662161358709 -0.159591944185249 0.220822967356465 0.113078727488524
-0.142350931220471 -0.140999895599712 0.124457890274415 0.486083484533452
-0.156306412893278 -0.257885681227729 -0.0929827618574375 0.575251346516531
-0.147867638840101 -0.409231905200796 0.0141915169928664 0.652893702141529
0.0951475437946957 0.0184828416358726 -0.108756554411892 -0.634719953049552
0.0802672606634515 0.0069884849377906 0.0821726124074495 -0.536336376244757
0.0208613391674678 -0.0274046211636695 -0.059030479701929 -0.508725181974352
-0.0356034785324033 0.0024077257375118 -0.287137248760119 -0.16468880623016
-0.0223394631538598 0.0642839509144032 -0.0202758993532306 0.223496855621343
0.0255533449686336 0.0640119911307891 0.376249569955478 0.153881840205844
0.0577434577255476 0.0304518572929883 0.576545161137714 -0.108835033123432
0.0748027405415143 0.00887253591808362 0.617047300267067 -0.311123622122738
0.0853162668840429 0.0052199692767461 0.6017213127337 -0.348605719663234
0.080160061104859 0.0148459293825641 0.589109818263313 -0.26876369253651
0.0628642379435096 0.0591178729932362 0.515772312584795 -0.101261834723727
-0.00597820684416561 0.0799051181492467 0.276714009614545 0.0152173800839163
-0.0385102876138787 0.0214856097852373 0.074681565515031 -0.0892895870221338
0.0125948968136545 0.0191033703811994 -0.0390577962194087 -0.285812778456282
0.0572024960142167 0.0606327911378255 0.0663867762374631 -0.55734926932599
-0.00968133691286174 -0.24340780858343 -0.0564837333530604 -0.584124262201476
-0.0330329553192164 -0.202422949823139 0.144793299213206 -0.486542057775932
-0.106755172605702 -0.174292169483269 0.03439820887826 -0.506641699391317
-0.162336881352774 -0.120895459633435 -0.251584089124485 -0.181819973572209
-0.202564686948145 -0.0431279351297197 -0.0231724991960303 0.22166360180917
-0.197417637592975 0.0469365629142818 0.369185646144808 0.172924624217452
-0.175589017545263 0.114873428146467 0.575840862582756 -0.0745973603199636
-0.142775935182304 0.12548014408031 0.595663499283057 -0.280415834302122
-0.138924939884262 0.158278079751493 0.570165224973318 -0.336041530089055
-0.191942196357686 0.112548458549391 0.563864070743163 -0.25620828252099
-0.212828919179266 0.0614354565044456 0.505100435186505 -0.093153164387771
-0.254889286334767 -0.0302454243305893 0.264086610773641 0.0191846412793232
-0.219305275790644 -0.153650875030646 0.0612145107937065 -0.0808136957325398
-0.0945152657380382 -0.222223810441846 -0.0576828858919914 -0.253597213551637
-0.0298636965318462 -0.235589280539708 0.0245483580573296 -0.491825692449808
-0.106443578216584 -0.482371967987262 -0.00302143841583046 -0.445059790420131
-0.143923194229992 -0.41057055294527 0.196157694550989 -0.427784293552942
-0.233003246245292 -0.332804947817135 0.0661154365735431 -0.493882245172002
-0.294683622194933 -0.254963316545855 -0.234795458614099 -0.163551577956685
-0.384096023119451 -0.150150331832996 -0.0230643000615407 0.209817152591344
-0.412406715210197 0.0227421691045134 0.322802683570751 0.161379350435469
-0.392454244227848 0.185034781679267 0.49332505542932 -0.0392604568826577
-0.340802015235302 0.227549386365253 0.484712182692425 -0.206886912645301
-0.33497934457792 0.293485156324725 0.459063672272406 -0.262443146431194
-0.428226388208968 0.208608594724619 0.471113089898373 -0.199144955263189
-0.456836793868707 0.0786846856111032 0.443138874749363 -0.07190528970378
-0.477947705999431 -0.105513916323646 0.249224154789509 0.0224781726866302
-0.394141805670041 -0.283795918184431 0.0854913787130806 -0.0369232172287704
-0.213931907296676 -0.41840265275589 -0.0397866523921915 -0.140382862498439
-0.131001680145566 -0.49056418868267 0.00134942538350765 -0.334656755283881
-0.180953645011263 -0.644381117208055 0.0407226685430187 -0.240560678051039
-0.227600935221085 -0.561809815775068 0.217517563940592 -0.349032532059103
-0.336448804128235 -0.475256178287126 0.0415025251872029 -0.447559963259989
-0.429250912980657 -0.385631543776438 -0.230860439238638 -0.117121943456937
-0.567849489307132 -0.230520143450495 -0.0364298281164866 0.179821589086903
-0.598796598077782 0.0172679655927283 0.22097197685951 0.128578355797597
-0.557013928722879 0.245220567906881 0.332243354494144 -0.000829391253913603
-0.486105337161418 0.297585520843782 0.303496951643897 -0.0978377164252902
-0.477101610133829 0.373069976090348 0.286068549700027 -0.139977975644023
-0.598030924346722 0.257527786104116 0.32245850998177 -0.102549549717831
-0.623092643349545 0.0714552497984934 0.334413238663708 -0.0378186985332969
-0.618695435592163 -0.168451867749952 0.229533995456775 0.028259365222438
-0.506406632406723 -0.362381881275501 0.141532628879204 0.0357944031030596
-0.308480917685997 -0.537057609808563 0.0122967905679029 0.0307421846433643
-0.217856558562666 -0.665257991171358 0.00227172143061083 -0.113624943841598
-0.22269686858754 -0.699792578461667 0.0657809097122688 -0.00582284597100011
-0.266408629932681 -0.61902893171744 0.201610100988145 -0.226891729649373
-0.392347936001873 -0.563589975241103 -0.00395346790733473 -0.336800728168478
-0.537090202712574 -0.472182442335325 -0.219840003997506 -0.0591524566182856
-0.701180762841018 -0.251986871545256 -0.0909828187589512 0.125638117991639
-0.712547609281813 0.0391663069512747 0.0542508228507455 0.0960577943535692
-0.637896587146145 0.287406027040917 0.11180679468673 0.053404963833253
-0.556110575862952 0.321167291169094 0.0815259086686553 0.0308764136242307
-0.55055732365263 0.375264704889773 0.0742290047459061 -0.00261228879370864
-0.672050623479526 0.22728587490945 0.133419944551424 -0.000969842054142189
-0.676121012514693 0.00735225253050413 0.194142765631349 -0.0102800521862694
-0.620978189014364 -0.232249331089016 0.210761559509098 0.0347466875207418
-0.512583206214442 -0.383913767900061 0.207952409407356 0.13515125724552
-0.347292793345833 -0.565292644701299 0.0663764527087962 0.229825657769598
-0.271995178480776 -0.735642266501574 0.0185008214739727 0.12861985848792
-0.221966275727379 -0.645315792173017 0.0648949754020712 0.22103647707354
-0.250688519204637 -0.574876454944134 0.15849698723091 -0.056305764226355
-0.385538626833537 -0.555002518886687 -0.0251820548095048 -0.17991854936862
-0.558515236368935 -0.460297710696966 -0.19748361080152 -0.0205723327064748
-0.723744922084061 -0.215659124238828 -0.191389258560331 0.061868716559
-0.708345561347123 0.0723608334724549 -0.158291862084504 0.0889066518043003
-0.619162871985946 0.293953954411883 -0.130473205767742 0.127765804117943
-0.545228301273179 0.295747787664484 -0.146793263190853 0.156009094406151
-0.542854491913838 0.304626989350676 -0.149557695775619 0.107635960735046
-0.632477947319048 0.129604766605184 -0.065595314541093 0.0555638830699547
-0.59120893498552 -0.0852891042946106 0.0599131122941431 -0.0223852612749656
-0.489763757873139 -0.26763454094129 0.203647108526976 0.0417859090431355
-0.418881548761678 -0.342275484919241 0.24781994237403 0.255488366771131
-0.319948851789792 -0.508944981310622 0.0772727031488757 0.409251987701583
-0.276101684245149 -0.704400519546497 0.0359046920714467 0.349993716600272
-0.190327806156782 -0.497217968499089 0.0435155979599147 0.412688997042319
-0.2028878912802 -0.43404043187766 0.124200926101751 0.127843814152452
-0.310908219929298 -0.437929736469605 -0.0149564209993884 -0.0368088151932569
-0.463135728168867 -0.353833016191636 -0.180584555808351 -0.0151680221401727
-0.597427114210002 -0.142124853959688 -0.318785614882296 0.0171631844569821
-0.58158906242355 0.0872133419450566 -0.366055115386508 0.118037474098891
-0.50366732751071 0.249890531693771 -0.348530473396857 0.215508869020902
-0.45353320687419 0.225472757092931 -0.350185095095126 0.254966598944952
-0.451448176841602 0.18972713909991 -0.352678183589925 0.164833393196207
-0.490789214461563 0.0188537209869201 -0.233709226056157 0.042973488273183
-0.405949236341324 -0.149603673153134 -0.0254269164242435 -0.0780965714326883
-0.2872128351068 -0.238586568237881 0.211794234124608 0.0604144578381143
-0.278875182535918 -0.244690274217097 0.229758839336799 0.375234810593255
-0.254083614492187 -0.391674944308714 0.0284639860433529 0.525310175473226
-0.241117289616372 -0.580809600665794 0.0461500688232105 0.520003435478646
-0.132588075259782 -0.277543338114212 0.0114399943403341 0.531772821832984
-0.121931927050507 -0.219304577913413 0.112471648602749 0.267645382779314
-0.171542648627182 -0.241372719258716 0.00136770000148263 0.0516091135630617
-0.261651420639937 -0.199872831792197 -0.185080182392775 -0.0306616576513823
-0.357236952032388 -0.0790574415515331 -0.430390792334505 0.00342133210718222
-0.358297251887585 0.0569799744425877 -0.5169186667256 0.174226058227538
-0.31829324526437 0.150360974499283 -0.50463981370194 0.296187533783535
-0.29491309284304 0.120090939462003 -0.501844707645278 0.312265401059555
-0.290610707045557 0.0681020049362691 -0.504532091893643 0.167949685844358
-0.282121581890117 -0.0519928292859388 -0.338933683152579 -0.0233567665853117
-0.190218064119959 -0.140667684438727 -0.0470278522321628 -0.145907052159909
-0.103746153064196 -0.144507540677519 0.220981415342156 0.0948181183455201
-0.146483705766525 -0.121600271510018 0.154680294980831 0.461244904907021
-0.167297812654375 -0.235851113511248 -0.0543195863041544 0.557474478514874
-0.170878714835276 -0.379914521242891 0.0530285467692276 0.622671323382302
0.0789736960432744 -0.00172451719161263 -0.205423045454652 -0.57037968800275
0.070254209415292 -0.0108303341518866 -0.0107164271312001 -0.515852424551481
0.0080007328123833 -0.0324431033171465 -0.14188607467954 -0.472640768460143
-0.0381563733009587 0.0121958428108335 -0.30547951541809 -0.113118551192277
-0.00706265282969999 0.0634108435585097 0.0146608118881143 0.218403315941531
0.0358721545255257 0.0522862002092317 0.380582820511449 0.0903302914450934
0.0566817727509924 0.0168435141623766 0.536454433417508 -0.190016697567574
0.0708914025316059 -0.00573617998647147 0.536223747613305 -0.392997292703996
0.0791941028818274 -0.0120306186514647 0.516663091186703 -0.429505093267239
0.0787053877025291 -0.000968694302592398 0.514501102604113 -0.352574732140093
0.0696276728870121 0.0441440237989935 0.468346552555018 -0.182339620534774
0.00830897419927745 0.0767858417095693 0.262274038999728 -0.0290822805822158
-0.0336174221366571 0.0239421409207143 0.0492892970467859 -0.093432462737947
0.0164755976268829 0.0119352007206377 -0.0900128228618455 -0.255278313861954
0.0613392722186137 0.0400550841844784 -0.022411174907514 -0.5270830690773
-0.0474739189166559 -0.230159840715166 -0.149492415353493 -0.544003666286763
-0.0637611759870087 -0.186411028459688 0.0561149013600647 -0.488414886853262
-0.128547259732372 -0.146968302104153 -0.0591602066596457 -0.501558857081546
-0.170431206044541 -0.0794342472845617 -0.276946121215973 -0.147219182667627
-0.187827157219272 -0.00818991631289764 0.000180059799397543 0.208118697650963
-0.174070148979646 0.0663736254241001 0.368540096665854 0.106382528109111
-0.147207146283062 0.127503860140581 0.531026225547417 -0.158113999309859
-0.119065240269568 0.130409941415583 0.519041189076015 -0.36069856277178
-0.109593967914812 0.162345545886222 0.490997885714481 -0.417575330706492
-0.163410035336044 0.130769103602337 0.492789952021711 -0.344885419496292
-0.188368094326112 0.0803729795046585 0.463777753785426 -0.176132041969561
-0.240865709286789 0.00700986441853651 0.25617833678209 -0.023819549751902
-0.222595564472507 -0.115286294029604 0.0396273127425859 -0.0865086964531236
-0.118082089271736 -0.195614592215878 -0.0952435617887112 -0.221604716815837
-0.0600631512217208 -0.22370387075216 -0.0454241300289935 -0.458306822466177
-0.162461979225393 -0.438401554473175 -0.0787631970193395 -0.436908327099115
-0.194198449008558 -0.361406986040009 0.112662791222562 -0.450893752992157
-0.265642314093201 -0.271572308167067 -0.0326631919252912 -0.507763705518696
-0.308227360559282 -0.179769161117031 -0.260859627094085 -0.146071493594344
-0.370053244988722 -0.0799408870671721 -0.011491232934788 0.187597945147312
-0.378416720901514 0.0727452589402349 0.310733909171936 0.101477392878955
-0.337643795841096 0.223386832906529 0.447907274857296 -0.11583582630292
-0.291068028407644 0.251468133752956 0.424581157325408 -0.274608853884597
-0.273686047609906 0.316337306652099 0.397031505829446 -0.332368002982968
-0.371790747136374 0.255146068275523 0.416230210888884 -0.281659630231298
-0.415523220924403 0.127747551730063 0.411548480110653 -0.145695530505593
-0.461790370687681 -0.033964019676692 0.246896422952231 -0.0188831388273069
-0.398576026247611 -0.213494123826439 0.0714258764442139 -0.052520130956376
-0.25802288553321 -0.358938233485968 -0.0535309493674244 -0.119931701436908
-0.187920974092934 -0.446488835194327 -0.0409622155548707 -0.308857033915352
-0.247817908922208 -0.574933247887554 -0.00542376944394825 -0.263087161233172
-0.292892459834753 -0.486417710705456 0.145861940758896 -0.3901501253989
-0.379260967253683 -0.384844075354855 -0.0526345697424884 -0.473854659954587
-0.451005831823417 -0.277387051448074 -0.250947427052375 -0.116063275412799
-0.550474557050264 -0.124872636473673 -0.0401850699978559 0.15487122853119
-0.55435778932956 0.0964280401527676 0.201172873062992 0.085092218138689
-0.479109346219292 0.301600881796243 0.292606320196052 -0.0556337184061939
-0.417531446630264 0.336585353846271 0.268479064309042 -0.141882753173231
-0.395189513382945 0.410642163430635 0.253994886512765 -0.189663425224528
-0.524677565383783 0.326764346715319 0.291675008677475 -0.167806711577605
-0.57301454320419 0.140771524144625 0.315692411532374 -0.0957573747992543
-0.600596308543439 -0.0747011756316979 0.231567582550668 -0.00974330588731791
-0.511487816926727 -0.270821776659646 0.138022024581082 0.00385678492809653
-0.363718233193076 -0.451168528319042 0.029128888518629 0.0302586892133334
-0.291652217225778 -0.592939544929525 -0.00484614648286966 -0.105389437608856
-0.288543417045704 -0.622165291629489 0.0563213012429406 -0.0530150368959303
-0.334662677202679 -0.532683874374261 0.150516714816851 -0.27690775813427
-0.442811388363052 -0.454869292433165 -0.0769176430805768 -0.368124085008981
-0.559544874441806 -0.340267511815681 -0.23284344862149 -0.0712878161297757
-0.678411959326819 -0.126851807381214 -0.107717672159327 0.109954675791706
-0.657729154709248 0.133856591052766 0.032465210457768 0.0815992182636603
-0.547702919395837 0.354974836080806 0.0854724835409791 0.0294095220526092
-0.480038810405833 0.371168032236868 0.078514222908787 0.0137829322302832
-0.463086488918923 0.425475068492724 0.0764857383303791 -0.0250312049888844
-0.596568463624014 0.309071719533096 0.130095362088714 -0.0413754914077888
-0.629066724857825 0.088975969993967 0.188522429281786 -0.0460485992944235
-0.611856160113008 -0.132111631650975 0.215115049645566 -0.00132422842781791
-0.519488009241926 -0.288174462862448 0.219649720010658 0.0847714482770755
-0.403241722817191 -0.469707763863947 0.114446637559133 0.205205785520756
-0.350823441949567 -0.648319256204187 0.0460311666669654 0.116941398993783
-0.278379393940585 -0.566884140724458 0.0935765775133726 0.160534855412484
-0.312753929380263 -0.493735429146805 0.138857564008581 -0.108477611675963
-0.432671683566596 -0.449622478990727 -0.0693808577105378 -0.216166034075373
-0.578349137452353 -0.329110943385874 -0.204837621660074 -0.0389806662360904
-0.695666035964765 -0.0872120473771033 -0.21509204119032 0.0686441385227393
-0.650456548245767 0.167909956675676 -0.170202846969645 0.109409708660864
-0.529573937133685 0.358739354280009 -0.13459033187491 0.138488939260507
-0.472546052481214 0.346614004195489 -0.117530367514657 0.167800603805634
-0.464713085021013 0.35817825443431 -0.117462216060537 0.118856586386421
-0.575097534885357 0.210888343480113 -0.0475566874513105 0.0479355223947921
-0.561635589936938 -0.0104339589019289 0.0589388042185753 -0.0343612064409373
-0.493228401684959 -0.18389670374554 0.20769507125392 0.00824780548035373
-0.425662667270391 -0.259062039463269 0.279089594055956 0.191881568540876
-0.370719006475986 -0.417702465825453 0.154341111423763 0.369325893580189
-0.349967414416068 -0.614590947456243 0.0929456787481894 0.320241272416805
-0.230595336415861 -0.43391071241036 0.10616455280989 0.349032082641893
-0.245789244095925 -0.371124454776259 0.137754936562539 0.0752570037031922
-0.345944851254875 -0.350950950464234 -0.0313720645351266 -0.073722013151989
-0.476516921898535 -0.249110813990905 -0.185908632927934 -0.0271012320012033
-0.571401166622199 -0.0376891033072145 -0.335617933497196 0.0532403592036616
-0.529728799764425 0.167068678478457 -0.358663533517575 0.171269287295987
-0.429056961706846 0.305685647278379 -0.325555419107852 0.255786570729514
-0.394487398653392 0.270724800978392 -0.294913496318923 0.294604853625157
-0.397033278253368 0.240128928040736 -0.301955992540887 0.209685168796643
-0.458836332086982 0.0872206256974771 -0.208478083044043 0.0685118324730032
-0.396632282423158 -0.091473857765773 -0.0322636066944457 -0.0718280086255526
-0.298336106943953 -0.18265874005215 0.215738986540124 0.0243874114346477
-0.28601172494449 -0.183774216451678 0.283402398153582 0.309940219486161
-0.29434862878216 -0.318162165816919 0.124109893177168 0.485086769439511
-0.298206964316554 -0.503426458076214 0.125364923619402 0.476818099947965
-0.148810129100691 -0.23624970064293 0.0976877773234765 0.478619469974659
-0.140299977167598 -0.184198766018046 0.151986354966906 0.217683149205345
-0.190733336733248 -0.194246730916562 0.00601786027481722 0.0230031962716092
-0.270758360523796 -0.139892821797232 -0.186683555838093 -0.0251766646124462
-0.343082770747296 -0.0120840609503224 -0.431145071614539 0.0659660761168053
-0.325760984155099 0.11015050031406 -0.484202973066249 0.249607282325032
-0.270492260772942 0.187681229540824 -0.455726361014219 0.35874431450593
-0.259798329784752 0.153932497609671 -0.42757582152739 0.373148338993171
-0.263043478261541 0.105956762097575 -0.447360007210068 0.238863824736218
-0.272832489833486 -0.00821842612805074 -0.320242867444782 0.0290125304904587
-0.194237827846786 -0.109041120239478 -0.0658106512165511 -0.131292871992747
-0.112470551911128 -0.118818122004691 0.227683621825931 0.0549436641867181
-0.149397308877649 -0.0868271078588377 0.22722164126103 0.406784487341429
-0.193227592709066 -0.187138451515961 0.0479295968884949 0.528567228480608
-0.206791456244706 -0.324859475854079 0.143559962545216 0.572407510871438
0.0746989407732681 -0.000233438375617488 -0.189591313446876 -0.547422872026221
0.0703863556450309 -0.0123876357125979 -0.00323944658222349 -0.490705473396954
0.00823219265852485 -0.0331648642081646 -0.136729936860211 -0.459996403094236
-0.0370630888894793 0.0108209772979587 -0.298022970463227 -0.112326697839399
-0.00727272380665311 0.0606459624105015 0.010441212342977 0.210053107602762
0.03624270815068 0.0511158268545296 0.36539924974564 0.0903051669781443
0.0543822470578646 0.0189305131805615 0.515638453751227 -0.180219415819312
0.0677402039522682 -0.00507557880982971 0.516633317408037 -0.378883217285149
0.076491201443421 -0.0118254095413029 0.504679199104699 -0.41227475259349
0.0749902063027441 7.33235799078649E-05 0.501970182245974 -0.335939592010897
0.0678350734638927 0.0428916303261289 0.454436711157479 -0.170660353634332
0.00681966178812936 0.0736893066698256 0.253882565392172 -0.0226238563466079
-0.0341191418652561 0.0234412974810698 0.0440912573352392 -0.0857128802406175
0.0178567940098495 0.0120883457544568 -0.089004131211237 -0.241940894058853
0.0599781855488679 0.0369183165726598 -0.0165151561479896 -0.503336131512595
-0.0436781233264018 -0.22045763240296 -0.135194184992848 -0.524549965126027
-0.0578468167762472 -0.181379938255913 0.0612804467398136 -0.46434709501571
-0.122685553913139 -0.141459238882062 -0.0568204409410049 -0.486836770869726
-0.162408265092261 -0.0760228313648998 -0.269896596355592 -0.14631894119955
-0.181282006935398 -0.00755361549020952 -0.00325420857311642 0.199165963056291
-0.166517217743045 0.0636723001634766 0.349760515039887 0.106008931212331
-0.142433224550734 0.122837075317965 0.511621720501457 -0.14942778409439
-0.117000216194634 0.126132347100152 0.502455527633171 -0.347094432454643
-0.106303886043821 0.154822917188912 0.477319636816673 -0.399258071584555
-0.158942900906705 0.125827863565976 0.480262360031246 -0.329587506503005
-0.182273367078292 0.0773312657496185 0.450043469663097 -0.163891982861724
-0.232628207093512 0.0044875756861132 0.248022965415965 -0.0178047477071346
-0.215234428752932 -0.112358883671511 0.0361340506685073 -0.0784282291733521
-0.111051566528186 -0.18822571571401 -0.0934445829750176 -0.21012476345527
-0.0553453076881228 -0.214352760896672 -0.0377253560333024 -0.439926924492582
-0.151463735858022 -0.422182456769358 -0.0681568863962791 -0.422890251512766
-0.183521415899837 -0.349579695338448 0.117043470055487 -0.430400700150674
-0.254337472231408 -0.259168356490015 -0.0319314643495307 -0.493006257585434
-0.292677860373752 -0.171269478168156 -0.254119193527176 -0.144141439525676
-0.355956817177666 -0.0759824361434371 -0.013629057894968 0.180463472012462
-0.363469467223205 0.06942406590533 0.29509760395746 0.0997568023431828
-0.326050245990836 0.213633164067948 0.433918140071633 -0.109563213174042
-0.283810821969018 0.241389104007854 0.411271825049022 -0.262738089807609
-0.265428738436766 0.301181875532407 0.38777428004911 -0.317703435136499
-0.35897289854475 0.246043851307128 0.406197889068523 -0.267145470656493
-0.401586956260972 0.122352042384033 0.400493031238764 -0.13791509820184
-0.443985381774772 -0.0356199897053287 0.238146493390248 -0.0130579643399311
-0.384475822546442 -0.207012488140329 0.0675234981971055 -0.0455469187112119
-0.245336187466319 -0.343615337878428 -0.0527295044817162 -0.112423637763596
-0.176057649810688 -0.425811345118871 -0.0350740930974663 -0.295690829736861
-0.231811615151228 -0.556916557755552 0.0020005515567494 -0.256712936434691
-0.278420096591783 -0.468746149095737 0.149842886108132 -0.373253468633196
-0.361704394835212 -0.367248782665457 -0.0494302309075956 -0.460126721663829
-0.427327139083429 -0.266564688736071 -0.24318457792544 -0.113979945191965
-0.528951956794721 -0.119604940305163 -0.0395552970384015 0.148252370684043
-0.531775675376417 0.0903253232695378 0.189435376302002 0.0828160391074165
-0.463014567432268 0.28762191337684 0.284100109229476 -0.0532574807482658
-0.406066166441564 0.32207170641079 0.26191248085704 -0.135317479008524
-0.382274832187587 0.390817004007923 0.248473733153214 -0.179102768575562
-0.506252168748773 0.312721368983742 0.286107598486517 -0.159699098679
-0.553894034114895 0.135195788437084 0.308304499502412 -0.0913254741026771
-0.57830137477499 -0.0777053067539804 0.22193286704489 -0.00494965958010355
-0.492486410085763 -0.261715686134208 0.13374351563019 0.00834164057519564
-0.344830515652981 -0.432321437697882 0.026791391323754 0.0310266003910803
-0.276220968659493 -0.566314930207994 -0.00205396581453625 -0.0999852343591348
-0.270312768468207 -0.600201525197337 0.0592421812814004 -0.0561384792130066
-0.318267360199414 -0.513775292725133 0.151364243863935 -0.26824453069245
-0.421132350154216 -0.434160924349465 -0.0735146066352656 -0.360797885682139
-0.531571294179532 -0.327581096334406 -0.223603138262172 -0.0714977675916202
-0.651930655794211 -0.122166036127519 -0.103815114204487 0.104264197615878
-0.632979378036304 0.127215099733853 0.0268139708394424 0.0776611807305329
-0.529384584657793 0.336663601697974 0.0847751891527452 0.0279096669945693
-0.464944477599816 0.355410735444102 0.0785520762397924 0.0141615390290374
-0.447474775941096 0.402180212397772 0.0761305604593852 -0.020117041016456
-0.575421638024045 0.29511904486635 0.130161204996829 -0.038920577228075
-0.607630647629781 0.0852748030571553 0.184896061906136 -0.0455797071886721
-0.587743588503375 -0.1323995278217 0.205626370980814 0.00325518886261607
-0.498387447325919 -0.277591180212934 0.213101642266206 0.0855349764668474
-0.381875299114836 -0.448701787718814 0.107949185228279 0.199016632000303
-0.331640542145316 -0.618603320003498 0.0444332075035437 0.113152064749202
-0.261831556682114 -0.551426344127618 0.0912555244661393 0.149743793877491
-0.299586347821049 -0.475738103008354 0.137224409776265 -0.10809456725565
-0.414642260711237 -0.430450668840594 -0.0652509898654552 -0.214893843438487
-0.55153167591652 -0.318795305046507 -0.19510484243752 -0.0408844651058596
-0.668855930676378 -0.0842587967798015 -0.206932830187207 0.0624628211437053
-0.627912959349966 0.159173897836393 -0.168710507176896 0.103197571419162
-0.513013341148645 0.341060069375974 -0.128187592173274 0.131418339868137
-0.457737748760837 0.332287466996268 -0.111293529852405 0.162114439702436
-0.45002753875139 0.338337931838542 -0.111179016585898 0.117097515073172
-0.55395020745931 0.199679657755584 -0.0424508174043944 0.0461249206040912
-0.540655180463713 -0.0111370088614963 0.0593737163734484 -0.0349694868343608
-0.470404023625692 -0.183100376655583 0.198328004828269 0.0122788872452075
-0.40790846646275 -0.248124415256515 0.27062710337034 0.188483598423812
-0.353737097808471 -0.399755611660123 0.145163287378636 0.35759518921273
-0.329264517670957 -0.586842998454063 0.0862623764068675 0.307559408355659
-0.217982416283378 -0.423733055928015 0.0999615160878907 0.332123842848759
-0.235352300353428 -0.357678499573576 0.133908909171257 0.0670723810455072
-0.332412412724997 -0.337631478115107 -0.0277849371016042 -0.0771504285445197
-0.455922454370735 -0.242596765475633 -0.175852556012381 -0.030143930990892
-0.551056166227662 -0.0362158710136632 -0.324405581765312 0.0468474639386238
-0.512520590976652 0.159902231710346 -0.349127989936363 0.16111916557031
-0.416531074447807 0.28873287842721 -0.314082424252452 0.244329788508626
-0.382559852318385 0.257881071786791 -0.283476820630809 0.284129607938036
-0.382986550392006 0.224918897040941 -0.289779102833901 0.203954692890989
-0.439349587822894 0.0817377347446002 -0.198896268836132 0.0640623420536722
-0.380456198157539 -0.0896656415338892 -0.028504871092586 -0.0713859312024665
-0.282185927658556 -0.177896997929582 0.207755687627881 0.0268241948968866
-0.273027028753773 -0.174510903181515 0.275156735168173 0.301942457274921
-0.282692858643004 -0.304806964890603 0.115847147582501 0.469833526216975
-0.28245239245342 -0.479893447084476 0.114448115336556 0.45925665763918
-0.142640008930469 -0.232400588442208 0.0904140516451283 0.459035485254529
-0.135091560606368 -0.177628487404486 0.146784459526831 0.203252190986259
-0.183748825886771 -0.18556339155862 0.00844836457704679 0.0164256949758959
-0.259140300249938 -0.137341825871319 -0.177581873571789 -0.0286906256284771
-0.33029111148599 -0.0120320255559119 -0.417895007038927 0.0604878620639464
-0.314898866967062 0.105789346806326 -0.472049897827437 0.234725811413247
-0.262231176517826 0.177111636521216 -0.439413903114064 0.341114432204774
-0.250935533401804 0.146757492650009 -0.414462007021795 0.360037832381897
-0.252860961593033 0.0993180897177917 -0.431331652384329 0.230218985825962
-0.261432235222248 -0.0104130731848368 -0.306766746093609 0.0255397512089092
-0.185590359553771 -0.104978953572268 -0.0605372533173213 -0.128881271257976
-0.105881351109013 -0.113877932986093 0.220920741192036 0.0564632625174842
-0.143169828108042 -0.0808909988032521 0.22026461916398 0.39469060945206
-0.184975189497154 -0.18079864727354 0.0392170873002273 0.509214554164764
-0.196835826155523 -0.309565331904898 0.129807305201426 0.550326820460495
0.0739775596224135 0.00315371798088538 -0.172681189251631 -0.55026943482245
0.0725784061046052 -0.0135549083646785 0.0124653246748403 -0.486305812810836
0.00889402958369468 -0.0343503491945977 -0.129411764884438 -0.465419556439372
-0.0373536726468971 0.00976718314114161 -0.301431124761339 -0.120617651631994
-0.00903119602929629 0.0603210990735715 0.00417700129093954 0.209062983242337
0.0366170001421657 0.0517904297119259 0.362585431270409 0.100260057363873
0.0544285783709389 0.0220496541301964 0.516547121094434 -0.169219371586215
0.066967900889189 -0.00314539169838631 0.524160283629885 -0.370810868137836
0.076087377328365 -0.00959978514816017 0.513872262054826 -0.403030657759247
0.073893116052328 0.00260133008377504 0.512679066783272 -0.324601651616176
0.0673088797133234 0.0433385739771514 0.458279886003826 -0.15757599902146
0.00509757485232779 0.0741626025396091 0.25603955250447 -0.0130071562999698
-0.0356310687058487 0.0234960806201236 0.0418505276081209 -0.0806612864924747
0.0198428673811902 0.0115720372348742 -0.0876653167081163 -0.238497404442689
0.0599323986583382 0.035099964483066 -0.00334091590419279 -0.50068996211088
-0.0383297378565411 -0.219813614099237 -0.118141077349903 -0.527511411592613
-0.0529235963439321 -0.184354202110513 0.0778945949430971 -0.457689267333839
-0.119407066997314 -0.142650416951097 -0.0495251670668798 -0.490495033612153
-0.159176831278224 -0.0780251352555494 -0.271924122160884 -0.153457498794301
-0.181361557533194 -0.0100256636326295 -0.00960942877962904 0.198588765130903
-0.166098819153574 0.0607713824328839 0.345547189681237 0.115493392436235
-0.143990598243102 0.12134577470395 0.514595596298296 -0.139090034127667
-0.120992120845421 0.124399714080421 0.509787836480197 -0.339405783524634
-0.109992406323073 0.151858858540039 0.488309070391368 -0.389856252978615
-0.162388160241516 0.123847502425517 0.492940694722683 -0.318573211232835
-0.184072307064825 0.0738734048023922 0.457972650234727 -0.152547677965346
-0.232825611320466 -0.00100889874094122 0.249320945569443 -0.00850771010546727
-0.214309780616301 -0.115112507566709 0.0347484754648701 -0.0731556209330413
-0.1043160171055 -0.190162959592215 -0.09249573009955 -0.207563008426806
-0.0491579952701378 -0.215049593699303 -0.0246799097395 -0.435655505635901
-0.141217587766361 -0.424663497937025 -0.0527851402098732 -0.425183457732167
-0.176274750711572 -0.353322015588884 0.132801868682533 -0.424195749702575
-0.247766680072718 -0.260195287366079 -0.023236010233279 -0.497754777319073
-0.285869375265622 -0.175025137615212 -0.254146496683394 -0.15139768961958
-0.353845643308919 -0.0801216241844782 -0.0189472672051964 0.179328477997683
-0.362747817059891 0.063343326611711 0.290138366295345 0.107294369696017
-0.329084493701142 0.207415264697062 0.436653671943567 -0.101410951340094
-0.290305769628593 0.236809279987245 0.418720189968957 -0.25544904555779
-0.272001157082299 0.294324051219204 0.396659794510028 -0.308638624290029
-0.366388836534722 0.239825163747385 0.417218727446787 -0.259325193933868
-0.404195220601906 0.115623642904403 0.407184057187657 -0.13099633574937
-0.442767106005481 -0.0465373469367269 0.238002734379899 -0.00399411407262171
-0.380321649987356 -0.213953150945397 0.0681374252704235 -0.0395038563378261
-0.234701217938324 -0.347458769190416 -0.0528926035974735 -0.110085381182767
-0.165452818986232 -0.426177597228815 -0.0246280782928392 -0.294761026096036
-0.217362971104427 -0.56155877971656 0.0129497352635393 -0.259571075023764
-0.268057093514525 -0.474188051580085 0.162273609855403 -0.369879315126538
-0.352425704311289 -0.367821247361881 -0.0424602581161795 -0.466557514053195
-0.417041667725592 -0.273097723047249 -0.242103623115254 -0.120488765566766
-0.524568809800094 -0.127802853117381 -0.0429513759106543 0.147212412411816
-0.532535012838362 0.0795293738267404 0.184108214567598 0.0874554550430156
-0.469288617313707 0.275309676546075 0.286906212770015 -0.0472628816586291
-0.414762707293175 0.315178470507184 0.267099598966455 -0.130689125062615
-0.391863858979422 0.379983222438182 0.255467948601227 -0.171745431716718
-0.512604039102821 0.302782193121545 0.294600858367211 -0.15376109191125
-0.55718848673434 0.125575004913862 0.314019615245891 -0.086537062937544
-0.575715311097816 -0.0919195658820927 0.221014421674799 0.00440327778613582
-0.48613519564766 -0.271116104004056 0.133984590813217 0.0147649771312073
-0.332805068429673 -0.438351302241526 0.02413850421587 0.0344299291737882
-0.259172652933877 -0.564714068635515 0.00268634383112398 -0.0993451099242918
-0.256010826677757 -0.608635391729896 0.0633462854112831 -0.059757560080092
-0.307397305879779 -0.518325457620991 0.16075789074094 -0.267907415379145
-0.411468273673164 -0.437290657396316 -0.0669725216061214 -0.367922000188716
-0.520404111841643 -0.33839576596011 -0.22139774826553 -0.0776626690555764
-0.648111708342616 -0.132468055464599 -0.104538686614208 0.100996364326899
-0.634204885796731 0.116229407320913 0.0214866870140809 0.0781039960380565
-0.5368888198654 0.322690094724775 0.0865140577746824 0.0285990833506252
-0.475011336932177 0.345368526697718 0.0813009616590189 0.0158749269691235
-0.456588338430594 0.389421348320873 0.0799520002939831 -0.0151433231237109
-0.581717322115651 0.28339666168843 0.135463347410143 -0.0358105000139696
-0.607809348277836 0.0745210056584886 0.189179231379633 -0.0436526790590025
-0.582120220499443 -0.149954503978205 0.203488359322114 0.0122431092334488
-0.490699057452464 -0.285842254468715 0.212990481202992 0.092719994374834
-0.369115527372021 -0.453246068912137 0.102528400814438 0.202373478859038
-0.313424432820894 -0.617849384960757 0.0425331041881804 0.113782979994747
-0.249471526210801 -0.561450589069292 0.0883957848388301 0.146152301366881
-0.288001218294181 -0.480523020549878 0.141398383769573 -0.110383254248559
-0.403466873666324 -0.433477681399177 -0.0605295423895895 -0.221547469695116
-0.54174117853825 -0.331944811163367 -0.191694450616015 -0.046764490720465
-0.665510346781883 -0.095032662560685 -0.207068402855363 0.0565622236265299
-0.631400915164543 0.147798855505362 -0.17543909080198 0.098870044554498
-0.520802028435299 0.325395275053304 -0.128290680117766 0.127945457194758
-0.465723617698781 0.322960294926005 -0.111688051225155 0.160232876657882
-0.457927555548463 0.324119004428929 -0.110400637736843 0.118533303366081
-0.555448553815729 0.18849432405166 -0.0404611617536929 0.0446041552217038
-0.539597524392444 -0.020603174851379 0.0626288709403961 -0.0361169647697351
-0.463373780398085 -0.19497280209462 0.19684796030426 0.0197645838038805
-0.4022733259337 -0.253712737892314 0.269904977101595 0.195884250715123
-0.342502614124994 -0.403694220418608 0.136054008566677 0.361050496621495
-0.313643289210038 -0.586339698461062 0.0782831350889851 0.309187132954978
-0.209453720245641 -0.431411487414042 0.0906512572029588 0.329430267597181
-0.227778454033308 -0.361811140289605 0.132492300133931 0.064136231529138
-0.324142772772807 -0.339929223263398 -0.0245679831113132 -0.0836017645412226
-0.449407590351135 -0.253572177279028 -0.171812355453231 -0.0368583349238048
-0.550389214533447 -0.0459072692588101 -0.325845355797712 0.0380656518688161
-0.515434180628463 0.150808957648282 -0.358989471280869 0.152987207158135
-0.421621805072255 0.277609807048031 -0.317262013101506 0.236602813696855
-0.388994557404158 0.2521370853399 -0.285759652229004 0.278414220930713
-0.387570875720768 0.213707869326104 -0.291100905628297 0.201433015730254
-0.440593103356349 0.0714531776503477 -0.198040079114266 0.0594682380547683
-0.378029959115914 -0.0961200546465091 -0.0249649062963946 -0.0743218064695549
-0.275987160699177 -0.18415812054955 0.207366575895148 0.0337845439975012
-0.268769496146822 -0.176007902474164 0.272925370543665 0.30922687126957
-0.273803262796196 -0.30759740276733 0.103911420396837 0.470791614035292
-0.269271782064895 -0.480515770190364 0.101938240801123 0.459720618184311
-0.138554559076287 -0.23896786744452 0.0768259577692141 0.457985648958803
-0.132085048059151 -0.179618120115064 0.141327115914539 0.199923645582868
-0.180434729933362 -0.187074610932359 0.0112337110777313 0.0108060132040023
-0.255036901068405 -0.143567806004473 -0.174595676977383 -0.0362701750140391
-0.329961617388544 -0.0181160115927225 -0.421348987644582 0.0493568238969337
-0.317454723330155 0.10092469904258 -0.480835487450819 0.224341965754629
-0.266762887023092 0.169296277499702 -0.448171516863997 0.33128131807189
-0.253815803898331 0.142015355967815 -0.41990747113056 0.352159810682167
-0.255251189327342 0.0913235379099798 -0.432562671878733 0.225319189083219
-0.260156381320848 -0.0166573900695682 -0.306244536447456 0.0187326047460032
-0.181844831739713 -0.108080769481427 -0.0562130763037042 -0.131166163879325
-0.100997218580361 -0.115305600840025 0.221746440976736 0.0631938806811083
-0.140968742609644 -0.080591502732665 0.21700176740169 0.402067137273225
-0.181947541429171 -0.182699743920845 0.0259289671098445 0.509988663779306
-0.189955294276268 -0.309968601677192 0.113812952146328 0.552096630030372
0.0765249286498016 0.0054812729108959 -0.168639969701929 -0.571466222011004
0.0760734655734227 -0.015496685555839 0.0244159775765006 -0.501686108236892
0.00971317458772097 -0.0370408550770673 -0.13417551585382 -0.486624443792434
-0.0392949166965115 0.00868756764226129 -0.31873192965889 -0.129290526816235
-0.0104058509940476 0.0619823631910381 -0.000355588794289188 0.215832893215394
0.0395655316383151 0.0539863157935755 0.375145071122138 0.107459518856926
0.0572279129095572 0.0252863212104166 0.537589574626155 -0.171067740566838
0.0691396121652604 -0.00194480006144286 0.54663514716952 -0.383529359626768
0.0787207539196736 -0.00970489308215429 0.540302829557272 -0.417369013180985
0.0763413454975074 0.00419803720564342 0.537226144878876 -0.333892086984176
0.0696323487666125 0.0447020389565775 0.481480560782733 -0.156863567051561
0.00439237788261717 0.0775987353548903 0.268904324821409 -0.00741806144244315
-0.0383882500923232 0.0252383361111747 0.0405093600813919 -0.0779622863179309
0.0230248007326239 0.0106430405722004 -0.0918745379106089 -0.242705172321326
0.0620679800511386 0.0341389783360765 0.00220810803012878 -0.515965681054646
-0.0375331063416989 -0.227436495580964 -0.1101751198345 -0.54891835867902
-0.0529394138533067 -0.192793055776703 0.0926844369822267 -0.470787790050565
-0.122348577416841 -0.14800675138139 -0.0519130939946227 -0.513215597744473
-0.163309310590726 -0.0818473843133474 -0.286994288331831 -0.16366084989203
-0.18848235503386 -0.0104564332012704 -0.0138458382280232 0.205265185218027
-0.171445407856355 0.0616675240852038 0.356111983094831 0.123923709208514
-0.15026630001132 0.125787687652101 0.53456888050606 -0.14075936765756
-0.127837009148788 0.129667339171288 0.532458944831462 -0.350445656673199
-0.116033075068934 0.155555686639393 0.513201439894373 -0.403376492052286
-0.171065547929926 0.128675488517369 0.519303660192924 -0.32797903538829
-0.192784723432832 0.07608494720453 0.480557500918426 -0.155032529045139
-0.242135016586221 -0.00358197354276277 0.260862513455299 -0.00292079958913121
-0.22291574521272 -0.120726324210873 0.0347612913639907 -0.0700018534106793
-0.103635252719914 -0.198619958802857 -0.0962765844915713 -0.211115687653258
-0.0478008244277528 -0.223877382163172 -0.0198766206075171 -0.451644318784382
-0.140748294925854 -0.441644798993842 -0.0438699089784681 -0.445689641472965
-0.179242882965034 -0.368215971651252 0.148398015642482 -0.436912237803062
-0.254672525343144 -0.268724334676623 -0.0237945765399347 -0.520686561158941
-0.291734014488106 -0.182477230902249 -0.266838566040482 -0.160577797932736
-0.365929865308223 -0.0836871178005596 -0.0222943372793972 0.185388407394396
-0.376727117004839 0.063629070172118 0.297960586485277 0.115527149247512
-0.343762581751613 0.21189060210962 0.455150211882425 -0.100374739898119
-0.304725035996219 0.245353932696763 0.438139600465691 -0.263795519993982
-0.28590580385387 0.300951109047257 0.417599310220105 -0.315700547153798
-0.382638559690138 0.247423787937465 0.439177555864753 -0.266227939000963
-0.422096623947017 0.119327020197904 0.428681377870858 -0.132530246583684
-0.460972563709639 -0.0538549668848308 0.247971129653871 0.00244330461314458
-0.394719437941198 -0.223428529657237 0.0702102815505299 -0.0361682398252779
-0.237613174015079 -0.36112156869106 -0.055567881136721 -0.110821824088375
-0.165700718289916 -0.440768889195653 -0.0202168774384541 -0.30402267589132
-0.219264148908137 -0.584969844009656 0.0204113533884648 -0.274191996440389
-0.273306089741872 -0.493474943259862 0.177199757165545 -0.383341491933477
-0.362272676163241 -0.380112670038918 -0.0427513019542265 -0.489009152781379
-0.426145940002487 -0.285123208769341 -0.252574452064985 -0.128778908342208
-0.541982111373774 -0.133777601212662 -0.0459023384647391 0.152233289334325
-0.552871865333544 0.0808231556192939 0.187406016977267 0.0939420796382581
-0.490098681769913 0.280882477394221 0.300598160470124 -0.0470633864621951
-0.433585651014961 0.325262233379036 0.280893150147326 -0.134642553764892
-0.411903628479623 0.388118405393763 0.270092001914631 -0.173648923776235
-0.536917175352 0.31157534610299 0.311770113556976 -0.157930894708074
-0.579806173526365 0.127669049607214 0.331220592986329 -0.0889735117528076
-0.596231921685849 -0.103818487229927 0.229554988895055 0.0117331705230837
-0.503646307931282 -0.283286529030418 0.140143233123352 0.0201420851888128
-0.336809968029054 -0.454600651778705 0.0234266721575278 0.0378164953908077
-0.262561594642176 -0.585504356661556 0.00511850712044405 -0.101492614450284
-0.258977200271438 -0.636060221355665 0.0685983811316153 -0.067371471456948
-0.312776284648708 -0.539123274166409 0.173149549032992 -0.279885970506182
-0.421497582137947 -0.45214990866873 -0.0682936398435973 -0.38782651788898
-0.53399704604113 -0.356806185721966 -0.227663024566652 -0.0840181928232005
-0.670900550151996 -0.138902534267834 -0.108256671837968 0.102614176654624
-0.660599467112832 0.116338387103201 0.0181643737030254 0.0823994935470997
-0.56073911231827 0.327696821926501 0.0916081733530941 0.0303083714401548
-0.497632792480923 0.356550449698921 0.0878312635631818 0.0170522444877504
-0.479234527333078 0.397235565011541 0.087052423209971 -0.0122163212606152
-0.607489562037452 0.289254015465661 0.145304890566461 -0.0371143100860276
-0.631965416514063 0.0719112403878224 0.199985227535636 -0.0455247420042169
-0.603466065645648 -0.162779814918799 0.211065604681117 0.0196199980357639
-0.507482553241693 -0.296583386020458 0.222662891563731 0.100783117702436
-0.376215294361326 -0.470836983637474 0.103650994993633 0.212591923027913
-0.316471682983854 -0.638342659951632 0.0431567972674231 0.119332190576134
-0.253129132768599 -0.586509558682062 0.0897987922166427 0.147348378261926
-0.294712311858691 -0.500344721536497 0.14885270790561 -0.118072607832734
-0.413907958971338 -0.448617740328281 -0.0607848075844444 -0.236507810734715
-0.557205420242388 -0.350104997821334 -0.194981432150548 -0.0534518019634567
-0.689993799924128 -0.102586037731692 -0.213840255298206 0.0555627658424694
-0.655150933205603 0.151428252305235 -0.187165744752901 0.101848638848199
-0.545879088040238 0.332255803427895 -0.133630472300713 0.131594660072941
-0.486580904111702 0.332057026825592 -0.113474104189494 0.165166881594894
-0.479118671334303 0.329473588227353 -0.112249685269482 0.125228720674844
-0.579845561028932 0.18994362480101 -0.0388415067664676 0.0445406965216997
-0.559110830782475 -0.026499652809858 0.0680425044897751 -0.0390943263421719
-0.477224963159329 -0.208378105527403 0.205171391088926 0.0266537463435336
-0.412491404830052 -0.262168370852239 0.28229487181649 0.206461560952388
-0.348933395924415 -0.419052872134728 0.136909243252295 0.376337814815838
-0.317465478385991 -0.6075036645069 0.0759641701305312 0.32253325676467
-0.213427525590727 -0.452947588217952 0.0883360518091328 0.339586241015631
-0.233597282462822 -0.376090318014638 0.135863083677255 0.062217889307103
-0.333827889997884 -0.353076190691572 -0.0233688806392286 -0.0928384915617598
-0.463836779065541 -0.267309117011298 -0.174522530671511 -0.045210080925359
-0.570485138446006 -0.0501177714411524 -0.338070598421003 0.0344803929286221
-0.53820123002813 0.154916463678631 -0.378367594849402 0.156962791203672
-0.443649226054197 0.282126986315248 -0.330728434271086 0.243370428392044
-0.405681012691879 0.258134601865769 -0.297630405276347 0.286918230799264
-0.405638356554257 0.216275422901106 -0.301027865421632 0.209422955089846
-0.457628907361147 0.069356222525841 -0.204148428947202 0.059115477633229
-0.389391284899637 -0.10322556801311 -0.0230318579365101 -0.0792913957549445
-0.282334982913068 -0.194834467372142 0.217546260735183 0.0396291515230759
-0.275857348281278 -0.180497036351039 0.284836926595434 0.323546344699083
-0.28101232071604 -0.31755838314893 0.10124861979843 0.490150151285325
-0.272691834727501 -0.49648182730662 0.098176072076618 0.479850818098157
-0.142783685963401 -0.252341209502958 0.0725149911709641 0.4745723264754
-0.135897787718161 -0.186385849120485 0.142470697951695 0.203257709903588
-0.185925393307947 -0.193820896837401 0.0144433414960484 0.00463046260697667
-0.263865773682537 -0.153522921786515 -0.177871867857714 -0.0448430448926148
-0.343258956563035 -0.0206507416145069 -0.440060811760893 0.0466280513712212
-0.331713154039983 0.103754563602201 -0.507276758497002 0.230547114755639
-0.280329229463569 0.171254700575333 -0.468282645349306 0.340255929709674
-0.264919220640838 0.144906166663149 -0.437030033993849 0.364170760138935
-0.26679176309847 0.0912462609652218 -0.447355866857498 0.233232605707793
-0.269058249079558 -0.020017753453396 -0.316121159440824 0.0159623943520891
-0.185707409893217 -0.113340498978871 -0.055268499862502 -0.138791794734975
-0.102022698887032 -0.119890920966609 0.233568293703323 0.0700140384354899
-0.145255190928686 -0.0809586965516427 0.224796311172575 0.418845990061991
-0.187497629307699 -0.189087099595271 0.0206620551163817 0.52965756701954
-0.192163970395755 -0.320956723362315 0.108559766684053 0.574817269835064
0.0811541327714638 0.00521130918233615 -0.1890787698845 -0.602242627897057
0.0808416362442656 -0.0208314581551961 0.0179536661198005 -0.52971818845126
0.00922749917348997 -0.0408381825092699 -0.162762605920389 -0.511637832772388
-0.0418048877355444 0.00983825069329064 -0.349477796141038 -0.126207693134302
-0.00941507511729435 0.0660183706804593 0.00295892388703721 0.228154475871338
0.0452569506132528 0.054592014806006 0.40017331513493 0.103107419642209
0.0631110549110314 0.0266158173819733 0.562494963811142 -0.197763293616049
0.073042282479363 -0.00273959145830383 0.564916701328037 -0.425926462014579
0.0832004497016544 -0.0126932369363198 0.560696915814754 -0.461123796293662
0.080149392731587 0.0030189432513889 0.563978506732166 -0.369704996412682
0.0751793583519001 0.044091202566864 0.508547694009067 -0.178992309635504
0.00663580485244749 0.0821237532478854 0.286920376276298 -0.012131971338184
-0.0409126925285638 0.0288260037943474 0.037647388028923 -0.0786693876670929
0.0267758308599039 0.0078951525265518 -0.10750082285609 -0.247000712278029
0.0661164310881764 0.0304205548802138 -0.0100817322803381 -0.544024159086074
-0.0456710352746474 -0.238042025704499 -0.126303561888376 -0.580252553891576
-0.0620108001484379 -0.203632478810504 0.0898464728444852 -0.499410580809453
-0.134418194726542 -0.152060779815661 -0.0739544390711424 -0.542166854615023
-0.173877298502983 -0.0813365900115865 -0.315403298589521 -0.164123987928423
-0.199686447420374 -0.00384538705193889 -0.0110225925949589 0.217505400280201
-0.177963483364274 0.0706952791548923 0.379780853109858 0.121120914225161
-0.154398418679352 0.138589873953011 0.56535100580616 -0.165370495730745
-0.132533097144498 0.143495032699676 0.553570229266633 -0.389593144059662
-0.119038231768626 0.167807284426074 0.53231104229296 -0.442814625594363
-0.17809640021995 0.143772392519736 0.544279876850274 -0.364586096328487
-0.201865381590525 0.0866887644411459 0.509140901923844 -0.178299451257459
-0.258093408138797 0.00224559847125481 0.277629755456563 -0.00583442349172203
-0.240815601099951 -0.119342808604304 0.0328508677171114 -0.0699786478750153
-0.113288261691174 -0.208763202176696 -0.110551066861143 -0.214224490010633
-0.0570113704945534 -0.236539847044937 -0.0316994851825239 -0.475094661165323
-0.161313081088226 -0.461319410839324 -0.0545078286241795 -0.473112423900487
-0.202016942190326 -0.383565891935084 0.151654036340588 -0.466515064046494
-0.278115610714714 -0.272939534069828 -0.0455543772736186 -0.553982872526437
-0.311615748844445 -0.183124250139636 -0.292522197561915 -0.162821132708072
-0.389308301776314 -0.0740017481377722 -0.0188069704551778 0.197050516851382
-0.395037282880739 0.08044645642712 0.317417896808881 0.114481752135159
-0.357345377224389 0.234094264676206 0.482324407170304 -0.122279581992897
-0.317268114980623 0.2711843774799 0.456401888058218 -0.29526119142841
-0.293791990088849 0.327677631519624 0.434909735624178 -0.348926061699184
-0.39938715043557 0.275960444937584 0.4644407605087 -0.298258129076514
-0.443352043143737 0.140791668910231 0.455617992462878 -0.155358668194914
-0.490828230302512 -0.0454700565958167 0.264105754771305 0.00105428049121182
-0.427266944705928 -0.222995857942545 0.0726797375503314 -0.0348310390412971
-0.258051675199372 -0.377045096142638 -0.0645521708497373 -0.110905893131499
-0.185328034129133 -0.460507888436238 -0.0281935301877684 -0.320083098274337
-0.24894362184211 -0.613375398751093 0.0174002492381032 -0.297220898426594
-0.305642536988539 -0.511397079148374 0.182490531893081 -0.412465331736822
-0.393754800029305 -0.386706383839115 -0.0642743305091005 -0.52005715529093
-0.457135406541878 -0.288995852024811 -0.273067627112782 -0.130604694748164
-0.577548461664071 -0.121129162527903 -0.0432602236097469 0.16143231812321
-0.582003968047032 0.10481232207671 0.199073458428427 0.0955238114771566
-0.510550035132705 0.311699577186864 0.319745691803466 -0.0595129975899636
-0.450398274897515 0.36018946220042 0.296045419932201 -0.153283603874673
-0.425168402583206 0.423111260555132 0.284767815235349 -0.191834837384066
-0.558698901446667 0.348257650674923 0.330549404516598 -0.178941181288154
-0.611677049089866 0.154408309148287 0.352830324072252 -0.106178811664093
-0.638039265436442 -0.0950120554888316 0.244056619685775 0.0121545359820698
-0.542509673131483 -0.281919844129475 0.149926551514599 0.0209624204074975
-0.366517300693736 -0.471041236606111 0.0240998226500694 0.0427483884602077
-0.289845822710571 -0.607030093610873 0.00414919076725407 -0.106929078002372
-0.291094846320517 -0.666055411840606 0.0715435911011587 -0.0791911269533794
-0.346993467950924 -0.560880833568804 0.178107451074322 -0.304873213725886
-0.459195874006654 -0.459400890919716 -0.0867554862285699 -0.414861444324972
-0.573198180821298 -0.360440576915409 -0.24377150862335 -0.0862090710925855
-0.713063482656022 -0.123722713207489 -0.109839846814407 0.111072483941399
-0.694684341085934 0.147365682289893 0.0185482064111563 0.0884764143350358
-0.585933111794275 0.361885729563736 0.100709779538629 0.0288624829496203
-0.516575377769292 0.393921509068612 0.0966526777201673 0.0141152694183287
-0.497240557657845 0.433261676343972 0.0961892764370389 -0.0137999485990718
-0.634227657698666 0.326259539632728 0.156882354925702 -0.0453292117715679
-0.667116226278092 0.0974390090210129 0.214483299144719 -0.0570791735604918
-0.644479209656028 -0.158276705229588 0.225220525678484 0.0209850282460582
-0.545027169448467 -0.295706404575803 0.241171947363666 0.101438583867867
-0.409753760728788 -0.484506170327974 0.114524787724447 0.223564105424345
-0.347272713442432 -0.661992526666197 0.0488957948799979 0.126499565655535
-0.285929811826762 -0.617072792091284 0.097802976377239 0.14838933927241
-0.327439800679886 -0.520068996703069 0.154366928968927 -0.132986894019534
-0.451086848716899 -0.458024102530759 -0.0729709917855136 -0.255781692215821
-0.598888902038738 -0.35669559325673 -0.205942053746616 -0.0557658930318409
-0.732764738776312 -0.0840058434999907 -0.224214985601044 0.0632725544141942
-0.690651634600235 0.183477866029685 -0.198268989075553 0.115299458255806
-0.569743803879347 0.365604931717828 -0.135374974957064 0.14390579476982
-0.50529529023345 0.368709576913835 -0.111760692784881 0.177777582863186
-0.499320037042988 0.36207432527113 -0.110029442255248 0.139380726726858
-0.608676413050838 0.219331061754081 -0.0371113306666778 0.0474959587323793
-0.592732353579805 -0.0100523101709571 0.0736532143550984 -0.0460142110316147
-0.51209713577476 -0.209482418723244 0.219910405111324 0.0262609471456256
-0.444779031780842 -0.260402453956601 0.308593806243465 0.210901333249277
-0.378977614598391 -0.429285835323822 0.154416722945762 0.395198500764362
-0.349994647697033 -0.628262241189956 0.0889264236871748 0.341040298900836
-0.241150303556692 -0.476353052349013 0.100760878876906 0.354535481866708
-0.258820111544893 -0.389632221657656 0.144451586484579 0.0577977842454338
-0.364446820036665 -0.361555026126202 -0.0265058733634787 -0.105012618891125
-0.499649604660134 -0.272621103593386 -0.183637875166987 -0.0486779822185509
-0.60525994414532 -0.0328690611392906 -0.357709266112529 0.0446477271661813
-0.564763435034777 0.183556590208415 -0.400190657137109 0.179679283857627
-0.463708640768278 0.310709707650206 -0.34350742474314 0.268729029443917
-0.421504011909198 0.287008022616833 -0.302667316162921 0.313010619300203
-0.425230711467818 0.239247437815838 -0.30780630481787 0.235001966209239
-0.481367462755576 0.0854581275180404 -0.212593404939945 0.0675719805874593
-0.414127247721424 -0.0966892097804192 -0.0249476973121566 -0.086473722877471
-0.303778933698382 -0.198663790340985 0.234914780943822 0.038253791819404
-0.297061115845425 -0.177709062522629 0.316542100976726 0.334137757209105
-0.305635241378047 -0.324677032522162 0.119575686477165 0.514703788830094
-0.300239242582929 -0.513685622897897 0.114159626829218 0.506143599362006
-0.162190499665454 -0.265899329800022 0.0859147420608706 0.499757723010237
-0.149398441759975 -0.192564798853618 0.154608986074465 0.206868373516361
-0.202852504192463 -0.196662513025043 0.0173332962614285 -0.00288944597779443
-0.285443076303474 -0.157397339173457 -0.187838484448635 -0.0494832239652492
-0.364226961506057 -0.0110142749534791 -0.468280250444245 0.0610772076186981
-0.348525760786329 0.122900186632762 -0.537200337468147 0.260663699755478
-0.293111692383057 0.188949811109692 -0.487411537178129 0.376174259738544
-0.27474874736076 0.16310453861881 -0.449049306705936 0.398298864690238
-0.280549225006197 0.102805926353089 -0.463723951347055 0.265739349317532
-0.285219061140866 -0.0133870240853755 -0.33351639564732 0.0263532590199711
-0.198522759053611 -0.114685524501578 -0.0612892975142043 -0.146623469099593
-0.110819077806045 -0.123390006620811 0.255546644258294 0.0683637435057747
-0.155455735800251 -0.0771240479624524 0.256590960287168 0.438160457199944
-0.204141221765846 -0.19239187808248 0.0353277425500479 0.560096860934417
-0.210377553441447 -0.331947951267642 0.127906892073144 0.60690250102864
0.069090879902115 0.0156600616282048 -0.0908776577986325 -0.642508288896127
0.0784577108382628 -0.0128960221604071 0.105145258575055 -0.545949531407076
0.00837600863838772 -0.0426581776232177 -0.0960176139224621 -0.555566167597971
-0.0477745346910645 0.00853019471721557 -0.357167496787824 -0.184060261483695
-0.0166181847260354 0.0664551317465805 -0.0338616009191606 0.241360583151074
0.0424777808651601 0.0590490293628713 0.402999618310669 0.165942506226246
0.0632101106075616 0.0368832824262614 0.620381911524142 -0.120003510295785
0.077598729254347 0.00639074528311357 0.652229115593152 -0.362050855546497
0.0878043076631984 0.00161047998257188 0.654774823208509 -0.404431203154772
0.0851157326902303 0.0151125849565106 0.642579518740549 -0.305476989121636
0.0743789284183301 0.0599010013785555 0.554896030195077 -0.111734208325769
-0.00246793836964358 0.0890348827243383 0.298562975433463 0.0300269931847175
-0.0482049249223788 0.0228884256848654 0.048910660211875 -0.0713135496720393
0.028209128407348 0.00592030378019801 -0.0771888873762814 -0.262607234081288
0.062924547629652 0.0357516906007829 0.0804999298540691 -0.565787950598099
-0.0167238162301005 -0.255032002817066 -0.0338196480028531 -0.62527404487542
-0.0378070681873802 -0.21996322546714 0.17345570781936 -0.508729959393495
-0.118417210474664 -0.178179773429955 -0.0105003629921267 -0.580293191486587
-0.166306375832566 -0.103147392986703 -0.32055724405783 -0.228724098546631
-0.198631821142484 -0.0333806859433794 -0.0574296940040595 0.225202004642967
-0.19018311010686 0.0396556482323264 0.372076898865955 0.18336139562927
-0.177040341917949 0.11676238258542 0.610051279862333 -0.0917774043771405
-0.16235267234476 0.119623558403907 0.636058518448378 -0.326137259000476
-0.151973412415559 0.153137550120807 0.624798001906257 -0.3940015300575
-0.207356954409053 0.11813882733519 0.625620688730337 -0.308670561499224
-0.224166613434412 0.0517368659175186 0.56509969222837 -0.116958065093788
-0.266777522210961 -0.0377252066530106 0.30537821917846 0.0344309047318205
-0.227820316683276 -0.169913312756457 0.048621033416808 -0.0577152914441239
-0.0778214893169899 -0.243289994274638 -0.0796620766417491 -0.220926592125248
-0.0176432533042147 -0.269600280666737 0.0471860054176751 -0.482378812364125
-0.0936879060590494 -0.501975491224906 0.0209298640903801 -0.516641712413229
-0.148811124478262 -0.424071742740063 0.22556485350467 -0.473194256169436
-0.243592617675173 -0.321650466356477 0.0140317237885105 -0.596631039151752
-0.288385412953844 -0.226036332937822 -0.300574645266989 -0.234457559006035
-0.379110914603783 -0.134555082356789 -0.0715142776560545 0.201410084296031
-0.415349267407083 0.0137216199223538 0.302141035502937 0.166751893432255
-0.401433879968334 0.181526700165172 0.510239797547537 -0.0605003516637112
-0.376934509379532 0.219503843161197 0.520370826178354 -0.242191332235646
-0.361028363185088 0.285974398508198 0.510431553030594 -0.313214341536943
-0.45949969490635 0.218498634309052 0.532088685274112 -0.258460402753949
-0.487640891952455 0.0619512714336783 0.515464025052706 -0.102394556827304
-0.503065176767183 -0.127796112831549 0.304153529148856 0.0386462997097706
-0.400827489074504 -0.310673273856954 0.0905142180921765 -0.0135457032737794
-0.198299916386649 -0.440975951066255 -0.0405494787064347 -0.10099054804604
-0.110833717051801 -0.530329758973628 0.0259262852329277 -0.307035531853329
-0.15372749083121 -0.66888939182113 0.0617053718770391 -0.332373089968688
-0.231824462606424 -0.568376011654321 0.246224994527638 -0.418665836516454
-0.34218970153048 -0.453540757768025 -0.0160027462232481 -0.57441426837755
-0.417887829338006 -0.355073785123544 -0.290927733755769 -0.209204152450185
-0.563350002641879 -0.212781713649267 -0.10090807501507 0.159354934017836
-0.612083440469466 0.0118927625492157 0.175731431007239 0.130387960267996
-0.571603900407514 0.237607936933299 0.326368317277643 -0.0216089370354566
-0.534952289849831 0.285824524081713 0.333306964709906 -0.116260104870002
-0.511986122690882 0.362340532830165 0.330956721057958 -0.170919949802956
-0.638558367479952 0.266870890559026 0.37862633496944 -0.156792364466236
-0.665230994677312 0.0453221444387558 0.407521958269616 -0.0677020427236155
-0.648374126431085 -0.2022531121327 0.29129637706276 0.0471409591400817
-0.508238473575661 -0.393444296607675 0.166504393328858 0.05618642328494
-0.293449852825151 -0.556031219965792 0.0315815098244697 0.0730831340668648
-0.19467797575084 -0.701395369851517 0.0244545619967284 -0.0711440534123921
-0.183706643612702 -0.729734758080002 0.0796919882170518 -0.103842865800732
-0.267086927018959 -0.624590553370536 0.222178295644946 -0.309222007289446
-0.392325470400222 -0.538635337054086 -0.058893265453341 -0.474149197050148
-0.523822191351453 -0.448067467397475 -0.270772685186339 -0.167271082127508
-0.700618911296891 -0.238663338525822 -0.169956862684436 0.0967403112011227
-0.739031148588709 0.0395230669996302 -0.0140294418258315 0.097878238223276
-0.657849188691693 0.278014602551234 0.0794180326085917 0.0389644109469364
-0.608129592132915 0.311068663936109 0.100266960660604 0.0272727145344959
-0.588174095808147 0.360328932916348 0.110064902303219 -0.0113134529552765
-0.714868328807579 0.231596559097872 0.179458242830218 -0.0427660214861958
-0.714014124083356 -0.0267175517412571 0.258305007322088 -0.0337927092092914
-0.645108941159091 -0.271453344671248 0.272764314974545 0.0567307417436104
-0.506669513926425 -0.405242485066402 0.251080047693877 0.152290039445291
-0.334595498724438 -0.571635982095448 0.0997016594652432 0.27182038936963
-0.243667008586725 -0.769586459734769 0.0312755799834926 0.183085614627717
-0.182675251859554 -0.678996527716886 0.0689246470388512 0.136541527387545
-0.250132656268572 -0.579812913972616 0.170663771237243 -0.134154174925792
-0.385076791543886 -0.534425167215536 -0.0661647935546767 -0.309165200630037
-0.553078797555045 -0.448007671039706 -0.235774772041988 -0.133125782875517
-0.729836709163211 -0.199212281063206 -0.282461368443677 0.0326579791590899
-0.743079134115022 0.0799223426686102 -0.245878112554409 0.0950424084110909
-0.644038457739183 0.283957547487566 -0.186213059356363 0.125456841747385
-0.593237130865261 0.286545052568251 -0.142011202438831 0.1669762025835
-0.578685036180988 0.286294893365702 -0.126808866235044 0.120995151018151
-0.66969148926094 0.124880959263718 -0.0356100651656071 0.0293482391939998
-0.616176788020601 -0.12441235537131 0.107623578347179 -0.0386654902677628
-0.497592579520041 -0.302403835370637 0.260405392720438 0.0657156730015927
-0.408395021582812 -0.346827835037636 0.303871494501053 0.271417846917224
-0.314566379513301 -0.506206450392111 0.113553128135207 0.450289823244261
-0.24991922280952 -0.730743089207714 0.0360489441284283 0.411107438400346
-0.159068713736466 -0.525677379943851 0.0393884914263981 0.354457503415776
-0.198061059732638 -0.436401365780726 0.132731510938122 0.0657128915629066
-0.310537272686594 -0.423083261792257 -0.0335089938438597 -0.141869816019793
-0.465044984652428 -0.349000260090928 -0.207743117939295 -0.115377065726629
-0.610948271121589 -0.125634925171943 -0.412930065073735 -0.00392338747093948
-0.613106228429489 0.103075876675659 -0.463416605105427 0.133298287477558
-0.527954300639535 0.244489664176419 -0.419907158409926 0.227079881500911
-0.490098042489696 0.219862961970426 -0.361283629667977 0.281345512890757
-0.481441786591386 0.173008656155661 -0.347214425068672 0.195729034288079
-0.51652687780288 0.00747742929640401 -0.222844521203528 0.0304138597300254
-0.411979181174829 -0.182357443066781 0.00361318828471538 -0.0911134076474676
-0.281230809624719 -0.253948475041621 0.264057076909439 0.0820001074777414
-0.273346743167962 -0.230578107592613 0.291278238424946 0.398335535795183
-0.259907427362003 -0.382282094147063 0.056603560218953 0.563558506774451
-0.219525054029062 -0.600237711996902 0.0318914502028057 0.581268372441758
-0.113655236160742 -0.294794511822971 0.00254449248404133 0.511496344825508
-0.11616763901623 -0.219120583326223 0.123859237476522 0.226707001981487
-0.173020254259676 -0.231885427987385 0.00787249346744559 -0.0206794120127662
-0.266916092909024 -0.201569859282244 -0.201882872251898 -0.105306111225985
-0.368879331124911 -0.0608111940420561 -0.517567430793758 -0.00389996832136429
-0.381802174315175 0.0784320036416433 -0.612725869949376 0.1973670336695
-0.334312865882236 0.148460767763081 -0.5808881764083 0.322901667483798
-0.315839334658228 0.12039322577982 -0.528702434457895 0.348744817173022
-0.30828695797399 0.0570271355962252 -0.517417000490096 0.208567513319118
-0.29494579775387 -0.0629615351382726 -0.345133767417832 -0.0242775850520453
-0.184210975140877 -0.160208490553866 -0.0334873779135001 -0.158396404461091
-0.0916440224583003 -0.142641551460103 0.27030278116719 0.11495647416725
-0.147273763155956 -0.0989124686266292 0.211945949423792 0.492935614888437
-0.18166230990254 -0.226896342835075 -0.0429959329025563 0.589121193852544
-0.158780575561578 -0.38697855178845 0.030089908162301 0.674842337454933
0.0712720016319351 0.0102294404983983 -0.143604122591825 -0.6386836272215
0.0780856917562393 -0.0220369467289835 0.0611022075468572 -0.555161892109772
0.00451098983716118 -0.0448288104663968 -0.151183496869252 -0.545985384553172
-0.047498559868658 0.0116560774661372 -0.380309805411329 -0.147419888092727
-0.0113475497735176 0.0681699743098218 -0.016089986721209 0.242856519985138
0.048696643634778 0.0540140001772607 0.416557452777127 0.127164008840221
0.0681106956095581 0.0317947969917531 0.606844141799429 -0.183131448511796
0.0781550561479808 0.000494871357539815 0.615064275845301 -0.425541318677055
0.0872915015457745 -0.00710260906951758 0.617538230647363 -0.470069191940517
0.086531387955363 0.00829823437222417 0.616912532764978 -0.36760715463669
0.0800823729509092 0.0522300451459056 0.549024444250493 -0.161470012525036
0.00549163130977298 0.089716292324753 0.305615264553675 0.00552565771901027
-0.0465391404542995 0.0288781321337365 0.0401782028207323 -0.0699845206387027
0.0299276667464386 -5.72141860727278E-05 -0.102398948828319 -0.246821537813468
0.0647845275338471 0.026939430580994 0.0304469578118062 -0.57054622174663
-0.0395687699381408 -0.251585864034196 -0.087014585489088 -0.62679753456858
-0.0569280440420221 -0.216430163746137 0.131308687979365 -0.525098676656283
-0.134132827859615 -0.164542501493963 -0.0683747093921267 -0.580001440313715
-0.174758319749901 -0.0873432797669507 -0.347209692116193 -0.196797514012211
-0.201220102083732 -0.0131806107462683 -0.0387613315525551 0.229783501896805
-0.18528296846335 0.0578311343794652 0.387423091983295 0.147779319373306
-0.165416274170591 0.134047276467079 0.602718154830792 -0.150391091534865
-0.151900773313961 0.137074847651342 0.603360541153636 -0.386653381384474
-0.138286011647184 0.167634049537801 0.588175969706201 -0.45450485932824
-0.197036624178684 0.139905989913724 0.599550362146723 -0.37087068770846
-0.219338120537875 0.0731804648697824 0.559888788505469 -0.169695815268985
-0.271553647110806 -0.0140274654475114 0.311889252981804 0.0110974411398382
-0.244939970701624 -0.146225190429612 0.0417975895435126 -0.0573618506998648
-0.0985429594680957 -0.238888719179022 -0.101304873796843 -0.206422425389297
-0.0426163006791179 -0.268561498432575 0.00494955170187038 -0.484399230185021
-0.140031904669553 -0.491922619895409 -0.0234594896262845 -0.523006414245681
-0.188033894408504 -0.406463536074694 0.18889848739561 -0.494003642248499
-0.273204144475308 -0.294956172935253 -0.0458913987292224 -0.598403683102785
-0.307584590534473 -0.198562641846848 -0.327991330578761 -0.206641647868236
-0.390358674679048 -0.095681576765196 -0.053964845485314 0.206534421292424
-0.412131445727071 0.0551860310562757 0.314642264540046 0.139673972254632
-0.38500258724985 0.220473300166391 0.506782111031569 -0.110491419263025
-0.357675992631644 0.256822002401864 0.499103232236979 -0.292574294061303
-0.334777480438684 0.320563179068784 0.482902533279331 -0.360235254201919
-0.439496283539165 0.265359035726115 0.512995833950557 -0.311544918765046
-0.481848949500098 0.109055371830613 0.510163985353316 -0.153105955525141
-0.518114641011557 -0.0831382851832391 0.311091143012921 0.016500356280514
-0.430027900409131 -0.271349207835728 0.0893001270809455 -0.0176486322474152
-0.235501837828066 -0.424256821693593 -0.0522899080907656 -0.0917833379748043
-0.158941529249345 -0.518243338225078 -0.000534862353481126 -0.306728045726065
-0.214405023133682 -0.655299517651691 0.0334546307316942 -0.34390555685644
-0.283373478278789 -0.543527082630304 0.212954352955787 -0.44284794264038
-0.383533188444955 -0.415336875523472 -0.0745188633032231 -0.575063927063275
-0.448354951184173 -0.316482290754074 -0.314229143333508 -0.185029775316008
-0.578995050055375 -0.157335094950529 -0.0859718009761609 0.167603519637115
-0.609941405135268 0.0719299509489095 0.185710509556477 0.116185302754665
-0.551405926497568 0.290412229186097 0.326216574324234 -0.0547213703041624
-0.50712669671768 0.338671841708368 0.323262194940674 -0.151052522895259
-0.478734817776072 0.409578984906672 0.319040521039874 -0.202658860729133
-0.61528085913581 0.329259904522652 0.36728151012873 -0.194554952092021
-0.661334318009429 0.107195578569673 0.404822527499235 -0.109540138710603
-0.66924646399799 -0.144727156268038 0.29937635656632 0.0265020497772096
-0.545367437993875 -0.341090253839991 0.172453315371491 0.0433509808189993
-0.340820721842573 -0.528167826204418 0.0361743158377827 0.074488980730322
-0.25633991165728 -0.680276792537953 0.0191995888650168 -0.0711285559856655
-0.252056467823867 -0.713412564448589 0.0697151393046101 -0.115702988388227
-0.322578769902662 -0.595126181114871 0.196726234540426 -0.332443960534268
-0.441328054874283 -0.495119317637939 -0.107207945535411 -0.47317401382284
-0.565385355199571 -0.39974747107825 -0.288459892267273 -0.147528415140871
-0.721170142178826 -0.170062961351147 -0.158920533477786 0.110567042133887
-0.733134916870786 0.110275932783067 -0.00680334210423996 0.101770665786322
-0.634100211677109 0.337327977447572 0.0853640089045194 0.0299570225873046
-0.578915213635777 0.368370410542128 0.104865448584478 0.0153864301251841
-0.556083296194095 0.414049937998645 0.114528700693329 -0.0219016886290222
-0.692986843351301 0.300376501044817 0.177799650298875 -0.0618495096139238
-0.716906491465712 0.0402470052874982 0.258678863898084 -0.062506872124044
-0.672112456505729 -0.213056510762878 0.281691637234762 0.0366889385215155
-0.543848653064222 -0.354485542191615 0.266984395781662 0.129676536489593
-0.383079825630578 -0.541128601006532 0.122069504269848 0.264851182632781
-0.313698314575175 -0.741820505669132 0.049037174505749 0.182775124392784
-0.247258785754552 -0.662030442371862 0.0794934540838027 0.126345902881799
-0.301775295548074 -0.553086793018981 0.159556473529777 -0.153191109905048
-0.433401450456936 -0.492505212383554 -0.0981477465428365 -0.308915887052081
-0.594040209463031 -0.395694690518126 -0.250059452565851 -0.118163156377719
-0.747105125670073 -0.128471728766067 -0.278392020914028 0.0561787026277428
-0.731379794185331 0.153099852762749 -0.238832105005748 0.121224197808971
-0.619533743505672 0.345197393881421 -0.172807954262892 0.142083969175519
-0.565768437838256 0.342851435061434 -0.123344871623294 0.178080555962642
-0.553537802217054 0.339583694159702 -0.10905050129753 0.134113131717386
-0.658552573106427 0.187567174741888 -0.0314182018634351 0.0314489196325515
-0.62709975190535 -0.0681371143936386 0.106539143358736 -0.0527298816524054
-0.526067870376113 -0.257557642601723 0.270512689006292 0.0449963786215349
-0.438551342639574 -0.302867207066008 0.332012055484794 0.243043813884471
-0.358102718347787 -0.474224570421912 0.152053945644172 0.44048640789208
-0.314829455272075 -0.704398058776639 0.0721668771788207 0.410597021427214
-0.210951964834137 -0.511989274666113 0.0696012855367617 0.349789236557931
-0.237000104885553 -0.416571176062142 0.13810424495912 0.0509147993520774
-0.349407991641571 -0.388838517532409 -0.0489065489747608 -0.146256948167426
-0.500021556422596 -0.308921026193353 -0.219548058961594 -0.104844408978198
-0.621095745009576 -0.0664238845064467 -0.414144835896635 0.0316178165231246
-0.602180538770726 0.164024876551231 -0.454795894326338 0.179647974116453
-0.508473139186348 0.295078776906792 -0.398406436682547 0.267545277850218
-0.469838184238102 0.265314412038735 -0.332426211699725 0.313417460716772
-0.467444522213783 0.216492199722153 -0.322622553692564 0.229617134149157
-0.515982487849443 0.0559935338080166 -0.218465738855987 0.050975400963836
-0.429211631758636 -0.145387209620578 -0.00327174539081128 -0.0949000223211176
-0.3034251269658 -0.228298497305375 0.276543538204088 0.0583636881102248
-0.291946106421928 -0.19893833074174 0.331650991274983 0.368891891662318
-0.293125497322453 -0.355932183511314 0.104586886262789 0.558162336384892
-0.272617076165856 -0.577339104081998 0.0832538869173925 0.580911187897385
-0.144078978157812 -0.285230317466986 0.0476485092040682 0.5125065536259
-0.135073412476603 -0.208205873193529 0.142645133390166 0.212077645541322
-0.194374401641546 -0.211975547122653 0.00570142012573667 -0.0302585163144602
-0.288481505813287 -0.177930297404226 -0.212946668948778 -0.0951640234730707
-0.375308792239193 -0.0263263484533832 -0.521703628994829 0.0442318891992043
-0.3731210586048 0.11711675614894 -0.597329721276069 0.257488780849363
-0.322744815423623 0.180185957617409 -0.552369383727487 0.378096426895375
-0.303439911451835 0.149644119813586 -0.492672001083804 0.400072121683445
-0.304200196403242 0.0854812212396153 -0.491992285259239 0.258050861344956
-0.30054539146141 -0.0363848130732211 -0.346513394695156 0.00729226227790186
-0.197782856022934 -0.143653618400604 -0.0465007843110991 -0.157663244398486
-0.103579400610956 -0.132684794727921 0.286146056274104 0.0892518910658623
-0.15490999673725 -0.08087058640366 0.262232834084783 0.472670138754959
-0.201604448031814 -0.208255593242747 0.00829156769953601 0.592041324654078
-0.193816477432538 -0.370274278672352 0.0872114601283833 0.674203963799958
0.0701213893173545 0.00605811900479484 -0.176670625420719 -0.607593891479312
0.0747938557801486 -0.0288194393486188 0.0256821158688055 -0.540310762896017
0.00200292487824139 -0.045307624699294 -0.186600327169303 -0.51410308031983
-0.0453054429213066 0.0139222438188271 -0.382137982581442 -0.111893860026161
-0.00628526975333594 0.0671538235344795 -0.00333359837234349 0.23512718040881
0.050864205152137 0.0474663745654323 0.4069970461884 0.0921865340199349
0.0694944533889924 0.0267960615152901 0.570454445422063 -0.220409057815549
0.0753740718254693 -0.00359326120265852 0.560281041893931 -0.452294605080456
0.0827462226175971 -0.0129967189590786 0.560006434615276 -0.497474983273379
0.0836639643651985 0.00304936644835417 0.57163379838611 -0.399940720396663
0.0805298332191906 0.0442483900976663 0.521372527521607 -0.192779864681149
0.0115426577034693 0.0858736124837191 0.298182299274757 -0.0133672827180699
-0.0430499648151523 0.0327699882793459 0.0320030343907414 -0.065489598898982
0.0292453378862932 -0.00552011615018833 -0.116009538821372 -0.222207463022423
0.0619805674872106 0.0191196737163008 -0.00858026100323273 -0.5494058285882
-0.0547370918971145 -0.238122314737481 -0.122460221480511 -0.60130397283368
-0.0694534639726787 -0.204323792029652 0.0969136036321002 -0.516177988344626
-0.140219010013771 -0.147893403920636 -0.109127102046583 -0.552368607070641
-0.174212133025004 -0.0717789548034236 -0.354140748100502 -0.162718990979966
-0.194302060189546 0.00379092946474344 -0.0251333520063942 0.223215645580988
-0.172571261525205 0.0685360875249106 0.380666419162475 0.115724869149395
-0.149023178985021 0.141270777072203 0.569214085402316 -0.190156496497401
-0.136510291474762 0.14502253002825 0.552238752770076 -0.416967971200097
-0.121713506181327 0.171326524740751 0.534897966758028 -0.482180958904816
-0.179849375980734 0.151189130295622 0.553701150550067 -0.401993666074138
-0.206838423991696 0.0868032173448063 0.530664981914154 -0.20442343945721
-0.264369708830695 0.0052878011120025 0.30510477386346 -0.00797603056127739
-0.246297974763401 -0.120902349340792 0.0349550978818662 -0.0537263579089668
-0.110030815707174 -0.2261118174089 -0.112542020772702 -0.183915788548411
-0.0596064982184401 -0.255496896888412 -0.0261436331611401 -0.465773226692659
-0.168227168137416 -0.463110762073909 -0.0573491942172672 -0.508380103210318
-0.207994891191385 -0.377560523402103 0.15185123719125 -0.492211428076915
-0.282466163267643 -0.259301985040548 -0.0894890730214593 -0.574572648806701
-0.308656558605166 -0.167835766662725 -0.335621319488784 -0.175215029963393
-0.380551642383248 -0.0624655319470653 -0.0401136864582547 0.200927831612509
-0.390639637589854 0.0820890067755628 0.310640858307096 0.11354947477697
-0.354155784015219 0.238182049489379 0.481318156217838 -0.144211878238195
-0.32653533335284 0.275604267558569 0.456187261000307 -0.319817923948387
-0.299929499886427 0.332842676122459 0.44195925474976 -0.383743098242472
-0.406826195363487 0.28941206130829 0.473919408237477 -0.337816835792158
-0.456920786615392 0.139730040440753 0.483862331473011 -0.187568461794102
-0.506097757934244 -0.0436120628524158 0.304620193594468 -0.00133947543259018
-0.433423240952923 -0.227351610752969 0.0846986473314845 -0.0195396269957573
-0.253702053997397 -0.393967581696073 -0.0576769027296404 -0.0786922123615089
-0.187664705275514 -0.485147739577092 -0.0187490155403026 -0.294830973978151
-0.251302154066914 -0.613650600172337 0.00807436968461023 -0.337956394262866
-0.310727653288116 -0.500808325866291 0.177510059909947 -0.444003021394897
-0.39561170157548 -0.364745770271971 -0.117440154015623 -0.551024097921341
-0.451806296382789 -0.2719999005802 -0.321175999391044 -0.157470688384001
-0.567235317410964 -0.107989025395676 -0.0716563064101966 0.165549944196571
-0.577492695270419 0.113106991589413 0.185271252489775 0.100869460206754
-0.510401524351407 0.317707726254447 0.311115046546598 -0.0780486457173341
-0.465198311900648 0.363635047904475 0.299460598870381 -0.170916736908869
-0.433122336161169 0.427873004454609 0.296274119715687 -0.219488640692208
-0.568650337071189 0.363956516563288 0.342663388733627 -0.216055922326037
-0.629709717504794 0.153403781079823 0.385460667413934 -0.139771450920372
-0.659042981698219 -0.0931665799361148 0.294960787290318 0.00886945956244014
-0.545663546273291 -0.28632076837172 0.169881730607512 0.0313653459408732
-0.361072651099793 -0.486284370494225 0.0384300808061085 0.0736618046560046
-0.290719788928825 -0.635032684996873 0.0147516598545079 -0.0678845502643994
-0.293255847789599 -0.667896450962121 0.0581408903982941 -0.121344882341302
-0.349612962171531 -0.548017137002774 0.168150498769065 -0.337823239629306
-0.457606089376958 -0.438253829914484 -0.140747107099825 -0.451262563490479
-0.570495878559461 -0.343855179700886 -0.292930058833055 -0.125251366839222
-0.704089651454695 -0.110284951463414 -0.14490462618892 0.115119184431475
-0.692768716654121 0.159013340937892 -0.00071735110676937 0.100783517341089
-0.590140425836171 0.370195839075092 0.0857660059137109 0.0202295124302496
-0.532082872129104 0.396548508422317 0.102675182120837 0.00406125004993753
-0.507631293006783 0.438771323204362 0.113879369044803 -0.0300757145527344
-0.64577703158978 0.339475895171844 0.169260068116031 -0.0743617127518248
-0.687742297018016 0.0893521047294357 0.24687666067267 -0.0836834606000695
-0.665122157995698 -0.159230964038846 0.278293165907797 0.0191663514282684
-0.544305125665917 -0.296172605746744 0.267357545953411 0.105860438045663
-0.401542015460302 -0.495035312860318 0.13320143731382 0.249643308842881
-0.349578845871528 -0.689576550479956 0.0600097420774107 0.175282336905099
-0.285153138493008 -0.619041263245728 0.0837525223185679 0.113822840110391
-0.326728894493025 -0.510131630885014 0.143622510423112 -0.162875890747249
-0.450065106336068 -0.438613974210672 -0.121922213435403 -0.29559505266474
-0.601014880319351 -0.340740251464734 -0.252748809869198 -0.102002518562082
-0.725007768924078 -0.0704773664499671 -0.263780145586521 0.0708144992314044
-0.691549253582559 0.201337043570384 -0.223294246338083 0.136242194864473
-0.57531391149178 0.376058573771557 -0.155427136164002 0.148305644162453
-0.520320735391219 0.369994938280794 -0.104948436452372 0.177460202024564
-0.510381112165191 0.366138316380228 -0.0892846059539077 0.135211275274997
-0.622115336239669 0.227772350341965 -0.0263643426751676 0.0312699747360554
-0.609140672427714 -0.021528007628489 0.0996341632056106 -0.0640462209300634
-0.525737604132965 -0.211987354328427 0.268194609220548 0.0261604957319263
-0.437433795883983 -0.255475638178017 0.338088834718901 0.209549112380058
-0.373125861305931 -0.431897981590747 0.173766756362937 0.415215249334142
-0.351725892458022 -0.653199406434876 0.0976169174861113 0.393776630163288
-0.240687366673461 -0.478210731265997 0.0888859481847293 0.331023868166448
-0.255691759082762 -0.384138959157808 0.135924557240626 0.0363895157382845
-0.362275337908066 -0.343767544690295 -0.0610395880465942 -0.144046424208407
-0.504345589434373 -0.262330835782503 -0.222740569315293 -0.0919714433218977
-0.60305061913854 -0.02012663065648 -0.398219384145951 0.0579732450789769
-0.565147674125206 0.203516801398676 -0.427754019350045 0.208370330068164
-0.470844381634628 0.321336543774004 -0.365031019007829 0.285994917335458
-0.433572232684581 0.288182763535187 -0.297059637428125 0.323883271326128
-0.434258251160981 0.240778017463189 -0.288190899859078 0.243791362610853
-0.492127024643502 0.0895698912360653 -0.206049266448244 0.063535403997709
-0.423784726900737 -0.109823470405921 -0.00826973525722835 -0.0955339290486284
-0.307656994310633 -0.197736860728188 0.274989770132027 0.0367610343978945
-0.291617706961786 -0.166169278899042 0.348724420841269 0.330909192195246
-0.30427997692217 -0.321556504204343 0.136169547118541 0.532080371343087
-0.301625670102014 -0.532214167364735 0.119267327387581 0.558045574487585
-0.161435539434726 -0.264338526713994 0.0811556305886404 0.490946455178153
-0.144029596524295 -0.190324286949314 0.150058896702641 0.190767835808782
-0.201839568177675 -0.18713307818961 0.000258887879340143 -0.0368395923376458
-0.292255970331055 -0.150765948890013 -0.215919324465627 -0.0839746428129754
-0.362189941601783 0.000755419894358414 -0.502490057993155 0.0795162705658966
-0.349028063907365 0.140832956085976 -0.560789247236331 0.295496278549163
-0.300432772519858 0.19789079259015 -0.507424943426743 0.403766799330787
-0.281868020731591 0.164791597883679 -0.4453109540074 0.419794543589774
-0.287402215741484 0.10369105648769 -0.449958582224778 0.282708865223674
-0.291225311839823 -0.0139457625689488 -0.333219128265202 0.0317850079484546
-0.200270646620399 -0.12414995667418 -0.0547215955112301 -0.151630854327011
-0.108292802305767 -0.119410717267165 0.287144095170859 0.063927865280583
-0.152841521238249 -0.0628009191657098 0.289033320851232 0.434505383974842
-0.206632753977303 -0.184840632673987 0.0440666130502028 0.568649380880688
-0.211979160231237 -0.342005533387513 0.1272433582725 0.647555565156147
0.0684484829097599 0.004051564872497 -0.187112821541783 -0.580119988951858
0.0710559392997468 -0.0320547263757074 0.0102445398875579 -0.521185902922037
0.000900716187350201 -0.0456102072366554 -0.1978540794039 -0.484690173578677
-0.0439317471872789 0.0141836227362329 -0.374026975119186 -0.0897865295999798
-0.0042103404811928 0.0652593334982092 -0.000478494899851747 0.226048474495392
0.0507733200578379 0.0427183322431955 0.38913961916583 0.0763255592561788
0.0690912969207505 0.0234364882924378 0.537716836094589 -0.232346065879754
0.0729131818729474 -0.00433807832928661 0.517884939378 -0.452235550431394
0.0785430346932298 -0.0147861852505826 0.519486599364223 -0.498194456275378
0.0805184296333742 0.00138428550476413 0.53812706094567 -0.404818192988966
0.0786645816106869 0.0396034689264745 0.497191873053718 -0.202764850835849
0.0140414603606902 0.0823074787208124 0.287976610846873 -0.0209842601978826
-0.0396566218371337 0.0342619611688729 0.0268792625422663 -0.0586856106309582
0.0267704539302175 -0.00920497043362057 -0.116529895570088 -0.201395187126076
0.0574683141061231 0.0146671751389453 -0.0220119109041213 -0.524627320943789
-0.0588908002703282 -0.225045543261803 -0.135282845025306 -0.577269380832353
-0.0721241382812837 -0.193245105166121 0.0805979973824703 -0.498876796649071
-0.138618071663449 -0.136271588999978 -0.125134368668571 -0.523929692384043
-0.168843552472291 -0.062416942237455 -0.348904678442623 -0.141848067201905
-0.184442041157661 0.0121896589448635 -0.021457707878429 0.214153604212945
-0.161634318888757 0.0709893685819794 0.365636968625346 0.0993280283967259
-0.136811914416113 0.140706330869311 0.538029116551203 -0.204219897994117
-0.125020057503142 0.145781529478542 0.511450166291018 -0.420520923094444
-0.111183118705859 0.168527135860943 0.496324104375455 -0.480099584081215
-0.166956094882406 0.153794498526736 0.520281568807868 -0.406553928902313
-0.195186469984959 0.0908861077254072 0.505623910205171 -0.21558366307346
-0.254507785389134 0.0144204656634387 0.295432608186929 -0.015321678615167
-0.238544949730274 -0.105216210543448 0.0309414027608747 -0.0485512995880714
-0.112060765665912 -0.216104234832996 -0.113184297808672 -0.165827301750943
-0.0653714281397259 -0.243031810353078 -0.037765290477118 -0.443453784053384
-0.17415407376411 -0.435949603743675 -0.0697827181274204 -0.489396447135561
-0.209423914463816 -0.353196862771703 0.133496263865944 -0.47922227744092
-0.276503048475006 -0.235107015382534 -0.110508632211258 -0.546131077386813
-0.299615451167889 -0.149299528677473 -0.332688181514042 -0.156472999229632
-0.3636951192526 -0.0439844548029186 -0.0346411088523657 0.193524826392351
-0.368376417920663 0.0921219779371477 0.298353428731273 0.100448910547776
-0.33077909398551 0.241050529132364 0.455380341042263 -0.158475204242299
-0.30328629431051 0.277426839992063 0.425968170218789 -0.323700112325867
-0.276616816469898 0.328937519893713 0.410838040518292 -0.384388162334106
-0.377859750824396 0.293615345307033 0.445265430154591 -0.34317708852689
-0.433032313921855 0.150948198491453 0.459467806935848 -0.199997592701204
-0.489794230646896 -0.0261121896037091 0.296189502862035 -0.00822401683816256
-0.418868450734097 -0.200119798958525 0.0793909681740059 -0.018978511078806
-0.253489706237224 -0.372412289097358 -0.0582541055604312 -0.0675196758678863
-0.194512937929288 -0.456268250259469 -0.0253379688979933 -0.280333366935755
-0.259976072218042 -0.579107625462537 -0.00320837457891411 -0.328630729850799
-0.309677231091824 -0.469082845649134 0.158578630444568 -0.435407653763587
-0.387342792125623 -0.331148462506759 -0.135268333146642 -0.524922595750869
-0.440145676276771 -0.243531318451339 -0.318091692234594 -0.140516263999342
-0.543561095704477 -0.0819722943174898 -0.0648254783909067 0.158844496018016
-0.546570287160917 0.127559516960613 0.179237852193653 0.0923069391864102
-0.479369142670531 0.322396198271887 0.295377440806308 -0.0885242376225262
-0.432497846314151 0.365799699497999 0.280325474458787 -0.176687316553628
-0.400779665408694 0.42391725383782 0.279283690537945 -0.222616692185435
-0.532110598978041 0.36977676294727 0.322349455162188 -0.22082831661993
-0.599066549430205 0.167980873149795 0.365982329754434 -0.151172734824639
-0.637415954637859 -0.0667073471160269 0.287310432441189 0.00234128312110634
-0.529725158888832 -0.252291284305562 0.163663149108452 0.0261908452283378
-0.358172117222534 -0.456982250821577 0.0374519146661626 0.0741774337159749
-0.296733209278665 -0.596921754066148 0.013704503302941 -0.0637702812268566
-0.29943139864724 -0.629272498752091 0.0500255162789907 -0.12128778807225
-0.349809341593362 -0.512101123554767 0.151393615577126 -0.332511794868865
-0.449264195493853 -0.398949799857627 -0.155766355083399 -0.429449794293892
-0.55648086076487 -0.307781713480451 -0.290513063145744 -0.112064220890333
-0.674867344803389 -0.0814691028316791 -0.13576766596839 0.113042955058205
-0.655857886550691 0.177242092085537 0.00158154736706958 0.0989435068879031
-0.552784362446349 0.376230352999553 0.0827522176522308 0.0140938224623071
-0.497354145502966 0.40061334986264 0.0981267639451746 -0.00228345154964099
-0.471009006313159 0.437192047789473 0.111587624387514 -0.0360674292760974
-0.607727061798872 0.34844630434547 0.160844862859375 -0.078577989952063
-0.65628532468787 0.109834654774113 0.233613206359662 -0.0930441959162938
-0.644239943763346 -0.130861943346432 0.271442619342518 0.0121847309788909
-0.526487094985782 -0.264033317418502 0.25921925486582 0.0929564856532265
-0.396807489233724 -0.462536259834379 0.133693449513198 0.238216263659303
-0.353462948249826 -0.648587735359284 0.0632351249146751 0.16851429520566
-0.293327899789727 -0.582908840642884 0.081770106088893 0.104597336651644
-0.327580812560236 -0.476419793090352 0.131672790638689 -0.163855143925949
-0.441836110299187 -0.398656404084298 -0.131443416136271 -0.281415077711826
-0.587486578710087 -0.304925356470588 -0.250283297728767 -0.0922233350859736
-0.694962329842727 -0.0432278400253513 -0.250825514035579 0.0745248506432104
-0.65237374005311 0.217117877104654 -0.210797822382557 0.139927898896824
-0.538904375330959 0.381913329468907 -0.143283673015032 0.146080977574453
-0.487831800184942 0.373614050740906 -0.0946612706496108 0.171240937286104
-0.477077382714822 0.367412024361895 -0.0766290567899562 0.129723654410689
-0.58649048264885 0.240344549761969 -0.0233170701282414 0.0293793090796786
-0.584635040799521 -0.000406094254742607 0.0933712066304365 -0.0693690688945734
-0.511240818971831 -0.186100046494002 0.261381078722908 0.0168833641079316
-0.4231213044626 -0.225755931638586 0.331461469435792 0.188131571742308
-0.367672012409961 -0.40145753567702 0.176381189604525 0.394320019639587
-0.353669576671055 -0.612981728525423 0.106367034461762 0.37767420020612
-0.248224376124501 -0.449457526753744 0.0940901815819238 0.314372754353099
-0.256012744137979 -0.35903671246755 0.129541530457759 0.0275435955036957
-0.355832874739931 -0.31382267506173 -0.0682994799954655 -0.139782232634706
-0.492219643308265 -0.23377560636242 -0.22149560796868 -0.0855835486271685
-0.576300970575369 0.000583068240188034 -0.38042945308068 0.0673796580970346
-0.532751880491692 0.215196545193445 -0.403960752848033 0.216879315307887
-0.441777150025738 0.324944162844069 -0.340754463009205 0.286014713807355
-0.406912742770943 0.292051059565605 -0.272794984201488 0.317253712913107
-0.409228261049547 0.24548713734777 -0.262926178691658 0.239849956297268
-0.468178088585467 0.102502994594227 -0.194437879418575 0.0672007909632437
-0.408984159942764 -0.091013153578051 -0.0108927030611233 -0.0955652680940328
-0.300404676840427 -0.17829292287093 0.268618493101234 0.0245029672917382
-0.280845054523837 -0.144972524230833 0.346494684500584 0.302723181605621
-0.299006414885474 -0.297295161304675 0.14317567177103 0.505136037887067
-0.304481058765251 -0.499633130889967 0.131729143885891 0.534023666531909
-0.165672935147575 -0.24752432212387 0.0929279050225509 0.468995373832362
-0.143080658202098 -0.178324794247875 0.147782003738215 0.175406741237197
-0.197427174535357 -0.16922051425416 -0.00506433596597333 -0.0412478201903441
-0.286522676802992 -0.133849525549381 -0.214353311717164 -0.0792121264755547
-0.347440758429721 0.0123532829055379 -0.479794974155274 0.0923289789000918
-0.328151606119789 0.148132246243941 -0.530211831928595 0.305725177921777
-0.283039656852965 0.200836608651761 -0.47191137455075 0.406911673912017
-0.264808386730569 0.167681815620176 -0.413126441320882 0.416373510424232
-0.272567752069631 0.108618717619515 -0.416507327367428 0.285389433448412
-0.279241009837195 -0.00430278949067285 -0.316357594540813 0.0420515084246684
-0.195920230553926 -0.111698085837149 -0.0568992316597211 -0.1465626728912
-0.106175501135088 -0.1090698618331 0.281714039857054 0.0497752433530599
-0.146184936283321 -0.0526317001279609 0.294136880078267 0.406030523846555
-0.202197263808145 -0.169789216442878 0.0569673057336461 0.544242912026965
-0.214205840137444 -0.318510475722717 0.140579435697213 0.61988620244219
0.0679036346061827 0.0041092689793271 -0.185504022669966 -0.570257631953539
0.0694081110812663 -0.0339603971906832 0.00909752478569431 -0.512481006095119
0.000105929223205314 -0.0464785807367255 -0.200361038589578 -0.471123633356971
-0.0434891694178887 0.0135623938289309 -0.370894899925833 -0.0812511549250698
-0.00361303581021159 0.0644442607102618 -0.00398142562285658 0.222941089731295
0.0499864068784126 0.0396654044424572 0.378375308343277 0.070756473720308
0.0694302677427999 0.0218940234631882 0.520922230129879 -0.233949009674788
0.072519564029533 -0.00372957169455706 0.501043886364259 -0.447492384340627
0.0759417883816035 -0.0139199810064542 0.503478455423496 -0.493929580765936
0.0795027824812856 0.00166478066174497 0.525544855519338 -0.404897719316449
0.0772964926297053 0.0377428110391965 0.490538053366186 -0.202503773757348
0.0142609962290112 0.0808370023167735 0.284942172511371 -0.0221402930173721
-0.0378019192410816 0.035605794770761 0.0246741434898972 -0.0525069072175182
0.0248868366137181 -0.011732945124657 -0.113257242457585 -0.188284814122573
0.053512291353413 0.0131326422415307 -0.0258674626443432 -0.512802532688494
-0.0574721307110678 -0.218876963406476 -0.135186174725151 -0.568344783105575
-0.071218989402886 -0.18902918879043 0.0766349602842099 -0.492361899180782
-0.135976960664366 -0.131032368031686 -0.129838049521873 -0.509602880539887
-0.165417474234985 -0.0589921638828231 -0.346989965458128 -0.132930988298462
-0.179478192792916 0.0154205698788912 -0.0233619870008031 0.211365917999776
-0.156438380012326 0.070041049070368 0.354943978010831 0.0953834968082031
-0.131521719727678 0.138770567472994 0.522465569878265 -0.206611891470843
-0.119755306923427 0.146038794013491 0.492948422839841 -0.416846601182086
-0.107561317893763 0.167478772922562 0.480922200820436 -0.479629303700123
-0.161394144245989 0.152892084321685 0.507776757264322 -0.405299079688537
-0.190160726476769 0.0913349080011935 0.494126642410733 -0.21693013461425
-0.250623132404721 0.0161711827763664 0.292362848644673 -0.014789533770895
-0.232699615145677 -0.0988171787742461 0.0279745736379638 -0.0433229189174751
-0.111687483334071 -0.213791412970941 -0.110344870310979 -0.154517209305933
-0.0669098233531216 -0.236873690961857 -0.0375177306587998 -0.43396502157338
-0.172031863802216 -0.423357196519652 -0.0724948521702976 -0.483585671800666
-0.207105016439052 -0.342541696807717 0.128785779232278 -0.47294905521948
-0.271389152252564 -0.223410657693014 -0.114905614306839 -0.531031183920849
-0.292856074912205 -0.142188424219785 -0.331775355292865 -0.147816782348361
-0.354175341214026 -0.0371279947463971 -0.0361957124479821 0.189774489055098
-0.357665314693115 0.092896519014049 0.290865539754068 0.0974006469474647
-0.321565001968386 0.240291446217871 0.443028313045626 -0.161897145471636
-0.293744799552567 0.276096582818575 0.410764155812234 -0.322840891823085
-0.267202570735278 0.324980106898719 0.398846203773194 -0.383867008341388
-0.366547400409712 0.293663395432832 0.434118497186044 -0.341612246133361
-0.421940444592927 0.153619762258618 0.450669376865998 -0.203841088706233
-0.482615298181703 -0.0201113257748462 0.294510590026518 -0.00825311626415776
-0.410225615739535 -0.189523020461227 0.076859565653741 -0.016220026454391
-0.250080817319831 -0.366011131026462 -0.0566036445940275 -0.0591885243441575
-0.191104255146889 -0.444963653241556 -0.024703656515507 -0.274370502853575
-0.256303464373817 -0.56172534642139 -0.00712848557612724 -0.325942046426134
-0.304787832394789 -0.453531412549636 0.153408920070894 -0.428910663794943
-0.379497696748935 -0.315940467802156 -0.141282800407848 -0.510457435662859
-0.430559261410606 -0.231645116031962 -0.318400178673617 -0.133731191199726
-0.529162346672089 -0.0738417490819901 -0.0634877344681755 0.155106312306073
-0.531116440606073 0.130177276314611 0.174487934843452 0.0908852968947071
-0.465434255576366 0.321326984234474 0.287186137106057 -0.0927247843774407
-0.420156255982846 0.364723990280068 0.270992068420573 -0.177098554666227
-0.388147684085849 0.420276271533876 0.272312526673082 -0.22383239974609
-0.517546499472909 0.370341626562482 0.315821587686244 -0.221607913214903
-0.583383669773783 0.1731234855613 0.35713972813413 -0.156127950255605
-0.627783609493577 -0.0602571911217322 0.285517110454316 0.00218034214503287
-0.515470204943615 -0.240159344927461 0.158745105203869 0.0256984382303272
-0.351776255180193 -0.446913140135883 0.0373000082868029 0.0769453933126853
-0.293232591349937 -0.580202508640301 0.0143527238221894 -0.0612117413909996
-0.298147930101892 -0.61141889653083 0.0468144810566401 -0.122042687391128
-0.342452277256099 -0.498497779539485 0.145350161882302 -0.329883317719824
-0.439581565840435 -0.379235552003979 -0.161664576817802 -0.418000030815349
-0.545087714129062 -0.2946275842689 -0.289925212857524 -0.108090581577954
-0.657548868948204 -0.073057536156809 -0.13279161333372 0.110477299759471
-0.636701926180549 0.179550085200118 0.00119870496903786 0.098466774072592
-0.538291383716164 0.373905915680342 0.0805566016232502 0.0110826527385419
-0.481692997171201 0.397984916806575 0.0940847345231568 -0.00516734733456505
-0.459239356404067 0.433411184787792 0.111817363959138 -0.039730170923022
-0.592688174457553 0.348800086874361 0.15805590531084 -0.0799272343042105
-0.641742282501785 0.115570051423192 0.226924445509453 -0.0987536430090706
-0.635063729596423 -0.122794790906137 0.270401420055467 0.0113023211067447
-0.512372221700681 -0.24849781443494 0.253988172085464 0.0886625822423461
-0.388845424858712 -0.451860606535103 0.131403146994025 0.236327423505157
-0.348023295570261 -0.627753006786689 0.0644546862706558 0.166530767022642
-0.292151859124865 -0.567036579407367 0.0793752253068152 0.0998875887417367
-0.320503560739762 -0.462247619260149 0.12667978606752 -0.164071576507743
-0.432434983052871 -0.381551866084831 -0.13654218164142 -0.275877974634056
-0.576695412864875 -0.292064705354484 -0.250972541881155 -0.0902869703926946
-0.680658028511714 -0.0346476435988777 -0.245353621941995 0.0733324957905887
-0.634091132960422 0.218192843660026 -0.205542469131347 0.140976294247579
-0.525568486788913 0.380019712487392 -0.139614601593737 0.142899220097417
-0.473369477823491 0.371653861321008 -0.0914471594805623 0.166295445963954
-0.463593505067 0.364032199547864 -0.0707854337674386 0.123919489744413
-0.573126852769016 0.241911610695092 -0.0212106549440421 0.0283973605571398
-0.572277309166777 0.00608842615592563 0.09070226341494 -0.0735444101794933
-0.501840693732379 -0.175512074269442 0.260220903561073 0.0141320012158352
-0.411064775258594 -0.213885470011189 0.326475008942244 0.179906602401968
-0.360796692922015 -0.391436959930166 0.17416137800537 0.387035136378528
-0.349390055291166 -0.593168230567617 0.107626816313765 0.371345588188236
-0.248413222244668 -0.436864823343892 0.0937908930866493 0.305711079386911
-0.251127663942842 -0.348150255838035 0.124709112846131 0.0232588320593088
-0.348389737884023 -0.299591704271919 -0.0726569137220109 -0.138882646188579
-0.484460330131966 -0.222133594930266 -0.221980968150265 -0.0854837484393209
-0.564082847139553 0.00620869384950569 -0.372294187951955 0.0675982488746414
-0.517957311715209 0.216342714667641 -0.393768188600086 0.219959854125837
-0.43123937622407 0.324257245285611 -0.329426856057785 0.284468964054738
-0.395727101484131 0.289043266245168 -0.262366096275984 0.311883423926604
-0.399406473294994 0.244106107516013 -0.251694400726116 0.234664494573776
-0.458194547014807 0.105956637125577 -0.188250788680149 0.0675094548406471
-0.401772458082444 -0.0844654086090906 -0.0124599041428409 -0.097525861126057
-0.295188911381552 -0.171644026027411 0.267796536452339 0.0206900204596863
-0.272281940298184 -0.136190959589673 0.343309838936897 0.291545203085981
-0.29301029666118 -0.288865270612459 0.141616685069263 0.495680518932785
-0.300618501963119 -0.48402530431448 0.133394710937885 0.525697160841484
-0.166307110964937 -0.240056572066659 0.0949602453037066 0.459197466047946
-0.140070419372935 -0.17299958517948 0.143246332538807 0.168326873657814
-0.192281887833736 -0.160156690584311 -0.00965746723117521 -0.0444663155593307
-0.283074035470265 -0.127566150341303 -0.215295157797271 -0.0797802403490419
-0.340453471867112 0.0150249056554733 -0.472773916888474 0.0960037893745026
-0.318215705753787 0.149188620707524 -0.516775939480072 0.308509431918175
-0.275802259079345 0.201599408232275 -0.459567963533147 0.403838333638179
-0.257881055778439 0.165899942477892 -0.397951518358412 0.410663975127473
-0.266721119514705 0.109383401080186 -0.401775277372991 0.281129839910126
-0.272587393790186 -0.0012400314868488 -0.307579021358193 0.0440111568055582
-0.192538604656687 -0.107544793676468 -0.0565859417237092 -0.145714634295333
-0.103593706118019 -0.10420138117631 0.280789625655729 0.0435137472970327
-0.14141581663812 -0.0470321529208157 0.294362725994257 0.391852197410075
-0.198732421657698 -0.164006696717874 0.0576746968269554 0.532340743743585
-0.211139249739493 -0.309406744426547 0.142115283377287 0.608666091434049
0.0602642675971124 -0.0145276860392072 -0.411866854675324 -0.451314481393271
0.0431416247265016 -0.0531805051407374 -0.214952425836368 -0.47430755278401
-0.0231930175102645 -0.0367536069991439 -0.387493189655313 -0.337380352176394
-0.030819404446163 0.03471019239778 -0.37513768427838 0.0966016495428767
0.0264669762294724 0.0572743738476145 0.0948309536004326 0.209986919572486
0.05975104829515 0.0112591544303411 0.373345934534985 -0.100250599261525
0.0740817307135912 -0.00956529320706838 0.371205909677458 -0.442474530447487
0.0642321152734594 -0.0318374811020657 0.253651705746824 -0.626769660882542
0.0673854379218193 -0.0449338994591702 0.236760135310977 -0.672740849040485
0.0751953705007637 -0.0344863103147048 0.298225389331165 -0.60133490325563
0.0887775510147553 -0.00114038401067139 0.356516213032599 -0.394765867806286
0.0520101372217151 0.066579563490784 0.247441987216042 -0.139987179923554
-0.0179498187704587 0.0491501186814877 -0.00185406981908584 -0.053358729728252
0.0146469062811436 -0.0253689552607002 -0.176755173029319 -0.117065084750943
0.0522894871665132 -0.0159378663100886 -0.241590740915146 -0.456017402551429
-0.143683145176303 -0.168752688285778 -0.374632553551272 -0.470300676251913
-0.146707831695249 -0.135947913456691 -0.149171339913233 -0.48318930370484
-0.180372671546726 -0.0566259164049425 -0.346490672462446 -0.397217469396245
-0.168367890718371 0.0211129384475849 -0.383928095977361 0.0406208183625434
-0.150259641689206 0.0865630068861898 0.0670560866264073 0.212231482313807
-0.113443205814781 0.126008839001677 0.361222859480485 -0.0630203739356722
-0.0591103556866494 0.180656259246037 0.3802744442658 -0.413263241560622
-0.0533127935112794 0.188216751895002 0.260031451007824 -0.596834042253111
-0.0251352269967385 0.200007957159537 0.219831160768579 -0.650372286021039
-0.0817138434599082 0.209624596529541 0.273700391361041 -0.597435445816305
-0.136656361005504 0.164452875815395 0.348545647236412 -0.423952142395299
-0.216773526442354 0.123502709136104 0.252569058124926 -0.156072451266265
-0.255534741532166 0.00792930569880596 0.00891175809098987 -0.0559876824857405
-0.19884073425897 -0.152514361680292 -0.150253487016947 -0.0947645320880347
-0.173270129358786 -0.192631811681993 -0.203431719858434 -0.383502548552163
-0.329697405271092 -0.311903802569027 -0.292383083605262 -0.420110174973838
-0.330168846366491 -0.22049517865804 -0.0976819874612362 -0.486383211494588
-0.338447247930456 -0.0835711841142742 -0.349757320148165 -0.418739506641875
-0.314696394574923 0.000495971367361087 -0.384886442417206 0.0218212453277474
-0.327755682724133 0.111926702420904 0.0421453295794922 0.201879759657376
-0.284660960946465 0.233309912141935 0.30167870531207 -0.0273009534381736
-0.189238094079204 0.350782587844815 0.32193009648262 -0.330204937276806
-0.160542144810703 0.381784774636085 0.224668550001246 -0.474289547669368
-0.106724625221522 0.412716374948495 0.18346650616204 -0.528923010678254
-0.210317848634938 0.428037350939872 0.227206557849508 -0.509545418145154
-0.325875824891415 0.322107036253362 0.30728543274427 -0.401718377526516
-0.443033331974301 0.193509201507638 0.251640466542301 -0.166762835512691
-0.458733679401753 -3.52277360320561E-05 0.0661729345714038 -0.06169885610919
-0.392119163127438 -0.231345649730969 -0.0542129832270446 -0.0387992761031782
-0.383893955098331 -0.327502112586524 -0.110682983558753 -0.246270573483188
-0.46208980896241 -0.407025944408962 -0.172430186714693 -0.301593593654898
-0.462485812126063 -0.282695337280027 -0.0619625302824414 -0.455344795511898
-0.471850129747151 -0.122017153644956 -0.371394889656536 -0.384758046493981
-0.474316125217364 -0.0223290657064806 -0.374473040551429 0.0301043200322211
-0.500383251953643 0.152603192687037 -0.00215691089143464 0.187985677818467
-0.425222410320848 0.339700751793086 0.191801725018441 0.0219936271494142
-0.285601387123607 0.486340238444813 0.208365199938341 -0.192695097835496
-0.240013433343723 0.516484973669139 0.159310028570078 -0.280679796443103
-0.178670468933578 0.552155329872803 0.1384323324894 -0.329787632525593
-0.316441583365329 0.560811373391032 0.169880079340596 -0.349065933714224
-0.468970377926147 0.409380250724939 0.239999525328071 -0.32410521411639
-0.592299353285538 0.218806430191987 0.246211957206132 -0.164287082848116
-0.577008913681385 -0.00136590646700493 0.159333531183401 -0.0660001981622272
-0.518375045627111 -0.260388850191847 0.0918230377814222 0.0394895054762955
-0.540246102807217 -0.40531867633313 0.0250495892417687 -0.0715045468202
-0.517498031739788 -0.438920767625736 -0.0398275390955356 -0.13596391803624
-0.51371881530524 -0.307138547172791 -0.026690028088018 -0.359941090380642
-0.549519808275127 -0.156733040293666 -0.354101607789131 -0.291603215066406
-0.602018283263112 -0.0328106048252054 -0.344800856528469 0.043241142113841
-0.617056451499353 0.207677417793161 -0.086673173335254 0.181723187499966
-0.498781022193683 0.430398801401379 0.0376719601610873 0.108245449124867
-0.329407039156836 0.567585501345267 0.0641765275268019 -0.00384054039532494
-0.283338197248189 0.573407373177618 0.0750124950776398 -0.0460897187754676
-0.239655327881404 0.593129368884828 0.0738319193125201 -0.09284895773777
-0.393977862795133 0.575544531977956 0.0900172190170599 -0.152313773875315
-0.548052676922824 0.381408298174628 0.149804433863916 -0.218167386641975
-0.625535948752195 0.164827822573651 0.239852033303736 -0.152644778791733
-0.575416212377846 -0.00966483976416446 0.271987432073866 -0.0526124627586186
-0.555020740031394 -0.245384151118627 0.244428015050959 0.141452249436716
-0.613937997518838 -0.422423331234296 0.172365429004435 0.113901017026443
-0.493323729990578 -0.402208257196336 0.0867067912207838 0.0551389491403896
-0.477991759767039 -0.287287829931186 0.0279642321157676 -0.200348540888867
-0.541851178018809 -0.164248403507562 -0.270626300155849 -0.174106456607576
-0.629454097134872 -0.0177349181558627 -0.302971142285575 0.0406493903785788
-0.622741275672097 0.253088842852294 -0.203767975685029 0.198821685615063
-0.478989873656177 0.467069836094946 -0.128866360439543 0.238662847273277
-0.317952275216212 0.567932294884267 -0.0767737843478256 0.214539794432454
-0.286609340496123 0.544181378156156 -0.0166968734389568 0.191810730800739
-0.27487093979247 0.53299603218581 -0.017068936821821 0.135419394283775
-0.42307093038 0.46876564470032 -0.0213845125716927 0.024256418374726
-0.530772609580054 0.251394724834612 0.0414185018823456 -0.132930505314244
-0.528341216110287 0.0586810960424 0.239388519121299 -0.139944080374587
-0.463898323144407 -0.0182941102516694 0.37687828363549 0.000710108283597617
-0.50090205897768 -0.199242428850161 0.343132115891517 0.261693910356178
-0.596712266551011 -0.387462253995269 0.296953165088291 0.283348343758649
-0.398553628998139 -0.305136565261583 0.195122110776048 0.239594336870669
-0.367734405168983 -0.215548420808969 0.111248005297878 -0.029464090811899
-0.432731786243114 -0.126060970316351 -0.149366917524117 -0.0815837173103658
-0.521281461489882 0.00778918628199505 -0.268959575297716 0.0301358051792315
-0.500870133228088 0.241932757738423 -0.317345767995295 0.247603049466302
-0.373126498328598 0.417927112125904 -0.263047375486247 0.391336199198634
-0.25529950109183 0.477164048294996 -0.185050669235952 0.426100466257389
-0.246081456184273 0.435220794633167 -0.106211303088248 0.400325332798253
-0.266221399238717 0.394689860536539 -0.129426273386636 0.316937684048879
-0.37685541776675 0.293235732402785 -0.149873425946268 0.135384925734432
-0.410249693349868 0.0932783359377996 -0.0559422545269697 -0.103266233280686
-0.337080231116012 -0.0266297889968442 0.255044057488063 -0.125637565391093
-0.30347490062433 -0.00388593657581533 0.43965985158298 0.0981604667696713
-0.39473247039158 -0.132672274618051 0.352902185768848 0.377488529794864
-0.50080669319209 -0.306552644827936 0.378609589095656 0.415320224729718
-0.244170264143144 -0.158189732457153 0.268364489169925 0.38055933972077
-0.197057951096734 -0.104000059974899 0.195903064469495 0.0937713941068933
-0.236620586984755 -0.065847591992054 -0.0430939298021627 -0.0305342101789368
-0.302695040925446 0.00800557007234325 -0.250805465324311 0.0279865114129695
-0.29452787147314 0.158376161754455 -0.391653496330706 0.311194368865809
-0.219890945291858 0.272793911603768 -0.33244348267523 0.519392394053026
-0.165745444850874 0.300535393693949 -0.245500870521077 0.586968309111104
-0.169022874327053 0.261614380091089 -0.181685971582763 0.548855460808446
-0.201642904302892 0.21437343304416 -0.240609294082433 0.427341761931326
-0.252371963835009 0.115745124493834 -0.261638280514962 0.169224571646412
-0.226023877179884 -0.0164772648149506 -0.113245406671976 -0.118463614741766
-0.133058749385025 -0.0486837787889009 0.278642843224632 -0.0966136245188673
-0.147206355687346 0.0241173763966121 0.437880901403927 0.215928961702592
-0.25522112089949 -0.0585664709409861 0.284980395715548 0.452468068315256
-0.337797034837698 -0.184519511011503 0.410754042695676 0.493494250908481
0.0622825361945804 -0.0180205351607355 -0.437515985434093 -0.454038825903546
0.0415424946352269 -0.0571045557753946 -0.234455863681835 -0.481135913669158
-0.0268305979500086 -0.0378983355227401 -0.407768069782499 -0.331020960537162
-0.0314130515595476 0.0365335599806749 -0.380798696347906 0.115582497866273
0.0298332408449039 0.058119757339532 0.10085970243668 0.216683230081835
0.0605614083607336 0.00896351148660797 0.378623161696097 -0.111639409710687
0.0764779935937316 -0.0132018795213479 0.362824545378397 -0.464664060764709
0.066896118057287 -0.0348156486923261 0.237218441106692 -0.649773745518136
0.0686814594788989 -0.0475465699448071 0.21762810879031 -0.697309361213267
0.0766071322053162 -0.0378287439160311 0.285443480906179 -0.628164531057585
0.0910569061356511 -0.00447303118232964 0.356340030208027 -0.419642553977876
0.0553097442221755 0.0668149766082506 0.251376358785218 -0.151715303030413
-0.0149647942912132 0.0508237742882011 -0.00168615941509964 -0.0479077298097406
0.0115010735963406 -0.0269156715402486 -0.177750872468558 -0.110462524636692
0.0515566928717787 -0.0159996435256415 -0.260120675962734 -0.459740393424885
-0.15138496640624 -0.168302921862658 -0.402225961853456 -0.474055395449759
-0.153931616626984 -0.134902704218579 -0.168917593320843 -0.49247681293378
-0.186315665178909 -0.0511002659505934 -0.366211709613467 -0.392016989864809
-0.171085632413876 0.0278513279175374 -0.393618496831008 0.0585157290778979
-0.148179850122564 0.0941965816283365 0.0733317576191918 0.2178873993836
-0.111701845578101 0.131956037818878 0.366501944339894 -0.0741835504723502
-0.0535887883644312 0.186566779948653 0.371725739199793 -0.43521806001202
-0.0456849183799918 0.195342160618265 0.242470722701074 -0.617921301711478
-0.0181896469208407 0.205722693411971 0.199840287758051 -0.674863759563886
-0.0749560860526733 0.217993599054211 0.259905529746679 -0.62392670043986
-0.134604973253007 0.172913415254361 0.342400538634657 -0.448865072006119
-0.218080481181307 0.135819448534997 0.256857493158836 -0.168175211676646
-0.258749837389225 0.0160802214613574 0.00838343480133288 -0.051163674638265
-0.210433517563902 -0.151396110666659 -0.150457909343545 -0.0889677884658259
-0.183462510280322 -0.190597652865078 -0.22012241367975 -0.38679675695812
-0.34603129524428 -0.309770346747669 -0.314529885449318 -0.424567348202422
-0.34178167886551 -0.214802128135943 -0.116496318706616 -0.496378281243821
-0.345731708597692 -0.0727654400092859 -0.371255580553376 -0.413106198613494
-0.320250185178772 0.0117082017875217 -0.39620235640045 0.0382514273042797
-0.328224825004526 0.125541625896527 0.0471374045635763 0.207537317535214
-0.282511715686511 0.24698108489253 0.307785909448034 -0.0351964670088737
-0.180342299764484 0.366300733042401 0.316122080115275 -0.349722358570957
-0.149577156377625 0.397806924587571 0.210512688285663 -0.492149779412697
-0.0947548006047273 0.426634322896285 0.169464673641566 -0.550331540433495
-0.198580626151591 0.446641698221597 0.216167246691526 -0.531744965007534
-0.322523451105773 0.343012617657495 0.300906146111436 -0.424929788666437
-0.448501727764576 0.214027868191882 0.256527820145051 -0.178492091462224
-0.465358336309747 0.0136911536418771 0.0660160294087475 -0.0593908106624966
-0.410188252678258 -0.225741059181197 -0.0518311633628896 -0.0345355427190795
-0.402803999752381 -0.321632309727066 -0.119107620349638 -0.249291676392824
-0.483622556600315 -0.401806019905544 -0.189049327924745 -0.306471921102131
-0.477987078868535 -0.275123009893275 -0.0768932179585245 -0.467596654504674
-0.481214761150128 -0.107337314361431 -0.392569953789372 -0.378463528034862
-0.482034702147358 -0.00786465639699983 -0.386350602060081 0.046525365567026
-0.503094266403042 0.171674691252708 0.00214638749556852 0.19263346713581
-0.423226285253274 0.359872452019226 0.197498662696634 0.0179994644285229
-0.275842531802961 0.508650010866778 0.203921056411605 -0.205441838698099
-0.227677694816782 0.539117646946858 0.151219275255441 -0.290875315972779
-0.163207145600448 0.570691300890215 0.12721253951512 -0.344822716105045
-0.303072764926517 0.587419401655765 0.163136456531576 -0.365164212496563
-0.466704993044005 0.435757856773083 0.232829783854198 -0.34333032105876
-0.600602055443589 0.246936296431428 0.251282030546403 -0.176753717464798
-0.58538234423407 0.0157625219634365 0.160992266901158 -0.0685042384188225
-0.542156138978111 -0.253420487264014 0.0988452789249967 0.041195191728844
-0.562415023456133 -0.396868720402498 0.0254934352604529 -0.0741625275555355
-0.543283462631294 -0.432363326044688 -0.0475869441199774 -0.140341325776974
-0.532944913032055 -0.29917481063595 -0.0402619695639836 -0.369874956814808
-0.560628377283559 -0.140568406715905 -0.373446605905594 -0.284369685767955
-0.615732408837272 -0.0125737905100069 -0.355865059020001 0.0580894116130438
-0.621154802777363 0.232340979468567 -0.0838757176744905 0.187038577274839
-0.496358140015809 0.455846239279375 0.0436044451592926 0.111139413266792
-0.316942278170175 0.591596860981896 0.0632197249243649 -0.00664900954684516
-0.27177370729811 0.599175226058933 0.0735526849373097 -0.0488892554095295
-0.224583284877644 0.615962585096298 0.0705790444409362 -0.100931478864743
-0.382694071606873 0.605362485337329 0.0876976704439002 -0.16156263329798
-0.54865400906703 0.410692965222879 0.142667695778516 -0.231452980242691
-0.635958829673489 0.191723648536991 0.244921049442777 -0.165529663102106
-0.583481158975903 0.00552450878601415 0.276078957794119 -0.0603419077523518
-0.575547569350721 -0.236260993494272 0.255875331894175 0.140023271749187
-0.637233627428589 -0.412017748612732 0.182320333972601 0.111486706167639
-0.517487059810278 -0.395446003202705 0.0888203070496209 0.0514144307189486
-0.495782986715898 -0.280574730595318 0.0211311644771061 -0.207366236101177
-0.553401106113381 -0.147469853939268 -0.284992632587647 -0.16758534724512
-0.642918038002857 0.00268911391052507 -0.313348033488295 0.0534951434140304
-0.628024432299731 0.277679748566925 -0.20341505035267 0.208581850054079
-0.474114388588193 0.493781634824666 -0.123888710003117 0.250194424904207
-0.305167234079854 0.592862746354585 -0.0721877954916308 0.223253413481853
-0.274634683121932 0.568004540681772 -0.0122687735122737 0.196685575431959
-0.264070040831259 0.555613366362624 -0.0146557146843921 0.135755173638755
-0.415396845398483 0.4968407301246 -0.0201464461182298 0.023503635376484
-0.534793832709968 0.276074110846153 0.0347428211769286 -0.140486943322684
-0.539944198514913 0.0790009675305964 0.244158455190103 -0.153292701171606
-0.470721737601745 -0.00442387419657561 0.384821631848268 -0.0114338799490752
-0.518770256934642 -0.190622278186722 0.360133383300455 0.259960470976055
-0.620399166335392 -0.376555005786045 0.316379692228872 0.282023135725278
-0.418872212792482 -0.297083573223908 0.206710500704584 0.238175707089688
-0.382643359660962 -0.210401708123599 0.111078085291579 -0.0339743343457955
-0.441974759504362 -0.113318360061203 -0.158510056922168 -0.0775016460914774
-0.531721558513676 0.0246793792861043 -0.279594913012556 0.0406942198037982
-0.504491825239421 0.265086303075746 -0.318645677667209 0.262875340605369
-0.366867080197789 0.43974869499717 -0.256506510432731 0.411077032423009
-0.244832008129288 0.501145267835663 -0.175439455613392 0.443903772112593
-0.238308156994601 0.454240365066552 -0.0941656545755771 0.412315171083619
-0.259565415593415 0.414134992648887 -0.122556129755771 0.324570054180018
-0.375262532473975 0.315356353456801 -0.147245410477009 0.141617389428832
-0.415739924245594 0.112066645276506 -0.0637080658282793 -0.106426777868389
-0.344676311517149 -0.0153896630387017 0.259754650271471 -0.140329111909833
-0.305821085614639 0.00688522752463161 0.452745518919482 0.0837090354369786
-0.408626702018903 -0.12411910422182 0.372655020528236 0.37768935601018
-0.520779502977818 -0.297001791533852 0.40502243400296 0.416122272857026
-0.25629081087489 -0.151270058841308 0.289763925181868 0.381639244674633
-0.204220167925524 -0.101591367858252 0.201754147870008 0.0902142840427031
-0.240395405842485 -0.0591582495471446 -0.0492893032823612 -0.0297188609479092
-0.309454844195001 0.018549179978765 -0.260280357020041 0.0367060881017599
-0.297693890234048 0.171921738648956 -0.389553695243971 0.330335278283264
-0.215308486477675 0.286738063243765 -0.323897069672987 0.545869611456464
-0.158261850134568 0.315699539937663 -0.228727176681282 0.611309708278361
-0.164411371998959 0.274602415802756 -0.166047736232887 0.567525275851049
-0.199184366114412 0.226984477590781 -0.231244610125701 0.442263458924164
-0.254384919531211 0.127639222219537 -0.260227364669853 0.180360298832938
-0.23029525241692 -0.00846061358267534 -0.121015327421371 -0.119518433783455
-0.136261844503535 -0.0448599033081319 0.284889162212734 -0.112196260052718
-0.147583210762382 0.0316626347292205 0.456684433757246 0.202513104710401
-0.263387655092364 -0.0515162632072829 0.304507012706658 0.456431642265969
-0.349911020517256 -0.176604636223385 0.439086107338765 0.492782568372069
0.0615448910561593 -0.0230545612866418 -0.47178599372874 -0.43667174283277
0.0380228686828441 -0.0607149135459551 -0.265643465064452 -0.474809662205294
-0.0314158124848004 -0.0380270486963091 -0.430927893575723 -0.311483266047575
-0.0302666297548664 0.0388454387972763 -0.379580260778314 0.142733195852323
0.0339359518881113 0.0572370621638316 0.113230164443057 0.217756682250983
0.060512090345788 0.00516316960105077 0.375933933855936 -0.133222634997864
0.077320819299752 -0.0191382426970951 0.336527684793039 -0.491922587728861
0.0677241019056192 -0.0398983254199634 0.200373996617631 -0.668476641909706
0.0679095932299991 -0.0513053193073404 0.176872504865577 -0.720003006969508
0.0761319410514761 -0.0424304015958753 0.251932991545536 -0.65610453227651
0.0916489413573064 -0.0102902020367264 0.339070372530896 -0.44883709661271
0.0604572555615771 0.0646013563041834 0.247696843040286 -0.168005944215625
-0.0104049633865383 0.0513557414791658 -0.00135630220963007 -0.0419560063774499
0.00796076981413556 -0.0269461931435198 -0.178556900656531 -0.0992056165472205
0.0498996553637226 -0.0171161765379285 -0.291658963660416 -0.448283275179201
-0.162064448558219 -0.1624753927773 -0.437735530928956 -0.459895794499892
-0.162799948021613 -0.128510830711453 -0.199627684479412 -0.489194381720421
-0.19107566960079 -0.0390957453189754 -0.392309944252478 -0.374104601735606
-0.170207134660186 0.0383960481413959 -0.396487857810555 0.0862754508881045
-0.141635235573045 0.103846685035477 0.0845771153595227 0.218806755439993
-0.105834201860892 0.139654176999157 0.366418310648217 -0.0933130710939495
-0.0413319094674461 0.191076898269811 0.346781374850561 -0.463985795064537
-0.0325879311763539 0.201003710424649 0.208887858041282 -0.637961946507633
-0.00457525742441914 0.209371967128916 0.160818919379963 -0.696167708072725
-0.0605285636868681 0.225892988702848 0.226165270733238 -0.649033659570129
-0.125721489545472 0.183089248586276 0.32297816306457 -0.478631880960089
-0.213020658923046 0.151337476770875 0.252914608805489 -0.184877263763808
-0.259022124977224 0.0293786375020678 0.00830377183384431 -0.0452780598294729
-0.223942483645649 -0.140962636838989 -0.150953621061793 -0.0788478077870558
-0.195880068719688 -0.18028596972624 -0.244370109292269 -0.37832562368989
-0.367580377974555 -0.292575996029905 -0.348138089235928 -0.414730883573219
-0.3565748031986 -0.199743011632766 -0.147468384446008 -0.497074699610728
-0.35208728350456 -0.049458108853243 -0.39849323446456 -0.394214096241857
-0.320558022640118 0.0313340016053043 -0.400456825510758 0.067032766608829
-0.320402381410111 0.14572161285494 0.0583880456599739 0.208045718926562
-0.270558734962114 0.265063788715685 0.310010164361763 -0.0517827221144442
-0.159102556027254 0.381654865840099 0.294389939790303 -0.371638125097392
-0.124518201818475 0.413133858392334 0.182059543299788 -0.508643060074905
-0.0685989411339913 0.436876232026064 0.135316305635507 -0.567961922105072
-0.171797550241927 0.46496910813578 0.187071527291324 -0.555144798816385
-0.307067785291055 0.364317886973264 0.278461040228192 -0.450633840225192
-0.44108449468359 0.245646002789111 0.25341786267402 -0.196695398902318
-0.467228919654174 0.0376792219104765 0.0654444163039457 -0.0573547065614796
-0.430362881860397 -0.207205133545661 -0.049655353240723 -0.0297731955472748
-0.422959320229143 -0.300755417057788 -0.134378342181034 -0.246223476183619
-0.51045091478314 -0.3789822423638 -0.213441227980686 -0.301793618033653
-0.496866104175194 -0.251630624510222 -0.106164024922364 -0.469259811093112
-0.488153501444064 -0.0772258505870174 -0.417871276909593 -0.358553388443896
-0.485274880083875 0.0206834420493432 -0.390586208801411 0.0739931571199703
-0.49518761937301 0.201612302487265 0.0118753910157708 0.194229250588041
-0.405606605699873 0.389051218446821 0.201637811604182 0.00833580538558078
-0.245926068910571 0.532563587522027 0.190651698101368 -0.220217388340883
-0.195358398398377 0.56046436831532 0.1349008563946 -0.301908423974112
-0.130886740513247 0.586813706903133 0.106645378547287 -0.357968717279576
-0.268295910039454 0.615008198042983 0.143750186815433 -0.383177591022076
-0.446360519709204 0.46767992313123 0.212482530280559 -0.364613115832037
-0.59352377426717 0.287888831429856 0.248596144776335 -0.194715243807015
-0.588338753645684 0.0478207277766136 0.159803346644633 -0.0736551561874609
-0.562674091519454 -0.224878357610974 0.105753034313685 0.0375543048222527
-0.588594653874938 -0.366832548909317 0.0234583922928039 -0.0769933793246985
-0.575021540379458 -0.404236475678685 -0.0597658500256101 -0.141604319221278
-0.552729137622461 -0.274797364393968 -0.0625062742012423 -0.372884382403306
-0.569247573439249 -0.106993773480918 -0.394490288154825 -0.263598980070632
-0.619785141770221 0.021707271991293 -0.359471373216882 0.0840594239311901
-0.613065564181766 0.269888438879031 -0.0755605570598759 0.192517954696831
-0.473467630325136 0.490044994061667 0.0510551568852322 0.111265551859397
-0.284041870408809 0.622266290778235 0.0617004797669231 -0.0102424305239473
-0.236768922492417 0.624848561415943 0.0707439306743298 -0.0525480823159192
-0.190401357959014 0.635122120995605 0.0626712252882544 -0.108265008179063
-0.348017737896393 0.636992392919312 0.079484355824357 -0.171524834738675
-0.53082768015192 0.448380097257974 0.126960667609006 -0.245313827562612
-0.632334722509274 0.234160826509998 0.242273000985457 -0.184102301497669
-0.585029791164349 0.038583143948386 0.275659301701647 -0.0742466632389109
-0.597802489891122 -0.207958354891905 0.26970244164697 0.129549151539991
-0.664097424643139 -0.376547819334485 0.193462086993439 0.101704449463104
-0.546536326561663 -0.367808439072194 0.0903093405693209 0.0456319292768279
-0.516743077156879 -0.258460996281824 0.00840660950926616 -0.211219132763655
-0.562085370260765 -0.11650747576343 -0.298711303841958 -0.151467985421001
-0.649768581368826 0.0402452428200187 -0.316647342771953 0.0744276094487946
-0.6156239144941 0.316399663545984 -0.195108858050816 0.220124241447608
-0.449654184429632 0.526105179052026 -0.109522431729712 0.26094428321632
-0.271456787935858 0.62185328659929 -0.0609790400033623 0.230479134959605
-0.242696654018967 0.593240347746445 -0.000920596415305901 0.200502923965588
-0.233751558950025 0.57723107429957 -0.00870174404363833 0.135182613297368
-0.390142269643698 0.52773079712943 -0.0181064969720406 0.022190608981564
-0.524013353521468 0.311367614075387 0.022761282897988 -0.146155973827055
-0.540363408314224 0.112895871034957 0.241408002777841 -0.172992203994458
-0.47120394092803 0.0215362795561836 0.388066810589886 -0.0337159560785532
-0.536458336664059 -0.163622780503882 0.379548234333177 0.245076647349462
-0.645896561026633 -0.34279801617356 0.34002971967641 0.267185291982331
-0.441498072454172 -0.273829548178306 0.222300110132529 0.227040645121751
-0.398798788651871 -0.192074445006923 0.109640159061698 -0.0409241053381141
-0.449186008384703 -0.0888961363310215 -0.166102454872013 -0.0680090082418889
-0.535622406597473 0.0552180724549834 -0.283665830114835 0.0581090337111029
-0.494200519443201 0.297334623661813 -0.307732502348382 0.282521944570107
-0.343809216444884 0.467481420681995 -0.233211433336586 0.432857230278945
-0.216030671608684 0.522504093021203 -0.15075980605177 0.460892777542283
-0.213498737141283 0.476279634521539 -0.0717775648223372 0.42286280395878
-0.236993501758965 0.434800336771445 -0.104921285547591 0.333483053818308
-0.359094973303288 0.341879159713807 -0.139804697606222 0.148943131769614
-0.412738771233387 0.138416843439793 -0.0741196944291354 -0.106067684985526
-0.347472896066143 0.00645482273668901 0.256905087737054 -0.161332223772967
-0.304884778721008 0.0260209890438694 0.463100570930008 0.0569642615503891
-0.420838254520597 -0.102391100529424 0.3984354954136 0.363198574715317
-0.540890098941111 -0.268348737532181 0.436516762674597 0.396782458654516
-0.269042445997922 -0.135845842405161 0.314841165816092 0.365684769018696
-0.213134939784857 -0.0921526357075414 0.207915395541779 0.0797086201646984
-0.242518830212648 -0.0458325727809598 -0.0543744598309338 -0.0269112230912888
-0.310953693209468 0.0377180881325455 -0.265129869245806 0.0528544264681622
-0.291602621580075 0.191998172255399 -0.37631960756798 0.359093076765082
-0.20015992795118 0.302810626161214 -0.293916625246129 0.574153846071554
-0.140163821353496 0.330511869399998 -0.194101935018541 0.634701035632997
-0.151087126862695 0.288369201969236 -0.133238826915328 0.58287421453547
-0.188197862433316 0.242318988073623 -0.206988468992463 0.458401939842786
-0.249756732965746 0.144906899522481 -0.250876475622713 0.196205290390215
-0.232686908625062 0.00624836781889069 -0.13075647055817 -0.115274353122276
-0.138372621766873 -0.036321868276448 0.284545856880525 -0.135905023190154
-0.144813826692917 0.0426564584120123 0.474630098295791 0.173671015920554
-0.270110230025102 -0.0376607556043964 0.332711323155582 0.446736728496034
-0.362497261077109 -0.156857560127576 0.476344181872937 0.474881085945891
0.0589981931948412 -0.0268204985300363 -0.493643613367832 -0.403452333275866
0.0326477532321775 -0.0632128811618866 -0.290992709238775 -0.451368831317772
-0.0357470224889541 -0.035282606245367 -0.441355991699272 -0.277738689263298
-0.0279863985392801 0.0407244513939569 -0.364862016854555 0.168631739961137
0.0378076765090582 0.0540308779654759 0.124263767939893 0.212019876336477
0.0585370014464272 0.00171633835350958 0.358418235986678 -0.151941226776011
0.0757901872478958 -0.0251576574987069 0.298132376707565 -0.504273658792683
0.066627359501346 -0.0449437977929544 0.154024751858878 -0.669599193659575
0.0649743741241048 -0.0542948582527249 0.127313993833918 -0.721072792215208
0.0723029738066291 -0.0465881331343077 0.205604296451323 -0.663740352498226
0.0889649753873101 -0.0164170463280216 0.308212172392754 -0.467656927827657
0.0639999917611785 0.0601594737192423 0.235715564581604 -0.181626384245422
-0.00654143743466126 0.0497815213380702 0.000581721762926985 -0.0355838892185307
0.00487387380682375 -0.0263052583780349 -0.174420057671736 -0.0859780779269523
0.0485134686849024 -0.0180130692264871 -0.313756231350805 -0.423354427550104
-0.169283561673116 -0.149534561922267 -0.463804727985122 -0.427649682165348
-0.167658740224844 -0.117496701832881 -0.226188074583499 -0.470401412866766
-0.189998231390991 -0.0251207336638869 -0.408161480547203 -0.342833378867193
-0.164173243556133 0.0487746311726536 -0.385212646782876 0.113911978264456
-0.130682329946542 0.110593597575019 0.0950367496342257 0.213393125754838
-0.0955214594321705 0.144320569477453 0.354173798837488 -0.112745760793541
-0.0273758376639591 0.189839341083837 0.308116784928192 -0.478215815037903
-0.0163557923284184 0.199220471066849 0.161168869229271 -0.639405558277928
0.00992759854770327 0.206459633071583 0.111667329907208 -0.693749237623582
-0.0438162686998089 0.227032929401859 0.181878542289893 -0.656277880082734
-0.112309858267806 0.188267712001191 0.286750129113319 -0.49365001233836
-0.200299578501296 0.163228931629543 0.241135119887442 -0.198400871328262
-0.251206740542855 0.0435249826995489 0.00919730002396062 -0.0388888939588956
-0.231006068275832 -0.124998306232885 -0.147524835526978 -0.0670102983649758
-0.202099946801705 -0.163476541169366 -0.264972253590639 -0.356620707230993
-0.378575792870612 -0.26522267874789 -0.373211251165331 -0.388781712641732
-0.361989397029664 -0.176460819903096 -0.174269100926272 -0.480495394413814
-0.345938418962615 -0.0241496508283077 -0.413099597681731 -0.361476689469742
-0.311116654485866 0.0503958039560695 -0.391130704880832 0.0946156604277463
-0.303064917703004 0.162491454027384 0.0675981004138042 0.201932455035118
-0.249007538556936 0.277438468697331 0.301871232513007 -0.0691777689872749
-0.130729725967621 0.384925677388986 0.261974676521085 -0.387210742107952
-0.0939110092935725 0.41601227046892 0.147437264862159 -0.510648110095952
-0.0403840498181742 0.434536608500463 0.0952810963970766 -0.566253317982057
-0.136023760149238 0.46858341014026 0.148832033053893 -0.560466748586394
-0.278042195954822 0.379312096116344 0.243958716012836 -0.464548964869592
-0.420138330647993 0.271063621067434 0.242035896367813 -0.210418191053483
-0.454992828957453 0.0640024730442837 0.0639974883412175 -0.0545165911840394
-0.43923417482016 -0.177142454565725 -0.0458556840556521 -0.0250895421147924
-0.432459214263027 -0.267930231433918 -0.146285909923395 -0.234022392102226
-0.52567907375877 -0.339732182459595 -0.232948687218367 -0.28560259334376
-0.501856766958246 -0.220658987089185 -0.133996308962671 -0.456139416653486
-0.479107124357467 -0.0431395770071996 -0.432141139301491 -0.323559433419829
-0.472947671829692 0.0492949788172225 -0.380606831380368 0.101489037454611
-0.471015675821724 0.227628987303403 0.0212092881747977 0.189746392389999
-0.374265092343366 0.407467672780253 0.199308580912002 -0.00407000679960306
-0.206660940193726 0.540261674198369 0.170328146558213 -0.228481931385288
-0.154912930075256 0.566082688741319 0.11328725291672 -0.304388298330775
-0.0907571018838845 0.584586930597196 0.0800010576206376 -0.358237601334967
-0.220220414800168 0.621992920410606 0.116572761496269 -0.388906646452408
-0.408548704552099 0.491032737571421 0.18372959435201 -0.374151417966508
-0.566422032279679 0.32212282350245 0.237810059873306 -0.209447362230861
-0.573553588816553 0.0816683171258739 0.154760571301768 -0.0773365532836822
-0.569148432703713 -0.188183333392302 0.109578029901809 0.0318847728390264
-0.598634043348811 -0.322640595872779 0.0200401088084351 -0.0782965957820659
-0.587740344555995 -0.360566064605964 -0.0709363886044189 -0.137155232410867
-0.558219102057955 -0.236823946672215 -0.0847518263273319 -0.363519919721837
-0.559130270346995 -0.0689530241433139 -0.403195371318568 -0.233757223081859
-0.60562820333235 0.0588860374519276 -0.350009890322665 0.107395021123947
-0.583744844343948 0.301263944144034 -0.0649206900683126 0.19155861462306
-0.431723814539119 0.511612091178369 0.0572799447841356 0.106264070167279
-0.238464543988803 0.628950049419329 0.0580434307276599 -0.0132240240401896
-0.1909226040703 0.631215132673641 0.0661913756093025 -0.0549385275788806
-0.146089124412819 0.63533426940007 0.052201726879372 -0.110997048589275
-0.298834756985008 0.648149768970549 0.0671389442578617 -0.176915763816121
-0.493225398288807 0.474969698389371 0.105826085349637 -0.250458429517655
-0.60770686065057 0.2722757011382 0.231823323329347 -0.199526080466339
-0.570310809067563 0.0721433032485056 0.267745520860231 -0.0867980950543516
-0.60048998275385 -0.167849661364736 0.274909179247929 0.112833183424177
-0.671648529770407 -0.327605240955017 0.198848626071413 0.0866004479788461
-0.559117125233155 -0.323910468266487 0.0891915402345369 0.0370775599653123
-0.522071687401772 -0.222655825577669 -0.00433129224874689 -0.209332948306812
-0.554092255290451 -0.0787628977281445 -0.302322011406761 -0.129274709336558
-0.633830557769284 0.0789734098574967 -0.308395364737145 0.0955801026933608
-0.585676474262991 0.347900379779777 -0.179910380774822 0.225531344843972
-0.407923425102623 0.545869577909617 -0.0909519307203115 0.26415484755875
-0.225671735833079 0.630242391221228 -0.0453104916362041 0.23213881104725
-0.199507117439168 0.602908910634531 0.0124074519731991 0.198094568611607
-0.193849819418933 0.582263743553676 -0.00111029713671755 0.132754704717793
-0.348068793298715 0.544111598285947 -0.0165168909801169 0.0204481823934917
-0.494935978527626 0.340593951849382 0.009539216126717 -0.146517496133081
-0.523596565768637 0.14623724206433 0.230121253133879 -0.188766445644028
-0.457712090901315 0.050209566830572 0.379423315052403 -0.0569246521653085
-0.5382677290605 -0.126313663321225 0.389428963064498 0.219610555519093
-0.651937944319476 -0.296279759767453 0.353309426228827 0.24115604612955
-0.45130057515821 -0.237894174378973 0.230814544462326 0.206812958822301
-0.404094421265529 -0.166275812682397 0.105693602098433 -0.0479044595114725
-0.44056271017508 -0.0598741151465564 -0.168079647993957 -0.0558649299567664
-0.523064966064081 0.0874941193122421 -0.278248214056488 0.0768059679598973
-0.468718636698783 0.322628964033327 -0.286935330869639 0.295156342080976
-0.30822228072024 0.480805335023887 -0.203214725387444 0.441198766146422
-0.176220672141074 0.530818583093224 -0.116698641643788 0.46481075250456
-0.179000057290234 0.484757940559262 -0.0423209265179375 0.421145922839975
-0.204884350756305 0.44223114251927 -0.082469756333846 0.332128096276507
-0.328858960409921 0.358850592719388 -0.127355585331112 0.153178159299561
-0.397144542474062 0.162391353602818 -0.0815786335901681 -0.100533784154165
-0.339592876525921 0.0297352701071366 0.245212638148627 -0.180140984047211
-0.293555897778919 0.0458284255785974 0.458045140236839 0.0251241697562701
-0.4211536893855 -0.073956923845013 0.41471616262837 0.335294559579064
-0.547391533284194 -0.228009617761475 0.45771717246199 0.363305313474335
-0.272366311814044 -0.114437310807741 0.33241692926728 0.337565679749174
-0.216200835353173 -0.0784772561126808 0.209573335754318 0.0647981089468229
-0.238267816472221 -0.031594960657579 -0.0564356869525737 -0.0227461022227503
-0.302601985538566 0.0567266498389598 -0.260055227425163 0.0693372889122529
-0.276843386350704 0.206857328847647 -0.348033951700789 0.376158629085895
-0.177130460803132 0.3106967585954 -0.251123167198971 0.585160168275793
-0.11515866039034 0.335715128500049 -0.147829690778105 0.639501759880878
-0.130336027124982 0.294848748314263 -0.0919172165516323 0.581439689628904
-0.169541213954168 0.250525050435257 -0.173161414842824 0.462464752522072
-0.234963190050662 0.159564215395591 -0.232836762683951 0.205853870213561
-0.227459060931122 0.0216264566145083 -0.136885387666956 -0.106221710791636
-0.136512459004586 -0.0256506569760237 0.272591127808104 -0.157209548494046
-0.136671709821012 0.0531673848848914 0.477265127565344 0.137288427851436
-0.267874467494338 -0.0193224752397164 0.354002985250604 0.420926998663201
-0.365402539179468 -0.130016865481591 0.500903634691663 0.437944752780439
0.0554788167337578 -0.0286314113547653 -0.497005121672792 -0.367403320614949
0.0285880209745785 -0.0631584277209977 -0.301299671752514 -0.424017032717023
-0.0376179614750296 -0.0321025031456891 -0.43619297594709 -0.251123942650787
-0.0259989432668739 0.0404679541395671 -0.344551782859024 0.181630726031076
0.0390529963726984 0.0508186429130853 0.127398750182973 0.204049695507487
0.0555154121070043 -0.000121913801553027 0.339292674360092 -0.158784384659164
0.0721410684508473 -0.0287433693719918 0.262890412814598 -0.497598087037387
0.063939569334332 -0.0483066439848094 0.119076907694471 -0.650802301577097
0.0617952114617575 -0.0551093258413197 0.0894112961742304 -0.699899185940632
0.0680264274063638 -0.0477854997310697 0.16958990010847 -0.6519388278003
0.0845178565502361 -0.0202792065624309 0.278153393772311 -0.467734980230572
0.0642996190878592 0.0556984034276295 0.222121325348265 -0.18407773532859
-0.00362803086714776 0.0467942738904061 0.0042655306119829 -0.0296193261162253
0.0024060702460113 -0.0249070062451768 -0.165510119191512 -0.0760216111993428
0.046947919537426 -0.0181624453403295 -0.319719833725602 -0.394339380177269
-0.169219111817228 -0.137294500486236 -0.469243297544384 -0.394170448586921
-0.166132303840255 -0.107192534224742 -0.238346777039686 -0.443776487368697
-0.183007660651791 -0.0138502119035408 -0.404624607112819 -0.312681368094005
-0.155173389910145 0.0544854115668523 -0.365955632626651 0.130276657689067
-0.119549361097658 0.111508589980793 0.0982044144201413 0.205193064038305
-0.0862082115355333 0.143210857973926 0.336183998002686 -0.121735586165492
-0.0178007902936039 0.182977719173155 0.275457065981786 -0.473224097399023
-0.00530605405316842 0.192256396271294 0.128645017536668 -0.623356798843441
0.0193593270166185 0.198073458880831 0.0774735053157083 -0.672545522861481
-0.031016738833997 0.221319832134744 0.146399059923534 -0.643349576574843
-0.10025009702873 0.18641133232164 0.255912806031729 -0.493170033791891
-0.185906189890127 0.166843958019433 0.227308959520778 -0.201494092117022
-0.239669205774562 0.0502811570048167 0.0125355646761282 -0.0322374613686052
-0.228923851084912 -0.110302036514879 -0.139947591181165 -0.0585933333000789
-0.199140357618569 -0.148295452771265 -0.268104635495413 -0.334598451544376
-0.37383071347544 -0.239163267285277 -0.380119150822142 -0.360693429476314
-0.355012137022915 -0.157074609985264 -0.188494207521822 -0.456994336205756
-0.330519620755451 -0.00688708421787463 -0.411225514156607 -0.332662211850563
-0.295959848392844 0.0624182401525072 -0.373505089417506 0.111592938485734
-0.282712152707232 0.167614401831201 0.0702113320861254 0.193369477249662
-0.228259864072621 0.278606501772842 0.287271608899965 -0.0780691675843402
-0.107732285822965 0.375755082978171 0.233774464869542 -0.383476124439346
-0.0706644094717926 0.404624600966475 0.119742726385174 -0.496986234086421
-0.019262131823342 0.418247134378577 0.0639968595190817 -0.548945309048382
-0.107994242664134 0.458722114850565 0.119673715181403 -0.551706794627657
-0.252752891927838 0.377285551983752 0.213833734187506 -0.461531933471727
-0.392888443282893 0.28144885839214 0.228618429340355 -0.214820402789608
-0.434587342479251 0.0782226734910893 0.0637432630140225 -0.0498682614218064
-0.431049503821978 -0.152514585899349 -0.04114567128129 -0.0219883403641063
-0.423904594731122 -0.240158453800779 -0.150699148418492 -0.220387431320422
-0.518818394917974 -0.304302583087562 -0.240550517118171 -0.266815516917556
-0.492454063432001 -0.194224708495403 -0.14580805809819 -0.434622090124974
-0.456891392423577 -0.0185441893372066 -0.427612757825157 -0.295677013449492
-0.451241974163629 0.0676635453415033 -0.364116762084417 0.117425082649567
-0.441583341950478 0.236631290886031 0.0248332909673213 0.181731739639826
-0.341272629346889 0.408438766022943 0.19190142384988 -0.0118471979420639
-0.174959124282216 0.52888534034939 0.151892011173586 -0.226668741756923
-0.122161586937845 0.55388154216583 0.0970844673005207 -0.297013135843446
-0.0631335945328882 0.565842446822206 0.0600810871485843 -0.348374329329559
-0.183972989962841 0.608566380842276 0.0952161256844509 -0.38328691815059
-0.373464821635534 0.491553841346144 0.158039826606942 -0.369921623555026
-0.53261627039529 0.335791804904485 0.224565554645524 -0.214871954231205
-0.54773642158454 0.0998844019682543 0.149764599880655 -0.0762871987027256
-0.556199041694003 -0.157823762141161 0.109564581285346 0.0270363005199546
-0.583881073440202 -0.285259994822788 0.0169742857738228 -0.0770614764385667
-0.579185413102526 -0.322002666620597 -0.0776550886993081 -0.130044917886286
-0.546678683842516 -0.209816303231047 -0.0951626074932229 -0.348872330963023
-0.535369999263444 -0.041818229855641 -0.396522524202671 -0.209618377515828
-0.578985770687713 0.0816187137445628 -0.333563577774764 0.120630361829471
-0.549355933369926 0.314212082251586 -0.0583913859039996 0.186031607274614
-0.394882689638911 0.511663210375624 0.0595560713786051 0.0997961493305568
-0.200044594328018 0.61795918210919 0.0536561827005625 -0.0139036338672454
-0.155030440570654 0.619195334186735 0.0625883824607057 -0.0550200557121215
-0.114264761033509 0.617452597387447 0.0442688628053614 -0.108605633863148
-0.259283354266313 0.638086712054631 0.056375137449328 -0.176699667524598
-0.454672627251063 0.479439726059723 0.0878427290344855 -0.247827662589253
-0.575030694078567 0.289884366469036 0.219542956859861 -0.205898507868918
-0.544152948781152 0.0902299634998309 0.255835759480615 -0.0917993457232543
-0.586598630515721 -0.13761660331299 0.271360955832284 0.0988124235393889
-0.657268182511092 -0.287260559708537 0.197071088436006 0.0744606807637007
-0.551940238000648 -0.288855355449768 0.0851006218777651 0.0305742771674396
-0.513638419240177 -0.196388862329025 -0.0118107728302759 -0.203927983336941
-0.530519028310395 -0.0531053389995387 -0.295296847658231 -0.112370485986868
-0.605710192208699 0.101510800367784 -0.295396689503814 0.106883218387941
-0.550406077641165 0.359979789203153 -0.167838146712766 0.222806472278552
-0.368437604875164 0.543198711961374 -0.0771097327403379 0.258459037328868
-0.188101928356379 0.618478596812475 -0.0344743591641497 0.227226135971562
-0.165427252485616 0.59105401002823 0.0221653302455622 0.190455175226307
-0.160892630502384 0.567847652400785 0.00298087268844506 0.127373090630865
-0.309177387259728 0.53794114898861 -0.0152298686100621 0.0179100708378092
-0.462685683287549 0.34995145837662 -0.000506916187130794 -0.141772849228746
-0.496071412620846 0.165684821574017 0.216598174003393 -0.197114569265774
-0.435621874550762 0.0665100716760161 0.363643144725764 -0.0699947673904421
-0.524096649606682 -0.101173007760078 0.386005333662947 0.19824922960227
-0.636155071745749 -0.257165746589709 0.352587383443251 0.216647805583214
-0.442827982691662 -0.208531869965275 0.230085991890412 0.187407632378688
-0.397371209393575 -0.14553771130374 0.101002610426683 -0.0520463418626117
-0.42316558692257 -0.0407499329090522 -0.163561189082529 -0.0474863867738684
-0.498934875035371 0.10617668192205 -0.266720420155046 0.0858254932964405
-0.440879124868191 0.330335647213977 -0.266721596138716 0.294246948309514
-0.275418672424118 0.476744632998336 -0.177188243886983 0.435310540574542
-0.14527887185738 0.519804311415072 -0.0919301359097318 0.455260170277662
-0.150767550012888 0.478138803788827 -0.021499346300799 0.406522813758982
-0.178748829406092 0.434877128934139 -0.0659333399234562 0.3218021684931
-0.29936009229318 0.360469981252731 -0.116251172805728 0.150454313634966
-0.37468630918122 0.174447007664919 -0.0858411000201707 -0.0941860180190597
-0.324244036244253 0.0437699412864038 0.230455154783578 -0.189253302154217
-0.277330128129134 0.0566293758365091 0.441841635736451 0.00383501911066012
-0.408217299424645 -0.0539332527918775 0.413343781725764 0.30833892940833
-0.533791394170963 -0.195704123657718 0.458120925304229 0.32979541062797
-0.266130590048334 -0.0967469428769186 0.334435997456578 0.309810252496588
-0.213191828853035 -0.0672343943340152 0.205299954592891 0.0526622022951297
-0.22886543333126 -0.0224469921100946 -0.0560181952059565 -0.0201082405752524
-0.288057153578186 0.0672421723960722 -0.250390504504221 0.0773612676076825
-0.259387058225629 0.212487003386402 -0.320351391669472 0.375812871140808
-0.15667851507988 0.306803566034006 -0.217404034315781 0.576260312516236
-0.0947767633132497 0.329128489156814 -0.11248088093956 0.624017772580653
-0.113020223835954 0.291214935246644 -0.0623499083543576 0.563013847510659
-0.152401833080948 0.248902699515469 -0.14644038961121 0.450110260443355
-0.218266882153487 0.163992937652416 -0.214806923049824 0.206255614280081
-0.216351140218755 0.0312490731210192 -0.137054438800583 -0.097858834432644
-0.130758723957605 -0.0172300977543614 0.257910751208675 -0.168746854780582
-0.126833481385089 0.0591399730212849 0.463943454896684 0.108662256215923
-0.260003603817671 -0.00760703725199717 0.358593339034167 0.393378206911143
-0.355599053173333 -0.109139309236021 0.502966307466698 0.400539803989094
0.0548861415482512 -0.0182237841948806 -0.467257466762346 -0.381697423317236
0.0287144986160228 -0.0546914916401308 -0.275025707945266 -0.420866794778526
-0.0379843146455998 -0.026892390640331 -0.409028980166867 -0.257479331353941
-0.0242887100946287 0.0402375219993491 -0.335850461318624 0.168168689568625
0.0370174742793306 0.047591553844778 0.118143814419603 0.203969335694709
0.0512996898649838 0.000598443949074831 0.329175173544916 -0.139256833069793
0.0735989791550162 -0.0303580226515491 0.263612036034994 -0.474370822495415
0.0671343986325431 -0.0485066591156552 0.126995145135481 -0.625277907118529
0.0643817946327354 -0.0583279709117338 0.101702944269161 -0.674553536485782
0.067622629461562 -0.0496168727733947 0.178965130393795 -0.628595554043484
0.0835151891715701 -0.0215207216087047 0.283564410959381 -0.445032686861643
0.0631889879266546 0.0513017731639111 0.222767674436119 -0.166233149374292
-0.00501788317966463 0.0440445879067544 0.00917529473997988 -0.0233703952628472
0.000233416499305934 -0.0251328921488858 -0.149987968865755 -0.0803965222293971
0.0416921087865255 -0.0178718701426409 -0.285651070507447 -0.390739837487788
-0.159458503913666 -0.137781477231825 -0.447605089196576 -0.398600469043186
-0.158247808036044 -0.109042169038556 -0.214706530223308 -0.432385456913597
-0.179131635151926 -0.0157020771879347 -0.372918422310301 -0.309002803676371
-0.147912959852484 0.0483567653915456 -0.35932709279901 0.122437097623847
-0.11698383768664 0.0985700930756972 0.08660956786362 0.210967945903339
-0.0907373394759 0.13385723706664 0.326177001116671 -0.0990877186659085
-0.0219731754777284 0.172215639885897 0.27658031529853 -0.443553469288404
-0.0104604510538696 0.187028421233068 0.136387026454826 -0.595125321221762
0.0142958703074564 0.188364165459327 0.0853442464481386 -0.647996868477959
-0.0351639337243474 0.211771429178795 0.149522487254819 -0.621215185901584
-0.104917226695362 0.177540736785678 0.253277044505456 -0.472687327676557
-0.181642624901188 0.151620747991445 0.216949900590498 -0.187727922420198
-0.234704579231954 0.0389355045832973 0.0130537031360251 -0.0317071717379411
-0.221797649700101 -0.114519081380322 -0.125063362439885 -0.0692013802679269
-0.194244384203693 -0.148728144261932 -0.237649299246807 -0.338644513138164
-0.353956815590127 -0.251265023981691 -0.36951253204907 -0.35391798892238
-0.338597943003358 -0.168058570324939 -0.164941609345361 -0.43614972216448
-0.320783164569408 -0.0157991719805104 -0.378682779576323 -0.323191146214129
-0.282085051358964 0.0494800731325563 -0.369143535178825 0.108921567377224
-0.275905139383598 0.144694595809289 0.057230844506502 0.205938198149591
-0.23201440454785 0.259035252496237 0.279726869904368 -0.0541170133948553
-0.117038611249903 0.35710867534834 0.235605087222936 -0.352684146483918
-0.0834392951877352 0.396509201774875 0.124093261032811 -0.470360667550534
-0.0308376745308011 0.405804586054328 0.0683121713387817 -0.527974622805586
-0.116895461433907 0.443562605690689 0.116684056037849 -0.529652161858407
-0.26010021542516 0.362128196831337 0.200673115957894 -0.444135773559495
-0.384817107403058 0.257264506486591 0.208221230886752 -0.203219471560452
-0.42505011215963 0.0595443618102712 0.0583419540027951 -0.0517392214304441
-0.416165328811924 -0.161661676742847 -0.0324278075916529 -0.0348004690682628
-0.408374730207137 -0.241701334335339 -0.128509778707523 -0.231335727695627
-0.492309031849395 -0.325117819831695 -0.242972812279197 -0.251852018598255
-0.470419452576415 -0.214169033946147 -0.124051279985866 -0.411749914038225
-0.442473460783771 -0.0359542695575044 -0.396218313545968 -0.284260397841641
-0.431408927314274 0.0468631310307031 -0.364988181482811 0.120501187011143
-0.432872124329098 0.204862794077852 0.012079127184521 0.199568378589236
-0.34707614042738 0.380783111566332 0.187252374432393 0.0101272317770391
-0.188209919577932 0.504062423208653 0.156384838358421 -0.199840096522533
-0.140947148580646 0.542126056973652 0.0981204307990009 -0.277350528804462
-0.0784998307762373 0.549519530138635 0.0575289601830763 -0.333960571560913
-0.19457592521344 0.592890998377793 0.0864223390834808 -0.369067756825674
-0.383960085951838 0.470442409609855 0.140207275926482 -0.359154258616186
-0.521377278677364 0.306445220511891 0.198083116966724 -0.207297088841376
-0.53448548750056 0.0745637079470286 0.137662205871518 -0.0774015007354462
-0.536915029096935 -0.168700427936945 0.110000820218767 0.0158039125152537
-0.560996933268726 -0.285870954508981 0.0263313775864199 -0.0912008712016452
-0.549321233098442 -0.348280311207966 -0.0927105820323753 -0.1114686185234
-0.523931731899338 -0.234273574244118 -0.0802466378548314 -0.324756864828347
-0.514850107234741 -0.0641325309934421 -0.370605596869039 -0.19636090508513
-0.554572655042375 0.0535061267923733 -0.339521678761597 0.128988450053921
-0.540688531547741 0.272841010261115 -0.0685738466871507 0.205361505124214
-0.40072763174844 0.478686951736345 0.0587205143975967 0.115009982000338
-0.217068500068096 0.591692828093861 0.0584643827124359 0.004797347803863
-0.176897341647156 0.606143551847433 0.0609991675078334 -0.0442733635733121
-0.131166745202526 0.602370935756034 0.0365241887340295 -0.103092385829731
-0.266712399376049 0.618896138429917 0.0433487674431945 -0.170390323027321
-0.463103210191179 0.459937247009048 0.0682171059521902 -0.244898586319198
-0.560563636809696 0.259834566526384 0.191422727996135 -0.202962946195636
-0.528068643355855 0.0676129396470783 0.239157745167277 -0.089297141836747
-0.562300998663013 -0.148554723628582 0.260544643188821 0.0902776943221651
-0.629289523716297 -0.288447504389426 0.19149953416114 0.0606532793188851
-0.524666542748812 -0.314537226326172 0.0597375293112708 0.0496018857984619
-0.490409104749173 -0.220506332849736 -0.00523759643181577 -0.183341258222972
-0.509566532875278 -0.0767882093561668 -0.278917112899049 -0.100028636624107
-0.582398687788951 0.071571186718899 -0.302364660160638 0.117055750511663
-0.543473127945976 0.319305554013877 -0.172083756375339 0.237658251251352
-0.376228201364771 0.511827359679357 -0.0758131095538109 0.26194361586429
-0.20663396316012 0.594520541170251 -0.0306945502905415 0.234782960464474
-0.188014724750893 0.579658961775498 0.0168406918100176 0.190843059898471
-0.175934874451059 0.554429661324199 -0.00803584693039017 0.122648075648028
-0.314865418220935 0.523071721359818 -0.0280911858935483 0.0143896176108102
-0.4652419879513 0.330533884030889 -0.0159025790463439 -0.147479685092568
-0.47972160608019 0.141830983319825 0.193944317754714 -0.197068965641433
-0.418504316187783 0.0486922927735439 0.341402451797742 -0.0632481577397696
-0.501853126362815 -0.10811125906596 0.364646096056443 0.192770064937907
-0.607473481535188 -0.259094105354288 0.332693371327835 0.204331682534846
-0.421314150583491 -0.232188413523695 0.197937825189248 0.204459306982015
-0.380869299650841 -0.165543400847418 0.0975905284146031 -0.0362675104367393
-0.407679687138857 -0.0626263200137433 -0.156147590824931 -0.0362230204517021
-0.479500755136737 0.0799626700141726 -0.271620419718361 0.0929970089708363
-0.436013821101758 0.298701293741972 -0.266659385943404 0.297976180829543
-0.282490667150834 0.451753794258042 -0.175601405970962 0.423629801548967
-0.161342163218128 0.503838981047785 -0.0918209540390385 0.449671569697055
-0.167573229230729 0.467264936205424 -0.0286668223050448 0.396403742021894
-0.190542041541139 0.425320596729519 -0.0761763253802174 0.308574213795058
-0.303206579664389 0.34779776790106 -0.123741343987933 0.139504978143721
-0.37268439185548 0.161354457541539 -0.092196797396194 -0.103164542200543
-0.308838899112026 0.0302822510247893 0.216206569212881 -0.189173462235271
-0.262258229394019 0.0480778835812604 0.415505389621231 0.0117444823970393
-0.391685884980621 -0.0579151128662204 0.385211213636081 0.304833683221282
-0.506743925937394 -0.197249779041398 0.428031926915487 0.322283865718439
-0.254598401436288 -0.114519287814424 0.301635218009999 0.321628915966317
-0.20603299820002 -0.0799963235731959 0.195042613071729 0.0643298018446875
-0.220386175627845 -0.0358352017430232 -0.054423911628402 -0.0130946236679195
-0.276664301767982 0.0523640748713977 -0.252224036406946 0.0764126999067132
-0.255143643165167 0.193646970364892 -0.319496771986483 0.36531468336148
-0.158919852312558 0.291333189276504 -0.22075907048164 0.553681065502302
-0.104896916666215 0.322343864198224 -0.117167927220869 0.607546998781914
-0.123825121162511 0.285617327847927 -0.0701989377785207 0.544745181248691
-0.157730914618513 0.243437461386527 -0.153009272237222 0.429546302495403
-0.218574744324018 0.157791586581571 -0.214760971390301 0.190923414608721
-0.214038916554726 0.0246774819473317 -0.132940091082683 -0.105218775943479
-0.119757185174832 -0.023695516320829 0.250199471132344 -0.164494652588335
-0.116075716860742 0.0577285532983875 0.436340233270186 0.116813028150322
-0.249015903905728 -0.00667816179345817 0.32811980687846 0.386707719685254
-0.335010851308425 -0.108899585175695 0.465294093255035 0.3980389323832
0.0540209736971531 -0.0180146739087637 -0.464540652493209 -0.380235843621916
0.0278925713105637 -0.0545385240215027 -0.272607593493704 -0.417408963134364
-0.0388853751278847 -0.0257103108349699 -0.4048825789889 -0.25550624970459
-0.0251018913239353 0.0394076482770231 -0.333284802825762 0.169085786892193
0.0372558214071147 0.0472293127457579 0.116104704130268 0.207808934008787
0.050331380178231 0.00167878914908848 0.326844333425953 -0.134425121113114
0.0723900333901424 -0.0312387320752428 0.259877291945211 -0.468419096991546
0.067252294202133 -0.0509431620047435 0.126430965755557 -0.618664654273787
0.065688705610538 -0.058632571293693 0.100108177010571 -0.66976670442454
0.0683180959586401 -0.0486382406405416 0.178268811174303 -0.624533319986166
0.0817278519132637 -0.0210265189487691 0.282318246503619 -0.443510002637372
0.0625213769359007 0.0514012368365546 0.223539616689017 -0.164498048040088
-0.00531553710301309 0.0428187758967685 0.014989583520544 -0.01981537407383
0.000267990510634977 -0.0243973403284727 -0.143273226629938 -0.0809112114337316
0.0419973942461099 -0.0179695249802845 -0.284460041570373 -0.38803940257263
-0.157142538802492 -0.13649883819948 -0.446587950243954 -0.393988812505248
-0.156349471022701 -0.109024821321466 -0.210302467086325 -0.428950174481819
-0.175454045420737 -0.0142013277921075 -0.369917292057609 -0.3090466269285
-0.146367163595593 0.0478083572176939 -0.35583777156611 0.122233349547455
-0.114658016111592 0.0965382202674672 0.0838778656883994 0.214249010663978
-0.0898125125753208 0.132744253682009 0.323599429593903 -0.094765927300522
-0.0220726907177586 0.170052748767315 0.272096436296836 -0.437423178834723
-0.00923291206953021 0.183725440318237 0.136085612468979 -0.589437064020358
0.0153971091797839 0.186182874291178 0.0857095565634906 -0.642597026963839
-0.0334042610951805 0.210953150695466 0.148777928339403 -0.619291574207745
-0.106029863573189 0.175959142410088 0.251617747222254 -0.471362920992244
-0.180977956172076 0.151173920555662 0.219752972304793 -0.185943102038535
-0.233239773277329 0.0363744106037509 0.0189507666330538 -0.0274217498524417
-0.220013907142141 -0.114922957111181 -0.118814102276058 -0.0689954158075909
-0.189530348947533 -0.149086007118236 -0.235792933395692 -0.336173819344395
-0.349624923376792 -0.249000748831087 -0.367527106606687 -0.350152344893506
-0.336602322872434 -0.17038744330577 -0.161060047369537 -0.434809153867032
-0.313406713181554 -0.0141082432740489 -0.373460580266709 -0.322836774292162
-0.278311470122023 0.0490993105706192 -0.366434014217308 0.110009509990604
-0.272712088942671 0.141525088479255 0.0539422145061994 0.2081938115827
-0.230104226648892 0.257496405775951 0.277187011244572 -0.0505034578729893
-0.115859101022073 0.353033419396223 0.232382586717668 -0.347557694724643
-0.0814231136589053 0.391878661726909 0.124335874021126 -0.466059727931825
-0.0309764908711348 0.401161560034418 0.0676867572734882 -0.52132104852108
-0.115505005482447 0.440839071465316 0.115308505826144 -0.529717407861588
-0.260936061423866 0.359238416805498 0.199228974692118 -0.441779050147344
-0.382402399567116 0.254993769072681 0.211646305269689 -0.203153742650211
-0.422403778040216 0.0558948031747709 0.0638230653803766 -0.0470131404616786
-0.412349825435577 -0.162481480695717 -0.0279552926268752 -0.0344631481860166
-0.40196996938546 -0.241771460620123 -0.125707256242768 -0.230234287503185
-0.484411563807799 -0.324630946920694 -0.242879293634797 -0.250602864261227
-0.467735002548708 -0.215711542827353 -0.121452384498981 -0.41179394957892
-0.432531597102859 -0.0362468072049128 -0.39083774570656 -0.287465189507964
-0.425727312830821 0.0452112708662905 -0.36242043255593 0.121196438446605
-0.428955046919205 0.200230176343467 0.00814789284276029 0.200499854498395
-0.342539462941529 0.378094569408978 0.185312940025321 0.0122231247191864
-0.187124080475884 0.498270901660035 0.152973512038319 -0.195375990189166
-0.13861403437152 0.539066200393469 0.0991333144952588 -0.27474162857471
-0.0800409679384606 0.54623615163836 0.0580458900490731 -0.330376822867648
-0.193275042790252 0.587376260795959 0.0857575252662093 -0.368520199152284
-0.382660632003118 0.46790518197351 0.138301312694943 -0.356807873393891
-0.518931520000488 0.304327830896528 0.201776307756432 -0.209050718210766
-0.529459308042352 0.0703350918745385 0.141827092858056 -0.0722732552939821
-0.530721751291891 -0.170045469284182 0.112196477782656 0.016876694220593
-0.552133120872488 -0.287107110390555 0.0269352794779752 -0.0911411141505218
-0.542076808319951 -0.346802705341401 -0.094362320128316 -0.11155711335553
-0.51919414399546 -0.236656298387167 -0.0764482029810698 -0.326324484073814
-0.504491498751483 -0.0646790681728667 -0.36571980831884 -0.200125021300564
-0.547372434719515 0.0505808332301309 -0.33732921713413 0.129352887751129
-0.536827555268665 0.269044377378001 -0.0713329543091109 0.204562122570513
-0.397563911728491 0.474132912251565 0.0570786936315397 0.1157774935298
-0.214933456919242 0.585793740842677 0.0570915044985611 0.00726532694503633
-0.174957235789701 0.603477090669463 0.0620313469166379 -0.044792040576148
-0.132422414294533 0.59596414172654 0.0362057048504433 -0.102323367612035
-0.266266250542879 0.612640100532284 0.0428407634272285 -0.171707224201307
-0.46180296918573 0.454365201194988 0.0658906491512335 -0.242777774216031
-0.554569644991339 0.257721534542463 0.193189951307641 -0.205693446363837
-0.52202247664284 0.0622919130800859 0.241269414655567 -0.0846966260107424
-0.556872054274925 -0.150906448748548 0.260150629591929 0.0925930146252553
-0.619833219656999 -0.289833306990818 0.191501712312031 0.0601472646075573
-0.51601416789651 -0.312891491098644 0.0559982250063883 0.0484311507365501
-0.486502709543009 -0.222132275718851 -0.00340660701023479 -0.185615578384521
-0.499577298236954 -0.0786944726460394 -0.275805176256722 -0.103775369690264
-0.576423792597265 0.067827919472856 -0.301599204960865 0.115692311297689
-0.541501291941128 0.31402266417515 -0.174911519022441 0.235283078249851
-0.372553236965445 0.506614942288432 -0.0768880559650262 0.261943731504069
-0.202756551113789 0.589107419823001 -0.0300901255388988 0.234920748205805
-0.183897957776343 0.577389721169213 0.0178936682067019 0.187892293439736
-0.176050237205752 0.548419085589045 -0.00837832956725716 0.12070915719763
-0.314338586206973 0.516912277654266 -0.0279599411994564 0.0113453874423892
-0.462135660042039 0.328734982450622 -0.0172643931300239 -0.147114431784297
-0.475640635746794 0.140791643652463 0.195242238404785 -0.200889788752734
-0.411293898899427 0.0466050225518669 0.340494385655282 -0.0606477693769115
-0.497593623565569 -0.109313612251725 0.362920541258186 0.194406572240653
-0.597764542290194 -0.257844415799809 0.331914225431123 0.202166844362912
-0.414756549301294 -0.230230136124885 0.193185692552135 0.200809139718997
-0.378333329570241 -0.165145243597843 0.097234989300914 -0.0384083944590459
-0.399868481252691 -0.0644578301407122 -0.154411905126021 -0.0400341816522538
-0.475422850637038 0.0764550081401409 -0.271246331213401 0.0908058103998016
-0.434661689410576 0.2958761249873 -0.268552547529486 0.293895091492854
-0.279829605467277 0.448088254533933 -0.175175570658248 0.423610142224116
-0.159165474474384 0.500018281444635 -0.0899401805773839 0.447411969789927
-0.166005337570933 0.466198985110751 -0.0268419952501973 0.390380719651579
-0.190650773171488 0.421190956091499 -0.0760860910683089 0.304382569074365
-0.299455687378987 0.342866395846989 -0.123013378071233 0.135720222467768
-0.369686581918876 0.158595363848472 -0.0922479662878162 -0.10339836940085
-0.302540725810837 0.0301378688851516 0.215920509178564 -0.193023312183111
-0.256143838507048 0.0478058191084611 0.411754712056646 0.0124941760321005
-0.387467967071077 -0.057694906034305 0.380902729220248 0.303815265100562
-0.49833757778784 -0.195982533031925 0.426268022927112 0.319959489052897
-0.250998773008557 -0.112744431134101 0.296061606789757 0.31633027325579
-0.205382348006829 -0.0803313208029258 0.193194939220566 0.0620534318043868
-0.217148327903654 -0.037762875951017 -0.0538840143245224 -0.0152424442624006
-0.274256730748731 0.0498971462031244 -0.253261692087247 0.0735850998619063
-0.254721868657087 0.193067501727834 -0.319413961838435 0.360105193367393
-0.156913974766461 0.289340597590611 -0.220580663099588 0.551964996427429
-0.103056235121866 0.319357367032972 -0.114391759298527 0.602838538898895
-0.122802706354312 0.284813941157478 -0.0688946331379918 0.536154373455624
-0.157542547068306 0.241765798184844 -0.152737655951557 0.422246258225749
-0.216068477321025 0.155455335939862 -0.213594318010517 0.186331906348318
-0.210576431353764 0.0240489927683302 -0.131368548718391 -0.106138283382869
-0.115442421207855 -0.022454887112895 0.248125159132226 -0.168033894630368
-0.112122383669806 0.0589809386905596 0.429556963418191 0.113246552306035
-0.24825992345455 -0.00685620585327788 0.323636251379877 0.386141798507392
-0.329534366939858 -0.108559007941302 0.462444901390549 0.395711979645318
0.0538008447096607 -0.0181168617424092 -0.473972492068452 -0.385579415137115
0.0282297986761023 -0.0553158336278297 -0.277196354028094 -0.422708692766946
-0.0404279989851761 -0.0251354294737976 -0.414112984694701 -0.261539073010439
-0.0267047493535383 0.0402054225989677 -0.337477106448547 0.175567993785873
0.0388118852557851 0.0475804227192325 0.120303270539491 0.217077684520044
0.0506617255012347 0.00217200204067834 0.334519306286221 -0.134497827541349
0.0724661363526003 -0.033166902954325 0.261865733834546 -0.476596591315795
0.0687077933152575 -0.0548713846078248 0.127281418136072 -0.629027041444224
0.0690253477193351 -0.0612909961385292 0.100610453594465 -0.682265021222453
0.0707125571465124 -0.0496607534636831 0.180383955404563 -0.640529294967591
0.0823731663153716 -0.0209643955699864 0.290688700833628 -0.456461504677334
0.0635039505115187 0.0528675002421411 0.231537684354439 -0.167283011242625
-0.00563227119513644 0.0424666400929834 0.0214144787342828 -0.0168384454827711
0.000407969888463291 -0.0251029864065547 -0.141179905209222 -0.0832216480880901
0.0431900756685904 -0.0189416279051624 -0.289767497658821 -0.392852427925275
-0.159843013503231 -0.139322505573585 -0.455516550447383 -0.401283594342313
-0.159946788627004 -0.112058965213305 -0.212886997547047 -0.438308834857183
-0.176521844100876 -0.0124919737219328 -0.375558350288364 -0.316271601165116
-0.149199453889534 0.0494691386397856 -0.360924432515764 0.128188549976907
-0.115824169691694 0.0973107058232679 0.0854394617663266 0.223064347646014
-0.0908238380791384 0.136225250809978 0.329760567750963 -0.0944773060198045
-0.022504620224503 0.17267018845869 0.273827825907993 -0.446055657114093
-0.00833181177336734 0.186154355294501 0.136833101986362 -0.598871733470893
0.0170658374871132 0.189243280257274 0.0856824445623883 -0.655337491515394
-0.0329717488096476 0.215736211680799 0.151335512060592 -0.635054768798969
-0.109110958809833 0.180454926888783 0.255737908664416 -0.484276937820025
-0.184840179901144 0.156042263697282 0.227706071965719 -0.191381293526044
-0.238620341038506 0.0357264336644495 0.026017514551687 -0.0243911301348897
-0.224292691021674 -0.117558876442769 -0.117031828500018 -0.0712293523611586
-0.191670134583156 -0.153259973551354 -0.239421058163253 -0.341875309760393
-0.354584353612442 -0.254321138879598 -0.376854163523629 -0.356551362361515
-0.34371404773558 -0.174459730560498 -0.162553293301485 -0.444256835507064
-0.314706523144931 -0.0127000431865979 -0.378982750184501 -0.332759943490383
-0.281762899500443 0.0505227584241228 -0.37240483538492 0.115836598197788
-0.276393803908323 0.143084688213664 0.053791172966274 0.216791491636683
-0.232136176996418 0.262657872667387 0.283067511289044 -0.050419341923789
-0.117165851600889 0.35960760645277 0.234259931060298 -0.351476476673893
-0.0803753596027173 0.399599190484542 0.127378907164647 -0.476556816862262
-0.0310349698701422 0.409216719396718 0.068515749483034 -0.532487329103568
-0.114642173324919 0.44899853389396 0.11648860984953 -0.542047590656031
-0.267107831905464 0.367916642916621 0.202731237324686 -0.452818020577917
-0.391107301806976 0.262341575047899 0.219225603107308 -0.210449443904615
-0.430832315893637 0.0562897956465187 0.0720441670850343 -0.0447429579770596
-0.420278357947255 -0.166831263721127 -0.0246808237282946 -0.0348263970301491
-0.407066926023035 -0.246892155872893 -0.127852676501072 -0.234759310003369
-0.492321097191106 -0.331169447498602 -0.249123820794938 -0.25478516874476
-0.477398415399408 -0.223522947913911 -0.121495997037489 -0.422157304419608
-0.434363596313199 -0.0349888485860841 -0.397547635603499 -0.297198986348476
-0.432253968926245 0.0472505959553904 -0.369822457303074 0.127383504144485
-0.437085945579638 0.203060133872248 0.00638705906738395 0.207690060750348
-0.347362389575312 0.384193187803815 0.189180328509907 0.0140371495893097
-0.187207803359309 0.509067861261191 0.154183647568469 -0.196980447781595
-0.138339800634097 0.550742055967403 0.101844566844085 -0.280616172764508
-0.0813154708654815 0.556035671138725 0.0583030875459427 -0.336608418414319
-0.194136112659416 0.59875122912585 0.0855283174351593 -0.37930847263724
-0.39251039226059 0.477677028687554 0.139264858263641 -0.365777963919973
-0.530352323191138 0.312913974435421 0.208743303149116 -0.218210696466711
-0.539841866125802 0.0702215733571279 0.151156742697678 -0.0708434026006249
-0.543009469520063 -0.175792963957542 0.117585402824854 0.0187813127655771
-0.559628802050039 -0.294031418479961 0.0291372126425133 -0.0931617813315304
-0.550813298637401 -0.353435840204961 -0.0984685938718354 -0.113568376422436
-0.531852641687299 -0.244342683132802 -0.0763403195873097 -0.337201915995199
-0.507419525140082 -0.0672359005054384 -0.372570516829532 -0.209024463113818
-0.557312003065913 0.0508230685324974 -0.345016953449854 0.133645208636264
-0.54811150666199 0.273645642106636 -0.0751895899119354 0.210850382613472
-0.403279747793527 0.483732014256997 0.0582767802063546 0.119706116293446
-0.216151827379037 0.596668453006039 0.058726643422218 0.0104244775345102
-0.173886024516644 0.616980310398399 0.0645358633613665 -0.047015963698997
-0.136561812372412 0.608135624383542 0.0366949767302565 -0.103976070761114
-0.268864920708949 0.624521601819424 0.0423688004047172 -0.177552325181183
-0.470808180797357 0.464639715581781 0.0651994533201063 -0.248918853970222
-0.567210074492877 0.26533432343936 0.199581988726938 -0.215668405545407
-0.530801483393106 0.0626267518921702 0.250608428583096 -0.0840847738144968
-0.567573789500517 -0.153459696322418 0.268267405753767 0.095697910240861
-0.627294049812782 -0.297064264806629 0.196550502693213 0.0599866446453694
-0.523567882915191 -0.3182939561621 0.0547414083082021 0.0482761362692687
-0.498115250308748 -0.228162165424487 -0.00310407858512516 -0.19340256539558
-0.505530761920923 -0.0829403215929502 -0.280831915752782 -0.111062338629623
-0.587335938650721 0.0681017904748974 -0.308290787652984 0.118826276223248
-0.553784888863596 0.320713450024226 -0.181912857278352 0.239943349827639
-0.378444893180112 0.518072257747858 -0.0780431783963236 0.269115591978773
-0.203144292583901 0.601765519621388 -0.0287844299169982 0.242186582742351
-0.185273538266487 0.590028422675815 0.020142194908219 0.18872781406811
-0.182374679761637 0.559836800990361 -0.00824940478451073 0.122657524036571
-0.31834013351404 0.526280252343639 -0.0297952721372445 0.00910244023190876
-0.47240794871017 0.3364616847591 -0.0199687992297575 -0.151149181315787
-0.483246093641307 0.145321268425124 0.199923024623257 -0.211144341491438
-0.417015938189254 0.0464283699723113 0.349864024899233 -0.0601080791670518
-0.507450424487784 -0.11229910536908 0.371255398781223 0.200198616596454
-0.605733683483994 -0.263892707683237 0.340616393807209 0.20485696927325
-0.422296977207572 -0.234893762320871 0.193980420563035 0.202994989780965
-0.387513358386187 -0.171021921411152 0.0993636591019148 -0.0430615067100534
-0.406220388679603 -0.0671610834797363 -0.157913808204164 -0.0447701793934541
-0.484832596963455 0.0754926612188284 -0.278818923138087 0.0927267911378295
-0.444917129244914 0.301565635526557 -0.276955688564624 0.299949974406558
-0.284373066750993 0.456469066260277 -0.179133257440832 0.434125307675953
-0.157323119175841 0.510103933124962 -0.0883581454196626 0.458113939399476
-0.166596080102019 0.477467608551715 -0.0269462033206024 0.395906856444364
-0.194417225781828 0.429634149710822 -0.0770354138914058 0.308531975065276
-0.30397685961019 0.350924687540137 -0.125390811701783 0.13573696772997
-0.376622234274214 0.1622584972661 -0.0951075102631032 -0.106358789370697
-0.305809242136185 0.031394401074933 0.219424540837565 -0.203109981015781
-0.257112397408609 0.0496088331504587 0.419523924625166 0.0119272397775621
-0.397040290415336 -0.0583350171544379 0.38944041583608 0.313187122164587
-0.504888421589758 -0.201636794910914 0.43634200690124 0.32400082943049
-0.254871108339248 -0.11351949217864 0.300374887121908 0.31893045660547
-0.211225325594598 -0.0821293913481581 0.196174043467953 0.0606781127283542
-0.220961823317599 -0.0403184455159155 -0.0565994874677368 -0.0188416413877637
-0.279684915355693 0.0492546595368175 -0.260797536361392 0.0748657565053408
-0.261476563378386 0.198002874319181 -0.328626069623518 0.366766662496839
-0.159305167600999 0.294322703376419 -0.2241745670841 0.565445757605089
-0.102048156254222 0.326350900861078 -0.113352561669924 0.617760141179915
-0.123718252480055 0.292734283709921 -0.0681923260268254 0.544357763441957
-0.160264418316437 0.246661034939487 -0.153375970255285 0.428525371305193
-0.219378888094647 0.15840849772474 -0.215990523222832 0.187925638349714
-0.213713605367698 0.0249780847380235 -0.13426996145494 -0.109773639181634
-0.115108801417208 -0.0224540179462105 0.252697279636013 -0.17712457520274
-0.110715268148761 0.0622013314868837 0.437134081117499 0.113073107286628
-0.254419474332496 -0.00656497454014688 0.328762364497213 0.397659564535376
-0.334147205145113 -0.110429651445134 0.475883465318543 0.40247287971225
0.0550052546708488 -0.0195485489456773 -0.501414315489944 -0.386842822531293
0.0281132344839626 -0.0585508409593779 -0.297207052664906 -0.430650257952798
-0.0419630013515664 -0.0243678163700609 -0.434332070324837 -0.259657208703296
-0.0278991170181201 0.0427722626751283 -0.345001894387734 0.193291701574032
0.04190706514302 0.0473697653912587 0.132126739133627 0.227524164395464
0.0518175404155662 0.00198337897920108 0.34404399501253 -0.146128062090913
0.0730506252472375 -0.0366962040397796 0.25724248043023 -0.498325929133982
0.0689333447789606 -0.0612438693910933 0.115712907118246 -0.65443655325629
0.0716317038878141 -0.067121299420734 0.0880862064699457 -0.711147427814204
0.0734115658836279 -0.0531442929394755 0.171314873631524 -0.6719521695155
0.0835603801185057 -0.0230722713615662 0.28975984993087 -0.483108942528517
0.0672630901297209 0.0536843387550774 0.238930874453031 -0.179455474859964
-0.00568268712337095 0.0429640500188654 0.0281523995500359 -0.0162363802809736
-0.000493692671646554 -0.0263028062415533 -0.143893665621798 -0.0848077352465128
0.0444382738724682 -0.021502555666691 -0.310732036352062 -0.397942216519902
-0.168900682931671 -0.139963908208529 -0.483717169007001 -0.402774991743903
-0.16908278448928 -0.113341867392079 -0.230499108441034 -0.447354842876175
-0.181065925038972 -0.00691679565302927 -0.396605897437646 -0.320662681877352
-0.153287968008271 0.0555214954461198 -0.370129506890062 0.144279418006715
-0.116856031773692 0.103040892860967 0.0954212090071003 0.233387717857088
-0.0903885944457867 0.144602182164551 0.3414599017221 -0.104352888201997
-0.0191659700000108 0.179172965644345 0.269729233653445 -0.46766494456233
-0.00366233331665539 0.192491101064905 0.127828951113789 -0.623747921603576
0.022810618454963 0.194084192699979 0.071611643793955 -0.682561060570689
-0.0268479791340126 0.224776133345725 0.140659680550772 -0.667298970264042
-0.110182819762185 0.191242207337911 0.254200690992474 -0.511222263264347
-0.188648308034646 0.167409260230614 0.235434251897151 -0.206543851621278
-0.247440508288455 0.0415468753477873 0.0342614234330052 -0.0234618545633822
-0.235936605785605 -0.117767980251961 -0.118607233892679 -0.0719479789540803
-0.202305299751997 -0.155587972319444 -0.257004482594307 -0.347395137816169
-0.373634837175321 -0.255240681583265 -0.401233003126527 -0.359883693045398
-0.361779874715423 -0.174407470725916 -0.177691968860254 -0.458834598847875
-0.32137502840541 -0.00496567302038918 -0.401088991204805 -0.338919353736928
-0.29006718184461 0.0608593211844483 -0.382728037848889 0.131821537168391
-0.2822337979721 0.154508584279962 0.0613851382877175 0.226726580307168
-0.233794646328304 0.277731904527634 0.29321185697946 -0.0569059153863016
-0.111000149344495 0.37559931789937 0.231526174601823 -0.368783573828222
-0.0724412372985121 0.417785451192222 0.119711807260781 -0.497351739051143
-0.0224823783105643 0.424897099138798 0.0595965357469098 -0.554557414528848
-0.105987852613654 0.470775851452728 0.107453024933963 -0.571242485085436
-0.270090381429304 0.390541499649098 0.198622054754669 -0.478179799708491
-0.400747844388702 0.283722264102671 0.226537414814334 -0.228008344611655
-0.446564886497714 0.0667540893251269 0.0818858732579736 -0.0458172992802196
-0.441065636081535 -0.164647087497804 -0.0222781534602665 -0.0355036887752443
-0.426783121530247 -0.249440116753542 -0.138363432900658 -0.239089068755554
-0.516535597414628 -0.329399302142276 -0.266089636017223 -0.256867585618535
-0.501422745134287 -0.223283874358037 -0.135157813162352 -0.439245932431273
-0.444886137702732 -0.0258289515637545 -0.418993436712787 -0.30129770236378
-0.446057413012222 0.059272039816506 -0.379912323337037 0.143235777511849
-0.448330895958497 0.22032197093526 0.0113113691932411 0.218516094370934
-0.34984599094162 0.408065988452035 0.1972566173223 0.011624221856817
-0.179958404013824 0.532582734452779 0.154956536058097 -0.205043165272155
-0.127681202415978 0.575661483999551 0.098138279719361 -0.294800237686089
-0.071792916111174 0.580340533037167 0.0525533804791299 -0.349711582341706
-0.183848123815495 0.627219335970133 0.0786105209775006 -0.399592484730988
-0.397810128151879 0.508032800681998 0.134554568575029 -0.384857789431661
-0.541384112218473 0.339450021385842 0.213826431558972 -0.237299580970577
-0.559151255484376 0.0848741763442666 0.162541010215521 -0.0754324928530524
-0.568195806200287 -0.170859366026867 0.126112982719543 0.0169867019543211
-0.585914610418921 -0.293555858364247 0.0290180214278258 -0.0972008430845335
-0.576521897511486 -0.352520792213815 -0.106954097887514 -0.114765327289792
-0.560367746023035 -0.244130575523378 -0.0860588350016668 -0.352172824169598
-0.522173863070658 -0.0584313777232265 -0.392500520301294 -0.213015626893668
-0.576472547136491 0.0665317738021449 -0.354510840506595 0.15015182883931
-0.563891746312697 0.296279517553853 -0.0743740658420945 0.222387933331482
-0.405633435235544 0.511934422989782 0.0641644668687063 0.124667286899921
-0.206287257166775 0.624410725888054 0.0622092507271282 0.012425355471387
-0.163074822852099 0.646357856126633 0.0660793428888963 -0.0523475521340069
-0.128055372915527 0.635679608989389 0.0362438687274881 -0.108868331183062
-0.261420346277721 0.654673833996902 0.0382356665374336 -0.188638918947546
-0.479707897749918 0.49656130399943 0.0603353335393729 -0.260845527803701
-0.579372470524639 0.291343154233055 0.203063316229111 -0.235196971093145
-0.548442256782763 0.0766042844674316 0.263431590775134 -0.092413650196088
-0.595773070172964 -0.148031922841772 0.283612295286833 0.0947919634104663
-0.65416641100465 -0.294413848824603 0.206889531835928 0.056347201429992
-0.549171787109147 -0.316900788233658 0.0545630851365962 0.0488587172359877
-0.52680190476184 -0.227365438060188 -0.00723352611984529 -0.205008237047089
-0.521490250417389 -0.0741603287583894 -0.296251034043337 -0.113130589034354
-0.60638852090382 0.0817024675496683 -0.31768374921592 0.132314336719724
-0.569026326271156 0.344937670933066 -0.184788392433968 0.2539551151193
-0.378661478698453 0.545668585928505 -0.0745974444379712 0.283135790128609
-0.192713759080282 0.627453435477907 -0.0209614180524435 0.254667396448179
-0.17379970942846 0.619936555497313 0.0259034410141363 0.192769401962997
-0.176463293471769 0.58708999504274 -0.00517929277176795 0.126552691438802
-0.314549056701113 0.55421196918856 -0.0314755718987984 0.00743378385629061
-0.483495805003801 0.362114215285065 -0.0254249513890925 -0.157052144452852
-0.49505764951559 0.162986257356528 0.202924180050124 -0.230308999408455
-0.428684112560712 0.0583130188631755 0.364522669630974 -0.070629440015769
-0.530477248647979 -0.104891989654734 0.391850211294368 0.201325403771189
-0.633531335516354 -0.259984112505904 0.360635372747564 0.203077355383711
-0.440886159513611 -0.231252191595442 0.202626727191962 0.204712098181068
-0.409194211807966 -0.167952161668671 0.101454588021201 -0.0502446806320942
-0.42019705199384 -0.0627273248071193 -0.167052569152531 -0.046909248345455
-0.502297067815298 0.0893955896953857 -0.288843861439399 0.102859880321078
-0.456628236850307 0.324328826581061 -0.283160998375112 0.317810912350703
-0.282258071315007 0.480541695255305 -0.174854283142295 0.457303805582327
-0.148511525949296 0.53231474668151 -0.0761256847499862 0.480308533879392
-0.159267559853277 0.501851715563743 -0.0167177348340489 0.408094980872258
-0.192276090236744 0.451360913101551 -0.0722594894487189 0.319807998734411
-0.305606276124064 0.370577144099812 -0.127649785850671 0.141475121715288
-0.385237499410212 0.179120419200469 -0.102854689464314 -0.11006035199779
-0.313448339966168 0.0407838074623668 0.222608170005172 -0.222587608081538
-0.261770889353492 0.0585893179193087 0.437372861621519 0.00183281627300686
-0.413416860270688 -0.0507564811440006 0.411466529448541 0.317207636016376
-0.526766024558499 -0.197301452485934 0.463655934685324 0.323582168251273
-0.266408935050613 -0.110284458939838 0.315796893796145 0.322770555081753
-0.2234013186011 -0.0795169803716642 0.204380819739988 0.0557243428264505
-0.230802422261015 -0.0376176957422237 -0.061333497981414 -0.02126552582437
-0.289936323050314 0.0561448748896689 -0.271773478842682 0.0838184084542339
-0.268723406033506 0.213747812525052 -0.334865404317096 0.389607528416126
-0.158255190757443 0.309258688684687 -0.216767288483654 0.596091831390339
-0.094915516732726 0.340724514541928 -0.0966845066293427 0.643676963918905
-0.119421270469943 0.308825423554735 -0.0574617718502297 0.563953861620256
-0.161164811570261 0.260989573966599 -0.148933556972077 0.44513088863571
-0.222728273049184 0.169200247224692 -0.219337811128188 0.197495389092549
-0.219731234035868 0.0318184691664855 -0.142365467629629 -0.113058624430284
-0.116992059389013 -0.0204022428938202 0.256958037655736 -0.195176484472361
-0.109982382645767 0.0687945258059592 0.456065262804802 0.105007527625233
-0.264897635213891 0.000767769004177962 0.349169469087967 0.404696956113652
-0.347795862797008 -0.106270576061281 0.506906015445919 0.404375036932442
0.0554982467629038 -0.0227187367095346 -0.538803665852099 -0.370995009606695
0.0262683445747132 -0.0626929752310493 -0.329060195950555 -0.426986747582285
-0.0445004596446412 -0.0225579295796032 -0.463178033430574 -0.244961570793474
-0.0278096283590607 0.0463010884214675 -0.343046911991541 0.220531999422099
0.0462844298324363 0.0457256002400898 0.152349237042467 0.23123148918097
0.0533567706450667 -0.000154698875653371 0.347816575113698 -0.167773901940906
0.0717292966875412 -0.0417488714636481 0.233954006370004 -0.526813997290264
0.0661672423671841 -0.0692348934455091 0.0826173410453303 -0.679326005811081
0.0713188873134912 -0.0764343306811132 0.0492401607847299 -0.739760303876912
0.074077919316356 -0.0590141444603952 0.13898908677292 -0.708561499486554
0.0845587848103313 -0.0274294872683191 0.272608211624562 -0.519347520647074
0.0725878132569797 0.0521797732081765 0.239884323518256 -0.199403641060685
-0.0048046996192573 0.0444033852980388 0.0350737466395738 -0.0174612399567271
-0.00245676889085672 -0.0278402007399679 -0.148262733781208 -0.0811156193430056
0.0435502445720873 -0.0250534722529946 -0.341810756767055 -0.389746849258179
-0.18120283667917 -0.134647024195242 -0.520747660228591 -0.388897489628596
-0.180862454674625 -0.108583709584579 -0.261194031013937 -0.449135433093834
-0.18333164287232 0.00318867480297762 -0.425592725510983 -0.309688860657339
-0.155096099667416 0.067491277582974 -0.372873992226782 0.171086907793237
-0.114138228972868 0.11229583080322 0.112976198374274 0.239320801994779
-0.0849558094640612 0.154580474208918 0.347267010199712 -0.124729289189265
-0.00998576202541202 0.185691597781896 0.249342836801423 -0.493879434082513
0.00754586162902 0.197959526805144 0.0946875090759301 -0.649368079629465
0.0349034038797984 0.197744609634235 0.0349169590327511 -0.708160440655644
-0.013007266147956 0.233498113425374 0.105811580274863 -0.699612537418956
-0.104816928839178 0.205875614123082 0.232692372583736 -0.54524142732178
-0.185167097957393 0.184934750849558 0.235144481021422 -0.227898262559328
-0.25441806713215 0.0557013102335455 0.0422089025373207 -0.0249752382636134
-0.250952251154212 -0.110056263132555 -0.121668024470627 -0.0683826811487138
-0.217099452550272 -0.150919410791508 -0.284683008826536 -0.340792103870324
-0.398933004950735 -0.242053142261271 -0.43491979279952 -0.347123107032033
-0.384406935661086 -0.16247121317384 -0.208591368231094 -0.465631026914469
-0.32678739448691 0.0137082036394868 -0.432621329681024 -0.329088198941995
-0.294310690986277 0.080003950339033 -0.385647241231641 0.159234719798683
-0.282440009921454 0.174721704325 0.0773608626393309 0.234306484172744
-0.224439699054496 0.299813298184454 0.299977658960821 -0.0745526235903394
-0.0927008881782473 0.394297130339701 0.216334591950732 -0.389896508602305
-0.049061100700628 0.435309327245087 0.0939950990832946 -0.518229662901287
0.000824286562663604 0.438775987519998 0.0297374867344598 -0.573900527808658
-0.0805286933779072 0.491908338174389 0.0766946989328615 -0.599166926214754
-0.258573207117747 0.420522415129005 0.177896096441548 -0.507128446613711
-0.397225511728192 0.317509599214934 0.223663777906324 -0.252978109777525
-0.458638559949943 0.09255461014112 0.0904113911437215 -0.0512811009240235
-0.467460401742653 -0.146713216959449 -0.0205061725928412 -0.0358145650123857
-0.45232841769619 -0.235392168304427 -0.155326217077288 -0.237464025692687
-0.549990198908788 -0.312561993015283 -0.289979048639324 -0.250617477321708
-0.534096402004249 -0.202774891981499 -0.16302131561933 -0.449153997407823
-0.454318424915139 -0.00318421764665527 -0.451927452068236 -0.293385032039381
-0.454997394857735 0.0868529218291051 -0.382640281760171 0.17077076497221
-0.450699131857892 0.252925071900814 0.0249423145253926 0.226988316932149
-0.33733817277849 0.440656755987497 0.205151284682423 0.00229207245367609
-0.155748760007239 0.558391039176251 0.149090667838057 -0.217448972655845
-0.0946927948550783 0.602258323447248 0.0847348515393904 -0.310155764652893
-0.0436752059228749 0.602829961531459 0.0351935314340076 -0.363612491793643
-0.152605743885441 0.657757215033172 0.0565723867879624 -0.420090361372241
-0.382823686382361 0.550466723305067 0.116191152131025 -0.407162673528664
-0.539877030239734 0.382852910618465 0.209371738073788 -0.26212954059793
-0.572432583235714 0.117642090599991 0.17120831851358 -0.0869198885977921
-0.596700230497397 -0.146766728600879 0.134762542516978 0.0109260303373217
-0.619323620679822 -0.273260380312148 0.025703834033985 -0.101807143057332
-0.611991789970893 -0.331402627778779 -0.11819867906816 -0.111462480130374
-0.596000369865379 -0.221105577384877 -0.108555362943495 -0.3638298799561
-0.536144016807767 -0.0318053501831057 -0.419752503950648 -0.203260166660431
-0.590452339279148 0.100592480377507 -0.357196222328321 0.175755392034341
-0.568045649462118 0.338937026187596 -0.0648684189934941 0.234892081690551
-0.38985379891925 0.55003764094659 0.0735157047442278 0.12696857822831
-0.17635379856072 0.656049444549655 0.067518155882103 0.0114348676281084
-0.128061661643618 0.67766475690831 0.0652542911912451 -0.0593484275369022
-0.0966511577893212 0.665116814940738 0.0315477102948224 -0.113751450637754
-0.23225414582891 0.690921331579504 0.0272912991662031 -0.199719717888079
-0.471063601030366 0.542088106598766 0.0462000898147804 -0.274601903758402
-0.581718887495242 0.334078583353686 0.197542972890146 -0.260676458389116
-0.561422715934592 0.108816198991728 0.272675781355902 -0.110111785359138
-0.624379658642287 -0.121564534071166 0.300723237031468 0.0833501484060332
-0.690527099135089 -0.269867053626813 0.21842988901399 0.0459133740492908
-0.58096492804111 -0.295114383856507 0.0566454951613418 0.0480005593797106
-0.559317697785032 -0.205867931984005 -0.0199741259593731 -0.216124520210465
-0.538036746963953 -0.0494947955235533 -0.314092298304662 -0.104695696564882
-0.622811191489417 0.117984572352783 -0.321262295310626 0.156017614794605
-0.572361319608799 0.391044806696723 -0.178492463368035 0.273712982016359
-0.360694369757105 0.584155552380693 -0.0600961103035541 0.29989085589631
-0.162328596216594 0.657669651010509 -0.00295253132394535 0.265364249117954
-0.141182534966381 0.652366052807516 0.0377260074944303 0.195596396353054
-0.150062473553565 0.61742087494707 0.00176038104466838 0.131169645112913
-0.294589578686242 0.587716853140598 -0.0334615742506178 0.0071625671709236
-0.479745743791029 0.40221801520923 -0.036877168453857 -0.161706123930323
-0.49975825542416 0.196364086417299 0.19610961010699 -0.255661214994499
-0.436989263871125 0.0829958911652822 0.376077282302398 -0.0934814142634083
-0.553650687285374 -0.0780192407583571 0.416907645762403 0.187999948354453
-0.66450022701627 -0.23609905279828 0.385075444200441 0.18733674982682
-0.465505367401289 -0.212464191393688 0.217426935856022 0.199769445311898
-0.434895721069597 -0.150301218525789 0.101085776042647 -0.0619434247453064
-0.435524000438979 -0.0423861505848298 -0.177325423676023 -0.0422170170811596
-0.51474057887159 0.11837999192906 -0.294548447938407 0.123532194749299
-0.454773222819692 0.363868105047183 -0.276556320630237 0.344372499424146
-0.264209748044203 0.510756751375324 -0.154148845291801 0.485015614005298
-0.120281417603779 0.555440838325611 -0.0475928728764447 0.500380549008821
-0.132474412255377 0.528547182322466 0.00559942753498971 0.418361827215359
-0.173103695945636 0.47867957546616 -0.0569577985069256 0.333145718533875
-0.294472233002981 0.398055068390722 -0.124513834861845 0.150886081357726
-0.387388600459775 0.208275549785558 -0.113821044474748 -0.109190949700076
-0.318394411855929 0.0589575853844669 0.215667994159915 -0.24782299239056
-0.263166222829333 0.0746741212823687 0.451963191706419 -0.0234282200930936
-0.431322492193765 -0.0280120356023526 0.443765105851063 0.308518543349864
-0.551092401287402 -0.174516306869999 0.498231327601698 0.305407714587217
-0.27947455200403 -0.0975303896578857 0.340281735803577 0.313084613565406
-0.236431266974845 -0.0684443729611988 0.212606890835202 0.0433211983266241
-0.239578099437401 -0.0262486060782826 -0.0676352655560863 -0.0209297577906158
-0.29696595815345 0.0720392918824567 -0.279173092997775 0.102222536972302
-0.266689277082988 0.238029160398904 -0.325919777429052 0.422961192548704
-0.145661062746185 0.327343233435158 -0.18969327753973 0.632388172589469
-0.0764874299751223 0.355379368982779 -0.0581598924916864 0.668972554805123
-0.103068634322384 0.326935511749234 -0.026897398032183 0.582526558188729
-0.151452517860722 0.279995220975556 -0.128114463738615 0.465576787521717
-0.219005125677689 0.186960808216786 -0.215718401501091 0.213891912006325
-0.222994466843703 0.0457208086049097 -0.1538574340739 -0.110451456213584
-0.119148263200849 -0.0147818918594515 0.252212758272679 -0.221391657234911
-0.106115841988466 0.0780022972322156 0.474364927813708 0.0811322262241217
-0.274559309446733 0.0166673519344603 0.383133966612718 0.400975868428344
-0.362010160326299 -0.0904016031643825 0.548337300558473 0.386227396874746
0.0611123872968818 0.0125108508330916 -0.335293660640565 -0.579904419383608
0.0523325801596923 -0.0395441853929816 -0.11861458850084 -0.531088765801312
-0.0284141923978668 -0.0325112392616222 -0.313753005842752 -0.422324340145777
-0.0410337588590205 0.0320934407967595 -0.408747040085509 0.0579311084525389
0.0245659546247377 0.0573793692614266 0.044058587685331 0.279689793596926
0.0468518057865204 0.0209009488647893 0.390543125671633 7.9594739807698E-05
0.0835858305883189 -0.0130594644013506 0.438021091823414 -0.375886085364414
0.089867775831326 -0.0398777197864365 0.358659023083596 -0.581521616998965
0.0944519660538344 -0.0455694744548839 0.353829422785441 -0.650556188203381
0.0910678337593718 -0.0285614473097901 0.422049815985024 -0.584053874491158
0.0879842879186664 0.00752225670533297 0.472511432714305 -0.357564313265711
0.0455652546732535 0.0741698883921789 0.308778776810586 -0.0729139738198306
-0.0241801411613302 0.0369168205485232 0.044429412919918 0.00316668799766086
0.00700056033975353 -0.0283088334622045 -0.0934598247440101 -0.140341233764375
0.0484971927698558 -0.00545931175854899 -0.129628172852608 -0.510819865315259
-0.107951206986435 -0.193205688542311 -0.314091941263145 -0.581554380847409
-0.120993879420805 -0.171013711713926 -0.0424082671863722 -0.518612658028056
-0.166435828923938 -0.06760080540587 -0.248298897465147 -0.463518828902394
-0.163975407335976 -0.000642085944305125 -0.412979082815865 0.00370805756087004
-0.149718698520416 0.0486603325129536 0.00646152902540737 0.278470949580673
-0.144834892009672 0.103386695051482 0.37539134313537 0.0405308239902954
-0.0881966377059333 0.161219315092094 0.440053120919772 -0.339005886378734
-0.0800916876055772 0.184058468174876 0.359637548751403 -0.546027582668829
-0.0554451852188456 0.190596211217152 0.328616666882076 -0.62831979840799
-0.110303573699147 0.204450833608556 0.385400100018545 -0.592183220095648
-0.185964845959555 0.143580261050404 0.438335186747741 -0.400588670305316
-0.244178169187021 0.0856510897055738 0.308085532430885 -0.10662190068642
-0.256500834219553 -0.0617342231296805 0.0533852932806255 -0.00627841537722745
-0.184768556298431 -0.210400331027729 -0.0705796601095747 -0.121554119980222
-0.135594878928661 -0.231327346460049 -0.0962797612689188 -0.44243595330891
-0.258858072114517 -0.386911561984471 -0.256367806158149 -0.500884451131989
-0.287221972190824 -0.308554194429726 0.0191840679430276 -0.506804506623944
-0.301423908976188 -0.120633219878275 -0.243325866274262 -0.481455148508262
-0.294567079332931 -0.0477722614418304 -0.419843292332508 -0.00940203462546595
-0.329635080013119 0.0335239194317341 -0.0225321669250514 0.265073139100923
-0.333467255799477 0.176867922683355 0.315068869444845 0.0704284724187934
-0.252132903750779 0.317668435718697 0.3692656994721 -0.256606580437768
-0.233390119532695 0.380974164205481 0.305150445245213 -0.426612922991004
-0.189777282030966 0.399227991759838 0.267023682220425 -0.507918500622629
-0.279427963650241 0.413462778453901 0.31167307444978 -0.512988643116031
-0.420485869502524 0.277660790350108 0.362583621109368 -0.390089068243321
-0.492064757021837 0.11654944857199 0.300375974928106 -0.136492676514052
-0.458589386488567 -0.117118711682955 0.106681464185855 -0.0136627423428925
-0.364244772668913 -0.33477541154833 0.0103066770611628 -0.0509057004001051
-0.313901596440483 -0.409312344322864 -0.0226665816354395 -0.29030477939614
-0.366831867440907 -0.519509817193446 -0.167455142645552 -0.34332655731847
-0.407111119411327 -0.412782140449948 0.0564461061286972 -0.471595030741789
-0.409519396111013 -0.192372996507503 -0.275610030295735 -0.453436378160646
-0.444116718752912 -0.109793940021255 -0.422719232047405 0.00824138161450905
-0.518250345341376 0.0316789783310106 -0.0663002774580517 0.244696420484283
-0.496260450000681 0.257097972624685 0.199650967732324 0.101168226933767
-0.378398815361173 0.446522362939369 0.235379312991682 -0.127202316925468
-0.35023280912715 0.518121331952076 0.210700851435678 -0.24058782898066
-0.29814681991645 0.531897158296122 0.181923913884678 -0.315296128512494
-0.414714116756528 0.537510722035464 0.215857306084895 -0.35991702683689
-0.589517686709868 0.345523322473418 0.258263863390149 -0.326420849572202
-0.649559899452593 0.115994807466268 0.287509826662007 -0.155596808171282
-0.572878933971617 -0.142539200484278 0.193711484055263 -0.0136588794916025
-0.480399107271591 -0.391122483597329 0.132429175767531 0.0599975054058649
-0.448388826868177 -0.513805325969308 0.0823815333524223 -0.0838811642366206
-0.414536935885628 -0.567922658274546 -0.0710429182269664 -0.138785584318014
-0.456065261843269 -0.456267135208521 0.0710777002477852 -0.369606639675438
-0.472199065254108 -0.257338709014182 -0.285086049066722 -0.356580454323589
-0.572012603216506 -0.158570858703137 -0.402004665308339 0.0269725149616313
-0.661265169513599 0.0618512787915312 -0.148179742866703 0.217835472334184
-0.590490266412632 0.336040742870746 0.0287889940254207 0.158096379130754
-0.440077815194479 0.526842072117758 0.0653170086823455 0.0465018328839881
-0.411217146906411 0.573541175180798 0.0871697253099414 -0.0215327061239026
-0.372198828929476 0.568270662618533 0.0741189628006124 -0.0911490555244345
-0.501277540797893 0.536534910213227 0.0967918381567503 -0.173344444479037
-0.665322631007846 0.302021444033226 0.136576245313291 -0.237806971647333
-0.666673288814356 0.0535855142531369 0.275597421330087 -0.163170279524948
-0.555204953890679 -0.147707832440746 0.295656940060546 0.00876705980333982
-0.513068534955098 -0.377410743553376 0.250513311222956 0.201454494302839
-0.513928199394714 -0.541825512856198 0.190524368492306 0.139093905381423
-0.402125013802233 -0.524498600304173 0.0211068478334315 0.0845602860880793
-0.431007992023083 -0.427377668854164 0.0878427089810577 -0.197286809937473
-0.46713884012199 -0.276373337109521 -0.232944172742704 -0.221489196439297
-0.610827103137941 -0.158674716447137 -0.360124522516875 0.0246714228764256
-0.687771668011921 0.108096299376281 -0.267606408862152 0.204065474849139
-0.577074894127391 0.380562033814293 -0.166837107155678 0.25613515617992
-0.428282626070539 0.537217756520524 -0.106578165504215 0.245508586401443
-0.412310971831264 0.546114377380281 -0.0448675881794245 0.196645597564694
-0.398295362753467 0.503712276467938 -0.0552874641357503 0.118281630273572
-0.514724825878642 0.418484832713925 -0.0432798971267656 -0.0124012387411319
-0.612864967266015 0.170214509224276 0.0166344279579271 -0.172315743257407
-0.532421047777825 -0.0379976509606062 0.275205123334586 -0.160740288535388
-0.427458911861787 -0.115779406789373 0.38211691702639 0.0721773794777027
-0.467612460098695 -0.306357171112161 0.307696214567034 0.351476525984483
-0.505357196078289 -0.499454035228018 0.276364343620377 0.344665550589391
-0.333601453973139 -0.401230320805743 0.104245763398747 0.291244680698558
-0.339320186904186 -0.324958014973915 0.128647068504112 -0.00685141544882832
-0.378852156005841 -0.22527323939881 -0.137481037037551 -0.10735024507422
-0.514584211893939 -0.110470277051977 -0.321858405909497 0.00201051556019456
-0.56828438532042 0.134420996105516 -0.389962725496742 0.22059797455842
-0.457114649973282 0.356088877122118 -0.336335157699357 0.38283638587989
-0.346054184713401 0.462622056912079 -0.249237675505033 0.438661332397752
-0.350456541371395 0.436223470268707 -0.169616238129273 0.384287446606284
-0.3603653410185 0.368238515421269 -0.192282087160631 0.276846953527475
-0.435301605818293 0.24405703761301 -0.182440996953334 0.0797213526127994
-0.444330998339498 0.0290336955421395 -0.0690455134757382 -0.157430121932748
-0.30920523986544 -0.0851859581387981 0.296523697718222 -0.143489186270365
-0.264912694079212 -0.0445292020027486 0.4199578654186 0.171796836302362
-0.376047404317882 -0.204608195090858 0.274243182743009 0.474565497722429
-0.42793796322024 -0.395705289887948 0.323651672879317 0.5052549454929
-0.211523248692036 -0.215761566071026 0.169964634992455 0.442616107660311
-0.192113675416099 -0.166358944678066 0.181243408603465 0.133771397845598
-0.208935263166617 -0.12788073793972 -0.0504663854988518 -0.0439755610056603
-0.298115916495181 -0.0613347475604399 -0.30147286288293 -0.0183598464022147
-0.340254387187411 0.103249473737065 -0.472421754869035 0.259611982378416
-0.268964369605269 0.238133271229806 -0.438008728113884 0.499332062778339
-0.219227195015626 0.298439059636849 -0.334939718915316 0.587192848376516
-0.235626221206133 0.261320480192588 -0.267004247855833 0.517506243815502
-0.254326429257211 0.196443758570876 -0.312232304144684 0.36783797475161
-0.278637733046475 0.0823472582173468 -0.286367980791605 0.0991110675512603
-0.223568585523524 -0.0504383607103929 -0.096738676957668 -0.173388534730401
-0.096761287008317 -0.0677672935862066 0.323583930270028 -0.0994959776471935
-0.122709439867367 0.027863908547245 0.392553802274075 0.278192938257815
-0.253884688984238 -0.095554164547894 0.173569640760824 0.536561436972682
-0.289927298335237 -0.237238055911717 0.328068641169076 0.603465905814574
0.0600093151739746 0.0090660256058368 -0.366007951852239 -0.549055176093065
0.0493176890129102 -0.0438892758246339 -0.148814037101379 -0.513304379200265
-0.0295906448147666 -0.0309738545118414 -0.336452148020601 -0.395527521969508
-0.0389071110428855 0.0352611336400039 -0.398253936563566 0.0843508164903203
0.0280033732467561 0.0534216499261638 0.063628209710281 0.275658466127574
0.0467157971326114 0.0183210084827742 0.384842815305253 -0.0236678330406791
0.080290385099726 -0.0180082170765092 0.401935376840192 -0.398093682664075
0.0846789246066138 -0.0471550882999782 0.315643964817089 -0.593795743640197
0.0905609890672732 -0.053643727457969 0.307091202859822 -0.663625875818782
0.089056144075128 -0.0341141204810128 0.378742310483065 -0.607314169956185
0.0864105207930789 0.00245887398575661 0.444762769984698 -0.385936861467009
0.0493984519887106 0.0711056925385654 0.3019649124753 -0.0922094219481843
-0.0220686854031211 0.0372147630248528 0.0502813899445709 0.00238707574015107
0.00425908624891351 -0.0290251742469672 -0.0957923182266282 -0.132088689732559
0.0461983810132066 -0.00888852728631639 -0.160060892117778 -0.488645721519887
-0.118264227515913 -0.182069632256303 -0.347002313304324 -0.552643734757988
-0.130795851453231 -0.162041176352616 -0.0738308222644997 -0.505932960749017
-0.165115397832139 -0.0564636895704799 -0.271351824342857 -0.442251581527122
-0.160809290592972 0.0121540111981609 -0.405539370951191 0.030897011848394
-0.143679943281463 0.0572790477682704 0.0255933854528164 0.276158673025344
-0.135287541429871 0.111480628938446 0.37310250456728 0.0170765506085934
-0.0762166729647116 0.164614659907632 0.407800751266734 -0.359202555203015
-0.0662819055607424 0.185492669320926 0.318342089023193 -0.56151642921634
-0.0428190527646359 0.189463844094959 0.28211008549681 -0.639932748163346
-0.0937885850545652 0.208080225591234 0.339589553940781 -0.61367079466248
-0.175113062108785 0.155536442966996 0.405263919547907 -0.426750683012479
-0.235471174004519 0.101484926812165 0.300245528680621 -0.126260071125357
-0.258063597936467 -0.0445853899279798 0.0597379463859527 -0.00776013447314825
-0.196660599242742 -0.196763785238349 -0.0725460384339884 -0.115371674706728
-0.147819743632928 -0.219993546536069 -0.12248454293565 -0.425062743460565
-0.277615042841758 -0.362587134243964 -0.285401327110555 -0.476460106142126
-0.304014688941776 -0.287866478122209 -0.0128575953343746 -0.500729880388555
-0.299790779152786 -0.0994336516585553 -0.269714152256689 -0.461122653650117
-0.292218741560481 -0.0250990278181198 -0.41371108823558 0.0192446600345652
-0.322414583333535 0.0545563870694454 -0.00380261300839837 0.264291766207879
-0.315947086676138 0.195046435282214 0.314700705730687 0.0496828144246195
-0.226237844396203 0.328996562197954 0.344093431625116 -0.274808608546184
-0.203414005293594 0.390978299597117 0.27290029842583 -0.439044638162521
-0.160737475027841 0.403588641593108 0.23194214286215 -0.517653590528839
-0.247277097219981 0.42530479670236 0.272479195108742 -0.530187260123431
-0.397078769865761 0.303085217379617 0.33102580406059 -0.411113792629483
-0.478728884300038 0.148794150198 0.28986610444135 -0.157746707325236
-0.459879275377684 -0.0869828669576167 0.112017834017234 -0.0187880981497802
-0.380549479132469 -0.309343373612104 0.0110300993294829 -0.049471104697252
-0.335131740078373 -0.384283073263622 -0.0382188740736012 -0.281097616967764
-0.391750440298848 -0.485953611415509 -0.187615951802587 -0.326958338719674
-0.430306797947144 -0.38155997312864 0.0254864782461802 -0.47007553337351
-0.410977643279612 -0.162856971997062 -0.29885583446771 -0.433567871950996
-0.442899736440276 -0.0781497857401642 -0.415665707836152 0.0364777196991527
-0.508526575837789 0.0672980398277914 -0.0487906709365991 0.245579083882779
-0.471187309502515 0.285715202045249 0.203171809633306 0.0876384784711593
-0.342000357651295 0.462021223360644 0.223599097297177 -0.138099081192761
-0.307054874710021 0.532114936694583 0.191762816550399 -0.250912747844629
-0.260255156400706 0.544275387646306 0.160861318343595 -0.321876961230188
-0.371213166414733 0.557038301216558 0.187248762226708 -0.371942311444641
-0.560334289618687 0.3821452374056 0.232035110639373 -0.341855397339199
-0.633799463708557 0.15760379387579 0.274924170495618 -0.177465785169134
-0.572449003743488 -0.106143577510532 0.196972663807756 -0.0244262814657661
-0.500827312256088 -0.357009013319874 0.137688161850521 0.053045706512894
-0.472353076354602 -0.478679530952553 0.077523595560877 -0.086923899860925
-0.44125661546832 -0.531858729223082 -0.0795472389749607 -0.131136901730539
-0.481850716081567 -0.421968489408672 0.0468505254676154 -0.372823996043166
-0.476280278047422 -0.222868179816769 -0.303502678233852 -0.337781572986857
-0.572461827732011 -0.116780360056579 -0.393790463914903 0.0541768437371338
-0.649569963699356 0.104591650437835 -0.13341618274817 0.22433939061482
-0.558880429608109 0.370466566775881 0.0389554552460747 0.155420945531098
-0.397021602962321 0.544383176413142 0.0695363350071737 0.0429578288229811
-0.364317619595699 0.594082171476262 0.0849468999315559 -0.0279496851836973
-0.331719635112652 0.585381777946719 0.0688191205957939 -0.0941035221405318
-0.458378908405659 0.560120437401275 0.0823628185391029 -0.179604953010387
-0.636299128566829 0.345468163963954 0.116636082560011 -0.245742111715255
-0.653439133473693 0.0972019725701071 0.26149653943783 -0.184630685451853
-0.554593236625962 -0.109834040782619 0.296811140096691 -0.00878660945257379
-0.531156507590896 -0.341296512682969 0.262247665648934 0.184850814940749
-0.540172209181824 -0.50004222198594 0.198775655337381 0.12461857792058
-0.427267204786358 -0.489193390282121 0.024363682388894 0.0819589467334398
-0.453357541909991 -0.394531061534389 0.0731730907133137 -0.205052124721499
-0.472806658275406 -0.242552061674605 -0.245024768704853 -0.208148473283637
-0.61232410042549 -0.116058333820823 -0.353561493822703 0.0480177164417053
-0.672677083643793 0.152894845895809 -0.252371983876989 0.217382719812485
-0.54360437302156 0.413498543759886 -0.148067915008063 0.265511997419747
-0.384172019067663 0.555373262676314 -0.0851239935011906 0.249985399572805
-0.366935654924271 0.56596604761928 -0.0318918340020659 0.194347796616878
-0.359416827617372 0.52472259792556 -0.045525648548623 0.119835987146072
-0.479417580872424 0.444223413442973 -0.0450590870955133 -0.0114806530104009
-0.592956430582465 0.209425248260245 0.00289456823342607 -0.172816987764807
-0.525667541821679 -0.0020331527825557 0.260497652771363 -0.183218929024151
-0.425965568202684 -0.085422861568686 0.383105956340032 0.0466683016231217
-0.48091397508571 -0.273126497163507 0.327070484887646 0.329981545567084
-0.527170531943271 -0.459753064251741 0.297073846308438 0.319864345843149
-0.350494682910938 -0.372028688015493 0.118855320846449 0.278758729673463
-0.355464494246249 -0.297938864821772 0.125617785301316 -0.0199632989100589
-0.383344789063369 -0.197322458002108 -0.142949880435055 -0.100699845093091
-0.514654968145719 -0.0779396279076509 -0.318633470701865 0.021847181309864
-0.55352791542004 0.171100195537319 -0.373122485446508 0.241373660395711
-0.427032339969306 0.379357679228438 -0.30606572267319 0.402629879311854
-0.307517110387661 0.476346467498756 -0.210976712155032 0.449333176585313
-0.313511226433133 0.453984266813877 -0.144026538686474 0.386661680223983
-0.329892145473862 0.387789138123708 -0.170659053305147 0.28363343206909
-0.411938349852502 0.268552864172462 -0.174647291518839 0.0875972299260905
-0.436095267224446 0.0593911898538806 -0.0790074080433353 -0.152575939514523
-0.307388593980645 -0.0633430360117668 0.281561196923823 -0.16691732496495
-0.260568614542247 -0.0256924700389809 0.42375220326509 0.141250818229398
-0.383906842968597 -0.177880328597927 0.299287163869929 0.45296125586221
-0.444594281496643 -0.360777078142578 0.353981963849107 0.474350113098645
-0.21991127890616 -0.198299439292472 0.193502663818577 0.422001547376388
-0.199995713540017 -0.150624559607965 0.185955798066728 0.116896643248436
-0.212294245909979 -0.112110755500875 -0.0538954925454261 -0.0427818147401699
-0.29816754257635 -0.0432244450810308 -0.300235494177668 0.00135892084424604
-0.329866160929633 0.125695299738325 -0.452283453861617 0.287259106836854
-0.24875699382559 0.252255699979618 -0.397077266125687 0.523826231154463
-0.195178877909415 0.306974567346366 -0.286496568169459 0.599461167044454
-0.212012572816593 0.273324349869457 -0.231487024474438 0.52372295777771
-0.236693456608634 0.212145262411457 -0.282263043977224 0.380022664524959
-0.268483230127613 0.0992908995369245 -0.274065334869402 0.114029216886109
-0.221710565560857 -0.0349138410668422 -0.107109717693775 -0.165805275912955
-0.0972431890157638 -0.060167721021356 0.311750925101237 -0.125051912292684
-0.116301946834597 0.0371476136268618 0.401822394607453 0.246125628191841
-0.256860583464747 -0.0773397390639499 0.204572899931214 0.518507021488234
-0.297579212773352 -0.214993003806744 0.364945677364978 0.569524456619348
0.0579891919958003 0.00690037315952798 -0.383072400719087 -0.51898179812478
0.0454502517603448 -0.0465984946803064 -0.168324778675738 -0.491600373416664
-0.0303087903945545 -0.0293548901207018 -0.344334063309492 -0.370535238478125
-0.0364051866995888 0.0371733462572366 -0.384575127732671 0.103696488000398
0.0295901297264178 0.0491009749061194 0.0777317748828519 0.267554852308084
0.045727506199338 0.0171357428314462 0.374582794783365 -0.0410134485278133
0.0765725796090567 -0.0213000511248891 0.368972184814904 -0.404578387882068
0.0793285144972324 -0.0514438439875534 0.280597127433518 -0.592264632607389
0.0856016154343758 -0.0597558345450274 0.27013791434345 -0.664648807729764
0.0867616620386818 -0.0381140526901776 0.338555632991992 -0.615006032067716
0.0835874756494204 -0.000100536325715904 0.414797148071444 -0.400909609073966
0.0511853686624089 0.0675517925544214 0.293568419799381 -0.104105151642363
-0.0207723843392776 0.0365126245739138 0.0551381969952991 0.00150443336449775
0.00141959730887143 -0.0288540934427939 -0.0944702628243817 -0.125266232438011
0.042992620212629 -0.0113068542438699 -0.177636129387453 -0.464221939326937
-0.12280690074043 -0.170286478905448 -0.365008672504711 -0.522446528190007
-0.136156971156036 -0.153279063034844 -0.0948068585234813 -0.488876783921218
-0.162201158486886 -0.0475934736527112 -0.284771943261269 -0.420761749405417
-0.155019787666589 0.0214362994162636 -0.393331401085724 0.0508975749913926
-0.137307101621317 0.0623802980557958 0.0401718811219117 0.268489699219991
-0.126029415188446 0.116048365118341 0.363533956674469 -0.000491853133888824
-0.066311771739841 0.164000757295633 0.377600373543368 -0.367081356327008
-0.0547372363392129 0.183101758985079 0.285015589715129 -0.561473924030314
-0.0331770586380446 0.185293726726945 0.246991568460367 -0.638486565307497
-0.0798889781627247 0.207317214429019 0.300714916444421 -0.619646819441605
-0.165076565277455 0.162797752367365 0.375577840617852 -0.439247209507534
-0.225761603640319 0.111778614439466 0.289153785479003 -0.138950894049595
-0.255000883362699 -0.0321791071444554 0.0649103342516751 -0.00919501773111189
-0.202365934432455 -0.184241975573835 -0.0716984772899968 -0.109719455845023
-0.155907910844754 -0.208965760511268 -0.136575760533852 -0.405285408080933
-0.285914136064167 -0.338351587940786 -0.299596304564957 -0.45038455947562
-0.311503250838234 -0.266873741300693 -0.0366710614533022 -0.487859414852535
-0.293326906675402 -0.0825765337073565 -0.282807301363324 -0.441769150838694
-0.284457079262371 -0.00803333418024664 -0.402642094613316 0.0404330198484744
-0.311429525021043 0.0697527104414284 0.00954630763285009 0.258548158620194
-0.298210508603828 0.206048153204639 0.308821257092752 0.0338664965226957
-0.203568022147057 0.331821397539338 0.320741350932084 -0.281165495830032
-0.177687927758701 0.390691684850633 0.246724960874702 -0.440970121618278
-0.138406284707761 0.403053142726101 0.201728667779188 -0.517065966369404
-0.219674804513649 0.425985108618235 0.238044124447491 -0.533675118627156
-0.375083947131358 0.318978303525965 0.302523429721732 -0.420733524488612
-0.459535679275023 0.16918504639096 0.277453087026323 -0.171216586288784
-0.454425443472372 -0.0642733639909212 0.115955044344344 -0.0230770308602331
-0.387369971039691 -0.286877379026392 0.0125014758660635 -0.0483175931019215
-0.342997009657229 -0.360096779456078 -0.0485146853969415 -0.270795906714062
-0.400509222292495 -0.455595527257518 -0.199569021758094 -0.308509421236918
-0.439354336538909 -0.352074147442783 0.00355023522098703 -0.462986209311701
-0.403961483184607 -0.139989429805088 -0.311486083985368 -0.412988350071343
-0.432667958581964 -0.0533208644062066 -0.403331907704019 0.0566760444452596
-0.493134922113272 0.0903212639885537 -0.0365839658926636 0.241823705701993
-0.443687383887234 0.300985955363297 0.201685584371969 0.0770878262516285
-0.309818503747974 0.463456771807055 0.211780277137274 -0.143258655861754
-0.27192804484394 0.535544633243133 0.175403026599991 -0.253775392775256
-0.228463380701632 0.544522427701868 0.143974619251078 -0.322485778782274
-0.335781249783781 0.560937191936985 0.162920633433178 -0.374943513465221
-0.528524786386815 0.404094774914842 0.208492654660728 -0.347651684276584
-0.608853662245096 0.186444908130856 0.260256810230814 -0.191554630007213
-0.562861941822439 -0.0773433690067654 0.198615329444241 -0.0333825891469964
-0.506354007808578 -0.328501373084767 0.139780803655452 0.0466014242155746
-0.483060643245081 -0.446107926786997 0.0738316045678376 -0.0876418190813718
-0.450406808590034 -0.496023399377761 -0.0851248888006419 -0.12330920662562
-0.493028785343056 -0.3882298790299 0.0275627932062567 -0.370675905162074
-0.470949570973765 -0.197997624529315 -0.312851754103177 -0.320498649971954
-0.563351908149861 -0.0870560661571866 -0.381944040193928 0.0728957229239682
-0.629097411958031 0.135127395910041 -0.120065990123805 0.224071046160848
-0.527137740088371 0.385156783320692 0.0453669525242456 0.151703389719264
-0.359310101716923 0.549712680700277 0.0717585193883782 0.0402716647315735
-0.321239732626392 0.596485878269761 0.0811580891883536 -0.0321286863888547
-0.294285533355245 0.587763210914657 0.064434905023071 -0.0959474828347081
-0.419297150012104 0.567558410816226 0.0694416544654346 -0.181865816578722
-0.604561997331012 0.370683502537179 0.10032181994047 -0.247371464919168
-0.630537300142588 0.127585084607929 0.245662004612643 -0.198415603687136
-0.545867371717553 -0.0824496142015213 0.294387972782978 -0.0224067884274439
-0.535171910819908 -0.309447046065449 0.266879733732948 0.170272847584978
-0.548730289523193 -0.46460317529169 0.201810797339841 0.111509328634254
-0.433669029523064 -0.456788194720076 0.0262813826920773 0.0790656561880824
-0.462209587414815 -0.362957808240801 0.0609554304086904 -0.207908627980069
-0.468975382281971 -0.216191831222212 -0.250348328223779 -0.196419104384857
-0.60180236267488 -0.0844146036483549 -0.342916162998421 0.0641282694416874
-0.650966071003685 0.182958749178889 -0.238342258958106 0.223480475424192
-0.511070982287789 0.427852570919931 -0.131645567282629 0.269715705064289
-0.344762767697969 0.557416192331126 -0.0678316225763801 0.248792870125677
-0.325764472037687 0.569044130378151 -0.0222841973441625 0.189736692535275
-0.32530792229935 0.531496026358235 -0.0370182337726046 0.117522704475203
-0.44540192290486 0.456192235609955 -0.0461553902708493 -0.0113538519372535
-0.56897687033814 0.235247911340898 -0.00724623985319097 -0.170784299546228
-0.510772587854479 0.024002936914787 0.24420293265197 -0.197515595130018
-0.41785533378912 -0.0632731103331182 0.378376537045321 0.0274549853099223
-0.483474662406893 -0.246460970778451 0.336072880928059 0.309203087464189
-0.536576517560901 -0.42387856321032 0.306664510641452 0.295239087446954
-0.356596242276613 -0.345742586203703 0.126768677084914 0.265618699669117
-0.36264398672418 -0.274261430068463 0.120312736654944 -0.0294094946588584
-0.380754030268138 -0.176032532553174 -0.146656393623159 -0.0958523333824267
-0.505748455880413 -0.0538550954605629 -0.310021799959268 0.0366520209472698
-0.534049450535328 0.196212957874511 -0.354595685525115 0.253277169433377
-0.397985404072793 0.391488913016725 -0.280274917015401 0.410402041718472
-0.276544861014348 0.477736434856514 -0.17958433419299 0.447323823751042
-0.281379594669393 0.456199300576155 -0.119814308067668 0.382723989158794
-0.302271975937532 0.396363693575159 -0.151931708454249 0.283512857187711
-0.390370065601447 0.280923239128938 -0.166312290189243 0.0928437026633113
-0.419790416602483 0.0808886693530534 -0.0868831385215426 -0.146858957779319
-0.29995112734845 -0.0468717682827151 0.265413479321872 -0.183192985186012
-0.251816696682341 -0.0117140690983976 0.419343021909263 0.117492594634283
-0.383894381240341 -0.155138733702448 0.314179181163188 0.429612429136091
-0.449324175755867 -0.332112640461347 0.36879811873899 0.442607718096077
-0.220645865138414 -0.183125266108912 0.205194266875661 0.401179085794108
-0.202959512235882 -0.136849851564794 0.185166068711532 0.101440367578201
-0.211341103968247 -0.0993492290867382 -0.0568191310279703 -0.0421164663114908
-0.29472859858872 -0.0290307967541498 -0.294686353144544 0.0145785273875583
-0.316705792888144 0.140370193322843 -0.430333657037821 0.301888211194962
-0.230622936888897 0.257180796646529 -0.362135974976337 0.534125006504911
-0.174701009338447 0.30639421258135 -0.246283965301357 0.598287692303999
-0.191921042923213 0.276506855403957 -0.201855578533469 0.520587049867425
-0.219221411847968 0.219629594463134 -0.256072558568727 0.380371101073887
-0.25659538594616 0.109765370394438 -0.261044105921563 0.122373466250072
-0.215234526448698 -0.0225312605994496 -0.113255397023514 -0.15835283313009
-0.0952365608415424 -0.05349172541808 0.296555453383482 -0.142270766558255
-0.108844538700853 0.0429108941062921 0.400221404990178 0.220152115259096
-0.255234677655539 -0.0625529253448967 0.222227358333404 0.498898953224943
-0.299235309498635 -0.196383133150951 0.383627508003301 0.534294118711096
0.0564168912799158 0.00574184966083046 -0.392919025943155 -0.496550823872024
0.0421952283422346 -0.0484564952972341 -0.179605654367112 -0.474122262506084
-0.0310446975025766 -0.0281546003068732 -0.350064172229029 -0.352012318108129
-0.0346151930229489 0.0384770108630843 -0.372974040032625 0.116281300472114
0.0296618707363307 0.0458604722190225 0.0867854069023558 0.260882547016328
0.0453168862763189 0.0165051804308342 0.365031183134785 -0.0530156936945173
0.0734282961178404 -0.0225296772299964 0.345451029607388 -0.405806193340353
0.0744183211149194 -0.0551829051374787 0.255918869335033 -0.589444374039023
0.0809513104253275 -0.0644753871936235 0.240049337870288 -0.661183303601134
0.0848280995321817 -0.0412462504169051 0.307713985426689 -0.620015586725294
0.081507101979413 -0.00196601752083931 0.394053424917266 -0.411528481004342
0.0523559632774151 0.0656020118282834 0.287195676959018 -0.113342480020265
-0.0202736307681331 0.0354991626188835 0.0595049874024935 -0.00022120073658486
-0.00072563791512867 -0.028467159099578 -0.0918087999636358 -0.120787877221057
0.0403224138429119 -0.0128277600517959 -0.1872236953936 -0.445520937119679
-0.124871364919701 -0.16192708392242 -0.37624682701347 -0.498351654120216
-0.139747385251531 -0.146257984056324 -0.109761039608892 -0.473911285043601
-0.1588556843939 -0.0413150037419446 -0.293946974925747 -0.404448880472816
-0.149241250565644 0.0281454634033096 -0.383436591859879 0.0654543775833902
-0.132416386366137 0.0659882866924966 0.0489474819580856 0.261881978597012
-0.118725912196915 0.118851292685934 0.355758279146982 -0.0125032911142359
-0.0582776038765273 0.16281937974126 0.355330021357691 -0.371105253564107
-0.0467732741486179 0.180476343360951 0.260555103046097 -0.558543811032635
-0.0269495629598219 0.181287505261155 0.220949662971669 -0.634339909817789
-0.0705219593391271 0.205074749070707 0.269727927091233 -0.620914424354884
-0.156040303576838 0.167742547989392 0.353583470281883 -0.447727040035237
-0.217675348392636 0.118389585584482 0.280764950249647 -0.148239238813029
-0.251735097785591 -0.0238824692633556 0.0697366145602033 -0.0116591297922824
-0.205794685507351 -0.175133342709364 -0.0698156264736781 -0.105992965535917
-0.160812397260871 -0.200224454419437 -0.14610943734027 -0.390550666339932
-0.289750935581692 -0.321032058599588 -0.310041139128322 -0.4298130298024
-0.316475523708513 -0.25299069769216 -0.0516693642903633 -0.476509610646138
-0.287323045086138 -0.0724501130024778 -0.292301182734951 -0.426889115243464
-0.275551658715579 0.00404222012745729 -0.39229059056758 0.0538068126047241
-0.302720242033719 0.0808998249278521 0.0178384759209514 0.253348791465998
-0.282251062940961 0.212854014674226 0.302543051308522 0.0236772286231993
-0.187094998682465 0.329082065134965 0.302467302812052 -0.284503515975428
-0.158111439096457 0.388767864713643 0.22603484941688 -0.439190276788683
-0.121794872669713 0.399553336559857 0.181540116927611 -0.515599354219993
-0.199693524394945 0.424630420583059 0.210866215907186 -0.534528888784479
-0.355812471648711 0.329457929472418 0.280640870436975 -0.426520777735257
-0.444605941215662 0.184769098368694 0.266920139531989 -0.180856025950906
-0.44705606878775 -0.0476969003660127 0.119593924755447 -0.0275499607346642
-0.391990855498311 -0.270174123878297 0.0138440355656632 -0.0474437239943065
-0.350198478220003 -0.341719973235313 -0.0549972214409411 -0.262731635629817
-0.402070945593956 -0.433003434544764 -0.205369142497988 -0.294712562958359
-0.445008608454576 -0.330840781414049 -0.012711262302729 -0.454644087061246
-0.397781810545188 -0.12512891975347 -0.321046388852455 -0.400345367199776
-0.423107336943482 -0.0349553306376964 -0.393211239463981 0.0703760628169215
-0.480623396428786 0.109393503397191 -0.028105802698119 0.238416709108106
-0.424385542329464 0.30940746769606 0.199189963627937 0.0696309195543234
-0.285645674367038 0.463965905894966 0.202343109487061 -0.145508470786232
-0.243198254154104 0.533077432123458 0.16297256113072 -0.255418304763379
-0.205025893833323 0.543160735685005 0.131352361653262 -0.321645462918137
-0.308843112802547 0.561172697872472 0.143812205193167 -0.375682066018
-0.504396212907039 0.417226982813271 0.190125372087838 -0.349367371719792
-0.591919535057878 0.205414005131027 0.248108966995688 -0.200802054137056
-0.554445120970804 -0.0578278709638394 0.199344655643948 -0.0403038543341073
-0.510277524047598 -0.30733261744725 0.141910257834306 0.0425717811981342
-0.488576861399249 -0.421373889772916 0.0714018355171864 -0.0889663909667122
-0.453191522548558 -0.47035529993958 -0.0882228762166589 -0.116927262379012
-0.497931258837666 -0.364764178161808 0.0132195325975082 -0.366252956310911
-0.463880478378792 -0.178861955974038 -0.319702060345582 -0.308790524098081
-0.552157932698668 -0.0657473441632879 -0.371471943412194 0.0847650036552292
-0.612456320173816 0.15699720623498 -0.111646895870955 0.223751740523143
-0.501640387931357 0.398095726923357 0.0492087874826104 0.148886483941408
-0.331285225017255 0.548171647231457 0.0740282072786822 0.0384342888928145
-0.289870482495848 0.595593901414643 0.0780827998960952 -0.0349565088214339
-0.267396437897067 0.590638204836219 0.0614831187009305 -0.0978587479136257
-0.39040200107716 0.572160751358832 0.0589180475395393 -0.182353716352232
-0.579706933946449 0.387996971788886 0.0861619346938363 -0.248239541734349
-0.613629526430184 0.148301036737824 0.231912792255538 -0.208921614982272
-0.537273565475033 -0.0617796681249085 0.29272526005398 -0.0330514043669479
-0.539038270401912 -0.288478970282899 0.269894058644198 0.16058874693148
-0.553259732986669 -0.435634723953267 0.203669069272883 0.100372274641516
-0.436314692402001 -0.433418301706867 0.0270869260935133 0.0771187326199407
-0.466990139272041 -0.341487963600569 0.0503465436831764 -0.210439609867807
-0.4636115852543 -0.196326529177657 -0.254673522006441 -0.189276291627905
-0.591654964154125 -0.0626257627823642 -0.334146292850036 0.0745163480836773
-0.634298270685278 0.206830765242143 -0.228582668092843 0.226522638523711
-0.485006213735688 0.436487860270542 -0.119610996200472 0.271029251089664
-0.318351996713231 0.556228694733705 -0.0544071104641861 0.246391993841079
-0.296618085421652 0.568847577213925 -0.0164982408110006 0.185172325596288
-0.297021758711888 0.533749503294143 -0.031531726364495 0.114954504824972
-0.419410459327091 0.462549803755274 -0.047058855544148 -0.0105671885193461
-0.548871227495184 0.253194815535085 -0.0167779227392712 -0.168935202169283
-0.498159135066239 0.041731783666157 0.22940006684 -0.207328039880907
-0.408710026935487 -0.0479879846436649 0.374263575216252 0.0136534913468007
-0.483573326481259 -0.224928942462288 0.340575899667304 0.293238346384859
-0.538561436887887 -0.395780731885311 0.311721615643896 0.275801023835868
-0.357237073596211 -0.327701357681132 0.131418726810554 0.255530900834639
-0.366145563858245 -0.255794278542373 0.113920997081643 -0.0374894719242395
-0.373118703347539 -0.15876413550841 -0.150204034564042 -0.0933418086179875
-0.499810156600031 -0.0347533696430453 -0.304045597086587 0.046223929159979
-0.516268666276633 0.213486240989369 -0.342321147049099 0.25955360654351
-0.375694170246974 0.396143018412954 -0.258583856870952 0.414841998576258
-0.251666487563277 0.476744345535035 -0.158135461562813 0.444461219214613
-0.255449363252814 0.457562205453674 -0.106980117545321 0.376951508914775
-0.278637289828659 0.400369697886044 -0.138463929458327 0.280353687040925
-0.371796045656437 0.289424620987602 -0.160087032013118 0.0949832603840877
-0.408140651298843 0.0970514777159435 -0.0920327189385521 -0.141826568693967
-0.29332317074933 -0.035598304557367 0.251072982512755 -0.194421123156506
-0.244272623972988 -0.00155678886778752 0.413920410562534 0.0996833559650082
-0.384604303905063 -0.137773779559197 0.323140533393577 0.412365637270564
-0.450450928827055 -0.310165173871729 0.377439712418487 0.41595158279206
-0.219782673318296 -0.172594770362505 0.211304869903851 0.385249577271543
-0.203604111137433 -0.126709046642631 0.18248957401695 0.0899931098895643
-0.208568221948334 -0.0898524004422365 -0.0603709335000057 -0.0419237146412308
-0.290630884908985 -0.0201534093655772 -0.290196325822655 0.0240422998433606
-0.305652446710636 0.150362808895663 -0.414244305294884 0.311311650893822
-0.216892544936598 0.259360067061087 -0.334433621448871 0.53958192752433
-0.159603518508157 0.305292934538066 -0.217887226002632 0.594620414658888
-0.175866423304273 0.277056951052583 -0.180631036706485 0.515044063941786
-0.204074307036463 0.224028790647152 -0.238561405256471 0.378808402010677
-0.246649226035707 0.116502903186586 -0.250707834659191 0.126992026904223
-0.20964667812085 -0.0147128378594892 -0.117084220841363 -0.152371156691981
-0.0927201150453208 -0.0490260354722561 0.28285861263796 -0.154678606671538
-0.102469287991789 0.0465891417035749 0.394878703753973 0.202065862982961
-0.253576382350829 -0.0520356990298191 0.23468571015552 0.482060299533998
-0.298431070723063 -0.182535052498182 0.396831510298833 0.506388593807921
0.0549157736355436 0.00483483591743731 -0.404108593892325 -0.475356980282178
0.0395332318423591 -0.0505053181387197 -0.191181102609965 -0.460691920234829
-0.0315494679252156 -0.0273090215018366 -0.356754949240502 -0.337600228824553
-0.0329406811715046 0.0398199378786923 -0.363461119664025 0.12885555496502
0.0296852095371052 0.0434192226336571 0.0961076166441407 0.255958031735239
0.0455319512873335 0.0160441669453538 0.359077948295571 -0.0629067447669949
0.0714822185076078 -0.0242840077281925 0.325764883963535 -0.409507930032203
0.0701174860960413 -0.0581016407924908 0.234028584770753 -0.589072269660355
0.0763693908386254 -0.0683677994130547 0.216467538703572 -0.662110709626957
0.0828009517410412 -0.0443519465766249 0.281081015083842 -0.623726716048146
0.0803044994195256 -0.00320534439860148 0.375794781658418 -0.423309942866658
0.0540012476337434 0.0639707640884459 0.282359879257315 -0.121534853426576
-0.0201732330033133 0.0348980718288862 0.0645136223787353 -0.00249036098176133
-0.00246655987096466 -0.0281378155928458 -0.0906091427248281 -0.118850066474676
0.0370598091431606 -0.0134236915575867 -0.196788463984663 -0.429817938440315
-0.126842371731839 -0.15508538855268 -0.386278407163744 -0.480795541031685
-0.144142514898807 -0.14012719753996 -0.122125576911286 -0.462996276447118
-0.156600363599048 -0.0355919285413947 -0.301463687645983 -0.391531483336547
-0.144661330423952 0.0339360190052667 -0.376998756641493 0.0781969769992803
-0.128458296734903 0.0695746480444831 0.0568298813856308 0.257418524093131
-0.112630369571146 0.122256190874171 0.349180946854492 -0.0225769380386286
-0.052560149055407 0.162312053336763 0.336292157238968 -0.37516072815294
-0.0401298992274774 0.178757932785673 0.239130112887986 -0.558779808835633
-0.0220634430284421 0.17874137606279 0.196978075378877 -0.635696666586364
-0.0617933977133396 0.204814521771648 0.245153920311473 -0.625629476455564
-0.149125800629877 0.173454136186472 0.334011179384715 -0.456763719687795
-0.211149310708474 0.125616844614673 0.274482249726898 -0.157571477396001
-0.250133860785518 -0.0157006586412874 0.0745427950210284 -0.015229800988264
-0.210862321450664 -0.16794228466337 -0.0678586572501376 -0.103378203304072
-0.16646602931264 -0.191367364532215 -0.153591522538198 -0.378159258209799
-0.291393066384345 -0.309441437412399 -0.319266842906837 -0.412901817583998
-0.321956528129658 -0.239888458112186 -0.066822388971356 -0.467976167567653
-0.283780366733288 -0.0622252302049872 -0.302617800548847 -0.415043519978361
-0.268781574275996 0.015177977621924 -0.385419126130379 0.0665300333471242
-0.295012726490589 0.0909327857956923 0.0242295733631692 0.248806341600271
-0.270946345339666 0.219767604920633 0.298029750027618 0.0146361559451756
-0.173183969080426 0.329759017932379 0.287857885487019 -0.288237190161503
-0.140995145935495 0.38690611964058 0.208433938349796 -0.441931308882161
-0.107448097799895 0.397499035644835 0.163321084197044 -0.515514403212393
-0.182479037064657 0.426270745486386 0.187287469570459 -0.538917141561029
-0.341608572699796 0.340217614350724 0.261773496891983 -0.433825650364923
-0.432179960815419 0.197107303142708 0.257724112059754 -0.189699534869106
-0.444487848864682 -0.032435017697811 0.123450679385915 -0.0327829291528773
-0.398736036317386 -0.257669363423103 0.0156554270243061 -0.0469148759572371
-0.357659738811453 -0.325273699604137 -0.0602665621368349 -0.255944113621853
-0.406737191949246 -0.414833396627898 -0.213135310258861 -0.28280815047204
-0.45220038078842 -0.314416384573791 -0.0278079935942241 -0.447935397304087
-0.392337970424852 -0.111893092337408 -0.33017913354416 -0.389570805554693
-0.415167781902557 -0.0179957024362316 -0.385593760795806 0.0824820442306072
-0.468066367646072 0.125043446854335 -0.0224452672867681 0.235634673017952
-0.408403235612612 0.320439699833656 0.197786906287154 0.0645459886809995
-0.26661114996851 0.466003725413149 0.195724516738693 -0.14849851504471
-0.219477848036619 0.534106855984592 0.152483037187665 -0.256957564239006
-0.182387266000611 0.545528604598314 0.119452763208941 -0.32401825526331
-0.286480338668717 0.564272636853724 0.126466469953263 -0.378093198520728
-0.484342448890909 0.433694617278029 0.173702450165348 -0.353966696636847
-0.578533393077833 0.223089834233263 0.236833781573279 -0.210289598492926
-0.550091096742341 -0.0380426056390838 0.201032264365227 -0.0481036423645681
-0.516690611626146 -0.290164986768436 0.144348907368951 0.0388391970290655
-0.497816309102208 -0.399957668485122 0.0696263443382269 -0.0904111428464386
-0.458578349360894 -0.452648513631638 -0.0912240462971065 -0.111916481874584
-0.506505772464504 -0.344279716623401 -0.000341494511518123 -0.364102069016674
-0.459881810715934 -0.163452416956648 -0.329612544001429 -0.300475347061302
-0.545552570461558 -0.0467113474080899 -0.365646857303813 0.0953289778492736
-0.598614247437689 0.178170037747573 -0.106529314615142 0.224309937916847
-0.481260102820018 0.407937840710043 0.0515020991688622 0.148232479612237
-0.307793139316624 0.548303896582581 0.0757952625137005 0.036434325367954
-0.263505408369989 0.596334183088876 0.0749219521252969 -0.0376791858196173
-0.24430108284285 0.592490482759681 0.0578483961239921 -0.100259099426081
-0.368332466422568 0.578426228571309 0.0500349085343911 -0.183210870573829
-0.559876768758051 0.405966976972436 0.0741881862830049 -0.249061817976642
-0.600955649067887 0.167100880920965 0.218232204716002 -0.218825590571943
-0.531259935264771 -0.0434905828251478 0.291416414955124 -0.0438907591561627
-0.542695330706087 -0.269469851745947 0.27459191524302 0.151690433894049
-0.561597994939984 -0.413605766147246 0.205304093226805 0.0907606354967004
-0.440840377940345 -0.415180182357162 0.0284775882033582 0.075761264870177
-0.474127067113942 -0.321711285714422 0.0399956531971338 -0.212540080293843
-0.460063797388735 -0.180887248979646 -0.261085354308052 -0.183275335760602
-0.586705391668999 -0.0416876401508434 -0.329247669063191 0.0837404808171632
-0.617760845075178 0.225702521660502 -0.221861654939561 0.230888308305532
-0.464182463426677 0.448158641917499 -0.110090854719474 0.274638192069025
-0.294201537363511 0.557830890368329 -0.0428359558353927 0.244522109585027
-0.269560495287832 0.568394317713267 -0.0126397544032615 0.182467952003972
-0.274268739352315 0.537640143922858 -0.027016155042143 0.112752247320665
-0.39960403438697 0.471038694475199 -0.0489296506499301 -0.0103320684653187
-0.530076475474805 0.269586180733782 -0.0254505837992272 -0.166940390569316
-0.488805598574219 0.0574721763169096 0.215508039022784 -0.217955084870042
-0.404124211581809 -0.0329713531991436 0.37144919499493 0.000665388449490397
-0.486914632332333 -0.207691074759857 0.347472127114481 0.281269340102222
-0.542135793025949 -0.374145317106343 0.316249429325353 0.258889566023327
-0.358774479790613 -0.313088127458418 0.135136417281761 0.248090201085036
-0.369888297309108 -0.241372181279027 0.108048355559878 -0.0439136910778338
-0.373342705648047 -0.147971616332712 -0.154582509126251 -0.0909090065923319
-0.494691343944358 -0.018018722921425 -0.300657426382155 0.0537592947322688
-0.503609532822386 0.229861777979769 -0.333745342821734 0.268510233535572
-0.358676124365844 0.402762005119897 -0.242450718996924 0.422447535841241
-0.232267301843087 0.475552614094769 -0.137687184514375 0.442307477029276
-0.234497299828324 0.459227577345208 -0.096246228730004 0.37553394889408
-0.259514383447625 0.405409841685317 -0.127531555075524 0.27953773007856
-0.357599857444415 0.29819550852765 -0.1553745441779 0.0969814930775539
-0.396816955953327 0.108653431158946 -0.0985323142172431 -0.13738973267814
-0.288485868656242 -0.0251386788455467 0.237294604553466 -0.205258855924463
-0.238338092279022 0.0070589641526957 0.410851695686177 0.0859169286044325
-0.386315940344096 -0.124131401415714 0.332730692928533 0.399122584571298
-0.454110991804652 -0.291043644341789 0.386607811508931 0.395026268334882
-0.220596612974009 -0.16548597210874 0.218310425683001 0.371958678358188
-0.205317491427597 -0.118884093763102 0.180009858253978 0.0789287809441149
-0.206616480327091 -0.0827239006343805 -0.0641478553315636 -0.0420392868069957
-0.288225661353398 -0.0112885953167794 -0.287772638551715 0.0321554660607955
-0.297286539176831 0.160929779880382 -0.402973052091481 0.321777234682857
-0.206326000638826 0.26226285462204 -0.312057289748183 0.54794880932325
-0.147301407368901 0.303682719934056 -0.193666283721271 0.592193944388308
-0.162771696455787 0.278910366416388 -0.162848214010759 0.514442671310165
-0.191385509737617 0.227797867985284 -0.222299963394221 0.380442088107846
-0.238255838042768 0.123609389822313 -0.242475149258958 0.131223871931543
-0.204957665331682 -0.00742817203428073 -0.121674249449599 -0.147552943085104
-0.0914297079153162 -0.0455528374673654 0.271601866177459 -0.166798305641827
-0.0969434950263441 0.0503544612355498 0.392421899371258 0.186387548936056
-0.253121052559748 -0.042322997349206 0.245527721453151 0.469384181567931
-0.299583432390237 -0.169707217204555 0.406980032314732 0.482408334226371
0.0597183048322507 0.0165237846280146 -0.314657586833008 -0.533673504803633
0.0522951684358318 -0.0399533803201229 -0.105619864862969 -0.476350844534321
-0.0183276402504334 -0.0327486587975521 -0.282917130722062 -0.390896695950476
-0.0343793500352946 0.0270272590539224 -0.376534611849905 0.0641137070891973
0.0166695725893198 0.0433139987281964 0.0502066851622093 0.265019080896094
0.038455050760174 0.0247447008851878 0.357779285839656 0.00420696091018132
0.0704779171223489 -0.0119526505035165 0.393579242806316 -0.336997319123307
0.0759099638588609 -0.0442813921623483 0.334445882428591 -0.524826179900156
0.085346597911058 -0.0517469694469747 0.331352227531143 -0.603729701649962
0.0869037680361394 -0.02877157088288 0.389319094236591 -0.552616092499878
0.0779598541858169 0.0132712512299387 0.444080726145095 -0.344426954786669
0.0385174759306305 0.070814575694966 0.303073943665803 -0.0629982321327082
-0.0279822686755266 0.0292530969095833 0.0681541734623841 0.010119318834912
0.00054672758996919 -0.02772039302473 -0.0630222923474383 -0.135521416848249
0.0366375546469005 -0.00520872758590502 -0.109138501059654 -0.46633064440667
-0.0840898846630115 -0.169223400701147 -0.297943581375843 -0.536963777204149
-0.109022142176492 -0.154937058225378 -0.0344646827700312 -0.473564245545569
-0.134850247092526 -0.0601502447822227 -0.21935665135954 -0.437746017559468
-0.136332544291336 0.00443950303905062 -0.378105793798879 0.00884497859331111
-0.137234555639391 0.0410133612355273 0.0135576060266742 0.257987871993354
-0.131960569182742 0.0984111054283266 0.341795666280816 0.0382824189319325
-0.0807580462335055 0.146065997608069 0.394691003409394 -0.30098437530744
-0.0730468103164052 0.16746942668826 0.335428764504337 -0.496433768626128
-0.0562149913331126 0.169757814197854 0.307190853981555 -0.580883799260309
-0.098545272852561 0.185186089918678 0.346721804045703 -0.556956369181373
-0.177937778741361 0.140870988370956 0.401971861785456 -0.377873277520138
-0.226820435722779 0.0771497240226355 0.292882284855818 -0.0977712186198147
-0.24131579267638 -0.0690112342460256 0.0738619106633175 -0.00126448698973709
-0.175049303854646 -0.205720685507927 -0.0449089779885533 -0.120866222694649
-0.12598752676685 -0.21822782118431 -0.0773598269132511 -0.408255058895538
-0.212077844109675 -0.348304607629061 -0.243598796434038 -0.46346323692232
-0.263319048919609 -0.277262748762563 0.024867719601301 -0.476207420993941
-0.250491862833325 -0.107770045936559 -0.215105786798979 -0.466618817065569
-0.249116007659749 -0.0336130434767028 -0.386128460211734 -0.00636149991574778
-0.298429586867586 0.033392461187698 -0.0154934665544937 0.244389473271861
-0.301414087927084 0.163800922218251 0.28561827868419 0.0617977729261571
-0.224450283360343 0.285408238999628 0.331197103647852 -0.225945919936559
-0.208602841155155 0.354035622759187 0.283887991630055 -0.388749973969187
-0.180018722934786 0.365510229022579 0.249903204678343 -0.471291702959246
-0.256596144641191 0.377104797070771 0.273340975773122 -0.480666345933505
-0.395590116470333 0.266825823641096 0.319925899451887 -0.363707981373149
-0.4535609375505 0.100865024661687 0.275131149727727 -0.130637487724835
-0.426394648164268 -0.127386389928153 0.118678687802372 -0.0107869349269238
-0.339405654374743 -0.329733390310249 0.027011120246539 -0.051806878657085
-0.285088693366948 -0.386120956707713 -0.00977488070386642 -0.268068340872833
-0.304187977138362 -0.470253233878462 -0.162571337414288 -0.319952148016875
-0.375371794850103 -0.369258119574281 0.0643113172613847 -0.456807915318502
-0.346000077341543 -0.173565273574857 -0.247606607856064 -0.450576397683903
-0.381245981948533 -0.0919474050142824 -0.390013532771726 0.00538382888621817
-0.469298202500474 0.0361860852875209 -0.056475481756154 0.222952521149472
-0.448767723472383 0.235822893413587 0.179331305228354 0.0891034427350927
-0.336803414178179 0.400847202811158 0.213745096172195 -0.107618247717086
-0.310568571453393 0.481660559415084 0.195166833767328 -0.220401131700171
-0.28059505086381 0.491182925225349 0.170963529361209 -0.293413017518654
-0.38160908578788 0.491004372667535 0.181044963415654 -0.334647135538875
-0.55239324813039 0.328700031605417 0.213603982822128 -0.298502048567436
-0.596811366023069 0.097134879835257 0.252660742269023 -0.153977551589221
-0.52640746628962 -0.154234548256947 0.193563715752214 -0.0119236796387904
-0.44742126762296 -0.386795074067517 0.138083771449506 0.056384696425984
-0.405891641992163 -0.48528770781016 0.0853806790167421 -0.0773836991097021
-0.349933489204052 -0.515929648453555 -0.07343189466695 -0.132900265579202
-0.421255515318892 -0.407891246676116 0.0769214227579432 -0.373689443348611
-0.40232501881708 -0.235679212773202 -0.261560937300727 -0.368559502098876
-0.499948104460659 -0.139499109495436 -0.37198597549101 0.0190511160196142
-0.603584689342213 0.062856359073731 -0.134535054143993 0.196680875037334
-0.536655704592121 0.305564100180533 0.0221755551773973 0.142568677779735
-0.391289185484201 0.475175281714386 0.0624119384572787 0.0501139177460593
-0.364554161825431 0.534154255488339 0.0792669267019153 -0.0226446189019223
-0.346756742230141 0.527000390531145 0.068155487729543 -0.0881996269638408
-0.461707233698842 0.48991946329867 0.0694993759337958 -0.162401901242855
-0.619183549960457 0.288354963860519 0.0948151951043397 -0.215927865648134
-0.60819022916054 0.0381908540594226 0.233874324886684 -0.168181983894806
-0.506111215752514 -0.155225771500359 0.280818311712924 0.00951789697627025
-0.474645385296997 -0.371332733444892 0.244543593460648 0.193182972917498
-0.464530495070972 -0.5108013114222 0.184444187344835 0.130311232584452
-0.343250172992438 -0.477530383069324 0.0109299694919122 0.0703259270557055
-0.39781830432163 -0.38238873318563 0.0875360378639389 -0.219046435724652
-0.401006586284814 -0.254123075529412 -0.215429277725655 -0.24200023836539
-0.54058193227128 -0.14550401728534 -0.334820382650517 0.0111246063304913
-0.628972814214686 0.104506992366222 -0.247664956730924 0.182717767450992
-0.524704916571112 0.345009093009134 -0.159257364571913 0.236716360566872
-0.378152036124563 0.484081187923148 -0.0928454076925092 0.230876857334131
-0.366478077855333 0.507349156277058 -0.0460178252928632 0.174188238455647
-0.366303271583891 0.466594398749607 -0.0528211234371934 0.102111582313298
-0.472792564792057 0.380793057176076 -0.0558312612023835 -0.0162815737306883
-0.564726446591423 0.162192447168971 -0.0150740513033925 -0.158697116128736
-0.47638468882843 -0.0443461292548729 0.232738055640645 -0.17207851340132
-0.381492491922229 -0.118151163999623 0.35326236198395 0.0689090839913529
-0.43027951828796 -0.298815704385795 0.29271370727294 0.337581184472141
-0.454312796707656 -0.469044312990255 0.261114710101545 0.320205850628832
-0.288682863714785 -0.366361108499372 0.0855900702067927 0.25738957051672
-0.312919075373849 -0.289022318202812 0.121288029272079 -0.0404735131668873
-0.327864864899555 -0.207061908264263 -0.130627831297033 -0.13042744490736
-0.459416998070656 -0.107276106796019 -0.302685526527744 -0.012010875045546
-0.51983572077881 0.128506549350437 -0.364521565302468 0.199015645100072
-0.415406688296023 0.320693200525441 -0.314000240915964 0.360448042911605
-0.30357302625685 0.417469666162184 -0.220435274367983 0.405874272507563
-0.311195211292955 0.404476307106802 -0.16266830152034 0.344160428953474
-0.325209844720862 0.340898434567215 -0.179706874872172 0.244061762395269
-0.397229702023197 0.223371596269674 -0.176474190924711 0.064015987889729
-0.401765264940176 0.0296346805921679 -0.0852763632886415 -0.149060618232072
-0.268436817820193 -0.0833157807968824 0.257804731878051 -0.15931952357945
-0.227751229646684 -0.0425786058111423 0.379464821314298 0.161294499049637
-0.347658221489786 -0.196360341272019 0.254886167416143 0.454239195750511
-0.382433084696446 -0.372384324271884 0.304452046712889 0.468442452443177
-0.185835828198493 -0.199980224305499 0.146049345469845 0.394780160711235
-0.178946301739488 -0.145639798399368 0.16430976209554 0.0963831280772996
-0.181181205368786 -0.11511967311194 -0.0543083633175366 -0.0602479457953281
-0.267617592169709 -0.0637145080544828 -0.287286094501128 -0.02652121430942
-0.309447998886795 0.0958018036751052 -0.442914066545049 0.241760763792374
-0.242752615112637 0.211017408168858 -0.403953363255137 0.474240276318451
-0.190968677727842 0.266908040586602 -0.302799483594965 0.541736191457967
-0.208170507337799 0.241645516643586 -0.252799518928776 0.465374202562965
-0.225315448310312 0.182344240629911 -0.287942864199204 0.324493094005522
-0.250482799157094 0.0767175810797127 -0.261817077099939 0.0785312113917014
-0.194772482534101 -0.046177430336977 -0.0984618390795704 -0.166489718414628
-0.0769194584853491 -0.0637886531016608 0.290791048075722 -0.115521650030028
-0.100065720427614 0.0302324948216247 0.345687676532186 0.257083858666129
-0.23425694101783 -0.0899596281515201 0.153077828994468 0.509354123216425
-0.256655306582849 -0.225061558898428 0.309261612259961 0.560731294023812
0.0591743904322748 0.015655173570142 -0.323720564054156 -0.512864469310277
0.0498180607055132 -0.0410282066549322 -0.117317286082853 -0.460867135817222
-0.0179491185734497 -0.0323950001463028 -0.288536892889248 -0.373434925750344
-0.0331860722400041 0.0279681653860851 -0.364834724166025 0.0770995188833103
0.0167299071454465 0.0410020807886907 0.0582566814197632 0.258074803287839
0.0389608711195127 0.0244623028657725 0.349772840270918 -0.00577837870714757
0.0689176638510551 -0.0135143755957824 0.371142843713094 -0.339575538870744
0.070988412902004 -0.0463263053004805 0.311501103698312 -0.525993431835914
0.0801927076152282 -0.0550024123902427 0.304871132749696 -0.604253296276792
0.0849667911803097 -0.0317048004917967 0.360464466325829 -0.55515245775269
0.0766952844563126 0.0117589215694009 0.423485514958528 -0.354596269116014
0.0405414235850528 0.0691467689651157 0.297408542661321 -0.0718917183442756
-0.0277267785460159 0.0286163348045179 0.0715690860191393 0.00737061318501763
-0.00157261943540988 -0.0271885977598883 -0.0622972802488224 -0.13279985885951
0.0339956945231898 -0.0044573448966332 -0.118725963130772 -0.449441972363303
-0.0857356727777499 -0.162714249569447 -0.307786555650374 -0.514396767304763
-0.112522100718002 -0.148532790060698 -0.0469080832834595 -0.459518664689338
-0.132345857574788 -0.0543855691440231 -0.229140630873028 -0.4237900120332
-0.131949696027339 0.00942326900957802 -0.368684499052822 0.0206310134446438
-0.131831652983 0.0454074711552852 0.020199726344735 0.252046655351728
-0.125235824116893 0.101420138524196 0.333998530405592 0.0284367573227907
-0.0737299595711647 0.145502451227713 0.375022235886563 -0.304865061147347
-0.066913689039772 0.165406437030099 0.312413364039412 -0.496942549096127
-0.0505891183324637 0.166939966444061 0.281774461040426 -0.582037754313838
-0.0897365847875292 0.183855745645339 0.318632569313022 -0.55846688699278
-0.169874017662207 0.14581878877898 0.379294052520406 -0.38641977682636
-0.219703975799418 0.0834183675737476 0.2857080190161 -0.106081454992048
-0.239622700137931 -0.0611118909574954 0.0772382584873027 -0.00455618315459471
-0.179813813966637 -0.197045777754156 -0.0443788989630808 -0.117198382207497
-0.131539636855884 -0.208571821750244 -0.0870817487290715 -0.393417669190498
-0.214814819820065 -0.333720747844 -0.251561550226199 -0.444678808236501
-0.267804610603471 -0.265066003342012 0.0104124373863614 -0.464333927043818
-0.246252975337186 -0.0973065607327001 -0.225873732251085 -0.452245180263411
-0.241927639709442 -0.0234708254476908 -0.377518641146115 0.00603034534139359
-0.289354593827626 0.0432324551680426 -0.0100222895366048 0.239748292020989
-0.288188206802054 0.170273992415511 0.279140590291009 0.0540749811645734
-0.210163533897268 0.286050964502551 0.314479720602301 -0.228434328110134
-0.191926188227907 0.351579055467854 0.265974467964093 -0.38829893348823
-0.165828449572691 0.362476960916871 0.228549886697133 -0.470649827280879
-0.237727279631096 0.377321835478771 0.249076919746469 -0.480804684675567
-0.379419427754704 0.276819817093489 0.299413015892228 -0.367477261800104
-0.442151596714645 0.113930549318018 0.26535268861641 -0.138385680450473
-0.422350507692777 -0.111776491173991 0.120654996468281 -0.0159043248523496
-0.345855271549041 -0.313446017110279 0.0276285801190709 -0.0513488536346601
-0.290575486002299 -0.36703488932182 -0.0172181178951387 -0.26166781079905
-0.30941523964063 -0.451550631342299 -0.168905385921913 -0.306821527738516
-0.381366186079007 -0.351562288591893 0.048096745356938 -0.449128987266907
-0.34112365062898 -0.159029096298259 -0.257897751397942 -0.439664853362076
-0.372556762241831 -0.0763163577881769 -0.383914772217594 0.017610428680242
-0.456248735566644 0.0522155516503428 -0.0522415804684843 0.220780886960334
-0.432048445300443 0.245382691838501 0.175870030269614 0.0848423547753314
-0.315991193947485 0.401131642090259 0.205551157942286 -0.110367275194712
-0.288536392144192 0.48017505959822 0.183224645094866 -0.221839893756462
-0.258299850151415 0.490696772032415 0.157527450530975 -0.294630715809742
-0.356846624695561 0.492877288262287 0.162477198529424 -0.335471967502951
-0.531195851365723 0.341819664525922 0.196863037948909 -0.300688132143767
-0.580645138995895 0.115464366819092 0.24029414280676 -0.16224143048427
-0.520671776889614 -0.135126404065355 0.193477259841818 -0.019010916283347
-0.453596466879214 -0.366882882506641 0.139835176892106 0.052196200823418
-0.410571964427984 -0.460841875576498 0.0811379197989328 -0.0786931127919884
-0.355790710942115 -0.496910088434199 -0.0761984554516958 -0.127089831048705
-0.428803083911992 -0.388743077048065 0.0625076852988337 -0.370007817333095
-0.397917370346447 -0.219180657134205 -0.270180020600945 -0.359618757697932
-0.490749183745662 -0.122040301338241 -0.367318449615452 0.0293374202595916
-0.585926036672585 0.0825416833934416 -0.129807581320276 0.197818265962722
-0.515268630665044 0.317144135578847 0.0241879164326365 0.142958112293832
-0.367601754642535 0.474301457507876 0.0640130911588023 0.047328844588032
-0.338526039254549 0.534647950415007 0.0753889598708428 -0.0240111044301538
-0.321724069876845 0.527309489037505 0.0637244681060428 -0.0900274970185737
-0.434979565403699 0.495928112991555 0.0600800936630828 -0.162250160544865
-0.595272196108197 0.303072529239485 0.0827616953457122 -0.215284820631751
-0.592168602710305 0.0574920389817811 0.220478043903627 -0.17576190979926
-0.499625714049736 -0.135482444328876 0.27865298304973 0.000479858168887522
-0.479162470485354 -0.349043140402134 0.247954345476006 0.183759374902837
-0.468618608977681 -0.483135173351489 0.182973561942304 0.120313721721899
-0.349227074746281 -0.45894244711025 0.0112000345555006 0.0687568236067503
-0.402567677252484 -0.362774318864419 0.0761029666034329 -0.220370551914535
-0.395581570689137 -0.236930332187121 -0.223231330821519 -0.235651380214809
-0.532299784655011 -0.12683651926145 -0.330561670141477 0.0205526477287942
-0.612224019129427 0.122767829784977 -0.241697357375155 0.186983919408718
-0.503786076846611 0.355388053530961 -0.149412029052803 0.240715042553393
-0.353538964635117 0.483789658230582 -0.0810611983610547 0.227974486075423
-0.340608983358594 0.50739253704241 -0.0411675642326114 0.172721655299538
-0.342294789888431 0.468339620689381 -0.0499013417087811 0.0995913506075628
-0.4478895828199 0.387653984049828 -0.0584444956997236 -0.0153494230735856
-0.547102961510261 0.178012644477916 -0.0228619249556268 -0.154763363601729
-0.465761100961381 -0.0266110058523871 0.219110278045545 -0.179662552912517
-0.374133593079229 -0.101161593626888 0.348762639081401 0.0568528780535154
-0.435009800221904 -0.278825848170869 0.297248090639428 0.324083997837195
-0.456853726255268 -0.44310038614325 0.263740705360622 0.302968591294243
-0.291778752762095 -0.350326571907659 0.0891097282966325 0.248161913710185
-0.317370727279708 -0.273521781885293 0.112857636567819 -0.0465499566314112
-0.323134396502161 -0.19401564174249 -0.13637458013865 -0.127958394290363
-0.453505694369791 -0.0912934169525502 -0.299829121235154 -0.00365878305371767
-0.503355276897504 0.143196075263972 -0.355545385931718 0.206226649446487
-0.397053068935064 0.326201430538456 -0.297189462837206 0.366628540761073
-0.28495676725161 0.415402511383264 -0.201690663204238 0.403538626010328
-0.29033097419532 0.405058966045894 -0.150258679988516 0.343653874220971
-0.30620532196368 0.344743557569454 -0.170020827679829 0.242633739503893
-0.380307146782975 0.231436670569392 -0.172070425182197 0.0662471518941905
-0.391037442867422 0.0430655345157919 -0.0901155113988909 -0.143354392825232
-0.263406244667983 -0.0722164570954427 0.243756063604486 -0.167615616500395
-0.221255204064155 -0.0331999365489662 0.374895874140503 0.14744564538639
-0.348377361191149 -0.182012638461227 0.263471687678091 0.439067487021091
-0.383978971850306 -0.352290111217726 0.311233118720242 0.445095940511411
-0.187914448711477 -0.191081570092355 0.150741204466667 0.379753808735195
-0.180663013006787 -0.136784749590535 0.15872201157877 0.0863425273181884
-0.178727131369262 -0.107063420336338 -0.0583809851163453 -0.0595965746851472
-0.264866860041245 -0.0557945399004194 -0.28577867575226 -0.018699491582818
-0.299150462508189 0.104603947328159 -0.430614295672681 0.250504259818092
-0.232007116863208 0.214961708098649 -0.379746134621264 0.479977036302973
-0.178482068570753 0.265904689740337 -0.275295327292995 0.539024257840934
-0.195374083099331 0.243283909708827 -0.235241530782722 0.465179553413573
-0.212939370727876 0.184284962976918 -0.272857243506012 0.323775547178801
-0.240449041104295 0.0828744244587069 -0.254232188396796 0.0820668104402139
-0.18954186646163 -0.0390307011909551 -0.101574322207601 -0.160510487092161
-0.0757833024626713 -0.0592082225915244 0.277681818381703 -0.125159963756601
-0.0944138963169961 0.0336363248761719 0.342212661457558 0.243105930483256
-0.232872702182165 -0.0807336202816746 0.164887765730622 0.493965785225274
-0.255609746641826 -0.212299231824818 0.317474335723928 0.535228439724891
0.058993631169762 0.0154428153860616 -0.325462034379201 -0.49420327982439
0.0478143160118895 -0.0414111643209096 -0.119806840454435 -0.445604919192319
-0.0171817208090338 -0.0322728855301109 -0.288796524330502 -0.360056223560846
-0.0310433751877659 0.0283694314271168 -0.35278657544427 0.0835038122695785
0.0167241949140965 0.0399390611639247 0.0621222735384427 0.251294856322212
0.0393942645788782 0.0238864803587525 0.342380589503794 -0.0091015947924629
0.0670890608411932 -0.0139060507885931 0.354877476808802 -0.334311573545354
0.067002312694306 -0.0467582790128956 0.295306267449955 -0.520690161747259
0.0758315537360722 -0.0560867709649479 0.286840310443692 -0.597657678038583
0.0830372146069078 -0.0345411569217647 0.340660738001531 -0.552868651585597
0.0753612577151443 0.0117163889505065 0.408363215828987 -0.357114985500446
0.0412929640763755 0.068405377505517 0.291259981762425 -0.0770341352806683
-0.0279062875791097 0.0280967333686526 0.0739009978767957 0.00515244166144323
-0.00284054573654838 -0.025613542147919 -0.0602624691361036 -0.131010394428348
0.0317854617190752 -0.00281477048591647 -0.122461530357354 -0.434385568411052
-0.0850090109666473 -0.156807160311892 -0.308447818250352 -0.498017037859229
-0.113303292698119 -0.143195180858585 -0.0533935920328142 -0.444955433141088
-0.128189668410393 -0.0520179442749848 -0.23340164740877 -0.41084008147681
-0.126262208664877 0.0131006551910809 -0.359100320098346 0.0281822605101535
-0.127559889216788 0.047904405877539 0.0228023662549128 0.24602385269203
-0.119370179493716 0.103119829911871 0.325119761524037 0.0247256867454921
-0.0690516025284909 0.142818795267411 0.358529394239597 -0.301048157395117
-0.0623138277174502 0.162974975825651 0.296771922750896 -0.492374491453533
-0.0472075786162487 0.164244927156704 0.263144034175406 -0.576414968293496
-0.0834483434764429 0.180894658105133 0.299267908027423 -0.55583031983988
-0.163795036351465 0.147768096374905 0.364057066241976 -0.386854962716818
-0.212913676806517 0.0871588252366171 0.278427609099514 -0.110385576364334
-0.23632517447423 -0.0552380809125016 0.0800827127593744 -0.00713594875744009
-0.181539672024841 -0.190189686219567 -0.0427331063446089 -0.115194142677948
-0.132820496760278 -0.199541049681232 -0.0919797433107051 -0.382001405970712
-0.215044921911423 -0.323784866790351 -0.255623906575071 -0.428787983242112
-0.269303658331214 -0.255651621501878 0.00182883670011175 -0.452550468357584
-0.239506631159255 -0.0906659022455453 -0.232242959055681 -0.442627695691313
-0.233519591557499 -0.017427911943663 -0.370768859009614 0.0122524435742332
-0.279738273343041 0.0489431808541885 -0.00840809764317979 0.235192087018565
-0.277653399965229 0.173648950001213 0.272232317651027 0.0511929131727045
-0.200355041873598 0.283308984311862 0.303279134550403 -0.22656451100063
-0.181387493469835 0.34820562798879 0.251558386068578 -0.385432746511246
-0.154839763335426 0.358597995758095 0.214955649145111 -0.465966997602922
-0.225937598482662 0.373888951697516 0.231495903045458 -0.476769049620665
-0.366778929580642 0.281029658320018 0.283030069528119 -0.366968269928444
-0.429600130217471 0.122047309901116 0.256173380492236 -0.142669625929268
-0.414908227459352 -0.102780875860688 0.121607685347688 -0.0187873530190925
-0.346361095792223 -0.302683599378477 0.0295757479778032 -0.0502393977256729
-0.290020476664557 -0.352521544280578 -0.0215562435763434 -0.253701126963975
-0.3083573116344 -0.438999975994227 -0.170597480091456 -0.295719099905716
-0.382208017118252 -0.338342421194854 0.0387508178255963 -0.43861514758562
-0.333323486360679 -0.149826921315769 -0.264688487043496 -0.429936241163392
-0.361611608428866 -0.0664141831857602 -0.377902507570473 0.0246928038460007
-0.44218569875424 0.0613907163179686 -0.0512692824735062 0.218312431897977
-0.416867600536407 0.248347996875602 0.171645270154058 0.0844767209878037
-0.301271806375375 0.396796139279762 0.199370001567497 -0.110082800762518
-0.271698618260776 0.474732440072995 0.17447714773208 -0.219959695676045
-0.243584990030751 0.485734651555144 0.147486314150409 -0.291859838325192
-0.339009589665489 0.49042675315351 0.149379181615098 -0.331622977886118
-0.512578114180761 0.347766654592661 0.182626088266542 -0.299197466892734
-0.565377021460435 0.124328320393433 0.23006775385133 -0.165741632983107
-0.511830292712941 -0.122991586170965 0.192148120274142 -0.023129949866464
-0.454348799734436 -0.35255697813853 0.140316312028272 0.050304429883763
-0.408274690720232 -0.440507887763716 0.0772641435958031 -0.07815750721175
-0.353837791698809 -0.480035455824675 -0.0765825230896231 -0.121621455306726
-0.428711356950241 -0.373615397457989 0.0530689928222777 -0.36541475968116
-0.38780863317275 -0.20764905898105 -0.277776974166408 -0.351789172246036
-0.480076784507318 -0.110258028287483 -0.3617079003285 0.03699897096844
-0.56977731753656 0.0925762118345808 -0.127817553778309 0.197292187248084
-0.499037557540004 0.320721613745889 0.0249881730895943 0.144142056333898
-0.350876920914312 0.469131678418807 0.0648859632964614 0.0457904314466608
-0.319489437745208 0.529039131476595 0.0724533916263821 -0.0242807208117545
-0.303407273219634 0.520038019618195 0.0585101432413595 -0.0906112708442641
-0.415073405258743 0.493315695267702 0.0519104357122476 -0.160709871922962
-0.577583112476944 0.311904509088139 0.0734709414061655 -0.212136715200728
-0.576826284056128 0.0700003954241785 0.208303224745274 -0.179174103782551
-0.489670019373303 -0.124533115081025 0.274446945097728 -0.00508132626926469
-0.478251661848574 -0.33551821907676 0.247475380277026 0.177632392785637
-0.463747310214029 -0.462514070971643 0.179723981975828 0.113167920836343
-0.34758353831665 -0.443531249325913 0.0112212144439154 0.0673305394627631
-0.403713578876034 -0.348316895704702 0.0672112914258115 -0.218909906753473
-0.387790630415063 -0.225104964928088 -0.228797506022259 -0.231135971965761
-0.522424119546403 -0.11419336218896 -0.326723845384531 0.0268125900909571
-0.595098937068187 0.133321191361797 -0.237288452471567 0.190277484475611
-0.487154352497578 0.35726799634897 -0.142468827771653 0.243493260665257
-0.339313868988162 0.478460585518621 -0.0735581154313703 0.223370555346483
-0.321830846631682 0.501128473505194 -0.0381449060934018 0.170407885639758
-0.324048836684282 0.464350413264727 -0.0490689154964487 0.0972225132606344
-0.429871816910435 0.389591951059497 -0.0598877435658339 -0.0153525633258637
-0.529720778294369 0.18596689591923 -0.027578125911767 -0.150947455003607
-0.455460434863837 -0.017647336698892 0.206629502799234 -0.183879180750461
-0.364662617545683 -0.0927372951482435 0.343662014494597 0.050370491068722
-0.432684784759436 -0.265601497185679 0.29801096208029 0.313985946010301
-0.451713234777363 -0.424016995038958 0.261043871366156 0.289085741023393
-0.2910618501186 -0.337958645427076 0.0894800101125211 0.240667221140932
-0.317467687762696 -0.262027411586852 0.104804568489975 -0.0504301872971006
-0.316046926595107 -0.183145446436252 -0.14113099633646 -0.126037425472388
-0.445663577245846 -0.0820526792603742 -0.297758858158369 0.000994854777152952
-0.489887989818415 0.151777149546801 -0.347393220581448 0.211171201786101
-0.383395161174116 0.327733304023911 -0.281680128238632 0.368216133273535
-0.271766493410169 0.410333092304302 -0.186609503474381 0.396229436849095
-0.27509742165921 0.401900133180274 -0.143324774549627 0.33906080718624
-0.291103801237773 0.34109802786617 -0.164364555309263 0.239016840882421
-0.365549581071422 0.233660289936585 -0.168786254060166 0.066416157607655
-0.37863912350281 0.0489664090546329 -0.0922613815008158 -0.139061523850387
-0.257003485950978 -0.0645672944022335 0.231240925203252 -0.172101223572698
-0.213912488224097 -0.0264854834638153 0.368358261088027 0.140180516217844
-0.346203042439697 -0.171874606237033 0.263944789081479 0.426192783046635
-0.378678225081016 -0.336580227786808 0.308878959136107 0.427707975922731
-0.187698664899756 -0.183259711468469 0.150425727415677 0.36699275941673
-0.180233517561307 -0.130545083004706 0.152676249213949 0.0796993780087807
-0.174267306808205 -0.101950881613914 -0.0625496769850418 -0.0590138056809313
-0.261646033998067 -0.0506653320737859 -0.283505713601967 -0.0140499071677604
-0.290285540991589 0.108458826145864 -0.420394513810045 0.256097944764605
-0.224589469462496 0.214844933631999 -0.362099235555081 0.480056653394645
-0.170553908574864 0.261701845713082 -0.258647801699058 0.529739640332321
-0.186415671962907 0.24195429472316 -0.223097697018909 0.458712947373772
-0.203490207866727 0.183405195392608 -0.262355364543896 0.320451051824531
-0.231482688567084 0.0859660841190387 -0.247677683293381 0.0829159860535946
-0.184279071572731 -0.0345121684497139 -0.101563935326645 -0.156565497001666
-0.0731998499621645 -0.0554813081820557 0.265358924006054 -0.130689925471084
-0.0896342092635088 0.0352769478664297 0.334942316550058 0.233637499164202
-0.231498631333115 -0.0754050269990877 0.169302293476196 0.482491071575705
-0.251823318693034 -0.204337594003979 0.318075618637742 0.515878920830965
0.0593185392169696 0.0157926848466811 -0.324394347185019 -0.488090935667147
0.0471437699437766 -0.0419054536930193 -0.119345826080714 -0.436535175736044
-0.0167100031577624 -0.0339073458087906 -0.287019425961454 -0.354737830254217
-0.0294265230703536 0.0275760719914775 -0.345666738395257 0.0858117527645259
0.0162720677604549 0.0394558666023222 0.0627716597441554 0.247446341511812
0.0400493469029274 0.0239689001524584 0.337790205975094 -0.00917618386786069
0.0665798990416058 -0.0128910956538932 0.347576127304164 -0.328050633584133
0.0646735812976012 -0.0461961106934326 0.289759435216537 -0.516311305071427
0.0730796821331637 -0.057285124102223 0.2793939924867 -0.596676412134621
0.0820598058155627 -0.0356101284073966 0.332066335463069 -0.55071206941798
0.0750239783927115 0.0127914999135003 0.400409444703897 -0.35855469484444
0.0419940643072289 0.0676705331981114 0.288874831466033 -0.0779577558625786
-0.0286627330925806 0.0280898283565739 0.0767720300383343 0.00365174968449459
-0.00400333337316647 -0.0245829467663215 -0.057005328732278 -0.131243356933456
0.030863927568053 -0.000542052317855948 -0.120032891221058 -0.42540747121443
-0.0836287114783316 -0.155179882084049 -0.308362140429697 -0.490798784960928
-0.113902389423967 -0.141567612306003 -0.0532822217850408 -0.435989557854127
-0.124896157816634 -0.0514935216306902 -0.232538586225489 -0.407225525842133
-0.122300471601881 0.0135608424533601 -0.354521703340313 0.0303076357496225
-0.124687827143642 0.0488131393654783 0.0218100370840201 0.242885580461624
-0.114833487451334 0.103033973113147 0.320703195695518 0.0258061841874115
-0.0666149607764255 0.141826086166098 0.350375358668379 -0.296011369837159
-0.0610863638972424 0.161463387884744 0.29007412493221 -0.488456099169771
-0.0468580955429831 0.162132328395544 0.25570153305698 -0.572800193530834
-0.0815875773773226 0.178427257154798 0.289147315377252 -0.55024456995195
-0.160157427397918 0.149791599110267 0.356299188630856 -0.387538596433703
-0.209081272404987 0.0888415023210817 0.275881058855702 -0.111836418178653
-0.234949931651052 -0.0536176068545233 0.082824025340007 -0.00924218545753137
-0.182162224428514 -0.186219943589441 -0.0387900728878584 -0.115365296703058
-0.131417508510408 -0.193579730188235 -0.0917047726726735 -0.373789084462481
-0.212223282139397 -0.319856819784815 -0.253303436820275 -0.421892935249068
-0.270013307046574 -0.250834678032464 0.000353838310022341 -0.443878631479437
-0.234084929900901 -0.0890947681973642 -0.235094393371463 -0.439460994847133
-0.227321598314719 -0.0154542604002425 -0.367007713234108 0.0158508130686608
-0.273397133756735 0.0511677453602431 -0.00986533547719018 0.233552815075829
-0.27126360464489 0.173859725478921 0.2677049152422 0.0532728499573731
-0.196232967170408 0.279946343445799 0.297588359449222 -0.223762650579685
-0.177181745447658 0.343444607608884 0.24715923726711 -0.381293845118348
-0.151030144946141 0.355282940147215 0.209397060372896 -0.46358481930541
-0.219440692171064 0.371130626438424 0.221849010501271 -0.473166054646767
-0.360516225852666 0.283123424383432 0.27607059103061 -0.366961923230673
-0.421845372402004 0.125283769652697 0.251782871671978 -0.144654274353658
-0.411938975758186 -0.0991393135353145 0.124134674984944 -0.0205855074947555
-0.34705988673889 -0.297857584205107 0.0322081043510458 -0.0499242504467418
-0.286378256014109 -0.34469876096227 -0.0229450078093249 -0.249604819065511
-0.302765931872588 -0.433685890574999 -0.169200252995552 -0.290627237644179
-0.382740200339613 -0.332674190350699 0.0352864851205991 -0.432258268606406
-0.326425828856802 -0.146993442651567 -0.268594246322751 -0.426904609324071
-0.354318067382448 -0.0639867318284978 -0.375028880018223 0.0286481539760633
-0.43456669970711 0.0641151554137239 -0.0528027441376853 0.218814329518099
-0.408648808937335 0.249451938972182 0.169472816633106 0.087869400102984
-0.296421677397924 0.392263078294949 0.197242642086761 -0.10837301619125
-0.265463104705106 0.47077191695471 0.170962048569583 -0.217401765891794
-0.237703802621913 0.481394707080738 0.143024441497052 -0.29079957989883
-0.331220005157828 0.486039146207121 0.141776728263929 -0.329076157466244
-0.503964991107795 0.350797360824981 0.176693065784713 -0.297282485834544
-0.556940164435 0.127823547756036 0.22418087018108 -0.166811047775349
-0.50608737336027 -0.11946584139653 0.192978943479974 -0.0250596270849995
-0.45392706804967 -0.346267431667351 0.142007464385173 0.0495428215953414
-0.402519855634256 -0.431616111533253 0.0749835666046699 -0.0771945864025422
-0.349983727666742 -0.474681022113903 -0.0755999321853416 -0.119430408104082
-0.429350235232118 -0.366018307418044 0.0494623475286124 -0.361760512966549
-0.380101804803483 -0.203926503193054 -0.282917029815518 -0.350419973858747
-0.471539853256024 -0.106929894485304 -0.35959807561305 0.0402642310777041
-0.560910528704732 0.0953467407088731 -0.128817216946672 0.199278752502815
-0.490045379041001 0.32022697518541 0.0256042842856097 0.14784561028712
-0.344965453852104 0.463492965182031 0.0655753381779081 0.044286991520391
-0.31246313098918 0.523728901631925 0.0715773189058782 -0.0234943825433649
-0.29621852747481 0.516797147345427 0.0557158120925779 -0.0904596634002007
-0.407096475942014 0.489891298214785 0.046845406783408 -0.159303792554862
-0.568608816592143 0.313836345570183 0.0683460001112428 -0.210843644675687
-0.570178867470259 0.0728897522718836 0.201347792459397 -0.181272906549073
-0.482588862675554 -0.119422395162511 0.273595136540744 -0.00620853674738274
-0.478540832382128 -0.328959730517591 0.247998837833673 0.17605443141907
-0.457700504616358 -0.452491056278019 0.176503694222593 0.110543504377276
-0.342982441576952 -0.436445163557745 0.0107454406315041 0.066639502376135
-0.403324872214006 -0.340903364825881 0.0626194428352495 -0.218063613716347
-0.379430893471229 -0.221094596845932 -0.234177751157916 -0.231122160395945
-0.514450683225761 -0.112102482222027 -0.326215412581155 0.0300788840795539
-0.586143485401505 0.136225173383711 -0.237250778828718 0.191354472270079
-0.480145510916239 0.357899619545021 -0.1380356663866 0.245690052862291
-0.331762891521038 0.472400001311528 -0.0695884235840176 0.220387852736546
-0.315658792776099 0.496487330548104 -0.0373213933767893 0.169797771057141
-0.316569458142416 0.460551034134176 -0.0505297650077451 0.0956846369122203
-0.421679110315355 0.387088589572394 -0.0624377322142256 -0.0147418273677168
-0.521289419880945 0.188072300776102 -0.0310350051008079 -0.150276476492059
-0.446940425332154 -0.0127571190211243 0.19903090489488 -0.185898047234089
-0.359218854701856 -0.0892485627260019 0.340592409047717 0.0490529320065514
-0.432824092912989 -0.261345137253302 0.297659674194061 0.311675812138396
-0.445864004004377 -0.416026028915164 0.258107831426151 0.28324342650207
-0.287547052387515 -0.331749092238762 0.0869204352513946 0.236877472896452
-0.317587031657616 -0.25611961087435 0.0991695808160318 -0.0515769227075644
-0.309794482912113 -0.179922149562611 -0.14675330851598 -0.126415302568042
-0.442138748507974 -0.0802247579126314 -0.298196352789994 0.00396100245540696
-0.482878947830144 0.152726885912756 -0.345225900423495 0.212579751910956
-0.376942266953713 0.327940311292502 -0.274611076401296 0.371631830997928
-0.267455951998343 0.405631518518395 -0.18111085457362 0.390951906945798
-0.26903700399607 0.399240908070991 -0.139863831523169 0.337257115731044
-0.284146169660457 0.337878942190938 -0.162729079090869 0.236368244116016
-0.357733955241075 0.233445617403835 -0.168268243341057 0.064717273369468
-0.372883497007218 0.0521688151220491 -0.0928063493767971 -0.138100719878557
-0.250805507382452 -0.0609851543047888 0.222862750727605 -0.174539872572136
-0.208727869168627 -0.0243237197866145 0.363920597162802 0.138511868478911
-0.346460720270571 -0.166882999348574 0.264027525790376 0.422174795918999
-0.374673699556567 -0.330621115444705 0.306266787404155 0.418451652828352
-0.185501443863436 -0.179203972706076 0.146843437058384 0.360306283515985
-0.180471770804131 -0.127565549344941 0.146304977247826 0.0763342297206441
-0.170114987306139 -0.100071578144271 -0.066226747840558 -0.0591538970249654
-0.260329672030094 -0.0484790926351012 -0.284040277530802 -0.0126442372383168
-0.286725851859451 0.109394666763176 -0.415716566108201 0.257283922975498
-0.22221569385885 0.214105436079196 -0.35186543654838 0.481219338096369
-0.168089366887295 0.258363698716804 -0.250985614619135 0.522568383885106
-0.182299806219485 0.239978655534308 -0.219428334602251 0.455459341495232
-0.198900042343069 0.182115924683353 -0.259273310778082 0.316366811107996
-0.226661786598772 0.0856294614062034 -0.245731428536971 0.08067148029733
-0.180172977476867 -0.0328807465742541 -0.101098234945047 -0.155164065497362
-0.0704843043472001 -0.0530498633335645 0.257959016808419 -0.133602424140765
-0.085953118509997 0.0367861049076219 0.330136608354702 0.231322329051482
-0.230878060457164 -0.0726322565080573 0.169088681338756 0.476647384924483
-0.248769449250522 -0.202155557597805 0.316403408369754 0.50499337903534
0.0598173751821193 0.0167234853894515 -0.328152428096522 -0.491898692894576
0.0470211635318557 -0.0428133542952764 -0.120267409397832 -0.437298553685334
-0.0173519801989886 -0.036386196772438 -0.289411688707745 -0.358060495250212
-0.028887812621926 0.0269455793427603 -0.346258819031017 0.0865740248501627
0.0161646182759039 0.0393677037725344 0.0630619012962141 0.248982360650018
0.0416748429405796 0.024234106574024 0.340821752924417 -0.00865047529607188
0.0676414804068802 -0.0129691391984166 0.349303301907045 -0.327214807415643
0.0638634721504348 -0.0462974658979965 0.29088296073025 -0.521666445850072
0.0718246899136931 -0.0582901115983169 0.278490081207961 -0.605550838112122
0.0821234058151078 -0.0371570245316337 0.332843313005764 -0.557335494726281
0.0762110419878357 0.0139459886112098 0.404962429434479 -0.36396179719916
0.0433070233085532 0.0693247725132603 0.2927609831034 -0.0806190340887505
-0.0301893508663589 0.0279988057358975 0.0815117435467684 0.00165033003197106
-0.00451766730586174 -0.0234594937544756 -0.0539586188485381 -0.134828897373092
0.0309550570092196 0.00241146880867448 -0.120359234956529 -0.424458458875683
-0.0825093670995463 -0.156562529752903 -0.309714492312986 -0.493424490590214
-0.116126902160031 -0.142625045788035 -0.0542326038737721 -0.437292328334251
-0.124493790420991 -0.0529061796245658 -0.237305275197772 -0.410698267277258
-0.121080436971675 0.0137164441481415 -0.355164234935527 0.0307105266120729
-0.123950345036897 0.0495027170440977 0.0204920390407148 0.244584339329353
-0.113860736518626 0.104981100987749 0.32237675841576 0.0276049032312245
-0.0669221610039303 0.142665604923848 0.352700160024413 -0.29528399313748
-0.0617495116260527 0.163354856279215 0.290839843969265 -0.491977003154871
-0.0474911656449924 0.163856127582671 0.256769005594452 -0.580039500339219
-0.0819465757238518 0.179850957351215 0.288103945081836 -0.558396956622071
-0.160713290457141 0.153921439113939 0.356817971710763 -0.393723939046855
-0.210240407202804 0.0901929389686372 0.277833010734184 -0.114265064253482
-0.237139324998696 -0.0539872714138423 0.0873400065647083 -0.0111956100663501
-0.186341187889793 -0.187469689322898 -0.0370166622022912 -0.117971787602269
-0.13154159943013 -0.1922726149948 -0.0907337154714119 -0.374395379428749
-0.21139056632475 -0.324348046369828 -0.255302322464113 -0.424438465932209
-0.275971681117359 -0.252331713938188 0.00184624912540733 -0.44577778762446
-0.23408861255986 -0.0906167059138469 -0.238343739112147 -0.443919632665605
-0.225594522567532 -0.0141235964873575 -0.369347797212664 0.0172002201552054
-0.272987059746783 0.0535625806741098 -0.0124330251483969 0.237024567204443
-0.270388261664431 0.177611935816809 0.269636613372814 0.0580222471926495
-0.19687792525752 0.28144400375892 0.2999985138021 -0.2226100189789
-0.176744551709692 0.346710607366918 0.248929767850846 -0.385126416260857
-0.154212266084706 0.359041612759326 0.208715392315541 -0.469290339537664
-0.219025158405738 0.37383896697885 0.219026869443908 -0.477013625632135
-0.361276210055973 0.289913542345428 0.276186530117515 -0.371612663752287
-0.425947667127399 0.12794059319047 0.252315473629864 -0.147687044428555
-0.414391955221322 -0.0987437406115479 0.129002138859462 -0.0232758955938986
-0.354223152325396 -0.300956484399935 0.0354883179064699 -0.0512473135224829
-0.288035553478924 -0.344099103120692 -0.0229009099952754 -0.248789448280382
-0.305111729138854 -0.438568899354133 -0.170139925752086 -0.292900788575975
-0.38971715756381 -0.333721322363023 0.0360705432341603 -0.435702242546634
-0.325441397917145 -0.149739294611065 -0.27762986628667 -0.433320754858815
-0.353425190670431 -0.0635385741290347 -0.379448489495548 0.0319986048316265
-0.434612525981477 0.0663301517394804 -0.0553380168845521 0.223183829969162
-0.408786051548896 0.254528026282941 0.171766578942836 0.0929814215820387
-0.297904613601511 0.395391070907577 0.19866302241423 -0.108330123261815
-0.265199292739496 0.474346008032282 0.17192670197302 -0.218601856169877
-0.237166643954103 0.487847825981417 0.141405081836189 -0.294268505812395
-0.333083296466661 0.491335441580357 0.138666572482455 -0.331834480415161
-0.507415031305857 0.357491994405125 0.175047822533008 -0.301176899577837
-0.560407851999387 0.131565546398224 0.222351756319221 -0.171186696877278
-0.508538826702951 -0.1197804303459 0.198567780630937 -0.0271930400998917
-0.46294470004691 -0.348889240225834 0.145808082823003 0.0509432407647525
-0.404612283468088 -0.43157808989519 0.0750104024722684 -0.0768847093569016
-0.349515700147019 -0.48037005144598 -0.0762181996957254 -0.120413417283177
-0.436248649580376 -0.367026929937085 0.047948223563232 -0.363885147213866
-0.379466716755249 -0.2074906285853 -0.291934653475921 -0.356136061268295
-0.473142835651167 -0.10809330953105 -0.365650620704094 0.0445689225683306
-0.563019176008616 0.0989937278498234 -0.131936703556703 0.204846627895139
-0.491278891083612 0.326082528150008 0.0275424807442793 0.154492257423616
-0.349554560490018 0.467713262382614 0.0672423723795541 0.0453353743293517
-0.313954784827869 0.52937549801462 0.0717234440995363 -0.0230484004899406
-0.297451390615392 0.522363978979329 0.0536189133905444 -0.091206145075586
-0.40848281356616 0.495503797117974 0.0432754488431608 -0.160147248734749
-0.571793103369618 0.320402617735595 0.0655540114850593 -0.213083926821152
-0.570673698018701 0.0747516885045435 0.198352512138502 -0.185096057302533
-0.485123844389277 -0.11996068130878 0.278991853465014 -0.00666566263462345
-0.48736049211944 -0.330599512537187 0.252358574602075 0.178982882095944
-0.460515305164796 -0.455074320569254 0.177052618182408 0.111978268897477
-0.343160526974358 -0.44072397517505 0.0103171823665498 0.0668896617676033
-0.410131145713855 -0.342198980387512 0.0603258850951527 -0.220861593974051
-0.37859210229905 -0.225384010359856 -0.244290921698858 -0.236098248193794
-0.518815635347362 -0.112824994326925 -0.331778455057036 0.0333235442351987
-0.589929038859356 0.139816404961578 -0.240569603043777 0.196146858467149
-0.482455909121278 0.364099606372815 -0.136752021057344 0.253993217488723
-0.337305157637498 0.477762581600606 -0.0684323915244558 0.220927924737894
-0.316692998875218 0.50196926359389 -0.0378926228712119 0.17136208903151
-0.317962276618108 0.464641757197939 -0.0525582236273854 0.0970416272679099
-0.422736141995352 0.39116120515319 -0.0662039194094626 -0.0149112233341239
-0.52410149963428 0.192646444626849 -0.0336580094279363 -0.151810681916247
-0.448827322815427 -0.0117116005223686 0.195788082781585 -0.190343741429329
-0.359279095908353 -0.0878960131514579 0.345238042238937 0.0506810821354253
-0.440557295701672 -0.260710376086678 0.301610371519578 0.315583537320688
-0.449170291313603 -0.417103937082813 0.257973600708307 0.284272054440372
-0.288020991763851 -0.334528318563877 0.0851591265151135 0.237809949280155
-0.322373135158445 -0.256271157821445 0.095501745419418 -0.0524337083788743
-0.308232709367022 -0.184418787583605 -0.153721543992008 -0.128757027383733
-0.445570363543634 -0.0809430190267978 -0.303036822642755 0.00606153784831833
-0.487554931560313 0.155511803276509 -0.35056424347019 0.21695757631197
-0.380453399076227 0.332539103203347 -0.274254446682985 0.378341919870985
-0.271218732300444 0.408642196429326 -0.180567463128196 0.393887259810216
-0.270432745435709 0.401990247238339 -0.140896676613804 0.339667713172148
-0.285952194887575 0.341903088717274 -0.165603691939602 0.238239761088606
-0.358590286823285 0.234401244354099 -0.171866216469211 0.0654467907191104
-0.373062584999449 0.0540641230086839 -0.0960016295917469 -0.139877373379869
-0.250058903390657 -0.0598542752120698 0.220019134149343 -0.178681509523995
-0.207609052962664 -0.0229798357595121 0.367791331267186 0.142590209608713
-0.35358016603104 -0.166838257172323 0.267823026414876 0.427761993177737
-0.376121761741385 -0.332814431419322 0.307143830827875 0.419314920658349
-0.185944808573224 -0.18035706052745 0.143713327612252 0.362472423542136
-0.183258051221031 -0.126677356495356 0.142739069081834 0.0757949325601302
-0.169182843203562 -0.10253828835258 -0.0708587129970698 -0.0596554095593698
-0.264113243221974 -0.0501438393118199 -0.288756435955565 -0.0112259906315975
-0.288900971077021 0.11234193139693 -0.420331145727557 0.262196258499926
-0.223773190202729 0.218523809857551 -0.350978474967859 0.489273867124728
-0.169724771712526 0.260183139789919 -0.25126747481026 0.526906907798916
-0.182918284405514 0.24215395677928 -0.221072283641654 0.460328191098376
-0.199223447237832 0.18320904197828 -0.263163682746824 0.319568572247061
-0.226614937244628 0.0865658925189457 -0.248286910658742 0.0802562551405251
-0.180531379985866 -0.0329205068693341 -0.102526366508205 -0.15821973975092
-0.0686884357289465 -0.0516844167996555 0.256511627863947 -0.136750976118511
-0.0850248486136268 0.0380203012997882 0.33049184842833 0.237213636242342
-0.236567261586292 -0.072269515076459 0.170142234999638 0.483121294347824
-0.250880181400372 -0.203642372279986 0.318975964508811 0.505362205684797
0.0568471197743507 -0.0211054314946045 -0.569578907551497 -0.199624438533072
0.0105825336472827 -0.0614508833389586 -0.365495150854665 -0.280684290285666
-0.0408470334535732 -0.0203632015866162 -0.455666048521333 -0.117664463824614
-0.00855802981007167 0.0391040619865759 -0.228358744186747 0.285395827407248
0.0364526301515782 0.0210842709318153 0.204990114311663 0.162547016346397
0.0478062385895055 -0.00788728915052315 0.272171225187589 -0.217464929632205
0.0441740878034035 -0.0528558450039431 0.0822744507459049 -0.487491680515056
0.0223476578184448 -0.0785570406184069 -0.0884428293436057 -0.603662918368741
0.0191914247689748 -0.0972594804170534 -0.155363599120952 -0.667046500447283
0.0412425442365608 -0.0854919628159511 -0.0789505932936536 -0.664682612612337
0.0734656873792903 -0.0410066313102527 0.0968488067364229 -0.551783591463919
0.080911940717701 0.0275835931239675 0.188122265231865 -0.251181342196804
-0.00712316197126069 0.0429179080068106 0.0686093247901709 -0.0547008858442192
-0.0204783734895694 -0.015922045148026 -0.130934033051212 -0.079065947983241
0.0279622055359741 -0.0221867279352174 -0.371973416376358 -0.269261533563525
-0.161749957982894 -0.0843527246452169 -0.566432109520861 -0.197935114546746
-0.179330287209832 -0.0460192987016029 -0.31896365519887 -0.316773364581409
-0.136630493673121 0.0287639242217055 -0.450629140711992 -0.188104046884512
-0.088441392327062 0.0816769757707913 -0.274396238278916 0.250510710821471
-0.0687673009030302 0.11176577093976 0.165328474378824 0.190038585806595
-0.0282300999970067 0.151164978126628 0.277495335472645 -0.172304040569973
0.031071640557101 0.154052423714273 0.1064611531531 -0.459515484541561
0.0513641444068921 0.170585767603886 -0.0699803959772107 -0.581788692653503
0.060465420249194 0.16115195269249 -0.159842939100116 -0.633617736079609
0.0437068774936431 0.196918990367581 -0.116757288961577 -0.63819076184715
-0.034202377094194 0.226217313865844 0.0421603016172155 -0.543717071915423
-0.118905422966137 0.203948551756843 0.156440706659516 -0.270254857794688
-0.236694250831236 0.106531266426941 0.0677073389682133 -0.0694806507709662
-0.279156308142418 -0.0344268258279179 -0.101616191495349 -0.0823319132841443
-0.235215606972235 -0.0800667038261036 -0.303389271956251 -0.247911898218396
-0.365167144175478 -0.15062574457989 -0.489250762062689 -0.167817730391182
-0.3718365700432 -0.0422165456589172 -0.288349741206773 -0.356965747927333
-0.247129464957934 0.0611499024755363 -0.479490245915293 -0.210670824780044
-0.188018790548262 0.119207995520498 -0.298146418374803 0.252358146609976
-0.185711132006005 0.202901343661583 0.133635669528014 0.207352461354632
-0.109420301597483 0.304320996957694 0.251937823422134 -0.11069324111319
0.0108273350342781 0.345383121434716 0.109303898117406 -0.363648602289263
0.0715877083475545 0.393134589261909 -0.0374330216535361 -0.46815557924748
0.0973558696468912 0.390284587814748 -0.131076480705579 -0.514821991747649
0.053673863988063 0.444977806510467 -0.122430060520372 -0.529630765760816
-0.11455110080485 0.467833424651249 -0.00677489158656632 -0.47338035727227
-0.276808793793114 0.370469323832924 0.115694196448862 -0.281434782219671
-0.416279306410318 0.182110367812915 0.0955809895327084 -0.105995423711212
-0.492523285663714 -0.0195776281937897 0.00449617751649338 -0.0798477409837807
-0.463878269387007 -0.102418903238291 -0.157071772640977 -0.19300768729014
-0.506494979243589 -0.193720404048969 -0.344515084957641 -0.107084939592323
-0.511938483727256 -0.0401910432950861 -0.260060419233957 -0.371489694263995
-0.356494184952775 0.0671111913512146 -0.511934138704541 -0.174658121594922
-0.320688473423621 0.153732532551716 -0.303623797289156 0.276660735936347
-0.308055377230994 0.309636944095334 0.0899601228765269 0.226899564830624
-0.175609995022918 0.452020537706003 0.192805612193643 -0.0167566024651048
-0.000477767253447832 0.498685962632608 0.0990627462989925 -0.204089498569272
0.0787059638292943 0.552832562918439 0.00346220608090892 -0.286051609541844
0.108607720528848 0.547720404245376 -0.0763181728298028 -0.330678963728077
0.0369100213270555 0.614027783523573 -0.0975053638452671 -0.360449554702466
-0.190788119563079 0.61940936577779 -0.0422444289607203 -0.351821940868574
-0.386977556879976 0.457452864298654 0.0760451963988421 -0.281533804166561
-0.508812083481959 0.224949503088991 0.150930511808122 -0.152486021374912
-0.612816295627086 0.012075864134479 0.162210393310259 -0.0714012724232647
-0.617364800888958 -0.0986403346551708 0.0410809127079862 -0.117658733062659
-0.568909853261244 -0.201160147783346 -0.164762445376309 -0.0211322813039296
-0.569251362586571 -0.0407646310095232 -0.211137463331091 -0.320140030155114
-0.432471312541495 0.0512920079191745 -0.480723446127915 -0.101000581785943
-0.441826257767151 0.187009941701268 -0.288208530055751 0.282515991008852
-0.393734008392926 0.413374531582944 0.0158419086058762 0.26184894531065
-0.197009037313715 0.560627678001261 0.113832418365283 0.125028417070517
0.0035215432673171 0.588876778696269 0.0874797151419941 0.00470485770541712
0.0731696041122606 0.628625857927774 0.0432533194787955 -0.0649400092030398
0.0818255286868672 0.616252357994321 -0.0200428065994794 -0.111314954169652
-0.0229899173475398 0.665553803135634 -0.0673197723766695 -0.158965209447026
-0.268286033110263 0.629874795834943 -0.075048085544266 -0.20972012700048
-0.430350372168268 0.417654455512693 0.0466545255997219 -0.276582704379804
-0.485045601501506 0.207368269787491 0.229079870171043 -0.187609990872948
-0.618234714474662 0.0434319941792436 0.332956295482748 -0.0361828297803289
-0.678097339281377 -0.0805229067779092 0.248837986847379 -0.0305019845940658
-0.539105423333729 -0.171904507031768 0.0224453478618813 0.075923258428629
-0.531650938273575 -0.0358075337116725 -0.111836819617925 -0.21090838784909
-0.441901751559445 0.0353591460787462 -0.368404703891178 -0.0314822645170325
-0.482387128755222 0.209504292885345 -0.268559092205795 0.25404069448176
-0.391472756029948 0.462508057794714 -0.0772149002181017 0.322160636549084
-0.166460058063284 0.586083566980626 0.0431614561443181 0.30815573178074
0.0189045066790567 0.58881737456485 0.0869794221587277 0.234532038065081
0.0553698738265888 0.60825691379197 0.0744225044263862 0.161672235242051
0.0306237513893575 0.582593136844596 0.0119111755665273 0.108381715414018
-0.10043037315808 0.589725234739698 -0.0654627744249978 0.0282392238988157
-0.310466937579808 0.492134475352178 -0.117480306877234 -0.0969017932840734
-0.380461306976393 0.266488861824924 0.0389751958414361 -0.278065926352819
-0.354940722190965 0.153901559137521 0.318250429483187 -0.180625572587298
-0.532790042654438 0.0719797816659681 0.459341000199965 0.045378729005644
-0.642173489400611 -0.0554625043833333 0.424549116129251 0.0578021413557587
-0.430903605846186 -0.114401561981211 0.194637226227147 0.16422387722281
-0.40908753382754 -0.0174454471478795 0.0251278553059973 -0.0963245861927199
-0.359896240603835 0.0291255467934932 -0.224429659467724 -0.000620647412983337
-0.407361461589941 0.193580563540212 -0.260632252291276 0.211643090406446
-0.298918711375928 0.415788065670614 -0.151053236646939 0.405325061495054
-0.104058082639177 0.500520514609604 0.0116848679175733 0.491630704142196
0.0339739265479582 0.494722021969579 0.103033178324107 0.444399658442779
0.0303699964024405 0.498965147238516 0.0949595539708396 0.36331287494522
-0.0211596540434835 0.461089835269496 0.00976641365378389 0.295010449700248
-0.145679850354918 0.419521787913548 -0.101663114365564 0.159119634975058
-0.274673932836313 0.281168989420587 -0.164113096474303 -0.0503813766955753
-0.244178631553325 0.102360125021508 0.0646333510275325 -0.283149783128627
-0.182395186232144 0.1117486977372 0.391426125489004 -0.117755025763105
-0.397458255981201 0.0959889260760531 0.499579792909282 0.163214402385085
-0.52699084992577 -0.0280457107298063 0.545208239030295 0.135115125617458
-0.255671091149406 -0.042103013443202 0.326973135302961 0.219346847014169
-0.220524830430425 0.00564695851410894 0.150640399778047 -0.0217498409366979
-0.197889893720838 0.01383063291477 -0.105006997288929 0.00143039431137026
-0.24317376291645 0.113946120643261 -0.253898468832651 0.181513864045714
-0.164999240179276 0.263303056398904 -0.178702546890935 0.48072131923169
-0.0457350555612125 0.312986447745932 0.0220433550302282 0.623834486979817
0.0243585654726265 0.313518245131649 0.128379798566892 0.594600203427996
0.00247438841328184 0.313819767654374 0.105886293737378 0.511661923174912
-0.0485954996374194 0.277702264420778 -0.0176225976379691 0.422810450147339
-0.129729887406403 0.214427966310692 -0.154595229493151 0.217912065601076
-0.171283802557187 0.0867327766563011 -0.182313951947225 -0.062985879425319
-0.0875460826130149 -0.00445431978865478 0.119956129853895 -0.272032854975642
-0.0388307095814575 0.085347706756016 0.420542974360886 -0.0165349011541599
-0.238065778889882 0.0990033700731695 0.452910925142623 0.274128790066005
-0.339627286006205 -0.00160295190184934 0.601846591293958 0.200489465293083
0.0592223263895754 -0.0229562313449176 -0.59792522640411 -0.183627724622492
0.00833571531376883 -0.0644196149299256 -0.385071901730805 -0.272144410555738
-0.0448000714247369 -0.0196145366323052 -0.475394020899836 -0.104278344638369
-0.00872208755518483 0.0401314987961538 -0.224675525867327 0.301907186104674
0.0372448949467284 0.020017702168753 0.217453632680825 0.160585586700623
0.0497504349553149 -0.0109142818019035 0.272958322583706 -0.235287018513095
0.0436705891992088 -0.0567815031805252 0.0668633905647946 -0.503820977045092
0.0206599140086437 -0.0814566416309219 -0.11681756373486 -0.621848528811175
0.015099937602411 -0.100408857010537 -0.191768121711761 -0.683186098054494
0.0377206754370551 -0.0901816682306222 -0.112811353538835 -0.685276596212429
0.0758012528490685 -0.0456189931196067 0.0758678385982786 -0.576482479880826
0.0853999605200416 0.025136159627056 0.184359854946563 -0.268694619342441
-0.0072126355876709 0.0453741980682233 0.0693824291723208 -0.0641608539497426
-0.0206996738330863 -0.01473415400947 -0.137859374364888 -0.0805174701106149
0.0299737449893116 -0.0234230081494664 -0.389372173843156 -0.260923774530059
-0.169521990435442 -0.0810845206317102 -0.595445532799758 -0.183006629816122
-0.187922246956362 -0.0393969858537 -0.336903625414051 -0.311923351843341
-0.141158903837397 0.0337526712927788 -0.47410284982425 -0.176813209720829
-0.0872997724306724 0.0868468487850399 -0.273858634318722 0.268080411916317
-0.0655115607413181 0.118024883321965 0.17834223115973 0.191275115775428
-0.0213736820969429 0.156123562140913 0.28230251206888 -0.186998788426149
0.0387208501656854 0.157471051352981 0.0927163756860087 -0.478275136806948
0.0602895354068646 0.174556277568922 -0.0957666737594935 -0.598951343884626
0.0683670417440904 0.164722375059052 -0.193145602797294 -0.648792779464622
0.053324235143095 0.20172364188348 -0.149320898475732 -0.65400164774127
-0.022910931828195 0.237042006058699 0.0199804107723924 -0.566073750086999
-0.112917525289084 0.215934278304012 0.150373953765479 -0.285949527300518
-0.241070747376388 0.119747543182689 0.0678108041510136 -0.0795868573776722
-0.290530466011195 -0.0228969579866977 -0.108822219949164 -0.084280743591073
-0.243219586277869 -0.0728932489923009 -0.319850480595077 -0.241337210845266
-0.383422495703184 -0.142821840829171 -0.512379747778115 -0.153998686313984
-0.386577423421257 -0.0236587647373995 -0.306950992671034 -0.355308175284777
-0.253424952317093 0.0714659114495764 -0.508206424108957 -0.1975530545149
-0.187394087321075 0.129810787496634 -0.297775844523716 0.273073721418374
-0.180869748881082 0.216561718676025 0.145713085180234 0.212184027725981
-0.0987349750196352 0.317723153821827 0.259330650143698 -0.121940839203001
0.0260198213171991 0.356402546437087 0.0999608356137877 -0.379061581486239
0.0918220749432112 0.402847403287653 -0.0574842066538889 -0.482930456603155
0.116895349104823 0.399297263587552 -0.158274430829373 -0.526591824564457
0.0750308944881727 0.458541064685188 -0.150757317775848 -0.541404608569647
-0.0965253807792459 0.491124906177017 -0.0291329740027484 -0.489312120954173
-0.269861882936836 0.393636328387518 0.106339316503726 -0.294885289279576
-0.423169866903063 0.205405277689754 0.0957643863645383 -0.11794450740233
-0.511255209595288 0.00439698844801305 0.00155192083423808 -0.0858697651019297
-0.479669300398539 -0.0884290109788218 -0.167435180183045 -0.19075843928469
-0.533068394232856 -0.183458070349141 -0.360229043565141 -0.0975984059182686
-0.531536817863834 -0.0162945608783953 -0.280835821056102 -0.371190386347706
-0.36442733612797 0.0811063328319787 -0.541156870770138 -0.159292171047956
-0.322171094626354 0.169893517145317 -0.301119414840803 0.298849945635979
-0.303101641007376 0.332747543133688 0.102485055503133 0.233697701612381
-0.159252820531449 0.473680077851067 0.203850491201431 -0.0225814642125479
0.0196338727498308 0.51498223974136 0.0958107437428146 -0.215717296744065
0.105358211788923 0.568560196854604 -0.00732794635836408 -0.296006133359989
0.134286428218744 0.563279279289103 -0.0926336351890637 -0.338428696601985
0.0641008078522682 0.6351257057163 -0.11637928956539 -0.365475024519609
-0.17024406637534 0.650601020940653 -0.0601439549989862 -0.360261488185063
-0.378829701890752 0.489311868636906 0.063985958881533 -0.292234637259918
-0.516289307605225 0.252527621818435 0.151377888294065 -0.168568860984265
-0.636100906932568 0.0403922641645166 0.167598814932771 -0.0822926426647727
-0.638870612507343 -0.0784854185337573 0.0394420250183729 -0.121075161407926
-0.595268822897004 -0.188629943526853 -0.170467293090336 -0.0163989454976131
-0.590835259709161 -0.0145389257429254 -0.229446585411789 -0.322874565165138
-0.445175865488233 0.0672739088004266 -0.50914705026059 -0.0822522954790326
-0.446555467681491 0.209879840482121 -0.285209671875306 0.306849431585422
-0.386762808435917 0.441757349393175 0.0271624931796951 0.27186637111434
-0.178154081811733 0.588512754415787 0.128348399334469 0.126784565146125
0.0275681798291189 0.609192381100426 0.0920561564125532 -0.000178902874332375
0.10330367515552 0.647899529535942 0.042772386751659 -0.068778433862202
0.10865810231162 0.633586757599277 -0.0255212087331713 -0.11320241954568
0.0047496555009643 0.690301721749551 -0.0771910159470305 -0.159179900176584
-0.250108806730841 0.662641640437812 -0.0887579860837928 -0.212195576354326
-0.42506566104483 0.448094395773047 0.0321391435707615 -0.285413642596512
-0.490881082751515 0.233921855852563 0.23212462374087 -0.206689228722475
-0.64146386563926 0.0756777981068159 0.34565417346063 -0.0521894368534108
-0.698661785720347 -0.0551282850024583 0.254851591210283 -0.0406675005893043
-0.563162614625621 -0.160889901914419 0.0260473428360126 0.0775436114791298
-0.550515975499165 -0.0108441735111481 -0.12461454230001 -0.212792655278108
-0.454293251774662 0.0492097473513838 -0.389478750853917 -0.013914133601249
-0.490827530402713 0.236346977400972 -0.267009368742261 0.275620776338508
-0.384506474130649 0.495706589306124 -0.0672669001462088 0.338441979420744
-0.146496200117316 0.613388607475437 0.0633560703129416 0.317598178259113
0.0453784965759585 0.608878748298769 0.0998209289767607 0.236583371656031
0.0826402402552418 0.628367605382214 0.0837197699632386 0.164581432108425
0.0542087227336777 0.600369157800633 0.0161683604813157 0.11388379700521
-0.0778736408522411 0.612601005897867 -0.0677230780314741 0.0335406075051845
-0.298798176464814 0.522401196477289 -0.129169587304752 -0.0940290557197229
-0.379825467955102 0.290252190681003 0.0236717330317476 -0.286272107134894
-0.357593257665355 0.171868335471115 0.325632221120631 -0.200187040630594
-0.548963232375175 0.102860930677775 0.480123996546356 0.0284778783026061
-0.664466932623115 -0.0302019842200138 0.43841211698085 0.042882435862067
-0.448348579846747 -0.103882103148027 0.20649274208243 0.162894333333742
-0.422939052729374 0.00204979726783991 0.020231203158945 -0.0988852962180024
-0.371454286753319 0.0397083744942002 -0.237095904966948 0.011930090529236
-0.415039451938655 0.216677380422041 -0.259622724025504 0.230493558889335
-0.290722642323952 0.442502902221985 -0.141209252520177 0.429521565598505
-0.0841892167954571 0.524008845729455 0.0387061967801172 0.508719744440298
0.0543319756123395 0.510841118428468 0.124785091582379 0.454700727995139
0.0535241764563108 0.515332009334655 0.112909558626596 0.373847831258039
-0.00265534859973043 0.477109412126618 0.0214651433457705 0.30648765382672
-0.131997288540408 0.438526534834094 -0.100210349529567 0.169229905809218
-0.269996360474961 0.301628135316322 -0.173845238565314 -0.0453277512519201
-0.245377161425464 0.113044451113504 0.0504277391173712 -0.293266140001767
-0.180533388381132 0.122541571077926 0.405146775179328 -0.137191173077867
-0.408696339995079 0.120405966596774 0.526388884530683 0.145907178050163
-0.544911011942289 -0.00969971950277554 0.566016392272272 0.119019142770846
-0.266012212953217 -0.0344343067482805 0.344620625435381 0.216578103810953
-0.226968369547537 0.0164937021713886 0.151874194522148 -0.0255713642534006
-0.203488531228996 0.01924142137349 -0.11217371135164 0.00775272089177149
-0.248211669529193 0.128534772105676 -0.256718399356614 0.19958818510724
-0.158579153422483 0.28017497527809 -0.167180366776402 0.507456096234339
-0.0332417587449933 0.327126641455357 0.0529613967015512 0.643178623776712
0.0374660301594247 0.324739715529895 0.158421053465632 0.608152223887179
0.0158572973801892 0.325896284216281 0.128865625948031 0.525926622812037
-0.0394691584611549 0.287878701048674 -0.00230108420349815 0.438810903822955
-0.124608030141431 0.225010455192812 -0.152414112058912 0.231250911861267
-0.172243111277425 0.095636606081449 -0.192753819203549 -0.0590463220433874
-0.0879736141269298 -0.00164383178682447 0.11022705111425 -0.284573271452892
-0.0345049305183989 0.0899556400345954 0.437331714672764 -0.030618384896795
-0.243224320793598 0.116305948004604 0.481147208827917 0.265579235251821
-0.351306405420705 0.0124697644721291 0.627861211350109 0.181528630027782
0.0599800911231244 -0.0270389957158525 -0.620403186817543 -0.14743785891817
0.00502844897336931 -0.0664363063686204 -0.401805190090037 -0.250052623419638
-0.0485393648403082 -0.0170476232540453 -0.490159897316406 -0.0786387015894435
-0.0078477131063153 0.0406409427120892 -0.211078523082425 0.318616949085367
0.0380753530695242 0.0180511109012171 0.230727498788295 0.150030877810365
0.0493874233405308 -0.0148971929728372 0.263668216489835 -0.255077170204033
0.0408851688465252 -0.0619947992962017 0.0382188014625086 -0.516097179124923
0.0150443299164347 -0.0844383626906628 -0.157178789152015 -0.625996902151605
0.00748142854125622 -0.10263990997786 -0.241060165047224 -0.682775660856708
0.030810615127627 -0.0943303572448381 -0.160560954663577 -0.689127069348427
0.0763972566508299 -0.0518598508355638 0.0383429441051571 -0.592184997852677
0.0889997307025264 0.0205494762465765 0.172426863555321 -0.285684964671205
-0.00581374893996132 0.0479222486796635 0.065789765129243 -0.0730357338001268
-0.0203723409153303 -0.0133580707403972 -0.14879548487714 -0.0746944422054127
0.0308188455660609 -0.0263406197218243 -0.407090159616728 -0.237289277039193
-0.177261203062863 -0.0732812642422889 -0.617663841635481 -0.147616086807636
-0.193702146927096 -0.0268659688564714 -0.356108027565456 -0.293143568266044
-0.141901287587581 0.0424115620531389 -0.493365720333402 -0.15095816093665
-0.082660453075243 0.0923763068984519 -0.261874044910211 0.288439706966222
-0.0587263658743726 0.123160423424529 0.191509787764816 0.185920970497364
-0.0109106717035796 0.158872031725683 0.277293857813025 -0.206422487381468
0.0499407526879364 0.157235836085123 0.0661867334630731 -0.490386669658789
0.0732670488005929 0.173107821601662 -0.133088217497005 -0.603889840335167
0.0798647857847927 0.164179631936494 -0.241299336913178 -0.646321750860781
0.0670912021432217 0.202065460431116 -0.196305396911678 -0.65616675763958
-0.00674230510144947 0.242184478265561 -0.0182400132026458 -0.576903017522314
-0.101269078990489 0.227463607638964 0.135086360209734 -0.300600188841266
-0.238713788514937 0.137676876390973 0.0636073072219332 -0.0896735650419346
-0.297029578245725 -0.0023061877941287 -0.116217738029424 -0.0808594753960882
-0.248464903248012 -0.0592077744801404 -0.33543490964244 -0.223949298181896
-0.397739903721661 -0.123193629225714 -0.53118501188718 -0.124842652794691
-0.395530397400861 0.0026365320730483 -0.32917169313592 -0.340603326180603
-0.253167928303567 0.0882315595150746 -0.531795253591668 -0.167243345516838
-0.180482833532663 0.142605117004781 -0.285927756305224 0.295797123656701
-0.167879149719405 0.230530966318971 0.160620675147938 0.209380885958802
-0.0778751319928236 0.327372958316491 0.259769915937506 -0.138667560969613
0.0480986444663043 0.361028431393267 0.0794967179881044 -0.39125068678005
0.118780887967979 0.403912958192622 -0.0871172173428182 -0.4881897076133
0.143992892096959 0.399706751559318 -0.194888222701316 -0.525029692590726
0.105443708648616 0.462513676082124 -0.189089693450529 -0.53811402860666
-0.0640002567383041 0.506890658269332 -0.0623213004867736 -0.496723178050644
-0.247906023964871 0.418407255815502 0.0880414767794405 -0.305444054068687
-0.418635393839902 0.235541788024158 0.0901761134449409 -0.130798479718571
-0.520141481531152 0.0392513463822915 -0.00393186259249312 -0.0886578938407813
-0.489131995313713 -0.0617519387263958 -0.178215545708877 -0.180977972069309
-0.55348249109459 -0.155381228555887 -0.372147792978844 -0.0766595634447324
-0.544231211020952 0.0208843697493779 -0.305199121020067 -0.360289461300357
-0.366059294711012 0.104022475868941 -0.566229394462056 -0.125517103102767
-0.314045489675967 0.19164657073782 -0.286083514658267 0.32450809063505
-0.28433968571668 0.355971639154867 0.118295446879766 0.234007797730768
-0.128134150847424 0.490163350972315 0.211118887089454 -0.0355181786128482
0.0525555145555908 0.524540865219088 0.0849466949377999 -0.225734689236472
0.144083800481955 0.57174834341416 -0.0251974898509163 -0.301863360786756
0.1717796830185 0.565152654865315 -0.115904870212176 -0.338557357931829
0.10796712104604 0.640787449043553 -0.143206562958269 -0.36239527353644
-0.129463235880809 0.673558623977465 -0.0860712938481771 -0.360956777511995
-0.352835796819252 0.521724932882711 0.0436387157065124 -0.298614424626795
-0.509894834221093 0.288859935391813 0.143756283683025 -0.185848452217965
-0.645154886966634 0.0865818993684766 0.167075314897815 -0.0964930717651904
-0.649097210986932 -0.0398734115347977 0.0343391711000764 -0.123667933461813
-0.617566976743025 -0.158291282499495 -0.174246154545019 -0.0072497524485439
-0.602390078883577 0.0272625231019477 -0.252523952952969 -0.314161160502472
-0.44988559327445 0.092447444452639 -0.531030342323144 -0.0475011234107334
-0.440796368405125 0.241005208525452 -0.268620247788132 0.331169366212072
-0.363818326870975 0.474044951423943 0.0447659565147778 0.277980670721679
-0.140046335212117 0.609757320884898 0.145323502074958 0.120506255375438
0.0673696322372331 0.617332170429882 0.0948844763052591 -0.00757017266246427
0.146712214098608 0.652591717856738 0.0404004390010239 -0.0731079909502801
0.150004763224611 0.637102060847399 -0.0330985555771401 -0.112302512203764
0.0499134063385527 0.700931030808082 -0.088952608284843 -0.154813021087783
-0.20983426377061 0.693273898019427 -0.105692531096836 -0.207824144563655
-0.402480679374669 0.480658860367585 0.0108289167608869 -0.288671953038332
-0.484039802727058 0.267561106076963 0.225033516367766 -0.228486752790782
-0.647780535789078 0.12371070669623 0.351424960827037 -0.076419461574554
-0.709944185619382 -0.0145395139961916 0.25686649222043 -0.0555755926736466
-0.582127664194796 -0.130799183247848 0.0313849452052811 0.0770380244768745
-0.561298487939227 0.0266090733477975 -0.140626344768611 -0.207944067730566
-0.461828095292019 0.0760200436059665 -0.403964729513367 0.0147102009176653
-0.485241775480223 0.268851996842838 -0.252819230050332 0.29830112662449
-0.357757749486346 0.527930468683501 -0.0478027541684486 0.352239309010017
-0.107428636068033 0.633726126380873 0.0912667699984056 0.31872571501633
0.0832817483748226 0.618980615126781 0.118155238848689 0.232635515923424
0.125153740707763 0.635425093415009 0.0966129827786335 0.16262396059581
0.0917481372454762 0.605970325164502 0.0234709425517754 0.115342658852842
-0.0391760584321521 0.62959999850637 -0.067321565653264 0.0400554334363897
-0.268303528864283 0.551956264893152 -0.140059392126419 -0.0856643650168977
-0.365885937808421 0.316970214972744 0.000915501600734696 -0.289410497724859
-0.350908270840324 0.195176337793571 0.321911377366456 -0.227018167697482
-0.551510362320024 0.146000007440563 0.493384900738604 -0.00343537194760974
-0.674009495621235 0.00941539549952711 0.447110614448631 0.0171506898138371
-0.46205973511919 -0.0788400954200158 0.218416987191069 0.153922308703483
-0.430433554158925 0.0323183681039648 0.012909107468419 -0.0995702131563997
-0.374583834098323 0.0598383937166926 -0.245102002288384 0.0316550168078607
-0.408968503563313 0.245429207037825 -0.249664216539261 0.251731513072544
-0.267312288134547 0.470057047666638 -0.117968584937339 0.447582119740277
-0.0498807660419131 0.538395185693772 0.0759825933598573 0.514361619758316
0.0864355356927592 0.519096820476802 0.155761514625292 0.451372637084455
0.0879421683479001 0.52246192210824 0.140492694836116 0.374938246711141
0.0269961621686076 0.485066636326944 0.040618931451918 0.312420320989954
-0.105666519243879 0.453130881044893 -0.0923105429301662 0.178887099112664
-0.253865930834433 0.323629825520349 -0.182135588107893 -0.0341646763517338
-0.239240323305818 0.127920061410987 0.0288634608894045 -0.298205405187564
-0.172609245621142 0.134615251396057 0.407432507717467 -0.166338137601505
-0.406638094722577 0.155177295767578 0.547234516525866 0.117017301492006
-0.552467055793501 0.0241151862509429 0.57917012619859 0.0852105101286211
-0.271823209538608 -0.019236968602239 0.360020257624232 0.20117301004396
-0.228768215218883 0.0331327496757205 0.150670654037894 -0.0326256689573966
-0.206757373327442 0.03001688474496 -0.115850142040132 0.0179522155130956
-0.245764007935883 0.147225318256625 -0.249665862522754 0.220091365198727
-0.143128798981112 0.296023661710821 -0.139123245506668 0.528898827945704
-0.0115049703429962 0.336015551037711 0.097096849422191 0.649461201029067
0.0579266889516467 0.328936523345533 0.198374503270554 0.608851961453909
0.0385417965175996 0.330900350940893 0.164869196050092 0.52823539176376
-0.0223306076522599 0.294912918260835 0.023485335906772 0.448448608717533
-0.111913915213889 0.23507337062685 -0.141954406113084 0.244078279583685
-0.16792949943267 0.10728555199405 -0.201176864158287 -0.0485255147777523
-0.0869520120331531 0.00183419826745224 0.0911198849103399 -0.293599177781184
-0.0275264248064495 0.0933618881349594 0.446619980162499 -0.0568902073221742
-0.239625266634831 0.137464282192122 0.505763389809735 0.237966619206213
-0.355652797562873 0.0342843459584358 0.645727096033229 0.143560921226774
0.0594654648947028 -0.0309654715535532 -0.626160143849668 -0.103484485292533
7.99756183799179E-05 -0.0672503256726634 -0.40821620241655 -0.221871382937015
-0.0504691291359978 -0.0132665033885365 -0.491149463634999 -0.0472298634942533
-0.00673206440678801 0.0409277967492817 -0.190585615635357 0.328643320491114
0.0378223715248124 0.0158919271936781 0.237202365433721 0.135092531866991
0.0473123811063205 -0.0183566048598336 0.246265105499438 -0.270061024198206
0.0362885766079101 -0.0648337620962405 0.00644975708842288 -0.514509525749124
0.00906063364431206 -0.0849557781542414 -0.196281389356505 -0.611582267587256
0.000129109765021077 -0.102121361058242 -0.287552215734102 -0.660323738194812
0.0239663109077997 -0.095721107354994 -0.205924138246968 -0.674672807372841
0.0739561004364735 -0.0567579007572389 -0.00201563615800857 -0.591036397642635
0.0901884260101016 0.0148077780692587 0.154588317740617 -0.2946928063348
-0.00390980848587193 0.0490442191301349 0.0599740885141694 -0.0796128538380558
-0.0194294463334282 -0.0116068124345612 -0.153904603964309 -0.06676638050042
0.0309488481648187 -0.0283099056175816 -0.410535876789605 -0.209166706195417
-0.180222851878189 -0.0627551122337864 -0.622364845111681 -0.105135762286398
-0.194430404965212 -0.0125671139833155 -0.36548437632247 -0.267342841956374
-0.13898177636146 0.051367485569944 -0.501085930736466 -0.118420256790403
-0.0754842262227029 0.0965364580901186 -0.242764669974339 0.301519289262764
-0.0496224163800098 0.125408304790884 0.199994884842791 0.175057322928258
0.000246889587774198 0.156599120785247 0.263832087661171 -0.221357959499909
0.0588836916873046 0.151681161830779 0.0349498282952299 -0.490203507677557
0.0837351365035159 0.167310799571773 -0.172500974083689 -0.590601526358299
0.0889663272829443 0.158054741093537 -0.282423404423672 -0.625738384884186
0.0793245965770351 0.195561361454138 -0.240050693016579 -0.635996868841119
0.0114939865815654 0.240580669916614 -0.0569706528177748 -0.573209478712224
-0.0848621111497413 0.231461541850776 0.11560101256217 -0.306441299102075
-0.229321774105 0.152821431240741 0.056271736938915 -0.0962041920640374
-0.293986123272489 0.0182947366902552 -0.121697123125512 -0.0735485330700663
-0.247209994796691 -0.0443081088042095 -0.339645741764974 -0.199234495841259
-0.405041623930597 -0.0994611406442226 -0.535047408317124 -0.0883586775404247
-0.392968611326826 0.0317842589985958 -0.342661094533497 -0.316193382555887
-0.246859513218431 0.10304053839462 -0.542219339292888 -0.129307294936016
-0.167709272163583 0.151744900380984 -0.264046591910578 0.312332187457965
-0.149654483628541 0.237874333552188 0.171968840955212 0.200213726231734
-0.053960730626936 0.328005879458772 0.252413071866642 -0.154734429382211
0.0710289090282321 0.354076938322987 0.0548626224100261 -0.392816101384364
0.145622244442314 0.394003737877744 -0.118588308460639 -0.481519972324769
0.167740677432373 0.388457665028842 -0.229501189951217 -0.508022877992849
0.135455597593634 0.451240220674622 -0.22369695132342 -0.520365118752293
-0.0280571167812766 0.508366589583425 -0.0965486996175563 -0.488471796828529
-0.21905283344363 0.430708235575275 0.0680169386879789 -0.306499914976546
-0.401057680246716 0.261308001920905 0.0798379822494673 -0.139513334448548
-0.514787400463617 0.077631035815645 -0.0081693735477799 -0.0898419093380817
-0.486427493929958 -0.0320247819593256 -0.182267446134998 -0.166073209035383
-0.561290792766196 -0.121623290339272 -0.374028142136271 -0.0523379623292073
-0.537839440981279 0.0599381335223526 -0.322681836859831 -0.33772661830106
-0.358355479179001 0.125467271432743 -0.57503562855967 -0.0840635858555448
-0.296878112030995 0.208740000573897 -0.260687900012658 0.341203200388849
-0.256765687521855 0.369918844659666 0.132462290482983 0.227749708844246
-0.0935432149519741 0.492190148437259 0.212301853612605 -0.0497674355558374
0.0849871463427774 0.516377418159113 0.0704759097660413 -0.229611757290196
0.181255933317017 0.558865360366581 -0.0433978763780652 -0.299803543354824
0.206414008595623 0.550235155136675 -0.136807656869901 -0.327402112026061
0.148794154409196 0.629073373423815 -0.165767126527659 -0.347777496950739
-0.0799739849084522 0.678783856422695 -0.110905879142219 -0.351330363271393
-0.315496855271619 0.539525841514572 0.0231368789981674 -0.295595469034498
-0.486417082016323 0.319456187235414 0.131288460359863 -0.198788258062064
-0.633852730793829 0.133999481092558 0.161280541822988 -0.108666726586518
-0.640683912606667 -0.00268089481832516 0.0289249132567981 -0.123305620249871
-0.625432596971096 -0.120758432328097 -0.17329105522202 0.00296937545409225
-0.597475947372334 0.0711722857828609 -0.269081652898422 -0.295496286238659
-0.440735952965728 0.119080693044595 -0.535452273532904 -0.00767142020460737
-0.421371203749949 0.264994516868771 -0.244271744408027 0.34696941058429
-0.328897597092465 0.492542775097482 0.0621364385874413 0.276243862707288
-0.0986063900699581 0.610931531560087 0.158348226356742 0.109534592211472
0.106330951883573 0.611551817546397 0.0935692227118126 -0.0149285409878897
0.188867859923372 0.63970112512395 0.0362316691158182 -0.0762027638791238
0.191271943243026 0.62476081600332 -0.039570433817402 -0.109213184810786
0.0968032627317386 0.691334943929318 -0.0988740018133211 -0.145607070628813
-0.159431988264284 0.703388043650201 -0.120434512940527 -0.197256715862085
-0.367599563762841 0.502373485048392 -0.0102807970126813 -0.283097646092966
-0.46083179126654 0.29598244603248 0.209433470261751 -0.246288497618922
-0.633970696926245 0.171642550935485 0.34615298013719 -0.100599080507551
-0.699566777575282 0.02999211699414 0.252292466296955 -0.0699907563805506
-0.586494448398472 -0.0948105504821121 0.0350959152037636 0.0732986526161075
-0.554294458507651 0.0677759339561179 -0.152621100177275 -0.197414088826662
-0.453201141297126 0.102192103560631 -0.406690365872464 0.0474882291458169
-0.463120952095857 0.297606966041807 -0.230345745475217 0.313878027255835
-0.320000763586132 0.54574061669636 -0.0250458272810736 0.355867159891099
-0.0623315401448625 0.635724921333971 0.117129260440335 0.309750400139576
0.124001965854236 0.611150521945759 0.131539588957642 0.221700637548915
0.167873291652609 0.623507715621288 0.107186283962656 0.155322318352383
0.130203985287467 0.596736291033106 0.0312964398546804 0.114684710836989
0.00312044414846669 0.625575437986204 -0.0652349099679158 0.0456769092479894
-0.227348058062548 0.56580941673898 -0.147145198269355 -0.0735596512685926
-0.340237452924985 0.335387669744859 -0.0203129746759003 -0.282098969461174
-0.333372286112461 0.216312339428141 0.307741345411314 -0.250628894072586
-0.536747847280331 0.1867233102986 0.491658779662827 -0.0376718623026553
-0.663057777407157 0.0493490563607519 0.442614801242256 -0.00968292683212225
-0.463805847690374 -0.0504907619079172 0.224985205504948 0.139141913450173
-0.422463140141509 0.0628984268669171 0.00551090677920447 -0.097605212356466
-0.36911409382039 0.0817335506301594 -0.246139147106832 0.0522007570147208
-0.391295850355471 0.270792579261169 -0.231788660778376 0.267124949375246
-0.2333105705675 0.483570493637977 -0.089145216207349 0.455122680937679
-0.0127579893382738 0.538875539840852 0.113207345359667 0.50495088493895
0.120160026710283 0.510118347358708 0.184601006675551 0.436237520569198
0.123543237585401 0.51457322829677 0.163563347711557 0.363008995419739
0.0568618703212956 0.480385521609005 0.060412202566941 0.308659081848151
-0.0739837376959775 0.455223101786175 -0.081247998998457 0.184299136350915
-0.229321958181133 0.337094254645418 -0.184911328687252 -0.021198933800106
-0.226897422272847 0.140160909581452 0.00604128559154373 -0.2949157615663
-0.15948154864412 0.144042506197929 0.398330417578012 -0.192306696610344
-0.391657218485258 0.18536290942622 0.550466795440125 0.0784001980835248
-0.542623831202029 0.0589335375401087 0.576961535444221 0.0484314394933192
-0.269714250098305 -0.00226211013607119 0.368387383098359 0.177701199309231
-0.223197700947898 0.0499528458867542 0.146322053067065 -0.0391517299715786
-0.204056826272321 0.0407789199137607 -0.11573695276638 0.0279785389471058
-0.235020246832766 0.161912921842886 -0.234710605672667 0.235330310854572
-0.121254298065929 0.303278616342616 -0.104749604373452 0.537085175210718
0.0124907148707663 0.335242641451516 0.143414725702183 0.638046649851856
0.0794380525814995 0.324243609580171 0.236188655564804 0.590039781428021
0.0614158479272706 0.326280770260927 0.198940987511412 0.517171022007637
-0.00321804440311449 0.293408579818538 0.0521755054897927 0.445250419955794
-0.0951493443818133 0.238834903915373 -0.126605809286593 0.25034078162461
-0.157846085017541 0.116935872204942 -0.205155988427128 -0.0355150057290087
-0.0844980339244907 0.00610234038936233 0.0692463656104364 -0.295285371440965
-0.0193054867769904 0.0942278603691771 0.442541622880647 -0.0845493357882554
-0.227738249107702 0.156097376788239 0.516941070966745 0.201512267911155
-0.349851218104823 0.0563464358221305 0.644744394152119 0.0997532696512352
0.0566739728595284 -0.0330790727954846 -0.614454968434453 -0.0697202584983077
-0.00360465404098139 -0.0664489424147872 -0.400699303770144 -0.197589154036188
-0.0513451332094138 -0.0106419147596498 -0.482848508978801 -0.0253334547670026
-0.00580643332459081 0.0411542077459775 -0.171927333867267 0.328830641014032
0.0363932184168544 0.0146453808237051 0.236192258949553 0.121979394105443
0.0452601639449209 -0.0203472801635833 0.227792669300794 -0.274362802884543
0.0315713051611335 -0.0653344596456297 -0.016265247021546 -0.501427668802612
0.00391460529272457 -0.0833358558901507 -0.221997631290959 -0.589116446578012
-0.0064216150961934 -0.0988199290856649 -0.31485605462097 -0.629530646536467
0.0174800817364931 -0.0939285018270306 -0.237173114470755 -0.648116090448088
0.0708446180754285 -0.0596494567765297 -0.0329787191272149 -0.579301976953844
0.0900304429975965 0.0106055738598592 0.138604939635139 -0.296965363504183
-0.00252363733173092 0.0496048197704274 0.0531524024346945 -0.0827377873531842
-0.0181302466792349 -0.0109508784426122 -0.15419186913127 -0.0578234937060176
0.0306240485551847 -0.0299452097955173 -0.402234538720037 -0.185487684410841
-0.179053692960011 -0.0535887568606601 -0.609657868936119 -0.0691203565450737
-0.190185145116305 -0.00158502344280955 -0.362423581219192 -0.244187768741473
-0.134257164876263 0.0569828321887509 -0.495978454102544 -0.0901796827291541
-0.0683227529845392 0.0969997130597115 -0.22310797103179 0.306076817485074
-0.0422603827101929 0.124036403234322 0.202069424706941 0.163584884505658
0.00797456178157769 0.151944239780973 0.248799409331707 -0.228943582056144
0.0644467890289558 0.144389976228378 0.0116808986918123 -0.477846552682314
0.0904038931606486 0.158689085259632 -0.197035281245036 -0.569937087107081
0.0937802891556504 0.151009128359429 -0.308431642614407 -0.596388324720119
0.0862032165810941 0.187641797192336 -0.268076535926555 -0.606535160122501
0.0248464907851902 0.234787276788918 -0.0850782452867982 -0.556906349878674
-0.070525056574997 0.230632771140943 0.0993438965569456 -0.304380842634128
-0.217402999992697 0.160890519400225 0.0484737509130405 -0.0996840771910457
-0.284777173700501 0.0332554478141238 -0.122953511197793 -0.0672824191953951
-0.241256650155762 -0.0334783655852104 -0.333269337038077 -0.177919575729731
-0.400323404116622 -0.0791364166045991 -0.523484346874483 -0.060022391144131
-0.381632283859206 0.0530715173226723 -0.343950127123646 -0.292407983007982
-0.236533492658848 0.112314263315458 -0.537330238650583 -0.0982049903768152
-0.153934143822671 0.154550156412087 -0.243031161404278 0.316393117683225
-0.132733779921794 0.238054843153754 0.176822780369734 0.190686943163124
-0.0358766851848421 0.320644072883462 0.242655520909127 -0.163067495259307
0.0859546082316215 0.341701101203418 0.0362356953372389 -0.386004358242285
0.160810915372029 0.37714907381097 -0.139250162648645 -0.465189898791682
0.181432575215785 0.372140861420505 -0.248507535182697 -0.485729459247543
0.154652407546792 0.434419242327337 -0.244254964989888 -0.495353622492245
-0.001632454639573 0.49806506348332 -0.119191872743003 -0.470809529531553
-0.192096421125924 0.431145711938072 0.052530933733537 -0.30099338072141
-0.378759181146191 0.27463832630279 0.0700251030624504 -0.144270958755364
-0.496683501878749 0.103272013417733 -0.0111085918514886 -0.0881459727427718
-0.470634135743561 -0.0100484665135466 -0.180886952554708 -0.153631104534698
-0.554727744590201 -0.093446516247807 -0.366221265941592 -0.0345306473518311
-0.521926820167337 0.0894358710233919 -0.32671059419466 -0.314898830749911
-0.343244644674369 0.139850201450464 -0.569412941965038 -0.0494358472198405
-0.277761934138094 0.215940187561603 -0.237976861139135 0.345555574349529
-0.229134698056169 0.371998280764438 0.140968421911754 0.219301592445141
-0.0658644508214576 0.48298066905687 0.209943321209766 -0.0592828901811289
0.108176252444611 0.500401361653437 0.0596674395788876 -0.228781329927686
0.206090260223479 0.53876049628629 -0.0569368680475861 -0.292546019719098
0.228337867994415 0.530053467974474 -0.150221727243695 -0.313189674648767
0.177063717632997 0.606931034076787 -0.178964609085686 -0.329463187309817
-0.0441387728812436 0.669221692617525 -0.126896119391001 -0.336230517541474
-0.282911638209445 0.541794501572088 0.00866015023937845 -0.286056248474979
-0.459003242901258 0.335111254543994 0.117534600132221 -0.203850765360137
-0.61246141571127 0.165324406965546 0.154545975833266 -0.115199559108354
-0.620877058412893 0.0269509774581584 0.0263326622753753 -0.121524046130326
-0.616038133547474 -0.0908488802099848 -0.168450578657854 0.00992658176912445
-0.575186909422055 0.102890557037888 -0.274734608183719 -0.277503830757245
-0.425722209012717 0.136102832650576 -0.528492364490493 0.0258736303250763
-0.396053259672729 0.277245118494211 -0.220020959108595 0.351306188915977
-0.293930040039627 0.494610124382585 0.0747946956464453 0.270243693034377
-0.0635296079608999 0.600305975075297 0.165237960926243 0.0966648905225313
0.13315541555916 0.593015660996513 0.0914002582464604 -0.0201786199882597
0.218723848028273 0.616412499836667 0.0318354634709876 -0.077440685640626
0.216975607560471 0.601246424686545 -0.0443573456727846 -0.104552939997081
0.128730638456061 0.670446204233997 -0.102913059612521 -0.135475340300695
-0.118245279373812 0.695399139729857 -0.128743534355537 -0.18441225853448
-0.333767024029445 0.506424432920284 -0.0249404363192314 -0.270411631573556
-0.435864455337012 0.309577081410055 0.194326688328238 -0.254987694191256
-0.608871543377431 0.203752308120693 0.336024902792741 -0.116927269057913
-0.676085549024795 0.0591552222199439 0.244239468946172 -0.079160834317692
-0.577913815907645 -0.0681053583221673 0.0375576360719535 0.069430908891138
-0.535436917755311 0.0968145723136685 -0.158276228189216 -0.184862847993264
-0.438865219070652 0.118548215621969 -0.397056363452814 0.0745160806995802
-0.438338600119147 0.312395474308315 -0.207880843989035 0.318307301201379
-0.284514064055243 0.548009033661666 -0.00706494987316858 0.352290755168691
-0.0273046139390673 0.62265457673648 0.134659003653817 0.293548197159741
0.149877095736796 0.591342344505732 0.139207406844915 0.20852522586606
0.196756291383782 0.602484263458632 0.113041762838352 0.146073253069647
0.155276606856207 0.57760659420047 0.0369344983516489 0.111035151193784
0.0345538134561721 0.609540889832489 -0.0620038473516 0.0495111986292959
-0.192127864312229 0.565408062908872 -0.148429736885409 -0.0622113678178878
-0.315620958874054 0.341420959348367 -0.0350505088828842 -0.2699823810691
-0.312463594740049 0.225348896451082 0.289956113725206 -0.262965228699957
-0.512474581154667 0.214058857547402 0.47943524018436 -0.0619195980141478
-0.64045329822768 0.0778729580186746 0.430841292712416 -0.0293052601580491
-0.453401155247369 -0.0283634428953444 0.224839289842146 0.125647783383374
-0.406741556555234 0.0849445208139722 0.000292090749871482 -0.0945280535185472
-0.357988820192966 0.0941246795192634 -0.239122294100864 0.06949961180995
-0.368578016658122 0.283091406798999 -0.213226694594323 0.27221777542403
-0.202529239511111 0.484387563069661 -0.0636994035374252 0.452143144837506
0.0174224820476933 0.526430467100803 0.141293851347733 0.483552187562389
0.142768534190487 0.493532264956869 0.200386689127235 0.417227772452951
0.147746137577737 0.496165658755077 0.178529688386962 0.348161569379929
0.0793340963953689 0.466137090844638 0.0751220725375857 0.300936059878478
-0.0492662581242921 0.448189078382253 -0.0710618070655507 0.184792732605564
-0.205508287822694 0.34014466825965 -0.183661194167005 -0.0101546528155103
-0.212880303780357 0.145459694982138 -0.00993904785103496 -0.284164704319946
-0.146630456868601 0.147293581546665 0.381340790847901 -0.209318864555776
-0.370831713746808 0.205995195519768 0.542514195534539 0.0479720725559293
-0.524702403510403 0.0819224819542964 0.5622506488387 0.0193399694513656
-0.262703020981815 0.0105267536536405 0.364216866995681 0.159232681201927
-0.213070049995464 0.0602654905206682 0.139578326449351 -0.0418777043635898
-0.198542572693079 0.0481896572863612 -0.11243531692719 0.0368680411989195
-0.222765346571797 0.170254852077731 -0.218459408378309 0.241670459249223
-0.102481294855543 0.301359043809352 -0.0735191200786513 0.532305736539792
0.030355383702324 0.326165677265831 0.175533600674828 0.615516062019773
0.0931601928017217 0.314983113090665 0.261425914784655 0.564292813994442
0.077382143601833 0.315874390164663 0.219055766098425 0.497217450405403
0.0104901276800939 0.286700134696745 0.0741945974326865 0.435155017230366
-0.0812835677613776 0.23616904812923 -0.112806308242634 0.250015101844678
-0.147024821929466 0.120896264279379 -0.203610006234554 -0.0255148685923876
-0.0809244572191357 0.00830601717843697 0.0523221803616631 -0.28842238527705
-0.011950098802976 0.0927436121319639 0.431469544538675 -0.102599633118747
-0.213270918893061 0.167377193387179 0.514186638760784 0.17042007341949
-0.337327884383363 0.0713247009618431 0.629114421967465 0.0676906216312205
0.0670377697355762 -0.00532172126526058 -0.53186613920671 -0.308011029260069
0.0249174314194764 -0.0598372837334349 -0.279730747565321 -0.336315435456443
-0.0447263618952568 -0.0300325990638988 -0.429830233176191 -0.216432906752853
-0.0218265490044324 0.03310391336733 -0.286996094372757 0.232843275655822
0.0234554189794408 0.0267586539833687 0.162611551139582 0.204435510539584
0.0469593516587815 0.000906857157734424 0.314430081935665 -0.156678001976439
0.0531372227569165 -0.0460832487833529 0.185872849836257 -0.456544123636333
0.034929492011771 -0.0744156661890554 0.032975739583186 -0.61590763801936
0.0263057280979196 -0.0925036712951352 -0.034563601574606 -0.687162567048473
0.0450120936177936 -0.0775301207432562 0.0413416129001708 -0.680364505063393
0.0812209364360536 -0.031871096279885 0.197333440402318 -0.530995377960948
0.0758042627748027 0.0403975825447914 0.245134673928116 -0.210222429757314
-0.0224052385122318 0.0445499514332753 0.078715873124948 -0.0551657209466062
-0.0132067378785166 -0.0159447662838837 -0.116980113262799 -0.11314657642125
0.0337749740601813 -0.01868470932418 -0.280954148110032 -0.321999856808012
-0.14047612733876 -0.127870087034659 -0.523487823115651 -0.282650762157911
-0.167192225514616 -0.0791394820834101 -0.222876708591509 -0.352354240277274
-0.14548284421885 -0.00333375424252198 -0.411240458850722 -0.273903241526047
-0.0981631990204704 0.0563893672209022 -0.322650923791443 0.196235195614751
-0.08917495836713 0.0904533101586442 0.119604520832402 0.234518349408492
-0.0539864781598311 0.137737769071872 0.321028256277212 -0.101147426296068
-0.00020528978800095 0.153202267130312 0.206339542226515 -0.422235089769369
0.0187096137210577 0.178158094175305 0.0478281185253947 -0.591516910826791
0.0205828088142015 0.17180493997718 -0.0448578038958436 -0.654816527947471
0.00140756090293133 0.201998453024885 -0.00451420317966644 -0.652379780472413
-0.0697675914455401 0.219766655242155 0.141112251432147 -0.529422454375621
-0.153970832767644 0.17916705863429 0.208165818830873 -0.232253745186704
-0.260716717745403 0.0677038170837594 0.0769474293774274 -0.0749137661752643
-0.271670146025063 -0.069614802956889 -0.0892439405328993 -0.120197357549655
-0.212558861531091 -0.118486855084299 -0.218162562123407 -0.301844819863295
-0.332012097035578 -0.249594142601701 -0.447872441001754 -0.215654057512712
-0.359596157822769 -0.10955897881835 -0.185720864082337 -0.378751934188074
-0.26028857191818 0.00442305043255571 -0.444000050851929 -0.287383590713016
-0.196138736072575 0.0711645743695026 -0.342021251507508 0.204960255765517
-0.214279117794593 0.153159136580008 0.0918851753455422 0.256120311729897
-0.159615439722799 0.268449690146938 0.294708592445822 -0.0388965321900714
-0.0589877613050722 0.336774197075909 0.19282011956568 -0.328536404741735
-0.000289519822456098 0.403550873527966 0.0586870285838024 -0.475149272031097
0.0170241954102137 0.406332286375362 -0.0385692298449867 -0.528652185001589
-0.0282060239403167 0.44993817169507 -0.0323582266897476 -0.53795517020867
-0.190270447812552 0.451033685241734 0.0758737591548301 -0.46343280844106
-0.340519609073428 0.315431533105101 0.159951860669434 -0.247253749646134
-0.453009056457379 0.111215828971734 0.110336835032003 -0.108776431739336
-0.488237872035843 -0.0819511091973715 0.0139552462636592 -0.106044340751374
-0.428842042757644 -0.179556492853718 -0.0875601486332647 -0.230363254632396
-0.46756333270642 -0.330993887156856 -0.313718070934758 -0.113964250060255
-0.499275959812161 -0.135236590848989 -0.161280580534637 -0.384112063337584
-0.366847240336577 -0.015597142137619 -0.493319781270883 -0.244910725242231
-0.330108682936517 0.0738309928345748 -0.34743453971165 0.242354940970683
-0.353402827670791 0.230006012261488 0.0539798480583489 0.274135625134244
-0.250311221177245 0.400414292388626 0.230431613416099 0.0448049255699827
-0.101790724475672 0.487408533272389 0.15247305776738 -0.175796586904701
-0.0223527401797828 0.567031687475037 0.0647985498271989 -0.288247400033652
0.000960177842443461 0.567565685092362 -0.0202171883707935 -0.334825958696817
-0.0696950925289284 0.614090164474266 -0.0409406909061458 -0.360918654607404
-0.291257090440881 0.589773841279277 0.0146997070840175 -0.34376398472515
-0.462565638302789 0.380428319283324 0.110597913954914 -0.249964841278568
-0.54864557115779 0.137568755137948 0.175463571247272 -0.145072125178016
-0.613137448781754 -0.0654650875523789 0.170599041354259 -0.0717918085187651
-0.576718146604974 -0.19966104387478 0.0857876369279401 -0.127423186169343
-0.524180755676855 -0.355058035699007 -0.151433917770973 0.0101016005999736
-0.552040905124159 -0.147107647079385 -0.130294329723777 -0.328190400795039
-0.437732892237343 -0.0533126003600828 -0.487966916155441 -0.154543118708114
-0.459553503308692 0.0776517833192371 -0.329784523275369 0.263152709090374
-0.462112458723837 0.312903707528307 -0.0199520793695261 0.298820458780157
-0.296189923087211 0.504042221782875 0.132530436844729 0.169533539182606
-0.115564876278232 0.579418582798388 0.0994481659511833 0.0251403825632169
-0.0423297925523592 0.64393478286143 0.0601151481546091 -0.0596426315063277
-0.0376515469616402 0.629226181843587 -0.00729066164810411 -0.105592093517428
-0.135425771669398 0.653285003159594 -0.0500824369274007 -0.156350165472345
-0.367744300723982 0.586664400864785 -0.0472267438846385 -0.208894884531242
-0.495880358056434 0.329641210865939 0.0735131630245693 -0.250050055851954
-0.515496263326733 0.121506653984785 0.265540480893047 -0.159488753575279
-0.621321307663689 -0.0317228638134728 0.333850501603391 -0.0034496352052068
-0.636990821679876 -0.18822486966861 0.262672389439714 -0.0068212461658875
-0.498544954679897 -0.317037556788163 0.0105429270345219 0.140901108115224
-0.511535436661643 -0.134365458223385 -0.0653374669356932 -0.199773786069348
-0.440995373510893 -0.0758542143028981 -0.389848714376418 -0.0577445564341137
-0.510526493043654 0.0894003876941556 -0.306145125906218 0.240432637756921
-0.475197291220825 0.364489018158189 -0.123515553129164 0.339309794727629
-0.273966243852171 0.540054761709871 0.028127316035789 0.332685849049884
-0.101934190193733 0.585202624923113 0.0515457786734313 0.249791359971083
-0.0546449416152918 0.621979941141708 0.0446117220466264 0.173609511310484
-0.08010825529448 0.584374188129814 -0.0195582345323605 0.118334499163668
-0.197471924551951 0.560817769739204 -0.0850772975362396 0.0247019237482586
-0.384408301636264 0.440082077777278 -0.11341754812579 -0.109380643035908
-0.415652184458422 0.185945435816949 0.0660215597326975 -0.25475596585905
-0.367716532244175 0.0880313073912149 0.358748436247058 -0.126670957659662
-0.535188789326204 0.0123809433703994 0.4422111312248 0.106651706997312
-0.608363328482202 -0.158371819611748 0.40750363540866 0.112617757316818
-0.400888325942738 -0.22607389411351 0.157411294173885 0.253508150504266
-0.393200333610978 -0.094205898752204 0.0398836636982893 -0.0613518863158014
-0.359665527737451 -0.064723880974051 -0.243860531826657 -0.00422400857747068
-0.441216852219268 0.0935317261361209 -0.293070003582286 0.192169466571885
-0.375933454260553 0.340280014451814 -0.217004038855647 0.400903036621986
-0.194306582418013 0.471115088911586 -0.0443765399233008 0.502403852024206
-0.0682026989035352 0.497694688487578 0.0227777440035554 0.460608207784775
-0.0576801630300402 0.508676784222726 0.0235272638519868 0.380745756014192
-0.106074439430144 0.453376915835684 -0.0580343829134337 0.300862917922147
-0.210343493422734 0.383320935670295 -0.145646937915618 0.139995903948322
-0.310425309747717 0.232906187159648 -0.164288490132512 -0.0795241459773354
-0.248807097777414 0.0481517488110575 0.0984949349718726 -0.258181611611637
-0.184665907126461 0.07595031748942 0.421842955291217 -0.0371895893445142
-0.402211979871569 0.0546582281996713 0.456059831694769 0.236145324176289
-0.500088792039057 -0.111997161291868 0.502165888100711 0.213126153981351
-0.242883300146135 -0.106367549792001 0.268301546703081 0.317647464109492
-0.212890504563366 -0.0342728030322186 0.144251269304081 0.0314462758949161
-0.196998131669782 -0.0402122883603275 -0.11659352832963 0.00445417619487661
-0.265937766322578 0.056784222780302 -0.291298402214587 0.150847070496295
-0.21240146887975 0.219615268890048 -0.266623965121396 0.462068484212056
-0.103041711978354 0.299036737482412 -0.0736644659758685 0.627106631313623
-0.0416251074796731 0.317800280013003 0.0159313778128566 0.615314223021343
-0.0515549023750624 0.316928882551134 0.00285063905638176 0.53396819678701
-0.0980604255513804 0.26447416447687 -0.110419262074066 0.421019261299578
-0.159151111281779 0.18269111918265 -0.206576559955821 0.179846055709322
-0.177730690018528 0.0560716456266663 -0.173956971560118 -0.102849634662165
-0.0778818829720098 -0.0266219451474066 0.160500925707821 -0.237111219512394
-0.0408610670785323 0.0753049530970318 0.426363136966173 0.0803672470243815
-0.244518937683991 0.0760977652071925 0.386546738062902 0.342436602358449
-0.324954678552209 -0.0551954151745433 0.540574094277851 0.289128341973192
0.0671591696142884 -0.00678238288288923 -0.536435754203782 -0.291580552057846
0.0227386072230607 -0.0606742009942332 -0.279219199165712 -0.327893880703917
-0.0470465156605785 -0.0285855271884561 -0.433504105030942 -0.205905330057833
-0.0219145624478419 0.0337294489206668 -0.282999354182463 0.239904749912596
0.0229570337046337 0.0263583020033729 0.16480366884265 0.201496272584153
0.0465518870894438 -0.000599629088580215 0.308872970535476 -0.163728063079327
0.0510505886945693 -0.0472445106511884 0.173812773016847 -0.460281799342517
0.0318626368441026 -0.0748754288967878 0.0148402167888256 -0.617406636361121
0.0227663325873199 -0.0927665667148647 -0.0562920450522471 -0.682871232424225
0.0413618462169179 -0.0779008232708946 0.0189500911959847 -0.67981796486138
0.0812333957363397 -0.0346711875898362 0.18216769697584 -0.537972548167387
0.0780102686068545 0.0391206405126457 0.24079965583311 -0.216751958948677
-0.0224433804204652 0.0467137998047781 0.0757684656134462 -0.059061411810873
-0.0116410770112793 -0.0165681939544773 -0.118975864707545 -0.110084764474895
0.0339240288219258 -0.0200267111157415 -0.280038295495415 -0.313641116501016
-0.143888798525058 -0.124268243406197 -0.526972150711015 -0.265544579899094
-0.168722645185833 -0.0730281923439474 -0.223332633545463 -0.34556282864035
-0.146124693022338 0.000796112165859788 -0.415701751258516 -0.261086705227691
-0.0952586456687152 0.0585495201847703 -0.316871366776557 0.204115929057109
-0.0857440173170074 0.0929243780698286 0.12376040641351 0.234086941787607
-0.0494564193044457 0.137738997219929 0.318239803804079 -0.108347919511687
0.00341959285772021 0.152679259604998 0.19542979370111 -0.426493501300568
0.0227693747559882 0.177796026172671 0.0320671638800042 -0.592280099015085
0.0240894089137902 0.173424775397246 -0.0645358346853632 -0.650996065407972
0.00617135268950037 0.202591014815655 -0.0242546408746938 -0.649972756399198
-0.0620264941027951 0.222398655950681 0.124798953711683 -0.533088843594413
-0.148412148044593 0.183382125903844 0.202799397681531 -0.236579043500159
-0.259804618953766 0.0759083840848362 0.0742280411193013 -0.0792611839157036
-0.270973085642101 -0.0610221730600276 -0.0908528072667212 -0.117858370590344
-0.212302949708574 -0.114810305434832 -0.215671013659105 -0.294648844539124
-0.33718025975941 -0.240408071821368 -0.448903328343066 -0.203050918795312
-0.3617678597565 -0.0968639448559947 -0.187233929412143 -0.372755809675164
-0.260519389823173 0.0128052205627055 -0.451240373045603 -0.271438035345983
-0.191264979382983 0.0753792918281324 -0.336744747352035 0.213524188140356
-0.207604807089241 0.158265142607865 0.0965588738878933 0.256992692847297
-0.1504108843701 0.270905470109042 0.295728244770641 -0.0467524589544522
-0.0497984760868033 0.3378501980346 0.185624239652056 -0.331586878137829
0.0107571931305844 0.403786299452635 0.0454855279971379 -0.478700220790656
0.0272579828170963 0.407351472507367 -0.0537620581909745 -0.526546976764263
-0.0158489682473987 0.45131920707721 -0.0470929090252112 -0.535103596555705
-0.175291419520131 0.45772845965854 0.0606723115398547 -0.464704752809329
-0.331773333965365 0.323319139525903 0.154747037152747 -0.248753402905351
-0.44903631809631 0.123362135341008 0.106503228956718 -0.114203254772607
-0.487460388255337 -0.0657900449560203 0.0127593108546312 -0.106310387308855
-0.42837770638986 -0.169389174875591 -0.086159573527434 -0.226589502011306
-0.474232595857902 -0.319242528060518 -0.312915019035147 -0.106666541649493
-0.499794814302102 -0.117988927659763 -0.164073529838232 -0.379459600529625
-0.367255912306862 -0.00664500465027945 -0.501329116018962 -0.227734036978122
-0.324759563994456 0.0808075429452899 -0.338820019092102 0.251119829439807
-0.344836452903419 0.238576808845524 0.0610998024043871 0.276609967780302
-0.236880615258838 0.404233836450237 0.235015295943654 0.0371202947598734
-0.0889949941711746 0.489687925334775 0.148987544753319 -0.178966597949453
-0.00562202435423804 0.567656306790642 0.056807746294889 -0.290360835093512
0.014633835934308 0.567593370630457 -0.0281515573640731 -0.334164440247942
-0.0548564092897455 0.615070653043451 -0.0499202127692569 -0.357514195149174
-0.271016288342166 0.600219260610806 0.00361015513652631 -0.342022301045933
-0.452111722529992 0.392274602188961 0.104586310277522 -0.248839956488756
-0.543260442617169 0.150318743800741 0.171906073905599 -0.152170398833695
-0.611397896386627 -0.0450437072124922 0.171620188509854 -0.0770867671901255
-0.573965850997549 -0.187529272369881 0.0858915679220353 -0.12771857656459
-0.532422641513251 -0.343626602460194 -0.149894268292309 0.0126880785008308
-0.55265273908351 -0.128251205112637 -0.134414893444973 -0.324112169039796
-0.439583390335294 -0.042967441943277 -0.493694236395471 -0.135877894961354
-0.454906952718085 0.0866102443692677 -0.321672337912525 0.27121215164604
-0.451043182206911 0.324494630290873 -0.0116936800956422 0.302028856121241
-0.279767209394719 0.511128500614657 0.141565797708465 0.163991656720784
-0.0999190895407075 0.583641529173578 0.101607907687843 0.0226389633523918
-0.0217917292618019 0.643740053710767 0.0584028831440845 -0.062084537435101
-0.0204754620454294 0.630085783029439 -0.00987337837406205 -0.105739736257327
-0.116553913558067 0.655010797861864 -0.0542263856962327 -0.153003793038743
-0.3468365972126 0.597679184997012 -0.0548683650388277 -0.205214025555816
-0.48542561005311 0.339792603874369 0.0664315140011938 -0.247261193025648
-0.509814239424593 0.135364563842097 0.262106045955326 -0.17042678765715
-0.619828485991644 -0.00781126845224287 0.336135651761471 -0.0135002731803264
-0.633275534683076 -0.174959111924293 0.26352638455605 -0.0119073184038447
-0.50592354225437 -0.304954723340641 0.0145096684938334 0.139872020126522
-0.510912951683664 -0.1184647532585 -0.0684575776351656 -0.19833660819388
-0.442696051566783 -0.0658143196235116 -0.39246753313746 -0.0404635419247417
-0.507289403963892 0.100557582126612 -0.298273062966645 0.247098200437649
-0.462936539108476 0.3754465739774 -0.113876693740038 0.345097469582349
-0.255528146606407 0.544377465027008 0.0420003914307216 0.32906559525357
-0.0840782430627332 0.589442703475778 0.0589473804897539 0.248034267798065
-0.0359077476066266 0.62237563876241 0.0492352292804355 0.171999801280568
-0.0645469952989485 0.585736560713784 -0.0162967998015385 0.118404446490066
-0.180871498884841 0.564849338793506 -0.0844221161457965 0.0281107835496899
-0.3673425524116 0.451527826590486 -0.118723362855031 -0.104576502441314
-0.408804425820971 0.196789932009568 0.0578811474140893 -0.251960658180182
-0.362783933554072 0.0984538955369947 0.358277045225653 -0.13853317628058
-0.53133474708557 0.0328550153700004 0.446240965238328 0.0936264960350233
-0.604238558634141 -0.143634873873797 0.40711190920292 0.102602565381711
-0.404776947656025 -0.216301100708461 0.16127491576347 0.248333938588998
-0.392209844579649 -0.0815547508832188 0.038590130945269 -0.0619127040513982
-0.360917842567475 -0.0584718419164236 -0.245010589474517 0.00796073255170507
-0.437938264289024 0.104171645493556 -0.287302509544297 0.199384090025178
-0.365874847910623 0.348923451890788 -0.20602798527509 0.408343031610138
-0.179534913574385 0.473887335330608 -0.0261306686054293 0.498988664499297
-0.0554850995989947 0.501059110816343 0.0358902486814497 0.458284933307633
-0.0421369403841015 0.509706660964278 0.0350533509455461 0.38148980989533
-0.0936338067618911 0.455089165932669 -0.0496628454249672 0.303482663790953
-0.198208459831018 0.387609734541113 -0.142381251531928 0.14381286132579
-0.300897290240729 0.242307477030329 -0.16826091714975 -0.0739391229374531
-0.244602616323165 0.0532241368031975 0.0901164264354915 -0.257098097022647
-0.178416310145293 0.0818731086989163 0.423137837879071 -0.0501807260633702
-0.396143265461431 0.0705852045722902 0.461811735603188 0.221201606989901
-0.498078929838946 -0.100539898327734 0.501822035460138 0.201562327634
-0.243850684244305 -0.100481388633568 0.272088797795203 0.311929576626645
-0.211101959322877 -0.0277522270851257 0.144209217118487 0.0288760383325374
-0.197414201560954 -0.0376092899933473 -0.116130324543301 0.0109835385088043
-0.264737712313256 0.063604553694971 -0.287589552690884 0.158306111446167
-0.2052792151566 0.223707174953527 -0.253574647783202 0.469749013454929
-0.0931518286998907 0.30075815703516 -0.0527426391086451 0.626978601723771
-0.0328663817326301 0.319337488353043 0.033748914275394 0.61303049849334
-0.0414413369582716 0.317923278343879 0.0183679485779016 0.53407568992002
-0.0906313618389326 0.266155749259567 -0.0978822237339107 0.423517039183364
-0.152513050385426 0.185700341475652 -0.202661605242114 0.183581572530729
-0.173142329306114 0.0603301124836269 -0.177872376457197 -0.0984829932653555
-0.0765165581468015 -0.0251124007738628 0.152321545477926 -0.238622586742005
-0.036087978776289 0.0772338786184132 0.42961706969558 0.0693858703758699
-0.24037944658042 0.0860540799671714 0.393218999821937 0.329418528517496
-0.323862901494999 -0.0478997035531337 0.541573638848557 0.273003393646789
0.0683452454350843 -0.00977024304226403 -0.548655984284619 -0.268749606345812
0.0201125107591072 -0.0620831161992685 -0.286678088733729 -0.321077758672395
-0.0495496106349476 -0.0262885616856503 -0.446614629825579 -0.190874963270669
-0.0215270247990204 0.0359850451447773 -0.276110197347756 0.253307532295056
0.0235451175834013 0.0263504422642157 0.172488378524833 0.199714263990146
0.0469660007327847 -0.00244765957350015 0.304690549450499 -0.176462767244349
0.0491952215599778 -0.0502601283227829 0.159217612670058 -0.46982712942943
0.0281504897073549 -0.0764379464226582 -0.0101341732301 -0.623553482686572
0.0172651339184019 -0.0924570416374215 -0.084977582247159 -0.687357700949302
0.0374263640728358 -0.0798852458018885 -0.00922675975488002 -0.685313887000653
0.0812470042582187 -0.038638688742031 0.159690522817946 -0.549833336819657
0.0812953790462269 0.0356430515966206 0.235432125481513 -0.229700585812597
-0.0217305801074082 0.049632050191085 0.0727638951529977 -0.063842814151358
-0.0111117083772696 -0.01810726268444 -0.123925127299529 -0.105332804629607
0.0338663941602049 -0.0232580951003729 -0.283586348026795 -0.30597752558995
-0.150374321529194 -0.119208867450232 -0.537655442043959 -0.24438336264264
-0.173088004079243 -0.0649029718524932 -0.23121555704282 -0.339580615786148
-0.148325365577738 0.00803551256864034 -0.429730595523644 -0.246360252825202
-0.0932549803138398 0.0626889743540586 -0.312307301277056 0.21835258542761
-0.081616164961885 0.0970171580657509 0.132858115848989 0.234827034705777
-0.0432881114565739 0.13989065425983 0.316777724822096 -0.121286938595903
0.00945899906356702 0.153389666405586 0.183218345196191 -0.436700056506465
0.0304810792019427 0.179042497233637 0.00865238014337524 -0.599439092731579
0.0305604766373942 0.174702602342821 -0.0928400551598526 -0.654839783219024
0.0136247141592619 0.204253442412521 -0.0530272901038619 -0.65393151824513
-0.0522270347048637 0.226758558177419 0.102385720642985 -0.542840954570089
-0.141315492742197 0.190714343231394 0.197393704572341 -0.246899388001112
-0.259639554719721 0.0875282059196912 0.0705708468338505 -0.0848023366582779
-0.273932802050939 -0.0504050347267385 -0.0942607887732981 -0.114846520992008
-0.216773128072184 -0.109091233268617 -0.21990771553079 -0.289785642213167
-0.351503512129038 -0.229279395185163 -0.456828650110418 -0.186332093137669
-0.365869847139486 -0.0799617131647576 -0.196264714254117 -0.370271752010997
-0.262494007440579 0.0238396823249935 -0.465313243614511 -0.253407836429713
-0.188005264213104 0.0827751805858656 -0.329348534161782 0.22767126064138
-0.200806968435665 0.167390434024246 0.107668232810539 0.258880543531596
-0.139427026108021 0.278017900445827 0.297836797284862 -0.0589138919712305
-0.0363892875851284 0.342375195965417 0.175594326966835 -0.341473470315906
0.0290913453978558 0.407925847762028 0.0271394504930799 -0.486299651882786
0.0429798892174131 0.411307680086052 -0.0764702501658305 -0.530630499285798
0.00211282280800614 0.456457935965907 -0.0706930296022769 -0.538355143117915
-0.155726750526165 0.469701650985842 0.0402734198843681 -0.469847585439497
-0.319920899348494 0.340624519348981 0.14720355339252 -0.255402307512531
-0.448546508533616 0.144732773014003 0.102830335345365 -0.121970521510885
-0.492106973370795 -0.0449773347519221 0.0117833069242389 -0.108250392633968
-0.434920476092032 -0.157190875167022 -0.0884881172451002 -0.225923955943577
-0.49359327203176 -0.304233006130058 -0.317137606819429 -0.0956562572390014
-0.507352351754825 -0.095049670282407 -0.173558614835597 -0.380003664802182
-0.371061229769461 0.0084014813585656 -0.514974082833541 -0.205875080455573
-0.322630345249955 0.0933513090298424 -0.33254840221945 0.266421025315271
-0.334937360302083 0.254222316379404 0.0726740637884546 0.280208080622758
-0.220497947509556 0.415107682121723 0.241981203788743 0.0274942852519077
-0.0685758047795559 0.497614280069266 0.145529787569846 -0.186393581365927
0.0192208698590192 0.573116442404586 0.0448220247536366 -0.296302054797157
0.0380278600234767 0.574650778388326 -0.0430659478702358 -0.336078759229323
-0.0290731437904515 0.623746306518295 -0.0643674069526202 -0.357157094784
-0.245065630459848 0.617005949858514 -0.0127338166843691 -0.343537748837394
-0.439344016704051 0.413124459335748 0.0957609114240457 -0.252509753112433
-0.54035732119388 0.176111081894043 0.167883545636622 -0.164561321536054
-0.615608130234306 -0.0175709817409838 0.17330323870915 -0.085256739234748
-0.581848156868485 -0.169939468624049 0.0863600064189584 -0.131761360115805
-0.551673423263754 -0.325198520384753 -0.148906598218898 0.017649335419251
-0.558961854758613 -0.103704902483777 -0.144114952663386 -0.323738192139282
-0.44517357951215 -0.0272965090228285 -0.503979993486451 -0.11001722950221
-0.45301795602988 0.103708048881343 -0.313330076391754 0.286166312699479
-0.440233705652734 0.344671450817777 0.00121109775259659 0.308755659621748
-0.258451783948877 0.524707309571376 0.154028383855506 0.157583009779194
-0.0756482535914644 0.59173846256613 0.104842825910157 0.0180995166163888
0.00675024088561764 0.652163104194386 0.0561727987369701 -0.0655210953973536
0.00553500741922175 0.638921504725939 -0.0145039492200854 -0.106499833182036
-0.0914723367143979 0.665813631322954 -0.0599964553941134 -0.15076722345746
-0.321159546218598 0.618897676591728 -0.0657188654500068 -0.202290974963428
-0.474825401771812 0.363055683117615 0.0571654363442604 -0.24829359681273
-0.505105625375247 0.156219007719749 0.2598397487016 -0.185789452906666
-0.620370852281353 0.0207731379109995 0.341029833604712 -0.0285024053497808
-0.640366087439621 -0.155082513276065 0.266504452337165 -0.0210046243957579
-0.521883207911125 -0.289583914963435 0.0196351965109062 0.138645506075624
-0.516594250402886 -0.095921903208055 -0.0747519394629185 -0.199155881243528
-0.448951734116672 -0.0506490121889611 -0.397205442089411 -0.0198736706767304
-0.50863713822433 0.120512113271474 -0.289786941487594 0.2611548172072
-0.450917690107566 0.397208976377393 -0.10117727268576 0.355726118671911
-0.232756932018243 0.558304929995798 0.0609485497566181 0.327646383236651
-0.0585692905510477 0.599806064249994 0.0709583416108186 0.247135481338404
-0.00823388370847988 0.630476254694382 0.05697949477793 0.172084111142474
-0.0415247185682668 0.594862325699512 -0.011210653660227 0.120407287353977
-0.159568901589093 0.576403423383263 -0.0838680343979568 0.0326585661084829
-0.346869787786558 0.471080051018412 -0.12591204979909 -0.0986416932841434
-0.402803202282868 0.213350705912543 0.0483435636185096 -0.253230844540578
-0.357519649562248 0.113517740688615 0.357607064638182 -0.15835234047743
-0.529016753886935 0.0594775790395009 0.45460267549721 0.0739973802480227
-0.609728016297606 -0.124803933839775 0.413993840539287 0.0895186281945108
-0.41588737640592 -0.204433078109424 0.16974016541759 0.244070534939879
-0.394347069804903 -0.064592781627268 0.0365208767977101 -0.0642213777068973
-0.365706529805645 -0.0484963961165074 -0.246225542997327 0.0223571283872191
-0.439636162022055 0.121575316648236 -0.281726301023263 0.211019705341831
-0.355121680112088 0.366128093279661 -0.19196952764679 0.422219099163015
-0.159499936942988 0.483877061107985 -0.00213782435023017 0.501676955848502
-0.0326687143726857 0.507928176270989 0.0560353380288344 0.461341223191466
-0.018802894322678 0.516471912530822 0.0507666930859771 0.384479816582082
-0.0758432794390102 0.463256104694529 -0.0376484833862533 0.308104157341891
-0.182848563469831 0.39782326683188 -0.137762769647833 0.150165739130383
-0.289526013167581 0.255434321827045 -0.174126017774269 -0.0662431184932922
-0.242779005615974 0.0628150908286107 0.0799323384883674 -0.259878366586508
-0.173534530775786 0.090273790948052 0.429477479761004 -0.0709132146780138
-0.393418946180213 0.0914708195195973 0.474878873803413 0.202990793508367
-0.502073227687764 -0.084231013920968 0.509785306131895 0.1832327640803
-0.24846420680414 -0.0930743104139619 0.281175005249858 0.304948101174966
-0.211286656654656 -0.0191419224063646 0.14544033438186 0.0250798066913235
-0.200967486333157 -0.0317942004135679 -0.116341053558056 0.0184362694032207
-0.266238767957422 0.0742716326709755 -0.284734746461711 0.170443813949125
-0.198816934475595 0.233328149263333 -0.236850886805688 0.486110881588635
-0.0799415842875994 0.305659285886645 -0.0235298989582945 0.63265215907489
-0.019144137149638 0.325790495953203 0.0597503296129577 0.616591712598094
-0.0265974628133211 0.321685054173969 0.0419960788706879 0.538993263661339
-0.0811459692478527 0.272361395172016 -0.0817887379515183 0.432675387986278
-0.145465279628341 0.191324283956168 -0.19727222440689 0.19254460724603
-0.170255290337043 0.0675421608799499 -0.184472102556987 -0.0918375551847596
-0.0768506676392639 -0.0215618948984765 0.14396904366081 -0.24406867840847
-0.0311499609430921 0.0802322977725274 0.439452063635505 0.0517768135465124
-0.237976293475903 0.0990905972832336 0.40495232879988 0.31446740166469
-0.326117767270935 -0.0363714739426521 0.549399632533637 0.254940138169059
0.0683501459201926 -0.0139452783547245 -0.559369695932131 -0.233613122066946
0.016396810210401 -0.0635329905411595 -0.297629822988776 -0.304525571875321
-0.0516512220107131 -0.0217841167190407 -0.457331288965785 -0.164619794049954
-0.0199594331593879 0.0376745629338047 -0.25941259553268 0.269577981454232
0.0243426848151486 0.0255004111131625 0.183060288175391 0.191124651831178
0.0458380795269464 -0.00597663381460525 0.292559975931467 -0.192531828137152
0.045525918380336 -0.0529869328841349 0.131752005307589 -0.478380613739838
0.0227064335484787 -0.0772103284638314 -0.0483448282704815 -0.621653721562772
0.010714464359967 -0.0920869866921828 -0.129360238407056 -0.678581619435508
0.031752729561505 -0.0808222013780985 -0.0553625345015559 -0.680852337286399
0.0795061879538994 -0.0440845767852193 0.122966837611315 -0.558809038733975
0.0845099662339484 0.0306773117916512 0.222747377184595 -0.244987834696341
-0.0195137487594079 0.0523288163491877 0.066686171914796 -0.069195277216411
-0.0115412781964983 -0.0196959249104017 -0.128320122902713 -0.0973900255786814
0.032837869428326 -0.0254094636786853 -0.291965259777959 -0.292032910451963
-0.156012546607802 -0.110309282659172 -0.545495026813339 -0.212223930216254
-0.175631501843932 -0.0531883046750477 -0.242761857238186 -0.327457222159428
-0.147212527413685 0.0189851423442471 -0.442056817754842 -0.218924811475573
-0.0880056237103382 0.0682565279685073 -0.2980007941866 0.235728454837616
-0.0748911484634023 0.101407994020153 0.146661637591425 0.229689715796218
-0.0342950225231114 0.140752935484347 0.309227477474342 -0.139202556061558
0.0193143111980609 0.152148248534608 0.157610552056578 -0.445808322035743
0.041892043859184 0.177689607230714 -0.0303130885318369 -0.60030647308678
0.0404001956481766 0.175498977965366 -0.133897178903428 -0.646436948285091
0.0259593448619503 0.204124473561484 -0.0936000846694644 -0.648266553808533
-0.0357961235154775 0.228928057115894 0.0663900612672637 -0.546574907906442
-0.128295415206904 0.198773154095218 0.183674923058235 -0.257992517949288
-0.253960493164024 0.10419628470037 0.0634803165965564 -0.0908707412520554
-0.275210618285228 -0.0344059968852101 -0.0988763755148938 -0.109192096498249
-0.220798109657723 -0.0977226682381637 -0.227749656942734 -0.278749158647226
-0.363501358352311 -0.20833553447285 -0.462209609906191 -0.159575579888764
-0.369337404461912 -0.0542466239454629 -0.21047236877843 -0.358937054946243
-0.259790867603225 0.0423693646611952 -0.477238717065156 -0.222613794810787
-0.181052040270073 0.0940342614624112 -0.314025590773081 0.246075545421251
-0.187302498392525 0.178943061220307 0.12401301773788 0.255308748004316
-0.119966054079792 0.283755921898962 0.294881471415667 -0.0772028172283762
-0.0147489292978517 0.343536975902642 0.156362090096041 -0.351684377272421
0.0551141702412046 0.406679660246799 -0.00464964519081089 -0.487200667714663
0.0681661870236969 0.410213065504905 -0.110446194734307 -0.524698156652999
0.0295320857551545 0.455435745598315 -0.104124324391476 -0.529805476476462
-0.122271259183742 0.477203058299428 0.00897338379758614 -0.470353624341306
-0.299485078961652 0.359826091425228 0.132937162150515 -0.262393729792819
-0.437038106587203 0.170575130545234 0.0941550199079049 -0.130639763593296
-0.49127192135718 -0.0135631668526429 0.00801458222569887 -0.109665198139594
-0.439418483153585 -0.133976112967124 -0.0948479027391715 -0.221523695525951
-0.509208924833067 -0.274811162579963 -0.319444923838997 -0.0786217896573424
-0.508714115358878 -0.0615969159375003 -0.190506087221609 -0.370829683968867
-0.369902398889826 0.0331919841697144 -0.522816279281357 -0.168796499961705
-0.313564848351248 0.111618824376099 -0.313026346336791 0.285383081287604
-0.316331480496262 0.273719763684307 0.0913073020422381 0.27945054413111
-0.191945475603125 0.425244640887822 0.246120927345761 0.0114986449477171
-0.0364963746268552 0.501176002219414 0.135267348167735 -0.195918819850964
0.0554360719964281 0.572057578091351 0.0257746109166966 -0.299096364946569
0.0748372429171576 0.573327683010814 -0.0640688533247073 -0.332922757283932
0.00960164213314134 0.624437090846098 -0.0860979364425274 -0.351537246037886
-0.20338169661473 0.632344168487324 -0.0353327264184244 -0.340337502567207
-0.41382693129087 0.440341092824516 0.0822526243540739 -0.255635457114324
-0.527293915351368 0.207780840837771 0.157717472598485 -0.178265140958522
-0.612309692108334 0.0228400010434429 0.170932206027047 -0.0974481083691459
-0.586302060838741 -0.139650384290813 0.0837873826685555 -0.136277437244854
-0.568960663841682 -0.292595485333748 -0.146004985312091 0.0232094333637777
-0.561098210670827 -0.0668390272601755 -0.157539910528332 -0.316732669832228
-0.446318786326186 0.00135709460469546 -0.506461990219928 -0.0751403492369777
-0.445877718200003 0.129468219756467 -0.294446703737826 0.302357636003906
-0.41448369569865 0.3697589472155 0.0203362392723504 0.310950423387099
-0.223798456319792 0.536031698031395 0.167391816311562 0.145733541963656
-0.0385332843316217 0.595374435845211 0.108233575306331 0.0101405731073392
0.0506376045741537 0.651086508006185 0.0511742908134921 -0.0691935830810661
0.0456810892041103 0.638685732513238 -0.0217241548528667 -0.105233943458812
-0.0491695819673606 0.66918727903464 -0.0687721748608141 -0.14684976692604
-0.278780757173099 0.636866252816209 -0.0805692549225923 -0.195421268744097
-0.45086611158143 0.390041836149007 0.0433129837364733 -0.248490142268155
-0.491530667324713 0.187021755519802 0.249002010082176 -0.206267393738669
-0.612184105328326 0.0628147972162508 0.340711445494367 -0.0515569111823165
-0.643177264109056 -0.122883269330645 0.266693180347766 -0.0356806733054979
-0.535873719225877 -0.258957939713165 0.0266835623330729 0.134843181868509
-0.516962078222297 -0.0626848393758709 -0.0836755453359616 -0.197121979886862
-0.451966608968675 -0.0249231318539146 -0.395567880247598 0.00942414937375574
-0.501524983730288 0.149106830129871 -0.273258462752603 0.276160022236476
-0.42598313964091 0.423285868108574 -0.0784342517772862 0.364212139976123
-0.196834752667371 0.568457278023314 0.0849568345448557 0.320626593317091
-0.0203824860552684 0.602185635271815 0.0879996748648181 0.241445100720313
0.0326366399196543 0.629608292283955 0.0673098326140261 0.168436234131176
-0.00299879742634595 0.597167266531968 -0.00415903857305549 0.12113108358395
-0.121805370349065 0.585607989199471 -0.0816360985403165 0.0375875764364966
-0.31424078836814 0.490771336740341 -0.132455797329719 -0.0879502370488912
-0.386214246846463 0.23638571133705 0.0329561307280109 -0.251780593753785
-0.346493061961804 0.133275918244003 0.34962854138582 -0.184577753436198
-0.518549775965289 0.0960200623853978 0.45859723635668 0.0444860789648769
-0.610788481393059 -0.0926245989709555 0.416731171495953 0.0672744935526035
-0.425199545159304 -0.180086536113904 0.181197410525924 0.233097312005499
-0.394268883656255 -0.0410585458108635 0.0337142798853646 -0.0671474228073416
-0.368855077644636 -0.0281840501494045 -0.242598884467277 0.0409171780074296
-0.432949722306251 0.145228896762554 -0.269611614274264 0.225324539120207
-0.331704719537191 0.385691125998363 -0.16592691767749 0.435804008399143
-0.128880248309015 0.490241169052189 0.0317225253793964 0.497681892717211
-0.000936582903391707 0.510734313111262 0.0853326532602811 0.455907259375154
0.0148485844886113 0.51494375806624 0.0739290274902447 0.382187014181214
-0.0459984444853979 0.466870486035947 -0.0183266365152087 0.310201838984441
-0.15743526827288 0.406906081565039 -0.128899709869411 0.158133666557624
-0.269260653424724 0.272162422588705 -0.179814999244254 -0.05446915512701
-0.236379174433431 0.0771203007374613 0.0635638290217528 -0.261036043707574
-0.163897506856392 0.100674134447912 0.426035339338129 -0.0989982580155963
-0.382626951216531 0.120148192242015 0.481871517571225 0.171535891697155
-0.502745724483321 -0.0574503808280775 0.514997480315078 0.155100285663915
-0.252106120965157 -0.0784863291630762 0.295048183418862 0.29054792921419
-0.209697316300801 -0.00685001608164106 0.145591136372503 0.0176035903920186
-0.203690190395653 -0.0219642397380005 -0.113630091920474 0.0275692092700232
-0.262718806939056 0.0899753051137625 -0.276020018184825 0.186898641606398
-0.184457952947076 0.245023576530452 -0.206659423827242 0.501008870757444
-0.0612053543292579 0.308546837260062 0.0168945467101459 0.628891307872116
0.00205488962784103 0.326667648800777 0.0980114362721237 0.611113817100103
-0.00571475138399068 0.321610780109796 0.07709880472508 0.536070233238838
-0.0630752897579811 0.276331261874203 -0.054483965728147 0.4366722304778
-0.13297117006724 0.198562277352595 -0.186836404311562 0.203020717053071
-0.162878516972668 0.0769671690468891 -0.19013860492783 -0.0804272617602278
-0.0761580953500662 -0.0166281671081628 0.128765325511991 -0.25037773121553
-0.0242148012371676 0.0823496688349574 0.443745429573357 0.0229685649724417
-0.228624601393922 0.115754022848362 0.421246436549137 0.285924909015089
-0.32493971815558 -0.0189154909336863 0.557864406006699 0.222824900617455
0.0663072304854718 -0.018383648179804 -0.551053436274594 -0.192980780655465
0.0118239190478669 -0.0627053887550031 -0.301319922414 -0.281222562190498
-0.0513891912472367 -0.017009924599991 -0.453012936069042 -0.132417618844786
-0.0169356124163252 0.0381634607799739 -0.23466453013091 0.276830089895615
0.0246263836202649 0.0237599778383812 0.188776486165339 0.176289493490688
0.0433743228933291 -0.00854967525689153 0.27105444259099 -0.203258190663225
0.0401123775967942 -0.0544010863186801 0.0990273808320978 -0.469114352038979
0.0171240688771703 -0.0752633198570306 -0.0868622565298246 -0.599573029880235
0.00357242273508215 -0.088231491864767 -0.168868887339285 -0.647246310120902
0.0253414025714347 -0.0792455466908683 -0.0986490532283578 -0.653718685057051
0.075025562175566 -0.0483549257040663 0.0833639363838519 -0.549157636299036
0.0845505755254058 0.023299669922305 0.201641182351337 -0.251414775055585
-0.0160989217797721 0.0537806292174966 0.0586489553706658 -0.0709762744214546
-0.0129420732046287 -0.0198718349902527 -0.128348514840124 -0.0868599971187105
0.0299732571545584 -0.0267409936577188 -0.292458991133553 -0.2695341503772
-0.157387863783093 -0.0977995129786599 -0.538218406773336 -0.173407810542573
-0.173009391205005 -0.0396963046341154 -0.248305009086312 -0.304778201254522
-0.14134058352521 0.0294482491008184 -0.440848059331866 -0.1835228916238
-0.079953458712063 0.0710418119167501 -0.273743388025432 0.245140529444505
-0.0650313692079091 0.103206594091306 0.156108659113545 0.216245464331711
-0.0242925008909045 0.137516303661151 0.291645300738516 -0.152889751860263
0.0274687297844841 0.145034754504335 0.126177177626307 -0.443276426075045
0.0519346167000497 0.170234407690545 -0.0673978698439396 -0.581706309552424
0.049775047125605 0.16926750733446 -0.171234426124836 -0.616142199460214
0.0373942408628171 0.197403129990308 -0.13274413510187 -0.619837036156358
-0.0186228050024024 0.224149980772737 0.0290891999865833 -0.533658325143484
-0.111349717677247 0.200559908529949 0.163268561477375 -0.261386710118477
-0.239519364805973 0.117838406540866 0.0545042994139905 -0.0926190056741009
-0.267483829125191 -0.0168570012398067 -0.0999708237829209 -0.100668360431712
-0.218618800308644 -0.0834123843511583 -0.229089472990106 -0.258836899414335
-0.36504329543086 -0.17978040548297 -0.455251034661566 -0.128464899463104
-0.358818510731689 -0.0291473905069747 -0.21849216404465 -0.339461936111616
-0.248590567090819 0.0597615805537208 -0.473163324089644 -0.185307484560088
-0.16765622872301 0.102110965146608 -0.288786682472994 0.256348507605205
-0.168414521384578 0.18409163332774 0.136453092198666 0.242822920349246
-0.0978001109451122 0.280139868039064 0.282764296366241 -0.0922169725480008
0.00719706724981362 0.332828161296235 0.131585487775937 -0.351292621839087
0.0790995613033444 0.390154626218781 -0.0364594652340605 -0.472954400079687
0.0929590256375197 0.396208816632848 -0.141119487165433 -0.500162150462583
0.0577435184359699 0.441184028835919 -0.132257223216931 -0.505165909200163
-0.0855486926164706 0.471187789257326 -0.0219088008489116 -0.454648932661929
-0.266833093112134 0.366676134361935 0.114354498547037 -0.261901254445477
-0.412249771310999 0.193139569697976 0.0822526445393262 -0.134958379999728
-0.474306402740163 0.0174416504397717 0.0050022996277306 -0.108271809518168
-0.431696954954433 -0.108026519513291 -0.0974604755912547 -0.211660046717132
-0.508783640175975 -0.236213508856827 -0.311907177795069 -0.0602418695801945
-0.49441987198786 -0.0245177573843773 -0.201050806098722 -0.353520577947875
-0.356499947726892 0.0587656085214412 -0.514688218494922 -0.129952615318979
-0.294424781545925 0.127327145100247 -0.286837968661848 0.291857983546507
-0.287243511980243 0.283473448638201 0.107090620668625 0.268023041165349
-0.158220504300355 0.421743385975303 0.242036295475278 -0.00482373298548419
-0.00424377123832836 0.486958045932046 0.120596045074303 -0.200343965016625
0.0933229583637653 0.550513271775589 0.00519060036625366 -0.291952647723187
0.107853812290906 0.55226064098628 -0.0840935680558668 -0.317982047797423
0.0484474137286786 0.604452723825153 -0.104925219259684 -0.334413110526147
-0.154311073456886 0.624453493239335 -0.057406724043908 -0.325333657608304
-0.371921902223965 0.452876502028134 0.0658378974724959 -0.250896250923866
-0.497306094774524 0.233547662265927 0.141714816503709 -0.186055832640979
-0.586539419631007 0.0610853197552621 0.162328735048445 -0.107393996981947
-0.573243428349383 -0.106596678250828 0.0780971833672374 -0.138915604902629
-0.568770142795396 -0.249791499819285 -0.139432461777681 0.028193359745443
-0.544609475003134 -0.0286959939971317 -0.167739601617081 -0.303364640105273
-0.431928776762386 0.029586036462873 -0.493096371183523 -0.0388986726276131
-0.423815125152702 0.151811852698138 -0.268223688242956 0.309838350682154
-0.377790387001773 0.382182033831499 0.041268927679715 0.303888368663723
-0.182444298970915 0.530765116562664 0.175323019331385 0.128348579259379
0.00131378438346184 0.579188475444188 0.106932049887234 0.00162484723110924
0.0907926070474573 0.628152573826913 0.0450388364748673 -0.0702659098148758
0.0860077345392725 0.617841275549193 -0.0281623023107916 -0.0999649869945065
-0.00669775791519906 0.652486644243427 -0.0752649880527534 -0.136868913542878
-0.225080359351047 0.634761847503054 -0.0915706782009268 -0.181286778884633
-0.410242968401688 0.405706465080981 0.0279504937010859 -0.240512179413696
-0.462232609169712 0.210054856179135 0.228728009406861 -0.219845795712066
-0.584320614156681 0.0985496614999643 0.328850873218093 -0.073148580443106
-0.627053216636994 -0.083978933269501 0.259523850123433 -0.0496983332404845
-0.534630403575847 -0.219450642945912 0.0334474791991782 0.127456784266375
-0.501523641944006 -0.0288572210283629 -0.0902041933828657 -0.18902878755927
-0.439261359933048 0.00317623348645357 -0.381278559873248 0.0368909317760258
-0.476753119425053 0.17422165564095 -0.249972804122403 0.282763501907073
-0.386123234765557 0.435139394208432 -0.05227456053339 0.360782436927799
-0.15516543991132 0.560274461204338 0.105697166534485 0.301936022299448
0.0198370717634836 0.58517513359171 0.102082589256482 0.226174469345431
0.0742203214910513 0.608443951430946 0.0757196429658421 0.160384098216667
0.0351196301646976 0.579505290659816 0.00295644712912111 0.118159234844449
-0.0822611578890757 0.573115528744722 -0.076691688088673 0.0414461587078217
-0.268961556856166 0.492993425915169 -0.135902082151789 -0.0750190009601019
-0.357061381248405 0.252401512049789 0.0167286056419205 -0.242833956132805
-0.322321144404044 0.150786009649133 0.328955476620931 -0.204389682464909
-0.491766182745473 0.126928111686195 0.44770446886461 0.0132032692875935
-0.596583693572488 -0.058882615668789 0.408620452909426 0.041558569506289
-0.421623970353089 -0.149660205828091 0.18717978114435 0.215940576532195
-0.381060570147144 -0.0144746633332006 0.0293587782032093 -0.068434472020483
-0.359888148100941 -0.00647476045916828 -0.230490389057623 0.0574048113688683
-0.412612296281671 0.167256019761071 -0.249069614268204 0.234018896452219
-0.298115942396925 0.394482511228382 -0.133140415148861 0.434806019701277
-0.093572552799589 0.481602477255398 0.0646263071935557 0.477860926776594
0.0325020715421396 0.495024071627647 0.112768169586674 0.434137240117989
0.0484299135612202 0.497971205398443 0.0974078016758999 0.366507417256275
-0.015144298104358 0.45515322456536 0.00210300062996837 0.303148925108172
-0.126835915208793 0.402354852154406 -0.116176025875274 0.160236436032991
-0.239637417342885 0.278844003942599 -0.178522391894739 -0.0408391000371378
-0.221753288694382 0.0889360094357288 0.0467136593275561 -0.254605035651497
-0.149109923611193 0.107369485740521 0.408338769519432 -0.125767282093876
-0.359584219370089 0.14218081904915 0.476201816643099 0.135474658580127
-0.488008118620925 -0.0305178087593747 0.5057341530207 0.122395370162171
-0.247580066939194 -0.0619145513868208 0.299491796503479 0.266777379177536
-0.201755421888659 0.00570858301981028 0.141971625512236 0.00875496965710798
-0.199810368147578 -0.0111508109872326 -0.107201750534337 0.0351979783805419
-0.250278597105989 0.103539826919062 -0.258473835913967 0.19762514138509
-0.164569957408424 0.248686135469459 -0.170273740343555 0.499717113291482
-0.0399219524678958 0.30116158748865 0.0562422034404519 0.604251453500618
0.0241983470237821 0.317766586741054 0.135416000292937 0.586033442999886
0.0157608040756928 0.311539893422288 0.108946959769885 0.51761369912042
-0.0443947962952483 0.270320592769773 -0.0233427773181518 0.427821193129298
-0.115824030616674 0.199004816376666 -0.16973804666044 0.207424847657425
-0.150668763413847 0.0835520959804139 -0.189536300672463 -0.0659404470214492
-0.0732581606338396 -0.0117871081281254 0.110046819540933 -0.248845275713484
-0.0167376970571802 0.0816973764939803 0.432536183485431 -0.00693608465481948
-0.212274788254792 0.127697587085457 0.419507925158646 0.251811243669217
-0.316046560626875 -0.00146549317195338 0.549171301166116 0.185128259662865
0.0565324017158068 -0.0267016455982494 -0.548555435271729 -0.108700245618053
0.000984152676416085 -0.0613457122351657 -0.317684956647099 -0.225728678185607
-0.0524033109264025 -0.0073383821311294 -0.443992692750295 -0.0653265414122773
-0.0119319026887809 0.0383606670660871 -0.179036170504083 0.29480373936643
0.0248075049797891 0.0211921596144534 0.202292092409607 0.141913293639041
0.0385645271021202 -0.0138740963025151 0.230035206595496 -0.227040869104801
0.028919329931796 -0.05856804045883 0.0337161139453014 -0.463224141614736
0.00572645752365712 -0.0724502079474074 -0.161119006582447 -0.551812911252055
-0.00915823162458937 -0.0794644064525229 -0.24411311111679 -0.586684056578213
0.0129238004168327 -0.0722179027094627 -0.18143454420237 -0.603527020645718
0.0606646945734788 -0.051643970402776 0.0083956248117534 -0.531842004398692
0.0785503829843053 0.0109708062793515 0.161494106611641 -0.266802511031053
-0.00813082795290786 0.0537036833925157 0.0460150958235065 -0.0719372675462825
-0.0151991616662498 -0.0157962025820898 -0.130486986294437 -0.0664132387570909
0.0207748860460348 -0.0256187370286848 -0.305996214151287 -0.223922919886509
-0.170049450478553 -0.0715515300144881 -0.511877321345212 -0.0902765078463211
-0.168783505177577 -0.0163702283375118 -0.264435549223859 -0.258184926308941
-0.130130394761866 0.0482659110919361 -0.434099970364627 -0.118052172674263
-0.0662081906340003 0.0761262512855794 -0.217666995091338 0.269102209715108
-0.0483574410064911 0.104465981352498 0.182058974194799 0.183113034710491
-0.00679775934978272 0.130630533391967 0.261546076426139 -0.183365794780886
0.0411857574597258 0.129586148895044 0.0686039135205542 -0.440992311650566
0.0710661873249614 0.153418803810368 -0.139603660023456 -0.536426939082935
0.0683936508002387 0.156434569376381 -0.236842715873378 -0.554696056856715
0.0597646169727202 0.183340724019751 -0.203925225819286 -0.562635973308507
0.0106109331701749 0.214994995688575 -0.0352658044299336 -0.504470134229615
-0.0822066232936846 0.200104548092196 0.127525097709303 -0.264078111725998
-0.206978037373553 0.14354892715306 0.036516296513185 -0.0859258610876806
-0.248120134144137 0.0190243752884375 -0.115409846466007 -0.0756916969828786
-0.214335600593769 -0.0461668571465614 -0.251423410387661 -0.22506288754506
-0.382104961328907 -0.122163334305264 -0.409583164531047 -0.0560506585795976
-0.341818468567532 0.0176126072518589 -0.23608037592213 -0.294884975490674
-0.227337434392787 0.0918804270724624 -0.459819459667825 -0.113432828026186
-0.143732192222956 0.113954164959476 -0.228437774288783 0.282261921475441
-0.134004482014345 0.192396816522706 0.173510506131871 0.210131059266983
-0.0580012782389915 0.27237067442222 0.267619392097352 -0.127688531998447
0.0451092760472677 0.307129859917459 0.0912857462458999 -0.353424479783625
0.125935805257152 0.357252450274474 -0.0947554130024024 -0.436734972052919
0.139224666924279 0.362953205211145 -0.190836868986576 -0.448684241211888
0.109966160459097 0.406304377533441 -0.184549749578715 -0.450525490750608
-0.0171980668153802 0.45391330778727 -0.0662974741823331 -0.420504711965417
-0.20569494755897 0.374631281811123 0.0842346891250888 -0.250517615883127
-0.359170460255616 0.236906265189083 0.0555731239130596 -0.123615323227434
-0.433096969405429 0.0756868472550875 -0.0259707361308552 -0.0909356520465014
-0.411808677131533 -0.0425429581640971 -0.128199901862807 -0.196986861027722
-0.528788392907429 -0.155947566838785 -0.253341037659445 -0.00796043134356008
-0.469144392023271 0.0348669002879087 -0.215857029165911 -0.310628732525029
-0.328351733967697 0.103298624000805 -0.486225377366381 -0.0569917909246366
-0.262027104732678 0.151809658517548 -0.217313074021835 0.320079281222199
-0.234093465677527 0.299102079133808 0.156183254675238 0.237385073873821
-0.0966060906291369 0.410703033443592 0.246219541598171 -0.0428855128381051
0.0531093002238757 0.453880159838233 0.105321801199153 -0.205647386764522
0.159548024420159 0.504973694731815 -0.0315373255039903 -0.272402330937923
0.174589555182392 0.5089610816492 -0.111423972026609 -0.282582737329217
0.122643149338061 0.55896630545479 -0.131740954698437 -0.290661720553895
-0.0593864887725755 0.604530949995162 -0.0798284452997974 -0.289022192520145
-0.291643289052734 0.467178521530868 0.0397162329499242 -0.229722777971094
-0.430188014582924 0.285201035962906 0.10447876289594 -0.17840158106912
-0.529911322301873 0.12977520367604 0.119192936875104 -0.107102436734266
-0.540211109051339 -0.0247865125007499 0.0438289963876496 -0.149020690640374
-0.584946347483474 -0.162945021556838 -0.0759383429750986 0.0533712822990018
-0.51558372726158 0.0376576912699086 -0.17835266973236 -0.269271425179786
-0.403601497572957 0.0860600719569722 -0.451804035425211 0.0304011440402119
-0.380359643383265 0.191469273739305 -0.191807114477222 0.335279130395149
-0.309696535849505 0.402552082303262 0.105188499764994 0.278592301049668
-0.107402682946071 0.516865352867802 0.204062182526695 0.0884963785332193
0.0699409707049589 0.540440933419276 0.12139393318365 -0.0120139453946217
0.166846119117413 0.577819344324875 0.0362401594021394 -0.0685675746162239
0.161462878679965 0.570522293818677 -0.0305180886143987 -0.0822504029684866
0.0788289905351068 0.607861586364063 -0.0777627568467877 -0.107438496349533
-0.123708202958986 0.622121745856699 -0.0938354014378494 -0.147764662025215
-0.334486807969032 0.427950305193128 0.00242478105819163 -0.21412382869874
-0.400747327382347 0.25834251362503 0.18364521548849 -0.224906125977462
-0.522658540823715 0.16299873011951 0.28023856372418 -0.0960272868006129
-0.588496108869748 -0.00202022139094212 0.224815697493276 -0.0854895524256173
-0.545046943495944 -0.138429216287273 0.0960710196117391 0.124310195836719
-0.474048485573376 0.031630995348309 -0.0930898171100877 -0.171463133514789
-0.415913173153547 0.06020230067275 -0.334234128020011 0.088993895758883
-0.429073311611672 0.217466494334559 -0.176855544728258 0.307868192850062
-0.311791144881069 0.453210566271694 0.0247096110627557 0.344284814913909
-0.0791290920942126 0.543562387531218 0.161080840055326 0.259913389214299
0.0896219884070008 0.546370521851458 0.145446933088698 0.203760555171669
0.148863535720265 0.560454735092912 0.0961276184499917 0.143682717328132
0.109297407110088 0.540802937515775 0.025944341082073 0.119479953670995
-0.00186481729375944 0.541867261520574 -0.0581987409557918 0.0604779443783451
-0.182451231685311 0.495077531713327 -0.127024952801491 -0.0413824326690358
-0.301499871339903 0.278089383823043 -0.011624160897679 -0.219155798715538
-0.278732170933481 0.182471155810654 0.281645650031994 -0.228978009651653
-0.432901350711582 0.174095413003977 0.405044740387003 -0.0306054270927703
-0.553709991470639 0.0174334932661798 0.376813294116169 -0.0150367280420498
-0.424714611819596 -0.0876968084614193 0.240612178440819 0.186350823615616
-0.359580856391766 0.0286867964569599 0.0308804727205822 -0.0707543206214167
-0.342026786988101 0.0396961693030881 -0.192469796810928 0.0883477940608583
-0.3704445807904 0.204885233059485 -0.186602391820891 0.261327246973788
-0.23518375848611 0.405526516530518 -0.0461062778104009 0.424508762372296
-0.0301933060023977 0.462823932428051 0.140138278750451 0.432556623857532
0.0934023210762864 0.460608283193216 0.181644516778813 0.401038567086631
0.110677599162763 0.460287021546767 0.14241832330371 0.335166812563965
0.0453969277222433 0.428028158617496 0.0471516593588114 0.292168896987135
-0.0652125713434748 0.388466226059043 -0.0847278357295965 0.176091385415342
-0.183392857038719 0.289528254533698 -0.167805209639926 -0.00637862711691727
-0.19426765654712 0.109654322550275 0.0124138079941036 -0.239262465083334
-0.123084981338995 0.117119821943564 0.371268575486609 -0.169428283733233
-0.308387097208118 0.170291058708346 0.453171172439838 0.079716934454793
-0.450711868293656 0.0283300143509605 0.480993786655523 0.0515836403486931
-0.243679513778055 -0.0259405637562431 0.336749307048438 0.217589663725157
-0.187848518093517 0.0275649436314332 0.140698229507566 -0.0105023142353061
-0.191430519590899 0.0151761194355454 -0.0864825900582205 0.0489176216147702
-0.225548529598454 0.126640804923983 -0.206959885956906 0.226183843919097
-0.128065558528051 0.253014936383314 -0.0798927976151348 0.492850989604433
-0.000837057649813603 0.288060364521198 0.142251424640523 0.557756244925646
0.0637064544532556 0.296651417860258 0.214764629248114 0.543077545094261
0.0546914046752994 0.289472919251016 0.172662673050348 0.471875311674673
-0.00506433690696455 0.257330473459715 0.03621488299902 0.409672486117851
-0.0805524681425481 0.197240077350303 -0.132304265688038 0.222888595814301
-0.126411406255311 0.0974998132646091 -0.185774018728718 -0.034268604790502
-0.0700507571214839 -0.000882318011960866 0.0722547947886224 -0.246652471860941
-0.00380326815149747 0.0750541385332388 0.411277364296633 -0.0622286363119741
-0.176015798946148 0.138993222468718 0.419741686036224 0.191615514867044
-0.288579548476988 0.0329213369258846 0.532083003196685 0.10775641561406
0.0531606067426286 -0.0254000571973494 -0.515936887719233 -0.103830262683827
0.000699650313543069 -0.0583492886421546 -0.298700047113942 -0.216627699729015
-0.0487505983095636 -0.00663456678474741 -0.422403943134048 -0.0620468497504647
-0.0116365853365157 0.0361094861315448 -0.170324569538473 0.279656142582801
0.0229413553459906 0.021011274174066 0.192653800402665 0.136806479012912
0.0357545462777476 -0.0131093899741029 0.219290067897256 -0.215402218104309
0.0266537106244051 -0.0560746200889993 0.0318813577716299 -0.442958587964049
0.00582906313326807 -0.0690405082199574 -0.155774891296728 -0.526438249095595
-0.00833926304083199 -0.0738961279248338 -0.233129823177287 -0.558685493802013
0.0128297047054173 -0.0678119171428216 -0.175325525482355 -0.572122700293262
0.0579758564244058 -0.0494562583193131 0.00486944695123436 -0.504672384598858
0.0751342777742847 0.00972030705042117 0.15405560275426 -0.254758894947957
-0.00718320297352141 0.0527051928910337 0.0433865026385323 -0.067804319583566
-0.016260961176235 -0.0158407312595048 -0.121811784878592 -0.0649538053799079
0.0202556185162251 -0.0245103368454255 -0.285942459247925 -0.219491716851912
-0.162343126047274 -0.0686551426851512 -0.484317437194842 -0.0874942783341581
-0.15929828444162 -0.0147611884647245 -0.249074134171737 -0.247478203681044
-0.12183729986215 0.0469194580825973 -0.412208103501338 -0.111756302759344
-0.0619896861375463 0.0717931460995134 -0.208254636420527 0.254461508080351
-0.044971830568847 0.0989707069331421 0.173530955528822 0.175658762871053
-0.00635025004446145 0.12354083939291 0.249011304050856 -0.174212981517148
0.0381052985745932 0.122736948477662 0.0645043481493524 -0.420718968532973
0.0690116667373566 0.145398754885518 -0.135443841256332 -0.510358615522657
0.0668114821398995 0.15003501515418 -0.227776238392044 -0.527126097901574
0.0576531368499879 0.174935130117793 -0.195633399661005 -0.532602515623629
0.0123038410737121 0.20417451252357 -0.0361935457076184 -0.479927533098843
-0.0771544213825524 0.189817942883028 0.121880662663306 -0.25197157042562
-0.196741950859082 0.137370014295954 0.033842424500268 -0.0816253300811098
-0.236143543313253 0.0170590274997765 -0.107709848892697 -0.0740134417668595
-0.203503527778214 -0.0461361644192991 -0.234975755042687 -0.219940350398017
-0.362508666275767 -0.117246566480624 -0.387855285625244 -0.0561721972102492
-0.323508679688398 0.017271311531093 -0.220306226472559 -0.283407705595778
-0.21356079236579 0.0888815942312614 -0.436240560904241 -0.108433871198259
-0.134626588715475 0.107959929932985 -0.218566865258975 0.267268741232561
-0.125068461571529 0.181760703198056 0.1662213168358 0.201554333750025
-0.0537013596198142 0.257412812653585 0.255405773403379 -0.122878363576522
0.043489572325082 0.292430422484302 0.0853987600080433 -0.337329452779753
0.123177782920227 0.339255354178083 -0.0919784479769604 -0.415709448905666
0.135042242276455 0.347172385924286 -0.181408699640597 -0.424843722975612
0.10635885421951 0.387337618052439 -0.17735462460187 -0.426694106531899
-0.0128019832482426 0.431121016020209 -0.0659491739384669 -0.397064959899503
-0.194655845093472 0.356841687866387 0.0813926126698214 -0.238823030793814
-0.339487827222535 0.226055879762918 0.05105471183708 -0.119094997872677
-0.410448632735698 0.0726375526988692 -0.0217833556309546 -0.0896991142414308
-0.392515043504621 -0.0443435957128616 -0.1173513350712 -0.192722952491418
-0.502217019133214 -0.151114884968789 -0.241938494872478 -0.0109666939410653
-0.443759540278693 0.0352004947762229 -0.20373591631483 -0.302990150890373
-0.309441865781014 0.101021345295575 -0.462255653179335 -0.0536511810725775
-0.245506863035396 0.144528505074318 -0.207480376701068 0.303948405206857
-0.218845886453393 0.282611575059991 0.150854231261922 0.227351142861146
-0.090562166582172 0.390168222698916 0.236694765381338 -0.0435589323414928
0.0518399200296478 0.431834454036834 0.0988875604395627 -0.19807465291263
0.155781174089331 0.480158299747982 -0.0315011561553054 -0.258683331025761
0.169493917738664 0.484097969897278 -0.107354826978331 -0.266867308232615
0.119664388823035 0.532284415655865 -0.12523562477261 -0.275309909760491
-0.0511507814373149 0.574821231962699 -0.0775711215798739 -0.271657773114267
-0.276008664776858 0.445502990806513 0.0392926727014935 -0.217617041284861
-0.408666969147015 0.272167026283686 0.0975069999998152 -0.173002173138011
-0.502663550991769 0.123897081301916 0.115016190142922 -0.104698082149892
-0.515297471699642 -0.0303674387343801 0.0447869352843565 -0.145761210915369
-0.556514195142126 -0.15636228486841 -0.0735297733400512 0.0482455770518482
-0.488450323825981 0.0361533023758455 -0.171230261162423 -0.263348432584506
-0.381737160980183 0.0833758034336956 -0.429903064631062 0.0306589111910729
-0.359212521167788 0.181789377251165 -0.184200382631103 0.320131458435355
-0.291336448630962 0.382747460512106 0.10255238293576 0.26741059576828
-0.0999276806293469 0.490469499683782 0.196615492656087 0.0802542343853989
0.0702239864598342 0.513600896035576 0.115220924125748 -0.0138862078078798
0.163224862338431 0.548209286179002 0.0337359124694414 -0.0643937272946495
0.155967819969831 0.543953348318177 -0.02959399711504 -0.0778221503640958
0.074957276547541 0.579810879458695 -0.0746192857309328 -0.101248494081153
-0.113464119611798 0.589554384768369 -0.0905489406592969 -0.136263163092126
-0.313806570852703 0.407910582395071 0.00376939957383945 -0.202715078613945
-0.378229284439549 0.246057592784518 0.171941861977273 -0.219472876507166
-0.493314227995517 0.155418378578327 0.268538963603617 -0.093215930732289
-0.559410687945024 -0.00639662136635988 0.216342992721443 -0.0832820444334216
-0.519008370820375 -0.133608397338962 0.088876401214689 0.117403871159733
-0.449755232608794 0.0285207841786451 -0.0895474259379535 -0.168472290571711
-0.39315324153181 0.0587419505753197 -0.31767321116247 0.0855237216153951
-0.407410283383648 0.207753888943741 -0.170067331148255 0.294676403499379
-0.295622011091619 0.432522963458005 0.0267063458082311 0.330612001381434
-0.0739793594007644 0.515608245479653 0.155095639525012 0.242573828165142
0.0875377490638339 0.51943124382327 0.138907787441662 0.191107266501507
0.145219648138044 0.534177773846041 0.0924799781420755 0.138252524806209
0.105555543002825 0.515579985537902 0.0253766043751995 0.114667776924741
-2.29545549388687E-05 0.516979040248463 -0.0566691445689749 0.0585121779673788
-0.167935836991551 0.469567075314706 -0.121667218142314 -0.0357691802108942
-0.283702081651134 0.264457476687638 -0.0105746979201773 -0.207127574709229
-0.261330212150637 0.173129892020843 0.266877386260179 -0.223448552445858
-0.407794852963918 0.165689811990583 0.38625983430636 -0.0298321297798607
-0.527803923045407 0.0115283203891942 0.359175683842065 -0.0139646771109898
-0.403505402717439 -0.0853415946293203 0.227269059843547 0.178440527353998
-0.340002242780932 0.0260880808123475 0.0278036695235881 -0.0701835564995994
-0.325695562463046 0.0385924769307541 -0.182136298633762 0.0852409898161446
-0.35294953737316 0.197529725544289 -0.178800808925103 0.250261881385251
-0.22425488526833 0.386158530567141 -0.041152474500228 0.407310626786003
-0.0294898931522028 0.439453065382424 0.135130035284122 0.406352116585176
0.0902759790175572 0.438039775554201 0.172615731130584 0.378493355377695
0.108887992748959 0.43773333025277 0.139043362701169 0.318638755656958
0.0449172184186164 0.40864576045259 0.0454040160271468 0.279526625848239
-0.0611454662252146 0.368742413762379 -0.0811561937649209 0.167855854432678
-0.171257842789398 0.273977225157264 -0.160340672078154 -0.00421698399778487
-0.18220453506334 0.10337325865607 0.0121099956973765 -0.226891494028057
-0.113422335420623 0.111197211651749 0.352314951294428 -0.16550258304222
-0.290114060298244 0.162664587767481 0.428105953874143 0.0760247309797208
-0.430700014544852 0.0240527516224688 0.457690455217153 0.0510300863546502
-0.230001793419552 -0.0258507137524873 0.318180019126533 0.210042653356763
-0.177925234134515 0.0253068382119896 0.133602147831419 -0.0109384272386464
-0.182863490607308 0.0145218973506838 -0.0807307290542674 0.0462276608678354
-0.215040201993735 0.122175858994358 -0.198511780898896 0.216512285007825
-0.122347059907886 0.241455869508935 -0.0742821347114397 0.471675124266156
-0.000668958588718415 0.273351162032422 0.137926110842139 0.527167210735245
0.0631253887516866 0.282428878361525 0.208082730851725 0.51448306695626
0.054331657992836 0.274683053265748 0.168681531361181 0.450157748235782
-0.00420401868757068 0.244994153739695 0.0362463485327709 0.391260819805449
-0.0767198198205369 0.186330278803285 -0.12694392473954 0.212595413580052
-0.11816665289378 0.0915720894290976 -0.177296746079615 -0.0312082575174101
-0.0644750305086432 -0.00066738256208361 0.0699101269451988 -0.234090929206046
-0.00163265964919545 0.0721761641317529 0.391806295175948 -0.0614620775640698
-0.165836069004906 0.133435648773185 0.395907973162469 0.182814357142815
-0.275962028901784 0.0290207118062013 0.504077416087641 0.105102764770229
0.0511096329383946 -0.0234583829835539 -0.500102105408752 -0.115090715824079
0.00169826181668449 -0.0571324005059667 -0.284540405786791 -0.220955289103105
-0.0473158313584782 -0.00804231066981764 -0.412142730354802 -0.0704033828207305
-0.012402912998175 0.0345734959089571 -0.173804929473016 0.268240671722967
0.0215217253048378 0.0215407669139236 0.185149570183444 0.140419463831939
0.0345964291412801 -0.0106452633807141 0.220097305829516 -0.204293559297215
0.0264422766991707 -0.053870106966498 0.0421084832648115 -0.432113140129091
0.00684051040882939 -0.0673347762688103 -0.140700598817114 -0.519276868225144
-0.00574334236511486 -0.0712582753942625 -0.215555257131454 -0.548821959468502
0.0145005506156172 -0.0648668538286785 -0.161040933748569 -0.562783640132036
0.0588522049661358 -0.047737827832222 0.0143970855117265 -0.493318890033327
0.0736432771102693 0.0109074063564875 0.158112919903658 -0.245838762972029
-0.00814608520029766 0.0526012133922185 0.0435856401709551 -0.0636259056072624
-0.016242887378457 -0.0168822579533485 -0.115748889034331 -0.0676487549318855
0.0200293756226109 -0.0233067100068763 -0.270898451704809 -0.227394335303004
-0.157962385859833 -0.0709008705274675 -0.469684022950124 -0.0989186300251571
-0.154359810385417 -0.0175796734681387 -0.234316348742437 -0.250499568186718
-0.118545699217471 0.0436454101518331 -0.400017242908907 -0.119702055750905
-0.0606893836121414 0.0676828183361735 -0.209976974706345 0.242809768024046
-0.0450859245112783 0.0957027207299584 0.16560574144214 0.178110253316814
-0.00877402153435379 0.120384546211158 0.249565059449542 -0.164148405899559
0.0341584894887296 0.121228010931175 0.0723156042807526 -0.411058030654242
0.0652654514578167 0.144198383155553 -0.12229075470902 -0.504156868979803
0.0630423386519379 0.150284098052734 -0.213938010250274 -0.520723845007799
0.0542844614951747 0.173485327723019 -0.180719215366142 -0.526179609240621
0.00933593732052945 0.199128089226795 -0.0270663720022892 -0.469647177248158
-0.0791437948414479 0.184431064488883 0.126929933737702 -0.244212003665252
-0.195025290858177 0.130369944849693 0.033775894228286 -0.0782029125629551
-0.231183310172231 0.0103741374501483 -0.101006708248401 -0.0777101220136413
-0.19798890022847 -0.052206041676988 -0.220986460776902 -0.227178566268891
-0.352173967941838 -0.122768153192009 -0.378103918827747 -0.0662698191880281
-0.314447640834809 0.0106589899222614 -0.207524362333286 -0.287223268584867
-0.208137752757381 0.0834206600907592 -0.423280944272756 -0.116238942014571
-0.131518053611373 0.101762309530133 -0.221993092179219 0.255292100766749
-0.124892710714404 0.173198542717384 0.158083296398222 0.203066901070209
-0.0579898296167076 0.249103198796488 0.255027532459163 -0.11491491311036
0.0362644999344939 0.286226156608194 0.0906107078407339 -0.32959847192813
0.114286730252848 0.334517514543886 -0.0823678728128231 -0.409912083339053
0.125155902473403 0.345033885906298 -0.170056990078083 -0.420101415343216
0.0969766245034225 0.381656193400766 -0.163259133535908 -0.422391377160321
-0.0197025137832196 0.420025901674846 -0.0573279878479889 -0.388219023502528
-0.196601491066327 0.345751297706482 0.0858478457743667 -0.231687289955334
-0.336325131970304 0.212709374282087 0.0517705170480325 -0.116449639245268
-0.402678115263242 0.0606412313853796 -0.0172414812004959 -0.090999214036316
-0.382140147474414 -0.0574979013468742 -0.107675463410681 -0.196911663630265
-0.48795946092748 -0.160514480569872 -0.237178674588003 -0.019461906504486
-0.432026364691788 0.0241380817656564 -0.191785146297507 -0.305951637104795
-0.301704243989796 0.0930272055757313 -0.450059772763789 -0.0627103433766916
-0.241136648743696 0.135061869465967 -0.211429250520955 0.292869096269919
-0.219708223284053 0.270360045342361 0.14373237783197 0.228628698646688
-0.0965110840155534 0.376215660919145 0.234432427993485 -0.0397025567823124
0.0420324537256268 0.423717140288589 0.100511131723208 -0.193476519739404
0.144654603537672 0.472703062858605 -0.0262831222821941 -0.253499062230829
0.158080674615228 0.481133185137097 -0.10012390083439 -0.263359910114327
0.105598648520075 0.525573381146994 -0.117147225030883 -0.271208222410271
-0.0578764542110948 0.56125840525803 -0.0703391667573949 -0.264331719657417
-0.278978956369677 0.428809468192879 0.0453643977724695 -0.21190441278313
-0.403320715114166 0.255807757674896 0.0966199691668183 -0.169761664326494
-0.491684703637102 0.107929955042953 0.117383656002813 -0.10300625511333
-0.502891766597049 -0.0443319090672049 0.0493990224641745 -0.146021546483931
-0.539768361934011 -0.168623401998851 -0.0753180616572219 0.0429290630975038
-0.476418281560703 0.0253378521203674 -0.1617655876116 -0.267841395444505
-0.372614959656922 0.073783783923971 -0.420788760495665 0.0196377783232833
-0.353404677105881 0.168086856146842 -0.188588719341364 0.311141078524801
-0.29379012718063 0.366056814033245 0.0972058052402442 0.267064972510677
-0.108025031989249 0.47623301657215 0.192821874837502 0.0791171591841669
0.0577635748975512 0.505155149668782 0.111757187528425 -0.0128656104267599
0.151359914858567 0.540366061212444 0.035138483726149 -0.0615336450957018
0.142929664627035 0.536901057564664 -0.0271382446919196 -0.0757666809284369
0.0622894155806542 0.569722045916112 -0.0712470529495847 -0.099568750385739
-0.120153199947664 0.572676980737087 -0.0854593300905924 -0.131283713149352
-0.315639471394545 0.391660679663745 0.0104140064182072 -0.197244692023897
-0.372185608039703 0.229395971862354 0.170980153821793 -0.213542560484128
-0.483658268066673 0.140950843691918 0.266252331121611 -0.0874655003492898
-0.547162272567124 -0.0239472721001385 0.215537919297271 -0.0793450401802359
-0.502173622652681 -0.146211145129078 0.0815780272802426 0.115836987834059
-0.439213487760428 0.0182775587069483 -0.085636286563894 -0.172109887561224
-0.385362940477935 0.0481334907452268 -0.312824011575118 0.0778570214590497
-0.402256473660104 0.193655617104837 -0.173739772170174 0.286994602684821
-0.298821560202414 0.415502481777673 0.021440385136285 0.32574204837449
-0.0838442926944138 0.500988251446621 0.147637366745963 0.23702701981601
0.0768231791057208 0.510583592506219 0.130831875338841 0.188386280266812
0.134567506177303 0.524977632492439 0.0886456073126863 0.137978113663499
0.0931078475838753 0.507528495978468 0.0221628661580537 0.11432199350008
-0.011733910302372 0.505161237402656 -0.0575240678635426 0.0576056510218935
-0.172846830499973 0.453103793020721 -0.118379771025249 -0.0342548595134523
-0.280923076652473 0.251079639318093 -0.00419260518876815 -0.202155678093833
-0.255719061425225 0.161437878548553 0.263345022261656 -0.216739807311243
-0.4005878011917 0.15296710914931 0.379654265884538 -0.0209963085299081
-0.517714503582073 -0.0045844518034232 0.353073505073293 -0.00612479097576011
-0.391041538063649 -0.0965522328273385 0.215013547580059 0.181507101088432
-0.332359740269411 0.0171811869156485 0.0262120810459235 -0.0716259230928543
-0.318866127217498 0.0303755552605965 -0.179102955970377 0.0793475290268995
-0.348863729109639 0.185590740264524 -0.182656625096861 0.242593834731379
-0.22904628779967 0.373543928066399 -0.0469250571640081 0.400050286498886
-0.0388522943267304 0.428922682911364 0.123987427941671 0.398971208005106
0.0825963252877647 0.431909347538705 0.160347531584227 0.373475654114232
0.0989777905229275 0.429526827100126 0.13084185915252 0.316714945546883
0.0358283436376139 0.402084381249787 0.0394316967195779 0.275308150162324
-0.0669839592040325 0.359056605709115 -0.0844585287448106 0.16341352158049
-0.169743651845412 0.261876224532026 -0.157391521208296 -0.00520038414473881
-0.178099641022713 0.0958741765752397 0.017931146512863 -0.220826312302638
-0.110185297079772 0.105196894487871 0.346674294582405 -0.156387070766076
-0.285745719069207 0.151706344499143 0.415691152867753 0.0851217630611492
-0.422347172838636 0.0101681839378346 0.444934848617546 0.0611466073963495
-0.223606634672342 -0.0340702399694433 0.304743252225044 0.217567689194311
-0.174583706520171 0.0193300407947214 0.129259153475794 -0.00816471044473581
-0.18031439779672 0.00967546300860341 -0.0793942049332972 0.0438932042539981
-0.213632513779974 0.115342258727168 -0.200938464364402 0.209480380596415
-0.125329244647356 0.234195067594547 -0.0812141623960966 0.462039510927596
-0.00799731865652362 0.267110249628939 0.122453334405491 0.518529395201469
0.0577780388691727 0.277789095970027 0.191779359693926 0.507961628679636
0.0478680100673422 0.2702474780861 0.156721985788764 0.445377471706395
-0.00962008751772165 0.240006550023187 0.0278412828945496 0.383748644919061
-0.0792089119509079 0.179445005759152 -0.130435916610601 0.206430604949643
-0.11527132445261 0.0860599176959734 -0.172610157118232 -0.0349771104153901
-0.0608708354942305 -0.00269898760106345 0.0751882292193327 -0.22643943800457
-0.00152352659044212 0.0703463228386271 0.383711844704433 -0.0522645021146359
-0.164737197305211 0.126069590332004 0.379376035289621 0.189930375053813
-0.271397048582031 0.0201261047330299 0.488539680188368 0.116992853380554
0.0513328697813316 -0.0215766203269439 -0.504055694508152 -0.131307714529832
0.00359419066590705 -0.0577554036692658 -0.279765716539934 -0.232752650698983
-0.0481876431980795 -0.00985789575847708 -0.416455672742919 -0.0809670936394006
-0.0135298011813372 0.034047236902448 -0.183774944694811 0.267578408389944
0.0205457428751539 0.0231715063321185 0.184564665950206 0.149968643433463
0.0350045629417552 -0.00948580779194316 0.228970508487091 -0.201716402462506
0.0271578817615699 -0.054097654251768 0.0516645464590442 -0.439383041298282
0.00846350089801803 -0.0685312742256678 -0.13300705500458 -0.533370176447659
-0.00353475315014934 -0.0715274857204527 -0.207053271605265 -0.564009206509368
0.0169523537814618 -0.064979494702565 -0.150897969795619 -0.574657269957221
0.0611108149621212 -0.0478401977345878 0.0243072397489665 -0.500974273676611
0.0751008170759075 0.012506155869812 0.167205211651973 -0.246373013269977
-0.00880333753784975 0.0544060306386454 0.0456573441080676 -0.0625268945523017
-0.0165442918102368 -0.0180075983990617 -0.114014019124019 -0.0742971746786148
0.0210476355538657 -0.0234874633342272 -0.265918963805417 -0.243033815070701
-0.159645664527711 -0.0751133523879777 -0.47321366744448 -0.114116598360983
-0.155040037446424 -0.0208993898804525 -0.228308076402805 -0.261642600818163
-0.119846432921287 0.0418110602344226 -0.402385504039461 -0.132130267147088
-0.0624615149854339 0.0665986207306544 -0.220944387199111 0.23998964106964
-0.0474934372017726 0.0957930924864398 0.163646557462796 0.187188293887752
-0.0116139124928053 0.121693020075307 0.257816841243056 -0.160806466463476
0.0317134596583146 0.123870417180603 0.0813737508412306 -0.416764522478645
0.0636902778937797 0.147513410704134 -0.115231065514828 -0.515367344890389
0.0619741854931893 0.156294555200561 -0.204390846398992 -0.535087515047517
0.0517487432420901 0.178974017827234 -0.171460292827084 -0.536622381124254
0.00630719521710511 0.201664452175436 -0.0173356242166349 -0.475695037220245
-0.0843412627702332 0.185353484989659 0.136753371347006 -0.245420923531011
-0.200736081750799 0.127641985588645 0.0359387587357671 -0.0781475211459147
-0.235879066416583 0.00430762628047323 -0.0993436005349993 -0.0846706772755162
-0.199497799310808 -0.0602998110501292 -0.216540364610076 -0.241733796240882
-0.356132847441665 -0.134104988554326 -0.38137153918841 -0.0804618995006222
-0.318063247958723 0.00313253422763612 -0.200956127453036 -0.300562807927435
-0.210621209645705 0.0807609973389987 -0.427831331262602 -0.128819409014747
-0.133865559972692 0.099301727712481 -0.23320989697482 0.253608486281224
-0.128594389506484 0.171863208982197 0.156383189139001 0.212525436070375
-0.0638026318381923 0.250871536312012 0.262775377837903 -0.111504154379303
0.0301722955506628 0.292831178769057 0.0980222978842276 -0.333555099049182
0.110093515728767 0.343030591686464 -0.0760840981061742 -0.41806762428362
0.122435469216987 0.354850818983743 -0.16326263941763 -0.42998188040287
0.0909815227823339 0.391877053362371 -0.156199097649319 -0.431993600237939
-0.0270526453286142 0.426075380118758 -0.0481307567659289 -0.392852568487987
-0.207722912167003 0.34680117985478 0.0952810727657423 -0.23348798056522
-0.346592530323598 0.207215096798137 0.0538221022286974 -0.117959841093155
-0.409665650515819 0.0510875853033499 -0.013373018071901 -0.0966093869836495
-0.386983617617011 -0.0711396593385083 -0.102079008667002 -0.208539629995731
-0.491917838264605 -0.176592958520825 -0.241315323593942 -0.0289762243807858
-0.438801708962574 0.0149881476293285 -0.186087823860469 -0.320853854452477
-0.305402655783327 0.0881858068831769 -0.45580727612098 -0.0744800121934553
-0.244582009896918 0.130349988321661 -0.224075494511814 0.293228209545905
-0.226875148813752 0.268116022294614 0.143157549226351 0.238394845969629
-0.106930407052779 0.378564624735464 0.24046115768074 -0.0373978452737459
0.0355529983850549 0.431760718128492 0.105041839164453 -0.195460112065109
0.138970833507271 0.483670054753946 -0.0215360352523708 -0.257920178301047
0.152783874045424 0.493969642033822 -0.0956220399029866 -0.268987706592579
0.0972974919690427 0.537976903467844 -0.11303622675576 -0.277271048592024
-0.0699085689314589 0.565754264461445 -0.0657821445631724 -0.267059723175762
-0.291460534031989 0.429881426767385 0.0525235579435946 -0.213657882023771
-0.413277535711459 0.248160468033871 0.0995168920134972 -0.172573770073279
-0.501915101685869 0.097339363896101 0.123770971232381 -0.105090136252545
-0.510738737017722 -0.064417765305826 0.0560888497814458 -0.151012198938343
-0.545599150299965 -0.188665107835124 -0.0796410588923785 0.03993990926959
-0.483024143487153 0.0141475336979616 -0.157971523174355 -0.282495706337931
-0.376998212894299 0.0668400712425538 -0.428362547250304 0.0114699802574017
-0.361439263445944 0.161974031347797 -0.200018777248975 0.312788288616702
-0.305589054830929 0.363922900028327 0.0950260106578475 0.27579157353636
-0.122074210124916 0.479307568071216 0.194726129077936 0.0818328885302945
0.0498760822852217 0.515387556357945 0.112480926252359 -0.0113563460052121
0.145464900749779 0.551518447700808 0.0373222450360695 -0.0605043203553521
0.135636727261045 0.55058620878616 -0.0254287366109167 -0.0760613661580866
0.0522174648095898 0.582116415783998 -0.0704166029337636 -0.10172636388511
-0.132110134206285 0.577224964505842 -0.0839893804715774 -0.131727706921267
-0.327570470302203 0.389135936028429 0.0157203835248438 -0.199729436523112
-0.382419389315145 0.223304822186589 0.175171531351688 -0.216081030359733
-0.49291147405055 0.129615244710115 0.273844329219918 -0.0853863619574231
-0.556065361281415 -0.0433382941918358 0.220969938613142 -0.077150516482594
-0.507768620440657 -0.166063600842441 0.0766562712657239 0.1192235473405
-0.4454823756787 0.0066876885942915 -0.0853667124009269 -0.182433100244201
-0.389986578986025 0.0393615486725985 -0.320044565160293 0.0725836801276543
-0.41386842943957 0.187209467550018 -0.184773744415844 0.289044883494099
-0.313577052751563 0.414627072930835 0.0170510114265764 0.334326648703804
-0.096991949092506 0.506594898197568 0.145221597763543 0.240492792386609
0.0672718440395951 0.521428184336153 0.128360388697329 0.19425700504977
0.126911720412367 0.536232335216684 0.0883425695762945 0.143707867911711
0.0854290668727791 0.518922124445836 0.0203923184901606 0.118032935191746
-0.0219013896583122 0.513488355095687 -0.0603617163017973 0.0587675602609633
-0.182110838613277 0.45298088078238 -0.119764999594809 -0.0339547936291318
-0.289121180547142 0.246510690245608 0.0013677644367501 -0.204685154661969
-0.259740979842175 0.155904980636915 0.269925111912129 -0.216329197835772
-0.408629568499555 0.146234085494462 0.385599778342997 -0.0128717139384631
-0.528362743741308 -0.0229735202175483 0.358894843624436 0.00323344637754977
-0.395062843014824 -0.113159496350282 0.211449860235946 0.191857881737489
-0.337876364346569 0.00735533922333761 0.025144664966535 -0.0748379383945272
-0.323881045877257 0.0220473993780222 -0.183985376415342 0.0774495284518112
-0.359869101188664 0.17963225655623 -0.191810209931308 0.24314825766954
-0.243110459631567 0.374530951243508 -0.0544046468477039 0.407574549170579
-0.0497509369392497 0.434720815478231 0.117078841933085 0.404215260773401
0.0755571974046247 0.440958936540255 0.155356377239988 0.382819949747756
0.0924458860628255 0.438913151817499 0.128166784918738 0.325272700422091
0.0271736531280974 0.409463846812981 0.0343024035415473 0.282194568482413
-0.0770478981875113 0.361518562615458 -0.0904937942020148 0.16492036738364
-0.175682104887939 0.259390012845314 -0.159815468062948 -0.00745765521109527
-0.178905719933289 0.0914432556206696 0.024391978597444 -0.223153018653794
-0.110926474873015 0.104091044211298 0.353596309034893 -0.15290845142941
-0.292331825312829 0.148449698893895 0.420631816028907 0.0965548758956127
-0.433199399640334 -0.00349331234967775 0.450788089735949 0.0750520491053763
-0.225915217711824 -0.0430876673018844 0.302287597739102 0.232902535732381
-0.178135671381154 0.0144321355082431 0.129184116911894 -0.00458652095928425
-0.183594881326689 0.00589400704709644 -0.0818691043935859 0.0423659569850562
-0.2205701018678 0.112912924290769 -0.209853435473533 0.209440203381953
-0.134441660444591 0.235598496630411 -0.0936228019218974 0.468435322204527
-0.0156371077555648 0.271816800733241 0.112713422152112 0.527786890922941
0.0534583909434532 0.28409748710286 0.18417867192521 0.52035510858036
0.0432413073809351 0.275345309521774 0.152788937613457 0.458246964083625
-0.0151074289955143 0.243524607834278 0.0218361511947151 0.393031824123913
-0.0852310381814571 0.178718180556002 -0.138105171032555 0.206751365386381
-0.117344454115118 0.0830489512146187 -0.175272287426599 -0.0391569717982435
-0.0584972572127783 -0.00441547699501003 0.0823017790254105 -0.228255176670278
-0.00124058445720682 0.0717685834000953 0.389516701177935 -0.0463891390939627
-0.169608776492272 0.125570438837689 0.377189380789605 0.2036848147346
-0.278181904356073 0.0128025438748209 0.491676234948209 0.132910885518812
0.0538648645527562 -0.0209207547104607 -0.524781401723137 -0.139848825112082
0.00437105778403213 -0.0610211528098477 -0.289897245536745 -0.245181326638405
-0.0502246590219596 -0.0104326229505411 -0.437762630993643 -0.0849612938582245
-0.0153597956232683 0.0353336453449716 -0.19369468084459 0.279135910922508
0.0216660725421864 0.0254581130490882 0.194041710393331 0.159109895281131
0.0364910427605574 -0.00922897257747911 0.239707141387747 -0.211420788104863
0.0273377394472814 -0.0567636304861862 0.0534591194774397 -0.462595243493341
0.0079213969199249 -0.0720247132163189 -0.14289136449733 -0.561137639102216
-0.00263327359204415 -0.0745350188486512 -0.21788233187821 -0.591418986910958
0.0188322963142834 -0.0677952544566136 -0.160304140267857 -0.602989611218572
0.0649229867967331 -0.0511416694346003 0.0247693589062076 -0.523816693601035
0.0791270238171065 0.0122441776929682 0.177023043058884 -0.259181658604288
-0.00894966856197445 0.0580342626889041 0.0481048376999194 -0.0647879003752174
-0.0184186083991979 -0.0197679654938786 -0.119278846703188 -0.0810404446447649
0.0223826797982305 -0.0247941189497217 -0.27585478803124 -0.260789443705613
-0.168014966042971 -0.0776972101159265 -0.494775020940731 -0.123241415758762
-0.160968705236232 -0.0216775777664495 -0.235735942554621 -0.277293066459797
-0.123483205272224 0.0438725711918476 -0.422279732330666 -0.136712250891573
-0.0640758157221722 0.0686671298023228 -0.232467956142364 0.249669636870013
-0.0484013463265389 0.100344606571613 0.171525607221035 0.198920500454274
-0.0114946933162218 0.128001368128887 0.271327401250957 -0.169894677971674
0.0328929646903567 0.130775649214911 0.0841724231853784 -0.43753739382923
0.0684886681763301 0.154431237315669 -0.123800223387975 -0.541712244995537
0.067665303534128 0.164353916992683 -0.216137374683045 -0.559574295450616
0.0559903010925903 0.189280427415409 -0.180755680992754 -0.562183094494617
0.00821336339098955 0.209894205028165 -0.0197165600103209 -0.498382625271256
-0.0874945205127133 0.194611062242256 0.144558946187368 -0.257533790843386
-0.210338567589161 0.133710772210266 0.0371446853622973 -0.0822308408587768
-0.24703419125245 0.00418827563245689 -0.102783593976644 -0.0917877841076254
-0.209134359190723 -0.064559207748116 -0.224445759984263 -0.260297839092256
-0.374931004906864 -0.140344055737764 -0.40099738551445 -0.0885363955716993
-0.332181241982267 0.00377019389564563 -0.208470819065799 -0.319047660954187
-0.217735151499252 0.0850914613502664 -0.446602737186917 -0.134582716739523
-0.137862344987543 0.103222830748528 -0.246518153442992 0.265064989598867
-0.132892648185166 0.179031969606992 0.164951670595356 0.224924427963361
-0.0656546473547001 0.261228729540234 0.276529952851981 -0.119126814255862
0.0331949419295237 0.306603516367428 0.100756026050125 -0.351091110338795
0.118658367003085 0.358749384092341 -0.0821678717656712 -0.437664768045931
0.132739692831017 0.373276270363372 -0.173312518735532 -0.450525684749434
0.0991797266059609 0.413724546113624 -0.16538217683685 -0.450936696690667
-0.0249866057447585 0.444417063545949 -0.052834040748938 -0.408983511217781
-0.214662376727466 0.363127479521019 0.101607641149628 -0.245483070769014
-0.362540977710475 0.217431483602371 0.0549913729400628 -0.125159080733805
-0.429050281561584 0.0540954637729247 -0.0129288830001322 -0.104931359944659
-0.405573782366256 -0.0785900196787463 -0.105865609620671 -0.224285115943768
-0.51872515823491 -0.18488326967978 -0.255004397642313 -0.0335042230444203
-0.459127645801064 0.016535165585873 -0.193930665795893 -0.34238124952554
-0.315808441101538 0.0925895724455998 -0.479252480343604 -0.077225180371474
-0.253776692478889 0.135508666730431 -0.236120828156159 0.308432844285389
-0.236051380102402 0.278804377041644 0.152036980719342 0.251699824277418
-0.109948124752735 0.395750387760747 0.253641938469594 -0.0418835920262312
0.0395191812738321 0.452440317373844 0.108311602140032 -0.205535127930005
0.149785880342758 0.504771455200357 -0.0236257454845308 -0.269703089810719
0.162839085539418 0.519079744268422 -0.100893700162301 -0.281492750706045
0.104645535612137 0.564954211869243 -0.118730554170273 -0.290101477689066
-0.068989560019174 0.591701518848743 -0.0685830449024227 -0.275279251594306
-0.302983154234494 0.449952628063697 0.0564373630646614 -0.224116083214608
-0.432756180830939 0.258451242726647 0.102042702614443 -0.182779819458007
-0.524615792898183 0.102211064867682 0.130777033362795 -0.115143159616815
-0.536419922407057 -0.0705253578217399 0.0594493197547713 -0.162954644356021
-0.574231742542286 -0.199570600517525 -0.0867399667030777 0.0397087902491784
-0.506123465032575 0.0132999828265145 -0.168678457404812 -0.302470877231305
-0.390791829519569 0.0698732275193356 -0.450930526097711 0.0107699059942266
-0.376661137705297 0.169375397381553 -0.210227064711227 0.33051401004394
-0.318737787943968 0.379193325878488 0.103166970786472 0.291108837718378
-0.125762489272103 0.501584909859463 0.205142537403595 0.0815320647232912
0.0549590255199633 0.539918911267454 0.117440807963032 -0.0122392470806805
0.156553158676274 0.577288529527231 0.0400076886258767 -0.0625008253071448
0.145762868783406 0.579839017721251 -0.0269829062369184 -0.0790210683093115
0.0577133660576897 0.610358537789254 -0.0735862594446869 -0.10566693466905
-0.132817731577186 0.603568139251133 -0.0874369869355593 -0.133267354903345
-0.340024424477434 0.405913519180686 0.0172918061185622 -0.2085758764878
-0.396192651891661 0.232376260368179 0.180097293178583 -0.230460839187536
-0.515412641737533 0.138404295252014 0.287904229541825 -0.0935443983745256
-0.585377911615339 -0.0493412246529394 0.232587230618691 -0.0841629151987878
-0.534102021685611 -0.176886678458186 0.0782760753220942 0.124834225024191
-0.46639266904174 0.00683553075715451 -0.0937770506174295 -0.196272084623894
-0.407855320934219 0.0394589452785915 -0.336317764876497 0.0777821628417027
-0.433748089594798 0.194864467835556 -0.194123825437571 0.304896354230587
-0.328734008300009 0.434530953481003 0.0215642816181933 0.352183159634937
-0.101998508001554 0.531265432346223 0.153324961449085 0.249494220437469
0.0751925098895372 0.545597467407853 0.133975805718303 0.202882648282769
0.137225011427195 0.560930508214786 0.0959469319826221 0.152187024918599
0.0934000127229204 0.545341784207236 0.0225996403856111 0.125571697262877
-0.0212465875339557 0.539888683170117 -0.0630609942449442 0.0626967064932277
-0.186999508426734 0.473713507441814 -0.125089900781349 -0.031942865156275
-0.299210386455058 0.25678213807946 0.00143086304086625 -0.214281284683815
-0.268382312401411 0.16193669568843 0.280379532018488 -0.231248459566241
-0.425137697549314 0.153535630188697 0.405057791246836 -0.0156580568980227
-0.554672735742061 -0.0267845880290217 0.375839272393139 0.00260478946871659
-0.415392771752959 -0.120484725853425 0.219556787255665 0.202839696051796
-0.354230974068274 0.00838139325826722 0.0224717351537363 -0.0811637766643185
-0.338937108967856 0.0222862194003708 -0.193027494039483 0.0818143674774335
-0.376942028073728 0.188300105139025 -0.201042499690938 0.256524021449808
-0.25513280144038 0.394215094347346 -0.0545679182891182 0.428933104656121
-0.0519451097632662 0.456270768480711 0.122520406838103 0.422669642286703
0.0832424786823749 0.462767764381417 0.164163914068991 0.401905234732117
0.100348323685632 0.459838475949738 0.138557761557875 0.342963680966735
0.0316719029795859 0.430645538106692 0.0382396067341587 0.298051743476514
-0.0795202960897208 0.379184997494685 -0.0949000082159682 0.175044702222184
-0.181330057492543 0.269376769373256 -0.168044898905123 -0.00537285818621656
-0.18455017974034 0.0940182441202048 0.0260908906711442 -0.234100669733808
-0.112336787273339 0.108149767700804 0.369409597837397 -0.163144652967179
-0.30450427862226 0.156766561277792 0.438944291947949 0.102211526609376
-0.455231073320551 -0.00518381229695203 0.471830519337697 0.0810940086760897
-0.23716715660084 -0.0482959826286588 0.316542131113233 0.24846737851601
-0.187235586380132 0.0159047355462154 0.132431359863303 -0.00593332664503373
-0.192623577584805 0.00545381885788388 -0.0852508664701659 0.0447618440470634
-0.231371629994498 0.118413661232886 -0.220976965934536 0.221488376150999
-0.14145235804786 0.247962476267168 -0.0959041861790001 0.492596187849161
-0.0158772354476722 0.285770668260468 0.118200488324117 0.552574643349939
0.0588361459412694 0.297480909999278 0.19488689923637 0.544457752201543
0.0476927939961574 0.287911381420365 0.164506207736561 0.479124164022897
-0.0151952679565796 0.255967509153138 0.0255729728725486 0.413287941566693
-0.0890199092673999 0.18687266430425 -0.145896710034356 0.218626117241041
-0.12127132102437 0.0850884495332434 -0.183941781059334 -0.0402423285531438
-0.0597196509601179 -0.00519439084857976 0.088079032015349 -0.238960632560104
0.00127671716396002 0.0763384466155701 0.407209944416785 -0.0484385106542769
-0.177518901761825 0.133230721185762 0.392715775602696 0.215364503195857
-0.293754788205196 0.0116411216752686 0.514659651606925 0.142662412737281
0.0586860870797089 -0.0336280912006853 -0.578404514051643 -0.0557232270210816
-0.00125723484410034 -0.0667611908511772 -0.341236053001245 -0.208652580217397
-0.0500355975584583 -0.00622721040487017 -0.472774302579074 -0.014180236359512
-0.0131611946790585 0.0349938319565289 -0.151280403553039 0.32422468963057
0.0242180528520896 0.0262570752598448 0.230137501923932 0.132781154775967
0.0364108785147698 -0.0112064980921304 0.213897300876472 -0.261787991751474
0.0201630418797201 -0.062377189530575 -0.0295079640134676 -0.498994465472638
0.000623727267601917 -0.0762598825043147 -0.242093199436695 -0.558295074833592
-0.00972579736463566 -0.078384332977045 -0.327499694665892 -0.582917274342764
0.0153544661956483 -0.0730671978830944 -0.267736913856543 -0.600612551044889
0.0640100939255853 -0.0612199375112652 -0.0605187214520709 -0.553051231757807
0.0829009054862516 0.0021107800471807 0.143906584676701 -0.303019753665842
0.000819995943094695 0.0613835330976846 0.0416346953448952 -0.0754569268493098
-0.0217310286142727 -0.0166385056764731 -0.13710604557702 -0.0665371019999526
0.0191291650124019 -0.0266588213867346 -0.328188467526845 -0.23760149745318
-0.188385978257272 -0.0545707424785082 -0.528298864974953 -0.0530632079156438
-0.168365897351844 0.00123393927723337 -0.28495877797381 -0.256570198353136
-0.116083539544529 0.0634666975105031 -0.460520848848494 -0.0762351833075211
-0.057930304916318 0.0760864767453089 -0.196369730014755 0.298200361899179
-0.0368748889414205 0.112888596186248 0.216558623716942 0.173399106302614
0.00762700422191483 0.137219890466412 0.255063205363819 -0.231021106672445
0.0546317208208453 0.13218912517372 0.00904808944258264 -0.483628635311082
0.100481689658402 0.149606319364462 -0.221096381206308 -0.543470277052375
0.103194807321778 0.158181876620218 -0.318606385773997 -0.550470767658596
0.0949313733767099 0.185963719134361 -0.281055460050106 -0.558396669436375
0.0485273921184512 0.216270639443712 -0.100073302962706 -0.520141092460382
-0.0617509161816606 0.215868702595888 0.115224605736462 -0.297477788519922
-0.194491274156536 0.173401990109797 0.0294642726759465 -0.0902606957395416
-0.252811693533031 0.0439341972961843 -0.121169705917445 -0.0763898672620688
-0.224972373949982 -0.0329673948192754 -0.275512272237128 -0.244462527859092
-0.420711306196272 -0.0839709082278136 -0.406491041679284 -0.0403765823570774
-0.343497394749481 0.0557355579903149 -0.257783905260958 -0.3116779050455
-0.207414706233773 0.120859265939307 -0.483774551993522 -0.0748827580049206
-0.127945059920495 0.122236310138941 -0.203127835346628 0.315240691506414
-0.112309832331081 0.206155102026713 0.218777222959235 0.197887295974181
-0.0280590841828389 0.28351191944267 0.271399897275382 -0.187104662034215
0.08151136900009 0.316064831926551 0.0450250153996796 -0.398241361031362
0.186202666135829 0.35288342935458 -0.159096123577202 -0.442874626544639
0.205265741241894 0.363457668021011 -0.255819409302748 -0.445006064381982
0.173859007306429 0.411902322274859 -0.242638752787496 -0.44612668459522
0.051683900181658 0.462240550311018 -0.116388516382013 -0.425436883598423
-0.168286288289018 0.409110436909569 0.0755876012163729 -0.279321943791739
-0.337070836991798 0.284380441877142 0.0428401300676231 -0.136964393142126
-0.432999865817245 0.12322406223434 -0.028142423375244 -0.101497253365329
-0.430615694384308 -0.0176517170565022 -0.146907004639339 -0.225066311626433
-0.583947837480136 -0.107321576948689 -0.232499582938275 -0.0134389336570668
-0.477032214427179 0.0872748729537022 -0.24581151202655 -0.343955643059279
-0.309761009038731 0.145073257892321 -0.503366894512601 -0.0132943048479165
-0.244269630080578 0.172982668125784 -0.1790024550881 0.358738205334007
-0.203559680228524 0.323784894997955 0.215673789122807 0.220984993779949
-0.0547499298393001 0.4288215196972 0.26104953666372 -0.109863204464795
0.10985422383941 0.466127488543794 0.0829268105480988 -0.250309839016882
0.240906320588066 0.503051230227461 -0.0702193176857262 -0.27879173291824
0.259835789017895 0.511343825884836 -0.151354461108905 -0.279850308282214
0.203119554023195 0.567471825977726 -0.166108572512866 -0.284725480908176
0.027727123861469 0.620542586962442 -0.110121264005055 -0.28368722185437
-0.24432932444712 0.511921150428699 0.0339379514189118 -0.24872555416186
-0.401409755071378 0.338512126009159 0.0826650202484723 -0.206162934941744
-0.52311913482914 0.189081685177156 0.121853839082354 -0.133700083458158
-0.563590385665969 0.0104052850054182 0.0346333156831331 -0.184681733603942
-0.646675137438577 -0.111324924736015 -0.0373579175320373 0.0324645485834931
-0.52639124532164 0.0939947316370035 -0.213048536515694 -0.307934087890094
-0.394369778901386 0.131781303116518 -0.453174950680875 0.0765697060306014
-0.368064720115056 0.226343177060637 -0.140309738481187 0.375033307598351
-0.276554435962378 0.441187686222439 0.176801306453128 0.265034310315437
-0.0553900696397653 0.542584661364064 0.231590848075505 0.0222537806391089
0.141401985116845 0.555179011687077 0.128412112616595 -0.0509385149907852
0.257828566184116 0.575719240360801 0.0308558671529284 -0.0744052539170508
0.251048132922028 0.576522716207776 -0.0400777600170526 -0.0790768091725773
0.159221015524699 0.623085918941151 -0.087513768920714 -0.098597373600233
-0.0368771393330319 0.639688463132468 -0.105644571276295 -0.130603578233331
-0.288799713186669 0.470739151836343 -0.0053198775539257 -0.224654560289172
-0.368072740226774 0.301833299617297 0.155349873987534 -0.268864851711185
-0.508482915647179 0.223525638761168 0.289608069723424 -0.135837878860564
-0.612377700620583 0.0383446770856929 0.228691570626372 -0.126798786619306
-0.602647545580673 -0.0945632652771762 0.147208931656333 0.0960136674524895
-0.487533573423844 0.0798816095187638 -0.119862656610517 -0.205678096778571
-0.418653563933061 0.103610254850008 -0.319578752186478 0.12719786750953
-0.426824077776536 0.263505334741061 -0.123989928127453 0.342787077973552
-0.281902732626067 0.5004318748903 0.103604833568313 0.339959130349511
-0.0262758433147586 0.568126856219129 0.203025437470799 0.205985465890168
0.162663542749273 0.558548097151819 0.18661007021554 0.173366125330072
0.232828627131009 0.562707171720924 0.124668610933067 0.139701662691397
0.189012465533396 0.551546969840516 0.0470061284175844 0.127270602821979
0.066467819892393 0.559664930233748 -0.0508529784403693 0.0767755085366084
-0.1144845169445 0.51252951426992 -0.129602472671527 -0.0165026667033991
-0.26992377388968 0.308539367588618 -0.0254553284965488 -0.225773843254951
-0.246016755808145 0.20927107835929 0.25831404799564 -0.287025344306746
-0.415048210133034 0.226251210662893 0.424037403874164 -0.0743221380650227
-0.578394328890165 0.0565967393882502 0.392902714025996 -0.0558924702938737
-0.467756938025792 -0.056404584155605 0.300611599883074 0.160374574796286
-0.371357349581338 0.0628022401972683 0.0183276679087912 -0.0989236711218227
-0.351563127178369 0.0742096817062017 -0.17034963595551 0.107689615187636
-0.370042131065032 0.247951118625305 -0.144378575286466 0.294845797898698
-0.212191176875045 0.445676054361622 0.0336263491553256 0.436106417042853
0.0128398291864139 0.483224563581338 0.198118707605697 0.399729189871059
0.15697580518836 0.469302865652443 0.251902349819128 0.381873584783033
0.177023992129082 0.461861935268023 0.202305766792604 0.330333653270681
0.102490687068121 0.440492606996303 0.0919035546856375 0.306049420976223
-0.0224509601600266 0.403239956145209 -0.0677341115357184 0.200059286507269
-0.14081799666472 0.302183556513331 -0.172037518000815 0.0198665578442331
-0.17353824133346 0.123876518201931 -0.00657225426846523 -0.250393466419458
-0.0941264125498958 0.129148813810317 0.36205437390453 -0.231878358132816
-0.291438273013589 0.210203178564649 0.478008192415291 0.04412014493868
-0.471801676071096 0.0631875621204777 0.505222599389623 0.0136721398862572
-0.266015171196214 -0.0102420945811844 0.396459939110312 0.198928612964925
-0.195097971827894 0.0471382989639693 0.141233363316814 -0.0328325434581162
-0.201688722977204 0.0354466393580591 -0.0709440704088582 0.0549937880279778
-0.226514157787956 0.155456113449672 -0.178479519043654 0.26524945613173
-0.117107115840872 0.277217968422448 -0.00384409370300433 0.520561132118645
0.024457427547716 0.299644989407043 0.215590627021873 0.545314923491344
0.106268446816387 0.300537775375163 0.311512589693333 0.530620261413993
0.0920715365091244 0.29217195675648 0.252546680261993 0.471036442182189
0.0250178063656839 0.267681416954021 0.0979463629079329 0.430645398739677
-0.063692437871663 0.204476992698681 -0.114744185760361 0.253556686547556
-0.107932201690438 0.10397102663893 -0.196765290955415 -0.013039064789467
-0.0602416878211954 0.00415409834290991 0.056373890080245 -0.264875118724466
0.0156890906347271 0.0789190531057335 0.41924061048535 -0.117300191274325
-0.162869558304672 0.164397896620935 0.446640445834958 0.166131959266
-0.30279642384255 0.0562733563709058 0.559426559233519 0.0714095593634759
0.0573703424152155 -0.0378057618441739 -0.593007231027979 -0.00946112236811723
-0.00712066978963447 -0.0679273277556877 -0.360681688613667 -0.18641545260501
-0.0513460417045725 -0.00241786722918208 -0.481415104618263 0.0274712109442614
-0.0112288722349787 0.036134028436775 -0.128070528368863 0.34212539684822
0.0273220423803417 0.024967173287477 0.24529116387424 0.117163844884294
0.0362947986796919 -0.0140558861586985 0.192982450635987 -0.284242160694303
0.0135493548203035 -0.0644588507256017 -0.0790882853103738 -0.504793991463644
-0.00685812917903019 -0.0772412694534929 -0.299210049598218 -0.547871966136703
-0.0160398579322905 -0.0791185224168904 -0.388266539141541 -0.56354826156189
0.0103946611180729 -0.0750811942962189 -0.325516521401466 -0.586213351982248
0.0598686199621113 -0.0694499626703455 -0.111935586623861 -0.557652713727019
0.0847303447830679 -0.00599844622548736 0.121221748531382 -0.321619748816
0.00645404771692136 0.0639488566502315 0.0359049310032917 -0.079875042879873
-0.0242152973144223 -0.0151421352117366 -0.144559241703613 -0.0584976076687986
0.0177131770935913 -0.0288597253517995 -0.352878001832778 -0.220007750302854
-0.196004883299223 -0.036724736665126 -0.541350891143239 -0.012885924617153
-0.169657741198541 0.016268203546016 -0.309300749865985 -0.240446778187028
-0.111063070728726 0.0733343597434744 -0.473695415953712 -0.0379478306695086
-0.0518907462536955 0.0810859074648164 -0.175739700919586 0.319528295496599
-0.025586911419906 0.117125335890354 0.236143932401994 0.159828342239971
0.020695332794931 0.138062260947146 0.23826220448712 -0.25750690814973
0.0668766996080752 0.129831830910678 -0.0367999690730953 -0.4911625055481
0.116301969491015 0.142767652981984 -0.274889989302364 -0.531722173908164
0.122049511668404 0.151462027008645 -0.374822996843816 -0.531160593418734
0.114448983388636 0.181028279358687 -0.333565925905549 -0.543504291148403
0.0690088468992537 0.213698595901797 -0.146327793360721 -0.519183044934417
-0.042941284828945 0.22329082690722 0.092044885164729 -0.313843080375468
-0.182632530867248 0.193200922061001 0.0211360859988798 -0.0943112891513072
-0.252724559848267 0.0667792994138922 -0.129799345657403 -0.0700307506695942
-0.231828924935166 -0.0153546409426552 -0.301908877140297 -0.232592059418097
-0.435166799330278 -0.0467179331593674 -0.419223702518782 -0.00884166445421685
-0.343484316313185 0.0874986632895794 -0.289865057277097 -0.299856559517601
-0.197487708007588 0.140827991897751 -0.496742601537236 -0.0342952965290026
-0.117421983927044 0.134454681805197 -0.180981044631099 0.33828393640309
-0.0932594924610983 0.217784443173925 0.240348464750218 0.183053753551337
-0.00219984029730709 0.289265548580906 0.258954161421682 -0.215510620483277
0.111681921531335 0.312936220659274 0.00833991770294998 -0.408480767736492
0.221625908583224 0.341216379036688 -0.203301497250313 -0.436150182487476
0.24497015269472 0.351091848679026 -0.300638462946159 -0.428325288115561
0.216525028851875 0.403677889935949 -0.285463723744322 -0.4320410341434
0.0941600384045043 0.462751346002772 -0.155111337614131 -0.419677171183157
-0.133504716910816 0.429578470206329 0.0543077506442368 -0.291533610721204
-0.318876949119458 0.317344211549413 0.028762643062003 -0.1435603506435
-0.427993403553279 0.163815587262022 -0.0381897451941125 -0.104500078419957
-0.4402661638908 0.0164316581646842 -0.170350618796494 -0.223102021959775
-0.603947469795715 -0.0563571399767855 -0.24025024919286 0.00333777668741139
-0.47424487651702 0.133202672395098 -0.281748192708943 -0.334385883082676
-0.298941249207477 0.173752516789221 -0.513485183398415 0.0308747693433445
-0.230698782553073 0.194704826592895 -0.151257545420248 0.381115273310735
-0.177452143452269 0.34540974506203 0.242247548898855 0.207003501435931
-0.0168077032056046 0.439096939594504 0.254284036121253 -0.137506589883184
0.155607670426419 0.463620401920916 0.0605138927114186 -0.262017338338929
0.29257157591885 0.486704636273368 -0.0960670205060577 -0.276873322722573
0.315477922944469 0.495168423772651 -0.178619253052873 -0.270041474856753
0.260688690073021 0.55848299111397 -0.193317237844946 -0.274974078747328
0.0866878227560226 0.624078416919678 -0.133999824673587 -0.275754817946132
-0.203939928235301 0.53972074240635 0.0140643000023398 -0.256394214115634
-0.377656301820781 0.377802571631599 0.0618239724178081 -0.217017315981472
-0.513016703961228 0.238353838165954 0.109926688030539 -0.150803447970872
-0.573131223682045 0.0561047919038694 0.0174720666571626 -0.196057133576397
-0.670695707765682 -0.056134521025751 -0.0390988786196046 0.0352680136287413
-0.526442298818443 0.144209535734781 -0.24879859018743 -0.298953771473483
-0.386207933196816 0.168778698793016 -0.455736725032682 0.117983023734836
-0.352081969411017 0.259601447853775 -0.110048833114799 0.394359261088
-0.241052300484262 0.472868373595309 0.207555499425389 0.253038071067684
-0.00810097685973571 0.554185590601622 0.235536335474523 -0.000967203001180921
0.195063011657997 0.54957628450575 0.125554914491411 -0.0640375805524097
0.315946829464956 0.559695059497783 0.0263847202091779 -0.0788621283701312
0.310114636595909 0.56273467771004 -0.0465241377474565 -0.0760370585339872
0.220771839975008 0.618200943335809 -0.0974565087167591 -0.0922520584292123
0.0205930436145027 0.650497570945113 -0.116121323983898 -0.120320504669626
-0.250409444015901 0.501991596968407 -0.0240978811871273 -0.228441639989837
-0.344560006317559 0.337385786223665 0.129537597608288 -0.289313087594708
-0.493770389036976 0.272429712254753 0.280889095684464 -0.168039797071393
-0.620173301115423 0.090310774550041 0.219081313061683 -0.151592238539046
-0.624251582199457 -0.0442021060953675 0.155725092799818 0.0859237157812812
-0.487070726805499 0.12439742244779 -0.146903066734414 -0.20126085381582
-0.413207609038045 0.13941928445808 -0.31505654371037 0.157432700382605
-0.408618792267515 0.303868137560948 -0.0949851490209175 0.36116943624023
-0.242578631119233 0.532623339957439 0.139424047360748 0.335535881037572
0.0244817342766869 0.579145266371417 0.22332268016143 0.188563714930862
0.218741686089981 0.552103269121447 0.20556566392954 0.157592627039593
0.289509690085405 0.548539652664138 0.1421666315868 0.12957328703013
0.244370247314306 0.542481327960837 0.0606053102390963 0.126583239103311
0.11876436120559 0.562874873297232 -0.0439840720965786 0.0831504209375021
-0.0682777342090111 0.527348493635704 -0.130961075186191 -0.00273185809586978
-0.244529335000128 0.332783353537652 -0.0451751841182383 -0.227233020085679
-0.228557933147494 0.231084168963106 0.232783380700077 -0.317253811456021
-0.398145851330878 0.267538227226822 0.423221742098194 -0.115535451950834
-0.583970531561337 0.10672343657715 0.392418551551135 -0.0919225789597706
-0.483557202821195 -0.0181040774254313 0.319300424818325 0.138914775387143
-0.36994345614836 0.0973699686713188 0.00412531225722443 -0.101951817897867
-0.349714075398691 0.106440630994331 -0.164615642922738 0.125309404752092
-0.353181397245684 0.286542067349661 -0.120914389639642 0.313078241930423
-0.176980831336328 0.473848092160275 0.0758008649664275 0.43998136623325
0.0566633672554834 0.49026884936488 0.237418627912341 0.385774119619086
0.203124775452678 0.461003262203507 0.291520795959014 0.363251347977224
0.224990009757279 0.452458595770933 0.238359508118952 0.317500685542515
0.146448386440291 0.437599575814793 0.12347159409103 0.303654745482862
0.0143413807647254 0.410751755012621 -0.0506261657178681 0.210501923536756
-0.114213249885624 0.316020909209369 -0.172256921429895 0.0372681950954383
-0.163416367109467 0.138106280666076 -0.0278647461385785 -0.254680680608828
-0.0805861930639723 0.137456816794242 0.344008670044611 -0.269106705826243
-0.274028639777838 0.240207869787555 0.487089426626639 0.00307242519632551
-0.474976196104214 0.105788713006516 0.513497981794892 -0.0293703422873845
-0.272822157031916 0.0106636462538491 0.421305977593502 0.173117775876223
-0.192734742995637 0.0654328667414569 0.136329236552901 -0.0431317044293352
-0.201540043131589 0.0543023515060944 -0.0674938254253358 0.0610135166966212
-0.217523745558699 0.179189866015762 -0.158460643818665 0.286085067805825
-0.0950360121465733 0.294347155455765 0.0453976486244267 0.529441398489494
0.0511153115129099 0.303203012829549 0.269217380146121 0.535019930938763
0.137130450081941 0.294686527120056 0.36493170939497 0.509699021926156
0.121276437197109 0.287825654365419 0.303344182929467 0.454012776854486
0.0494920984587813 0.268968584137031 0.140385588685067 0.427486146511428
-0.0463769737051596 0.212946560052235 -0.0945673554988388 0.269452210591993
-0.0985366967832585 0.112895515598409 -0.201191901097894 0.00454750175453201
-0.0582479519427636 0.00811706512299649 0.0350630629271887 -0.274492846193689
0.0253313465965067 0.0783742637852748 0.414153789499077 -0.15735729125007
-0.150822036970124 0.183004329343511 0.465645863132279 0.132143570909741
-0.303919546739746 0.0842638576922156 0.574454960892116 0.0276935614733646
0.0536880383389815 -0.0388330273482663 -0.575862459212103 0.0336094129146067
-0.0119575995618755 -0.0654633770579477 -0.359573738615873 -0.15594456981456
-0.0499217782926451 0.000252192867071784 -0.459460373707025 0.0652832982941385
-0.00949059878153359 0.0356674652225499 -0.0975835753871237 0.340774068043143
0.0285500508699379 0.0227511809734181 0.247310670874267 0.0960790207057191
0.0351619305279217 -0.0153415546592768 0.162905369774373 -0.289431754948486
0.00611139995056655 -0.0618117252735021 -0.118854736111627 -0.480914930391043
-0.0141830984572139 -0.0736485494682155 -0.337707493606777 -0.505321561562305
-0.0203772354264055 -0.0756842169204834 -0.420626439358056 -0.512898534629056
0.00472458570451537 -0.0743650678546723 -0.363282440424332 -0.541104256428056
0.0522185237765075 -0.0734578033125703 -0.152987885705013 -0.528430050924776
0.0809432551954111 -0.013106730144438 0.0925109325262273 -0.322746369158233
0.0113885555952025 0.0622531968463086 0.0290846716846139 -0.0797610476666038
-0.024652426121461 -0.0127817211313354 -0.144482369265003 -0.0473295472830347
0.0151138168389016 -0.029231915415011 -0.358716232420653 -0.192214606948067
-0.191606951791126 -0.0183730527274465 -0.52861652649289 0.0274236847813392
-0.162194550266537 0.0296095286684613 -0.316108317719177 -0.212262396379349
-0.101070063317785 0.0785411204108486 -0.458730357556251 0.000269027557433153
-0.0429038950364749 0.0813178657500922 -0.146992682397949 0.323086475213226
-0.0146247540987774 0.114392195066057 0.240655231616183 0.137980059772198
0.031625461145366 0.132008813580835 0.208614068242846 -0.268075904493674
0.0745969717407378 0.120562039910849 -0.078862025119794 -0.471749401004098
0.124213003432095 0.127977796024744 -0.311639311727996 -0.492114201907565
0.132743295762725 0.135934642632194 -0.407078436386868 -0.483216145344049
0.127931187242259 0.165878899948241 -0.365111141455276 -0.497652077039172
0.0838767076190753 0.199855517899324 -0.183596345463398 -0.489670924531175
-0.0242810887868272 0.218706348591833 0.0657183257780764 -0.313057388206397
-0.161673382438195 0.201680275822711 0.0116211094787393 -0.0925679033415072
-0.238645224700644 0.084313026380775 -0.131404631540101 -0.0607741645922901
-0.226139873195382 0.00157962548687089 -0.311468321408954 -0.20858229120634
-0.425405685944786 -0.00879401149234593 -0.410494137417963 0.019782382221152
-0.32412624771788 0.112632472194013 -0.303742171739084 -0.271516399336713
-0.177567323629 0.150640453198408 -0.482189661516895 0.00541166890595198
-0.101542567256131 0.136875602407695 -0.150538805922482 0.342174674501727
-0.0707429994276703 0.215812132298865 0.248109250379754 0.160364673475355
0.021650981977276 0.278829441486339 0.231105931944537 -0.230531624953456
0.133466455004367 0.292781537078116 -0.0274055891449576 -0.395467847392945
0.244865627912451 0.310637694153542 -0.233138274451934 -0.405874001482046
0.268794652562144 0.32016164087562 -0.325710687175017 -0.389886215295368
0.243184490704923 0.372849900878519 -0.311209365077697 -0.396268119855597
0.129332322376984 0.43847398730741 -0.181348551031394 -0.39220812923679
-0.0950410200633572 0.425451543799515 0.0308379605228416 -0.28728701781904
-0.283327821980002 0.331793254807742 0.0134210563356817 -0.141579578064718
-0.399568257593669 0.191255167958225 -0.0459809025287015 -0.10184899880792
-0.426208448373788 0.0472298517288606 -0.18398149504912 -0.208397856395364
-0.590025695514018 -0.00491991344192149 -0.23675882589477 0.0204762511024013
-0.44607859499261 0.16743105385336 -0.302902551152622 -0.305300131230646
-0.273315727873559 0.190619501663174 -0.492930006084382 0.069915161045994
-0.205808377288418 0.205053305222536 -0.117184464560265 0.380733126985606
-0.142315297108182 0.346162263495565 0.252181418428042 0.181307839249669
0.0201191543819176 0.42357492675879 0.234386599386596 -0.155652565933025
0.190021713174823 0.433854545018744 0.0360911725586606 -0.259401854579424
0.322728215053125 0.444418367127381 -0.115823313346775 -0.260846092897875
0.348102292315147 0.452704468395735 -0.194485674551404 -0.246489307718095
0.300324717967623 0.519548548365527 -0.208528154632975 -0.251890951348368
0.135537399013294 0.594341249573114 -0.149399663747489 -0.254099366737351
-0.153679328299098 0.536470216884154 -0.00574131623325064 -0.250248566341762
-0.335127075997776 0.391554904373271 0.0381951115193616 -0.214671495995553
-0.473783071085457 0.27208834514108 0.0925960376381675 -0.158947947128457
-0.552699813287167 0.0962778965286927 -0.00165495571812777 -0.195508289927737
-0.655397878797001 -0.00206961020098797 -0.0384143697952588 0.037285469636203
-0.494938790196831 0.181848730488053 -0.270239428067267 -0.273079704981385
-0.356300185212273 0.191627368968238 -0.431344210798221 0.151076374521472
-0.319258809869802 0.277740853072809 -0.0744658367329969 0.391235567981448
-0.195439172998672 0.47637173543348 0.223832537624404 0.227426536921856
0.036718259424861 0.535907208468308 0.227263754057574 -0.0230270109752638
0.233774584374295 0.513124443707731 0.115370173846922 -0.0739508290058428
0.354800518407277 0.513502417046017 0.0204226775544321 -0.0796571716286207
0.349791006407346 0.518062431539466 -0.0501237314573971 -0.0692394094156007
0.266977091946697 0.580446849475916 -0.101185359046838 -0.0818224559086877
0.0732683483787163 0.62265578909652 -0.118375244776124 -0.104977088802247
-0.202317432059943 0.50106054868195 -0.0405189426147714 -0.218256930947955
-0.304348526898292 0.349515980287743 0.0971354267605336 -0.29000373778406
-0.452567134966804 0.302610144494269 0.255969901047511 -0.187881399434991
-0.596555649086967 0.13426572025269 0.197664202274011 -0.165813095925532
-0.609206619068624 0.00670687554639925 0.155949720596901 0.0721862494603097
-0.459356294580903 0.159587139514525 -0.164757745329591 -0.183887152019589
-0.38661712784825 0.166312586149562 -0.291574495056501 0.177774086875709
-0.37078698167416 0.324844253425765 -0.0632436199005943 0.356955888506551
-0.191849617196866 0.537631189348389 0.165226487884388 0.310615906045416
0.0701886735145024 0.558465184390643 0.230906731063483 0.161652651441491
0.257412087248813 0.512487335451031 0.211239920586274 0.134185250020655
0.329005409969808 0.503208987098718 0.149805561712576 0.112048017513245
0.28155049496304 0.50430944994552 0.070527767436767 0.117383258702839
0.162744161817308 0.53442029958928 -0.0361893378978533 0.0845262199307708
-0.0239224988592266 0.511759254515358 -0.123830788007462 0.0105035762542682
-0.208896442130933 0.336925721026002 -0.0617087734206414 -0.217190180151402
-0.198742475440133 0.237592433553981 0.195484879134661 -0.326050149778542
-0.360489859654479 0.291636715116343 0.397045144379569 -0.147114114330633
-0.558402555608414 0.147932302522575 0.370607792448156 -0.118810244982822
-0.471988984732847 0.0193058360529088 0.320372934483614 0.111692247741809
-0.349197439232874 0.124038779421241 -0.00888713079383296 -0.0967810211703747
-0.328633323699533 0.129134502114552 -0.15032835350407 0.134753612003042
-0.31920090333037 0.305652515551594 -0.0918516098990934 0.311545225018869
-0.133350221600079 0.47475866891189 0.110873210117599 0.417780663037669
0.0938250982809394 0.470078341119612 0.261478116566552 0.353393599773923
0.236081330525316 0.427572887040118 0.312943670059726 0.325302970007033
0.256107487015031 0.418851025043531 0.258622824348266 0.284925633067775
0.177802741905719 0.410611032334481 0.146297673864801 0.283829543555379
0.0491056046040896 0.394576087491284 -0.0321326063495316 0.208633669891619
-0.083123333211164 0.311461891026326 -0.161227769036419 0.0510954906652029
-0.145328231975841 0.143196657030683 -0.0463859037724487 -0.244896828096597
-0.0641012124198071 0.13704340744488 0.308742764669608 -0.288979896372178
-0.243592637619665 0.254904353662699 0.470634462352495 -0.0364316458429729
-0.452861358687214 0.138363380276135 0.492905283467563 -0.0653694405435135
-0.26483275865362 0.0291989155455694 0.423320313494475 0.137689077983283
-0.180778971656615 0.0785388679533843 0.126118088302925 -0.0484612023236388
-0.189043586454638 0.0685482381364245 -0.061881234307358 0.0630196163135421
-0.196260809399572 0.191017509303087 -0.131810018658382 0.289496516910765
-0.0683730508852483 0.293908262277374 0.0887412354360438 0.507405870107037
0.0747805804768905 0.289210781131641 0.304035567013735 0.496636664493647
0.158180676226478 0.272271191815507 0.395335452800578 0.462840057399434
0.14161406592148 0.267595954126087 0.333858295877217 0.411354354077603
0.0704682138352652 0.255514927525272 0.173930866401501 0.401296456683742
-0.0272946869604608 0.208404863982029 -0.069653027779676 0.267842480745137
-0.0845155707568089 0.114577814637933 -0.193028614571299 0.0203386349845527
-0.0538129350813432 0.0110289967946718 0.0123103430679825 -0.269925367871118
0.0337273696707673 0.0725393509762226 0.385988245455402 -0.18463645535098
-0.13034871326392 0.189856294621209 0.456425531192144 0.0924592603442623
-0.28714345547505 0.105558715200883 0.556664002621496 -0.0163366758969549
0.0509135517694866 -0.03687005034611 -0.545857364002093 0.0504287184095314
-0.0133437019822815 -0.0614683530278958 -0.343645086416319 -0.137669050688777
-0.048183636404733 0.00133370031312707 -0.429828909598001 0.0784906472121803
-0.00920084566831897 0.033901909276501 -0.0817471499863705 0.325724564347515
0.0277298321955101 0.0203006878337208 0.237787436682213 0.0844892445373259
0.0326568321314447 -0.0153140295269638 0.141703492905347 -0.278309190326374
0.00243718268726985 -0.0569108741019358 -0.132871077101777 -0.447566829943479
-0.0168174759122807 -0.0684326274650984 -0.341953983842693 -0.463707308730906
-0.0212753000919785 -0.0709454397718882 -0.419544909063343 -0.469706216342895
0.00235418680893922 -0.0706479392240988 -0.364228010568622 -0.496768754539469
0.0457818385165434 -0.0717573633306417 -0.165825778293346 -0.492550269891778
0.07573096171969 -0.0158634591684715 0.0760265666935274 -0.308815541399668
0.0133361137243396 0.0593113985873274 0.0247269441984946 -0.0755283258330684
-0.0238489111977341 -0.0112744727123561 -0.137802442986085 -0.0407261172893384
0.0128828646940888 -0.0280565278188769 -0.347889843545323 -0.17605062288312
-0.179983367188298 -0.00805992229085579 -0.502892668921248 0.0424081169663349
-0.151417134401047 0.0343432906923366 -0.304991485316208 -0.191979787111293
-0.0919645728270789 0.0774689716908157 -0.431454113651731 0.0157833060842657
-0.0375114081294758 0.0778194551622164 -0.129208357892016 0.310589055662448
-0.00799109520693692 0.107549977501006 0.232806288721026 0.124283326195019
0.0360217456850287 0.122890244814821 0.185748772185318 -0.260655165287706
0.0748041649602482 0.112352520139964 -0.0954976334333521 -0.441569749446992
0.122705105567723 0.115998167418621 -0.317118154063268 -0.451780300088296
0.132845433251422 0.122505775670171 -0.405004099445827 -0.441625752110194
0.129182039870552 0.151774516119401 -0.365861577418105 -0.458326044637065
0.0865462061023485 0.184000048218428 -0.191815466357452 -0.453841058412095
-0.0146041992351146 0.207723523479242 0.0508078897265785 -0.299835252156192
-0.14462740533424 0.197745283574445 0.00675941581606596 -0.0871462260503597
-0.221668326554414 0.0875248986191648 -0.127119436640737 -0.0555120820638913
-0.214932980186185 0.00845802719561438 -0.304733009130367 -0.191252476104959
-0.400961616024245 0.0101083507762543 -0.390650562050044 0.0340775209995777
-0.299832016732954 0.119389792425725 -0.297957461881531 -0.249051381184071
-0.16016050951191 0.148995057662262 -0.454266406053771 0.0228357160317109
-0.0894438976922344 0.132486871186936 -0.131635738143901 0.329326345695166
-0.0569724418203291 0.20442210084333 0.242095678852831 0.144088813572728
0.0323396970666727 0.261059150746817 0.20844369228466 -0.226531812807224
0.138032911613021 0.271930667217942 -0.0431547276708927 -0.371836820267535
0.243763205651648 0.282006890497858 -0.239318332334016 -0.373786737760467
0.269071657755517 0.289515052722942 -0.323702050665644 -0.356820769358365
0.248395823842428 0.342670792073847 -0.309117062550014 -0.363897069156836
0.138922318786954 0.408474549857683 -0.18503074300823 -0.363455271031046
-0.0740551170276614 0.40452102694866 0.0184786599113815 -0.274878298713874
-0.25405888343834 0.324167788655391 0.00455137218769814 -0.133036643113326
-0.368918787020261 0.195340086757413 -0.0492125144524621 -0.0981695745328129
-0.402422391817283 0.0587762117212363 -0.185629300929951 -0.195765292087411
-0.558662100220398 0.0197720184163431 -0.227796049902429 0.0277859639914337
-0.414110564033202 0.17645868830502 -0.301706321673547 -0.281377546158498
-0.247188897846658 0.189433075742782 -0.464464407722569 0.0831270700892448
-0.184700159076198 0.199122696862425 -0.0973211428502843 0.365330763816143
-0.118406673255503 0.330964338396817 0.247376871127521 0.16226300468297
0.0371620794693379 0.397933824690106 0.213671780021583 -0.15780112331024
0.194806920227526 0.401310034636331 0.0222649110526112 -0.246611236884148
0.324712240441922 0.405971707185689 -0.119405515483105 -0.242275884542999
0.349649252680539 0.414027961601242 -0.193433284050823 -0.225437375712599
0.307006880801398 0.479191731981426 -0.207178090830763 -0.230824964534939
0.151303693517511 0.554727826990502 -0.147786797032303 -0.233883314865626
-0.125095209284183 0.511923374434542 -0.0134211402361178 -0.237856852639536
-0.300581937793499 0.382674069846181 0.0239803437596444 -0.204428377395027
-0.434631016528813 0.274456356820831 0.0788328062469587 -0.157629831841445
-0.521003378716213 0.109354007184067 -0.012879260962125 -0.187616348875653
-0.621526083972893 0.0252154607091111 -0.0380172601925276 0.0370297744471291
-0.45945672990816 0.191513564903788 -0.272005454577457 -0.251311039475462
-0.326582333953563 0.192990062627436 -0.403456695297479 0.159401636954375
-0.290314397851468 0.273334007572859 -0.0549057358246432 0.373110112697393
-0.164007711616702 0.456222534538318 0.222788383511638 0.204030485668737
0.0571456394157789 0.502338885737513 0.212671177392763 -0.0336809969253378
0.243752085473138 0.475274723120695 0.105104487757432 -0.0765906251574593
0.357939555023845 0.468644772385453 0.0167824297313055 -0.0779656812876844
0.355323777018066 0.473896696247565 -0.0496794137065303 -0.0638042012422435
0.27826832799954 0.538244810651829 -0.098930231835196 -0.0742063343094509
0.0951528731515856 0.58442425378991 -0.112700903765576 -0.0936885629128829
-0.173274214645888 0.479185291215081 -0.0453890512414245 -0.206909407234543
-0.272598053618936 0.338038740494071 0.0760102915901839 -0.277291333016435
-0.412646343124071 0.303267970647618 0.232085886195459 -0.190674332447233
-0.558704115664123 0.146570718760585 0.176968478419906 -0.165077936395478
-0.577517088693329 0.0285508166958668 0.147957447194705 0.0627809685505968
-0.426487754550142 0.168640201259544 -0.168390109890298 -0.167850842108336
-0.356492234057383 0.170718655806618 -0.270825239062158 0.179631787578212
-0.338239242392845 0.319894670706627 -0.0457552789565989 0.339789349247129
-0.160479038207098 0.516754070899555 0.17036836971561 0.284984281084526
0.0878561721129368 0.524767557165248 0.223923795220469 0.141683488572328
0.263957931538961 0.472726706385663 0.203943717917662 0.116187336097677
0.331520587055525 0.461315652255586 0.14811057932999 0.0975093670624661
0.289070131336475 0.465453485997168 0.0735299983889062 0.108029153672304
0.177284950470899 0.498801977057718 -0.0305082932208866 0.0811744196485479
-0.00168318857388093 0.48112334262262 -0.113761372116729 0.0152959921350297
-0.183562466691657 0.323975535552652 -0.0665348700003914 -0.203682320422993
-0.176488187091702 0.228187008491142 0.168830916398187 -0.315179196914279
-0.326344201890533 0.28952420324569 0.367168286109186 -0.15445890001079
-0.522619036879036 0.158678171204394 0.3437380031266 -0.126081665365322
-0.446835114959573 0.0334789345140744 0.30633378011848 0.0949598186873934
-0.323906762295113 0.130063494473805 -0.0164736450733289 -0.0889764331675208
-0.30508038852681 0.133142417124767 -0.137958257190769 0.133634831099433
-0.290626461646223 0.30101723084083 -0.0762014257893602 0.297305119054604
-0.107084679404075 0.456039522643701 0.123048003539152 0.387632904079607
0.108038037925957 0.440305499014587 0.261424296123658 0.321707103193057
0.241592106588566 0.391200650665721 0.308355071803582 0.292124588669247
0.260022780252822 0.382810808414266 0.258467705084261 0.257313301075995
0.187807438472752 0.381197464778028 0.152131725886486 0.261846344685167
0.0635053935441623 0.369764014725141 -0.0220957011782034 0.199107047893312
-0.0656139415325624 0.294063247865527 -0.148768982392806 0.054461067060343
-0.130289661681855 0.137453050627754 -0.0535333454287291 -0.231081867660225
-0.0525127232303948 0.128870830243115 0.278368868808245 -0.285491794124569
-0.218366592197537 0.251324335550105 0.438686869998332 -0.05000271083404
-0.42401064228423 0.148375420536532 0.463437511849647 -0.0786954410116975
-0.251357977264214 0.0368992109302056 0.407882020825034 0.11648452447437
-0.166595151972839 0.0799392638930453 0.115418002670288 -0.0471249816951173
-0.175439964522037 0.070561050952083 -0.0571461177414066 0.062153109887208
-0.178305957830069 0.189537960718781 -0.114227621822384 0.277362991176341
-0.0537640451891168 0.281716035974521 0.102517493641807 0.474918948606881
0.0830125896184627 0.270922415484818 0.309522817676 0.456398099725181
0.160687336981965 0.248874449824607 0.394196846249312 0.418408778239955
0.145325638943677 0.246271612728625 0.334411664650385 0.374433983789605
0.07745661888493 0.238468481522514 0.184161958382751 0.371749698485262
-0.0176902503633378 0.197106650247236 -0.0548931423481779 0.257351310376962
-0.0737643841162568 0.109216437902967 -0.180254788514694 0.0257642379472311
-0.0478459603657915 0.0114002191958034 0.00187310990314277 -0.255568631669733
0.0363907781859087 0.0659635846753868 0.357789200893547 -0.188275406863154
-0.114541488924659 0.185502089650563 0.431908501315231 0.0731629257935053
-0.267357410220683 0.110784420867089 0.525820342855223 -0.0315235717112454
0.0514818415455133 -0.0346162377217008 -0.527133973305848 0.0448988898006782
-0.0131815366178811 -0.0589669421405087 -0.32893783843837 -0.136478705367504
-0.0473563874578535 0.00120397039220306 -0.412104778136694 0.0714137091992255
-0.0100070974407409 0.0328807237623583 -0.0799597214565295 0.313860832220472
0.0262671450012555 0.0199361996962132 0.230143653198586 0.0846204260520659
0.0325982916448526 -0.0141293314835624 0.136300661804254 -0.265803895115805
0.00232514566408949 -0.0524696730357994 -0.130839798116894 -0.428508579913622
-0.0164671437518945 -0.0650678004413888 -0.332506282426948 -0.444394341992519
-0.0199969085066321 -0.0690476032711304 -0.403738602358194 -0.451114865907276
0.00340112505164857 -0.0685019392006063 -0.350925787478395 -0.477970188833575
0.0433577932049399 -0.0695367648458477 -0.158900222634463 -0.473374802109038
0.0727485323599699 -0.0146234493998054 0.0736743471053754 -0.298214205665648
0.0134734017863486 0.0591226058706258 0.0235460887782823 -0.0717352712510124
-0.0232393848089093 -0.0117596038795032 -0.13244666898534 -0.0416033534026128
0.0111133051875013 -0.0260876861092681 -0.335126131448974 -0.175497069897941
-0.170865898988557 -0.00636218596975137 -0.486795522352659 0.0387005974441933
-0.144018844969725 0.0331808881907062 -0.292169272663452 -0.188732420252472
-0.0875771246610835 0.0737219319937997 -0.411840693056479 0.0120118685140637
-0.036626225073791 0.0745887559939406 -0.12718231963574 0.298799224809029
-0.00690492874221189 0.10169998852016 0.225062341115337 0.123239395278251
0.0354644951638328 0.117232234766137 0.178126775256082 -0.249273673525304
0.0722859266988722 0.109080189321087 -0.0928372591321263 -0.421536242619156
0.118733577684698 0.111588954678579 -0.307643230921777 -0.434268547672235
0.129405864253587 0.116603509267162 -0.389234848539381 -0.424693711773034
0.126099421159377 0.144861750768783 -0.353536532880073 -0.440301064799916
0.0829543816932567 0.177021999327408 -0.183761430412881 -0.436316802460567
-0.0150209642584365 0.19953475361356 0.0504127186181384 -0.289987375666961
-0.138894852913344 0.190488148140406 0.00557693041900388 -0.0827657192004968
-0.212775733449267 0.0829449960926518 -0.123119213550842 -0.0566123802081011
-0.207929144953736 0.00680289385702317 -0.296236832928742 -0.190387935373191
-0.384339597496315 0.00952122804143284 -0.381942861927492 0.0307155821797886
-0.286814184171247 0.115400727842043 -0.287086295827319 -0.243596670221231
-0.152868648614584 0.142567313218387 -0.433942592671711 0.0190400248226304
-0.0847618916120164 0.125858638679242 -0.129053607516236 0.317029153885866
-0.0530015656921076 0.194493057750014 0.232610790243682 0.141019994081665
0.031660715117187 0.248478969857084 0.200072504457129 -0.218296396668554
0.133082628632766 0.261643838359743 -0.0430499215906798 -0.355903733843626
0.235982940242679 0.270516237074293 -0.230849911034777 -0.359482859030292
0.26165706627966 0.277401040066489 -0.311387875055029 -0.343014037401631
0.242526811168059 0.328583778638008 -0.29900443415573 -0.352005244734716
0.134122974602209 0.392589177004578 -0.176107140554886 -0.350063023750756
-0.0728966154718925 0.388354993263456 0.0198520793876183 -0.265938885640245
-0.245137964140779 0.310596685447865 0.0027096114917721 -0.126838323887489
-0.352270640715833 0.185784482187278 -0.0490644436086068 -0.0976588228131516
-0.389580760934538 0.0535605731216757 -0.183098458032166 -0.191874240814021
-0.535520339095484 0.0194701964993738 -0.223434578518849 0.0267866266260435
-0.39605602674412 0.169679364450562 -0.29371770126361 -0.274963981048448
-0.235531586518651 0.181617622110886 -0.445320040212885 0.0786387016427254
-0.175822099470811 0.190287690659579 -0.0957459549084627 0.352198073120551
-0.112434398742155 0.314812634889557 0.239024710381917 0.156520234574202
0.0347683674962193 0.381273998326287 0.204710800561269 -0.15385035454519
0.189262375170489 0.38530063958129 0.0192284709428797 -0.237797886392244
0.315837521730067 0.38888070610933 -0.115905233382732 -0.234773624189297
0.340394964099932 0.395072608418824 -0.186411491986299 -0.217472640171502
0.297948979532781 0.461217052465096 -0.200411409678791 -0.223526158161212
0.146181437068107 0.532150305680398 -0.138845144355349 -0.225053131940245
-0.120424985191643 0.489778957890315 -0.0122708916679035 -0.230483383639204
-0.288952868989861 0.365548282669789 0.0196819717848712 -0.195724394655728
-0.416492783123838 0.26239639388766 0.0732651140469203 -0.154192720426324
-0.503404230096862 0.101028729078625 -0.0168845150244499 -0.18273444768338
-0.597684084674996 0.0234237906262125 -0.0404400719469965 0.0358295766051169
-0.439803486171218 0.184274870198214 -0.26707472773317 -0.24322817021299
-0.311824174780208 0.183212881684467 -0.388237956039197 0.152609234882424
-0.277273814024627 0.26057015673812 -0.0543886938472371 0.359749682823099
-0.157038321746448 0.437723548024127 0.215416651230926 0.195359790911341
0.0551159107143107 0.482060567122782 0.203407864947159 -0.0346631066588221
0.234990163187545 0.454616086472306 0.0991606937206155 -0.0744180445005077
0.345565876435609 0.44880426171717 0.0167302268887268 -0.0769741342502456
0.343853453504928 0.456110665286243 -0.0472229265325806 -0.0615142662592292
0.272744189929788 0.517233120395724 -0.0959785127313799 -0.0722483354506359
0.0911008160793447 0.559814159287261 -0.105332018190235 -0.0900649441164325
-0.166304762270164 0.45915262825791 -0.0444559806474616 -0.199555106122305
-0.261930737497832 0.320872101450735 0.0698206298725646 -0.266425823581561
-0.394799807706498 0.289213102804317 0.21890259993264 -0.184748670628041
-0.540479651991761 0.136651482010792 0.167442902760894 -0.158293778801351
-0.557582720004345 0.0270337109560735 0.140521017830088 0.0618204741430149
-0.408779594253648 0.161788524848019 -0.166758314213636 -0.161437583756512
-0.341467036869645 0.161526136727038 -0.261184771402995 0.174433501694508
-0.324177126940371 0.30780652117426 -0.0458570032485442 0.325666509388514
-0.153804750315413 0.497627017829455 0.164265531047329 0.271353830435072
0.0852271635110528 0.505071801850631 0.214519002321913 0.132690592291667
0.25468634897577 0.452400449735859 0.195882435930052 0.109365570229429
0.322758997427565 0.440562435736629 0.144448507298578 0.0904018843265528
0.280403727924924 0.446130905729873 0.0725850018047282 0.10336397963727
0.172193645917805 0.47888428370171 -0.0296180633447956 0.0781498842158183
-3.53061097284899E-06 0.460640821623504 -0.106270647542057 0.0145264144679798
-0.177349815088282 0.307169251399241 -0.0646556019542933 -0.196220909840708
-0.167617830694745 0.215495670391737 0.159356392938467 -0.304059173645804
-0.311390318161348 0.278981247817697 0.349649018912458 -0.14834818966965
-0.504460427654438 0.1496153413505 0.330173703367467 -0.118963835765123
-0.432378046966808 0.0319107811893355 0.295630137531671 0.0933739347196392
-0.310689978045629 0.123657442786325 -0.0199082135655423 -0.0829730961542854
-0.292877508594764 0.125623103197366 -0.132918377195048 0.129323946366073
-0.280054634794469 0.290128517462504 -0.074537216871424 0.285654843835478
-0.102808119224949 0.441486828928715 0.117925215789595 0.370834821455426
0.103684632397092 0.42351194389108 0.251016973155451 0.307113341470824
0.231898815356355 0.375474196731347 0.297120224281085 0.27931061868796
0.252461469886108 0.367318815177122 0.250466335875375 0.244129500262889
0.182115214863982 0.36601194905071 0.149137433340324 0.250899504229953
0.0617602787125686 0.35377508135873 -0.0214730670037104 0.191434369713498
-0.0628246756141591 0.279134808273229 -0.141682438615326 0.0513275325037114
-0.123826407224984 0.129794886568512 -0.0517507128173414 -0.223233984047243
-0.0479805136841441 0.121477432579899 0.266009534782992 -0.273865640971452
-0.208377838596308 0.24191145099321 0.419279340343594 -0.0452147125248406
-0.408737789649471 0.140083945259011 0.44509201669682 -0.0718983918584243
-0.243221235885108 0.033390115437504 0.394413038253115 0.113393571996279
-0.160215171540567 0.0759161095461793 0.110395637123574 -0.0413221785396661
-0.16793181517147 0.0667336983556476 -0.0560160798077812 0.0602204019063128
-0.17090651434705 0.182588398159205 -0.112018314944213 0.266797061547056
-0.0518235083791542 0.27272405630508 0.0995593195180746 0.454764255158708
0.0797991079285113 0.260756275175234 0.298684317969222 0.437656121200411
0.154954736501115 0.2380717499402 0.378951175073153 0.400709519570745
0.140395249003084 0.235998832286202 0.32407313087104 0.357403065989328
0.0748673185875628 0.228542898855243 0.17952836557589 0.355683711198214
-0.0164517098613534 0.188553958686422 -0.0526029410475933 0.246829797829405
-0.0699312906808767 0.102380846080032 -0.172396622599401 0.0229306295804094
-0.0434336987810243 0.00912571010063298 0.00208351398348072 -0.247653731092689
0.0364532589373149 0.062926012680029 0.342860423471037 -0.180514400402736
-0.110369416715764 0.179466678441335 0.410936390920951 0.0736330387071434
-0.257139653129763 0.10480374178273 0.507143136607932 -0.0270045287817006
0.0593731234134311 -0.0266208449789588 -0.532719069939049 -0.0241134439507004
-0.00198279258133289 -0.0607327742066735 -0.302644001631549 -0.185374515153745
-0.0461402665479722 -0.00754523940681763 -0.415369692442576 0.00821145372481485
-0.0175853596385087 0.0298038821824916 -0.12299187816817 0.294546736093157
0.0216031454629814 0.0257152514237855 0.21483299522602 0.118280916693254
0.0330719571019801 -0.00751089595650596 0.172929486168214 -0.239478368598312
0.00771428326669586 -0.0503114304746207 -0.073280214148559 -0.43857772627003
-0.00908646133354729 -0.0676007911660983 -0.262647896445865 -0.488224706995896
-0.0151492987571598 -0.0715429637744495 -0.330028291763975 -0.510922581249315
0.0102686959497494 -0.0676792226966858 -0.272706542828152 -0.52779388927845
0.0471007243412731 -0.0626500865724136 -0.081736067794408 -0.49154033008252
0.0689244961732 -0.00413974048034575 0.121903173928718 -0.28644285540163
0.00442837821075478 0.0595318407123391 0.0357720472129753 -0.0661589512722708
-0.0215777212182869 -0.014482742178777 -0.122659778790332 -0.064759557565305
0.012769330846296 -0.018799393913331 -0.307500474834663 -0.238938113779317
-0.163256072052093 -0.0290208128942364 -0.486846190017906 -0.0406566771963795
-0.143847205186041 0.010931139127631 -0.259294012699438 -0.239561679529246
-0.0960198408025866 0.0580943719286671 -0.40899587671061 -0.0557666751742079
-0.0483813349054305 0.0655511332929974 -0.166830597948107 0.270772718130839
-0.0230124571690004 0.0976988992410643 0.203637565706252 0.152116950063312
0.0158359219187374 0.120118105472886 0.207827210345539 -0.223258993334227
0.0516263639843781 0.120022049263421 -0.0381077081533137 -0.432854638241857
0.0968380144522609 0.126640320949463 -0.237149257785337 -0.473091957563869
0.101896649972655 0.13338855802055 -0.320048101878487 -0.482546692445483
0.0969345160112032 0.160122730015825 -0.275184027487126 -0.495431131614907
0.0457219219145441 0.183655563540357 -0.106549040351147 -0.462139786316763
-0.0527538076798461 0.191811212225302 0.100996874494622 -0.284081766195006
-0.166114145074784 0.162963462573871 0.0222685542060362 -0.0788455900405236
-0.222353311094372 0.046647933928484 -0.107399557413988 -0.0744355594823121
-0.209048811710559 -0.0267894760649613 -0.264701800837935 -0.244707263738076
-0.375988071433056 -0.0416380710663583 -0.372756514833315 -0.0473601933914812
-0.295956576447013 0.0698854974865575 -0.246658107158548 -0.301169683367118
-0.168341952689354 0.115239282655252 -0.433779610935188 -0.058933701926353
-0.101954969596532 0.107303768749518 -0.170500647662303 0.285975751934422
-0.0822547003391448 0.178434907384831 0.210299080360175 0.165272228733243
-0.00896895046437549 0.246646136418062 0.221193028207124 -0.195110809420684
0.0886886948089021 0.279395223043467 0.00184237097446111 -0.365263018141168
0.188147930985425 0.301302667775816 -0.173673453591182 -0.389214980699281
0.206539997679183 0.310735953276687 -0.253669259022764 -0.389666239342509
0.182125323365147 0.356928636948681 -0.234238538227618 -0.399822502419593
0.0622733186032507 0.400067384559153 -0.108919263724377 -0.376709643129382
-0.140844915858123 0.36911029040004 0.0687706912756255 -0.267131489868699
-0.290442806979995 0.26299262071743 0.0278925881119583 -0.121705441236408
-0.375778291870661 0.122100899095688 -0.0248298989509582 -0.10138669965795
-0.394897523876551 -0.0140824247634305 -0.151108369016891 -0.223941292731661
-0.528903398361906 -0.053204425077495 -0.21045408682899 -0.0394274541921385
-0.411025467233651 0.106735958901262 -0.251644458117881 -0.339116723333399
-0.254480898578077 0.140541961737487 -0.454584292859289 -0.00410327531378762
-0.200805850508913 0.154163902480565 -0.13905615929084 0.320931820068484
-0.160654811304312 0.285416789310123 0.215907090529997 0.173126263769272
-0.0262206029822388 0.375856850357407 0.211837280879022 -0.137042960731352
0.124768687510946 0.409975141338967 0.0476238921104393 -0.243094315800822
0.248248422408056 0.430271176958921 -0.0776855725698497 -0.247955433678022
0.266219138974552 0.438210968038859 -0.1469613975571 -0.246482113619433
0.218424958541505 0.493930751575524 -0.154700484424919 -0.258337844230103
0.0531981698748288 0.538686911052594 -0.0899367064068872 -0.248953485257671
-0.204359107031866 0.459396702509147 0.0320877445336641 -0.237610315077299
-0.342774389097733 0.307092411207009 0.057009094327515 -0.186303331563023
-0.44919766366297 0.184073527247319 0.106189078724392 -0.135761039975947
-0.516307174530828 0.0101757704571508 0.0166001790445751 -0.1828504050832
-0.592756486908965 -0.0552429708025133 -0.0258799195753725 -0.00962512620594476
-0.456781748076123 0.11414624531791 -0.229467179338842 -0.306965477456578
-0.330413847766204 0.129123596596136 -0.405917224587998 0.0756280875412619
-0.31237418179948 0.20572715003494 -0.0972839613932891 0.32848707996121
-0.225365968244378 0.397409990851049 0.186940282009332 0.200312142985402
-0.0230096755045787 0.477917934683262 0.188942859795495 -0.0227029106118039
0.159724415627411 0.485379516547852 0.105432646196317 -0.073252733813789
0.270371661699622 0.495097759878907 0.0284554300650863 -0.0721546527876307
0.26420028177605 0.496928575018137 -0.0321496136005498 -0.0707235296124367
0.183992563571725 0.545598342325962 -0.0746022321392191 -0.091421735562355
-0.00204679439314558 0.557483417306047 -0.0766038942195251 -0.110786807494275
-0.24469324769449 0.420070273130537 -0.00465957391516884 -0.210433909810443
-0.308545611889197 0.264838485952764 0.116335013662614 -0.248900375956796
-0.432339831861198 0.214726495687696 0.255003095509174 -0.141627089496912
-0.555858478506001 0.038131460475864 0.197824117995523 -0.125931274180722
-0.555860343566044 -0.0486918306340579 0.149953102368853 0.0431135059828874
-0.424172418524164 0.0960444441021043 -0.142451111738936 -0.206723907259122
-0.356666684326299 0.102972726390992 -0.28057247093315 0.114473378274526
-0.367633454588317 0.244250814642117 -0.0826166777146868 0.293407700573397
-0.232830950385865 0.45726223423525 0.124207155313961 0.264158756974612
0.00361067413832309 0.505322739183105 0.175148337897446 0.145121653973774
0.18225768511759 0.486276042761866 0.175721227471018 0.12113923036152
0.249215416752341 0.484642321326879 0.128554591993443 0.111815359007457
0.206645312405218 0.477543522415299 0.060323451728275 0.112120933771546
0.0947418623612519 0.49259805463538 -0.0333795070277967 0.0693603777481287
-0.0742390236377304 0.444558527699772 -0.0977586006355609 -0.00543764090656842
-0.226717851268904 0.269406391535803 -0.027227161109226 -0.208475419248161
-0.199838807681826 0.17454945933531 0.207740365936725 -0.273653706820644
-0.347849757746797 0.215868702248145 0.376438215347579 -0.0844668832921592
-0.52019007683184 0.0563248349279211 0.355116515101644 -0.0582735656716599
-0.433279223736482 -0.0276773470630962 0.29473816927145 0.103946386939976
-0.322960549354624 0.0734875319527547 -0.00598300735825339 -0.0996777835275232
-0.305310496852586 0.0760650336903211 -0.146530417568379 0.0921300313615575
-0.320949747035686 0.235631683895565 -0.107920107577974 0.251364149126612
-0.175397208039288 0.412510078448955 0.0618850274665377 0.358872137636573
0.0349718138402053 0.429666485312243 0.189426643328216 0.327735627399116
0.173874077675679 0.407035162504547 0.255115975756221 0.30577596016478
0.192153641247676 0.400898159848001 0.209821277612195 0.278212155026046
0.121998882376475 0.385215496422971 0.112903927164743 0.270928002393988
0.00667292026146689 0.354265236373525 -0.0444738612739793 0.184670542236043
-0.104863631705939 0.25901446699546 -0.142349663370395 0.0266563666018538
-0.144476161716996 0.103586868615017 -0.0133372233011527 -0.231197211622247
-0.065778745861926 0.101351024735771 0.306606836014936 -0.227580379248837
-0.239845276062962 0.198740539115386 0.426849022474286 0.02786938085061
-0.422800244905618 0.0602233596005977 0.46320460327175 0.00648869845331708
-0.248428434482932 -0.00158607511628759 0.384583557338859 0.150391465158921
-0.169187347584455 0.0499321000115132 0.117298761339013 -0.0298446985144781
-0.173926858068639 0.0380027124170963 -0.0628573632810136 0.0418321711518308
-0.197697275217093 0.149978257481389 -0.144547464482995 0.234449382107792
-0.0985676454411886 0.258673697413263 0.0328511794907051 0.447230846477377
0.0368607120574434 0.26474656788009 0.223702977603939 0.470837061997283
0.119342506173213 0.259032933236711 0.321870237195435 0.439738503044012
0.103916813562791 0.255067356819249 0.264741457703751 0.40009524155536
0.0414525504341267 0.234536866559164 0.125592304712887 0.377476464092113
-0.0441564613385904 0.181644258553878 -0.0867808499290034 0.23616479283694
-0.0838232247591191 0.0879483650925405 -0.171905216392161 -0.00613678674200922
-0.0453558905077653 -0.000141219345306791 0.0426211312711487 -0.245693498429454
0.0274824886031059 0.0588162001929258 0.367408560701645 -0.122663671882601
-0.133476505246509 0.153739591887023 0.395601702295258 0.144502033752934
-0.268318395971067 0.0516632819442097 0.516026659924002 0.0617269191891898
0.0633102532852781 -0.0271897225170965 -0.551484950035329 -0.023455775990544
-0.00127884944090118 -0.0626094925493597 -0.31020662994605 -0.193535486280386
-0.0478774447250386 -0.00749496719122633 -0.425591280142716 0.00715831242980508
-0.0190355853605223 0.0306861712539107 -0.126913851977069 0.302119659515427
0.0224614645617763 0.0262351199680018 0.223461357044551 0.125987758614029
0.0351559427593136 -0.00781219197000964 0.176604077458714 -0.24463250696554
0.00847760903255181 -0.0503784767303453 -0.0794572284106914 -0.447925109163784
-0.0101060818962726 -0.0688730333759777 -0.274327866621136 -0.500773889111535
-0.0155994208705246 -0.0743286852483722 -0.345116529271979 -0.52461118677495
0.0112510891872336 -0.0705168355536987 -0.283825161661234 -0.542013214600272
0.0480384091176716 -0.0645438909615003 -0.0865140437835653 -0.504203010780285
0.0707706423613361 -0.00444220036469235 0.125585954754284 -0.295883618186967
0.00549429594489646 0.061947810462017 0.0376796888022907 -0.0662829299272044
-0.0228340078328275 -0.0160191968701702 -0.125358115601024 -0.0690413053394384
0.0138804857864908 -0.0184183331749864 -0.320171396803979 -0.251683635764699
-0.165720186368954 -0.0292967268162038 -0.505996617380722 -0.0412034833877784
-0.146283221841932 0.0113556417318722 -0.266241349209873 -0.248053260807691
-0.0969160877541933 0.0603518760380451 -0.418940553317218 -0.0596235667712212
-0.0486341649231898 0.0671204357883813 -0.174446416648235 0.278501045487785
-0.022329544071287 0.0992896111300292 0.211922374040526 0.160513715895917
0.0174664527165618 0.122117274807706 0.21229631105427 -0.228383842217957
0.0545074181279191 0.123218563933461 -0.0428477619939931 -0.441279612741998
0.101041941227519 0.12965755828086 -0.249517587097197 -0.485415374764093
0.106793805191993 0.135440532863681 -0.333435262313794 -0.494855408635425
0.102464616104037 0.163780573777999 -0.289323502525308 -0.507321246828643
0.0480908826705924 0.188962211160015 -0.110294191930498 -0.474882978948262
-0.0540304646802033 0.197528403408759 0.103317738249206 -0.293561960073768
-0.170591893241585 0.168217366606209 0.0217492002355771 -0.07870301662856
-0.228777492541862 0.0463838300388608 -0.111093950343993 -0.079218629790909
-0.216655704914193 -0.0270275860776375 -0.277780444039672 -0.254919689645549
-0.386110241128611 -0.0417829587273274 -0.388453078175925 -0.0465850480378592
-0.302217962040466 0.0727817552760578 -0.256001621143698 -0.311492220649233
-0.171069994806 0.119194267165272 -0.444730633618981 -0.0619271053893263
-0.102158253229964 0.109766654516618 -0.177784707941827 0.294490462165242
-0.0811713650133125 0.181734059410256 0.218869004892289 0.172957924777986
-0.00717211783751642 0.251693238121994 0.224972345584358 -0.200495379443631
0.0935983551978019 0.286675332070424 -0.00126409160748734 -0.372975698099915
0.195923912502293 0.308587662342382 -0.18141308792014 -0.398877658225212
0.216864807073718 0.318129476674164 -0.263630788426431 -0.400909701946565
0.191435011916946 0.366010752148797 -0.2449781354044 -0.411269364788007
0.0653325156441209 0.412023996701568 -0.111283972144333 -0.387114304913034
-0.145335188006194 0.379615229604487 0.070275054222926 -0.276086664481777
-0.297715361074683 0.271005324162784 0.0266008319911088 -0.122829408832227
-0.3864028901228 0.125100598997694 -0.0283412655506479 -0.10699930033015
-0.409755355932496 -0.0153553175712534 -0.159148572678956 -0.231090568897593
-0.5440284469791 -0.0525910768661348 -0.220361128886304 -0.0391930729346969
-0.420464325586968 0.111019137298064 -0.263175522046479 -0.350383710240218
-0.258902694091765 0.144692318251853 -0.467462711646481 -0.00586134579980936
-0.202538516709346 0.157866530062662 -0.144631320838157 0.330695933742628
-0.161924755531985 0.29262011275779 0.224905477154465 0.179852060085289
-0.0252571227656432 0.383962728982756 0.215683497106278 -0.141259193236554
0.131282448169814 0.418898834233013 0.0457983316968565 -0.249080298782212
0.259452131395722 0.440296927434602 -0.0818058655872922 -0.255595681286996
0.279376935295931 0.449496817482232 -0.153218914568221 -0.252921801151112
0.23016318702454 0.506825608598696 -0.161745821476059 -0.266553068157443
0.0567967878471011 0.553103942980035 -0.0897925437447101 -0.257742717040075
-0.209439864469272 0.472942206492525 0.0328777179020669 -0.244420009701659
-0.35041671495709 0.314075802826069 0.0539253456599371 -0.190326937190794
-0.460223883239182 0.189626440820561 0.1050039930728 -0.141931864908196
-0.532172075697212 0.0095369441890092 0.0127597280503168 -0.188069170855899
-0.608166468494466 -0.0562381931582187 -0.0307623019061842 -0.00873129642424854
-0.46730922269775 0.11927781892044 -0.241935535288299 -0.316119358483307
-0.337521699560307 0.132586616419758 -0.418315049646907 0.0787586394463925
-0.31788549385042 0.211646790422575 -0.1007219384152 0.338885500128285
-0.228158047435721 0.408882548590917 0.194369883786298 0.205501400505236
-0.0222370439037442 0.489655930683318 0.192525146623241 -0.0265863619464305
0.167592966719259 0.497644018354017 0.105358941221424 -0.076411912150498
0.282314729474796 0.504810157770722 0.0288585371052471 -0.0774233282638087
0.276821026797662 0.508612070399706 -0.0327928473400729 -0.0725822799946965
0.194501673295951 0.557723215997599 -0.0784515056103359 -0.0934524442024726
-0.00061144602293607 0.570675896008896 -0.076948939901278 -0.114203822724698
-0.249561431465322 0.431334868272404 -0.00637311874152068 -0.216800967511158
-0.316684430495712 0.271192823875573 0.113427406470851 -0.256304550054891
-0.441136436217848 0.221712955781149 0.257645840781455 -0.146927831819747
-0.575522298891891 0.0375743359171319 0.202068224184857 -0.12806432046719
-0.571003879074608 -0.0482815887153397 0.151420921093004 0.0438936540649439
-0.433437380922317 0.0999716162142581 -0.15205150820574 -0.211306371098274
-0.366206726660294 0.105210180183136 -0.288301949075491 0.121613779522357
-0.375355269675539 0.252890307803634 -0.0857685262029295 0.302456424728144
-0.237900527225618 0.472194813334504 0.127816054747801 0.270458884383837
0.00552465033847619 0.519386642076501 0.178836214582274 0.145922017439273
0.190857613170851 0.497654140063376 0.18032256473492 0.122346713458962
0.261391114929222 0.496789008738348 0.133833967285717 0.111487318404155
0.215546340882366 0.491275958028611 0.0647007442991318 0.11434112652573
0.102485994831208 0.505552565552574 -0.034748084004235 0.0726503725755276
-0.0740713698090107 0.454981257380618 -0.0985796360683684 -0.0065680306759017
-0.231546537798183 0.274830543415362 -0.0301524810843278 -0.214743293864067
-0.202388171564339 0.176769083097545 0.209086643101395 -0.28120262400458
-0.353837268712618 0.224527651012805 0.383004981354329 -0.0855521934999752
-0.538466554667579 0.0571490851450755 0.36563217206841 -0.0580645680274278
-0.447278818008862 -0.0273712263878177 0.303207008781837 0.106059909904458
-0.332399115775319 0.0760087594830775 -0.00827180288863229 -0.0991034689144434
-0.313161412818959 0.0768362044901354 -0.150570935043683 0.0968798105465525
-0.328871764202629 0.244134031135528 -0.112647366940751 0.258970702943037
-0.178826891765713 0.427827845067263 0.0642832038658676 0.367051238402518
0.036887893256249 0.44094582747476 0.195325042345609 0.333913855725792
0.181879749982591 0.415343835337225 0.261879928767366 0.309954375286635
0.201801153329753 0.410264643593966 0.219693005204416 0.282027388391829
0.12954614797699 0.395324636111473 0.120892607896029 0.276234685958037
0.00992831918271546 0.363400993745289 -0.0455341462127623 0.191169623296854
-0.104983401706616 0.263578033039244 -0.145663377124335 0.0260371534422049
-0.145440897453031 0.104821891066489 -0.0153785090968924 -0.238687328638756
-0.0650775058519623 0.10282150630341 0.314075535802242 -0.23552710109837
-0.244145727425679 0.207009458074819 0.434355329342073 0.0319270742491705
-0.437657825113306 0.0615920950194879 0.479589683058206 0.0101098149168979
-0.257680969707128 -0.00159206924437582 0.397358714576136 0.154865173266439
-0.174089228726803 0.0521055541145049 0.121292249144501 -0.0282154458680392
-0.179421049759508 0.0383061522726186 -0.0640411934814449 0.0440116309930829
-0.202504623616525 0.155536681638489 -0.151003210785843 0.2414293964597
-0.10052488968649 0.268514238927538 0.0338741864253213 0.459764218375725
0.0383944111541978 0.272959029958099 0.232149663769968 0.481317498403774
0.124587264176211 0.264459673760396 0.33311546637904 0.45009149177456
0.108771545935375 0.261760098658751 0.276134480790271 0.407382025572393
0.0441231503780536 0.241450237274581 0.133901821488799 0.386233750666701
-0.0440712496901429 0.185848844429465 -0.0881406836932188 0.242891539371426
-0.0843152653413546 0.0882119495123837 -0.176929604152586 -0.00844542966677031
-0.0433065935102048 -0.000615612287215871 0.0436928964328311 -0.254045544263601
0.0296709636808734 0.0603069650180199 0.377369768195595 -0.127527208440081
-0.136410061980183 0.160898907741868 0.403725757145511 0.153352488172228
-0.276103008708337 0.0512788323526008 0.534082774885887 0.0661368710383958
0.06639196338921 -0.0304122520018524 -0.575171752602168 -0.000358887350648009
-0.00319389544051069 -0.0646435105702149 -0.327161240312387 -0.191047146750751
-0.0497461586074417 -0.00581325903848636 -0.440888648860734 0.0224062004824495
-0.019806007978571 0.0325313047264216 -0.120885509897921 0.317910165436678
0.0238505882787796 0.0267462573829461 0.240720814758068 0.12272494355939
0.037212412504265 -0.0090570154538727 0.173209904352779 -0.256467208403425
0.0065973159118106 -0.0509010622755023 -0.102613495736399 -0.456167161613677
-0.01356877412794 -0.0698829949351381 -0.310372793395548 -0.503392551087274
-0.0195848664001905 -0.0765886504076119 -0.382638753013595 -0.52696454423082
0.00906206550306774 -0.074939624637151 -0.318058738307267 -0.548735567847299
0.046815021134477 -0.0687520142176279 -0.10924003214384 -0.517632968744837
0.0730697561494469 -0.00699884975574554 0.118409560641812 -0.312501781987431
0.00930255758266426 0.0644128910067124 0.0376870851211683 -0.0683019368725112
-0.0257801961451929 -0.0163759768980154 -0.132005237617706 -0.0695652319147461
0.014121240917362 -0.0193660562279455 -0.34509153527427 -0.25081429748837
-0.170652953518829 -0.023133034814267 -0.528620894072182 -0.0180126288074067
-0.14929983862033 0.0176806328108387 -0.285408209699635 -0.246859195504114
-0.0962966314048629 0.066436043609545 -0.435032663735727 -0.0480231360552261
-0.046687236147974 0.0707086427966145 -0.171508171256873 0.295234044743609
-0.0174562941830125 0.102269929388601 0.229252542833565 0.159804178709935
0.0237947899634018 0.124692977329281 0.208996782854444 -0.241763965855014
0.0622591264660667 0.126058115987711 -0.0653042094718677 -0.451203765581857
0.110508782254116 0.12934078187687 -0.282849658114277 -0.489573423373876
0.117460018227213 0.134120804503358 -0.367744723331347 -0.497389019909294
0.114414110871804 0.163405375209475 -0.321694449231976 -0.513124164945679
0.0578672157577205 0.193932849351076 -0.132204947689024 -0.486857196038224
-0.0471944836419515 0.206846558294945 0.0957678950892978 -0.309003025230312
-0.169188325029006 0.180800763422232 0.0191966785690178 -0.0798176131153872
-0.23552436223244 0.0567654876705349 -0.118970749801659 -0.0801778234203216
-0.22619818402345 -0.019742278316887 -0.302773275147339 -0.254881528253843
-0.39807282252739 -0.0266972539547169 -0.409237644967809 -0.0298294397608758
-0.30831124212938 0.0882338800325114 -0.279029043284955 -0.313027849861011
-0.16940568555296 0.131151209576601 -0.46203536952955 -0.048607225707966
-0.0982754393168916 0.116493826560793 -0.174251716922697 0.312859530244644
-0.0747083858776341 0.188286661046837 0.236775192071747 0.172773385851293
0.00371052781103172 0.25836555761579 0.223625433253887 -0.215809613439407
0.109626755168537 0.291295827321835 -0.0191952266579683 -0.383360714522184
0.2171237814399 0.308024394537467 -0.208520823922372 -0.406073681868422
0.240443200954054 0.318315640101139 -0.293162409517882 -0.402360892335157
0.21653147978743 0.367993080381799 -0.273898889529601 -0.415637183999717
0.0872697592975114 0.424201452185659 -0.129156475083783 -0.397118627464541
-0.133126047252185 0.398988740939448 0.0619230236724767 -0.289309175471216
-0.296864717013662 0.291517898232829 0.0205322739106338 -0.125621016786925
-0.393632661101546 0.144341613346057 -0.0357446535234066 -0.110878997247633
-0.426390346914771 0.000475375250926747 -0.179256278764187 -0.232305218825049
-0.561829673252415 -0.0337936394725561 -0.234581082967667 -0.0291455687009666
-0.427933051400422 0.133720780433332 -0.288864528185836 -0.353844058747529
-0.259754377189604 0.160522324089675 -0.484244597653944 0.0129899676758372
-0.199221203445304 0.169672225927356 -0.137881830874543 0.350202226586651
-0.15153562101865 0.306912241293886 0.242454468881302 0.178159439047176
-0.00968325558151473 0.39599228154904 0.215088855677805 -0.156034821834593
0.154173015328233 0.426409478540261 0.0348979139074623 -0.257851166293592
0.28920426988572 0.441954395185415 -0.0982187745325193 -0.261975969534344
0.310847365479881 0.449162261943723 -0.170426484195572 -0.254638503031173
0.26435545823691 0.512860381658384 -0.181923406783548 -0.267699984807254
0.0843742831546121 0.569579532608288 -0.101639955374622 -0.263904513624885
-0.198150928770022 0.496989614486664 0.0239297142957454 -0.25438454867834
-0.348496674489105 0.33787128429495 0.0440434915945123 -0.196478717742079
-0.46702282223655 0.215146381673204 0.0998011232023043 -0.151213082137826
-0.554846687029015 0.0311610771387766 0.00275521439243585 -0.192651619964124
-0.631555114543213 -0.0328518483569189 -0.035542437335837 -0.00696246332482067
-0.477564977658749 0.143101040776032 -0.267625895767183 -0.317251855344966
-0.339675738275304 0.150865829804684 -0.429284822603362 0.0991765804105516
-0.317268920093342 0.229722901480817 -0.0903823152678262 0.35671322225976
-0.216568776071063 0.430797051811557 0.211499423004214 0.204542046672068
-0.00204325216592592 0.505986580806385 0.196487647914894 -0.0364263638177813
0.194720834005735 0.503555000706606 0.103792758691755 -0.0834925695195815
0.317269463063408 0.50796892339051 0.025914073856594 -0.083369739144527
0.310279637653011 0.513479507140957 -0.0365787926025813 -0.0731158916088433
0.228790645197465 0.566199172725377 -0.0870279359364243 -0.0930068795433853
0.025401670431655 0.589047353667667 -0.0820039375310982 -0.116716863957059
-0.237611404576687 0.455233760570878 -0.0158796429438223 -0.223356756096881
-0.315557928350043 0.28949006895558 0.102842116477143 -0.268152848468786
-0.4440290076515 0.245905162381156 0.257329810668924 -0.160808352563219
-0.596958894706461 0.063722405587198 0.20268052199173 -0.138617034871738
-0.592700924319175 -0.0264931406678415 0.155939837200332 0.0400507986039141
-0.443751303237097 0.121541989101787 -0.170369509770722 -0.210535640886837
-0.373344150371516 0.121721913912292 -0.29331328222974 0.138416553569076
-0.376011908531357 0.275792111262118 -0.0770099615897246 0.318000426565698
-0.222893907696056 0.499365464196132 0.143279973467535 0.273324535638886
0.0268942685416221 0.535658482314969 0.189611596484211 0.140944185406757
0.21921535764708 0.504076547847924 0.189692581001892 0.117215485967005
0.293180486004231 0.498852283507785 0.143466691496729 0.106375252773995
0.248666495253758 0.495242653312012 0.0742366186341499 0.115453754888799
0.130202579268658 0.513961882043196 -0.0336848414292907 0.0768362907275418
-0.0541263065751547 0.470384340535475 -0.101625949083455 -0.00417781293588341
-0.226409798437157 0.29199697932858 -0.040683648918851 -0.220810371104357
-0.200614669786426 0.188589325079762 0.200632693245252 -0.299327527357284
-0.353663443794842 0.246932799346594 0.389894989371842 -0.10175682760286
-0.558794449324184 0.0799301229007419 0.376432982432342 -0.0736007275180046
-0.465172116790335 -0.0108407725400612 0.317396777006906 0.097279916010211
-0.340467529860727 0.0916429263132866 -0.0157097269791094 -0.100522655671648
-0.321347565930549 0.0900313268179656 -0.150187922390302 0.107257630687462
-0.327489711588701 0.266617476588804 -0.107709626881476 0.273187207694318
-0.166066479839595 0.451130570646504 0.0794369467195094 0.376946362697019
0.0565218093257474 0.455407183709343 0.21522810293866 0.332878654780036
0.206522828175948 0.419262787861728 0.284228564506424 0.306394608614939
0.228183427136177 0.415218023628023 0.240912875522402 0.27914886485793
0.153248833793138 0.402742676482602 0.139833506016523 0.279599132131763
0.0279401278886347 0.372802949085436 -0.0388787710348115 0.200338451109059
-0.0958579958764664 0.274950375763891 -0.14951466030359 0.0311932844936365
-0.14327760547592 0.111883048064966 -0.0266081683053047 -0.246800687465757
-0.0615971719441564 0.107640386425179 0.312094818285293 -0.257068179850987
-0.24206141820689 0.225794100751201 0.448480032821068 0.0195553522334608
-0.453068061054083 0.0802181982306269 0.498445235666026 -0.00843991971304156
-0.268485277530911 0.00898583731372268 0.418757870149559 0.143101157454321
-0.178481628606565 0.0615107764041579 0.125644524819391 -0.0314745870286413
-0.184335193142884 0.0453028944280177 -0.0644164229702461 0.0491032749751009
-0.201965147003804 0.169545039818434 -0.147968820825197 0.256379935922614
-0.0922173854507866 0.283759720989839 0.0525347924209076 0.474282517856551
0.0507463815186702 0.281127499610584 0.261879516189984 0.485064885210227
0.140839862838003 0.266208187793262 0.364533105161783 0.447356479525639
0.124224829523909 0.265001672015143 0.305194888125928 0.406573820059091
0.056721525815545 0.247563572890702 0.159426073496449 0.390712695477243
-0.0368588706572707 0.192396204058487 -0.0804016708921254 0.255383339405158
-0.0814843855508932 0.0925667597426262 -0.18408730625549 -0.00321299937678962
-0.0414509390366509 -0.00077425076020543 0.034743485108555 -0.264913087544567
0.0338937539900204 0.0612696749127858 0.383928585121222 -0.146754439940273
-0.133399712929637 0.174673814539341 0.420810077411476 0.147221201228535
-0.285643554067891 0.0636883892826153 0.558667974359546 0.0461282520045871
0.0659874941704816 -0.0347944882667568 -0.581440518321131 0.0423890569023742
-0.00620310084438653 -0.0661638136705928 -0.340592550290219 -0.170292520559214
-0.0497693825538889 -0.0028236404587898 -0.441425748328374 0.049172594016403
-0.0188512548078349 0.0341574649723287 -0.101927067798583 0.327429873062468
0.026102534337208 0.0252577801956259 0.254178357708619 0.108606055472304
0.0378972043560364 -0.0120112056588778 0.157962491976023 -0.266602090196059
0.00361061716334063 -0.0497325649430024 -0.134485535763512 -0.447709113115964
-0.0192015198111033 -0.068695780353501 -0.349163303796357 -0.481862329025266
-0.0251926933424252 -0.0774445783780177 -0.424542209611847 -0.501578487469899
0.00410634254618685 -0.0776785453448316 -0.36020364409832 -0.529802403994889
0.0422618032047313 -0.0727242459387372 -0.143212859608814 -0.512930903765055
0.0737007013622393 -0.0118586854902382 0.0987988134214904 -0.322212271612114
0.0148185505051099 0.0640997753017256 0.0350564955425642 -0.0693512202900875
-0.0282091266315707 -0.0159307840455418 -0.136938992435432 -0.0650313380456682
0.0137427877408674 -0.0200131370985176 -0.367750891948234 -0.231855556925808
-0.171661851048605 -0.0117486984154832 -0.535261071697185 0.0215240371135682
-0.14706461111993 0.0271302257894206 -0.302827372700116 -0.230250431851606
-0.0909727162322617 0.0721801978153935 -0.440046968129821 -0.0230882357773924
-0.0409679528203236 0.0730038324037141 -0.154481457506695 0.30896453092104
-0.0102994658526608 0.10148583533653 0.245594383879887 0.147256277477294
0.0334348512818862 0.121283807507251 0.194782722432823 -0.254486826975417
0.0719585714753169 0.122406820456841 -0.0965938727375157 -0.444150395929185
0.119963939463282 0.12204449676265 -0.321276674375966 -0.47120149650732
0.129136339854405 0.125245691641826 -0.40786866662481 -0.474281137084792
0.127911901460429 0.154310403465002 -0.363077563092772 -0.493360328050559
0.0721587358676694 0.190519709732923 -0.16613697687278 -0.480540506946634
-0.033181182303246 0.211986461456563 0.0754322710337853 -0.318045068907131
-0.157235451229572 0.193055773529752 0.0143932518768875 -0.0781811017184162
-0.234332936254356 0.071445979023008 -0.125610437831416 -0.0749770127192267
-0.230418236188343 -0.0044887979860412 -0.325157109274613 -0.236084512446141
-0.401231699516804 -0.00151557405173308 -0.416569806012575 0.0016852622724769
-0.30173796915456 0.10830929889263 -0.300690790630821 -0.295735010112138
-0.158893862458926 0.142022314063097 -0.468325384525428 -0.0225952269774254
-0.0882135820287344 0.121933825918578 -0.155119895329622 0.327574587287487
-0.0610143879480566 0.190881622729288 0.253141872744032 0.158948097770635
0.0217937589906757 0.25625451976262 0.21004824221287 -0.230245660970791
0.130636989289579 0.284418175079426 -0.0463551107127463 -0.379808403214746
0.239591012339395 0.292878806427764 -0.240844469086435 -0.391010718044049
0.265715507592329 0.300502455760201 -0.323957123498478 -0.381763900163845
0.246790702120397 0.352461396026465 -0.306646265670834 -0.398639253523603
0.117510110060358 0.419815322715925 -0.155362886839363 -0.391498733447914
-0.105528114044061 0.409653558515963 0.0431312318247394 -0.29522908323015
-0.278805650957947 0.311341829608889 0.0104077472432906 -0.123926338105787
-0.387103671374903 0.170532693612208 -0.0450944379908399 -0.11075175340322
-0.431230309089629 0.0282722770215701 -0.199162826769202 -0.219977154987048
-0.567878740985514 0.00510018519687763 -0.239990872077371 -0.0100711934801133
-0.419780010905142 0.164669763219044 -0.315279295535199 -0.337180977510571
-0.247715869535196 0.177843222669664 -0.487251937331815 0.0421413131652563
-0.185896470631932 0.181691424649551 -0.116063361174689 0.364678492987112
-0.129750064034853 0.3149049655965 0.259193122184339 0.163711756873641
0.0171586533808174 0.395583513827631 0.204828141273044 -0.171284121999253
0.18457261328626 0.414764508595639 0.0155585938499186 -0.259285008827022
0.323560307338451 0.421420125470652 -0.119030151909244 -0.257307253519825
0.345771412922578 0.428291256174359 -0.189648067954569 -0.243665610317404
0.304433515711295 0.49338169956462 -0.203658323997361 -0.256494515389388
0.125396553358014 0.566870936117272 -0.118326013482002 -0.260437050271777
-0.163504661428241 0.513175228628004 0.00738008382724596 -0.257324177240064
-0.329417765457394 0.360268471746972 0.0280322854975964 -0.197171303600097
-0.455216166378091 0.246133614120787 0.0875765861322345 -0.158706200889855
-0.55875112447495 0.0667211541781555 -0.0116332852108826 -0.19109340963101
-0.636984636277276 0.00864833541606621 -0.0392196231336043 -0.00209487490168758
-0.467541880069001 0.177154597007708 -0.29426433925991 -0.301435232898861
-0.329834067302098 0.174157799057774 -0.426456001416679 0.128142849398769
-0.300123054156888 0.249366271748716 -0.0671983299326426 0.367164111631277
-0.186957605531325 0.446480064033901 0.227983651343048 0.192028609895612
0.0303785651780118 0.506846244024351 0.194228071508609 -0.0513531261136594
0.231136693193229 0.489215330253573 0.0970393217036821 -0.0905783099675807
0.355711126231787 0.487042595798018 0.0187842757218635 -0.0876293840204476
0.351270008033499 0.49345124813459 -0.0408192380542343 -0.0703473757514965
0.272416419510364 0.549567433031396 -0.09543458982254 -0.0858380249063341
0.0687136187502352 0.587901190827351 -0.0894222869527059 -0.11447426102059
-0.208956163007024 0.472415965150702 -0.0315137322097192 -0.223603616957104
-0.296547069028466 0.308847876540765 0.0804846426105869 -0.273565699210521
-0.427909133850958 0.277884864225566 0.245190144597066 -0.176741802732105
-0.599343611344486 0.102515515222313 0.194404591293721 -0.150085985950411
-0.598456325828544 0.0128008027921267 0.156752018260979 0.0308332921896443
-0.43759461363462 0.153071356748861 -0.18935820400034 -0.199174581188804
-0.366271381996705 0.145445171539357 -0.284470729367433 0.158696871075058
-0.356063015643831 0.300921023143338 -0.0567442683852743 0.326104080881348
-0.18830520630831 0.516957811326309 0.16254250918774 0.265583811088587
0.0624180105743679 0.537011826427858 0.19890113661947 0.126567331192389
0.2543176893923 0.487721216749671 0.197465736271476 0.103606700440364
0.331427879687471 0.478828423653235 0.152381515097098 0.0936200303368615
0.287266458771205 0.479419663406588 0.0841521938376366 0.110744246359826
0.168885834164792 0.505237047275758 -0.0299049418682357 0.0812367086208955
-0.0205744794709643 0.473823730134514 -0.101593238431876 0.00109640917406787
-0.206226199986192 0.30689145828332 -0.0569964259384542 -0.218775600237976
-0.187676378173658 0.200275341897505 0.176401781584006 -0.312953931723462
-0.335880934047409 0.272463235895423 0.383384291207299 -0.124749632783279
-0.559226936702697 0.118471240574943 0.375898164614724 -0.0976300963873806
-0.469402146217347 0.0195020083300724 0.323683443687005 0.0771721998664833
-0.33581360560172 0.115881295841751 -0.0239986952201351 -0.097974542056866
-0.316246756416714 0.111319198057891 -0.142392129623023 0.117847973538703
-0.310569968488053 0.289811938640389 -0.0913882564919164 0.282986067842978
-0.133766017276923 0.467467889993437 0.104809630923399 0.373840167655166
0.0879537882221617 0.455107602102436 0.238730478183178 0.318725557950178
0.236093505570378 0.404479623028205 0.306133125958167 0.287052545779375
0.2592799315443 0.399138307215048 0.262561238861687 0.260592828591806
0.18462095635424 0.392150845616724 0.162661552595582 0.270090313452178
0.0543754040931558 0.369609465409375 -0.0255663784924709 0.204768140541541
-0.0756985969106179 0.278985621683332 -0.148747209332099 0.0400632824841978
-0.133293910130488 0.11903438266745 -0.0448000001849518 -0.246422211712065
-0.0525133974982184 0.11117194638042 0.292617815017259 -0.27870311843869
-0.225120305708779 0.245364053525965 0.450783025518607 -0.00411969197180657
-0.452444268373927 0.111178896924261 0.503760174805793 -0.0427694972574221
-0.270858304173619 0.02620802034305 0.430384738987483 0.116153523471966
-0.175069300816161 0.0749207973721095 0.12483604686217 -0.0380278595943147
-0.182956977356881 0.0573877645037606 -0.0601917504721347 0.0531077821996874
-0.190524367215682 0.183880567195036 -0.135113032348602 0.268961180752768
-0.0722411705690635 0.293781031381057 0.0828631898820782 0.475723710485357
0.0708713272365007 0.280066323007792 0.298554106220702 0.465704807018249
0.160049531221379 0.255304632154856 0.398272880135146 0.420652397902133
0.144800773715494 0.257191920453425 0.33766028970309 0.383162230072015
0.0746340713393226 0.244768345553782 0.191691730728803 0.378145965942646
-0.0228919375229922 0.193540129591781 -0.0621682151818488 0.261236148827319
-0.0743553824383357 0.0958328947866741 -0.186066264133667 0.00723112408491037
-0.0385871187388847 6.93551556638222E-05 0.0165868999104246 -0.269536990425067
0.0396888713039593 0.0599602393698177 0.374223810452834 -0.172717155168584
-0.120417107393119 0.186564636585876 0.430123751949239 0.127300212404122
-0.284003244531274 0.081320773489181 0.567598752331378 0.00817801836944235
0.064199082057648 -0.0378055932131483 -0.560878402030981 0.0796269318724689
-0.0083356223100104 -0.0653358114209677 -0.337964992756577 -0.145372418783519
-0.0480143519552647 -0.00112952308327225 -0.425083037827333 0.0705894763834143
-0.0180297634968125 0.0339113973078082 -0.0814908970684059 0.322516605063317
0.0259320685872013 0.02257730934271 0.255363554055328 0.0898775274029294
0.0368450226558263 -0.0148972030735713 0.138700965662762 -0.265016528749648
0.00139482784851818 -0.0473147764897429 -0.157091636963522 -0.419204715514527
-0.0229181209735842 -0.0649694518394586 -0.371057614408105 -0.440899969319042
-0.0293097311276499 -0.0741208588174563 -0.444710106355323 -0.457994801966372
-0.000706103948775914 -0.0760064572801593 -0.38117702388498 -0.489054640292868
0.0373162386482365 -0.072767820942541 -0.168540503670689 -0.487758071627651
0.0704709958346614 -0.0161752478893257 0.0779580912439852 -0.318310023148394
0.0195865941178958 0.0603444312360404 0.0323512651051341 -0.0675060154380046
-0.0292757590773464 -0.0139748540492863 -0.137126327083927 -0.0581248839151368
0.0132640628041871 -0.019512185547489 -0.373481253402127 -0.204210115710892
-0.164670360340288 -0.00198516633128632 -0.518079620591936 0.0559805001096898
-0.13939039516322 0.0333172294906093 -0.304654964890693 -0.205233318492267
-0.0821204731745977 0.0739649696559296 -0.426384192472185 0.000334046891064356
-0.0354948797268543 0.0719418570679419 -0.133384454109615 0.308497278229871
-0.00405288377590819 0.0969721406557455 0.248962467190101 0.128432874992733
0.0402175659372182 0.11396708063031 0.17403953365772 -0.255502088130634
0.0773805290334142 0.113938585907574 -0.120184908257212 -0.419831904696863
0.123794838707666 0.109832036842469 -0.343620565742039 -0.433425119595005
0.133111958280269 0.111565355387902 -0.425824561267528 -0.430982199192293
0.133348903415035 0.139661182751352 -0.38421511934745 -0.453676458046633
0.0819930489721186 0.180477885824168 -0.186827652035699 -0.457016910044819
-0.0198890531879255 0.207013152043656 0.0556625113103825 -0.31214919717322
-0.140623822615391 0.195407460625023 0.0107841921924712 -0.0738867041729598
-0.223776786466419 0.0820952570526334 -0.127183817106082 -0.0675521457212116
-0.223479194942286 0.00934348900411589 -0.332592425686928 -0.209224568072886
-0.388047110575781 0.0227720201428114 -0.403721536144373 0.0311352033032064
-0.284438258599764 0.122962808195577 -0.308217300517449 -0.269897182415577
-0.143618916618214 0.1462320460639 -0.454957246292595 0.00322079629198328
-0.0760950174923825 0.120677064029987 -0.133286470837932 0.32621457275556
-0.0472250280336775 0.184445672518008 0.257839284470556 0.139642390557602
0.0360084105932544 0.244088106990673 0.18952790967813 -0.233497946651146
0.144001631656476 0.265900061635796 -0.0685303174191429 -0.361519820801906
0.251332145110608 0.26721826702102 -0.259113130644815 -0.361466522148579
0.276334893675429 0.271392246132878 -0.337893281488023 -0.348438314691888
0.260102863158677 0.323009001834215 -0.323337239278188 -0.364875846187363
0.14121930753097 0.398922506067948 -0.173641303196378 -0.372535659636112
-0.0783914987075386 0.402903599176259 0.0252960060875749 -0.288703034375777
-0.251956103615649 0.316099854257412 0.00246340636784627 -0.116926857070733
-0.365652809059387 0.187508951380679 -0.0514792392801404 -0.105459847283911
-0.417481322237857 0.0535269188345196 -0.20698458541588 -0.20005561097078
-0.548138992289406 0.0384075644890568 -0.235280980125755 0.00881145432383333
-0.394240644826561 0.184704419945399 -0.327701036285028 -0.308480337429461
-0.226077368379709 0.186031886959137 -0.470020642527897 0.0702596411975706
-0.165505925925641 0.183012816988895 -0.0908086851759866 0.360168687029413
-0.105853908696705 0.308641863950357 0.263671490279507 0.143332262587655
0.0396679780024701 0.378767096400028 0.187585377441148 -0.177545123500425
0.203478275146622 0.389044879945675 -0.00156665391639552 -0.249760867982466
0.338867289903258 0.387115061899321 -0.133431316224192 -0.241308885163323
0.363377032051311 0.390504892517437 -0.198555487646458 -0.22234358262996
0.324027492874597 0.454747484978171 -0.214698640384122 -0.23367333405787
0.156750180776095 0.538309823326234 -0.129115252059835 -0.247413802382481
-0.12670942335474 0.504749569788017 -0.0077404691788651 -0.249558307442401
-0.296713101910048 0.367121194542917 0.0130372154548095 -0.188091394344524
-0.425764018795222 0.264835785956826 0.0736783066970976 -0.157608652583466
-0.539418329451815 0.0993497346411681 -0.0225037664574442 -0.182015221402389
-0.616045849631801 0.0472230982461476 -0.0406917969254574 0.00279075003522798
-0.441040563398577 0.200921611477736 -0.307397355245382 -0.274801385330155
-0.307135042455298 0.186523230005927 -0.405385546125403 0.148792114852883
-0.27335472170051 0.255673209356367 -0.0438724989280597 0.361341137736951
-0.152859111909466 0.441010690329734 0.234644970160567 0.172176725817796
0.059901978339868 0.487052127727735 0.183009463042724 -0.0620206003023061
0.2528549930664 0.457846124084097 0.0871823508279507 -0.0926227270353849
0.374403874470795 0.447285563098342 0.0111950742455038 -0.0879316497411789
0.371796831839691 0.4528951898278 -0.0422577798144351 -0.0656306183635486
0.298790068041061 0.511155456451418 -0.0991509233600716 -0.075104356812293
0.104123272834457 0.563319989374937 -0.09211050737938 -0.107491050020264
-0.172892435405576 0.46668134240935 -0.0433438040075534 -0.21312623273315
-0.268861241296242 0.315610238299917 0.0588427007224049 -0.265189261666325
-0.395382755786044 0.29360510994226 0.225698266916079 -0.183404309766364
-0.576812044805336 0.135212722447233 0.180559647696099 -0.154987749805308
-0.578694907431213 0.0486915103646702 0.151154464373447 0.0218313498305752
-0.413164325082462 0.175280775497537 -0.199130612315678 -0.180346349291381
-0.344115948789154 0.161658199726885 -0.266124952201842 0.169807553901938
-0.325190571362008 0.308687799337555 -0.0354695387013405 0.321224490394278
-0.148940637347631 0.511963476916836 0.174390370256996 0.247251593459561
0.0940075193398974 0.514354371819448 0.198479426160253 0.10842160655792
0.27508454171884 0.455079441708312 0.196209913801754 0.0879460173233286
0.351920599259136 0.441665285331835 0.152453916031062 0.0787757244710616
0.308875713857009 0.444842854635454 0.0904896646525101 0.100939627072271
0.195316595382048 0.473312509901424 -0.0244249158320508 0.0822224750543129
0.0106837609622783 0.456827562485264 -0.0987307160189793 0.00564405896686988
-0.179745635256975 0.304411172980437 -0.0690736222190216 -0.207691505823567
-0.168258650694616 0.202587638440228 0.149191605724813 -0.311007202380706
-0.306108223817984 0.283368444031738 0.363992465699369 -0.138670601022734
-0.534679836151382 0.147303893164103 0.359536647353098 -0.116218111021652
-0.453788291499454 0.0467239519795021 0.31591863279086 0.0559707720079121
-0.318411765663797 0.133074498996903 -0.0301777373903499 -0.0920112215345956
-0.300179781797567 0.125711354985396 -0.129979457058229 0.122178108514565
-0.281879304646294 0.296830862495972 -0.0730546143809025 0.280669140311371
-0.0997235546192782 0.461776107629804 0.124120594545212 0.356776617183569
0.113645560139202 0.436661539752072 0.247826647738755 0.290545762781081
0.252529361493311 0.374284721012099 0.312814530922255 0.257511766644565
0.276853243066693 0.367969316298948 0.271023480614193 0.231702240359555
0.204191538343853 0.367642846411339 0.176717355735523 0.24857019318851
0.0756293672896134 0.351039477920613 -0.0122398533492323 0.200026185544111
-0.0545571875407194 0.269990053707764 -0.142521514029841 0.0462850015163737
-0.119270924746721 0.119880883598618 -0.0585347815684121 -0.235640582538878
-0.0420000878915518 0.1103842257102 0.264130954445609 -0.285089659231642
-0.199960682360798 0.252858394881768 0.436269916853062 -0.0243762167841123
-0.432698519162429 0.133407071389269 0.487161094097831 -0.0713377914430088
-0.26241021617778 0.0415818176809519 0.42297988120582 0.0873282529157575
-0.164188036172192 0.0839484916115242 0.119517174010687 -0.0430741606610494
-0.173614794053174 0.0657608327498162 -0.054352547396919 0.0550642044284403
-0.172580467927412 0.188498116661586 -0.116856924515396 0.269620575931049
-0.0511515411367989 0.289479870323936 0.108398371478616 0.45540634407546
0.0857681642813464 0.268628253437942 0.315619070347649 0.43271823237469
0.169103722448985 0.235458833529023 0.409783342140741 0.38115832226346
0.157349884955492 0.239121828528546 0.352078882822116 0.345310202211623
0.0874771745141421 0.231560499605079 0.211074610530909 0.350995502780239
-0.0102741645354111 0.186550726089716 -0.044124663271161 0.256421043663112
-0.0645320277047204 0.0940606575348275 -0.180789803095135 0.0171389101617871
-0.0347861970785236 -0.000217332605869678 -2.44407428174986E-05 -0.261885668489545
0.0429182128360678 0.0567879294976744 0.349972673969012 -0.187005286587908
-0.103931250104915 0.189920348242605 0.424387820979712 0.102877257756503
-0.271942599590237 0.0950178729347436 0.552373991659525 -0.029178605420647
0.0655111267158062 -0.0281847429800914 -0.525931636983249 0.0249774340204986
0.000755691152670116 -0.0638420522121199 -0.298350452809258 -0.173536352062419
-0.0442256706991346 -0.00963643248337783 -0.405537199620439 0.0172548548392293
-0.0249168915444775 0.0290413348157264 -0.112591709682679 0.288307113959872
0.0195266629079581 0.0257129778620989 0.229137076806505 0.111106824238056
0.0358596443720048 -0.00712477623322844 0.160341158812041 -0.230809399583164
0.00608549229622389 -0.0420166953622215 -0.105583988291444 -0.408115753135802
-0.0166519225640943 -0.0641585535102124 -0.308217477110302 -0.454390972392792
-0.0221794487872977 -0.070900705443718 -0.377889874888635 -0.482592055933351
0.00857685849540762 -0.07008995350447 -0.3140301622492 -0.504956038447865
0.0430539748169707 -0.0615840004033865 -0.108610474248672 -0.483511641363551
0.0665500410309711 -0.00323360971679553 0.108791219813485 -0.299011221850722
0.0117838222132347 0.0592448793128995 0.0403840375109302 -0.0624171724475051
-0.0272874155960272 -0.0164837803032305 -0.125539014941725 -0.0744302888792789
0.0170138225186469 -0.0141382030102041 -0.345833099494028 -0.240013642472364
-0.151450485456609 -0.0212327002958268 -0.493537584290984 -0.00418554670264689
-0.131704722531036 0.0129983371782935 -0.268734605068036 -0.227036075058833
-0.0840555540634831 0.0566140174854994 -0.40502260145682 -0.0488371189478854
-0.0438830302599109 0.0601925923711294 -0.160657540006242 0.269172157743875
-0.0179276263261789 0.089665166418653 0.216788349021613 0.144061858612971
0.0230587910660616 0.112607445835835 0.18673318974647 -0.218022908729404
0.0599990672728637 0.118791812814139 -0.0729538305235893 -0.404030014414858
0.104670301753277 0.118231572128162 -0.28043407697403 -0.44505704441499
0.113227750558371 0.122967484623506 -0.363021705888563 -0.460409195177594
0.111427499776636 0.149232281761122 -0.319633685942473 -0.479858167298926
0.0569303375856086 0.184208086845126 -0.129810740042957 -0.467333345799406
-0.0453578083665857 0.200033315655838 0.0895550790788808 -0.302898508114611
-0.156070304269025 0.172021793089462 0.0258399230736275 -0.0722684068924208
-0.2230188521386 0.0550915737647431 -0.107182104795996 -0.0862840078936059
-0.215511572452938 -0.0120011937635406 -0.296178221243654 -0.24544866326395
-0.360290722824505 -0.0230925617224542 -0.391874910389934 -0.030268275953737
-0.276821423152643 0.0787838975318011 -0.275918739601314 -0.292207146577104
-0.148725766881577 0.116220445794421 -0.436748930257092 -0.0509272320426295
-0.0865732771004773 0.0994249176743191 -0.163588649504629 0.284651990772742
-0.0701510731114072 0.164552900776501 0.221894262360687 0.152006132959132
0.00336359637631196 0.233692478498209 0.192631070832958 -0.195770691908557
0.105668814263333 0.269216109240274 -0.0322803364256606 -0.346376987327175
0.209548794819769 0.281942420932578 -0.206876762725893 -0.370700115400593
0.232874605801383 0.292017851136688 -0.287799743577405 -0.374801120631542
0.210706949775991 0.336981323088433 -0.273832038761741 -0.394242731291804
0.088373811020962 0.397572564275831 -0.124110312674198 -0.392651178165378
-0.122548112341118 0.381194155959556 0.0581224461016351 -0.288396303172542
-0.275301137674568 0.276139642869278 0.0270159412130159 -0.116688777847649
-0.369861274432484 0.141343469547123 -0.024687153835126 -0.118851424292502
-0.410291739419179 0.00882252350392418 -0.167869217205414 -0.226770314817831
-0.511190535325547 -0.026543959649553 -0.237604849219383 -0.0444757946582449
-0.386240018797181 0.123100688487943 -0.298060439021818 -0.332584926344322
-0.229835776731118 0.142837947486318 -0.463403229918009 0.00713080987426768
-0.178028435860362 0.144103437463809 -0.129940104625125 0.316726200841008
-0.142211348586676 0.271842825367725 0.222153416437399 0.151182887872063
-0.0114520457182256 0.359520409592392 0.179091527380653 -0.142941813433006
0.147997444553042 0.390446472684147 0.0174184474045164 -0.236554651027038
0.281332417212296 0.405859730359114 -0.0982769706182945 -0.243629324428597
0.303622423686223 0.413352049596799 -0.165167545658942 -0.242668720846801
0.2578328279722 0.466228320926176 -0.183395686795109 -0.26098872351277
0.0882008392128855 0.532209119061098 -0.0945741055906712 -0.274047543112207
-0.181719744302993 0.471812562153867 0.0233309957815136 -0.257019300028595
-0.324510654505287 0.3192428643906 0.0457694989626259 -0.184337007207524
-0.434452894324744 0.206111645699132 0.104061351931771 -0.156961441697922
-0.53209693765013 0.0403469297333712 0.0157459376423514 -0.193688626604763
-0.574551687802595 -0.0271721141882756 -0.0594997618984432 -0.035786513337712
-0.429726128261935 0.133241510998954 -0.285997531503277 -0.300638917685689
-0.304852176626191 0.133088175134349 -0.413194574677343 0.0840365195016754
-0.287440113941363 0.197255101925039 -0.0872083779647802 0.318306258217104
-0.205100465068818 0.390268268695216 0.188400520514625 0.16952123561576
-0.00490395529614456 0.463237303255069 0.158770107437782 -0.0341423863507658
0.187172026321922 0.461159528459568 0.0838925894922201 -0.0826335782358205
0.309194585722054 0.467039786588995 0.0233240045094261 -0.0841512616121556
0.304409611243958 0.472623616934949 -0.0311785527895297 -0.0772858082132383
0.22517125037655 0.517287535857813 -0.0872761611692435 -0.0979487115363818
0.0338894463501079 0.545941083536876 -0.0728234334584182 -0.134916270353283
-0.219842860397859 0.428274251916878 -0.0152213726356589 -0.223109328286431
-0.292568701884525 0.273402863075592 0.0951667458172156 -0.253701155973556
-0.41076178801634 0.237729755771451 0.253717523437376 -0.164729117265667
-0.573446635655324 0.0699335786771584 0.213491818061512 -0.148492145002787
-0.541629899636894 -0.0215217306861873 0.11786822404168 0.00243570451491965
-0.400907683561961 0.113722227187995 -0.191626825466225 -0.201254357015907
-0.338643912796434 0.105890943911601 -0.282343606456655 0.116038150405892
-0.345626776520883 0.241161889188554 -0.0771602163458429 0.278469545482002
-0.21158787875045 0.458531926520071 0.120244169500919 0.232490247094079
0.0224631268336234 0.493935251608793 0.154664683302274 0.128911923376042
0.209637307065599 0.459029443640222 0.168384949952429 0.09727446249714
0.287095796324168 0.46027710811354 0.13985284607046 0.0880279426030402
0.244838155356054 0.456499595586627 0.079692991833915 0.0957957845086314
0.130661770945796 0.467530323589413 -0.0297166171018064 0.0623344454055822
-0.0418800802269693 0.43242316926499 -0.0902913540290307 -0.0226542326150995
-0.205560007874346 0.271442328424842 -0.0402240127599367 -0.216292513280983
-0.185497823650381 0.175966333924152 0.183248393864044 -0.284977451026698
-0.32240562715706 0.239986202265027 0.379092836195022 -0.10515147229583
-0.536767228092523 0.0863374560125924 0.382472126321273 -0.0925612616428704
-0.426780809498194 -0.00744297856233166 0.272226174697666 0.0571610651318319
-0.30867292809915 0.0868318859349568 -0.036529760793415 -0.0977337643884842
-0.292940494980023 0.0783990435146956 -0.146793040101413 0.0874015763695838
-0.303573150687404 0.236218289171772 -0.108511491875321 0.239219253244989
-0.158276835335888 0.419431427089697 0.061615898212857 0.332084196426346
0.0498693644197044 0.42144838052033 0.185797661175736 0.305322013257864
0.197727223663449 0.38075079409442 0.263360128259048 0.269268767520334
0.227492901858787 0.381726474931003 0.235279238608653 0.2450186196557
0.155129175932953 0.370053579226563 0.145986729766996 0.246882746693673
0.0317951420047334 0.336800205972665 -0.0296226678571371 0.179646339424045
-0.081063906293303 0.246795425317404 -0.138236295834576 0.0189995382533657
-0.126041043012696 0.100424113511748 -0.0290147215759946 -0.23722019800192
-0.0552348443460053 0.101130133501094 0.287515536442518 -0.246431234334428
-0.218243732169307 0.219547214413315 0.432028239105026 0.0152408417258764
-0.436763578590624 0.0830950833041874 0.498350429195133 -0.0342012778694177
-0.248947304916954 0.00887817532492564 0.375339687495601 0.108087663959496
-0.161491732407147 0.0590529586766336 0.108926471573874 -0.0323283005373628
-0.169185382209782 0.0392752737428645 -0.0629235940895947 0.0373110888159791
-0.187389815156325 0.15137593245984 -0.144671942531188 0.230587491867598
-0.0892747523312443 0.265919292933437 0.0429650195618084 0.429305928094351
0.0437075181998308 0.25988092014152 0.24218624837669 0.44193660248592
0.134152580582873 0.23878718829212 0.343888126142379 0.396912517351314
0.125942646528677 0.245465539054565 0.300072702556191 0.361414617224608
0.0592880546336973 0.228031915795443 0.167801186569219 0.351355604905439
-0.0310634566025833 0.172804261254109 -0.0652881386812374 0.234620070789554
-0.0697503568328268 0.0797940481040861 -0.17367336291328 -0.00708661371894934
-0.0324540951094148 -0.00305052271118807 0.0296659259248056 -0.253076730520578
0.0310938985469425 0.0582112519196675 0.356508814965354 -0.141025673996352
-0.119832772897041 0.170164367255929 0.404011756910772 0.140949026567594
-0.277410949540069 0.0606522038705873 0.552383391190353 0.0186518770342833
0.0656531943624862 -0.0263309319981584 -0.511331465255945 0.0225477910572701
0.0015376646769162 -0.0636559964436215 -0.284006672872204 -0.171722694391834
-0.043456735654657 -0.0115836267590604 -0.393617107864934 0.0111425637162906
-0.0262350443323607 0.0284768221763687 -0.115041338093262 0.27889813065194
0.0183996239468278 0.0257887157038264 0.22321153160114 0.110092650441295
0.0355087121361253 -0.00733609483165698 0.159434490946278 -0.220319581123935
0.00712344890756317 -0.0394856864660837 -0.0996091499087189 -0.392891231677578
-0.0158674026824998 -0.061685632079786 -0.299229984974763 -0.437446899267037
-0.021721524184952 -0.0702217931340889 -0.366540181231878 -0.47022552201205
0.00839512478896622 -0.0691494350895613 -0.303294331254967 -0.492517734749927
0.0428545124189885 -0.0601530258152529 -0.100576434104347 -0.472239932739626
0.0650462779199585 -0.002582886599361 0.110307053502155 -0.290127295173868
0.0110496764204526 0.0571833407555841 0.042331630039733 -0.0591624982009622
-0.0277365288396983 -0.0167127954140849 -0.12259059112009 -0.0770124964456203
0.0181939244458261 -0.013541108032181 -0.335461349207606 -0.236244572221637
-0.145653769014487 -0.021578893624636 -0.47975227732669 -0.00492206653152156
-0.12731473906452 0.00986560107801396 -0.256551614820875 -0.223952064813588
-0.0812112719660512 0.0527609408178701 -0.393841028165336 -0.0534330815411213
-0.0431670879466493 0.0574375205221136 -0.161098373582593 0.260069394219981
-0.0180247645518655 0.0854972200878067 0.211659953122113 0.142782306401699
0.0217415359864564 0.108286031002598 0.184541496190293 -0.207648587326793
0.0574108600618091 0.116787567428074 -0.0676978048766648 -0.390532847316246
0.101256425829028 0.11551370423486 -0.272287616058884 -0.429885996225997
0.108753727795792 0.119233335992372 -0.350319223999099 -0.447906945416969
0.1078313078859 0.144735813293898 -0.311866041321281 -0.466450074110216
0.0551022654113282 0.178934170754599 -0.121826821153269 -0.455873451189568
-0.045345593192582 0.194313070404476 0.0916786331143088 -0.294498236872191
-0.15361169582312 0.165014496159157 0.0280020271850354 -0.0679649814536202
-0.219500070952786 0.0516313010974549 -0.104449413304454 -0.0875021306295749
-0.209282239773243 -0.0127626089705859 -0.286866653406888 -0.240332486044305
-0.349233568817412 -0.0268489537091213 -0.380503737137607 -0.0289564948584161
-0.268572634076471 0.074549244225485 -0.264256954980559 -0.287088606124164
-0.144044615848771 0.110795972673748 -0.424907701407747 -0.0558154899798914
-0.0830828260239993 0.0938230997312904 -0.164401269670537 0.276047550681305
-0.0683607507789197 0.157048646263466 0.216714769395079 0.149562196271533
0.000491731189125161 0.22506583320575 0.189984277001604 -0.187598682800274
0.100676720901573 0.26182233838204 -0.028528887699756 -0.333944870384412
0.201981742059478 0.275195778692707 -0.200972303307522 -0.357812964312851
0.224973778105875 0.283968347613549 -0.276067877449057 -0.366015978135232
0.203400674969966 0.326773159832606 -0.264751269677193 -0.382216748378378
0.0849384437482383 0.386871704582685 -0.117629645996171 -0.384861363203666
-0.123574585458629 0.368278588202271 0.0607422478740708 -0.279899661355946
-0.271690057015853 0.264985476378648 0.0283252184100247 -0.109864425483264
-0.362460427930203 0.133178611664672 -0.023389276299539 -0.116315071912769
-0.398930554011907 0.00523359947475703 -0.160168861049396 -0.221133268692216
-0.496212974833384 -0.0308890239598597 -0.231795569101384 -0.0421706039896212
-0.374506585882516 0.116996925094378 -0.28844082492386 -0.32808667996305
-0.221911885570656 0.136149090470061 -0.451223342762966 0.000780494341196714
-0.171522915030068 0.135208833534264 -0.130471126924634 0.307955626576483
-0.139542438440304 0.260253067960667 0.21830234022932 0.148949471576126
-0.014545216904779 0.34722169924687 0.174997857649311 -0.136932725940887
0.140610455909899 0.37950154525327 0.0193780833352713 -0.227919550292083
0.270618347562402 0.394213853982715 -0.0959186853416435 -0.236031142630487
0.292594756737063 0.401596685106619 -0.157643497867007 -0.23603955480419
0.247834299051269 0.454043651120225 -0.177618036846013 -0.252269474994124
0.0827346287890152 0.516423278677271 -0.0896529764021131 -0.268217392888154
-0.179879561011608 0.455035567707943 0.0263008843369985 -0.248439078202395
-0.319210372698356 0.306197278545269 0.0458113188074856 -0.174828316964979
-0.425352968934696 0.199054588870217 0.103129845441435 -0.152463333610374
-0.520174022430364 0.0343847713034466 0.0184727801523637 -0.186889803253731
-0.559089511231087 -0.0314049887000549 -0.0573250363638051 -0.0325289212635923
-0.415778226532704 0.125931188421846 -0.279094614753728 -0.295172007858089
-0.294789245629962 0.124525727964313 -0.404571414094623 0.0782974108890248
-0.280278531885939 0.184593438945083 -0.0882765791228803 0.309378712126218
-0.200724727713074 0.375203842802939 0.183886660971645 0.166005537674883
-0.00883572912376961 0.449788778552861 0.153197516870835 -0.0330523397893932
0.17837745035314 0.449072732657304 0.0816203820965925 -0.0785441323911859
0.298331177123329 0.454300487069762 0.0214870802852057 -0.0813513720716815
0.294801588839961 0.459206341833116 -0.0286827063996162 -0.0758546018652501
0.21520656230519 0.500352904385765 -0.0847762970078312 -0.0930341469663548
0.0304726937937602 0.527958852846807 -0.0704576399883436 -0.133126208607666
-0.217072456300402 0.410155210492378 -0.0110770361594971 -0.216457865985601
-0.286925845406931 0.260889945340909 0.0935838539965211 -0.240762882563256
-0.398847980676948 0.228179752684276 0.248781405262689 -0.156540127550736
-0.560300699396376 0.0638098957571645 0.210912676745524 -0.142360874802726
-0.526023091610474 -0.0260249010908685 0.113290661058621 0.00573725572919933
-0.388615463508342 0.10704877330717 -0.188956964320686 -0.196631831974033
-0.327864624014202 0.0988807540895943 -0.276898060877586 0.111115351826328
-0.336474297518825 0.227422176037187 -0.0783053242989962 0.271600342078962
-0.208905487488253 0.443918469564457 0.116520614816708 0.226782875383229
0.0179782123152022 0.479392232153037 0.147661303184997 0.125334466336233
0.199679632898685 0.446451697206385 0.162080991747169 0.0948698549039952
0.278263031304344 0.446367601541709 0.134240727470096 0.0837167974270517
0.237185372546305 0.443738558518432 0.0789481636308407 0.091942302040868
0.124280609449897 0.452826669663081 -0.0295662582281499 0.0625415912089625
-0.0426332062650593 0.415572466967016 -0.0893848275960969 -0.0234244212903691
-0.20068759706221 0.257569997767524 -0.0376008416371996 -0.20980927132463
-0.180065771409521 0.168286116633128 0.179336494814624 -0.272543515408283
-0.312995580634001 0.231850569242608 0.370891404605404 -0.0950896561453878
-0.524253780854347 0.0780510349719708 0.374408113299199 -0.0874649159334712
-0.41657822713863 -0.01244693116338 0.262837092886308 0.0598699931831258
-0.298035314181203 0.0807494117897056 -0.0366719756504066 -0.0944147550471766
-0.285276837101616 0.0715779029090947 -0.143787357505578 0.0824627746587522
-0.296964028544286 0.224385639778913 -0.108740245952435 0.233039695069295
-0.155016312315315 0.407685042995919 0.0572484094901076 0.323432493882938
0.0449779901431667 0.4107806690531 0.177822817584001 0.296634261736662
0.187962410874495 0.369546628325926 0.253211963603877 0.260742118776821
0.218218655453451 0.371902329319278 0.226389543248271 0.237017729523909
0.150366367425797 0.359603471437013 0.142851746681307 0.238206451221333
0.0284253146116321 0.325083450856782 -0.0306776036521371 0.175667480847065
-0.079230606368046 0.234746670713247 -0.136373452014407 0.017010286318268
-0.120902317412615 0.0927337939124739 -0.0262491678335246 -0.231551073875202
-0.0517293931468964 0.097767263526624 0.280894578235303 -0.235157932724945
-0.211284345056221 0.212889761323403 0.423188590612125 0.0234024022156416
-0.427440322669839 0.0754466915438653 0.486413429733192 -0.0306539442214296
-0.243761458296294 0.00678882032755172 0.362978428666008 0.10982882198083
-0.156011774190383 0.056483325455082 0.106438439929124 -0.029821512546827
-0.164295249025415 0.0358252358118801 -0.0610384822634334 0.0348957665136656
-0.183515811178734 0.144040111865215 -0.144353824096872 0.223757672151823
-0.0877395781514841 0.25904860405376 0.0376258681550913 0.416997492398501
0.0398474884225183 0.254062956939397 0.232026712676078 0.431436587970993
0.128461711421255 0.232378633814611 0.333133422291936 0.384616684121422
0.120905567299371 0.238528018330611 0.288525338063628 0.349581293055884
0.0571124541089582 0.220670409132223 0.162413407019599 0.337386262605309
-0.0325238542671592 0.165738776466149 -0.0655284809233276 0.226679212142096
-0.0664536041491572 0.0738884395678913 -0.170560502955113 -0.0100907974541362
-0.0284546822598562 -0.0059511790709122 0.0322235084794235 -0.24619635300856
0.0321282496873566 0.0592520940898283 0.347683167845475 -0.131612712128831
-0.116118640925734 0.164895054782064 0.391908825081097 0.145834235115844
-0.272298775220323 0.0555676249454842 0.537687372461722 0.0221960208998842
0.0683649904884091 -0.0247924723625387 -0.515100509744078 0.0153635040160916
0.0026191854765719 -0.0659898564505111 -0.27953679843049 -0.179653824169989
-0.0447252477572247 -0.0133028339118288 -0.397304941291091 0.002291874279351
-0.0284090042199843 0.0288572217493038 -0.124304251431325 0.279423275535266
0.0172644867651817 0.0269309144861649 0.224435808793507 0.115120614288577
0.0353896184367673 -0.00733047249486984 0.167084755767194 -0.217346126026507
0.00861929961206112 -0.0389038459307493 -0.0925071846255888 -0.395971012444931
-0.016089251687181 -0.0610950967127735 -0.295300113078702 -0.44313963322644
-0.0217212985462533 -0.0720483442619232 -0.363358174603245 -0.476539807664452
0.0100406910519982 -0.0710945642426554 -0.296298996808201 -0.501018417519217
0.0438666554884493 -0.0603739379446513 -0.0912776213985521 -0.477729719423641
0.0660972602585157 -0.00105513178602429 0.118136973597291 -0.290760549496017
0.00960118228476625 0.0572402138046332 0.0462876244762762 -0.0582510197468693
-0.0290997620908366 -0.0174189294677824 -0.123626503798541 -0.0830408767526226
0.0201270132392297 -0.0127235844396789 -0.336747212095302 -0.244624115526912
-0.144896143786356 -0.0245459386852862 -0.483178626928117 -0.0105855696388292
-0.127980529356515 0.0063600820030549 -0.251111061903973 -0.230531973964787
-0.0829476810173818 0.0504770822360769 -0.395659529604086 -0.0647733693250419
-0.0442796869463694 0.0560779878612841 -0.1709107251426 0.258145044459875
-0.0201931898106693 0.0850488951072751 0.212333819710512 0.147977110624245
0.0196803502795931 0.107910266208822 0.191541503959784 -0.204115874566621
0.0575665343983225 0.118719536379695 -0.0605961747295785 -0.39066482250635
0.100082758668317 0.117563748650906 -0.268843869917634 -0.434112350321614
0.107385758226234 0.120178848326097 -0.347877749681299 -0.455960035362392
0.107206060758847 0.145914464080092 -0.303086543548936 -0.474285018467687
0.0526414433999061 0.181212824286241 -0.112530529972168 -0.463201184925062
-0.0495741330361936 0.19464788172076 0.099523386092525 -0.295225382553172
-0.158421894626401 0.162206558319554 0.0317265010520188 -0.0656193373165801
-0.223690803598368 0.0475198190406396 -0.104799527393166 -0.0934104918428236
-0.210004433472994 -0.0164406831688302 -0.285298335754516 -0.247449047467732
-0.350650667787216 -0.03194503564816 -0.383696051296366 -0.0341158642142419
-0.271141824380769 0.0693720791327175 -0.259952619344696 -0.295274504116278
-0.146552606517843 0.108306010725484 -0.427675849354752 -0.0667413693881523
-0.0843180336135136 0.0904494356768712 -0.17322606370902 0.27501642885353
-0.0715453591380794 0.154675318076492 0.216983394427982 0.156049644916616
-0.00363314331609629 0.224796325456378 0.195146022007301 -0.183612348832989
0.0973789567414881 0.265971304509061 -0.0223824907977673 -0.334539429396249
0.199804145251387 0.279938298767208 -0.199362238631442 -0.360815438221869
0.222506549654541 0.28824441341306 -0.272715028243039 -0.372325689746629
0.199203151641514 0.331424800148536 -0.260828692048825 -0.388237390384619
0.0789864056019775 0.390301705808705 -0.111594830879631 -0.390965949192597
-0.131970846113319 0.369173169889031 0.0687394272134165 -0.281105411365629
-0.277913094806121 0.261800941716253 0.0325715659947628 -0.106642784017032
-0.368340937706242 0.126256326789901 -0.0222940620311027 -0.120342135190424
-0.403207549073549 -0.00174683241990452 -0.157309870286898 -0.225044504214063
-0.499198900877276 -0.0406797406802186 -0.233331246701066 -0.0447884878674585
-0.378993884019384 0.111750127610773 -0.285070539905802 -0.337368436108768
-0.224989402874761 0.131878565239515 -0.455986601753691 -0.00951122094171308
-0.17323711726456 0.129255400961573 -0.138316428559157 0.308927081492808
-0.144000503366444 0.256458054407339 0.219320497716397 0.154453080344747
-0.020822536097446 0.348375335555017 0.178894354876143 -0.135071328384949
0.135373503088242 0.385400401517261 0.0230924694780165 -0.228075883694842
0.267657769726034 0.400684104289064 -0.0955987427504616 -0.237794008635163
0.289838729698301 0.406977658089454 -0.155323464121533 -0.241218285494017
0.243137939661309 0.459137600946154 -0.175316062701839 -0.25408279962344
0.0768378694902671 0.519054537169468 -0.0866669613885122 -0.273365151129065
-0.190074488019972 0.452984811372544 0.0322727746547444 -0.249377091860862
-0.327708285112888 0.300655774984663 0.0504821678756113 -0.171784056615176
-0.431775627058243 0.19150661315289 0.107392986180855 -0.152274318205835
-0.52626843150104 0.025594932470628 0.0243740203800376 -0.188314272297329
-0.562839784890967 -0.043182857624572 -0.0588878865214697 -0.0324919934351187
-0.420088924177706 0.120268859357657 -0.278986591536134 -0.303078504750939
-0.298128944603755 0.118250267472288 -0.411178136937977 0.0699226134509667
-0.284466670075909 0.176873132809978 -0.094793955105247 0.312140318587958
-0.208622468242712 0.373792051977104 0.18465350662847 0.170366958995567
-0.0169578975706366 0.451542040681566 0.154204680122546 -0.0315664525116116
0.170989306390197 0.454865759898468 0.0832957893518336 -0.077976611507328
0.295662443205751 0.461114850545488 0.0212715135425051 -0.0823396136428062
0.290813493786484 0.465110843845738 -0.0254227719304706 -0.0785498854027229
0.209208330957111 0.505149836666828 -0.0838944852733355 -0.0923927765223139
0.024564179386657 0.529055928268534 -0.0702677651609815 -0.136139164386442
-0.225540498935615 0.407362288388129 -0.00650036896497862 -0.218031552160442
-0.292119786888339 0.255322309437831 0.0992029523721679 -0.237646845680712
-0.404957411708782 0.222953373211516 0.25589586537819 -0.15231299400863
-0.5653821686429 0.0540603559656454 0.217050374952281 -0.140261666235131
-0.53095486681168 -0.0366939283250504 0.11289925049074 0.00967338416761936
-0.391521381079131 0.101205292459327 -0.190787134729032 -0.201108321743291
-0.331485374818555 0.0887922537495414 -0.282174394807756 0.106469250179612
-0.342565240045815 0.217841517237339 -0.0844511086442572 0.272969857713141
-0.216993716530644 0.443049963490276 0.114713402555199 0.230325404804739
0.00916484923621438 0.483651363854175 0.144742717444024 0.126958377243722
0.192186335562584 0.454248213131009 0.161188627110159 0.0975578642825659
0.27489882469052 0.452889564832198 0.13160751737276 0.0849192899013049
0.233819464404923 0.449477979962852 0.0793647256395012 0.091346048447226
0.116368740106779 0.455195259755086 -0.0308042732474495 0.0645276716901713
-0.0481625957981222 0.411579078982788 -0.0913409982572623 -0.024865257561334
-0.206830609182523 0.250890929475567 -0.0337294665200523 -0.210833581451366
-0.182011205322083 0.165231417436445 0.184447758770195 -0.268725618031757
-0.316514040468373 0.227974543942323 0.377669252685758 -0.0880088064125846
-0.530536608105714 0.0698724271521441 0.379811616783304 -0.0833703667857753
-0.4199074142376 -0.0199264960584001 0.262488372892469 0.0664626689145853
-0.300032921626988 0.0765223850207775 -0.0375178183597342 -0.0945729927028141
-0.288082565421468 0.0658205345966363 -0.146181801638009 0.0799985569772848
-0.303854599154338 0.218494454751788 -0.115202883764085 0.234263643597853
-0.163419514012484 0.408484769450867 0.0525061806819705 0.32772389389126
0.038412932229856 0.415662269775807 0.171957209842284 0.301154761268143
0.182598407869441 0.375889007258615 0.250064614177697 0.264979191401862
0.215128985506967 0.376570778474026 0.224056086716726 0.238119566739214
0.147125116029769 0.36299672280444 0.141646544885495 0.238059265872389
0.0214154935518216 0.325277885457329 -0.033160981944614 0.177744045213238
-0.0825453169995787 0.230247615050054 -0.140230013979089 0.0144396604243529
-0.121748478247955 0.0870277390704102 -0.0216900401966681 -0.233111450265295
-0.0506525943782101 0.0985150001266714 0.286953409120009 -0.229664574274147
-0.214694471358033 0.213241486886858 0.427774573052649 0.0346663375871679
-0.433017826403082 0.0690673526579518 0.491111044105695 -0.0264568502413512
-0.247518329784493 0.00145599599599337 0.363394832991096 0.118355357462536
-0.157209674373369 0.0539919152893325 0.107452387765685 -0.0271143441786886
-0.166464309643333 0.0324674905467273 -0.0621344100241239 0.0333033197674447
-0.187817442582074 0.140496596909505 -0.152132226107051 0.224151985593265
-0.0920176637333908 0.260453835528462 0.0292994457400792 0.421780557135983
0.0366514164668937 0.257968552886453 0.2242148159078 0.436391898033774
0.124193693874747 0.235302264704399 0.328629955618568 0.390403233670624
0.11972444609188 0.24244362046408 0.285326026971921 0.352354822248197
0.0546350102846349 0.222336766897228 0.158610427870579 0.33786681662953
-0.0365665176803253 0.164650398930437 -0.0703420534444126 0.226573559593806
-0.0669728572041966 0.0698802971711952 -0.173298834543431 -0.0136484429548209
-0.0266179140055506 -0.00915528563481974 0.038242010315812 -0.248547722784975
0.0335634527310302 0.0622755507138806 0.352879295117526 -0.124398446893071
-0.119300393070509 0.166352590820679 0.393771692939244 0.159507011228858
-0.278030061263471 0.0504391502729538 0.542280889978431 0.0273497873792242
