TRXV5
3
4
4
9
string Extension=J
integer IsArchMeasurement=1
integer IsSpherical=1
string Generator=SPM
string GeneratorVersion=1.3.1 Dev
double ArchRadius=0.449999988079071
integer FrequencyAxisIndex=0
integer AzimuthAxisIndex=1
integer ElevationAxisIndex=2
Frequency
5 136 690000000 960000000 LIN
Azimuth
7 8 0 2.74889357189107 LIN
Elevation
7 15 -2.74889357189107 2.74889357189107 LIN
Polar H Real Part
13
Polar H Imaginary Part
14
Polar V Real Part
13
Polar V Imaginary Part
14
Polar H Magnitude (dB)
12 0xC0000002 0 1
Polar H Phase
7 0xC0000003 0 1
Polar V Magnitude (dB)
12 0xC0000002 2 3
Polar V Phase
7 0xC0000003 2 3
0.0606727600097656 -0.0299530029296875 0.30072021484375 0.56744384765625
0.0869369506835938 -0.0159912109375 0.12469482421875 0.46917724609375
0.0315322875976563 -0.0745697021484375 0.09710693359375 0.255142211914063
-0.0252265930175781 -0.0498695373535156 0.0399093627929688 0.104629516601563
-0.0293674468994141 -0.00143051147460937 -0.0961532592773437 -0.02801513671875
-0.0205039978027344 0.0298252105712891 -0.346405029296875 0.013275146484375
-0.0179214477539063 0.0515823364257813 -0.501678466796875 0.214752197265625
-0.0102005004882813 0.0346431732177734 -0.522674560546875 0.3363037109375
-0.0040435791015625 0.0452308654785156 -0.530029296875 0.342315673828125
-0.0332489013671875 0.0429458618164062 -0.51544189453125 0.218597412109375
-0.0612449645996094 0.0328788757324219 -0.380462646484375 0.1373291015625
-0.0931243896484375 -0.0074462890625 -0.23541259765625 0.0863189697265624
-0.0521011352539063 -0.0733489990234375 -0.109931945800781 0.124038696289063
0.0131378173828125 -0.0664138793945313 -0.0013427734375 0.39532470703125
-0.0080413818359375 -0.0256595611572266 -0.140380859375 0.65692138671875
-0.021148681640625 -0.303253173828125 0.266845703125 0.5343017578125
-0.0346832275390625 -0.238479614257812 0.05718994140625 0.45184326171875
-0.08636474609375 -0.216537475585938 0.05474853515625 0.304412841796875
-0.148895263671875 -0.168670654296875 0.0456695556640625 0.14361572265625
-0.179397583007813 -0.087127685546875 -0.060394287109375 -0.0275001525878906
-0.236358642578125 0.00910949707031254 -0.32733154296875 -0.013397216796875
-0.245010375976562 0.102203369140625 -0.478302001953125 0.1649169921875
-0.232818603515625 0.0841827392578125 -0.48114013671875 0.30194091796875
-0.244857788085938 0.096099853515625 -0.476409912109375 0.32916259765625
-0.275131225585938 0.0423126220703125 -0.4678955078125 0.235260009765625
-0.262619018554688 -0.0461273193359375 -0.328460693359375 0.164215087890625
-0.261032104492188 -0.131637573242187 -0.207473754882813 0.117141723632813
-0.158248901367187 -0.24493408203125 -0.091644287109375 0.160369873046875
-0.0721435546875 -0.288970947265625 -0.006195068359375 0.368438720703125
-0.08563232421875 -0.283966064453125 -0.130126953125 0.59735107421875
-0.092620849609375 -0.55181884765625 0.216583251953125 0.41473388671875
-0.139373779296875 -0.455535888671875 0.00216674804687499 0.38916015625
-0.188690185546875 -0.362640380859375 0.042388916015625 0.329315185546875
-0.258575439453125 -0.292083740234375 0.0798797607421875 0.1614990234375
-0.310546875 -0.18170166015625 0.000339508056640606 -0.0286045074462891
-0.4267578125 -0.031829833984375 -0.255706787109375 -0.0415954589843749
-0.44000244140625 0.130859375 -0.3780517578125 0.091949462890625
-0.4224853515625 0.122283935546875 -0.36712646484375 0.220672607421875
-0.4461669921875 0.14654541015625 -0.357177734375 0.26568603515625
-0.475860595703125 0.065826416015625 -0.360137939453125 0.219818115234375
-0.434906005859375 -0.0798645019531249 -0.245071411132813 0.166839599609375
-0.414520263671875 -0.198272705078125 -0.173248291015625 0.130538940429687
-0.275421142578125 -0.355072021484375 -0.08782958984375 0.163436889648437
-0.177154541015625 -0.44677734375 -0.040130615234375 0.278213500976563
-0.17413330078125 -0.489715576171875 -0.13751220703125 0.445159912109375
-0.1431884765625 -0.7188720703125 0.163833618164062 0.223678588867187
-0.2093505859375 -0.61651611328125 -0.0319061279296875 0.2789306640625
-0.252777099609375 -0.4775390625 0.060089111328125 0.32159423828125
-0.330291748046875 -0.398040771484375 0.1424560546875 0.15765380859375
-0.403900146484375 -0.265228271484375 0.0891952514648437 -0.0307693481445313
-0.56378173828125 -0.0778808593750001 -0.128044128417969 -0.0702362060546875
-0.57373046875 0.13623046875 -0.211822509765625 0.00163269042968749
-0.54840087890625 0.141204833984375 -0.198516845703125 0.104812622070313
-0.576904296875 0.1741943359375 -0.195541381835937 0.158401489257813
-0.60089111328125 0.0876464843750001 -0.21630859375 0.1634521484375
-0.540374755859375 -0.0856933593750001 -0.149017333984375 0.137161254882813
-0.50787353515625 -0.21490478515625 -0.141799926757813 0.121063232421875
-0.3656005859375 -0.394775390625 -0.107101440429688 0.129837036132812
-0.27032470703125 -0.52398681640625 -0.104110717773438 0.140914916992187
-0.2464599609375 -0.61749267578125 -0.168136596679688 0.233688354492187
-0.1700439453125 -0.7698974609375 0.116020202636719 -0.0118637084960938
-0.23333740234375 -0.66583251953125 -0.0443572998046875 0.124839782714844
-0.261444091796875 -0.51605224609375 0.0864105224609375 0.265823364257812
-0.34222412109375 -0.444488525390625 0.21197509765625 0.130569458007812
-0.434844970703125 -0.312652587890625 0.193206787109375 -0.032867431640625
-0.618896484375 -0.1123046875 0.038909912109375 -0.099090576171875
-0.6192626953125 0.1236572265625 -0.00595855712890629 -0.0938720703125
-0.59027099609375 0.13861083984375 -0.00283432006835941 -0.0262546539306641
-0.62335205078125 0.17108154296875 -0.0155277252197266 0.0312728881835938
-0.6309814453125 0.0852050781250001 -0.0583648681640625 0.0842819213867188
-0.55255126953125 -0.089569091796875 -0.0570602416992188 0.0868301391601562
-0.51177978515625 -0.205413818359375 -0.119888305664063 0.0876846313476563
-0.39019775390625 -0.37445068359375 -0.1392822265625 0.0630340576171875
-0.315704345703125 -0.5225830078125 -0.179473876953125 -0.0213165283203126
-0.28216552734375 -0.6561279296875 -0.210479736328125 -0.00346374511718753
-0.1788330078125 -0.68896484375 0.079345703125 -0.249542236328125
-0.21392822265625 -0.58819580078125 -0.0399627685546875 -0.0530014038085938
-0.21417236328125 -0.4552001953125 0.0986328125 0.168563842773437
-0.287841796875 -0.409149169921875 0.263031005859375 0.086578369140625
-0.389495849609375 -0.299713134765625 0.290435791015625 -0.03533935546875
-0.573486328125 -0.123046875 0.219833374023437 -0.128860473632813
-0.5672607421875 0.0940551757812499 0.20648193359375 -0.1871337890625
-0.54278564453125 0.115234375 0.190032958984375 -0.152542114257813
-0.5770263671875 0.13018798828125 0.15673828125 -0.08795166015625
-0.560791015625 0.048492431640625 0.0916671752929687 0.008941650390625
-0.471771240234375 -0.10174560546875 0.0171661376953125 0.0362167358398437
-0.4268798828125 -0.181884765625 -0.107276916503906 0.0379714965820313
-0.343505859375 -0.31097412109375 -0.161331176757813 -0.030120849609375
-0.3016357421875 -0.4578857421875 -0.23223876953125 -0.18463134765625
-0.271728515625 -0.60845947265625 -0.247482299804688 -0.230941772460938
-0.170928955078125 -0.49310302734375 0.049591064453125 -0.448760986328125
-0.168365478515625 -0.40155029296875 -0.0304107666015625 -0.214218139648438
-0.13580322265625 -0.305908203125 0.0925674438476562 0.05767822265625
-0.18377685546875 -0.29345703125 0.284088134765625 0.03814697265625
-0.276504516601563 -0.229141235351562 0.363250732421875 -0.04205322265625
-0.433929443359375 -0.106903076171875 0.37872314453125 -0.163818359375
-0.427459716796875 0.0531005859375 0.388275146484375 -0.270233154296875
-0.414154052734375 0.07403564453125 0.354248046875 -0.25592041015625
-0.446929931640625 0.0696105957031251 0.303985595703125 -0.174102783203125
-0.412841796875 6.10351562500579E-05 0.213790893554688 -0.0383758544921875
-0.322509765625 -0.104705810546875 0.0662689208984375 0.000160217285156244
-0.28656005859375 -0.138214111328125 -0.0937423706054688 -0.0205078125
-0.250823974609375 -0.2154541015625 -0.153961181640625 -0.137481689453125
-0.245086669921875 -0.341705322265625 -0.237091064453125 -0.3284912109375
-0.22784423828125 -0.4803466796875 -0.26513671875 -0.422088623046875
-0.138916015625 -0.222457885742188 0.0256958007812499 -0.570556640625
-0.101913452148438 -0.153640747070313 -0.02496337890625 -0.317840576171875
-0.0426025390625 -0.108108520507812 0.0751113891601563 -0.0352554321289063
-0.0541534423828125 -0.129653930664063 0.282501220703125 -0.00610351562500001
-0.115684509277344 -0.120758056640625 0.39605712890625 -0.062835693359375
-0.221664428710938 -0.0809173583984374 0.4835205078125 -0.203948974609375
-0.223312377929688 -0.00265502929687503 0.5079345703125 -0.3333740234375
-0.225372314453125 0.021148681640625 0.4630126953125 -0.319427490234375
-0.251846313476563 0.00390625000000005 0.40338134765625 -0.211761474609375
-0.210845947265625 -0.0377960205078125 0.2935791015625 -0.0498046875
-0.142364501953125 -0.0799560546875 0.0891265869140625 -0.0187225341796875
-0.127769470214844 -0.06890869140625 -0.0744094848632813 -0.07952880859375
-0.1441650390625 -0.098175048828125 -0.109649658203125 -0.23797607421875
-0.166717529296875 -0.185806274414062 -0.1943359375 -0.434234619140625
-0.158294677734375 -0.2877197265625 -0.258209228515625 -0.5601806640625
0.0579719543457031 -0.0376739501953125 0.36212158203125 0.54473876953125
0.0876312255859375 -0.0259628295898438 0.17572021484375 0.463165283203125
0.0226898193359375 -0.0778884887695313 0.122634887695313 0.250839233398438
-0.0317916870117188 -0.0464019775390625 0.0490188598632812 0.101905822753906
-0.0299949645996094 0.00195884704589844 -0.102699279785156 -0.021240234375
-0.0171794891357422 0.0336360931396484 -0.35467529296875 0.045928955078125
-0.0128707885742187 0.0549697875976562 -0.487579345703125 0.26666259765625
-0.00706863403320313 0.0373191833496094 -0.492706298828125 0.395111083984375
0.00176239013671875 0.0483322143554688 -0.499847412109375 0.40118408203125
-0.0297737121582031 0.047607421875 -0.49896240234375 0.274139404296875
-0.0591812133789063 0.0403327941894531 -0.37176513671875 0.177642822265625
-0.0952377319335938 0.00409698486328125 -0.230148315429688 0.112808227539062
-0.0609207153320313 -0.0692672729492188 -0.101249694824219 0.139045715332031
0.00652313232421875 -0.0689201354980469 0.040252685546875 0.40045166015625
-0.0105533599853516 -0.0224227905273438 -0.0745239257812499 0.67718505859375
-0.052825927734375 -0.307159423828125 0.3223876953125 0.514739990234375
-0.0587005615234375 -0.238311767578125 0.103607177734375 0.454681396484375
-0.108245849609375 -0.209213256835938 0.085113525390625 0.303009033203125
-0.169326782226563 -0.154937744140625 0.0584564208984375 0.14056396484375
-0.190399169921875 -0.0696563720703125 -0.066192626953125 -0.0223808288574219
-0.236587524414063 0.0340423583984375 -0.33551025390625 0.0199279785156251
-0.236495971679687 0.129165649414063 -0.469329833984375 0.217620849609375
-0.227508544921875 0.1112060546875 -0.455413818359375 0.3543701171875
-0.237701416015625 0.125869750976563 -0.44842529296875 0.382965087890625
-0.274856567382813 0.07257080078125 -0.449737548828125 0.287017822265625
-0.271743774414062 -0.0196533203125 -0.3160400390625 0.198883056640625
-0.280029296875 -0.105087280273437 -0.199066162109375 0.142135620117188
-0.183547973632813 -0.23272705078125 -0.0766448974609375 0.173294067382812
-0.10076904296875 -0.287078857421875 0.031463623046875 0.37542724609375
-0.115249633789062 -0.27838134765625 -0.0720825195312501 0.614990234375
-0.150543212890625 -0.5498046875 0.2607421875 0.398773193359375
-0.18585205078125 -0.446441650390625 0.040740966796875 0.3953857421875
-0.225677490234375 -0.346893310546875 0.076080322265625 0.3277587890625
-0.29132080078125 -0.270965576171875 0.0939788818359375 0.155746459960938
-0.332122802734375 -0.15252685546875 -0.00483894348144533 -0.0284595489501953
-0.432373046875 0.0119323730468749 -0.262863159179688 -0.0144500732421875
-0.43048095703125 0.176727294921875 -0.37506103515625 0.1328125
-0.41729736328125 0.170257568359375 -0.347320556640625 0.2613525390625
-0.4368896484375 0.197662353515625 -0.33355712890625 0.30670166015625
-0.475494384765625 0.118011474609375 -0.341339111328125 0.260650634765625
-0.4503173828125 -0.0364074707031251 -0.231369018554688 0.194992065429687
-0.442047119140625 -0.157562255859375 -0.161666870117188 0.152542114257812
-0.312286376953125 -0.332489013671875 -0.0697784423828125 0.174896240234375
-0.221710205078125 -0.436981201171875 -0.01220703125 0.285858154296875
-0.225616455078125 -0.478973388671875 -0.09552001953125 0.462158203125
-0.21832275390625 -0.7147216796875 0.187973022460937 0.212356567382812
-0.27252197265625 -0.602294921875 -0.00616455078125003 0.28668212890625
-0.3013916015625 -0.45733642578125 0.093414306640625 0.3172607421875
-0.374908447265625 -0.36895751953125 0.156463623046875 0.144332885742187
-0.43646240234375 -0.2283935546875 0.084716796875 -0.0384445190429688
-0.57421875 -0.0222778320312499 -0.135627746582031 -0.0547103881835937
-0.56378173828125 0.19805908203125 -0.216812133789063 0.0250091552734375
-0.5394287109375 0.203643798828125 -0.191146850585938 0.126113891601562
-0.567626953125 0.24127197265625 -0.180511474609375 0.181259155273438
-0.5992431640625 0.15277099609375 -0.199905395507813 0.190414428710937
-0.5579833984375 -0.0322570800781249 -0.135940551757813 0.15667724609375
-0.54034423828125 -0.16558837890625 -0.131256103515625 0.140884399414063
-0.407196044921875 -0.36444091796875 -0.0901031494140625 0.141143798828125
-0.32232666015625 -0.50634765625 -0.0907135009765625 0.15216064453125
-0.314208984375 -0.6016845703125 -0.14910888671875 0.252212524414062
-0.249755859375 -0.76287841796875 0.115379333496094 -0.0209579467773438
-0.30194091796875 -0.6512451171875 -0.0349960327148438 0.133232116699219
-0.311981201171875 -0.498870849609375 0.114425659179688 0.258468627929687
-0.39111328125 -0.4154052734375 0.224365234375 0.108963012695312
-0.472381591796875 -0.27447509765625 0.19207763671875 -0.050018310546875
-0.63702392578125 -0.0515747070312501 0.0323638916015625 -0.099334716796875
-0.6109619140625 0.18841552734375 -0.017791748046875 -0.0920944213867187
-0.58251953125 0.20599365234375 -0.00662231445312503 -0.0268535614013672
-0.6126708984375 0.2431640625 -0.0118751525878907 0.0329132080078125
-0.62969970703125 0.15191650390625 -0.0466384887695313 0.0943603515625
-0.5706787109375 -0.0345458984374999 -0.0477905273437501 0.0974655151367187
-0.544342041015625 -0.154815673828125 -0.112190246582031 0.105262756347656
-0.42913818359375 -0.340606689453125 -0.128410339355469 0.0763931274414062
-0.368408203125 -0.502410888671875 -0.184173583984375 -0.00396728515625005
-0.354736328125 -0.638916015625 -0.216629028320313 0.0171661376953124
-0.2496337890625 -0.67974853515625 0.05487060546875 -0.2586669921875
-0.27593994140625 -0.5721435546875 -0.0487518310546875 -0.048858642578125
-0.258148193359375 -0.4404296875 0.117691040039063 0.158798217773437
-0.332611083984375 -0.385833740234375 0.272232055664062 0.05975341796875
-0.425537109375 -0.265533447265625 0.290130615234375 -0.062286376953125
-0.59307861328125 -0.0679321289062499 0.212509155273437 -0.14813232421875
-0.56280517578125 0.15386962890625 0.187576293945312 -0.208724975585938
-0.536590576171875 0.177215576171875 0.175491333007812 -0.174514770507813
-0.569091796875 0.19720458984375 0.15087890625 -0.106185913085937
-0.5625 0.1080322265625 0.0975189208984375 0.00195312500000001
-0.489837646484375 -0.05499267578125 0.0220756530761718 0.0391845703125
-0.4534912109375 -0.13848876953125 -0.103218078613281 0.05322265625
-0.374420166015625 -0.279876708984375 -0.162109375 -0.0172271728515626
-0.348846435546875 -0.4376220703125 -0.254684448242188 -0.1651611328125
-0.34075927734375 -0.58856201171875 -0.276458740234375 -0.209732055664062
-0.22149658203125 -0.48138427734375 0.00436401367187503 -0.455963134765625
-0.2093505859375 -0.389862060546875 -0.0556640625 -0.213775634765625
-0.165191650390625 -0.299072265625 0.100067138671875 0.0465240478515625
-0.215087890625 -0.280792236328125 0.288970947265625 0.00845336914062498
-0.302703857421875 -0.20635986328125 0.363128662109375 -0.078277587890625
-0.452484130859375 -0.0674133300781251 0.369354248046875 -0.199493408203125
-0.426788330078125 0.0958251953124999 0.364105224609375 -0.3123779296875
-0.410614013671875 0.120758056640625 0.32977294921875 -0.294036865234375
-0.445465087890625 0.119415283203125 0.289886474609375 -0.20709228515625
-0.41851806640625 0.0419921875000001 0.216583251953125 -0.058349609375
-0.3388671875 -0.0736389160156249 0.068603515625 -0.00189971923828125
-0.3050537109375 -0.10986328125 -0.095855712890625 -0.00740814208984375
-0.272552490234375 -0.19287109375 -0.165374755859375 -0.12738037109375
-0.280975341796875 -0.32330322265625 -0.2735595703125 -0.309967041015625
-0.28045654296875 -0.463653564453125 -0.313232421875 -0.402862548828125
-0.161270141601563 -0.209304809570312 -0.0311279296875 -0.57757568359375
-0.118026733398438 -0.145095825195312 -0.058380126953125 -0.31982421875
-0.0524063110351563 -0.107444763183594 0.0725860595703125 -0.04510498046875
-0.0670166015625 -0.126670837402344 0.283172607421875 -0.03680419921875
-0.128753662109375 -0.113487243652344 0.3953857421875 -0.101043701171875
-0.2359619140625 -0.0602264404296875 0.469970703125 -0.25244140625
-0.226821899414063 0.0203399658203125 0.47918701171875 -0.388092041015625
-0.225311279296875 0.0463104248046875 0.4332275390625 -0.36993408203125
-0.254867553710938 0.03155517578125 0.388671875 -0.25628662109375
-0.217803955078125 -0.01690673828125 0.2955322265625 -0.07940673828125
-0.152557373046875 -0.0684661865234375 0.0894775390625 -0.0237655639648438
-0.13623046875 -0.0568466186523438 -0.0813369750976563 -0.069183349609375
-0.153488159179688 -0.0844573974609375 -0.131591796875 -0.233306884765625
-0.18682861328125 -0.171920776367187 -0.240692138671875 -0.42181396484375
-0.190338134765625 -0.277267456054688 -0.320068359375 -0.541717529296875
0.0519943237304688 -0.0420722961425781 0.40362548828125 0.49859619140625
0.08294677734375 -0.0347976684570313 0.215667724609375 0.4368896484375
0.0145492553710938 -0.0771942138671875 0.141372680664062 0.234512329101563
-0.0357818603515625 -0.0418815612792969 0.0555877685546875 0.0963592529296875
-0.0290927886962891 0.00465202331542968 -0.104965209960938 -0.0131454467773437
-0.0130653381347656 0.0361480712890625 -0.34747314453125 0.07623291015625
-0.00701141357421875 0.0563201904296875 -0.453582763671875 0.306793212890625
-0.00324630737304687 0.0378303527832031 -0.443756103515625 0.430816650390625
0.00712966918945312 0.0487327575683594 -0.450836181640625 0.4398193359375
-0.0239601135253906 0.0500907897949219 -0.46270751953125 0.312347412109375
-0.0536003112792969 0.0444068908691406 -0.347869873046875 0.2047119140625
-0.0913467407226563 0.0141448974609375 -0.213775634765625 0.131866455078125
-0.0657806396484375 -0.0612640380859375 -0.088226318359375 0.1478271484375
-0.000194549560546868 -0.0684585571289063 0.074951171875 0.38861083984375
-0.0108222961425781 -0.0193443298339844 -0.01080322265625 0.6676025390625
-0.080078125 -0.295013427734375 0.361541748046875 0.471832275390625
-0.0777587890625 -0.22711181640625 0.142822265625 0.435455322265625
-0.123870849609375 -0.19390869140625 0.109466552734375 0.28875732421875
-0.179214477539063 -0.1353759765625 0.0677642822265625 0.132705688476563
-0.19183349609375 -0.0515899658203125 -0.0698013305664063 -0.0169448852539063
-0.226364135742187 0.055511474609375 -0.32891845703125 0.048797607421875
-0.217605590820313 0.149017333984375 -0.439971923828125 0.256317138671875
-0.211822509765625 0.13262939453125 -0.411865234375 0.387908935546875
-0.219406127929688 0.1470947265625 -0.401824951171875 0.41546630859375
-0.261749267578125 0.097747802734375 -0.411956787109375 0.321685791015625
-0.267593383789063 0.0052337646484375 -0.290618896484375 0.2232666015625
-0.28350830078125 -0.0754394531250001 -0.180435180664063 0.157791137695312
-0.198348999023438 -0.211685180664062 -0.058624267578125 0.177459716796875
-0.121856689453125 -0.274749755859375 0.064605712890625 0.363739013671875
-0.137100219726563 -0.259017944335937 -0.014404296875 0.605224609375
-0.197723388671875 -0.525115966796875 0.290008544921875 0.366668701171875
-0.221343994140625 -0.419952392578125 0.074859619140625 0.38299560546875
-0.248077392578125 -0.319793701171875 0.1025390625 0.3115234375
-0.30902099609375 -0.2373046875 0.103103637695312 0.142837524414062
-0.3382568359375 -0.121185302734375 -0.00885391235351565 -0.02679443359375
-0.419219970703125 0.0496520996093751 -0.257843017578125 0.0113220214843751
-0.40264892578125 0.213409423828125 -0.357666015625 0.1651611328125
-0.390655517578125 0.207366943359375 -0.316436767578125 0.285797119140625
-0.408294677734375 0.23553466796875 -0.296142578125 0.330657958984375
-0.45355224609375 0.1597900390625 -0.3077392578125 0.28826904296875
-0.445587158203125 0.00476074218750005 -0.207366943359375 0.212799072265625
-0.4478759765625 -0.113067626953125 -0.14324951171875 0.16632080078125
-0.33172607421875 -0.300262451171875 -0.050018310546875 0.175384521484375
-0.253570556640625 -0.410797119140625 0.015106201171875 0.280136108398438
-0.26416015625 -0.446197509765625 -0.05303955078125 0.4591064453125
-0.27825927734375 -0.68060302734375 0.200775146484375 0.191543579101562
-0.3189697265625 -0.56231689453125 0.0177001953125 0.282196044921875
-0.330291748046875 -0.421905517578125 0.11773681640625 0.29937744140625
-0.400634765625 -0.32568359375 0.162353515625 0.12713623046875
-0.446929931640625 -0.18597412109375 0.0790176391601562 -0.0440292358398438
-0.560882568359375 0.0296630859375 -0.135078430175781 -0.0384063720703125
-0.5301513671875 0.24249267578125 -0.211257934570313 0.047210693359375
-0.507080078125 0.25244140625 -0.176101684570313 0.139923095703125
-0.531463623046875 0.290802001953125 -0.15802001953125 0.192764282226563
-0.5716552734375 0.2049560546875 -0.17425537109375 0.206619262695313
-0.551422119140625 0.0175170898437499 -0.11688232421875 0.167160034179688
-0.544921875 -0.112396240234375 -0.1134033203125 0.1513671875
-0.425201416015625 -0.322235107421875 -0.07061767578125 0.143203735351562
-0.3580322265625 -0.469573974609375 -0.073974609375 0.156768798828125
-0.362396240234375 -0.559234619140625 -0.1248779296875 0.258941650390625
-0.313720703125 -0.72540283203125 0.109672546386719 -0.0301361083984375
-0.352294921875 -0.608154296875 -0.025299072265625 0.134185791015625
-0.34503173828125 -0.46038818359375 0.1341552734375 0.240341186523437
-0.418792724609375 -0.37255859375 0.22454833984375 0.0858306884765625
-0.48712158203125 -0.226470947265625 0.1820068359375 -0.0635986328125
-0.625732421875 0.00592041015625003 0.0262603759765625 -0.0967025756835938
-0.57672119140625 0.23773193359375 -0.0280075073242188 -0.085052490234375
-0.5496826171875 0.257110595703125 -0.011098861694336 -0.0265369415283203
-0.5755615234375 0.2965087890625 -0.00792503356933598 0.0321979522705078
-0.6007080078125 0.20782470703125 -0.0330429077148438 0.098175048828125
-0.56390380859375 0.0163574218750001 -0.035125732421875 0.102119445800781
-0.54644775390625 -0.10125732421875 -0.0969467163085938 0.116111755371094
-0.44500732421875 -0.29608154296875 -0.113967895507813 0.0820846557617187
-0.403106689453125 -0.461212158203125 -0.17974853515625 0.01116943359375
-0.40557861328125 -0.59033203125 -0.21258544921875 0.0354003906249999
-0.30474853515625 -0.64288330078125 0.028717041015625 -0.255950927734375
-0.318878173828125 -0.534759521484375 -0.0554924011230469 -0.0412788391113282
-0.28826904296875 -0.408966064453125 0.12786865234375 0.142486572265625
-0.357696533203125 -0.350128173828125 0.266738891601563 0.0327911376953125
-0.43975830078125 -0.223846435546875 0.277664184570313 -0.08367919921875
-0.58612060546875 -0.0139160156250001 0.197616577148437 -0.159500122070313
-0.53472900390625 0.1986083984375 0.162612915039062 -0.217742919921875
-0.505645751953125 0.222137451171875 0.1522216796875 -0.186477661132813
-0.538848876953125 0.2467041015625 0.137428283691406 -0.117576599121094
-0.539306640625 0.15765380859375 0.100028991699219 -0.00518798828124999
-0.48529052734375 -0.0112304687500001 0.0281105041503906 0.0397529602050781
-0.4556884765625 -0.093719482421875 -0.0930099487304688 0.0644454956054687
-0.387176513671875 -0.24163818359375 -0.154861450195313 -0.00663757324218751
-0.37799072265625 -0.399261474609375 -0.263412475585938 -0.140243530273438
-0.388427734375 -0.54498291015625 -0.29205322265625 -0.17889404296875
-0.25811767578125 -0.450958251953125 -0.036529541015625 -0.44464111328125
-0.23870849609375 -0.36187744140625 -0.0761566162109375 -0.201904296875
-0.184524536132812 -0.280075073242188 0.101188659667969 0.0353546142578125
-0.234451293945312 -0.257537841796875 0.27978515625 -0.0181427001953125
-0.315216064453125 -0.176361083984375 0.3472900390625 -0.106658935546875
-0.449859619140625 -0.0253295898437501 0.345184326171875 -0.22381591796875
-0.408111572265625 0.13116455078125 0.32476806640625 -0.3363037109375
-0.3876953125 0.15533447265625 0.2913818359375 -0.317901611328125
-0.422760009765625 0.159942626953125 0.263885498046875 -0.2296142578125
-0.404510498046875 0.0802917480468751 0.210037231445312 -0.07611083984375
-0.33819580078125 -0.04339599609375 0.0696868896484375 -0.00481033325195313
-0.308929443359375 -0.0786437988281249 -0.0916290283203125 0.00458526611328124
-0.2784423828125 -0.164016723632813 -0.169692993164063 -0.113327026367188
-0.30218505859375 -0.29132080078125 -0.29608154296875 -0.2808837890625
-0.3175048828125 -0.428375244140625 -0.343414306640625 -0.363983154296875
-0.174850463867188 -0.188995361328125 -0.081756591796875 -0.55804443359375
-0.12640380859375 -0.130935668945312 -0.087921142578125 -0.30609130859375
-0.0595703125 -0.102165222167969 0.0660667419433594 -0.0506668090820313
-0.075897216796875 -0.120147705078125 0.271087646484375 -0.062408447265625
-0.137542724609375 -0.100852966308594 0.3760986328125 -0.13250732421875
-0.2384033203125 -0.0372772216796875 0.438873291015625 -0.287384033203125
-0.22027587890625 0.0393829345703125 0.43182373046875 -0.42230224609375
-0.214340209960937 0.0659942626953125 0.3856201171875 -0.40093994140625
-0.246109008789063 0.055389404296875 0.35552978515625 -0.285888671875
-0.214981079101563 0.00274658203125002 0.28497314453125 -0.104217529296875
-0.15570068359375 -0.0546112060546875 0.08831787109375 -0.0279312133789063
-0.137901306152344 -0.0432281494140625 -0.0832061767578125 -0.0580596923828125
-0.154617309570313 -0.0680694580078125 -0.147186279296875 -0.21942138671875
-0.19635009765625 -0.153030395507813 -0.274444580078125 -0.39251708984375
-0.212310791015625 -0.253067016601562 -0.36175537109375 -0.499359130859375
0.0467147827148438 -0.0436439514160156 0.41595458984375 0.45452880859375
0.0777511596679688 -0.0391998291015625 0.232177734375 0.40679931640625
0.00875854492187499 -0.073822021484375 0.149276733398438 0.217926025390625
-0.0374069213867188 -0.0378494262695312 0.0583267211914063 0.0916061401367188
-0.0276813507080078 0.00630378723144532 -0.103515625 -0.00677490234375001
-0.00883865356445312 0.0363731384277344 -0.33331298828125 0.0923461914062499
-0.0029754638671875 0.0564041137695313 -0.418792724609375 0.32073974609375
-0.000682830810546873 0.0380706787109375 -0.399017333984375 0.44134521484375
0.0108985900878906 0.0470428466796875 -0.40472412109375 0.44915771484375
-0.01953125 0.050811767578125 -0.42803955078125 0.32525634765625
-0.0486259460449219 0.0472564697265625 -0.32293701171875 0.21673583984375
-0.0859832763671875 0.0208282470703125 -0.197982788085938 0.1392822265625
-0.0662460327148438 -0.0557518005371094 -0.0776824951171875 0.149185180664063
-0.00342178344726562 -0.0666122436523437 0.095794677734375 0.369476318359375
-0.00927448272705078 -0.0163230895996094 0.0283203125 0.64080810546875
-0.09613037109375 -0.2796630859375 0.373443603515625 0.43414306640625
-0.086639404296875 -0.21392822265625 0.1617431640625 0.408172607421875
-0.128158569335938 -0.178680419921875 0.12127685546875 0.27081298828125
-0.181655883789063 -0.119049072265625 0.0705337524414062 0.126129150390625
-0.187591552734375 -0.0391998291015625 -0.068817138671875 -0.0117721557617188
-0.213470458984375 0.066192626953125 -0.315765380859375 0.067413330078125
-0.199203491210938 0.156829833984375 -0.4093017578125 0.274688720703125
-0.195022583007813 0.141143798828125 -0.370269775390625 0.396453857421875
-0.201156616210937 0.156280517578125 -0.35919189453125 0.423553466796875
-0.245376586914063 0.110092163085937 -0.377716064453125 0.33294677734375
-0.25848388671875 0.020660400390625 -0.266098022460938 0.231201171875
-0.277130126953125 -0.0546569824218749 -0.162994384765625 0.163711547851563
-0.2008056640625 -0.194107055664063 -0.0451507568359375 0.174545288085938
-0.131607055664063 -0.259109497070312 0.084136962890625 0.347412109375
-0.145004272460938 -0.241241455078125 0.02044677734375 0.58343505859375
-0.22125244140625 -0.4940185546875 0.297271728515625 0.3359375
-0.234649658203125 -0.3912353515625 0.09259033203125 0.363983154296875
-0.254119873046875 -0.293609619140625 0.11529541015625 0.293060302734375
-0.31146240234375 -0.210235595703125 0.104400634765625 0.133392333984375
-0.331787109375 -0.098541259765625 -0.0104618072509766 -0.0244464874267578
-0.398345947265625 0.0716552734375001 -0.247390747070313 0.02618408203125
-0.372802734375 0.22735595703125 -0.333984375 0.18328857421875
-0.36285400390625 0.223358154296875 -0.287628173828125 0.294830322265625
-0.37738037109375 0.25341796875 -0.264312744140625 0.33441162109375
-0.427215576171875 0.181121826171875 -0.27728271484375 0.2952880859375
-0.43115234375 0.029937744140625 -0.186355590820313 0.217300415039062
-0.439117431640625 -0.0814819335937499 -0.126312255859375 0.170181274414063
-0.334503173828125 -0.272186279296875 -0.0351409912109375 0.170074462890625
-0.266021728515625 -0.385101318359375 0.031646728515625 0.2684326171875
-0.27874755859375 -0.412628173828125 -0.025390625 0.444366455078125
-0.30780029296875 -0.63897705078125 0.20172119140625 0.173110961914062
-0.338104248046875 -0.521697998046875 0.0307769775390624 0.27154541015625
-0.338134765625 -0.388427734375 0.129745483398437 0.280715942382813
-0.403228759765625 -0.2908935546875 0.159942626953125 0.114059448242187
-0.43994140625 -0.154998779296875 0.0728836059570312 -0.0447235107421875
-0.538818359375 0.0593566894531251 -0.130050659179688 -0.02764892578125
-0.49359130859375 0.263031005859375 -0.20123291015625 0.0605926513671875
-0.47216796875 0.273223876953125 -0.16204833984375 0.14532470703125
-0.493438720703125 0.31475830078125 -0.140777587890625 0.19354248046875
-0.53778076171875 0.232696533203125 -0.152572631835938 0.209671020507813
-0.530975341796875 0.04864501953125 -0.100753784179688 0.16937255859375
-0.53289794921875 -0.0747375488281249 -0.0976104736328125 0.15472412109375
-0.42242431640625 -0.28814697265625 -0.0560531616210938 0.137840270996094
-0.3682861328125 -0.4371337890625 -0.06146240234375 0.15362548828125
-0.379058837890625 -0.516021728515625 -0.107208251953125 0.25579833984375
-0.34503173828125 -0.6793212890625 0.101554870605469 -0.0341644287109375
-0.37225341796875 -0.5638427734375 -0.0193557739257813 0.132698059082031
-0.354644775390625 -0.425689697265625 0.14129638671875 0.22320556640625
-0.423858642578125 -0.335296630859375 0.216934204101563 0.0706024169921875
-0.48089599609375 -0.192138671875 0.171310424804687 -0.0702362060546875
-0.60174560546875 0.0396118164062501 0.023040771484375 -0.0921096801757813
-0.540557861328125 0.25970458984375 -0.0320663452148438 -0.0773086547851562
-0.510040283203125 0.280303955078125 -0.0145244598388672 -0.0233612060546875
-0.535400390625 0.3216552734375 -0.00622367858886722 0.0305881500244141
-0.56658935546875 0.23614501953125 -0.0216064453125 0.0964508056640625
-0.542724609375 0.0473937988281249 -0.0248947143554688 0.1024169921875
-0.533538818359375 -0.06365966796875 -0.0841445922851563 0.119071960449219
-0.440582275390625 -0.2625732421875 -0.10125732421875 0.0803680419921875
-0.4117431640625 -0.425445556640625 -0.173004150390625 0.0200042724609374
-0.424468994140625 -0.545501708984375 -0.203872680664063 0.04693603515625
-0.330810546875 -0.60003662109375 0.0123291015625 -0.245895385742188
-0.33636474609375 -0.495330810546875 -0.0580825805664063 -0.0335006713867188
-0.29638671875 -0.380523681640625 0.13067626953125 0.129364013671875
-0.362579345703125 -0.317626953125 0.254425048828125 0.0163726806640625
-0.435546875 -0.193939208984375 0.262527465820313 -0.0952301025390625
-0.567626953125 0.01849365234375 0.183700561523437 -0.162002563476563
-0.502410888671875 0.220550537109375 0.142913818359375 -0.215164184570312
-0.472686767578125 0.24456787109375 0.132339477539062 -0.186279296875
-0.50341796875 0.270660400390625 0.124565124511719 -0.122688293457031
-0.511077880859375 0.184173583984375 0.100318908691406 -0.0103225708007812
-0.46881103515625 0.0170898437499999 0.0326080322265625 0.0383071899414063
-0.445068359375 -0.062164306640625 -0.08251953125 0.0693435668945312
-0.382720947265625 -0.2120361328125 -0.146209716796875 -0.00328063964843754
-0.385345458984375 -0.36474609375 -0.261993408203125 -0.120269775390625
-0.406646728515625 -0.5008544921875 -0.29339599609375 -0.1552734375
-0.27484130859375 -0.417572021484375 -0.06036376953125 -0.423553466796875
-0.249725341796875 -0.334136962890625 -0.08587646484375 -0.187774658203125
-0.190887451171875 -0.26141357421875 0.0987930297851562 0.0285263061523437
-0.238571166992188 -0.2364501953125 0.264785766601563 -0.03472900390625
-0.315277099609375 -0.154296875 0.32769775390625 -0.12054443359375
-0.438323974609375 0.0021972656250001 0.32196044921875 -0.234954833984375
-0.385986328125 0.148651123046875 0.2916259765625 -0.33795166015625
-0.364044189453125 0.173309326171875 0.259307861328125 -0.320465087890625
-0.39691162109375 0.180389404296875 0.238433837890625 -0.237091064453125
-0.385711669921875 0.10009765625 0.201385498046875 -0.0854034423828125
-0.3287353515625 -0.0235900878906251 0.07080078125 -0.0055999755859375
-0.302032470703125 -0.05780029296875 -0.0840530395507813 0.0108489990234375
-0.2740478515625 -0.1439208984375 -0.166885375976563 -0.10369873046875
-0.3067626953125 -0.26708984375 -0.301483154296875 -0.253631591796875
-0.333282470703125 -0.393585205078125 -0.3533935546875 -0.330047607421875
-0.177505493164063 -0.172470092773438 -0.108978271484375 -0.529449462890625
-0.127998352050781 -0.119491577148438 -0.10296630859375 -0.28863525390625
-0.0628128051757812 -0.0969772338867188 0.0609931945800781 -0.0537986755371094
-0.0781631469726562 -0.113853454589844 0.25445556640625 -0.07635498046875
-0.138923645019531 -0.0907440185546875 0.35595703125 -0.147430419921875
-0.235336303710937 -0.020965576171875 0.406768798828125 -0.2996826171875
-0.2115478515625 0.049774169921875 0.38909912109375 -0.429412841796875
-0.201766967773438 0.0758819580078125 0.344512939453125 -0.40582275390625
-0.233261108398438 0.068450927734375 0.32305908203125 -0.29644775390625
-0.206802368164063 0.0148773193359375 0.270294189453125 -0.116790771484375
-0.153366088867188 -0.044769287109375 0.0863800048828125 -0.0291900634765625
-0.134368896484375 -0.0332107543945312 -0.0814666748046875 -0.0497283935546875
-0.150390625 -0.056640625 -0.153167724609375 -0.205963134765625
-0.197402954101562 -0.13690185546875 -0.287445068359375 -0.361083984375
-0.220062255859375 -0.230255126953125 -0.377716064453125 -0.45751953125
0.0435867309570313 -0.0427818298339844 0.416229248046875 0.431793212890625
0.0750579833984375 -0.0418319702148438 0.236785888671875 0.387664794921875
0.006622314453125 -0.0715408325195313 0.149948120117188 0.208480834960938
-0.0385246276855469 -0.03448486328125 0.0589523315429688 0.090057373046875
-0.0269451141357422 0.00671005249023437 -0.102523803710938 -0.00441741943359374
-0.00691986083984375 0.0360641479492188 -0.326080322265625 0.100555419921875
0.000225067138671875 0.0562400817871094 -0.400604248046875 0.325225830078125
0.00227737426757812 0.0386466979980469 -0.373291015625 0.438140869140625
0.013153076171875 0.0468597412109375 -0.381317138671875 0.447418212890625
-0.0171241760253906 0.0507316589355469 -0.41021728515625 0.328125
-0.0467643737792969 0.0467109680175781 -0.310333251953125 0.2177734375
-0.0827178955078125 0.0226516723632812 -0.187973022460938 0.141799926757813
-0.0666427612304688 -0.0530014038085938 -0.0727386474609375 0.150177001953125
-0.00466537475585938 -0.066070556640625 0.102508544921875 0.359405517578125
-0.00740432739257812 -0.0151710510253906 0.0435791015624999 0.6209716796875
-0.10205078125 -0.268905639648438 0.37335205078125 0.41168212890625
-0.0894317626953125 -0.208099365234375 0.166656494140625 0.393035888671875
-0.127914428710938 -0.171707153320313 0.122909545898437 0.2608642578125
-0.180465698242187 -0.1107177734375 0.070404052734375 0.123977661132813
-0.184341430664062 -0.0341339111328125 -0.0682373046875 -0.00904083251953125
-0.205307006835937 0.0699615478515625 -0.307769775390625 0.07440185546875
-0.18914794921875 0.158676147460937 -0.3916015625 0.279388427734375
-0.185394287109375 0.144683837890625 -0.3499755859375 0.3968505859375
-0.190582275390625 0.15899658203125 -0.33868408203125 0.41937255859375
-0.236724853515625 0.114944458007813 -0.3582763671875 0.334747314453125
-0.252548217773438 0.0264129638671875 -0.2552490234375 0.2322998046875
-0.270660400390625 -0.04644775390625 -0.154327392578125 0.164871215820312
-0.199325561523438 -0.186691284179688 -0.0393524169921875 0.171249389648438
-0.133071899414063 -0.252517700195313 0.0911865234375 0.336181640625
-0.144500732421875 -0.2310791015625 0.03289794921875 0.5667724609375
-0.229522705078125 -0.474609375 0.295562744140625 0.319732666015625
-0.238677978515625 -0.3746337890625 0.0975341796875 0.352294921875
-0.25201416015625 -0.28179931640625 0.117523193359375 0.282989501953125
-0.309051513671875 -0.19696044921875 0.1025390625 0.129844665527344
-0.327239990234375 -0.088531494140625 -0.0105304718017578 -0.0229454040527344
-0.3858642578125 0.0782470703125 -0.239730834960938 0.03265380859375
-0.35504150390625 0.2313232421875 -0.31988525390625 0.19000244140625
-0.345794677734375 0.2298583984375 -0.272216796875 0.29351806640625
-0.360504150390625 0.259857177734375 -0.247833251953125 0.331146240234375
-0.411590576171875 0.18804931640625 -0.259857177734375 0.296142578125
-0.419891357421875 0.0397033691406249 -0.175048828125 0.216262817382812
-0.429656982421875 -0.067962646484375 -0.117172241210937 0.170135498046875
-0.328857421875 -0.261322021484375 -0.02850341796875 0.164077758789063
-0.266357421875 -0.374755859375 0.038177490234375 0.26141357421875
-0.278106689453125 -0.395263671875 -0.01568603515625 0.432891845703125
-0.31719970703125 -0.61322021484375 0.197540283203125 0.164749145507812
-0.342742919921875 -0.50067138671875 0.0345916748046875 0.265304565429687
-0.336029052734375 -0.37158203125 0.130630493164062 0.270401000976563
-0.399627685546875 -0.27398681640625 0.154190063476562 0.109039306640625
-0.43328857421875 -0.142242431640625 0.070465087890625 -0.0439224243164063
-0.522186279296875 0.06878662109375 -0.124954223632813 -0.0221328735351563
-0.47412109375 0.266571044921875 -0.195114135742188 0.0677642822265625
-0.45306396484375 0.280670166015625 -0.154815673828125 0.145736694335938
-0.471405029296875 0.322357177734375 -0.132369995117188 0.1912841796875
-0.51751708984375 0.242523193359375 -0.139907836914063 0.208358764648438
-0.518341064453125 0.0606689453125 -0.0919189453125 0.168441772460938
-0.521484375 -0.058868408203125 -0.08929443359375 0.153900146484375
-0.416351318359375 -0.276031494140625 -0.0492935180664063 0.130821228027344
-0.370208740234375 -0.422088623046875 -0.0565643310546875 0.1513671875
-0.38165283203125 -0.492584228515625 -0.100204467773438 0.251953125
-0.355712890625 -0.6534423828125 0.09527587890625 -0.0331573486328125
-0.375885009765625 -0.540252685546875 -0.0178909301757813 0.131752014160156
-0.3509521484375 -0.4091796875 0.141708374023437 0.213348388671875
-0.419952392578125 -0.31707763671875 0.209609985351562 0.0641937255859375
-0.474853515625 -0.177703857421875 0.165084838867187 -0.070770263671875
-0.5869140625 0.0523071289062501 0.0227813720703125 -0.0892181396484375
-0.51959228515625 0.2655029296875 -0.0338516235351563 -0.0706100463867188
-0.490570068359375 0.2869873046875 -0.0161018371582032 -0.0214252471923828
-0.51239013671875 0.330535888671875 -0.00637245178222659 0.0286750793457031
-0.545928955078125 0.24566650390625 -0.01495361328125 0.0952835083007813
-0.530303955078125 0.0588989257812499 -0.019287109375 0.101341247558594
-0.520782470703125 -0.0488586425781249 -0.0761337280273438 0.119300842285156
-0.431549072265625 -0.24951171875 -0.0938796997070313 0.075103759765625
-0.411651611328125 -0.40863037109375 -0.168167114257813 0.0235290527343749
-0.429107666015625 -0.519256591796875 -0.200149536132813 0.0513000488281249
-0.3377685546875 -0.5772705078125 0.00418090820312496 -0.23822021484375
-0.339141845703125 -0.47430419921875 -0.0598983764648438 -0.0292167663574219
-0.293487548828125 -0.366973876953125 0.129058837890625 0.122817993164062
-0.36053466796875 -0.304718017578125 0.244110107421875 0.0100860595703125
-0.4305419921875 -0.179351806640625 0.252670288085938 -0.0978546142578125
-0.55426025390625 0.0332641601562501 0.177993774414062 -0.16058349609375
-0.48529052734375 0.22491455078125 0.133590698242187 -0.2105712890625
-0.452392578125 0.250274658203125 0.12237548828125 -0.182830810546875
-0.481964111328125 0.2802734375 0.116569519042969 -0.122520446777344
-0.491302490234375 0.19134521484375 0.100906372070312 -0.0127029418945312
-0.457611083984375 0.0267333984375 0.0369796752929687 0.0382461547851563
-0.436187744140625 -0.048736572265625 -0.0753631591796875 0.0702667236328125
-0.37310791015625 -0.2005615234375 -0.140335083007813 -0.00594329833984376
-0.384735107421875 -0.349517822265625 -0.259628295898438 -0.111160278320313
-0.408843994140625 -0.476806640625 -0.291259765625 -0.143890380859375
-0.27679443359375 -0.402618408203125 -0.0687866210937501 -0.40789794921875
-0.25115966796875 -0.319305419921875 -0.0899505615234375 -0.17840576171875
-0.188064575195313 -0.252532958984375 0.0961685180664062 0.024749755859375
-0.236770629882813 -0.228897094726562 0.252777099609375 -0.04034423828125
-0.31103515625 -0.14434814453125 0.31561279296875 -0.1240234375
-0.430389404296875 0.0135192871093751 0.309051513671875 -0.234344482421875
-0.373809814453125 0.15264892578125 0.275238037109375 -0.3333740234375
-0.349334716796875 0.1771240234375 0.2430419921875 -0.315155029296875
-0.382080078125 0.18768310546875 0.225296020507812 -0.23468017578125
-0.3719482421875 0.10626220703125 0.197280883789062 -0.0886688232421875
-0.320892333984375 -0.015350341796875 0.071990966796875 -0.00620269775390625
-0.29498291015625 -0.04840087890625 -0.0788650512695313 0.013153076171875
-0.267425537109375 -0.134674072265625 -0.163238525390625 -0.10186767578125
-0.305511474609375 -0.253997802734375 -0.302154541015625 -0.24041748046875
-0.335174560546875 -0.37249755859375 -0.353363037109375 -0.31231689453125
-0.175979614257813 -0.163604736328125 -0.117431640625 -0.5103759765625
-0.126174926757812 -0.113998413085938 -0.106674194335938 -0.277328491210938
-0.0626068115234375 -0.094635009765625 0.0583267211914062 -0.0536117553710938
-0.07916259765625 -0.112075805664062 0.242965698242188 -0.0817108154296875
-0.138671875 -0.0863418579101563 0.34075927734375 -0.153106689453125
-0.23260498046875 -0.0133209228515625 0.38995361328125 -0.302337646484375
-0.205810546875 0.053741455078125 0.368316650390625 -0.425079345703125
-0.193939208984375 0.078399658203125 0.324676513671875 -0.4022216796875
-0.225616455078125 0.073394775390625 0.305328369140625 -0.294158935546875
-0.202224731445313 0.0195770263671875 0.26336669921875 -0.121795654296875
-0.150619506835938 -0.04071044921875 0.08685302734375 -0.0291671752929688
-0.1317138671875 -0.0295944213867188 -0.0771942138671875 -0.0465240478515625
-0.145416259765625 -0.05279541015625 -0.153488159179688 -0.199966430664063
-0.196975708007813 -0.129669189453125 -0.29022216796875 -0.344635009765625
-0.221435546875 -0.21795654296875 -0.379730224609375 -0.43695068359375
0.0422401428222656 -0.0418128967285156 0.422027587890625 0.4268798828125
0.0748062133789063 -0.0446701049804688 0.241424560546875 0.38458251953125
0.00562286376953126 -0.071502685546875 0.1514892578125 0.207916259765625
-0.0397911071777344 -0.0334587097167969 0.061492919921875 0.0926361083984375
-0.0276355743408203 0.00612449645996094 -0.103080749511719 -0.00218200683593748
-0.005340576171875 0.0361747741699219 -0.329620361328125 0.106048583984375
0.00262069702148438 0.0573043823242188 -0.3980712890625 0.33282470703125
0.00422286987304687 0.0391311645507813 -0.366851806640625 0.443359375
0.0161056518554688 0.0476112365722656 -0.374847412109375 0.451812744140625
-0.0156021118164062 0.0523796081542969 -0.406707763671875 0.334197998046875
-0.0459175109863281 0.0481910705566406 -0.3084716796875 0.223114013671875
-0.0813446044921875 0.0250473022460937 -0.186065673828125 0.145034790039062
-0.0670166015625 -0.0525779724121094 -0.07073974609375 0.153427124023438
-0.00460815429687499 -0.0686683654785156 0.109954833984375 0.359954833984375
-0.0053110122680664 -0.0157375335693359 0.05303955078125 0.6224365234375
-0.107589721679687 -0.267242431640625 0.3770751953125 0.407928466796875
-0.0935211181640625 -0.2080078125 0.17041015625 0.391143798828125
-0.1297607421875 -0.170883178710938 0.124954223632812 0.260711669921875
-0.182968139648437 -0.107315063476563 0.0726547241210937 0.126266479492188
-0.186614990234375 -0.033172607421875 -0.0677223205566406 -0.00829315185546876
-0.205490112304688 0.071502685546875 -0.309051513671875 0.079315185546875
-0.18603515625 0.161865234375 -0.3892822265625 0.28851318359375
-0.183303833007813 0.149307250976562 -0.343170166015625 0.400848388671875
-0.1881103515625 0.1639404296875 -0.331268310546875 0.424072265625
-0.236038208007813 0.120223999023438 -0.355316162109375 0.340576171875
-0.254852294921875 0.0303192138671875 -0.251861572265625 0.23638916015625
-0.272735595703125 -0.0429840087890625 -0.152130126953125 0.168548583984375
-0.2008056640625 -0.187347412109375 -0.037078857421875 0.172073364257813
-0.136474609375 -0.254989624023438 0.0975341796875 0.338226318359375
-0.147018432617188 -0.230300903320312 0.0397338867187499 0.5670166015625
-0.238128662109375 -0.471954345703125 0.297454833984375 0.31787109375
-0.244903564453125 -0.373870849609375 0.099853515625 0.35235595703125
-0.254364013671875 -0.28228759765625 0.119110107421875 0.28289794921875
-0.31378173828125 -0.193817138671875 0.103492736816406 0.132125854492188
-0.33062744140625 -0.0859985351562499 -0.00934219360351564 -0.0216999053955078
-0.3883056640625 0.08203125 -0.2406005859375 0.0363311767578125
-0.35260009765625 0.235382080078125 -0.31951904296875 0.197265625
-0.343231201171875 0.238616943359375 -0.26824951171875 0.297576904296875
-0.356201171875 0.268585205078125 -0.244354248046875 0.333221435546875
-0.4112548828125 0.196685791015625 -0.255523681640625 0.300201416015625
-0.424346923828125 0.0448913574218751 -0.171585083007813 0.221160888671875
-0.433441162109375 -0.0616455078125 -0.114105224609375 0.173110961914063
-0.33160400390625 -0.262359619140625 -0.0259246826171875 0.162521362304687
-0.273040771484375 -0.37640380859375 0.0421295166015625 0.261917114257813
-0.285125732421875 -0.394012451171875 -0.01116943359375 0.435577392578125
-0.3294677734375 -0.611328125 0.197357177734375 0.165512084960937
-0.35150146484375 -0.497955322265625 0.0351104736328125 0.26617431640625
-0.3388671875 -0.3729248046875 0.132858276367188 0.270523071289063
-0.404754638671875 -0.270263671875 0.154403686523437 0.110366821289063
-0.43817138671875 -0.139739990234375 0.0716781616210937 -0.0438079833984375
-0.525482177734375 0.0739135742187501 -0.124320983886719 -0.0207138061523437
-0.47247314453125 0.27325439453125 -0.195114135742188 0.0728759765625
-0.450286865234375 0.2901611328125 -0.1539306640625 0.14898681640625
-0.4678955078125 0.33245849609375 -0.1312255859375 0.19293212890625
-0.5172119140625 0.252044677734375 -0.13409423828125 0.210617065429688
-0.523529052734375 0.0672607421875 -0.0879516601562501 0.172378540039062
-0.5262451171875 -0.0517272949218749 -0.085906982421875 0.156814575195313
-0.42169189453125 -0.276824951171875 -0.0469970703125 0.127464294433594
-0.3782958984375 -0.42437744140625 -0.05438232421875 0.15216064453125
-0.389617919921875 -0.489013671875 -0.09918212890625 0.2550048828125
-0.36688232421875 -0.65045166015625 0.0923080444335937 -0.031951904296875
-0.385009765625 -0.538055419921875 -0.0190582275390625 0.134323120117187
-0.354400634765625 -0.410919189453125 0.14324951171875 0.21343994140625
-0.426239013671875 -0.315673828125 0.207443237304687 0.0641937255859375
-0.48016357421875 -0.174560546875 0.165817260742187 -0.07171630859375
-0.59136962890625 0.0599975585937501 0.0240097045898437 -0.0890884399414063
-0.518707275390625 0.2703857421875 -0.0346221923828125 -0.0678329467773438
-0.488250732421875 0.29547119140625 -0.0184516906738282 -0.019937515258789
-0.50921630859375 0.34112548828125 -0.0071506500244141 0.0290355682373047
-0.546173095703125 0.254180908203125 -0.00956726074218753 0.0951995849609375
-0.534881591796875 0.064666748046875 -0.0148849487304688 0.102859497070312
-0.525482177734375 -0.041473388671875 -0.072662353515625 0.122062683105469
-0.436370849609375 -0.250244140625 -0.092437744140625 0.0707855224609375
-0.4208984375 -0.409576416015625 -0.169326782226563 0.0254974365234374
-0.437835693359375 -0.514892578125 -0.203033447265625 0.054168701171875
-0.34954833984375 -0.57489013671875 -0.000900268554687534 -0.235504150390625
-0.3477783203125 -0.4722900390625 -0.0615959167480469 -0.0271224975585938
-0.297576904296875 -0.368927001953125 0.131126403808594 0.122184753417969
-0.36553955078125 -0.304046630859375 0.2418212890625 0.00871276855468748
-0.435394287109375 -0.178253173828125 0.253189086914063 -0.0998992919921875
-0.560333251953125 0.041046142578125 0.179306030273437 -0.163497924804688
-0.4847412109375 0.231689453125 0.131423950195312 -0.210006713867187
-0.451690673828125 0.25750732421875 0.119461059570312 -0.184005737304687
-0.481231689453125 0.290618896484375 0.113616943359375 -0.123069763183594
-0.49249267578125 0.200103759765625 0.105148315429687 -0.0159454345703125
-0.4622802734375 0.0318908691406249 0.04052734375 0.0395469665527344
-0.439117431640625 -0.0444335937500001 -0.0719833374023438 0.0722427368164062
-0.37579345703125 -0.199981689453125 -0.14068603515625 -0.00898742675781252
-0.392059326171875 -0.348297119140625 -0.263168334960938 -0.107879638671875
-0.419097900390625 -0.473052978515625 -0.296478271484375 -0.139739990234375
-0.282989501953125 -0.400848388671875 -0.07464599609375 -0.40618896484375
-0.2552490234375 -0.319061279296875 -0.09332275390625 -0.177322387695313
-0.191207885742187 -0.255859375 0.0974884033203125 0.0238037109375
-0.241653442382812 -0.229217529296875 0.249923706054687 -0.0430755615234375
-0.314544677734375 -0.144317626953125 0.314849853515625 -0.126373291015625
-0.434906005859375 0.0203247070312501 0.310089111328125 -0.2393798828125
-0.375396728515625 0.1583251953125 0.272369384765625 -0.3370361328125
-0.349273681640625 0.181671142578125 0.237548828125 -0.317840576171875
-0.38037109375 0.19598388671875 0.2210693359375 -0.238189697265625
-0.373046875 0.112945556640625 0.200225830078125 -0.09228515625
-0.324432373046875 -0.012969970703125 0.0758209228515625 -0.00556182861328125
-0.296905517578125 -0.0444030761718749 -0.075958251953125 0.0156784057617187
-0.269393920898438 -0.133438110351563 -0.164993286132813 -0.106033325195313
-0.31201171875 -0.25335693359375 -0.308258056640625 -0.237152099609375
-0.342681884765625 -0.368865966796875 -0.361114501953125 -0.308074951171875
-0.17852783203125 -0.1630859375 -0.12176513671875 -0.509613037109375
-0.128646850585938 -0.112808227539062 -0.110626220703125 -0.276885986328125
-0.0635528564453125 -0.09698486328125 0.0575752258300781 -0.0544166564941406
-0.0804977416992188 -0.114677429199219 0.2392578125 -0.084503173828125
-0.141128540039063 -0.0864410400390625 0.339447021484375 -0.155242919921875
-0.236495971679687 -0.0074310302734375 0.389404296875 -0.3070068359375
-0.2083740234375 0.056396484375 0.36492919921875 -0.42987060546875
-0.193557739257813 0.0798492431640625 0.31878662109375 -0.403564453125
-0.2254638671875 0.0782318115234375 0.301422119140625 -0.29803466796875
-0.203704833984375 0.022003173828125 0.264678955078125 -0.126022338867188
-0.151779174804688 -0.0403900146484375 0.0897064208984375 -0.0296249389648438
-0.131881713867188 -0.0271072387695313 -0.0766830444335938 -0.0451889038085937
-0.145736694335938 -0.0514373779296875 -0.156082153320312 -0.202102661132812
-0.20050048828125 -0.127822875976563 -0.29791259765625 -0.34100341796875
-0.225967407226562 -0.214920043945313 -0.3885498046875 -0.43267822265625
0.0425376892089844 -0.04254150390625 0.444671630859375 0.42816162109375
0.0748138427734375 -0.0491867065429688 0.25579833984375 0.389434814453125
0.00360870361328125 -0.0741729736328125 0.160369873046875 0.212615966796875
-0.0426063537597656 -0.0330963134765625 0.0671920776367188 0.0956954956054688
-0.0284786224365234 0.00650596618652344 -0.106353759765625 -0.000602722167968762
-0.00415420532226562 0.0373115539550781 -0.34173583984375 0.120574951171875
0.00635910034179687 0.0592231750488281 -0.402313232421875 0.354278564453125
0.00666046142578125 0.0407752990722656 -0.365509033203125 0.46435546875
0.0196189880371094 0.0488662719726563 -0.373504638671875 0.47344970703125
-0.013946533203125 0.0561027526855469 -0.4124755859375 0.3551025390625
-0.0467948913574219 0.0513267517089844 -0.311737060546875 0.23895263671875
-0.0824356079101562 0.0280609130859375 -0.187728881835938 0.154296875
-0.0707778930664063 -0.0540771484375 -0.0696868896484375 0.162750244140625
-0.00621795654296875 -0.0722274780273438 0.12469482421875 0.36798095703125
-0.00465965270996094 -0.0159845352172852 0.071533203125 0.63909912109375
-0.118331909179687 -0.27130126953125 0.396820068359375 0.413726806640625
-0.10223388671875 -0.2132568359375 0.18359375 0.399444580078125
-0.137374877929687 -0.175811767578125 0.134353637695313 0.267303466796875
-0.1927490234375 -0.106155395507812 0.0784530639648437 0.130767822265625
-0.194290161132812 -0.0298309326171875 -0.0698661804199219 -0.00653076171875001
-0.209625244140625 0.07928466796875 -0.31982421875 0.09246826171875
-0.1865234375 0.172348022460938 -0.39471435546875 0.308380126953125
-0.184066772460937 0.160507202148438 -0.343170166015625 0.42108154296875
-0.188278198242188 0.175735473632813 -0.331146240234375 0.44482421875
-0.239654541015625 0.131378173828125 -0.35723876953125 0.359527587890625
-0.263671875 0.037841796875 -0.252792358398438 0.2506103515625
-0.2828369140625 -0.037017822265625 -0.150741577148438 0.17840576171875
-0.211639404296875 -0.191909790039063 -0.034515380859375 0.179290771484375
-0.147598266601562 -0.263519287109375 0.1107177734375 0.346923828125
-0.156036376953125 -0.235107421875 0.0564575195312499 0.58447265625
-0.257537841796875 -0.479736328125 0.311859130859375 0.32391357421875
-0.262847900390625 -0.379547119140625 0.10888671875 0.361846923828125
-0.267486572265625 -0.28826904296875 0.12860107421875 0.290283203125
-0.329010009765625 -0.1912841796875 0.109565734863281 0.136772155761719
-0.344635009765625 -0.0816345214843751 -0.00975227355957033 -0.0217361450195313
-0.39801025390625 0.0945129394531251 -0.247817993164063 0.044525146484375
-0.358551025390625 0.25115966796875 -0.324310302734375 0.213592529296875
-0.3463134765625 0.255340576171875 -0.2691650390625 0.3134765625
-0.35986328125 0.287841796875 -0.2430419921875 0.350189208984375
-0.4202880859375 0.216033935546875 -0.25299072265625 0.31390380859375
-0.439849853515625 0.058135986328125 -0.170242309570313 0.23345947265625
-0.45068359375 -0.0530090332031251 -0.111831665039063 0.183197021484375
-0.3489990234375 -0.2672119140625 -0.02264404296875 0.165542602539062
-0.291534423828125 -0.385894775390625 0.0516357421875 0.2694091796875
-0.30303955078125 -0.39959716796875 -0.00225830078125004 0.448516845703125
-0.35565185546875 -0.62060546875 0.204849243164062 0.169036865234375
-0.3751220703125 -0.505828857421875 0.039276123046875 0.27606201171875
-0.356597900390625 -0.38232421875 0.142684936523437 0.275482177734375
-0.42425537109375 -0.2706298828125 0.160659790039062 0.11273193359375
-0.457366943359375 -0.135040283203125 0.0734481811523437 -0.0465469360351563
-0.542266845703125 0.0898742675781249 -0.127464294433594 -0.0179824829101562
-0.481170654296875 0.29150390625 -0.197830200195313 0.0826568603515625
-0.456146240234375 0.3125 -0.15533447265625 0.156768798828125
-0.47235107421875 0.357086181640625 -0.130874633789063 0.201644897460938
-0.52752685546875 0.27496337890625 -0.130035400390625 0.217987060546875
-0.5418701171875 0.083465576171875 -0.0843048095703125 0.180191040039063
-0.546173095703125 -0.0409851074218749 -0.082672119140625 0.165451049804688
-0.4407958984375 -0.28070068359375 -0.0458755493164063 0.128746032714844
-0.400482177734375 -0.432769775390625 -0.0524749755859375 0.158340454101562
-0.41387939453125 -0.49371337890625 -0.0978698730468751 0.266845703125
-0.39459228515625 -0.66168212890625 0.0924911499023437 -0.0308990478515625
-0.41351318359375 -0.54461669921875 -0.019775390625 0.140853881835937
-0.373687744140625 -0.42095947265625 0.153488159179688 0.217376708984375
-0.448760986328125 -0.31744384765625 0.213058471679687 0.06378173828125
-0.501312255859375 -0.17010498046875 0.16973876953125 -0.0771636962890625
-0.61053466796875 0.0773925781249999 0.025177001953125 -0.0926361083984375
-0.531158447265625 0.29022216796875 -0.0367202758789063 -0.0663642883300781
-0.495758056640625 0.31903076171875 -0.0205364227294922 -0.0191287994384765
-0.516265869140625 0.36676025390625 -0.00834655761718753 0.0309028625488281
-0.557861328125 0.27935791015625 -0.00363159179687503 0.095062255859375
-0.552642822265625 0.0820312500000001 -0.00984954833984379 0.107902526855469
-0.546051025390625 -0.0301208496093749 -0.0690765380859375 0.128692626953125
-0.454315185546875 -0.252960205078125 -0.0942916870117188 0.0698013305664062
-0.446502685546875 -0.415130615234375 -0.17510986328125 0.031158447265625
-0.464935302734375 -0.51885986328125 -0.210662841796875 0.0639190673828125
-0.37542724609375 -0.5848388671875 -0.007293701171875 -0.239044189453125
-0.370880126953125 -0.478668212890625 -0.0659065246582032 -0.0243377685546875
-0.314178466796875 -0.379150390625 0.138526916503906 0.123252868652344
-0.38568115234375 -0.3087158203125 0.244644165039062 0.00506591796874998
-0.456634521484375 -0.175140380859375 0.259597778320312 -0.107330322265625
-0.57855224609375 0.0568237304687501 0.183029174804688 -0.17254638671875
-0.497650146484375 0.248931884765625 0.131134033203125 -0.21759033203125
-0.4598388671875 0.277374267578125 0.116912841796875 -0.1903076171875
-0.487335205078125 0.312835693359375 0.112617492675781 -0.129180908203125
-0.5047607421875 0.221343994140625 0.111122131347656 -0.021514892578125
-0.47845458984375 0.04412841796875 0.046722412109375 0.0392532348632813
-0.456207275390625 -0.0338134765625 -0.0709381103515625 0.0780868530273438
-0.39276123046875 -0.199920654296875 -0.145584106445313 -0.0112152099609375
-0.415679931640625 -0.3531494140625 -0.276779174804688 -0.104141235351563
-0.445159912109375 -0.474884033203125 -0.3123779296875 -0.1341552734375
-0.30438232421875 -0.4061279296875 -0.0861206054687501 -0.414794921875
-0.273101806640625 -0.32232666015625 -0.099945068359375 -0.179397583007813
-0.201766967773437 -0.26422119140625 0.101600646972656 0.0227203369140625
-0.256622314453125 -0.235565185546875 0.25250244140625 -0.048370361328125
-0.331817626953125 -0.141571044921875 0.32122802734375 -0.136260986328125
-0.449371337890625 0.0348510742187499 0.315948486328125 -0.25445556640625
-0.38604736328125 0.171234130859375 0.2742919921875 -0.3524169921875
-0.35540771484375 0.196563720703125 0.236419677734375 -0.330535888671875
-0.388671875 0.2130126953125 0.220855712890625 -0.248260498046875
-0.383514404296875 0.126068115234375 0.206649780273437 -0.103530883789062
-0.336151123046875 -0.00653076171875003 0.0813980102539062 -0.00745391845703125
-0.308563232421875 -0.0383911132812501 -0.0757369995117188 0.017578125
-0.279754638671875 -0.133209228515625 -0.174163818359375 -0.110183715820313
-0.329864501953125 -0.254302978515625 -0.326416015625 -0.23541259765625
-0.3641357421875 -0.3707275390625 -0.38177490234375 -0.30596923828125
-0.187210083007813 -0.163955688476563 -0.13690185546875 -0.519012451171875
-0.135818481445313 -0.114273071289062 -0.119598388671875 -0.28253173828125
-0.0671844482421875 -0.100601196289062 0.0590705871582031 -0.0589065551757813
-0.0867385864257812 -0.119911193847656 0.240310668945313 -0.09332275390625
-0.149383544921875 -0.0868682861328125 0.345611572265625 -0.165863037109375
-0.245559692382812 0.000411987304687528 0.393585205078125 -0.327728271484375
-0.215179443359375 0.0637054443359375 0.36590576171875 -0.4525146484375
-0.198638916015625 0.086669921875 0.319183349609375 -0.422119140625
-0.230987548828125 0.08685302734375 0.303558349609375 -0.312469482421875
-0.210601806640625 0.027618408203125 0.271743774414062 -0.138702392578125
-0.158889770507813 -0.0387420654296875 0.0944900512695312 -0.0326614379882813
-0.136787414550781 -0.0250473022460937 -0.077880859375 -0.045745849609375
-0.150588989257813 -0.051300048828125 -0.166015625 -0.208709716796875
-0.211532592773437 -0.127212524414062 -0.316314697265625 -0.343017578125
-0.238433837890625 -0.21392822265625 -0.412628173828125 -0.43597412109375
0.0417137145996094 -0.0464363098144531 0.485595703125 0.421142578125
0.0755386352539063 -0.0567703247070313 0.28680419921875 0.39031982421875
-0.000938415527343742 -0.0782470703125 0.17730712890625 0.213851928710937
-0.0471267700195313 -0.0304107666015625 0.0757064819335938 0.0967178344726563
-0.0311775207519531 0.00768470764160156 -0.111961364746094 0.00516510009765625
-0.00212478637695312 0.0386276245117188 -0.35040283203125 0.148223876953125
0.0112342834472656 0.0607147216796875 -0.398956298828125 0.390869140625
0.0113258361816406 0.0414237976074219 -0.352203369140625 0.500701904296875
0.0250816345214844 0.0487937927246094 -0.364593505859375 0.50897216796875
-0.00999069213867188 0.059173583984375 -0.4091796875 0.391204833984375
-0.0462684631347656 0.0577354431152344 -0.310760498046875 0.264801025390625
-0.0832977294921875 0.0337448120117187 -0.18450927734375 0.171005249023437
-0.077178955078125 -0.053009033203125 -0.0634307861328125 0.176467895507813
-0.011444091796875 -0.0778656005859375 0.153289794921875 0.3775634765625
-0.0035858154296875 -0.0178699493408203 0.11114501953125 0.6600341796875
-0.138397216796875 -0.274078369140625 0.433380126953125 0.407470703125
-0.1192626953125 -0.216201782226563 0.209716796875 0.405364990234375
-0.152053833007813 -0.1756591796875 0.152374267578125 0.271270751953125
-0.207748413085937 -0.098968505859375 0.0897064208984375 0.134124755859375
-0.2064208984375 -0.021453857421875 -0.072296142578125 -0.00431823730468751
-0.215301513671875 0.09326171875 -0.329437255859375 0.1158447265625
-0.183837890625 0.188308715820312 -0.392608642578125 0.345428466796875
-0.180007934570313 0.177642822265625 -0.33233642578125 0.454742431640625
-0.184051513671875 0.1942138671875 -0.320404052734375 0.47845458984375
-0.240646362304688 0.15045166015625 -0.34954833984375 0.392913818359375
-0.274703979492188 0.054840087890625 -0.24822998046875 0.276443481445313
-0.296661376953125 -0.022918701171875 -0.144912719726563 0.194625854492187
-0.229934692382813 -0.19122314453125 -0.0248870849609375 0.186492919921875
-0.169418334960938 -0.2698974609375 0.137115478515625 0.35498046875
-0.173477172851562 -0.23590087890625 0.09088134765625 0.60369873046875
-0.2962646484375 -0.48333740234375 0.34002685546875 0.322296142578125
-0.296142578125 -0.38067626953125 0.129730224609375 0.37274169921875
-0.2933349609375 -0.287872314453125 0.147918701171875 0.29559326171875
-0.3543701171875 -0.18035888671875 0.120887756347656 0.139007568359375
-0.364410400390625 -0.0681152343750001 -0.0107593536376953 -0.0234737396240234
-0.410400390625 0.1199951171875 -0.254119873046875 0.0617218017578125
-0.3594970703125 0.280670166015625 -0.3233642578125 0.24395751953125
-0.34405517578125 0.28656005859375 -0.26153564453125 0.34027099609375
-0.356048583984375 0.321197509765625 -0.23468017578125 0.375518798828125
-0.4259033203125 0.248626708984375 -0.2447509765625 0.338348388671875
-0.456695556640625 0.0852355957031251 -0.16168212890625 0.253860473632813
-0.4732666015625 -0.0298156738281249 -0.103317260742188 0.196945190429688
-0.377960205078125 -0.264068603515625 -0.01409912109375 0.172760009765625
-0.32598876953125 -0.390411376953125 0.0703277587890625 0.277816772460938
-0.335662841796875 -0.3983154296875 0.0220947265625 0.467742919921875
-0.4049072265625 -0.6256103515625 0.220962524414062 0.168548583984375
-0.421417236328125 -0.504974365234375 0.051422119140625 0.28778076171875
-0.391143798828125 -0.382720947265625 0.163192749023438 0.2806396484375
-0.45843505859375 -0.2586669921875 0.171859741210938 0.111831665039062
-0.48443603515625 -0.116607666015625 0.0754623413085937 -0.0531082153320313
-0.56024169921875 0.124237060546875 -0.133407592773438 -0.0110702514648438
-0.48583984375 0.32928466796875 -0.199005126953125 0.099365234375
-0.4559326171875 0.3514404296875 -0.153884887695313 0.173095703125
-0.469970703125 0.400543212890625 -0.126510620117188 0.216415405273438
-0.534637451171875 0.317138671875 -0.121063232421875 0.231292724609375
-0.56378173828125 0.116455078125 -0.0738983154296875 0.191604614257812
-0.57293701171875 -0.0108642578124999 -0.0732727050781251 0.177734375
-0.4742431640625 -0.273345947265625 -0.0417022705078125 0.132171630859375
-0.443328857421875 -0.43157958984375 -0.044281005859375 0.16802978515625
-0.457794189453125 -0.49029541015625 -0.087738037109375 0.28515625
-0.44866943359375 -0.6668701171875 0.0943679809570312 -0.0333175659179688
-0.46435546875 -0.5433349609375 -0.0157318115234375 0.150222778320312
-0.41058349609375 -0.4212646484375 0.171676635742187 0.217086791992187
-0.485809326171875 -0.30828857421875 0.223190307617188 0.057647705078125
-0.532135009765625 -0.15142822265625 0.173843383789063 -0.0895233154296875
-0.63067626953125 0.1129150390625 0.0213775634765625 -0.098114013671875
-0.539306640625 0.33099365234375 -0.0399703979492188 -0.0659904479980468
-0.496856689453125 0.3597412109375 -0.0236377716064453 -0.0179157257080078
-0.515716552734375 0.414764404296875 -0.0075187683105469 0.0325241088867188
-0.56549072265625 0.3221435546875 0.00296783447265621 0.0952606201171875
-0.57427978515625 0.11480712890625 -0.000396728515625046 0.112342834472656
-0.56988525390625 -0.00115966796874989 -0.06201171875 0.138023376464844
-0.487640380859375 -0.242034912109375 -0.0949630737304688 0.072723388671875
-0.489837646484375 -0.409881591796875 -0.180023193359375 0.043212890625
-0.51177978515625 -0.511962890625 -0.21612548828125 0.0813446044921874
-0.4232177734375 -0.5888671875 -0.0213165283203125 -0.244232177734375
-0.416900634765625 -0.47564697265625 -0.0707168579101563 -0.0195770263671875
-0.3460693359375 -0.3836669921875 0.152191162109375 0.121109008789062
-0.418243408203125 -0.3035888671875 0.253250122070313 -0.00537109375000002
-0.485595703125 -0.159820556640625 0.263687133789062 -0.12530517578125
-0.6007080078125 0.0931396484375 0.1837158203125 -0.189285278320313
-0.507537841796875 0.28460693359375 0.1256103515625 -0.232498168945313
-0.463653564453125 0.313934326171875 0.110092163085937 -0.201187133789062
-0.489013671875 0.3544921875 0.109649658203125 -0.1385498046875
-0.51190185546875 0.261077880859375 0.116806030273437 -0.0330581665039062
-0.498077392578125 0.071563720703125 0.0534324645996093 0.0386314392089844
-0.476593017578125 -0.009429931640625 -0.0661849975585938 0.0843963623046875
-0.4178466796875 -0.191253662109375 -0.154037475585938 -0.00904846191406249
-0.45556640625 -0.344146728515625 -0.293487548828125 -0.090118408203125
-0.490234375 -0.467010498046875 -0.332977294921875 -0.118743896484375
-0.33880615234375 -0.40594482421875 -0.11114501953125 -0.423797607421875
-0.303497314453125 -0.3194580078125 -0.116226196289063 -0.179656982421875
-0.223602294921875 -0.266510009765625 0.107307434082031 0.0157699584960937
-0.28265380859375 -0.234527587890625 0.256439208984375 -0.063568115234375
-0.355194091796875 -0.13250732421875 0.3255615234375 -0.1575927734375
-0.467529296875 0.0623779296875 0.31591796875 -0.281280517578125
-0.395599365234375 0.19976806640625 0.264801025390625 -0.381622314453125
-0.360595703125 0.225128173828125 0.22552490234375 -0.35394287109375
-0.390533447265625 0.24298095703125 0.215316772460938 -0.268829345703125
-0.390655517578125 0.15374755859375 0.211334228515625 -0.12115478515625
-0.352020263671875 0.0119934082031249 0.087158203125 -0.0131454467773438
-0.322845458984375 -0.02294921875 -0.0764846801757813 0.02227783203125
-0.298583984375 -0.124298095703125 -0.187759399414063 -0.108596801757812
-0.360015869140625 -0.247406005859375 -0.353057861328125 -0.223785400390625
-0.39910888671875 -0.364288330078125 -0.416259765625 -0.29449462890625
-0.2037353515625 -0.161300659179688 -0.167327880859375 -0.534210205078125
-0.14874267578125 -0.110702514648438 -0.1409912109375 -0.29010009765625
-0.0753631591796875 -0.103225708007813 0.0588188171386719 -0.0652923583984375
-0.0985031127929688 -0.123641967773437 0.241241455078125 -0.108078002929688
-0.1614990234375 -0.0840301513671875 0.3482666015625 -0.190185546875
-0.255203247070313 0.0187530517578125 0.392486572265625 -0.36260986328125
-0.223358154296875 0.0771942138671875 0.35406494140625 -0.49139404296875
-0.203720092773437 0.1002197265625 0.308013916015625 -0.455291748046875
-0.23541259765625 0.10302734375 0.298675537109375 -0.340789794921875
-0.218536376953125 0.039093017578125 0.275619506835938 -0.16156005859375
-0.168365478515625 -0.0333404541015625 0.0973968505859375 -0.0398483276367188
-0.142745971679688 -0.017730712890625 -0.081634521484375 -0.0439453125
-0.161300659179688 -0.0449066162109375 -0.185073852539063 -0.210128784179688
-0.228485107421875 -0.121124267578125 -0.34912109375 -0.336700439453125
-0.260223388671875 -0.207244873046875 -0.455963134765625 -0.42694091796875
0.0390472412109375 -0.0481719970703125 0.5262451171875 0.389801025390625
0.0713424682617188 -0.064208984375 0.3243408203125 0.37567138671875
-0.00873565673828124 -0.0800247192382813 0.197357177734375 0.204299926757813
-0.0524978637695313 -0.0260353088378906 0.0885391235351563 0.0964431762695313
-0.0312004089355469 0.00934600830078125 -0.111480712890625 0.01519775390625
-0.00157928466796875 0.0398445129394531 -0.345916748046875 0.184967041015625
0.017822265625 0.0596771240234375 -0.373870849609375 0.436431884765625
0.0150260925292969 0.0411796569824219 -0.3189697265625 0.5382080078125
0.0321846008300781 0.047454833984375 -0.33050537109375 0.54522705078125
-0.00564956665039063 0.0610504150390625 -0.3856201171875 0.430389404296875
-0.0435829162597656 0.0619773864746094 -0.29595947265625 0.29351806640625
-0.0836334228515625 0.0409088134765625 -0.17388916015625 0.189102172851563
-0.0846023559570312 -0.0514297485351563 -0.0508270263671875 0.187164306640625
-0.0203094482421875 -0.0808029174804688 0.187713623046875 0.370635986328125
-0.00461578369140625 -0.0182647705078125 0.166748046875 0.6612548828125
-0.162460327148437 -0.268951416015625 0.474334716796875 0.38360595703125
-0.140274047851563 -0.213043212890625 0.24542236328125 0.396331787109375
-0.169479370117188 -0.169921875 0.178955078125 0.264068603515625
-0.220123291015625 -0.0822906494140625 0.104209899902344 0.132881164550781
-0.213470458984375 -0.00425720214843753 -0.07513427734375 -0.000335693359375007
-0.214309692382812 0.113327026367187 -0.32391357421875 0.14593505859375
-0.172470092773437 0.205764770507813 -0.36822509765625 0.384185791015625
-0.168594360351563 0.194091796875 -0.300811767578125 0.488067626953125
-0.167877197265625 0.210708618164063 -0.29205322265625 0.51123046875
-0.233123779296875 0.174087524414063 -0.32672119140625 0.426239013671875
-0.278152465820313 0.0783843994140625 -0.230133056640625 0.299713134765625
-0.3052978515625 0.000518798828125057 -0.128707885742188 0.21173095703125
-0.250198364257812 -0.17974853515625 -0.00926208496093752 0.195022583007813
-0.195968627929688 -0.265121459960938 0.17230224609375 0.34954833984375
-0.196563720703125 -0.226058959960938 0.14208984375 0.6068115234375
-0.339752197265625 -0.471466064453125 0.373321533203125 0.304046630859375
-0.333221435546875 -0.361907958984375 0.15966796875 0.372161865234375
-0.3233642578125 -0.275787353515625 0.176849365234375 0.290496826171875
-0.376220703125 -0.155914306640625 0.133872985839844 0.136802673339844
-0.379638671875 -0.038238525390625 -0.0109348297119141 -0.0222263336181641
-0.41168212890625 0.15576171875 -0.254501342773438 0.0844879150390625
-0.3448486328125 0.314178466796875 -0.30853271484375 0.27386474609375
-0.326629638671875 0.319427490234375 -0.241729736328125 0.36761474609375
-0.3369140625 0.355133056640625 -0.2098388671875 0.401092529296875
-0.412353515625 0.290557861328125 -0.222686767578125 0.361724853515625
-0.462158203125 0.125823974609375 -0.141464233398438 0.270309448242188
-0.485260009765625 0.00915527343749995 -0.0869293212890625 0.209869384765625
-0.408203125 -0.246337890625 -0.00236511230468753 0.173675537109375
-0.365142822265625 -0.37835693359375 0.0963134765625 0.27740478515625
-0.373077392578125 -0.379119873046875 0.0599060058593749 0.474945068359375
-0.4642333984375 -0.6080322265625 0.242279052734375 0.159439086914062
-0.47039794921875 -0.479339599609375 0.0722045898437499 0.293243408203125
-0.429290771484375 -0.36492919921875 0.188201904296875 0.27325439453125
-0.49200439453125 -0.229705810546875 0.185546875 0.104019165039062
-0.504425048828125 -0.0811767578125 0.0730133056640625 -0.060821533203125
-0.562255859375 0.172393798828125 -0.133811950683594 -0.000679016113281258
-0.47161865234375 0.3720703125 -0.193008422851563 0.119049072265625
-0.434906005859375 0.39532470703125 -0.144500732421875 0.18798828125
-0.446319580078125 0.44805908203125 -0.11138916015625 0.231155395507813
-0.5201416015625 0.369964599609375 -0.10406494140625 0.241165161132813
-0.57098388671875 0.1639404296875 -0.0554656982421875 0.20123291015625
-0.58770751953125 0.0359497070312501 -0.0581054687500001 0.188247680664063
-0.506317138671875 -0.246429443359375 -0.0311965942382813 0.134902954101562
-0.489166259765625 -0.410430908203125 -0.0303192138671875 0.17669677734375
-0.503936767578125 -0.461700439453125 -0.067108154296875 0.29962158203125
-0.51104736328125 -0.64361572265625 0.093963623046875 -0.0347213745117188
-0.51910400390625 -0.514892578125 -0.00521850585937502 0.156784057617187
-0.453277587890625 -0.4056396484375 0.191970825195313 0.2091064453125
-0.520965576171875 -0.276885986328125 0.228759765625 0.0448150634765625
-0.55487060546875 -0.113525390625 0.170669555664062 -0.10516357421875
-0.6365966796875 0.1676025390625 0.0175094604492187 -0.100662231445313
-0.526153564453125 0.37957763671875 -0.0445518493652344 -0.0639801025390625
-0.47589111328125 0.40838623046875 -0.024862289428711 -0.0152339935302734
-0.49200439453125 0.4620361328125 -0.00529861450195316 0.0347137451171875
-0.549285888671875 0.37750244140625 0.0111083984375 0.092987060546875
-0.58209228515625 0.162109375 0.0118637084960937 0.114799499511719
-0.58477783203125 0.04388427734375 -0.0480499267578125 0.144500732421875
-0.51824951171875 -0.213531494140625 -0.09295654296875 0.0766754150390625
-0.533111572265625 -0.381866455078125 -0.179779052734375 0.0598297119140625
-0.5660400390625 -0.478759765625 -0.213638305664063 0.10467529296875
-0.4796142578125 -0.5672607421875 -0.0381622314453125 -0.242584228515625
-0.4627685546875 -0.451690673828125 -0.07733154296875 -0.01226806640625
-0.382537841796875 -0.370086669921875 0.163681030273437 0.1102294921875
-0.454864501953125 -0.27984619140625 0.2542724609375 -0.0212554931640625
-0.5098876953125 -0.127197265625 0.257736206054687 -0.150177001953125
-0.60650634765625 0.14508056640625 0.171875 -0.209136962890625
-0.4957275390625 0.332244873046875 0.112167358398437 -0.245193481445312
-0.447418212890625 0.361328125 0.095977783203125 -0.21112060546875
-0.471435546875 0.40277099609375 0.1019287109375 -0.1478271484375
-0.50262451171875 0.30792236328125 0.118034362792969 -0.0452117919921875
-0.505584716796875 0.1124267578125 0.0596427917480468 0.0343971252441406
-0.48590087890625 0.0309753417968749 -0.0575027465820313 0.0928192138671875
-0.44256591796875 -0.163665771484375 -0.161209106445313 -0.00151062011718752
-0.495574951171875 -0.317230224609375 -0.306854248046875 -0.0664062499999999
-0.53680419921875 -0.435760498046875 -0.348663330078125 -0.0903930664062501
-0.375885009765625 -0.385406494140625 -0.1409912109375 -0.42071533203125
-0.33441162109375 -0.299407958984375 -0.134414672851563 -0.174057006835938
-0.249130249023438 -0.259033203125 0.111953735351563 0.00943756103515624
-0.307373046875 -0.221588134765625 0.2545166015625 -0.084442138671875
-0.374542236328125 -0.108184814453125 0.319854736328125 -0.1846923828125
-0.47027587890625 0.104766845703125 0.298858642578125 -0.3135986328125
-0.3890380859375 0.238494873046875 0.24212646484375 -0.408721923828125
-0.3515625 0.256256103515625 0.204986572265625 -0.3758544921875
-0.3795166015625 0.282623291015625 0.1986083984375 -0.29052734375
-0.386016845703125 0.188018798828125 0.206207275390625 -0.142913818359375
-0.359375 0.0367126464843751 0.0917587280273437 -0.0199050903320312
-0.329833984375 0.00415039062500007 -0.0735855102539063 0.0254974365234375
-0.312652587890625 -0.104248046875 -0.201126098632813 -0.0989837646484375
-0.388275146484375 -0.222747802734375 -0.378143310546875 -0.19744873046875
-0.4345703125 -0.33648681640625 -0.447509765625 -0.2620849609375
-0.221878051757813 -0.147689819335938 -0.205108642578125 -0.53033447265625
-0.16143798828125 -0.0985260009765625 -0.165557861328125 -0.28424072265625
-0.0822601318359375 -0.100959777832031 0.05401611328125 -0.0737380981445313
-0.112640380859375 -0.119102478027344 0.236831665039063 -0.12823486328125
-0.1729736328125 -0.07623291015625 0.3416748046875 -0.219573974609375
-0.257431030273438 0.03839111328125 0.369476318359375 -0.40008544921875
-0.221786499023438 0.097320556640625 0.320159912109375 -0.52459716796875
-0.199600219726563 0.118560791015625 0.27838134765625 -0.486785888671875
-0.232803344726562 0.122283935546875 0.2769775390625 -0.367218017578125
-0.218002319335937 0.0603790283203125 0.267471313476563 -0.18896484375
-0.175262451171875 -0.0198211669921875 0.0981979370117188 -0.0472183227539063
-0.146270751953125 -0.00712585449218749 -0.084930419921875 -0.0388565063476563
-0.167098999023438 -0.032379150390625 -0.204727172851562 -0.204010009765625
-0.244308471679687 -0.106124877929688 -0.381500244140625 -0.313934326171875
-0.28271484375 -0.1904296875 -0.497314453125 -0.398284912109375
0.0367317199707031 -0.0503768920898438 0.551116943359375 0.34417724609375
0.0636444091796875 -0.0718994140625 0.34539794921875 0.3475341796875
-0.01641845703125 -0.0782699584960937 0.20849609375 0.188644409179687
-0.0536766052246094 -0.0202751159667969 0.0972137451171875 0.0891571044921875
-0.0312461853027344 0.0132331848144531 -0.109832763671875 0.020965576171875
0.00139617919921875 0.0403518676757813 -0.328369140625 0.20928955078125
0.0227813720703125 0.056854248046875 -0.334991455078125 0.458221435546875
0.0180587768554688 0.0381355285644531 -0.2755126953125 0.551727294921875
0.0357666015625 0.0428314208984375 -0.28729248046875 0.56524658203125
0.00151824951171875 0.0616989135742187 -0.352630615234375 0.454254150390625
-0.03857421875 0.0672721862792969 -0.26776123046875 0.311553955078125
-0.0782012939453125 0.046112060546875 -0.15533447265625 0.2003173828125
-0.0891647338867188 -0.0447158813476562 -0.0340576171875 0.191360473632813
-0.0276031494140625 -0.0797348022460938 0.2176513671875 0.350372314453125
-0.00411796569824219 -0.0180244445800781 0.21539306640625 0.63751220703125
-0.182525634765625 -0.251998901367188 0.497650146484375 0.3431396484375
-0.15643310546875 -0.197647094726562 0.27142333984375 0.3760986328125
-0.18353271484375 -0.158767700195313 0.1934814453125 0.249298095703125
-0.22601318359375 -0.065643310546875 0.116020202636719 0.125137329101563
-0.2127685546875 0.012420654296875 -0.0713882446289063 0.00553131103515626
-0.20306396484375 0.129730224609375 -0.3094482421875 0.17156982421875
-0.154541015625 0.216873168945312 -0.335784912109375 0.407745361328125
-0.150192260742187 0.205459594726562 -0.26177978515625 0.505706787109375
-0.151763916015625 0.221923828125 -0.250396728515625 0.528656005859375
-0.2183837890625 0.191268920898438 -0.291748046875 0.44525146484375
-0.272308349609375 0.100143432617188 -0.200286865234375 0.313995361328125
-0.30316162109375 0.023040771484375 -0.108108520507813 0.21734619140625
-0.266204833984375 -0.16424560546875 0.00445556640625 0.1929931640625
-0.217880249023437 -0.251785278320313 0.19891357421875 0.33154296875
-0.20855712890625 -0.20947265625 0.1864013671875 0.5877685546875
-0.3740234375 -0.439727783203125 0.394012451171875 0.27490234375
-0.360015869140625 -0.332366943359375 0.184112548828125 0.358306884765625
-0.342193603515625 -0.25390625 0.193695068359375 0.273544311523438
-0.385589599609375 -0.1279296875 0.145370483398437 0.126220703125
-0.380523681640625 -0.00823974609375 -0.0117568969726563 -0.0243034362792969
-0.3958740234375 0.185150146484375 -0.244171142578125 0.102493286132813
-0.318328857421875 0.33697509765625 -0.28271484375 0.295257568359375
-0.297698974609375 0.34088134765625 -0.210357666015625 0.3824462890625
-0.304168701171875 0.378326416015625 -0.179656982421875 0.414215087890625
-0.3861083984375 0.319671630859375 -0.194732666015625 0.3729248046875
-0.451873779296875 0.160308837890625 -0.11737060546875 0.2763671875
-0.483001708984375 0.04498291015625 -0.06475830078125 0.214630126953125
-0.4254150390625 -0.2174072265625 0.00929260253906247 0.168670654296875
-0.394744873046875 -0.349517822265625 0.117874145507812 0.264739990234375
-0.39569091796875 -0.345733642578125 0.096588134765625 0.466400146484375
-0.507568359375 -0.5654296875 0.252349853515625 0.1417236328125
-0.50421142578125 -0.43536376953125 0.09423828125 0.287139892578125
-0.455535888671875 -0.334503173828125 0.207046508789062 0.25506591796875
-0.50457763671875 -0.191314697265625 0.190155029296875 0.090301513671875
-0.509246826171875 -0.0405273437500001 0.0687942504882812 -0.0678863525390625
-0.544830322265625 0.21337890625 -0.132064819335938 0.00819396972656251
-0.4412841796875 0.405609130859375 -0.181610107421875 0.131057739257813
-0.4017333984375 0.424346923828125 -0.12890625 0.199142456054688
-0.408843994140625 0.4786376953125 -0.0948486328125 0.238067626953125
-0.4874267578125 0.40625 -0.0879669189453125 0.242904663085938
-0.5550537109375 0.208526611328125 -0.037017822265625 0.201217651367188
-0.58013916015625 0.0803222656250001 -0.0382080078125 0.188720703125
-0.5234375 -0.212249755859375 -0.02325439453125 0.130996704101563
-0.5191650390625 -0.3729248046875 -0.01654052734375 0.175262451171875
-0.53350830078125 -0.417266845703125 -0.042205810546875 0.3038330078125
-0.5556640625 -0.5999755859375 0.095062255859375 -0.0393600463867188
-0.5535888671875 -0.46710205078125 0.00401306152343748 0.15997314453125
-0.4810791015625 -0.37255859375 0.208084106445312 0.191329956054687
-0.53912353515625 -0.236236572265625 0.229690551757813 0.029083251953125
-0.56280517578125 -0.0721435546875001 0.1612548828125 -0.117919921875
-0.61859130859375 0.2138671875 0.00946807861328122 -0.102584838867188
-0.49542236328125 0.4150390625 -0.0488395690917969 -0.0593948364257812
-0.442138671875 0.440826416015625 -0.0275115966796875 -0.0113410949707031
-0.44952392578125 0.496673583984375 -0.00401306152343753 0.0375709533691407
-0.516815185546875 0.41571044921875 0.0176467895507812 0.0864486694335938
-0.564453125 0.20623779296875 0.024932861328125 0.109207153320313
-0.57763671875 0.09014892578125 -0.033172607421875 0.1468505859375
-0.529083251953125 -0.17645263671875 -0.0899810791015625 0.0780487060546875
-0.56097412109375 -0.340484619140625 -0.171005249023438 0.0713043212890624
-0.59259033203125 -0.42901611328125 -0.20159912109375 0.122177124023437
-0.521331787109375 -0.524658203125 -0.0520782470703125 -0.236129760742188
-0.495025634765625 -0.406402587890625 -0.0786514282226563 -0.00421905517578126
-0.410675048828125 -0.343780517578125 0.170562744140625 0.0935211181640625
-0.47357177734375 -0.24395751953125 0.248214721679687 -0.0395355224609375
-0.518707275390625 -0.0898132324218749 0.245101928710938 -0.166244506835938
-0.5880126953125 0.18939208984375 0.155975341796875 -0.21905517578125
-0.4715576171875 0.367950439453125 0.090789794921875 -0.2501220703125
-0.41876220703125 0.389862060546875 0.0777740478515625 -0.215316772460938
-0.436126708984375 0.43511962890625 0.0904998779296875 -0.152252197265625
-0.47491455078125 0.346588134765625 0.113121032714844 -0.0608062744140625
-0.493682861328125 0.150634765625 0.0679931640625 0.02593994140625
-0.481842041015625 0.0665588378906251 -0.0464019775390625 0.0936965942382812
-0.450164794921875 -0.13446044921875 -0.161331176757813 0.00605773925781251
-0.51678466796875 -0.279052734375 -0.30792236328125 -0.04339599609375
-0.5640869140625 -0.38763427734375 -0.351531982421875 -0.0582275390625
-0.40570068359375 -0.354461669921875 -0.168914794921875 -0.404510498046875
-0.35601806640625 -0.268157958984375 -0.145858764648438 -0.162155151367188
-0.267227172851563 -0.242660522460937 0.110176086425781 -0.00363159179687501
-0.324066162109375 -0.198883056640625 0.241439819335937 -0.0966949462890625
-0.380645751953125 -0.082000732421875 0.301910400390625 -0.207977294921875
-0.4573974609375 0.13909912109375 0.273590087890625 -0.3316650390625
-0.371978759765625 0.265289306640625 0.2081298828125 -0.421966552734375
-0.3280029296875 0.284088134765625 0.172271728515625 -0.3853759765625
-0.35284423828125 0.30755615234375 0.178466796875 -0.3017578125
-0.370025634765625 0.218292236328125 0.192489624023437 -0.161178588867187
-0.35491943359375 0.065948486328125 0.0903854370117187 -0.027984619140625
-0.325714111328125 0.02984619140625 -0.0685958862304688 0.0324287414550781
-0.318511962890625 -0.083160400390625 -0.21002197265625 -0.0870361328125
-0.405548095703125 -0.19219970703125 -0.388702392578125 -0.16412353515625
-0.456390380859375 -0.2994384765625 -0.460113525390625 -0.21923828125
-0.23089599609375 -0.129440307617188 -0.24267578125 -0.509552001953125
-0.168136596679687 -0.0858917236328125 -0.186477661132813 -0.272537231445312
-0.0920181274414063 -0.0955886840820312 0.046661376953125 -0.0779647827148438
-0.122421264648438 -0.112815856933594 0.219497680664062 -0.142364501953125
-0.179122924804687 -0.0612030029296875 0.31951904296875 -0.242706298828125
-0.25128173828125 0.05938720703125 0.33648681640625 -0.42340087890625
-0.216049194335938 0.117691040039063 0.2757568359375 -0.546783447265625
-0.190414428710938 0.132034301757813 0.239349365234375 -0.500823974609375
-0.220123291015625 0.142257690429688 0.251007080078125 -0.385894775390625
-0.213592529296875 0.075714111328125 0.252349853515625 -0.207916259765625
-0.175262451171875 -0.00918579101562501 0.09478759765625 -0.0572280883789062
-0.145339965820313 0.00445556640625002 -0.0857009887695313 -0.034271240234375
-0.166610717773438 -0.0204010009765625 -0.2222900390625 -0.189208984375
-0.251327514648438 -0.0846710205078125 -0.401214599609375 -0.27734375
-0.29364013671875 -0.16632080078125 -0.521514892578125 -0.35150146484375
0.0337028503417969 -0.0517005920410156 0.553924560546875 0.306732177734375
0.0576248168945313 -0.07470703125 0.355377197265625 0.321533203125
-0.0211639404296875 -0.0754852294921875 0.2132568359375 0.175506591796875
-0.0544357299804688 -0.0159912109375 0.103103637695313 0.082244873046875
-0.0323448181152344 0.0157661437988281 -0.105155944824219 0.0260086059570313
0.00363922119140625 0.0415687561035156 -0.307647705078125 0.225738525390625
0.0255889892578125 0.0542755126953125 -0.302490234375 0.4639892578125
0.0202789306640625 0.0354156494140625 -0.240966796875 0.552642822265625
0.0373916625976563 0.0376739501953125 -0.25543212890625 0.56866455078125
0.00588226318359374 0.0605545043945313 -0.323760986328125 0.462554931640625
-0.0338897705078125 0.0695037841796875 -0.2451171875 0.3179931640625
-0.0733871459960938 0.0492019653320312 -0.13885498046875 0.202301025390625
-0.0913848876953125 -0.0393524169921875 -0.0224151611328125 0.1915283203125
-0.0341110229492188 -0.0776290893554688 0.23284912109375 0.3284912109375
-0.00376319885253906 -0.0175247192382813 0.24188232421875 0.60845947265625
-0.191009521484375 -0.239349365234375 0.50592041015625 0.310272216796875
-0.163604736328125 -0.184906005859375 0.28369140625 0.355682373046875
-0.190521240234375 -0.147079467773438 0.2005615234375 0.23406982421875
-0.22607421875 -0.05059814453125 0.121452331542969 0.117790222167969
-0.20904541015625 0.0240631103515625 -0.0688591003417969 0.00789642333984376
-0.193145751953125 0.139633178710937 -0.2911376953125 0.18548583984375
-0.140960693359375 0.22064208984375 -0.304840087890625 0.415435791015625
-0.137298583984375 0.20745849609375 -0.229034423828125 0.506866455078125
-0.136505126953125 0.224624633789063 -0.21844482421875 0.53009033203125
-0.2021484375 0.199615478515625 -0.264617919921875 0.449371337890625
-0.261306762695313 0.114578247070313 -0.1778564453125 0.31451416015625
-0.295806884765625 0.038543701171875 -0.092498779296875 0.21636962890625
-0.271942138671875 -0.1500244140625 0.0141448974609375 0.188156127929687
-0.229278564453125 -0.237945556640625 0.212890625 0.311920166015625
-0.213424682617188 -0.194473266601562 0.21234130859375 0.56280517578125
-0.39044189453125 -0.41192626953125 0.401885986328125 0.249542236328125
-0.368896484375 -0.305572509765625 0.19696044921875 0.34234619140625
-0.35272216796875 -0.23388671875 0.201828002929688 0.256179809570313
-0.386444091796875 -0.102783203125 0.150390625 0.118759155273438
-0.373291015625 0.0109863281249999 -0.0127487182617188 -0.0243549346923828
-0.380096435546875 0.20379638671875 -0.231109619140625 0.11328125
-0.296844482421875 0.34637451171875 -0.26031494140625 0.301055908203125
-0.273651123046875 0.34930419921875 -0.185882568359375 0.383392333984375
-0.27899169921875 0.38714599609375 -0.155029296875 0.414154052734375
-0.36126708984375 0.336273193359375 -0.173126220703125 0.374298095703125
-0.4366455078125 0.182098388671875 -0.096771240234375 0.272613525390625
-0.4730224609375 0.06890869140625 -0.0492095947265625 0.210800170898438
-0.43170166015625 -0.196685791015625 0.0169525146484375 0.163787841796875
-0.407958984375 -0.32513427734375 0.130783081054687 0.251251220703125
-0.402862548828125 -0.3184814453125 0.118133544921875 0.450531005859375
-0.528717041015625 -0.528594970703125 0.2568359375 0.12701416015625
-0.515869140625 -0.396881103515625 0.104522705078125 0.277481079101563
-0.468536376953125 -0.3094482421875 0.214324951171875 0.237564086914062
-0.5052490234375 -0.160858154296875 0.191024780273437 0.0830078125
-0.50152587890625 -0.0137329101562501 0.0639724731445312 -0.0704879760742187
-0.522613525390625 0.23828125 -0.12725830078125 0.0147323608398438
-0.413055419921875 0.420501708984375 -0.170623779296875 0.136428833007813
-0.370147705078125 0.43585205078125 -0.115341186523438 0.201141357421875
-0.373199462890625 0.48779296875 -0.0800323486328125 0.238449096679688
-0.45428466796875 0.42431640625 -0.0740509033203125 0.239883422851562
-0.535491943359375 0.234771728515625 -0.022735595703125 0.195541381835938
-0.5662841796875 0.1094970703125 -0.0236968994140625 0.184967041015625
-0.52630615234375 -0.185089111328125 -0.0198211669921875 0.125617980957031
-0.5318603515625 -0.339935302734375 -0.00395202636718753 0.169815063476562
-0.541229248046875 -0.380096435546875 -0.0238647460937501 0.300567626953125
-0.579345703125 -0.55999755859375 0.0950546264648437 -0.0436248779296875
-0.5660400390625 -0.42352294921875 0.0107269287109375 0.159164428710937
-0.494354248046875 -0.34661865234375 0.211456298828125 0.1734619140625
-0.542572021484375 -0.2059326171875 0.226181030273437 0.021148681640625
-0.555694580078125 -0.041656494140625 0.1513671875 -0.123779296875
-0.59326171875 0.24163818359375 0.00595855712890621 -0.101730346679687
-0.467071533203125 0.434783935546875 -0.05078125 -0.0558624267578125
-0.41082763671875 0.45404052734375 -0.0276260375976563 -0.0070075988769531
-0.415008544921875 0.51031494140625 0.000457763671874978 0.0362358093261719
-0.482574462890625 0.437042236328125 0.020294189453125 0.0809707641601563
-0.547088623046875 0.232696533203125 0.0332794189453125 0.101837158203125
-0.5626220703125 0.11962890625 -0.0203704833984375 0.143844604492188
-0.531005859375 -0.151123046875 -0.0872039794921875 0.0769424438476563
-0.5723876953125 -0.306640625 -0.162994384765625 0.0784149169921875
-0.59918212890625 -0.3876953125 -0.189483642578125 0.132843017578125
-0.538787841796875 -0.486114501953125 -0.0584259033203125 -0.22894287109375
-0.5047607421875 -0.368682861328125 -0.0780105590820313 0.00153350830078123
-0.420806884765625 -0.32171630859375 0.172470092773437 0.080596923828125
-0.479400634765625 -0.2166748046875 0.238418579101562 -0.0474395751953125
-0.513519287109375 -0.0606079101562501 0.22991943359375 -0.173416137695313
-0.5654296875 0.2144775390625 0.141708374023437 -0.222671508789062
-0.446136474609375 0.386077880859375 0.0756378173828125 -0.250045776367188
-0.388763427734375 0.404022216796875 0.066650390625 -0.212661743164062
-0.402313232421875 0.44989013671875 0.0821075439453125 -0.154586791992187
-0.447174072265625 0.36322021484375 0.105476379394531 -0.0661544799804687
-0.478302001953125 0.171600341796875 0.070068359375 0.0196876525878906
-0.469146728515625 0.090789794921875 -0.0359115600585938 0.0930328369140625
-0.449066162109375 -0.11199951171875 -0.160797119140625 0.00933837890625003
-0.52392578125 -0.24554443359375 -0.30108642578125 -0.026153564453125
-0.57073974609375 -0.3497314453125 -0.342559814453125 -0.03472900390625
-0.415496826171875 -0.325958251953125 -0.183349609375 -0.38751220703125
-0.3609619140625 -0.240814208984375 -0.152755737304688 -0.151260375976563
-0.276138305664063 -0.229354858398438 0.108543395996094 -0.01104736328125
-0.330535888671875 -0.180633544921875 0.229202270507813 -0.103851318359375
-0.38006591796875 -0.0611877441406249 0.28460693359375 -0.2154541015625
-0.439605712890625 0.159027099609375 0.2506103515625 -0.336578369140625
-0.35247802734375 0.281036376953125 0.18121337890625 -0.423126220703125
-0.308807373046875 0.2939453125 0.150146484375 -0.385528564453125
-0.3306884765625 0.31976318359375 0.160858154296875 -0.302886962890625
-0.350006103515625 0.233795166015625 0.180007934570312 -0.169876098632813
-0.345367431640625 0.0808410644531251 0.0884780883789062 -0.0344009399414062
-0.31744384765625 0.046600341796875 -0.0622825622558594 0.0346717834472656
-0.316497802734375 -0.0661010742187501 -0.212890625 -0.078582763671875
-0.408050537109375 -0.1666259765625 -0.386260986328125 -0.14056396484375
-0.4637451171875 -0.268310546875 -0.45941162109375 -0.188323974609375
-0.2314453125 -0.114181518554688 -0.261383056640625 -0.4866943359375
-0.166976928710937 -0.0728302001953125 -0.199264526367188 -0.257369995117187
-0.0954360961914063 -0.09222412109375 0.04205322265625 -0.079345703125
-0.12811279296875 -0.105613708496094 0.204483032226562 -0.147354125976563
-0.179229736328125 -0.05145263671875 0.29803466796875 -0.250823974609375
-0.241424560546875 0.07135009765625 0.30438232421875 -0.42718505859375
-0.206695556640625 0.126617431640625 0.24237060546875 -0.548065185546875
-0.181472778320313 0.139907836914063 0.2110595703125 -0.499420166015625
-0.208145141601563 0.150802612304687 0.227264404296875 -0.390167236328125
-0.204483032226562 0.086273193359375 0.235076904296875 -0.2183837890625
-0.172576904296875 -0.00146484375000001 0.089599609375 -0.060577392578125
-0.140151977539062 0.0110855102539063 -0.0861663818359375 -0.0299072265625
-0.164321899414063 -0.011199951171875 -0.229354858398437 -0.176162719726563
-0.252105712890625 -0.0690155029296875 -0.4052734375 -0.249603271484375
-0.295562744140625 -0.146209716796875 -0.52630615234375 -0.313018798828125
0.0325050354003906 -0.0525245666503906 0.555145263671875 0.286956787109375
0.0541610717773437 -0.0765609741210938 0.360321044921875 0.308197021484375
-0.024261474609375 -0.0736541748046875 0.21514892578125 0.169296264648438
-0.05377197265625 -0.0130577087402344 0.107620239257813 0.0777664184570313
-0.0324077606201172 0.0171871185302734 -0.102447509765625 0.0265655517578125
0.00546646118164062 0.0425071716308594 -0.29608154296875 0.232513427734375
0.0271034240722656 0.0528411865234375 -0.2852783203125 0.466156005859375
0.0206851959228516 0.0340175628662109 -0.22393798828125 0.550262451171875
0.0377693176269531 0.0355606079101563 -0.237060546875 0.5693359375
0.00832366943359375 0.0598526000976563 -0.308746337890625 0.467376708984375
-0.0309371948242188 0.0712432861328125 -0.2340087890625 0.316925048828125
-0.0709075927734375 0.0504074096679688 -0.130157470703125 0.202346801757813
-0.0940475463867188 -0.0362548828125 -0.016021728515625 0.1923828125
-0.037628173828125 -0.0766525268554688 0.239837646484375 0.317047119140625
-0.00149154663085937 -0.0180397033691406 0.2540283203125 0.59295654296875
-0.197006225585937 -0.231155395507813 0.508209228515625 0.292083740234375
-0.167343139648437 -0.17791748046875 0.289306640625 0.34466552734375
-0.195648193359375 -0.141983032226562 0.20281982421875 0.227462768554688
-0.225799560546875 -0.0429840087890625 0.126625061035156 0.114105224609375
-0.207489013671875 0.0304718017578125 -0.066986083984375 0.00720214843749999
-0.186965942382813 0.145401000976562 -0.280624389648438 0.191253662109375
-0.133651733398437 0.224151611328125 -0.28955078125 0.416534423828125
-0.130294799804688 0.20965576171875 -0.212982177734375 0.505767822265625
-0.129379272460938 0.225982666015625 -0.20147705078125 0.532073974609375
-0.193511962890625 0.204620361328125 -0.25054931640625 0.453277587890625
-0.2567138671875 0.123489379882813 -0.165740966796875 0.31256103515625
-0.29150390625 0.0458984375 -0.0823822021484375 0.214370727539063
-0.277313232421875 -0.143234252929688 0.0189208984375 0.187042236328125
-0.2366943359375 -0.23065185546875 0.221954345703125 0.300445556640625
-0.213058471679688 -0.188095092773437 0.224609375 0.550628662109375
-0.400421142578125 -0.396942138671875 0.40472412109375 0.234375
-0.374176025390625 -0.291259765625 0.204254150390625 0.336151123046875
-0.3587646484375 -0.225189208984375 0.204421997070312 0.247344970703125
-0.387451171875 -0.090179443359375 0.154510498046875 0.114852905273438
-0.3709716796875 0.02178955078125 -0.0121021270751953 -0.0251007080078125
-0.370208740234375 0.21429443359375 -0.223236083984375 0.117599487304688
-0.284942626953125 0.35272216796875 -0.248504638671875 0.30389404296875
-0.262115478515625 0.354156494140625 -0.173797607421875 0.38348388671875
-0.26507568359375 0.391265869140625 -0.141998291015625 0.414215087890625
-0.347564697265625 0.343414306640625 -0.162445068359375 0.374969482421875
-0.4296875 0.195068359375 -0.086761474609375 0.269317626953125
-0.466339111328125 0.0822143554687501 -0.0391693115234375 0.207229614257813
-0.43756103515625 -0.186187744140625 0.0198516845703125 0.160690307617188
-0.41796875 -0.3135986328125 0.138076782226562 0.241928100585937
-0.405487060546875 -0.30560302734375 0.129058837890625 0.4417724609375
-0.53826904296875 -0.508575439453125 0.26068115234375 0.118240356445312
-0.52191162109375 -0.37652587890625 0.110336303710937 0.275115966796875
-0.476715087890625 -0.29730224609375 0.216171264648437 0.227615356445312
-0.50848388671875 -0.144378662109375 0.192642211914062 0.0797271728515625
-0.497589111328125 0.000518798828124977 0.0619049072265625 -0.0726547241210938
-0.510040283203125 0.250030517578125 -0.123565673828125 0.0171279907226563
-0.39990234375 0.42962646484375 -0.165115356445313 0.138534545898438
-0.355804443359375 0.441650390625 -0.108627319335938 0.203399658203125
-0.356109619140625 0.496124267578125 -0.071868896484375 0.23809814453125
-0.438140869140625 0.436370849609375 -0.0684967041015625 0.238998413085938
-0.52606201171875 0.250213623046875 -0.0147705078125 0.189895629882813
-0.559967041015625 0.12615966796875 -0.0142974853515625 0.180816650390625
-0.53173828125 -0.17535400390625 -0.0198516845703125 0.122756958007812
-0.540557861328125 -0.32501220703125 0.00210571289062497 0.166015625
-0.543212890625 -0.362274169921875 -0.013397216796875 0.2984619140625
-0.5916748046875 -0.535888671875 0.09613037109375 -0.04638671875
-0.5723876953125 -0.39935302734375 0.014373779296875 0.158905029296875
-0.503692626953125 -0.33428955078125 0.212005615234375 0.164031982421875
-0.547210693359375 -0.1890869140625 0.22491455078125 0.01800537109375
-0.55322265625 -0.0256958007812501 0.146469116210937 -0.127059936523438
-0.58111572265625 0.2567138671875 0.00418853759765621 -0.101242065429687
-0.451995849609375 0.445159912109375 -0.0522994995117188 -0.0535507202148437
-0.394195556640625 0.461700439453125 -0.0273609161376953 -0.00548934936523435
-0.397125244140625 0.517730712890625 0.00254821777343748 0.0357589721679688
-0.464141845703125 0.447235107421875 0.0205612182617187 0.0779037475585938
-0.537994384765625 0.24676513671875 0.0376052856445312 0.09649658203125
-0.55377197265625 0.134765625 -0.0116424560546875 0.140365600585938
-0.533905029296875 -0.14019775390625 -0.0881118774414063 0.0751266479492188
-0.57781982421875 -0.289794921875 -0.15789794921875 0.0803375244140625
-0.6031494140625 -0.36676025390625 -0.180252075195313 0.138442993164062
-0.5484619140625 -0.4661865234375 -0.060546875 -0.22552490234375
-0.508941650390625 -0.347259521484375 -0.0793533325195313 0.00549316406249998
-0.4293212890625 -0.310211181640625 0.171249389648437 0.07379150390625
-0.483978271484375 -0.203125 0.234375 -0.0494537353515625
-0.511810302734375 -0.04632568359375 0.222747802734375 -0.177108764648438
-0.555328369140625 0.22821044921875 0.135574340820312 -0.22357177734375
-0.433319091796875 0.39813232421875 0.0678253173828125 -0.248153686523437
-0.37408447265625 0.41046142578125 0.0601654052734375 -0.21014404296875
-0.386077880859375 0.456878662109375 0.0788879394531249 -0.155426025390625
-0.432220458984375 0.3736572265625 0.101028442382812 -0.0704269409179687
-0.470794677734375 0.18414306640625 0.0725555419921875 0.015380859375
-0.46173095703125 0.10430908203125 -0.0292205810546875 0.0902175903320313
-0.45147705078125 -0.10076904296875 -0.16253662109375 0.0109100341796875
-0.5279541015625 -0.22930908203125 -0.297332763671875 -0.017791748046875
-0.5740966796875 -0.3294677734375 -0.3360595703125 -0.023040771484375
-0.422332763671875 -0.31146240234375 -0.1888427734375 -0.380096435546875
-0.362762451171875 -0.225494384765625 -0.156845092773438 -0.144378662109375
-0.280990600585938 -0.223388671875 0.105674743652344 -0.0163345336914063
-0.336212158203125 -0.17047119140625 0.22308349609375 -0.10565185546875
-0.37969970703125 -0.051361083984375 0.274124145507813 -0.218734741210938
-0.4310302734375 0.16937255859375 0.23944091796875 -0.338134765625
-0.34307861328125 0.2906494140625 0.16705322265625 -0.421783447265625
-0.29791259765625 0.3011474609375 0.13824462890625 -0.38287353515625
-0.318756103515625 0.327056884765625 0.153594970703125 -0.306182861328125
-0.339447021484375 0.241180419921875 0.172088623046875 -0.174606323242188
-0.341583251953125 0.09033203125 0.0892791748046875 -0.03753662109375
-0.312347412109375 0.054656982421875 -0.0579299926757813 0.0338058471679688
-0.316497802734375 -0.0580444335937501 -0.216445922851563 -0.0751800537109375
-0.41204833984375 -0.152191162109375 -0.3834228515625 -0.12762451171875
-0.466400146484375 -0.252593994140625 -0.454986572265625 -0.17242431640625
-0.232574462890625 -0.107009887695312 -0.269287109375 -0.47625732421875
-0.166778564453125 -0.066314697265625 -0.20562744140625 -0.249649047851563
-0.096771240234375 -0.090728759765625 0.03814697265625 -0.082305908203125
-0.132568359375 -0.102806091308594 0.19793701171875 -0.148468017578125
-0.180770874023438 -0.0472564697265625 0.287506103515625 -0.253387451171875
-0.23663330078125 0.0762176513671875 0.29132080078125 -0.429168701171875
-0.20233154296875 0.132949829101562 0.2252197265625 -0.54559326171875
-0.176025390625 0.144439697265625 0.195343017578125 -0.4993896484375
-0.202972412109375 0.154861450195312 0.216888427734375 -0.392578125
-0.199600219726563 0.09161376953125 0.226852416992188 -0.224151611328125
-0.171401977539063 0.003204345703125 0.0889511108398437 -0.0621261596679688
-0.13739013671875 0.0150222778320312 -0.0849151611328125 -0.0278549194335937
-0.162750244140625 -0.00639343261718751 -0.233261108398438 -0.170516967773437
-0.253692626953125 -0.0608367919921875 -0.406646728515625 -0.235504150390625
-0.297454833984375 -0.1363525390625 -0.524932861328125 -0.293182373046875
0.0326080322265625 -0.0536460876464844 0.5665283203125 0.27593994140625
0.0526123046875 -0.0805816650390625 0.372283935546875 0.305206298828125
-0.0270919799804688 -0.0743026733398438 0.221282958984375 0.16943359375
-0.0555152893066406 -0.0108413696289062 0.113037109375 0.0762176513671875
-0.0334205627441406 0.0186328887939453 -0.103462219238281 0.0266799926757812
0.00783157348632813 0.0454826354980469 -0.29364013671875 0.24212646484375
0.0301017761230469 0.0534934997558594 -0.278656005859375 0.477203369140625
0.0213966369628906 0.0348968505859375 -0.215545654296875 0.559967041015625
0.0393714904785156 0.0344924926757813 -0.22796630859375 0.584716796875
0.0111846923828125 0.0598335266113281 -0.303741455078125 0.481658935546875
-0.0282516479492187 0.0742874145507813 -0.23004150390625 0.3255615234375
-0.0711593627929688 0.0519790649414063 -0.12542724609375 0.20635986328125
-0.0981521606445312 -0.03460693359375 -0.00816345214843749 0.199005126953125
-0.04095458984375 -0.0768356323242188 0.252899169921875 0.31439208984375
0.000654220581054689 -0.0199451446533203 0.26904296875 0.59490966796875
-0.206893920898438 -0.229949951171875 0.520751953125 0.283721923828125
-0.174423217773437 -0.177536010742188 0.301055908203125 0.34356689453125
-0.205169677734375 -0.140213012695312 0.20867919921875 0.227752685546875
-0.23126220703125 -0.03619384765625 0.133232116699219 0.11334228515625
-0.210556030273438 0.036376953125 -0.0670166015625 0.00708770751953124
-0.185073852539063 0.153778076171875 -0.278915405273437 0.200027465820313
-0.129714965820312 0.231369018554688 -0.284088134765625 0.429290771484375
-0.127304077148438 0.216461181640625 -0.206512451171875 0.516632080078125
-0.1259765625 0.232833862304687 -0.1927490234375 0.54473876953125
-0.191452026367188 0.213226318359375 -0.245758056640625 0.467193603515625
-0.258026123046875 0.133026123046875 -0.16046142578125 0.319061279296875
-0.295806884765625 0.05340576171875 -0.0767974853515625 0.217208862304688
-0.288360595703125 -0.140380859375 0.023773193359375 0.191070556640625
-0.2489013671875 -0.230545043945313 0.2322998046875 0.29595947265625
-0.218658447265625 -0.188308715820312 0.238677978515625 0.553466796875
-0.417236328125 -0.3927001953125 0.417205810546875 0.226959228515625
-0.387542724609375 -0.284759521484375 0.21307373046875 0.337646484375
-0.37530517578125 -0.22314453125 0.210128784179687 0.247650146484375
-0.3973388671875 -0.080322265625 0.161468505859375 0.116241455078125
-0.3759765625 0.031768798828125 -0.0122451782226563 -0.0280704498291016
-0.370025634765625 0.22760009765625 -0.221527099609375 0.122161865234375
-0.28131103515625 0.367919921875 -0.246551513671875 0.31353759765625
-0.257110595703125 0.36590576171875 -0.16766357421875 0.3931884765625
-0.259857177734375 0.4051513671875 -0.134033203125 0.424102783203125
-0.3441162109375 0.359375 -0.15789794921875 0.384796142578125
-0.43353271484375 0.210296630859375 -0.0807952880859375 0.272003173828125
-0.47412109375 0.09521484375 -0.03265380859375 0.208328247070313
-0.4537353515625 -0.180877685546875 0.0214996337890625 0.16302490234375
-0.435577392578125 -0.310577392578125 0.14703369140625 0.24041748046875
-0.414947509765625 -0.302764892578125 0.143096923828125 0.44586181640625
-0.56256103515625 -0.5048828125 0.269149780273437 0.11212158203125
-0.5394287109375 -0.369781494140625 0.11810302734375 0.278549194335938
-0.497283935546875 -0.294708251953125 0.22149658203125 0.226806640625
-0.521270751953125 -0.133331298828125 0.19976806640625 0.07940673828125
-0.50604248046875 0.0117492675781251 0.0621871948242187 -0.0764694213867188
-0.5137939453125 0.2664794921875 -0.123573303222656 0.0183944702148438
-0.396453857421875 0.449310302734375 -0.16534423828125 0.1448974609375
-0.348724365234375 0.459503173828125 -0.105941772460937 0.209243774414063
-0.349395751953125 0.513458251953125 -0.067291259765625 0.242752075195313
-0.433074951171875 0.455291748046875 -0.0659179687500001 0.244033813476563
-0.532623291015625 0.26959228515625 -0.00894165039062505 0.189498901367188
-0.5675048828125 0.1417236328125 -0.00669860839843755 0.180740356445313
-0.550750732421875 -0.167327880859375 -0.0202713012695313 0.123802185058594
-0.56243896484375 -0.318603515625 0.00730895996093747 0.16644287109375
-0.558685302734375 -0.356719970703125 -0.00640869140625 0.304656982421875
-0.616455078125 -0.53271484375 0.0991439819335937 -0.0507888793945313
-0.58978271484375 -0.3907470703125 0.016754150390625 0.1634521484375
-0.52532958984375 -0.33184814453125 0.216217041015625 0.161041259765625
-0.5628662109375 -0.17840576171875 0.22991943359375 0.016571044921875
-0.56390380859375 -0.0150146484374999 0.147308349609375 -0.13232421875
-0.5855712890625 0.272216796875 0.00458526611328122 -0.103195190429687
-0.4495849609375 0.466766357421875 -0.0544776916503907 -0.051361083984375
-0.388397216796875 0.480255126953125 -0.0277118682861328 -0.0024318695068359
-0.391082763671875 0.539398193359375 0.00392150878906247 0.0356712341308594
-0.46160888671875 0.466796875 0.0205078125 0.077667236328125
-0.5430908203125 0.2666015625 0.0430755615234375 0.0929336547851563
-0.56085205078125 0.152374267578125 -0.00480651855468755 0.139541625976563
-0.5506591796875 -0.131561279296875 -0.092620849609375 0.0765380859375
-0.59918212890625 -0.280517578125 -0.156539916992188 0.08392333984375
-0.619140625 -0.35980224609375 -0.176498413085938 0.145370483398438
-0.56982421875 -0.46112060546875 -0.0632324218750001 -0.2296142578125
-0.523834228515625 -0.337646484375 -0.0809478759765625 0.00866699218749996
-0.448394775390625 -0.3115234375 0.17388916015625 0.0684814453125
-0.4986572265625 -0.19537353515625 0.238662719726562 -0.0521087646484375
-0.5230712890625 -0.0358886718749999 0.224105834960938 -0.18353271484375
-0.55865478515625 0.242828369140625 0.134979248046875 -0.229751586914062
-0.432342529296875 0.41741943359375 0.0638885498046875 -0.250961303710938
-0.370513916015625 0.4268798828125 0.057159423828125 -0.211868286132812
-0.381378173828125 0.474761962890625 0.0787353515625 -0.161361694335937
-0.42840576171875 0.390899658203125 0.0994491577148437 -0.0752182006835937
-0.47698974609375 0.2000732421875 0.0757522583007812 0.0107574462890625
-0.466644287109375 0.1173095703125 -0.0239181518554688 0.0892868041992188
-0.46356201171875 -0.0926818847656251 -0.1693115234375 0.012603759765625
-0.547210693359375 -0.219146728515625 -0.300994873046875 -0.01190185546875
-0.58953857421875 -0.32244873046875 -0.337158203125 -0.014404296875
-0.4385986328125 -0.305328369140625 -0.1981201171875 -0.384124755859375
-0.37188720703125 -0.219970703125 -0.163925170898438 -0.143600463867188
-0.294036865234375 -0.224853515625 0.105216979980469 -0.0204544067382813
-0.34747314453125 -0.167510986328125 0.224395751953125 -0.108306884765625
-0.38916015625 -0.043548583984375 0.275131225585938 -0.22576904296875
-0.434722900390625 0.181488037109375 0.237548828125 -0.346343994140625
-0.343994140625 0.306427001953125 0.16064453125 -0.429107666015625
-0.29559326171875 0.312774658203125 0.1336669921875 -0.389556884765625
-0.31634521484375 0.34002685546875 0.1505126953125 -0.3148193359375
-0.33953857421875 0.255035400390625 0.170028686523438 -0.183731079101562
-0.345306396484375 0.09979248046875 0.092193603515625 -0.0416107177734375
-0.315093994140625 0.064178466796875 -0.0546913146972657 0.0323982238769531
-0.32452392578125 -0.0508728027343751 -0.225967407226563 -0.073089599609375
-0.426116943359375 -0.14324951171875 -0.390899658203125 -0.120513916015625
-0.478729248046875 -0.24371337890625 -0.46246337890625 -0.16156005859375
-0.239425659179688 -0.102615356445313 -0.28131103515625 -0.48077392578125
-0.1695556640625 -0.063018798828125 -0.217437744140625 -0.249923706054688
-0.10113525390625 -0.0925216674804687 0.035858154296875 -0.0849761962890625
-0.137893676757813 -0.101631164550781 0.19671630859375 -0.15203857421875
-0.185165405273438 -0.0435028076171875 0.287445068359375 -0.260284423828125
-0.239120483398438 0.08245849609375 0.28668212890625 -0.439056396484375
-0.203460693359375 0.142807006835937 0.2166748046875 -0.5548095703125
-0.1761474609375 0.151275634765625 0.189056396484375 -0.507843017578125
-0.202301025390625 0.162796020507813 0.213653564453125 -0.405120849609375
-0.199676513671875 0.0984344482421875 0.224365234375 -0.233779907226563
-0.1751708984375 0.00697326660156252 0.09027099609375 -0.0650863647460938
-0.137725830078125 0.0193939208984375 -0.0847702026367188 -0.0289840698242188
-0.165664672851562 -0.00169372558593748 -0.243148803710937 -0.169631958007813
-0.26153564453125 -0.053558349609375 -0.4154052734375 -0.2281494140625
-0.305755615234375 -0.1309814453125 -0.53564453125 -0.284820556640625
0.0322837829589844 -0.056671142578125 0.596435546875 0.2635498046875
0.0492019653320313 -0.0871658325195313 0.398284912109375 0.298553466796875
-0.0325546264648438 -0.0753707885742188 0.235488891601563 0.168258666992188
-0.0576858520507813 -0.00763702392578124 0.122383117675781 0.0737991333007813
-0.0345935821533203 0.0217857360839844 -0.106407165527344 0.0306472778320313
0.0120315551757813 0.0477752685546875 -0.292022705078125 0.26300048828125
0.0343360900878906 0.0545234680175781 -0.27105712890625 0.504180908203125
0.024200439453125 0.0356369018554688 -0.20123291015625 0.5877685546875
0.0424652099609375 0.0337638854980469 -0.21173095703125 0.6151123046875
0.015472412109375 0.0617904663085938 -0.294342041015625 0.51416015625
-0.0253677368164063 0.0800552368164063 -0.225189208984375 0.344451904296875
-0.0715255737304687 0.0558242797851563 -0.1201171875 0.21826171875
-0.104461669921875 -0.0309906005859375 0.00306701660156251 0.210006713867188
-0.0467300415039063 -0.0782546997070313 0.2769775390625 0.312469482421875
0.00247383117675782 -0.0227165222167969 0.30291748046875 0.60595703125
-0.224594116210937 -0.228057861328125 0.550384521484375 0.270233154296875
-0.189849853515625 -0.176361083984375 0.326873779296875 0.343353271484375
-0.22198486328125 -0.137008666992188 0.224105834960938 0.229248046875
-0.240951538085938 -0.0254058837890626 0.145614624023437 0.113052368164062
-0.216690063476563 0.0470428466796875 -0.0693435668945313 0.00762557983398437
-0.183868408203125 0.168289184570312 -0.279022216796875 0.216995239257812
-0.123001098632812 0.246627807617188 -0.27789306640625 0.453765869140625
-0.121200561523438 0.230422973632813 -0.19219970703125 0.541229248046875
-0.12066650390625 0.247222900390625 -0.17669677734375 0.57147216796875
-0.187530517578125 0.229354858398438 -0.234954833984375 0.496185302734375
-0.261489868164063 0.150497436523438 -0.153289794921875 0.33447265625
-0.3065185546875 0.0673522949218751 -0.06805419921875 0.226043701171875
-0.308868408203125 -0.134124755859375 0.0348358154296875 0.1993408203125
-0.27044677734375 -0.229202270507813 0.254669189453125 0.294586181640625
-0.232757568359375 -0.187652587890625 0.27020263671875 0.56280517578125
-0.451416015625 -0.387847900390625 0.4410400390625 0.217376708984375
-0.4144287109375 -0.277557373046875 0.235260009765625 0.342315673828125
-0.403778076171875 -0.21484375 0.22479248046875 0.250198364257813
-0.416259765625 -0.0639038085937499 0.174911499023437 0.115005493164063
-0.38958740234375 0.0501708984375 -0.0133914947509766 -0.0300979614257812
-0.371856689453125 0.252716064453125 -0.2225341796875 0.134445190429688
-0.273956298828125 0.396697998046875 -0.242523193359375 0.332855224609375
-0.250396728515625 0.3916015625 -0.15875244140625 0.412628173828125
-0.25225830078125 0.43243408203125 -0.122039794921875 0.444366455078125
-0.33966064453125 0.38873291015625 -0.1470947265625 0.40625
-0.44232177734375 0.239044189453125 -0.07110595703125 0.282257080078125
-0.48974609375 0.120208740234375 -0.021820068359375 0.2138671875
-0.484161376953125 -0.16986083984375 0.029266357421875 0.169036865234375
-0.46807861328125 -0.303741455078125 0.163909912109375 0.240097045898438
-0.441375732421875 -0.298583984375 0.167083740234375 0.457855224609375
-0.6082763671875 -0.49810791015625 0.284423828125 0.103271484375
-0.5751953125 -0.35791015625 0.133056640625 0.28680419921875
-0.534912109375 -0.2864990234375 0.2359619140625 0.2269287109375
-0.547576904296875 -0.114227294921875 0.213226318359375 0.0765380859375
-0.5234375 0.0355529785156251 0.0620040893554687 -0.0840835571289063
-0.520233154296875 0.29840087890625 -0.125328063964844 0.021759033203125
-0.389373779296875 0.485107421875 -0.165679931640625 0.157318115234375
-0.341033935546875 0.490325927734375 -0.101165771484375 0.22296142578125
-0.339599609375 0.548614501953125 -0.0597991943359375 0.253341674804688
-0.429168701171875 0.49176025390625 -0.05828857421875 0.255844116210938
-0.54205322265625 0.304351806640625 3.0517578124946E-05 0.192855834960938
-0.58465576171875 0.17138671875 0.00445556640624996 0.183547973632813
-0.58209228515625 -0.151611328125 -0.018341064453125 0.129325866699219
-0.60174560546875 -0.30712890625 0.0156402587890625 0.170333862304688
-0.593017578125 -0.348876953125 0.00924682617187494 0.316314697265625
-0.66552734375 -0.52410888671875 0.102729797363281 -0.059478759765625
-0.62750244140625 -0.37738037109375 0.023529052734375 0.171371459960937
-0.56549072265625 -0.32598876953125 0.228225708007813 0.157669067382812
-0.59246826171875 -0.16131591796875 0.241806030273437 0.01007080078125
-0.58551025390625 0.00738525390624996 0.14813232421875 -0.144149780273438
-0.59466552734375 0.30596923828125 0.00244903564453122 -0.109901428222656
-0.44769287109375 0.50628662109375 -0.0573883056640625 -0.0495262145996094
-0.38189697265625 0.513885498046875 -0.0268096923828125 0.00139617919921878
-0.38177490234375 0.57623291015625 0.00656700134277341 0.0346775054931641
-0.456878662109375 0.505035400390625 0.0238876342773437 0.07958984375
-0.553985595703125 0.301300048828125 0.0501327514648437 0.0912628173828125
-0.5765380859375 0.18353271484375 0.0050430297851562 0.140304565429688
-0.58319091796875 -0.11383056640625 -0.0960235595703125 0.0830001831054687
-0.6376953125 -0.263916015625 -0.157943725585938 0.0921630859375
-0.65631103515625 -0.34814453125 -0.17303466796875 0.159286499023438
-0.6146240234375 -0.45208740234375 -0.0735778808593751 -0.237823486328125
-0.556304931640625 -0.32476806640625 -0.0855560302734375 0.0144424438476562
-0.483856201171875 -0.3067626953125 0.181243896484375 0.06298828125
-0.527069091796875 -0.183197021484375 0.248016357421875 -0.060943603515625
-0.543701171875 -0.0171203613281249 0.22589111328125 -0.199111938476563
-0.5709228515625 0.274658203125 0.133026123046875 -0.243637084960938
-0.430755615234375 0.454833984375 0.057220458984375 -0.260833740234375
-0.3656005859375 0.458160400390625 0.0534515380859375 -0.219146728515625
-0.374267578125 0.510162353515625 0.0750579833984375 -0.17242431640625
-0.42645263671875 0.424835205078125 0.099273681640625 -0.0834274291992187
-0.48870849609375 0.227752685546875 0.0813522338867187 0.00510406494140626
-0.47821044921875 0.142364501953125 -0.0179977416992188 0.0899887084960938
-0.4879150390625 -0.0762939453124999 -0.179046630859375 0.01910400390625
-0.58001708984375 -0.20196533203125 -0.311279296875 3.05175781250404E-05
-0.62469482421875 -0.3076171875 -0.34527587890625 -0.00018310546874999
-0.469390869140625 -0.297210693359375 -0.218505859375 -0.39288330078125
-0.393096923828125 -0.208160400390625 -0.178436279296875 -0.14068603515625
-0.31854248046875 -0.223846435546875 0.106796264648438 -0.0277938842773438
-0.368408203125 -0.1597900390625 0.229232788085937 -0.12017822265625
-0.406005859375 -0.0290527343749999 0.277374267578125 -0.24359130859375
-0.444549560546875 0.2037353515625 0.235809326171875 -0.368255615234375
-0.34344482421875 0.335357666015625 0.151275634765625 -0.44879150390625
-0.29302978515625 0.337493896484375 0.125640869140625 -0.405364990234375
-0.3133544921875 0.367034912109375 0.1448974609375 -0.33441162109375
-0.339630126953125 0.279510498046875 0.167694091796875 -0.198593139648437
-0.355010986328125 0.118804931640625 0.0955810546875 -0.0492172241210938
-0.322174072265625 0.08111572265625 -0.0534553527832031 0.0331916809082031
-0.33941650390625 -0.0379333496093749 -0.240768432617188 -0.0677642822265625
-0.450042724609375 -0.12744140625 -0.408294677734375 -0.108428955078125
-0.50848388671875 -0.2310791015625 -0.48101806640625 -0.14874267578125
-0.253890991210937 -0.0969696044921875 -0.30975341796875 -0.488494873046875
-0.176239013671875 -0.0564727783203125 -0.238723754882813 -0.249893188476563
-0.110832214355469 -0.0937576293945313 0.03155517578125 -0.09149169921875
-0.1494140625 -0.100387573242187 0.197952270507813 -0.163467407226563
-0.196243286132813 -0.03778076171875 0.288116455078125 -0.27874755859375
-0.245101928710938 0.0947570800781251 0.2818603515625 -0.464813232421875
-0.20452880859375 0.157943725585938 0.205078125 -0.58087158203125
-0.176925659179688 0.165512084960937 0.17901611328125 -0.5311279296875
-0.202667236328125 0.177490234375 0.2066650390625 -0.430084228515625
-0.2025146484375 0.110031127929688 0.222274780273438 -0.252410888671875
-0.181167602539062 0.014251708984375 0.09271240234375 -0.0718307495117188
-0.140045166015625 0.0268630981445313 -0.0884246826171875 -0.0285797119140625
-0.171783447265625 0.00730895996093749 -0.26165771484375 -0.167404174804687
-0.275344848632812 -0.0403900146484375 -0.437957763671875 -0.216827392578125
-0.32366943359375 -0.121063232421875 -0.56353759765625 -0.271728515625
0.0306320190429687 -0.0611801147460937 0.63250732421875 0.22869873046875
0.0438232421875 -0.0945587158203125 0.4322509765625 0.278472900390625
-0.0401535034179687 -0.0750274658203125 0.25506591796875 0.16058349609375
-0.0592918395996094 -0.00344467163085937 0.13385009765625 0.0677490234375
-0.0349979400634766 0.0260467529296875 -0.108680725097656 0.0382919311523438
0.01812744140625 0.0486640930175781 -0.28155517578125 0.29302978515625
0.0415306091308594 0.0531883239746094 -0.246368408203125 0.53955078125
0.0283393859863281 0.0359344482421875 -0.16864013671875 0.6190185546875
0.0462150573730469 0.0317153930664063 -0.1741943359375 0.64959716796875
0.0215339660644531 0.0624847412109375 -0.263671875 0.553955078125
-0.01885986328125 0.085418701171875 -0.206329345703125 0.370849609375
-0.0710906982421875 0.0627899169921875 -0.106414794921875 0.231353759765625
-0.111679077148437 -0.023468017578125 0.0241851806640625 0.219131469726562
-0.0538558959960938 -0.0776138305664062 0.309539794921875 0.300750732421875
0.00271415710449219 -0.0259113311767578 0.3553466796875 0.604248046875
-0.24957275390625 -0.21771240234375 0.58795166015625 0.24041748046875
-0.20989990234375 -0.167861938476563 0.360443115234375 0.331329345703125
-0.242919921875 -0.12451171875 0.24615478515625 0.223953247070312
-0.25079345703125 -0.00711059570312505 0.162063598632812 0.107955932617188
-0.220504760742188 0.065521240234375 -0.07171630859375 0.0109176635742187
-0.175430297851563 0.187484741210937 -0.271133422851563 0.243301391601562
-0.10662841796875 0.264404296875 -0.25592041015625 0.487823486328125
-0.10760498046875 0.248275756835938 -0.16070556640625 0.5706787109375
-0.1068115234375 0.265213012695313 -0.1412353515625 0.6025390625
-0.176666259765625 0.251800537109375 -0.20501708984375 0.532379150390625
-0.258773803710938 0.177032470703125 -0.133087158203125 0.3526611328125
-0.312408447265625 0.0927429199218749 -0.0511016845703125 0.235443115234375
-0.3321533203125 -0.116058349609375 0.05377197265625 0.205459594726563
-0.298583984375 -0.2176513671875 0.286224365234375 0.283294677734375
-0.25189208984375 -0.180526733398438 0.320770263671875 0.5616455078125
-0.4976806640625 -0.365447998046875 0.47149658203125 0.191802978515625
-0.448699951171875 -0.25592041015625 0.267333984375 0.337982177734375
-0.440185546875 -0.191864013671875 0.248641967773437 0.245086669921875
-0.435211181640625 -0.0325927734375 0.193328857421875 0.10784912109375
-0.398529052734375 0.0807800292968751 -0.0160636901855469 -0.0329914093017578
-0.36492919921875 0.287872314453125 -0.2198486328125 0.1514892578125
-0.25152587890625 0.42938232421875 -0.227630615234375 0.362030029296875
-0.227294921875 0.424407958984375 -0.13299560546875 0.436981201171875
-0.22808837890625 0.466522216796875 -0.0946044921875 0.467071533203125
-0.321380615234375 0.427581787109375 -0.121124267578125 0.432373046875
-0.440582275390625 0.28399658203125 -0.0521240234375 0.29296875
-0.498291015625 0.16082763671875 -0.00347900390625005 0.218948364257812
-0.51751708984375 -0.140228271484375 0.0435791015625 0.173446655273438
-0.5118408203125 -0.28057861328125 0.187835693359375 0.233352661132813
-0.476318359375 -0.280853271484375 0.207000732421875 0.460357666015625
-0.6688232421875 -0.4676513671875 0.30181884765625 0.084625244140625
-0.619873046875 -0.32672119140625 0.1580810546875 0.28765869140625
-0.58172607421875 -0.256103515625 0.258056640625 0.219482421875
-0.5750732421875 -0.07623291015625 0.229629516601562 0.065093994140625
-0.537933349609375 0.0744934082031249 0.0582351684570312 -0.09375
-0.51641845703125 0.345703125 -0.1270751953125 0.0280838012695313
-0.366912841796875 0.5311279296875 -0.159759521484375 0.174118041992188
-0.31524658203125 0.531341552734375 -0.08636474609375 0.23828125
-0.3111572265625 0.59356689453125 -0.0442352294921875 0.265090942382813
-0.405059814453125 0.541748046875 -0.041748046875 0.270217895507813
-0.539459228515625 0.357818603515625 0.0152130126953125 0.195724487304688
-0.59210205078125 0.2232666015625 0.02154541015625 0.184158325195313
-0.61846923828125 -0.11273193359375 -0.0107650756835938 0.135292053222656
-0.64984130859375 -0.2725830078125 0.0293731689453125 0.1719970703125
-0.6368408203125 -0.3187255859375 0.0352172851562499 0.326934814453125
-0.73175048828125 -0.49163818359375 0.103103637695312 -0.0710296630859375
-0.67596435546875 -0.34222412109375 0.0360107421874999 0.177825927734375
-0.61627197265625 -0.29583740234375 0.244888305664062 0.147598266601562
-0.62493896484375 -0.1229248046875 0.254257202148438 -0.00566101074218751
-0.60504150390625 0.0494384765625001 0.1434326171875 -0.162246704101562
-0.59442138671875 0.3582763671875 -0.00386047363281254 -0.116462707519531
-0.42431640625 0.557281494140625 -0.0618400573730469 -0.0473289489746094
-0.355865478515625 0.557647705078125 -0.0248603820800781 0.00473594665527347
-0.354248046875 0.62493896484375 0.00871467590332029 0.0331764221191407
-0.4339599609375 0.558074951171875 0.0298690795898437 0.0801849365234375
-0.5509033203125 0.35491943359375 0.0609054565429687 0.0869064331054688
-0.58203125 0.2333984375 0.0184326171875 0.139488220214844
-0.61395263671875 -0.0739746093750001 -0.0958633422851563 0.0928497314453125
-0.6824951171875 -0.22412109375 -0.156036376953125 0.10455322265625
-0.70404052734375 -0.31201171875 -0.164047241210938 0.177520751953125
-0.67138671875 -0.4217529296875 -0.0924987792968751 -0.243896484375
-0.59771728515625 -0.29339599609375 -0.0886993408203125 0.0230484008789062
-0.5284423828125 -0.28375244140625 0.18988037109375 0.0503082275390625
-0.56036376953125 -0.15142822265625 0.253555297851562 -0.0794677734375
-0.56585693359375 0.02032470703125 0.21990966796875 -0.22369384765625
-0.57196044921875 0.3233642578125 0.123321533203125 -0.263702392578125
-0.411163330078125 0.502899169921875 0.0430145263671875 -0.27227783203125
-0.343719482421875 0.500640869140625 0.0438690185546875 -0.227188110351562
-0.35107421875 0.555694580078125 0.065216064453125 -0.185775756835937
-0.409393310546875 0.4716796875 0.0956268310546875 -0.09344482421875
-0.48883056640625 0.27337646484375 0.087005615234375 -0.00445556640624998
-0.483489990234375 0.184661865234375 -0.00918579101562502 0.0892486572265625
-0.51239013671875 -0.0426330566406249 -0.187484741210938 0.032806396484375
-0.619140625 -0.1630859375 -0.320465087890625 0.02117919921875
-0.66876220703125 -0.2708740234375 -0.35223388671875 0.0243225097656251
-0.50994873046875 -0.271636962890625 -0.2515869140625 -0.394287109375
-0.41839599609375 -0.186279296875 -0.196914672851563 -0.130874633789063
-0.349609375 -0.209808349609375 0.106468200683594 -0.037445068359375
-0.395294189453125 -0.140350341796875 0.229888916015625 -0.139389038085938
-0.42236328125 -0.00204467773437503 0.270355224609375 -0.271652221679687
-0.4461669921875 0.24267578125 0.2200927734375 -0.3985595703125
-0.32989501953125 0.37420654296875 0.12835693359375 -0.471771240234375
-0.279754638671875 0.369842529296875 0.105377197265625 -0.427032470703125
-0.29736328125 0.401611328125 0.126007080078125 -0.3577880859375
-0.329742431640625 0.31329345703125 0.1575927734375 -0.217514038085937
-0.359161376953125 0.149261474609375 0.097198486328125 -0.0602188110351562
-0.324859619140625 0.1090087890625 -0.0504188537597656 0.0342864990234375
-0.354522705078125 -0.0125122070312499 -0.257080078125 -0.0531463623046875
-0.477508544921875 -0.09417724609375 -0.427276611328125 -0.0819091796875
-0.543487548828125 -0.200103759765625 -0.502532958984375 -0.1190185546875
-0.270416259765625 -0.080535888671875 -0.352813720703125 -0.48651123046875
-0.18487548828125 -0.0448150634765625 -0.26776123046875 -0.240463256835938
-0.122932434082031 -0.0905532836914062 0.024200439453125 -0.0982742309570313
-0.163345336914063 -0.094024658203125 0.19183349609375 -0.182174682617188
-0.206329345703125 -0.024993896484375 0.279144287109375 -0.306915283203125
-0.247604370117188 0.11505126953125 0.26171875 -0.498931884765625
-0.200531005859375 0.180587768554687 0.17376708984375 -0.61260986328125
-0.172286987304688 0.183380126953125 0.1514892578125 -0.560882568359375
-0.196823120117188 0.198486328125 0.183868408203125 -0.461517333984375
-0.201004028320313 0.12896728515625 0.210540771484375 -0.276840209960938
-0.186630249023438 0.027923583984375 0.0916061401367187 -0.0820846557617188
-0.140609741210938 0.038177490234375 -0.0937271118164063 -0.0262527465820313
-0.175979614257813 0.022216796875 -0.285400390625 -0.155181884765625
-0.289825439453125 -0.017608642578125 -0.464691162109375 -0.191925048828125
-0.34552001953125 -0.09979248046875 -0.59783935546875 -0.240234375
0.0266265869140625 -0.0637664794921875 0.65496826171875 0.17218017578125
0.0342025756835937 -0.100051879882813 0.457183837890625 0.24041748046875
-0.0481719970703125 -0.0707321166992188 0.270095825195313 0.141082763671875
-0.0596199035644531 0.00329208374023438 0.143447875976563 0.05584716796875
-0.0340461730957031 0.0302162170410156 -0.1060791015625 0.0482101440429688
0.0245208740234375 0.0467376708984375 -0.25634765625 0.31988525390625
0.0483894348144531 0.0488319396972656 -0.20294189453125 0.56549072265625
0.0333747863769531 0.0340728759765625 -0.1170654296875 0.63629150390625
0.0498504638671875 0.0273361206054688 -0.11669921875 0.668212890625
0.0289993286132812 0.0604591369628906 -0.21282958984375 0.582275390625
-0.0100250244140625 0.0885238647460938 -0.172515869140625 0.3890380859375
-0.0664138793945312 0.0692863464355469 -0.082977294921875 0.24078369140625
-0.11492919921875 -0.0123367309570312 0.050628662109375 0.219635009765625
-0.0615386962890625 -0.0742568969726562 0.33966064453125 0.272430419921875
0.00237655639648438 -0.0302219390869141 0.41192626953125 0.57623291015625
-0.271087646484375 -0.194122314453125 0.6087646484375 0.18609619140625
-0.226181030273438 -0.148345947265625 0.393035888671875 0.299774169921875
-0.259048461914063 -0.100494384765625 0.26641845703125 0.206512451171875
-0.25189208984375 0.0173492431640625 0.175979614257812 0.093963623046875
-0.216079711914063 0.0871734619140625 -0.071441650390625 0.0167465209960937
-0.158660888671875 0.204132080078125 -0.250762939453125 0.267303466796875
-0.0809478759765625 0.275054931640625 -0.214935302734375 0.513214111328125
-0.0840606689453125 0.258865356445313 -0.11279296875 0.58685302734375
-0.0822296142578125 0.277328491210938 -0.08819580078125 0.61895751953125
-0.152725219726563 0.269424438476562 -0.15478515625 0.55377197265625
-0.244110107421875 0.203475952148438 -0.10101318359375 0.364776611328125
-0.3070068359375 0.122222900390625 -0.027099609375 0.237380981445312
-0.346832275390625 -0.085174560546875 0.0773468017578125 0.2022705078125
-0.32269287109375 -0.192840576171875 0.314422607421875 0.257476806640625
-0.26873779296875 -0.16204833984375 0.373443603515625 0.53680419921875
-0.53411865234375 -0.320648193359375 0.49041748046875 0.148406982421875
-0.47491455078125 -0.21405029296875 0.299774169921875 0.31536865234375
-0.466583251953125 -0.150482177734375 0.270706176757812 0.227569580078125
-0.4395751953125 0.00805664062500002 0.2073974609375 0.0914764404296875
-0.391754150390625 0.116912841796875 -0.019613265991211 -0.0337791442871094
-0.3409423828125 0.322235107421875 -0.207839965820313 0.16943359375
-0.21148681640625 0.455322265625 -0.19866943359375 0.382965087890625
-0.1900634765625 0.44580078125 -0.095458984375 0.449859619140625
-0.186187744140625 0.491607666015625 -0.0535583496093751 0.47760009765625
-0.28131103515625 0.461029052734375 -0.08062744140625 0.4468994140625
-0.416900634765625 0.32861328125 -0.024505615234375 0.29547119140625
-0.48828125 0.208953857421875 0.0188446044921875 0.214706420898438
-0.538055419921875 -0.0934753417968751 0.0620880126953125 0.170944213867188
-0.543121337890625 -0.23626708984375 0.2108154296875 0.214752197265625
-0.50433349609375 -0.240234375 0.253448486328125 0.444580078125
-0.718994140625 -0.40753173828125 0.31085205078125 0.05596923828125
-0.65386962890625 -0.2669677734375 0.184799194335938 0.277389526367188
-0.6160888671875 -0.20220947265625 0.277435302734375 0.19952392578125
-0.5853271484375 -0.02215576171875 0.24041748046875 0.0453643798828125
-0.532958984375 0.12249755859375 0.0494003295898437 -0.1025390625
-0.489105224609375 0.393524169921875 -0.125572204589844 0.035675048828125
-0.320068359375 0.56744384765625 -0.145172119140625 0.189620971679688
-0.26861572265625 0.562164306640625 -0.0644683837890625 0.24627685546875
-0.25799560546875 0.62677001953125 -0.0216827392578125 0.268447875976563
-0.35760498046875 0.58367919921875 -0.015472412109375 0.275146484375
-0.510955810546875 0.41192626953125 0.03411865234375 0.190597534179688
-0.5755615234375 0.28057861328125 0.0413818359375 0.177413940429688
-0.63751220703125 -0.0567016601562499 0.00121307373046871 0.137107849121094
-0.6820068359375 -0.213623046875 0.0454864501953125 0.168212890625
-0.6671142578125 -0.263427734375 0.068389892578125 0.325927734375
-0.7825927734375 -0.42315673828125 0.096282958984375 -0.0836639404296875
-0.71026611328125 -0.278564453125 0.0515899658203125 0.17724609375
-0.65435791015625 -0.23876953125 0.257888793945312 0.126571655273437
-0.64056396484375 -0.066162109375 0.257919311523437 -0.0289764404296875
-0.60260009765625 0.10308837890625 0.128509521484375 -0.178329467773438
-0.56781005859375 0.413330078125 -0.0145645141601563 -0.120780944824219
-0.37652587890625 0.5986328125 -0.0657005310058594 -0.0420951843261718
-0.30718994140625 0.59344482421875 -0.0212688446044922 0.00658226013183597
-0.29693603515625 0.66400146484375 0.0107841491699219 0.0318965911865235
-0.3841552734375 0.6036376953125 0.037506103515625 0.0780792236328125
-0.524688720703125 0.41119384765625 0.0701370239257812 0.0767593383789063
-0.56463623046875 0.2913818359375 0.0339126586914062 0.13153076171875
-0.6279296875 -0.0174560546874999 -0.0901336669921875 0.101982116699219
-0.710693359375 -0.16046142578125 -0.147018432617188 0.118637084960938
-0.73486328125 -0.24853515625 -0.144134521484375 0.19281005859375
-0.71722412109375 -0.359130859375 -0.11474609375 -0.239837646484375
-0.62603759765625 -0.2364501953125 -0.08721923828125 0.0333251953125
-0.565185546875 -0.23638916015625 0.193405151367187 0.0339813232421875
-0.5780029296875 -0.1009521484375 0.24896240234375 -0.103790283203125
-0.567138671875 0.0699462890625001 0.200927734375 -0.246139526367187
-0.548309326171875 0.376708984375 0.100616455078125 -0.280014038085938
-0.368255615234375 0.543609619140625 0.02130126953125 -0.278396606445312
-0.30084228515625 0.533355712890625 0.0279388427734375 -0.233596801757812
-0.3013916015625 0.59295654296875 0.0485382080078125 -0.193557739257812
-0.36663818359375 0.5130615234375 0.0868453979492187 -0.102859497070312
-0.467529296875 0.321380615234375 0.0884552001953125 -0.0166854858398437
-0.468719482421875 0.2308349609375 0.00086975097656248 0.0840988159179688
-0.52056884765625 0.00595092773437498 -0.189102172851563 0.0496063232421875
-0.640869140625 -0.10272216796875 -0.318878173828125 0.049468994140625
-0.6971435546875 -0.208984375 -0.3475341796875 0.0559387207031249
-0.539459228515625 -0.224517822265625 -0.28851318359375 -0.375823974609375
-0.437347412109375 -0.145233154296875 -0.211273193359375 -0.1119384765625
-0.3763427734375 -0.18035888671875 0.100807189941406 -0.0489349365234375
-0.413177490234375 -0.105712890625 0.217437744140625 -0.160629272460938
-0.4248046875 0.0353698730468751 0.246826171875 -0.29833984375
-0.429443359375 0.28485107421875 0.18792724609375 -0.42071533203125
-0.298492431640625 0.4071044921875 0.09136962890625 -0.487030029296875
-0.24871826171875 0.396453857421875 0.0730590820312499 -0.439849853515625
-0.261993408203125 0.433929443359375 0.0950927734375 -0.37255859375
-0.301849365234375 0.3458251953125 0.138290405273437 -0.233169555664063
-0.34765625 0.183074951171875 0.0932540893554687 -0.0727920532226562
-0.31402587890625 0.138641357421875 -0.047088623046875 0.0335731506347656
-0.35723876953125 0.02215576171875 -0.267059326171875 -0.03009033203125
-0.491424560546875 -0.045196533203125 -0.435516357421875 -0.0431823730468751
-0.56475830078125 -0.14727783203125 -0.511871337890625 -0.0755310058593751
-0.28167724609375 -0.05517578125 -0.3994140625 -0.461334228515625
-0.188446044921875 -0.027099609375 -0.293670654296875 -0.216064453125
-0.134162902832031 -0.0803604125976562 0.0125579833984375 -0.102188110351563
-0.175094604492188 -0.0805816650390625 0.175857543945313 -0.200057983398438
-0.210159301757813 -0.00726318359375003 0.25341796875 -0.33221435546875
-0.240737915039063 0.137771606445312 0.219085693359375 -0.52471923828125
-0.185760498046875 0.201766967773437 0.12457275390625 -0.6331787109375
-0.157272338867188 0.199722290039063 0.1058349609375 -0.5780029296875
-0.18072509765625 0.218826293945313 0.143890380859375 -0.48077392578125
-0.190658569335937 0.147659301757813 0.1854248046875 -0.2972412109375
-0.185287475585938 0.04437255859375 0.0848388671875 -0.0929031372070313
-0.134529113769531 0.0508956909179688 -0.097747802734375 -0.02130126953125
-0.173934936523437 0.041229248046875 -0.303680419921875 -0.130523681640625
-0.2947998046875 0.012725830078125 -0.481109619140625 -0.151702880859375
-0.357177734375 -0.0661621093750001 -0.61895751953125 -0.18658447265625
0.0220718383789063 -0.0642280578613281 0.64813232421875 0.11639404296875
0.0242080688476562 -0.101463317871094 0.46173095703125 0.195953369140625
-0.052764892578125 -0.0639991760253906 0.274215698242187 0.119247436523437
-0.0565338134765625 0.00835418701171876 0.146499633789063 0.043487548828125
-0.0318317413330078 0.0332298278808594 -0.0996475219726563 0.0557403564453125
0.0282859802246094 0.0428543090820312 -0.2244873046875 0.332672119140625
0.0526237487792969 0.042999267578125 -0.1549072265625 0.5679931640625
0.0369186401367188 0.0312576293945313 -0.0682373046875 0.62945556640625
0.0518455505371094 0.0233726501464844 -0.05987548828125 0.65850830078125
0.0346145629882812 0.0559883117675781 -0.158203125 0.58203125
-0.000709533691406247 0.0881729125976563 -0.13665771484375 0.3905029296875
-0.0596084594726562 0.072906494140625 -0.0591278076171875 0.238662719726562
-0.113929748535156 -0.00242614746093749 0.074188232421875 0.209503173828125
-0.0662574768066406 -0.068511962890625 0.354034423828125 0.235626220703125
0.000886917114257815 -0.0331382751464844 0.4454345703125 0.5286865234375
-0.279861450195313 -0.165573120117187 0.6070556640625 0.13360595703125
-0.232391357421875 -0.125732421875 0.40362548828125 0.259552001953125
-0.263046264648438 -0.0745849609375 0.275466918945313 0.183837890625
-0.243270874023438 0.0387725830078125 0.182281494140625 0.07830810546875
-0.203704833984375 0.1025390625 -0.0683860778808594 0.0207939147949219
-0.137435913085938 0.211639404296875 -0.222625732421875 0.279281616210938
-0.0557708740234375 0.273574829101563 -0.170928955078125 0.519134521484375
-0.0597686767578125 0.258804321289063 -0.06707763671875 0.5802001953125
-0.0569915771484375 0.278106689453125 -0.03729248046875 0.60888671875
-0.125167846679688 0.2760009765625 -0.104095458984375 0.54998779296875
-0.220489501953125 0.219940185546875 -0.067413330078125 0.35986328125
-0.2908935546875 0.14447021484375 -0.0056304931640625 0.22882080078125
-0.34747314453125 -0.05560302734375 0.0969390869140625 0.190719604492188
-0.332275390625 -0.162322998046875 0.328460693359375 0.2222900390625
-0.274154663085938 -0.139907836914062 0.40771484375 0.4935302734375
-0.549224853515625 -0.2652587890625 0.488189697265625 0.10565185546875
-0.480010986328125 -0.16845703125 0.316009521484375 0.284515380859375
-0.47222900390625 -0.105224609375 0.280288696289062 0.203643798828125
-0.426544189453125 0.044921875 0.212997436523437 0.0738525390625
-0.37200927734375 0.145172119140625 -0.0230960845947266 -0.0329341888427734
-0.306121826171875 0.341278076171875 -0.189376831054688 0.179107666015625
-0.169830322265625 0.4600830078125 -0.164520263671875 0.389617919921875
-0.14923095703125 0.448577880859375 -0.059417724609375 0.445465087890625
-0.141632080078125 0.49560546875 -0.015625 0.468292236328125
-0.236114501953125 0.474365234375 -0.04058837890625 0.44036865234375
-0.3802490234375 0.35638427734375 0.000915527343749978 0.2847900390625
-0.4603271484375 0.24365234375 0.0374298095703125 0.201339721679688
-0.534912109375 -0.047088623046875 0.0767822265625 0.160781860351563
-0.5540771484375 -0.1856689453125 0.223037719726562 0.189605712890625
-0.510711669921875 -0.195587158203125 0.28369140625 0.4134521484375
-0.73590087890625 -0.33465576171875 0.306671142578125 0.02838134765625
-0.65838623046875 -0.20623779296875 0.201309204101562 0.256256103515625
-0.62408447265625 -0.1429443359375 0.284088134765625 0.174957275390625
-0.5712890625 0.026611328125 0.240478515625 0.0255279541015625
-0.50933837890625 0.159820556640625 0.0384902954101562 -0.10577392578125
-0.446929931640625 0.4228515625 -0.121452331542969 0.0417022705078125
-0.26617431640625 0.57757568359375 -0.128250122070312 0.195388793945313
-0.21533203125 0.5684814453125 -0.0435638427734375 0.243667602539063
-0.20062255859375 0.6339111328125 -0.00137329101562501 0.262603759765625
-0.29931640625 0.5994873046875 0.00822448730468749 0.268844604492188
-0.465057373046875 0.446136474609375 0.0495147705078125 0.177444458007813
-0.5399169921875 0.32208251953125 0.055908203125 0.162490844726563
-0.62921142578125 -0.00390624999999997 0.0124130249023437 0.133232116699219
-0.68701171875 -0.15179443359375 0.0578765869140625 0.158187866210938
-0.6719970703125 -0.2041015625 0.0963134765625 0.3115234375
-0.799560546875 -0.3450927734375 0.0870437622070312 -0.0910415649414063
-0.7130126953125 -0.21099853515625 0.0638427734375 0.17047119140625
-0.66436767578125 -0.17669677734375 0.25830078125 0.103912353515625
-0.63128662109375 -0.01220703125 0.250015258789062 -0.0491943359375
-0.5787353515625 0.1474609375 0.109130859375 -0.186050415039063
-0.522979736328125 0.449432373046875 -0.0260391235351563 -0.120361328125
-0.31976318359375 0.6153564453125 -0.0674552917480469 -0.0369110107421875
-0.25469970703125 0.601318359375 -0.0185813903808594 0.00684928894042972
-0.23675537109375 0.67230224609375 0.0111579895019531 0.0295543670654297
-0.3253173828125 0.61962890625 0.04327392578125 0.0722198486328125
-0.47906494140625 0.445159912109375 0.0751266479492187 0.0638427734375
-0.52630615234375 0.3306884765625 0.044586181640625 0.118392944335938
-0.61663818359375 0.034423828125 -0.0818557739257813 0.107276916503906
-0.71002197265625 -0.0957031250000002 -0.133270263671875 0.125053405761719
-0.73681640625 -0.18182373046875 -0.121200561523438 0.198165893554688
-0.73052978515625 -0.287109375 -0.131881713867188 -0.227325439453125
-0.626953125 -0.1763916015625 -0.0843963623046876 0.0419158935546875
-0.5740966796875 -0.1822509765625 0.187606811523438 0.0167083740234375
-0.57611083984375 -0.0521240234375 0.234573364257812 -0.121200561523438
-0.547943115234375 0.1112060546875 0.173080444335937 -0.256423950195312
-0.5084228515625 0.41082763671875 0.07421875 -0.282989501953125
-0.3162841796875 0.561553955078125 0.000274658203125008 -0.27447509765625
-0.25311279296875 0.54376220703125 0.012298583984375 -0.23114013671875
-0.24774169921875 0.6024169921875 0.0308990478515625 -0.19403076171875
-0.315673828125 0.530303955078125 0.0762786865234375 -0.107925415039062
-0.43017578125 0.351959228515625 0.0848617553710937 -0.0281906127929687
-0.436065673828125 0.262725830078125 0.00774383544921873 0.0753936767578125
-0.507659912109375 0.049530029296875 -0.182357788085938 0.064239501953125
-0.63482666015625 -0.0448608398437501 -0.30560302734375 0.072845458984375
-0.6953125 -0.1453857421875 -0.329833984375 0.08111572265625
-0.546051025390625 -0.17218017578125 -0.311065673828125 -0.34722900390625
-0.43572998046875 -0.10382080078125 -0.216110229492188 -0.0909423828125
-0.385894775390625 -0.143798828125 0.090240478515625 -0.0572357177734375
-0.415313720703125 -0.070281982421875 0.19769287109375 -0.173995971679688
-0.4140625 0.0667724609375 0.215484619140625 -0.30889892578125
-0.40020751953125 0.310516357421875 0.14849853515625 -0.426666259765625
-0.260589599609375 0.422149658203125 0.052886962890625 -0.484405517578125
-0.212615966796875 0.4058837890625 0.041168212890625 -0.435882568359375
-0.222198486328125 0.445556640625 0.062713623046875 -0.371978759765625
-0.266387939453125 0.36077880859375 0.115097045898437 -0.2376708984375
-0.325592041015625 0.20703125 0.085113525390625 -0.0816574096679687
-0.29278564453125 0.16021728515625 -0.0443038940429688 0.0314254760742188
-0.345733642578125 0.052978515625 -0.265426635742188 -0.00820922851562505
-0.48504638671875 6.1035156249992E-05 -0.426239013671875 -0.00842285156250004
-0.56304931640625 -0.0963134765625 -0.500579833984375 -0.0342712402343749
-0.279891967773438 -0.0291900634765625 -0.42559814453125 -0.4208984375
-0.184677124023438 -0.010650634765625 -0.306060791015625 -0.186126708984375
-0.140205383300781 -0.0676803588867188 0.000114440917968744 -0.101112365722656
-0.179885864257812 -0.0652618408203125 0.152099609375 -0.207443237304687
-0.206695556640625 0.00900268554687502 0.218994140625 -0.341064453125
-0.226593017578125 0.153182983398437 0.173187255859375 -0.52850341796875
-0.164535522460938 0.212677001953125 0.0742187499999999 -0.6285400390625
-0.13983154296875 0.208236694335938 0.0621337890625 -0.57342529296875
-0.160171508789063 0.227264404296875 0.102630615234375 -0.48211669921875
-0.173538208007813 0.158645629882813 0.15631103515625 -0.30328369140625
-0.177932739257813 0.0576934814453125 0.0748138427734375 -0.0987548828125
-0.124725341796875 0.0600509643554687 -0.0994338989257813 -0.0170364379882812
-0.164260864257813 0.0564727783203125 -0.309173583984375 -0.1036376953125
-0.2860107421875 0.04107666015625 -0.47900390625 -0.109649658203125
-0.353607177734375 -0.032257080078125 -0.61614990234375 -0.134521484375
0.0190620422363281 -0.0630111694335938 0.6279296875 0.08282470703125
0.0171356201171875 -0.0995407104492188 0.4508056640625 0.16705322265625
-0.0544166564941406 -0.0588340759277344 0.269882202148438 0.1058349609375
-0.0533599853515625 0.0107421875 0.145767211914063 0.0352325439453125
-0.02978515625 0.0353546142578125 -0.0920867919921875 0.0587539672851563
0.0305061340332031 0.0399627685546875 -0.198028564453125 0.330474853515625
0.0539665222167969 0.0371627807617188 -0.1239013671875 0.5577392578125
0.0391769409179688 0.0276756286621094 -0.0398559570312501 0.6114501953125
0.0520248413085938 0.0200004577636719 -0.02642822265625 0.63531494140625
0.0372200012207031 0.0517044067382813 -0.12164306640625 0.56500244140625
0.00550842285156249 0.0859451293945313 -0.112274169921875 0.378753662109375
-0.0546875 0.0736846923828125 -0.0436248779296875 0.229751586914063
-0.110786437988281 0.00400543212890626 0.088836669921875 0.1966552734375
-0.0676536560058594 -0.0644264221191406 0.35443115234375 0.206878662109375
-0.000854492187499999 -0.0355873107910156 0.455963134765625 0.487152099609375
-0.278060913085938 -0.143020629882813 0.5899658203125 0.09930419921875
-0.230209350585938 -0.109283447265625 0.398101806640625 0.23126220703125
-0.259048461914063 -0.05560302734375 0.273284912109375 0.168777465820313
-0.231735229492188 0.0505676269531251 0.18267822265625 0.0673675537109375
-0.19158935546875 0.108963012695313 -0.0649986267089844 0.0230026245117187
-0.121536254882813 0.211639404296875 -0.20037841796875 0.279098510742187
-0.039337158203125 0.265762329101563 -0.142425537109375 0.50994873046875
-0.044158935546875 0.25152587890625 -0.0411376953125001 0.5623779296875
-0.0402069091796875 0.271270751953125 -0.00817871093749996 0.58697509765625
-0.105789184570313 0.27252197265625 -0.0706787109375 0.532623291015625
-0.199981689453125 0.224090576171875 -0.048004150390625 0.3447265625
-0.27374267578125 0.154464721679688 0.0076904296875 0.216140747070313
-0.33941650390625 -0.03619384765625 0.107284545898437 0.177200317382813
-0.330535888671875 -0.140960693359375 0.32757568359375 0.195556640625
-0.27093505859375 -0.124099731445312 0.417816162109375 0.455291748046875
-0.54290771484375 -0.223968505859375 0.474945068359375 0.077056884765625
-0.470123291015625 -0.136383056640625 0.3165283203125 0.25927734375
-0.463592529296875 -0.0724182128906249 0.277923583984375 0.186752319335937
-0.410003662109375 0.06610107421875 0.211807250976562 0.0611114501953125
-0.35211181640625 0.1580810546875 -0.0242137908935547 -0.0314769744873047
-0.278778076171875 0.345367431640625 -0.1759033203125 0.180282592773437
-0.14080810546875 0.451324462890625 -0.14288330078125 0.384429931640625
-0.121429443359375 0.439208984375 -0.039520263671875 0.4324951171875
-0.110260009765625 0.487213134765625 0.00579833984374996 0.452056884765625
-0.202117919921875 0.469451904296875 -0.0170288085937501 0.4241943359375
-0.348236083984375 0.3656005859375 0.013641357421875 0.269256591796875
-0.431549072265625 0.2596435546875 0.0469207763671875 0.186431884765625
-0.52069091796875 -0.0186767578125001 0.084503173828125 0.1500244140625
-0.54693603515625 -0.15020751953125 0.224395751953125 0.168991088867188
-0.50164794921875 -0.165863037109375 0.295379638671875 0.383880615234375
-0.72772216796875 -0.2796630859375 0.2957763671875 0.011993408203125
-0.64434814453125 -0.16217041015625 0.205047607421875 0.23809814453125
-0.61309814453125 -0.1004638671875 0.279495239257812 0.157989501953125
-0.550872802734375 0.0568237304687499 0.234878540039063 0.0130462646484375
-0.48284912109375 0.178192138671875 0.0291824340820312 -0.104354858398437
-0.41229248046875 0.4305419921875 -0.118194580078125 0.0442886352539063
-0.2293701171875 0.5701904296875 -0.116180419921875 0.194931030273438
-0.18255615234375 0.55731201171875 -0.0314788818359375 0.236465454101563
-0.1619873046875 0.62213134765625 0.00920104980468751 0.253021240234375
-0.2559814453125 0.59442138671875 0.0211181640625 0.256927490234375
-0.42791748046875 0.457122802734375 0.0565338134765625 0.162979125976563
-0.5052490234375 0.338043212890625 0.060760498046875 0.146469116210938
-0.60919189453125 0.0291748046874999 0.0187225341796875 0.12713623046875
-0.67462158203125 -0.109130859375 0.0638427734375 0.147323608398438
-0.6561279296875 -0.16424560546875 0.11151123046875 0.294342041015625
-0.790771484375 -0.287841796875 0.0783996582031249 -0.0940704345703125
-0.69696044921875 -0.1639404296875 0.0685272216796874 0.162689208984375
-0.654052734375 -0.130615234375 0.251007080078125 0.088470458984375
-0.61175537109375 0.0209960937499999 0.239028930664063 -0.059478759765625
-0.5531005859375 0.165985107421875 0.0931243896484375 -0.184860229492188
-0.487548828125 0.45953369140625 -0.0342559814453125 -0.115829467773437
-0.279052734375 0.60894775390625 -0.0682868957519531 -0.0321769714355469
-0.2177734375 0.5909423828125 -0.0178508758544922 0.0058994293212891
-0.1937255859375 0.66217041015625 0.0102825164794922 0.0276660919189454
-0.28082275390625 0.61529541015625 0.0454673767089844 0.0662879943847657
-0.441436767578125 0.45672607421875 0.07476806640625 0.051727294921875
-0.490386962890625 0.345245361328125 0.0474624633789062 0.103584289550781
-0.594970703125 0.06640625 -0.0750198364257813 0.106796264648438
-0.69537353515625 -0.0525512695312501 -0.121749877929688 0.126014709472656
-0.71722412109375 -0.1383056640625 -0.102813720703125 0.195724487304688
-0.719970703125 -0.2357177734375 -0.138931274414063 -0.215423583984375
-0.611572265625 -0.13641357421875 -0.0801162719726563 0.0458526611328125
-0.5684814453125 -0.14276123046875 0.1778564453125 0.00686645507812499
-0.56103515625 -0.0221252441406251 0.217666625976562 -0.128860473632813
-0.524169921875 0.129608154296875 0.15167236328125 -0.2547607421875
-0.474822998046875 0.42205810546875 0.0548858642578125 -0.27740478515625
-0.279449462890625 0.558258056640625 -0.01348876953125 -0.265289306640625
-0.220428466796875 0.535430908203125 0.00218200683593751 -0.226242065429688
-0.20867919921875 0.59661865234375 0.0192108154296875 -0.188568115234375
-0.277130126953125 0.527740478515625 0.067138671875 -0.107925415039062
-0.398712158203125 0.364654541015625 0.0795364379882812 -0.0363082885742187
-0.40545654296875 0.275238037109375 0.00921249389648436 0.0648193359375
-0.489959716796875 0.074737548828125 -0.175689697265625 0.0703887939453125
-0.6170654296875 -0.00347900390624999 -0.289642333984375 0.085052490234375
-0.6756591796875 -0.10467529296875 -0.30963134765625 0.0917053222656251
-0.53662109375 -0.135345458984375 -0.31988525390625 -0.323455810546875
-0.422821044921875 -0.0773925781249999 -0.215087890625 -0.0753173828125
-0.382720947265625 -0.1168212890625 0.0798492431640625 -0.06060791015625
-0.4072265625 -0.0473327636718749 0.17840576171875 -0.17706298828125
-0.39794921875 0.08074951171875 0.18975830078125 -0.306427001953125
-0.37469482421875 0.320404052734375 0.121124267578125 -0.418487548828125
-0.231201171875 0.422119140625 0.0285949707031249 -0.4697265625
-0.188018798828125 0.40277099609375 0.020294189453125 -0.424652099609375
-0.1937255859375 0.4427490234375 0.04205322265625 -0.362152099609375
-0.23870849609375 0.361968994140625 0.09906005859375 -0.233261108398437
-0.304656982421875 0.21551513671875 0.0771255493164062 -0.0859451293945312
-0.27197265625 0.168243408203125 -0.0441665649414063 0.0275993347167969
-0.328826904296875 0.0697937011718751 -0.259628295898438 0.00482177734374998
-0.469390869140625 0.031005859375 -0.4091796875 0.01123046875
-0.54522705078125 -0.06121826171875 -0.48089599609375 -0.0111083984374999
-0.2720947265625 -0.0125274658203125 -0.431610107421875 -0.38824462890625
-0.176605224609375 -0.000442504882812485 -0.306549072265625 -0.16278076171875
-0.14129638671875 -0.0567169189453125 -0.00989532470703125 -0.0984573364257813
-0.179931640625 -0.05389404296875 0.132766723632812 -0.206405639648438
-0.200424194335938 0.0167694091796875 0.19287109375 -0.336517333984375
-0.213760375976562 0.158905029296875 0.143280029296875 -0.516937255859375
-0.14886474609375 0.215072631835938 0.04449462890625 -0.61199951171875
-0.127105712890625 0.209121704101562 0.0361328125 -0.55804443359375
-0.14471435546875 0.229019165039063 0.07672119140625 -0.470550537109375
-0.158950805664063 0.161209106445313 0.13555908203125 -0.298065185546875
-0.16937255859375 0.063262939453125 0.0664520263671875 -0.099273681640625
-0.115058898925781 0.0633621215820312 -0.100013732910156 -0.0139694213867188
-0.154037475585938 0.06488037109375 -0.30584716796875 -0.08587646484375
-0.275238037109375 0.0597381591796875 -0.463226318359375 -0.0838317871093749
-0.341644287109375 -0.00955200195312496 -0.59771728515625 -0.10089111328125
0.0186653137207031 -0.062225341796875 0.6153564453125 0.06622314453125
0.012939453125 -0.0994415283203125 0.44091796875 0.1517333984375
-0.054656982421875 -0.0560340881347656 0.266708374023438 0.102462768554688
-0.052001953125 0.0127487182617188 0.146820068359375 0.0328521728515625
-0.0289764404296875 0.0363349914550781 -0.0876922607421875 0.0588760375976563
0.0315361022949219 0.0384712219238281 -0.18255615234375 0.32794189453125
0.0539169311523438 0.0333137512207031 -0.108734130859375 0.552703857421875
0.041107177734375 0.0251693725585937 -0.026611328125 0.6007080078125
0.053375244140625 0.0185585021972656 -0.0139770507812501 0.621826171875
0.0391769409179688 0.0491561889648438 -0.10430908203125 0.55084228515625
0.00910186767578124 0.08355712890625 -0.099578857421875 0.36822509765625
-0.0523452758789063 0.073944091796875 -0.033233642578125 0.222030639648437
-0.108383178710938 0.00698089599609374 0.099639892578125 0.187591552734375
-0.0679435729980469 -0.062744140625 0.353302001953125 0.190338134765625
-0.00228118896484375 -0.0383758544921875 0.458587646484375 0.46649169921875
-0.274581909179688 -0.130691528320312 0.57806396484375 0.08502197265625
-0.227310180664063 -0.09991455078125 0.391998291015625 0.21649169921875
-0.255523681640625 -0.0445098876953125 0.270599365234375 0.163116455078125
-0.224853515625 0.0561981201171875 0.184326171875 0.063079833984375
-0.185028076171875 0.11224365234375 -0.0615997314453125 0.0236434936523438
-0.113601684570313 0.21014404296875 -0.187789916992188 0.27593994140625
-0.0312652587890625 0.2589111328125 -0.128997802734375 0.504638671875
-0.03570556640625 0.246856689453125 -0.029754638671875 0.552276611328125
-0.0308380126953125 0.267013549804688 0.00347900390625002 0.5736083984375
-0.09375 0.269439697265625 -0.05609130859375 0.51751708984375
-0.18914794921875 0.226776123046875 -0.037841796875 0.333282470703125
-0.264968872070313 0.15850830078125 0.0136871337890625 0.206069946289063
-0.335235595703125 -0.02642822265625 0.115188598632812 0.16845703125
-0.330413818359375 -0.129058837890625 0.326568603515625 0.17926025390625
-0.268661499023438 -0.11767578125 0.420867919921875 0.434906005859375
-0.536773681640625 -0.201385498046875 0.46484375 0.063751220703125
-0.462615966796875 -0.11834716796875 0.312164306640625 0.24639892578125
-0.4583740234375 -0.05322265625 0.274948120117187 0.180648803710938
-0.399078369140625 0.07672119140625 0.212066650390625 0.0563201904296875
-0.33966064453125 0.1624755859375 -0.0257129669189453 -0.0301589965820312
-0.26544189453125 0.345489501953125 -0.16900634765625 0.178680419921875
-0.12713623046875 0.445343017578125 -0.131927490234375 0.37994384765625
-0.10955810546875 0.431365966796875 -0.03192138671875 0.423614501953125
-0.09539794921875 0.478973388671875 0.01458740234375 0.44012451171875
-0.184478759765625 0.46514892578125 -0.00543212890625001 0.412384033203125
-0.3304443359375 0.368499755859375 0.02032470703125 0.256561279296875
-0.4173583984375 0.26617431640625 0.05023193359375 0.17425537109375
-0.514190673828125 -0.00411987304687504 0.089324951171875 0.142333984375
-0.542999267578125 -0.131683349609375 0.224273681640625 0.156646728515625
-0.49456787109375 -0.152008056640625 0.29888916015625 0.36663818359375
-0.71795654296875 -0.2479248046875 0.288421630859375 0.00277709960937498
-0.63360595703125 -0.1390380859375 0.203170776367188 0.228683471679688
-0.60650634765625 -0.0746459960937501 0.274398803710937 0.150772094726563
-0.5384521484375 0.0718383789062501 0.231781005859375 0.00801086425781251
-0.4693603515625 0.183013916015625 0.0244140625 -0.102470397949219
-0.39434814453125 0.432647705078125 -0.117347717285156 0.0450820922851563
-0.21087646484375 0.56304931640625 -0.111846923828125 0.195693969726563
-0.16656494140625 0.550750732421875 -0.0279083251953125 0.23260498046875
-0.1417236328125 0.6148681640625 0.012939453125 0.2474365234375
-0.2333984375 0.5892333984375 0.0275726318359375 0.248123168945313
-0.40771484375 0.46051025390625 0.0579681396484375 0.1513671875
-0.4859619140625 0.345794677734375 0.0622482299804687 0.134422302246094
-0.5989990234375 0.0457763671874999 0.0220794677734375 0.122512817382813
-0.66790771484375 -0.0862426757812501 0.0667266845703125 0.139968872070313
-0.64593505859375 -0.14544677734375 0.11859130859375 0.28338623046875
-0.783447265625 -0.25457763671875 0.072723388671875 -0.0958404541015625
-0.682861328125 -0.13995361328125 0.068695068359375 0.158584594726563
-0.64764404296875 -0.10247802734375 0.243133544921875 0.0824127197265625
-0.5985107421875 0.03839111328125 0.231613159179687 -0.0635833740234375
-0.537017822265625 0.17315673828125 0.08367919921875 -0.181533813476563
-0.467498779296875 0.4619140625 -0.040191650390625 -0.113288879394531
-0.26068115234375 0.6043701171875 -0.0695114135742188 -0.0289192199707031
-0.2027587890625 0.583984375 -0.0176410675048828 0.00598144531250004
-0.17364501953125 0.65582275390625 0.00888442993164061 0.0268363952636719
-0.2572021484375 0.611083984375 0.046173095703125 0.0622062683105469
-0.420318603515625 0.46063232421875 0.0734634399414062 0.0433807373046875
-0.471405029296875 0.352386474609375 0.0463104248046875 0.0933761596679688
-0.5826416015625 0.0805664062500001 -0.0720748901367188 0.10626220703125
-0.6837158203125 -0.0274658203124999 -0.115036010742188 0.124755859375
-0.70306396484375 -0.11639404296875 -0.092529296875 0.190811157226563
-0.71282958984375 -0.205322265625 -0.142852783203125 -0.2099609375
-0.5989990234375 -0.11431884765625 -0.0796279907226563 0.047332763671875
-0.56256103515625 -0.12005615234375 0.168838500976562 0.00215148925781249
-0.55352783203125 -0.00662231445312509 0.207473754882813 -0.130020141601563
-0.513824462890625 0.13543701171875 0.139190673828125 -0.250534057617188
-0.457794189453125 0.427642822265625 0.0433502197265625 -0.272384643554687
-0.26055908203125 0.55328369140625 -0.01995849609375 -0.259323120117187
-0.206787109375 0.531158447265625 -0.003143310546875 -0.222015380859375
-0.19122314453125 0.59033203125 0.0129547119140625 -0.184799194335937
-0.256011962890625 0.5242919921875 0.0636062622070313 -0.107406616210937
-0.381622314453125 0.36639404296875 0.0762100219726562 -0.0422515869140625
-0.388580322265625 0.279571533203125 0.00714874267578123 0.0569877624511719
-0.47613525390625 0.0882568359374999 -0.173355102539063 0.074127197265625
-0.6060791015625 0.0194702148437501 -0.280364990234375 0.0893859863281249
-0.66241455078125 -0.0814819335937499 -0.297332763671875 0.094635009765625
-0.52935791015625 -0.113037109375 -0.32135009765625 -0.3111572265625
-0.413604736328125 -0.063720703125 -0.214859008789063 -0.0677947998046875
-0.380645751953125 -0.1014404296875 0.0709304809570312 -0.061676025390625
-0.401947021484375 -0.0353698730468749 0.166534423828125 -0.175369262695313
-0.3897705078125 0.086639404296875 0.176300048828125 -0.29998779296875
-0.362030029296875 0.32403564453125 0.107147216796875 -0.410430908203125
-0.216094970703125 0.419952392578125 0.0174560546874999 -0.461212158203125
-0.17822265625 0.400360107421875 0.011749267578125 -0.41876220703125
-0.179229736328125 0.439727783203125 0.03265380859375 -0.355255126953125
-0.223358154296875 0.36199951171875 0.0911712646484375 -0.230255126953125
-0.293701171875 0.219268798828125 0.071929931640625 -0.089019775390625
-0.25946044921875 0.170547485351563 -0.046539306640625 0.0232429504394531
-0.32012939453125 0.079864501953125 -0.256988525390625 0.0114288330078125
-0.45880126953125 0.04974365234375 -0.396697998046875 0.019866943359375
-0.533050537109375 -0.0427246093749999 -0.466552734375 -0.001434326171875
-0.267898559570313 -0.00254821777343753 -0.434173583984375 -0.3736572265625
-0.171722412109375 0.00445556640625 -0.306549072265625 -0.15185546875
-0.14129638671875 -0.0508575439453125 -0.0178680419921875 -0.0958023071289062
-0.179733276367188 -0.0477447509765625 0.119659423828125 -0.202194213867188
-0.197372436523438 0.019989013671875 0.178741455078125 -0.329559326171875
-0.208633422851563 0.162445068359375 0.127227783203125 -0.5074462890625
-0.14093017578125 0.21539306640625 0.03045654296875 -0.6007080078125
-0.12109375 0.209426879882813 0.023468017578125 -0.55194091796875
-0.137741088867188 0.228347778320313 0.065032958984375 -0.461944580078125
-0.152328491210938 0.161239624023437 0.12567138671875 -0.293731689453125
-0.164718627929687 0.066131591796875 0.060760498046875 -0.0999374389648438
-0.108863830566406 0.0635757446289063 -0.1024169921875 -0.0141983032226563
-0.14801025390625 0.0699005126953125 -0.30462646484375 -0.0768737792968751
-0.267486572265625 0.0712432861328125 -0.4515380859375 -0.0700073242187501
-0.33331298828125 0.00250244140625004 -0.58514404296875 -0.0868530273437501
0.0194892883300781 -0.0629158020019531 0.61749267578125 0.0557861328125
0.010284423828125 -0.101470947265625 0.440093994140625 0.14794921875
-0.05633544921875 -0.055816650390625 0.269805908203125 0.10589599609375
-0.052093505859375 0.0130195617675781 0.152313232421875 0.0318145751953125
-0.029296875 0.0386161804199219 -0.0847244262695313 0.0598297119140625
0.0327949523925781 0.0380744934082031 -0.1766357421875 0.331298828125
0.0546798706054688 0.0313758850097656 -0.100830078125 0.559112548828125
0.0438308715820313 0.0232467651367188 -0.0218505859375 0.60540771484375
0.0558357238769531 0.0168266296386719 -0.00616455078124998 0.62298583984375
0.0420875549316406 0.0474586486816406 -0.0958251953125 0.54913330078125
0.0127944946289063 0.0840377807617188 -0.09326171875 0.365966796875
-0.0518569946289063 0.07647705078125 -0.026153564453125 0.21875
-0.108749389648437 0.00904083251953124 0.111968994140625 0.183578491210938
-0.0708389282226563 -0.0644454956054688 0.359893798828125 0.18218994140625
-0.00401687622070312 -0.0415229797363281 0.468231201171875 0.461761474609375
-0.275161743164063 -0.1240234375 0.58111572265625 0.07586669921875
-0.229278564453125 -0.0954437255859375 0.39227294921875 0.2127685546875
-0.257568359375 -0.0364227294921875 0.274261474609375 0.166778564453125
-0.224838256835938 0.0615234375 0.190353393554688 0.0615997314453125
-0.18450927734375 0.116455078125 -0.0607185363769531 0.0242805480957031
-0.108657836914062 0.214324951171875 -0.184417724609375 0.279556274414063
-0.02728271484375 0.260162353515625 -0.12298583984375 0.51129150390625
-0.0311126708984375 0.247573852539063 -0.02581787109375 0.559112548828125
-0.0246429443359375 0.26959228515625 0.00964355468749997 0.5750732421875
-0.08758544921875 0.272125244140625 -0.048065185546875 0.516265869140625
-0.184478759765625 0.23211669921875 -0.03363037109375 0.32867431640625
-0.265029907226562 0.165084838867188 0.0190887451171875 0.200592041015625
-0.33868408203125 -0.0199584960937501 0.124725341796875 0.163894653320313
-0.336334228515625 -0.12322998046875 0.33197021484375 0.171722412109375
-0.273422241210938 -0.115951538085937 0.430694580078125 0.42999267578125
-0.540679931640625 -0.188690185546875 0.464752197265625 0.0556640625
-0.46368408203125 -0.1090087890625 0.314056396484375 0.243072509765625
-0.461578369140625 -0.03704833984375 0.276809692382813 0.18310546875
-0.399139404296875 0.0868835449218751 0.21710205078125 0.0544891357421875
-0.339996337890625 0.168548583984375 -0.0261020660400391 -0.0298290252685547
-0.25994873046875 0.35205078125 -0.168212890625 0.182113647460938
-0.120941162109375 0.448944091796875 -0.128021240234375 0.38702392578125
-0.102508544921875 0.435699462890625 -0.0282897949218751 0.4293212890625
-0.0855102539062501 0.484466552734375 0.0172119140625 0.44293212890625
-0.173126220703125 0.472198486328125 0.000915527343749985 0.40911865234375
-0.32403564453125 0.37811279296875 0.0228118896484375 0.250732421875
-0.41485595703125 0.276092529296875 0.052734375 0.168075561523438
-0.519378662109375 0.00643920898437508 0.0950927734375 0.138633728027344
-0.552093505859375 -0.1181640625 0.229049682617187 0.150146484375
-0.49908447265625 -0.146514892578125 0.30859375 0.3626708984375
-0.72625732421875 -0.2318115234375 0.287811279296875 -0.00357055664062501
-0.63653564453125 -0.125 0.203582763671875 0.228042602539063
-0.6126708984375 -0.0553588867187499 0.274932861328125 0.151504516601563
-0.54083251953125 0.0852966308593751 0.234283447265625 0.00602722167968751
-0.46990966796875 0.19012451171875 0.0208740234375 -0.102920532226562
-0.390380859375 0.443084716796875 -0.120018005371094 0.047088623046875
-0.2034912109375 0.5704345703125 -0.111007690429688 0.200668334960938
-0.1597900390625 0.556671142578125 -0.0263519287109375 0.236068725585938
-0.1309814453125 0.6221923828125 0.013580322265625 0.24957275390625
-0.22113037109375 0.5968017578125 0.0311279296875 0.245880126953125
-0.40069580078125 0.473114013671875 0.0583343505859375 0.144607543945313
-0.4818115234375 0.357574462890625 0.06207275390625 0.126258850097656
-0.6048583984375 0.0583496093750001 0.0249710083007812 0.120986938476563
-0.67572021484375 -0.0689697265625001 0.0693359374999999 0.137161254882813
-0.65093994140625 -0.13653564453125 0.12701416015625 0.280792236328125
-0.79156494140625 -0.236083984375 0.0693740844726562 -0.100006103515625
-0.6859130859375 -0.12371826171875 0.068084716796875 0.15936279296875
-0.6541748046875 -0.0819702148437501 0.240341186523437 0.081787109375
-0.60235595703125 0.05169677734375 0.230560302734375 -0.066162109375
-0.539306640625 0.17962646484375 0.078277587890625 -0.181625366210938
-0.463897705078125 0.473968505859375 -0.045928955078125 -0.112091064453125
-0.25274658203125 0.6131591796875 -0.0721359252929688 -0.0254364013671875
-0.19512939453125 0.592529296875 -0.0185394287109375 0.00807380676269535
-0.16424560546875 0.6634521484375 0.00725936889648437 0.0276908874511719
-0.2454833984375 0.6187744140625 0.046966552734375 0.0598640441894532
-0.4151611328125 0.47296142578125 0.0714874267578125 0.0345382690429688
-0.4671630859375 0.36199951171875 0.0444259643554687 0.0863418579101563
-0.58642578125 0.0943603515625001 -0.0721282958984375 0.108245849609375
-0.6878662109375 -0.00756835937499994 -0.11224365234375 0.125137329101563
-0.70660400390625 -0.10406494140625 -0.0862426757812501 0.190841674804688
-0.7193603515625 -0.18841552734375 -0.148818969726563 -0.211715698242188
-0.59954833984375 -0.10040283203125 -0.0833206176757813 0.051483154296875
-0.5684814453125 -0.10174560546875 0.162857055664062 0.000366210937499994
-0.556976318359375 0.00500488281250009 0.202438354492187 -0.132339477539063
-0.5159912109375 0.1414794921875 0.133651733398437 -0.250320434570313
-0.457183837890625 0.43841552734375 0.0376129150390625 -0.271743774414063
-0.25482177734375 0.56378173828125 -0.02447509765625 -0.259140014648437
-0.20123291015625 0.539398193359375 -0.00566101074218752 -0.223159790039063
-0.1829833984375 0.59844970703125 0.00944519042968749 -0.18634033203125
-0.2464599609375 0.531097412109375 0.0618515014648437 -0.110069274902344
-0.377197265625 0.375946044921875 0.0723724365234375 -0.0495758056640625
-0.38287353515625 0.288360595703125 0.0036506652832031 0.0516929626464844
-0.47625732421875 0.10052490234375 -0.175277709960938 0.0780181884765625
-0.6090087890625 0.0376586914062501 -0.27691650390625 0.09197998046875
-0.66448974609375 -0.0695800781250001 -0.29376220703125 0.0963439941406251
-0.53387451171875 -0.099334716796875 -0.330352783203125 -0.3111572265625
-0.414459228515625 -0.0546569824218749 -0.220428466796875 -0.06341552734375
-0.384674072265625 -0.090423583984375 0.0624961853027343 -0.0628166198730469
-0.408477783203125 -0.02679443359375 0.158615112304687 -0.176162719726563
-0.394317626953125 0.0898742675781251 0.169921875 -0.301025390625
-0.362579345703125 0.33514404296875 0.100189208984375 -0.412628173828125
-0.21148681640625 0.427337646484375 0.010528564453125 -0.46466064453125
-0.17437744140625 0.407745361328125 0.00646972656250002 -0.422698974609375
-0.174560546875 0.446685791015625 0.02703857421875 -0.359405517578125
-0.218719482421875 0.36505126953125 0.0878448486328125 -0.233535766601562
-0.29071044921875 0.225555419921875 0.0682296752929687 -0.0939483642578125
-0.255203247070313 0.175216674804687 -0.051910400390625 0.0200347900390625
-0.317901611328125 0.088714599609375 -0.261123657226563 0.01715087890625
-0.459014892578125 0.0657958984374999 -0.395477294921875 0.025665283203125
-0.5352783203125 -0.03179931640625 -0.466949462890625 0.00399780273437496
-0.26971435546875 0.00463867187500005 -0.443572998046875 -0.3721923828125
-0.171127319335938 0.00779724121093753 -0.313934326171875 -0.14642333984375
-0.144561767578125 -0.047271728515625 -0.0266876220703125 -0.0952301025390625
-0.184127807617187 -0.04339599609375 0.111221313476563 -0.201278686523438
-0.20037841796875 0.0213470458984375 0.174041748046875 -0.328704833984375
-0.20941162109375 0.16839599609375 0.1199951171875 -0.50726318359375
-0.139053344726562 0.22003173828125 0.0222778320312501 -0.60516357421875
-0.11932373046875 0.215072631835938 0.0166015625 -0.557373046875
-0.134765625 0.232528686523438 0.059844970703125 -0.468048095703125
-0.150558471679688 0.164031982421875 0.121337890625 -0.29705810546875
-0.165023803710937 0.0687255859375 0.0575027465820312 -0.102119445800781
-0.105484008789063 0.0648651123046875 -0.109001159667969 -0.015106201171875
-0.144424438476563 0.0760650634765625 -0.309844970703125 -0.072265625
-0.266159057617188 0.0832672119140625 -0.45135498046875 -0.066436767578125
-0.332489013671875 0.00997924804687505 -0.5875244140625 -0.0794677734375
0.0194511413574219 -0.0653572082519531 0.63275146484375 0.0382080078125
0.00605010986328125 -0.105430603027344 0.452392578125 0.140350341796875
-0.0590629577636719 -0.0553245544433594 0.28314208984375 0.107635498046875
-0.0522499084472656 0.0139999389648438 0.162673950195313 0.0287322998046875
-0.0292510986328125 0.042510986328125 -0.0825958251953125 0.0634841918945313
0.0356483459472656 0.038421630859375 -0.16888427734375 0.343292236328125
0.0566024780273438 0.0293807983398438 -0.08599853515625 0.57952880859375
0.0472145080566406 0.0200424194335938 -0.00555419921875005 0.62481689453125
0.0601234436035156 0.0146217346191406 0.00872802734374994 0.6368408203125
0.0464706420898438 0.0466957092285156 -0.0843811035156251 0.559600830078125
0.0183258056640625 0.0860214233398438 -0.08502197265625 0.37091064453125
-0.0515975952148438 0.0810623168945312 -0.015838623046875 0.218124389648438
-0.112197875976563 0.01287841796875 0.129791259765625 0.1785888671875
-0.0755615234375 -0.0656890869140625 0.377197265625 0.17010498046875
-0.00672149658203125 -0.0449333190917969 0.495452880859375 0.45928955078125
-0.283905029296875 -0.1156005859375 0.594970703125 0.05889892578125
-0.237747192382813 -0.09063720703125 0.4039306640625 0.208892822265625
-0.264495849609375 -0.02520751953125 0.287811279296875 0.170257568359375
-0.226806640625 0.0713043212890625 0.202850341796875 0.058685302734375
-0.187026977539062 0.126541137695313 -0.0593910217285156 0.0257987976074219
-0.104293823242187 0.224258422851563 -0.179443359375 0.290130615234375
-0.020538330078125 0.267669677734375 -0.1112060546875 0.531005859375
-0.023712158203125 0.254165649414063 -0.0123291015625 0.577392578125
-0.0147857666015625 0.276962280273438 0.02349853515625 0.5888671875
-0.0782470703125 0.28131103515625 -0.03546142578125 0.525848388671875
-0.179595947265625 0.244171142578125 -0.025665283203125 0.330230712890625
-0.266586303710938 0.179397583007813 0.027313232421875 0.19775390625
-0.34942626953125 -0.00744628906250001 0.140548706054687 0.158462524414063
-0.351898193359375 -0.1142578125 0.34796142578125 0.160797119140625
-0.2855224609375 -0.111114501953125 0.456817626953125 0.427337646484375
-0.557586669921875 -0.17108154296875 0.4765625 0.041595458984375
-0.47894287109375 -0.093292236328125 0.324249267578125 0.242279052734375
-0.472747802734375 -0.0155029296875001 0.289642333984375 0.186676025390625
-0.40423583984375 0.104736328125 0.228988647460937 0.0508575439453125
-0.342987060546875 0.184112548828125 -0.0272998809814453 -0.0296878814697265
-0.25518798828125 0.3720703125 -0.16815185546875 0.191207885742188
-0.110260009765625 0.46478271484375 -0.121734619140625 0.404388427734375
-0.091278076171875 0.449981689453125 -0.018310546875 0.444244384765625
-0.072418212890625 0.500335693359375 0.028564453125 0.45361328125
-0.159393310546875 0.488525390625 0.013946533203125 0.41534423828125
-0.319122314453125 0.399261474609375 0.0291290283203125 0.248092651367188
-0.41815185546875 0.299163818359375 0.057952880859375 0.162200927734375
-0.53399658203125 0.0266113281250001 0.106788635253906 0.135215759277344
-0.57244873046875 -0.099853515625 0.240219116210937 0.143295288085938
-0.51861572265625 -0.134765625 0.330810546875 0.361785888671875
-0.7501220703125 -0.2073974609375 0.292938232421875 -0.013916015625
-0.65576171875 -0.10113525390625 0.212127685546875 0.230270385742187
-0.62774658203125 -0.0258178710937499 0.2840576171875 0.152801513671875
-0.55029296875 0.109375 0.242401123046875 -0.000228881835937493
-0.478546142578125 0.209503173828125 0.0172958374023437 -0.104446411132813
-0.38592529296875 0.469268798828125 -0.12530517578125 0.0523986816406251
-0.1929931640625 0.5947265625 -0.1103515625 0.212661743164063
-0.1490478515625 0.57745361328125 -0.0205078125 0.246139526367188
-0.11395263671875 0.6441650390625 0.0190887451171875 0.256591796875
-0.2054443359375 0.6197509765625 0.038787841796875 0.247299194335938
-0.394989013671875 0.500701904296875 0.0612411499023437 0.138008117675781
-0.481903076171875 0.385009765625 0.0637283325195312 0.120651245117188
-0.61761474609375 0.082763671875 0.0309677124023437 0.121566772460938
-0.69720458984375 -0.04034423828125 0.0767898559570312 0.134574890136719
-0.6717529296875 -0.11798095703125 0.141571044921875 0.2818603515625
-0.81671142578125 -0.207275390625 0.0649337768554687 -0.106101989746094
-0.70361328125 -0.1002197265625 0.0694427490234375 0.163925170898438
-0.67254638671875 -0.0538330078125001 0.24420166015625 0.0797119140625
-0.61602783203125 0.0777587890625 0.232635498046875 -0.0733795166015625
-0.5511474609375 0.19805908203125 0.0720977783203125 -0.186508178710938
-0.463592529296875 0.50390625 -0.0540313720703125 -0.111007690429687
-0.24273681640625 0.63885498046875 -0.0757904052734375 -0.021148681640625
-0.18304443359375 0.6163330078125 -0.0180149078369141 0.0101718902587891
-0.147705078125 0.68902587890625 0.00593948364257812 0.0289287567138672
-0.228271484375 0.64227294921875 0.0486946105957031 0.0573348999023438
-0.410552978515625 0.4998779296875 0.0708160400390625 0.0265884399414063
-0.466522216796875 0.387969970703125 0.0429458618164062 0.0807342529296875
-0.59765625 0.12017822265625 -0.0706253051757813 0.112823486328125
-0.70672607421875 0.02447509765625 -0.10968017578125 0.129158020019531
-0.7259521484375 -0.0822753906249999 -0.0793304443359375 0.19500732421875
-0.7418212890625 -0.16241455078125 -0.163558959960938 -0.214370727539062
-0.61529541015625 -0.0792236328125001 -0.0887298583984375 0.05718994140625
-0.58648681640625 -0.0780639648437499 0.159561157226562 -0.0010223388671875
-0.57220458984375 0.0262451171874999 0.197998046875 -0.139556884765625
-0.528900146484375 0.160003662109375 0.12628173828125 -0.256790161132813
-0.457794189453125 0.46588134765625 0.02685546875 -0.277267456054687
-0.24603271484375 0.58966064453125 -0.0346221923828125 -0.2628173828125
-0.19146728515625 0.56378173828125 -0.0115509033203125 -0.22906494140625
-0.16790771484375 0.62335205078125 0.00270080566406251 -0.190658569335937
-0.23406982421875 0.552398681640625 0.0597305297851562 -0.116050720214844
-0.3756103515625 0.4000244140625 0.0693283081054687 -0.0582962036132812
-0.38134765625 0.30865478515625 -0.000900268554687527 0.0478630065917969
-0.483673095703125 0.122772216796875 -0.17889404296875 0.0867614746093751
-0.62103271484375 0.0688476562499999 -0.278839111328125 0.100830078125
-0.6817626953125 -0.04718017578125 -0.29510498046875 0.105316162109375
-0.5504150390625 -0.0797424316406251 -0.3524169921875 -0.309967041015625
-0.424072265625 -0.040771484375 -0.233123779296875 -0.056854248046875
-0.3973388671875 -0.0742797851562501 0.0535812377929687 -0.0643424987792969
-0.422271728515625 -0.0118408203125 0.151535034179687 -0.182022094726563
-0.404388427734375 0.103302001953125 0.163330078125 -0.306396484375
-0.364105224609375 0.3575439453125 0.08856201171875 -0.42095947265625
-0.204803466796875 0.447784423828125 -0.002655029296875 -0.476715087890625
-0.166961669921875 0.426483154296875 -0.0035400390625 -0.434600830078125
-0.1666259765625 0.46539306640625 0.016632080078125 -0.3697509765625
-0.210968017578125 0.3819580078125 0.0831146240234375 -0.241836547851562
-0.290435791015625 0.24078369140625 0.0641403198242187 -0.101776123046875
-0.252838134765625 0.186676025390625 -0.0587501525878906 0.0193634033203125
-0.31951904296875 0.1051025390625 -0.2689208984375 0.0268707275390625
-0.4656982421875 0.0917968749999999 -0.40130615234375 0.0360107421875001
-0.546661376953125 -0.0121459960937501 -0.476593017578125 0.015380859375
-0.27716064453125 0.017303466796875 -0.471282958984375 -0.37091064453125
-0.17413330078125 0.0135955810546875 -0.332427978515625 -0.1378173828125
-0.14874267578125 -0.040679931640625 -0.0386581420898438 -0.0944442749023438
-0.192123413085938 -0.037109375 0.1015625 -0.202835083007812
-0.207534790039063 0.027008056640625 0.167236328125 -0.336639404296875
-0.212890625 0.1812744140625 0.109619140625 -0.521209716796875
-0.136215209960938 0.232086181640625 0.00537109374999997 -0.6224365234375
-0.116485595703125 0.226882934570313 0.00128173828124994 -0.5762939453125
-0.132583618164063 0.244979858398438 0.047332763671875 -0.484039306640625
-0.149993896484375 0.172821044921875 0.115386962890625 -0.308349609375
-0.167282104492188 0.074981689453125 0.0522689819335937 -0.107513427734375
-0.103446960449219 0.0675277709960937 -0.118804931640625 -0.0134811401367187
-0.141387939453125 0.08642578125 -0.3232421875 -0.0649719238281251
-0.26727294921875 0.102066040039062 -0.460052490234375 -0.0552978515625
-0.339874267578125 0.02386474609375 -0.6033935546875 -0.0645141601562499
0.0182075500488281 -0.0686492919921875 0.6478271484375 0.00244140625
-0.0012664794921875 -0.110733032226563 0.4674072265625 0.1240234375
-0.0647201538085938 -0.0537796020507812 0.301910400390625 0.10162353515625
-0.053955078125 0.0171585083007812 0.174896240234375 0.020965576171875
-0.0273933410644531 0.0471000671386719 -0.0785751342773438 0.0676651000976562
0.0397109985351563 0.0367050170898438 -0.15185546875 0.360015869140625
0.0596466064453125 0.0266532897949219 -0.0533447265625 0.60174560546875
0.0502052307128906 0.0159072875976563 0.0267333984375 0.64654541015625
0.0647163391113281 0.00962448120117188 0.0400390625 0.65289306640625
0.0518150329589844 0.043426513671875 -0.05816650390625 0.57257080078125
0.0260009765625 0.0865249633789062 -0.066680908203125 0.37646484375
-0.048187255859375 0.0877456665039062 -7.62939453125104E-05 0.216552734375
-0.115379333496094 0.01983642578125 0.153030395507813 0.166915893554688
-0.0832443237304687 -0.0655593872070313 0.3984375 0.14813232421875
-0.0100021362304687 -0.0470657348632813 0.537353515625 0.442138671875
-0.29547119140625 -0.100189208984375 0.61083984375 0.02569580078125
-0.248245239257812 -0.0785675048828125 0.421630859375 0.1959228515625
-0.269775390625 -0.00770568847656252 0.309295654296875 0.166595458984375
-0.227890014648438 0.0876770019531251 0.21771240234375 0.0490875244140625
-0.18414306640625 0.141448974609375 -0.0577316284179688 0.0290946960449219
-0.09295654296875 0.2366943359375 -0.167816162109375 0.30572509765625
-0.00567626953125001 0.276153564453125 -0.082550048828125 0.554168701171875
-0.00955200195312497 0.261077880859375 0.018310546875 0.5980224609375
0.00186157226562498 0.2841796875 0.053466796875 0.60491943359375
-0.06158447265625 0.291046142578125 -0.00842285156250005 0.5347900390625
-0.168960571289062 0.2607421875 -0.0106201171875 0.3309326171875
-0.263870239257813 0.20123291015625 0.0405731201171875 0.1932373046875
-0.36029052734375 0.014129638671875 0.1610107421875 0.147048950195313
-0.36981201171875 -0.093994140625 0.367706298828125 0.138885498046875
-0.299835205078125 -0.09844970703125 0.496429443359375 0.410247802734375
-0.5789794921875 -0.13787841796875 0.488983154296875 0.015777587890625
-0.4945068359375 -0.06781005859375 0.34039306640625 0.23333740234375
-0.482177734375 0.0185546875 0.30810546875 0.183837890625
-0.40692138671875 0.13519287109375 0.242721557617187 0.0407867431640625
-0.343109130859375 0.208526611328125 -0.0282115936279297 -0.0286369323730469
-0.239227294921875 0.398284912109375 -0.163360595703125 0.205047607421875
-0.087799072265625 0.484710693359375 -0.10345458984375 0.4259033203125
-0.069122314453125 0.46759033203125 0.00659179687499998 0.462371826171875
-0.043212890625 0.51617431640625 0.050262451171875 0.46795654296875
-0.132568359375 0.50836181640625 0.0330810546875 0.421356201171875
-0.30401611328125 0.429534912109375 0.0399169921875 0.24444580078125
-0.410675048828125 0.33258056640625 0.067169189453125 0.155227661132813
-0.54638671875 0.0601806640625 0.121597290039062 0.126953125
-0.59490966796875 -0.0619506835937499 0.255584716796875 0.12841796875
-0.539947509765625 -0.1082763671875 0.3651123046875 0.349151611328125
-0.778564453125 -0.16314697265625 0.29608154296875 -0.032318115234375
-0.67437744140625 -0.063720703125 0.224014282226562 0.22845458984375
-0.64117431640625 0.0178222656249999 0.296600341796875 0.149139404296875
-0.5545654296875 0.149627685546875 0.250335693359375 -0.0111083984375
-0.478912353515625 0.24139404296875 0.0111923217773437 -0.106460571289062
-0.36895751953125 0.50616455078125 -0.128631591796875 0.0625762939453126
-0.16619873046875 0.62359619140625 -0.102249145507813 0.228271484375
-0.11944580078125 0.60235595703125 -0.00732421875000003 0.258087158203125
-0.0778198242187499 0.6689453125 0.0306243896484375 0.265548706054688
-0.17022705078125 0.64666748046875 0.0509033203125 0.248886108398438
-0.373870849609375 0.5372314453125 0.06512451171875 0.130622863769531
-0.47259521484375 0.42401123046875 0.0676116943359375 0.11285400390625
-0.63018798828125 0.12530517578125 0.0409927368164062 0.119865417480469
-0.71624755859375 0.00653076171875001 0.0877304077148437 0.130172729492188
-0.69354248046875 -0.0811767578124999 0.164993286132812 0.278305053710937
-0.8482666015625 -0.1583251953125 0.0571441650390625 -0.114181518554688
-0.72418212890625 -0.0563354492187501 0.07470703125 0.168243408203125
-0.68853759765625 -0.00506591796875003 0.2481689453125 0.0743560791015625
-0.6246337890625 0.11871337890625 0.232742309570313 -0.0843963623046875
-0.557830810546875 0.23455810546875 0.0617218017578125 -0.191635131835938
-0.44793701171875 0.546234130859375 -0.0646743774414063 -0.107200622558594
-0.214599609375 0.6732177734375 -0.0799102783203125 -0.0136795043945312
-0.15545654296875 0.645263671875 -0.016326904296875 0.0144968032836914
-0.110595703125 0.71636962890625 0.00555229187011718 0.0316123962402344
-0.1971435546875 0.67218017578125 0.051239013671875 0.0540885925292969
-0.390716552734375 0.53802490234375 0.0683059692382812 0.0160636901855469
-0.454833984375 0.425506591796875 0.0420455932617187 0.0737075805664063
-0.6043701171875 0.16204833984375 -0.064697265625 0.119071960449219
-0.720458984375 0.0751953125000001 -0.103218078613281 0.134590148925781
-0.7467041015625 -0.0415649414062501 -0.0664825439453126 0.20208740234375
-0.770263671875 -0.11578369140625 -0.183792114257813 -0.211227416992187
-0.63189697265625 -0.0436401367187499 -0.0940399169921876 0.0669174194335937
-0.60302734375 -0.03704833984375 0.153945922851562 -0.0044403076171875
-0.5850830078125 0.0654296874999999 0.191741943359375 -0.149002075195312
-0.539306640625 0.191864013671875 0.11346435546875 -0.265457153320313
-0.444976806640625 0.50970458984375 0.0106201171874999 -0.281341552734375
-0.22027587890625 0.62213134765625 -0.0485076904296875 -0.265762329101562
-0.165771484375 0.59136962890625 -0.02227783203125 -0.234024047851562
-0.137939453125 0.64959716796875 -0.00836181640624999 -0.195419311523437
-0.2056884765625 0.58026123046875 0.0533676147460938 -0.124130249023437
-0.3619384765625 0.43206787109375 0.0615386962890625 -0.0692939758300781
-0.37164306640625 0.33831787109375 -0.00501632690429689 0.0458602905273438
-0.4840087890625 0.157806396484375 -0.178817749023437 0.100418090820313
-0.626708984375 0.1168212890625 -0.277175903320313 0.115859985351563
-0.70013427734375 -0.00622558593749995 -0.2938232421875 0.121856689453125
-0.56817626953125 -0.0451660156249999 -0.3856201171875 -0.299957275390625
-0.433929443359375 -0.0142211914062499 -0.248641967773437 -0.04205322265625
-0.40966796875 -0.04852294921875 0.0412750244140625 -0.0631370544433594
-0.433349609375 0.015289306640625 0.13934326171875 -0.1881103515625
-0.41412353515625 0.1268310546875 0.14923095703125 -0.317138671875
-0.357147216796875 0.391357421875 0.068115234375 -0.43218994140625
-0.185028076171875 0.47509765625 -0.0281677246093751 -0.48760986328125
-0.14849853515625 0.449554443359375 -0.026519775390625 -0.4488525390625
-0.143707275390625 0.48974609375 -0.00366210937500004 -0.38226318359375
-0.19366455078125 0.40264892578125 0.0701904296875 -0.253952026367188
-0.28369140625 0.26385498046875 0.0543441772460937 -0.110115051269531
-0.24615478515625 0.203475952148437 -0.0661811828613281 0.0214653015136719
-0.315521240234375 0.130462646484375 -0.275787353515625 0.0434112548828125
-0.466461181640625 0.13134765625 -0.40545654296875 0.056243896484375
-0.559326171875 0.0224609375 -0.4862060546875 0.0404357910156249
-0.282867431640625 0.0372314453125001 -0.5103759765625 -0.35357666015625
-0.1773681640625 0.0243377685546875 -0.354827880859375 -0.120697021484375
-0.154510498046875 -0.0305938720703125 -0.054656982421875 -0.0894241333007813
-0.199432373046875 -0.025421142578125 0.08636474609375 -0.205657958984375
-0.215057373046875 0.03912353515625 0.15228271484375 -0.345184326171875
-0.20989990234375 0.20098876953125 0.08538818359375 -0.53509521484375
-0.127044677734375 0.248764038085938 -0.0267333984375 -0.6396484375
-0.107345581054688 0.241470336914063 -0.0284423828124999 -0.59600830078125
-0.122787475585937 0.26007080078125 0.021484375 -0.50250244140625
-0.144012451171875 0.183975219726563 0.101654052734375 -0.32281494140625
-0.16754150390625 0.0864410400390625 0.0440292358398438 -0.112632751464844
-0.098785400390625 0.0730667114257813 -0.129524230957031 -0.0063018798828125
-0.135185241699219 0.0999298095703125 -0.336578369140625 -0.048309326171875
-0.263641357421875 0.127548217773437 -0.47149658203125 -0.0351867675781249
-0.345367431640625 0.0461425781249999 -0.62115478515625 -0.0332641601562499
0.0159912109375 -0.0712356567382813 0.64971923828125 -0.04266357421875
-0.0118331909179687 -0.113395690917969 0.475189208984375 0.09832763671875
-0.0689544677734375 -0.0498161315917969 0.3182373046875 0.089019775390625
-0.0540809631347656 0.0201377868652344 0.185684204101563 0.00872802734375
-0.0238533020019531 0.0523948669433594 -0.0719985961914063 0.0716781616210938
0.0425872802734375 0.0353775024414063 -0.126556396484375 0.369781494140625
0.0628395080566406 0.022979736328125 -0.01153564453125 0.61309814453125
0.0522232055664063 0.0118026733398438 0.0716552734375 0.65301513671875
0.0675621032714844 0.00291824340820312 0.0803222656250001 0.65618896484375
0.0578117370605469 0.0381393432617188 -0.02398681640625 0.5731201171875
0.0355758666992187 0.0844497680664063 -0.04364013671875 0.37298583984375
-0.0421905517578125 0.0943756103515625 0.0177459716796875 0.205474853515625
-0.115791320800781 0.028472900390625 0.174728393554688 0.144073486328125
-0.08966064453125 -0.0624923706054688 0.413238525390625 0.113555908203125
-0.0138359069824219 -0.0487213134765625 0.57330322265625 0.404296875
-0.3001708984375 -0.0771484375 0.61346435546875 -0.0184326171875
-0.253997802734375 -0.062286376953125 0.434051513671875 0.175079345703125
-0.269210815429688 0.0141906738281249 0.328277587890625 0.154571533203125
-0.221145629882813 0.105865478515625 0.231109619140625 0.0351409912109375
-0.174713134765625 0.15692138671875 -0.0535087585449219 0.0324821472167969
-0.074371337890625 0.245513916015625 -0.1473388671875 0.3179931640625
0.01495361328125 0.278411865234375 -0.04473876953125 0.568115234375
0.00978088378906248 0.261962890625 0.06109619140625 0.6053466796875
0.02301025390625 0.2850341796875 0.09075927734375 0.6072998046875
-0.039031982421875 0.294525146484375 0.02197265625 0.53375244140625
-0.149703979492187 0.274078369140625 0.00692749023437496 0.32415771484375
-0.250198364257813 0.22357177734375 0.0535736083984375 0.181015014648438
-0.361602783203125 0.042236328125 0.178756713867187 0.124435424804688
-0.3795166015625 -0.0667114257812501 0.38079833984375 0.1083984375
-0.30841064453125 -0.0773315429687501 0.5302734375 0.37481689453125
-0.58917236328125 -0.0933227539062499 0.48980712890625 -0.018310546875
-0.49932861328125 -0.0291442871093751 0.353851318359375 0.219146728515625
-0.478240966796875 0.059600830078125 0.32598876953125 0.17340087890625
-0.396087646484375 0.168609619140625 0.253311157226563 0.0250244140625
-0.32989501953125 0.234893798828125 -0.0291252136230469 -0.0256633758544922
-0.21051025390625 0.418853759765625 -0.151138305664063 0.218795776367188
-0.053192138671875 0.496368408203125 -0.07305908203125 0.439605712890625
-0.037109375 0.47552490234375 0.040435791015625 0.469757080078125
-0.00543212890625004 0.5245361328125 0.081573486328125 0.471954345703125
-0.0948486328125 0.52008056640625 0.058868408203125 0.41571044921875
-0.273101806640625 0.45452880859375 0.0492706298828125 0.234222412109375
-0.3907470703125 0.36614990234375 0.0751800537109375 0.142501831054688
-0.545318603515625 0.1025390625 0.135040283203125 0.110649108886719
-0.6009521484375 -0.0142822265624999 0.266998291015625 0.105453491210937
-0.549530029296875 -0.068695068359375 0.394439697265625 0.32196044921875
-0.793212890625 -0.0996704101562499 0.291961669921875 -0.053741455078125
-0.6793212890625 -0.0101318359374999 0.236968994140625 0.221237182617188
-0.63427734375 0.0750732421875 0.308502197265625 0.138702392578125
-0.541778564453125 0.192962646484375 0.253509521484375 -0.025421142578125
-0.466888427734375 0.275146484375 0.00397491455078122 -0.10552978515625
-0.33465576171875 0.5372314453125 -0.127555847167969 0.0747909545898438
-0.12310791015625 0.6429443359375 -0.0870819091796875 0.241714477539063
-0.07867431640625 0.616455078125 0.0125885009765625 0.26324462890625
-0.0318603515625 0.68145751953125 0.047943115234375 0.26922607421875
-0.12451171875 0.66046142578125 0.0653228759765625 0.243362426757813
-0.33795166015625 0.569580078125 0.0666961669921875 0.118278503417969
-0.44427490234375 0.462890625 0.0707855224609375 0.101387023925781
-0.6239013671875 0.17376708984375 0.0521011352539062 0.112075805664063
-0.7169189453125 0.0670166015625 0.0977249145507812 0.1187744140625
-0.70184326171875 -0.0305786132812499 0.1893310546875 0.264236450195313
-0.861572265625 -0.0897216796875001 0.0448760986328124 -0.117538452148438
-0.72857666015625 -0.000244140624999854 0.081451416015625 0.172561645507813
-0.683349609375 0.05279541015625 0.249740600585937 0.068023681640625
-0.61602783203125 0.16748046875 0.226943969726562 -0.0958251953125
-0.54779052734375 0.27252197265625 0.0486450195312499 -0.19195556640625
-0.413330078125 0.58544921875 -0.0741119384765625 -0.0983810424804687
-0.17144775390625 0.69635009765625 -0.0796051025390625 -0.0038986206054687
-0.1124267578125 0.66180419921875 -0.0120763778686523 0.0169544219970704
-0.0608520507812499 0.73345947265625 0.00684738159179687 0.0343151092529297
-0.1480712890625 0.688720703125 0.0527305603027344 0.0485267639160157
-0.35687255859375 0.57086181640625 0.0613822937011718 0.00540161132812503
-0.424041748046875 0.46087646484375 0.0414657592773437 0.0673828125
-0.59100341796875 0.21002197265625 -0.0547332763671876 0.120986938476563
-0.71209716796875 0.1385498046875 -0.0923080444335938 0.138526916503906
-0.75299072265625 0.0130615234374998 -0.04937744140625 0.20416259765625
-0.78125 -0.0523071289062499 -0.205459594726563 -0.199417114257813
-0.63330078125 0.00616455078124999 -0.0955657958984376 0.08172607421875
-0.6026611328125 0.01190185546875 0.146881103515625 -0.0069427490234375
-0.58123779296875 0.111328125 0.178115844726562 -0.154312133789062
-0.532623291015625 0.229461669921875 0.09613037109375 -0.266189575195313
-0.413421630859375 0.546142578125 -0.0105133056640625 -0.277175903320313
-0.179931640625 0.64825439453125 -0.0665130615234375 -0.260955810546875
-0.12744140625 0.6099853515625 -0.0355224609375 -0.235977172851562
-0.09320068359375 0.66748046875 -0.023529052734375 -0.196441650390625
-0.1646728515625 0.59698486328125 0.0427398681640625 -0.128768920898437
-0.334136962890625 0.461334228515625 0.0502853393554687 -0.077667236328125
-0.348236083984375 0.364593505859375 -0.0100021362304688 0.0432662963867188
-0.470062255859375 0.198028564453125 -0.17041015625 0.111862182617187
-0.6160888671875 0.17315673828125 -0.267333984375 0.131500244140625
-0.7001953125 0.04644775390625 -0.28350830078125 0.13946533203125
-0.573974609375 0.00213623046874992 -0.412322998046875 -0.2733154296875
-0.433624267578125 0.0186462402343751 -0.259323120117188 -0.0175323486328125
-0.4100341796875 -0.015838623046875 0.0281028747558594 -0.056732177734375
-0.434539794921875 0.0488891601562501 0.122482299804687 -0.188140869140625
-0.413055419921875 0.156005859375 0.129241943359375 -0.321014404296875
-0.331329345703125 0.42041015625 0.040374755859375 -0.434661865234375
-0.15411376953125 0.495452880859375 -0.0594482421875 -0.489501953125
-0.11883544921875 0.466949462890625 -0.057891845703125 -0.452484130859375
-0.112396240234375 0.50555419921875 -0.029876708984375 -0.386260986328125
-0.165252685546875 0.418304443359375 0.05322265625 -0.260360717773438
-0.2672119140625 0.28521728515625 0.0410385131835937 -0.117271423339844
-0.228805541992188 0.22027587890625 -0.073089599609375 0.0267333984375
-0.30047607421875 0.15655517578125 -0.275436401367188 0.0624542236328125
-0.45184326171875 0.17547607421875 -0.401153564453125 0.0798034667968749
-0.55841064453125 0.065460205078125 -0.48248291015625 0.073699951171875
-0.282257080078125 0.0618286132812501 -0.54486083984375 -0.3189697265625
-0.176254272460938 0.03759765625 -0.373992919921875 -0.09136962890625
-0.155136108398438 -0.0181427001953125 -0.0698699951171875 -0.0754547119140625
-0.202377319335938 -0.00935363769531255 0.0678253173828125 -0.20111083984375
-0.218124389648437 0.0540924072265625 0.131805419921875 -0.3486328125
-0.198593139648437 0.2200927734375 0.0522460937499999 -0.5404052734375
-0.110748291015625 0.262191772460938 -0.0689697265625 -0.64520263671875
-0.09136962890625 0.252532958984375 -0.0700683593750001 -0.6038818359375
-0.10687255859375 0.27081298828125 -0.013885498046875 -0.511474609375
-0.13214111328125 0.195266723632812 0.07989501953125 -0.331390380859375
-0.16253662109375 0.097686767578125 0.03240966796875 -0.115921020507813
-0.090484619140625 0.0774383544921875 -0.138381958007813 0.00386810302734375
-0.122665405273438 0.112129211425781 -0.344146728515625 -0.026519775390625
-0.249465942382813 0.15301513671875 -0.473541259765625 -0.00857543945312499
-0.341583251953125 0.0732116699218751 -0.62628173828125 0.0100708007812499
0.01397705078125 -0.073883056640625 0.63189697265625 -0.08319091796875
-0.0214614868164063 -0.112480163574219 0.472930908203125 0.074310302734375
-0.0734710693359375 -0.0477142333984375 0.32830810546875 0.07330322265625
-0.0541572570800781 0.0228462219238281 0.193069458007812 -0.00543212890625
-0.0195732116699219 0.0576286315917969 -0.0627288818359375 0.073272705078125
0.0453414916992188 0.0337257385253906 -0.098541259765625 0.36865234375
0.0650405883789063 0.0187721252441406 0.0311279296875 0.60784912109375
0.0536308288574219 0.00435256958007813 0.1102294921875 0.643798828125
0.0683403015136719 -0.0042266845703125 0.1146240234375 0.644775390625
0.059844970703125 0.0306930541992188 0.00607299804687496 0.559844970703125
0.0396804809570312 0.0798873901367188 -0.02783203125 0.359375
-0.0351104736328125 0.0958709716796875 0.0301361083984375 0.187164306640625
-0.113990783691406 0.0359878540039063 0.188446044921875 0.1148681640625
-0.0963897705078125 -0.0580215454101562 0.41583251953125 0.07720947265625
-0.0166206359863281 -0.0472602844238281 0.59344482421875 0.3607177734375
-0.295257568359375 -0.05596923828125 0.6014404296875 -0.05596923828125
-0.252792358398438 -0.045928955078125 0.43426513671875 0.152313232421875
-0.26055908203125 0.030059814453125 0.3409423828125 0.1409912109375
-0.20806884765625 0.117523193359375 0.23876953125 0.019561767578125
-0.16363525390625 0.167800903320312 -0.0483894348144531 0.0341110229492188
-0.0566253662109375 0.248825073242188 -0.12445068359375 0.32183837890625
0.0314788818359375 0.27752685546875 -0.00769042968750005 0.565673828125
0.0245819091796875 0.256271362304688 0.0977783203125 0.60076904296875
0.0428009033203125 0.2783203125 0.122314453125 0.596923828125
-0.01983642578125 0.29107666015625 0.047821044921875 0.520050048828125
-0.129653930664063 0.278228759765625 0.01666259765625 0.31011962890625
-0.232101440429687 0.237319946289063 0.06219482421875 0.16064453125
-0.3519287109375 0.065887451171875 0.189682006835937 0.0968017578125
-0.380279541015625 -0.0408325195312501 0.383087158203125 0.073822021484375
-0.308197021484375 -0.059539794921875 0.5474853515625 0.332122802734375
-0.5784912109375 -0.0496826171874999 0.478546142578125 -0.0478515625
-0.488739013671875 0.00524902343749991 0.3597412109375 0.201202392578125
-0.4588623046875 0.090301513671875 0.337249755859375 0.15985107421875
-0.375396728515625 0.19158935546875 0.258804321289063 0.00958251953125001
-0.308135986328125 0.252716064453125 -0.0260028839111328 -0.0249691009521484
-0.179168701171875 0.42498779296875 -0.1353759765625 0.224456787109375
-0.020172119140625 0.493682861328125 -0.04595947265625 0.4420166015625
-0.00790405273437504 0.472259521484375 0.0694885253906249 0.4637451171875
0.02764892578125 0.51904296875 0.106170654296875 0.4620361328125
-0.05804443359375 0.514190673828125 0.076446533203125 0.405517578125
-0.238861083984375 0.464508056640625 0.054290771484375 0.218597412109375
-0.358306884765625 0.386505126953125 0.0764541625976562 0.124649047851563
-0.5289306640625 0.138702392578125 0.141281127929687 0.0873260498046875
-0.5892333984375 0.0291748046875 0.269943237304687 0.0775604248046875
-0.54266357421875 -0.0334167480468749 0.411163330078125 0.2877197265625
-0.7813720703125 -0.0431518554687499 0.28253173828125 -0.06982421875
-0.662841796875 0.0374755859375001 0.242477416992187 0.212890625
-0.61163330078125 0.11859130859375 0.31329345703125 0.128173828125
-0.51605224609375 0.227569580078125 0.254318237304687 -0.037689208984375
-0.441497802734375 0.298553466796875 0.000289916992187465 -0.0984573364257812
-0.293792724609375 0.552490234375 -0.121879577636719 0.0862274169921875
-0.0809326171874999 0.64404296875 -0.0676422119140625 0.25115966796875
-0.04010009765625 0.61322021484375 0.0327911376953125 0.262802124023438
0.0103759765625 0.6754150390625 0.0622100830078125 0.266448974609375
-0.07989501953125 0.6546630859375 0.0753173828125 0.234161376953125
-0.2967529296875 0.581787109375 0.0627670288085937 0.10504150390625
-0.405609130859375 0.483642578125 0.0697250366210937 0.0874710083007813
-0.5980224609375 0.2137451171875 0.0608139038085937 0.0978546142578125
-0.6934814453125 0.1201171875 0.105873107910156 0.103805541992188
-0.68768310546875 0.0152587890624999 0.205245971679687 0.244155883789063
-0.84716796875 -0.0263061523437502 0.0342864990234374 -0.117454528808594
-0.71209716796875 0.0520629882812499 0.0872039794921875 0.174758911132812
-0.6580810546875 0.0990600585937499 0.247207641601562 0.061798095703125
-0.5909423828125 0.20751953125 0.217803955078125 -0.102645874023437
-0.521942138671875 0.30059814453125 0.0370635986328125 -0.186264038085938
-0.368408203125 0.60272216796875 -0.0800247192382813 -0.0855941772460937
-0.12451171875 0.70074462890625 -0.0782394409179688 0.00708770751953131
-0.0695800781250001 0.66326904296875 -0.00733757019042969 0.0187625885009766
-0.01446533203125 0.72967529296875 0.00817108154296875 0.03564453125
-0.099609375 0.6844482421875 0.0519905090332031 0.0423812866210938
-0.31341552734375 0.586181640625 0.0511703491210937 -0.00408935546874996
-0.388702392578125 0.481964111328125 0.0381202697753906 0.0609054565429688
-0.56378173828125 0.24249267578125 -0.043914794921875 0.118316650390625
-0.6834716796875 0.1859130859375 -0.0815429687500001 0.134994506835938
-0.7333984375 0.0631103515625001 -0.0323944091796876 0.198074340820313
-0.76690673828125 0.00787353515625001 -0.220077514648438 -0.182098388671875
-0.61468505859375 0.0505981445312499 -0.0934448242187501 0.0959548950195313
-0.58294677734375 0.0551147460937501 0.138870239257812 -0.000724792480468747
-0.563232421875 0.14630126953125 0.165603637695312 -0.152603149414062
-0.51177978515625 0.25714111328125 0.077423095703125 -0.260177612304688
-0.3709716796875 0.5660400390625 -0.025299072265625 -0.262802124023437
-0.13629150390625 0.65411376953125 -0.07855224609375 -0.25042724609375
-0.08770751953125 0.61114501953125 -0.0471343994140625 -0.232452392578125
-0.0499877929687499 0.66839599609375 -0.0336151123046875 -0.1927490234375
-0.125244140625 0.59393310546875 0.0332717895507812 -0.132850646972656
-0.301239013671875 0.476287841796875 0.035919189453125 -0.0839004516601562
-0.31610107421875 0.379608154296875 -0.01153564453125 0.0401420593261719
-0.444915771484375 0.222747802734375 -0.162857055664063 0.1171875
-0.58538818359375 0.21759033203125 -0.253997802734375 0.13677978515625
-0.6834716796875 0.0910644531249999 -0.266006469726563 0.150177001953125
-0.561248779296875 0.04669189453125 -0.427459716796875 -0.239471435546875
-0.42144775390625 0.049224853515625 -0.262283325195312 0.00877380371093749
-0.398468017578125 0.011810302734375 0.01666259765625 -0.0465164184570312
-0.4208984375 0.078369140625 0.105239868164062 -0.17889404296875
-0.4031982421875 0.177520751953125 0.112518310546875 -0.314178466796875
-0.301513671875 0.43878173828125 0.01593017578125 -0.422943115234375
-0.11749267578125 0.500457763671875 -0.085357666015625 -0.4808349609375
-0.089752197265625 0.47027587890625 -0.080963134765625 -0.448883056640625
-0.0772094726562499 0.50628662109375 -0.055999755859375 -0.381134033203125
-0.1368408203125 0.42169189453125 0.0356597900390625 -0.263519287109375
-0.245758056640625 0.29766845703125 0.027587890625 -0.118484497070312
-0.209274291992188 0.230209350585938 -0.0786972045898438 0.0319442749023438
-0.278152465820312 0.173995971679688 -0.265396118164063 0.0758819580078125
-0.421234130859375 0.21063232421875 -0.38824462890625 0.0965576171875
-0.541046142578125 0.10308837890625 -0.4688720703125 0.101654052734375
-0.27447509765625 0.0867462158203125 -0.558807373046875 -0.278045654296875
-0.169509887695313 0.0491180419921875 -0.377593994140625 -0.0580139160156251
-0.1502685546875 -0.006256103515625 -0.0785140991210938 -0.0574264526367187
-0.200714111328125 0.0037841796875 0.0531158447265625 -0.186782836914063
-0.216323852539063 0.066436767578125 0.11553955078125 -0.341644287109375
-0.184310913085938 0.232955932617188 0.024993896484375 -0.529937744140625
-0.0917816162109375 0.269393920898438 -0.10504150390625 -0.6351318359375
-0.0736846923828125 0.257095336914063 -0.1053466796875 -0.59381103515625
-0.091766357421875 0.278640747070313 -0.046478271484375 -0.508453369140625
-0.116363525390625 0.197067260742188 0.056671142578125 -0.33233642578125
-0.153671264648437 0.103408813476563 0.01910400390625 -0.114151000976563
-0.0819320678710938 0.0784683227539062 -0.143386840820313 0.0151824951171875
-0.104278564453125 0.118118286132813 -0.342254638671875 -0.00918579101562503
-0.22894287109375 0.173583984375 -0.461944580078125 0.0145568847656251
-0.330169677734375 0.096405029296875 -0.612060546875 0.04913330078125
0.0147933959960937 -0.0748367309570313 0.61065673828125 -0.1065673828125
-0.0283966064453125 -0.111824035644531 0.463623046875 0.062255859375
-0.0760726928710937 -0.0456771850585938 0.3365478515625 0.064544677734375
-0.0525131225585937 0.0257720947265625 0.198013305664063 -0.013885498046875
-0.0170440673828125 0.0575637817382812 -0.0541610717773437 0.0716629028320313
0.0473556518554688 0.0317535400390625 -0.082244873046875 0.363739013671875
0.064788818359375 0.0145492553710937 0.056640625 0.60003662109375
0.0523033142089844 0.000301361083984375 0.13568115234375 0.634521484375
0.0660820007324219 -0.00891494750976563 0.13116455078125 0.6317138671875
0.0616874694824219 0.02593994140625 0.01568603515625 0.54766845703125
0.045867919921875 0.0749053955078125 -0.021392822265625 0.3424072265625
-0.0276718139648437 0.096832275390625 0.0347442626953125 0.166412353515625
-0.111923217773437 0.0391082763671875 0.194671630859375 0.085235595703125
-0.100273132324219 -0.0549850463867188 0.41278076171875 0.04937744140625
-0.0193367004394531 -0.049285888671875 0.59832763671875 0.32745361328125
-0.286041259765625 -0.04302978515625 0.5819091796875 -0.07958984375
-0.248245239257813 -0.03460693359375 0.432098388671875 0.141754150390625
-0.252487182617188 0.0402984619140625 0.35028076171875 0.132476806640625
-0.199264526367187 0.125 0.245040893554688 0.00785827636718751
-0.152023315429687 0.17242431640625 -0.0404090881347656 0.0309600830078125
-0.0420684814453125 0.245254516601563 -0.111175537109375 0.318878173828125
0.0466461181640625 0.27032470703125 0.01812744140625 0.559783935546875
0.0355377197265625 0.250015258789063 0.12176513671875 0.5877685546875
0.0533447265625 0.270797729492188 0.1397705078125 0.5860595703125
-0.00582885742187502 0.282958984375 0.059661865234375 0.504425048828125
-0.112960815429687 0.278900146484375 0.019744873046875 0.293914794921875
-0.21484375 0.245086669921875 0.061279296875 0.143035888671875
-0.343292236328125 0.079437255859375 0.191757202148437 0.0713958740234375
-0.371917724609375 -0.022674560546875 0.37725830078125 0.047576904296875
-0.30096435546875 -0.044677734375 0.552459716796875 0.300506591796875
-0.56268310546875 -0.02178955078125 0.465423583984375 -0.06805419921875
-0.474639892578125 0.026092529296875 0.35675048828125 0.195526123046875
-0.4381103515625 0.111236572265625 0.345245361328125 0.15576171875
-0.3531494140625 0.2059326171875 0.262802124023438 0.000930786132812512
-0.293609619140625 0.25958251953125 -0.0227947235107422 -0.02301025390625
-0.15423583984375 0.42645263671875 -0.125518798828125 0.228103637695313
0.00143432617187495 0.48883056640625 -0.024169921875 0.44287109375
0.012725830078125 0.462127685546875 0.09063720703125 0.4569091796875
0.0485534667968751 0.50836181640625 0.119903564453125 0.45574951171875
-0.037567138671875 0.50372314453125 0.084228515625 0.39068603515625
-0.21490478515625 0.466827392578125 0.049163818359375 0.204971313476563
-0.333953857421875 0.39617919921875 0.073516845703125 0.11053466796875
-0.510833740234375 0.158294677734375 0.142837524414062 0.0666961669921875
-0.57415771484375 0.0566406249999999 0.267013549804687 0.058563232421875
-0.529754638671875 -0.0101013183593751 0.41534423828125 0.26123046875
-0.75946044921875 -0.00354003906249984 0.2711181640625 -0.080078125
-0.64251708984375 0.0679321289062499 0.244400024414063 0.2115478515625
-0.5823974609375 0.144287109375 0.31793212890625 0.1278076171875
-0.488433837890625 0.24432373046875 0.253067016601562 -0.041229248046875
-0.4237060546875 0.309967041015625 -0.000396728515625028 -0.0951995849609375
-0.263519287109375 0.554351806640625 -0.114921569824219 0.0945510864257813
-0.05242919921875 0.63873291015625 -0.0552825927734375 0.253585815429688
-0.0170288085937499 0.60675048828125 0.0452728271484375 0.258270263671875
0.0383911132812501 0.66619873046875 0.071014404296875 0.263336181640625
-0.052490234375 0.64263916015625 0.076171875 0.225540161132813
-0.26519775390625 0.58465576171875 0.0531082153320312 0.0957794189453125
-0.377532958984375 0.49212646484375 0.0634536743164062 0.0769119262695313
-0.57421875 0.23419189453125 0.0632171630859375 0.0842437744140625
-0.66845703125 0.149169921875 0.107009887695312 0.0895309448242188
-0.670166015625 0.0410156249999999 0.213760375976562 0.224014282226563
-0.8251953125 0.0201416015625001 0.0255508422851562 -0.115470886230469
-0.685302734375 0.0867919921875001 0.090667724609375 0.1798095703125
-0.62872314453125 0.1297607421875 0.24639892578125 0.067596435546875
-0.56365966796875 0.22747802734375 0.213455200195312 -0.10089111328125
-0.5057373046875 0.313812255859375 0.0327301025390625 -0.178359985351562
-0.33636474609375 0.6112060546875 -0.0785369873046875 -0.073944091796875
-0.0921630859375 0.69873046875 -0.07147216796875 0.013946533203125
-0.0442504882812501 0.65814208984375 -0.003509521484375 0.0178947448730469
0.0129394531249999 0.72052001953125 0.00943374633789063 0.0370597839355469
-0.0706176757812499 0.67413330078125 0.0475540161132813 0.0389938354492188
-0.284912109375 0.5894775390625 0.0385780334472656 -0.00799179077148434
-0.35791015625 0.486663818359375 0.0298347473144531 0.053497314453125
-0.53472900390625 0.263580322265625 -0.0395431518554688 0.109222412109375
-0.6527099609375 0.21856689453125 -0.0730514526367188 0.126663208007813
-0.71258544921875 0.0913085937499999 -0.022125244140625 0.189651489257813
-0.74560546875 0.0477905273437499 -0.2236328125 -0.1671142578125
-0.593017578125 0.0781860351562499 -0.0894088745117188 0.109100341796875
-0.55621337890625 0.0788269042968749 0.133995056152344 0.00787353515625001
-0.538848876953125 0.1673583984375 0.154830932617187 -0.145263671875
-0.499267578125 0.27252197265625 0.0739288330078125 -0.248748779296875
-0.342529296875 0.576416015625 -0.02972412109375 -0.2520751953125
-0.10888671875 0.65106201171875 -0.0832061767578125 -0.240875244140625
-0.0621337890624999 0.60968017578125 -0.0534210205078125 -0.22894287109375
-0.02294921875 0.663330078125 -0.0426483154296875 -0.18658447265625
-0.0994873046875 0.58807373046875 0.0234298706054687 -0.132156372070312
-0.274810791015625 0.47906494140625 0.0237045288085937 -0.08428955078125
-0.29364013671875 0.380706787109375 -0.0209465026855469 0.0423660278320313
-0.417877197265625 0.236724853515625 -0.154190063476563 0.116729736328125
-0.550262451171875 0.241668701171875 -0.243133544921875 0.136871337890625
-0.66015625 0.11871337890625 -0.253875732421875 0.153823852539062
-0.54412841796875 0.0802307128906249 -0.431640625 -0.2164306640625
-0.404998779296875 0.068145751953125 -0.259262084960938 0.0284576416015625
-0.383270263671875 0.0306396484374999 0.00986671447753904 -0.0288944244384766
-0.4085693359375 0.0931396484375 0.09466552734375 -0.166000366210938
-0.39208984375 0.1915283203125 0.102813720703125 -0.301971435546875
-0.279937744140625 0.446685791015625 0.00653076171874997 -0.4100341796875
-0.098663330078125 0.4996337890625 -0.10076904296875 -0.46673583984375
-0.071075439453125 0.468505859375 -0.0963134765625 -0.441986083984375
-0.056243896484375 0.50628662109375 -0.068939208984375 -0.37554931640625
-0.119598388671875 0.41387939453125 0.0217742919921875 -0.25958251953125
-0.22857666015625 0.29986572265625 0.0163650512695312 -0.114082336425781
-0.19195556640625 0.227264404296875 -0.0818252563476563 0.0354690551757813
-0.255691528320312 0.183135986328125 -0.262115478515625 0.08135986328125
-0.39453125 0.227081298828125 -0.37506103515625 0.10223388671875
-0.523590087890625 0.12640380859375 -0.45257568359375 0.111907958984375
-0.261810302734375 0.101119995117188 -0.56585693359375 -0.247802734375
-0.16217041015625 0.0565032958984375 -0.37640380859375 -0.031463623046875
-0.143356323242188 0.00190734863281248 -0.086029052734375 -0.037139892578125
-0.196319580078125 0.01287841796875 0.04376220703125 -0.169586181640625
-0.211822509765625 0.073028564453125 0.105377197265625 -0.3262939453125
-0.170486450195312 0.237350463867188 0.01177978515625 -0.515869140625
-0.0810089111328125 0.27008056640625 -0.12567138671875 -0.62249755859375
-0.0624542236328125 0.257064819335937 -0.12969970703125 -0.589111328125
-0.0774993896484375 0.279052734375 -0.0672607421875 -0.498931884765625
-0.108566284179687 0.19842529296875 0.04302978515625 -0.32781982421875
-0.14599609375 0.107025146484375 0.0108108520507812 -0.1087646484375
-0.073638916015625 0.075714111328125 -0.148818969726563 0.0244903564453125
-0.0890579223632812 0.119880676269531 -0.3421630859375 0.00173950195312495
-0.207061767578125 0.182830810546875 -0.453094482421875 0.0197753906249999
-0.316009521484375 0.111175537109375 -0.59832763671875 0.0682983398437501
0.0157852172851563 -0.0795059204101562 0.59881591796875 -0.12054443359375
-0.03558349609375 -0.11181640625 0.463714599609375 0.06158447265625
-0.0806045532226563 -0.044219970703125 0.350830078125 0.059783935546875
-0.0550270080566406 0.0274696350097656 0.208160400390625 -0.0243377685546875
-0.0152206420898438 0.0614356994628906 -0.0481185913085938 0.0676536560058594
0.0508193969726563 0.0312919616699219 -0.0728759765625 0.360748291015625
0.0673294067382813 0.0125617980957031 0.07562255859375 0.59808349609375
0.0525588989257813 -0.0031890869140625 0.154541015625 0.63250732421875
0.0663032531738281 -0.0143928527832031 0.14239501953125 0.63385009765625
0.0615730285644531 0.0215530395507813 0.016693115234375 0.544586181640625
0.0485458374023437 0.072357177734375 -0.02716064453125 0.3319091796875
-0.02423095703125 0.0990142822265625 0.0304718017578125 0.146514892578125
-0.110755920410156 0.0426788330078125 0.194564819335938 0.05743408203125
-0.105560302734375 -0.0543441772460938 0.410003662109375 0.027252197265625
-0.0205574035644531 -0.0516929626464844 0.606201171875 0.30517578125
-0.27935791015625 -0.0365142822265625 0.57135009765625 -0.09368896484375
-0.24822998046875 -0.029632568359375 0.43359375 0.142547607421875
-0.24786376953125 0.0450439453125 0.366363525390625 0.130218505859375
-0.193435668945312 0.129974365234375 0.256668090820313 -0.00270080566406249
-0.146881103515625 0.176101684570313 -0.0335559844970703 0.0278091430664063
-0.0325775146484375 0.246856689453125 -0.10101318359375 0.318023681640625
0.0548095703125 0.268783569335938 0.03564453125 0.562744140625
0.0417633056640625 0.248199462890625 0.13946533203125 0.5894775390625
0.05938720703125 0.26763916015625 0.1502685546875 0.58941650390625
0.000778198242187517 0.27789306640625 0.058837890625 0.502685546875
-0.105056762695312 0.279693603515625 0.011566162109375 0.28387451171875
-0.205413818359375 0.249603271484375 0.0548629760742187 0.1253662109375
-0.339202880859375 0.088134765625 0.1893310546875 0.0453643798828125
-0.37005615234375 -0.0114135742187501 0.374755859375 0.02703857421875
-0.298980712890625 -0.038482666015625 0.559295654296875 0.27911376953125
-0.5516357421875 -0.00402832031249999 0.455108642578125 -0.080780029296875
-0.46722412109375 0.0399169921875 0.36212158203125 0.1998291015625
-0.426788330078125 0.120819091796875 0.359954833984375 0.155548095703125
-0.33990478515625 0.21392822265625 0.274032592773437 -0.00624084472656249
-0.28582763671875 0.263885498046875 -0.0173263549804688 -0.0246238708496094
-0.140106201171875 0.4288330078125 -0.11651611328125 0.231964111328125
0.016510009765625 0.489532470703125 -0.00814819335937503 0.447662353515625
0.022735595703125 0.463134765625 0.10577392578125 0.45867919921875
0.0622558593749999 0.507476806640625 0.128692626953125 0.457733154296875
-0.0244140625 0.500640869140625 0.083526611328125 0.389678955078125
-0.2010498046875 0.471527099609375 0.0390472412109375 0.19854736328125
-0.319854736328125 0.40350341796875 0.0648956298828125 0.0968170166015625
-0.501373291015625 0.1708984375 0.142196655273438 0.0455780029296875
-0.56292724609375 0.07427978515625 0.264923095703125 0.0408172607421875
-0.52264404296875 0.00216674804687508 0.42169189453125 0.24346923828125
-0.7452392578125 0.0234985351562501 0.264511108398437 -0.0864410400390625
-0.62933349609375 0.0870971679687499 0.249832153320312 0.21728515625
-0.56488037109375 0.1595458984375 0.327911376953125 0.1322021484375
-0.471893310546875 0.256561279296875 0.259323120117187 -0.0443878173828125
-0.414825439453125 0.315582275390625 0.00431060791015622 -0.0945892333984375
-0.24566650390625 0.5584716796875 -0.108955383300781 0.101554870605469
-0.03424072265625 0.6422119140625 -0.0422821044921875 0.259109497070313
-0.00152587890625005 0.607421875 0.0567779541015625 0.257858276367188
0.05548095703125 0.6673583984375 0.0765838623046875 0.2655029296875
-0.035400390625 0.6409912109375 0.0741729736328125 0.223037719726563
-0.24957275390625 0.5931396484375 0.0406723022460938 0.0915985107421875
-0.35931396484375 0.499908447265625 0.0531501770019531 0.0682830810546875
-0.56048583984375 0.2474365234375 0.0615386962890625 0.0676803588867188
-0.652587890625 0.16839599609375 0.105865478515625 0.0764389038085938
-0.65972900390625 0.0594482421874999 0.2196044921875 0.2125244140625
-0.8089599609375 0.05218505859375 0.0206756591796875 -0.116096496582031
-0.66864013671875 0.10687255859375 0.0946197509765624 0.189407348632813
-0.6083984375 0.144775390625 0.251296997070312 0.0761566162109375
-0.5467529296875 0.24072265625 0.21514892578125 -0.095855712890625
-0.498046875 0.323516845703125 0.035186767578125 -0.172653198242187
-0.32000732421875 0.61688232421875 -0.0750808715820313 -0.06524658203125
-0.0722045898437501 0.70318603515625 -0.0654296875 0.0194511413574219
-0.02716064453125 0.6597900390625 0.00126171112060547 0.0159997940063477
0.0338745117187499 0.72454833984375 0.0101127624511719 0.0391654968261719
-0.0549926757812501 0.67340087890625 0.042510986328125 0.03778076171875
-0.2674560546875 0.59576416015625 0.0255355834960937 -0.0106525421142578
-0.3414306640625 0.492156982421875 0.0204391479492187 0.0487823486328125
-0.517669677734375 0.275054931640625 -0.04071044921875 0.0990753173828125
-0.6295166015625 0.2369384765625 -0.071868896484375 0.117393493652344
-0.70062255859375 0.10919189453125 -0.015380859375 0.183700561523438
-0.72998046875 0.0764770507812501 -0.228439331054688 -0.1590576171875
-0.5780029296875 0.09869384765625 -0.08721923828125 0.124343872070313
-0.5399169921875 0.092315673828125 0.133338928222656 0.0208892822265625
-0.527435302734375 0.180755615234375 0.15350341796875 -0.13409423828125
-0.495880126953125 0.2818603515625 0.0735321044921875 -0.24249267578125
-0.328369140625 0.58453369140625 -0.0275115966796875 -0.244842529296875
-0.0887451171875 0.6585693359375 -0.0824432373046875 -0.236831665039062
-0.049072265625 0.614013671875 -0.05548095703125 -0.231781005859375
-0.00506591796875002 0.6688232421875 -0.047760009765625 -0.1854248046875
-0.08544921875 0.58746337890625 0.0160293579101562 -0.131446838378906
-0.261260986328125 0.4847412109375 0.01123046875 -0.0825576782226562
-0.277984619140625 0.383941650390625 -0.0286674499511719 0.0422554016113281
-0.397552490234375 0.243072509765625 -0.154617309570313 0.111984252929687
-0.527069091796875 0.259246826171875 -0.240386962890625 0.131500244140625
-0.64727783203125 0.13604736328125 -0.247634887695313 0.152908325195313
-0.529022216796875 0.102325439453125 -0.43719482421875 -0.202789306640625
-0.393890380859375 0.0820007324218749 -0.2593994140625 0.04840087890625
-0.37139892578125 0.040252685546875 0.00810146331787107 -0.0104494094848633
-0.402130126953125 0.102752685546875 0.0943450927734375 -0.149673461914063
-0.391815185546875 0.19940185546875 0.103424072265625 -0.29205322265625
-0.268585205078125 0.455108642578125 0.00909423828124999 -0.402923583984375
-0.084503173828125 0.505035400390625 -0.10723876953125 -0.465911865234375
-0.05743408203125 0.472686767578125 -0.108642578125 -0.4449462890625
-0.04510498046875 0.51336669921875 -0.079986572265625 -0.374664306640625
-0.109283447265625 0.414764404296875 0.01373291015625 -0.257797241210938
-0.221588134765625 0.302276611328125 0.00531768798828124 -0.112274169921875
-0.181716918945313 0.2257080078125 -0.0904388427734375 0.0412750244140625
-0.239120483398438 0.184585571289063 -0.264892578125 0.0825805664062501
-0.371429443359375 0.241241455078125 -0.37261962890625 0.096893310546875
-0.51226806640625 0.140167236328125 -0.446319580078125 0.117950439453125
-0.252716064453125 0.116043090820312 -0.57049560546875 -0.228271484375
-0.156036376953125 0.064239501953125 -0.380584716796875 -0.00866699218749999
-0.138893127441406 0.00598144531249997 -0.0874786376953125 -0.015350341796875
-0.193634033203125 0.017974853515625 0.0447845458984375 -0.151153564453125
-0.213531494140625 0.079315185546875 0.10845947265625 -0.3179931640625
-0.167068481445313 0.24395751953125 0.012542724609375 -0.512664794921875
-0.0714874267578125 0.27264404296875 -0.13818359375 -0.6220703125
-0.056182861328125 0.26043701171875 -0.1453857421875 -0.58917236328125
-0.07122802734375 0.2838134765625 -0.0824584960937501 -0.50048828125
-0.106353759765625 0.199630737304688 0.033966064453125 -0.3275146484375
-0.142898559570312 0.107513427734375 0.00346374511718748 -0.1029052734375
-0.0684432983398438 0.0723037719726563 -0.156265258789063 0.0336151123046875
-0.0772857666015625 0.121391296386719 -0.348876953125 0.00598144531250007
-0.190383911132812 0.191543579101563 -0.453399658203125 0.0206604003906251
-0.309844970703125 0.12298583984375 -0.588623046875 0.082763671875
0.0149917602539063 -0.088134765625 0.59564208984375 -0.13433837890625
-0.04534912109375 -0.114936828613281 0.477386474609375 0.062957763671875
-0.0886154174804688 -0.0432357788085937 0.375244140625 0.05218505859375
-0.0577621459960937 0.0316085815429688 0.223907470703125 -0.0384063720703125
-0.0127029418945312 0.0662384033203125 -0.0418205261230469 0.062652587890625
0.0562820434570312 0.0310440063476562 -0.061798095703125 0.3662109375
0.0709609985351563 0.00873565673828125 0.0986328125 0.609619140625
0.0521697998046875 -0.00745391845703125 0.177490234375 0.64666748046875
0.0666542053222656 -0.0194129943847656 0.157958984375 0.65069580078125
0.0629425048828125 0.0173416137695313 0.017791748046875 0.556549072265625
0.05340576171875 0.0703277587890625 -0.037078857421875 0.331146240234375
-0.0190505981445313 0.101287841796875 0.020965576171875 0.12969970703125
-0.113273620605469 0.0480804443359375 0.192901611328125 0.0274810791015625
-0.114707946777344 -0.0534896850585938 0.414276123046875 0.001190185546875
-0.0235366821289062 -0.0557365417480469 0.62548828125 0.2880859375
-0.27874755859375 -0.03338623046875 0.5703125 -0.110107421875
-0.253631591796875 -0.024688720703125 0.447540283203125 0.146575927734375
-0.249649047851563 0.0507659912109375 0.39404296875 0.126007080078125
-0.190765380859375 0.137908935546875 0.2744140625 -0.017059326171875
-0.143051147460938 0.183700561523438 -0.0275630950927735 0.0220317840576172
-0.022308349609375 0.251556396484375 -0.092437744140625 0.323944091796875
0.065704345703125 0.271499633789063 0.05694580078125 0.57562255859375
0.04827880859375 0.25006103515625 0.1641845703125 0.60003662109375
0.0685882568359375 0.270248413085938 0.1685791015625 0.60430908203125
0.00816345214843753 0.280136108398438 0.062225341796875 0.513153076171875
-0.09814453125 0.286041259765625 0.000183105468750025 0.284393310546875
-0.198638916015625 0.259552001953125 0.0440444946289062 0.111579895019531
-0.341033935546875 0.099334716796875 0.186233520507812 0.0174560546875
-0.375823974609375 -0.00134277343750004 0.37567138671875 0.00396728515625
-0.30181884765625 -0.0336303710937501 0.57623291015625 0.26226806640625
-0.548919677734375 0.0115051269531251 0.454803466796875 -0.09326171875
-0.468658447265625 0.0529785156250001 0.37774658203125 0.206573486328125
-0.42059326171875 0.132598876953125 0.38653564453125 0.1563720703125
-0.334716796875 0.22503662109375 0.291046142578125 -0.0179443359375
-0.283447265625 0.274505615234375 -0.011932373046875 -0.0298900604248047
-0.12701416015625 0.439544677734375 -0.109512329101563 0.238555908203125
0.03253173828125 0.49859619140625 0.011444091796875 0.45953369140625
0.03662109375 0.4722900390625 0.126312255859375 0.465728759765625
0.079315185546875 0.51837158203125 0.143218994140625 0.47210693359375
-0.01214599609375 0.50787353515625 0.08538818359375 0.3973388671875
-0.190032958984375 0.485687255859375 0.02557373046875 0.199539184570313
-0.310394287109375 0.4189453125 0.0531005859375 0.0859603881835938
-0.501556396484375 0.18768310546875 0.136817932128906 0.0230178833007813
-0.562164306640625 0.09136962890625 0.264801025390625 0.021514892578125
-0.525390625 0.0138854980468749 0.435577392578125 0.228302001953125
-0.74237060546875 0.0493164062499999 0.260696411132812 -0.0960235595703125
-0.62554931640625 0.10723876953125 0.26385498046875 0.228408813476563
-0.555511474609375 0.174652099609375 0.35107421875 0.137939453125
-0.462890625 0.269775390625 0.2742919921875 -0.0496063232421875
-0.415069580078125 0.329986572265625 0.00878143310546872 -0.0973663330078125
-0.23382568359375 0.57391357421875 -0.102294921875 0.108222961425781
-0.0120849609375 0.65911865234375 -0.028045654296875 0.269058227539063
0.0147705078125 0.6220703125 0.0708160400390625 0.2611083984375
0.07666015625 0.68157958984375 0.0848846435546875 0.273818969726563
-0.018798828125 0.65240478515625 0.0730743408203125 0.22857666015625
-0.2366943359375 0.61114501953125 0.0263748168945312 0.09234619140625
-0.347900390625 0.518463134765625 0.041534423828125 0.0616950988769532
-0.556854248046875 0.26348876953125 0.0550689697265625 0.0510673522949219
-0.6458740234375 0.19122314453125 0.103607177734375 0.062286376953125
-0.6614990234375 0.0766601562500001 0.23040771484375 0.20233154296875
-0.80426025390625 0.0823974609375001 0.0143051147460937 -0.118850708007813
-0.66241455078125 0.13055419921875 0.105209350585937 0.203140258789062
-0.59869384765625 0.15948486328125 0.266983032226563 0.0863494873046875
-0.540496826171875 0.256103515625 0.225372314453125 -0.09393310546875
-0.502777099609375 0.337249755859375 0.04058837890625 -0.172958374023437
-0.30877685546875 0.637939453125 -0.0701484680175781 -0.0605430603027343
-0.0517578125000001 0.724609375 -0.0580406188964844 0.0239410400390625
-0.00848388671875007 0.6796875 0.00575542449951172 0.0136289596557618
0.05987548828125 0.743896484375 0.0113296508789063 0.0428276062011719
-0.037109375 0.686279296875 0.0377311706542969 0.0401802062988282
-0.2564697265625 0.61572265625 0.0102577209472656 -0.00958251953124996
-0.33056640625 0.50701904296875 0.00989913940429686 0.0469207763671875
-0.51019287109375 0.288482666015625 -0.0470428466796875 0.0896530151367188
-0.61834716796875 0.25823974609375 -0.076019287109375 0.109771728515625
-0.69976806640625 0.13055419921875 -0.00906372070312504 0.180511474609375
-0.7230224609375 0.10723876953125 -0.238372802734375 -0.154953002929688
-0.572021484375 0.11895751953125 -0.0824279785156251 0.142486572265625
-0.531494140625 0.104827880859375 0.1419677734375 0.03692626953125
-0.52496337890625 0.19561767578125 0.1612548828125 -0.124603271484375
-0.503204345703125 0.2989501953125 0.07977294921875 -0.241683959960937
-0.319580078125 0.60595703125 -0.0234375 -0.242767333984375
-0.07012939453125 0.6776123046875 -0.083343505859375 -0.239776611328125
-0.03070068359375 0.63201904296875 -0.06195068359375 -0.239242553710938
0.0172119140625 0.69012451171875 -0.05548095703125 -0.187179565429687
-0.0714111328124999 0.59912109375 0.0082550048828125 -0.132713317871094
-0.25311279296875 0.500518798828125 -0.00215911865234377 -0.0810928344726562
-0.270477294921875 0.391754150390625 -0.0385513305664063 0.0453872680664063
-0.38818359375 0.253173828125 -0.162078857421875 0.110137939453125
-0.510345458984375 0.27655029296875 -0.24688720703125 0.128341674804688
-0.6463623046875 0.158935546875 -0.245437622070313 0.156951904296875
-0.5235595703125 0.12847900390625 -0.45220947265625 -0.189666748046875
-0.387481689453125 0.0976562499999999 -0.26129150390625 0.070465087890625
-0.36602783203125 0.0482482910156249 0.0124359130859375 0.0104513168334961
-0.402923583984375 0.114410400390625 0.100349426269531 -0.135757446289062
-0.399078369140625 0.21466064453125 0.111907958984375 -0.29119873046875
-0.261962890625 0.475311279296875 0.0101318359375 -0.40899658203125
-0.07073974609375 0.523406982421875 -0.11700439453125 -0.476806640625
-0.043212890625 0.48797607421875 -0.1239013671875 -0.4556884765625
-0.02874755859375 0.52935791015625 -0.095733642578125 -0.3804931640625
-0.103057861328125 0.42437744140625 0.00401306152343747 -0.2618408203125
-0.217132568359375 0.311737060546875 -0.004852294921875 -0.108352661132812
-0.176300048828125 0.227554321289063 -0.0988235473632813 0.0507659912109375
-0.22637939453125 0.1890869140625 -0.275955200195313 0.0861968994140626
-0.354339599609375 0.25518798828125 -0.383392333984375 0.097900390625
-0.50921630859375 0.15869140625 -0.447845458984375 0.129486083984375
-0.244979858398438 0.1328125 -0.58795166015625 -0.21270751953125
-0.1519775390625 0.0717926025390625 -0.38629150390625 0.016845703125
-0.134140014648438 0.00898742675781249 -0.084259033203125 0.00957489013671876
-0.195266723632813 0.0230255126953125 0.0528488159179687 -0.134498596191406
-0.219390869140625 0.08843994140625 0.117889404296875 -0.3177490234375
-0.164535522460937 0.25701904296875 0.0130615234375 -0.522918701171875
-0.06536865234375 0.282470703125 -0.15435791015625 -0.63677978515625
-0.0484466552734375 0.270233154296875 -0.16937255859375 -0.60430908203125
-0.063201904296875 0.29571533203125 -0.101715087890625 -0.5103759765625
-0.1058349609375 0.205429077148438 0.0244140625 -0.3330078125
-0.14410400390625 0.110580444335937 -0.00325775146484376 -0.0979156494140625
-0.0655746459960937 0.0692520141601563 -0.166671752929688 0.047576904296875
-0.0641555786132812 0.122215270996094 -0.36456298828125 0.0126953125
-0.175018310546875 0.201629638671875 -0.466217041015625 0.0220642089843751
-0.30572509765625 0.1375732421875 -0.59307861328125 0.0971679687500001
0.0108489990234375 -0.0976409912109375 0.59674072265625 -0.16064453125
-0.0607528686523438 -0.115371704101563 0.500518798828125 0.05438232421875
-0.0993576049804688 -0.0379486083984375 0.408935546875 0.03118896484375
-0.0603561401367188 0.0380134582519531 0.239990234375 -0.063323974609375
-0.00720977783203125 0.0719833374023438 -0.036468505859375 0.0561943054199219
0.0631141662597656 0.0290794372558594 -0.04534912109375 0.37506103515625
0.0747909545898438 0.00284576416015625 0.13665771484375 0.62396240234375
0.0516014099121094 -0.0126304626464844 0.2203369140625 0.66259765625
0.0660438537597656 -0.02691650390625 0.19293212890625 0.6744384765625
0.0650482177734375 0.0112838745117188 0.0295410156249999 0.57879638671875
0.0597648620605469 0.068145751953125 -0.04449462890625 0.3406982421875
-0.0126113891601563 0.104454040527344 0.0052337646484375 0.116012573242188
-0.115631103515625 0.0563583374023438 0.184967041015625 -0.0081787109375
-0.127288818359375 -0.0501480102539063 0.417022705078125 -0.034759521484375
-0.0289840698242187 -0.0608329772949219 0.65380859375 0.25885009765625
-0.28143310546875 -0.027496337890625 0.57208251953125 -0.134765625
-0.263137817382813 -0.0141754150390624 0.477783203125 0.143768310546875
-0.254302978515625 0.0613403320312499 0.4327392578125 0.10980224609375
-0.189453125 0.149246215820313 0.295166015625 -0.042724609375
-0.137893676757813 0.197113037109375 -0.0233936309814453 0.0128498077392578
-0.00732421874999999 0.258819580078125 -0.078399658203125 0.333740234375
0.0840606689453125 0.2750244140625 0.09405517578125 0.590576171875
0.0607147216796875 0.254470825195313 0.204833984375 0.6142578125
0.0839385986328125 0.27520751953125 0.20379638671875 0.6253662109375
0.020416259765625 0.28607177734375 0.0770263671875 0.534881591796875
-0.08624267578125 0.298797607421875 -0.00872802734374998 0.29339599609375
-0.18988037109375 0.274566650390625 0.0289306640625 0.100265502929688
-0.34527587890625 0.116790771484375 0.175384521484375 -0.0142059326171875
-0.3857421875 0.015472412109375 0.377410888671875 -0.029296875
-0.30902099609375 -0.02447509765625 0.60235595703125 0.23333740234375
-0.551849365234375 0.0343322753906249 0.45416259765625 -0.114349365234375
-0.472442626953125 0.07623291015625 0.407928466796875 0.209686279296875
-0.420257568359375 0.150848388671875 0.425994873046875 0.14593505859375
-0.32696533203125 0.2415771484375 0.313934326171875 -0.040191650390625
-0.27874755859375 0.29486083984375 -0.00753402709960939 -0.0383262634277344
-0.10675048828125 0.45599365234375 -0.0977783203125 0.249267578125
0.0637512207031251 0.512847900390625 0.042083740234375 0.474853515625
0.060028076171875 0.48577880859375 0.159912109375 0.475067138671875
0.108612060546875 0.531768798828125 0.173065185546875 0.488861083984375
0.0105285644531249 0.52178955078125 0.0982666015625 0.41180419921875
-0.172393798828125 0.509674072265625 0.0143280029296875 0.207870483398438
-0.295989990234375 0.44378662109375 0.037811279296875 0.0777664184570313
-0.501739501953125 0.211669921875 0.123970031738281 -0.00252532958984374
-0.56732177734375 0.11749267578125 0.262557983398438 -0.00393676757812499
-0.53253173828125 0.035247802734375 0.457489013671875 0.205841064453125
-0.740966796875 0.0867919921875 0.2568359375 -0.109893798828125
-0.6241455078125 0.1400146484375 0.291259765625 0.23663330078125
-0.548614501953125 0.197967529296875 0.38665771484375 0.13360595703125
-0.45477294921875 0.29241943359375 0.295166015625 -0.0653076171875
-0.415008544921875 0.356842041015625 0.0132904052734375 -0.104576110839844
-0.21136474609375 0.60150146484375 -0.0937423706054688 0.116859436035156
0.0238037109374999 0.68231201171875 -0.00732421875000003 0.278823852539063
0.0466918945312499 0.64251708984375 0.0919647216796875 0.263961791992188
0.11737060546875 0.70489501953125 0.103912353515625 0.284576416015625
0.0106201171875 0.67144775390625 0.078460693359375 0.237213134765625
-0.21356201171875 0.64044189453125 0.0120773315429687 0.100410461425781
-0.331268310546875 0.54437255859375 0.0272674560546875 0.0575675964355469
-0.554840087890625 0.291412353515625 0.0420150756835937 0.0341377258300781
-0.64154052734375 0.22100830078125 0.0985946655273437 0.047271728515625
-0.66619873046875 0.1060791015625 0.2464599609375 0.188751220703125
-0.80242919921875 0.126220703125 0.00432586669921871 -0.122573852539063
-0.656005859375 0.165771484375 0.124969482421875 0.218719482421875
-0.591796875 0.18438720703125 0.294677734375 0.091094970703125
-0.535247802734375 0.281951904296875 0.243820190429687 -0.09918212890625
-0.50799560546875 0.36993408203125 0.045623779296875 -0.179412841796875
-0.2869873046875 0.672119140625 -0.06463623046875 -0.0570068359375
-0.0145263671875001 0.75421142578125 -0.0497169494628906 0.0253448486328125
0.02496337890625 0.70281982421875 0.011113166809082 0.00919532775878911
0.1009521484375 0.77130126953125 0.0140113830566406 0.0468711853027344
-0.00701904296875005 0.70819091796875 0.0350456237792969 0.0444107055664063
-0.234619140625 0.64630126953125 -0.005918025970459 -0.00282573699951168
-0.313446044921875 0.531951904296875 -0.00314331054687502 0.0479469299316407
-0.50469970703125 0.311920166015625 -0.0596771240234375 0.0838775634765625
-0.6072998046875 0.28924560546875 -0.0835723876953126 0.1046142578125
-0.70550537109375 0.16357421875 0.000808715820312446 0.177688598632813
-0.71875 0.1490478515625 -0.25518798828125 -0.147567749023437
-0.5650634765625 0.1480712890625 -0.071533203125 0.164535522460938
-0.527130126953125 0.12408447265625 0.162109375 0.0510406494140625
-0.525054931640625 0.2186279296875 0.176727294921875 -0.12078857421875
-0.510955810546875 0.33123779296875 0.0861968994140625 -0.24798583984375
-0.30126953125 0.6434326171875 -0.02264404296875 -0.249359130859375
-0.03680419921875 0.70794677734375 -0.091217041015625 -0.247604370117187
0.00073242187500001 0.65679931640625 -0.0745697021484375 -0.250381469726562
0.05706787109375 0.71539306640625 -0.0677337646484375 -0.18914794921875
-0.04656982421875 0.62200927734375 -0.00251007080078126 -0.134025573730469
-0.237762451171875 0.5274658203125 -0.0180130004882813 -0.0756454467773437
-0.25836181640625 0.4105224609375 -0.0495719909667969 0.0522003173828125
-0.376312255859375 0.2674560546875 -0.175399780273438 0.114089965820313
-0.4930419921875 0.303009033203125 -0.258514404296875 0.13262939453125
-0.646240234375 0.1915283203125 -0.242050170898438 0.165786743164063
-0.512969970703125 0.161529541015625 -0.475067138671875 -0.1724853515625
-0.38055419921875 0.11834716796875 -0.2601318359375 0.100677490234375
-0.36260986328125 0.059234619140625 0.0266914367675781 0.0331172943115234
-0.4063720703125 0.13287353515625 0.115447998046875 -0.12493896484375
-0.407135009765625 0.242401123046875 0.119964599609375 -0.300079345703125
-0.2486572265625 0.507049560546875 0.00579833984374999 -0.423095703125
-0.0449523925781251 0.54803466796875 -0.138580322265625 -0.4913330078125
-0.019866943359375 0.509368896484375 -0.153472900390625 -0.470947265625
0.000488281250000009 0.554534912109375 -0.121063232421875 -0.38861083984375
-0.0872802734375 0.442413330078125 -0.011962890625 -0.267364501953125
-0.2115478515625 0.3294677734375 -0.016448974609375 -0.103584289550781
-0.169692993164062 0.2342529296875 -0.109115600585938 0.06494140625
-0.211288452148438 0.194198608398437 -0.292510986328125 0.0993041992187501
-0.33428955078125 0.27587890625 -0.400482177734375 0.107177734375
-0.508331298828125 0.189788818359375 -0.451019287109375 0.1484375
-0.233474731445313 0.153900146484375 -0.613525390625 -0.1868896484375
-0.145904541015625 0.082733154296875 -0.39190673828125 0.052398681640625
-0.13104248046875 0.0111007690429688 -0.0723648071289063 0.0376205444335938
-0.19873046875 0.031829833984375 0.0679702758789062 -0.121452331542969
-0.225753784179687 0.10369873046875 0.1285400390625 -0.327484130859375
-0.157546997070313 0.277816772460938 0.00210571289062498 -0.5426025390625
-0.051422119140625 0.298583984375 -0.18768310546875 -0.65716552734375
-0.0347900390625 0.2835693359375 -0.21124267578125 -0.6201171875
-0.049346923828125 0.31341552734375 -0.13555908203125 -0.523101806640625
-0.101364135742187 0.217697143554688 0.00787353515625003 -0.34088134765625
-0.145156860351563 0.117843627929687 -0.0105056762695313 -0.0906219482421875
-0.0633316040039063 0.06573486328125 -0.176300048828125 0.069091796875
-0.0483245849609375 0.121315002441406 -0.38946533203125 0.0311584472656249
-0.155029296875 0.213714599609375 -0.490234375 0.03411865234375
-0.301025390625 0.160736083984375 -0.6007080078125 0.125
0.000427246093750011 -0.107002258300781 0.58746337890625 -0.19293212890625
-0.07806396484375 -0.109649658203125 0.528228759765625 0.031463623046875
-0.110359191894531 -0.0273818969726562 0.43658447265625 -0.007568359375
-0.0603828430175781 0.0479011535644531 0.2489013671875 -0.0996856689453125
0.000259399414062493 0.076629638671875 -0.0321617126464844 0.0474433898925781
0.070648193359375 0.0231857299804688 -0.0185546875 0.377288818359375
0.0769271850585938 -0.0061798095703125 0.19091796875 0.62322998046875
0.0485382080078125 -0.0181159973144531 0.2799072265625 0.66204833984375
0.0622787475585938 -0.0350303649902344 0.250244140625 0.68438720703125
0.0650062561035156 0.00315093994140625 0.0601806640625001 0.59942626953125
0.0672950744628906 0.0617713928222656 -0.0462646484375 0.356201171875
-0.0035552978515625 0.105766296386719 -0.0164871215820313 0.108261108398438
-0.115081787109375 0.0673446655273438 0.161056518554688 -0.0447998046875
-0.141082763671875 -0.03948974609375 0.40338134765625 -0.0794677734375
-0.0377197265625 -0.0647163391113281 0.67755126953125 0.2095947265625
-0.284027099609375 -0.015533447265625 0.56280517578125 -0.1676025390625
-0.270126342773438 0.00263977050781247 0.50927734375 0.122406005859375
-0.255081176757813 0.0776824951171875 0.46917724609375 0.071014404296875
-0.179977416992188 0.164703369140625 0.307647705078125 -0.0826416015625
-0.12542724609375 0.211013793945313 -0.0211658477783203 0.00126266479492189
0.0158233642578125 0.26153564453125 -0.05426025390625 0.339691162109375
0.107818603515625 0.271148681640625 0.14508056640625 0.5928955078125
0.0793609619140625 0.254257202148438 0.26129150390625 0.61029052734375
0.106002807617188 0.273422241210938 0.25750732421875 0.6324462890625
0.039306640625 0.287384033203125 0.10699462890625 0.551116943359375
-0.064788818359375 0.308349609375 -0.01123046875 0.30902099609375
-0.171875 0.289154052734375 0.00758361816406249 0.0946426391601563
-0.342071533203125 0.14111328125 0.149368286132812 -0.0470428466796875
-0.391937255859375 0.0412597656249999 0.36358642578125 -0.0684814453125
-0.315338134765625 -0.0102233886718751 0.62310791015625 0.18701171875
-0.54705810546875 0.0657653808593751 0.445343017578125 -0.1409912109375
-0.467559814453125 0.10675048828125 0.4444580078125 0.195037841796875
-0.4097900390625 0.173980712890625 0.4677734375 0.11376953125
-0.3095703125 0.26348876953125 0.33111572265625 -0.077606201171875
-0.26513671875 0.317962646484375 -0.00625610351562501 -0.05078125
-0.072906494140625 0.469635009765625 -0.0785369873046875 0.255722045898438
0.10467529296875 0.516693115234375 0.086181640625 0.478546142578125
0.09552001953125 0.49066162109375 0.205047607421875 0.47119140625
0.152862548828125 0.536163330078125 0.2181396484375 0.493408203125
0.048065185546875 0.52947998046875 0.12200927734375 0.4234619140625
-0.136962890625 0.531524658203125 0.00927734374999999 0.222763061523438
-0.268341064453125 0.467803955078125 0.01763916015625 0.0756072998046875
-0.494659423828125 0.24481201171875 0.0975723266601562 -0.0263442993164062
-0.5638427734375 0.15570068359375 0.248947143554687 -0.03375244140625
-0.53375244140625 0.064788818359375 0.476226806640625 0.16729736328125
-0.72900390625 0.13323974609375 0.246078491210937 -0.125625610351563
-0.61077880859375 0.18133544921875 0.32659912109375 0.233734130859375
-0.5322265625 0.2264404296875 0.42645263671875 0.110321044921875
-0.435577392578125 0.3179931640625 0.313323974609375 -0.09332275390625
-0.400115966796875 0.38885498046875 0.0142593383789062 -0.116310119628906
-0.17144775390625 0.6263427734375 -0.0800094604492188 0.122634887695313
0.07745361328125 0.6954345703125 0.022613525390625 0.28216552734375
0.0950317382812499 0.65338134765625 0.118545532226563 0.25762939453125
0.17779541015625 0.71453857421875 0.132110595703125 0.289093017578125
0.05877685546875 0.68389892578125 0.0913238525390625 0.247222900390625
-0.1708984375 0.66876220703125 0.00228118896484373 0.114601135253906
-0.29669189453125 0.573486328125 0.00896072387695311 0.059722900390625
-0.540374755859375 0.32598876953125 0.0196285247802734 0.0223865509033203
-0.6268310546875 0.2623291015625 0.0871658325195312 0.03082275390625
-0.662109375 0.1463623046875 0.260955810546875 0.1644287109375
-0.78271484375 0.17889404296875 -0.00981903076171879 -0.122528076171875
-0.63690185546875 0.208740234375 0.155487060546875 0.22711181640625
-0.5743408203125 0.21307373046875 0.329437255859375 0.080841064453125
-0.519134521484375 0.31219482421875 0.2613525390625 -0.114990234375
-0.49713134765625 0.411590576171875 0.04669189453125 -0.1903076171875
-0.2442626953125 0.70758056640625 -0.0587310791015625 -0.0563888549804687
0.0440673828125001 0.77447509765625 -0.0400848388671875 0.024627685546875
0.0802001953125001 0.7186279296875 0.0140438079833984 0.00224399566650395
0.1673583984375 0.78363037109375 0.0202751159667969 0.0511512756347657
0.04437255859375 0.7237548828125 0.034698486328125 0.0509147644042969
-0.1915283203125 0.67645263671875 -0.0200843811035156 0.0107612609863282
-0.2821044921875 0.557037353515625 -0.0173797607421875 0.055084228515625
-0.4857177734375 0.339080810546875 -0.076812744140625 0.0838546752929688
-0.5828857421875 0.32525634765625 -0.0942001342773438 0.103401184082031
-0.69439697265625 0.208740234375 0.0122833251953124 0.170440673828125
-0.69366455078125 0.20050048828125 -0.27362060546875 -0.12994384765625
-0.543487548828125 0.183990478515625 -0.04937744140625 0.186782836914063
-0.514892578125 0.146331787109375 0.189712524414062 0.0562591552734375
-0.51495361328125 0.25079345703125 0.194808959960938 -0.126022338867187
-0.50323486328125 0.374786376953125 0.0885467529296875 -0.2603759765625
-0.26153564453125 0.68115234375 -0.027252197265625 -0.256301879882812
0.0185546874999999 0.73052978515625 -0.10467529296875 -0.253189086914062
0.0509643554687499 0.6724853515625 -0.0960693359375 -0.25689697265625
0.11932373046875 0.732177734375 -0.0837249755859375 -0.184600830078125
-0.00408935546875002 0.63995361328125 -0.01544189453125 -0.129364013671875
-0.205169677734375 0.55462646484375 -0.0335159301757813 -0.0632476806640625
-0.234710693359375 0.426910400390625 -0.0588150024414063 0.0664405822753906
-0.3555908203125 0.281890869140625 -0.189193725585938 0.128021240234375
-0.462738037109375 0.3316650390625 -0.268661499023438 0.145050048828125
-0.632080078125 0.2353515625 -0.233474731445313 0.175552368164063
-0.488922119140625 0.1993408203125 -0.495361328125 -0.14013671875
-0.363006591796875 0.141754150390625 -0.245697021484375 0.136260986328125
-0.356597900390625 0.0741577148437501 0.0510444641113281 0.0510482788085938
-0.402435302734375 0.158355712890625 0.134529113769531 -0.1229248046875
-0.403961181640625 0.27734375 0.1234130859375 -0.31451416015625
-0.21624755859375 0.539520263671875 -0.00897216796874997 -0.437255859375
-0.00085449218750006 0.5675048828125 -0.17437744140625 -0.49981689453125
0.021881103515625 0.523651123046875 -0.195465087890625 -0.475128173828125
0.04718017578125 0.57122802734375 -0.15618896484375 -0.385711669921875
-0.0599365234375 0.460968017578125 -0.03277587890625 -0.266860961914062
-0.19451904296875 0.349761962890625 -0.0290985107421875 -0.0920028686523437
-0.15814208984375 0.23968505859375 -0.113517761230469 0.0855789184570313
-0.192459106445312 0.197525024414063 -0.30633544921875 0.124847412109375
-0.3040771484375 0.293609619140625 -0.41552734375 0.131103515625
-0.490692138671875 0.227630615234375 -0.44403076171875 0.17425537109375
-0.210128784179687 0.174636840820313 -0.63665771484375 -0.14312744140625
-0.134208679199219 0.092620849609375 -0.384429931640625 0.097930908203125
-0.126304626464844 0.0137481689453125 -0.04736328125 0.0624656677246094
-0.200714111328125 0.0448150634765625 0.089569091796875 -0.115646362304688
-0.226898193359375 0.125473022460937 0.13134765625 -0.344329833984375
-0.140045166015625 0.3009033203125 -0.0216064453125 -0.562255859375
-0.027557373046875 0.31195068359375 -0.2418212890625 -0.66632080078125
-0.01275634765625 0.293212890625 -0.2681884765625 -0.61920166015625
-0.02301025390625 0.32733154296875 -0.18267822265625 -0.52099609375
-0.0904541015625 0.231414794921875 -0.017822265625 -0.343475341796875
-0.143646240234375 0.1287841796875 -0.0172195434570313 -0.0798873901367187
-0.0616607666015625 0.0622711181640625 -0.178970336914062 0.0974578857421875
-0.0303268432617188 0.115043640136719 -0.410247802734375 0.0657043457031251
-0.128173828125 0.222793579101563 -0.510589599609375 0.062530517578125
-0.2847900390625 0.1866455078125 -0.59600830078125 0.16375732421875
-0.0136489868164063 -0.112113952636719 0.56634521484375 -0.21881103515625
-0.092529296875 -0.0960235595703125 0.543609619140625 -0.00292968750000001
-0.115211486816406 -0.0121841430664062 0.44793701171875 -0.059173583984375
-0.055511474609375 0.0567207336425781 0.242889404296875 -0.139724731445313
0.010467529296875 0.07806396484375 -0.0319709777832031 0.0348949432373047
0.075164794921875 0.0137252807617188 0.00738525390625002 0.3677978515625
0.0750808715820313 -0.0158920288085938 0.2420654296875 0.59796142578125
0.0449600219726563 -0.0226936340332031 0.3360595703125 0.63604736328125
0.0560798645019531 -0.0414466857910156 0.3074951171875 0.66937255859375
0.0622901916503906 -0.0046234130859375 0.09710693359375 0.606201171875
0.072235107421875 0.05242919921875 -0.0406494140625 0.371978759765625
0.00503540039062499 0.102951049804688 -0.04119873046875 0.111328125
-0.109611511230469 0.0772781372070313 0.120292663574219 -0.0702133178710938
-0.149978637695312 -0.0245208740234375 0.37164306640625 -0.118865966796875
-0.0481719970703125 -0.0647087097167969 0.67864990234375 0.15289306640625
-0.28179931640625 -0.00491333007812498 0.541534423828125 -0.193939208984375
-0.268447875976563 0.0230255126953125 0.535308837890625 0.09039306640625
-0.24951171875 0.0946807861328125 0.489715576171875 0.01861572265625
-0.165985107421875 0.175949096679687 0.30413818359375 -0.1279296875
-0.107254028320313 0.219345092773437 -0.0242118835449219 -0.012338638305664
0.0376129150390625 0.25390625 -0.030548095703125 0.333343505859375
0.129241943359375 0.258148193359375 0.19677734375 0.57318115234375
0.097137451171875 0.24676513671875 0.31591796875 0.58343505859375
0.126846313476563 0.26300048828125 0.31475830078125 0.61444091796875
0.0586700439453125 0.280349731445313 0.144195556640625 0.55230712890625
-0.040313720703125 0.30926513671875 -0.00598144531250004 0.324493408203125
-0.148040771484375 0.295562744140625 -0.0158615112304688 0.0991744995117188
-0.329193115234375 0.161468505859375 0.1085205078125 -0.0665740966796875
-0.386962890625 0.0685424804687499 0.3321533203125 -0.10211181640625
-0.3140869140625 0.00506591796875004 0.62298583984375 0.132080078125
-0.527801513671875 0.0932922363281251 0.425689697265625 -0.16363525390625
-0.451202392578125 0.13470458984375 0.475982666015625 0.168121337890625
-0.3914794921875 0.193634033203125 0.49468994140625 0.064849853515625
-0.286956787109375 0.2774658203125 0.332366943359375 -0.12127685546875
-0.24212646484375 0.33367919921875 -0.00988388061523438 -0.0641822814941406
-0.034698486328125 0.467864990234375 -0.0565032958984375 0.253448486328125
0.1485595703125 0.503997802734375 0.129852294921875 0.463623046875
0.13525390625 0.48101806640625 0.24761962890625 0.44537353515625
0.19781494140625 0.52301025390625 0.264068603515625 0.478485107421875
0.0867919921875 0.521728515625 0.15142822265625 0.424896240234375
-0.093841552734375 0.537933349609375 0.010772705078125 0.239044189453125
-0.2308349609375 0.4798583984375 -0.00347900390625002 0.0830001831054688
-0.47344970703125 0.270233154296875 0.0609397888183593 -0.0368118286132812
-0.5439453125 0.18798828125 0.221221923828125 -0.0572509765625
-0.519866943359375 0.0921630859374999 0.47674560546875 0.123565673828125
-0.69415283203125 0.1724853515625 0.228042602539062 -0.13543701171875
-0.57855224609375 0.21466064453125 0.361114501953125 0.214599609375
-0.50457763671875 0.24713134765625 0.45611572265625 0.0711669921875
-0.405731201171875 0.33624267578125 0.320465087890625 -0.130035400390625
-0.373779296875 0.414215087890625 0.011199951171875 -0.129005432128906
-0.12152099609375 0.635498046875 -0.0644683837890625 0.121513366699219
0.1365966796875 0.6845703125 0.0518341064453125 0.272109985351563
0.14691162109375 0.64300537109375 0.142105102539063 0.240570068359375
0.240966796875 0.69818115234375 0.160980224609375 0.2813720703125
0.111572265625 0.6766357421875 0.109207153320313 0.24969482421875
-0.11676025390625 0.67913818359375 -0.00114440917968751 0.133171081542969
-0.25250244140625 0.58538818359375 -0.00800704956054689 0.0701751708984376
-0.512542724609375 0.35076904296875 -0.00915336608886722 0.0220565795898438
-0.594970703125 0.2926025390625 0.0670852661132812 0.0206298828125
-0.63922119140625 0.182373046875 0.264801025390625 0.134078979492188
-0.73895263671875 0.22296142578125 -0.0240020751953125 -0.115730285644531
-0.59808349609375 0.2410888671875 0.1884765625 0.2227783203125
-0.54638671875 0.2310791015625 0.358551025390625 0.0562744140625
-0.490081787109375 0.33544921875 0.27288818359375 -0.140762329101562
-0.469818115234375 0.4454345703125 0.0440216064453125 -0.202468872070313
-0.1885986328125 0.72467041015625 -0.0533103942871094 -0.0583915710449218
0.1126708984375 0.76837158203125 -0.031768798828125 0.020315170288086
0.13824462890625 0.71038818359375 0.0144777297973633 -0.00591564178466792
0.2371826171875 0.76910400390625 0.0290908813476563 0.0531730651855469
0.10089111328125 0.71832275390625 0.0385208129882813 0.0584182739257813
-0.1373291015625 0.6883544921875 -0.0267314910888672 0.0304756164550782
-0.23980712890625 0.56756591796875 -0.0286712646484375 0.0691108703613282
-0.457763671875 0.35540771484375 -0.0951004028320313 0.0934982299804688
-0.545196533203125 0.349365234375 -0.105216979980469 0.106727600097656
-0.66265869140625 0.24603271484375 0.0204162597656249 0.156661987304688
-0.64959716796875 0.23992919921875 -0.28369140625 -0.104949951171875
-0.506866455078125 0.209625244140625 -0.0185394287109375 0.1995849609375
-0.49267578125 0.1634521484375 0.220108032226562 0.0476531982421875
-0.49334716796875 0.276092529296875 0.2115478515625 -0.140090942382812
-0.479095458984375 0.4110107421875 0.0860748291015625 -0.274932861328125
-0.20477294921875 0.701904296875 -0.033935546875 -0.26068115234375
0.08404541015625 0.728271484375 -0.1202392578125 -0.252410888671875
0.1080322265625 0.6663818359375 -0.119140625 -0.253265380859375
0.1851806640625 0.7220458984375 -0.0972137451171875 -0.173919677734375
0.0466308593750001 0.6380615234375 -0.0246200561523437 -0.118751525878906
-0.16363525390625 0.56866455078125 -0.0421714782714844 -0.0445480346679687
-0.20538330078125 0.433258056640625 -0.0627059936523438 0.0838546752929688
-0.331298828125 0.289215087890625 -0.197555541992188 0.148101806640625
-0.422088623046875 0.34619140625 -0.275466918945312 0.16253662109375
-0.59808349609375 0.27252197265625 -0.22100830078125 0.180389404296875
-0.44757080078125 0.22601318359375 -0.5028076171875 -0.0991516113281251
-0.336944580078125 0.157012939453125 -0.216415405273438 0.164840698242187
-0.342803955078125 0.0838623046875 0.0842819213867187 0.0559463500976563
-0.388427734375 0.180877685546875 0.156356811523437 -0.130218505859375
-0.38531494140625 0.3115234375 0.1201171875 -0.331512451171875
-0.16986083984375 0.556396484375 -0.029327392578125 -0.446380615234375
0.0497436523437501 0.56793212890625 -0.213592529296875 -0.491912841796875
0.0644836425781251 0.520477294921875 -0.2386474609375 -0.461944580078125
0.1014404296875 0.56658935546875 -0.187103271484375 -0.366851806640625
-0.02410888671875 0.46636962890625 -0.0521087646484375 -0.254852294921875
-0.170440673828125 0.363311767578125 -0.0354385375976563 -0.0753326416015625
-0.145294189453125 0.241180419921875 -0.109649658203125 0.1082763671875
-0.173370361328125 0.191085815429688 -0.310699462890625 0.157318115234375
-0.264984130859375 0.29815673828125 -0.4193115234375 0.160247802734375
-0.456787109375 0.25799560546875 -0.42755126953125 0.194549560546875
-0.179855346679688 0.186141967773438 -0.638671875 -0.0911865234375
-0.118545532226563 0.09716796875 -0.355438232421875 0.138427734375
-0.122093200683594 0.0139846801757813 -0.010345458984375 0.0752639770507812
-0.196609497070313 0.0570831298828125 0.112800598144531 -0.120460510253906
-0.218551635742188 0.146377563476562 0.127593994140625 -0.363525390625
-0.112823486328125 0.31488037109375 -0.05487060546875 -0.57159423828125
0.00164794921875 0.31585693359375 -0.2969970703125 -0.65191650390625
0.012176513671875 0.29412841796875 -0.32403564453125 -0.59527587890625
0.00833129882812502 0.330474853515625 -0.228057861328125 -0.500823974609375
-0.073089599609375 0.240921020507813 -0.042938232421875 -0.3343505859375
-0.137794494628906 0.138694763183594 -0.018890380859375 -0.0655479431152344
-0.0611419677734375 0.0586585998535156 -0.170272827148438 0.127532958984375
-0.0168838500976562 0.101348876953125 -0.41571044921875 0.109130859375
-0.0977935791015625 0.219436645507813 -0.518890380859375 0.09979248046875
-0.257293701171875 0.205413818359375 -0.57525634765625 0.19696044921875
-0.0267562866210938 -0.112037658691406 0.541839599609375 -0.228424072265625
-0.0995864868164062 -0.07965087890625 0.55023193359375 -0.033905029296875
-0.113731384277344 0.00263977050781248 0.4404296875 -0.10406494140625
-0.0491790771484375 0.0628166198730469 0.22412109375 -0.170928955078125
0.0196762084960937 0.07568359375 -0.03704833984375 0.0227279663085938
0.0761184692382813 0.0045013427734375 0.02294921875 0.3497314453125
0.0697784423828125 -0.0231208801269531 0.274658203125 0.562744140625
0.0405006408691406 -0.0250930786132813 0.3739013671875 0.59564208984375
0.0490608215332031 -0.0446205139160156 0.34954833984375 0.63958740234375
0.0572547912597656 -0.00986099243164063 0.1297607421875 0.6015625
0.0726165771484375 0.0435867309570313 -0.03228759765625 0.384979248046875
0.0114212036132813 0.0974197387695313 -0.0639190673828125 0.124404907226563
-0.102874755859375 0.0830917358398438 0.0748138427734375 -0.0751571655273438
-0.15264892578125 -0.00831604003906249 0.330047607421875 -0.136810302734375
-0.057647705078125 -0.06195068359375 0.65911865234375 0.109375
-0.2763671875 0.00177001953125003 0.516998291015625 -0.204437255859375
-0.261077880859375 0.0379638671875 0.547149658203125 0.05780029296875
-0.240020751953125 0.106033325195313 0.488189697265625 -0.031768798828125
-0.150894165039063 0.180740356445312 0.287811279296875 -0.164215087890625
-0.0906524658203125 0.22052001953125 -0.0313911437988281 -0.0239791870117187
0.0539398193359375 0.240371704101562 -0.013275146484375 0.319610595703125
0.1424560546875 0.240493774414063 0.23040771484375 0.541046142578125
0.108688354492187 0.234832763671875 0.34979248046875 0.545013427734375
0.141098022460937 0.248764038085938 0.353759765625 0.58428955078125
0.0717620849609375 0.268936157226563 0.174072265625 0.54510498046875
-0.021026611328125 0.301177978515625 0.00167846679687498 0.33880615234375
-0.128631591796875 0.293212890625 -0.0372695922851563 0.1136474609375
-0.313629150390625 0.1727294921875 0.06536865234375 -0.0659980773925781
-0.374969482421875 0.0880126953125001 0.29345703125 -0.1173095703125
-0.309234619140625 0.0150146484375001 0.60308837890625 0.0924072265625
-0.50390625 0.105072021484375 0.403411865234375 -0.1697998046875
-0.42742919921875 0.14910888671875 0.493438720703125 0.136505126953125
-0.371978759765625 0.19940185546875 0.50054931640625 0.0146484375
-0.263534545898437 0.280502319335938 0.320404052734375 -0.159210205078125
-0.217315673828125 0.33770751953125 -0.017059326171875 -0.0765151977539062
-0.00457763671874998 0.454437255859375 -0.0411376953125 0.242767333984375
0.17803955078125 0.479766845703125 0.158447265625 0.437744140625
0.160430908203125 0.461212158203125 0.27374267578125 0.414459228515625
0.2301025390625 0.496826171875 0.297088623046875 0.4522705078125
0.11614990234375 0.502716064453125 0.174163818359375 0.416961669921875
-0.0592041015625 0.528564453125 0.0176544189453125 0.254913330078125
-0.199310302734375 0.477142333984375 -0.0210342407226563 0.0992050170898438
-0.4498291015625 0.282257080078125 0.0237350463867187 -0.0296039581298828
-0.52069091796875 0.20550537109375 0.189010620117188 -0.064056396484375
-0.50201416015625 0.107269287109375 0.45947265625 0.088134765625
-0.656005859375 0.1885986328125 0.211898803710937 -0.134429931640625
-0.54119873046875 0.226470947265625 0.38409423828125 0.190155029296875
-0.47894287109375 0.25146484375 0.467254638671875 0.02911376953125
-0.378265380859375 0.339935302734375 0.315948486328125 -0.164215087890625
-0.3466796875 0.42547607421875 0.00497436523437497 -0.141021728515625
-0.0805664062500001 0.624755859375 -0.0522384643554688 0.114639282226563
0.1800537109375 0.66033935546875 0.0711669921875 0.254058837890625
0.18548583984375 0.6199951171875 0.155242919921875 0.218032836914063
0.28643798828125 0.6656494140625 0.183364868164063 0.265640258789063
0.1505126953125 0.65374755859375 0.12506103515625 0.248306274414062
-0.07073974609375 0.6697998046875 0.00318908691406248 0.151535034179688
-0.2152099609375 0.5819091796875 -0.0204925537109375 0.0884552001953125
-0.486236572265625 0.359710693359375 -0.0353889465332031 0.03466796875
-0.56292724609375 0.306396484375 0.0451126098632812 0.0210838317871094
-0.60992431640625 0.19854736328125 0.255508422851562 0.108718872070313
-0.6907958984375 0.237548828125 -0.0331649780273438 -0.104087829589844
-0.55615234375 0.248291015625 0.2161865234375 0.2093505859375
-0.51910400390625 0.2332763671875 0.37701416015625 0.025848388671875
-0.461761474609375 0.342803955078125 0.27679443359375 -0.166519165039063
-0.439971923828125 0.4630126953125 0.0390167236328125 -0.214691162109375
-0.13946533203125 0.71881103515625 -0.0482406616210938 -0.0633010864257812
0.1639404296875 0.7425537109375 -0.0267066955566406 0.0127811431884766
0.1812744140625 0.68597412109375 0.0124549865722656 -0.0132350921630859
0.28875732421875 0.73431396484375 0.0379753112792969 0.0518264770507813
0.14501953125 0.6953125 0.0452499389648438 0.0648689270019532
-0.0914306640625 0.6827392578125 -0.0250396728515625 0.0510978698730469
-0.2071533203125 0.5625 -0.034637451171875 0.0872726440429688
-0.43280029296875 0.358673095703125 -0.109001159667969 0.110824584960938
-0.508209228515625 0.35382080078125 -0.117019653320313 0.115623474121094
-0.62640380859375 0.26171875 0.0211944580078125 0.142593383789063
-0.59906005859375 0.249267578125 -0.283660888671875 -0.081787109375
-0.46856689453125 0.214385986328125 0.0130767822265625 0.199493408203125
-0.470977783203125 0.164825439453125 0.245254516601563 0.0303192138671875
-0.468414306640625 0.2879638671875 0.224014282226563 -0.160125732421875
-0.450592041015625 0.4332275390625 0.08172607421875 -0.287689208984375
-0.15570068359375 0.700439453125 -0.03948974609375 -0.264007568359375
0.1339111328125 0.7066650390625 -0.133041381835938 -0.246932983398437
0.148681640625 0.6451416015625 -0.136322021484375 -0.2445068359375
0.23638916015625 0.6925048828125 -0.101806640625 -0.160598754882812
0.08526611328125 0.6217041015625 -0.0270843505859375 -0.10577392578125
-0.12664794921875 0.56719970703125 -0.040985107421875 -0.0244789123535156
-0.183349609375 0.4276123046875 -0.0604705810546875 0.102203369140625
-0.314178466796875 0.2835693359375 -0.199844360351563 0.17041015625
-0.38836669921875 0.341522216796875 -0.2774658203125 0.17919921875
-0.55718994140625 0.287017822265625 -0.2105712890625 0.177322387695313
-0.4049072265625 0.229888916015625 -0.494964599609375 -0.0657348632812501
-0.30780029296875 0.157470703125 -0.180435180664063 0.177520751953125
-0.33013916015625 0.084136962890625 0.116073608398437 0.04779052734375
-0.37152099609375 0.194122314453125 0.174026489257812 -0.145294189453125
-0.36248779296875 0.330963134765625 0.11456298828125 -0.347015380859375
-0.128570556640625 0.560211181640625 -0.046783447265625 -0.44647216796875
0.089630126953125 0.552886962890625 -0.241302490234375 -0.47528076171875
0.097625732421875 0.505645751953125 -0.268341064453125 -0.43499755859375
0.14178466796875 0.547332763671875 -0.20452880859375 -0.341766357421875
0.00650024414062499 0.459564208984375 -0.061981201171875 -0.238357543945312
-0.147674560546875 0.36627197265625 -0.0336074829101563 -0.0583610534667969
-0.1348876953125 0.237075805664063 -0.0992431640625 0.127693176269531
-0.16156005859375 0.1778564453125 -0.304931640625 0.186798095703125
-0.23468017578125 0.286529541015625 -0.4169921875 0.18499755859375
-0.419219970703125 0.2677001953125 -0.408935546875 0.20263671875
-0.149612426757812 0.181976318359375 -0.62420654296875 -0.0508422851562501
-0.102615356445312 0.0941162109375 -0.31646728515625 0.159942626953125
-0.118232727050781 0.0100250244140625 0.02642822265625 0.070709228515625
-0.190261840820313 0.0665740966796875 0.133651733398437 -0.135841369628906
-0.206130981445313 0.160202026367187 0.121246337890625 -0.37945556640625
-0.08685302734375 0.318389892578125 -0.0810546875 -0.56951904296875
0.0257568359375 0.31011962890625 -0.3380126953125 -0.62518310546875
0.03240966796875 0.2864990234375 -0.36077880859375 -0.55804443359375
0.03387451171875 0.3228759765625 -0.253143310546875 -0.4688720703125
-0.0573272705078125 0.242996215820313 -0.056854248046875 -0.31793212890625
-0.130203247070312 0.144271850585938 -0.0139350891113281 -0.0515861511230469
-0.0637474060058594 0.0544471740722656 -0.153030395507813 0.15008544921875
-0.01104736328125 0.0833206176757813 -0.407562255859375 0.146392822265625
-0.0737762451171875 0.20550537109375 -0.51739501953125 0.132720947265625
-0.227386474609375 0.209396362304688 -0.55023193359375 0.21380615234375
-0.0365753173828125 -0.108970642089844 0.531646728515625 -0.225982666015625
-0.100151062011719 -0.065032958984375 0.553863525390625 -0.05792236328125
-0.109596252441406 0.014007568359375 0.4273681640625 -0.138031005859375
-0.0414657592773438 0.0660591125488281 0.204147338867188 -0.19287109375
0.0256805419921875 0.0723495483398438 -0.0459518432617187 0.0135154724121094
0.0753936767578125 -0.002777099609375 0.02801513671875 0.333984375
0.0651626586914063 -0.0270156860351563 0.288818359375 0.53460693359375
0.03717041015625 -0.0262260437011719 0.39080810546875 0.5631103515625
0.043212890625 -0.0452919006347656 0.3726806640625 0.6138916015625
0.0519371032714844 -0.0132598876953125 0.15093994140625 0.5972900390625
0.0714111328125 0.0360260009765625 -0.0242919921875 0.3984375
0.0132217407226562 0.0920181274414063 -0.080841064453125 0.145187377929688
-0.0977325439453125 0.0867233276367187 0.0364112854003906 -0.0632209777832031
-0.152267456054688 0.00433349609374998 0.293792724609375 -0.136016845703125
-0.064910888671875 -0.0578880310058594 0.6380615234375 0.08856201171875
-0.274261474609375 0.00207519531250003 0.504608154296875 -0.20245361328125
-0.2529296875 0.0464019775390625 0.55572509765625 0.0303955078125
-0.232635498046875 0.111572265625 0.479339599609375 -0.068511962890625
-0.139572143554687 0.181106567382813 0.267822265625 -0.19012451171875
-0.07904052734375 0.217666625976563 -0.0423240661621094 -0.0337028503417969
0.062896728515625 0.228530883789063 -0.00811767578124997 0.306304931640625
0.148330688476563 0.226760864257813 0.245513916015625 0.51312255859375
0.114517211914062 0.225479125976563 0.364837646484375 0.511749267578125
0.148056030273438 0.236923217773438 0.376129150390625 0.55718994140625
0.0772247314453125 0.260025024414063 0.19317626953125 0.538543701171875
-0.01025390625 0.29241943359375 0.01092529296875 0.3514404296875
-0.11846923828125 0.287384033203125 -0.0511932373046875 0.135391235351563
-0.303619384765625 0.176361083984375 0.0304756164550781 -0.050079345703125
-0.365325927734375 0.0982666015625 0.259963989257813 -0.113021850585938
-0.306671142578125 0.0181884765625 0.58111572265625 0.07366943359375
-0.488555908203125 0.102691650390625 0.391754150390625 -0.167388916015625
-0.40911865234375 0.150909423828125 0.507293701171875 0.112030029296875
-0.360992431640625 0.198699951171875 0.498077392578125 -0.0234375
-0.248626708984375 0.276351928710938 0.304962158203125 -0.18817138671875
-0.20404052734375 0.33795166015625 -0.0276947021484375 -0.086883544921875
0.012969970703125 0.441162109375 -0.0348663330078125 0.232254028320313
0.194366455078125 0.45892333984375 0.173553466796875 0.413726806640625
0.174560546875 0.445068359375 0.285369873046875 0.38629150390625
0.247955322265625 0.474151611328125 0.315155029296875 0.42926025390625
0.13128662109375 0.486297607421875 0.1917724609375 0.412811279296875
-0.037872314453125 0.51654052734375 0.026702880859375 0.2694091796875
-0.182373046875 0.468597412109375 -0.030914306640625 0.121894836425781
-0.436004638671875 0.284515380859375 -0.00403690338134768 -0.00987625122070311
-0.503204345703125 0.211669921875 0.16217041015625 -0.0572662353515625
-0.490692138671875 0.10919189453125 0.441925048828125 0.073394775390625
-0.62860107421875 0.18243408203125 0.203445434570313 -0.128753662109375
-0.5166015625 0.22222900390625 0.401123046875 0.168609619140625
-0.465423583984375 0.2449951171875 0.47149658203125 -0.00585937499999999
-0.362457275390625 0.337554931640625 0.30718994140625 -0.19293212890625
-0.32952880859375 0.4288330078125 -0.00357055664062503 -0.15185546875
-0.05377197265625 0.61004638671875 -0.0468063354492188 0.10577392578125
0.20654296875 0.6357421875 0.0810699462890625 0.23748779296875
0.2049560546875 0.59918212890625 0.159591674804688 0.199722290039063
0.31219482421875 0.6363525390625 0.197158813476563 0.251251220703125
0.17340087890625 0.63201904296875 0.138961791992188 0.247528076171875
-0.0433959960937501 0.6566162109375 0.0123748779296875 0.167327880859375
-0.195068359375 0.57183837890625 -0.0259857177734375 0.110038757324219
-0.472747802734375 0.358551025390625 -0.0542488098144532 0.0564231872558594
-0.542877197265625 0.30517578125 0.0267601013183593 0.0311260223388672
-0.59130859375 0.1968994140625 0.243728637695312 0.095245361328125
-0.65826416015625 0.2291259765625 -0.0363845825195313 -0.0937423706054687
-0.529083251953125 0.239227294921875 0.23760986328125 0.194564819335938
-0.50677490234375 0.224365234375 0.387939453125 -0.00268554687499999
-0.44488525390625 0.3409423828125 0.27734375 -0.192306518554688
-0.42144775390625 0.47027587890625 0.0336761474609375 -0.227142333984375
-0.10693359375 0.70843505859375 -0.0456352233886719 -0.0696983337402343
0.19598388671875 0.71844482421875 -0.0252895355224609 0.0055313110351563
0.2042236328125 0.6646728515625 0.00878143310546876 -0.0189800262451171
0.318603515625 0.7039794921875 0.0458946228027344 0.0491905212402344
0.1697998046875 0.6746826171875 0.0542068481445313 0.0693778991699219
-0.0634765625 0.67138671875 -0.0160636901855469 0.0675277709960938
-0.18817138671875 0.55419921875 -0.03436279296875 0.106864929199219
-0.422637939453125 0.352691650390625 -0.117500305175781 0.132194519042969
-0.488983154296875 0.34716796875 -0.126922607421875 0.127891540527344
-0.60247802734375 0.25885009765625 0.0156402587890625 0.13262939453125
-0.56561279296875 0.2373046875 -0.280166625976563 -0.0664367675781249
-0.444854736328125 0.203582763671875 0.03826904296875 0.192214965820313
-0.463409423828125 0.1551513671875 0.26446533203125 0.00849914550781251
-0.453582763671875 0.290313720703125 0.23260498046875 -0.182159423828125
-0.4315185546875 0.4443359375 0.07708740234375 -0.302490234375
-0.12286376953125 0.692626953125 -0.043365478515625 -0.268722534179687
0.165283203125 0.68511962890625 -0.141708374023438 -0.244140625
0.17266845703125 0.626708984375 -0.147171020507812 -0.23541259765625
0.2645263671875 0.664306640625 -0.1002197265625 -0.150588989257812
0.11016845703125 0.6053466796875 -0.02197265625 -0.0954437255859375
-0.10345458984375 0.559539794921875 -0.0331649780273438 -0.00859260559082027
-0.17120361328125 0.42230224609375 -0.0547103881835938 0.118553161621094
-0.308135986328125 0.272308349609375 -0.199371337890625 0.191574096679688
-0.36846923828125 0.328826904296875 -0.280487060546875 0.19488525390625
-0.531646728515625 0.28173828125 -0.207717895507813 0.172073364257813
-0.37567138671875 0.21746826171875 -0.482879638671875 -0.0458984374999999
-0.29052734375 0.146697998046875 -0.15130615234375 0.177780151367188
-0.326019287109375 0.077484130859375 0.142166137695312 0.0305328369140625
-0.35955810546875 0.19989013671875 0.188430786132812 -0.166610717773438
-0.345703125 0.342041015625 0.1104736328125 -0.362457275390625
-0.101043701171875 0.556182861328125 -0.057342529296875 -0.449371337890625
0.115875244140625 0.535552978515625 -0.258514404296875 -0.46051025390625
0.11773681640625 0.490875244140625 -0.285369873046875 -0.414886474609375
0.167724609375 0.52655029296875 -0.20977783203125 -0.32244873046875
0.025909423828125 0.45037841796875 -0.0609588623046875 -0.225204467773437
-0.133636474609375 0.365234375 -0.0254707336425781 -0.0453300476074218
-0.13372802734375 0.234146118164062 -0.0868988037109375 0.1422119140625
-0.161026000976562 0.164413452148438 -0.29718017578125 0.20977783203125
-0.218505859375 0.27142333984375 -0.4158935546875 0.20465087890625
-0.39373779296875 0.26202392578125 -0.39886474609375 0.201446533203125
-0.129287719726562 0.1689453125 -0.6070556640625 -0.0283203125000001
-0.0939178466796875 0.08636474609375 -0.28265380859375 0.164154052734375
-0.118865966796875 0.00463104248046874 0.0566749572753906 0.05523681640625
-0.185714721679688 0.0709075927734375 0.14947509765625 -0.156112670898438
-0.19671630859375 0.168624877929687 0.115753173828125 -0.395355224609375
-0.068603515625 0.3172607421875 -0.0982666015625 -0.5697021484375
0.041778564453125 0.301910400390625 -0.361083984375 -0.598876953125
0.0443878173828125 0.278823852539062 -0.3800048828125 -0.527557373046875
0.05084228515625 0.313201904296875 -0.264129638671875 -0.4420166015625
-0.0444793701171875 0.24261474609375 -0.059600830078125 -0.3035888671875
-0.124862670898438 0.148056030273438 -0.00441360473632813 -0.042266845703125
-0.0689697265625 0.0529823303222656 -0.135269165039062 0.1654052734375
-0.0126304626464844 0.0682296752929688 -0.397125244140625 0.175872802734375
-0.0615234375 0.188812255859375 -0.514251708984375 0.155731201171875
-0.2060546875 0.2022705078125 -0.5328369140625 0.216339111328125
-0.0445480346679688 -0.106849670410156 0.537078857421875 -0.22552490234375
-0.0975723266601563 -0.0551071166992188 0.56817626953125 -0.0809326171875
-0.105186462402344 0.020843505859375 0.41912841796875 -0.16375732421875
-0.0360908508300781 0.0672187805175781 0.187347412109375 -0.20953369140625
0.0313873291015625 0.0696601867675781 -0.0579376220703125 0.00722885131835937
0.07568359375 -0.008880615234375 0.024810791015625 0.32672119140625
0.0622444152832031 -0.0298309326171875 0.29791259765625 0.520050048828125
0.0345420837402344 -0.0267524719238281 0.404937744140625 0.547454833984375
0.0404167175292969 -0.0460395812988281 0.39129638671875 0.6025390625
0.048736572265625 -0.0135955810546875 0.1663818359375 0.60540771484375
0.0699539184570313 0.0322227478027344 -0.017120361328125 0.41741943359375
0.01324462890625 0.089691162109375 -0.09173583984375 0.171737670898438
-0.09521484375 0.0905380249023437 0.00836563110351562 -0.0425567626953125
-0.152816772460937 0.0150909423828125 0.272216796875 -0.127700805664063
-0.0712814331054688 -0.0537872314453125 0.6317138671875 0.083740234375
-0.279205322265625 0.000534057617187534 0.510467529296875 -0.200347900390625
-0.250274658203125 0.0510406494140625 0.57159423828125 0.00805664062500001
-0.23150634765625 0.116134643554688 0.473724365234375 -0.097991943359375
-0.134017944335938 0.182373046875 0.251510620117188 -0.21209716796875
-0.07330322265625 0.217971801757813 -0.0550727844238281 -0.0407447814941406
0.0680999755859375 0.2215576171875 -0.00827026367187501 0.29986572265625
0.153350830078125 0.219970703125 0.25714111328125 0.49932861328125
0.118865966796875 0.222152709960937 0.376556396484375 0.4954833984375
0.15374755859375 0.230575561523438 0.39373779296875 0.544891357421875
0.0816497802734375 0.256423950195313 0.2103271484375 0.54364013671875
-0.00445556640624998 0.28985595703125 0.020782470703125 0.368743896484375
-0.11474609375 0.28662109375 -0.0588226318359375 0.161712646484375
-0.304107666015625 0.180267333984375 0.00581359863281248 -0.0260429382324219
-0.365692138671875 0.106658935546875 0.240921020507812 -0.101760864257812
-0.311920166015625 0.0189208984374999 0.57440185546875 0.068603515625
-0.4884033203125 0.097015380859375 0.396453857421875 -0.1622314453125
-0.405303955078125 0.149322509765625 0.5247802734375 0.091522216796875
-0.364044189453125 0.1990966796875 0.4970703125 -0.053009033203125
-0.2457275390625 0.276824951171875 0.29278564453125 -0.212005615234375
-0.19818115234375 0.341827392578125 -0.0401992797851563 -0.0963897705078125
0.022705078125 0.43475341796875 -0.0338897705078125 0.2261962890625
0.206085205078125 0.44921875 0.182830810546875 0.400665283203125
0.184600830078125 0.44049072265625 0.291534423828125 0.37139892578125
0.261383056640625 0.464080810546875 0.33087158203125 0.416839599609375
0.14208984375 0.480712890625 0.208526611328125 0.41436767578125
-0.025421142578125 0.514739990234375 0.037933349609375 0.285369873046875
-0.17681884765625 0.467681884765625 -0.033905029296875 0.147659301757813
-0.438079833984375 0.29046630859375 -0.0220108032226563 0.0160617828369141
-0.50189208984375 0.21728515625 0.146713256835938 -0.0427093505859375
-0.494232177734375 0.1060791015625 0.43292236328125 0.06915283203125
-0.62518310546875 0.17230224609375 0.204605102539062 -0.122940063476563
-0.51104736328125 0.215362548828125 0.419952392578125 0.151641845703125
-0.470367431640625 0.239471435546875 0.47698974609375 -0.035491943359375
-0.3602294921875 0.336029052734375 0.3009033203125 -0.217620849609375
-0.32470703125 0.43634033203125 -0.01336669921875 -0.16436767578125
-0.03961181640625 0.60888671875 -0.0452804565429687 0.0991668701171875
0.2259521484375 0.62579345703125 0.0865631103515625 0.227828979492188
0.22021484375 0.5933837890625 0.161117553710938 0.188949584960938
0.3330078125 0.62188720703125 0.209487915039063 0.242691040039063
0.18902587890625 0.62579345703125 0.153594970703125 0.249282836914063
-0.02728271484375 0.6544189453125 0.0247344970703125 0.182174682617188
-0.18841552734375 0.5732421875 -0.0247116088867188 0.133651733398438
-0.47747802734375 0.361572265625 -0.06573486328125 0.0826950073242188
-0.5430908203125 0.3065185546875 0.0139961242675781 0.0474395751953125
-0.59149169921875 0.19219970703125 0.235671997070312 0.0911865234375
-0.6497802734375 0.21435546875 -0.0362701416015625 -0.086395263671875
-0.52362060546875 0.226776123046875 0.256240844726562 0.181869506835938
-0.514556884765625 0.216766357421875 0.399871826171875 -0.02899169921875
-0.446624755859375 0.341705322265625 0.2784423828125 -0.218002319335937
-0.4169921875 0.480621337890625 0.0266265869140625 -0.243087768554687
-0.08917236328125 0.70849609375 -0.0452346801757813 -0.078857421875
0.21783447265625 0.70782470703125 -0.0259742736816406 -0.00104713439941402
0.22064208984375 0.6588134765625 0.00437164306640626 -0.0238113403320312
0.34326171875 0.6883544921875 0.0536079406738281 0.0457344055175782
0.1873779296875 0.66766357421875 0.066162109375 0.0724945068359375
-0.04608154296875 0.6715087890625 -0.0049591064453125 0.0814132690429688
-0.182952880859375 0.5570068359375 -0.02978515625 0.127548217773438
-0.427490234375 0.3525390625 -0.1224365234375 0.157379150390625
-0.488037109375 0.342529296875 -0.135787963867188 0.146041870117188
-0.60113525390625 0.2523193359375 0.0087356567382812 0.129432678222656
-0.555816650390625 0.22137451171875 -0.27960205078125 -0.05767822265625
-0.4404296875 0.189300537109375 0.0573577880859375 0.184722900390625
-0.471649169921875 0.147003173828125 0.280838012695312 -0.0142822265625
-0.45294189453125 0.29388427734375 0.239593505859375 -0.207870483398438
-0.4268798828125 0.45721435546875 0.072509765625 -0.32080078125
-0.10369873046875 0.6939697265625 -0.0457611083984375 -0.279159545898438
0.1868896484375 0.676513671875 -0.149505615234375 -0.244918823242187
0.18963623046875 0.62042236328125 -0.15765380859375 -0.232879638671875
0.28778076171875 0.64996337890625 -0.0982818603515625 -0.148101806640625
0.12750244140625 0.60052490234375 -0.0132522583007812 -0.0914459228515625
-0.091064453125 0.5634765625 -0.0223121643066406 0.00317382812500003
-0.169952392578125 0.425140380859375 -0.0463333129882813 0.1353759765625
-0.315643310546875 0.269073486328125 -0.198532104492188 0.215591430664062
-0.367218017578125 0.32098388671875 -0.286285400390625 0.214202880859375
-0.524627685546875 0.273468017578125 -0.21417236328125 0.16973876953125
-0.36492919921875 0.200958251953125 -0.481689453125 -0.036956787109375
-0.2869873046875 0.133758544921875 -0.130752563476563 0.172683715820312
-0.334381103515625 0.0705261230468749 0.162887573242187 0.0093231201171875
-0.35906982421875 0.204620361328125 0.198593139648437 -0.192230224609375
-0.3394775390625 0.353118896484375 0.105926513671875 -0.38336181640625
-0.0832519531249999 0.557708740234375 -0.064483642578125 -0.459747314453125
0.1336669921875 0.529052734375 -0.2733154296875 -0.456268310546875
0.130859375 0.486602783203125 -0.297607421875 -0.40472412109375
0.18499755859375 0.5169677734375 -0.212371826171875 -0.314422607421875
0.03900146484375 0.4488525390625 -0.0562286376953125 -0.220748901367187
-0.126556396484375 0.370330810546875 -0.0149154663085938 -0.0375289916992187
-0.137542724609375 0.236038208007813 -0.075653076171875 0.155731201171875
-0.169052124023438 0.156143188476562 -0.29290771484375 0.233001708984375
-0.216262817382812 0.259658813476563 -0.420013427734375 0.2259521484375
-0.385650634765625 0.252777099609375 -0.403900146484375 0.20184326171875
-0.119766235351562 0.155914306640625 -0.6043701171875 -0.0194091796875
-0.09112548828125 0.0795059204101563 -0.262191772460938 0.160507202148438
-0.124435424804687 -0.00070190429687498 0.0788726806640625 0.034210205078125
-0.185501098632813 0.0749359130859375 0.160995483398438 -0.182296752929688
-0.192291259765625 0.17657470703125 0.1112060546875 -0.41754150390625
-0.055450439453125 0.31884765625 -0.11083984375 -0.57916259765625
0.053802490234375 0.298431396484375 -0.3800048828125 -0.58984375
0.0523223876953125 0.2769775390625 -0.39361572265625 -0.510101318359375
0.06243896484375 0.308380126953125 -0.268768310546875 -0.430511474609375
-0.035919189453125 0.244766235351563 -0.05718994140625 -0.29974365234375
-0.123687744140625 0.154022216796875 0.00736618041992187 -0.0373344421386719
-0.0753860473632812 0.0535125732421875 -0.119735717773438 0.177764892578125
-0.019195556640625 0.0575103759765625 -0.390869140625 0.199798583984375
-0.0577239990234375 0.176025390625 -0.518646240234375 0.178985595703125
-0.19671630859375 0.194580078125 -0.5345458984375 0.216644287109375
-0.0531539916992188 -0.105903625488281 0.5572509765625 -0.238372802734375
-0.0955657958984375 -0.048492431640625 0.5872802734375 -0.11181640625
-0.102714538574219 0.027862548828125 0.415130615234375 -0.192840576171875
-0.0308990478515625 0.0694656372070313 0.172103881835937 -0.228424072265625
0.0366783142089844 0.0677032470703125 -0.0725173950195313 0.0053253173828125
0.0762100219726563 -0.015899658203125 0.024078369140625 0.329315185546875
0.0609817504882813 -0.0329513549804688 0.31646728515625 0.51702880859375
0.0336437225341797 -0.0279045104980469 0.4307861328125 0.537445068359375
0.0385208129882813 -0.0472793579101563 0.4227294921875 0.602294921875
0.0464820861816406 -0.0150871276855469 0.19512939453125 0.62042236328125
0.0699577331542969 0.0284538269042969 -0.00119018554687504 0.44207763671875
0.0144271850585937 0.0904006958007813 -0.093780517578125 0.203720092773438
-0.0941619873046875 0.0966796875 -0.00983810424804688 -0.0175323486328125
-0.154266357421875 0.02685546875 0.262039184570313 -0.120468139648438
-0.0778121948242187 -0.0491943359375 0.64447021484375 0.07427978515625
-0.2916259765625 0.00354003906249994 0.528411865234375 -0.21160888671875
-0.252578735351562 0.0582427978515625 0.5947265625 -0.0220947265625
-0.23468017578125 0.1251220703125 0.474151611328125 -0.129425048828125
-0.130828857421875 0.187759399414063 0.238082885742188 -0.233551025390625
-0.0677032470703125 0.223495483398438 -0.0708999633789063 -0.0448989868164063
0.0758209228515625 0.218887329101563 -0.00860595703125001 0.302337646484375
0.162078857421875 0.2159423828125 0.273529052734375 0.4949951171875
0.12835693359375 0.222747802734375 0.3983154296875 0.48602294921875
0.163803100585938 0.228668212890625 0.423828125 0.54168701171875
0.0892333984375 0.2589111328125 0.238677978515625 0.55303955078125
0.00271606445312498 0.29278564453125 0.037841796875 0.391357421875
-0.112884521484375 0.2945556640625 -0.0577850341796875 0.192276000976563
-0.309783935546875 0.192962646484375 -0.00733900070190432 0.00139951705932618
-0.371368408203125 0.1212158203125 0.232894897460937 -0.0912628173828125
-0.32470703125 0.024993896484375 0.582763671875 0.06158447265625
-0.50341796875 0.0994873046875 0.409820556640625 -0.170135498046875
-0.410400390625 0.154815673828125 0.5506591796875 0.064727783203125
-0.37274169921875 0.20819091796875 0.502227783203125 -0.0863037109375
-0.24517822265625 0.28704833984375 0.281585693359375 -0.238922119140625
-0.1956787109375 0.3544921875 -0.055877685546875 -0.104072570800781
0.0364990234375 0.4383544921875 -0.0330047607421875 0.227035522460938
0.226409912109375 0.448333740234375 0.196746826171875 0.397796630859375
0.202056884765625 0.4427490234375 0.30615234375 0.3621826171875
0.2833251953125 0.461212158203125 0.35638427734375 0.41033935546875
0.1595458984375 0.486358642578125 0.2352294921875 0.4193115234375
-0.01251220703125 0.52276611328125 0.05584716796875 0.303436279296875
-0.170867919921875 0.48187255859375 -0.02899169921875 0.175918579101563
-0.44842529296875 0.305389404296875 -0.0307502746582032 0.0461158752441406
-0.51312255859375 0.234344482421875 0.140716552734375 -0.02838134765625
-0.51031494140625 0.112518310546875 0.43841552734375 0.06402587890625
-0.6400146484375 0.17327880859375 0.211746215820312 -0.124588012695312
-0.52008056640625 0.21783447265625 0.4449462890625 0.1309814453125
-0.486175537109375 0.248687744140625 0.487335205078125 -0.068817138671875
-0.364044189453125 0.3482666015625 0.29425048828125 -0.247406005859375
-0.324615478515625 0.45721435546875 -0.0287017822265625 -0.177413940429687
-0.0213012695312501 0.6187744140625 -0.0453872680664062 0.0955657958984375
0.25225830078125 0.6243896484375 0.0937042236328125 0.223297119140625
0.24493408203125 0.59759521484375 0.166549682617188 0.182479858398438
0.361083984375 0.617431640625 0.226043701171875 0.236831665039063
0.21356201171875 0.62933349609375 0.174758911132812 0.251663208007813
-0.00750732421874999 0.66766357421875 0.0411376953125 0.196762084960938
-0.18084716796875 0.59027099609375 -0.0164031982421875 0.158447265625
-0.4879150390625 0.3814697265625 -0.0688552856445313 0.113380432128906
-0.552398681640625 0.321563720703125 0.00950241088867184 0.0670204162597657
-0.609375 0.20013427734375 0.23565673828125 0.0896148681640625
-0.66241455078125 0.212890625 -0.0368270874023438 -0.0817794799804688
-0.53289794921875 0.22613525390625 0.278564453125 0.168243408203125
-0.534637451171875 0.223480224609375 0.41290283203125 -0.059722900390625
-0.4525146484375 0.3565673828125 0.277236938476563 -0.249679565429687
-0.417572021484375 0.50830078125 0.0136566162109375 -0.261871337890625
-0.0679931640625001 0.7235107421875 -0.0480499267578125 -0.0876007080078124
0.24908447265625 0.70953369140625 -0.0283966064453125 -0.00580406188964839
0.2486572265625 0.66357421875 -0.000902175903320298 -0.0270919799804687
0.37548828125 0.68408203125 0.0609970092773438 0.041595458984375
0.214599609375 0.67120361328125 0.081298828125 0.0717620849609375
-0.02532958984375 0.68463134765625 0.00949096679687499 0.0923690795898438
-0.176513671875 0.57476806640625 -0.019256591796875 0.148773193359375
-0.442047119140625 0.37066650390625 -0.1214599609375 0.187881469726563
-0.49627685546875 0.355377197265625 -0.139968872070313 0.17034912109375
-0.6146240234375 0.25860595703125 0.00349426269531247 0.131538391113281
-0.56390380859375 0.2174072265625 -0.286773681640625 -0.0482482910156249
-0.448699951171875 0.185028076171875 0.076080322265625 0.176986694335938
-0.49432373046875 0.1519775390625 0.29632568359375 -0.042816162109375
-0.46234130859375 0.308868408203125 0.243118286132812 -0.240081787109375
-0.4263916015625 0.483795166015625 0.060943603515625 -0.34613037109375
-0.0807495117187499 0.71148681640625 -0.053924560546875 -0.294891357421875
0.21783447265625 0.67645263671875 -0.163330078125 -0.24945068359375
0.21630859375 0.62646484375 -0.172225952148438 -0.231521606445313
0.32012939453125 0.64739990234375 -0.100082397460937 -0.150253295898437
0.1514892578125 0.6055908203125 -0.00539398193359373 -0.0937423706054687
-0.07391357421875 0.57843017578125 -0.0110063552856445 0.0098972320556641
-0.16876220703125 0.441497802734375 -0.034698486328125 0.152938842773438
-0.330108642578125 0.2791748046875 -0.195297241210937 0.245330810546875
-0.374420166015625 0.32757568359375 -0.2913818359375 0.242828369140625
-0.535858154296875 0.278228759765625 -0.224136352539063 0.1761474609375
-0.36907958984375 0.1939697265625 -0.491455078125 -0.0223388671875
-0.292999267578125 0.129364013671875 -0.116668701171875 0.170364379882813
-0.351959228515625 0.072509765625 0.17913818359375 -0.0161590576171875
-0.365753173828125 0.2159423828125 0.204269409179687 -0.225021362304688
-0.338409423828125 0.374847412109375 0.095947265625 -0.411956787109375
-0.06475830078125 0.57086181640625 -0.080841064453125 -0.480804443359375
0.15771484375 0.531097412109375 -0.298553466796875 -0.4583740234375
0.1513671875 0.490509033203125 -0.320068359375 -0.39776611328125
0.208770751953125 0.5155029296875 -0.2213134765625 -0.31353759765625
0.057586669921875 0.4554443359375 -0.0535125732421875 -0.22454833984375
-0.117950439453125 0.38458251953125 -0.00375747680664063 -0.033609390258789
-0.140182495117187 0.2471923828125 -0.0619964599609375 0.170669555664063
-0.18206787109375 0.157928466796875 -0.288726806640625 0.26275634765625
-0.218734741210938 0.258148193359375 -0.42742919921875 0.25738525390625
-0.3885498046875 0.2542724609375 -0.416778564453125 0.2117919921875
-0.115951538085937 0.147232055664063 -0.6160888671875 -0.00537109375000005
-0.0926437377929688 0.0751190185546875 -0.251022338867188 0.159149169921875
-0.134895324707031 -0.00190734863281249 0.0945281982421875 0.00885009765625
-0.188140869140625 0.0822906494140625 0.16546630859375 -0.215377807617188
-0.189987182617188 0.189437866210937 0.100341796875 -0.44921875
-0.04254150390625 0.32684326171875 -0.13165283203125 -0.5987548828125
0.066680908203125 0.30072021484375 -0.41253662109375 -0.58782958984375
0.0639190673828125 0.280548095703125 -0.420257568359375 -0.501373291015625
0.0760498046875 0.309661865234375 -0.28265380859375 -0.429595947265625
-0.0264129638671875 0.251113891601563 -0.057220458984375 -0.305206298828125
-0.123184204101562 0.164291381835938 0.0191841125488281 -0.03607177734375
-0.0820846557617188 0.0581512451171875 -0.104949951171875 0.191864013671875
-0.027099609375 0.05255126953125 -0.38775634765625 0.229888916015625
-0.0574951171875 0.169113159179688 -0.5289306640625 0.2117919921875
-0.194091796875 0.191818237304688 -0.5496826171875 0.230255126953125
-0.063995361328125 -0.103195190429687 0.5751953125 -0.27294921875
-0.095123291015625 -0.0422210693359375 0.60479736328125 -0.16070556640625
-0.0992355346679688 0.035675048828125 0.4078369140625 -0.231201171875
-0.0254287719726562 0.0717086791992188 0.1531982421875 -0.24957275390625
0.0430221557617188 0.0649185180664063 -0.0874252319335938 0.00883483886718751
0.0755996704101562 -0.0241622924804687 0.03009033203125 0.337249755859375
0.0592193603515625 -0.0385475158691406 0.348052978515625 0.50909423828125
0.0320167541503906 -0.0303077697753906 0.47039794921875 0.523956298828125
0.0360527038574219 -0.0498390197753906 0.4708251953125 0.5946044921875
0.0454521179199219 -0.0161476135253906 0.24151611328125 0.63409423828125
0.0710220336914063 0.0239791870117188 0.027587890625 0.468292236328125
0.0176010131835937 0.0921249389648438 -0.084991455078125 0.2369384765625
-0.090423583984375 0.106536865234375 -0.0188732147216797 0.00916671752929688
-0.1539306640625 0.0426483154296875 0.257476806640625 -0.119049072265625
-0.08447265625 -0.0431137084960937 0.665771484375 0.05108642578125
-0.3065185546875 0.0147705078125001 0.54547119140625 -0.241851806640625
-0.255081176757813 0.0704498291015625 0.61822509765625 -0.0704345703125
-0.236404418945312 0.141998291015625 0.4725341796875 -0.170562744140625
-0.1240234375 0.19830322265625 0.218994140625 -0.25958251953125
-0.0569305419921875 0.232757568359375 -0.0890960693359375 -0.0433883666992187
0.08795166015625 0.216110229492187 -0.00228881835937498 0.3096923828125
0.17791748046875 0.209747314453125 0.305145263671875 0.4893798828125
0.14300537109375 0.2216796875 0.4320068359375 0.47216796875
0.180694580078125 0.224716186523438 0.467681884765625 0.529327392578125
0.104034423828125 0.261001586914063 0.282501220703125 0.560394287109375
0.01605224609375 0.29949951171875 0.067718505859375 0.4112548828125
-0.104400634765625 0.308319091796875 -0.04510498046875 0.223587036132813
-0.31195068359375 0.215576171875 -0.0119915008544922 0.0304832458496094
-0.375823974609375 0.146697998046875 0.232208251953125 -0.0856781005859375
-0.338348388671875 0.0401611328125 0.60296630859375 0.041748046875
-0.523345947265625 0.117401123046875 0.421966552734375 -0.19110107421875
-0.41864013671875 0.173431396484375 0.5780029296875 0.0223388671875
-0.381195068359375 0.232147216796875 0.505401611328125 -0.13006591796875
-0.240570068359375 0.30474853515625 0.264419555664063 -0.269363403320313
-0.184844970703125 0.37744140625 -0.0763320922851563 -0.107284545898437
0.058258056640625 0.44390869140625 -0.0285186767578125 0.231292724609375
0.25665283203125 0.442138671875 0.220855712890625 0.391082763671875
0.23284912109375 0.442047119140625 0.330535888671875 0.350494384765625
0.316619873046875 0.4537353515625 0.39141845703125 0.397430419921875
0.18798828125 0.4888916015625 0.272003173828125 0.421051025390625
0.015350341796875 0.536376953125 0.084320068359375 0.318206787109375
-0.154632568359375 0.50634765625 -0.0132293701171875 0.203109741210938
-0.453369140625 0.340789794921875 -0.0290985107421875 0.0772552490234375
-0.519012451171875 0.267120361328125 0.142303466796875 -0.0164794921875
-0.528717041015625 0.13543701171875 0.4505615234375 0.050445556640625
-0.66241455078125 0.19342041015625 0.217636108398437 -0.133575439453125
-0.530059814453125 0.237701416015625 0.472015380859375 0.098114013671875
-0.502471923828125 0.2755126953125 0.493408203125 -0.111785888671875
-0.363067626953125 0.373870849609375 0.280120849609375 -0.282257080078125
-0.31524658203125 0.49176025390625 -0.050811767578125 -0.186752319335938
0.00933837890624996 0.63385009765625 -0.0449981689453125 0.094573974609375
0.29449462890625 0.621337890625 0.10565185546875 0.218460083007813
0.286376953125 0.59930419921875 0.17584228515625 0.174957275390625
0.4066162109375 0.60955810546875 0.24853515625 0.226226806640625
0.25347900390625 0.63177490234375 0.202911376953125 0.248153686523438
0.0276489257812499 0.6839599609375 0.0645599365234375 0.207046508789063
-0.15997314453125 0.618408203125 0.00175476074218747 0.1824951171875
-0.493408203125 0.420562744140625 -0.0611572265625 0.145797729492188
-0.559051513671875 0.35882568359375 0.0136795043945312 0.0870437622070313
-0.62786865234375 0.224853515625 0.241134643554687 0.0849151611328125
-0.68194580078125 0.23187255859375 -0.0392303466796875 -0.07781982421875
-0.5460205078125 0.243804931640625 0.303070068359375 0.14752197265625
-0.55718994140625 0.250274658203125 0.421661376953125 -0.100738525390625
-0.454986572265625 0.38568115234375 0.26715087890625 -0.287841796875
-0.40850830078125 0.54974365234375 -0.00918579101562503 -0.27984619140625
-0.03082275390625 0.7452392578125 -0.0554275512695312 -0.0969467163085937
0.2962646484375 0.707763671875 -0.0321102142333984 -0.00880050659179683
0.2919921875 0.66827392578125 -0.00726699829101561 -0.0286102294921875
0.42620849609375 0.675048828125 0.0694427490234375 0.0353584289550782
0.25714111328125 0.67401123046875 0.097442626953125 0.0668792724609375
0.01214599609375 0.70477294921875 0.0271835327148438 0.0989303588867188
-0.1572265625 0.603271484375 -0.000762939453125018 0.168441772460938
-0.44891357421875 0.406768798828125 -0.109710693359375 0.22210693359375
-0.50006103515625 0.38702392578125 -0.134796142578125 0.20025634765625
-0.6309814453125 0.28509521484375 0.00217437744140621 0.13714599609375
-0.57794189453125 0.22955322265625 -0.29644775390625 -0.031890869140625
-0.461456298828125 0.195587158203125 0.0956268310546875 0.168609619140625
-0.517364501953125 0.17535400390625 0.306365966796875 -0.07843017578125
-0.46588134765625 0.338134765625 0.235153198242187 -0.277938842773438
-0.4173583984375 0.52569580078125 0.037689208984375 -0.372283935546875
-0.04229736328125 0.73272705078125 -0.072021484375 -0.312255859375
0.2637939453125 0.67938232421875 -0.184188842773437 -0.249969482421875
0.25665283203125 0.63165283203125 -0.19287109375 -0.2269287109375
0.36590576171875 0.64007568359375 -0.106048583984375 -0.151016235351563
0.190185546875 0.6099853515625 -0.000968933105468729 -0.099700927734375
-0.043701171875 0.60009765625 0.00217437744140625 0.0137605667114258
-0.154449462890625 0.466583251953125 -0.0164947509765625 0.169326782226563
-0.3385009765625 0.30548095703125 -0.181243896484375 0.281341552734375
-0.375701904296875 0.349365234375 -0.286712646484375 0.2813720703125
-0.545379638671875 0.300323486328125 -0.23162841796875 0.19281005859375
-0.37469482421875 0.1976318359375 -0.506866455078125 0.00128173828125009
-0.3013916015625 0.134979248046875 -0.102569580078125 0.170578002929688
-0.371673583984375 0.087799072265625 0.187820434570313 -0.0480499267578125
-0.367950439453125 0.240753173828125 0.198043823242187 -0.262588500976563
-0.32916259765625 0.408447265625 0.0709228515625 -0.44464111328125
-0.031494140625 0.5880126953125 -0.10968017578125 -0.50079345703125
0.194244384765625 0.53314208984375 -0.333526611328125 -0.45501708984375
0.182830810546875 0.49517822265625 -0.35235595703125 -0.38726806640625
0.246002197265625 0.512115478515625 -0.239532470703125 -0.31195068359375
0.08514404296875 0.462554931640625 -0.05792236328125 -0.232559204101562
-0.100250244140625 0.404205322265625 0.0061798095703125 -0.033853530883789
-0.13726806640625 0.264785766601563 -0.0432281494140625 0.18536376953125
-0.19110107421875 0.17041015625 -0.275848388671875 0.30023193359375
-0.219253540039062 0.268814086914063 -0.4267578125 0.30133056640625
-0.39398193359375 0.2696533203125 -0.427886962890625 0.237396240234375
-0.11474609375 0.141830444335938 -0.6339111328125 0.0240478515625001
-0.0944137573242188 0.0756607055664063 -0.241668701171875 0.1658935546875
-0.146316528320313 0.00163269042968753 0.102378845214844 -0.0198593139648438
-0.19110107421875 0.094207763671875 0.158538818359375 -0.252044677734375
-0.1845703125 0.2083740234375 0.07537841796875 -0.482025146484375
-0.02374267578125 0.337554931640625 -0.17169189453125 -0.61944580078125
0.087310791015625 0.30181884765625 -0.4581298828125 -0.57940673828125
0.081298828125 0.283447265625 -0.45782470703125 -0.485992431640625
0.096160888671875 0.310272216796875 -0.309295654296875 -0.42620849609375
-0.011016845703125 0.258682250976563 -0.06732177734375 -0.3148193359375
-0.11761474609375 0.17828369140625 0.0293159484863281 -0.03985595703125
-0.0863571166992188 0.0674819946289063 -0.0858917236328125 0.20684814453125
-0.0350494384765625 0.0508079528808594 -0.37890625 0.270355224609375
-0.0556793212890625 0.167343139648438 -0.534820556640625 0.25885009765625
-0.192398071289063 0.197113037109375 -0.5640869140625 0.26055908203125
-0.0752029418945313 -0.0970535278320312 0.57366943359375 -0.3212890625
-0.0941314697265625 -0.0355224609375 0.601318359375 -0.2244873046875
-0.093994140625 0.0452041625976562 0.38623046875 -0.271087646484375
-0.0184478759765625 0.0732040405273438 0.124740600585938 -0.267745971679688
0.04986572265625 0.0606460571289062 -0.0996780395507812 0.0177001953125
0.0722732543945313 -0.0335693359375 0.045562744140625 0.343292236328125
0.0551910400390625 -0.0440292358398438 0.387054443359375 0.488739013671875
0.0292339324951172 -0.0321311950683594 0.51275634765625 0.49053955078125
0.031829833984375 -0.052764892578125 0.527099609375 0.56414794921875
0.0436630249023438 -0.0185775756835938 0.29864501953125 0.62786865234375
0.0712738037109375 0.0187835693359375 0.070037841796875 0.4813232421875
0.022857666015625 0.0926742553710938 -0.0617828369140625 0.266632080078125
-0.0814056396484375 0.116851806640625 -0.0178375244140625 0.0351676940917969
-0.14801025390625 0.0598602294921875 0.251724243164063 -0.1231689453125
-0.0901260375976563 -0.0338287353515625 0.67999267578125 0.00830078125
-0.31719970703125 0.03631591796875 0.54571533203125 -0.287506103515625
-0.253463745117187 0.0882415771484375 0.62353515625 -0.132080078125
-0.230667114257812 0.163482666015625 0.45599365234375 -0.217071533203125
-0.11126708984375 0.20819091796875 0.190582275390625 -0.2830810546875
-0.0402069091796875 0.240432739257812 -0.106101989746094 -0.03521728515625
0.102462768554688 0.208160400390625 0.01165771484375 0.315460205078125
0.194259643554688 0.1956787109375 0.340972900390625 0.47003173828125
0.161544799804688 0.213088989257813 0.4698486328125 0.4412841796875
0.200103759765625 0.211746215820313 0.5172119140625 0.498016357421875
0.123794555664062 0.257797241210938 0.334686279296875 0.54754638671875
0.03692626953125 0.30157470703125 0.107757568359375 0.4193115234375
-0.08575439453125 0.321685791015625 -0.0195465087890625 0.249252319335938
-0.30242919921875 0.244415283203125 -0.00551605224609377 0.0565338134765625
-0.36871337890625 0.1807861328125 0.231597900390625 -0.0871429443359375
-0.346649169921875 0.065643310546875 0.61419677734375 0.00439453125
-0.5345458984375 0.15130615234375 0.42327880859375 -0.223724365234375
-0.41583251953125 0.2005615234375 0.58966064453125 -0.03533935546875
-0.376556396484375 0.26568603515625 0.492462158203125 -0.1800537109375
-0.224395751953125 0.324432373046875 0.235870361328125 -0.29913330078125
-0.159912109375 0.399169921875 -0.0982666015625 -0.102142333984375
0.09033203125 0.44189453125 -0.01885986328125 0.234970092773438
0.292694091796875 0.4219970703125 0.250030517578125 0.3760986328125
0.267425537109375 0.42919921875 0.356475830078125 0.32623291015625
0.354766845703125 0.4326171875 0.43048095703125 0.36932373046875
0.226806640625 0.47918701171875 0.315460205078125 0.404052734375
0.054473876953125 0.54071044921875 0.118194580078125 0.321685791015625
-0.1234130859375 0.525604248046875 0.013702392578125 0.223785400390625
-0.43988037109375 0.382965087890625 -0.015655517578125 0.105064392089844
-0.5078125 0.311248779296875 0.147842407226562 -0.0109100341796875
-0.537445068359375 0.173095703125 0.460113525390625 0.02288818359375
-0.671875 0.2340087890625 0.216873168945312 -0.148513793945312
-0.529632568359375 0.270751953125 0.4913330078125 0.052032470703125
-0.50189208984375 0.317840576171875 0.485626220703125 -0.162841796875
-0.34735107421875 0.403961181640625 0.252685546875 -0.3165283203125
-0.2847900390625 0.52783203125 -0.0771484375 -0.18853759765625
0.05615234375 0.6396484375 -0.04351806640625 0.0933685302734375
0.34442138671875 0.60076904296875 0.120620727539063 0.208816528320313
0.3341064453125 0.58331298828125 0.18621826171875 0.161758422851563
0.45892333984375 0.5806884765625 0.27197265625 0.205062866210938
0.30352783203125 0.61822509765625 0.2322998046875 0.232101440429688
0.0798950195312501 0.6905517578125 0.092681884765625 0.20806884765625
-0.119140625 0.64208984375 0.02825927734375 0.198776245117188
-0.47857666015625 0.468353271484375 -0.0406036376953125 0.174331665039063
-0.543212890625 0.40606689453125 0.0259857177734375 0.103271484375
-0.63433837890625 0.26947021484375 0.247909545898438 0.072723388671875
-0.68927001953125 0.2694091796875 -0.0423583984375001 -0.0712661743164062
-0.545928955078125 0.274871826171875 0.3236083984375 0.11700439453125
-0.564453125 0.29400634765625 0.416168212890625 -0.149169921875
-0.440399169921875 0.424591064453125 0.240875244140625 -0.3231201171875
-0.37628173828125 0.596923828125 -0.0419921875 -0.28912353515625
0.0257568359375 0.75555419921875 -0.0680084228515625 -0.10345458984375
0.35443115234375 0.68780517578125 -0.0364418029785156 -0.0108261108398437
0.34759521484375 0.6505126953125 -0.0136642456054687 -0.0285358428955078
0.48455810546875 0.64532470703125 0.0760421752929688 0.0254974365234375
0.3125 0.6593017578125 0.11187744140625 0.0547637939453125
0.0659179687499999 0.712646484375 0.0465011596679688 0.0996246337890625
-0.1158447265625 0.62713623046875 0.02520751953125 0.180984497070313
-0.435516357421875 0.450531005859375 -0.0832366943359375 0.251434326171875
-0.484466552734375 0.4283447265625 -0.116378784179688 0.227264404296875
-0.63262939453125 0.32940673828125 0.00654602050781247 0.141830444335938
-0.58258056640625 0.25836181640625 -0.301910400390625 -0.00613403320312503
-0.465423583984375 0.22113037109375 0.115142822265625 0.153823852539063
-0.52947998046875 0.213348388671875 0.30255126953125 -0.119842529296875
-0.45391845703125 0.378814697265625 0.211944580078125 -0.31549072265625
-0.38580322265625 0.572509765625 0.000427246093749942 -0.38970947265625
0.0125732421875 0.7457275390625 -0.100372314453125 -0.32244873046875
0.31829833984375 0.66094970703125 -0.208419799804687 -0.242599487304687
0.30877685546875 0.6175537109375 -0.21514892578125 -0.21258544921875
0.41949462890625 0.61444091796875 -0.1163330078125 -0.1484375
0.24102783203125 0.5982666015625 -0.000595092773437484 -0.107620239257812
0.00402832031249993 0.61181640625 0.0141010284423828 0.01287841796875
-0.125823974609375 0.488677978515625 0.00875854492187498 0.17938232421875
-0.332244873046875 0.338043212890625 -0.152069091796875 0.31353759765625
-0.362579345703125 0.37713623046875 -0.266448974609375 0.32049560546875
-0.543914794921875 0.33740234375 -0.228378295898438 0.215316772460938
-0.37646484375 0.213623046875 -0.513092041015625 0.0412902832031249
-0.30517578125 0.149993896484375 -0.086029052734375 0.169830322265625
-0.384063720703125 0.115875244140625 0.184707641601562 -0.083343505859375
-0.36004638671875 0.27117919921875 0.17529296875 -0.29998779296875
-0.303955078125 0.445648193359375 0.030120849609375 -0.467803955078125
0.0143432617187501 0.59747314453125 -0.154388427734375 -0.512603759765625
0.23876953125 0.52069091796875 -0.37579345703125 -0.43475341796875
0.22271728515625 0.486358642578125 -0.386566162109375 -0.36041259765625
0.287994384765625 0.49432373046875 -0.262908935546875 -0.300048828125
0.123687744140625 0.45758056640625 -0.0689239501953125 -0.2373046875
-0.0694580078125 0.419708251953125 0.0142288208007812 -0.0374221801757812
-0.1221923828125 0.283203125 -0.0185089111328125 0.195037841796875
-0.192611694335938 0.188095092773437 -0.248077392578125 0.337158203125
-0.209991455078125 0.281982421875 -0.4061279296875 0.350311279296875
-0.38873291015625 0.29296875 -0.426605224609375 0.274017333984375
-0.111572265625 0.140457153320313 -0.64141845703125 0.07080078125
-0.095306396484375 0.0782089233398438 -0.228912353515625 0.174606323242188
-0.155914306640625 0.01202392578125 0.09954833984375 -0.04998779296875
-0.188400268554688 0.110702514648437 0.13568115234375 -0.285552978515625
-0.17041015625 0.227783203125 0.0314941406249999 -0.5081787109375
0.00387573242187503 0.34259033203125 -0.2264404296875 -0.62451171875
0.113494873046875 0.296112060546875 -0.512298583984375 -0.548187255859375
0.104263305664062 0.279830932617187 -0.497772216796875 -0.4515380859375
0.12158203125 0.303802490234375 -0.341796875 -0.4093017578125
0.0102996826171875 0.260452270507813 -0.084991455078125 -0.319427490234375
-0.104202270507813 0.192138671875 0.0369377136230469 -0.0456886291503906
-0.0858688354492188 0.078369140625 -0.0595855712890625 0.21759033203125
-0.0406913757324219 0.0531501770019531 -0.35455322265625 0.31268310546875
-0.0505523681640625 0.166183471679688 -0.52032470703125 0.315582275390625
-0.185287475585938 0.205352783203125 -0.5625 0.3065185546875
-0.0835647583007813 -0.0863800048828125 0.549468994140625 -0.362030029296875
-0.0918197631835938 -0.0289688110351563 0.57257080078125 -0.28033447265625
-0.0856094360351563 0.0513381958007813 0.35101318359375 -0.30010986328125
-0.0117416381835938 0.072174072265625 0.0921478271484375 -0.273391723632813
0.0542068481445313 0.0541725158691406 -0.106246948242188 0.0301132202148437
0.0658378601074219 -0.0405311584472656 0.062225341796875 0.340240478515625
0.0488700866699219 -0.0476646423339844 0.413818359375 0.4520263671875
0.0254840850830078 -0.0336761474609375 0.537506103515625 0.439208984375
0.0265121459960937 -0.0535240173339844 0.56463623046875 0.511962890625
0.0413665771484375 -0.0201568603515625 0.3466796875 0.597412109375
0.069488525390625 0.0129966735839844 0.111907958984375 0.4755859375
0.028167724609375 0.0908966064453125 -0.03106689453125 0.281707763671875
-0.0684967041015625 0.122062683105469 -0.00958633422851563 0.0554084777832031
-0.13482666015625 0.0735092163085938 0.241119384765625 -0.126937866210938
-0.0918731689453125 -0.0237808227539062 0.6722412109375 -0.038818359375
-0.31695556640625 0.060516357421875 0.523162841796875 -0.32421875
-0.244552612304688 0.103897094726562 0.599853515625 -0.19122314453125
-0.21649169921875 0.180206298828125 0.42218017578125 -0.252349853515625
-0.0938720703125 0.212738037109375 0.1552734375 -0.294189453125
-0.02105712890625 0.239532470703125 -0.116844177246094 -0.0215301513671875
0.113800048828125 0.1944580078125 0.027618408203125 0.312408447265625
0.202835083007813 0.174667358398438 0.366943359375 0.434417724609375
0.173324584960938 0.197296142578125 0.4906005859375 0.39483642578125
0.212387084960938 0.191925048828125 0.548583984375 0.446197509765625
0.140335083007813 0.243911743164063 0.376678466796875 0.513641357421875
0.056671142578125 0.29315185546875 0.144775390625 0.40960693359375
-0.062408447265625 0.3240966796875 0.0110321044921875 0.260467529296875
-0.280227661132813 0.265838623046875 0.00850677490234373 0.0757904052734375
-0.345703125 0.20782470703125 0.22698974609375 -0.090850830078125
-0.341949462890625 0.0914306640625 0.60687255859375 -0.03662109375
-0.526947021484375 0.1866455078125 0.407012939453125 -0.251922607421875
-0.402191162109375 0.226104736328125 0.5780029296875 -0.09423828125
-0.357177734375 0.293243408203125 0.46221923828125 -0.221710205078125
-0.199798583984375 0.336669921875 0.1986083984375 -0.315399169921875
-0.128021240234375 0.4072265625 -0.115715026855469 -0.0892868041992187
0.119537353515625 0.4254150390625 -0.0077972412109375 0.232330322265625
0.316497802734375 0.388031005859375 0.270111083984375 0.34796142578125
0.29583740234375 0.401214599609375 0.369873046875 0.291778564453125
0.3822021484375 0.394775390625 0.452392578125 0.325592041015625
0.257476806640625 0.45281982421875 0.34619140625 0.370849609375
0.093109130859375 0.527252197265625 0.1495361328125 0.31060791015625
-0.0848388671875 0.52801513671875 0.0441741943359375 0.231399536132813
-0.406829833984375 0.414794921875 0.00499725341796872 0.122718811035156
-0.47564697265625 0.3458251953125 0.152542114257813 -0.00979614257812498
-0.5257568359375 0.20989990234375 0.455352783203125 -0.00708007812499999
-0.65924072265625 0.2728271484375 0.208145141601563 -0.15997314453125
-0.511444091796875 0.30133056640625 0.487762451171875 0.000427246093750018
-0.48236083984375 0.354217529296875 0.45574951171875 -0.20562744140625
-0.31634521484375 0.42523193359375 0.21514892578125 -0.337005615234375
-0.2421875 0.548065185546875 -0.102386474609375 -0.177703857421875
0.102783203125 0.62353515625 -0.0423583984375 0.0913009643554688
0.3829345703125 0.56072998046875 0.130172729492188 0.192733764648438
0.371795654296875 0.54705810546875 0.190521240234375 0.143264770507813
0.4954833984375 0.53173828125 0.284698486328125 0.176300048828125
0.34466552734375 0.582275390625 0.250656127929688 0.205963134765625
0.1329345703125 0.6708984375 0.115829467773437 0.198654174804688
-0.0704956054687501 0.64361572265625 0.0572967529296875 0.201995849609375
-0.44232177734375 0.502777099609375 -0.01287841796875 0.1903076171875
-0.506317138671875 0.441436767578125 0.0423812866210937 0.110832214355469
-0.61712646484375 0.31072998046875 0.247222900390625 0.0564117431640625
-0.6751708984375 0.30792236328125 -0.0437965393066407 -0.0626144409179687
-0.53070068359375 0.305267333984375 0.32940673828125 0.079742431640625
-0.547393798828125 0.335906982421875 0.3900146484375 -0.1884765625
-0.4095458984375 0.45367431640625 0.2039794921875 -0.34619140625
-0.3260498046875 0.6234130859375 -0.07452392578125 -0.2833251953125
0.0819091796875 0.740234375 -0.081268310546875 -0.103538513183594
0.40057373046875 0.64227294921875 -0.040985107421875 -0.0111007690429687
0.38897705078125 0.61212158203125 -0.0194091796875 -0.0266990661621093
0.5260009765625 0.59210205078125 0.0777359008789063 0.0145034790039063
0.3558349609375 0.62109375 0.118972778320313 0.0386962890625
0.11956787109375 0.69537353515625 0.0624542236328125 0.0927276611328125
-0.07012939453125 0.62921142578125 0.0521697998046875 0.182510375976563
-0.40277099609375 0.483245849609375 -0.04864501953125 0.267410278320313
-0.44989013671875 0.45733642578125 -0.0893707275390625 0.24334716796875
-0.6124267578125 0.367919921875 0.011810302734375 0.14276123046875
-0.57122802734375 0.28564453125 -0.29632568359375 0.02081298828125
-0.453857421875 0.2449951171875 0.126777648925781 0.133499145507813
-0.521820068359375 0.253997802734375 0.28076171875 -0.155349731445312
-0.425048828125 0.408477783203125 0.176055908203125 -0.3389892578125
-0.3359375 0.60107421875 -0.04058837890625 -0.388397216796875
0.06964111328125 0.7308349609375 -0.13128662109375 -0.31903076171875
0.364501953125 0.62176513671875 -0.2274169921875 -0.224258422851562
0.35009765625 0.5823974609375 -0.2301025390625 -0.190460205078125
0.459716796875 0.56719970703125 -0.124160766601562 -0.141082763671875
0.2806396484375 0.566650390625 -0.00463867187499997 -0.112770080566406
0.05059814453125 0.60174560546875 0.0232639312744141 0.00903129577636722
-0.088226318359375 0.49493408203125 0.034820556640625 0.179733276367188
-0.310791015625 0.36407470703125 -0.1138916015625 0.330902099609375
-0.334136962890625 0.397552490234375 -0.22979736328125 0.3447265625
-0.523162841796875 0.36669921875 -0.216262817382813 0.231704711914063
-0.368072509765625 0.226806640625 -0.501800537109375 0.0820312500000001
-0.2984619140625 0.163909912109375 -0.0694580078125 0.164016723632813
-0.38153076171875 0.145904541015625 0.167724609375 -0.11212158203125
-0.338958740234375 0.29541015625 0.141510009765625 -0.321563720703125
-0.263671875 0.466217041015625 -0.017242431640625 -0.4693603515625
0.0623779296875 0.585693359375 -0.19964599609375 -0.502685546875
0.275665283203125 0.489105224609375 -0.40704345703125 -0.3992919921875
0.256378173828125 0.46087646484375 -0.407623291015625 -0.322174072265625
0.321380615234375 0.459564208984375 -0.279708862304688 -0.277511596679687
0.156158447265625 0.437103271484375 -0.082244873046875 -0.235916137695312
-0.0345458984375 0.418548583984375 0.0191764831542969 -0.0415191650390625
-0.1002197265625 0.29193115234375 0.007568359375 0.1942138671875
-0.184097290039063 0.2027587890625 -0.20703125 0.360382080078125
-0.1929931640625 0.289215087890625 -0.368499755859375 0.3856201171875
-0.370269775390625 0.31195068359375 -0.4073486328125 0.303955078125
-0.108177185058594 0.137138366699219 -0.626220703125 0.11767578125
-0.0927200317382813 0.0810317993164063 -0.210464477539063 0.178665161132812
-0.15924072265625 0.0258941650390625 0.085418701171875 -0.0739364624023438
-0.178695678710938 0.123779296875 0.10150146484375 -0.30535888671875
-0.148239135742187 0.240020751953125 -0.017578125 -0.511322021484375
0.0330810546875 0.335693359375 -0.279052734375 -0.6060791015625
0.134811401367188 0.280029296875 -0.547515869140625 -0.499298095703125
0.123611450195312 0.267608642578125 -0.521240234375 -0.4022216796875
0.142364501953125 0.287933349609375 -0.36541748046875 -0.37762451171875
0.03076171875 0.253387451171875 -0.104156494140625 -0.313995361328125
-0.0868377685546875 0.199127197265625 0.0409889221191406 -0.0525054931640625
-0.0808029174804688 0.0869216918945313 -0.032379150390625 0.217758178710937
-0.0437812805175781 0.0555992126464844 -0.3150634765625 0.341949462890625
-0.0441131591796875 0.161483764648438 -0.482421875 0.3582763671875
-0.171798706054688 0.2100830078125 -0.537841796875 0.34649658203125
-0.0861663818359375 -0.0753097534179688 0.51922607421875 -0.38311767578125
-0.0885772705078125 -0.0243377685546875 0.5340576171875 -0.31072998046875
-0.0774459838867188 0.0539474487304688 0.31658935546875 -0.311859130859375
-0.0072021484375 0.0699195861816406 0.0666656494140625 -0.269866943359375
0.05535888671875 0.0479774475097656 -0.108123779296875 0.0401687622070313
0.058563232421875 -0.0439682006835938 0.071319580078125 0.33233642578125
0.0428047180175781 -0.048126220703125 0.422393798828125 0.41644287109375
0.0219058990478516 -0.0326404571533203 0.54034423828125 0.3953857421875
0.0225028991699219 -0.0526123046875 0.57354736328125 0.4635009765625
0.0387802124023438 -0.0206260681152344 0.3719482421875 0.562103271484375
0.0658226013183594 0.009124755859375 0.138824462890625 0.45880126953125
0.0311431884765625 0.0873336791992188 -0.00463867187500002 0.284942626953125
-0.0571136474609375 0.122314453125 0.00129318237304686 0.0692176818847656
-0.121162414550781 0.0798416137695313 0.2310791015625 -0.12518310546875
-0.0907440185546875 -0.015533447265625 0.65069580078125 -0.068115234375
-0.310333251953125 0.076873779296875 0.4969482421875 -0.344482421875
-0.233612060546875 0.111862182617188 0.566162109375 -0.22808837890625
-0.200180053710938 0.188796997070313 0.38739013671875 -0.269287109375
-0.080657958984375 0.210952758789063 0.126068115234375 -0.2933349609375
-0.00718688964843751 0.233428955078125 -0.122398376464844 -0.00868988037109372
0.117034912109375 0.180465698242188 0.036102294921875 0.30517578125
0.202255249023438 0.15728759765625 0.374176025390625 0.40106201171875
0.175735473632813 0.182540893554688 0.491485595703125 0.35516357421875
0.21466064453125 0.17425537109375 0.55511474609375 0.4012451171875
0.147003173828125 0.228759765625 0.395294189453125 0.477386474609375
0.06787109375 0.280197143554688 0.167633056640625 0.392364501953125
-0.045745849609375 0.32012939453125 0.0363311767578125 0.261367797851563
-0.257675170898438 0.273971557617188 0.0229415893554687 0.0869064331054688
-0.319976806640625 0.21917724609375 0.221664428710937 -0.0894622802734375
-0.3319091796875 0.107818603515625 0.58831787109375 -0.06268310546875
-0.511627197265625 0.20721435546875 0.38641357421875 -0.264617919921875
-0.382965087890625 0.23809814453125 0.549835205078125 -0.1319580078125
-0.33587646484375 0.3082275390625 0.426177978515625 -0.241363525390625
-0.177978515625 0.336822509765625 0.165985107421875 -0.316375732421875
-0.102142333984375 0.40557861328125 -0.125411987304688 -0.0751571655273437
0.136138916015625 0.40447998046875 -0.00202941894531251 0.22674560546875
0.3231201171875 0.355804443359375 0.27484130859375 0.320343017578125
0.304473876953125 0.372802734375 0.367279052734375 0.26153564453125
0.388031005859375 0.3597412109375 0.454376220703125 0.288238525390625
0.270355224609375 0.4244384765625 0.35772705078125 0.338592529296875
0.1162109375 0.504638671875 0.1671142578125 0.293914794921875
-0.05731201171875 0.5191650390625 0.0678253173828125 0.229766845703125
-0.376007080078125 0.42669677734375 0.0251693725585937 0.131027221679688
-0.439910888671875 0.359710693359375 0.155563354492187 -0.00897216796874998
-0.508941650390625 0.23175048828125 0.4423828125 -0.02642822265625
-0.64105224609375 0.296142578125 0.198272705078125 -0.162353515625
-0.489288330078125 0.31427001953125 0.469451904296875 -0.034576416015625
-0.459564208984375 0.374298095703125 0.420989990234375 -0.228607177734375
-0.2894287109375 0.430419921875 0.17999267578125 -0.340301513671875
-0.204925537109375 0.548919677734375 -0.117645263671875 -0.163131713867187
0.1302490234375 0.59686279296875 -0.0441818237304688 0.089874267578125
0.3966064453125 0.51654052734375 0.1314697265625 0.177871704101563
0.3851318359375 0.51220703125 0.187118530273438 0.128631591796875
0.506622314453125 0.483917236328125 0.28521728515625 0.1513671875
0.360443115234375 0.54241943359375 0.256973266601563 0.181182861328125
0.16156005859375 0.642822265625 0.128799438476562 0.185012817382813
-0.037353515625 0.63067626953125 0.0793914794921875 0.197921752929688
-0.40643310546875 0.51470947265625 0.0121917724609375 0.195755004882813
-0.46826171875 0.453582763671875 0.055389404296875 0.112388610839844
-0.5938720703125 0.33282470703125 0.241134643554687 0.045867919921875
-0.65728759765625 0.32781982421875 -0.0417518615722657 -0.0546226501464843
-0.509002685546875 0.317230224609375 0.32244873046875 0.05120849609375
-0.52703857421875 0.359893798828125 0.357818603515625 -0.210296630859375
-0.37762451171875 0.462799072265625 0.16912841796875 -0.3519287109375
-0.2818603515625 0.6287841796875 -0.096954345703125 -0.269790649414062
0.1170654296875 0.71160888671875 -0.0924148559570313 -0.100326538085937
0.41937255859375 0.59747314453125 -0.0457687377929687 -0.0101509094238281
0.408203125 0.57366943359375 -0.0243339538574219 -0.0239486694335937
0.537872314453125 0.541473388671875 0.0766754150390625 0.00607299804687503
0.37371826171875 0.5767822265625 0.119636535644531 0.0242843627929688
0.15313720703125 0.666748046875 0.0712890625 0.08441162109375
-0.0349731445312501 0.6173095703125 0.07305908203125 0.177352905273438
-0.369415283203125 0.4945068359375 -0.0194091796875 0.269134521484375
-0.415313720703125 0.464630126953125 -0.065460205078125 0.247039794921875
-0.58624267578125 0.38580322265625 0.0152435302734375 0.14080810546875
-0.556121826171875 0.301239013671875 -0.28302001953125 0.0386962890625
-0.437896728515625 0.256866455078125 0.130256652832031 0.114723205566406
-0.50262451171875 0.277679443359375 0.25469970703125 -0.174087524414063
-0.39495849609375 0.420074462890625 0.142669677734375 -0.345794677734375
-0.29296875 0.60455322265625 -0.06878662109375 -0.375518798828125
0.1082763671875 0.70294189453125 -0.152740478515625 -0.307159423828125
0.3839111328125 0.5755615234375 -0.2376708984375 -0.205734252929688
0.367767333984375 0.54779052734375 -0.234481811523437 -0.170440673828125
0.4732666015625 0.519195556640625 -0.126556396484375 -0.133644104003906
0.300689697265625 0.529052734375 -0.00825500488281248 -0.117271423339844
0.0827026367187501 0.57879638671875 0.0288333892822266 0.00409126281738285
-0.06011962890625 0.486907958984375 0.05413818359375 0.173370361328125
-0.288726806640625 0.37298583984375 -0.07891845703125 0.332855224609375
-0.309326171875 0.399749755859375 -0.197509765625 0.35272216796875
-0.49957275390625 0.380218505859375 -0.203231811523438 0.239059448242188
-0.359771728515625 0.231048583984375 -0.480621337890625 0.1063232421875
-0.289764404296875 0.17041015625 -0.0584869384765625 0.15399169921875
-0.3726806640625 0.165130615234375 0.146408081054687 -0.128189086914062
-0.31549072265625 0.3055419921875 0.10980224609375 -0.328094482421875
-0.229766845703125 0.47021484375 -0.051055908203125 -0.45782470703125
0.092987060546875 0.56121826171875 -0.228179931640625 -0.4813232421875
0.291412353515625 0.45458984375 -0.419647216796875 -0.364013671875
0.271484375 0.431732177734375 -0.4102783203125 -0.288238525390625
0.3338623046875 0.4248046875 -0.284393310546875 -0.257171630859375
0.173370361328125 0.410736083984375 -0.089996337890625 -0.231155395507813
-0.010009765625 0.407562255859375 0.0216178894042969 -0.045501708984375
-0.082794189453125 0.2921142578125 0.02655029296875 0.187515258789063
-0.175750732421875 0.21038818359375 -0.16998291015625 0.364532470703125
-0.177947998046875 0.286956787109375 -0.32861328125 0.39752197265625
-0.352142333984375 0.31683349609375 -0.385162353515625 0.318634033203125
-0.107780456542969 0.131996154785156 -0.60107421875 0.14617919921875
-0.0898284912109375 0.0814056396484375 -0.195266723632813 0.17523193359375
-0.158721923828125 0.03564453125 0.0684585571289062 -0.0885848999023438
-0.16802978515625 0.13140869140625 0.0718994140625 -0.309356689453125
-0.129806518554688 0.242141723632813 -0.0540161132812501 -0.4984130859375
0.05206298828125 0.3211669921875 -0.31280517578125 -0.5751953125
0.145050048828125 0.261093139648437 -0.55987548828125 -0.449920654296875
0.133209228515625 0.252273559570313 -0.52435302734375 -0.358734130859375
0.152679443359375 0.26934814453125 -0.372711181640625 -0.3494873046875
0.042144775390625 0.240737915039063 -0.11578369140625 -0.305023193359375
-0.07244873046875 0.198440551757813 0.0421485900878906 -0.0576057434082031
-0.0739059448242188 0.09130859375 -0.012054443359375 0.210952758789063
-0.0466880798339844 0.0580711364746094 -0.276702880859375 0.352325439453125
-0.0416107177734375 0.155975341796875 -0.443084716796875 0.3787841796875
-0.16217041015625 0.208160400390625 -0.510345458984375 0.364654541015625
-0.0865554809570313 -0.0683212280273437 0.502777099609375 -0.391143798828125
-0.0861968994140625 -0.022674560546875 0.507659912109375 -0.325927734375
-0.0719528198242188 0.0540390014648437 0.294403076171875 -0.3126220703125
-0.0047760009765625 0.0673942565917969 0.0503997802734375 -0.26361083984375
0.05560302734375 0.0442848205566406 -0.109474182128906 0.0477523803710938
0.0532913208007813 -0.0444221496582031 0.0736083984375 0.328155517578125
0.0383720397949219 -0.0476112365722656 0.41973876953125 0.394134521484375
0.0198974609375 -0.0310783386230469 0.533447265625 0.36920166015625
0.0202522277832031 -0.0509300231933594 0.5716552734375 0.43548583984375
0.0363807678222656 -0.0204887390136719 0.38153076171875 0.539276123046875
0.0628242492675781 0.00778961181640625 0.151519775390625 0.4476318359375
0.0320281982421875 0.0864486694335938 0.012725830078125 0.285308837890625
-0.0501251220703125 0.119911193847656 0.010772705078125 0.0782089233398438
-0.110740661621094 0.080810546875 0.226089477539062 -0.11968994140625
-0.0891876220703125 -0.0103073120117187 0.635498046875 -0.08074951171875
-0.30523681640625 0.0859375000000001 0.480499267578125 -0.34991455078125
-0.227203369140625 0.114639282226562 0.541015625 -0.2470703125
-0.19012451171875 0.191848754882813 0.36297607421875 -0.274200439453125
-0.072967529296875 0.206787109375 0.10736083984375 -0.28765869140625
-0.000259399414062477 0.228546142578125 -0.124824523925781 0.00111389160156253
0.115432739257812 0.171295166015625 0.038299560546875 0.30126953125
0.198272705078125 0.146652221679687 0.37347412109375 0.379638671875
0.174835205078125 0.175567626953125 0.482025146484375 0.332061767578125
0.212753295898438 0.163482666015625 0.551361083984375 0.37347412109375
0.147598266601563 0.218780517578125 0.400909423828125 0.45428466796875
0.0708465576171875 0.27142333984375 0.17803955078125 0.381011962890625
-0.038482666015625 0.314605712890625 0.053314208984375 0.2601318359375
-0.243682861328125 0.27520751953125 0.0353240966796875 0.0940780639648438
-0.302337646484375 0.221588134765625 0.220199584960938 -0.0868072509765625
-0.32550048828125 0.11566162109375 0.57421875 -0.07275390625
-0.504547119140625 0.21783447265625 0.376312255859375 -0.26959228515625
-0.372802734375 0.24114990234375 0.5263671875 -0.15252685546875
-0.323150634765625 0.313873291015625 0.400177001953125 -0.24853515625
-0.16680908203125 0.333953857421875 0.14471435546875 -0.312469482421875
-0.087646484375 0.400482177734375 -0.130256652832031 -0.06353759765625
0.141876220703125 0.3890380859375 -0.00245666503906249 0.224288940429688
0.321014404296875 0.3370361328125 0.2720947265625 0.3045654296875
0.304443359375 0.358123779296875 0.360260009765625 0.2462158203125
0.386810302734375 0.338165283203125 0.449188232421875 0.2662353515625
0.271148681640625 0.404449462890625 0.3597412109375 0.319610595703125
0.122711181640625 0.48944091796875 0.174957275390625 0.2835693359375
-0.04376220703125 0.509674072265625 0.0837249755859375 0.226303100585938
-0.356689453125 0.429534912109375 0.0406036376953125 0.135246276855469
-0.41925048828125 0.36077880859375 0.158798217773438 -0.00752258300781248
-0.497467041015625 0.240966796875 0.431732177734375 -0.033477783203125
-0.62945556640625 0.30572509765625 0.19390869140625 -0.161285400390625
-0.47906494140625 0.3173828125 0.452178955078125 -0.05291748046875
-0.443756103515625 0.3841552734375 0.3935546875 -0.235137939453125
-0.27313232421875 0.428802490234375 0.15716552734375 -0.3382568359375
-0.185516357421875 0.5455322265625 -0.126113891601563 -0.150955200195312
0.140869140625 0.57659912109375 -0.0477142333984375 0.0891952514648438
0.396087646484375 0.49072265625 0.127227783203125 0.169296264648438
0.387542724609375 0.491302490234375 0.180404663085938 0.121826171875
0.50384521484375 0.455780029296875 0.281341552734375 0.136932373046875
0.36175537109375 0.51507568359375 0.255996704101563 0.165359497070313
0.17279052734375 0.6204833984375 0.134963989257813 0.177200317382813
-0.0221557617187501 0.618408203125 0.0953216552734375 0.193954467773438
-0.38677978515625 0.51727294921875 0.0311279296875 0.197021484375
-0.4466552734375 0.451171875 0.0647964477539062 0.112297058105469
-0.58282470703125 0.3406982421875 0.23504638671875 0.0418853759765625
-0.648193359375 0.3350830078125 -0.0380973815917969 -0.04876708984375
-0.500030517578125 0.3197021484375 0.31298828125 0.0357666015625
-0.51397705078125 0.37237548828125 0.333953857421875 -0.216644287109375
-0.36138916015625 0.46380615234375 0.1458740234375 -0.350738525390625
-0.2578125 0.62652587890625 -0.110397338867188 -0.257949829101562
0.1334228515625 0.68939208984375 -0.100433349609375 -0.0964813232421875
0.4200439453125 0.56683349609375 -0.0504264831542968 -0.00864410400390622
0.41168212890625 0.55072021484375 -0.0290126800537109 -0.0205574035644531
0.534515380859375 0.508636474609375 0.074462890625 3.81469726562811E-05
0.375244140625 0.548187255859375 0.118240356445313 0.0143814086914063
0.166259765625 0.646240234375 0.076080322265625 0.07904052734375
-0.01885986328125 0.6051025390625 0.086944580078125 0.171539306640625
-0.352325439453125 0.49713134765625 0.00241088867187495 0.267471313476563
-0.396881103515625 0.46429443359375 -0.0499114990234375 0.245773315429688
-0.574462890625 0.3934326171875 0.0149078369140625 0.139884948730469
-0.54913330078125 0.30645751953125 -0.272293090820313 0.04754638671875
-0.431121826171875 0.256683349609375 0.128509521484375 0.101860046386719
-0.494293212890625 0.2904052734375 0.233169555664062 -0.180831909179687
-0.378173828125 0.422027587890625 0.120208740234375 -0.345703125
-0.26983642578125 0.6029052734375 -0.086273193359375 -0.36419677734375
0.1240234375 0.67999267578125 -0.16583251953125 -0.2982177734375
0.38616943359375 0.5458984375 -0.241531372070313 -0.192779541015625
0.37261962890625 0.523284912109375 -0.235626220703125 -0.156707763671875
0.47357177734375 0.48968505859375 -0.127021789550781 -0.13067626953125
0.302825927734375 0.504119873046875 -0.0110092163085937 -0.120819091796875
0.095733642578125 0.56170654296875 0.0324516296386719 0.000341415405273472
-0.0460205078125 0.479888916015625 0.0668487548828125 0.1671142578125
-0.2767333984375 0.37701416015625 -0.055999755859375 0.330078125
-0.296112060546875 0.395782470703125 -0.17633056640625 0.35223388671875
-0.48724365234375 0.383331298828125 -0.197052001953125 0.241180419921875
-0.357635498046875 0.231048583984375 -0.46466064453125 0.117950439453125
-0.285888671875 0.17120361328125 -0.0537261962890625 0.144683837890625
-0.36553955078125 0.175140380859375 0.12908935546875 -0.134719848632813
-0.3021240234375 0.30718994140625 0.0877685546875 -0.32781982421875
-0.21075439453125 0.46746826171875 -0.071044921875 -0.44659423828125
0.1063232421875 0.5421142578125 -0.244049072265625 -0.464202880859375
0.293792724609375 0.43133544921875 -0.422149658203125 -0.340423583984375
0.276275634765625 0.41375732421875 -0.408233642578125 -0.2672119140625
0.33587646484375 0.402130126953125 -0.28369140625 -0.24566650390625
0.17718505859375 0.392852783203125 -0.0935821533203125 -0.22967529296875
0.002532958984375 0.396820068359375 0.0240287780761719 -0.0479393005371093
-0.07232666015625 0.289215087890625 0.038970947265625 0.180389404296875
-0.170944213867188 0.21429443359375 -0.145172119140625 0.3624267578125
-0.172760009765625 0.282501220703125 -0.3033447265625 0.4019775390625
-0.3438720703125 0.31689453125 -0.373046875 0.323394775390625
-0.110549926757813 0.127777099609375 -0.58111572265625 0.15814208984375
-0.0896987915039062 0.080169677734375 -0.186904907226563 0.16839599609375
-0.158477783203125 0.041656494140625 0.0534133911132812 -0.095916748046875
-0.160934448242188 0.13336181640625 0.05023193359375 -0.30877685546875
-0.118453979492187 0.240249633789063 -0.074859619140625 -0.48724365234375
0.05999755859375 0.3089599609375 -0.328094482421875 -0.5545654296875
0.147171020507812 0.247940063476563 -0.56024169921875 -0.41998291015625
0.136505126953125 0.241806030273438 -0.517669677734375 -0.3333740234375
0.155548095703125 0.256317138671875 -0.37213134765625 -0.33270263671875
0.046356201171875 0.231048583984375 -0.1202392578125 -0.300628662109375
-0.0635223388671875 0.195465087890625 0.0436058044433594 -0.0615882873535156
-0.07025146484375 0.0930328369140625 0.000396728515625008 0.203216552734375
-0.0493888854980469 0.0603523254394531 -0.25 0.352264404296875
-0.042816162109375 0.150924682617187 -0.416168212890625 0.386688232421875
-0.158187866210938 0.203964233398438 -0.4945068359375 0.37176513671875
-0.0873184204101563 -0.0643081665039062 0.500823974609375 -0.397308349609375
-0.0859756469726563 -0.0215988159179688 0.496368408203125 -0.336273193359375
-0.0699195861816406 0.05352783203125 0.28369140625 -0.316986083984375
-0.00376129150390625 0.0666084289550781 0.0408935546875 -0.262680053710938
0.056243896484375 0.0430335998535156 -0.111923217773438 0.0545501708984375
0.0502357482910156 -0.0446548461914063 0.073577880859375 0.33282470703125
0.0363616943359375 -0.04669189453125 0.4200439453125 0.38848876953125
0.0192642211914063 -0.0294227600097656 0.53314208984375 0.3612060546875
0.0194091796875 -0.0506744384765625 0.577392578125 0.42822265625
0.0357933044433594 -0.0197105407714844 0.389892578125 0.535980224609375
0.0609512329101562 0.00807952880859375 0.162109375 0.44805908203125
0.0330581665039063 0.0874710083007813 0.0255126953125 0.289276123046875
-0.0460739135742187 0.119308471679688 0.01910400390625 0.0869140625
-0.104423522949219 0.0811996459960938 0.227630615234375 -0.115310668945313
-0.0892562866210938 -0.00667572021484376 0.636962890625 -0.0843505859375
-0.308074951171875 0.0928649902343749 0.480926513671875 -0.356781005859375
-0.22698974609375 0.117279052734375 0.528961181640625 -0.2587890625
-0.186859130859375 0.195602416992187 0.351806640625 -0.27752685546875
-0.0702972412109375 0.206924438476562 0.09686279296875 -0.28656005859375
0.00363159179687502 0.228469848632813 -0.128387451171875 0.00807189941406252
0.114456176757813 0.169097900390625 0.0369873046875 0.305694580078125
0.19622802734375 0.144134521484375 0.371978759765625 0.374969482421875
0.17529296875 0.175048828125 0.4822998046875 0.32611083984375
0.212493896484375 0.159317016601563 0.5557861328125 0.3651123046875
0.146713256835938 0.217056274414063 0.407684326171875 0.449798583984375
0.0711669921875 0.271209716796875 0.186126708984375 0.380096435546875
-0.03619384765625 0.3170166015625 0.06591796875 0.262451171875
-0.240036010742187 0.27764892578125 0.0460205078125 0.101158142089844
-0.296356201171875 0.22198486328125 0.22406005859375 -0.083984375
-0.328033447265625 0.122100830078125 0.576171875 -0.07666015625
-0.50946044921875 0.22650146484375 0.376953125 -0.27197265625
-0.375457763671875 0.245269775390625 0.51751708984375 -0.1649169921875
-0.32025146484375 0.32257080078125 0.388153076171875 -0.253021240234375
-0.16339111328125 0.33587646484375 0.13287353515625 -0.312103271484375
-0.08099365234375 0.40240478515625 -0.135307312011719 -0.0562896728515624
0.141815185546875 0.385101318359375 -0.00521850585937498 0.227264404296875
0.318450927734375 0.331756591796875 0.270294189453125 0.30072021484375
0.306640625 0.3564453125 0.357025146484375 0.243072509765625
0.388153076171875 0.330596923828125 0.452972412109375 0.25799560546875
0.270904541015625 0.40045166015625 0.363525390625 0.312591552734375
0.126190185546875 0.487548828125 0.181976318359375 0.28204345703125
-0.039581298828125 0.512847900390625 0.09808349609375 0.227432250976563
-0.354034423828125 0.43377685546875 0.054046630859375 0.140045166015625
-0.41290283203125 0.36163330078125 0.164932250976562 -0.00575256347656248
-0.503936767578125 0.249267578125 0.432586669921875 -0.03607177734375
-0.638427734375 0.3154296875 0.19683837890625 -0.161956787109375
-0.48211669921875 0.32244873046875 0.445892333984375 -0.064056396484375
-0.443939208984375 0.396270751953125 0.38323974609375 -0.238250732421875
-0.271026611328125 0.4324951171875 0.14410400390625 -0.3394775390625
-0.177154541015625 0.550811767578125 -0.13385009765625 -0.144851684570312
0.1463623046875 0.57293701171875 -0.05255126953125 0.09130859375
0.394622802734375 0.482421875 0.124069213867188 0.16815185546875
0.392364501953125 0.488861083984375 0.176361083984375 0.121856689453125
0.50689697265625 0.447265625 0.28167724609375 0.12921142578125
0.362152099609375 0.508575439453125 0.257720947265625 0.15826416015625
0.1759033203125 0.6180419921875 0.140579223632812 0.175430297851563
-0.0167236328125 0.6199951171875 0.108184814453125 0.19287109375
-0.3814697265625 0.524749755859375 0.0454864501953125 0.19903564453125
-0.441802978515625 0.4541015625 0.0723419189453125 0.113754272460938
-0.58935546875 0.350341796875 0.234756469726562 0.0411224365234375
-0.6585693359375 0.34320068359375 -0.0342025756835938 -0.0457077026367187
-0.505889892578125 0.324432373046875 0.309967041015625 0.027130126953125
-0.51641845703125 0.385406494140625 0.321807861328125 -0.219635009765625
-0.358612060546875 0.469757080078125 0.131927490234375 -0.3529052734375
-0.2476806640625 0.6341552734375 -0.120361328125 -0.252609252929687
0.14068603515625 0.68353271484375 -0.108818054199219 -0.0952377319335937
0.421478271484375 0.557891845703125 -0.0552024841308594 -0.0064582824707031
0.417205810546875 0.54718017578125 -0.0331592559814453 -0.0165367126464843
0.539764404296875 0.49737548828125 0.0726470947265625 -0.00469207763671872
0.37615966796875 0.541656494140625 0.117271423339844 0.00761413574218753
0.171875 0.64093017578125 0.0809402465820313 0.0769195556640625
-0.011474609375 0.6070556640625 0.0992279052734375 0.169174194335938
-0.34942626953125 0.504180908203125 0.017333984375 0.269012451171875
-0.395050048828125 0.465179443359375 -0.0413970947265625 0.247650146484375
-0.5816650390625 0.402099609375 0.0130767822265625 0.142471313476563
-0.560394287109375 0.31048583984375 -0.268234252929688 0.0532379150390625
-0.436676025390625 0.260162353515625 0.129020690917969 0.0954360961914063
-0.4969482421875 0.303802490234375 0.221099853515625 -0.1842041015625
-0.37542724609375 0.427337646484375 0.106292724609375 -0.349212646484375
-0.26007080078125 0.60919189453125 -0.099609375 -0.361083984375
0.13214111328125 0.67486572265625 -0.17730712890625 -0.296630859375
0.3890380859375 0.53802490234375 -0.24700927734375 -0.186721801757813
0.378570556640625 0.519561767578125 -0.23907470703125 -0.150238037109375
0.47698974609375 0.479644775390625 -0.129859924316406 -0.13299560546875
0.3037109375 0.49639892578125 -0.013519287109375 -0.126617431640625
0.10260009765625 0.557861328125 0.0364532470703125 -0.00104141235351559
-0.03936767578125 0.48162841796875 0.0776824951171875 0.164566040039063
-0.276458740234375 0.385833740234375 -0.041839599609375 0.330657958984375
-0.29656982421875 0.3978271484375 -0.1658935546875 0.35601806640625
-0.494140625 0.390533447265625 -0.198806762695312 0.245635986328125
-0.36651611328125 0.232879638671875 -0.4610595703125 0.12457275390625
-0.29095458984375 0.172149658203125 -0.052490234375 0.139579772949219
-0.36895751953125 0.1846923828125 0.117027282714844 -0.138114929199219
-0.29925537109375 0.31317138671875 0.07318115234375 -0.330718994140625
-0.20233154296875 0.47161865234375 -0.085174560546875 -0.445159912109375
0.112274169921875 0.537078857421875 -0.2574462890625 -0.462310791015625
0.295928955078125 0.424896240234375 -0.426788330078125 -0.331634521484375
0.281280517578125 0.41143798828125 -0.410369873046875 -0.257568359375
0.338592529296875 0.39453125 -0.287750244140625 -0.24444580078125
0.1785888671875 0.38726806640625 -0.097747802734375 -0.234970092773437
0.00820922851562504 0.396209716796875 0.0275955200195313 -0.0511131286621094
-0.06842041015625 0.291046142578125 0.048095703125 0.17767333984375
-0.172439575195313 0.220138549804687 -0.130645751953125 0.364288330078125
-0.17547607421875 0.284332275390625 -0.293548583984375 0.40631103515625
-0.348419189453125 0.319610595703125 -0.37506103515625 0.328826904296875
-0.117576599121094 0.127243041992188 -0.57867431640625 0.16510009765625
-0.0922470092773437 0.0800094604492188 -0.185699462890625 0.164138793945312
-0.160385131835937 0.046356201171875 0.0414199829101563 -0.100189208984375
-0.15936279296875 0.136642456054687 0.0360107421875 -0.3114013671875
-0.113845825195312 0.242034912109375 -0.087799072265625 -0.486236572265625
0.064788818359375 0.30572509765625 -0.33966064453125 -0.548431396484375
0.148284912109375 0.242599487304687 -0.5635986328125 -0.40814208984375
0.138839721679688 0.239639282226563 -0.5177001953125 -0.32379150390625
0.157211303710938 0.253173828125 -0.37652587890625 -0.329559326171875
0.04754638671875 0.2283935546875 -0.124237060546875 -0.3043212890625
-0.0594024658203125 0.196029663085937 0.0466156005859375 -0.0664176940917969
-0.0687026977539062 0.0945358276367188 0.00834655761718749 0.20062255859375
-0.0532951354980469 0.0635032653808594 -0.236480712890625 0.3555908203125
-0.047637939453125 0.150985717773438 -0.404449462890625 0.39373779296875
-0.16192626953125 0.20391845703125 -0.494842529296875 0.379547119140625
-0.0909500122070313 -0.0611648559570313 0.50933837890625 -0.418609619140625
-0.0878677368164063 -0.020111083984375 0.49420166015625 -0.3590087890625
-0.07037353515625 0.0556411743164063 0.278350830078125 -0.331634521484375
-0.00356674194335938 0.0682640075683594 0.0315704345703125 -0.267257690429688
0.0587654113769531 0.0424461364746094 -0.116119384765625 0.0624008178710937
0.048248291015625 -0.046600341796875 0.07952880859375 0.346099853515625
0.0347213745117188 -0.0474052429199219 0.437835693359375 0.389862060546875
0.0189228057861328 -0.0292263031005859 0.551239013671875 0.3580322265625
0.0184440612792969 -0.0522880554199219 0.6021728515625 0.42303466796875
0.0359458923339844 -0.0196876525878906 0.41510009765625 0.54290771484375
0.0615882873535156 0.008514404296875 0.17840576171875 0.45892333984375
0.0352859497070312 0.0904922485351563 0.040008544921875 0.29949951171875
-0.0441436767578125 0.121047973632813 0.0289840698242187 0.096221923828125
-0.101531982421875 0.0832977294921875 0.23480224609375 -0.1165771484375
-0.0912399291992188 -0.00222778320312501 0.65399169921875 -0.0972900390625
-0.318115234375 0.10491943359375 0.48956298828125 -0.3768310546875
-0.232101440429687 0.126449584960938 0.528594970703125 -0.281402587890625
-0.188369750976562 0.206146240234375 0.34722900390625 -0.290435791015625
-0.069183349609375 0.213699340820313 0.087310791015625 -0.293975830078125
0.00949096679687498 0.234115600585938 -0.134475708007813 0.0168991088867188
0.1177978515625 0.170394897460938 0.040557861328125 0.31793212890625
0.200271606445313 0.144012451171875 0.384918212890625 0.377166748046875
0.182937622070313 0.178192138671875 0.495758056640625 0.325164794921875
0.219512939453125 0.15838623046875 0.57696533203125 0.36212158203125
0.152664184570313 0.220672607421875 0.428924560546875 0.453765869140625
0.076019287109375 0.278366088867188 0.201507568359375 0.3887939453125
-0.032196044921875 0.327880859375 0.0828704833984375 0.269821166992188
-0.2412109375 0.28985595703125 0.058197021484375 0.108207702636719
-0.296844482421875 0.22967529296875 0.23199462890625 -0.0867156982421875
-0.3377685546875 0.1348876953125 0.59075927734375 -0.08856201171875
-0.526214599609375 0.24725341796875 0.387054443359375 -0.287445068359375
-0.3837890625 0.259246826171875 0.519561767578125 -0.18402099609375
-0.323211669921875 0.342010498046875 0.385498046875 -0.263671875
-0.16278076171875 0.3468017578125 0.12274169921875 -0.320892333984375
-0.07275390625 0.416534423828125 -0.144088745117187 -0.0496368408203125
0.150115966796875 0.391143798828125 -0.00502014160156251 0.237472534179688
0.329010009765625 0.33135986328125 0.278839111328125 0.304229736328125
0.3221435546875 0.3603515625 0.366485595703125 0.2440185546875
0.4017333984375 0.329833984375 0.468963623046875 0.253173828125
0.28167724609375 0.40692138671875 0.380767822265625 0.311309814453125
0.1357421875 0.497100830078125 0.195892333984375 0.286712646484375
-0.0327453613281251 0.529205322265625 0.114913940429687 0.232391357421875
-0.355804443359375 0.454620361328125 0.068389892578125 0.145645141601563
-0.4156494140625 0.374969482421875 0.173934936523437 -0.00708007812499998
-0.51898193359375 0.269927978515625 0.442596435546875 -0.042755126953125
-0.65966796875 0.34075927734375 0.203811645507812 -0.16925048828125
-0.495208740234375 0.341644287109375 0.451690673828125 -0.078399658203125
-0.451324462890625 0.4210205078125 0.37969970703125 -0.249969482421875
-0.271270751953125 0.45123291015625 0.132781982421875 -0.349212646484375
-0.1669921875 0.57275390625 -0.145416259765625 -0.140487670898437
0.15838623046875 0.58233642578125 -0.057342529296875 0.097564697265625
0.412109375 0.484283447265625 0.126373291015625 0.172119140625
0.41143798828125 0.494354248046875 0.179168701171875 0.125473022460938
0.525360107421875 0.445098876953125 0.289794921875 0.12371826171875
0.375396728515625 0.5147705078125 0.267120361328125 0.153732299804688
0.190185546875 0.62982177734375 0.15155029296875 0.177780151367188
-0.00445556640624996 0.63787841796875 0.125274658203125 0.194976806640625
-0.383514404296875 0.551239013671875 0.0615081787109375 0.204635620117188
-0.445343017578125 0.472198486328125 0.08135986328125 0.115936279296875
-0.608642578125 0.37591552734375 0.239730834960937 0.0396575927734375
-0.680908203125 0.36956787109375 -0.0308799743652344 -0.0444259643554687
-0.520111083984375 0.34033203125 0.31561279296875 0.017242431640625
-0.526885986328125 0.41290283203125 0.318023681640625 -0.22943115234375
-0.36151123046875 0.489013671875 0.119171142578125 -0.364288330078125
-0.2393798828125 0.65911865234375 -0.135452270507813 -0.252304077148437
0.1568603515625 0.69671630859375 -0.119606018066406 -0.09393310546875
0.43896484375 0.560455322265625 -0.0604782104492187 -0.00272750854492183
0.439208984375 0.55322265625 -0.0368576049804687 -0.0117454528808593
0.560028076171875 0.496185302734375 0.0722427368164063 -0.00986480712890622
0.39056396484375 0.546417236328125 0.11859130859375 0.000289916992187534
0.18829345703125 0.6529541015625 0.0885696411132813 0.0764694213867188
0.000976562500000016 0.62420654296875 0.114822387695313 0.169265747070313
-0.351593017578125 0.531341552734375 0.0333251953125 0.274627685546875
-0.399200439453125 0.482757568359375 -0.0316009521484375 0.255294799804688
-0.59954833984375 0.42803955078125 0.0123138427734375 0.14794921875
-0.58074951171875 0.33087158203125 -0.269302368164063 0.0613403320312501
-0.4517822265625 0.273681640625 0.13323974609375 0.090667724609375
-0.50927734375 0.328369140625 0.215896606445312 -0.191070556640625
-0.378631591796875 0.448333740234375 0.0919189453125 -0.359344482421875
-0.25238037109375 0.6339111328125 -0.11602783203125 -0.36492919921875
0.147216796875 0.6865234375 -0.194061279296875 -0.29937744140625
0.40606689453125 0.54180908203125 -0.259490966796875 -0.182113647460937
0.398590087890625 0.5247802734375 -0.249343872070313 -0.144622802734375
0.495880126953125 0.47845458984375 -0.13885498046875 -0.136451721191406
0.316436767578125 0.502227783203125 -0.0188446044921875 -0.134857177734375
0.11627197265625 0.570068359375 0.04168701171875 -0.00417327880859372
-0.029052734375 0.495758056640625 0.0907135009765625 0.1641845703125
-0.2783203125 0.406463623046875 -0.026123046875 0.3389892578125
-0.300933837890625 0.41339111328125 -0.158355712890625 0.3681640625
-0.50982666015625 0.41217041015625 -0.203872680664062 0.25933837890625
-0.3824462890625 0.247100830078125 -0.46905517578125 0.138397216796875
-0.301788330078125 0.18023681640625 -0.051300048828125 0.138351440429688
-0.378448486328125 0.20220947265625 0.1094970703125 -0.1439208984375
-0.302001953125 0.32745361328125 0.059356689453125 -0.34027099609375
-0.195526123046875 0.4891357421875 -0.10308837890625 -0.45263671875
0.124664306640625 0.546142578125 -0.279144287109375 -0.46826171875
0.3087158203125 0.425811767578125 -0.44622802734375 -0.3262939453125
0.296173095703125 0.4144287109375 -0.424652099609375 -0.251495361328125
0.35406494140625 0.3966064453125 -0.30255126953125 -0.247100830078125
0.185577392578125 0.39263916015625 -0.107284545898437 -0.244171142578125
0.017364501953125 0.40447998046875 0.0311470031738281 -0.0557594299316406
-0.06378173828125 0.300445556640625 0.059722900390625 0.178878784179688
-0.176361083984375 0.23394775390625 -0.1180419921875 0.3734130859375
-0.17913818359375 0.293853759765625 -0.287567138671875 0.42364501953125
-0.35809326171875 0.33551025390625 -0.383514404296875 0.3494873046875
-0.126785278320312 0.132575988769531 -0.590087890625 0.18017578125
-0.0959320068359375 0.0828094482421875 -0.188125610351563 0.165298461914062
-0.164810180664062 0.0532684326171875 0.0317306518554688 -0.104621887207031
-0.16015625 0.143661499023438 0.0208740234375 -0.31939697265625
-0.111053466796875 0.250823974609375 -0.108489990234375 -0.495361328125
0.07220458984375 0.3084716796875 -0.366119384765625 -0.554229736328125
0.155746459960938 0.244781494140625 -0.58563232421875 -0.40325927734375
0.14727783203125 0.2420654296875 -0.53466796875 -0.31817626953125
0.166351318359375 0.25531005859375 -0.3948974609375 -0.330718994140625
0.0517120361328125 0.23297119140625 -0.13568115234375 -0.314666748046875
-0.0561370849609375 0.201812744140625 0.0500640869140625 -0.0727005004882813
-0.0680313110351562 0.099639892578125 0.017852783203125 0.202911376953125
-0.0566940307617188 0.0693588256835938 -0.2271728515625 0.369354248046875
-0.0512542724609375 0.156524658203125 -0.40106201171875 0.41278076171875
-0.167465209960937 0.2110595703125 -0.504608154296875 0.401947021484375
-0.0965576171875 -0.0558929443359375 0.510833740234375 -0.460418701171875
-0.0906295776367188 -0.016265869140625 0.486358642578125 -0.39801025390625
-0.0704269409179688 0.061187744140625 0.2655029296875 -0.35638427734375
-0.00177764892578125 0.0712890625 0.015533447265625 -0.276290893554687
0.0637168884277344 0.04058837890625 -0.118484497070312 0.0734786987304687
0.0465660095214844 -0.0498428344726563 0.096893310546875 0.360382080078125
0.0318031311035156 -0.0490036010742188 0.467620849609375 0.383819580078125
0.0184059143066406 -0.0294303894042969 0.58331298828125 0.344970703125
0.0159950256347656 -0.0543975830078125 0.645263671875 0.4088134765625
0.0361137390136719 -0.02081298828125 0.458770751953125 0.5428466796875
0.0628738403320313 0.00745773315429688 0.20928955078125 0.46759033203125
0.04095458984375 0.0935897827148438 0.0628662109375 0.309539794921875
-0.0388259887695312 0.126113891601563 0.0419692993164062 0.103691101074219
-0.0981674194335938 0.088592529296875 0.2403564453125 -0.126327514648438
-0.0937881469726563 0.00431823730468749 0.67596435546875 -0.1317138671875
-0.327362060546875 0.128570556640625 0.492828369140625 -0.4144287109375
-0.236297607421875 0.142486572265625 0.52496337890625 -0.31866455078125
-0.185150146484375 0.224258422851563 0.34051513671875 -0.31512451171875
-0.0630950927734375 0.22430419921875 0.0718994140625 -0.305938720703125
0.0224609375 0.242202758789062 -0.140296936035156 0.0275955200195313
0.126480102539063 0.17022705078125 0.05352783203125 0.333221435546875
0.21063232421875 0.139663696289063 0.41375732421875 0.3724365234375
0.198043823242187 0.177825927734375 0.525604248046875 0.313568115234375
0.232833862304688 0.153289794921875 0.61566162109375 0.343994140625
0.165634155273438 0.22369384765625 0.467254638671875 0.44854736328125
0.0894775390625 0.2857666015625 0.230712890625 0.394989013671875
-0.018829345703125 0.343536376953125 0.106536865234375 0.27618408203125
-0.237548828125 0.31103515625 0.0741119384765625 0.113365173339844
-0.29559326171875 0.248626708984375 0.239578247070312 -0.0970306396484375
-0.347076416015625 0.158905029296875 0.60986328125 -0.1185302734375
-0.539154052734375 0.287261962890625 0.390533447265625 -0.31658935546875
-0.389312744140625 0.2879638671875 0.521484375 -0.21807861328125
-0.31988525390625 0.373565673828125 0.379241943359375 -0.287933349609375
-0.153656005859375 0.366729736328125 0.105712890625 -0.33575439453125
-0.053955078125 0.43597412109375 -0.154251098632813 -0.0393524169921874
0.1702880859375 0.396148681640625 0.00248718261718749 0.249542236328125
0.35137939453125 0.32830810546875 0.300018310546875 0.303192138671875
0.349578857421875 0.360748291015625 0.3876953125 0.23858642578125
0.429595947265625 0.320465087890625 0.49591064453125 0.23760986328125
0.306854248046875 0.410186767578125 0.408416748046875 0.30413818359375
0.159576416015625 0.5098876953125 0.219207763671875 0.289581298828125
-0.00912475585937504 0.551177978515625 0.138412475585938 0.233535766601562
-0.349395751953125 0.488861083984375 0.086883544921875 0.149673461914063
-0.4144287109375 0.404876708984375 0.1829833984375 -0.0142669677734375
-0.531494140625 0.3095703125 0.457427978515625 -0.063873291015625
-0.676025390625 0.38934326171875 0.20819091796875 -0.184677124023437
-0.5028076171875 0.376373291015625 0.45867919921875 -0.104827880859375
-0.45086669921875 0.463836669921875 0.375244140625 -0.27093505859375
-0.262664794921875 0.48028564453125 0.11370849609375 -0.36480712890625
-0.142578125 0.60272216796875 -0.16192626953125 -0.13323974609375
0.189453125 0.5938720703125 -0.0588226318359375 0.105979919433594
0.44281005859375 0.481201171875 0.135787963867188 0.174713134765625
0.4500732421875 0.4937744140625 0.18914794921875 0.125320434570313
0.561065673828125 0.4334716796875 0.302978515625 0.111572265625
0.40802001953125 0.517730712890625 0.28216552734375 0.14410400390625
0.22479248046875 0.6436767578125 0.168670654296875 0.176010131835938
0.0247192382812499 0.6641845703125 0.147628784179688 0.19281005859375
-0.37408447265625 0.59234619140625 0.08258056640625 0.209182739257813
-0.44219970703125 0.50628662109375 0.0936660766601562 0.117179870605469
-0.61968994140625 0.42413330078125 0.24798583984375 0.0314788818359375
-0.6978759765625 0.4180908203125 -0.0288047790527344 -0.0441627502441406
-0.531494140625 0.378326416015625 0.32513427734375 -0.000366210937499977
-0.530181884765625 0.46136474609375 0.3134765625 -0.247344970703125
-0.352630615234375 0.5250244140625 0.0980224609375 -0.37957763671875
-0.21337890625 0.696533203125 -0.158187866210938 -0.24920654296875
0.19244384765625 0.7115478515625 -0.133438110351563 -0.0893707275390625
0.476318359375 0.557373046875 -0.0646591186523437 0.00341796875000005
0.481658935546875 0.5537109375 -0.0398750305175781 -0.00534820556640621
0.60125732421875 0.4849853515625 0.0709457397460938 -0.0162734985351562
0.42291259765625 0.547515869140625 0.119827270507813 -0.00914001464843747
0.2239990234375 0.6673583984375 0.0997238159179688 0.0738677978515626
0.03204345703125 0.64923095703125 0.135177612304688 0.165664672851563
-0.34197998046875 0.5723876953125 0.055908203125 0.281341552734375
-0.394012451171875 0.51800537109375 -0.0174713134765625 0.2657470703125
-0.60986328125 0.477783203125 0.0161590576171875 0.155868530273438
-0.597412109375 0.3741455078125 -0.271163940429688 0.07708740234375
-0.46405029296875 0.3043212890625 0.141510009765625 0.0825653076171875
-0.516387939453125 0.3697509765625 0.208755493164062 -0.203964233398437
-0.37347412109375 0.4815673828125 0.0692138671874999 -0.37298583984375
-0.22698974609375 0.67059326171875 -0.14385986328125 -0.36712646484375
0.18365478515625 0.70086669921875 -0.220550537109375 -0.29937744140625
0.440216064453125 0.539093017578125 -0.278640747070313 -0.173019409179688
0.43804931640625 0.525238037109375 -0.264266967773438 -0.13275146484375
0.53411865234375 0.469635009765625 -0.153610229492187 -0.135879516601562
0.34466552734375 0.50482177734375 -0.0289154052734375 -0.1435546875
0.14776611328125 0.58172607421875 0.0470466613769531 -0.00912857055664059
-0.00570678710937503 0.515350341796875 0.109176635742187 0.161956787109375
-0.271575927734375 0.440155029296875 -0.00408935546875005 0.34954833984375
-0.2969970703125 0.443450927734375 -0.1435546875 0.3892822265625
-0.515350341796875 0.457611083984375 -0.204010009765625 0.282501220703125
-0.395263671875 0.276123046875 -0.475372314453125 0.164031982421875
-0.310272216796875 0.199951171875 -0.0474166870117188 0.139533996582031
-0.38482666015625 0.231292724609375 0.10015869140625 -0.151321411132812
-0.297332763671875 0.3529052734375 0.03631591796875 -0.351806640625
-0.177703857421875 0.518310546875 -0.134674072265625 -0.458892822265625
0.1544189453125 0.556121826171875 -0.3167724609375 -0.46844482421875
0.336700439453125 0.424163818359375 -0.47674560546875 -0.3138427734375
0.326873779296875 0.41485595703125 -0.448974609375 -0.236328125
0.38262939453125 0.390777587890625 -0.328338623046875 -0.24072265625
0.20660400390625 0.395965576171875 -0.12603759765625 -0.252059936523438
0.0380859375 0.416656494140625 0.0337600708007813 -0.062591552734375
-0.050537109375 0.3140869140625 0.076019287109375 0.178802490234375
-0.173324584960938 0.255172729492188 -0.0972900390625 0.390716552734375
-0.175872802734375 0.314727783203125 -0.2725830078125 0.451690673828125
-0.363433837890625 0.367156982421875 -0.38507080078125 0.384765625
-0.131637573242188 0.143875122070313 -0.6021728515625 0.2137451171875
-0.0993118286132813 0.0897750854492188 -0.188339233398438 0.172821044921875
-0.169464111328125 0.06488037109375 0.02056884765625 -0.109596252441406
-0.157638549804688 0.156295776367188 -0.00189208984375003 -0.327484130859375
-0.101119995117188 0.264617919921875 -0.141021728515625 -0.502960205078125
0.0887451171875 0.31451416015625 -0.408203125 -0.5537109375
0.170501708984375 0.243728637695313 -0.6231689453125 -0.385986328125
0.163482666015625 0.242477416992188 -0.56488037109375 -0.3017578125
0.183685302734375 0.255233764648438 -0.426361083984375 -0.322113037109375
0.06231689453125 0.237152099609375 -0.157745361328125 -0.3226318359375
-0.047607421875 0.210662841796875 0.05218505859375 -0.0814895629882812
-0.065185546875 0.106414794921875 0.03314208984375 0.205551147460938
-0.0585250854492188 0.07757568359375 -0.211273193359375 0.389892578125
-0.0494537353515625 0.16546630859375 -0.390106201171875 0.446533203125
-0.1676025390625 0.225509643554688 -0.5091552734375 0.4437255859375
-0.1019287109375 -0.0473403930664062 0.491912841796875 -0.508270263671875
-0.0929031372070313 -0.009429931640625 0.462310791015625 -0.439666748046875
-0.0677490234375 0.0685806274414063 0.23907470703125 -0.380462646484375
0.00249481201171874 0.0745468139648438 -0.0072021484375 -0.2825927734375
0.0685806274414063 0.0364189147949219 -0.117446899414062 0.086700439453125
0.0417442321777344 -0.0537796020507813 0.123260498046875 0.367523193359375
0.0274276733398438 -0.0505180358886719 0.50347900390625 0.35888671875
0.0169925689697266 -0.0303897857666016 0.61773681640625 0.3095703125
0.0106582641601562 -0.0562667846679688 0.69085693359375 0.36932373046875
0.0350780487060547 -0.0222320556640625 0.5115966796875 0.5233154296875
0.0638465881347656 0.004913330078125 0.2498779296875 0.4647216796875
0.0482711791992187 0.0946578979492188 0.0931396484375 0.3118896484375
-0.03045654296875 0.129875183105469 0.0579605102539063 0.10675048828125
-0.0919113159179688 0.0947418212890625 0.239715576171875 -0.140914916992187
-0.0943450927734375 0.0133590698242187 0.681884765625 -0.18218994140625
-0.3275146484375 0.159088134765625 0.478546142578125 -0.46148681640625
-0.231887817382813 0.1630859375 0.50592041015625 -0.36297607421875
-0.173583984375 0.245849609375 0.318084716796875 -0.343505859375
-0.0503082275390625 0.235092163085938 0.046875 -0.31597900390625
0.0418548583984375 0.24554443359375 -0.142990112304688 0.0423736572265625
0.138824462890625 0.16497802734375 0.076812744140625 0.34124755859375
0.221817016601562 0.130157470703125 0.446441650390625 0.35308837890625
0.21514892578125 0.16943359375 0.555267333984375 0.284881591796875
0.246978759765625 0.139862060546875 0.654296875 0.3045654296875
0.1834716796875 0.219146728515625 0.513397216796875 0.4254150390625
0.10992431640625 0.28826904296875 0.266204833984375 0.38934326171875
0.00460815429687503 0.35491943359375 0.1361083984375 0.274124145507813
-0.221710205078125 0.33544921875 0.0918960571289062 0.112922668457031
-0.285247802734375 0.27117919921875 0.241439819335938 -0.112579345703125
-0.34625244140625 0.19195556640625 0.616943359375 -0.16571044921875
-0.535064697265625 0.336883544921875 0.380157470703125 -0.353851318359375
-0.38018798828125 0.323486328125 0.510009765625 -0.260955810546875
-0.299407958984375 0.410400390625 0.361724853515625 -0.316619873046875
-0.1318359375 0.3883056640625 0.0789794921875 -0.347625732421875
-0.020965576171875 0.4495849609375 -0.163116455078125 -0.0234832763671875
0.19976806640625 0.3916015625 0.0177154541015625 0.258743286132813
0.3785400390625 0.31146240234375 0.32598876953125 0.29156494140625
0.383270263671875 0.3466796875 0.4112548828125 0.21697998046875
0.459136962890625 0.29766845703125 0.522705078125 0.20379638671875
0.339141845703125 0.399871826171875 0.43975830078125 0.27960205078125
0.19793701171875 0.51251220703125 0.248001098632812 0.280380249023438
0.02880859375 0.5670166015625 0.166671752929688 0.226242065429688
-0.324493408203125 0.527069091796875 0.107421875 0.147445678710938
-0.397064208984375 0.44012451171875 0.188720703125 -0.02520751953125
-0.5247802734375 0.360107421875 0.462493896484375 -0.098297119140625
-0.67047119140625 0.4539794921875 0.20416259765625 -0.205123901367187
-0.49365234375 0.422698974609375 0.454010009765625 -0.143035888671875
-0.42840576171875 0.51507568359375 0.360382080078125 -0.29913330078125
-0.234832763671875 0.51129150390625 0.0844726562499999 -0.377410888671875
-0.099853515625 0.628173828125 -0.177734375 -0.117507934570312
0.2320556640625 0.59271240234375 -0.0563278198242187 0.115364074707031
0.48187255859375 0.4610595703125 0.149368286132813 0.171142578125
0.495941162109375 0.473541259765625 0.201690673828125 0.118423461914063
0.60205078125 0.40106201171875 0.315093994140625 0.0889892578125
0.448516845703125 0.50238037109375 0.29718017578125 0.124664306640625
0.275390625 0.6436767578125 0.188339233398438 0.167037963867188
0.0731811523437499 0.67919921875 0.172134399414063 0.18212890625
-0.3433837890625 0.6365966796875 0.1065673828125 0.206146240234375
-0.419342041015625 0.549163818359375 0.106597900390625 0.113609313964844
-0.61004638671875 0.48553466796875 0.254074096679687 0.01611328125
-0.694091796875 0.483642578125 -0.027740478515625 -0.0438461303710937
-0.5245361328125 0.424957275390625 0.329193115234375 -0.02716064453125
-0.512237548828125 0.516754150390625 0.299652099609375 -0.270355224609375
-0.3251953125 0.56317138671875 0.0665283203125 -0.390167236328125
-0.1650390625 0.7293701171875 -0.182708740234375 -0.236968994140625
0.245361328125 0.7120361328125 -0.147064208984375 -0.0805206298828125
0.5216064453125 0.536865234375 -0.0667228698730468 0.01043701171875
0.531158447265625 0.531524658203125 -0.0405120849609375 0.00106048583984379
0.6448974609375 0.4498291015625 0.0668754577636719 -0.0232505798339843
0.46746826171875 0.533111572265625 0.118797302246094 -0.0212326049804687
0.277099609375 0.66534423828125 0.110565185546875 0.0655288696289063
0.0784912109375 0.659912109375 0.156082153320313 0.1551513671875
-0.310546875 0.61370849609375 0.084320068359375 0.281051635742188
-0.369873046875 0.558013916015625 0.00364685058593746 0.27276611328125
-0.59521484375 0.539794921875 0.02471923828125 0.161758422851563
-0.59271240234375 0.4302978515625 -0.26751708984375 0.0972595214843751
-0.460479736328125 0.34381103515625 0.148788452148437 0.0692901611328125
-0.50244140625 0.419952392578125 0.196975708007812 -0.219818115234375
-0.349639892578125 0.5196533203125 0.03857421875 -0.380950927734375
-0.18218994140625 0.703857421875 -0.178009033203125 -0.357635498046875
0.23590087890625 0.70037841796875 -0.251251220703125 -0.28887939453125
0.48419189453125 0.519012451171875 -0.2978515625 -0.1541748046875
0.485382080078125 0.504302978515625 -0.277557373046875 -0.112411499023437
0.57696533203125 0.43939208984375 -0.171218872070312 -0.128509521484375
0.384033203125 0.49188232421875 -0.0447845458984375 -0.148208618164062
0.1925048828125 0.58343505859375 0.0518913269042969 -0.0160865783691406
0.0314025878906251 0.52667236328125 0.128387451171875 0.152603149414063
-0.248321533203125 0.474395751953125 0.02728271484375 0.3546142578125
-0.274383544921875 0.47430419921875 -0.1151123046875 0.40692138671875
-0.501983642578125 0.50927734375 -0.191650390625 0.308441162109375
-0.392669677734375 0.314849853515625 -0.470672607421875 0.20166015625
-0.309112548828125 0.226837158203125 -0.04010009765625 0.139068603515625
-0.379547119140625 0.267486572265625 0.088226318359375 -0.15966796875
-0.28009033203125 0.3818359375 0.006439208984375 -0.356292724609375
-0.14337158203125 0.5423583984375 -0.17352294921875 -0.45220947265625
0.196990966796875 0.555755615234375 -0.36083984375 -0.453887939453125
0.37103271484375 0.4095458984375 -0.50823974609375 -0.284332275390625
0.36297607421875 0.399078369140625 -0.472869873046875 -0.20538330078125
0.41961669921875 0.370513916015625 -0.356231689453125 -0.2220458984375
0.237457275390625 0.390838623046875 -0.151168823242187 -0.251571655273438
0.069488525390625 0.420684814453125 0.0338668823242188 -0.0706939697265625
-0.02789306640625 0.32373046875 0.0950927734375 0.172714233398438
-0.160354614257813 0.2779541015625 -0.0662841796875 0.403289794921875
-0.159942626953125 0.336090087890625 -0.24224853515625 0.480316162109375
-0.34942626953125 0.4052734375 -0.36944580078125 0.4259033203125
-0.130233764648437 0.15972900390625 -0.5985107421875 0.26141357421875
-0.09808349609375 0.0980072021484375 -0.182876586914063 0.183197021484375
-0.169998168945313 0.0790252685546875 0.00809478759765624 -0.1126708984375
-0.14935302734375 0.1707763671875 -0.03009033203125 -0.32904052734375
-0.0832672119140625 0.277542114257813 -0.18389892578125 -0.49871826171875
0.112762451171875 0.312744140625 -0.4593505859375 -0.5352783203125
0.190093994140625 0.23651123046875 -0.662353515625 -0.3465576171875
0.184188842773438 0.234970092773438 -0.5955810546875 -0.265380859375
0.20599365234375 0.246719360351563 -0.461822509765625 -0.29693603515625
0.080352783203125 0.237625122070312 -0.1881103515625 -0.321868896484375
-0.0309906005859375 0.216567993164062 0.0507888793945312 -0.092315673828125
-0.0588455200195313 0.112556457519531 0.052215576171875 0.204574584960938
-0.0555267333984375 0.08740234375 -0.18145751953125 0.41204833984375
-0.0410003662109375 0.17431640625 -0.3599853515625 0.483428955078125
-0.159774780273438 0.2425537109375 -0.49139404296875 0.49566650390625
-0.104774475097656 -0.0365829467773438 0.4532470703125 -0.545654296875
-0.0925216674804688 -0.00222778320312501 0.41949462890625 -0.47088623046875
-0.0612564086914063 0.0749893188476563 0.2032470703125 -0.391693115234375
0.00771331787109375 0.0764541625976563 -0.0328826904296875 -0.279693603515625
0.071197509765625 0.0299224853515625 -0.112197875976563 0.0971908569335938
0.0352592468261719 -0.0561676025390625 0.149993896484375 0.361663818359375
0.0224761962890625 -0.0499267578125 0.5257568359375 0.31982421875
0.0149726867675781 -0.0301189422607422 0.63275146484375 0.26043701171875
0.00472640991210938 -0.0553245544433594 0.71356201171875 0.30902099609375
0.0335159301757812 -0.0238265991210938 0.55230712890625 0.47918701171875
0.0634307861328125 0.0020904541015625 0.28619384765625 0.443939208984375
0.0556716918945313 0.0922317504882813 0.1217041015625 0.302734375
-0.021148681640625 0.129447937011719 0.07281494140625 0.103713989257813
-0.083343505859375 0.0982589721679688 0.231796264648438 -0.153717041015625
-0.0921630859375 0.0232391357421875 0.6636962890625 -0.2332763671875
-0.31494140625 0.186981201171875 0.441314697265625 -0.496337890625
-0.219314575195313 0.179840087890625 0.46759033203125 -0.396636962890625
-0.151962280273438 0.260726928710938 0.285186767578125 -0.360595703125
-0.032440185546875 0.238510131835938 0.01837158203125 -0.3160400390625
0.061431884765625 0.2392578125 -0.1407470703125 0.0564727783203125
0.146865844726563 0.153091430664063 0.10089111328125 0.337677001953125
0.227096557617188 0.114227294921875 0.468719482421875 0.318389892578125
0.2266845703125 0.153915405273438 0.57098388671875 0.240966796875
0.252471923828125 0.121170043945313 0.67193603515625 0.2489013671875
0.1976318359375 0.206695556640625 0.543792724609375 0.3829345703125
0.128631591796875 0.28070068359375 0.29595947265625 0.36712646484375
0.0308837890625 0.35406494140625 0.162017822265625 0.26031494140625
-0.197265625 0.35028076171875 0.10699462890625 0.106369018554688
-0.26373291015625 0.2877197265625 0.234237670898438 -0.127059936523437
-0.329254150390625 0.22064208984375 0.59783935546875 -0.21075439453125
-0.51025390625 0.382049560546875 0.354705810546875 -0.383209228515625
-0.35675048828125 0.35064697265625 0.478759765625 -0.29736328125
-0.26458740234375 0.434844970703125 0.332611083984375 -0.337249755859375
-0.1033935546875 0.397216796875 0.04754638671875 -0.348480224609375
0.01617431640625 0.44873046875 -0.16546630859375 -0.00614929199218748
0.223358154296875 0.373504638671875 0.0340576171875 0.25982666015625
0.394775390625 0.28277587890625 0.343475341796875 0.266265869140625
0.406982421875 0.31512451171875 0.423065185546875 0.187835693359375
0.4742431640625 0.2603759765625 0.532470703125 0.1595458984375
0.3651123046875 0.3739013671875 0.459320068359375 0.244903564453125
0.233612060546875 0.496185302734375 0.269485473632812 0.259841918945313
0.0709228515625 0.56231689453125 0.18792724609375 0.209304809570313
-0.285064697265625 0.551605224609375 0.124191284179688 0.137725830078125
-0.363311767578125 0.464202880859375 0.188232421875 -0.0370941162109375
-0.49810791015625 0.40350341796875 0.45013427734375 -0.13226318359375
-0.63690185546875 0.509521484375 0.190643310546875 -0.22137451171875
-0.463348388671875 0.45782470703125 0.434356689453125 -0.17767333984375
-0.384674072265625 0.5517578125 0.333831787109375 -0.31866455078125
-0.19696044921875 0.5269775390625 0.050506591796875 -0.376617431640625
-0.048095703125 0.63067626953125 -0.187973022460938 -0.0967559814453125
0.27301025390625 0.570556640625 -0.0511932373046875 0.121635437011719
0.508026123046875 0.42236328125 0.160140991210938 0.160491943359375
0.52923583984375 0.434417724609375 0.20867919921875 0.104629516601563
0.62542724609375 0.352294921875 0.31573486328125 0.063629150390625
0.480499267578125 0.468170166015625 0.302825927734375 0.099029541015625
0.31866455078125 0.6195068359375 0.202346801757813 0.149642944335938
0.12261962890625 0.66796875 0.1890869140625 0.16290283203125
-0.2940673828125 0.66204833984375 0.127288818359375 0.195892333984375
-0.3782958984375 0.57501220703125 0.116226196289062 0.105453491210938
-0.5726318359375 0.535888671875 0.251815795898437 -0.000656127929687467
-0.65802001953125 0.54010009765625 -0.0272407531738282 -0.0438995361328125
-0.496734619140625 0.46112060546875 0.320037841796875 -0.05438232421875
-0.468292236328125 0.55877685546875 0.276763916015625 -0.285888671875
-0.2822265625 0.58563232421875 0.032806396484375 -0.388092041015625
-0.10455322265625 0.73760986328125 -0.201690673828125 -0.21405029296875
0.29534912109375 0.686767578125 -0.15679931640625 -0.0658264160156249
0.55328369140625 0.49462890625 -0.0657386779785156 0.0173263549804688
0.56884765625 0.48663330078125 -0.0386962890625 0.00749969482421878
0.67279052734375 0.39630126953125 0.0604705810546875 -0.0282745361328125
0.50201416015625 0.495025634765625 0.113182067871094 -0.03277587890625
0.32330322265625 0.63970947265625 0.117546081542969 0.0535202026367188
0.12689208984375 0.64910888671875 0.1708984375 0.13653564453125
-0.2618408203125 0.6385498046875 0.109710693359375 0.270660400390625
-0.32666015625 0.58221435546875 0.02618408203125 0.2703857421875
-0.55584716796875 0.58740234375 0.0345001220703125 0.162704467773438
-0.562164306640625 0.47857666015625 -0.255264282226563 0.114791870117188
-0.43865966796875 0.377777099609375 0.149337768554687 0.052764892578125
-0.469482421875 0.46356201171875 0.17803955078125 -0.229400634765625
-0.308258056640625 0.543243408203125 0.00616455078124994 -0.375732421875
-0.125 0.7125244140625 -0.205108642578125 -0.334625244140625
0.28570556640625 0.67694091796875 -0.275543212890625 -0.26611328125
0.515533447265625 0.479217529296875 -0.30645751953125 -0.128662109375
0.519256591796875 0.463165283203125 -0.281341552734375 -0.0880432128906249
0.60504150390625 0.389404296875 -0.183258056640625 -0.112503051757812
0.4161376953125 0.460601806640625 -0.059906005859375 -0.146041870117187
0.234619140625 0.56494140625 0.0526123046875 -0.0243034362792968
0.071685791015625 0.517120361328125 0.142623901367188 0.1368408203125
-0.2105712890625 0.4937744140625 0.057861328125 0.347198486328125
-0.2391357421875 0.494049072265625 -0.0804443359375 0.41259765625
-0.46392822265625 0.54888916015625 -0.168792724609375 0.325836181640625
-0.3704833984375 0.347381591796875 -0.4500732421875 0.2332763671875
-0.2960205078125 0.249237060546875 -0.032958984375 0.135330200195313
-0.357818603515625 0.298583984375 0.0737457275390625 -0.162628173828125
-0.249481201171875 0.400177001953125 -0.02264404296875 -0.348724365234375
-0.100250244140625 0.548370361328125 -0.20782470703125 -0.430145263671875
0.236419677734375 0.53509521484375 -0.396575927734375 -0.4212646484375
0.396087646484375 0.377716064453125 -0.526885986328125 -0.240936279296875
0.389739990234375 0.368194580078125 -0.48272705078125 -0.16632080078125
0.443084716796875 0.33367919921875 -0.372650146484375 -0.189544677734375
0.26361083984375 0.370574951171875 -0.173065185546875 -0.240859985351562
0.101043701171875 0.410247802734375 0.0307998657226563 -0.077880859375
-0.00323486328124997 0.321563720703125 0.110458374023437 0.160263061523438
-0.138641357421875 0.2933349609375 -0.032012939453125 0.40374755859375
-0.13568115234375 0.34649658203125 -0.200408935546875 0.493804931640625
-0.321319580078125 0.43157958984375 -0.335601806640625 0.457183837890625
-0.120880126953125 0.171600341796875 -0.57330322265625 0.302734375
-0.093231201171875 0.10455322265625 -0.171829223632813 0.189788818359375
-0.164077758789063 0.0923614501953125 -0.0051422119140625 -0.111091613769531
-0.135238647460938 0.1800537109375 -0.056854248046875 -0.31854248046875
-0.06134033203125 0.28125 -0.220550537109375 -0.477294921875
0.135711669921875 0.300872802734375 -0.498992919921875 -0.493438720703125
0.204544067382813 0.219390869140625 -0.681396484375 -0.29095458984375
0.198989868164062 0.218963623046875 -0.60662841796875 -0.21868896484375
0.224639892578125 0.227828979492188 -0.48126220703125 -0.256378173828125
0.0968475341796875 0.229293823242188 -0.214508056640625 -0.306793212890625
-0.013397216796875 0.215301513671875 0.045501708984375 -0.100273132324219
-0.0493545532226562 0.115737915039063 0.07037353515625 0.19537353515625
-0.0486602783203125 0.094696044921875 -0.14398193359375 0.420257568359375
-0.029083251953125 0.177688598632813 -0.316925048828125 0.50689697265625
-0.144195556640625 0.252700805664063 -0.45001220703125 0.5338134765625
-0.103858947753906 -0.0271224975585937 0.415679931640625 -0.55975341796875
-0.0906753540039063 0.00305938720703124 0.379119873046875 -0.481048583984375
-0.0550003051757813 0.0777816772460938 0.173828125 -0.388763427734375
0.0121917724609375 0.0762481689453125 -0.051483154296875 -0.270614624023438
0.0709457397460937 0.0242767333984375 -0.106483459472656 0.103416442871094
0.0290031433105469 -0.0561027526855469 0.166290283203125 0.35009765625
0.0186920166015625 -0.0476188659667969 0.53009033203125 0.28497314453125
0.0133743286132813 -0.0288925170898438 0.630126953125 0.220703125
0.000495910644531251 -0.0527915954589844 0.7127685546875 0.25701904296875
0.0319366455078125 -0.0240535736083984 0.56793212890625 0.4365234375
0.0617904663085938 0.00048828125 0.306396484375 0.41961669921875
0.0598068237304688 0.0892562866210938 0.140350341796875 0.2877197265625
-0.0148239135742188 0.126388549804688 0.082977294921875 0.0987014770507813
-0.0758285522460938 0.0977325439453125 0.221588134765625 -0.158660888671875
-0.0875473022460938 0.0293121337890625 0.6346435546875 -0.26422119140625
-0.29833984375 0.204620361328125 0.407623291015625 -0.512542724609375
-0.206344604492188 0.18865966796875 0.42889404296875 -0.4107666015625
-0.13238525390625 0.26519775390625 0.2569580078125 -0.363037109375
-0.0189056396484375 0.237106323242188 -0.00357055664062503 -0.308197021484375
0.0734405517578125 0.229339599609375 -0.135368347167969 0.0657272338867188
0.14813232421875 0.142059326171875 0.1162109375 0.329254150390625
0.22607421875 0.101715087890625 0.473175048828125 0.28753662109375
0.230575561523438 0.139495849609375 0.56866455078125 0.20440673828125
0.250961303710938 0.105911254882813 0.66943359375 0.201171875
0.203781127929688 0.19329833984375 0.554534912109375 0.343353271484375
0.140090942382812 0.268951416015625 0.31085205078125 0.34332275390625
0.0494384765625 0.346771240234375 0.1768798828125 0.24322509765625
-0.1756591796875 0.354217529296875 0.115989685058594 0.09906005859375
-0.242950439453125 0.292327880859375 0.225189208984375 -0.134002685546875
-0.3106689453125 0.237701416015625 0.572509765625 -0.23724365234375
-0.479827880859375 0.40655517578125 0.326416015625 -0.395355224609375
-0.33392333984375 0.36328125 0.4453125 -0.31451416015625
-0.233856201171875 0.44390869140625 0.304595947265625 -0.34197998046875
-0.07830810546875 0.39508056640625 0.02301025390625 -0.339630126953125
0.041748046875 0.434967041015625 -0.162811279296875 0.00727844238281251
0.2354736328125 0.351837158203125 0.045867919921875 0.256134033203125
0.398406982421875 0.257293701171875 0.349578857421875 0.242767333984375
0.415435791015625 0.288482666015625 0.421905517578125 0.160552978515625
0.475341796875 0.229339599609375 0.526153564453125 0.12347412109375
0.374786376953125 0.349945068359375 0.461395263671875 0.21209716796875
0.253662109375 0.474945068359375 0.279525756835938 0.238983154296875
0.098480224609375 0.54803466796875 0.198684692382813 0.190567016601563
-0.25079345703125 0.556884765625 0.134819030761719 0.127723693847656
-0.331817626953125 0.471160888671875 0.184799194335937 -0.045135498046875
-0.467498779296875 0.42633056640625 0.431732177734375 -0.1519775390625
-0.5992431640625 0.5382080078125 0.176437377929688 -0.229400634765625
-0.434326171875 0.473663330078125 0.409942626953125 -0.19659423828125
-0.34466552734375 0.56500244140625 0.308502197265625 -0.32489013671875
-0.163970947265625 0.5277099609375 0.025146484375 -0.366790771484375
-0.01007080078125 0.617431640625 -0.189102172851563 -0.0790252685546874
0.294921875 0.539794921875 -0.0465164184570312 0.125198364257813
0.516326904296875 0.3873291015625 0.164169311523438 0.149444580078125
0.539093017578125 0.395904541015625 0.210006713867188 0.0921173095703125
0.62646484375 0.30889892578125 0.308319091796875 0.044036865234375
0.493560791015625 0.4351806640625 0.298919677734375 0.078277587890625
0.34454345703125 0.58984375 0.206832885742188 0.133575439453125
0.15570068359375 0.64752197265625 0.197372436523438 0.144912719726563
-0.25299072265625 0.668212890625 0.139999389648437 0.18353271484375
-0.33978271484375 0.58197021484375 0.121444702148437 0.0967636108398438
-0.53375244140625 0.56280517578125 0.243698120117187 -0.0118865966796875
-0.6192626953125 0.56988525390625 -0.0265884399414063 -0.0436744689941406
-0.46728515625 0.482147216796875 0.306304931640625 -0.072113037109375
-0.4263916015625 0.57861328125 0.255828857421875 -0.290679931640625
-0.24420166015625 0.58941650390625 0.00827026367187497 -0.37628173828125
-0.05889892578125 0.725341796875 -0.208389282226563 -0.19195556640625
0.32452392578125 0.65338134765625 -0.160446166992187 -0.0533905029296875
0.5638427734375 0.45440673828125 -0.0638236999511718 0.0221595764160157
0.58160400390625 0.445068359375 -0.035552978515625 0.0107841491699219
0.67657470703125 0.348388671875 0.0545730590820313 -0.0293045043945312
0.51397705078125 0.4576416015625 0.104835510253906 -0.0399856567382812
0.350830078125 0.60662841796875 0.119003295898438 0.0419692993164063
0.15875244140625 0.6268310546875 0.1773681640625 0.119171142578125
-0.22210693359375 0.6451416015625 0.126434326171875 0.257888793945313
-0.29095458984375 0.58563232421875 0.0420684814453125 0.262619018554688
-0.51361083984375 0.61090087890625 0.0406951904296875 0.160476684570313
-0.5296630859375 0.502349853515625 -0.240982055664063 0.12359619140625
-0.41546630859375 0.395050048828125 0.144485473632812 0.0399017333984375
-0.433563232421875 0.4835205078125 0.1617431640625 -0.231002807617187
-0.273284912109375 0.548583984375 -0.015625 -0.36358642578125
-0.08050537109375 0.7027587890625 -0.217987060546875 -0.310760498046875
0.3140869140625 0.64300537109375 -0.287445068359375 -0.24224853515625
0.526611328125 0.440643310546875 -0.306640625 -0.108062744140625
0.530670166015625 0.424713134765625 -0.276901245117187 -0.0689544677734375
0.61053466796875 0.3450927734375 -0.187347412109375 -0.0962829589843749
0.42919921875 0.42706298828125 -0.0708770751953125 -0.1409912109375
0.259857177734375 0.535614013671875 0.0512580871582031 -0.0309867858886718
0.096649169921875 0.499755859375 0.149444580078125 0.121551513671875
-0.179107666015625 0.499725341796875 0.080352783203125 0.334930419921875
-0.208099365234375 0.495025634765625 -0.05450439453125 0.406494140625
-0.42730712890625 0.56719970703125 -0.148468017578125 0.33184814453125
-0.34735107421875 0.363128662109375 -0.4254150390625 0.250274658203125
-0.28192138671875 0.260589599609375 -0.030242919921875 0.129203796386719
-0.334564208984375 0.313812255859375 0.061676025390625 -0.161346435546875
-0.223236083984375 0.404022216796875 -0.041778564453125 -0.33489990234375
-0.066131591796875 0.54144287109375 -0.225311279296875 -0.4041748046875
0.257843017578125 0.507537841796875 -0.412445068359375 -0.3876953125
0.404754638671875 0.34808349609375 -0.526092529296875 -0.2052001953125
0.398834228515625 0.339599609375 -0.47625732421875 -0.134735107421875
0.4495849609375 0.297882080078125 -0.374786376953125 -0.160797119140625
0.27569580078125 0.346954345703125 -0.186203002929687 -0.226608276367187
0.121337890625 0.392486572265625 0.026947021484375 -0.0826950073242187
0.013671875 0.31304931640625 0.118972778320313 0.147079467773438
-0.118438720703125 0.298553466796875 -0.00460815429687498 0.39361572265625
-0.114898681640625 0.34600830078125 -0.1666259765625 0.4932861328125
-0.293792724609375 0.44158935546875 -0.303131103515625 0.469268798828125
-0.111312866210938 0.176544189453125 -0.543853759765625 0.32550048828125
-0.0891571044921875 0.108169555664062 -0.163589477539063 0.190475463867187
-0.157272338867188 0.100296020507813 -0.0148468017578125 -0.107124328613281
-0.122360229492188 0.181854248046875 -0.072998046875 -0.3035888671875
-0.0438385009765625 0.277297973632813 -0.239898681640625 -0.449859619140625
0.14764404296875 0.28472900390625 -0.514190673828125 -0.45306396484375
0.210296630859375 0.203231811523438 -0.6793212890625 -0.2457275390625
0.204605102539063 0.202957153320313 -0.60064697265625 -0.17840576171875
0.231613159179688 0.208023071289063 -0.48333740234375 -0.219268798828125
0.1064453125 0.217788696289063 -0.229766845703125 -0.288818359375
-0.000656127929687482 0.208511352539063 0.0400238037109375 -0.105018615722656
-0.0421142578125 0.114479064941406 0.081329345703125 0.184921264648438
-0.0421371459960938 0.098114013671875 -0.113739013671875 0.414794921875
-0.0200958251953125 0.175857543945313 -0.27691650390625 0.51129150390625
-0.130615234375 0.255767822265625 -0.410186767578125 0.55078125
-0.101242065429688 -0.0198440551757812 0.39215087890625 -0.564697265625
-0.08837890625 0.00705718994140626 0.3541259765625 -0.481903076171875
-0.0503387451171875 0.07952880859375 0.156494140625 -0.383575439453125
0.0160140991210937 0.0769500732421875 -0.0634918212890625 -0.263031005859375
0.069488525390625 0.0210380554199219 -0.103424072265625 0.107170104980469
0.0238380432128906 -0.0539779663085938 0.17645263671875 0.34356689453125
0.0161285400390625 -0.0449409484863281 0.528472900390625 0.263214111328125
0.0129566192626953 -0.027313232421875 0.62042236328125 0.19677734375
-0.00248336791992188 -0.0497779846191406 0.70538330078125 0.22454833984375
0.0307407379150391 -0.0237026214599609 0.5731201171875 0.40997314453125
0.060455322265625 -0.000354766845703125 0.314056396484375 0.4041748046875
0.0634841918945313 0.0872955322265625 0.1507568359375 0.276138305664063
-0.0115509033203125 0.123870849609375 0.0898208618164063 0.09442138671875
-0.0721969604492188 0.0954971313476563 0.21636962890625 -0.15960693359375
-0.0839691162109375 0.0342330932617188 0.6138916015625 -0.27960205078125
-0.286468505859375 0.214385986328125 0.381988525390625 -0.517547607421875
-0.19873046875 0.193740844726563 0.403839111328125 -0.41552734375
-0.119232177734375 0.266845703125 0.23785400390625 -0.36004638671875
-0.00973510742187501 0.235153198242188 -0.01776123046875 -0.29998779296875
0.0799102783203125 0.220962524414062 -0.132026672363281 0.0717926025390625
0.146514892578125 0.134841918945313 0.12408447265625 0.323822021484375
0.222854614257813 0.0950164794921875 0.472076416015625 0.268524169921875
0.230941772460938 0.131011962890625 0.561553955078125 0.183837890625
0.24835205078125 0.0980987548828125 0.65936279296875 0.17340087890625
0.205612182617188 0.185287475585938 0.556732177734375 0.317535400390625
0.145187377929688 0.26226806640625 0.316558837890625 0.328643798828125
0.05908203125 0.3404541015625 0.185501098632813 0.231231689453125
-0.162750244140625 0.35400390625 0.122871398925781 0.0936203002929688
-0.23126220703125 0.29150390625 0.219772338867187 -0.136215209960937
-0.29791259765625 0.2467041015625 0.55328369140625 -0.250518798828125
-0.46051025390625 0.420440673828125 0.30908203125 -0.402099609375
-0.320770263671875 0.368408203125 0.423126220703125 -0.321685791015625
-0.212127685546875 0.446624755859375 0.287811279296875 -0.342742919921875
-0.06365966796875 0.391387939453125 0.00836181640624999 -0.33172607421875
0.056732177734375 0.42340087890625 -0.15924072265625 0.015777587890625
0.237823486328125 0.3375244140625 0.052154541015625 0.2537841796875
0.396728515625 0.2408447265625 0.348358154296875 0.228668212890625
0.417449951171875 0.271575927734375 0.417510986328125 0.14422607421875
0.470794677734375 0.210540771484375 0.5177001953125 0.10430908203125
0.37738037109375 0.33282470703125 0.459564208984375 0.192535400390625
0.2633056640625 0.459564208984375 0.281951904296875 0.225677490234375
0.11273193359375 0.536529541015625 0.205230712890625 0.177627563476563
-0.230010986328125 0.5589599609375 0.142333984375 0.121627807617188
-0.3134765625 0.46966552734375 0.181900024414062 -0.0489349365234375
-0.446380615234375 0.43841552734375 0.417816162109375 -0.1610107421875
-0.57427978515625 0.55377197265625 0.166580200195312 -0.233612060546875
-0.41778564453125 0.48187255859375 0.391754150390625 -0.206329345703125
-0.31768798828125 0.569091796875 0.2943115234375 -0.325408935546875
-0.14434814453125 0.52447509765625 0.011260986328125 -0.357421875
0.0121459960937501 0.6064453125 -0.187088012695313 -0.0677337646484375
0.302001953125 0.51849365234375 -0.0438232421875 0.1279296875
0.51556396484375 0.36444091796875 0.16522216796875 0.142135620117188
0.543365478515625 0.37188720703125 0.208755493164063 0.0849151611328125
0.621826171875 0.28271484375 0.301422119140625 0.03277587890625
0.495697021484375 0.41259765625 0.2943115234375 0.065155029296875
0.3565673828125 0.5684814453125 0.207733154296875 0.123062133789063
0.17083740234375 0.6317138671875 0.202102661132813 0.131668090820313
-0.2274169921875 0.66851806640625 0.148956298828125 0.175369262695313
-0.318603515625 0.579345703125 0.124473571777344 0.0917129516601563
-0.51007080078125 0.57391357421875 0.237564086914063 -0.017181396484375
-0.59478759765625 0.5855712890625 -0.026580810546875 -0.0450706481933593
-0.45172119140625 0.4896240234375 0.29278564453125 -0.0809326171875
-0.39910888671875 0.5867919921875 0.244293212890625 -0.2913818359375
-0.22174072265625 0.58624267578125 -0.00451660156249998 -0.3660888671875
-0.0346069335937501 0.713134765625 -0.209396362304688 -0.176834106445312
0.3341064453125 0.627685546875 -0.161941528320312 -0.0441131591796874
0.56378173828125 0.42938232421875 -0.0620384216308593 0.0247535705566406
0.5850830078125 0.4178466796875 -0.0337104797363281 0.0128898620605469
0.67205810546875 0.3184814453125 0.0504875183105469 -0.0288047790527344
0.5177001953125 0.434234619140625 0.0980377197265625 -0.0445175170898437
0.3619384765625 0.5831298828125 0.118255615234375 0.0345611572265625
0.17633056640625 0.609130859375 0.180191040039063 0.107223510742188
-0.1962890625 0.6451416015625 0.13665771484375 0.24774169921875
-0.26727294921875 0.5831298828125 0.0511627197265625 0.256240844726563
-0.48846435546875 0.623291015625 0.0435638427734375 0.160202026367188
-0.506500244140625 0.5152587890625 -0.231903076171875 0.126266479492188
-0.40277099609375 0.401763916015625 0.137741088867188 0.0326766967773438
-0.40997314453125 0.4923095703125 0.152908325195312 -0.230361938476562
-0.2515869140625 0.547332763671875 -0.0276184082031251 -0.35205078125
-0.0560302734375 0.6915283203125 -0.221588134765625 -0.293121337890625
0.32611083984375 0.6195068359375 -0.29241943359375 -0.225860595703125
0.526763916015625 0.415863037109375 -0.304229736328125 -0.094482421875
0.535400390625 0.398956298828125 -0.271286010742188 -0.0580902099609375
0.6072998046875 0.317138671875 -0.186630249023437 -0.085601806640625
0.4334716796875 0.4068603515625 -0.0780792236328125 -0.137771606445312
0.270233154296875 0.51568603515625 0.049560546875 -0.0362472534179687
0.109405517578125 0.486328125 0.152572631835938 0.111236572265625
-0.15679931640625 0.501312255859375 0.09326171875 0.325164794921875
-0.18988037109375 0.49139404296875 -0.0391845703125 0.400482177734375
-0.405517578125 0.57440185546875 -0.13629150390625 0.334197998046875
-0.3341064453125 0.371673583984375 -0.41064453125 0.25640869140625
-0.274169921875 0.266555786132812 -0.0310440063476563 0.124862670898438
-0.31890869140625 0.321868896484375 0.0543365478515625 -0.159088134765625
-0.207733154296875 0.403564453125 -0.05157470703125 -0.323394775390625
-0.048187255859375 0.533050537109375 -0.230438232421875 -0.385406494140625
0.26702880859375 0.488067626953125 -0.41839599609375 -0.3656005859375
0.40606689453125 0.330718994140625 -0.522125244140625 -0.1812744140625
0.40185546875 0.319305419921875 -0.46917724609375 -0.11474609375
0.449951171875 0.276123046875 -0.37158203125 -0.141021728515625
0.28009033203125 0.3306884765625 -0.19354248046875 -0.217208862304688
0.132049560546875 0.378265380859375 0.02459716796875 -0.0860977172851562
0.0228271484375 0.304901123046875 0.12347412109375 0.138038635253906
-0.104766845703125 0.30023193359375 0.011871337890625 0.3851318359375
-0.102508544921875 0.34271240234375 -0.144744873046875 0.4884033203125
-0.280029296875 0.447021484375 -0.28271484375 0.475189208984375
-0.106887817382813 0.178680419921875 -0.522308349609375 0.3353271484375
-0.0870742797851563 0.11029052734375 -0.160049438476563 0.189468383789062
-0.152816772460937 0.104888916015625 -0.020843505859375 -0.103134155273438
-0.114639282226563 0.181427001953125 -0.08001708984375 -0.291961669921875
-0.03515625 0.273269653320313 -0.24676513671875 -0.430633544921875
0.152679443359375 0.273330688476563 -0.5189208984375 -0.42706298828125
0.21099853515625 0.19305419921875 -0.67352294921875 -0.21685791015625
0.206375122070313 0.192840576171875 -0.59228515625 -0.15399169921875
0.233734130859375 0.194183349609375 -0.478790283203125 -0.194549560546875
0.110855102539063 0.208831787109375 -0.237380981445312 -0.27667236328125
0.00607299804687498 0.202377319335938 0.0359954833984375 -0.10906982421875
-0.0387115478515625 0.113334655761719 0.08740234375 0.176788330078125
-0.0367965698242188 0.100288391113281 -0.094696044921875 0.4078369140625
-0.0149383544921875 0.172637939453125 -0.25213623046875 0.5093994140625
-0.124664306640625 0.25555419921875 -0.384796142578125 0.558074951171875
-0.0996627807617188 -0.01568603515625 0.38189697265625 -0.57904052734375
-0.0882110595703125 0.0101242065429688 0.3428955078125 -0.488433837890625
-0.0469131469726563 0.08172607421875 0.147613525390625 -0.384552001953125
0.0192642211914063 0.07763671875 -0.073638916015625 -0.260238647460938
0.0701255798339844 0.0189781188964844 -0.103736877441406 0.112617492675781
0.0205841064453125 -0.0526351928710938 0.18524169921875 0.343994140625
0.0153923034667969 -0.0431900024414063 0.53350830078125 0.252471923828125
0.0126476287841797 -0.0265789031982422 0.62261962890625 0.1824951171875
-0.00371170043945313 -0.0481147766113281 0.70654296875 0.2054443359375
0.0305728912353516 -0.0240039825439453 0.58453369140625 0.39691162109375
0.0602378845214844 0 0.32379150390625 0.399810791015625
0.066925048828125 0.0872879028320313 0.159835815429688 0.271591186523438
-0.0106277465820313 0.123260498046875 0.0969772338867188 0.09283447265625
-0.0712661743164063 0.0953521728515625 0.21710205078125 -0.162338256835937
-0.0813217163085938 0.0374603271484375 0.6072998046875 -0.29205322265625
-0.2821044921875 0.224761962890625 0.3729248046875 -0.52777099609375
-0.19622802734375 0.1995849609375 0.39068603515625 -0.4237060546875
-0.111968994140625 0.271347045898438 0.22955322265625 -0.362213134765625
-0.003021240234375 0.235794067382813 -0.0274658203125 -0.297882080078125
0.084564208984375 0.217758178710938 -0.131629943847656 0.0774688720703125
0.14556884765625 0.132858276367188 0.13232421875 0.325653076171875
0.224075317382813 0.0929718017578125 0.478515625 0.25848388671875
0.234619140625 0.12811279296875 0.56243896484375 0.17144775390625
0.249725341796875 0.094573974609375 0.66064453125 0.15704345703125
0.209381103515625 0.182632446289063 0.56451416015625 0.303955078125
0.149627685546875 0.261627197265625 0.325103759765625 0.32501220703125
0.06640625 0.3406982421875 0.193710327148438 0.224411010742188
-0.157501220703125 0.35986328125 0.130332946777344 0.0912246704101563
-0.228057861328125 0.29351806640625 0.22021484375 -0.13946533203125
-0.293121337890625 0.256866455078125 0.549468994140625 -0.2618408203125
-0.45294189453125 0.43511962890625 0.30084228515625 -0.41162109375
-0.318115234375 0.379791259765625 0.41015625 -0.329345703125
-0.200836181640625 0.45440673828125 0.28240966796875 -0.346405029296875
-0.05499267578125 0.39453125 -0.000701904296875034 -0.3287353515625
0.066162109375 0.422119140625 -0.159210205078125 0.0217742919921876
0.239227294921875 0.3319091796875 0.0567474365234375 0.256973266601563
0.398834228515625 0.23553466796875 0.35394287109375 0.220733642578125
0.424652099609375 0.26422119140625 0.419281005859375 0.13714599609375
0.47430419921875 0.201385498046875 0.51629638671875 0.09075927734375
0.384246826171875 0.32745361328125 0.46490478515625 0.180419921875
0.272003173828125 0.456939697265625 0.287811279296875 0.221435546875
0.12261962890625 0.537139892578125 0.212600708007813 0.170120239257813
-0.218017578125 0.56732177734375 0.1510009765625 0.118316650390625
-0.30706787109375 0.47412109375 0.183990478515625 -0.05230712890625
-0.438995361328125 0.45355224609375 0.4140625 -0.169464111328125
-0.5675048828125 0.572021484375 0.161956787109375 -0.240570068359375
-0.41357421875 0.49609375 0.383697509765625 -0.213836669921875
-0.30291748046875 0.5819091796875 0.289459228515625 -0.331329345703125
-0.132415771484375 0.528594970703125 0.00177001953124998 -0.35498046875
0.025390625 0.6043701171875 -0.18792724609375 -0.0608367919921875
0.30804443359375 0.51373291015625 -0.0425796508789062 0.132270812988281
0.520782470703125 0.355682373046875 0.167999267578125 0.139007568359375
0.55096435546875 0.361907958984375 0.209884643554688 0.08087158203125
0.6265869140625 0.27130126953125 0.300048828125 0.027130126953125
0.502716064453125 0.404052734375 0.29400634765625 0.057281494140625
0.3660888671875 0.5633544921875 0.210784912109375 0.117919921875
0.18304443359375 0.62823486328125 0.20758056640625 0.123565673828125
-0.21234130859375 0.67938232421875 0.158645629882813 0.171707153320313
-0.3095703125 0.58367919921875 0.127593994140625 0.0897903442382813
-0.5 0.591796875 0.236480712890625 -0.0198211669921875
-0.586669921875 0.60528564453125 -0.0276985168457032 -0.0464019775390625
-0.447265625 0.506103515625 0.287261962890625 -0.087738037109375
-0.38592529296875 0.599365234375 0.240325927734375 -0.296051025390625
-0.2091064453125 0.5927734375 -0.012969970703125 -0.363189697265625
-0.0172119140625 0.71295166015625 -0.211822509765625 -0.170425415039062
0.3416748046875 0.6220703125 -0.165069580078125 -0.0377197265625
0.56976318359375 0.419677734375 -0.062164306640625 0.0266189575195313
0.59454345703125 0.40692138671875 -0.0324478149414062 0.0142993927001953
0.6771240234375 0.30328369140625 0.0496597290039063 -0.0278892517089844
0.5247802734375 0.4249267578125 0.0936813354492188 -0.0481796264648437
0.37396240234375 0.5750732421875 0.119377136230469 0.029510498046875
0.1854248046875 0.60687255859375 0.185791015625 0.100311279296875
-0.18115234375 0.65594482421875 0.147903442382813 0.245086669921875
-0.25885009765625 0.5875244140625 0.0577239990234375 0.256118774414063
-0.48016357421875 0.6387939453125 0.045806884765625 0.16253662109375
-0.501953125 0.5316162109375 -0.2303466796875 0.129684448242188
-0.4022216796875 0.416229248046875 0.134254455566406 0.0290451049804688
-0.4002685546875 0.506500244140625 0.149185180664062 -0.233352661132813
-0.241607666015625 0.553436279296875 -0.034332275390625 -0.349639892578125
-0.042236328125 0.69293212890625 -0.2254638671875 -0.28643798828125
0.334228515625 0.61285400390625 -0.298797607421875 -0.218902587890625
0.532958984375 0.408843994140625 -0.3057861328125 -0.08740234375
0.542724609375 0.389801025390625 -0.270614624023437 -0.0512847900390625
0.61151123046875 0.3021240234375 -0.187210083007813 -0.0782012939453125
0.440521240234375 0.39874267578125 -0.0850372314453125 -0.136672973632812
0.28070068359375 0.506744384765625 0.04840087890625 -0.0402717590332031
0.11834716796875 0.483642578125 0.157943725585938 0.104721069335938
-0.144287109375 0.509490966796875 0.1048583984375 0.322784423828125
-0.1822509765625 0.494537353515625 -0.029693603515625 0.402435302734375
-0.3978271484375 0.58978271484375 -0.129974365234375 0.342041015625
-0.329864501953125 0.3834228515625 -0.406036376953125 0.265350341796875
-0.27362060546875 0.2767333984375 -0.0335540771484375 0.124588012695313
-0.315338134765625 0.332672119140625 0.050811767578125 -0.160354614257812
-0.200225830078125 0.408294677734375 -0.057037353515625 -0.3201904296875
-0.036712646484375 0.534576416015625 -0.23583984375 -0.379425048828125
0.273956298828125 0.482757568359375 -0.42779541015625 -0.355621337890625
0.410064697265625 0.323333740234375 -0.52508544921875 -0.16912841796875
0.408050537109375 0.31231689453125 -0.4671630859375 -0.104766845703125
0.453369140625 0.26446533203125 -0.371551513671875 -0.130615234375
0.285980224609375 0.324554443359375 -0.202301025390625 -0.212997436523437
0.138458251953125 0.373321533203125 0.022216796875 -0.09002685546875
0.027435302734375 0.303497314453125 0.129119873046875 0.133430480957031
-0.09625244140625 0.306427001953125 0.02398681640625 0.38470458984375
-0.09698486328125 0.344390869140625 -0.132781982421875 0.491668701171875
-0.2738037109375 0.456756591796875 -0.27288818359375 0.485076904296875
-0.105117797851562 0.183837890625 -0.516632080078125 0.345977783203125
-0.087310791015625 0.114936828613281 -0.162155151367188 0.1927490234375
-0.152786254882813 0.110076904296875 -0.025634765625 -0.101669311523438
-0.11126708984375 0.183273315429688 -0.0850830078125 -0.287811279296875
-0.030364990234375 0.274551391601563 -0.25244140625 -0.425537109375
0.15704345703125 0.2698974609375 -0.527984619140625 -0.41632080078125
0.213714599609375 0.190353393554688 -0.67694091796875 -0.2020263671875
0.209487915039063 0.190383911132813 -0.59197998046875 -0.141357421875
0.236663818359375 0.187057495117188 -0.478912353515625 -0.181610107421875
0.114471435546875 0.204910278320312 -0.2469482421875 -0.271072387695313
0.00967407226562499 0.199569702148437 0.0335845947265625 -0.112953186035156
-0.0364532470703125 0.113197326660156 0.0936126708984375 0.173294067382813
-0.032440185546875 0.103797912597656 -0.082794189453125 0.40826416015625
-0.013092041015625 0.17266845703125 -0.2379150390625 0.514678955078125
-0.123886108398438 0.260574340820313 -0.37310791015625 0.568603515625
-0.0999984741210938 -0.0110702514648437 0.3751220703125 -0.60760498046875
-0.0887527465820313 0.0130844116210937 0.33160400390625 -0.51220703125
-0.0432586669921875 0.08538818359375 0.138153076171875 -0.39532470703125
0.02435302734375 0.0796890258789063 -0.08697509765625 -0.262283325195313
0.0719680786132813 0.0163192749023438 -0.104377746582031 0.120468139648438
0.0176239013671875 -0.0525054931640625 0.2037353515625 0.349884033203125
0.0152587890625 -0.0424766540527344 0.5533447265625 0.2412109375
0.0132293701171875 -0.0263195037841797 0.6395263671875 0.1683349609375
-0.00558853149414063 -0.0475540161132812 0.7265625 0.18707275390625
0.0305805206298828 -0.0251693725585938 0.61309814453125 0.38531494140625
0.062286376953125 -0.000408172607421875 0.345855712890625 0.400634765625
0.0728530883789063 0.0877532958984375 0.174972534179687 0.269485473632813
-0.00805664062499999 0.1260986328125 0.10699462890625 0.0914993286132813
-0.0720596313476563 0.0978775024414062 0.220321655273438 -0.171142578125
-0.079681396484375 0.04241943359375 0.61260986328125 -0.317138671875
-0.28155517578125 0.242919921875 0.366180419921875 -0.554534912109375
-0.196334838867188 0.213104248046875 0.384490966796875 -0.444549560546875
-0.103515625 0.28253173828125 0.22369384765625 -0.37628173828125
0.00581359863281249 0.241134643554687 -0.039703369140625 -0.301544189453125
0.0937042236328125 0.218124389648438 -0.133216857910156 0.0850601196289063
0.149078369140625 0.133148193359375 0.147186279296875 0.332275390625
0.23150634765625 0.0906219482421875 0.4959716796875 0.24969482421875
0.245635986328125 0.12432861328125 0.577392578125 0.15948486328125
0.257461547851563 0.0914459228515625 0.67645263671875 0.13720703125
0.219223022460937 0.181442260742188 0.5885009765625 0.29296875
0.161590576171875 0.26544189453125 0.343109130859375 0.324005126953125
0.07891845703125 0.34783935546875 0.208572387695313 0.220184326171875
-0.150909423828125 0.37420654296875 0.141998291015625 0.088409423828125
-0.228118896484375 0.3056640625 0.224456787109375 -0.148605346679687
-0.292144775390625 0.274749755859375 0.552490234375 -0.284515380859375
-0.45172119140625 0.464508056640625 0.29595947265625 -0.43328857421875
-0.31634521484375 0.403106689453125 0.408538818359375 -0.3485107421875
-0.188018798828125 0.4730224609375 0.27935791015625 -0.361419677734375
-0.042236328125 0.403045654296875 -0.012786865234375 -0.33428955078125
0.08184814453125 0.426605224609375 -0.162017822265625 0.0286102294921875
0.251007080078125 0.33367919921875 0.0667877197265625 0.263702392578125
0.413543701171875 0.23150634765625 0.36895751953125 0.214111328125
0.44268798828125 0.257171630859375 0.43115234375 0.12799072265625
0.490936279296875 0.1943359375 0.528778076171875 0.075836181640625
0.40167236328125 0.324676513671875 0.480499267578125 0.167388916015625
0.29052734375 0.46173095703125 0.3018798828125 0.218170166015625
0.142059326171875 0.546783447265625 0.226394653320312 0.162734985351563
-0.2071533203125 0.59027099609375 0.164840698242188 0.115371704101563
-0.30438232421875 0.491180419921875 0.188995361328125 -0.0588226318359375
-0.43603515625 0.483123779296875 0.418609619140625 -0.184539794921875
-0.56610107421875 0.61065673828125 0.158294677734375 -0.252639770507812
-0.413299560546875 0.526092529296875 0.380889892578125 -0.227783203125
-0.29046630859375 0.60589599609375 0.2880859375 -0.3465576171875
-0.118865966796875 0.543304443359375 -0.00997924804687502 -0.360992431640625
0.0460205078124999 0.614013671875 -0.192764282226563 -0.05511474609375
0.3253173828125 0.5157470703125 -0.0398101806640625 0.13897705078125
0.540679931640625 0.351104736328125 0.175521850585938 0.136764526367188
0.57696533203125 0.3544921875 0.216964721679688 0.0770721435546875
0.6474609375 0.259033203125 0.308197021484375 0.018890380859375
0.525360107421875 0.39984130859375 0.30010986328125 0.048309326171875
0.39111328125 0.56494140625 0.220123291015625 0.114044189453125
0.20703125 0.6387939453125 0.21978759765625 0.114944458007813
-0.196533203125 0.705810546875 0.174285888671875 0.16937255859375
-0.3037109375 0.6046142578125 0.135543823242187 0.0881347656250001
-0.4969482421875 0.6275634765625 0.240524291992187 -0.0257110595703125
-0.5843505859375 0.643310546875 -0.03045654296875 -0.0473709106445312
-0.448150634765625 0.5386962890625 0.287811279296875 -0.097564697265625
-0.37530517578125 0.6298828125 0.23828125 -0.310791015625
-0.19720458984375 0.61126708984375 -0.02459716796875 -0.369476318359375
0.00292968750000005 0.7294921875 -0.220199584960937 -0.166229248046875
0.36456298828125 0.62603759765625 -0.171661376953125 -0.0322875976562499
0.59234619140625 0.4144287109375 -0.0638084411621093 0.0292816162109375
0.6202392578125 0.39935302734375 -0.0318660736083984 0.0168418884277344
0.70111083984375 0.2882080078125 0.0511398315429688 -0.0291938781738281
0.547515869140625 0.4188232421875 0.0907516479492188 -0.052886962890625
0.39910888671875 0.5780029296875 0.123497009277344 0.0249404907226563
0.207275390625 0.6141357421875 0.195999145507813 0.091339111328125
-0.16290283203125 0.68145751953125 0.164642333984375 0.244247436523438
-0.24945068359375 0.6070556640625 0.0693359375 0.260955810546875
-0.47418212890625 0.67596435546875 0.051361083984375 0.167556762695313
-0.50006103515625 0.5657958984375 -0.232711791992188 0.139923095703125
-0.402557373046875 0.444091796875 0.133834838867188 0.0257720947265625
-0.3939208984375 0.533203125 0.146621704101563 -0.2440185546875
-0.23089599609375 0.57208251953125 -0.044647216796875 -0.354217529296875
-0.02227783203125 0.71112060546875 -0.2373046875 -0.285552978515625
0.35626220703125 0.61627197265625 -0.313995361328125 -0.212921142578125
0.554718017578125 0.404632568359375 -0.315948486328125 -0.0790100097656249
0.56793212890625 0.38214111328125 -0.276138305664062 -0.0438079833984375
0.63336181640625 0.2884521484375 -0.191726684570312 -0.0727386474609375
0.459930419921875 0.392791748046875 -0.0954971313476562 -0.137283325195312
0.300994873046875 0.508575439453125 0.0494232177734375 -0.0455131530761718
0.134674072265625 0.490509033203125 0.167343139648438 0.09820556640625
-0.128173828125 0.530120849609375 0.122283935546875 0.32562255859375
-0.172698974609375 0.508575439453125 -0.015594482421875 0.412994384765625
-0.391845703125 0.62225341796875 -0.12176513671875 0.357086181640625
-0.32855224609375 0.405792236328125 -0.407958984375 0.284393310546875
-0.275177001953125 0.29522705078125 -0.035552978515625 0.128890991210938
-0.31353759765625 0.351715087890625 0.0461578369140625 -0.16552734375
-0.1951904296875 0.421966552734375 -0.06640625 -0.32373046875
-0.023223876953125 0.54937744140625 -0.25042724609375 -0.381500244140625
0.293243408203125 0.485076904296875 -0.44854736328125 -0.352203369140625
0.427764892578125 0.3212890625 -0.5419921875 -0.154998779296875
0.427734375 0.309234619140625 -0.476776123046875 -0.09234619140625
0.47015380859375 0.25433349609375 -0.38006591796875 -0.12030029296875
0.29949951171875 0.32354736328125 -0.216964721679687 -0.211318969726562
0.151214599609375 0.374847412109375 0.0201263427734375 -0.0960693359375
0.036224365234375 0.30865478515625 0.138946533203125 0.130264282226563
-0.085418701171875 0.318572998046875 0.0408935546875 0.391082763671875
-0.090911865234375 0.354034423828125 -0.116851806640625 0.5079345703125
-0.271240234375 0.48199462890625 -0.262664794921875 0.50799560546875
-0.103530883789063 0.193344116210937 -0.51849365234375 0.37176513671875
-0.0863265991210937 0.123001098632812 -0.16485595703125 0.201446533203125
-0.153854370117188 0.120162963867188 -0.0321731567382813 -0.101997375488281
-0.108963012695313 0.189529418945312 -0.0947265625 -0.2896728515625
-0.02325439453125 0.282867431640625 -0.268463134765625 -0.4278564453125
0.167312622070313 0.27130126953125 -0.552825927734375 -0.411590576171875
0.223587036132813 0.189300537109375 -0.69659423828125 -0.18218994140625
0.22015380859375 0.189041137695313 -0.6051025390625 -0.12493896484375
0.247604370117188 0.183380126953125 -0.490966796875 -0.169830322265625
0.121185302734375 0.204742431640625 -0.262802124023438 -0.268386840820312
0.014984130859375 0.2010498046875 0.0310516357421875 -0.119247436523437
-0.03466796875 0.11700439453125 0.10369873046875 0.17352294921875
-0.0279922485351563 0.107803344726563 -0.068939208984375 0.41876220703125
-0.00993347167968751 0.176803588867188 -0.224884033203125 0.532745361328125
-0.123046875 0.273757934570313 -0.36285400390625 0.59796142578125
-0.101554870605469 -0.00557708740234374 0.35235595703125 -0.6485595703125
-0.0895004272460938 0.019256591796875 0.309906005859375 -0.54327392578125
-0.0378494262695313 0.0896377563476563 0.119232177734375 -0.411895751953125
0.0318756103515625 0.0802154541015625 -0.106658935546875 -0.263442993164063
0.0741653442382813 0.0114669799804688 -0.102020263671875 0.131706237792969
0.0143089294433594 -0.0524864196777344 0.231475830078125 0.349639892578125
0.0140724182128906 -0.0432090759277344 0.5797119140625 0.21636962890625
0.0135765075683594 -0.0273303985595703 0.66278076171875 0.137451171875
-0.0082244873046875 -0.0466041564941406 0.7506103515625 0.1473388671875
0.0304679870605469 -0.0284767150878906 0.65191650390625 0.3614501953125
0.0650405883789063 -0.00276947021484375 0.378875732421875 0.395233154296875
0.081024169921875 0.0865097045898438 0.196792602539063 0.263824462890625
-0.00335693359375 0.129417419433594 0.119293212890625 0.086181640625
-0.0696945190429688 0.104103088378906 0.220474243164063 -0.1873779296875
-0.0765533447265625 0.04827880859375 0.61273193359375 -0.358642578125
-0.275543212890625 0.267715454101563 0.34765625 -0.5943603515625
-0.189712524414063 0.231903076171875 0.367095947265625 -0.476348876953125
-0.08831787109375 0.295684814453125 0.209930419921875 -0.3963623046875
0.0208892822265625 0.24554443359375 -0.059844970703125 -0.305816650390625
0.108062744140625 0.216964721679688 -0.133155822753906 0.0963592529296875
0.156982421875 0.130844116210938 0.171600341796875 0.3345947265625
0.24212646484375 0.0827484130859375 0.5234375 0.2294921875
0.261001586914063 0.1148681640625 0.59912109375 0.13287353515625
0.269271850585938 0.0815277099609375 0.7001953125 0.10211181640625
0.2354736328125 0.175323486328125 0.620849609375 0.2659912109375
0.180770874023437 0.265777587890625 0.37274169921875 0.3157958984375
0.1007080078125 0.3543701171875 0.228103637695313 0.210739135742188
-0.13629150390625 0.394287109375 0.156814575195312 0.0816802978515625
-0.222137451171875 0.324005126953125 0.225616455078125 -0.164688110351562
-0.28289794921875 0.301055908203125 0.55194091796875 -0.32269287109375
-0.43865966796875 0.50714111328125 0.2796630859375 -0.4639892578125
-0.304290771484375 0.435150146484375 0.3951416015625 -0.37921142578125
-0.165252685546875 0.496734619140625 0.265777587890625 -0.3856201171875
-0.020233154296875 0.41571044921875 -0.03192138671875 -0.34063720703125
0.10833740234375 0.430419921875 -0.164627075195313 0.0391845703125
0.270965576171875 0.331634521484375 0.0836639404296875 0.268905639648438
0.435302734375 0.217926025390625 0.3895263671875 0.199737548828125
0.47088623046875 0.240692138671875 0.4473876953125 0.1082763671875
0.513519287109375 0.17474365234375 0.54644775390625 0.04901123046875
0.430694580078125 0.31396484375 0.501373291015625 0.1441650390625
0.325164794921875 0.4605712890625 0.32366943359375 0.208770751953125
0.174774169921875 0.556488037109375 0.24298095703125 0.14971923828125
-0.1785888671875 0.62249755859375 0.183151245117188 0.106948852539063
-0.290924072265625 0.520416259765625 0.193618774414062 -0.0709686279296875
-0.42156982421875 0.525115966796875 0.419158935546875 -0.212005615234375
-0.5496826171875 0.66375732421875 0.148880004882812 -0.269668579101563
-0.3978271484375 0.5689697265625 0.375518798828125 -0.253204345703125
-0.2620849609375 0.64178466796875 0.276702880859375 -0.372222900390625
-0.09222412109375 0.56292724609375 -0.029754638671875 -0.368896484375
0.0821533203125 0.62615966796875 -0.200515747070312 -0.045196533203125
0.356903076171875 0.51397705078125 -0.0338287353515625 0.146408081054688
0.5718994140625 0.3343505859375 0.186843872070313 0.1307373046875
0.61309814453125 0.33306884765625 0.22760009765625 0.067962646484375
0.67926025390625 0.22943115234375 0.316864013671875 0.000946044921875014
0.5614013671875 0.38311767578125 0.308380126953125 0.031402587890625
0.432647705078125 0.56048583984375 0.233184814453125 0.10443115234375
0.2449951171875 0.6480712890625 0.234176635742188 0.100173950195313
-0.15960693359375 0.73974609375 0.196746826171875 0.16156005859375
-0.28338623046875 0.63720703125 0.146469116210937 0.0827636718750001
-0.47650146484375 0.67864990234375 0.245437622070312 -0.038482666015625
-0.56866455078125 0.699462890625 -0.0344963073730469 -0.0477485656738281
-0.43426513671875 0.58282470703125 0.2861328125 -0.114349365234375
-0.348876953125 0.67071533203125 0.2288818359375 -0.33282470703125
-0.16973876953125 0.638427734375 -0.04437255859375 -0.376251220703125
0.0430908203124999 0.74810791015625 -0.234329223632813 -0.158355712890625
0.40301513671875 0.6243896484375 -0.178619384765625 -0.0228118896484375
0.6298828125 0.39996337890625 -0.0647201538085937 0.0334968566894532
0.6600341796875 0.37640380859375 -0.0294361114501953 0.0185661315917969
0.73333740234375 0.2568359375 0.0530014038085938 -0.0330543518066406
0.5828857421875 0.40301513671875 0.086212158203125 -0.0596084594726562
0.439697265625 0.57122802734375 0.127960205078125 0.017333984375
0.24530029296875 0.62103271484375 0.208709716796875 0.0780639648437501
-0.1256103515625 0.7113037109375 0.190093994140625 0.23907470703125
-0.22698974609375 0.63446044921875 0.08709716796875 0.263641357421875
-0.4522705078125 0.73077392578125 0.0617828369140625 0.172271728515625
-0.48583984375 0.61346435546875 -0.23272705078125 0.1573486328125
-0.39166259765625 0.484893798828125 0.135292053222656 0.0198822021484375
-0.37518310546875 0.57342529296875 0.137039184570312 -0.259246826171875
-0.20904541015625 0.59869384765625 -0.0640869140625 -0.3592529296875
0.0162963867187501 0.7320556640625 -0.257080078125 -0.279937744140625
0.39508056640625 0.61566162109375 -0.33538818359375 -0.2015380859375
0.591552734375 0.388671875 -0.329498291015625 -0.0625610351562499
0.60552978515625 0.36260986328125 -0.282196044921875 -0.029937744140625
0.6649169921875 0.26080322265625 -0.196746826171875 -0.064605712890625
0.49017333984375 0.378814697265625 -0.109756469726562 -0.135177612304688
0.33502197265625 0.504150390625 0.0476264953613281 -0.052093505859375
0.16259765625 0.496246337890625 0.180130004882813 0.0875244140625
-0.09820556640625 0.552642822265625 0.14923095703125 0.326324462890625
-0.1546630859375 0.531646728515625 0.00897216796874995 0.424224853515625
-0.37005615234375 0.66876220703125 -0.104766845703125 0.377471923828125
-0.31829833984375 0.440185546875 -0.404083251953125 0.316131591796875
-0.2674560546875 0.323333740234375 -0.0332183837890625 0.134681701660156
-0.302978515625 0.38214111328125 0.037109375 -0.172088623046875
-0.179290771484375 0.44287109375 -0.0843811035156251 -0.326385498046875
0.00561523437499999 0.56707763671875 -0.274749755859375 -0.378936767578125
0.323486328125 0.485107421875 -0.481689453125 -0.337982177734375
0.455963134765625 0.309356689453125 -0.56396484375 -0.128662109375
0.456298828125 0.295166015625 -0.492156982421875 -0.0695495605468749
0.495758056640625 0.234771728515625 -0.39111328125 -0.1025390625
0.321685791015625 0.3145751953125 -0.237442016601563 -0.2037353515625
0.173736572265625 0.373870849609375 0.0158843994140625 -0.10235595703125
0.052490234375 0.314910888671875 0.153076171875 0.123321533203125
-0.065948486328125 0.3333740234375 0.067840576171875 0.398223876953125
-0.077362060546875 0.367919921875 -0.0902099609375 0.527679443359375
-0.2535400390625 0.515045166015625 -0.241302490234375 0.54156494140625
-0.0970306396484375 0.206985473632813 -0.512359619140625 0.410491943359375
-0.08233642578125 0.134292602539063 -0.162185668945313 0.217559814453125
-0.152328491210938 0.134109497070313 -0.0408096313476563 -0.100982666015625
-0.103302001953125 0.199630737304688 -0.1107177734375 -0.2900390625
-0.00808715820312499 0.293792724609375 -0.296600341796875 -0.427154541015625
0.185592651367188 0.2698974609375 -0.59149169921875 -0.393798828125
0.239608764648438 0.184158325195313 -0.724365234375 -0.14788818359375
0.236297607421875 0.184066772460937 -0.62310791015625 -0.0965576171874999
0.263641357421875 0.172866821289063 -0.5069580078125 -0.148406982421875
0.133270263671875 0.202621459960938 -0.287017822265625 -0.259521484375
0.0242919921875 0.203460693359375 0.0252685546875 -0.126579284667969
-0.029754638671875 0.12200927734375 0.118911743164063 0.170608520507813
-0.0201644897460937 0.112388610839844 -0.04443359375 0.431793212890625
-0.00305175781249999 0.182266235351563 -0.19757080078125 0.55853271484375
-0.11474609375 0.292755126953125 -0.33819580078125 0.63824462890625
-0.100959777832031 0.00201416015625001 0.3099365234375 -0.6865234375
-0.087890625 0.0257492065429688 0.2686767578125 -0.57244873046875
-0.0298080444335937 0.0919265747070313 0.089874267578125 -0.423065185546875
0.039459228515625 0.0771255493164063 -0.129928588867187 -0.257400512695312
0.0754318237304688 0.0048065185546875 -0.0950469970703125 0.142990112304688
0.00933074951171876 -0.05230712890625 0.262542724609375 0.3367919921875
0.0126304626464844 -0.0441055297851563 0.60052490234375 0.17572021484375
0.0138511657714844 -0.0288429260253906 0.675048828125 0.09075927734375
-0.0110588073730469 -0.0448150634765625 0.766357421875 0.09283447265625
0.0286197662353516 -0.0310821533203125 0.68695068359375 0.312744140625
0.0670394897460938 -0.00632476806640625 0.41375732421875 0.3736572265625
0.0900802612304687 0.08026123046875 0.218185424804687 0.248016357421875
0.00442504882812501 0.13055419921875 0.130584716796875 0.0754928588867188
-0.0643310546875 0.109397888183594 0.210952758789062 -0.205123901367187
-0.0713653564453125 0.0538253784179687 0.5911865234375 -0.40850830078125
-0.25628662109375 0.294097900390625 0.30767822265625 -0.63055419921875
-0.17425537109375 0.250823974609375 0.33203125 -0.50823974609375
-0.06488037109375 0.304534912109375 0.18121337890625 -0.41497802734375
0.040069580078125 0.244598388671875 -0.08477783203125 -0.303955078125
0.1241455078125 0.20782470703125 -0.128456115722656 0.107551574707031
0.16571044921875 0.12335205078125 0.199676513671875 0.325958251953125
0.251754760742188 0.06781005859375 0.54376220703125 0.189117431640625
0.27435302734375 0.0965576171875 0.61248779296875 0.08990478515625
0.278976440429687 0.063568115234375 0.71307373046875 0.0496826171875
0.250717163085938 0.160232543945313 0.64691162109375 0.22113037109375
0.203659057617188 0.257034301757813 0.402557373046875 0.29302978515625
0.127777099609375 0.351806640625 0.247177124023438 0.19091796875
-0.109100341796875 0.409912109375 0.170196533203125 0.0675506591796875
-0.20318603515625 0.34307861328125 0.218658447265625 -0.18328857421875
-0.261260986328125 0.326141357421875 0.534454345703125 -0.366058349609375
-0.404937744140625 0.551239013671875 0.24945068359375 -0.491546630859375
-0.274505615234375 0.467376708984375 0.36724853515625 -0.411224365234375
-0.12786865234375 0.517181396484375 0.23992919921875 -0.40765380859375
0.00949096679687504 0.417877197265625 -0.05828857421875 -0.341644287109375
0.139495849609375 0.42352294921875 -0.164077758789063 0.0525054931640625
0.294403076171875 0.318572998046875 0.105300903320313 0.265975952148438
0.457122802734375 0.19085693359375 0.40655517578125 0.173553466796875
0.494781494140625 0.207977294921875 0.45953369140625 0.076324462890625
0.531402587890625 0.138397216796875 0.555328369140625 0.00360107421875001
0.457305908203125 0.28521728515625 0.515655517578125 0.106353759765625
0.362884521484375 0.443023681640625 0.344390869140625 0.18817138671875
0.217315673828125 0.549407958984375 0.257568359375 0.12744140625
-0.13568115234375 0.6434326171875 0.199996948242188 0.0902862548828125
-0.26055908203125 0.546142578125 0.193313598632812 -0.0867919921875
-0.3851318359375 0.56396484375 0.407501220703125 -0.246429443359375
-0.505615234375 0.72052001953125 0.1309814453125 -0.28497314453125
-0.360107421875 0.61016845703125 0.357879638671875 -0.282257080078125
-0.214599609375 0.669921875 0.2525634765625 -0.39630126953125
-0.0521240234375 0.572509765625 -0.056549072265625 -0.369659423828125
0.12823486328125 0.6259765625 -0.206146240234375 -0.0310974121093749
0.393951416015625 0.496368408203125 -0.024383544921875 0.151077270507813
0.60284423828125 0.29931640625 0.196823120117188 0.118621826171875
0.64569091796875 0.29046630859375 0.23455810546875 0.051116943359375
0.70257568359375 0.181884765625 0.3211669921875 -0.025665283203125
0.59368896484375 0.3470458984375 0.311065673828125 0.00741577148437502
0.479217529296875 0.535369873046875 0.244186401367188 0.0879974365234375
0.294189453125 0.63824462890625 0.245193481445313 0.0774688720703125
-0.10443115234375 0.761474609375 0.218582153320313 0.143417358398438
-0.24468994140625 0.6634521484375 0.156387329101562 0.0712890625
-0.42828369140625 0.7283935546875 0.2451171875 -0.0559234619140625
-0.52313232421875 0.75775146484375 -0.0377159118652344 -0.0455360412597656
-0.3953857421875 0.62872314453125 0.278823852539063 -0.134933471679687
-0.3016357421875 0.7064208984375 0.20794677734375 -0.354217529296875
-0.1260986328125 0.6549072265625 -0.071014404296875 -0.375946044921875
0.0995483398437499 0.7513427734375 -0.24725341796875 -0.143508911132812
0.44903564453125 0.60516357421875 -0.184326171875 -0.00920104980468744
0.666259765625 0.360595703125 -0.0640754699707031 0.0394325256347657
0.6968994140625 0.33135986328125 -0.0270233154296875 0.0203323364257813
0.75946044921875 0.2044677734375 0.0538406372070313 -0.039947509765625
0.616455078125 0.36358642578125 0.07891845703125 -0.0670700073242187
0.484375 0.5435791015625 0.131340026855469 0.00630950927734378
0.29205322265625 0.60955810546875 0.217788696289063 0.056732177734375
-0.0705566406250001 0.73095703125 0.217117309570313 0.22314453125
-0.187744140625 0.65777587890625 0.11016845703125 0.259109497070313
-0.4002685546875 0.7796630859375 0.075927734375 0.171676635742188
-0.44757080078125 0.66412353515625 -0.221527099609375 0.176559448242188
-0.360076904296875 0.52203369140625 0.13555908203125 0.0115814208984375
-0.33563232421875 0.61029052734375 0.120071411132813 -0.272445678710937
-0.1695556640625 0.61895751953125 -0.0888671875 -0.35760498046875
0.0701904296875 0.74041748046875 -0.279495239257813 -0.265472412109375
0.4420166015625 0.5955810546875 -0.356048583984375 -0.179595947265625
0.6280517578125 0.35369873046875 -0.337646484375 -0.03778076171875
0.63970947265625 0.322021484375 -0.284454345703125 -0.010467529296875
0.68927001953125 0.2110595703125 -0.198837280273437 -0.0525054931640625
0.520660400390625 0.34869384765625 -0.124183654785156 -0.127235412597656
0.37298583984375 0.48406982421875 0.04449462890625 -0.0585556030273437
0.198822021484375 0.489715576171875 0.19097900390625 0.069610595703125
-0.0540771484375 0.56719970703125 0.182220458984375 0.315093994140625
-0.12078857421875 0.54913330078125 0.043487548828125 0.427276611328125
-0.324462890625 0.7100830078125 -0.076873779296875 0.392181396484375
-0.2890625 0.4727783203125 -0.383697509765625 0.34912109375
-0.247100830078125 0.349761962890625 -0.0265731811523438 0.139884948730469
-0.277435302734375 0.412322998046875 0.0241851806640625 -0.176193237304687
-0.150634765625 0.459869384765625 -0.10626220703125 -0.322021484375
0.04937744140625 0.57452392578125 -0.3043212890625 -0.364654541015625
0.36212158203125 0.468475341796875 -0.5145263671875 -0.306793212890625
0.48486328125 0.2823486328125 -0.5787353515625 -0.086669921875
0.4835205078125 0.26568603515625 -0.49688720703125 -0.03472900390625
0.517303466796875 0.19708251953125 -0.3970947265625 -0.0765380859374999
0.345916748046875 0.29510498046875 -0.258209228515625 -0.18634033203125
0.200225830078125 0.36285400390625 0.00886535644531252 -0.107383728027344
0.074920654296875 0.313385009765625 0.1658935546875 0.109481811523438
-0.03887939453125 0.34136962890625 0.103363037109375 0.39434814453125
-0.054229736328125 0.378265380859375 -0.049346923828125 0.537689208984375
-0.219146728515625 0.54644775390625 -0.20184326171875 0.56719970703125
-0.082794189453125 0.218673706054688 -0.486846923828125 0.454254150390625
-0.0720367431640625 0.143203735351563 -0.150543212890625 0.232421875
-0.144073486328125 0.1492919921875 -0.050384521484375 -0.0971908569335937
-0.090972900390625 0.208206176757813 -0.13037109375 -0.283477783203125
0.014404296875 0.29931640625 -0.3291015625 -0.412506103515625
0.20855712890625 0.260360717773438 -0.62890625 -0.35699462890625
0.257232666015625 0.170974731445313 -0.73974609375 -0.0948486328125
0.25299072265625 0.17041015625 -0.6314697265625 -0.0523071289062501
0.277542114257813 0.153656005859375 -0.51910400390625 -0.113006591796875
0.147140502929688 0.195388793945313 -0.31097412109375 -0.23779296875
0.0372467041015625 0.203277587890625 0.0172500610351562 -0.132331848144531
-0.021392822265625 0.125320434570313 0.135284423828125 0.161956787109375
-0.00982666015625 0.11468505859375 -0.00946044921875004 0.43621826171875
0.00750732421874998 0.185333251953125 -0.1549072265625 0.5770263671875
-0.094390869140625 0.309112548828125 -0.29156494140625 0.671875
-0.0976791381835938 0.00951385498046874 0.2547607421875 -0.7047119140625
-0.0833816528320312 0.0309600830078125 0.2198486328125 -0.58306884765625
-0.022369384765625 0.0911178588867188 0.05853271484375 -0.42071533203125
0.0443878173828125 0.07122802734375 -0.149261474609375 -0.242874145507812
0.0734405517578125 -0.00212860107421875 -0.0847320556640625 0.149398803710938
0.00429916381835938 -0.0504379272460938 0.284088134765625 0.313262939453125
0.0100555419921875 -0.0447731018066406 0.60357666015625 0.1278076171875
0.0131645202636719 -0.0305938720703125 0.668701171875 0.04205322265625
-0.013519287109375 -0.042083740234375 0.75640869140625 0.03643798828125
0.02545166015625 -0.0334453582763672 0.69854736328125 0.2567138671875
0.0672950744628906 -0.0116844177246094 0.4351806640625 0.340118408203125
0.0952606201171875 0.072296142578125 0.2313232421875 0.224685668945313
0.0120391845703125 0.128738403320313 0.137039184570313 0.0613555908203125
-0.0562057495117188 0.112022399902344 0.195632934570312 -0.217117309570312
-0.0643157958984375 0.0558929443359375 0.5518798828125 -0.44390869140625
-0.23101806640625 0.311187744140625 0.2574462890625 -0.6473388671875
-0.152694702148438 0.26116943359375 0.286590576171875 -0.522491455078125
-0.04150390625 0.30364990234375 0.14947509765625 -0.4189453125
0.056396484375 0.235824584960938 -0.10711669921875 -0.2919921875
0.135833740234375 0.193634033203125 -0.120536804199219 0.116546630859375
0.170074462890625 0.11212158203125 0.221160888671875 0.3070068359375
0.254058837890625 0.049774169921875 0.54815673828125 0.147186279296875
0.279464721679688 0.0748748779296875 0.60675048828125 0.0458984375
0.279617309570313 0.043670654296875 0.7003173828125 -0.00482177734375
0.257827758789062 0.140472412109375 0.653564453125 0.16845703125
0.219985961914062 0.239471435546875 0.419281005859375 0.26318359375
0.15142822265625 0.338104248046875 0.256317138671875 0.166229248046875
-0.0787353515625 0.41217041015625 0.177444458007813 0.0489501953125
-0.17926025390625 0.3525390625 0.204788208007813 -0.196975708007812
-0.232269287109375 0.34014892578125 0.498809814453125 -0.398162841796875
-0.3585205078125 0.5770263671875 0.21124267578125 -0.505645751953125
-0.2354736328125 0.483306884765625 0.329376220703125 -0.4288330078125
-0.087890625 0.51678466796875 0.209075927734375 -0.418121337890625
0.03741455078125 0.408111572265625 -0.082061767578125 -0.331451416015625
0.16668701171875 0.40576171875 -0.15966796875 0.0637359619140625
0.309600830078125 0.29473876953125 0.122207641601563 0.254257202148438
0.466156005859375 0.1595458984375 0.410980224609375 0.140045166015625
0.50555419921875 0.169708251953125 0.457244873046875 0.042144775390625
0.53460693359375 0.097320556640625 0.544677734375 -0.03778076171875
0.47161865234375 0.25054931640625 0.514404296875 0.06683349609375
0.390655517578125 0.41229248046875 0.3551025390625 0.161376953125
0.253143310546875 0.52825927734375 0.262542724609375 0.100906372070313
-0.0844116210937501 0.646484375 0.20953369140625 0.06854248046875
-0.221832275390625 0.5562744140625 0.186294555664063 -0.101058959960937
-0.3363037109375 0.58502197265625 0.382781982421875 -0.27099609375
-0.44512939453125 0.75323486328125 0.10858154296875 -0.29254150390625
-0.310546875 0.6314697265625 0.3297119140625 -0.302734375
-0.16107177734375 0.67742919921875 0.221466064453125 -0.408294677734375
-0.011962890625 0.56597900390625 -0.081817626953125 -0.360107421875
0.170654296875 0.6048583984375 -0.20684814453125 -0.0155639648437499
0.42138671875 0.4632568359375 -0.0141448974609375 0.150772094726563
0.618896484375 0.2550048828125 0.201324462890625 0.103302001953125
0.6590576171875 0.23956298828125 0.235000610351563 0.0327606201171875
0.7044677734375 0.1295166015625 0.314910888671875 -0.050933837890625
0.60943603515625 0.30126953125 0.30438232421875 -0.015594482421875
0.508544921875 0.4959716796875 0.248916625976563 0.0682525634765625
0.3358154296875 0.609130859375 0.246444702148438 0.0519256591796875
-0.0440063476562501 0.75909423828125 0.231903076171875 0.118743896484375
-0.19940185546875 0.6715087890625 0.161514282226563 0.05780029296875
-0.3662109375 0.7518310546875 0.236923217773437 -0.0714263916015625
-0.4600830078125 0.790283203125 -0.0394020080566406 -0.0427436828613281
-0.34356689453125 0.650634765625 0.262451171875 -0.151092529296875
-0.243896484375 0.7215576171875 0.180694580078125 -0.363677978515625
-0.08062744140625 0.65240478515625 -0.095367431640625 -0.36566162109375
0.1502685546875 0.7333984375 -0.255416870117187 -0.124114990234375
0.48382568359375 0.5665283203125 -0.184906005859375 0.00408935546875002
0.68505859375 0.31109619140625 -0.0605506896972656 0.0455894470214844
0.7119140625 0.27545166015625 -0.0238456726074218 0.0195713043212891
0.7628173828125 0.145751953125 0.0516853332519532 -0.0479774475097656
0.632080078125 0.315673828125 0.0699005126953125 -0.0705413818359375
0.51434326171875 0.502349853515625 0.130607604980469 -0.00512695312499997
0.33074951171875 0.58148193359375 0.218292236328125 0.0330963134765625
-0.011474609375 0.725341796875 0.236434936523438 0.197677612304688
-0.14215087890625 0.66217041015625 0.128768920898438 0.246139526367188
-0.33612060546875 0.802001953125 0.088043212890625 0.165451049804688
-0.39202880859375 0.69232177734375 -0.204315185546875 0.189895629882813
-0.31719970703125 0.544921875 0.132125854492187 0.00325012207031253
-0.28631591796875 0.628662109375 0.09991455078125 -0.276779174804687
-0.1265869140625 0.62127685546875 -0.110626220703125 -0.345672607421875
0.12255859375 0.72393798828125 -0.293975830078125 -0.242706298828125
0.47723388671875 0.559234619140625 -0.36724853515625 -0.151336669921875
0.6475830078125 0.30792236328125 -0.3348388671875 -0.010406494140625
0.6541748046875 0.27264404296875 -0.27899169921875 0.00724792480468754
0.6927490234375 0.158447265625 -0.196807861328125 -0.0428466796875
0.53515625 0.306640625 -0.134666442871094 -0.114662170410156
0.39990234375 0.44903564453125 0.0400886535644532 -0.0637359619140625
0.23028564453125 0.467193603515625 0.193618774414063 0.0491790771484375
-0.00875854492187503 0.56109619140625 0.207794189453125 0.29083251953125
-0.0833740234375 0.549591064453125 0.07464599609375 0.417266845703125
-0.2646484375 0.73065185546875 -0.045684814453125 0.393310546875
-0.25054931640625 0.490875244140625 -0.3515625 0.372100830078125
-0.217620849609375 0.36529541015625 -0.01849365234375 0.141220092773438
-0.243408203125 0.4293212890625 0.0113677978515625 -0.174560546875
-0.118408203125 0.46331787109375 -0.124267578125 -0.309417724609375
0.0907592773437501 0.56451416015625 -0.324310302734375 -0.339874267578125
0.389373779296875 0.438995361328125 -0.531585693359375 -0.267120361328125
0.50042724609375 0.24676513671875 -0.57403564453125 -0.04345703125
0.49676513671875 0.228546142578125 -0.48834228515625 -0.00204467773437502
0.5223388671875 0.156951904296875 -0.393310546875 -0.0514221191406249
0.358978271484375 0.266204833984375 -0.269638061523438 -0.162261962890625
0.220611572265625 0.34356689453125 0.000999450683593768 -0.109832763671875
0.095367431640625 0.303253173828125 0.173110961914063 0.0920562744140625
-0.00985717773437501 0.3372802734375 0.13482666015625 0.376373291015625
-0.030181884765625 0.37744140625 -0.00625610351562503 0.532867431640625
-0.17388916015625 0.5599365234375 -0.15350341796875 0.57562255859375
-0.0659637451171875 0.222854614257813 -0.4444580078125 0.483154296875
-0.059783935546875 0.14739990234375 -0.13525390625 0.242218017578125
-0.130233764648437 0.159072875976563 -0.0574951171875 -0.0897216796875
-0.076568603515625 0.211441040039063 -0.144760131835938 -0.26898193359375
0.037200927734375 0.29547119140625 -0.35272216796875 -0.3868408203125
0.223892211914063 0.241790771484375 -0.6490478515625 -0.307861328125
0.267333984375 0.151885986328125 -0.73309326171875 -0.0394897460937499
0.264007568359375 0.151351928710938 -0.622802734375 -0.00976562500000011
0.283599853515625 0.1298828125 -0.514068603515625 -0.077484130859375
0.156997680664063 0.182144165039063 -0.324188232421875 -0.2091064453125
0.049346923828125 0.1966552734375 0.00753784179687501 -0.133934020996094
-0.0125885009765625 0.124366760253906 0.1470947265625 0.14739990234375
0.000160217285156247 0.112556457519531 0.024383544921875 0.4271240234375
0.0183563232421875 0.183349609375 -0.1080322265625 0.57611083984375
-0.070556640625 0.31561279296875 -0.233642578125 0.684326171875
-0.0928573608398438 0.0139617919921875 0.21051025390625 -0.70330810546875
-0.0784454345703125 0.0331268310546875 0.18017578125 -0.57794189453125
-0.0171279907226562 0.0885391235351563 0.03668212890625 -0.410552978515625
0.0464134216308594 0.0666236877441406 -0.159317016601562 -0.226791381835938
0.0693473815917969 -0.00649642944335937 -0.07598876953125 0.152435302734375
0.00101852416992187 -0.0470733642578125 0.29400634765625 0.289215087890625
0.00806427001953124 -0.044097900390625 0.59228515625 0.09326171875
0.0126285552978516 -0.0320320129394531 0.6488037109375 0.00982666015625
-0.0141220092773438 -0.03936767578125 0.73211669921875 -0.0020751953125
0.0225009918212891 -0.0340118408203125 0.690673828125 0.2103271484375
0.0657539367675781 -0.0158538818359375 0.44195556640625 0.3114013671875
0.0972442626953125 0.06475830078125 0.23455810546875 0.204544067382813
0.0166549682617188 0.124664306640625 0.137977600097656 0.0486297607421875
-0.0493621826171875 0.111221313476563 0.1817626953125 -0.221237182617188
-0.0584220886230469 0.0551528930664063 0.51373291015625 -0.457763671875
-0.20623779296875 0.317138671875 0.216064453125 -0.64752197265625
-0.1336669921875 0.26251220703125 0.247955322265625 -0.521728515625
-0.024566650390625 0.297882080078125 0.1263427734375 -0.4139404296875
0.0651397705078125 0.225357055664063 -0.11956787109375 -0.27825927734375
0.139785766601563 0.179794311523438 -0.112625122070313 0.120750427246094
0.168930053710938 0.104248046875 0.23150634765625 0.28759765625
0.250808715820313 0.035552978515625 0.538421630859375 0.11492919921875
0.277542114257813 0.0567169189453125 0.5906982421875 0.014404296875
0.274993896484375 0.0289306640625 0.6773681640625 -0.040283203125
0.257278442382812 0.124465942382812 0.64312744140625 0.1297607421875
0.227630615234375 0.222396850585938 0.424041748046875 0.236175537109375
0.164520263671875 0.321990966796875 0.255844116210938 0.144302368164063
-0.055389404296875 0.406524658203125 0.178237915039063 0.03363037109375
-0.159149169921875 0.35076904296875 0.190826416015625 -0.202972412109375
-0.2078857421875 0.342498779296875 0.46307373046875 -0.412384033203125
-0.31689453125 0.58599853515625 0.179351806640625 -0.506256103515625
-0.20330810546875 0.4849853515625 0.29681396484375 -0.432403564453125
-0.05657958984375 0.509552001953125 0.1827392578125 -0.414642333984375
0.055084228515625 0.39324951171875 -0.096588134765625 -0.318450927734375
0.17974853515625 0.383209228515625 -0.153793334960938 0.071258544921875
0.313751220703125 0.275115966796875 0.13128662109375 0.241851806640625
0.462493896484375 0.131805419921875 0.405426025390625 0.11578369140625
0.5025634765625 0.138641357421875 0.44561767578125 0.01849365234375
0.525543212890625 0.069000244140625 0.524261474609375 -0.06793212890625
0.471343994140625 0.220245361328125 0.502288818359375 0.0374755859375
0.40142822265625 0.382415771484375 0.35546875 0.139801025390625
0.2725830078125 0.50323486328125 0.258468627929687 0.0796356201171875
-0.04888916015625 0.6331787109375 0.211517333984375 0.048126220703125
-0.19390869140625 0.552459716796875 0.177597045898437 -0.108673095703125
-0.29547119140625 0.5894775390625 0.35791015625 -0.2830810546875
-0.3936767578125 0.759765625 0.09063720703125 -0.292022705078125
-0.26708984375 0.633056640625 0.302581787109375 -0.30816650390625
-0.1199951171875 0.67022705078125 0.197540283203125 -0.4072265625
0.0132446289062501 0.55133056640625 -0.096588134765625 -0.3468017578125
0.1947021484375 0.57794189453125 -0.203857421875 -0.00404357910156248
0.429534912109375 0.4346923828125 -0.00808715820312499 0.148056030273438
0.61865234375 0.21923828125 0.201080322265625 0.09124755859375
0.656982421875 0.19732666015625 0.2298583984375 0.01837158203125
0.69219970703125 0.08917236328125 0.30133056640625 -0.0703125
0.606201171875 0.26312255859375 0.2930908203125 -0.030242919921875
0.521728515625 0.45648193359375 0.24700927734375 0.05340576171875
0.355224609375 0.57769775390625 0.2403564453125 0.0318756103515625
-0.00158691406249996 0.74114990234375 0.23651123046875 0.0955963134765625
-0.16534423828125 0.6629638671875 0.161514282226563 0.0464935302734375
-0.31658935546875 0.7528076171875 0.226470947265625 -0.08074951171875
-0.4049072265625 0.7994384765625 -0.039703369140625 -0.0409584045410156
-0.29986572265625 0.65606689453125 0.246505737304687 -0.15875244140625
-0.19866943359375 0.7164306640625 0.159912109375 -0.36376953125
-0.049560546875 0.639404296875 -0.109222412109375 -0.35211181640625
0.1832275390625 0.7060546875 -0.256362915039063 -0.10748291015625
0.496917724609375 0.53204345703125 -0.183120727539062 0.0153350830078125
0.6866455078125 0.26934814453125 -0.0559768676757812 0.0492134094238281
0.7100830078125 0.23223876953125 -0.0219230651855468 0.0181427001953125
0.7481689453125 0.102783203125 0.0470390319824219 -0.0550537109375
0.62884521484375 0.27740478515625 0.0615615844726563 -0.0708847045898437
0.52593994140625 0.46240234375 0.127204895019531 -0.0133285522460937
0.35009765625 0.551513671875 0.212875366210938 0.015411376953125
0.0295410156249999 0.704833984375 0.245346069335938 0.171981811523438
-0.10919189453125 0.6531982421875 0.139846801757813 0.231048583984375
-0.28179931640625 0.801513671875 0.0948028564453125 0.15728759765625
-0.3428955078125 0.697265625 -0.187484741210938 0.195037841796875
-0.280181884765625 0.549041748046875 0.126853942871094 -0.00163269042968747
-0.2445068359375 0.62982177734375 0.0845489501953125 -0.275131225585937
-0.095947265625 0.61126708984375 -0.122467041015625 -0.33184814453125
0.156005859375 0.70050048828125 -0.300201416015625 -0.22247314453125
0.489959716796875 0.52349853515625 -0.369384765625 -0.12689208984375
0.6480712890625 0.26849365234375 -0.32476806640625 0.00982666015624995
0.65399169921875 0.23199462890625 -0.2691650390625 0.0179443359375
0.67938232421875 0.11688232421875 -0.192779541015625 -0.037506103515625
0.532867431640625 0.272216796875 -0.138565063476562 -0.102470397949219
0.410491943359375 0.417449951171875 0.0359039306640625 -0.0668678283691406
0.2459716796875 0.443328857421875 0.1907958984375 0.0329132080078125
0.023773193359375 0.544921875 0.221282958984375 0.266311645507813
-0.0578613281249999 0.539459228515625 0.096435546875 0.40020751953125
-0.21661376953125 0.7293701171875 -0.022247314453125 0.38592529296875
-0.217926025390625 0.492462158203125 -0.3212890625 0.379791259765625
-0.19232177734375 0.367645263671875 -0.0132904052734375 0.140121459960938
-0.213653564453125 0.43267822265625 0.00213623046874999 -0.169769287109375
-0.09527587890625 0.45745849609375 -0.1337890625 -0.295196533203125
0.1177978515625 0.54571533203125 -0.33428955078125 -0.316680908203125
0.401275634765625 0.407073974609375 -0.5352783203125 -0.232269287109375
0.502105712890625 0.215667724609375 -0.55889892578125 -0.0090332031249999
0.497650146484375 0.1973876953125 -0.4742431640625 0.0197753906249999
0.513641357421875 0.1241455078125 -0.38336181640625 -0.0356140136718749
0.35992431640625 0.241424560546875 -0.270904541015625 -0.141281127929687
0.23040771484375 0.32257080078125 -0.00463104248046873 -0.10968017578125
0.10736083984375 0.28955078125 0.174591064453125 0.0767669677734375
0.00985717773437501 0.32733154296875 0.152862548828125 0.3543701171875
-0.013397216796875 0.370758056640625 0.022735595703125 0.51708984375
-0.136505126953125 0.55718994140625 -0.1180419921875 0.56756591796875
-0.052703857421875 0.220748901367188 -0.405029296875 0.49273681640625
-0.04876708984375 0.147003173828125 -0.12115478515625 0.244277954101562
-0.117706298828125 0.16351318359375 -0.0615386962890625 -0.0829925537109375
-0.0660552978515625 0.209945678710938 -0.150772094726563 -0.2547607421875
0.052459716796875 0.28607177734375 -0.36260986328125 -0.361785888671875
0.229583740234375 0.2237548828125 -0.65045166015625 -0.26788330078125
0.270065307617188 0.134490966796875 -0.7122802734375 -0.000183105468749995
0.26556396484375 0.134689331054688 -0.60296630859375 0.01849365234375
0.281280517578125 0.110870361328125 -0.500946044921875 -0.0529479980468751
0.159378051757813 0.169677734375 -0.32586669921875 -0.184234619140625
0.056182861328125 0.188705444335938 0.000350952148437511 -0.133552551269531
-0.00566101074218751 0.120841979980469 0.152420043945313 0.1336669921875
0.00634002685546875 0.108055114746094 0.047393798828125 0.410552978515625
0.0255889892578125 0.17962646484375 -0.07379150390625 0.562744140625
-0.0511474609375 0.313720703125 -0.19085693359375 0.67645263671875
-0.0895767211914063 0.0161285400390625 0.1817626953125 -0.70050048828125
-0.0754013061523438 0.0334548950195313 0.15533447265625 -0.57073974609375
-0.0144424438476562 0.0868682861328125 0.025054931640625 -0.402191162109375
0.047332763671875 0.0641098022460938 -0.164947509765625 -0.216598510742188
0.0656700134277344 -0.00900650024414063 -0.0707244873046875 0.154708862304688
-0.000740051269531247 -0.0439567565917969 0.29833984375 0.27496337890625
0.00682449340820313 -0.0435714721679687 0.58056640625 0.07110595703125
0.0121898651123047 -0.0332603454589844 0.634033203125 -0.008056640625
-0.0140533447265625 -0.0373077392578125 0.7117919921875 -0.02203369140625
0.0205955505371094 -0.034210205078125 0.6829833984375 0.1845703125
0.0651626586914063 -0.0182838439941406 0.44573974609375 0.293243408203125
0.0983505249023438 0.0597152709960937 0.233673095703125 0.1922607421875
0.01800537109375 0.122627258300781 0.136802673339844 0.0401763916015625
-0.04541015625 0.109550476074219 0.173355102539063 -0.222259521484375
-0.0551490783691406 0.0543556213378906 0.488677978515625 -0.463287353515625
-0.1907958984375 0.31939697265625 0.18951416015625 -0.64422607421875
-0.12237548828125 0.261825561523438 0.224884033203125 -0.518218994140625
-0.012725830078125 0.29290771484375 0.1129150390625 -0.408203125
0.070098876953125 0.218124389648438 -0.126495361328125 -0.269546508789063
0.13970947265625 0.170806884765625 -0.107986450195312 0.124473571777344
0.16748046875 0.100067138671875 0.23492431640625 0.274856567382813
0.247650146484375 0.0279541015625 0.531097412109375 0.09490966796875
0.274749755859375 0.0460357666015625 0.577392578125 -0.003173828125
0.272018432617188 0.0208587646484375 0.65887451171875 -0.06097412109375
0.2559814453125 0.114730834960938 0.63507080078125 0.1070556640625
0.231002807617187 0.2113037109375 0.4256591796875 0.2191162109375
0.17095947265625 0.3116455078125 0.252700805664063 0.131439208984375
-0.04248046875 0.39990234375 0.177490234375 0.0210723876953125
-0.148529052734375 0.3489990234375 0.182891845703125 -0.205657958984375
-0.1927490234375 0.3411865234375 0.441802978515625 -0.417022705078125
-0.29058837890625 0.5867919921875 0.157196044921875 -0.5054931640625
-0.182220458984375 0.4825439453125 0.27386474609375 -0.43035888671875
-0.03741455078125 0.502105712890625 0.16998291015625 -0.412017822265625
0.064178466796875 0.384490966796875 -0.103607177734375 -0.309783935546875
0.186279296875 0.36907958984375 -0.148956298828125 0.0762481689453125
0.313995361328125 0.2652587890625 0.1348876953125 0.233856201171875
0.460540771484375 0.1156005859375 0.40118408203125 0.100250244140625
0.49908447265625 0.11968994140625 0.435546875 0.00354003906250001
0.518310546875 0.05108642578125 0.509063720703125 -0.0833740234375
0.4674072265625 0.203704833984375 0.49200439453125 0.02166748046875
0.405914306640625 0.364349365234375 0.356353759765625 0.1265869140625
0.282318115234375 0.487060546875 0.25274658203125 0.0660400390625
-0.0290527343749999 0.62286376953125 0.211532592773438 0.032867431640625
-0.1768798828125 0.548309326171875 0.17205810546875 -0.113800048828125
-0.2720947265625 0.58868408203125 0.341796875 -0.2860107421875
-0.35833740234375 0.7633056640625 0.079193115234375 -0.29150390625
-0.24200439453125 0.63275146484375 0.286712646484375 -0.309326171875
-0.09429931640625 0.66375732421875 0.18414306640625 -0.405914306640625
0.028228759765625 0.538543701171875 -0.10357666015625 -0.339019775390625
0.207763671875 0.560699462890625 -0.201278686523438 0.00407409667968757
0.4342041015625 0.417572021484375 -0.00547790527343749 0.1473388671875
0.615478515625 0.19586181640625 0.200836181640625 0.083343505859375
0.6524658203125 0.17376708984375 0.2247314453125 0.00950622558593751
0.68121337890625 0.06561279296875 0.289642333984375 -0.081817626953125
0.60089111328125 0.2413330078125 0.28485107421875 -0.038177490234375
0.525238037109375 0.434173583984375 0.245620727539063 0.0442352294921875
0.36773681640625 0.558929443359375 0.233505249023438 0.019317626953125
0.0230712890625 0.72686767578125 0.237823486328125 0.0776214599609375
-0.14642333984375 0.65765380859375 0.160995483398438 0.0387115478515625
-0.2845458984375 0.7496337890625 0.219558715820312 -0.0854949951171875
-0.36981201171875 0.80096435546875 -0.0400390625 -0.0401573181152343
-0.27197265625 0.6549072265625 0.23541259765625 -0.160598754882813
-0.17041015625 0.7135009765625 0.148101806640625 -0.362030029296875
-0.0320434570312501 0.629150390625 -0.116180419921875 -0.343475341796875
0.20123291015625 0.686767578125 -0.256057739257813 -0.095672607421875
0.501556396484375 0.510162353515625 -0.182159423828125 0.0231475830078125
0.6846923828125 0.2432861328125 -0.0507049560546874 0.051605224609375
0.70599365234375 0.20379638671875 -0.0210952758789062 0.0160541534423828
0.7353515625 0.07666015625 0.0415992736816407 -0.0602607727050781
0.621337890625 0.25506591796875 0.0565528869628907 -0.0696372985839844
0.52813720703125 0.437469482421875 0.125450134277344 -0.0189590454101562
0.35919189453125 0.53106689453125 0.206588745117188 0.00311279296875003
0.0517578125 0.689697265625 0.248672485351563 0.152694702148438
-0.09234619140625 0.64654541015625 0.145538330078125 0.221145629882813
-0.248291015625 0.79705810546875 0.0975799560546875 0.152328491210938
-0.314697265625 0.6973876953125 -0.176651000976563 0.196533203125
-0.255279541015625 0.548248291015625 0.123222351074219 -0.00341796874999997
-0.21807861328125 0.6273193359375 0.07562255859375 -0.273056030273437
-0.07977294921875 0.60467529296875 -0.127777099609375 -0.3233642578125
0.17462158203125 0.685302734375 -0.3026123046875 -0.20941162109375
0.4949951171875 0.5023193359375 -0.369903564453125 -0.110687255859375
0.647705078125 0.2427978515625 -0.315338134765625 0.0207519531250001
0.6494140625 0.20703125 -0.26312255859375 0.023193359375
0.66925048828125 0.09332275390625 -0.192153930664062 -0.0362701416015625
0.5277099609375 0.253326416015625 -0.140129089355469 -0.0939712524414063
0.412628173828125 0.39617919921875 0.0336494445800782 -0.0692710876464843
0.25299072265625 0.42919921875 0.18682861328125 0.022308349609375
0.0418701171875 0.531707763671875 0.227676391601563 0.247390747070313
-0.0435791015625 0.5343017578125 0.1090087890625 0.3878173828125
-0.1868896484375 0.72296142578125 -0.00982666015625 0.379119873046875
-0.199615478515625 0.491729736328125 -0.300445556640625 0.382537841796875
-0.175872802734375 0.367156982421875 -0.0101699829101563 0.139892578125
-0.19573974609375 0.433074951171875 -0.00347900390625001 -0.166641235351562
-0.083892822265625 0.451690673828125 -0.137664794921875 -0.287506103515625
0.133544921875 0.533843994140625 -0.338653564453125 -0.301971435546875
0.404022216796875 0.390289306640625 -0.53643798828125 -0.208709716796875
0.5028076171875 0.196075439453125 -0.543792724609375 0.00857543945312491
0.49639892578125 0.178680419921875 -0.4622802734375 0.0306396484375
0.50482177734375 0.105621337890625 -0.37677001953125 -0.028717041015625
0.35760498046875 0.2279052734375 -0.270553588867187 -0.128005981445313
0.232940673828125 0.30987548828125 -0.00786590576171873 -0.110343933105469
0.113479614257812 0.28033447265625 0.17333984375 0.06658935546875
0.02081298828125 0.31890869140625 0.163299560546875 0.337615966796875
-0.00350952148437502 0.367034912109375 0.04119873046875 0.50341796875
-0.1151123046875 0.5538330078125 -0.09716796875 0.55926513671875
-0.0452728271484375 0.21875 -0.378143310546875 0.49554443359375
-0.0423126220703125 0.145309448242188 -0.112899780273437 0.245132446289063
-0.109283447265625 0.164642333984375 -0.0632858276367187 -0.0781707763671875
-0.0604248046875 0.208465576171875 -0.153182983398438 -0.246566772460938
0.0619659423828125 0.280044555664063 -0.367340087890625 -0.3468017578125
0.231582641601562 0.21295166015625 -0.64935302734375 -0.24005126953125
0.2706298828125 0.12469482421875 -0.69561767578125 0.0223999023437499
0.266571044921875 0.124542236328125 -0.58892822265625 0.0336914062499999
0.277175903320313 0.0986480712890625 -0.492340087890625 -0.0422058105468751
0.159286499023438 0.162918090820313 -0.32342529296875 -0.16864013671875
0.059356689453125 0.183242797851563 -0.00415802001953125 -0.133094787597656
-0.00234985351562501 0.118621826171875 0.154251098632813 0.124404907226563
0.0101318359375 0.10479736328125 0.0601806640625 0.39794921875
0.0287933349609375 0.178787231445313 -0.052520751953125 0.550933837890625
-0.039276123046875 0.310821533203125 -0.1651611328125 0.66741943359375
-0.0875396728515625 0.0182342529296875 0.16033935546875 -0.70574951171875
-0.0752410888671875 0.0334396362304688 0.14019775390625 -0.57159423828125
-0.0121307373046875 0.0867691040039063 0.01812744140625 -0.402557373046875
0.0494232177734375 0.0633316040039063 -0.171096801757812 -0.212722778320313
0.0636634826660156 -0.0104484558105469 -0.0672149658203125 0.15850830078125
-0.00176239013671875 -0.0413742065429688 0.305328369140625 0.26849365234375
0.006195068359375 -0.0431861877441406 0.57940673828125 0.05731201171875
0.0120391845703125 -0.0350875854492188 0.63067626953125 -0.01971435546875
-0.013153076171875 -0.0366706848144531 0.70794677734375 -0.03460693359375
0.0191688537597656 -0.0344772338867188 0.687255859375 0.16925048828125
0.0651359558105469 -0.0213890075683594 0.45550537109375 0.285430908203125
0.100067138671875 0.05718994140625 0.234695434570312 0.185699462890625
0.019775390625 0.123275756835937 0.137336730957031 0.0342254638671875
-0.0441513061523438 0.109565734863281 0.170822143554688 -0.226547241210938
-0.0545082092285156 0.0532951354980469 0.47821044921875 -0.471649169921875
-0.181121826171875 0.325286865234375 0.1708984375 -0.6495361328125
-0.114669799804688 0.2655029296875 0.2099609375 -0.520599365234375
-0.00408935546874997 0.294036865234375 0.107574462890625 -0.408935546875
0.0742340087890625 0.216598510742188 -0.132293701171875 -0.267242431640625
0.14105224609375 0.166885375976563 -0.105155944824219 0.12908935546875
0.169158935546875 0.100494384765625 0.24151611328125 0.270263671875
0.249038696289063 0.0226898193359375 0.53057861328125 0.081939697265625
0.2774658203125 0.0380096435546875 0.57452392578125 -0.01416015625
0.2738037109375 0.01507568359375 0.65350341796875 -0.07275390625
0.25775146484375 0.11151123046875 0.6358642578125 0.0927734375
0.236602783203125 0.205337524414063 0.433349609375 0.211639404296875
0.17828369140625 0.308990478515625 0.252273559570313 0.12347412109375
-0.034423828125 0.402130126953125 0.179183959960937 0.01153564453125
-0.144378662109375 0.351287841796875 0.18017578125 -0.210464477539063
-0.18597412109375 0.3448486328125 0.4322509765625 -0.423736572265625
-0.27349853515625 0.59808349609375 0.14288330078125 -0.509979248046875
-0.16961669921875 0.48822021484375 0.262939453125 -0.433380126953125
-0.02294921875 0.50469970703125 0.1641845703125 -0.4149169921875
0.07220458984375 0.382598876953125 -0.110504150390625 -0.309783935546875
0.192047119140625 0.3634033203125 -0.148422241210938 0.08270263671875
0.319244384765625 0.2635498046875 0.139495849609375 0.232086181640625
0.4632568359375 0.105621337890625 0.403350830078125 0.091217041015625
0.5029296875 0.10589599609375 0.433197021484375 -0.00570678710937499
0.521575927734375 0.03997802734375 0.502105712890625 -0.096160888671875
0.470550537109375 0.196807861328125 0.491607666015625 0.0108642578125
0.415435791015625 0.355987548828125 0.361724853515625 0.11883544921875
0.294769287109375 0.483306884765625 0.250900268554688 0.0577392578125
-0.01312255859375 0.6239013671875 0.213623046875 0.0202484130859375
-0.169891357421875 0.55194091796875 0.17083740234375 -0.118911743164062
-0.25897216796875 0.5938720703125 0.335693359375 -0.29327392578125
-0.3370361328125 0.7752685546875 0.070831298828125 -0.2938232421875
-0.2259521484375 0.640869140625 0.27685546875 -0.312103271484375
-0.0748291015624999 0.667236328125 0.178466796875 -0.41070556640625
0.03656005859375 0.539520263671875 -0.110015869140625 -0.338531494140625
0.218475341796875 0.556121826171875 -0.201629638671875 0.0117187500000001
0.4417724609375 0.413909912109375 -0.00415039062499998 0.150726318359375
0.62249755859375 0.18243408203125 0.204055786132813 0.078765869140625
0.65838623046875 0.15716552734375 0.223373413085938 0.00337219238281251
0.683349609375 0.0494384765625 0.2833251953125 -0.090972900390625
0.604736328125 0.23248291015625 0.2825927734375 -0.043426513671875
0.535858154296875 0.4234619140625 0.248916625976563 0.03790283203125
0.378814697265625 0.552978515625 0.229827880859375 0.0100555419921875
0.0400390625 0.7252197265625 0.240829467773437 0.0630645751953125
-0.13641357421875 0.66204833984375 0.162872314453125 0.0335235595703125
-0.26751708984375 0.75897216796875 0.217254638671875 -0.0892028808593749
-0.35009765625 0.8148193359375 -0.0410881042480469 -0.0393829345703125
-0.25555419921875 0.66204833984375 0.229949951171875 -0.162704467773437
-0.14996337890625 0.71929931640625 0.14215087890625 -0.367279052734375
-0.0225830078125 0.6314697265625 -0.122161865234375 -0.343475341796875
0.21588134765625 0.6844482421875 -0.258331298828125 -0.0874481201171875
0.5130615234375 0.503753662109375 -0.183837890625 0.0307159423828125
0.69268798828125 0.22808837890625 -0.0467376708984375 0.0528793334960938
0.71343994140625 0.18865966796875 -0.0219173431396484 0.0143661499023438
0.73681640625 0.05938720703125 0.0355987548828125 -0.0649566650390625
0.626220703125 0.24481201171875 0.053741455078125 -0.0696945190429687
0.5374755859375 0.42742919921875 0.126060485839844 -0.0241241455078125
0.371490478515625 0.524627685546875 0.203598022460938 -0.00508117675781247
0.068115234375 0.68585205078125 0.252975463867188 0.138870239257813
-0.08056640625 0.6510009765625 0.15216064453125 0.216293334960938
-0.22869873046875 0.8045654296875 0.100906372070312 0.150390625
-0.29656982421875 0.70819091796875 -0.171112060546875 0.199935913085938
-0.241943359375 0.555633544921875 0.121894836425781 -0.00350189208984372
-0.2022705078125 0.63311767578125 0.07037353515625 -0.275436401367188
-0.07049560546875 0.6083984375 -0.132720947265625 -0.323150634765625
0.19091796875 0.68157958984375 -0.308074951171875 -0.20037841796875
0.506591796875 0.494049072265625 -0.374755859375 -0.098358154296875
0.65667724609375 0.22796630859375 -0.310760498046875 0.028289794921875
0.6573486328125 0.192626953125 -0.262481689453125 0.0259552001953125
0.6685791015625 0.07684326171875 -0.196823120117187 -0.0369415283203125
0.530181884765625 0.2462158203125 -0.14263916015625 -0.08905029296875
0.42083740234375 0.3878173828125 0.0320281982421875 -0.0731735229492187
0.26318359375 0.423675537109375 0.185272216796875 0.0139617919921875
0.05535888671875 0.528839111328125 0.235748291015625 0.235443115234375
-0.03228759765625 0.538818359375 0.119140625 0.384063720703125
-0.16961669921875 0.72991943359375 -0.000549316406250011 0.379180908203125
-0.188140869140625 0.498199462890625 -0.290191650390625 0.388458251953125
-0.16644287109375 0.370635986328125 -0.00869750976562502 0.141677856445313
-0.1842041015625 0.438262939453125 -0.0073699951171875 -0.166336059570312
-0.0765380859375 0.456451416015625 -0.141357421875 -0.286102294921875
0.146453857421875 0.531585693359375 -0.346954345703125 -0.294281005859375
0.41204833984375 0.38397216796875 -0.5435791015625 -0.19366455078125
0.50958251953125 0.18438720703125 -0.54022216796875 0.0225524902343749
0.501373291015625 0.167449951171875 -0.4610595703125 0.037139892578125
0.505218505859375 0.093231201171875 -0.37969970703125 -0.0255126953124999
0.358489990234375 0.223419189453125 -0.271697998046875 -0.119400024414062
0.238616943359375 0.30487060546875 -0.01055908203125 -0.112678527832031
0.1190185546875 0.277481079101563 0.175552368164063 0.0603790283203125
0.02838134765625 0.317596435546875 0.172393798828125 0.32867431640625
0.00335693359374996 0.3699951171875 0.052825927734375 0.500030517578125
-0.100494384765625 0.557861328125 -0.08465576171875 0.560699462890625
-0.041778564453125 0.220306396484375 -0.363861083984375 0.5029296875
-0.037841796875 0.145050048828125 -0.10870361328125 0.249435424804688
-0.105789184570312 0.167327880859375 -0.0668563842773438 -0.0751953125
-0.0572509765625 0.210891723632813 -0.156173706054688 -0.244827270507812
0.0699615478515625 0.277755737304687 -0.377685546875 -0.33917236328125
0.235244750976563 0.208297729492188 -0.65728759765625 -0.222900390625
0.274856567382813 0.118988037109375 -0.69085693359375 0.0391845703125
0.27105712890625 0.1190185546875 -0.58563232421875 0.0420532226562499
0.277191162109375 0.092315673828125 -0.4927978515625 -0.0344543457031249
0.160797119140625 0.161376953125 -0.3250732421875 -0.15948486328125
0.06182861328125 0.181961059570313 -0.00720977783203124 -0.135032653808594
-3.81469726562494E-05 0.117813110351563 0.158782958984375 0.120223999023438
0.01177978515625 0.104484558105469 0.0690917968749999 0.393157958984375
0.033294677734375 0.180679321289063 -0.0381164550781251 0.5477294921875
-0.031524658203125 0.31317138671875 -0.14947509765625 0.66900634765625
-0.087005615234375 0.0210800170898438 0.135498046875 -0.7249755859375
-0.0755615234375 0.036224365234375 0.1195068359375 -0.58563232421875
-0.00873565673828125 0.0882949829101563 0.00747680664062504 -0.410491943359375
0.0526504516601563 0.0630302429199219 -0.183563232421875 -0.210586547851563
0.0619697570800781 -0.0124397277832031 -0.063018798828125 0.165313720703125
-0.0027923583984375 -0.0389022827148438 0.31988525390625 0.26239013671875
0.00590896606445313 -0.0432395935058594 0.5872802734375 0.0380859375
0.0116233825683594 -0.0379867553710937 0.63824462890625 -0.03759765625
-0.0128822326660156 -0.0372581481933594 0.71826171875 -0.056396484375
0.0177383422851563 -0.0358314514160156 0.70343017578125 0.149169921875
0.0655899047851563 -0.0248908996582031 0.47503662109375 0.276580810546875
0.104537963867188 0.0543746948242188 0.241744995117188 0.180862426757813
0.0229263305664063 0.125961303710938 0.139968872070313 0.0275192260742188
-0.0423126220703125 0.111671447753906 0.168075561523438 -0.2364501953125
-0.0540657043457031 0.0554084777832031 0.472320556640625 -0.49407958984375
-0.170257568359375 0.338348388671875 0.147705078125 -0.66888427734375
-0.10736083984375 0.273574829101563 0.193878173828125 -0.533111572265625
0.00787353515625002 0.298919677734375 0.0976867675781249 -0.4215087890625
0.081756591796875 0.2183837890625 -0.1446533203125 -0.268325805664063
0.146530151367188 0.165603637695313 -0.102584838867187 0.136627197265625
0.175491333007813 0.10076904296875 0.254531860351563 0.2679443359375
0.255340576171875 0.0150146484375 0.54022216796875 0.0648193359375
0.2835693359375 0.027435302734375 0.58062744140625 -0.0321044921875
0.281463623046875 0.005950927734375 0.6593017578125 -0.09515380859375
0.265151977539062 0.106719970703125 0.6488037109375 0.0718994140625
0.248062133789063 0.2008056640625 0.451263427734375 0.200927734375
0.191925048828125 0.30987548828125 0.25750732421875 0.116592407226563
-0.02264404296875 0.4112548828125 0.181854248046875 0.000320434570312525
-0.13775634765625 0.3624267578125 0.1773681640625 -0.221145629882813
-0.17803955078125 0.356842041015625 0.42626953125 -0.44512939453125
-0.25604248046875 0.62030029296875 0.12457275390625 -0.524139404296875
-0.154815673828125 0.50445556640625 0.250579833984375 -0.445220947265625
-0.00216674804687502 0.51458740234375 0.156158447265625 -0.429840087890625
0.08416748046875 0.387054443359375 -0.1229248046875 -0.313079833984375
0.206085205078125 0.363525390625 -0.147140502929687 0.090362548828125
0.332611083984375 0.262176513671875 0.148773193359375 0.23321533203125
0.4759521484375 0.0908203125 0.412445068359375 0.078155517578125
0.516265869140625 0.08856201171875 0.437469482421875 -0.0201416015625
0.531768798828125 0.02294921875 0.50408935546875 -0.11407470703125
0.484710693359375 0.188995361328125 0.49957275390625 -0.00592041015624999
0.434539794921875 0.348968505859375 0.37579345703125 0.10833740234375
0.315765380859375 0.485565185546875 0.2532958984375 0.0487518310546875
0.00537109375000005 0.6358642578125 0.217453002929688 0.00602722167968754
-0.15753173828125 0.5673828125 0.17059326171875 -0.127731323242187
-0.24273681640625 0.6131591796875 0.33245849609375 -0.3076171875
-0.31427001953125 0.80279541015625 0.060455322265625 -0.30023193359375
-0.20489501953125 0.659912109375 0.270751953125 -0.32196044921875
-0.0504150390625 0.681884765625 0.171051025390625 -0.426544189453125
0.0535888671875 0.5487060546875 -0.123443603515625 -0.3441162109375
0.24017333984375 0.557708740234375 -0.203353881835938 0.0211029052734375
0.463043212890625 0.413116455078125 0.000320434570312514 0.156326293945313
0.6405029296875 0.16497802734375 0.211715698242188 0.071533203125
0.67523193359375 0.13482666015625 0.225555419921875 -0.00506591796874999
0.6983642578125 0.0277099609375 0.279876708984375 -0.103927612304688
0.62127685546875 0.2215576171875 0.284423828125 -0.05322265625
0.560943603515625 0.413177490234375 0.256072998046875 0.028228759765625
0.406341552734375 0.553192138671875 0.230010986328125 0.000167846679687534
0.06427001953125 0.73699951171875 0.24664306640625 0.048065185546875
-0.11859130859375 0.6798095703125 0.167739868164063 0.027252197265625
-0.2479248046875 0.78167724609375 0.217529296875 -0.0971221923828125
-0.32647705078125 0.84320068359375 -0.0436134338378906 -0.038543701171875
-0.23590087890625 0.6827392578125 0.228073120117187 -0.169204711914062
-0.1243896484375 0.7373046875 0.1341552734375 -0.379913330078125
-0.00451660156249998 0.6451416015625 -0.13458251953125 -0.34857177734375
0.24456787109375 0.68829345703125 -0.264755249023438 -0.0771331787109375
0.53863525390625 0.50189208984375 -0.186614990234375 0.04144287109375
0.716064453125 0.208740234375 -0.0424156188964843 0.0543670654296875
0.733642578125 0.16473388671875 -0.0231952667236328 0.0135326385498047
0.74920654296875 0.03466796875 0.02886962890625 -0.0700187683105469
0.6439208984375 0.233154296875 0.0515518188476563 -0.071502685546875
0.56158447265625 0.418304443359375 0.127517700195313 -0.0315475463867187
0.394439697265625 0.5235595703125 0.203521728515625 -0.014923095703125
0.0938720703124999 0.69415283203125 0.262664794921875 0.124038696289063
-0.0645751953125 0.6666259765625 0.163299560546875 0.212570190429688
-0.20501708984375 0.82830810546875 0.106781005859375 0.1505126953125
-0.27801513671875 0.73358154296875 -0.165908813476563 0.208541870117188
-0.2275390625 0.57354736328125 0.123085021972656 -0.00408935546874996
-0.1820068359375 0.65252685546875 0.063140869140625 -0.28466796875
-0.05352783203125 0.62249755859375 -0.144561767578125 -0.3267822265625
0.21856689453125 0.68780517578125 -0.31854248046875 -0.191619873046875
0.531890869140625 0.490753173828125 -0.385711669921875 -0.083160400390625
0.67913818359375 0.2095947265625 -0.31109619140625 0.0386657714843751
0.675537109375 0.1705322265625 -0.266525268554687 0.0329437255859375
0.68157958984375 0.0545654296875 -0.206253051757812 -0.0336456298828125
0.54559326171875 0.235595703125 -0.148330688476562 -0.0836944580078125
0.441070556640625 0.37994384765625 0.029510498046875 -0.078887939453125
0.28033447265625 0.42254638671875 0.187042236328125 0.00585937500000003
0.0748291015625 0.53521728515625 0.248092651367187 0.22509765625
-0.017242431640625 0.551971435546875 0.1361083984375 0.384490966796875
-0.1461181640625 0.75006103515625 0.010223388671875 0.386077880859375
-0.174285888671875 0.51544189453125 -0.2789306640625 0.402435302734375
-0.156768798828125 0.38153076171875 -0.00483703613281251 0.14715576171875
-0.1707763671875 0.453033447265625 -0.0135955810546875 -0.16851806640625
-0.065277099609375 0.468475341796875 -0.15118408203125 -0.288726806640625
0.16912841796875 0.535491943359375 -0.3623046875 -0.28790283203125
0.43231201171875 0.37982177734375 -0.560699462890625 -0.17559814453125
0.526824951171875 0.1700439453125 -0.543701171875 0.0391845703125
0.518585205078125 0.152191162109375 -0.4674072265625 0.05072021484375
0.51348876953125 0.076202392578125 -0.39056396484375 -0.0161743164062499
0.37091064453125 0.21759033203125 -0.279632568359375 -0.110458374023438
0.251129150390625 0.3021240234375 -0.0152816772460937 -0.117584228515625
0.129043579101563 0.277542114257813 0.18048095703125 0.052825927734375
0.040283203125 0.3201904296875 0.187774658203125 0.324432373046875
0.015411376953125 0.379241943359375 0.071807861328125 0.50286865234375
-0.08258056640625 0.57086181640625 -0.06842041015625 0.572021484375
-0.035919189453125 0.22698974609375 -0.350189208984375 0.518096923828125
-0.0337677001953125 0.147171020507813 -0.103713989257813 0.259231567382813
-0.101959228515625 0.175048828125 -0.0714111328125 -0.0715103149414063
-0.05242919921875 0.217575073242187 -0.16424560546875 -0.245391845703125
0.0819244384765625 0.279937744140625 -0.395416259765625 -0.334869384765625
0.24554443359375 0.205093383789063 -0.6771240234375 -0.20166015625
0.285614013671875 0.11102294921875 -0.6966552734375 0.0609741210937501
0.28076171875 0.111892700195312 -0.593017578125 0.0590820312500001
0.28302001953125 0.084228515625 -0.503173828125 -0.022247314453125
0.16778564453125 0.161148071289063 -0.33343505859375 -0.149993896484375
0.0675201416015625 0.1832275390625 -0.0123519897460937 -0.139060974121094
0.00336456298828124 0.118484497070312 0.166824340820313 0.115631103515625
0.01611328125 0.105888366699219 0.08447265625 0.395721435546875
0.0398101806640625 0.185043334960938 -0.017608642578125 0.554046630859375
-0.02130126953125 0.320587158203125 -0.13031005859375 0.685546875
0.0619440115740526 0.142977943839204 0.698701892520174 -0.320850120083326
0.0820441655146611 0.0972456674179569 0.609283365544557 -0.203940224473636
0.0897364311454782 -0.00797681001090876 0.371305420373932 -0.230716520167737
0.0338540907407983 -0.076159466446253 0.0704713610987298 -0.270116835015432
-0.0483734470611506 -0.0537721495020761 -0.19022543335602 0.0486464966156588
-0.0560467807763287 -0.00665872872743122 -0.0817917738834925 0.410935618563372
-0.077114591899712 0.0156770691270946 0.182151515715592 0.572308977752472
-0.079462503850967 0.0259378882801992 0.351752258323941 0.598660571289304
-0.0748085648236749 0.021594842845428 0.362340525022457 0.646347070513817
-0.0810706879232453 0.0138242151073581 0.218900012452722 0.677048358626348
-0.0866325780234945 -0.0461542348915627 -0.0196948455299707 0.594721641378872
-0.0342854483352089 -0.135094039619918 -0.064926983167702 0.317601266115777
0.0590296916001631 -0.112054058921007 0.0467703999422689 0.120965711051687
0.0997805915750387 -0.0219691439960279 0.289718234204675 0.0121607900297986
0.0508724112465272 0.0412891615796239 0.665944034988575 0.0546763270426767
0.360504965854524 0.0300829254018882 0.625536645844705 -0.314602355118441
0.287156126300722 -0.0377730216251268 0.564479689693575 -0.144615199561829
0.246458129417422 -0.147558889936327 0.3808810154442 -0.171878253255798
0.143898822124569 -0.207364891550068 0.0990726062907564 -0.276629665244093
0.0202117680862146 -0.24485189793137 -0.215817032890581 0.00366527106066168
-0.0566300702227118 -0.232874305549509 -0.147730961318226 0.371561522903257
-0.158480204173085 -0.239635315430147 0.102250622728347 0.556222262929171
-0.206150727837804 -0.214122850178089 0.301321775923653 0.567681833104029
-0.210059606688993 -0.25378803455466 0.345495619871336 0.59581112571787
-0.127765469499818 -0.271978293166841 0.215234100151994 0.598342438439995
-0.045742402595186 -0.333399759669496 -0.00191440560385116 0.528369263380843
0.129329186349547 -0.369003168412729 -0.0357169454013666 0.27557818623547
0.278163297764941 -0.288782209573835 0.0766162211632111 0.115292738052031
0.346615619346171 -0.102912048926951 0.27885358861282 -0.00316475122007616
0.349359638925219 -0.0196080587516674 0.614107943259612 0.0174685721860099
0.633941014506637 -0.0735035256615306 0.458545555247311 -0.285293914722611
0.496405393182811 -0.157982291752403 0.48047079419137 -0.0814378220750534
0.426877646974275 -0.26885036159537 0.373337439649065 -0.1465527803651
0.286725304641975 -0.327410303128295 0.107434113259809 -0.301332370382008
0.12417304333566 -0.431803616202089 -0.231688235783478 -0.0601213382190332
-0.024395913476113 -0.453123474074096 -0.200930920779633 0.273676960018373
-0.202916293947893 -0.479090593492394 0.00779241803415241 0.455296471385601
-0.304723176758793 -0.42417809757523 0.203905450194173 0.452371979871214
-0.334890611915998 -0.476546208916381 0.273316879529075 0.460549584691105
-0.198561157086456 -0.496589527205639 0.175805685423368 0.443780586710573
-0.06387523133381 -0.5687328108522 0.0100958326477702 0.412103257751672
0.202608142900758 -0.583358589185816 -0.00937245228429704 0.22787804027511
0.40195705941408 -0.472680277902372 0.0744550609989019 0.133640130930097
0.516152771007729 -0.217748571581873 0.187059290132595 0.0160506276681941
0.585501445936769 -0.106713714934439 0.457508196949415 -0.000215519225628103
0.817642512157676 -0.153150634710073 0.212156487813266 -0.233570366878088
0.651609160955693 -0.231262388186104 0.357003588978292 -0.027031229714891
0.593468694177178 -0.330794875860075 0.346119982022673 -0.161082389314633
0.447972645497187 -0.416527080662001 0.0967495176747723 -0.344095117500989
0.245113279958892 -0.598374147735833 -0.231019452335388 -0.152874717269516
0.0202021435422056 -0.63864581195887 -0.231290896313197 0.11441830123964
-0.218398388217594 -0.663901505999636 -0.087881588012633 0.271277292257094
-0.359172700435262 -0.574039464796004 0.0742111070388404 0.267813531480462
-0.413861469497646 -0.61592660472827 0.152553929300661 0.268322877435423
-0.250093991192703 -0.627610311696415 0.0912070882107882 0.246570576858447
-0.0978716678617945 -0.700881924575927 0.00638435760085841 0.264165303889787
0.204939617650754 -0.699536106017616 0.00613912681522477 0.182252885183211
0.423865856647633 -0.589275252554885 0.0463805293275934 0.178179900367012
0.576761870305996 -0.323320371549102 0.0419620544018491 0.0831882346819775
0.719930730889494 -0.20147509177819 0.22692791007214 0.0240519516336131
0.862329492000344 -0.194883072882112 -0.0746034650436293 -0.173749731730879
0.689973583197306 -0.234884346753105 0.192814959444719 0.00387978919602554
0.687651425305121 -0.308009892403518 0.276199664499209 -0.193515974058307
0.575077901357794 -0.435013029879105 0.0768258976055791 -0.385410081020748
0.343695645799073 -0.689872713928254 -0.196246666114386 -0.269703755713465
0.0574846417899761 -0.740037568973876 -0.233891424300929 -0.0999259902408657
-0.203477617594915 -0.756202241376849 -0.177796017934522 0.0271026514778603
-0.359668817144594 -0.638296818469409 -0.0714042609045792 0.0413169335762555
-0.421359709421654 -0.660803571037951 0.00743808641694685 0.0517147588713596
-0.239844211376065 -0.655768079104536 -0.0110515348732761 0.0405131376750483
-0.0905750671309274 -0.698447625683642 -0.00252991700308201 0.112465164181102
0.187779249932033 -0.670458265151236 0.0112104824791673 0.152947576074616
0.375270886164102 -0.583302729398307 -0.00640146667935318 0.240188361488485
0.534050074224143 -0.368048368811456 -0.125500049134241 0.177830372775409
0.736527511121575 -0.270999593258114 -0.0326748133800263 0.0856580959227562
0.758498280048522 -0.203332398756128 -0.345318581437896 -0.11920810708528
0.60102838062317 -0.18753379828074 0.0017689609745646 0.00520055051406526
0.657223100661605 -0.218881301717814 0.170829051045662 -0.212379877188261
0.593689555714972 -0.378320353422294 0.0637584640284963 -0.392783501600171
0.368329529883737 -0.660299602014118 -0.121364120503813 -0.39034573437651
0.0729053715417564 -0.711595137648013 -0.21192645953875 -0.336146793709552
-0.167181458171353 -0.72193208259783 -0.256459921333486 -0.234999926033453
-0.300549430178041 -0.606251338409884 -0.207374883518827 -0.189475191985482
-0.343531866946093 -0.61108609790294 -0.122957223370512 -0.159774472879419
-0.161964723886279 -0.58276322494772 -0.0870049223392251 -0.144249142589655
-0.0265386071779817 -0.580698873122649 0.00776164290920191 -0.0125611563391968
0.174104115476773 -0.507672626217967 0.0113877281825729 0.150542365089168
0.284415182691259 -0.460640489376687 -0.0834390645405044 0.296862209209806
0.420454029898113 -0.342145868975759 -0.285701756248205 0.256494866243412
0.648713670287835 -0.288761918176262 -0.275825073228317 0.163381438851932
0.534922792800007 -0.189889674111026 -0.555122222429131 -0.0705181149789879
0.408470104584143 -0.135971639054794 -0.184271571437368 -0.00227721693424887
0.488372985324986 -0.117636130675566 0.0628388819795853 -0.195451014410639
0.469231357114596 -0.260731064605859 0.0681920113247676 -0.362301400415654
0.301831586909201 -0.500902028693179 -0.0315524262581957 -0.490928784661336
0.0672642293787599 -0.55091842319973 -0.186273154446057 -0.541857241459718
-0.104555381266667 -0.56533974940964 -0.317887239502832 -0.465147095962431
-0.196587490376963 -0.482230861307726 -0.312949502407472 -0.38776411324314
-0.212857638504329 -0.478037534117553 -0.205725281202541 -0.338766358884132
-0.0538947434094595 -0.434119764348243 -0.105605891976577 -0.281648700492809
0.0471893880711672 -0.385466032366501 0.0475869125872571 -0.0836098384453363
0.145257442086411 -0.287542304931958 -0.00119065160150576 0.171639295655635
0.174219841737165 -0.286496990361612 -0.182500975887874 0.317038284379802
0.274440703419833 -0.26951019472437 -0.41512237767487 0.280979109500582
0.482893051958497 -0.254314601912022 -0.468985778478721 0.234941335457332
0.233952293048147 -0.158369558597458 -0.670983459218773 -0.0226512157982026
0.143951951379972 -0.0956523981603485 -0.317765990763514 0.0122962381709312
0.217076012643962 -0.0178471883934206 -0.00484412215042164 -0.148867692168911
0.242842655080074 -0.0940757155550261 0.0870182487700795 -0.315621787449213
0.184728461494207 -0.241338383981794 0.0358621663833812 -0.55452115604961
0.0655747673049367 -0.290590658755489 -0.179646370930176 -0.674715826585941
-0.0164835384124492 -0.319956723176206 -0.358763356052344 -0.619774248498037
-0.0630571699886616 -0.285623694643849 -0.368427244902906 -0.523651710761214
-0.060314894151629 -0.280596827649617 -0.226671028075358 -0.464824426608419
0.0387199821989695 -0.235241810548111 -0.070524533155659 -0.358065730760407
0.0877080651650609 -0.168762210095558 0.0991773637009479 -0.0967427384232405
0.0894045401513566 -0.083088206996978 -0.0329224005036711 0.198991020248963
0.0591573790577446 -0.117004251059463 -0.282373863881166 0.286267562849939
0.118533765931998 -0.172589361982423 -0.496408904972898 0.248623028307765
0.260388503089341 -0.180058821508971 -0.598525007929793 0.281269557187467
0.0711827038890397 0.139216635410134 0.678883279871787 -0.371090897380972
0.0890123345765586 0.0928101367138695 0.596619554250482 -0.247354976146035
0.0888828658464046 -0.0133056059983538 0.358610203190372 -0.257161642823614
0.028979840893111 -0.0793446133058752 0.0505619094749142 -0.276815387121057
-0.0495239222401722 -0.0513678946593455 -0.188523380017057 0.0626885834341993
-0.0561142162461902 -0.00534729960854949 -0.0545951505071662 0.41814192570288
-0.0766671892244942 0.0197496750056732 0.217257435777508 0.560902956764877
-0.0781295861074496 0.0323504629694494 0.388319747208554 0.57698374197719
-0.0758933876543199 0.0257640892828579 0.405573797726183 0.627133973354546
-0.0794507906205934 0.0194029963407343 0.264282767869057 0.664709083842236
-0.0902355912062106 -0.039143600492932 0.0217077025287214 0.602019703335928
-0.044464462873046 -0.133999115998536 -0.0469901189508635 0.322135956049634
0.0531638624743455 -0.116865397999153 0.0550242391161269 0.116270035523598
0.0992890923005514 -0.0270368096670118 0.291916098307824 -0.00628338741510562
0.0536862927980459 0.0384994817869166 0.673999989430054 0.0130716875806343
0.363635443405415 0.00335043055217454 0.604699597271093 -0.36070712863905
0.284078703113146 -0.0575674506669245 0.553410284865527 -0.181357100333585
0.235353529446066 -0.165214564638043 0.374354626331033 -0.195236306108675
0.132046694202569 -0.217612086480844 0.0809401656022355 -0.287024890893177
0.0064620094073475 -0.246895523313433 -0.216356323292871 0.0192978966941074
-0.0712363564905346 -0.233905892091544 -0.125316066327758 0.383201383589255
-0.175302026737336 -0.230546827335847 0.139082732778619 0.54954977367259
-0.222150750593512 -0.200139046239162 0.334510408617642 0.547740575649421
-0.23047027124617 -0.24180847664137 0.384488702448805 0.575043796592044
-0.145084312058987 -0.266636432615657 0.255524730454062 0.587029637603618
-0.0683908274459042 -0.331296230008422 0.0344000507649431 0.533253236154684
0.106127280648202 -0.381416575040845 -0.0203808946381434 0.277501354892355
0.261396632768669 -0.308844032092263 0.0868284693448754 0.106884597037777
0.344343740617704 -0.123105468752779 0.280273778206628 -0.0210031171085544
0.350417190288939 -0.0426096297783791 0.617604004393078 -0.021954567484897
0.631281605309719 -0.119405670722221 0.43763808387719 -0.316774649338868
0.48690490294843 -0.192869164365786 0.472011628422987 -0.11244136472993
0.407608636206994 -0.300144794312657 0.366110455644518 -0.171334691151063
0.268900840652632 -0.348921354767687 0.0882401039194878 -0.31251683025525
0.0977799341047395 -0.441839857555009 -0.235376332018364 -0.0436197127106273
-0.0530325050869812 -0.458478967527659 -0.185447598302774 0.289265162517848
-0.237109556448976 -0.467668272792031 0.0392643479159413 0.452477883536972
-0.334187438148452 -0.405110735172925 0.232301046992546 0.439657725371643
-0.371122875602448 -0.455756966292841 0.303104980200525 0.441687797089901
-0.229922885994266 -0.488969266210217 0.204377637965223 0.433406988360731
-0.102365457391167 -0.56753054291856 0.0414785777084267 0.414846931280843
0.16592482659445 -0.602763701649619 0.00308730211917977 0.226236509374699
0.374367408181161 -0.502777910040405 0.0869925769937266 0.123318339089931
0.506443793745902 -0.250750727360607 0.189862291787949 0.00305806242238926
0.581416044133019 -0.147781654258744 0.459428069202701 -0.0293099645229922
0.811177322452577 -0.211656182252256 0.195493558161411 -0.248182563773185
0.637114290019695 -0.276339163922726 0.35204177157416 -0.0471305260389947
0.570419177665468 -0.37567139515116 0.337414121801517 -0.18423997321653
0.425091544081605 -0.448100249831767 0.0756676557708791 -0.355907171345926
0.206112108642925 -0.615468135957673 -0.241744181760958 -0.135884966350199
-0.0205971852371632 -0.64862234855571 -0.227806869252328 0.131811047099646
-0.262712555273633 -0.654931080924309 -0.0676430476885937 0.276245177456885
-0.398886728040963 -0.550342511418903 0.0907161024131363 0.260702815876144
-0.458661145069123 -0.58935209042906 0.168412293847264 0.255275913683302
-0.289475943879883 -0.617624603372984 0.106950223446994 0.240612015565815
-0.144560265145613 -0.696670263431213 0.0273776983265854 0.264324373868745
0.160921076640183 -0.720147293477745 0.0159539605807404 0.179326175640692
0.387632886662241 -0.619894791362554 0.0633270370993501 0.168844106171656
0.561331334415947 -0.362755452769558 0.0495595336066062 0.0793729051727904
0.711742037840075 -0.253857752857466 0.228716987108633 0.00898874092060764
0.855237007835155 -0.2579688049757 -0.0873889912216863 -0.167594333403272
0.675777010476486 -0.281768525948421 0.191026095114404 -0.00496469593087981
0.667675103549991 -0.359210840149346 0.265971279106636 -0.212724716362375
0.55177506016632 -0.477079595800465 0.0540093910470883 -0.395415641659674
0.298481878226457 -0.714093312636227 -0.214102253974517 -0.255429946974797
0.0101594309201019 -0.753581308408626 -0.245176824415902 -0.0829153977071536
-0.258198686460853 -0.746066678085504 -0.172687705146996 0.039714230665028
-0.40199343655716 -0.616036098215497 -0.0695092099801696 0.0430944441917509
-0.466527311793263 -0.635305894380077 0.007599566187621 0.0462582106417428
-0.281172186437622 -0.647201909387751 -0.0105661874889877 0.0405334638738002
-0.135948647909939 -0.697629763846997 0.00633922205208159 0.110557778664208
0.1454335360828 -0.686473198738455 0.0216251009191431 0.149984988920731
0.336230242792887 -0.61002410564199 0.0147963710592991 0.235642040235203
0.515063989777761 -0.405200458632021 -0.111210570008522 0.186381103679749
0.72418866310798 -0.323708188571875 -0.0293878431630616 0.0875233114974541
0.748616448960069 -0.258035515319968 -0.35334441652845 -0.0949329220282264
0.588917399366956 -0.225403183725347 0.000868517586239856 0.00836006006398117
0.644202246869499 -0.26632083729514 0.157874165522445 -0.224405406345469
0.575232279104848 -0.418788348338216 0.0405308315368053 -0.402166478511466
0.324178967125221 -0.686019420005372 -0.146711084495312 -0.382315353328091
0.028266345881962 -0.725536053731557 -0.238407948795581 -0.321331723285297
-0.22017541137618 -0.716343258257658 -0.267906135278676 -0.21718453260672
-0.344101895038408 -0.588030968909668 -0.219994235536973 -0.178876773126526
-0.386286821821921 -0.589584651737705 -0.136609600539766 -0.156900673862716
-0.198634147304913 -0.578572980519507 -0.0986030929266742 -0.138866407871521
-0.0637011052325537 -0.579830808037883 0.00819864683872932 -0.0167883256057497
0.14189136298739 -0.521390190303696 0.0223756933381748 0.147222283833556
0.255403936044285 -0.481136841206448 -0.0588684578268949 0.298525283815256
0.401968896378495 -0.373134747623741 -0.26580935704595 0.27423500525048
0.63450766859553 -0.33487168954317 -0.267849302728503 0.182127017040647
0.526696155625973 -0.227181740756041 -0.558523271877879 -0.0345531838313521
0.401018013986113 -0.161814548748205 -0.185852198014984 0.0120980499781616
0.483471025732311 -0.151721789158218 0.0492232542877236 -0.20030976464738
0.456453108530056 -0.292423212132038 0.0465522858278715 -0.370446553975301
0.267644974305059 -0.520610790192923 -0.0635362072549956 -0.489165171177929
0.032873577292366 -0.560657764561511 -0.225654329306089 -0.530902920207357
-0.146796707049225 -0.562744593123505 -0.345787807625427 -0.444066282463212
-0.231632212373145 -0.471785624526142 -0.337807154547864 -0.370144474709135
-0.244748674944804 -0.464424290099643 -0.229696502415602 -0.329649535463134
-0.0805877505136254 -0.435775823448947 -0.125852546336594 -0.274696088372354
0.0230402720423095 -0.388143718072522 0.0433208020173088 -0.0901503233866561
0.127638964537097 -0.29697572567743 0.0128747828770364 0.171465492475839
0.15541667767706 -0.298848572979113 -0.157662083139584 0.327086088709752
0.258445853759587 -0.289833249709777 -0.393778991625643 0.308413545720963
0.469765923072611 -0.289909363236203 -0.459053039442269 0.266962690589167
0.226498151473837 -0.174126473920221 -0.670575717146128 0.0193733766074596
0.138457696363301 -0.103993471852439 -0.319350832780047 0.0338545596415614
0.217223271333743 -0.0335101622873911 -0.0174927861775935 -0.148014637754468
0.238325278992964 -0.109362975177072 0.0681534689065368 -0.322521259236052
0.168864671244279 -0.253201909128422 0.000526452539741273 -0.561164930184893
0.0474059042517118 -0.297483630104732 -0.224442567036014 -0.664779729297957
-0.0403018274594593 -0.320916394162434 -0.396713883815238 -0.595317076826883
-0.0838773788357685 -0.283741922710103 -0.402995910091074 -0.501978136000407
-0.0780380631837521 -0.276473313793629 -0.257794387324852 -0.454479649129944
0.0245882218219983 -0.240701121576455 -0.0937556318332794 -0.352940688486845
0.0772389116149683 -0.174107744084244 0.0939114549420114 -0.105149134584236
0.0844962380415192 -0.0877794307412361 -0.0171900595616981 0.202813237596639
0.051259260818986 -0.121531447851786 -0.26222592358784 0.3042974666184
0.10782906992498 -0.182783430534937 -0.478011054836331 0.279717551363557
0.250681070086092 -0.198834489962297 -0.585081680033686 0.321315647747024
0.0780253922977226 0.131703295080092 0.641895715308021 -0.407289965371824
0.0932663586057697 0.0858502290686124 0.567547746132543 -0.279723365059155
0.0860410125395121 -0.0173004550640787 0.34004442060506 -0.273787331458708
0.0236171211309864 -0.0809800040644055 0.0322366045773585 -0.276174200932086
-0.0497450985137697 -0.049931381524942 -0.181816723894937 0.0733902010155448
-0.0548859548200781 -0.00519604640202568 -0.0286360226033117 0.415414853089185
-0.0748057779318262 0.0235667001848005 0.244489929698163 0.536034423719361
-0.0757956771060446 0.0381706447157333 0.412885107697711 0.545079743009423
-0.07400706354874 0.0296023923207204 0.433214822946664 0.592786334533194
-0.0764587034098814 0.0236972574017893 0.301086681142563 0.638033060514111
-0.0911577048402131 -0.0316774553909624 0.0590345454521348 0.593517792466438
-0.052931972294303 -0.129538081794643 -0.0299702199564783 0.319151079770031
0.0476249195979585 -0.118873241364931 0.0606377642088226 0.108860920238892
0.0973743761568172 -0.0313610579298574 0.288541410559455 -0.0214665283005324
0.054565115878244 0.0350871283481358 0.664803844675292 -0.0268727197904741
0.358023390514465 -0.0209659319649022 0.571157128889424 -0.391918445816426
0.276227961642464 -0.0736266768211624 0.529333052871269 -0.211088529498759
0.220018711286805 -0.177212356931477 0.357799579815535 -0.212821210694895
0.116845629025696 -0.223709550676759 0.062543608726109 -0.288426246066373
-0.00662113433191154 -0.243791825647776 -0.210360460516551 0.0320513566852576
-0.0835263784500964 -0.230025132750529 -0.100553453246766 0.385429929682078
-0.187666587829905 -0.217452288945274 0.167399578639807 0.52803780958746
-0.231342900301933 -0.182316200344006 0.359073298945924 0.517468944704917
-0.243125025706209 -0.224257491527511 0.409374374009444 0.542469349035078
-0.157624155782202 -0.256926688373718 0.28721970086714 0.559643615256652
-0.086179215745479 -0.322102615759455 0.0678593500709228 0.524979335095545
0.0820268926526068 -0.384048734144175 -0.00615757890264367 0.27295874972771
0.241075598484232 -0.319919207916496 0.0927015779704603 0.0948907835650541
0.334933412855096 -0.140940733246285 0.276080412448896 -0.03721015507065
0.343303325300094 -0.0637339340878038 0.607812999269319 -0.0577862961396807
0.614950469606126 -0.159834903856316 0.408917989683741 -0.338632455039729
0.466702246643224 -0.218689533767054 0.454824064762011 -0.137154489292446
0.380181465578592 -0.322084263669919 0.353299396953983 -0.189146852768746
0.244846796806867 -0.360325337260771 0.0690724500641698 -0.315386866043485
0.069485705264856 -0.439736819444963 -0.232696807472232 -0.0285502003456758
-0.0795508349982593 -0.452596768985919 -0.166826222973528 0.296630046170181
-0.263560592181801 -0.448045307896527 0.0652677541607316 0.440190256923817
-0.355537955155026 -0.377713655629319 0.251331246565789 0.41508004394298
-0.393956687250863 -0.425374509577234 0.322356185496495 0.414066221738745
-0.254876858234761 -0.472743043265002 0.226682613517746 0.41354466506593
-0.134401388385088 -0.552087425190385 0.0679631259905283 0.407060168347831
0.12760036526952 -0.606070016048297 0.0143534599146247 0.221436904576033
0.341890525103587 -0.516607433781139 0.0959040737394908 0.109239580067404
0.489431570351501 -0.27610259766247 0.188478200790647 -0.00912605331866763
0.565275087529602 -0.181914016087724 0.449588566656752 -0.0559999841004128
0.786677419954945 -0.263361303473377 0.175943293662515 -0.254497794486491
0.609398929961482 -0.309675846548056 0.342640476468086 -0.0651778191289839
0.537400145622367 -0.407543835338591 0.323171400763488 -0.201511902701369
0.394597876066984 -0.467792453559175 0.054470615380018 -0.359736824805841
0.165781063629741 -0.616400182614769 -0.244078491428518 -0.118208470708682
-0.0590712605601822 -0.642790052298939 -0.218957788524786 0.1453539446081
-0.302121345653544 -0.629526759181367 -0.0471652543053699 0.274002078736328
-0.428367958586034 -0.517969618413583 0.102920141067118 0.248822218868378
-0.488955750730903 -0.553235638433602 0.178105410275529 0.237884547239188
-0.320368553798744 -0.596812477985999 0.11786454548031 0.229827476929786
-0.18386033680172 -0.676918079061883 0.0450058262942813 0.257577277770815
0.116483991543312 -0.720285395794445 0.0252029234726395 0.173074962674777
0.34475373473164 -0.634494275750643 0.075019245998317 0.155223227823779
0.537114561787176 -0.390745584693674 0.0551150040953626 0.0736591968120668
0.686524004649324 -0.293399448522071 0.223954486210275 -0.00481884845209312
0.825483257775169 -0.308798524074855 -0.0952832754537579 -0.158483188050855
0.645868125189435 -0.31627920015505 0.187325523324902 -0.0117618839270324
0.633754087598102 -0.39644402848465 0.251127015720286 -0.225951109465988
0.519708345277871 -0.502804569430198 0.030123336905848 -0.398020467035031
0.249206563579469 -0.720128674228621 -0.224658983680361 -0.237327726794921
-0.0361045258467415 -0.748282556788204 -0.249162468981456 -0.0645599676715988
-0.302731874984607 -0.720963902460573 -0.163644982541873 0.0481908358684826
-0.435072628485791 -0.581211713219944 -0.066272207543153 0.0441689077790795
-0.499187684141051 -0.594674954954572 0.00751644624371259 0.041698387960295
-0.314669221074095 -0.625091758131972 -0.00958053009827125 0.040210160677649
-0.17421799062254 -0.676727855796947 0.0149958739462176 0.104721728299131
0.103505986834858 -0.686340341916061 0.0289789094285311 0.143252411761853
0.296172339850207 -0.620157211178635 0.0333126207196625 0.223500909189616
0.485432939207287 -0.431365868116489 -0.0966347688617294 0.187646492585675
0.693392813469212 -0.365038675825425 -0.0263432593722988 0.0880908964716074
0.722382987332037 -0.301277945789724 -0.351070022207742 -0.0720642075044505
0.566382802658189 -0.254721506257193 0.00150706363429957 0.0111285417843678
0.619115771237757 -0.303199711175759 0.142043001126894 -0.231884859338775
0.54439822654422 -0.447377574505149 0.0163141883179347 -0.401838886571424
0.277991422923146 -0.694299149550822 -0.166538753470213 -0.367258101304948
-0.0165130305859336 -0.721092634080255 -0.256122588581425 -0.299493898695601
-0.263951278573073 -0.692812236441513 -0.270914547072352 -0.197864504279343
-0.375930382984602 -0.558866087780497 -0.227373166425504 -0.164770649548493
-0.415480909669049 -0.554738264963916 -0.14666297877913 -0.148715996115427
-0.229073570677189 -0.562204919730536 -0.106937941556944 -0.130339560595898
-0.097033328109154 -0.565354080104725 0.00818618815074723 -0.0205131293502007
0.107733560482167 -0.521927833981758 0.0316747165190554 0.142571913881247
0.221989976668057 -0.487772008107523 -0.0361098872806701 0.291737461578575
0.375807140833983 -0.392583606416031 -0.242853785193861 0.283423202675218
0.604249926975631 -0.371310416180611 -0.256089316897263 0.19606001018946
0.507721738852408 -0.256284671640764 -0.548829428867437 -0.00299313054984947
0.385657761952799 -0.180932838243116 -0.182110786064795 0.0249817959809515
0.465868117124479 -0.179768110789383 0.0354489807770953 -0.200071430551722
0.435369325682368 -0.314521544211482 0.0248656887634218 -0.369519785236007
0.232078515912108 -0.527415719629385 -0.0906815053855945 -0.479649853418128
9.22950256225935E-05 -0.558188738847366 -0.254276537619239 -0.507247695030144
-0.181506701089967 -0.545093836726948 -0.360915687838941 -0.412822815140179
-0.259263476162083 -0.450103783320291 -0.353396752673176 -0.345947577460536
-0.267595776595553 -0.440981164795128 -0.247712148530184 -0.312708739487095
-0.103264071869237 -0.42561275242911 -0.140424574970601 -0.262130915830231
6.81904149242871E-05 -0.381469134037395 0.038086142275819 -0.0948690650668443
0.1081906185874 -0.298552807707437 0.0246192835108543 0.167517740569033
0.134304044366971 -0.303847864321998 -0.132387301700674 0.327439890339208
0.238776180408058 -0.302387057335131 -0.36588250418986 0.32173338923224
0.445822502292047 -0.316616065627634 -0.438186378133233 0.2903172180517
0.214153956404221 -0.184670344548171 -0.654136978170275 0.0545627958042234
0.129682562126506 -0.109430644939684 -0.312479838068449 0.0536310110483915
0.211643776834265 -0.0469388407051434 -0.0282314849516432 -0.142736394931796
0.229186002768296 -0.121399201216219 0.0488594347347308 -0.322510993418202
0.150409072183288 -0.257714813843854 -0.0328562186873724 -0.553224152267001
0.0288061777820531 -0.29743282248245 -0.260310119517635 -0.640599213366141
-0.0616935943294887 -0.31416737226561 -0.421350671681884 -0.560391503385172
-0.101021511228367 -0.274483196488657 -0.422586834906606 -0.470713345209662
-0.0923650922422433 -0.267857344202024 -0.282235974773832 -0.433328852914498
0.0107510739885137 -0.239607168542221 -0.112738132739024 -0.340536685563008
0.0660640501734284 -0.174833744283513 0.0858890346244165 -0.110170176295219
0.0782304710792721 -0.0900211812612708 -0.00313906101994882 0.201282393632815
0.0433610029560424 -0.12326843543316 -0.237896013051863 0.311640409953581
0.095322842273034 -0.187174182916339 -0.448843455860045 0.299932857450432
0.236105858130086 -0.211522476079943 -0.557916526643031 0.350064415367625
0.119394105027034 0.0875526096553242 0.448043944754905 -0.59325038467859
0.11890682614471 0.0401580079651622 0.421020573007959 -0.447755406691717
0.0723535894705595 -0.049373106436658 0.224166786600589 -0.361590530673582
-0.0099231196058551 -0.0842028466130455 -0.0585041689875126 -0.264687301923467
-0.0642557853886574 -0.0297744124866509 -0.140177001222247 0.127312202014158
-0.0533906045770901 0.0170388699212983 0.119140751953169 0.390611149832556
-0.059583237855859 0.0511226061214653 0.410664756604476 0.40311700849653
-0.052465219057679 0.0631466623306009 0.561264209221216 0.352996826752898
-0.0586700201400275 0.0544196065363697 0.594277857812508 0.397229507151852
-0.0603320565738194 0.0441233484080349 0.487159166148647 0.485821189519136
-0.0946240953600939 0.00353202520211502 0.259179611001092 0.520550666118526
-0.0938243556392063 -0.101837894280836 0.0767156833325532 0.305053493674746
0.00517324727639151 -0.125983304474937 0.0882367557966402 0.0808972364734928
0.0785381912109781 -0.0615757520531033 0.25819436837865 -0.113856760437071
0.0586800876402597 0.0170366192374983 0.599817906643196 -0.235308568226857
0.328158148307381 -0.15797741497084 0.385188117577982 -0.541211058677574
0.230734289075287 -0.175470035072623 0.411881058846707 -0.357738607650342
0.137893971975305 -0.245727350638333 0.268597773605768 -0.302129384636583
0.0227005615376495 -0.249785814403162 -0.0275696870478977 -0.280509760890815
-0.0908512997999526 -0.220952718512547 -0.172667318213949 0.102393330426653
-0.155787069027347 -0.179435988941464 0.0491355168422721 0.388859622231764
-0.249433394433847 -0.134753107506115 0.34436042036049 0.429469303180945
-0.267846294306975 -0.0863933915327229 0.508813546402215 0.345798881443357
-0.298647987835818 -0.120960755222962 0.558704252699588 0.356509100033461
-0.229883835445591 -0.18747852509868 0.454736265022535 0.423022146019768
-0.188336889683083 -0.264640934689315 0.249756964347229 0.460608056087092
-0.0546490726713431 -0.382385768351722 0.0817961654366091 0.260951957404076
0.116450538409952 -0.374093788166041 0.107888738553978 0.0575251658141992
0.261572016861259 -0.243410952897256 0.238154258001674 -0.126885583190032
0.297319584743626 -0.169463302098518 0.529068714601918 -0.251104327299812
0.518630739305147 -0.380468270971898 0.254795658023294 -0.427024884519172
0.355648338623388 -0.379115704087094 0.370439840000947 -0.249750886535917
0.232158287204853 -0.438008982983659 0.276850537465551 -0.265016858461586
0.089707848421361 -0.422846646373278 -0.0260435363176306 -0.298217089602227
-0.0889934604972478 -0.42608370762108 -0.205832986385742 0.0600279020533072
-0.228118947069648 -0.386207943177578 -0.0352355959912603 0.333925603506023
-0.401775248201344 -0.324913524520642 0.22604994267023 0.390196037132457
-0.445447894592962 -0.223427269969841 0.381546081718534 0.286848849717305
-0.505129010322006 -0.253627515933207 0.437853692390842 0.267306393796962
-0.391660443256843 -0.355176288883587 0.354213121845453 0.309853133707366
-0.309407474915627 -0.460233372109625 0.213700041404146 0.355651522887141
-0.0872719743629201 -0.604116300061674 0.0843883203962976 0.210454546200682
0.14310840359757 -0.58822956264494 0.111915876585392 0.0695809342937482
0.359278691548827 -0.422981215342062 0.161650434693007 -0.0747568334250097
0.46713255995539 -0.354298380936328 0.377177831829217 -0.203161239712727
0.640945903562601 -0.537204154539631 0.0673857901230101 -0.261583286790489
0.455193339708885 -0.512643966872385 0.29213193979263 -0.136335086517237
0.345324485625376 -0.572608092272042 0.248411625109244 -0.255596009339289
0.186418975010705 -0.578591941702204 -0.0526895374341836 -0.323789985469889
-0.0630682193034116 -0.621146437971565 -0.240395067836121 -0.0126388192497405
-0.274833674248466 -0.566834888842245 -0.128705934186898 0.216854870302087
-0.503386960898098 -0.48129503535915 0.0697124832999874 0.281983336839178
-0.559556085705784 -0.326915945976562 0.19159211144225 0.185372516777728
-0.633224409463686 -0.337150529437762 0.248146374499243 0.152503076349259
-0.495872845079019 -0.446103823660714 0.196711439536419 0.179654688860684
-0.39735427768047 -0.556818267151828 0.143480603747191 0.227005474093463
-0.136292239766223 -0.705472042823287 0.0799851819501446 0.164596900023842
0.108620836327256 -0.695825429467355 0.108026959135912 0.118911823701378
0.363942177046929 -0.543432497601429 0.0642397216937338 0.0444599951805037
0.543781214683957 -0.499195335613335 0.181028689591651 -0.0848990910395548
0.662449946333188 -0.593085656382185 -0.149248800157737 -0.079873404789145
0.489536712327721 -0.529409723121224 0.166465647616633 -0.0333545741861695
0.439426835610548 -0.596401758809983 0.168399002416665 -0.249249508404865
0.289079633086306 -0.654654853994559 -0.0884281055646804 -0.344024730981747
-0.0209607743563452 -0.746690293490133 -0.259660952432246 -0.123983386311736
-0.291189991675454 -0.675174986745085 -0.225517612658326 0.0367385808922235
-0.53672744282844 -0.565282911279589 -0.113204372962596 0.117877605081531
-0.590680012102924 -0.383809024360232 -0.0311109033280557 0.0576727452281674
-0.655054543222793 -0.372783991888833 0.0261051414057254 0.0306704439723041
-0.499930314502206 -0.472807452695582 0.0169684081472816 0.0480153849780009
-0.388758202290743 -0.559444677695356 0.0639860014668227 0.0975773893006184
-0.136708219461857 -0.667100913627667 0.0752264063073607 0.133805579787288
0.0677678407854033 -0.667379022841716 0.0936530528362465 0.196221478052368
0.303946689211542 -0.565966873020601 -0.0393066906553123 0.198816759857835
0.528329810238744 -0.569457205681931 -0.0205395888802493 0.0800743492998363
0.569137204690025 -0.544250046345011 -0.353820342513796 0.0814964459651209
0.434514865468325 -0.442591687942065 0.00178846181586943 0.0443866037818213
0.460050708098536 -0.504429514973158 0.0599531285891181 -0.219997050588872
0.335766462886286 -0.613870048808706 -0.106565178196219 -0.343135000378347
0.0155209635455801 -0.734135999112155 -0.25144328122481 -0.262111524434803
-0.265060660348429 -0.658558823927327 -0.313577903144021 -0.177147156991488
-0.489667583513633 -0.555890542495063 -0.299076745095283 -0.0708895512117118
-0.529686867398712 -0.383232142450562 -0.250319648088452 -0.0759212525419734
-0.567006409254285 -0.365268619545326 -0.17890177416983 -0.090781412015002
-0.3987097969884 -0.442404228198459 -0.130629705478846 -0.0771550121442262
-0.277944719899478 -0.483206421460782 0.0112861533183473 -0.0156369602314198
-0.0749795764087581 -0.517006402087145 0.0772892806200216 0.129229730370299
0.0426071476222263 -0.521128386685079 0.0557209506519078 0.280971110906253
0.214553125423954 -0.493764500178337 -0.140705472273921 0.334864405851467
0.445666804418478 -0.546384084481765 -0.194777998186223 0.252977283331561
0.383219602325256 -0.42132207362039 -0.509700842704514 0.200863516116726
0.292199545754218 -0.305545905805157 -0.162467868040553 0.107529042220525
0.364533970471452 -0.335668422570639 -0.0334787328103962 -0.165334285180797
0.284140624546406 -0.450372181547708 -0.0924257130241381 -0.322898609299303
0.030042828754698 -0.566603679406767 -0.224502908834296 -0.395816628039411
-0.193593945775847 -0.516191464631942 -0.388977581316263 -0.372212801220562
-0.363402372405845 -0.448109663305548 -0.461385360434773 -0.24110667528939
-0.387825068265548 -0.324720996035437 -0.429241346201432 -0.195903829645087
-0.392653840633351 -0.31243927606104 -0.327007050086331 -0.20567766574981
-0.23666030148486 -0.359363325030388 -0.2078590427795 -0.187837565405493
-0.126538447629334 -0.347653467108156 0.00826577831928848 -0.0938904562393477
0.000161166426778396 -0.310266554699541 0.0788436961167676 0.150840724100083
0.0224565612272837 -0.322803334766025 -0.0171743399568317 0.34427263037294
0.119537276104113 -0.363377096499022 -0.238738877286426 0.411145130062798
0.31611924561144 -0.443871641097573 -0.326567615935848 0.399830052651984
0.133755693493624 -0.245412758240631 -0.58285550484586 0.279689060200762
0.0798148593098968 -0.145437242535687 -0.271078063707166 0.1636481008199
0.177028785463532 -0.120407571289759 -0.0766524255302106 -0.107035721246067
0.165181111879673 -0.19726418106419 -0.0598234975234632 -0.300579338958647
0.0484754421646896 -0.291426145599212 -0.207399529432668 -0.492185614416279
-0.0775158987750487 -0.289998861745302 -0.450838547340229 -0.495643749347301
-0.172133046521318 -0.27403882287689 -0.573039463952486 -0.358886038031801
-0.187125625693342 -0.217154927115707 -0.540830784634848 -0.286114814080172
-0.174745138116919 -0.213730456420275 -0.399052966822902 -0.302672435049239
-0.0711340215170054 -0.223613247449955 -0.211459996690405 -0.2696482420083
0.00292288741729956 -0.180780948599636 0.0426675560291537 -0.125693540950755
0.0422548591245157 -0.108291180625596 0.0637248889882953 0.18734449963447
-0.000784605084437062 -0.126794979582517 -0.116614264383592 0.364147638826616
0.0272545797511584 -0.207766825309889 -0.319019961278866 0.419839832815187
0.15430966072516 -0.278445237214029 -0.411980318390245 0.495396080695684
0.120255841310929 0.0828904346316908 0.426094560201504 -0.598181031377633
0.119876503755969 0.0365656249823405 0.400770053596372 -0.453977483532511
0.0703742315612212 -0.0497182242647556 0.213897863536621 -0.365112027215859
-0.0136158473903804 -0.0836237719265276 -0.0648470669895979 -0.261190053790033
-0.0642645506475558 -0.0290599717106277 -0.134770895589764 0.129599803616161
-0.0535793194909771 0.0162608256818227 0.129758552233365 0.383438106616789
-0.0582916775032719 0.0516044796944384 0.413153107872957 0.388269377019634
-0.0493893599802415 0.0643646931404676 0.56046689438943 0.335717538056338
-0.057486986264087 0.0567155416111242 0.598900760376301 0.378304154356011
-0.058745229954014 0.0452463589611558 0.496096654608558 0.465911652655432
-0.0925057955033413 0.00672758295139912 0.273209450248491 0.508688480825246
-0.0968498896573433 -0.0972796437022941 0.0833235490695062 0.301115568229753
0.00275669579859547 -0.126347698822555 0.088328565489391 0.0767701303357101
0.0769550529543993 -0.0634096097930111 0.254801074141957 -0.118526050537142
0.058003690131455 0.015112106982263 0.589381845845889 -0.249728459495963
0.319105027832389 -0.168754781884398 0.364413732081154 -0.544983094704873
0.223603498791624 -0.180175814631675 0.394805026144941 -0.364588008771259
0.128072421214779 -0.246793439227354 0.259872346753497 -0.306772904140514
0.0141465609556231 -0.248341986879473 -0.0355395735360356 -0.278525020196222
-0.0954074216351921 -0.217434740025026 -0.16748459873276 0.104967132620126
-0.161030876219779 -0.176379410350989 0.0599267750417618 0.384298910028308
-0.25216005676618 -0.126202185997474 0.349567729406087 0.413705130643559
-0.266947726163087 -0.0763828329478067 0.50816121221516 0.329412809372459
-0.300199979088589 -0.109016050905544 0.560784632230351 0.337149534582886
-0.233923140441091 -0.182240705816747 0.461867983389144 0.404932152585131
-0.19318070984711 -0.256688623739144 0.2634129599696 0.447783006242881
-0.0663509513536706 -0.37940230269142 0.0868668621083221 0.256543635935188
0.105494928856211 -0.376303409572923 0.10654604988593 0.0505204347644413
0.255022806636586 -0.249555256408644 0.232844296775597 -0.132621249438362
0.289797445244117 -0.178488527473317 0.518836175027449 -0.264555524482644
0.500207924889745 -0.396077613158427 0.239002593793812 -0.428251410298649
0.34248129199232 -0.385606033803295 0.357854801693825 -0.256138827508531
0.214065166542592 -0.439970676588592 0.270412903557739 -0.271608526069191
0.0757435238342253 -0.422271331118547 -0.0350864921169979 -0.297817986492528
-0.0977166908061584 -0.418738320425891 -0.201550932138709 0.0636783021174047
-0.239180882345721 -0.378730806141918 -0.0248632749672106 0.333279864195538
-0.410028684094238 -0.308401152170054 0.233466739785141 0.376639315566305
-0.448476374461569 -0.207265189474567 0.380508300789117 0.274038152013113
-0.507717821502374 -0.234746293253854 0.438623819419628 0.250808017613551
-0.400144087114064 -0.344477254424311 0.358745499784667 0.296312493936639
-0.319655961469323 -0.446119637577035 0.223174627037667 0.344790413821438
-0.105499728475697 -0.597616569026353 0.0879444769974218 0.206023108423485
0.124668967267061 -0.589697356405901 0.11081621284881 0.0602662794663866
0.346474589441026 -0.431329232367439 0.158787091548167 -0.0792491647156469
0.452872603971334 -0.366497788964022 0.367579830420554 -0.212205042792059
0.6168106130311 -0.556433157230848 0.05869695483562 -0.259707163249789
0.436284712885564 -0.521519351333547 0.285675719318527 -0.140057410913569
0.322425997719188 -0.579789453044844 0.239691785856728 -0.259504353286276
0.168950632372227 -0.578888779042734 -0.0623705250319894 -0.323583174699604
-0.0787805950262651 -0.612320889887145 -0.238039444639529 -0.00743246821958208
-0.292485613662159 -0.55694791813561 -0.121744430818449 0.220559291595264
-0.51460821161684 -0.45985621821398 0.0759381214081678 0.272531399729871
-0.564252014076871 -0.305467139085575 0.190552338771683 0.177070440162585
-0.636376285997395 -0.31142434212612 0.246141667522525 0.142857971665896
-0.505293707654964 -0.432597693456861 0.198091058883875 0.171279123731769
-0.407965363413886 -0.539962666082944 0.149164428330833 0.218241084976176
-0.15714817145264 -0.697596456344986 0.0820642492461066 0.159851251796926
0.0879224259375149 -0.694109016130693 0.108145063925261 0.107494277632841
0.349021370957913 -0.551614109873768 0.0644460544751406 0.0398629270140685
0.525385107764408 -0.513167802790474 0.175733844971775 -0.0883003732355184
0.63754010730076 -0.611149933967626 -0.149663920829299 -0.0751625645433787
0.470095345642805 -0.538441262245439 0.164905039369103 -0.0358514856088404
0.416192014119483 -0.603850351463078 0.161585735086077 -0.252004439648097
0.270102442836193 -0.659878333059298 -0.10047818029527 -0.341110399062583
-0.0416699560300567 -0.737882120447781 -0.260185319487249 -0.115235571793178
-0.31041286432451 -0.663381227751535 -0.223705939770357 0.045054137485833
-0.551579812349653 -0.541409201510612 -0.107356238889596 0.115518408613647
-0.59723985987353 -0.360826925196779 -0.0320357263379228 0.0565886916069424
-0.661061210043947 -0.348628042628046 0.0228595422583627 0.0290409298900338
-0.510097389449883 -0.458958084595749 0.0165212900632399 0.0468241992685599
-0.398746950251802 -0.540882330604403 0.0647559492898991 0.091646077157767
-0.154825878368767 -0.659079538022866 0.0773917459068608 0.129219199370768
0.0462331029555464 -0.66510333025496 0.0962949757279707 0.184023449298784
0.286975256241726 -0.570564987980352 -0.0331849358101895 0.194995236302692
0.50878966997275 -0.582615361649862 -0.0196391949257243 0.0819991959390503
0.547056810050335 -0.558485111110823 -0.34681597202816 0.0885923891366023
0.420091415419757 -0.449995525975726 0.00447718136759555 0.0445048196234652
0.437791316067481 -0.513113668834063 0.0539858934217685 -0.219501153300461
0.316174670842913 -0.619473382130185 -0.117614359560092 -0.33735953042565
-0.00677829333154891 -0.726336298742962 -0.255447966952983 -0.2523870194392
-0.284003376202112 -0.647897206995253 -0.317419959919866 -0.164696219929274
-0.504679221690116 -0.533575282944685 -0.294342830619632 -0.0654157433880606
-0.537959587484578 -0.362527058745773 -0.250337112412708 -0.069804696396327
-0.57028451828101 -0.342926260418651 -0.18220618373627 -0.0847550449228407
-0.4089148853691 -0.43114924767891 -0.132168501507714 -0.071664530423612
-0.286427897375547 -0.467630691149505 0.0092798932682652 -0.0186007132269593
-0.0882410669645129 -0.509286196004716 0.0806718377465602 0.124043477143466
0.0255320902101152 -0.516961271838052 0.0626652635192275 0.268935695981417
0.199757648492884 -0.496160431398338 -0.130375740448667 0.332360409818491
0.426226405507317 -0.55694174810464 -0.187892583747463 0.25868855881587
0.367588619235222 -0.429954341383962 -0.498131237691847 0.211110657716274
0.282671608336728 -0.309625873388852 -0.15679704916206 0.110780281354218
0.350395165804341 -0.34424410399919 -0.0386975810244653 -0.161523628234332
0.270616967342504 -0.455004823520527 -0.101207279899394 -0.316978353187296
0.014414513491081 -0.561718863572642 -0.233797672224043 -0.38630028007136
-0.207997022595895 -0.508432051296925 -0.39828929926566 -0.355932910429202
-0.376027568983896 -0.431631441158545 -0.459979887404477 -0.229947141418119
-0.395680587612381 -0.307715597424804 -0.429266569134228 -0.185657615192287
-0.397758390835493 -0.297274727360569 -0.331154448459066 -0.19368781887725
-0.245995956470932 -0.35103187843017 -0.210579530757166 -0.178759813168499
-0.132829607060794 -0.339108365083108 0.00433753178300649 -0.0947999057504812
-0.00810592049862505 -0.306639362023195 0.0840413186063155 0.146227003496427
0.0116507753835247 -0.319950789419318 -0.00670142485747595 0.336161246463354
0.108783735930598 -0.363906949402167 -0.223435781865531 0.410435361637693
0.302306130171513 -0.450794563099341 -0.314463519863828 0.407827086771521
0.126510002330326 -0.247675158775737 -0.569889852533522 0.288287865708575
0.0750094572108863 -0.14511579552447 -0.263227844108256 0.169876484640732
0.171388732142206 -0.124767494819474 -0.0799181490550589 -0.10124233577509
0.159802318540288 -0.198767721729786 -0.0662329118665245 -0.295525275262384
0.0411353755672471 -0.289370692466101 -0.219905736328641 -0.483338522263065
-0.0856131102847761 -0.284888430565686 -0.460556733515422 -0.479545723912565
-0.180098815972787 -0.265155024847248 -0.574063931429571 -0.343153241705163
-0.193812772004943 -0.20892709160001 -0.540929282340611 -0.268623985780335
-0.179211019981268 -0.206403653733619 -0.403653410708856 -0.287466341759677
-0.0768947920084685 -0.220689181211936 -0.215428462724362 -0.260216924428478
-0.00155621411714044 -0.177940483820533 0.0383615510934377 -0.124932568126916
0.0387990787045337 -0.107342966496682 0.0706833915753129 0.184531790190004
-0.00586906115305601 -0.126444307523373 -0.105469548964705 0.359994049582138
0.0220044483974411 -0.207139996187524 -0.304209219777306 0.420330122313431
0.147026751013266 -0.28164091511242 -0.395309544890235 0.504383201056258
0.123216151176568 0.0787244759963723 0.408520775801071 -0.615702843538205
0.122679485993919 0.0327746195293733 0.387165212367156 -0.469103637271639
0.0705789469378172 -0.0514001420688228 0.207320387343796 -0.375093806440879
-0.017340188504888 -0.083729915223518 -0.0725810470830185 -0.264089208398717
-0.0659935962626054 -0.0300009218349059 -0.131743624336672 0.133845066166001
-0.0549397794193143 0.0161154705446639 0.143197755570389 0.382751464515035
-0.0586194609923518 0.0529946571058131 0.424627198921959 0.380816409755655
-0.0469534060730833 0.0671889093601159 0.570054375848203 0.326218429662516
-0.0557405486429642 0.0610700954664477 0.61353139946481 0.362807260409353
-0.0582867000368851 0.0471302276111669 0.512793088924409 0.454556055223104
-0.0921216920772033 0.00963166274539197 0.293886421451207 0.503946227093136
-0.101964147503157 -0.0952182046217935 0.0912567200944772 0.302081980096329
-0.00018131670801092 -0.129172854872605 0.0904059078929607 0.0751028954812468
0.0761613441106915 -0.0665319062828325 0.255428221108702 -0.126245270949997
0.0581816513233311 0.0138742543669884 0.589263846081625 -0.2705737979306
0.315035758366753 -0.183309117102016 0.348518558114283 -0.559371988243481
0.22122476036364 -0.190330318134491 0.384312522646341 -0.375480054412055
0.120020550074727 -0.252002731686226 0.256189914101414 -0.317684066983738
0.00694651573079396 -0.250754074861749 -0.0441336606395749 -0.283386957304697
-0.10117045456304 -0.217941605368761 -0.165475192200611 0.10903979619984
-0.169171659322848 -0.175946508971857 0.0728684880367272 0.386392322587586
-0.260120201794795 -0.120127452223559 0.361507340201111 0.406449119831853
-0.270605136058271 -0.0685030090124196 0.516565295998403 0.318858492331286
-0.306368982252601 -0.0993699505867405 0.573079314366445 0.323648796712007
-0.243576362124041 -0.178762768898261 0.477868354258914 0.393905604206184
-0.201826549210403 -0.253910896426579 0.280788497840373 0.444990588247825
-0.0792238472517735 -0.381452813291201 0.0939612368918176 0.256668036801789
0.0963884908859941 -0.385213253675225 0.107181270812133 0.0451549192161049
0.252057354797987 -0.261516696757685 0.232177426143975 -0.139674391078879
0.286620029831227 -0.18952462109158 0.515918962058257 -0.282743454213302
0.491733773712593 -0.419449963565989 0.22723068234301 -0.436421614546788
0.333591354002297 -0.400627517941648 0.352066792522542 -0.265157722818637
0.201291509463305 -0.45098482729937 0.267382732969633 -0.280925286680947
0.063305945153812 -0.429047694036358 -0.0448991632352452 -0.302861206614941
-0.110342954060698 -0.420033592735774 -0.200879380134308 0.0677501875315244
-0.254735252827185 -0.378246226535165 -0.0150438377930907 0.338135621985493
-0.423747282746074 -0.297097470527693 0.243496805270609 0.370451178891427
-0.458169424498375 -0.194811651728678 0.38557540490185 0.266001998564954
-0.519797875704656 -0.219189713017666 0.445558592704684 0.238558565441294
-0.416876159446677 -0.339378595261084 0.369312169842297 0.286693032134652
-0.334205588810056 -0.442704149943237 0.236185704834235 0.339345953228452
-0.124915291817141 -0.602099264735118 0.0936309383067038 0.205087267984206
0.110211393082654 -0.599446697347328 0.110994874746418 0.0528923049037596
0.340443715423991 -0.446607101822521 0.157659413363891 -0.0849780262462072
0.447764150124579 -0.386694697323316 0.364949531792964 -0.22519517817341
0.604410029994551 -0.584414382773522 0.0510187340506119 -0.262303499864065
0.426056580836069 -0.538988493391282 0.282989687813189 -0.146654012773591
0.30567739551439 -0.595399944864735 0.236447524039205 -0.270428705740763
0.153422537068852 -0.59040524223448 -0.0746075032208328 -0.328146141478776
-0.0969017675999961 -0.613720031813694 -0.239637528705534 -0.00158678628834792
-0.313437595579056 -0.55660749150901 -0.117270903132827 0.227931539047357
-0.534503788627973 -0.447156617397657 0.0828996888003994 0.269813634763131
-0.579486887959628 -0.291175769896326 0.192466624561107 0.173110905244728
-0.651695933077597 -0.293367128452312 0.248918755338139 0.135843842632618
-0.526874409956945 -0.426345721319321 0.203179496931615 0.166188083126005
-0.42682304744802 -0.534135511623256 0.155282486328099 0.214101225607012
-0.179668642727793 -0.701640565527302 0.0865228884817976 0.157748368984629
0.0681639758665795 -0.705568849569191 0.109440426903191 0.0989151674975009
0.339053819584889 -0.570253720684704 0.0653749076237392 0.0370211987009908
0.516909433001212 -0.536761012271265 0.173939870495129 -0.0934808589905821
0.622099141226352 -0.639526217285743 -0.153220809312222 -0.0712324158533165
0.460511036729039 -0.557730887085367 0.166413017094277 -0.0391731746743735
0.39725652156615 -0.624133050465568 0.157353188408075 -0.258615793198373
0.253533923775078 -0.674505159293489 -0.112341512528814 -0.343346316957238
-0.0633920484449897 -0.743409231530258 -0.266068552577048 -0.108650739451579
-0.335314134841351 -0.661423134017734 -0.225363234391094 0.0544370061473805
-0.575456472064911 -0.526794301958673 -0.104798609916639 0.116075953388351
-0.612919337566972 -0.343626392830322 -0.0335016880899488 0.0567011710685072
-0.674598894519357 -0.328159929963349 0.0211124611971559 0.0281152205494557
-0.529481576682367 -0.451287531333714 0.0167610165463705 0.0465486279798428
-0.414904144131858 -0.534137091136944 0.0651779853143829 0.0882607431201906
-0.176909146900841 -0.660239192598512 0.0818028744112844 0.126452561008176
0.026383061521376 -0.67303108709099 0.100814627264431 0.17547288863691
0.274004812168385 -0.585577084505158 -0.0288174489816118 0.195300360533092
0.499437644929774 -0.607937731015012 -0.0189744862349659 0.0852528837225377
0.534359430148298 -0.582988520780187 -0.34703497169305 0.0974206328698207
0.413735685787896 -0.465726263240407 0.00761227264521871 0.0452887709338779
0.424861497728184 -0.532864180225904 0.0476735087386369 -0.222242635346105
0.303599676891143 -0.634861613262466 -0.129133882780236 -0.337851038369449
-0.0260332774884572 -0.731906555178103 -0.265383054303486 -0.247277796356286
-0.30770450935221 -0.648370596694047 -0.326291339817273 -0.154439021661533
-0.528182206470066 -0.519958472607259 -0.298052025655674 -0.0615718197566696
-0.55363495053048 -0.346617595805966 -0.255909447493063 -0.0657085315691293
-0.586442375719624 -0.327111333077958 -0.187520128723611 -0.0799316502122873
-0.427472411385632 -0.42524901268637 -0.135520796587135 -0.0679645662639258
-0.300082557909776 -0.463772063875008 0.00639710146364704 -0.0209726750181289
-0.104259912758261 -0.512298469452876 0.0854973204359674 0.120522572311675
0.0100641793729508 -0.524024158193851 0.0693443403940525 0.263093411171664
0.189308905220011 -0.507721898838089 -0.121968937575337 0.335927171109716
0.417500326811153 -0.580687393312767 -0.183043375590875 0.270083175849245
0.358121633037102 -0.446698001707223 -0.495888100829796 0.225366397852556
0.27854366153369 -0.319886002137102 -0.154138202757215 0.115332081328281
0.341580186773862 -0.357217104461851 -0.0445612559650934 -0.159644926046996
0.262122374151532 -0.467511735537416 -0.110489783360746 -0.316742528688705
0.000511119983273231 -0.567582293203661 -0.246850455162734 -0.38240176667589
-0.227090108068531 -0.508593885652629 -0.415547142063389 -0.346667108795485
-0.394807063614192 -0.421973448874125 -0.467879709347681 -0.222266820891375
-0.410374117961194 -0.296761038149183 -0.436835671215071 -0.17524315204637
-0.409686714053001 -0.286683547565936 -0.339183109473615 -0.185941507212937
-0.258787887381142 -0.349465704087738 -0.216735408999463 -0.17370699083694
-0.141338324889778 -0.337250922421256 0.000446666702617176 -0.096309582458613
-0.016552366624078 -0.308183149483775 0.0912240885778152 0.143680993074427
0.000641454044925886 -0.324268008323417 0.000774804672883204 0.33406407969039
0.100089370131593 -0.371480986391356 -0.215737815392579 0.417148456087014
0.293854927290639 -0.467653985130023 -0.306822653635732 0.423658624706933
0.121983246608612 -0.254103355923433 -0.567577610169045 0.303726997608569
0.0726487472355759 -0.146723010353886 -0.260924142142967 0.177585517794359
0.168819672261499 -0.131216761926384 -0.0848884916686383 -0.096668353262209
0.157484724461279 -0.205043207108604 -0.0727102481330437 -0.294709200377309
0.0338412677233221 -0.291911815037044 -0.235692273367791 -0.482105487061329
-0.0963928010794983 -0.286225687809004 -0.480124012680644 -0.469354362325733
-0.190441683700345 -0.260188064497901 -0.585092877827928 -0.333124943713468
-0.203058043196124 -0.20270550869619 -0.55019687914812 -0.259048869558422
-0.186999683461813 -0.202179531339596 -0.414105498559678 -0.27987915183207
-0.0844357964361533 -0.221651807929091 -0.222808227404272 -0.255444553628439
-0.00556586168564022 -0.178083179332956 0.0348792304693956 -0.126915271650253
0.0366462852798982 -0.10891125400098 0.0796373921441107 0.183938640854088
-0.0110599209215556 -0.127598268158969 -0.097109789983657 0.36183480122081
0.016629408402114 -0.210217789563239 -0.295258549317862 0.427294891347346
0.141607738918744 -0.290084256714437 -0.384555334595587 0.523164052852923
0.127076307865688 0.0733148459245717 0.387724829673377 -0.644274581768782
0.126278148187416 0.0270908119899028 0.367061460914882 -0.490679887227207
0.0699416566801175 -0.0549372231551045 0.194850132824201 -0.392418248916843
-0.0221993900848707 -0.0834457177786712 -0.0861272894620701 -0.268448795385762
-0.0688203075144859 -0.0296494367467289 -0.127660411804727 0.140857787792824
-0.0567806777125238 0.0171420119241685 0.166175601589065 0.381754322046026
-0.0584389767023642 0.0570196755705805 0.446961125247943 0.369910966459451
-0.0436145721021408 0.0704396301876643 0.591266502262378 0.308571642570266
-0.0529720885626479 0.065781883964722 0.639731494489389 0.34162478733406
-0.0567336526946013 0.0506903107336659 0.54370124763399 0.437218143299428
-0.0928501284586556 0.0138476706863114 0.323005310303861 0.49848334069776
-0.109742619410352 -0.0905489434429217 0.10581736489068 0.303537654110966
-0.00648307072733446 -0.133424607323809 0.0946048665220968 0.0726195146119424
0.0743626608109039 -0.0712373135425117 0.257194889046193 -0.139912626283062
0.0582352219381983 0.0114965544126308 0.587479367773024 -0.306360048629623
0.309514633920655 -0.204910682879895 0.328620513219325 -0.583498005714079
0.215699193522038 -0.20570131474162 0.36972322907706 -0.397199446573757
0.109560941729794 -0.261750316034859 0.246781769822712 -0.33609503718749
-0.00501871317148018 -0.254849542149002 -0.0590881396485613 -0.290475430706894
-0.11286643547232 -0.217985064685122 -0.162392199977499 0.115670264070765
-0.182339759982078 -0.172938120138405 0.093227819667858 0.388936239750432
-0.272255472521359 -0.108688147784094 0.382856022322279 0.397684615034345
-0.277815436368653 -0.0570790654345711 0.535431819550042 0.304467556661255
-0.315942790574353 -0.0839305465033349 0.595037013906406 0.301565139262281
-0.257842918288125 -0.171927003077109 0.502407329084865 0.376390550131898
-0.216161359935885 -0.250317020102112 0.306217262177386 0.438116547949134
-0.100631653460561 -0.384913053059754 0.106680404454631 0.255768691950089
0.0797148607712239 -0.398175260699639 0.109267728522456 0.0388828943866192
0.246447224126954 -0.278353720135219 0.2318662966125 -0.153290955791849
0.282844294048356 -0.208210575189626 0.511950968080769 -0.314626097825879
0.475380292376402 -0.455490106141094 0.209717578308306 -0.453624404488093
0.322057880928983 -0.425763869293986 0.343384215896923 -0.283497785826554
0.179870507473584 -0.467710693766736 0.260738868108728 -0.30026951041668
0.0437430467791813 -0.441088998814016 -0.0610511238143229 -0.309772786309603
-0.130971468219412 -0.421798000753 -0.201679606886396 0.075550290393607
-0.279274340237251 -0.375507693405392 -0.000122043539969332 0.344693211804012
-0.447999221731429 -0.280324033111184 0.263110783496002 0.36451735732374
-0.475027453087446 -0.17543956549426 0.399865726912486 0.255306815526651
-0.538638087410825 -0.195235908111994 0.461875734696525 0.221895374504394
-0.443120838354243 -0.327975358948509 0.388513911904004 0.273334154785771
-0.35953258935626 -0.435124113337017 0.255646417200513 0.332564231182339
-0.158946546540244 -0.608357736485079 0.103680683438527 0.203212906034183
0.0828963329415759 -0.618876595279489 0.112475258495035 0.0441743628695337
0.328144622274492 -0.47237816966542 0.156691538180756 -0.0950451340456066
0.437817574765747 -0.41848284885769 0.360305755894876 -0.246075986694045
0.582889921892357 -0.629094976096469 0.0388251383688038 -0.267657702098658
0.408973039826639 -0.570141874342132 0.28031811880098 -0.15998317518833
0.279730234599192 -0.618829826414825 0.230242647400293 -0.287053299560284
0.129128058439185 -0.609284398129761 -0.0933884979411053 -0.332321853929204
-0.126029471300794 -0.620130210452644 -0.244089889219384 0.00792624855542626
-0.348342173325889 -0.554224877023359 -0.108926487445552 0.238919927411864
-0.568814298385767 -0.425630448477689 0.0959202094959211 0.268077741441449
-0.602130593300025 -0.267461817495734 0.198999791113273 0.168708937249441
-0.675747483719898 -0.2622709450422 0.256099063173419 0.125842308905398
-0.55925613444927 -0.412027492998157 0.212462091730508 0.158816852956164
-0.457487343640614 -0.522800548220584 0.166900450208671 0.208512798171837
-0.220259058994612 -0.706651947576744 0.0946455665809586 0.154342579967165
0.0339338371567718 -0.725051152572305 0.112186807202936 0.0893837609851402
0.320171257127686 -0.598371977545722 0.0672123682523101 0.0329350806460687
0.50084889677129 -0.577900850333399 0.170863537568721 -0.10274053396068
0.600183525648757 -0.68507768180591 -0.15972796821559 -0.0653385538390037
0.443968113322838 -0.589567316187412 0.167810749794519 -0.0461909243252987
0.372204691671504 -0.653466615946991 0.148859233778346 -0.270570342925732
0.227246869130294 -0.699567455330728 -0.131712191669566 -0.345844671543157
-0.0958723125738925 -0.75116666949693 -0.275851431248371 -0.0998623189140978
-0.376415416389081 -0.659999157786181 -0.227327132426932 0.0692451643340764
-0.613488457762166 -0.506143988858832 -0.101808226820206 0.118920671799776
-0.64055938564303 -0.320210977026763 -0.0350016664370729 0.0594094230434363
-0.701243015451168 -0.297947054567961 0.0194872357000271 0.0266397920545625
-0.566467521916431 -0.438984646795902 0.0168710589169649 0.0466966097480973
-0.443620798447093 -0.524663074065149 0.0686711586571619 0.0850358611096328
-0.212988645861837 -0.663780120556696 0.0887507188498416 0.122345666552614
-0.00624688544567084 -0.687878525609396 0.106532323471425 0.166574005894813
0.255235670768912 -0.611356965138571 -0.0222235679379476 0.197419226932958
0.479109911487098 -0.648501583246573 -0.0160796529520716 0.0900179023527972
0.514652988742486 -0.622790672728652 -0.349778062888693 0.114248875676574
0.400677590284676 -0.493390773325293 0.00940320567180125 0.0457638640393696
0.405963715752255 -0.562261498866231 0.0384628864693609 -0.228483020090328
0.282692113563922 -0.661657314988175 -0.147153840326468 -0.33860764598248
-0.0589200821595339 -0.74234447317671 -0.281169908272665 -0.239155397141264
-0.346725207918592 -0.646612108555734 -0.341165932551674 -0.139206890409513
-0.565467688706537 -0.500281358039538 -0.304777242541143 -0.0532681153262815
-0.580817956224183 -0.323152445347962 -0.265196644820271 -0.055938550235483
-0.609527475309557 -0.30224697740451 -0.196868823380308 -0.072902323224287
-0.456563296755688 -0.415462284755056 -0.141802515840197 -0.0633458246122181
-0.324416494305926 -0.456428692115434 0.00384912080032474 -0.0224164083967506
-0.130136309808284 -0.515246996250819 0.0940914971120778 0.116305291787762
-0.0177952483598711 -0.534238846325283 0.0800146958901794 0.257419184618022
0.171323095730988 -0.528012740909379 -0.110928703229565 0.34412394862079
0.397096286887003 -0.61590949874025 -0.173680629563575 0.286618529360346
0.343462542017644 -0.47394559440852 -0.495539133038968 0.2487761813109
0.27062035347179 -0.3375245562772 -0.152501493733477 0.123817687488131
0.330502613058153 -0.380936964901959 -0.0531887846737008 -0.158598562486481
0.249824234524508 -0.488408992424951 -0.127037764872465 -0.317342193220142
-0.0256860692080959 -0.576016642727444 -0.269472691677533 -0.379088800765213
-0.257742078079972 -0.507926477337771 -0.43872144334104 -0.331614581578445
-0.422317110589068 -0.407648226322296 -0.484305884602782 -0.208306700600376
-0.432576179840108 -0.280551926089227 -0.451957586920064 -0.160556718062661
-0.429135774414725 -0.269531579005129 -0.353976749806978 -0.173245645338208
-0.282651388401671 -0.345611363231908 -0.22880699507641 -0.165999420621696
-0.157265469339288 -0.334871303983245 -0.00315672655019241 -0.0980841742746688
-0.0318081089199695 -0.311521110442912 0.101769978141678 0.140902685995528
-0.0182067823284012 -0.329343861066902 0.0139618633672401 0.333973019970331
0.0855116258372291 -0.385198861563059 -0.201846565306526 0.430887857175899
0.277717310826851 -0.495595098811226 -0.289816357237965 0.4484139238085
0.113708431152092 -0.265720976077395 -0.564321972037986 0.331420807466609
0.0679219209042987 -0.151382118210052 -0.258716855154964 0.193691077122153
0.165149747227043 -0.142278215272357 -0.0913859512058872 -0.0906246822739882
0.152729230354118 -0.215402661075438 -0.0844606441184115 -0.296084314388513
0.0226318568737919 -0.298064318388571 -0.262107647688458 -0.479711304231554
-0.112078662015505 -0.28645317189514 -0.512152590008118 -0.455008350438614
-0.206997930671465 -0.254035482082104 -0.609764639285536 -0.313906740772627
-0.216541182393776 -0.194413553823071 -0.57028865612968 -0.241848961702385
-0.200633465879377 -0.194830247115662 -0.433645432847705 -0.266030851299193
-0.0980023006062895 -0.222938983822786 -0.237136024697766 -0.247856041153793
-0.0120827376779209 -0.180163474908905 0.0312750229846624 -0.129085853137343
0.0325158773546274 -0.111877220849372 0.0918776594487018 0.182773086532021
-0.0191790030936607 -0.129596425939282 -0.0847908391003846 0.370010975746154
0.00790899307172041 -0.216601689977063 -0.282521579711791 0.445569270745845
0.132064727626106 -0.306533231477722 -0.365624527494119 0.554063456898328
0.131247979338266 0.064796768569777 0.34685381430835 -0.673501262027125
0.128830129392082 0.0175868349736757 0.335034036867465 -0.512310407976375
0.0684883036471612 -0.0592181483912238 0.172995355399673 -0.408471648347668
-0.0283024715150774 -0.0823981241875206 -0.10593348566194 -0.26834683410459
-0.071396048598086 -0.0286796044709248 -0.119705915997571 0.147864843677377
-0.0576566713844908 0.0192127624295799 0.193535051047981 0.371247964529029
-0.0563701235790145 0.0616303561074848 0.470943479850999 0.346147190351992
-0.0386212639917752 0.0734047041657721 0.613675077495046 0.279485829354494
-0.0478616766815988 0.0702348192627551 0.663029202592383 0.303121342941397
-0.0536482777438555 0.0549137564555001 0.573886954213331 0.404246847623093
-0.0918568589948361 0.0194930962590902 0.358836567557174 0.480177464235487
-0.116878947748863 -0.0824734505414039 0.124905111069807 0.298693702715584
-0.016005533471333 -0.135296549013735 0.10022798578358 0.0672475469092731
0.0708079530725616 -0.076472122857703 0.252293739878954 -0.157105191471857
0.0581827471355476 0.00869816692039649 0.570310634715289 -0.347863544326713
0.294389737736622 -0.229399649538222 0.291657918898704 -0.608239704744233
0.203478081664347 -0.223269804743296 0.343489938599044 -0.419602321818161
0.0929599509265602 -0.270310695653049 0.229336813164859 -0.35597031396598
-0.021588137880347 -0.255862753222822 -0.0791874706663303 -0.29249718429375
-0.126752226288756 -0.213497757575463 -0.15711852865324 0.123487345630474
-0.196851721208041 -0.164896831903842 0.119429586390855 0.383907376320811
-0.281817568680945 -0.0898891486163187 0.407644971791154 0.37551379427046
-0.283230859949864 -0.0395922560309507 0.554089463520585 0.277864001739229
-0.322162629875789 -0.0623498091808178 0.616119591227895 0.265551527163012
-0.271963188222833 -0.157879815198625 0.528547653985455 0.346244640998566
-0.233270408103678 -0.238744441359808 0.338863825244089 0.420875817413858
-0.127467175414601 -0.380915581867698 0.121718956983231 0.25047967386597
0.0541230152881909 -0.407761490139558 0.111555190999083 0.0303734411341793
0.231302329616001 -0.297764570816346 0.224567499639171 -0.169084065333017
0.270811467406996 -0.230276081136999 0.49267886848223 -0.351983334908792
0.444991872243547 -0.494178914499903 0.180446772835521 -0.467212816097879
0.295390635761033 -0.45152303354258 0.325824323883052 -0.302660527390338
0.149263278244757 -0.483615185780266 0.244207382141765 -0.319351095125574
0.0155624665502565 -0.446688466217555 -0.0844818816881529 -0.311319690005834
-0.15696739957319 -0.417111468128176 -0.199262612008536 0.085688164275146
-0.308919156921175 -0.362882721470354 0.0225603390316767 0.347326837002537
-0.471162232504803 -0.249888426658356 0.28414756046723 0.349713691935107
-0.488307952428731 -0.145531717667062 0.414225598897989 0.234988330436511
-0.553645851622872 -0.159418559911021 0.47470189456153 0.193758800950502
-0.470798218374542 -0.303327235292587 0.405380686061148 0.249382296977369
-0.388441446125576 -0.416373399682815 0.278332975772032 0.317388726250014
-0.199810924842755 -0.604127608848979 0.115357796582929 0.195775211023776
0.0415143524275006 -0.629638014914002 0.112866422718825 0.0329771627398551
0.303026213315314 -0.500094538343244 0.151861705467821 -0.106575608953575
0.413143790469675 -0.453657426408862 0.344758897366833 -0.272949653493737
0.539682681394186 -0.674911013736983 0.0204135826816787 -0.270426390859991
0.375331854060371 -0.602624214803413 0.270469445555123 -0.176004074874826
0.236189274539906 -0.642211574119607 0.215106097560007 -0.303186749409366
0.092240262943197 -0.623415439853789 -0.117415953637191 -0.332713201668357
-0.163184599124996 -0.616500403345927 -0.246292116781909 0.0213684824145324
-0.38988617991513 -0.53724798863235 -0.0948422649493632 0.249482205483695
-0.602920646761654 -0.386910527686936 0.111841374048071 0.261113341196
-0.622670294089947 -0.230163279294142 0.206426745510104 0.159314428787203
-0.695427699428381 -0.217347003043886 0.261255489059365 0.110028166778497
-0.593882010299852 -0.38108038360054 0.22104615322159 0.145865849806346
-0.490497234687864 -0.498384466389135 0.179962828033702 0.198361591380429
-0.269476306309508 -0.698520862053938 0.103249554708425 0.147322452100194
-0.0146651495227001 -0.733386892714263 0.113947036716184 0.0773718669668914
0.28664494693289 -0.625651095255041 0.0683123993579541 0.0274036937146398
0.465813236586722 -0.620109004255583 0.164337418831299 -0.113559922695246
0.55425236290948 -0.733576221350655 -0.165892212187069 -0.0544629396815435
0.410525844248675 -0.622662715405768 0.165002225560526 -0.0553260724041246
0.329201455249218 -0.683311009837842 0.133419194890332 -0.283169566502061
0.186390390127904 -0.721504928399378 -0.157671395856238 -0.342028681746401
-0.141992991261077 -0.750072354876293 -0.283857803200524 -0.0839945347199601
-0.424284439462492 -0.64264633080489 -0.225760283767023 0.087313876708139
-0.651297663144604 -0.465746960717636 -0.0954268961805014 0.12247471718684
-0.665228201727462 -0.278530947631566 -0.0354846529682893 0.0629461624335729
-0.723362953720956 -0.252759517659481 0.018189994781519 0.0257970573244634
-0.602006213969479 -0.407060423450422 0.0174213423055516 0.0457768873061504
-0.478817762576324 -0.500114952581708 0.0723428892738152 0.0803638216617766
-0.257493566956096 -0.655946842039452 0.096343163888569 0.114166328546852
-0.0543584336206732 -0.691266506091532 0.11339517179056 0.154721416189755
0.219051261704415 -0.635890687117277 -0.0120878579010977 0.198682493755995
0.438242174351807 -0.691559522744386 -0.0105219005019528 0.0945222830729558
0.474408873336437 -0.664179222215817 -0.345895443242711 0.136361097617056
0.374266308169357 -0.523225825290747 0.0107036220403205 0.0453482563749141
0.370241421636745 -0.595036428280929 0.0242763756145262 -0.231636380278505
0.244773783321675 -0.688987176953781 -0.171493962288876 -0.333532003105138
-0.105026254474365 -0.743759417166177 -0.298619789993845 -0.222592324901879
-0.394357639851554 -0.630143250126167 -0.353321606843094 -0.114353656941026
-0.602511740434997 -0.463011091463533 -0.310622032159575 -0.0378252121805191
-0.604326831940303 -0.286417488731777 -0.273024378561763 -0.0402180374183132
-0.632249684478946 -0.260909391832832 -0.204731389650147 -0.0610068300650114
-0.491123473384563 -0.391809508942449 -0.148893361504809 -0.0540730810388148
-0.351990865250317 -0.440161420596825 0.000549143810931094 -0.024173303163954
-0.164725793379676 -0.511124935913111 0.102223069484126 0.108255178072034
-0.0554989679439773 -0.535325233544353 0.0918739001737859 0.248826463597829
0.139375222119068 -0.546071654191126 -0.0940019760472063 0.352333134678404
0.358944324513302 -0.653517327735506 -0.15537190023209 0.303321821962775
0.313681799454273 -0.502157138385318 -0.485662376605103 0.280551997087809
0.253643649283454 -0.356818263380119 -0.147547474339612 0.133498924484867
0.305436245218264 -0.406760305651764 -0.0636999392208471 -0.153656014330383
0.22216933819033 -0.510671424712776 -0.146532608645955 -0.312631302297298
-0.059182070019092 -0.577363971599115 -0.295788062183235 -0.364049283154593
-0.294286740343293 -0.496067351615152 -0.464828831007125 -0.303029738446661
-0.454545177864842 -0.379682837314309 -0.500432312334145 -0.181861102046507
-0.451769182711957 -0.252037749956375 -0.467771405537916 -0.135192319030419
-0.448489891825476 -0.240800262154919 -0.368298507968729 -0.152241942726065
-0.309136064728786 -0.33109815403471 -0.240523482039218 -0.152171894702545
-0.175736587904475 -0.327461911442226 -0.010176792526573 -0.0990101959870994
-0.0521297838492803 -0.31064697032426 0.113529688750453 0.133058095324352
-0.0431123338615083 -0.330163604116264 0.0311261340762418 0.331177843984828
0.0610902735944444 -0.396511164902898 -0.178094658958738 0.444170013768697
0.245996891192107 -0.522968826223846 -0.261357355622209 0.47571066717776
0.0982179069373797 -0.276829573248585 -0.548771594817355 0.368802517364196
0.0607621914168471 -0.155523361863226 -0.249594488815524 0.210712853133062
0.155209833182082 -0.154573892958663 -0.0975494232133117 -0.0815475615594127
0.141945744554333 -0.227842941018269 -0.100470816932761 -0.29336641553264
0.00588178422509908 -0.300760887672614 -0.295163624418628 -0.467351840774253
-0.132188867577976 -0.281024827940404 -0.546010888610322 -0.423314000299294
-0.225503788096886 -0.24140675574608 -0.633073271824972 -0.281006869614252
-0.229776207444243 -0.179777338674946 -0.58940069012279 -0.21134852955507
-0.214536095249179 -0.181397886351002 -0.451832973400185 -0.239050255878579
-0.114858510307215 -0.218695411271883 -0.252873818545898 -0.233610684234641
-0.0219892371126293 -0.180638899558311 0.0251752120767822 -0.131729727654833
0.0254999865271895 -0.11424689804019 0.106940962516124 0.177643412982358
-0.0295020387157062 -0.129200854456498 -0.0662477776408386 0.375119601056467
-0.00580927189781521 -0.22118247193164 -0.25899148535437 0.462631882396152
0.113187894501973 -0.321954890068368 -0.329278130360588 0.585446758624237
0.135425709773006 0.0222625858056642 0.214052366233144 -0.70107061174514
0.126047964256575 -0.0231035904811785 0.232557433685674 -0.543367015324786
0.0554199620667811 -0.0789108961343768 0.100777767936058 -0.422685930429387
-0.0470505448250489 -0.0767065446739262 -0.145766363949416 -0.244190386743234
-0.0770065775303826 -0.0133167542000991 -0.0906614231035733 0.159178652700905
-0.0451670969534805 0.031997434530681 0.248470206266339 0.319246481068036
-0.0351218987486187 0.0717034873109541 0.515842517535214 0.253736613188016
-0.0155986056011371 0.072488679203962 0.635790869876789 0.174266122392886
-0.0256280867612827 0.0712705481267872 0.6894014033569 0.200214399402258
-0.0369649694991803 0.0548864359857896 0.618606285143851 0.314596845343306
-0.0797273584650732 0.0307728629955531 0.420770103725997 0.41499774850579
-0.126345392259133 -0.0617416966962573 0.164934793897341 0.276323224260068
-0.0379841067550292 -0.131580651984614 0.10839354405343 0.0547084482469896
0.0536349274665449 -0.0863684378058824 0.225978076815182 -0.192704892288278
0.052454145271957 -0.00311725978080065 0.505535313812946 -0.420211367919142
0.234407908362654 -0.294283483443554 0.180350249137561 -0.615317651380349
0.15168595616026 -0.269037462389651 0.265040484001558 -0.445629766965535
0.0373931118855383 -0.288541185660476 0.174188119763893 -0.373685469657895
-0.0745481085541132 -0.248216093257541 -0.117196653796806 -0.267326795085302
-0.162285444551873 -0.182384954206691 -0.123815021068585 0.141448337885562
-0.212437221214879 -0.120157700288951 0.187070490020398 0.342684900599832
-0.286351467231961 -0.0330902439936673 0.466239830054398 0.295128153018283
-0.270167316781859 0.00354448778235811 0.579892152822613 0.179350457756854
-0.317779049075234 -0.00977021336809639 0.638605531408815 0.167540045859377
-0.290870071922742 -0.114895625938209 0.571440961314416 0.265193031245808
-0.261155378530082 -0.196389784981413 0.395414182579923 0.36253668558396
-0.189984348069152 -0.353673821258275 0.156923091391548 0.23742411785259
-0.0156041766629783 -0.408846683472837 0.10778587375134 0.021876186724769
0.175959175463997 -0.3292491811371 0.188863208359561 -0.202826903794246
0.223264380212513 -0.27240267096694 0.423218736511719 -0.41370256181926
0.32886722867623 -0.577374165880951 0.102505574663332 -0.449132572513083
0.197836328474005 -0.504361705047238 0.277375968571097 -0.323522182999041
0.0496492996581046 -0.50520444175005 0.205218091183787 -0.333340668196026
-0.0755745053481598 -0.440354980730291 -0.116644294238427 -0.278099998882525
-0.226567020621147 -0.372320866981741 -0.162409156795961 0.11237518160739
-0.356506575286714 -0.290571816869285 0.0947483546950647 0.323046438111751
-0.50355988915595 -0.154298123373541 0.352400717702503 0.292279470885189
-0.486321348705574 -0.0647421804719834 0.438350934696217 0.15713015043314
-0.561538067213907 -0.0604731212568596 0.489899888132844 0.115774564988579
-0.51311801421398 -0.220496715036739 0.441888939474269 0.188914171667542
-0.444269435228004 -0.341159564416675 0.324886223093946 0.271799399816848
-0.302645261078104 -0.55985020001779 0.145124173036702 0.190288479956693
-0.0650514985408451 -0.623433486521354 0.105498967437164 0.0292817497075955
0.214878303060191 -0.538709369779326 0.118170512659111 -0.130978053189265
0.329019999358711 -0.515717262306884 0.28029564639638 -0.315208040938165
0.384594075014512 -0.765926534972032 -0.0127473879347824 -0.225907283838378
0.248716844615863 -0.66218869965497 0.251395782265538 -0.185210379486941
0.103737963099864 -0.674672274303943 0.185910325919166 -0.305336779916445
-0.0356054284726339 -0.627724218954214 -0.147179125325257 -0.283738480791498
-0.27035681590729 -0.562532754478733 -0.209470211645669 0.0606322222084286
-0.469288065216365 -0.445916117330349 -0.027414892276579 0.250172255377321
-0.662494953764439 -0.263508927292111 0.176722284387869 0.238598776639945
-0.631763619176837 -0.122045353855951 0.226989186165932 0.115156157405232
-0.715176129677224 -0.091271542195381 0.27002405186413 0.0656378565093286
-0.649314826589402 -0.273001705587641 0.24758247950119 0.11396609594129
-0.558217777844249 -0.404849285887769 0.212962206081416 0.169972566841135
-0.385267228471634 -0.639280569095035 0.128237399921682 0.145592044348929
-0.136821804382784 -0.714085602086353 0.111043886581312 0.074174124281237
0.178895833824764 -0.661199408422501 0.0502009917165929 0.0147327995715991
0.356577179346875 -0.688239026392393 0.122181539441421 -0.134355637273306
0.387093509884022 -0.817545317686948 -0.154987572880201 0.0139429718937117
0.278295666481639 -0.685000726978498 0.169339048287448 -0.0511923438179827
0.18478354134998 -0.729545013146606 0.110727877435108 -0.26503420691612
0.0364870543811954 -0.743290520117813 -0.184468062016091 -0.278667198854315
-0.273900860593532 -0.697327577128568 -0.257570395127393 -0.0317170283971331
-0.525403535731256 -0.5420955047027 -0.175710268019503 0.116985037660606
-0.729186345910289 -0.329284916400416 -0.0440036200230424 0.140582419109505
-0.683468157695356 -0.160137586655523 -0.0205596788227412 0.058347173409574
-0.749226107620646 -0.115736261950215 0.0211647763023541 0.0188509908271332
-0.663229736250137 -0.294750450598938 0.0340490662720282 0.0450454830173344
-0.545720237504489 -0.40644134804104 0.090883399817136 0.0705551492778991
-0.367973475922235 -0.601253308148796 0.116565714918559 0.112955953962031
-0.168108788081883 -0.665514035401687 0.121913881838933 0.14940734016524
0.112274258996946 -0.660327462580258 -0.00462104628831774 0.19653885035003
0.321660431324453 -0.753645887573563 -0.0195882259997965 0.0936664777547168
0.323215179524972 -0.730684523938043 -0.2975970069246 0.222940323393331
0.263128936006263 -0.576867205228417 0.0332751734905134 0.0690844251762387
0.240601908022578 -0.650603797425339 0.00673489462446331 -0.195228293074797
0.101918208068399 -0.72416177894744 -0.198873322200897 -0.264960006573989
-0.237441271765241 -0.702163430880937 -0.295540650233315 -0.162046730584834
-0.498250743504719 -0.537516756500484 -0.333589194470225 -0.0541376879901343
-0.685476156678752 -0.338331044756768 -0.281380490462696 0.0216098035485239
-0.630286300379638 -0.17723440642855 -0.265875683361756 -0.00372707002312684
-0.662883445323891 -0.139754512297976 -0.208230360131386 -0.0329076759601476
-0.551484166077415 -0.295614403176212 -0.144933662635912 -0.02847100369313
-0.413021822963671 -0.368668630673544 0.00387228877626649 -0.0210668237865509
-0.249504627007974 -0.47231080147447 0.120481783894743 0.10120098800656
-0.143278923828994 -0.512901400531969 0.116203180185707 0.240658779621623
0.0510057537929623 -0.560603015094906 -0.0598033413106585 0.360334837891169
0.251211518707514 -0.705083347483527 -0.128743095937334 0.318421481772408
0.201055878899424 -0.539464701846298 -0.41118729951087 0.373984614232597
0.178731411502781 -0.389187113787686 -0.111152868319749 0.172477697281368
0.214470867097324 -0.453265213801432 -0.0729935835452905 -0.111164271899697
0.113538584697415 -0.545045233395248 -0.176298512103214 -0.255432444380154
-0.164018315017477 -0.553460588096905 -0.324232974043118 -0.30051300804011
-0.383144798460024 -0.429094418141107 -0.478371163514716 -0.214206570732678
-0.527241680724902 -0.284189138452288 -0.494140410804252 -0.0870677609461849
-0.479511409838909 -0.166775717387608 -0.469613510554998 -0.0632445088389487
-0.481815830512059 -0.151469744493583 -0.380275660429336 -0.0976826996110978
-0.365909969612907 -0.266277715461942 -0.250436094912593 -0.110324912920937
-0.224599885577708 -0.287920490992063 -0.0192985186554669 -0.0927075472876325
-0.103580797838223 -0.29747956719242 0.132271184838317 0.119846933659654
-0.0939712737416341 -0.315130948544959 0.0708104585253632 0.326586375784094
0.000479298853716916 -0.402170152393114 -0.125972062337171 0.464583721416246
0.163395668056797 -0.556882524990935 -0.203277518130227 0.499759163082885
0.037591612060541 -0.276562741436647 -0.461521985762975 0.455937833662916
0.029521790384346 -0.153863919998219 -0.202731124660434 0.253854690944426
0.118141252890475 -0.178426729291832 -0.101777246729463 -0.0474632314321756
0.0914351486089493 -0.25368835364421 -0.13874946740169 -0.256647676651059
-0.0549030508580294 -0.299164976273092 -0.353364012349086 -0.400870772980613
-0.193574328341529 -0.249503207403775 -0.585345052784525 -0.315054096340773
-0.278935370922772 -0.192043629352489 -0.64900269553517 -0.161855596627328
-0.257874617274963 -0.132154508360053 -0.59974987002614 -0.115725443343573
-0.246050431190979 -0.134758179150043 -0.474609466784079 -0.168889871773451
-0.153996751690683 -0.190355019339706 -0.276471096278648 -0.1901371525704
-0.0518705975950709 -0.171932106675524 0.00912001738609052 -0.129915875449117
0.00668972508906995 -0.118667692595009 0.130601314174115 0.161908903992832
-0.046668496685532 -0.121914672682862 -0.0159036947635415 0.379451169482747
-0.035270376673638 -0.218702425111737 -0.196385681323858 0.492390410057469
0.0664830636702876 -0.336694661201105 -0.247004332440036 0.617970367080581
0.130776523642685 0.0154396872387658 0.173572053754798 -0.689695118734457
0.119283465543126 -0.0296079236384052 0.200056269596441 -0.532690389025145
0.0515520548640462 -0.0807271144167289 0.079191039883759 -0.416318646223756
-0.0484382001531745 -0.071338729863028 -0.156126150123934 -0.232578865430722
-0.0782303984215088 -0.0108985646739271 -0.0830244982565578 0.156281317161214
-0.0443648388460923 0.0320420706798129 0.25533799832545 0.294309209586989
-0.0298468967104545 0.0728333929688699 0.510033464383735 0.221979895801808
-0.0117567807442749 0.070882064779131 0.62302166873796 0.143849328619455
-0.0207092976781076 0.0695484195407715 0.67543059883129 0.163815548007236
-0.0327936330174988 0.0544677296122839 0.61404982135451 0.276074918371996
-0.0758963174842316 0.033192980154722 0.42691357731468 0.381557523295103
-0.125282827933255 -0.0521477517514315 0.171082072084193 0.260322531559055
-0.0435191725070256 -0.12661334982192 0.108690656439755 0.0466860891598287
0.048182439537557 -0.0866262586931767 0.212587198137796 -0.200219465739519
0.0494434897873884 -0.00360350210694447 0.466217565025161 -0.433210247785755
0.207508273437131 -0.297102191039001 0.145051343873073 -0.60391691453776
0.131743467844992 -0.269537112132665 0.236448748580504 -0.440333856105088
0.0218820396475952 -0.282156250589003 0.153533780777998 -0.372617880713043
-0.0834783410582461 -0.23666110979868 -0.129936048845004 -0.256963573713488
-0.166787220777124 -0.170447575852553 -0.117231676332917 0.14033079837741
-0.214921393038004 -0.107919059730625 0.196161368313972 0.320826755169455
-0.277540592374288 -0.0150138021965519 0.464475972231964 0.263046524796594
-0.262059284202023 0.0169236938657565 0.568999106858253 0.152781959190629
-0.306624614609523 0.00618805029815979 0.623910500856871 0.13354366759029
-0.288988092829894 -0.0979232097863333 0.563611113129136 0.230765914614598
-0.262774652972817 -0.17969651446484 0.400751668912859 0.33213695255318
-0.202153040872083 -0.332826219786429 0.160299923128336 0.222887138554512
-0.0353114113800125 -0.395627010026082 0.103445579132702 0.0138169512995971
0.155390687380164 -0.329021138373218 0.174342707966558 -0.206670044335782
0.201179925114142 -0.275278880809605 0.385596659128265 -0.422138353650984
0.2815116371529 -0.577007326897959 0.0778560314872508 -0.437834262820448
0.165362104767964 -0.500515147351979 0.254097964963428 -0.321402477536792
0.0213320296578576 -0.492603059248545 0.185030245968058 -0.33430585959747
-0.095706253565158 -0.425306446530494 -0.130168594812871 -0.265890567483827
-0.237529063848775 -0.351404465330668 -0.155351093731007 0.114009391034729
-0.363901340914919 -0.265688064237829 0.106514937359134 0.308333455690013
-0.493592760638771 -0.121545206038329 0.352613793729698 0.264226624491253
-0.474631599925367 -0.0404994174580856 0.430832954968712 0.1378770674428
-0.543618092306454 -0.0316903156164812 0.476024816686573 0.0906565167624348
-0.511514903771585 -0.190806332943409 0.432639046836007 0.16299010735926
-0.446882527604062 -0.312807724067603 0.327138613475912 0.247600870692713
-0.321313916613535 -0.527836200529581 0.146115955991274 0.176663608685302
-0.0932568273746607 -0.599966443776526 0.0990409241400942 0.0201071711420699
0.182212468535834 -0.537245260153163 0.108637269535757 -0.133002209145316
0.290145585943301 -0.518365444175039 0.254087343991978 -0.31916200400153
0.328856417294095 -0.761893149529347 -0.0246632006648439 -0.21572546816578
0.208573170885075 -0.657454518532036 0.235518195394812 -0.188067278274463
0.0649246688698153 -0.65785628910994 0.166227088405226 -0.305532507247773
-0.0652928801519424 -0.610109402431457 -0.160051198209078 -0.269126365414851
-0.285227555386609 -0.535166241695824 -0.203829016917408 0.067157892231047
-0.479874758543564 -0.409227872712091 -0.0142462795373892 0.245258315248176
-0.650744493015101 -0.218634713375899 0.179114903192124 0.218289462117129
-0.617936695125998 -0.0874895850796526 0.223106379045622 0.105368554733934
-0.691034963731853 -0.0536501983517485 0.260065929060959 0.0526347170705467
-0.645382007038311 -0.233468782538409 0.241758415290127 0.0998333240487824
-0.559485869965595 -0.367287848656065 0.212583020624688 0.154744108370766
-0.406574150259392 -0.601967086915086 0.126816646633719 0.133029421817635
-0.168226952856863 -0.684027935043378 0.104511719764716 0.0635310698343601
0.14378594938331 -0.654387670138057 0.0487523417925424 0.012313487850642
0.305696724561443 -0.688536030765548 0.11115015155135 -0.13515225954227
0.328315624563312 -0.813126204325753 -0.151169223668058 0.0245162828515452
0.238717103603528 -0.678804313060371 0.161785683196352 -0.0539814367311214
0.140684581653337 -0.715255920354001 0.0942489221032031 -0.26221568687871
-0.000909383186124907 -0.726443228307239 -0.196345617702343 -0.262363197611575
-0.295531872918593 -0.665591941858319 -0.253869354695902 -0.0192221771954298
-0.537700226582251 -0.500605503059768 -0.164377846168695 0.125267939636739
-0.722644602896067 -0.278938980481461 -0.0387450127285589 0.134146978310429
-0.669371584595579 -0.122875673283786 -0.0197537973363025 0.0605688313093974
-0.726545450381426 -0.0729675594170709 0.0174694611262598 0.0188331211113642
-0.660005981937526 -0.253742694553683 0.0320545242436466 0.044089103656415
-0.546828973312226 -0.370894961953803 0.0883356025922074 0.0642100255072119
-0.385717083310122 -0.563089212263293 0.115307240653511 0.101128615557792
-0.197353838366748 -0.634798303749322 0.118216430796614 0.1361734896055
0.0783399619237368 -0.651360791495059 0.00235722282223893 0.191867447421132
0.267919816243329 -0.750556857312016 -0.0138682704090436 0.0927834153239238
0.274272907262337 -0.726616842648481 -0.280543889820367 0.233552342647637
0.230789665967786 -0.573032795049711 0.0336710204710809 0.0684151000348053
0.200308555029249 -0.640132052131824 -0.00311058110761867 -0.189419514516393
0.0634242844529049 -0.710484609905058 -0.208522518250817 -0.248563034852345
-0.259624065011116 -0.672779550154822 -0.294961972179713 -0.143606899617069
-0.510493377146689 -0.497672467543996 -0.325010461452226 -0.0326532702423475
-0.679170117804377 -0.28907198163914 -0.273657738678663 0.0299045349805737
-0.618518711812407 -0.140815009180902 -0.26080991833766 0.00939151251873024
-0.64395500349418 -0.101384412379257 -0.205816851192705 -0.0212684479605313
-0.552990417747702 -0.258956208659785 -0.143349353729875 -0.0189045926042265
-0.415013396620293 -0.338867261338168 0.000971389502886602 -0.0207300084944859
-0.264522597690894 -0.444736345335789 0.119957945037375 0.0895952625142498
-0.165611386208429 -0.487199909947456 0.117104092276751 0.226500223053649
0.0209184205669637 -0.549399842648496 -0.0434831733607776 0.353592320455423
0.202319300149186 -0.699401537124305 -0.107252905575168 0.316093751691197
0.166259238982537 -0.534086029423046 -0.382974535801031 0.38441773730923
0.157789601609376 -0.387111974227026 -0.102795565953439 0.175199640468862
0.186107791714554 -0.447825235704869 -0.0769179671277665 -0.103216610318974
0.0841685728534805 -0.537270736126289 -0.184546936035042 -0.240364693566602
-0.183826024282032 -0.533129012028705 -0.328714198277012 -0.275931151925955
-0.393390750642805 -0.395745078980989 -0.472830988912193 -0.183079918433473
-0.526410937846791 -0.246350035275504 -0.484819157790376 -0.0632408574383891
-0.47278587072833 -0.137257743600477 -0.459405266197743 -0.0413047492418508
-0.47076177300874 -0.121471648183627 -0.373011877764853 -0.076333912407515
-0.366818306168005 -0.238896445656586 -0.248165077515966 -0.0949445910748142
-0.228814913427622 -0.269597065322943 -0.0231115070511008 -0.0895797898229962
-0.11441891625897 -0.281712137950232 0.134103538882118 0.107594873290147
-0.108918661693389 -0.298110884597986 0.0784070910800421 0.312960444916712
-0.020227774727664 -0.393241413457827 -0.102746434075702 0.456028917124634
0.125794722773556 -0.552320758548549 -0.169519802074159 0.495956343289253
0.0230857896455904 -0.272159289141994 -0.428918943981973 0.464628973158946
0.0244320416022737 -0.151577765976832 -0.187836600756924 0.25781887689079
0.105826856487718 -0.177793790900427 -0.100637407069281 -0.0388291972461104
0.0772385782920924 -0.251899183755203 -0.145266688085249 -0.243769081133872
-0.0640441616822399 -0.289830342332389 -0.361648526403892 -0.373652950356443
-0.198102902179995 -0.231950181333753 -0.581602239404563 -0.275717186017938
-0.280202806997064 -0.170785629353648 -0.637147316097852 -0.126511298224116
-0.255224336833513 -0.115367267604623 -0.588728757188965 -0.0867114750021846
-0.243018990214077 -0.116845317435202 -0.467925251048552 -0.141881045130849
-0.160077738839431 -0.175837357325103 -0.27577064787945 -0.17020581650631
-0.0573125640350809 -0.164547431760692 0.00383079276663793 -0.126714478674195
0.000135308503832348 -0.113749449042051 0.136277037803223 0.149114384736213
-0.0527976325695526 -0.114889021035514 -0.00205753879440664 0.370234010489357
-0.0463248011413779 -0.212655230590068 -0.168606881339777 0.485958550483268
0.0462450022894058 -0.33363789771279 -0.206866157824106 0.610289819671792
0.125494802925519 0.0124485787438423 0.150878061195952 -0.675660529605738
0.113019975621217 -0.0317133090633235 0.182129555456891 -0.521197153005186
0.0493509716126232 -0.0825633250340103 0.0687622970273761 -0.409806181986933
-0.0477150826347371 -0.0688801829055089 -0.160603885185303 -0.226024859697454
-0.0796738404415997 -0.00970207748828892 -0.0801923535249664 0.153368451323392
-0.0457929678957842 0.0313233991627782 0.253781862168716 0.277724225877735
-0.026308611979497 0.0724881247506117 0.501150551791239 0.2060397600672
-0.00955225194844312 0.0696501253590767 0.613301332316474 0.132327835597743
-0.0179576769291388 0.0676548528800186 0.661984712036045 0.14530405350799
-0.0300997988600476 0.0537066267832427 0.604572945102556 0.253957075758867
-0.0728792346904771 0.0346104202818369 0.425118559006683 0.360392530374859
-0.1220989805093 -0.0460159612361349 0.171174449244111 0.250995809478981
-0.0459962271682476 -0.123192495792023 0.107997970516996 0.0414469420564934
0.044564707963974 -0.0851267141767713 0.205547686743666 -0.201886527443889
0.0476130705446098 -0.00179365017252862 0.440211142866314 -0.433573993223567
0.190250050451341 -0.294388166397104 0.12582674136676 -0.591844058842512
0.118503957805457 -0.266602393170797 0.221788200734691 -0.431389379468004
0.0133001926463057 -0.276410664246696 0.141947705451629 -0.368889716235901
-0.0873058085731406 -0.229385280365221 -0.136588092941042 -0.2497992627272
-0.167875729666244 -0.163283910195778 -0.115430265114035 0.137968034979539
-0.215831913104636 -0.100297868195019 0.197511652366493 0.305938349490077
-0.268399391634651 -0.00523295937566097 0.455875753005225 0.243667645097252
-0.254396125180651 0.0227649480325088 0.560877046780116 0.141041741618078
-0.297073902099704 0.0129328212940216 0.609076361360754 0.117168569387194
-0.284742631842878 -0.0885563753002991 0.553251133824427 0.211984505101982
-0.260771705036266 -0.170083900933423 0.396835912633881 0.314377446169336
-0.204330038351542 -0.318710337946623 0.158929840949669 0.213510424134999
-0.0443305378272392 -0.386329790543246 0.0996990810785424 0.00920160447964349
0.14334268486974 -0.326464377098651 0.167166364373157 -0.207363908806603
0.187311581702388 -0.272322462936445 0.362860397122215 -0.422275471400488
0.25334930180669 -0.568741576504602 0.0643136409853768 -0.427405430416049
0.146443799816334 -0.493546998571903 0.241123067177899 -0.316675826136753
0.00651393616209645 -0.479132329856201 0.173601226554618 -0.332743619630354
-0.104505850606136 -0.413029451940317 -0.137562680330502 -0.257899487960187
-0.238578159518183 -0.339731396513748 -0.153308054076152 0.113978275032548
-0.365729384233685 -0.249660825831889 0.110359426873559 0.29752436492872
-0.481545739508851 -0.101499009318258 0.345009185282693 0.245783720944209
-0.463770533189031 -0.0284704454813978 0.422118126400804 0.130291514314164
-0.529369903460895 -0.0181905858771883 0.462959737216612 0.0792546937071674
-0.505467323049337 -0.172930407110431 0.424293455372008 0.150154364787397
-0.44397535155176 -0.29680226363413 0.322672142172139 0.234531857899628
-0.326771333172916 -0.506019466228426 0.142737551720305 0.168467540816781
-0.107244671229565 -0.582206254741047 0.0928641292808703 0.0152460505479981
0.165553435682509 -0.531738288019166 0.103417676360829 -0.133355461493184
0.267245062114877 -0.513402529044203 0.23782768831439 -0.318133785821606
0.29425406817441 -0.751238041421467 -0.0298540470605559 -0.206398054371049
0.186479084299972 -0.649334732586827 0.225959601098718 -0.184637936387877
0.0442477305782055 -0.641063414211355 0.156144358903506 -0.30299236498055
-0.081266042834409 -0.595749726050999 -0.166673151030887 -0.259772126616034
-0.289271164951111 -0.518003232640342 -0.20111031052933 0.0694841721868833
-0.481419452286919 -0.386996689182604 -0.00805694974861361 0.241076782664119
-0.637777931108534 -0.191654871759905 0.174746267437964 0.204814403682848
-0.605126401450352 -0.0710726231730291 0.218569941155885 0.103107842801823
-0.672177413885924 -0.0336486006208104 0.251052523826835 0.0471206708866564
-0.639884643429227 -0.211372216038709 0.235460171525187 0.0936693426316115
-0.554753742121527 -0.349367737281916 0.20813844828387 0.146314244106468
-0.412285210791206 -0.575696075922866 0.12257424857649 0.12643357059943
-0.180710350353532 -0.66208807639216 0.096844856964826 0.0581047675516515
0.123666927561886 -0.644731538613305 0.0476751033833667 0.0108537144456186
0.27724819154759 -0.681589446959652 0.102954067770211 -0.135255031584566
0.294325567054664 -0.802197995671629 -0.147844530042358 0.0316219988455392
0.216308424489977 -0.670509687049793 0.157028068761473 -0.0519582602617119
0.116640234560535 -0.697510685302374 0.0852928195997156 -0.258479215262327
-0.0202659862907514 -0.713006780847565 -0.202212099444348 -0.251589661544826
-0.300679381155161 -0.646675094202074 -0.2507112020289 -0.0122425383533832
-0.539812269256838 -0.475637340936058 -0.155592953271166 0.128793747636596
-0.708963566706109 -0.249767416547782 -0.0392797024253545 0.127333118514328
-0.656559394889518 -0.102912315401267 -0.019751041470324 0.0631193814016242
-0.704489446400432 -0.0540066222170831 0.014361288739773 0.0196261326229855
-0.652750991481916 -0.229271078116423 0.0301183907382106 0.0445205811896807
-0.541165347741246 -0.351235459897506 0.0845334697175566 0.0607920555051914
-0.390118048908935 -0.537772890742812 0.111315877961094 0.0941303588887922
-0.208828318142344 -0.613159218478274 0.111030475288923 0.129525553114613
0.0588069293172471 -0.641655042945612 0.00559524441507538 0.188161717780899
0.236464732966744 -0.742269184878189 -0.0117474952938861 0.0912064623395568
0.244570772382335 -0.716821051494986 -0.269088113071775 0.238487504421528
0.212825421887587 -0.56837014274372 0.0335614068389146 0.0701656998272777
0.178213669552656 -0.625383239570592 -0.00869478550520285 -0.183469321043058
0.0418108631695436 -0.699074525039696 -0.211431497984524 -0.237705684627443
-0.265511811943208 -0.655170135447511 -0.293481424955217 -0.132413699895686
-0.511641484578605 -0.472479223980422 -0.316402022093133 -0.0214562376167231
-0.669140315529402 -0.260476839078309 -0.269250284965276 0.0316104636237347
-0.6064021574498 -0.122141729884797 -0.256126940440933 0.0171726672786006
-0.624451023447026 -0.0812496996539007 -0.20313572149116 -0.0149204749374805
-0.547154599043329 -0.237611117467911 -0.141735503132316 -0.0127825155655147
-0.411559827564656 -0.32481973250442 -0.0019337061809893 -0.0199010275037327
-0.2679299012763 -0.424877189950448 0.116880878582811 0.0819596385312782
-0.1751976907125 -0.46870875806588 0.113677972905562 0.217669139637924
0.00405510404872283 -0.540281087517242 -0.034820477936488 0.347363297555277
0.174821103664332 -0.690859232790501 -0.0958812962150687 0.310358993226925
0.145824884727235 -0.526824906391422 -0.365350591452419 0.387307556070519
0.146341049899401 -0.384484700734118 -0.0984093045882583 0.178370525097635
0.171456702757365 -0.439124201571156 -0.0781442471437173 -0.0966269540989853
0.0699032951920752 -0.531244698971746 -0.187827586479621 -0.23058500541212
-0.188334115556763 -0.520552340421547 -0.327832995657415 -0.260999623148314
-0.392662556160648 -0.377319530429652 -0.463744185059401 -0.163496914322318
-0.516063591157532 -0.222637482170172 -0.47735495758227 -0.0551634930775187
-0.464177793936064 -0.123185842781506 -0.451372048611461 -0.0287333545248586
-0.456782462758441 -0.104375114678373 -0.366934260118417 -0.0652702075946159
-0.365420495073099 -0.22277684065351 -0.244190406385715 -0.0847139727986087
-0.227860764761057 -0.25916449427332 -0.0258699226702208 -0.0869003600113292
-0.117416650901163 -0.270092393265936 0.133134203347739 0.0996233127875839
-0.115360541346723 -0.285012229260945 0.0780201419329473 0.304278971721704
-0.0317822701434405 -0.386057139225714 -0.0912962483761669 0.447962367559558
0.104810457280961 -0.546430722244845 -0.150019358182114 0.486001773817693
0.0149071371956865 -0.267238720102877 -0.407467652855946 0.465000470089538
0.0221494339793445 -0.150943096923154 -0.179986742791749 0.260433215065622
0.0994453212934559 -0.174118430984737 -0.098341918779997 -0.032121182390687
0.069319533836899 -0.249494105016347 -0.147307349154725 -0.235633778457773
-0.0677319448567261 -0.285038105653332 -0.360964367562597 -0.354472000668309
-0.197786504208653 -0.222270712519357 -0.57364452083685 -0.253880560659448
-0.278111973775707 -0.156611465092641 -0.622679805682028 -0.110606750258728
-0.251320590625483 -0.107126086879893 -0.579177150659904 -0.0714138522031635
-0.23556405565156 -0.107330704271916 -0.45904829608721 -0.129310005609195
-0.160471309745764 -0.165832502042253 -0.270683938482386 -0.158980603747402
-0.0591432661657962 -0.159102425789686 0.00246037234843132 -0.123611006284859
-0.00226813627644767 -0.109811297436026 0.136742580845064 0.141351540328936
-0.0559075820592431 -0.109928346521734 0.00197633962335051 0.363848906461695
-0.0519160708855882 -0.20873637724765 -0.154340715507432 0.47760380241032
0.0338672570343135 -0.329091081541606 -0.183916557572531 0.600149564762472
0.123584041346682 0.0127026981211132 0.139263267885596 -0.674684255671628
0.109685627862339 -0.0316534554390448 0.176566647268323 -0.519376299114354
0.048036703596783 -0.0845043773485889 0.0656938941819248 -0.412439256027189
-0.0465734623304215 -0.0681035252387291 -0.166703933269418 -0.225626038119577
-0.0822100306429308 -0.00831767276355088 -0.0816467754650471 0.153505077223767
-0.0485360847030609 0.031045273897486 0.253736942624014 0.270959521095405
-0.0235792198082682 0.0717487032305775 0.498615535918705 0.199027029179654
-0.00854744002195736 0.0695806046639759 0.613212217891037 0.127407062490775
-0.0172583153267345 0.0668387535203878 0.65953560163126 0.138013229161748
-0.0293181970902826 0.0532558971106631 0.603127573482383 0.2474603126198
-0.0716180422876267 0.0349881362039921 0.427497966562672 0.353398487872362
-0.120889047191295 -0.0431500131057012 0.170178967702782 0.248237408083883
-0.0472445473896597 -0.122295045380747 0.108311278258883 0.0373183321186611
0.0437496882200993 -0.0846961056103901 0.2038230899948 -0.207781933675154
0.0476524072082246 0.000774383034498106 0.430039867913764 -0.437939891973851
0.179677013376687 -0.292995091293405 0.117220737033783 -0.588572204531219
0.111063345370237 -0.265632089857714 0.217245228690687 -0.42909244516958
0.0077596063188824 -0.275024757962961 0.137978824224478 -0.370645167256797
-0.0902363830008682 -0.22806538051347 -0.142833031115279 -0.248463896313485
-0.17040741551948 -0.161267612513216 -0.117187910599236 0.13800770607683
-0.219721459873235 -0.097030494350399 0.197691325480472 0.300639472712962
-0.263905112164091 -0.00143037778343873 0.451819927125777 0.236266295617783
-0.252989732860051 0.026533588397709 0.561286907722641 0.139749504512447
-0.294832316557168 0.016347497976347 0.6056540022613 0.112678605850402
-0.285821783210386 -0.0846075285784954 0.551619243364221 0.205797548858788
-0.261548211766516 -0.167665652874424 0.397617249085863 0.308933248870841
-0.206696291893003 -0.314438893372671 0.156774216019726 0.211242718370321
-0.0486396843112264 -0.383346359638449 0.0973048031422524 0.00572308795734364
0.139154556733169 -0.327571719689362 0.166029014388545 -0.211625315595549
0.181608234109828 -0.27119487214652 0.353073457726425 -0.42524105467769
0.237701859808127 -0.567747823687507 0.0590272809927591 -0.423487547138795
0.137346573492042 -0.494996153135916 0.238563815622559 -0.313724750415417
-0.00275123347477076 -0.4767586210615 0.16974783650694 -0.332902086965405
-0.110699147129765 -0.410641256103243 -0.144417290865806 -0.255959400974016
-0.242112878262786 -0.33618077293809 -0.155922615067961 0.114938601721467
-0.370492383698828 -0.243886248822077 0.112175499778552 0.295161461752215
-0.47615469380809 -0.0932535699410448 0.340143129886112 0.237988812972656
-0.462026467432546 -0.0204950879558814 0.422317657297263 0.129934788290917
-0.524476023334099 -0.0110951372803998 0.458685646411135 0.0765037414089963
-0.508453282027492 -0.164747824918287 0.421308093650363 0.146739789151205
-0.445342405182909 -0.292355817561523 0.322312898076434 0.23053588055708
-0.33223502269396 -0.499010304906355 0.140076409529197 0.166723105615886
-0.111707853506655 -0.578877406709562 0.0874063227352916 0.0123313093625128
0.156170784665776 -0.532101459572657 0.102927999606456 -0.13470668533155
0.256100937538098 -0.513398276585237 0.229933263250536 -0.320169394313017
0.274408198845461 -0.751395762410383 -0.0314548078022933 -0.200854046960359
0.173786965626847 -0.649953309252201 0.224898905299608 -0.181551947492992
0.0332050124742116 -0.636426805476711 0.152098073304237 -0.303618480226983
-0.0913070270080339 -0.593234648021838 -0.173327412956509 -0.256625390954549
-0.292856339559634 -0.515822744584022 -0.203775608423838 0.0720601245134134
-0.487348965006379 -0.378175863505087 -0.00508197351436089 0.240923302843585
-0.632790750911116 -0.178130179887481 0.170078790441505 0.198343388436645
-0.602931870455171 -0.0624541570872777 0.218583075566638 0.104005010746677
-0.666378577231054 -0.0259300328836052 0.24760966779091 0.0464057979599094
-0.640719952672107 -0.201864242106047 0.233020472929966 0.0933397611559452
-0.55734182327171 -0.34403644141214 0.205618978154145 0.144611805357249
-0.41646434574013 -0.566686517984026 0.119284359642624 0.124092912983916
-0.189352469588872 -0.6559276806532 0.0906375498313889 0.0560655092589178
0.11237180983964 -0.647683786293203 0.0472586076163549 0.0101852736279698
0.262533933848443 -0.682881807503428 0.0992807771035824 -0.136224073972501
0.273708522932754 -0.800926020482899 -0.146066553010351 0.0381287514131586
0.206207536428988 -0.675869413307473 0.157138160476383 -0.0481852884669941
0.107231005045751 -0.693094959643708 0.0826216163214081 -0.258261351362909
-0.0334979350352747 -0.711468444114096 -0.207417443598453 -0.246433173752481
-0.305967807467956 -0.644909108334824 -0.253294126455265 -0.00862906757112385
-0.545055184621649 -0.465828327542804 -0.152700964618356 0.132531492517613
-0.702017094722262 -0.233008940009767 -0.0437983756492221 0.122575230589932
-0.653958209870896 -0.0943652213810538 -0.020223046364312 0.0665515150167233
-0.696543998797341 -0.044613906739672 0.0120466551330533 0.0214917889545505
-0.65410822977878 -0.218995404363448 0.0288536136198495 0.0464777244438406
-0.54254347293804 -0.346543352063119 0.0817601447596499 0.0612066416537459
-0.395184414394634 -0.52853635926578 0.107367949800508 0.0916634241949962
-0.215796256111776 -0.605657942102721 0.104816303362859 0.12780544125425
0.0471260257646582 -0.641971497036603 0.00697081119510508 0.188567274468233
0.221243279478049 -0.745101679117255 -0.0113064268919077 0.0901545342746901
0.227167674043017 -0.71448308115565 -0.263552669928634 0.245491701247416
0.20641976879008 -0.572638434509796 0.0345408296848807 0.0752101552576843
0.170173659276223 -0.622902823952466 -0.0109810109291514 -0.180267339162305
0.0322084368587815 -0.698789253269939 -0.216979939590255 -0.233131565212343
-0.272467233227377 -0.654940597695814 -0.295566484529534 -0.127922799557198
-0.515387044609957 -0.464664126717689 -0.313289105206671 -0.0146957112378454
-0.66448748100788 -0.24517941185591 -0.271467492988051 0.0308431576103176
-0.604822646704301 -0.113210477361489 -0.256819727136164 0.0226550021055028
-0.618215620294824 -0.0744437594225955 -0.203466359889389 -0.0113626711108641
-0.547811686811739 -0.227622153061168 -0.141630289579112 -0.00870900691412552
-0.412365882008899 -0.31985429874619 -0.00459412096267666 -0.0189787928476723
-0.270238329830406 -0.417469946460797 0.114743404468896 0.0791652383063337
-0.181788053830135 -0.461237323029786 0.109439184085335 0.217404480066574
-0.0059360214027263 -0.541086250020602 -0.0320861601163405 0.347539070978798
0.158920817630274 -0.692425869295475 -0.0902634601141529 0.309964968141657
0.13537119071974 -0.526546267756487 -0.358167488369922 0.393389681993565
0.142165325557465 -0.387730589398872 -0.0963433792080546 0.185049900090431
0.166430564670853 -0.43791173367062 -0.0796741423402262 -0.0921261423685249
0.062532398944658 -0.531491145655346 -0.19053686380845 -0.22681958778343
-0.193362002765123 -0.521738850758139 -0.331021336317631 -0.256906005224321
-0.395908702211697 -0.371285044761269 -0.462313255837376 -0.156155080188571
-0.515348022727914 -0.212292196025217 -0.476098094737427 -0.05268235604012
-0.463207448422111 -0.115496179093959 -0.453370445858545 -0.0239459031014136
-0.451024841766854 -0.0993400009497025 -0.365796330340647 -0.061976567862091
-0.367056991960387 -0.214730352939005 -0.242182937924407 -0.0800880757188481
-0.228049417160166 -0.255681290838151 -0.0268353109082299 -0.0857610230372989
-0.119626118235984 -0.264914927570164 0.132510687643207 0.0967451482831094
-0.119529038565159 -0.279437297686714 0.0762434647457528 0.305036764934425
-0.0403550226323668 -0.38634541000922 -0.0863530068159086 0.448387152974733
0.0919430434615847 -0.548683802984023 -0.142133364480145 0.485805689459795
0.010976330125619 -0.267697222415228 -0.39843818516542 0.470453742781158
0.0218474377390927 -0.153408909917241 -0.176102495768551 0.268124461968691
0.0981540131312331 -0.174481427200499 -0.0979678297838836 -0.0270741031309031
0.0670343532115767 -0.250268063918382 -0.14920353846627 -0.233446561687759
-0.0706435664951316 -0.287635988211705 -0.363423513067788 -0.351970576778046
-0.198095763977645 -0.219802755084698 -0.572040971466351 -0.245794365585949
-0.279171396911534 -0.149891255567337 -0.620876871078195 -0.104778745781245
-0.251805341732216 -0.102818449731893 -0.578258127824436 -0.065403023575983
-0.233275438655125 -0.103959966366839 -0.458636857683402 -0.124948693726755
-0.161243058849258 -0.161288217419491 -0.267941319514043 -0.154170813316713
-0.0601253379265208 -0.157411518207199 0.00232829264696669 -0.12358762779953
-0.0039520090189774 -0.107905380867855 0.138806036202104 0.138635210242669
-0.0588775335922461 -0.107643827939398 0.00224095194167538 0.366135616062083
-0.0570336095060649 -0.209066208430152 -0.149960251249554 0.476862449685362
0.0267042062280719 -0.331052532322508 -0.173193411374802 0.596326037867649
0.125315819763394 0.0127987124436689 0.125887883857219 -0.688977266126562
0.109712150721825 -0.0320788913140832 0.171447986395175 -0.532415498604508
0.0465321324487642 -0.0886878253165734 0.0601718093775235 -0.425454294371727
-0.0480138335915615 -0.0701305117295479 -0.178240065676423 -0.228271521987283
-0.0859396987367762 -0.00608715306419858 -0.0829422808558024 0.15822966075331
-0.0520897094988875 0.0329005841947117 0.2607772761028 0.269650546146725
-0.0209977482977884 0.0728579834598081 0.509951049298249 0.195465319404852
-0.00687652271420956 0.0714421376572237 0.630185062696362 0.123460791888185
-0.0169690028245272 0.0689052177794041 0.675102557079462 0.131301287050886
-0.0279799524200589 0.0542381730392609 0.617853896953717 0.2420139802372
-0.071797678118028 0.0372453815672125 0.441704963989498 0.353907412636888
-0.122993247342771 -0.040934876231142 0.176106290004785 0.251057490053376
-0.0505656783543581 -0.124475178714252 0.110997952760771 0.0327905134131301
0.0430506070749333 -0.0862444170531793 0.205232375617962 -0.220970410951994
0.0508487294163407 0.00310917566225767 0.425914464209816 -0.454454386876983
0.174249505585291 -0.299816488519492 0.105210682395949 -0.6009455874714
0.105065206258852 -0.2713042143341 0.214243626875226 -0.440563977777737
0.000940229814283156 -0.280527708124457 0.135784017270775 -0.383663671172866
-0.0951349613127625 -0.231961613417061 -0.155245826382452 -0.253064608249162
-0.177132909735198 -0.162189729485074 -0.120884796807308 0.1433844946555
-0.229714292590338 -0.0939726317300885 0.205175561497123 0.301913947512496
-0.265417743068852 0.00393109618204103 0.45935180398493 0.234604705561456
-0.257179889869597 0.0321748752767455 0.576588693361264 0.137232934230483
-0.300456369468993 0.0214043577500213 0.617736315222989 0.10592945217436
-0.293850301522101 -0.0805393431778158 0.565624853237072 0.201809219906742
-0.269795197003571 -0.166933753799535 0.409604921584874 0.308864902818317
-0.216153647024928 -0.31698960165722 0.160612743886595 0.214094229814308
-0.0561963451789915 -0.389823338341001 0.0972582336902891 0.00132513415649181
0.136104322710102 -0.337723084097894 0.167185892270152 -0.222778644374171
0.179864825135354 -0.2784701225411 0.348132496010627 -0.440337299680554
0.225395966183729 -0.580384498292267 0.050160703417708 -0.429737106987771
0.125551521867476 -0.505971907806934 0.239932822762749 -0.323053863210263
-0.0144307350121034 -0.48498161302172 0.168191289688824 -0.346048779750337
-0.121843336510338 -0.41756926313567 -0.155877220535893 -0.260678235492974
-0.253535601823754 -0.339822942942182 -0.160852392695569 0.120919135622859
-0.385527481011836 -0.24021806852347 0.118273218575135 0.298199943857144
-0.482611642553251 -0.0836621410226806 0.343117135051246 0.236608468052177
-0.472291055960577 -0.0122095271199752 0.435501128400167 0.129656292042501
-0.533656765267928 -0.000783266087072437 0.468061933806532 0.0718880395038734
-0.523345022996432 -0.158391047424685 0.430896863619725 0.143647217927585
-0.460133474718671 -0.291713345207787 0.330774454968999 0.231246967496587
-0.347852057000523 -0.503092224838634 0.141682666905148 0.168736671400478
-0.124911349348224 -0.588500157764695 0.0851399044232883 0.00993409069031762
0.150495990705891 -0.549663960973423 0.103019518773007 -0.142728386563978
0.248608148842883 -0.529163700659441 0.225104295016068 -0.331794105354888
0.258054480959827 -0.766138115378028 -0.0350252103412197 -0.20079360514909
0.163382347963693 -0.667713177241306 0.228964900667482 -0.185893538721317
0.019524144204654 -0.647667232944279 0.150796831155134 -0.313047282286739
-0.108696167564383 -0.60331010257284 -0.184894119023546 -0.258499794455978
-0.309300774923076 -0.523988039014822 -0.210575906921561 0.0786706139314519
-0.507111930697643 -0.375431420800608 -0.000904919730773942 0.247674103634935
-0.642581334911584 -0.166541762171847 0.168200004546365 0.196929098718074
-0.616940660452633 -0.0486300089148691 0.226075096799519 0.106479453014193
-0.675658357117447 -0.0157183005823288 0.251114748244311 0.0459350312910917
-0.660378325170459 -0.193397471019278 0.238052853460408 0.0930002785083591
-0.574406787385425 -0.341532191791003 0.210703174249199 0.146125124767363
-0.434833422482159 -0.572029472640135 0.119558648826942 0.125182243240889
-0.205866525252706 -0.662998113725364 0.0878318567432358 0.0554434543096362
0.100307736665186 -0.666225345262676 0.0484407045648894 0.00855805903262875
0.249567011621993 -0.701839867417512 0.0964838177387221 -0.141022899913072
0.255744793412297 -0.818734093225626 -0.14529035876218 0.0458999898998875
0.195299196328519 -0.69422196494877 0.163089986051107 -0.0476581154588281
0.0950772493962485 -0.708540646367803 0.0794205822455273 -0.262583607741589
-0.0511877283301557 -0.727280777844551 -0.219147111225655 -0.24666817549538
-0.325945640609612 -0.655711799109194 -0.262035269764151 -0.00253586178578977
-0.567259815762232 -0.465208874277954 -0.152216103729284 0.140358645209023
-0.715987383720237 -0.219843149543383 -0.0500664312496025 0.123090813559891
-0.670532008429305 -0.081444082573162 -0.019614823531643 0.0717326704830403
-0.707326034271145 -0.0344570263118276 0.0105182317957894 0.0242164091105287
-0.673599836696437 -0.207929503297594 0.0301991125287249 0.049421972052589
-0.560271429132577 -0.345852821599319 0.0824835872660526 0.0625731734814205
-0.412550907128794 -0.530842754004825 0.107066664297906 0.0913796272198375
-0.231554284566583 -0.61212826353762 0.103330409840899 0.129737577421335
0.0331853881787362 -0.658671862012506 0.0110467505080177 0.192698551986185
0.20407350468813 -0.764652035222611 -0.0107384796309011 0.0925396383105748
0.211059097980949 -0.73003209066574 -0.260162469333545 0.259454054780316
0.198795233945711 -0.590393003398225 0.0401645943982137 0.0816188308907477
0.162177239906597 -0.636500075602262 -0.0147318425679284 -0.181175666728856
0.0185660712883141 -0.714838633113812 -0.228082763766282 -0.232892592013062
-0.292183575673909 -0.669168551655176 -0.306664288953909 -0.12331787786283
-0.537164659388656 -0.46437317779097 -0.317708757378834 -0.00639333351770952
-0.680132514440022 -0.232891544884375 -0.282326178215169 0.0329263899981885
-0.619568517339032 -0.10231757042511 -0.261795834617081 0.0295860764514799
-0.626666073138164 -0.0655161479075582 -0.209343158190862 -0.00696921018278302
-0.56273791150163 -0.220396917318628 -0.144177119918957 -0.00521025543856173
-0.424596170547324 -0.320968274883778 -0.00690087039200719 -0.0181542987164085
-0.282702875751154 -0.41980657924742 0.115635232782359 0.0777031137317873
-0.194718669353852 -0.462451367916104 0.110218971307118 0.222108628549504
-0.0195509831414917 -0.552966837616702 -0.0259724795104711 0.356752995690043
0.14184160528052 -0.71091404120318 -0.0858543252330251 0.316810610331718
0.124433505672667 -0.538735523294025 -0.355003043962478 0.410853094089483
0.138048369067836 -0.40129556838331 -0.092232510974986 0.196980258833343
0.162455664397982 -0.449682339288885 -0.082039094061411 -0.0876170379627372
0.0543214628504995 -0.54548264292046 -0.20005415886074 -0.227158422691849
-0.208423772171258 -0.534353458378692 -0.343830742698392 -0.253969985703317
-0.411930335674662 -0.373650484277178 -0.472363114119521 -0.148345088741206
-0.527268642018423 -0.202682634771317 -0.49036816890247 -0.0473070541561794
-0.474848492027675 -0.107444325364849 -0.463719499447695 -0.0153716714674154
-0.4591277880291 -0.0937737654403313 -0.374762216520227 -0.0564186911952932
-0.376332251326005 -0.210805067707541 -0.247479213026105 -0.0770770009870342
-0.236071178118277 -0.258284025209028 -0.0290129683529855 -0.0866346197703572
-0.125615408204412 -0.266355983016415 0.13600234329304 0.0949737770091715
-0.128348179665425 -0.280002013736332 0.0797640669463567 0.3133120588781
-0.0523743894406679 -0.394946888653896 -0.0797081266537593 0.460361409138408
0.0775027712241582 -0.561249887654841 -0.134664447378793 0.495888562846137
0.00430964089061498 -0.274159472636089 -0.396592557309892 0.488500197438287
0.0189771273971715 -0.159019549807848 -0.173052403986068 0.282952629532201
0.0990847614738808 -0.180691136210091 -0.0992905181790781 -0.02113931260726
0.0655020124066733 -0.257807944544101 -0.156425088520071 -0.23663451938155
-0.078915318824491 -0.295947937777231 -0.378983394681336 -0.352113498841238
-0.206262887510193 -0.222418532119489 -0.586416792523495 -0.239894379755684
-0.286169391918373 -0.143641717425479 -0.635082360434625 -0.0982608501302063
-0.259889889122593 -0.100125471260029 -0.593937112354681 -0.0570346409770367
-0.237054812217267 -0.102192893062669 -0.470083830368744 -0.12066592507546
-0.166654843076694 -0.160345820335768 -0.273657808574275 -0.153400368742488
-0.0629321117775698 -0.159286251493102 0.00166466546982607 -0.12669705732576
-0.00543943997977508 -0.108230869726105 0.145276232063971 0.138622376319478
-0.0641119191695372 -0.107566013922278 0.00648254960339095 0.377874693156348
-0.0652183891963652 -0.213059627973983 -0.144623510382999 0.489870910038109
0.0174027496692548 -0.34016622987644 -0.16274324159123 0.610702779299736
0.117300841072309 -0.00759770902050374 0.0705582311798636 -0.703814474392883
0.0975851482231787 -0.0509693906500436 0.129129372387579 -0.550967068260398
0.029664361677988 -0.100522840181997 0.0278009401206548 -0.438670919654769
-0.0623419279033726 -0.067462476280395 -0.200833137546354 -0.219531178860327
-0.0876844644362481 0.00847545918633934 -0.0717128052584189 0.16409390563633
-0.0456071381615541 0.0388322538206556 0.286902731753109 0.246864764692457
-0.00690096248448085 0.0750864464443844 0.536573714873216 0.143313021777452
0.00388363503305871 0.0701891694836866 0.662457004584223 0.0627194271429619
-0.00829974471973467 0.0725640733590949 0.717104052101752 0.0736531061010023
-0.0260802967414259 0.0618382439373368 0.672412297904406 0.193829386695375
-0.0732982719463035 0.0502781494079537 0.498284677843555 0.326048800210003
-0.134841895113075 -0.025005348922816 0.212909038087772 0.247950598146369
-0.0668822589175466 -0.120262346214622 0.122855865290579 0.025460622440273
0.0385706721307082 -0.0871115143159869 0.189758629966273 -0.25497494003746
0.0612371900622059 0.00679611980194148 0.403067372208179 -0.508508289668315
0.121923229157188 -0.323472309767141 0.0794817216577868 -0.607474263170593
0.0621764851133038 -0.290260991271417 0.197553448956338 -0.46023481480836
-0.0422653688969897 -0.286420265862708 0.127185907369437 -0.404553396916541
-0.134186542265483 -0.222583891826071 -0.164620113594859 -0.24748281283742
-0.198768251487852 -0.13879516468241 -0.101907894413173 0.146003022518052
-0.238822372064271 -0.0681354246386551 0.240145660449295 0.275957479109434
-0.264646686657848 0.0382888151024427 0.502206781462193 0.179400974386339
-0.252495113822859 0.0556678670599782 0.605252592942695 0.0785503983628023
-0.30103264883311 0.0601403300598593 0.655777703448716 0.0523638304520376
-0.314211764957969 -0.0438117323600281 0.618399382036665 0.158259682416442
-0.297315157864413 -0.134367916123365 0.465610503361111 0.283214192057876
-0.264163636530691 -0.29475624664425 0.200929329505193 0.217393051829251
-0.10327785800872 -0.391326870211895 0.105811624231566 0.00621356120643047
0.107871337543634 -0.361722395304571 0.136410710093457 -0.242437968319808
0.167564070209615 -0.302435605577558 0.304505829005618 -0.478656951705914
0.134522643140461 -0.607595954657516 0.0590918322375582 -0.423372234047908
0.0549138766008733 -0.529104501063827 0.249716991509059 -0.33848602005834
-0.0862772226197235 -0.489344658809901 0.182586808441212 -0.366174800980384
-0.189101370652083 -0.404806339726341 -0.149585919582818 -0.253769908488683
-0.297797898976451 -0.310847580028141 -0.133946269440074 0.122652672693966
-0.413745528311019 -0.198520222008971 0.160834445520243 0.274203354158885
-0.497181512753331 -0.0206012094054175 0.396132301438907 0.186414428383602
-0.474177650519721 0.0347108598825917 0.458228046175516 0.0831022129559316
-0.539426829848368 0.0648320491355191 0.494668085395602 0.0314610460978018
-0.55561120920778 -0.0949575637557905 0.477113562828995 0.110144137745629
-0.504322760486156 -0.239284168060877 0.381972470554955 0.209872033016037
-0.420859266242976 -0.467856326098193 0.182949940188477 0.175060226206916
-0.197037367058419 -0.586034058574609 0.0974940580243955 0.0259934071646556
0.0962898058360822 -0.587180574689166 0.0691108628840404 -0.138313354396118
0.211750892121442 -0.576959986338883 0.170710854534581 -0.344620425230326
0.144386278443243 -0.796533499089522 0.00449657367719658 -0.176989799060906
0.0734481173056222 -0.696607831995806 0.26324745698031 -0.194389451782255
-0.0742562067547158 -0.659160299266642 0.182184043986728 -0.326220289594557
-0.201504319399316 -0.595941391928537 -0.164439358383947 -0.244677874053956
-0.379249772782174 -0.489005703743358 -0.17572030254117 0.0801888900020973
-0.551922050251828 -0.321582841373957 0.0437075786104259 0.228471195762246
-0.674180004895098 -0.081360674021739 0.225296557426343 0.159278838803618
-0.625550474874355 0.0114173531085383 0.239358101090637 0.0789384055538333
-0.685676916197758 0.0683986090262028 0.266397673157504 0.0252594126565733
-0.697873831817113 -0.113526242642994 0.273547735900536 0.0737157734299723
-0.624247601415775 -0.277675883694528 0.250086216201422 0.131398030489151
-0.519496965533813 -0.525320690814281 0.159080611691406 0.131335184748903
-0.288292579783836 -0.654738986498911 0.10840041580428 0.0778674885658349
0.0278940577474818 -0.704295531402317 0.0253417645152077 0.036092045795649
0.19034072142611 -0.761351488911586 0.0462729373251908 -0.125473372402381
0.139522285762581 -0.846074890866349 -0.0831752978972409 0.0848653626903601
0.104593158352985 -0.727445556775536 0.209534028607091 -0.0434000610588139
-0.00423594384601719 -0.730218430263712 0.118381377442682 -0.259577620396131
-0.160888742189291 -0.726935385253022 -0.188298665476065 -0.221495374306678
-0.413094846365596 -0.624061416033319 -0.22697731760196 0.00207655977854193
-0.626075200249076 -0.403473053782174 -0.1143323666277 0.131050458068623
-0.757088419026417 -0.126336683072214 0.00115904353086 0.103876975399847
-0.683002247660133 -0.0141453088342093 -0.0174093508430533 0.0676176431107137
-0.719079189550907 0.0525456532231353 0.0126660250850837 0.0261055626947631
-0.711838638739626 -0.131119328777483 0.0505132354367624 0.0478098751907775
-0.608299107906024 -0.285713367781795 0.106223416276008 0.0565445648131039
-0.488283116363774 -0.487849519717125 0.141647128289215 0.094800311035863
-0.310592329731635 -0.594040541168183 0.133105465549141 0.153341049394274
-0.0461977220562167 -0.692565323979421 0.0083396586247933 0.236572304052873
0.130573781537531 -0.826890674496696 -0.0447991446587745 0.131244010153626
0.110745027132242 -0.750068712351851 -0.189638339652453 0.307272661372323
0.124016790675503 -0.61955479840173 0.0892562500831117 0.0991120883998989
0.075777372311033 -0.666373849223671 0.0240407134661767 -0.160735775102275
-0.0890849906017735 -0.725596490630718 -0.19797142364376 -0.200364875934501
-0.383236444096313 -0.64235558417254 -0.281921051607937 -0.115298153568816
-0.600246363370148 -0.407419078622143 -0.296695887630015 -0.00155289451240349
-0.723434294151739 -0.142281783898146 -0.245129495211947 0.037261548431844
-0.636475638230193 -0.0395497557282655 -0.271140374403475 0.0494477421460185
-0.641479832795368 0.009271584754663 -0.219688393382328 0.015632298421226
-0.598696486040154 -0.157649521819378 -0.13884572437416 0.00766263843749145
-0.465261037289395 -0.275233194941184 0.00257779383780271 -0.018615457452753
-0.341946153087065 -0.388699332990298 0.144139810878052 0.0781908062216191
-0.254478316790217 -0.447324621699233 0.146697736214565 0.244357761957025
-0.0929656528129245 -0.578496884815296 -0.00880825526041263 0.410765470019396
0.0674612701567074 -0.762670463966708 -0.0978219967837368 0.371164258490977
0.0518414304733766 -0.545047681386602 -0.287372140278431 0.460938986812365
0.0882248989256364 -0.419471205410954 -0.0477260207855884 0.223880685800381
0.1029725732086 -0.476764362793407 -0.0524224909571629 -0.0603767238539528
-0.0286834620773051 -0.559367117871018 -0.18213875753064 -0.19765486962573
-0.285840774149763 -0.515679541224507 -0.341305399514404 -0.241686255479488
-0.466053898193726 -0.330138590011816 -0.473056918689177 -0.127056445041271
-0.566247292821721 -0.129730754894094 -0.473130969877998 -0.0183465168487701
-0.491668875257252 -0.0596183657307848 -0.481437983563059 0.026090086642281
-0.473677304155585 -0.0404070811728417 -0.397400032992154 -0.0209714974310501
-0.406821195869421 -0.170386158155749 -0.256809835450937 -0.0577226317209627
-0.265459370089033 -0.234583890459911 -0.0311511350986422 -0.0878692631624481
-0.162492127214217 -0.251942266742856 0.161689870007753 0.092008050817214
-0.169866825541264 -0.26819282010972 0.120264341490437 0.337537489167456
-0.109668801569858 -0.411087214819046 -0.0499904702638528 0.518512380846796
0.0131594343162873 -0.601878991450649 -0.124245202204342 0.555284562154297
-0.0282242536368248 -0.266026735317586 -0.344965410596017 0.53289595639825
0.00176230668984343 -0.158768012566489 -0.137408948314151 0.311805489786323
0.074783420866909 -0.19592307883255 -0.0851610565583145 0.00220511518411082
0.026130521698149 -0.27100298104073 -0.161572462610123 -0.217440905695261
-0.128157652454386 -0.291371327518033 -0.402412477102331 -0.328446906827729
-0.243432658547366 -0.198936410396545 -0.608557487894612 -0.199370417506638
-0.315230573012567 -0.103435303569278 -0.63808531667534 -0.0470699436239904
-0.274364137339747 -0.0722340426469209 -0.618981071191921 -0.00238721917084071
-0.252175208375441 -0.075740102578456 -0.503385610371978 -0.0789494723471674
-0.185743753206717 -0.14394237102155 -0.295242727745001 -0.135760973682205
-0.0792685971477725 -0.153068477973732 -0.00525052652179356 -0.131755883244527
-0.0219147639590528 -0.106372771827805 0.1698665194368 0.135641134482025
-0.085806777470093 -0.102276240453318 0.0457803302805461 0.405848326817043
-0.102379025680636 -0.22142080200993 -0.108810813285851 0.545598726983675
-0.0275792426564554 -0.36382841637804 -0.133730901849842 0.667999433487411
0.119440329234577 -0.0137432107865426 0.0197100624935308 -0.717242544079269
0.095699598149754 -0.0553408195772231 0.0935674183200634 -0.569117456626016
0.0224429971156559 -0.104969898172835 -0.00344346154953264 -0.452657933351433
-0.0691635126492463 -0.0663201806776243 -0.222505858780922 -0.209340428874933
-0.0900850534270793 0.0152943232960473 -0.0632685779172518 0.172181173141917
-0.0466326204980141 0.0450759606619781 0.305016194743793 0.22954888157217
-0.0022193963449373 0.0749059392658493 0.554039241775108 0.111165431087304
0.00950560194402622 0.0706927974228841 0.679825319955117 0.0188699816379659
-0.00332609926751478 0.0743058346544661 0.735818030830769 0.0274649284005557
-0.0218532044390947 0.0634933259192925 0.695370335082911 0.153462497081266
-0.0704975491371733 0.0558093194328586 0.528132566035635 0.298301825246164
-0.137394458922124 -0.0157157494226774 0.231318396048742 0.238645321328082
-0.0765646135502122 -0.118874589839694 0.125154632414831 0.0143082332073639
0.0343828558207108 -0.089979472631206 0.173418089792412 -0.277824681297387
0.0659277645934335 0.0039946523163153 0.369313898133307 -0.544381706416614
0.0997544742208933 -0.334022177348946 0.0372733533891276 -0.617884270800707
0.0419257220249986 -0.296596144665945 0.167493012066758 -0.482395707819669
-0.0651799748944743 -0.287909525849117 0.100718532598842 -0.422453765665327
-0.153799311822619 -0.218444408990892 -0.189454408658408 -0.240379807858849
-0.213561414599137 -0.127703716694821 -0.0966042839519429 0.156699685993471
-0.250751077111494 -0.0502855832791601 0.259970874474154 0.263437393617329
-0.264313422451735 0.0559575553181148 0.5183357856216 0.151303898726371
-0.251982353752251 0.0748400472513323 0.626352208535214 0.0396617190951598
-0.301588668376493 0.0824003496448112 0.671044399041326 0.00914330871546296
-0.323417296186922 -0.0225426913385831 0.639586345494118 0.119318750925957
-0.312826848345052 -0.11741085525856 0.495672974682134 0.259375752116312
-0.28953241527523 -0.28181942469426 0.216604140971703 0.209509517967044
-0.130833117156186 -0.391942253001651 0.104364321250839 -0.00348152777705598
0.084418726767752 -0.375882447310549 0.11995249566244 -0.261135275911425
0.148950386982867 -0.319497561148145 0.2698032861027 -0.506898936364847
0.0912575490450355 -0.622377702533939 0.0301687236956676 -0.430214410388239
0.015983688155803 -0.540201866023008 0.23142145924571 -0.363059505095336
-0.123904826370484 -0.491364215483795 0.162406864713943 -0.387277494353895
-0.223537113021378 -0.398939344465491 -0.174623308840329 -0.247862900907259
-0.327187667475509 -0.295985145066598 -0.131497222310869 0.135832997496943
-0.436351793773202 -0.168781982786298 0.181397858492799 0.267180848347916
-0.502091689042296 0.0133848603965466 0.408033461462055 0.167016197790417
-0.478438080480817 0.069823462145909 0.476406336442178 0.0554063940910849
-0.543871863144559 0.103706636165043 0.50429301618122 0.00169441124767204
-0.573660889391122 -0.0572657770377592 0.492703626159944 0.079120903419253
-0.532235219240419 -0.211707336186736 0.402772039884531 0.190405123909082
-0.462158157109083 -0.446285450094559 0.195576082427114 0.167716760544955
-0.240580644086242 -0.58323390812795 0.0951561897494754 0.0190673474449407
0.0553105645142304 -0.605234027918902 0.0590796619234609 -0.149565532828334
0.172139257845941 -0.601210568524037 0.145216367533551 -0.360266606224356
0.0841309900292019 -0.812823159998067 -0.00480610902118502 -0.177024218912841
0.0227305485727048 -0.711870864933217 0.258196885703316 -0.216106380606572
-0.123862449367467 -0.664349186764191 0.166049828825337 -0.345358838866782
-0.251799669544549 -0.588548249485363 -0.187983450322229 -0.23739629597832
-0.422682293304706 -0.474069278605992 -0.176593511270736 0.0975588170111065
-0.587112519134759 -0.285015271720151 0.0614678256903725 0.230343447007718
-0.683494770993238 -0.0361788748102805 0.229949071386102 0.15129963090308
-0.634587031612427 0.0574020675105127 0.251172684818574 0.0653203708250778
-0.691070035187114 0.117696164750065 0.270993181324874 0.009474803664231
-0.720873738793859 -0.0658271850648221 0.281786147428307 0.0572805116104674
-0.656644296981028 -0.24105636142551 0.262131956148842 0.119996754170833
-0.564939729027967 -0.497379249988611 0.167525232900173 0.124778383075895
-0.338689593385545 -0.643956482341009 0.109275600401305 0.0726806374248205
-0.0234382643770251 -0.71968749688134 0.0279908631620971 0.032149473348508
0.134215230718815 -0.787209589595535 0.0341224951676668 -0.129899029742608
0.0773541074861206 -0.862182101107051 -0.0744488506679478 0.0936594193502515
0.0533034058948402 -0.747066300098075 0.216702713797504 -0.0587484558712993
-0.0570334044872242 -0.741480429055423 0.105453591128562 -0.271953700119287
-0.216716530437451 -0.726691474945774 -0.211361431670666 -0.21171000221649
-0.467508922857008 -0.608909847552334 -0.233747997150259 0.0214755351708047
-0.66776541621343 -0.36390070093472 -0.105065041657305 0.142954358376751
-0.770455766023824 -0.0730286752070103 -0.00150460192634726 0.109492186601233
-0.694809568514393 0.0349121528381892 -0.0118868778770426 0.0713721904412655
-0.725064884463363 0.102456203245983 0.0134058622722476 0.0274523996029544
-0.733061373430358 -0.0813254112501959 0.0533267403208267 0.046278506547818
-0.638658520429495 -0.24972857955036 0.11060887734219 0.0536894614410487
-0.530091067844549 -0.461223485749688 0.147607516330445 0.0887615392703755
-0.356771315701106 -0.580304712715766 0.140811649081427 0.149068368984757
-0.0988300924018504 -0.701863534535731 0.0247914345343179 0.239372786486905
0.0676936552115197 -0.848078176828101 -0.0389221244477674 0.137619249840649
0.0560208484792401 -0.765153232254248 -0.166256020577213 0.32601139139862
0.0800691211292343 -0.640570151231613 0.10467347015832 0.0959756402777864
0.0302539965771503 -0.684765351425322 0.0157001836469287 -0.16222246533653
-0.141914196330052 -0.73236679680397 -0.217940892607202 -0.188299337529333
-0.438790588068359 -0.627507012512229 -0.296586725260635 -0.0941901989828715
-0.642709953493682 -0.372762200035696 -0.298492162415641 0.0205212113347397
-0.738519732988358 -0.0933341016902476 -0.255693350389999 0.0567966270567387
-0.647791289186573 0.0070116685398208 -0.271659512471461 0.0711886876750986
-0.649417729405723 0.0527176686379115 -0.223645399717007 0.0314190540285904
-0.61998660553301 -0.116085776079964 -0.141103954601941 0.0178789554870286
-0.492053522977924 -0.250309617707497 0.000347078446181836 -0.016219664577808
-0.373587325194149 -0.369129743653341 0.150359762890265 0.069537505003327
-0.292311488973844 -0.433764980078582 0.162852204973195 0.241507608204246
-0.140509614477387 -0.582559425760675 0.0203782846457647 0.418298997808175
0.00579961389618352 -0.780282965520474 -0.0746963831916491 0.38307347180929
0.0133635153716739 -0.554330203349099 -0.255120889893999 0.488392465239649
0.0600358923982413 -0.433971521598445 -0.0261652965894158 0.232804724537274
0.0713372729999184 -0.494687117206789 -0.0543240136621832 -0.053077097253854
-0.0667359145060264 -0.569215427663065 -0.201044369840522 -0.185970576664965
-0.330453768709195 -0.50673930206077 -0.365375034116938 -0.218747764883135
-0.499174092814959 -0.302764002757971 -0.488794327300908 -0.0946169928773917
-0.581037593375421 -0.0912815860637465 -0.488209381407386 0.0149555110361524
-0.50341790078395 -0.0235226925478688 -0.48896119933633 0.0611004622915864
-0.483879214272018 -0.00922536214817755 -0.406848458503856 0.00591335422038688
-0.425428225711778 -0.144293392246084 -0.264901357662525 -0.041284494410483
-0.285755764638502 -0.221529051436026 -0.0376529430995625 -0.0862596418602568
-0.181015944401836 -0.242971553001792 0.169958870104638 0.0820957526631896
-0.192064253007394 -0.257497451410878 0.144344202683271 0.33907998291373
-0.144682653610169 -0.409678597723142 -0.0126503750515575 0.529444129121654
-0.0368521677144855 -0.61194079369404 -0.0863397259924943 0.572470656860057
-0.0480585416075223 -0.268368366876683 -0.310522863717551 0.563977974097244
-0.0102623624325089 -0.162937031499998 -0.112156227548548 0.329199808627446
0.0626743574498935 -0.206683127606005 -0.0827057176103461 0.0123233275905332
0.00924944238908385 -0.279401752782236 -0.179624730971864 -0.207753274834201
-0.152398245526658 -0.289305308622894 -0.432787180614928 -0.305461066570387
-0.26299088071382 -0.186641051310257 -0.631104298368935 -0.162153772493338
-0.325643170196416 -0.0814084541903585 -0.655655026164285 -0.00514991488690326
-0.284050457497774 -0.0529319651428606 -0.631641339530286 0.0414210921802093
-0.261168390527568 -0.0606388536020852 -0.51945458855607 -0.0478607162107558
-0.197546225378925 -0.132078632637322 -0.308388920624229 -0.119316418966984
-0.0906811407231499 -0.150293922234314 -0.0132198370094488 -0.134354442134232
-0.029570456138463 -0.104717812037502 0.183400454544609 0.126628917368571
-0.0962053297579129 -0.0964293387698455 0.0748450063261223 0.415060463985294
-0.122966692694224 -0.218075595732307 -0.071595014415846 0.561490138109367
-0.0593139757878116 -0.369275182513539 -0.0857357949941859 0.686031967972224
0.11796473483773 -0.0208070781651991 -0.0353012099395757 -0.70572563638545
0.0915768943514445 -0.0588971224354266 0.0466959040957976 -0.567516741017489
0.012783772152622 -0.106335116566898 -0.0379667987492046 -0.450098188504287
-0.0745488358590504 -0.0624237010144736 -0.238721347670102 -0.190063512857414
-0.0889151890257882 0.0221011757800319 -0.0518490067603778 0.174913649632532
-0.0446986001322274 0.0500332087751851 0.315075315567148 0.204290777328581
0.00233360240032252 0.0721881966972836 0.556290288263513 0.0729284130953721
0.0157571400247572 0.0688385337308231 0.676824202236708 -0.0304764575815595
0.00258212956177684 0.0741352800275972 0.729978403858752 -0.026087189911898
-0.0164503906689923 0.0626739941792201 0.700005700446646 0.10055966848406
-0.0655098636408398 0.0600157840971188 0.544580272117704 0.257717557568631
-0.136226950719624 -0.0060870627341703 0.244359176774697 0.220263754905071
-0.0852887173715653 -0.11267531822362 0.122105249600237 0.00127416670759032
0.0288578711423576 -0.0898457343713446 0.14667218079437 -0.293086687320996
0.0684295446565479 -0.000528010256929758 0.320136985127399 -0.562344404535011
0.0719573816822308 -0.33290069959022 -0.0112446513869902 -0.609281310970268
0.0197677016663381 -0.293058355910916 0.12949845852506 -0.487156157290304
-0.0874149391232871 -0.279331061201706 0.0673772830845872 -0.427752875213111
-0.169688696050829 -0.20497138747003 -0.208004857083999 -0.222959282129195
-0.221403197869026 -0.111318898649519 -0.0862945124019775 0.163443831728315
-0.253288423068324 -0.0272941782637145 0.273914342361682 0.240608973844149
-0.255550418545057 0.0729920728480172 0.520053465403954 0.118107197172682
-0.242181692406297 0.0927250763295026 0.623088193502673 -0.00585483264147849
-0.291057880248959 0.104781483470674 0.665062021951402 -0.0387250601463242
-0.321393344455332 0.00211854105461189 0.641073408900525 0.0712591168910763
-0.318620463811865 -0.0940630569409418 0.508494348181231 0.220803117716753
-0.307896104661599 -0.256808564314264 0.228040826343729 0.193656785646889
-0.158935694383817 -0.378460604554598 0.0982537982953241 -0.0135097067673848
0.0555164689734653 -0.377417584192108 0.0958206649780951 -0.271015865433651
0.123705283774997 -0.326696669689583 0.225359670011105 -0.516155922039977
0.0396601820990221 -0.614516812204659 -0.00080635989904427 -0.423705917844374
-0.0261624959083041 -0.532232839037538 0.203090978287191 -0.373708670559036
-0.162167512806366 -0.474464537793202 0.1337072110259 -0.395903271728158
-0.252990010221469 -0.37650191067573 -0.195129859252178 -0.230354616299393
-0.346983287512205 -0.269941241704943 -0.122609527144832 0.146782444818283
-0.446322154610294 -0.130303907505997 0.197464999871081 0.25176074090775
-0.491884920636343 0.0468689450879847 0.409585627748321 0.142838115149536
-0.464906005917431 0.105208206341061 0.475339537211997 0.0204066130347301
-0.528799500890965 0.143064870627173 0.497965724073802 -0.035244449834242
-0.571687638735258 -0.0112442296801956 0.491513709643981 0.0446187192813438
-0.544466995475792 -0.170961848634816 0.412440876273081 0.16126894106153
-0.490183479433206 -0.407458149639805 0.202723282042071 0.155005385468159
-0.281117392864906 -0.558684123096139 0.0899306787842724 0.0112943951149629
0.00741425504973108 -0.602048205568297 0.0450176369547916 -0.155382573109229
0.120482852910335 -0.606959248322678 0.111230886918033 -0.363247599327421
0.0189610641829489 -0.801985800159097 -0.0147919621706101 -0.171230849806254
-0.0335790230608209 -0.703932057355946 0.243504985191175 -0.233871005837154
-0.175229918683697 -0.645685347594911 0.140095843032949 -0.352614447129878
-0.295165430296091 -0.560559969991611 -0.207849702708368 -0.218396383838524
-0.456062600029383 -0.437365915621519 -0.16966829686703 0.113907953021515
-0.60429493284368 -0.233859411028603 0.0789803927217985 0.224665340331259
-0.672665776951558 0.0135754429125875 0.231172311910301 0.140622691961637
-0.618478983323915 0.105231552850472 0.254359440886781 0.0468210646940785
-0.672197108969251 0.169449041242859 0.26733509550754 -0.00846006230799922
-0.717368696853345 -0.00798167916520643 0.281881524055534 0.0386551616304611
-0.668313478032602 -0.192884951959845 0.267781281571369 0.103933427577899
-0.595438439130665 -0.448265729714218 0.171815922392353 0.114135326158151
-0.381720551501154 -0.611286922688883 0.107793576262193 0.0651095627723962
-0.0797192981792135 -0.71073103464207 0.028284949524675 0.0273791715961602
0.0680506042351405 -0.787034736476365 0.0202468103736803 -0.127781530277241
0.00781460023203934 -0.849968006764686 -0.0614447943273182 0.0992443126526029
-0.00467635232077861 -0.742758264418796 0.215499339870292 -0.0746019946527604
-0.114818912057242 -0.728737207803859 0.086974166307982 -0.274720829777811
-0.272333896358555 -0.699895216946159 -0.227817971804214 -0.190875514498957
-0.510674764281141 -0.566879376280211 -0.231009879599377 0.0439555293879882
-0.69120019769179 -0.306761428335197 -0.0897975494017382 0.150869648000644
-0.759539942039643 -0.0140014071033816 -0.00177098669436804 0.115667955957518
-0.679679541661244 0.0889647741034624 -0.00563181088838094 0.0728059609996095
-0.708603649407904 0.156182639374535 0.0145396400144097 0.0282122564290805
-0.728897559089271 -0.0233157400588212 0.0549379772520862 0.0436454684695487
-0.652323449227225 -0.201818799642423 0.113056795635461 0.0497804145042203
-0.55829620228534 -0.414262641700036 0.149757421182807 0.0785435277377859
-0.394101294987959 -0.545213935096783 0.145518088203816 0.139608509890494
-0.153844400534599 -0.685004284995327 0.0427766249864888 0.233288602742147
-0.00407765960221429 -0.842371740747872 -0.0307900833516334 0.14007894542882
-0.00369658340469548 -0.753712104560325 -0.135519911234761 0.334450434867848
0.0291661593022306 -0.640270795529596 0.117202252612355 0.0860957925568536
-0.0229639726865531 -0.680312254043851 0.00658729272569026 -0.158451686515022
-0.198008805702509 -0.714153655639068 -0.231794037734561 -0.165591658662159
-0.484824226506375 -0.590179008846128 -0.300393270109431 -0.0650683761439156
-0.664754400272346 -0.317935834702996 -0.290597291959299 0.0437290508439216
-0.730708976040546 -0.036699530502457 -0.25576171663646 0.0807233782847875
-0.636739638024434 0.0574706922671384 -0.262320732681971 0.0917802154680959
-0.637301107775523 0.10249256746601 -0.219232632140639 0.0486390135922413
-0.619869821196256 -0.0669447523018156 -0.138661601579709 0.0290912501432212
-0.506800895222097 -0.212811938315095 -0.0013662339465558 -0.0132055642832088
-0.393834273808252 -0.336143162645699 0.151037765453857 0.0584867811859891
-0.318386340097416 -0.404745271346343 0.176356622445636 0.230797340535109
-0.185897292657839 -0.563064240666435 0.0519908478420619 0.41077303915444
-0.0608696921368117 -0.768866290135493 -0.0454290232516589 0.383909308960762
-0.0303472415452436 -0.545464823244354 -0.213179482629822 0.497807057009853
0.0250236963020593 -0.435612226204434 -0.00136722235154052 0.232052093685084
0.0324066442896906 -0.496937464460369 -0.0540298720533181 -0.0446741257369535
-0.109499494059084 -0.560024399034142 -0.21372731220285 -0.165287021187798
-0.36709325673173 -0.478429035111032 -0.377247965427418 -0.184983654891943
-0.519990987754843 -0.259887700412516 -0.485833054656483 -0.0573878070370456
-0.575477256173999 -0.0461834625830324 -0.48604732025277 0.0528440205937457
-0.496616005510576 0.013855555351021 -0.478411203538554 0.0982071966523227
-0.477603006404547 0.0271011626411979 -0.403054842976627 0.0359582633128548
-0.429264326784628 -0.10762828316174 -0.26479829395692 -0.0225387366030869
-0.297931097381361 -0.199316781221145 -0.0435475645355012 -0.0815387641624479
-0.195609111097209 -0.224330921219597 0.174332195605749 0.0685932839479109
-0.209226920721655 -0.237789652537756 0.167933154660223 0.329028673502668
-0.17818265549439 -0.39305009862232 0.0276609048422166 0.524413806044525
-0.0873200441472013 -0.600962041336 -0.042091886508728 0.569006607914168
-0.0682268110476194 -0.261414210011228 -0.261223796212403 0.576373469720322
-0.0236060368240953 -0.161759279324854 -0.0796024808206636 0.334871627086236
0.0457219897976928 -0.210216690762591 -0.0762336287732854 0.0211620972117207
-0.0109932550827892 -0.278936026938752 -0.192293162923462 -0.191171659512499
-0.175286046881142 -0.275158796826559 -0.449542773877386 -0.268573855353438
-0.276413601595141 -0.165026039679497 -0.634777276862269 -0.112780005355963
-0.324717088795122 -0.0558092655465576 -0.649817938793431 0.0423452786726818
-0.284098873916089 -0.0295786523708108 -0.620844479969957 0.0895231278401939
-0.261923683712185 -0.0401838156557364 -0.517285748666323 -0.0074263862805753
-0.203709775820306 -0.114443531983135 -0.313178114571046 -0.0977485732306067
-0.0996017949110792 -0.141663871003921 -0.0216955546430646 -0.132178405389389
-0.0359458322136749 -0.0991623365393261 0.192225126630226 0.112047515943791
-0.10365849879514 -0.0865250805993256 0.105211478180613 0.409855419934239
-0.140093459080363 -0.205600413278747 -0.0310275348387609 0.560039067768104
-0.0906891016354098 -0.359535064463864 -0.0318744559809084 0.681039925938724
0.113830533550764 -0.0250725523417759 -0.0721159146933477 -0.677930586627224
0.0874075725565077 -0.0596822760523815 0.0134365703396425 -0.550038248776226
0.00563087242313644 -0.104243990464936 -0.0619332674131008 -0.435803573221503
-0.078045377339026 -0.0578991674631723 -0.242779952551304 -0.172069798884506
-0.0866658838940916 0.0265723648130067 -0.0422379219762775 0.171784510339493
-0.0417724697292192 0.0532115407706053 0.312539617404626 0.181511429026118
0.00404846214789982 0.0690101856940924 0.544048713006785 0.0438378473207382
0.0190177562343237 0.0649824429936336 0.656402487085064 -0.0656800432911468
0.00728975349467918 0.0713398403061741 0.706277094229669 -0.0625344348957805
-0.0130608508041046 0.0603407979361013 0.682965047102441 0.0639944251118786
-0.0604473546533312 0.0604706392301568 0.539265730896579 0.222251090025428
-0.131529985947303 0.000855456752144182 0.246097208281861 0.202891809863543
-0.0894296059605599 -0.105209803767292 0.114639175401971 -0.00831431864306291
0.024642802215839 -0.0875606534645329 0.122063150936899 -0.294076417093476
0.0685884309479864 -0.00445608951689775 0.276080044929276 -0.556606600732403
0.050851507783083 -0.322159607979185 -0.0419192993915933 -0.585379006527252
0.0041210334688819 -0.282438106412277 0.0975567519096395 -0.477018735220353
-0.101764481945876 -0.265148600083162 0.0437081910748772 -0.420270535959452
-0.178049872484119 -0.188679987161658 -0.216086845265126 -0.204734736045255
-0.221804301062633 -0.0967678911513299 -0.0772047158969287 0.164428510910709
-0.247855770955145 -0.0107181733155387 0.275648396121804 0.219541768270112
-0.243305301966586 0.08199430134555 0.509138912148313 0.0926858860302102
-0.227725618777459 0.102062574921195 0.605045945467122 -0.0372257980078267
-0.275761317857414 0.117108086708098 0.64102177047742 -0.0710979917038649
-0.311991491523069 0.0188837477263688 0.623388884198334 0.0386907946887592
-0.315812088250776 -0.0757567587292649 0.505817012523712 0.190198710559218
-0.311201791543479 -0.232618059707223 0.228879637753887 0.178517413734042
-0.173992469316801 -0.359524941438438 0.0896804004790642 -0.0193563476494027
0.0336969706958947 -0.368393376511117 0.0745467469168035 -0.271273992353074
0.102177292592948 -0.322825184569851 0.185287281330596 -0.507629090853342
0.00430518539457855 -0.591259523013372 -0.0221839557320039 -0.407110848782122
-0.0535614066687729 -0.513563713469485 0.176912853265767 -0.372552128916125
-0.186205486575201 -0.449245252758928 0.109649214003182 -0.392118665638364
-0.269879402369893 -0.348685729868093 -0.202850043055678 -0.211267997660031
-0.351995442458846 -0.243649815145851 -0.11239781362354 0.152063585486489
-0.439962218203805 -0.0976368370967794 0.204620693237884 0.234497987986671
-0.471687382853573 0.0709519533244673 0.401474813663971 0.125805878927042
-0.441740444961514 0.127680653876856 0.464264222846923 -0.00588674769382737
-0.50375439673273 0.168283940832065 0.480961176172169 -0.0577297721756942
-0.555885639210119 0.0209769827561292 0.478860926066702 0.0189775624975592
-0.538940599790174 -0.137681033108362 0.410192249667406 0.138912866254173
-0.497554180225959 -0.367486834086193 0.202378879300965 0.142842002067547
-0.301980427134727 -0.527606173812566 0.0819300957809581 0.00706835431090135
-0.0253787620450207 -0.583555527242898 0.0316002270739457 -0.155949991126742
0.0812895353553254 -0.593191719340014 0.0842187628619265 -0.354610393185998
-0.0275541076346583 -0.769982662433694 -0.0209242836830063 -0.162891740119852
-0.0725153362533839 -0.678252190189968 0.225913760712939 -0.240209813761083
-0.208388325777392 -0.61370979792906 0.121436342903358 -0.35186072100451
-0.320376496985575 -0.525214084094089 -0.214455915660512 -0.196628382328045
-0.468434111718447 -0.400569294428334 -0.158765102018096 0.125182862714258
-0.597183722855113 -0.189175641805019 0.08994283046591 0.213693203909076
-0.646567226168282 0.0468491529272028 0.227268956887935 0.133811330423553
-0.590932583140672 0.135912003353545 0.24963571262053 0.0330742657701723
-0.640768102313131 0.200721856484589 0.257534445648691 -0.0199663735925008
-0.695381083291741 0.033470757931103 0.273832947446049 0.0246956164465972
-0.662561145550616 -0.152640198205453 0.266643298725144 0.0913414916497752
-0.603132110650753 -0.400723210911675 0.170880680412081 0.105042893995841
-0.401177891325091 -0.572029286022463 0.102162743366653 0.0599206422914468
-0.118553886557052 -0.682191127445696 0.0271863339624987 0.0231097273279331
0.0185109981445241 -0.765061139870203 0.00912294835750258 -0.120970817277225
-0.0400141154521669 -0.816155216422308 -0.0502716124576779 0.100119575006948
-0.0493329804540631 -0.717943041011804 0.209800159237925 -0.0859920235767709
-0.15299584396613 -0.699329290526278 0.0745955892784202 -0.27180216843599
-0.305201279769877 -0.661253667125582 -0.232253344480148 -0.167707946461378
-0.5307058777556 -0.523274631366933 -0.219088009118025 0.0619937411222972
-0.68803038724378 -0.255034007415627 -0.07465907413345 0.151515321862944
-0.733359461630441 0.0238324099825439 -5.92106227701899E-05 0.121490574012691
-0.651762827176891 0.123569679775202 -0.000523278352365908 0.0725439527456504
-0.675916530589634 0.190584606692224 0.0142586870089711 0.0283950235296048
-0.708724510850773 0.0185507291927154 0.054854556466531 0.0420494084419988
-0.644823532264237 -0.16374547877465 0.113496529040797 0.0463698590942787
-0.56167830502956 -0.369494887104698 0.147148397472379 0.0713525205514862
-0.410335238363652 -0.505584488936325 0.144108656041026 0.131118506782254
-0.191617305252408 -0.654231480861424 0.052471405669704 0.222647090609918
-0.0546897226987133 -0.810525155127084 -0.0239932851745305 0.139298301635229
-0.044890336434918 -0.724491256677707 -0.108549281030123 0.329919511631341
-0.00694044120812003 -0.622403919857662 0.123855739493807 0.0747914702605788
-0.0619106052662175 -0.658006888355671 0.00327746857835611 -0.152320404679234
-0.232528368525823 -0.680657234786899 -0.233847021767314 -0.142231720218293
-0.505566570474187 -0.546617835947765 -0.292932083194266 -0.0412730305721162
-0.663294103960307 -0.268939041963095 -0.274670075579521 0.0585889291376562
-0.703426816733548 0.00391412610751437 -0.248164931157093 0.0990030355508002
-0.611058725912591 0.0893385432744166 -0.248553680204661 0.104188080270761
-0.6084814525639 0.13229896010245 -0.211566381549992 0.0600451264207442
-0.602681653672324 -0.0303635261191024 -0.133834616310491 0.0365955630414125
-0.502718820049876 -0.181639607591453 -0.00105680542679112 -0.00962941349332431
-0.398344057336009 -0.302568720489765 0.148120874890639 0.0501924759307303
-0.329529161657561 -0.37239689332788 0.180332660001107 0.217947675412799
-0.2156815868793 -0.532611979506743 0.0734212011358874 0.394369550019401
-0.105944491179373 -0.73902615083724 -0.0250292026074139 0.374014463210938
-0.0589834224908184 -0.524214355925822 -0.176517085989487 0.492299335657896
-0.000826228421490856 -0.423284882988211 0.0163959394095784 0.223178891530319
0.00444628810207692 -0.48265280960219 -0.0496485641260148 -0.0378919624463177
-0.1379432790073 -0.537118370598501 -0.21473873399637 -0.144286828486152
-0.387163393554091 -0.444562962164754 -0.373048270970411 -0.154255600908277
-0.520113518582535 -0.223560361509401 -0.470357781537816 -0.0291928589589685
-0.55674597938908 -0.015374894324046 -0.473029160945778 0.0805468094687878
-0.478257542916949 0.0420395152810132 -0.457118757489369 0.119436763290379
-0.459474574261773 0.0514100125898857 -0.389836662675291 0.0566219787431841
-0.419130918863463 -0.0815256282283812 -0.257990826672355 -0.00799952294385447
-0.299037237766553 -0.179524631891837 -0.0455949709090675 -0.0748609493744798
-0.19860642219794 -0.204839389918765 0.172371090362624 0.0575110836691428
-0.215361451212257 -0.216569298452986 0.179606028459288 0.314034624753831
-0.198055284345317 -0.369896835478109 0.0539092970373192 0.505776842877861
-0.122666014923389 -0.57491092194335 -0.0118290344872246 0.551419280394792
-0.0804498923263578 -0.249522316348685 -0.220736321611294 0.570875345827026
-0.0335723416180554 -0.155246058859221 -0.0532180092768859 0.327081599017246
0.031445779096865 -0.207662133865649 -0.066809704119957 0.0279319024825337
-0.0263308213189905 -0.271962028910398 -0.195027721554022 -0.17234213806748
-0.186613155168662 -0.256867444213635 -0.447755144279749 -0.23430465226746
-0.279190215672302 -0.145315232982825 -0.619591223921964 -0.0753137656184288
-0.31579739568871 -0.0365330930854286 -0.631530744082854 0.0774177276169555
-0.275662218065808 -0.0130682259378893 -0.596752363106031 0.119930482221389
-0.254910403344904 -0.024731428536867 -0.502401745051922 0.0188925864618107
-0.202111495926308 -0.100144711359856 -0.308421631157138 -0.0789242658318848
-0.103053375909925 -0.132985552623896 -0.0265354202816275 -0.127587496596229
-0.0388152468067162 -0.0922111986364509 0.193726621779367 0.0988590937077572
-0.107187966764054 -0.0755233785747696 0.126075562947736 0.396175491364361
-0.15084477085122 -0.190688156490308 0.00179424811461223 0.542423270837373
-0.111615546136017 -0.342036875943095 0.0049589052983225 0.658094749844366
0.112004096504123 -0.0271127188588383 -0.0887523945760736 -0.6526051576984
0.0857217421960294 -0.0593811431187682 -0.00412255232908889 -0.53225089333296
0.00118181269426303 -0.102235752078423 -0.0735238740644981 -0.42511593520492
-0.0795403910190991 -0.0548057352976918 -0.243535930865072 -0.162163536011806
-0.0850485394643342 0.0285677183943817 -0.0387389832312373 0.168154416491
-0.0405519263001484 0.0552212128009954 0.307126796280571 0.168452259630194
0.00402734328047196 0.0665493945363399 0.531326820748694 0.0299366272481691
0.0201824700139718 0.0620035986925341 0.642440649136619 -0.0799393714376627
0.00916581795371182 0.0688997983858379 0.687792701869644 -0.0776693478161495
-0.0116030351008008 0.0577647231631748 0.667502933383386 0.0448618480000419
-0.0576184039303971 0.0602252284230741 0.533695040442733 0.203220520413911
-0.127643071174572 0.00361519689974175 0.243227894748021 0.193405504499925
-0.0904816822108323 -0.100736353910215 0.107301714683086 -0.0140850701450312
0.0243386436811282 -0.085398356198866 0.106087446884218 -0.292792994629675
0.0687472687430585 -0.00647543233378047 0.252561724599705 -0.545331395767919
0.0408740608798927 -0.310861697926534 -0.0565189912958504 -0.563661490959924
-0.00353672618798741 -0.273238874885092 0.0807033166451879 -0.463956684810095
-0.108554232807924 -0.253848188761729 0.0326156400327688 -0.413281290404694
-0.181748564097634 -0.177812355281323 -0.217355146892725 -0.192702074728161
-0.221403549052447 -0.0882860058795766 -0.071766473641877 0.162958340966308
-0.242126231738683 -0.000560096897486437 0.272797404325437 0.207604106364478
-0.235029353545042 0.0849245429103907 0.499214153563012 0.082316230046369
-0.218099850134049 0.105154227681257 0.590605220886375 -0.0519710212728565
-0.265075334455774 0.122469409642229 0.621803503291826 -0.0823042891053225
-0.304272787957124 0.0270920641644694 0.610008965862514 0.0239126586711814
-0.311599700783397 -0.0663769773394658 0.499698651063746 0.174706065728111
-0.309903401653145 -0.218467294595803 0.225827412671045 0.170935222722727
-0.179818244660209 -0.346412929287643 0.0816471460119528 -0.0221066176229729
0.0239343107154569 -0.358858292557384 0.0602813099409463 -0.268281003810695
0.0903754194794011 -0.316217985955636 0.16468210915234 -0.493914065757127
-0.0140053922961975 -0.570228589168847 -0.0293970108175243 -0.391265960973095
-0.0676735965314864 -0.496532545973762 0.162896940433204 -0.367143236342847
-0.196738776632664 -0.430422651087878 0.0987188288585297 -0.387640264445619
-0.275220635459425 -0.32845234767514 -0.204597118149233 -0.19896540673491
-0.353040424637538 -0.22761827312521 -0.105670570259616 0.154462322337564
-0.431903430628399 -0.079963071273392 0.206283064849627 0.222803650539463
-0.45611971253164 0.0792397095949647 0.395290540890851 0.120027173932209
-0.425772466479519 0.135128037811723 0.452876483972374 -0.0158666143833206
-0.484293568493773 0.179200808016582 0.465592700500288 -0.0667904707264226
-0.541722547822395 0.0357192457578505 0.466363214036995 0.0091484895628562
-0.5322775379776 -0.120790745111287 0.405695547161077 0.127879050704585
-0.495592295301074 -0.343231268077949 0.200089062111675 0.137427711556512
-0.308031041674639 -0.506156869369083 0.0743173704966358 0.00558106936981371
-0.0414133450032828 -0.566503606742887 0.0230316476959272 -0.155312056089842
0.0593109714357739 -0.578050101592599 0.0692162955303737 -0.340902699240158
-0.0502602730814528 -0.740686062579245 -0.0205886207898139 -0.155812054553973
-0.0907591408725611 -0.657926203086185 0.214842596008257 -0.240304490470504
-0.223538940520433 -0.59132668918225 0.111347099769207 -0.347714954835696
-0.330249579275708 -0.497943828736208 -0.215610182277694 -0.182436752324472
-0.469763496997893 -0.375505653574886 -0.149449591714456 0.130291661811151
-0.588551410484705 -0.163700064542256 0.0969323975694016 0.205932132120514
-0.625415111320231 0.0606884474655162 0.224440335238261 0.134400237905972
-0.569343221570358 0.148835469130947 0.245360290530959 0.0265316878625108
-0.616885458563503 0.213867643843322 0.249594767652491 -0.0239218199662681
-0.677514086237447 0.0508653344713105 0.266788096412919 0.0204566778265827
-0.651862769458304 -0.131717310343717 0.265099060985553 0.0856462512844235
-0.597119954562553 -0.372331770040551 0.167225784238466 0.101481645592347
-0.406801406665591 -0.546442526227204 0.0956630471054141 0.0591785405684074
-0.135861103879504 -0.659430420572156 0.0243535482073552 0.0196552681658961
-0.00918791555822474 -0.742437271400353 0.00360400337501393 -0.113291945985596
-0.0621785730744186 -0.783957531701935 -0.0409460604203224 0.0985566097568012
-0.0690668644862654 -0.697641957295128 0.204547000501477 -0.0921304880465156
-0.17227969096436 -0.673526953055047 0.0696760567178456 -0.267393104333962
-0.317418924650454 -0.633637070403686 -0.23034713943295 -0.15183784639466
-0.53499480173005 -0.49461064378815 -0.208866392634068 0.0710983424648006
-0.677410614251025 -0.225802237401703 -0.0635911752574075 0.149121404940357
-0.708923466593572 0.0406314738522784 0.00232966848501603 0.128008762561934
-0.627628434984075 0.135898280082251 0.0019658853329573 0.0719708814410114
-0.649822436003755 0.204624012175053 0.0136520104516627 0.0294744210990854
-0.689751149713331 0.0371470959355992 0.0537516518740599 0.0422800438143084
-0.634967984898828 -0.142134638020122 0.114621007309438 0.0463766333091019
-0.555179952950462 -0.343133676704184 0.143609953189666 0.0681764788982761
-0.412890929450611 -0.482128410165069 0.139507610666766 0.12802809919844
-0.207234937399714 -0.629348443232075 0.0560825454484592 0.214164557307149
-0.0826990595597675 -0.783372521086371 -0.0210699297708816 0.138791158724833
-0.0646329720713706 -0.697608738086288 -0.092038219352802 0.321694713475609
-0.0261558250990589 -0.606044470826015 0.126270597602587 0.0661036392658185
-0.080618670228335 -0.638707029797215 0.00459663655730778 -0.147933744054937
-0.247701294384892 -0.656568739566992 -0.229155396558486 -0.126641845679713
-0.511061302310202 -0.517588868703939 -0.28223987218133 -0.0278914492146088
-0.653973830599167 -0.240455566902338 -0.260521443143447 0.0635854746125267
-0.681233207782097 0.0188785983508289 -0.240296404804188 0.111007224436444
-0.591572249639768 0.104033300486703 -0.239180562903143 0.109734549485954
-0.586861621880001 0.146516280118079 -0.205295714570236 0.0657608190402398
-0.588017953606634 -0.0136578592972843 -0.129865793307315 0.0408240081118054
-0.495470905333469 -0.165235336959354 0.000807829994042444 -0.00638596244529608
-0.392816183205669 -0.281889854108754 0.14495826463091 0.0459375381341746
-0.329240553871468 -0.352087735331124 0.180550132928391 0.211404323547948
-0.228233407779758 -0.509008446357446 0.0818843573827764 0.380348280051873
-0.1294113582773 -0.712075808135446 -0.0144669577604021 0.365448259959402
-0.0721513251942324 -0.505459988483299 -0.155273178418586 0.48229801853285
-0.0148173408871729 -0.412487874830967 0.0262048410740767 0.213723528453505
-0.0119725774864524 -0.471480052267704 -0.0431107887452479 -0.0328436541491431
-0.150693105279778 -0.521237446109507 -0.210310935480824 -0.129933829364847
-0.392074810003062 -0.421791076105152 -0.362565233842621 -0.137791930439475
-0.515357311042689 -0.202749472793706 -0.454648620883124 -0.0169625774346472
-0.54096058003573 -0.000991512516921443 -0.459873321911265 0.0962960673866624
-0.46285545508827 0.0533441034474626 -0.44247687603018 0.131408353677583
-0.443757172983643 0.0630306573772643 -0.379308246495615 0.066082015359558
-0.409829851865752 -0.0673698267575934 -0.251415089708715 -0.000240304676302612
-0.296068024766162 -0.167741811329488 -0.0444945528231546 -0.0706379041218552
-0.196669168254129 -0.191362382666712 0.169999496356696 0.0522584172824385
-0.21610167831287 -0.202492478664492 0.184599361391779 0.305534234827273
-0.206795120622942 -0.351825767896693 0.0684052129394285 0.490166331340048
-0.140287474199171 -0.553670431722713 0.00361436746693443 0.534659478290689
-0.0856976303617806 -0.240820517248544 -0.198264421780119 0.559041959174744
-0.0380839573268874 -0.150204266553578 -0.0378824686490441 0.317891167621912
0.0237436150415396 -0.203696797345896 -0.0584147311911947 0.0314122088672638
-0.0326959850355841 -0.265774681212965 -0.191814778860696 -0.159551162399034
-0.19050891044377 -0.245142773690994 -0.439624799255501 -0.216476404500623
-0.277960572106558 -0.133541991389856 -0.602303326070358 -0.0582314616152205
-0.306326356189085 -0.0274129554683579 -0.614825269133799 0.0917327759440152
-0.267804084535787 -0.00498301201627777 -0.577392808516965 0.133317398826157
-0.24777950781027 -0.0170286855666843 -0.489872096757251 0.0332312458808637
-0.19866248422864 -0.0919638533302686 -0.302327547892512 -0.069386977470277
-0.103638358259147 -0.12687796975811 -0.0273709162030998 -0.123613045191253
-0.0390827281591425 -0.0868702374486963 0.193231605691753 0.0922274310819093
-0.107895679817344 -0.0683023157406457 0.135920810900065 0.386587660316292
-0.154783168354572 -0.179997676171604 0.0156945181940929 0.528224878046587
-0.121994105994494 -0.327621045554075 0.023325266573611 0.637938808309446
0.101525799414206 -0.0489181160677078 -0.217755001789397 -0.635375174359209
0.0663656281019637 -0.0737103383460121 -0.105706683302414 -0.530164634796863
-0.0245336841862628 -0.0976273132219417 -0.153140565462379 -0.416397167884735
-0.0933072925132385 -0.0324153781045577 -0.27640807268865 -0.122356409722681
-0.0744002776461259 0.0471887249067439 -0.0124391405505977 0.171981701530063
-0.0260139413245481 0.0593637932323897 0.33081290009085 0.108905599741151
0.0205715761334788 0.0597685294153144 0.524755748348844 -0.0688631348546558
0.0329768927221648 0.0520139056848519 0.614337410028526 -0.205782913655239
0.0275714239185098 0.0623025968378743 0.670653861202991 -0.218626675484713
0.00538634068510678 0.0592693587477452 0.6799326315382 -0.0956852357242759
-0.0377942139084744 0.0717736411135418 0.57619388932022 0.0905682252284607
-0.120408660405542 0.0327913337279589 0.284731511372208 0.140688934690199
-0.105606840325163 -0.0772007617345857 0.104996283097345 -0.0413990638549678
0.0127090975160108 -0.0895741357295144 0.0358093439192701 -0.312922757804002
0.0740739870797923 -0.0274091254960789 0.136801887718343 -0.588217129873413
-0.0191726794733434 -0.299501826846591 -0.156362275011715 -0.567176365893443
-0.0622865268208584 -0.25904546274241 -0.000664013428648624 -0.490071357509383
-0.159531826164431 -0.216903781761839 -0.0406322870879242 -0.440757209532179
-0.215883041721656 -0.125354526183334 -0.249588390953559 -0.169239322686815
-0.229688334855322 -0.0355549758662723 -0.0458340614201686 0.162845465721885
-0.228713292205262 0.0460567640040655 0.301420640824481 0.141807220287018
-0.201416741139583 0.127299252074417 0.496658192182725 -0.0264959907283288
-0.187866374014163 0.13661410113686 0.571773896180377 -0.1698992879098
-0.223003793053438 0.165590172871166 0.608580905926229 -0.210450662892392
-0.282465708168023 0.0866511924718102 0.624066601251 -0.109627685452028
-0.302898646984076 -0.00174695886519716 0.539857783833888 0.0644863108853626
-0.338068053548087 -0.14449912994668 0.269380229927892 0.120948011499959
-0.238031237963516 -0.292978305985298 0.0885985392395312 -0.0427288450526997
-0.047640153478011 -0.353475844836118 0.00514699162699915 -0.266334470581399
0.0281515836697265 -0.332920147657578 0.0684805695900647 -0.5034877752037
-0.121174297984651 -0.529446327269527 -0.0840857682366424 -0.41203701762929
-0.169961179666067 -0.458665150224724 0.106965021513779 -0.419741100763335
-0.279278431033201 -0.364328314416279 0.0393375939830207 -0.444600773973902
-0.337661745766988 -0.246084184180215 -0.229042365480967 -0.188474410751007
-0.382521815083071 -0.141483507959098 -0.078709959479135 0.147318124568355
-0.424405320874115 0.00800550690501816 0.236897989427322 0.156811259378178
-0.411093041423648 0.169199497597572 0.398824499259964 0.0146035646632949
-0.381144969028585 0.203767904595616 0.442448623713528 -0.10773020187925
-0.422531198452481 0.26212006998456 0.458554873646943 -0.161588554193232
-0.509026042047337 0.13950623318701 0.479762924238664 -0.0987741858095379
-0.522745951705696 -0.0135610151512214 0.438781375629514 0.034276315303899
-0.538994480339623 -0.226990562413293 0.241556677487797 0.0896791683036146
-0.391688245294347 -0.420686883866896 0.0955989945062858 -0.014598591757264
-0.157543185712217 -0.540802972806076 0.00378242152622753 -0.136415894957021
-0.0594045844598894 -0.578652845953625 0.0146453886179522 -0.319152140011002
-0.186672284318578 -0.680260738869223 -0.0189589842224788 -0.187422043925815
-0.226929452451815 -0.606937985996483 0.194282777303085 -0.31139672129869
-0.33821870127244 -0.509191489796051 0.071562099239008 -0.416588721504174
-0.425298089198514 -0.39275888909071 -0.223421890086869 -0.179940806012607
-0.526293537722673 -0.258657710238072 -0.122870342119917 0.119442053100894
-0.592630192901991 -0.0393411883336875 0.124637628295425 0.149960276847517
-0.575709460590899 0.189349461654034 0.232282586727695 0.0489924392928527
-0.517515794860596 0.243138579871321 0.245301486179688 -0.0245688500713168
-0.542268284151175 0.320965527643425 0.253286274827859 -0.0745776113830662
-0.638241519501625 0.182035992607378 0.285190553294524 -0.0462249597537557
-0.639589120911339 -0.00191754870947615 0.290813456212365 0.0212988538276705
-0.640358954415618 -0.235536256902992 0.202673577661833 0.0584866525516931
-0.492810478998288 -0.436412681651529 0.133039266011574 0.0315868473608481
-0.273218086854777 -0.607649094639905 0.0527650120170587 0.0400663033746981
-0.163929779597273 -0.718789395766498 0.0044067550116511 -0.0743499254618346
-0.209150513504901 -0.718245502019491 0.0151276597148089 0.0699549889982696
-0.212936538102641 -0.64652292514511 0.21602504229957 -0.161512244929094
-0.306620216377022 -0.598944844834899 0.0548504831460845 -0.327851512122347
-0.443478331061895 -0.524406529119239 -0.219822000355182 -0.147858417776248
-0.613316207989289 -0.355284518927178 -0.189926509712059 0.0636519111760847
-0.690464628838604 -0.0803759162233376 -0.0444243410201741 0.118253591934222
-0.65996154761161 0.188665431295516 0.0122356442955152 0.0777811118345405
-0.575576951803719 0.244686245770279 0.0155754557125646 0.0674625069039701
-0.577891578699497 0.317618965876155 0.0289412605386971 0.0268522869717187
-0.654623962476795 0.169243952870712 0.0759859315724741 0.0206307645160316
-0.627108200476249 -0.0190141165496561 0.132207907236091 0.0140947307108847
-0.592576628143475 -0.216836241634412 0.170670544255549 0.0305357920087424
-0.4846425629571 -0.371911592483863 0.190861941664744 0.0904441678933963
-0.33742111572899 -0.559203621763522 0.132340429589362 0.222543147407255
-0.248429238934688 -0.740535620605969 0.0364879749580931 0.180946861026558
-0.192756760779799 -0.635768102161263 0.00487539082015291 0.308560212454833
-0.1530269586559 -0.570070620181346 0.166350331251745 0.0173800425853921
-0.212736322914385 -0.585545413127239 0.0172135555126645 -0.18668364312591
-0.380596101562527 -0.561780199980486 -0.208283870928039 -0.118968659110688
-0.596683142334021 -0.384067265221745 -0.27921548004227 -0.0205616046955594
-0.676142458254264 -0.0970949257042599 -0.254371563807794 0.0725070922175191
-0.64113844281324 0.165617717323691 -0.227759205878685 0.107639957616862
-0.54720784076731 0.206969256157357 -0.21322447560923 0.152560858280977
-0.528992060989223 0.251091635723112 -0.183184141800301 0.107480537318606
-0.567860173180303 0.100652681425129 -0.109682728885076 0.0608785316112266
-0.500001638270547 -0.0662371711990477 0.00664915772935521 -0.0128440686484721
-0.424609824166029 -0.19051833792089 0.164508893921168 0.0102348298811777
-0.382242867746889 -0.26431430891929 0.245450986721571 0.167677033776648
-0.336147083084135 -0.436897563975912 0.193052346902658 0.377729766122519
-0.279470940605152 -0.658290237494317 0.0885339326736636 0.397107031836035
-0.164132897088253 -0.456044538045027 -0.0349298086526761 0.490862715072703
-0.0985287553748638 -0.387833216889088 0.0881175687473818 0.193442942083938
-0.111773386792421 -0.44177561702794 -0.0138512078481696 -0.0490087792508825
-0.260679801392768 -0.458591676785009 -0.195912091045877 -0.114358563986773
-0.466641401904946 -0.317645228193819 -0.382444018114635 -0.10425171015091
-0.535949332773396 -0.0855142237520496 -0.459690023069774 0.0396110390059126
-0.513561626248025 0.117930000130606 -0.444954960739065 0.143830556766031
-0.436649434847564 0.137049727567682 -0.408500640876824 0.21434223417773
-0.411957919420334 0.14444424291295 -0.359091170438436 0.144291574295446
-0.407737253432865 0.0135892660153833 -0.243418013732517 0.047514566373615
-0.311223703792772 -0.1060831866219 -0.0533775193428184 -0.0661038516570655
-0.219584210728996 -0.141743886486763 0.188086486503502 0.0133770691435314
-0.246042406332898 -0.142154501988878 0.264309822664699 0.263062917050495
-0.281843929314507 -0.287638364810719 0.197374822915021 0.48292846764251
-0.258319854874078 -0.499455170848464 0.137156830266259 0.552852766291522
-0.127850426634612 -0.207795046748315 -0.0772831645994834 0.589998155808289
-0.0655221581958148 -0.133630430461204 0.0337057449198953 0.319024376748212
-0.0212708657256147 -0.196555675171486 -0.031078666455385 0.0344012739825808
-0.0937516450890009 -0.243766019519794 -0.198772655818186 -0.132513817955172
-0.239301979897459 -0.19043801882625 -0.474450933906958 -0.147515080152623
-0.295932411380565 -0.0645050869704551 -0.61211329768053 0.0417250016253822
-0.298369046439814 0.0427019455420943 -0.590146647351528 0.184167796291247
-0.259745349850839 0.0464365654108623 -0.540353778563406 0.24424579075668
-0.241268439864351 0.030756746525364 -0.479179615496912 0.134596821720746
-0.210016470653968 -0.0512870093499014 -0.312848743875794 -0.00788126352931416
-0.120709011007843 -0.10217592342023 -0.0486620825537772 -0.12034335148928
-0.0501392950615554 -0.0704134160729937 0.217003121128421 0.0500568407180874
-0.119296296335153 -0.0361829641768946 0.227799088272076 0.358334473905298
-0.196571511169603 -0.133449670195242 0.146788314737522 0.526979633395273
-0.192786014113518 -0.283736155983886 0.168223134760325 0.638619241268094
0.103749002343491 -0.0530294910415689 -0.236500476367731 -0.636697925217007
0.0684501330468324 -0.0767981886430633 -0.121476158518808 -0.533233043004956
-0.0278720660663297 -0.098113595648564 -0.169275174918707 -0.424583554695484
-0.0968190710577548 -0.0294773114234294 -0.289260304470958 -0.118765052175319
-0.0758358711633107 0.0515707019274454 -0.0104771860764325 0.175970559366991
-0.0249263347408079 0.0632249638601722 0.338295244086343 0.102909886214734
0.0214012380643347 0.0608447841195779 0.535105632487354 -0.0835682065158452
0.0343259236013137 0.0517728585291516 0.624944320656879 -0.227384154496128
0.0303370719745387 0.0620472961637477 0.67961227223921 -0.238826847512923
0.00655209172966066 0.0590168167037938 0.691843764278983 -0.113713854209906
-0.0368619733384984 0.0736937043928436 0.589515823459557 0.0763443936518468
-0.121752898778254 0.0363469859354087 0.293204649293366 0.139298943334371
-0.109901725846553 -0.0757922980997816 0.10047886073542 -0.0459848596064673
0.0126538466863495 -0.0923063518760822 0.0225797131307924 -0.3191007504746
0.0759479247466718 -0.0302926918860783 0.125955205962433 -0.598657998875079
-0.0260825171455645 -0.301243578288973 -0.171760055423705 -0.569487294538702
-0.0691518259393875 -0.260474060980886 -0.0131555795457267 -0.497017563893211
-0.169428101101841 -0.214395631880266 -0.0531700615212127 -0.451542176643757
-0.22369383522638 -0.119241142923296 -0.261349945642029 -0.166742662671764
-0.236474452481235 -0.0286705898715411 -0.0439456804420394 0.167152745082199
-0.23079149378449 0.0560519595695576 0.308762772880314 0.1353878680356
-0.202052986676427 0.134080839095285 0.50994263662999 -0.037482582401011
-0.187976200560344 0.142773976283868 0.580071704506065 -0.188069947502424
-0.221227701723581 0.175000157257633 0.617292592623682 -0.228002927151166
-0.287352780374582 0.095583855293801 0.633377045441477 -0.124509510105837
-0.311728912881564 0.00614075607932529 0.555563713068761 0.0540528374796809
-0.348337501530022 -0.137795908782521 0.278199937692539 0.11873359018826
-0.251305902026427 -0.293616647537462 0.0838559087492133 -0.0446206312486686
-0.0560109198765332 -0.359215096897039 -0.00734056087802271 -0.271299880916795
0.0187995928252759 -0.338923332943959 0.0586161216846778 -0.509383851338501
-0.134591417804301 -0.529459987435384 -0.0928638919872721 -0.414710954090534
-0.187998082487684 -0.459646602628284 0.0980717293026556 -0.429493683451812
-0.296753236766682 -0.358601777047411 0.0313186910126564 -0.459235501095648
-0.350848051914717 -0.236929488787379 -0.23817426331927 -0.186471257771817
-0.396819035671369 -0.131512406506214 -0.0752561862488122 0.15287450914917
-0.430080487188332 0.024251608957855 0.24493831956768 0.151550984175984
-0.412793373967328 0.181115089770108 0.412111191439937 0.00866192869256574
-0.382896297619122 0.215878868533386 0.449153905234352 -0.120713411170189
-0.420600293850873 0.279444496858132 0.464141460617416 -0.173936541834298
-0.518686495625443 0.15844060217483 0.488781607047405 -0.109353675776679
-0.536063948097357 2.19994593632818E-05 0.453500512594384 0.0248088838341321
-0.555107950995991 -0.2171124658977 0.249169101987446 0.0883801342543956
-0.411250749520485 -0.418322950227826 0.0923586527701824 -0.0133665517107836
-0.175358921310557 -0.546051043813979 -0.00516528032796361 -0.139344597335863
-0.0789395753681308 -0.584965740537462 0.0074401476264031 -0.32070152831733
-0.205351870629336 -0.680014658153047 -0.0198480639391615 -0.189227350672957
-0.250176642971171 -0.608321975496709 0.188567306480003 -0.322947878983889
-0.362133924512611 -0.505239334411523 0.0649396340824417 -0.430837341319726
-0.444450390274573 -0.382300037628427 -0.230832949471948 -0.176378106415342
-0.546848827577235 -0.24512858132666 -0.119288418745004 0.125747428881084
-0.601677219796077 -0.0206923509538072 0.132363134330767 0.145677565325641
-0.580456911856628 0.204523998185773 0.243898684245127 0.0495404482080914
-0.519824893176611 0.259141559406024 0.251390436249711 -0.0305356822767172
-0.540204636372114 0.341175967252345 0.256222100610396 -0.080075067963969
-0.646232813754841 0.203766386684828 0.290582357505925 -0.0517728172051702
-0.657041984581249 0.0157136587358413 0.302797405161211 0.015569376573297
-0.65673073122357 -0.221727656219627 0.209116026263979 0.0569811231481142
-0.516406817190135 -0.43272841259829 0.132923137451118 0.0343252893728774
-0.295446271283572 -0.609523188553364 0.0511176592897659 0.0389041228762012
-0.191246898652055 -0.725334711167755 0.00216098209725109 -0.0706320577640412
-0.227619867356621 -0.719310918007879 0.0216505930723044 0.0689772262012232
-0.235859619596462 -0.651310145145017 0.216140568953107 -0.172742438805702
-0.332628852093851 -0.598614440285003 0.0520972304258061 -0.339582612511733
-0.466845797976348 -0.515926289781377 -0.223478055745951 -0.143926872000929
-0.637080485288014 -0.342671642818315 -0.186425916252898 0.0699169852804682
-0.704968013781362 -0.0594346850677559 -0.0395668027981452 0.116945246312824
-0.666408637481044 0.205663492716616 0.0197307226288782 0.084864372149982
-0.579291896196621 0.263920402040585 0.0191565335905963 0.0694502854507856
-0.575905738160079 0.338578674093361 0.030211388896878 0.029455707877753
-0.663052359494339 0.190798666053335 0.0791919578008638 0.0229385991548145
-0.642089431946387 -0.00118743197152686 0.139677328754333 0.0121064514163433
-0.606352555952243 -0.203423347340485 0.175299141870283 0.0282732590228598
-0.505305240071607 -0.365660122374874 0.195872303951513 0.0934311387576408
-0.360608330811787 -0.557348774266333 0.137602590413213 0.222562110909432
-0.277697197053784 -0.742782675599269 0.0415470029864247 0.185826627955324
-0.210674536844705 -0.637869512349708 0.0173986365836717 0.310187804024559
-0.173262238222485 -0.572405100457583 0.170328262883339 0.0104211707768736
-0.235905739860633 -0.588711296040359 0.0188603545076551 -0.1927327520247
-0.40415539343391 -0.559959049602711 -0.209186510647723 -0.114102253335667
-0.621926913755589 -0.373265326956392 -0.279669120995825 -0.0138452123844877
-0.690663769047881 -0.0781410942486153 -0.254767548389215 0.0761050737050537
-0.647018829666457 0.182539705758999 -0.225648136981135 0.120139837295441
-0.54998026215683 0.222703091238893 -0.212355926442374 0.16236182560852
-0.528783101194689 0.269160030668538 -0.184822046266951 0.116795009881044
-0.576402261609392 0.117400512293731 -0.110217497308031 0.067500288615491
-0.513620707032639 -0.0546398285546427 0.0100143155253774 -0.0126268511703912
-0.434195867194291 -0.182335230261187 0.168503823245515 0.0073107993177799
-0.396282544529034 -0.255842795657953 0.254792467411119 0.169497007181111
-0.355626279889913 -0.432483189594031 0.204951668779189 0.378990029969523
-0.306354760179308 -0.657646699058038 0.0993415846364868 0.404232857980848
-0.177568524392235 -0.459259463145875 -0.0207815907283023 0.495654639664323
-0.112781731034282 -0.390828077949106 0.0963441273626837 0.192145695009331
-0.129103730570725 -0.446889741166224 -0.00817030825679702 -0.0509125051025982
-0.278421032521655 -0.458653192053076 -0.195629402767411 -0.110660446380259
-0.487147993953199 -0.310303649151243 -0.3873781904176 -0.0972644228267031
-0.549428006413279 -0.0698818666403808 -0.46618482264532 0.0489025617987525
-0.517937952991618 0.131569759123586 -0.446241266881184 0.160679481341852
-0.439286766290489 0.149650649109645 -0.410026175516115 0.230639140210316
-0.413663650271878 0.157000489902446 -0.363153185179155 0.158467892540315
-0.414753798397013 0.0244452289441407 -0.246835234984157 0.0560560400863755
-0.320482271533501 -0.0996776489342583 -0.053659084883202 -0.06621649215717
-0.224022571181198 -0.1377470083199 0.193285188371295 0.00854847848842184
-0.254062570968009 -0.135052496870515 0.278956924006829 0.265389496847491
-0.297909263409373 -0.28009754059416 0.213075581406884 0.485903024534898
-0.281033160058003 -0.498496228152773 0.151390341020886 0.560368418909375
-0.136154959512787 -0.207932039123777 -0.0612506385239885 0.597474017839923
-0.0714932295615599 -0.133417781947071 0.0456762832383109 0.322037491912793
-0.0295591718163607 -0.200484006274312 -0.0235145799550121 0.0348497001578122
-0.103501361169844 -0.247146702662245 -0.199963989579204 -0.129781189289941
-0.24989032426308 -0.18736917084442 -0.486759656207297 -0.140108298503763
-0.304342827441698 -0.0563757960068779 -0.621500116139459 0.0554900239085605
-0.301046733734024 0.0506901067945523 -0.597556925759549 0.203829277199145
-0.263129854482817 0.0532311206860272 -0.545762963557025 0.263579637295768
-0.243609805597917 0.0373870367203497 -0.486147112889378 0.151072902368112
-0.214107507938456 -0.0470348621564775 -0.319058227594246 -0.000116094547222653
-0.125094580677371 -0.100782075313527 -0.0512563645141919 -0.123128013814396
-0.0507674737044031 -0.0694847025101134 0.225600909315059 0.0449908999069782
-0.123343557176979 -0.0295980516137629 0.245634401603891 0.362014137792033
-0.205043488161093 -0.128325763324404 0.161045501191045 0.530799771207104
-0.206645744279574 -0.281840435885554 0.185502315983607 0.646009996592414
0.104618546152026 -0.061378079882372 -0.274927286797615 -0.633191950454528
0.0685623732315565 -0.0828641450005592 -0.151829975846823 -0.534585561893238
-0.0344893748973216 -0.0982277459536872 -0.199551217515613 -0.425823025709052
-0.101729111538474 -0.0242130493343 -0.307261957755251 -0.106247134374492
-0.0752537504896426 0.0583238270757894 -0.0039911965003735 0.181133311445888
-0.0213583614456611 0.0680843884673264 0.34857417047123 0.0871751281391449
0.02446088660101 0.0614715402154468 0.543153057658349 -0.118450877052515
0.0369600406771421 0.0503194119971463 0.627891728298582 -0.269573304016852
0.0348377704887529 0.0606815567833618 0.684633606923732 -0.283476707385094
0.00892785519464197 0.0590679000944732 0.70346605552979 -0.152939808784619
-0.0339121217925483 0.07743608053801 0.609732889327327 0.0464047518042517
-0.122765200095238 0.0432256501752595 0.307490388212705 0.128467497789115
-0.117344166597218 -0.0713421180369585 0.0941655137661878 -0.0530293178186115
0.0104609819595197 -0.0966265852175362 -0.00235954921652235 -0.325246091968
0.0767154693722295 -0.0361464256237327 0.0967459295705434 -0.614151974164168
-0.0414579806160856 -0.304539592876115 -0.203433610093108 -0.56942891706884
-0.0844945132784689 -0.260979525732457 -0.0418719699891532 -0.504093211772195
-0.186304711456179 -0.206812486651928 -0.0820566779331123 -0.465228630236871
-0.235634072411598 -0.107110761277807 -0.279585434635429 -0.15713539273979
-0.244467422611159 -0.0138534722631057 -0.0372790000720439 0.173634006271096
-0.232307476650029 0.0725976399736437 0.321199256946704 0.12165246823962
-0.199901290581327 0.147648786238005 0.523661507473999 -0.0657994934153717
-0.184914660916165 0.155002160080901 0.585439183266148 -0.225418682931642
-0.214604032076235 0.190734569462911 0.619109089634108 -0.266979348739066
-0.288778443734903 0.113783838527134 0.642917258127041 -0.160956679230496
-0.319496421692985 0.0244572463215973 0.573877918815771 0.0232479195333071
-0.363489836601456 -0.12146924049175 0.292377689287408 0.108331418984519
-0.274374608886328 -0.286826947392994 0.0772446653989404 -0.0486012159030176
-0.0765430354615387 -0.365982503354838 -0.0294625767201414 -0.275826121657316
-0.000944679279651906 -0.346265367048053 0.0313980752150049 -0.519065945402086
-0.165667000181909 -0.528358111315046 -0.112868572893437 -0.417201536506856
-0.218634962190001 -0.455830804562275 0.0755689421069248 -0.442428015281856
-0.325093576175353 -0.345729930220577 0.00512190754408132 -0.477428775163379
-0.371450488553184 -0.217364781238278 -0.254948024415798 -0.177905678380793
-0.4148450209335 -0.108206418200068 -0.0681168162249684 0.160007455687092
-0.437955283405318 0.050794120844518 0.257377008817454 0.139046206431475
-0.412839024892849 0.205976811179328 0.427199047768519 -0.0122169601606462
-0.379048513082632 0.240895740624007 0.454616208203532 -0.147706775118218
-0.411080900163591 0.309453140319484 0.466940769896849 -0.202097117545033
-0.521955252670493 0.193254693176847 0.495534934047262 -0.135767910191762
-0.551676640711196 0.0323846263961782 0.470040889804268 0.000574673729525627
-0.578940431380366 -0.189815218145921 0.260634900987025 0.078416673674123
-0.445613082612968 -0.404437410397463 0.0891629858959355 -0.0142158817425198
-0.212037826551206 -0.547951862559011 -0.0184599918174309 -0.140880411725437
-0.117419217149274 -0.589655291004298 -0.00894077266292217 -0.322294593532985
-0.244356771531635 -0.678628322468036 -0.0254256569064285 -0.192979392491082
-0.290133718670872 -0.605039824221964 0.175278683913824 -0.339746996497586
-0.402738806373615 -0.490343820916646 0.0440326284791633 -0.451447519761121
-0.475792597139145 -0.360319272332081 -0.24331066769028 -0.168669874100612
-0.575364235449956 -0.216330818063243 -0.112487023782887 0.13464903820901
-0.614569789813049 0.0160553503972493 0.143393646023323 0.137845090264996
-0.581982327278329 0.240027927139895 0.25830681535704 0.0396077394609857
-0.516383704590381 0.292926809952227 0.257413005955312 -0.0446153367234967
-0.529209231758129 0.379819379623708 0.258694478707837 -0.0937918979654267
-0.651046009322412 0.247206904369428 0.296672276418309 -0.0653175226668206
-0.674978336983534 0.0543188707006067 0.315679804761918 -0.00100129258552853
-0.683757310220287 -0.189130066775217 0.218184582785659 0.0482989304563031
-0.553385194469139 -0.41276330256567 0.136069148534605 0.034102829494092
-0.338555795590728 -0.604249211307945 0.050285592098362 0.0375660119549266
-0.241357603809731 -0.724128935085444 -0.000462085622117831 -0.0675419247375929
-0.26741588478113 -0.714115921953564 0.03112998509349 0.0656875283504363
-0.281938728923739 -0.649353626489614 0.212342646113412 -0.190019878727813
-0.379595199753672 -0.588030153890568 0.0381390582218931 -0.357311074477517
-0.505033857374392 -0.496340277823255 -0.231878325284552 -0.136174441509528
-0.674710154771486 -0.310993744381274 -0.181999488287995 0.0810642293197712
-0.721617042993179 -0.0178869951848657 -0.0330219350613507 0.116856827076652
-0.668392950776988 0.247439818883288 0.0302538114676511 0.0887701040776954
-0.576742349605452 0.299359282520546 0.0248982945226847 0.0712857185917316
-0.565403423277359 0.377679823516816 0.0331473393405521 0.0313844903713028
-0.667499925103945 0.235225555715628 0.0842969453676609 0.0222253383414114
-0.660649975049866 0.0368209854175907 0.148699326582202 0.00453822024198869
-0.629778306582909 -0.174645360568515 0.181163718659818 0.0202568123251808
-0.536929028593032 -0.343712647977196 0.205715221637452 0.0905893695570963
-0.40194292824297 -0.544830338653142 0.15099748774048 0.219929443836125
-0.331696073035903 -0.736709566041623 0.0534199585768082 0.191618817370393
-0.248158504344071 -0.633748433855862 0.0387841405936355 0.310492870568877
-0.211089117119194 -0.573460336559102 0.176031456446736 -0.000750843211630638
-0.278770603914098 -0.585172426824545 0.0138428553471634 -0.20357003705107
-0.445534957839588 -0.548049331516566 -0.214505096371793 -0.105649601289954
-0.659631462464148 -0.342975095370808 -0.28131664881878 -0.000466947298397757
-0.711152444511568 -0.0363729449838792 -0.254452634718635 0.0868582612630119
-0.652333452376259 0.220023986670163 -0.219945550219757 0.13879082907841
-0.549623435883671 0.258200847601078 -0.207383144239409 0.178022204055317
-0.52285162054675 0.304309377172627 -0.182584947811991 0.133086769706709
-0.582454168319207 0.155759332273713 -0.106445742948388 0.0779712585128956
-0.530627239647829 -0.0257391467073743 0.0137173593437973 -0.013423398690278
-0.451392202592767 -0.162370299428229 0.173999147270349 -0.001651210223964
-0.420317258384764 -0.237707651763147 0.272964659599395 0.164700124010561
-0.390283845937813 -0.417248069628016 0.229261925277832 0.375256596310759
-0.355634430416895 -0.648658309277429 0.12471421252095 0.408966669719093
-0.204847660712293 -0.455951900604996 0.00752466336531388 0.504205884133058
-0.138707359197526 -0.390798016916041 0.110735572949225 0.188155218366868
-0.160704503919697 -0.448832566359669 -0.00425437006525301 -0.0546279674167542
-0.310830256770824 -0.452341345152922 -0.198898982635568 -0.103685946370887
-0.517056129169506 -0.288060981336836 -0.398071836266635 -0.0800391552528466
-0.566746284307321 -0.0376802340147063 -0.473678399134503 0.0713642764875439
-0.520899611574492 0.162802766979402 -0.445987679753481 0.192245061726782
-0.441552820740183 0.175914576159041 -0.406410379138848 0.259700397288957
-0.410235474093642 0.182452734187193 -0.363780958210258 0.184621925571835
-0.422236496288807 0.049517965863459 -0.248705568124937 0.0729916205539123
-0.334293495901972 -0.0841125652334016 -0.0552951106679421 -0.0656556135291969
-0.23373406064354 -0.128902852994254 0.199499569531781 -0.0026198062176496
-0.267913222277061 -0.120281503643208 0.304624061205156 0.259865788584674
-0.321360629788908 -0.265345029405608 0.244787810147542 0.483014157067306
-0.318973957048702 -0.48815695306084 0.185778912769448 0.563415157865143
-0.150759346442314 -0.2043645229273 -0.0288070154189179 0.608889563169224
-0.082150927675591 -0.131608053840581 0.0676368102779074 0.32355237240485
-0.044131884846171 -0.203363724050611 -0.0146653419342803 0.0350448221402518
-0.120390036546821 -0.246791565247719 -0.205599971247713 -0.124494856354531
-0.268074804068688 -0.176846567373892 -0.504410315672818 -0.119670008175528
-0.315526020199685 -0.0387165647002211 -0.633107371590164 0.0899184299306971
-0.304737785471838 0.0687894151732844 -0.600882815525086 0.244833898973453
-0.26659153439213 0.0693059760791007 -0.545280135451627 0.301326133629689
-0.245570699341809 0.0505455521467404 -0.489829412178963 0.184725397972474
-0.22116481224554 -0.0355008965907919 -0.326149451935052 0.0184361056149192
-0.132790590891221 -0.0957965403532321 -0.0575631218468447 -0.124756478917013
-0.0536467052845835 -0.0677631998285008 0.235710420824134 0.0340418792118653
-0.128349772095694 -0.0200146094961376 0.276299369056671 0.36007630258853
-0.218144037480194 -0.116505338009521 0.192998289090266 0.532093595652842
-0.229449926680178 -0.27334894752734 0.224161911837428 0.648618055187791
0.100719263528701 -0.0708650635388298 -0.318191084430979 -0.605641304223942
0.0645638300778579 -0.0890345249127506 -0.192332923835445 -0.517100845728812
-0.0413145757929753 -0.0944965482418266 -0.235820585234624 -0.41246361910991
-0.103947568095766 -0.0164320552804254 -0.319738668962328 -0.0819536168827105
-0.0711088420051039 0.0650412795195521 0.00707113894364128 0.181428917742558
-0.0160985548106616 0.0712894981196885 0.352273067984726 0.0610583935577685
0.0284830619920414 0.0604380527797879 0.534569683606935 -0.160280886763814
0.0403179892554772 0.0470081130507293 0.608726380414326 -0.319489925358723
0.0394523424711117 0.0571254967457699 0.662627979249066 -0.334504082192338
0.0121033104134951 0.0574190286870472 0.691006954234917 -0.206824412945525
-0.0274592623304386 0.0799139491533915 0.610881848764279 -0.00157765421096612
-0.119352726798989 0.0523497180392848 0.316226330695463 0.106501753992173
-0.122812893024913 -0.0625239500313193 0.0827973289919509 -0.0591183911232802
0.00393226014886423 -0.0986486886671826 -0.0329220492159426 -0.320478951219136
0.0750527579219281 -0.0424085721203483 0.0491451768799937 -0.619056148395104
-0.0620976911878315 -0.299473951918812 -0.243608878931332 -0.548092879341345
-0.10230733822356 -0.252638670464974 -0.0805743298153476 -0.494320483541645
-0.201920675572063 -0.1887382401641 -0.119095979711713 -0.461833040143877
-0.243015817624303 -0.0858455550664797 -0.294071066543433 -0.136124192350522
-0.245618736762447 0.00676859577421835 -0.0255963086737455 0.176061904982927
-0.22445179801177 0.0923980109593636 0.326571576582755 0.0961768407677885
-0.188875850904599 0.161976332249466 0.520290514672901 -0.107589657650953
-0.173006943321708 0.168211983759484 0.569297191419546 -0.271797812090535
-0.197500394625477 0.205815868460327 0.597967894513352 -0.314117202591917
-0.281024786158739 0.136433657872508 0.63103646377631 -0.208029560993175
-0.319124333232477 0.0500027347706931 0.578388393076848 -0.0201440577923126
-0.371622393334141 -0.0922286050044894 0.299163221525922 0.0874268895421489
-0.296445177557047 -0.26522494462544 0.0670271590743972 -0.0500534624262106
-0.103668989429784 -0.35900603550192 -0.0563763152508177 -0.270263427423658
-0.028992650919046 -0.342512005219463 -0.00833124425422192 -0.516122618535414
-0.200459740854013 -0.511282764845087 -0.139857293915865 -0.406105163963235
-0.252890507784604 -0.433101677653521 0.0427088224934104 -0.444053302942528
-0.352515748145169 -0.315254146153278 -0.0336165390361024 -0.48319831922023
-0.385315118189572 -0.182397206606843 -0.269811478792415 -0.160568019430412
-0.42280803057599 -0.0729559360748995 -0.0560303303701581 0.163757669128747
-0.43004388410443 0.0870312542416952 0.264187356547344 0.117057176360572
-0.395501547464154 0.23671909012981 0.429484024719366 -0.0448803559296781
-0.360818307857941 0.267990079699488 0.445784416608995 -0.184284806154971
-0.383636686327604 0.339133395400125 0.45015135706945 -0.235670919684786
-0.506765449426003 0.233912633263305 0.486394112838171 -0.172146105884114
-0.551266498431443 0.0782261709429314 0.474188808109481 -0.0365034160331951
-0.591586848150664 -0.144338820442981 0.26629351072365 0.0591684896837367
-0.476753595662793 -0.369303567861996 0.0847042816764909 -0.0154957036054019
-0.252672285510405 -0.527991692856209 -0.0334203862719136 -0.136849269905128
-0.166723815666181 -0.574040993840566 -0.0318492432294679 -0.316045642011093
-0.290903919836499 -0.650458983798617 -0.0358420482664127 -0.192627495914329
-0.337634298794403 -0.57386529454661 0.14882226291454 -0.351003617182877
-0.44079682749137 -0.450938524485324 0.00893855757827904 -0.461810697206311
-0.498765624908347 -0.316654456943245 -0.255556438291428 -0.152114657951086
-0.590289824074778 -0.167496165031736 -0.0996000947190342 0.141663526370236
-0.609623549784021 0.065972951609276 0.151470468687182 0.122836736717499
-0.560726731117285 0.281878508953794 0.265655825112097 0.0210307586825195
-0.493682517423783 0.328838132256018 0.255918487298884 -0.0641332738444223
-0.494242770808125 0.417028735209057 0.25197459221403 -0.110525916956404
-0.629136521434919 0.298841143597379 0.293597388791429 -0.0853475496658933
-0.671945237264489 0.109816489800228 0.320567941057732 -0.0266495748565343
-0.693685942887068 -0.135206369251712 0.221106926929001 0.0327283179707449
-0.585141367188915 -0.368013718674799 0.137535436617486 0.0299828702961132
-0.385410955918757 -0.571887193634333 0.0499193476511957 0.0356663442260258
-0.300979993977063 -0.69487083468518 -0.00385758074919467 -0.0630201853073761
-0.315295197158425 -0.687701463675049 0.0405615754148035 0.0586735267485544
-0.330043132096971 -0.618866258043503 0.196969415658189 -0.206046018768365
-0.425008461374958 -0.550918452148069 0.012828147138307 -0.365814604900491
-0.539871912305187 -0.452143183601544 -0.239217119841894 -0.12045879472248
-0.695659633630338 -0.254541644400614 -0.171394337666127 0.0932758577181322
-0.720036404608946 0.0409608196753533 -0.0247597635575061 0.114483272326027
-0.648703529500638 0.295056726641921 0.0424932416172656 0.0878689376551911
-0.552653002361646 0.33954952351035 0.03211278793352 0.0697635193724245
-0.531101095528218 0.418237536870325 0.0365405270376023 0.0316265568697735
-0.646978493343766 0.289132454703774 0.0889536016307855 0.0192186942606288
-0.658595980788466 0.0912645600774627 0.154349766513489 -0.00819794102058815
-0.638096691543894 -0.125866551882549 0.182374179481911 0.00721381485226951
-0.564160121370451 -0.29857494825524 0.214265268294461 0.0807907884890152
-0.44209123207035 -0.507948772110144 0.164873250822292 0.208289286368135
-0.39051492396919 -0.699763083297663 0.0696606937061901 0.189505319941143
-0.290695092308319 -0.608823962209664 0.0647305008793746 0.299737328900074
-0.255103631912466 -0.550126300218742 0.17663106242453 -0.0159596049200019
-0.327437495912566 -0.557508253363438 0.00327855156253868 -0.210213146807384
-0.484985417459682 -0.507836783732459 -0.215591336848519 -0.0920396782148785
-0.685478245637573 -0.287997370895158 -0.275672561972495 0.0190057098496864
-0.708751372492437 0.0216953356407794 -0.247020641885579 0.101442741323713
-0.631715061172193 0.268126568866411 -0.20469644793753 0.156741653163496
-0.529404005920666 0.29767137254632 -0.192211231887297 0.194822511193553
-0.493943989407849 0.339757156072039 -0.170817448304917 0.149228038703185
-0.567987319267299 0.202043396666026 -0.0981913155224284 0.0884258784097228
-0.533687794398895 0.0166164026317977 0.0167731343585716 -0.0157648010129307
-0.4586799815445 -0.128942354392414 0.172988934936722 -0.0148180770337262
-0.437821911168118 -0.200802348919969 0.288906905959723 0.147110929014606
-0.420342373240153 -0.379726132306304 0.256032604536665 0.356104006455846
-0.409276892206375 -0.610477934724692 0.155922295509644 0.400563956835619
-0.236430457183455 -0.435674330592452 0.047555212755271 0.494989211362092
-0.168836993853948 -0.37575944886647 0.126795388643823 0.176408567935251
-0.198388588449482 -0.432084372634189 -0.00308887910635447 -0.0590533409671887
-0.344421456732828 -0.425805439202706 -0.200660044312547 -0.0918037438010855
-0.538762307069102 -0.243589860179393 -0.400502004929865 -0.0506369240049269
-0.568177590030969 0.00992405093959179 -0.466198946863636 0.104596369804857
-0.507788720844661 0.200445008388715 -0.427861509656388 0.226236851863902
-0.426837581761766 0.209517864157396 -0.385801346914091 0.291967579329131
-0.392556409345886 0.211707884332161 -0.347456579330117 0.215447138716637
-0.415913214834427 0.0818803569278165 -0.240777062940934 0.0933511631127842
-0.340874631834279 -0.058447697022687 -0.0576436695582548 -0.0624811667165436
-0.240033476296582 -0.111115496441792 0.200730480216995 -0.0179417486079912
-0.27649670705214 -0.0950703707280626 0.32828516820191 0.238566424094091
-0.341871350426016 -0.23485565452583 0.279719984043633 0.461797198229745
-0.357432152050242 -0.455833309238388 0.227891180008437 0.547181652211464
-0.16548054289257 -0.191877048482457 0.0151596565104817 0.603575353739401
-0.0927554516190924 -0.123637303218423 0.0948173608477537 0.313761518814337
-0.0629560475558866 -0.197599230700215 -0.00528539812151144 0.0312048302394489
-0.139948255866782 -0.237283882282863 -0.210233067107881 -0.112514872809409
-0.282267133964382 -0.153025602944186 -0.512145439125124 -0.0828405721504354
-0.318469296988719 -0.0116542275318203 -0.625250642098584 0.13598386853327
-0.298087043323065 0.0915711848292243 -0.579748027845476 0.291842623596523
-0.260548307622347 0.0899115505339993 -0.520695599165058 0.342882486931549
-0.239977184111835 0.0685929183158855 -0.473519242448271 0.225983232816512
-0.221472900388375 -0.0176449690868935 -0.323699537464274 0.043742759544373
-0.139112403565777 -0.0856025984148096 -0.065313994294677 -0.121507878436649
-0.056832563971681 -0.0630981493917607 0.241071028311879 0.0150512630379815
-0.129510524342008 -0.00524564328129179 0.310306912344832 0.34011169312604
-0.22696788430807 -0.095968124977317 0.23139473391983 0.515048700672701
-0.25229225287528 -0.250838245318811 0.272654524752159 0.627251104561622
0.0916434512209745 -0.0772907140062674 -0.343693226467228 -0.558053966583947
0.0589223470799162 -0.0922045738555756 -0.217809066253965 -0.478777307604445
-0.0454247311575451 -0.0882755187463159 -0.258468344786469 -0.382241067668576
-0.101818918827317 -0.00847984050949624 -0.318367582477337 -0.0567544781386403
-0.0644623765662129 0.0682429612484956 0.0155377008391783 0.174511805158977
-0.00951602589658376 0.0711933193134987 0.339459630138357 0.0358836543063883
0.0304969628571343 0.056876011459726 0.502152551358995 -0.191855182236459
0.0411417222350332 0.0424942674012157 0.565339238707819 -0.350093887948244
0.0416462645205929 0.0518130015557808 0.615808458645931 -0.366975016667524
0.0137431473878357 0.0535173880759935 0.653152080954868 -0.243626047215611
-0.0208060201409475 0.0788412329610667 0.587745160020881 -0.0413883973790561
-0.111317320106566 0.0586176543330588 0.309697286240274 0.0844987949682274
-0.122553844679153 -0.052370286200978 0.0689105068558601 -0.0597780088528781
-0.00130815816225305 -0.0963200545255466 -0.0584980398328197 -0.301689715339197
0.0708365048683536 -0.0459815444938674 0.00721631853666209 -0.595562664952646
-0.0776086304135175 -0.284068674547471 -0.265168891402627 -0.507644034900618
-0.113401236206037 -0.235166395852354 -0.1097094423881 -0.465262295552091
-0.206023622249435 -0.165524608797898 -0.151905798669253 -0.43838985852256
-0.238501337870756 -0.0646525958434222 -0.296220860889249 -0.111905580590103
-0.236161253849795 0.0247454825438989 -0.0152099677434571 0.170519014449532
-0.207464301731377 0.10537495450673 0.317196279930626 0.0706732816282941
-0.171779298367433 0.168799170884377 0.494003656385327 -0.138562103997458
-0.156285120122112 0.173150428932226 0.531489233023789 -0.302028280606421
-0.175198573523161 0.21062531098961 0.555920068609888 -0.341433468910679
-0.262003869670676 0.150702814655219 0.595621727048185 -0.243267378549373
-0.304739131605417 0.0713583211722987 0.557321353402965 -0.0596665114338807
-0.364129300021625 -0.0639110198594894 0.292767016304173 0.0660404181214743
-0.304456686879255 -0.235329850185618 0.0568074308638971 -0.0481269973194795
-0.123456714551609 -0.337628130863961 -0.0761571283226864 -0.251267025839305
-0.0502061068582133 -0.324067154253009 -0.0400345614149086 -0.491489334853106
-0.223187520814484 -0.475401704687803 -0.156820487369978 -0.379847709697908
-0.269322474668775 -0.397747998947162 0.0123213617910198 -0.425602500325882
-0.361056970554646 -0.273077629075715 -0.067902845279477 -0.468636619855511
-0.381264738104842 -0.145687456670289 -0.272846301639714 -0.137499731487649
-0.411625863547266 -0.038100877379044 -0.0434934773007758 0.160892534110888
-0.404387825563443 0.115517591020903 0.258237595431268 0.0933111179053384
-0.366885621922988 0.253168300369936 0.413332316547456 -0.0725687841163719
-0.329885579664736 0.280099043637327 0.418659093673198 -0.207301428008323
-0.343813923301493 0.349209060679216 0.4192855882055 -0.255679488553106
-0.471316826362666 0.259991043760312 0.460113395460399 -0.196160417064803
-0.526581140215978 0.113749904582478 0.457380177233422 -0.0681814691251852
-0.576799926775541 -0.0986538808461297 0.259262764852917 0.0409596771177328
-0.485030276341664 -0.322703332597164 0.0782928092874549 -0.0146157481254952
-0.279149023439343 -0.488779839110929 -0.0451912279501498 -0.125872248149962
-0.200355707375678 -0.533655471714511 -0.0497206479951646 -0.296734518265637
-0.315863230585346 -0.603063232762004 -0.0414688677945066 -0.185743319992948
-0.360579242827349 -0.524642248749911 0.120697129466607 -0.345316866054865
-0.454398901910101 -0.396899526744709 -0.0234974645115848 -0.452403542566131
-0.498266090407396 -0.265360248382767 -0.256625870855768 -0.131939372801005
-0.577304183977695 -0.116900356436079 -0.0856318636720266 0.141393699786561
-0.578646582958137 0.108005873074703 0.150722109132991 0.104707062652119
-0.521106211691093 0.307055106412215 0.260927876841587 0.00223148332177366
-0.453674410785548 0.34832501579109 0.243037443251789 -0.0794012514394479
-0.445262919217396 0.431974634613822 0.236103937841763 -0.120921463847543
-0.585667461042316 0.333336724101991 0.280572719401086 -0.0991438671886411
-0.641522876260717 0.153782206546629 0.311314491297237 -0.0488325023716268
-0.673810155214926 -0.084591215178581 0.214283017328091 0.0177003359949277
-0.588838443300956 -0.314035446816047 0.135003573889619 0.0262835450669726
-0.407949538344779 -0.521264640914592 0.0474756821193637 0.0334661595400473
-0.339265103459121 -0.637793904866425 -0.00453708560401447 -0.0564862033000887
-0.342447141488323 -0.635737031239419 0.0461196541191063 0.047586783427351
-0.357292764381087 -0.567457033867581 0.176628784421651 -0.212043076820799
-0.446782593125426 -0.492229885250005 -0.0124274803040353 -0.361082514824898
-0.547217968442539 -0.39355829284468 -0.236251100399379 -0.103040807508956
-0.686554740157366 -0.193906086254711 -0.155395768152577 0.0987184394091246
-0.685800114791348 0.0914555827524984 -0.0183250296124857 0.107574230088941
-0.604109049937989 0.32584289212423 0.0511419175785384 0.0816668816195748
-0.509056260864325 0.362649750307398 0.0372977259350909 0.0651257665476557
-0.477840484896725 0.434771295920145 0.038663500444573 0.030593180732568
-0.600431695574511 0.324453875406701 0.0908620800964188 0.0143647191593868
-0.630245096550042 0.133139408158022 0.152577542974115 -0.0203000429451235
-0.619561446510276 -0.0798271577050212 0.175073409439256 -0.00483316947337094
-0.564150620282851 -0.247228637011179 0.214225765399926 0.0681957353114899
-0.461079637494765 -0.453526238713922 0.171147618057194 0.191118208842184
-0.424471599714753 -0.634967288323091 0.0822962839260372 0.1798654805836
-0.314714720826093 -0.564151836262833 0.0837610901354108 0.276753116081698
-0.280224452899699 -0.508491798472257 0.170130218299614 -0.0295359657023412
-0.354331328234858 -0.50855487144324 -0.00929317293392775 -0.209499293622261
-0.497617783604275 -0.453146962491311 -0.210875603019005 -0.0779582220028272
-0.679683366892916 -0.226634851235443 -0.259997824590915 0.0344621384808842
-0.679383082743149 0.0720558678593936 -0.232492171074409 0.10924141404878
-0.58978671915261 0.298080267539156 -0.183233496495882 0.165754397668248
-0.490507443727932 0.320226891312193 -0.17062644434336 0.201467341960145
-0.449148935286031 0.356493886992931 -0.152429062597083 0.158205581640748
-0.529640183007997 0.232855093417364 -0.0849810488152445 0.0936199781918172
-0.513941300480137 0.0521571044272355 0.0191848158690826 -0.0188423108250483
-0.447248335435495 -0.0939753073523391 0.165345663579459 -0.0256231103680329
-0.432153829169092 -0.159914805256981 0.291984617949139 0.125071218700122
-0.430184385195111 -0.332121009092781 0.269636814790939 0.324956176161963
-0.436364047789043 -0.549862481236131 0.177690286816987 0.374553275689138
-0.253492806411681 -0.403004016958347 0.0765530292008568 0.464574444193626
-0.187066707710515 -0.347148959509363 0.135359169671734 0.158215674645315
-0.223713481240046 -0.397983148504181 -0.00281605391224475 -0.0626838170621646
-0.359342437470579 -0.386419322969796 -0.195058326486388 -0.0782101067063277
-0.534978806757785 -0.196136007551175 -0.385490163313141 -0.0248888219827641
-0.543195539180526 0.0508921006263979 -0.442909387770835 0.127769780679752
-0.474032116529362 0.226105742008879 -0.39537650892885 0.24795453443514
-0.396590937323825 0.2304990792847 -0.351612404729308 0.308058145718681
-0.361558946317003 0.227342469754372 -0.318860229419407 0.233383243542767
-0.393479118436094 0.107999531934257 -0.22218440251293 0.107525892213659
-0.33184119169079 -0.0318035521988162 -0.0564176345520826 -0.0584226201847782
-0.235622188221251 -0.091417125658454 0.192621948797154 -0.030902104549301
-0.271232793683358 -0.0691432706151521 0.33792764757578 0.209534698303738
-0.344804593521121 -0.198852271444648 0.298400450433568 0.426011049148883
-0.376650048647742 -0.405399877697158 0.255006411432383 0.510267432715793
-0.170950929834831 -0.17331472410532 0.0531734689252432 0.575063192715474
-0.0970371552109865 -0.110565415175386 0.114047989037009 0.290422911121484
-0.0764438543403936 -0.18350853755916 0.00185024728377023 0.0254158973202891
-0.149429602304079 -0.218009658142803 -0.206025186998646 -0.0987314396004648
-0.281332980045667 -0.127088797749922 -0.497488091193585 -0.0478847025181974
-0.30682078316145 0.0124083675113773 -0.594577254378539 0.170606692313125
-0.279589109341481 0.107481407464209 -0.539147984317778 0.31939174645085
-0.2448882930803 0.104623665917386 -0.476833150171993 0.36653882655375
-0.224045954413182 0.0809662091129429 -0.44015001195466 0.250318768101013
-0.212367010623047 -0.00211821739359114 -0.306910637970498 0.0644936494401368
-0.138610069418148 -0.072079490391396 -0.0685596015293147 -0.114490380043202
-0.0570017669977981 -0.0562540074687898 0.235536641473128 -0.00212629930606437
-0.124340133074497 0.00717637949642194 0.326541184697806 0.307605858270221
-0.224598131238248 -0.0742870614360194 0.255275593441594 0.479789063856181
-0.260127806417769 -0.220920618890935 0.301748086087421 0.583571486734882
0.0613551232400149 -0.08823862591155 -0.410843005075579 -0.45946766045716
0.033047724907148 -0.0945994064500612 -0.284027573352662 -0.416206762450994
-0.061352379950725 -0.073605721818965 -0.313206463362833 -0.324172360262284
-0.098289276085261 0.0145427157478633 -0.321665004281648 -0.00438835931214275
-0.0467844630354164 0.0733481458787484 0.0356911307513491 0.167957305414779
0.00197585623558707 0.0645335668156568 0.324993838342505 -0.0139555067190309
0.0350023758354332 0.0442579858810094 0.451184160873778 -0.258598116404038
0.0429945089656961 0.0298752410956449 0.479605109232568 -0.42188599523179
0.0442868985876439 0.0371847379105334 0.526196097695797 -0.452028233349212
0.0215720151974953 0.0438352609149886 0.577780119791728 -0.343753220300003
-0.0056518849796859 0.072904822899412 0.549271235767546 -0.140298885491102
-0.0929090418454712 0.071503161564535 0.305566076771434 0.027972873081331
-0.119945745411348 -0.0342826486938984 0.0487693420677672 -0.0655730870014479
-0.0136474852032247 -0.0947895305363073 -0.107018049780462 -0.265414221849855
0.0598472514338618 -0.0617893044610696 -0.0816508347599844 -0.554179651543064
-0.117419845066304 -0.256186667795766 -0.33475929304587 -0.438174156996723
-0.144344533033608 -0.201475865999205 -0.184617768715773 -0.426291559420805
-0.218913734672916 -0.121578252591516 -0.232802760196117 -0.404981102178752
-0.230984335258814 -0.0160109816397973 -0.315220222271249 -0.0698738043866737
-0.210716332373372 0.0587964805281609 -0.00430572212327232 0.164253494736732
-0.176828074559201 0.123895323122121 0.300227241040967 0.0231128601589768
-0.135858664720489 0.176259657765031 0.441714133275081 -0.207370659887625
-0.125697414436149 0.176796552254312 0.453252312157606 -0.370914813068524
-0.136230477371464 0.215855096863466 0.475779169994371 -0.422363963034108
-0.22368949754235 0.17576977791658 0.523750951732116 -0.340639889615373
-0.273169135310408 0.100747275100804 0.519165837770336 -0.154169950205076
-0.347040876895109 -0.00814725905864127 0.292896749079122 0.014545472353486
-0.311161828976645 -0.181121621356551 0.0421730471432365 -0.0555888556435442
-0.162628486977733 -0.300221377394339 -0.109716378339218 -0.214922842940534
-0.0912294348638965 -0.303005092163387 -0.106283567144623 -0.450673023464908
-0.270930529941876 -0.414279725130554 -0.217047363684998 -0.349936466933245
-0.310206859072552 -0.328054898544214 -0.0678222307166287 -0.417132514006823
-0.374733775416655 -0.197608737075806 -0.166526680253717 -0.456988347576553
-0.372038916071489 -0.0687192481646366 -0.302120128779673 -0.110503151724927
-0.379868264485958 0.0258039580775753 -0.0429162707600944 0.15358783082605
-0.358804666929123 0.159723505726322 0.239206281312266 0.0530419511866242
-0.303948960131426 0.28331908007511 0.366013998549922 -0.131017465944004
-0.274570474595373 0.300786888025746 0.360380575635668 -0.264859269372143
-0.273944894635323 0.370429679400973 0.358371312719924 -0.321975090409741
-0.40514768909864 0.309774487669564 0.402759656523115 -0.278544538574494
-0.476541338634876 0.16766172065858 0.425835984046623 -0.147147059252605
-0.552740212483013 -0.0128196221135219 0.261666295949622 -0.00480043236760182
-0.489823705658793 -0.238316239059012 0.0699569713998825 -0.0308589615114996
-0.329128024718061 -0.415612510715508 -0.0540280577064736 -0.104539626865617
-0.258432906692324 -0.474407914867677 -0.0823739038237558 -0.266981257360548
-0.367604075564716 -0.51831946935978 -0.0801005241455811 -0.197462872425975
-0.408603835242322 -0.43066925465794 0.045957145294471 -0.369570319662962
-0.477918546833212 -0.29620593384766 -0.1264998002396 -0.460192843492077
-0.495302131342431 -0.160241024763464 -0.287275630652092 -0.120664048843014
-0.543692017497279 -0.0229330018321606 -0.0936645524188905 0.134681139518431
-0.521731464723901 0.1779724922629 0.13123707736739 0.0785371512480817
-0.437941644032923 0.356379705697812 0.223927082648638 -0.0377977050805939
-0.381472133078729 0.380580409935386 0.21355084624457 -0.115520551455384
-0.356091135739498 0.462231932042313 0.208816689283156 -0.165190455063011
-0.500587039077301 0.395026445768849 0.24971439625612 -0.158852974931112
-0.578903835245676 0.219988743688124 0.291659295508311 -0.10528255316172
-0.642057291028817 0.0139277944450603 0.216888441499854 -0.0202415306039175
-0.58279286125382 -0.214204825645541 0.131082293824662 -0.0047425746132064
-0.454171720998106 -0.423349223069606 0.0625222274483623 0.0245144944210004
-0.400573492620123 -0.549593569467856 -0.00319341093918464 -0.0510842802922973
-0.391082810751836 -0.543590211873504 0.0391443281692154 0.000273798026037509
-0.409525184553563 -0.472201488245519 0.122012967078417 -0.256284295883778
-0.484724560153497 -0.385643216643062 -0.0965370133872487 -0.384382824110294
-0.558368587478825 -0.268814081943074 -0.259641338319196 -0.10680126408877
-0.65606545809318 -0.0762986943471646 -0.171655390139555 0.0991727384172522
-0.625110932378386 0.180546476831371 -0.0330438418407983 0.105494378563474
-0.511670658278671 0.388158549970081 0.0314150130653276 0.0693507327160983
-0.431765905793787 0.404849218421576 0.0402517240428582 0.0536271129648955
-0.386523112610679 0.469851374859981 0.0463519147715774 0.0113866589346146
-0.515653729174131 0.390888276089449 0.0894396944633074 -0.0186425434380865
-0.572375955759841 0.200596013105707 0.146643475508093 -0.0512193207330693
-0.590182919932453 0.00849678452518126 0.17573251741401 -0.0349339785409954
-0.548468659964721 -0.155896656026349 0.214087446364373 0.0213475447219954
-0.491555693796332 -0.347891075527891 0.205339319779335 0.146420443945834
-0.480055283448061 -0.533084740375418 0.112822400879878 0.154995732596262
-0.352287659018055 -0.480068308718034 0.112446620592451 0.210376641402053
-0.32715037739411 -0.42763178762872 0.149488297058812 -0.0817246170192801
-0.399163335826743 -0.411073863270597 -0.0604517999654392 -0.242008069061026
-0.524352539712857 -0.332562623824355 -0.224235180804019 -0.0904375303857094
-0.656214617155724 -0.105586953021027 -0.279697638552607 0.0520743500267451
-0.621336888246618 0.163926139259633 -0.235139869890924 0.139858055201576
-0.501796199407904 0.364649740954068 -0.179594349774336 0.184783710895436
-0.418310901973006 0.364352903565108 -0.134609859518116 0.215203812141451
-0.369193336229151 0.395249041044711 -0.115217015327439 0.166134677186496
-0.46389377971261 0.296038021989354 -0.0620593915626864 0.0894383563221168
-0.474368605077035 0.111698334408304 0.0197282731142136 -0.0252885977413387
-0.429441692325778 -0.0297259559558698 0.159661780511575 -0.0522268811271939
-0.417994103749306 -0.08985259511888 0.299410633533127 0.0623691442506511
-0.444645491741629 -0.236751506380047 0.317497665162538 0.253183179309088
-0.477676608383409 -0.449782968270649 0.229124293471731 0.321705645225498
-0.275274566928875 -0.335254609820636 0.139702997099888 0.395026915627821
-0.217177885474761 -0.292244831584692 0.151155055003717 0.107117293172602
-0.262042761014467 -0.328117067449851 -0.0199875441044281 -0.0952535340708495
-0.388966556447573 -0.29371861435994 -0.202353208082581 -0.0848708263866228
-0.521768728692657 -0.0960729318130147 -0.399140195383779 0.0197708739758369
-0.497901449207579 0.128362986791364 -0.426676557471542 0.191715731832433
-0.404138780396678 0.281166683978635 -0.364732138137075 0.296440008208517
-0.343406076693886 0.269596766642571 -0.286121022308665 0.346181700380252
-0.305166373887897 0.264031859967205 -0.260754162956629 0.268281459595647
-0.352593663741476 0.157699107664709 -0.189569285473007 0.130012316045604
-0.313863697413362 0.00954688273464659 -0.0601261985543567 -0.0490670634870069
-0.22983318573724 -0.0547648106343426 0.181521130194804 -0.0613932641133248
-0.255805952209399 -0.0239877106317597 0.357483583850875 0.134978963691626
-0.346575288848483 -0.123739446595799 0.359188735681946 0.34218646675345
-0.401917263085348 -0.322855764508761 0.31916819949327 0.436987572716706
-0.17103112661787 -0.131691424216025 0.138453801294261 0.515505975725277
-0.0992552389650744 -0.0871182978038817 0.155487359972956 0.245514780441155
-0.0965742905479572 -0.15389560960542 0.00668921355171904 0.00497159932868151
-0.173363639437855 -0.17316485636279 -0.209910311604933 -0.0831112426862715
-0.279491696615164 -0.0668612311628538 -0.495200025926387 0.0249450610283613
-0.281651453972042 0.0626043637733008 -0.551390125975547 0.255035067871612
-0.240875489288663 0.144973948426789 -0.483551310824946 0.387277342349761
-0.214652542129472 0.134158322246613 -0.396053305021781 0.422140044138044
-0.196929056685475 0.10919077018901 -0.373520962781939 0.308256803465449
-0.19955900600835 0.0295254794577991 -0.27612168396017 0.109061112001896
-0.138304487025698 -0.05140658602717 -0.082392238081059 -0.0987831875902301
-0.056277273509768 -0.0447231128601571 0.225285129894004 -0.0412802327296195
-0.110284221613652 0.0286834184824471 0.363196446870093 0.231084671262392
-0.218637253471092 -0.0272812199814307 0.323727997413947 0.398861016373766
-0.268017073586231 -0.165187652148169 0.371443896894223 0.497713206178176
0.0579902867470131 -0.086102687019244 -0.387104237958714 -0.442908158694064
0.0327652317371802 -0.0935851146278844 -0.26723434094509 -0.397248428745494
-0.058583370509951 -0.0720984628749478 -0.304790776476397 -0.314428740570212
-0.095672008052033 0.0140018623445285 -0.314765661148924 -0.00311352491411731
-0.0460363649189081 0.071463777621206 0.0297729157816364 0.164471331440658
0.0027947057409173 0.0634300228164674 0.311370412412436 -0.00912924863939707
0.0335614462941721 0.0435866608587596 0.434468328115884 -0.248324187639538
0.0409504607602076 0.029169491592822 0.464788952946059 -0.407279153906668
0.042204002326541 0.035062597683004 0.510441804411191 -0.434708862679552
0.0186875003465811 0.0429881337973707 0.561714139067314 -0.329347791839203
-0.00513443240143961 0.0694112472850704 0.529492953910602 -0.128079722758188
-0.0900232824952676 0.068312258852218 0.293676372450158 0.0328243694501676
-0.116127436675022 -0.0343085852128771 0.0425679669427282 -0.0581171128982986
-0.0108183015000357 -0.0920619018396423 -0.104800462323521 -0.251685436796789
0.0603380517812143 -0.061014798858392 -0.0759360954933221 -0.533352308037984
-0.111558247500783 -0.248671765447586 -0.313926484363818 -0.425352558801241
-0.137607061479164 -0.196220091317564 -0.171127928773189 -0.407665450807261
-0.20916937579388 -0.116977773020244 -0.225992535423588 -0.392594680235008
-0.222273194865511 -0.014936908945859 -0.308460542565947 -0.0672391643267184
-0.203745403202835 0.0574842662034357 -0.00780050365546061 0.160341494842595
-0.169165058971736 0.119472436267078 0.285925583880253 0.0262646921629294
-0.132391224567262 0.169939736010616 0.427339791192221 -0.197933369757524
-0.123369479902371 0.170189609996541 0.440630200453651 -0.358425706184503
-0.132161824675073 0.206049243742427 0.46169000988373 -0.404633190567647
-0.217754484496974 0.169499907408791 0.511458481621965 -0.325752823657368
-0.264565211526232 0.0971322467596785 0.50379382670784 -0.146584106485014
-0.334521630675383 -0.0102795525867777 0.281306649688183 0.0190233320852033
-0.300515166620014 -0.175570644370677 0.0381084267230468 -0.0485255884426496
-0.153661479859594 -0.289396573485407 -0.106897995765529 -0.203806107602128
-0.0839031015910598 -0.290154592919188 -0.0987873045296153 -0.431824181021145
-0.258264399576837 -0.400061765519607 -0.201650671274496 -0.341154457333567
-0.295803895341398 -0.31610529774022 -0.0592781735300838 -0.400293184254024
-0.358456569271014 -0.188684055511864 -0.164584169353236 -0.444420013056817
-0.354926267151615 -0.0654041662151098 -0.294119874272015 -0.10764253562949
-0.366866434911098 0.0254785177609485 -0.0437105496531855 0.148403294454796
-0.344857239495009 0.153147494551928 0.226683553891797 0.0535824886513353
-0.294128204635612 0.271708222622613 0.35485905210399 -0.124562961010867
-0.268735286107341 0.287798743021862 0.350429857221561 -0.255826167453632
-0.266294699933024 0.353020895628047 0.350982855297099 -0.307670309419536
-0.392267812665036 0.299425517232536 0.394495880165893 -0.266051460828148
-0.461688212182293 0.162787313969822 0.414468567420872 -0.142455642818831
-0.531823044172433 -0.0163770960803573 0.251172061066648 2.21933184489504E-05
-0.472425036907124 -0.230949631854001 0.0677276148663398 -0.0243341598160476
-0.313748345699741 -0.401076142049777 -0.0533518331895574 -0.0981207409056746
-0.243487315824285 -0.453982560492451 -0.0760479965021308 -0.255201117287015
-0.348508469839587 -0.50067389602007 -0.072935885228182 -0.195126670728744
-0.390010449687912 -0.417036786004949 0.0482327805106411 -0.354582648413939
-0.457675306758487 -0.281784836393297 -0.124486357827563 -0.448757152980344
-0.473072426877733 -0.1539484898715 -0.278773614212454 -0.118974133743659
-0.524757808278758 -0.0209752102857727 -0.0912085764232631 0.128180904395742
-0.49994812112151 0.169420420895187 0.122283151806994 0.0761214573812486
-0.424503906839844 0.341733131798196 0.218499206661439 -0.0359817603284494
-0.370690773535154 0.366142878209346 0.208312362792666 -0.110606303315996
-0.34422348353308 0.439922634831874 0.204495968275504 -0.156431369833355
-0.484541044554346 0.380314323498583 0.246518870232852 -0.151162512196855
-0.56139532904423 0.214031434865931 0.285602154518471 -0.103522309301942
-0.618759095056754 0.00760668446925954 0.208696039553019 -0.0149725955763713
-0.561994399006466 -0.207971599269428 0.129674170823699 5.39824992397523E-06
-0.434366400054813 -0.405647067705546 0.0594597981972129 0.0261061158606855
-0.379366463418642 -0.524833984698783 -0.000304240108322136 -0.0472342316741717
-0.369935647161833 -0.526131955820201 0.0378357998059937 -0.0063132837364888
-0.388257190923914 -0.45495011178718 0.120395317231154 -0.247608373230304
-0.46217880641897 -0.368836475544379 -0.0940868647418585 -0.375032167220611
-0.533014035478257 -0.26150401084189 -0.250433594940316 -0.106648504786809
-0.631871993715197 -0.0733520036391377 -0.164463750756283 0.0920682892559629
-0.598999099946248 0.172162732128955 -0.0358266776630469 0.0993455359815436
-0.494422604399284 0.369912762893719 0.0323016453856435 0.0658822500178739
-0.420641031728181 0.388297194708757 0.0409688213579035 0.0517855535118347
-0.374528377704148 0.447157912486273 0.0468393030018246 0.0134199068220063
-0.498143617209606 0.374522373922098 0.0912369562693211 -0.0175913207942292
-0.552711480845306 0.193113851406742 0.144631486674332 -0.0520096015987679
-0.56798046742145 0.00169500018088692 0.168835180517809 -0.0294430860237428
-0.529109790581359 -0.151023069969677 0.211035576745475 0.0237517935886618
-0.469672347671346 -0.332349771287044 0.196847694528143 0.143448984555011
-0.45383641897188 -0.507178826030798 0.109976451704466 0.150480757682032
-0.33471390922429 -0.463631285211024 0.104635597532245 0.196645209869495
-0.311062163663198 -0.412843282092392 0.144252441787433 -0.0807720490240712
-0.381222453395224 -0.392745556185434 -0.0578408343792731 -0.238057146167642
-0.501754620107232 -0.322832254853454 -0.214151835491834 -0.0915106352813508
-0.631667664329411 -0.10336000067577 -0.268352452066939 0.0453435131734512
-0.597889724775792 0.156848974751038 -0.230555245391672 0.130616394964216
-0.483621966520219 0.347766942384929 -0.172814046846467 0.176584527865147
-0.406983536273774 0.350558096647548 -0.129295516039429 0.20779276941704
-0.3587686966325 0.374332696484337 -0.109468691356325 0.161344368412105
-0.447331917222844 0.282862755200327 -0.0563970891123229 0.0857309776668406
-0.458471491540484 0.107045695307633 0.0217388429707275 -0.0279036779162727
-0.412473666405172 -0.0321363998409917 0.154809217693856 -0.0484236211403074
-0.401361450688148 -0.0857407258593048 0.292888613879047 0.0616688137688515
-0.426193240616355 -0.223956661173553 0.304391964450601 0.245468180096216
-0.454314453418305 -0.427425830025717 0.219575436596268 0.310425771451488
-0.261520279913 -0.325845261789314 0.127836974217118 0.376894479362902
-0.20577162641199 -0.281452993362371 0.144192495339543 0.10057592345984
-0.250077727861224 -0.313646882514335 -0.0184033451606367 -0.0962267625149661
-0.373259447623416 -0.285234000941499 -0.192256733695236 -0.0867716196943737
-0.502996122084062 -0.0933232587467558 -0.383521569290179 0.0141361928035985
-0.478685203885866 0.122746852322458 -0.413654927345692 0.179018428065675
-0.390538023528261 0.26883328567814 -0.352206276629644 0.283913333388607
-0.331890574397537 0.258439893628745 -0.277905275862808 0.332753100162842
-0.294554593768817 0.248809744532281 -0.250692859288319 0.258710636598803
-0.338719579621566 0.15060349199417 -0.180502049591527 0.123849188891415
-0.301817134736001 0.00911717013979166 -0.0561693195167237 -0.051183381925346
-0.219676166938816 -0.0556926541020815 0.177417545625755 -0.0575346668509715
-0.244640472299243 -0.020226773283794 0.349467170955114 0.130984812539523
-0.332761308392343 -0.116650155422568 0.343245574196756 0.330981476012207
-0.383703990135028 -0.306411780798902 0.30334545417074 0.42253581471372
-0.164165352144243 -0.129153604577143 0.125272439430511 0.494028755074473
-0.0941077643398989 -0.0830746447394107 0.147730410068907 0.233077470379506
-0.0921836585075395 -0.145185975214088 0.00866877316518449 0.000234163518479826
-0.166313675457621 -0.168520066224634 -0.200010236303839 -0.0857908647734884
-0.268859880003471 -0.0651939837540041 -0.478051338731132 0.0181880711085295
-0.270930201015665 0.059831463866611 -0.536964876078523 0.242456548044784
-0.232420240294667 0.138526177498385 -0.4685454808012 0.370040025063525
-0.207623876801984 0.128521118145184 -0.383180093527609 0.406022615002873
-0.189446847721059 0.101697776153416 -0.358946235527932 0.298332558050696
-0.190346247693106 0.0263068972183111 -0.265261586340155 0.102487538469854
-0.130916450922995 -0.0501883442687805 -0.0782661709825046 -0.0987414567334531
-0.0526403903170773 -0.0435416581253332 0.220530672729145 -0.0388318116315407
-0.104915052310578 0.0307416000649896 0.355172340392643 0.223271539048091
-0.210722150857791 -0.0245940628091461 0.310103458730172 0.386481584714507
-0.256884272073768 -0.156585117693662 0.352116151649658 0.481140955205039
0.0582851781286817 -0.0852043484701686 -0.372234183133353 -0.450820637054555
0.0343780952329289 -0.0949312483554845 -0.253887611191486 -0.399439817643979
-0.0572004799772323 -0.0747823056018127 -0.302607513284783 -0.320617759952944
-0.0973817233165256 0.0127619502149985 -0.319822112680324 -0.00667092643409399
-0.0485017336726753 0.0718288443508195 0.0233238431214104 0.167429189145023
0.00277198017638588 0.0641425852039123 0.310256729487493 0.000308235849813993
0.0323097102343776 0.0451693476118637 0.439021806552336 -0.239091563267495
0.0399697544682353 0.0301451599042153 0.472090688020724 -0.402332275632749
0.04145740551731 0.0357017772199581 0.521657208266325 -0.424541638349318
0.0162326279557616 0.0440086684763449 0.5717717405906 -0.317160967364853
-0.00629025806319546 0.0686022576396659 0.534089625049066 -0.115625784073803
-0.0912231716721186 0.066275955757536 0.29338382194967 0.0432309562579767
-0.116799718008261 -0.0368549483899748 0.0395220524986398 -0.0520725940229812
-0.00650454425074508 -0.0936271667617357 -0.10300812959768 -0.249360151897929
0.06311930908024 -0.0613415693130441 -0.0634913218851989 -0.532794786545029
-0.107190788614041 -0.250585812201385 -0.299323676842154 -0.430443228264957
-0.13356371766529 -0.20009597837027 -0.158736669506896 -0.408416207644135
-0.2070651232593 -0.120022871411296 -0.222132205441922 -0.398310294737465
-0.221725162339813 -0.0185404961721765 -0.311623939239135 -0.0723678234826462
-0.206472275652032 0.0555067441578065 -0.0140649512254844 0.162028799297573
-0.170563195959848 0.117193598071015 0.283328167720136 0.0357539821110645
-0.136274516673761 0.168045413289737 0.431225278564805 -0.189098899010104
-0.128778453894628 0.16797455170201 0.448488318578761 -0.352294000979236
-0.136527260717958 0.202147116653307 0.472958003621129 -0.395838810362477
-0.223219691615776 0.166406503274068 0.52214017887 -0.315918264518546
-0.266960922969002 0.0930449394446305 0.508985392356535 -0.136359405813419
-0.334053114524144 -0.0184946514084081 0.281210175738918 0.0288902842886647
-0.299018033734882 -0.181482297052217 0.0375123681993201 -0.0422499260565826
-0.145954941775826 -0.292736677936705 -0.105842247961911 -0.202121285019816
-0.0744017491056412 -0.291427936528416 -0.0879740999355863 -0.430830662074228
-0.247649844653021 -0.404615442975693 -0.189925375133478 -0.348237911948093
-0.288561170267077 -0.322034962242367 -0.0467339629177117 -0.398402449100318
-0.355352715715891 -0.192818512847416 -0.160248770085965 -0.449323918957908
-0.351797897271564 -0.0707305082790247 -0.296408884626388 -0.11338704225411
-0.367158513693274 0.0200603406898334 -0.0483774152740736 0.148483403176146
-0.345219245243018 0.147377114951899 0.222115738749545 0.0601146877809602
-0.301530035757885 0.266507632193035 0.359758743147235 -0.118442815272273
-0.27683001213378 0.284733511877104 0.357830517827875 -0.249297711709657
-0.273312140720002 0.345214392777416 0.358403897806078 -0.299403577662434
-0.399261157460735 0.29278498162264 0.403732277923704 -0.259152947785497
-0.465602726428694 0.156270317701881 0.420493242676063 -0.136514208411204
-0.531404166648604 -0.0279062595566867 0.251364358768702 0.00910534639695087
-0.471048642528353 -0.240552779475808 0.0694208344893342 -0.0180394436690882
-0.30446293837816 -0.405150206530433 -0.0531998604818984 -0.0963837361969074
-0.230136232850429 -0.455413227328278 -0.0680586533564668 -0.255170580891625
-0.335434506000448 -0.507592534079405 -0.0666666693010974 -0.201985740211836
-0.381453818656327 -0.424047369486803 0.0587105898375949 -0.352606353666716
-0.451235370057757 -0.287567388026469 -0.119452325697184 -0.455109556922539
-0.467534746519105 -0.162636175116027 -0.277957092725013 -0.125077223073344
-0.522652671831317 -0.0295572545473035 -0.0939604331634835 0.126337208044791
-0.501630102954627 0.160760901412543 0.117017042551087 0.0797734706636931
-0.432376082518825 0.332504222708448 0.221921792170576 -0.0318007989948803
-0.382962072246043 0.359009345112517 0.212935359669207 -0.107552767834127
-0.353100116612514 0.429213898839166 0.210603446376364 -0.15124633427469
-0.493533472684019 0.371876782035774 0.25437349146642 -0.146737844923943
-0.56713843061782 0.206085396846492 0.29118749564664 -0.101103725431642
-0.619276152817538 -0.00961839934309009 0.208904699288472 -0.00621550399680659
-0.558366171431776 -0.218211949527321 0.132770496383358 0.00603057323154117
-0.422888556813046 -0.412055609274162 0.0573711501686081 0.0288780419657714
-0.363170433215881 -0.52662732973632 0.00288705144439197 -0.0458494947497834
-0.356412253897465 -0.53367824828985 0.0362168112100367 -0.0111099643078592
-0.37781047022466 -0.462009548148106 0.126617419782258 -0.246107773608605
-0.455379211461495 -0.372844772173299 -0.0896123615283169 -0.381617622931156
-0.525139873406011 -0.270886664262364 -0.248651239145479 -0.114226138253295
-0.630577761523543 -0.0849023450624086 -0.165135868723385 0.086155514680835
-0.600789044415947 0.161228499388087 -0.0420377120197286 0.0979679202323591
-0.502391805445475 0.360505858206735 0.0331493883919506 0.0667272005261484
-0.430157156351659 0.380896664826573 0.0420075780477382 0.0530323525639912
-0.381978904798186 0.434909915630982 0.0492357295686421 0.015855067014317
-0.505999372175693 0.36432982235903 0.0965691888123021 -0.0158957692733432
-0.55890387902629 0.184630287230058 0.148850659316522 -0.0523600195429954
-0.569410567655301 -0.0121330200175702 0.169890698413384 -0.0223938535565469
-0.526428730333901 -0.159288540542644 0.214784882787037 0.029433235857086
-0.460643268499563 -0.338344491299702 0.192516698883755 0.147880041572168
-0.439411388656391 -0.510237219171626 0.107636687372417 0.153759769554281
-0.322472241109277 -0.473112587380621 0.0953522929982033 0.193566349742865
-0.300721271638309 -0.418051873288029 0.145024244148627 -0.0795339531534696
-0.372373342381906 -0.394735108849882 -0.0550230150000889 -0.243440393575724
-0.494447267882885 -0.334309203359647 -0.210478914913758 -0.0989555211330564
-0.629736136859375 -0.115639909671793 -0.266996262190039 0.0362766695927909
-0.598365988888037 0.145839548668357 -0.237499741785711 0.124752495714842
-0.492026325204666 0.337507265644219 -0.174635420560315 0.173314028698963
-0.415614539020929 0.344154538847419 -0.131336072883297 0.206116550986127
-0.3647630658139 0.363963206418928 -0.110165840365387 0.161474587950102
-0.452477215322946 0.271992843561576 -0.054395161758488 0.0839069831653572
-0.459178533015194 0.0992920778815714 0.0240224005305638 -0.0315758270215656
-0.410535851845841 -0.0450042789808813 0.156829097123605 -0.0425368856639232
-0.398485667490485 -0.0908839966877489 0.29754109378722 0.0678188146166778
-0.4193637109046 -0.228269618374408 0.299302038240204 0.251771498741589
-0.440658716687112 -0.432027084857531 0.211940750933097 0.317031900383683
-0.254308264742964 -0.332730600574769 0.113771224467744 0.376225670683039
-0.198333267945175 -0.285281188282692 0.140375545999636 0.101029418704993
-0.243357603405349 -0.314484132557045 -0.0156576622445941 -0.101239149691114
-0.367214767705691 -0.293856475914194 -0.188007463953917 -0.0948097737238072
-0.501621428915558 -0.104149276808998 -0.382726605936752 0.00204329439578779
-0.479662948685963 0.114605888207293 -0.42216912103748 0.17015107623749
-0.39614333834079 0.261182418264606 -0.358885253359776 0.276653257352585
-0.336962449567724 0.254493162872341 -0.282529863046531 0.329254274539904
-0.3009893818816 0.239205450243793 -0.253642349653485 0.256831290872069
-0.340945713821784 0.14194425816053 -0.180792340641913 0.119928796926348
-0.300649131490512 0.00330419011150343 -0.0540708394659152 -0.0559005796317009
-0.216078859678901 -0.061537482771572 0.181128376762215 -0.0536265300805036
-0.242741007407698 -0.022144271799764 0.352774412818819 0.13654499016634
-0.328962078869916 -0.11940661731742 0.336635953906242 0.336638021926602
-0.375556494877455 -0.309863945294472 0.292939489582702 0.429081388134972
-0.162385159719886 -0.133779765476717 0.109266689624208 0.496523377129497
-0.091509915666222 -0.0842897310918801 0.140900781321837 0.23279336014101
-0.0892039700651862 -0.144286106563905 0.0100272658324028 -0.00477206003918316
-0.163445199263388 -0.173036318173744 -0.196622401838487 -0.0947681514645737
-0.267710353306972 -0.0714181832737025 -0.47868815304947 0.00740129420495901
-0.271266467967539 0.0557221205509838 -0.545726014849334 0.229760813171919
-0.234820220630115 0.133497216564192 -0.478632153838579 0.362812007763403
-0.209714185965056 0.125955507947911 -0.390786364340028 0.399233357287479
-0.191468226914517 0.0954744253071462 -0.364086384733374 0.29224803351369
-0.189554741045513 0.0212079642563442 -0.266080247856809 0.0970772771049762
-0.128497302440138 -0.0530468779495004 -0.075342049154016 -0.103267625299946
-0.04937620177954 -0.0442206490898489 0.225594928080443 -0.0354908141115496
-0.104308825735197 0.0320097053937316 0.356766818303951 0.229518200923871
-0.210478665559617 -0.0261748768056951 0.301359365532704 0.391958118534435
-0.252510011641703 -0.159506824033539 0.339114994202177 0.488674669238232
0.0601072754250716 -0.0877554263696275 -0.375589466784063 -0.471104820851247
0.0363963489142486 -0.100702801543145 -0.254251563048214 -0.415455264407718
-0.0599760559488056 -0.0791025759872158 -0.31709469542064 -0.335658253587033
-0.101621943001007 0.0129569564680197 -0.338493399885528 -0.00674031820709523
-0.0516907772265948 0.0768297456168088 0.0194960899077841 0.177698833817794
0.00312086780797456 0.0675328013856085 0.322081181069893 0.00640519007907543
0.0330509969505105 0.0481868768922179 0.460094903365859 -0.246093346049079
0.0404478796810641 0.0324897077468531 0.493986874077992 -0.417362723478687
0.0417818951133269 0.0369678048801344 0.547008640550396 -0.440584223091003
0.0150016431358163 0.0471988024988652 0.59962499334669 -0.326033423309417
-0.00712426852676242 0.0707487136303892 0.557525442161416 -0.114394824500315
-0.0956211595977285 0.0676459784467722 0.304708553339016 0.0525967733132092
-0.122417581536803 -0.0388849843198908 0.038332066544977 -0.0479742181504914
-0.00315056704985798 -0.0994801187193225 -0.107022911334703 -0.253805336940642
0.0675652196395043 -0.0656454272286356 -0.0593759918848144 -0.551667594652008
-0.109835434647814 -0.260822388735829 -0.302612426275653 -0.45190458759478
-0.137306697117733 -0.209751186715483 -0.155700551309715 -0.421386468713951
-0.215335549969277 -0.12574686079727 -0.234262561618202 -0.416544679612515
-0.23012713510258 -0.0198429298680136 -0.328269557179424 -0.0758758663634353
-0.215798538567158 0.0585949234077657 -0.0180825024778397 0.170835643443963
-0.176745683900064 0.121303464466275 0.292886116229248 0.0427388339679196
-0.143611677808459 0.173421930614538 0.45242478968545 -0.193088070659937
-0.136598442606485 0.175484542531146 0.469659252909399 -0.366341753768836
-0.144196024031057 0.20799308683436 0.496986565069063 -0.408734989545749
-0.234538142775019 0.173246462853986 0.549051756169756 -0.326243271082452
-0.279294688267875 0.095933729706319 0.534580950823021 -0.138636505350165
-0.348590222293965 -0.0240182928773206 0.292501856349231 0.0371243616311782
-0.311111033240611 -0.190808914687765 0.0379366499229466 -0.0386274391100475
-0.146335372594666 -0.306345266771041 -0.111021880109789 -0.206046982533868
-0.0723429504911214 -0.30369508640595 -0.0850412394779824 -0.446500415374362
-0.254170474974364 -0.421977040959995 -0.190932239062062 -0.366179895391667
-0.297609604901551 -0.337674590608665 -0.0406669571447748 -0.412948830327968
-0.368303274354999 -0.20014075438842 -0.167909473893877 -0.470873843486189
-0.364215920283615 -0.0748671936995926 -0.310711578784416 -0.120486594523772
-0.383061023315487 0.0216044999720221 -0.053596768857878 0.155482200582383
-0.358815178466163 0.150831261147173 0.227540913037362 0.0677548665869028
-0.315129127520929 0.273729954293702 0.377499453885805 -0.11990798423839
-0.292489132406924 0.295072217814655 0.374963887518274 -0.259043963276392
-0.28769446617506 0.3537627400002 0.379775699749215 -0.30963054720103
-0.419982110639195 0.304149543408405 0.427979558831041 -0.268232544801414
-0.48672957826952 0.161381529496952 0.442777687355557 -0.140898909028742
-0.554598174462248 -0.0366898078971682 0.26191923311478 0.0172589502560672
-0.490215496692651 -0.251474172213467 0.0739075766389297 -0.0136975731295453
-0.308803564789917 -0.422757936808864 -0.0575177717890007 -0.0977226257742407
-0.231101890970363 -0.472563814295308 -0.0656750730917397 -0.262984819692112
-0.342066863644322 -0.531419437143503 -0.0669454562589261 -0.215635032352348
-0.390742505136398 -0.442459560435392 0.0670155437317193 -0.365364464397331
-0.46672235028977 -0.297647231024476 -0.125566659440113 -0.476151011781805
-0.48108424505371 -0.170975289843731 -0.290256384802118 -0.133239698620392
-0.544391751324937 -0.0327960847794743 -0.0989128145736672 0.130050042818985
-0.521214618722431 0.163631063024074 0.117210081236411 0.0849357317945665
-0.452123514586845 0.341145680078388 0.233670460541373 -0.0314272078965376
-0.402131061010534 0.373474609233729 0.224386166378128 -0.111208925178197
-0.372260290531932 0.440806471410063 0.224427453884521 -0.154550780320526
-0.516011046300756 0.382766397627405 0.270503383802249 -0.151914907438148
-0.59026444693405 0.212310474731654 0.306673689182091 -0.106908696577843
-0.642366560047597 -0.0164597285433271 0.218244663792952 -0.000117491057803191
-0.579313257033784 -0.228736750533698 0.140888422230631 0.00990152132335463
-0.432899494503892 -0.428345532425734 0.0577918844734773 0.0324982693951891
-0.369398162357534 -0.547380484358198 0.00630164883267081 -0.0452002639437764
-0.363843744830477 -0.558536200614384 0.0347471413161765 -0.0165181806885059
-0.387295495019786 -0.481108253352049 0.134575338657463 -0.255619463027628
-0.468979390387941 -0.385330969111772 -0.0936024462053117 -0.400731795755689
-0.542500551915539 -0.285973212706798 -0.257795999517953 -0.123423261030661
-0.655093634631472 -0.0907480238920438 -0.17203023243901 0.0859513224216506
-0.623950396060887 0.162690350971959 -0.0488517929630706 0.101419695801429
-0.526492052334111 0.368644580807394 0.0367504659842684 0.0698442531726414
-0.451834106966463 0.394750750334938 0.0452387664630708 0.0552201558842346
-0.403617737066961 0.445400863575386 0.055010230108894 0.0188800068777569
-0.529371667603386 0.37534035394513 0.105156117673276 -0.0172896413411556
-0.582460815138558 0.190932555487385 0.157432811082202 -0.0579921043355386
-0.591360693220961 -0.0216508447038488 0.178371965161078 -0.0177635463531966
-0.546535736461132 -0.165281964058658 0.227583972217492 0.0326459190392548
-0.472387032284122 -0.351477195735425 0.197792531417658 0.156158493031401
-0.44689362718186 -0.530530933778142 0.111035838259484 0.162610610055579
-0.329436050402201 -0.495798203850637 0.0922074838954891 0.19840695139067
-0.307005305061791 -0.437254504210192 0.150478036803937 -0.0830984589164801
-0.383948499051678 -0.409948237497876 -0.0554888644443102 -0.256750444183875
-0.510557374552852 -0.352309986692872 -0.216659235138834 -0.108681017427045
-0.655643899814971 -0.124074376276358 -0.277092461526579 0.0312810690660938
-0.622270685385993 0.148759677574346 -0.252336854633677 0.126844808156108
-0.513782909032955 0.34674681256755 -0.181878757216741 0.179819300617546
-0.435300789128526 0.35634737956799 -0.136269013350076 0.213973241098501
-0.38390175452252 0.371831513553841 -0.113017678063175 0.169243107989314
-0.470712679271283 0.280331616030143 -0.0531982166280912 0.0853958285027927
-0.477997207188667 0.101085894400093 0.0270466993281629 -0.0361031933019467
-0.426172133771399 -0.052724221842523 0.165696999190511 -0.0405837928194334
-0.412451587085794 -0.0925189974932045 0.313719428413396 0.0712062304128503
-0.432241737274215 -0.23673379867998 0.307711378926267 0.264555263461752
-0.451198098716016 -0.449751624991377 0.216490697014195 0.332323098877676
-0.26116462978858 -0.349370499738779 0.108760769362128 0.390985695718305
-0.202620419797639 -0.298559306062896 0.142784413840567 0.104253121907852
-0.250811213000349 -0.323895603757603 -0.0152072124439281 -0.109374141121752
-0.379481614897877 -0.310294208080063 -0.192522514053013 -0.105019110691569
-0.521260439764422 -0.110709156202878 -0.39779670390307 -0.00564411269466752
-0.499590929830007 0.118045874165848 -0.445086706292492 0.171150487304807
-0.413663947676618 0.267134296495232 -0.374661938736276 0.286597585973627
-0.352740335628052 0.262589721065609 -0.294993527418293 0.341224575313084
-0.314431236330361 0.243759734303271 -0.264272430401399 0.266998306837131
-0.353380749501891 0.142699124285928 -0.186735566964138 0.122520970885782
-0.311597087005981 0.000957060790495153 -0.0550682564670196 -0.0618944084157805
-0.22275038222908 -0.068260223179817 0.191846630832401 -0.054262620357858
-0.250307609568821 -0.0199956594105891 0.371425119858112 0.142470133272309
-0.339168974000669 -0.121955349733796 0.346991942942341 0.353093003346318
-0.384420711877411 -0.322023851286873 0.299330504303357 0.451590519799636
-0.168496696952991 -0.141863392787603 0.103539396944375 0.517760404595056
-0.0931735813882486 -0.0879414591441021 0.142111847173399 0.240696863170163
-0.091270077354558 -0.147774088788354 0.0129948948895172 -0.0096284866326616
-0.169123651821743 -0.18236230602643 -0.201881248043449 -0.105501813645384
-0.278669863021584 -0.0766672956564273 -0.499970297560608 0.0015393899738632
-0.28221698572348 0.0562078557294483 -0.573960541806177 0.235327163237676
-0.244801243826165 0.136970257365497 -0.500568391005983 0.374593342692832
-0.218408579755636 0.129859485600418 -0.408567067655926 0.415056391673357
-0.200538897777964 0.0955266913001669 -0.378669962957362 0.302113901957212
-0.196256813979707 0.0188316179546935 -0.275960874144391 0.0982645989313115
-0.13143124458433 -0.0571752765902961 -0.0767613160131747 -0.110957320303143
-0.0490863256627498 -0.0473679885951285 0.239669044486641 -0.0368133086965075
-0.10671054198354 0.0364589821521477 0.374273509561581 0.238588646192626
-0.218018322115033 -0.0256021413194362 0.309309402729624 0.409951218088476
-0.260988158157791 -0.164863009580874 0.345524613716177 0.511581269140855
0.0597440644635727 -0.094966154915023 -0.407089716052087 -0.490015531747008
0.0352718499711201 -0.109371146289919 -0.277330283706042 -0.433028996557791
-0.0669271490654902 -0.0829825276983698 -0.353294574650735 -0.345094085151961
-0.108202021419348 0.0176973710054877 -0.364582219570369 0.00791802547206696
-0.0527748946192701 0.0856450368726696 0.024180540393986 0.191813614256331
0.0065328696887999 0.0720394650303174 0.34169268122917 -9.44324882669084E-05
0.0361141056461879 0.0507224599034376 0.478359805249193 -0.276646904407993
0.043854080736023 0.0332932212292216 0.508630118266446 -0.463723637024327
0.0450902249496437 0.0374640572387667 0.569881902091996 -0.486998965888193
0.0163510215307312 0.0504010589044752 0.628866506306606 -0.368007428741524
-0.00517417229490568 0.0745355584015593 0.590203288843939 -0.139534923580105
-0.0995023877812587 0.0744876652137999 0.326629548501154 0.0514959487790679
-0.131869338731777 -0.0368612238591362 0.0361348442922472 -0.0461505925897453
-0.00400593075050582 -0.108801162860549 -0.12421617861859 -0.25998347986405
0.0706305133164242 -0.075096207276101 -0.0808168582176624 -0.58258861863098
-0.124841480190163 -0.272307457275268 -0.329349305392144 -0.473512346737122
-0.153041159362658 -0.218313868091825 -0.1722035454193 -0.440511512509775
-0.233290408533086 -0.125422852718645 -0.266814720841108 -0.434534750296564
-0.244502045074652 -0.0126168835736829 -0.355984333044253 -0.0672190800812361
-0.227566000171813 0.0726063028599173 -0.0159337881662086 0.184271251176545
-0.182036693470239 0.135002892034819 0.310183250888241 0.0395801283660112
-0.147722994591988 0.189524036930448 0.475321811267273 -0.220367328592163
-0.140293699199397 0.191533133087848 0.485818564841157 -0.408300019811612
-0.146640385802404 0.224227877414802 0.516073995511604 -0.451912575071597
-0.245253884132901 0.19329087647137 0.575970801793227 -0.366970513570247
-0.293847648924884 0.112022247433364 0.566077109512492 -0.165555233870342
-0.370872478794157 -0.0152946454785983 0.313000008442272 0.0363629041717831
-0.338466788627194 -0.191085666497443 0.037941127119695 -0.035856271558031
-0.161057008865079 -0.322446893013929 -0.12669337648546 -0.209505995379267
-0.0846391683430251 -0.320835190181798 -0.102505686056123 -0.469432331191475
-0.280486372314637 -0.438655950603211 -0.210855913299128 -0.38775206449168
-0.3249905955674 -0.346793692771046 -0.0527399758373751 -0.435512264820094
-0.397375893081381 -0.19660917763628 -0.197146296538131 -0.495136076913346
-0.386692231151578 -0.0662354008051882 -0.33828848117858 -0.116465264968338
-0.406362922211108 0.0396337239462759 -0.0523646260294084 0.167670643132933
-0.37342171558944 0.172898015483977 0.241140210964308 0.0676976803553484
-0.326920422656595 0.301055183343977 0.398893591362889 -0.140051052288244
-0.301461057023888 0.323768142536099 0.38962552075321 -0.290126547840383
-0.293948400701945 0.383657654781331 0.397007546224459 -0.34226183393601
-0.436601723491277 0.338342421802799 0.449464401346552 -0.301259209375216
-0.511296531049296 0.19010429543636 0.468693153105516 -0.167233160503262
-0.590847690990589 -0.0238099640230858 0.280903952151412 0.0155395841115753
-0.529615652253781 -0.248582724473796 0.0788484170080173 -0.0126826785606666
-0.33650084579306 -0.438497280166351 -0.0663360347084448 -0.0972547699340694
-0.257793521800622 -0.492423908432655 -0.0750016758221775 -0.273925382186394
-0.377869488775859 -0.551451636288506 -0.0783301429767223 -0.231539630539368
-0.428052277300874 -0.455814587930808 0.0627018409879815 -0.389625064213873
-0.504565551503426 -0.296250667790591 -0.1523708303898 -0.503694738348166
-0.515982584955189 -0.165645430182781 -0.315319441824461 -0.133090832746787
-0.578471339228638 -0.0119321301492744 -0.101579019843142 0.140762592367344
-0.544897052604633 0.191669414162793 0.123565644556576 0.0886898891571594
-0.469060106441668 0.376422064416372 0.250156032122448 -0.0417443537735594
-0.416016516685837 0.411002681312628 0.236007056958234 -0.126965516064695
-0.382004217206948 0.476827674549129 0.236720692141997 -0.170910946544361
-0.536569086381688 0.427560208011192 0.287697345542859 -0.173296479922993
-0.621235306882487 0.248880588386039 0.325678651021824 -0.127828014833425
-0.685507394319731 0.000288730760068258 0.234113764067008 -0.0015580746425798
-0.625649301239761 -0.221467483744827 0.15270404800711 0.00833166718850153
-0.469666488612593 -0.439131691543427 0.0602881423896261 0.0358093648891686
-0.40421713093473 -0.566374042690652 0.00785887813288943 -0.0458434939732507
-0.401654071736321 -0.58178667214024 0.0322878121476906 -0.0226670593216855
-0.423441087493638 -0.499309164993441 0.135936670201509 -0.275116259309142
-0.510524510997802 -0.388968758186513 -0.115608553552763 -0.424733460288949
-0.583161669318777 -0.287330850970484 -0.278317730954855 -0.125034965119131
-0.698526707234833 -0.0718654655158422 -0.179005965676327 0.0940912951412023
-0.654275484162289 0.194200428351082 -0.0532183566167618 0.110967333625518
-0.546227223018495 0.408131674395808 0.0439775095208544 0.072606408261885
-0.468880885336996 0.436827172195045 0.0521925398469484 0.0565640757593096
-0.415983006936977 0.481418456444251 0.0632706098781831 0.0193845556441658
-0.551594008855635 0.418326026725989 0.115875617830587 -0.0241956673900317
-0.611317471272991 0.224202497450943 0.166998486437385 -0.0711795859596186
-0.628871336590835 -0.0087994056351615 0.191146285181864 -0.0205908268967836
-0.584843952919659 -0.154246991144107 0.246920169908245 0.0273346260912267
-0.508191817487723 -0.354229095486021 0.212778091529864 0.160898869411355
-0.486866348328308 -0.545272420713863 0.12438745428942 0.17167756159856
-0.364584126213018 -0.516680572306002 0.097783656061491 0.206084460046568
-0.337489754035328 -0.452921957808019 0.155989930496008 -0.0924915201727984
-0.421002808349412 -0.417563894164613 -0.0692243321736517 -0.27560371723436
-0.553514427400638 -0.357061782686797 -0.233073997254538 -0.113617029212915
-0.700225022531119 -0.106735395249663 -0.293183151845845 0.0390009320568304
-0.65410702871791 0.178809230306128 -0.268971990997913 0.143702108087481
-0.533438287248019 0.38350786607359 -0.185971808598745 0.196653255401335
-0.451940790257009 0.394338413934442 -0.134728133474071 0.232006743768374
-0.398136762158624 0.401973650725876 -0.110682897029997 0.185590179431118
-0.491145697822781 0.31363378602428 -0.0504889410892924 0.0902510814548813
-0.502655846407062 0.123407578578379 0.0286175008936397 -0.0438815880277213
-0.453579998299044 -0.0472217623956105 0.176707074042215 -0.0460575175132411
-0.43980988084803 -0.0801963696021186 0.339716194766711 0.063407515563357
-0.459907006352206 -0.231869637772282 0.333539108135285 0.270253538069493
-0.48956123187712 -0.458197853418661 0.241000303486172 0.348885834773035
-0.288590745363912 -0.362655880562322 0.120828310166351 0.411337330202903
-0.222832247090743 -0.309510307976454 0.152306511158254 0.106848247175052
-0.276182795401149 -0.332016965145975 -0.019185917014137 -0.120118551377743
-0.414373916152537 -0.318226590594176 -0.20625921660265 -0.112154895417354
-0.557611135211197 -0.099247430539251 -0.424256372373061 0.00356702514694347
-0.525139980782456 0.142624268530033 -0.472559966355481 0.196471822762224
-0.430472132182887 0.296234686185049 -0.388291628051276 0.317634839707432
-0.36562499988191 0.291356033603783 -0.29977038087953 0.372262733769755
-0.327872949362527 0.264986788597255 -0.267971966257266 0.29441039510446
-0.370758606696392 0.163220113645898 -0.191759970058996 0.133988245830617
-0.329607739455178 0.0103078112593402 -0.0601983225625349 -0.0676027968809227
-0.237646374778763 -0.0667370654772945 0.205574116577606 -0.065084028151238
-0.263441011280493 -0.00822177653984015 0.403752869746572 0.136234584480354
-0.361188461527392 -0.11462464344004 0.378046082969973 0.362130883280876
-0.416457216527862 -0.327221025581805 0.329986802319825 0.471073586115654
-0.1853130993303 -0.145695133008222 0.120434708573776 0.548076164428525
-0.100685258904204 -0.0900904852556607 0.155976674525606 0.249414605424994
-0.10020156482622 -0.151437695858318 0.0150066260556685 -0.015837593657218
-0.186941234593061 -0.189417687748484 -0.216367645725132 -0.112500508067276
-0.299483266148959 -0.0726584275070075 -0.533053701023677 0.0147151649339759
-0.297042092630336 0.0701352025364832 -0.606362609159336 0.268622740667785
-0.254531203637293 0.152548782124859 -0.520967700903727 0.415890407223823
-0.226114855927861 0.145951434193194 -0.417844653471578 0.456774498357058
-0.210977382703862 0.106139192137956 -0.388717009284293 0.335713697653892
-0.206809583122504 0.0251467741103369 -0.288120262224532 0.112125372798792
-0.139518797862732 -0.0580422415802681 -0.0851487649635769 -0.11901375172049
-0.0517491529345249 -0.048644131207808 0.258403744219513 -0.0499526813515309
-0.109131456994421 0.0460169337359772 0.410833864419077 0.23835072094451
-0.23153295402416 -0.0173136925180505 0.338282833637159 0.423777977995684
-0.281002028793024 -0.164257215759025 0.381491037536242 0.534332752613464
0.0623203733477065 -0.0870682233089261 -0.333025732691311 -0.567897604443196
0.0450959533390152 -0.104678560539853 -0.218850450695602 -0.491347205295769
-0.0617078794513303 -0.0937507905226988 -0.324376357623408 -0.411458642186643
-0.114396982970746 0.00870571314674839 -0.396402941076187 -0.0420612338488774
-0.0639936450929459 0.0817640027238887 -0.00746614100014475 0.212095193546567
-0.00207294174932221 0.0734876611034989 0.356327942098571 0.0532018554952328
0.0307295329919821 0.0567703565391508 0.543035441074321 -0.220474859850399
0.0401253903419518 0.037971878993975 0.600014645310664 -0.410301500471198
0.040104742066067 0.0464179396522267 0.667657046175415 -0.432555864103097
0.0104794808613967 0.0543291695067476 0.711161008345923 -0.300276736874113
-0.0146117658794938 0.0762040124640407 0.636018623533669 -0.0617949490315244
-0.113074253116995 0.0643632287423926 0.337411550306861 0.101001905070618
-0.130768098998895 -0.0637163818102879 0.0443800446022161 -0.0352741102530997
0.0179491960069149 -0.122739272212389 -0.0918405928457278 -0.274040211148742
0.0883979264265247 -0.0765410971654663 0.010540895869356 -0.613890739471476
-0.0943230244654047 -0.299059425783059 -0.262340635052497 -0.549313891380653
-0.127945823900092 -0.244658328941758 -0.113617672986124 -0.486962228547519
-0.224964675432511 -0.163508972082874 -0.233097119022346 -0.495245931585425
-0.247800906412609 -0.0416959976823189 -0.383624598359891 -0.127588331306478
-0.240367104854805 0.041479974070901 -0.0579150072066565 0.198666634079952
-0.207101997660915 0.107599152030889 0.312428918122102 0.0917720504710832
-0.180278058521377 0.170583531449927 0.525423261749947 -0.162538974356329
-0.181150822528713 0.168792441956533 0.568380850151495 -0.357244097954543
-0.190821797043843 0.206600103197807 0.611009853175733 -0.411624248654301
-0.285918101320749 0.160240711269884 0.657889236758052 -0.313742076398328
-0.324739467961294 0.0615493646269865 0.625092745886748 -0.0980554619074908
-0.383352705445184 -0.0743454175075125 0.343384356629852 0.0826038664391812
-0.317015184821371 -0.262738701108985 0.051430654766159 -0.0203781749159295
-0.107833028988075 -0.371712682597728 -0.0954537552800428 -0.213592315640272
-0.031157176933819 -0.365619458689345 -0.0291256573700525 -0.484463520288645
-0.222473312852348 -0.495883328319402 -0.162109321741628 -0.453224523701171
-0.282370202207058 -0.402867020431749 0.00456258642369948 -0.467971421527859
-0.380262195569408 -0.263145134564644 -0.163126457495225 -0.553701272616287
-0.384196059978993 -0.117130878926041 -0.36435612895422 -0.186284217070626
-0.417198704264087 -0.0206091605317261 -0.102952380543309 0.175069831255697
-0.409321266145748 0.11557569548887 0.22955234703792 0.112434209289624
-0.381918705461908 0.257376841377805 0.427057582267415 -0.0909855712685839
-0.374079353994578 0.277032061246427 0.451795786032048 -0.247854844225384
-0.371425127478804 0.346057967531523 0.467774938689386 -0.312944298445896
-0.510283107713071 0.279821532167221 0.519948395430044 -0.267535925513482
-0.568692281410798 0.104127947212481 0.532916402233282 -0.117975719011585
-0.612533838752304 -0.119362089058332 0.325958116004285 0.05226290669795
-0.504269162860698 -0.357991706372511 0.096948122826098 0.0106560239189559
-0.270408102007083 -0.519759480460247 -0.042730457125027 -0.084363161775408
-0.182021895977773 -0.577843431771148 -0.0272167723467671 -0.264220871532457
-0.29683559971303 -0.628196737475414 -0.0560325199380138 -0.277919498416507
-0.36603341720677 -0.530028766413594 0.11253984766429 -0.408330615498001
-0.47172640143982 -0.380167638668413 -0.121327417624061 -0.564066063166775
-0.499643263774764 -0.237310655482566 -0.343415649330085 -0.211051078785316
-0.584814135947435 -0.100211427457858 -0.158781596488518 0.136419526499312
-0.591012447917098 0.106973455635461 0.0978064483179906 0.116480909383211
-0.54128014116771 0.311995458420712 0.250662729677565 -0.0100689896530777
-0.510369915096734 0.347867087195852 0.266173625543144 -0.0992023335727683
-0.476748517521723 0.42575656145695 0.27750432161354 -0.159087936063586
-0.629856029380756 0.354426031856899 0.332242802798476 -0.160854581819889
-0.695614029491474 0.144661767109996 0.381910714782433 -0.0998285145477512
-0.717704844053106 -0.112549973758675 0.286183059351165 0.0235461860551763
-0.608128611807599 -0.346105957818969 0.175244908742519 0.0409703077551453
-0.406730925667309 -0.539167392405947 0.0741640564404412 0.0697973431656387
-0.322759595274772 -0.680593506451925 0.0253627352503931 -0.0064865783510203
-0.309778273872885 -0.661421549339248 0.0217492512919791 -0.0465435812394909
-0.353754812553666 -0.575556798789464 0.170028172115515 -0.279485623115382
-0.460802696756956 -0.475578171232923 -0.0921383671511964 -0.484764986455718
-0.548564254809055 -0.371570088918465 -0.305571280150318 -0.209124669148318
-0.699767659902016 -0.181200813856896 -0.239827371284893 0.0725899370247245
-0.706308332767024 0.0938501478176752 -0.092971718957897 0.112655374239914
-0.625117075894809 0.333906473470061 0.0131450444095784 0.0791243080942646
-0.568419846193883 0.365273823696179 0.0469679574998137 0.0658928626881923
-0.514322172889209 0.425428373773394 0.0687586671527134 0.0172630038471535
-0.644565923437102 0.34419880141871 0.132006628643746 -0.0285002470428901
-0.681169530809608 0.118997111750468 0.208549543543821 -0.0622951173513144
-0.656848564384374 -0.111069075020312 0.241807806991928 -0.00176655828660938
-0.578115267717416 -0.265898191332194 0.271020052240587 0.0700988655213191
-0.45970720003149 -0.454018912232874 0.215119797713269 0.216113463767749
-0.414347978502007 -0.672752939944409 0.114107169967421 0.240950557193954
-0.278616216617638 -0.587444676716156 0.0520103102643242 0.201909671714358
-0.270422795553861 -0.516179885697808 0.165029550481541 -0.0856405096605798
-0.362967663922548 -0.489316343492143 -0.0581223195991978 -0.323956238064507
-0.508748699399891 -0.441212134305536 -0.254292379487455 -0.195061656808147
-0.69926952569992 -0.21618623152736 -0.351391754561272 -0.00543722964062761
-0.70585968551178 0.0810512660671526 -0.323916118574444 0.114988128861044
-0.608955234030836 0.309247767628569 -0.246583223027885 0.176481348371123
-0.541733009402213 0.327243220625158 -0.175031999531016 0.222079745996738
-0.481584651904376 0.34482249000015 -0.13720205982414 0.169365455168845
-0.563630246246981 0.243584890479611 -0.0582672751725803 0.0711715749122757
-0.549932117879867 0.0319074818697062 0.0547931545542778 -0.0493684586850308
-0.465591504986899 -0.122597628586287 0.221316575499181 -0.0270982522603939
-0.437263844132366 -0.159594095868698 0.359003714227942 0.116109308265929
-0.431564205638329 -0.314325016513483 0.321814207566727 0.340418664037865
-0.433179241971024 -0.576556838056433 0.206222777771425 0.440839206720416
-0.223850716882942 -0.416474423758837 0.0449770754667098 0.42456933669911
-0.174136678155975 -0.3508284984911 0.135309505335534 0.123783172147985
-0.226529632963184 -0.380367267112515 -0.018220169776898 -0.151919598695523
-0.374911785267847 -0.380021021260206 -0.217297380889789 -0.184856063993345
-0.556120856580974 -0.18210457331489 -0.475102606538321 -0.0617298468743288
-0.568424204319869 0.0664532517663657 -0.540961485468199 0.14107089712788
-0.488246516800416 0.237562655536223 -0.475498203216223 0.27774563996212
-0.434117543677241 0.238665132625833 -0.369054992753474 0.345706156238707
-0.386873889505274 0.215487756032456 -0.318116405832054 0.265270034897917
-0.413594442731371 0.107658034766672 -0.212797117541225 0.10235646022498
-0.345917818698088 -0.0536263644563396 -0.0410705883985313 -0.0829384948066813
-0.232930016953326 -0.108177704946072 0.242620656212002 -0.039151318324938
-0.267222252529513 -0.049130694770606 0.412867048925525 0.197646485376415
-0.350633900945587 -0.17181936143777 0.348015137503349 0.43494854037238
-0.379110551574204 -0.421964108815637 0.27760953927985 0.575564591758635
-0.154862495360536 -0.174391753146777 0.0283113254866494 0.575241480361005
-0.0822814481787275 -0.10862243938673 0.12045741082922 0.279253328324107
-0.0758121014005842 -0.167045259564921 0.013653157504734 -0.028658527615841
-0.164244948023783 -0.216256516956961 -0.216102526015791 -0.173231412047456
-0.296448165396148 -0.112114973177858 -0.577593211040401 -0.0656342683726597
-0.319757284077156 0.0326890220109316 -0.684601592739996 0.196300472833162
-0.287276862159334 0.118809978646773 -0.621611301055392 0.36204931994678
-0.262167835738092 0.113338397334829 -0.505499297678648 0.416017961502654
-0.237153965620134 0.0720142046425872 -0.450899882640928 0.294584756357126
-0.219912971080761 -0.00977768413056336 -0.311807209954943 0.0719971934431692
-0.134321644730833 -0.0903230513869929 -0.0665318278006984 -0.136785254038446
-0.0400811864876199 -0.0578198669314558 0.284376998635626 -0.0152949797699175
-0.117798933037591 0.037062932168945 0.402086244203113 0.302575666132187
-0.23652356342611 -0.0478921689998575 0.295948420290091 0.489264396503768
-0.264993727587677 -0.22194732826759 0.316497026907563 0.637300427398843
0.0532706266697936 -0.0926907417489213 -0.381156272674591 -0.541361918731016
0.0353097260973173 -0.111247988590957 -0.259947605438103 -0.471982501979771
-0.0714373342005595 -0.0885727041236191 -0.368535835814666 -0.378769316173098
-0.115162468464671 0.0199034844989739 -0.40672250944597 0.000296236456073609
-0.055575895029758 0.0901615437714092 0.00966763109283019 0.216981592546522
0.00632152689409568 0.0739243246891049 0.361101201506071 0.0217486850458398
0.0360482340095513 0.0552961205779012 0.521879497359885 -0.274506878636168
0.0436094920807902 0.0352124415367067 0.559347538414276 -0.46979836763839
0.0434273679227078 0.042032280289637 0.62725113596869 -0.501540163740582
0.0149642034147254 0.0548419445111671 0.686181883516433 -0.370589402376248
-0.00775389948533166 0.0770218658265823 0.63613235256936 -0.122125631895473
-0.107786950363604 0.0749656982303145 0.35039594511235 0.0734962281833926
-0.138003067630057 -0.0507247889371941 0.0379130133665136 -0.0339130092473003
0.0074923720563565 -0.129781408867383 -0.119278623525848 -0.257163056791819
0.0809461700686129 -0.0888586255861271 -0.0466736916546233 -0.613335468426562
-0.122998606842073 -0.289576690670534 -0.310571625431328 -0.530427119924376
-0.151222444166663 -0.232769185538462 -0.153677755105935 -0.478102873836238
-0.241004928188591 -0.140239021962085 -0.285635618017827 -0.471630150153449
-0.252782764533618 -0.0168695148548352 -0.402469852809027 -0.0882727307398771
-0.23620149414799 0.0687883897227617 -0.0415799987725228 0.206682402548077
-0.194705658759446 0.128018665352868 0.32038714838134 0.065749724652804
-0.164476091545254 0.189385412747771 0.51190268219609 -0.21563931178588
-0.166055105680103 0.18833500168399 0.53343511711615 -0.414811259582652
-0.171977212235471 0.224294251658511 0.571440959304176 -0.473086728789813
-0.271827278856515 0.19109923942612 0.632041510706099 -0.38086267166422
-0.319352771895095 0.0939131371672539 0.621871156807383 -0.159806711202025
-0.39354965956629 -0.0384715224637993 0.355774207130113 0.0548837151877032
-0.343874641943071 -0.231030477541957 0.0480275753965073 -0.0205137425354199
-0.140479894040998 -0.365371462141354 -0.118332917722836 -0.197692402223546
-0.0642193682932071 -0.365486230402274 -0.0725870146249122 -0.479707295984976
-0.268510081499987 -0.474130789751038 -0.202910653065822 -0.442714812173921
-0.320462744808524 -0.375978579098576 -0.0340731086915211 -0.468084543104694
-0.406972174182376 -0.221328589746916 -0.222771441115547 -0.538703246914223
-0.395777117913865 -0.0793084175544853 -0.388136561275204 -0.150305093801249
-0.419201857583646 0.024593123338957 -0.0881290236492304 0.185907949133463
-0.397497403363583 0.155249164279137 0.239037428030055 0.0940398734741802
-0.357263368423856 0.294727852999932 0.422355034871692 -0.134232993720662
-0.349463050609158 0.316892886517092 0.427830096208931 -0.293585932744874
-0.338249780961119 0.381456809767985 0.441251603440348 -0.361137763634156
-0.483961037168111 0.334362395479914 0.497254348993421 -0.322239800148298
-0.560428689190995 0.161147429475424 0.525841239954105 -0.174301101713632
-0.627396007992339 -0.063284460040228 0.335299139980295 0.0266103667768695
-0.541389608289011 -0.307208064492733 0.0989513172305765 0.0046237194638406
-0.315762711808609 -0.497024717583027 -0.0528365338440566 -0.0748307382509155
-0.234264958029757 -0.561591921187076 -0.0492037489050872 -0.260393656054607
-0.354058800121171 -0.599894352814986 -0.0839019762159884 -0.275799339974985
-0.41589368627803 -0.495618709455306 0.0778619492132973 -0.417214015889718
-0.508906471619393 -0.329371678389663 -0.18120877280046 -0.554760231774282
-0.52105967303969 -0.187889761511935 -0.370057220107144 -0.180551412728781
-0.595567678175305 -0.0402650093013158 -0.146502106492682 0.151291728252834
-0.579777910025241 0.165493791548641 0.106735390370104 0.110975233405007
-0.512516629175498 0.365315558288177 0.252886299038565 -0.0363849689193576
-0.477163949035786 0.40010713558501 0.258063643099787 -0.126935841819938
-0.439022906284087 0.471885628334742 0.266350641401822 -0.187726377431817
-0.596303622565919 0.419936199411708 0.321276325627009 -0.196671210847098
-0.683153111831839 0.212859673823698 0.375068394028524 -0.142666425326523
-0.733188003165532 -0.0447321991875453 0.292863265589017 0.00121573993926326
-0.640649932791974 -0.282030548539273 0.181623807629304 0.0252815392404791
-0.452723325319152 -0.502780641053861 0.0781229869118883 0.0674417071818459
-0.384932331140279 -0.649168932128738 0.0273503117739636 -0.00638608875316822
-0.370604125116779 -0.633675057871999 0.0129882731786054 -0.0494945464743761
-0.40719556188917 -0.542273718228689 0.14633244959589 -0.294664539002401
-0.504807370059816 -0.423207775132495 -0.14321140806385 -0.478111198818314
-0.58568878852027 -0.318557424192466 -0.330413258945836 -0.184739048413966
-0.717872862198939 -0.110873613425437 -0.234567833846924 0.0931997821030376
-0.697645333151152 0.162229909661378 -0.0859946965531688 0.124740125914135
-0.595351576478758 0.394121941694564 0.0229760921659461 0.0763742380285262
-0.534295744830235 0.422996839959382 0.0541557860694221 0.0598885570969991
-0.476585076531138 0.474151830149517 0.0745313815111403 0.00951368824109274
-0.611192479803398 0.4088863690463 0.132360724238174 -0.0453387394007815
-0.670883962504674 0.187215992044994 0.203977134770278 -0.0885103153638472
-0.671565038446713 -0.0513994069129258 0.246149148029691 -0.0214804969099639
-0.601225847717678 -0.206966229550291 0.28029790556462 0.0431432646208839
-0.499903619184544 -0.408829878776118 0.233868654313246 0.199090669155786
-0.476677110945657 -0.630762797426808 0.13854420962583 0.233256028533499
-0.334425917420255 -0.563305048471748 0.0658700513517402 0.199401327202989
-0.317229425224291 -0.490026413701239 0.159273807185861 -0.0992896760243225
-0.408092073596378 -0.447783167716889 -0.0916503092702953 -0.32247028793095
-0.553003804440047 -0.39067495832996 -0.27653316086486 -0.178348699493483
-0.719174327505811 -0.147401752277539 -0.352360951710316 0.0246595754168025
-0.698855191237163 0.14882003592629 -0.317845643586733 0.148512329770616
-0.581185436685704 0.368049633838175 -0.22894986240294 0.201159159600129
-0.511312646278176 0.380199567840465 -0.152289942864859 0.238126591906705
-0.452803013815535 0.390319593535575 -0.116448629450085 0.182364562432486
-0.541283295752879 0.29918966229284 -0.0493023984948831 0.0738215896842819
-0.54774530319915 0.0847095159289172 0.0503019587287565 -0.0599838322827916
-0.478638229216124 -0.0811693388558063 0.223336465161708 -0.0480278335598037
-0.448628786638203 -0.112750590506026 0.374233505458843 0.0793169759699219
-0.457390893671989 -0.271016075069626 0.352032225375057 0.311066811263156
-0.485805425335003 -0.532685980824253 0.249722672738862 0.425372925335242
-0.265879219148728 -0.396866355717898 0.0806533206634297 0.425270167442511
-0.205156100193299 -0.335423639961996 0.147669295822237 0.113326510037791
-0.261828979066819 -0.352815853405415 -0.0335202443559911 -0.154953592156795
-0.413000123557544 -0.344417844252609 -0.236471019162064 -0.171250201678164
-0.575427298296453 -0.129204237170004 -0.484360309247449 -0.0200462167475676
-0.559963626189539 0.122598199186453 -0.53294750508541 0.196117561654898
-0.46788518097568 0.284985069399283 -0.449704015489817 0.324597076678258
-0.411375608812916 0.281020053229256 -0.333391191907248 0.38181196259793
-0.368405201071695 0.250773473730156 -0.288851846129141 0.296607807235471
-0.403469089600275 0.145661609623812 -0.202391227838628 0.121075748081954
-0.35135339736653 -0.0221514965114331 -0.0492937454166975 -0.0833028178145533
-0.242397942360829 -0.0881798415474226 0.242794651878737 -0.0641654089328315
-0.26802385954632 -0.0190937018639562 0.436009907933656 0.154279026986366
-0.364353028298182 -0.134803268701329 0.388831169135489 0.403267277970336
-0.419718513433935 -0.383703096767108 0.333171780182081 0.553654332718891
-0.173297655576946 -0.16052552339406 0.0798223547633915 0.578318209916325
-0.0909441378685519 -0.101384568732538 0.14618453649766 0.268769171352139
-0.0903568414050525 -0.156800428106827 0.0113950352862275 -0.0360049586253717
-0.186283207731255 -0.20101553966712 -0.234537813411044 -0.159839604210046
-0.30812215269783 -0.0838012213398885 -0.589585765035186 -0.0122906761754858
-0.316521396755491 0.0643868773595497 -0.671817495442687 0.266025580888596
-0.276832967934707 0.145966733358594 -0.589971243180166 0.423971797173332
-0.250504748962199 0.1386496913279 -0.463639122334214 0.465233998577498
-0.232550763027776 0.0939529157056043 -0.419663964180181 0.339018738513193
-0.220105376802394 0.0093806570600452 -0.305786001552008 0.100294556431148
-0.141680751512541 -0.0787394575808131 -0.0800290643989473 -0.134928932086314
-0.0429161271393328 -0.0538725632262783 0.287990101885623 -0.0457080912822075
-0.110412047901762 0.0518754069184761 0.436412257531505 0.261154261027069
-0.238781355199503 -0.0222764109799523 0.340332085484563 0.462090287814087
-0.286994042866586 -0.195243823621036 0.376086825762135 0.611864843401605
0.0439770656329188 -0.0929607811144112 -0.403415529375561 -0.499627522366724
0.025543644185328 -0.110777046026202 -0.278986849914241 -0.438504153825864
-0.0757155150225843 -0.081175374061924 -0.387303084259877 -0.335330986704121
-0.110340917358838 0.0278870095279004 -0.396289301546685 0.0353742875822351
-0.0455298152516265 0.0937257170162334 0.0225694977558414 0.212149594143033
0.0127820791751179 0.0713381596144715 0.350146344873203 -0.0029346698608869
0.0395678432819946 0.0516119734461079 0.482858793105344 -0.303891393583807
0.0446551907117211 0.0319113695617693 0.501756927477486 -0.495039360296231
0.0440035177908604 0.0379529849621547 0.56883885212593 -0.534894635906453
0.0181597350317777 0.0536693136999447 0.63684187875848 -0.410394092401329
-0.00193153375869501 0.0741504590795806 0.607967946778271 -0.162290767338282
-0.099635926951846 0.08021783196861 0.347533890177821 0.0493577896959243
-0.136982103684261 -0.0378423888161717 0.0317344022946269 -0.0299697327831442
-0.00178765982513346 -0.130412714936403 -0.132426440625003 -0.231826821727121
0.0705454204986793 -0.0944830931593791 -0.0880918387882575 -0.586678522501888
-0.139026247255291 -0.269344686949521 -0.334370499358133 -0.493626668560863
-0.162197341349329 -0.213607103545604 -0.177972055658618 -0.450792326439561
-0.242159740742433 -0.115522894855505 -0.314352626010481 -0.430936004641155
-0.245122898531058 0.0040481564746321 -0.399596382249297 -0.0506922104855345
-0.221452098909071 0.0869326770908422 -0.0271981652237393 0.20507407601145
-0.176248981485528 0.138444084815021 0.313331668434048 0.0432059153316052
-0.144359404339436 0.196705084469076 0.479362922596532 -0.247442694887582
-0.147199954180215 0.196244123629677 0.482280768301781 -0.440145041154822
-0.150583177044431 0.229587088082318 0.517893493883538 -0.501068804190025
-0.248312227784719 0.207283776039098 0.584587511443047 -0.417600110836261
-0.301531277284996 0.115131746976744 0.589681983361889 -0.202402869361679
-0.38518729061934 -0.00897115397775918 0.351948163677727 0.03156343663838
-0.348693459887967 -0.194837462574357 0.0438105748927759 -0.0184774831295039
-0.160938352351178 -0.347802935017056 -0.128598345829792 -0.174535059602839
-0.0872210421196688 -0.348854582403637 -0.101874358555597 -0.456816749558801
-0.291590220523964 -0.435839144238026 -0.227739678896976 -0.415171760811749
-0.334784407524706 -0.338860381772963 -0.0620150629005242 -0.449761306116458
-0.407135034713248 -0.178331288090506 -0.257747819707299 -0.501150360586055
-0.386360379850292 -0.0440592753115243 -0.39261533286074 -0.114079016761304
-0.400097492296773 0.0579235411836908 -0.0733592970458532 0.186892535527411
-0.36901193819136 0.17947259466612 0.235850935744835 0.0773525107112843
-0.323676547283755 0.312124599396015 0.398362637133087 -0.162715987098237
-0.313249633303103 0.334718322514901 0.388225865418721 -0.316570900168087
-0.2996195395119 0.392488483303568 0.400997061456664 -0.38333515286369
-0.441830164519821 0.359915532289078 0.456419665602489 -0.352107343593022
-0.530265016600931 0.198368590813868 0.496857145510037 -0.211066970855319
-0.614552789444313 -0.0144707400687199 0.330727093148723 0.00487279839733082
-0.543628980825557 -0.252766940015958 0.0960462091885466 0.000277576097699057
-0.337734816273031 -0.459315143126842 -0.0577231588364735 -0.061763436172168
-0.262664095347673 -0.525217741431638 -0.0642547335253233 -0.246595529792464
-0.383734095996511 -0.552996061962912 -0.10183056003476 -0.2617035213484
-0.432977076103006 -0.447205657799479 0.0500262117355873 -0.408313320504177
-0.512477358809074 -0.27223835021786 -0.219038981289522 -0.520808640434489
-0.515427475706635 -0.140054871968596 -0.376621228831448 -0.147311490552455
-0.574261523628433 0.00802284419793126 -0.132096836604281 0.156022134877825
-0.54433930913669 0.202336600105738 0.10864469192785 0.103053960277816
-0.467590844862118 0.390880939752948 0.243453542779169 -0.0567341594887155
-0.432536377710337 0.423302622062403 0.238350061822941 -0.143169642436125
-0.390934982435799 0.486147108373725 0.246121337822821 -0.203241887741972
-0.542227334761257 0.45245176415541 0.296212611928994 -0.218200509761721
-0.641473714058341 0.258789617755277 0.352082623727024 -0.171800836740637
-0.714603866429201 0.00915296366449361 0.287983134655496 -0.0166325200853183
-0.637473149764269 -0.221952581669315 0.178436813830069 0.012753401061197
-0.46846121741545 -0.455579070494173 0.077843853692344 0.0646249759467921
-0.415610457294654 -0.596973876401622 0.028714285249454 -0.00643763997752554
-0.402177972556262 -0.585006579655117 0.00598090408656949 -0.0481026137982115
-0.429377838975649 -0.494775013039163 0.124343748590164 -0.294268457201183
-0.516365188478964 -0.365310458094715 -0.176836339529675 -0.452429987990103
-0.586959024724751 -0.262623891038461 -0.337513283664764 -0.155972202706984
-0.697655689627382 -0.0521314381802845 -0.220410296552755 0.105270649741416
-0.657973990659784 0.20783380281893 -0.0767997752125919 0.129877002609137
-0.545296184530368 0.423035308736411 0.0293501502443818 0.0697278942454859
-0.484055243866215 0.450199245687776 0.0570631421935586 0.0512334895127806
-0.427931733815355 0.490639923993938 0.076676663683302 0.00113640174363402
-0.558966419987596 0.439767042221669 0.125940500380512 -0.0571556994372382
-0.633956883918658 0.23152907136835 0.189451590849147 -0.106730038199439
-0.654551189771016 -0.00133037890996602 0.240259260992555 -0.0368359978638265
-0.590645104713905 -0.152050081635802 0.27591326660251 0.0208506935564404
-0.505378721623519 -0.359348880247474 0.237592246852465 0.178419521332784
-0.503306062659979 -0.572457978576235 0.153200070246086 0.218296861415279
-0.361422736236652 -0.520233873560301 0.0750633811765646 0.190363422901725
-0.340502655844771 -0.451296949508342 0.150131227240557 -0.106297618062587
-0.422127342750375 -0.395842370416453 -0.115434326460205 -0.307676959678837
-0.559647829751764 -0.335592692738969 -0.284782384662441 -0.154734366488686
-0.704852795803161 -0.0869789887170374 -0.340529152622593 0.0463613280431005
-0.659742092750104 0.195674535494442 -0.298703650717621 0.169638278394807
-0.534148421948999 0.399044649165084 -0.205886740051341 0.210450987515161
-0.465679878234029 0.407649319845702 -0.12885196722464 0.239150793263037
-0.410494281519121 0.408395747809849 -0.095310222976923 0.182557374426535
-0.499784162485135 0.328488499760969 -0.0415822628083549 0.0716872429573026
-0.521701892930041 0.123577641984239 0.0426221646696596 -0.0671119688968032
-0.470097754079543 -0.0443242440748605 0.215943697473665 -0.0621987104884526
-0.437201429048532 -0.071660620951176 0.369536936154054 0.0472725408295473
-0.456743428928561 -0.228513824866084 0.359317709749287 0.277355484023991
-0.506179313510123 -0.477768827025208 0.272804155250039 0.396401988946392
-0.285405151161354 -0.364150144482492 0.106673368280581 0.407492619332765
-0.220711825013745 -0.309830390305266 0.153003090370971 0.0994812858676266
-0.274224776885933 -0.316378075788768 -0.0453148607592098 -0.150802903764274
-0.424776028667854 -0.30161243600866 -0.244194039888989 -0.153594541535983
-0.564416910090268 -0.0797124152411226 -0.470042149668582 0.0132003501126731
-0.530691731318202 0.161201424624923 -0.504622663903183 0.230360684271943
-0.430048916027772 0.311219459297007 -0.409864894544365 0.346857305055441
-0.37686677146381 0.302895870207761 -0.292581858505 0.390239334446268
-0.338640615497093 0.268312007192591 -0.252845550640698 0.30600992379598
-0.37666040683639 0.169210095989757 -0.186281626323644 0.129104591778413
-0.340381221264418 0.00354965039528638 -0.0555419460226787 -0.0816239338183937
-0.23962976293783 -0.068890983632276 0.233103903492049 -0.0819130469206353
-0.254384741656166 0.00511450541805306 0.435404833425114 0.113909651294953
-0.357090730485894 -0.102465805634476 0.400600187933098 0.361809412103603
-0.43074465509267 -0.338037194964161 0.361560620182383 0.51358260875566
-0.179946885441035 -0.142492994780614 0.11863604217899 0.556477443899177
-0.0944384786369839 -0.0915313579633962 0.161423264463086 0.248700203522551
-0.0963364151326584 -0.141485628453035 0.0078618999525055 -0.0409888594804033
-0.195101942029949 -0.17964601309195 -0.241048175772406 -0.143637189242834
-0.303483999813588 -0.0578050494862352 -0.572668746125542 0.0308354586116628
-0.30036007624737 0.086114753276567 -0.63311990266394 0.309463218715587
-0.256735544369402 0.162332472376281 -0.538239974933136 0.456778269365707
-0.231031737239922 0.152357620930936 -0.412994439098636 0.483967565152332
-0.218433394346585 0.106767402765442 -0.377444756703433 0.358165119347066
-0.211359476773668 0.0238409690524742 -0.286116089306336 0.118020019204574
-0.142377851227689 -0.0669343112855231 -0.0883111017151087 -0.12796651153353
-0.0430671374083557 -0.0495305755999487 0.278957739663726 -0.0697097212730808
-0.0992699407607959 0.0607272379894293 0.444731416899946 0.21697627726237
-0.229995250747843 -0.00224471191880185 0.358830996411044 0.421341776779337
-0.290910251180593 -0.165363277070267 0.406935291035403 0.567118684167664
0.0387214514626696 -0.0902150707325379 -0.401157701100711 -0.470910251430854
0.0206870488092268 -0.109006771843064 -0.280690997773148 -0.415411486971484
-0.0765431557406292 -0.0763071623148942 -0.387063158801021 -0.304889466752411
-0.106206786193034 0.0321578452893956 -0.38199082272272 0.0552802048639664
-0.0387381870913935 0.0928286652003675 0.027130132054806 0.207123743078476
0.0163862838643659 0.0674147024858307 0.335935362114492 -0.0136046723998123
0.0405025212314757 0.04888730825148 0.451542734590062 -0.309875159360622
0.0449684472017821 0.0298274767823611 0.460066515514501 -0.495648088907556
0.0430272834319055 0.0351903940672648 0.524164825893149 -0.535673691037915
0.019741379152422 0.0523228225159302 0.597489555461916 -0.42071564119821
0.000791148730080751 0.0707304490779217 0.582941948897677 -0.179065438073439
-0.0934047051217838 0.0811723088490167 0.33949219779068 0.0380247969825331
-0.13289526055151 -0.029992024712471 0.0272435075089965 -0.0236009624305829
-0.00762873913008565 -0.12942932590176 -0.133616017107059 -0.210484314951149
0.063215001996216 -0.0952287224469791 -0.105605995345853 -0.56106806871052
-0.142609343509545 -0.252517438940235 -0.336376420825938 -0.466631000292191
-0.16264970406486 -0.199866056208943 -0.182951576048142 -0.429236910471169
-0.236602433660077 -0.100464697465853 -0.321112747518629 -0.397988491231083
-0.234875380724126 0.0144225261411473 -0.389740521298758 -0.0297665577234776
-0.206593643324293 0.0943260498221095 -0.021365404176535 0.200592333257086
-0.162459229751182 0.138552843320582 0.302017050447457 0.0333343706991947
-0.130500513567467 0.194998333602677 0.451276408128393 -0.257469417123907
-0.13361716649318 0.196195444849598 0.444498225966605 -0.441652215848557
-0.137001402856335 0.22624524463277 0.478888360523192 -0.503895624137647
-0.230460628021628 0.210615792555708 0.546226610020186 -0.423893651455701
-0.285347952143208 0.122284756232907 0.563384878385795 -0.218366826126371
-0.371813324960687 0.00507149861015263 0.342880800683559 0.0204446304097703
-0.340214430530491 -0.173004033897387 0.0399492781103803 -0.0142432877127982
-0.166209253646208 -0.332133786568701 -0.129203542660783 -0.15666124395957
-0.0964735812701672 -0.332547750241054 -0.110880095066843 -0.434627340883007
-0.293928142416828 -0.40840253640938 -0.232089682852247 -0.394538377650063
-0.330956460188459 -0.311954948402899 -0.0685080262595931 -0.432429944259331
-0.393696510201484 -0.153395353601542 -0.270575704891933 -0.468846124216334
-0.369896525626029 -0.0255359309646342 -0.38692713641666 -0.0918244125287292
-0.378903273115762 0.0741154497121183 -0.0661356911050262 0.18386438647305
-0.345566763716843 0.184915620707856 0.228182212889824 0.0696460212032103
-0.298319938566816 0.312712563842451 0.377378471944977 -0.174346340173426
-0.28900213875252 0.334147556400546 0.360787335897791 -0.318757546722154
-0.273703284826442 0.387053944465 0.371114166859701 -0.385586138452403
-0.41058822031591 0.365661566643602 0.427478109294876 -0.357794021359705
-0.499718240459909 0.213275616335002 0.469025355497847 -0.227119701336116
-0.593919971860105 0.0075499411558197 0.321229349334228 -0.0040694160805089
-0.528763811683813 -0.219929890486995 0.0919870241633912 -0.000149390734366844
-0.338507400272118 -0.432726722392792 -0.0576125926781732 -0.0505454812773855
-0.2699932722199 -0.493561855798096 -0.0669915232986256 -0.233092373272127
-0.384250112377795 -0.515862428139574 -0.107548264298365 -0.248946187907292
-0.428926572381492 -0.413971902110686 0.0386381169166852 -0.395644107334214
-0.497338201607482 -0.237719295859763 -0.234976919210289 -0.492255395446103
-0.496324204449315 -0.113250081581893 -0.372691548395091 -0.12610946385273
-0.548088669379867 0.0323089305803423 -0.122643903614926 0.15432869303889
-0.513458165659822 0.212862525772728 0.106787914205128 0.0984497751010516
-0.433413994491332 0.393136533417072 0.231506835507447 -0.0667401660236547
-0.399815557705719 0.424997038014489 0.222594193706595 -0.147609600449051
-0.35934710319462 0.4801106067329 0.229908920947149 -0.20772319535608
-0.503929915729469 0.458496167543951 0.27758039435639 -0.223837761868603
-0.607279862698733 0.273840917609337 0.330737780106398 -0.182694069792126
-0.689348075607421 0.0348501376754301 0.280530418707451 -0.0237212169361727
-0.616747985558033 -0.186720012713651 0.17259105512586 0.00675505819691572
-0.462852795843372 -0.423615955281289 0.0763445630870737 0.0646644325666782
-0.417149485507211 -0.556381928282983 0.0302491163066783 -0.00609908731775372
-0.404017474937267 -0.547222292162602 0.00238557918794245 -0.0456844365532924
-0.426828041331064 -0.459884028106789 0.113556018090735 -0.288067952571997
-0.503250869073847 -0.325739883398872 -0.190998160087261 -0.428361004591448
-0.569906408722675 -0.227894456413713 -0.336522653496433 -0.138219220854885
-0.668688286407675 -0.0221052590934022 -0.209542511201322 0.107198655580031
-0.622240022595351 0.222841980272748 -0.070733496263117 0.131182240764747
-0.507194224537815 0.427671530304946 0.0304653243149204 0.0639692903006193
-0.449860264712055 0.452223411801354 0.0555689703157119 0.0459253599157645
-0.394598604583604 0.487732664562437 0.0752836374535984 -0.00516140050407655
-0.51976281061948 0.445261541640369 0.119041223158793 -0.0627294461471568
-0.59901362373556 0.246624335631026 0.17496903231564 -0.114979686455749
-0.631806716723069 0.0223596511911195 0.233775269472511 -0.0428603194762378
-0.569065153576386 -0.120841285929221 0.267546494994637 0.00913015400956153
-0.493041279228261 -0.329143997855087 0.232423102195674 0.167271109658745
-0.499846920930273 -0.529525359078545 0.156721003618609 0.206187758195441
-0.363812993526055 -0.486519417734043 0.0769280601686043 0.183038664698945
-0.339898563609562 -0.421751719112541 0.143928321946441 -0.108393754314104
-0.415024811929307 -0.359177871354635 -0.125621096750537 -0.292566346818822
-0.548385410613406 -0.300516146134842 -0.283708227474532 -0.141050415476673
-0.678519146526932 -0.0565213138422594 -0.326985041142387 0.0544295511239999
-0.624930374438416 0.211967284366881 -0.283090241603139 0.177185755308571
-0.49823587013586 0.40277502440654 -0.18996713247139 0.209044283294574
-0.433136659725315 0.410793059972303 -0.11495654802063 0.233206550569724
-0.381446598834613 0.406875724196147 -0.0821316435289435 0.175681721735068
-0.466941609227363 0.334544944881304 -0.0365836520337949 0.0678182188693563
-0.494744597136419 0.137908689138288 0.0362009066186706 -0.0707419890648953
-0.454348992208005 -0.0274266441852818 0.208946840232217 -0.0680163405324835
-0.416830723776528 -0.050629928563877 0.358858787095276 0.0288922674767483
-0.442084711603298 -0.203886959732345 0.353264977970115 0.256047124999682
-0.500695822253799 -0.437330542605771 0.277954028739549 0.37415640771969
-0.286662565415521 -0.339487161972277 0.116573065110626 0.391650535336781
-0.221730474266727 -0.290212902364179 0.152637536577986 0.0900476733266447
-0.270897253329995 -0.290227344286256 -0.051179466912646 -0.146107185161548
-0.415902581146828 -0.272360555138415 -0.243572228072788 -0.143010105323856
-0.543408960415655 -0.0556960871194908 -0.453371108710742 0.0280071421997079
-0.502335762561743 0.174554803923407 -0.477829931319099 0.243839109051363
-0.400770513928515 0.315710679599492 -0.382463478826691 0.3499676462827
-0.349903713314723 0.305466175620394 -0.26665958334104 0.386633856706573
-0.317661907754036 0.27019094738044 -0.228728150821091 0.300413349817866
-0.355915313975744 0.174617974551355 -0.17357216300051 0.129118051168387
-0.325737893152002 0.0152101519940247 -0.0587522744405956 -0.0799370111803683
-0.231740988881617 -0.0585531419947054 0.224585496088682 -0.0903097910163431
-0.239642710515104 0.0165120024667185 0.425687587484464 0.0903708379691409
-0.342907689093274 -0.0847361897327614 0.396071175226612 0.335351051919745
-0.42394081212122 -0.305238172264002 0.368928468373362 0.483390886981569
-0.179781261243477 -0.13037072595716 0.134791050437958 0.533591959908252
-0.0932885317616426 -0.0859307188877591 0.164559473939007 0.232842147876257
-0.0935075009660517 -0.130365723635114 0.00408322327470045 -0.0441654398944481
-0.192854963415195 -0.165579888745391 -0.239017984392237 -0.134559049045119
-0.294125609031541 -0.0446585833310547 -0.551175712569516 0.0501084619120611
-0.283637015938715 0.0954963333487408 -0.599451638315808 0.324602299614362
-0.240863447418055 0.16601582372782 -0.500882967553321 0.46188320061967
-0.215885087606761 0.154720883114567 -0.377682912996596 0.479586819070834
-0.20765095873609 0.110099525216692 -0.34646256332155 0.355229991244981
-0.201599995009725 0.028928499151659 -0.270164289628436 0.121654253912237
-0.138162709680602 -0.060181879637564 -0.0910462079565149 -0.12278077878413
-0.0413006223752954 -0.0469131304000286 0.268125049645617 -0.0810007309542763
-0.0900497809188379 0.0635018243180356 0.439032737825282 0.18763865603789
-0.21873571595977 0.00794206409163459 0.358862148099139 0.391955160410492
-0.284482161626369 -0.146466523692284 0.411427987437916 0.533717061301999
0.0365869652113866 -0.0885893505414588 -0.39735958053769 -0.463216286301112
0.019114344172873 -0.108436257608795 -0.278995020915263 -0.408319139771798
-0.0774305776424992 -0.0753197514216733 -0.384729676587165 -0.290492492510057
-0.104030828088573 0.0339168530898255 -0.377189041587706 0.064935122489274
-0.0349577458798706 0.092841762031826 0.0268850603469888 0.207532198016785
0.0176897679195524 0.0655744971524235 0.328954080575471 -0.015136462127673
0.040685338574982 0.0485941415846316 0.437310259081379 -0.312168788209631
0.0452251633225193 0.0293626745131027 0.444341905858782 -0.4917350055565
0.0421319634866761 0.034587261136407 0.506462845325173 -0.534568384526174
0.0209383465219809 0.051971869526443 0.581610850307622 -0.423359658107447
0.00119722084182501 0.068064966775229 0.572978505010675 -0.182225301028504
-0.0910192365129111 0.0815144317607661 0.336724346981761 0.0345236568839878
-0.129614239797403 -0.0274796621941561 0.0240162968890433 -0.0172611286982259
-0.0105022773019912 -0.130736946715301 -0.130865012044035 -0.19904269536865
0.0588434620148205 -0.0955076120164365 -0.107256742577807 -0.548388364995642
-0.142225834168085 -0.245638421792695 -0.333644603639214 -0.459150419261963
-0.160945808426783 -0.194566320478902 -0.180168961480369 -0.4217080225203
-0.232463437895025 -0.0942295166001549 -0.32389817812231 -0.383058663106303
-0.229099141187288 0.0191965965376084 -0.386929975455965 -0.0196136401327467
-0.198304033179708 0.0974275046588009 -0.0209825108506676 0.200259419524091
-0.155453050110399 0.136872808731455 0.295750314340664 0.0316148481571778
-0.124538188443956 0.193651492339767 0.438264263961657 -0.261382163067267
-0.127745672763049 0.195514295947326 0.429221075375629 -0.438279629767541
-0.131995240337266 0.224172605573867 0.461981863228956 -0.502552595653129
-0.221955295652555 0.212156085177563 0.530191052692212 -0.426416878672693
-0.277649729953629 0.124008484627221 0.550782959812763 -0.223876177146813
-0.36638740100088 0.0105902886556933 0.34019073074467 0.0182291578520129
-0.334390970070453 -0.164527634251735 0.0373713235968586 -0.0095338979659971
-0.166981977244534 -0.328704088321103 -0.126568354438671 -0.145343868714828
-0.0978332725349059 -0.325365938069199 -0.112502320856209 -0.425383025659866
-0.291160537890259 -0.397565743911889 -0.232310988029228 -0.387516963282585
-0.326945317982121 -0.30341139671601 -0.0697975084074053 -0.425849470307222
-0.388056088266891 -0.141976209788229 -0.275265719856683 -0.454278323894778
-0.361055222258144 -0.017874781324051 -0.385166866297857 -0.0816926795777241
-0.365846765875647 0.08028900655224 -0.0647974441484967 0.182808397608457
-0.334752262799799 0.184631893850982 0.22387130859364 0.0685029299288431
-0.287236363580064 0.309675569693652 0.367764341073593 -0.179153884564418
-0.279845298172405 0.334435172851276 0.348784133637233 -0.317360888842163
-0.265199455595235 0.384709570910251 0.359348249361687 -0.387246333117181
-0.395426755087576 0.367069482422851 0.414867494747389 -0.359785707499835
-0.486391998522926 0.216105373949323 0.457470659478114 -0.232835608860462
-0.584602396814017 0.0161515764733636 0.319813342720692 -0.00565661495513221
-0.519020517873214 -0.207870641689983 0.0898427095277891 0.00240947797469673
-0.336391673517813 -0.426586652376444 -0.056733594109746 -0.0424009164892961
-0.268753922051348 -0.481797945281907 -0.0670842376571026 -0.227902140054421
-0.380291799029567 -0.50336952645222 -0.108622620181497 -0.244521307285383
-0.424237635235368 -0.401573004462441 0.0373419882146837 -0.390417125930305
-0.486942717263893 -0.22274532776776 -0.240956914053218 -0.477388536975535
-0.485973362534419 -0.10313932997406 -0.373330201567541 -0.116937876145547
-0.532937585913633 0.040430864706579 -0.121111712216109 0.153492778905448
-0.498144699105809 0.214011796639583 0.104609135313827 0.099206869624459
-0.41894326831065 0.391570114379646 0.226460809648355 -0.071668787773397
-0.386532129272873 0.424605566600769 0.21495379167635 -0.148566457613294
-0.347189700464638 0.475267982416797 0.222953595217519 -0.210516296231937
-0.487023618254556 0.457774745719212 0.269454330955723 -0.22622863613012
-0.590311909055998 0.277575230265124 0.319874196477368 -0.188879984436719
-0.678990912221096 0.0430494196501468 0.279923054672075 -0.0254187275273053
-0.6041796192597 -0.173881367448577 0.169706499793589 0.00595670090498407
-0.456340067393402 -0.414555945390909 0.0758177989396164 0.0681101252423928
-0.413053989793736 -0.542513225054572 0.031417909278504 -0.00428666832945879
-0.400724401768137 -0.534488891753921 0.00162833640742089 -0.0441680887639227
-0.420668643661657 -0.44802582405618 0.111922139170296 -0.286125302267198
-0.491840631806002 -0.308710381172846 -0.196709352111578 -0.417292923007716
-0.55910090594468 -0.2148835259392 -0.337024087553981 -0.129940923903524
-0.653704333936607 -0.0105910971031579 -0.206368987677844 0.106771770111828
-0.605330177882663 0.225990961273547 -0.0694980393820901 0.133191687826862
-0.491218081341674 0.425602698042725 0.030778227867683 0.0602391519122666
-0.435825556413393 0.453179538075373 0.053624999390027 0.0441926977603197
-0.383629688921333 0.48263035286961 0.0743159480633719 -0.00912044443374329
-0.502007338636025 0.447598254896084 0.116421979638408 -0.0664001024222022
-0.583491619442212 0.251197851885539 0.167633909130031 -0.119248321876255
-0.622263336157185 0.0295136831011851 0.233517324587017 -0.043732145496781
-0.554784513233543 -0.108528134903522 0.263214209240839 0.00477574233969606
-0.483414144801833 -0.319963869435714 0.23012448739281 0.165360243921981
-0.494106249012786 -0.512411092952345 0.159294096958906 0.202696012086822
-0.361857412155941 -0.473588659964764 0.0774647148636488 0.180180112627518
-0.336139100035541 -0.4115177752605 0.142847339426823 -0.108892175659438
-0.405654803859858 -0.34283416735366 -0.130355925241996 -0.286171896856327
-0.538479059230738 -0.284943786217512 -0.284306623135371 -0.136392654518397
-0.664999635161914 -0.0454055063942115 -0.322752527093659 0.0557220315961281
-0.608803087934706 0.216807670504278 -0.277537973092772 0.18087578147369
-0.482025711813147 0.403045183062427 -0.184763012865718 0.207763655888539
-0.419246183878259 0.409934741917354 -0.111280343613521 0.229676354346064
-0.369388057105282 0.403877135164893 -0.0774510647877448 0.169859576458137
-0.451216882040164 0.333889518583432 -0.0352816130991442 0.064660760434437
-0.48245778153923 0.141890427389828 0.0304708600288772 -0.0740341564372888
-0.447500951959937 -0.0215467263190664 0.2077283225267 -0.0706583024886526
-0.40449781940839 -0.0419905033168595 0.354253356942985 0.0208825532036989
-0.431996813280087 -0.195938533948101 0.34886437728944 0.24984525993151
-0.495939652569202 -0.420638216203933 0.280466740169079 0.366389627115472
-0.286177291132505 -0.330520277235041 0.118946427864333 0.385662435045778
-0.220111643599011 -0.283754502804084 0.153086068287149 0.0855799541721829
-0.26463239065479 -0.277442187749899 -0.0541823952290966 -0.144473598506064
-0.410449313268428 -0.261715550182986 -0.244999253354073 -0.140505953607248
-0.533436396273585 -0.0466296673319538 -0.446670125709131 0.0313314189810431
-0.489101756864549 0.177713849496193 -0.467423255988925 0.249788163893522
-0.389495106521246 0.313836201833617 -0.371681293087357 0.351429998012856
-0.340218920094933 0.306275397952379 -0.257389908958219 0.381976720195268
-0.309988351241463 0.268441079145702 -0.219170802351733 0.295004526336278
-0.345613241156684 0.176143188054406 -0.168551723471728 0.127699759035382
-0.318897886735146 0.0190251091070778 -0.0615857889816376 -0.0807791295847397
-0.22843963355813 -0.0556512017348564 0.222350428907785 -0.0948787187630218
-0.230170714346167 0.0216869559696062 0.421179779130005 0.0788742447803234
-0.334542688223956 -0.079021574269076 0.391572862336685 0.325911226439501
-0.418434584681991 -0.29280640064652 0.369490561812293 0.47256225176806
-0.179595300566453 -0.125206415506203 0.13919519134874 0.525090683629613
-0.0918153050519961 -0.0838321224153679 0.164915590105447 0.225699149060915
-0.0894525043745232 -0.125199763883221 0.00202521174358942 -0.0466311176091304
-0.190878927624225 -0.159764062854578 -0.240045912484282 -0.133311250137587
-0.290317529977957 -0.040252697134672 -0.542255394469045 0.0558151171507221
-0.275712568229859 0.0973831509745908 -0.584741938040762 0.329545859384437
-0.233684125139778 0.167083330179261 -0.484724638752058 0.464286725359021
-0.210195579060544 0.15498930742416 -0.363830373091208 0.47562498417731
-0.202803921340426 0.111093588996884 -0.333110357051828 0.351410562349015
-0.197477083479915 0.0297670761303178 -0.262555357495445 0.122256168422332
-0.136375513823833 -0.0578019834422822 -0.0930402588622184 -0.121991156662299
-0.039787433505391 -0.0466279279927239 0.264972126215103 -0.0883442012653774
-0.0849139526534453 0.0649809691809092 0.437098200220163 0.174192520186121
-0.212505384043509 0.0114207790619496 0.354351897571884 0.381942622853841
-0.280198201370471 -0.13836948374805 0.411761791692043 0.520657906994591
-0.00275273350085986 -0.0847807340969955 -0.566511896670534 -0.263846991479214
-0.028201798004305 -0.0988118543094424 -0.436435913184032 -0.253865529034298
-0.101738489606159 -0.0297414766809264 -0.479694263494929 -0.088747084399335
-0.0734994780797994 0.0783074064032119 -0.316015891142611 0.238178638987782
0.0120470275466967 0.0955173262016223 0.121035718961623 0.183427632758519
0.0429176225934998 0.0487392128722916 0.292388877274457 -0.157615862660262
0.0593525150615882 0.0271091151588986 0.260620903050964 -0.478770234998744
0.0517845150982376 0.010719981839838 0.182068490117426 -0.645548216868164
0.0567940514135003 0.0138199090946918 0.217646871091387 -0.71397415235079
0.0427537952489557 0.0372693740463468 0.336650886131465 -0.645894055221067
0.031362003610904 0.059916434041862 0.437115053879158 -0.419593430672508
-0.0421787247401022 0.113844792520103 0.315230270762515 -0.118610622190895
-0.130444115845172 0.0308929305451523 0.015765210130406 -0.0246311239456886
-0.0721637663886432 -0.120077024077027 -0.192519382287092 -0.121000096577986
0.00647728868968233 -0.120978600242562 -0.330325217111358 -0.451356411852455
-0.229397506783115 -0.157265678868054 -0.517440197510381 -0.283568754767355
-0.226226177139856 -0.102382321506191 -0.355408745789661 -0.305335887529472
-0.250321494320352 0.0185163850584215 -0.466796921008108 -0.19122346278822
-0.189712994679633 0.118391214800208 -0.368271960746225 0.169540017028906
-0.132168972091057 0.16869400865769 0.0712350473324711 0.204114380220286
-0.0840402653896302 0.18722425706045 0.283163236469049 -0.0950321226869614
-0.0289350989801636 0.227968674465865 0.279688390583803 -0.425746860952063
-0.0387026875752454 0.238785011177506 0.188974846994905 -0.590582905074329
-0.0235707138846766 0.26298092749519 0.188213217917406 -0.666884031824843
-0.110477723190857 0.290326458500664 0.280391559025507 -0.628392857741271
-0.204504174804023 0.233963709217853 0.391300653018609 -0.460835329730045
-0.324295094732219 0.171241964964877 0.30680319816142 -0.155082280199915
-0.378185429086321 -0.00819167012663746 0.034760508118526 -0.0338478608034917
-0.302618074733141 -0.234275919265685 -0.156505834895668 -0.0828074640241575
-0.246212285127852 -0.262095911024343 -0.265798664446286 -0.34186733048838
-0.42634527866692 -0.239194204117774 -0.400043986625227 -0.258986661357204
-0.420838109889457 -0.134372831101377 -0.257670791807896 -0.354163518598254
-0.408538376785048 0.0412193541179669 -0.459827049202837 -0.269190729320433
-0.321993420943081 0.139841068432441 -0.400739503381812 0.116015275858039
-0.288017548560752 0.22476061123597 0.0193511222496629 0.212595966467145
-0.226130646949373 0.306602055543989 0.233094974128064 -0.0237246908909091
-0.126622466714148 0.402757505767503 0.248277036950723 -0.313500699239988
-0.120479986601171 0.432340045237111 0.168910886368726 -0.444378074704706
-0.0781657010446427 0.467971073027427 0.142490015709254 -0.517322630506795
-0.203351547365176 0.509579863359609 0.199070997088805 -0.518404343624482
-0.358820616148036 0.410368119877975 0.294946235965165 -0.4341405079983
-0.520350763175846 0.272182840430761 0.270395393468581 -0.182224141412561
-0.56892300956622 0.0318533548663473 0.0870656078716511 -0.0560283095657763
-0.501609456135407 -0.24850046894751 -0.0444233684263718 -0.0281354525314186
-0.477153181873236 -0.326476422981674 -0.126414422719204 -0.188722687954559
-0.550905784722985 -0.303412438764188 -0.230894592140597 -0.176391665757952
-0.55042265803483 -0.184753719077027 -0.148153129811778 -0.368260705039858
-0.53058993530076 0.0089532656027653 -0.44551331572192 -0.303228920816349
-0.466411917847713 0.11572314587051 -0.414221170555742 0.0806754038051673
-0.455239016872682 0.259627092563545 -0.0489431180551878 0.215835623316109
-0.361760295526132 0.404273128204405 0.136102741906976 0.0618280172874076
-0.211314870795822 0.531559126457114 0.165228648066541 -0.146629983567847
-0.182618809004807 0.562384851113328 0.122535688729228 -0.230132204119571
-0.117395313583483 0.588486550827403 0.0970289253377887 -0.295938999152109
-0.247551158707692 0.632598385155974 0.122805017302147 -0.33179870680234
-0.427193033351343 0.513973405552957 0.184634068060864 -0.337373437840408
-0.594957644451586 0.336985479902015 0.21992674936679 -0.188399915990451
-0.629398262474999 0.101359307488788 0.157588574799889 -0.0939510075874149
-0.603343253989869 -0.182966953499887 0.121653451119324 0.00952801589291183
-0.636251061115993 -0.310664592635958 0.0655710784732214 -0.0351050331078421
-0.581843650309101 -0.327145018736038 -0.045036527756245 -0.037705949297985
-0.5670915549499 -0.22991237601641 -0.0351570681189392 -0.304846852842634
-0.56867407094733 -0.0688736517703141 -0.384377447566436 -0.269848375320568
-0.581244152942181 0.0457296625345452 -0.395623409086443 0.0489039605578415
-0.586920704801068 0.266362162353593 -0.151555694572083 0.21460966996521
-0.453700129677618 0.463265073967312 -0.00808503708421345 0.172677062745442
-0.264188947560329 0.592686680514395 0.0435414087022918 0.0646825953497538
-0.214337488383894 0.60772689046409 0.061758149714857 0.0171545504318227
-0.147858521501059 0.610313973913278 0.0517176021692788 -0.0474428992814082
-0.268338308580529 0.62806242183527 0.0556421267149242 -0.1183995018691
-0.433118942927156 0.486295845067011 0.0792045206123855 -0.206544382518061
-0.54988147443659 0.301196856063303 0.172471580932246 -0.183514629987149
-0.554198936814893 0.140690600093163 0.238173290436295 -0.136314411516342
-0.58446223592587 -0.0822522567018437 0.297788155251213 0.0291183202679993
-0.697963595661864 -0.244850632464421 0.271346851685094 0.0956292403883554
-0.520487044101115 -0.292519123335038 0.124755872394294 0.136733875713751
-0.475362497850386 -0.235351810292172 0.0720278734523521 -0.159419914016036
-0.503124190837094 -0.139704935729833 -0.26648180950953 -0.186235944084671
-0.595154444010089 -0.0276090498951623 -0.35264718948208 0.0143132965336886
-0.611432312385198 0.239630277995287 -0.28118556342602 0.219673070598606
-0.458170380458133 0.456905474659356 -0.174993322466079 0.308059842046156
-0.267069710537831 0.568395290819431 -0.0855129199512412 0.294465296973083
-0.216050184414979 0.559097370445574 -0.00366570238240287 0.26044019826459
-0.17010049692222 0.533231439849998 -0.00382110813980377 0.183934482580907
-0.270460779238669 0.50289402096342 -0.0190844829225766 0.0675468302964286
-0.389061350238447 0.342027991110501 -0.0192128950330065 -0.100723562380417
-0.413627596634378 0.176081331751965 0.146061003333961 -0.188027531509988
-0.383247417048257 0.136822964671223 0.325425262407749 -0.157394937266614
-0.479968452342701 0.0126571354247819 0.435331066444197 0.056991918759282
-0.655385864049874 -0.156330880564169 0.448453925907832 0.192462512289218
-0.393025959169471 -0.192505880726379 0.259870623803228 0.307533533027828
-0.315994407392831 -0.1699203334592 0.170161017449256 0.0129892538296012
-0.34945987407867 -0.141669168917681 -0.130762427585791 -0.0988134291107496
-0.471086713196627 -0.0584785043446364 -0.312083912491223 -0.0131492819975805
-0.495396360896259 0.186079024489861 -0.403533821606358 0.249156838687996
-0.363737751290208 0.373199006497519 -0.315884516194596 0.451248722368017
-0.219500013873326 0.44946535422005 -0.18759448846366 0.505829966902009
-0.184754538228994 0.428027590523699 -0.06638198956423 0.46278412295698
-0.173825361524615 0.383207322656824 -0.0723767187013793 0.361581884396928
-0.242808623923126 0.311090942822664 -0.105882996138071 0.184115670090757
-0.289405416449048 0.155707388170839 -0.098434488572879 -0.0602916228075672
-0.228432528116711 0.0474044005623968 0.157691625643015 -0.204444906034659
-0.194227141417432 0.122409968600751 0.410107518874954 -0.129090544460456
-0.336850545562299 0.0791254675063624 0.500308487429305 0.111536107373566
-0.523562437917902 -0.071293698261205 0.567037207163211 0.255186187374943
-0.210718484908098 -0.0489773880087796 0.346232520426331 0.42535658901233
-0.117646744732019 -0.0433216326629502 0.248457273553329 0.133286263128621
-0.12963551925854 -0.0774261023291939 -0.0283409956551875 -0.0427438825477442
-0.234900724566307 -0.0587243446495683 -0.29392455138792 -0.0145693518279155
-0.271575339629589 0.0912653771396134 -0.473265978454434 0.304125733093007
-0.202755265165522 0.2091504403356 -0.383011051071645 0.570813893762738
-0.140742545034598 0.2511043241405 -0.239370818659378 0.651880054221729
-0.127642471943698 0.23226566723291 -0.1179316775712 0.595976659866946
-0.141766858977322 0.19096338049911 -0.146523380094698 0.464236544673835
-0.170248775463272 0.112321950287009 -0.187200100363164 0.222913014251978
-0.152911033409876 0.00472009151658257 -0.139213846974437 -0.0766234401065844
-0.0520200191780028 -0.027793304631137 0.204706931605282 -0.206280341856251
-0.0426474547207039 0.101316479562126 0.466977473517573 -0.044021689946972
-0.185516072758782 0.109849536850047 0.485704466566247 0.185261999947165
-0.321641994216022 0.00778754428583272 0.615045730577759 0.28637069203032
-0.00648575727969647 -0.0866089544051518 -0.593455983079929 -0.254110771587493
-0.0333034801625283 -0.100898812238824 -0.458434526550626 -0.247301811746353
-0.10765049818241 -0.0263351584288537 -0.494336143946625 -0.0709073458927123
-0.0719837262407919 0.0839180971470137 -0.313441915637369 0.26197867098474
0.0176611440135862 0.0965402277835134 0.132530446319784 0.187275337099027
0.0459335475186335 0.0473393237579684 0.295408230172599 -0.170613844302619
0.0638942050036532 0.0254190881741148 0.244939764661676 -0.501184353940882
0.0552055995518465 0.00916770807060755 0.161685699238616 -0.667810625303778
0.0592689302695466 0.0132522565491578 0.194477218793598 -0.741209618172876
0.0459544500989024 0.0369406576997213 0.319698480097515 -0.676489915187647
0.0333800863995451 0.0596007982429879 0.435377977550086 -0.450365716212674
-0.0389250245491262 0.118778035518021 0.322492593549391 -0.13253071231932
-0.131815111772411 0.0351131903925677 0.0180563247973071 -0.0180385773184771
-0.081262598861352 -0.121230782832491 -0.195831312332582 -0.115488412919441
0.000374134042686328 -0.124136947861474 -0.354680209222771 -0.448147976111796
-0.240772340133588 -0.152903648459003 -0.541334451346706 -0.275781635219073
-0.235045772591272 -0.0981793953785936 -0.375233030064371 -0.3030632122056
-0.255119410068566 0.0303407589622878 -0.484784983663833 -0.17617825765417
-0.187636698089501 0.128500697536213 -0.370553691359889 0.193565967913936
-0.125533049278789 0.177033755024461 0.0810195647863636 0.210027067318329
-0.0792011216277834 0.194190199902647 0.288137735658928 -0.104672130796542
-0.0197104605731919 0.234850675823876 0.26807057495149 -0.448420560920895
-0.0294567731964473 0.247652071184593 0.170218976099744 -0.612159787785465
-0.0128994719251073 0.271551674663199 0.163578225748955 -0.693300304239558
-0.100656682674903 0.302015300712347 0.263723473972315 -0.658290786419711
-0.200384548151118 0.247300061916016 0.383100914697753 -0.490996435768303
-0.326927144284953 0.188460965547276 0.312569076511626 -0.170375296733714
-0.386712093209662 0.00394125179454996 0.0366283293563323 -0.0294768565639961
-0.321305417246619 -0.230342134976867 -0.158157955138736 -0.07669395857888
-0.261847152343391 -0.258961667021952 -0.282532408513597 -0.341723002047445
-0.445172499252008 -0.229720477919155 -0.422157649007661 -0.254569503467
-0.436182751538343 -0.123536680234755 -0.277364800462541 -0.358567488829311
-0.412898224618712 0.061211716685947 -0.480009851149837 -0.255098843150843
-0.321035081068995 0.155501011539521 -0.407221877084967 0.139158489196489
-0.2829758203102 0.239890353437199 0.0274713652225101 0.219225656258755
-0.220201495287069 0.32217190661192 0.239338502035452 -0.0298302211423681
-0.112805722191655 0.417089202631563 0.239499864276491 -0.332953346393473
-0.106383948254547 0.45056982567654 0.15482694671454 -0.461320628000815
-0.0628145295147965 0.483894048882074 0.123590531061467 -0.537543470589102
-0.187950371962068 0.532101197372325 0.183046575002275 -0.540902988343531
-0.351163533068452 0.435239676552305 0.284408504938164 -0.45974177187547
-0.526087995598334 0.301243559267605 0.275634416557152 -0.19736638471585
-0.577506802246069 0.0521038072400368 0.0884243634717268 -0.0554101959049003
-0.524246308094013 -0.239527698676969 -0.0423024489761119 -0.0239331376401241
-0.499957153833673 -0.31673513285067 -0.134157978679089 -0.190068844135807
-0.575287550251788 -0.293768330808511 -0.244527427020907 -0.175959647101169
-0.570613724067948 -0.17208900121462 -0.163364977423173 -0.376917210393695
-0.537785947512777 0.0312169576074671 -0.467271409098867 -0.291114552223205
-0.470598383484382 0.135102702169235 -0.423573333632558 0.102162408026634
-0.452458848101705 0.280812381052856 -0.04292030698183 0.223711058804608
-0.355773213669153 0.428043445633565 0.144112426505497 0.0618489970666913
-0.197365020697606 0.552080537920342 0.159910273622458 -0.158241551143658
-0.163907003322595 0.587313164357575 0.116097477582658 -0.239810189260992
-0.0993133370753616 0.608125740324489 0.0849607281592209 -0.30887848578798
-0.226769216439578 0.658668507902257 0.112280119066273 -0.348510961200046
-0.416935921524604 0.542951853568732 0.172761312330224 -0.354941043823007
-0.599977537702081 0.371522287682907 0.224052849939624 -0.202692154273009
-0.637202022662396 0.124689171135175 0.158167815693675 -0.0993774411726411
-0.625863713876909 -0.167799753823066 0.128865092388537 0.00816115873222634
-0.662953575128357 -0.295388618086189 0.0691679696275272 -0.0392825438113675
-0.608119933609631 -0.316516520176439 -0.0480984821468067 -0.038373088762591
-0.590229133736649 -0.216688462716253 -0.0450339068635536 -0.316548650654121
-0.579319836135642 -0.0477426962074584 -0.403205849422115 -0.26035574657179
-0.590105600513215 0.0661839368024839 -0.405914316000328 0.0685219843740627
-0.58638799924885 0.291377760351125 -0.148232497402097 0.225259699904413
-0.44786590570467 0.491074837754494 -0.000281524403734219 0.180357773589762
-0.245857241195651 0.61798575713419 0.0448530297622497 0.0640032519829786
-0.194596646541813 0.63408811361462 0.0634399071295822 0.0164853362574712
-0.127089540374183 0.632175957204733 0.0481768465632925 -0.0526451188504947
-0.248143425715944 0.655444660803187 0.0515225634338705 -0.12659188451973
-0.424786789914473 0.514293340831967 0.0685213358138367 -0.215787520413555
-0.555062734139086 0.331702890626986 0.174298564844257 -0.197844750701621
-0.559502857877305 0.162597600854834 0.238473728765316 -0.148706862233792
-0.603083253050595 -0.0661509351020116 0.309503265729992 0.0225708793607184
-0.72326134189532 -0.222027441058859 0.286674011641592 0.08677885801356
-0.545785930833735 -0.280816952529339 0.134028258725261 0.134772316647552
-0.49634932584027 -0.226021951918286 0.0706999278882131 -0.16935665766026
-0.514947931843038 -0.122754389549217 -0.280122932815054 -0.180239087515373
-0.608608379090125 -0.00763729342920884 -0.363225779220637 0.0299044781967032
-0.616755151938739 0.269109592961511 -0.281747356422609 0.234742553074463
-0.451683797225615 0.486576672773781 -0.16644489545184 0.325071585359856
-0.252116978671839 0.594346581070184 -0.0771514123422925 0.306189084692414
-0.198293220705581 0.584865483930959 0.00543688233727574 0.268416432172843
-0.155654117733969 0.554179971193529 0.00146811518612986 0.187035156169062
-0.256791065970674 0.526274186829385 -0.0180842140551332 0.0680718313666321
-0.384177918029786 0.364125409423175 -0.027526193468205 -0.102658525545459
-0.418890447911152 0.196931756919278 0.144761537510936 -0.202811976711552
-0.382894482621821 0.154769143365219 0.326709154611927 -0.176443755992966
-0.490741334859287 0.0283606374374341 0.450446226580404 0.0446451899124147
-0.675384577545704 -0.134685106750927 0.471934723204099 0.180074247075634
-0.410877331630275 -0.182610423323389 0.278670747406807 0.305588894136859
-0.330260911685219 -0.164302016357673 0.177818323576027 0.0041353660880857
-0.357980339288133 -0.133347667788248 -0.137741822120811 -0.0969183668075319
-0.485199204215856 -0.0456287438816377 -0.323978769337522 -0.00226340787997638
-0.500457063796467 0.208966779719091 -0.405492152655422 0.27027804171281
-0.357761804890084 0.39595446036156 -0.305798174137798 0.476617229581959
-0.206311613822381 0.471190563498676 -0.172620966855174 0.527231350555789
-0.172178014347041 0.447177992367907 -0.0502352520823569 0.477710776516175
-0.163442192675265 0.399415838204881 -0.0613618305893987 0.370930368541243
-0.237768539704953 0.327741443439026 -0.102177882611857 0.191506386676343
-0.290699866270901 0.170163372135163 -0.10659689402516 -0.0578289656705124
-0.232256563735543 0.0569223597001941 0.154845785689294 -0.221441658898991
-0.189448380894023 0.13281320025926 0.414585722531068 -0.152317416959163
-0.341339745871772 0.0927505199744698 0.51688701290531 0.0975720261015163
-0.536566451541094 -0.0518699388302666 0.595355368242212 0.239399826435115
-0.219147795929651 -0.0408849618324393 0.373641353402884 0.4222671834743
-0.123788098356428 -0.0412228062993825 0.260434018274253 0.12568180263207
-0.133071368499149 -0.0761663173421401 -0.0317595108939553 -0.0442738969914269
-0.242423622869309 -0.0524641755996674 -0.305182338515683 -0.00571510546848804
-0.276037030466356 0.104445815310035 -0.476164876890799 0.331528457166903
-0.199447462145143 0.222607435539318 -0.370579964371544 0.601900058475716
-0.134273471668042 0.26320348400732 -0.218859276917293 0.68096341159588
-0.121801886275905 0.243317024411659 -0.0964228393559304 0.616662950362267
-0.138819737085362 0.202581495402425 -0.13266684891865 0.479692864456597
-0.170567147959521 0.121144604209459 -0.184216744038408 0.233232750851717
-0.156494608383021 0.0102993557603929 -0.147392185904166 -0.0730513524042997
-0.0536009507043519 -0.0274544207111735 0.202800204185902 -0.225303148924125
-0.0364215547942092 0.10624118911869 0.47723583918382 -0.0690365298131224
-0.185254640757702 0.119472088328859 0.504791555213709 0.172274804328728
-0.32800976503966 0.0215179063488332 0.64471167029372 0.271798096769327
-0.012046830063939 -0.0874982168953266 -0.622601533994592 -0.224984262052724
-0.0409141087021265 -0.101311068693849 -0.482905936520864 -0.223181342570408
-0.112303497339329 -0.0185851386557282 -0.504899738349242 -0.0383561110057549
-0.0671856772197083 0.0903506473540836 -0.298454570382911 0.290161902197356
0.0252468787010252 0.0959839273952828 0.147259047426193 0.185369545599084
0.0490117791023528 0.044396781733096 0.28924837514394 -0.190133582727068
0.0679308386604568 0.0212889725000937 0.213650434717533 -0.522836341294154
0.0580675191777026 0.00529038871353602 0.118255220503657 -0.686368631446148
0.0620112283389866 0.0101800821637267 0.147853150986126 -0.766898635446741
0.0496266460171874 0.0347394501002417 0.281206480027852 -0.70860845400207
0.0362943305780736 0.0581840962192709 0.414462773701936 -0.488161561620128
-0.0317335830963819 0.123190407429182 0.319772086332068 -0.154086432629597
-0.1309999613117 0.0424496104248014 0.022246943476133 -0.0124830162104501
-0.0925701057405616 -0.117666443374112 -0.199627768322736 -0.103488431211245
-0.00796317185398858 -0.124710408704896 -0.386295652085865 -0.431845996333518
-0.253192495864135 -0.139696030592277 -0.571629404212959 -0.251458527579352
-0.24467741855373 -0.0857333591701869 -0.400041628037595 -0.286550988046219
-0.255271203391968 0.0492428884745765 -0.500456676415284 -0.145761478815305
-0.180016876593387 0.14200786607897 -0.36192226169129 0.224433002057388
-0.112826805078313 0.185803315717186 0.0953030181058578 0.210883774228466
-0.0680769042193013 0.200601186916667 0.287242525753152 -0.122315320574805
-0.00319628521360338 0.23883579105627 0.237155908838836 -0.472358179194746
-0.0117056560489191 0.254275217834559 0.132643336001724 -0.630686444494004
0.00480342392406568 0.275859570205514 0.119197511198877 -0.712743704502408
-0.0802903662729928 0.313302390970029 0.224232907875807 -0.686489271661868
-0.187844830835198 0.263195997018152 0.357075315948819 -0.52525874048354
-0.319952151070038 0.213374916412397 0.309577987083625 -0.191784532472358
-0.389111744677243 0.0264451371044654 0.0389585760591956 -0.0250171785928072
-0.343280528353634 -0.213550024938415 -0.159571731508229 -0.0656083754786679
-0.280635602966851 -0.246076009996026 -0.306407320607707 -0.328510322984538
-0.463592021915936 -0.205964365924992 -0.447190287353794 -0.234655834828847
-0.448705803529028 -0.099968756333437 -0.302559493065796 -0.348472650757784
-0.411056586548313 0.0891179814686223 -0.500870545401568 -0.225747334038918
-0.311513752057979 0.17668495592889 -0.403771839891415 0.172259813706164
-0.268415467111574 0.25819927601381 0.0412277603908283 0.221616215217004
-0.202554797642202 0.3393909660788 0.242880207506938 -0.0426288966128132
-0.0862935806895017 0.429939825865316 0.217312249070348 -0.353364125875937
-0.0771123191140057 0.465905089607257 0.126554337888058 -0.477603004659837
-0.0316047202133585 0.494019310678279 0.0875699136730964 -0.554007695037808
-0.151708757620226 0.550691448616569 0.15010375282379 -0.56357816108271
-0.326913320004547 0.462081155824262 0.256127228255798 -0.486197313353675
-0.515244356171182 0.342505578815154 0.271005745442457 -0.219301593253712
-0.579342309380542 0.0862799305875161 0.0885221625425732 -0.0561042715123429
-0.548150427773426 -0.210923094173991 -0.0395001026476434 -0.0192194843064896
-0.524460221749066 -0.288145481851328 -0.145507763354058 -0.185629824002035
-0.600475042833514 -0.26234699524831 -0.261390528344999 -0.165297386670546
-0.588750079429735 -0.140613047494927 -0.188127203435916 -0.375655467482978
-0.536882641767341 0.0675266256177574 -0.490534643666251 -0.264123105633643
-0.465349709911773 0.16553757326702 -0.423317953624122 0.135367727832895
-0.437387310244647 0.311883334565513 -0.0302490805901498 0.229175641682478
-0.333717822050286 0.454345233129593 0.15204885636764 0.0562160047645834
-0.163375750197909 0.571658430082879 0.147926134040095 -0.171380074878434
-0.126299629260846 0.606541568693253 0.101395537859238 -0.249673547215074
-0.0600746545318353 0.623105176778288 0.0631452483221104 -0.318745336574543
-0.184744367885961 0.684172334138854 0.0899682713434505 -0.363157357429155
-0.389086851804046 0.575948500325639 0.148941082161021 -0.372009613842416
-0.585502515753081 0.417341269406954 0.218956286749441 -0.222478682754733
-0.633824886396412 0.164377109635015 0.154843133462849 -0.107158287259581
-0.647958016305721 -0.132932524951298 0.135363291021561 0.00283832936564791
-0.688624127806591 -0.256068499710113 0.0713831534927026 -0.0453741269218287
-0.63530311082631 -0.282891524245407 -0.0517291801878783 -0.0379014673438229
-0.611021721713885 -0.185518154976893 -0.0628582737985003 -0.322385117410974
-0.583333579999137 -0.011903791463749 -0.423923715197105 -0.238163421315901
-0.589429012888636 0.103070410760133 -0.408865688380238 0.0980777948945086
-0.57444984451109 0.33219447575538 -0.137769604498077 0.236696601256182
-0.42227193026045 0.527533765996324 0.0137095321706452 0.185029218994229
-0.210196595435371 0.641214335808479 0.0473425728070294 0.0626365733789537
-0.153456654397858 0.658340146369729 0.0656020874330324 0.0139060447847183
-0.0898766933893377 0.649606989370837 0.0428469405477633 -0.0559129830634753
-0.206435001900007 0.680307457178418 0.0426141399813535 -0.13384710035505
-0.397557170607509 0.547526580378637 0.0517584962641952 -0.223439643445693
-0.541110848326049 0.373965849336529 0.167966500586163 -0.215960244791948
-0.549785239982796 0.196309618657733 0.231685971541536 -0.164724522264925
-0.615368378748932 -0.0303698124926477 0.317968195489514 0.00526088081393443
-0.744501111164265 -0.179190344873079 0.299008419511642 0.0682701457181028
-0.570699909840752 -0.251064742366915 0.14466571620554 0.126872170323761
-0.516677052732457 -0.199922693181428 0.0627018294211564 -0.180866255993718
-0.523504997404847 -0.093479595147461 -0.293492551987314 -0.165507314229878
-0.615295473206409 0.0275306138512668 -0.368467792409914 0.0543569501378932
-0.604864640008996 0.309268309267546 -0.271396612486508 0.253566121188394
-0.427351791698041 0.522618597817144 -0.146927502129809 0.342188321584559
-0.21543289706781 0.6175995341982 -0.0583003595532905 0.316073199680696
-0.160786767382004 0.607294060839603 0.0239300560778259 0.272728372750825
-0.121602398484094 0.572302034869116 0.0115724726008692 0.189152184120902
-0.224465684205231 0.54996931753624 -0.0152976130463293 0.0681720353090414
-0.366211210731301 0.39214549212826 -0.0380763017509774 -0.102144513115155
-0.411952698493346 0.228332306063848 0.136763530339119 -0.219818909970779
-0.372559971779487 0.178501124566797 0.317408451662792 -0.200387053937417
-0.494437246357989 0.0575562270974405 0.461761344427186 0.0184013677269869
-0.6899152158833 -0.0921986830044783 0.493113247186239 0.151267329805942
-0.427854105313742 -0.159171505073771 0.304015736240003 0.289605707687622
-0.346462252700823 -0.148291000315847 0.182489506983695 -0.0112273893938073
-0.367155545227167 -0.114710772291432 -0.144826442466082 -0.0905481449086597
-0.4931506564765 -0.0166370097552189 -0.330862133058379 0.0179514836176266
-0.494056786395155 0.243899346340124 -0.395308199283666 0.29682345609025
-0.337263889849249 0.426577414475011 -0.277648427335644 0.504083840071614
-0.177710514736733 0.490283145004341 -0.139259247190441 0.546183549551958
-0.144527944899252 0.466055473137874 -0.0185901105507147 0.488305137717626
-0.141059217856244 0.416520463962291 -0.0391311663102584 0.379449106719553
-0.218647681315231 0.34675564432506 -0.0922550165186824 0.198491455421137
-0.283459863766031 0.190112564855746 -0.114387095037582 -0.0519419913569117
-0.231067196087063 0.0731154165350452 0.14347218238755 -0.240320531192065
-0.178651289080457 0.145821956950626 0.408538973672982 -0.184190868387751
-0.339374387214141 0.114583443076981 0.532591721656294 0.0669211252318967
-0.544921424843825 -0.015771240031975 0.622612453567965 0.203998020247604
-0.225083045258514 -0.025628675274136 0.406989096907008 0.402731176525197
-0.129417727772026 -0.0344301892297249 0.273203745471743 0.108418423951959
-0.137408053229745 -0.0712613391386884 -0.0347332284445138 -0.0449810258009101
-0.248965712373817 -0.038697357743473 -0.313007121728588 0.0119905610093335
-0.27362423740465 0.124004091589129 -0.460991903158706 0.36607443467355
-0.186622345361238 0.238654543834441 -0.334131782738422 0.635926214374968
-0.118412201512584 0.275776997538027 -0.174083321846283 0.705760512515834
-0.107054349399045 0.255478875810152 -0.0553886992362758 0.63126664484551
-0.127884998231321 0.214377351786356 -0.10125816564481 0.492874043720086
-0.166511393975693 0.133295317589995 -0.171491282053557 0.247119029229775
-0.157300753815149 0.020129003141117 -0.15530264088816 -0.0651421988970761
-0.0557847443460503 -0.024458996965046 0.191946337915994 -0.24855664084524
-0.0266462982698393 0.110564541293897 0.47697044561211 -0.106020036947687
-0.179668555729707 0.132348613460919 0.52209821239807 0.143161985333572
-0.328577068035634 0.0449498751964708 0.673857720507425 0.233416838616573
-0.0182594364360212 -0.0843195000698595 -0.633121269122297 -0.181075589559128
-0.0479031458488779 -0.0980063703191742 -0.492951957478503 -0.187747258657008
-0.113050422232838 -0.00939906411056743 -0.498772616482816 -0.00338492173764441
-0.0593193624638396 0.0942533564703216 -0.273118288021738 0.309516909790045
0.0321930192235292 0.0914830639414667 0.159129850039429 0.17554216087172
0.0505546842575086 0.0398179912482596 0.272266319207686 -0.205126333694286
0.0697767816265264 0.0156299207754975 0.171444072154856 -0.528918066282784
0.0594505955060998 0.000419011724072909 0.0687978543215406 -0.684283418738451
0.0630475877641473 0.0064107779883536 0.0912243372851486 -0.76474970024119
0.0517948098686546 0.03090677345045 0.227508281892226 -0.718205540881789
0.037786105475069 0.0552790108472438 0.377405582210238 -0.51311841227129
-0.0220489461271729 0.123903399831281 0.307846209405962 -0.172941869514528
-0.125923283427524 0.0493440239399255 0.0263171343938308 -0.00824687146853682
-0.100553769585282 -0.109409283055889 -0.198532371011419 -0.0883972886471977
-0.0159266845468933 -0.121352277265207 -0.408910140844672 -0.398276150022843
-0.257676009340883 -0.120928046463289 -0.585748287479496 -0.211870860124459
-0.246197183520004 -0.0696314153072766 -0.41476405525803 -0.258321132597903
-0.245968014002626 0.0680215806590081 -0.501433803059774 -0.1091590623998
-0.16592632286745 0.151862473741249 -0.339986139875032 0.250043517981207
-0.0966809903068587 0.18838743354617 0.108291177459556 0.203659018743898
-0.0542303139615992 0.201618969776472 0.275603874586826 -0.137980022499814
0.0143077469629846 0.234374369908262 0.199031344016965 -0.48145847627588
0.00838974864964206 0.250935717815358 0.0855061580643073 -0.630098407984927
0.0244403296177585 0.272112877786105 0.0667348295072705 -0.708994187732312
-0.0556783171431702 0.314031050533072 0.173082016801651 -0.694114025327264
-0.167749990844442 0.272074469133707 0.314335301951924 -0.544717469849234
-0.300518771743338 0.233169117853387 0.296333621050997 -0.210015262486416
-0.381194468324621 0.0494011367865006 0.0418590534296744 -0.021483909102341
-0.354129501875234 -0.188242000549758 -0.156423793099655 -0.0530878892347729
-0.290876761553807 -0.222193671277286 -0.323260063696025 -0.303658536688647
-0.470378319071182 -0.17214547799292 -0.460024438501893 -0.203089319762815
-0.447273084790056 -0.0713311246082726 -0.321774477900175 -0.326692037366838
-0.393894015619522 0.117511826014167 -0.506712581087152 -0.188717012853682
-0.292211919196828 0.19394591800369 -0.385033397478207 0.201568431107452
-0.243941096114218 0.270033326595904 0.0541351357383116 0.216593481209382
-0.177358500351179 0.347484082619441 0.238870970831042 -0.0564717868330392
-0.0552971123410216 0.426560178391738 0.185423650198512 -0.362231041339776
-0.0408019266404073 0.463941626259035 0.090689432000103 -0.479599243133163
0.00297919893436791 0.488371322310744 0.0458592924808045 -0.550358410845352
-0.108500400240889 0.553168352474231 0.108200653056442 -0.568661615868922
-0.290771702610797 0.478242898246043 0.216071898059748 -0.497663639482148
-0.484746230695248 0.373906570351892 0.257443461719079 -0.235326113700518
-0.561771695218113 0.121021345162117 0.0867271873433821 -0.0563527132875019
-0.556589134536551 -0.173473359689243 -0.0364399268104199 -0.0151157037570626
-0.53427478175735 -0.247314097827786 -0.153439271582342 -0.174415536457561
-0.607637848756368 -0.217763873345303 -0.271102670289522 -0.14727995093551
-0.589341046498681 -0.102272465958695 -0.20974254745383 -0.362320280083114
-0.517716682481288 0.103781112612754 -0.497885181330069 -0.225165012979445
-0.443036741071183 0.190925647781275 -0.407746780800125 0.165577282794383
-0.407098345867202 0.333971281733002 -0.0162045490060177 0.227221141457847
-0.298445183643258 0.470450534853831 0.155407671885351 0.0462717448178405
-0.12055032568838 0.572870053170493 0.130795436995351 -0.17807977629653
-0.0792368133089152 0.608321049120263 0.0831305198108215 -0.252455351664026
-0.016093627543855 0.61705809574729 0.0375523527132823 -0.317703581227219
-0.132252490429644 0.684008544968453 0.0626421585324898 -0.366411682127507
-0.343130569611094 0.593822824686924 0.11832412579057 -0.377541437334371
-0.54781645667325 0.45554972478951 0.205115064037134 -0.237763487502603
-0.608741949739589 0.201120883085087 0.147755438901024 -0.112694116699465
-0.646153067893688 -0.0885173632654057 0.137676256669633 -0.00515450961827906
-0.69114010788621 -0.206043397342877 0.06899567978093 -0.0519723224393509
-0.643953380820098 -0.23692670298127 -0.0548481370662396 -0.0359389173408473
-0.615790648472013 -0.145905949395617 -0.0822214590702715 -0.319125870898946
-0.568368351681732 0.0285743184884054 -0.431743088436443 -0.20659749294264
-0.572092236927149 0.136772460436082 -0.395897596247976 0.127536287272408
-0.54216010282464 0.362867935468335 -0.121389403952478 0.240299120093857
-0.378632032533194 0.547887216554676 0.0279574950167536 0.182083082626354
-0.163346944209356 0.64586980578886 0.0486937243817999 0.0591821680900114
-0.103965375038794 0.661384063156572 0.0665292240792767 0.00930882078982388
-0.0432618040705053 0.645845356883533 0.0359740252908096 -0.0574477014303753
-0.155124276191951 0.683271601263537 0.0311443911533367 -0.136937827621519
-0.353952784465925 0.565598527815694 0.0325290026687212 -0.223173028932694
-0.507690984118184 0.408666416520347 0.15369896000158 -0.228967616982593
-0.523816788648555 0.227612269510072 0.217113397576157 -0.176198462754642
-0.608648626412142 0.011904550807934 0.316887136099428 -0.0155887545002973
-0.741573880559198 -0.12458504924346 0.301961965439896 0.0441667390592998
-0.580082955302341 -0.208723571181126 0.150856928512391 0.11274329252641
-0.523235505245432 -0.164460580352776 0.0518545637913735 -0.188915403831417
-0.516360396830852 -0.0574726899462754 -0.297897934810724 -0.145382114132492
-0.603233776302051 0.0658499324325666 -0.359891652705827 0.0796903209920959
-0.574439228393775 0.343551597895823 -0.252472246232374 0.265416047821692
-0.383439070524463 0.543880094225303 -0.119469405839687 0.347012954625452
-0.169770738127117 0.622963730872859 -0.0366790731072308 0.316528461130726
-0.115370064285122 0.610786212417029 0.0440649266261522 0.26649243851416
-0.0801082242144464 0.572667005241863 0.0229815100170293 0.184803826161175
-0.182395290057127 0.554303718961717 -0.0118901587550263 0.0663502875446749
-0.334514834640794 0.410503340980036 -0.047248241621064 -0.0977917745109768
-0.390609519686188 0.25399970114757 0.121364324680729 -0.231695742824001
-0.349651771842939 0.198392990933974 0.298363249169342 -0.219730075527023
-0.483224543205397 0.0899817480036402 0.457487878287027 -0.0115552495134767
-0.682209808618775 -0.0415884110282762 0.49813259273296 0.112357210084395
-0.432388116863263 -0.126360692808078 0.318136833132983 0.262721267309687
-0.353778908261635 -0.123123123516511 0.179690998107748 -0.0283384106700549
-0.365091489880509 -0.090988334692983 -0.146879692154467 -0.0823522556692898
-0.487562743286244 0.0148655269895604 -0.325941125042453 0.0385612946016229
-0.469919233102742 0.272175501076955 -0.370643728640092 0.31689022534538
-0.30206019193006 0.442702612712161 -0.23862942586006 0.51597269811586
-0.142849721547406 0.495433655258743 -0.0979195975897987 0.547441798934603
-0.108999183919393 0.470494014056673 0.0178065369966626 0.481586941807843
-0.110938292495843 0.419983966631392 -0.0123506400508535 0.375288681626284
-0.191668093255706 0.356137543489518 -0.077639311122177 0.200085265803535
-0.266040780688454 0.205593769019642 -0.117934132939242 -0.0436282864680277
-0.222475867317123 0.0881601994859588 0.125471374674377 -0.252577900511585
-0.162217528872479 0.154226353547684 0.38788750922124 -0.212993693296681
-0.325762090441571 0.135586449300461 0.529417459725666 0.0313822677458637
-0.533017366652179 0.0231990886336933 0.627416516462218 0.156539827195383
-0.224133226959244 -0.00827498525820731 0.429310851728724 0.365075312810423
-0.131810100185407 -0.025367548394831 0.276916339370217 0.084072939837646
-0.138573575815142 -0.0632897290618513 -0.0372284395369214 -0.0451089576641559
-0.248174617960639 -0.0220238677512642 -0.309140786621743 0.0305824389268128
-0.262494972351373 0.141126070099539 -0.430325476563411 0.389464224578644
-0.167142729642508 0.248300135467216 -0.284089840458469 0.650598636693559
-0.0970344011376241 0.28004528909292 -0.11744393720748 0.707573211939976
-0.0881384072960468 0.259640750104594 -0.0104480010810821 0.623955173799329
-0.111449922529295 0.221049478008166 -0.0650506419126385 0.490722255060093
-0.155517597852594 0.142183048944735 -0.151829477558178 0.252818608559669
-0.152949338479266 0.0294095813972905 -0.157926629996076 -0.0540199189535815
-0.0555123280102486 -0.0202024059799207 0.170128359650425 -0.264521980128909
-0.0151387100499434 0.111244397388191 0.460631240180278 -0.142063216725972
-0.167386626908649 0.142750501881551 0.524647408995364 0.108172175290013
-0.318461485820902 0.0677575414525995 0.682379253369885 0.182338397648432
-0.0214860830008647 -0.0800098218938317 -0.624461702026677 -0.146548855253678
-0.0514865979866565 -0.0927078357761026 -0.485957945477644 -0.158084230526277
-0.110245576164158 -0.00234046944049058 -0.481256923316809 0.021001399891533
-0.0527275501874465 0.0936190540210894 -0.246071089744477 0.314896505981165
0.0353165529148512 0.0855714769925471 0.162592858158105 0.165479510802592
0.0492394781018573 0.0366682142230825 0.254172816517033 -0.20862924316406
0.0687727410157422 0.0104241407605801 0.137400455536015 -0.516286866610029
0.0588922406481206 -0.00384616956884325 0.0338067655703698 -0.662956026868014
0.0629665976725917 0.00309102532317335 0.0499759279829811 -0.742184656609196
0.0520827309669191 0.0280016756835642 0.1855729843064 -0.707384889346704
0.0380246950436666 0.0525429296770038 0.339343862657113 -0.513812402004262
-0.0158760522276535 0.121040414078983 0.292820893385249 -0.18015183064886
-0.119946391726666 0.0515310969489715 0.0306495534083606 -0.00471298409603968
-0.103358367089927 -0.100815915449514 -0.19090304610265 -0.0762606784984505
-0.0201448414847963 -0.115446580816121 -0.412034048452513 -0.365443125114846
-0.254097857606657 -0.10446955549627 -0.579049413869598 -0.177820890999653
-0.241487055542384 -0.056849938766192 -0.413005435287923 -0.231843702337566
-0.231911549401723 0.0788959470939698 -0.488331357539222 -0.0812179596701491
-0.152011208709967 0.153783143008213 -0.314482821062873 0.261377508385954
-0.083645045868 0.18417030278308 0.11329148978382 0.193618600820352
-0.0436434140110764 0.197960580118037 0.260404653952379 -0.143876757725345
0.0255530671712389 0.22463869386849 0.166022006706892 -0.471622004432553
0.0224539952631909 0.24185460512693 0.0528093345990361 -0.611744460114027
0.037347133710489 0.26064270979102 0.0282194428792799 -0.686875714948507
-0.0376159027152885 0.306370774525744 0.133880022804388 -0.680817465558954
-0.150452480220602 0.271538754240465 0.278074394852493 -0.542253007359731
-0.279251053748942 0.240335842401798 0.280712218721105 -0.216729700468013
-0.365790502231196 0.0631841903359101 0.0449487795603568 -0.0179150750804238
-0.351093436321152 -0.166210112272744 -0.149337553726082 -0.0435520686291097
-0.289796804712686 -0.200743989235736 -0.323168961298297 -0.279047246285957
-0.461836874720786 -0.145172873827483 -0.458952105480694 -0.177562281525846
-0.437506974641303 -0.0491674501951294 -0.325353022380262 -0.304950981140447
-0.369693200680297 0.133490725933385 -0.496289338352386 -0.159085220791373
-0.271603542323239 0.198708935195667 -0.360892829201086 0.216249610358749
-0.221324265888425 0.269314556742265 0.0598549406949349 0.208248828700001
-0.155970498510327 0.344315195915483 0.228873273217055 -0.0642027180418645
-0.032285523533694 0.414772687959686 0.157610676007434 -0.357601560284266
-0.0140517202388462 0.45118597133296 0.0654235794843561 -0.465033884276622
0.0249625025149929 0.47051981900583 0.0153044180786706 -0.531945114212925
-0.0771321063335909 0.537741322837082 0.0762389587706343 -0.55600231919982
-0.259218617779321 0.475310289717336 0.182565877043019 -0.492436505114531
-0.448842420673784 0.385834471208697 0.241912816277675 -0.241657733611444
-0.537487562530522 0.139598638908546 0.086594659704603 -0.0542400030787421
-0.546507062027401 -0.141281483015482 -0.0309556600185674 -0.0120060058443554
-0.523580538727153 -0.21434013783139 -0.154806044896681 -0.163185206111038
-0.598126240867723 -0.184349348120922 -0.271466892251451 -0.130885482393036
-0.574538052695727 -0.0741914566503327 -0.218659328969305 -0.345922011393756
-0.488580426765574 0.124440857655086 -0.489029522020855 -0.197281666009667
-0.418647958047205 0.203076785026699 -0.385250050857526 0.182291881088271
-0.376120072581226 0.338755002207875 -0.00803936091976964 0.220274726321659
-0.264892260473545 0.469462689901459 0.154010979400161 0.0383542574556272
-0.0902658516737988 0.558865129828071 0.114873236881503 -0.175766554823496
-0.0438017147627244 0.593632863310264 0.0687560002418395 -0.247553240045494
0.0125933813178106 0.596847058242767 0.0200251713110461 -0.306547042469238
-0.0917472546831575 0.665939681792362 0.0415190013186311 -0.35988018471553
-0.303210235721007 0.590371001968526 0.0926968077727525 -0.370167213065761
-0.508256841080822 0.466355523982913 0.190983150680359 -0.242576081143476
-0.578110982460541 0.219558588485897 0.140556795199479 -0.112906087214327
-0.63026984409982 -0.055771389192734 0.136450073394608 -0.0102148907040891
-0.6725714855293 -0.166457668268372 0.0659830129776746 -0.0558367583218692
-0.633200217142401 -0.200047881763705 -0.0560832241463203 -0.0339385215450929
-0.602035027182138 -0.115048293692897 -0.0939820742742196 -0.310940736495399
-0.540317100254216 0.0521575115059519 -0.424206813319659 -0.181965384976441
-0.545891335883518 0.156206312219355 -0.376225728551782 0.143246891876434
-0.505142070123671 0.372741122909373 -0.109955006417298 0.235937462089294
-0.340288898966414 0.548247910568988 0.0361084883013962 0.174682821263464
-0.125482414527927 0.630377838171079 0.0481794783166971 0.0570677217657997
-0.0667237921020974 0.645194185772289 0.0663597535267722 0.00593548135820673
-0.012590349531293 0.624661650793552 0.0313736078161262 -0.0561204586297549
-0.115625171045746 0.663033906998339 0.0218625228062842 -0.13548474076288
-0.315206509390715 0.563336855841208 0.0177436466258668 -0.217057757426009
-0.469886959022502 0.419993579082802 0.139945706590012 -0.233692084206589
-0.492412027788616 0.240729463889314 0.202726321943841 -0.178633396176203
-0.588369763945227 0.0372401508955538 0.307840447836158 -0.0284872768833473
-0.716172477625869 -0.0849527561274571 0.294645063566037 0.0263416031913224
-0.569967176392626 -0.174933818485202 0.149609268043789 0.0994276291666666
-0.515274477481457 -0.137537358323334 0.0409707427528032 -0.191704029660614
-0.494541180610274 -0.0340831127713656 -0.292334429791325 -0.130533389604881
-0.578683521974298 0.0871667015785258 -0.343539646578338 0.0938389333296882
-0.53950492709405 0.356190810593147 -0.234893923341108 0.26539009603632
-0.344383599716428 0.544760869105741 -0.0989372198336612 0.340578847977938
-0.133840746924245 0.609873770602578 -0.0197944667826842 0.308915860705884
-0.0787641951552545 0.596923210030905 0.057736936123167 0.254339823572746
-0.0527319524280502 0.556748783973697 0.0313922359953776 0.177611149386307
-0.148910492072831 0.54314465312816 -0.0092699464793559 0.0628615263792556
-0.303576931283157 0.412458490974907 -0.0521477675642613 -0.0916828602271262
-0.364444711182146 0.265934690283499 0.106540776096068 -0.235347655395756
-0.325118459521844 0.205066696791883 0.276776246718678 -0.226022234270062
-0.461421979012013 0.109089942096251 0.442957013019517 -0.0314697938369209
-0.655396606585214 -0.00777648515278731 0.488033572902548 0.0834391931245389
-0.424950271004631 -0.102019722034785 0.319336642924181 0.234927522645673
-0.349058086759722 -0.103254013358835 0.172051716181108 -0.0413384160772331
-0.353188736168035 -0.0716290402395334 -0.14479138597059 -0.0772429008639856
-0.47089951364764 0.0356051244097415 -0.314193077555374 0.0502191477406196
-0.442032680053614 0.284472649657626 -0.345972742740952 0.320487450553937
-0.269244846294454 0.44163248770623 -0.204778003663518 0.509435731164047
-0.112567845288007 0.485232256924619 -0.0668658750959457 0.535551012069529
-0.081894898506379 0.462597586831801 0.0431666638655179 0.461965987503462
-0.0865856220696933 0.412266967328269 0.00603387411788234 0.361008488915951
-0.167655227522938 0.351631219464906 -0.0662580145477203 0.195367804214137
-0.248014224431933 0.210161722693835 -0.117223087271869 -0.0366399204398087
-0.209303939322888 0.0966178182627913 0.107770022889772 -0.256442111376063
-0.144450222555264 0.154911772341012 0.361681402049243 -0.225878903485011
-0.308163608091799 0.145462863585507 0.51219880698358 0.00605950243791479
-0.510252377681901 0.0481009800669371 0.61577618675066 0.119961304903274
-0.216284512365665 0.00391466818793947 0.430250689591948 0.328775303648363
-0.130400016709766 -0.0171489806784577 0.270635212820026 0.0643188408163113
-0.136596364150462 -0.0563954708222861 -0.0386333945207511 -0.0463346546570379
-0.241380769017911 -0.0102588771572908 -0.299886546495334 0.0406472041902818
-0.24667710385654 0.149723664296705 -0.398821104757695 0.39442992888201
-0.147536284104011 0.247316688582642 -0.244880666011251 0.640587932042357
-0.079580685029204 0.27457770752321 -0.0779393133460003 0.688861795634865
-0.0722213459033864 0.255963726254606 0.0208389930882195 0.600312952692797
-0.0974714605581775 0.219412953878335 -0.0378657696290932 0.474261947894874
-0.143766625069136 0.144961542199702 -0.133974264263386 0.248869914324879
-0.145964861061284 0.0349223325895409 -0.154861849792871 -0.04629398035531
-0.0531597154708985 -0.0163146027133034 0.150237379412467 -0.269638671136033
-0.00640413480399398 0.108749267698459 0.435574610042545 -0.162893696221566
-0.155624832964114 0.145275212593238 0.512018392868618 0.0804185777650864
-0.30218315691653 0.0815708846928996 0.667982707012312 0.143093715339616
-0.0147006423176957 -0.0719204213997186 -0.606612080684426 -0.170268394052116
-0.0440684835306448 -0.088037786471646 -0.466522796206894 -0.167180256571187
-0.106035549545609 -0.000489761395728202 -0.46232466099392 0.00744310592581654
-0.0503824076117396 0.0889799158532345 -0.243649837530395 0.303794450663668
0.0315687839341509 0.0807805450633824 0.156299697925514 0.167992392583408
0.0437020534547082 0.0368952426720388 0.250444733049627 -0.190695674306379
0.06836486355496 0.0073662728522329 0.14247996210171 -0.495270672531293
0.060087597117295 -0.00492895958154032 0.0419020829249572 -0.638533214383362
0.0633511440464675 -0.00207005295553284 0.0590462666401245 -0.717443519291518
0.0497306109068442 0.0234982226296228 0.187826102502987 -0.680778597985489
0.0356714309776958 0.0489724671151994 0.337331742030512 -0.490822554946397
-0.0144721176194185 0.112187394538427 0.286088128465047 -0.160721432051977
-0.119298291210985 0.0454455240625094 0.0315005568813258 -0.00222132065703193
-0.101514767716337 -0.102485638454713 -0.174087684096122 -0.083751684631712
-0.0230210092790801 -0.113790317291104 -0.374154176794428 -0.369024972128606
-0.242260677484379 -0.109435278133071 -0.5651877724687 -0.188221270128811
-0.23214964875348 -0.0624469924561589 -0.392367561007448 -0.231169891733101
-0.227598633689407 0.0732361098427833 -0.460494023625114 -0.0866834532519025
-0.147209850231724 0.143098792983231 -0.30881066889085 0.254339758607909
-0.0863183689510091 0.170558775471828 0.107459772301979 0.200411572703498
-0.051426105630423 0.189609628956588 0.25780735326719 -0.125084107058936
0.0181824950866049 0.214078065540906 0.172092348512016 -0.44680400604881
0.0155179028442413 0.237783726282939 0.0591745357399066 -0.587237406079054
0.0315131973350048 0.250794746876293 0.0336023369096249 -0.663691193885366
-0.0435636655675808 0.294845877705062 0.132522203780437 -0.65678053246753
-0.155790620416537 0.260773928273301 0.2663777800832 -0.520287160989745
-0.272960705435617 0.221076403094317 0.262957076158506 -0.201562911747475
-0.358342772392073 0.0479893721468831 0.0407458258023715 -0.0205650397400322
-0.341568644215374 -0.171196251550249 -0.133912917088684 -0.0574850654654295
-0.281938115813572 -0.199410215465856 -0.29350317439661 -0.291314457141561
-0.446422376781619 -0.161836419337425 -0.452094287228927 -0.175482362947563
-0.42600411706005 -0.0665632374451601 -0.303853942599891 -0.295627977814956
-0.363286605103695 0.119128543039801 -0.462434370751602 -0.156382254579481
-0.264519520903846 0.182570467464744 -0.354641765423177 0.215034457586009
-0.222429755367254 0.246764895294891 0.0538872916371617 0.21999308636974
-0.164346477025018 0.327352991025447 0.227092944579068 -0.0446672097087929
-0.0454598850293825 0.397004087425592 0.164975459662935 -0.330845950854913
-0.0283745406672493 0.44462269823555 0.0697299550740375 -0.442756846679827
0.012696112733026 0.458223786683842 0.0172136826650726 -0.510349886064627
-0.0865691115019721 0.523083959328349 0.0717691120139123 -0.534707268997532
-0.267944378326544 0.460689313679969 0.166114688276097 -0.473812072010871
-0.441048862658739 0.357375727649406 0.216176712496983 -0.228791644394657
-0.526549798483861 0.116405310828462 0.0760466161571446 -0.0579007943977341
-0.52989006896913 -0.152863077521674 -0.023465850178296 -0.027757520212935
-0.506176777589675 -0.21624123550409 -0.137217642241787 -0.18076377776365
-0.580443213310018 -0.211373296517288 -0.276059398516234 -0.118790622695273
-0.559603149628413 -0.0987396947220271 -0.199287041441089 -0.329421075548865
-0.478796177111135 0.103716824615854 -0.453271678024983 -0.186966821546423
-0.404837057756688 0.180398787026248 -0.380888016991725 0.185588982270801
-0.373930780695714 0.306293173625656 -0.014320140409924 0.236397806628346
-0.273649678739147 0.44607864153097 0.153920796280738 0.0554785464015293
-0.107675952568363 0.538254620189471 0.121566446266507 -0.153054275626214
-0.0629079862847568 0.58525989216325 0.0701555002935596 -0.231211150616176
-0.00334599929325241 0.583341823845701 0.0157839830973446 -0.293190607087209
-0.103662955684883 0.649329570817653 0.031284901005821 -0.343924782061339
-0.316205391876386 0.570968700244401 0.0722978686730635 -0.356688151307961
-0.500625532159969 0.435542329558036 0.161076539879648 -0.232177711604604
-0.568570539834205 0.19315337917471 0.126011570184596 -0.113185711546387
-0.609513749399449 -0.0715699937907875 0.134124851671694 -0.0224314958574047
-0.648129946570015 -0.168522607332834 0.0680143346112893 -0.0720119575771095
-0.614725084924219 -0.232245651806193 -0.0716669725027295 -0.0142991545714557
-0.585426035304281 -0.140884327057561 -0.0813813304099557 -0.291990627749093
-0.524557018907028 0.0294384260404178 -0.396244617153685 -0.171987641821644
-0.5253598966512 0.128915331136397 -0.377577844948056 0.149998433426953
-0.500730141724481 0.335680387637203 -0.114519565681287 0.25282304803113
-0.346408291737201 0.518217005775295 0.038179771546383 0.185495490123216
-0.145034996055423 0.608496726138541 0.0537920309913624 0.0729199488904762
-0.0866800029812729 0.636715825967136 0.0643280912017672 0.0138712196340241
-0.0294597421707535 0.614163865999523 0.022894645582006 -0.0508259922549403
-0.127885570233575 0.648521148434916 0.00960417879519331 -0.127918024560707
-0.327392069568188 0.545385194378571 -0.00213853336268909 -0.211242952338038
-0.463663622379841 0.39211400945903 0.112660020029137 -0.22591837024211
-0.483143594957508 0.215310718678336 0.186268348278567 -0.173071542682506
-0.567662552255972 0.0226836693617104 0.296868669903755 -0.0327458012441224
-0.689744313001427 -0.090883299782559 0.281367085015881 0.0156466783553915
-0.552447863104742 -0.204433337758482 0.124823727166108 0.120871054469407
-0.49996272721217 -0.157680401748731 0.0436547579170833 -0.173743776096679
-0.477788755701527 -0.0567772824512464 -0.276356795192731 -0.120077828942326
-0.556826893183919 0.0630913689097705 -0.347781384278625 0.0999269882467184
-0.532418543037239 0.321734042626648 -0.236871776574935 0.27714068116507
-0.349348181186258 0.514683855468992 -0.0961584456820558 0.339744142379046
-0.152137775784252 0.589345896106973 -0.0163818782940628 0.314031452100005
-0.0988364886634738 0.589781176399051 0.0523952092413925 0.25266791539229
-0.0662887701017953 0.547603039743534 0.0201826378230083 0.173947212415628
-0.158295997128601 0.530175285560513 -0.0214440851838872 0.0620243516485315
-0.312205652353736 0.400013411412146 -0.0671375007311963 -0.0939764407698856
-0.356636623345273 0.244001925077927 0.0871317853094077 -0.231476413727151
-0.314806819094728 0.185359709910963 0.261057806859392 -0.214053888173027
-0.445210068654325 0.0947463093885739 0.424517143591714 -0.0268077382930187
-0.62959226538883 -0.0151532130085419 0.460962706146697 0.0807911566201835
-0.413457394760371 -0.126852662800867 0.287714733998347 0.254430706317049
-0.339161567743656 -0.117944182988523 0.165337900284619 -0.0285672975429515
-0.340791883176886 -0.0877067085917516 -0.138966195887402 -0.0698412031912215
-0.450774265311764 0.0170534847565449 -0.318569683905011 0.0534707569905503
-0.434052748913794 0.257610026591989 -0.344144499336849 0.320754012356963
-0.272038049476989 0.418969205195812 -0.205085125749262 0.496399866737126
-0.12797443745282 0.471955366476653 -0.0671953369399592 0.528678564953765
-0.0968921078000237 0.45480221455463 0.0348318795726255 0.45110140816561
-0.0952179219200501 0.405755046128283 -0.00435894572536003 0.348640352023757
-0.173045217269001 0.342140246068135 -0.074674620303403 0.187232777940926
-0.251024364954885 0.200715373213602 -0.122973146518759 -0.0436242399709696
-0.20222658644979 0.0839591040216827 0.0979080507297595 -0.253486183856894
-0.136397052223221 0.143220591803637 0.345923735589015 -0.208506919016192
-0.295258153435717 0.135653912791861 0.489075264756149 0.0170194239648895
-0.4883241937826 0.0396535133050916 0.582744995135483 0.128207184851218
-0.213086848599032 -0.0128026698927639 0.400194135702864 0.342893177568198
-0.129797769504749 -0.0238391832001468 0.258246163696565 0.072131515074358
-0.131125327788481 -0.0631130946113071 -0.0391682689640682 -0.0445461000448642
-0.229740482605019 -0.0178060380090887 -0.300259530148908 0.0346744833958148
-0.238303050320268 0.13582551583713 -0.395004349197204 0.379993559514727
-0.146044152334643 0.234354660405744 -0.247709243393682 0.614228976582397
-0.0876124261447793 0.27031269778569 -0.0822765049362812 0.669509353825571
-0.0800642567949455 0.25253151801001 0.0132001526521843 0.580013735743488
-0.100937431771015 0.217488734633242 -0.0475257872849632 0.454045921985802
-0.144482501016794 0.141367702990408 -0.137028251801137 0.235786360770525
-0.145796208138747 0.0302428197010052 -0.151458367041626 -0.0531393690825825
-0.0480395076313603 -0.0226606883899984 0.148129372451005 -0.264404956386644
0.000827859614722874 0.104862323939031 0.417276946645447 -0.144592899198315
-0.147167800742699 0.141181092070908 0.483549461359231 0.092273301602594
-0.286932076204782 0.0738201891003636 0.632543793107441 0.158463231989145
-0.0149722463679445 -0.0706325871154116 -0.605711251129838 -0.166841212332061
-0.0436594821510306 -0.0877865558889151 -0.465765070169194 -0.164614661258553
-0.10529120866685 0.00109578671330938 -0.459764312743671 0.00898904592609222
-0.0503482570480636 0.0881960674594101 -0.23981509346042 0.305091083244192
0.0317229879600475 0.0794504942277349 0.157963270773046 0.171101503547318
0.0429539294012808 0.0374996904363942 0.249669605508357 -0.18711139657638
0.0679631477201176 0.00604926706872019 0.137402490917762 -0.489131060820715
0.0602190136827664 -0.00751743878432074 0.0397743006753556 -0.634942075804272
0.0645620263929996 -0.0029820104943688 0.0553195511256031 -0.711262357895737
0.0502277276805508 0.0235814576260483 0.18464292633519 -0.678596774856816
0.0341236457161689 0.0501399796436864 0.335773748544381 -0.487303141164708
-0.0143925606623382 0.111879664643222 0.286966644568383 -0.159404278279616
-0.11943070145694 0.0438616019209759 0.03729643870857 0.00156354235414755
-0.101184390404449 -0.102026366590101 -0.168358650459396 -0.0838318954531624
-0.0224010232312063 -0.113619575558626 -0.372192094622051 -0.365470846137996
-0.241197296807365 -0.108365748042896 -0.566184125220714 -0.185882757076433
-0.231698753359423 -0.0625118298460819 -0.389984331591797 -0.230910146875958
-0.223261782207061 0.0745938342614491 -0.455576832796162 -0.0863658492285351
-0.14593208208773 0.141946829501763 -0.304768355284617 0.25687254554543
-0.0850395538693977 0.168187593330368 0.10690921546046 0.202953713913155
-0.0506547557293532 0.189800768402426 0.256932041551287 -0.121641902205422
0.0187796987847177 0.211413068293975 0.165748570588126 -0.441190180505132
0.0174397376018447 0.235081132589833 0.0569830757664932 -0.582875201475144
0.0323190569409376 0.248359063036442 0.0310256888916497 -0.658241084824254
-0.0415871929915255 0.293410505775283 0.128979705226823 -0.654078980166406
-0.155354952805657 0.260356915828424 0.262958577208223 -0.518453705170172
-0.270986605972629 0.221378591299411 0.265276606797788 -0.201618602173574
-0.3576089927535 0.0470781561070744 0.0466267241565246 -0.0164842180618687
-0.33993696325242 -0.171610675493391 -0.129072701362171 -0.0568021425408225
-0.278277261562863 -0.199004406368938 -0.290904375798904 -0.290475662475629
-0.443738081192453 -0.16109771706407 -0.452880905506526 -0.173365924990061
-0.424013674617395 -0.0662172525014108 -0.303067231880229 -0.296581814037459
-0.356407433185347 0.120788694111429 -0.457929110321999 -0.156689452035843
-0.26120665632361 0.181374088975722 -0.350937625866147 0.216460640367799
-0.220016982421599 0.244095817817749 0.0528560069123018 0.222230646423449
-0.16066342756844 0.327941821934977 0.226774336880969 -0.0425685919688749
-0.0450644205431211 0.393877797224686 0.159740097514029 -0.325760702541054
-0.0249332784988542 0.443049740087608 0.0678129951578249 -0.439994933981632
0.013765973454861 0.455392287639823 0.0155245310530374 -0.506351434431788
-0.0858120152576702 0.519483137545472 0.0682190471024137 -0.534543278563419
-0.267102013900554 0.457839687340109 0.162683497760641 -0.47155085800652
-0.437606896553084 0.357632380007195 0.218291346340203 -0.230260761127215
-0.524512739659853 0.113378351986738 0.0813860848419641 -0.0544015481217687
-0.527902584771508 -0.15127228954768 -0.0186413243697274 -0.0275753005397236
-0.499704768831863 -0.215174095667435 -0.135258198602192 -0.180304845636675
-0.57605849328599 -0.209963424494038 -0.276814881056908 -0.117682885609883
-0.558653839572462 -0.0986596324893979 -0.199245355377891 -0.332493692003255
-0.469491223850855 0.104196335511492 -0.450957981720949 -0.190273391409212
-0.400687871808334 0.178000380290374 -0.378289983742827 0.18774217219692
-0.371028233704352 0.30392288742778 -0.0169593001649314 0.237639739639087
-0.268969884760626 0.444201867923028 0.15432315366865 0.0563401622499341
-0.105695801442143 0.532049624045653 0.118292868551169 -0.148601799260243
-0.0588988784438158 0.58196065236617 0.0693582102674766 -0.2304034968387
-0.00265365802932856 0.580511330166323 0.0148607743944028 -0.289997106894818
-0.10149489747726 0.643784352112145 0.0289058733484266 -0.344036075356461
-0.313052283311565 0.569746408482617 0.0695055521601522 -0.355079351765664
-0.495202922237491 0.434319575258683 0.162297599157003 -0.235876266772261
-0.563782812131256 0.189048546320619 0.130129809373265 -0.110333547118299
-0.608517881220557 -0.0710682765215826 0.137253631529554 -0.022111216983535
-0.640756438014624 -0.168895435989394 0.0683935987673839 -0.0734642326258645
-0.611522100813808 -0.230500464463562 -0.0737029628835507 -0.0145554881379561
-0.584120692921352 -0.140192873099019 -0.0820110118800839 -0.295483418029313
-0.517055112526043 0.0276349201639692 -0.393375819694128 -0.175350230883774
-0.520781411182235 0.127398574858714 -0.375226420436238 0.151109976828436
-0.497471939096927 0.333774348983345 -0.117191500224972 0.252708811771419
-0.341600199880408 0.515787438461369 0.0386050784529264 0.185057970802111
-0.143172573848127 0.604791774052997 0.0531139752717979 0.0752493833251
-0.081605525391462 0.632894522463625 0.0654293186437757 0.012554498167257
-0.0291222905126111 0.610002414534681 0.0229327033989074 -0.0501901158254746
-0.124594655796054 0.643310813343023 0.00731108913152059 -0.129747881985991
-0.324639267625867 0.543980228489386 -0.00441675550315878 -0.21003524486734
-0.459955955632798 0.390165205159275 0.11294243717115 -0.23031364680221
-0.478794761755508 0.212592404010565 0.188715844583846 -0.170742858608877
-0.564407887739731 0.0216519863846839 0.297700822381317 -0.0319765831072919
-0.68128967005629 -0.0898275708079847 0.281525844892327 0.0134133695306819
-0.549686835276398 -0.202436941719133 0.122011264839515 0.11843998357344
-0.500558218779116 -0.156693515522879 0.0420715836000039 -0.178913629294947
-0.470566785638854 -0.0586632995557382 -0.275600732431716 -0.125392910040339
-0.55222563541727 0.0624237271454462 -0.347932312465788 0.0985717780403851
-0.529796681372602 0.319251810854249 -0.238972345934983 0.275480666031333
-0.344259401379551 0.512047945405632 -0.0944811347716528 0.338862856366975
-0.149123611141323 0.586612384035255 -0.0144455828387116 0.314821648901972
-0.0935436763729885 0.588161182713773 0.0542726242396357 0.248657161947516
-0.0660379096586763 0.544340608104215 0.0200974733345416 0.172272087834925
-0.155895677327632 0.524691468684957 -0.0223578938103819 0.0597243917782537
-0.309215326201339 0.396777656968784 -0.0689941520549256 -0.0937816954660978
-0.351975356643355 0.24302774340113 0.0856531008747132 -0.23585249797673
-0.31086416431012 0.181814118607009 0.260283233034534 -0.212720111438547
-0.44194350032017 0.0952686379698218 0.422746565982014 -0.0264891498167269
-0.621127929403387 -0.015185528713274 0.460532842963181 0.078554459601518
-0.410811647308012 -0.123113970687218 0.28392227331977 0.250089913114749
-0.340145022986857 -0.115434209039939 0.161832241907572 -0.0334606370768253
-0.335953744774539 -0.0891486833344652 -0.139427860609704 -0.0759472711834784
-0.447174061565651 0.0161582120356881 -0.318437372820868 0.0508566135934993
-0.430942334480105 0.255375004479256 -0.344199088065254 0.318432172171676
-0.268179578378713 0.415609121368295 -0.201193761444469 0.493007828436787
-0.125677851896024 0.468742130664874 -0.0627089001972677 0.52564571441411
-0.0925510947069937 0.453769621825546 0.0382390091993267 0.446067010167688
-0.0960463977483448 0.402853171728484 -0.00353998465296677 0.344223216710088
-0.171337257076546 0.340365881600527 -0.0743800734536521 0.184045471445608
-0.249194447779604 0.199782333488249 -0.123482176429542 -0.0441286352691938
-0.19825034621123 0.0835425130834795 0.0953700803618876 -0.257683508824551
-0.131367347831995 0.141422578567916 0.34184800399269 -0.209338872538877
-0.292968016825296 0.136259736950297 0.486293056451785 0.0165592385556967
-0.482585553453228 0.0397072426061238 0.581110579428514 0.124553201814993
-0.211594141816447 -0.0113244433166427 0.395631573494243 0.336055024460411
-0.130477127015131 -0.0212726048921912 0.254854041731452 0.067226091783884
-0.130511786039913 -0.063089411987434 -0.0412492921429422 -0.0494981377466303
-0.22825047391844 -0.0180328703721628 -0.302364583186032 0.032018319180431
-0.237442965451661 0.136921551829083 -0.395070447375891 0.377427917228428
-0.144060226528925 0.23182179738117 -0.244749270841883 0.612622630920283
-0.0855748173612787 0.267904632580799 -0.0782760488279854 0.667369518488836
-0.0774577825140242 0.251359007230312 0.0150380466428972 0.574879829761438
-0.0998571907131021 0.216449645932337 -0.0463186485162534 0.448908383615899
-0.143444274549229 0.14009363745046 -0.13560259845328 0.232389006557796
-0.144743248360026 0.0291921232250029 -0.151081125704892 -0.054162861433686
-0.045164062251456 -0.0229427431469999 0.144163843595337 -0.268397835298797
0.0047342774542385 0.104618962745894 0.411794812101959 -0.147345514134276
-0.146795480458013 0.141336240023539 0.48027273131673 0.0916025774640069
-0.283034243307297 0.0743262240555734 0.632027814147848 0.156434725769486
-0.0155282058210506 -0.0710992470910044 -0.623311688616022 -0.166198011317672
-0.044818915191486 -0.0905150678156242 -0.476137914895095 -0.164937927819977
-0.106342295497456 0.00281737762151646 -0.469693604050269 0.0130204477316262
-0.051516378302544 0.0905533247448653 -0.241136631673624 0.317483160898609
0.0326266604329516 0.0797843003148374 0.164761781930107 0.177222141823691
0.0438758413245092 0.039235694225859 0.255334865070042 -0.190009280413432
0.0683172548233468 0.00470382307983237 0.134779693305749 -0.497028214426802
0.0609127215017762 -0.0102351483500441 0.035492631929093 -0.646833498770886
0.0677096699383746 -0.00552953411723599 0.0523655047320272 -0.726810138492368
0.0522463009212026 0.0246236671969041 0.184368991360519 -0.696232254300037
0.0344669142912287 0.0522581341631204 0.339032589512001 -0.503064295709344
-0.0144571845580418 0.11470416810203 0.296625284308427 -0.164053808524548
-0.122973533187654 0.0445610305784523 0.0438836809428729 0.00458179247468954
-0.104495293098543 -0.104673638320919 -0.168215146855762 -0.0859386076395919
-0.0232567471887851 -0.117373971511225 -0.381317480334643 -0.369688037532003
-0.247250079582478 -0.108522760356267 -0.580835417440213 -0.187301625978146
-0.237361606266427 -0.0635890448873179 -0.397826369418857 -0.233514892198088
-0.224124316473354 0.0778308635189225 -0.465683826425581 -0.086124850473531
-0.147863860818381 0.146376500525666 -0.307581659998473 0.266964225374534
-0.0855062095041539 0.171985587277172 0.110769519927346 0.211300222933709
-0.0499107504334444 0.196030335084602 0.263375648081196 -0.123440841777359
0.0197459002155782 0.215257910969018 0.164689475965597 -0.449811669926464
0.0200269881486494 0.2388236667503 0.0535526308874043 -0.594405378895733
0.0352910207983852 0.252236243376603 0.0273983921831303 -0.67116460774539
-0.0406432033226253 0.300010679901357 0.128050370674525 -0.671040960866761
-0.158156066324881 0.268323073713688 0.264964279072173 -0.533372820347977
-0.276136070544022 0.228488720380078 0.274750487069089 -0.208688574231576
-0.366551785265494 0.0471414039088332 0.0546202514993246 -0.0134254392138222
-0.34860640487644 -0.175483435375196 -0.127389231143037 -0.0583644063596675
-0.283704696830601 -0.20393354953172 -0.298486294982665 -0.295131408484661
-0.45415325236272 -0.161902072646999 -0.465305691773022 -0.174694921427745
-0.434731373987045 -0.0662069609918169 -0.310060072063224 -0.304834543981311
-0.358707249968476 0.12583337038939 -0.467841723830897 -0.160048339952743
-0.264407178822741 0.18669747998604 -0.35518937669279 0.225299522415845
-0.223001780664239 0.249568585376184 0.0541424407562433 0.230710505983006
-0.161461499972903 0.335408051304809 0.233757810128375 -0.0429358405613407
-0.0440046388053578 0.402599635422628 0.159213054445836 -0.330419246968588
-0.0206535170971999 0.451851549985581 0.0669406871125118 -0.451327381280634
0.016550078600243 0.464038456942129 0.0125916189084858 -0.515827658553694
-0.0824350773594715 0.530554153047132 0.0644056817920372 -0.547829972547344
-0.27116169071172 0.471317335535887 0.162117478193013 -0.484099256588882
-0.446160360498453 0.369255158944943 0.225232827973083 -0.240013774979681
-0.53613803098939 0.116758859506029 0.0899493156109973 -0.053562555870806
-0.539716244097872 -0.155427330450451 -0.0152584641417191 -0.0280970019281082
-0.510240692754566 -0.217185971161728 -0.138885305971082 -0.184786048955164
-0.589762204143058 -0.210329957244453 -0.285669188065912 -0.118832052178717
-0.575053689650125 -0.0986146564813354 -0.204961764849779 -0.343169940515119
-0.474544546696542 0.107271637523349 -0.462745840183827 -0.196999689838056
-0.406805134660992 0.184105592598535 -0.384922390922098 0.195186026815833
-0.377981512922327 0.312084892549339 -0.0174076390178973 0.24606119261143
-0.271082978889154 0.45539556906295 0.159154344838517 0.0582136501626983
-0.104416387580211 0.545595497616137 0.119481443205949 -0.148973861898407
-0.0526985022407808 0.595834018945397 0.070603960259683 -0.23650602852658
0.000129484820157341 0.592635996277819 0.0136813577534717 -0.295345259920635
-0.0994724425306499 0.65922491954694 0.0252243833296608 -0.354175731018963
-0.317933127710263 0.582963846157971 0.0670658281341611 -0.363404764031565
-0.503254071400105 0.450229411200799 0.166795418406881 -0.247102450194615
-0.574758745417741 0.19387821556707 0.138046400186365 -0.111760811793899
-0.62019827720678 -0.0715421427291914 0.143057116157287 -0.0232066084657725
-0.651967004227187 -0.171467679236543 0.0702780175964125 -0.0772181821786496
-0.625965512884289 -0.231850113314677 -0.0772237247773321 -0.01473313390702
-0.601901662543299 -0.138911145743667 -0.0874992324876613 -0.307607788123548
-0.521932994150692 0.0288664527265346 -0.404794423874865 -0.183881612225046
-0.530232571726991 0.131984118176395 -0.382654038203696 0.156358590108394
-0.50628246658639 0.342376955314661 -0.12133337488564 0.260234756364672
-0.345507192243233 0.529505922586471 0.0413267250582028 0.189979219796334
-0.142269734001272 0.617452704068406 0.056090205281097 0.0798814989711278
-0.0754459631525014 0.64761155297259 0.0673410451072429 0.0104755292218008
-0.02719555156045 0.623481793067148 0.023171032362929 -0.0506814954239998
-0.123367549861599 0.6565572326513 0.0051908218965613 -0.134388060313505
-0.331139626855915 0.55906621372444 -0.00742847755551709 -0.215139264084736
-0.464799760241005 0.403959454041173 0.114495144762389 -0.241664940893602
-0.486601536366912 0.215496243127664 0.195609442697732 -0.175074801593742
-0.576855377232036 0.0242349311018486 0.306296291388315 -0.0337595497820576
-0.692015274730387 -0.0901383252965211 0.288467344853535 0.010312916059689
-0.563239647971333 -0.203833979756003 0.12247845000688 0.120227815145293
-0.514158582464627 -0.156623473465557 0.0389416685396324 -0.187700275758488
-0.478053544711817 -0.0586424459550702 -0.284736689162133 -0.133913252659656
-0.563166804427446 0.0639182988055338 -0.357310865302622 0.102449225467169
-0.538983547688031 0.327967972626225 -0.245543517299157 0.282523772890854
-0.348520079194198 0.524326552952694 -0.0948402485721834 0.346776482252866
-0.148102521113081 0.598511576102348 -0.00953345668391945 0.324075985811698
-0.0891595608540741 0.599809482444511 0.0574655058953224 0.251498690046172
-0.0671137438213261 0.557251422735836 0.0220628093245178 0.175813740484514
-0.156593066244301 0.53662769932935 -0.0237855648796472 0.058953662722571
-0.315761631535111 0.407263871593255 -0.0720569279075533 -0.0962101045365769
-0.356059533809873 0.252042865329098 0.0853624678208914 -0.247543272686923
-0.312989439056498 0.18603672635407 0.265732788150002 -0.219972380590517
-0.451358482629758 0.0978304087810039 0.434090651836103 -0.0279390529779189
-0.632585664820992 -0.0130353558530849 0.472406041692295 0.0761003491635885
-0.420288039788602 -0.122886897802548 0.289155936388843 0.253238087510322
-0.350073332588006 -0.114263707617055 0.162485674659162 -0.0396687387069137
-0.341523475443004 -0.0906470510274964 -0.145987380255418 -0.0832054055116973
-0.457259494392509 0.0162712355989064 -0.328608856213289 0.0516850447256946
-0.439980817154941 0.264936588411334 -0.354570532358612 0.32625493486862
-0.270606018513244 0.42383211294126 -0.204332415951262 0.505961739598311
-0.122986014218123 0.478687377168308 -0.0566412689149704 0.540095133908118
-0.0890226470279926 0.464600319745865 0.0405100362814591 0.450997504572988
-0.0953941498302202 0.41365924262136 -0.002079905593429 0.350278336424455
-0.173720690663904 0.347343933236439 -0.0758339763567757 0.185788959005125
-0.253760626726993 0.205000307534196 -0.127702327521001 -0.045261248082972
-0.199611092518828 0.0861044829679232 0.0934171895916421 -0.269260187101993
-0.129909543968439 0.144667816352255 0.348030640262315 -0.218005146655836
-0.298763220345688 0.140585835339439 0.497292682269859 0.015480083859388
-0.490524418694275 0.0416309710481662 0.596723724778312 0.122541339718044
-0.216699653466833 -0.00893414466753064 0.402268270810133 0.339764466797129
-0.134478798311535 -0.0178115918542264 0.258152377660565 0.0642768799381536
-0.133851510837165 -0.0634122091559099 -0.0457537638331924 -0.0551641172119483
-0.232484670315822 -0.0184926284575378 -0.312730865859414 0.0319768934064169
-0.242278823321439 0.141964312781246 -0.404390552863238 0.386552530275534
-0.1454608911939 0.235962829142758 -0.246067454830592 0.628126060979473
-0.0845402107830928 0.274049047927916 -0.0705534755849234 0.68185612546187
-0.0768494716876006 0.257662064374792 0.0190800540836601 0.582812251224268
-0.100962528128822 0.221743510042237 -0.04565132707829 0.455651814089004
-0.145840595396203 0.14378403138551 -0.137647338589071 0.235117521770767
-0.147748035041937 0.0304106670319027 -0.155186899934864 -0.0561852854940188
-0.0441115922988962 -0.0240093922100921 0.142340088067444 -0.280122283238415
0.00875593126489227 0.106839276251673 0.417350877206155 -0.155723673212759
-0.148913411545395 0.145758555450219 0.490625900918501 0.0924230736515773
-0.286909500832245 0.07711923761456 0.64725067744517 0.15317465426214
-0.0177670141096423 -0.0721726106655348 -0.652464676173897 -0.155045839603419
-0.0490471789479432 -0.0946317580526326 -0.498852700808867 -0.155875448156896
-0.108779352520658 0.00615595711188403 -0.487316754867994 0.0286247088845361
-0.0520439196200915 0.0959688394530161 -0.238415633067062 0.339540702551807
0.035644403238112 0.0812336120804867 0.178555938209917 0.182253765899818
0.0470515934515101 0.0409377394401084 0.262409313168123 -0.202061389854993
0.070094507000041 0.00332759042895711 0.123581100908409 -0.517322883478571
0.0616330116383612 -0.0143090116556499 0.0152897996406731 -0.671152362451073
0.0712461238490761 -0.00972999407488319 0.0310770276470939 -0.757686242906615
0.0560592432067725 0.0244453377771899 0.171466858509623 -0.730383919292961
0.0370447839795531 0.0550424309426289 0.339040285086551 -0.534674692260331
-0.0120009169171255 0.120577929216431 0.307413399441948 -0.179442651807676
-0.128567037855697 0.04987764859789 0.0527002406225928 0.00609175720387758
-0.112294657066599 -0.107544711045107 -0.173200899330976 -0.0856738842674892
-0.027904524769056 -0.122792787108075 -0.405957532099956 -0.370421543153807
-0.259884153042362 -0.103867782626516 -0.610951475837541 -0.176417287454221
-0.248952197077527 -0.0601569410302043 -0.420709442087677 -0.232252764921794
-0.226875886729053 0.0879077349612468 -0.485476821427509 -0.0761466052985905
-0.149517395940376 0.157232660207078 -0.30884914693529 0.288677535812822
-0.0841727652190281 0.179571510574762 0.123145601833726 0.220232004695619
-0.0456619881673187 0.205900839437188 0.272653472970461 -0.133814606886031
0.0256406204401767 0.223146687820507 0.154437804116179 -0.467514720626888
0.0283960752236727 0.246983295255821 0.0374312204598492 -0.617956755302228
0.0439163355573277 0.260098313093579 0.00849977219089011 -0.696955740544164
-0.0324744930360632 0.313920301142011 0.11165508904091 -0.703179792087223
-0.157949973221983 0.285707219073298 0.260020906374386 -0.562554431630418
-0.280956895102826 0.247399369186626 0.283253760455489 -0.226975757125162
-0.381215569011462 0.0586994460019062 0.0640561331958253 -0.0132648809446895
-0.36788383754682 -0.174017934527672 -0.130261444448046 -0.0583962596755107
-0.300286955790268 -0.205468968484675 -0.317872874835265 -0.296147300015301
-0.477859446917386 -0.153781726269353 -0.490981868774096 -0.168176980358874
-0.45466336779288 -0.0573266180890117 -0.332340411081842 -0.310212208763991
-0.363481645395822 0.140012151835635 -0.49040581599287 -0.155444378999607
-0.268231337174122 0.202636912019508 -0.36069619300522 0.24734191929001
-0.224244976326883 0.265265544154939 0.0634746874840009 0.24273841841049
-0.156023570487096 0.355138830686376 0.244008324065484 -0.0497992394223469
-0.0335968298785048 0.419002430796736 0.15571922813706 -0.344083966145376
-0.00528267144213631 0.470332670202825 0.0551134248707103 -0.468410918732058
0.0292523358519573 0.482529862234168 -0.00150448057297557 -0.536501948034098
-0.0694943212891109 0.553619090757785 0.0488204020853536 -0.575036610385922
-0.269430961556488 0.499299154925753 0.15334701233351 -0.509039764343151
-0.453478220634629 0.399886151377572 0.231775777089904 -0.260905459747981
-0.556414642928001 0.136477556074059 0.0998677891081773 -0.0570308440356775
-0.566001167499709 -0.147087326923164 -0.0130100736325092 -0.029463854565927
-0.533960714019107 -0.21518055800491 -0.148585979646012 -0.188625685008008
-0.619307303095351 -0.201113621935328 -0.301799672081251 -0.115661225589989
-0.603312064611414 -0.0862851489907966 -0.225341786040957 -0.355350179585749
-0.48340817081249 0.124057528467893 -0.487653732838897 -0.195869456226633
-0.414827363005641 0.202504463414525 -0.393335397862746 0.216779619313015
-0.384090080848106 0.333253449417968 -0.0123105228701753 0.260272248829532
-0.265514781373215 0.482716075221918 0.169053230440097 0.057132733263261
-0.0926951947354762 0.569708499239776 0.120889187809135 -0.155028896824437
-0.0345139327700489 0.620830849504481 0.0656233823496379 -0.248719839657759
0.0157529196073716 0.617637245126399 0.00635733739395971 -0.305627403391012
-0.0842948818284655 0.68618710236235 0.0139218587366325 -0.371080548931764
-0.316410397584775 0.619424473560666 0.0581340349800305 -0.380962319278267
-0.510667346281789 0.484052345893098 0.168892522451542 -0.267504687960259
-0.594132671229003 0.21584771275506 0.146773904554271 -0.119963959644946
-0.648010827199809 -0.0598260154947162 0.151899249628919 -0.028281337239323
-0.681517408417191 -0.160801331640047 0.0720083410712589 -0.0832722725068882
-0.658809665489303 -0.22151983191653 -0.0820062379606013 -0.0129110315474692
-0.632668997943248 -0.12788153253926 -0.102176114550077 -0.323001286125894
-0.537342220973091 0.0421314799804684 -0.429728605196838 -0.185926381776152
-0.5461964057018 0.149773959728257 -0.394433127317562 0.174843782782406
-0.518475217780562 0.369501927309375 -0.120277396220665 0.276477837949693
-0.342768668908253 0.558908010346655 0.0487754237150673 0.197441937644867
-0.129392224255301 0.644974325241274 0.063744383063871 0.0846576253655329
-0.0553466822568979 0.67546120351684 0.070657304764886 0.00726845642672755
-0.012985563540662 0.651337116975471 0.0234675995408873 -0.052409866916092
-0.109679042226065 0.686276768273172 -0.000586958045325637 -0.142417868981653
-0.329967027645809 0.591066102446319 -0.0154767063473897 -0.223819271505944
-0.472024444992262 0.433388020798391 0.112248610660672 -0.261211572592807
-0.499232886620806 0.237296868135865 0.202156407787047 -0.188694499302651
-0.59953642406281 0.0391893422203678 0.320090045836728 -0.0435625756759984
-0.719100244594408 -0.0752792825928096 0.301184135684291 0.000540894768456808
-0.591268623357165 -0.193818936915695 0.128564824834686 0.121038853586027
-0.542838143771618 -0.145711744526463 0.0317040222046199 -0.202453104204126
-0.495081082750352 -0.0482856567974055 -0.304725133774741 -0.13725441265821
-0.583779651232626 0.0805448837884385 -0.369838404863612 0.116858888513514
-0.552963260532034 0.356833223597111 -0.250191532782399 0.301911286762374
-0.346733483660567 0.553990668830841 -0.0904420365648546 0.365128215354729
-0.134882556052853 0.624992464469684 0.00307994891553932 0.338571134923538
-0.0702365404087144 0.628479921046792 0.0678157176170212 0.257368142773735
-0.0523898134581154 0.582486710322342 0.0287560405185823 0.181874041196547
-0.149086525005885 0.561246691053308 -0.0247391986745205 0.0601468036503998
-0.318125699184788 0.43373064871999 -0.0791935254527164 -0.0985207977645819
-0.360814307624862 0.272607489535474 0.0794239450296991 -0.266347691301344
-0.318338376650295 0.199868871831366 0.271606818347154 -0.237581471354395
-0.466627072050368 0.114912563546871 0.451684245246036 -0.0415080982990741
-0.654861863176982 0.00325644433213586 0.495354177496865 0.0629527454162013
-0.440942024152599 -0.113170556385284 0.304736436892596 0.253655623112603
-0.368687483346604 -0.10450827694862 0.164569900139234 -0.0506394021284698
-0.355570420767132 -0.0852203353771159 -0.158763003167422 -0.0874571747890663
-0.475587223489471 0.0263737233111505 -0.343131311878878 0.0616124687476049
-0.450812668147628 0.287846981539134 -0.362146622790313 0.349345076109607
-0.268810194419925 0.448018833769462 -0.198222557653833 0.534584368350457
-0.112520070669334 0.500359027295528 -0.0385316006836997 0.561926599628067
-0.0753754020793651 0.484648201199544 0.0565731058161781 0.465792757797113
-0.0887357661218676 0.433058911680789 0.0080662313910505 0.363668690106701
-0.171624874731844 0.364923796674734 -0.0740607761602807 0.194085057889538
-0.258889926730587 0.221068365075353 -0.134789044759229 -0.0450620290932407
-0.202618685329023 0.0943603236121492 0.0855042297562215 -0.28838007995462
-0.126434461560004 0.153229453429575 0.353343075829658 -0.238605866461345
-0.30717099047636 0.155190911857246 0.517586878875332 0.00359351763860638
-0.507423006537237 0.0583112265256096 0.625631334781707 0.107690206030702
-0.224853643065144 -0.000853114565141425 0.425133058358875 0.338956174284805
-0.140265612940626 -0.0111301926327873 0.266908216664557 0.0560108831007181
-0.14123390432897 -0.0620321834221157 -0.0538632729103606 -0.0595712300682668
-0.243372969526625 -0.0145890831901293 -0.329424185459258 0.0416316325650934
-0.248204542654655 0.156233121926836 -0.411243004568984 0.413974870640509
-0.144653582733422 0.248625796852176 -0.238840200990395 0.66250046233381
-0.0787435532149097 0.285886322358473 -0.0497163631135438 0.709850913613099
-0.0705970670407114 0.269869684536654 0.0365228832584739 0.604352648436914
-0.0987923514088152 0.234254693282241 -0.035442220171728 0.471750977911836
-0.148455133614833 0.152631966522137 -0.136912036618238 0.246366871435462
-0.152561720023663 0.0351711745401023 -0.163371090180258 -0.0563502125590712
-0.0440048581911086 -0.0250837844203118 0.135799629148764 -0.300102962877683
0.0164000025598323 0.110625929908072 0.424820884642971 -0.176622838222795
-0.151143047705258 0.157109564743794 0.511930700004258 0.0823519014224601
-0.294362356488628 0.0891716542391423 0.680193648762525 0.138421585694592
-0.0219501448884966 -0.0721668948227724 -0.686309522873854 -0.122049534360096
-0.0567330726711893 -0.0977332659010231 -0.522403397171826 -0.128904096602113
-0.110768625844192 0.0122377597590519 -0.500610393907027 0.0596899191378086
-0.0487733231851339 0.104482900692367 -0.222443528518006 0.366990968129106
0.040840688525849 0.0817928016716583 0.19887927720939 0.180115136518555
0.0515882641222598 0.0412516055244758 0.261173987509788 -0.223446028830875
0.071661556460428 7.62246406386304E-05 0.0950373039303966 -0.538081939420827
0.0612054741134889 -0.0198002936773843 -0.0243417480430927 -0.69159729950299
0.0731534268513869 -0.017371887242214 -0.0136451086025404 -0.782809092265069
0.0607171507475847 0.0224815413530372 0.132505647594031 -0.767262061375616
0.0413824212708914 0.056178857831919 0.317972245148579 -0.57462771537073
-0.0050448937566238 0.125843485887466 0.310448587064315 -0.203803979607232
-0.131534567365273 0.0581301024151154 0.0622333912592689 0.00472262724759116
-0.124000640523124 -0.106083963109727 -0.180247291333908 -0.0792989346713986
-0.037668544424912 -0.126199247226114 -0.439505666848222 -0.355968800845442
-0.274167572125603 -0.0901777111285561 -0.644351177908514 -0.146349650188891
-0.262166595696362 -0.0491349054765362 -0.447811286677323 -0.21563420908006
-0.225391596850804 0.103056672688183 -0.50586393919342 -0.0512819506163471
-0.144573354196517 0.172842155764774 -0.29867044123461 0.318737784655699
-0.0765989054864912 0.191057367581117 0.143414578631892 0.223216791480802
-0.0330917121000053 0.217129969972254 0.275903695545033 -0.153891076553884
0.0400464685183422 0.230121492903349 0.131922796880561 -0.487652915310708
0.0449506114103774 0.252527647854944 -0.000727404166437939 -0.640405663095611
0.061159856885486 0.264024631408312 -0.0329226641891076 -0.721132275722437
-0.0121768643539137 0.325879926767007 0.0717043259931593 -0.737257707405044
-0.146162311150363 0.307348561064454 0.235293103733941 -0.599632351774457
-0.275307104574878 0.27446059595228 0.282121572424341 -0.254433401999383
-0.392795898137261 0.0833857807887934 0.0736594266817159 -0.0167504468718087
-0.393276270342653 -0.160587108231919 -0.133801116950894 -0.0534705439915525
-0.322832446555212 -0.196143405579255 -0.344377561844914 -0.28582039218091
-0.501655655828988 -0.128966439533082 -0.518193043080925 -0.143466003921939
-0.478387064653591 -0.0320633166899327 -0.362660858676183 -0.302321907147712
-0.361801526491213 0.165352437539822 -0.517192434014235 -0.133136854898194
-0.263577234766154 0.226884098399208 -0.355997756651692 0.278970167836043
-0.215859684754001 0.287640203976027 0.0814119214360593 0.250606288804198
-0.138668067469467 0.376690069144049 0.251308342908822 -0.0648691585934732
-0.00940775451309227 0.435955605713459 0.139399955391302 -0.361115826765808
0.0258711347788675 0.485483348546095 0.0275641176144491 -0.487743924996242
0.0590397158718695 0.496597156783069 -0.033567860934811 -0.553667500308196
-0.0364636803658403 0.577814026063547 0.0137741104158883 -0.600271559567627
-0.251097985565044 0.536657459088729 0.127729137335785 -0.537296207028454
-0.443609362387185 0.442289299746838 0.2262600442443 -0.289042385224508
-0.568041489980934 0.173331818839526 0.108046180296654 -0.0649754614661063
-0.596734488261207 -0.121875273130028 -0.0110927505523944 -0.0305995856238071
-0.563929809579786 -0.190972607949774 -0.163397591626081 -0.186028887609862
-0.652287682524922 -0.168129152664355 -0.319970474250458 -0.1007156540265
-0.631025835110147 -0.0522605024723596 -0.256405571326931 -0.357828087369822
-0.487264946196591 0.15676072930589 -0.518072460644053 -0.177767895903124
-0.416006292103363 0.235396044181491 -0.393019637684748 0.249294935459308
-0.376159779545336 0.369662974147356 0.00344342914926966 0.273229821817522
-0.244361787988135 0.513576314769988 0.179462681656784 0.0499238315770755
-0.0606820831235161 0.594332961536332 0.117131815805295 -0.163981007710627
0.00645858870427299 0.642745715431235 0.0523751551244371 -0.260898247136861
0.0523130286644522 0.638272044418745 -0.0100997055297671 -0.315422579298198
-0.044614225972488 0.715080355523788 -0.0103994957262793 -0.387181234831326
-0.289575920083572 0.66084809914997 0.0359982425272182 -0.399130976490823
-0.498836066660019 0.534747141638208 0.159228608073898 -0.293722800148392
-0.603089108139306 0.258102845553183 0.150983086448237 -0.133905606954552
-0.675953216710289 -0.0243233478885778 0.158836339154931 -0.0384183697341086
-0.710906143881217 -0.127843912662744 0.0706268929602445 -0.0913978001327548
-0.693576917631628 -0.186820141661296 -0.08724500760894 -0.00854930844197702
-0.664049416921154 -0.0915597544582786 -0.129204301384934 -0.332981658685626
-0.547419520983173 0.0743951209543855 -0.460362707816686 -0.169859387229353
-0.555321745842823 0.187903944112206 -0.398260493596012 0.206765183448427
-0.51409350143841 0.414318919895049 -0.108709661721232 0.295924680347977
-0.320605801417608 0.599398476468377 0.0632611599232148 0.202574374707854
-0.0936330388530883 0.67484384806596 0.0742172589518629 0.0855269307790294
-0.0112106909093394 0.701462453837968 0.0740852279828554 0.00177321262299682
0.0253194146216752 0.675770930553058 0.0228187829665983 -0.0547930311437696
-0.0714045505172824 0.715110303060768 -0.0118208593538897 -0.148973871229021
-0.306014325359058 0.634877380648433 -0.0307244658482122 -0.231698424172198
-0.460854451689504 0.47681468587393 0.0990094704122496 -0.284035867036699
-0.500981021651856 0.274201296946283 0.201542265657414 -0.209232380043346
-0.618476951049613 0.0758077331993736 0.331494840715969 -0.0637256104484063
-0.746408676662616 -0.0358587935879084 0.31304297813441 -0.0189992550923998
-0.62460516039011 -0.16248364973141 0.138714672393709 0.118181458595103
-0.57100960495582 -0.115051257012195 0.0160040795824652 -0.215766285315753
-0.511836658845135 -0.0227533627146465 -0.328772008673617 -0.127040075717874
-0.598147601960941 0.115476657397655 -0.377671635682728 0.143113714542301
-0.552383881039337 0.402989587386158 -0.243090770818719 0.329083329373687
-0.324261575662144 0.593439036208816 -0.070209716947023 0.385924746217709
-0.101332793447519 0.654164282066835 0.0290466686880887 0.35128935922784
-0.0302916434171624 0.652374970852841 0.0861456752848505 0.259580506058292
-0.0216162189620699 0.607208831394269 0.042183459150716 0.186576545224336
-0.121063756314886 0.58776444039007 -0.0237468033094222 0.0617806663880877
-0.304295905322269 0.469386234969955 -0.089261218827905 -0.097868737465855
-0.354894958329895 0.303561264352504 0.0625082410306852 -0.286694101097516
-0.314408602120641 0.226348924629065 0.266743137008562 -0.264210189057821
-0.475854816770901 0.146055750631566 0.466116850444178 -0.0685699543508297
-0.673049242068009 0.0412004078632222 0.517589918453141 0.0327622126461709
-0.462516005293644 -0.0886180407962516 0.328028611478401 0.243165613564245
-0.387742614176289 -0.0821079413352203 0.162701288556491 -0.0654285346310907
-0.370180704494581 -0.0674097146318544 -0.174858945764885 -0.0838700054709062
-0.491182795080722 0.0542573946887733 -0.354977326856764 0.0838269324080212
-0.449243513349655 0.326272879002102 -0.356024803319104 0.383072005277111
-0.250902449562088 0.478337324155322 -0.171689766914796 0.568094551879905
-0.0860446344859123 0.521665923451558 -2.05824795047966E-05 0.581983829379234
-0.0456681803137705 0.505412773074202 0.0850976154925335 0.475251568394296
-0.065761640332434 0.456325815830341 0.0311362644939156 0.37437390129828
-0.156460130415699 0.387393325319888 -0.0662300815254214 0.202999682405473
-0.254683614112087 0.244521738849345 -0.144296637940558 -0.0393592169408128
-0.201732359466879 0.108003888321468 0.0668617546882108 -0.309213212649326
-0.118086444210802 0.164921755459939 0.348717347252613 -0.269693429508077
-0.308829210746172 0.180489886611159 0.537127956260419 -0.0256758769934236
-0.51772237093457 0.090567446481243 0.654783723854059 0.0688805246059308
-0.232357641791888 0.0146796626605177 0.455514290964614 0.324489754960161
-0.144297834640866 0.000869540681758702 0.27497292944606 0.0391640101627686
-0.148698817928805 -0.05392851714049 -0.064544498468508 -0.0605020447859238
-0.253587723102629 -0.00293153429467756 -0.342176438458492 0.0619495468596943
-0.247398316590446 0.177078587374757 -0.402218917210501 0.452458278921046
-0.134284466833679 0.265210381441392 -0.20452669254836 0.702919852068667
-0.0633073271393285 0.298213414883459 -0.00308001845404636 0.735450146996108
-0.0539882795975248 0.28316759360836 0.075558068757175 0.618628909282295
-0.0880232456047112 0.249557732508513 -0.00836161644229822 0.488324045744832
-0.144315715509512 0.166066480874064 -0.126757799652379 0.260844054014373
-0.154718310556133 0.0450656286148139 -0.173533782918524 -0.0504401002665361
-0.0450610191829011 -0.0252000263358993 0.117868094471964 -0.322732163449885
0.0279467981985848 0.112479678777928 0.424704485994663 -0.210621885452359
-0.146723985247324 0.172725117203021 0.533345188954854 0.056587514243166
-0.296574210229767 0.110234076647886 0.712930403947317 0.0995831181638773
0.0163932469121743 -0.0655580632248615 -0.585366177098633 -0.409802368145989
-0.00544090311337301 -0.111338538760807 -0.424025907318737 -0.33785543891316
-0.101025018422331 -0.0334144513194141 -0.479717639553611 -0.157532955592756
-0.083677513848362 0.0745652654993832 -0.357351254453258 0.247733815691871
0.00183211706499351 0.0882071655674925 0.112584773897929 0.252232955871064
0.0282317764698503 0.0592257614772709 0.338039778572565 -0.0909215658072952
0.0651379882973048 0.0266204717419666 0.31541258968774 -0.445853133731405
0.0628611881897181 0.00442530195746258 0.265599378921137 -0.638238458082944
0.0700874332946812 0.0088794637013167 0.313143381998005 -0.720464347795724
0.0446071183353035 0.0410308108122351 0.43963440656895 -0.644353311457723
0.0133079650949051 0.0671779801163345 0.532789598632026 -0.390218353452178
-0.0543719561078646 0.108767633763833 0.372318515457871 -0.048356776757938
-0.146728518965652 -0.00419665096849943 0.058622398403513 0.0329172511984202
-0.0718964725040374 -0.153176360043465 -0.121927495079111 -0.155608816259565
0.0164955658314841 -0.132893900245269 -0.235343704436216 -0.525454847000441
-0.20919066611797 -0.191577542082418 -0.536150438862582 -0.408017838225272
-0.218335429124982 -0.152975874702213 -0.315407613426813 -0.384263075810657
-0.245579586069666 0.0035011550454806 -0.431260255493854 -0.261238513120516
-0.198761524070976 0.0982821384827564 -0.403845534109471 0.172138777205568
-0.151096519999717 0.137436084224299 0.0459430319574892 0.274715087186493
-0.123579407008334 0.184564187400591 0.327298759752606 -0.0195077421577551
-0.0616948951223266 0.225834470674135 0.33031194053802 -0.38532570237196
-0.0692990554598929 0.252227119454918 0.267440978416175 -0.579930525146342
-0.0599580289410176 0.263754256507872 0.268911852191593 -0.67047781913357
-0.149104135290432 0.291901021875314 0.365782978392582 -0.6411179310949
-0.266809799944223 0.221433957573114 0.45725056411993 -0.449404524205456
-0.363467911008211 0.130246392575256 0.360101024401028 -0.110866734580593
-0.396846993186552 -0.0954906282904492 0.0770760278918504 0.0122184919170518
-0.295315738633832 -0.316803068862982 -0.0866999002456362 -0.116273840488981
-0.214125315278602 -0.31769963432563 -0.176919801845231 -0.422119880761876
-0.403641502728378 -0.328128984921098 -0.42254006461556 -0.345307442203818
-0.427003850625362 -0.227519646103918 -0.190974661046544 -0.429102089899616
-0.397386121938643 0.00301082150318259 -0.403491110190133 -0.341960675849102
-0.328224748976952 0.0978171157758004 -0.439137946581673 0.114917775157072
-0.318866785620154 0.166489312996474 -0.0186974345885753 0.281289306540747
-0.286941784183412 0.286861271393403 0.270795963276651 0.0533548988913203
-0.194382660196599 0.395906337023541 0.287044404797434 -0.264100106263994
-0.186584117085064 0.462372848821221 0.2310359764939 -0.430580930783161
-0.158803073245176 0.478231710153548 0.195628035204411 -0.51739211898019
-0.274662794956221 0.514571833208971 0.251251191901724 -0.540490697440824
-0.457579492502208 0.391294532294845 0.324614144940489 -0.439151443433327
-0.58843341678184 0.211717237813542 0.315631126322582 -0.169624262354342
-0.596558602937554 -0.0885896143999949 0.126054912017693 -0.0216516188625366
-0.496709679601422 -0.367624210349904 0.0171278538665381 -0.0453995021906853
-0.435490085766325 -0.414736812264775 -0.053686241536618 -0.250051622797611
-0.527522218430117 -0.431312384449821 -0.257724660349708 -0.215657082653238
-0.563628649964015 -0.310673360820576 -0.0689808354913025 -0.432788096992173
-0.50944036447322 -0.0589132846964414 -0.385950321118534 -0.379400298519763
-0.470781456724706 0.040265093007903 -0.461325541480388 0.0765506099060657
-0.500818754755681 0.171870285660419 -0.0976772194407758 0.27644003379492
-0.44257467401646 0.367556059984525 0.159447130274362 0.130092066342976
-0.309209308551469 0.520878479436558 0.185006751876333 -0.0933152269697391
-0.271297961652603 0.600449732002532 0.160806213615471 -0.211409044055556
-0.224431571639291 0.608368192119281 0.120506369921907 -0.291450225345398
-0.338251645648801 0.639088082003162 0.139932212112739 -0.35704347924807
-0.549415138374258 0.492591944606698 0.178088855977068 -0.349732044457578
-0.676582582132843 0.272327648422315 0.251751086983088 -0.204347039191302
-0.661841341579796 -0.0278250417169693 0.192341771678372 -0.067460978458238
-0.607368669015426 -0.312470605605839 0.175508641515101 0.0215780048155052
-0.598214201191868 -0.419824522075191 0.11867217433937 -0.0570426968047408
-0.558004040487344 -0.468999290954177 -0.083053638513723 -0.0277190520642996
-0.577675786595668 -0.362393200207847 0.0373020568930966 -0.354287889241284
-0.532895811601545 -0.160548038941425 -0.337608937842087 -0.345944974759426
-0.578367155868708 -0.0638569947641761 -0.45094670138674 0.0382706891879031
-0.645450538400834 0.154967962254402 -0.210118358219535 0.255595389772849
-0.547181166065725 0.414426339221413 -0.0114286716765804 0.221562160367483
-0.37417101542669 0.583049535268236 0.0408140446480942 0.116146966840249
-0.312100168609014 0.64748953946863 0.0711364434263776 0.0369159951999001
-0.262022412274249 0.63360331061033 0.042029670222828 -0.0404774749867326
-0.36450348810839 0.630831963922866 0.039526781677166 -0.140896831286923
-0.555042922873577 0.459873470417453 0.0467909697495627 -0.226024387407241
-0.620332395734516 0.238487138849805 0.19285108227099 -0.223182594121354
-0.574192464848328 0.0302591787419839 0.269546275553115 -0.112634422835858
-0.595738655669025 -0.195437509502255 0.342192754176329 0.0765949678556221
-0.667669177017135 -0.351144874885405 0.306595676047148 0.119126160621543
-0.504980381801601 -0.419946324835026 0.0717226471994745 0.185476619385956
-0.482386212430138 -0.344796706207836 0.117509292951762 -0.184333200831774
-0.456944868665124 -0.235633487408998 -0.239694899114869 -0.248841035868092
-0.589236789614323 -0.148333846237433 -0.408458851052941 -0.0111654248398252
-0.673005482807718 0.130561341999341 -0.348544748446552 0.228808699694967
-0.547495640709559 0.40808408904468 -0.213598348029772 0.331799897031857
-0.371216263886366 0.56250634458992 -0.113673931569216 0.337341755073819
-0.306817619365114 0.594476316909283 -0.025772536578699 0.275721297557655
-0.274751275090828 0.55362268825551 -0.0408324704228951 0.186876311452903
-0.354784772475415 0.494160521178792 -0.056909920564859 0.0449099443301647
-0.480260352653224 0.307581349752119 -0.0590629558293161 -0.13083705697585
-0.448959377961843 0.122188791047563 0.165958716593857 -0.242435331015802
-0.378815139964865 0.0679144035438395 0.353761755421577 -0.131466236686231
-0.492375545985154 -0.0683774956882937 0.464060680405004 0.135263781891299
-0.634587310640477 -0.247261198745919 0.468604784849725 0.260931238952229
-0.388199226644346 -0.285553408544757 0.193327032471036 0.378894012604809
-0.325296514423035 -0.237663827804647 0.183336578078635 0.0134217313727675
-0.310207221838361 -0.21813430992827 -0.122162064841445 -0.144905658448238
-0.466460275337686 -0.157685423841145 -0.36484528220152 -0.061054990140282
-0.544820166414886 0.106803945310869 -0.479290335696046 0.224750232256466
-0.429882036113335 0.334279934164245 -0.388669713946733 0.452245314725035
-0.299768591867848 0.4490944395609 -0.241445309627748 0.535626461717012
-0.257740247875507 0.451702746828979 -0.115971939572612 0.469525652966909
-0.248509670402035 0.394407047208409 -0.128596306409301 0.352588711818989
-0.304251712894442 0.293399085695875 -0.150997935625895 0.15414188725517
-0.339393521468067 0.120329921860729 -0.126038707675509 -0.102643905919354
-0.227406439254223 0.00866982353386878 0.186335453305566 -0.261279995814958
-0.171325837599257 0.0981570369115807 0.432328625067452 -0.0983334799941939
-0.35253810402151 0.0342369504570181 0.506971008775117 0.208750916194556
-0.510957228832585 -0.137322094592285 0.574922846676447 0.359544368830231
-0.221240324836554 -0.0928111132903904 0.280740438267101 0.501926791483322
-0.135722389165127 -0.0596878730247089 0.237509028686276 0.154006993587533
-0.11304464234583 -0.11112099912862 -0.0353035189179166 -0.0815198747379605
-0.227025383060027 -0.108914845332059 -0.345610786105742 -0.0829903399715174
-0.293914112528708 0.058135475875465 -0.5583527847239 0.255580797318598
-0.231051713690911 0.186956956615918 -0.484388689219739 0.559491485225143
-0.183427397579345 0.253525192717947 -0.312698287604117 0.670775546986245
-0.171101987187993 0.241147858692744 -0.190620729654502 0.594888702620065
-0.182608723353584 0.19629540917243 -0.211561912941388 0.438937295633999
-0.201706760297021 0.0952338723335404 -0.227102583224758 0.18008153302245
-0.162202851731679 -0.0233805189420588 -0.140723219836029 -0.125999718802368
-0.0285007986466016 -0.0479541076337676 0.244249931070145 -0.250561986581143
-0.014481181336395 0.114438455818869 0.476150872143297 -0.00782803008646605
-0.201058026357888 0.098848110664234 0.463562660322946 0.286206755324577
-0.316507080087559 -0.0261455325224748 0.610978477130197 0.415133942662462
0.0127742372581986 -0.0648438674792787 -0.606819482829272 -0.364647266883052
-0.0145895629095069 -0.113240437625621 -0.440336958165315 -0.302962924824953
-0.102218274966534 -0.0279483684559719 -0.482109981641649 -0.123058734445839
-0.0779292266233097 0.0808745622969008 -0.333517307877785 0.27068848885423
0.00692130929040194 0.0866607482251558 0.129776204022334 0.24317672326828
0.0323773591290216 0.0581448486625005 0.328744778378393 -0.112497346493545
0.0666285162575881 0.0231105911832051 0.279417474194198 -0.456337491006895
0.061626786185373 -0.00119946351637554 0.217259652766322 -0.646798437261611
0.0694970443824642 0.00093872577265983 0.258291210741658 -0.733097109731078
0.0478615416369164 0.0374537630810798 0.389212876677056 -0.669083608521861
0.0175825971862325 0.0670645452359096 0.500661394507639 -0.42496734495395
-0.0464225229967057 0.111295327857965 0.368573021148019 -0.071701137255206
-0.146564420065345 0.0043800784610648 0.0669912449326282 0.0306784350056023
-0.0831392174102798 -0.148735949692032 -0.126649815597942 -0.14526484223979
0.00607615963627521 -0.132928550552881 -0.266370346056797 -0.499424043592767
-0.217687317697725 -0.173223419147592 -0.558418185087346 -0.366525344680697
-0.227855445668035 -0.137660012060713 -0.334701820789024 -0.357880016252147
-0.239690316728101 0.0194736683961283 -0.441655429145586 -0.23038124535551
-0.188345283093469 0.112968785236513 -0.385308808650654 0.199459672366939
-0.1404401054919 0.147032729474345 0.0662093231737617 0.270204104091054
-0.108322340483539 0.191798106955063 0.322617841908734 -0.0406996049638763
-0.0448667269746129 0.227792422558118 0.299033340977888 -0.398505191861861
-0.0500754861166852 0.252910895581986 0.223031009198879 -0.587595087967609
-0.042105494482116 0.263327547028937 0.218365574373809 -0.678707003155262
-0.125941069540923 0.298103253320515 0.316282128330704 -0.663188340770849
-0.248347359925033 0.23958754725349 0.422062601205126 -0.479314456129989
-0.349981580477931 0.154333489078842 0.35189622437317 -0.136048937117944
-0.39996984233858 -0.0676026304956094 0.0852245920923565 0.00854245004199582
-0.313520940135463 -0.296387973573145 -0.0896877454587892 -0.109279950012264
-0.232961723402367 -0.300524226305411 -0.199377404398886 -0.402085355122211
-0.41941220392265 -0.291900832282707 -0.441702230046073 -0.310386671380682
-0.439295172128583 -0.196215009528249 -0.218629245118948 -0.411119774540047
-0.389141012797088 0.0291864630909242 -0.420106277997684 -0.313763425973761
-0.31568138010055 0.120656963608998 -0.423878329839344 0.144696925878638
-0.304141642939544 0.188016178659516 0.00234430332004589 0.281134320895018
-0.262865899293952 0.303868382731032 0.271714400552339 0.0353050729405167
-0.164792127802948 0.405156678678056 0.26492060384876 -0.276574931505657
-0.149907818094072 0.469125994484952 0.198294159264917 -0.437927981339393
-0.124438817053447 0.482770541358614 0.160695551160682 -0.523797128320542
-0.235154519810811 0.526231811214893 0.20961799220284 -0.553918761194027
-0.425726823586063 0.420848482121906 0.290186909548865 -0.458079118079697
-0.565575970557791 0.252419611628974 0.302405639769787 -0.193703242636899
-0.595278028629478 -0.0481254327633542 0.131078614243857 -0.029291027229199
-0.515047292134389 -0.332724457066318 0.0169376952445161 -0.0454768020625796
-0.457894890126995 -0.382807044581167 -0.06715897420551 -0.241453175504
-0.546441752291369 -0.389085935914145 -0.270616568400053 -0.195438750328293
-0.578030411072345 -0.267799383023811 -0.099056785051821 -0.426175613263629
-0.502543611457624 -0.024399482454775 -0.407450401885117 -0.35196945839206
-0.460481646975657 0.0744151831798456 -0.44946188416018 0.108386938519465
-0.482773893670937 0.20526754505097 -0.0777156178489327 0.281788521572646
-0.409855647649035 0.393208629811207 0.167588988763606 0.119698452997028
-0.26847171629161 0.535353379938619 0.178089231768809 -0.101861670359121
-0.221786193048634 0.611537446333692 0.144351163972664 -0.219586598411708
-0.181334783389644 0.617376971981724 0.100673170811186 -0.29570582811819
-0.290007298241946 0.654777581128782 0.111306398819523 -0.365331570505725
-0.509344580869426 0.526205634929307 0.15055721444998 -0.360450324727175
-0.648353014643793 0.318143479110347 0.234780000176652 -0.225142358560469
-0.656426422811174 0.0179566718534383 0.192132464457427 -0.0799517373179874
-0.62174680691986 -0.269045481918924 0.177539812128026 0.010730936617928
-0.617683490266315 -0.375221212635147 0.115787707149469 -0.0648691609085239
-0.581868121433688 -0.424025840142035 -0.0845919098735946 -0.0219325589032892
-0.596582424781535 -0.317643912503846 0.00934298038554447 -0.35578812062096
-0.530310380253964 -0.123444612975418 -0.359904807156568 -0.323101870966592
-0.574590967668354 -0.0240745006432871 -0.443417896176802 0.0695894287779048
-0.628378201835331 0.198710030934453 -0.190441487370795 0.267676833264582
-0.51102674379223 0.445813134258479 0.00452081993786778 0.222199646320771
-0.32746359663313 0.600300158997479 0.0516815303290072 0.113915757492827
-0.260167946333033 0.660378498456169 0.0732911099943513 0.0303269767585677
-0.216304746200938 0.64599009876071 0.0411414803285375 -0.0426968488975727
-0.315811732817485 0.647007057537915 0.0271824752821828 -0.143992936315194
-0.516189758532706 0.494999373997566 0.0287849433852814 -0.22821140946337
-0.592802191074451 0.279666592123647 0.173489705076689 -0.240654147956773
-0.563703814413157 0.0687907736435382 0.262866193420185 -0.130334708986029
-0.601175554537634 -0.155472464646907 0.345736522596426 0.0542004366539329
-0.682474537743647 -0.3031719321484 0.313641465130391 0.0960734609910848
-0.527158075622326 -0.377148454697548 0.0818915749080945 0.177926307900572
-0.500423151392656 -0.30494873663834 0.100274386671724 -0.194540553145121
-0.461875068033694 -0.202366363957845 -0.258109102114043 -0.233626892073556
-0.592228211711836 -0.106804472535909 -0.405177366251164 0.0167699407753876
-0.657787697183452 0.177327573806269 -0.330047594602924 0.24934846899498
-0.512777206455878 0.439275777201998 -0.187258191179628 0.344407305264025
-0.3281043586895 0.578735017262036 -0.0842292863392501 0.341797540760928
-0.258684787869192 0.606756746140342 -0.00614389993474689 0.27179919764029
-0.231892111289316 0.567321825572065 -0.0253450385708653 0.186560910593299
-0.318808178394587 0.511953680994929 -0.0541945577949035 0.0469058451299445
-0.452834419015447 0.34024297478238 -0.0694085199594936 -0.127023183817977
-0.433770915767457 0.152769555475393 0.144017903694017 -0.257836440572829
-0.366238367872613 0.0926444220872752 0.341577570739334 -0.154737530529194
-0.491102352945358 -0.0345066250940733 0.469026462802637 0.104217629625596
-0.642952684876039 -0.201269184011961 0.483197569245425 0.223074466684841
-0.401010165549064 -0.251714744307808 0.214966885567135 0.360108098581818
-0.33466946291314 -0.209692884421481 0.178273786492118 -0.0029711318890818
-0.316776478309931 -0.192779954679882 -0.13393760625901 -0.138522998948296
-0.472382818971505 -0.124989116664836 -0.366827976979842 -0.0363772340389113
-0.53258991146278 0.143394957048188 -0.459571675286541 0.252739720285529
-0.401073075904323 0.359715286704807 -0.352377482802415 0.475615824582601
-0.26591276681818 0.462885323946939 -0.195740202636682 0.544939437949598
-0.220341893794832 0.463278111711487 -0.0813059008089455 0.468736318126074
-0.218948098861958 0.409191444001687 -0.101702583436896 0.355921921126001
-0.282059922115289 0.310439819814909 -0.138464692181233 0.161789283204056
-0.326356565909681 0.142046027820741 -0.133419153826071 -0.0945136633198508
-0.221034996436585 0.0235513037629287 0.162337702058602 -0.277132716717088
-0.157872361189029 0.108679538797592 0.417591601308445 -0.12700028301793
-0.346054412826311 0.0592600276056854 0.514067019422386 0.1739901059181
-0.51309409264795 -0.100903976638256 0.593990315883557 0.31132362026899
-0.223570016015675 -0.0740645773571049 0.306708561297714 0.473606206466258
-0.135150556765462 -0.0463980939703357 0.240924683669952 0.133273362442165
-0.116099450743569 -0.0997349995648598 -0.0436743284423799 -0.0805630246716842
-0.232793056925302 -0.0935023067607885 -0.350958212196484 -0.0610743443832247
-0.286239140096439 0.0781013193257894 -0.535105048022935 0.290394973435341
-0.215149593321599 0.20031955586864 -0.437209524454311 0.588344448914346
-0.163468075783407 0.261923478987511 -0.259586958671001 0.682458513861369
-0.149585665321183 0.24928093039481 -0.146004394842644 0.595500483589054
-0.164709790386423 0.207980360373388 -0.178837590534551 0.444705330455823
-0.192971334664358 0.107352548724368 -0.211283002173651 0.191852911320084
-0.160583736372571 -0.0125394100903898 -0.148873260726416 -0.116872081133561
-0.0283248590346497 -0.0462589154888646 0.220544982248987 -0.269718125795329
-0.00226226851778383 0.113955152926682 0.463957307299541 -0.0419396881086623
-0.192568459584472 0.112349328652504 0.476067051867123 0.254434924575421
-0.312732151757798 -0.00464490368642811 0.632203245422015 0.365191028226907
0.0107280577742958 -0.0632813830485698 -0.61490737094141 -0.325483700620291
-0.0223851780307633 -0.112941508605063 -0.443506861185533 -0.27404233919894
-0.102194658563959 -0.0239953937649316 -0.478297043323016 -0.0956855453399042
-0.0717888053358073 0.0835617315992784 -0.311247871906145 0.284256121454785
0.0101203597771575 0.0848702789898937 0.141281908834742 0.232238095163199
0.0350807781118691 0.056692224012486 0.315955864870546 -0.126119453121149
0.0671284195756455 0.0197149722007982 0.249539104979822 -0.458008057145845
0.0587956363105656 -0.00476890872886038 0.179283732440804 -0.642423063801191
0.0670547642213478 -0.00538037023526321 0.215191594229311 -0.730896031267468
0.0499084355370125 0.0336145327038352 0.344896436189889 -0.679162274240393
0.0209084719276642 0.0662677068530584 0.469079398675597 -0.44601644339024
-0.0395674105879368 0.112075931896718 0.360827807723965 -0.0902443750380213
-0.145083276648514 0.0113040092058184 0.0741249087397784 0.0274890845928818
-0.0905319044139627 -0.142581951111625 -0.127033524560173 -0.137611889520721
-0.0026361698332649 -0.131131668441594 -0.282826776841911 -0.469494920917737
-0.219753421726033 -0.155985668370346 -0.565359686936187 -0.329180189993024
-0.233045610056206 -0.123838631440136 -0.344677311474892 -0.334184941749729
-0.232563371472311 0.0297646667784581 -0.444621733234802 -0.204653612362498
-0.176595016257843 0.121451065250641 -0.365002210996038 0.215320772406562
-0.130057549969725 0.152893053640798 0.079633475803393 0.262152341907877
-0.0943898025271365 0.194192842499546 0.313640879526 -0.0556377327278261
-0.030950043046148 0.225850755988937 0.270357062569506 -0.401600372835154
-0.0347671024934808 0.249252744810465 0.187523414955755 -0.586153401881798
-0.0286900020283961 0.257743033109361 0.180306057636985 -0.676746822407108
-0.106898646804062 0.298457648920373 0.271347749404988 -0.668328900986183
-0.230739793477076 0.249658381406466 0.387254322011909 -0.493087689376136
-0.33440481934987 0.170682031522666 0.340597014530758 -0.154664155035302
-0.396005933485044 -0.0463735444039773 0.0917145702393752 0.0043166377563386
-0.324991598758291 -0.277083169831331 -0.0892485827483024 -0.102348085141605
-0.244141283440762 -0.283644420595864 -0.213258323401061 -0.380599672546527
-0.42082513841585 -0.263044789206399 -0.449227591136723 -0.284176694106507
-0.442965838184223 -0.168488152135769 -0.237279617438138 -0.390660598481285
-0.376197827838909 0.047403409970448 -0.427834652450824 -0.287751859851667
-0.299893382049682 0.13649710347431 -0.406567033975657 0.164249708877293
-0.287126230313631 0.201608235733832 0.0169836729167123 0.276462765199141
-0.239493760449999 0.311401843435928 0.268843695387632 0.022063350405871
-0.138350814352492 0.404844568171811 0.245910019372412 -0.281324308356804
-0.119660433748247 0.465489262797641 0.171533094320242 -0.438698866995657
-0.098159429718543 0.48026455310751 0.132689180688394 -0.520952499953211
-0.201978247330742 0.527332761759367 0.17339900474207 -0.554864574653256
-0.395922524681698 0.436609603710716 0.258835748977633 -0.466544363320908
-0.542368018461673 0.276785008127967 0.28757633437381 -0.209278579912066
-0.585237687881587 -0.0149803814053943 0.134031555595827 -0.0359436532718455
-0.523854547300321 -0.302739023429848 0.0184840009560601 -0.0448669190284182
-0.466966195992684 -0.35261890987543 -0.0754369425739182 -0.23285559970847
-0.551897043270496 -0.349142915264298 -0.274567068669888 -0.177548551857614
-0.581942225797195 -0.23187015390213 -0.12176118284588 -0.412655819278684
-0.489060601892666 0.00134472792584868 -0.419760532184205 -0.328955005500417
-0.444865762786348 0.0963012708244656 -0.434345011449398 0.128891804010522
-0.461436362121532 0.229538704631023 -0.0609985210546272 0.281117114537894
-0.378845246998035 0.406585189140641 0.170471665992279 0.109777346850653
-0.233869531978116 0.537203772584343 0.171155258273372 -0.106062364420988
-0.181296517192125 0.608910934251055 0.130100506574882 -0.222841017866916
-0.144755676730104 0.614713781794966 0.0853628830585585 -0.294977908984282
-0.249591971057763 0.654782969714095 0.0864331419468975 -0.365426721480606
-0.472638490660252 0.546493514539142 0.126314111174966 -0.362867655467125
-0.616520747768084 0.347275476369289 0.218032060834745 -0.238844115670044
-0.640400402651242 0.0507060517365726 0.189659789745987 -0.0892308208111295
-0.626536517040146 -0.23681662476854 0.178363349160851 0.00326635379684885
-0.623914805583287 -0.336991005275493 0.11248992344104 -0.0699850336671433
-0.586531412352309 -0.383419035350945 -0.0849723341487047 -0.0175378316775636
-0.600876011269883 -0.277576390723468 -0.0121419450671689 -0.351104408215182
-0.520375848477582 -0.0952912408672196 -0.372382475050118 -0.300666942966187
-0.56234030595492 0.00683188919811508 -0.430808054192019 0.0908972701722728
-0.604745018069297 0.230012953107953 -0.173077857834889 0.272055159514658
-0.474211374637162 0.463724143221975 0.0164287079828972 0.219185830370917
-0.2893262568617 0.602773482997553 0.0604408856991149 0.110436680334615
-0.216336431808977 0.657535625963818 0.0733121570521273 0.0249596693927424
-0.17642927081864 0.64423666449147 0.0402703445681502 -0.0448069870458685
-0.277089242536006 0.649620245859227 0.0168364965078356 -0.144102319949187
-0.479285321936142 0.516446005986357 0.0130895612280245 -0.226870123449052
-0.565332819011305 0.304592380354836 0.154604924951701 -0.250533779082663
-0.545613368449942 0.097030759293944 0.254516676665573 -0.142279055144732
-0.599264037750623 -0.123225008694498 0.344777579476238 0.0374387563737508
-0.68272227833376 -0.261135476105444 0.314140963503856 0.0759439298802018
-0.53074052285565 -0.341665406524045 0.0874736867442381 0.169184362407171
-0.503044370450709 -0.270794234492191 0.083922946395748 -0.197681365352788
-0.456554724461237 -0.174899414884718 -0.267852620685901 -0.219296700725651
-0.585001528701249 -0.0761697675045351 -0.397548789999601 0.0359278627045199
-0.635066366018978 0.208533499304877 -0.311923150150137 0.259975450180454
-0.477754915402776 0.455976382344718 -0.164615343353241 0.349364281532325
-0.290206591568041 0.582444013368193 -0.0607410479881016 0.339828078400281
-0.218095042543049 0.605578166641671 0.00804469936717964 0.263931563987891
-0.195545418446443 0.569440085331481 -0.0135002101304978 0.182861369963139
-0.286224875240384 0.518070271150045 -0.0524664980099535 0.0474678596857231
-0.425797721031464 0.358760653620836 -0.0778213994120987 -0.121991943977345
-0.414788915045391 0.172285689373951 0.123079499114211 -0.266324576858674
-0.350731066033851 0.109852103354013 0.327308351500768 -0.170072859187969
-0.483460808850061 -0.00899966189877179 0.467233005201422 0.0795827514330798
-0.638880061180724 -0.164261700843779 0.485884310897644 0.190959904547829
-0.404088900342629 -0.224225192415099 0.224949563761834 0.34015311079722
-0.335201160521961 -0.185215532318249 0.169733421086128 -0.0141723796439855
-0.314748894747441 -0.173286563154455 -0.142069839005219 -0.132280541939844
-0.468794429241023 -0.0994731751723053 -0.362739497800343 -0.0181997815077807
-0.514446984218528 0.168449581409044 -0.438968374363168 0.268839871413653
-0.373551374737245 0.370655881778288 -0.318796486645399 0.48599939573089
-0.235442657633703 0.465680245125404 -0.159729258031757 0.543190719410521
-0.189125503655564 0.462399997797078 -0.0561253300586584 0.460909064914189
-0.190011858396577 0.413341451989625 -0.0807839226995714 0.350729618561926
-0.260553334019071 0.318354079243217 -0.127715482823188 0.163413520867888
-0.311637478479077 0.157649006689276 -0.138127450126396 -0.0867238673115822
-0.211871532400575 0.0333540131068966 0.140090117246585 -0.285570932638593
-0.144855467207105 0.114230096752334 0.400476834845288 -0.146459641577041
-0.336329109624686 0.0772247159140285 0.512495678846313 0.14676554168405
-0.50662989790421 -0.069725786527817 0.599053943421361 0.27095553456436
-0.221813472062226 -0.0600353490673892 0.320106961921011 0.447045611967515
-0.130816553357559 -0.0369855528890565 0.239015056588772 0.115598693722986
-0.114835978760532 -0.0906655150855118 -0.0511440443315944 -0.0785170497583897
-0.233204248333466 -0.0806250875086112 -0.350445805623924 -0.04279066590248
-0.276179565516636 0.0916065945543365 -0.511721124929739 0.310957763135155
-0.199517172424723 0.206417471222321 -0.394587873198871 0.600885382705393
-0.145964616194004 0.262922630479682 -0.214023848050853 0.677949337234824
-0.132029685093282 0.25026784304934 -0.111980330889465 0.586925587490642
-0.148395429822236 0.212810941575163 -0.153115755606124 0.442516997527765
-0.182912956665445 0.115106736327361 -0.196147012944199 0.196060975521281
-0.157423954513167 -0.00514044938765958 -0.153108924207139 -0.108426007425538
-0.027756432159676 -0.0456175101282455 0.198083410017733 -0.280318632830586
0.00779247627881077 0.111553805209552 0.448006963427445 -0.0651139156153367
-0.183244858815118 0.121478522185769 0.477690386346983 0.224856454852428
-0.304459199852523 0.0121474398164454 0.637929581523878 0.32215608891558
0.00944018350631779 -0.0625818800565334 -0.618354242297552 -0.295039865391138
-0.0300261009734379 -0.11174418772029 -0.444494566352836 -0.251970397754395
-0.10282192563736 -0.0210335480698034 -0.472725629522038 -0.0760249539788432
-0.0674142977469471 0.0854928200419919 -0.294276390799657 0.294126519678868
0.0126151620292896 0.0836763373721415 0.149291289599833 0.22447957295677
0.0372373367870225 0.0550693185659554 0.305585632640015 -0.135155064747858
0.0674577504927768 0.0167626253206353 0.227454324586146 -0.456105806474237
0.0567730399082702 -0.00870440370247428 0.15114431807541 -0.636308847012791
0.0641026131832846 -0.010512215745946 0.180357483696373 -0.730304297482313
0.05147345372172 0.0311947312441811 0.310621970067391 -0.68290956957829
0.0238880856021402 0.0657497570660375 0.444043543796787 -0.457648136355266
-0.035063068522472 0.112048010213876 0.354680598677454 -0.103353182513199
-0.143737894982026 0.01633697413364 0.0799886943082238 0.0242654609439803
-0.096833277810066 -0.13837281383956 -0.126927846638011 -0.131031860619701
-0.00973117537236166 -0.128950319726788 -0.292821696371151 -0.44882217901158
-0.21976915890758 -0.144661062209894 -0.571282663625609 -0.302742418701515
-0.236188689023649 -0.113489938018799 -0.351943354407871 -0.314985541482373
-0.226722106073155 0.0375840996433566 -0.443174175464838 -0.186930583924353
-0.167349825958606 0.127508069811742 -0.348909337528146 0.227080578458538
-0.12137208269322 0.156877019687034 0.0893016215569741 0.256091731918567
-0.0834678870398148 0.195569131110916 0.305915569628499 -0.0653626766037674
-0.0207190759570449 0.22335990168991 0.251325341803406 -0.401853653866856
-0.0241414514845796 0.245309691267111 0.162667111850797 -0.582148518113809
-0.01891418892387 0.253908617551175 0.148835191633679 -0.674076137938277
-0.0925495487661533 0.297905051484655 0.238455068833996 -0.67193711000211
-0.216747607747183 0.256932062179074 0.359799391957312 -0.50347362410503
-0.322328415499295 0.181564809178815 0.330498692586934 -0.168067750875448
-0.39232613879291 -0.029912356692324 0.0972453558538413 -0.000352737206607905
-0.333495809167339 -0.262064817345226 -0.0886776237974175 -0.0981686388242052
-0.252202694275717 -0.269931337354016 -0.221283798401596 -0.365175424468422
-0.421620367947352 -0.241621054214799 -0.45269514580627 -0.262215516002503
-0.443824680792474 -0.148565000074939 -0.249325426857983 -0.376969345670578
-0.36606473645632 0.0613898818403044 -0.433593428541752 -0.269041396750392
-0.286757365199333 0.14711478999934 -0.391834803248809 0.178052193423338
-0.273088249056939 0.212523332428522 0.028522293827687 0.272538078817535
-0.220488830238699 0.31613355830103 0.265064364599041 0.0121851103978337
-0.11841111780561 0.403128055219599 0.232156076202516 -0.283362441659364
-0.0970073768689848 0.461162340923257 0.150887266398451 -0.437946496497877
-0.0774447632628366 0.47552629935234 0.108877950207106 -0.519325500340869
-0.176520073524827 0.526620799716289 0.145201730698517 -0.556908246819179
-0.371191689974986 0.448292673083278 0.233407345076422 -0.472372917860615
-0.520627744944701 0.295311908681477 0.274870479257212 -0.221487447019643
-0.57711196527564 0.00708548626070766 0.136674628117569 -0.0421967837275215
-0.531018638899384 -0.281723570877443 0.019849904634244 -0.0442204325964612
-0.473683825420905 -0.329749985547709 -0.0804347961850887 -0.226860293479588
-0.551995384523013 -0.321682035584069 -0.278257233662728 -0.164370276870717
-0.583588011532606 -0.205121733428024 -0.138377042762623 -0.402032976833532
-0.477224506323436 0.0188328594293168 -0.426964495589065 -0.309866688580931
-0.429492681289197 0.113495026704137 -0.422631755862764 0.145160146893434
-0.444084341399618 0.247553503967463 -0.04907856143435 0.278981497976616
-0.354728859948977 0.414772939689104 0.172107869954332 0.103195925037139
-0.206456434985689 0.537684884599762 0.166788179095108 -0.109314932225274
-0.151006538049247 0.603685673910723 0.119120040173405 -0.224355673461669
-0.117694779595065 0.611893338545811 0.0736653183902196 -0.295965308289008
-0.218615459233429 0.656326510525331 0.0667226883847896 -0.36475281318728
-0.443050007484511 0.55902218896067 0.106181484003569 -0.364000403801574
-0.591980982330348 0.366909293051868 0.202571825179761 -0.248366264825255
-0.628482425840245 0.0756085001944199 0.188162821879148 -0.0975287348912334
-0.627105291896496 -0.21149468010409 0.17863210773711 -0.00263397571915533
-0.62678815981571 -0.307239055325712 0.110744906374177 -0.0751851191664706
-0.588756549804247 -0.352714302291384 -0.085479236796576 -0.0139181165860129
-0.60137343203999 -0.250031284834073 -0.0291285496114347 -0.345373974860007
-0.510614696916941 -0.0748715694086569 -0.382261782574592 -0.286032486088076
-0.550497813682968 0.0285483682905993 -0.420860801344706 0.107316284874522
-0.584481995248725 0.252465749116926 -0.161374324678587 0.274617868963265
-0.447881607401167 0.473776981944359 0.0253357927729066 0.217128466345258
-0.259565727373641 0.603647080044637 0.067436430848076 0.107375988344196
-0.183872191790395 0.654292009832929 0.072926965716973 0.0200573703076344
-0.147553408532587 0.643647558153908 0.0392840244203863 -0.0472292656148586
-0.245568569479635 0.650794448597813 0.00713365232313495 -0.143764409277712
-0.451652375356314 0.528708333886375 0.000330208589106228 -0.224628854040962
-0.54226836190968 0.323594561502946 0.138200566966942 -0.258268589664051
-0.531784804958503 0.114572880324006 0.247528368449559 -0.151487636813935
-0.596223838459365 -0.0998763156472013 0.343837747159313 0.025144575585896
-0.68231088850912 -0.228949164962888 0.313986461495016 0.0600973366026748
-0.532762559603295 -0.313889345837759 0.0910756452442013 0.163123183038415
-0.503784506915085 -0.246071166705615 0.0711512514402916 -0.199310738940649
-0.450251487095718 -0.15577101400464 -0.27731987472436 -0.20905472360807
-0.576982848408534 -0.0530553535811151 -0.391688424768687 0.0508468683046715
-0.616678574208388 0.233132256426718 -0.298754221040424 0.267254933515431
-0.451840216783193 0.466292700550521 -0.147198069184624 0.352426074793841
-0.262481012559779 0.58428093108333 -0.0414893465656841 0.336359931503128
-0.187858835859254 0.601421648734785 0.0178434749146229 0.257357537845148
-0.168761732867528 0.569315798595139 -0.00477146621996827 0.17909801658602
-0.261856723576368 0.521179057542131 -0.0516721488275659 0.047594751204141
-0.404573180571823 0.370888970559759 -0.0845583977081343 -0.117392498512855
-0.397337729994939 0.184490578547183 0.10554182023393 -0.272019313649958
-0.337232408910325 0.120597227405455 0.316436912620375 -0.181144007945976
-0.479410572686576 0.00939167108650247 0.465805342135772 0.0623069737281743
-0.63359322662953 -0.135175616504095 0.486565376511776 0.16596121637278
-0.4044472676383 -0.204227557231743 0.232091058242717 0.325810321586693
-0.334353264898236 -0.167871754595283 0.162509907458331 -0.0219586417592103
-0.309848379675869 -0.15865004614113 -0.149916585180475 -0.127394186778539
-0.464868171842576 -0.0810022738058829 -0.36081459038743 -0.00493728699233638
-0.499477722516083 0.187002155865172 -0.425482140910664 0.281335451120479
-0.353003487367411 0.378552963078025 -0.291820149818718 0.493309925585334
-0.212594279547674 0.466378366879893 -0.131828052099806 0.538258060034053
-0.165686599511051 0.460265065050321 -0.0387881958974101 0.453170651334981
-0.16830115726908 0.415403240950493 -0.0647733511014788 0.346800712237461
-0.243767397100497 0.323741024416859 -0.119931697675772 0.164354194606936
-0.298778368292114 0.167159017840014 -0.142134010715502 -0.0803274553903646
-0.204261692001759 0.0393566470477244 0.120697995781247 -0.291395413191648
-0.133223703829864 0.117863686427812 0.387092912907793 -0.159357729597612
-0.329077137516887 0.0901640381091244 0.510724892585706 0.125161755383574
-0.499999183471477 -0.0479890794613521 0.600407495122953 0.239200195205888
-0.219167417626973 -0.0488065269690353 0.327667141305344 0.426319550354213
-0.127066915480496 -0.0306248979253437 0.235907095557293 0.102772856905721
-0.112080236134131 -0.0845386974429289 -0.0580402129546114 -0.0764949673199328
-0.232502548863125 -0.0715822122727288 -0.349603044070044 -0.0298288245376784
-0.268017742102677 0.101833100762536 -0.493655086403978 0.32592079399842
-0.187994555697474 0.209524448950016 -0.363197644233116 0.607080122189412
-0.133435899298479 0.263866007658941 -0.181024480333235 0.674479961475638
-0.119639493869587 0.250131090630634 -0.0890471811994802 0.580325323033783
-0.135234828907987 0.214655866569974 -0.133453940452368 0.439868308269136
-0.175885987961163 0.120554964357993 -0.185213692016883 0.198444054956462
-0.153942288518906 0.000690411895715103 -0.156472032278677 -0.102022172878397
-0.026945267516392 -0.0455066281421607 0.179024278599861 -0.287974793176425
0.0163374178433272 0.108826851159741 0.434814369249843 -0.0819602720986095
-0.175452182361765 0.128114061292027 0.479284988980269 0.205356340652538
-0.297785093199737 0.024102213622567 0.641399866874829 0.289081092643813
0.00845207208224424 -0.0625061798954857 -0.625187917429144 -0.269143802132104
-0.0370410210727071 -0.111045884265895 -0.44785029658098 -0.231616728804365
-0.104403907405105 -0.0172497915059635 -0.472327008330584 -0.0592064151387349
-0.0635846560970227 0.0880536517862182 -0.278977342202309 0.304689521995442
0.015084463343215 0.0832277406036643 0.156494486083641 0.218284924766343
0.0401005107215436 0.0539889759787842 0.297426585488987 -0.14376358664758
0.0680562768985123 0.0138835415060525 0.207613927018544 -0.457296661155859
0.0543513329343547 -0.011406332361269 0.127234408254472 -0.63379235161707
0.0608239089308216 -0.0145162271031658 0.152953002742038 -0.730491685559181
0.0533250956537624 0.0282334584522154 0.278284886076239 -0.693632809087718
0.0265140353130445 0.0656033506126959 0.423551087174527 -0.472889172694405
-0.0306758183755029 0.113419555450006 0.350428883476403 -0.118145463457689
-0.143895095379279 0.0209676872908338 0.086053616391855 0.020126648186168
-0.103714011149926 -0.134694995296604 -0.126973305284673 -0.126482394574537
-0.016306424466921 -0.126652179010821 -0.301990374756954 -0.432462721547734
-0.220734574082697 -0.135180993350896 -0.580670131332001 -0.276392838697225
-0.240968012291967 -0.103641248143832 -0.359643052475318 -0.29690724905782
-0.223267015861608 0.045696761958094 -0.446490395740982 -0.170311154039258
-0.159305060441568 0.13386262373792 -0.337878904914412 0.237905595387339
-0.113642855127031 0.162163755819527 0.0985139709271873 0.25170659056856
-0.0737579230916477 0.197476931572141 0.300368247419105 -0.0741500435504885
-0.0105980312108664 0.221354650536808 0.234557573677007 -0.403628399754249
-0.0140897176341748 0.242939929384983 0.139376881493263 -0.583148097851083
-0.0102640261486719 0.250777177264522 0.122586698791628 -0.674564000329826
-0.0799533424301722 0.298453574547 0.206438863685314 -0.677003959659845
-0.203988164772917 0.264594055806062 0.335468078232214 -0.514651666202959
-0.31350615416892 0.192892369517734 0.323766400893576 -0.181547616023499
-0.391668684388268 -0.0151429850916853 0.101889899572853 -0.00561633012214782
-0.343734359010162 -0.249380351879998 -0.0876192580460675 -0.0950987470464518
-0.261449830573213 -0.259020447272734 -0.23117562991736 -0.354567803446074
-0.42474990544342 -0.225653693605754 -0.460335445292134 -0.241982669116616
-0.447430707120636 -0.130623252890233 -0.261628955292674 -0.362236498047398
-0.357866298010328 0.0741228742830755 -0.442224687166618 -0.253718290024397
-0.27545712562935 0.157397611148215 -0.382336301276393 0.191060300609419
-0.260222874178978 0.223427278767924 0.0376011248238286 0.269930724716372
-0.205204944872553 0.321970841555697 0.262603093229158 0.00472589253095376
-0.101116675007976 0.403972279755206 0.220212382222637 -0.287659867670775
-0.07772479084668 0.459250612770209 0.133730586375499 -0.439715870193667
-0.0594064182537502 0.47468101146895 0.0886656468685217 -0.521185208434129
-0.15374874645221 0.530002856997125 0.118043074246759 -0.558999627265521
-0.351405311840657 0.461418941383295 0.210765170381904 -0.478349180090775
-0.504563204174238 0.31462840379178 0.264062370863398 -0.233905729986327
-0.573029304146437 0.0275304624458506 0.139280745693609 -0.049100115344467
-0.539599896852745 -0.262094939424123 0.0211230359243248 -0.0442497030188939
-0.482995280860395 -0.308817504038669 -0.0858394739708649 -0.223215171858806
-0.557318525742965 -0.300705926655582 -0.284036600277178 -0.15232121280585
-0.58636021415265 -0.181575062308381 -0.153136965136358 -0.393151537710114
-0.467859738777567 0.0360106858990176 -0.438560518509031 -0.29597348167957
-0.41799645091797 0.128298575266856 -0.413280766013747 0.159633730873593
-0.4284318651329 0.263074881457643 -0.0396471669277758 0.278802425768759
-0.333980454418875 0.425281012489602 0.17356059763937 0.0981184429975469
-0.18385492158833 0.539986197317059 0.163336322783303 -0.113345372361654
-0.125357852849898 0.602348002017291 0.109496843905883 -0.227349653847301
-0.0922504953247676 0.613289138194665 0.0611703460552629 -0.298016507042718
-0.191161313422777 0.659555814629855 0.0479566081279868 -0.365040903277178
-0.415039722168143 0.573583668840349 0.0884174754986799 -0.365676529324634
-0.572901136425325 0.387450740076659 0.18851824348868 -0.258005349093827
-0.61922494191716 0.0979450006377865 0.18645144368897 -0.106625581399598
-0.633402926758697 -0.188314080807016 0.180783214485308 -0.00837034006875493
-0.633267709830595 -0.279770916583656 0.107717440674841 -0.0805130818219807
-0.592756199644889 -0.329730494265752 -0.0870926810143407 -0.0106101726294648
-0.604265404258506 -0.225602166476987 -0.0449126112369917 -0.342333454328327
-0.502972403769662 -0.0571604389155591 -0.394677351251648 -0.272245036208058
-0.543043254182367 0.0477644327335475 -0.41649298857379 0.120879631724068
-0.568700832808065 0.274803419465273 -0.152123434989035 0.278423984614166
-0.423296325443354 0.486350929869184 0.0326872789722358 0.216250376793904
-0.233095059235776 0.608263958680164 0.0748441778918977 0.103939080190271
-0.154580706362664 0.651050063194421 0.0717627566680997 0.0167814636424273
-0.120404659923421 0.645326696314652 0.037453648720828 -0.0502397454055391
-0.217838635369158 0.656106468789501 -0.00172743418261592 -0.143432973754712
-0.424332469693039 0.544135305477566 -0.0127912736705309 -0.222491403224236
-0.523055105587474 0.34052406138154 0.122386929209288 -0.265463754577292
-0.521117071850637 0.132651142484355 0.241514543873604 -0.162155739773749
-0.601115898085688 -0.0788014195138642 0.345155782392148 0.0140667218674902
-0.684494182280785 -0.200696706443287 0.31467627436986 0.0454521299468831
-0.536424170909671 -0.291970566328417 0.0938834452847005 0.158174576607618
-0.507680248488029 -0.226706471102889 0.0584924091333614 -0.200514496716889
-0.445926194323841 -0.140516210807312 -0.287952615978375 -0.200189265094039
-0.573167907111533 -0.0333631905825272 -0.390684338551797 0.0643582711701958
-0.601477226949405 0.255512188614562 -0.290161429178061 0.275744827153381
-0.427133234417004 0.478844770506052 -0.132110283148422 0.358047961768337
-0.237247441526315 0.586679485722395 -0.0246153090771633 0.334545364372538
-0.160900894723591 0.601403176238973 0.0251782763053009 0.253335609537438
-0.14128507471141 0.571753435619378 0.00181196703499047 0.175361275034119
-0.238358231051127 0.529081664872475 -0.0516719031113778 0.0478832243084096
-0.385079603218495 0.385678643855612 -0.0918673025300375 -0.112749127749494
-0.384618566643319 0.195484663428975 0.0883440899147182 -0.277322418551611
-0.324744307076713 0.130946741547771 0.306986044722976 -0.192375083187131
-0.476574233549404 0.0273622233264979 0.465959537008647 0.0475665562322628
-0.633412338895233 -0.108792875892365 0.489779589133517 0.144432490267718
-0.405299498075271 -0.186649861445987 0.238978215168317 0.313569593433454
-0.33556014566607 -0.155503771752656 0.155503235830389 -0.0284489296391536
-0.308161806711743 -0.148387105362266 -0.158755067584852 -0.122227331013975
-0.464894607498483 -0.0659931093388308 -0.361212574373739 0.00793150581691802
-0.488178918486254 0.204289293087226 -0.414061027668852 0.293808945224351
-0.334513370290527 0.387437851668661 -0.271176085324909 0.50320794932928
-0.193780693176249 0.469513653545171 -0.107589793820899 0.537627777508414
-0.145602065983953 0.459160026158366 -0.0253092058841197 0.44747613931039
-0.147958171539232 0.418511186821394 -0.0522837029436514 0.345321484630701
-0.228094444135638 0.330193651269417 -0.114203036976765 0.165376598768574
-0.288816025364141 0.17762038382066 -0.146437524621711 -0.0742758759979918
-0.198384239645233 0.0444985854779795 0.102595472170322 -0.297296588204232
-0.122756350780698 0.121212645312431 0.376734266472554 -0.173323494096932
-0.323807074938757 0.103324327604642 0.512465013617076 0.10880423640562
-0.496634832941804 -0.0272773436421835 0.603845854910694 0.210990868863659
-0.217596091319623 -0.0395639406312257 0.337642427195273 0.409180525403407
-0.124348350773018 -0.0258196311809504 0.233800338573437 0.0920700714092713
-0.109282403863789 -0.0805792429268094 -0.0642368262845079 -0.073676473571375
-0.233635593319599 -0.0640653442231848 -0.351886995430342 -0.0173124555723361
-0.26208230946138 0.111593350132955 -0.480635062931553 0.340501023244083
-0.178906340800021 0.2137292575157 -0.336653476097597 0.618419973260614
-0.121276784534818 0.266130953913419 -0.149087861533877 0.672752527527104
-0.108513090769885 0.252259924117249 -0.069120343983938 0.577529374951327
-0.123455498747264 0.217410830074247 -0.114947536542285 0.439044260414673
-0.16895549260132 0.12661680221813 -0.17640303031954 0.20008024615211
-0.151519742505417 0.00540847436008886 -0.161017675837384 -0.0961889396658237
-0.0262275630028501 -0.0462781719979783 0.160948796274014 -0.295719681869228
0.0241844356543219 0.106111630420665 0.423171166483683 -0.096472919259708
-0.168920066137923 0.135512928879066 0.481405031042891 0.187992600112889
-0.293562020206733 0.0348037852612362 0.645657722308239 0.259371179995662
0.0282992140685706 -0.0624601443222009 -0.571102682762025 -0.368241906510449
-0.0135308262551176 -0.116098174721031 -0.395664449151713 -0.300871528568036
-0.0941063102632308 -0.0392980207493348 -0.446249678257781 -0.143196901548235
-0.0750052385538426 0.0672702490530254 -0.324051763032492 0.252305949223265
-0.00386641423367097 0.0819717945835474 0.116668171444204 0.239247709168582
0.0273881948775715 0.0614554130692474 0.314163382070013 -0.087216906842015
0.0626238955232481 0.0235267593105477 0.288364860565235 -0.409201615401086
0.052707351339057 -0.000768396607719468 0.237514327662705 -0.592976277329302
0.0597924101309924 -0.00225077919302314 0.280406381087711 -0.687334411695515
0.0448412964336292 0.0365480022326124 0.397688499288665 -0.621939196706558
0.0130545882029277 0.0693420981376068 0.496634051663519 -0.384550389856687
-0.0526672919949067 0.100530845417065 0.366884459628051 -0.046524867506736
-0.147060981289441 -0.0092419826186418 0.0817842781957773 0.0352721698077496
-0.079015021385621 -0.152238397083298 -0.100298197183385 -0.153344706308935
0.00643223203758474 -0.125965309166878 -0.219402370613696 -0.493556753993736
-0.177810545418758 -0.171363814172719 -0.527918977277604 -0.37022245251407
-0.209486080221801 -0.138803188211968 -0.296611115407475 -0.356428890092387
-0.215061160436113 0.00349926974836594 -0.405012858771094 -0.252534236637335
-0.170184739008427 0.0958089534043224 -0.371040198088282 0.172641304127852
-0.138098019267437 0.135486361465765 0.0558683663273175 0.259580417988621
-0.105888874626347 0.179236982136389 0.304027594185449 -0.0219287617596897
-0.0482900735104685 0.211810118363096 0.302006033332947 -0.351843069204147
-0.0579863562754284 0.237038327667423 0.23988599389533 -0.540118071463259
-0.0579806200749103 0.243174364380993 0.23690644954307 -0.636525988125185
-0.131994341996619 0.275015766594996 0.316231699577693 -0.615187759016195
-0.248551360822456 0.221260002214558 0.41085606710675 -0.434804628543173
-0.33810536280912 0.122937301451048 0.34296734368917 -0.112453312980652
-0.382495074018983 -0.0975181698069338 0.094720049093778 0.0120384943020024
-0.290859324257269 -0.311117245217156 -0.0677349793695023 -0.118563505571332
-0.208492179884113 -0.301672290756164 -0.161539263532202 -0.402003987834697
-0.357741743714963 -0.291711162045333 -0.419430392040105 -0.320051876241934
-0.402707948190397 -0.196291975013087 -0.189881883106193 -0.413475128677109
-0.347005755672153 0.00902179079652114 -0.388033635092886 -0.336238538876422
-0.281428923044517 0.0994464761527639 -0.409394750546047 0.117771341648148
-0.288545399166752 0.168488593485193 -0.00517121541508956 0.26614610181369
-0.254147992069284 0.276139462157347 0.253092266227657 0.0444299891350333
-0.166291903653956 0.372190666579337 0.264868562766682 -0.240418872530074
-0.158061162280173 0.437250243278398 0.20879183798392 -0.402136070223621
-0.146490945553239 0.45150541990437 0.176709677616645 -0.492100339177091
-0.24624714590132 0.487458519213864 0.207067288082738 -0.51423373411759
-0.427986429678921 0.385034592660142 0.275790584297243 -0.413707478061865
-0.546769925868893 0.200636785613101 0.287198217713328 -0.172138631896739
-0.564872992709212 -0.0899719744297818 0.133049302982412 -0.023940836620628
-0.480335237333155 -0.361997093703509 0.0307600234973205 -0.0505668684073018
-0.414922764275068 -0.393621456917828 -0.0435813896947882 -0.242466113100107
-0.473387622527011 -0.386489962646396 -0.260578950363569 -0.204194991627292
-0.527626641828438 -0.264940311397265 -0.0755042844117258 -0.430276133174567
-0.444378542118889 -0.0459983228893456 -0.377526967239597 -0.379591110184042
-0.410067638902177 0.0469085662997876 -0.434686538274246 0.0782594422569998
-0.455086843530532 0.177796650330997 -0.0801557209139246 0.261948125219019
-0.396461995054621 0.352819445585348 0.149415264663397 0.117024991580668
-0.267596697241236 0.49111714989113 0.177219573510575 -0.0802868760032249
-0.22863712216836 0.569357549016157 0.147115525772547 -0.201101216145558
-0.20334288715641 0.578498087004927 0.108362365865559 -0.278883025605426
-0.303455535335322 0.606309066992003 0.102143743340768 -0.336939160837597
-0.512858566569747 0.483904859270533 0.132963074155785 -0.322295042923649
-0.624338796645526 0.259243213942871 0.213540161898914 -0.20797518528383
-0.62511700739178 -0.0325911908714024 0.18739967552661 -0.0697067467620416
-0.584506639155008 -0.307627677629241 0.181465172723231 0.0145594150121618
-0.566482231059761 -0.394337340578686 0.122963341932861 -0.060800050819748
-0.507675383493272 -0.421418088194524 -0.0920424144055562 -0.032481576217195
-0.539424255962425 -0.312210798187964 0.0233897481796917 -0.364302046677728
-0.46333257514487 -0.141203762159655 -0.337425674778317 -0.35044945363982
-0.515292182881307 -0.04998629691007 -0.431084793585151 0.0384763628551219
-0.591051877439061 0.163686775221027 -0.187496814438073 0.241439260916343
-0.492305303552252 0.394491733464072 -0.0091430137494024 0.206348455695768
-0.326166321702832 0.55009123578326 0.0496249574478216 0.116383408899624
-0.264980691186626 0.613147336977628 0.0669761547647959 0.028858118124654
-0.235112875013546 0.605360438121628 0.0398595090313655 -0.0428319542009086
-0.327335799253151 0.59831457615048 0.0128615326310518 -0.131554925624347
-0.514088554511885 0.453149402195605 0.00934892067071329 -0.201317567714429
-0.568563425698269 0.224138307442699 0.149667719726326 -0.229329919740884
-0.534086020144279 0.0217917480677791 0.254049324095288 -0.112743447888575
-0.572370411801132 -0.195093907193132 0.340726628207967 0.0687159604675044
-0.631666750844247 -0.325060432119527 0.305609546976083 0.106766065596568
-0.463616503031868 -0.374435825820017 0.0580807346729467 0.163310613763128
-0.446532982969798 -0.295951611068514 0.0987331726422961 -0.20557504880482
-0.394492850535052 -0.214212556086325 -0.244622900604367 -0.258159833721899
-0.530716840668169 -0.133569386074722 -0.393428200190825 -0.0136106432433865
-0.618402386250878 0.137233212177849 -0.321502480976286 0.216601351090046
-0.496410439186153 0.38598534057448 -0.196032328093114 0.316653066505381
-0.324940780286156 0.529524241975024 -0.0886425230066072 0.324168993162287
-0.265020304439804 0.560788189438349 -0.0211980198258055 0.249064541225604
-0.241946493667734 0.528422000957801 -0.034717623940435 0.170857486494594
-0.324526354999662 0.470710828513477 -0.0685018001606051 0.0427226778896145
-0.445453451662448 0.303951960576684 -0.085681637565011 -0.113440566210171
-0.406888232780201 0.110563454459288 0.120594443780275 -0.252448637069627
-0.340454160064273 0.0581507610482765 0.327566394463606 -0.131309238501117
-0.470614103421841 -0.0663167827372975 0.454309513018342 0.125295072150639
-0.598659759889379 -0.225120348825524 0.462777820412441 0.238285749063083
-0.359810073241256 -0.249076692179559 0.175574725058843 0.341456990421369
-0.295653738007618 -0.201547252640147 0.160455814994272 -0.01567306935626
-0.26257996217586 -0.19744136135697 -0.131930099795984 -0.155865611673361
-0.424214978012148 -0.146620325543613 -0.356104423814582 -0.0641721139882729
-0.50063042460751 0.10719142707549 -0.447441249779205 0.213968574052407
-0.388477314765093 0.312082257250964 -0.35572429231273 0.436278103931989
-0.26288684489143 0.424315983037238 -0.205804525565641 0.508157629325193
-0.22291435904506 0.426183090361097 -0.105807209495611 0.430504360013542
-0.218790652057247 0.378386211228578 -0.116647095022819 0.324797813480909
-0.278520717578174 0.280655830022974 -0.148582588766177 0.140747451595189
-0.312305602569501 0.11889638456659 -0.142119661742731 -0.0933527394727773
-0.197754157984384 0.000948113502538981 0.143601335181973 -0.274045546013783
-0.138481331290905 0.0902647370632709 0.396457996541498 -0.0993038049205091
-0.333420906549142 0.0369882967486156 0.489648677786692 0.197287184150471
-0.478881961727148 -0.120657601036002 0.565983184015852 0.329961595520073
-0.208787177071542 -0.0754297189549558 0.255336694183128 0.454090698987421
-0.11593377965282 -0.0435251614478443 0.21039032700194 0.123488133777567
-0.0857606182530692 -0.0979582578710021 -0.0509072878020475 -0.0854968797473897
-0.207236482499892 -0.104030776395017 -0.342101652041741 -0.082156149564356
-0.266977644654191 0.0552697999451764 -0.525291733414662 0.251205542380818
-0.207824249293239 0.170011426897047 -0.438724016791836 0.543541743891351
-0.158255378164582 0.237591477723695 -0.272876294784152 0.636024776004148
-0.150328827958012 0.227261225265367 -0.170723529101176 0.546914450638385
-0.157942743149916 0.185846729771958 -0.19572377849439 0.405250542436349
-0.184361626272517 0.0924849797619356 -0.211872764628518 0.159708189141386
-0.147039998737736 -0.0236666799693417 -0.144901073776191 -0.123152894007091
-0.0158436411625687 -0.0533195675562239 0.207138704972908 -0.263935500962702
0.00789696252463333 0.106356805530203 0.432577993639779 -0.0164030491277461
-0.187887772863632 0.0987664931402361 0.443062244277284 0.273950562399363
-0.292086998053568 -0.0225285770445559 0.59851580509225 0.385390821848807
0.026607796029863 -0.0620990122914913 -0.5761266561255 -0.339749981821128
-0.0204597557315417 -0.113426438977562 -0.397732282887275 -0.28000000242855
-0.0955299853993284 -0.0352598741042618 -0.444379481011798 -0.124040132011855
-0.0720254719698182 0.0698602535027867 -0.307098513955505 0.262469448246029
-0.000581441656358023 0.0820998915168001 0.123746565412194 0.232558473828819
0.03063057518034 0.0608012168561397 0.305769819746238 -0.0937762069997368
0.0628544500255982 0.0204541365099718 0.267506554559099 -0.40956679121084
0.050244981511022 -0.00290328491306923 0.212062146285498 -0.589734863204973
0.0563141097137907 -0.00637419857693026 0.246092521478888 -0.688063400997423
0.0459860110413674 0.0328109301723979 0.362235593162478 -0.627435794236024
0.0156211074430528 0.0684764655174401 0.473083021803449 -0.399123323964178
-0.0474109518868199 0.10194368558525 0.360922369937068 -0.0609367873491098
-0.146983160117549 -0.00351748716494734 0.0858405448837332 0.030703702554088
-0.0857313906507505 -0.146956778742905 -0.101060160154927 -0.14847998356169
0.000218148728628048 -0.121677931056606 -0.230158905271128 -0.476381087958881
-0.178970506288831 -0.162460841055515 -0.534744085736398 -0.344342775024874
-0.213902135847516 -0.128334476524421 -0.304138610329538 -0.338603276770073
-0.21059227114755 0.0119854196937547 -0.409401290399308 -0.236445622666635
-0.162703481443186 0.101435452230824 -0.357389936803277 0.185783331792752
-0.129239627653648 0.139478973343363 0.0633774214241447 0.253974613134258
-0.0957069150883046 0.181389094941725 0.297837346614049 -0.030168943653414
-0.0385465581120142 0.208996470571183 0.283642896809531 -0.354832661858712
-0.0485699217273006 0.234833667204658 0.216130062388385 -0.539026447157275
-0.0490706619471218 0.241123246853269 0.20785768144049 -0.635626129913057
-0.117709382798584 0.274470445523882 0.283554814452607 -0.619769154301893
-0.235584409012955 0.228703022554 0.384745708960572 -0.44372429141309
-0.328944106109376 0.1345740871232 0.332903313863996 -0.125361190427809
-0.379880075747014 -0.080300530603005 0.0977863907899922 0.00672016351015247
-0.300675777814054 -0.296093231913031 -0.0685106883658747 -0.115063443082687
-0.21650534866654 -0.286205282752773 -0.17113799543924 -0.387970724711897
-0.360837018192748 -0.274998582593613 -0.425722719349873 -0.298289590671853
-0.406192464189399 -0.177450976049494 -0.201592417304763 -0.396785317040323
-0.337833125102948 0.0210548455456021 -0.396113979396557 -0.320361853737912
-0.270242058640515 0.109167547327452 -0.398504931421878 0.13024552879803
-0.273742112207415 0.177478593060595 0.00267690392871288 0.262410603223566
-0.236295360320242 0.282010738633403 0.249118948954997 0.0376005095628272
-0.148415562695488 0.370411625778592 0.251665571792648 -0.244048377816343
-0.137938300904076 0.435539653877631 0.188469652637294 -0.402440466361745
-0.12672231070971 0.450456617321444 0.152297810111988 -0.492770915945021
-0.221919271235124 0.489581153383451 0.179173755808346 -0.515148372022419
-0.406573855064965 0.398126838885107 0.25146503547611 -0.419223637566274
-0.529406107098326 0.219113309518009 0.274320746146902 -0.18241591725636
-0.56012352232706 -0.0690145891282832 0.133903661953151 -0.0301428694493225
-0.490141976217275 -0.339493037542394 0.0315478962803835 -0.0506564569303919
-0.42215248874958 -0.369367378376841 -0.0509013173296042 -0.237812514894918
-0.476813413948968 -0.365009882039874 -0.266604068745126 -0.189648901940687
-0.531712152274164 -0.243894437305597 -0.0914175808488265 -0.419650520003146
-0.434011372243125 -0.0302415098544091 -0.391325680724734 -0.364731719113814
-0.398356904712257 0.0616019885251014 -0.428246544701001 0.0943538339031328
-0.435444523780082 0.193151842399302 -0.072428055297115 0.262228361248562
-0.374545547393184 0.361174467269347 0.150272573545345 0.113228959525877
-0.243034658180302 0.491601598156648 0.172353640509529 -0.0849082736531742
-0.202417950079882 0.566710879720199 0.136127579563098 -0.203265019066871
-0.176025055527664 0.578379857776043 0.0938574332995705 -0.28042914540946
-0.273755465829708 0.609541768401465 0.0823563798302397 -0.336275348723319
-0.484624694539533 0.497774890164367 0.114057351423836 -0.322527394212236
-0.603515292737674 0.279687685653287 0.198367671062564 -0.216498176599341
-0.615775712988192 -0.00931353009352495 0.184752146854619 -0.0777398438828921
-0.590530479616753 -0.282577989385149 0.18215212387597 0.00903923142493312
-0.571403318379271 -0.361054477613195 0.118614512242882 -0.0661670778811471
-0.512369383179031 -0.395027876545639 -0.0929885545539398 -0.0281832327828618
-0.544346637921675 -0.287513908011524 0.00712656401329863 -0.358973096423789
-0.4555992340012 -0.124309284721167 -0.350856568133906 -0.336295619318677
-0.50624289357306 -0.032281167433019 -0.423854119566754 0.0564814199736053
-0.571608810388259 0.184215684834054 -0.179788918860613 0.246599355491015
-0.46769226995528 0.407635886523794 -0.00246221671916089 0.207335709685626
-0.300169465781351 0.549831117679809 0.0559878642752738 0.11173821963831
-0.236422627668795 0.6109301478384 0.0650646648614856 0.0256322894294544
-0.205583356635783 0.603003099239472 0.0362982813692225 -0.0447751836201607
-0.29722164071317 0.600952598478283 0.00320673964059106 -0.129389678863941
-0.488199997674691 0.467868654714485 -0.00244669827994755 -0.198039744752098
-0.548658224612633 0.242517961390204 0.132395133786706 -0.234180032886884
-0.521235559652205 0.0410055788373009 0.246506125197367 -0.12211783629511
-0.574239798532687 -0.169950113054446 0.341039955430452 0.0563218984040078
-0.632915872732108 -0.292648903772138 0.303810688780628 0.0913307188130004
-0.46817003869039 -0.352005575008339 0.0606113081340328 0.15904657360647
-0.451028745233738 -0.275941535368891 0.0859451850766421 -0.205152134573216
-0.391733096164924 -0.198862578531677 -0.255946757137499 -0.24778046925224
-0.526056015106161 -0.113494115854262 -0.391522365680007 0.00203185860718923
-0.601749030087421 0.160280512479704 -0.312735288616039 0.226038836164688
-0.472349518180908 0.397932620593479 -0.181163376507109 0.321396080053721
-0.299883821341209 0.532815396945699 -0.0730067325225805 0.320540264183196
-0.237129849306771 0.560590128548373 -0.0130381483638913 0.246027720269633
-0.214782852263902 0.528740713681798 -0.02859976506667 0.16731160759609
-0.29906043785471 0.475460695413095 -0.0696673700195075 0.044335366578685
-0.42431575092682 0.316641903518757 -0.0920346169160089 -0.107687470047509
-0.391765010776784 0.122426624929739 0.102244687764425 -0.2557477150591
-0.328836062353684 0.0700079645056128 0.317234942253408 -0.141149881765627
-0.467382957843675 -0.0474057242945002 0.454133604070003 0.108680132969285
-0.594398907777955 -0.196546767238647 0.463455003582112 0.213817239150519
-0.361206373413451 -0.230458451428981 0.181850685891291 0.329571929238073
-0.296441138384413 -0.18829895039753 0.15265902667068 -0.0215524458140757
-0.262225173016849 -0.18817608764272 -0.140312809008314 -0.148802213425874
-0.421739651761689 -0.129268468995363 -0.35653232775377 -0.0501437444945097
-0.48698273452383 0.125949971008637 -0.436485698301078 0.227459766101199
-0.371164839874169 0.320758087465556 -0.332168056404644 0.446317286478295
-0.241399336198206 0.42608341179334 -0.179737273094577 0.505124217336532
-0.20263513925665 0.426382853678116 -0.089275459337408 0.427173798735679
-0.198715060165722 0.378386118752083 -0.102674923367403 0.322217206019205
-0.262391157255009 0.285812597255003 -0.142933463296669 0.142722835202494
-0.300771421169695 0.128052458919892 -0.144322952770218 -0.0863752560008039
-0.192429562691172 0.00663868861796229 0.124359182722897 -0.277637593659009
-0.128266132952278 0.0936157132726406 0.384015197486228 -0.111554485582455
-0.328092260263809 0.0512944913785087 0.489794556154518 0.177253347799695
-0.471996306525435 -0.099032604623743 0.56772375750533 0.298970120874116
-0.207364450366199 -0.0643433259735055 0.264605288266761 0.436508986973176
-0.114334516382784 -0.039043504035537 0.207428851022596 0.112556278024153
-0.0849280159465874 -0.0955250931042061 -0.0560426739811568 -0.0817115634778955
-0.208019664332841 -0.0969616564110393 -0.343846152297474 -0.0680619884277642
-0.259337697305241 0.0654042747527622 -0.509497546935136 0.267073344472911
-0.197846590843347 0.174045872656909 -0.408467845677575 0.553471824860178
-0.146404753790536 0.238480629205743 -0.241253735694697 0.632925447907284
-0.13797784569596 0.229361896522929 -0.150349854170748 0.542699881529758
-0.147427407290469 0.187489567343234 -0.177522189101568 0.40334123295193
-0.176264893262538 0.0982023639422552 -0.203709084548405 0.162700326977453
-0.144003495622801 -0.018693615696294 -0.147862905515394 -0.116445515043698
-0.0165280907320406 -0.0532915168961424 0.188705785179336 -0.27020632280327
0.0153677642443458 0.103754811368558 0.422535790352264 -0.0278742798664106
-0.181793399462447 0.105803830430334 0.445673631203844 0.254770782684778
-0.286752414269548 -0.0112961081431242 0.60239778933947 0.352029315514859
0.0250954765909672 -0.0620109648413649 -0.576890651868289 -0.318227775493448
-0.0253300805786515 -0.110365537646988 -0.395932427990537 -0.263988453222696
-0.0953192267752525 -0.0319656054265726 -0.438460475001117 -0.112279670429671
-0.0692397777557386 0.0717074543099018 -0.293763278514914 0.267146052443217
0.00215544032481512 0.0821788494716668 0.128201907022694 0.22673425259222
0.0331252735760361 0.0604469321069318 0.298886977329761 -0.0972413567100755
0.0622724452473011 0.0181675890913892 0.252148639430784 -0.405624054414306
0.0478975233542387 -0.00389840736014611 0.193622057102445 -0.585750192781458
0.0530637224203582 -0.00781515736661112 0.223483427119017 -0.683802510383813
0.0472690714740977 0.0304838970060531 0.337886497643772 -0.628004092645571
0.017284517057445 0.0683192088111784 0.45447026599106 -0.404974639098001
-0.0444593647006366 0.103284816419394 0.35429143190819 -0.0700211436214396
-0.145791414334013 -4.36546363935843E-05 0.0884664425633235 0.0269096647105019
-0.0894739952416185 -0.141887952547929 -0.100300537539677 -0.14510797280195
-0.00305443757848141 -0.11749367812187 -0.234102092681609 -0.4600194791276
-0.179034369899814 -0.155190291514812 -0.535779574920381 -0.323608029079064
-0.215375201346508 -0.12000726625721 -0.30541598517088 -0.323181995213193
-0.204783699303438 0.0171997812737122 -0.410364117652198 -0.222199956871962
-0.155371949296804 0.104758145630708 -0.346867748497203 0.19295262786928
-0.120885614731738 0.141662154008177 0.0666017790177568 0.249003180631915
-0.0870133144622742 0.180999556657314 0.291228052068278 -0.033188708242621
-0.0318373004158001 0.205646942228151 0.268515153317029 -0.352196209563459
-0.0423766739261461 0.232353740764924 0.199140336163612 -0.534810357316237
-0.0430445426460757 0.237613607682447 0.185817580173184 -0.630904344479974
-0.107827452412076 0.27249622347795 0.259195453292513 -0.616552760379052
-0.224728200660951 0.232070273381728 0.365542527487021 -0.447285898184288
-0.319500362990139 0.141728088830823 0.324424350513836 -0.133035745933856
-0.375224997698459 -0.070384088347337 0.0997435858443095 0.00240572131130863
-0.306175006387149 -0.283621037208925 -0.0668131252008927 -0.112038548999418
-0.220122652782207 -0.274659969573372 -0.178548020320576 -0.376594554604708
-0.358483276876679 -0.262081445427246 -0.426605570952275 -0.281103202939749
-0.406373672275687 -0.163672577730837 -0.208071818364358 -0.382445106211813
-0.327502091339664 0.0304180898620651 -0.401199532183171 -0.307607535219812
-0.260180733680501 0.114611275423089 -0.388606824612353 0.13940546466302
-0.260649078461093 0.182429991364146 0.00629763953028148 0.259823781953843
-0.222686286780961 0.283488255177116 0.245844692964863 0.0352376661302421
-0.135145591798089 0.366908494582888 0.241541226426502 -0.244946760877329
-0.123224263777659 0.430275748943598 0.174846400843152 -0.399534828342934
-0.112468387205887 0.446021035989204 0.134816214326805 -0.488151295690495
-0.203834162042612 0.484537823987474 0.156651938034618 -0.51075705068469
-0.387840842713732 0.404138655345714 0.234566852190512 -0.41918790494817
-0.513436760036701 0.229647000500528 0.262573235389085 -0.188816838021803
-0.549710344108704 -0.0533934582203946 0.133471338971416 -0.0343228646135072
-0.494618973056713 -0.322347703448462 0.032403516680826 -0.0502648943339
-0.422796135273698 -0.349714902818423 -0.0563492866824167 -0.232592123463743
-0.476463192134098 -0.346253154771296 -0.268283341460056 -0.17816386569035
-0.532564576742165 -0.224180357547369 -0.100710018739448 -0.409181012274332
-0.423403857693619 -0.019054586231256 -0.398988090943109 -0.350622573342693
-0.387451652490582 0.0706239905181238 -0.419305927540657 0.105208422145654
-0.419742023728879 0.2017146658117 -0.0678305995151496 0.261598209199654
-0.355944168401232 0.365424387160235 0.149962711582265 0.112839044710445
-0.226111839750674 0.486307080787762 0.168336854905117 -0.0869261451500467
-0.182973251617977 0.561094091390371 0.127481181874988 -0.201410427026264
-0.15661983099731 0.57396947760341 0.0831857097020697 -0.278862413680897
-0.250147152103832 0.60478523994655 0.0667039672388415 -0.331427454594696
-0.461329271233389 0.503272419482076 0.100650617681264 -0.319764198078683
-0.585415469619774 0.290685716450858 0.184706931807487 -0.219528479864694
-0.603392078519927 0.00597693510607114 0.18199912466326 -0.0818194452670764
-0.592603610631958 -0.26318263422697 0.183004762443553 0.0050153042762808
-0.568444061819078 -0.339703970134582 0.114343362296479 -0.0690376888788991
-0.512050525441174 -0.376679344941656 -0.0939855786127916 -0.0234215174276614
-0.544171380348777 -0.270420116358807 -0.00438417828429648 -0.35162202705801
-0.446336761802947 -0.11378955928794 -0.359816702132141 -0.32388679870919
-0.496258853581149 -0.0206149235248139 -0.42140956360209 0.0666193737026906
-0.553735329049623 0.1960299441213 -0.174454121151935 0.249583870410902
-0.446979866211433 0.411216482067068 0.00239104919112969 0.20927536474348
-0.27973712482392 0.548481183981928 0.0597862824892497 0.107985215956195
-0.215071684454013 0.60563703003904 0.0644767233369942 0.0245690091313639
-0.183882444740125 0.599287529964428 0.0328875586189234 -0.0464202016668709
-0.275191577219832 0.598383176302917 -0.00434434669725469 -0.12626332923218
-0.465749453865988 0.474760619453639 -0.0114155673394413 -0.193359678245156
-0.531944541471757 0.252277967206766 0.117422362952026 -0.235648415018861
-0.508826876450019 0.0516882192428361 0.240456619981405 -0.126203116016055
-0.571821865975875 -0.152903102069003 0.340450239296257 0.0482802638745964
-0.625479805253437 -0.268915107832865 0.300733315426112 0.0806806239397159
-0.467247271955526 -0.331473380424429 0.0608744636746364 0.156022509338771
-0.452122068258239 -0.26009583286944 0.0758140421018956 -0.203363864455588
-0.38550618641936 -0.188321151864616 -0.263620420954366 -0.237154282093209
-0.519592903215741 -0.101789219922597 -0.388112344772545 0.0127958423160983
-0.584875742397516 0.171879601836769 -0.30509975735247 0.23186062065826
-0.453602952926033 0.403260705816505 -0.169998146935863 0.325763966021874
-0.28036987294962 0.528946256828655 -0.0607396297618495 0.314175918153349
-0.216558666630586 0.5551616259678 -0.00761521795627109 0.242383224430643
-0.195244865770469 0.524223746578993 -0.0248640512957653 0.163833102862729
-0.279918245609177 0.47502344742329 -0.0707787774690004 0.0459947855743514
-0.407066595114371 0.323081311456953 -0.0959941928963896 -0.103161204226976
-0.382312342050077 0.129634392715432 0.0870463256373063 -0.255894154380798
-0.316809933883063 0.0754905839696403 0.308360611359058 -0.146090774217076
-0.462508211909256 -0.0323304761776633 0.451813500808678 0.0976938104917401
-0.586738655323716 -0.173798085414541 0.460687400648234 0.196153987506706
-0.359652033202604 -0.215114149156749 0.184564415310412 0.318570086158801
-0.297055936667715 -0.176891822688915 0.145503077136462 -0.023993288303635
-0.257445465227406 -0.181836339283094 -0.145805730774019 -0.142394595220644
-0.418778186464937 -0.119748417654892 -0.354686119002009 -0.039139587688802
-0.473446060828162 0.135189711345828 -0.425843074916925 0.235947850233113
-0.356457027486258 0.325066014314042 -0.314763986750842 0.450404270490001
-0.226383311661155 0.421861933858195 -0.163526978927846 0.498474049722199
-0.186872800693702 0.423130783270981 -0.0772673032580241 0.421079182820526
-0.183818053420791 0.375615683518995 -0.0938884642451258 0.317352363732738
-0.248420761738951 0.287166243929267 -0.138560794775725 0.143398372265938
-0.28977580113526 0.133880630830436 -0.146431803992197 -0.0810535220273994
-0.186448522693636 0.00980649340716227 0.10940309455119 -0.278171945517918
-0.118893356675718 0.0947698931549895 0.373114363410001 -0.117318095462427
-0.322162804965328 0.060944141203389 0.48835457188424 0.163979271838188
-0.465335202058015 -0.0842862139777522 0.564169487777138 0.276473346962022
-0.20404882933709 -0.0563304400462896 0.266047341804965 0.420816152426085
-0.112584427352413 -0.0357843240160478 0.202669697545025 0.106506192533235
-0.0825594806584903 -0.0940535749762036 -0.0592205454795469 -0.0774055831692745
-0.207866586905457 -0.0923355295506851 -0.342492063504302 -0.0592610279894339
-0.253073295544412 0.0708384460224085 -0.496356377182316 0.275651759416236
-0.191151159198946 0.175615844658599 -0.387292291264668 0.557319949560153
-0.137714232489794 0.237043398229494 -0.219403209424688 0.62480154687696
-0.129768327315218 0.22852250030438 -0.136480669379364 0.537391485044728
-0.137719779351047 0.187136838627487 -0.165251759598102 0.399808493235669
-0.168763659502603 0.100082908577013 -0.197373553578011 0.162621085892246
-0.140702647984834 -0.0154359462384642 -0.148859148771263 -0.112355632040701
-0.0156446490129622 -0.0532533929607263 0.173466057367458 -0.272255076397849
0.020762687741258 0.10093629782363 0.411273545149255 -0.0370483513660143
-0.175514064318243 0.109856126657819 0.444164949289228 0.240877526093709
-0.280425229418766 -0.00480419371435833 0.600812987028145 0.328091949052512
0.0250615758182346 -0.06176363214731 -0.577252350852132 -0.305998447250009
-0.028284959736526 -0.109086002591652 -0.39474564758898 -0.255157476262556
-0.0960284502209642 -0.0305460647697666 -0.438290770989985 -0.105632809168463
-0.067381174504192 0.0729566423245606 -0.286362160205348 0.26964837699388
0.00343795932766896 0.0819261252377051 0.12961708968687 0.224024758628528
0.0351416185752648 0.059897713078765 0.296844754878248 -0.0972617708281708
0.0629786027162906 0.0170478175144141 0.244113604245505 -0.402808470842736
0.0463236089628391 -0.00412989116676904 0.18352871080158 -0.582967670977513
0.0505005575185934 -0.00934650821374994 0.208898962299328 -0.682615151784141
0.0472798754583602 0.0282026344062586 0.322660373637995 -0.627143648467099
0.0183674251727193 0.0687130827453133 0.444208772965387 -0.408697003479516
-0.0427401716794252 0.103805409597998 0.351451792020316 -0.0744696557250963
-0.146210648748096 0.00229119438004871 0.0909449741779931 0.0249676788580377
-0.0926711801703407 -0.13932382937222 -0.0996186975804266 -0.144632299043178
-0.00460471035500701 -0.113454714758158 -0.236951124281933 -0.451517796458358
-0.178472383344717 -0.151978550389593 -0.536415728496737 -0.312034628673632
-0.217516513513021 -0.11487819736259 -0.305373986965755 -0.314623879651777
-0.201228114305861 0.0195744341021953 -0.412611604087115 -0.216138251808485
-0.15080051838791 0.107433760192633 -0.341460993618909 0.19625731804026
-0.115502498069877 0.142831929993517 0.0682958913067317 0.248052598752145
-0.0810169108998118 0.181491847863077 0.289972870620291 -0.0331218623369011
-0.0277163813978764 0.203885131431182 0.262353857075096 -0.351034731834026
-0.0382211873509606 0.231295525956871 0.189348646620471 -0.533549471984961
-0.0402858060302553 0.236519014817696 0.172904282765057 -0.630841080531507
-0.102355736664826 0.270969043451085 0.244407593103157 -0.616901344338198
-0.219684497872364 0.235183473106223 0.353900374713896 -0.449856979932524
-0.313109979610395 0.146371301215291 0.319369927565498 -0.137417536544826
-0.373276097283962 -0.0652263922092676 0.102252765022803 0.000152204212575408
-0.31045806288993 -0.277888740137135 -0.0652821466726504 -0.111821726781678
-0.221030094363995 -0.266093964487252 -0.18038102740329 -0.371280776001044
-0.357555788189434 -0.25627537266506 -0.428280278280137 -0.271007516263941
-0.408819961944733 -0.156045030943587 -0.210487358398464 -0.375114700111829
-0.322264221361131 0.0334539112992977 -0.406788702261492 -0.300128863457469
-0.252953626646551 0.117814177133322 -0.386192714110935 0.144933349548441
-0.251541114671905 0.184897626880235 0.00768742091491943 0.260609761990455
-0.213225909482202 0.283665648324409 0.24462213502967 0.036082255610453
-0.128492292175857 0.365656477225402 0.236379462883717 -0.244652402847588
-0.116317141451221 0.430462409554694 0.167684429942642 -0.397625154893586
-0.105914784793647 0.442842664980203 0.124801475983367 -0.487124543589871
-0.193061721700759 0.4843314318452 0.144461602857003 -0.508165068712386
-0.379371603723244 0.408889465997488 0.223301663886362 -0.419089901374927
-0.506017600095637 0.23687581279172 0.255139820793957 -0.192903715606856
-0.546857155908931 -0.0476103879003882 0.134841395345681 -0.037786387778972
-0.497583811370571 -0.313813334011676 0.0348372789900658 -0.0508667494370984
-0.421616675285624 -0.338736077561533 -0.0586219641514665 -0.230356797453643
-0.474106507743963 -0.337699247681057 -0.268845582972799 -0.171080624740443
-0.533662190706188 -0.214401788407361 -0.105444860003788 -0.401329065756738
-0.416190150830275 -0.0160802436963896 -0.406535248588919 -0.343590863379214
-0.380796687612708 0.0752582156696393 -0.418799556988653 0.112873510274478
-0.409856685064438 0.205450974522817 -0.0671853710636598 0.264009522524265
-0.34507656772869 0.367333611730681 0.150767070520056 0.115332112101831
-0.216969884432297 0.484740210168888 0.166541749533496 -0.0885275879081224
-0.172209618576377 0.558297934866166 0.123034219877579 -0.20114100008663
-0.147312347437065 0.571176081475644 0.0774802166545666 -0.278869452901417
-0.238669493842893 0.605279667300005 0.0570579279904411 -0.328568942341851
-0.449441950903035 0.509594726761506 0.0926103819659739 -0.31826246213009
-0.576026358429824 0.296183453877176 0.175170510513114 -0.221676691960958
-0.597042822868244 0.0127427597310066 0.181383320326883 -0.0848568270945136
-0.595929902480947 -0.253628795370603 0.185805787071097 0.00303801844334386
-0.565796793120335 -0.326252162729153 0.112017173178951 -0.0702766715992241
-0.510592550473386 -0.366250274506468 -0.0945759626835738 -0.0205119506648687
-0.545547723318657 -0.259716976700022 -0.0103709618835819 -0.345840717153907
-0.439918432245598 -0.110338376395363 -0.367776359199509 -0.317437970276982
-0.490061583397083 -0.0150191955539729 -0.419036758193755 0.0750508922107528
-0.542968052407338 0.202244729643331 -0.173049627052201 0.253221808923061
-0.437581944469187 0.415451844293228 0.00610270766672856 0.213118105085865
-0.269108889482039 0.546478291954032 0.0620261820728455 0.105385362212176
-0.204757920156985 0.603399604570343 0.0634811443606718 0.0242687817864584
-0.17264604399154 0.596349058040963 0.0313942057378231 -0.0473880359620177
-0.262561656817429 0.599044860973373 -0.0099273723237637 -0.123657048098912
-0.453417097892431 0.478817376780909 -0.0171615215486907 -0.190969477833187
-0.521928976806408 0.257395291413578 0.107458569851234 -0.236851186630478
-0.501912304819154 0.0574891783790954 0.238718780393036 -0.12931385051531
-0.572500613317297 -0.14233743241877 0.342230577557631 0.043755753000708
-0.622721655859541 -0.255535766566098 0.298643620585982 0.0740944718979056
-0.464341517977849 -0.322135509416312 0.0606324719186569 0.154955975004931
-0.45271603555577 -0.251901269460114 0.0703201213151022 -0.200579279757193
-0.380143564373232 -0.18548972445295 -0.270542059313689 -0.232283510804887
-0.51669969613704 -0.0969238253652506 -0.38854841628882 0.0207338670390514
-0.577108014091945 0.1792069691243 -0.303191091413219 0.235991041899462
-0.444378088366984 0.40721708378288 -0.164058695648263 0.331383613036149
-0.270248490013896 0.526417919117911 -0.0537421911410386 0.311552375315041
-0.207221901375586 0.554667586531608 -0.00456884655341536 0.241136552029543
-0.185068887017518 0.521906476541983 -0.0234408051166028 0.161720251469164
-0.269213509336814 0.474367047342242 -0.0719846753982354 0.0475978458432818
-0.397701446072617 0.32765450162189 -0.100023384955108 -0.100252580883751
-0.374768744028173 0.133475928972361 0.0765718633972139 -0.256149058618248
-0.309278441428634 0.0787937612425613 0.304757589158327 -0.148538454669594
-0.461776194457591 -0.023322690749952 0.453076441847368 0.091087601122394
-0.582761433303034 -0.163492232486669 0.459205296236156 0.186638471338877
-0.356679886588386 -0.20864344138058 0.182361927955749 0.315056313128192
-0.296094764777182 -0.172237762198003 0.141027897003622 -0.0238836262971409
-0.253604342609799 -0.180172313085538 -0.149940062091507 -0.139155123845284
-0.418468552719394 -0.116743911039176 -0.355500584033611 -0.0327823754404112
-0.46764425019537 0.141853805966132 -0.422352796441423 0.241142616143313
-0.349009819466525 0.328497779255475 -0.305382923936158 0.455415007749714
-0.21920850436747 0.421898244362944 -0.153175497917441 0.495455968055637
-0.179341169846901 0.422168794194242 -0.0724634090892544 0.419619899012989
-0.175205907935888 0.374937664606962 -0.0904615431837726 0.315681083593744
-0.240365238018357 0.287310045461406 -0.137304639682702 0.144123742149515
-0.284782127769777 0.136223326749098 -0.147749070142265 -0.0788420704473905
-0.182745598517626 0.0113197987163241 0.0985236131225826 -0.277917276653403
-0.113003902425277 0.0944704511428875 0.369649205134936 -0.119773097469701
-0.320819215340751 0.0674825652344439 0.488766665148895 0.15700430458134
-0.462464563109444 -0.0771693066528843 0.562906783282238 0.264192475172965
-0.202180915545219 -0.0520000393370877 0.26403133125985 0.414055913442233
-0.111621470872091 -0.0335017928484793 0.199060628540987 0.103736697662547
-0.0809640906071729 -0.095137093617155 -0.0609379238764863 -0.0756817453601948
-0.208069111843712 -0.0910742844576904 -0.3432936454648 -0.0536046826562675
-0.249553217770007 0.0738550942480426 -0.489624695636205 0.2816628743484
-0.188412326813989 0.177412292371958 -0.375635126130655 0.559641859569362
-0.134286553117452 0.236453553521335 -0.208866006643847 0.621450116293848
-0.124977147327282 0.228937244950122 -0.127225944840462 0.53591465793054
-0.133774508301786 0.186336964785881 -0.160657469470133 0.3981499969632
-0.164892577287784 0.100343531081465 -0.194858589764001 0.162631295689613
-0.138949425115867 -0.014556603346726 -0.15020490567714 -0.111514806604359
-0.0146734498392146 -0.0534761855311 0.16438640925105 -0.272980595008667
0.0251888745307737 0.0994051767947492 0.406519497290676 -0.0377528863806725
-0.173933294596803 0.113529935933041 0.443943001207316 0.233779056677122
-0.278221270748641 -0.00205662093938509 0.600812529302992 0.314938051038891
0.0252852960457267 -0.0630872532537491 -0.588531247407241 -0.301178619299494
-0.0310614480211846 -0.108549838917513 -0.398535327645109 -0.251924058829931
-0.09856249021274 -0.0300204681041552 -0.445908650694589 -0.103373786943934
-0.0680052706281106 0.0756073707411821 -0.284092603930784 0.276578066194213
0.00514874035482236 0.0834981449058913 0.132839272333882 0.227314223403344
0.0383930758458022 0.0604055933992605 0.300747633768938 -0.100201533797372
0.0641606750059761 0.0161775539710491 0.244547611281303 -0.407288958982034
0.0460799478631932 -0.00379746438785951 0.179405324419057 -0.591929168381824
0.0489626730228944 -0.00997395039443192 0.201024086040276 -0.692553943245594
0.0477903143514269 0.0268419760084067 0.317666717154584 -0.641299110022839
0.0201963823322376 0.0711102393328368 0.444389977526923 -0.421815151098465
-0.0410838053012898 0.106790397951113 0.355553471008637 -0.0794470957478558
-0.148983785789313 0.00373403800393591 0.0948992166677264 0.0224381799449777
-0.0961449221154763 -0.13921472219876 -0.100035371531126 -0.146941445843689
-0.0049216358054299 -0.11195426243322 -0.242398215933546 -0.452261489574565
-0.180227011110042 -0.152306042279979 -0.547835319265205 -0.309504859377549
-0.223095180637703 -0.111967897183294 -0.311453930210935 -0.31324598240055
-0.201865705355107 0.0222365860127493 -0.421768610615064 -0.216384427936833
-0.149130305638909 0.110893827583831 -0.342724446399104 0.202399957599444
-0.11250012867011 0.14578607886633 0.0691610222459184 0.252128321950891
-0.0769554717489123 0.184042350491359 0.293757509553938 -0.0337614328317926
-0.0250072275383513 0.206743931230649 0.261635127588257 -0.355216123598447
-0.0367658020533837 0.234635137878468 0.185656277077446 -0.540000454575933
-0.039207377629777 0.24007633811238 0.165299956315372 -0.64188612717728
-0.0994512723067494 0.275463043294816 0.236457636147757 -0.625558480734293
-0.218348140097352 0.24325986202113 0.352620500417228 -0.460257122623471
-0.316069320699601 0.152431243400291 0.321009626052036 -0.143372336567958
-0.379375458293549 -0.0628321636812686 0.106187125998699 -0.00284813985083374
-0.32006305366404 -0.277889774909593 -0.0651566576311414 -0.113910729584674
-0.223589843281598 -0.265173113542827 -0.185264820443351 -0.373124245982336
-0.361832629034523 -0.256636473652802 -0.435962108839166 -0.268564898265113
-0.417384358665201 -0.151089294511113 -0.216242171141971 -0.374240517426436
-0.322356888436746 0.036006777877201 -0.419163020872035 -0.300120490360931
-0.251476076770984 0.122888923610118 -0.389313774205094 0.152780134550182
-0.248635051907704 0.18918963229942 0.00761394832467046 0.265641053252772
-0.209748112158879 0.289456067862389 0.249594798497183 0.0387976584915929
-0.124553845970131 0.369092461965839 0.237637367017926 -0.248386900391907
-0.113070360356765 0.435208798221248 0.163589436326936 -0.403609205238671
-0.101817561241191 0.450891892917777 0.117757788370168 -0.494691695651868
-0.189125764488018 0.491629361309709 0.135972185013074 -0.516575320434248
-0.377411585557048 0.420478634926992 0.219226728001984 -0.427378291454576
-0.509082843434133 0.244405353143249 0.253334437202744 -0.198015350304773
-0.552421201062814 -0.0444642945806328 0.138917381642999 -0.0402791428766276
-0.511898197544855 -0.313288675708969 0.0382179297289055 -0.052458539979109
-0.427769710498594 -0.335584122146587 -0.0620389090326055 -0.232140485441078
-0.48163426884294 -0.337614650158532 -0.274421922241269 -0.169562005808097
-0.545943321979749 -0.210106903365013 -0.110344394997803 -0.402886989797755
-0.418307899592315 -0.0127185045425064 -0.420603513944569 -0.343508074325194
-0.381154512918109 0.0798195972710515 -0.423843645763568 0.121178025084827
-0.406695007662715 0.212516601268852 -0.06738221903784 0.271147679032193
-0.342617341031109 0.374827524865882 0.155831054113622 0.120556481819539
-0.213919572350398 0.491484446495119 0.168608754114538 -0.090769498605967
-0.167522073919051 0.567949173996073 0.1225640832845 -0.204281103857723
-0.140854531060765 0.580122368783142 0.0728708327899655 -0.283434613764569
-0.23222640257198 0.614159587492723 0.0497489481258418 -0.330555973714767
-0.44838438547891 0.524395585256096 0.0860507421848232 -0.322650670131835
-0.578164624914557 0.307771592938062 0.170079221650172 -0.226979112218653
-0.603094733286479 0.0176763120127675 0.18497802923033 -0.0888066609325385
-0.609385891958747 -0.250710118594132 0.191771165497035 0.000840655223957805
-0.574440690782507 -0.322675525020919 0.11198510994433 -0.0720943129299709
-0.517011989576275 -0.365763692064408 -0.0965063506474107 -0.0182730995965593
-0.558883982138894 -0.254453595299367 -0.0135902879742602 -0.347734817849137
-0.442274930469513 -0.108320260368717 -0.381837363755546 -0.3179036747872
-0.494978750154958 -0.0118979751844933 -0.425231131240957 0.0846892026289843
-0.544589012047928 0.208305139360401 -0.174404341808774 0.26136124353
-0.435174955143754 0.425139603870921 0.01112431421378 0.221216508396965
-0.267254317902618 0.554616597512782 0.0653900880162681 0.105190967905695
-0.200294210653365 0.61273669939665 0.0641185942891791 0.0243202928427965
-0.165258606403819 0.605737386594153 0.0290186048198735 -0.0481459216682803
-0.255951283813061 0.60920187619664 -0.0145815759445861 -0.122694578492269
-0.452240245334061 0.490712088970177 -0.022966995654788 -0.192709739224074
-0.523902470874528 0.265247863961038 0.100043730636731 -0.241044582346864
-0.504296690125593 0.0619688290886158 0.242212091540925 -0.133936856812799
-0.584685352670732 -0.135824104832079 0.350908732496717 0.040562859601683
-0.629813826050009 -0.249255042496672 0.302556547321081 0.0707886520186558
-0.47057939703635 -0.321011836449625 0.0615354387079394 0.158024858002359
-0.461633172432631 -0.248083730362892 0.0676252534731041 -0.201829876856566
-0.382243809658588 -0.187633673917873 -0.280384273556519 -0.232323680468943
-0.523955051576145 -0.0958339152604367 -0.395512827572837 0.0286383709447724
-0.579730542454454 0.186723563469395 -0.30599235781775 0.244263971063352
-0.443457179523421 0.417036585774404 -0.159302127037568 0.341258244137582
-0.269547614802016 0.536427214492773 -0.0498635262838657 0.313858904301514
-0.203600208944444 0.561846272327461 -0.00289748155951836 0.24376963208526
-0.179292033349455 0.530397735838487 -0.0231224662893622 0.163637842394693
-0.265089784767865 0.482324585941872 -0.0745309360752777 0.0505154368853913
-0.397409010902109 0.337807772382366 -0.104431682324498 -0.099830295081638
-0.375830990010115 0.137541678335783 0.0684658862876002 -0.260091795005024
-0.308772796966548 0.0814096766942611 0.308723262611987 -0.152909761302975
-0.471129213218101 -0.0147267832873484 0.463114780842491 0.0861057313814895
-0.587779204516514 -0.158249186982789 0.464377797288863 0.180698766121124
-0.360577113308756 -0.205450248453235 0.183847902517944 0.317603108276671
-0.301393190924639 -0.169955181327701 0.140254349477161 -0.0236278856657888
-0.25474865183938 -0.183907643984599 -0.156062608931245 -0.139078401511015
-0.424645145469127 -0.116802468075636 -0.362183576542549 -0.0276230875126123
-0.4722339262223 0.147607509757375 -0.427129027310882 0.249007634985296
-0.350126926604922 0.337416556545668 -0.300999064760651 0.468745566671619
-0.217686877240073 0.429069957241246 -0.147921969840094 0.500428292957874
-0.177446491807768 0.429790528334603 -0.0706005726052477 0.425540787685814
-0.170661043064537 0.379466976758303 -0.0896744064835946 0.319312026576041
-0.238352381254314 0.293023855338301 -0.13897775067709 0.147531431321746
-0.285062213752939 0.140256242678378 -0.152478647190152 -0.0785591944000542
-0.182340844108286 0.0110861673165583 0.0915121949896735 -0.283236072543166
-0.109806388164489 0.0962563408988483 0.374257813839551 -0.122302464646637
-0.325931817811082 0.0745871332739644 0.496973926499939 0.154705129457757
-0.466502175629866 -0.072847917994698 0.571448710593205 0.257925818017284
-0.20308140336733 -0.0494578196623222 0.268497929381322 0.417806025398614
-0.112273936872174 -0.0325050974757084 0.198991704766563 0.105102886671712
-0.0804150373822963 -0.0983680945884773 -0.0633624068663445 -0.0760184882719272
-0.213203326181903 -0.0923507881575034 -0.35010972915151 -0.0508332383065134
-0.251323865437795 0.0776947453509342 -0.49721461895715 0.289235866274146
-0.189488785430218 0.182436550091911 -0.370898085002328 0.572806432294865
-0.133372945983225 0.239711445922897 -0.202277969963329 0.631493913138449
-0.123678218680852 0.232878398857327 -0.124436700966552 0.543651472328076
-0.132335207068976 0.189567569486096 -0.160217446003098 0.403680199322323
-0.164241903790618 0.102630696024014 -0.196165414011414 0.165385940325606
-0.140130549343287 -0.0147670665419686 -0.15382497978132 -0.112707842652283
-0.0134556552162018 -0.0548922449083515 0.159172808443659 -0.278941338951537
0.0296660499694644 0.0996429654938546 0.409813808367976 -0.0392583508676117
-0.176366753775886 0.118777226223856 0.453933741778629 0.233417209982497
-0.281573783644147 0.000173770512741867 0.60968467831508 0.307673415138771
-0.0199301713982619 -0.0663204313902938 -0.665843193897889 0.128051466535786
-0.091275002928136 -0.0653579749768152 -0.481136648455694 0.0442166573310126
-0.101172440639338 0.0372731477811642 -0.430600945241423 0.195279262187045
-0.00788511067953473 0.103813687060612 -0.053646957985408 0.407777733214069
0.0552093946760606 0.0632099648241744 0.251403986724193 0.102029887759258
0.0679502482014003 0.0233243164437624 0.1834142575396 -0.268814522940463
0.0588023335267569 -0.0269614034802017 -0.0589916174183075 -0.489802267404662
0.0346944763216082 -0.0331854681845316 -0.228015837115437 -0.591663447393465
0.0295276670938532 -0.0425551723399485 -0.280939467133478 -0.687494249552137
0.0530890868288767 -0.0113980755856186 -0.150154378471078 -0.722650548933057
0.0635229417191902 0.041150068423705 0.0898316031961739 -0.622780841035916
0.0347247144345042 0.11199016014538 0.238605172789322 -0.292934258444893
-0.123535638436161 0.100941081668376 0.0931986355719473 -0.0465911044112712
-0.174568706521493 -0.0517241281443662 -0.174627810266588 -0.0592981946733143
-0.0794138474741526 -0.0952110936788598 -0.487864130557855 -0.209109858937931
-0.241347678610124 -0.0209348152729034 -0.642574935885813 0.111278957636468
-0.246835581638997 0.0453296210881571 -0.454314417554831 -0.0526928749524486
-0.152896061991971 0.139811792123543 -0.482867013817129 0.0957334976146489
-0.0507743769898814 0.178496004076227 -0.151212557704312 0.391549737682839
-0.000268399203310329 0.182592118355201 0.215586902237939 0.166595833720238
0.0514306552298866 0.192109719296962 0.218907648296353 -0.206128669638386
0.104863173733705 0.179607758389016 -0.00932232548234399 -0.454446704200084
0.118780147841097 0.213087817915323 -0.19062900624882 -0.554775527241256
0.117084432746243 0.219557278766996 -0.277932193239402 -0.622770464901589
0.0928114593254934 0.28656064531607 -0.208097162361484 -0.658627978454341
-0.0226325702306246 0.337856569427267 -0.00762970274244578 -0.595107319224656
-0.166329144345725 0.32311534004395 0.171763172830296 -0.323563048894829
-0.361627874077396 0.196010133862469 0.0887822534795163 -0.0749059420743335
-0.449664411540916 -0.0186588923070635 -0.120985027828856 -0.0630040825382996
-0.362637015026462 -0.0763599106861043 -0.380938383395488 -0.185296924192749
-0.452448722845294 -0.00155574882400382 -0.534712338320501 0.0877459529616956
-0.426335504583519 0.12780655721139 -0.4219686572534 -0.155819581433242
-0.242607778711379 0.221320596389359 -0.536654585468843 0.0302355417536919
-0.126249287076591 0.247227067666778 -0.223493528120421 0.386156599981791
-0.082620898551623 0.29871689245209 0.174142162784994 0.219589570035035
0.00992048392894532 0.357852537549012 0.227174936194321 -0.115223602655287
0.127921108975986 0.371719466273598 0.0398940136044307 -0.348406660837921
0.183227533626532 0.425023776797639 -0.12202115891834 -0.431565241968778
0.20203553996485 0.432532949223131 -0.225773035606455 -0.476792258551951
0.160495206732607 0.52196435411081 -0.21941603713965 -0.50619198774361
-0.0385042999581552 0.587962204675724 -0.0901722010704056 -0.481852449651831
-0.268364257404789 0.5245057017211 0.0819711671344226 -0.324820687019693
-0.496845188722909 0.323514841642043 0.0923264559487959 -0.127715268900005
-0.633884060881373 0.079005634265519 0.00460181081615638 -0.0877501702753634
-0.576632135294165 0.00179161082567659 -0.179256755109038 -0.159327879287008
-0.598443587453418 -0.00104325516685824 -0.345011790095339 0.0743124344926302
-0.564632348718255 0.156177417694134 -0.360864991961417 -0.243620514562935
-0.350125968740348 0.237143316116317 -0.570432462169842 -0.000529940449893101
-0.257545953104535 0.287855965537033 -0.27394853270944 0.387635042018857
-0.197216796867809 0.412163899708086 0.116382962303192 0.274045589527793
-0.0427615711915744 0.509053408837382 0.201860646948047 0.0148623061932167
0.130730487827195 0.525065097757761 0.08536063430195 -0.17423083209605
0.223032330982248 0.567150057608596 -0.0308176222838004 -0.243680575582025
0.253892052629219 0.564452318769693 -0.129618862648758 -0.276905347389698
0.203600071651604 0.650380013560393 -0.172962754016004 -0.301053461092359
-0.0306445215201047 0.720378209593813 -0.129640266295502 -0.313441157826245
-0.288371346281315 0.620198190964259 -0.00560970365205463 -0.294640604819435
-0.496607151428117 0.407304955336354 0.0987022566119915 -0.197701549398546
-0.670768734659145 0.194745867938205 0.162365230504167 -0.148737859211205
-0.686973035465347 0.110772455016977 0.0705805829271564 -0.150574445683864
-0.642140357093948 -0.00343388352672569 -0.108379769364419 0.0868595625553614
-0.599585302688804 0.127941380648018 -0.250361844454235 -0.260455362829939
-0.427811707180627 0.171640214874694 -0.526269431531577 -0.00403396964000869
-0.403898740264512 0.280249974113101 -0.306819738565978 0.361899315209223
-0.310169399641548 0.49378150549642 0.0222957716427815 0.335269831060761
-0.087335575137535 0.607835514379804 0.147390003601697 0.189873301746947
0.128335875330452 0.607361256268032 0.126803118006845 0.052855483860342
0.225675913628116 0.623617327874122 0.0656364961890594 -0.0221494468204347
0.250238751183759 0.600802993101663 -0.0160503138405936 -0.0595886382346279
0.180465599811552 0.660846142317889 -0.0924897024613374 -0.0901343473802479
-0.0544934293714406 0.698063823499127 -0.134250848265101 -0.138227841209288
-0.270665114789573 0.551524620317307 -0.0724708837884741 -0.259412012823963
-0.38288470435798 0.377972344521395 0.114271103902624 -0.270197065955761
-0.572281019666345 0.272720834642407 0.313580521517551 -0.221235700124168
-0.68251766627087 0.210565335605385 0.318993041704556 -0.163277753829432
-0.574664847821569 0.00731146967430139 0.131316501253546 0.126056973125124
-0.518119362601488 0.0739468014833257 -0.0912569880349233 -0.196385427573371
-0.425743317988301 0.0713904600678258 -0.392828242861638 -0.000927799979649302
-0.477913402603248 0.230004531177906 -0.320874296347386 0.294269533515375
-0.352313029993999 0.497993696247478 -0.0971109995250444 0.4042582281846
-0.1001419731795 0.607306635073781 0.0851058540169315 0.393636881175182
0.11749954068204 0.594179486864899 0.165940556946429 0.296286512053891
0.190803463004596 0.586877094994865 0.149167553491504 0.19825956782502
0.19155143261286 0.549074349648278 0.0775588834343689 0.14473844688026
0.094051711683259 0.564415407388784 -0.0306134447959384 0.0876914536376362
-0.109656221850538 0.533804670934998 -0.142548036766526 -0.0105272458723053
-0.227335942354878 0.347973929185316 -0.112172972538121 -0.253697550051478
-0.202641648808711 0.263283140525566 0.154177501326501 -0.32632652402427
-0.395333675569576 0.297851137269754 0.432025037524836 -0.253391970502515
-0.585729203930704 0.262645067577268 0.519139745663142 -0.181854844400088
-0.413729098273069 0.0397101922092495 0.336321219899413 0.170389281075167
-0.340465946711428 0.0412902385628896 0.08426111245855 -0.0996252174039356
-0.319138894243335 -0.00132244144817082 -0.229009904111047 -0.00886175159646541
-0.413078829604746 0.157466882822892 -0.329741986372118 0.221522286811633
-0.288889115759562 0.401464063004427 -0.19246450629755 0.480745593813908
-0.0731622914103117 0.485126780619757 0.0521762048240186 0.582769092486092
0.0926419170077646 0.47877484862637 0.204306884990195 0.508622454164586
0.129554384501196 0.462102719578055 0.209645180204086 0.387858820390301
0.101627523354841 0.421378452490637 0.125067897245364 0.313859285711546
-0.00601076253956953 0.39161757012644 -0.0208375594594925 0.207289886740609
-0.145678530740853 0.299954873931647 -0.170620862591847 0.03655093990743
-0.146409844174215 0.120582218440193 -0.109706535994703 -0.285944397028334
-0.0237801445831071 0.144063607530559 0.224139890170794 -0.341971451430709
-0.213104512900628 0.276887072269975 0.501453938614581 -0.21454092687022
-0.427725349106203 0.252817148144159 0.649949000418615 -0.18660214917036
-0.192273465740138 0.0776422300257242 0.472880841921167 0.186549431936421
-0.107073759955723 0.0389464302322093 0.221767113545069 -0.0351708267127719
-0.125645294829732 -0.0354897732833893 -0.104806584094189 -0.0218731964347768
-0.22859669321108 0.053106293313183 -0.328295887503582 0.185697231103018
-0.154000012247986 0.213805023240187 -0.222555478912779 0.551328277646905
-0.0371788671999507 0.26303316774363 0.06367022525782 0.70425400968132
0.0446278273046494 0.274017838499109 0.239157496050743 0.648195276130565
0.0487392377171727 0.26984718068496 0.240294310095746 0.51859096871274
0.0142044900739438 0.241841110656626 0.123842130750156 0.42806898512479
-0.0679155626089302 0.1886235380155 -0.0579275266876951 0.257930611223589
-0.126687888556498 0.0774747564550484 -0.196444894897411 0.00819839737784465
-0.048382468649388 -0.0423386076062557 -0.0523155739162265 -0.32603485970831
0.0962947259219664 0.0567632388456211 0.306813312164949 -0.295507876333448
-0.0606660324359836 0.215727941981634 0.516565349756217 -0.114061941022286
-0.227574501471355 0.190563593908382 0.706351771590579 -0.16471248686394
-0.0234592184952213 -0.0682816491895888 -0.680754768573318 0.166827549660858
-0.0975302544679931 -0.0615974073558456 -0.49265400779964 0.0686597441424044
-0.103271236117827 0.0444090615625062 -0.437123300083852 0.224392580651897
-0.00165293394511717 0.108357997548945 -0.0363887661191939 0.424958897791986
0.0614252723529428 0.0625091033056651 0.26600868734524 0.0951342439142592
0.0724923610209763 0.0188405098692225 0.177772011094579 -0.289821172474549
0.0595308868692419 -0.032293994749171 -0.0832353939265145 -0.503688109634593
0.0341199006563383 -0.0357639694084322 -0.263360117383085 -0.601166349837058
0.0270284958423601 -0.0441476434664934 -0.329003952282504 -0.695481800033523
0.0535734356114699 -0.0146635618452929 -0.194582904962476 -0.740774309961383
0.0702615865748096 0.0398689450576148 0.0602652980109121 -0.650455102627864
0.0431714505386514 0.11454485213277 0.234148539798431 -0.316142288882917
-0.124349798829505 0.112553833923713 0.0945198817491547 -0.0556751928612957
-0.183344264250034 -0.0437141714484393 -0.184257910983878 -0.0553046223628943
-0.0832634343783919 -0.0939996133349103 -0.513861204985345 -0.191863153298887
-0.250418726539099 -0.0117269989349758 -0.657079578753411 0.149341793753811
-0.252816696822718 0.0616749016771795 -0.467751475554546 -0.0323508332431599
-0.150493887343171 0.150844940397807 -0.495983118367585 0.124665157189013
-0.0405028309192485 0.186650858858526 -0.135702320896683 0.411548056517612
0.0103581229202207 0.187717429071908 0.23183886495921 0.164099894342903
0.0638745703816412 0.19423939287867 0.219104322452453 -0.224087133640368
0.118090531219215 0.179418536283545 -0.0319291388322055 -0.470177229729808
0.134984836752333 0.215063078634978 -0.225080558995139 -0.56409697876065
0.132039244089041 0.221305860081533 -0.322725235192576 -0.629805804670206
0.110978127017941 0.291317254258742 -0.25133371102657 -0.670982755729646
-0.00328242698266916 0.351899549493186 -0.0400560252407038 -0.616256357499384
-0.155437019607539 0.34466052200831 0.161025475532809 -0.341895254624274
-0.367308669418063 0.22009970449803 0.0891316320004031 -0.0855840392187947
-0.469868185916277 0.00518092185451267 -0.128470910071394 -0.0611586293619568
-0.37506650388942 -0.0617853461070034 -0.401966094777832 -0.171725761265708
-0.467324889349439 0.0178292501250627 -0.548021424106108 0.11691187620634
-0.434031655969256 0.158511998261083 -0.441201947689498 -0.143227535093283
-0.23866018157598 0.23907310913012 -0.557432306923805 0.0618788755145936
-0.114736308191171 0.260606202906037 -0.20968992297784 0.412695629226987
-0.0680628681865069 0.311016547201139 0.19160615967006 0.221928647055428
0.0304552243546569 0.36715859077884 0.23353546972788 -0.13033634553935
0.150248572098519 0.377821722882227 0.0243250326094168 -0.362749906136511
0.214577447459643 0.430738137488508 -0.146819814237254 -0.440743146042817
0.231074398097801 0.436998324157634 -0.260707224452907 -0.480044331209179
0.193865166983016 0.532346015816303 -0.255089615026201 -0.510503279761263
-0.00673793477638028 0.612445100526487 -0.121568895652992 -0.493689781495973
-0.251004287010255 0.556720718195411 0.0660312720069542 -0.338061053200159
-0.499787943227481 0.359510601851179 0.0900380584054459 -0.140239349823105
-0.651816858458578 0.116730732605782 -0.000284294232458999 -0.093519804321941
-0.592990372329958 0.0291352336158052 -0.193109520521976 -0.153316551094861
-0.620008057666229 0.0256887727731738 -0.352139094531149 0.094944883078052
-0.576347965760936 0.194064745381043 -0.381679834763699 -0.235683693822107
-0.35065344508673 0.259275360643655 -0.594269207101674 0.0310243115928254
-0.248782510987788 0.309782887006347 -0.26281803433076 0.417700921328598
-0.181829488255693 0.434082657872441 0.134206514531168 0.281405260775395
-0.0181262800680153 0.527058871150748 0.21537151824002 0.00525276186027688
0.164481687920861 0.537160637915464 0.0803435554091797 -0.18592167925672
0.260425615923958 0.577001351544658 -0.0432571269383279 -0.251102023422152
0.293046603012375 0.57057151663869 -0.150317149982529 -0.278785794861722
0.247280062696677 0.66145860536764 -0.195010972701575 -0.29841509039242
0.00910424243396218 0.748458190778705 -0.152026841396848 -0.315726928315579
-0.265034506213405 0.657396822808324 -0.022642021486437 -0.300654731120016
-0.495487970608208 0.443825712741362 0.0925607278664264 -0.21335851941835
-0.687275501446653 0.241854127166086 0.162283176351147 -0.166353556804331
-0.700797719801201 0.148583768207566 0.0659296536252703 -0.158607261951746
-0.663221098986415 0.0256732224360773 -0.106977889315045 0.0968813368309411
-0.61527162345655 0.164959933497306 -0.270194219927571 -0.257721602568937
-0.434210592557688 0.194948667179358 -0.549900581840934 0.027415895220958
-0.404499543433282 0.309764521976119 -0.296838909495034 0.392819815478301
-0.294026064615562 0.523750340360511 0.0393360427928001 0.348406308215945
-0.0581063800293052 0.631784610029445 0.168573127359992 0.189350114382801
0.16368411987113 0.623217230554209 0.134509895344716 0.0458325949318306
0.267865510219708 0.635892817520162 0.0672905842809582 -0.0262083626931455
0.289651045283979 0.608805917485808 -0.0206548662632989 -0.060252174113913
0.224680596592334 0.672807868121699 -0.100783841851313 -0.0855832227398726
-0.0166293257982752 0.725017101904188 -0.147776632114118 -0.133044332959716
-0.250693028734487 0.583035394428252 -0.0925511542705698 -0.260547041287772
-0.37617240174019 0.407723859055035 0.106642827990906 -0.289408637302259
-0.578068808876538 0.319029876222985 0.315015331568539 -0.249140811563253
-0.690028479966409 0.253342227552956 0.320403573008648 -0.1855470137027
-0.592887529658209 0.0341374207804283 0.142550472216531 0.12642834248012
-0.53124019389101 0.104605622742724 -0.103046953784988 -0.198226910556479
-0.437903115963219 0.089614801303361 -0.41154224508098 0.0215483949133439
-0.486052132853776 0.263179112927698 -0.316234010210202 0.323614108239836
-0.340224475676251 0.531747642303756 -0.0815504066867219 0.425883362906785
-0.0696771695270992 0.633321989084862 0.11359301559398 0.404087195219151
0.151881374255319 0.610215222397907 0.187165740924148 0.29630391301983
0.228842895896072 0.599248170610021 0.164606766075275 0.198615703435556
0.227568596986775 0.557301656505023 0.0869721065767121 0.146945325678459
0.127380286677748 0.576751143183172 -0.0267053452521225 0.0944579606500734
-0.0846842704200961 0.558178414056594 -0.149525378103566 -0.00132447229708664
-0.21727753651612 0.370265782961468 -0.13304149635792 -0.252409266205178
-0.194959046197463 0.280190212786402 0.144422720588178 -0.349053090786117
-0.391745731146611 0.334894685528192 0.435892243828864 -0.287888190864711
-0.588656841608619 0.302090998097969 0.52493785532251 -0.215758134465918
-0.424574857994339 0.0588341240026616 0.355454968754858 0.162726052641555
-0.350120838431674 0.0606487910008148 0.0836152962901953 -0.10591507978415
-0.331978056182758 0.00905888118128743 -0.240051876429636 0.0035536465131234
-0.424041621079508 0.182824320078677 -0.330742769752445 0.246493540198613
-0.280971623922305 0.430970359621341 -0.178883627259983 0.509830272752534
-0.0493617661018068 0.507155114223028 0.0879768915866093 0.600660185979723
0.121164365531362 0.490238842798558 0.238249432396015 0.515281842413592
0.158617052804643 0.473289870846749 0.235582353380176 0.392627791659574
0.128241947207052 0.429760142276324 0.144000771286047 0.318989354311749
0.0131500509187669 0.403790775292207 -0.011830320990724 0.216146963332693
-0.135878173525299 0.316916289327139 -0.176978059582243 0.047625700424349
-0.145772023523132 0.128901237134975 -0.1312477743928 -0.287200680513241
-0.0138389556217699 0.146638507378332 0.218907375134684 -0.366791546720237
-0.204275831572343 0.304395870582005 0.5102523017541 -0.250889483925535
-0.42768530245976 0.284427835784561 0.658725492570947 -0.22723749123719
-0.192841613937753 0.0895136489461594 0.496289945769542 0.172569460320295
-0.108521874249588 0.0448683258091098 0.227659858471488 -0.0454739262949295
-0.133394336151513 -0.0337718352534185 -0.110879811817384 -0.017843951930238
-0.238093631700419 0.0669033032860799 -0.33403959146099 0.210878347454022
-0.148579601656993 0.229323643738168 -0.204568641284766 0.584044858225901
-0.0243143504324386 0.275142239101158 0.104122798861412 0.726737450168694
0.0596141101510376 0.28214377390948 0.282665482002469 0.657402956306448
0.0649341290996491 0.276877745690413 0.274303436620519 0.527994321979024
0.0261428944206296 0.247898943448123 0.148737877798521 0.438465171509545
-0.0615374455365189 0.196988312918516 -0.0476443597992581 0.269315116855074
-0.128197919987586 0.0857007623145322 -0.205260314656636 0.0179879358394947
-0.051974171488211 -0.0438314528764033 -0.0730909705042044 -0.332085620962396
0.104550332335149 0.0516968297813531 0.303649392043603 -0.319794533008647
-0.0497857314868887 0.229345127045532 0.529788413235393 -0.145929432541861
-0.226208520876957 0.208829557537165 0.717999994706719 -0.207813842043734
-0.0281791025817119 -0.0678846456365231 -0.679362303862946 0.220733944770242
-0.103156012740678 -0.055543363905723 -0.491188253053461 0.105114371425155
-0.102133116235574 0.0526691101509769 -0.428344013363747 0.257853727522364
0.00797025241973376 0.110590010695839 -0.00405352857972778 0.434468658855822
0.0680659095539197 0.0591579143094972 0.27908062904664 0.0794104123935632
0.0752692479864521 0.012173947692251 0.160689982978842 -0.307236567747279
0.0573836652290372 -0.0387686000115362 -0.120886854757097 -0.505626701624665
0.0321933331550969 -0.0388480026991486 -0.312982712221386 -0.592733429804082
0.023163109581487 -0.0454430916858631 -0.388510087409537 -0.681164576864799
0.0521658457165663 -0.0189770006092473 -0.256031146101141 -0.737473157283511
0.0766344115022375 0.034052971836254 0.0121124750213842 -0.668260950979806
0.0536706749638916 0.114068368821672 0.216436664184453 -0.33741110572037
-0.11990666910206 0.125451792703978 0.0918260451915049 -0.0655271346429079
-0.189591127427855 -0.0308236798646123 -0.191832924090869 -0.0448397191827887
-0.0880736865731957 -0.0913425532530885 -0.530983509612122 -0.156291995969851
-0.255425286586069 0.00511004123382809 -0.657565875490221 0.199322123467511
-0.250571563990652 0.082959607564194 -0.473105679293887 -0.00104208405446552
-0.141234784329419 0.162723291160332 -0.498242907009241 0.163093047591321
-0.0250859284648322 0.191081058400996 -0.10727898593977 0.430269834332709
0.0254584298835795 0.188231463848641 0.247817591707061 0.153988723516823
0.0798801961869319 0.190210072307625 0.208862830322467 -0.244119791632173
0.132866980963793 0.171740026457419 -0.0654815151800783 -0.475354920104191
0.153461914387218 0.208396424018814 -0.269071668864702 -0.557852700087567
0.149943632909056 0.216378647407446 -0.37705575705523 -0.614290368442052
0.134345077247659 0.287404545153902 -0.307335448612488 -0.661294441614649
0.025136497163624 0.35782432029971 -0.0877664643382098 -0.6239963475307
-0.131184036157191 0.362704085304708 0.139441671407907 -0.358507307853508
-0.358629216032605 0.250225704194748 0.084176094767646 -0.0959005439465015
-0.476789913382388 0.0406227915854143 -0.135887295875435 -0.0546128758988149
-0.381212852957374 -0.0374843713740172 -0.417524183465594 -0.143794052843713
-0.474688307469923 0.049972363056584 -0.547177376742088 0.160891583611006
-0.429168085100273 0.195319529878009 -0.453801750605862 -0.115179438028997
-0.225730619282264 0.257619825278445 -0.563676223072888 0.105021125314026
-0.0945512491426914 0.270844768107464 -0.18280620043411 0.434085021413827
-0.0454568797831542 0.318950976946372 0.211678310034259 0.2162107752929
0.0583866530252996 0.368334247338875 0.232102501421178 -0.149925304236805
0.181822917146616 0.371643050885851 -0.000938981051076937 -0.371185554472764
0.249925984151682 0.422128850815107 -0.180686776514229 -0.438877359714337
0.266993373706729 0.427826449687961 -0.301007475271012 -0.46682354298989
0.236716296623016 0.522829745949171 -0.298976966390774 -0.496021670084064
0.0411907157433297 0.623600084320085 -0.160174180163163 -0.491786463841435
-0.21533569163479 0.585918186699295 0.0425417954491512 -0.345697110459772
-0.483221546572909 0.402326842505212 0.0813835659089505 -0.153318375678579
-0.658237520685006 0.172193009678205 -0.00583702848335458 -0.0985448347340635
-0.595530506793651 0.07279936471254 -0.205557847886456 -0.140433266965431
-0.628308813237252 0.0666620245837824 -0.350339362790607 0.122721036144047
-0.571998152756956 0.243254688192374 -0.401418330395083 -0.214666416320396
-0.338156692302504 0.285893448168681 -0.605560320422476 0.078700105780247
-0.228425964697956 0.330512617135509 -0.234300608176451 0.4455312316721
-0.152150581021336 0.452657909887967 0.157253279409688 0.280813185654135
0.0216140338117733 0.534510709513338 0.225399705240811 -0.0109311457739307
0.205973755758237 0.53240437628028 0.0681508968452549 -0.195803954660127
0.308850109584455 0.567462283181163 -0.0616660996352666 -0.252917541901155
0.338561451323167 0.558235771635897 -0.173716453869819 -0.270261875558401
0.301024655306871 0.653307560842486 -0.22037349324986 -0.286143676334178
0.0681098582395352 0.762009814337418 -0.179003620403237 -0.306513572740958
-0.221881783073812 0.68782974618621 -0.0461672193541596 -0.299745464297154
-0.472874643249606 0.485885361779073 0.0794727571975264 -0.227643005500349
-0.679791001419799 0.302292329201711 0.153339137209141 -0.184343603915136
-0.695034952309111 0.201160090966866 0.0557027735760047 -0.165141106502234
-0.673732064987342 0.0696439647173462 -0.100625813333246 0.107021909597151
-0.614084432240056 0.217130932632304 -0.290199905302357 -0.24522325030215
-0.428931396049645 0.226112090888103 -0.563247038039249 0.0720429574382498
-0.388610698288229 0.343333816498763 -0.270209356384868 0.423514289221667
-0.26190490014412 0.552745954250439 0.0650457185285511 0.355378896516454
-0.0102328909560905 0.644997716390004 0.192535284637928 0.180141165623103
0.214353169401747 0.620842734093703 0.140310587101957 0.0351552391124449
0.319279398163469 0.62842357838549 0.0665738738104676 -0.0318786333709906
0.339653731547396 0.59796072798674 -0.02591893133605 -0.0577522075253217
0.277992092070441 0.666365780058434 -0.107304404009781 -0.0771043271969752
0.0385007729899898 0.739858082318619 -0.161439176151679 -0.121503666725139
-0.210869462024798 0.609782941970942 -0.114968789077439 -0.252836716576879
-0.352828600608825 0.438896636255638 0.0873718742086882 -0.306175384980724
-0.56214459629481 0.373047530924662 0.304143167717406 -0.280331588808154
-0.677412549702535 0.306763347899065 0.311467272948163 -0.211929755468888
-0.598833599288981 0.0730079420649763 0.155124878601144 0.119914961074064
-0.53366227646731 0.147418272474206 -0.116504673803725 -0.195267844304948
-0.441278419266011 0.11894390263277 -0.420792257566247 0.0548549626696842
-0.476309131170594 0.301767314814908 -0.296175132427105 0.352775742497294
-0.307828136893645 0.565423054009593 -0.0531700836885141 0.44322214719287
-0.0240130473187925 0.647713101811572 0.152408140567185 0.401772825330539
0.199262538767099 0.610116740761322 0.212645966128191 0.28517868148579
0.278345633685653 0.592628261940242 0.181950921462009 0.19067035415934
0.272703283881454 0.548048012684103 0.0982529469029184 0.144198886060919
0.173306280012344 0.575519807021557 -0.0199083037557572 0.0994839158267388
-0.0428803037944399 0.574003829618756 -0.153776579769303 0.0119731141538735
-0.194713222889626 0.38965507730128 -0.156785160087478 -0.241773889428573
-0.175404520403413 0.294075496811493 0.123198257014648 -0.368667381534167
-0.369800888860503 0.37523933737167 0.423116761969112 -0.328602835419688
-0.570357135017763 0.348493789296518 0.515643931153496 -0.258599755191272
-0.42589855779786 0.0881052619558985 0.373507926657028 0.142896046878573
-0.351655614453121 0.0874468558115893 0.0788831609147927 -0.113305199953716
-0.339179599756127 0.0292859598136857 -0.246899743018073 0.022888712391958
-0.420752289762709 0.217446225187882 -0.319545332337912 0.275699879395878
-0.254330184699135 0.457512788341174 -0.147473828183084 0.53568027546771
-0.0110775828157105 0.519402689779041 0.138380953963215 0.604049252584511
0.159427789072867 0.491567991273064 0.279493901772109 0.505485863979597
0.198231180090441 0.470886719882632 0.269012591985617 0.384165075575858
0.160623377378057 0.427130645189542 0.169630777848366 0.315581630611322
0.042509156907804 0.407526044809066 0.00328305733413003 0.220935835420749
-0.113090525785678 0.331490327164341 -0.177980713812163 0.0625226286962685
-0.138427539546294 0.139127194479152 -0.157772780156463 -0.278038623438116
-0.00152482569528323 0.146962726063007 0.198624337395809 -0.390618789549325
-0.181337621950676 0.329705937027936 0.500800412050368 -0.294492851385945
-0.41071477467675 0.320010488873781 0.647527865090032 -0.279049506770431
-0.188878816018489 0.103272371494915 0.516174397741715 0.144458237862774
-0.106668302047622 0.0535428709632888 0.229164433886053 -0.0606540321978237
-0.140222233178057 -0.0272724272055984 -0.116203539074045 -0.0100385119913905
-0.239942686556262 0.0868568615329645 -0.326247784757859 0.23990720416802
-0.135295939953519 0.244214706413987 -0.167519305594155 0.612162229423645
-0.00375261455405868 0.282438970996882 0.164189652601764 0.731379729708111
0.0815941740273562 0.284195589034324 0.336023844548734 0.646293296903456
0.0876798596686679 0.278622130188696 0.317570430990465 0.519985656848538
0.0446887495006878 0.248667755142375 0.182316092885764 0.436681936129826
-0.0489509140393891 0.203320372066391 -0.0309120582505137 0.277087330425488
-0.124403140183378 0.0958166939676524 -0.208748200259929 0.0328498215850481
-0.0560094021488252 -0.0433300775231383 -0.10073800581953 -0.330290873238291
0.111463759939449 0.0421413758692187 0.291157267109587 -0.347635114798185
-0.0308543240092074 0.241522419446445 0.528750341978285 -0.189261740459864
-0.214364234036029 0.230240646551822 0.708713133269967 -0.264724291037262
-0.0326678717868207 -0.0651396050091923 -0.656473282723679 0.269299912476982
-0.106079094637878 -0.0469973470342131 -0.475343488337533 0.136813544467629
-0.0984449622731749 0.0601225686976268 -0.406704612202294 0.286280589163847
0.0169209534627389 0.109280263375922 0.0272438007253375 0.428666716655428
0.0719121213041053 0.0530968696839919 0.284381982153339 0.0594941996151586
0.0751899153736061 0.00560324550420514 0.137543764629171 -0.317136346117935
0.052100340716548 -0.0434115279521852 -0.15682327254368 -0.49166943541413
0.0284491388748987 -0.0410025738775567 -0.354411878960623 -0.568160075631027
0.0193149231258237 -0.04500553923002 -0.438725196503674 -0.643786410120664
0.0505570535149901 -0.0216533506521275 -0.310912608414543 -0.711793867209996
0.0798947689938367 0.0272986553320101 -0.0381394856006594 -0.664812958997829
0.0635850846762866 0.109225211530965 0.191975514392313 -0.350571911876047
-0.10995999183179 0.13510401800319 0.0859216018743977 -0.0738532779464109
-0.190100316306868 -0.0161902174623163 -0.194679746740561 -0.0314816567636503
-0.0906203064855013 -0.0864478242535427 -0.53233224198329 -0.116299450442048
-0.252332279535679 0.0223211410910545 -0.635492966262457 0.246418714153159
-0.240980602741603 0.102626459309127 -0.464970681862954 0.0316045978192356
-0.128742333914655 0.170497843747066 -0.483387683035288 0.197544153184454
-0.00790175117876312 0.189774345603284 -0.073122628003342 0.432845236325181
0.040153383915016 0.18305630001545 0.258133823432085 0.13772066073159
0.0931109934032037 0.180437384999689 0.191577425689427 -0.258411472767497
0.143739563259856 0.159354733963006 -0.100295059333648 -0.465722771825422
0.168128365127415 0.195234032925663 -0.307849759323604 -0.535752787673497
0.164200327241295 0.205061951683226 -0.421228606608514 -0.579340986507177
0.154625532497143 0.274262510789099 -0.355668705399086 -0.630639850555956
0.0532660316697636 0.352987028256153 -0.134009923244496 -0.612521584595185
-0.101779989459552 0.368902602271579 0.113778790265204 -0.363889688082696
-0.33899298597667 0.276231111553959 0.0761734982224416 -0.104045554092019
-0.471125215289372 0.0781106674600636 -0.139076173694137 -0.0450634959669994
-0.376172469550351 -0.0121206586985466 -0.419492723537974 -0.111623214166752
-0.468137127143447 0.0817103077065585 -0.528522236886759 0.200736457436882
-0.410161426144536 0.229526910644711 -0.453890224123948 -0.0838616024678159
-0.205025603362118 0.269493696957794 -0.553008068676905 0.147428696242576
-0.0711818997770836 0.273130508089453 -0.145675449286919 0.445732608734519
-0.0196929121859143 0.317350121864449 0.226631158129077 0.203163149987439
0.0854260450415263 0.358193467543907 0.223355170012899 -0.166934019528324
0.205808921468123 0.354165163726596 -0.0285259373803851 -0.367604591611574
0.281497309179131 0.400597059097091 -0.211127725265693 -0.42213189107381
0.296444672848503 0.405432108923338 -0.333872920843311 -0.438486967387019
0.275696408951423 0.501259004485732 -0.33308274573336 -0.466399504465083
0.0909687868775319 0.616398360386717 -0.197731913357987 -0.474342904881161
-0.167120191473586 0.598687043448031 0.0173242380309555 -0.343262970890505
-0.452224884416603 0.43477014185829 0.0692791468812897 -0.161162226832903
-0.639107729119148 0.224167877614564 -0.0128569019175101 -0.0991425134277447
-0.580157393563852 0.111977106426157 -0.210823388588703 -0.123377926180074
-0.620948187433303 0.110011728146811 -0.337038704794102 0.148173439721325
-0.548258285527569 0.288759292165151 -0.410453686041623 -0.187696703904026
-0.316212369369723 0.305785105163611 -0.597464130761908 0.126264905328841
-0.200673824362794 0.342305044918973 -0.198368535237392 0.459032321965495
-0.117027975033489 0.459267797802047 0.177615255740597 0.27153115127903
0.0626807387196819 0.525727846914629 0.228384665463954 -0.0289128984133602
0.243279195945598 0.511515202401056 0.0528705177616404 -0.200457725105158
0.34989379453119 0.539984600966413 -0.0799560967847895 -0.24745703516576
0.377896031364899 0.526841154666424 -0.192940773924561 -0.253217816160331
0.348215329704461 0.624004662030908 -0.238504787262987 -0.264716274212007
0.127718723729385 0.752608379713092 -0.201945422314962 -0.288226150108583
-0.167752078274321 0.698343020360218 -0.0677118982691191 -0.289968664661059
-0.432600097126965 0.516685453834575 0.0614060243772038 -0.235729341099469
-0.649809634478059 0.355967547301661 0.13915884073489 -0.197333085865046
-0.667757815801237 0.247850678173835 0.044490117617206 -0.167209160570079
-0.664337295893736 0.115095161343086 -0.0903225938208146 0.113448281550013
-0.592104155815119 0.26396484767184 -0.30272160401462 -0.22625521946647
-0.411786291763651 0.252386713167146 -0.556171668489704 0.116495632445682
-0.361614543248017 0.367646688674336 -0.235170081205454 0.440500570450498
-0.218691019058908 0.567502459294001 0.090931085289212 0.353114617493576
0.0390117175315385 0.638911902035525 0.210943729713283 0.162473268739378
0.257470300480893 0.599747175783894 0.141519661205409 0.0228049422730694
0.365737353913325 0.597873894111295 0.0641858703854348 -0.0370936823686549
0.380767440076415 0.566342442273379 -0.0297675744155717 -0.0536696401709476
0.324551736587993 0.637647969848201 -0.110760257853721 -0.0660914708605723
0.0957723617716184 0.729927100108752 -0.170024679845542 -0.105279202117485
-0.165064034960475 0.620978897795819 -0.133660242028336 -0.236807202211841
-0.318027635267167 0.460890138672301 0.0646337758230478 -0.314786896928795
-0.526350167326553 0.417056670627479 0.280788641582468 -0.303917609018951
-0.641650449677595 0.350188968822828 0.292173641409185 -0.232910020221018
-0.589815966790853 0.113260348768077 0.164133145447149 0.108554497882969
-0.517265937517774 0.188262845684241 -0.127875525478667 -0.188605977368053
-0.43213414624012 0.146713251985617 -0.416948760649593 0.0899054098537316
-0.454193715013097 0.334359690616882 -0.266428568010793 0.375080177404957
-0.264027150295594 0.583864701060411 -0.0217527346962353 0.448423324380257
0.0258751824662376 0.644131750789137 0.187493445317913 0.38450512855411
0.243777672326581 0.589321729042098 0.231152538405478 0.264388191997538
0.323104601350373 0.567126116717846 0.194373052941565 0.176021180306878
0.308724630437616 0.523924975744895 0.108116567729548 0.137130641195581
0.213171925363711 0.556026740284275 -0.0113349983367994 0.100534290582321
0.00270981328488393 0.573123499913451 -0.152972785917851 0.0262455512417138
-0.164056820425312 0.398574217372723 -0.174352162441904 -0.223225039874267
-0.151363772970098 0.302122338877698 0.0957446195291087 -0.379235441170484
-0.333981473820451 0.404419742456752 0.394207332729704 -0.360018287815288
-0.535707131082968 0.386053684553941 0.488604429382733 -0.294044683715679
-0.416054628922852 0.116816979762017 0.380984999007242 0.116321744255183
-0.341280530302911 0.114222819741934 0.0713015201073605 -0.11916864580187
-0.337102662677615 0.0506383838742236 -0.245908938771138 0.0438539968028783
-0.404361292984711 0.248527186384872 -0.296129554774491 0.298176957801564
-0.220334615254547 0.475221729344738 -0.107851002944251 0.546620416347871
0.0288991454007269 0.516057826045678 0.188777948165885 0.587467915504201
0.194185180177188 0.475675440982474 0.316622336805565 0.47757121343655
0.233535309857821 0.453336018706762 0.295098935246123 0.362371932882999
0.190690340427597 0.410552675779931 0.190856352945153 0.302050649278828
0.0718653448181694 0.401032189357821 0.0196093704291984 0.218602560380655
-0.0867899983922658 0.336787088602226 -0.173525623215178 0.0761506676095741
-0.127869806833607 0.14499327215748 -0.179340419649206 -0.260423583500936
0.0108483622461562 0.142045312679874 0.169156438106231 -0.405678053152369
-0.149480025901443 0.343941495976895 0.473328685369208 -0.330294781356662
-0.380644114045969 0.347108045932747 0.618338559800633 -0.324155102862588
-0.178784507268608 0.115297345851856 0.521206342385616 0.111078132277917
-0.101594293011041 0.0610349701707627 0.223374723158435 -0.0758228366430921
-0.143099319643789 -0.0184447289190594 -0.117411884054923 -0.00113837941242321
-0.234774561193674 0.10539238689576 -0.30849853943377 0.263018262453384
-0.11725329936547 0.252619077103408 -0.121387274640985 0.62602777921216
0.0183928413634315 0.280134977132648 0.221085089257773 0.710081282363977
0.103631664863571 0.2773764080695 0.381208019927723 0.614725012446519
0.109805723887877 0.269017018380053 0.354688951281191 0.495205578503639
0.0622249243848643 0.243404565907524 0.213640712237867 0.420559564868041
-0.0354170026100099 0.204072014130635 -0.0110463616876743 0.276105875794831
-0.116419779944218 0.103814767302656 -0.207107523037027 0.0484658933647786
-0.0598625759565718 -0.0405328151963459 -0.125816298723141 -0.318177096269443
0.11485007669618 0.0312496164819688 0.265271694534953 -0.370314109514462
-0.00894533547206197 0.244583629353912 0.509864719222399 -0.225587906652822
-0.19489271938338 0.244498835727411 0.679692783229956 -0.313332595204828
-0.0352451795760849 -0.0618535562738059 -0.62376006524018 0.299194488364603
-0.105683037280509 -0.0395570106501582 -0.450815378934225 0.157299666925631
-0.0933052160686526 0.0644879720915199 -0.382107075381543 0.301413397089085
0.0238006575782543 0.104927077103861 0.0506354179304666 0.416461001326811
0.0738614257810491 0.0471663408060883 0.281989724794484 0.0437180167584581
0.0726286374114507 0.000492749734057269 0.117070832773457 -0.317155852519083
0.0470030809515899 -0.0448649718742067 -0.17804821737661 -0.46969000805207
0.02515730777046 -0.0416466394135731 -0.378238131313459 -0.537013434997762
0.0151234173407582 -0.0429561470437227 -0.464337998290536 -0.600214403136959
0.0473739578723806 -0.0234905454352091 -0.344535193422606 -0.674072476940549
0.0805691594214235 0.0213254067471433 -0.0766130883257302 -0.647470633774184
0.0705782664000672 0.103297607404788 0.169719451752221 -0.353362582423911
-0.100570140400778 0.139947234971541 0.0791466432256324 -0.0779728274129592
-0.185950425265302 -0.00516222800350166 -0.192204584551286 -0.0205858187037033
-0.0910410792047065 -0.0823752777097013 -0.519117207840438 -0.0847807993374211
-0.245717890926616 0.0347593448825591 -0.603812899099065 0.278170744083222
-0.227295900531716 0.115353712418104 -0.447573212289307 0.0538588139954514
-0.116671132741255 0.172314260612602 -0.460782769870983 0.220172872624067
0.00449329288451818 0.182671272852403 -0.0475077450084907 0.425305495323401
0.0502540323454775 0.174816452627785 0.261650420000684 0.124391276691824
0.10050071536332 0.169342680054117 0.173615480404826 -0.262594366714902
0.147918722533088 0.147387133435129 -0.122798604833621 -0.447893358415165
0.176092892493792 0.180608781989016 -0.331873216023874 -0.507583916538643
0.17106421882934 0.192020191148568 -0.443102023296677 -0.538739508102667
0.165731631638556 0.258550856047266 -0.38174699363953 -0.592380554464665
0.0747170417880544 0.341110648244064 -0.167083008832907 -0.588616880362133
-0.077456571317213 0.365729718336528 0.0929620576910604 -0.36070527062512
-0.316348385535361 0.290189090679399 0.0679847669493134 -0.108426077962385
-0.453835352505687 0.104599599529333 -0.137708737422573 -0.0372171987700358
-0.364570404538161 0.00591633509292153 -0.409261387161283 -0.0850548801852174
-0.453406826762253 0.104188688995337 -0.502826180948934 0.225422358150905
-0.384832203939515 0.248865833956068 -0.443199119375809 -0.0613247170516594
-0.185756542353687 0.273757270789157 -0.533444894973377 0.177658109353855
-0.0515158661249046 0.267573565441606 -0.11813099805459 0.442220485924181
0.000243892845645344 0.308434235737856 0.234422829722433 0.190230080217619
0.104692068967726 0.342991991129631 0.211855256306018 -0.176186540272663
0.220255936499135 0.332740218266497 -0.0481566088391626 -0.356551198650777
0.298445987875012 0.373865833994213 -0.231017878054447 -0.402469907197755
0.311516545021467 0.380269201121913 -0.350818469144821 -0.407089022613601
0.296405142579293 0.47236221425328 -0.351078924559251 -0.431988814398252
0.126729402197413 0.596058981128948 -0.221516818659109 -0.449909505072069
-0.127380810318469 0.592834820815862 -0.000703239095988331 -0.333146663638419
-0.418097743354607 0.450608862980992 0.0577170925343858 -0.164206433694002
-0.609080210052955 0.256496672679861 -0.0179471574089198 -0.0974401545425459
-0.555848381445112 0.136619153321019 -0.208112614240084 -0.108427640144089
-0.600737180702734 0.141200131116783 -0.318216561520278 0.162747140397449
-0.514818423768481 0.315862383772165 -0.40713797823782 -0.164233134978423
-0.292159500088689 0.314553425031363 -0.577863707532096 0.161756198626436
-0.174725084243417 0.342568246726302 -0.1657522548552 0.458913685488316
-0.0854274908707953 0.451961809433178 0.190992697558301 0.259649034377363
0.0911567549914553 0.506221576478734 0.226142719539898 -0.0438291641525272
0.267110888789651 0.484276032661171 0.0403942102597202 -0.197984140582198
0.375786804503303 0.507517915407458 -0.0922972073821791 -0.23829841474698
0.397457556975176 0.494429117167861 -0.201487691577839 -0.234746706540748
0.374582325712045 0.58626267628561 -0.245984766428259 -0.241248293984701
0.170486089618431 0.726401964906799 -0.213787297522741 -0.266773983419851
-0.122863460068278 0.692176949323835 -0.082141178282161 -0.275190584279151
-0.393965408432793 0.52776205774438 0.0461879628202945 -0.237311843140146
-0.611313160480553 0.389366679202026 0.125341741194617 -0.203335955847074
-0.632614057737476 0.274785847243864 0.0364964553946343 -0.165668169398113
-0.643092949366611 0.146856148738835 -0.0791139029190632 0.115255826241315
-0.560387782583124 0.294759456614 -0.30643886135057 -0.20947290859016
-0.389879213015325 0.266921349637315 -0.538088310509982 0.149906033671868
-0.331269827094882 0.377164636867541 -0.202277317368205 0.44240409897709
-0.180643274806293 0.565616559759456 0.111410587453001 0.343943998168543
0.0739971185881143 0.618548171918903 0.220802891826812 0.1429680904408
0.28604362661644 0.569936003250694 0.138650318713233 0.0128662639831568
0.39323461468588 0.563712307144532 0.0603628430832849 -0.0395488990164736
0.403202512643853 0.531229099855515 -0.0313808604257917 -0.0501478659603943
0.352593545167484 0.601603317165583 -0.110542575560296 -0.0571183244430485
0.138196877662665 0.708443923699282 -0.172011894122364 -0.0895237418426146
-0.124752473650488 0.611944422652284 -0.143302477006297 -0.218956572903304
-0.282928663474768 0.464759406759634 0.0432837329737104 -0.315909166300871
-0.484148985563969 0.44314320652652 0.256999801320206 -0.31515617253542
-0.600992848036628 0.374371520395705 0.272209324721971 -0.243840460694854
-0.569813463570119 0.140494089773774 0.167540968292325 0.0974056232773863
-0.49214374369913 0.213901664008229 -0.134635272158424 -0.180050152628841
-0.416410852786987 0.164572102725754 -0.404006943007468 0.116374616735403
-0.424874983958511 0.352142673383232 -0.237758555314237 0.379209067224961
-0.225943289025239 0.58444430463774 0.00489568887003804 0.442818459442533
0.0637294122931599 0.62594006957081 0.210297862937144 0.362435875597544
0.272625244590326 0.563636234672958 0.240205019465684 0.242384602789293
0.350274751967966 0.536422557291573 0.19958554164952 0.162221741016639
0.330292549096616 0.49253769898779 0.11398448805473 0.128527473608881
0.237192987702818 0.530025446629953 -0.0042688421544329 0.0987026953840667
0.0372934694099241 0.558128819258648 -0.147736221254249 0.0370865817605998
-0.137941170744687 0.397081846847298 -0.184097450726665 -0.202876800301288
-0.129515353190129 0.29958872602553 0.0711760114785214 -0.380271318484317
-0.295293146975283 0.417914545621139 0.363549994109125 -0.375977823214731
-0.494440886351962 0.405475206852171 0.457842532050251 -0.314058053423366
-0.397549068265995 0.133493584157059 0.378652482110111 0.0946028625088399
-0.324815284670471 0.132720733229736 0.0635327636119634 -0.121840505082574
-0.329020293518861 0.065944214372787 -0.239439508999427 0.0601544384042339
-0.383027218038881 0.266326894399107 -0.271939341047297 0.307859372121972
-0.188665202329347 0.476110927988192 -0.0735944778496665 0.545068696787102
0.0582771806667582 0.500004684607372 0.222423905427859 0.559397021925908
0.218701594669451 0.453388142655736 0.335500523174399 0.445954456546707
0.255949165301322 0.429339251306315 0.308063739745837 0.340698609852424
0.207055700783027 0.389876284035948 0.20405221823669 0.284832184486348
0.0912885721693981 0.386292746892259 0.0307869345500437 0.210835380580004
-0.0642434040677641 0.33369003144954 -0.165689206034999 0.0857875744561509
-0.117856164726949 0.147052817823016 -0.190499779655695 -0.241119848018838
0.0204004468391507 0.134820207414494 0.143961642547907 -0.409067093412692
-0.119990646059294 0.347591211015788 0.442969674456579 -0.350721202918984
-0.348233617295378 0.357613381803019 0.580177155673583 -0.350213305842439
-0.166457578693605 0.120746381798815 0.51377413919491 0.0840455338706591
-0.0953649826219736 0.0651722119683707 0.213556184406192 -0.0859691379508225
-0.142768400825897 -0.0116100997919008 -0.116290606797646 0.00692861615406023
-0.22476093841258 0.118504909630243 -0.287256327449017 0.27431808135986
-0.099792388031734 0.253398121464086 -0.0832841972436183 0.620824522871837
0.0348128527328597 0.271620056697743 0.259884604126027 0.678770672999121
0.117590222569894 0.265512003119478 0.406779194380893 0.576837637260289
0.123682220654318 0.256107803396397 0.375469020890475 0.465935292629608
0.0737509171371147 0.232618742543273 0.232242203568617 0.399600287341746
-0.0239984157522713 0.200476079280954 0.00364781463038887 0.270027877803265
-0.108115013956187 0.107102962667336 -0.200343141676471 0.0589057367900082
-0.0615249369436432 -0.0380741060402653 -0.141675571042278 -0.300735285665435
0.114375198909817 0.0223859129190499 0.240017862870888 -0.376993678156544
0.00942908717147631 0.240995291877965 0.484100951204865 -0.249049340360302
-0.176102474183573 0.249555875399462 0.640111158084003 -0.342389366473636
-0.00513459147405579 -0.0711216545820685 -0.686657732719581 0.0331544105433425
-0.0761918371753704 -0.0785234424468986 -0.46704538076766 -0.0314554920812274
-0.111730516519976 0.0221468446117666 -0.465088386296375 0.126960067636244
-0.0200022982728009 0.10026091687259 -0.107935174837187 0.400161926566009
0.0440026563069609 0.0705898666564377 0.240985941606737 0.150069169269517
0.0639907249645902 0.0299957728886562 0.232081365758558 -0.240192276089892
0.0579309030743044 -0.0220072525249664 0.0230620033677422 -0.494708779893999
0.0370353442699333 -0.0289683910296755 -0.133501565663579 -0.631111932076066
0.0241789382120789 -0.0321925908696867 -0.187425933216653 -0.716498280461652
0.0447451921719017 -0.00239354335693279 -0.0513196175399668 -0.742356532021196
0.059411557571477 0.0444978719969273 0.182138235127394 -0.608047127489546
0.0244003062482833 0.115996662370056 0.293001118054049 -0.248315469180198
-0.144553951335045 0.0933135176775883 0.0977716207224318 -0.0409947564280165
-0.169839635945329 -0.0687441259276566 -0.167422931085829 -0.100639569679119
-0.0603228879246261 -0.108805032266843 -0.423485585190097 -0.280595911158413
-0.241132801719939 -0.0737784508539739 -0.645139302047138 0.0424150095877219
-0.247630989337658 0.009604607157915 -0.414562437093058 -0.117547083969279
-0.175642794206957 0.108611900809864 -0.496753132044863 0.0258718743111525
-0.0663126282763706 0.160210753555728 -0.198566841676444 0.374150651463676
-0.0260964525391759 0.172523803835033 0.197002132738488 0.218124586773141
0.0220608458663669 0.190386059119541 0.26936700444701 -0.166574126129446
0.0742931646138249 0.187118869758773 0.0676303779396657 -0.449564901532158
0.0899358950333619 0.230751220991847 -0.101784044842661 -0.587657087222112
0.0772365060909523 0.240002225498184 -0.193967532954802 -0.649005879373862
0.0491925252071775 0.295083568325013 -0.120688408447342 -0.67794996313316
-0.0628294731457581 0.334887491679017 0.0770580096753469 -0.588048876938633
-0.208058502465855 0.300693967578918 0.22074809731889 -0.284421044193924
-0.397868329490773 0.152642857906798 0.09493569867788 -0.0755364178170242
-0.452267857970877 -0.0622611457421686 -0.120681921999854 -0.106150061007558
-0.341323739984439 -0.122819930226292 -0.324796441452227 -0.251629182380637
-0.462490929318351 -0.100289782622562 -0.519775881122828 0.0540916328498207
-0.442352173128058 0.0660552609475116 -0.361732821945532 -0.210676869096829
-0.278807515675911 0.171613292714093 -0.539608925056184 -0.0340405719028598
-0.150179978540197 0.211381299491379 -0.263898264636894 0.367104792965491
-0.123873955232895 0.26989967207114 0.153571752306208 0.272777598020249
-0.0423256808985108 0.344357128901873 0.276347436942207 -0.0697495119011284
0.0656432485773768 0.379502901612223 0.103413555809009 -0.336809618270989
0.128342864786818 0.45220046276408 -0.0527253425334861 -0.454538127718181
0.134960883463443 0.463394171101565 -0.164269846775168 -0.495029030925696
0.0900535751179151 0.535317746167962 -0.156522122163972 -0.516247759476669
-0.107125409798995 0.586941484867518 -0.0268061623645617 -0.480215447633924
-0.338984275877197 0.489055056400048 0.12094636585624 -0.294289362360742
-0.550630388662202 0.263835688969601 0.103100212886219 -0.130826816204087
-0.645176369884815 0.0230902344702115 0.00181212281999237 -0.120917400786337
-0.558526368552962 -0.0700349975026023 -0.138736726942535 -0.207007844031103
-0.612714831214721 -0.131889690025649 -0.321060427710598 0.0854730519358865
-0.587853792710247 0.0708046014987063 -0.28558378581352 -0.283539693293043
-0.393023005004034 0.165313232011019 -0.573600520397794 -0.058066965959649
-0.290666285056669 0.228335047461905 -0.311076321733939 0.373973214930453
-0.256816252728429 0.3626896817434 0.0934187456909421 0.324893432009167
-0.118129617022362 0.484282103177161 0.244547267159304 0.0586295046440746
0.0485347026337443 0.532705176746623 0.123417432276947 -0.158592815055818
0.14879530070638 0.603377598540102 0.00913671670595701 -0.252536658900313
0.171475240352491 0.598434252667647 -0.0977697663633254 -0.280329718707766
0.121066846802123 0.666354166507703 -0.135923579149324 -0.302565086127137
-0.113599425541933 0.722980593630431 -0.0911661594246601 -0.312564262542788
-0.370783845490901 0.58120494345088 0.0225283130341311 -0.271607451436151
-0.557149628648156 0.344409555418879 0.119884993574848 -0.200936256203259
-0.691043599271911 0.141241386514447 0.164955929802337 -0.162087516741886
-0.673076917027601 0.0290409428149158 0.0982011236112295 -0.170504378601553
-0.654922815781563 -0.14549990686316 -0.084570580744061 0.1404670469768
-0.618447395295231 0.0339457929454954 -0.178562026215688 -0.281488599563824
-0.461615978869749 0.0816088146130148 -0.537404526902882 -0.0442807552284964
-0.442177715162945 0.196409692554076 -0.339505483181423 0.355134493519845
-0.386184208562484 0.425068008708765 -0.00812480316319328 0.375648341736923
-0.176397971338573 0.57713045825964 0.171010970218226 0.227103800987607
0.0327332828787418 0.616869641446069 0.132229618536324 0.0707310368166868
0.144564945795399 0.660999794856607 0.0696266814611176 -0.0138388020684396
0.164573940173026 0.632360812131223 -0.0167212667841736 -0.0492639613518175
0.0957527507115175 0.671891354253508 -0.0841504165137192 -0.0844586808863557
-0.131798698320975 0.69489416940595 -0.121661863681716 -0.137926097807402
-0.344727855066925 0.508618745317487 -0.0539743204909839 -0.24533878112138
-0.430865143158243 0.323043210499521 0.150310683678009 -0.27053624062109
-0.592252637565205 0.23243669913894 0.325684578332232 -0.208339043727426
-0.675690511467609 0.131819736955907 0.334147019320723 -0.150681535250181
-0.583738117709961 -0.119424136904298 0.143248661933377 0.212962575756985
-0.525248471711128 -0.0113502477941761 -0.0397012662198835 -0.191063292056745
-0.442427130580188 -0.0228810115956653 -0.407736813041166 -0.0211539053931353
-0.518800695536294 0.135627539435191 -0.350979257864643 0.287528482868666
-0.435202968671116 0.424883227190753 -0.142524304196692 0.425003335503224
-0.189536791721278 0.577523413783799 0.0765650033478531 0.420764300182188
0.0245757160784246 0.604930804528797 0.134038842476922 0.317789529764294
0.116698819608865 0.62196840060621 0.117630445330096 0.223464005879152
0.114262297756486 0.570477806591186 0.0458891882402359 0.166244737396446
0.019932893032792 0.564462614056285 -0.0488155458687766 0.0940651505782168
-0.168634375245883 0.522426803128289 -0.148535716343104 -0.0176641935579801
-0.27616817967914 0.307514730409479 -0.0957529933555451 -0.249731958966786
-0.228267080565967 0.224646317640278 0.20489756128831 -0.31517208141465
-0.409102149051617 0.274222445592105 0.449711136590382 -0.214307774252868
-0.58590281498662 0.193685921662424 0.522967612186584 -0.137649109529405
-0.421858694938222 -0.0513399020310815 0.329633783283953 0.276414357281201
-0.342612505584818 -0.0154234938885028 0.111489880442325 -0.0686246940207573
-0.324613811346083 -0.0769814676658373 -0.241621005833276 -0.0156763996967167
-0.447315726972729 0.0794501981594349 -0.360180655124758 0.203309889830082
-0.357653611871951 0.34290990772646 -0.259440226063608 0.480921306887398
-0.145419224565554 0.46467472353642 0.00400494239592544 0.597879646716897
0.0186927774625119 0.489362609300698 0.137122904534853 0.53705558660387
0.0718853327875474 0.487689692903437 0.148244048250945 0.427066095891216
0.0429290545370245 0.430850814189182 0.0677667435636603 0.338324303683624
-0.0587520061031052 0.380275389511716 -0.0599167846596635 0.205841835536549
-0.179540876333277 0.28136662341474 -0.183362704012117 0.0157975798107603
-0.165801857252613 0.0888342315724126 -0.0834209802355397 -0.288392145377875
-0.030777878525818 0.124119352526805 0.285333611059648 -0.310932224800662
-0.223821082719028 0.269281721434218 0.514515159558565 -0.151956001446403
-0.434351638145987 0.203117344067892 0.645010165130297 -0.116316427425255
-0.203490662989707 0.0374446874040322 0.448817736068401 0.296132269337572
-0.111802835061668 0.0186072735627612 0.230327491030905 0.0111376284287096
-0.124642902504395 -0.0696323605755012 -0.111105643612237 -0.0298988873943829
-0.247262979203061 0.0139448560335916 -0.368649166199236 0.156212100015632
-0.189783690841203 0.179444587240786 -0.3076904585634 0.539691789394655
-0.0766148785751386 0.251937529599212 -0.0188929377233355 0.715780918476256
0.00225479028231698 0.282952370168985 0.149439325192891 0.682808682676141
0.0173016341453412 0.280713685380843 0.159715915741687 0.567684717912525
-0.0186358286130671 0.239122635676023 0.0503067513085481 0.451202122572688
-0.0939108673942322 0.171895428366246 -0.106892638261155 0.244034766696832
-0.136940126499461 0.059835256537537 -0.204412474571345 -0.0249177381453581
-0.0466771962510838 -0.0583443881199428 -0.0112699578460353 -0.325668783679375
0.0972922326712149 0.0538062467588074 0.364402980944143 -0.241431557757625
-0.0687653078503104 0.216543546484949 0.518161183832522 -0.0399493939891086
-0.239332681622199 0.163070073984374 0.699569575625153 -0.0774735080610248
-0.00692046187859306 -0.0704577974461929 -0.680145133707772 0.0570928787569958
-0.0781631462042096 -0.0752920969411552 -0.461638274183186 -0.0193516392577258
-0.111769513142319 0.0261942175660579 -0.461508714483923 0.140020023226305
-0.0155072921576099 0.100637399039435 -0.0964448445484558 0.403141482144522
0.0466154383351065 0.0683610283058882 0.246229485597708 0.144200002295572
0.0655378755923179 0.0279211147698936 0.223372310406832 -0.247396088000202
0.0560270061524969 -0.0239387562283461 0.00687742235379609 -0.49269103424106
0.0348268951157708 -0.0297994356824965 -0.155964789223953 -0.627337435263129
0.0218704638879807 -0.0309417435885942 -0.211922516487304 -0.70495842166184
0.0439490973615106 -0.00324304712868091 -0.0778039983955233 -0.737242832116518
0.0615290920809987 0.0421133857206858 0.159489614000154 -0.614024010732344
0.030229361859383 0.113660429257113 0.2868201598059 -0.257881962396027
-0.141658787285143 0.0991779274155095 0.0960770767267174 -0.0453567359762616
-0.170892758849045 -0.0630460238920956 -0.169932810972634 -0.0953884213398671
-0.0618506200728109 -0.109565489142507 -0.423231923400506 -0.267917770496455
-0.242502178671949 -0.065703833228519 -0.637491465312323 0.0639676298537162
-0.245246110349949 0.0196514085337222 -0.411784979825308 -0.107875861976493
-0.17190302830547 0.114058972200564 -0.495148953391112 0.0423330347816609
-0.0598070693283187 0.159933242778051 -0.18544355379664 0.378446850610959
-0.0192721169754359 0.171585890208657 0.204975376513491 0.215118540943946
0.0292747729827894 0.187975659904997 0.264311312603783 -0.174406573374204
0.0782965917743384 0.183286294927063 0.0533093156878569 -0.450166199971602
0.0977364030457375 0.226731352491731 -0.121947440667598 -0.584526431944475
0.0840792793295397 0.238477906935722 -0.214606481871362 -0.640851409012732
0.0579715584744572 0.292999960242133 -0.144084303079219 -0.66993365286556
-0.0488200910509889 0.335989613153065 0.0552006473789244 -0.58824978511072
-0.195945213305273 0.306684721926208 0.213508224628127 -0.2898445386516
-0.392809114497204 0.166539588326796 0.0919239343391235 -0.0802591227653464
-0.452206894874673 -0.0464083879332383 -0.123149740592983 -0.102425470078591
-0.340341861895852 -0.115970363104408 -0.324668531052823 -0.241989569368944
-0.465641812756364 -0.0861570701195198 -0.513775704093144 0.0728371017927665
-0.435906912087352 0.0835261123762992 -0.361693712904486 -0.20194794113762
-0.273494102852893 0.179551052801034 -0.538565751176014 -0.0149124808960868
-0.139936902983198 0.213634826223695 -0.249580019072747 0.373424176873912
-0.112603696847893 0.272529356840246 0.162980490024707 0.271529754265509
-0.0293162578280973 0.342587286273104 0.276319221417845 -0.0795620888589177
0.0777171887374566 0.376359850431926 0.0924378382479388 -0.337792116633579
0.14528317628884 0.447074938683379 -0.0680582786292223 -0.453317462543164
0.148670481403869 0.459457184898036 -0.1804641445994 -0.486314744734919
0.107318911331615 0.529982266564932 -0.172614412719864 -0.50858178082821
-0.0814931147521926 0.590886268391192 -0.0448453031010745 -0.477520838498257
-0.321380983546818 0.498922154660746 0.113560103899675 -0.295069433788222
-0.541034874320185 0.28165636172832 0.0993775250663433 -0.136473878703645
-0.641757081436787 0.0479076805407094 -0.000123898338682424 -0.121525015884161
-0.554660915029013 -0.055168399776065 -0.13915241879447 -0.201308228974702
-0.618327002359473 -0.112978069422742 -0.314217373775047 0.0951427318281285
-0.58154895189245 0.0945768499549692 -0.289971614303658 -0.279128619290451
-0.387545509870895 0.175295415439509 -0.574189659794811 -0.0355750431755556
-0.279623191007159 0.235239208577399 -0.297249840890003 0.382104149742551
-0.241834136949296 0.369680747944839 0.106130974936113 0.326373179149639
-0.0985233120590871 0.485811313323382 0.250357875145919 0.0486616162897947
0.0658238883428666 0.529536607782547 0.118812657829665 -0.161923191052696
0.171965373536454 0.597849522983118 0.000101356769780098 -0.253299965726093
0.191581982290197 0.593489561064716 -0.106852786155997 -0.276158285302548
0.142428425012725 0.66036245705094 -0.14453649985662 -0.295291243076856
-0.0854518821124452 0.726997738224143 -0.102412423811571 -0.305996080013588
-0.349376518979841 0.591708283137293 0.0140887062496308 -0.268622985248025
-0.544401104666728 0.361023851906499 0.113161383644439 -0.207513079898894
-0.68162733670808 0.169451628618835 0.161091513426054 -0.170034888089229
-0.664734677343314 0.0467207885762123 0.0954581510265664 -0.17300729347954
-0.657543522153571 -0.124210335409166 -0.07692473929496 0.14098161545803
-0.613153141483632 0.0585535694476177 -0.185036474119958 -0.280810419464946
-0.459512133268022 0.0960266551896692 -0.538329395393832 -0.0217668849561324
-0.433639098699868 0.208572923629029 -0.324765069393374 0.364033754239361
-0.37116841393697 0.436728834681999 0.0061420491202426 0.379894198322938
-0.154983414451583 0.580485147958383 0.184270684049976 0.217692487175367
0.0541855705644634 0.615030637141238 0.135085928349094 0.0654524850415393
0.169586088562647 0.654925847231437 0.0691054292052908 -0.0159204922816719
0.18411421139136 0.626771457721114 -0.0179772835574785 -0.0488485770258566
0.116656386166554 0.666752520612594 -0.0854970997299129 -0.0803651443535543
-0.103729794477739 0.699403181330798 -0.12634209308516 -0.130624341417101
-0.327180827591091 0.518163150558128 -0.0623802325965346 -0.239058520109877
-0.416120419360053 0.335175640668737 0.141002031359294 -0.278163500834712
-0.577816056328862 0.256602416713284 0.319323195011301 -0.220964888491318
-0.661268971512876 0.147431936316547 0.327318657381834 -0.160451284383178
-0.586273512819631 -0.102797223194389 0.150797090142735 0.207028967096236
-0.521960302418431 0.0103133595251133 -0.0440689414680814 -0.194217178660955
-0.443311222694226 -0.0116815227533622 -0.408080480814522 -0.00300113536786378
-0.513100236910576 0.153101385422927 -0.33822729637376 0.297109982806368
-0.41970354853872 0.438472709969436 -0.12729126248161 0.433362260232888
-0.16811372889673 0.58055769864623 0.0964719629245596 0.413326285566441
0.0449569484365302 0.603504530140538 0.145445393283102 0.310180723780999
0.141056077701494 0.615039683472558 0.125540459792039 0.220406140680877
0.130237028974388 0.565127804343412 0.0518235374706778 0.163599787486407
0.0377468963125153 0.561544431730381 -0.0449939599352175 0.0957829106044387
-0.147191972501964 0.527651913403354 -0.149210466833594 -0.0103248918370155
-0.265057952412612 0.315819180119668 -0.104590549367372 -0.241596594206386
-0.217431867802367 0.229932990670834 0.194856731662045 -0.325643816169722
-0.392795699097685 0.292055522820339 0.441203490882803 -0.229974990586769
-0.571989693750475 0.210234184977485 0.514473173528019 -0.153827074775485
-0.422108132902051 -0.040103891517321 0.336291139480888 0.266324075358577
-0.339972148250172 -0.00365007086018584 0.109872726231171 -0.07470423804496
-0.327599365795518 -0.0690659348458615 -0.242031075426253 -0.00452079430770288
-0.44463316849681 0.0945402358867524 -0.352124087296976 0.213400681850678
-0.345977634773191 0.354232984688206 -0.242450189431992 0.492990965580169
-0.129310814586461 0.46711325167894 0.0292641219596964 0.592063728450848
0.0361831996767552 0.488082663233218 0.155922341218762 0.529548473830542
0.0920637805492671 0.483893323918713 0.163603619150488 0.423553563446685
0.0559674435581281 0.42921468398228 0.0795987739408255 0.335086383295559
-0.0471035934586772 0.381853222942123 -0.0528593438763979 0.205984421779901
-0.166986154075989 0.286232754875582 -0.183055837402892 0.0226817692178442
-0.162197265961956 0.0931610590540453 -0.0942565618708184 -0.282903707290152
-0.0238936920442056 0.123336932750317 0.275806948758882 -0.322567910366095
-0.208158728644949 0.279194361087515 0.507427798018073 -0.170076074138764
-0.423538570708365 0.214443703024323 0.63499149026748 -0.136935626190669
-0.200505189682215 0.0427754761201047 0.455203893203412 0.284430775124178
-0.109963187584637 0.0228794846634973 0.228690325680502 0.00267272283620777
-0.127988262346868 -0.0676965416661228 -0.113002901856898 -0.0251854962180552
-0.247694321074051 0.023729250373105 -0.36431941582572 0.16817320023723
-0.184330128225724 0.185895038099852 -0.288894547123759 0.551124309302885
-0.0679959042112691 0.253035743320183 0.0104079326586732 0.711390037630121
0.0124726074816345 0.282644228966076 0.173713231262987 0.672953370482159
0.0292621465331529 0.278709387591157 0.181406069491392 0.564139970963832
-0.0111961265388473 0.238482124881263 0.0670352548823298 0.448549198997681
-0.0881625057666396 0.174206445486058 -0.0995595001863462 0.245263038303468
-0.133314973904067 0.06401600796455 -0.205928491923218 -0.0184594690508522
-0.0491372031112961 -0.0574662906746484 -0.0245216701565396 -0.322649150942074
0.0996167514832748 0.0495590460358523 0.357774403733316 -0.253932128528454
-0.0579610925936294 0.220676216034327 0.514636773643176 -0.056387982364284
-0.232065791653817 0.170762420717244 0.689341828722526 -0.0991822538028195
-0.00930973330156421 -0.0703387048002387 -0.680109097255099 0.088619832456327
-0.0819619694107272 -0.0723659275274654 -0.461757860720565 -0.00417797657161943
-0.111812301667608 0.0328233051398565 -0.460149115649497 0.162082740652915
-0.0104967062803577 0.101101275046588 -0.0784404618049938 0.409763590400289
0.0504140516473251 0.0661432160124161 0.256020357675309 0.13616446437216
0.0672308870072931 0.024114314426385 0.213625157317673 -0.259060632418835
0.0540353517740779 -0.0257724461027991 -0.0149307203983135 -0.495002984423418
0.0324453235060104 -0.030081853868018 -0.188584265364255 -0.625453897252373
0.0195749602749841 -0.0298352809630095 -0.246875278522341 -0.698632844376594
0.0437254261494412 -0.00452232095557719 -0.116412277601249 -0.736824463359004
0.0651688675285661 0.0389174856291502 0.131463319723673 -0.625463458698573
0.0380613131639193 0.112634373689099 0.280210090829995 -0.272146266794485
-0.138787870872401 0.107865455066302 0.0946530819630828 -0.0506546062587917
-0.175919423553272 -0.0572778254524019 -0.175149069339435 -0.0884579947498279
-0.0659047681695518 -0.110655683805182 -0.4297934007105 -0.252652644052088
-0.247176577866067 -0.0553375404318267 -0.63724817252991 0.0931945835723418
-0.24393996862648 0.0328330411597143 -0.414615250543064 -0.0948788902421523
-0.168296109788395 0.123305241734406 -0.497460592452036 0.0658467423630967
-0.0510374204405137 0.161933075504294 -0.16871847686532 0.388475836910235
-0.0101826577972316 0.172800492917334 0.218440608997234 0.211098696363457
0.0391978465588152 0.187342855580185 0.259690159319598 -0.187821267457687
0.0868633054257076 0.181210587754185 0.0337414749051796 -0.455386078346523
0.110106405437172 0.224881556828116 -0.153656509727823 -0.585111543859153
0.0958099056816392 0.238414150625009 -0.249313400380645 -0.634815577501029
0.0722033194852438 0.293245797872457 -0.177490494353754 -0.665010398346039
-0.0311255528846596 0.341745336459491 0.0259120661966835 -0.595607841400887
-0.182263638157208 0.317453075489185 0.204469961576526 -0.301594168066817
-0.388792652376325 0.186724983889218 0.0890937392403405 -0.0867995636327143
-0.456428689649329 -0.0244752391159598 -0.127430241786792 -0.0976208718879613
-0.345606705111961 -0.105110998020651 -0.330405907597857 -0.22800427919121
-0.473444103729329 -0.06534845881427 -0.510577680310377 0.0946788642989759
-0.434832829527343 0.106796092368683 -0.370061417328296 -0.193700810988782
-0.267189924976305 0.194488570913416 -0.542097151072679 0.0117906039768565
-0.12860872349028 0.2191997013241 -0.232984351278676 0.385089792698139
-0.097642031360306 0.278020422928632 0.1800046032667 0.270411716303072
-0.0125299155444184 0.345266450247928 0.277490264063411 -0.0934478687595793
0.0953553308700429 0.376480827987139 0.0785360308162876 -0.343508905068161
0.169598720009875 0.444231546135311 -0.0918226003037099 -0.454916786296649
0.17208858143046 0.457127114883945 -0.205340042478247 -0.480415055238953
0.133114033255555 0.529697013050604 -0.198620957299351 -0.50130794649422
-0.0521483081758306 0.600171253956528 -0.0687502168713373 -0.477855531111124
-0.299416390245959 0.518476679995026 0.103117154523893 -0.300271046978941
-0.532303443543841 0.309546859372515 0.0939104993063527 -0.144685668100313
-0.640801926791269 0.0785295818658069 -0.00405305399437762 -0.123283633604672
-0.557257778023516 -0.0345352999022509 -0.142912637317143 -0.197983456019311
-0.627226348971027 -0.0858225611192121 -0.309003028138508 0.106974827253659
-0.579299759668173 0.125255441650053 -0.301750003254827 -0.273011507645775
-0.383047829843148 0.197218944396666 -0.578510496290895 -0.00630854206679602
-0.268909503780783 0.248415802530045 -0.27993404656259 0.396828788722675
-0.223919382089229 0.382120019303368 0.124839278387011 0.328926299326286
-0.0753341123809625 0.491298157257931 0.258730689979907 0.0350316941136379
0.0909940814182916 0.531326034611835 0.114320781731892 -0.167907969332307
0.204166866043042 0.592392258476475 -0.0125013697333538 -0.255243303296495
0.219810602901344 0.590267916648783 -0.120743773314791 -0.273149107826577
0.174968619539529 0.658815487541374 -0.158270027272526 -0.289322920848215
-0.0440313114956717 0.738200129663017 -0.118840881374218 -0.301046040597859
-0.322854544490122 0.614668995526207 0.0030930085438359 -0.267695074898762
-0.529875478272148 0.389269125421264 0.104429468368765 -0.218457231052191
-0.674675145247166 0.207101948786015 0.156360958201833 -0.180840108858382
-0.661578305934089 0.0726365989708515 0.0913512582712876 -0.179799925255057
-0.670469974233086 -0.0957031147887279 -0.0683910437104189 0.143763518079778
-0.614154160000486 0.0890135176192304 -0.197228989728949 -0.280627860755797
-0.459476183091757 0.11508514460993 -0.543167313215989 0.00650328356209096
-0.428860746684166 0.228821354445989 -0.308437209929007 0.380373029033659
-0.350537862191291 0.456389594164762 0.0275113562588487 0.387046217700338
-0.126896505205717 0.589429436445386 0.201016344913544 0.206792185869532
0.0829001238417642 0.617110603504918 0.141492785720791 0.0587730767660067
0.206472265960885 0.651221900322727 0.0690101780062642 -0.0190478354775216
0.216294640170071 0.625686677957168 -0.0203879198360321 -0.0489775762774902
0.149918574193327 0.666417027194038 -0.0882770487528789 -0.0762859127770722
-0.0662275466982044 0.71013213935191 -0.133648230932586 -0.122807155383482
-0.303919526965449 0.538721285579885 -0.0740038886211804 -0.233546454946626
-0.402735913870146 0.357491051280835 0.129341145009749 -0.291912346558755
-0.563086683148296 0.289361582443926 0.31257701063713 -0.241007359951156
-0.653777192600487 0.175705484857784 0.322915387749064 -0.177673101093425
-0.59529566779943 -0.0776483666800522 0.163266652637678 0.200228126475768
-0.522281430384931 0.0364022298831047 -0.0536221517085659 -0.197897468232727
-0.450501473549241 0.0078338139975455 -0.411011364146952 0.0193282052350211
-0.511545695661725 0.177518976341283 -0.326265045866326 0.313437762679621
-0.402083227838809 0.462406318667492 -0.106016199159211 0.446587649134029
-0.140847345850466 0.591406074920621 0.122931502205175 0.405891523889627
0.0746524488606315 0.606837889823128 0.164059519764178 0.303900529595169
0.174305777183377 0.612249113620879 0.13842948157834 0.217575294858049
0.159859517990876 0.565834612321533 0.0591158600364917 0.161961275032885
0.0639656603692443 0.564486029409302 -0.0402408998082512 0.0970155511647394
-0.119730990203467 0.537798622672688 -0.150929217687249 -0.000742217497638429
-0.252257688674316 0.329801527815725 -0.118322245373036 -0.234511394764667
-0.205190471513741 0.239684176207975 0.181463552104304 -0.343084353625875
-0.373932483320969 0.31551372928886 0.433341309636409 -0.256197482832497
-0.562131856811476 0.233641470530829 0.508745567361241 -0.177690563689504
-0.425928384790632 -0.0229638565975483 0.350441097890167 0.253616769383501
-0.340918689432829 0.0126383167447086 0.106563579345122 -0.083385450946785
-0.335983667193399 -0.0564551465509775 -0.242495498352585 0.00947978138915493
-0.44645240175936 0.117183595998756 -0.345572664650104 0.230348738328717
-0.331776765964127 0.375041105972026 -0.220932704367877 0.51134953449906
-0.108492257346384 0.475632738502524 0.0612986729395532 0.590914849628472
0.0605632952100566 0.489540207989094 0.185568960745535 0.523151552469325
0.118196499594414 0.481055297301081 0.188021421702621 0.422187038792952
0.0761166743475887 0.429776682712982 0.0950888220895541 0.334803740334302
-0.0297099161914239 0.386022351886179 -0.0450157568943403 0.20880973887103
-0.151963360425512 0.295074476913659 -0.184163205623789 0.0321594567806626
-0.159373808705289 0.101227613265404 -0.109576424377961 -0.276295178215061
-0.0150082358632946 0.123161270338805 0.265045598816933 -0.340971891093767
-0.190821583771426 0.293721012460223 0.50160262104738 -0.196250065793019
-0.414105357962957 0.23457648844066 0.628767192204529 -0.163964250143042
-0.199545203919006 0.0506081552373839 0.468664660578212 0.268265621718823
-0.108873568968133 0.0286293252196049 0.229629207441583 -0.00821348965278884
-0.133930511878529 -0.0641973316666744 -0.114869499045252 -0.0192374114317995
-0.249917274091322 0.0370719831641526 -0.360868998562946 0.184569523836563
-0.177506767393731 0.197024220520159 -0.265346406628986 0.5713134334715
-0.0571660227452927 0.257126132779479 0.0454454436125433 0.712637865968312
0.0276613687727987 0.284691488033012 0.207971689857982 0.668595050897017
0.0443535388174747 0.277443801975286 0.212771449336255 0.562245925764503
0.000238403019855248 0.240606666885925 0.0890400791111575 0.450836197881828
-0.0810284124831874 0.179407128202119 -0.0907460251067629 0.250389367686604
-0.130650122828293 0.0702154404079961 -0.208888601975971 -0.00961063448902204
-0.0513160499503384 -0.0554972099199624 -0.0407105435907813 -0.32182904806446
0.105077539800873 0.0443641061731922 0.349771589450365 -0.274621797645742
-0.044626359813757 0.226708830545769 0.512746945438286 -0.080840388741851
-0.225892798770759 0.181840551344996 0.683207059648273 -0.129134692522386
-0.0128584339256249 -0.0701413952792007 -0.669229347467875 0.131650181783344
-0.0859150173288741 -0.0667211566485554 -0.45551802071193 0.0217876282763508
-0.109612328296066 0.0410278354821681 -0.449424273990348 0.19131491357102
-0.00333504606875103 0.101086185972867 -0.0504393389372892 0.413567626493323
0.0542556166294908 0.0623702035358408 0.265342088562003 0.120803226464659
0.068628177585337 0.0193008904944448 0.196515773108539 -0.270459909929577
0.0515371048688719 -0.0287820778654862 -0.0473527589175586 -0.491645175509677
0.0298190347503512 -0.0312226629099686 -0.231661087646666 -0.612659963559004
0.0176616762198457 -0.0289836251696749 -0.2936152128887 -0.678552222012793
0.0430473582858162 -0.00701763065640557 -0.167079285886809 -0.723869195265225
0.0685002490967191 0.0333537817005554 0.0871562778987039 -0.631553048974846
0.0467368262138588 0.108335762138777 0.263520130538588 -0.291497008447711
-0.132096833578333 0.118521516700415 0.0904956851933509 -0.0571046387589944
-0.17959804513141 -0.0461809973219922 -0.178735592458031 -0.0769105081882572
-0.0729625520859129 -0.109006988416551 -0.438695415949134 -0.229007392962582
-0.249619980719393 -0.0391894242668705 -0.62523858042014 0.133043618301683
-0.239518773956562 0.0495350652817929 -0.415768980578297 -0.072503051522726
-0.159377409964082 0.13518619038851 -0.491463851746558 0.0989095528930441
-0.038712008349281 0.162625690754643 -0.14295693434761 0.396616159433651
0.00216707761290811 0.171597849732943 0.234003511958285 0.199096302988262
0.0517514691759606 0.182521229919186 0.247431156213947 -0.204362866814182
0.0983339710031443 0.175504395587501 0.00489806723990518 -0.455099353719803
0.125137316092172 0.21732717324147 -0.193957360448469 -0.573889470538997
0.111822690217425 0.233953305771783 -0.291556804390116 -0.614070632990405
0.0917753388347771 0.288253585558657 -0.224116219739074 -0.650048001537678
-0.00536130704688455 0.342102027213219 -0.0144527238705694 -0.594007388778353
-0.158451253331797 0.328560680895566 0.186791990258299 -0.31344647496588
-0.375085785551694 0.213979946712447 0.0829256685351771 -0.0939587139319601
-0.45629321183858 0.00523625594733146 -0.131725972465755 -0.0894182215709037
-0.350158873793478 -0.0866142181764404 -0.337572058574161 -0.211319087300033
-0.47661738413955 -0.0343270624084583 -0.500457964082114 0.126457577369799
-0.423285558794318 0.137452129875524 -0.379137434566654 -0.174299586861369
-0.253318897465266 0.212380430993374 -0.540091028903919 0.0477287483780423
-0.11227275977394 0.225249301361036 -0.205813076584999 0.396967081443249
-0.0761566388732743 0.28140432184244 0.200413728260135 0.261121416846649
0.0124312965936841 0.343052804966449 0.272858459881332 -0.112220527259096
0.120164902265106 0.367860907113866 0.056807283106905 -0.347553131609854
0.201798234983136 0.431369817766389 -0.12434595942492 -0.448033007189334
0.202810236780123 0.446376600231431 -0.237241309486674 -0.464579221269168
0.168694155650307 0.519109549917406 -0.22965031504227 -0.484866869932843
-0.0064969661283251 0.602042130590165 -0.102146466713842 -0.469929171500634
-0.26172052366902 0.537278469771919 0.0857297387883388 -0.304855310730276
-0.509002954823218 0.344817401075957 0.0838394044825905 -0.154298151159704
-0.630844017849233 0.123929972014156 -0.0102699117375681 -0.124641378645326
-0.555426314799397 -0.00365481504713774 -0.150335137835935 -0.190931064447633
-0.633541123050393 -0.045113238062405 -0.29894878586801 0.123452732391282
-0.565824766366275 0.166602064272659 -0.317526575664156 -0.259280934943599
-0.37007561636519 0.222952761833656 -0.576646546742475 0.0346212149426778
-0.250663162550786 0.263978971518627 -0.251749587017956 0.411487241917992
-0.195289883153753 0.394832768531005 0.150144999789348 0.322674482317288
-0.0393399326026819 0.491496066193558 0.264298916950831 0.0151240224626761
0.126258954121975 0.523521665429327 0.104189546362265 -0.176546103093356
0.247256793396253 0.578295049701564 -0.0301847768135054 -0.254249702133578
0.260537895632147 0.575551851091194 -0.140109494726622 -0.263359962111322
0.218305779358904 0.645464789039588 -0.175549570677754 -0.277136427162957
0.011227718834275 0.737425727653928 -0.138731408555141 -0.28928900427579
-0.280925581125312 0.634609707841714 -0.0117573024092446 -0.264783653470193
-0.500971372418803 0.423560159030769 0.0888103573209987 -0.229464136693548
-0.653113650306807 0.252811231346817 0.145757326037417 -0.193030438106889
-0.650760606712602 0.108261336997518 0.0827370385757509 -0.186150936475021
-0.674851760609203 -0.0522674930482026 -0.0574555548597262 0.143171615698996
-0.603892174995132 0.133234480010872 -0.214974734851021 -0.272957387810415
-0.45297593812486 0.147187652203159 -0.539103425505208 0.0451321755782744
-0.412106965306612 0.256271925405954 -0.282707953119636 0.396861338073736
-0.317985975760823 0.478728323130175 0.0556774148191891 0.388245346589286
-0.0861791905919708 0.591915003284595 0.219529021435931 0.18813777688359
0.125108286823981 0.609819219670872 0.146872622226355 0.046150091926955
0.25214138027747 0.633256315000976 0.0690922624239614 -0.0231769623847691
0.257880536792021 0.6108535987178 -0.0249224310963888 -0.0466814997279894
0.194011674237702 0.655506175991168 -0.0927630735870781 -0.0704405015468324
-0.0130216935719606 0.71064912332892 -0.141661836396382 -0.110533518964441
-0.266188181419778 0.556735327475225 -0.0878915444885449 -0.224021779028925
-0.374737165361503 0.380593994062384 0.108880030808164 -0.305322904734238
-0.534643537531902 0.328426029168765 0.296698431409579 -0.263938752268781
-0.635971715357022 0.212241887665995 0.311240278411001 -0.197141686722133
-0.598646024017943 -0.0383560033450529 0.176707506586998 0.1867541331182
-0.515802074020226 0.0728443337594234 -0.0659431696124838 -0.199765244597637
-0.450993204822899 0.03664402566589 -0.407630090677962 0.0486417417655765
-0.499980611358459 0.211478465375003 -0.306521576394356 0.330436303773676
-0.368954706818569 0.487741542452625 -0.0738198168850636 0.456078244756527
-0.1014389164026 0.596793492617688 0.154258553200882 0.39101075852709
0.116424711524049 0.598549500382349 0.185488877956796 0.288948671484576
0.217533052384912 0.59640497731709 0.15512853007483 0.208774647653608
0.198815654482406 0.554752575573225 0.0690623032638095 0.157215009114923
0.10131883334627 0.558544853836934 -0.0330189348585925 0.0986753839143685
-0.079231462589431 0.543827782539523 -0.15049980199882 0.0107884353356029
-0.229397898024496 0.345316322520178 -0.132226624975038 -0.222097787761135
-0.185513371284604 0.250063442476752 0.157942831783747 -0.35866514862441
-0.345167861664944 0.340197180367689 0.414873787422188 -0.285569430285444
-0.541031734821707 0.264155109056605 0.492913759857327 -0.207985646648953
-0.426695396812078 0.00284825660117831 0.366339328352601 0.230886563867219
-0.337059370546084 0.0362409979878095 0.0992883082375734 -0.0931004780693613
-0.341925836472219 -0.0350309547275116 -0.240262543372698 0.0266426130343358
-0.440158805649818 0.148668201002053 -0.331520222641803 0.249881521444356
-0.306828683349117 0.39767264036555 -0.185883405849868 0.527811008875024
-0.0763333607999926 0.480000233997594 0.105173113431599 0.579713226677677
0.0950052510949164 0.484170299371264 0.220332407847137 0.506343774084384
0.151942876064583 0.47015427162955 0.219174387152598 0.40902656312393
0.105586110976786 0.423768153488908 0.117341872569096 0.327305880224674
-0.00412759396755219 0.38671051124548 -0.0321141855600571 0.209026445856782
-0.129360207572363 0.303645857536082 -0.181463919748255 0.0448471894584082
-0.151292552778559 0.110704576016274 -0.127665235375839 -0.265694294176824
-0.00435082780853821 0.122065646537719 0.241896582868683 -0.361270377094106
-0.164018761166643 0.307014688097212 0.486105879626552 -0.228886543683825
-0.394232421288273 0.256438614504911 0.612190748794378 -0.202561832472194
-0.194754837244991 0.061843344865263 0.483448211323579 0.241649659445605
-0.105288820274268 0.0362316566952067 0.227359555998651 -0.0234820726712628
-0.140277393001394 -0.0556227525178321 -0.115647953336945 -0.0110438742726925
-0.248192693338039 0.0557439277117957 -0.350405078088027 0.207777791284046
-0.164246794285162 0.209316589256931 -0.22511742021115 0.589690554784363
-0.040492488219474 0.258839149037387 0.0965800161039362 0.703919307569761
0.0479319714150821 0.281926588959314 0.253567042728888 0.649972392881687
0.0646446064845036 0.272555368146238 0.254313857920657 0.54822737763542
0.0159954418714625 0.239375267640179 0.119130377819534 0.445149109799397
-0.0688723055029822 0.182816551561157 -0.0749160583582467 0.254653182117267
-0.124643326464609 0.0768583053643865 -0.209370608792854 0.00408396397169414
-0.05505104524332 -0.0514824234633445 -0.0625794320707568 -0.316263576999829
0.109109676929054 0.0363461538451434 0.331475689950612 -0.299427142749982
-0.0261877951132843 0.230455594139602 0.504161269143523 -0.11416028098947
-0.211733098419173 0.195602839498806 0.668789955419748 -0.170438578370166
-0.0164785299652384 -0.0677192154594652 -0.636818865853263 0.171311944138878
-0.0879491135622014 -0.0599890640469898 -0.437568465682424 0.0453478027628744
-0.10363781739319 0.0475471780089976 -0.426549080165942 0.216476194745944
0.0034389926478316 0.0974196644281849 -0.021743210480439 0.402964042081854
0.0557185235147417 0.0573348581569557 0.267154078483454 0.101139435292735
0.0669455989209528 0.0129492715441021 0.173180385890233 -0.273706713756254
0.0476316608035206 -0.0304810868011787 -0.0767925215555134 -0.473673908983091
0.0262483648570734 -0.0310061176454797 -0.268428933647276 -0.578696250842362
0.0152577546628317 -0.0274709722679284 -0.331568329450399 -0.63644907179888
0.0412159266557426 -0.00858187475944965 -0.210507219582321 -0.688074211988145
0.0697903908623123 0.0273958375035776 0.0401516393021521 -0.616641075510526
0.0537424190134048 0.100203561646496 0.239045911238263 -0.301085267647564
-0.120237254860453 0.125642163966309 0.0827833842000103 -0.0615322421046168
-0.178610145484776 -0.0341619874269983 -0.176837859079524 -0.0636209988805237
-0.077712474174327 -0.103545485566445 -0.43321042297283 -0.199608981234734
-0.244125950735259 -0.0220681108509029 -0.595108876976391 0.16725543985965
-0.227275443878377 0.0642164931335987 -0.407051382081084 -0.0469251571077046
-0.144904266079191 0.143082488054547 -0.471598072486021 0.127207257693533
-0.0263888982869892 0.158465061713629 -0.113347030741784 0.390970373754032
0.0140954391961815 0.165127426037705 0.241984405902549 0.179365415113967
0.0626816294050103 0.171897040448365 0.227789680639406 -0.213264391636404
0.106494567773389 0.163489759976515 -0.0246991876465493 -0.440559997647338
0.137205680762902 0.202238541178054 -0.230323489675168 -0.543502460331508
0.125066046243193 0.221434371053542 -0.324448050264138 -0.573997054637936
0.108150747648269 0.273923938279353 -0.260629467570603 -0.611877393406533
0.0204860149855729 0.331359697649739 -0.0555508315579425 -0.573159208896391
-0.130898748062008 0.328011866693395 0.163569533590963 -0.316966768913094
-0.349185737401867 0.233167740624146 0.0733932180207688 -0.0986631243484656
-0.441235924200794 0.0346343188286971 -0.131936774345905 -0.0791382564198871
-0.344562057662046 -0.0652700735824402 -0.334909078318769 -0.187993271653865
-0.464295530639682 -0.00126968493295478 -0.475579363008765 0.15075812730242
-0.399285713719879 0.161756722246202 -0.37789733038464 -0.150712934177709
-0.231688218255782 0.22487742123355 -0.520258894081086 0.0804738564695069
-0.0928755343041801 0.223288671443844 -0.175244658138656 0.396742747771853
-0.053290646907708 0.276116657081177 0.215094443970522 0.242087310958493
0.0348565550836489 0.329506725270325 0.259800445505055 -0.127810477846214
0.140526265021972 0.348992485854036 0.0332365661595698 -0.341616305894629
0.225259399906875 0.40468132216659 -0.152086385623327 -0.42639486398858
0.228998262897999 0.422873861812081 -0.262766753622489 -0.43257574500999
0.199458808646641 0.492906187490076 -0.254217541398342 -0.453551621939654
0.0377158867652066 0.582744963403359 -0.130565302024038 -0.445217906859363
-0.217392851409667 0.537858354617596 0.0659244021549324 -0.300998014962198
-0.470535839430939 0.367640256798097 0.0701217983093506 -0.158136649297886
-0.601081986553798 0.163149305220124 -0.0159607917529159 -0.122313662434304
-0.537028751278269 0.0270229197994602 -0.15318981924566 -0.179693776879863
-0.61711315591973 -0.00187354298593646 -0.280721198035769 0.135999473652735
-0.535241936258671 0.200340461003874 -0.322937254808938 -0.238359933241525
-0.344362667891598 0.242593485237719 -0.557043392024366 0.0722513040821451
-0.224094378008005 0.271468228595445 -0.219401819844396 0.413703397740425
-0.159008951933262 0.392999987020713 0.171161344624639 0.305961132318294
-0.00490193650968277 0.475676745333696 0.260760322204105 -0.00615284503549059
0.156682561434115 0.499739472053279 0.0908120834186419 -0.179661407310359
0.281697762154616 0.541890966941256 -0.0469883753792206 -0.244118735499723
0.294032047231046 0.543215126320133 -0.153415207585416 -0.245602255501342
0.255155541109289 0.611672185445452 -0.187136189774331 -0.256728927629714
0.065737363601076 0.711843966303518 -0.154263327729245 -0.268786260380339
-0.229080533913356 0.63256942793964 -0.0259720677641784 -0.25312418015119
-0.456861120135059 0.442108460801986 0.0693278929992637 -0.232654452230603
-0.612155350151754 0.289900767808765 0.130235942687048 -0.200156475219612
-0.620472615709845 0.144062992361913 0.0714235624197201 -0.188931770511253
-0.657761738826519 -0.00660251728526493 -0.0459126319147268 0.138483959442536
-0.572660362530054 0.170300786162029 -0.226472784840858 -0.258111939863869
-0.430599792534791 0.17434743986586 -0.520148347213999 0.0798015519572603
-0.383845245422644 0.276094331722736 -0.250497097998137 0.401263700064703
-0.273252654959365 0.483732086838666 0.0835078090010428 0.374874654484726
-0.0428885202702583 0.578117874650726 0.22956303324303 0.162683854278012
0.16285868252504 0.583117923205277 0.147002796526673 0.0322177155042546
0.290351899641677 0.595478745681648 0.0658519040812002 -0.0267945170332742
0.292723338848875 0.575731557559876 -0.0275995876584264 -0.043021010348465
0.231567619036185 0.621669568381447 -0.0936453582232974 -0.0629152117458698
0.0395045220127276 0.687751437650215 -0.143914844296914 -0.0946595889074142
-0.217691408234949 0.557563965475887 -0.0980075471516951 -0.208298431166884
-0.335126186107314 0.391472274760753 0.082513376368933 -0.307878891721108
-0.489849926175573 0.354270311754858 0.270661443003668 -0.278951120000421
-0.600110977276314 0.240082118044355 0.290390148001018 -0.212421297170762
-0.581397103775573 -0.00102609348865179 0.182334157624422 0.166269968894936
-0.492968355971654 0.106152566562454 -0.0788143252512829 -0.195107792001477
-0.436895495075373 0.0668448058077458 -0.391462529270585 0.0756021186150503
-0.471735374559906 0.240093355922533 -0.277826738755017 0.340025267103023
-0.324239146366229 0.496848662509283 -0.0393984174806314 0.451405775177886
-0.0586665341834829 0.584410713555294 0.178783496113421 0.363650692032808
0.154315583279471 0.574119997353204 0.199881467892131 0.263966650380845
0.254902101435753 0.561719672938993 0.166907024347567 0.192179919996451
0.229355717440804 0.525708448230278 0.0768834341068645 0.14918014554465
0.136516628070103 0.534722893116086 -0.026495502334685 0.0966191331659877
-0.0369741556510463 0.528902751474598 -0.144380120540725 0.0222657703679312
-0.196702355827397 0.349728999576071 -0.142692388526836 -0.203181857764451
-0.160466985725062 0.251319018674208 0.127285246575277 -0.363373828394833
-0.304706378871224 0.353581409004402 0.383073545168885 -0.306195371344191
-0.503438369531 0.287120196470261 0.464609046317032 -0.233404285951588
-0.413080265931862 0.0285895856548002 0.369019201220354 0.199401381036478
-0.323117274684181 0.057172289223286 0.0886830701629085 -0.0996514430970985
-0.335235091580213 -0.0106997250375664 -0.230981735716145 0.0425372473736982
-0.417832396676661 0.174940929464109 -0.30761130777854 0.265141313494126
-0.269183693567241 0.405206517370696 -0.144259884310044 0.526240638807464
-0.0429009587853754 0.468910970669886 0.143027747166092 0.547985461933922
0.12528212679647 0.463902641786234 0.249398259488226 0.473149523774392
0.180661130700359 0.442705959788257 0.243484088505199 0.382377072751447
0.133326985126196 0.403088215067182 0.135619150411033 0.311117298107455
0.0221530962481941 0.375761604254097 -0.0185460364914666 0.204274357186708
-0.102665431382991 0.300653240702499 -0.173310997774255 0.0567656407045613
-0.137679697364947 0.117115501749245 -0.141535480482002 -0.24606370940757
0.00724600486113018 0.115796584900664 0.20998902370963 -0.371376408975759
-0.133335338989101 0.308591769065449 0.455120627142862 -0.254960703242516
-0.364091349873621 0.271850811868947 0.579061287032134 -0.231624158782382
-0.185539438677534 0.0715591519711229 0.48490848155973 0.206187458639319
-0.0990885765464006 0.0415965504215673 0.217187155636098 -0.0380273795416154
-0.141755345664924 -0.0443365629299998 -0.112393698207545 -0.00251059482194891
-0.237799672567054 0.0718996997797708 -0.328407366026293 0.22540614093231
-0.145193676185385 0.214332778002576 -0.179753050912664 0.590614581175116
-0.0224680479427283 0.253992017898406 0.140183713033998 0.671662274831116
0.0662192405165117 0.270167914924367 0.292220101455623 0.610557516922619
0.0814737340844188 0.257827353792823 0.288335869955096 0.512946763710958
0.0319589053880992 0.230132734348035 0.14655516891108 0.424128816356219
-0.0550543895179945 0.181146963271993 -0.0587434131912183 0.252318916091336
-0.115372002098221 0.0814906210100704 -0.204078991878269 0.0170242685565711
-0.0562585036694603 -0.0462955830965349 -0.0814796194175272 -0.299944975902111
0.109659359609132 0.0275492124380608 0.302003554917795 -0.312327740977921
-0.00676820132749513 0.226148179646052 0.479820216097299 -0.142494223803326
-0.192115877806024 0.202608394373265 0.632520464905222 -0.204753792324357
-0.0286199833388367 -0.0604295149518003 -0.575466413008075 0.251401578750528
-0.0928825557653375 -0.0443997776743097 -0.405203317656754 0.0991486302141733
-0.0917253272750075 0.0616741874030837 -0.370214117162002 0.261757225366436
0.0147413104157075 0.0909638826622335 0.0408030378775675 0.379273951618369
0.0588794039781041 0.0486243855649898 0.268169135337455 0.0553608824326802
0.0635722019138873 0.00312431324995603 0.127018451262199 -0.283321302545427
0.0378407818409126 -0.03589218071498 -0.13655322137403 -0.444912003128417
0.0207991731131956 -0.0313005656092892 -0.33350118907902 -0.506692954835416
0.0106344780395671 -0.023556635057039 -0.397684847779293 -0.554569157587048
0.0372022006310183 -0.00906049338187756 -0.294852663750017 -0.617264769981757
0.0671621986976611 0.0200741129644847 -0.0414173265704842 -0.588380189513048
0.0589205965633964 0.0845057574971573 0.192749839976307 -0.318896062956544
-0.0949714202631172 0.136409645777098 0.0712297467578551 -0.0635192356752799
-0.169498962402622 -0.005786706443055 -0.182100890201261 -0.0337262582408479
-0.090097613820669 -0.0805781242015459 -0.438728077982598 -0.142360689093234
-0.24261410031607 0.0172596945920764 -0.517810154113415 0.23494371077668
-0.207429032872903 0.0898592539633672 -0.38127631925666 0.00354038458460354
-0.117818596448675 0.156930746228194 -0.423172271487666 0.179204616280517
-0.00548299592041695 0.151107404569565 -0.0457254915302205 0.380547774778149
0.0342517681049195 0.153515530162183 0.260486368889259 0.130093401870165
0.0793757898369191 0.151870611743318 0.192650576884932 -0.23740951091195
0.11795341232904 0.137796969477205 -0.0762681647539827 -0.421779751021517
0.156774165651625 0.172453069379177 -0.29092547106397 -0.478236034574305
0.147765317370807 0.195443006318036 -0.377758222281165 -0.495169427064457
0.137588967185309 0.244435697831579 -0.324119308935119 -0.536366241497845
0.0644569014928074 0.30966395149479 -0.118683542141974 -0.532037272649491
-0.0837607201470923 0.322564494415844 0.123796181427826 -0.316986786575155
-0.293938478056538 0.267920520530479 0.055052300367343 -0.0893806811048017
-0.401759932506294 0.0924806177576789 -0.15013875665338 -0.045151767204592
-0.328693833345207 -0.00998879093881074 -0.350060355617143 -0.143065147385186
-0.452161640308671 0.0687241780740997 -0.388502400941069 0.196781280063604
-0.357138940219086 0.203910036804147 -0.364530621205182 -0.100291823448038
-0.189001218932019 0.247107990115992 -0.470996184756851 0.139472280670953
-0.0595937986811867 0.220802957534361 -0.10079975835913 0.393112501325462
-0.0145924711413335 0.264542224964653 0.248856593518404 0.191400861671499
0.0746032540226795 0.302416486134246 0.240546923140353 -0.1660206619273
0.173521361613057 0.307983443791708 -0.00135264574060091 -0.334918274018982
0.267720763402651 0.34909156921007 -0.199647269479363 -0.378125913071574
0.273789874700624 0.369870462880888 -0.296842633278768 -0.369368763213042
0.251600765142546 0.434411705693225 -0.291090500607103 -0.386075483463733
0.118458334375629 0.540815638551598 -0.16599199966727 -0.401102442605234
-0.134985569779337 0.529360603039736 0.0369259870572052 -0.28193593188303
-0.388159218508535 0.410813498542521 0.0445797987115296 -0.140574183471924
-0.530693334488465 0.229606191496396 -0.0503072981630685 -0.0927278240330646
-0.492211213797032 0.0989960988409311 -0.183070761534812 -0.155705821220097
-0.597670233873807 0.088739190169404 -0.194710768780404 0.152269130463004
-0.480088060124296 0.257185787944179 -0.323842405970559 -0.193644519763387
-0.29302536513461 0.279353983084 -0.500806154797427 0.136076569521043
-0.176942423166837 0.282506193592462 -0.135415181767119 0.417512016030649
-0.100462346050674 0.387992117043096 0.223022967181568 0.256042251407892
0.0546807894412972 0.44537728791323 0.26325000454966 -0.0549856297827115
0.209507056126096 0.446841752746341 0.0794607356270468 -0.187850838958182
0.338589223533542 0.468818970837289 -0.0741904169350577 -0.221729175582736
0.351266022738609 0.471776375758564 -0.167091359349393 -0.20687310931476
0.321134292573902 0.53630864623267 -0.196855703294798 -0.209401071529721
0.161300608240759 0.656912847453067 -0.160514721472074 -0.229280744837199
-0.130951746923894 0.621545483119952 -0.042302038820475 -0.222071149476542
-0.363286776861678 0.477387840277201 0.0356615579768985 -0.21044029349784
-0.523727839533458 0.34488332417272 0.0793834942384106 -0.182136476313546
-0.552217846547925 0.214224635265862 0.0263229099890928 -0.189834869140303
-0.639708498883217 0.0903818174573297 0.0307422022314277 0.123271728418581
-0.518233781324903 0.232441662967269 -0.234870495446074 -0.225431358238037
-0.384253232539568 0.225623584189751 -0.462697764087117 0.141998940999745
-0.32731406047727 0.307309383219696 -0.159919986422166 0.416521430615776
-0.196942361217633 0.486680367910107 0.156784874886836 0.333920967672677
0.0309479490021498 0.545906096589352 0.258664989242181 0.106937729620359
0.225498233399591 0.523884214500024 0.163669856124579 0.00702668338678845
0.354493183716327 0.519428873770624 0.0637872809733486 -0.0329609711145454
0.355699832616248 0.502800579775586 -0.0204512525508464 -0.0324296113799142
0.300866468117416 0.548124388803965 -0.0820584440778371 -0.0407357003310269
0.13555203161586 0.635333106629934 -0.129366424156507 -0.0663893486064407
-0.131087040211703 0.548249262913665 -0.106992598943293 -0.170108243695206
-0.256392346415501 0.410993456830214 0.0383646450833879 -0.289385090914083
-0.403071543577545 0.388066673187679 0.206811025446348 -0.276228407633255
-0.519451415320631 0.297915881528817 0.230985429458213 -0.236582908607872
-0.563866660937382 0.0827182141317902 0.243570258470828 0.121769163431894
-0.45106505790795 0.159668920891774 -0.0892553050796915 -0.182720113683804
-0.404080697513767 0.123244354815166 -0.340538858790055 0.125598173626671
-0.415022199428495 0.282494091278382 -0.19341167428469 0.366176464448867
-0.244515389975763 0.506467091490115 0.0529809839955466 0.424161720231683
0.0182803983108203 0.555658468817219 0.236831297514559 0.30227174514771
0.217041771970686 0.517558881728799 0.244931891936866 0.221811677677869
0.315668849216623 0.491928705572571 0.188712499065427 0.158677773451834
0.289696207954578 0.462230247276929 0.102290397486244 0.134459532380638
0.200513209382915 0.478968584648144 -0.000959499368855325 0.100971284887713
0.0402661258322608 0.496255944417515 -0.118905505708679 0.0448614515927456
-0.137644363696843 0.351808488354014 -0.154437532113329 -0.162569632886937
-0.114335682183459 0.25488196558556 0.0731531208724863 -0.355374938683773
-0.234428362999593 0.360111099269125 0.314197376540391 -0.322173093761344
-0.424370476347426 0.32501279322923 0.39559689207636 -0.274887521492964
-0.393830694284113 0.0863970198366392 0.409446800514598 0.13066761147782
-0.296470316938643 0.0927328833268353 0.0769627481215548 -0.111182836411076
-0.320316739355368 0.034732042796829 -0.19762453187771 0.0750151112160885
-0.373372300857333 0.216003140652299 -0.236318358067378 0.300266122728995
-0.206099270211654 0.414889506901635 -0.0397998152038028 0.513607585249601
0.0191596019533101 0.446239747123368 0.222305373441541 0.486234144593435
0.178290129881265 0.42050982468783 0.31695297002612 0.414921578804645
0.229910197601075 0.390735609299937 0.287762078456583 0.325725805138117
0.1801382367397 0.360282581451544 0.177432491436702 0.27961599199417
0.0715698827234057 0.345406469160219 0.0163736557257359 0.200393001240831
-0.0524895347885444 0.291907941920718 -0.148997284966263 0.0803681153869716
-0.112734207781151 0.128197556540418 -0.164824421195338 -0.207927599707175
0.0219171400909341 0.104563712140789 0.150520741040663 -0.380370050813544
-0.0819576143464558 0.296190377634069 0.394206234590563 -0.288248095159952
-0.298079395526333 0.291363600580862 0.504726580482248 -0.289063876785745
-0.165404450820443 0.0947149135112429 0.500751994648334 0.121997997106796
-0.0873134893762463 0.0510596934344632 0.200624057779098 -0.0669233042423517
-0.141172118186807 -0.0227859601606808 -0.100569392625813 0.0152295163411775
-0.215352322938489 0.0984662210812309 -0.268089422950448 0.266088400810875
-0.113094907579196 0.220486324823657 -0.0733463400788104 0.581841275949793
0.0111429167689501 0.242505622696355 0.230256254396506 0.609448613225609
0.100518936618996 0.246495350971668 0.370588780424392 0.54396758220333
0.111629485844947 0.229858558057854 0.34561343705023 0.441954415709852
0.0611874202828114 0.21049276096977 0.200119796688681 0.384725557283032
-0.0271468655450511 0.174137876389294 -0.0201906714372809 0.2495362710023
-0.0949258408930387 0.091002629806265 -0.189436669007476 0.0451899497575008
-0.0583464662714119 -0.0337905346560326 -0.118593346535179 -0.272077103117228
0.104083586980429 0.00773527250541263 0.248184826100049 -0.34155554243757
0.0220250880839683 0.20421277604954 0.436091362766179 -0.189606677534493
-0.14998456581253 0.205599139543477 0.566077321223634 -0.270696586150228
-0.0277595993386664 -0.0575834106157018 -0.546365026625716 0.241658551092288
-0.0890411187394872 -0.0419722354172631 -0.384350208971484 0.0951133939818297
-0.0865373505396604 0.0596909738680405 -0.353323219569462 0.25314279360603
0.0140956177753305 0.0854208691659209 0.0404383452263686 0.361266892560143
0.0561466379911571 0.046624456291644 0.257096636444414 0.0521713801683903
0.0603255328074381 0.00334184914031834 0.121390803128004 -0.270149760339047
0.0356723670076098 -0.0337899989611069 -0.134256234356644 -0.423614861860919
0.0196339443658491 -0.0297054502588524 -0.324903468350995 -0.480601442259469
0.0106710067926389 -0.0211494237605389 -0.384943596819037 -0.525650688081566
0.0360510852158583 -0.00876025745710628 -0.285486907528187 -0.584705288671284
0.0651145213662305 0.0171771884383473 -0.0449635195213684 -0.561120198147659
0.0562033459192708 0.0789830875868554 0.183419936036659 -0.307852055522989
-0.0894351845054102 0.131955866036236 0.0670013018313605 -0.0605587886895754
-0.163325827991759 -0.0046272672140593 -0.173367718451009 -0.0323538671395452
-0.0869110931917912 -0.078400442061255 -0.418184290801506 -0.138476214463581
-0.231884425028825 0.0178169623896269 -0.491468630531874 0.226721954849104
-0.196336066563827 0.0871590665201802 -0.365990872725933 0.00100402868582854
-0.109627050937074 0.150699095474956 -0.404421752303854 0.174206013816927
-0.00376747942174912 0.14264163763972 -0.0439602042059424 0.361662690588982
0.0342324825314966 0.145176908459851 0.250994094958003 0.123983538615133
0.0770327815177095 0.143796499582596 0.18472701681909 -0.228326312675554
0.112575349149441 0.131484667702089 -0.0766576659733526 -0.402406971764998
0.152618099658715 0.162652062409526 -0.283903360557209 -0.454738778718235
0.144787191410463 0.186961940532866 -0.36508605748022 -0.467844304294211
0.133871383316672 0.232490206540304 -0.312420278940292 -0.507763742987273
0.06532731069566 0.292945918931304 -0.11831639081288 -0.50468558334596
-0.0767521558676275 0.306681387380086 0.11800769561753 -0.305078631589798
-0.280169975921857 0.257473558465003 0.0506424107230219 -0.0859678553414466
-0.382401675745824 0.0901972509361974 -0.142096613178348 -0.0438725873891278
-0.315712267348103 -0.0104207155238053 -0.333143298681187 -0.140097198474244
-0.433581217196919 0.0686618915400666 -0.369683187820772 0.188134038202772
-0.3372280252958 0.198051557835593 -0.348978015952355 -0.0986786052691508
-0.1759613412383 0.238078568024779 -0.450220617606251 0.136162145726568
-0.0537713411512499 0.20962609556016 -0.0974307368883838 0.37420111893205
-0.0106698283369523 0.250530926410085 0.241341712057461 0.181908856078176
0.0734575579827436 0.285333473197009 0.230946608300512 -0.161420956608017
0.167349584794909 0.292651314562998 -0.00476588359399866 -0.320241309312953
0.261921176014854 0.33109312907342 -0.195645451629893 -0.357831544374122
0.267189214584569 0.351182113450118 -0.286342397610143 -0.349101224736872
0.244129210762237 0.413246957287357 -0.281495517848786 -0.366164769556717
0.117905108191513 0.512537100722474 -0.161175995300146 -0.376615088339195
-0.123467045067659 0.506927264105035 0.0365430228985756 -0.270876923572291
-0.367610846431736 0.394578156815055 0.0389730604030203 -0.135921788874402
-0.50425516902592 0.222639254124453 -0.0475484655583057 -0.091101677806932
-0.470084726494263 0.0930972764290986 -0.173533438571821 -0.153100555095149
-0.572927195813253 0.0890616828806551 -0.185932652695796 0.144252834600884
-0.455080771676812 0.249632241787847 -0.311776559934897 -0.187582824401498
-0.276239253799733 0.270545740855405 -0.478242395308564 0.134126350762426
-0.165252461018809 0.269390789055701 -0.129998923122179 0.399760478060192
-0.0917941226468582 0.36772164051297 0.218305425233366 0.244777754715213
0.0556274354376298 0.421562509882251 0.25260100726647 -0.0581359344750476
0.203712314461556 0.424547659969483 0.0735140632176495 -0.18160231182981
0.330215741214562 0.443750981759652 -0.0736021931459341 -0.210187281144706
0.342346033055645 0.450151052227825 -0.161726294639428 -0.194938992919019
0.31202547103625 0.510348517758813 -0.189215645192009 -0.198735223972624
0.162597032579206 0.623039053573926 -0.154710045799589 -0.214722999267747
-0.119053252315806 0.593877490696224 -0.0393828474519248 -0.212049268944467
-0.34241363769509 0.456664424116366 0.0291952007313438 -0.203934522124896
-0.494936105736363 0.33428419236776 0.0749793626705203 -0.178213362059414
-0.526425653562521 0.20224926925709 0.0249390074733084 -0.184701132784644
-0.612355108092589 0.0896204250436418 0.0278162600402716 0.115199813935712
-0.491382427054563 0.226642238666668 -0.229901593863363 -0.219172653306784
-0.362846063638021 0.219587335145497 -0.441789736756034 0.139644885441153
-0.307759482298789 0.295162141913282 -0.153079611540169 0.401229249722748
-0.183132302450705 0.463213036432392 0.156380982499671 0.320144483351426
0.0338122572596027 0.518399456051169 0.24885157132239 0.0943420474051767
0.221183404373829 0.50036482680917 0.155034169797857 0.00265631266367788
0.344660179574433 0.489671663394995 0.0612141217904381 -0.0317469469979781
0.346706377335741 0.477820866311431 -0.020079073824163 -0.0298290570214993
0.292142050323644 0.522290671603432 -0.0784803890236145 -0.0377165386212435
0.137228514100812 0.601293609866795 -0.122989532922899 -0.0598926739878565
-0.118647081732505 0.523683915349954 -0.101308027533528 -0.159960716114183
-0.241275188350715 0.392005166450685 0.0297515974945858 -0.279451089602144
-0.378194664025099 0.371549891164432 0.195432622286326 -0.268538064173904
-0.493772425930849 0.2824390640316 0.218605706140057 -0.229729948249289
-0.538181390704231 0.0808555944494911 0.230559783851231 0.11281487784798
-0.428460041545074 0.155861865461224 -0.0907691291919883 -0.17752431370906
-0.385739780375952 0.122451401710162 -0.324857375517892 0.123215858717463
-0.39400563363939 0.275061136369374 -0.183770470485069 0.352066218718451
-0.229360062938299 0.48515459514259 0.0577275491607726 0.406577508636338
0.0198443733197511 0.527591722332738 0.228255407665536 0.281157393159557
0.213444423137781 0.493224525655592 0.234883663311237 0.206676397497991
0.307275500705419 0.464442826292398 0.184303713537061 0.149548722931163
0.282535076111085 0.43966519725148 0.09874838637969 0.129692099642503
0.195076324953512 0.45552026042562 -0.000481081207918677 0.0965501848966075
0.044649747913128 0.470314532194794 -0.112776215897365 0.0454781105425629
-0.127205566612164 0.335344103665132 -0.147435622202462 -0.151118806084683
-0.104888616322135 0.240598720180552 0.0630407894281724 -0.343197125657169
-0.215909773366754 0.344240275031933 0.298395653058807 -0.311109911417889
-0.403770859028502 0.308507750225684 0.375029227607846 -0.264570480036908
-0.3758641549642 0.0838975609010977 0.390572783349733 0.123421162256048
-0.282024959200142 0.0902820172594561 0.0683468249587264 -0.107827836529447
-0.30612413427108 0.0371136663956101 -0.187879946488582 0.0732455868968354
-0.354580795459037 0.210196863413011 -0.224594106852097 0.290186946825437
-0.194624755178162 0.398241485103271 -0.0309719488318467 0.491646605629439
0.0217423155876653 0.426095238313965 0.215270721800127 0.459078762181576
0.176064882717907 0.39906162480302 0.306837637363992 0.390869190056508
0.224391997145275 0.368693579356143 0.281790587966328 0.306910410177493
0.176815945035516 0.342914764514426 0.171913505235129 0.267019788924357
0.0705999407622584 0.328214997129327 0.0152608814464423 0.192112681170802
-0.0477731596885181 0.276242275529927 -0.142369198415299 0.0785936342461619
-0.104283461077211 0.121400199772517 -0.157792735105554 -0.195427953938914
0.0244156714762549 0.0974306557591992 0.140450261917412 -0.367079737253192
-0.0719942979433568 0.283390358728895 0.375059889639379 -0.276742505123471
-0.28412356160435 0.278699066471449 0.48053200682958 -0.276198153577199
-0.158267079569859 0.0902595191213681 0.478601604910257 0.117776374618813
-0.0827947190164119 0.0498194299513774 0.188863067836143 -0.0638312118147467
-0.135636643220141 -0.0195674605660632 -0.0957414445133931 0.0145495385674666
-0.205289486632187 0.0972886056571485 -0.256950311548655 0.257321551356305
-0.106901510750185 0.212150385388527 -0.0632572073805423 0.557273149977628
0.0111721888091523 0.231751235713122 0.225157593721446 0.577475633113813
0.0993361492189734 0.233461000823805 0.359046069175516 0.513179955672776
0.10852799718969 0.217792131026982 0.337602291186025 0.417286911110625
0.0604488201799617 0.199675538360054 0.196286686532821 0.366203278923832
-0.0249014009086312 0.165892861067021 -0.0191535109608244 0.238842938352167
-0.0903469735510382 0.0866539906628834 -0.181753671678617 0.0436838525353389
-0.0544625676301985 -0.0321237191665716 -0.114978303011783 -0.258433066871812
0.10103145953939 0.00592647716662784 0.234672089237321 -0.329262123799797
0.0248100691541982 0.194855324335107 0.413361768899726 -0.181426559079255
-0.142865030017231 0.197154101022642 0.537346849868424 -0.259745305947093
-0.0266838029561221 -0.056710951270352 -0.539118326048355 0.225650998653093
-0.0866692382499998 -0.0426766409363908 -0.378484285851716 0.0833404469714768
-0.0858550661068296 0.0571795346426522 -0.353611406569846 0.244874664201609
0.0118329767896646 0.083684087376585 0.0322421219258672 0.355483287812312
0.0545355375906003 0.0479278210975925 0.252680951392587 0.0564857774688822
0.0593718760583464 0.0054521169051667 0.125481136542079 -0.262960650533847
0.0352305718640784 -0.0319720670962011 -0.124584405142944 -0.418241631806107
0.020501858770712 -0.0283814479421419 -0.315823688909675 -0.476374743975057
0.01247904987472 -0.0193987369163991 -0.369527351688239 -0.520970736713447
0.0358619457112544 -0.00694404035682172 -0.273035450541433 -0.57887459233632
0.0644261523671326 0.016682476544899 -0.0355561241119827 -0.552137053220736
0.0534740097076199 0.0781926747128384 0.18696704730943 -0.300576910560317
-0.0898395208938085 0.129308055973774 0.0669376719352088 -0.0571487422474431
-0.161384988070032 -0.00757190336093539 -0.169107705307718 -0.0369742794597625
-0.0854233297016106 -0.0796089507165829 -0.407795092822686 -0.149841156352468
-0.228926530583317 0.0135063068440694 -0.486015035018061 0.210511922076049
-0.192382347108541 0.0830001349959706 -0.358461432583171 -0.0089380627207881
-0.109234374890627 0.146604008207508 -0.402326513626675 0.165160830786896
-0.00585319182335458 0.138419360115908 -0.0523546391839721 0.354032843179263
0.0318486836784966 0.142430875533106 0.245735331004181 0.127212564470642
0.0732281638636678 0.142059260819599 0.187073020869797 -0.221549131537457
0.108592476792325 0.131657927685952 -0.0683161907924594 -0.395641848330324
0.149284907410928 0.16180620507593 -0.275468002814679 -0.450271897166945
0.141255394978225 0.187355631680664 -0.352285062214796 -0.463897529461241
0.129440540791278 0.23081060489123 -0.300012167784269 -0.504210167534613
0.0618056601516871 0.286718195771353 -0.109810771208341 -0.496307481220144
-0.0801857293725416 0.299435968928375 0.12265354116482 -0.298447973594206
-0.278458530886474 0.249418299439283 0.0507476520781393 -0.0836845080542834
-0.378397256527296 0.0824871771236833 -0.137893231673707 -0.0483442135375694
-0.310409669609322 -0.0182984465348742 -0.324185044509726 -0.149510747454935
-0.427288742695237 0.059570073076243 -0.367547614133147 0.176466927599541
-0.332900362788204 0.189905272547721 -0.343031729801632 -0.106354029622371
-0.175178527245794 0.231911782092623 -0.445952255344189 0.127814653205177
-0.0548160682012351 0.202983788676321 -0.10604778881313 0.366834326740538
-0.0138495704477885 0.244101587260604 0.236773999457857 0.184237730510328
0.0677610568190501 0.279217528395372 0.231187170851575 -0.157585962938088
0.161228498287766 0.290513075972292 0.00076995827042468 -0.314812169199691
0.25454494944588 0.326563517017152 -0.18946902003315 -0.354054789520372
0.260763599282283 0.350775101552186 -0.278231791058032 -0.34544363020058
0.235471502099118 0.410629305660257 -0.269696964479144 -0.36269129636561
0.11191431965772 0.502438710782815 -0.153832023195997 -0.372672844790949
-0.128937645060462 0.496244840856449 0.0417837518324689 -0.266255220775493
-0.367778785554753 0.381074251724583 0.0384965710428954 -0.133959685793256
-0.499068389323049 0.210013730141781 -0.0440586720286478 -0.0940495180142533
-0.465118486569008 0.0790671372603097 -0.16724290376586 -0.158424132073965
-0.566229480967597 0.0771796241030781 -0.18835671627573 0.135529158502436
-0.448785957762113 0.239073928338455 -0.307577703345544 -0.194924031852337
-0.272752378997705 0.261903490014233 -0.474477032936427 0.123694361705523
-0.164159392097828 0.261487649546951 -0.137060231021389 0.394272093888461
-0.0948723075741122 0.357855209498071 0.215274671674033 0.245192789312613
0.0483632009955636 0.41271177063157 0.251181834112151 -0.0570374635759407
0.194167685141801 0.421036135717506 0.0744618363212865 -0.178441818485739
0.319810775813687 0.439676473498961 -0.0698070839600926 -0.206848643559436
0.332676650737068 0.44825724847443 -0.155810323267671 -0.192649791276176
0.299642717663646 0.508183721539757 -0.182602174002468 -0.197179673962484
0.15396013379156 0.609081461795442 -0.14761750858358 -0.210402234687026
-0.125223458126732 0.580062084671797 -0.0333007885631681 -0.208336838368846
-0.344444595777138 0.443073070474911 0.0276000081069199 -0.201970459308226
-0.490139429238965 0.318143245737194 0.0768904469194646 -0.177934856392895
-0.522864236486674 0.184031555598294 0.0278971155563532 -0.185470153649042
-0.604233883343564 0.0761090181878396 0.0220596072562586 0.111941992560609
-0.4870611514803 0.216851580752346 -0.226772049384121 -0.224054823224179
-0.358279543707172 0.212671472889582 -0.438766909526125 0.131808292050657
-0.305013497427141 0.284348833627327 -0.158607247907777 0.3931612252696
-0.186974735623647 0.450895168246122 0.153098601451019 0.318395808373588
0.0242120114491095 0.508664076759805 0.244435352953327 0.0912265677950125
0.210774040630716 0.4940198643528 0.150933049969446 0.00307728905179414
0.33355814164085 0.484832001753401 0.0615636798844255 -0.0298991388427221
0.335723006667158 0.476199988557956 -0.0192743096722916 -0.0278137112919368
0.279791898056913 0.518600218458766 -0.0770645812827284 -0.0382897443620758
0.127405191263882 0.590417153985729 -0.118836219452218 -0.0581150163673949
-0.124019838139206 0.511457790470769 -0.0956116234184863 -0.157684074274361
-0.242226818145564 0.378342839415002 0.0294790639951778 -0.276092333177044
-0.374241742536836 0.357598894200664 0.196230431543527 -0.264153305381864
-0.491181992670165 0.263885191365027 0.218847354612226 -0.223635506461791
-0.532195820427302 0.0692677393058011 0.221762987686894 0.115183883571034
-0.422014213310406 0.147131408077362 -0.091894849305575 -0.179320292038986
-0.379063102254854 0.113501012093589 -0.322326789475469 0.115986314947896
-0.390623266956569 0.263276224902537 -0.188768918624359 0.346226213919089
-0.234231267514285 0.473392136936241 0.0548137901697509 0.402095909516615
0.00942088304621196 0.519268241700464 0.219978113536775 0.274602395310414
0.203833417557763 0.488567545976338 0.22611962627779 0.204186510604833
0.297367079897929 0.459144970817052 0.180803154799492 0.14969345343841
0.272217210172901 0.436133039692661 0.0952801801816794 0.130744393679232
0.18454935598994 0.451114387174344 -0.00326696203818063 0.0952154565192587
0.0386280301534282 0.460422989967782 -0.111254777884571 0.0452299599808577
-0.127038407500402 0.324481053288365 -0.141277095667328 -0.149231687822135
-0.104223454266593 0.231563587448386 0.0644063665061277 -0.339223577851075
-0.213916150987448 0.332576152690366 0.297446989830376 -0.301954827846719
-0.40278935154586 0.292327132273308 0.373747235581459 -0.253911367072386
-0.371170680218402 0.074302709238564 0.381119645239044 0.129538927042232
-0.278178045037156 0.0847475917196304 0.0659579524360893 -0.105041941279496
-0.301357338393229 0.0323500573169304 -0.186669145536549 0.0700456695285448
-0.350264030411314 0.20165892930715 -0.227954720945516 0.282907390990224
-0.198217866227441 0.388754607187816 -0.0359200059103726 0.484883603391815
0.0121302142090536 0.418257152646774 0.203640146651609 0.450408469267663
0.16774598985931 0.394017168906194 0.29400846688871 0.38501929837368
0.2160914262589 0.364725372596561 0.275318766124659 0.305574067799601
0.168605157249616 0.340999488808269 0.166419645689512 0.266541120802862
0.0649201232412422 0.323076826826252 0.0101822556633351 0.189241574161079
-0.0496485044704744 0.268957143674654 -0.141426930275442 0.0756064846579525
-0.102413542874074 0.115728460588801 -0.15182871357849 -0.19255671855823
0.0249858933389538 0.0933970130764104 0.141444693899506 -0.361210133358886
-0.0723067702858959 0.276808841208516 0.37201218011875 -0.265777115761317
-0.283745556352244 0.266091773698193 0.477139421141737 -0.260686770690091
-0.157362714428263 0.0850155537534065 0.469507313838232 0.129482552780772
-0.0821996344479411 0.0481043050656047 0.184359428546336 -0.05731024964454
-0.133324750497623 -0.0199389738848887 -0.0941944203804974 0.0118970154136154
-0.202470808917828 0.0932947395942225 -0.258055482959164 0.249393060347171
-0.108102667606553 0.207432813257894 -0.0690191336234554 0.546199577775611
0.00670619196481831 0.228840865196882 0.211326414054464 0.569128823204099
0.0963114969150459 0.230269818715465 0.346344141812139 0.506565598222993
0.104079269616284 0.214932348108126 0.328417567840021 0.414507938760946
0.0568255049279529 0.197375549652593 0.187148787368469 0.363542835924271
-0.027818355513069 0.161706232131473 -0.023647471802655 0.235103503259389
-0.0899883538711515 0.0829525560855353 -0.180349902672529 0.0402617020826241
-0.0513076928912721 -0.0336619344179161 -0.107053342452306 -0.254231114549388
0.10142198971223 0.00643421826202521 0.235469133820272 -0.321600954651193
0.0237194599997361 0.192818178534377 0.409619320128934 -0.167953349703608
-0.144414812670718 0.191022449803722 0.53282039194913 -0.242073327414524
-0.0259345783040009 -0.0579581835483012 -0.554040414807298 0.218672961838164
-0.0873454267302473 -0.0454070746071492 -0.386913122196625 0.0752994969105228
-0.088952691671829 0.0568263774317694 -0.365707640423937 0.245850062311165
0.00908765748190012 0.0850995311475164 0.025344890247716 0.363034543121926
0.0553351727503675 0.050767132025181 0.25804889318531 0.0632958813831306
0.0608223206591401 0.00689740820882695 0.133114141827438 -0.267413484305512
0.0360654170203783 -0.0313095117932193 -0.120885415830348 -0.429083524230658
0.0214277286251612 -0.0285848722991073 -0.317817901106574 -0.490932443257007
0.0140079467367508 -0.0187849290620584 -0.371084427396347 -0.536199056288947
0.0376151152112426 -0.00634072361173043 -0.272779421717931 -0.593328089659446
0.0658492018372531 0.0164818361800092 -0.0300237476757188 -0.564156108139299
0.0535007678306544 0.0795748814987621 0.197460594749266 -0.306236917032489
-0.0928905235313447 0.131729305933713 0.0688553259229306 -0.0565853455746148
-0.165692908577445 -0.0103888283106108 -0.170950529991276 -0.0423551299934613
-0.0863952293033209 -0.0843468177672554 -0.413160797032243 -0.164986224195449
-0.233802359683683 0.0118056638195813 -0.499843801724623 0.205137719627344
-0.195764404283136 0.0814786406384869 -0.365992730728887 -0.0178861281611027
-0.111711619692703 0.148025085151859 -0.412905435274579 0.162809029772342
-0.00794744603838233 0.1394540393945 -0.062759462450222 0.361021121156048
0.0308834378106639 0.145627115193861 0.250520231465318 0.135894025228632
0.0735107022020389 0.145741193484897 0.195647414445622 -0.225172126642119
0.109969585412323 0.136841993925961 -0.0645060083240163 -0.404778001791271
0.151447382519037 0.166322578395082 -0.276789841662374 -0.462407766847036
0.144747057284051 0.19500028003118 -0.355767925765741 -0.477662899203079
0.129378873383897 0.23819578181359 -0.300124124876836 -0.516865452719202
0.0598639367334863 0.291412500891619 -0.103735858629721 -0.508730327762233
-0.0860844918199147 0.304954105844966 0.132141780842426 -0.304970397739511
-0.289464597864272 0.250876301403908 0.0516182720190094 -0.0847274035502632
-0.389208013926949 0.0774171167364017 -0.139653020753851 -0.0536117402059091
-0.318035902379086 -0.0268384239102943 -0.327981655444704 -0.163588374497799
-0.437993416230406 0.0558391468179224 -0.378399135618271 0.171901633131904
-0.339458149302445 0.18808986678515 -0.351166598405044 -0.119021851025539
-0.17942294712043 0.234522626104447 -0.457571244153438 0.124258503232199
-0.0570774417279985 0.204699711106943 -0.118143012950233 0.373443525471843
-0.0167823619893709 0.246575030400667 0.240705947739501 0.193408255555764
0.0649763937780695 0.284832519277066 0.239759363445864 -0.159832566580019
0.161345552419306 0.299697589711469 0.00488291915202735 -0.322011367480384
0.256541985845328 0.3345120482042 -0.189262076029623 -0.363348257930531
0.26393193737286 0.363575724029153 -0.278817960910088 -0.356246259179605
0.235290927682887 0.424387009786004 -0.270942958541866 -0.374328383181427
0.109489310997068 0.512357768653777 -0.150798824280211 -0.379681780611399
-0.138221841061628 0.504357768809944 0.0491665175228936 -0.272365268435651
-0.382072346946624 0.38276899654239 0.0394638141402019 -0.137274802512622
-0.512437380810453 0.206404199331463 -0.0425134296151498 -0.100847321827696
-0.475627727919736 0.0694069344635193 -0.168233923224574 -0.169889464897534
-0.581007618158027 0.0709483938604978 -0.196370582717168 0.133320270047721
-0.461037815521975 0.238735372006379 -0.314844813449972 -0.209115419197075
-0.280477452522049 0.264975455125 -0.488165267911853 0.120334566815722
-0.169356410836397 0.263053589284108 -0.150551967366692 0.401070726793159
-0.101103714531359 0.361648155993129 0.218437184093471 0.255113071353576
0.0421574732732509 0.420986463405441 0.25760043928876 -0.0581400244136688
0.193983935133399 0.432113746620913 0.0781775142717829 -0.181852831192624
0.322441807700897 0.451111270221318 -0.0683480136625009 -0.210925005752599
0.338153083299767 0.464287902140772 -0.156680899655698 -0.197303361880875
0.300949130719324 0.521518862204735 -0.183608663243885 -0.203464102305145
0.150693656846136 0.62280625160283 -0.147312532471137 -0.214060659610967
-0.133896530330621 0.589538461715257 -0.0285635098363912 -0.212992115758063
-0.357584516369749 0.443775303200369 0.0275471731684554 -0.206712726432605
-0.503696327321512 0.317798104186302 0.081406056055099 -0.185053257131114
-0.538080181049254 0.175710273857012 0.0307393288047618 -0.192916220478318
-0.620069683058744 0.0673668866876661 0.0172074265056151 0.113671124328706
-0.498034702447259 0.215046135152776 -0.233011635698518 -0.236328529084954
-0.366806165940387 0.211977148641957 -0.451936116324955 0.128693977446957
-0.312544440661945 0.284727790015272 -0.171126691068081 0.402201103507601
-0.196832986799681 0.456816577625102 0.155396143520169 0.328415209005889
0.0150177140792827 0.518035175980416 0.2469564859871 0.0918704766825621
0.209797494877593 0.507430233021487 0.153302758008881 0.00432973911825632
0.337000806172743 0.496638506064499 0.0639917336167082 -0.0297598385401503
0.340128073297679 0.491199747670762 -0.0194382556350598 -0.0273842410469929
0.279896050150654 0.533524516448958 -0.0780161663966018 -0.0397300446745775
0.12291365239038 0.600661181973799 -0.119543076080769 -0.0584234907251018
-0.130911194212575 0.518716287494644 -0.0938317029930714 -0.160762613098114
-0.25142407028135 0.378593036542576 0.0300219838635286 -0.283614893346512
-0.38489490097752 0.358275526389052 0.202743416138789 -0.270529838942425
-0.507280663714507 0.257981736189909 0.226355555809598 -0.227130770890936
-0.545947002111261 0.0615703963456688 0.222379717295185 0.121533483516379
-0.433735228060491 0.144737509116441 -0.0955099130746375 -0.186128724673821
-0.387590547543019 0.11108984296201 -0.332519994189605 0.116239125959568
-0.400343459859593 0.262277118082721 -0.199075674760232 0.353099348358297
-0.247110287203041 0.478332643464828 0.0526386443707128 0.412194698317266
0.00148768861983575 0.529400769654103 0.218780782394146 0.279943192841389
0.203048567241245 0.500070886449937 0.227391476512682 0.210791367505163
0.299694499422332 0.4700119996963 0.185198668440148 0.155210613999991
0.275365561256953 0.45004363789905 0.0963047981240341 0.136677268767704
0.182365169029301 0.464204457557489 -0.0057045166876074 0.0976712456955547
0.0336262552457937 0.467765305192956 -0.114170965931473 0.0462956403863136
-0.133483408097302 0.327928466980609 -0.141572216918322 -0.15280211428307
-0.108070626406061 0.230649300107218 0.0668752224853958 -0.347487834563065
-0.219629678165024 0.336738317730759 0.307516180471247 -0.306459733031608
-0.417652785187768 0.289032304145505 0.384777593520524 -0.251847394874121
-0.382481456072469 0.0677449476129725 0.385562759986839 0.141230547869275
-0.284704592397419 0.0833320413401967 0.0645243985145752 -0.106295375342895
-0.307530148469542 0.0284380145744917 -0.191981617002347 0.0690020272330703
-0.361989006083227 0.201111375722304 -0.237688790020413 0.286981958776016
-0.209206191534424 0.394436050404732 -0.0407218048477382 0.495044051696027
0.00457261198107447 0.42849824796857 0.199829160057544 0.460115423459963
0.167950643913375 0.403530691004693 0.294317654774766 0.396809871115899
0.217371551459866 0.373916731596651 0.278072963139725 0.3151406410579
0.168243875345091 0.349491751451712 0.167697793085437 0.276931664946526
0.0605022467379703 0.331379410551282 0.00715504095075569 0.194793444277979
-0.0548249856017737 0.271985907409618 -0.145789655384011 0.0763307572343137
-0.104474134207352 0.114096172605128 -0.151107538961096 -0.198664056931594
0.0271837423805802 0.0925405433293808 0.147357578265807 -0.368324283526024
-0.0739705024029966 0.281129675523143 0.384623580252869 -0.265098540571295
-0.297335526771668 0.265882896233864 0.491864917845244 -0.25686407312549
-0.16225767372054 0.082800175731039 0.477398556588208 0.142300923328227
-0.0838690584085693 0.0490932705591628 0.187564268398529 -0.0539050714378138
-0.135249270040079 -0.0219904247738993 -0.0964301703353506 0.010292007309409
-0.207851657590616 0.092798122530603 -0.268769083140679 0.252216745219975
-0.114179144811188 0.210758823978991 -0.0770343665792073 0.558055019459058
0.00195907350892064 0.234617258046364 0.205792599959666 0.583819568872625
0.0960949084782485 0.235674661191609 0.348113617041189 0.519576107229043
0.104445600297548 0.219829963648917 0.334120873035396 0.425595534024218
0.0550458209923087 0.202188405849146 0.18941466179422 0.374179863124947
-0.0316568552425687 0.164500072022221 -0.028855350692006 0.241050180219573
-0.092091329286944 0.0823479084970259 -0.185909943657807 0.0379937282349384
-0.0501064283297718 -0.0361999179667195 -0.105018334395384 -0.261397516385302
0.106234265018234 0.00723723269945563 0.246796353953095 -0.325286967564343
0.0239599673716032 0.197333089059653 0.420616971723768 -0.165044050844844
-0.151390304714212 0.192855028299881 0.546834850863655 -0.23533620052738
-0.0271234830964091 -0.0599767792273031 -0.580741550087219 0.234159207932491
-0.0918132339695497 -0.0480327117942439 -0.406982931095524 0.0793769520113193
-0.0927461444477327 0.0607429096908289 -0.383848301086709 0.264377882941271
0.00959810753967977 0.0896588273489889 0.0282186622078565 0.38284514931196
0.060009360883517 0.0539067767476856 0.274031558114417 0.0663008733845368
0.0648008366106761 0.00722828334913519 0.138473706669938 -0.283162964918878
0.038167129068072 -0.033119219236348 -0.135176749126835 -0.451751824902904
0.0221539932512424 -0.0298769401285699 -0.345160328331581 -0.511850619923716
0.0161228029615485 -0.0196001182425649 -0.399259698618528 -0.560616047694364
0.0406756620155789 -0.0071128826104757 -0.295408341956926 -0.620994770436852
0.0699880518333062 0.0148156259553217 -0.0391889722033882 -0.591497127122576
0.0571667173017371 0.0827193702911012 0.206918278490796 -0.326759791378335
-0.0966557439612888 0.141370732140863 0.0721577395352664 -0.0593739966075871
-0.176445644606897 -0.0100141972045582 -0.181685930660301 -0.0445856125630047
-0.092681623465836 -0.0891316571201513 -0.43703075505836 -0.176971310093571
-0.246425910623435 0.0160558653658539 -0.526190743680319 0.218178341185168
-0.204621740243038 0.0875556964262657 -0.386363633800895 -0.0182577565413373
-0.114855341366433 0.15663659975172 -0.43469808621492 0.178094195802042
-0.00640367572446374 0.146034964927834 -0.0653422927743697 0.381502222419774
0.0358221633866667 0.152868154921834 0.266350531470028 0.142032402185232
0.0798343907264239 0.152010757451138 0.204837022341912 -0.240463585048387
0.118318121002859 0.142907721032725 -0.0735748542105421 -0.427497395594632
0.163517454486091 0.172826935668852 -0.300840606795973 -0.481967158292086
0.157783490287167 0.203872536099814 -0.381072285417631 -0.499255288289818
0.140730927120532 0.250122462318325 -0.322633766277736 -0.539917340048317
0.0671104389531447 0.303810116335073 -0.116796653642049 -0.531494138622347
-0.0865942697926438 0.321622270520954 0.137632844250851 -0.32546970133134
-0.303096903354579 0.266970949526713 0.0527892801193576 -0.0900906027913963
-0.409756018801637 0.0868781108915015 -0.147243326281724 -0.05830789188177
-0.336343384558847 -0.0276966606200983 -0.347847608894232 -0.175666802463523
-0.462989250954102 0.065252645644002 -0.399618169613153 0.18236294203142
-0.35407310064886 0.204194335479723 -0.373015300480866 -0.124258401802655
-0.183881544711287 0.249875084322254 -0.482718120293443 0.136135425523005
-0.0559631297419734 0.214827942028716 -0.123988262168313 0.396310592475702
-0.0126723043294654 0.258798386889273 0.258126089065637 0.203029033048142
0.0718624249178554 0.298428955064685 0.251970781203384 -0.174548707231586
0.175115617472542 0.313745347769665 0.000643666154757257 -0.339372535800336
0.277432955350957 0.347767966117907 -0.205431611042502 -0.379009109036988
0.287461000411113 0.380130631230388 -0.298998851223925 -0.370846575645292
0.25644926761102 0.444190814901078 -0.289745888747214 -0.389945268140091
0.123302195521442 0.534410851785773 -0.162602779394494 -0.396122589506937
-0.138287086232142 0.533073214502977 0.0507367484140957 -0.288773716120413
-0.399285067325609 0.407022734885634 0.0375952118537487 -0.14533205800168
-0.538151531453696 0.224099111286034 -0.0469399054150118 -0.109617726063159
-0.504195937204581 0.073559031213828 -0.179922337054569 -0.183015728448682
-0.61308197864665 0.0822692899423249 -0.208817589452172 0.140589579930829
-0.480996428522384 0.259618738568973 -0.337211216253479 -0.22092787443158
-0.288464112383059 0.28395499450427 -0.515995950684054 0.133907382729199
-0.172525512320697 0.276202053387215 -0.156231902309698 0.42770122268254
-0.099757606410896 0.379980964605465 0.23653139595098 0.266856044030689
0.0493152076042162 0.441689443673448 0.271241656071233 -0.0693037854391193
0.212776485688567 0.453059201776445 0.0794880942082227 -0.192561943730066
0.349913257287906 0.467058110186048 -0.0747409185812388 -0.219522018250991
0.366581365454943 0.484732319567247 -0.167793084510392 -0.204498864295402
0.326556495707839 0.547835724713372 -0.196919192539429 -0.211928075183115
0.168957440327137 0.649931036597712 -0.156065346278059 -0.221379502569839
-0.132974027124424 0.621312519901138 -0.0308690762545778 -0.224090291506536
-0.373300444128244 0.471377069570726 0.0234833043148676 -0.220226496126693
-0.524622183306716 0.342012678705368 0.0823083024264151 -0.200972348151596
-0.566456459131091 0.185695824440005 0.0294304402970818 -0.207904094875376
-0.655386548570753 0.0789030197561216 0.0159733126954972 0.118721624870785
-0.521567786774505 0.234905052622287 -0.253262769376646 -0.250463228124302
-0.381074323307199 0.229466995574954 -0.475690831300428 0.142017168052752
-0.324553983868131 0.302938867375075 -0.176899181307018 0.429804482479783
-0.201840300415365 0.482499021847459 0.171741012512168 0.344919028566135
0.0222247211383662 0.545506010469015 0.260851788663484 0.0895937702200257
0.230671670377486 0.531277296280023 0.160626039938306 0.00118949118800497
0.363231475794438 0.516602882347871 0.0685062314911156 -0.0312099900999679
0.369261719299686 0.51404210613088 -0.0205503906716768 -0.026201328299832
0.303886631737053 0.559800893510164 -0.0834673686249268 -0.0408135576404582
0.138627959475475 0.629128175956651 -0.125497533379362 -0.0575665437704922
-0.129717527190531 0.545878503320785 -0.0988534319569498 -0.166374060201024
-0.26068722001827 0.399080464878277 0.0240006519071001 -0.300806913335672
-0.397018367161693 0.382722902329702 0.20951032477215 -0.292019688782702
-0.5330008982097 0.272051461878942 0.235268887614298 -0.243855005689972
-0.577971068071689 0.0700311820497657 0.23289437417396 0.127134380115409
-0.453571054869674 0.160686449910195 -0.108562674164935 -0.198016934070857
-0.405304584553764 0.123524603925348 -0.350709659950666 0.127061851944887
-0.419133353003554 0.281104441864683 -0.206345288183239 0.377033485270114
-0.255508657950332 0.507127766810385 0.0647903062602987 0.434273349854292
0.00647421000368877 0.559581001515477 0.232774587821121 0.288393579514633
0.224002522909859 0.524641684831617 0.241059674239163 0.217167128822914
0.32295745196527 0.489886523136864 0.200010076177781 0.160931682090321
0.299128981358517 0.472250980611404 0.104863903853286 0.145178014484837
0.200189678312538 0.488499767610301 -0.00506418527371435 0.103534729396573
0.0431536128170918 0.490375696682278 -0.11878703435632 0.0520975655478927
-0.134306268406667 0.343544323941814 -0.149525148939022 -0.157698450508412
-0.107771239467629 0.239973880619297 0.0623163728846919 -0.369036363037769
-0.223760105893932 0.356993906111284 0.319622085563834 -0.328788858409609
-0.439564903804456 0.306181178688258 0.402263877538739 -0.269845392921462
-0.404235707693231 0.0750241233297268 0.406688909815721 0.148403186378766
-0.297943474033913 0.0939958650865508 0.0640929518644344 -0.112405752541521
-0.322473989968523 0.034333946743337 -0.201789167218464 0.0747812576506508
-0.377882368207067 0.216333188401421 -0.248527616230047 0.306877670185259
-0.217392756582459 0.420239319100427 -0.0336160320794373 0.523674170642748
0.00976323193088314 0.454815623850713 0.214501056446158 0.479999616296494
0.18487143417372 0.422940651066293 0.315156250321684 0.414164098079613
0.2363307822222 0.38867620916691 0.301293863521661 0.326804041461727
0.186036356973286 0.367111238334087 0.183146631582899 0.291719589236963
0.0684848108436037 0.349030882318715 0.00822314751573783 0.205454650837103
-0.0524336780121279 0.285972768618713 -0.153807271985295 0.0832267346250687
-0.106636662398728 0.118549282363834 -0.16103491945554 -0.206101974254057
0.0330773146042525 0.094506174302158 0.149093968163805 -0.393785054946855
-0.0706691480431233 0.297055203461285 0.401259282190961 -0.285014154040076
-0.311578617568085 0.282838311560311 0.515989652785437 -0.274359371616221
-0.171154745357518 0.088802638548908 0.506289323442712 0.150812713024802
-0.0862132552194043 0.0546337146019731 0.1948068863563 -0.0569801471747611
-0.141897109434162 -0.0209414140058736 -0.10256440561607 0.011220629298547
-0.217585099049833 0.101021350527305 -0.281316430326233 0.27077641166911
-0.118488135387794 0.224660406392618 -0.0733069355879507 0.590776698585333
0.00444171305667228 0.249325393433903 0.223471660307277 0.611877820398427
0.105954890274913 0.247027832473314 0.37328247630981 0.544385160909127
0.113502499096543 0.229344506833439 0.361361260338428 0.442895410404863
0.0620448341705041 0.211917580592109 0.208065723689239 0.394982879617873
-0.0329352990085397 0.173383760224603 -0.028743005585617 0.255829692443089
-0.0963894411164286 0.0877264584021088 -0.197052622256823 0.0419255486762457
-0.0511242161305489 -0.0395755369056938 -0.112431596686853 -0.273219269130142
0.114829518873112 0.00503920713179423 0.256326398078762 -0.345732912088611
0.0294731794898902 0.208626304469304 0.440826066276884 -0.175768541452799
-0.158786436312318 0.206196073592201 0.57729165956194 -0.251271212737283
-0.0378305753578887 -0.0648805292213244 -0.567178180331529 0.358066626305247
-0.102803714854807 -0.0410544140672743 -0.409589665949102 0.154087314834212
-0.0854750998500074 0.0748617687901625 -0.353438283158137 0.347742793003386
0.0190299906949273 0.0912370909487732 0.10187709636036 0.390895326209391
0.0713480857367547 0.0509149029431713 0.297224013772444 0.0170217481883595
0.0708159140925597 -0.000730148648196939 0.0906481204672898 -0.323263719172241
0.0357055876828434 -0.0398234438350124 -0.234296590491217 -0.453263121084634
0.0226293777128154 -0.0356715777532723 -0.452147624614526 -0.470833268947121
0.0184131732848218 -0.0260680547391416 -0.519514651566162 -0.518815936973359
0.0477799253490466 -0.0156892275052737 -0.418735739395073 -0.598439174125394
0.0801961279495826 0.00359904482478398 -0.144864006652669 -0.617301452164114
0.0718505070592759 0.0790714887293206 0.161505996529819 -0.385321510278105
-0.0744274478822548 0.164540197541052 0.0687068990879297 -0.0736693656530765
-0.183611236117158 0.0203486200285986 -0.197609183582748 -0.0131558250697374
-0.109463272075525 -0.0740763872589158 -0.490908540818109 -0.118602212888665
-0.257053862469999 0.0597837167350726 -0.501228215021368 0.310469242812432
-0.197586735990109 0.122548286208606 -0.40492602499065 0.0397958086261654
-0.0895766689031435 0.179184463210585 -0.424274132078166 0.257105185339184
0.0130503492819271 0.149753530856564 0.0023609636274598 0.406137471953746
0.0614441450737519 0.155888325086112 0.304640817978217 0.0922042741216893
0.110087455385649 0.148182185906463 0.16674795777189 -0.298839446065769
0.149214403998744 0.131041156942127 -0.163685461151707 -0.44510815743483
0.205483477228277 0.150560795140858 -0.401103588771307 -0.447861056721804
0.205795995129509 0.17998226590903 -0.489741791580099 -0.456487266348065
0.195833396572747 0.233223520593624 -0.432561177297263 -0.508607206125062
0.128523595594107 0.301727054996863 -0.216322335206681 -0.543086633722012
-0.0380858048687368 0.351392594163707 0.0954052341034134 -0.373220993525799
-0.265684521369112 0.331917089518047 0.0468232246151816 -0.101496856168421
-0.407756160176453 0.160669069319575 -0.162241211763219 -0.0283272510141655
-0.351123553301109 0.0294926051228392 -0.398471549952921 -0.13190919269181
-0.477798880393871 0.155579913819694 -0.365460230531644 0.231484102751255
-0.334697131358097 0.273326853140673 -0.409113424292432 -0.0828299181836554
-0.144660024507926 0.290023700346197 -0.484674297110387 0.216546538711828
-0.0262141709262681 0.227880792749245 -0.0529504853125601 0.431285082752466
0.0273501651543125 0.272491612162995 0.308933515350393 0.151190487428684
0.124876342913337 0.300558872745955 0.226976740328324 -0.245675808483698
0.236575353634646 0.300071094460063 -0.0663930831642919 -0.372334422883073
0.35515199910745 0.312991486354511 -0.285380950356394 -0.357714681780491
0.372720441566949 0.340400607935066 -0.380465768089671 -0.337402963901378
0.347782411792308 0.414116263793725 -0.369782963511422 -0.358673442627936
0.225167948079227 0.530830154186624 -0.238878513979114 -0.395452601372317
-0.0567512491381662 0.578053719661217 0.0123073424781337 -0.322332273803668
-0.341866225828002 0.494999878712297 0.0224280892826111 -0.158577937999122
-0.51497572264267 0.323458030871358 -0.0632704253680951 -0.0982043271685556
-0.506770242604276 0.162219371208326 -0.224396003474392 -0.166592589167943
-0.637136882499921 0.205020026178833 -0.164639906946675 0.142850603648766
-0.457984823056132 0.353701439379488 -0.389309350132039 -0.195759782220343
-0.248529133146361 0.34403825125423 -0.514533268054885 0.214417969162247
-0.138306341168141 0.310885614068839 -0.0740391918056929 0.466942047827266
-0.0450647036534349 0.41260510206106 0.304336880863462 0.213857587829023
0.124049319196108 0.454064175405885 0.264742857577822 -0.147640036917046
0.297083787299124 0.440413951732075 0.0473139804080092 -0.236676778931579
0.447669948279071 0.426755537122329 -0.118845065419821 -0.217652766121634
0.473280843901389 0.434185761086684 -0.212696905329289 -0.185949972809567
0.437789675246917 0.510003912757617 -0.238840758964245 -0.191210625723149
0.291468737691599 0.638295645274934 -0.199875349803799 -0.214430489256556
-0.0353178659979679 0.670128833931113 -0.0613064682014884 -0.23969525517042
-0.300480050162644 0.552089470776757 -0.00669624102533146 -0.235415120777698
-0.481583354580587 0.44240405593634 0.0567438107496459 -0.217568749370623
-0.553074498585518 0.286950310833328 -0.00867135640057874 -0.226030119528736
-0.685951544534582 0.210377121439033 0.0727679723269823 0.0764191209910874
-0.504079198626832 0.337156323644148 -0.306036459943371 -0.24241045877571
-0.355139880408241 0.302202415014956 -0.465008395581068 0.218648488075478
-0.295056501132327 0.362214343615273 -0.0859209245125482 0.470850836945614
-0.136751233581676 0.536010001636248 0.257036804699122 0.301320687983066
0.113263251499666 0.567458317931308 0.282521262931845 0.0163310960217011
0.329381386891194 0.520154982841154 0.171460894870419 -0.0496415098210422
0.470992138804401 0.475072308553259 0.0650025832100507 -0.0472342924913762
0.4793596844098 0.465404092461873 -0.0246582754206173 -0.0249746322719829
0.415052592385001 0.526918548326847 -0.0904273275018158 -0.0316258094012411
0.255737889552305 0.621883446584866 -0.138622818407034 -0.0465382532516687
-0.0460967196281387 0.587051463734072 -0.123851859038837 -0.165082821991225
-0.196396811260968 0.455790345082502 -0.0242946717303812 -0.321177426059687
-0.343946103281964 0.461083918474616 0.174871355058337 -0.338417873469879
-0.506277179500341 0.369387048838154 0.203208527195987 -0.297030304788338
-0.606552554458793 0.187050687531973 0.300811038313662 0.0509291120191745
-0.448457597154751 0.24770672044878 -0.143107366210589 -0.206988424688986
-0.402006956182245 0.195285156601255 -0.329875638044907 0.182597719281073
-0.397000403672811 0.354184408732769 -0.121394572849998 0.421684601110106
-0.187553472309367 0.571650322381136 0.163874703764782 0.412568757906696
0.0980358617502909 0.583673798403142 0.289819989155921 0.231332598051986
0.320563900700024 0.512374462484931 0.299198445652017 0.163900485633168
0.422921393216996 0.455755094333744 0.235784794012716 0.128131822593063
0.396544908741018 0.434802206697565 0.138371542228889 0.133382832348008
0.292903700512428 0.471235564260001 0.016046649858838 0.107204050969585
0.129477899816275 0.493999997913455 -0.112977724742148 0.0693934563338792
-0.0819124293016365 0.376683432230783 -0.177440316962488 -0.142902720426827
-0.0666930136252052 0.263880108311659 0.000145654177207837 -0.400902138014094
-0.167204352151158 0.407501647524099 0.28226510854947 -0.398863086726521
-0.40379311894309 0.388947057162405 0.375615224474251 -0.35100223530929
-0.421279659040357 0.161396162344477 0.48077351917662 0.0515072167288159
-0.295737845316125 0.15048895920306 0.0517891318002475 -0.140116263413304
-0.331081004231446 0.0891998000323177 -0.18407185867377 0.105022160403656
-0.363093908947238 0.283383042788707 -0.180806196044445 0.35832374967006
-0.164953857676853 0.472076760579684 0.0765632355167782 0.529724741296074
0.083072081739576 0.473819562171658 0.308350402056435 0.443042700971556
0.262275606780772 0.411945804094549 0.415679828763573 0.361167903461737
0.312062811656008 0.365440113938835 0.372011544742055 0.283218556072461
0.258762763697661 0.3470736030278 0.24805936258451 0.273015041903053
0.12964242330762 0.349454602496808 0.0471242182309297 0.214113138249721
-0.00433491463895612 0.300042913703142 -0.145515054890241 0.110775306763902
-0.088457824965142 0.137709156392292 -0.201490931386076 -0.189489865413433
0.0547967981020136 0.0874773633650091 0.0854794230126503 -0.440017539110501
-0.0210095961401375 0.318789440395719 0.375874845470638 -0.36851480441024
-0.275899989604012 0.34466969898569 0.495898628260488 -0.372468374037109
-0.17080956981614 0.129899205108861 0.572278496135605 0.0504242890798913
-0.0801605384536201 0.0750755920913158 0.196642762280685 -0.0974024824418869
-0.150371094326919 0.0024408941248305 -0.098629314411218 0.0265742653396549
-0.213744452929854 0.136762508346673 -0.231287163697171 0.332980697621413
-0.0950345622166108 0.252407691603202 0.0440787653381405 0.620866475903792
0.043057498319697 0.260066158605643 0.345909697234835 0.591601730723931
0.150091195829138 0.239706646308772 0.504490906124028 0.492534563565523
0.154986153033338 0.221160553554055 0.45683834572185 0.392690457867314
0.0995413834956183 0.210453743079942 0.293975168281644 0.375520174563974
-0.00691740254588123 0.184757881556372 0.0162841400400558 0.2736323671072
-0.0824676622278693 0.103509350159759 -0.199501529868284 0.0774953413083543
-0.0565230757422181 -0.0334081163524617 -0.164464849506303 -0.26839493094106
0.122450922369841 -0.0167759955486002 0.206203326442959 -0.413476857089088
0.0656496134885252 0.211805246193215 0.433583118907672 -0.260506407467534
-0.131341973542558 0.239633224276876 0.564406453959425 -0.359865361888365
-0.0427169232881108 -0.0619050213582892 -0.544032614955164 0.418002817659326
-0.110007659632098 -0.0326254365885272 -0.401805651673987 0.194572552801967
-0.0800007884030445 0.0838068606963508 -0.323983897221799 0.390642465499559
0.0278264937617388 0.0913678485029079 0.141026994539399 0.390533963427864
0.0790832673504367 0.0437914772530485 0.306494085485941 -0.0112672184846544
0.0739590233432579 -0.00811256051812768 0.0593924677407305 -0.338681200219875
0.0324280677592236 -0.0443631022238443 -0.288274715733423 -0.4377445111987
0.0201089441885929 -0.0390574056949437 -0.51387694639727 -0.430817081213628
0.0178580343314812 -0.0290462871787395 -0.584891176430084 -0.471226208993925
0.0481876553395211 -0.0208477590641398 -0.488815340084234 -0.564449447140746
0.0812485162656882 -0.00589149316180464 -0.211687689755992 -0.612866692435105
0.0807609251836989 0.0730679758412875 0.126984268540445 -0.410713074307388
-0.0587010223176507 0.17695101983192 0.0625069881663953 -0.0811991617700849
-0.185558491237735 0.0398341901447389 -0.203897459059652 0.00542419035438512
-0.119820161206438 -0.0652594424091758 -0.513479224137536 -0.0766960919856181
-0.253904997163862 0.0889218350137006 -0.484263697451052 0.364025402190811
-0.187205723271542 0.143664948168871 -0.410028473960447 0.0777102150604168
-0.072097423745119 0.190096313999019 -0.407027902534079 0.306952189171358
0.0285230039352808 0.149824718771736 0.0395984410810056 0.416787722435804
0.0803014056943576 0.150942846628343 0.32037924762624 0.0647155718706884
0.128351967362532 0.138640186979259 0.13917815420684 -0.322550806179622
0.166632602315738 0.11737055346266 -0.214040721657952 -0.434999676607227
0.225961027513861 0.130010655797097 -0.457907038388328 -0.412294761706656
0.232762036347496 0.161177559612465 -0.546756094629846 -0.412571854643575
0.225891354188877 0.216694187132787 -0.49271077693737 -0.472209224999717
0.161009483112223 0.291798555913096 -0.275370700480559 -0.528783889297455
-0.00269353432267601 0.36147136882649 0.0589707244620929 -0.393243861522684
-0.238628343008914 0.366816550181022 0.0356481569302404 -0.106974976383515
-0.399114985166806 0.204843684887573 -0.16973930512596 -0.0154004081371182
-0.357110376981259 0.0637718169037216 -0.421471827910231 -0.101211616513901
-0.471286663799154 0.209557913409484 -0.353704580248664 0.27083041577461
-0.31128342334729 0.313287685951781 -0.428601216074266 -0.0461190468253361
-0.113621402288035 0.309303811965577 -0.469730299359859 0.27044926699797
-0.00214863269400178 0.232326530885635 -0.0127956847845219 0.449081688161102
0.057931177447417 0.272076316152287 0.332376020239345 0.123137796993583
0.159863577964411 0.292284350378217 0.204335295682341 -0.276855714310925
0.274348753706512 0.27972815900701 -0.107874015112087 -0.372291221606727
0.394772413309186 0.280208081357195 -0.327614220451066 -0.334553806812327
0.419762121147944 0.30625501509175 -0.423976780994993 -0.3033964324001
0.40041742762655 0.385195332843843 -0.41279831463997 -0.327629247366205
0.285046855350124 0.511002853765885 -0.28272593873924 -0.376748500388127
0.00368606162311506 0.595156149342399 -0.0194739963001918 -0.332134916580909
-0.296647665673406 0.539273333404923 0.0030573204184161 -0.162852032127747
-0.490024062274972 0.382317811892489 -0.0779441213010086 -0.096905728710071
-0.502051640482746 0.211914050566914 -0.248879005835957 -0.152105285931106
-0.628526110585319 0.27673031350598 -0.157440137542294 0.161436665110174
-0.426791208543879 0.407975296768728 -0.423114386220564 -0.162483795907764
-0.213593497227867 0.374994303790914 -0.504672838709297 0.273154294361642
-0.106679592138231 0.328191099604654 -0.0287112684405931 0.487875447520235
-0.00219152358064696 0.42284545109752 0.335442407841179 0.187589234942341
0.174102558688229 0.448930733864481 0.252550335039239 -0.180744547348967
0.351831468642504 0.415292485695303 0.021305237881435 -0.247490867543157
0.501754165142877 0.384741979882682 -0.142689096860898 -0.209808259605934
0.532608104381392 0.390479084571403 -0.235503296118277 -0.166314805584927
0.500894368497978 0.473050855149748 -0.263000541718953 -0.169704137304794
0.36435555161344 0.616928611385926 -0.223340979209843 -0.195217299510997
0.0352890286558487 0.683602923183741 -0.0853841306668368 -0.239930090815953
-0.250980383822366 0.591856917222133 -0.0360131221644287 -0.23767378667211
-0.443104183585051 0.499306652744641 0.0312774535101533 -0.231086156682831
-0.537976170894481 0.345184060005183 -0.0350293863464128 -0.233158157625088
-0.676871261743809 0.284917103626207 0.0775301359000476 0.0719381170203725
-0.4766195639987 0.395702431321399 -0.343211369555515 -0.217131483529321
-0.324975271209212 0.344398080335244 -0.453289476842657 0.271679078757314
-0.261062288138846 0.396995475124459 -0.0386655603594257 0.492691207053145
-0.0820582687523653 0.55976122097897 0.296550258721123 0.27851287178726
0.174130546474649 0.566075499958377 0.286735887190408 -0.0152659740356699
0.39005980314613 0.492441984603798 0.167474273362455 -0.0697681943767163
0.531408510169205 0.432489489751809 0.0631217398873604 -0.0572364082090286
0.540865293455915 0.421403665534309 -0.0258566712362617 -0.0221617594520446
0.480680905448365 0.493333273038207 -0.095866648380976 -0.022864628636464
0.325727982965831 0.602527604557645 -0.142978618808451 -0.0318425439533557
0.014953189279583 0.60072710685586 -0.140377126933786 -0.156201843379873
-0.15235739606213 0.481284037650662 -0.0637138581013304 -0.324218446014916
-0.297535269910794 0.504415853754273 0.138012709348777 -0.365466683760978
-0.480485287255494 0.425166987791748 0.173850829759469 -0.324658394535386
-0.599817790056962 0.255126996956484 0.310592982272067 0.0231418396877306
-0.426735019407774 0.299625396618913 -0.17381702041941 -0.196265547464846
-0.385327403131345 0.23981472027452 -0.319876380928247 0.221626185046831
-0.36710358733528 0.402039615201213 -0.079443567737247 0.44389026158036
-0.133691982628273 0.603323624198522 0.213326684012365 0.401762415452165
0.161529768595726 0.585339724065113 0.316596778147257 0.203578622860639
0.38187392588661 0.486930216752739 0.320181971853144 0.134038050457416
0.478686721956646 0.417468799034305 0.256057655489634 0.102876472225183
0.451921579280366 0.398774805895494 0.157779341825883 0.12150853750363
0.348551408195443 0.448846876304884 0.0269949022679889 0.108044591027834
0.184499609355234 0.487609757126811 -0.106169573567961 0.0841206897727813
-0.043240693383732 0.388266221992719 -0.193558874360275 -0.127040271336041
-0.0391304707815661 0.270918549791594 -0.0462792725097206 -0.408581857736932
-0.123324505717751 0.430712793545344 0.244418033549598 -0.4367775906391
-0.374048870089806 0.437327057454135 0.346456752801268 -0.396011878702685
-0.41604005830272 0.206360229243571 0.495859018381812 0.00717589059969114
-0.282182451095122 0.183954054160842 0.0341028676156967 -0.145406542956128
-0.325045029092416 0.124074334717667 -0.178808910193955 0.127140961821231
-0.341798029726382 0.326135452890449 -0.148263973280579 0.384704810076448
-0.118782314692769 0.500375347490284 0.134271643043804 0.531176271160468
0.13498637291426 0.475775964076266 0.359727169120014 0.419219510947601
0.312458860452195 0.39027450932447 0.461206647213402 0.321808127463924
0.357341152834126 0.338071488595341 0.410600162360401 0.246664595355624
0.299897354102118 0.324171774226802 0.284955676412659 0.251935343410295
0.169896242093419 0.342280861117436 0.0697213457046245 0.214898726352872
0.02725288814327 0.302711637278491 -0.13686523733582 0.129498259965569
-0.0752348587278032 0.145452979895303 -0.223944118965532 -0.17257690316426
0.0671601743329431 0.0784250290965441 0.0379186836606949 -0.460103939642923
0.0156419230927632 0.325902375745832 0.342208362961524 -0.412565441946092
-0.245546274671374 0.380023625842375 0.469352848465652 -0.428849594509853
-0.162631127612097 0.148749118327343 0.592601139900419 -0.003706747540631
-0.0709004908516612 0.0848567292167922 0.190000946338837 -0.114832313419245
-0.150902508175346 0.0170029357400265 -0.100589153875453 0.0362699368128047
-0.203830523389137 0.162141510174565 -0.201650099598687 0.364080082441364
-0.0714660711089687 0.268812175113982 0.111932967032542 0.624766431067376
0.071923218115714 0.262411178678715 0.4143707965227 0.566100533131506
0.178873028202477 0.226530427047639 0.564243652083444 0.44526357919737
0.181348901304291 0.206743116797232 0.508527257586416 0.347837326459619
0.123421737492182 0.202405119505246 0.343341145401416 0.351236359646151
0.011755298140261 0.18899757385455 0.0443873651227515 0.278084221956982
-0.0724659522918342 0.112582243479949 -0.196588233831791 0.100096514842269
-0.0592780958057154 -0.0315207107037031 -0.194661101012272 -0.25828083510761
0.125093811481645 -0.0331392960892086 0.165519382513636 -0.443412890917448
0.0919103515553654 0.208652978313197 0.417037081970454 -0.309379301856312
-0.109151628762429 0.258403457425896 0.540451817943596 -0.42071147329973
-0.0450154737806973 -0.0557057923924204 -0.491663857112341 0.45346558441185
-0.110495444530656 -0.0225208401218552 -0.37283501544973 0.220813566132286
-0.0709555997121915 0.0875994615114654 -0.275402718053154 0.409456898626578
0.0341971339795212 0.0863144650978379 0.171045083957995 0.367123852729843
0.0820572559026673 0.0349964707093227 0.297607542727529 -0.036987315561849
0.0724489088324198 -0.0156257456379964 0.025755587247198 -0.333136272682263
0.0269721564608294 -0.0453097034684413 -0.322814125333697 -0.39283173276345
0.0158317520558496 -0.0394381770110664 -0.540357813926078 -0.365223385884715
0.0164132953034156 -0.0302562518762898 -0.61319364816771 -0.398678413811525
0.0459108795091469 -0.0258090936059002 -0.526868229005311 -0.497920611963504
0.0776970818694093 -0.0147550490567099 -0.262900952351905 -0.572925916470391
0.0850277569860089 0.0630180507873878 0.0837913705145344 -0.411400110488827
-0.0390716987776076 0.178644713279317 0.0527917070759268 -0.0828986257694211
-0.176823058404272 0.0555921878911737 -0.198222984516201 0.0221358394982623
-0.122747009548528 -0.0531542482999958 -0.507483090501071 -0.0327792898496926
-0.234825547038218 0.110671492013995 -0.439411124021874 0.397685117482125
-0.167171896635587 0.155159563800288 -0.391255495128139 0.110321664124307
-0.0504040924866545 0.189065021524182 -0.3647134822566 0.334820536513076
0.0412057081550871 0.141296498831789 0.0752224786176534 0.403853289216436
0.0938228896384153 0.136426269996205 0.318874346090047 0.0357575702683791
0.138721861072866 0.120491826941617 0.103596379061452 -0.326057606194078
0.172884932336555 0.0977391363954508 -0.251260133497263 -0.399485023815275
0.23181024982105 0.103231002643823 -0.484135834344157 -0.354446750273738
0.242682584107071 0.131707025017256 -0.571230682100631 -0.345668261894661
0.241103748523023 0.188001669209002 -0.522266308243453 -0.410321372254323
0.183082887916862 0.266392230258511 -0.314949266095676 -0.485511648088694
0.0319588346312675 0.349977190113054 0.0213419714838463 -0.388609957907554
-0.195859363537083 0.379317979349694 0.0230595619677711 -0.105855436983864
-0.365763455089342 0.236377196989209 -0.168065894073515 -0.000259721113948564
-0.340685678011195 0.0924948837068421 -0.423371221544665 -0.0632841567707176
-0.433206847076039 0.248805329974638 -0.323307339262705 0.296270660168443
-0.269339048813804 0.330487014287426 -0.423688842642005 -0.00845369329020689
-0.0782331223676682 0.308363863299069 -0.430695150476569 0.306931661907423
0.0207326635546083 0.22250337120694 0.0277504065750034 0.439844604125381
0.0833856218868262 0.254923453043086 0.336072060061918 0.0900713644274711
0.183529445114033 0.266386360192326 0.170423376842171 -0.288321062627133
0.292838879770068 0.243967483235876 -0.141549723436649 -0.349813032077622
0.409689090668515 0.229721081548758 -0.348251720509742 -0.291462478040671
0.438245181300775 0.254104921463671 -0.438987871737799 -0.251143588694778
0.426642527976145 0.332998701285564 -0.431149671208925 -0.278139892032452
0.323325584135767 0.46703250404956 -0.307196175288826 -0.336503587596126
0.0604639612203753 0.574696357363535 -0.0485351137095597 -0.321950344847324
-0.235434236536861 0.551184002121031 -0.0155587895556616 -0.156386830489583
-0.435939211759618 0.415657178704134 -0.0885184203331241 -0.0891847052829425
-0.468128818712984 0.249406029679329 -0.260033307444771 -0.128082099118295
-0.581834309312937 0.329372945865691 -0.142394749096506 0.172771488726996
-0.371221108411456 0.435798967708389 -0.430237484846932 -0.119156294993264
-0.166984687667718 0.381806962509024 -0.463568096149023 0.313106270025695
-0.0707161407300081 0.324908178440687 0.0178345431721632 0.478555598462407
0.0400007367983448 0.405646851775551 0.344342929568966 0.148945569560548
0.211887727692684 0.417282743311884 0.225322052765563 -0.201327463275959
0.380741205838957 0.366640767588015 -0.00456737601224257 -0.241934469299401
0.524160491498279 0.321790687783539 -0.157433797582351 -0.190518197027667
0.555525524837143 0.32318758485839 -0.242898844473471 -0.138420949595953
0.534041702345144 0.409449719318579 -0.271465392926208 -0.140586255119203
0.411839169982843 0.561715446049983 -0.231907353720516 -0.167502535172705
0.0973948777814773 0.658312322921796 -0.103173659089323 -0.22593567395391
-0.185901464935639 0.596636622780381 -0.0617821348190754 -0.225219870988986
-0.377930545796348 0.522228213408929 0.0031508351875984 -0.228875792432746
-0.491237209060961 0.381682875920537 -0.060149422773457 -0.225281052085874
-0.6291118509542 0.341749471361494 0.0781763358939872 0.0643433177055427
-0.418883642822225 0.428176733895313 -0.361251818420309 -0.178527871029192
-0.279128585205787 0.362485983809417 -0.416256505046188 0.309944055392977
-0.213052852928012 0.407039029056467 0.00934846213486491 0.483921516789588
-0.0260302683313679 0.548206443867155 0.316090092286317 0.239950608069944
0.223277964152033 0.532127111858437 0.274001111195323 -0.044459078065275
0.428912095455319 0.436812062975945 0.153398711190674 -0.0851875954798276
0.557172961018906 0.365253839747767 0.0562611176973634 -0.0641077458651386
0.567669630688027 0.351877957000756 -0.0255983998364922 -0.0188896366434303
0.515711823243596 0.430217404061152 -0.0963030853703988 -0.0129702423499929
0.372445851705541 0.550098376275617 -0.138440164139519 -0.0167135702595643
0.0709813940273205 0.577794358543743 -0.149023401389076 -0.138698151353215
-0.102627684909407 0.476476162148471 -0.0973029357225642 -0.306188457445448
-0.236270366874793 0.51497838092327 0.0941993973113785 -0.368644157359733
-0.427719129135334 0.455190706124632 0.135099965845677 -0.331669207405203
-0.559802252213628 0.302454700681836 0.301882110182333 -0.00351369670177256
-0.37999111782632 0.329648411792591 -0.193288483291986 -0.172522644511131
-0.345842833348263 0.265792641860858 -0.290029919025269 0.247852948028897
-0.317550556462896 0.422692258504258 -0.0339260561903089 0.4384972644759
-0.0703815967205004 0.596616919018332 0.245744384317803 0.365663782570617
0.213664124431378 0.552525701514903 0.324072207469389 0.165948793843349
0.418521508381696 0.432663045656484 0.320518858661965 0.0971172878747277
0.505802373908841 0.355833898792291 0.259165348079144 0.0710454112278329
0.478927011116637 0.339288328255408 0.166730380839447 0.102111314633745
0.384912273620656 0.400926212971026 0.0348562093636499 0.102801348959833
0.225606122146204 0.451746451357272 -0.0929175025764004 0.0923143883632001
-0.00645690671369613 0.375949750039797 -0.199004818861097 -0.105373561327712
-0.0116437998035441 0.259689148604534 -0.0890366551340214 -0.390181085070445
-0.0737541732326616 0.424757646326665 0.190433539048083 -0.446683940466526
-0.32184897120895 0.457703447990118 0.297652037281259 -0.415251711875994
-0.386119656950228 0.239303867821306 0.483801757040674 -0.0365778913046791
-0.252259430722895 0.20363084300039 0.0158806441732158 -0.141363943119659
-0.30065653771082 0.147843356316072 -0.162880838018524 0.141457815485114
-0.299007591503341 0.349147385559094 -0.107985071867666 0.387229153796547
-0.0665400868530145 0.498311812584673 0.182567351967575 0.496562322090547
0.17760604895201 0.448210587900874 0.387735156764283 0.370148129357325
0.341441958309664 0.344705805397772 0.474933923000596 0.264940732818348
0.379276061814536 0.290930001999657 0.423287573600257 0.196280432988704
0.322578319551364 0.284403803881363 0.302888138312588 0.215748615482387
0.199159006222206 0.314764120829414 0.087300945350552 0.202002636784216
0.0555167847816718 0.288092445180498 -0.11928112320026 0.138787361532945
-0.0588844744968738 0.143755699911688 -0.232468834830598 -0.146691642812869
0.0737773960091228 0.0641109510367069 -0.00973025961178802 -0.450437847922014
0.0493983073278278 0.312468784093356 0.289742462600604 -0.430295966965023
-0.201851058340164 0.390566148771584 0.414611205575353 -0.458519881141975
-0.145852353025323 0.158824195794363 0.577903180371343 -0.0553952637207313
-0.0582683431044261 0.0871205974699204 0.173697103606222 -0.125370960100936
-0.141734994014028 0.0282923040774015 -0.096207301891218 0.045593182753884
-0.181152024167844 0.177390863876499 -0.162156239317333 0.372117749593259
-0.0426291505354265 0.26821618513443 0.16647374867058 0.592351028438973
0.0961611488224054 0.247792976775214 0.457288508110302 0.508343709912262
0.195897022710989 0.200609673183679 0.588916943215799 0.375309176838049
0.19510391383949 0.181617186225708 0.526253176850306 0.28515078423265
0.138659782605288 0.183267744578365 0.368910197584457 0.303742066502075
0.0295628470395318 0.181871550884884 0.0685578560823152 0.265803900963167
-0.0594188024990154 0.113622274034036 -0.181534236255339 0.114900734745635
-0.0600666709210189 -0.0279134814545064 -0.212015412591612 -0.233291434431258
0.119882075051758 -0.0466710904705204 0.118225497135633 -0.446348873609651
0.111215199418865 0.192807984393359 0.373720370426826 -0.333543853547195
-0.0802050184856311 0.261517435533566 0.486931903203612 -0.457285135796493
-0.0427422424438557 -0.0511306421763495 -0.445883254317691 0.454716433431597
-0.10684792697267 -0.0168729421549634 -0.341863741483047 0.224571687202242
-0.0635389610745793 0.0863139452078446 -0.238070761513829 0.400978134495049
0.0363065036554859 0.0809087658906535 0.180264129190422 0.34083123533706
0.0803716024056493 0.0278904157710615 0.281169236715621 -0.0473974899983784
0.0688351908386212 -0.0193648442467303 0.00600382151410715 -0.315818307971242
0.0228402120165825 -0.0431533808488905 -0.328743490924763 -0.351426936129449
0.0133683764729542 -0.0379555623817267 -0.532928908287771 -0.31203914784074
0.0147134846846454 -0.0302412479505516 -0.602647335510312 -0.342441987606205
0.0429724695212994 -0.0280960161244243 -0.525840633835316 -0.441687330454082
0.0717941452434036 -0.0189959643067002 -0.278810456242158 -0.524636631065938
0.0839374166581141 0.0547916235294086 0.0580654044850495 -0.395091965132793
-0.0269120508493569 0.172276440096788 0.0464460705041047 -0.07927585189917
-0.164612697883943 0.0616123756536026 -0.187399438735573 0.0303472522489057
-0.120218047179413 -0.0448758292886482 -0.48653838504605 -0.0100125480612021
-0.213326382122125 0.117046392444242 -0.398977692339695 0.398694202311771
-0.149027336913479 0.155013722538496 -0.367065388289637 0.120775239596143
-0.0369403784751546 0.179774517191818 -0.32696963093001 0.335183765768192
0.0464658933250928 0.13054785969215 0.0902194527758449 0.381553490258932
0.0974602703492549 0.122091297609968 0.304863862229496 0.0206010443452138
0.138840470725129 0.104550833266572 0.0796287863253343 -0.313808578401309
0.168675686385764 0.0833652975408983 -0.260898165535053 -0.363166323446345
0.225582284397226 0.0829096122836877 -0.478256156100482 -0.30658498085831
0.238884591274678 0.109923995312313 -0.559264538565312 -0.294513513305029
0.239484479078206 0.162771612781586 -0.517952033308565 -0.360895533304229
0.187271801391902 0.241238299131073 -0.322030015740461 -0.441692071138882
0.0490659625355376 0.329173375170171 -8.83676791185177E-05 -0.370903831755621
-0.165272746900952 0.370879502631088 0.0156610876789804 -0.0992584530173076
-0.332872770588402 0.242225766176906 -0.160668717015112 0.00665575756037257
-0.31924387390263 0.103298157640688 -0.409477343643441 -0.0426035578507904
-0.394496546290289 0.259301760780143 -0.296370573377447 0.29796085342786
-0.233643171700481 0.326894463019336 -0.403705956743002 0.012702435804087
-0.055293569321644 0.292967101447369 -0.389659527503594 0.312888081976847
0.0323339303595359 0.207031140271658 0.0479094846165769 0.417993967677831
0.0941853193278718 0.232928699276487 0.323871085473056 0.0692766992882487
0.188928427660726 0.239616794632843 0.143899259887609 -0.282431998566437
0.290652786643093 0.212694205459732 -0.154275271601527 -0.321923799396271
0.401563283378511 0.191792519678523 -0.347951300314043 -0.256749920938145
0.431784074450136 0.21284793402665 -0.428608489452547 -0.212633000850212
0.423820659961463 0.290732425743279 -0.424328818795306 -0.238595614544571
0.33199484166594 0.422493292306568 -0.30601519509142 -0.300567742447929
0.0882585977453896 0.53955886538521 -0.0628746438827505 -0.304187953932774
-0.194317593516738 0.533913021656821 -0.0252971745158991 -0.144935555683503
-0.387523547265191 0.415447388837452 -0.0919800364262283 -0.0809468818510203
-0.432565513042916 0.258903162162984 -0.258225463564985 -0.111926724484984
-0.530008016691215 0.343501425744824 -0.129594407325224 0.173102153538882
-0.323547269559106 0.43198607141747 -0.419183170577348 -0.0915719470474577
-0.131892657634668 0.36821154061273 -0.422091380406737 0.322867924757717
-0.0477559388704631 0.307753034669798 0.0417516865814813 0.454431755957036
0.0612943926324938 0.378988477168842 0.3360773429029 0.121247697025665
0.22381550533307 0.380648641528048 0.199298145624695 -0.203595543542135
0.380979871640923 0.323373197585235 -0.019670118039093 -0.228490494925747
0.514528235217578 0.271538675852336 -0.15947088996686 -0.172104818989445
0.545455889454856 0.270214719128271 -0.236934841195379 -0.116351003174798
0.530319937051045 0.356245988471483 -0.266510401232948 -0.118373780810674
0.420234404801482 0.505192119055057 -0.22524447874839 -0.145505894173304
0.128911826096411 0.614719626869569 -0.108774408962034 -0.210050527151288
-0.146467518823691 0.572696616530437 -0.0743326354286407 -0.207748849998457
-0.325400011776352 0.51105910821527 -0.0144934981657169 -0.218161224655555
-0.447446941380065 0.384151886942471 -0.0737540568786944 -0.211317420130487
-0.577110199544392 0.358937795570412 0.0753188004706555 0.059413648855081
-0.369913377651057 0.427113430060528 -0.357656656415672 -0.149428227136444
-0.240602575354599 0.354279100734992 -0.378148051899288 0.317964750060979
-0.178279825677899 0.393431149777193 0.0372590415881127 0.459623464902396
0.00659324851977566 0.517653046514159 0.31317621356976 0.207920846910661
0.241680470663454 0.489480370010597 0.253675235288393 -0.058679165447534
0.429978509158518 0.389066149272732 0.138052841807313 -0.0896218938074653
0.547525394834709 0.311804939651955 0.0496702055527132 -0.0661344068496685
0.557534243786522 0.297177453771335 -0.0239014862941141 -0.0165933233343155
0.514505892632954 0.376962980335096 -0.0930385171591771 -0.00731388297029279
0.382926511545617 0.497654118711515 -0.129088366819302 -0.0086882334238525
0.0984953530093166 0.538409271853053 -0.147970404059505 -0.124432174625369
-0.0716599043404571 0.451919094995521 -0.112813624847395 -0.282437222204645
-0.191026687736877 0.493967726992799 0.0635768501175021 -0.354295144962111
-0.383827803199935 0.450609290158822 0.107094233058217 -0.320363882104307
-0.513857063222296 0.316549829345062 0.284765111662688 -0.0171406352922387
-0.337488273779519 0.330612066431645 -0.19789084762699 -0.150729824638475
-0.30983931223455 0.266274719433874 -0.261413487796885 0.252652730480063
-0.277030456839434 0.416027187432226 -0.0083701004177952 0.417599782705734
-0.032638851498579 0.569014595982453 0.253094156519681 0.329422315392087
0.234005702960876 0.511217953826583 0.313798417227883 0.136979303402074
0.419782233170066 0.381881234672894 0.305429811175777 0.0732715783106907
0.4976189852883 0.305961526916437 0.250052342485156 0.0506492013342778
0.471856198452348 0.291879359491847 0.16476540604604 0.0864801280659382
0.388173686907963 0.356990883675236 0.0375673865909627 0.0956523607632355
0.237531988346595 0.411182083552854 -0.0807880927045243 0.0923488529646124
0.014442269352547 0.353019982953514 -0.192815597545817 -0.0895559070611545
0.00276054767220257 0.241013950661406 -0.10897172527957 -0.363148076259224
-0.0432800349734153 0.402174591395761 0.151129622094426 -0.431316561247635
-0.282414509391576 0.447938596408701 0.259387045759569 -0.406801054860744
-0.352724124085298 0.247070030957547 0.457776966081471 -0.0593008644964123
-0.224895386845902 0.204371059942082 0.00566199546250611 -0.131362851349405
-0.273453668454348 0.15222455076621 -0.147803520077694 0.145075610481447
-0.26356055070731 0.344930577342436 -0.0820309848158109 0.372013998838845
-0.0359979362776445 0.475860338860317 0.198872648057268 0.458577182472335
0.19374734063791 0.414974017981122 0.387061278688386 0.32760071829821
0.343396760108521 0.305872058991354 0.461809013576761 0.222778115045632
0.376001922829136 0.252359891919268 0.412137858933421 0.158007123729775
0.322270708437487 0.248079165356889 0.300900334324328 0.184251852300133
0.206457476288338 0.285719371993927 0.092220800619504 0.18668834062547
0.0688577607217468 0.266086432149669 -0.105220966581294 0.137851705448465
-0.048303499988536 0.135032440069244 -0.227773753760371 -0.127576732582805
0.0740883551455531 0.0522451503170297 -0.0370638260194843 -0.42535466847404
0.0666779181563124 0.290386824437283 0.248476781323361 -0.420425562897803
-0.171249350108 0.3805128363604 0.36851376113233 -0.453105015194062
-0.131042013325463 0.15876410072986 0.548247787110109 -0.082941723536637
-0.048277068381939 0.0836013024638485 0.159552052086331 -0.124718289325655
-0.13121328401385 0.0313102360897538 -0.0895609881340624 0.0495969653840774
-0.161326501576967 0.177588547406677 -0.135763376963939 0.360556343201315
-0.0267277672710709 0.257755505801219 0.187659282343667 0.549021775776179
0.105890151458733 0.228689180445065 0.463655271067827 0.453806982945083
0.19681958392096 0.177574023689094 0.578544271500105 0.320022831208137
0.194858576076728 0.15975795700587 0.514278076826158 0.236851653737011
0.141229205416461 0.164523484751166 0.367559002581639 0.263121487489493
0.0383967268381738 0.170591132839495 0.0796334425364477 0.248304671388107
-0.0494766736955543 0.108400974612628 -0.166635500740088 0.118356861009211
-0.057719603177954 -0.0260244822486442 -0.212688387949767 -0.210801853417284
0.111736846905263 -0.0530546483476158 0.0870748810974443 -0.428316323126285
0.117376785406219 0.175742397536421 0.335645222924986 -0.332613977800172
-0.06151829579149 0.251393157249559 0.437122865203973 -0.457123975700995
-0.0396416738646775 -0.0502040187785049 -0.426069368950795 0.443058004104711
-0.103727331305272 -0.014784759193143 -0.327834450208814 0.216673520082343
-0.0611002577718804 0.0837642851321236 -0.222699121896744 0.38743468559515
0.0355916346791698 0.0782258596916566 0.176581349092979 0.327349878411366
0.0786056315356835 0.0255364175082288 0.272807895018346 -0.0478270965315126
0.0665004380389246 -0.0206762006434903 0.00177282781431318 -0.302390549717341
0.0212427826953126 -0.0405648056861688 -0.321434195378657 -0.329164107759986
0.012665889012933 -0.0371055867550226 -0.520181110658803 -0.287987630416592
0.0137940062690491 -0.0303679001487886 -0.585305483603504 -0.316377117440242
0.0411597579410011 -0.0280515736439839 -0.512841324768177 -0.416637018098221
0.0682489654686194 -0.0193402389483891 -0.275842702669964 -0.498402266440547
0.0814623229666309 0.0516499480030161 0.0507037472638454 -0.381691951638152
-0.0213683581324244 0.16691873744692 0.0449363045345614 -0.0750078370865454
-0.158207751081694 0.0612549001761777 -0.180081835340549 0.0305353474476463
-0.117400151685952 -0.0422679740558893 -0.47244677590399 -0.0079211084191945
-0.200337924524631 0.114740054587342 -0.383042571204793 0.391089991676291
-0.140245186270643 0.149546102667307 -0.352020858876852 0.118210862959267
-0.0328098466147672 0.172093762242001 -0.308825195713884 0.326654721761817
0.0469403158921517 0.124257228037223 0.0905579042622341 0.36784391859669
0.0961238337602591 0.113190041484226 0.295967719003184 0.0183473269783171
0.135975337038206 0.0961600164399842 0.0712472268160981 -0.302696018001491
0.163632313093977 0.0770880426944707 -0.25734902658454 -0.341686601549581
0.218851021336298 0.0747929683786705 -0.466941891812367 -0.284388280808544
0.232474590428905 0.0997222021187106 -0.541826123933516 -0.271970575996202
0.234484937751395 0.1519399733466 -0.503606766023033 -0.336251007407349
0.183018504169773 0.227914847594784 -0.315357092798734 -0.418482469972292
0.0532433035988046 0.316021913181173 -0.00511328661036285 -0.357473988566266
-0.152604174439717 0.359553830242142 0.0132564775243057 -0.0932444435299002
-0.316530816289041 0.236002655088673 -0.156648218545742 0.00680216199807161
-0.308659248979097 0.102628214030717 -0.399255863854198 -0.0385754929652627
-0.372548917173544 0.255230844941907 -0.283740522616038 0.293866866898642
-0.217445486876039 0.315698956145476 -0.391406930357436 0.0163174975769267
-0.0462758892213073 0.280174748167311 -0.369853754373568 0.305253507593965
0.0361843836653284 0.196699439494815 0.05113336821041 0.404027599841844
0.0957405830118922 0.219225087863532 0.314625206177172 0.0630322431571898
0.185594072610325 0.224850612923173 0.132615515171893 -0.274948409950841
0.284182967491267 0.19825885640812 -0.1547539831333 -0.305586490707629
0.389131614668546 0.176847018872425 -0.337846222288381 -0.239014774559011
0.419969642774682 0.19381357248948 -0.415777987469672 -0.196056714281957
0.414631851886289 0.270591433831286 -0.413373689236808 -0.223973463066783
0.325204444893031 0.399684627075624 -0.295831323480183 -0.28403217876955
0.0943441172631026 0.516269633562011 -0.0647631200371996 -0.292893392542969
-0.177722719395935 0.515135531968601 -0.0286831784332469 -0.13623993552655
-0.365423163800879 0.401244637052932 -0.0936835373780021 -0.0773533795352519
-0.416457390282419 0.252059778224323 -0.256299575722979 -0.104654483582919
-0.503097936811398 0.337670001813118 -0.125870275543581 0.171193613078653
-0.302108083126833 0.418714393863881 -0.408337990874691 -0.0829331655026401
-0.118353330414699 0.352167808915736 -0.401254065103839 0.316593109488526
-0.0392770936610329 0.293711609555002 0.0475536212248891 0.440397171571853
0.0659112500973306 0.36008462120461 0.327135062034562 0.112835489364259
0.221908322284163 0.359433431538249 0.186944819106217 -0.200131410993233
0.372908344942655 0.303489653761106 -0.0243310520219301 -0.218433456070888
0.500052159690343 0.248748732937618 -0.157154070677519 -0.165142914467062
0.53104291201247 0.248392141406248 -0.229306510570327 -0.107416386593179
0.518377690108528 0.330358601528406 -0.259556816149609 -0.109264280943137
0.411490276114948 0.477656080663953 -0.215956576564309 -0.137268797232642
0.134159952122 0.587886804791847 -0.107381968377683 -0.201630370504898
-0.130859050503009 0.550421960049002 -0.077901445769452 -0.195354491865004
-0.303266111682803 0.493148674607507 -0.0225717979734559 -0.208974318538471
-0.428032790906281 0.372210805713891 -0.0787243084332852 -0.201890129100459
-0.547662479011076 0.352699903168496 0.0710327516675218 0.0584851624907458
-0.344418784234661 0.415568185015445 -0.351341554216908 -0.137418160284533
-0.222469795968306 0.339614627269121 -0.359218664980581 0.313100739679091
-0.164636286946054 0.379333367712271 0.0433233832203271 0.442872829468109
0.0155924438292038 0.495464932869158 0.304948668198504 0.19298247518744
0.240277300373096 0.46365133213093 0.240570265826643 -0.0625726477474922
0.421559583356064 0.362455927370093 0.128070388667655 -0.0882651499109458
0.533026880714915 0.28732610813448 0.0467349132188724 -0.0673249159509801
0.543514543501927 0.273638098952525 -0.022815586025547 -0.0155628079338665
0.504163008395789 0.35050224788341 -0.091917140224405 -0.00545891022066514
0.37709490263098 0.470293144060989 -0.121638138339184 -0.00703433999106742
0.102571791479067 0.513585160292033 -0.143232738379021 -0.118758340739456
-0.062670068107044 0.433072989214913 -0.118075231475445 -0.26664235050603
-0.174268707108214 0.474656785054989 0.0499840161783647 -0.340151915418391
-0.365458562482913 0.435601850310245 0.0962149982499522 -0.308576772811646
-0.489450813999313 0.313744127899594 0.274054733074296 -0.0185807498285017
-0.317399839265395 0.321545101762828 -0.19684856354577 -0.138954245560043
-0.292775785866631 0.254746995568819 -0.24803145779705 0.250215000849304
-0.258301703510217 0.402145657161216 -0.00186408036918159 0.402147158859514
-0.0217233035872291 0.547177649732867 0.247652580806914 0.310226920030359
0.233849135327956 0.48650313611791 0.301929150993935 0.124102421173892
0.411368125792111 0.359401044297804 0.292255041213501 0.0641208705707916
0.485036230735042 0.283141167853795 0.241013485186874 0.040642277526642
0.460351684950074 0.26977848034564 0.161859256641588 0.0786632652805075
0.38106780881966 0.334960590039109 0.0361870875353312 0.0922579956211633
0.235749212904257 0.389471953955434 -0.0744940854002778 0.0892056704804822
0.0182199930813006 0.335834554304162 -0.18702599652314 -0.0834718193192477
0.0063592745603579 0.226518353208358 -0.11457305956868 -0.34494604495101
-0.0333190294278169 0.384120999820856 0.135852523885606 -0.414542626711802
-0.266581328026902 0.433881362112315 0.242161141386464 -0.394640226070245
-0.337582258128764 0.243647890307113 0.440783545282351 -0.0626820554835483
-0.20957322088811 0.19757441106532 0.00249916293982257 -0.123215227641404
-0.259806676310165 0.146222433508833 -0.139126856938664 0.14422499344533
-0.246796669530528 0.335422232041469 -0.0740360349624562 0.35872788376396
-0.0251522009858698 0.45986055862387 0.195129804717142 0.434335205008641
0.194160775824812 0.395569114188329 0.376520890723458 0.305698711828603
0.335588705181127 0.285098383336347 0.446996687556014 0.204917616343551
0.365865503833995 0.234714056690008 0.398737844439093 0.140855429642732
0.313578147769271 0.231521215119082 0.293933617848587 0.170190722131241
0.205059857951945 0.270111649439114 0.091716281267643 0.178456096327634
0.0697042201922873 0.252080045269315 -0.0986012651070347 0.13276220225695
-0.0447286430989532 0.126176785996927 -0.221041239477333 -0.120465772777179
0.0727154886111975 0.0445008481297376 -0.0436837954257919 -0.407466662655902
0.0725609875945262 0.276434740762235 0.232326649544776 -0.405475887165394
-0.159116552779203 0.366843984615121 0.350619437637813 -0.440952354455379
-0.125211316286408 0.155151174657863 0.530971196047983 -0.0881816954896034
-0.0439306811209262 0.0798354516418552 0.154169176436351 -0.119855595653171
-0.125096047957985 0.0294486820539545 -0.0857820456511028 0.0504095765687942
-0.151590866755538 0.173214606918858 -0.127242305124126 0.348836063229414
-0.0209796905158671 0.249945068311267 0.188572099213006 0.523517985052573
0.10594406043806 0.218350605928259 0.452282193064147 0.4263888658027
0.192512513364191 0.165262451042213 0.558765140218292 0.294756211865651
0.189615227364272 0.149196230193175 0.497820140648134 0.216469638517357
0.137615762170862 0.155320622998965 0.359741373441781 0.24299180008439
0.0395794849865116 0.162802733780087 0.079901219745866 0.237752740301764
-0.046179030051513 0.102507888364334 -0.159279350374271 0.116297711125381
-0.0552464010961036 -0.0266298000034387 -0.20879682869314 -0.200706591888015
0.10769236335673 -0.0554259311547105 0.0762243683568649 -0.413051731158781
0.117546625576815 0.167257117961681 0.318131190346313 -0.31992992014518
-0.0546412978894339 0.241646390725348 0.416271362755118 -0.445770775796208
-0.0292692955110292 -0.0575286902232156 -0.474048597809766 0.390922216159999
-0.101191533627958 -0.0311681883048604 -0.351405747515289 0.16589426111683
-0.0730564538945948 0.0720146634694275 -0.271165471470962 0.347426318779718
0.020651466411682 0.0822143272213316 0.130180963062079 0.340619910969291
0.0739189609710673 0.0376076283947563 0.273838312380718 -0.00994450679692975
0.067527333559163 -0.011136979832021 0.0408222871439176 -0.295093341067893
0.025050067954227 -0.035782800770937 -0.281780850401789 -0.361118435350873
0.0139637307504397 -0.0351438049365622 -0.473142335144091 -0.351737195024904
0.0114834032503563 -0.0260429043295487 -0.535867283381816 -0.394039121174045
0.0400088938075473 -0.0218094702530849 -0.448430941306121 -0.481570169658264
0.0613210074443098 -0.0102321296791338 -0.199390501237649 -0.533655359908396
0.0671969448095468 0.0606388148703514 0.105966022376096 -0.374273105826339
-0.0444852739430039 0.158779681071574 0.0597722609429995 -0.0658006810885675
-0.164940789149056 0.037887794464902 -0.180020039384571 0.00514675852357625
-0.110391530675677 -0.0529968031434558 -0.474713387819989 -0.0828746199760585
-0.206850585812038 0.0858418838580412 -0.430663210402408 0.326719081179189
-0.157044676816289 0.12531561266745 -0.36928152364907 0.0591084610253273
-0.0543147901577712 0.161263790984257 -0.353320116803097 0.274366152442654
0.0262833616688932 0.126598664932993 0.039758096265 0.369438758772308
0.0773955173464286 0.123171433641883 0.286170792217608 0.0545319066418918
0.11834421909868 0.112151198192707 0.10249493867644 -0.289653153336698
0.149648592546675 0.0996941580972652 -0.218072004476618 -0.369799329624383
0.201314278466227 0.103181083331006 -0.420970067795606 -0.341989936340229
0.207103388014403 0.130423659539645 -0.498546254695411 -0.344952236623941
0.203185397263439 0.180237722392801 -0.447946421844528 -0.40725985191738
0.138597722217183 0.246769678508647 -0.247339480569634 -0.463311087299464
-0.000614494037468076 0.315981046080492 0.0497628259616965 -0.362856682876948
-0.198864836688295 0.328519988782492 0.0338636982692185 -0.0875092988512228
-0.344995572076105 0.183549635064166 -0.14862582138264 -0.0115878825357851
-0.320897808091484 0.0575504833323579 -0.394504598387007 -0.102090296748774
-0.392146162686646 0.203578100639657 -0.323544942531435 0.225615071129745
-0.25334147137598 0.27981789735804 -0.399829096790552 -0.0552804850754831
-0.0799210728078782 0.264803961968612 -0.417316712745073 0.243174071448358
0.006250327592587 0.19373479504469 -0.00459879209094319 0.398022952056048
0.0614065769691485 0.224390122462104 0.297664089115296 0.0951196768361212
0.148721685107828 0.243359208401479 0.152837202118866 -0.257533725739518
0.251444382647633 0.236178966722512 -0.123940471928945 -0.326218735726916
0.356917241101754 0.226617267687681 -0.299101775339204 -0.280433535783818
0.377620848382161 0.24624939234393 -0.381441778954365 -0.253983227143862
0.364190438379578 0.320827043860736 -0.37267503508552 -0.285934814033991
0.254733836038787 0.433187623740023 -0.244666702293106 -0.332010451104694
0.012000590433066 0.518892631898997 -0.0176680591237389 -0.310476642995122
-0.248032648902712 0.477716543666215 0.000743436300967812 -0.136613876315909
-0.417566641203476 0.337690286516726 -0.0704828054951778 -0.0859771570613895
-0.450430075621898 0.185105228753877 -0.239919685168545 -0.144060107886619
-0.532145600625557 0.272401403789245 -0.151145308241844 0.110971557370875
-0.348479771670202 0.368078138371166 -0.409891204670075 -0.159876126533082
-0.159783062683676 0.325926725530521 -0.450575980991374 0.247006702936851
-0.081197807173008 0.2768765696446 -0.0112599399703447 0.426395373214405
0.0110711567819624 0.356305583267756 0.301663813152818 0.137623688559936
0.166368070315241 0.37872629149321 0.19057105729034 -0.180832743278951
0.326236984822539 0.350312576587707 -0.00663658110594521 -0.227644917497911
0.456813723151905 0.313606765315868 -0.131782554951206 -0.182789393860051
0.480689884252293 0.314502492720833 -0.208354864899132 -0.142030210948838
0.458048147960052 0.393238119988316 -0.235954914485127 -0.154072576947517
0.328699056809016 0.521143661380777 -0.185564261338836 -0.176762641466417
0.0407308800074024 0.594607137384825 -0.0733875748758107 -0.226373493038242
-0.207840699137556 0.516494452384173 -0.0407147177499836 -0.202389748764599
-0.369408031309884 0.433946048873927 0.019986546130939 -0.207590214893497
-0.482430436356007 0.29801566007752 -0.0452580245701417 -0.213073359579277
-0.580106671780469 0.283083159531065 0.0596573260734792 0.0194319525337638
-0.39063298403907 0.357982200169849 -0.344488677561644 -0.206172355880159
-0.260564993150962 0.297889444648931 -0.405300758002831 0.245836370673642
-0.215395565554823 0.341142228795737 -0.0129664574264585 0.420608334917061
-0.0593855171829412 0.482945107840708 0.26916846245577 0.2057165256638
0.169124073862751 0.486264218667963 0.222046265521294 -0.0415079991207022
0.365555222687068 0.416806192350166 0.128681514855065 -0.0828801711253188
0.485314635389114 0.357634162270419 0.0553307390470523 -0.0596092029171169
0.490612095445148 0.341638360556707 -0.0159162820483982 -0.0230926853518015
0.444408114177408 0.411626492058388 -0.0848656342003412 -0.0273642085312608
0.298381305243803 0.508208334536389 -0.111360374723419 -0.0341793858418584
0.0218432146108621 0.519548875382907 -0.121804941643349 -0.147583070618489
-0.127162198639271 0.408429567220787 -0.0733405228542528 -0.279441217261621
-0.241536478425604 0.432840690105428 0.108757023796686 -0.328176017729433
-0.430186828332934 0.368286396276134 0.147674115242916 -0.293263628870113
-0.51966774770436 0.251843094416562 0.271118570328191 -0.0286811166749414
-0.350767964776722 0.270481904540464 -0.186158385293544 -0.184295996274067
-0.318739588835576 0.204958231254177 -0.279215346459842 0.196214482864235
-0.311048637424743 0.351383139221558 -0.0477704875540779 0.371297096947339
-0.103428025645915 0.529667640417613 0.197315670164391 0.309532544123376
0.159681181567472 0.5061203691022 0.257813502264984 0.150984727639005
0.357615075467985 0.410255647402584 0.273390546321261 0.0869455895463647
0.439715801792058 0.345837331024379 0.231784813749735 0.0723667941520673
0.412076655976783 0.325042864329152 0.15418697810546 0.0967529754421235
0.326813857744337 0.376759669083794 0.0275179474722838 0.0896063615756004
0.172061575084528 0.410407150179593 -0.0801904468448451 0.0703362909973827
-0.034490049421903 0.329890227240607 -0.170512129705538 -0.115650153193574
-0.0321842011848432 0.215665971324784 -0.0638005148507468 -0.357975861671146
-0.0894560752135579 0.364143950790356 0.201567066328347 -0.391363624826981
-0.331648640370681 0.377580759079388 0.308615951069693 -0.358338827471012
-0.362900529131458 0.201762951098622 0.443047188745342 -0.0404911833813398
-0.23113545708819 0.163685637550706 0.0152591653685638 -0.134605140798296
-0.27404088043019 0.103958318693662 -0.153123413299118 0.109515019379367
-0.290786784258041 0.288273648228378 -0.114657497214608 0.322907989171343
-0.0938062182250294 0.444315641358941 0.130126658579672 0.430122906211995
0.135042770950694 0.412475244373189 0.313431021305174 0.342506615535635
0.294089674340686 0.326926551516485 0.411251331910949 0.244871597340613
0.329477063005127 0.281441494416832 0.374227091413509 0.191769955201778
0.276352540126049 0.267722628453144 0.271791241891713 0.204096721095982
0.164065027197147 0.289876260512682 0.068920969943732 0.186069958189921
0.0327893888933069 0.253215690940382 -0.113265323994075 0.113950057570409
-0.0649727819325102 0.116230753388679 -0.201558320648369 -0.153361211840486
0.058430531199607 0.0457394764549655 0.0132342365587325 -0.409628913418695
0.0289397245598262 0.274333831242036 0.29299586866269 -0.36843727374237
-0.215846434770137 0.328023166532224 0.423817205752783 -0.3898231421203
-0.145179802831729 0.138506209994547 0.534347566564755 -0.0365041666589011
-0.0533563825649284 0.0716632389585929 0.169904632625228 -0.102170899618633
-0.126087902420821 0.0081805844435793 -0.0871377954188807 0.0333223719648892
-0.173736224378589 0.144761379805016 -0.165907820194661 0.316391350306851
-0.0597549963493259 0.242674619596925 0.114729155364108 0.524016029142508
0.0725878782867093 0.225539348180926 0.383612134878482 0.473121021280255
0.170558556314713 0.187251932459923 0.51556170017822 0.351606662272443
0.16949963788286 0.172921697321981 0.462820626307243 0.279267222786417
0.11686497560661 0.168697614055831 0.325036422457399 0.285279770909943
0.0183182191531713 0.164063057853701 0.0482734014357276 0.245217470390931
-0.0592823062906586 0.0932426465657491 -0.173734788348185 0.0910795991926434
-0.0530353323193116 -0.0347665576516732 -0.177779824193671 -0.229756630241147
0.107479324166688 -0.0468067880513964 0.133983960627117 -0.398828133978075
0.0892953524053368 0.174579305423367 0.363203093430559 -0.271081323233388
-0.0944033985570058 0.22145816042239 0.490037271512674 -0.382887702397465
-0.02945727291276 -0.0603192109271204 -0.483520863837024 0.410542913679118
-0.105079402434902 -0.0309088057837961 -0.358885289011994 0.173164003499295
-0.0743406834046877 0.0753171953315849 -0.272236206894167 0.357337779669978
0.0223931669862889 0.0849489972560904 0.138157213872588 0.348763979087929
0.0776225472157872 0.0358925393724934 0.284697209398222 -0.0120843909038172
0.0692149475478141 -0.0135426137974837 0.0365819619943671 -0.300783199038161
0.0253428697642139 -0.0363473942804646 -0.295138366554568 -0.36134572972413
0.0134225490639334 -0.0362312195823151 -0.492923079756884 -0.348207967947476
0.0113038704898286 -0.0272033653173393 -0.559286270481508 -0.38966026053782
0.0411715368003036 -0.0248551189422535 -0.469396188652892 -0.482251411111091
0.0622774576061226 -0.0121976815945359 -0.213592699790882 -0.541211852423059
0.0699443688897591 0.0601375864138788 0.10235043195335 -0.386837593158526
-0.0412476574213754 0.163494042671281 0.0620006952637637 -0.0665855488453942
-0.169891487904382 0.0411893489080924 -0.185311052922543 0.00764299155218399
-0.115085915998354 -0.0524113081295214 -0.493435660317861 -0.0777189075974767
-0.207826709508891 0.089377441895147 -0.439564953863353 0.346275632391206
-0.157751413645248 0.129809373661845 -0.379482604240649 0.0645563373204028
-0.051862502551993 0.164484968567896 -0.357150441280757 0.284912740146086
0.0296015043507631 0.127340889747023 0.0441253325636881 0.381050462813803
0.0824776770342276 0.121694562802568 0.299772855012632 0.0536217444358034
0.124023158855732 0.110210485007017 0.0991997900091446 -0.295827545897566
0.156283305296049 0.0986726143638061 -0.231698902260788 -0.371463986095733
0.208718863697471 0.0999100880739148 -0.439328292689181 -0.33963165196027
0.215971123769867 0.126933254582377 -0.518593530678623 -0.341509651476992
0.213213118842161 0.179494327379052 -0.467632842055125 -0.406304298478174
0.146810623781147 0.248922448912321 -0.259818510221521 -0.469763236771799
0.00663090611234989 0.322662180419903 0.0450474194355834 -0.373855549719714
-0.197164992228469 0.339748716967421 0.0336138032562986 -0.0875071598277006
-0.350265173098691 0.192774134994204 -0.154814599729752 -0.00942522806428327
-0.330117171482636 0.0639420757648352 -0.412752977937362 -0.0974179084134221
-0.396730627391433 0.213639539405012 -0.330442046122835 0.241585362041572
-0.252180828264991 0.288433787448102 -0.413355140214046 -0.0506841125208387
-0.0750982093023124 0.270363691061406 -0.424621761279957 0.254645646458499
0.0112217893737422 0.195610846881309 0.000675199052876636 0.411085897443547
0.0680462346210884 0.224048119092696 0.310464232421442 0.0951600201272269
0.157354095244868 0.24259300080031 0.150106655355157 -0.265964101453616
0.262708925138636 0.23451239218585 -0.134680643233517 -0.329108747533498
0.37040176068854 0.220835669924861 -0.314493745950969 -0.279828903250077
0.393465789861149 0.241109987561768 -0.396808944321201 -0.249046200887044
0.381801962471942 0.319376056999074 -0.388972447674998 -0.28539604842894
0.269281200306961 0.438466280010338 -0.254367362268782 -0.334854330348229
0.0216694324426551 0.52967048246734 -0.0227208278703448 -0.318862291143607
-0.245696582691715 0.491653657435494 -0.00390850533937277 -0.136116072187365
-0.419817186655391 0.350934967934145 -0.0769271935957326 -0.086511680558729
-0.462272073484523 0.197143867500071 -0.252819276894344 -0.14244973901769
-0.538321585583447 0.287133491067692 -0.156784201046874 0.12098065118373
-0.348928251534745 0.381986587963875 -0.426163871740197 -0.155726357942774
-0.154956831172296 0.333218978912163 -0.459089787542929 0.260437837645167
-0.0752946714203361 0.281524127089324 -0.00406090190179496 0.440524386137506
0.020071918738968 0.360998323248249 0.314236485388986 0.136259087534755
0.176457837095328 0.381255485970658 0.189756477371695 -0.189046767151174
0.34204374648125 0.351489982762224 -0.0130417944829309 -0.231080681204959
0.474470803829596 0.309749221234161 -0.139783221391236 -0.186014172468893
0.500173880692681 0.307730816483692 -0.216973995002806 -0.139605543200255
0.479690392502756 0.390265916626925 -0.247123562467238 -0.152370612189648
0.347101300977246 0.525990494454473 -0.190675948380009 -0.178815177831543
0.0528571498959372 0.6071839738517 -0.0792731328457104 -0.232135486696226
-0.204198849662558 0.530290889117099 -0.0500259472714319 -0.202868325764834
-0.369135824883843 0.447440805169569 0.0119962861234316 -0.21125829084937
-0.492374937371991 0.312257862705645 -0.0538490369539123 -0.216284647011259
-0.587441681550621 0.301095241173127 0.0591560429070256 0.0212288798081789
-0.39038167278366 0.373003092442153 -0.36221290190898 -0.20405597588551
-0.259266477565889 0.305404373018516 -0.409264503899808 0.260542523475767
-0.21125833999235 0.350055314326299 -0.00549031538995954 0.433899546399161
-0.0494619899157656 0.492848353922996 0.280258775483258 0.205585712383793
0.182766615337313 0.491168147052486 0.22363202914718 -0.047693486904704
0.385026661094508 0.415297576081385 0.127791233282329 -0.0867819196882711
0.505224959590284 0.351436615944182 0.0549388935217949 -0.0647429931988023
0.510397130126238 0.334152341675915 -0.0157074199521314 -0.0232254873294509
0.465820406181495 0.407846324384015 -0.0903840415189776 -0.0245254685102049
0.316395728036989 0.5121130981587 -0.112028865520178 -0.0343615950323618
0.032246982597883 0.527663100272661 -0.127337240573917 -0.148843833189765
-0.123133296695167 0.416501310900893 -0.0853949497012708 -0.281669708091668
-0.236769119918866 0.444794685415757 0.100801341288439 -0.334917100085887
-0.436514215448625 0.3845993528218 0.144241861221385 -0.302462233109814
-0.52678017926513 0.26741729487927 0.277230864113696 -0.0326872798383688
-0.352217659159808 0.281657763810118 -0.198224058532413 -0.183133751431039
-0.322099629225752 0.211643807365952 -0.281851438098032 0.208467869060354
-0.311135989575065 0.364394402592088 -0.0423227177297436 0.382575849361093
-0.0948908144091477 0.543262047023508 0.20748521149582 0.312938925255329
0.17364280530534 0.513047583717997 0.264954681321101 0.146893325715957
0.376262582018256 0.408712367374995 0.279403497912793 0.0821880235367179
0.460577026650279 0.340946732386594 0.238926685417154 0.0650238516316252
0.430152916479717 0.321904735404217 0.161456493315087 0.0945601109069919
0.346350533978029 0.376988401114797 0.0282676518237898 0.0927365410821023
0.185894476186621 0.413693309295268 -0.0801336629002213 0.0725596712348715
-0.0293921750198046 0.334131555423349 -0.17778811861445 -0.115488349308543
-0.0284932546226998 0.216304271076685 -0.0764568124228656 -0.362518501575611
-0.0809012707072061 0.371442038218474 0.195605654396318 -0.400790418052535
-0.334128664546041 0.392952842579267 0.309738307049159 -0.372116024619165
-0.368842126572785 0.212827854567063 0.454077627231635 -0.0487429218528632
-0.232293229927746 0.170063041978347 0.0126879035112465 -0.136375483504409
-0.278064301625707 0.107573512437195 -0.153602076863024 0.116051596073163
-0.292359123326869 0.299562610510195 -0.1123586814547 0.333676479588374
-0.0875194329374212 0.458863267571685 0.139717929732386 0.436132048810904
0.145423105572638 0.417646965750249 0.326600756490678 0.34131774594776
0.30872528284864 0.325097488668227 0.42399502605145 0.240240837210824
0.345645143295233 0.277671424263364 0.38745720038738 0.184575977801504
0.28804159524401 0.265954710321089 0.285579902543411 0.201535622182415
0.175536774937222 0.291630841084235 0.073423489055821 0.190158575142973
0.0386898965109972 0.255598097013161 -0.114486656175309 0.118508574795125
-0.0644473403737427 0.115934273495456 -0.210737679832097 -0.153681059361135
0.0614531618902787 0.041254530064434 0.00185363218242194 -0.418627952873523
0.0373453296658118 0.27837149614777 0.292167796724747 -0.375992983344229
-0.215924996399422 0.339272645410553 0.428817650716731 -0.407605583521319
-0.147566412048078 0.145279996998007 0.549582465336625 -0.0482498087104997
-0.052724021440217 0.0736866163044528 0.174910177301545 -0.107188798158381
-0.129358460065517 0.00831344412998676 -0.0873478399046684 0.0358432897168217
-0.173862249992114 0.150871094091017 -0.166458704104739 0.328339857908783
-0.0552900565708789 0.251500030079169 0.125286123775323 0.534768455166195
0.079335469748726 0.230273935532549 0.400544870496831 0.473257717352164
0.178485784790468 0.186237086881359 0.533965518135784 0.34718862382919
0.177866918337931 0.17211392836796 0.478717417706472 0.272512134994697
0.122415135607987 0.170507248441104 0.341004514692421 0.281339636846747
0.0221504485566484 0.166543097533737 0.0539972489808543 0.250381542626352
-0.0584145127982897 0.0950356152954085 -0.177537837095672 0.0958863714383522
-0.0542154297027446 -0.0374210812908804 -0.187718816433066 -0.233028363633842
0.110593420824427 -0.0518793853791199 0.127783523000091 -0.409885330031345
0.0972742322653542 0.177780130676685 0.368220294865923 -0.278187959093363
-0.0931925868130729 0.227216877990727 0.496296653986109 -0.402028346319007
-0.0326153484413643 -0.0627465909072947 -0.475221257890581 0.45374404560501
-0.110535742072161 -0.0263378585623096 -0.362128934281354 0.194279901468513
-0.0731394826986261 0.0818246470410665 -0.260901555681084 0.380009082789295
0.0274069765041471 0.0865703623828731 0.161073982946071 0.353982462429831
0.0813285056939739 0.0305615939546637 0.29854314234995 -0.027869043013063
0.0707730976112755 -0.0190917925926826 0.0220276240743934 -0.309374262644443
0.0241143750433018 -0.0378859978916157 -0.324463811168078 -0.351912504543152
0.0111982682588506 -0.0379698779075312 -0.529076551337666 -0.325055068683302
0.0106559951390366 -0.0294154783119617 -0.597598408293143 -0.365283555274026
0.0409325945294002 -0.0293059246875406 -0.50992700346767 -0.466205290141799
0.0635236991365649 -0.0165732872034672 -0.247954973434778 -0.543657449076417
0.0754169740014712 0.0572415114776174 0.0850252500354234 -0.403516975932245
-0.0328897801703892 0.170130500165692 0.0624182511442125 -0.0693225723638193
-0.173623758371906 0.0513811762725128 -0.190942188474071 0.0168089711983791
-0.121540276408865 -0.0468014263479089 -0.515610397820775 -0.0538761793438295
-0.206863803302529 0.10062253189991 -0.43507673266813 0.385767666133181
-0.154432510090605 0.140891724711649 -0.388105604567803 0.084486871493072
-0.043751346838407 0.170244593305761 -0.354491895258894 0.307937395112649
0.0384740377885883 0.127422214715635 0.0658212626418257 0.392748638117197
0.0921352477159463 0.115807296484456 0.315747486720008 0.0406216683609174
0.133526565177656 0.103271501032894 0.0850693558393352 -0.308061836015535
0.166348576897913 0.0913433117444715 -0.259887879907753 -0.364210324615622
0.220053243737837 0.088385641436484 -0.472876281770112 -0.318677659027922
0.229868913828458 0.115756191145537 -0.553316335657673 -0.316675905830801
0.230246956248808 0.168909457948369 -0.505016588044289 -0.388576864795109
0.164822386545969 0.246196332194937 -0.292479296963808 -0.467353030978283
0.025261146979371 0.329835559977741 0.0259970427672166 -0.387628886864052
-0.183638545995384 0.360804598872786 0.030441740822103 -0.0883278793273933
-0.349432278592475 0.216350524834231 -0.161259192101983 -0.0022293007005198
-0.337803160116792 0.083490877884751 -0.435224434104836 -0.0775204134312877
-0.393635605428213 0.239646045004223 -0.329292166742525 0.270420984221139
-0.243046161129914 0.30852274678136 -0.429540854869439 -0.0291191354013169
-0.0593574892511522 0.279014163518552 -0.42329158189812 0.282455915818139
0.0248541996175743 0.196791502678925 0.0228353542357398 0.426320682461562
0.0835475400604455 0.221054311002031 0.329523936516141 0.0820769202076231
0.17481950358911 0.236497903904923 0.138676056178755 -0.28003936485248
0.284238308830323 0.223733012267253 -0.157889221781124 -0.326826115333272
0.394318022266285 0.203635428852799 -0.342212209614756 -0.269392849111797
0.419301971039878 0.221971638843679 -0.423312117730197 -0.230993061820989
0.413727615017853 0.301108685203204 -0.418757769377823 -0.268261736024673
0.302132867832494 0.433679767562564 -0.279390493026906 -0.331414396022063
0.0529732367147294 0.541371960452185 -0.0401832919854822 -0.327483883040863
-0.224830451054777 0.518714031761904 -0.01300956727186 -0.135206235190226
-0.413788168778267 0.38280773883726 -0.0861295980399841 -0.0832078662446001
-0.466853594219092 0.226959686648002 -0.272554376197477 -0.12964978745501
-0.534897718697545 0.322204169732587 -0.155519738617073 0.136787853098204
-0.333463567889306 0.409185582386565 -0.451032620978331 -0.135818121989405
-0.137910617264803 0.346490290345941 -0.457497294886323 0.292830312729833
-0.0582371513682426 0.289329331985052 0.0201226208970458 0.455947660292365
0.0412026167772547 0.364442507348261 0.333951412216857 0.123467860996253
0.201859800354495 0.37848567576273 0.182670599725417 -0.205397171771258
0.371493917875914 0.334555217976637 -0.0283626525426105 -0.234460166807106
0.506434790718188 0.285761664757522 -0.156291354755616 -0.183937563574185
0.533513624822697 0.285321164549227 -0.230304406959331 -0.12990119196476
0.519749057832899 0.366966624353411 -0.265848503396856 -0.139676327689324
0.388471251137785 0.51753870987735 -0.204611271572539 -0.175121955495429
0.0896323746179258 0.617290529844347 -0.0932992768442828 -0.233608368056974
-0.181779843918937 0.555129959203967 -0.0654010226347955 -0.200348072514769
-0.355573013594816 0.477872974355801 -0.00257145169440773 -0.214857419091482
-0.492448274788381 0.351797012720762 -0.0699230778960923 -0.216182002672438
-0.585445828506822 0.33982954126995 0.0606892796406463 0.0212185976822981
-0.37613609976636 0.402576134234126 -0.389292857785159 -0.18807208279762
-0.246803745269091 0.323757643109678 -0.406916015531041 0.29133111374283
-0.194822841084474 0.367391492247268 0.0195017014788402 0.447713327337659
-0.0210903167701483 0.507307619873237 0.301829032928039 0.196099642067804
0.214924906533336 0.491080759119303 0.225074778776495 -0.0620436460736316
0.41934506796885 0.399899320266873 0.123842112398435 -0.0953338419702503
0.541634458681744 0.327249402901795 0.0510122319679547 -0.0720116857539778
0.545471739596109 0.31089749054093 -0.0169817320775683 -0.0233620644706966
0.505816555336415 0.386916936469945 -0.0965534860708093 -0.0182291154752241
0.354711655454288 0.504035627390031 -0.115633969399702 -0.0309767981789292
0.0620691906592885 0.537416125794838 -0.139700880034715 -0.145907702536491
-0.104278445324921 0.430804963599741 -0.107661392023272 -0.278445336010513
-0.215710563367493 0.468111126571594 0.081866962286116 -0.346990035311728
-0.428664451689677 0.419191998842393 0.129767856449486 -0.316144608479876
-0.527043826455546 0.304081902400088 0.282804288081007 -0.0486472235107896
-0.343955459609671 0.307475564133741 -0.217120929867779 -0.175392593657062
-0.318012967239613 0.231670098621143 -0.276532327234796 0.231931505016614
-0.297277881201081 0.387288061926435 -0.0227674969826064 0.397054846619458
-0.0641201865576201 0.562448691554848 0.229614526246195 0.31018640557619
0.208136129406556 0.517144719307551 0.277622344262036 0.134900848591115
0.410073838209958 0.392895654612467 0.290196158488463 0.0686671316479726
0.494404687706438 0.317523942674397 0.247660552150406 0.0492869542035049
0.460964710470424 0.302290703316128 0.173933113448289 0.0852754882873895
0.379563498879283 0.361358129411953 0.0325960380664184 0.0960373143609267
0.216548557338089 0.409304595558441 -0.0778038530910475 0.0773048663136061
-0.0122169119096975 0.340987628282023 -0.18965448664033 -0.108175554971203
-0.0178593345390727 0.21848935275144 -0.103497523856669 -0.364243734970912
-0.0590614712070272 0.382894251977299 0.176922715999242 -0.418014345951606
-0.323837019783743 0.422642996350031 0.297519649046404 -0.39805656210832
-0.369584234132913 0.239541421459126 0.465117399348525 -0.0761422476898177
-0.228131125086364 0.186625821898246 0.00439194243070681 -0.1401476751699
-0.281450607887213 0.122570041460149 -0.147774076594497 0.12806196311074
-0.281852338189155 0.32257499522597 -0.0985019047290255 0.35011862302591
-0.0608099946457536 0.478154225169128 0.164895815321136 0.441787992022036
0.174495239142349 0.421852943560565 0.352248063769431 0.329802666171323
0.335895247096589 0.311368235783273 0.447939748771631 0.220247946764161
0.372787074835002 0.262934268494213 0.40914271637358 0.162713980767572
0.311688815964031 0.255317787667944 0.306530457265858 0.186257282952598
0.19805579189567 0.286154643087497 0.0854748410544578 0.192337194589495
0.0552733184401627 0.256399595954177 -0.111508961855639 0.127117707874381
-0.0599907369402905 0.118378550510097 -0.226354204104216 -0.145617032221273
0.0663001177124678 0.0349021435952804 -0.0245201375706421 -0.427560908528388
0.0576584952506038 0.282815356828583 0.281489801398078 -0.400117464429769
-0.203674341484753 0.360544768744788 0.418810135068405 -0.443836628843319
-0.144949195766995 0.158033508988049 0.563865543645889 -0.0806226146278476
-0.0495326293720444 0.0779589338066944 0.176511973266766 -0.121142209447287
-0.133483850307613 0.0139220222373225 -0.0870217825335034 0.0411803931773528
-0.170000566916131 0.164298438221368 -0.154866355501087 0.347050171814978
-0.0413892927247471 0.262586834530253 0.156386064222466 0.543466329098273
0.0954865520169 0.232272858744698 0.439270890002219 0.461407131154666
0.193915988508438 0.177789508302851 0.567616518543209 0.320373787087576
0.192598296162661 0.164564701440416 0.509752440560632 0.246496229231897
0.135622119894585 0.1668559422935 0.36822628363277 0.264825702796345
0.0321911671807699 0.168098168860354 0.0700221079015109 0.253906465522043
-0.054234914504413 0.0985930802885558 -0.178599511213339 0.107793013776018
-0.0569102219609688 -0.0388725141049437 -0.206022166693925 -0.229691983996107
0.112109505691698 -0.0615343051012127 0.109925400590832 -0.428540822325412
0.112223967896274 0.177004501417389 0.365074911643182 -0.301591070252726
-0.0832348406134789 0.238897131841282 0.489493504241995 -0.443503359161404
-0.0364063379511765 -0.0625335249223825 -0.438491986835676 0.495819900607568
-0.113857294824518 -0.0182919949979845 -0.347380694427306 0.220842152133123
-0.068026553317049 0.0874018793521956 -0.233520377738609 0.399071242829249
0.0335000049867786 0.0844737936589854 0.187811812461078 0.342486262011549
0.0826827981020829 0.0225683510911157 0.300903112454089 -0.0520780591152114
0.0690516843632521 -0.0265312203742771 -0.000820057270469635 -0.308972231558062
0.0218771136138655 -0.039301275630787 -0.350835626977704 -0.318612653173868
0.00789993910424483 -0.0386362391865713 -0.556760071984429 -0.27720523930713
0.00836310742003997 -0.0318427292924305 -0.626764951360925 -0.310913502239636
0.0379567889290292 -0.0342366911222525 -0.546027181145077 -0.420796205551349
0.0618831864197942 -0.0227520593412468 -0.290285384700429 -0.523133705475999
0.0802073578188396 0.0509491188961217 0.0543254807199564 -0.411147529713572
-0.0181870085512387 0.172628846513042 0.0595110678363611 -0.0725441193072857
-0.171178714702636 0.0656827338874059 -0.190758966432639 0.0303063240488976
-0.124924704002081 -0.0371377879822839 -0.525580598406514 -0.0132745343583065
-0.19691362616923 0.11431637053222 -0.403404638434724 0.424075579696603
-0.143291589022064 0.151433543555451 -0.38133415579584 0.113561558293609
-0.0302345498793035 0.171652411660797 -0.331348224454455 0.333407401291025
0.0485841465526119 0.122115897710649 0.0964628772020094 0.390131233775079
0.100059074127759 0.104405783897017 0.324563032981936 0.0152250969405337
0.140523518773248 0.0897299724951462 0.0609303288028367 -0.312647468923856
0.173506964144022 0.0767603642725809 -0.287891574637335 -0.337539644902555
0.225751148392122 0.0691238687787406 -0.500154779031935 -0.274419388065275
0.239587603190352 0.0939783023951199 -0.577598642067954 -0.267482471777594
0.243708517236958 0.146330046446157 -0.53578155944718 -0.343504557097882
0.184835618814209 0.23202883799254 -0.328702956209415 -0.44407569472525
0.0515977398416439 0.326114922577833 -0.00384236131066892 -0.390169748375187
-0.154510764238497 0.374831393214682 0.0251184414630974 -0.0872480376149484
-0.333835176417654 0.243584205066181 -0.162697973277772 0.0113490391835217
-0.331577303701619 0.111154297389214 -0.444286034516854 -0.0404956930874214
-0.372679091063875 0.267205163517193 -0.307044272367984 0.301197237449442
-0.217067731215128 0.326111573694547 -0.432688190752175 0.00427086295259457
-0.0359785989464883 0.279648057076062 -0.402984178772108 0.313503743669051
0.0417250428985429 0.190040758636369 0.0566202661236624 0.426892722816821
0.099817366305651 0.208796070203263 0.340244509713929 0.0566169779454856
0.191329647730726 0.217786133710854 0.115553253528394 -0.289671944708512
0.301332173551763 0.196748332305738 -0.184039578096461 -0.30896090411268
0.40818901086569 0.166933002199174 -0.364765096997356 -0.238436830491471
0.43625388124934 0.183213241729492 -0.439272950413494 -0.193611856809376
0.435675966521037 0.262184410349861 -0.440933914868301 -0.230544445705648
0.338183658763568 0.405618760806541 -0.305018741725321 -0.310855076906543
0.0970521767560649 0.533798080017464 -0.0656948847815929 -0.324064941572127
-0.183784074053947 0.535466615787072 -0.0224317535977316 -0.128493437420581
-0.381612227420739 0.412288939945482 -0.0945491688997522 -0.0746589166180658
-0.448421837952205 0.264953165626118 -0.285569345208917 -0.104951816319322
-0.508536674867055 0.363012952090611 -0.145145047059476 0.153012840085675
-0.298795925006134 0.43496561954068 -0.463815222182585 -0.100811500444232
-0.108601400726808 0.352373966636177 -0.434990942186877 0.32792447325871
-0.0330651717576173 0.28791229634947 0.0591514873804755 0.456219781456633
0.0699769972349199 0.354835553331013 0.346900940731891 0.0973534950351465
0.229985019522168 0.358339108013903 0.164439755854391 -0.218430756212013
0.396063341570032 0.299709116875522 -0.0472340178620535 -0.228767126243809
0.529195867974415 0.238931494694546 -0.173269060022774 -0.170687191736306
0.554802636046222 0.235506962718796 -0.239225426933203 -0.109614978837577
0.549367676460968 0.316584178807625 -0.278611630353797 -0.114517097234542
0.430105834696142 0.480788027166858 -0.217513329977625 -0.160518291140281
0.140172566770847 0.604877615359683 -0.111951858583485 -0.226541120774454
-0.13686510845953 0.564239965193473 -0.0823431502277359 -0.188780683868208
-0.313794296702491 0.50282769203276 -0.0216173857778966 -0.211562949351089
-0.466202087712184 0.388609409237245 -0.0882305890775921 -0.206892600232842
-0.559184004259802 0.384585330992144 0.0619488145866836 0.0189458756878679
-0.342237231020858 0.430939839303999 -0.40695810610076 -0.156197759864665
-0.218963299586219 0.339205296521801 -0.383568445650375 0.325677320138734
-0.163593777776493 0.377987339109517 0.0572749903029678 0.448102073288262
0.0201010561226911 0.503040111411951 0.318692154450632 0.170992429996996
0.252748993455447 0.469929453580715 0.218084241804581 -0.0810261117248565
0.450327723039213 0.359184229681029 0.115191292040095 -0.103621447965859
0.568458654306895 0.277512549921001 0.0430591614036544 -0.0783347264204024
0.569609333187025 0.26143901509152 -0.0170105911880623 -0.0217786474092573
0.53670126093921 0.338897648552817 -0.0990092393312672 -0.00655317364615191
0.396880232405408 0.470771687846232 -0.117349899871182 -0.0240812571331198
0.104667618535529 0.527572525469551 -0.150640937454689 -0.133467489517847
-0.0705978737635419 0.434809694538388 -0.131824960443495 -0.263167862763011
-0.176349325861705 0.480890446221925 0.0528364619406135 -0.347869534027329
-0.396684497271009 0.454856404745775 0.104949358266869 -0.323208447684766
-0.502028789860498 0.345091216194671 0.277275588191755 -0.0699673126104939
-0.316866323292922 0.333688893467292 -0.234576053400948 -0.156819420199412
-0.299487181988532 0.252530520873512 -0.255717992910576 0.253942839138301
-0.263495280221533 0.405599435102734 0.0105985195153679 0.399952403727145
-0.0164414779943611 0.565682011032575 0.253897204104521 0.291644366872165
0.249562894933258 0.497766299394686 0.285440820662893 0.109689287879023
0.439726174155314 0.352710911354945 0.292683553177044 0.0453702093234589
0.519362342312292 0.272450806856968 0.250381065008724 0.0250408150720728
0.484580406823465 0.260574516119729 0.181375752848671 0.0689563571234959
0.407557963935046 0.324575331434514 0.0391762882351959 0.0953715481111414
0.250158779287464 0.38683259084462 -0.0710365290779518 0.0815805567670986
0.0144402737036019 0.337028181238199 -0.198862548851892 -0.0912009164916627
-0.000896084787361784 0.214728198546873 -0.134793468697491 -0.350893389264675
-0.0263620924797022 0.385379849945509 0.143641967067832 -0.427245492493086
-0.288897012470155 0.448574149078388 0.265435441367938 -0.421229349308858
-0.348712985097458 0.270127454946471 0.457827796812483 -0.113135072377375
-0.21172940685836 0.203676096387432 -0.00882368002819769 -0.140017902111205
-0.271475984175288 0.141722447060976 -0.135863354220604 0.139014333626245
-0.254880576187447 0.34203496764933 -0.0713662015050705 0.358213992207754
-0.0202712803386681 0.481858738217765 0.199089989359691 0.430005871457008
0.207419920825166 0.405914804208081 0.375626056660754 0.299110954819455
0.358815693155003 0.280007893110521 0.46189245687035 0.182406610340495
0.393312403878248 0.226835984982982 0.419886989044029 0.124403358901968
0.333720902205106 0.227592324897399 0.322955103619979 0.156286014657549
0.220120817139728 0.264550884428752 0.100540367992068 0.186980160251778
0.0752324323483304 0.247971539488899 -0.102108571395543 0.135193881981923
-0.0506849002980402 0.118849574379507 -0.239291741497438 -0.126297718369706
0.0691094260091529 0.0249856423339281 -0.0617699471047794 -0.422611716789103
0.0840280435470101 0.27637505419283 0.25139202299734 -0.416629902064958
-0.175763511074432 0.376863027715233 0.384495945518444 -0.477651813218553
-0.133477095460965 0.170432888506462 0.555750686752464 -0.126677025204529
-0.0420111000975605 0.0819645062933521 0.166865276619592 -0.136764604805737
-0.132827356262776 0.022227363969594 -0.0820053241173837 0.0466269174763308
-0.156280833950225 0.176147052888582 -0.129499233293093 0.360339599178017
-0.0180329781986652 0.267034880789453 0.197728938000018 0.532264194220386
0.114631261769179 0.225286670040658 0.474149612114949 0.420323277798778
0.206662331338558 0.159493003329449 0.589601434517554 0.269781481419831
0.206137797614197 0.146493539493615 0.526488646376715 0.198279416005912
0.148892417906678 0.155284404208571 0.389900861410339 0.229493856187846
0.0453202878815771 0.163565435318942 0.0902261459268069 0.247112133385534
-0.0464757127494938 0.0994215876470894 -0.17174912130604 0.120951296013868
-0.05983033813415 -0.0371056114513102 -0.224917878308838 -0.213213006237216
0.108018291180649 -0.0721177823254687 0.0739275098036654 -0.435599136531126
0.128622325240142 0.168029211684167 0.344895776070027 -0.325199972512927
-0.0656189272185954 0.244418276995259 0.454665811608578 -0.483483761965504
-0.0389901003359616 -0.0597886286661762 -0.386596738136471 0.509210442741864
-0.112415797554068 -0.0102591366709779 -0.320789007878036 0.233734753900768
-0.0615469985455633 0.0888868214120778 -0.199508254909578 0.397990618211613
0.0370719379881223 0.0796438403960238 0.203138249234894 0.318992121295581
0.0799497708168 0.0148914161969341 0.289361585605768 -0.0722785213543026
0.0635342960412777 -0.0316646132531277 -0.0202926046637497 -0.29487150536171
0.0186254498953724 -0.0380927255340653 -0.35644753848562 -0.27698254377198
0.00359985442282512 -0.0365565549387844 -0.554107701000412 -0.219149382853861
0.00549900717201139 -0.0319124170926153 -0.624155448493289 -0.249262301817777
0.033142305495048 -0.0370874330945737 -0.552866866414728 -0.362610346988835
0.0568549074598723 -0.0272729313882935 -0.313167983945711 -0.482902530462941
0.0797921231636453 0.0426411413602191 0.025497272061708 -0.399298189775198
-0.00554359221258363 0.166412853148427 0.0554430220082251 -0.0728643819897463
-0.162079267797078 0.0743838186874723 -0.182487675743069 0.0414403833818976
-0.121958034390407 -0.027165295515083 -0.508385786561584 0.0239214828262992
-0.181141427042474 0.120490850902509 -0.356902346448392 0.440273814298322
-0.127560311950895 0.154505637320483 -0.360674931006348 0.133329354218943
-0.0175711615409009 0.164839278274965 -0.298378277422932 0.340131988327043
0.0548440927256939 0.111992948476034 0.118525635924942 0.370542784196743
0.100830034621054 0.0908939935233106 0.31789701067468 -0.00881642283988458
0.139112119956485 0.0737933105095106 0.0385611960386942 -0.3022468008519
0.171692108992644 0.0601778885007101 -0.299487809292275 -0.301198213598184
0.220177206282002 0.0489102040063794 -0.501392448853589 -0.223126731186619
0.23591418041201 0.070255386895329 -0.571345448856955 -0.211956842304985
0.243556942503937 0.1207483984417 -0.5377812783248 -0.288395780516662
0.193645242742792 0.208086547618624 -0.345139336372595 -0.404730177371241
0.0716183007541978 0.308802912302562 -0.0295755062877265 -0.376012370858801
-0.123086839538941 0.370512430950421 0.0207459345822937 -0.0824778636490423
-0.305217622275166 0.256473049370886 -0.155580378389249 0.0217324201470647
-0.31121743559129 0.129739074097622 -0.432028656068278 -0.00728915484704977
-0.340116556326561 0.279695868238681 -0.272026226823832 0.316640209690056
-0.184202351020239 0.326421898681928 -0.418673426117707 0.0330883187923203
-0.0151216871656771 0.268685491249986 -0.36703170151812 0.328837661715439
0.0540148778627416 0.174934721649883 0.084468189913225 0.40904628766225
0.108445549153089 0.188451097982538 0.334202122548864 0.0296677440832243
0.19729737453155 0.19291954881997 0.0909126598346268 -0.28483473883426
0.30136667681184 0.165468580183594 -0.197189049882178 -0.280433403298526
0.403764122700582 0.128303851326853 -0.371389960809788 -0.199977454658002
0.431671735720286 0.141368760630961 -0.434514310690255 -0.151658457662278
0.436170019122137 0.216259280650153 -0.438547753438677 -0.187205435033843
0.353934583298928 0.36347900115833 -0.313909964199183 -0.27711118649308
0.130479763091431 0.504616474123653 -0.084609889158872 -0.30846318223812
-0.139552043062039 0.525857973927903 -0.0288166329303058 -0.117436572886509
-0.339515562062125 0.421726272787763 -0.0961012118188904 -0.0642510771087413
-0.415902125267356 0.287217045093631 -0.281186521604016 -0.0791650834642181
-0.463657536720826 0.381632730084989 -0.127764937472259 0.160231633104836
-0.255612471862999 0.437887269790563 -0.455261838443276 -0.0635879903935237
-0.078599862861515 0.342499842763274 -0.397302072504315 0.34539917352364
-0.0110328475968228 0.272566913911838 0.0883674687846362 0.437665202399388
0.0916527685710569 0.33050207638267 0.343846979528301 0.0681204236331717
0.243821786466497 0.324333201203669 0.141591384843016 -0.22113570140037
0.400806297351007 0.256286946024014 -0.0616975103487778 -0.213677205215699
0.523905526461484 0.18636572190271 -0.181216977711853 -0.150438578569802
0.549584848962113 0.183782790151665 -0.235623502285659 -0.0873536028099017
0.548593807577942 0.261120582931985 -0.275841297530911 -0.0864827435285128
0.447668795628572 0.428639454898875 -0.219927409563722 -0.141435083712515
0.175077299011883 0.56898051843632 -0.121941843792214 -0.210161453057669
-0.0924121785172193 0.550751116110142 -0.0912720782377125 -0.169131879544074
-0.267531010595271 0.50252421311838 -0.0354707540546591 -0.198765137076177
-0.422169271809017 0.406463753393712 -0.0988248480688079 -0.190130560592445
-0.51085822427405 0.408895897179862 0.0606926751558253 0.0158457577762659
-0.296600821192097 0.437695258646002 -0.406431632379606 -0.120224820801067
-0.186632259097254 0.337014938862013 -0.345461076339418 0.338928223500439
-0.129794393836347 0.366490302868287 0.0868533320770245 0.429094386285069
0.0549170185287526 0.477392494012225 0.320862313126657 0.141659815938542
0.275168828852105 0.431635616167014 0.20153473593989 -0.0938760244316013
0.454395406327309 0.309914012287946 0.103031009168972 -0.106539505158454
0.564290506074206 0.220398899230118 0.0334201685361821 -0.0798850026724984
0.565981352326594 0.208086670103821 -0.015738185941304 -0.0211831216053488
0.537740534118341 0.279950824803332 -0.0957379327353187 0.0042148841427914
0.413821353549245 0.42058065895342 -0.114818867315963 -0.0174515297585229
0.136294222479646 0.495086337695519 -0.15335425560812 -0.117487380051243
-0.0391136403609604 0.418962148409754 -0.145764452122925 -0.237179547929308
-0.135317301672301 0.471659441956882 0.0271133236210548 -0.334839389328179
-0.351669530926474 0.46523478643323 0.0793010732496865 -0.316944330360895
-0.458613665239581 0.366949855721141 0.260465341330464 -0.0849162005372571
-0.279543645195642 0.340057001598697 -0.241749204216597 -0.132591658364067
-0.26894962641236 0.259339963765127 -0.227248823721384 0.261590302982343
-0.225171476780498 0.403851221952267 0.0378054417251015 0.384682402320682
0.0261810370661918 0.542199364453859 0.265864081718018 0.262403108706675
0.273792704925009 0.45839640290465 0.279513473673035 0.0846327825099368
0.445573041763568 0.304447271335909 0.283301109933009 0.02137304066257
0.518383472500354 0.219271306289049 0.239604950482135 0.00273230390513342
0.485558012323418 0.213943649150032 0.180486051503927 0.0498275774819095
0.413128129534005 0.276320000737911 0.0446564909595761 0.0918167461372684
0.266420217125418 0.349092892480737 -0.0632295960804617 0.0817472842117158
0.0361259883778291 0.317778911306907 -0.197443076619844 -0.0725425694668872
0.0129925068832315 0.201232367833815 -0.154716260597715 -0.321562666801921
0.00479098263086181 0.369088838058652 0.11071339613967 -0.41610610475145
-0.247112432787344 0.451487787549562 0.226841660461645 -0.423785365554704
-0.317264280189504 0.284013274413692 0.431292571876431 -0.139835313490679
-0.186692227791649 0.209411575934274 -0.0207614180300726 -0.132753212576262
-0.251117604425558 0.152136675177822 -0.119592493596633 0.14194395251064
-0.222397952122651 0.343666585325378 -0.0442488656625036 0.349896106239651
0.0168466405523281 0.462893434055941 0.220925345866405 0.399541315637577
0.230080045603073 0.376350643272965 0.379329775232468 0.257621084756738
0.361373697768762 0.239797733006006 0.454081225482808 0.139211354389502
0.393055696630344 0.184873877761665 0.409879973968187 0.0853054921293314
0.336635594439321 0.191993217232896 0.321155829357974 0.122336777058438
0.227874668719748 0.235192209831771 0.109660845068959 0.172765204238005
0.0888007664131368 0.227660673897688 -0.0913072583395118 0.13599517911275
-0.0415674702229297 0.112234463653995 -0.238623625027913 -0.103593226500179
0.0681194120266026 0.0153585666665944 -0.0881913347961344 -0.398601390305776
0.102282932228224 0.258421537686213 0.216105805298093 -0.413425728177921
-0.143407827349213 0.374758161628751 0.336287270512994 -0.487562155753918
-0.117492339330883 0.174927433077188 0.525487353923051 -0.161575595049795
-0.0326134485235575 0.0818908703259368 0.150706660533641 -0.144484161506361
-0.126640875501669 0.0284907742431541 -0.0739504756746327 0.0488886943049801
-0.138313893854407 0.177827399419812 -0.100781777143624 0.35790854533649
0.00353356606668187 0.257367268544793 0.225591881899751 0.499053701321794
0.127307755782048 0.208501084963122 0.481788174478005 0.368586079673639
0.207682028687852 0.136212721175227 0.58248421761438 0.213860143029922
0.207631512513198 0.124301975770609 0.518691141305725 0.147383511007423
0.154119224177248 0.137796093340063 0.390615152566732 0.185316475770068
0.0534597649152821 0.152445000208507 0.103409665402904 0.230280619686031
-0.0380797020999495 0.0953598780111585 -0.158861305420861 0.127940288235547
-0.060203710689926 -0.0351378874124357 -0.231812655851689 -0.18900663255555
0.0997881388053188 -0.0788004912284307 0.0414828684530748 -0.421804325594392
0.138190949059952 0.152737949851281 0.312364319465023 -0.331467549125394
-0.0467137232948332 0.239230690447553 0.402981877885011 -0.500526900215537
-0.029366710091783 -0.0612795501505748 -0.399093654127429 0.437162970683193
-0.103367774333334 -0.022989906076341 -0.322985130532021 0.183547356701813
-0.0687500035746615 0.0747080649823452 -0.232487479269258 0.347797482597888
0.0224649520997502 0.0805106201730886 0.151405301250111 0.314454821509367
0.0708615621998718 0.0256802204318988 0.27552407705607 -0.0375535813973062
0.0626760902879239 -0.0200792091800841 0.012373292620448 -0.273392913744972
0.0221262901413975 -0.0318912853560953 -0.307971678229066 -0.288084717331047
0.00554488276294254 -0.0329155198457352 -0.500576962162314 -0.255631303074522
0.00856674004484635 -0.0256359832852925 -0.567554674938589 -0.295419287012992
0.0356212205466738 -0.0296045076689606 -0.491456183100196 -0.397152130059729
0.0560820314722658 -0.0157972050110961 -0.250551876627872 -0.491095710794112
0.0686933225740815 0.0539864624044664 0.0620782458966295 -0.383740479998248
-0.0223923273317564 0.157941830700368 0.0652044008791329 -0.0683934561328925
-0.161493185995168 0.0562481672444264 -0.173754868852069 0.0157216675927442
-0.110046797655918 -0.0370655582849261 -0.494443377415062 -0.0278375588910515
-0.179589110907925 0.0903056547308659 -0.380413470231802 0.370551988720543
-0.135052325044006 0.126632285103482 -0.359235550658981 0.0898506833391468
-0.0359807922478781 0.147564759790924 -0.321423067695976 0.289550252841643
0.034991092768629 0.109899283340019 0.0677286717166262 0.355011243779536
0.0805319367376421 0.0970175044868558 0.292774418711741 0.0230177190489892
0.120327159384627 0.0853170185400832 0.063650052559387 -0.270783923522168
0.154884187070516 0.0757443377239466 -0.253853006216441 -0.305020876237863
0.202861213031052 0.0689187882319372 -0.450481644522235 -0.257451013810465
0.215948856666485 0.0932304680309447 -0.524077055976265 -0.258276498825181
0.2170038303144 0.139585993865754 -0.486552728229495 -0.331505038234027
0.160958506209348 0.220074408495007 -0.292917595222346 -0.431079305619688
0.0331879432372431 0.306240332403109 0.00704465650374419 -0.374773095937514
-0.152944263951147 0.340396620119699 0.0384975617001078 -0.0851023768877552
-0.316107505283173 0.21444994088848 -0.140858589586683 -0.00710033469829546
-0.309187017327085 0.0958084384072824 -0.412307544345664 -0.0600597940428495
-0.342261393056687 0.220390237206735 -0.30583220161395 0.257682518016743
-0.205459427439917 0.280231146793989 -0.414362500873637 -0.00705273709251958
-0.0446601061405553 0.242045593791614 -0.389833998710596 0.274646263574239
0.0262980937066686 0.165287403635488 0.0298586668710041 0.386908116380631
0.0738627300025935 0.187615263740755 0.300664071704834 0.0593130943380143
0.15951928335159 0.202172138915521 0.106134914745192 -0.246866463419146
0.266462694667265 0.186906900981939 -0.162873658944994 -0.277970855432638
0.368336537074242 0.161707987910772 -0.327533343925212 -0.224076603588902
0.393877309261929 0.178906103767275 -0.400983154050903 -0.192329227614336
0.389187172337781 0.247660770337604 -0.407391651118196 -0.229956063644089
0.295151667431853 0.382759092787046 -0.278920493028396 -0.315413864247016
0.0696606395592414 0.497320731199078 -0.0550038510047819 -0.31987006026106
-0.184206047355418 0.48724352718127 -0.00411614672596193 -0.127063126223047
-0.364945243252899 0.366908321432428 -0.0744010150073067 -0.0896301417322428
-0.425369737779286 0.237180922633699 -0.258168849947676 -0.121241447887728
-0.467854586497017 0.302774965470421 -0.16796579366787 0.122018374162386
-0.284062072257674 0.373695360762329 -0.448976075592948 -0.0983976722049886
-0.110164061701572 0.303333122410729 -0.422090651030054 0.286501426205547
-0.0456806115331084 0.246317591237257 0.0295450390842436 0.409471168268294
0.0394126380320914 0.317224659622746 0.300355901834134 0.0924069037525076
0.187876985970339 0.32996531574431 0.141416201063241 -0.180868888390728
0.349807467962004 0.280520541552804 -0.0439291904161938 -0.205048082048788
0.477946614353767 0.229178278477431 -0.153714829603405 -0.16195540003181
0.500328752945456 0.229298032691373 -0.218058451868084 -0.114277855606653
0.488229234852271 0.301038694216953 -0.264629796742328 -0.120604482755234
0.37924782422505 0.452860454228675 -0.205861443036347 -0.179082763689395
0.107556169650058 0.562894300652484 -0.101856057024598 -0.230391529756114
-0.142715029080978 0.515438076868954 -0.060790003943722 -0.183071773240358
-0.303451066336955 0.452444884518145 -0.00674970847722263 -0.215733905952304
-0.445190621667379 0.352207762327685 -0.0700213534829451 -0.216481159292126
-0.51419805069299 0.322583114330171 0.015004441650935 0.00181458693224905
-0.320997192730519 0.369122904768124 -0.401837156855113 -0.146934047159825
-0.209452636375483 0.285319750068206 -0.375470767194814 0.281911672251572
-0.16924847777636 0.318765934875929 0.0265483903251308 0.396419211499095
-0.0131601136923296 0.449739474677357 0.266023070094165 0.153859619785483
0.204042346987527 0.431389167300866 0.180308100673965 -0.054373649642824
0.393644651016514 0.334718475064154 0.0979752949851059 -0.0910191719211811
0.513011167014177 0.261712878501329 0.0413022162360921 -0.0764068820715724
0.513592113069582 0.252655793829354 -0.0159915465332332 -0.0318497679082122
0.476379782955634 0.316760138139204 -0.100866465775526 -0.0178502556653646
0.34780131133111 0.437065926690442 -0.117997786235898 -0.0493345191075974
0.0780693617992659 0.485187694545602 -0.139628861539403 -0.14145165087277
-0.0789730840526345 0.395443056143947 -0.10959231710053 -0.249417738027018
-0.174630868527547 0.434735163719392 0.0626886428623039 -0.336170777175266
-0.383420843753664 0.413230154369487 0.112632783584627 -0.323658840975121
-0.461932361320781 0.291011864014706 0.21270836467212 -0.0726985547018887
-0.291464382144593 0.28167527088025 -0.241635115601497 -0.144200080174372
-0.279911125521199 0.203290624865969 -0.253603913000364 0.214122112549202
-0.263014523672762 0.342336375550301 -0.0160242774828237 0.344801238773011
-0.0477832852451254 0.507459667321051 0.200303440144148 0.259141645386547
0.201583562730889 0.457246782470137 0.235365730226049 0.117859253936138
0.386995387210122 0.329483629908448 0.253894696159597 0.0441075197360837
0.469241636906123 0.257296566501832 0.227475072109992 0.020158247985776
0.437512470790957 0.249423583685758 0.164654054071137 0.053809382549567
0.356995474499923 0.299709716628315 0.0273656459631683 0.080737669168432
0.215530417420776 0.353874559843916 -0.0755478647909236 0.0555077360789773
0.00173140315766408 0.304659753972255 -0.183684179265054 -0.0975953007028754
-0.00978356740931306 0.193609908136417 -0.114047391678549 -0.326500135709057
-0.0313077884042092 0.351713369712917 0.146032522446093 -0.402109346144755
-0.28454058787519 0.41135116715387 0.262578156148218 -0.411012893784524
-0.323304367844307 0.229826447839563 0.383525969433684 -0.102952909491916
-0.193648798750465 0.171618036583881 -0.0245436415271024 -0.125815254395958
-0.250630310196663 0.107542309629345 -0.135997745541095 0.109804577426756
-0.251872002297925 0.287708880662988 -0.0878687066463271 0.307419253158295
-0.0444573523161677 0.434514500655649 0.148089206149363 0.383194796012944
0.168124158114619 0.374828790525881 0.314006592629939 0.28723775185361
0.314235484462536 0.260064202002327 0.405096911653036 0.168233352843134
0.3549805030434 0.213453120004768 0.377968943321217 0.113452124731213
0.298240261524377 0.213721573557006 0.291888338012784 0.138005470169205
0.188257450018311 0.24213277969858 0.085011701720286 0.167024273268321
0.0599308090381187 0.220157483172916 -0.103506901943264 0.111846591713466
-0.0502665695032557 0.100709073681664 -0.217997293586695 -0.125623383460323
0.060800762945787 0.0225948721766728 -0.0470461944282796 -0.389200967323148
0.0727659917725514 0.256415391322074 0.244104805145247 -0.383137975954107
-0.179680653275306 0.348240021214231 0.370810411770951 -0.459692225316565
-0.127445588638754 0.150022055750933 0.487135563140047 -0.105041566195663
-0.0376875006296466 0.0708297295139812 0.148887900252394 -0.120807848377628
-0.120860538963493 0.00928732766102059 -0.0763039586837468 0.0303753503994264
-0.153663926879357 0.146172640458108 -0.134943221511832 0.312972959090919
-0.0312055313731873 0.241575937129852 0.150881857966983 0.480566285181992
0.0904428640206541 0.2072583000671 0.406342861649189 0.392767947556991
0.180199374279655 0.146076137917824 0.522574024966361 0.250848622073735
0.185684975493283 0.136669859541254 0.473492558861085 0.184172780004362
0.131997943329171 0.143348037324371 0.350664969393967 0.205891884585339
0.0327232818917564 0.146861907916856 0.0765558820986398 0.223638517422807
-0.0453809573249272 0.0833257525294606 -0.164398751363244 0.103122656822938
-0.051464380913231 -0.0396899373547591 -0.201770002942031 -0.203711427256345
0.0987647660438237 -0.0633172086611496 0.0799876952541156 -0.397668164516622
0.115762541799737 0.158374940039139 0.330907430707572 -0.292810279496884
-0.0737610725412578 0.227571323489973 0.435920825976589 -0.458824404336164
-0.0280758098280024 -0.0608001738712231 -0.384784872594322 0.424568208992383
-0.100805078208119 -0.0224716236115076 -0.31294202640068 0.173965375186311
-0.0680456739033543 0.0731321574045714 -0.230312571077591 0.334726264378533
0.0205353226634051 0.079155057893444 0.144242462157733 0.307332591895902
0.0678133641610261 0.0255058298467952 0.269332093225393 -0.0374970698429328
0.0596832592029286 -0.0197908038264805 0.0161847653388038 -0.263291966845307
0.0218801909698007 -0.0296625085356792 -0.295931288175176 -0.275714972507312
0.00559886592487359 -0.0303258334753553 -0.483930947942808 -0.242922312598514
0.00669036401681913 -0.0258688503046131 -0.550382005113604 -0.282117963966603
0.0335614413905126 -0.0302478790778198 -0.473862390593436 -0.381740267509121
0.0538164077026853 -0.0161805339327253 -0.241913712874941 -0.475717750421203
0.0665008483304153 0.0528548706678552 0.0614127520636823 -0.371945455667111
-0.0224620420316544 0.153717267021979 0.0657668717060434 -0.0657504435295014
-0.158434161840993 0.0544939433840783 -0.169691965179624 0.0138310668696445
-0.106028346858195 -0.0366443986230789 -0.47903622324123 -0.0275526895623158
-0.173806712186529 0.0854279732632815 -0.367303752733735 0.360805581422648
-0.131077141736494 0.121986617916688 -0.347867170620922 0.0837150345728941
-0.0357044793847091 0.142178054073383 -0.316831266199341 0.27808344007985
0.0327861954013577 0.104694180215594 0.0630533536905576 0.345842997927465
0.0758886952317331 0.0922643248070823 0.286606486428999 0.0224551227712574
0.114285018568281 0.0818869537676477 0.0648121590412479 -0.26013260633465
0.149951275380297 0.073548778380386 -0.242565288650732 -0.290972610653373
0.195748662873147 0.0662623477714256 -0.43499810032402 -0.242012433007205
0.20772248722144 0.0886658653719025 -0.505545016424906 -0.24731639376323
0.209102050726227 0.13273357898615 -0.470750324289638 -0.316949060070323
0.15483635019482 0.212014822913926 -0.282308625410743 -0.417628762259927
0.0311688291827158 0.2958619362397 0.00880417664241794 -0.364019419569239
-0.15055300310449 0.328872111226792 0.041071444010268 -0.0799191018052969
-0.307625274843633 0.207429591455289 -0.136964792111685 -0.008124517371575
-0.299131885453668 0.0920904694094554 -0.399176775821784 -0.0571713789142007
-0.332165683684075 0.212185484933757 -0.295868833874448 0.251707009594495
-0.199426455981507 0.27058449450775 -0.402163587738621 -0.00955339171171397
-0.0436797799572428 0.23287183850368 -0.381262096070826 0.263469833624436
0.0253018586937694 0.155769304854162 0.0283518055635403 0.375526766392511
0.0701659238972233 0.178346876585874 0.294609566909489 0.0568587441596493
0.152140125787884 0.193362989336955 0.103664459180397 -0.237155332633599
0.255550693070309 0.179309069197668 -0.155512263119696 -0.265605007156547
0.355544830043499 0.155250753694427 -0.317166798394081 -0.211089028765687
0.380104243884074 0.169924636447211 -0.385012693719475 -0.185022898242315
0.375189944748636 0.237224097423275 -0.393341739238081 -0.218984003351262
0.285080385214952 0.368722423102526 -0.269522338520903 -0.305379984335535
0.0663677098553896 0.480168556476312 -0.0516841385658688 -0.310361035619228
-0.180415318559378 0.470056049781927 -0.000150030815112664 -0.118747179813917
-0.355520252798247 0.354796905154662 -0.072647843647609 -0.0873386407974909
-0.413872063967543 0.228622818930341 -0.248403277207717 -0.116923468782412
-0.454181823577855 0.29132498631795 -0.162938606295122 0.119847193444689
-0.272981632348329 0.360925459260769 -0.439188480540242 -0.0959214696252945
-0.107211007479725 0.289763529795892 -0.410916362798991 0.277437247289185
-0.0447557555425425 0.232787090797005 0.0285223240232272 0.397920542952155
0.0375474324096469 0.303178937683483 0.293474391475776 0.088692392447058
0.179055585827583 0.316389278127182 0.136406985033112 -0.174860072405566
0.335565016849256 0.270171367584828 -0.0416563706959866 -0.195814831598273
0.459914996843287 0.217991031926103 -0.15042737431941 -0.153803373003003
0.483180429742263 0.218994205685582 -0.20911464490197 -0.110684965260262
0.470730345870817 0.287327361474106 -0.254440312207616 -0.113695900234565
0.367814734562205 0.433915513088706 -0.200735106584787 -0.174040324415877
0.100078534427034 0.541779059279991 -0.0957949940559058 -0.223436243886271
-0.139676962841928 0.496576697114176 -0.0553562442366368 -0.172180068631501
-0.29408526549913 0.436708822510036 -0.00503911871877471 -0.207325363142644
-0.432145864806631 0.340114276622518 -0.0661514214309056 -0.208547564709403
-0.497032920003572 0.310882535231927 0.0135792019494134 0.00396790882491751
-0.307526635543573 0.356345846406279 -0.393696264970577 -0.139593686115575
-0.203695083910728 0.271785035871013 -0.365504426094451 0.272056682463576
-0.165071510288743 0.301966894040858 0.0259849703255982 0.384896592157009
-0.0126766681480979 0.431892391420592 0.259663907532386 0.148350164003104
0.196127899112547 0.416514799335073 0.172239098553668 -0.0526236848705947
0.378956020040996 0.32166662742191 0.0939098887364431 -0.0878143479424688
0.493998377218797 0.249751313262787 0.0372865401343474 -0.0736025479868068
0.496191051277059 0.242386293190604 -0.0142395715923785 -0.0332080504338707
0.457705843303411 0.302879921243208 -0.0964278721736846 -0.013778642383215
0.334829068268877 0.418562848645754 -0.115850265336749 -0.04816872390264
0.0726772140155109 0.465791263646425 -0.133040805722212 -0.136337215560034
-0.0786754341119142 0.378573713501738 -0.103467669226501 -0.236682741055156
-0.167730102312171 0.419947946607517 0.0622027868592015 -0.32404449892335
-0.374000864823672 0.399839795321828 0.110376049183353 -0.312711135226213
-0.44804094823883 0.280399684525478 0.204695709728823 -0.0676626112109464
-0.280423092653858 0.270349587541693 -0.237489231035938 -0.135877548035911
-0.271428772673871 0.192520847152899 -0.24535363581617 0.206219479610192
-0.255626152277936 0.326754417321194 -0.0159922113435315 0.334668374045502
-0.0464096316521342 0.487779887142586 0.194812126807475 0.25103731220679
0.193211498775076 0.44167969216062 0.223213042832749 0.113882590189733
0.371136603694215 0.316832122891216 0.24440835914635 0.0415037480666757
0.453752079444557 0.245293182053346 0.217287028171252 0.0172328137242963
0.422926009481713 0.237602121993881 0.159636277899777 0.0489811598967822
0.343390194083882 0.288328479520725 0.0276133152155081 0.0805552637439557
0.207032653772731 0.337292434890003 -0.0755950053274368 0.0538871637241516
-0.00170557300150782 0.289268166409572 -0.176349347421716 -0.0928562778352796
-0.0100216011173014 0.183198965419314 -0.109745825960552 -0.312132278460989
-0.0281823822189636 0.337942618063221 0.145082474184965 -0.386277035797768
-0.277727173382697 0.398350571590916 0.255123366686137 -0.399098151582557
-0.31320309181883 0.222659285242822 0.371171399324351 -0.0978535803394965
-0.185413605468634 0.163838557948597 -0.0259628458461899 -0.118824815730369
-0.244595874344344 0.100750882418061 -0.130918414657335 0.103462695413203
-0.246272845850079 0.274517672833547 -0.0864915751096351 0.297320875626328
-0.0430846118553458 0.419603490471114 0.143717029152639 0.371821371504651
0.16203933952614 0.361704600876681 0.30054769363254 0.276177593004547
0.302661496108839 0.250205277373139 0.389705161566277 0.160138782909032
0.342650593212989 0.20368643434321 0.363333109771845 0.104660135853404
0.288653768495051 0.203880998380855 0.282210826538257 0.128302488105382
0.179520670271748 0.232945532376834 0.0822031929656943 0.162332852087149
0.0562856924670031 0.207791561303055 -0.10237678839539 0.108617174495305
-0.0505216162374353 0.0927032942264216 -0.210700720126934 -0.121726553127289
0.0597028855776641 0.0185099736839417 -0.0437055913022886 -0.375383884287373
0.0732548631698155 0.247484252620443 0.24189782925132 -0.369219643358303
-0.174066111067234 0.337591913542082 0.358256382895088 -0.447435073080093
-0.124359949754259 0.146579968513514 0.471860948264527 -0.0994299262903984
-0.0348187723287506 0.0674416750366685 0.14348144902171 -0.115691822795115
-0.118355425515758 0.00639161846475644 -0.0733774328606486 0.0268307629605194
-0.150541492502438 0.14017741782844 -0.13252747266182 0.303591723203303
-0.0291174708330503 0.233429286121802 0.143957313099341 0.466890349428177
0.0887899618258424 0.200273065716077 0.390074165776347 0.379531093117323
0.172869069004754 0.140160328427474 0.502024974590849 0.237676663516831
0.178605915229403 0.130647788028878 0.457288077474089 0.173129041097886
0.127597529639412 0.137607172231893 0.338893011790034 0.193497046834227
0.030090079967042 0.141641103046697 0.073556792766243 0.215483926980317
-0.0447432140887196 0.0772819103726081 -0.161777079375369 0.100877501975411
-0.0502177291030647 -0.0418532324172336 -0.194284006718366 -0.198584143498204
0.0975118229621289 -0.0613733555887874 0.0792755509716095 -0.383960800914228
0.114516213890356 0.154354175916979 0.325198662305807 -0.280117155455473
-0.0734468591172609 0.220649191252094 0.421468816980373 -0.446389054170716
-0.0265119061976488 -0.062629526290289 -0.388426699405903 0.423390038675181
-0.102243545712479 -0.0236450006298431 -0.316415388951342 0.166152477561412
-0.0708449952012613 0.073850223504955 -0.239376055473196 0.333769117796143
0.0187870573235549 0.0805296937217384 0.13903886064977 0.313083924974351
0.0674271034478001 0.027024463311034 0.274072774420382 -0.0357938763766728
0.0593272608465209 -0.0191420019466908 0.0230562181611201 -0.26323592291414
0.023027637458852 -0.0283660486567758 -0.290355190238537 -0.275793355723983
0.00569262431733453 -0.0296863258494367 -0.482118542164506 -0.240622125896273
0.00572614748530477 -0.0264303206100801 -0.547505414873677 -0.285750151976403
0.0336966527408976 -0.0303373336534847 -0.468630040248735 -0.38682006851895
0.0530403306401928 -0.0161908273518331 -0.235695270952153 -0.480360364109659
0.0662789470955667 0.0537489124698519 0.0684770579171005 -0.37526540511314
-0.0243023502209427 0.15381071016141 0.0703935175370433 -0.0647986199374891
-0.161272696596373 0.0528371737118134 -0.17317112745388 0.0106095585954562
-0.104839131567087 -0.0397462673296601 -0.482397518832776 -0.0332455953983605
-0.17587915265428 0.0827097140999212 -0.373383837648177 0.359093779897326
-0.1332965783619 0.120794564456232 -0.351473562964967 0.0766975637620042
-0.0383682828280739 0.142150277461326 -0.324189926628797 0.274677363338988
0.0305445529603966 0.102956273063098 0.0570401990552174 0.351336779097544
0.0739281523698686 0.0930236102011618 0.290153686849702 0.024628738776852
0.112633675136998 0.0823641213326246 0.0709285731935062 -0.259467561963994
0.149532645423893 0.075175970274423 -0.237349971609917 -0.291019147173817
0.195401769569232 0.0682483190932302 -0.434394204840991 -0.242517337589028
0.206326669680484 0.0887005486960572 -0.503326547505467 -0.252677556155042
0.207402652349652 0.134372509818715 -0.468342774918895 -0.320844982138204
0.153055476406056 0.21331284648129 -0.278654941402091 -0.422013739491366
0.0273671994203304 0.29728815675143 0.0146302222377138 -0.366537145764618
-0.155434721771914 0.329232507847218 0.0461775047868587 -0.0778618810605163
-0.313763653285606 0.204944173760041 -0.138375029667363 -0.0116949005465489
-0.301761669964408 0.0874091418256618 -0.401533923364753 -0.0604166527313993
-0.336268653484799 0.207472970355523 -0.299172988951434 0.251050157332926
-0.201837405014756 0.269596791993506 -0.406600684324192 -0.014702361369857
-0.0463403882552937 0.231863277830621 -0.389935240917593 0.258480837345315
0.0226678009387962 0.152775103651479 0.0219147397249587 0.38022780835999
0.0667874305596421 0.177436262963718 0.298668330050297 0.059418394115479
0.148821976995163 0.19412839215046 0.107589365753828 -0.23571514801358
0.254268759458477 0.181547771369085 -0.150905937105836 -0.26606185635127
0.354558617525184 0.157631101405829 -0.316730689180173 -0.211516500729019
0.378947676755112 0.172165700396929 -0.383361926039224 -0.188702398989841
0.37205154462189 0.240303667181908 -0.392098032827231 -0.220305629770448
0.282256991640959 0.371559442285381 -0.267535784763394 -0.309912404095111
0.0585560447757506 0.482634528288401 -0.0462112425238676 -0.313013532658561
-0.188135454548452 0.470690434708914 0.00560314094850998 -0.117042969473052
-0.36207853176167 0.352912339941306 -0.0718160533472866 -0.089771081649925
-0.419055311519643 0.223649342077808 -0.248125783122318 -0.119278223038768
-0.460286452553671 0.288184541133578 -0.165485434655706 0.121101438023253
-0.276783123638351 0.359097538906754 -0.442452311450568 -0.0998971878479779
-0.112509322545259 0.287367230022566 -0.420015983582834 0.272342453459086
-0.0488111887659167 0.2280714976651 0.0226437550165368 0.40159213703305
0.0338548729258653 0.300869459015679 0.296968422086643 0.0914882424706641
0.174805275895761 0.317685046182557 0.137962970857391 -0.172917080225218
0.332653994238901 0.273668897479511 -0.0383889396754763 -0.196497130842765
0.461141398311843 0.22160449770279 -0.151113833719428 -0.153263695232662
0.482048354919949 0.221574088310468 -0.207738370737158 -0.114146987967508
0.466977883279598 0.290110282454049 -0.253822538522161 -0.112618248487495
0.362567063467982 0.435911798403847 -0.200142431671615 -0.176840545230849
0.092667640635476 0.543497609967187 -0.0918300566044793 -0.225721137523994
-0.148036316842402 0.49522744540584 -0.049787083526496 -0.170415280955227
-0.300185050096694 0.434835330736386 -0.00213889499018359 -0.208253181139919
-0.439576645771905 0.337366344242547 -0.0626829366338868 -0.210698004605412
-0.504057976128041 0.307198672910258 0.0137762033122495 0.00681860662299648
-0.312025777057417 0.353028792925901 -0.398371330684011 -0.141691026166317
-0.208819183400124 0.268362227263538 -0.371677343031144 0.268666917026929
-0.170843225483715 0.296895296063904 0.0205469758168149 0.386964678460539
-0.0181379265697697 0.429683166937146 0.262382317052574 0.151220837848521
0.18987023154113 0.418310186341361 0.170965214033106 -0.0509270271279975
0.374208457870033 0.32544385644101 0.0953398380036731 -0.0870745222368411
0.493302797176351 0.252415765564716 0.0357462475800781 -0.073514271805597
0.496309392193243 0.244603140203772 -0.0135322832656471 -0.0351618697168146
0.453467680245595 0.305433652458871 -0.0953694214818644 -0.011728919693531
0.330689853971077 0.417991083638621 -0.116954748195086 -0.0488400484894183
0.064687923704297 0.466472784160333 -0.130345286170859 -0.137892776945817
-0.0845415345685961 0.376582030849438 -0.0983327029882882 -0.235532927678762
-0.17310041628628 0.418387917973042 0.0685963504520106 -0.324837776362114
-0.379407756152628 0.399291618794077 0.11510686401995 -0.314428332889934
-0.453860823878869 0.278201288423701 0.206243856754591 -0.0635851476886891
-0.283129176056817 0.267119334377461 -0.240936953843609 -0.134749028920522
-0.276676187397308 0.187456403085198 -0.24882734417282 0.203753575119941
-0.2637949387496 0.321868724734898 -0.0208345706747909 0.33617303113474
-0.0522298758767323 0.488534246413023 0.194557951775726 0.254081175626252
0.188321303431559 0.444947505288258 0.219914932210349 0.117154610748372
0.367365684657887 0.320997546209394 0.24220150833003 0.0424769852157267
0.452621699318403 0.247368744523621 0.214299109725744 0.0176790299151007
0.422597003796717 0.239077763587988 0.160361454765198 0.0475290278885111
0.338910185697599 0.289062134191137 0.027410890791379 0.0834261406893374
0.2013338261494 0.33442724525842 -0.0784471651120141 0.0547697176162753
-0.00814887391161078 0.286667822277696 -0.173781436720703 -0.0946467617482497
-0.0129912805906965 0.180378138140189 -0.105463811292701 -0.31258301124921
-0.0285117438021347 0.3385541766639 0.153598800500355 -0.386255394163844
-0.284128917494985 0.396928842471144 0.259662696115395 -0.400093320629681
-0.317922406658134 0.221622413356969 0.374266449656616 -0.0917863657348131
-0.186328432124637 0.160979620054289 -0.0260041985847443 -0.116184021184524
-0.24985647969756 0.0956779482136593 -0.131880199002092 0.0998805104911636
-0.253191783901791 0.271505508166631 -0.0910221942371251 0.298573574540408
-0.0468032347510839 0.419760850386912 0.13997588605063 0.376753814651207
0.159323725002045 0.364741942260255 0.295494956194315 0.282828359554091
0.2995326071979 0.252184803859046 0.385517597099671 0.162126089877404
0.342110693715063 0.204858723710818 0.360234580561854 0.10624524061336
0.289278507313878 0.205438408706906 0.281068656453311 0.127268347132308
0.175606879352048 0.234522999374557 0.0817822194998066 0.16576366094305
0.0520365532789785 0.204213975301818 -0.106160183095568 0.109251814131545
-0.0539625403323985 0.0879060999360193 -0.209491389347624 -0.124786975450216
0.0606700489351368 0.0169452261114594 -0.0379815888986319 -0.376729428689312
0.0751405782358987 0.2480938444171 0.251438157788907 -0.366701137931181
-0.181461269997092 0.338626108843972 0.363491893051408 -0.447313245289206
-0.127171491771682 0.146889838836514 0.475644535474137 -0.094764805016998
-0.0346125332273876 0.0666713481533673 0.145530135382185 -0.113774569349973
-0.120930967598507 0.00360098925175473 -0.0734886793497158 0.0224831408499017
-0.154579277899805 0.138606501437379 -0.137590342565045 0.304946588134004
-0.0308295529009742 0.234034456166479 0.139142483477077 0.472707850649142
0.0875528122795407 0.201680610809256 0.383160830008785 0.385189336256248
0.170915643826916 0.1421274946531 0.497858650532882 0.241665620245862
0.177728324853526 0.131948291399515 0.452778514865137 0.173331382849558
0.12662329072212 0.137835202622752 0.335827347949835 0.193699222935994
0.0272669436144424 0.143041400536255 0.0713098881307902 0.217060514018329
-0.0468824304165101 0.0740641692572499 -0.16496211434691 0.099978501408977
-0.0508200249386852 -0.0463294701781456 -0.192358764999817 -0.202839589528307
0.101467236847692 -0.0618515096305606 0.0851158635902893 -0.384673761806547
0.116211931340878 0.156133513745828 0.335086065678603 -0.27711211451489
-0.077918734968957 0.222726923804509 0.425989144859973 -0.446718528144943
