TRXV5
3
4
4
9
string Extension=J
integer IsArchMeasurement=1
integer IsSpherical=1
string Generator=SPM
string GeneratorVersion=1.3.1 Dev
double ArchRadius=0.449999988079071
integer FrequencyAxisIndex=0
integer AzimuthAxisIndex=1
integer ElevationAxisIndex=2
Frequency
5 136 690000000 960000000 LIN
Azimuth
7 8 0 2.74889357189107 LIN
Elevation
7 15 -2.74889357189107 2.74889357189107 LIN
Polar H Real Part
13
Polar H Imaginary Part
14
Polar V Real Part
13
Polar V Imaginary Part
14
Polar H Magnitude (dB)
12 0xC0000002 0 1
Polar H Phase
7 0xC0000003 0 1
Polar V Magnitude (dB)
12 0xC0000002 2 3
Polar V Phase
7 0xC0000003 2 3
-0.0179462432861328 -0.000139236450195313 0.0758056640625 -0.146392822265625
-0.00275516510009766 0.00141167640686035 0.00465583801269531 -0.0292854309082031
-0.0078272819519043 0.00745248794555664 -0.0246734619140625 0.0982589721679688
-0.0090179443359375 0.0112314224243164 0.04754638671875 0.168487548828125
-0.00520038604736328 0.00870084762573242 0.1199951171875 0.164749145507813
-0.00835943222045898 0.00668573379516601 0.192550659179688 0.131332397460938
0.00115299224853516 0.0134153366088867 0.208694458007813 0.0812835693359375
-0.0100307464599609 0.0139999389648437 0.163681030273437 0.0551605224609375
-0.0165843963623047 0.00692367553710938 0.0923385620117188 0.0567398071289063
-0.0141115188598633 0.00160694122314453 0.0083770751953125 0.0411338806152344
-0.00497579574584961 -0.00185441970825195 -0.0676231384277344 -0.0517120361328125
0.000155091285705566 -0.00165784358978272 -0.064056396484375 -0.168853759765625
0.000698089599609376 0.00633478164672852 0.0565948486328125 -0.266571044921875
-0.00446891784667969 0.0103425979614258 0.100051879882813 -0.248123168945313
-0.0163993835449219 -0.00552558898925782 0.00947570800781249 -0.18438720703125
-0.0356178283691406 0.0583915710449219 0.06842041015625 -0.131362915039063
-0.0305938720703125 0.0462760925292969 -0.000446319580078127 -0.0129356384277344
-0.0434837341308594 0.05859375 -0.0206451416015625 0.101951599121094
-0.0293960571289063 0.0818634033203125 0.0499420166015625 0.168289184570313
0.00514221191406249 0.078948974609375 0.119674682617188 0.158035278320313
0.0373725891113281 0.0700721740722656 0.19256591796875 0.12310791015625
0.0584487915039063 0.0540008544921875 0.197891235351563 0.068572998046875
0.0392341613769531 0.0522613525390625 0.15155029296875 0.03961181640625
0.03131103515625 0.0537185668945313 0.0857696533203125 0.0421295166015625
0.0159187316894531 0.0560226440429687 0.0112857818603516 0.0319499969482422
-0.00298309326171875 0.0488815307617188 -0.0652236938476563 -0.0514068603515625
-0.00841522216796875 0.037261962890625 -0.0667877197265625 -0.15936279296875
0.00169563293457032 0.0340480804443359 0.0421600341796875 -0.263137817382813
0.00997543334960937 0.0624046325683594 0.0893096923828125 -0.240158081054688
-0.00969696044921875 0.0699958801269531 0.00514221191406249 -0.168792724609375
-0.0460281372070312 0.110481262207031 0.0513992309570312 -0.0965652465820313
-0.0458984375 0.0854110717773438 -0.0161380767822266 0.0224685668945313
-0.0678024291992188 0.0981979370117188 -0.0145111083984375 0.113853454589844
-0.0452041625976562 0.138809204101563 0.0544891357421875 0.164291381835938
0.0130538940429688 0.136116027832031 0.113235473632813 0.138206481933594
0.0753402709960937 0.122665405273438 0.173583984375 0.100860595703125
0.105613708496094 0.0869064331054687 0.163177490234375 0.0478973388671875
0.0808029174804688 0.0831069946289063 0.11529541015625 0.0173110961914063
0.0760421752929688 0.0906219482421875 0.0606269836425781 0.0198783874511719
0.0490264892578125 0.103446960449219 0.00360870361328125 0.0113954544067383
0.00553131103515625 0.0992813110351563 -0.0637435913085938 -0.05780029296875
-0.0160369873046875 0.0794143676757813 -0.0665740966796875 -0.145614624023438
-0.00677108764648438 0.0596885681152344 0.025634765625 -0.244140625
0.0147933959960938 0.101272583007813 0.0748138427734375 -0.209197998046875
-0.00920104980468749 0.128257751464844 -0.00264739990234375 -0.12701416015625
-0.044189453125 0.1512451171875 0.0297012329101562 -0.0454025268554687
-0.0402297973632812 0.112831115722656 -0.0381851196289062 0.0718994140625
-0.07073974609375 0.115852355957031 -0.00901031494140626 0.138664245605469
-0.052978515625 0.164779663085938 0.0595245361328125 0.157821655273438
0.01544189453125 0.166473388671875 0.100723266601563 0.110832214355469
0.0958709716796875 0.153182983398438 0.139030456542969 0.0689620971679688
0.133460998535156 0.107131958007813 0.109466552734375 0.0209426879882813
0.108894348144531 0.100532531738281 0.0611228942871094 -0.00671386718749999
0.109642028808594 0.1123046875 0.0178604125976563 -0.00756645202636718
0.0797042846679688 0.136749267578125 -0.0173988342285156 -0.0181636810302734
0.020111083984375 0.140487670898438 -0.0669631958007812 -0.0719680786132812
-0.018341064453125 0.120468139648438 -0.0612411499023438 -0.133781433105469
-0.0236358642578125 0.0847244262695313 0.016754150390625 -0.21337890625
0.00562286376953126 0.123489379882812 0.0608367919921875 -0.160446166992188
-0.01556396484375 0.163116455078125 -0.0171318054199219 -0.0672492980957031
-0.0335540771484375 0.171249389648438 0.0106592178344727 0.0157842636108399
-0.0193252563476562 0.12591552734375 -0.0619888305664062 0.128250122070313
-0.0555496215820312 0.110755920410156 -0.0069122314453125 0.17010498046875
-0.0510101318359375 0.158126831054688 0.062225341796875 0.154281616210938
0.012969970703125 0.165786743164063 0.0890655517578125 0.081512451171875
0.098968505859375 0.158309936523438 0.0987014770507813 0.0305557250976563
0.140365600585938 0.110176086425781 0.0482101440429688 -0.00965118408203124
0.119911193847656 0.102012634277344 -0.00255393981933593 -0.0301246643066406
0.127555847167969 0.115707397460938 -0.0378570556640625 -0.0338592529296875
0.102294921875 0.147918701171875 -0.0530853271484375 -0.0499763488769531
0.037384033203125 0.163619995117188 -0.080902099609375 -0.0921554565429687
-0.0151519775390625 0.151046752929688 -0.0567092895507813 -0.128341674804688
-0.042999267578125 0.103614807128906 0.016143798828125 -0.1763916015625
-0.014892578125 0.127754211425781 0.04656982421875 -0.101760864257812
-0.0281524658203125 0.167724609375 -0.0370368957519531 -0.00059890747070311
-0.0181884765625 0.165374755859375 -0.002899169921875 0.0797500610351563
0.00703430175781251 0.120773315429688 -0.0834808349609375 0.181427001953125
-0.0277862548828125 0.0877304077148438 -0.00869750976562499 0.203720092773438
-0.0386962890625 0.123313903808594 0.065643310546875 0.156982421875
0.00964355468750001 0.135978698730469 0.0816268920898437 0.0571365356445313
0.0870132446289063 0.1348876953125 0.06103515625 -0.00716400146484374
0.125556945800781 0.0941314697265625 -0.010833740234375 -0.0382499694824219
0.111862182617187 0.0870208740234375 -0.0653419494628906 -0.0501365661621094
0.123619079589844 0.100845336914063 -0.0962982177734375 -0.0565414428710938
0.104591369628906 0.135574340820313 -0.095855712890625 -0.0821304321289063
0.0441131591796875 0.159194946289063 -0.0987777709960937 -0.114448547363281
-0.0122528076171875 0.154571533203125 -0.0537261962890625 -0.129356384277344
-0.0570907592773438 0.106300354003906 0.0212554931640625 -0.14361572265625
-0.0332412719726563 0.115036010742188 0.0344505310058594 -0.0437583923339844
-0.040252685546875 0.148635864257813 -0.0623512268066406 0.0624427795410156
-0.00679779052734374 0.127822875976563 -0.0086669921875 0.134941101074219
0.0212936401367188 0.0968170166015625 -0.0997772216796875 0.221511840820312
-0.00466537475585938 0.05755615234375 -0.0166473388671875 0.232406616210938
-0.0202560424804688 0.0792160034179688 0.065643310546875 0.163238525390625
0.010406494140625 0.090576171875 0.0776596069335937 0.0417327880859375
0.0668258666992188 0.0906906127929688 0.0311470031738281 -0.0377120971679687
0.0943984985351563 0.0625839233398438 -0.0596275329589844 -0.0599861145019531
0.0862808227539062 0.058837890625 -0.1190185546875 -0.0627059936523438
0.0988693237304687 0.0699844360351562 -0.148178100585938 -0.0720062255859375
0.086212158203125 0.0993194580078125 -0.136367797851563 -0.107589721679687
0.0385284423828125 0.124664306640625 -0.1182861328125 -0.134330749511719
-0.00996398925781249 0.126243591308594 -0.053558349609375 -0.135337829589844
-0.0559310913085937 0.0871353149414063 0.0250167846679687 -0.118690490722656
-0.0409393310546875 0.0865859985351563 0.0180397033691406 0.00229263305664063
-0.0456008911132812 0.109771728515625 -0.0893936157226563 0.11297607421875
-0.00264739990234375 0.0638580322265625 -0.00942993164062501 0.173492431640625
0.01849365234375 0.051788330078125 -0.107574462890625 0.245635986328125
0.00584220886230469 0.0245609283447266 -0.023040771484375 0.25054931640625
-0.0038299560546875 0.0361366271972656 0.0643157958984375 0.168228149414063
0.0128173828125 0.0410041809082031 0.0751953125 0.0350265502929688
0.041961669921875 0.0367164611816406 0.00938796997070313 -0.055816650390625
0.05078125 0.0216522216796875 -0.094207763671875 -0.0714111328125
0.0474815368652344 0.0206375122070313 -0.15631103515625 -0.066802978515625
0.0561485290527344 0.0282669067382813 -0.185409545898437 -0.079986572265625
0.0524520874023437 0.0460624694824219 -0.167251586914063 -0.125732421875
0.0250358581542969 0.0664405822753906 -0.131546020507813 -0.147735595703125
-0.00511550903320313 0.0695114135742188 -0.0573272705078125 -0.14190673828125
-0.0358047485351563 0.0482559204101563 0.0214157104492188 -0.104026794433594
-0.0288925170898438 0.0480613708496094 0.00160980224609375 0.0300750732421875
-0.0386161804199219 0.0584983825683594 -0.109970092773437 0.14569091796875
-0.01806640625 0.00190353393554688 0.0667266845703125 -0.15625
-0.00192105770111084 0.0015261173248291 0.00344276428222656 -0.0327014923095703
-0.00681924819946289 0.00810384750366211 -0.018157958984375 0.102874755859375
-0.00814628601074218 0.0129966735839844 0.06170654296875 0.170700073242188
-0.00414752960205078 0.00931739807128906 0.137527465820313 0.161148071289063
-0.00749635696411133 0.00757741928100586 0.209396362304688 0.119384765625
0.00271797180175781 0.0137138366699219 0.22137451171875 0.066162109375
-0.00882434844970703 0.0160732269287109 0.172943115234375 0.0429229736328125
-0.0171632766723633 0.00984096527099609 0.101249694824219 0.0508651733398438
-0.0150356292724609 0.00315189361572266 0.0141716003417969 0.0423736572265625
-0.00472545623779297 -0.00132036209106445 -0.074371337890625 -0.0453033447265625
0.00027310848236084 -0.00086820125579834 -0.08001708984375 -0.16851806640625
0.000828742980957031 0.00679206848144531 0.0384521484375 -0.281707763671875
-0.00348186492919922 0.010798454284668 0.08673095703125 -0.266754150390625
-0.0174417495727539 -0.00404262542724609 -0.00444030761718751 -0.191925048828125
-0.0323333740234375 0.0639915466308594 0.0605621337890625 -0.141128540039063
-0.0275344848632813 0.0494651794433594 -0.000785827636718753 -0.0149946212768555
-0.040557861328125 0.0633049011230469 -0.013519287109375 0.106513977050781
-0.023468017578125 0.0884170532226563 0.0649261474609375 0.170150756835938
0.0119552612304688 0.08111572265625 0.135879516601563 0.153427124023438
0.0446968078613281 0.068878173828125 0.208816528320313 0.110260009765625
0.0649757385253906 0.0504035949707031 0.209625244140625 0.05364990234375
0.0451278686523438 0.0515518188476563 0.158966064453125 0.027740478515625
0.0371513366699219 0.0541954040527344 0.0937423706054687 0.0366973876953125
0.0203781127929688 0.0571670532226563 0.0167942047119141 0.0319576263427734
0.000965118408203121 0.0506134033203125 -0.07147216796875 -0.0464096069335938
-0.005615234375 0.0400619506835938 -0.0814666748046875 -0.158309936523438
0.00361442565917969 0.0343036651611328 0.02337646484375 -0.276870727539062
0.0151481628417969 0.0629730224609375 0.076446533203125 -0.2564697265625
-0.00384521484375 0.0738449096679687 -0.00753784179687499 -0.175735473632812
-0.0386123657226562 0.119384765625 0.0455093383789063 -0.103179931640625
-0.04022216796875 0.0906906127929688 -0.0144538879394531 0.0236644744873047
-0.0631790161132813 0.106407165527344 -0.00774383544921876 0.11920166015625
-0.0359344482421875 0.148681640625 0.0684967041015625 0.165542602539063
0.0249176025390625 0.140396118164062 0.12774658203125 0.133941650390625
0.0882186889648438 0.119422912597656 0.187469482421875 0.08795166015625
0.116264343261719 0.0799942016601563 0.172134399414063 0.0342864990234375
0.0914764404296875 0.0791778564453125 0.11968994140625 0.00858306884765626
0.0872955322265625 0.0878829956054688 0.0654640197753906 0.0149955749511719
0.05902099609375 0.10302734375 0.00759124755859375 0.0111837387084961
0.014495849609375 0.1029052734375 -0.0698738098144531 -0.0536842346191406
-0.00962829589843751 0.084381103515625 -0.0801544189453125 -0.143997192382813
-0.0027923583984375 0.0616264343261719 0.0070037841796875 -0.255874633789063
0.0225753784179687 0.102210998535156 0.0627288818359375 -0.223403930664062
0.00238800048828124 0.134979248046875 -0.0122833251953125 -0.131629943847656
-0.033172607421875 0.161956787109375 0.0274658203125 -0.0482711791992187
-0.0320968627929688 0.11859130859375 -0.0339889526367188 0.076507568359375
-0.0650787353515625 0.125267028808594 6.10351562499908E-05 0.143814086914063
-0.0413665771484375 0.176727294921875 0.07305908203125 0.159774780273438
0.0301666259765625 0.171630859375 0.112861633300781 0.106155395507813
0.111892700195313 0.14971923828125 0.1490478515625 0.0572052001953125
0.14654541015625 0.09869384765625 0.114463806152344 0.0113143920898438
0.121810913085938 0.0943679809570313 0.0619773864746094 -0.0113945007324219
0.123146057128906 0.10791015625 0.0185794830322266 -0.00991630554199218
0.0942153930664063 0.134979248046875 -0.0167961120605469 -0.0176773071289062
0.0324249267578125 0.144454956054688 -0.0739593505859375 -0.0680160522460937
-0.00969696044921874 0.127685546875 -0.0737380981445312 -0.133155822753906
-0.0188751220703125 0.0885467529296875 -4.5776367187483E-05 -0.222991943359375
0.0146255493164062 0.12628173828125 0.0522003173828125 -0.171737670898438
-0.00288391113281249 0.171554565429688 -0.0221786499023438 -0.0687904357910156
-0.0206451416015625 0.180633544921875 0.012232780456543 0.0162897109985352
-0.00933837890625001 0.130172729492188 -0.05413818359375 0.137451171875
-0.0499420166015625 0.118331909179687 0.00469970703124998 0.176513671875
-0.0400543212890625 0.169586181640625 0.075897216796875 0.155868530273438
0.0271148681640625 0.1712646484375 0.0989303588867187 0.076019287109375
0.115341186523438 0.154190063476563 0.104072570800781 0.0207443237304688
0.153610229492187 0.100631713867187 0.0485954284667969 -0.0150985717773437
0.13311767578125 0.0959701538085938 -0.00588035583496093 -0.0298690795898437
0.142852783203125 0.109283447265625 -0.0407943725585938 -0.0322265625
0.1182861328125 0.144439697265625 -0.0563545227050781 -0.0489082336425781
0.0523834228515625 0.167022705078125 -0.0903396606445312 -0.0883560180664063
-0.003875732421875 0.159088134765625 -0.0681838989257813 -0.128204345703125
-0.0383682250976563 0.110313415527344 0.00213623046874998 -0.184890747070313
-0.00572204589843751 0.132667541503906 0.0424346923828125 -0.11004638671875
-0.0154571533203125 0.177963256835938 -0.0380287170410156 0.00195312500000002
-0.00492858886718749 0.173553466796875 0.003631591796875 0.0831832885742188
0.0171661376953125 0.122978210449219 -0.0730438232421875 0.1939697265625
-0.02325439453125 0.0929718017578125 0.00440979003906251 0.212203979492187
-0.03009033203125 0.131912231445313 0.0785369873046875 0.158035278320313
0.0208740234375 0.140571594238281 0.0886077880859375 0.0517196655273438
0.100044250488281 0.131019592285156 0.0620460510253906 -0.014984130859375
0.137443542480469 0.08642578125 -0.0147972106933594 -0.0394134521484375
0.123687744140625 0.0817184448242188 -0.0719070434570312 -0.0453338623046875
0.136970520019531 0.0942535400390625 -0.103187561035156 -0.051055908203125
0.120185852050781 0.13153076171875 -0.103424072265625 -0.0781326293945312
0.0583038330078125 0.161575317382812 -0.110824584960938 -0.110527038574219
-0.000396728515625 0.162216186523438 -0.0646209716796875 -0.130279541015625
-0.0518646240234375 0.114181518554688 0.010009765625 -0.151107788085938
-0.0275802612304688 0.120826721191406 0.0331916809082031 -0.0495223999023437
-0.029266357421875 0.15869140625 -0.0589637756347656 0.0692634582519532
0.00388336181640626 0.133956909179688 0.00202941894531249 0.141586303710937
0.0313796997070313 0.0967025756835937 -0.0859375 0.237335205078125
-0.001220703125 0.0596389770507812 -0.000976562499999992 0.242843627929688
-0.0153350830078125 0.0845413208007813 0.0788421630859375 0.163604736328125
0.0169448852539063 0.0928573608398438 0.083648681640625 0.035614013671875
0.0755157470703125 0.0875320434570313 0.0283355712890625 -0.04351806640625
0.102256774902344 0.0563735961914063 -0.0673828125 -0.0577392578125
0.09521484375 0.0536270141601563 -0.128814697265625 -0.0543136596679688
0.108245849609375 0.0645599365234375 -0.158477783203125 -0.0626068115234375
0.0982437133789063 0.095489501953125 -0.147415161132813 -0.100555419921875
0.0503616333007812 0.126190185546875 -0.131927490234375 -0.129249572753906
-0.000129699707031255 0.132568359375 -0.0661697387695312 -0.136085510253906
-0.052398681640625 0.0943527221679688 0.0148162841796875 -0.126014709472656
-0.0367813110351562 0.0919570922851563 0.0200347900390625 0.000307083129882818
-0.0384979248046875 0.117904663085938 -0.0829086303710938 0.123771667480469
0.00321197509765625 0.0669059753417969 0.00479125976562501 0.181427001953125
0.0243644714355469 0.0513267517089844 -0.0926513671875 0.263381958007813
0.00748062133789063 0.0249004364013672 -0.00617980957031249 0.261810302734375
-0.00095367431640625 0.0383529663085938 0.078826904296875 0.16912841796875
0.0161666870117188 0.0410842895507813 0.0804901123046875 0.0289154052734375
0.0454597473144531 0.0339126586914063 0.00391006469726563 -0.0599594116210938
0.0539169311523438 0.0174942016601562 -0.103622436523437 -0.066619873046875
0.0511322021484375 0.0176544189453125 -0.167633056640625 -0.0547027587890625
0.0604133605957031 0.025054931640625 -0.196945190429688 -0.0672149658203125
0.0583534240722656 0.0427093505859375 -0.181732177734375 -0.116180419921875
0.031829833984375 0.0672721862792969 -0.1473388671875 -0.142593383789063
0.000373840332031249 0.0728225708007813 -0.0703125 -0.142318725585938
-0.0336189270019531 0.0523643493652344 0.013580322265625 -0.109565734863281
-0.026641845703125 0.0514335632324219 0.00515556335449218 0.0306205749511719
-0.0359764099121094 0.0651588439941406 -0.102340698242187 0.159423828125
-0.01776123046875 0.00366020202636718 0.0552520751953125 -0.160888671875
-0.00106978416442871 0.000632166862487793 0.000965118408203129 -0.0350856781005859
-0.00628042221069336 0.0080881118774414 -0.0105209350585938 0.103309631347656
-0.00683879852294922 0.0139694213867188 0.073760986328125 0.166091918945312
-0.00353527069091797 0.00961017608642578 0.148956298828125 0.15020751953125
-0.00676918029785156 0.00733280181884766 0.21820068359375 0.102767944335938
0.00416755676269531 0.0137577056884766 0.225997924804688 0.047821044921875
-0.00687408447265625 0.0181236267089844 0.174911499023438 0.0290985107421875
-0.016026496887207 0.0122413635253906 0.10650634765625 0.0424346923828125
-0.014500617980957 0.00475502014160156 0.0200538635253906 0.0415191650390625
-0.00443363189697266 -0.00101470947265625 -0.0770263671875 -0.0372085571289063
0.000418245792388916 -0.000625491142272949 -0.09259033203125 -0.160232543945312
0.00157785415649414 0.00711727142333984 0.019195556640625 -0.28582763671875
-0.00296211242675781 0.0117197036743164 0.0692901611328125 -0.274459838867188
-0.0168867111206055 -0.00193309783935547 -0.0183868408203125 -0.1922607421875
-0.0269088745117188 0.0675697326660156 0.0508270263671875 -0.144699096679687
-0.0231246948242187 0.0501213073730469 -0.00185966491699219 -0.0164012908935547
-0.0360755920410156 0.0662269592285156 -0.00597381591796876 0.106666564941406
-0.0163803100585938 0.09130859375 0.076995849609375 0.16571044921875
0.0186309814453125 0.0800399780273438 0.147613525390625 0.142745971679688
0.050048828125 0.0640983581542969 0.216583251953125 0.09332275390625
0.0688514709472656 0.0443954467773438 0.212142944335938 0.037078857421875
0.049713134765625 0.0487251281738281 0.159439086914063 0.015594482421875
0.0417823791503906 0.0520896911621094 0.0976181030273437 0.0284194946289063
0.0249443054199219 0.0558509826660156 0.0215053558349609 0.0307292938232422
0.00521469116210937 0.0507888793945313 -0.0745925903320312 -0.0388565063476563
-0.00227737426757813 0.0411109924316406 -0.093048095703125 -0.150833129882813
0.00588798522949219 0.03399658203125 0.00286865234375002 -0.27886962890625
0.0192337036132812 0.0614471435546875 0.05963134765625 -0.264251708984375
0.00232696533203125 0.07464599609375 -0.0195770263671875 -0.175933837890625
-0.0293121337890625 0.122734069824219 0.0386505126953125 -0.10552978515625
-0.03338623046875 0.0914840698242187 -0.0126457214355469 0.023101806640625
-0.056396484375 0.11083984375 0.000938415527343733 0.119239807128906
-0.02374267578125 0.152725219726563 0.080322265625 0.160675048828125
0.0353546142578125 0.138214111328125 0.137710571289063 0.123245239257813
0.0973281860351563 0.11138916015625 0.192962646484375 0.0718994140625
0.122146606445313 0.0702438354492188 0.17333984375 0.021270751953125
0.0977630615234375 0.0724258422851563 0.119491577148437 -0.000389099121093746
0.0943450927734375 0.082275390625 0.0673561096191406 0.00944900512695313
0.0673294067382813 0.0988082885742188 0.0105094909667969 0.00983238220214844
0.0221328735351563 0.101364135742188 -0.0729446411132813 -0.0465087890625
-0.0027008056640625 0.0859603881835938 -0.0896682739257812 -0.136940002441406
0.00046920776367188 0.0617256164550781 -0.0122222900390625 -0.25714111328125
0.02911376953125 0.099700927734375 0.0481414794921875 -0.229293823242187
0.0125350952148438 0.135368347167969 -0.0209121704101562 -0.131568908691406
-0.020355224609375 0.165298461914063 0.024932861328125 -0.0491447448730469
-0.0232925415039063 0.118606567382813 -0.0284423828125 0.078155517578125
-0.0571212768554688 0.129669189453125 0.0097808837890625 0.143966674804688
-0.0275115966796875 0.181304931640625 0.083770751953125 0.154388427734375
0.0425567626953125 0.169052124023438 0.121284484863281 0.0963363647460938
0.122901916503906 0.140007019042969 0.152938842773438 0.0431671142578125
0.153732299804688 0.0858306884765625 0.114463806152344 0.00235748291015625
0.129432678222656 0.0854415893554688 0.0605354309082031 -0.0152778625488281
0.13275146484375 0.0985794067382813 0.0187816619873047 -0.0116844177246094
0.105033874511719 0.127143859863281 -0.0156936645507812 -0.0180721282958984
0.043548583984375 0.1417236328125 -0.07830810546875 -0.0623550415039062
0.00038146972656249 0.12921142578125 -0.08251953125 -0.126663208007813
-0.01385498046875 0.0894546508789063 -0.017547607421875 -0.2235107421875
0.0226898193359375 0.123687744140625 0.041290283203125 -0.176986694335938
0.01104736328125 0.172561645507813 -0.0266685485839844 -0.0675239562988281
-0.0064239501953125 0.183197021484375 0.0144109725952148 0.0170001983642578
-0.000221252441406246 0.127952575683594 -0.0443267822265625 0.140838623046875
-0.0428466796875 0.121391296386719 0.016876220703125 0.176971435546875
-0.0268707275390625 0.173782348632812 0.086273193359375 0.150115966796875
0.0390777587890625 0.169769287109375 0.103591918945313 0.0674591064453125
0.12615966796875 0.14453125 0.104522705078125 0.0103836059570313
0.1605224609375 0.0883636474609375 0.0465660095214844 -0.0186119079589844
0.140975952148438 0.085693359375 -0.00821495056152343 -0.0285758972167969
0.151809692382813 0.0979766845703125 -0.0423545837402344 -0.0302009582519531
0.129913330078125 0.134857177734375 -0.0584335327148437 -0.0468940734863281
0.064971923828125 0.163192749023438 -0.0950164794921875 -0.0815887451171875
0.0096282958984375 0.1600341796875 -0.0763702392578125 -0.122879028320313
-0.0316696166992187 0.1124267578125 -0.012847900390625 -0.185165405273438
0.00198364257812499 0.132156372070313 0.0354232788085937 -0.114028930664062
-0.001129150390625 0.179656982421875 -0.037017822265625 0.00445938110351564
0.00860595703125 0.174453735351563 0.01068115234375 0.083587646484375
0.026947021484375 0.119667053222656 -0.0585479736328125 0.199295043945313
-0.0181198120117187 0.0941085815429688 0.018829345703125 0.212799072265625
-0.019805908203125 0.135452270507813 0.089508056640625 0.153228759765625
0.0306930541992188 0.139564514160156 0.092010498046875 0.043487548828125
0.109321594238281 0.123519897460938 0.0592803955078125 -0.0222434997558594
0.143447875976563 0.0742950439453125 -0.0179939270019531 -0.0383796691894531
0.131217956542969 0.07159423828125 -0.0754165649414062 -0.038360595703125
0.144577026367187 0.083465576171875 -0.106407165527344 -0.042694091796875
0.131187438964844 0.121170043945313 -0.107597351074219 -0.0718002319335938
0.0713653564453125 0.157485961914063 -0.117782592773438 -0.102043151855469
0.01239013671875 0.162918090820313 -0.0734329223632813 -0.124740600585937
-0.0447311401367188 0.117759704589844 -0.00256347656250002 -0.152206420898438
-0.019744873046875 0.1219482421875 0.0307159423828125 -0.0530662536621094
-0.0168609619140625 0.162200927734375 -0.0529022216796875 0.0735397338867188
0.0146713256835938 0.13397216796875 0.0131378173828125 0.142532348632813
0.038726806640625 0.0931396484375 -0.069244384765625 0.244155883789063
0.00283050537109375 0.0594367980957031 0.0157470703125 0.243804931640625
-0.00804138183593751 0.085845947265625 0.090484619140625 0.158523559570313
0.0237884521484375 0.0918502807617187 0.0851974487304687 0.0281906127929688
0.0807723999023438 0.0816192626953125 0.0233306884765625 -0.0482330322265625
0.105491638183594 0.0484237670898437 -0.071868896484375 -0.0534210205078125
0.100212097167969 0.0459823608398438 -0.13226318359375 -0.0419692993164063
0.113479614257813 0.0564346313476563 -0.16229248046875 -0.0496978759765625
0.106201171875 0.0866546630859375 -0.1536865234375 -0.0909881591796875
0.0614089965820312 0.122764587402344 -0.14080810546875 -0.119338989257813
0.0104217529296875 0.132293701171875 -0.0751571655273437 -0.130958557128906
-0.04632568359375 0.0980453491210938 0.00418853759765626 -0.126823425292969
-0.0310440063476562 0.0944366455078125 0.0208148956298828 -0.00210762023925781
-0.0288925170898437 0.122657775878906 -0.0733566284179687 0.130355834960938
0.00907135009765625 0.0666923522949219 0.0184783935546875 0.181182861328125
0.0285377502441406 0.0481948852539063 -0.0734405517578125 0.270889282226563
0.008392333984375 0.0245952606201172 0.0124969482421875 0.263839721679687
0.00249481201171875 0.0386276245117188 0.0904693603515625 0.1639404296875
0.0187454223632813 0.0400886535644531 0.0818099975585937 0.0212783813476563
0.0468673706054688 0.0303230285644531 -0.002044677734375 -0.0621604919433594
0.0544700622558594 0.0133132934570313 -0.109153747558594 -0.0584869384765625
0.0527381896972656 0.0142250061035156 -0.170989990234375 -0.0401153564453125
0.0628623962402344 0.0205764770507813 -0.201339721679687 -0.0514068603515625
0.0614356994628906 0.0385284423828125 -0.188446044921875 -0.103103637695313
0.0373420715332031 0.0647926330566406 -0.156967163085938 -0.13165283203125
0.00630950927734376 0.0733718872070312 -0.0802230834960938 -0.1368408203125
-0.0307426452636719 0.0546722412109375 0.005035400390625 -0.111068725585938
-0.0238571166992187 0.052764892578125 0.00827407836914063 0.0298233032226563
-0.0303573608398437 0.0688209533691406 -0.0898895263671875 0.167160034179688
-0.0170421600341797 0.00476932525634766 0.047454833984375 -0.160659790039063
-0.0007743239402771 -0.000293076038360596 -0.00175094604492188 -0.0364608764648438
-0.00551748275756836 0.0080418586730957 -0.00604248046874999 0.101669311523438
-0.00511646270751953 0.014007568359375 0.079833984375 0.16009521484375
-0.00274562835693359 0.00918960571289063 0.153488159179687 0.140426635742188
-0.00729465484619141 0.0071263313293457 0.218765258789062 0.089874267578125
0.00486564636230469 0.0128355026245117 0.22381591796875 0.0358734130859375
-0.00551414489746094 0.0186023712158203 0.173187255859375 0.0201263427734375
-0.0151786804199219 0.0141477584838867 0.108528137207031 0.0361785888671875
-0.0139017105102539 0.00563430786132813 0.0231552124023438 0.0398406982421875
-0.00369596481323242 -0.000984668731689453 -0.07659912109375 -0.03057861328125
0.00114715099334717 -0.000518918037414551 -0.0973663330078125 -0.15179443359375
0.00161647796630859 0.00743389129638672 0.0067138671875 -0.282379150390625
-0.00205230712890625 0.0111961364746094 0.057220458984375 -0.274978637695313
-0.0157089233398438 -0.000741004943847657 -0.026214599609375 -0.18896484375
-0.0227432250976562 0.0682411193847656 0.043792724609375 -0.143997192382812
-0.020355224609375 0.048919677734375 -0.00306034088134766 -0.0174446105957031
-0.0334014892578125 0.0665550231933594 -0.00147247314453125 0.104515075683594
-0.0109329223632813 0.0910415649414063 0.08282470703125 0.159317016601563
0.0223846435546875 0.0776443481445313 0.151275634765625 0.13232421875
0.0513572692871094 0.0602340698242188 0.216934204101563 0.079376220703125
0.0699539184570313 0.0401039123535156 0.210159301757813 0.025543212890625
0.0521202087402344 0.0457534790039063 0.157241821289063 0.0081329345703125
0.04437255859375 0.049957275390625 0.0979690551757813 0.0231246948242188
0.0271263122558594 0.0535850524902344 0.0244064331054687 0.0286369323730469
0.00826644897460938 0.0500221252441406 -0.073577880859375 -0.032989501953125
0.000553131103515626 0.0399856567382813 -0.0974578857421875 -0.142501831054688
0.00655174255371093 0.0330314636230469 -0.009521484375 -0.27581787109375
0.0213661193847656 0.059539794921875 0.048370361328125 -0.263717651367187
0.0071258544921875 0.0739288330078125 -0.025909423828125 -0.172103881835938
-0.0223541259765625 0.123306274414063 0.0340118408203125 -0.104652404785156
-0.0293502807617188 0.0902786254882813 -0.0111465454101563 0.0220680236816406
-0.0518341064453125 0.111045837402344 0.0062713623046875 0.116912841796875
-0.0149688720703125 0.152114868164063 0.086181640625 0.154220581054688
0.0420608520507812 0.134124755859375 0.140777587890625 0.113067626953125
0.0998077392578125 0.104270935058594 0.192779541015625 0.059478759765625
0.122718811035156 0.0626983642578125 0.170700073242188 0.011383056640625
0.100479125976563 0.0663070678710938 0.117118835449219 -0.00496673583984375
0.0974655151367188 0.0761032104492188 0.0677108764648438 0.00496292114257813
0.071441650390625 0.0934829711914063 0.0126552581787109 0.00720882415771485
0.0269699096679687 0.0987777709960938 -0.0727157592773438 -0.0405120849609375
0.001617431640625 0.0854873657226563 -0.0937042236328125 -0.129127502441406
0.00240707397460937 0.06024169921875 -0.02435302734375 -0.252365112304688
0.0323104858398438 0.0965728759765625 0.0385284423828125 -0.229446411132813
0.0207748413085938 0.133522033691406 -0.0259017944335937 -0.128753662109375
-0.01177978515625 0.16351318359375 0.023040771484375 -0.0493049621582031
-0.017852783203125 0.115707397460938 -0.0245590209960938 0.0771484375
-0.0525436401367188 0.129257202148438 0.0157012939453125 0.141021728515625
-0.0175323486328125 0.180938720703125 0.08990478515625 0.147994995117188
0.0498504638671875 0.16455078125 0.123283386230469 0.0877456665039063
0.127433776855469 0.131698608398438 0.151535034179688 0.0334930419921875
0.155029296875 0.0763092041015625 0.112205505371094 -0.003509521484375
0.132827758789063 0.0777130126953125 0.0587158203125 -0.0167999267578125
0.136116027832031 0.0911712646484375 0.0188331604003906 -0.0128154754638672
0.109306335449219 0.119979858398438 -0.0146751403808594 -0.0188198089599609
0.0504989624023437 0.138359069824219 -0.0784149169921875 -0.0566024780273437
0.00732421874999999 0.12738037109375 -0.0856552124023438 -0.120063781738281
-0.0108566284179687 0.0879592895507813 -0.027496337890625 -0.218917846679687
0.027374267578125 0.1207275390625 0.03338623046875 -0.177658081054688
0.0204315185546875 0.169937133789063 -0.0285301208496094 -0.0661163330078125
0.00294494628906248 0.181350708007813 0.0152778625488281 0.0165815353393555
0.0054473876953125 0.124557495117188 -0.0374374389648438 0.139915466308594
-0.0388870239257812 0.120933532714844 0.0238494873046875 0.1728515625
-0.01800537109375 0.173019409179687 0.091705322265625 0.14508056640625
0.0467376708984375 0.165130615234375 0.104881286621094 0.0598983764648438
0.130073547363281 0.135810852050781 0.102554321289063 0.00283050537109376
0.16162109375 0.078094482421875 0.0445098876953125 -0.0206947326660156
0.144439697265625 0.0772552490234375 -0.00913619995117187 -0.0265483856201172
0.155014038085938 0.089263916015625 -0.0424537658691406 -0.0276298522949219
0.135025024414063 0.125907897949219 -0.0577011108398438 -0.0450363159179687
0.072479248046875 0.15771484375 -0.0954132080078125 -0.0759124755859375
0.0172271728515625 0.157958984375 -0.079376220703125 -0.116950988769531
-0.0275421142578125 0.111984252929688 -0.0225677490234375 -0.181976318359375
0.00722503662109375 0.129219055175781 0.030548095703125 -0.115226745605469
0.0089111328125 0.177520751953125 -0.0353965759277344 0.00524520874023438
0.017730712890625 0.17193603515625 0.0150527954101563 0.0824432373046875
0.0319900512695313 0.115150451660156 -0.0487060546875 0.198684692382813
-0.0149688720703125 0.0922775268554687 0.02783203125 0.209213256835937
-0.0133514404296875 0.134788513183594 0.094879150390625 0.146240234375
0.0365829467773437 0.136177062988281 0.091552734375 0.0368499755859375
0.112014770507813 0.116477966308594 0.0563926696777344 -0.0273818969726562
0.143966674804688 0.0660247802734375 -0.0199050903320312 -0.0371360778808594
0.133041381835938 0.0637054443359375 -0.075103759765625 -0.03253173828125
0.1473388671875 0.0751495361328125 -0.10540771484375 -0.037139892578125
0.135551452636719 0.112846374511719 -0.108131408691406 -0.0670318603515625
0.0784454345703125 0.151992797851563 -0.119056701660156 -0.0949325561523437
0.0206298828125 0.160430908203125 -0.0767593383789062 -0.119987487792969
-0.0404205322265625 0.117607116699219 -0.010833740234375 -0.150283813476563
-0.014617919921875 0.121246337890625 0.0288848876953125 -0.05450439453125
-0.00798034667968751 0.161209106445313 -0.0487518310546875 0.0745315551757813
0.021575927734375 0.131637573242188 0.0204086303710938 0.13909912109375
0.0425643920898437 0.0878143310546875 -0.0566558837890625 0.2435302734375
0.00405883789062499 0.0573616027832031 0.0263519287109375 0.23956298828125
-0.003387451171875 0.0849227905273438 0.09503173828125 0.15301513671875
0.0269393920898438 0.0897293090820313 0.0838470458984375 0.0225982666015625
0.0821533203125 0.0777359008789063 0.0188179016113281 -0.0503311157226562
0.106063842773438 0.041717529296875 -0.0734176635742188 -0.0485076904296875
0.101524353027344 0.0409164428710938 -0.131072998046875 -0.0331802368164062
0.115005493164063 0.050140380859375 -0.160400390625 -0.0402374267578125
0.108810424804687 0.080841064453125 -0.15509033203125 -0.0832672119140625
0.066162109375 0.118087768554688 -0.142898559570313 -0.110885620117187
0.0176467895507812 0.131301879882813 -0.0787353515625 -0.125114440917969
-0.0427398681640625 0.0987930297851563 -0.0031280517578125 -0.12518310546875
-0.0267791748046875 0.0940780639648438 0.0214214324951172 -0.00346755981445312
-0.021453857421875 0.122787475585937 -0.0656280517578125 0.131256103515625
0.0128326416015625 0.0655670166015625 0.0279541015625 0.17791748046875
0.0313606262207031 0.0452728271484375 -0.0596160888671875 0.26995849609375
0.00938796997070312 0.0235671997070312 0.02276611328125 0.258270263671875
0.00473403930664063 0.0379104614257813 0.0945281982421875 0.157974243164063
0.0203132629394531 0.038726806640625 0.0801010131835937 0.0158004760742188
0.0466423034667969 0.0282554626464844 -0.00711441040039063 -0.0628128051757813
0.0540733337402344 0.0104331970214844 -0.110496520996094 -0.05120849609375
0.0534439086914062 0.0119132995605469 -0.169357299804688 -0.029296875
0.0632133483886719 0.0175437927246094 -0.19927978515625 -0.0395050048828125
0.0621871948242188 0.0341148376464844 -0.189437866210938 -0.0930633544921875
0.040191650390625 0.0616111755371094 -0.16046142578125 -0.121734619140625
0.0101242065429688 0.0719680786132813 -0.0841064453125 -0.130790710449219
-0.0290451049804688 0.0555305480957031 -0.00126647949218749 -0.109176635742188
-0.0212898254394531 0.0538368225097656 0.00974464416503906 0.0286331176757813
-0.0262069702148437 0.0705795288085938 -0.08026123046875 0.16888427734375
-0.0160360336303711 0.0057373046875 0.044586181640625 -0.16009521484375
-0.000292122364044189 -0.000854432582855225 -0.00345611572265625 -0.0375518798828125
-0.00561809539794922 0.00806856155395508 -0.00493621826171876 0.0999755859375
-0.00389385223388672 0.0139760971069336 0.08203125 0.156936645507813
-0.00277185440063477 0.00834226608276367 0.153640747070313 0.136383056640625
-0.00752067565917969 0.00693464279174805 0.21923828125 0.084686279296875
0.00478458404541016 0.0126438140869141 0.222259521484375 0.031158447265625
-0.00345802307128906 0.0194854736328125 0.171783447265625 0.0167694091796875
-0.0140876770019531 0.0153951644897461 0.108963012695313 0.03265380859375
-0.014185905456543 0.00614166259765625 0.0260124206542969 0.0386390686035156
-0.00328183174133301 -0.00158500671386719 -0.0749282836914063 -0.0261917114257812
0.00166869163513184 -0.000574231147766113 -0.0985565185546875 -0.148147583007813
0.00183439254760742 0.00697994232177734 0.00234985351562497 -0.281829833984375
-0.00200843811035156 0.0112495422363281 0.0535125732421875 -0.276031494140625
-0.0148019790649414 -0.000456809997558596 -0.028411865234375 -0.188278198242188
-0.0206069946289063 0.0684547424316406 0.041473388671875 -0.143630981445313
-0.0196685791015625 0.0480537414550781 -0.00360107421875 -0.0192966461181641
-0.0327529907226563 0.0664939880371094 -0.000396728515624993 0.103302001953125
-0.00839996337890626 0.09112548828125 0.0850677490234375 0.156097412109375
0.0236968994140625 0.0768890380859375 0.151657104492187 0.128341674804688
0.0514183044433594 0.0586776733398438 0.216812133789063 0.0741729736328125
0.0698509216308594 0.0378646850585938 0.2098388671875 0.02081298828125
0.0543289184570312 0.0450935363769531 0.156326293945313 0.0050048828125
0.0458908081054688 0.0495338439941406 0.098968505859375 0.0199737548828125
0.0278167724609375 0.0529708862304688 0.02642822265625 0.0269966125488281
0.00928878784179688 0.0492439270019531 -0.0712203979492188 -0.02899169921875
0.00139236450195313 0.0402297973632813 -0.0984725952148438 -0.138992309570313
0.00632667541503906 0.0326519012451172 -0.0144195556640625 -0.27508544921875
0.0223770141601563 0.0586357116699219 0.0448455810546875 -0.264938354492188
0.00949859619140625 0.07379150390625 -0.028076171875 -0.172348022460937
-0.0188522338867188 0.123146057128906 0.0328292846679688 -0.104118347167969
-0.0288238525390625 0.0890426635742188 -0.0116653442382813 0.0213718414306641
-0.0508880615234375 0.111648559570313 0.00769805908203126 0.115928649902344
-0.01141357421875 0.152069091796875 0.087646484375 0.15155029296875
0.0441207885742188 0.132530212402344 0.141159057617188 0.109207153320313
0.100807189941406 0.101509094238281 0.1920166015625 0.0537567138671875
0.123367309570313 0.0591888427734375 0.170059204101563 0.0082855224609375
0.102668762207031 0.064453125 0.116416931152344 -0.006500244140625
0.100120544433594 0.074462890625 0.0682449340820313 0.00333023071289063
0.072479248046875 0.0921401977539063 0.0139236450195313 0.00648117065429688
0.0289382934570312 0.0980300903320312 -0.0710601806640625 -0.0379638671875
0.003936767578125 0.0851821899414063 -0.0938949584960938 -0.126861572265625
0.00185775756835937 0.0597114562988281 -0.028533935546875 -0.250885009765625
0.034027099609375 0.0950546264648438 0.0359649658203125 -0.230514526367188
0.0243606567382812 0.132331848144531 -0.0268173217773438 -0.128639221191406
-0.00747680664062501 0.163665771484375 0.0229721069335938 -0.048797607421875
-0.0168991088867188 0.113677978515625 -0.0240020751953125 0.0766143798828125
-0.052154541015625 0.12957763671875 0.017120361328125 0.139358520507813
-0.0133819580078125 0.181121826171875 0.0911865234375 0.145919799804688
0.053009033203125 0.163558959960938 0.123390197753906 0.0831451416015625
0.128318786621094 0.129005432128906 0.150527954101563 0.0286102294921875
0.155624389648438 0.0730438232421875 0.111785888671875 -0.00562286376953125
0.134506225585938 0.0745925903320313 0.0582389831542969 -0.0166702270507813
0.138351440429688 0.0881881713867188 0.0192642211914063 -0.0136547088623047
0.11151123046875 0.117691040039063 -0.0142917633056641 -0.0198230743408203
0.0529403686523438 0.137107849121094 -0.0768585205078125 -0.0545806884765625
0.0100555419921875 0.127853393554687 -0.0859451293945313 -0.118095397949219
-0.0115432739257812 0.0878677368164063 -0.0330963134765625 -0.217666625976563
0.0283203125 0.119438171386719 0.0312042236328125 -0.179367065429687
0.0252685546875 0.168792724609375 -0.0281562805175781 -0.0663299560546875
0.00704956054687501 0.181259155273437 0.0173149108886719 0.016326904296875
0.00751495361328126 0.122016906738281 -0.0356674194335938 0.1392822265625
-0.0380783081054688 0.120285034179688 0.026031494140625 0.171630859375
-0.0144195556640625 0.17266845703125 0.092529296875 0.14276123046875
0.048431396484375 0.164215087890625 0.103553771972656 0.0565948486328125
0.1312255859375 0.133468627929688 0.0997238159179688 -0.00153350830078124
0.162139892578125 0.0745697021484375 0.0439834594726563 -0.0220718383789062
0.146377563476563 0.07330322265625 -0.00764846801757812 -0.0251274108886719
0.156661987304688 0.0858917236328125 -0.041595458984375 -0.0265922546386719
0.137550354003906 0.122360229492188 -0.0574111938476563 -0.0451850891113281
0.0749969482421875 0.156036376953125 -0.0955810546875 -0.0735855102539062
0.020599365234375 0.15728759765625 -0.0802459716796875 -0.114990234375
-0.0276870727539063 0.11187744140625 -0.0269012451171875 -0.17999267578125
0.00919342041015626 0.128410339355469 0.0289535522460937 -0.116264343261719
0.0128326416015625 0.176925659179687 -0.0345306396484375 0.00541305541992189
0.0213165283203125 0.171035766601563 0.0176849365234375 0.0820083618164063
0.0335311889648438 0.111167907714844 -0.045379638671875 0.197357177734375
-0.0147781372070312 0.091094970703125 0.030303955078125 0.20745849609375
-0.010040283203125 0.134483337402344 0.0959320068359375 0.145660400390625
0.0381240844726563 0.135704040527344 0.0897979736328125 0.0339202880859375
0.113441467285156 0.114570617675781 0.0530624389648438 -0.0302505493164062
0.14361572265625 0.063385009765625 -0.0200347900390625 -0.036651611328125
0.134727478027344 0.06097412109375 -0.0742263793945312 -0.0294189453125
0.149200439453125 0.0718536376953125 -0.104339599609375 -0.0342864990234375
0.137176513671875 0.109115600585938 -0.1075439453125 -0.0665130615234375
0.08099365234375 0.1490478515625 -0.119270324707031 -0.092681884765625
0.0244598388671875 0.1600341796875 -0.0770645141601562 -0.118179321289062
-0.0408401489257812 0.11767578125 -0.0147552490234375 -0.148239135742187
-0.0133209228515625 0.120468139648438 0.0279960632324219 -0.05511474609375
-0.00337219238281249 0.161117553710937 -0.0461807250976563 0.07476806640625
0.0242080688476562 0.131538391113281 0.0236282348632812 0.138572692871094
0.0438690185546875 0.085693359375 -0.052490234375 0.242538452148438
0.00395965576171875 0.0566787719726563 0.029296875 0.237472534179688
-0.001708984375 0.0848464965820313 0.095855712890625 0.15142822265625
0.0281600952148437 0.0894546508789063 0.0827560424804688 0.0192947387695313
0.0828399658203125 0.0765228271484375 0.0159950256347656 -0.0525894165039062
0.106163024902344 0.0401153564453125 -0.0745162963867188 -0.0459976196289063
0.102729797363281 0.0378341674804688 -0.129936218261719 -0.0288772583007812
0.11627197265625 0.047698974609375 -0.158554077148438 -0.0364837646484375
0.110397338867188 0.077484130859375 -0.155166625976563 -0.081024169921875
0.0684738159179688 0.115867614746094 -0.14324951171875 -0.10784912109375
0.0209121704101562 0.130844116210937 -0.0800323486328125 -0.123992919921875
-0.0422439575195312 0.0990676879882813 -0.0057830810546875 -0.124137878417969
-0.0255661010742188 0.0947341918945313 0.0211639404296875 -0.00481796264648437
-0.0182876586914063 0.124015808105469 -0.0623779296875 0.131561279296875
0.0140647888183594 0.0646820068359375 0.0318145751953125 0.176956176757812
0.0321311950683594 0.0433273315429688 -0.0560760498046875 0.26947021484375
0.00895118713378906 0.0231742858886719 0.026336669921875 0.257217407226563
0.00469970703125 0.0380210876464844 0.0963897705078125 0.156829833984375
0.0203590393066406 0.0382766723632813 0.0786666870117188 0.0137481689453125
0.0465774536132813 0.0279006958007813 -0.0108528137207031 -0.0643386840820313
0.0539436340332031 0.0105972290039063 -0.111259460449219 -0.0482101440429688
0.0537910461425781 0.0112380981445313 -0.167083740234375 -0.0238189697265625
0.0632095336914063 0.0166282653808594 -0.1973876953125 -0.0346221923828125
0.0629119873046875 0.0327186584472656 -0.189437866210937 -0.0894317626953125
0.0421028137207031 0.060333251953125 -0.160659790039063 -0.11798095703125
0.0115203857421875 0.0723800659179688 -0.0854263305664063 -0.128120422363281
-0.0281715393066406 0.0560684204101562 -0.00381469726562501 -0.108772277832031
-0.0204963684082031 0.0538063049316406 0.0116519927978516 0.0282859802246094
-0.0233993530273438 0.071533203125 -0.075927734375 0.169265747070313
-0.0170478820800781 0.00554084777832031 0.045074462890625 -0.163604736328125
-0.000710248947143555 -0.0015263557434082 -0.00493621826171875 -0.0395126342773437
-0.00535917282104492 0.00824069976806641 -0.00569152832031251 0.101318359375
-0.00291156768798828 0.0138711929321289 0.0835723876953125 0.15863037109375
-0.00243520736694336 0.00829935073852539 0.157333374023438 0.137435913085938
-0.00851106643676758 0.00775337219238281 0.223846435546875 0.0833892822265625
0.00577926635742188 0.0125560760498047 0.228286743164063 0.0286102294921875
-0.001983642578125 0.0193901062011719 0.1761474609375 0.0150146484375
-0.0134963989257813 0.0167989730834961 0.112716674804687 0.0306396484375
-0.0153646469116211 0.00642013549804688 0.0281753540039063 0.0385704040527344
-0.00347614288330078 -0.00275802612304688 -0.0750961303710938 -0.0244827270507812
0.00244021415710449 -0.00104737281799316 -0.100204467773438 -0.148941040039063
0.00172805786132813 0.00713253021240234 0.00106811523437501 -0.28961181640625
-0.00196743011474609 0.0114994049072266 0.053985595703125 -0.2845458984375
-0.0146961212158203 -0.000464439392089845 -0.030517578125 -0.192825317382813
-0.0204391479492188 0.0706939697265625 0.042205810546875 -0.146804809570313
-0.0200920104980469 0.0482063293457031 -0.00569534301757813 -0.0203990936279297
-0.0341033935546875 0.068267822265625 -0.000801086425781256 0.104972839355469
-0.005950927734375 0.0930328369140625 0.0869293212890625 0.158416748046875
0.0247726440429687 0.0785675048828125 0.155044555664063 0.128692626953125
0.0526199340820313 0.0598258972167969 0.220962524414063 0.0714874267578125
0.0720596313476563 0.038299560546875 0.214889526367188 0.01898193359375
0.05706787109375 0.0453033447265625 0.159957885742188 0.00390625
0.0479736328125 0.0507431030273438 0.102310180664063 0.0185699462890625
0.0290870666503906 0.054168701171875 0.0281314849853516 0.0266857147216797
0.0102386474609375 0.049713134765625 -0.071990966796875 -0.0277023315429687
0.0030975341796875 0.0409698486328125 -0.0996780395507813 -0.14031982421875
0.006011962890625 0.0339488983154297 -0.0165557861328125 -0.280609130859375
0.0231781005859375 0.05963134765625 0.0450592041015625 -0.2730712890625
0.011810302734375 0.0753860473632813 -0.0297698974609375 -0.177139282226563
-0.01788330078125 0.126747131347656 0.0335922241210938 -0.106002807617187
-0.0289459228515625 0.0898513793945313 -0.0132942199707031 0.020355224609375
-0.0529937744140625 0.114402770996094 0.00766754150390624 0.117507934570313
-0.00877380371093751 0.15570068359375 0.090301513671875 0.154220581054688
0.0465927124023438 0.135574340820313 0.143768310546875 0.109359741210938
0.104034423828125 0.102836608886719 0.1953125 0.0509490966796875
0.126487731933594 0.0593109130859375 0.174285888671875 0.006103515625
0.107032775878906 0.0640792846679688 0.119483947753906 -0.00748443603515625
0.103729248046875 0.0748748779296875 0.070343017578125 0.002166748046875
0.0755386352539063 0.0934677124023437 0.0158538818359375 0.00502300262451172
0.0309677124023437 0.099761962890625 -0.0709075927734375 -0.0369644165039063
0.0055999755859375 0.0868988037109375 -0.095794677734375 -0.12799072265625
0.000873565673828129 0.0609169006347656 -0.03253173828125 -0.256790161132813
0.0352935791015625 0.0969772338867187 0.0358428955078125 -0.238174438476563
0.0277023315429687 0.135360717773437 -0.0280990600585937 -0.132110595703125
-0.0056915283203125 0.167800903320313 0.0246200561523438 -0.0495986938476562
-0.0168914794921875 0.115394592285156 -0.0243301391601562 0.077728271484375
-0.0545120239257813 0.133193969726563 0.017913818359375 0.142578125
-0.011871337890625 0.185653686523438 0.09405517578125 0.147872924804688
0.055328369140625 0.167922973632813 0.124702453613281 0.0834884643554688
0.132125854492188 0.13043212890625 0.151870727539063 0.02490234375
0.160049438476562 0.0730438232421875 0.114875793457031 -0.00739288330078125
0.139938354492188 0.0747146606445313 0.0608940124511719 -0.0167999267578125
0.143447875976563 0.088134765625 0.0207366943359375 -0.0150318145751953
0.115760803222656 0.118568420410156 -0.01373291015625 -0.0218048095703125
0.055145263671875 0.13909912109375 -0.0774688720703125 -0.0542144775390625
0.01171875 0.130943298339844 -0.0876693725585937 -0.119392395019531
-0.0123519897460938 0.0895233154296875 -0.037017822265625 -0.221481323242187
0.0300064086914063 0.120956420898437 0.03167724609375 -0.184494018554688
0.02880859375 0.17236328125 -0.0284957885742187 -0.0683441162109375
0.0100555419921875 0.185516357421875 0.0190544128417969 0.0165863037109375
0.00798034667968749 0.123245239257813 -0.0362548828125 0.141845703125
-0.0403594970703125 0.123748779296875 0.02642822265625 0.175430297851563
-0.01287841796875 0.177093505859375 0.0950927734375 0.14556884765625
0.051361083984375 0.16845703125 0.105133056640625 0.0557708740234375
0.13525390625 0.135940551757813 0.0998611450195313 -0.00482940673828124
0.1666259765625 0.074432373046875 0.044921875 -0.0232963562011719
0.15118408203125 0.073394775390625 -0.0074176788330078 -0.0244503021240234
0.1622314453125 0.0855712890625 -0.0415725708007812 -0.0273246765136719
0.142120361328125 0.123367309570313 -0.0583839416503906 -0.0477561950683594
0.078765869140625 0.15869140625 -0.095916748046875 -0.0745315551757812
0.022552490234375 0.161453247070313 -0.081695556640625 -0.117156982421875
-0.0294952392578125 0.114837646484375 -0.0302886962890625 -0.183624267578125
0.00993347167968749 0.130599975585938 0.0295486450195313 -0.120841979980469
0.0164337158203125 0.18121337890625 -0.0342216491699219 0.00548553466796877
0.024169921875 0.175247192382813 0.0199508666992187 0.0832748413085938
0.0349044799804688 0.112442016601563 -0.046661376953125 0.201828002929688
-0.0164871215820313 0.093353271484375 0.0313720703125 0.212265014648438
-0.00932312011718749 0.138710021972656 0.0981903076171875 0.148223876953125
0.0400848388671875 0.139373779296875 0.0915145874023438 0.032440185546875
0.116783142089844 0.116989135742188 0.0514411926269531 -0.0335540771484375
0.148452758789063 0.0632781982421875 -0.0208625793457031 -0.0374221801757813
0.139518737792969 0.060272216796875 -0.0740509033203125 -0.0285110473632813
0.154403686523438 0.0711517333984375 -0.10528564453125 -0.0342483520507812
0.1417236328125 0.109954833984375 -0.110359191894531 -0.0683135986328125
0.0848388671875 0.15167236328125 -0.121345520019531 -0.0941009521484375
0.02728271484375 0.164398193359375 -0.0788497924804687 -0.119949340820313
-0.0422592163085938 0.121490478515625 -0.017913818359375 -0.151611328125
-0.0130615234375 0.123130798339844 0.0287666320800781 -0.0579338073730469
-0.000503540039062497 0.164443969726563 -0.046051025390625 0.0770187377929688
0.026885986328125 0.134101867675781 0.0273590087890625 0.140251159667969
0.0457916259765625 0.0858001708984375 -0.0524139404296875 0.247207641601563
0.00323867797851563 0.0579872131347656 0.02996826171875 0.24383544921875
-0.00156402587890626 0.0869598388671875 0.0990142822265625 0.15533447265625
0.0292282104492187 0.0912857055664063 0.0831298828125 0.0181121826171875
0.0855255126953125 0.0782546997070313 0.01226806640625 -0.0553169250488281
0.109100341796875 0.040374755859375 -0.0763778686523438 -0.0468902587890625
0.106277465820313 0.03826904296875 -0.130622863769531 -0.0275955200195313
0.120468139648437 0.0472564697265625 -0.160720825195313 -0.035919189453125
0.113731384277344 0.0776214599609375 -0.159088134765625 -0.082122802734375
0.0720367431640625 0.117874145507812 -0.146133422851563 -0.108993530273437
0.0224456787109375 0.133506774902344 -0.0811920166015625 -0.125579833984375
-0.0438995361328125 0.101737976074219 -0.00852203369140625 -0.126068115234375
-0.0257949829101562 0.0971527099609375 0.0226650238037109 -0.00556182861328124
-0.0159683227539063 0.127616882324219 -0.061614990234375 0.135215759277344
0.0152053833007813 0.0664443969726563 0.0355377197265625 0.180282592773438
0.0331611633300781 0.0422554016113281 -0.055816650390625 0.275192260742188
0.00887489318847656 0.0236873626708984 0.0279541015625 0.263412475585938
0.00556564331054688 0.0383758544921875 0.09906005859375 0.161270141601563
0.0207748413085938 0.040008544921875 0.0789718627929688 0.012481689453125
0.0471305847167969 0.0293426513671875 -0.0144615173339844 -0.0663642883300781
0.0554237365722656 0.0104255676269531 -0.114402770996094 -0.047882080078125
0.0563125610351563 0.0109825134277344 -0.16864013671875 -0.0211334228515625
0.0651092529296875 0.0167579650878906 -0.199951171875 -0.0330810546875
0.0646629333496094 0.0324363708496094 -0.194168090820313 -0.0900115966796875
0.0434188842773438 0.0606918334960938 -0.164154052734375 -0.118637084960938
0.0131759643554688 0.074432373046875 -0.0866241455078125 -0.130401611328125
-0.0298652648925781 0.0573539733886719 -0.00543212890625001 -0.110054016113281
-0.0204086303710938 0.05487060546875 0.0132427215576172 0.0288581848144531
-0.0224609375 0.0735092163085938 -0.0754241943359375 0.173812866210938
-0.0173130035400391 0.0068206787109375 0.0438079833984375 -0.172073364257813
-0.00111961364746094 -0.00279855728149414 -0.00780487060546875 -0.0420608520507813
-0.00545597076416016 0.0080881118774414 -0.00522613525390625 0.105682373046875
-0.00246238708496094 0.0136203765869141 0.089599609375 0.163558959960937
-0.00276565551757813 0.00812292098999023 0.16656494140625 0.139678955078125
-0.00925540924072266 0.00844669342041015 0.234878540039063 0.08087158203125
0.00592136383056641 0.0127153396606445 0.239151000976563 0.0230712890625
-0.000459671020507813 0.0203285217285156 0.184432983398438 0.0110321044921875
-0.0123176574707031 0.0186195373535156 0.118797302246094 0.0283126831054688
-0.0160017013549805 0.00763130187988282 0.0322723388671875 0.0389785766601563
-0.00347304344177246 -0.00331306457519531 -0.076904296875 -0.0226898193359375
0.00248813629150391 -0.00081181526184082 -0.1072998046875 -0.1527099609375
0.00204801559448242 0.00813150405883789 -0.00592041015624997 -0.303802490234375
-0.00188732147216797 0.0112981796264648 0.05035400390625 -0.300811767578125
-0.0149469375610352 -0.00045585632324219 -0.036376953125 -0.202178955078125
-0.0188140869140625 0.0752410888671875 0.042022705078125 -0.15460205078125
-0.0205879211425781 0.0502891540527344 -0.00715255737304688 -0.0217304229736328
-0.0345458984375 0.0724334716796875 0.000297546386718753 0.109176635742187
-0.00370025634765625 0.0971298217773438 0.0938568115234375 0.163253784179688
0.0274429321289063 0.0806655883789062 0.163589477539063 0.130691528320312
0.0563583374023437 0.0607833862304687 0.231231689453125 0.0681304931640625
0.0762710571289063 0.0375442504882813 0.224884033203125 0.013031005859375
0.0620269775390625 0.045135498046875 0.168533325195312 0.000350952148437503
0.0531501770019531 0.0519027709960938 0.107421875 0.0147781372070313
0.0312881469726563 0.0562858581542969 0.0316982269287109 0.0258350372314453
0.0117568969726562 0.0516929626464844 -0.0737457275390625 -0.0265045166015625
0.00464630126953125 0.0431747436523438 -0.106307983398437 -0.144134521484375
0.00634765625 0.03515625 -0.02435302734375 -0.2940673828125
0.0253334045410156 0.0610771179199219 0.04156494140625 -0.28802490234375
0.014739990234375 0.0783004760742188 -0.0353851318359375 -0.18511962890625
-0.0146331787109375 0.133270263671875 0.0341644287109375 -0.112380981445313
-0.0290603637695313 0.0935745239257812 -0.0137271881103516 0.0214042663574219
-0.0547256469726562 0.121536254882813 0.00893402099609374 0.122596740722656
-0.00485229492187499 0.163375854492188 0.096893310546875 0.158950805664062
0.05181884765625 0.141372680664063 0.150924682617188 0.109634399414063
0.111099243164063 0.105476379394531 0.202926635742188 0.04638671875
0.133804321289062 0.0584640502929687 0.182327270507813 0.001220703125
0.115150451660156 0.0636672973632813 0.125846862792969 -0.0111160278320312
0.112480163574219 0.076080322265625 0.074371337890625 -0.00115203857421875
0.0809707641601563 0.09637451171875 0.0171432495117188 0.00396156311035157
0.0343704223632812 0.103378295898438 -0.0726318359375 -0.03662109375
0.00823974609375001 0.0912628173828125 -0.101585388183594 -0.131317138671875
0.00126647949218751 0.0638046264648438 -0.0406494140625 -0.267013549804688
0.0398712158203125 0.0995712280273438 0.0329437255859375 -0.251815795898438
0.0332794189453125 0.140625 -0.0313034057617188 -0.139297485351563
-0.000869750976562493 0.176162719726562 0.0262069702148437 -0.0529899597167969
-0.0161514282226563 0.120086669921875 -0.0251541137695313 0.0818634033203125
-0.05584716796875 0.141494750976562 0.0198974609375 0.148666381835938
-0.00698852539062499 0.194900512695313 0.101165771484375 0.153366088867188
0.06195068359375 0.174835205078125 0.130790710449219 0.0836563110351563
0.141143798828125 0.133316040039062 0.157150268554688 0.02032470703125
0.169265747070313 0.0718994140625 0.119651794433594 -0.0119705200195312
0.149368286132813 0.073516845703125 0.0643348693847656 -0.01904296875
0.153976440429688 0.0879974365234375 0.0218906402587891 -0.017059326171875
0.124626159667969 0.121055603027344 -0.0145683288574219 -0.0237884521484375
0.0613861083984375 0.144515991210938 -0.0801773071289062 -0.0548782348632813
0.0164337158203125 0.136833190917969 -0.0930938720703125 -0.12298583984375
-0.0132064819335937 0.0944366455078125 -0.044586181640625 -0.230850219726563
0.0338897705078125 0.124862670898438 0.029144287109375 -0.195220947265625
0.0359039306640625 0.179107666015625 -0.0307769775390625 -0.0715866088867187
0.0160064697265625 0.194427490234375 0.0216655731201172 0.01605224609375
0.0105667114257813 0.126884460449219 -0.036529541015625 0.149139404296875
-0.0426177978515625 0.130027770996094 0.0300445556640625 0.182662963867188
-0.009613037109375 0.186798095703125 0.102691650390625 0.150726318359375
0.0577545166015625 0.176528930664063 0.109405517578125 0.0550537109375
0.145462036132813 0.13873291015625 0.101333618164063 -0.00931549072265624
0.17718505859375 0.0736846923828125 0.0464630126953125 -0.0264739990234375
0.161651611328125 0.0706024169921875 -0.0063648223876953 -0.0256614685058594
0.173919677734375 0.085540771484375 -0.043121337890625 -0.0282821655273437
0.15283203125 0.12567138671875 -0.0617446899414062 -0.0496902465820312
0.0859222412109375 0.164352416992188 -0.100204467773438 -0.0760650634765625
0.0283660888671875 0.16900634765625 -0.0865859985351563 -0.121055603027344
-0.030029296875 0.121574401855469 -0.0369415283203125 -0.191009521484375
0.0128860473632813 0.135398864746094 0.0284347534179688 -0.128250122070313
0.0236663818359375 0.188949584960938 -0.0347023010253906 0.00580978393554689
0.0312652587890625 0.183975219726563 0.0246200561523438 0.0861282348632813
0.0393295288085937 0.115180969238281 -0.04498291015625 0.21221923828125
-0.0172348022460938 0.0976791381835938 0.035858154296875 0.221832275390625
-0.00621032714843749 0.144943237304688 0.106109619140625 0.153823852539063
0.0458526611328125 0.146530151367188 0.094268798828125 0.03173828125
0.125350952148438 0.120384216308594 0.0498237609863281 -0.0374832153320312
0.157684326171875 0.06231689453125 -0.0230674743652344 -0.0394020080566406
0.148849487304688 0.0584564208984375 -0.0765533447265625 -0.0273895263671875
0.164047241210938 0.070587158203125 -0.110328674316406 -0.0341415405273437
0.151687622070313 0.110870361328125 -0.116958618164062 -0.0704727172851563
0.0933074951171875 0.157119750976563 -0.127937316894531 -0.095977783203125
0.0327606201171875 0.171829223632812 -0.0847930908203125 -0.124671936035156
-0.0429229736328125 0.129150390625 -0.0226593017578125 -0.156463623046875
-0.0108413696289063 0.128585815429688 0.0296478271484375 -0.06243896484375
0.00480651855468749 0.17279052734375 -0.0446929931640625 0.0809555053710938
0.0322265625 0.140419006347656 0.032196044921875 0.145828247070313
0.050994873046875 0.0868911743164063 -0.0509796142578125 0.259658813476563
0.00329971313476563 0.0602951049804688 0.0361328125 0.254898071289063
-0.000183105468749994 0.0907516479492188 0.107666015625 0.161895751953125
0.0328216552734375 0.0971450805664063 0.0854949951171875 0.0172195434570313
0.0915145874023438 0.0808944702148438 0.00823974609375001 -0.0585975646972656
0.115867614746094 0.0394973754882813 -0.0814971923828125 -0.0468292236328125
0.11370849609375 0.0362319946289063 -0.135032653808594 -0.0250244140625
0.1282958984375 0.0455856323242188 -0.167770385742188 -0.0341644287109375
0.121231079101563 0.0775527954101563 -0.1676025390625 -0.0826873779296875
0.0782012939453125 0.121063232421875 -0.154373168945313 -0.11065673828125
0.0273666381835937 0.140533447265625 -0.0873336791992188 -0.130126953125
-0.0446624755859375 0.108222961425781 -0.0130233764648438 -0.130546569824219
-0.025054931640625 0.102302551269531 0.0250358581542969 -0.00676536560058593
-0.011383056640625 0.133346557617188 -0.0599365234375 0.1427001953125
0.0183296203613281 0.0696563720703125 0.042449951171875 0.18719482421875
0.035675048828125 0.0421371459960938 -0.052825927734375 0.289093017578125
0.0088043212890625 0.0240688323974609 0.033966064453125 0.276214599609375
0.00667953491210938 0.0404930114746094 0.107589721679687 0.167572021484375
0.0231971740722656 0.0422172546386719 0.08172607421875 0.0109634399414063
0.0504531860351563 0.0303840637207031 -0.0202560424804687 -0.0690422058105469
0.0592269897460938 0.00997161865234375 -0.121353149414063 -0.0465621948242187
0.0596160888671875 0.0100479125976563 -0.175033569335937 -0.0180206298828125
0.0696640014648438 0.0158195495605469 -0.207733154296875 -0.0301666259765625
0.0687675476074219 0.0316925048828125 -0.204513549804688 -0.089080810546875
0.0476570129394531 0.0623550415039063 -0.173583984375 -0.1202392578125
0.01641845703125 0.0783843994140625 -0.0931625366210938 -0.134208679199219
-0.0303688049316406 0.0614471435546875 -0.00894927978515626 -0.114723205566406
-0.0197029113769531 0.0582618713378906 0.0160636901855469 0.0294609069824219
-0.0197067260742187 0.0777435302734375 -0.0733642578125 0.1839599609375
-0.0178108215332031 0.00859260559082031 0.0364532470703125 -0.183868408203125
-0.00207781791687012 -0.00373411178588867 -0.0122642517089844 -0.0439491271972656
-0.00635862350463867 0.00839376449584961 -0.00164794921874999 0.11151123046875
-0.00129795074462891 0.0138959884643555 0.100967407226563 0.166641235351563
-0.00326728820800781 0.00838661193847656 0.181396484375 0.137527465820313
-0.0103921890258789 0.00949478149414063 0.249771118164063 0.0716552734375
0.00682258605957031 0.012664794921875 0.252532958984375 0.0094146728515625
0.00189590454101563 0.0201511383056641 0.194931030273438 0.000488281250000001
-0.0107479095458984 0.0205860137939453 0.12615966796875 0.0220108032226563
-0.0165567398071289 0.00945854187011719 0.0371589660644531 0.0378684997558594
-0.0043787956237793 -0.00421261787414551 -0.079925537109375 -0.0196304321289062
0.00363373756408691 -0.00148367881774902 -0.120086669921875 -0.154815673828125
0.00274133682250977 0.00858402252197266 -0.02294921875 -0.320068359375
-0.00156974792480469 0.0118188858032227 0.037078857421875 -0.320220947265625
-0.0150909423828125 0.000581741333007811 -0.0494537353515625 -0.211715698242187
-0.0156097412109375 0.080078125 0.036865234375 -0.164871215820313
-0.0196914672851563 0.0530815124511719 -0.0100841522216797 -0.0229549407958984
-0.0344161987304688 0.0779266357421875 0.00431060791015625 0.114433288574219
0.00196075439453126 0.101829528808594 0.105331420898438 0.165817260742188
0.0335769653320313 0.0833969116210937 0.177093505859375 0.1280517578125
0.0619735717773438 0.0617446899414063 0.244918823242188 0.0579071044921875
0.0823898315429687 0.0356063842773438 0.236236572265625 -0.000167846679687498
0.0695037841796875 0.0423431396484375 0.177215576171875 -0.0103302001953125
0.0603790283203125 0.0522842407226563 0.113319396972656 0.0087738037109375
0.0358963012695313 0.0578765869140625 0.035186767578125 0.0243339538574219
0.013946533203125 0.0533981323242188 -0.0770187377929688 -0.023712158203125
0.0075836181640625 0.0443534851074219 -0.118118286132813 -0.144699096679688
0.00797271728515625 0.0365333557128906 -0.041534423828125 -0.30792236328125
0.0294075012207031 0.062408447265625 0.0283203125 -0.3067626953125
0.0208053588867187 0.0808639526367188 -0.0467071533203125 -0.19451904296875
-0.00762939453124999 0.141494750976563 0.0317916870117188 -0.120246887207031
-0.0260543823242188 0.09967041015625 -0.0147457122802734 0.0232391357421875
-0.0526199340820312 0.131637573242188 0.0144729614257813 0.128578186035156
0.0042877197265625 0.171920776367188 0.108856201171875 0.161468505859375
0.0626678466796875 0.145309448242187 0.16259765625 0.10821533203125
0.1220703125 0.10479736328125 0.213150024414063 0.036834716796875
0.144180297851563 0.05322265625 0.19097900390625 -0.01116943359375
0.125938415527344 0.0582656860351563 0.1319580078125 -0.0188980102539062
0.123046875 0.0725860595703125 0.0782546997070313 -0.00649261474609375
0.0913619995117188 0.0964584350585938 0.0189495086669922 0.00158882141113282
0.0411376953125 0.107444763183594 -0.0765304565429688 -0.0346145629882812
0.0134811401367188 0.0950241088867188 -0.112991333007813 -0.132858276367187
0.0031280517578125 0.0678215026855469 -0.05902099609375 -0.278182983398438
0.0464324951171875 0.100975036621094 0.0216827392578125 -0.268402099609375
0.0437469482421875 0.144729614257812 -0.0403594970703125 -0.145339965820313
0.00933837890625001 0.185165405273438 0.0252761840820313 -0.0582962036132812
-0.0113143920898437 0.125198364257813 -0.0234298706054688 0.0869522094726563
-0.0536956787109375 0.152786254882812 0.0275115966796875 0.154205322265625
0.00354003906249999 0.205245971679687 0.113540649414063 0.155136108398438
0.0757293701171875 0.180999755859375 0.140228271484375 0.0806350708007813
0.15655517578125 0.13275146484375 0.162918090820313 0.01190185546875
0.1815185546875 0.06591796875 0.12396240234375 -0.020355224609375
0.162643432617188 0.0668182373046875 0.068389892578125 -0.0245704650878906
0.169097900390625 0.0831451416015625 0.0224895477294922 -0.0207958221435547
0.137969970703125 0.120429992675781 -0.0166988372802734 -0.0265941619873047
0.0721893310546875 0.14886474609375 -0.0859756469726563 -0.0544509887695313
0.025787353515625 0.143966674804688 -0.103248596191406 -0.125083923339844
-0.0103988647460937 0.100685119628906 -0.061248779296875 -0.238677978515625
0.04193115234375 0.127304077148438 0.0202789306640625 -0.209991455078125
0.048309326171875 0.186050415039062 -0.0348587036132813 -0.0746536254882812
0.0289764404296875 0.204360961914062 0.02581787109375 0.0142631530761719
0.0172958374023438 0.131278991699219 -0.030029296875 0.159439086914063
-0.0398635864257813 0.139503479003906 0.0399169921875 0.191482543945313
0.00045776367187499 0.197036743164062 0.115264892578125 0.15325927734375
0.07147216796875 0.183303833007812 0.115570068359375 0.0520706176757813
0.160476684570313 0.13958740234375 0.101943969726563 -0.015411376953125
0.189788818359375 0.0663299560546875 0.0462608337402344 -0.0318984985351562
0.174911499023437 0.064422607421875 -0.00636672973632812 -0.0275783538818359
0.18896484375 0.07879638671875 -0.0466842651367187 -0.0283432006835937
0.167816162109375 0.122283935546875 -0.0676193237304687 -0.0502967834472656
0.0999755859375 0.168136596679687 -0.108428955078125 -0.075164794921875
0.0396270751953125 0.177444458007813 -0.0970535278320312 -0.123336791992188
-0.027069091796875 0.130294799804688 -0.0506591796875 -0.196868896484375
0.021148681640625 0.140594482421875 0.0246353149414063 -0.138603210449219
0.036102294921875 0.1956787109375 -0.0354652404785156 0.00615692138671877
0.0438995361328125 0.192428588867187 0.0319595336914063 0.0880584716796875
0.0470657348632812 0.117774963378906 -0.037261962890625 0.226333618164063
-0.01531982421875 0.10369873046875 0.0493927001953125 0.230941772460938
0.00044250488281251 0.152816772460938 0.118789672851563 0.1572265625
0.056060791015625 0.15216064453125 0.0998916625976562 0.027618408203125
0.139106750488281 0.120361328125 0.0469512939453125 -0.0417289733886719
0.169021606445313 0.0568695068359375 -0.027679443359375 -0.0411834716796875
0.160369873046875 0.05169677734375 -0.0800628662109375 -0.025421142578125
0.177978515625 0.0635223388671875 -0.117530822753906 -0.0319595336914063
0.165313720703125 0.106796264648437 -0.126548767089844 -0.0687637329101563
0.1070556640625 0.159515380859375 -0.137687683105469 -0.0946807861328125
0.0440673828125 0.178543090820313 -0.0948867797851562 -0.126976013183594
-0.0398635864257813 0.138969421386719 -0.0338897705078125 -0.1630859375
-0.00531768798828125 0.134307861328125 0.0284576416015625 -0.0681877136230469
0.014862060546875 0.180267333984375 -0.0419387817382813 0.08673095703125
0.0426025390625 0.146011352539062 0.0428466796875 0.150253295898438
0.05755615234375 0.087249755859375 -0.0400238037109375 0.276962280273438
0.00564575195312501 0.0633430480957031 0.0504302978515625 0.266265869140625
0.00433349609375 0.0955886840820312 0.12152099609375 0.164566040039063
0.0410308837890625 0.100143432617188 0.0893707275390625 0.014190673828125
0.100761413574219 0.0805740356445313 0.00135040283203126 -0.0635910034179688
0.123748779296875 0.0349807739257813 -0.0894622802734375 -0.0435028076171875
0.12115478515625 0.0307846069335938 -0.141693115234375 -0.0193328857421875
0.137649536132813 0.0410842895507813 -0.177993774414063 -0.0285491943359375
0.131683349609375 0.0747756958007813 -0.179916381835938 -0.0796966552734375
0.0884323120117188 0.122352600097656 -0.167098999023438 -0.109420776367188
0.0377960205078125 0.146255493164063 -0.097320556640625 -0.133071899414063
-0.04278564453125 0.117500305175781 -0.0206298828125 -0.1358642578125
-0.0211410522460938 0.107879638671875 0.0272369384765625 -0.00907516479492187
-0.004425048828125 0.14117431640625 -0.0538177490234375 0.15325927734375
0.023681640625 0.0736541748046875 0.0554046630859375 0.193359375
0.0392227172851563 0.0406913757324219 -0.0419921875 0.306732177734375
0.0103034973144531 0.0247173309326172 0.04931640625 0.288482666015625
0.0078125 0.0423622131347656 0.122177124023438 0.171188354492188
0.0275917053222656 0.0430450439453125 0.0847625732421875 0.00775909423828125
0.0547409057617188 0.0293655395507813 -0.0284423828125 -0.0705642700195313
0.0641517639160156 0.00690841674804688 -0.130470275878906 -0.0413665771484375
0.0648956298828125 0.00611495971679688 -0.182022094726563 -0.00860595703125
0.0748214721679688 0.0134963989257813 -0.21868896484375 -0.020782470703125
0.0732192993164063 0.0297622680664062 -0.21905517578125 -0.083343505859375
0.0530624389648438 0.0628128051757813 -0.188674926757813 -0.117706298828125
0.022308349609375 0.0801162719726562 -0.104225158691406 -0.136650085449219
-0.0286407470703125 0.0673332214355469 -0.0160675048828125 -0.118202209472656
-0.0177726745605469 0.0615386962890625 0.0202121734619141 0.0286827087402344
-0.0145721435546875 0.0818099975585938 -0.0656280517578125 0.197799682617188
-0.0175399780273438 0.0105829238891602 0.02490234375 -0.191452026367188
-0.0037541389465332 -0.00422263145446777 -0.0180854797363281 -0.0444488525390625
-0.00633049011230469 0.00855541229248047 0.00558471679687499 0.115821838378906
-0.00172519683837891 0.0133132934570313 0.114593505859375 0.16387939453125
-0.00239753723144531 0.00927829742431641 0.194808959960938 0.128173828125
-0.0109577178955078 0.011993408203125 0.260665893554688 0.05377197265625
0.00704479217529297 0.0109519958496094 0.258895874023438 -0.0109100341796875
0.00384140014648438 0.0198993682861328 0.200180053710938 -0.0159149169921875
-0.00838088989257813 0.0216522216796875 0.130462646484375 0.0117950439453125
-0.0177516937255859 0.0121173858642578 0.0419044494628906 0.0353240966796875
-0.00603342056274414 -0.0047755241394043 -0.0813980102539063 -0.013641357421875
0.00399899482727051 -0.00260400772094727 -0.1331787109375 -0.150054931640625
0.00238418579101563 0.00906181335449219 -0.048828125 -0.32623291015625
-0.0019378662109375 0.0105133056640625 0.01397705078125 -0.33392333984375
-0.0147428512573242 0.000221252441406247 -0.066802978515625 -0.21368408203125
-0.00879669189453126 0.0836944580078125 0.0246124267578125 -0.172988891601563
-0.0175094604492187 0.0551338195800781 -0.0147609710693359 -0.0234508514404297
-0.0295257568359375 0.084197998046875 0.0115203857421875 0.11737060546875
0.00926208496093751 0.103569030761719 0.118728637695312 0.163177490234375
0.0404815673828125 0.0827560424804688 0.1907958984375 0.116470336914063
0.0680999755859375 0.059112548828125 0.25164794921875 0.039398193359375
0.0868072509765625 0.028717041015625 0.240509033203125 -0.021728515625
0.0738983154296875 0.03509521484375 0.179794311523437 -0.0260467529296875
0.0672264099121094 0.0470504760742188 0.117462158203125 -0.0014190673828125
0.0407905578613281 0.0577468872070313 0.0389175415039063 0.0202827453613281
0.0175628662109375 0.0526313781738281 -0.079254150390625 -0.0189132690429687
0.0112991333007813 0.0458717346191406 -0.13134765625 -0.141616821289063
0.0103225708007813 0.037322998046875 -0.067413330078125 -0.312255859375
0.0349960327148438 0.0609970092773438 0.00592041015625002 -0.320068359375
0.0282135009765625 0.079193115234375 -0.0640869140625 -0.196273803710937
0.003204345703125 0.147354125976563 0.02423095703125 -0.127128601074219
-0.0204010009765625 0.103706359863281 -0.0124778747558594 0.0242118835449219
-0.046600341796875 0.141143798828125 0.0232772827148437 0.130012512207031
0.01776123046875 0.176223754882813 0.122650146484375 0.157119750976562
0.0754852294921875 0.14410400390625 0.172042846679688 0.0970306396484375
0.133613586425781 0.098846435546875 0.21917724609375 0.0203094482421875
0.150772094726563 0.041748046875 0.193634033203125 -0.0279998779296875
0.134162902832031 0.04730224609375 0.135086059570313 -0.0312652587890625
0.134109497070313 0.0637969970703125 0.0774307250976563 -0.0138092041015625
0.1016845703125 0.0931320190429687 0.0191535949707031 -0.00133132934570312
0.0493087768554688 0.106376647949219 -0.079742431640625 -0.032135009765625
0.0222549438476563 0.0969314575195313 -0.125686645507813 -0.127853393554688
0.00896072387695313 0.0694084167480469 -0.082366943359375 -0.280136108398437
0.055267333984375 0.0982666015625 0.00216674804687501 -0.279327392578125
0.0569915771484375 0.144149780273438 -0.052825927734375 -0.146133422851562
0.0270233154296875 0.1893310546875 0.0215377807617188 -0.06378173828125
-0.000823974609375008 0.127777099609375 -0.0181732177734375 0.0913619995117188
-0.046417236328125 0.16131591796875 0.0385284423828125 0.1558837890625
0.0180206298828125 0.21026611328125 0.127334594726563 0.149765014648438
0.092254638671875 0.179443359375 0.148300170898438 0.0724029541015625
0.171112060546875 0.123565673828125 0.16485595703125 -0.00178527832031249
0.192092895507813 0.0514373779296875 0.1265869140625 -0.0334091186523438
0.17169189453125 0.0526275634765625 0.0694046020507813 -0.0310935974121094
0.181503295898438 0.070404052734375 0.0209484100341797 -0.0217533111572266
0.152114868164063 0.110427856445312 -0.0203971862792969 -0.025360107421875
0.0842742919921875 0.147964477539063 -0.08966064453125 -0.0502471923828125
0.0386962890625 0.14630126953125 -0.115119934082031 -0.120872497558594
-0.00472259521484375 0.104377746582031 -0.081268310546875 -0.240402221679688
0.0530624389648437 0.125900268554688 0.00694274902343749 -0.218948364257813
0.065704345703125 0.18682861328125 -0.0414657592773438 -0.0758514404296875
0.0487213134765625 0.20684814453125 0.0287837982177734 0.0106124877929688
0.0271377563476563 0.130950927734375 -0.0204620361328125 0.164581298828125
-0.03436279296875 0.148818969726563 0.0545806884765625 0.194793701171875
0.0136260986328125 0.20196533203125 0.1300048828125 0.150726318359375
0.0889739990234375 0.182403564453125 0.123046875 0.0462112426757813
0.177764892578125 0.1309814453125 0.099945068359375 -0.02374267578125
0.199356079101563 0.0533447265625 0.0434074401855469 -0.0370140075683594
0.184188842773438 0.0499725341796875 -0.00726699829101561 -0.0275096893310547
0.200775146484375 0.06451416015625 -0.0485572814941406 -0.0279083251953125
0.182327270507813 0.112274169921875 -0.0747909545898438 -0.0491409301757812
0.114120483398437 0.16552734375 -0.115921020507812 -0.0714569091796875
0.055816650390625 0.179000854492188 -0.10931396484375 -0.121391296386719
-0.0189056396484375 0.135658264160156 -0.0675811767578125 -0.19793701171875
0.032318115234375 0.141006469726563 0.0148773193359375 -0.145065307617187
0.0532379150390625 0.196441650390625 -0.0353660583496094 0.00766754150390626
0.062042236328125 0.192489624023438 0.0406036376953125 0.0843353271484375
0.0584335327148438 0.1156005859375 -0.0220489501953125 0.2354736328125
-0.008880615234375 0.109214782714844 0.065032958984375 0.234420776367187
0.0125579833984375 0.157012939453125 0.135299682617187 0.1534423828125
0.0701141357421875 0.153045654296875 0.101585388183594 0.0219879150390625
0.153076171875 0.1124267578125 0.0414810180664063 -0.0465202331542969
0.178558349609375 0.043853759765625 -0.0328788757324219 -0.0386619567871094
0.167892456054688 0.0373992919921875 -0.0833816528320313 -0.0210800170898437
0.187667846679688 0.0496826171875 -0.121841430664062 -0.0250167846679687
0.17913818359375 0.09576416015625 -0.136009216308594 -0.0629196166992188
0.122589111328125 0.15728759765625 -0.147933959960938 -0.0865936279296875
0.0611114501953125 0.18157958984375 -0.106773376464844 -0.123374938964844
-0.032928466796875 0.146194458007813 -0.047454833984375 -0.162384033203125
0.00429534912109374 0.137260437011719 0.02545166015625 -0.0748062133789062
0.032440185546875 0.182174682617188 -0.0351791381835938 0.0916519165039063
0.056610107421875 0.14569091796875 0.0587310791015625 0.149887084960938
0.065216064453125 0.0840682983398438 -0.022369384765625 0.28656005859375
0.00776672363281251 0.0625076293945313 0.0694427490234375 0.26983642578125
0.0132064819335938 0.0981063842773438 0.137649536132813 0.160476684570313
0.0484771728515625 0.100425720214844 0.0898361206054687 0.00590515136718751
0.107109069824219 0.0762481689453125 -0.00723648071289061 -0.0605583190917969
0.133872985839844 0.0251617431640625 -0.0936203002929687 -0.0369873046875
0.127281188964844 0.0212783813476563 -0.14569091796875 -0.00761413574218747
0.143341064453125 0.0310821533203125 -0.18414306640625 -0.0161285400390625
0.141891479492188 0.0677490234375 -0.190200805664063 -0.066680908203125
0.1009521484375 0.118911743164063 -0.179168701171875 -0.10107421875
0.0523529052734375 0.148086547851563 -0.111259460449219 -0.130409240722656
-0.03582763671875 0.125946044921875 -0.0324554443359375 -0.137168884277344
-0.0172653198242188 0.110740661621094 0.0281887054443359 -0.0129051208496094
0.0068206787109375 0.143692016601562 -0.041168212890625 0.159149169921875
0.03094482421875 0.0747909545898438 0.0740509033203125 0.193222045898437
0.0436897277832031 0.0383110046386719 -0.019500732421875 0.318695068359375
0.0112743377685547 0.0241050720214844 0.07098388671875 0.294708251953125
0.0114517211914062 0.0440139770507813 0.139144897460938 0.167999267578125
0.0308151245117187 0.0424308776855469 0.0857162475585938 0.000152587890625003
0.05767822265625 0.0244293212890625 -0.0397300720214844 -0.0688323974609375
0.0663032531738281 0.00253677368164063 -0.137191772460938 -0.0314865112304688
0.0675392150878906 0.001129150390625 -0.187042236328125 0.00700378417968749
0.0773544311523438 0.00548553466796875 -0.225387573242188 -0.00582885742187497
0.0770797729492188 0.0223770141601563 -0.229339599609375 -0.069915771484375
0.0579452514648438 0.0590972900390625 -0.200408935546875 -0.10516357421875
0.029693603515625 0.0813217163085938 -0.115272521972656 -0.131065368652344
-0.0247650146484375 0.0722885131835937 -0.0253982543945312 -0.119148254394531
-0.0148811340332031 0.0630569458007813 0.0232620239257813 0.0275421142578125
-0.010955810546875 0.085418701171875 -0.0509033203125 0.206787109375
-0.0160140991210938 0.0130825042724609 0.0102081298828125 -0.192611694335938
-0.00549077987670898 -0.00365591049194336 -0.0228652954101563 -0.04315185546875
-0.00584697723388672 0.00979804992675781 0.0125045776367188 0.116127014160156
-0.000254631042480469 0.0120115280151367 0.123626708984375 0.155197143554688
-0.00424098968505859 0.00805377960205078 0.202117919921875 0.11322021484375
-0.00936412811279297 0.0128574371337891 0.262100219726563 0.034698486328125
0.00804805755615234 0.0108890533447266 0.255325317382813 -0.031768798828125
0.0057373046875 0.0175085067749023 0.197189331054688 -0.0317840576171875
-0.00620460510253906 0.0213565826416016 0.129852294921875 0.00188446044921875
-0.0155515670776367 0.0127830505371094 0.044464111328125 0.0304107666015625
-0.00609350204467774 -0.00533008575439453 -0.08154296875 -0.00789642333984374
0.0039527416229248 -0.00336170196533203 -0.142608642578125 -0.139312744140625
0.00330638885498047 0.00928115844726563 -0.071746826171875 -0.322601318359375
-0.000394821166992188 0.0112142562866211 -0.00888061523437497 -0.33477783203125
-0.0138998031616211 0.00167083740234375 -0.082366943359375 -0.208282470703125
-0.00234985351562499 0.0853118896484375 0.0137481689453125 -0.174163818359375
-0.0146446228027344 0.0564956665039063 -0.0170726776123047 -0.0224761962890625
-0.0251541137695313 0.0864791870117188 0.0181732177734375 0.117103576660156
0.0170974731445313 0.102165222167969 0.128433227539063 0.154052734375
0.0461273193359375 0.0794601440429688 0.195938110351563 0.104110717773438
0.0715179443359375 0.0549163818359375 0.252151489257813 0.0207977294921875
0.0879287719726563 0.0218353271484375 0.237533569335937 -0.039886474609375
0.076141357421875 0.0290069580078125 0.177658081054687 -0.040374755859375
0.0706634521484375 0.0414962768554688 0.114982604980469 -0.00983428955078125
0.0458564758300781 0.0539741516113281 0.0395278930664063 0.0166282653808594
0.0216751098632813 0.0511817932128906 -0.0787734985351562 -0.0135040283203125
0.0145149230957031 0.0431976318359375 -0.140525817871094 -0.130470275878906
0.012359619140625 0.0372200012207031 -0.0888671875 -0.305755615234375
0.0385322570800781 0.0572776794433594 -0.0155029296875 -0.31951904296875
0.0346755981445313 0.0770263671875 -0.0771942138671875 -0.191909790039063
0.0148773193359375 0.145233154296875 0.0158157348632813 -0.129585266113281
-0.013397216796875 0.103309631347656 -0.0132293701171875 0.0254592895507813
-0.0374908447265625 0.144744873046875 0.0305023193359375 0.129806518554688
0.0291748046875 0.174667358398438 0.132125854492188 0.149505615234375
0.0853424072265625 0.138397216796875 0.177566528320313 0.08477783203125
0.1400146484375 0.088714599609375 0.216522216796875 0.00479125976562501
0.154251098632813 0.0300445556640625 0.189804077148438 -0.0422210693359375
0.135597229003906 0.0360870361328125 0.13299560546875 -0.0427474975585938
0.138351440429688 0.0527725219726563 0.0778656005859375 -0.0195465087890625
0.107162475585938 0.0853042602539063 0.0197734832763672 -0.00333595275878906
0.056915283203125 0.101806640625 -0.080169677734375 -0.0250320434570312
0.0287857055664063 0.0937423706054687 -0.132896423339844 -0.11920166015625
0.0116691589355469 0.0691413879394531 -0.10186767578125 -0.27288818359375
0.0604629516601562 0.0938186645507812 -0.018524169921875 -0.279739379882813
0.0678939819335938 0.1392822265625 -0.06243896484375 -0.144851684570313
0.0409698486328125 0.18719482421875 0.0185737609863281 -0.066650390625
0.00638580322265624 0.126640319824219 -0.01153564453125 0.090850830078125
-0.037445068359375 0.166793823242188 0.04730224609375 0.154876708984375
0.0345001220703125 0.20965576171875 0.136199951171875 0.142440795898438
0.105026245117188 0.172653198242187 0.14996337890625 0.06170654296875
0.1795654296875 0.111251831054688 0.160903930664063 -0.0125885009765625
0.194427490234375 0.0366973876953125 0.120811462402344 -0.0419998168945313
0.173904418945313 0.037933349609375 0.0666542053222656 -0.0384864807128906
0.18597412109375 0.0565643310546875 0.0188999176025391 -0.0258293151855469
0.159408569335938 0.101043701171875 -0.0207443237304687 -0.0258388519287109
0.094818115234375 0.142059326171875 -0.0925216674804687 -0.04443359375
0.0478057861328125 0.142776489257813 -0.122329711914062 -0.112869262695313
0.00099945068359376 0.104873657226563 -0.098602294921875 -0.231887817382813
0.05987548828125 0.121650695800781 -0.01068115234375 -0.219802856445312
0.0785980224609375 0.178558349609375 -0.0469818115234375 -0.0740432739257813
0.062408447265625 0.2032470703125 0.0284919738769531 0.00650215148925782
0.035858154296875 0.126922607421875 -0.00877380371093751 0.166961669921875
-0.024200439453125 0.15240478515625 0.06524658203125 0.189590454101562
0.0281829833984375 0.200912475585938 0.139122009277344 0.139923095703125
0.101318359375 0.175018310546875 0.121681213378906 0.0352020263671875
0.185882568359375 0.11712646484375 0.0944366455078125 -0.0296554565429687
0.2041015625 0.0367889404296875 0.0410346984863281 -0.0395698547363281
0.18719482421875 0.0334014892578125 -0.0100307464599609 -0.0287513732910156
0.205581665039063 0.0472564697265625 -0.0527725219726562 -0.0242843627929688
0.1900634765625 0.0984039306640625 -0.07733154296875 -0.0436782836914062
0.126449584960938 0.1572265625 -0.120872497558594 -0.0638275146484375
0.068115234375 0.174667358398438 -0.115570068359375 -0.11285400390625
-0.0122756958007812 0.137550354003906 -0.081573486328125 -0.189346313476563
0.0398483276367188 0.136825561523437 0.00402832031250002 -0.14715576171875
0.06878662109375 0.190841674804688 -0.0337047576904297 0.010345458984375
0.077423095703125 0.189498901367188 0.0471343994140625 0.0801925659179688
0.0658645629882813 0.106605529785156 -0.0042572021484375 0.23455810546875
-0.00563812255859375 0.109786987304688 0.081207275390625 0.229598999023438
0.022369384765625 0.15692138671875 0.144638061523438 0.1422119140625
0.0809783935546875 0.146804809570313 0.101531982421875 0.0136871337890625
0.160369873046875 0.102081298828125 0.0339317321777344 -0.0477561950683594
0.181381225585937 0.0301971435546875 -0.0356292724609375 -0.037384033203125
0.17041015625 0.0240936279296875 -0.0840911865234375 -0.0162734985351562
0.191558837890625 0.034454345703125 -0.12420654296875 -0.01702880859375
0.185775756835938 0.081787109375 -0.139472961425781 -0.0518722534179688
0.132949829101563 0.146774291992188 -0.15399169921875 -0.0785980224609375
0.0745086669921875 0.176681518554688 -0.114578247070313 -0.117195129394531
-0.0231170654296875 0.1492919921875 -0.0589141845703125 -0.1563720703125
0.012237548828125 0.135177612304688 0.0196304321289062 -0.0775604248046875
0.0453033447265625 0.17803955078125 -0.0271453857421875 0.0920867919921875
0.0671539306640625 0.14129638671875 0.06768798828125 0.140792846679687
0.070892333984375 0.0759201049804688 -0.000915527343750016 0.285675048828125
0.00953292846679687 0.0647392272949219 0.0883331298828125 0.264144897460938
0.0180816650390625 0.0978622436523438 0.149398803710938 0.150253295898438
0.056488037109375 0.097015380859375 0.09088134765625 0.000785827636718756
0.114463806152344 0.0678558349609375 -0.0143203735351563 -0.0589256286621094
0.134132385253906 0.0145263671875 -0.097808837890625 -0.0287933349609375
0.129501342773438 0.0077972412109375 -0.145095825195313 -7.62939453125117E-05
0.146942138671875 0.0171356201171875 -0.184097290039063 -0.00502014160156254
0.145843505859375 0.0554046630859375 -0.194900512695313 -0.055999755859375
0.1082763671875 0.110893249511719 -0.183395385742188 -0.08746337890625
0.0616912841796875 0.143218994140625 -0.118095397949219 -0.122337341308594
-0.027618408203125 0.125999450683594 -0.042327880859375 -0.132957458496094
-0.00750732421875 0.110061645507813 0.0278148651123047 -0.0156269073486328
0.0194854736328125 0.141250610351563 -0.0298004150390625 0.161514282226563
0.0373306274414063 0.0708541870117188 0.0875396728515625 0.183242797851563
0.0466651916503906 0.0326423645019531 0.00115966796874998 0.31744384765625
0.0118923187255859 0.0247974395751953 0.091705322265625 0.288055419921875
0.0135345458984375 0.0419349670410156 0.15142822265625 0.157852172851563
0.0334701538085938 0.0399971008300781 0.0858840942382813 -0.006072998046875
0.0603179931640625 0.0225372314453125 -0.0446739196777344 -0.0626640319824219
0.0664825439453125 -0.00400161743164063 -0.138099670410156 -0.019561767578125
0.0672874450683594 -0.00601577758789063 -0.183029174804687 0.01837158203125
0.0786895751953125 9.1552734375E-05 -0.224594116210938 0.00984191894531254
0.078521728515625 0.0192184448242188 -0.233978271484375 -0.053009033203125
0.0627212524414062 0.0556106567382812 -0.2056884765625 -0.092041015625
0.03570556640625 0.0794448852539063 -0.124465942382813 -0.123985290527344
-0.0204696655273438 0.072601318359375 -0.0335235595703125 -0.116676330566406
-0.0110244750976562 0.0638465881347656 0.0277671813964844 0.0246734619140625
-0.00171661376953125 0.0849685668945313 -0.031768798828125 0.2078857421875
-0.0149507522583008 0.01495361328125 0.00173950195312499 -0.1903076171875
-0.0053553581237793 -0.00269794464111328 -0.0258979797363281 -0.0413856506347656
-0.00553607940673828 0.0107030868530273 0.0174179077148438 0.114158630371094
-0.000290870666503906 0.0119009017944336 0.125991821289063 0.148529052734375
-0.00444889068603516 0.00771093368530273 0.201736450195313 0.102859497070313
-0.00900745391845703 0.014683723449707 0.257232666015625 0.021942138671875
0.00747871398925781 0.00993633270263672 0.248199462890625 -0.0445709228515625
0.00564956665039063 0.0158309936523438 0.191604614257813 -0.0414581298828125
-0.00453376770019531 0.0214805603027344 0.126945495605469 -0.0038909912109375
-0.0151557922363281 0.0138683319091797 0.0447654724121094 0.0268516540527344
-0.00747919082641601 -0.00577783584594727 -0.0793304443359375 -0.00424194335937501
0.00383138656616211 -0.00411605834960938 -0.145706176757813 -0.131561279296875
0.00359916687011719 0.00900554656982422 -0.084075927734375 -0.3138427734375
-0.00104618072509766 0.0114068984985352 -0.022613525390625 -0.329559326171875
-0.0136003494262695 0.00122737884521484 -0.0900421142578125 -0.200851440429688
0.00191497802734375 0.0843582153320313 0.0052337646484375 -0.17279052734375
-0.0127334594726562 0.0553741455078125 -0.0187473297119141 -0.0214214324951172
-0.0218887329101562 0.0879058837890625 0.022186279296875 0.115447998046875
0.0206985473632813 0.100074768066406 0.13140869140625 0.146453857421875
0.0479888916015625 0.0760345458984375 0.19488525390625 0.0933380126953125
0.0728302001953125 0.0504379272460937 0.246200561523438 0.009521484375
0.086212158203125 0.017059326171875 0.230117797851563 -0.0506591796875
0.0753860473632812 0.0232925415039062 0.172027587890625 -0.04931640625
0.0715866088867188 0.0364990234375 0.1126708984375 -0.0149612426757812
0.0469131469726563 0.051513671875 0.0398178100585938 0.01434326171875
0.0224647521972656 0.0490074157714844 -0.0769805908203125 -0.00954437255859373
0.0165176391601563 0.0408782958984375 -0.143081665039063 -0.122787475585938
0.0130653381347656 0.0362586975097656 -0.10101318359375 -0.2957763671875
0.0384407043457031 0.0542869567871094 -0.029327392578125 -0.315093994140625
0.037689208984375 0.0738143920898437 -0.0843505859375 -0.184814453125
0.0223236083984375 0.142059326171875 0.00912475585937499 -0.130386352539063
-0.00945281982421876 0.100967407226563 -0.0125942230224609 0.0249176025390625
-0.0321807861328125 0.1463623046875 0.033538818359375 0.127433776855469
0.0362091064453125 0.170516967773437 0.134780883789063 0.141708374023437
0.0899124145507813 0.131942749023438 0.176177978515625 0.07635498046875
0.141510009765625 0.0813446044921875 0.2105712890625 -0.004638671875
0.151763916015625 0.0228118896484375 0.182830810546875 -0.05145263671875
0.133964538574219 0.027252197265625 0.128181457519531 -0.0489654541015625
0.138618469238281 0.0443801879882813 0.0745468139648438 -0.0239639282226562
0.109291076660156 0.0784912109375 0.0182037353515625 -0.00467872619628906
0.059814453125 0.0990524291992188 -0.0792617797851563 -0.0222625732421875
0.0334014892578125 0.0903167724609375 -0.134963989257813 -0.111640930175781
0.0129508972167969 0.0679588317871094 -0.111572265625 -0.261672973632813
0.0617141723632813 0.0889739990234375 -0.0295562744140625 -0.275848388671875
0.0735397338867188 0.13189697265625 -0.0683135986328125 -0.139350891113281
0.049346923828125 0.182418823242187 0.0154571533203125 -0.0693092346191406
0.0111312866210937 0.122238159179687 -0.00794982910156251 0.090087890625
-0.031402587890625 0.1673583984375 0.0511322021484375 0.15118408203125
0.0422515869140625 0.206130981445312 0.139503479003906 0.135002136230469
0.110336303710938 0.165725708007813 0.147857666015625 0.0538482666015625
0.181671142578125 0.102462768554687 0.154495239257812 -0.0182952880859375
0.192184448242188 0.026519775390625 0.115516662597656 -0.0468902587890625
0.17181396484375 0.02801513671875 0.0636825561523438 -0.0422134399414062
0.185653686523438 0.0451812744140625 0.0173015594482422 -0.0271167755126953
0.161117553710937 0.092010498046875 -0.022073745727539 -0.0255317687988281
0.0992202758789063 0.135841369628906 -0.0925216674804688 -0.0409469604492188
0.0534820556640625 0.138221740722656 -0.125503540039063 -0.106277465820312
0.00372314453124999 0.103546142578125 -0.106597900390625 -0.220504760742187
0.0622787475585937 0.1156005859375 -0.0196075439453125 -0.217208862304688
0.08587646484375 0.171127319335938 -0.0495529174804688 -0.0710220336914062
0.07293701171875 0.19610595703125 0.0288372039794922 0.00262641906738282
0.0409927368164063 0.120880126953125 -0.00195312500000001 0.163101196289063
-0.020355224609375 0.1517333984375 0.0707550048828125 0.185150146484375
0.03619384765625 0.197906494140625 0.142974853515625 0.132369995117188
0.107269287109375 0.168930053710938 0.11944580078125 0.0307540893554688
0.188308715820313 0.107528686523438 0.0902557373046875 -0.03271484375
0.201400756835938 0.0268402099609375 0.0370635986328125 -0.0409660339355469
0.184112548828125 0.0228424072265625 -0.0106678009033203 -0.0291500091552734
0.204421997070312 0.0365142822265625 -0.0528068542480469 -0.0227012634277344
0.191360473632813 0.0874481201171875 -0.0783309936523437 -0.03961181640625
0.131027221679688 0.149261474609375 -0.120155334472656 -0.0583648681640625
0.076080322265625 0.169036865234375 -0.118202209472656 -0.106178283691406
-0.00775909423828124 0.136863708496094 -0.088348388671875 -0.180618286132813
0.0412673950195312 0.131553649902344 -0.00247192382812499 -0.146652221679688
0.0757598876953125 0.1834716796875 -0.0324287414550781 0.00984191894531251
0.086578369140625 0.182113647460938 0.0498199462890625 0.0731582641601563
0.0680770874023437 0.100761413574219 0.00384521484375001 0.230819702148438
-0.00247192382812499 0.110542297363281 0.0878143310546875 0.22344970703125
0.0276641845703125 0.15478515625 0.14849853515625 0.135101318359375
0.08587646484375 0.141647338867188 0.0987625122070313 0.00946807861328126
0.162673950195313 0.0939788818359375 0.0299720764160156 -0.0465507507324219
0.17938232421875 0.019989013671875 -0.0375480651855469 -0.0341720581054688
0.168289184570312 0.0143280029296875 -0.0818710327148437 -0.0131683349609375
0.190231323242188 0.0238037109375 -0.122642517089844 -0.0110015869140625
0.186859130859375 0.0719451904296875 -0.139701843261719 -0.0464096069335937
0.136070251464844 0.139122009277344 -0.153472900390625 -0.071990966796875
0.0818023681640625 0.169387817382813 -0.116775512695313 -0.111061096191406
-0.018310546875 0.148101806640625 -0.0643463134765625 -0.149993896484375
0.0158462524414063 0.13140869140625 0.0157699584960938 -0.0770950317382813
0.0521240234375 0.171844482421875 -0.0221939086914062 0.0903701782226563
0.0753402709960937 0.136856079101563 0.0734481811523438 0.133270263671875
0.0725555419921875 0.0693740844726563 0.00909423828125 0.28179931640625
0.0117340087890625 0.0642318725585937 0.09674072265625 0.257492065429688
0.0208358764648438 0.0960922241210938 0.15325927734375 0.14306640625
0.0596847534179688 0.0919876098632813 0.0875320434570313 -0.004119873046875
0.116737365722656 0.0614395141601562 -0.0168647766113281 -0.0559730529785156
0.131156921386719 0.0069732666015625 -0.0976486206054687 -0.02520751953125
0.126029968261719 0.00164794921875 -0.140403747558594 0.00550079345703123
0.146133422851563 0.009552001953125 -0.181167602539063 0.00465393066406251
0.146224975585938 0.046356201171875 -0.193817138671875 -0.0462188720703125
0.111557006835938 0.10479736328125 -0.1845703125 -0.0793304443359375
0.0676422119140625 0.136894226074219 -0.120399475097656 -0.115921020507812
-0.0228958129882813 0.125785827636719 -0.046661376953125 -0.126976013183594
-0.00487518310546874 0.107933044433594 0.0271720886230469 -0.0180397033691406
0.025177001953125 0.136940002441406 -0.019927978515625 0.15814208984375
0.0406227111816406 0.0672492980957031 0.094268798828125 0.17352294921875
0.0461387634277344 0.0289764404296875 0.014068603515625 0.3116455078125
0.011260986328125 0.0246505737304688 0.100799560546875 0.280349731445313
0.0158042907714844 0.0412139892578125 0.1553955078125 0.14935302734375
0.0352439880371094 0.037689208984375 0.0827560424804688 -0.00962066650390625
0.0603256225585938 0.0196304321289063 -0.0473175048828125 -0.0573959350585937
0.0655326843261719 -0.00814056396484375 -0.135505676269531 -0.012420654296875
0.0659294128417969 -0.0102577209472656 -0.178421020507813 0.025604248046875
0.0782928466796875 -0.00453948974609375 -0.22113037109375 0.0184173583984374
0.0783767700195313 0.0146026611328125 -0.23193359375 -0.0424957275390625
0.0634880065917969 0.0508460998535156 -0.205062866210937 -0.0826416015625
0.039276123046875 0.0757675170898437 -0.126472473144531 -0.117012023925781
-0.0178756713867187 0.07318115234375 -0.0380935668945313 -0.112640380859375
-0.00794601440429688 0.061614990234375 0.0287017822265625 0.0217514038085938
0.00275421142578126 0.0826263427734375 -0.0217742919921875 0.203521728515625
-0.0136604309082031 0.0153408050537109 -0.00102233886718749 -0.189224243164063
-0.00574541091918945 -0.00203657150268555 -0.0277214050292969 -0.0402870178222656
-0.00477504730224609 0.0113687515258789 0.0181961059570312 0.1134033203125
-0.000399589538574219 0.0111913681030273 0.126480102539063 0.147018432617188
-0.00530433654785156 0.0084080696105957 0.200576782226562 0.100112915039062
-0.00865840911865234 0.0156688690185547 0.2547607421875 0.01788330078125
0.00698566436767578 0.00973892211914063 0.244155883789063 -0.0496368408203125
0.00534915924072266 0.0145835876464844 0.1883544921875 -0.045745849609375
-0.00420379638671875 0.0208015441894531 0.1265869140625 -0.0061492919921875
-0.0146446228027344 0.0150079727172852 0.0448265075683594 0.0254325866699219
-0.00878810882568359 -0.0055694580078125 -0.0782623291015625 -0.00304412841796874
0.00344944000244141 -0.00531911849975586 -0.146133422851563 -0.128433227539062
0.00384426116943359 0.00941944122314453 -0.08831787109375 -0.311309814453125
-0.00134944915771484 0.0107440948486328 -0.027099609375 -0.328857421875
-0.0136651992797852 0.000809669494628906 -0.0924835205078125 -0.198211669921875
0.00455474853515625 0.0848007202148437 0.00251770019531248 -0.173171997070313
-0.0117111206054687 0.0556831359863281 -0.0202121734619141 -0.0213680267333984
-0.0203704833984375 0.0895462036132813 0.0230712890625 0.115638732910156
0.0225982666015625 0.0993118286132813 0.131195068359375 0.144821166992188
0.0480880737304688 0.07489013671875 0.192916870117188 0.090576171875
0.073974609375 0.049652099609375 0.24310302734375 0.0054168701171875
0.085662841796875 0.015289306640625 0.226593017578125 -0.0557403564453125
0.0742950439453125 0.0202102661132813 0.170013427734375 -0.0529937744140625
0.072418212890625 0.0340194702148438 0.111930847167969 -0.0166397094726562
0.0477180480957031 0.0509567260742188 0.039886474609375 0.0128593444824219
0.0218086242675781 0.0491142272949219 -0.0761337280273438 -0.00859832763671876
0.0167503356933594 0.039581298828125 -0.143630981445313 -0.120254516601562
0.0125389099121094 0.0366859436035156 -0.104827880859375 -0.292633056640625
0.038818359375 0.0536689758300781 -0.03375244140625 -0.3145751953125
0.0387420654296875 0.0716781616210937 -0.0867767333984375 -0.183151245117188
0.025634765625 0.141845703125 0.0056610107421875 -0.131179809570313
-0.008697509765625 0.099609375 -0.0138225555419922 0.0242099761962891
-0.03021240234375 0.148406982421875 0.0340652465820313 0.127449035644531
0.03955078125 0.169845581054688 0.135520935058594 0.13983154296875
0.0909881591796875 0.130653381347656 0.173934936523438 0.0745086669921875
0.143020629882813 0.078857421875 0.206466674804688 -0.0081634521484375
0.1507568359375 0.0194549560546875 0.180252075195313 -0.055328369140625
0.132667541503906 0.0238571166992188 0.125343322753906 -0.0529098510742188
0.139366149902344 0.0404205322265625 0.0738372802734375 -0.0244598388671875
0.110191345214844 0.0763931274414062 0.0181484222412109 -0.00581169128417968
0.06011962890625 0.0984268188476562 -0.078857421875 -0.0217742919921875
0.0336380004882813 0.0887069702148438 -0.136238098144531 -0.109298706054688
0.0120086669921875 0.0678138732910156 -0.11505126953125 -0.257537841796875
0.061798095703125 0.0875396728515625 -0.03326416015625 -0.275054931640625
0.0758285522460937 0.129058837890625 -0.070526123046875 -0.137893676757813
0.053558349609375 0.180404663085937 0.0134353637695313 -0.0713653564453125
0.0121917724609375 0.119781494140625 -0.007171630859375 0.0895004272460938
-0.0293121337890625 0.170578002929688 0.05194091796875 0.150741577148438
0.0457305908203125 0.204986572265625 0.1405029296875 0.13287353515625
0.112472534179688 0.1632080078125 0.145980834960938 0.0520782470703125
0.184158325195313 0.0990447998046875 0.151229858398438 -0.0197906494140625
0.191802978515625 0.022216796875 0.113471984863281 -0.0489501953125
0.170272827148437 0.02337646484375 0.0623092651367188 -0.0440330505371094
0.186538696289062 0.0402374267578125 0.0166454315185547 -0.027313232421875
0.162933349609375 0.0887908935546875 -0.0221920013427734 -0.0256519317626953
0.100761413574219 0.134788513183594 -0.0922927856445313 -0.0401535034179688
0.0553665161132813 0.136260986328125 -0.1251220703125 -0.104156494140625
0.00376892089843751 0.104377746582031 -0.108795166015625 -0.216323852539063
0.0615921020507812 0.113563537597656 -0.022003173828125 -0.21710205078125
0.0887298583984375 0.16705322265625 -0.0496902465820312 -0.0704421997070312
0.0767822265625 0.193496704101563 0.0281276702880859 -0.00127220153808593
0.0416259765625 0.117637634277344 -0.0004425048828125 0.162139892578125
-0.0196075439453125 0.1536865234375 0.07183837890625 0.1846923828125
0.0398712158203125 0.197860717773438 0.14410400390625 0.13055419921875
0.109146118164063 0.166702270507813 0.117378234863281 0.0285491943359375
0.190322875976563 0.103836059570313 0.0872955322265625 -0.0332183837890625
0.200408935546875 0.02197265625 0.0354042053222656 -0.0415267944335938
0.182205200195313 0.01824951171875 -0.0110664367675781 -0.0308666229248047
0.204177856445313 0.031402587890625 -0.0534019470214844 -0.0215721130371094
0.193023681640625 0.0840301513671875 -0.0791244506835937 -0.0394363403320313
0.132904052734375 0.1475830078125 -0.119834899902344 -0.0575790405273437
0.078155517578125 0.166641235351563 -0.118698120117187 -0.104942321777344
-0.00746917724609377 0.137809753417969 -0.089599609375 -0.176742553710937
0.0415878295898438 0.130462646484375 -0.00479125976562501 -0.147125244140625
0.078704833984375 0.179595947265625 -0.0317020416259766 0.00942802429199219
0.0897674560546875 0.178802490234375 0.0496025085449219 0.0686988830566406
0.06927490234375 0.09674072265625 0.00607299804687503 0.2293701171875
-0.0019683837890625 0.111534118652344 0.0896453857421875 0.222213745117188
0.0302276611328125 0.154678344726563 0.150497436523438 0.132614135742188
0.0877532958984375 0.140113830566406 0.0972213745117188 0.00798797607421876
0.164443969726563 0.0908203125 0.0271186828613281 -0.04559326171875
0.179000854492188 0.01568603515625 -0.0379219055175781 -0.0333099365234375
0.166015625 0.00933837890625 -0.0811080932617187 -0.0128860473632812
0.189956665039063 0.019256591796875 -0.122047424316406 -0.00934600830078124
0.187698364257813 0.0676422119140625 -0.139984130859375 -0.04449462890625
0.13812255859375 0.137359619140625 -0.153396606445312 -0.0702972412109375
0.0838165283203125 0.167648315429688 -0.116767883300781 -0.110160827636719
-0.0177154541015625 0.149078369140625 -0.0664215087890625 -0.146377563476563
0.0158615112304688 0.129257202148438 0.0150909423828125 -0.078216552734375
0.055389404296875 0.16851806640625 -0.0201492309570312 0.0884475708007813
0.078094482421875 0.134048461914063 0.074310302734375 0.128044128417969
0.0726699829101563 0.0657196044921875 0.011932373046875 0.279388427734375
0.0113258361816406 0.0652923583984375 0.0989532470703125 0.256744384765625
0.0226058959960937 0.0964202880859375 0.156021118164062 0.139984130859375
0.06072998046875 0.0912322998046875 0.085693359375 -0.00513458251953124
0.118057250976562 0.0601806640625 -0.0186576843261719 -0.0542945861816406
0.130134582519531 0.0041046142578125 -0.0972366333007812 -0.0226287841796875
0.12506103515625 -0.00173187255859375 -0.139274597167969 0.00725555419921874
0.145416259765625 0.0057525634765625 -0.180679321289063 0.0067901611328125
0.146194458007813 0.04351806640625 -0.19329833984375 -0.04351806640625
0.112747192382813 0.103347778320313 -0.183700561523438 -0.077667236328125
0.07049560546875 0.1351318359375 -0.120979309082031 -0.114471435546875
-0.0224075317382813 0.126556396484375 -0.0473098754882813 -0.124183654785156
-0.00411224365234376 0.1075439453125 0.0276165008544922 -0.0195579528808594
0.0277175903320312 0.134201049804687 -0.0164337158203125 0.155670166015625
0.0417213439941406 0.0659980773925781 0.095916748046875 0.168502807617188
0.0458183288574219 0.0270309448242188 0.01800537109375 0.310089111328125
0.0110530853271484 0.0255165100097656 0.10418701171875 0.278640747070313
0.0167121887207031 0.0412063598632813 0.15887451171875 0.146682739257813
0.0361747741699219 0.036590576171875 0.08123779296875 -0.0106353759765625
0.0614547729492188 0.0192298889160156 -0.0484046936035156 -0.05413818359375
0.0644073486328125 -0.00949859619140625 -0.134078979492188 -0.010009765625
0.0650100708007813 -0.0126533508300781 -0.17572021484375 0.027313232421875
0.0784378051757812 -0.006744384765625 -0.219253540039063 0.0229339599609375
0.078125 0.013153076171875 -0.231201171875 -0.040191650390625
0.0636367797851562 0.0504417419433594 -0.204345703125 -0.0804443359375
0.0409927368164063 0.0738983154296875 -0.126808166503906 -0.115959167480469
-0.0178375244140625 0.0737075805664063 -0.039154052734375 -0.110504150390625
-0.00779342651367187 0.0616035461425781 0.0298271179199219 0.02001953125
0.00452423095703125 0.0815811157226563 -0.017364501953125 0.200973510742188
-0.012629508972168 0.0166997909545898 -0.0026702880859375 -0.193588256835938
-0.00584650039672852 -0.0018916130065918 -0.030487060546875 -0.0412864685058594
-0.00419521331787109 0.0120754241943359 0.0193328857421875 0.117050170898437
-0.000745773315429687 0.0123357772827148 0.12908935546875 0.1512451171875
-0.00587558746337891 0.00922584533691406 0.20416259765625 0.101516723632813
-0.00813007354736328 0.0165376663208008 0.2586669921875 0.0163726806640625
0.00675392150878906 0.0107402801513672 0.247406005859375 -0.0534210205078125
0.00499534606933594 0.0138607025146484 0.190811157226563 -0.049285888671875
-0.00322914123535156 0.0207748413085938 0.129829406738281 -0.006744384765625
-0.0148429870605469 0.0161914825439453 0.0459556579589844 0.0245780944824219
-0.0106992721557617 -0.00503635406494141 -0.0795211791992188 -0.00190734863281251
0.00369024276733398 -0.00625419616699219 -0.150344848632813 -0.130142211914063
0.0040283203125 0.0106954574584961 -0.09246826171875 -0.319091796875
-0.00203323364257812 0.0109233856201172 -0.030426025390625 -0.337677001953125
-0.0140495300292969 0.000355720520019531 -0.095977783203125 -0.201934814453125
0.00630950927734376 0.087066650390625 0.000625610351562512 -0.177947998046875
-0.0116310119628906 0.0563316345214844 -0.0227470397949219 -0.0218715667724609
-0.0193557739257813 0.09320068359375 0.0235977172851562 0.119033813476562
0.0243072509765625 0.102088928222656 0.134689331054688 0.148544311523438
0.049774169921875 0.0765228271484375 0.195556640625 0.0927886962890625
0.0771255493164063 0.0507431030273438 0.246246337890625 0.00439453125
0.0873641967773437 0.0151596069335937 0.2286376953125 -0.0594635009765625
0.0754165649414063 0.0193557739257813 0.171951293945313 -0.0566864013671875
0.0744552612304688 0.0339279174804688 0.114700317382813 -0.0178604125976562
0.0497550964355469 0.0521240234375 0.0408706665039063 0.012481689453125
0.0218353271484375 0.0505561828613281 -0.077117919921875 -0.00832366943359376
0.0174751281738281 0.0395622253417969 -0.147674560546875 -0.121688842773437
0.0130729675292969 0.0385704040527344 -0.109100341796875 -0.2982177734375
0.0396804809570313 0.0545806884765625 -0.036285400390625 -0.323028564453125
0.0403671264648438 0.0724029541015625 -0.0897674560546875 -0.18658447265625
0.0286712646484375 0.145309448242188 0.00469207763671875 -0.135406494140625
-0.0088958740234375 0.101356506347656 -0.0153751373291016 0.0246410369873047
-0.029632568359375 0.154571533203125 0.0348434448242187 0.131439208984375
0.04241943359375 0.174041748046875 0.139251708984375 0.142593383789062
0.0944976806640625 0.133560180664063 0.175811767578125 0.075927734375
0.147918701171875 0.07916259765625 0.208450317382813 -0.00891113281249999
0.154205322265625 0.0180816650390625 0.182266235351563 -0.0584259033203125
0.13421630859375 0.0220184326171875 0.126930236816406 -0.0562057495117188
0.143447875976563 0.0395050048828125 0.075714111328125 -0.0260848999023437
0.113998413085938 0.0777664184570313 0.0182476043701172 -0.00687789916992187
0.0616989135742188 0.101791381835938 -0.0799484252929688 -0.0212326049804687
0.0353012084960938 0.0908355712890625 -0.140228271484375 -0.111068725585938
0.0123672485351563 0.0705108642578125 -0.118911743164063 -0.261520385742188
0.063201904296875 0.08868408203125 -0.035888671875 -0.28302001953125
0.0785064697265625 0.130340576171875 -0.0723724365234375 -0.14129638671875
0.058135986328125 0.183700561523438 0.0121994018554688 -0.0754013061523437
0.0123062133789062 0.120712280273438 -0.00817108154296875 0.0911636352539063
-0.029449462890625 0.177902221679688 0.05340576171875 0.156402587890625
0.0489654541015625 0.2103271484375 0.144393920898438 0.136215209960938
0.117202758789063 0.166915893554688 0.147552490234375 0.0536346435546875
0.190261840820313 0.0994415283203125 0.15203857421875 -0.0207061767578125
0.19580078125 0.0204620361328125 0.113899230957031 -0.0513916015625
0.172836303710938 0.0215606689453125 0.0629730224609375 -0.0471878051757813
0.190582275390625 0.037841796875 0.0162410736083984 -0.0280532836914062
0.167892456054688 0.0895843505859375 -0.0238418579101562 -0.0266017913818359
0.104278564453125 0.138961791992188 -0.0946807861328125 -0.0411300659179687
0.0572891235351562 0.138404846191406 -0.12884521484375 -0.106071472167969
0.00305175781249999 0.108551025390625 -0.112762451171875 -0.21942138671875
0.0625 0.115257263183594 -0.0239105224609375 -0.223587036132813
0.0921478271484375 0.168930053710938 -0.0517120361328125 -0.0720748901367187
0.081939697265625 0.19708251953125 0.0269222259521484 -0.00387573242187499
0.041839599609375 0.117965698242188 -0.000411987304687488 0.165634155273438
-0.01983642578125 0.160934448242188 0.0737457275390625 0.190231323242188
0.0423126220703125 0.203842163085938 0.148361206054687 0.13238525390625
0.113433837890625 0.170578002929688 0.1180419921875 0.0294265747070313
0.196502685546875 0.105880737304688 0.0867462158203125 -0.0331802368164063
0.205780029296875 0.0201263427734375 0.0349578857421875 -0.0423622131347656
0.184921264648438 0.016632080078125 -0.0115795135498047 -0.0321445465087891
0.209442138671875 0.0291290283203125 -0.0543136596679687 -0.0213508605957031
0.19891357421875 0.083343505859375 -0.0816116333007812 -0.0395431518554687
0.137649536132813 0.151580810546875 -0.12322998046875 -0.0590286254882813
0.0810089111328125 0.169876098632813 -0.1219482421875 -0.107124328613281
-0.00794982910156251 0.14306640625 -0.09246826171875 -0.1787109375
0.041839599609375 0.133079528808594 -0.00575256347656251 -0.152069091796875
0.0818023681640625 0.181869506835938 -0.0318565368652344 0.0087108612060547
0.09503173828125 0.181060791015625 0.0499954223632813 0.0669708251953125
0.0698318481445313 0.0963287353515625 0.00711059570312501 0.234085083007813
-0.00244140624999999 0.116455078125 0.0931549072265625 0.228927612304688
0.032684326171875 0.159133911132813 0.156219482421875 0.135162353515625
0.091400146484375 0.142807006835938 0.0972671508789063 0.00829315185546876
0.17071533203125 0.0920867919921875 0.0257225036621094 -0.0458602905273437
0.182968139648437 0.0139923095703125 -0.0394935607910156 -0.0333099365234375
0.168853759765625 0.007720947265625 -0.0833206176757812 -0.0129241943359375
0.194931030273438 0.01593017578125 -0.12530517578125 -0.00807189941406252
0.193130493164063 0.0669097900390625 -0.143539428710938 -0.04571533203125
0.142990112304688 0.139999389648438 -0.157546997070313 -0.072357177734375
0.0880279541015625 0.170974731445313 -0.12030029296875 -0.112518310546875
-0.0186004638671875 0.155258178710938 -0.06744384765625 -0.147857666015625
0.015167236328125 0.133346557617188 0.01519775390625 -0.081207275390625
0.0579071044921875 0.17071533203125 -0.0190658569335938 0.0899429321289063
0.082183837890625 0.136222839355469 0.0750656127929688 0.127296447753906
0.0740280151367188 0.064544677734375 0.01300048828125 0.28607177734375
0.0108070373535156 0.0673828125 0.102828979492188 0.2633056640625
0.024017333984375 0.0991973876953125 0.161834716796875 0.141998291015625
0.06341552734375 0.0933837890625 0.0868911743164063 -0.00611877441406249
0.121871948242188 0.061553955078125 -0.0209884643554687 -0.0534591674804688
0.133354187011719 0.0025482177734375 -0.099365234375 -0.0226593017578125
0.126579284667969 -0.00423431396484375 -0.141494750976562 0.00808715820312498
0.148406982421875 0.00323486328125 -0.184249877929687 0.00891113281249999
0.150039672851563 0.04193115234375 -0.199005126953125 -0.04461669921875
0.116256713867187 0.105209350585937 -0.188873291015625 -0.0805206298828125
0.07354736328125 0.137924194335938 -0.124038696289062 -0.117843627929688
-0.0224990844726563 0.131507873535156 -0.048492431640625 -0.125999450683594
-0.00479125976562501 0.110122680664063 0.0288009643554688 -0.0209007263183594
0.0296249389648438 0.136268615722656 -0.0146484375 0.15850830078125
0.043975830078125 0.0668716430664063 0.097930908203125 0.168716430664063
0.0468978881835938 0.0259056091308594 0.019378662109375 0.31634521484375
0.0111827850341797 0.0264339447021484 0.108306884765625 0.285308837890625
0.0176315307617187 0.0423393249511719 0.164566040039062 0.148757934570313
0.0370101928710938 0.0370674133300781 0.0818939208984375 -0.011932373046875
0.0629959106445313 0.0199966430664063 -0.0504989624023438 -0.0535736083984375
0.0655708312988281 -0.01068115234375 -0.136741638183594 -0.00917816162109374
0.0652046203613281 -0.0149574279785156 -0.178375244140625 0.0287322998046875
0.0801544189453125 -0.00858306884765625 -0.223159790039063 0.0252838134765625
0.0800704956054688 0.0121612548828125 -0.236862182617188 -0.0400390625
0.0652084350585938 0.0512847900390625 -0.208999633789063 -0.082183837890625
0.0428085327148438 0.0748138427734375 -0.130142211914063 -0.119163513183594
-0.0181045532226563 0.0762481689453125 -0.0398330688476562 -0.112075805664062
-0.00848007202148438 0.0627098083496094 0.0318069458007813 0.0191230773925781
0.00656890869140624 0.0828475952148438 -0.014984130859375 0.204559326171875
-0.0113754272460938 0.0186023712158203 -0.00788879394531249 -0.20379638671875
-0.00506591796875 -0.00205087661743164 -0.0344924926757812 -0.0416107177734375
-0.00311660766601562 0.0124750137329102 0.0222930908203125 0.123031616210938
-0.000227928161621095 0.0125904083251953 0.138626098632813 0.157180786132813
-0.0066375732421875 0.0108346939086914 0.214614868164063 0.103958129882813
-0.00718879699707031 0.0186576843261719 0.270034790039063 0.0115509033203125
0.00674057006835938 0.0117053985595703 0.255508422851563 -0.0620269775390625
0.00378322601318359 0.0138874053955078 0.197250366210938 -0.0565185546875
-0.00273704528808594 0.0216808319091797 0.136367797851563 -0.0110321044921875
-0.0146102905273437 0.0176219940185547 0.048675537109375 0.024566650390625
-0.0127582550048828 -0.0044565200805664 -0.0823974609375 0.00101470947265626
0.00266170501708984 -0.00682544708251953 -0.160537719726563 -0.132858276367188
0.00467967987060547 0.0112419128417969 -0.105072021484375 -0.33233642578125
-0.00211334228515625 0.0116920471191406 -0.039031982421875 -0.35504150390625
-0.0148935317993164 -0.000171661376953126 -0.105392456054687 -0.208587646484375
0.0107498168945312 0.0911407470703125 -0.004241943359375 -0.18695068359375
-0.0111236572265625 0.0588111877441406 -0.0261173248291016 -0.0221977233886719
-0.017333984375 0.0997848510742187 0.0269088745117187 0.125709533691406
0.028106689453125 0.106033325195313 0.143646240234375 0.154556274414063
0.0536956787109375 0.079925537109375 0.205581665039063 0.095184326171875
0.082611083984375 0.0512466430664062 0.2554931640625 -0.000549316406249997
0.0910186767578125 0.0136871337890625 0.236557006835938 -0.0682830810546875
0.0777969360351563 0.0179214477539063 0.177276611328125 -0.06494140625
0.07965087890625 0.032562255859375 0.119483947753906 -0.0222320556640625
0.0539131164550781 0.0537300109863281 0.0433540344238281 0.0119743347167969
0.0233955383300781 0.0537376403808594 -0.080078125 -0.00577545166015625
0.0182037353515625 0.0407981872558594 -0.157333374023438 -0.123703002929688
0.014678955078125 0.0406684875488281 -0.1209716796875 -0.309783935546875
0.0420608520507813 0.0567359924316406 -0.046173095703125 -0.33929443359375
0.04437255859375 0.073883056640625 -0.097991943359375 -0.193435668945312
0.0360260009765625 0.150909423828125 0.000488281250000014 -0.1434326171875
-0.0070343017578125 0.104736328125 -0.0167827606201172 0.0260639190673828
-0.0267791748046875 0.16455078125 0.0393600463867188 0.138137817382813
0.0494842529296875 0.181838989257813 0.149078369140625 0.147613525390625
0.102516174316406 0.138267517089844 0.184310913085938 0.07733154296875
0.157974243164063 0.0792083740234375 0.215286254882812 -0.012359619140625
0.16192626953125 0.0149993896484375 0.187820434570313 -0.0650634765625
0.139694213867188 0.019744873046875 0.130348205566406 -0.0629806518554687
0.151016235351563 0.0357513427734375 0.0785751342773438 -0.0296478271484375
0.122207641601562 0.0787734985351563 0.0189800262451172 -0.00717926025390624
0.0673294067382813 0.106781005859375 -0.0839309692382813 -0.0204925537109375
0.0380172729492188 0.0940628051757813 -0.148788452148438 -0.112274169921875
0.013885498046875 0.07476806640625 -0.129974365234375 -0.271011352539063
0.0675735473632813 0.0921249389648438 -0.045196533203125 -0.29754638671875
0.085693359375 0.133720397949219 -0.0791015625 -0.146835327148438
0.066986083984375 0.190582275390625 0.00914001464843751 -0.08099365234375
0.0143966674804688 0.124900817871094 -0.00748443603515626 0.0954437255859375
-0.026275634765625 0.1898193359375 0.0590667724609375 0.164260864257812
0.058013916015625 0.220748901367188 0.154388427734375 0.13983154296875
0.126861572265625 0.173065185546875 0.15350341796875 0.0548858642578125
0.203521728515625 0.0997314453125 0.155731201171875 -0.023895263671875
0.205856323242187 0.0165863037109375 0.117317199707031 -0.056427001953125
0.1802978515625 0.01776123046875 0.0636672973632813 -0.0518989562988281
0.201248168945313 0.03363037109375 0.0162525177001953 -0.0301837921142578
0.179397583007812 0.088897705078125 -0.0258464813232422 -0.0275363922119141
0.113189697265625 0.144622802734375 -0.0999374389648437 -0.040863037109375
0.0634002685546875 0.145065307617188 -0.137557983398438 -0.108238220214844
0.00424194335937501 0.115303039550781 -0.122100830078125 -0.225494384765625
0.06683349609375 0.119873046875 -0.03131103515625 -0.234970092773438
0.100509643554688 0.173980712890625 -0.0553665161132813 -0.0752716064453125
0.092437744140625 0.204025268554687 0.0258083343505859 -0.00658607482910155
0.0453033447265625 0.119918823242187 0.00196838378906249 0.173553466796875
-0.0174407958984375 0.17138671875 0.0818634033203125 0.199554443359375
0.0504608154296875 0.213623046875 0.159515380859375 0.135772705078125
0.123138427734375 0.178024291992188 0.122337341308594 0.0301589965820313
0.21038818359375 0.105453491210938 0.0875396728515625 -0.0356216430664062
0.216217041015625 0.0154266357421875 0.035491943359375 -0.0457382202148438
0.193130493164063 0.012420654296875 -0.0136280059814453 -0.0345001220703125
0.220291137695313 0.0234375 -0.0580368041992187 -0.0217323303222656
0.211410522460938 0.08160400390625 -0.0872344970703125 -0.0403594970703125
0.148605346679688 0.157546997070313 -0.130836486816406 -0.0600509643554687
0.0896148681640625 0.176589965820313 -0.13037109375 -0.110000610351562
-0.00595092773437498 0.152084350585937 -0.0997314453125 -0.183395385742188
0.0457000732421875 0.138595581054687 -0.00975036621093749 -0.16058349609375
0.0902252197265625 0.187515258789063 -0.0329742431640625 0.00935935974121095
0.105636596679688 0.18707275390625 0.0508880615234375 0.0664024353027344
0.0740814208984375 0.0966796875 0.0120086669921875 0.245742797851563
7.59586308027338E-18 0.124053955078125 0.102676391601563 0.239273071289063
0.0384368896484375 0.16650390625 0.1671142578125 0.137802124023438
0.0991668701171875 0.147994995117187 0.100364685058594 0.00689697265625001
0.18231201171875 0.0919647216796875 0.024078369140625 -0.0469932556152344
0.19256591796875 0.0090484619140625 -0.0421066284179687 -0.0341682434082031
0.175491333007813 0.003875732421875 -0.0878372192382812 -0.0125503540039062
0.204132080078125 0.010986328125 -0.132293701171875 -0.00600433349609378
0.204788208007813 0.0641937255859375 -0.152236938476563 -0.045013427734375
0.154647827148438 0.144622802734375 -0.167160034179688 -0.0730438232421875
0.0964508056640625 0.17755126953125 -0.128456115722656 -0.116264343261719
-0.01617431640625 0.164764404296875 -0.07318115234375 -0.151611328125
0.017730712890625 0.139556884765625 0.014617919921875 -0.0871353149414062
0.065093994140625 0.176315307617187 -0.017303466796875 0.0935516357421875
0.09027099609375 0.139846801757813 0.0800018310546875 0.129547119140625
0.0787811279296875 0.0645599365234375 0.020294189453125 0.2996826171875
0.0134201049804688 0.0719146728515625 0.114181518554688 0.27484130859375
0.0274200439453125 0.103530883789063 0.173919677734375 0.14501953125
0.0676422119140625 0.0962677001953125 0.08905029296875 -0.00767517089843749
0.13055419921875 0.0618667602539062 -0.0240898132324219 -0.053863525390625
0.139366149902344 -0.0008544921875 -0.104652404785156 -0.0210418701171875
0.130935668945313 -0.00720977783203125 -0.147628784179688 0.011444091796875
0.155746459960938 -0.0010223388671875 -0.192779541015625 0.0136566162109375
0.159210205078125 0.039764404296875 -0.209915161132813 -0.0423126220703125
0.1260986328125 0.108345031738281 -0.200042724609375 -0.0802154541015625
0.0812530517578125 0.142196655273438 -0.133132934570313 -0.121040344238281
-0.0216522216796875 0.140579223632812 -0.0528335571289063 -0.129379272460938
-0.0032501220703125 0.115257263183594 0.0304737091064453 -0.0244350433349609
0.035400390625 0.141647338867188 -0.010345458984375 0.165756225585938
0.0482101440429688 0.0692138671875 0.105361938476563 0.171798706054688
0.0485801696777344 0.0251350402832031 0.027008056640625 0.33197021484375
0.0128574371337891 0.0281696319580078 0.121246337890625 0.297149658203125
0.0193977355957031 0.0445022583007813 0.177108764648438 0.151473999023438
0.0388908386230469 0.0376129150390625 0.085113525390625 -0.014068603515625
0.0674209594726562 0.019561767578125 -0.0543251037597656 -0.0535163879394531
0.0680694580078125 -0.01312255859375 -0.142364501953125 -0.00639343261718752
0.0666961669921875 -0.0178184509277344 -0.186065673828125 0.0336761474609375
0.083648681640625 -0.0119781494140625 -0.233001708984375 0.0321197509765625
0.0851821899414063 0.0109710693359375 -0.250228881835938 -0.0369720458984375
0.0698890686035156 0.0531349182128906 -0.220703125 -0.0829925537109375
0.0471954345703125 0.0766983032226563 -0.138992309570312 -0.123481750488281
-0.0176162719726562 0.0813751220703125 -0.0432815551757813 -0.11572265625
-0.00858306884765626 0.0657234191894531 0.0356674194335938 0.016876220703125
0.00957489013671874 0.0859146118164063 -0.00900268554687502 0.212921142578125
-0.00977516174316406 0.0201053619384766 -0.020355224609375 -0.213577270507813
-0.0055232048034668 -0.00216293334960938 -0.0408401489257812 -0.0416603088378906
-0.00183868408203125 0.0131855010986328 0.0297164916992188 0.128715515136719
0.000415802001953124 0.0131893157958984 0.153228759765625 0.160293579101563
-0.00692558288574219 0.0130424499511719 0.230789184570313 0.100433349609375
-0.00613784790039063 0.0202693939208984 0.2825927734375 -0.001312255859375
0.00756549835205078 0.0129528045654297 0.263031005859375 -0.0791015625
0.00352668762207031 0.0146627426147461 0.2025146484375 -0.0703887939453125
-0.00176239013671875 0.0224361419677734 0.143234252929688 -0.0191497802734375
-0.0139999389648437 0.0206890106201172 0.0518684387207031 0.0235481262207031
-0.0136842727661133 -0.0028076171875 -0.0854263305664063 0.00654602050781249
0.00184488296508789 -0.00763034820556641 -0.175186157226563 -0.130218505859375
0.00594329833984375 0.0129785537719727 -0.128509521484375 -0.3443603515625
-0.00238990783691406 0.0131120681762695 -0.060638427734375 -0.372650146484375
-0.016057014465332 0.00041484832763672 -0.121627807617188 -0.21343994140625
0.0180130004882813 0.095184326171875 -0.0162200927734375 -0.197067260742187
-0.0083160400390625 0.0616798400878906 -0.0310459136962891 -0.0214672088623047
-0.011871337890625 0.105781555175781 0.0350112915039063 0.131500244140625
0.0357666015625 0.110160827636719 0.159469604492188 0.156707763671875
0.0606155395507813 0.0824050903320313 0.220352172851562 0.09173583984375
0.0908355712890625 0.0499420166015625 0.266250610351563 -0.0120391845703125
0.096405029296875 0.010223388671875 0.24267578125 -0.083831787109375
0.0815505981445313 0.0146331787109375 0.18115234375 -0.077789306640625
0.0853652954101563 0.0294647216796875 0.124755859375 -0.0304946899414062
0.0603790283203125 0.0540657043457031 0.0455970764160156 0.0103797912597656
0.0274009704589844 0.0567970275878906 -0.0838699340820312 -0.00141906738281249
0.0202522277832031 0.0417823791503906 -0.172225952148438 -0.120986938476562
0.0179557800292969 0.0430145263671875 -0.143951416015625 -0.31878662109375
0.0472602844238281 0.0571517944335938 -0.0670166015625 -0.356719970703125
0.0499725341796875 0.0744247436523438 -0.113540649414063 -0.198410034179688
0.0481719970703125 0.156112670898438 -0.00952148437499999 -0.1514892578125
-0.00255584716796874 0.109596252441406 -0.0186290740966797 0.0286235809326172
-0.0181732177734375 0.176651000976563 0.048309326171875 0.145263671875
0.062469482421875 0.1890869140625 0.164215087890625 0.14892578125
0.115219116210938 0.141036987304688 0.195907592773438 0.07464599609375
0.170883178710938 0.07501220703125 0.223358154296875 -0.02227783203125
0.170074462890625 0.0067901611328125 0.192123413085937 -0.0787506103515625
0.146270751953125 0.013336181640625 0.131393432617188 -0.0733413696289063
0.160476684570312 0.0284881591796875 0.08074951171875 -0.035888671875
0.133674621582031 0.0765380859375 0.0190486907958984 -0.00890159606933593
0.07659912109375 0.109992980957031 -0.0883255004882813 -0.0164871215820313
0.0443878173828125 0.0963897705078125 -0.163009643554688 -0.110122680664062
0.0183334350585938 0.07928466796875 -0.150863647460937 -0.276443481445313
0.0754318237304688 0.0930328369140625 -0.064056396484375 -0.31243896484375
0.0971832275390625 0.13494873046875 -0.090789794921875 -0.150131225585938
0.08251953125 0.19580078125 0.0028076171875 -0.086456298828125
0.0201034545898437 0.12896728515625 -0.00474548339843749 0.10125732421875
-0.0171356201171875 0.203414916992188 0.0712890625 0.171295166015625
0.0737152099609375 0.229415893554687 0.1705322265625 0.1392822265625
0.143096923828125 0.176254272460938 0.16290283203125 0.052154541015625
0.220321655273438 0.093353271484375 0.160446166992188 -0.030609130859375
0.217025756835938 0.005706787109375 0.119316101074219 -0.0655975341796875
0.188522338867188 0.00897216796875 0.0624275207519531 -0.0584182739257813
0.212982177734375 0.022735595703125 0.0153522491455078 -0.0327072143554688
0.194091796875 0.083251953125 -0.0289134979248047 -0.0272674560546875
0.127548217773438 0.148239135742188 -0.106369018554687 -0.0380477905273437
0.0744781494140625 0.14971923828125 -0.150558471679687 -0.106552124023438
0.01055908203125 0.122848510742188 -0.139068603515625 -0.228729248046875
0.0756378173828125 0.122688293457031 -0.04620361328125 -0.24737548828125
0.114669799804688 0.175445556640625 -0.0621261596679687 -0.0768280029296875
0.11016845703125 0.208572387695313 0.0236530303955078 -0.0102825164794922
0.0525970458984375 0.122001647949219 0.00964355468750002 0.182785034179688
-0.00851440429687498 0.183486938476562 0.0961761474609375 0.207199096679688
0.064971923828125 0.2237548828125 0.175384521484375 0.134902954101563
0.139205932617187 0.181137084960937 0.128570556640625 0.0277023315429688
0.2286376953125 0.0998382568359375 0.0876617431640625 -0.0393829345703125
0.228164672851562 0.003814697265625 0.0342063903808594 -0.0496139526367188
0.20184326171875 0.00213623046875 -0.017303466796875 -0.0358543395996094
0.233078002929688 0.01092529296875 -0.0628547668457031 -0.0201911926269531
0.227706909179688 0.0731353759765625 -0.0943679809570312 -0.0373992919921875
0.16705322265625 0.1590576171875 -0.140380859375 -0.0562057495117187
0.103469848632813 0.18194580078125 -0.142959594726562 -0.10882568359375
0.00111389160156249 0.163070678710938 -0.113327026367187 -0.185409545898437
0.0537567138671875 0.143341064453125 -0.0189056396484375 -0.16949462890625
0.105560302734375 0.190704345703125 -0.0336017608642578 0.0110950469970703
0.122879028320313 0.190292358398438 0.0543556213378906 0.0655632019042969
0.0815277099609375 0.0954666137695313 0.024627685546875 0.257843017578125
0.0067901611328125 0.132377624511719 0.1207275390625 0.24761962890625
0.049896240234375 0.174331665039062 0.184112548828125 0.13519287109375
0.112060546875 0.151397705078125 0.104423522949219 0.00378417968750001
0.198318481445312 0.08721923828125 0.0214309692382813 -0.0482940673828125
0.202774047851563 -0.00091552734375 -0.0468368530273437 -0.033477783203125
0.183197021484375 -0.0060882568359375 -0.0936203002929687 -0.00874328613281249
0.2154541015625 -0.000732421875 -0.139251708984375 0.00107574462890625
0.219833374023438 0.0546722412109375 -0.163894653320312 -0.0383148193359375
0.171829223632813 0.14495849609375 -0.180465698242188 -0.0688781738281249
0.111907958984375 0.181732177734375 -0.141921997070312 -0.115554809570313
-0.00912475585937501 0.1766357421875 -0.0829315185546875 -0.154022216796875
0.024749755859375 0.14617919921875 0.0107879638671875 -0.0940017700195312
0.078704833984375 0.180862426757813 -0.0121841430664062 0.0985183715820313
0.104522705078125 0.142471313476563 0.0883407592773437 0.129966735839844
0.08502197265625 0.0614013671875 0.035430908203125 0.314788818359375
0.0177841186523438 0.0763778686523438 0.135498046875 0.2843017578125
0.0346908569335938 0.107749938964844 0.19171142578125 0.1429443359375
0.0766983032226563 0.0986557006835938 0.0925750732421875 -0.0121078491210937
0.14239501953125 0.0579376220703125 -0.0292129516601562 -0.0532073974609375
0.146575927734375 -0.0089874267578125 -0.111259460449219 -0.0167922973632813
0.137016296386719 -0.0152587890625 -0.155441284179688 0.019561767578125
0.163848876953125 -0.011016845703125 -0.202316284179688 0.0258026123046875
0.170364379882813 0.0323333740234375 -0.223373413085938 -0.032745361328125
0.138511657714844 0.108108520507812 -0.214675903320313 -0.0748138427734375
0.093353271484375 0.145263671875 -0.146347045898438 -0.121551513671875
-0.0153656005859375 0.150634765625 -0.0602645874023438 -0.131690979003906
0.00183868408203126 0.121971130371094 0.0318984985351563 -0.0284976959228516
0.0449981689453125 0.145492553710938 -0.000701904296875003 0.1729736328125
0.0552902221679687 0.0708465576171875 0.117340087890625 0.173507690429688
0.0518341064453125 0.0228271484375 0.045257568359375 0.347930908203125
0.0156383514404297 0.0301704406738281 0.14312744140625 0.30780029296875
0.0227508544921875 0.0458488464355469 0.1951904296875 0.149429321289063
0.0435104370117188 0.0383834838867188 0.0878753662109375 -0.0189437866210937
0.0731964111328125 0.0185775756835938 -0.0601959228515625 -0.0507125854492188
0.0705032348632813 -0.0172882080078125 -0.14990234375 0.000396728515624969
0.0683860778808594 -0.022247314453125 -0.192779541015625 0.04510498046875
0.0869674682617188 -0.0174179077148438 -0.24371337890625 0.0476837158203125
0.0900726318359375 0.00643157958984375 -0.265914916992187 -0.0240936279296875
0.0766448974609375 0.0531692504882813 -0.237442016601563 -0.0760650634765625
0.0540008544921875 0.0783920288085938 -0.152389526367188 -0.122711181640625
-0.0140838623046875 0.0877532958984375 -0.05047607421875 -0.118133544921875
-0.00595474243164063 0.0700645446777344 0.0401573181152344 0.0139808654785156
0.0159225463867187 0.0890731811523438 0.00306701660156252 0.22235107421875
-0.00731086730957031 0.0210494995117188 -0.0375823974609375 -0.21844482421875
-0.00556468963623047 -0.00258255004882813 -0.0479545593261719 -0.0380210876464844
-5.43594360351559E-05 0.0125713348388672 0.0396957397460937 0.13140869140625
0.000990867614746095 0.0132684707641602 0.170089721679688 0.155807495117188
-0.00636959075927734 0.0147676467895508 0.245086669921875 0.0889129638671875
-0.00408744812011719 0.0222702026367188 0.29052734375 -0.020904541015625
0.00890636444091797 0.0136575698852539 0.263351440429688 -0.100677490234375
0.00367355346679688 0.0155715942382812 0.201690673828125 -0.0874786376953125
-0.000194549560546875 0.0233955383300781 0.14593505859375 -0.0314483642578125
-0.0122184753417969 0.0227680206298828 0.0541915893554688 0.0207977294921875
-0.0150947570800781 -0.00112056732177735 -0.0864486694335938 0.0132980346679688
0.00042867660522461 -0.00806188583374023 -0.189544677734375 -0.120361328125
0.00760746002197266 0.0134572982788086 -0.15869140625 -0.3447265625
-0.00146675109863281 0.0144729614257813 -0.09124755859375 -0.3809814453125
-0.0176849365234375 0.000862121582031254 -0.140487670898438 -0.210098266601562
0.0268936157226563 0.0955123901367188 -0.032928466796875 -0.201187133789063
-0.00437545776367188 0.0632781982421875 -0.0355567932128906 -0.0186882019042969
-0.0035400390625 0.110298156738281 0.045379638671875 0.13385009765625
0.0450286865234375 0.110816955566406 0.175872802734375 0.151199340820313
0.068603515625 0.0808486938476563 0.233657836914063 0.08038330078125
0.0977249145507813 0.0447616577148438 0.272430419921875 -0.0298919677734375
0.100067138671875 0.00350189208984375 0.241912841796875 -0.104156494140625
0.0833511352539063 0.01007080078125 0.178176879882813 -0.0932769775390625
0.0897293090820313 0.0228805541992188 0.12628173828125 -0.0411834716796875
0.0671806335449219 0.0514640808105469 0.0474128723144531 0.0076446533203125
0.0324249267578125 0.0576515197753906 -0.0849151611328125 0.00547790527343749
0.0232467651367187 0.0415496826171875 -0.185836791992188 -0.111236572265625
0.0216598510742188 0.0434455871582031 -0.17205810546875 -0.317169189453125
0.0525894165039063 0.0561981201171875 -0.096771240234375 -0.36334228515625
0.0565567016601563 0.0724868774414063 -0.131729125976562 -0.1954345703125
0.062957763671875 0.1558837890625 -0.0233154296875 -0.155517578125
0.00420379638671874 0.111503601074219 -0.0189666748046875 0.0319576263427734
-0.0049285888671875 0.183929443359375 0.0602264404296875 0.147384643554687
0.079345703125 0.189895629882813 0.18035888671875 0.142257690429688
0.129142761230469 0.137321472167969 0.20794677734375 0.065582275390625
0.183609008789063 0.063751220703125 0.226394653320313 -0.036224365234375
0.175888061523437 -0.0054779052734375 0.19073486328125 -0.0951995849609375
0.150192260742188 0.0027923583984375 0.128913879394531 -0.085693359375
0.167068481445313 0.016326904296875 0.0800094604492188 -0.0432357788085938
0.144485473632813 0.0684967041015625 0.0185737609863281 -0.009918212890625
0.0882034301757813 0.109260559082031 -0.0911331176757812 -0.01055908203125
0.0522308349609375 0.0968704223632813 -0.17547607421875 -0.10028076171875
0.0249404907226562 0.0810623168945313 -0.1746826171875 -0.2720947265625
0.0836563110351563 0.0901947021484375 -0.08978271484375 -0.317718505859375
0.109619140625 0.130668640136719 -0.10504150390625 -0.14764404296875
0.101547241210938 0.19427490234375 -0.00628662109375 -0.0892410278320312
0.0291290283203125 0.128776550292969 0.00106811523437501 0.10552978515625
-0.00143432617187499 0.21221923828125 0.0861358642578125 0.172271728515625
0.093292236328125 0.231704711914063 0.185897827148438 0.13104248046875
0.160903930664062 0.172195434570312 0.170761108398438 0.0447998046875
0.235137939453125 0.0787811279296875 0.161392211914063 -0.0400543212890625
0.223480224609375 -0.010772705078125 0.116600036621094 -0.0760650634765625
0.19305419921875 -0.00433349609375 0.0586700439453125 -0.0653572082519531
0.22088623046875 0.006072998046875 0.0130023956298828 -0.0349750518798828
0.20697021484375 0.0703887939453125 -0.032379150390625 -0.0250911712646484
0.144149780273437 0.143997192382813 -0.11236572265625 -0.0316543579101563
0.08709716796875 0.148941040039063 -0.162628173828125 -0.097808837890625
0.019317626953125 0.127540588378906 -0.15850830078125 -0.224197387695312
0.0854873657226563 0.121131896972656 -0.066192626953125 -0.253021240234375
0.1309814453125 0.171463012695313 -0.069732666015625 -0.0746383666992187
0.131790161132813 0.205230712890625 0.0208187103271484 -0.0127811431884766
0.0613632202148437 0.119338989257812 0.02252197265625 0.188262939453125
0.00473022460937501 0.191696166992188 0.115371704101562 0.2083740234375
0.0842437744140625 0.2259521484375 0.190597534179688 0.12646484375
0.157150268554687 0.177749633789063 0.133865356445312 0.0211410522460938
0.244659423828125 0.0850830078125 0.0862579345703125 -0.0437164306640625
0.234420776367188 -0.0136260986328125 0.0305061340332031 -0.0531463623046875
0.206756591796875 -0.0114593505859375 -0.021728515625 -0.0362930297851563
0.240264892578125 -0.0079193115234375 -0.066650390625 -0.0152549743652344
0.240524291992187 0.0572357177734375 -0.100044250488281 -0.031341552734375
0.185272216796875 0.152496337890625 -0.148605346679688 -0.0483245849609375
0.12091064453125 0.180694580078125 -0.154800415039063 -0.101318359375
0.0126800537109375 0.169403076171875 -0.128372192382813 -0.181671142578125
0.0644683837890625 0.14385986328125 -0.0329437255859375 -0.17425537109375
0.1221923828125 0.187301635742188 -0.0334186553955078 0.0126113891601563
0.143295288085938 0.185775756835938 0.0579719543457031 0.0628433227539063
0.0900039672851563 0.0897674560546875 0.0434417724609375 0.263824462890625
0.0170516967773437 0.137504577636719 0.143463134765625 0.247573852539063
0.0637969970703125 0.176620483398438 0.200119018554688 0.125717163085938
0.126617431640625 0.1494140625 0.107475280761719 -0.00167083740234374
0.213226318359375 0.075347900390625 0.0174903869628906 -0.0484428405761719
0.208572387695313 -0.0165252685546875 -0.0506439208984375 -0.030517578125
0.187240600585937 -0.0198822021484375 -0.0978469848632812 -0.00261688232421877
0.220779418945313 -0.0185089111328125 -0.14324951171875 0.01251220703125
0.230697631835937 0.0391845703125 -0.171829223632812 -0.026947021484375
0.189910888671875 0.1365966796875 -0.191604614257812 -0.0582122802734375
0.129440307617188 0.179153442382812 -0.154266357421875 -0.109207153320312
0.00390624999999999 0.185028076171875 -0.094482421875 -0.151275634765625
0.0352630615234375 0.14923095703125 0.0042572021484375 -0.0987167358398437
0.094146728515625 0.1790771484375 -0.00458526611328124 0.100822448730469
0.119972229003906 0.138420104980469 0.097503662109375 0.126502990722656
0.0912094116210937 0.0551528930664062 0.06024169921875 0.32177734375
0.0244522094726562 0.0783615112304688 0.160980224609375 0.283111572265625
0.0435562133789063 0.109725952148438 0.208648681640625 0.132232666015625
0.0860748291015625 0.09686279296875 0.0939102172851563 -0.018646240234375
0.152557373046875 0.0500335693359375 -0.0341033935546875 -0.0504417419433594
0.150131225585938 -0.020355224609375 -0.115394592285156 -0.00903320312499998
0.138031005859375 -0.0259628295898438 -0.158599853515625 0.03076171875
0.166778564453125 -0.024658203125 -0.206344604492188 0.0424957275390625
0.178253173828125 0.0193634033203125 -0.23382568359375 -0.0157928466796875
0.152023315429687 0.10107421875 -0.227203369140625 -0.0618133544921875
0.107101440429688 0.142852783203125 -0.159347534179688 -0.114822387695312
-0.00436401367187499 0.157760620117188 -0.0698699951171875 -0.130592346191406
0.00946807861328124 0.12579345703125 0.0311908721923828 -0.03387451171875
0.058319091796875 0.144851684570313 0.0135040283203125 0.1756591796875
0.0630569458007813 0.06854248046875 0.1314697265625 0.168045043945313
0.0545883178710938 0.0186614990234375 0.07220458984375 0.355560302734375
0.0183296203613281 0.0300064086914063 0.1708984375 0.305999755859375
0.0265846252441406 0.0460128784179687 0.212921142578125 0.137954711914063
0.04681396484375 0.036834716796875 0.088958740234375 -0.025360107421875
0.078369140625 0.0139007568359375 -0.0651779174804688 -0.0463371276855469
0.0714492797851563 -0.0228195190429688 -0.154388427734375 0.0110321044921875
0.0676460266113281 -0.0277252197265625 -0.194839477539062 0.0609893798828125
0.0877761840820313 -0.025634765625 -0.246322631835938 0.0687866210937501
0.093994140625 -0.0001373291015625 -0.2763671875 -0.00459289550781251
0.0837020874023438 0.0491561889648438 -0.250381469726562 -0.0615081787109375
0.0615921020507812 0.07647705078125 -0.165634155273438 -0.11602783203125
-0.00800323486328125 0.0924301147460938 -0.0577926635742188 -0.117362976074219
-0.000816345214843757 0.0729522705078125 0.0433387756347656 0.00926208496093751
0.0235137939453125 0.0888442993164063 0.0210723876953125 0.22625732421875
-0.00475502014160157 0.0213947296142578 -0.0536651611328125 -0.215744018554688
-0.00655031204223633 -0.00316858291625977 -0.0522651672363281 -0.0323982238769531
0.000585556030273439 0.0115623474121094 0.0480194091796875 0.130287170410156
0.00171566009521484 0.0132894515991211 0.18121337890625 0.1468505859375
-0.00520992279052735 0.0169143676757813 0.252243041992188 0.0740966796875
-0.00114059448242187 0.0227622985839844 0.2900390625 -0.038818359375
0.0105476379394531 0.0144109725952148 0.255416870117187 -0.118133544921875
0.00438499450683594 0.0163345336914063 0.194931030273438 -0.100433349609375
0.00156974792480469 0.0232925415039063 0.143692016601563 -0.0415496826171875
-0.0101165771484375 0.0242385864257813 0.0552139282226563 0.0179710388183594
-0.0152931213378906 0.00105094909667969 -0.0844573974609375 0.0200653076171875
-0.000157356262207031 -0.00772953033447266 -0.198089599609375 -0.107315063476562
0.00992679595947266 0.0134372711181641 -0.1827392578125 -0.335205078125
-0.000958442687988281 0.0155477523803711 -0.1185302734375 -0.377532958984375
-0.0184783935546875 0.00230979919433594 -0.1546630859375 -0.199935913085938
0.035125732421875 0.092926025390625 -0.0482940673828125 -0.198699951171875
-0.00109481811523438 0.0623207092285156 -0.0390548706054688 -0.014312744140625
0.0045928955078125 0.110931396484375 0.0538787841796875 0.132789611816406
0.0530624389648438 0.108421325683594 0.186370849609375 0.140792846679688
0.0748138427734375 0.077789306640625 0.239913940429688 0.06719970703125
0.102821350097656 0.0376434326171875 0.270797729492188 -0.0458831787109375
0.10064697265625 -0.00295257568359375 0.23388671875 -0.1204833984375
0.0832138061523438 0.00496673583984375 0.1712646484375 -0.105239868164062
0.091400146484375 0.0165939331054688 0.123245239257813 -0.049591064453125
0.071441650390625 0.0473098754882813 0.0478286743164063 0.0055694580078125
0.0368537902832031 0.056854248046875 -0.0837631225585938 0.0115814208984375
0.0252151489257813 0.0403480529785156 -0.193450927734375 -0.098052978515625
0.0254249572753906 0.0428276062011719 -0.1937255859375 -0.305908203125
0.0563278198242188 0.0530052185058594 -0.122894287109375 -0.358795166015625
0.0601997375488281 0.068389892578125 -0.1446533203125 -0.186203002929688
0.075592041015625 0.150665283203125 -0.0356597900390625 -0.15350341796875
0.0106124877929687 0.10955810546875 -0.0188274383544922 0.0339698791503906
0.00802612304687499 0.185684204101562 0.070159912109375 0.14495849609375
0.0923614501953125 0.185989379882813 0.190261840820312 0.131118774414062
0.139022827148438 0.130241394042969 0.212539672851563 0.053863525390625
0.189498901367188 0.0514373779296875 0.224212646484375 -0.048675537109375
0.1756591796875 -0.017364501953125 0.183502197265625 -0.107650756835938
0.14959716796875 -0.006378173828125 0.121421813964844 -0.0940933227539062
0.168350219726563 0.0039825439453125 0.0769882202148438 -0.0485992431640625
0.150527954101563 0.0583953857421875 0.0181083679199219 -0.0102043151855469
0.0966720581054688 0.104896545410156 -0.0912322998046875 -0.00460052490234374
0.0579910278320313 0.0939178466796875 -0.181503295898438 -0.088409423828125
0.0303955078125 0.0808868408203125 -0.1929931640625 -0.26025390625
0.0897979736328125 0.0855255126953125 -0.112945556640625 -0.31396484375
0.11737060546875 0.123115539550781 -0.115432739257812 -0.1414794921875
0.11663818359375 0.186050415039063 -0.01507568359375 -0.0889205932617187
0.0353775024414063 0.125389099121094 0.00631713867187499 0.106613159179688
0.0133819580078125 0.214920043945313 0.0975189208984375 0.168304443359375
0.110000610351563 0.226654052734375 0.195098876953125 0.120025634765625
0.173690795898438 0.1632080078125 0.174636840820313 0.0357513427734375
0.243728637695313 0.0624847412109375 0.15850830078125 -0.0478057861328125
0.222946166992188 -0.02679443359375 0.111198425292969 -0.0837020874023438
0.1923828125 -0.0162811279296875 0.0531768798828125 -0.0686073303222656
0.221221923828125 -0.0098114013671875 0.010345458984375 -0.0358047485351562
0.213088989257813 0.05584716796875 -0.0335731506347656 -0.0226116180419922
0.155914306640625 0.136199951171875 -0.114242553710937 -0.0242843627929687
0.0972442626953125 0.14447021484375 -0.169036865234375 -0.0868377685546875
0.0273284912109375 0.127723693847656 -0.172592163085938 -0.212905883789063
0.0937042236328125 0.115837097167969 -0.0852203369140625 -0.249832153320312
0.142166137695313 0.161773681640625 -0.0747604370117188 -0.0708236694335937
0.147613525390625 0.195022583007813 0.0172386169433594 -0.0144214630126953
0.0678939819335938 0.113388061523437 0.03375244140625 0.187515258789063
0.017974853515625 0.193435668945313 0.1290283203125 0.202056884765625
0.0996246337890625 0.222549438476563 0.200088500976563 0.113861083984375
0.170425415039063 0.16912841796875 0.136138916015625 0.014678955078125
0.253372192382813 0.0687408447265625 0.0833587646484375 -0.0462875366210937
0.2349853515625 -0.030120849609375 0.0262222290039063 -0.055389404296875
0.205276489257812 -0.0246734619140625 -0.0252342224121094 -0.03460693359375
0.239501953125 -0.025299072265625 -0.0680580139160156 -0.0101547241210938
0.246078491210938 0.0393829345703125 -0.103103637695312 -0.02392578125
0.198593139648438 0.141143798828125 -0.152999877929688 -0.038604736328125
0.133590698242188 0.173568725585938 -0.162155151367188 -0.0911712646484375
0.023406982421875 0.17156982421875 -0.138275146484375 -0.172607421875
0.073883056640625 0.14080810546875 -0.045806884765625 -0.17401123046875
0.134979248046875 0.178756713867188 -0.0326366424560547 0.0142631530761719
0.157745361328125 0.174362182617188 0.059295654296875 0.0580940246582031
0.0941696166992188 0.0822906494140625 0.0597686767578125 0.262466430664062
0.0259780883789062 0.137847900390625 0.1607666015625 0.240142822265625
0.0757598876953125 0.174591064453125 0.209716796875 0.1126708984375
0.137176513671875 0.142822265625 0.107330322265625 -0.00698089599609374
0.221115112304688 0.060760498046875 0.0144615173339844 -0.0470352172851562
0.208084106445313 -0.031646728515625 -0.0539360046386719 -0.0269584655761719
0.18548583984375 -0.03125 -0.0985488891601563 0.00438690185546873
0.219192504882813 -0.03460693359375 -0.14276123046875 0.0232391357421875
0.23443603515625 0.02130126953125 -0.1741943359375 -0.0145111083984375
0.201019287109375 0.124618530273438 -0.196609497070313 -0.04541015625
0.14239501953125 0.171432495117188 -0.162063598632813 -0.099517822265625
0.0163116455078125 0.186996459960938 -0.102386474609375 -0.144989013671875
0.0444183349609375 0.14788818359375 -0.00241851806640625 -0.100898742675781
0.106124877929688 0.17193603515625 0.00252532958984376 0.0998382568359375
0.132194519042969 0.128890991210938 0.103797912597656 0.119346618652344
0.0939178466796875 0.0477676391601563 0.081024169921875 0.318572998046875
0.030059814453125 0.077392578125 0.179901123046875 0.2738037109375
0.0506515502929687 0.108169555664063 0.219268798828125 0.117996215820313
0.092529296875 0.0927505493164062 0.092498779296875 -0.0233306884765625
0.15838623046875 0.0388336181640625 -0.0373954772949219 -0.0463485717773437
0.149658203125 -0.030792236328125 -0.116325378417969 -0.00112915039062501
0.136161804199219 -0.0341033935546875 -0.156875610351563 0.0423431396484375
0.165557861328125 -0.0370330810546875 -0.20263671875 0.0575408935546875
0.179946899414063 0.005859375 -0.235183715820312 0.000732421875000022
0.160659790039063 0.09136962890625 -0.232650756835938 -0.047210693359375
0.117584228515625 0.135902404785156 -0.167678833007813 -0.104751586914063
0.00624084472656251 0.160675048828125 -0.07672119140625 -0.1260986328125
0.0179901123046875 0.126319885253906 0.0295333862304688 -0.0381622314453125
0.0680084228515625 0.139549255371094 0.02545166015625 0.1727294921875
0.0692672729492188 0.0637855529785156 0.1412353515625 0.158966064453125
0.0555496215820313 0.0134963989257812 0.096160888671875 0.350982666015625
0.0205230712890625 0.0287322998046875 0.191314697265625 0.2960205078125
0.0297393798828125 0.0446701049804687 0.223495483398438 0.124313354492188
0.0485954284667969 0.0347557067871094 0.0868148803710938 -0.0309906005859375
0.08111572265625 0.00897216796875 -0.0677871704101563 -0.0400276184082031
0.0705184936523437 -0.027801513671875 -0.153915405273438 0.0217742919921875
0.0651931762695313 -0.0314483642578125 -0.190902709960937 0.073822021484375
0.08551025390625 -0.0321121215820313 -0.241180419921875 0.0861663818359375
0.0943069458007812 -0.00711822509765625 -0.277313232421875 0.0157928466796874
0.0881881713867188 0.0440521240234375 -0.255859375 -0.045166015625
0.0668792724609375 0.072509765625 -0.17340087890625 -0.10565185546875
-0.00140380859374999 0.0947113037109375 -0.0637054443359375 -0.11346435546875
0.00341033935546875 0.0737075805664063 0.0445556640625 0.0035552978515625
0.0298995971679688 0.0865478515625 0.0364990234375 0.222579956054688
-0.00305938720703125 0.0213432312011719 -0.063201904296875 -0.2113037109375
-0.00724220275878906 -0.00317239761352539 -0.0551910400390625 -0.0277900695800781
0.000251770019531249 0.0108566284179688 0.0529861450195313 0.128677368164063
0.00157070159912109 0.0127048492431641 0.187576293945312 0.1397705078125
-0.00427627563476563 0.0179672241210938 0.254623413085938 0.0648345947265625
0.000715255737304687 0.0227508544921875 0.28692626953125 -0.05010986328125
0.0118675231933594 0.0143852233886719 0.248184204101562 -0.128402709960938
0.00434017181396484 0.0168180465698242 0.188919067382813 -0.108139038085937
0.00241851806640625 0.0232372283935547 0.141021728515625 -0.0473480224609375
-0.00859451293945312 0.0246601104736328 0.0556373596191406 0.0173835754394531
-0.0153942108154297 0.00246238708496094 -0.0821151733398438 0.02374267578125
-0.00112676620483398 -0.00788402557373047 -0.201263427734375 -0.098358154296875
0.0114116668701172 0.012965202331543 -0.1964111328125 -0.326690673828125
-0.000125885009765625 0.015716552734375 -0.13458251953125 -0.371002197265625
-0.0202808380126953 0.0038299560546875 -0.161361694335937 -0.192092895507813
0.0399246215820312 0.0901412963867188 -0.05718994140625 -0.194915771484375
6.86645507812524E-05 0.0609092712402344 -0.0414314270019531 -0.0108833312988281
0.00876617431640626 0.110343933105469 0.05877685546875 0.131736755371094
0.0571670532226563 0.105842590332031 0.191787719726562 0.133865356445313
0.07818603515625 0.0752334594726563 0.242218017578125 0.0594940185546875
0.105171203613281 0.032470703125 0.267288208007813 -0.0553131103515625
0.100212097167969 -0.0069122314453125 0.226547241210937 -0.1295166015625
0.0819091796875 0.0028228759765625 0.164657592773437 -0.11151123046875
0.091064453125 0.0120620727539062 0.120353698730469 -0.05462646484375
0.0739517211914063 0.044158935546875 0.0482292175292969 0.00517654418945313
0.0394554138183594 0.0559616088867188 -0.0821533203125 0.0147552490234375
0.0261154174804688 0.0391654968261719 -0.195602416992188 -0.089813232421875
0.027069091796875 0.0418434143066406 -0.20538330078125 -0.2972412109375
0.0583114624023437 0.0509185791015625 -0.139068603515625 -0.353668212890625
0.0618858337402344 0.0653419494628906 -0.15118408203125 -0.179336547851562
0.08306884765625 0.144882202148437 -0.04364013671875 -0.150527954101563
0.0124893188476563 0.107460021972656 -0.0193328857421875 0.0367965698242188
0.016143798828125 0.185882568359375 0.07562255859375 0.142715454101563
0.0998992919921875 0.181747436523438 0.195480346679687 0.123687744140625
0.144683837890625 0.124710083007813 0.214920043945313 0.04754638671875
0.192886352539063 0.042388916015625 0.221893310546875 -0.0550994873046875
0.174530029296875 -0.0247955322265625 0.176773071289063 -0.1142578125
0.147186279296875 -0.011138916015625 0.115737915039063 -0.0983428955078125
0.167221069335938 -0.0042877197265625 0.0738296508789063 -0.0509185791015625
0.152816772460938 0.0520477294921875 0.0185413360595703 -0.00975990295410156
0.101875305175781 0.101455688476563 -0.0908355712890625 -0.000785827636718727
0.0609283447265625 0.0920944213867188 -0.184280395507813 -0.0802001953125
0.0330123901367188 0.0796661376953125 -0.201766967773437 -0.250701904296875
0.092437744140625 0.0820846557617187 -0.127532958984375 -0.308868408203125
0.121627807617188 0.117561340332031 -0.120597839355469 -0.135955810546875
0.125656127929688 0.17828369140625 -0.0207748413085937 -0.0879287719726562
0.0375289916992187 0.121513366699219 0.00940704345703126 0.106437683105469
0.0215301513671875 0.214614868164063 0.103485107421875 0.165817260742188
0.119033813476563 0.22247314453125 0.19903564453125 0.11224365234375
0.1805419921875 0.156768798828125 0.176223754882813 0.03082275390625
0.2469482421875 0.050994873046875 0.15655517578125 -0.051116943359375
0.221725463867188 -0.0360565185546875 0.105903625488281 -0.0877304077148438
0.189956665039063 -0.023162841796875 0.04888916015625 -0.0703964233398438
0.21893310546875 -0.020050048828125 0.00848770141601564 -0.0352325439453125
0.215484619140625 0.0464019775390625 -0.0342750549316406 -0.020538330078125
0.162384033203125 0.129730224609375 -0.114791870117187 -0.0200271606445312
0.102752685546875 0.140731811523438 -0.17071533203125 -0.0791473388671874
0.0321731567382813 0.127716064453125 -0.178512573242188 -0.205123901367188
0.0970611572265625 0.112525939941406 -0.0968475341796875 -0.246017456054687
0.147125244140625 0.1546630859375 -0.0779953002929687 -0.0676727294921875
0.15728759765625 0.185836791992188 0.0141820907592774 -0.0143680572509766
0.069091796875 0.107757568359375 0.0398406982421875 0.186569213867188
0.0253448486328125 0.193939208984375 0.13714599609375 0.197662353515625
0.108932495117188 0.218551635742188 0.204132080078125 0.105300903320313
0.177169799804688 0.16387939453125 0.136322021484375 0.0113143920898438
0.257369995117188 0.056304931640625 0.0813751220703125 -0.0471725463867188
0.232376098632813 -0.040130615234375 0.0231781005859375 -0.0553436279296875
0.20257568359375 -0.032318115234375 -0.027008056640625 -0.0324420928955078
0.236419677734375 -0.036224365234375 -0.0681991577148437 -0.00610351562499999
0.2470703125 0.0275421142578125 -0.103744506835937 -0.019134521484375
0.204742431640625 0.132095336914063 -0.154464721679687 -0.0326690673828125
0.140579223632813 0.168563842773437 -0.164459228515625 -0.0844573974609375
0.030303955078125 0.171646118164063 -0.142913818359375 -0.166061401367187
0.0783462524414063 0.138137817382813 -0.05401611328125 -0.172103881835938
0.141067504882813 0.17181396484375 -0.0323333740234375 0.0146446228027344
0.166046142578125 0.165023803710937 0.0589179992675781 0.0559577941894531
0.0948104858398438 0.07550048828125 0.069244384765625 0.2591552734375
0.0309295654296875 0.137565612792969 0.169265747070313 0.23345947265625
0.082977294921875 0.172561645507813 0.2139892578125 0.102920532226563
0.1434326171875 0.138198852539063 0.106399536132813 -0.00975036621093749
0.224746704101563 0.05023193359375 0.0128669738769531 -0.0455398559570313
0.206161499023438 -0.0397796630859375 -0.0558204650878906 -0.0241165161132812
0.182235717773438 -0.03790283203125 -0.0981979370117187 0.00915527343749998
0.216720581054688 -0.04437255859375 -0.14111328125 0.029815673828125
0.234603881835937 0.010711669921875 -0.174362182617188 -0.00639343261718748
0.207077026367188 0.116195678710938 -0.198043823242188 -0.0381622314453125
0.14935302734375 0.16583251953125 -0.165252685546875 -0.0933074951171875
0.023345947265625 0.187667846679688 -0.104934692382813 -0.140975952148438
0.04925537109375 0.1466064453125 -0.00701904296875 -0.101348876953125
0.112380981445313 0.165359497070313 0.00632476806640626 0.097686767578125
0.137863159179687 0.121246337890625 0.10595703125 0.113723754882813
0.0937118530273438 0.0416183471679688 0.09259033203125 0.31451416015625
0.0317916870117188 0.0761489868164063 0.190567016601563 0.266021728515625
0.0548019409179687 0.106674194335938 0.22381591796875 0.108016967773438
0.0967025756835937 0.0904769897460937 0.0912322998046875 -0.0260391235351562
0.1617431640625 0.0316619873046875 -0.0385856628417969 -0.0426063537597656
0.148040771484375 -0.037628173828125 -0.116836547851562 0.00367736816406249
0.133529663085938 -0.039154052734375 -0.154647827148438 0.0489044189453125
0.162063598632813 -0.0442352294921875 -0.19903564453125 0.066802978515625
0.179718017578125 -0.002716064453125 -0.234207153320313 0.0107574462890625
0.165008544921875 0.0842437744140625 -0.234329223632813 -0.0373992919921875
0.123031616210938 0.130744934082031 -0.170425415039063 -0.0980682373046875
0.0129852294921875 0.161727905273437 -0.0784454345703125 -0.122901916503906
0.0227203369140625 0.125633239746094 0.0277671813964844 -0.0410385131835937
0.0730133056640625 0.134857177734375 0.0324249267578125 0.169296264648438
0.07305908203125 0.0608978271484375 0.143997192382813 0.1510009765625
0.0553092956542969 0.0100517272949219 0.10845947265625 0.3455810546875
0.02178955078125 0.0284671783447266 0.20208740234375 0.287109375
0.03125 0.044525146484375 0.22833251953125 0.11328125
0.0501480102539063 0.0337600708007813 0.0849456787109375 -0.0340957641601563
0.083343505859375 0.0047607421875 -0.0683250427246094 -0.0364913940429688
0.0689163208007813 -0.03076171875 -0.153488159179688 0.027496337890625
0.0633277893066406 -0.033233642578125 -0.18609619140625 0.0816802978515625
0.0834503173828125 -0.0358734130859375 -0.235443115234375 0.097015380859375
0.0942535400390625 -0.0118255615234375 -0.27520751953125 0.028350830078125
0.0900039672851562 0.0407485961914063 -0.257232666015625 -0.0348663330078125
0.06951904296875 0.0689506530761719 -0.176986694335938 -0.0997314453125
0.00254058837890624 0.0949630737304688 -0.0658035278320313 -0.111351013183594
0.00666809082031251 0.0733718872070313 0.0446586608886719 -0.00104141235351562
0.0334625244140625 0.0827713012695313 0.045196533203125 0.216690063476563
-0.00129508972167969 0.0215282440185547 -0.0692291259765625 -0.212051391601562
-0.00838232040405274 -0.00336217880249023 -0.0583152770996094 -0.0244712829589844
-5.6266784667968E-05 0.010432243347168 0.0559921264648437 0.130722045898437
0.00175857543945313 0.0128822326660156 0.193649291992188 0.138381958007813
-0.00304985046386719 0.0191593170166016 0.259933471679688 0.0605621337890625
0.00263595581054688 0.022125244140625 0.289337158203125 -0.05712890625
0.0130090713500977 0.0143880844116211 0.246505737304688 -0.135879516601563
0.00401973724365234 0.0175285339355469 0.18798828125 -0.113372802734375
0.00299263000488281 0.0229034423828125 0.14093017578125 -0.051239013671875
-0.00749015808105468 0.0253391265869141 0.0570640563964844 0.0177154541015625
-0.0163803100585938 0.00288486480712891 -0.0816268920898438 0.0259552001953125
-0.00204563140869141 -0.00792407989501953 -0.205764770507813 -0.0954437255859375
0.0129537582397461 0.0123043060302734 -0.207489013671875 -0.326934814453125
6.67572021484242E-06 0.0157327651977539 -0.1474609375 -0.374267578125
-0.0213642120361328 0.00493240356445312 -0.166549682617187 -0.189773559570313
0.0436859130859375 0.0889511108398438 -0.06292724609375 -0.1947021484375
-0.000488281250000007 0.060882568359375 -0.0436248779296875 -0.00814056396484374
0.0114288330078125 0.111648559570312 0.061737060546875 0.133125305175781
0.0600128173828125 0.105995178222656 0.19781494140625 0.132247924804688
0.0820388793945313 0.0755386352539063 0.246902465820313 0.055908203125
0.1085205078125 0.0293121337890625 0.269683837890625 -0.06072998046875
0.102500915527344 -0.009185791015625 0.224853515625 -0.136337280273437
0.08270263671875 0.001953125 0.163436889648438 -0.116302490234375
0.092437744140625 0.00939178466796875 0.120063781738281 -0.057769775390625
0.0768814086914063 0.0425872802734375 0.0497512817382813 0.00492477416992188
0.0414276123046875 0.0562477111816406 -0.0822982788085938 0.0167694091796875
0.0266494750976563 0.0395660400390625 -0.200286865234375 -0.086212158203125
0.028717041015625 0.042327880859375 -0.21453857421875 -0.296356201171875
0.0601654052734375 0.0502128601074219 -0.150115966796875 -0.355621337890625
0.06304931640625 0.0659217834472656 -0.157089233398437 -0.17730712890625
0.088104248046875 0.141983032226563 -0.0491180419921875 -0.150192260742188
0.0133590698242188 0.107032775878906 -0.0202713012695312 0.0391159057617188
0.020599365234375 0.188980102539063 0.07977294921875 0.144775390625
0.105712890625 0.182830810546875 0.201126098632813 0.121673583984375
0.1510009765625 0.12457275390625 0.21893310546875 0.04541015625
0.197708129882813 0.0363311767578125 0.223678588867187 -0.059234619140625
0.176895141601563 -0.0295867919921875 0.175262451171875 -0.119491577148437
0.1488037109375 -0.0131378173828125 0.114105224609375 -0.102157592773438
0.168624877929687 -0.0084228515625 0.073699951171875 -0.0530929565429688
0.157180786132813 0.0477752685546875 0.0193443298339844 -0.00967979431152344
0.1063232421875 0.10076904296875 -0.0918197631835938 0.00114440917968751
0.0634307861328125 0.0921707153320313 -0.18817138671875 -0.0769500732421875
0.0352935791015625 0.0808792114257813 -0.209060668945313 -0.250091552734375
0.0955734252929687 0.081024169921875 -0.136810302734375 -0.3104248046875
0.124794006347656 0.116531372070313 -0.125068664550781 -0.134368896484375
0.132675170898438 0.174789428710938 -0.0259170532226563 -0.0874404907226562
0.0380706787109375 0.1204833984375 0.00999450683593751 0.109207153320313
0.02679443359375 0.218826293945313 0.108917236328125 0.166732788085938
0.127044677734375 0.2247314453125 0.204254150390625 0.10955810546875
0.187835693359375 0.15655517578125 0.179931640625 0.02947998046875
0.252944946289063 0.043853759765625 0.158126831054688 -0.0536346435546875
0.223526000976563 -0.04241943359375 0.103874206542969 -0.0907669067382813
0.191970825195312 -0.0264434814453125 0.0470962524414063 -0.0719985961914062
0.220779418945312 -0.0261077880859375 0.00811195373535158 -0.0350799560546875
0.219940185546875 0.040008544921875 -0.0346946716308594 -0.0193843841552734
0.168975830078125 0.128585815429688 -0.117134094238281 -0.0178985595703125
0.107192993164063 0.141220092773438 -0.174789428710938 -0.0764617919921875
0.0353851318359375 0.13006591796875 -0.183914184570312 -0.203765869140625
0.100112915039063 0.111740112304688 -0.105392456054688 -0.247314453125
0.152069091796875 0.153289794921875 -0.0809097290039062 -0.0665512084960937
0.164230346679688 0.181381225585938 0.0115442276000977 -0.0152502059936523
0.0693435668945313 0.105476379394531 0.0433197021484375 0.188400268554687
0.030029296875 0.1973876953125 0.143508911132812 0.199264526367188
0.116180419921875 0.221923828125 0.209609985351562 0.10223388671875
0.18499755859375 0.163406372070313 0.13922119140625 0.00965118408203126
0.264190673828125 0.04888916015625 0.0820159912109375 -0.0473175048828125
0.234207153320312 -0.04742431640625 0.0213241577148438 -0.0559844970703125
0.204788208007813 -0.0361785888671875 -0.0284767150878906 -0.0320377349853516
0.238113403320312 -0.0432586669921875 -0.068206787109375 -0.00400924682617189
0.251724243164062 0.0207061767578125 -0.104293823242187 -0.016693115234375
0.213104248046875 0.129745483398438 -0.158248901367187 -0.0295867919921875
0.14727783203125 0.168060302734375 -0.168350219726563 -0.082855224609375
0.034210205078125 0.175491333007813 -0.146408081054688 -0.165481567382813
0.0819625854492187 0.138908386230469 -0.058990478515625 -0.17340087890625
0.145767211914063 0.169784545898437 -0.0329132080078125 0.0151500701904297
0.1732177734375 0.1607666015625 0.058074951171875 0.0550880432128906
0.0945968627929688 0.0720138549804688 0.074005126953125 0.261993408203125
0.0339126586914063 0.140205383300781 0.177459716796875 0.233749389648438
0.088287353515625 0.175323486328125 0.2197265625 0.099212646484375
0.1492919921875 0.138809204101563 0.108787536621094 -0.0116195678710937
0.231338500976562 0.0437469482421875 0.0128097534179688 -0.0442237854003906
0.207855224609375 -0.04669189453125 -0.0578269958496094 -0.0232620239257813
0.184097290039063 -0.0416412353515625 -0.0993499755859375 0.0122909545898437
0.217239379882813 -0.0509490966796875 -0.14117431640625 0.0341949462890625
0.238067626953125 0.0030670166015625 -0.176116943359375 -0.00234985351562503
0.214401245117188 0.11309814453125 -0.202377319335938 -0.0344085693359375
0.155792236328125 0.16546630859375 -0.169784545898438 -0.091552734375
0.0281219482421875 0.191635131835937 -0.107574462890625 -0.1417236328125
0.0527801513671875 0.14849853515625 -0.00969696044921874 -0.103561401367187
0.116668701171875 0.163528442382813 0.00788116455078126 0.0979461669921875
0.143997192382813 0.118392944335938 0.107894897460938 0.112678527832031
0.0937423706054688 0.0377120971679688 0.099090576171875 0.316162109375
0.0342559814453125 0.0770416259765625 0.19830322265625 0.267135620117188
0.0588150024414063 0.108726501464844 0.230026245117187 0.103485107421875
0.10015869140625 0.0903472900390625 0.09210205078125 -0.0276718139648437
0.166305541992188 0.026824951171875 -0.0390243530273437 -0.0417289733886719
0.148910522460938 -0.041717529296875 -0.119636535644531 0.00662994384765624
0.133720397949219 -0.041717529296875 -0.155029296875 0.0536651611328125
0.162811279296875 -0.0489349365234375 -0.19879150390625 0.0724029541015625
0.182388305664062 -0.0083465576171875 -0.236328125 0.0172882080078125
0.170791625976563 0.0811920166015625 -0.239349365234375 -0.0330657958984375
0.128204345703125 0.129981994628906 -0.175628662109375 -0.09698486328125
0.016937255859375 0.1649169921875 -0.08050537109375 -0.123733520507812
0.0252685546875 0.127639770507813 0.0271720886230469 -0.0444145202636719
0.0765914916992188 0.133293151855469 0.03594970703125 0.168777465820313
0.0764083862304688 0.0588836669921875 0.146682739257813 0.14886474609375
0.0544548034667969 0.00763702392578125 0.1160888671875 0.347747802734375
0.0220527648925781 0.0282096862792969 0.210723876953125 0.287811279296875
0.0330238342285156 0.0449676513671875 0.2349853515625 0.109375
0.0516853332519531 0.0337677001953125 0.0853500366210938 -0.0365982055664063
0.0859909057617188 0.00197601318359375 -0.0690231323242188 -0.0352859497070313
0.0697746276855469 -0.0331306457519531 -0.155548095703125 0.031646728515625
0.0634384155273438 -0.03448486328125 -0.186477661132812 0.0871734619140625
0.083251953125 -0.0386962890625 -0.2342529296875 0.1033935546875
0.0952911376953125 -0.0150680541992188 -0.277099609375 0.0356903076171875
0.0930633544921875 0.0392837524414063 -0.261993408203125 -0.0299530029296876
0.0720138549804688 0.068023681640625 -0.181442260742188 -0.0978851318359375
0.00547790527343749 0.0972747802734375 -0.0672683715820312 -0.112937927246094
0.00814056396484374 0.0741500854492188 0.044952392578125 -0.005218505859375
0.0354995727539063 0.0816726684570313 0.0501708984375 0.216949462890625
0.000164031982421876 0.0214653015136719 -0.077972412109375 -0.218734741210938
-0.00971698760986328 -0.00404167175292969 -0.0622825622558594 -0.0216293334960938
-0.00107288360595703 0.010890007019043 0.0605392456054688 0.136405944824219
0.00170040130615234 0.0135812759399414 0.205078125 0.141159057617187
-0.001922607421875 0.0207595825195313 0.272811889648438 0.0590667724609375
0.00386428833007813 0.0221023559570313 0.299652099609375 -0.0657958984375
0.0147743225097656 0.014704704284668 0.251983642578125 -0.146026611328125
0.00468635559082031 0.0192165374755859 0.192886352539063 -0.123092651367188
0.0033416748046875 0.0235023498535156 0.146026611328125 -0.0567779541015625
-0.00607490539550781 0.0261459350585938 0.0614776611328125 0.0188713073730469
-0.0170364379882813 0.00390911102294922 -0.0839462280273438 0.0296096801757812
-0.0029292106628418 -0.00854969024658203 -0.216842651367188 -0.09527587890625
0.0144052505493164 0.011744499206543 -0.22503662109375 -0.337158203125
-0.00020599365234375 0.0167083740234375 -0.1639404296875 -0.38714599609375
-0.0227622985839844 0.00757026672363282 -0.176589965820313 -0.193756103515625
0.0480194091796875 0.0896835327148437 -0.07073974609375 -0.20111083984375
-0.000957489013671881 0.0624427795410156 -0.0470466613769531 -0.00529098510742187
0.0139083862304687 0.117073059082031 0.06719970703125 0.139076232910156
0.0659332275390625 0.109596252441406 0.209152221679688 0.134552001953125
0.0882720947265625 0.0774383544921875 0.259780883789063 0.0540771484375
0.114524841308594 0.0263824462890625 0.279510498046875 -0.06793212890625
0.106300354003906 -0.01220703125 0.22906494140625 -0.146820068359375
0.0859527587890625 0.00173187255859375 0.166839599609375 -0.124496459960937
0.0961074829101563 0.00716400146484375 0.124008178710937 -0.0625228881835937
0.0821456909179688 0.0424880981445313 0.0536079406738281 0.005126953125
0.0447006225585938 0.0584945678710938 -0.0853958129882813 0.0194015502929688
0.0278511047363281 0.0410308837890625 -0.210189819335937 -0.0852508544921875
0.0314483642578125 0.0425643920898438 -0.2308349609375 -0.304168701171875
0.0637016296386719 0.0506134033203125 -0.1661376953125 -0.366912841796875
0.0666465759277344 0.0683021545410156 -0.16656494140625 -0.1805419921875
0.0958099365234375 0.143646240234375 -0.055694580078125 -0.154998779296875
0.0133819580078125 0.110252380371094 -0.0223274230957031 0.0435714721679688
0.025970458984375 0.19744873046875 0.085479736328125 0.151077270507813
0.11553955078125 0.188812255859375 0.212799072265625 0.123153686523438
0.161788940429688 0.128097534179688 0.23114013671875 0.0434722900390625
0.207687377929688 0.0309600830078125 0.232940673828125 -0.065216064453125
0.183334350585938 -0.0362701416015625 0.17803955078125 -0.128509521484375
0.154312133789063 -0.0155487060546875 0.115371704101563 -0.108955383300781
0.175064086914063 -0.012786865234375 0.0763397216796875 -0.0564956665039063
0.16534423828125 0.0449066162109375 0.0211219787597656 -0.0103321075439453
0.113632202148438 0.103080749511719 -0.0954666137695313 0.00312042236328124
0.067626953125 0.0958023071289063 -0.196945190429687 -0.075897216796875
0.0387115478515625 0.0834808349609375 -0.22320556640625 -0.25616455078125
0.101455688476562 0.0815200805664063 -0.151947021484375 -0.32061767578125
0.132080078125 0.118675231933594 -0.133331298828125 -0.136497497558594
0.141693115234375 0.17572021484375 -0.029998779296875 -0.089385986328125
0.0385360717773437 0.123451232910156 0.0114974975585937 0.114822387695313
0.034637451171875 0.229156494140625 0.117202758789063 0.173660278320313
0.13861083984375 0.23309326171875 0.216049194335937 0.110122680664063
0.201385498046875 0.15997314453125 0.189620971679688 0.027984619140625
0.266281127929687 0.036865234375 0.164108276367188 -0.0569915771484375
0.232498168945313 -0.050689697265625 0.105506896972656 -0.096099853515625
0.199188232421875 -0.030487060546875 0.0468902587890625 -0.0760574340820313
0.228561401367188 -0.0333251953125 0.00831222534179689 -0.0367507934570313
0.231338500976562 0.0347900390625 -0.0350608825683594 -0.0194110870361328
0.180892944335938 0.130111694335938 -0.122848510742187 -0.0156173706054687
0.11505126953125 0.145980834960938 -0.18359375 -0.0763092041015625
0.0395965576171875 0.135452270507813 -0.194381713867188 -0.208602905273438
0.106826782226563 0.114402770996094 -0.1168212890625 -0.255325317382813
0.161102294921875 0.155960083007813 -0.085662841796875 -0.0667343139648437
0.1761474609375 0.182052612304688 0.00920486450195314 -0.0152883529663086
0.0703964233398437 0.106292724609375 0.0472564697265625 0.196945190429688
0.0361175537109375 0.206634521484375 0.154312133789063 0.205963134765625
0.127883911132813 0.230239868164063 0.221038818359375 0.10198974609375
0.19805908203125 0.168075561523438 0.14642333984375 0.00863647460937501
0.278274536132813 0.0417938232421875 0.0857009887695313 -0.049530029296875
0.243331909179688 -0.0555267333984375 0.019866943359375 -0.05853271484375
0.212753295898438 -0.0415191650390625 -0.0304164886474609 -0.0323944091796875
0.247085571289063 -0.051055908203125 -0.0708999633789062 -0.00225067138671876
0.262664794921875 0.0133056640625 -0.108291625976562 -0.014678955078125
0.226852416992188 0.130599975585938 -0.166259765625 -0.0273895263671875
0.157455444335938 0.172698974609375 -0.177230834960938 -0.081817626953125
0.0399627685546875 0.183639526367188 -0.153839111328125 -0.170257568359375
0.08795166015625 0.143310546875 -0.0658111572265625 -0.180404663085938
0.154556274414063 0.173065185546875 -0.0342998504638672 0.0169715881347656
0.184860229492188 0.161224365234375 0.0590705871582031 0.0560417175292969
0.0976409912109375 0.0708999633789063 0.0818023681640625 0.272201538085938
0.0384674072265625 0.146987915039062 0.189498901367187 0.242599487304687
0.097015380859375 0.181777954101563 0.232162475585937 0.0977935791015625
0.160308837890625 0.143112182617188 0.114028930664063 -0.0134429931640625
0.244125366210937 0.0379791259765625 0.0129661560058594 -0.044921875
0.215911865234375 -0.0545501708984375 -0.0618019104003906 -0.0226097106933594
0.191680908203125 -0.047149658203125 -0.103446960449219 0.0148391723632812
0.225372314453125 -0.0582122802734375 -0.145538330078125 0.0395965576171875
0.248001098632812 -0.0043487548828125 -0.1834716796875 0.00155639648437503
0.227203369140625 0.112640380859375 -0.212905883789062 -0.030975341796875
0.166839599609375 0.16943359375 -0.178573608398437 -0.0916748046875
0.034515380859375 0.200851440429688 -0.113082885742187 -0.145919799804688
0.0580902099609375 0.153900146484375 -0.0132522583007812 -0.109306335449219
0.123794555664063 0.16693115234375 0.0104293823242188 0.101272583007813
0.153366088867188 0.118148803710937 0.11175537109375 0.115074157714844
0.0960540771484375 0.03460693359375 0.1094970703125 0.328857421875
0.0370941162109375 0.0801773071289063 0.212982177734375 0.275009155273438
0.063568115234375 0.113037109375 0.24261474609375 0.101348876953125
0.107925415039062 0.0931777954101562 0.0960845947265625 -0.0308761596679687
0.176422119140625 0.022674560546875 -0.0413169860839843 -0.0417213439941406
0.154617309570312 -0.0483551025390625 -0.125480651855469 0.010223388671875
0.139030456542969 -0.0451507568359375 -0.159820556640625 0.0591888427734375
0.167938232421875 -0.05462646484375 -0.204696655273438 0.08050537109375
0.18975830078125 -0.0146331787109375 -0.245925903320313 0.024505615234375
0.180557250976563 0.0814666748046875 -0.251022338867188 -0.0286712646484375
0.137557983398438 0.132820129394531 -0.185531616210938 -0.0978851318359375
0.02191162109375 0.172821044921875 -0.083953857421875 -0.128616333007813
0.0295639038085938 0.132431030273437 0.02740478515625 -0.0485153198242187
0.0814743041992188 0.136001586914063 0.04058837890625 0.173416137695313
0.0815505981445313 0.0589752197265625 0.153717041015625 0.151107788085938
0.0555152893066406 0.00464630126953125 0.127349853515625 0.360931396484375
0.0241718292236328 0.0298576354980469 0.225738525390625 0.29632568359375
0.0364036560058594 0.0471687316894531 0.248428344726562 0.106582641601562
0.0557670593261719 0.0352821350097656 0.0886688232421875 -0.0398406982421875
0.0915908813476563 -0.00162506103515625 -0.0718460083007812 -0.035064697265625
0.0721893310546875 -0.0358963012695313 -0.162490844726563 0.036468505859375
0.0657463073730469 -0.0359153747558594 -0.191909790039063 0.0946197509765625
0.0850448608398437 -0.04205322265625 -0.2406005859375 0.113494873046875
0.0985488891601563 -0.01898193359375 -0.286895751953125 0.044342041015625
0.0987319946289063 0.0386734008789063 -0.274185180664063 -0.025299072265625
0.07696533203125 0.0692291259765625 -0.190933227539062 -0.099853515625
0.00829315185546876 0.101531982421875 -0.0708541870117187 -0.117996215820313
0.0102386474609375 0.0765380859375 0.0465354919433594 -0.00884628295898437
0.0380706787109375 0.0833892822265625 0.0560150146484375 0.222457885742188
0.00151252746582031 0.0220947265625 -0.0933074951171875 -0.22882080078125
-0.011235237121582 -0.00429630279541015 -0.0677833557128906 -0.0175361633300781
-0.000997543334960938 0.011444091796875 0.0702362060546875 0.144454956054688
0.00191020965576172 0.0144720077514648 0.225341796875 0.141448974609375
0.000108718872070313 0.0222549438476563 0.293792724609375 0.050689697265625
0.00530624389648438 0.0216560363769531 0.315277099609375 -0.0836181640625
0.0172719955444336 0.0136585235595703 0.258697509765625 -0.167266845703125
0.00619888305664062 0.0213966369628906 0.19757080078125 -0.139617919921875
0.00472450256347656 0.0249710083007812 0.1524658203125 -0.06732177734375
-0.00484275817871094 0.0273342132568359 0.067962646484375 0.0181465148925781
-0.0185489654541016 0.0061187744140625 -0.0874404907226562 0.0361480712890625
-0.00441169738769531 -0.00916671752929688 -0.235763549804688 -0.0908660888671875
0.0172176361083984 0.0107288360595703 -0.257965087890625 -0.347198486328125
0.000745773315429689 0.0181217193603516 -0.19378662109375 -0.402984619140625
-0.02362060546875 0.0109596252441406 -0.195541381835938 -0.197433471679687
0.0557098388671875 0.091278076171875 -0.0851898193359375 -0.209304809570313
-0.0002899169921875 0.0653953552246094 -0.0514602661132813 -0.000286102294921877
0.0209426879882812 0.123443603515625 0.07763671875 0.146957397460938
0.0753555297851563 0.113983154296875 0.229415893554688 0.1336669921875
0.0990066528320313 0.078704833984375 0.280120849609375 0.0460662841796875
0.123428344726562 0.0203781127929687 0.29412841796875 -0.084991455078125
0.113655090332031 -0.0193328857421875 0.23614501953125 -0.165359497070313
0.09228515625 -0.00128936767578125 0.170364379882813 -0.140487670898438
0.102149963378906 0.0029144287109375 0.1295166015625 -0.0724868774414063
0.0893936157226563 0.0398330688476563 0.0586471557617188 0.00306320190429688
0.0502090454101563 0.0600166320800781 -0.0888595581054687 0.026031494140625
0.0307807922363281 0.0425949096679688 -0.22882080078125 -0.0802459716796875
0.0358123779296875 0.0427513122558594 -0.2607421875 -0.312744140625
0.0699691772460937 0.0505256652832031 -0.195159912109375 -0.381805419921875
0.0739898681640625 0.0704803466796875 -0.184829711914062 -0.1837158203125
0.108917236328125 0.145477294921875 -0.0676422119140625 -0.160842895507813
0.0154571533203125 0.115226745605469 -0.0222625732421875 0.0493850708007813
0.0377349853515625 0.20947265625 0.0982208251953125 0.159698486328125
0.1331787109375 0.196044921875 0.231689453125 0.121627807617188
0.180007934570313 0.128494262695313 0.248947143554688 0.03643798828125
0.222610473632813 0.0206298828125 0.24517822265625 -0.07867431640625
0.193435668945313 -0.04803466796875 0.182464599609375 -0.143142700195313
0.164154052734375 -0.0229644775390625 0.117225646972656 -0.12054443359375
0.185195922851562 -0.0226898193359375 0.0790176391601563 -0.063751220703125
0.17803955078125 0.0391082763671875 0.0237712860107422 -0.011688232421875
0.127189636230469 0.104721069335938 -0.100837707519531 0.00842285156250001
0.075714111328125 0.0995101928710937 -0.213394165039062 -0.07098388671875
0.044677734375 0.08697509765625 -0.249221801757812 -0.261428833007813
0.11199951171875 0.0816650390625 -0.178619384765625 -0.333282470703125
0.1455078125 0.120254516601563 -0.147720336914063 -0.138290405273438
0.159164428710938 0.176605224609375 -0.037689208984375 -0.0923538208007812
0.0427398681640625 0.128044128417969 0.0159149169921875 0.124015808105469
0.0476837158203125 0.24395751953125 0.133041381835938 0.180999755859375
0.16070556640625 0.24200439453125 0.2353515625 0.107147216796875
0.224212646484375 0.16131591796875 0.203887939453125 0.0221099853515625
0.285736083984375 0.0230712890625 0.172698974609375 -0.0675048828125
0.243759155273438 -0.0668182373046875 0.106681823730469 -0.106719970703125
0.21142578125 -0.0412750244140625 0.0459442138671875 -0.0827484130859375
0.241195678710938 -0.0474090576171875 0.00749969482421876 -0.0391769409179688
0.246780395507813 0.0240020751953125 -0.0360527038574219 -0.0192222595214844
0.199859619140625 0.129669189453125 -0.131507873535156 -0.010406494140625
0.129425048828125 0.151397705078125 -0.198959350585938 -0.0722351074218749
0.048370361328125 0.143341064453125 -0.216293334960938 -0.213516235351563
0.118606567382813 0.1158447265625 -0.136642456054688 -0.265975952148438
0.177291870117188 0.158309936523438 -0.0943756103515625 -0.0659866333007813
0.195587158203125 0.182113647460938 0.00741195678710939 -0.015533447265625
0.0757064819335938 0.107994079589844 0.0584716796875 0.209060668945313
0.0482940673828125 0.220535278320313 0.175094604492188 0.21392822265625
0.148880004882813 0.240554809570313 0.240509033203125 0.0971832275390625
0.221023559570313 0.170806884765625 0.157821655273437 0.00302124023437501
0.2989501953125 0.028564453125 0.0895767211914063 -0.0557479858398438
0.256103515625 -0.0729827880859375 0.0183258056640625 -0.0620193481445313
0.22491455078125 -0.053192138671875 -0.0339336395263672 -0.0332298278808594
0.259552001953125 -0.0660858154296875 -0.0743560791015625 0.001190185546875
0.278823852539063 -0.0002593994140625 -0.115028381347656 -0.0106048583984375
0.249114990234375 0.127548217773438 -0.17913818359375 -0.021240234375
0.176559448242187 0.1776123046875 -0.192092895507813 -0.0794830322265625
0.0516357421875 0.194732666015625 -0.170089721679688 -0.174301147460937
0.100326538085937 0.1470947265625 -0.0794677734375 -0.188980102539062
0.172134399414063 0.176742553710937 -0.0352706909179687 0.0202407836914063
0.2042236328125 0.159881591796875 0.0634307861328125 0.0573577880859375
0.102493286132813 0.0685882568359375 0.098388671875 0.28704833984375
0.047821044921875 0.15472412109375 0.21417236328125 0.250961303710938
0.113815307617188 0.191177368164063 0.2518310546875 0.0924530029296875
0.17926025390625 0.146102905273438 0.121353149414063 -0.0193710327148437
0.262527465820312 0.0255126953125 0.0128250122070313 -0.0480194091796875
0.226913452148438 -0.06988525390625 -0.0665931701660156 -0.0189933776855469
0.201980590820313 -0.0580902099609375 -0.109024047851562 0.0207366943359375
0.2353515625 -0.073272705078125 -0.152191162109375 0.0491180419921875
0.262466430664062 -0.0190887451171875 -0.193588256835937 0.010101318359375
0.249343872070313 0.108383178710938 -0.228530883789062 -0.0225982666015625
0.186294555664062 0.173080444335937 -0.194854736328125 -0.08984375
0.0464935302734375 0.213516235351563 -0.125717163085937 -0.151763916015625
0.0688934326171875 0.160995483398438 -0.0190963745117188 -0.116218566894531
0.139205932617188 0.170913696289063 0.0156631469726563 0.107658386230469
0.168930053710938 0.116455078125 0.121696472167969 0.117141723632813
0.100486755371094 0.0303878784179687 0.130035400390625 0.3458251953125
0.0434341430664063 0.0841751098632813 0.23992919921875 0.28582763671875
0.0747604370117187 0.118499755859375 0.26385498046875 0.0951080322265625
0.119674682617188 0.0959243774414063 0.100975036621094 -0.0378265380859375
0.189682006835937 0.012481689453125 -0.0450401306152344 -0.0425224304199219
0.162063598632813 -0.0599517822265625 -0.133537292480469 0.018157958984375
0.14630126953125 -0.0543060302734375 -0.1669921875 0.070159912109375
0.175323486328125 -0.066680908203125 -0.211517333984375 0.0952301025390624
0.199798583984375 -0.026611328125 -0.258544921875 0.0371246337890625
0.1973876953125 0.07763671875 -0.268829345703125 -0.0179748535156249
0.1527099609375 0.134490966796875 -0.202056884765625 -0.0964202880859375
0.0318145751953125 0.183242797851562 -0.0936660766601563 -0.135513305664062
0.0368499755859375 0.138778686523438 0.0256919860839844 -0.0545272827148437
0.0926589965820313 0.139823913574219 0.0503692626953125 0.182510375976563
0.0896224975585938 0.05804443359375 0.16748046875 0.154281616210937
0.0568428039550781 0.00146865844726563 0.151123046875 0.379150390625
0.0267314910888672 0.0303707122802734 0.2542724609375 0.3072509765625
0.0418243408203125 0.0493927001953125 0.270492553710938 0.100250244140625
0.0616111755371094 0.0351943969726563 0.0931167602539063 -0.0480804443359375
0.0979461669921875 -0.008392333984375 -0.0770645141601563 -0.0340728759765625
0.0758132934570313 -0.04290771484375 -0.17230224609375 0.0474700927734375
0.0690956115722656 -0.0409698486328125 -0.199050903320313 0.109878540039062
0.0882339477539063 -0.04833984375 -0.24871826171875 0.131576538085937
0.103546142578125 -0.026214599609375 -0.30120849609375 0.06036376953125
0.107566833496094 0.0359420776367187 -0.2923583984375 -0.013885498046875
0.084381103515625 0.0697860717773438 -0.208114624023437 -0.0982513427734375
0.0144577026367188 0.107551574707031 -0.0791549682617188 -0.12506103515625
0.0141525268554687 0.0802230834960938 0.0482864379882813 -0.014862060546875
0.0436325073242187 0.086090087890625 0.06878662109375 0.232254028320313
0.00454139709472656 0.0225009918212891 -0.117767333984375 -0.23358154296875
-0.0132417678833008 -0.00353527069091797 -0.0732421875 -0.00977325439453126
-0.000117301940917969 0.0117645263671875 0.0864715576171875 0.1494140625
0.00313282012939453 0.0152263641357422 0.251434326171875 0.131851196289063
0.00329399108886719 0.0233173370361328 0.3167724609375 0.030242919921875
0.007049560546875 0.0209331512451172 0.32568359375 -0.114227294921875
0.0199432373046875 0.0120811462402344 0.259353637695313 -0.197265625
0.00913047790527344 0.0227375030517578 0.19659423828125 -0.163604736328125
0.00715446472167969 0.0262069702148438 0.15631103515625 -0.083953857421875
-0.00282478332519531 0.0291519165039063 0.0756454467773438 0.0144500732421875
-0.0193691253662109 0.00877761840820313 -0.0887374877929688 0.0462646484375
-0.00579833984375 -0.00943279266357422 -0.258956909179688 -0.0760345458984375
0.0193672180175781 0.00870704650878906 -0.303955078125 -0.346405029296875
0.00233268737792969 0.0200023651123047 -0.24090576171875 -0.410369873046875
-0.0238246917724609 0.0153293609619141 -0.221542358398437 -0.192459106445313
0.0663681030273438 0.0899810791015625 -0.10736083984375 -0.214126586914063
0.00305938720703126 0.069549560546875 -0.0547904968261719 0.00655746459960938
0.0328216552734375 0.129570007324219 0.0947723388671875 0.152099609375
0.0905838012695313 0.114547729492187 0.25543212890625 0.123336791992188
0.113739013671875 0.0749740600585938 0.30181884765625 0.027069091796875
0.132049560546875 0.008758544921875 0.304718017578125 -0.113677978515625
0.118553161621094 -0.0310592651367188 0.2347412109375 -0.193511962890625
0.0982208251953125 -0.0084075927734375 0.167984008789063 -0.16339111328125
0.108512878417969 -0.00604248046875 0.1319580078125 -0.0872726440429688
0.0984344482421875 0.0336151123046875 0.0646476745605469 -0.00126266479492187
0.0582847595214844 0.0607757568359375 -0.0913162231445313 0.035308837890625
0.0345535278320313 0.0429344177246094 -0.24951171875 -0.066192626953125
0.0421333312988281 0.0413703918457031 -0.3037109375 -0.309844970703125
0.0785980224609375 0.047607421875 -0.239837646484375 -0.387451171875
0.0848464965820313 0.06988525390625 -0.20947265625 -0.179489135742187
0.126541137695313 0.142791748046875 -0.0851287841796875 -0.164199829101563
0.0229263305664063 0.120140075683594 -0.0208053588867187 0.0576629638671875
0.0584869384765625 0.21917724609375 0.1181640625 0.16357421875
0.159469604492188 0.197799682617188 0.2569580078125 0.110183715820313
0.202987670898438 0.121337890625 0.267791748046875 0.018646240234375
0.23712158203125 -1.52587890625E-05 0.253097534179688 -0.102767944335938
0.200927734375 -0.0680694580078125 0.180404663085938 -0.16632080078125
0.173248291015625 -0.037200927734375 0.113822937011719 -0.136924743652344
0.194351196289063 -0.0400848388671875 0.0794448852539063 -0.0743026733398438
0.192047119140625 0.02508544921875 0.0264492034912109 -0.0150012969970703
0.143707275390625 0.102188110351563 -0.106101989746094 0.0183486938476563
0.088104248046875 0.100143432617187 -0.232589721679688 -0.056854248046875
0.0549545288085938 0.0885543823242187 -0.28485107421875 -0.2569580078125
0.124664306640625 0.0767364501953125 -0.2174072265625 -0.33831787109375
0.165130615234375 0.116775512695313 -0.16668701171875 -0.133285522460938
0.1826171875 0.170867919921875 -0.048614501953125 -0.0941009521484375
0.0516815185546875 0.131591796875 0.0262374877929688 0.132255554199219
0.07080078125 0.254837036132812 0.1571044921875 0.18426513671875
0.192977905273438 0.244308471679688 0.258544921875 0.0944061279296875
0.253585815429688 0.153091430664063 0.220138549804688 0.00630187988281251
0.30401611328125 -0.00189208984375 0.178787231445313 -0.0847015380859375
0.252685546875 -0.0922088623046875 0.104278564453125 -0.1207275390625
0.221786499023438 -0.05999755859375 0.0409317016601563 -0.0911483764648438
0.251571655273438 -0.0697021484375 0.00597763061523439 -0.0416946411132813
0.263259887695313 0.0030517578125 -0.0392646789550781 -0.0180473327636719
0.224456787109375 0.120895385742188 -0.139915466308594 0.000396728515624996
0.149978637695313 0.150421142578125 -0.2161865234375 -0.060028076171875
0.0625152587890625 0.148956298828125 -0.244888305664062 -0.208358764648438
0.135360717773437 0.112579345703125 -0.167831420898438 -0.27001953125
0.201248168945312 0.153549194335938 -0.104629516601562 -0.0621185302734375
0.221481323242187 0.17413330078125 0.0048198699951172 -0.0157632827758789
0.0839614868164063 0.10772705078125 0.0789031982421875 0.218994140625
0.0697174072265625 0.23065185546875 0.204025268554688 0.215133666992188
0.180038452148437 0.244155883789063 0.264511108398438 0.0832366943359375
0.251708984375 0.163681030273438 0.169647216796875 -0.010528564453125
0.318695068359375 0.001312255859375 0.0914154052734375 -0.0646896362304688
0.264617919921875 -0.09954833984375 0.0143623352050781 -0.0661659240722656
0.235458374023438 -0.0747528076171875 -0.0397567749023437 -0.0320358276367187
0.270034790039063 -0.091796875 -0.07794189453125 0.00794219970703124
0.29522705078125 -0.0255126953125 -0.121665954589844 -0.00301361083984377
0.277175903320313 0.1148681640625 -0.190994262695312 -0.00651550292968747
0.2025146484375 0.175186157226562 -0.209869384765625 -0.068267822265625
0.070587158203125 0.203338623046875 -0.192855834960937 -0.172332763671875
0.118057250976562 0.1480712890625 -0.100067138671875 -0.193405151367188
0.196533203125 0.173370361328125 -0.0350265502929687 0.0251998901367188
0.229476928710938 0.149917602539063 0.0704345703125 0.056671142578125
0.110198974609375 0.0624618530273437 0.128204345703125 0.298919677734375
0.06304931640625 0.161453247070313 0.249298095703125 0.25091552734375
0.138275146484375 0.193878173828125 0.276031494140625 0.0758819580078125
0.204910278320313 0.141342163085938 0.129203796386719 -0.0315093994140625
0.280609130859375 0.00201416015625 0.0107650756835938 -0.0507850646972656
0.234039306640625 -0.0941619873046875 -0.0729217529296875 -0.01422119140625
0.209854125976563 -0.0784454345703125 -0.113555908203125 0.03033447265625
0.24346923828125 -0.0972137451171875 -0.155548095703125 0.0647735595703125
0.274932861328125 -0.043701171875 -0.204177856445313 0.0262451171875
0.274932861328125 0.093780517578125 -0.244232177734375 -0.00386047363281254
0.21295166015625 0.169174194335937 -0.21337890625 -0.0791778564453125
0.0669403076171875 0.223587036132812 -0.1435546875 -0.152740478515625
0.0855865478515625 0.164108276367188 -0.0297470092773438 -0.122520446777344
0.160629272460938 0.169876098632813 0.0257568359375 0.112815856933594
0.188796997070313 0.10797119140625 0.13677978515625 0.114784240722656
0.105476379394531 0.0222625732421875 0.16552734375 0.357330322265625
0.051666259765625 0.0858917236328125 0.280548095703125 0.285247802734375
0.089996337890625 0.120536804199219 0.289031982421875 0.0770263671875
0.137123107910156 0.0930099487304688 0.105133056640625 -0.0498199462890625
0.202072143554688 -0.00494384765625 -0.0502128601074219 -0.0408401489257812
0.166488647460937 -0.0775146484375 -0.140106201171875 0.0316162109375
0.1514892578125 -0.06927490234375 -0.16961669921875 0.0885467529296875
0.180313110351563 -0.0856170654296875 -0.215896606445313 0.118209838867188
0.20782470703125 -0.0458221435546875 -0.269973754882813 0.0600128173828125
0.2166748046875 0.0645599365234375 -0.28643798828125 0.00228881835937499
0.173904418945313 0.131118774414063 -0.222244262695312 -0.08685302734375
0.049652099609375 0.192398071289063 -0.108795166015625 -0.1380615234375
0.0496368408203125 0.143798828125 0.0230064392089844 -0.062591552734375
0.108627319335938 0.139625549316406 0.0680084228515625 0.188217163085937
0.100448608398438 0.0538482666015625 0.187042236328125 0.149993896484375
0.0578231811523438 -0.0044708251953125 0.1898193359375 0.391357421875
0.03070068359375 0.0300655364990234 0.295654296875 0.306549072265625
0.048980712890625 0.0489120483398438 0.2957763671875 0.082122802734375
0.0700836181640625 0.0320549011230469 0.0955963134765625 -0.0598831176757812
0.104026794433594 -0.0198822021484375 -0.0841751098632813 -0.0305557250976562
0.0765762329101563 -0.0536270141601563 -0.179428100585938 0.065521240234375
0.0703048706054688 -0.0487594604492188 -0.201324462890625 0.1324462890625
0.0896453857421875 -0.0589752197265625 -0.251083374023438 0.158966064453125
0.106697082519531 -0.03717041015625 -0.31341552734375 0.0886535644531249
0.118095397949219 0.0293960571289062 -0.310638427734375 0.00927734375000007
0.0955352783203125 0.0672607421875 -0.229156494140625 -0.0883941650390625
0.0241317749023437 0.112815856933594 -0.0929107666015625 -0.129058837890625
0.02105712890625 0.0828475952148438 0.0491409301757813 -0.0228385925292969
0.05224609375 0.0863189697265625 0.09124755859375 0.239990234375
0.00787544250488281 0.0216350555419922 -0.146896362304687 -0.229354858398438
-0.0155305862426758 -0.00262641906738281 -0.0770034790039063 0.000175476074218761
0.000750541687011718 0.0120201110839844 0.105636596679688 0.14764404296875
0.00526237487792969 0.0156717300415039 0.274459838867188 0.110565185546875
0.00706672668457031 0.0230255126953125 0.330413818359375 -0.00201416015625
0.00899505615234375 0.0196781158447266 0.32403564453125 -0.15081787109375
0.0214920043945313 0.00909805297851563 0.246673583984375 -0.229598999023438
0.0127067565917969 0.0227069854736328 0.185348510742188 -0.189773559570313
0.00995826721191406 0.0257930755615234 0.153579711914063 -0.102706909179687
-0.000432968139648439 0.0300350189208984 0.0813827514648438 0.00768280029296875
-0.0190505981445313 0.0118923187255859 -0.086700439453125 0.0577316284179688
-0.00863504409790039 -0.00870609283447265 -0.275848388671875 -0.0511627197265624
0.0215415954589844 0.00578117370605469 -0.35101318359375 -0.324981689453125
0.00478744506835937 0.0209407806396484 -0.29071044921875 -0.397674560546875
-0.02130126953125 0.0197868347167969 -0.246231079101563 -0.17535400390625
0.0786895751953125 0.0838394165039063 -0.133377075195313 -0.210205078125
0.00739288330078124 0.0710830688476563 -0.0563583374023437 0.0156364440917969
0.0466766357421875 0.130355834960938 0.114456176757813 0.150466918945313
0.105934143066406 0.108451843261719 0.276611328125 0.101486206054688
0.126754760742187 0.0655441284179688 0.3150634765625 -0.00311279296875
0.136566162109375 -0.00629425048828125 0.303619384765625 -0.14752197265625
0.120002746582031 -0.0456924438476563 0.222015380859375 -0.222946166992187
0.102180480957031 -0.018341064453125 0.15533447265625 -0.1851806640625
0.111991882324219 -0.0173263549804688 0.128341674804688 -0.104911804199219
0.104263305664063 0.0240859985351563 0.0684661865234375 -0.0081634521484375
0.0672531127929688 0.0579338073730469 -0.0901641845703125 0.0467376708984375
0.0398368835449219 0.0420608520507813 -0.265731811523438 -0.040435791015625
0.0469970703125 0.0369529724121094 -0.346649169921875 -0.28753662109375
0.0870590209960938 0.0408706665039063 -0.289215087890625 -0.374969482421875
0.0963363647460938 0.0641860961914062 -0.232864379882813 -0.1629638671875
0.145294189453125 0.132369995117188 -0.105270385742187 -0.159439086914063
0.0321884155273437 0.122352600097656 -0.0149116516113281 0.0644798278808594
0.0827178955078125 0.220504760742188 0.140869140625 0.160232543945313
0.187911987304688 0.187896728515625 0.277725219726563 0.087799072265625
0.225936889648437 0.103927612304687 0.2801513671875 -0.00842285156249999
0.244064331054688 -0.0276336669921875 0.252395629882813 -0.130447387695313
0.199691772460937 -0.0919952392578125 0.169921875 -0.18951416015625
0.1766357421875 -0.05633544921875 0.1021728515625 -0.15350341796875
0.196914672851563 -0.0624542236328125 0.0758438110351563 -0.0845718383789063
0.20001220703125 0.0049591064453125 0.0278415679931641 -0.019287109375
0.161026000976563 0.0909271240234375 -0.106681823730469 0.0304489135742188
0.100593566894531 0.095733642578125 -0.245391845703125 -0.0338439941406249
0.0645294189453125 0.085601806640625 -0.32171630859375 -0.236602783203125
0.137435913085938 0.06536865234375 -0.259674072265625 -0.32598876953125
0.183792114257813 0.104278564453125 -0.184600830078125 -0.119400024414062
0.206375122070313 0.155792236328125 -0.060272216796875 -0.0911712646484375
0.06304931640625 0.131568908691406 0.040863037109375 0.137344360351563
0.100021362304688 0.256820678710938 0.183425903320312 0.177352905273438
0.227157592773438 0.232391357421875 0.277923583984375 0.0712127685546875
0.281158447265625 0.131683349609375 0.229263305664063 -0.0161895751953125
0.31396484375 -0.03741455078125 0.17791748046875 -0.104476928710937
0.251174926757813 -0.122665405273438 0.0952987670898438 -0.134536743164063
0.223556518554688 -0.0851287841796875 0.0327072143554688 -0.0980300903320313
0.253036499023437 -0.099578857421875 0.00271606445312501 -0.0443229675292969
0.271591186523438 -0.0257110595703125 -0.0411300659179687 -0.0150909423828125
0.246963500976563 0.102737426757813 -0.143936157226562 0.015472412109375
0.171539306640625 0.141891479492188 -0.229476928710938 -0.03973388671875
0.07977294921875 0.14825439453125 -0.274795532226563 -0.190826416015625
0.151092529296875 0.101638793945313 -0.2008056640625 -0.261123657226563
0.225112915039063 0.137741088867188 -0.113311767578125 -0.051513671875
0.246810913085938 0.154647827148438 0.00265026092529298 -0.0159406661987305
0.0932388305664063 0.102561950683594 0.103729248046875 0.220718383789063
0.095489501953125 0.232818603515625 0.236236572265625 0.203842163085938
0.21435546875 0.23394775390625 0.282318115234375 0.0570068359375
0.280105590820313 0.142715454101563 0.174560546875 -0.0284271240234375
0.329437255859375 -0.03564453125 0.0899505615234375 -0.07598876953125
0.26226806640625 -0.131790161132813 0.00780868530273438 -0.0686836242675781
0.236251831054688 -0.101577758789063 -0.0444526672363281 -0.0284538269042969
0.26983642578125 -0.123214721679688 -0.07904052734375 0.015472412109375
0.30010986328125 -0.059356689453125 -0.125831604003906 0.00868988037109372
0.300567626953125 0.090057373046875 -0.197830200195312 0.0129547119140625
0.229461669921875 0.161514282226563 -0.222457885742187 -0.0494232177734375
0.0940399169921875 0.2044677734375 -0.21563720703125 -0.159469604492187
0.137229919433594 0.139686584472656 -0.123062133789063 -0.190139770507813
0.221603393554688 0.157608032226563 -0.0326709747314453 0.0294609069824219
0.2525634765625 0.129913330078125 0.0770416259765625 0.0508956909179688
0.114669799804688 0.0528945922851563 0.1622314453125 0.297332763671875
0.0819854736328125 0.161422729492188 0.286590576171875 0.235504150390625
0.165603637695313 0.186782836914063 0.293975830078125 0.048370361328125
0.229156494140625 0.12530517578125 0.130882263183594 -0.04766845703125
0.290008544921875 -0.03070068359375 0.00665283203125001 -0.0535774230957031
0.230331420898438 -0.122329711914062 -0.0760040283203125 -0.00482177734375002
0.210174560546875 -0.102630615234375 -0.114593505859375 0.043792724609375
0.2423095703125 -0.126617431640625 -0.152877807617187 0.0831298828125
0.278121948242188 -0.074066162109375 -0.206863403320312 0.0478668212890625
0.295684814453125 0.0682373046875 -0.25213623046875 0.0218658447265625
0.239654541015625 0.152481079101562 -0.22869873046875 -0.06085205078125
0.0926361083984375 0.2261962890625 -0.162460327148438 -0.144561767578125
0.104339599609375 0.160186767578125 -0.0437698364257812 -0.123695373535156
0.183303833007813 0.157699584960938 0.0391387939453125 0.1151123046875
0.20660400390625 0.0902557373046875 0.151473999023438 0.10418701171875
0.106964111328125 0.0109176635742188 0.207275390625 0.354095458984375
0.0610198974609375 0.0845413208007813 0.32177734375 0.269317626953125
0.107147216796875 0.115669250488281 0.306793212890625 0.048248291015625
0.153106689453125 0.0823516845703125 0.104110717773438 -0.0642623901367187
0.207687377929688 -0.029571533203125 -0.0545921325683594 -0.0368499755859375
0.164215087890625 -0.0995330810546875 -0.141357421875 0.04888916015625
0.150772094726563 -0.0874176025390625 -0.167083740234375 0.109329223632812
0.17730712890625 -0.105972290039062 -0.209274291992188 0.144668579101563
0.208877563476563 -0.070098876953125 -0.271942138671875 0.0893402099609375
0.231399536132813 0.043975830078125 -0.29669189453125 0.032379150390625
0.193679809570313 0.116973876953125 -0.238998413085938 -0.0679168701171875
0.0706024169921875 0.194839477539062 -0.125556945800781 -0.134529113769531
0.06622314453125 0.141921997070313 0.0166091918945313 -0.0689811706542969
0.125717163085938 0.132545471191406 0.0898590087890625 0.1871337890625
0.110023498535156 0.0443878173828125 0.207870483398438 0.1358642578125
0.056793212890625 -0.0107917785644531 0.2371826171875 0.38568115234375
0.0341529846191406 0.0284099578857422 0.341094970703125 0.28875732421875
0.0568656921386719 0.0451316833496094 0.3145751953125 0.05126953125
0.0762176513671875 0.0260086059570313 0.0920639038085938 -0.0736846923828125
0.103424072265625 -0.0327911376953125 -0.0902175903320312 -0.02386474609375
0.0731277465820313 -0.064361572265625 -0.178680419921875 0.08758544921875
0.0688323974609375 -0.05853271484375 -0.194229125976563 0.1583251953125
0.08636474609375 -0.0698623657226563 -0.242080688476563 0.190170288085937
0.106010437011719 -0.0503082275390625 -0.3131103515625 0.122894287109375
0.126228332519531 0.0170516967773438 -0.320220947265625 0.04156494140625
0.106048583984375 0.0592575073242188 -0.246231079101563 -0.0687408447265625
0.0374984741210937 0.114227294921875 -0.108726501464844 -0.125846862792969
0.0304718017578125 0.0828628540039063 0.0469474792480469 -0.0313796997070312
0.0630722045898437 0.0829238891601562 0.117828369140625 0.238388061523437
0.0106029510498047 0.0193042755126953 -0.171173095703125 -0.215179443359375
-0.0156450271606445 -0.00076389312744141 -0.07562255859375 0.0112457275390625
0.00108242034912109 0.0126428604125977 0.12237548828125 0.141342163085938
0.00670146942138672 0.0150928497314453 0.287811279296875 0.0849609375
0.0106983184814453 0.0211868286132813 0.331756591796875 -0.03497314453125
0.00957298278808594 0.0178012847900391 0.310028076171875 -0.18365478515625
0.0215911865234375 0.00636482238769531 0.225540161132813 -0.253326416015625
0.0153350830078125 0.0208320617675781 0.1676025390625 -0.208175659179688
0.0126304626464844 0.0254116058349609 0.144805908203125 -0.11962890625
0.00315666198730469 0.0298633575439453 0.0856170654296875 -0.000434875488281248
-0.0191287994384766 0.0145263671875 -0.079315185546875 0.0682907104492188
-0.0098114013671875 -0.00818061828613281 -0.2840576171875 -0.021636962890625
0.0209712982177734 0.00185394287109375 -0.3878173828125 -0.28948974609375
0.00652885437011719 0.0205955505371094 -0.334014892578125 -0.37017822265625
-0.01751708984375 0.0241279602050781 -0.261734008789063 -0.152328491210938
0.0874862670898438 0.0757369995117187 -0.156036376953125 -0.197021484375
0.0130615234375 0.0714797973632812 -0.0540809631347656 0.0242271423339844
0.0610122680664063 0.127433776855469 0.131744384765625 0.143768310546875
0.118644714355469 0.0972213745117187 0.290435791015625 0.07574462890625
0.134963989257813 0.0516204833984375 0.3167724609375 -0.0345458984375
0.13519287109375 -0.0217208862304688 0.289093017578125 -0.177459716796875
0.113494873046875 -0.0587158203125 0.199905395507813 -0.245559692382813
0.100898742675781 -0.0292129516601563 0.136749267578125 -0.202102661132813
0.110671997070313 -0.0292587280273438 0.119247436523438 -0.117828369140625
0.107498168945313 0.01141357421875 0.0706405639648438 -0.0150909423828125
0.0720596313476562 0.0524139404296875 -0.0851898193359375 0.0574111938476562
0.0435867309570313 0.0383758544921875 -0.270919799804688 -0.012298583984375
0.0501708984375 0.0329170227050781 -0.378143310546875 -0.253875732421875
0.0920944213867188 0.0314865112304688 -0.328094482421875 -0.345977783203125
0.1053466796875 0.0560379028320313 -0.248886108398438 -0.14056396484375
0.158645629882813 0.114990234375 -0.1220703125 -0.148330688476563
0.0413131713867188 0.119400024414063 -0.00865554809570312 0.0702667236328125
0.1041259765625 0.21356201171875 0.161514282226563 0.149642944335938
0.209869384765625 0.169265747070312 0.28607177734375 0.061004638671875
0.239730834960938 0.080230712890625 0.2813720703125 -0.03564453125
0.242828369140625 -0.053466796875 0.242416381835938 -0.155685424804688
0.189895629882812 -0.113616943359375 0.1517333984375 -0.207382202148437
0.172531127929688 -0.0743255615234375 0.087493896484375 -0.164306640625
0.19134521484375 -0.0811614990234375 0.0670166015625 -0.0930557250976563
0.20220947265625 -0.0158843994140625 0.0270195007324219 -0.0219345092773438
0.170272827148437 0.0760955810546875 -0.103233337402344 0.0424728393554688
0.111373901367188 0.0875320434570313 -0.249465942382813 -0.010101318359375
0.0729522705078125 0.0797195434570313 -0.34521484375 -0.205841064453125
0.14453125 0.0519866943359375 -0.29345703125 -0.299652099609375
0.196014404296875 0.08734130859375 -0.194122314453125 -0.1024169921875
0.22149658203125 0.134170532226563 -0.0717315673828125 -0.0861587524414062
0.0723037719726563 0.127677917480469 0.0541534423828125 0.134986877441406
0.12640380859375 0.250885009765625 0.20587158203125 0.160812377929688
0.25384521484375 0.209014892578125 0.28704833984375 0.043975830078125
0.29876708984375 0.103363037109375 0.228973388671875 -0.0394744873046875
0.309661865234375 -0.07037353515625 0.168914794921875 -0.12225341796875
0.239288330078125 -0.14923095703125 0.082916259765625 -0.142425537109375
0.216888427734375 -0.1082763671875 0.0230789184570313 -0.102073669433594
0.2432861328125 -0.125350952148438 -0.000793457031249985 -0.0453147888183594
0.2694091796875 -0.0533294677734375 -0.0429763793945312 -0.0128669738769531
0.260848999023438 0.0798492431640625 -0.141632080078125 0.0308837890625
0.188064575195313 0.127212524414063 -0.23126220703125 -0.016357421875
0.0937957763671875 0.142654418945313 -0.292938232421875 -0.164581298828125
0.162002563476563 0.0852508544921875 -0.22711181640625 -0.24072265625
0.24090576171875 0.11566162109375 -0.118064880371094 -0.0393905639648437
0.2633056640625 0.12786865234375 -0.000168800354003891 -0.0158300399780273
0.0990982055664063 0.0947494506835937 0.12567138671875 0.211669921875
0.118728637695312 0.22412109375 0.261672973632813 0.18231201171875
0.239028930664063 0.2132568359375 0.290557861328125 0.027801513671875
0.299957275390625 0.11572265625 0.173995971679688 -0.0464324951171875
0.32720947265625 -0.071014404296875 0.0839309692382813 -0.0841598510742188
0.24908447265625 -0.16082763671875 0.00108337402343752 -0.0692977905273438
0.228912353515625 -0.127365112304688 -0.047027587890625 -0.0250205993652344
0.257781982421875 -0.152328491210937 -0.0749359130859375 0.02435302734375
0.294952392578125 -0.0887451171875 -0.125694274902344 0.0206527709960938
0.3131103515625 0.060577392578125 -0.197494506835937 0.035186767578125
0.248672485351563 0.140518188476563 -0.22894287109375 -0.0265045166015624
0.114791870117187 0.197463989257813 -0.232803344726563 -0.14080810546875
0.151336669921875 0.127334594726563 -0.14300537109375 -0.179092407226563
0.237945556640625 0.135726928710937 -0.0289459228515625 0.0353317260742188
0.264877319335937 0.10211181640625 0.0804824829101563 0.045928955078125
0.116592407226563 0.0425186157226563 0.194091796875 0.282958984375
0.09820556640625 0.155746459960938 0.31561279296875 0.208831787109375
0.189132690429688 0.1724853515625 0.30029296875 0.017181396484375
0.24713134765625 0.10198974609375 0.126243591308594 -0.0620651245117187
0.287200927734375 -0.06146240234375 0.00415802001953127 -0.0539779663085938
0.221038818359375 -0.147933959960938 -0.0762176513671875 0.00139617919921875
0.201034545898438 -0.124603271484375 -0.11199951171875 0.0555572509765625
0.230010986328125 -0.152206420898437 -0.144775390625 0.0988311767578125
0.269989013671875 -0.102630615234375 -0.20556640625 0.0683746337890625
0.3062744140625 0.037078857421875 -0.252655029296875 0.0470123291015625
0.258819580078125 0.1312255859375 -0.235397338867188 -0.0405426025390625
0.11444091796875 0.219558715820313 -0.175338745117187 -0.130752563476562
0.11962890625 0.150436401367187 -0.0560836791992188 -0.121597290039062
0.200286865234375 0.139999389648438 0.05096435546875 0.111076354980469
0.217025756835938 0.0713348388671875 0.161087036132813 0.089813232421875
0.106346130371094 -0.00069427490234375 0.246734619140625 0.338104248046875
0.06854248046875 0.0792236328125 0.3524169921875 0.238067626953125
0.119499206542969 0.106452941894531 0.315460205078125 0.0155029296875
0.164810180664063 0.065704345703125 0.0958786010742188 -0.075836181640625
0.205963134765625 -0.053253173828125 -0.0597305297851562 -0.032440185546875
0.155258178710938 -0.115997314453125 -0.136795043945313 0.0634536743164062
0.142562866210938 -0.103057861328125 -0.157028198242188 0.126449584960938
0.167190551757813 -0.125732421875 -0.196014404296875 0.16619873046875
0.200546264648438 -0.091766357421875 -0.262557983398437 0.11474609375
0.23980712890625 0.02008056640625 -0.29486083984375 0.06439208984375
0.20794677734375 0.0982666015625 -0.245681762695313 -0.0464935302734375
0.0904388427734375 0.189056396484375 -0.137504577636719 -0.12451171875
0.0796585083007813 0.135093688964844 0.0098724365234375 -0.0736770629882812
0.138114929199219 0.119483947753906 0.109573364257813 0.1812744140625
0.118133544921875 0.03387451171875 0.220108032226563 0.115768432617188
0.0537757873535156 -0.0169525146484375 0.277008056640625 0.36468505859375
0.0378150939941406 0.0268783569335937 0.37432861328125 0.2587890625
0.0625228881835938 0.0391807556152344 0.32183837890625 0.01812744140625
0.0799331665039063 0.0174713134765625 0.0833282470703125 -0.087188720703125
0.0988082885742188 -0.0465240478515625 -0.0932693481445313 -0.0157546997070313
0.0666122436523438 -0.0730972290039063 -0.170486450195313 0.108291625976563
0.0642890930175781 -0.0665626525878906 -0.179946899414063 0.177047729492188
0.078460693359375 -0.07806396484375 -0.22222900390625 0.215164184570312
0.099639892578125 -0.0602035522460937 -0.3001708984375 0.154571533203125
0.128669738769531 0.00446319580078125 -0.317169189453125 0.0712890625
0.11376953125 0.0490264892578125 -0.253387451171875 -0.04718017578125
0.0479354858398438 0.111648559570313 -0.12042236328125 -0.119255065917969
0.0373458862304688 0.0791091918945312 0.0421142578125 -0.0389022827148437
0.0703277587890625 0.07623291015625 0.140869140625 0.227142333984375
0.012394905090332 0.017186164855957 -0.188873291015625 -0.2001953125
-0.0173511505126953 0.00018119812011719 -0.0746383666992188 0.020843505859375
0.00301265716552734 0.0120458602905273 0.135063171386719 0.132171630859375
0.00813865661621094 0.0127782821655273 0.2940673828125 0.061614990234375
0.0123958587646484 0.01934814453125 0.328216552734375 -0.060791015625
0.010096549987793 0.0172843933105469 0.294586181640625 -0.2052001953125
0.0230388641357422 0.00418663024902344 0.202667236328125 -0.270660400390625
0.0181922912597656 0.0198097229003906 0.147903442382813 -0.220321655273438
0.0144596099853516 0.0246505737304688 0.134956359863281 -0.130332946777344
0.00607681274414063 0.0297946929931641 0.0873031616210938 -0.00688934326171875
-0.0172233581542969 0.0174093246459961 -0.072235107421875 0.0762481689453125
-0.0119695663452148 -0.00518035888671875 -0.28515625 0.00360107421874997
0.0204524993896484 -0.000986099243164063 -0.4117431640625 -0.255096435546875
0.0098724365234375 0.0198783874511719 -0.361419677734375 -0.340118408203125
-0.0125598907470703 0.0248565673828125 -0.271896362304688 -0.130905151367188
0.0916900634765625 0.0658645629882813 -0.171279907226563 -0.183990478515625
0.0168075561523438 0.07080078125 -0.0509567260742187 0.0314483642578125
0.0703887939453125 0.121513366699219 0.145599365234375 0.133331298828125
0.127586364746094 0.0868911743164063 0.2947998046875 0.052398681640625
0.140113830566406 0.0375595092773438 0.31396484375 -0.059906005859375
0.130828857421875 -0.0332565307617188 0.275314331054688 -0.19891357421875
0.108207702636719 -0.0678787231445313 0.17999267578125 -0.259231567382813
0.0998764038085938 -0.0374069213867188 0.119491577148438 -0.2108154296875
0.106864929199219 -0.0385284423828125 0.110237121582031 -0.12725830078125
0.10760498046875 0.0037994384765625 0.0698814392089844 -0.02117919921875
0.0791854858398438 0.0466842651367188 -0.0782012939453125 0.0652313232421875
0.0463218688964844 0.0375556945800781 -0.271743774414063 0.0107727050781251
0.0508804321289063 0.0274543762207031 -0.397857666015625 -0.221343994140625
0.0935592651367187 0.0222549438476563 -0.35491943359375 -0.318023681640625
0.111907958984375 0.0463790893554688 -0.256866455078125 -0.119979858398437
0.165267944335938 0.100723266601563 -0.134513854980469 -0.139976501464844
0.0478591918945313 0.117439270019531 -0.00130462646484375 0.0712432861328125
0.123001098632813 0.205703735351563 0.174331665039063 0.136566162109375
0.2242431640625 0.150375366210938 0.29278564453125 0.03839111328125
0.246200561523438 0.0585479736328125 0.277008056640625 -0.0589752197265625
0.233245849609375 -0.07440185546875 0.229507446289063 -0.173431396484375
0.180389404296875 -0.129791259765625 0.134552001953125 -0.217636108398438
0.166839599609375 -0.0889434814453125 0.073150634765625 -0.1710205078125
0.183944702148437 -0.098419189453125 0.0610198974609375 -0.0992355346679688
0.198410034179688 -0.0329437255859375 0.0263023376464844 -0.0253829956054688
0.1796875 0.063629150390625 -0.0981521606445312 0.0523529052734375
0.118057250976563 0.0806350708007813 -0.2491455078125 0.0115814208984375
0.07708740234375 0.0728607177734375 -0.361480712890625 -0.1763916015625
0.146987915039063 0.0376434326171875 -0.3172607421875 -0.275146484375
0.20513916015625 0.070098876953125 -0.201126098632812 -0.0845794677734375
0.230255126953125 0.112701416015625 -0.0784759521484375 -0.0789031982421875
0.07781982421875 0.1219482421875 0.0680007934570313 0.131629943847656
0.14593505859375 0.240249633789063 0.22125244140625 0.144088745117188
0.271347045898438 0.188583374023438 0.290069580078125 0.0196533203125
0.3082275390625 0.0772705078125 0.22528076171875 -0.0583648681640625
0.299774169921875 -0.0977783203125 0.161514282226563 -0.134246826171875
0.22491455078125 -0.167938232421875 0.071014404296875 -0.149017333984375
0.207931518554688 -0.126251220703125 0.0124130249023438 -0.104148864746094
0.233444213867187 -0.146347045898438 -0.00325012207031249 -0.0444450378417969
0.262374877929687 -0.0760650634765625 -0.0423469543457031 -0.00999069213867189
0.267425537109375 0.0586395263671875 -0.137565612792969 0.0430450439453125
0.198104858398438 0.113037109375 -0.232330322265625 0.00181579589843746
0.104110717773438 0.134429931640625 -0.30419921875 -0.1424560546875
0.166061401367188 0.0702972412109375 -0.246078491210937 -0.221435546875
0.25177001953125 0.0949859619140625 -0.117172241210937 -0.0299835205078125
0.27099609375 0.104461669921875 -0.00372791290283201 -0.016636848449707
0.102081298828125 0.0878524780273438 0.14471435546875 0.203414916992188
0.135635375976563 0.216110229492187 0.279266357421875 0.161880493164063
0.261123657226563 0.192031860351563 0.290679931640625 0.00482177734375001
0.309326171875 0.089569091796875 0.167938232421875 -0.0614166259765625
0.316864013671875 -0.0992431640625 0.078399658203125 -0.0900039672851563
0.233749389648438 -0.179595947265625 -0.00340270996093749 -0.0694808959960938
0.217514038085937 -0.145370483398438 -0.0498886108398437 -0.0213203430175781
0.245513916015625 -0.173538208007812 -0.0730819702148437 0.028778076171875
0.284423828125 -0.113525390625 -0.12310791015625 0.0300140380859375
0.3192138671875 0.034149169921875 -0.193588256835937 0.0505828857421875
0.262405395507813 0.119216918945313 -0.227828979492187 -0.01043701171875
0.129531860351563 0.189178466796875 -0.240310668945313 -0.123199462890625
0.15863037109375 0.11212158203125 -0.155593872070313 -0.16796875
0.2496337890625 0.113906860351563 -0.0232200622558594 0.0369873046875
0.274749755859375 0.0778961181640625 0.0826263427734375 0.0376663208007813
0.11444091796875 0.0334243774414063 0.217376708984375 0.268753051757813
0.107376098632812 0.147613525390625 0.336090087890625 0.18316650390625
0.201187133789063 0.155609130859375 0.301361083984375 -0.00894165039062499
0.254547119140625 0.0811920166015625 0.119125366210938 -0.072784423828125
0.279327392578125 -0.08758544921875 0.000312805175781264 -0.0530319213867188
0.2059326171875 -0.164901733398438 -0.0747833251953125 0.0106277465820312
0.19183349609375 -0.140869140625 -0.105316162109375 0.0645675659179687
0.217620849609375 -0.170974731445313 -0.133750915527344 0.109893798828125
0.258636474609375 -0.125320434570313 -0.198165893554688 0.08245849609375
0.310943603515625 0.0120849609375 -0.245803833007812 0.0682067871093749
0.26947021484375 0.109176635742188 -0.236831665039062 -0.0219573974609375
0.131927490234375 0.2109375 -0.185745239257812 -0.120712280273438
0.130393981933594 0.138587951660156 -0.0655364990234375 -0.119178771972656
0.211288452148438 0.12066650390625 0.0615005493164063 0.106491088867188
0.223220825195313 0.0492401123046875 0.164230346679688 0.07672119140625
0.101966857910156 -0.0067291259765625 0.2728271484375 0.318267822265625
0.0746612548828125 0.0734176635742188 0.376495361328125 0.209259033203125
0.129951477050781 0.09539794921875 0.313873291015625 -0.012115478515625
0.168991088867188 0.0529632568359375 0.0894393920898438 -0.0849533081054688
0.198715209960938 -0.0712890625 -0.0601158142089844 -0.0271759033203125
0.144119262695313 -0.129165649414063 -0.131065368652344 0.0756149291992188
0.134635925292969 -0.115333557128906 -0.14569091796875 0.138351440429688
0.15802001953125 -0.1397705078125 -0.178741455078125 0.18121337890625
0.190750122070313 -0.106948852539063 -0.253753662109375 0.1356201171875
0.24053955078125 0.0005340576171875 -0.286041259765625 0.0851135253906249
0.218063354492188 0.08221435546875 -0.248428344726562 -0.0281219482421875
0.105300903320313 0.183074951171875 -0.148605346679688 -0.117446899414062
0.0878677368164063 0.129585266113281 0.00170135498046876 -0.0754852294921875
0.1470947265625 0.10687255859375 0.123764038085938 0.170486450195313
0.120033264160156 0.0226364135742188 0.226455688476563 0.0980377197265625
0.049468994140625 -0.0198173522949219 0.306732177734375 0.344268798828125
0.039154052734375 0.0229530334472656 0.397674560546875 0.226104736328125
0.0666313171386719 0.0338973999023438 0.321807861328125 -0.01080322265625
0.0823287963867188 0.0110244750976563 0.0749740600585938 -0.0930709838867188
0.0941619873046875 -0.056488037109375 -0.0935897827148438 -0.00904846191406251
0.0608596801757813 -0.0783233642578125 -0.161727905273438 0.122772216796875
0.0595245361328125 -0.0716476440429688 -0.162994384765625 0.192245483398438
0.0737075805664063 -0.08502197265625 -0.203720092773437 0.232040405273438
0.0941696166992188 -0.0683746337890625 -0.2877197265625 0.177215576171875
0.129554748535156 -0.00745391845703125 -0.30963134765625 0.0981750488281251
0.116844177246094 0.0408935546875 -0.256622314453125 -0.027679443359375
0.0574264526367187 0.108627319335937 -0.12969970703125 -0.112602233886719
0.0420684814453125 0.07574462890625 0.0374107360839844 -0.0440406799316406
0.0756301879882813 0.0710067749023437 0.1610107421875 0.215499877929688
0.0132694244384766 0.0149564743041992 -0.205337524414063 -0.187591552734375
-0.0184364318847656 0.00207710266113281 -0.0724868774414063 0.0291748046875
0.00349235534667969 0.0129327774047852 0.147674560546875 0.12603759765625
0.00887584686279297 0.0127849578857422 0.30169677734375 0.0438232421875
0.0131931304931641 0.0176181793212891 0.326629638671875 -0.082794189453125
0.0115537643432617 0.0175132751464844 0.280914306640625 -0.225906372070313
0.022918701171875 0.00175857543945312 0.18487548828125 -0.284515380859375
0.0201587677001953 0.0184974670410156 0.132858276367188 -0.230941772460938
0.016143798828125 0.02362060546875 0.127861022949219 -0.140464782714844
0.0078887939453125 0.0289115905761719 0.0898971557617188 -0.012725830078125
-0.0152511596679688 0.0197257995605469 -0.0651931762695313 0.0834808349609375
-0.0124597549438477 -0.00389862060546875 -0.28717041015625 0.027099609375
0.0197010040283203 -0.00294685363769531 -0.433349609375 -0.2264404296875
0.0119876861572266 0.0193386077880859 -0.386322021484375 -0.315887451171875
-0.00849151611328125 0.0255851745605469 -0.279495239257813 -0.114166259765625
0.0964202880859375 0.0582656860351563 -0.187026977539063 -0.17254638671875
0.0188751220703125 0.0708465576171875 -0.0476226806640625 0.0383338928222656
0.0792999267578125 0.117935180664063 0.158706665039063 0.125808715820313
0.134613037109375 0.077423095703125 0.30145263671875 0.033111572265625
0.143142700195313 0.0275421142578125 0.310791015625 -0.080322265625
0.127761840820313 -0.0424652099609375 0.263290405273438 -0.217788696289062
0.103668212890625 -0.0762557983398438 0.162750244140625 -0.272537231445313
0.0982742309570313 -0.0448760986328125 0.104461669921875 -0.22015380859375
0.105453491210938 -0.0455093383789063 0.102256774902344 -0.136390686035156
0.10784912109375 -0.0033111572265625 0.0713119506835937 -0.026947021484375
0.0828018188476562 0.0429000854492187 -0.0724029541015625 0.073699951171875
0.048675537109375 0.0351715087890625 -0.272018432617188 0.0318756103515624
0.0516624450683594 0.0233726501464844 -0.416595458984375 -0.194000244140625
0.0950851440429688 0.0152587890625 -0.380035400390625 -0.29498291015625
0.11767578125 0.0381546020507813 -0.264678955078125 -0.102951049804688
0.172775268554688 0.0875396728515625 -0.147201538085937 -0.130218505859375
0.05279541015625 0.116844177246094 0.00447845458984376 0.07421875
0.137359619140625 0.199569702148438 0.187973022460937 0.126861572265625
0.235733032226562 0.13372802734375 0.2978515625 0.018707275390625
0.252304077148438 0.0403594970703125 0.273910522460938 -0.07684326171875
0.2269287109375 -0.09283447265625 0.219802856445313 -0.18951416015625
0.1705322265625 -0.142623901367188 0.120529174804688 -0.227798461914062
0.161834716796875 -0.100738525390625 0.0594482421875 -0.176376342773437
0.178054809570313 -0.112411499023438 0.055999755859375 -0.104560852050781
0.196304321289063 -0.046661376953125 0.0252590179443359 -0.0288982391357422
0.185958862304688 0.0507354736328125 -0.0937423706054688 0.060699462890625
0.125114440917969 0.0735321044921875 -0.248825073242188 0.0310211181640625
0.0801315307617188 0.068603515625 -0.3759765625 -0.151824951171875
0.1492919921875 0.0255126953125 -0.3372802734375 -0.254241943359375
0.212371826171875 0.053985595703125 -0.205810546875 -0.071075439453125
0.238372802734375 0.094268798828125 -0.087005615234375 -0.07427978515625
0.081878662109375 0.118873596191406 0.0775070190429688 0.130050659179688
0.163375854492188 0.232192993164063 0.235519409179688 0.130569458007813
0.288818359375 0.168304443359375 0.2930908203125 -0.00039672851562499
0.315673828125 0.053802490234375 0.221694946289063 -0.0735015869140625
0.29217529296875 -0.12078857421875 0.154052734375 -0.1461181640625
0.2127685546875 -0.185684204101563 0.0617523193359375 -0.15509033203125
0.201797485351563 -0.142333984375 0.00496673583984377 -0.105445861816406
0.224212646484375 -0.165115356445313 -0.00533676147460936 -0.0457572937011719
0.25750732421875 -0.0948638916015625 -0.0431022644042969 -0.00849151611328126
0.275924682617188 0.03814697265625 -0.135185241699219 0.054046630859375
0.209335327148438 0.100372314453125 -0.232742309570313 0.01812744140625
0.111991882324219 0.129875183105469 -0.31591796875 -0.12286376953125
0.170822143554688 0.0579986572265625 -0.262832641601563 -0.206100463867188
0.25982666015625 0.0758056640625 -0.117645263671875 -0.0218887329101562
0.279190063476563 0.0825042724609375 -0.0077390670776367 -0.0160703659057617
0.103530883789063 0.08203125 0.1610107421875 0.195343017578125
0.15106201171875 0.2095947265625 0.294708251953125 0.141693115234375
0.276336669921875 0.173797607421875 0.2933349609375 -0.0164794921875
0.3187255859375 0.0672607421875 0.162887573242188 -0.073211669921875
0.308746337890625 -0.12359619140625 0.0742263793945313 -0.0970230102539063
0.222091674804688 -0.197601318359375 -0.00745773315429686 -0.0692672729492188
0.20904541015625 -0.161712646484375 -0.0518798828125 -0.0180549621582031
0.234176635742188 -0.193771362304688 -0.0699348449707031 0.0335502624511719
0.276046752929688 -0.134109497070313 -0.121910095214844 0.0378341674804687
0.326171875 0.010162353515625 -0.189361572265625 0.06500244140625
0.274627685546875 0.10308837890625 -0.23065185546875 0.0037841796875
0.14154052734375 0.183761596679688 -0.250350952148437 -0.110580444335938
0.165390014648437 0.1009521484375 -0.167633056640625 -0.157943725585938
0.258819580078125 0.095794677734375 -0.0173454284667969 0.0388450622558594
0.2813720703125 0.056304931640625 0.082183837890625 0.0319595336914063
0.113006591796875 0.0268630981445313 0.238204956054688 0.25457763671875
0.1175537109375 0.142959594726563 0.353668212890625 0.159759521484375
0.2149658203125 0.141555786132813 0.3017578125 -0.031524658203125
0.263107299804688 0.06353759765625 0.113204956054688 -0.0821762084960937
0.271682739257812 -0.109329223632812 -0.00337219238281248 -0.0543861389160156
0.1939697265625 -0.181655883789062 -0.0741119384765625 0.0159378051757812
0.182815551757812 -0.155776977539062 -0.101699829101562 0.0713729858398437
0.20721435546875 -0.188552856445313 -0.125556945800781 0.11871337890625
0.249130249023437 -0.1436767578125 -0.192474365234375 0.0973815917968749
0.314697265625 -0.011322021484375 -0.243255615234375 0.0859832763671875
0.28167724609375 0.090087890625 -0.239730834960938 -0.00823974609375
0.147293090820313 0.205047607421875 -0.194534301757813 -0.111984252929687
0.138710021972656 0.129623413085938 -0.0737533569335937 -0.116752624511719
0.219024658203125 0.105499267578125 0.0729522705078125 0.102622985839844
0.228500366210937 0.030792236328125 0.167984008789063 0.064910888671875
0.0966033935546875 -0.0132064819335937 0.296875 0.30047607421875
0.07958984375 0.0699615478515625 0.39678955078125 0.181976318359375
0.137382507324219 0.0869598388671875 0.314544677734375 -0.036651611328125
0.175582885742188 0.0411834716796875 0.08123779296875 -0.0936050415039063
0.192214965820313 -0.086517333984375 -0.0625839233398437 -0.0238533020019531
0.13446044921875 -0.140380859375 -0.125129699707031 0.086578369140625
0.127449035644531 -0.126068115234375 -0.136215209960938 0.149642944335938
0.1494140625 -0.152114868164063 -0.166213989257813 0.194198608398438
0.1827392578125 -0.1214599609375 -0.24603271484375 0.153701782226563
0.243820190429688 -0.01806640625 -0.282928466796875 0.106292724609375
0.225997924804687 0.0673675537109375 -0.2518310546875 -0.01312255859375
0.11920166015625 0.178741455078125 -0.156463623046875 -0.112213134765625
0.095855712890625 0.122627258300781 -0.00366210937499999 -0.0787353515625
0.154449462890625 0.0959625244140625 0.139938354492188 0.161956787109375
0.124542236328125 0.0126495361328125 0.231826782226563 0.0826263427734375
0.0457916259765625 -0.023773193359375 0.334136962890625 0.32550048828125
0.0403785705566406 0.0204353332519531 0.4200439453125 0.19879150390625
0.0691108703613281 0.02935791015625 0.3223876953125 -0.035980224609375
0.083648681640625 0.0052642822265625 0.0669174194335938 -0.100318908691406
0.0887908935546875 -0.0621185302734375 -0.0958480834960938 -0.002899169921875
0.0542449951171875 -0.0827865600585938 -0.152297973632812 0.135452270507813
0.0542068481445313 -0.0768890380859375 -0.149993896484375 0.204345703125
0.0685653686523437 -0.0919113159179688 -0.18682861328125 0.246673583984375
0.0884628295898438 -0.0754547119140625 -0.27618408203125 0.195755004882813
0.130615234375 -0.0164718627929688 -0.304595947265625 0.118255615234375
0.1209716796875 0.0321044921875 -0.261520385742188 -0.0130462646484375
0.0649261474609375 0.105537414550781 -0.138809204101562 -0.108711242675781
0.0458602905273438 0.0727157592773438 0.0324630737304688 -0.0495414733886719
0.080841064453125 0.0645599365234375 0.178115844726562 0.204910278320312
0.0147542953491211 0.0140457153320313 -0.225250244140625 -0.173797607421875
-0.0206260681152344 0.00420761108398438 -0.069854736328125 0.0391845703125
0.0049448013305664 0.0128688812255859 0.16387939453125 0.11968994140625
0.00978946685791016 0.0123357772827148 0.31195068359375 0.02264404296875
0.014434814453125 0.0164012908935547 0.3271484375 -0.107391357421875
0.0131082534790039 0.0174179077148438 0.268325805664063 -0.248977661132812
0.0227851867675781 -0.000364303588867188 0.16583251953125 -0.302947998046875
0.0218696594238281 0.0171623229980469 0.117050170898438 -0.2447509765625
0.0183753967285156 0.0235710144042969 0.120254516601563 -0.153549194335938
0.0103683471679687 0.02911376953125 0.0936660766601563 -0.0204925537109375
-0.0133247375488281 0.0223255157470703 -0.0583038330078125 0.0921707153320313
-0.0126552581787109 -0.00221061706542969 -0.290863037109375 0.053924560546875
0.0183658599853516 -0.00507354736328125 -0.4603271484375 -0.19500732421875
0.0134716033935547 0.0186195373535156 -0.41876220703125 -0.291168212890625
-0.00450515747070313 0.0257072448730469 -0.292755126953125 -0.0958251953124999
0.100997924804688 0.05084228515625 -0.205520629882813 -0.160903930664062
0.0218658447265625 0.0718460083007813 -0.0444450378417969 0.0454177856445313
0.0900497436523438 0.114738464355469 0.175201416015625 0.117538452148438
0.143310546875 0.06781005859375 0.31134033203125 0.0118408203125
0.14776611328125 0.0161285400390625 0.31134033203125 -0.104217529296875
0.125030517578125 -0.05316162109375 0.251907348632813 -0.240463256835938
0.0987091064453125 -0.086181640625 0.143707275390625 -0.289581298828125
0.09637451171875 -0.053070068359375 0.0878753662109375 -0.231369018554688
0.103446960449219 -0.0547256469726563 0.09405517578125 -0.14776611328125
0.109298706054687 -0.0120697021484375 0.0725250244140625 -0.0339508056640625
0.0888671875 0.03814697265625 -0.0655364990234375 0.0825271606445313
0.0527267456054687 0.0335922241210938 -0.274429321289063 0.0565338134765626
0.0526199340820313 0.0202865600585938 -0.44085693359375 -0.164093017578125
0.0974349975585938 0.00724029541015625 -0.4093017578125 -0.271697998046875
0.12445068359375 0.028472900390625 -0.276031494140625 -0.0850372314453125
0.181411743164063 0.0732574462890625 -0.162124633789062 -0.121429443359375
0.0584793090820312 0.116401672363281 0.0112991333007813 0.0773468017578125
0.155044555664063 0.194229125976563 0.204574584960938 0.115188598632813
0.25164794921875 0.116851806640625 0.305999755859375 -0.00341796874999999
0.260055541992188 0.020782470703125 0.273681640625 -0.097900390625
0.221084594726563 -0.111846923828125 0.210311889648438 -0.208480834960938
0.161285400390625 -0.158599853515625 0.104385375976563 -0.241195678710938
0.157669067382813 -0.115966796875 0.0453643798828125 -0.183395385742188
0.172271728515625 -0.128433227539063 0.0494232177734375 -0.11212158203125
0.19500732421875 -0.0623321533203125 0.0248699188232422 -0.0323219299316406
0.194580078125 0.037872314453125 -0.088653564453125 0.0701980590820312
0.133636474609375 0.0671844482421875 -0.251022338867188 0.0524139404296876
0.0850296020507813 0.06475830078125 -0.396636962890625 -0.12591552734375
0.152145385742187 0.012847900390625 -0.36322021484375 -0.233001708984375
0.221511840820313 0.0361328125 -0.212844848632812 -0.0571136474609375
0.24859619140625 0.0760498046875 -0.0971527099609375 -0.0682144165039062
0.087646484375 0.11700439453125 0.089935302734375 0.127334594726563
0.1842041015625 0.226394653320313 0.252975463867188 0.114486694335938
0.308380126953125 0.147705078125 0.299072265625 -0.022613525390625
0.3270263671875 0.02935791015625 0.219833374023438 -0.0904388427734375
0.28448486328125 -0.146331787109375 0.146255493164063 -0.160354614257812
0.201004028320313 -0.205673217773438 0.0506744384765625 -0.16339111328125
0.194366455078125 -0.16046142578125 -0.00428009033203123 -0.10736083984375
0.214813232421875 -0.18603515625 -0.00802993774414062 -0.0474472045898438
0.253860473632812 -0.115509033203125 -0.044189453125 -0.00623321533203125
0.286529541015625 0.016876220703125 -0.132110595703125 0.0663909912109375
0.222793579101563 0.08636474609375 -0.236602783203125 0.035980224609375
0.122764587402344 0.125221252441406 -0.33221435546875 -0.1021728515625
0.1754150390625 0.0443115234375 -0.2833251953125 -0.1905517578125
0.2708740234375 0.0546875 -0.118560791015625 -0.0134048461914062
0.29010009765625 0.05914306640625 -0.0123310089111328 -0.0159797668457031
0.106575012207031 0.0781173706054688 0.17938232421875 0.186813354492188
0.168975830078125 0.204559326171875 0.315582275390625 0.120697021484375
0.295806884765625 0.155364990234375 0.29705810546875 -0.041107177734375
0.330718994140625 0.043304443359375 0.1595458984375 -0.0867919921875
0.301727294921875 -0.149993896484375 0.0688705444335938 -0.104637145996094
0.209808349609375 -0.219161987304688 -0.0122909545898437 -0.0700531005859375
0.200637817382813 -0.181396484375 -0.056671142578125 -0.0142936706542969
0.223236083984375 -0.216232299804688 -0.067474365234375 0.0386314392089844
0.269393920898438 -0.157211303710938 -0.121307373046875 0.0470046997070312
0.33563232421875 -0.01593017578125 -0.18792724609375 0.0809173583984375
0.288787841796875 0.082977294921875 -0.234832763671875 0.0201568603515625
0.157852172851563 0.17864990234375 -0.26373291015625 -0.0967864990234375
0.172882080078125 0.0887908935546875 -0.183212280273438 -0.149856567382813
0.26995849609375 0.0751953125 -0.0117874145507812 0.0398788452148438
0.289764404296875 0.032684326171875 0.082916259765625 0.0259933471679688
0.111808776855469 0.020263671875 0.263031005859375 0.241058349609375
0.129241943359375 0.139228820800781 0.377593994140625 0.131561279296875
0.2308349609375 0.127334594726563 0.304168701171875 -0.05706787109375
0.273880004882813 0.0445098876953125 0.1080322265625 -0.0922317504882813
0.26580810546875 -0.132598876953125 -0.00669097900390623 -0.055908203125
0.182083129882813 -0.200119018554688 -0.0735855102539062 0.021148681640625
0.172775268554687 -0.1728515625 -0.0994033813476562 0.0806427001953125
0.19573974609375 -0.209243774414063 -0.117881774902344 0.129791259765625
0.240921020507812 -0.164993286132812 -0.189849853515625 0.112991333007813
0.321380615234375 -0.03704833984375 -0.240432739257812 0.105819702148437
0.295562744140625 0.06927490234375 -0.246536254882813 0.00772094726562503
0.166107177734375 0.200469970703125 -0.207656860351563 -0.102981567382812
0.147750854492188 0.121170043945313 -0.0844955444335938 -0.115501403808594
0.229812622070313 0.0890960693359375 0.0845718383789063 0.0981826782226563
0.235702514648438 0.01141357421875 0.173324584960938 0.0532684326171875
0.0931015014648438 -0.0204696655273438 0.326812744140625 0.28369140625
0.0843276977539063 0.0664901733398438 0.423736572265625 0.152435302734375
0.147018432617188 0.077789306640625 0.31683349609375 -0.0640869140625
0.182449340820313 0.0294647216796875 0.0745391845703125 -0.102439880371094
0.186508178710938 -0.102447509765625 -0.0659942626953125 -0.0197486877441406
0.124755859375 -0.153701782226563 -0.120536804199219 0.0980377197265625
0.119338989257813 -0.138984680175781 -0.126998901367188 0.162261962890625
0.139755249023438 -0.16754150390625 -0.152786254882813 0.208770751953125
0.175491333007813 -0.135894775390625 -0.2393798828125 0.174606323242188
0.247970581054687 -0.03887939453125 -0.279571533203125 0.128677368164063
0.236221313476562 0.050048828125 -0.259979248046875 0.00334167480468748
0.135498046875 0.174774169921875 -0.169296264648438 -0.10772705078125
0.104293823242187 0.116928100585938 -0.0111465454101562 -0.082672119140625
0.16375732421875 0.0854034423828125 0.156906127929688 0.1533203125
0.128318786621094 0.00135040283203125 0.240005493164063 0.0667724609375
0.0412254333496094 -0.0267410278320313 0.365997314453125 0.3060302734375
0.0415992736816406 0.0181465148925781 0.44866943359375 0.167572021484375
0.0735397338867188 0.0240631103515625 0.325408935546875 -0.064208984375
0.0850830078125 -0.0008392333984375 0.0586090087890625 -0.108657836914062
0.0837860107421875 -0.0693435668945313 -0.0986404418945313 0.00351715087890624
0.0480499267578125 -0.0887374877929688 -0.144180297851562 0.150436401367188
0.0485458374023438 -0.0829696655273438 -0.13623046875 0.219497680664063
0.0625 -0.0999832153320313 -0.170852661132812 0.263748168945313
0.083740234375 -0.0828094482421875 -0.266036987304688 0.219451904296875
0.132087707519531 -0.0283584594726562 -0.301483154296875 0.142364501953125
0.126640319824219 0.0227890014648438 -0.269683837890625 0.00399780273437497
0.0745010375976562 0.103736877441406 -0.151626586914063 -0.104766845703125
0.0501480102539063 0.0699653625488281 0.0268707275390625 -0.0548591613769531
0.0863571166992188 0.0590362548828125 0.19970703125 0.195266723632813
0.0164089202880859 0.0121221542358398 -0.250289916992188 -0.153915405273438
-0.0220985412597656 0.00786590576171875 -0.0654411315917969 0.0513420104980469
0.0065298080444336 0.0130510330200195 0.183853149414063 0.107162475585937
0.0109653472900391 0.0117654800415039 0.32391357421875 -0.00738525390625
0.0160818099975586 0.0147457122802734 0.32489013671875 -0.140777587890625
0.0147581100463867 0.0162086486816406 0.24993896484375 -0.278533935546875
0.0227203369140625 -0.00266456604003906 0.1383056640625 -0.3245849609375
0.0246658325195313 0.015716552734375 0.09307861328125 -0.26025390625
0.0216484069824219 0.0226306915283203 0.107833862304688 -0.17010498046875
0.0130844116210938 0.0290813446044922 0.0965652465820313 -0.031951904296875
-0.0109519958496094 0.0256366729736328 -0.0473556518554688 0.102378845214844
-0.0133886337280273 0.000306129455566408 -0.29144287109375 0.088043212890625
0.0174503326416016 -0.00736141204833984 -0.4931640625 -0.150665283203125
0.0160150527954102 0.0175714492797852 -0.45843505859375 -0.25762939453125
-0.000751495361328123 0.0255031585693359 -0.307525634765625 -0.069854736328125
0.107643127441406 0.0408706665039063 -0.229141235351563 -0.14239501953125
0.0266647338867187 0.0732879638671875 -0.0389213562011719 0.0543022155761719
0.103424072265625 0.109703063964844 0.19476318359375 0.103805541992188
0.153045654296875 0.0540618896484375 0.321380615234375 -0.018157958984375
0.152023315429688 0.0008697509765625 0.307952880859375 -0.135833740234375
0.121101379394531 -0.0670013427734375 0.234649658203125 -0.26910400390625
0.0912017822265625 -0.0976181030273437 0.118072509765625 -0.3094482421875
0.093353271484375 -0.0642852783203125 0.0648651123046875 -0.244003295898438
0.100028991699219 -0.0659637451171875 0.0819549560546875 -0.161697387695313
0.110023498535156 -0.0225601196289063 0.07269287109375 -0.0437469482421875
0.0960159301757812 0.0309677124023437 -0.0559463500976563 0.0924301147460937
0.0570793151855469 0.030670166015625 -0.275070190429688 0.0894775390625001
0.0536880493164062 0.01617431640625 -0.47015380859375 -0.122314453125
0.0984268188476562 -0.0037078857421875 -0.447845458984375 -0.23583984375
0.131477355957031 0.0145111083984375 -0.289337158203125 -0.05999755859375
0.19122314453125 0.0551300048828125 -0.180877685546875 -0.106201171875
0.0673370361328125 0.1162109375 0.0205001831054688 0.0803375244140625
0.178558349609375 0.18450927734375 0.224594116210937 0.0976715087890625
0.268081665039063 0.092864990234375 0.3134765625 -0.034027099609375
0.267608642578125 -0.00567626953125 0.270843505859375 -0.125656127929688
0.21234130859375 -0.135726928710937 0.195358276367187 -0.23388671875
0.147354125976563 -0.178268432617188 0.082061767578125 -0.256103515625
0.149139404296875 -0.133895874023438 0.025909423828125 -0.19024658203125
0.162918090820313 -0.1492919921875 0.039154052734375 -0.121139526367188
0.192123413085938 -0.08221435546875 0.02264404296875 -0.0372200012207031
0.204620361328125 0.01910400390625 -0.0809326171875 0.0818252563476563
0.143707275390625 0.0560150146484375 -0.25128173828125 0.0807037353515625
0.090484619140625 0.0593338012695313 -0.41986083984375 -0.0880737304687501
0.1541748046875 -0.0037384033203125 -0.396148681640625 -0.20159912109375
0.230377197265625 0.0128936767578125 -0.22149658203125 -0.037628173828125
0.259994506835938 0.0500335693359375 -0.109352111816406 -0.0588607788085938
0.0963668823242188 0.114143371582031 0.104927062988281 0.123100280761719
0.210250854492188 0.216217041015625 0.274017333984375 0.0907440185546875
0.32977294921875 0.118408203125 0.30401611328125 -0.0537109375
0.33740234375 -0.003692626953125 0.215545654296875 -0.113555908203125
0.272994995117188 -0.17791748046875 0.134384155273438 -0.178909301757813
0.182449340820312 -0.229690551757813 0.034515380859375 -0.172576904296875
0.182235717773437 -0.18328857421875 -0.0177459716796875 -0.107986450195313
0.20001220703125 -0.212188720703125 -0.012969970703125 -0.04925537109375
0.246353149414062 -0.142807006835938 -0.0463676452636719 -0.00371170043945314
0.29638671875 -0.012237548828125 -0.126884460449219 0.0816497802734375
0.237960815429688 0.0665740966796875 -0.23876953125 0.0605316162109376
0.135635375976562 0.118942260742188 -0.351715087890625 -0.0720825195312499
0.17999267578125 0.0270233154296875 -0.309356689453125 -0.168548583984375
0.281036376953125 0.02606201171875 -0.120460510253906 -0.00286865234375001
0.300872802734375 0.027496337890625 -0.0185813903808594 -0.0136222839355469
0.110633850097656 0.0724029541015625 0.201492309570313 0.17401123046875
0.192306518554688 0.195693969726563 0.337432861328125 0.089599609375
0.3184814453125 0.12847900390625 0.29949951171875 -0.072265625
0.342987060546875 0.0103759765625 0.153900146484375 -0.103851318359375
0.29058837890625 -0.1834716796875 0.0608978271484375 -0.113876342773438
0.190399169921875 -0.244400024414063 -0.019805908203125 -0.07080078125
0.185928344726563 -0.205337524414063 -0.0607566833496094 -0.00818634033203126
0.204559326171875 -0.24481201171875 -0.0647048950195313 0.045257568359375
0.258453369140625 -0.185714721679687 -0.120033264160156 0.0591278076171875
0.342559814453125 -0.05242919921875 -0.182708740234375 0.102142333984375
0.304962158203125 0.055633544921875 -0.2406005859375 0.04278564453125
0.17828369140625 0.1705322265625 -0.282379150390625 -0.0741577148437499
0.1815185546875 0.07281494140625 -0.202911376953125 -0.137237548828125
0.28216552734375 0.04754638671875 -0.00533294677734374 0.0402145385742188
0.29852294921875 0.00079345703125 0.0827484130859375 0.0195541381835938
0.110832214355469 0.012176513671875 0.293487548828125 0.221221923828125
0.144943237304688 0.132736206054687 0.403076171875 0.093841552734375
0.248184204101563 0.107086181640625 0.305023193359375 -0.09124755859375
0.285919189453125 0.0186767578125 0.0997467041015625 -0.105117797851563
0.255294799804688 -0.161148071289063 -0.0123443603515625 -0.0571861267089844
0.16455078125 -0.2222900390625 -0.0728836059570312 0.02862548828125
0.159713745117187 -0.194625854492188 -0.0943756103515625 0.0927734375
0.178329467773438 -0.235153198242188 -0.106658935546875 0.143142700195312
0.22833251953125 -0.191513061523438 -0.183914184570312 0.133560180664063
0.32568359375 -0.07293701171875 -0.234878540039062 0.132659912109375
0.310302734375 0.04071044921875 -0.253158569335938 0.029693603515625
0.1900634765625 0.192184448242188 -0.224533081054687 -0.0879364013671875
0.159561157226563 0.1094970703125 -0.0993499755859375 -0.111961364746094
0.241790771484375 0.0665130615234375 0.0988540649414063 0.089935302734375
0.242279052734375 -0.0157318115234375 0.178558349609375 0.0380706787109375
0.088592529296875 -0.0279464721679687 0.363525390625 0.256988525390625
0.0912857055664063 0.0621414184570312 0.45294189453125 0.109893798828125
0.158004760742188 0.064971923828125 0.3175048828125 -0.10040283203125
0.190048217773437 0.0130157470703125 0.063690185546875 -0.112777709960938
0.177993774414063 -0.122055053710938 -0.0693130493164062 -0.0147247314453125
0.111160278320313 -0.168869018554688 -0.112251281738281 0.112091064453125
0.107696533203125 -0.153472900390625 -0.114227294921875 0.179031372070312
0.124649047851563 -0.186080932617188 -0.134445190429688 0.227828979492188
0.164230346679688 -0.155029296875 -0.228256225585937 0.201171875
0.249114990234375 -0.066192626953125 -0.273849487304688 0.157943725585938
0.246826171875 0.0269012451171875 -0.267669677734375 0.0268096923828125
0.155990600585938 0.16766357421875 -0.186279296875 -0.096649169921875
0.114967346191406 0.109580993652344 -0.0213623046875 -0.0864486694335937
0.173721313476563 0.069610595703125 0.179367065429688 0.139602661132813
0.132354736328125 -0.014068603515625 0.248153686523438 0.044677734375
0.0358390808105469 -0.0297470092773438 0.407501220703125 0.277923583984375
0.0434761047363281 0.0152587890625 0.48089599609375 0.121917724609375
0.0773849487304688 0.0167388916015625 0.327117919921875 -0.101531982421875
0.0874099731445312 -0.008270263671875 0.0472564697265625 -0.118461608886719
0.0774307250976563 -0.078125 -0.101661682128906 0.0132598876953125
0.039337158203125 -0.09539794921875 -0.13189697265625 0.168701171875
0.0409164428710938 -0.0900726318359375 -0.116012573242187 0.237686157226563
0.0534286499023438 -0.109176635742188 -0.14617919921875 0.284576416015625
0.07666015625 -0.0918121337890625 -0.2508544921875 0.249282836914063
0.132431030273438 -0.0431442260742188 -0.295440673828125 0.174224853515625
0.131988525390625 0.0102920532226563 -0.278289794921875 0.0287933349609375
0.0868301391601563 0.0991897583007813 -0.168075561523438 -0.09588623046875
0.0558891296386719 0.0672531127929688 0.0201835632324219 -0.0616455078125
0.0934219360351562 0.0511627197265625 0.226531982421875 0.176895141601563
0.0186271667480469 0.00972557067871094 -0.272201538085938 -0.119110107421875
-0.0222263336181641 0.0127964019775391 -0.0552597045898437 0.0623130798339844
0.00850105285644531 0.012049674987793 0.202316284179687 0.08441162109375
0.0124225616455078 0.00934505462646484 0.326141357421875 -0.0478515625
0.0178031921386719 0.0125522613525391 0.309722900390625 -0.180877685546875
0.0164861679077148 0.0143966674804688 0.21771240234375 -0.30767822265625
0.0209827423095703 -0.0052490234375 0.098358154296875 -0.34130859375
0.0269603729248047 0.0117301940917969 0.060272216796875 -0.270584106445313
0.0258941650390625 0.0204563140869141 0.08648681640625 -0.18487548828125
0.0169792175292969 0.0280113220214844 0.0954208374023438 -0.0457992553710938
-0.0065155029296875 0.0278682708740234 -0.030364990234375 0.1102294921875
-0.0130863189697266 0.00214862823486328 -0.278915405273438 0.130401611328125
0.0154752731323242 -0.00962638854980469 -0.5159912109375 -0.0843505859375
0.0176753997802734 0.0154190063476562 -0.493927001953125 -0.19866943359375
0.00352287292480469 0.0241413116455078 -0.3162841796875 -0.031494140625
0.11260986328125 0.0258636474609375 -0.250457763671875 -0.110610961914063
0.0332870483398438 0.0731658935546875 -0.0298690795898437 0.0623359680175781
0.117599487304688 0.0978469848632813 0.212539672851563 0.0793304443359375
0.159255981445313 0.0336761474609375 0.322174072265625 -0.05865478515625
0.15167236328125 -0.0181732177734375 0.29412841796875 -0.173431396484375
0.111328125 -0.0813674926757812 0.203369140625 -0.296905517578125
0.078125 -0.109024047851562 0.078704833984375 -0.323333740234375
0.0858154296875 -0.0762252807617188 0.032867431640625 -0.250228881835937
0.092742919921875 -0.0786895751953125 0.0614013671875 -0.173446655273438
0.107139587402344 -0.0348892211914063 0.0687522888183594 -0.0545692443847656
0.100997924804688 0.0203399658203125 -0.0408096313476562 0.101249694824219
0.0613670349121094 0.0243759155273438 -0.262725830078125 0.127716064453125
0.0533943176269531 0.0105094909667969 -0.488494873046875 -0.0594787597656249
0.0960311889648438 -0.0168838500976562 -0.479522705078125 -0.1800537109375
0.133720397949219 -0.004058837890625 -0.296539306640625 -0.023193359375
0.196945190429688 0.0294036865234375 -0.198272705078125 -0.0811004638671875
0.0780715942382813 0.112068176269531 0.0318603515625 0.0803070068359375
0.201248168945312 0.165206909179688 0.240646362304687 0.068450927734375
0.279953002929688 0.0584564208984375 0.310394287109375 -0.07293701171875
0.266921997070313 -0.039703369140625 0.257705688476563 -0.158370971679688
0.194015502929688 -0.161605834960938 0.168014526367188 -0.2576904296875
0.124099731445312 -0.195892333984375 0.04949951171875 -0.266281127929688
0.133010864257813 -0.152236938476563 0.000640869140625013 -0.191268920898438
0.143692016601562 -0.169937133789063 0.0237197875976563 -0.127090454101563
0.182510375976563 -0.105300903320313 0.0182266235351563 -0.0413284301757813
0.20819091796875 -0.00653076171875 -0.0682373046875 0.0929107666015625
0.151092529296875 0.03948974609375 -0.241195678710938 0.114791870117187
0.0958328247070312 0.05096435546875 -0.433929443359375 -0.03253173828125
0.149398803710938 -0.02410888671875 -0.42352294921875 -0.153167724609375
0.231964111328125 -0.0193023681640625 -0.224822998046875 -0.00979614257812505
0.264266967773438 0.014404296875 -0.121246337890625 -0.042633056640625
0.106033325195313 0.107032775878906 0.120819091796875 0.112205505371094
0.237945556640625 0.193695068359375 0.288543701171875 0.0540771484375
0.344970703125 0.076141357421875 0.298126220703125 -0.092620849609375
0.3375244140625 -0.0452880859375 0.202438354492188 -0.1390380859375
0.249221801757813 -0.211685180664063 0.113967895507813 -0.1959228515625
0.153152465820313 -0.25164794921875 0.012420654296875 -0.176589965820313
0.159591674804688 -0.206039428710937 -0.0327529907226562 -0.103775024414063
0.172882080078125 -0.238540649414063 -0.0196990966796875 -0.0488815307617188
0.228164672851562 -0.172134399414063 -0.0475006103515625 0.00145339965820312
0.2960205078125 -0.050567626953125 -0.115150451660156 0.0979080200195313
0.246978759765625 0.03778076171875 -0.232666015625 0.0916595458984375
0.149200439453125 0.105941772460938 -0.36444091796875 -0.027496337890625
0.1785888671875 0.0045166015625 -0.332275390625 -0.13055419921875
0.283233642578125 -0.01171875 -0.118507385253906 0.0114212036132812
0.302947998046875 -0.0133056640625 -0.0249481201171875 -0.00870132446289063
0.114547729492187 0.0630874633789063 0.2239990234375 0.14990234375
0.216720581054688 0.17645263671875 0.351348876953125 0.0433349609375
0.334625244140625 0.088348388671875 0.29046630859375 -0.112152099609375
0.346710205078125 -0.032440185546875 0.1409912109375 -0.12249755859375
0.26568603515625 -0.218460083007813 0.0473785400390625 -0.122322082519531
0.158767700195312 -0.268325805664063 -0.0300025939941406 -0.06878662109375
0.160324096679688 -0.2276611328125 -0.0629158020019531 0.00186920166015625
0.173095703125 -0.27197265625 -0.0597305297851562 0.0520362854003906
0.234603881835938 -0.2169189453125 -0.114303588867187 0.0737838745117187
0.33685302734375 -0.096343994140625 -0.169403076171875 0.124908447265625
0.313262939453125 0.01715087890625 -0.237716674804687 0.0724029541015625
0.199996948242188 0.152679443359375 -0.29364013671875 -0.0404357910156249
0.185638427734375 0.0513153076171875 -0.221786499023437 -0.11419677734375
0.286529541015625 0.010406494140625 0.00234222412109376 0.0393638610839844
0.298095703125 -0.040985107421875 0.0804901123046875 0.011199951171875
0.106880187988281 0.0024871826171875 0.321990966796875 0.1854248046875
0.160369873046875 0.118759155273438 0.417327880859375 0.038299560546875
0.262069702148438 0.076690673828125 0.29296875 -0.132781982421875
0.290130615234375 -0.01617431640625 0.085723876953125 -0.118408203125
0.234222412109375 -0.191665649414063 -0.0196266174316406 -0.0564041137695313
0.135696411132813 -0.242706298828125 -0.0700798034667968 0.0371017456054687
0.134552001953125 -0.214065551757813 -0.0833816528320313 0.106575012207031
0.1473388671875 -0.257980346679688 -0.0887908935546875 0.155364990234375
0.203872680664062 -0.2178955078125 -0.168731689453125 0.15631103515625
0.31689453125 -0.11566162109375 -0.219223022460937 0.161376953125
0.31646728515625 0.000244140625 -0.253250122070313 0.061431884765625
0.214706420898438 0.170989990234375 -0.238555908203125 -0.06280517578125
0.169097900390625 0.0905609130859375 -0.115463256835937 -0.1033935546875
0.247879028320313 0.0351409912109375 0.113197326660156 0.0744552612304688
0.239334106445313 -0.049896240234375 0.178878784179688 0.0168304443359375
0.0801849365234375 -0.0360336303710938 0.398223876953125 0.2125244140625
0.0976028442382812 0.0536117553710938 0.470458984375 0.04669189453125
0.16583251953125 0.0457305908203125 0.304656982421875 -0.145111083984375
0.19329833984375 -0.010345458984375 0.0480270385742188 -0.122581481933594
0.162261962890625 -0.143310546875 -0.0721664428710937 -0.00698089599609376
0.0892333984375 -0.182952880859375 -0.0990524291992188 0.1256103515625
0.088134765625 -0.16668701171875 -0.0912628173828125 0.193878173828125
0.100433349609375 -0.202621459960937 -0.10546875 0.243133544921875
0.144363403320312 -0.17413330078125 -0.204132080078125 0.229354858398438
0.241302490234375 -0.09906005859375 -0.255935668945313 0.19232177734375
0.251007080078125 -0.00543212890625 -0.269363403320313 0.0595703125
0.17791748046875 0.150192260742188 -0.202774047851563 -0.0764007568359375
0.125045776367188 0.0971145629882813 -0.0346145629882812 -0.0865402221679687
0.180999755859375 0.04681396484375 0.199310302734375 0.113693237304688
0.131538391113281 -0.03369140625 0.250457763671875 0.014190673828125
0.0294265747070312 -0.0320873260498047 0.44580078125 0.22796630859375
0.0442428588867188 0.0112228393554688 0.502227783203125 0.055511474609375
0.0783920288085938 0.006988525390625 0.31414794921875 -0.14801025390625
0.086822509765625 -0.018768310546875 0.0295333862304688 -0.126625061035156
0.0677566528320313 -0.0867462158203125 -0.101303100585938 0.02459716796875
0.0272674560546875 -0.100151062011719 -0.110275268554687 0.184951782226562
0.0293731689453125 -0.095458984375 -0.085784912109375 0.25244140625
0.038970947265625 -0.115631103515625 -0.109283447265625 0.301544189453125
0.0646133422851563 -0.100807189941406 -0.220870971679687 0.279525756835938
0.127037048339844 -0.0597610473632813 -0.276809692382813 0.210403442382813
0.133071899414063 -0.00638580322265625 -0.279525756835938 0.062347412109375
0.099884033203125 0.0899200439453125 -0.185150146484375 -0.078857421875
0.0620689392089844 0.061004638671875 0.00944900512695313 -0.0665702819824219
0.0988845825195312 0.0389022827148438 0.251480102539063 0.14544677734375
0.0204925537109375 0.00572776794433594 -0.280929565429688 -0.0751495361328125
-0.0200176239013672 0.0176773071289062 -0.0413017272949219 0.07000732421875
0.0106048583984375 0.0100393295288086 0.210906982421875 0.0538787841796875
0.0125398635864258 0.00708103179931641 0.311309814453125 -0.088623046875
0.0181865692138672 0.00958442687988281 0.278091430664063 -0.214080810546875
0.0177497863769531 0.0121250152587891 0.1722412109375 -0.323699951171875
0.0195140838623047 -0.00756645202636719 0.05047607421875 -0.34063720703125
0.0283012390136719 0.00719833374023438 0.022705078125 -0.266677856445313
0.0288238525390625 0.0162448883056641 0.0593109130859375 -0.190200805664063
0.0200939178466797 0.0253429412841797 0.0882034301757813 -0.0580291748046875
-0.00122833251953125 0.0282840728759766 -0.00997161865234375 0.111808776855469
-0.0125694274902344 0.00434303283691406 -0.249862670898438 0.167236328125
0.0122776031494141 -0.0114231109619141 -0.5103759765625 -0.00747680664062504
0.0190544128417969 0.0122909545898438 -0.504638671875 -0.126068115234375
0.00742149353027344 0.0212421417236328 -0.30792236328125 0.0110778808593749
0.11163330078125 0.00838470458984375 -0.259353637695313 -0.0700225830078125
0.040191650390625 0.0700492858886719 -0.017303466796875 0.0665473937988281
0.126884460449219 0.08013916015625 0.219924926757813 0.047393798828125
0.157073974609375 0.0113372802734375 0.305084228515625 -0.097991943359375
0.144515991210938 -0.0379638671875 0.263626098632813 -0.204879760742188
0.0960617065429688 -0.0921096801757813 0.16064453125 -0.31243896484375
0.0603485107421875 -0.114654541015625 0.034027099609375 -0.321136474609375
0.0737991333007813 -0.0848770141601563 -0.000961303710937502 -0.242996215820313
0.0795059204101563 -0.0879669189453125 0.035736083984375 -0.176025390625
0.0995712280273438 -0.0466156005859375 0.0602035522460938 -0.0626716613769531
0.101737976074219 0.007537841796875 -0.0215988159179688 0.104499816894531
0.0614089965820312 0.0174407958984375 -0.23492431640625 0.162765502929688
0.0509109497070313 0.004791259765625 -0.482513427734375 0.01287841796875
0.0879058837890625 -0.0290069580078125 -0.4888916015625 -0.10955810546875
0.128395080566406 -0.0241546630859375 -0.287994384765625 0.01629638671875
0.1920166015625 -0.000244140625 -0.205047607421875 -0.0475921630859375
0.0871658325195313 0.102638244628906 0.0430221557617188 0.0757217407226563
0.21746826171875 0.135848999023438 0.245193481445313 0.03350830078125
0.277145385742188 0.0186614990234375 0.292327880859375 -0.111480712890625
0.2523193359375 -0.07330322265625 0.229278564453125 -0.18548583984375
0.16473388671875 -0.179336547851562 0.13092041015625 -0.270843505859375
0.094146728515625 -0.204391479492187 0.0123748779296875 -0.263046264648438
0.10894775390625 -0.1646728515625 -0.024871826171875 -0.182342529296875
0.116806030273437 -0.183258056640625 0.00487518310546876 -0.126228332519531
0.163162231445313 -0.12420654296875 0.012054443359375 -0.0429954528808594
0.20245361328125 -0.032867431640625 -0.0503768920898437 0.0991668701171875
0.1514892578125 0.02056884765625 -0.216964721679688 0.1455078125
0.0971450805664062 0.0401687622070312 -0.424896240234375 0.02813720703125
0.136642456054688 -0.04205322265625 -0.431732177734375 -0.0925292968750001
0.22100830078125 -0.0513763427734375 -0.216217041015625 0.0206146240234375
0.2547607421875 -0.0247039794921875 -0.126548767089844 -0.0206375122070312
0.112434387207031 0.094482421875 0.133079528808594 0.0943832397460938
0.25640869140625 0.160232543945313 0.287811279296875 0.012054443359375
0.3433837890625 0.029052734375 0.276031494140625 -0.12969970703125
0.320709228515625 -0.08795166015625 0.178619384765625 -0.159912109375
0.211257934570313 -0.23394775390625 0.0859222412109375 -0.204421997070313
0.11456298828125 -0.262527465820313 -0.012481689453125 -0.172256469726563
0.12835693359375 -0.21929931640625 -0.0457000732421875 -0.09271240234375
0.134857177734375 -0.252838134765625 -0.0265617370605469 -0.045562744140625
0.198806762695313 -0.194534301757813 -0.0462112426757812 0.00714874267578124
0.281021118164063 -0.0874176025390625 -0.0960311889648437 0.109832763671875
0.244094848632813 0.00518798828125 -0.212615966796875 0.120635986328125
0.156539916992188 0.087890625 -0.356536865234375 0.0224609375
0.167938232421875 -0.01776123046875 -0.340728759765625 -0.0830078125
0.270523071289063 -0.050628662109375 -0.110511779785156 0.0256500244140625
0.2879638671875 -0.0576171875 -0.029296875 -0.00113677978515626
0.114608764648437 0.0512924194335937 0.237060546875 0.116989135742188
0.233840942382812 0.147064208984375 0.346282958984375 -0.00839233398437499
0.334716796875 0.042633056640625 0.264755249023438 -0.148269653320313
0.33172607421875 -0.07623291015625 0.119850158691406 -0.136146545410156
0.226776123046875 -0.244064331054688 0.0309829711914063 -0.124893188476563
0.117538452148438 -0.2779541015625 -0.0389518737792969 -0.062744140625
0.1258544921875 -0.24078369140625 -0.0611801147460937 0.0120849609375
0.130035400390625 -0.285125732421875 -0.0517005920410156 0.0571022033691406
0.198593139648438 -0.238510131835938 -0.101791381835937 0.086761474609375
0.31365966796875 -0.139251708984375 -0.146835327148437 0.14337158203125
0.30572509765625 -0.0245361328125 -0.222213745117187 0.10223388671875
0.212875366210938 0.126205444335938 -0.29144287109375 -0.000762939453124936
0.180831909179688 0.027496337890625 -0.231414794921875 -0.08306884765625
0.274887084960937 -0.0293731689453125 0.00947570800781252 0.0353546142578125
0.280014038085938 -0.0840301513671875 0.0747222900390625 0.00390624999999999
0.09869384765625 -0.0069732666015625 0.336639404296875 0.13720703125
0.170028686523438 0.099151611328125 0.409820556640625 -0.023223876953125
0.263076782226563 0.0407867431640625 0.263748168945313 -0.170181274414062
0.280181884765625 -0.053009033203125 0.0655746459960938 -0.125007629394531
0.20074462890625 -0.214202880859375 -0.0266571044921875 -0.0527725219726563
0.0989837646484375 -0.251617431640625 -0.0637245178222656 0.0449409484863281
0.103073120117188 -0.223861694335938 -0.066864013671875 0.114082336425781
0.107345581054687 -0.2686767578125 -0.065277099609375 0.160400390625
0.168853759765625 -0.23504638671875 -0.144088745117188 0.173431396484375
0.29144287109375 -0.1546630859375 -0.191436767578125 0.184722900390625
0.305999755859375 -0.041717529296875 -0.240264892578125 0.0929565429687499
0.230804443359375 0.141220092773438 -0.242660522460938 -0.031402587890625
0.17071533203125 0.0677642822265625 -0.128128051757813 -0.0869598388671875
0.2412109375 0.0006256103515625 0.1214599609375 0.0535964965820313
0.22344970703125 -0.0843963623046875 0.170730590820313 -0.00431823730468751
0.0688743591308594 -0.0409355163574219 0.414306640625 0.153045654296875
0.100639343261719 0.0428009033203125 0.462432861328125 -0.024200439453125
0.165817260742188 0.023834228515625 0.272964477539063 -0.18463134765625
0.187332153320313 -0.033721923828125 0.02734375 -0.125679016113281
0.138595581054688 -0.158370971679688 -0.0715103149414062 0.00184631347656248
0.061798095703125 -0.188461303710938 -0.0795669555664062 0.134292602539063
0.0641326904296875 -0.171585083007812 -0.062042236328125 0.199752807617188
0.069000244140625 -0.208877563476563 -0.069549560546875 0.246292114257812
0.117279052734375 -0.185516357421875 -0.169174194335937 0.248428344726562
0.220703125 -0.128372192382812 -0.223434448242188 0.219070434570312
0.241546630859375 -0.0388946533203125 -0.256698608398438 0.0923004150390626
0.192916870117187 0.12445068359375 -0.2100830078125 -0.0509185791015625
0.129913330078125 0.0792236328125 -0.048431396484375 -0.0815200805664063
0.178665161132812 0.0210113525390625 0.209365844726563 0.0796966552734375
0.122520446777344 -0.0532150268554688 0.240371704101563 -0.01702880859375
0.0221157073974609 -0.03155517578125 0.464111328125 0.160888671875
0.0438423156738281 0.0071258544921875 0.493408203125 -0.020416259765625
0.076507568359375 -0.003387451171875 0.281524658203125 -0.190887451171875
0.0822601318359375 -0.0281753540039063 0.00865173339843751 -0.128059387207031
0.05487060546875 -0.0920028686523438 -0.0964813232421875 0.0362319946289062
0.0130844116210937 -0.100288391113281 -0.08209228515625 0.192977905273438
0.0161666870117188 -0.0954360961914063 -0.0491943359375 0.254058837890625
0.020965576171875 -0.116958618164063 -0.06585693359375 0.303009033203125
0.0495529174804688 -0.104835510253906 -0.17919921875 0.297393798828125
0.114669799804687 -0.075103759765625 -0.24237060546875 0.238677978515625
0.127235412597656 -0.0239410400390625 -0.266372680664063 0.0961151123046875
0.10858154296875 0.0744857788085937 -0.193893432617188 -0.0556488037109375
0.0650100708007813 0.0526084899902344 -0.00320434570312499 -0.0679435729980469
0.0991134643554688 0.0241012573242188 0.263931274414063 0.10296630859375
0.0202846527099609 0.000711441040039063 -0.272857666015625 -0.0332183837890625
-0.0158557891845703 0.0208969116210938 -0.0263824462890625 0.0722427368164063
0.0114297866821289 0.00750923156738281 0.207748413085938 0.0247650146484375
0.0117778778076172 0.0049285888671875 0.2845458984375 -0.118927001953125
0.0177059173583984 0.0065155029296875 0.2391357421875 -0.232131958007813
0.0174665451049805 0.00902748107910156 0.12841796875 -0.322021484375
0.016636848449707 -0.00912761688232422 0.00985717773437499 -0.323638916015625
0.0270595550537109 0.00251579284667969 -0.00825500488281248 -0.251174926757813
0.0299472808837891 0.0114841461181641 0.034210205078125 -0.183990478515625
0.0226287841796875 0.0222759246826172 0.0774993896484375 -0.0657272338867188
0.00365829467773438 0.0274772644042969 0.00875091552734374 0.106689453125
-0.0120849609375 0.00587940216064453 -0.211166381835938 0.190078735351563
0.00930309295654297 -0.0118865966796875 -0.48236083984375 0.056610107421875
0.0193557739257813 0.00969886779785156 -0.49176025390625 -0.05914306640625
0.00984001159667969 0.0175819396972656 -0.285614013671875 0.045654296875
0.103721618652344 -0.007598876953125 -0.25189208984375 -0.0306396484375
0.044830322265625 0.0646553039550781 -0.00439453124999999 0.0666046142578125
0.129127502441406 0.0616531372070313 0.21502685546875 0.0176544189453125
0.147979736328125 -0.0074310302734375 0.277206420898438 -0.127105712890625
0.130844116210938 -0.051239013671875 0.2269287109375 -0.2208251953125
0.0791244506835938 -0.0959396362304687 0.118499755859375 -0.31097412109375
0.0429306030273438 -0.113594055175781 -0.00427246093750002 -0.30419921875
0.0600204467773438 -0.0883026123046875 -0.028076171875 -0.225234985351563
0.06536865234375 -0.092010498046875 0.012908935546875 -0.168441772460938
0.0888214111328125 -0.0537796020507813 0.0502967834472656 -0.066680908203125
0.097900390625 -0.00412750244140625 -0.00350189208984374 0.100364685058594
0.060028076171875 0.0116348266601563 -0.198379516601563 0.183837890625
0.0468063354492188 0.0014190673828125 -0.452239990234375 0.072113037109375
0.0767974853515625 -0.03662109375 -0.47509765625 -0.045654296875
0.117431640625 -0.039703369140625 -0.265167236328125 0.049163818359375
0.177108764648438 -0.025177001953125 -0.200057983398437 -0.015777587890625
0.0911483764648437 0.091278076171875 0.0521240234375 0.0685462951660156
0.220413208007812 0.105270385742187 0.236282348632813 0.00111389160156251
0.261383056640625 -0.0131072998046875 0.26275634765625 -0.138031005859375
0.229171752929688 -0.097381591796875 0.1962890625 -0.19879150390625
0.133804321289063 -0.185165405273438 0.09454345703125 -0.269485473632812
0.0647430419921875 -0.201385498046875 -0.017852783203125 -0.24688720703125
0.0844879150390625 -0.166976928710937 -0.043701171875 -0.165191650390625
0.089691162109375 -0.185455322265625 -0.0105514526367188 -0.119110107421875
0.139915466308594 -0.1328125 0.00674057006835938 -0.0422897338867188
0.188186645507813 -0.0531158447265625 -0.0324172973632812 0.0982894897460938
0.14471435546875 0.0046539306640625 -0.184600830078125 0.1650390625
0.0942153930664063 0.0312118530273438 -0.397735595703125 0.0787353515625
0.119461059570312 -0.053741455078125 -0.418121337890625 -0.0356140136718751
0.199798583984375 -0.0762176513671875 -0.198196411132813 0.0438232421875
0.232040405273438 -0.0560455322265625 -0.12359619140625 0.000282287597656235
0.113487243652344 0.0821533203125 0.136932373046875 0.075286865234375
0.260818481445313 0.124771118164063 0.272171020507813 -0.02386474609375
0.32550048828125 -0.010772705078125 0.244247436523438 -0.153427124023438
0.292572021484375 -0.118896484375 0.150650024414063 -0.168777465820313
0.17138671875 -0.241607666015625 0.0587005615234375 -0.202163696289063
0.0779571533203125 -0.257553100585938 -0.0317230224609375 -0.159423828125
0.0962982177734375 -0.2198486328125 -0.053436279296875 -0.0793991088867188
0.097900390625 -0.2523193359375 -0.0306968688964844 -0.0397758483886719
0.165847778320313 -0.203750610351563 -0.0434608459472656 0.0120315551757812
0.255508422851563 -0.114761352539063 -0.07537841796875 0.113037109375
0.230148315429688 -0.0201568603515625 -0.185089111328125 0.139129638671875
0.156692504882813 0.069793701171875 -0.333251953125 0.0634765624999999
0.150588989257813 -0.03265380859375 -0.331756591796875 -0.038482666015625
0.245529174804688 -0.0809173583984375 -0.098052978515625 0.03509521484375
0.25872802734375 -0.0913238525390625 -0.0307807922363281 0.00777626037597656
0.109588623046875 0.0411911010742188 0.236480712890625 0.084197998046875
0.237319946289063 0.11700439453125 0.323333740234375 -0.0511474609375
0.32000732421875 0.00311279296875 0.229934692382813 -0.170639038085938
0.305206298828125 -0.108306884765625 0.0969390869140625 -0.140357971191406
0.185501098632813 -0.252090454101563 0.0147323608398438 -0.122032165527344
0.0786895751953125 -0.274017333984375 -0.0445404052734375 -0.0544700622558594
0.0919952392578125 -0.239227294921875 -0.0558815002441406 0.020172119140625
0.08917236328125 -0.281951904296875 -0.0423126220703125 0.0584373474121094
0.160171508789063 -0.244842529296875 -0.0865325927734375 0.092742919921875
0.279953002929688 -0.167327880859375 -0.120529174804687 0.150283813476563
0.285003662109375 -0.055908203125 -0.1982421875 0.122543334960937
0.215316772460938 0.0992431640625 -0.275436401367188 0.0317840576171876
0.168426513671875 0.0090484619140625 -0.2293701171875 -0.052337646484375
0.251296997070313 -0.060882568359375 0.0154151916503906 0.0292625427246094
0.248764038085938 -0.115798950195313 0.0674781799316406 -0.000286102294921882
0.0878829956054688 -0.0118484497070312 0.33282470703125 0.09063720703125
0.172576904296875 0.0786285400390625 0.38189697265625 -0.073486328125
0.252120971679688 0.0109100341796875 0.22503662109375 -0.1922607421875
0.259490966796875 -0.080841064453125 0.0452194213867188 -0.124412536621094
0.16436767578125 -0.22198486328125 -0.03131103515625 -0.0479087829589844
0.064056396484375 -0.246688842773438 -0.056121826171875 0.0490226745605469
0.0725860595703125 -0.2200927734375 -0.049163818359375 0.116073608398437
0.069610595703125 -0.263671875 -0.0435333251953125 0.155685424804687
0.132843017578125 -0.238510131835937 -0.116226196289062 0.179092407226562
0.256210327148438 -0.178619384765625 -0.159332275390625 0.194534301757813
0.28271484375 -0.07330322265625 -0.218063354492187 0.115447998046875
0.234451293945312 0.11016845703125 -0.23529052734375 -0.00382995605468751
0.163925170898438 0.0485076904296875 -0.133224487304688 -0.06903076171875
0.223602294921875 -0.028289794921875 0.121627807617188 0.0330352783203125
0.197311401367188 -0.110122680664063 0.156524658203125 -0.020111083984375
0.0560302734375 -0.0419654846191406 0.4085693359375 0.096282958984375
0.09967041015625 0.0330810546875 0.431243896484375 -0.082672119140625
0.15850830078125 0.0052642822265625 0.232162475585938 -0.208633422851563
0.174652099609375 -0.0520477294921875 0.00879669189453126 -0.121673583984375
0.113113403320313 -0.163177490234375 -0.0681571960449219 0.00869750976562498
0.036529541015625 -0.18353271484375 -0.0599594116210938 0.134384155273437
0.0413818359375 -0.16790771484375 -0.0350341796875 0.194137573242188
0.04071044921875 -0.203536987304687 -0.0381317138671875 0.236343383789062
0.0899200439453125 -0.186309814453125 -0.13177490234375 0.251983642578125
0.192123413085938 -0.145904541015625 -0.187179565429688 0.231048583984375
0.221710205078125 -0.0638580322265625 -0.234542846679687 0.116806030273438
0.1964111328125 0.0971221923828125 -0.207992553710938 -0.0255279541015625
0.127899169921875 0.0636520385742188 -0.058807373046875 -0.0736465454101563
0.1678466796875 -0.0012054443359375 0.206649780273438 0.0465087890625
0.107398986816406 -0.0686264038085938 0.220855712890625 -0.041351318359375
0.01519775390625 -0.0284481048583984 0.458160400390625 0.096893310546875
0.0421714782714844 0.00389862060546875 0.46099853515625 -0.083343505859375
0.0712051391601562 -0.0102767944335938 0.239654541015625 -0.216064453125
0.0760040283203125 -0.0353469848632813 -0.0101470947265625 -0.122711181640625
0.0416412353515625 -0.091827392578125 -0.088287353515625 0.0445175170898437
0.000366210937499998 -0.095947265625 -0.054840087890625 0.190109252929687
0.0045166015625 -0.0913314819335938 -0.0161285400390625 0.242889404296875
0.00623321533203125 -0.111785888671875 -0.0283203125 0.288665771484375
0.0351943969726563 -0.103225708007813 -0.13531494140625 0.298828125
0.0987396240234375 -0.0838699340820313 -0.203445434570313 0.251663208007812
0.116310119628906 -0.0376663208007812 -0.243698120117187 0.120025634765625
0.111305236816406 0.0585479736328125 -0.19439697265625 -0.0321807861328125
0.0646896362304688 0.0444450378417969 -0.0152359008789062 -0.0653419494628906
0.09442138671875 0.0113601684570313 0.260604858398438 0.062042236328125
0.0186347961425781 -0.00322914123535156 -0.255783081054688 -0.000762939453124964
-0.0111522674560547 0.0224647521972656 -0.0130691528320313 0.0706787109375
0.0111446380615234 0.00493049621582031 0.198959350585938 0.0025634765625
0.0110044479370117 0.00312900543212891 0.2568359375 -0.1363525390625
0.0166988372802734 0.00444602966308594 0.20489501953125 -0.236602783203125
0.0174379348754883 0.00730037689208984 0.0945739746093751 -0.309844970703125
0.0141735076904297 -0.00954627990722656 -0.01861572265625 -0.2999267578125
0.0251426696777344 -0.000738143920898437 -0.0286407470703125 -0.230209350585938
0.0298919677734375 0.00658798217773438 0.016204833984375 -0.172958374023438
0.0239048004150391 0.0191764831542969 0.06805419921875 -0.0692672729492188
0.00671768188476562 0.0251827239990234 0.0232467651367188 0.097412109375
-0.0108795166015625 0.00725269317626953 -0.174285888671875 0.200408935546875
0.00651454925537109 -0.0113992691040039 -0.442657470703125 0.103363037109375
0.018951416015625 0.00694084167480469 -0.46533203125 -0.00778198242187502
0.0113887786865234 0.0136165618896484 -0.257858276367188 0.0679931640624999
0.0931320190429688 -0.0186080932617188 -0.237274169921875 0.000534057617187533
0.0474967956542969 0.0598831176757813 0.00604248046875 0.0638008117675781
0.126846313476563 0.0462875366210938 0.204437255859375 -0.004913330078125
0.136253356933594 -0.0199737548828125 0.248016357421875 -0.143463134765625
0.117156982421875 -0.05975341796875 0.193588256835937 -0.22454833984375
0.0648880004882813 -0.0950698852539063 0.084716796875 -0.299163818359375
0.0298690795898437 -0.108253479003906 -0.0303497314453125 -0.280670166015625
0.0481491088867187 -0.08795166015625 -0.044586181640625 -0.204132080078125
0.053192138671875 -0.0920181274414063 -0.002471923828125 -0.15631103515625
0.0799179077148438 -0.0570907592773438 0.0421714782714844 -0.0673446655273438
0.092437744140625 -0.0120468139648437 0.0108642578125 0.0926284790039063
0.0568618774414063 0.00775527954101562 -0.163497924804688 0.192672729492187
0.0423164367675781 1.9073486328125E-05 -0.414794921875 0.11370849609375
0.066070556640625 -0.0398712158203125 -0.44927978515625 0.00296020507812493
0.104377746582031 -0.0498886108398438 -0.238998413085937 0.06939697265625
0.157546997070313 -0.0421905517578125 -0.187789916992187 0.00912475585937498
0.0920562744140625 0.0820159912109375 0.0573081970214844 0.0607528686523438
0.216445922851563 0.0799102783203125 0.221755981445313 -0.0213165283203125
0.241729736328125 -0.035797119140625 0.233612060546875 -0.151901245117188
0.205459594726563 -0.110610961914063 0.167465209960938 -0.201629638671875
0.1077880859375 -0.182510375976563 0.066162109375 -0.25958251953125
0.0421600341796875 -0.1915283203125 -0.0387420654296875 -0.226699829101563
0.0646209716796875 -0.162811279296875 -0.054107666015625 -0.14691162109375
0.0664825439453125 -0.17974853515625 -0.0206832885742188 -0.108673095703125
0.12078857421875 -0.135345458984375 0.00292205810546876 -0.0403518676757813
0.17242431640625 -0.066070556640625 -0.0176162719726562 0.0932388305664063
0.135749816894531 -0.0052490234375 -0.153472900390625 0.17291259765625
0.0898818969726563 0.025115966796875 -0.36175537109375 0.11407470703125
0.102737426757813 -0.0579757690429688 -0.39520263671875 0.00720214843749999
0.176361083984375 -0.091522216796875 -0.176437377929687 0.057708740234375
0.203933715820313 -0.076202392578125 -0.115745544433594 0.0178985595703125
0.110572814941406 0.0726470947265625 0.136116027832031 0.0588455200195313
0.256011962890625 0.0960693359375 0.251663208007813 -0.0486602783203125
0.30169677734375 -0.03851318359375 0.213150024414063 -0.164260864257813
0.26324462890625 -0.136215209960938 0.12701416015625 -0.169387817382813
0.138565063476563 -0.237380981445313 0.038177490234375 -0.194747924804688
0.04931640625 -0.245407104492188 -0.044342041015625 -0.144287109375
0.0705718994140625 -0.212371826171875 -0.0556488037109375 -0.0669326782226563
0.0678863525390625 -0.24298095703125 -0.0325164794921875 -0.0340690612792969
0.137710571289063 -0.2025146484375 -0.0393142700195312 0.0148811340332031
0.22906494140625 -0.129608154296875 -0.05810546875 0.110755920410156
0.213699340820313 -0.037017822265625 -0.157608032226563 0.14825439453125
0.1533203125 0.0569305419921875 -0.30438232421875 0.0911560058593749
0.133079528808594 -0.0407257080078125 -0.3140869140625 -0.00503540039062504
0.217926025390625 -0.099884033203125 -0.0851058959960937 0.0394134521484375
0.225189208984375 -0.112396240234375 -0.0296001434326172 0.0156974792480469
0.102302551269531 0.03570556640625 0.229461669921875 0.0576324462890625
0.233932495117188 0.0915985107421875 0.2955322265625 -0.079833984375
0.2987060546875 -0.024139404296875 0.196792602539063 -0.179916381835938
0.276077270507813 -0.127777099609375 0.0780029296875 -0.137657165527344
0.1505126953125 -0.249481201171875 0.00340270996093752 -0.116188049316406
0.0489501953125 -0.259567260742188 -0.0475807189941406 -0.0464744567871094
0.06573486328125 -0.229568481445312 -0.0490608215332031 0.0254325866699219
0.0575103759765625 -0.26934814453125 -0.0346832275390625 0.05755615234375
0.12921142578125 -0.240951538085938 -0.0729141235351562 0.0943527221679688
0.246109008789062 -0.181045532226563 -0.0983734130859375 0.14971923828125
0.261062622070313 -0.0756072998046875 -0.173873901367187 0.132675170898438
0.211135864257813 0.0781097412109375 -0.255859375 0.0548858642578125
0.153671264648438 -0.001983642578125 -0.220596313476563 -0.0284576416015625
0.224746704101562 -0.080718994140625 0.0194988250732422 0.0224380493164062
0.214462280273438 -0.134384155273438 0.0602874755859375 -0.00139236450195313
0.077972412109375 -0.0118560791015625 0.319610595703125 0.0540771484375
0.169281005859375 0.062408447265625 0.346466064453125 -0.107879638671875
0.236709594726563 -0.0101165771484375 0.1885986328125 -0.20025634765625
0.237350463867188 -0.097412109375 0.0298690795898438 -0.118858337402344
0.13433837890625 -0.219970703125 -0.033966064453125 -0.0429153442382813
0.0370025634765625 -0.234054565429688 -0.0483245849609375 0.0507965087890625
0.0494537353515625 -0.210342407226563 -0.0350189208984375 0.112503051757812
0.040435791015625 -0.250762939453125 -0.02685546875 0.147293090820312
0.103851318359375 -0.232467651367188 -0.0930023193359375 0.177169799804688
0.222381591796875 -0.190032958984375 -0.131805419921875 0.194854736328125
0.25677490234375 -0.0924072265625 -0.1947021484375 0.128036499023438
0.23004150390625 0.08526611328125 -0.222503662109375 0.0171661376953125
0.153900146484375 0.03497314453125 -0.133674621582031 -0.0529708862304688
0.201919555664063 -0.0470733642578125 0.117225646972656 0.0153884887695312
0.168136596679687 -0.124343872070313 0.140670776367188 -0.0292816162109375
0.0464248657226563 -0.0388107299804688 0.391998291015625 0.050811767578125
0.09716796875 0.0261611938476563 0.392059326171875 -0.121978759765625
0.1488037109375 -0.0065155029296875 0.192230224609375 -0.218246459960938
0.159988403320313 -0.063629150390625 -0.005523681640625 -0.112762451171875
0.091461181640625 -0.161346435546875 -0.0640640258789063 0.0134162902832031
0.017242431640625 -0.173385620117187 -0.0443115234375 0.129966735839844
0.02496337890625 -0.159210205078125 -0.015106201171875 0.182525634765625
0.0193023681640625 -0.191986083984375 -0.015228271484375 0.220855712890625
0.0686187744140625 -0.180023193359375 -0.101837158203125 0.245162963867187
0.165603637695313 -0.152862548828125 -0.1552734375 0.231491088867188
0.200485229492188 -0.078216552734375 -0.21063232421875 0.1302490234375
0.193252563476563 0.0755615234375 -0.201187133789063 -0.00651550292968752
0.122215270996094 0.05126953125 -0.0653419494628906 -0.0642204284667969
0.152877807617188 -0.016632080078125 0.196319580078125 0.019439697265625
0.0908355712890625 -0.077301025390625 0.198822021484375 -0.055328369140625
0.0112819671630859 -0.0243053436279297 0.438507080078125 0.0452880859375
0.04046630859375 0.001800537109375 0.42034912109375 -0.126708984375
0.0655937194824219 -0.0150871276855469 0.198211669921875 -0.226547241210938
0.0693626403808594 -0.038970947265625 -0.0240859985351562 -0.113349914550781
0.0317459106445312 -0.089508056640625 -0.0801467895507813 0.0484771728515625
-0.00852203369140625 -0.08941650390625 -0.0341033935546875 0.18048095703125
-0.00332641601562499 -0.0853958129882813 0.00682067871093752 0.22430419921875
-0.004150390625 -0.103874206542969 -0.00181579589843752 0.267654418945313
0.0243988037109375 -0.0985031127929688 -0.101837158203125 0.287841796875
0.0844650268554688 -0.086669921875 -0.168441772460938 0.251998901367188
0.104415893554688 -0.0446929931640625 -0.219375610351562 0.134490966796875
0.108772277832031 0.0456619262695313 -0.189361572265625 -0.0135955810546875
0.0628128051757813 0.0382728576660156 -0.023834228515625 -0.060821533203125
0.087646484375 0.001953125 0.247116088867187 0.0281829833984375
0.0160322189331055 -0.00676631927490234 -0.236984252929687 0.024810791015625
-0.0077972412109375 0.0229301452636719 -0.00241851806640626 0.0674247741699219
0.0104541778564453 0.00309944152832031 0.189727783203125 -0.013824462890625
0.00966453552246094 0.00248146057128906 0.234100341796875 -0.14813232421875
0.0154361724853516 0.00270557403564453 0.177444458007813 -0.236434936523437
0.0168237686157227 0.00543498992919922 0.0694580078125 -0.296875
0.0122900009155273 -0.00898361206054688 -0.0377044677734375 -0.277587890625
0.0226402282714844 -0.00284194946289063 -0.0420989990234375 -0.211318969726562
0.02911376953125 0.00226211547851563 0.0041961669921875 -0.16143798828125
0.025177001953125 0.0163707733154297 0.0611724853515625 -0.0707855224609375
0.00913429260253906 0.0235252380371094 0.0339889526367188 0.0880889892578125
-0.0101737976074219 0.00890731811523438 -0.142822265625 0.204620361328125
0.00431919097900391 -0.0107002258300781 -0.406951904296875 0.1392822265625
0.0184650421142578 0.00547027587890625 -0.43902587890625 0.032806396484375
0.0118598937988281 0.0103244781494141 -0.232528686523438 0.0830078125
0.081787109375 -0.0261077880859375 -0.2198486328125 0.0245513916015625
0.0490989685058594 0.055419921875 0.0144767761230469 0.0603523254394531
0.122772216796875 0.0341033935546875 0.19451904296875 -0.0211944580078125
0.125411987304688 -0.0286865234375 0.224502563476563 -0.15399169921875
0.105545043945313 -0.064453125 0.168594360351562 -0.22467041015625
0.0546646118164063 -0.0926361083984375 0.06109619140625 -0.28643798828125
0.0202102661132812 -0.102584838867188 -0.0474090576171875 -0.258255004882813
0.0387420654296875 -0.0860595703125 -0.0548553466796875 -0.184890747070313
0.04364013671875 -0.091278076171875 -0.012725830078125 -0.14483642578125
0.0725021362304688 -0.05938720703125 0.0361099243164063 -0.0668067932128906
0.0877914428710938 -0.0173721313476563 0.0214462280273438 0.0844497680664062
0.0544242858886719 0.00603866577148438 -0.132919311523438 0.19598388671875
0.038818359375 -4.57763671875E-05 -0.378814697265625 0.144927978515625
0.0565605163574219 -0.0408477783203125 -0.422149658203125 0.041473388671875
0.0923538208007813 -0.0571136474609375 -0.21453857421875 0.0821075439453125
0.137840270996094 -0.0530014038085937 -0.173751831054687 0.029144287109375
0.0914382934570313 0.0748977661132813 0.0622940063476563 0.053680419921875
0.210952758789063 0.060821533203125 0.207733154296875 -0.037506103515625
0.22320556640625 -0.050628662109375 0.209182739257813 -0.159896850585938
0.184921264648438 -0.118499755859375 0.145355224609375 -0.200225830078125
0.0883636474609375 -0.17694091796875 0.0450286865234375 -0.248275756835937
0.025787353515625 -0.18072509765625 -0.05242919921875 -0.207168579101563
0.049468994140625 -0.15625 -0.0598983764648437 -0.130653381347656
0.049224853515625 -0.17413330078125 -0.0265884399414063 -0.0989151000976563
0.105148315429688 -0.1357421875 0.000930786132812508 -0.0384788513183594
0.159011840820313 -0.0743408203125 -0.00653839111328124 0.086761474609375
0.128738403320312 -0.0116424560546875 -0.126144409179688 0.17572021484375
0.0861434936523437 0.021728515625 -0.32928466796875 0.1397705078125
0.088165283203125 -0.0594940185546875 -0.371002197265625 0.0399169921875
0.1551513671875 -0.101852416992188 -0.157089233398438 0.0662078857421875
0.177230834960938 -0.08892822265625 -0.106292724609375 0.0315475463867188
0.107749938964844 0.0663223266601563 0.134384155273438 0.046356201171875
0.250030517578125 0.0743865966796875 0.232467651367188 -0.065887451171875
0.2806396484375 -0.057373046875 0.187667846679688 -0.169235229492188
0.2384033203125 -0.147552490234375 0.10858154296875 -0.16693115234375
0.113327026367188 -0.231094360351563 0.0225982666015625 -0.18646240234375
0.0279541015625 -0.231155395507813 -0.0520553588867187 -0.130714416503906
0.0520477294921875 -0.20330810546875 -0.0555343627929688 -0.0562171936035156
0.0458526611328125 -0.23223876953125 -0.0328731536865234 -0.0288562774658203
0.116073608398438 -0.19976806640625 -0.0358772277832031 0.0170211791992187
0.20733642578125 -0.139083862304688 -0.0447006225585937 0.106712341308594
0.2001953125 -0.0477294921875 -0.134628295898438 0.151962280273438
0.149505615234375 0.0473480224609375 -0.278213500976563 0.11163330078125
0.117637634277344 -0.0427780151367187 -0.29638671875 0.020965576171875
0.19140625 -0.111572265625 -0.0731277465820312 0.0408935546875
0.193954467773438 -0.124969482421875 -0.0269203186035156 0.0227146148681641
0.0967178344726563 0.0326690673828125 0.221298217773437 0.0365753173828125
0.229263305664063 0.0731048583984375 0.269775390625 -0.0996551513671875
0.279144287109375 -0.0423736572265625 0.16943359375 -0.183319091796875
0.252151489257812 -0.139862060546875 0.063629150390625 -0.134017944335937
0.124160766601562 -0.243240356445313 -0.00557708740234375 -0.110275268554688
0.02685546875 -0.244903564453125 -0.0486717224121094 -0.0384292602539063
0.0454559326171875 -0.219024658203125 -0.0430068969726563 0.0283393859863281
0.0341796875 -0.255722045898438 -0.0285911560058594 0.0559616088867187
0.105133056640625 -0.234451293945313 -0.0621261596679688 0.0939483642578125
0.2186279296875 -0.18829345703125 -0.0813446044921875 0.146499633789063
0.241012573242188 -0.08929443359375 -0.152511596679688 0.138519287109375
0.206436157226563 0.062957763671875 -0.236663818359375 0.0708465576171875
0.139999389648438 -0.0077972412109375 -0.211105346679688 -0.0094451904296875
0.198959350585938 -0.09381103515625 0.0218238830566406 0.0156936645507812
0.181900024414062 -0.145172119140625 0.0553436279296875 -0.000995635986328134
0.0699653625488281 -0.0107688903808594 0.304779052734375 0.0255126953125
0.165542602539063 0.0507965087890625 0.313385009765625 -0.131134033203125
0.222930908203125 -0.0243988037109375 0.158523559570313 -0.203155517578125
0.21826171875 -0.109115600585938 0.0180206298828125 -0.113418579101563
0.111190795898438 -0.21514892578125 -0.0358467102050781 -0.0394401550292969
0.0174560546875 -0.21978759765625 -0.04248046875 0.0514335632324218
0.03143310546875 -0.199798583984375 -0.0236892700195313 0.10791015625
0.0196533203125 -0.237213134765625 -0.0157623291015625 0.138343811035156
0.0818634033203125 -0.224288940429688 -0.07470703125 0.1728515625
0.194564819335937 -0.194656372070312 -0.109893798828125 0.191787719726563
0.234695434570313 -0.104812622070313 -0.174285888671875 0.135879516601563
0.224990844726563 0.0667266845703125 -0.210845947265625 0.03253173828125
0.144317626953125 0.02655029296875 -0.132545471191406 -0.040679931640625
0.18072509765625 -0.059783935546875 0.111183166503906 0.000762939453124996
0.141738891601563 -0.133010864257813 0.127708435058594 -0.033905029296875
0.0389518737792969 -0.034454345703125 0.373443603515625 0.0155029296875
0.094635009765625 0.0211105346679688 0.355010986328125 -0.15081787109375
0.140190124511719 -0.0155563354492188 0.159255981445313 -0.221282958984375
0.148910522460938 -0.0713043212890625 -0.01611328125 -0.105934143066406
0.0752105712890625 -0.1572265625 -0.0609092712402344 0.0156517028808594
0.002593994140625 -0.16229248046875 -0.0329208374023437 0.12469482421875
0.0120849609375 -0.150314331054688 -0.000579833984375012 0.170211791992188
0.00457763671875001 -0.1805419921875 0.0001220703125 0.205307006835938
0.052154541015625 -0.17279052734375 -0.0784759521484375 0.237274169921875
0.143753051757813 -0.156158447265625 -0.129791259765625 0.228744506835938
0.182846069335938 -0.08734130859375 -0.19110107421875 0.1390380859375
0.188461303710938 0.0586090087890625 -0.193832397460938 0.00863647460937498
0.116279602050781 0.0435104370117188 -0.0704193115234375 -0.0560379028320313
0.138771057128906 -0.027374267578125 0.184921264648438 -0.0020599365234375
0.0756912231445313 -0.0825881958007813 0.180374145507813 -0.0642547607421875
0.00902938842773438 -0.0198135375976563 0.417266845703125 0.00567626953125
0.0391960144042969 0.00017547607421875 0.38214111328125 -0.15777587890625
0.0608291625976563 -0.0182075500488281 0.164169311523438 -0.231903076171875
0.0643692016601563 -0.0422439575195313 -0.0348892211914062 -0.10498046875
0.0242156982421875 -0.0858688354492188 -0.073638916015625 0.0500717163085938
-0.015045166015625 -0.0823593139648438 -0.0186309814453125 0.170440673828125
-0.00865936279296876 -0.0800704956054688 0.0228271484375 0.206954956054688
-0.0112762451171875 -0.0960159301757813 0.0153656005859375 0.247665405273438
0.0169830322265625 -0.0935211181640625 -0.0760955810546875 0.276901245117188
0.0734329223632813 -0.0873336791992188 -0.141632080078125 0.248641967773438
0.09515380859375 -0.04888916015625 -0.199981689453125 0.143600463867187
0.106025695800781 0.035003662109375 -0.1846923828125 0.00125122070312498
0.0610198974609375 0.0342674255371094 -0.0315208435058594 -0.0561370849609375
0.0808258056640625 -0.00533294677734375 0.232421875 0.0018463134765625
0.0132846832275391 -0.0093994140625 -0.2176513671875 0.047607421875
-0.00398445129394531 0.0228137969970703 0.00829696655273438 0.064239501953125
0.00916290283203125 0.00113010406494141 0.181320190429688 -0.03021240234375
0.00785493850708008 0.00160789489746094 0.212646484375 -0.159286499023438
0.014399528503418 0.00121593475341797 0.153228759765625 -0.237380981445313
0.0165700912475586 0.00343036651611328 0.047393798828125 -0.28570556640625
0.0109415054321289 -0.00929641723632813 -0.0540313720703125 -0.256332397460938
0.0206050872802734 -0.0047454833984375 -0.0529632568359375 -0.193649291992187
0.0275344848632813 -0.00201034545898438 -0.0055389404296875 -0.151580810546875
0.0261783599853516 0.0136547088623047 0.0545501708984375 -0.0723419189453125
0.0118198394775391 0.0213851928710938 0.0442581176757813 0.078643798828125
-0.00909996032714844 0.0105905532836914 -0.111648559570313 0.2080078125
0.00283718109130859 -0.00969314575195313 -0.370330810546875 0.17095947265625
0.0179882049560547 0.00367546081542969 -0.411956787109375 0.0713806152343751
0.0113563537597656 0.00696754455566406 -0.208572387695313 0.0957794189453125
0.0703964233398438 -0.0320663452148438 -0.201690673828125 0.0464324951171875
0.0517463684082031 0.0516929626464844 0.0230026245117188 0.0561676025390625
0.118988037109375 0.0230484008789063 0.18499755859375 -0.036865234375
0.11529541015625 -0.0364456176757813 0.203292846679688 -0.162994384765625
0.0945892333984375 -0.0689010620117187 0.145950317382813 -0.225875854492188
0.0449600219726563 -0.0910110473632812 0.039459228515625 -0.2757568359375
0.0117416381835937 -0.0972366333007812 -0.0620574951171875 -0.23773193359375
0.0301895141601563 -0.0834884643554688 -0.0628509521484375 -0.167251586914063
0.0341262817382812 -0.090545654296875 -0.0209503173828125 -0.134567260742187
0.0658073425292969 -0.0615272521972656 0.0310859680175781 -0.0662841796875
0.0840835571289063 -0.0235671997070313 0.0309295654296875 0.0757598876953125
0.0535888671875 0.0042572021484375 -0.103378295898438 0.198471069335938
0.0363235473632813 0.00016021728515625 -0.34271240234375 0.1748046875
0.0483322143554687 -0.0410194396972656 -0.396484375 0.0790710449218751
0.079559326171875 -0.0629425048828125 -0.191131591796875 0.093231201171875
0.118843078613281 -0.06134033203125 -0.1583251953125 0.0468292236328125
0.0923614501953125 0.0686187744140625 0.0663909912109375 0.0464134216308594
0.205337524414063 0.0426788330078125 0.194869995117188 -0.053924560546875
0.20635986328125 -0.0641021728515625 0.186920166015625 -0.167282104492188
0.166656494140625 -0.12591552734375 0.125625610351563 -0.200408935546875
0.071136474609375 -0.172409057617188 0.026214599609375 -0.2388916015625
0.011474609375 -0.17083740234375 -0.0639495849609375 -0.189987182617188
0.035430908203125 -0.150497436523438 -0.0634384155273438 -0.116256713867188
0.033416748046875 -0.168243408203125 -0.0310745239257813 -0.0901260375976563
0.0919113159179688 -0.136131286621094 -0.00109481811523437 -0.0366363525390625
0.147308349609375 -0.082733154296875 0.00341033935546875 0.0800933837890625
0.123870849609375 -0.0174102783203125 -0.100448608398438 0.177825927734375
0.083770751953125 0.0189208984375 -0.29736328125 0.16363525390625
0.075225830078125 -0.0591506958007813 -0.348175048828125 0.0713500976562499
0.133041381835938 -0.110748291015625 -0.138969421386719 0.0725784301757813
0.150924682617188 -0.09820556640625 -0.0957107543945312 0.0438156127929687
0.106132507324219 0.0613861083984375 0.132942199707031 0.0332870483398438
0.24505615234375 0.053802490234375 0.214385986328125 -0.08203125
0.260879516601563 -0.074066162109375 0.164993286132813 -0.174652099609375
0.21514892578125 -0.157745361328125 0.092010498046875 -0.166366577148438
0.090423583984375 -0.225204467773438 0.00779724121093749 -0.179306030273438
0.010162353515625 -0.218475341796875 -0.0589141845703125 -0.117431640625
0.035186767578125 -0.194915771484375 -0.0544624328613281 -0.046783447265625
0.025634765625 -0.222335815429688 -0.0326423645019531 -0.0243568420410156
0.0969390869140625 -0.197006225585938 -0.0319118499755859 0.0189456939697266
0.187637329101563 -0.147689819335937 -0.0325546264648437 0.103065490722656
0.188873291015625 -0.05767822265625 -0.11187744140625 0.155181884765625
0.14739990234375 0.0392608642578125 -0.251998901367188 0.130279541015625
0.103996276855469 -0.0444412231445313 -0.27911376953125 0.045928955078125
0.165603637695313 -0.122573852539063 -0.0625267028808594 0.041107177734375
0.162521362304688 -0.133956909179688 -0.0231266021728515 0.0281829833984375
0.092498779296875 0.0313339233398438 0.21307373046875 0.0164794921875
0.22613525390625 0.05572509765625 0.24481201171875 -0.11785888671875
0.262557983398438 -0.0600433349609375 0.143646240234375 -0.186431884765625
0.22998046875 -0.1524658203125 0.0504226684570313 -0.131301879882813
0.099578857421875 -0.237716674804688 -0.0144805908203125 -0.106010437011719
0.00720214843749998 -0.230911254882813 -0.0488777160644531 -0.0312767028808594
0.0282440185546875 -0.208938598632813 -0.0369606018066406 0.0311698913574219
0.0132598876953125 -0.242935180664063 -0.0230140686035156 0.0540847778320312
0.0832061767578125 -0.228851318359375 -0.05145263671875 0.0934906005859375
0.193496704101563 -0.19549560546875 -0.0653533935546875 0.144210815429687
0.223602294921875 -0.10052490234375 -0.132431030273437 0.14349365234375
0.203598022460938 0.0482330322265625 -0.218963623046875 0.086822509765625
0.128875732421875 -0.0123291015625 -0.202133178710938 0.00857543945312501
0.173980712890625 -0.104660034179688 0.0237007141113281 0.00883483886718749
0.150726318359375 -0.15313720703125 0.0510482788085938 -0.000877380371093759
0.0638923645019531 -0.00811767578125 0.29180908203125 -0.0023193359375
0.163436889648438 0.0394287109375 0.2828369140625 -0.152923583984375
0.2108154296875 -0.0379638671875 0.13092041015625 -0.205963134765625
0.201202392578125 -0.1201171875 0.00724029541015627 -0.1080322265625
0.0892791748046875 -0.21087646484375 -0.0387306213378906 -0.0360908508300781
0.000808715820312496 -0.206710815429688 -0.0366744995117187 0.0520172119140625
0.0166473388671875 -0.190093994140625 -0.0133743286132812 0.103172302246094
0.000762939453125003 -0.223464965820313 -0.00608062744140626 0.130157470703125
0.061767578125 -0.217041015625 -0.0588226318359375 0.168487548828125
0.1697998046875 -0.199356079101563 -0.09033203125 0.189956665039063
0.215805053710938 -0.115631103515625 -0.1556396484375 0.142822265625
0.220855712890625 0.048919677734375 -0.200119018554687 0.0472412109375
0.135833740234375 0.0195846557617187 -0.13140869140625 -0.0276031494140625
0.160018920898437 -0.0703887939453125 0.105514526367188 -0.0133209228515625
0.115219116210937 -0.138359069824219 0.116363525390625 -0.0385971069335938
0.0334568023681641 -0.03021240234375 0.355438232421875 -0.01904296875
0.0927734375 0.0166778564453125 0.31988525390625 -0.176666259765625
0.133453369140625 -0.0226821899414062 0.128250122070312 -0.22479248046875
0.138664245605469 -0.07928466796875 -0.02642822265625 -0.098724365234375
0.060150146484375 -0.155029296875 -0.0590629577636719 0.0177650451660156
-0.00976562499999999 -0.152206420898438 -0.0222015380859375 0.119224548339844
0.00146484375000001 -0.142562866210938 0.0121612548828125 0.159042358398438
-0.00927734374999998 -0.169586181640625 0.0129852294921875 0.191680908203125
0.0371856689453125 -0.166290283203125 -0.0579833984375 0.228988647460938
0.124359130859375 -0.158096313476563 -0.1070556640625 0.226226806640625
0.166488647460938 -0.0953521728515625 -0.172637939453125 0.147369384765625
0.184616088867188 0.0427093505859375 -0.187744140625 0.02337646484375
0.112091064453125 0.0367813110351563 -0.0752716064453125 -0.0480499267578125
0.124534606933594 -0.0366744995117188 0.173324584960938 -0.0227508544921875
0.0599365234375 -0.0860595703125 0.16180419921875 -0.07281494140625
0.00772380828857422 -0.0165243148803711 0.39727783203125 -0.03509521484375
0.0384674072265625 -0.0008544921875 0.345367431640625 -0.18707275390625
0.0578422546386719 -0.0208892822265625 0.130615234375 -0.235748291015625
0.0595436096191406 -0.0455284118652344 -0.0454788208007812 -0.0965423583984375
0.0167694091796875 -0.0834197998046875 -0.068817138671875 0.0520820617675781
-0.0207366943359375 -0.0759506225585938 -0.0057220458984375 0.160659790039063
-0.0143051147460937 -0.0742568969726563 0.0360260009765625 0.190582275390625
-0.01739501953125 -0.0893783569335938 0.0300445556640625 0.230026245117187
0.00936126708984375 -0.08880615234375 -0.0533905029296875 0.266448974609375
0.0629959106445313 -0.0880279541015625 -0.117660522460937 0.245941162109375
0.0860061645507813 -0.0524749755859375 -0.181594848632812 0.152908325195313
0.103569030761719 0.0257720947265625 -0.180435180664063 0.016265869140625
0.0597152709960938 0.03076171875 -0.039398193359375 -0.0511283874511719
0.0737075805664063 -0.0121536254882813 0.21624755859375 -0.023284912109375
0.00923633575439453 -0.0108966827392578 -0.193283081054688 0.0702972412109375
-0.000143051147460938 0.0217933654785156 0.0190963745117188 0.0589637756347656
0.00759696960449219 -2.71797180175781E-05 0.170440673828125 -0.0475006103515625
0.00620174407958984 0.00108718872070313 0.188232421875 -0.171295166015625
0.0131826400756836 -9.72747802734375E-05 0.1265869140625 -0.238296508789063
0.015385627746582 0.00158977508544922 0.023590087890625 -0.272857666015625
0.00955390930175781 -0.00916004180908203 -0.0688018798828125 -0.233169555664063
0.0182876586914063 -0.00576210021972656 -0.0630950927734375 -0.173309326171875
0.0247726440429687 -0.00553131103515625 -0.0151214599609375 -0.140853881835938
0.0274009704589844 0.00983619689941406 0.0475082397460938 -0.0743255615234375
0.01422119140625 0.0188522338867187 0.0533218383789063 0.066925048828125
-0.00704765319824219 0.0127286911010742 -0.0773773193359375 0.207717895507813
0.0010075569152832 -0.00841188430786133 -0.32574462890625 0.20635986328125
0.017552375793457 0.00198173522949219 -0.380218505859375 0.11163330078125
0.0106287002563477 0.00378799438476563 -0.180831909179687 0.10675048828125
0.0577621459960938 -0.0364227294921875 -0.1787109375 0.0673675537109375
0.0535659790039063 0.0464630126953125 0.0320320129394531 0.0506439208984375
0.113693237304688 0.0112686157226562 0.17327880859375 -0.053924560546875
0.103630065917969 -0.0429229736328125 0.1796875 -0.173553466796875
0.0823211669921875 -0.0727157592773438 0.12042236328125 -0.226516723632813
0.0344772338867187 -0.0887680053710937 0.0158233642578125 -0.263092041015625
0.00363922119140625 -0.0910263061523438 -0.07598876953125 -0.214614868164063
0.021484375 -0.0802230834960938 -0.069549560546875 -0.147720336914062
0.0235366821289062 -0.0883026123046875 -0.02801513671875 -0.123252868652344
0.0582199096679688 -0.0637969970703125 0.0253067016601563 -0.0658378601074219
0.0790557861328125 -0.0291519165039062 0.0405311584472656 0.0658416748046875
0.0531501770019531 0.00232696533203125 -0.0701904296875 0.197738647460938
0.0345001220703125 0.000200271606445313 -0.299896240234375 0.205169677734375
0.0398826599121094 -0.0408210754394531 -0.36181640625 0.116973876953125
0.0646324157714844 -0.0679969787597656 -0.164932250976563 0.102798461914062
0.0968399047851563 -0.0674896240234375 -0.139640808105469 0.0637054443359375
0.0924530029296875 0.061279296875 0.0705490112304688 0.0377731323242188
0.19830322265625 0.022857666015625 0.179931640625 -0.0701751708984375
0.187164306640625 -0.0764617919921875 0.162445068359375 -0.175125122070313
0.14556884765625 -0.133209228515625 0.103439331054688 -0.200698852539063
0.0522003173828125 -0.1666259765625 0.0045928955078125 -0.2279052734375
-0.00254821777343752 -0.159439086914063 -0.073883056640625 -0.170013427734375
0.021636962890625 -0.142822265625 -0.0659027099609375 -0.100425720214844
0.016815185546875 -0.160079956054687 -0.0347900390625 -0.0810775756835938
0.0756378173828125 -0.13568115234375 -0.00308227539062499 -0.0348014831542969
0.133377075195313 -0.0907135009765625 0.013397216796875 0.0731735229492188
0.118743896484375 -0.0241470336914063 -0.0714263916015625 0.1768798828125
0.0819778442382813 0.015411376953125 -0.258453369140625 0.186981201171875
0.0621109008789062 -0.0576438903808594 -0.3179931640625 0.10455322265625
0.107864379882813 -0.116706848144531 -0.117820739746094 0.0772628784179688
0.121711730957031 -0.103927612304688 -0.082855224609375 0.0551223754882812
0.105278015136719 0.0546646118164063 0.130096435546875 0.0186691284179688
0.237838745117188 0.031219482421875 0.192855834960938 -0.0984649658203125
0.238571166992188 -0.09100341796875 0.139801025390625 -0.178985595703125
0.189407348632812 -0.167724609375 0.07391357421875 -0.16497802734375
0.06597900390625 -0.217086791992188 -0.0084991455078125 -0.169937133789063
-0.007354736328125 -0.203155517578125 -0.0636444091796875 -0.103424072265625
0.01739501953125 -0.184722900390625 -0.0519485473632812 -0.03704833984375
0.00532531738281252 -0.209457397460938 -0.0316486358642578 -0.0195808410644531
0.0749664306640625 -0.193344116210938 -0.0279273986816406 0.0205078125
0.164794921875 -0.155624389648437 -0.02020263671875 0.0980453491210937
0.176559448242188 -0.068817138671875 -0.0865325927734375 0.156356811523438
0.145126342773437 0.02862548828125 -0.221282958984375 0.148681640625
0.0900039672851563 -0.044891357421875 -0.25689697265625 0.071868896484375
0.135780334472656 -0.12969970703125 -0.05078125 0.0395050048828125
0.128730773925781 -0.139068603515625 -0.0177745819091797 0.0341053009033203
0.0892410278320313 0.0287246704101563 0.202728271484375 -0.0056915283203125
0.220565795898438 0.0359039306640625 0.216552734375 -0.134872436523438
0.243026733398438 -0.07611083984375 0.116836547851563 -0.188064575195312
0.204620361328125 -0.164077758789062 0.036285400390625 -0.127586364746094
0.0734405517578125 -0.230819702148438 -0.0243301391601562 -0.0992889404296875
-0.011077880859375 -0.214218139648438 -0.0486602783203125 -0.0242996215820313
0.010650634765625 -0.196578979492188 -0.0299243927001953 0.0327663421630859
-0.00849914550781251 -0.227005004882813 -0.0171432495117187 0.0528335571289062
0.0597686767578125 -0.221542358398437 -0.0405654907226562 0.092315673828125
0.165603637695313 -0.201141357421875 -0.0486526489257813 0.140220642089844
0.204559326171875 -0.113494873046875 -0.110275268554687 0.147201538085938
0.199554443359375 0.03118896484375 -0.197052001953125 0.103164672851563
0.117164611816406 -0.0161819458007813 -0.19012451171875 0.028472900390625
0.145492553710938 -0.1131591796875 0.024465560913086 0.000684738159179681
0.115982055664063 -0.156112670898438 0.0472679138183594 -0.00104141235351563
0.058013916015625 -0.00632858276367188 0.273345947265625 -0.0328216552734375
0.160430908203125 0.027496337890625 0.24639892578125 -0.173370361328125
0.197555541992188 -0.0518035888671875 0.09979248046875 -0.205902099609375
0.180587768554688 -0.131881713867188 -0.00460052490234373 -0.101531982421875
0.0657501220703125 -0.205184936523438 -0.0422096252441406 -0.0319061279296875
-0.0162200927734375 -0.191665649414062 -0.0306739807128906 0.0520553588867187
0.000869750976562484 -0.177963256835937 -0.003387451171875 0.0969009399414063
-0.0179290771484375 -0.207534790039063 0.00409698486328125 0.121650695800781
0.0404205322265625 -0.208206176757813 -0.0415191650390625 0.163604736328125
0.142425537109375 -0.202560424804688 -0.069183349609375 0.186294555664062
0.194488525390625 -0.126708984375 -0.134063720703125 0.149261474609375
0.215805053710938 0.02874755859375 -0.185943603515625 0.063720703125
0.127487182617188 0.012603759765625 -0.12945556640625 -0.0130615234375
0.136711120605469 -0.0794143676757812 0.0964508056640625 -0.0285797119140625
0.085906982421875 -0.140106201171875 0.102470397949219 -0.0436248779296875
0.0279121398925781 -0.0254917144775391 0.331512451171875 -0.057342529296875
0.0909576416015625 0.0110626220703125 0.278472900390625 -0.201095581054688
0.126579284667969 -0.0308685302734375 0.093536376953125 -0.224334716796875
0.125320434570312 -0.0877532958984375 -0.0370330810546875 -0.0894927978515625
0.043304443359375 -0.150527954101563 -0.0571670532226562 0.0212631225585938
-0.0213165283203125 -0.139595031738281 -0.0113372802734375 0.1131591796875
-0.00965881347656251 -0.131980895996094 0.024383544921875 0.145248413085938
-0.022216796875 -0.1561279296875 0.0264739990234375 0.176620483398438
0.0217132568359375 -0.158660888671875 -0.0367279052734375 0.220001220703125
0.103134155273438 -0.159683227539063 -0.08270263671875 0.22247314453125
0.149124145507813 -0.103363037109375 -0.150955200195313 0.156570434570313
0.179443359375 0.025726318359375 -0.179428100585937 0.0409698486328125
0.107505798339844 0.0293426513671875 -0.0800399780273438 -0.0376815795898437
0.107772827148438 -0.0448532104492187 0.156600952148438 -0.0437774658203125
0.04266357421875 -0.086822509765625 0.140914916992188 -0.080322265625
0.00646877288818359 -0.0132427215576172 0.368682861328125 -0.077392578125
0.0374908447265625 -0.0023193359375 0.300872802734375 -0.21661376953125
0.0530509948730469 -0.0231704711914062 0.0929718017578125 -0.2374267578125
0.05377197265625 -0.0494270324707031 -0.0565261840820313 -0.0864334106445313
0.00833892822265625 -0.08038330078125 -0.0640945434570312 0.0547294616699219
-0.0263252258300781 -0.067962646484375 0.00708007812499998 0.149368286132813
-0.0190391540527344 -0.0673179626464844 0.04833984375 0.17156982421875
-0.0233688354492188 -0.0812911987304687 0.0442352294921875 0.210678100585938
0.0025177001953125 -0.0837936401367188 -0.02978515625 0.253860473632813
0.0516815185546875 -0.088043212890625 -0.0910186767578125 0.242355346679688
0.07647705078125 -0.055816650390625 -0.1605224609375 0.16278076171875
0.100425720214844 0.0158004760742187 -0.174087524414063 0.033905029296875
0.0586395263671875 0.0264816284179688 -0.0475311279296875 -0.0440025329589844
0.0652236938476563 -0.0175094604492188 0.195266723632813 -0.0482177734375
0.00507736206054688 -0.0120935440063477 -0.160491943359375 0.0880889892578125
0.00317955017089844 0.0192775726318359 0.0294647216796875 0.0507049560546875
0.00590705871582031 -0.000730037689208984 0.154067993164063 -0.0641632080078125
0.00505924224853516 0.00173664093017578 0.157470703125 -0.178192138671875
0.0109462738037109 -0.00131416320800781 0.0947265625 -0.232467651367188
0.0134658813476563 -0.000473976135253906 -0.000701904296874983 -0.253494262695313
0.00800800323486328 -0.00905418395996094 -0.0799713134765625 -0.20465087890625
0.0156173706054688 -0.00682258605957031 -0.06842041015625 -0.149826049804688
0.0204925537109375 -0.00871467590332031 -0.0229721069335938 -0.126846313476563
0.0268993377685547 0.00484848022460938 0.0393218994140625 -0.0739669799804688
0.0161952972412109 0.0153541564941406 0.060546875 0.0525856018066406
-0.00429058074951172 0.014373779296875 -0.0395050048828125 0.19854736328125
-0.000654697418212891 -0.00680017471313477 -0.26690673828125 0.230194091796875
0.0171709060668945 -0.000664710998535156 -0.3314208984375 0.1502685546875
0.00893497467041016 0.00129127502441406 -0.147186279296875 0.112701416015625
0.04278564453125 -0.0372200012207031 -0.148239135742188 0.083648681640625
0.0542411804199219 0.0395050048828125 0.0401229858398438 0.04205322265625
0.105194091796875 0.0002593994140625 0.155197143554688 -0.0691986083984375
0.0894775390625 -0.0477142333984375 0.148773193359375 -0.17877197265625
0.0678939819335938 -0.0737762451171875 0.0903778076171875 -0.22039794921875
0.023345947265625 -0.083343505859375 -0.00851440429687502 -0.243927001953125
-0.00431060791015626 -0.0821609497070313 -0.084625244140625 -0.187271118164063
0.01275634765625 -0.0741348266601563 -0.071929931640625 -0.12664794921875
0.0129470825195312 -0.082916259765625 -0.0336380004882813 -0.109230041503906
0.0489768981933594 -0.0651473999023438 0.01934814453125 -0.0637969970703125
0.0720748901367188 -0.035552978515625 0.0478172302246094 0.0529708862304687
0.0519294738769531 -0.000885009765625 -0.0348052978515625 0.187210083007813
0.0322666168212891 0.000583648681640625 -0.24310302734375 0.224746704101562
0.0304450988769531 -0.0382194519042969 -0.313751220703125 0.15081787109375
0.0469017028808594 -0.0683403015136719 -0.1326904296875 0.106964111328125
0.07257080078125 -0.0667953491210938 -0.113990783691406 0.0769577026367187
0.0909957885742188 0.0516510009765625 0.0729751586914063 0.0264739990234375
0.185195922851563 0.003692626953125 0.158645629882813 -0.0838165283203125
0.163818359375 -0.086273193359375 0.13299560546875 -0.178359985351563
0.119911193847656 -0.135360717773438 0.0769500732421875 -0.1949462890625
0.032745361328125 -0.155075073242188 -0.0161285400390625 -0.209823608398438
-0.01513671875 -0.143478393554688 -0.0798492431640625 -0.146774291992188
0.00776672363281249 -0.131454467773438 -0.0650558471679688 -0.0839157104492188
0.000518798828125008 -0.146255493164063 -0.0363998413085937 -0.0702781677246094
0.0582351684570312 -0.132164001464844 -0.00439834594726562 -0.0315380096435547
0.116317749023438 -0.096710205078125 0.0221138000488281 0.0626907348632813
0.11065673828125 -0.0320816040039063 -0.03985595703125 0.1676025390625
0.0788803100585937 0.0114288330078125 -0.209213256835938 0.20196533203125
0.0479011535644531 -0.0531539916992187 -0.27557373046875 0.134002685546875
0.0786666870117188 -0.116264343261719 -0.094024658203125 0.0780258178710937
0.08837890625 -0.10186767578125 -0.06549072265625 0.0634346008300781
0.101432800292969 0.0464706420898438 0.122901916503906 0.003082275390625
0.223922729492187 0.0075225830078125 0.166122436523437 -0.110260009765625
0.21087646484375 -0.104461669921875 0.110260009765625 -0.178070068359375
0.1573486328125 -0.171279907226563 0.053192138671875 -0.158950805664062
0.0410614013671875 -0.20294189453125 -0.0244293212890625 -0.15557861328125
-0.0233154296875 -0.182662963867188 -0.0658416748046875 -0.0867919921875
0.001495361328125 -0.168060302734375 -0.0477218627929688 -0.0283889770507813
-0.0140838623046875 -0.189804077148438 -0.0290164947509766 -0.0148086547851563
0.0520477294921875 -0.184417724609375 -0.0228271484375 0.021738052368164
0.137588500976563 -0.1590576171875 -0.0076904296875 0.0896148681640625
0.159011840820313 -0.0786590576171875 -0.0590667724609375 0.150299072265625
0.139518737792969 0.0170516967773438 -0.18206787109375 0.160202026367187
0.0753097534179688 -0.0423126220703125 -0.22442626953125 0.0951690673828125
0.101325988769531 -0.129150390625 -0.0391120910644531 0.0359878540039062
0.09063720703125 -0.134483337402344 -0.0110321044921875 0.0379219055175781
0.083770751953125 0.0255966186523438 0.184326171875 -0.0272674560546875
0.209976196289062 0.0146942138671875 0.1805419921875 -0.146240234375
0.217681884765625 -0.0917205810546875 0.08624267578125 -0.18353271484375
0.173507690429688 -0.170501708984375 0.0206832885742188 -0.120285034179688
0.0464324951171875 -0.216201782226562 -0.033538818359375 -0.0895233154296875
-0.0279693603515625 -0.192108154296875 -0.0459251403808594 -0.0169448852539063
-0.00598144531249998 -0.178573608398438 -0.022796630859375 0.032510757446289
-0.02789306640625 -0.204513549804688 -0.0107040405273438 0.0493278503417969
0.03485107421875 -0.207534790039063 -0.0281906127929688 0.0887527465820312
0.132766723632813 -0.200042724609375 -0.03118896484375 0.1328125
0.1795654296875 -0.122695922851563 -0.08465576171875 0.145736694335937
0.190216064453125 0.012420654296875 -0.169219970703125 0.114700317382813
0.103660583496094 -0.0187225341796875 -0.170166015625 0.0471954345703125
0.111358642578125 -0.114646911621094 0.0227890014648438 -0.00810241699218751
0.0775604248046875 -0.149551391601563 0.041778564453125 -0.000892639160156259
0.0519332885742188 -0.00396347045898438 0.244552612304687 -0.0615997314453125
0.15399169921875 0.01361083984375 0.200912475585938 -0.186630249023437
0.1796875 -0.0643157958984375 0.0649566650390625 -0.197967529296875
0.154998779296875 -0.139022827148438 -0.015960693359375 -0.09149169921875
0.0417633056640625 -0.19219970703125 -0.0445137023925781 -0.0249557495117188
-0.03070068359375 -0.17083740234375 -0.0236663818359375 0.0500526428222656
-0.01220703125 -0.160980224609375 0.00603485107421874 0.087066650390625
-0.0343017578125 -0.18572998046875 0.0138626098632813 0.109214782714844
0.0186767578125 -0.193099975585938 -0.0231170654296875 0.153579711914063
0.110641479492188 -0.1988525390625 -0.045684814453125 0.177566528320313
0.16754150390625 -0.134628295898438 -0.108001708984375 0.15155029296875
0.203582763671875 0.0073699951171875 -0.165786743164063 0.0778045654296875
0.116615295410156 0.005767822265625 -0.122146606445313 0.00256347656250002
0.107673645019531 -0.0821456909179688 0.0827789306640625 -0.0422134399414063
0.05401611328125 -0.133338928222656 0.086212158203125 -0.0455245971679688
0.0227756500244141 -0.0195636749267578 0.293792724609375 -0.092437744140625
0.0879669189453125 0.00536346435546875 0.225921630859375 -0.217727661132812
0.11614990234375 -0.0389556884765625 0.0540771484375 -0.216140747070313
0.108131408691406 -0.0937957763671875 -0.047119140625 -0.0764389038085937
0.0250015258789063 -0.140449523925781 -0.0549697875976562 0.0252876281738281
-0.0311660766601562 -0.123397827148438 -0.00148773193359375 0.103317260742187
-0.0187606811523438 -0.118202209472656 0.03399658203125 0.127891540527344
-0.0334701538085938 -0.138351440429688 0.0371551513671875 0.156906127929688
0.00596618652343751 -0.1461181640625 -0.01416015625 0.204315185546875
0.078887939453125 -0.154922485351563 -0.055389404296875 0.212905883789063
0.127449035644531 -0.108421325683594 -0.125045776367188 0.1607666015625
0.168319702148437 0.0067138671875 -0.1644287109375 0.05718994140625
0.100601196289063 0.0219192504882813 -0.0815048217773438 -0.0248260498046875
0.088043212890625 -0.048736572265625 0.132965087890625 -0.0617141723632813
0.0234527587890625 -0.0822677612304688 0.115325927734375 -0.0832748413085938
0.00515651702880859 -0.00945472717285156 0.325653076171875 -0.1156005859375
0.0357093811035156 -0.0037994384765625 0.243377685546875 -0.235809326171875
0.0485649108886719 -0.026275634765625 0.051177978515625 -0.228103637695313
0.0453567504882812 -0.0517959594726562 -0.0654449462890625 -0.0716781616210938
-4.57763671874955E-05 -0.0739288330078125 -0.0577583312988281 0.0564994812011719
-0.0295143127441406 -0.0579757690429688 0.01788330078125 0.1337890625
-0.0230255126953125 -0.0584259033203125 0.0567474365234375 0.14862060546875
-0.0271148681640625 -0.0704879760742188 0.055877685546875 0.186355590820312
-0.0048065185546875 -0.0757598876953125 -0.00617980957031249 0.234283447265625
0.039306640625 -0.0853424072265625 -0.0621185302734375 0.23211669921875
0.0650749206542969 -0.0577392578125 -0.133193969726563 0.168426513671875
0.093902587890625 0.00562286376953125 -0.161117553710937 0.0515289306640625
0.0564460754394531 0.0223045349121094 -0.0539398193359375 -0.0334205627441406
0.0543212890625 -0.0218887329101563 0.166366577148438 -0.0694122314453125
0.000787734985351563 -0.010472297668457 -0.122589111328125 0.0924453735351562
0.00564765930175781 0.0161809921264648 0.0367851257324219 0.0383682250976562
0.00434088706970215 -0.000669717788696289 0.131576538085938 -0.0739517211914063
0.00420427322387695 0.0023653507232666 0.124603271484375 -0.17376708984375
0.00924491882324219 -0.00173759460449219 0.0650634765625 -0.214569091796875
0.0116357803344727 -0.00154781341552734 -0.0191497802734375 -0.223724365234375
0.00624990463256836 -0.00812864303588867 -0.0810546875 -0.172760009765625
0.0123386383056641 -0.00677108764648438 -0.0655899047851562 -0.1248779296875
0.0159759521484375 -0.0095367431640625 -0.0259475708007813 -0.110054016113281
0.0246791839599609 0.00104522705078125 0.0311470031738281 -0.06951904296875
0.0164775848388672 0.0118865966796875 0.0621566772460938 0.036834716796875
-0.00139808654785156 0.0146245956420898 -0.0055389404296875 0.175918579101562
-0.00136899948120117 -0.00506973266601563 -0.20098876953125 0.2325439453125
0.0153522491455078 -0.00229263305664063 -0.26910400390625 0.168243408203125
0.00688982009887695 -9.96589660644531E-05 -0.1112060546875 0.10626220703125
0.0286712646484375 -0.0323200225830078 -0.112571716308594 0.0880661010742188
0.0515899658203125 0.0326194763183594 0.0453109741210938 0.0304489135742188
0.0927581787109375 -0.0081787109375 0.132080078125 -0.077850341796875
0.0743942260742188 -0.0476226806640625 0.117111206054687 -0.173431396484375
0.0533294677734375 -0.0695266723632813 0.0627593994140625 -0.203506469726563
0.0142593383789063 -0.0739898681640625 -0.0255279541015625 -0.213760375976563
-0.00881958007812499 -0.07061767578125 -0.08441162109375 -0.15606689453125
0.00649261474609375 -0.0651741027832031 -0.0669479370117188 -0.104469299316406
0.00423431396484375 -0.07281494140625 -0.0336227416992188 -0.0931396484375
0.038604736328125 -0.0622978210449219 0.0141143798828125 -0.0583381652832031
0.0622291564941406 -0.0379638671875 0.0502204895019531 0.0383987426757813
0.0494232177734375 -0.00335311889648438 -0.00337219238281248 0.1649169921875
0.0295066833496094 0.00119781494140625 -0.1802978515625 0.224945068359375
0.0214767456054688 -0.0329685211181641 -0.254364013671875 0.1678466796875
0.0291061401367187 -0.0623970031738281 -0.0997161865234375 0.0996017456054688
0.0488967895507813 -0.0582542419433594 -0.0854415893554687 0.0802764892578125
0.0852737426757812 0.0429000854492187 0.070587158203125 0.0147781372070313
0.164566040039062 -0.0115814208984375 0.133056640625 -0.0896987915039063
0.136955261230469 -0.0873336791992188 0.1029052734375 -0.169708251953125
0.094390869140625 -0.127456665039063 0.052734375 -0.179946899414062
0.0175552368164062 -0.136955261230469 -0.0304412841796875 -0.183837890625
-0.021636962890625 -0.123069763183594 -0.0781478881835937 -0.120773315429688
-0.000785827636718761 -0.114578247070313 -0.0580329895019531 -0.0675315856933594
-0.010772705078125 -0.127250671386719 -0.0340194702148438 -0.0587501525878906
0.0417938232421875 -0.1212158203125 -0.0042877197265625 -0.0275382995605469
0.0958099365234375 -0.0957489013671875 0.0270462036132813 0.0503005981445313
0.0996475219726562 -0.0357818603515625 -0.0122833251953125 0.1473388671875
0.07354736328125 0.00856781005859375 -0.155242919921875 0.198654174804688
0.0353889465332031 -0.0436782836914063 -0.222824096679687 0.146987915039062
0.0501327514648438 -0.104225158691406 -0.0696334838867188 0.0704803466796875
0.0580062866210937 -0.0879364013671875 -0.0463981628417969 0.0650787353515625
0.0939407348632813 0.0391769409179687 0.109992980957031 -0.00965118408203125
0.200836181640625 -0.01068115234375 0.134841918945313 -0.112258911132813
0.178131103515625 -0.107437133789062 0.0807647705078125 -0.166839599609375
0.124893188476563 -0.162994384765625 0.033477783203125 -0.145294189453125
0.0213470458984375 -0.179428100585938 -0.0349655151367188 -0.134933471679688
-0.0309600830078125 -0.156021118164063 -0.0630340576171875 -0.0699119567871094
-0.00846862792968751 -0.145858764648438 -0.0402450561523438 -0.0210418701171875
-0.025360107421875 -0.163284301757813 -0.0245361328125 -0.0111827850341797
0.032379150390625 -0.165740966796875 -0.0174007415771484 0.0210494995117187
0.109359741210937 -0.151962280273438 0.00147247314453126 0.077392578125
0.138084411621094 -0.0822677612304688 -0.0338821411132813 0.134422302246094
0.128936767578125 0.00766754150390625 -0.139205932617188 0.157485961914062
0.0604286193847656 -0.0346603393554688 -0.183334350585938 0.10662841796875
0.0673141479492188 -0.116775512695313 -0.0284614562988281 0.0282878875732422
0.0552749633789062 -0.116317749023438 -0.00351333618164062 0.0390434265136719
0.07659912109375 0.0241622924804688 0.157791137695313 -0.0422821044921875
0.190933227539063 -0.001922607421875 0.140960693359375 -0.145156860351563
0.1871337890625 -0.097137451171875 0.056640625 -0.167831420898438
0.139572143554688 -0.163681030273438 0.00719451904296877 -0.10675048828125
0.025177001953125 -0.191452026367188 -0.039154052734375 -0.0753326416015625
-0.0354156494140625 -0.16412353515625 -0.041107177734375 -0.0107345581054688
-0.0147552490234375 -0.154983520507812 -0.0158348083496094 0.0293998718261719
-0.037506103515625 -0.174667358398438 -0.00540542602539063 0.0434417724609375
0.0157928466796875 -0.183975219726563 -0.0172042846679687 0.0806503295898437
0.101043701171875 -0.187210083007812 -0.0160598754882812 0.1187744140625
0.150909423828125 -0.122756958007812 -0.0594253540039062 0.133712768554688
0.172744750976562 -0.001800537109375 -0.136024475097656 0.115753173828125
0.0884857177734375 -0.01617431640625 -0.143936157226563 0.0582733154296875
0.0773773193359375 -0.102920532226563 0.0185070037841797 -0.0153865814208984
0.0429000854492187 -0.129524230957031 0.0362281799316406 0.00100708007812499
0.0452156066894531 0.00104141235351563 0.205108642578125 -0.07928466796875
0.141769409179688 0.0024566650390625 0.152099609375 -0.183013916015625
0.157012939453125 -0.0704803466796875 0.033355712890625 -0.178451538085938
0.126380920410156 -0.136070251464844 -0.0246810913085937 -0.0777587890625
0.0222625732421875 -0.1702880859375 -0.0447273254394531 -0.0179824829101563
-0.036651611328125 -0.145065307617188 -0.0182991027832031 0.0457572937011719
-0.019744873046875 -0.138130187988281 0.0109786987304687 0.0740432739257812
-0.0415496826171875 -0.157119750976563 0.0188217163085937 0.094146728515625
0.00259399414062501 -0.16973876953125 -0.00887298583984376 0.137336730957031
0.081329345703125 -0.183242797851562 -0.0260772705078125 0.160675048828125
0.137626647949219 -0.132026672363281 -0.082244873046875 0.143295288085938
0.18255615234375 -0.009307861328125 -0.1402587890625 0.0845260620117188
0.102546691894531 0.002777099609375 -0.108787536621094 0.0152206420898437
0.0785369873046875 -0.0750808715820313 0.0641517639160156 -0.0493736267089844
0.0257339477539063 -0.115226745605469 0.0677871704101563 -0.0410232543945313
0.0178070068359375 -0.0124893188476563 0.243438720703125 -0.112655639648438
0.0817413330078125 0.0010833740234375 0.167892456054687 -0.214401245117188
0.102752685546875 -0.04278564453125 0.01910400390625 -0.193695068359375
0.0893325805664063 -0.0926589965820312 -0.0528945922851563 -0.0608291625976563
0.0118560791015625 -0.123970031738281 -0.0502281188964844 0.0277252197265625
-0.0347137451171875 -0.103324890136719 0.00453186035156249 0.0898895263671875
-0.022674560546875 -0.100845336914062 0.0366439819335937 0.106925964355469
-0.0375137329101563 -0.116470336914063 0.0412750244140625 0.133705139160156
-0.00459289550781251 -0.127105712890625 0.00218200683593748 0.180694580078125
0.0568389892578125 -0.1422119140625 -0.0320587158203125 0.193115234375
0.103622436523438 -0.10528564453125 -0.0969696044921875 0.155044555664063
0.15020751953125 -0.00738525390625 -0.14263916015625 0.06817626953125
0.0902938842773438 0.0163345336914063 -0.0782928466796875 -0.0121994018554687
0.0662307739257813 -0.045745849609375 0.103042602539063 -0.0703125
0.00719833374023437 -0.0699310302734375 0.088134765625 -0.076629638671875
0.00446701049804688 -0.0047144889831543 0.267242431640625 -0.13824462890625
0.0335273742675781 -0.00459480285644531 0.180572509765625 -0.233871459960938
0.0423660278320313 -0.0264816284179688 0.0128936767578125 -0.204376220703125
0.0361213684082031 -0.0502700805664063 -0.0695762634277344 -0.0541954040527344
-0.00571060180664063 -0.0637626647949219 -0.0505104064941406 0.0560646057128906
-0.0287322998046875 -0.0467987060546875 0.0230865478515625 0.114578247070312
-0.0225677490234375 -0.0484657287597656 0.0559539794921875 0.123207092285156
-0.0275344848632813 -0.0584945678710938 0.0582427978515625 0.158218383789062
-0.00878524780273438 -0.0654525756835938 0.0103759765625 0.206436157226563
0.0275192260742188 -0.077362060546875 -0.0361785888671875 0.2110595703125
0.0530548095703125 -0.0549430847167969 -0.104232788085938 0.1629638671875
0.083251953125 -0.0019073486328125 -0.141708374023438 0.0634918212890625
0.052093505859375 0.0178108215332031 -0.0567665100097656 -0.0211677551269531
0.0418853759765625 -0.0216903686523438 0.128974914550781 -0.0789566040039063
-0.00196123123168945 -0.00812101364135742 -0.088104248046875 0.0843048095703125
0.00637722015380859 0.0125455856323242 0.0396766662597656 0.0265769958496094
0.00321531295776367 -0.000755786895751953 0.110679626464844 -0.0737380981445313
0.00363707542419434 0.00301909446716309 0.0986785888671875 -0.15863037109375
0.00698423385620117 -0.00188779830932617 0.0463714599609375 -0.188629150390625
0.00873565673828125 -0.00182294845581055 -0.023651123046875 -0.192413330078125
0.00489187240600586 -0.00692653656005859 -0.0704193115234375 -0.144500732421875
0.0098724365234375 -0.00531005859375 -0.0543365478515625 -0.1048583984375
0.0117654800415039 -0.00863933563232422 -0.0216827392578125 -0.0944442749023438
0.0211353302001953 -0.00214195251464844 0.0271720886230469 -0.0631790161132813
0.0153465270996094 0.00826930999755859 0.0597152709960937 0.0235862731933594
0.0013427734375 0.0137605667114258 0.0164642333984375 0.146759033203125
-0.00222420692443848 -0.00300860404968262 -0.142745971679688 0.21502685546875
0.0124368667602539 -0.00349807739257813 -0.210235595703125 0.163482666015625
0.00482892990112305 -0.000510692596435547 -0.0824508666992188 0.088104248046875
0.0176639556884766 -0.0237617492675781 -0.0811080932617188 0.0803146362304688
0.0466690063476563 0.0276870727539062 0.0459480285644531 0.0194168090820312
0.0791473388671875 -0.010589599609375 0.110641479492188 -0.0774917602539063
0.061614990234375 -0.0425300598144531 0.091461181640625 -0.157135009765625
0.0422554016113281 -0.0607070922851563 0.04449462890625 -0.178482055664063
0.00949478149414063 -0.0631217956542969 -0.02886962890625 -0.182891845703125
-0.00801086425781249 -0.0599327087402344 -0.072998046875 -0.130271911621094
0.00467681884765625 -0.0547447204589844 -0.054931640625 -0.0872344970703125
0.000881195068359376 -0.0617752075195313 -0.0277175903320313 -0.0792388916015625
0.0310897827148438 -0.0561332702636719 0.0129776000976563 -0.0519638061523438
0.0539321899414063 -0.0366249084472656 0.04888916015625 0.0259323120117187
0.0462074279785156 -0.00398635864257813 0.0157012939453125 0.136344909667969
0.0270671844482422 0.00378799438476563 -0.127151489257813 0.204437255859375
0.0154781341552734 -0.0246677398681641 -0.197769165039062 0.16156005859375
0.0165519714355469 -0.0507965087890625 -0.0731353759765625 0.08209228515625
0.0314140319824219 -0.0431976318359375 -0.0594635009765625 0.073516845703125
0.0757293701171875 0.0380859375 0.0652809143066406 0.00605392456054688
0.141220092773437 -0.0167083740234375 0.10992431640625 -0.086639404296875
0.114387512207031 -0.079345703125 0.078582763671875 -0.152801513671875
0.0752334594726563 -0.111572265625 0.037261962890625 -0.157638549804688
0.0106048583984375 -0.115737915039062 -0.03363037109375 -0.15631103515625
-0.0196914672851562 -0.103775024414063 -0.0677642822265625 -0.100242614746094
-0.00152587890624999 -0.0966110229492187 -0.0471038818359375 -0.0564765930175781
-0.0120086669921875 -0.10711669921875 -0.0277061462402344 -0.0498733520507813
0.031951904296875 -0.106536865234375 -0.002593994140625 -0.0239105224609375
0.0800933837890625 -0.0875320434570313 0.0281867980957031 0.0380935668945312
0.0884170532226563 -0.0349655151367188 0.00494384765625001 0.12127685546875
0.0674057006835938 0.00815963745117188 -0.109603881835938 0.177780151367188
0.0267047882080078 -0.0312480926513672 -0.17266845703125 0.140670776367188
0.029571533203125 -0.0845184326171875 -0.0509223937988281 0.0556640625
0.0350799560546875 -0.0664749145507813 -0.0298614501953125 0.0601730346679688
0.0837173461914063 0.037109375 0.0949325561523438 -0.01593017578125
0.174835205078125 -0.0164642333984375 0.107765197753906 -0.103042602539063
0.149810791015625 -0.0989837646484375 0.0593719482421875 -0.14715576171875
0.100326538085937 -0.144271850585938 0.0214767456054688 -0.126480102539063
0.0127105712890625 -0.15191650390625 -0.0358963012695312 -0.113410949707031
-0.02813720703125 -0.131217956542969 -0.05413818359375 -0.0569038391113281
-0.00806427001953125 -0.123184204101563 -0.0323276519775391 -0.0175514221191406
-0.0250244140625 -0.136611938476562 -0.0195064544677734 -0.00902175903320313
0.0219573974609375 -0.143325805664063 -0.0121250152587891 0.0190486907958984
0.0886764526367188 -0.136199951171875 0.0064849853515625 0.064666748046875
0.119636535644531 -0.0767974853515625 -0.0178451538085937 0.112701416015625
0.115737915039063 0.00470733642578125 -0.102981567382812 0.14044189453125
0.0499649047851563 -0.0229949951171875 -0.144744873046875 0.1024169921875
0.0418319702148438 -0.0930633544921875 -0.0211143493652344 0.0178070068359375
0.0306549072265625 -0.08966064453125 0.00255203247070313 0.0378379821777344
0.0676651000976563 0.0263175964355469 0.130409240722656 -0.0461807250976563
0.167739868164063 -0.0081634521484375 0.107810974121094 -0.130546569824219
0.159622192382813 -0.0916748046875 0.0367431640625 -0.144989013671875
0.112701416015625 -0.1466064453125 -0.00012207031249999 -0.0912094116210938
0.0150299072265625 -0.162277221679687 -0.0385627746582031 -0.0619049072265625
-0.032073974609375 -0.137184143066406 -0.0357208251953125 -0.00709915161132813
-0.0139083862304688 -0.130767822265625 -0.0116596221923828 0.0249118804931641
-0.0353240966796875 -0.14544677734375 -0.0030059814453125 0.0361366271972656
0.00772094726562501 -0.157562255859375 -0.0107879638671875 0.0703811645507813
0.0787353515625 -0.1650390625 -0.00763702392578124 0.102485656738281
0.127449035644531 -0.112174987792969 -0.0423812866210938 0.116561889648438
0.152511596679688 -0.0069732666015625 -0.107292175292969 0.105690002441406
0.0756072998046875 -0.00814056396484375 -0.117164611816406 0.0583877563476563
0.0517425537109375 -0.0817489624023438 0.0127391815185547 -0.0204010009765625
0.0194549560546875 -0.100502014160156 0.0314807891845703 0.00493240356445312
0.0402793884277344 0.00809478759765625 0.165206909179688 -0.0814056396484375
0.126937866210938 -0.00138092041015625 0.111557006835938 -0.163665771484375
0.135948181152344 -0.0678863525390625 0.01251220703125 -0.151275634765625
0.103759765625 -0.122810363769531 -0.0270004272460937 -0.0626068115234375
0.0140838623046875 -0.145355224609375 -0.04266357421875 -0.011627197265625
-0.0330276489257812 -0.1204833984375 -0.0152015686035156 0.0398063659667969
-0.0173721313476562 -0.116485595703125 0.0108375549316406 0.0614738464355469
-0.0376434326171875 -0.131675720214844 0.017059326171875 0.0789871215820313
-0.00260925292968751 -0.143951416015625 -0.0018768310546875 0.11767578125
0.062255859375 -0.159637451171875 -0.0149154663085937 0.139846801757813
0.113815307617187 -0.118820190429688 -0.063018798828125 0.127723693847656
0.159072875976563 -0.0146636962890625 -0.116226196289063 0.0809860229492187
0.0887069702148438 0.0061798095703125 -0.092926025390625 0.0205459594726562
0.0555229187011719 -0.0583572387695313 0.0457725524902344 -0.0499038696289063
0.007720947265625 -0.0897216796875 0.0529098510742187 -0.0311126708984375
0.0160903930664063 -0.00391197204589844 0.194183349609375 -0.113250732421875
0.0751495361328125 -0.00054168701171875 0.120223999023437 -0.19390869140625
0.0904006958007813 -0.04144287109375 -0.0038909912109375 -0.163070678710938
0.073883056640625 -0.0845489501953125 -0.0522918701171875 -0.0454521179199219
0.0064544677734375 -0.104942321777344 -0.0460243225097656 0.0282707214355469
-0.0305252075195312 -0.0853500366210937 0.00386810302734375 0.0761642456054688
-0.0194625854492187 -0.0841598510742188 0.0308151245117188 0.0888290405273438
-0.033111572265625 -0.0972213745117188 0.036224365234375 0.112617492675781
-0.00720977783203125 -0.107376098632812 0.0073089599609375 0.15496826171875
0.043304443359375 -0.1226806640625 -0.019073486328125 0.168365478515625
0.084625244140625 -0.0939254760742188 -0.0749740600585937 0.140487670898438
0.129585266113281 -0.011962890625 -0.121597290039062 0.0687942504882813
0.07891845703125 0.0156784057617187 -0.0714874267578125 -0.00221252441406251
0.0482444763183594 -0.0354423522949219 0.0749053955078125 -0.06756591796875
-0.00274276733398437 -0.0549392700195313 0.0665054321289063 -0.0612030029296875
0.0050053596496582 -0.000458717346191406 0.211563110351562 -0.137649536132812
0.030731201171875 -0.00412178039550781 0.127700805664063 -0.213088989257812
0.0380897521972656 -0.0245742797851563 -0.0118408203125 -0.171585083007813
0.02899169921875 -0.0456008911132813 -0.0677604675292969 -0.0382766723632813
-0.00731658935546875 -0.0530662536621094 -0.0455436706542969 0.0530624389648438
-0.0248565673828125 -0.0374336242675781 0.0195693969726562 0.0968475341796875
-0.0190238952636719 -0.039703369140625 0.04644775390625 0.102104187011719
-0.0237464904785156 -0.0479316711425781 0.0501861572265625 0.133155822753906
-0.00864410400390625 -0.0552597045898437 0.0142974853515625 0.176361083984375
0.0206565856933594 -0.0670967102050781 -0.0225830078125 0.183990478515625
0.0438117980957031 -0.0486564636230469 -0.081756591796875 0.14898681640625
0.0716323852539062 -0.00452423095703125 -0.122085571289063 0.0667648315429688
0.0466232299804688 0.0160064697265625 -0.0552444458007812 -0.0107955932617188
0.0307941436767578 -0.0172882080078125 0.0946273803710938 -0.0748138427734375
-0.0035700798034668 -0.00565767288208008 -0.0627975463867188 0.0690460205078125
0.00544261932373047 0.0098123550415039 0.0396308898925781 0.0160789489746094
0.00191664695739746 -0.000439643859863281 0.0945663452148437 -0.0684738159179688
0.00314545631408691 0.00313186645507812 0.0822906494140625 -0.140098571777344
0.00523757934570313 -0.000987052917480469 0.0391998291015625 -0.162948608398438
0.0062103271484375 -0.00130844116210938 -0.018096923828125 -0.164596557617187
0.00433731079101563 -0.00563192367553711 -0.0531158447265625 -0.125190734863281
0.00876045227050781 -0.00402450561523438 -0.0386962890625 -0.0916366577148438
0.00879573822021484 -0.00698566436767578 -0.0129318237304688 -0.0830535888671875
0.0177402496337891 -0.00354194641113281 0.0268058776855469 -0.0565299987792969
0.0139389038085938 0.00599575042724609 0.0550804138183594 0.0135650634765625
0.00313377380371094 0.0124912261962891 0.02716064453125 0.117767333984375
-0.00200498104095459 -0.001517653465271 -0.0998077392578125 0.185821533203125
0.0101690292358398 -0.00390911102294922 -0.163406372070313 0.14599609375
0.00357699394226074 -0.000357627868652344 -0.0623130798339844 0.0656661987304687
0.0107641220092773 -0.0137720108032227 -0.056610107421875 0.0665397644042969
0.0412750244140625 0.0256805419921875 0.0448417663574219 0.0103683471679688
0.0674934387207031 -0.00890350341796875 0.0944976806640625 -0.0714035034179688
0.0526351928710938 -0.0352935791015625 0.076141357421875 -0.138359069824219
0.03570556640625 -0.0506744384765625 0.037628173828125 -0.154464721679688
0.00908279418945313 -0.0524215698242188 -0.0228424072265625 -0.156661987304688
-0.00458526611328125 -0.0510635375976563 -0.0557632446289063 -0.112937927246094
0.0063934326171875 -0.0467605590820312 -0.03955078125 -0.0766143798828125
0.0018463134765625 -0.0525283813476563 -0.0188140869140625 -0.07037353515625
0.0269279479980469 -0.0494232177734375 0.0142364501953125 -0.04620361328125
0.0468978881835938 -0.0328865051269531 0.0451583862304688 0.016510009765625
0.0439796447753906 -0.0035247802734375 0.0254592895507813 0.108741760253906
0.0254993438720703 0.00605201721191406 -0.0884246826171875 0.175323486328125
0.0126094818115234 -0.0165805816650391 -0.153228759765625 0.142669677734375
0.00963211059570313 -0.0381355285644531 -0.0551033020019531 0.06011962890625
0.0200290679931641 -0.0261764526367188 -0.0404701232910156 0.0620079040527344
0.0665817260742188 0.0377998352050781 0.0591201782226563 0.000522613525390627
0.122016906738281 -0.0137252807617188 0.093017578125 -0.0773696899414063
0.0982666015625 -0.0667037963867188 0.0651473999023438 -0.132911682128906
0.0645904541015625 -0.0939712524414062 0.0308456420898438 -0.135475158691406
0.0115737915039062 -0.0970993041992187 -0.0271224975585937 -0.133193969726562
-0.0127944946289063 -0.088836669921875 -0.05206298828125 -0.0866165161132813
0.00305938720703124 -0.0826644897460938 -0.0346908569335937 -0.0506248474121094
-0.00745391845703126 -0.0909271240234375 -0.0194969177246094 -0.04473876953125
0.0281829833984375 -0.091552734375 0.00134468078613281 -0.0217437744140625
0.0703048706054688 -0.0770339965820313 0.0267486572265625 0.0282459259033203
0.0815963745117188 -0.0310592651367188 0.0126876831054688 0.0961837768554688
0.062591552734375 0.0110588073730469 -0.077789306640625 0.150741577148438
0.0224151611328125 -0.018035888671875 -0.13385009765625 0.122550964355469
0.0172576904296875 -0.0625839233398438 -0.0385551452636719 0.0378646850585937
0.02178955078125 -0.0426712036132813 -0.0173416137695313 0.0528335571289063
0.0740127563476563 0.0390701293945313 0.0809249877929688 -0.0168228149414062
0.1517333984375 -0.0141754150390625 0.0889968872070313 -0.0892105102539063
0.129562377929688 -0.0846023559570313 0.0474700927734375 -0.125335693359375
0.0862960815429688 -0.121833801269531 0.0173873901367188 -0.1077880859375
0.014251708984375 -0.127532958984375 -0.03131103515625 -0.0958480834960938
-0.0183258056640625 -0.112052917480469 -0.0432548522949219 -0.0489082336425781
-0.000755310058593761 -0.105110168457031 -0.0239372253417969 -0.0165538787841797
-0.0169143676757813 -0.115562438964844 -0.0145511627197266 -0.0093526840209961
0.0211181640625 -0.121826171875 -0.00771141052246093 0.0158567428588867
0.0764923095703125 -0.117630004882813 0.00736618041992188 0.0535087585449219
0.106597900390625 -0.0674591064453125 -0.00959014892578125 0.0911712646484375
0.104705810546875 0.00708770751953125 -0.0778884887695313 0.11767578125
0.043670654296875 -0.0092926025390625 -0.113693237304687 0.0891036987304687
0.0265121459960937 -0.066986083984375 -0.0171527862548828 0.00728034973144531
0.0163917541503906 -0.0609779357910156 0.00650405883789062 0.0359458923339844
0.0615692138671875 0.0318107604980469 0.107406616210937 -0.0423126220703125
0.148391723632813 -0.006103515625 0.0855331420898438 -0.110977172851563
0.139495849609375 -0.0792007446289063 0.025726318359375 -0.120872497558594
0.097930908203125 -0.124717712402344 -0.00128173828124999 -0.0762176513671875
0.0166244506835937 -0.135940551757813 -0.0344696044921875 -0.0514602661132813
-0.0213546752929688 -0.1173095703125 -0.0301055908203125 -0.00595855712890626
-0.00502777099609375 -0.111923217773438 -0.00965309143066406 0.0197963714599609
-0.0239715576171875 -0.12353515625 -0.0030517578125 0.0302772521972656
0.00928497314453126 -0.132858276367188 -0.00782012939453125 0.0596580505371094
0.0678863525390625 -0.141021728515625 -0.00472259521484375 0.0868301391601562
0.111587524414063 -0.0972061157226563 -0.03302001953125 0.0971755981445313
0.135108947753906 -0.00399017333984375 -0.0868606567382813 0.08929443359375
0.0665550231933594 0.0030059814453125 -0.095123291015625 0.051513671875
0.0354843139648438 -0.0563125610351563 0.00768089294433594 -0.0234222412109375
0.00705718994140624 -0.071197509765625 0.0279178619384766 0.0104789733886719
0.0373191833496094 0.016845703125 0.133338928222656 -0.07269287109375
0.114295959472656 0.0006103515625 0.0834274291992188 -0.138816833496094
0.120193481445313 -0.0594024658203125 0.00220489501953125 -0.123916625976563
0.0898513793945313 -0.105796813964844 -0.0261688232421875 -0.0503196716308594
0.0151138305664062 -0.121200561523437 -0.0392036437988281 -0.00746917724609375
-0.0223007202148437 -0.1024169921875 -0.0149497985839844 0.0343208312988281
-0.00813293457031249 -0.100212097167969 0.00628280639648437 0.0518798828125
-0.0259246826171875 -0.11114501953125 0.011566162109375 0.0674667358398438
0.000938415527343741 -0.121353149414062 -0.00237274169921874 0.101104736328125
0.0535354614257813 -0.135032653808594 -0.0115737915039062 0.120071411132812
0.0991134643554688 -0.101531982421875 -0.0515975952148437 0.109916687011719
0.138336181640625 -0.0117416381835938 -0.0983200073242188 0.0715408325195312
0.07763671875 0.0134048461914063 -0.0794677734375 0.0211181640625
0.0398368835449219 -0.0387725830078125 0.0316886901855469 -0.0463409423828125
-0.00150299072265625 -0.0652694702148438 0.0433425903320313 -0.018341064453125
0.0158796310424805 0.00448131561279297 0.154281616210938 -0.102127075195313
0.0688247680664062 0.00197982788085937 0.0866241455078125 -0.165481567382813
0.0811691284179688 -0.0373382568359375 -0.01568603515625 -0.132637023925781
0.0639266967773438 -0.0740966796875 -0.048736572265625 -0.0341110229492188
0.00731658935546876 -0.0881118774414063 -0.0426673889160156 0.0270919799804687
-0.0220794677734375 -0.0721664428710938 -0.000637054443359373 0.06585693359375
-0.011260986328125 -0.0724563598632813 0.0211105346679687 0.0756149291992188
-0.0228729248046875 -0.0823287963867188 0.02532958984375 0.0968399047851563
-0.00339508056640625 -0.09014892578125 0.00395965576171874 0.132713317871094
0.0374908447265625 -0.103431701660156 -0.0155487060546875 0.145294189453125
0.0735931396484375 -0.0792999267578125 -0.0626907348632813 0.1226806640625
0.112014770507813 -0.00922393798828125 -0.10516357421875 0.0644378662109375
0.0693778991699219 0.0192146301269531 -0.0644912719726563 0.00317382812499999
0.0351638793945313 -0.0215873718261719 0.05322265625 -0.058990478515625
-0.00677490234375 -0.0398445129394531 0.0525360107421875 -0.0427436828613281
0.00642538070678711 0.00384283065795898 0.166366577148438 -0.12322998046875
0.0295124053955078 -0.00269889831542969 0.0897216796875 -0.184478759765625
0.0340442657470703 -0.0222434997558594 -0.0252227783203125 -0.139663696289063
0.0247306823730469 -0.0396690368652344 -0.0630874633789063 -0.0264816284179687
-0.00467681884765625 -0.0444259643554688 -0.0423316955566406 0.0483970642089844
-0.0185909271240234 -0.0309772491455078 0.0113677978515625 0.0829620361328125
-0.01300048828125 -0.0337467193603516 0.032440185546875 0.0872344970703125
-0.01702880859375 -0.0408859252929688 0.0361404418945312 0.115242004394531
-0.00521469116210937 -0.0463752746582031 0.0084686279296875 0.15155029296875
0.0180625915527344 -0.0560111999511719 -0.0189361572265625 0.159210205078125
0.0382575988769531 -0.0408210754394531 -0.0684051513671875 0.131744384765625
0.06207275390625 -0.00321578979492187 -0.105941772460937 0.0642013549804688
0.0412864685058594 0.016754150390625 -0.0524635314941406 -0.00265121459960938
0.0225028991699219 -0.0108985900878906 0.067901611328125 -0.0630378723144531
-0.00441741943359375 -0.00366973876953125 -0.0436363220214844 0.0521507263183594
0.00480175018310547 0.00775718688964844 0.0391998291015625 0.00737762451171875
0.000984609127044678 0.000146210193634033 0.084625244140625 -0.0627288818359375
0.00289297103881836 0.00357580184936523 0.073516845703125 -0.122962951660156
0.00385761260986328 -3.60012054443359E-05 0.0385589599609375 -0.141387939453125
0.0047612190246582 -0.000280380249023438 -0.00633239746093749 -0.144943237304688
0.00376319885253906 -0.00470399856567383 -0.0344924926757813 -0.114181518554688
0.00773096084594727 -0.00300264358520508 -0.0228729248046875 -0.085357666015625
0.00696182250976563 -0.00588893890380859 -0.002532958984375 -0.076629638671875
0.0147600173950195 -0.00345420837402344 0.0295600891113281 -0.0518608093261719
0.0125741958618164 0.00484943389892578 0.0514030456542969 0.00616836547851562
0.00456333160400391 0.0112876892089844 0.0321884155273438 0.0925674438476563
-0.00231552124023438 0.000239133834838867 -0.0699615478515625 0.155838012695313
0.00843667984008789 -0.00375652313232422 -0.128814697265625 0.123321533203125
0.00242853164672852 -9.65595245361328E-05 -0.0496864318847656 0.0428047180175781
0.00675106048583984 -0.00409460067749023 -0.0391883850097656 0.0504341125488281
0.036407470703125 0.0264892578125 0.0429840087890625 0.00290298461914063
0.058868408203125 -0.00417327880859375 0.0842208862304688 -0.064666748046875
0.0470695495605469 -0.0277557373046875 0.0680694580078125 -0.121047973632813
0.0331916809082031 -0.04132080078125 0.037200927734375 -0.133857727050781
0.0109138488769531 -0.0441207885742188 -0.0107192993164063 -0.137184143066406
0.000465393066406245 -0.0449447631835938 -0.0371932983398437 -0.103584289550781
0.00983428955078125 -0.0408096313476563 -0.0243301391601563 -0.071990966796875
0.00504684448242187 -0.0455780029296875 -0.00806808471679688 -0.0655670166015625
0.0256538391113281 -0.0429229736328125 0.0183830261230469 -0.0430717468261719
0.04364013671875 -0.0284614562988281 0.0419540405273438 0.00933837890625
0.0425834655761719 -0.00215530395507813 0.0292816162109375 0.0842056274414063
0.0246524810791016 0.00940704345703125 -0.0612945556640625 0.145751953125
0.0114955902099609 -0.00862693786621094 -0.120292663574219 0.119842529296875
0.00610160827636719 -0.0259971618652344 -0.0438079833984375 0.0379142761230469
0.013453483581543 -0.00890064239501953 -0.0261726379394531 0.04931640625
0.0591354370117188 0.0409126281738281 0.0540008544921875 -0.00354766845703125
0.107566833496094 -0.0061798095703125 0.0819854736328125 -0.06781005859375
0.087982177734375 -0.053558349609375 0.058868408203125 -0.11492919921875
0.06072998046875 -0.0771102905273438 0.0311660766601562 -0.117042541503906
0.0173492431640625 -0.082366943359375 -0.016448974609375 -0.116508483886719
-0.003021240234375 -0.0784378051757813 -0.036956787109375 -0.0794601440429687
0.011566162109375 -0.07281494140625 -0.0223503112792969 -0.0479354858398438
0.000839233398437502 -0.0794219970703125 -0.0107612609863281 -0.0425529479980469
0.0294876098632812 -0.0789031982421875 0.00506210327148438 -0.0211067199707031
0.0652923583984375 -0.0663948059082031 0.0247344970703125 0.0211067199707031
0.0770263671875 -0.0260009765625 0.0154342651367188 0.0741729736328125
0.059234619140625 0.0159988403320313 -0.0563812255859375 0.122306823730469
0.0218105316162109 -0.0055999755859375 -0.105674743652344 0.101272583007812
0.0113792419433594 -0.041473388671875 -0.0312976837158203 0.0200653076171875
0.0142536163330078 -0.0196590423583984 -0.0082855224609375 0.0446853637695312
0.0670738220214844 0.044830322265625 0.0701904296875 -0.0154342651367187
0.135673522949219 -0.00531005859375 0.0774459838867188 -0.0746231079101563
0.116706848144531 -0.06842041015625 0.0427093505859375 -0.106796264648438
0.0810470581054687 -0.100860595703125 0.0181427001953125 -0.0921783447265625
0.0217971801757812 -0.107879638671875 -0.0231475830078125 -0.08367919921875
-0.00525665283203124 -0.0993270874023438 -0.0324020385742187 -0.0452041625976563
0.0103683471679688 -0.0928802490234375 -0.0168838500976563 -0.0176029205322266
-0.00424194335937501 -0.101432800292969 -0.00991153717041015 -0.0105857849121094
0.025482177734375 -0.104789733886719 -0.00466251373291016 0.012298583984375
0.0726699829101563 -0.100349426269531 0.00649642944335938 0.0435752868652344
0.10028076171875 -0.0572433471679688 -0.00723266601562499 0.0718917846679688
0.09735107421875 0.0129013061523438 -0.061279296875 0.0940780639648437
0.0416755676269531 0.00498199462890625 -0.091094970703125 0.0714187622070313
0.0184555053710938 -0.0418777465820313 -0.0151681900024414 -0.00364780426025391
0.00939178466796875 -0.0338020324707031 0.0100727081298828 0.0342979431152344
0.0568695068359375 0.0404243469238281 0.0897293090820312 -0.03472900390625
0.134727478027344 0.0011444091796875 0.0710601806640625 -0.090423583984375
0.126716613769531 -0.0651016235351563 0.022125244140625 -0.100051879882813
0.0917892456054688 -0.104644775390625 0.000400543212890637 -0.0642585754394531
0.0242767333984375 -0.115516662597656 -0.0292472839355469 -0.0442008972167969
-0.00698089599609375 -0.103668212890625 -0.0254421234130859 -0.00629043579101564
0.00810241699218749 -0.0992660522460938 -0.00896453857421875 0.0160770416259766
-0.00906372070312499 -0.10931396484375 -0.00406837463378906 0.0258255004882812
0.0170440673828125 -0.114250183105469 -0.0077362060546875 0.0511207580566406
0.066131591796875 -0.11944580078125 -0.00576782226562499 0.0742950439453125
0.103668212890625 -0.0821533203125 -0.0293731689453125 0.0801849365234375
0.123222351074219 0.00308990478515625 -0.074005126953125 0.0725021362304687
0.0612411499023438 0.0156822204589844 -0.0790786743164063 0.0416412353515625
0.0262050628662109 -0.0316505432128906 0.00297355651855469 -0.0261821746826172
0.00196456909179688 -0.0434951782226563 0.0259552001953125 0.0162696838378906
0.0370216369628906 0.0266532897949219 0.108322143554688 -0.0606155395507813
0.105995178222656 0.0059967041015625 0.064971923828125 -0.113822937011719
0.111053466796875 -0.0502090454101563 -0.00141143798828125 -0.099945068359375
0.084075927734375 -0.0893783569335938 -0.0232162475585937 -0.0400848388671875
0.0216217041015625 -0.103500366210938 -0.0360336303710938 -0.00538253784179688
-0.00915527343749999 -0.0906219482421875 -0.0167045593261719 0.03045654296875
0.0035858154296875 -0.088836669921875 0.000289916992187503 0.046051025390625
-0.0110549926757813 -0.0990524291992188 0.00444412231445312 0.0602455139160156
0.00962066650390625 -0.10394287109375 -0.0064544677734375 0.088043212890625
0.0533599853515625 -0.113601684570313 -0.0124588012695313 0.104278564453125
0.0914154052734375 -0.084930419921875 -0.0468368530273438 0.0943679809570313
0.124755859375 -0.00335693359375 -0.0873031616210937 0.0605926513671875
0.070892333984375 0.0234909057617188 -0.0685386657714844 0.0178375244140625
0.0302562713623047 -0.0175685882568359 0.0206985473632813 -0.0410079956054687
-0.00464248657226562 -0.0427818298339844 0.0379295349121094 -0.00544357299804688
0.0181560516357422 0.0135269165039062 0.12432861328125 -0.0851058959960938
0.0657005310058594 0.00546646118164062 0.063079833984375 -0.13775634765625
0.0759429931640625 -0.0315933227539062 -0.0202865600585937 -0.106109619140625
0.0592765808105469 -0.0625419616699219 -0.0447921752929687 -0.0248336791992187
0.0129547119140625 -0.0750579833984375 -0.0414009094238281 0.0256729125976562
-0.0107841491699219 -0.0636405944824219 -0.00790786743164062 0.0591239929199219
-0.001434326171875 -0.0649147033691406 0.00971221923828125 0.06787109375
-0.0108413696289063 -0.0733871459960938 0.0126800537109375 0.0875015258789063
0.00473785400390625 -0.0776596069335938 -0.00376892089843749 0.116569519042969
0.0376815795898438 -0.08673095703125 -0.0175323486328125 0.126953125
0.0681915283203125 -0.0655555725097656 -0.0571441650390625 0.107574462890625
0.099700927734375 -0.00220489501953125 -0.0943984985351562 0.0576934814453125
0.0621986389160156 0.0255241394042969 -0.0584030151367187 0.00681304931640625
0.0268497467041016 -0.00673294067382813 0.0371551513671875 -0.0481948852539062
-0.00755691528320312 -0.0273036956787109 0.0443840026855469 -0.0240936279296875
0.00850248336791992 0.00729894638061523 0.133392333984375 -0.104217529296875
0.0288181304931641 -0.000997543334960938 0.0637054443359375 -0.154769897460937
0.0327224731445312 -0.0191555023193359 -0.0307159423828125 -0.111747741699219
0.0230751037597656 -0.0341434478759766 -0.0588340759277344 -0.0177955627441406
-0.000751495361328124 -0.0376014709472656 -0.0421562194824219 0.0447158813476562
-0.0116367340087891 -0.0271968841552734 0.000450134277343755 0.0747833251953125
-0.00646781921386719 -0.0308589935302734 0.0172042846679687 0.0798263549804688
-0.00918960571289063 -0.0368270874023438 0.019866943359375 0.105117797851563
-9.91821289062537E-05 -0.0405616760253906 -0.00228118896484374 0.13360595703125
0.01922607421875 -0.0466117858886719 -0.0221328735351563 0.139213562011719
0.0356369018554688 -0.0333328247070313 -0.06201171875 0.116561889648437
0.0545196533203125 0.000942230224609375 -0.0957107543945312 0.0600433349609375
0.037017822265625 0.0189476013183594 -0.0494232177734375 0.00437164306640624
0.017268180847168 -0.0028533935546875 0.0480461120605469 -0.0486679077148437
-0.00479221343994141 -0.00193119049072266 -0.0294818878173828 0.0337600708007813
0.00355911254882813 0.00630855560302734 0.0378494262695313 -0.0020294189453125
6.90817832946777E-05 0.000654637813568115 0.0770645141601563 -0.05841064453125
0.00231742858886719 0.00371837615966797 0.0688934326171875 -0.109382629394531
0.00304603576660156 0.000741004943847656 0.042083740234375 -0.124786376953125
0.00311136245727539 0.00121545791625977 0.00695800781250001 -0.131492614746094
0.00313901901245117 -0.00314903259277344 -0.0163955688476563 -0.109977722167969
0.00734424591064453 -0.0014948844909668 -0.007415771484375 -0.0838851928710938
0.00562906265258789 -0.00395965576171875 0.00894927978515624 -0.0743255615234375
0.0126256942749023 -0.00304126739501953 0.0334014892578125 -0.0496864318847656
0.011418342590332 0.00382900238037109 0.0479850769042969 -0.000782012939453125
0.00584983825683594 0.0100622177124023 0.0347328186035156 0.0694046020507813
-0.00218486785888672 0.00123131275177002 -0.0457229614257812 0.126678466796875
0.00685787200927734 -0.00318002700805664 -0.101264953613281 0.100601196289062
0.0023343563079834 -2.78949737548828E-05 -0.0419540405273438 0.0195465087890625
0.00466299057006836 0.00538873672485352 -0.0256481170654297 0.0333518981933594
0.0324630737304688 0.0279254913330078 0.0414390563964844 -0.00469589233398437
0.0528335571289063 0.000942230224609375 0.0771102905273437 -0.0590591430664062
0.0437850952148438 -0.0205230712890625 0.064117431640625 -0.10687255859375
0.0329952239990234 -0.0328826904296875 0.0408477783203125 -0.117774963378906
0.0144844055175781 -0.0377655029296875 0.00226593017578125 -0.124794006347656
0.00524520874023438 -0.0409431457519531 -0.0199050903320312 -0.100120544433594
0.0147857666015625 -0.0368690490722656 -0.0100021362304688 -0.0721282958984375
0.00876617431640625 -0.0408515930175781 0.00287628173828125 -0.0647544860839844
0.0259628295898438 -0.0378570556640625 0.0235404968261719 -0.0418357849121094
0.0423049926757813 -0.0250091552734375 0.0392913818359375 0.0028076171875
0.0426597595214844 -0.00143814086914062 0.0308761596679688 0.0623283386230469
0.0253524780273438 0.0133075714111328 -0.0405197143554688 0.116615295410156
0.0122766494750977 -0.00124454498291016 -0.0943756103515625 0.0968093872070312
0.00527477264404297 -0.0144681930541992 -0.0374412536621094 0.0154685974121094
0.00991535186767578 0.00812244415283203 -0.0152435302734375 0.0354194641113281
0.0542831420898438 0.0456581115722656 0.0499000549316406 -0.00720596313476562
0.0978469848632812 0.002655029296875 0.0751495361328125 -0.0590591430664062
0.0826950073242188 -0.0406494140625 0.0556640625 -0.100189208984375
0.0610122680664063 -0.0624313354492188 0.0341949462890625 -0.102783203125
0.024749755859375 -0.0715408325195313 -0.00500488281249999 -0.105918884277344
0.00770568847656249 -0.0726165771484375 -0.0224075317382812 -0.0777816772460938
0.0203475952148438 -0.0667686462402344 -0.0113716125488281 -0.0498008728027344
0.010040283203125 -0.0725479125976563 -0.00241851806640625 -0.0435256958007813
0.0335273742675781 -0.0695075988769531 0.00969886779785156 -0.0220680236816406
0.0642318725585938 -0.0574150085449219 0.0226116180419922 0.0140419006347656
0.0757064819335938 -0.021820068359375 0.0154609680175781 0.0544967651367188
0.0591773986816406 0.0212516784667969 -0.040618896484375 0.0952911376953125
0.0240631103515625 0.00675582885742188 -0.083831787109375 0.079193115234375
0.0095062255859375 -0.02166748046875 -0.0273170471191406 0.00221633911132812
0.0106515884399414 0.00356769561767578 -0.00127029418945312 0.0365257263183594
0.0635452270507813 0.0522232055664062 0.0615386962890625 -0.0135307312011719
0.125221252441406 0.00441741943359375 0.0700225830078125 -0.0620765686035156
0.110267639160156 -0.0540542602539063 0.0415267944335938 -0.0907058715820313
0.0811080932617188 -0.0830612182617188 0.0216598510742188 -0.080108642578125
0.0316238403320312 -0.0938644409179688 -0.014373779296875 -0.0757904052734375
0.008270263671875 -0.0916976928710938 -0.0230331420898437 -0.0449447631835938
0.0230865478515625 -0.086669921875 -0.0107707977294922 -0.0198898315429688
0.00930023193359374 -0.093719482421875 -0.00579452514648437 -0.013026237487793
0.0329437255859375 -0.0922088623046875 -0.00190448760986328 0.0082259178161621
0.0726470947265625 -0.0864715576171875 0.0049591064453125 0.0361175537109375
0.0975341796875 -0.0489578247070313 -0.00737380981445312 0.0552940368652344
0.0939559936523437 0.019683837890625 -0.0501708984375 0.0718917846679687
0.0427627563476563 0.0186843872070313 -0.074310302734375 0.0540084838867188
0.0154228210449219 -0.0174045562744141 -0.0153932571411133 -0.0148839950561523
0.00689411163330078 -0.00696325302124023 0.0126991271972656 0.0332527160644531
0.0561447143554688 0.0493698120117188 0.0751190185546875 -0.0265884399414062
0.126007080078125 0.010162353515625 0.06182861328125 -0.0719985961914063
0.119979858398438 -0.0520706176757813 0.0220184326171875 -0.0819320678710938
0.0907821655273438 -0.08697509765625 0.00378799438476564 -0.0538139343261719
0.0347213745117188 -0.100906372070313 -0.023895263671875 -0.039215087890625
0.00797271728515626 -0.0960617065429688 -0.0219955444335938 -0.00746726989746094
0.021759033203125 -0.0917205810546875 -0.00914573669433594 0.0126438140869141
0.006439208984375 -0.100807189941406 -0.00535202026367188 0.0222244262695312
0.0269088745117188 -0.100418090820313 -0.00878524780273438 0.0440521240234375
0.0681915283203125 -0.102088928222656 -0.00771713256835937 0.0645637512207031
0.100639343261719 -0.0692291259765625 -0.0289764404296875 0.0656661987304688
0.116203308105469 0.0116806030273438 -0.0656280517578125 0.0562553405761719
0.0605850219726562 0.02880859375 -0.0665664672851563 0.0302925109863281
0.0221881866455078 -0.00686454772949219 -0.00183296203613281 -0.0289134979248047
0.00114154815673828 -0.017491340637207 0.0255298614501953 0.0222110748291016
0.0392189025878906 0.0359992980957031 0.0884323120117187 -0.0471572875976562
0.102012634277344 0.0126800537109375 0.0521697998046875 -0.0901336669921875
0.105239868164063 -0.0406112670898438 -0.00123596191406249 -0.0793991088867187
0.0822525024414063 -0.0754165649414063 -0.0194969177246094 -0.0310649871826172
0.03082275390625 -0.0902175903320313 -0.0337181091308594 -0.00337028503417969
0.00497436523437501 -0.083648681640625 -0.0194797515869141 0.0277862548828125
0.0173721313476563 -0.0831756591796875 -0.00592803955078125 0.0424156188964844
0.00356292724609375 -0.0926055908203125 -0.00310897827148437 0.05548095703125
0.02056884765625 -0.092041015625 -0.0116424560546875 0.0786972045898438
0.0568695068359375 -0.0968856811523438 -0.0161895751953125 0.0924606323242188
0.0887603759765625 -0.0705184936523438 -0.0448760986328125 0.0811614990234375
0.115592956542969 0.00655364990234375 -0.0796890258789062 0.0507583618164063
0.0677757263183594 0.0343093872070313 -0.0599365234375 0.0144271850585937
0.0250358581542969 0.00386238098144531 0.0121269226074219 -0.0359077453613281
-0.00426864624023438 -0.0217418670654297 0.03497314453125 0.00775718688964844
0.0219135284423828 0.0217056274414063 0.0999374389648437 -0.0679702758789063
0.0649604797363281 0.00954818725585938 0.0460281372070313 -0.111442565917969
0.0728073120117188 -0.026580810546875 -0.0213699340820312 -0.0824508666992188
0.058441162109375 -0.0536994934082031 -0.04046630859375 -0.0171928405761719
0.0202102661132812 -0.0661125183105469 -0.0413703918457031 0.0248374938964844
0.000705718994140626 -0.0592155456542969 -0.0156402587890625 0.0551109313964844
0.00936508178710938 -0.0609931945800781 -0.0019378662109375 0.0647163391113281
0.00128555297851563 -0.0691604614257813 0.00113677978515625 0.0832366943359375
0.0140724182128906 -0.069091796875 -0.0139617919921875 0.105545043945312
0.041229248046875 -0.0732879638671875 -0.0219039916992187 0.112541198730469
0.0663414001464844 -0.0534439086914063 -0.0541305541992188 0.0951614379882813
0.0911026000976563 0.00551605224609375 -0.08642578125 0.0525970458984375
0.0578575134277344 0.0327377319335938 -0.0531768798828125 0.00912857055664064
0.0221157073974609 0.00857162475585938 0.0239639282226563 -0.0366249084472656
-0.00691795349121094 -0.0151519775390625 0.0401420593261719 -0.00545883178710938
0.0114231109619141 0.0111551284790039 0.107101440429688 -0.0847930908203125
0.0295295715332031 0.000513076782226563 0.0430068969726563 -0.126579284667969
0.0317459106445312 -0.0171222686767578 -0.0339889526367188 -0.0861740112304688
0.0228824615478516 -0.0295162200927734 -0.0540733337402344 -0.010101318359375
0.00440788269042969 -0.0330562591552734 -0.0439033508300781 0.0422286987304688
-0.00452804565429688 -0.0258636474609375 -0.0104827880859375 0.0714874267578125
0.000331878662109372 -0.0294628143310547 0.0018768310546875 0.077484130859375
-0.00137710571289062 -0.0355377197265625 0.00453948974609374 0.101028442382813
0.00544357299804687 -0.0362892150878906 -0.01483154296875 0.122657775878906
0.0216064453125 -0.0399093627929688 -0.0266952514648437 0.12451171875
0.0354194641113281 -0.0266380310058594 -0.0586318969726562 0.104316711425781
0.0497016906738281 0.00545120239257812 -0.088409423828125 0.0570220947265625
0.0339584350585938 0.0219745635986328 -0.0467109680175781 0.0108108520507813
0.0132970809936523 0.00577449798583984 0.0323162078857422 -0.0332527160644531
-0.00513267517089844 0.0001220703125 -0.0188198089599609 0.0142040252685547
0.00260829925537109 0.00530815124511719 0.035980224609375 -0.0119171142578125
-0.000977873802185059 0.00116312503814697 0.0703659057617188 -0.0556488037109375
0.00173258781433105 0.00376009941101074 0.0648345947265625 -0.0979690551757813
0.00257205963134766 0.00164198875427246 0.046295166015625 -0.111129760742188
0.00189876556396484 0.00243759155273438 0.0200347900390625 -0.122268676757812
0.00320529937744141 -0.0014803409576416 -0.000717163085937502 -0.110687255859375
0.00647401809692383 -0.000616550445556641 0.0056915283203125 -0.0868301391601563
0.00397753715515137 -0.00278019905090332 0.018402099609375 -0.0756378173828125
0.0103483200073242 -0.00251960754394531 0.0379714965820313 -0.0501327514648437
0.0108499526977539 0.00286483764648437 0.0445747375488281 -0.00809478759765625
0.00693798065185547 0.00904178619384766 0.0351028442382813 0.0466804504394531
-0.00194764137268066 0.00304746627807617 -0.0251541137695312 0.0961227416992188
0.00545930862426758 -0.00275802612304687 -0.0771560668945313 0.0764923095703125
0.00250124931335449 -0.000222444534301758 -0.0388259887695312 -0.00368881225585937
0.00436592102050781 0.0157136917114258 -0.0154104232788086 0.0150089263916016
0.0305366516113281 0.0301971435546875 0.0386505126953125 -0.0135383605957031
0.0482292175292969 0.0066375732421875 0.0712203979492188 -0.054779052734375
0.0422744750976562 -0.0134468078613281 0.0614395141601563 -0.0954132080078125
0.0337352752685547 -0.0259056091308594 0.0451126098632813 -0.104461669921875
0.0184421539306641 -0.0330982208251953 0.0148086547851563 -0.116683959960938
0.0106735229492188 -0.0388908386230469 -0.004852294921875 -0.101310729980469
0.0194339752197266 -0.0350265502929688 0.00235748291015625 -0.0757980346679688
0.0132293701171875 -0.0381546020507813 0.0121383666992188 -0.0667266845703125
0.0272369384765625 -0.0334434509277344 0.0277900695800781 -0.0431709289550781
0.0418319702148438 -0.0223503112792969 0.0363311767578125 -0.00427627563476563
0.0438079833984375 -0.0016937255859375 0.0294036865234375 0.0408859252929688
0.0276756286621094 0.0169429779052734 -0.0233078002929687 0.0861282348632813
0.0147771835327148 0.00580024719238281 -0.0720443725585938 0.0714187622070313
0.00602579116821289 -0.00365066528320313 -0.0350303649902344 -0.00639915466308594
0.0103569030761719 0.0255680084228516 -0.00701904296875 0.0210762023925781
0.0521621704101563 0.0507164001464844 0.045318603515625 -0.0117073059082031
0.0912322998046875 0.0111312866210938 0.0695457458496094 -0.052001953125
0.0799713134765625 -0.0294647216796875 0.054412841796875 -0.08819580078125
0.0637359619140625 -0.0509529113769531 0.0382843017578125 -0.0906906127929688
0.03314208984375 -0.0639266967773437 0.00572967529296874 -0.0989303588867187
0.0170669555664062 -0.070098876953125 -0.0099334716796875 -0.0793380737304688
0.0294570922851563 -0.0644187927246094 -0.00183868408203125 -0.0535507202148438
0.0189781188964844 -0.0690994262695313 0.00446701049804688 -0.0462570190429688
0.0379409790039063 -0.0629081726074219 0.0138988494873047 -0.0245532989501953
0.0650787353515625 -0.0512886047363281 0.0203266143798828 0.00734710693359375
0.0761871337890625 -0.0193023681640625 0.0131797790527344 0.0361671447753906
0.0611343383789062 0.0258293151855469 -0.0283164978027344 0.0677528381347656
0.0289077758789063 0.0177345275878906 -0.0652885437011719 0.0560340881347656
0.0110702514648437 -0.00200271606445313 -0.0273017883300781 -0.0157508850097656
0.0128345489501953 0.0273399353027344 0.00425529479980469 0.0274658203125
0.0632209777832031 0.0601921081542969 0.053558349609375 -0.01214599609375
0.118385314941406 0.0135345458984375 0.0651664733886719 -0.0504074096679688
0.10614013671875 -0.0408477783203125 0.0419998168945313 -0.0771026611328125
0.0841598510742188 -0.069305419921875 0.0255279541015625 -0.0698890686035156
0.0433578491210938 -0.0846328735351563 -0.00595474243164063 -0.0699386596679688
0.0218124389648438 -0.0887222290039063 -0.0152435302734375 -0.0461883544921875
0.0350570678710937 -0.08392333984375 -0.00602340698242187 -0.0232429504394531
0.02215576171875 -0.0901107788085938 -0.00225448608398437 -0.0162687301635742
0.0412445068359375 -0.0831985473632812 5.86509704589866E-05 0.0041975975036621
0.0750885009765625 -0.0758132934570313 0.00279426574707032 0.0287380218505859
0.096405029296875 -0.0421981811523438 -0.00979232788085937 0.0395278930664063
0.094451904296875 0.0255203247070313 -0.0422096252441406 0.0498313903808594
0.0482254028320312 0.0312118530273438 -0.0594558715820313 0.035064697265625
0.017359733581543 0.00709629058837891 -0.0177097320556641 -0.0256023406982422
0.00973892211914062 0.0193767547607422 0.0163917541503906 0.0311622619628906
0.058380126953125 0.0583992004394531 0.0630226135253906 -0.0178718566894531
0.121574401855469 0.0179824829101563 0.0557098388671875 -0.0545005798339844
0.115997314453125 -0.0410232543945313 0.0238800048828125 -0.0658111572265625
0.0924758911132813 -0.0730056762695313 0.00730133056640626 -0.0451927185058594
0.0469131469726563 -0.09075927734375 -0.01910400390625 -0.0357856750488281
0.0223236083984375 -0.0932235717773438 -0.0198173522949219 -0.00893402099609376
0.035308837890625 -0.090057373046875 -0.00946521759033203 0.0100278854370117
0.02099609375 -0.0983657836914063 -0.0064849853515625 0.0190143585205078
0.0384140014648438 -0.0913314819335938 -0.00977706909179687 0.0384788513183594
0.0733261108398438 -0.088958740234375 -0.0103263854980469 0.0562057495117187
0.100349426269531 -0.0591812133789063 -0.0305328369140625 0.0527305603027344
0.113204956054687 0.019744873046875 -0.060028076171875 0.041290283203125
0.063873291015625 0.0411643981933594 -0.0564689636230469 0.0185394287109375
0.0231494903564453 0.0183963775634766 -0.00706291198730468 -0.0312843322753906
0.00492382049560547 0.00870800018310547 0.0274715423583984 0.0277366638183594
0.0442695617675781 0.0451850891113281 0.0714645385742188 -0.0326080322265625
0.100898742675781 0.0181503295898438 0.0426864624023438 -0.0672836303710938
0.101905822753906 -0.0336074829101563 0.000461578369140635 -0.0600204467773438
0.0837020874023438 -0.0642547607421875 -0.0147838592529297 -0.0236873626708984
0.0418777465820312 -0.0811996459960937 -0.0324840545654297 -0.00212669372558595
0.0189208984375 -0.081817626953125 -0.0224285125732422 0.0265274047851562
0.0301437377929687 -0.0819168090820312 -0.0115470886230469 0.0411148071289062
0.0186080932617187 -0.0908355712890625 -0.00884246826171875 0.0538444519042969
0.032440185546875 -0.0839385986328125 -0.0172576904296875 0.0714797973632812
0.0628280639648438 -0.0832977294921875 -0.019134521484375 0.0823135375976563
0.0888824462890625 -0.0582962036132812 -0.0439872741699219 0.0700263977050781
0.1102294921875 0.0156326293945313 -0.07379150390625 0.0423583984375
0.0682258605957031 0.0445022583007813 -0.0523109436035156 0.0107192993164063
0.0247039794921875 0.0258636474609375 0.00369834899902344 -0.0295467376708984
-0.000361025333404541 -0.00098109245300293 0.0353012084960938 0.0205345153808594
0.0276508331298828 0.0288314819335938 0.0790939331054688 -0.0498199462890625
0.06658935546875 0.0132217407226562 0.0319061279296875 -0.083953857421875
0.071075439453125 -0.0230941772460937 -0.0205497741699219 -0.0597496032714844
0.0588150024414063 -0.0467605590820313 -0.0358924865722656 -0.00921630859375001
0.0285606384277344 -0.0594902038574219 -0.0423698425292969 0.0248565673828125
0.01129150390625 -0.0583000183105469 -0.0228195190429688 0.0550346374511719
0.0196762084960938 -0.0603981018066406 -0.0120697021484375 0.0653610229492188
0.012969970703125 -0.0686912536621094 -0.00973510742187501 0.0822067260742188
0.0236663818359375 -0.0633163452148438 -0.0225906372070313 0.0984115600585937
0.046875 -0.0627326965332031 -0.026275634765625 0.101753234863281
0.0664634704589844 -0.0440635681152344 -0.0521697998046875 0.0842742919921875
0.0861968994140625 0.013580322265625 -0.0800323486328125 0.0483932495117188
0.0570564270019531 0.0399436950683594 -0.0476760864257812 0.0118980407714844
0.0212154388427734 0.0247440338134766 0.0127582550048828 -0.0236778259277344
-0.00372982025146484 -0.00406098365783691 0.0396690368652344 0.0127182006835938
0.0157470703125 0.0148744583129883 0.0837631225585937 -0.06414794921875
0.0309295654296875 0.00196456909179688 0.024749755859375 -0.0978164672851563
0.0312309265136719 -0.0156497955322266 -0.0338287353515625 -0.0617523193359375
0.0233993530273437 -0.0257358551025391 -0.0495796203613281 -0.00238418579101562
0.00942420959472656 -0.029754638671875 -0.045989990234375 0.0414810180664062
0.00191116333007813 -0.0261478424072266 -0.021148681640625 0.0718917846679688
0.00632667541503906 -0.0303020477294922 -0.010711669921875 0.079620361328125
0.00500106811523438 -0.0364341735839844 -0.00939941406249999 0.101394653320313
0.0111141204833984 -0.0342483520507813 -0.02618408203125 0.115364074707031
0.0250682830810547 -0.0345497131347656 -0.0322494506835938 0.112922668457031
0.0352706909179688 -0.0216903686523437 -0.0566787719726563 0.0941390991210938
0.0470848083496094 0.0098724365234375 -0.0811233520507813 0.054931640625
0.0326786041259766 0.0250682830810547 -0.0428276062011719 0.0181350708007813
0.0119113922119141 0.0145263671875 0.0197181701660156 -0.0157566070556641
-0.00467872619628906 0.00173807144165039 -0.0122127532958984 -0.00719165802001953
0.00163149833679199 0.00438046455383301 0.0308418273925781 -0.0216827392578125
-0.00114941596984863 0.00213158130645752 0.0630912780761719 -0.0532722473144531
0.00124764442443848 0.00433897972106934 0.0613250732421875 -0.0867233276367187
0.00166034698486328 0.00303745269775391 0.0509490966796875 -0.0996856689453125
0.00139880180358887 0.00425553321838379 0.0328521728515625 -0.117240905761719
0.00334262847900391 -0.00014948844909668 0.0123443603515625 -0.115036010742188
0.00607442855834961 0.000372886657714844 0.0160293579101562 -0.0925979614257813
0.00320935249328613 -0.000777482986450195 0.0261917114257812 -0.0802764892578125
0.00870037078857422 -0.00190162658691406 0.0411186218261719 -0.0522842407226563
0.00995635986328125 0.00203704833984375 0.0395050048828125 -0.0152778625488281
0.00786209106445313 0.00795459747314453 0.0309066772460938 0.0234375
-0.00118732452392578 0.00464391708374023 -0.0102462768554688 0.0615425109863281
0.00431680679321289 -0.00178265571594238 -0.0573921203613281 0.0486602783203125
0.00251364707946777 -0.000490188598632813 -0.0409584045410156 -0.0270156860351563
0.00700187683105468 0.0255374908447266 -0.00963020324707031 -0.00540447235107422
0.0292415618896484 0.0326080322265625 0.0332775115966797 -0.0214004516601562
0.0454330444335938 0.0115165710449219 0.0643463134765625 -0.0512771606445313
0.04119873046875 -0.0075531005859375 0.05889892578125 -0.084136962890625
0.0362663269042969 -0.019744873046875 0.0499267578125 -0.0930709838867188
0.0226268768310547 -0.0291671752929688 0.0272369384765625 -0.111488342285156
0.0156097412109375 -0.0380439758300781 0.00702667236328126 -0.106430053710937
0.0232276916503906 -0.0346126556396484 0.011505126953125 -0.0821533203125
0.0164947509765625 -0.0365753173828125 0.01922607421875 -0.0715789794921875
0.0285415649414063 -0.0304450988769531 0.031494140625 -0.0458602905273438
0.0412940979003906 -0.0211067199707031 0.0313358306884766 -0.0110378265380859
0.0443840026855469 -0.00249481201171875 0.0240154266357422 0.0188140869140625
0.0304813385009766 0.0189018249511719 -0.0119361877441406 0.0525474548339844
0.018707275390625 0.0115165710449219 -0.0540733337402344 0.0432777404785156
0.00960922241210938 0.00666713714599609 -0.0380859375 -0.0283737182617187
0.0154762268066406 0.0426712036132813 -0.00231456756591797 0.00440645217895508
0.0521163940429687 0.0558700561523438 0.0389480590820313 -0.0157356262207031
0.087310791015625 0.0194168090820313 0.0646324157714844 -0.0461540222167969
0.07818603515625 -0.0193023681640625 0.0540008544921875 -0.0766448974609375
0.0678634643554688 -0.0410652160644531 0.0430221557617188 -0.0801162719726562
0.041900634765625 -0.0589523315429687 0.0165786743164063 -0.0943145751953125
0.0260581970214844 -0.0698776245117188 -0.000686645507812502 -0.08331298828125
0.0371322631835938 -0.0648994445800781 0.00534439086914063 -0.0595741271972656
0.0269393920898437 -0.0686721801757813 0.0100784301757812 -0.0512008666992188
0.0432624816894531 -0.0575332641601563 0.0171699523925781 -0.0280342102050781
0.0656700134277344 -0.0456085205078125 0.0171108245849609 0.00110626220703125
0.0758819580078125 -0.018402099609375 0.00742816925048829 0.0173559188842773
0.0647926330566406 0.0281181335449219 -0.0211677551269531 0.038299560546875
0.0364532470703125 0.0267143249511719 -0.0511283874511719 0.02978515625
0.0169687271118164 0.0167102813720703 -0.0312118530273438 -0.0326938629150391
0.0205612182617187 0.0493316650390625 0.0078268051147461 0.0166606903076172
0.0651664733886719 0.0660629272460938 0.0456695556640625 -0.00883865356445312
0.114631652832031 0.0225982666015625 0.0614852905273438 -0.0395545959472656
0.104217529296875 -0.0293731689453125 0.0441322326660156 -0.0646743774414063
0.0892715454101563 -0.0565567016601563 0.0304069519042969 -0.0607337951660156
0.05438232421875 -0.0786361694335938 0.00166320800781251 -0.0663604736328125
0.0333480834960938 -0.0893096923828125 -0.00938796997070313 -0.0490684509277344
0.0458221435546875 -0.0850753784179688 -0.00262069702148437 -0.0276584625244141
0.0332565307617188 -0.0904541015625 0.000272750854492191 -0.0204734802246094
0.0502471923828125 -0.0773086547851563 0.00186538696289063 -0.000533223152160649
0.0781478881835938 -0.0672073364257812 0.000535964965820319 0.0217227935791016
0.0956802368164063 -0.037628173828125 -0.0144977569580078 0.0251235961914062
0.095794677734375 0.029937744140625 -0.0389022827148437 0.0272560119628906
0.0565414428710938 0.0413665771484375 -0.0497665405273438 0.0143203735351563
0.0251541137695313 0.0305080413818359 -0.0236015319824219 -0.0351600646972656
0.0192642211914063 0.0444412231445313 0.0196666717529297 0.0277862548828125
0.0643081665039063 0.0653610229492188 0.0522003173828125 -0.00790786743164062
0.119766235351563 0.0245361328125 0.0519027709960938 -0.0368385314941406
0.113525390625 -0.0313262939453125 0.0276451110839844 -0.0508689880371094
0.0968246459960938 -0.06085205078125 0.0122756958007813 -0.0376815795898438
0.0597915649414063 -0.0841903686523438 -0.0144824981689453 -0.0334072113037109
0.0354690551757813 -0.0943374633789063 -0.0181941986083984 -0.00985908508300782
0.047454833984375 -0.0916976928710938 -0.0102033615112305 0.00840473175048828
0.0343093872070313 -0.0996856689453125 -0.00789165496826172 0.0165805816650391
0.0498046875 -0.0857162475585938 -0.0117702484130859 0.0333328247070312
0.0792617797851562 -0.0782623291015625 -0.0132102966308594 0.0483665466308594
0.100395202636719 -0.050628662109375 -0.032867431640625 0.0409774780273438
0.112327575683594 0.0262069702148438 -0.0570945739746094 0.0267066955566406
0.0712738037109375 0.0509262084960938 -0.049224853515625 0.00554275512695313
0.0301742553710938 0.0417594909667969 -0.0137119293212891 -0.0314769744873047
0.0152759552001953 0.0329990386962891 0.0300216674804688 0.0320549011230469
0.0526771545410156 0.0524215698242188 0.056884765625 -0.0157890319824219
0.101676940917969 0.0217666625976562 0.0372772216796875 -0.0425796508789063
0.0998764038085938 -0.0273590087890625 0.00598526000976563 -0.0410003662109375
0.0859909057617188 -0.0544662475585938 -0.0095834732055664 -0.0167856216430664
0.0525283813476563 -0.0757675170898438 -0.0304679870605469 -0.000459671020507817
0.0307388305664063 -0.083221435546875 -0.0249500274658203 0.0273513793945312
0.0413970947265625 -0.084014892578125 -0.0164642333984375 0.0418586730957031
0.0304031372070312 -0.0930404663085938 -0.0139732360839844 0.0530815124511719
0.0439529418945313 -0.0798721313476563 -0.0226631164550781 0.0666351318359375
0.0707244873046875 -0.0732498168945313 -0.02301025390625 0.0736770629882813
0.0898513793945313 -0.048492431640625 -0.0444412231445312 0.0598526000976563
0.107658386230469 0.023590087890625 -0.0685501098632813 0.0337982177734375
0.0723419189453125 0.0532760620117187 -0.0462074279785156 0.00638961791992187
0.0302276611328125 0.0465545654296875 -0.00402259826660156 -0.0220298767089844
0.00810432434082031 0.0184268951416016 0.0380172729492188 0.0324249267578125
0.0353889465332031 0.0345802307128906 0.0611534118652344 -0.0289230346679687
0.0692520141601562 0.0142364501953125 0.0226020812988281 -0.0546493530273438
0.0697822570800781 -0.0205497741699219 -0.0152244567871094 -0.037322998046875
0.0601806640625 -0.0402793884277344 -0.0300254821777344 -0.00226593017578126
0.0365982055664063 -0.0559768676757813 -0.0427932739257812 0.0259742736816406
0.0208358764648438 -0.0595512390136719 -0.0292510986328125 0.057098388671875
0.0283927917480469 -0.0629196166992187 -0.0206069946289063 0.0688705444335938
0.0225982666015625 -0.0712966918945313 -0.0183029174804688 0.0839920043945312
0.0330009460449219 -0.0608253479003906 -0.0313186645507813 0.09405517578125
0.0535545349121094 -0.0550727844238281 -0.0312576293945312 0.0923919677734375
0.0681304931640625 -0.0353202819824219 -0.050750732421875 0.075042724609375
0.0831298828125 0.0204544067382812 -0.0726852416992188 0.0443572998046875
0.0580101013183594 0.0458602905273438 -0.0414505004882812 0.0146141052246094
0.0235557556152344 0.0405960083007812 0.00499916076660156 -0.00898075103759765
0.00176191329956055 0.00659465789794922 0.0437278747558594 0.0290794372558594
0.0204429626464844 0.0161457061767578 0.0643119812011719 -0.040435791015625
0.0324954986572266 0.0020294189453125 0.0123367309570312 -0.0649528503417969
0.0305843353271484 -0.0153350830078125 -0.0292167663574219 -0.0361900329589844
0.0247764587402344 -0.0223503112792969 -0.0435638427734375 0.00497817993164062
0.0145702362060547 -0.0285148620605469 -0.0480079650878906 0.0420761108398438
0.00784873962402344 -0.02813720703125 -0.0293960571289063 0.0750961303710938
0.0116157531738281 -0.0326213836669922 -0.0210113525390625 0.08514404296875
0.0111923217773438 -0.03875732421875 -0.0201187133789062 0.105026245117188
0.0163784027099609 -0.0333118438720703 -0.0366897583007812 0.112213134765625
0.0288124084472656 -0.0302333831787109 -0.0374755859375 0.103195190429688
0.0369377136230469 -0.0170631408691406 -0.053619384765625 0.0849761962890625
0.0452346801757813 0.0142402648925781 -0.0731277465820313 0.0529327392578125
0.0322799682617188 0.0283050537109375 -0.0369491577148438 0.0246238708496094
0.0130043029785156 0.0232295989990234 0.0107860565185547 0.00321483612060547
-0.0036463737487793 0.0034186840057373 -0.0121192932128906 -0.0282211303710938
0.000269889831542969 0.0037684440612793 0.0231361389160156 -0.0293102264404297
-0.00126767158508301 0.00356268882751465 0.0554580688476563 -0.048431396484375
0.00077676773071289 0.00504922866821289 0.0591354370117188 -0.0751113891601563
0.000937461853027344 0.0041358470916748 0.0569992065429688 -0.0882644653320313
0.00130510330200195 0.00611543655395508 0.0449676513671875 -0.113960266113281
0.00448751449584961 0.000743865966796875 0.0215988159179688 -0.120079040527344
0.00640392303466797 0.00186586380004883 0.0230178833007812 -0.099365234375
0.00273013114929199 0.000772953033447266 0.0313568115234375 -0.08502197265625
0.00731801986694336 -0.000685691833496094 0.0431671142578125 -0.0542259216308594
0.00843238830566406 0.00148820877075195 0.0322799682617188 -0.0201435089111328
0.00843477249145508 0.0063014030456543 0.0207328796386719 0.00276565551757813
-0.000432014465332031 0.0057835578918457 -0.00533676147460938 0.0251998901367188
0.00271844863891602 -0.00079035758972168 -0.0445327758789063 0.0177192687988281
0.00207078456878662 -0.00126922130584717 -0.0479354858398437 -0.04644775390625
0.0116786956787109 0.033203125 -0.00957107543945313 -0.0250148773193359
0.0285491943359375 0.0341167449951172 0.0252056121826172 -0.0277423858642578
0.0442352294921875 0.0170173645019531 0.0573081970214844 -0.0466270446777344
0.0412445068359375 -0.0016632080078125 0.0576019287109375 -0.0723190307617188
0.0393829345703125 -0.0146446228027344 0.055999755859375 -0.0822982788085938
0.0272121429443359 -0.0268383026123047 0.0388031005859375 -0.108665466308594
0.0198402404785156 -0.0381813049316406 0.0154342651367187 -0.1116943359375
0.0271701812744141 -0.0346736907958984 0.0178375244140625 -0.0893325805664063
0.0200309753417969 -0.0360832214355469 0.0241470336914063 -0.0770416259765625
0.0302219390869141 -0.0279293060302734 0.0340156555175781 -0.0490455627441406
0.0402107238769531 -0.0187301635742188 0.0255203247070313 -0.0159187316894531
0.0437583923339844 -0.0034027099609375 0.0134792327880859 -7.9154968261719E-05
0.0336074829101563 0.0200309753417969 -0.00877761840820313 0.0184669494628906
0.0237579345703125 0.0159149169921875 -0.0437126159667969 0.0125999450683594
0.0152196884155273 0.0153331756591797 -0.0453910827636719 -0.046630859375
0.0247573852539062 0.0558052062988281 -0.00224113464355469 -0.0114860534667969
0.0525894165039063 0.0590438842773438 0.0313472747802734 -0.0177135467529297
0.084564208984375 0.0276565551757812 0.0599212646484375 -0.0390090942382813
0.0783920288085938 -0.0095672607421875 0.0547943115234375 -0.0654487609863281
0.0731277465820313 -0.0324325561523438 0.0493316650390625 -0.0709915161132813
0.0502090454101562 -0.0561332702636719 0.0263748168945313 -0.0916748046875
0.0333786010742187 -0.070892333984375 0.00653076171875 -0.08837890625
0.0438079833984375 -0.0662879943847656 0.00913238525390625 -0.0655975341796875
0.0337715148925781 -0.0690116882324219 0.0135688781738281 -0.0565605163574219
0.0481224060058594 -0.0534095764160156 0.0193290710449219 -0.0324211120605469
0.0664749145507812 -0.0406723022460937 0.0120773315429688 -0.00424957275390625
0.0747146606445313 -0.0178909301757813 -0.0026259422302246 0.00202679634094238
0.0680198669433594 0.0294914245605469 -0.0216407775878906 0.00945091247558594
0.0450248718261719 0.0326385498046875 -0.0435371398925781 0.00205612182617188
0.0277538299560547 0.0324783325195313 -0.0389633178710937 -0.0462989807128906
0.032501220703125 0.0672073364257813 0.00829219818115235 0.0059647560119629
0.0683059692382813 0.0703048706054688 0.0375480651855469 -0.00455856323242187
0.111701965332031 0.0308837890625 0.0596199035644531 -0.0285453796386719
0.10406494140625 -0.0183334350585938 0.0476531982421875 -0.0527725219726562
0.095184326171875 -0.046051025390625 0.0361671447753906 -0.0529747009277344
0.06549072265625 -0.0749893188476563 0.00903701782226564 -0.0641975402832031
0.0433578491210938 -0.0920867919921875 -0.00452423095703124 -0.0522880554199219
0.0544815063476563 -0.0877609252929688 -0.000900268554687494 -0.0319118499755859
0.042388916015625 -0.09295654296875 0.00161361694335938 -0.0247268676757813
0.058837890625 -0.0730743408203125 0.00205373764038086 -0.00562095642089844
0.0820465087890625 -0.0593185424804688 -0.00343513488769531 0.0157814025878906
0.09478759765625 -0.033172607421875 -0.0222606658935547 0.0128078460693359
0.097564697265625 0.0328903198242188 -0.0400581359863281 0.00573348999023438
0.0659904479980469 0.0471992492675781 -0.0447196960449219 -0.0078125
0.0377998352050781 0.0502433776855469 -0.0303230285644531 -0.0416793823242187
0.0344085693359375 0.0646400451660156 0.0203800201416016 0.0236587524414063
0.0703811645507813 0.0695571899414063 0.0429306030273438 0.00413131713867188
0.118179321289063 0.0304107666015625 0.0525169372558594 -0.0199432373046875
0.111625671386719 -0.0218353271484375 0.0343818664550781 -0.0377845764160156
0.102310180664063 -0.0505218505859375 0.0184993743896484 -0.0315456390380859
0.0709915161132813 -0.0810470581054687 -0.0100288391113281 -0.0311679840087891
0.0456085205078125 -0.0974655151367188 -0.0170383453369141 -0.0111112594604492
0.0565414428710938 -0.0954055786132813 -0.0110750198364258 0.00654506683349609
0.0443496704101563 -0.103530883789063 -0.00952339172363281 0.0139884948730469
0.0611648559570313 -0.0827255249023438 -0.0139675140380859 0.0279960632324219
0.0863571166992188 -0.069793701171875 -0.0168304443359375 0.0411911010742187
0.101051330566406 -0.0427780151367188 -0.037322998046875 0.0307083129882812
0.112297058105469 0.0320281982421875 -0.0563201904296875 0.0120048522949219
0.0788040161132813 0.0569076538085938 -0.045257568359375 -0.00833511352539063
0.0429534912109375 0.0620002746582031 -0.0195999145507812 -0.0299015045166016
0.0304031372070312 0.0520820617675781 0.0328559875488281 0.0356101989746094
0.0604438781738281 0.0561027526855469 0.045806884765625 0.00329208374023438
0.102027893066406 0.0243911743164063 0.0371170043945313 -0.018463134765625
0.0973052978515625 -0.02130126953125 0.0150909423828125 -0.0249423980712891
0.0895462036132813 -0.0457916259765625 -0.00269889831542968 -0.0118427276611328
0.0628662109375 -0.0728836059570313 -0.028656005859375 0.000806808471679687
0.0407867431640625 -0.0866851806640625 -0.0273933410644531 0.0284538269042969
0.0500640869140625 -0.0878067016601563 -0.019866943359375 0.042938232421875
0.040252685546875 -0.0970230102539063 -0.01885986328125 0.0533256530761719
0.0554885864257813 -0.0778579711914063 -0.0280342102050781 0.0620193481445312
0.0786361694335938 -0.064544677734375 -0.0279541015625 0.0650177001953125
0.0921401977539063 -0.0389556884765625 -0.0459785461425781 0.0490646362304688
0.106163024902344 0.0309982299804688 -0.0643653869628906 0.0243301391601563
0.0770034790039063 0.0589370727539062 -0.0406074523925781 0.000305175781249997
0.0404319763183594 0.0641670227050781 -0.00827789306640625 -0.0125102996826172
0.0208911895751953 0.0339736938476563 0.04278564453125 0.0415916442871094
0.0435752868652344 0.0370025634765625 0.04852294921875 -0.00455474853515625
0.070587158203125 0.0144119262695312 0.0204372406005859 -0.0245914459228516
0.0675163269042969 -0.0178718566894531 -0.00559329986572265 -0.0170631408691406
0.0620346069335937 -0.0344467163085937 -0.0225429534912109 0.00253868103027344
0.0440864562988281 -0.0537223815917969 -0.0423622131347656 0.0267066955566406
0.02838134765625 -0.0633354187011719 -0.033660888671875 0.0600204467773437
0.0353889465332031 -0.0665740966796875 -0.025970458984375 0.0728530883789063
0.0299148559570313 -0.075592041015625 -0.0247802734375 0.086578369140625
0.04144287109375 -0.0602188110351562 -0.0389785766601563 0.0908966064453125
0.0605430603027344 -0.0482101440429688 -0.0368499755859375 0.083526611328125
0.0702629089355469 -0.0268592834472656 -0.0501594543457031 0.0646553039550781
0.0808181762695313 0.027801513671875 -0.0655288696289063 0.0385284423828125
0.0599746704101563 0.0510330200195312 -0.0345878601074219 0.015045166015625
0.0306129455566406 0.0537757873535156 0.00115680694580078 0.00637388229370118
0.0091543197631836 0.0146455764770508 0.0504341125488281 0.0435714721679687
0.0251445770263672 0.0158710479736328 0.0502700805664063 -0.0129203796386719
0.0337123870849609 0.00195693969726563 0.007965087890625 -0.031707763671875
0.0299396514892578 -0.0140933990478516 -0.0188541412353516 -0.0138015747070312
0.0260086059570313 -0.0195846557617188 -0.0353889465332031 0.00983047485351563
0.0196971893310547 -0.0279960632324219 -0.0489311218261719 0.0427780151367188
0.0118560791015625 -0.0312004089355469 -0.0357513427734375 0.07977294921875
0.0157623291015625 -0.0357589721679688 -0.0280303955078125 0.0911102294921875
0.0153732299804688 -0.0418052673339844 -0.0275726318359375 0.109672546386719
0.0213356018066406 -0.0334873199462891 -0.046112060546875 0.109588623046875
0.0329532623291016 -0.02685546875 -0.0440597534179687 0.0933914184570313
0.0381584167480469 -0.0132179260253906 -0.0522537231445313 0.0740509033203125
0.043548583984375 0.0184974670410156 -0.0641860961914063 0.0490341186523437
0.0325145721435547 0.0304794311523438 -0.0288200378417969 0.0294914245605469
0.0160083770751953 0.0308570861816406 0.00780487060546875 0.0229148864746094
-0.00273609161376953 0.00431466102600098 -0.0162620544433594 -0.0467033386230469
-0.00104761123657227 0.00355029106140137 0.0150127410888672 -0.0340938568115234
-0.001007080078125 0.00432777404785156 0.0492134094238281 -0.0417594909667969
0.000473976135253906 0.00621891021728516 0.0597953796386719 -0.0626068115234375
0.000698089599609375 0.00553703308105469 0.0649566650390625 -0.0783309936523438
0.00124073028564453 0.00749540328979492 0.0570831298828125 -0.112174987792969
0.00516319274902344 0.0016937255859375 0.0306015014648438 -0.125961303710938
0.00619411468505859 0.00283241271972656 0.0284576416015625 -0.105522155761719
0.00250864028930664 0.00250887870788574 0.0359344482421875 -0.0899200439453125
0.006134033203125 0.000349998474121094 0.0449600219726563 -0.0561332702636719
0.00717782974243164 0.00136852264404297 0.0255298614501953 -0.0222396850585938
0.00870752334594727 0.00484848022460938 0.00760078430175781 -0.0124855041503906
0.000620365142822266 0.00688457489013672 -0.00827836990356445 -0.00781059265136719
0.00188446044921875 0.000559926033020019 -0.0398521423339844 -0.0126190185546875
0.00189864635467529 -0.00190424919128418 -0.0572662353515625 -0.0631446838378906
0.0172500610351562 0.03900146484375 -0.0136604309082031 -0.0418930053710938
0.0276107788085938 0.0362815856933594 0.0170612335205078 -0.0308685302734375
0.043731689453125 0.0227584838867188 0.0523185729980469 -0.0395622253417969
0.0423316955566406 0.00436019897460938 0.0593223571777344 -0.0604591369628906
0.0429420471191406 -0.0101737976074219 0.06463623046875 -0.0726776123046875
0.0321464538574219 -0.0251979827880859 0.0506134033203125 -0.107307434082031
0.024169921875 -0.038665771484375 0.0236968994140625 -0.117835998535156
0.0301666259765625 -0.0351333618164063 0.0224380493164062 -0.0957489013671875
0.0231208801269531 -0.0355300903320313 0.0279083251953125 -0.0824661254882813
0.0325298309326172 -0.0249900817871094 0.0357398986816406 -0.0514793395996094
0.0398826599121094 -0.0159645080566406 0.0191478729248047 -0.0184574127197266
0.0429954528808594 -0.0035247802734375 0.000209808349609377 -0.0136537551879883
0.0360183715820313 0.0210342407226563 -0.0134191513061523 -0.0123100280761719
0.0279102325439453 0.0190048217773438 -0.0406227111816406 -0.0175704956054687
0.0220413208007813 0.0219841003417969 -0.0549163818359375 -0.0619735717773437
0.0342864990234375 0.0655555725097656 -0.00568771362304687 -0.0256690979003906
0.052276611328125 0.0625686645507813 0.0237789154052734 -0.017059326171875
0.0831451416015625 0.0360565185546875 0.0569915771484375 -0.0310249328613281
0.0805740356445313 0.000244140625 0.0578575134277344 -0.0538444519042969
0.079986572265625 -0.0250167846679688 0.0575599670410156 -0.0620880126953125
0.058868408203125 -0.0540695190429688 0.0364532470703125 -0.0905838012695313
0.0405044555664062 -0.0732498168945312 0.0121612548828125 -0.0931549072265625
0.0501556396484375 -0.0684432983398438 0.01226806640625 -0.0710067749023438
0.0400161743164063 -0.0702705383300781 0.0162086486816406 -0.0617523193359375
0.0539894104003906 -0.0501747131347656 0.0207366943359375 -0.0359535217285156
0.0685768127441406 -0.0353164672851562 0.00671052932739258 -0.00735950469970703
0.07318115234375 -0.0148162841796875 -0.0144014358520508 -0.00937843322753906
0.0705184936523438 0.0309829711914062 -0.028350830078125 -0.0162620544433594
0.0533790588378906 0.036376953125 -0.0427131652832031 -0.024444580078125
0.0396232604980469 0.0443763732910156 -0.0473251342773437 -0.0567550659179688
0.0465087890625 0.0798492431640625 0.00580930709838867 -0.00291967391967773
0.069793701171875 0.074188232421875 0.0311679840087891 0.00195693969726563
0.110160827636719 0.0402297973632812 0.0597381591796875 -0.0174064636230469
0.105216979980469 -0.0064849853515625 0.0532493591308594 -0.0426826477050781
0.103355407714844 -0.03662109375 0.0439491271972656 -0.0463905334472656
0.0765762329101563 -0.07305908203125 0.0167007446289063 -0.0634803771972656
0.0517730712890625 -0.095306396484375 -0.0010223388671875 -0.0556602478027344
0.0625228881835937 -0.0906829833984375 0.00035476684570313 -0.035797119140625
0.050811767578125 -0.0958404541015625 0.00214576721191407 -0.0290164947509766
0.06793212890625 -0.0702476501464844 0.00170230865478516 -0.0101022720336914
0.0872421264648438 -0.0519638061523438 -0.00796794891357422 0.0112476348876953
0.0950241088867187 -0.0272750854492187 -0.0312824249267578 0.00295639038085937
0.0986099243164063 0.036285400390625 -0.0458984375 -0.0142135620117187
0.07440185546875 0.051239013671875 -0.0447425842285156 -0.0284614562988281
0.0521697998046875 0.0649185180664063 -0.0371627807617188 -0.0463333129882812
0.0504074096679687 0.0790328979492188 0.0201892852783203 0.0204315185546875
0.07452392578125 0.0723648071289063 0.0373115539550781 0.0177001953125
0.11676025390625 0.0373916625976563 0.0551834106445313 -0.00412368774414062
0.111709594726563 -0.0108718872070313 0.0431556701660156 -0.0271034240722656
0.109375 -0.0408859252929688 0.0251712799072266 -0.02679443359375
0.0820770263671875 -0.07916259765625 -0.00572204589843749 -0.0304164886474609
0.0554962158203125 -0.101997375488281 -0.0157918930053711 -0.01226806640625
0.0653305053710938 -0.0996017456054688 -0.0119915008544922 0.00524139404296874
0.0537872314453125 -0.107635498046875 -0.0117158889770508 0.0121240615844727
0.0717926025390625 -0.080902099609375 -0.0172767639160156 0.0238628387451172
0.0943374633789063 -0.06146240234375 -0.0217666625976563 0.0353126525878906
0.103324890136719 -0.0335159301757812 -0.0429916381835938 0.0214195251464844
0.112159729003906 0.03863525390625 -0.0586357116699219 -0.00202560424804688
0.08551025390625 0.0613555908203125 -0.0435600280761719 -0.0220069885253906
0.057342529296875 0.077239990234375 -0.0238094329833984 -0.0279903411865234
0.0469741821289063 0.0662574768066406 0.0350761413574219 0.0382728576660156
0.0676651000976563 0.0579605102539063 0.0400428771972656 0.0233650207519531
0.101821899414063 0.0276107788085938 0.0419540405273438 0.00304794311523438
0.0963897705078125 -0.0137557983398437 0.0260086059570313 -0.0121936798095703
0.0946121215820313 -0.0374069213867188 0.00427675247192384 -0.00856637954711914
0.0732498168945313 -0.071380615234375 -0.0269203186035156 0.00126838684082031
0.0489654541015625 -0.0911407470703125 -0.0287952423095703 0.0294971466064453
0.0574874877929688 -0.0923080444335937 -0.0229721069335937 0.0447196960449219
0.0486602783203125 -0.102058410644531 -0.0225944519042969 0.0533294677734375
0.0660018920898438 -0.0773239135742188 -0.0341224670410156 0.0584335327148438
0.0881805419921875 -0.057281494140625 -0.03424072265625 0.0579071044921875
0.0961685180664063 -0.02996826171875 -0.0498046875 0.0394783020019531
0.105560302734375 0.039764404296875 -0.0624923706054688 0.0145988464355469
0.0807571411132813 0.063690185546875 -0.0367088317871094 -0.00679779052734375
0.05255126953125 0.0776901245117188 -0.00993156433105468 -0.00366592407226562
0.0348930358886719 0.0447921752929688 0.0481681823730469 0.0492210388183594
0.0505142211914063 0.03790283203125 0.0418853759765625 0.0201950073242188
0.071685791015625 0.0154266357421875 0.0245704650878906 0.002349853515625
0.0665130615234375 -0.0137901306152344 0.00793313980102539 -0.00189447402954102
0.0648956298828125 -0.0286827087402344 -0.0147876739501953 0.00504302978515625
0.0518264770507812 -0.0530242919921875 -0.0427742004394531 0.0266761779785156
0.0346603393554687 -0.06689453125 -0.0377922058105469 0.0635147094726562
0.0412521362304687 -0.0706405639648438 -0.0304031372070312 0.0766067504882812
0.0365219116210938 -0.0799102783203125 -0.0305938720703125 0.089324951171875
0.0499687194824219 -0.060089111328125 -0.0471572875976563 0.0885086059570313
0.068695068359375 -0.042694091796875 -0.0445632934570312 0.074981689453125
0.0741729736328125 -0.019287109375 -0.0524024963378906 0.0532569885253906
0.07977294921875 0.0357894897460938 -0.0605087280273437 0.0303688049316406
0.0611991882324219 0.0549278259277344 -0.027923583984375 0.0133228302001953
0.0385780334472656 0.0639114379882813 0.00124549865722656 0.0209445953369141
0.0174541473388672 0.0206527709960938 0.0577201843261719 0.0553970336914063
0.0284042358398438 0.0158004760742187 0.0435142517089844 0.0140457153320313
0.0343875885009766 0.00214385986328125 0.0115804672241211 -0.000654220581054687
0.0287971496582031 -0.0121383666992187 -0.00495672225952148 0.00400066375732422
0.0282669067382813 -0.0165443420410156 -0.0280418395996094 0.0122432708740234
0.0243072509765625 -0.0286121368408203 -0.0507850646972656 0.0426788330078125
0.0149269104003906 -0.0341720581054688 -0.0405120849609375 0.0842208862304688
0.0186576843261719 -0.0388412475585938 -0.0333175659179688 0.0972137451171875
0.018524169921875 -0.04541015625 -0.034271240234375 0.114181518554688
0.0257415771484375 -0.0345726013183594 -0.055877685546875 0.108306884765625
0.0373039245605469 -0.0244255065917969 -0.0526580810546875 0.0850372314453125
0.0401573181152344 -0.0087127685546875 -0.0537338256835937 0.0631179809570313
0.0432205200195313 0.0232620239257813 -0.0571365356445312 0.0426025390625
0.032470703125 0.033233642578125 -0.0212955474853516 0.0311069488525391
0.0197067260742187 0.0363044738769531 0.00888824462890625 0.0406646728515625
-0.00176286697387695 0.00510454177856445 -0.0222816467285156 -0.0623703002929688
-0.00214242935180664 0.00358152389526367 0.00733566284179688 -0.0368309020996094
-0.000392913818359375 0.0049281120300293 0.0453224182128906 -0.0349922180175781
-0.000101089477539063 0.00756216049194336 0.0634269714355469 -0.0512008666992187
0.000610828399658204 0.00698709487915039 0.0755691528320313 -0.0699386596679688
0.00147056579589844 0.0091705322265625 0.070068359375 -0.112922668457031
0.00581884384155273 0.00233268737792969 0.0388870239257812 -0.132316589355469
0.00646162033081055 0.00421285629272461 0.0344390869140625 -0.112709045410156
0.00234651565551758 0.00468683242797852 0.0407943725585937 -0.0946044921875
0.00564050674438477 0.00179052352905273 0.0471000671386719 -0.057891845703125
0.00595808029174805 0.00197267532348633 0.0196342468261719 -0.0229415893554687
0.00854253768920898 0.00427961349487305 -0.00632476806640625 -0.0241794586181641
0.00162363052368164 0.00789785385131836 -0.0159912109375 -0.0356483459472656
0.00126504898071289 0.00227689743041992 -0.0407218933105469 -0.0407981872558594
0.00153756141662598 -0.00259280204772949 -0.06732177734375 -0.0772018432617188
0.0223159790039063 0.0433807373046875 -0.0198326110839844 -0.0564384460449219
0.0261497497558594 0.0391044616699219 0.0104351043701172 -0.0327205657958984
0.0442886352539063 0.0289535522460938 0.049468994140625 -0.0326004028320313
0.0444984436035156 0.0101470947265625 0.0636024475097656 -0.0500068664550781
0.0471420288085938 -0.00608062744140625 0.0746078491210938 -0.0654678344726563
0.0367813110351563 -0.0236282348632813 0.062713623046875 -0.107795715332031
0.0282554626464844 -0.0400276184082031 0.03106689453125 -0.124679565429688
0.0336761474609375 -0.0355300903320312 0.0267562866210938 -0.102348327636719
0.0263862609863281 -0.03558349609375 0.0321502685546875 -0.0878219604492188
0.0355148315429688 -0.0228843688964844 0.0380020141601563 -0.0539665222167969
0.041107177734375 -0.01318359375 0.0141963958740234 -0.0193862915039062
0.0423583984375 -0.002655029296875 -0.0126724243164062 -0.0239181518554688
0.0381965637207031 0.0222396850585938 -0.022064208984375 -0.0381126403808594
0.0318489074707031 0.0217685699462891 -0.0428810119628906 -0.0441474914550781
0.0287513732910156 0.0267105102539063 -0.0647659301757812 -0.0749359130859375
0.04302978515625 0.0740966796875 -0.0109748840332031 -0.036895751953125
0.0520095825195313 0.0671958923339844 0.0177288055419922 -0.0151844024658203
0.0841751098632813 0.045928955078125 0.0565109252929688 -0.0229415893554688
0.0841140747070313 0.0100250244140625 0.0630226135253906 -0.0440216064453125
0.0879287719726563 -0.018707275390625 0.0669975280761719 -0.05560302734375
0.0674819946289063 -0.0531730651855469 0.0469589233398438 -0.091339111328125
0.0477676391601562 -0.0765151977539062 0.018096923828125 -0.0988082885742188
0.0565109252929688 -0.070556640625 0.0153350830078125 -0.0769882202148438
0.0462417602539063 -0.0723495483398438 0.0188369750976563 -0.0668411254882813
0.0605430603027344 -0.0484619140625 0.02178955078125 -0.0397491455078125
0.0723114013671875 -0.0300674438476563 0.0021963119506836 -0.00960636138916016
0.073883056640625 -0.0113983154296875 -0.0261688232421875 -0.0176486968994141
0.0726852416992188 0.0334243774414063 -0.0372657775878906 -0.0382537841796875
0.0600967407226563 0.0399589538574219 -0.0463142395019531 -0.0486373901367188
0.051727294921875 0.0535049438476562 -0.0558624267578125 -0.0663795471191406
0.0593185424804687 0.090606689453125 0.00205039978027344 -0.00992870330810546
0.0711898803710938 0.0791473388671875 0.0265617370605469 0.00974845886230469
0.110855102539063 0.0508499145507813 0.0623283386230469 -0.00751495361328125
0.109085083007813 0.00565338134765625 0.0604972839355469 -0.0338516235351563
0.113601684570313 -0.0284423828125 0.0519447326660156 -0.0414390563964844
0.088104248046875 -0.0733718872070313 0.0241622924804688 -0.0637474060058594
0.0610122680664062 -0.0999374389648438 0.00256729125976563 -0.0597457885742188
0.0708465576171875 -0.09466552734375 0.00127792358398438 -0.0396690368652344
0.058990478515625 -0.0995559692382813 0.00243949890136719 -0.0331249237060547
0.0779342651367188 -0.0686492919921875 0.000913619995117191 -0.014373779296875
0.0947647094726563 -0.045379638671875 -0.0126581192016601 0.00798606872558594
0.0968780517578125 -0.0202713012695313 -0.0408287048339844 -0.00452041625976563
0.101066589355469 0.0414505004882813 -0.053497314453125 -0.0310554504394531
0.0821609497070312 0.0556640625 -0.0481948852539062 -0.0476417541503906
0.066864013671875 0.0765304565429688 -0.0427742004394531 -0.0502357482910156
0.0664138793945313 0.0907058715820312 0.0183486938476563 0.0183658599853516
0.07867431640625 0.0766983032226563 0.0338230133056641 0.0311717987060547
0.117317199707031 0.0458526611328125 0.0606269836425781 0.00928115844726563
0.114471435546875 0.0003509521484375 0.0520591735839844 -0.0186729431152344
0.118972778320313 -0.0317916870117188 0.0324535369873047 -0.0235691070556641
0.0947189331054687 -0.0785140991210937 -0.00123977661132812 -0.0305614471435547
0.0645904541015625 -0.1070556640625 -0.0151700973510742 -0.0134601593017578
0.0741729736328125 -0.104156494140625 -0.0135869979858398 0.00432872772216796
0.0625762939453125 -0.112800598144531 -0.0138959884643555 0.00997161865234374
0.0832748413085938 -0.0808792114257813 -0.0208797454833984 0.0197830200195313
0.104545593261719 -0.0546798706054688 -0.0281181335449219 0.0302505493164062
0.108177185058594 -0.0247802734375 -0.0508155822753906 0.0136985778808594
0.113937377929687 0.0467910766601563 -0.062774658203125 -0.0149879455566406
0.0916824340820313 0.0663833618164063 -0.0449256896972656 -0.0350265502929687
0.0717849731445313 0.0897445678710938 -0.0264167785644531 -0.0254936218261719
0.062774658203125 0.0768814086914063 0.0363693237304688 0.0410842895507813
0.0729446411132813 0.0604248046875 0.0377655029296875 0.0427017211914063
0.1025390625 0.0323104858398438 0.0494384765625 0.0215721130371094
0.0974960327148438 -0.0055999755859375 0.0381927490234375 -0.002716064453125
0.101898193359375 -0.0298614501953125 0.0103282928466797 -0.00696182250976563
0.0841293334960938 -0.0708236694335938 -0.0258140563964844 0.00130653381347655
0.057373046875 -0.0961532592773437 -0.0307235717773438 0.0308017730712891
0.0661697387695313 -0.0975799560546875 -0.0265350341796875 0.0463447570800781
0.0569076538085937 -0.107666015625 -0.0272331237792969 0.0546379089355469
0.0770416259765625 -0.0782699584960938 -0.0412864685058594 0.0559883117675781
0.0994949340820312 -0.05145263671875 -0.0421218872070312 0.0523910522460937
0.102203369140625 -0.0206451416015625 -0.0553550720214844 0.0308876037597656
0.106277465820312 0.0494918823242187 -0.0630378723144531 0.00436401367187501
0.0843429565429688 0.0692367553710938 -0.0350475311279297 -0.0142269134521484
0.064208984375 0.0891799926757813 -0.00979423522949219 0.00431442260742188
0.0480880737304688 0.0528450012207031 0.0532760620117188 0.0567588806152344
0.0561141967773438 0.0389442443847656 0.0397071838378906 0.043701171875
0.0728836059570312 0.0169525146484375 0.032684326171875 0.0259723663330078
0.065460205078125 -0.00907516479492188 0.0219631195068359 0.00935173034667969
0.0700531005859375 -0.0234565734863281 -0.00866031646728515 0.00554132461547851
0.0600967407226562 -0.0529556274414063 -0.0443534851074219 0.0263710021972656
0.0406646728515625 -0.0714187622070313 -0.041717529296875 0.0664215087890625
0.047210693359375 -0.0755462646484375 -0.03515625 0.0810470581054688
0.0427474975585938 -0.0854415893554688 -0.036651611328125 0.0925445556640625
0.0584144592285156 -0.0615043640136719 -0.0568389892578125 0.0871124267578125
0.0774307250976563 -0.0391769409179688 -0.0539627075195312 0.0687294006347656
0.0793304443359375 -0.012542724609375 -0.0573577880859375 0.0442390441894531
0.08056640625 0.0444564819335938 -0.0580101013183594 0.0219459533691406
0.0625457763671875 0.0601043701171875 -0.0230827331542969 0.0103683471679688
0.0462722778320313 0.0729751586914063 0.00332260131835938 0.0339164733886719
0.0251312255859375 0.0242099761962891 0.0659675598144531 0.0656547546386719
0.0317115783691406 0.01556396484375 0.0416030883789063 0.0400810241699219
0.0344715118408203 0.00226783752441406 0.0191478729248047 0.02569580078125
0.0288143157958984 -0.0104179382324219 0.00965118408203125 0.0161409378051758
0.0309314727783203 -0.0144252777099609 -0.0217685699462891 0.0126686096191406
0.0289878845214844 -0.0295848846435547 -0.0535163879394531 0.0433883666992187
0.0177040100097656 -0.037841796875 -0.0455245971679688 0.0891342163085937
0.0218696594238281 -0.0424041748046875 -0.0387344360351563 0.103111267089844
0.022003173828125 -0.0491714477539063 -0.0417327880859375 0.119026184082031
0.030426025390625 -0.0353240966796875 -0.0669631958007813 0.108169555664062
0.0428924560546875 -0.02239990234375 -0.0629959106445313 0.0785675048828125
0.0430641174316406 -0.00524520874023438 -0.0584640502929688 0.0526008605957031
0.0434226989746094 0.0278396606445313 -0.0536079406738281 0.0350112915039063
0.0323066711425781 0.0361289978027344 -0.0150260925292969 0.0309734344482422
0.0229721069335937 0.0415229797363281 0.0122451782226563 0.05615234375
-0.00163936614990234 0.00492095947265625 -0.0295944213867188 -0.0770339965820312
-0.00339865684509277 0.00394177436828613 7.62939453124764E-06 -0.0392990112304688
-0.000223636627197265 0.00555849075317383 0.0438613891601563 -0.0285415649414062
-0.000199794769287109 0.00820636749267578 0.0693092346191406 -0.041534423828125
0.000682353973388673 0.00813531875610352 0.0885238647460938 -0.0640029907226563
0.00219249725341797 0.0103960037231445 0.0839309692382812 -0.116096496582031
0.0066676139831543 0.00284576416015625 0.047332763671875 -0.142074584960937
0.00695276260375977 0.00545597076416016 0.0402145385742187 -0.121490478515625
0.00236415863037109 0.00622272491455078 0.0456314086914062 -0.101943969726562
0.00522232055664063 0.00313043594360352 0.0516319274902344 -0.0610771179199219
0.00533628463745117 0.00223398208618164 0.0155029296875 -0.0233955383300781
0.00786733627319336 0.00302362442016602 -0.0190906524658203 -0.03338623046875
0.00242328643798828 0.00910186767578125 -0.0258979797363281 -0.0609092712402344
0.000812292098999023 0.00371146202087402 -0.044952392578125 -0.0671005249023438
0.00103306770324707 -0.0031437873840332 -0.0781936645507812 -0.0916290283203125
0.0271224975585937 0.0481986999511719 -0.0262947082519531 -0.0702323913574219
0.0254631042480469 0.0429191589355469 0.00369834899902344 -0.0338344573974609
0.0458526611328125 0.0346641540527344 0.0485153198242188 -0.0259971618652344
0.0477218627929688 0.0159797668457031 0.0700759887695313 -0.0408515930175781
0.0527801513671875 -0.002593994140625 0.0870590209960938 -0.0599365234375
0.04254150390625 -0.0237846374511719 0.0762939453125 -0.111854553222656
0.0327529907226563 -0.0424156188964844 0.0383529663085937 -0.133514404296875
0.0378990173339844 -0.0371932983398438 0.0316925048828125 -0.110931396484375
0.0301933288574219 -0.0367431640625 0.0360870361328125 -0.0949630737304688
0.0393104553222656 -0.0217933654785156 0.0414466857910156 -0.0582046508789062
0.04351806640625 -0.0109748840332031 0.0103893280029297 -0.0203132629394531
0.0432586669921875 -0.00136566162109375 -0.0256671905517578 -0.0319919586181641
0.0408706665039063 0.0237350463867188 -0.0331993103027344 -0.0614776611328125
0.0369377136230469 0.0243721008300781 -0.0483741760253906 -0.0696182250976562
0.0357475280761719 0.0312271118164063 -0.0758590698242188 -0.0879745483398438
0.0520172119140625 0.0824813842773438 -0.0170135498046875 -0.0476570129394531
0.0527267456054688 0.0734405517578125 0.0127830505371094 -0.0127296447753906
0.0871810913085938 0.05621337890625 0.057373046875 -0.0160789489746094
0.0901718139648438 0.0195541381835938 0.0707778930664063 -0.0366592407226563
0.0983047485351563 -0.0132522583007813 0.078125 -0.051239013671875
0.0772781372070313 -0.054351806640625 0.0582046508789063 -0.0943679809570313
0.0553665161132813 -0.0813369750976563 0.023956298828125 -0.106285095214844
0.063446044921875 -0.0746688842773438 0.0181655883789063 -0.083770751953125
0.0531234741210938 -0.0760345458984375 0.0212631225585938 -0.0731201171875
0.068450927734375 -0.0473556518554687 0.0233993530273438 -0.044189453125
0.078155517578125 -0.0260848999023438 -0.00200462341308593 -0.0110616683959961
0.075592041015625 -0.00749969482421875 -0.0379714965820312 -0.0246353149414063
0.0770111083984375 0.0370864868164062 -0.0478973388671875 -0.058074951171875
0.0681915283203125 0.0435523986816406 -0.0522613525390625 -0.0708236694335938
0.0645942687988281 0.0621681213378906 -0.0648651123046875 -0.0761032104492188
0.0721893310546875 0.100715637207031 -0.00247192382812499 -0.0158100128173828
0.073822021484375 0.0865936279296875 0.0237693786621094 0.0170764923095703
0.114334106445313 0.061981201171875 0.06610107421875 0.00149917602539063
0.116455078125 0.0163345336914063 0.069061279296875 -0.0270919799804687
0.126617431640625 -0.02197265625 0.0616073608398438 -0.0383148193359375
0.100631713867188 -0.0745773315429688 0.0318870544433594 -0.0656852722167969
0.0700607299804688 -0.106376647949219 0.00568771362304688 -0.0643844604492188
0.079864501953125 -0.10101318359375 0.00172424316406251 -0.0434722900390625
0.0680923461914063 -0.106033325195313 0.00257492065429688 -0.0373649597167969
0.08905029296875 -0.0696945190429688 -1.52587890624928E-05 -0.0182991027832031
0.104721069335938 -0.0404129028320313 -0.0179328918457031 0.00554084777832031
0.101913452148438 -0.01397705078125 -0.0510749816894531 -0.0107574462890625
0.105201721191406 0.0472259521484375 -0.0628852844238281 -0.0468292236328125
0.0901947021484375 0.060577392578125 -0.0535659790039063 -0.0653839111328125
0.0825042724609375 0.0877914428710938 -0.0487747192382813 -0.0547065734863281
0.0820388793945313 0.101524353027344 0.0164527893066406 0.0179691314697266
0.0836410522460938 0.081939697265625 0.0327415466308594 0.0449905395507813
0.120857238769531 0.0553817749023438 0.0676651000976563 0.0215339660644531
0.120315551757812 0.010894775390625 0.0626564025878906 -0.011749267578125
0.1314697265625 -0.0249176025390625 0.0396308898925781 -0.0214920043945313
0.108329772949219 -0.0805282592773438 0.00221633911132813 -0.0316314697265625
0.0746002197265625 -0.1143798828125 -0.0147762298583984 -0.0151424407958984
0.0840988159179688 -0.111717224121094 -0.0148859024047852 0.00340080261230468
0.0724105834960937 -0.1209716796875 -0.016270637512207 0.00848674774169921
0.09613037109375 -0.083221435546875 -0.0253562927246094 0.0175609588623047
0.117813110351563 -0.0505599975585938 -0.0349216461181641 0.0269813537597656
0.115814208984375 -0.0170974731445313 -0.0592422485351562 0.00732803344726561
0.118736267089844 0.0552978515625 -0.0692596435546875 -0.0266075134277344
0.0984344482421875 0.0725479125976563 -0.0485191345214844 -0.0475196838378906
0.0872650146484375 0.101760864257813 -0.0290031433105469 -0.0239391326904297
0.0789260864257813 0.0871658325195313 0.0384483337402344 0.0455665588378906
0.0800094604492188 0.0646591186523438 0.0379867553710938 0.0616073608398438
0.105926513671875 0.0383987426757812 0.0585708618164063 0.0377616882324219
0.101051330566406 0.00281524658203125 0.0506172180175781 0.00444793701171875
0.112373352050781 -0.023834228515625 0.0161275863647461 -0.00623607635498047
0.0959548950195313 -0.0728683471679688 -0.0258674621582031 0.00127983093261719
0.065826416015625 -0.103569030761719 -0.0331649780273437 0.0324935913085938
0.0747833251953125 -0.104957580566406 -0.0300445556640625 0.0492820739746094
0.0659713745117188 -0.116157531738281 -0.0318679809570313 0.0562057495117187
0.0889358520507813 -0.0814590454101563 -0.0490951538085937 0.0557937622070313
0.112548828125 -0.0487289428710938 -0.0508613586425781 0.0482597351074219
0.110877990722656 -0.0125961303710938 -0.0630912780761719 0.0234947204589844
0.111175537109375 0.0596237182617187 -0.0655288696289063 -0.00523376464843751
0.089263916015625 0.07666015625 -0.0348320007324219 -0.0215816497802734
0.0767745971679688 0.100700378417969 -0.00925731658935546 0.0108671188354492
0.0614891052246094 0.06024169921875 0.0592193603515625 0.0650253295898438
0.0625 0.0406303405761719 0.0410842895507813 0.0660896301269531
0.0753555297851563 0.0201263427734375 0.0422592163085938 0.0466461181640625
0.0678749084472656 -0.003570556640625 0.0354270935058594 0.0181465148925781
0.0765762329101562 -0.0189895629882812 -0.00393819808959961 0.00570964813232422
0.0690460205078125 -0.0547065734863281 -0.0467948913574219 0.0277442932128906
0.0467529296875 -0.0776290893554688 -0.0457077026367188 0.0710830688476563
0.0536117553710938 -0.0818405151367188 -0.04022216796875 0.0869522094726563
0.0492019653320312 -0.0923538208007813 -0.0429534912109375 0.0976104736328125
0.0676460266113281 -0.0646743774414063 -0.06719970703125 0.088714599609375
0.0884780883789063 -0.0365753173828125 -0.0648765563964844 0.0653038024902344
0.0866165161132813 -0.00569915771484375 -0.0643959045410156 0.0360527038574219
0.0837631225585938 0.0535507202148437 -0.0580482482910156 0.0137901306152344
0.0652008056640625 0.0666122436523438 -0.0200042724609375 0.00768852233886719
0.0548095703125 0.0818862915039063 0.0069122314453125 0.0452232360839844
0.0324554443359375 0.0278148651123047 0.0748367309570313 0.0761032104492188
0.0345306396484375 0.0158634185791016 0.0434455871582031 0.0645561218261719
0.0360832214355469 0.00334548950195313 0.0285987854003906 0.0491065979003906
0.0296974182128906 -0.00828361511230469 0.0238418579101563 0.0264472961425781
0.0346717834472656 -0.0127811431884766 -0.0167770385742188 0.0126724243164062
0.0336513519287109 -0.0316753387451172 -0.0577316284179688 0.0444755554199219
0.0209503173828125 -0.0417442321777344 -0.0515594482421875 0.0956802368164063
0.024444580078125 -0.0469131469726563 -0.0440139770507812 0.110908508300781
0.0249710083007812 -0.0541419982910156 -0.048736572265625 0.126258850097656
0.0353355407714844 -0.0376091003417969 -0.078460693359375 0.111213684082031
0.0485916137695313 -0.0214309692382813 -0.075347900390625 0.074920654296875
0.0464553833007812 -0.00159072875976562 -0.0653572082519531 0.0444145202636719
0.0448722839355469 0.0333595275878906 -0.0519523620605469 0.0276451110839844
0.0334548950195313 0.04022216796875 -0.00963592529296875 0.0309333801269531
0.0276069641113281 0.0468482971191406 0.0167999267578125 0.0707931518554687
-0.000930309295654297 0.00600719451904297 -0.039306640625 -0.0917587280273438
-0.00437450408935547 0.00471925735473633 -0.00713348388671875 -0.0418167114257813
0.000126361846923829 0.00593280792236328 0.0429306030273438 -0.0231819152832031
1.52587890624996E-05 0.010157585144043 0.0771408081054688 -0.0346832275390625
0.000617027282714843 0.00981903076171875 0.101905822753906 -0.0624237060546875
0.00203037261962891 0.0114469528198242 0.0976638793945313 -0.124443054199219
0.00714111328125 0.00296640396118164 0.053863525390625 -0.15625
0.00750923156738281 0.00679588317871094 0.043975830078125 -0.133209228515625
0.00273036956787109 0.00791120529174805 0.0503768920898437 -0.111984252929688
0.00468301773071289 0.00433778762817383 0.055755615234375 -0.06634521484375
0.00484943389892578 0.00249242782592773 0.0119152069091797 -0.0243167877197266
0.00779485702514648 0.00273561477661133 -0.03350830078125 -0.0407371520996094
0.00323009490966797 0.0103235244750977 -0.0385818481445312 -0.0842056274414063
0.00130510330200195 0.00481605529785156 -0.05291748046875 -0.0919952392578125
0.000352621078491211 -0.00419902801513672 -0.0932540893554688 -0.105140686035156
0.0326881408691406 0.0531044006347656 -0.0357589721679688 -0.0834732055664063
0.0265769958496094 0.0475921630859375 -0.00243377685546875 -0.0347881317138672
0.0497245788574219 0.0400276184082031 0.049102783203125 -0.0207366943359375
0.0527153015136719 0.020660400390625 0.0782546997070313 -0.0350112915039063
0.0597610473632813 -0.0003509521484375 0.100738525390625 -0.0585250854492188
0.0479660034179688 -0.0253448486328125 0.0887069702148438 -0.119926452636719
0.0369110107421875 -0.0468521118164062 0.0438079833984375 -0.146270751953125
0.0420646667480469 -0.0404434204101563 0.0350418090820312 -0.122283935546875
0.0340194702148438 -0.0389213562011719 0.0395355224609375 -0.105201721191406
0.0441055297851563 -0.0222282409667969 0.0443611145019531 -0.063995361328125
0.046783447265625 -0.00931549072265625 0.00672531127929688 -0.0213279724121094
0.0450057983398437 -0.000148773193359375 -0.0393905639648438 -0.0388984680175781
0.0448036193847656 0.0258712768554688 -0.0466842651367188 -0.08380126953125
0.0426597595214844 0.0266647338867188 -0.0575714111328125 -0.0939254760742188
0.0438194274902344 0.0348281860351563 -0.0896224975585938 -0.10028076171875
0.062957763671875 0.0909957885742188 -0.0251045227050781 -0.0571479797363281
0.0560226440429687 0.0810928344726563 0.00840377807617188 -0.0106182098388672
0.0938644409179687 0.0655288696289063 0.0600242614746094 -0.0100059509277344
0.0994949340820313 0.027008056640625 0.0792999267578125 -0.0312347412109375
0.110519409179688 -0.0111007690429688 0.0908584594726563 -0.050750732421875
0.088043212890625 -0.0583877563476563 0.0683059692382813 -0.100990295410156
0.0622787475585937 -0.0889968872070313 0.02728271484375 -0.117027282714844
0.0705184936523438 -0.0819778442382812 0.0200576782226563 -0.0927352905273438
0.059783935546875 -0.0822219848632813 0.0226669311523437 -0.08172607421875
0.0774917602539063 -0.0495452880859375 0.0245437622070313 -0.0495719909667969
0.08538818359375 -0.0236663818359375 -0.00546741485595703 -0.0123720169067383
0.0802536010742187 -0.00534820556640625 -0.0509872436523437 -0.029449462890625
0.0834579467773438 0.0396499633789063 -0.0620269775390625 -0.0761795043945312
0.0776443481445313 0.0468597412109375 -0.0624847412109375 -0.0931243896484375
0.0792236328125 0.069610595703125 -0.0766754150390625 -0.085418701171875
0.0877609252929688 0.111648559570312 -0.00737571716308593 -0.0206069946289062
0.0797576904296875 0.0944442749023438 0.0222282409667969 0.0247154235839844
0.122695922851563 0.07305908203125 0.0719757080078125 0.00901031494140625
0.127372741699219 0.0257339477539063 0.07904052734375 -0.0225982666015625
0.1424560546875 -0.0191802978515625 0.071746826171875 -0.0373687744140625
0.114006042480469 -0.0805206298828125 0.0387115478515625 -0.0707244873046875
0.0791473388671875 -0.117408752441406 0.00682067871093751 -0.0710296630859375
0.0888595581054688 -0.111625671386719 0.00177764892578126 -0.0485076904296875
0.0768966674804687 -0.1160888671875 0.00207519531250001 -0.0427284240722656
0.101051330566406 -0.073699951171875 -0.00190544128417968 -0.0230216979980469
0.116676330566406 -0.0391006469726563 -0.0228366851806641 0.00321960449218749
0.109748840332031 -0.00978851318359375 -0.06280517578125 -0.0148239135742187
0.11334228515625 0.0525970458984375 -0.0750503540039062 -0.0604095458984375
0.101905822753906 0.0648040771484375 -0.0629119873046875 -0.0826034545898438
0.101119995117188 0.0984344482421875 -0.0564727783203125 -0.0591812133789063
0.10052490234375 0.112373352050781 0.0157852172851563 0.0180816650390625
0.0916213989257812 0.0890045166015625 0.0342674255371094 0.0585708618164063
0.12896728515625 0.0645751953125 0.077301025390625 0.0324172973632813
0.130363464355469 0.0199508666992187 0.073822021484375 -0.00766754150390625
0.147613525390625 -0.022857666015625 0.0473709106445313 -0.0217094421386719
0.122833251953125 -0.0870742797851563 0.00509452819824219 -0.0333614349365234
0.083709716796875 -0.125762939453125 -0.0154008865356445 -0.0165672302246094
0.093017578125 -0.12353515625 -0.0171012878417969 0.00306224822998046
0.0814208984375 -0.133529663085938 -0.0186901092529297 0.0070343017578125
0.109687805175781 -0.0896682739257813 -0.0305976867675781 0.0155029296875
0.133018493652344 -0.0500411987304688 -0.0419921875 0.0252151489257812
0.126754760742188 -0.0119171142578125 -0.0697174072265625 0.00317764282226562
0.127967834472656 0.06396484375 -0.0781631469726562 -0.0374603271484375
0.108901977539063 0.0789031982421875 -0.054229736328125 -0.0595932006835938
0.105941772460937 0.113388061523437 -0.0317230224609375 -0.0235576629638672
0.097808837890625 0.0958328247070313 0.0420188903808594 0.0498237609863281
0.0893402099609375 0.0683670043945313 0.0417556762695313 0.0803985595703125
0.112945556640625 0.0437545776367187 0.0700721740722656 0.0530471801757813
0.108161926269531 0.00958251953125 0.0643081665039063 0.00939559936523438
0.125274658203125 -0.0209732055664063 0.0220165252685547 -0.00646209716796875
0.108840942382813 -0.078704833984375 -0.0270347595214844 0.00189208984375
0.0740432739257813 -0.114418029785156 -0.0359725952148438 0.0354080200195312
0.0829391479492188 -0.116668701171875 -0.0328254699707031 0.0534782409667969
0.07366943359375 -0.128372192382813 -0.036346435546875 0.0597763061523437
0.10211181640625 -0.0880050659179688 -0.0568428039550781 0.057464599609375
0.127853393554688 -0.0490646362304688 -0.0605545043945313 0.0473060607910156
0.122795104980469 -0.00732421875 -0.0719757080078125 0.0186386108398438
0.120124816894531 0.06976318359375 -0.0704574584960938 -0.0135345458984375
0.0975418090820313 0.0835113525390625 -0.0363273620605469 -0.0283851623535156
0.0926132202148438 0.111907958984375 -0.00793075561523437 0.0175895690917969
0.0764312744140625 0.0672225952148437 0.067413330078125 0.07330322265625
0.0707778930664063 0.0425338745117188 0.0458221435546875 0.0884857177734375
0.0804214477539063 0.0221176147460938 0.0544052124023438 0.0656089782714844
0.0716018676757813 -0.000640869140625 0.049774169921875 0.0247535705566406
0.0854873657226563 -0.0176239013671875 0.000593662261962896 0.00559282302856445
0.0785369873046875 -0.0594100952148438 -0.050628662109375 0.0301666259765625
0.0522994995117188 -0.0859146118164062 -0.04998779296875 0.0780258178710937
0.0593032836914063 -0.0913162231445313 -0.043975830078125 0.0947647094726563
0.0551605224609375 -0.102691650390625 -0.0487136840820312 0.105331420898438
0.0779266357421875 -0.0706024169921875 -0.0777435302734375 0.09417724609375
0.100326538085938 -0.0376510620117188 -0.0768051147460938 0.06475830078125
0.096038818359375 -0.000885009765625 -0.0731353759765625 0.0307693481445313
0.0908660888671875 0.0630722045898438 -0.0597343444824219 0.00712203979492188
0.070343017578125 0.0732955932617188 -0.0179271697998047 0.00477218627929688
0.0660858154296875 0.0909652709960938 0.0114669799804687 0.0567626953125
0.0408782958984375 0.0306243896484375 0.0864639282226563 0.0863418579101563
0.0384521484375 0.0159263610839844 0.0491409301757813 0.0886688232421875
0.0383987426757813 0.00368499755859375 0.0410385131835937 0.0706024169921875
0.0309486389160156 -0.00660514831542969 0.03851318359375 0.0345535278320313
0.0391654968261719 -0.0121307373046875 -0.0130062103271484 0.0126533508300781
0.0387344360351563 -0.0349273681640625 -0.0628623962402344 0.0482864379882813
0.0229835510253906 -0.0472869873046875 -0.0567626953125 0.105216979980469
0.0267982482910156 -0.0526504516601563 -0.0483245849609375 0.121627807617187
0.027801513671875 -0.06085205078125 -0.054718017578125 0.137138366699219
0.040283203125 -0.0415382385253906 -0.0904006958007813 0.118461608886719
0.0555343627929688 -0.021453857421875 -0.0886688232421875 0.0745315551757813
0.0520362854003906 0.0012054443359375 -0.0738067626953125 0.0391082763671875
0.0487785339355469 0.0385093688964844 -0.0519828796386719 0.0220260620117188
0.03533935546875 0.0444068908691406 -0.0053253173828125 0.0306816101074219
0.03271484375 0.0522956848144531 0.0236358642578125 0.08526611328125
-0.000978469848632812 0.00611114501953125 -0.0532379150390625 -0.104766845703125
-0.00547599792480469 0.00516557693481445 -0.0153656005859375 -0.0436172485351563
-0.000157356262207031 0.00539398193359375 0.0430564880371094 -0.0191116333007813
0.000235557556152344 0.0108318328857422 0.0852508544921875 -0.0308380126953125
0.00103759765625 0.0109701156616211 0.115638732910156 -0.0647430419921875
0.00262355804443359 0.0131511688232422 0.108535766601562 -0.137458801269531
0.00780105590820312 0.00298643112182617 0.055938720703125 -0.171737670898437
0.00839900970458984 0.00769853591918945 0.0442047119140625 -0.147872924804688
0.00335025787353516 0.0093088150024414 0.0508956909179687 -0.124374389648438
0.00509071350097656 0.00554323196411133 0.05841064453125 -0.0743408203125
0.00451993942260742 0.00295448303222656 0.00827598571777344 -0.0252189636230469
0.00826501846313477 0.00226926803588867 -0.0486373901367188 -0.0462417602539062
0.00445652008056641 0.0114803314208984 -0.0551910400390625 -0.10498046875
0.00127601623535156 0.00657320022583008 -0.0657424926757812 -0.114471435546875
-0.00109624862670898 -0.00492095947265625 -0.112312316894531 -0.11602783203125
0.040679931640625 0.0577278137207031 -0.0489349365234375 -0.0949478149414062
0.0292091369628906 0.0520515441894531 -0.0103034973144531 -0.035919189453125
0.0554428100585938 0.0442008972167969 0.0497932434082031 -0.0170974731445312
0.0594558715820313 0.0241127014160156 0.0861740112304688 -0.0320663452148438
0.0670585632324219 -0.00118255615234375 0.113716125488281 -0.0610275268554687
0.0528602600097656 -0.0286445617675781 0.0987701416015625 -0.132194519042969
0.0399513244628906 -0.0522956848144531 0.0447235107421875 -0.161651611328125
0.0447044372558594 -0.0452728271484375 0.0339813232421875 -0.13519287109375
0.0367698669433594 -0.04296875 0.0401153564453125 -0.117172241210938
0.048187255859375 -0.0240058898925781 0.046112060546875 -0.0719528198242188
0.0502510070800781 -0.0096435546875 0.00288963317871094 -0.0221958160400391
0.0476264953613281 -0.000583648681640625 -0.0549659729003906 -0.0430259704589844
0.0506553649902344 0.0260505676269531 -0.0640029907226563 -0.102767944335937
0.0492134094238281 0.0278739929199219 -0.07183837890625 -0.115447998046875
0.0529518127441406 0.0367660522460937 -0.108314514160156 -0.110321044921875
0.0775070190429688 0.09808349609375 -0.0351371765136719 -0.0658912658691406
0.0622940063476563 0.0874786376953125 0.00423288345336914 -0.00806713104248046
0.103683471679687 0.0726470947265625 0.0631446838378906 -0.0062713623046875
0.110679626464844 0.032073974609375 0.087982177734375 -0.0294876098632813
0.123817443847656 -0.0127716064453125 0.102180480957031 -0.053070068359375
0.0969619750976563 -0.06573486328125 0.075714111328125 -0.111282348632813
0.0667495727539063 -0.099822998046875 0.027557373046875 -0.128822326660156
0.0753250122070313 -0.0924835205078125 0.0185012817382813 -0.102729797363281
0.0641403198242188 -0.092041015625 0.0215911865234375 -0.0914459228515625
0.0854949951171875 -0.054840087890625 0.0246505737304688 -0.0566291809082031
0.0936203002929688 -0.0251388549804688 -0.00962257385253906 -0.0135183334350586
0.0856704711914063 -0.00476837158203125 -0.0653610229492188 -0.0326080322265625
0.0922012329101563 0.0405731201171875 -0.0789718627929688 -0.0917892456054688
0.0892791748046875 0.047271728515625 -0.0774765014648438 -0.111907958984375
0.096435546875 0.073638916015625 -0.0917282104492187 -0.0923538208007813
0.107658386230469 0.119346618652344 -0.0135173797607422 -0.0250606536865234
0.0894851684570312 0.100532531738281 0.0225868225097656 0.0322151184082031
0.1343994140625 0.0803604125976563 0.0786666870117188 0.0142669677734375
0.141265869140625 0.0308074951171875 0.089202880859375 -0.0218353271484375
0.158493041992188 -0.0218658447265625 0.0814437866210938 -0.0400772094726563
0.126014709472656 -0.0906982421875 0.043731689453125 -0.0772018432617188
0.0850448608398438 -0.131988525390625 0.00623321533203126 -0.077728271484375
0.0944290161132813 -0.125923156738281 9.91821289062525E-05 -0.0540695190429688
0.0820083618164063 -0.129463195800781 -0.000404357910156243 -0.0488700866699219
0.111930847167969 -0.0827560424804687 -0.00371742248535156 -0.0274715423583984
0.128852844238281 -0.042236328125 -0.0282726287841797 0.00222206115722656
0.118644714355469 -0.00894927978515625 -0.0749588012695312 -0.0168991088867188
0.124473571777344 0.0550079345703125 -0.09051513671875 -0.0723342895507813
0.115074157714844 0.0660247802734375 -0.0761489868164062 -0.09783935546875
0.123092651367188 0.103828430175781 -0.0660552978515625 -0.0624313354492187
0.123260498046875 0.119583129882812 0.0150337219238281 0.0185203552246094
0.103271484375 0.0934219360351562 0.0389251708984375 0.0718994140625
0.140899658203125 0.070159912109375 0.0879135131835938 0.0402908325195313
0.143081665039063 0.0247802734375 0.0863113403320313 -0.006744384765625
0.164443969726563 -0.0247650146484375 0.0546760559082031 -0.0232162475585938
0.134590148925781 -0.09808349609375 0.00666427612304688 -0.03607177734375
0.0894622802734375 -0.140899658203125 -0.0169544219970703 -0.0176620483398438
0.0986328125 -0.1396484375 -0.0186500549316406 0.00323295593261718
0.086029052734375 -0.149551391601563 -0.0215244293212891 0.00642204284667968
0.121528625488281 -0.101425170898437 -0.0353469848632812 0.0152664184570312
0.147628784179688 -0.055572509765625 -0.0493278503417969 0.0248069763183594
0.13873291015625 -0.01092529296875 -0.0807418823242187 0.000900268554687491
0.140579223632813 0.068115234375 -0.0895614624023437 -0.0455703735351563
0.123191833496094 0.0814132690429688 -0.0632247924804687 -0.0700759887695313
0.128715515136719 0.120429992675781 -0.03582763671875 -0.0222702026367187
0.119964599609375 0.101737976074219 0.0475997924804688 0.0538177490234375
0.101150512695313 0.0699234008789063 0.0494613647460937 0.0985641479492188
0.122344970703125 0.0468521118164062 0.0844955444335938 0.0647811889648438
0.117050170898438 0.0130081176757813 0.0780258178710938 0.0113296508789063
0.13909912109375 -0.0236358642578125 0.0273933410644531 -0.00806617736816406
0.119773864746094 -0.088897705078125 -0.0279598236083984 0.00331878662109375
0.0786819458007813 -0.128379821777344 -0.0377197265625 0.0399665832519531
0.0875091552734375 -0.131561279296875 -0.0346450805664063 0.0586357116699219
0.0775604248046875 -0.144180297851563 -0.0391883850097656 0.0648231506347656
0.1126708984375 -0.100326538085938 -0.063507080078125 0.0616416931152344
0.143157958984375 -0.054901123046875 -0.0697097778320312 0.0488700866699219
0.135879516601562 -0.00629425048828125 -0.0817642211914063 0.0166168212890625
0.133224487304688 0.0763168334960938 -0.0770111083984375 -0.02001953125
0.108772277832031 0.08868408203125 -0.0397071838378906 -0.0345344543457031
0.112632751464844 0.119636535644531 -0.00540924072265624 0.0237884521484375
0.0941314697265625 0.070709228515625 0.078369140625 0.0791168212890625
0.08001708984375 0.0422592163085937 0.055267333984375 0.108863830566406
0.086761474609375 0.0222549438476563 0.0703506469726563 0.0818405151367188
0.0771255493164063 0.0015411376953125 0.0652313232421875 0.028961181640625
0.0943069458007812 -0.0190277099609375 0.00502490997314454 0.0049128532409668
0.0865631103515625 -0.0679855346679688 -0.0537033081054688 0.03424072265625
0.0551910400390625 -0.096893310546875 -0.0521469116210937 0.0868377685546875
0.06195068359375 -0.103317260742188 -0.044921875 0.104568481445313
0.0573272705078125 -0.115463256835937 -0.0508270263671875 0.115631103515625
0.0858001708984375 -0.0796966552734375 -0.0855255126953125 0.102851867675781
0.112564086914063 -0.0430755615234375 -0.0878753662109375 0.06768798828125
0.107269287109375 0.0006256103515625 -0.082733154296875 0.0281448364257813
0.10125732421875 0.069122314453125 -0.0621604919433594 0.00157165527343752
0.0780181884765625 0.0782241821289063 -0.0155925750732422 0.00199127197265626
0.0804061889648438 0.09808349609375 0.0188484191894531 0.0667610168457031
0.0500564575195313 0.0319175720214844 0.101051330566406 0.094146728515625
0.0431327819824219 0.0154266357421875 0.0595855712890625 0.1107177734375
0.0417938232421875 0.003082275390625 0.0566940307617187 0.090087890625
0.0328121185302734 -0.00583839416503906 0.0550918579101563 0.0406837463378906
0.0435981750488281 -0.0137138366699219 -0.00942134857177734 0.0125064849853516
0.0429267883300781 -0.0402450561523437 -0.0672454833984375 0.0545463562011719
0.0240097045898438 -0.0535774230957031 -0.0583343505859375 0.117454528808594
0.0274848937988281 -0.0602684020996094 -0.0487747192382813 0.13446044921875
0.0279273986816406 -0.0690383911132813 -0.0565643310546875 0.1505126953125
0.0446395874023438 -0.04730224609375 -0.0988540649414063 0.130233764648438
0.0617752075195313 -0.0250778198242188 -0.100631713867188 0.078582763671875
0.0579681396484375 0.00152206420898438 -0.0828704833984375 0.0367355346679688
0.05438232421875 0.0424880981445312 -0.0530128479003906 0.0171356201171875
0.0392417907714844 0.0481986999511719 -0.000270843505859372 0.0309333801269531
0.040069580078125 0.0565109252929688 0.0341644287109375 0.098419189453125
-0.000399112701416015 0.00672101974487305 -0.070281982421875 -0.113021850585938
-0.00686550140380859 0.00615692138671875 -0.0248489379882813 -0.0435943603515625
1.23977661132815E-05 0.00557279586791992 0.0422096252441406 -0.0152854919433594
0.00119781494140625 0.0118207931518555 0.0915451049804688 -0.0290451049804688
0.00176525115966797 0.0121917724609375 0.126861572265625 -0.0706787109375
0.00358200073242187 0.0145845413208008 0.113723754882813 -0.1519775390625
0.00847578048706055 0.00299167633056641 0.051513671875 -0.187332153320313
0.00928211212158203 0.00796890258789062 0.03887939453125 -0.160888671875
0.00483989715576172 0.01080322265625 0.04718017578125 -0.136528015136719
0.00531005859375 0.00635623931884766 0.0579147338867188 -0.0828628540039063
0.00446033477783203 0.00278663635253906 0.00450706481933594 -0.0254325866699219
0.00830173492431641 0.00121879577636719 -0.0645980834960937 -0.0479278564453125
0.00676250457763672 0.0122213363647461 -0.0757675170898438 -0.120643615722656
0.00225257873535156 0.00734901428222656 -0.0830459594726563 -0.132431030273438
-0.0022892951965332 -0.00569343566894531 -0.133544921875 -0.120597839355469
0.0493736267089844 0.0595436096191406 -0.0644760131835938 -0.102455139160156
0.0333404541015625 0.0545997619628906 -0.0180873870849609 -0.0347995758056641
0.0616950988769531 0.0460357666015625 0.0499153137207031 -0.0142059326171875
0.0661201477050781 0.0249061584472656 0.0930633544921875 -0.03106689453125
0.0735931396484375 -0.00341033935546875 0.124275207519531 -0.066680908203125
0.0566902160644531 -0.0328102111816406 0.102676391601563 -0.145843505859375
0.04046630859375 -0.0584526062011719 0.040008544921875 -0.17584228515625
0.0456657409667969 -0.0509262084960938 0.0281524658203125 -0.147354125976563
0.0375785827636719 -0.0475349426269531 0.0355987548828125 -0.128990173339844
0.0504837036132813 -0.0273590087890625 0.0444259643554687 -0.0806198120117188
0.0530891418457031 -0.0113601684570313 -0.00104713439941406 -0.0230178833007813
0.0491065979003906 -0.00213241577148438 -0.0704803466796875 -0.0432968139648438
0.0562705993652344 0.0245857238769531 -0.0847549438476562 -0.116844177246094
0.056365966796875 0.0263214111328125 -0.0901336669921875 -0.132156372070313
0.0621414184570312 0.0356903076171875 -0.128059387207031 -0.113487243652344
0.094024658203125 0.10028076171875 -0.0474700927734375 -0.0707626342773438
0.070648193359375 0.0909042358398437 0.000357627868652348 -0.00475072860717773
0.114448547363281 0.0752410888671875 0.0658836364746094 -0.00415802001953125
0.122207641601563 0.03240966796875 0.0952529907226563 -0.0299758911132812
0.134918212890625 -0.0185470581054688 0.111442565917969 -0.058441162109375
0.10260009765625 -0.0753936767578125 0.0793380737304688 -0.122360229492188
0.0674362182617188 -0.111198425292969 0.0228729248046875 -0.139724731445313
0.07598876953125 -0.103424072265625 0.013397216796875 -0.112113952636719
0.0645370483398437 -0.102645874023437 0.0171279907226563 -0.100784301757813
0.090362548828125 -0.0629043579101563 0.022125244140625 -0.0636749267578125
0.100143432617187 -0.0299911499023437 -0.0137243270874023 -0.0138607025146484
0.089996337890625 -0.007110595703125 -0.0796661376953125 -0.03131103515625
0.10076904296875 0.0374908447265625 -0.0990447998046875 -0.102714538574219
0.100440979003906 0.0444869995117188 -0.0952072143554688 -0.125328063964844
0.114456176757813 0.0730514526367188 -0.108070373535156 -0.094207763671875
0.129638671875 0.121528625488281 -0.0204963684082031 -0.0271110534667969
0.100929260253906 0.103096008300781 0.0240325927734375 0.0385704040527344
0.14794921875 0.0826873779296875 0.0855178833007813 0.0170440673828125
0.154571533203125 0.03106689453125 0.0976943969726563 -0.02392578125
0.172760009765625 -0.0299224853515625 0.0887069702148438 -0.0447921752929688
0.133575439453125 -0.104476928710938 0.04559326171875 -0.0842819213867188
0.0847930908203125 -0.14654541015625 0.00299835205078126 -0.08380126953125
0.094329833984375 -0.140762329101563 -0.00336074829101562 -0.0586051940917969
0.0812835693359375 -0.1444091796875 -0.00397109985351563 -0.054656982421875
0.118682861328125 -0.09527587890625 -0.00751495361328124 -0.0313873291015625
0.138450622558594 -0.0493392944335938 -0.0328788757324219 0.00241851806640625
0.12615966796875 -0.0117874145507812 -0.0867996215820312 -0.0155792236328125
0.1361083984375 0.0521469116210938 -0.107063293457031 -0.0791549682617187
0.128639221191406 0.0626983642578125 -0.0914840698242187 -0.107940673828125
0.146499633789063 0.103591918945313 -0.07672119140625 -0.062347412109375
0.147689819335938 0.120620727539063 0.0149631500244141 0.0180435180664063
0.11627197265625 0.0930633544921875 0.0464248657226563 0.0825271606445313
0.1533203125 0.070556640625 0.100234985351563 0.0445632934570313
0.154769897460937 0.0242462158203125 0.0967178344726563 -0.0091705322265625
0.178207397460938 -0.032928466796875 0.0602798461914063 -0.02642822265625
0.142364501953125 -0.11358642578125 0.00731277465820314 -0.0380058288574219
0.08929443359375 -0.157684326171875 -0.0186386108398437 -0.0179481506347656
0.0983734130859375 -0.156204223632812 -0.0200023651123047 0.00356864929199218
0.08441162109375 -0.166305541992188 -0.0242996215820312 0.00610160827636718
0.127983093261719 -0.115715026855469 -0.0398788452148438 0.0155754089355469
0.159317016601563 -0.065277099609375 -0.0548286437988281 0.0267333984375
0.149826049804688 -0.0143585205078125 -0.0904922485351562 0.00222778320312498
0.154449462890625 0.0675048828125 -0.101417541503906 -0.050506591796875
0.136383056640625 0.0797958374023438 -0.0741424560546875 -0.07708740234375
0.1534423828125 0.120803833007813 -0.0384712219238281 -0.0194091796875
0.143081665039063 0.1011962890625 0.0541419982910156 0.0558052062988281
0.113533020019531 0.0675811767578125 0.0607223510742188 0.1121826171875
0.132331848144531 0.0451812744140625 0.100509643554688 0.0729141235351563
0.125656127929688 0.0124588012695313 0.0910263061523438 0.0096893310546875
0.150115966796875 -0.0301361083984375 0.0318775177001953 -0.0102138519287109
0.126991271972656 -0.101966857910156 -0.02862548828125 0.00540161132812499
0.07843017578125 -0.143417358398438 -0.0375709533691406 0.0450820922851562
0.0858612060546875 -0.14764404296875 -0.0335578918457031 0.0641708374023437
0.0758209228515625 -0.160507202148438 -0.0397224426269531 0.0696067810058594
0.11834716796875 -0.114555358886719 -0.0675773620605469 0.0672607421875
0.154373168945312 -0.0652313232421875 -0.0771560668945312 0.0523910522460937
0.148101806640625 -0.00927734375 -0.0901565551757813 0.01654052734375
0.146652221679688 0.0770111083984375 -0.0836944580078125 -0.0245208740234375
0.121337890625 0.0892410278320313 -0.0442047119140625 -0.0396041870117187
0.134902954101563 0.121681213378906 -0.0010089874267578 0.0290470123291016
0.112739562988281 0.0696868896484375 0.0905990600585938 0.0821380615234375
0.0902481079101563 0.0392227172851562 0.0684738159179688 0.125396728515625
0.0932846069335938 0.01995849609375 0.0887451171875 0.0935821533203125
0.0814743041992188 0.00147247314453125 0.0805206298828125 0.0288009643554688
0.102241516113281 -0.02349853515625 0.00870656967163087 0.00354337692260742
0.09112548828125 -0.0782318115234375 -0.0548324584960938 0.0396690368652344
0.0549392700195312 -0.108245849609375 -0.0505599975585938 0.0965347290039062
0.0604095458984375 -0.115364074707031 -0.0421524047851562 0.113677978515625
0.0553054809570312 -0.128616333007813 -0.0493087768554688 0.124610900878906
0.0902328491210938 -0.0916366577148438 -0.0893096923828125 0.112274169921875
0.121803283691406 -0.0508575439453125 -0.0963821411132813 0.0730972290039063
0.1171875 -0.0020904541015625 -0.0902175903320312 0.028228759765625
0.112632751464844 0.070648193359375 -0.0651473999023438 -0.00295257568359373
0.087066650390625 0.0806045532226563 -0.0139093399047852 -0.000850677490234368
0.0964584350585937 0.10003662109375 0.0289840698242188 0.0747222900390625
0.0598869323730469 0.0305862426757813 0.117950439453125 0.0966033935546875
0.0482635498046875 0.0129776000976563 0.074462890625 0.127593994140625
0.0447731018066406 0.0016326904296875 0.0754776000976563 0.104698181152344
0.0344924926757813 -0.00574302673339844 0.0716781616210938 0.042327880859375
0.0473403930664063 -0.0159149169921875 -0.00590038299560547 0.0119781494140625
0.0453872680664063 -0.0473060607910156 -0.0689315795898437 0.062347412109375
0.0233116149902344 -0.0594444274902344 -0.0555801391601563 0.129364013671875
0.0257720947265625 -0.0669326782226563 -0.0443267822265625 0.146331787109375
0.0256195068359375 -0.0763473510742188 -0.0535125732421875 0.16357421875
0.046783447265625 -0.0540008544921875 -0.102325439453125 0.14288330078125
0.0671577453613281 -0.0296821594238281 -0.10986328125 0.0856246948242188
0.0628166198730469 0.000736236572265625 -0.089691162109375 0.036712646484375
0.0607414245605469 0.0438880920410156 -0.0530166625976563 0.0134353637695312
0.0437736511230469 0.049957275390625 0.00599288940429687 0.0291118621826172
0.0487289428710938 0.0586967468261719 0.0478286743164063 0.108070373535156
0.000112056732177734 0.00729131698608399 -0.0858917236328125 -0.116020202636719
-0.00748205184936523 0.00694894790649414 -0.0332679748535156 -0.041351318359375
8.5353851318359E-05 0.00546836853027344 0.0411720275878906 -0.0116691589355469
0.00202083587646484 0.0123748779296875 0.0965347290039063 -0.0274581909179687
0.00299167633056641 0.0136833190917969 0.133987426757813 -0.0761947631835938
0.00483608245849609 0.0157613754272461 0.115127563476563 -0.164413452148438
0.00875377655029297 0.00277566909790039 0.043975830078125 -0.198165893554688
0.00992012023925781 0.00840091705322265 0.031036376953125 -0.16986083984375
0.00584506988525391 0.0116844177246094 0.0414886474609375 -0.145111083984375
0.00533485412597656 0.00675535202026367 0.0545425415039062 -0.0902175903320313
0.00404953956604004 0.00264692306518555 0.000585556030273437 -0.0248508453369141
0.00801610946655273 0.000383377075195313 -0.0778656005859375 -0.045562744140625
0.00867652893066406 0.0120868682861328 -0.0955123901367187 -0.130508422851563
0.00230979919433594 0.0082235336303711 -0.100051879882813 -0.143524169921875
-0.00405597686767578 -0.00608634948730469 -0.151702880859375 -0.119064331054688
0.057403564453125 0.0586280822753906 -0.0793228149414063 -0.104820251464844
0.0366477966308594 0.0561332702636719 -0.0247230529785156 -0.0325813293457031
0.0667495727539062 0.0461883544921875 0.0498619079589844 -0.0114097595214844
0.071929931640625 0.0241241455078125 0.0978546142578125 -0.0304718017578125
0.07806396484375 -0.007110595703125 0.131240844726563 -0.0725250244140625
0.0583686828613281 -0.0373458862304688 0.103439331054688 -0.157302856445312
0.0390434265136719 -0.0631942749023437 0.032958984375 -0.185394287109375
0.0451889038085938 -0.055877685546875 0.0208282470703125 -0.155166625976563
0.0375251770019531 -0.0514717102050781 0.0292892456054687 -0.13720703125
0.0523109436035156 -0.0303573608398438 0.0416488647460937 -0.0868759155273438
0.0548553466796875 -0.0134086608886719 -0.00470352172851562 -0.0225276947021484
0.0500373840332031 -0.00371932983398437 -0.083160400390625 -0.0406570434570313
0.0605049133300781 0.02166748046875 -0.104225158691406 -0.124687194824219
0.0613365173339844 0.0237083435058594 -0.108489990234375 -0.142333984375
0.0693550109863281 0.0328788757324219 -0.145538330078125 -0.11212158203125
0.108451843261719 0.0981597900390625 -0.0587692260742187 -0.0723342895507813
0.0781631469726563 0.0911407470703125 -0.00303936004638671 -0.00149273872375488
0.124221801757813 0.07489013671875 0.0675392150878906 -0.00136566162109375
0.130340576171875 0.030670166015625 0.100143432617188 -0.0310516357421875
0.142669677734375 -0.0255584716796875 0.117576599121094 -0.06390380859375
0.104766845703125 -0.0848312377929688 0.0788421630859375 -0.131446838378906
0.0647201538085937 -0.120887756347656 0.017242431640625 -0.146713256835938
0.0731582641601563 -0.112541198730469 0.00755310058593751 -0.117393493652344
0.0617752075195313 -0.110794067382813 0.010986328125 -0.107353210449219
0.0926055908203125 -0.0698318481445313 0.018402099609375 -0.0693931579589844
0.103874206542969 -0.0345916748046875 -0.0174341201782226 -0.0136690139770508
0.0927276611328125 -0.00963592529296875 -0.0902175903320313 -0.02789306640625
0.107124328613281 0.0323410034179688 -0.117431640625 -0.10797119140625
0.108642578125 0.0391845703125 -0.112991333007812 -0.133537292480469
0.129096984863281 0.0677261352539063 -0.121879577636719 -0.0923309326171875
0.148544311523438 0.117523193359375 -0.0268287658691406 -0.0275592803955078
0.110725402832031 0.101654052734375 0.026031494140625 0.0434532165527344
0.1590576171875 0.0812835693359375 0.0903854370117188 0.0179214477539063
0.164321899414063 0.0285186767578125 0.103233337402344 -0.026092529296875
0.181686401367188 -0.039398193359375 0.0937423706054688 -0.0495758056640625
0.136085510253906 -0.117149353027344 0.0457611083984375 -0.0897979736328125
0.0811767578125 -0.159072875976563 -0.000907897949218755 -0.0871810913085938
0.0909271240234375 -0.153121948242187 -0.00698852539062499 -0.0614814758300781
0.077117919921875 -0.1561279296875 -0.00932312011718749 -0.058135986328125
0.120704650878906 -0.1055908203125 -0.0113677978515625 -0.0343513488769531
0.144302368164063 -0.0567779541015625 -0.0367660522460937 0.00326919555664062
0.131362915039063 -0.0150985717773438 -0.0961227416992187 -0.0116806030273437
0.144195556640625 0.0471954345703125 -0.122146606445312 -0.08221435546875
0.138633728027344 0.0571365356445313 -0.106346130371094 -0.113105773925781
0.166183471679688 0.0977630615234375 -0.08514404296875 -0.0602340698242187
0.168701171875 0.115142822265625 0.0146083831787109 0.0186710357666016
0.126617431640625 0.0900802612304688 0.0542221069335938 0.0892257690429688
0.163192749023437 0.0680694580078125 0.109550476074219 0.046356201171875
0.163864135742188 0.02191162109375 0.103927612304688 -0.0127182006835937
0.187332153320313 -0.0422821044921875 0.064117431640625 -0.0301856994628906
0.145401000976563 -0.127029418945313 0.00711059570312501 -0.0394859313964844
0.085540771484375 -0.171234130859375 -0.0199241638183594 -0.0176925659179688
0.0934295654296875 -0.170944213867188 -0.0213851928710937 0.0042438507080078
0.0781097412109375 -0.179107666015625 -0.0269680023193359 0.00582695007324217
0.130073547363281 -0.129096984863281 -0.0421791076660156 0.0163803100585937
0.1656494140625 -0.0755615234375 -0.0596466064453125 0.0285758972167969
0.15692138671875 -0.0191192626953125 -0.0978546142578125 0.00502777099609374
0.164718627929688 0.0623321533203125 -0.1114501953125 -0.0524444580078125
0.146926879882813 0.0748138427734375 -0.0841598510742187 -0.0807876586914063
0.174224853515625 0.115341186523438 -0.0407142639160156 -0.0165939331054687
0.162765502929688 0.09490966796875 0.0589065551757813 0.0557136535644531
0.123161315917969 0.062744140625 0.0725555419921875 0.12152099609375
0.13946533203125 0.0414962768554688 0.114669799804688 0.0764541625976563
0.132041931152344 0.0109329223632812 0.101356506347656 0.00604248046875
0.157196044921875 -0.0376434326171875 0.0344009399414063 -0.0125789642333984
0.128768920898438 -0.114822387695313 -0.0285701751708984 0.00783157348632813
0.074951171875 -0.15594482421875 -0.0359420776367188 0.0494194030761719
0.0814666748046875 -0.159896850585938 -0.0318870544433594 0.0680809020996094
0.068939208984375 -0.172958374023438 -0.038787841796875 0.07281494140625
0.11968994140625 -0.127578735351563 -0.0695648193359375 0.0720367431640625
0.16107177734375 -0.0757904052734375 -0.081817626953125 0.0558013916015625
0.156524658203125 -0.0145263671875 -0.096893310546875 0.0182571411132813
0.15789794921875 0.073822021484375 -0.0892868041992187 -0.0275802612304688
0.131233215332031 0.0864791870117188 -0.0480575561523437 -0.0423622131347656
0.153656005859375 0.117141723632812 0.0032787322998047 0.0322113037109375
0.12799072265625 0.0646514892578125 0.101249694824219 0.0814895629882813
0.097930908203125 0.0345611572265625 0.0821990966796875 0.136260986328125
0.0981292724609375 0.0164260864257813 0.105079650878906 0.0998916625976563
0.0843582153320313 0.00029754638671875 0.0935211181640625 0.0261993408203125
0.10638427734375 -0.0286102294921875 0.0119476318359375 0.00226974487304687
0.0927810668945313 -0.0880355834960938 -0.0548286437988281 0.0451927185058594
0.0518875122070313 -0.117927551269531 -0.04693603515625 0.103874206542969
0.0563278198242187 -0.125587463378906 -0.0375442504882813 0.119880676269531
0.0497283935546875 -0.138725280761719 -0.0457687377929688 0.131195068359375
0.0906753540039063 -0.10205078125 -0.0893478393554687 0.120567321777344
0.127822875976563 -0.0595321655273438 -0.101211547851562 0.0782928466796875
0.125038146972656 -0.0057220458984375 -0.0958938598632812 0.02899169921875
0.121925354003906 0.069580078125 -0.0668449401855469 -0.00668716430664062
0.0947723388671875 0.08001708984375 -0.0122690200805664 -0.00345706939697265
0.110916137695313 0.0984268188476562 0.0387802124023438 0.0786666870117188
0.0679359436035156 0.0270919799804687 0.132331848144531 0.0954437255859375
0.0516357421875 0.00981521606445312 0.089385986328125 0.138923645019531
0.0468292236328125 -0.00113677978515625 0.09393310546875 0.113052368164062
0.03564453125 -0.00608444213867187 0.0861968994140625 0.0408096313476562
0.0495185852050781 -0.0191459655761719 -0.00285243988037109 0.0108718872070312
0.0456733703613281 -0.0532608032226563 -0.0678024291992188 0.0687484741210938
0.0209922790527344 -0.0643081665039063 -0.0494766235351562 0.138565063476563
0.0223312377929687 -0.0721282958984375 -0.037506103515625 0.154098510742188
0.0217437744140625 -0.0820541381835938 -0.0474090576171875 0.17156982421875
0.0471458435058594 -0.0601158142089844 -0.101226806640625 0.152923583984375
0.07012939453125 -0.0346412658691406 -0.115585327148438 0.0916061401367188
0.0671920776367188 -0.0009613037109375 -0.0952224731445313 0.0369491577148437
0.0662269592285156 0.0433158874511719 -0.0528030395507812 0.00967788696289064
0.0481414794921875 0.0502433776855469 0.0116062164306641 0.0269298553466797
0.0560455322265625 0.05780029296875 0.0612106323242187 0.112411499023438
0.0010523796081543 0.00755167007446289 -0.0986480712890625 -0.116737365722656
-0.00804758071899414 0.00795888900756836 -0.0397872924804688 -0.0383453369140625
-0.000340938568115234 0.00556325912475586 0.040985107421875 -0.00690841674804688
0.00297069549560547 0.012639045715332 0.100860595703125 -0.0251235961914063
0.00364303588867187 0.0141143798828125 0.140327453613281 -0.080108642578125
0.00601577758789063 0.0171575546264648 0.116348266601562 -0.1734619140625
0.00912666320800781 0.00323390960693359 0.0389862060546875 -0.20538330078125
0.0108413696289063 0.00874137878417969 0.025299072265625 -0.17523193359375
0.00707054138183594 0.0124969482421875 0.0367431640625 -0.150772094726563
0.00542974472045898 0.00750541687011719 0.0521469116210938 -0.0950164794921875
0.00354862213134766 0.0026392936706543 -0.00186729431152344 -0.0237808227539063
0.00779533386230469 9.1552734375E-05 -0.0884628295898438 -0.0434188842773437
0.0104389190673828 0.0119361877441406 -0.111190795898438 -0.136932373046875
0.00304031372070313 0.00814247131347656 -0.114105224609375 -0.152587890625
-0.00540685653686523 -0.00572347640991211 -0.16522216796875 -0.1168212890625
0.0636367797851563 0.0581779479980469 -0.0904541015625 -0.105514526367188
0.0393409729003906 0.0569801330566406 -0.0302391052246094 -0.0296344757080078
0.0704116821289063 0.046356201171875 0.0494842529296875 -0.00774383544921875
0.0757598876953125 0.0233078002929688 0.101707458496094 -0.0290908813476562
0.081512451171875 -0.00910186767578125 0.137886047363281 -0.0764846801757813
0.0598297119140625 -0.0399093627929687 0.104660034179687 -0.165695190429688
0.0378341674804688 -0.0671653747558594 0.0277252197265625 -0.191482543945313
0.0441513061523438 -0.0595169067382813 0.0156402587890625 -0.1595458984375
0.0370330810546875 -0.0543479919433594 0.02349853515625 -0.142196655273438
0.0530624389648437 -0.0324630737304688 0.0386886596679688 -0.0924148559570312
0.0557670593261719 -0.0147361755371094 -0.00724029541015625 -0.0217704772949219
0.0507888793945313 -0.00505447387695313 -0.0931167602539063 -0.0377883911132813
0.0636177062988281 0.0188827514648438 -0.120513916015625 -0.130706787109375
0.06500244140625 0.0213356018066406 -0.122039794921875 -0.150039672851563
0.0747604370117188 0.030364990234375 -0.15777587890625 -0.109786987304688
0.11944580078125 0.096160888671875 -0.0677871704101562 -0.072296142578125
0.0830154418945313 0.09185791015625 -0.00570487976074218 0.00232076644897462
0.130897521972656 0.07489013671875 0.0688705444335938 0.0012359619140625
0.136947631835938 0.0294036865234375 0.103996276855469 -0.0303573608398437
0.14794921875 -0.0307464599609375 0.123275756835938 -0.0672149658203125
0.106895446777344 -0.0911941528320313 0.0796737670898437 -0.137992858886719
0.06243896484375 -0.127906799316406 0.012481689453125 -0.151138305664062
0.0712127685546875 -0.119583129882813 0.00254058837890626 -0.120979309082031
0.0596466064453125 -0.116119384765625 0.00590515136718751 -0.111785888671875
0.09344482421875 -0.0750579833984375 0.01507568359375 -0.07379150390625
0.105995178222656 -0.0376358032226563 -0.0200576782226562 -0.0136451721191406
0.0943069458007813 -0.0107345581054688 -0.099090576171875 -0.0245285034179687
0.111419677734375 0.0281906127929688 -0.132164001464844 -0.112205505371094
0.115028381347656 0.0345535278320313 -0.1270751953125 -0.139312744140625
0.140220642089844 0.0633392333984375 -0.131813049316406 -0.090667724609375
0.163116455078125 0.113174438476563 -0.0316734313964844 -0.0270061492919922
0.117279052734375 0.100723266601563 0.0279960632324219 0.0482330322265625
0.167327880859375 0.080169677734375 0.0948028564453125 0.0200881958007813
0.171920776367188 0.0272369384765625 0.107307434082031 -0.0275650024414063
0.188217163085937 -0.0458221435546875 0.0978164672851563 -0.0518875122070313
0.137687683105469 -0.125633239746094 0.0454330444335938 -0.0931243896484375
0.0782470703125 -0.16802978515625 -0.00335693359374999 -0.0898208618164063
0.087371826171875 -0.161834716796875 -0.0106201171875 -0.0632286071777344
0.0734710693359375 -0.163711547851562 -0.0132789611816406 -0.0607223510742188
0.121841430664063 -0.113517761230469 -0.0145492553710937 -0.0370635986328125
0.148162841796875 -0.0625762939453125 -0.039947509765625 0.00392913818359375
0.134536743164062 -0.0171279907226562 -0.103363037109375 -0.00900268554687502
0.150039672851563 0.0419464111328125 -0.133758544921875 -0.08477783203125
0.145858764648438 0.0518035888671875 -0.118316650390625 -0.117515563964844
0.180099487304687 0.0916748046875 -0.0907440185546875 -0.0580596923828125
0.184951782226563 0.1094970703125 0.0139789581298828 0.0190219879150391
0.134384155273438 0.0869369506835937 0.05987548828125 0.0948028564453125
0.170486450195313 0.0655059814453125 0.117141723632813 0.0479049682617188
0.170013427734375 0.021026611328125 0.109611511230469 -0.0153045654296875
0.193359375 -0.04931640625 0.0672492980957032 -0.0325126647949219
0.146728515625 -0.136611938476563 0.00733566284179689 -0.0396957397460938
0.081451416015625 -0.181350708007813 -0.0201930999755859 -0.0173168182373047
0.08905029296875 -0.179931640625 -0.0220851898193359 0.00430679321289062
0.0738525390625 -0.187896728515625 -0.0292472839355469 0.00529861450195311
0.130424499511719 -0.138076782226563 -0.0450401306152344 0.0160598754882812
0.171035766601563 -0.0828704833984375 -0.0627174377441406 0.0297279357910156
0.162750244140625 -0.0217437744140625 -0.103622436523437 0.00688934326171875
0.171905517578125 0.058624267578125 -0.119613647460938 -0.054931640625
0.154510498046875 0.0706787109375 -0.0916824340820312 -0.083343505859375
0.188980102539063 0.109176635742188 -0.0415077209472656 -0.0145225524902344
0.177871704101563 0.089630126953125 0.0631370544433594 0.0556869506835938
0.130210876464844 0.0583877563476562 0.0820693969726563 0.128280639648438
0.145065307617187 0.037994384765625 0.126075744628906 0.0788650512695313
0.136337280273438 0.0104598999023438 0.108406066894531 0.0031890869140625
0.162399291992187 -0.0429534912109375 0.0370559692382813 -0.0139846801757813
0.130027770996094 -0.123847961425781 -0.028289794921875 0.0103855133056641
0.0713043212890625 -0.164840698242188 -0.0343971252441406 0.0522994995117187
0.0772705078125 -0.168502807617187 -0.0306510925292969 0.070281982421875
0.0636444091796875 -0.181503295898438 -0.0391464233398438 0.0745773315429687
0.12017822265625 -0.137054443359375 -0.0708160400390625 0.0746002197265625
0.166213989257813 -0.0836944580078125 -0.086212158203125 0.058074951171875
0.162673950195313 -0.0176544189453125 -0.102653503417969 0.0191802978515625
0.165740966796875 0.071075439453125 -0.0939559936523437 -0.0308609008789062
0.137748718261719 0.0836944580078125 -0.0512809753417969 -0.0448646545410156
0.167434692382812 0.112457275390625 0.00690269470214845 0.0345993041992188
0.139480590820312 0.0595932006835937 0.108901977539063 0.0804290771484375
0.103286743164063 0.0301742553710938 0.0940704345703125 0.144287109375
0.1014404296875 0.0129241943359375 0.119392395019531 0.104537963867187
0.0872116088867187 0.0005035400390625 0.103424072265625 0.02374267578125
0.110008239746094 -0.032501220703125 0.0143814086914063 0.000493049621582029
0.0933074951171875 -0.0949783325195313 -0.0543098449707031 0.0486717224121094
0.0491943359375 -0.124931335449219 -0.043121337890625 0.108383178710938
0.052642822265625 -0.131881713867188 -0.0343093872070312 0.123703002929688
0.0447845458984375 -0.1451416015625 -0.043609619140625 0.134475708007813
0.0916824340820312 -0.109382629394531 -0.0901412963867188 0.124908447265625
0.131576538085938 -0.066070556640625 -0.106468200683594 0.0820770263671875
0.130363464355469 -0.008209228515625 -0.101150512695312 0.0282669067382812
0.128547668457031 0.0682601928710938 -0.0689582824707031 -0.0111427307128906
0.10028076171875 0.079437255859375 -0.0107889175415039 -0.00646400451660156
0.121551513671875 0.0947189331054688 0.0466995239257813 0.080963134765625
0.074371337890625 0.0243148803710938 0.142486572265625 0.0938720703125
0.0543441772460937 0.0074310302734375 0.101776123046875 0.1478271484375
0.0488777160644531 -0.00306320190429688 0.109039306640625 0.119606018066406
0.0361785888671875 -0.00584030151367188 0.0973052978515625 0.0389022827148438
0.051361083984375 -0.0213546752929687 0.00012302398681641 0.0101318359375
0.0453109741210938 -0.0581779479980469 -0.0667877197265625 0.0740127563476563
0.0193138122558594 -0.0683670043945313 -0.045318603515625 0.14508056640625
0.02001953125 -0.0760040283203125 -0.033050537109375 0.15899658203125
0.0183639526367187 -0.0859603881835938 -0.043487548828125 0.176284790039062
0.0474662780761719 -0.0644798278808594 -0.101089477539063 0.159530639648438
0.0732955932617188 -0.0385665893554688 -0.120872497558594 0.096038818359375
0.0705718994140625 -0.00214385986328125 -0.0997085571289063 0.03564453125
0.0697517395019531 0.0425834655761719 -0.0528335571289063 0.00536346435546874
0.0511970520019531 0.0508003234863281 0.0156707763671875 0.02386474609375
0.061859130859375 0.0568008422851563 0.0715408325195313 0.1151123046875
0.0022282600402832 0.00811338424682617 -0.109268188476562 -0.119369506835938
-0.00867366790771484 0.00918769836425781 -0.0453987121582031 -0.0363349914550781
-0.000706195831298828 0.00570821762084961 0.0416221618652344 -0.00215911865234375
0.00313663482666016 0.0128335952758789 0.10699462890625 -0.021392822265625
0.00429439544677734 0.0152158737182617 0.149398803710937 -0.08282470703125
0.00732803344726563 0.0180320739746094 0.120758056640625 -0.182708740234375
0.00970458984375 0.00397777557373047 0.0369110107421875 -0.213027954101562
0.0113821029663086 0.00949382781982422 0.0233612060546875 -0.1810302734375
0.00798130035400391 0.0133495330810547 0.0350799560546875 -0.157379150390625
0.00594282150268555 0.00777530670166016 0.052001953125 -0.0998611450195313
0.00332546234130859 0.00327873229980469 -0.00356674194335937 -0.023406982421875
0.00754308700561523 -0.000446796417236328 -0.0980758666992188 -0.0423812866210938
0.0121393203735352 0.0114889144897461 -0.12554931640625 -0.145904541015625
0.00313997268676758 0.00838613510131836 -0.1259765625 -0.16278076171875
-0.00688600540161133 -0.00603055953979492 -0.176498413085938 -0.117782592773438
0.0693359375 0.0584716796875 -0.100692749023437 -0.107421875
0.0410995483398438 0.0590972900390625 -0.0349884033203125 -0.0267219543457031
0.0739593505859375 0.0477142333984375 0.0497283935546875 -0.00309371948242187
0.0795211791992188 0.0239639282226563 0.107093811035156 -0.025848388671875
0.0855560302734375 -0.010772705078125 0.1463623046875 -0.0794219970703125
0.0629653930664063 -0.0423660278320313 0.1083984375 -0.173721313476563
0.0381965637207031 -0.0702285766601563 0.0258941650390625 -0.198532104492188
0.0447807312011719 -0.0620689392089844 0.0128326416015625 -0.165679931640625
0.0374183654785156 -0.0566825866699219 0.0215911865234375 -0.148452758789063
0.0547752380371094 -0.0342483520507813 0.037750244140625 -0.0970306396484375
0.0572319030761719 -0.0151519775390625 -0.00927352905273437 -0.0214786529541016
0.051605224609375 -0.004913330078125 -0.102424621582031 -0.0363006591796875
0.0664596557617188 0.0170860290527344 -0.135162353515625 -0.138648986816406
0.0683174133300781 0.0200386047363281 -0.134796142578125 -0.159332275390625
0.0797348022460938 0.0292205810546875 -0.168914794921875 -0.11065673828125
0.12933349609375 0.0959930419921875 -0.0752716064453125 -0.0730056762695313
0.0874176025390625 0.0943527221679688 -0.00803899765014648 0.00581645965576172
0.13702392578125 0.0765533447265625 0.0701255798339844 0.00511932373046876
0.14422607421875 0.0305633544921875 0.108718872070313 -0.0288314819335938
0.1551513671875 -0.0343017578125 0.130668640136719 -0.0694427490234375
0.110702514648438 -0.0964431762695313 0.08306884765625 -0.144332885742188
0.0622940063476562 -0.134841918945312 0.0116119384765625 -0.156600952148438
0.0713043212890625 -0.125808715820313 2.2888183593762E-05 -0.125
0.0595245361328125 -0.121376037597656 0.00254821777343749 -0.116615295410156
0.0967483520507813 -0.0788040161132813 0.013336181640625 -0.0779876708984375
0.109786987304688 -0.03948974609375 -0.0224647521972656 -0.0131340026855469
0.0971145629882813 -0.0109939575195313 -0.106895446777344 -0.022552490234375
0.115715026855469 0.0255050659179688 -0.146392822265625 -0.118240356445312
0.120628356933594 0.0324325561523438 -0.138519287109375 -0.14715576171875
0.15008544921875 0.061248779296875 -0.140396118164063 -0.091033935546875
0.175888061523438 0.112060546875 -0.0359687805175781 -0.0266990661621094
0.123146057128906 0.101760864257813 0.0289115905761719 0.0533599853515625
0.174942016601563 0.081329345703125 0.0992050170898438 0.023162841796875
0.180252075195313 0.0282440185546875 0.112808227539063 -0.0270004272460937
0.196823120117188 -0.050689697265625 0.103759765625 -0.053863525390625
0.141937255859375 -0.1337890625 0.0477676391601563 -0.0966415405273438
0.0773468017578125 -0.177215576171875 -0.00467681884765624 -0.0925140380859375
0.087158203125 -0.170394897460938 -0.0129241943359375 -0.0649261474609375
0.0722503662109375 -0.171218872070313 -0.0167274475097656 -0.0637550354003906
0.125755310058594 -0.119613647460938 -0.0171623229980469 -0.0401802062988281
0.154373168945313 -0.06634521484375 -0.042999267578125 0.0041046142578125
0.140174865722656 -0.0167312622070313 -0.110130310058594 -0.00774383544921877
0.15582275390625 0.0402984619140625 -0.145401000976563 -0.0894775390625
0.152389526367187 0.049957275390625 -0.128662109375 -0.122909545898438
0.192901611328125 0.089111328125 -0.0960006713867188 -0.0573577880859375
0.199249267578125 0.107559204101563 0.0133018493652344 0.0204811096191406
0.141555786132813 0.086029052734375 0.065093994140625 0.101959228515625
0.1778564453125 0.0664215087890625 0.124618530273438 0.0517120361328125
0.177719116210938 0.022857666015625 0.115814208984375 -0.01629638671875
0.201675415039063 -0.0533447265625 0.0708770751953125 -0.0338973999023437
0.151123046875 -0.144973754882813 0.00850296020507813 -0.0401992797851563
0.0807342529296875 -0.191024780273438 -0.0203075408935547 -0.0176677703857422
0.0882415771484375 -0.189224243164063 -0.0235862731933594 0.00416946411132811
0.0719451904296875 -0.196868896484375 -0.0322017669677734 0.00469779968261717
0.134185791015625 -0.146392822265625 -0.0486679077148437 0.0153274536132812
0.1781005859375 -0.0883941650390625 -0.0678596496582031 0.0303840637207031
0.170150756835938 -0.0218048095703125 -0.110359191894531 0.00739288330078127
0.178878784179688 0.0576934814453125 -0.1278076171875 -0.0597152709960938
0.161285400390625 0.0699920654296875 -0.0992279052734375 -0.087860107421875
0.203338623046875 0.107162475585938 -0.04248046875 -0.0134429931640625
0.192306518554687 0.086212158203125 0.0667839050292969 0.0571823120117188
0.137054443359375 0.0559234619140625 0.0896759033203125 0.137313842773438
0.1502685546875 0.037139892578125 0.136474609375 0.08349609375
0.141326904296875 0.01177978515625 0.116546630859375 0.00174713134765625
0.169540405273438 -0.045806884765625 0.0400123596191406 -0.0150871276855469
0.13372802734375 -0.131996154785156 -0.0281791687011719 0.0123729705810547
0.070648193359375 -0.174118041992188 -0.0335884094238281 0.054779052734375
0.076324462890625 -0.177337646484375 -0.03131103515625 0.0721435546875
0.0616607666015625 -0.189727783203125 -0.0413665771484375 0.0764312744140625
0.1239013671875 -0.145050048828125 -0.0740509033203125 0.0761871337890625
0.173294067382813 -0.0898590087890625 -0.0925216674804687 0.0596237182617187
0.170578002929688 -0.01861572265625 -0.108665466308594 0.0179595947265625
0.173568725585938 0.071136474609375 -0.0991439819335937 -0.035888671875
0.144851684570312 0.08489990234375 -0.0534172058105469 -0.0481109619140625
0.1796875 0.110977172851563 0.0107574462890625 0.0365219116210938
0.15087890625 0.0568389892578125 0.115837097167969 0.0818099975585938
0.109382629394531 0.0268936157226563 0.103500366210938 0.154525756835938
0.105178833007812 0.0108871459960938 0.131675720214844 0.111541748046875
0.0900726318359375 0.00135040283203125 0.112693786621094 0.022613525390625
0.114791870117188 -0.0344390869140625 0.0165519714355469 -0.000110626220703127
0.0957183837890625 -0.101432800292969 -0.0538139343261719 0.0525665283203125
0.048248291015625 -0.131942749023438 -0.0421142578125 0.112922668457031
0.0517654418945313 -0.138496398925781 -0.0336837768554688 0.1280517578125
0.042938232421875 -0.151397705078125 -0.0446014404296875 0.138092041015625
0.0941238403320313 -0.116462707519531 -0.0932693481445313 0.129722595214844
0.137413024902344 -0.0709152221679687 -0.113563537597656 0.0847549438476562
0.137474060058594 -0.00872802734375 -0.106971740722656 0.0267791748046875
0.134780883789063 0.0689620971679688 -0.07110595703125 -0.0165328979492187
0.104965209960938 0.08135986328125 -0.00979423522949218 -0.00996303558349609
0.130485534667969 0.0944747924804688 0.0535125732421875 0.083892822265625
0.0802154541015625 0.0225830078125 0.152328491210938 0.0949249267578125
0.0579414367675781 0.005462646484375 0.111251831054688 0.158782958984375
0.0498695373535156 -0.00486373901367188 0.122611999511719 0.128105163574219
0.0377120971679688 -0.0046234130859375 0.108070373535156 0.0384750366210938
0.0537567138671875 -0.0228843688964844 0.0022573471069336 0.00892448425292969
0.0458412170410156 -0.0628433227539063 -0.0670623779296875 0.0788192749023438
0.0185165405273438 -0.0729141235351563 -0.0431365966796875 0.150436401367188
0.0188674926757813 -0.0799102783203125 -0.031463623046875 0.164306640625
0.016326904296875 -0.0897598266601563 -0.043365478515625 0.181549072265625
0.0488014221191406 -0.06854248046875 -0.103775024414063 0.165451049804687
0.0764999389648438 -0.04150390625 -0.128379821777344 0.100105285644531
0.0745849609375 -0.00243377685546875 -0.106407165527344 0.0339202880859375
0.0732345581054688 0.0431060791015625 -0.0536270141601563 -0.000209808349609367
0.05401611328125 0.0522804260253906 0.0191822052001953 0.0209560394287109
0.066802978515625 0.0569725036621094 0.0804443359375 0.118453979492188
0.00282764434814453 0.00869607925415039 -0.121742248535156 -0.123916625976563
-0.00928020477294922 0.01080322265625 -0.0520591735839844 -0.0351753234863281
-0.000824451446533203 0.00653505325317383 0.0432929992675781 0.00286102294921875
0.00360870361328125 0.0133638381958008 0.115463256835938 -0.0176773071289063
0.00571346282958984 0.0169219970703125 0.161529541015625 -0.0876007080078125
0.0087738037109375 0.0191421508789063 0.128173828125 -0.195404052734375
0.0100688934326172 0.00429916381835938 0.0361480712890625 -0.225082397460938
0.0123424530029297 0.0101613998413086 0.0222015380859375 -0.190887451171875
0.00865745544433594 0.0138435363769531 0.0350189208984375 -0.167098999023438
0.00558376312255859 0.00892162322998047 0.0525436401367188 -0.106620788574219
0.00246071815490723 0.00324034690856934 -0.00517654418945313 -0.0235157012939453
0.00769329071044922 -0.000951766967773437 -0.109024047851563 -0.0427017211914063
0.013697624206543 0.011383056640625 -0.14129638671875 -0.157363891601563
0.00327205657958984 0.00934123992919922 -0.139480590820313 -0.176055908203125
-0.00835132598876953 -0.00587606430053711 -0.190093994140625 -0.122604370117187
0.0761642456054688 0.0598068237304687 -0.111686706542969 -0.111534118652344
0.0439682006835937 0.0628929138183594 -0.0402641296386719 -0.0248489379882812
0.0788421630859375 0.0499267578125 0.0519905090332031 0.00152206420898438
0.0853424072265625 0.0256500244140625 0.115364074707031 -0.0230255126953125
0.0918731689453125 -0.0119247436523438 0.158157348632813 -0.0833587646484375
0.0676345825195313 -0.0458412170410156 0.115066528320313 -0.185562133789063
0.0393218994140625 -0.0747299194335938 0.0247802734375 -0.20953369140625
0.0459785461425781 -0.0661163330078125 0.0111083984375 -0.173873901367188
0.0384712219238281 -0.0598068237304687 0.01995849609375 -0.157440185546875
0.0576972961425781 -0.0361061096191406 0.0374908447265625 -0.103973388671875
0.0603370666503906 -0.016387939453125 -0.0108375549316406 -0.0217399597167969
0.0540618896484375 -0.00478744506835938 -0.112991333007813 -0.0359649658203125
0.0707168579101563 0.0158843994140625 -0.15179443359375 -0.149093627929688
0.0729522705078125 0.019775390625 -0.148971557617187 -0.171249389648438
0.0859527587890625 0.0290451049804687 -0.18243408203125 -0.114456176757813
0.14105224609375 0.0977783203125 -0.0841903686523437 -0.0752716064453125
0.0934906005859375 0.0987777709960938 -0.0104103088378906 0.00971031188964844
0.146514892578125 0.0802154541015625 0.0739898681640625 0.00883483886718751
0.153640747070313 0.0328826904296875 0.116607666015625 -0.0268020629882812
0.16534423828125 -0.0377044677734375 0.141067504882813 -0.0737762451171875
0.117607116699219 -0.103591918945312 0.088226318359375 -0.152816772460938
0.063201904296875 -0.143081665039063 0.0103302001953125 -0.165191650390625
0.0729751586914063 -0.133811950683594 -0.00199127197265625 -0.131027221679688
0.0614395141601563 -0.12872314453125 -0.000419616699218746 -0.124168395996094
0.102020263671875 -0.0843658447265625 0.0115280151367188 -0.084014892578125
0.116081237792969 -0.0417861938476563 -0.0253791809082031 -0.0132389068603516
0.1021728515625 -0.0105361938476563 -0.116958618164063 -0.0215606689453125
0.121650695800781 0.0244064331054688 -0.161865234375 -0.126724243164063
0.127952575683594 0.0320205688476563 -0.153472900390625 -0.157745361328125
0.16265869140625 0.060882568359375 -0.151092529296875 -0.093902587890625
0.19207763671875 0.113876342773438 -0.040771484375 -0.0267448425292969
0.131706237792969 0.105392456054688 0.0309028625488281 0.0598564147949219
0.1864013671875 0.0848846435546875 0.105171203613281 0.027099609375
0.19207763671875 0.031341552734375 0.120025634765625 -0.026519775390625
0.209732055664063 -0.0553131103515625 0.112396240234375 -0.0569534301757813
0.150100708007813 -0.143661499023438 0.051513671875 -0.1016845703125
0.078033447265625 -0.189865112304688 -0.0048980712890625 -0.0981292724609375
0.0881805419921875 -0.181488037109375 -0.014862060546875 -0.0684013366699219
0.073699951171875 -0.181915283203125 -0.0204849243164063 -0.0681838989257813
0.132568359375 -0.128456115722656 -0.0209770202636719 -0.0439643859863281
0.163345336914063 -0.0708465576171875 -0.0474166870117188 0.00400161743164063
0.148406982421875 -0.016754150390625 -0.119064331054687 -0.00691223144531251
0.164016723632813 0.039337158203125 -0.160049438476563 -0.09637451171875
0.162078857421875 0.0496368408203125 -0.141189575195313 -0.131500244140625
0.209518432617188 0.0892791748046875 -0.102859497070313 -0.0588607788085937
0.2171630859375 0.107498168945312 0.0134620666503906 0.0220260620117188
0.151229858398438 0.087554931640625 0.0707168579101563 0.110740661621094
0.18829345703125 0.067962646484375 0.134056091308594 0.0560989379882813
0.189193725585938 0.0259552001953125 0.123779296875 -0.0168304443359375
0.214569091796875 -0.0579376220703125 0.0768508911132813 -0.0353012084960938
0.15911865234375 -0.156173706054688 0.0100593566894531 -0.041748046875
0.08172607421875 -0.204238891601562 -0.0210304260253906 -0.0182418823242188
0.0897216796875 -0.202011108398438 -0.0256690979003906 0.00488281249999999
0.0724334716796875 -0.208969116210937 -0.0359878540039062 0.00423049926757811
0.141098022460938 -0.1573486328125 -0.0530815124511719 0.0147171020507812
0.188735961914063 -0.095001220703125 -0.073883056640625 0.0313949584960937
0.18109130859375 -0.022552490234375 -0.118797302246094 0.00747680664062498
0.18914794921875 0.0578155517578125 -0.138694763183594 -0.0652847290039063
0.171646118164063 0.0713653564453125 -0.107078552246094 -0.0936355590820313
0.220687866210938 0.108047485351563 -0.0440902709960937 -0.0135726928710937
0.2095947265625 0.085479736328125 0.0715713500976563 0.0600204467773438
0.147140502929688 0.0548095703125 0.098602294921875 0.14892578125
0.158966064453125 0.0374908447265625 0.149063110351563 0.090179443359375
0.150405883789063 0.0142059326171875 0.126625061035156 0.000312805175781251
0.179931640625 -0.0501708984375 0.0441131591796875 -0.0159912109375
0.140121459960938 -0.141708374023438 -0.0281524658203125 0.0147743225097656
0.070953369140625 -0.186203002929688 -0.0337600708007812 0.058135986328125
0.0770721435546875 -0.189422607421875 -0.0323486328125 0.0762863159179687
0.0617523193359375 -0.20147705078125 -0.0446243286132813 0.0794219970703125
0.130325317382813 -0.155990600585938 -0.0800018310546875 0.0794677734375
0.183837890625 -0.097625732421875 -0.10003662109375 0.0624771118164063
0.182586669921875 -0.0191802978515625 -0.117507934570312 0.0176162719726562
0.183853149414062 0.0730743408203125 -0.107086181640625 -0.0418014526367187
0.153488159179688 0.0879669189453125 -0.0572853088378906 -0.052764892578125
0.195175170898437 0.11297607421875 0.0136680603027344 0.0390090942382813
0.164581298828125 0.0554046630859375 0.124229431152344 0.0852890014648437
0.116813659667969 0.0250625610351562 0.113784790039063 0.167922973632813
0.110733032226563 0.00930023193359375 0.145736694335938 0.120941162109375
0.0954055786132813 0.0032806396484375 0.124557495117188 0.0220718383789063
0.121665954589844 -0.0375518798828125 0.0191917419433594 -0.000640869140625002
0.0998611450195313 -0.109138488769531 -0.0558433532714844 0.057952880859375
0.0485382080078125 -0.141525268554688 -0.0413131713867188 0.119728088378906
0.0515899658203125 -0.148178100585938 -0.0345077514648437 0.135093688964844
0.0421142578125 -0.1607666015625 -0.0470123291015625 0.14495849609375
0.099212646484375 -0.125205993652344 -0.0992202758789062 0.136177062988281
0.146728515625 -0.0774993896484375 -0.122421264648437 0.08868408203125
0.14678955078125 -0.00933837890625 -0.11614990234375 0.0259017944335938
0.143325805664063 0.07098388671875 -0.0760345458984375 -0.02252197265625
0.112220764160156 0.0853424072265625 -0.00899696350097656 -0.0129013061523437
0.142074584960938 0.096893310546875 0.0600662231445313 0.0882110595703125
0.0876388549804688 0.0213775634765625 0.164642333984375 0.0979461669921875
0.0619697570800781 0.00327682495117188 0.123687744140625 0.1722412109375
0.0527076721191406 -0.00646209716796875 0.137008666992188 0.138931274414063
0.0403404235839844 -0.0035552978515625 0.120590209960938 0.0384979248046875
0.0572090148925781 -0.0247650146484375 0.00421571731567383 0.00829839706420898
0.0471878051757812 -0.0682029724121094 -0.0687332153320313 0.0850296020507813
0.017913818359375 -0.07843017578125 -0.0420989990234375 0.159072875976563
0.01849365234375 -0.0853500366210938 -0.0316925048828125 0.172637939453125
0.0158538818359375 -0.0951995849609375 -0.0445404052734375 0.191116333007812
0.0514144897460938 -0.07391357421875 -0.109664916992188 0.17431640625
0.082000732421875 -0.0451507568359375 -0.139366149902344 0.105361938476563
0.0799026489257813 -0.0017547607421875 -0.114418029785156 0.0329132080078125
0.0776748657226563 0.0445480346679688 -0.0564994812011719 -0.00577545166015625
0.0578651428222656 0.0550079345703125 0.0233154296875 0.0187721252441406
0.072601318359375 0.05877685546875 0.0894699096679687 0.125106811523437
0.00389242172241211 0.00873422622680664 -0.137557983398438 -0.128372192382813
-0.0095062255859375 0.0127801895141602 -0.0598220825195313 -0.0332107543945313
-0.00067758560180664 0.00664424896240234 0.0460128784179688 0.00685882568359375
0.00382328033447266 0.0143499374389648 0.126022338867188 -0.0161056518554688
0.00736236572265625 0.0182704925537109 0.175567626953125 -0.09716796875
0.0109672546386719 0.0205364227294922 0.133636474609375 -0.213607788085938
0.0110311508178711 0.00480365753173828 0.0332183837890625 -0.241439819335938
0.013554573059082 0.0110969543457031 0.0180206298828125 -0.20477294921875
0.0100622177124023 0.0151529312133789 0.0320587158203125 -0.180511474609375
0.00593948364257813 0.00983810424804687 0.05181884765625 -0.11663818359375
0.00209856033325195 0.00355052947998047 -0.00732803344726563 -0.0237636566162109
0.00778532028198242 -0.00119590759277344 -0.122604370117188 -0.0411834716796875
0.0151214599609375 0.0109310150146484 -0.162872314453125 -0.168960571289063
0.00348758697509766 0.00998592376708984 -0.158676147460938 -0.189453125
-0.0100688934326172 -0.00535202026367188 -0.209930419921875 -0.125350952148437
0.0852890014648438 0.0609970092773438 -0.126632690429688 -0.115470886230469
0.0495109558105469 0.0667991638183594 -0.0470924377441406 -0.0221748352050781
0.0865859985351563 0.0515518188476563 0.0550308227539063 0.00477981567382813
0.0925979614257813 0.0263442993164063 0.125251770019531 -0.0223846435546875
0.0993118286132813 -0.0149917602539063 0.171966552734375 -0.0933074951171875
0.0722579956054688 -0.0515899658203125 0.120132446289062 -0.203125
0.0396347045898437 -0.0814132690429688 0.0209503173828125 -0.224777221679688
0.0469512939453125 -0.0723800659179687 0.00666809082031248 -0.186691284179688
0.0395698547363281 -0.0653076171875 0.015777587890625 -0.169921875
0.0607147216796875 -0.0399398803710937 0.0354766845703125 -0.113746643066406
0.0637969970703125 -0.0187950134277344 -0.0132865905761719 -0.0219688415527344
0.0579490661621094 -0.00610733032226562 -0.126686096191406 -0.0333404541015625
0.0757522583007813 0.0139236450195313 -0.174057006835937 -0.160324096679688
0.078369140625 0.0186080932617187 -0.168960571289062 -0.183914184570313
0.0947265625 0.0281219482421875 -0.201309204101563 -0.117828369140625
0.158004760742188 0.0989990234375 -0.095245361328125 -0.0774459838867188
0.10345458984375 0.103385925292969 -0.0127658843994141 0.0140886306762695
0.159912109375 0.0823822021484375 0.0789871215820313 0.0118942260742188
0.167572021484375 0.0332183837890625 0.126068115234375 -0.027099609375
0.178329467773438 -0.04522705078125 0.153549194335938 -0.082244873046875
0.125007629394531 -0.115760803222656 0.0923309326171875 -0.16656494140625
0.0633544921875 -0.156570434570313 0.0064544677734375 -0.177276611328125
0.0736236572265625 -0.146041870117188 -0.00639343261718751 -0.139930725097656
0.0616912841796875 -0.139541625976563 -0.0048675537109375 -0.133781433105469
0.107696533203125 -0.0930252075195312 0.00830078125000001 -0.0920028686523437
0.123420715332031 -0.0475234985351563 -0.0283470153808594 -0.0134124755859375
0.109626770019531 -0.0121994018554688 -0.129791259765625 -0.018890380859375
0.130569458007813 0.02081298828125 -0.184600830078125 -0.134719848632812
0.138832092285156 0.0294570922851563 -0.173171997070313 -0.168106079101562
0.179672241210938 0.0591583251953125 -0.1666259765625 -0.0955810546875
0.214202880859375 0.113662719726563 -0.0463638305664062 -0.0264511108398437
0.144256591796875 0.109146118164062 0.0346641540527344 0.0666160583496094
0.202529907226563 0.08636474609375 0.113525390625 0.0300064086914063
0.208633422851563 0.0311279296875 0.129730224609375 -0.0288009643554687
0.225387573242188 -0.0658111572265625 0.122085571289063 -0.0637130737304688
0.158248901367188 -0.159133911132812 0.0548095703125 -0.109901428222656
0.0773162841796875 -0.206527709960937 -0.00805664062499999 -0.104705810546875
0.0882568359375 -0.198501586914063 -0.018524169921875 -0.0724868774414063
0.07232666015625 -0.197311401367188 -0.0258255004882812 -0.0737991333007813
0.139450073242187 -0.141464233398437 -0.026092529296875 -0.0490036010742188
0.174057006835938 -0.0804443359375 -0.0523147583007812 0.00503158569335937
0.160171508789063 -0.0196075439453125 -0.130653381347656 -0.00359344482421874
0.175979614257813 0.0364227294921875 -0.179092407226562 -0.102294921875
0.175933837890625 0.0476531982421875 -0.158599853515625 -0.1396484375
0.23187255859375 0.0872650146484375 -0.112564086914062 -0.0601272583007813
0.241195678710938 0.106292724609375 0.0144767761230469 0.024658203125
0.16510009765625 0.08770751953125 0.0801544189453125 0.121200561523438
0.203994750976562 0.068023681640625 0.146881103515625 0.0596923828125
0.205001831054688 0.025665283203125 0.134269714355469 -0.019805908203125
0.230926513671875 -0.0681304931640625 0.0843963623046875 -0.039794921875
0.167022705078125 -0.172958374023438 0.0113143920898438 -0.0438156127929688
0.079803466796875 -0.222549438476563 -0.0222396850585937 -0.0192890167236328
0.088592529296875 -0.219879150390625 -0.0278358459472656 0.00628662109374998
0.0704498291015625 -0.22662353515625 -0.0408935546875 0.00454330444335936
0.148269653320312 -0.173583984375 -0.0591354370117187 0.0150833129882812
0.201492309570313 -0.10821533203125 -0.08087158203125 0.0347137451171875
0.195938110351563 -0.027099609375 -0.129844665527344 0.00981903076171875
0.203659057617188 0.055999755859375 -0.154541015625 -0.0706329345703125
0.18634033203125 0.0710906982421875 -0.1195068359375 -0.0995407104492187
0.244049072265625 0.106369018554688 -0.0471878051757812 -0.0126228332519531
0.232147216796875 0.0824127197265625 0.0791473388671875 0.0628585815429688
0.160369873046875 0.0522613525390625 0.113357543945313 0.16156005859375
0.170761108398437 0.0347442626953125 0.165863037109375 0.09619140625
0.162429809570313 0.0142822265625 0.138664245605469 -0.00290679931640625
0.193267822265625 -0.0586090087890625 0.0488204956054688 -0.01910400390625
0.146804809570313 -0.156906127929688 -0.0285434722900391 0.0178928375244141
0.0689544677734375 -0.203521728515625 -0.0335235595703125 0.0627899169921875
0.0754852294921875 -0.206710815429687 -0.0331649780273437 0.0828781127929687
0.05902099609375 -0.217880249023438 -0.0475997924804687 0.0854034423828125
0.13653564453125 -0.172866821289063 -0.0858688354492187 0.08526611328125
0.19683837890625 -0.11138916015625 -0.109031677246094 0.0681610107421875
0.197906494140625 -0.02337646484375 -0.128204345703125 0.0196609497070313
0.198928833007813 0.073394775390625 -0.117774963378906 -0.0468978881835937
0.167587280273438 0.0906829833984375 -0.0628890991210937 -0.0576744079589844
0.216110229492188 0.113296508789063 0.0175132751464844 0.0415725708007813
0.1820068359375 0.0522003173828125 0.138565063476562 0.0877227783203125
0.127433776855469 0.0212326049804688 0.130645751953125 0.181625366210938
0.118263244628906 0.00620269775390625 0.16497802734375 0.1292724609375
0.10284423828125 0.003570556640625 0.138008117675781 0.0199661254882813
0.13037109375 -0.0435714721679687 0.0222206115722656 -0.00251388549804688
0.103988647460937 -0.120635986328125 -0.056396484375 0.0648345947265625
0.045867919921875 -0.154159545898438 -0.0399398803710938 0.128837585449219
0.05035400390625 -0.161392211914063 -0.0337677001953125 0.145614624023438
0.0392608642578125 -0.174224853515625 -0.0484466552734375 0.1561279296875
0.103736877441406 -0.138374328613281 -0.1046142578125 0.147354125976563
0.156967163085938 -0.0885162353515625 -0.1329345703125 0.0973129272460938
0.160171508789063 -0.012298583984375 -0.12646484375 0.0274581909179687
0.155593872070312 0.0727691650390625 -0.0832595825195312 -0.027740478515625
0.123031616210938 0.0890960693359375 -0.0087146759033203 -0.0166101455688476
0.157363891601563 0.098663330078125 0.0695343017578125 0.0933685302734375
0.0970458984375 0.0188751220703125 0.182342529296875 0.100051879882813
0.0670204162597656 0.000293731689453125 0.141021728515625 0.186386108398438
0.05560302734375 -0.00910186767578125 0.157485961914063 0.15045166015625
0.0437202453613281 -0.00291061401367187 0.135635375976563 0.0369186401367188
0.0615196228027344 -0.0283622741699219 0.00658893585205078 0.00763082504272461
0.0481109619140625 -0.0749282836914063 -0.0697250366210938 0.093902587890625
0.0158157348632813 -0.08599853515625 -0.0383758544921875 0.171615600585938
0.0165252685546875 -0.0925521850585938 -0.0293121337890625 0.18560791015625
0.0129241943359375 -0.102264404296875 -0.043731689453125 0.2049560546875
0.0537643432617188 -0.0823135375976563 -0.114959716796875 0.189254760742187
0.0879898071289063 -0.05157470703125 -0.150772094726563 0.11541748046875
0.0874557495117187 -0.003021240234375 -0.125282287597656 0.0342864990234375
0.084747314453125 0.0465164184570313 -0.0601959228515625 -0.0107841491699219
0.0639495849609375 0.0583152770996094 0.0269241333007813 0.0160694122314453
0.080841064453125 0.0601882934570313 0.102149963378906 0.131614685058594
0.024553461746878 0.00413652647002951 0.0273250990063092 -0.205102806777483
0.0251895339572534 0.000369272683391907 -0.00477416004370535 -0.0823315062177765
0.00182808167470345 -0.00262474868422611 0.0131551224584604 0.0503261572367857
-0.00164168783473415 -0.0112668363933524 0.0762264374325865 0.116476270665421
-0.00936155210917334 -0.00742479764165463 0.199088032415638 0.11702550397309
-0.00908444606370564 -0.00178815231122702 0.264630834224486 0.0240849393255501
-0.00289212944055053 0.00189333910801134 0.250890399532021 -0.0584510032889729
0.000127280999296633 -0.00343087260317632 0.21534101897429 -0.0866893037410496
0.001800879356292 -0.00704089089793875 0.189865643500781 -0.0515853702250623
0.00389932074544839 -0.00392153927634806 0.129667099178173 -0.0154438569410226
0.00168324598404091 -0.0024624465519885 0.0182704837469071 -0.0200977439608549
0.00146331164136303 -0.00355990551342824 -0.0297442173546505 -0.143593932115786
0.00465639221957286 -0.00318726902297894 0.0468944095532851 -0.248328505176848
0.0149568966834289 0.0023007925738732 0.0888651205551475 -0.252364003950981
0.0138513721927356 0.0159082087033392 -0.0336343694307151 -0.249954271476957
0.0189206353962326 -0.0972661982663693 0.00750874972685539 -0.179873140154738
0.028912401856578 -0.0882673865581824 -0.0256585049441494 -0.0603720482296415
-0.0150520947315008 -0.108743108021137 -0.000676444315662478 0.074215714643301
-0.057446664450524 -0.101727729030637 0.0660781685724809 0.134665870133514
-0.108346266967595 -0.0527152250292733 0.195476266288916 0.132172454166217
-0.107917623651466 -0.00349625924497121 0.253273014747114 0.0308224429888566
-0.0995820234825051 0.0240179704374406 0.235459760180869 -0.0502104348817974
-0.0853856963068974 0.0273775332831474 0.196901496392134 -0.0817010073942613
-0.08833197841503 0.0165843754455901 0.176617108356712 -0.0534203798211748
-0.0747599209742448 -0.0154671606390945 0.116566149318976 -0.0176734998948421
-0.0594542376780136 -0.0343023870619636 0.00895807240489784 -0.0165862018915843
-0.0355315201800753 -0.0462610812340771 -0.045206478966715 -0.136596772210013
-0.0394574877366803 -0.0471954571523946 0.0272220992896642 -0.247842397674752
-0.0265057807523363 -0.063278544804746 0.0692360370914308 -0.255577903018919
-0.0174270953756441 -0.0888563317563519 -0.046174482531628 -0.240377981938344
0.00402790644911574 -0.184847231938113 -0.0187928311195329 -0.120818632300485
0.0183593851677315 -0.16198595237015 -0.0563640246026301 -0.00158344381244671
-0.0365954924029809 -0.192256097723793 -0.00962910895730652 0.115544886588321
-0.107597744042377 -0.174795374242197 0.0599051908079195 0.151994094475093
-0.191581645481098 -0.0904440895472955 0.176329624664613 0.133782856920597
-0.191384997952651 -0.00551289187098089 0.21183566392278 0.0349452934016983
-0.182885138437564 0.0425756678925558 0.187446216090126 -0.0334584403559
-0.158881463462416 0.0551290876983571 0.149252225923021 -0.065260715794179
-0.167489606465939 0.0419284005852597 0.135712978576107 -0.0494108320209302
-0.150711973432864 -0.019442041690448 0.0828287430590058 -0.0205087390145411
-0.124732000417911 -0.0605009406630004 -0.0108173678606275 -0.0176259725257846
-0.0749710195168454 -0.0903713235483148 -0.0665850775193049 -0.124249550739195
-0.075110745542006 -0.0922234104012963 -0.0053163092747205 -0.237363970194037
-0.0565492704085433 -0.118307818829079 0.0443818776893526 -0.247463092162669
-0.0414746914145066 -0.175643263933116 -0.0504238967715732 -0.201190663442258
-0.0238241643156566 -0.245616100431323 -0.0414018046090944 -0.0388951738669364
-0.0123029284715041 -0.204475524594439 -0.0887531895468281 0.0803277795080169
-0.0644899105562983 -0.23197873807662 -0.0115354846288794 0.171032149190348
-0.1404498510761 -0.211111922954563 0.0590605485862114 0.164710103787562
-0.240839614683971 -0.114060231159834 0.140153890592446 0.121964062140207
-0.244536995621266 -0.00855866257169204 0.144247299755535 0.0348672344023138
-0.236763980769189 0.054022820139929 0.113203257559547 -0.0119868043085335
-0.208262068076905 0.0749627530917435 0.0786101574215097 -0.0388979755188245
-0.223011387881446 0.0642168494328897 0.0709871021865759 -0.0364731199305875
-0.212174979238578 -0.0142492283440938 0.0274123622522406 -0.0205069167526035
-0.186032230372146 -0.0768274311519027 -0.0433460188139888 -0.0231082988274821
-0.115167340788358 -0.133005928601234 -0.0869720498861165 -0.110725088576438
-0.0986026473547923 -0.138133659272383 -0.0346223436823398 -0.210729689256796
-0.0665669155676112 -0.160661312658726 0.0211033013884126 -0.218333216591924
-0.0501424698086435 -0.23449262383151 -0.0502726140236925 -0.137249829948357
-0.0541994139083718 -0.270592075848835 -0.0506311184436223 0.0520126490804064
-0.0517081631864839 -0.2107516587489 -0.116652888292426 0.163467088638739
-0.0860225974391474 -0.22313161385753 -0.0158691021623264 0.225313471225577
-0.143446399037663 -0.204396873035337 0.0570066523082167 0.173400113054847
-0.243509616459195 -0.118294647623336 0.0947295812359209 0.0992715497881425
-0.256046112572221 -0.0132225482104906 0.0616247827097753 0.0288463761976146
-0.252566687112604 0.0550578124699239 0.0241621254775682 0.0096381626196519
-0.225403807116963 0.0840420718460254 -0.00460999263192903 -0.00674195576283191
-0.24585493220694 0.0794784227429166 -0.00969473057870114 -0.0133327721164026
-0.244363483676451 -0.00396789031556865 -0.0449481879546268 -0.0128818571308582
-0.226631108368774 -0.0789873764358498 -0.0877874767244261 -0.0306386745386628
-0.145688660842619 -0.161615360081841 -0.101736733629138 -0.0982068350410406
-0.106800856694499 -0.176049395008973 -0.0497480114889507 -0.16809415945152
-0.0563302221775637 -0.186419868841815 0.00397173807046949 -0.16258381163245
-0.0447797694911709 -0.256292066499871 -0.0473858582436321 -0.0556523955477662
-0.0777409937702447 -0.252295909488539 -0.0410418449954929 0.135342572668761
-0.0847323137155471 -0.185237354506134 -0.13265679367572 0.223157350099758
-0.0973212722722982 -0.175131242908984 -0.0283048833573125 0.262221385954401
-0.121236029681802 -0.158636772935192 0.0531368650534164 0.175520230789468
-0.202321201439746 -0.0998379483641034 0.0526680644008392 0.070158430520247
-0.22356244041186 -0.0129495451268043 -0.016722784909183 0.0170052198394825
-0.227896758511899 0.0497451628558546 -0.062728624799966 0.0260795682549204
-0.20719069280351 0.0793068387159129 -0.0852496740610347 0.0256866037090855
-0.228573776501855 0.0788709720845667 -0.0920585323045093 0.0147863555878613
-0.235041325937949 0.000501941689207183 -0.120736417910571 -0.00223030258503194
-0.224441645982742 -0.0743200255124662 -0.135452544228413 -0.0410151837358519
-0.144849465989492 -0.167375841816864 -0.110454018557763 -0.09280396857708
-0.0942013698814037 -0.189062247890223 -0.047580705285021 -0.123439960509277
-0.0322368896470692 -0.186973831720448 -0.00190981934937713 -0.0904166639033314
-0.0281373844067397 -0.23922971822755 -0.0457644532745613 0.0309287214650741
-0.0822634500247027 -0.194662253917773 -0.0178908948080553 0.199608749381942
-0.0907389493969068 -0.137911335457007 -0.133602948038199 0.250887475013397
-0.0908362038910407 -0.113627837715787 -0.0479509595911465 0.273484038970015
-0.0868295082666383 -0.0974023922236133 0.0437586783245831 0.173137935642275
-0.138465170484354 -0.0660521541808157 0.0203196995427413 0.0429930167259916
-0.161223928904786 -0.00719799558252703 -0.0775357675271171 0.00365312658681662
-0.168489896827239 0.0389415514332532 -0.132920441358312 0.0361888233268741
-0.155749054275831 0.0630652773358545 -0.15217321450547 0.0531606420928923
-0.175270184985137 0.0638905010964713 -0.163452542636446 0.0404052579321563
-0.184449069374512 0.000395390618332419 -0.185247027328783 0.0057452655709971
-0.176695595899885 -0.0610456007066861 -0.174990355160442 -0.0565752024146892
-0.110027803975694 -0.140901144658364 -0.112611794558913 -0.093860635999968
-0.0631581780235197 -0.160816166788547 -0.0389540413012868 -0.0852426880267184
-0.00773754369041794 -0.153709886983281 -0.00419731797703971 -0.0202078800011804
-0.0107574866993804 -0.185612760135831 -0.0471604699493527 0.107510797731729
-0.0658070282514407 -0.102641918407338 0.0108448135166411 0.23916635747591
-0.0674695488800605 -0.0719089613565874 -0.120552001739145 0.257124792506902
-0.0639787186686893 -0.0518901694317126 -0.0622591914670308 0.265632022740942
-0.0489504332659747 -0.0397333761585961 0.0366047191471506 0.165663218766975
-0.0712296837577743 -0.0255187180305575 0.000277410328762531 0.0224439686683313
-0.0839175978237522 0.00408469990774325 -0.114782963982701 -0.00631322682104546
-0.0873816137386175 0.0249819265676456 -0.178635275905401 0.0414597456283379
-0.0817746310547156 0.0377575329885719 -0.195605896566961 0.0728381720347457
-0.0931488114071163 0.0396760956926438 -0.212990696713806 0.0582997155198355
-0.103359013133885 -2.21470252320197E-05 -0.226975840594908 0.00656872575220406
-0.0966541080693623 -0.0352563603978421 -0.198909902629236 -0.0758576847846359
-0.0533338799565737 -0.080750180869455 -0.10913507136416 -0.0983774953212631
-0.0284509664820936 -0.092361042591817 -0.0316969120840491 -0.0587662120893704
0.0036514444255812 -0.0890373889554789 -0.00615656317340721 0.0309528753214244
-0.00157246389158375 -0.104236562687922 -0.0485115623947147 0.162180295579163
0.0253472877903372 0.00220039627970801 0.0112940556771071 -0.219698795238764
0.026903953826359 -0.00320791534132958 -0.0163954367149974 -0.0874398399095544
0.00159957188518773 -0.00327015393835468 0.0123759725661673 0.0541936819366627
-0.00237453856343568 -0.0119337071649655 0.0855227127450693 0.12304857521502
-0.0116121498552925 -0.00783916819104917 0.219996822079654 0.114178192517565
-0.0101922946631398 -0.00121975654427203 0.281831567434716 0.00722847964413964
-0.00232454504437972 0.00178779958572824 0.259763267145638 -0.0793057950855869
0.00049471435164157 -0.00411870586206035 0.220276162778913 -0.106008389583289
0.00163311607564561 -0.00774604147556906 0.196733128095886 -0.0703231992217495
0.00497704435656463 -0.00484211219213114 0.135507496437348 -0.0274494856958028
0.00205931785630772 -0.00204892962392346 0.0167023016765285 -0.022667100837262
0.00123663898738702 -0.00322306058041682 -0.0446769698617784 -0.152101276874021
0.00434165585177383 -0.00292530158621301 0.0310646528061235 -0.271810475983335
0.0172010120830985 0.00119509075065605 0.0774905072342962 -0.276146092896021
0.0166189618390024 0.0156914280408038 -0.0547603108073143 -0.263192643342329
0.0108730071173049 -0.104685796041339 -0.00740702729974823 -0.191228933725754
0.0245574754986551 -0.0956679510222028 -0.0359533658559233 -0.06254368460464
-0.023334132415321 -0.113215765061979 -0.000407942429415912 0.079416635679804
-0.0679499723456528 -0.105186298464122 0.0757424174298647 0.142712595808218
-0.119506915664474 -0.0481944378348523 0.217370607048143 0.128872673690439
-0.11535792780689 0.00414320480089188 0.270351199075326 0.0161557993343972
-0.103292831769275 0.0328370844958309 0.244178653003836 -0.0689951808804573
-0.0874596392696232 0.0353427940292066 0.201348803144076 -0.100210884317539
-0.09142217898389 0.0239003860426532 0.182595056277275 -0.071129630726386
-0.0793820142012007 -0.0116971427952879 0.121391922421366 -0.0291477070626307
-0.0640990958412285 -0.0319060444579286 0.00754381325178975 -0.0182748397409063
-0.0405524982215069 -0.0463779496151853 -0.0600288367430886 -0.142782283989792
-0.0451028851650617 -0.045383503493201 0.00928554737479597 -0.270341555033166
-0.032380376511954 -0.0653845743343751 0.0560225144398147 -0.278850649262626
-0.0260499848886753 -0.0929948443750086 -0.0674835154543048 -0.251942735514201
-0.0128202950240706 -0.196218326582941 -0.0308906069169418 -0.126370880032284
0.00747686471158211 -0.171652399225254 -0.0629667298846756 0.00239881670483987
-0.0520605370596941 -0.200078113016355 -0.00609557521660442 0.124384831327402
-0.12600172047245 -0.179847591416353 0.0705755400545746 0.15989567960773
-0.211039795577079 -0.0830883782409764 0.196883372840846 0.131735146916867
-0.204873284518725 0.00773809097364242 0.226763517571285 0.0234482245435037
-0.1892067068195 0.0588666982441299 0.19490990318377 -0.0488753977186786
-0.16308580333825 0.0700635117106568 0.151993927270942 -0.0789028267177704
-0.173298864982476 0.0570420180531331 0.138895474572422 -0.0638330282099373
-0.160403447018209 -0.00974581017799273 0.0854955502737145 -0.0301499990122837
-0.134762517571147 -0.0556316427508517 -0.0130478263440449 -0.0189297913633209
-0.0851630954272809 -0.0907608639523433 -0.0817952917447491 -0.128284602880475
-0.0855710690983203 -0.0898667347284522 -0.0242313952883452 -0.256602895137648
-0.0683559257054012 -0.121073293786828 0.0301516616032741 -0.268584238555569
-0.0589355408333088 -0.184317561978675 -0.0696769972258211 -0.209786625621835
-0.0478251397712765 -0.259291119339281 -0.0482473994340893 -0.0377001693673885
-0.0291696646517809 -0.213731404761405 -0.0902337196960858 0.09337869193823
-0.0838527555354738 -0.241038168431521 -0.00410401334045815 0.183447936749904
-0.162743338501911 -0.216660144294448 0.0701154464466093 0.17250263375259
-0.264888341546974 -0.103428803805269 0.158307129452446 0.121240729327601
-0.261079897848793 0.00873307202037896 0.15517136315029 0.0281049281476505
-0.245334634438341 0.0756985703075828 0.118502093663008 -0.0210852639020162
-0.21403049451214 0.0955679930306502 0.0793973985870454 -0.0466217192246337
-0.230676295921586 0.0847618204880079 0.0716765579026986 -0.0455392531293879
-0.225929883338024 -0.000311171045250098 0.0272931145263204 -0.026397654746414
-0.201792086160726 -0.0677958886268122 -0.0475048252426588 -0.0229499298798074
-0.130194706236675 -0.134612113774811 -0.100877191734435 -0.111917622976685
-0.113513810712315 -0.136604762734353 -0.0525943001082002 -0.225269659390117
-0.0826412740529215 -0.164413781477762 0.00777156680794892 -0.234566563463296
-0.0742483520759769 -0.245314169098501 -0.0638060260680903 -0.141308099860663
-0.0825380832824341 -0.282275201327361 -0.0495833386259614 0.0594477282493586
-0.0714957371977448 -0.217296261097187 -0.112845995594317 0.183736673684277
-0.106395410970935 -0.228731172200214 -0.003642720233456 0.24115115293578
-0.164669993425733 -0.20903942400045 0.0694849588907401 0.180611673364782
-0.267237747743644 -0.107974761824882 0.108049159093301 0.0995388507040746
-0.272636464558498 0.00497156640214333 0.0676952360867335 0.0282113529106537
-0.261583074237985 0.0789881216311955 0.0269340181529866 0.00789971640750723
-0.230773869731985 0.106680396730883 -0.00560655288197751 -0.00664662189623565
-0.252932049959135 0.103380078523011 -0.0113305711316522 -0.0160109098606907
-0.259810106382095 0.0138971485713024 -0.0484787918274618 -0.0135527201914554
-0.245345392676495 -0.0680927565582205 -0.095166438722023 -0.0278937446054887
-0.166219617852358 -0.163590700967066 -0.115708670534812 -0.0986848524058673
-0.125583518456632 -0.176965750855701 -0.0642489582092454 -0.178949664055005
-0.0737587662706787 -0.192637365745691 -0.00648509502500367 -0.173620769001912
-0.0706419622891435 -0.268522682371567 -0.0544514221526124 -0.0545657125955976
-0.106286943310139 -0.262253812336389 -0.0329176980048511 0.147059135054326
-0.104930705272674 -0.187592603747685 -0.125086693982072 0.248681311679703
-0.115304397746786 -0.176821144776829 -0.0122156416182268 0.282520785084785
-0.13774002042723 -0.161715594714853 0.0681441349147058 0.183440314198863
-0.221553550668294 -0.0913977086333333 0.0612807719861252 0.0708177477890401
-0.237893391761596 0.00307346211497538 -0.0163724512153874 0.0209514300975168
-0.235666804842073 0.0707618700572048 -0.0631247580231621 0.0315438807012544
-0.2112108715053 0.100369298292666 -0.0881090502193762 0.0330956866146261
-0.23510530319296 0.101577347138155 -0.095944943011812 0.0201796330550237
-0.2499107561868 0.0190080457982596 -0.127584397832968 0.00407897762237909
-0.243668063313611 -0.062456690481462 -0.145928870141974 -0.0365859132566041
-0.16617887190771 -0.169944512695024 -0.123003331436492 -0.0928021157742879
-0.112621535346193 -0.191809358353579 -0.0566655286264345 -0.131570775185009
-0.0474740836401774 -0.19554497205416 -0.00673934186546231 -0.0963794269580854
-0.0506520844318928 -0.25149959753528 -0.0457521679637307 0.0368886973438004
-0.105525322324411 -0.200464773726077 -0.00328634757127901 0.213912512745457
-0.107725162308936 -0.13705834616457 -0.123882318684284 0.279438907453747
-0.104233244895547 -0.112203499797214 -0.0319272916363378 0.297842344314674
-0.097404539487882 -0.0990061730060881 0.0601382880894809 0.181777240503244
-0.151335771608798 -0.0593745573348573 0.0256028646947405 0.044212607369642
-0.170990321074512 0.00444894535594097 -0.0812687197086538 0.0115381748118727
-0.174745662536034 0.0550576493719822 -0.136252543639224 0.0478771027443987
-0.159016938419352 0.0789158442759285 -0.157244653395448 0.0669473328156044
-0.179642916142526 0.0817767270397223 -0.169235988997362 0.0523139275244003
-0.19676837358996 0.0146901464997209 -0.19511464106232 0.0172546226946836
-0.192580916096333 -0.0518740414944055 -0.190020984332687 -0.050874696610979
-0.126965123923359 -0.14363836367706 -0.124611773730283 -0.0945107281950102
-0.0773013645017249 -0.164971703340264 -0.0437553842796923 -0.0914453412014415
-0.0194615667754968 -0.161951277685755 -0.00358078340507573 -0.0221458982155188
-0.027655211443514 -0.195533640350671 -0.0413670210280074 0.118673093336006
-0.0798765371092035 -0.104835685616939 0.0305356670230366 0.253070688772123
-0.0776031170772335 -0.0701602293127094 -0.111153517188496 0.284587999149708
-0.0714301122575504 -0.0492675929339931 -0.0473295472669868 0.29185738814516
-0.0542774480424055 -0.0405054752390343 0.0522480943076062 0.175325591361897
-0.0775424608604777 -0.0218245379981512 0.00330230102225208 0.0238396133280073
-0.0886601335987886 0.0113021595528061 -0.121123346737059 0.00325873146670328
-0.0904735398063159 0.0343286458234604 -0.183989640766628 0.0570810810561581
-0.0831004524638864 0.0466575274386661 -0.201093366503273 0.0906332459848758
-0.0947341666955998 0.0492628621532144 -0.22007483244626 0.0757295324664807
-0.110436414798388 0.00836071915295288 -0.23967463033692 0.0206749371720814
-0.105502757023103 -0.0308483493750303 -0.216945641363965 -0.0694055281066442
-0.0625945394074613 -0.0834135760374683 -0.120457208883866 -0.100252125313225
-0.0358805312415901 -0.0954824385431504 -0.0329045396942445 -0.0631366735337004
-0.00312271539273577 -0.094611977339058 -0.000491997245320928 0.0319764552935932
-0.0108288051917968 -0.110393977050465 -0.0389371537320737 0.177194067773078
0.0261230867224567 0.00093468702791928 -0.00696304220747072 -0.228549154694491
0.0280342100309186 -0.00573876615139266 -0.0277653114155958 -0.0894816618491892
0.00179218164257112 -0.00352929209535321 0.0119059353514617 0.0572965645707042
-0.00304122547524014 -0.0122323210024426 0.0944718972561049 0.127052347861471
-0.0138738402212073 -0.00737401934758639 0.236463418896436 0.106051262819271
-0.0111014171633975 -0.000457305284453584 0.291233809488372 -0.011025683605735
-0.00177690346351607 0.00128886011305314 0.261702765090424 -0.0993575215975908
0.000739694204357779 -0.0049198552727219 0.219512785751958 -0.124440357377641
0.00147512475732355 -0.00820555411776808 0.198258711954468 -0.0874796832004487
0.00557418931438832 -0.00541843379108197 0.13695986063244 -0.0396416216680171
0.00358513241631623 -0.00181082824585429 0.0150451829433627 -0.0249295603746192
0.000900101311549306 -0.00302412598482065 -0.0594131753046681 -0.155570536048106
0.00451834379530521 -0.00250427015630635 0.0131245576642371 -0.288222254267139
0.0187185009137752 -0.000538403259564861 0.0630507978089515 -0.294117845893742
0.0189972642093625 0.0147214851740797 -0.0749406114030517 -0.268714574805446
0.00208705216338507 -0.10932814100223 -0.023520826216785 -0.196664164473364
0.0191132825747379 -0.100553111656213 -0.0453850843270962 -0.0622151976935177
-0.0315387886560937 -0.115673732513003 -0.000262723872276405 0.0838559868323956
-0.0777789683835429 -0.106348990703408 0.0843166197998036 0.147328109678076
-0.128508230306752 -0.0414309481705835 0.235448333344291 0.12161294354712
-0.120031865921502 0.012765517690785 0.281061548649152 -0.00061787157609739
-0.103745889263111 0.0409831451292711 0.246316188892063 -0.087700104550824
-0.0870261006656257 0.042525829119541 0.200319178413939 -0.116836194863931
-0.0918623867859868 0.0316902837469374 0.183111406361268 -0.0877239334192121
-0.0826403556702605 -0.00691959898727267 0.122512764354788 -0.040159266180889
-0.0672353572340925 -0.0281866587756783 0.00628986103706469 -0.019710393466375
-0.0448122892412508 -0.0444215312040355 -0.0743613093118311 -0.144487420420498
-0.0496074699994082 -0.0423583803411075 -0.00984481551962678 -0.285363801198071
-0.0380558176632945 -0.0660646802568088 0.0401045160406008 -0.29464142836881
-0.0343045343417163 -0.094948283016731 -0.0879899502661842 -0.256140119963091
-0.0305829748544224 -0.202724841817412 -0.0422765203912547 -0.128268391761084
-0.00375157625386272 -0.177787037583749 -0.0682527215993264 0.00725383640096964
-0.0673402117786109 -0.203871606953709 -0.00312818157875065 0.130645525472916
-0.14283328241158 -0.180617272568181 0.0796793761774329 0.165003304051945
-0.225796764086346 -0.0706559013554356 0.214025239923834 0.124773667951111
-0.213137639519497 0.0235501353940425 0.236247609965903 0.0109460955344155
-0.190404099496087 0.0748773456138456 0.196715537988441 -0.0636323790081591
-0.162199143687469 0.0843041063432286 0.151077617222817 -0.0920505241085572
-0.173199491299612 0.0717719861934594 0.138703897320997 -0.0778513429095935
-0.166422407031568 0.000312308193195512 0.0856311495358286 -0.0394078676763856
-0.141508491715812 -0.0484147900046756 -0.0150610358366929 -0.0192551689159913
-0.0936119922505215 -0.0883788445124586 -0.0950360385430812 -0.127492022804731
-0.0944336092595444 -0.0841536507170854 -0.0446623932483505 -0.268809450382447
-0.0802110955279118 -0.120474243547933 0.0133311287269514 -0.282531504874877
-0.0765848148658672 -0.187017675195495 -0.0874262504780632 -0.212031633314545
-0.0720507510063755 -0.264953119313551 -0.0530940019458052 -0.0349298565894403
-0.0445685949971338 -0.217240956466152 -0.0892699208464375 0.103456930698627
-0.102850950366687 -0.242625987886065 0.00405561668785347 0.19134229962955
-0.182951536027518 -0.216586916919599 0.0809097390170603 0.176735058440721
-0.282237684518939 -0.0882794639161937 0.172394991777567 0.115371770657917
-0.27074907535469 0.0282763992604829 0.162850682877546 0.0205046126546232
-0.247118352121209 0.0967716574179759 0.120635434433446 -0.0301922306600718
-0.212602617758567 0.114437734981391 0.078521278051018 -0.0533955498004828
-0.230188954477495 0.105158365122374 0.0701190796622281 -0.0543920365239658
-0.233948719571671 0.0162478622189423 0.0259078569429236 -0.031632403775319
-0.212205139221115 -0.0568810516275454 -0.050704289350098 -0.0219820816124276
-0.144057270745725 -0.131190968071459 -0.112222036349685 -0.109902430001671
-0.126363919101831 -0.130683509938353 -0.0714705166597378 -0.233756848157772
-0.0974663418052671 -0.164530665304152 -0.00858128102564998 -0.245471786073676
-0.0974683532679448 -0.248680907437485 -0.0765800131706435 -0.141201578670609
-0.111041651036056 -0.286824954116034 -0.047458399146265 0.0656380325202209
-0.0899929838052791 -0.218044635077456 -0.105162675950223 0.199916032351818
-0.125752399522171 -0.227895017582398 0.0101706748827595 0.251517225767156
-0.183589045137105 -0.20812289239149 0.0815541362432307 0.184154280503479
-0.284102712927833 -0.0934511339158745 0.118883918053153 0.0960747066247846
-0.282733879340155 0.0253886875924327 0.0720523364851626 0.0263809369484743
-0.263836500314764 0.101704333086145 0.0285468055150411 0.00598916354270806
-0.229644486927398 0.127862715613985 -0.00620252765369309 -0.00610151146345699
-0.252392829993668 0.126059866121727 -0.0130078014025402 -0.0180999570999102
-0.268398514129643 0.0331905143841754 -0.051614756261324 -0.0133611221990518
-0.258363875081389 -0.0532708773738535 -0.100505006724442 -0.0245727496606427
-0.183459389924099 -0.159319433671367 -0.125411072997923 -0.0948584857847481
-0.141258943518473 -0.17236717449611 -0.0790906374599009 -0.184687382188531
-0.0902612123023451 -0.193935676054759 -0.0178439210708981 -0.180256863669541
-0.0959858191849081 -0.272851529619758 -0.0603157097854174 -0.0514003701180735
-0.132990412344182 -0.264023267344964 -0.0237625869679255 0.154281255770582
-0.123043637732391 -0.184804985493467 -0.112554136649382 0.267813627758208
-0.131192898293738 -0.173211609094184 0.00575239218273205 0.295897561594754
-0.152747092418157 -0.160650958495442 0.0814687467765737 0.186747599693475
-0.235183103841294 -0.0789921790009965 0.068564954060049 0.0686609359400534
-0.246641145537204 0.0202776579424181 -0.0153712972984871 0.0247745522930057
-0.23761966647479 0.0921517276967062 -0.0619820839894503 0.0364668083990641
-0.210251721007575 0.119680319104586 -0.0885689795075518 0.0406189087239126
-0.234266767665003 0.12288550158847 -0.0982682144856262 0.0259230017707224
-0.258887257578674 0.0376226937717945 -0.131935626038142 0.0105789278679785
-0.256746524309465 -0.0475104967521119 -0.154048126349166 -0.030816352893212
-0.184637295797008 -0.166039559198137 -0.132434845208496 -0.0906988107193671
-0.128853185505772 -0.189040403617829 -0.06641751398217 -0.136351797824528
-0.0635354494572868 -0.198619898815844 -0.0119451305669299 -0.100101252533877
-0.0736685018174822 -0.257163057208957 -0.0446889538200119 0.0428860838646838
-0.127004320640175 -0.200520458918838 0.012902546039457 0.222081444759962
-0.122380587105938 -0.132713683853674 -0.109693977615963 0.300478976142233
-0.114890336031647 -0.10768950983803 -0.0131530108488602 0.314626802551173
-0.10692514425005 -0.0976650049142246 0.0749982284631716 0.186011427065031
-0.16020961272226 -0.0514606777079329 0.0298484062099024 0.0440025207352895
-0.176537087631066 0.017527178511827 -0.0824842165971618 0.0189243528538783
-0.175482446765201 0.0709908656880026 -0.136460775450172 0.0582716022317106
-0.158357346769069 0.0939857968162815 -0.156444631279541 0.0794414806969189
-0.17871401758717 0.0982512107575275 -0.171259495288393 0.0647743770814717
-0.20332445927793 0.0304712747292049 -0.200711570690816 0.0288021467405907
-0.203472220499248 -0.040238571801989 -0.200829137637136 -0.042595928229096
-0.142051638113159 -0.141448267040803 -0.133872144190442 -0.0934389188346538
-0.0913484605997889 -0.164230920825424 -0.0486691578147982 -0.0960444479234208
-0.0313527881019407 -0.166245976388369 -0.00221002665250106 -0.0237817486304928
-0.0449167349566521 -0.200570198040455 -0.03395423773366 0.127537850174813
-0.0921138023196942 -0.102843614537385 0.0510192712847453 0.259312633842422
-0.085976975140371 -0.0656243770790318 -0.0956413113390695 0.305296970024406
-0.0772490059201898 -0.0454532544482526 -0.0289225316025195 0.311302082209379
-0.0586627143647221 -0.0393434583458548 0.0678495290470395 0.180166559381242
-0.0817125130065437 -0.0167406531182878 0.00612140300114446 0.0241198287191508
-0.09037868631328 0.0183294519272857 -0.124573083956689 0.0127866205514635
-0.0904312071311092 0.0430191842532364 -0.183939822147489 0.0722746004376093
-0.0825504945103215 0.0551759399873013 -0.200373925986461 0.107484429303788
-0.0939955690832903 0.0579728517320145 -0.221886564123986 0.0920437358828883
-0.114523600920494 0.0170523431656839 -0.245917939238718 0.0363577868759171
-0.112549466640242 -0.0238438829787942 -0.230665527783179 -0.059904765410911
-0.0712869781147911 -0.0836521764051576 -0.129776104318502 -0.100280108559543
-0.0433455760011638 -0.0954914441526419 -0.0342120318961512 -0.0674857781282913
-0.0103335894575933 -0.0972906824098352 0.00477744541295818 0.0322291748691544
-0.020308107439123 -0.113114612215942 -0.0270162969115143 0.187575699242078
0.0231851734457618 -0.0103205299576796 -0.0920997271695847 -0.215527060180069
0.0239636332794827 -0.0178976454383307 -0.0640739132653897 -0.0731697137514545
0.00119640127253254 -0.0040931974192705 0.0281423892722178 0.0547298393677814
-0.00741187800114196 -0.0102099385257137 0.137861924972457 0.0949593984683373
-0.0139677171875122 -0.000741878118550358 0.268143901787299 0.0200369796774628
-0.0072325700453707 0.00341400660590853 0.276249955255266 -0.117354660507119
0.000620335526526082 -0.000126275755444554 0.212439274498644 -0.192133630899017
-0.000123954206464274 -0.00667194517624278 0.161301024341777 -0.19970542668424
-0.00123670111726469 -0.00878174726905926 0.155607260143193 -0.156165057383131
0.00357760440625794 -0.0084358895223793 0.115679530238191 -0.0873411251338534
0.00346570567098449 -0.00301100998019287 0.00500244135794377 -0.0296487904860538
-8.98554811639418E-05 -0.00226122870463663 -0.113547113614954 -0.128272423340358
0.00286324953395409 -0.00331336048302445 -0.0915409099120517 -0.285278505165584
0.0173948016529313 -0.00560461665217736 -0.0408391217384784 -0.307428068140838
0.0250664394670988 0.00864159774832979 -0.163271251722273 -0.23228063498522
-0.0439485409317157 -0.108155451812858 -0.0927567859006417 -0.177814569214651
-0.0217752145633849 -0.10580293235579 -0.0663425124078866 -0.0386123334527777
-0.0739277990132284 -0.0994266097220399 0.0333040090739379 0.0850686026277668
-0.115839464049413 -0.0709637904128651 0.141559499513111 0.115459150846677
-0.136552412410299 0.0093852596821639 0.275824734069066 0.0298922318705292
-0.106315944636498 0.0569359925160681 0.271161234082679 -0.108078979741792
-0.0830804299542239 0.0774130780033717 0.20457388609739 -0.179029441499933
-0.0659271901881525 0.069735873881361 0.146151469530424 -0.187414875286101
-0.0749145577755047 0.0629860723361744 0.141109044078574 -0.152190587675216
-0.0816206071485246 0.0223726242013784 0.103251611441896 -0.0840589215763172
-0.0730611520575455 -0.00350342875417559 0.000493682471694848 -0.0219622946402972
-0.0583525759366754 -0.0263431084646738 -0.122604817617648 -0.111849509878594
-0.0624545340846223 -0.0211778310431366 -0.113544148361822 -0.273276482555412
-0.0611771531412017 -0.0471322181332575 -0.0642582007895259 -0.298850606790864
-0.0670063760902984 -0.0795886049818472 -0.173188552129985 -0.211973193128281
-0.113264438031323 -0.18639066723069 -0.0807446080199623 -0.103663345194736
-0.0727546300418793 -0.170225011884395 -0.0579320584248344 0.037715510318684
-0.14183319863166 -0.170057408274145 0.0538877004002519 0.130362722239005
-0.208157594105947 -0.117162824708273 0.148185790973338 0.130920276036233
-0.24032399125327 0.0172747168120606 0.258965841358734 0.0369367890580204
-0.191424463806686 0.100871763752006 0.232957303443588 -0.0839750093373078
-0.15527788408866 0.143282161998664 0.169176482158116 -0.139559561209308
-0.122195071568809 0.136561185804706 0.108233914416948 -0.14748595793104
-0.136810669416406 0.130186845730567 0.102407841256543 -0.128252308381083
-0.159382339171948 0.0602675885608789 0.0695930293877194 -0.0721413400568623
-0.151541391087807 0.00470504018844011 -0.017961901374289 -0.0150774344659693
-0.121131060400235 -0.0514215074702554 -0.134516483252252 -0.0877559189545735
-0.119820779917433 -0.0451293780316552 -0.140945861025363 -0.243449188215443
-0.12182644418449 -0.0839046305216523 -0.0863729106065034 -0.275407258782405
-0.142028283300167 -0.154067012323529 -0.15885282358017 -0.166852130158562
-0.178249289687754 -0.229887053672673 -0.0538643941210342 -0.00995415337849095
-0.127998573195909 -0.191059994010488 -0.0391302140644459 0.13763801008611
-0.190456002202781 -0.193532976078917 0.0867839496337352 0.184301409624622
-0.260234803314136 -0.135360691512687 0.15656016680761 0.139641783796344
-0.301017821126247 0.0221113458744494 0.216619905614468 0.039246140114853
-0.24519243368704 0.127386063996863 0.166585246882971 -0.0495026633865846
-0.201885867196003 0.1866294922768 0.11021175775612 -0.0803688839828466
-0.158883348416373 0.183659759783011 0.0542556456973182 -0.0850412394591951
-0.178209511174343 0.183418898283053 0.0454670143181889 -0.0823360838616998
-0.218582895801276 0.0999822828397784 0.0165981660951857 -0.0449261871082339
-0.222602164704293 0.0219577217363574 -0.0509419497106311 -0.00629219628652016
-0.185791434386118 -0.0750319802021672 -0.143304130478057 -0.064793911564028
-0.166283854209162 -0.0779083459667301 -0.153067378523979 -0.198107831093324
-0.154429184180853 -0.119361128996665 -0.0955006036382622 -0.231120483248195
-0.184761087533392 -0.206732757682623 -0.1256252114525 -0.100402956983291
-0.223815661831955 -0.236040649170975 -0.00968333743595697 0.0837283018251989
-0.171674058930601 -0.172141826447379 -0.0173231130950225 0.23429677482865
-0.205656243314367 -0.16983942858489 0.115595767820978 0.239581924181647
-0.257035340426405 -0.127303275357319 0.160209454342036 0.144291441951053
-0.304500861852565 0.016252021333009 0.157580305175315 0.0396962791976199
-0.25837000426711 0.12816218704498 0.0817888831333048 -0.0106091019563071
-0.217017369062788 0.197951668839136 0.0363312114848572 -0.0120184401897202
-0.169797399742775 0.203127782180969 -0.00864183284329748 -0.00956203611183675
-0.191891040595814 0.21117773214474 -0.021241946452376 -0.0173931144236459
-0.245109094833379 0.12951463694258 -0.0506845049024073 -0.0011693402476388
-0.265238992277568 0.0426840293123246 -0.0984018751089324 0.00687207328423106
-0.234600264337082 -0.0881310433459053 -0.149156015339302 -0.0467861157616316
-0.19505978507098 -0.112093565665186 -0.141515605848652 -0.147906194162328
-0.158698536995819 -0.1505197745159 -0.0817872473534233 -0.164664477182555
-0.192229660091849 -0.230911317513712 -0.0796934279196605 -0.0197017009494725
-0.236196809515344 -0.204596674391284 0.0463611906389921 0.159462621071445
-0.189975378510728 -0.126409428664301 -0.000318025523836774 0.300942409898792
-0.190049887721737 -0.114091229811247 0.124951049481295 0.282773899816793
-0.208256420827188 -0.0931057665110989 0.158802189034068 0.147299540541002
-0.252774929268923 0.0111899658928411 0.0973937829114398 0.0331466863642184
-0.226689244326463 0.11028970841356 -0.0026305114892565 0.0211668780825632
-0.195233083137432 0.179387374558395 -0.0392230371040372 0.0519115522541998
-0.155076945409449 0.189298447494522 -0.0695250962216676 0.0659062109540614
-0.176625138735289 0.202434948689879 -0.0862001813625566 0.0544417839612655
-0.233859782244573 0.131823353872786 -0.119008915285461 0.0499631010811542
-0.262418263686338 0.0476085895579324 -0.152477663111303 0.0203212940796358
-0.238641039555918 -0.0941052583959929 -0.153112787183478 -0.0408464423407722
-0.189768525232514 -0.133724895076 -0.111590616769137 -0.105985958298768
-0.134116952271906 -0.165967431142474 -0.0474608644558868 -0.0899269355653442
-0.165143597987026 -0.222680094104718 -0.0318318091751206 0.0639824022331861
-0.20405505648555 -0.144836181572216 0.103615083463124 0.209559777014903
-0.169530557956158 -0.0759143084091129 0.0120301468661524 0.329537806510009
-0.149557429517091 -0.0566809811777564 0.110812122626372 0.308052732066754
-0.139837695253616 -0.051137882331015 0.149325016271894 0.150420607914423
-0.170660811669894 0.0105191305033915 0.0495824208338113 0.025500924805415
-0.162202198685795 0.0815189368048993 -0.0703796250099164 0.0431065753136499
-0.143910862347683 0.136154204778848 -0.102547472760331 0.10223813266284
-0.115670424217688 0.146712656889671 -0.119053443353287 0.12988827077399
-0.133375679224977 0.158436088671834 -0.141197048395617 0.118572423599389
-0.183571249894375 0.104413709690971 -0.178569790056779 0.0935607743976913
-0.209426564147475 0.0359259397124943 -0.202469337651474 0.0264972925529769
-0.189534586399006 -0.085582999555436 -0.156576749436725 -0.0443769848318339
-0.145049013611798 -0.1239755622134 -0.078992137582313 -0.0749768946764665
-0.0919642581599665 -0.147251718328974 -0.0102160563677681 -0.0206574253648765
-0.116617932135204 -0.179365191886937 0.00788920830359644 0.139388538433268
-0.129928539601565 -0.063621168493098 0.150044812966604 0.229489734599637
-0.107348598347682 -0.0262799863761209 0.0226580268502486 0.329502814113423
-0.089306569686625 -0.012472462223183 0.0900124497342239 0.312537058746804
-0.0712142603863164 -0.0141061863131594 0.136740066005791 0.149659038666715
-0.0841484092156108 0.014362879903758 0.0169695140647905 0.0181271535793265
-0.0802339142683872 0.0511452614844035 -0.113363116498065 0.0554696213704648
-0.0723966231698485 0.0774004799700482 -0.1452523446031 0.135116652538175
-0.0583300557609994 0.0833447136786551 -0.150325421663525 0.173506003245515
-0.067588089996266 0.0898418180941063 -0.178460378629279 0.164615191149152
-0.103390617934113 0.0601198891603591 -0.221541441579172 0.117967133760171
-0.116744289837598 0.0181992305233259 -0.238809344109617 0.0226031034504536
-0.0997397090294885 -0.0558733178294358 -0.157524019988111 -0.0547639106087447
-0.0749984703676343 -0.0753148945359164 -0.0546105318882812 -0.0554179525962196
-0.0453602835913875 -0.0894518261644684 0.0173906279067265 0.028542555833498
-0.0607894079595633 -0.103645309216393 0.0375182286178659 0.191914363912705
0.0236334456992362 -0.0119630513197796 -0.106328464828536 -0.21751015401583
0.0235666903229836 -0.0206680193156525 -0.0728885970362921 -0.0708952769590455
0.00116903311657702 -0.00457055329586346 0.0279273591560119 0.0591427841498139
-0.00854625214222843 -0.0101409801740233 0.146272639592128 0.0974521507883461
-0.0154993876462119 0.000566484322546489 0.279512469099612 0.0109280861028743
-0.00756048943475436 0.0042833809721443 0.280713240857438 -0.132767356406338
0.000426809880302872 -0.00094819539682593 0.210521784957342 -0.205833079441204
-0.000816481146094214 -0.00771192498176268 0.157554285426595 -0.212012685732156
-0.00119577848940885 -0.00991501077243133 0.15175935288921 -0.169641121838512
0.00417437853464227 -0.00928685815010657 0.114152511818619 -0.0957511776285111
0.00424745625053746 -0.0035532356803942 0.00364633019912792 -0.0308898341380577
3.25546438970405E-05 -0.00168344995097787 -0.124960372627639 -0.127811304672678
0.00295992802796629 -0.00307348828581385 -0.108611011307011 -0.294422540813004
0.0176367272192407 -0.00742377543399647 -0.0539581943172388 -0.318091332006924
0.0263446279742988 0.0077360991904218 -0.179147240819078 -0.233179666143362
-0.0523021493052763 -0.108987071204734 -0.104069921228975 -0.178204717314358
-0.0268559720235082 -0.109224975196504 -0.0737838134694084 -0.0353423883174734
-0.0805256751916831 -0.0994698502810366 0.0343108025563637 0.0900813321113345
-0.12381115207818 -0.0687573533131156 0.150349471101998 0.118998441329034
-0.141276808319209 0.0169940692609995 0.287663841196488 0.0212291545449487
-0.107415738956798 0.0637922321508676 0.275640205116684 -0.122461055522673
-0.082105949167434 0.0830371329323271 0.202728872445004 -0.192243298446399
-0.0647164205003447 0.0740665910605703 0.142123404628048 -0.198825501742872
-0.0726034643226697 0.0676118143763747 0.136921378765247 -0.164455393908848
-0.0831394180746185 0.0263279794859243 0.101829168111803 -0.0921458648251552
-0.0743004512432524 -0.000807263037298363 -0.00086187537941351 -0.0233240670474503
-0.0612836952971768 -0.0239410238208079 -0.133448616706558 -0.110495258927682
-0.0650837451989268 -0.0180025137595877 -0.131044089788055 -0.280630741442298
-0.0665229271931458 -0.0465145870973286 -0.0779801504789758 -0.307609059623512
-0.0741329892123611 -0.079193474256432 -0.188636867630061 -0.211945450071765
-0.127790067027861 -0.18591006005748 -0.0890005075878528 -0.102698195409321
-0.0823673498799271 -0.173090348037157 -0.0609618338457265 0.0428425290788203
-0.153226855699021 -0.169774271369317 0.0573617802836355 0.136130783064842
-0.221477283682506 -0.113776470458693 0.156727619747631 0.134785745887975
-0.247953628053532 0.0292677392468124 0.269579781348361 0.0277064381235905
-0.19353059202472 0.113549030993383 0.237699632877073 -0.095451807028753
-0.151961742597046 0.154415371480692 0.166931390421421 -0.150316671572046
-0.118770448142006 0.145911233522864 0.104717904527428 -0.156089587416488
-0.132952932180524 0.139759138826398 0.0977225804728587 -0.13786946154819
-0.16147484258067 0.069085672298878 0.0673347497710902 -0.078533163667623
-0.155325245053217 0.0106769964509678 -0.0188423521334722 -0.0153991159422232
-0.126747971852137 -0.0477227042817183 -0.143742899892656 -0.0851314711415953
-0.124378854753714 -0.0393108655858401 -0.159071671965668 -0.247885211218587
-0.130837229551102 -0.0812011091646424 -0.100111521351017 -0.282583834554607
-0.156123667047655 -0.15212554755706 -0.17144946186752 -0.165178971735812
-0.19837263238727 -0.227377263193927 -0.0562194036358803 -0.00712964320377241
-0.139255520183524 -0.191132622091798 -0.0360331460926156 0.144669892264951
-0.204327755442288 -0.191042767662856 0.0943348468150943 0.189700469403194
-0.276074168225472 -0.130443055639046 0.165299888151809 0.141921330291943
-0.310333375056626 0.0361162134872081 0.225583619976651 0.0331975861298146
-0.24756060013462 0.142973306005962 0.170372931587733 -0.0567484099661585
-0.197848917105993 0.20192264969355 0.109461038750688 -0.0873839433489431
-0.153812004610423 0.196912481281772 0.0517446683054778 -0.0895961653226227
-0.173578753069134 0.196626852093636 0.0414932049826318 -0.0885441202667763
-0.221310927920046 0.113340680797937 0.0133785946140586 -0.0489928303526333
-0.227598845122225 0.0312193367011455 -0.0528325258910408 -0.00550442371536454
-0.195397845504109 -0.0699207745461532 -0.150784857815204 -0.0612375641115823
-0.173145019832888 -0.0713240805171422 -0.169519902411076 -0.200940274136174
-0.166046021712798 -0.115874138632429 -0.107907700427345 -0.235233849708402
-0.203454136461129 -0.204003121556109 -0.133632676833839 -0.0978937006714982
-0.246433067430373 -0.231487850692422 -0.00629365165472178 0.0873153134564644
-0.183906035456856 -0.16845533888561 -0.0096917446380756 0.243104120982141
-0.218630483593778 -0.165641142931984 0.127578010638711 0.245529893045234
-0.272008080969274 -0.123169479783645 0.169739206397161 0.145843516434727
-0.313590779972609 0.0298584466463383 0.163445977480816 0.0349679941579363
-0.261426977626761 0.144926539073211 0.084688907078166 -0.0127109083810739
-0.211987109136983 0.21513103379239 0.0359281351289433 -0.0142567592407435
-0.164802435062425 0.217549317764711 -0.00912981106499758 -0.00955178916398487
-0.186497206047185 0.227006946900379 -0.0242015039195069 -0.0187865143146941
-0.247222893559719 0.145990607009905 -0.0534881052683278 -0.00128706675793751
-0.271394890886113 0.0556554745018513 -0.101543287570602 0.00944208106128535
-0.246944862516093 -0.0820500980168231 -0.155764671430608 -0.043652657362811
-0.204533292925422 -0.105621114297503 -0.154278125002463 -0.149414476395879
-0.171101240694951 -0.147533176004102 -0.0911447819015094 -0.166559696490758
-0.212213791710039 -0.228126699803211 -0.0821602010793076 -0.0162917308086223
-0.257315177331457 -0.199118978714139 0.0552974930345748 0.162767915515118
-0.201859338566673 -0.120483341555925 0.0118279479554408 0.311919332606959
-0.19998601738164 -0.108805830740308 0.141157986761687 0.290915934258802
-0.219837164826987 -0.0896220124884224 0.16982238881238 0.14770779318288
-0.259605701730876 0.0224214650255061 0.10147304224826 0.0306995756721191
-0.22875337787287 0.124236059744954 -0.00174934138285347 0.023819418380274
-0.191287089937235 0.194740612069141 -0.0383232786621721 0.0550898415407389
-0.149727386088253 0.202567218403429 -0.0682306395295854 0.0708403067949007
-0.17025066799238 0.216414414357034 -0.0876881602119417 0.0579258798372247
-0.235837558838007 0.147998022189571 -0.121526107496244 0.0548586221470182
-0.269096757740699 0.061198204481241 -0.157117454205019 0.0254528561885229
-0.252261602739598 -0.0877132436376236 -0.159854927044413 -0.0386190135368975
-0.200339664658659 -0.128105300370388 -0.120107196331316 -0.108669542263664
-0.14671596372188 -0.164202720888842 -0.0511306315651898 -0.0916832085814956
-0.183254581328251 -0.221478204327067 -0.0289398431744306 0.0686772226186828
-0.220772236671216 -0.139248085106193 0.1164080782491 0.210866456302952
-0.178347363575753 -0.0697486702170824 0.0247828242506386 0.340650474872968
-0.155784692148612 -0.0510606255423906 0.128393168882469 0.317681702754854
-0.146929210984068 -0.0482685902006042 0.161194515903672 0.151365427501202
-0.175949843569825 0.01769992882731 0.0519874136000326 0.0247041591142885
-0.163318634112868 0.0912546151666246 -0.0703757013347455 0.0489196828128075
-0.140402067888985 0.147758482254775 -0.101432661992972 0.108957803962376
-0.11109487094501 0.157137282285938 -0.116299608537809 0.138331915967278
-0.128669115766487 0.16992286702956 -0.140385981691677 0.126444390629056
-0.185859389917569 0.118167324296362 -0.180878647459477 0.102224279285948
-0.214951340769001 0.0469742243040125 -0.208725782219354 0.0343556629750044
-0.201360190839688 -0.0815337408465774 -0.163587912291068 -0.0432617991259119
-0.154298265106495 -0.120897821313893 -0.083615568944193 -0.0784690025050343
-0.10144496682821 -0.147436621914461 -0.00916887181048391 -0.0226231677069086
-0.130505653261523 -0.178979997965221 0.0160723795430629 0.145139103910967
-0.139322810038597 -0.0589442719834907 0.16432810407514 0.229901325592025
-0.111952215716704 -0.0217311328147124 0.0360684485585837 0.340209201644921
-0.09240264014046 -0.00851120027845419 0.107887353445067 0.323315519077335
-0.0748254552507281 -0.0124953529400947 0.149900483494102 0.150692108714071
-0.0861713186991148 0.0180292157810551 0.0186510529468543 0.0182462415083586
-0.0797430152356973 0.0568808093398081 -0.113920960444695 0.0630172693473985
-0.0699612652130062 0.0835347371804583 -0.143069140694889 0.145304955692485
-0.0559871411902267 0.0893022218399936 -0.145860405609859 0.184751065421906
-0.0652447122972915 0.0961193515939181 -0.17659870509566 0.175526233776646
-0.104210817463661 0.0680109405567733 -0.223170329861681 0.129847043559342
-0.120488375467644 0.0245549710977535 -0.247200855053585 0.0315039380202874
-0.107418496128031 -0.0539680344365744 -0.164774680536878 -0.0541726611783939
-0.0803372472886648 -0.0745297294828263 -0.0567297074180474 -0.0594754473562244
-0.0508783324254684 -0.0898727446120743 0.0216400498043704 0.0268555109978875
-0.0679679443689562 -0.10428939647026 0.0486273965851458 0.197940460488408
0.0239684351930515 -0.0135150598173237 -0.122409207740418 -0.221796282767405
0.0223765836857822 -0.0243311838697089 -0.0829846929762699 -0.0682118662180604
0.00141497545859419 -0.00499460382846098 0.0286138804832699 0.0644447080251921
-0.00916194029430265 -0.0101341189531349 0.156797675006078 0.101318367249062
-0.0166942203838267 0.00186478020969195 0.295225571316265 0.0016350040183654
-0.00771481730884515 0.00471250541266539 0.288081938693796 -0.150550845393548
4.02409876719863E-05 -0.00122813689014241 0.210620771074344 -0.223645667868453
-0.00170070947817726 -0.00894914504924085 0.153990010926774 -0.227541040022967
-0.00160300647176351 -0.011441535431554 0.148547723472206 -0.18442157733474
0.00418632315405227 -0.0105629106529851 0.113664991931852 -0.105881962561577
0.00561224080798909 -0.00396633710922386 0.00174695441770007 -0.0328015125779127
-0.000307682524167839 -0.00102936032145759 -0.138693380232675 -0.128162280283835
0.00317049207061105 -0.00261260166878414 -0.12833944711034 -0.306369648956569
0.017489468021626 -0.00875994847648835 -0.0684421294362778 -0.332589705978529
0.0279308658480972 0.00692522357379412 -0.198892860846408 -0.236487780916724
-0.0611548326247356 -0.110645195801375 -0.118107033157907 -0.1809735612432
-0.0337247261681434 -0.114796580835294 -0.081710777028254 -0.0316022641657313
-0.0881212283227329 -0.100845339669619 0.0365318915743948 0.0969809542211974
-0.133536306207374 -0.067239024277786 0.161401190096541 0.123545450775308
-0.147651209256827 0.0245210417718894 0.302811625517576 0.0112476331605535
-0.109818433554441 0.0723570718241383 0.284120154567218 -0.139420762536816
-0.0816886226359474 0.0906102386539382 0.202076869889852 -0.208909480244224
-0.0636387883240372 0.0796855746329199 0.138874961423922 -0.213422822757977
-0.0719207322223529 0.073096964763652 0.133399360485064 -0.17871218161663
-0.0849005033630731 0.0307383496629906 0.100503606051478 -0.101753149909117
-0.076626557361649 0.00161598965248091 -0.00271281253409242 -0.024917931791259
-0.0642870835467583 -0.0220497362908859 -0.146406525432807 -0.109646003607088
-0.0682531963811956 -0.0144166318387159 -0.152424450934959 -0.290930940125468
-0.0725010620841621 -0.0455244891767329 -0.0935514765976119 -0.319899164864416
-0.0830129082619481 -0.0785132255392227 -0.208353061461632 -0.213736356930069
-0.146106200320419 -0.186779840512784 -0.0983966537794361 -0.101802228063745
-0.094494275137157 -0.178119406017226 -0.0646672248257588 0.0488273283202375
-0.167392928722162 -0.170829278837346 0.0627381866567473 0.143499190897867
-0.238249155000132 -0.110740441589038 0.16839394797641 0.139761172783942
-0.258574518806487 0.0427697034941156 0.284115266740952 0.0190373860652099
-0.197457723784293 0.128606299098369 0.245504263069776 -0.109507190770766
-0.150812715560865 0.169709925566022 0.16686394117699 -0.164180915428672
-0.116161481828819 0.158029781677464 0.10273593745825 -0.16678041465829
-0.131054774572239 0.151768753461887 0.0945871006383847 -0.149937201967951
-0.165750909089872 0.0796800707080558 0.065550633881064 -0.0863880398649074
-0.160256458978751 0.0167689721193028 -0.0208696971821797 -0.0155732307433465
-0.134729338402541 -0.0441816309306225 -0.155340173972303 -0.082394870261468
-0.130509408302595 -0.0333362133746219 -0.180531796070443 -0.254835720008519
-0.142302102985046 -0.077651099171257 -0.116964673966748 -0.292452888397754
-0.173330590463223 -0.151221595770381 -0.187803055864077 -0.165175638065015
-0.222014746105004 -0.227398548278245 -0.059765973301341 -0.00342504401596284
-0.155036040489775 -0.193895298403728 -0.0337069953328773 0.154170598113275
-0.222045311152408 -0.190286672180586 0.104424706793232 0.197709063836874
-0.296053902195653 -0.126759769220179 0.177640680684062 0.145956674255657
-0.323010191246531 0.0530588217494128 0.237076616965936 0.0255086856333748
-0.252917143273541 0.162053188069543 0.176568729631949 -0.0654715510693704
-0.195509508136674 0.220790584667835 0.10919719453654 -0.0959975163661966
-0.150017577238625 0.212690197904461 0.050377177375082 -0.0952892936239729
-0.169753555559338 0.213174147477403 0.0372491108849652 -0.0958128901903445
-0.225977869014152 0.129588912112357 0.0104000145104457 -0.0534849554811988
-0.235680298106484 0.0428240973003011 -0.0555305480841325 -0.00478491975252174
-0.207262397366995 -0.0642448930590188 -0.16075938237479 -0.0587122328036467
-0.18289670081424 -0.0647427142372376 -0.189443963266548 -0.203868381251174
-0.180628567930114 -0.112943610844371 -0.122516404713119 -0.242074964257733
-0.226429773476014 -0.202355248797856 -0.144523620488071 -0.0959976931320871
-0.273415864189938 -0.228457658812149 -0.00265602105725172 0.0926891228709395
-0.200641023024408 -0.167073839527669 -0.00126295424439426 0.256538708430671
-0.235780206680349 -0.162588815108824 0.143180881569135 0.254240901494694
-0.290456468602922 -0.118375664610439 0.182969303738046 0.148600408369351
-0.32645782563404 0.0466854447348772 0.172084561454678 0.0306880855674066
-0.26657352385372 0.164171272174286 0.0880388154844472 -0.015176121665642
-0.208999008903791 0.234878472447848 0.0359252925841356 -0.0159544193693648
-0.159487885925282 0.235030957016022 -0.00952698875681189 -0.00935089387428278
-0.181739333948601 0.24564425983639 -0.0277423232854573 -0.0198766374061327
-0.252197326596255 0.16591909784734 -0.0569442994312377 -0.000568439897192724
-0.281234142347666 0.0703337838023254 -0.106127137562208 0.013077000370885
-0.263352569841456 -0.0748036638791085 -0.164809828831814 -0.0408206573784582
-0.217002609514241 -0.099501326714692 -0.170165347758939 -0.151292241311739
-0.186866225901789 -0.145748252050999 -0.101193204810775 -0.170888994935055
-0.236809311526196 -0.226593298325204 -0.0858924013027314 -0.0122614965759484
-0.283637299708136 -0.193825143606434 0.0654538373084367 0.167850185874652
-0.21678112438449 -0.114967669491635 0.0249327156692045 0.327137473909467
-0.213932217284268 -0.103840006249759 0.160720706217767 0.300960228945637
-0.234283766422819 -0.0855866245672261 0.184402919245735 0.149229036021948
-0.270810354521072 0.0344187645461267 0.106773873431208 0.0283631976770236
-0.233397811504902 0.141121779433069 -0.000247071471674472 0.027252469576234
-0.187747057996491 0.21305383627721 -0.0385946729287907 0.0589074962345581
-0.145182806101473 0.219213760476565 -0.0670491023655001 0.076742312641721
-0.165774749090264 0.234716359167034 -0.0895487605941723 0.062782765441009
-0.239723556888811 0.168168009343072 -0.125313658398564 0.0608659922838372
-0.278474715339735 0.0771012764717418 -0.163806512973891 0.0318247816460546
-0.269376384356843 -0.0805412597249608 -0.169203712507957 -0.0369584016958429
-0.21402596945171 -0.124250851417253 -0.131146509304257 -0.111785598671941
-0.161141804611786 -0.164199350806066 -0.0559875048116061 -0.094779196640545
-0.20495172051379 -0.221568066777357 -0.025899873043085 0.0740420728998383
-0.24117811324147 -0.1335899027401 0.131624170516217 0.215441175336939
-0.19030230797686 -0.06331433570791 0.0400075140032244 0.3570213973458
-0.16528632047521 -0.0456104641606725 0.14915561740849 0.330572294933182
-0.156176149847827 -0.0454755632423968 0.1771344317804 0.152318740043085
-0.182892865424337 0.025730642633042 0.0552378257372752 0.0240780007921082
-0.165764303658177 0.103463552306882 -0.0712264221097405 0.056200668144012
-0.138016307556994 0.160989537476922 -0.100947666644997 0.11807564568933
-0.107208013063753 0.170642549580479 -0.114186110160217 0.148719900582371
-0.125043675455208 0.183671864938479 -0.140891976388304 0.137123543310519
-0.189167975375576 0.134152040763231 -0.185073927821179 0.112620251785982
-0.222863822833665 0.0600084517183862 -0.21788829603659 0.0428008523827183
-0.216704266895998 -0.0759024129130654 -0.173019261450458 -0.042600654554299
-0.166323899949056 -0.118210265729241 -0.0906141416565297 -0.0831498561325458
-0.113338263666574 -0.148890550116978 -0.00836442714125955 -0.0239584742675125
-0.146478075113827 -0.180765950688747 0.0252315856159061 0.151964139021297
-0.150799715002272 -0.0538406804562675 0.183398852052308 0.232848918782171
-0.117855339210612 -0.0168389365516921 0.0514998796013727 0.356103994906687
-0.0970356831611325 -0.00438548230067007 0.129433894049115 0.338007242456967
-0.079534905274556 -0.0108517804644816 0.166181009766394 0.152787058462952
-0.0888555187163603 0.0227054261653619 0.020861488814054 0.0192063956833975
-0.0801915227119782 0.063182972084543 -0.116373705148851 0.0730829270652461
-0.0681148426183639 0.0912550726067794 -0.142523663337424 0.157061779760405
-0.0529566356096466 0.0970079958496404 -0.143018751761817 0.198511018138259
-0.0632457205561888 0.103566120191514 -0.176160236506789 0.190061480327112
-0.106193320569927 0.0777593856513693 -0.227724841788283 0.144046357792361
-0.124815780443675 0.0325495540965729 -0.25853621179305 0.0422834283047666
-0.116676986897947 -0.0517923646541242 -0.17507667645478 -0.0547993463710138
-0.0866882468513621 -0.0739914368218994 -0.0608491883284073 -0.0652175849080816
-0.057509288617499 -0.0913333906627553 0.0261829959100713 0.0251189481564475
-0.0771328800677254 -0.105598527695901 0.062003299655463 0.205729048554549
0.0239560889524365 -0.0159020270648549 -0.143443156090987 -0.223886253774603
0.0207128189433323 -0.0284434718887722 -0.0941324226902629 -0.0641545170307372
0.00119093634080426 -0.00574979663057915 0.0301730402433359 0.069712751690234
-0.0102483064618521 -0.0104959417583868 0.170924845853149 0.102372808059386
-0.0177278592396698 0.00353139814446472 0.311647691950019 -0.0155669821174563
-0.00826411766648684 0.00503248427836161 0.292424394281975 -0.1758080034474
-0.000510378606239299 -0.00217791208184483 0.206045018932714 -0.247998277694229
-0.00309942926676206 -0.0105237830559808 0.147085766942236 -0.247276097915708
-0.00233757599475867 -0.0128547018060183 0.141753534315026 -0.20298828372646
0.00454923589791872 -0.01261376788147 0.110800338864661 -0.119178999506229
0.00627115694491019 -0.0049736389896155 -0.00129861815551187 -0.0350465618040691
0.000400776203557246 -0.000568859332732505 -0.156123075035328 -0.125646550118892
0.00359691781332725 -0.00246403874440904 -0.156225388617804 -0.316828438124993
0.0172364894263838 -0.0107425452651453 -0.0905604981091796 -0.346896984559618
0.0298064388307116 0.00552271438245727 -0.226395938856112 -0.236197099391577
-0.0738373517941599 -0.111716167062515 -0.136959313784217 -0.180395097340822
-0.0441306959997507 -0.119464959796606 -0.090262794658439 -0.0260228239209165
-0.0987146546851855 -0.100475661702145 0.0407028590132961 0.102874450110811
-0.144781616333609 -0.0631724775931976 0.176320674145637 0.125869186267196
-0.153406240250568 0.0361149504964871 0.319470929664639 -0.00580614799793217
-0.110807999370772 0.0835944745664282 0.289581848203619 -0.163718166701863
-0.0786514589508634 0.100541787960597 0.198227078640818 -0.231698363007785
-0.0612256401322268 0.0868536782918639 0.131577177723634 -0.231419198791747
-0.0694797290488289 0.0798765449647976 0.126096287830331 -0.196684049405879
-0.0867107854861792 0.0372580762353774 0.0972311117158923 -0.114101756911712
-0.0788675648963556 0.00542118430284355 -0.00494723621886912 -0.0259567496999596
-0.0686951173527473 -0.0180651399677511 -0.162831623209549 -0.105221041427541
-0.0716177227414879 -0.00935250858873547 -0.18136114699095 -0.298073246666296
-0.0803449973886254 -0.0430559546225217 -0.116768586507502 -0.331932625389194
-0.0939067254363815 -0.0767810389266046 -0.233781676492399 -0.211111923735886
-0.168714496016143 -0.185139318649386 -0.109916885905952 -0.0985281541877419
-0.110938878060373 -0.181556092032744 -0.0668656948958224 0.0567049029560268
-0.186698998062088 -0.167771991969232 0.0720393421622163 0.150122418967164
-0.258381111781314 -0.102531231951826 0.184564082001429 0.142516595297014
-0.268706973784595 0.0625564198248734 0.299765221170387 0.00392038029930356
-0.198616826864074 0.148773465080291 0.250842160307311 -0.130024489160209
-0.145544135571182 0.187600416634594 0.163924283924111 -0.181892748825233
-0.11005047849465 0.17239012842458 0.0969773876340298 -0.180563762213955
-0.125839525325066 0.166376837809309 0.0866153930472384 -0.163166559799241
-0.168712194743075 0.0943085996701584 0.0613889620201701 -0.0958731728313787
-0.165879721075093 0.0269237455173021 -0.0226405183912071 -0.0157657752473839
-0.143404354529055 -0.037359685179966 -0.169454444968777 -0.0772924071004431
-0.137838435758984 -0.0241281515946093 -0.208536718876205 -0.257632452180612
-0.156029245420415 -0.0723050124210018 -0.140039372196922 -0.300168011443925
-0.195338633085804 -0.145932816870698 -0.209371377046063 -0.160894294408791
-0.252393436448118 -0.221122595568446 -0.0629818828748532 0.00181810538250236
-0.175486342429472 -0.193602689309145 -0.0278545224588684 0.165279855863319
-0.245042591298246 -0.185014836010655 0.120061223302629 0.204142885512332
-0.320921202262959 -0.116115603583134 0.193402031079421 0.147955080414148
-0.33598793186781 0.0768328046170467 0.250374895181619 0.0137086149849336
-0.253752727388442 0.18796965063744 0.181119785021006 -0.0785611173602448
-0.187999163465677 0.244727969970118 0.10699402013329 -0.106538684435519
-0.141803399626677 0.232447381526052 0.0465937744905368 -0.102198134904789
-0.161920207446885 0.233648280948814 0.0305835383293581 -0.103334184607559
-0.228470142323931 0.151821014977001 0.00614278386064469 -0.0579650306703354
-0.243582265503748 0.0584895079651209 -0.0582793680539089 -0.0022800713812644
-0.221991920871385 -0.0535276440911577 -0.172819696489968 -0.0514730778753143
-0.194114242851185 -0.0538250309420187 -0.21483844370355 -0.203678495992956
-0.197744884263099 -0.105136145299074 -0.143010328949015 -0.246934954062113
-0.254750141045676 -0.196136664376941 -0.158121618901211 -0.0902321271709689
-0.307097197022834 -0.217927133551478 0.00374708467216469 0.0987242895159365
-0.222391888500565 -0.161376224817925 0.0142580384477655 0.271117139530364
-0.257127716579398 -0.154323966453342 0.165334561326429 0.260113350928736
-0.314308242798233 -0.108137516340429 0.199693810022485 0.148833511070779
-0.340116902857867 0.0698430207968656 0.18142030549714 0.0227019613711395
-0.268048179603077 0.190779966344364 0.0917723739731138 -0.0192296116839004
-0.201369432257423 0.260916304079766 0.0355031780743489 -0.0182145661855185
-0.150192375426204 0.25645451593991 -0.0100274126996671 -0.00862725745121302
-0.171570111395996 0.268264683685931 -0.0319274718128334 -0.0206927393296503
-0.253814276173329 0.191888994166867 -0.0614857632252828 0.00130369366849057
-0.289728055935252 0.0910972134487459 -0.110591261472877 0.0185381933670501
-0.281869390903611 -0.061379718382174 -0.175468323817665 -0.0342402482602656
-0.232032992902233 -0.0884852463696512 -0.190255195120138 -0.150126571309069
-0.206349676603406 -0.13941671182799 -0.116161103972322 -0.173213819003478
-0.267201542511203 -0.220796644730723 -0.0905482971182688 -0.00633747801829607
-0.314569653489316 -0.182263018910461 0.0798275596590629 0.172457466524642
-0.236230569862572 -0.105893910092448 0.0454049727973559 0.343135791068534
-0.230302443301852 -0.0931976123637126 0.188385575278247 0.30877445598802
-0.251915784813015 -0.0771686135258861 0.202355121541273 0.147606127529859
-0.281466241877067 0.0534941682964755 0.113296662927694 0.0249018559003228
-0.235536304548469 0.162937670127169 0.00206248774655977 0.0314084403577955
-0.180114189035394 0.235957072940499 -0.0376070298147613 0.0643947736428381
-0.135334406318819 0.239563112073174 -0.0649824225335374 0.0844246508168501
-0.156250040136906 0.257135867730603 -0.0907022464770805 0.070254895598171
-0.240888494943863 0.194077660879729 -0.128674371889108 0.0700133867970163
-0.286748102250332 0.0990608782861782 -0.170347831305139 0.0414833333548021
-0.291034575837591 -0.0674298640126592 -0.179756992195002 -0.0303431977281078
-0.230838458458488 -0.114686352408839 -0.145614611687385 -0.111330789673135
-0.180820876161859 -0.161040906449796 -0.0629341623525115 -0.0960168003634698
-0.23347357369554 -0.21776438295954 -0.0204194119321634 0.080532947798913
-0.265762789637177 -0.121652415324062 0.152997167999538 0.218316078106594
-0.204430006319432 -0.0528161639681263 0.0629725086611476 0.373654549849029
-0.176353065309573 -0.0359511784925604 0.179429676106002 0.341182617203584
-0.167556696242344 -0.039516821040965 0.196464206851726 0.150972791984954
-0.190104032597451 0.0385226473852967 0.0594954143854749 0.022861634233325
-0.167198671718589 0.119424705117868 -0.0703962949815248 0.0660032216903041
-0.131497032206274 0.178534420273655 -0.0988757396211692 0.130652565320816
-0.0990836401232142 0.186152678869637 -0.109418487820755 0.16295850859583
-0.116919583204842 0.201357794750304 -0.139496133264471 0.151734541768063
-0.189499095073748 0.155125691470819 -0.187902757988875 0.128702108568288
-0.229707000903253 0.0785718306728984 -0.227064835727354 0.0565645204010626
-0.234890319025741 -0.065685647209198 -0.18520017736967 -0.0375949578249524
-0.180908939898911 -0.112957024231496 -0.100695292794548 -0.0853913192182663
-0.128916962212064 -0.148938214594287 -0.00863604739515105 -0.0259429026691789
-0.168351512675306 -0.178436543451815 0.0389083450960667 0.158931552289127
-0.163753431307294 -0.0444920624539458 0.207968899807677 0.231877829548393
-0.12524365270314 -0.00906300291594925 0.0745125630022438 0.372008644947753
-0.102674385331432 0.00255768769447368 0.159463344745348 0.350395116554872
-0.085302230924801 -0.00752461835802725 0.186717375836513 0.151014145089185
-0.0917235464651154 0.029646123632002 0.0240462338264058 0.0195558539781925
-0.0795647934908236 0.0714863014345593 -0.116168861625734 0.0866358659165089
-0.0639503537875566 0.100500997986323 -0.139501151355977 0.173851921469979
-0.0479984906429519 0.105468138462442 -0.136461003326409 0.215758381075446
-0.0585409504261523 0.113247709180501 -0.172259624889326 0.209014849929342
-0.106015936938631 0.0906426533035839 -0.229617139725573 0.164782329724958
-0.12901199645802 0.0433936213226874 -0.269403473829781 0.0586333691475154
-0.127799483923083 -0.046881923454109 -0.188622683407518 -0.0506869575307645
-0.0951334966052769 -0.0716827376666652 -0.0677170974149842 -0.069289371835435
-0.0663337980915563 -0.091382978336647 0.0317332255261573 0.0232509261736679
-0.0896207558759988 -0.105255498259721 0.0812253857500215 0.212934095240377
0.0229132124191414 -0.018688859681505 -0.167893185149893 -0.218150238002518
0.0165874340945163 -0.0318860420568727 -0.105423889459177 -0.0564047798628232
0.00136216241461837 -0.00690245954661075 0.0325243660025494 0.0741072200650992
-0.0112689080831266 -0.0100940261153129 0.185776924472599 0.0983758093268851
-0.0181918353595783 0.0056067207916958 0.322785290659548 -0.038390351178701
-0.00836155322675099 0.00518279363165233 0.288293070585594 -0.205100103935576
-0.000234218718492024 -0.00309296022030128 0.192036631895388 -0.271905119010063
-0.00498138844355335 -0.0111414186348695 0.131793639919394 -0.266794369578226
-0.00395489095612609 -0.0144701337617601 0.128048121437751 -0.220514084199566
0.00384348427889686 -0.0143533104441242 0.103093960369833 -0.132447582581276
0.00679588707091585 -0.00624489593244025 -0.00496808471797771 -0.0359662787002424
0.000863911153721142 0.000221616915207739 -0.172841474814509 -0.116529448508272
0.00358876879696021 -0.00257114245695345 -0.187587918100527 -0.317828093147924
0.0167494854923597 -0.0122616728118101 -0.118816877628925 -0.354310520114287
0.0320096765924743 0.00431210550824169 -0.254290104240915 -0.225479964821915
-0.0876945322610466 -0.107898154738114 -0.156287797650969 -0.173814092865843
-0.0576770937914783 -0.12075644171908 -0.0983103985868299 -0.0173085613114563
-0.109686365395041 -0.0963875087558467 0.04630968461017 0.107467997461757
-0.155984961617683 -0.0548928930921207 0.192648364710498 0.123201753200863
-0.155998790178316 0.050416528297655 0.331354368801583 -0.0295599742252121
-0.107708071603513 0.0958409993726246 0.285424338076263 -0.192003390720361
-0.0720940383646545 0.110347142910055 0.184958449690592 -0.254362279792316
-0.0557928341528955 0.0941522556455633 0.117407585541466 -0.248745399781326
-0.065125594944693 0.0866223224562477 0.111682983349178 -0.212372149099889
-0.0860308792578277 0.0450947340407346 0.0895344595385276 -0.126373102947751
-0.0802045732944501 0.0107710462883723 -0.00741529431557353 -0.0262901238575363
-0.0714507622657074 -0.0122298022109501 -0.178145671316038 -0.095405798757893
-0.0740107326255384 -0.00206326091614979 -0.213783826401458 -0.29636552959671
-0.0882147615613939 -0.0371433476860859 -0.145771650493929 -0.33534709686941
-0.104819868186354 -0.0700398024890873 -0.260950096567422 -0.198185023062462
-0.193230212029082 -0.174879647349669 -0.121792239266598 -0.0917637712083648
-0.131794824185378 -0.179200833891206 -0.0676170379147556 0.0660396332121252
-0.20613029235086 -0.159207488401881 0.0821943396988505 0.153137400048431
-0.277378486233715 -0.0872888240645806 0.201415659326457 0.139340687159683
-0.272822979336209 0.0871108466472159 0.310175095080686 -0.0178935717031353
-0.192930860666142 0.171083619948213 0.248948048697028 -0.153444487746072
-0.132938275196652 0.20622633706567 0.153418398742546 -0.200815450186808
-0.0980814769309275 0.186249989320316 0.0858254084960789 -0.193710167296708
-0.114398729092142 0.181072937852348 0.0741944488709247 -0.176207509470495
-0.165514224797269 0.112031244595987 0.0540529873944047 -0.104918889791721
-0.167895893473361 0.0393207846058284 -0.024656264988335 -0.0149901045187012
-0.150520066209794 -0.0254951494455555 -0.182382961227232 -0.0660169059793267
-0.142355262090608 -0.0116691349202354 -0.239605009701053 -0.251065803955731
-0.168624294676345 -0.0613280872588992 -0.167150463103708 -0.300718808081645
-0.216499163519619 -0.132811426806326 -0.231213279779332 -0.148296933947937
-0.283561338524323 -0.2043430909328 -0.0645294909914702 0.00832550085595275
-0.19886307234519 -0.18552652836512 -0.0173072187140783 0.175108645997018
-0.267010996225912 -0.17186454428154 0.137114295234597 0.205165399738042
-0.343536714172428 -0.0966593800431117 0.210918406661084 0.14380577570026
-0.341040279627967 0.107302000579798 0.259421745992075 -0.00418256927422531
-0.2479242973418 0.21586329221648 0.181398549167206 -0.093636455466033
-0.17189746610729 0.268392100513092 0.100588701814628 -0.117687353738191
-0.124762400156388 0.25077661956681 0.0405239824341973 -0.109352024873764
-0.145105765669357 0.253896938659583 0.0216715879091204 -0.110198743652605
-0.223290009038887 0.176541681538649 -0.000366400473306945 -0.0616531210717041
-0.245918043738629 0.0791833908849066 -0.0600104786366359 0.00114353885456483
-0.23355008909414 -0.0375434502693583 -0.183137791306651 -0.0401991163749309
-0.202626381186307 -0.0375724268862299 -0.240712708772198 -0.194139058910637
-0.214533626168669 -0.0914633735781515 -0.166398303240418 -0.244001178076521
-0.283166581314402 -0.178937838051667 -0.170926960903753 -0.0795719138816189
-0.339156649748297 -0.195957948731799 0.0122380135055858 0.102583126707812
-0.243016220887821 -0.148004930446888 0.0346831310236178 0.280015880708706
-0.277581975122701 -0.137732082842802 0.189228197989898 0.25874842867864
-0.336376225117408 -0.0883680078315933 0.217035502206597 0.142454587588542
-0.34549856984881 0.0992946111913735 0.188743657416112 0.0115981492723293
-0.261818507690991 0.219916157117899 0.0938192903549661 -0.0245307500630043
-0.18323513703135 0.285840950423855 0.034064033695524 -0.0208321779179075
-0.131775020046564 0.276608639409832 -0.0110601052586785 -0.00768730069153039
-0.151987802129039 0.29036771851693 -0.036432643887269 -0.0194991143592508
-0.245341157756208 0.221328874611644 -0.0649031173141483 0.00513852571142587
-0.291696387899502 0.116406118030747 -0.11344911404099 0.0264943766808109
-0.297275290646113 -0.0402729496799492 -0.184108688964019 -0.0233191912491486
-0.244473369837887 -0.0709728888504478 -0.210746598368242 -0.140704597834186
-0.225591229589441 -0.125558529173173 -0.132145669424571 -0.170556369261754
-0.298136925383491 -0.203232942066007 -0.0934482037506781 0.00137553635744227
-0.344379477088524 -0.158160753258811 0.0971332313935082 0.172927517800263
-0.25361028861873 -0.0883736383573421 0.0724463163240317 0.353161736735697
-0.24561782832098 -0.0760649404011576 0.218392692371366 0.307157835431225
-0.268711958603348 -0.06148807709889 0.221063137353531 0.140174777429012
-0.28733874793241 0.0776884866378509 0.118691320680903 0.0188770595287064
-0.229351542204476 0.188979919580323 0.00605595113451581 0.0349440909966933
-0.163825410535391 0.257969115892561 -0.0347767763300194 0.0706978798382932
-0.117729662912642 0.258036140767097 -0.0597254203959179 0.0923966472025231
-0.13767450858291 0.277691701298629 -0.0897238597032863 0.0789338402740928
-0.231912352144549 0.222664307607046 -0.128371560428795 0.0813175718055576
-0.288253550531881 0.125774844951582 -0.173583513010497 0.0544119199193206
-0.308060499685277 -0.0450868106076935 -0.188918341754299 -0.0205827138382161
-0.246572933980668 -0.0985219222015101 -0.160710279333154 -0.105318107660487
-0.200675771220427 -0.150741881805836 -0.0711176492145694 -0.0947325194050904
-0.262305151559452 -0.202907091837252 -0.0130279163725911 0.0853991636370631
-0.287829539482749 -0.100703602424721 0.176001587882681 0.213240720407622
-0.216264444370108 -0.037013098614277 0.092788520221255 0.383699962031785
-0.185520640265827 -0.0215310354803354 0.213711615116317 0.341606963866896
-0.178001125004171 -0.028567456712641 0.216272786561492 0.142360905494698
-0.19298836366934 0.0543665960524162 0.0637190889682746 0.0208261507180088
-0.162324911224903 0.137318385146857 -0.0661904138250194 0.0771077187659679
-0.118874271393275 0.19547036902322 -0.092479800222336 0.143119807862917
-0.0856745491181098 0.199959624533329 -0.0990586606610133 0.176766842975679
-0.10208236358593 0.218439720236796 -0.132877982936269 0.166059116035866
-0.182739403788244 0.178532786268685 -0.184188537248104 0.146731397798063
-0.230990024656412 0.100027092482353 -0.231582163093122 0.0749205908823876
-0.250509309805362 -0.0480860468896578 -0.195148071659052 -0.028258157034618
-0.195315664493349 -0.101774614681118 -0.111521619468132 -0.0831801837419267
-0.14561139818255 -0.14207866008211 -0.00848558676002967 -0.0272242025907568
-0.191373051024634 -0.169221905871668 0.0555075746496293 0.160882811344832
-0.175083032652528 -0.0308718969726808 0.234184349997492 0.223246004398378
-0.130671543968459 0.000667737719567425 0.104578946122776 0.381115607597927
-0.105941557498672 0.0113547957883271 0.193358523504782 0.352894527667657
-0.0901023226934197 -0.00154877019073219 0.207345253110504 0.14285653312009
-0.0925662139039207 0.037882029313772 0.0275048969232294 0.0201292185578289
-0.075894973703704 0.0802957143101194 -0.111803215130096 0.101122429937746
-0.0567693326406892 0.109645028232715 -0.129289032250538 0.191262576000295
-0.0400691104613638 0.112935813880975 -0.123831263202385 0.23279735236871
-0.0493904956295428 0.121849902938945 -0.161679676594425 0.227677443346791
-0.101776761472691 0.104782418215082 -0.224483979762173 0.18645760568258
-0.129975500268999 0.0560492476293829 -0.275914996604852 0.0811053548523563
-0.137901182283065 -0.0372835848134029 -0.200398087320004 -0.0420899153825023
-0.103408391121436 -0.0659431224995729 -0.0753634572030267 -0.0706549511183256
-0.0759587351453174 -0.0888038377826803 0.0369544378378983 0.0198337166776944
-0.102853822714957 -0.100822836930584 0.104417185339222 0.213654296591159
0.0131169090086918 -0.024671610706406 -0.205694780057979 -0.180731008823942
0.00431198677693998 -0.0339516845082039 -0.116397677673218 -0.0328679278650091
0.000955693050582654 -0.00751717794842447 0.043442618592793 0.0728221924645156
-0.00888244710484229 -0.00893139892867808 0.205081526768055 0.069284203559851
-0.0106827396673377 0.0053240230596865 0.315611196592787 -0.0981114475076197
-0.00444350980724163 -0.00237925767855173 0.2449102974153 -0.254381796810691
-0.00211199250361242 -0.00937309267097342 0.138785466376645 -0.303462149200129
-0.00909207832439243 -0.0148790550165668 0.0820533733641246 -0.286141036560836
-0.00931838401460083 -0.017643046122926 0.0899319383690601 -0.239729755131101
-0.000474331447017456 -0.0177009870157421 0.0813472097495429 -0.148741029541657
0.0059615984425624 -0.00800802280348609 -0.0112010993329149 -0.0341768716060519
0.00112585932359854 0.00298017931928068 -0.191924445091358 -0.089350624603292
0.00083900748991065 0.00197438886317428 -0.240335996325837 -0.291743416449655
0.0120451665256572 -0.0104949616617785 -0.174019032398067 -0.340314109708556
0.0325769509037336 0.00187207700095993 -0.28968802710561 -0.184602890926264
-0.116163984461153 -0.087304153926622 -0.179632409197124 -0.14134193560992
-0.0866657607009665 -0.105340071194126 -0.097430155916159 0.00267855385116109
-0.127063722612596 -0.0730798534064742 0.0694749199827507 0.0989311648005619
-0.162780160399151 -0.0217785858249109 0.222904339632316 0.0869370692414974
-0.13777914647531 0.0767184715959982 0.325607245735254 -0.0973039020640117
-0.0849705600402166 0.106313088012195 0.24349771424727 -0.245569692280411
-0.0494455440170288 0.119899371122673 0.135492685267757 -0.290387834159215
-0.0400444610093309 0.097608322663154 0.0699245726977092 -0.266934970640672
-0.0496905770241171 0.0945196117883817 0.0745648617083658 -0.229997256701749
-0.0786563290860294 0.059273112976487 0.0691961436701301 -0.141998319622507
-0.0763479808701463 0.0244435358562811 -0.0107133634670506 -0.0257483059059977
-0.0730704203656058 0.00481680189623457 -0.19210938156693 -0.0675832789152542
-0.0744786686826327 0.0179531839998703 -0.261609867559823 -0.264044595149325
-0.0960951774732966 -0.0162901405886405 -0.198932888270158 -0.313913231826821
-0.119013687594029 -0.0483773565471939 -0.290987017718097 -0.152725500068987
-0.233904604759083 -0.129274121556844 -0.125105883573235 -0.0701799367772277
-0.169643886248121 -0.145952680895588 -0.0466126813312815 0.0771849309185689
-0.234971793756356 -0.114824950222738 0.120236758658131 0.133904954501004
-0.28991469921603 -0.027888215856077 0.239114874965677 0.0958932585995495
-0.246112886462326 0.136054997181259 0.30519743014964 -0.0863808896585324
-0.155092404533682 0.19798932613797 0.213089270373734 -0.203759849440796
-0.0900478544484412 0.230333805907259 0.115508444803407 -0.235520467637654
-0.0646578997755842 0.196559241412414 0.047539601877403 -0.207146354612835
-0.079891959646488 0.198599967894257 0.0419223408294148 -0.188499276713406
-0.145029112724557 0.142012777192184 0.0377762097635225 -0.117226291596009
-0.15886163387847 0.0685621000922035 -0.0244294490199636 -0.0131334474422559
-0.154288453218867 0.00596449297457611 -0.189492754407495 -0.0371305342438905
-0.142763806865709 0.0208692099876247 -0.279447196454964 -0.212595303774388
-0.180488788642278 -0.0248304025838346 -0.214948366423308 -0.272618113123535
-0.243477331655731 -0.0912614197528617 -0.25231624121613 -0.10363675747323
-0.327979723163263 -0.136577081370199 -0.0461409501590123 0.0146668065024334
-0.234334099781589 -0.1358539052731 0.025191601685018 0.172503506377625
-0.296072988340861 -0.113028013779474 0.186575780396135 0.170797281210724
-0.357681546051129 -0.0231360710013317 0.251209169186946 0.0948445960863072
-0.310575943594864 0.168638439674911 0.255986708830841 -0.0660376398255452
-0.200434764530652 0.255171995055576 0.157128565387755 -0.133884734617694
-0.115146896410862 0.30198591897335 0.0792221419201821 -0.146009184341788
-0.0786438717368429 0.265896720724165 0.0171355592802121 -0.11694504881781
-0.0960665171092757 0.278060361239195 -0.000489121214914473 -0.114963978106379
-0.189304943279972 0.218972648650324 -0.00953383565052264 -0.0674608638565925
-0.228548498838473 0.122944400031443 -0.0570007243979556 0.00608462070809489
-0.240191321816981 0.0104882750607521 -0.184036439081325 -0.0122974005804521
-0.205880610878241 0.00603269930421288 -0.269208979049114 -0.153062454624949
-0.231370798112302 -0.0471790035092926 -0.205630682135319 -0.213322308347439
-0.318645177623088 -0.125866709480494 -0.182631155252723 -0.0423307585282456
-0.379245551596622 -0.116713440228009 0.0482114575015022 0.0903974382438364
-0.266608869471866 -0.0880076029886413 0.0958110036823732 0.264261434663361
-0.297458675103131 -0.0763542331410335 0.247810912806242 0.212239779333047
-0.347246579461604 -0.0171621842529722 0.256038584911413 0.0914834969519633
-0.317806876277796 0.163346640035271 0.18890083045276 -0.037596732993615
-0.214389761208998 0.264520358064665 0.0847474859423817 -0.0501348043926293
-0.12294727289934 0.323687101387368 0.0315406547218493 -0.0386908186775573
-0.0792179236879425 0.294138638875173 -0.0158591225076056 -0.00804627706908612
-0.0943838552314192 0.318333806024814 -0.0434810261122311 -0.0157380049724542
-0.202027973270377 0.269819689650024 -0.063628943644912 0.00847675381984713
-0.266222589544205 0.170700642778193 -0.105768781510962 0.0385594039717803
-0.305503570612796 0.020460382926182 -0.180620859078955 0.00313704199174191
-0.253504734961681 -0.0208927212087082 -0.229074387786228 -0.103606095008642
-0.247847026577206 -0.0809589036151693 -0.159899186677972 -0.142899461588396
-0.337517595899422 -0.148314621109856 -0.0923422766226673 0.0270624843724468
-0.372995632140726 -0.0784942910622917 0.142685476056811 0.142069542398181
-0.262721562249627 -0.0264728012528246 0.144699600501984 0.328302467061723
-0.25180676560983 -0.0214525281890303 0.282124003094845 0.254158205129517
-0.274814524635231 -0.00418458709229887 0.256189922996496 0.0890120945153793
-0.264967518256021 0.13100670742613 0.121417166826878 -0.0143151730403237
-0.189443885261768 0.230243480720734 0.00986230211811557 0.026504752008263
-0.109159323182594 0.294472822674306 -0.0190359047490766 0.065771584716259
-0.0687438011941553 0.275457243504876 -0.0454896434769083 0.0989901439527913
-0.0811463797060873 0.304463452271191 -0.0800897931538941 0.0907157656040613
-0.186629112815851 0.27087261079186 -0.114643028342162 0.0946583891362821
-0.26087039809007 0.180316000913152 -0.16185431288686 0.0751681718048251
-0.317899994463967 0.0173738166651737 -0.185067721721716 0.00522543851988629
-0.260789102117907 -0.0501031887808316 -0.173284049055059 -0.0762828217591852
-0.227512181918546 -0.111790230532279 -0.0863080424072705 -0.0781674253351951
-0.300333224842047 -0.155602817739369 0.000610817791952998 0.0968730966250486
-0.303451097546112 -0.0341673142977406 0.224213055551415 0.167378900192685
-0.21411791354559 0.0165621516905483 0.167215486699112 0.355431152653784
-0.180525248388849 0.0210331807415546 0.28170943075446 0.291658099257058
-0.178489134870877 0.00922867389367877 0.249123046984974 0.0945368778132679
-0.178375241706992 0.0899240052534038 0.0682867232746766 0.000932572952055336
-0.1339134400084 0.168423410176732 -0.0513686217089174 0.0832265769315441
-0.0774419641774161 0.22255815031649 -0.0628960172990305 0.15181153497936
-0.0471465046217897 0.214422718185719 -0.0690111743724398 0.189938170338359
-0.0574084558817665 0.239953671229208 -0.107478063410146 0.185098790834235
-0.14463791979095 0.217529481341683 -0.160768143052304 0.170706968547727
-0.209506055316725 0.145462505296547 -0.217570101815 0.106262406870673
-0.261969176029962 0.00349694722692444 -0.194868653204123 -0.00127840271860426
-0.21090525740696 -0.0630643244154297 -0.121607853730616 -0.0637178749804415
-0.171109425277919 -0.11475054211181 -0.0130794872706438 -0.0220011033137218
-0.222335851769362 -0.134995738929905 0.0808597786966383 0.159355643135159
-0.173611429257152 0.00969793997079381 0.277627209854986 0.169297647825556
-0.120637309126537 0.0341897236824096 0.174583984349271 0.353410319214035
-0.0959687448014643 0.0375014051646044 0.261135394106684 0.310229052974263
-0.0857643439720721 0.0183121201483739 0.237877572132282 0.0992338889109053
-0.083267210241388 0.0549440636584517 0.0319981393377838 0.0107797276605863
-0.0603172987017669 0.0972040818883187 -0.0907461948638616 0.118369931585487
-0.0325528494279097 0.125488787897884 -0.092208086984027 0.208939303754019
-0.0172043056179435 0.12204409249301 -0.0815400898300703 0.250017583884887
-0.0233221790946374 0.135084491917773 -0.125458373031815 0.251403646957172
-0.0780089063705014 0.128244368253882 -0.194931208411651 0.219344664894386
-0.116857302305851 0.0835295926440979 -0.261814342032811 0.120580287633843
-0.147328289660905 -0.00675221262956462 -0.205344525194806 -0.0138494962558248
-0.11476148553411 -0.0451424317076636 -0.0843956718325475 -0.0593125274115622
-0.0918697017150303 -0.0752736502368816 0.0407498669409845 0.015022861819969
-0.120199039675062 -0.0838600395781394 0.137973589566952 0.200048356180344
0.0109004062356685 -0.0255253204790987 -0.215429740579351 -0.165742397912075
0.000475768437851318 -0.0326597189556093 -0.119655795654903 -0.0236241485264061
-5.4627211181088E-05 -0.00815081467887995 0.0437517709931327 0.0759132861003768
-0.00966415379206313 -0.00898544019997569 0.209772381756448 0.0626428983614003
-0.00992713511161198 0.00666601436688369 0.308149499453965 -0.113221912206242
-0.00581211042388278 -0.0017132107651181 0.226494794659183 -0.264054984513665
-0.00314320080629795 -0.0105933555411846 0.117766629360841 -0.307315283424865
-0.0109564134082697 -0.0144080302547513 0.0650933937890412 -0.287604693571768
-0.011362933691096 -0.0173131120130311 0.0732549189990113 -0.241917633624122
-0.00194165818257446 -0.0185937932437004 0.0697348686087564 -0.151594227783976
0.00617872975730512 -0.00932553844726106 -0.0134256490954309 -0.0330360564144665
0.00188596113835128 0.00317642991708411 -0.19582487907799 -0.0766334783130151
0.00121722718704745 0.00222134097303973 -0.256858661848718 -0.27809566971202
0.011726661869721 -0.0111264954096373 -0.190774211692437 -0.330294653245041
0.0334300978464959 -1.33884359393814E-05 -0.298509085790826 -0.164325724883647
-0.121328242959392 -0.0771584015434542 -0.186159303211963 -0.128807515239985
-0.0935462775957863 -0.0974410507030722 -0.0987934750953735 0.010143712740675
-0.130907496449643 -0.0649385905385239 0.0714369645474685 0.100534401726958
-0.16358120827192 -0.0125876371470463 0.228106756317167 0.0790924835964664
-0.131358566268843 0.085142710088143 0.31739336349458 -0.112410787856276
-0.0780194233943328 0.111099914184327 0.225867994201271 -0.25597318244011
-0.0405497850273307 0.120173979700781 0.114661953408259 -0.294478693373547
-0.0344684596920383 0.0982998172852987 0.0541874349826027 -0.267716544648257
-0.0436761934660407 0.0951284145997871 0.0585411092177953 -0.231016942980408
-0.0740136689207733 0.0624961593699345 0.0589663331526436 -0.144531874926123
-0.0738776561054143 0.0267328914733463 -0.0123166063615711 -0.0244273672685077
-0.0703353878613183 0.00885122900807825 -0.194761387138455 -0.0543725117223816
-0.0712566653266408 0.0227328599378251 -0.276680296069445 -0.24742132716608
-0.0974907945336822 -0.00906431990006694 -0.212944930485535 -0.30176102094822
-0.120720152368599 -0.03925061772529 -0.297666539201632 -0.131703670212688
-0.241406949574516 -0.109287754655156 -0.127334403919468 -0.0612397384874388
-0.17858450046434 -0.133039289279866 -0.0443942745004988 0.0809779239709326
-0.239276657834206 -0.0999737422786408 0.123592596368043 0.131386084384349
-0.290509904287496 -0.0108472812275394 0.244327323055108 0.0878097426157792
-0.23537570589412 0.15055010124462 0.298208057361485 -0.100848485221657
-0.1413838631325 0.20726756915118 0.199037674472797 -0.212113838492837
-0.0727813781491399 0.231817591714162 0.0977839284200837 -0.23821807319062
-0.0518516264756262 0.197898228569371 0.0352854203417191 -0.20720201471783
-0.066458104634325 0.198730919313165 0.0284235716429062 -0.188396160198097
-0.13353125300849 0.148232410513645 0.0285177342188053 -0.118450839685938
-0.152817613410835 0.0750221450357726 -0.0247734105075679 -0.0120496443403376
-0.150569073060013 0.01567367700778 -0.18992031959654 -0.0255925555692479
-0.137716776058592 0.0306846087385967 -0.291015823176204 -0.193784741106068
-0.18141575014827 -0.0125407583434929 -0.227540861559185 -0.258500399426511
-0.24702829055761 -0.0730983507949048 -0.256088975387309 -0.0861810295041937
-0.334747236391406 -0.110084061635585 -0.0432681666567167 0.0174192565520126
-0.241597400656437 -0.118987322604673 0.0334474617049123 0.170678068738583
-0.299663351237018 -0.0933510475006295 0.191764337429813 0.163100197609592
-0.357976046422919 -0.00138644046654358 0.255494785501903 0.0854085177243915
-0.29762909692088 0.186240061497158 0.250444624600131 -0.0763574224449506
-0.182446054110486 0.26600534190928 0.148807213335444 -0.139722945562484
-0.092690542090782 0.304588362899552 0.0671972364430414 -0.147372636541758
-0.0605764359968684 0.267201759755306 0.0112224271039459 -0.116024615239819
-0.0761062503091728 0.278406005333704 -0.00919245406666845 -0.112528340982469
-0.171941276989867 0.228671105649294 -0.0148988069765336 -0.0670361004456352
-0.218566405458803 0.133516391484148 -0.0555471538645513 0.00773458224581404
-0.236074107369669 0.0257104865820699 -0.182738257103174 -0.00249662874278788
-0.20021309466498 0.0194043315655125 -0.277325257461572 -0.135119422505296
-0.23205752028908 -0.0311235481690657 -0.214024330669001 -0.199941521380568
-0.324820114472346 -0.101327113010653 -0.182996034088525 -0.0295934301588044
-0.384891876727874 -0.0864784890075546 0.0543423480593993 0.0864669652141666
-0.270358142048684 -0.0691732714735995 0.108255789881763 0.257638549500863
-0.298038433650839 -0.0562591273076722 0.255911199763293 0.199925067204536
-0.347758156094111 0.0032803120979726 0.260237176106365 0.080648151124878
-0.304800203466739 0.180318299814569 0.185780228287737 -0.0449618011286501
-0.195194267837851 0.275487671246627 0.0828280003601948 -0.0524749665634379
-0.0985139788160583 0.326160527254761 0.0271334468659982 -0.038203309032922
-0.0592738030168134 0.295133245370409 -0.0146088453086807 -0.00679179362782063
-0.0719846330154601 0.317557985166686 -0.0461010958607517 -0.012638203510015
-0.1807672156441 0.280502370953614 -0.063639738120777 0.0111649897117924
-0.253429453487227 0.183763684222321 -0.102429121562431 0.0421502821557427
-0.300767102409832 0.0394345268965593 -0.179241952331956 0.0114748419431847
-0.248512941410906 -0.00488130396343889 -0.233969374124918 -0.0886815155715252
-0.250623097251818 -0.0634803852746533 -0.164386360747511 -0.133326077055521
-0.344494813443943 -0.122087604417398 -0.0886293345809652 0.0332309356948832
-0.376766901640599 -0.0494203310589202 0.151573667021586 0.131996815286692
-0.261586608750211 -0.00863866359420754 0.16088275088733 0.317641324991507
-0.249285064521277 -0.00399343388035556 0.293965623292263 0.23925126846423
-0.274636171071691 0.0127475560453675 0.260820778678045 0.0768834017829805
-0.25464915641506 0.144238692007789 0.119927182880321 -0.0192082748625225
-0.172784674065277 0.239560419425704 0.0138994434157901 0.0275776228001609
-0.0869364102308498 0.295916655832601 -0.01630983925807 0.0682258005304209
-0.049828897666072 0.275316859981621 -0.0380567411061063 0.10112370734509
-0.0595410259415923 0.304451318116464 -0.0754318847003854 0.0945277023976081
-0.165810822635016 0.2807910968602 -0.109250767784237 0.0993175614704095
-0.247470682158302 0.194417386955835 -0.156677384829871 0.0823102789525556
-0.314190479998576 0.0384102227585758 -0.183704134273246 0.0130268365113336
-0.258514608361142 -0.033706158241655 -0.176447337148494 -0.0664667436122877
-0.232391842234305 -0.0960263888832609 -0.0873504475687702 -0.0729721799309055
-0.308707305802395 -0.131650477944663 0.00838599209569477 0.0957891324196279
-0.303499674251562 -0.0111620808950338 0.232980227068013 0.151835039244486
-0.211237401148515 0.0301523586567157 0.184219518878715 0.344686200687346
-0.176251452168007 0.0337382958931079 0.296079352784519 0.275693142719191
-0.177126400594451 0.0207524689003926 0.25438785827485 0.0811291957491053
-0.171308501530374 0.09898550262175 0.0684513858640343 -0.00131242631560743
-0.122378776368859 0.174493147534492 -0.0434716894532158 0.0866512979842238
-0.0601098207967959 0.224346396246703 -0.0537303808955754 0.154963371675155
-0.0319044063234347 0.214833157508918 -0.0566498180644533 0.192076104145767
-0.0398459659268645 0.23901738472202 -0.0967664840083638 0.188778959287287
-0.12774777099066 0.226307971287602 -0.14920417903835 0.176546014193846
-0.197966943499 0.157115390895549 -0.210339656011812 0.116118387366699
-0.260420605383919 0.0215830435950362 -0.194836468922279 0.00698262566311413
-0.21144664302913 -0.0497659608342051 -0.123902557628772 -0.0583282553789091
-0.176911982073029 -0.102871505832138 -0.0116488862206631 -0.0224304307439209
-0.229285515945874 -0.117986041095056 0.0919113371812292 0.152122821987408
-0.172196693276849 0.0225049439922491 0.285475763522734 0.14993949048749
-0.118081919911327 0.0412241316918008 0.19147447411795 0.342437504936184
-0.0917929875894125 0.0436766870580493 0.277809141140446 0.295395682736297
-0.08561947901025 0.0237878550994715 0.244718005036196 0.0853649680662203
-0.0793337138832717 0.0587869879398622 0.034408174623508 0.00927431171818877
-0.0531737917937497 0.0991770065283748 -0.0799773756260217 0.12373971807843
-0.0229866895531003 0.125563016614252 -0.0782681334304166 0.213238266759186
-0.00877475014891119 0.121385534992598 -0.0657771057356608 0.251916253342914
-0.0132493177190087 0.13430765786414 -0.109581497639339 0.255132092472386
-0.0671807376871646 0.1331855245271 -0.180144996331196 0.226614516733012
-0.110866098877352 0.0908781337326706 -0.253971855365837 0.132989087162906
-0.147496121020068 0.00385676199697176 -0.206102551814408 -0.00586952367059689
-0.115895829206739 -0.0374632880064374 -0.0871566171049539 -0.0570222756303094
-0.0956476851648642 -0.0684639862780429 0.0438697939852944 0.0109022596016544
-0.124786479204857 -0.0749982208594117 0.15043592923205 0.188578739649041
0.00982351237350511 -0.0259078984459701 -0.220374971416284 -0.156095041695035
-0.00144381727204603 -0.0306794228544169 -0.122977787550097 -0.0174638977545215
-0.00136715129552285 -0.00814936402184624 0.0442500847639634 0.0808949139844632
-0.0105711148062394 -0.00951578117061468 0.213688637576156 0.0609544659384827
-0.00917991986613794 0.00778892045165628 0.306227784772157 -0.120288166227025
-0.00644246467028127 -0.000854569924908143 0.21616326427401 -0.269451798080914
-0.00439966592857718 -0.0114410284312538 0.105123822014264 -0.308354554312426
-0.0118797734663722 -0.0139089496692627 0.0547133896377548 -0.28751802258785
-0.0128340057080531 -0.0173172607219 0.064097140730424 -0.24192218120125
-0.00275149939441576 -0.0195512787432264 0.0630183730905654 -0.153018203447058
0.00678894516871614 -0.0104339895110855 -0.0147544611536162 -0.0318394421067978
0.00247380032351634 0.0030849443775952 -0.197911471828253 -0.0697413190848782
0.00202844612698198 0.00230400039996251 -0.266187080502863 -0.271518386178855
0.0114308982869664 -0.0118550698027569 -0.197980708593672 -0.325261915566647
0.0343230039956541 -0.00138924520114368 -0.302396176263714 -0.151526224273359
-0.123693346524044 -0.0704951917600127 -0.189879913045035 -0.121308923551153
-0.0973920513428205 -0.0919975324168611 -0.101325812959372 0.0149103812503113
-0.132503350613604 -0.0601833498630371 0.0717442366154183 0.104534937391762
-0.165596916434264 -0.00736480982993674 0.232551473652721 0.078201151264953
-0.127819411788674 0.0900260965137862 0.314583593988062 -0.119757027407391
-0.0741668570616368 0.114975742193572 0.216574246631859 -0.260322723430301
-0.0357051652839785 0.118933873573105 0.102242341794973 -0.294543923995595
-0.0302845882754633 0.099146938443423 0.0456213476755342 -0.267942284209442
-0.0401042124452402 0.094600944105726 0.0498829138796403 -0.231087549799115
-0.0707419091254325 0.0639844422690628 0.0521293298300333 -0.145287972468473
-0.0722240647728824 0.0272527992334999 -0.0127806205593024 -0.0238978217339963
-0.0680615732632954 0.0121540240512747 -0.196078040574243 -0.0477486131068015
-0.0683502656666683 0.0258684370717795 -0.285547697002502 -0.23875155322826
-0.0975109829759492 -0.00533878075574093 -0.21935832503166 -0.296262296690614
-0.120881477006182 -0.0337375807265924 -0.300166582954246 -0.119260129628921
-0.244415275864389 -0.0959818766476113 -0.127627195924756 -0.0563454864663469
-0.183360745935048 -0.124118238809763 -0.0442469008179217 0.0838246129277438
-0.241091183728782 -0.0904180333024393 0.12458564774728 0.133152220769115
-0.291700772993431 -0.00111031303951858 0.248667765355046 0.0856616697429782
-0.228983700253217 0.158104528154188 0.29521283561895 -0.107107551499594
-0.132759005443298 0.212524193339805 0.192030493424292 -0.216334219859801
-0.0627129113800362 0.230975308097832 0.0858809733560097 -0.237521803650131
-0.0439912711190674 0.197903619531856 0.0285797010808838 -0.207440885005797
-0.0586768617662208 0.197803241434606 0.0211137480618918 -0.187184304897982
-0.126835108154974 0.151710096169115 0.0239659054843813 -0.118742751329924
-0.148814163039607 0.0782728093667981 -0.0251057892548907 -0.011733656109989
-0.147260882454305 0.0209590714744762 -0.190215204137826 -0.019611076005717
-0.132936701631077 0.0361697741802796 -0.298261231052823 -0.184375953338443
-0.181491021414306 -0.00474671608038895 -0.233202675727965 -0.2521508212262
-0.250105080570388 -0.0614053795611644 -0.257289429536836 -0.0752714014457852
-0.337648918548367 -0.092531620488638 -0.0410408178051995 0.0186536290068355
-0.245244751166834 -0.108071218711771 0.0359150223467355 0.170602542578299
-0.300695939259631 -0.0818331039633861 0.193830807821374 0.162258095003436
-0.359287191888687 0.0110919125791097 0.259771090883323 0.0828817679197845
-0.289733543625741 0.195771003295044 0.248045326238363 -0.0808487509430524
-0.171011600335465 0.273120523962365 0.145228471107057 -0.142034118634997
-0.0783905578216152 0.303968348628992 0.0592611014274714 -0.145977164768598
-0.0500732567726887 0.267306850500076 0.00839531677164754 -0.115370128065529
-0.064708522269316 0.27719417823248 -0.0142555739314551 -0.111734921796269
-0.161140754794974 0.232670602222637 -0.018178294221303 -0.0664809133045428
-0.213568786198332 0.13893717245021 -0.0549488477803954 0.00886536160937492
-0.232131691254712 0.0335743465045996 -0.182919522316311 0.00272199881488606
-0.194663665155066 0.0270147146706088 -0.281420440125386 -0.12533293466526
-0.232868592820714 -0.0213281436811285 -0.217913864159122 -0.193250667680447
-0.327591180342622 -0.0862849090556732 -0.182180878056946 -0.0220126605101107
-0.386132015612378 -0.0666550797175738 0.0582936273932748 0.0833095199896951
-0.272350884065729 -0.0573397167559491 0.114294047779115 0.254422371937477
-0.296400280558126 -0.0442491005566131 0.259677640467979 0.195664433142559
-0.348205239100149 0.0155685079209962 0.263840625761405 0.0768300009859758
-0.297057657226294 0.189242493145774 0.184356800253421 -0.0480902656042691
-0.184279999229207 0.281996430477395 0.0825003519240076 -0.0525664905266058
-0.0838578751532759 0.325056782828568 0.0235941082014131 -0.0356677173695904
-0.0469847144858255 0.294642928630574 -0.0131906612279865 -0.00668424121312167
-0.0588794160864613 0.316100804681781 -0.0476007217440404 -0.0106532000761029
-0.167775034155134 0.285216547947736 -0.0643996935310874 0.0120612959542952
-0.246070331485964 0.190763181915667 -0.10092446232674 0.0433809795787771
-0.29731321357076 0.0504182190696233 -0.178573909857712 0.0155208686229463
-0.244544967256462 0.00385041628380189 -0.235914950403277 -0.0814735031801476
-0.252275503052345 -0.0531564420818949 -0.16511417606178 -0.128303473570298
-0.348692373853982 -0.105969791918492 -0.0851926353505821 0.036730054332695
-0.376614984280118 -0.0306710628760177 0.156311325030299 0.124656873350977
-0.261180839491741 0.00261925206503219 0.167806514651898 0.312752620735603
-0.246065916666589 0.00617087811645907 0.301070370739349 0.232847630379747
-0.274058279808106 0.0217126501904216 0.26402746117837 0.0715645890127941
-0.249192518797823 0.151598994519293 0.120368871071897 -0.0207130957766254
-0.163096348350336 0.245140880564278 0.0170446620526496 0.0289300547538827
-0.0733440798931821 0.294732129107252 -0.0149117004791906 0.0710336531934935
-0.0384868436007596 0.275325418346815 -0.0329404138763935 0.101745893922311
-0.0468740939225644 0.302225772862645 -0.073230242104614 0.0962455852485273
-0.153246205111242 0.285747848125456 -0.106628723269398 0.100614009519398
-0.240170151357625 0.201730630015742 -0.154478125604111 0.0851446457083192
-0.310719611118473 0.0499953359794024 -0.184402799273794 0.0164877231395526
-0.255942240243256 -0.0248008104747383 -0.177367450601487 -0.0616997330134796
-0.234603864845645 -0.0864429391321546 -0.0867793449670854 -0.0709031306688532
-0.312576975674685 -0.117327800409619 0.0136821332525039 0.0951829623869434
-0.302850858952963 0.00358841079169227 0.238387449706382 0.141628615314116
-0.209503791738507 0.0387604531691678 0.19248478970663 0.338825060422307
-0.172603020301907 0.0409700707184093 0.304308542735959 0.268899618520594
-0.176665715370336 0.0269174846874598 0.258536726048125 0.0742528673181773
-0.166813353166791 0.103628318637421 0.0694728242440472 -0.00258756601207812
-0.114750395557616 0.177689640867545 -0.0373123575716726 0.0890043295496857
-0.0504444400918189 0.223617364067477 -0.0485360107418852 0.157905981379968
-0.0230986675079161 0.213600917522295 -0.048600737902487 0.19241035922604
-0.03070670687614 0.237847093232438 -0.0909652175815319 0.189983700792845
-0.117548271540018 0.230687848245151 -0.143081277290975 0.178812185553933
-0.192239043053183 0.163407468210237 -0.207110727816055 0.120342280037288
-0.259003434803521 0.031723289545979 -0.195944138445518 0.00979383794260385
-0.211022897729286 -0.0428731659507141 -0.125213732610602 -0.0557934211144027
-0.180055687584117 -0.0950324803369575 -0.00918532145743408 -0.0236450504981547
-0.233552514075788 -0.106645959150717 0.0987901262695227 0.147260564594
-0.170625085924863 0.0306184918626412 0.289729162891509 0.138096046175523
-0.116492018261118 0.0450299492419635 0.198923405326921 0.337291382629112
-0.0889948894451998 0.047312949874518 0.287193444251674 0.28935185064693
-0.0849349077826028 0.0270497920446764 0.248932998533828 0.0772332701045867
-0.0769299627414705 0.0607233706128559 0.0357124123364669 0.00791651728218525
-0.0491921006697296 0.0997875373449427 -0.0730057664678082 0.126320035552143
-0.0169577587846756 0.125250104903618 -0.0697212644301713 0.2153798626838
-0.00363700619723188 0.121215525665448 -0.0564443017089637 0.252414720906975
-0.00786752428403839 0.133400236740868 -0.10165660816506 0.256195673334801
-0.0610909429817989 0.136114010486649 -0.171855896203554 0.229945016788559
-0.107017022783901 0.0945310972355675 -0.25014763546982 0.13894592796444
-0.147590645684571 0.0102537107250392 -0.20778010742619 -0.00306490570107141
-0.115851246460737 -0.0347182756408655 -0.0880302223852767 -0.0570413224729115
-0.0979333941289342 -0.0647208254786477 0.0468392968564124 0.00770747683823589
-0.127471115415578 -0.0692261268438425 0.158917704049049 0.181297318806038
0.00946497040624459 -0.0265787325488797 -0.228008110743245 -0.153157668483122
-0.00290491677713028 -0.0297402832899333 -0.129052499501174 -0.0131329562207166
-0.0015714758586969 -0.00786929064696402 0.0451817236505142 0.087527862738798
-0.0117649691196811 -0.00989251127068284 0.222770655720819 0.0630932114182965
-0.00865183957827748 0.00864055078898146 0.311191514260029 -0.1263749794061
-0.00656229696477022 0.000513555632833541 0.214194723149694 -0.2759635046752
-0.00552672778825852 -0.0123217348173534 0.100126461412052 -0.31382183060812
-0.0128214159552505 -0.0138942467143375 0.0494294143647987 -0.29348591031397
-0.0137858421001504 -0.0168642537774093 0.0607470038053667 -0.24599429115826
-0.00351243837162353 -0.0206918934349271 0.0598323343009275 -0.156386464223452
0.00696136661798516 -0.0116636323697074 -0.0151581127681939 -0.0319351587554418
0.00355875918264474 0.00341460194402921 -0.203125358570185 -0.0675265208341283
0.00287644373684367 0.00232926359790848 -0.277508378002983 -0.274250814842374
0.0116076596887595 -0.0127861575826226 -0.204983623028185 -0.329662053200183
0.0368006667492472 -0.00275485275887829 -0.309641750209491 -0.146203732571037
-0.127135106962314 -0.0666454432722342 -0.194690416008724 -0.118545272882888
-0.101255432280561 -0.0897894420661599 -0.106101017742619 0.01925485246862
-0.136118404464596 -0.0580950378639655 0.0726691801374467 0.111754810406164
-0.169748028769546 -0.00417444779996389 0.242270481992733 0.0799404267111881
-0.127342979607033 0.0943055248253169 0.319281472767847 -0.125166033652211
-0.0724211173884873 0.120028765849509 0.21601933303051 -0.267286283278149
-0.0335546343410164 0.120272060189122 0.0949368240260036 -0.298270814756676
-0.0287859106324896 0.100923091099059 0.0412039784024972 -0.273037941087357
-0.0394302166874054 0.0954357949543538 0.0448630169241026 -0.234832321997418
-0.0703733353297023 0.0648260802722501 0.0490704559539515 -0.148222305324745
-0.0722431665132392 0.0272981922666673 -0.0133847315383471 -0.0240119221631706
-0.0671423512057152 0.013722691919052 -0.200561409013357 -0.0448796702639958
-0.0672694996821417 0.0283718862131567 -0.296490013353405 -0.239620562994607
-0.099653307344617 -0.00319672825560029 -0.22555904125362 -0.299489624110725
-0.123424233825507 -0.03096505001522 -0.306444115470187 -0.113929441400311
-0.250160201961073 -0.0887346654827307 -0.130224270490862 -0.0543965629419398
-0.189271411308382 -0.119981153643262 -0.0468480896810245 0.0879737398407495
-0.246329237558901 -0.0866710416743434 0.126925086109302 0.139733688205044
-0.299801248294958 0.00543375698956903 0.257690023778055 0.0878310940098216
-0.228751795946953 0.165516737185544 0.29987010799057 -0.111725378374719
-0.129354323847799 0.220564875081562 0.192148052220237 -0.221100490324068
-0.0566697665103858 0.23398846836678 0.0809506448177634 -0.239542409732583
-0.0397167506826898 0.201291221322759 0.0261834220258825 -0.211922508684724
-0.0551589483444148 0.199989001604311 0.016808284285103 -0.190268166295682
-0.124572958840222 0.15551069838706 0.0206373994142654 -0.121090800014623
-0.1502823393765 0.08015821850611 -0.0249956528747841 -0.0122296073310568
-0.147313800994867 0.0242966948493015 -0.193466470491754 -0.0166801149401642
-0.131625102291368 0.0401644934604936 -0.307217246177789 -0.182851395464705
-0.185418450043975 -0.00012935868213112 -0.238969543098995 -0.253831694418798
-0.254654565201458 -0.0551980781761509 -0.262314450960786 -0.0700375441125705
-0.344424794561692 -0.0817015242985526 -0.0407909388401815 0.0188535267035548
-0.251659335254553 -0.103035403039709 0.0366022331012262 0.17426496744767
-0.305835833060012 -0.0760856076183538 0.198137773048759 0.16726523637565
-0.366539590466042 0.0179103073597627 0.268095531688031 0.0846211303356457
-0.28991369294174 0.205182665926246 0.252233757567234 -0.084042284966492
-0.167382962886388 0.282307590084362 0.1459681812337 -0.144989968691673
-0.070471020913907 0.307480365938401 0.0548432765487142 -0.145486641947172
-0.0431411520624671 0.271554734759857 0.00730432977427305 -0.118630444906097
-0.0596494606767925 0.28004261597531 -0.0180433351754304 -0.113393853464389
-0.157726461735407 0.239171386491702 -0.0212390787068901 -0.0677979381691878
-0.214311532106399 0.143375969873676 -0.0555110434027296 0.00825153670331885
-0.232944588871328 0.038622908152852 -0.185898536861595 0.00516517005702003
-0.193547721748255 0.0317861795867639 -0.289458865027102 -0.122748623829433
-0.237744623443912 -0.0154638283544928 -0.221999888460712 -0.194146651611708
-0.335261541476106 -0.0776436937917484 -0.183919651527824 -0.0177165313536927
-0.393808350583023 -0.0539265259830513 0.0625110480927377 0.0818964433128725
-0.278219445978783 -0.0500799812246056 0.11770404441252 0.258203197818175
-0.300341282428569 -0.0377556110734634 0.266999815516553 0.199400224465823
-0.354210839767981 0.0233021128071847 0.271471766015222 0.0772243040866782
-0.298470119472563 0.198369622108068 0.187451859108322 -0.0489964437629706
-0.179934936345298 0.291430851634853 0.0850372216325052 -0.0531806151060646
-0.0747620324941529 0.328796625961709 0.0215613014720047 -0.0331338002140509
-0.0405510752254938 0.298853719811484 -0.0123150093189283 -0.00715129844720793
-0.0516002976934605 0.319609045276013 -0.0496136731105587 -0.0104061278636433
-0.162162226485449 0.293442993878289 -0.0666335373817056 0.011893274766287
-0.246315753254958 0.198128240420479 -0.102299607144551 0.0440880060440302
-0.299596171897773 0.0573978712156322 -0.18198477928917 0.0167835986176967
-0.244875767153267 0.009411776233341 -0.240526318138426 -0.0790750115166391
-0.257609923535038 -0.0463474635870043 -0.16760270945835 -0.128933345122412
-0.356484673463634 -0.0966148696129797 -0.0847240820610698 0.039099747136864
-0.38317190884703 -0.0173401935299222 0.162640067470751 0.121344335566487
-0.265506000234204 0.0102096373910801 0.174649318660259 0.317475356010712
-0.247773049227835 0.0129668584776604 0.310194945478418 0.235941687943298
-0.278294056122513 0.028373199338077 0.271747405311484 0.0701352772095736
-0.249527596236437 0.158789142206118 0.122607094575214 -0.021433644296615
-0.159476802169594 0.252754620267333 0.0204501222208238 0.0308813651220665
-0.0655171532608143 0.297965202349934 -0.0148430454853603 0.0757535425026794
-0.0315259306535562 0.279330763244929 -0.0305458700057284 0.103123051309229
-0.0398528218721458 0.305940038654383 -0.0732992977229109 0.0984035209494349
-0.147160800014608 0.293686192355717 -0.107868030848076 0.102878415902812
-0.240182663249673 0.209500676256152 -0.156295079175306 0.0875998871987709
-0.315078997082824 0.057542281635727 -0.188022169620081 0.0173795678239781
-0.258065724497729 -0.0198569727317283 -0.181103871772045 -0.0617766426603305
-0.240393406272085 -0.0810640318981401 -0.0861220807573657 -0.0721337456255628
-0.321045526873105 -0.10896885054058 0.0177607346625851 0.0962896163297284
-0.307101465758795 0.0139668581812852 0.245472668278789 0.136898138648554
-0.212642589316158 0.0451827909234536 0.199262380224297 0.34347934180427
-0.172176840424474 0.046267735412896 0.315558755425596 0.272789393531555
-0.179008752046802 0.0319224539791374 0.267032330661199 0.0714246037448578
-0.167916509384204 0.107603773064709 0.0722518098450302 -0.0028787148904447
-0.111958430584505 0.182801752619573 -0.0336507483226172 0.091720293530217
-0.0436673274476157 0.226366345728823 -0.0461816943289286 0.163457239724026
-0.0184167583213825 0.217026845490836 -0.0445740401299629 0.195641310146979
-0.0244945630633186 0.240814463679371 -0.0898290810407472 0.19433441310246
-0.112569947118573 0.237897338453974 -0.143209709687178 0.183116733934928
-0.191637551869331 0.170765439927369 -0.21012480023762 0.124176714782582
-0.26221578344588 0.0386868730690006 -0.200636726497547 0.0101599627755661
-0.213507511131342 -0.0397696107764348 -0.127175821534316 -0.0571424409171654
-0.185015696850556 -0.0917660673055831 -0.00621973319020628 -0.0258096349305851
-0.240267859813184 -0.100605532030729 0.105614902335282 0.146691411553639
-0.171830951048514 0.0369351227823352 0.296769121187232 0.131984721942221
-0.118267332770473 0.0487468492891777 0.20545140771642 0.341737706127977
-0.0884247398720277 0.0501060373376397 0.298643667654952 0.293212372036118
-0.0860655936615187 0.0300596888315271 0.257719763985193 0.0745563103842242
-0.0773143004537125 0.0624679204827367 0.0377447017755976 0.00703446951952009
-0.0476895172733774 0.102270452206923 -0.0690726868281763 0.130298600359581
-0.0134457909155586 0.126662693720218 -0.0660898714402705 0.221536060260562
-0.000289714907307333 0.122854594300627 -0.0520232754029636 0.257527286885674
-0.00431774350943788 0.135024854073359 -0.09864202981228 0.260694475515287
-0.057711073009869 0.140240251328574 -0.170617555434351 0.234295085543338
-0.107062846073477 0.0995204807110704 -0.253321851970922 0.143660252274368
-0.150231308914895 0.0149302969595934 -0.213715683485513 -0.00256306530049963
-0.118062531898497 -0.0331317713223212 -0.0895105119355856 -0.0598018874424925
-0.101202738195365 -0.0631130405474347 0.0507676437709286 0.00480406026039125
-0.131742955486801 -0.0657644776830032 0.166774656696089 0.179722893020218
0.0086801648572101 -0.02868260193591 -0.241770498574659 -0.151720572229214
-0.00404794849845599 -0.0294519121939543 -0.138983109885921 -0.00762833223230988
-0.00190328992526439 -0.00789089338071877 0.0475508985193847 0.0972250688952099
-0.0131602962723644 -0.0102209484637606 0.237169337876756 0.0640446384866392
-0.00793370349100476 0.00985213522807852 0.323893196064883 -0.137849939110041
-0.00640586185446142 0.00136795740978904 0.216742042627612 -0.290583675275975
-0.00714188105960302 -0.0135716679441642 0.094939257501311 -0.326666730930155
-0.0142172695372453 -0.0141640394274266 0.0447164209563661 -0.30623579727994
-0.0150937679083517 -0.0171275873516589 0.0562075075999382 -0.257683251433746
-0.00457001090679634 -0.0226385975822329 0.0573512911806862 -0.163938655404248
0.00750306923165346 -0.0134839658502132 -0.0170253562161833 -0.0327682798623296
0.004277145563238 0.00405176835748092 -0.213895772649561 -0.0659066196890909
0.00351582987741495 0.00232375039584906 -0.2978511476525 -0.282337339137319
0.0117134957491882 -0.0141918108319957 -0.21882281203777 -0.342053072282185
0.0390930490483932 -0.00462544235562687 -0.325265630483655 -0.143433818176595
-0.134536681895225 -0.0641628598434691 -0.206229816602853 -0.117386275409511
-0.108050093582294 -0.0887025793277271 -0.114762187858425 0.0253254863493644
-0.142717584156645 -0.0568582688724905 0.0774920712713316 0.121481432918486
-0.178395414318349 0.000849721168310433 0.258157991742136 0.0818440074000223
-0.129663725731184 0.101766934952654 0.332671678550049 -0.136176196985151
-0.071098108474027 0.128034043804986 0.218240824676816 -0.28130984962372
-0.0318103170306474 0.124680044229813 0.0908801335124419 -0.309568333991065
-0.0270100518388372 0.105328734899781 0.0357604452120675 -0.286418974976826
-0.0387885581796023 0.0995048777785757 0.0408373259996153 -0.24574932865864
-0.0712684932115006 0.068164859735969 0.0463930240583677 -0.155976862354649
-0.0742085929686731 0.0286451761656618 -0.0142717205512065 -0.0249320690444925
-0.068067792347533 0.015811220049133 -0.210301131966615 -0.0423393742709235
-0.0672996937003666 0.0318816089635654 -0.316866644938316 -0.245161213653837
-0.10444835806467 5.19221136546788E-06 -0.239423807377323 -0.30967172240882
-0.129066185990988 -0.0280372395798965 -0.321111242091913 -0.108748932979546
-0.262559469798032 -0.081190397841461 -0.13639820423512 -0.0538857049224256
-0.200642819645097 -0.118093021310045 -0.0509963955384135 0.0954223057521742
-0.257932791568829 -0.0835452456356676 0.134140365822784 0.149906499082267
-0.313975893306982 0.0139344434812822 0.273965563452616 0.090302322554139
-0.23372590805199 0.179254958733058 0.311657982894036 -0.121326927654151
-0.127073330636418 0.234747089089512 0.195766188731327 -0.233375610724093
-0.051786772274101 0.242734305309586 0.0763441971741363 -0.24654965164023
-0.0348854365543548 0.209700516147656 0.0221662168760285 -0.222466183639462
-0.0520624194918241 0.207630853884542 0.0121010193115618 -0.198775582504566
-0.12483410937396 0.164219176540579 0.0169182415646687 -0.126997220426177
-0.154208174147426 0.0852936741087552 -0.0252767419053882 -0.012935151695873
-0.150069878773841 0.0285007270673096 -0.202970998898167 -0.0133157277821388
-0.132772576582567 0.0458854738773417 -0.327146136740776 -0.183729267764349
-0.194350537316517 0.00650668706019799 -0.252456816894718 -0.261696436657461
-0.267356479246101 -0.048838731692603 -0.273911849887105 -0.064938964046482
-0.360773832599649 -0.0712988642847957 -0.0410176506166129 0.0197863905445472
-0.265262090378221 -0.0971538677088784 0.0387775959865631 0.183403602964456
-0.319350412608423 -0.0705036195353391 0.210210762288903 0.176069227069444
-0.383182416195174 0.0294418038990999 0.284466263914281 0.0859791575527381
-0.296540316866405 0.221887725464384 0.262497894328106 -0.0908234987769707
-0.164050425259057 0.29993274131657 0.150548826168509 -0.152986726203412
-0.0639515158455026 0.318403799918193 0.052675315341994 -0.147883429628936
-0.0363569520045483 0.282203965145799 0.00535385563793368 -0.124892709498266
-0.0545027534773823 0.291209767218211 -0.0229719135352986 -0.117754303177386
-0.155515469666655 0.252260923685101 -0.025584426681216 -0.0712472325543505
-0.219724315352502 0.15329418556852 -0.057378065327893 0.00845459173760753
-0.239756447281052 0.0462907255435662 -0.193468561443683 0.00803400107764843
-0.197360544357458 0.0387078882263319 -0.305752754498941 -0.121384848050778
-0.249433833213224 -0.00795546655355543 -0.233862809672904 -0.19881177459507
-0.351437082349513 -0.0689369323551713 -0.190623597306704 -0.0130905591371689
-0.410647549293703 -0.0410500769833395 0.067819576196224 0.0820376122474465
-0.290674297221233 -0.0415991363251159 0.126212192289676 0.268739352472746
-0.312898577864915 -0.0302565756609858 0.283852727431349 0.207285352764847
-0.370003846442818 0.0349151900457597 0.28743907359795 0.0773126237262288
-0.305004501247042 0.214733529727726 0.195610291634793 -0.0531064506163155
-0.178256052402723 0.309373248401857 0.089767568810768 -0.0553987527426009
-0.0675689544743853 0.340635963924011 0.0207610569387861 -0.0298732703537931
-0.0313661392070606 0.31164707382832 -0.0120611411399031 -0.00870276912901925
-0.0451145796554612 0.331450637843593 -0.0534791184723607 -0.00987192669031876
-0.159187300530887 0.309186530044888 -0.071194704640027 0.0125477936046197
-0.252206296231624 0.211277157405018 -0.106058459689847 0.0464124960982517
-0.309943342895652 0.0673836853641019 -0.189545524975962 0.0199094534365178
-0.251185795560038 0.0163139019004857 -0.253299688412016 -0.0777939639290171
-0.270214565942498 -0.0400009670395494 -0.174389680425451 -0.132074268413798
-0.374979141972936 -0.0870702535702036 -0.0853389455307761 0.0427089506386011
-0.39850105201448 -0.00362042692114436 0.172154285207559 0.119884797588457
-0.276221860698272 0.0203987919234364 0.187084915907576 0.328251729590395
-0.255342395420215 0.0211736895562078 0.329933502064077 0.24347028161526
-0.288693832389561 0.0378898788915314 0.287265540697971 0.0675262899488243
-0.255977821434256 0.171056229808811 0.128908326853537 -0.0231572211339234
-0.157636986794739 0.268029711299401 0.0250950236930624 0.0329604752177899
-0.058278136511491 0.309322535664302 -0.0133958773455347 0.083414531802418
-0.0237213762117892 0.290875357621372 -0.027679689665823 0.106962552991612
-0.0332294545306003 0.318030042360815 -0.0752864568587826 0.103836990283287
-0.143292075661378 0.311002301965458 -0.111292346520528 0.107614162612805
-0.244585710189133 0.22369876645911 -0.162406143476148 0.0926024957234343
-0.326304737344111 0.0690266017124095 -0.197013598260988 0.0195944076424894
-0.266593824270321 -0.0144874462441721 -0.189501703792027 -0.0614165702490632
-0.253407903720185 -0.0767140507986903 -0.0879332684577844 -0.0751848809889873
-0.33847866708325 -0.101319952200282 0.0226181581050209 0.0986353573503709
-0.318375933124761 0.0269573249831161 0.258796533483669 0.133583662278342
-0.220463267244441 0.0538610510538095 0.213069521916691 0.355143940377137
-0.17731416649021 0.0532106261468192 0.337073219209898 0.280975108127825
-0.185981092218997 0.0387085983979385 0.28276535987097 0.0687038340435634
-0.172009529949002 0.11615189931675 0.0760654602265868 -0.00477989364971488
-0.111140564908318 0.193462080020661 -0.0301017707729643 0.0976222419316894
-0.0376766802485244 0.234266886664361 -0.0436161913834691 0.175028071894578
-0.0111407483672128 0.225726191375668 -0.0403491289033015 0.204061911189325
-0.018606527511938 0.250572737842576 -0.0895538699629753 0.204001902494228
-0.108774886204512 0.251323914738851 -0.146100482850892 0.191359951904498
-0.195357229912776 0.183387941506671 -0.217525178847287 0.132818212815611
-0.272559782598783 0.048198657140115 -0.211244331260087 0.0120118356676056
-0.221763093167274 -0.0361224711735437 -0.133493302303192 -0.0599170762410266
-0.195602076117352 -0.0898790101979094 -0.00359760015722696 -0.0293154306246093
-0.254219155380799 -0.0958457962429442 0.11580253601972 0.149351489850502
-0.177227539119327 0.0456542617778981 0.311437727766111 0.127372240717946
-0.122089935634558 0.0540019756751385 0.220355513298223 0.353195475700974
-0.0903823236464329 0.0542666388106999 0.320860945858508 0.301878902784818
-0.0888471112660356 0.0342483222394075 0.272653468999769 0.0703527714957386
-0.0791053209394039 0.0672767141814905 0.0408423862096339 0.00575820300798572
-0.0465792833762719 0.107270666614221 -0.0664580834601481 0.137323200863645
-0.00928269097075396 0.131733992446963 -0.0621724562193337 0.233174643775827
0.00403972684488965 0.128028002209707 -0.0470084653618849 0.269172325325224
-0.000204626925873691 0.140701223957656 -0.0974589339836779 0.273158215859526
-0.0551208155219325 0.148253115644984 -0.173462392195263 0.245790080786451
-0.108332997378688 0.106361884241738 -0.263252508505151 0.155045802353587
-0.157166614856472 0.0207080563780813 -0.224996258723281 -0.00128416759800953
-0.123512872304307 -0.0317383908058036 -0.0940177550143405 -0.0642061513493432
-0.107523066642914 -0.0628120633980022 0.0563955769645823 0.0014250644377181
-0.139627651047239 -0.0638623657550375 0.1809035009996 0.180816974699141
-8.81231808745157E-05 -0.0280123297342206 -0.263906306500397 -0.135784028456302
-0.00912916740189142 -0.026049549815032 -0.148321571577829 0.00904208577060231
-0.0013936568912268 -0.00753389844572112 0.0597045910271511 0.103351652114716
-0.0119022190748077 -0.00989714412394386 0.259471350540647 0.0454745323882291
-0.00272803385473945 0.00489943336165349 0.326536834496934 -0.177618059523284
-0.00746739992996192 -0.00322732677352432 0.197002658557294 -0.323452942062253
-0.0116183798569016 -0.0161796605829254 0.0626069677445789 -0.34878939560978
-0.0176900756757598 -0.014773983888042 0.0108374244260876 -0.327768062435762
-0.0178844396400659 -0.0165033654175212 0.0311723980047844 -0.280647390666879
-0.00680044641159532 -0.0223869472090637 0.0446490045264638 -0.181074469790049
0.00686466400485371 -0.0158989225191854 -0.0212049882112507 -0.0330330071715702
0.00854928601065002 0.000894710072048357 -0.238388827173628 -0.0489645375662435
0.0113202167704555 -0.00224238808065868 -0.353623572169397 -0.275595578487986
0.0188992719963971 -0.0180118883944426 -0.270511040328947 -0.350158974223423
0.0449474893923949 -0.0146755614790089 -0.360353660922307 -0.123512212179137
-0.149571747249306 -0.0416360613864172 -0.219922095181095 -0.114496218800889
-0.123530409774498 -0.0722044335450151 -0.115890189610143 0.0351223899587966
-0.152684425089722 -0.0379853185891085 0.0989877232126364 0.114118057907899
-0.180440164078075 0.025813619584629 0.284443045793815 0.0489539897674207
-0.116723302090161 0.115615414298916 0.328606507762173 -0.185190449768219
-0.0587009794347238 0.135730126792618 0.194482518679623 -0.317815621653921
-0.0160225206294384 0.130994586720362 0.054325718587755 -0.337086298753317
-0.0177411616436595 0.10943179958093 0.0019075909896919 -0.304035190835924
-0.0266446212038207 0.107513097616374 0.0163278739046926 -0.267238002205053
-0.0640782916828477 0.0799037148133779 0.033445057309803 -0.174125693760887
-0.0726596762313409 0.0374514442974324 -0.0159564369467625 -0.0273201583284568
-0.0643365054726919 0.0226898451422751 -0.230354431878889 -0.0259554371955497
-0.0584019832375339 0.0370541892104434 -0.367122567079717 -0.234531376618425
-0.104564289794178 0.0111175817332981 -0.283082165638594 -0.309117305141032
-0.138953265217125 -0.0198901003087189 -0.345445585415789 -0.080710672092987
-0.280862653721422 -0.0394896719575678 -0.140119696276145 -0.0641866768870675
-0.220139261220368 -0.0894612596727496 -0.0399002734396811 0.096073356512129
-0.274428295085592 -0.0490773767061585 0.164395445258976 0.127336579034682
-0.317690650684552 0.0610617456843904 0.303537179636371 0.0444385037757957
-0.214332600789451 0.20948437236725 0.30250480264334 -0.173180938229162
-0.103089317549313 0.254062532015876 0.171140810148191 -0.269113768276953
-0.0187356411023491 0.256272947227981 0.0409427855717492 -0.276442687075804
-0.0141191809376037 0.217891229909978 -0.00605655900143884 -0.235052124890813
-0.0260961162178942 0.220361697444938 -0.0105309898511339 -0.214178698840516
-0.107130044559484 0.185693231945306 0.00400528498490938 -0.142890969812593
-0.148037561875102 0.105633862431328 -0.0272340939805696 -0.0168399234519453
-0.148212987733859 0.0463008950546011 -0.216038266192063 0.00239199008424861
-0.124638035468563 0.0596585748815884 -0.366847134665007 -0.167254457871757
-0.19928061716504 0.0288587685191393 -0.28595523528629 -0.252790634463622
-0.290875036195031 -0.0249547879443651 -0.283741689258681 -0.0310290023798498
-0.377338651417709 -0.0150839329212533 -0.0340519219550628 -0.00411660871217599
-0.281482825580906 -0.0594481544375024 0.0621047794808116 0.175288452352076
-0.33397602468772 -0.0273226806619396 0.245736600085432 0.141155910832146
-0.386840184811679 0.0873837915976446 0.312995233655813 0.0323584667991809
-0.273449203651298 0.262234312915966 0.251126117138488 -0.140260706097799
-0.133444257992345 0.326915262101638 0.128451064577987 -0.182327822247951
-0.0191506149104265 0.337755823901156 0.024454309328456 -0.17402613731012
-0.00648454884947558 0.292939088048366 -0.0134710573433999 -0.13076405784125
-0.0163009332235485 0.306251518556397 -0.0387260526644234 -0.124164245913774
-0.127741343118557 0.281793016136639 -0.0364625045998613 -0.081068162380977
-0.207450160099191 0.183767245866898 -0.0589411873965239 0.00618073172909721
-0.239384329991977 0.0764883041293112 -0.2014832432642 0.0213188367458456
-0.193810267302114 0.0592869780591664 -0.333910199650667 -0.102264495247104
-0.260861426300585 0.0207472007637936 -0.256271464716536 -0.184848684858151
-0.385156344158254 -0.0357073772401912 -0.186220299212836 0.0203927183742877
-0.421561524061288 0.0220118400611584 0.0819562399712924 0.0471657922727064
-0.297431173402874 0.000466385856887507 0.157914376328594 0.253911864215767
-0.319197422674323 0.0133387539777403 0.322261786777086 0.16468701853223
-0.370647043267077 0.0902271208142055 0.313175481769954 0.0228313510565774
-0.283669894548439 0.256998965294955 0.185031419052221 -0.0944726943851006
-0.14544735554536 0.339754945109807 0.0756062590376904 -0.0754208828659103
-0.0192774397204093 0.362204043977357 0.00441843786363046 -0.0496550664103814
0.00172184047990421 0.3234230187509 -0.0180448563657021 -0.00643552245713413
-0.000340253358241005 0.346992131660566 -0.0598363111185677 -0.00587741915949471
-0.123512643425278 0.341444981802587 -0.0776569430888659 0.0121453455490919
-0.233665023988008 0.247797119341967 -0.108575788199963 0.0500065215212612
-0.310471760020394 0.108548063804901 -0.194539812701243 0.0300962170995739
-0.254460310331989 0.0426055221367621 -0.269693629794786 -0.061398281161995
-0.28942639064929 -0.00965017833587281 -0.185141499390188 -0.115874335730663
-0.412969902076052 -0.0504036102796378 -0.0680440062275674 0.0717194547683084
-0.403192238528318 0.0568057011030452 0.191785323763863 0.078157115610178
-0.273742229468504 0.0604780796643501 0.224593846731107 0.311983966412575
-0.252661597143952 0.0582573978461291 0.370843273234586 0.200908628441021
-0.286732279256115 0.0812699518498301 0.31081367284178 0.0189187340772483
-0.239664110651139 0.206978201873263 0.121066742122786 -0.0537187599541872
-0.129840063042045 0.296111084204934 0.0192519241425291 0.0238237762617805
-0.0142843154709523 0.328961763806157 -0.0172031881886651 0.0740125416067084
0.00873486688702393 0.301406188940664 -0.0206438007827083 0.11627007857878
0.00933666503032411 0.331725757687011 -0.0704256493814218 0.117438383976267
-0.106885192073692 0.340109790978737 -0.11165877938943 0.118576216782179
-0.225379897161387 0.260776520392038 -0.165069179185322 0.106296960633275
-0.328722740109567 0.113052614576862 -0.203298139711651 0.0299135358445513
-0.276065002928019 0.014515511126086 -0.197575886689796 -0.0512441733627674
-0.277101192614335 -0.0497017787870383 -0.0876160570342908 -0.0628488759128827
-0.376002153732556 -0.0681378168468066 0.0498913877003658 0.11991245782563
-0.316266784614078 0.0735344802425804 0.279514547622836 0.0913485628718483
-0.211405258084182 0.0868416196965083 0.252263511273387 0.340620763804967
-0.167608630026217 0.0794313030568862 0.379225050752409 0.245819465141642
-0.180376252420786 0.0653993500326946 0.303611871296582 0.0274581571311686
-0.160739084812887 0.139552667788674 0.0715611506715159 -0.0238616301191019
-0.0896510987402016 0.213855953811906 -0.0283837727557905 0.0987027656260957
-0.00371832274184004 0.248854786085989 -0.0358030631112415 0.175963267209062
0.014822662643335 0.234444917315352 -0.0215146266700621 0.219935586904675
0.0151795305881659 0.260641493033069 -0.0742757513060645 0.226192683843527
-0.0789093937188944 0.274627160591771 -0.13914267929835 0.213427524632537
-0.179830671024281 0.211567875578766 -0.220833042084307 0.157809753352917
-0.276830966126115 0.0846655270854817 -0.221255030033274 0.0250031644866065
-0.233109730549757 -0.0127366958367427 -0.138855712228807 -0.0552257154367756
-0.218452838668302 -0.0707362016086542 0.00493308848454494 -0.0238945156664214
-0.286689805045132 -0.0708197682296838 0.149671538621433 0.16177745495043
-0.169681200967516 0.0692360414802365 0.331913845209487 0.0910436875350016
-0.111042370193767 0.071467261675714 0.258798027503339 0.344126194252788
-0.078828458304059 0.0671694300234921 0.362872726961577 0.27913245487807
-0.081756368800929 0.0468186359136267 0.29190746850489 0.037216851793769
-0.0722421958251782 0.0784730385660382 0.0396836229522822 -0.00459955479001294
-0.0339779079835534 0.118289269475762 -0.0582268208527348 0.146536429838721
0.0119441613168154 0.13945236679509 -0.0449151764223342 0.244919993352712
0.0201202916342943 0.132569902967767 -0.0194120966024641 0.28786961896136
0.0187416740295879 0.145366550838461 -0.0742462931129716 0.301204711430482
-0.0372061874758752 0.159538199492248 -0.163095436649309 0.277250478473902
-0.0992309489034204 0.120717302395606 -0.268462235817436 0.189058672364697
-0.15952162514436 0.0401177220454373 -0.24163701907196 0.0147240944589271
-0.131010133873951 -0.0190399126171543 -0.101537617707776 -0.0644946498566645
-0.122091264953924 -0.0518447797285642 0.0683760856742043 -0.00192271497325493
-0.16021169436514 -0.0490782106311081 0.215909080394951 0.182592102343328
-0.00395547909883507 -0.028602461532169 -0.283994524810703 -0.118815687593612
-0.0111859175652719 -0.0252177464127646 -0.157383465544883 0.0264514262436787
-0.001308219505166 -0.00774086319406223 0.0711695832689186 0.109723015523294
-0.0134380201175275 -0.00884429258033187 0.278028237052316 0.0300678671609248
-0.00138322274313158 0.00471364927553589 0.328672328338589 -0.209106390470104
-0.00734702764863376 -0.00259722255110862 0.181629993909023 -0.349329087113889
-0.0154017208016503 -0.01612748622728 0.0376733978436521 -0.36452558221767
-0.0200194789450686 -0.0138648734790738 -0.015987630528825 -0.341416547228913
-0.0200282157618949 -0.0153248720425711 0.0102665475627569 -0.294971775291885
-0.00997106731080527 -0.0234161977768326 0.0319605689185484 -0.192272831126925
0.00615675497965307 -0.0184904567651445 -0.0242637949478296 -0.0325959198668797
0.0103411783463164 0.000729406658282479 -0.25317330748035 -0.0330284218816552
0.0127738430218506 -0.00390272571424894 -0.393506913195732 -0.260916089230429
0.0174046808469831 -0.0203624546980919 -0.305408094078784 -0.347772170028573
0.0466184827486995 -0.0203507827966304 -0.383224400216405 -0.0989007296494338
-0.158699933950248 -0.0289000422027185 -0.237875176505406 -0.100749524097479
-0.133520851912125 -0.0635191707695385 -0.121290176833226 0.0507565392794666
-0.161263849317516 -0.0276695175941546 0.112778271413859 0.118183212127313
-0.186522158957224 0.0421561544648221 0.30389634787519 0.0323256064999861
-0.11147510039707 0.130102506541927 0.330743960725049 -0.216787929464394
-0.0481972848154982 0.146673301207648 0.178894908116854 -0.343832375015505
-0.00697766671230744 0.136007941913332 0.0308863096957206 -0.350332617577282
-0.00942490656139585 0.114302645655736 -0.022672606580188 -0.317039181058967
-0.0192232491480885 0.112652904639695 -0.00518858446107355 -0.279497434550397
-0.0612330396784876 0.0865963225117565 0.0209359217726426 -0.18378647157148
-0.0733203747726386 0.0431137347583228 -0.017974021667024 -0.0275075697929492
-0.0627533163704167 0.0283458013098415 -0.242336461053095 -0.00947416917634289
-0.0554265059497204 0.042840568617116 -0.403537419380187 -0.217063770857823
-0.108672894704676 0.0211729511737226 -0.315761433287724 -0.305605566981041
-0.146229278304373 -0.0091337834782365 -0.363739702577292 -0.0548277887397123
-0.294003462484045 -0.0149748093680252 -0.150459134739151 -0.0561758943227267
-0.235419424851706 -0.0730355030088941 -0.0378373605739499 0.107709355869391
-0.288779496789578 -0.0283301385402264 0.182345328216136 0.126415415043502
-0.326138569293131 0.089659422320289 0.322965736026291 0.0263104246351144
-0.205961938197936 0.234846410896915 0.304590212943739 -0.201549537664097
-0.0849647296970497 0.273450647371971 0.159023762681787 -0.291498323763218
0.000944921417281386 0.265969124965786 0.023366466882333 -0.284857882293082
0.00361767587722586 0.226251349857023 -0.0259898907475179 -0.244847410906321
-0.00944018633060966 0.229656711738489 -0.029052202460461 -0.222147472616871
-0.0959167290921628 0.199807854075929 -0.00785651786869396 -0.149783402103065
-0.146629858114408 0.119739629831416 -0.0288467643797339 -0.0171192141883654
-0.147671758675778 0.0591321064650666 -0.225682427999032 0.0185598006632702
-0.121582565051221 0.0713777432132958 -0.398878806507655 -0.145600627672633
-0.206593439464694 0.0483474828465094 -0.314842652211002 -0.245530167219791
-0.304771256701059 -0.000353516174603837 -0.295724537882882 -0.00880199637413162
-0.391512723339832 0.0197801571731405 -0.036451893412465 -0.00223019022727759
-0.296744855702934 -0.0365311559707401 0.0746064498661404 0.181629674837763
-0.348097385900524 -0.0011869687408738 0.268428011696714 0.133460366305198
-0.395973765267991 0.122863000681295 0.330938932574629 0.0137445665372467
-0.263410960831056 0.294352446786386 0.252994848258847 -0.162639209307981
-0.10970404810572 0.3519279488551 0.123178389988549 -0.198672922633303
0.00664475710647837 0.349410883329093 0.0143943622315956 -0.176835268995806
0.0176996840329785 0.303873211021226 -0.024903319469996 -0.13587124176775
0.00824156162474815 0.317743410596028 -0.0515426822046036 -0.126408789563182
-0.108947762108471 0.30195720400704 -0.046213942666032 -0.0821527553176888
-0.202421069573812 0.205719258049453 -0.0606986982260199 0.00899031974700602
-0.24045773946479 0.0975526933630687 -0.208805944060695 0.0359786023124477
-0.191987396216472 0.0761191882338962 -0.357872760318777 -0.0809931436627387
-0.270764872556419 0.0461742522588437 -0.278310930295609 -0.17642683181368
-0.403551913509295 -0.00248728727832138 -0.1903791584334 0.0361969321608149
-0.434591144889453 0.0615829953138016 0.0882169655455769 0.0410374173104304
-0.309153870731417 0.0273904496698449 0.18208281103499 0.255663361522878
-0.3285860713288 0.0404768320647053 0.349726846499575 0.150957061647358
-0.378362763236997 0.1239606085681 0.330009495748148 0.00243089937907259
-0.275001787024615 0.288912700967919 0.188047406726514 -0.109576066023765
-0.121873989348181 0.365454612385365 0.0764574026390279 -0.0835308404329446
0.00927438168369568 0.373836735311629 0.00418581776939631 -0.0456953106281342
0.0287687772096743 0.333196166627725 -0.0196306803522642 -0.00671997068320471
0.0276018485252202 0.359381684304806 -0.064365297291082 -0.00239190261609525
-0.0997295177162757 0.3638863414098 -0.0828191510623048 0.0181556774972832
-0.224617451269538 0.275823182399433 -0.109454592178668 0.0583975779122788
-0.312821157640995 0.137589402427838 -0.202010295392913 0.0436802255193092
-0.25700272546752 0.0629535808954161 -0.286412616501501 -0.044237704499667
-0.301402913629987 0.016064643266635 -0.199099260815796 -0.110930903559192
-0.432977676858454 -0.0153519015026457 -0.0633226311321292 0.0793234750590103
-0.412197835414243 0.096026880546777 0.203855842349758 0.0649313187586726
-0.279275267591867 0.0880874021198739 0.25542869293634 0.310039289498679
-0.255161347290761 0.0817222103037138 0.403729052403346 0.184617824088682
-0.291455934837344 0.106909874384592 0.326537278124389 -0.00269568772540702
-0.233464113284534 0.232387175663471 0.123651282867439 -0.0630908269466598
-0.109377710060312 0.317429973278271 0.025547812364004 0.0236370921542165
0.0114481303492004 0.339466909951702 -0.0081135235459165 0.0833937425696065
0.0344957276754989 0.310692438577885 -0.0121821480555242 0.120813180729017
0.0374833312868904 0.343113123868846 -0.0658412538063466 0.127555263696979
-0.0811941480601096 0.362065502025783 -0.109708108404546 0.130661617124437
-0.214181140999398 0.289147983253822 -0.165531552511146 0.121601365059161
-0.332073262829472 0.144317291371818 -0.211809759560909 0.0434899241094398
-0.283193384096524 0.0358675196012492 -0.210082378223567 -0.0407893959329374
-0.291772386234172 -0.0272285748095875 -0.0929772377208807 -0.0639590836209431
-0.396776320860596 -0.0362217067368303 0.0629994395942834 0.119430309033825
-0.321500944495419 0.104661325508665 0.295758588688192 0.0712015665414174
-0.213794212780317 0.108991231762996 0.28657565314085 0.338752082831768
-0.165932470520565 0.0973518029816333 0.416202687772855 0.229783535653243
-0.181194692805436 0.0828173272161632 0.319058850424969 0.00515598329558666
-0.156993286752277 0.156253642245679 0.074351628973265 -0.0298274677470791
-0.0757695040707423 0.229421131867681 -0.0185949924842023 0.104244320919757
0.0164498321209668 0.257080897580837 -0.0193419545154199 0.189467262420171
0.0350281040393955 0.241154773985655 -0.00452585857783433 0.228258046027832
0.0377813104601713 0.26891403016 -0.060402219846593 0.240465423120255
-0.0571820510952223 0.29214501000306 -0.131344357979428 0.232044993258984
-0.170411999303816 0.235316712661101 -0.220879977130695 0.179779560506446
-0.28129140123395 0.111606319394092 -0.23185828110487 0.0399496034974539
-0.242361009608468 0.00457573175018925 -0.148718471210423 -0.0504162717547359
-0.232884452264012 -0.0544674328941984 0.00652422131675404 -0.0297423036571664
-0.303364078581946 -0.0471524273707117 0.170195247037363 0.153466755330915
-0.168978910706325 0.0867882576647063 0.349455885892234 0.0671024570073998
-0.110710535099755 0.0838407060392833 0.294592475849736 0.341256366532299
-0.0758159405220509 0.0766644462855227 0.401745572831786 0.264927055332884
-0.0814318617474118 0.0554607137113174 0.308619156377964 0.016510626573484
-0.069710735766871 0.0866075286341417 0.0411376890108491 -0.00885240386509482
-0.0260045682340058 0.125613682259814 -0.046843358168536 0.155880334304848
0.0241917930071717 0.142441861889861 -0.024854509525131 0.259924469016695
0.0326330703621154 0.135609060477449 0.00313355636516305 0.300394975302442
0.0317982680337237 0.149708622652532 -0.0546591720481184 0.318481047515514
-0.0238297574575418 0.169483224752303 -0.150750267734287 0.300189295751721
-0.0935250364351221 0.134514017319538 -0.267884175654327 0.216490742948693
-0.163015470895635 0.056932512013619 -0.25376370928072 0.0308639001637927
-0.137258239148206 -0.00946096798922203 -0.110762081573432 -0.0640267666153524
-0.13159281807379 -0.0433392594304548 0.0749997874550791 -0.0116086077034084
-0.170836831369118 -0.0361557523172667 0.24043601741162 0.170627222598457
-0.00827980575816021 -0.0275868202457988 -0.296712138238742 -0.0950907601632145
-0.0132113564936641 -0.0236062950954421 -0.159332575817342 0.0454470157958379
-0.00225008806432184 -0.00843762244961764 0.0828712331597217 0.111758369311075
-0.0143255805320976 -0.00760686155619726 0.287739871053321 0.0100002375155561
0.000184092955236692 0.00429913270351004 0.318258568768447 -0.238699051529477
-0.00677706416578993 -0.00236449687980702 0.156688785550636 -0.366869030265764
-0.0182922757447018 -0.015170613846805 0.00851543198418943 -0.369945570686035
-0.0220080095645943 -0.0124263635977912 -0.0459932680310145 -0.343716811059837
-0.0222221508987091 -0.014326491567264 -0.0154917028735373 -0.30009598731935
-0.0130368571385977 -0.0231717144682434 0.0158969591099601 -0.19717370549779
0.00426585543804717 -0.0205475014285464 -0.0270968344497383 -0.0314460499231786
0.0123304345494664 6.5796346686629E-05 -0.260237744694945 -0.0126824299919442
0.012562907468883 -0.00570621798042133 -0.423269353707946 -0.233014272342291
0.0152077752664368 -0.0215052017659748 -0.335994599397896 -0.331410507256558
0.0461511012274536 -0.026294242914516 -0.393725915896733 -0.0668955721715729
-0.16268870749159 -0.0136429189975986 -0.247925022547001 -0.0818757825060374
-0.139683552709436 -0.05152808347439 -0.121389212919099 0.0670214148980881
-0.165195091376411 -0.0138102838246719 0.12536451760491 0.116790981326235
-0.185305317386926 0.059517745436927 0.31462705326082 0.0102721465404539
-0.101253644380644 0.140983286497078 0.319989345383125 -0.245400384379865
-0.0343095441701517 0.152419621605494 0.15470228469898 -0.362719905690908
0.00332973803122494 0.137327322529938 0.00456539929474205 -0.352929851485114
-0.000214804942498485 0.11528864965856 -0.0517974144229368 -0.318546150960622
-0.010315148630286 0.1140109077639 -0.0297644351567684 -0.282679328825746
-0.0549338359043863 0.0917635843189271 0.0051560108591713 -0.187866420078208
-0.0706693814892016 0.0474719441142053 -0.0200155786191262 -0.0275912696973509
-0.0582370516790039 0.0330239231836488 -0.247803689868268 0.0104302047310084
-0.0505125671953326 0.0468546851172726 -0.429801788995846 -0.18592592008705
-0.109268396211578 0.032194509301756 -0.34227061447712 -0.287467047439879
-0.147836354668481 0.00310016262676426 -0.369928322884493 -0.0233992588349983
-0.29673335616906 0.0136574611271978 -0.156624688168923 -0.0445378956657126
-0.243478117187695 -0.051825136548423 -0.0320099910662697 0.117505385863442
-0.293437368627788 -0.00357310639904019 0.19658285714709 0.119270741180391
-0.323368666312754 0.119965418565198 0.333017251549561 0.0040426320657976
-0.188332623884803 0.254781863253843 0.294982280873378 -0.226661730667706
-0.059181162697739 0.283748212818202 0.139212760458704 -0.308728400255483
0.0232355292177641 0.266413942830683 0.00281677596128213 -0.285517557030221
0.0231945441220344 0.22618900796174 -0.0491387968349323 -0.245334755329113
0.0101744703817434 0.231125881679731 -0.0501768772203072 -0.222985853763425
-0.0802737017729379 0.208216478785146 -0.0216882845914009 -0.151508786957664
-0.139485666861477 0.131276288099512 -0.0296467307100666 -0.0168058745517301
-0.140939060364296 0.0707818955219933 -0.228234752588255 0.0368796967572164
-0.113632647915287 0.0811429146421818 -0.417493700193581 -0.113888998891212
-0.205690587602788 0.069512958332312 -0.336918653427581 -0.226364984654185
-0.308009207349957 0.028015795204249 -0.297448580479465 0.016832284205307
-0.391457255632389 0.0579724268620141 -0.0372409441828362 -0.000386000604781018
-0.301192231490587 -0.00913270782120958 0.087821693986551 0.182273701104912
-0.350260850831944 0.0295425911042414 0.284121040467357 0.117960151778779
-0.38973645045824 0.158352459477754 0.339049018772508 -0.00968276785355846
-0.241866841398879 0.319859829204363 0.246166926984821 -0.183414474728257
-0.0776575850590165 0.364672011188332 0.111557138119469 -0.211166351966006
0.037000188840863 0.350278243237955 0.0050724311621311 -0.175309384406193
0.0440373178133933 0.302482319446306 -0.0380864527774691 -0.136266378057481
0.0356528807422137 0.319050142618957 -0.0655413928598569 -0.123440202317639
-0.083373209320653 0.311798013656 -0.0557131501323619 -0.0795501649714598
-0.18874206824905 0.224418080260144 -0.0603321501299941 0.0111711580195544
-0.232147302637634 0.117015486685051 -0.209451511788536 0.0523437789266958
-0.184202647849167 0.0918725537524904 -0.369895482425382 -0.0514024023070117
-0.26954130211718 0.0731106737519767 -0.293250495859671 -0.159517107287082
-0.407845117142727 0.0360428845565565 -0.18725189376008 0.0532862504701503
-0.431314284624378 0.104385743077154 0.0911990455457099 0.0326344472064584
-0.308523429360781 0.0570821629370948 0.20293962093553 0.247383488453618
-0.325382870013229 0.0705009638050121 0.36903127701748 0.12802330530859
-0.371549364030289 0.158435160365424 0.336852534839037 -0.0210123292087599
-0.254343968350256 0.314856393601774 0.184922737397606 -0.123979481938504
-0.0888319352785872 0.378855848720228 0.0744761480338913 -0.0908707799593109
0.0405305749480772 0.374408381674181 0.00610466292918373 -0.041931956539843
0.0585813332211965 0.331468613100494 -0.0212818828301955 -0.00671427335378663
0.0600132409262899 0.359275044294891 -0.0678285839749901 0.00314348201884834
-0.0672779956097845 0.375255029624462 -0.0846818002744444 0.0244577324233372
-0.204440443951233 0.297651158611781 -0.106500997440442 0.0650853422008561
-0.302837924469879 0.163871483645426 -0.203264231338743 0.058818933052113
-0.251131077954324 0.0838184160219584 -0.293749065884827 -0.0217202346151869
-0.303461110931195 0.0457660393194149 -0.207580737255146 -0.100262181267076
-0.43835719654767 0.026201328670574 -0.055436921081246 0.0847381674238896
-0.406540665946116 0.135744339175254 0.209509202726004 0.0473191912251482
-0.273902765457654 0.11585422263131 0.282110535148331 0.296399065407661
-0.247783962555106 0.105830513383288 0.426518436814391 0.157032895576354
-0.284041537149183 0.133246472980677 0.332171598703204 -0.0276622879005581
-0.216910800316447 0.25340167360915 0.122262090548691 -0.0729083242616339
-0.0815145522132814 0.32950516511638 0.0310688031511188 0.0209849243042472
0.0401028728190325 0.338829380950788 0.00418483228396291 0.0886892103484152
0.0622263724127017 0.308967192517997 -0.00231438340739272 0.12180864592503
0.0690352109758273 0.341539820391473 -0.0570595499100605 0.134444214932294
-0.0486161292854897 0.372321455085094 -0.10240948671936 0.140946473214291
-0.19255042209986 0.311117442623567 -0.159025024579111 0.134941565045127
-0.32297065103739 0.175347334028493 -0.21252398698648 0.0585953561245511
-0.281313108212659 0.0578398196005961 -0.216256788009344 -0.0261099846748744
-0.297116476493361 0.000476079099069839 -0.0962621168999559 -0.060957307855042
-0.403093520596105 0.00137139210050717 0.0758744581602449 0.113174882711777
-0.313466982153684 0.135203467055508 0.302020755330653 0.0456497750887558
-0.207345635959604 0.130650157741932 0.31626946219236 0.322002457805682
-0.156748585707441 0.113640187667711 0.443610843604386 0.20180983371122
-0.174864644576483 0.0989669100706345 0.325282558093606 -0.020280860727158
-0.146769037119626 0.170846544895648 0.0739389483431584 -0.0361869061210445
-0.0560617901192725 0.237395971198106 -0.00717455260110611 0.10575319208239
0.038701433857081 0.255153544012445 0.00026785494175047 0.195493801342324
0.0575358561254173 0.239156054862643 0.0141814364976284 0.230769306039252
0.0628317443406879 0.267768700192171 -0.0422649343871301 0.247769604909272
-0.0297107500752333 0.300142015502109 -0.115738482438481 0.244919201828714
-0.15258496574538 0.253439700999005 -0.209886049234259 0.199280359190518
-0.274668680484058 0.137808251633126 -0.234975354593597 0.0563381238376493
-0.244022230366754 0.0238912234634818 -0.15536807655595 -0.0424359662543714
-0.240082468505277 -0.0329062161063994 0.00703845693487615 -0.0363545779348547
-0.310359636398418 -0.0180571915285877 0.186435075734139 0.138374711674514
-0.162540836316689 0.102604271595968 0.356128067148044 0.0379276138683524
-0.1059210992314 0.095541697482817 0.323693481402121 0.324245595571575
-0.0695761835888616 0.0845032160202334 0.432241401339611 0.238316589725493
-0.0771885535359815 0.0628226204292142 0.31520698453058 -0.0097848983038364
-0.0643706091030904 0.0926202272228252 0.0412633877874748 -0.012807301041179
-0.0153743659040833 0.128053489144923 -0.0326747395142475 0.160490513500335
0.0367569973032734 0.140688461199483 -0.000425550049591795 0.266187314208697
0.0453061359404246 0.133816613310608 0.0293093276495427 0.302190718944258
0.0460012548517197 0.147825586666103 -0.0289302424117922 0.326068408453756
-0.00704019025858598 0.173981443915182 -0.129342142527708 0.314998122951861
-0.083278838616618 0.145298953440868 -0.254633433739163 0.241623438325538
-0.159898186075709 0.0734426345062778 -0.258354050635467 0.0498274764579848
-0.139532411061656 0.00122122622010316 -0.117899667706219 -0.0604393437131143
-0.137194178896763 -0.0316215497386148 0.0775019839099304 -0.0231793926672542
-0.175964221607271 -0.0192348504764008 0.258662202732368 0.149475196677595
-0.0114100039149662 -0.0248788974729456 -0.299850108349801 -0.0751107729517845
-0.0139568827573272 -0.0217242810000568 -0.157082331268901 0.0614986800130384
-0.00253994960927967 -0.0082827619714959 0.09000239587977 0.111465648853299
-0.0151361104305472 -0.00645925093099531 0.289966047200173 -0.00649889681772894
0.000626051777611016 0.00305727417241851 0.303580562437598 -0.25583821881117
-0.0063857258636636 -0.00245304693896697 0.134811636614125 -0.372887139641641
-0.020768245560233 -0.0126950933591487 -0.0142732032064416 -0.365040898344951
-0.0231834854500017 -0.0112806207090903 -0.0697599506604374 -0.336967248107514
-0.0235201533118331 -0.0127908891523009 -0.0349962653853986 -0.297538530774932
-0.0151737747537241 -0.0224926874620631 0.00203975895402021 -0.197170378314767
0.00253210820056038 -0.0218456360122597 -0.0292840803111541 -0.030043501859934
0.0139620625193475 -0.00138445599557394 -0.260193634242104 0.00365558157111814
0.0126548299778623 -0.00749647326267128 -0.438437066319419 -0.205935218912375
0.013119705303259 -0.0222495353295888 -0.353378622364686 -0.313006156292082
0.0442122919638562 -0.0312744832260238 -0.391321197041205 -0.0397705914453049
-0.161662231546881 5.87804238848834E-05 -0.251127927587335 -0.0652276299236673
-0.141004857826202 -0.0409123379328735 -0.118160255250193 0.0806543576495537
-0.164711453729926 -0.0035362075215141 0.133639772482143 0.113811670896521
-0.180829367415505 0.0723396555692565 0.317510767070655 -0.00634719899773443
-0.091019347153244 0.145927862482247 0.30587513283172 -0.26322237263856
-0.0219770478141425 0.152929308079536 0.133079573338558 -0.369249855503538
0.0114643806919295 0.13556741306809 -0.0153373066686975 -0.347387556253493
0.00726104336508711 0.113153948196891 -0.0740577857767643 -0.311986527578444
-0.00309502264484569 0.112859115552288 -0.0493260687547128 -0.279088658666983
-0.0490136186878519 0.0932296123469783 -0.00792912164301529 -0.186722567719775
-0.0679892820575357 0.0506916441872483 -0.0212094994100006 -0.0272591077390469
-0.0529113828954615 0.0353792797530164 -0.247324170009249 0.0260232489409036
-0.0453500816612644 0.0485654864037887 -0.440966437920493 -0.156810839182539
-0.106221367787115 0.0407651564236471 -0.357094917609049 -0.268101616718765
-0.145876325778009 0.012610969700512 -0.365475528494077 0.00119068660750772
-0.291475990053053 0.0373251249618686 -0.158652341939872 -0.0345699522241027
-0.243294114549072 -0.0335533174958352 -0.0267879950790552 0.124791918736348
-0.290106723869459 0.0158076099227097 0.204363966502961 0.111738169492026
-0.313142421435191 0.141374072211796 0.335386825551387 -0.0136999649217905
-0.17064774885044 0.265264008363399 0.282946473607593 -0.242437001478691
-0.0373704086239227 0.28493679586503 0.12099601015424 -0.314692741127474
0.03979704139213 0.261913712520953 -0.0107838305248066 -0.279779867781475
0.0376421201743799 0.22180108366368 -0.0661788639562912 -0.240514927033117
0.0254260335124081 0.227024804372035 -0.0666029397763862 -0.217901838195771
-0.0659713487388097 0.210265192913832 -0.0321970905365175 -0.148830065790617
-0.131484591918333 0.1380967442482 -0.0300590839068789 -0.0163284115281554
-0.131775195732748 0.0773811243801194 -0.225180521192075 0.0505151938251984
-0.104575581839662 0.0864963938000099 -0.423563956962573 -0.0853660402925826
-0.199196156578546 0.0860346611697713 -0.346824267502948 -0.208317917923368
-0.303496719553574 0.0498876223816471 -0.290918119882532 0.0372067763301788
-0.38133365176332 0.0879601906135822 -0.0374995828134499 0.000883433914445483
-0.297965590681081 0.0135382187220064 0.096888146521051 0.180803298137069
-0.342212330139222 0.0531265907270719 0.291290472657485 0.103811439161305
-0.376175185309183 0.183631511943479 0.340207072216306 -0.0275074879534
-0.2190817642709 0.332895634142289 0.237129160298151 -0.195446437047153
-0.0500014072014531 0.365913907693576 0.100242566881969 -0.217316543553393
0.0588410705560233 0.342063437956388 -0.000344632722479091 -0.170604484462892
0.0638377127464649 0.294929810613549 -0.0483246013112974 -0.133217599274163
0.0567992016689248 0.310695008346146 -0.0755138605039857 -0.118242943016958
-0.0616001892069146 0.312962307936149 -0.0625194593796995 -0.0762811839428266
-0.174835909104627 0.23389805904605 -0.0594139173637622 0.0119194444262649
-0.219316702504976 0.129535900947169 -0.20614460486008 0.063129338395299
-0.173301880066396 0.100725793989629 -0.370672319760642 -0.0269300678009661
-0.262369490777119 0.0940158292227922 -0.30050748832705 -0.143760761633489
-0.401020950120383 0.0662454854451959 -0.180176193653557 0.0648242347925282
-0.417056412395383 0.135957936879155 0.0913908273934536 0.0248350837896267
-0.300642624288894 0.0803895559997079 0.214756637003481 0.23711119566702
-0.314751551230198 0.0918810225720613 0.376332404839681 0.107766366228913
-0.357444599641326 0.180958024220149 0.336054385034407 -0.0389548835080416
-0.23209099114072 0.328343185266557 0.179187280827381 -0.132533100368898
-0.0602588776279309 0.380967554562903 0.070980262265143 -0.0963781280292514
0.0645317260604184 0.36585654777463 0.00993995214165972 -0.0386576622547002
0.0801518915757592 0.323194416622768 -0.0230079308774497 -0.00573843971753693
0.0839518121908481 0.349751721246179 -0.0697176038414973 0.00765872734170067
-0.0403738091776921 0.374656685938938 -0.0844988563979904 0.0295614728879594
-0.184566554204961 0.309046302813062 -0.102715242448327 0.0686985664787464
-0.287117512903847 0.182152727853468 -0.199427551432541 0.0681508090884078
-0.240904242865842 0.0970056761297508 -0.292981035433884 -0.00347525009159127
-0.295864478771268 0.0690316913404924 -0.21047157537096 -0.0910295087346065
-0.431860229443895 0.0591025203244065 -0.0477209658788998 0.0870645519609884
-0.390611837490964 0.163848632776053 0.20882920899216 0.0320297626470969
-0.263592572807516 0.136305024624187 0.296346862991999 0.280764258064741
-0.235195777299354 0.121653524249312 0.435198218307362 0.131994376931054
-0.271580535241423 0.150336685921131 0.330209781798827 -0.0465809873264709
-0.20038119684015 0.265018751416277 0.119713565917055 -0.0787582209918469
-0.0577981260683285 0.331128549995536 0.0352274382690601 0.0176230921394326
0.0618190784886963 0.330934746881082 0.0157789063566274 0.0900029392770172
0.0824878297733749 0.300518825456059 0.00465406068755297 0.120078825267635
0.0924934311745945 0.332192142015292 -0.0498482469820824 0.136866865817009
-0.0206085882207935 0.37121556633552 -0.0946857050287313 0.146357037046009
-0.170806157292979 0.322895492075606 -0.150306171407559 0.1416890985113
-0.307757094164525 0.195430439392061 -0.210761445398727 0.0683352032999356
-0.273675951229772 0.0736412023574999 -0.216111128642276 -0.0144014696987682
-0.293298457631828 0.0233614633407492 -0.0970269795184667 -0.0606111558940981
-0.398633929183918 0.0331176940846292 0.0835915347224507 0.105814631899799
-0.299666250651004 0.156707474524222 0.300532121719789 0.0253637442432409
-0.197190297848791 0.145875941821105 0.332244313161419 0.30277122293416
-0.146035910951355 0.123968308566736 0.455184446990571 0.175142173194497
-0.165574205416425 0.108975254179479 0.324238171280227 -0.0395621493996085
-0.136951716108029 0.178078383833197 0.0731542271303356 -0.0405640857389919
-0.0396772415460213 0.237993886002941 0.00166334410706628 0.104114594109637
0.0547255913651758 0.248272095524048 0.0173986643611077 0.195584255566467
0.0731574943917307 0.231759367433903 0.0290963653869698 0.226887225167034
0.0806976046391448 0.26019842632364 -0.026793746234807 0.248797990070912
-0.00825631705383044 0.298563886644932 -0.101364447986515 0.250012506856416
-0.135652441601236 0.263643047377451 -0.19728137192952 0.210338256056856
-0.262894458753224 0.157408149012666 -0.232979658952153 0.0678999437498325
-0.239312348706486 0.0378018868322679 -0.156873131939809 -0.036249191838131
-0.239529142771077 -0.0144090880233627 0.00745513526399146 -0.0421740362560906
-0.307867932186636 0.00615066402909604 0.193866437685931 0.122837279949505
-0.152818422340277 0.112662926662593 0.352570401334609 0.0148662745629339
-0.100358234906696 0.103172548580042 0.339902086736678 0.30397445083147
-0.062489090567822 0.0885632187515917 0.446394792973003 0.212459977283869
-0.0721421538750381 0.0672317193453134 0.314415471967562 -0.0301355109226321
-0.0594961902215104 0.0955072865043617 0.0405961064052326 -0.0159445875828967
-0.00680044402876662 0.127559691794714 -0.0205556706255275 0.159728321358479
0.0461441619982842 0.135219325279211 0.0193126126514723 0.264498048321303
0.0544603432306115 0.128929414602586 0.0483715853059232 0.297892352535171
0.0561166280839749 0.14300293148732 -0.00855733856522437 0.324980986584418
0.00664773192898745 0.172506990669874 -0.110480613915609 0.320657554781661
-0.0730793136413823 0.15067646235307 -0.239442744174354 0.256304821549099
-0.153165138477154 0.0852660046963122 -0.25719310616325 0.0626946814219812
-0.138147350798532 0.00977407912984839 -0.122033000206753 -0.0571729066613748
-0.138245413052551 -0.0209737875052266 0.0783773985928296 -0.0336438683417812
-0.175061197460628 -0.00485938216976524 0.266603802925937 0.128397988999321
-0.0130562850887612 -0.021494457074859 -0.300759727424282 -0.0623582290064453
-0.014958459815401 -0.020328411561371 -0.154888160017063 0.0735708669639188
-0.00306130402241496 -0.00769639649383215 0.0957275183477901 0.113492025679158
-0.015372626878839 -0.00556326375673968 0.292228426866655 -0.0157362013110183
0.000830680240063889 0.00187429099104671 0.296776024072962 -0.267033541366734
-0.00575168747949726 -0.00328162424731062 0.121808010845981 -0.377620097225818
-0.0217779980620285 -0.0115363399989832 -0.0282916322747024 -0.361972844094903
-0.0242973928788017 -0.0100698541643666 -0.0846422059415254 -0.331840909566503
-0.0245779084910658 -0.0119222878283014 -0.0488063000106096 -0.295974040632397
-0.016779397507914 -0.0216792297670183 -0.00648243016995079 -0.197407582866283
0.00114570483625855 -0.0227445110820571 -0.0304597297627236 -0.0285493501331777
0.0155189602694054 -0.00251973611494184 -0.261141621537392 0.0139128295767504
0.0120566794957416 -0.00923229376189183 -0.448435511025351 -0.188524792647853
0.0119214716217326 -0.0223574679707481 -0.362265760464715 -0.303681849919919
0.0419900362986223 -0.0353855006406928 -0.388879318411262 -0.0232536042805691
-0.160062060575654 0.010446194094653 -0.252797703892417 -0.0556683171157633
-0.14165036900032 -0.0332685530654755 -0.116098304966623 0.0912668154244827
-0.164185345463332 0.00372186409747091 0.138705655877336 0.114477228903951
-0.177837315047381 0.0802921958681299 0.320023742318117 -0.0164862517001489
-0.0845841250510076 0.148976688366154 0.298961749331734 -0.274073138769891
-0.0139095616399292 0.152092782739305 0.120138798031256 -0.37390607605922
0.0165573399459295 0.134315084345524 -0.0268577646197228 -0.344175740107693
0.0112690875525669 0.111990196888816 -0.0875293344896151 -0.306814895352561
0.00148348102066116 0.111616130573958 -0.0627437134990639 -0.27678350868122
-0.0456968193066963 0.0942205462522094 -0.0162298242445826 -0.186541505761784
-0.0667930544541641 0.0519640026428742 -0.0222843117897195 -0.0273659826764126
-0.0485030055059282 0.0354631415543947 -0.246657830091202 0.035090567608146
-0.0420052824033464 0.0493042006566834 -0.447920021251933 -0.138783040843113
-0.104508188505314 0.0476978780886137 -0.364117712566154 -0.258994659479368
-0.145935452344341 0.0183176362920707 -0.360781537423393 0.0167789760654407
-0.286038780289552 0.0528045966663755 -0.160090662141037 -0.0293359327391171
-0.243093286128133 -0.0211050107690867 -0.0230221312206041 0.131460907152646
-0.287593629744168 0.0279447895083687 0.209688589050108 0.108524724367927
-0.306583835193992 0.154860362423943 0.338458700543082 -0.0235304477965464
-0.159467898360681 0.27179372441323 0.277100366639015 -0.25203393046504
-0.022889366800865 0.284507883750821 0.110599898966166 -0.319859388411936
0.0500277696590659 0.257901722229574 -0.0172270107346898 -0.277337223141392
0.0463778930603258 0.217779295190061 -0.0774111106543825 -0.236143298574296
0.0345482073276473 0.223408624760867 -0.0770996693533575 -0.21512782418823
-0.0579239477927168 0.210772752574744 -0.0396911473324812 -0.147589772651894
-0.126622860844812 0.141734432837517 -0.0306910393132372 -0.0181044594666674
-0.125423617853585 0.0797102950632629 -0.224260802639142 0.0584599725180511
-0.0985344331321494 0.088962759902238 -0.426965319287538 -0.0667116173992692
-0.194357910654405 0.0974344192194306 -0.352726890992591 -0.198645045851658
-0.29969865308761 0.0640509889615371 -0.285410211792362 0.0487125501420322
-0.372482424449672 0.107218405882383 -0.0386816729825759 0.000895797415164993
-0.294272166992575 0.0286328289305027 0.10207252086528 0.181612151218467
-0.33683651091537 0.0675255274454111 0.296017157356814 0.0969664655920394
-0.366462599121736 0.199391855804312 0.342350409019783 -0.0370112796877532
-0.206107716798883 0.341326591240265 0.233521248678723 -0.203185392085482
-0.031964831213301 0.365980215627069 0.0936235926389548 -0.222464575063182
0.0720862647447827 0.337240756527268 -0.000768560136217114 -0.169136107770743
0.0755599625757501 0.289852369222584 -0.0549032900208454 -0.129945378727137
0.0699025433206142 0.305960458780598 -0.0827790564310454 -0.114631246216285
-0.0483223802955029 0.312697528146581 -0.0673450636908287 -0.0735830486764594
-0.16512846970044 0.239943102969919 -0.0594036743193962 0.0110422842966568
-0.210777370314718 0.135664173635277 -0.205040160488307 0.0697475328381406
-0.165994980302328 0.105085506905386 -0.37083416600919 -0.0117230091282417
-0.255513822053309 0.108787895382095 -0.303480642691667 -0.137387286667303
-0.395579819463679 0.086060724521804 -0.174119688170446 0.0715700006624007
-0.406136871035238 0.156179499423145 0.0903460164024065 0.0197182144252548
-0.294250541341045 0.0959383487911269 0.222475752182026 0.232731235345852
-0.305317189661176 0.104963482160747 0.380666461243264 0.0960781217815729
-0.347941677781554 0.195079388712506 0.337347530055886 -0.0493157239006701
-0.219490520214961 0.337112445643797 0.177359464712107 -0.138617176694948
-0.0425861950269661 0.380419916126344 0.0695271625772758 -0.100520101910281
0.0791525433865433 0.359842754402391 0.0150487971678152 -0.038546170469601
0.0930670066493905 0.316195738674033 -0.024216166489793 -0.00485977021026836
0.0994571511638954 0.34253731218696 -0.0715977302843912 0.0109667868905983
-0.0232614585302459 0.373223077027724 -0.0853376080951782 0.032893003131535
-0.172636796469102 0.31657720265179 -0.100947922169673 0.0686420896852273
-0.276277933145106 0.191749064908234 -0.198877273289281 0.0733266442254287
-0.233448240662213 0.104700331157024 -0.29133016585161 0.00717910381779417
-0.290073460924868 0.0851376154965319 -0.211675884556406 -0.0876685642817861
-0.427134941840868 0.0818103998605469 -0.041835637300346 0.0875572469726918
-0.37859028034235 0.18325162276745 0.20742628673132 0.021886560151207
-0.255630829892487 0.150051238314402 0.304785109296452 0.271983241883444
-0.225333344738691 0.132010946578469 0.441798015439782 0.116553097051229
-0.262826040950418 0.160511176818222 0.330955498106046 -0.057768579983826
-0.1905746769962 0.272285211750811 0.119602440504467 -0.0832465371097047
-0.0425706350805381 0.331332737927726 0.0381967436107695 0.0143356559047137
0.0743723948955664 0.323712768937403 0.0254480707961001 0.0898440078242272
0.0949194427858257 0.294527934115938 0.00902994538435864 0.119628236088978
0.107346961571416 0.325883065378828 -0.0463408765400581 0.139159704056862
-0.00309507185172361 0.369801176289291 -0.0912290481944082 0.149434325587619
-0.157566319479015 0.330140232037161 -0.146235142043766 0.144791166996215
-0.296998359188597 0.207330750148017 -0.211496066307816 0.0736064117495989
-0.268381968108358 0.0823294253493029 -0.216236312814293 -0.00851482441701104
-0.2897550887743 0.0383616249946889 -0.0975164496753721 -0.062747590410521
-0.394874153441851 0.0533402985122252 0.0888458771236799 0.100647167289006
-0.289542898457926 0.169227681961766 0.297908027514198 0.0127885237331317
-0.190523284096885 0.156194246046913 0.342073302583131 0.293627816668529
-0.137696216136803 0.129774412554285 0.463639268305718 0.159258310519573
-0.159258473046584 0.11518541620103 0.324232515661155 -0.051966615035213
-0.130567909449209 0.183235137067837 0.0725687945066813 -0.0435099666146756
-0.0289110202661449 0.23771969623003 0.00710568781962014 0.101987573019092
0.0644769366811441 0.243067246353872 0.0305629586839735 0.194661505070187
0.0826175294372359 0.227206918671223 0.038497062587194 0.224841192262471
0.0927967242365596 0.254896166523521 -0.0184913266466927 0.249114916037862
0.00652687025034556 0.297521117250477 -0.0927129144591466 0.25327128712798
-0.124208175424014 0.270034657660032 -0.190599295524947 0.216333036619154
-0.254408545696029 0.168615645467537 -0.233797725747587 0.0738149990097739
-0.236666381411041 0.0462410624176323 -0.158680258732131 -0.0342428686675454
-0.238538689655124 -0.00224156756436798 0.00724635784759375 -0.0486701542315636
-0.30510167551406 0.0221864204383957 0.198830455110553 0.111785190485302
-0.146462055651698 0.118131420283452 0.348300238771394 0.00111087595870407
-0.0971514602588855 0.108874945338805 0.348338273529724 0.293274255352178
-0.0578085330988671 0.0912321079289787 0.458199267787448 0.197409182099328
-0.068877995325338 0.0699828231703812 0.31431261476552 -0.042282625636335
-0.0566083153629324 0.0981093780222047 0.0398116953887221 -0.0177126496453138
-0.0021659198632727 0.126669061034968 -0.013969037695566 0.158914532881311
0.0515368036769801 0.13073725319644 0.033333193039056 0.263572028658301
0.0602963313551587 0.125599894034371 0.061164832564688 0.295088096422287
0.062951502328132 0.139093840375272 0.00374952260179086 0.32392373352095
0.0156146615799984 0.171530925996069 -0.0988852963979245 0.32369153779778
-0.0654280167301905 0.154154960305399 -0.231273457345597 0.264536898671151
-0.147968268025508 0.0930793939332317 -0.258825544205609 0.0699815588114581
-0.13678617978733 0.0149214956542566 -0.124754103147022 -0.0577968761240234
-0.138299859026652 -0.0136892413352336 0.0785016058240901 -0.0430455660841701
-0.173347895248647 0.00444375820857264 0.27043870275415 0.114185805333124
-0.0176142976994077 -0.016000869414482 -0.325363011557021 0.00321097953954897
-0.0175901560665931 -0.0134633811432891 -0.142848606413937 0.114951347430797
-0.00353776148390615 -0.00687343383977611 0.124763814181827 0.100220018416748
-0.0135264211172597 -0.00529224598064349 0.298102014470098 -0.0781185657965873
-0.000211725032474318 -0.00534996772937256 0.245050851986621 -0.337921958026468
-0.0110954736678248 -0.00541419004202262 0.0432234030832135 -0.408463633981752
-0.0267403717020441 -0.00707507119496669 -0.102963305825584 -0.356912744872416
-0.0281233523467665 -0.00599686472870754 -0.158355952754537 -0.312840696619197
-0.0276747880795999 -0.00927815819529495 -0.117264952499985 -0.290543690236182
-0.0209784979386285 -0.0199695217724932 -0.0529592627716879 -0.200155999171644
-0.00438809244810953 -0.0234382353687404 -0.037397746383361 -0.0216668333935623
0.0122236359280099 -0.00966983678746533 -0.265018440941398 0.0768071518689663
0.00663800208368512 -0.0179033076938247 -0.506148128272511 -0.0864437004909437
0.00653810134647508 -0.0322122919373148 -0.443045669272094 -0.225804815845248
0.027236898608353 -0.049158659286226 -0.397751065730984 0.0659503639906592
-0.149500043782851 0.0456527036507767 -0.282324716710396 -0.00624052546606951
-0.142379491427312 0.00286615215257259 -0.102371114056478 0.119791237461712
-0.154494765217552 0.0406466796213217 0.15948196223174 0.0813907902293394
-0.149027427276174 0.116240748218732 0.31458330802395 -0.0945634332058719
-0.0510664838519158 0.157615370474371 0.234444947151703 -0.342541683413488
0.0157785177080042 0.148005503385351 0.0343616845357698 -0.399472870018433
0.0450052148678225 0.124039103897868 -0.107100833542378 -0.33486462930615
0.0316414813255024 0.106158907293581 -0.156854299801347 -0.285873525355615
0.0234094444800249 0.104968150591076 -0.127749415247295 -0.269573863066056
-0.025342549669568 0.0991515563207815 -0.0616224542348262 -0.190542585033927
-0.0545688994227975 0.0623749627231757 -0.0299987134281149 -0.0252602305054656
-0.0416746628851692 0.0396255587359362 -0.244913406683134 0.0937933533806246
-0.0324312515430992 0.050558104827418 -0.493816759037463 -0.0376902698438212
-0.0919366219995405 0.0659606703746582 -0.431579675832216 -0.18679545156257
-0.146132192042114 0.0498447938507544 -0.353116938940292 0.0908058495250338
-0.259877795351808 0.113676404241015 -0.188337457519724 -0.0039727245778257
-0.236409643530346 0.0367189055000712 -0.00120069908120296 0.136457964607217
-0.266174599020229 0.0913195744056826 0.222875066628397 0.0525846724608542
-0.255017679269307 0.218617412147011 0.321266177735225 -0.112319664351527
-0.0958820022253546 0.294555202426341 0.20700142401069 -0.313459924881856
0.0368548217286919 0.279174980324632 0.0296682178558688 -0.339844025789439
0.107435943667146 0.234764228299412 -0.0905518680804799 -0.264546067890942
0.0875068685501056 0.202817373251673 -0.131251949403033 -0.216593931412939
0.0789771869721396 0.206021754048145 -0.129763039887653 -0.203713357151047
-0.0121701354245793 0.215605125344211 -0.0794143390399544 -0.147806787391818
-0.0940735136283403 0.161191622646454 -0.0383887709159626 -0.016054473868713
-0.106291426396597 0.0985106459117034 -0.217130918426499 0.108975785777982
-0.077551663674485 0.101151879146113 -0.455655790998099 0.0276742519865647
-0.16823117237167 0.137487057279148 -0.403281911247779 -0.134510764112083
-0.287599314810628 0.132448952375643 -0.264790987961292 0.0990693883371938
-0.330475798234159 0.183778559427674 -0.0632818277354533 -0.00200851650247031
-0.273864844556221 0.0959852656593354 0.135177769173578 0.159427055812054
-0.303066149576985 0.139551765761795 0.302639277193253 0.0193355540132973
-0.301242445937204 0.275528656217696 0.317305788333762 -0.131467087316059
-0.124703397815953 0.373782444388199 0.167844449748691 -0.252504384631954
0.0472970189362185 0.361379577083753 0.0296884920342372 -0.234300042847052
0.148157318910659 0.304934708954391 -0.0567775216842681 -0.156776849179738
0.131586302707382 0.266890416484497 -0.0861378720737894 -0.11557845105584
0.131399203806525 0.278928961728353 -0.113557922084809 -0.101623174889914
0.0186255339784877 0.314340648235499 -0.092876730309924 -0.0670093606099497
-0.111947381210619 0.264447765936979 -0.0634490027441428 0.0177352103989492
-0.178223915899623 0.17183556555998 -0.195697033384293 0.112645769009446
-0.138574914045827 0.132313279963775 -0.384371693299367 0.0669544080188156
-0.225481823622651 0.165320591972597 -0.335118111048651 -0.0852316334445834
-0.374548846239454 0.177715519942355 -0.142637224608602 0.0925878599625466
-0.35114694859264 0.23755767794846 0.0700476877704584 -0.0110686397774253
-0.257484602730351 0.160805600666516 0.266922564685934 0.187030174994873
-0.263432335162481 0.168058049145007 0.38766646787163 0.00315881606351539
-0.284046786784401 0.264890105158598 0.309711355899055 -0.141206390257238
-0.139061085679622 0.373884049671173 0.124287512822062 -0.17455479691903
0.0410980657174288 0.378516057666633 0.0309374491869687 -0.105819524695563
0.160267070892076 0.326291183693275 -0.0145735515560215 -0.0292554894754543
0.154969674140263 0.289843119317399 -0.0276903625264753 0.0021881380202755
0.168643015194506 0.309911401932665 -0.0739070079871003 0.0229325652166946
0.056049239082623 0.36847343703621 -0.0892143155475343 0.0457672758815346
-0.103720148961375 0.340096092937485 -0.0950487196842696 0.0868840943980222
-0.230134806953562 0.241661905017374 -0.1907672508406 0.112087613967918
-0.204343773877151 0.14670955825877 -0.298494267798648 0.062545555602945
-0.264596748128348 0.15115127206276 -0.228083114432861 -0.0578714729433294
-0.404708294535675 0.181808503003455 -0.00378795125859864 0.0781730360131625
-0.319533592672777 0.256798168096039 0.191089620167187 -0.0329510658018536
-0.207847227565744 0.203669108448246 0.359827305677782 0.212324169090719
-0.179687785731338 0.174905224477714 0.457145194022572 0.0163620108818306
-0.211194710274243 0.210940682707958 0.306559767550106 -0.143852714492277
-0.125265138496912 0.305266700483837 0.0810292971279271 -0.107471346457977
0.0308776973147926 0.330507692465761 0.0257132867042197 0.0156280795162519
0.148099488838149 0.294261901866931 0.0258496941213441 0.0957919955631104
0.152772295630977 0.268372687789009 0.0334748181669165 0.118412189477362
0.173054883741561 0.292603008890562 -0.019307260009971 0.147615008347294
0.0756314324996275 0.361955232452287 -0.0677290788104807 0.167560307451068
-0.0864243801975754 0.352724168428249 -0.123646206742911 0.175882367132667
-0.247651188667888 0.262875234956455 -0.203947975696193 0.114223555301224
-0.242181997513933 0.134055938104051 -0.223779695738104 0.0263469941938923
-0.274763708211553 0.105806887707232 -0.103313070295907 -0.0585216352057555
-0.376950911013452 0.147550736798413 0.131151433223307 0.064082956481536
-0.238691956533282 0.224090009410972 0.286842397113295 -0.0594307975697002
-0.14447340095536 0.194584288107662 0.403288805204568 0.227906330249512
-0.0972302744922749 0.153123410182551 0.494405893662072 0.0597984044164291
-0.122787068719941 0.143408984317474 0.308033045805731 -0.132000428619738
-0.0870788937346369 0.206218557957868 0.0486677076896972 -0.0583311563737784
0.0244805504925442 0.237511926680659 0.0172827956874594 0.108156639972121
0.12028521562343 0.218571197898044 0.0585857328674334 0.197643890906823
0.128338728579678 0.205781062451937 0.0872251522980671 0.217279531096734
0.14488541904722 0.228127305835162 0.0340962776698396 0.253935473832561
0.070392908382324 0.290973967541998 -0.0448730904884425 0.275871559453629
-0.0663189200700616 0.287971940480823 -0.151083473568731 0.26134237372194
-0.214167870073841 0.21679964957653 -0.227437893028089 0.121030098723238
-0.219820849068535 0.0934331419605111 -0.17086328634047 -0.0130625816131365
-0.233589409338589 0.0547162694151786 0.00700461579962004 -0.0668180832072149
-0.294422357095893 0.0973707013672707 0.241347108104211 0.0548386601708717
-0.113319011188035 0.144403934453625 0.344802443943083 -0.0789342840074256
-0.0659464907649319 0.126859409305002 0.414230952590923 0.228425688225464
-0.0310045615168416 0.098674387080021 0.504000337341976 0.102641902202295
-0.0472089696282132 0.0789704230186325 0.305045550503047 -0.114987308920109
-0.0339392799597525 0.108097313468338 0.0280307676481559 -0.0248393328894521
0.0264700810185273 0.124572732651932 0.0136647588641077 0.16778644550529
0.0823342011281149 0.114074049530484 0.0827784216446939 0.26423786320404
0.0862213476033398 0.111142308041993 0.125981324596414 0.281792449350151
0.091632627823328 0.123905265738452 0.0747061925565677 0.326477289593612
0.0511586551469656 0.165933803459711 -0.0315619304105148 0.351278452101591
-0.0347444711443627 0.164630002443792 -0.179075317944702 0.322797105389807
-0.126972357680559 0.120929496413633 -0.253626022030452 0.127481202414202
-0.13009275732281 0.042063137012198 -0.142541398152788 -0.0409090631192374
-0.137020960953865 0.0201571022326298 0.0764482591682766 -0.0752808047949669
-0.166893034032589 0.0483203698886977 0.307775290705542 0.0468638905375246
-0.0171707541527618 -0.0138510652858557 -0.338185669821938 0.0186648593590239
-0.0174921825566768 -0.0116976726949755 -0.142650870208352 0.132903497777003
-0.00298306786917798 -0.00681426725761671 0.136431783829384 0.106080429119353
-0.0141896658791467 -0.00507983542154487 0.309948368411114 -0.091013246241651
-0.000715619421922938 -0.0067209248646831 0.244828249799758 -0.363459718729919
-0.0117653063360125 -0.00600669566650707 0.0298467453524031 -0.427593779530695
-0.0285610200710407 -0.00501702779794408 -0.12312041346164 -0.366192931277782
-0.029978953449421 -0.00490045256127521 -0.180299522175652 -0.315923264584466
-0.0296428378233447 -0.00865745119815988 -0.137947151302984 -0.296981090785366
-0.0228760971865555 -0.0200953638970746 -0.0659400640194338 -0.205749205535028
-0.00642079010839573 -0.0246490720025484 -0.0392142719707265 -0.0207517966704655
0.0129306543415289 -0.0123452372233005 -0.273570504137769 0.0930454588115716
0.00550080115865972 -0.0199861468051586 -0.533473128194 -0.0668665415050233
0.00540494106259973 -0.0332528307767023 -0.470817600302762 -0.221324172756446
0.0242646273000728 -0.0529261433563642 -0.406295717806839 0.0845188616938164
-0.1495116250771 0.0569649182308718 -0.294184629662021 0.00707957316043816
-0.14606015436347 0.0110775844968471 -0.0996292741989696 0.136098429311369
-0.15770561398892 0.0495882334467008 0.172600928331374 0.0847763149864573
-0.149369400251691 0.128047209530384 0.327753113705069 -0.10959579741798
-0.0455213692648794 0.166586094078073 0.23264257747365 -0.368290291761499
0.0238783134434557 0.151885720820232 0.0188995163115231 -0.418808632380083
0.0526317359654526 0.126705320012619 -0.124546794656856 -0.343014034081081
0.036889797412081 0.108184728360194 -0.176781269994803 -0.288624834867982
0.0282882741031415 0.106939078179373 -0.148827753704586 -0.273888085849987
-0.0216926935565217 0.10355427613385 -0.0742840449699539 -0.195777170849387
-0.0552579193744023 0.0663402067400963 -0.0320060855738049 -0.0258210922318496
-0.0397686177198639 0.0401243138270379 -0.251911227102652 0.109151911647473
-0.0307466182111307 0.0534206452745654 -0.517791156471518 -0.0173657080782135
-0.0910338985973169 0.0748309685222998 -0.457914423753839 -0.181467551962327
-0.150180319990919 0.059414042391105 -0.359380943441804 0.109088931724443
-0.259812140583614 0.132125267889279 -0.197631470702903 0.00438052656901384
-0.240538983753224 0.0517911832514342 0.00541032664990634 0.149180486791689
-0.270596731443452 0.10731258201518 0.236705273462857 0.0512707105019658
-0.254276677631494 0.23980388007719 0.334841913626662 -0.128926008963896
-0.0853384252541356 0.312783754544078 0.206277439918109 -0.336892504094763
0.05307847538576 0.286806131800784 0.0165264317827148 -0.355837829927313
0.122263527958705 0.237586266453735 -0.103221945891834 -0.272293618268012
0.0996309596739334 0.205482395282766 -0.147232871519372 -0.217863681129678
0.0910856136206229 0.20877161611882 -0.147203100464397 -0.205162889184214
-0.00317238840282153 0.223554087416241 -0.091275648992898 -0.150108501261376
-0.0912691507224699 0.171518550256378 -0.0420525012306503 -0.0180746839147356
-0.104731427904933 0.103280284675186 -0.222725593477068 0.123732905662725
-0.0742968142988457 0.107344998873166 -0.472926111438616 0.0490202967930512
-0.166043146109483 0.154435383588629 -0.426587175362084 -0.127531333905443
-0.291436108469905 0.153123123515378 -0.266947011233919 0.113105157053266
-0.329133192229561 0.208910542460634 -0.068106298683162 0.000159755948157722
-0.276571686357022 0.11580872014586 0.148571268129455 0.166235198456878
-0.305277097196043 0.15870481288986 0.318425020020318 0.0124122180597233
-0.300189030796755 0.300011452631336 0.329928129518123 -0.14823491129447
-0.112283604403838 0.39696506757533 0.167234433305656 -0.270845363602099
0.0677575725057244 0.371281851998306 0.0211985471092518 -0.246522964328351
0.167496923655505 0.308661403615038 -0.062238489773151 -0.162728006795015
0.148261183506351 0.270170106743718 -0.095082178013556 -0.115027357060733
0.1491633711479 0.281170131476534 -0.125101011797569 -0.0988757555801445
0.0336362117060066 0.323994922712672 -0.101966703748343 -0.0653503389939214
-0.10462517861802 0.280433381021487 -0.0674032076038014 0.0179575999470616
-0.175409071104154 0.182822179020046 -0.201186429129441 0.124810173784108
-0.135989569355099 0.141522077238351 -0.39652793152567 0.0865227105952628
-0.223034292442322 0.185854533898941 -0.354089582056063 -0.0803898726821804
-0.379488212359913 0.206603816527424 -0.141800669300237 0.100503100382612
-0.347509082913869 0.264498429833955 0.0694371981404415 -0.0152772178947745
-0.255608469035151 0.183016084178385 0.287244725639159 0.187573835864917
-0.261393502969633 0.185770038443996 0.405664723980134 -0.00998363231511121
-0.281319667845082 0.288453694197703 0.320098223873215 -0.159390107501494
-0.12770783762034 0.396308217924117 0.12447636494635 -0.188435877873568
0.0620004085050637 0.389414020115285 0.0282144770585755 -0.112668232605406
0.180694042782281 0.329486306293206 -0.0117520585269955 -0.0320518199246547
0.173498159241012 0.292967884040748 -0.0282819923540925 0.00446443516881539
0.189965110289132 0.311360529024327 -0.0782425604412151 0.0290283194116004
0.0761470374133128 0.380000166620317 -0.0928322901977003 0.0521435448461462
-0.0912137940254969 0.359608385568847 -0.0986497916650795 0.0914516190092166
-0.226505142620255 0.259725819360891 -0.197859624391358 0.122929267086482
-0.203953170365217 0.1592939575927 -0.307617599268069 0.0766638589059964
-0.263690114883318 0.172378659557908 -0.240819234501642 -0.0568313425603388
-0.409095643992077 0.212760889780009 0.00101579229929819 0.0789567740837209
-0.315002037792053 0.28256097739999 0.194230136776456 -0.0435466348038963
-0.203205084108657 0.225120062863726 0.383488103812039 0.209785836155307
-0.174454956222164 0.189706466237894 0.478134934842155 -0.000488146971920881
-0.207854842265376 0.227515961042683 0.315658175635366 -0.163482658101219
-0.116272545942747 0.324819669365929 0.0818324959101249 -0.115804921032567
0.0480631804944641 0.340450385389346 0.0280279800582672 0.014076896650563
0.166943157668255 0.296612517341284 0.0357532780265766 0.0956619692747829
0.171296693031964 0.270075181146593 0.0414797869732723 0.122020663229566
0.193931626260365 0.293361464989818 -0.0147845578091263 0.155895862417149
0.0970766716352158 0.372011254195711 -0.0653318005723357 0.177360947668719
-0.072909991232643 0.372220267367831 -0.124246069496114 0.18628331983472
-0.243784073903004 0.284225869232057 -0.212335611479524 0.126774179240421
-0.245517044011884 0.14920704506941 -0.232972160615774 0.0332234639067218
-0.276864605618534 0.125586200954388 -0.111338871537175 -0.0637829465832556
-0.381938934058167 0.17536173830449 0.138985407920384 0.0578777668267884
-0.234272574545187 0.244643364167464 0.292749353919333 -0.0741778542091733
-0.139214436202461 0.212831154668472 0.429700123358089 0.223637440609135
-0.0905789707186959 0.163745630946994 0.520220780294601 0.0414110610709015
-0.11948196034705 0.153085117505487 0.31681861548501 -0.151586725970459
-0.0814501513233855 0.219208566851158 0.0486017504003906 -0.063527134690362
0.03594499067288 0.244279505213185 0.0227452690272654 0.111678524242273
0.133737293142136 0.219219408231752 0.073796100115772 0.200969858741746
0.143668594619944 0.206606781785975 0.102287647966907 0.221589990083203
0.161758977206827 0.228042913032735 0.0472534072880933 0.263094253727044
0.0888478718936823 0.298341233248893 -0.0359848834933733 0.289049849153061
-0.0537746766980937 0.30424910835487 -0.148252981774542 0.277853889933359
-0.211224887695726 0.236051908080986 -0.237252711148104 0.135639981303692
-0.224965504389201 0.106247296054118 -0.180429085199291 -0.0107126410583109
-0.237258134323267 0.0694264041303844 0.00208561453454859 -0.0776852425140333
-0.298627651814349 0.117844717998749 0.252832692812622 0.043943175291928
-0.110498329385085 0.155116692399365 0.352878978765755 -0.095739127626646
-0.0623838969171852 0.137918747531759 0.439040500033284 0.22323952174033
-0.0264701538511386 0.104673565658232 0.532859763946214 0.0860676361492193
-0.044860133693389 0.0839935005287823 0.314790132876117 -0.13504155980797
-0.0304911820883276 0.114989556097622 0.0274116535150323 -0.0275563775833571
0.0326683496782855 0.128128521649939 0.0215609202677035 0.17459318144857
0.0892558826223263 0.113331385167247 0.101303053639892 0.26953119401232
0.0956058452114926 0.11065432171055 0.145432582308623 0.286950827274655
0.10194142176229 0.123407889630227 0.0930835645390047 0.336227649486434
0.0632359452890731 0.169618495073753 -0.0191164359450777 0.368081405481782
-0.0269698702997141 0.173765780369338 -0.174313014248117 0.344774588419562
-0.1250719018631 0.132454799770313 -0.264068653514208 0.143365347877101
-0.133631272586521 0.0499838291235046 -0.152704745974333 -0.0411814614207401
-0.140091411251107 0.0287915119938433 0.074661372378769 -0.0890824485576971
-0.169421076284704 0.0595459198653136 0.320854795595906 0.03262305815555
-0.0167759745666602 -0.0111909259026642 -0.350762848251572 0.0471342551032473
-0.0168897140019769 -0.0101851727448525 -0.136446999067293 0.156245282936607
-0.00222503912794147 -0.00764081678032231 0.154142631550772 0.108452169038651
-0.0155317375554197 -0.00448417435515425 0.321197486460762 -0.115541034027069
-0.00191436745594229 -0.00815084291235135 0.230689730204461 -0.400666727744942
-0.0130611223938429 -0.00607636377817844 -0.000520478700851114 -0.44861394073092
-0.0301428673903543 -0.00205285222909716 -0.155177990648464 -0.3697781717728
-0.0322949395639356 -0.00272800851601887 -0.213461907804587 -0.313338137300512
-0.0323927546464944 -0.00681703732733074 -0.170661882586075 -0.298449286126176
-0.0255611383494405 -0.0197181764617183 -0.0858203938800339 -0.209070728406729
-0.00887413403363068 -0.0260356176036957 -0.0417475633431551 -0.0186372394357178
0.0132050047763893 -0.0153133225897058 -0.278598289111056 0.119294916107263
0.00270138503910992 -0.021246310985799 -0.562051074452459 -0.0286067376570119
0.00329626956588139 -0.0344350832808541 -0.506984972506337 -0.200814762981914
0.019501528955349 -0.0569732841079747 -0.413230595255201 0.116994405523882
-0.146793363640971 0.0718272759742098 -0.306820496118537 0.0306316404753372
-0.14769280332406 0.0241345603782286 -0.0922467864354613 0.156405395171091
-0.158308464597752 0.0637664682302198 0.189456206449808 0.0824566884890595
-0.144952866723147 0.145435152175638 0.338379741899185 -0.135516107899324
-0.0340015210313948 0.177470337598559 0.218287708556002 -0.403927204281151
0.0376726852997155 0.15459151728384 -0.0117954891790702 -0.438352269803816
0.0641004203908418 0.127501792119426 -0.154833894911482 -0.346403183466148
0.0462296127042502 0.109713520846949 -0.207045310406419 -0.284567123593521
0.0368176852219688 0.107233500143188 -0.179440132077372 -0.272745342665809
-0.0153567758283137 0.108843339954495 -0.0949542863894923 -0.198479021366931
-0.0527644301770182 0.0727930589831977 -0.0354702635290767 -0.0260867329023349
-0.0374405656685608 0.041581870050002 -0.255204963424193 0.134856110532292
-0.0270170335653112 0.0566955540360138 -0.542433808889416 0.0225493704912184
-0.0867516783211462 0.0868730975416716 -0.490326408085505 -0.160555752142227
-0.151015068542636 0.0751839983587183 -0.362069073842873 0.138376533614278
-0.254341424422592 0.158975663811881 -0.206957006378632 0.0202925745425337
-0.242009220426386 0.0747631023518326 0.0189631158062242 0.161326092774725
-0.270291716654371 0.132759635047415 0.253386049027144 0.0421271760029252
-0.245348665381462 0.269515484434828 0.344954202072053 -0.157314624173414
-0.0634680210162814 0.33277973650518 0.192146136072779 -0.369087618591324
0.0790215266872983 0.292091538610982 -0.00927203471397027 -0.372331865730086
0.144944126328128 0.2368555288263 -0.126341278459096 -0.27655504241515
0.119275126546911 0.205681203639643 -0.170088158695987 -0.214130957763409
0.110011816610799 0.207638570289816 -0.172438076274795 -0.200385788538957
0.0140109427340729 0.232052991446587 -0.108701591756554 -0.149761847789537
-0.0824934881389747 0.185317751681669 -0.0468709422559001 -0.0185454592529635
-0.0993831337287859 0.111318544705037 -0.223881026140084 0.146900926352325
-0.0662158283804578 0.115992354844556 -0.489396676424487 0.0874101806554337
-0.157278247433137 0.176754195041575 -0.454376950731683 -0.106894374712403
-0.289063495477604 0.187419200545861 -0.266048934341378 0.135852699372339
-0.318744747200818 0.243322223107963 -0.0731945269935062 0.00551305074780312
-0.27243093059457 0.145428717530227 0.16848476995542 0.167190537040998
-0.300615997044613 0.188063197374532 0.335458514683709 -0.00565381128061922
-0.287248034746637 0.335608295443167 0.337174929644938 -0.177643470895323
-0.0840377467173251 0.422925052936277 0.157200179470585 -0.296932692250334
0.101488035263418 0.379196867660817 0.00349589380758101 -0.259134271888852
0.197532911417915 0.306248118324791 -0.0740081426419069 -0.166327131686686
0.174945038741981 0.268235050443689 -0.107291523387481 -0.111619654531169
0.17633871203413 0.277086705412249 -0.140599069119992 -0.0908421241069401
0.0606373492948713 0.333641529080492 -0.113189644794098 -0.0603716513979282
-0.0869124737310665 0.299888278951923 -0.0730227899547955 0.0203627963677625
-0.167635722462329 0.199467516024412 -0.203233139951439 0.145591649132452
-0.127371634336777 0.155912640488596 -0.4062574066095 0.118851059544339
-0.212230439860631 0.214467348955263 -0.375785635964087 -0.0620655258571084
-0.374511947120551 0.249775491761745 -0.137206101756203 0.112748005960396
-0.335024036079384 0.303695003867 0.0681612180652842 -0.0219028683348731
-0.245531290844333 0.213002999311055 0.313986334249032 0.178727437629565
-0.252329235666232 0.212385085141797 0.424024149662529 -0.0370328496717413
-0.267836915313076 0.32032017372907 0.325421824870977 -0.189479557582223
-0.100434117700778 0.423393940262315 0.117635631931466 -0.206844572546466
0.0960363452755137 0.39795120915607 0.0208934929438502 -0.119625166039187
0.212818513641325 0.326369092073126 -0.0109252279394873 -0.0351940461193734
0.203344235645502 0.289811088889432 -0.0284392930709906 0.00676367363158554
0.221028662576434 0.305144945129327 -0.0811926740852626 0.0385327772992447
0.110454978770542 0.387228195360674 -0.0951144691208107 0.061567606017922
-0.0660316457136503 0.38277971948248 -0.0995591038602835 0.099122254988255
-0.214188798300222 0.284552765727729 -0.200851495555096 0.142723981006675
-0.197411053927312 0.180333206405175 -0.315296365354429 0.0999345689459673
-0.255840727054914 0.202807697495851 -0.257309617289239 -0.0480059110885771
-0.4032526042472 0.258402129854217 0.00837702309855205 0.0789922057370653
-0.300494347891833 0.318331675711311 0.195703834419081 -0.0599266840294395
-0.187753419665526 0.253754420903287 0.415302257741126 0.193094411752678
-0.161151913237747 0.209983196054396 0.500850333227756 -0.0343430922626136
-0.196466228779204 0.250741497216623 0.318656569743715 -0.194748990381129
-0.0955384013728568 0.347280463468023 0.0779498477441864 -0.1278394439167
0.0770614387617555 0.348356969269647 0.0307517482979795 0.0123740892388032
0.19486396378352 0.293220029721886 0.0485731343928295 0.0940191929189779
0.199769198994306 0.266399187457749 0.0531633483616135 0.123789339634253
0.225303489521958 0.286435196392454 -0.00469784781009503 0.165339692475906
0.13238178447275 0.378207202967157 -0.0567078818049166 0.190049864081398
-0.0449786519177058 0.394367519651124 -0.118846992629236 0.200911093098153
-0.229559237983249 0.313706969797782 -0.21738023972063 0.147004622531933
-0.24222765403563 0.172674759195675 -0.241583176537656 0.0477383673091074
-0.273217564480593 0.154475247512355 -0.123332591764247 -0.0651841154000963
-0.378560022802634 0.217123737738681 0.150096869101827 0.0466388613705104
-0.2216924623425 0.271762971413509 0.29538682529964 -0.0993900204571169
-0.124638129867693 0.236004235737674 0.462535169016492 0.203704790589466
-0.0780565173403354 0.177857056379538 0.548624898107086 0.00552253657338457
-0.110566537769429 0.167383404150011 0.320768636810263 -0.184479306533319
-0.0675997564539314 0.235346539346814 0.0455936884985568 -0.0698433739395168
0.0562163304950832 0.251002513804581 0.0330151215491117 0.114735246769457
0.154316484615627 0.216459101750023 0.0966430547048361 0.201202531287224
0.165207290095155 0.202088672059892 0.124785731779224 0.222078174141946
0.187166841664171 0.222688314380008 0.0691430048238586 0.27125842388588
0.11872202276368 0.301968905243951 -0.0166794365342185 0.304376378981111
-0.0301456871663586 0.321585264642 -0.136874360044127 0.30031203804324
-0.199820396939023 0.262774800663798 -0.24250652757827 0.159142390484915
-0.224618755550241 0.127751481183375 -0.191351565865955 -0.00276265247295569
-0.238081925044177 0.0928455886615985 -0.00637960394570512 -0.0892739567125024
-0.297653901448047 0.149499932320791 0.266284803415788 0.0236459467901455
-0.101445734306312 0.169148636797276 0.355889131827008 -0.125656887688826
-0.052424856779459 0.152094895273131 0.47216352974623 0.203863465734699
-0.0176984023511289 0.111758658052492 0.563915329962936 0.0498620291958068
-0.0397859767778771 0.0907295541292956 0.319391518551326 -0.166922393552539
-0.022941139330059 0.123281864503302 0.026016112993283 -0.0300959436355509
0.0436277428472698 0.131122312428913 0.0367035242717302 0.18125097670511
0.100578073258458 0.109492911463452 0.129705205899993 0.271408021561907
0.108374479125889 0.106616551983481 0.176202477296782 0.287061839993416
0.116154194626804 0.119060844039014 0.122814915986284 0.342465436875437
0.0805852970168136 0.170057317381985 0.00673776130206702 0.385212451643867
-0.0134415517121736 0.183597277344177 -0.157248500148276 0.372894902134968
-0.117605787674207 0.147773387322709 -0.270542670219498 0.170221401877249
-0.134961789649017 0.0625058892965925 -0.165701519936073 -0.0376298610115951
-0.141795011667905 0.0415595041786347 0.0683437363972695 -0.106567141792899
-0.169521376186759 0.0763036572116255 0.335730151072535 0.00690733042840114
-0.0149959557136839 -0.00918614030939976 -0.349501327723773 0.0829124132260105
-0.016152551805831 -0.00903991245006945 -0.119696964809198 0.178495540124265
-0.00176736929112928 -0.00858798422975977 0.172853023471972 0.102436128859966
-0.0163578121536196 -0.00243875058149177 0.319697390311455 -0.145797216185726
-0.00400313993074166 -0.00879180969665987 0.196710554383766 -0.430102635117246
-0.0148101087390744 -0.00604061829995879 -0.0425280571139261 -0.455111301904252
-0.0306990807331158 0.00224183665928536 -0.192704678802555 -0.356080682162048
-0.0335121722435935 0.00099576809385391 -0.247837488704059 -0.29336571276292
-0.0344135613795009 -0.00328417962090171 -0.206121337360361 -0.282876565809345
-0.0283814421019897 -0.0172792444635274 -0.109988870490071 -0.202556420338195
-0.0125206757037815 -0.0256128491799347 -0.043305163273949 -0.0151459840148272
0.0117761670192803 -0.0184649623968492 -0.270110403731496 0.150018916358858
-0.000552676904538318 -0.0216614730826053 -0.573462120873094 0.02754804436462
0.000200444497060283 -0.033965474076644 -0.532845867231179 -0.161905638856081
0.0128847206980089 -0.0590863318507009 -0.401906938395837 0.156422850254117
-0.136762810295121 0.0871224006086227 -0.307669914650861 0.0620790171614242
-0.143763734569597 0.039406418919175 -0.0746672298449401 0.174499583275503
-0.151315886249613 0.0796104159243508 0.205208330058716 0.072722629593337
-0.131623647323665 0.162560954715933 0.335444257844574 -0.169206313260843
-0.0157865636833211 0.183684931532408 0.18374788351491 -0.433807214020685
0.0542757462055248 0.150741446114379 -0.0541959553529221 -0.443143692066827
0.0779196697504948 0.122434415761042 -0.190364013407288 -0.334935202524294
0.0576117236829421 0.106272859847788 -0.238092425681315 -0.265007061528475
0.0465710574163197 0.103736553402703 -0.211818812051763 -0.256267211131782
-0.0050237849447541 0.110365347195464 -0.117369401483606 -0.191097116969379
-0.0468070154018546 0.0781626125005558 -0.0389708395337316 -0.0240817597508674
-0.0325500715670768 0.0422026579863494 -0.245694455819334 0.163243528176877
-0.0206747058845305 0.059815941390621 -0.547354010800366 0.0773682657271409
-0.0767882978836537 0.0986380171201693 -0.511847453322353 -0.121198365951601
-0.143956909453086 0.0937071369939562 -0.34807681922884 0.172640736277354
-0.235785265156552 0.185470864261595 -0.208833297566229 0.0410426967096878
-0.232154922720368 0.10000755175903 0.0375298335546782 0.167562329130156
-0.255960113661037 0.159968901190973 0.264826831237918 0.0249927826480059
-0.219082762097696 0.297593778113946 0.339425490898015 -0.191567392166922
-0.0283408939659089 0.344622927691767 0.16104251630459 -0.39533521751667
0.111512882731129 0.285136785586972 -0.0465060355926308 -0.37561481389177
0.170405117343688 0.224310332692857 -0.153213130900744 -0.267422564919849
0.141281287656304 0.195535859553381 -0.193274622774432 -0.198287397233546
0.130342502288319 0.196293065681095 -0.197355884189165 -0.182742681376059
0.0368075149769527 0.23176895184034 -0.126527750002344 -0.140479836201359
-0.0652460217864535 0.194299295304058 -0.0517663010096948 -0.016794299383837
-0.0883025928576598 0.118008382869698 -0.212862552584495 0.171975019050951
-0.0530336761011992 0.12243192277857 -0.487724046665842 0.136769243132947
-0.135652021082896 0.196372471724649 -0.471723189008992 -0.069669878742476
-0.269182563071243 0.220870122230425 -0.252155803400446 0.159885108546189
-0.291423634523268 0.277411353656336 -0.0761075741521876 0.0130881796550023
-0.254297340294055 0.174868534523712 0.189221926417278 0.157619838350185
-0.280411933355644 0.217553889881442 0.342365948424853 -0.0324757342762365
-0.25538580798457 0.367113339998163 0.328986151199464 -0.211571254964354
-0.0403048915480968 0.436457508310507 0.13245604756603 -0.318939581466547
0.141709029790473 0.370113967560747 -0.0214388947687198 -0.262005016287438
0.230580394002567 0.288531155648228 -0.0884884512728536 -0.163045403402359
0.203290313462237 0.253061344243251 -0.118800616204263 -0.101661168269895
0.205090508621044 0.25928090293069 -0.153445290824612 -0.0749314581739539
0.0951624360008997 0.328751646776125 -0.123331862839295 -0.0497485106222528
-0.057725901649841 0.311454715893302 -0.0761027139327879 0.0240558370307119
-0.148289821388177 0.213645462083997 -0.193346194974849 0.16769959267943
-0.110142066990616 0.168096200392605 -0.399141445115726 0.159083737618082
-0.187000782349082 0.240572558100309 -0.387841219394755 -0.0328854794254039
-0.347500960522295 0.29483600060549 -0.125295413744874 0.124620397080563
-0.302243045621892 0.338671128325165 0.0636440049649045 -0.0287942061282295
-0.219028992916903 0.241615785140945 0.336594562119786 0.154746563049944
-0.2265075703433 0.237088036761211 0.427407968523143 -0.0752291930757776
-0.237180776123756 0.34838037176636 0.314665583050192 -0.223465274915253
-0.0581248458414155 0.438521132626695 0.101742631717014 -0.222250274384493
0.138628131606375 0.390322521532409 0.0107494457243694 -0.123408859360061
0.246489247317211 0.306553623809256 -0.0111529674247967 -0.0375798263941228
0.233956211565672 0.271304169204839 -0.0270027320490496 0.0095346823598271
0.253266576141318 0.282632469044607 -0.0793055159936756 0.0491525067680732
0.151899605843309 0.378037148235197 -0.0921787321468971 0.072044300307835
-0.0269341735089365 0.393550588601353 -0.095632826611524 0.107395397052032
-0.187410355632066 0.305490319844141 -0.193409935807183 0.163780822248511
-0.178850139332045 0.199788888241487 -0.309452743767797 0.129263321808973
-0.231035405551504 0.232952408843811 -0.267949439425307 -0.0303424771681996
-0.375630762765113 0.30724699333927 0.0173510084080916 0.0752408256419145
-0.267694605470782 0.351255586521239 0.187648485903309 -0.0805852219454994
-0.158017411620164 0.277834680949888 0.439635227755514 0.15928436073785
-0.135657760251769 0.226281936471849 0.505712374908754 -0.0809499385272841
-0.171592181355348 0.270372596688234 0.305444173246866 -0.229053392999476
-0.0601747668430874 0.360883805912959 0.0672847648191652 -0.137446030393846
0.113570688676307 0.342292935126781 0.0339938279772508 0.00945493720977347
0.224931748407197 0.275159277118966 0.0625838944697746 0.0865990837747029
0.228606085055831 0.248324875134896 0.0672396804172383 0.118170813168986
0.255815996278696 0.263732569648103 0.0115064949488794 0.168696786367809
0.174129320129673 0.366042394566052 -0.0399898455736378 0.198142791479331
-0.00337558951038768 0.403688908974635 -0.105438339944235 0.212831319137059
-0.198698543713789 0.338493403454476 -0.21146247667138 0.169844100956921
-0.225712855690748 0.19801630211921 -0.241978467576962 0.0674202480992054
-0.254948220712378 0.185423468724374 -0.13536380545541 -0.0614523170819486
-0.354897207648359 0.262250176188202 0.155968354243583 0.0287324714669022
-0.194461973682606 0.295837485111041 0.284703775526611 -0.129511298421011
-0.0971153089456704 0.25367036067191 0.486369835697947 0.165227516523192
-0.0557307630897684 0.186721964263229 0.558306164847803 -0.0471804951110921
-0.0942613365730655 0.177915139510214 0.307060332930419 -0.219504518886626
-0.0436064313341923 0.245082154478523 0.0400359966625227 -0.0751283639847422
0.0820036233802232 0.247560481360641 0.0462807516355583 0.113159644107624
0.176302378888163 0.201949609042542 0.121405724428007 0.190430868508789
0.187792912264772 0.186394923977861 0.149820405297734 0.21050991394621
0.211866732845563 0.203705674410133 0.0973248999999527 0.267222443980632
0.152564380105797 0.2916205043517 0.0116613635818206 0.309392406127463
0.00379970653555363 0.32985402536808 -0.111260170788971 0.315114622042276
-0.173288462787535 0.284877379077339 -0.235781779073042 0.185478197346815
-0.213934779770174 0.151919834354679 -0.197439296656754 0.0102905233024521
-0.227623592353683 0.118715962932826 -0.0192242654167391 -0.0971749951271645
-0.281196559021615 0.184100190832532 0.27063510187731 -0.00613883446362739
-0.0848077086265792 0.180418568801735 0.34381017968354 -0.161554995361755
-0.0344660368072267 0.1617649010524 0.49454547606394 0.163719774913785
-0.00359746335572947 0.115229947250939 0.579058782881327 -0.00317446365979134
-0.0305739066601468 0.0947707958924901 0.306785720817456 -0.202047408949259
-0.0100809100057259 0.127724625399429 0.0234400570633994 -0.0326512177530144
0.0570047157578581 0.128401676270905 0.0562213938979429 0.18076738670188
0.11139664065474 0.100306701416166 0.162578723883835 0.259423007958471
0.120721211916699 0.0959315302490684 0.208096562682207 0.270505907486968
0.129623126122742 0.1074401939387 0.159349989914972 0.333854639335024
0.100469859932466 0.162080979184067 0.0434413409025645 0.38895307395087
0.0068598744209096 0.187477110485295 -0.124358575193096 0.392421432067439
-0.102427793113005 0.161039532749281 -0.262293590939881 0.199409548112917
-0.129599752789803 0.0772152933030186 -0.175994793100442 -0.0278553198108057
-0.136761475617239 0.0569921659308535 0.0540346436902368 -0.122107976233753
-0.160789220220057 0.0957036667083645 0.338938247918546 -0.0289013939798028
-0.0130619808276798 -0.00739866775769008 -0.331768420061844 0.112607219422296
-0.0150235989382709 -0.00828148846354881 -0.0975664935274448 0.190160273120301
-0.00226080341405124 -0.00994956865423852 0.184343597985431 0.0913675669909903
-0.0159453341701862 -0.000125389139231345 0.30648519089744 -0.168450404685175
-0.00550643584226788 -0.00818829417710459 0.156031948636297 -0.43922204438775
-0.0156909142570111 -0.00509063704604758 -0.0807614928583511 -0.440611663231985
-0.0288174844826339 0.00543863264175124 -0.217214918249767 -0.32821554019637
-0.0331903871461317 0.00438498472377451 -0.268445692064533 -0.260878549613974
-0.0342854965155476 0.000107344463197469 -0.229272514490794 -0.255158839055469
-0.0291329862507345 -0.0144439612464991 -0.125866520396904 -0.186778981384095
-0.0145079141042438 -0.0244991177630687 -0.0426995062521938 -0.0119983367034242
0.0101011498975716 -0.0201977213023969 -0.24950180881458 0.170553104116165
-0.00266826019016763 -0.0204390521815212 -0.558097173322598 0.0756160843548092
-0.00209498210260557 -0.0325558533420731 -0.532880038050184 -0.116353610953063
0.00651619662005607 -0.0584069750837743 -0.373919392534112 0.183202705776262
-0.121490084842204 0.0961629057902399 -0.294250298814639 0.088002061139798
-0.13273205246744 0.0497818345129542 -0.0535993882661478 0.182109036516411
-0.137835942854353 0.0883886399157481 0.212172967520308 0.0598535621095792
-0.112668656431374 0.169816393476867 0.318518130237321 -0.193004204316203
0.00190073670467439 0.18020334730881 0.142109722124647 -0.441175323384815
0.066176868145961 0.139739886093711 -0.0904910361663366 -0.426468744473335
0.0870544708977867 0.111781392889956 -0.212567449208777 -0.30820244945189
0.0647223777730315 0.0982246780395179 -0.255187888159969 -0.235437512519002
0.0529386584947073 0.0962547150348485 -0.23180804731724 -0.22759290764704
0.0042147517871792 0.106891152512878 -0.133011081638174 -0.175286525880376
-0.0386877464884563 0.0790859578643479 -0.0408941413749179 -0.0222062257011732
-0.0277076952096578 0.0403499891684036 -0.224254733421078 0.181823644859718
-0.0132707298790371 0.0588346858515021 -0.526637731107586 0.124282885899434
-0.0620593135794614 0.103861633580144 -0.510910961021707 -0.0801268463177432
-0.128565067390627 0.104801781794762 -0.3197158483714 0.194254325302193
-0.207077160299523 0.200113108844599 -0.201241833353316 0.058742391286049
-0.211124439720703 0.117486974003573 0.0544658561535844 0.165375385193911
-0.231276631275056 0.175578806576925 0.265032256839674 0.00743680863986689
-0.18591412554979 0.308922957501042 0.320274867170425 -0.215757157014397
0.00530044954867368 0.338179840665794 0.123570690199143 -0.401572043804989
0.133469669763881 0.264976699623982 -0.0772511553080126 -0.3622282101694
0.185548001061433 0.201141142321416 -0.170968054881398 -0.247256809881927
0.154061350692897 0.177724047799591 -0.205141538870302 -0.174517265292866
0.141878185958475 0.177021142646164 -0.20996070486409 -0.156997467684373
0.0560517800477184 0.220305641872371 -0.138097656214891 -0.125739778435529
-0.0466045435403558 0.194111898464273 -0.0545997279599185 -0.0145876353271789
-0.0756078834876777 0.117569679724835 -0.193045621275074 0.186507106644949
-0.0377905019402963 0.121121445333739 -0.463140473685313 0.174374941199618
-0.109150457865629 0.204498779830649 -0.468047170091485 -0.0328309196211417
-0.23557330032621 0.24072988443645 -0.228563406592146 0.173418313580664
-0.251959684263007 0.294481449452128 -0.0758934855478962 0.0192680705868106
-0.224738362846173 0.192136481095782 0.200332982162892 0.142235984214492
-0.2476411402951 0.233294909110825 0.334376973051366 -0.0562205353286739
-0.213593599470436 0.377979429198937 0.307251771425592 -0.234584982974344
0.0020769702872412 0.428194555552373 0.102700323496808 -0.322905332921339
0.17264179147487 0.343368621547446 -0.0425513626686804 -0.253381044949045
0.248941691948065 0.258525879956063 -0.0978087349501171 -0.152782398265015
0.220060796552908 0.227203444991368 -0.124145424693002 -0.0888857792367449
0.220329124323825 0.231187914000871 -0.156894027106692 -0.0567408473144019
0.121426653256593 0.308569625861442 -0.126583510289809 -0.0376331265107399
-0.0287216515859195 0.3068916187978 -0.0765042961042528 0.0274743086748508
-0.12493630112026 0.215418122670152 -0.175569448705248 0.179458451726862
-0.0886797710159428 0.169691234603598 -0.374404114037109 0.187751061193957
-0.152588701782793 0.251229651603488 -0.383586664349299 -0.0039636189015448
-0.303734770200614 0.31928408715677 -0.109834778606431 0.127786712151742
-0.257283135993623 0.354734589923066 0.0547878769537366 -0.0340668319849297
-0.183690279577864 0.254312261545827 0.341105136784436 0.125234175153662
-0.193173641544846 0.245897174893532 0.413409494520392 -0.105259578708449
-0.1976582294543 0.356056989179006 0.290625030413962 -0.244538011801418
-0.0153118068771569 0.431172216290744 0.0811140901735965 -0.227084453830087
0.170417361955615 0.364021493590453 0.00101305629051604 -0.121278674883247
0.265771589023211 0.274669157529275 -0.0111340234645781 -0.0386980619487649
0.251570256438966 0.242608143867557 -0.0244585009758103 0.0100294816103062
0.269448737152281 0.249274645600695 -0.072986733999155 0.057064412730997
0.183007965894748 0.350840474215723 -0.0862341131910039 0.0777685006932723
0.00961706489550555 0.384875978556979 -0.0902221739805117 0.109841059332697
-0.154558031075367 0.310211340063243 -0.177500097670607 0.176237836357975
-0.153279332383562 0.206704236077427 -0.291513205594838 0.14848951492628
-0.196984085295731 0.248488706794819 -0.267706473464452 -0.0125161428704225
-0.328355258021953 0.334693122501994 0.0241172079413642 0.0682828235509
-0.224790914553262 0.362501552962377 0.170898920810993 -0.0940939675394274
-0.121487430638817 0.284620725552071 0.441067558484328 0.119652591337775
-0.10538505059551 0.227890139460049 0.487374786181975 -0.119929009166161
-0.141060468044239 0.274299313261401 0.27929604925318 -0.249950883609121
-0.0256676900024457 0.356132109062813 0.0550101571127616 -0.140250901993157
0.140042100032172 0.32068641214117 0.0356893764741914 0.00578199427037046
0.241638071440897 0.246105050352083 0.0712829252870592 0.0745217766639459
0.243507371788509 0.220278658209931 0.0770940759634386 0.106878313634876
0.271772893232365 0.230423880816148 0.0260184644518945 0.163411987061029
0.203941732812099 0.337303370550057 -0.0243701600856565 0.196222511358277
0.0348595490918571 0.393034568346165 -0.0892566038991226 0.213886415398992
-0.161773735677694 0.344297538470195 -0.195687858568394 0.184173132778944
-0.19944174360762 0.210238769679652 -0.232770303923453 0.0819429666399126
-0.225379526506458 0.203908835070465 -0.141734985262852 -0.0550358654741998
-0.312358751757639 0.289145943898545 0.153523053850601 0.010260607692746
-0.160296983409915 0.303494211507617 0.261216888318896 -0.149896851833699
-0.0659606710749976 0.256902139310526 0.485647474773156 0.12097966627435
-0.0321593532311612 0.184073389158637 0.54077358455836 -0.0917164054941588
-0.0745291604042748 0.178247306678895 0.280751726574837 -0.242282048246476
-0.0199078117064647 0.242182146943316 0.0335149332723735 -0.0768183031307582
0.10168457314929 0.232322981401346 0.0568891803329602 0.105927980816213
0.188098504518365 0.180273263292087 0.13745933851036 0.170094286270887
0.199122065759829 0.164010704363121 0.165442456046102 0.18832031579207
0.223921311980122 0.176155374239696 0.118317558269455 0.250611971354968
0.176177089411039 0.266248384150568 0.0362636596178891 0.299919581872219
0.0357496091084779 0.320429743842779 -0.0854317799946968 0.315582440960867
-0.140878618574638 0.29140109183969 -0.218636532194297 0.201496908014007
-0.192716750500937 0.166123023134223 -0.195675798470913 0.0212842580746645
-0.206535039000165 0.136608499320409 -0.0328671345702743 -0.100574887006929
-0.249900659314983 0.20587814893057 0.261019926724564 -0.0329648451501109
-0.0659999338115448 0.182588251477327 0.31534996208951 -0.185104545874734
-0.0154197539440227 0.161674813601958 0.492559410098641 0.120456341170294
0.00974723406690071 0.111543472875693 0.5662216289809 -0.0526405062277766
-0.0211236279035128 0.0938558833656903 0.281375268447245 -0.225149606074574
0.00209924802035511 0.125290374678588 0.0206442510207496 -0.0333145333082356
0.0672440244158003 0.120187320281763 0.0734368715796875 0.169955370711237
0.116340211331932 0.0872316533791926 0.18331850560391 0.234459491524055
0.126630804584395 0.0816669158623502 0.22844087570095 0.241339324494533
0.135800591368495 0.0916341287237287 0.184259456607701 0.308884110626978
0.113363840973379 0.146183865795265 0.0749646599894856 0.374771161214006
0.0250944973480389 0.182237503260561 -0.0893831569541832 0.393369545805515
-0.08334150222824 0.165023015235041 -0.243081296694484 0.218091221312735
-0.118089503848126 0.0869661793537459 -0.178841304379973 -0.0177242919516045
-0.125532199223496 0.068369405041878 0.0371041764099427 -0.130966677479362
-0.144823699553213 0.108504604399384 0.325406012496919 -0.060335688201314
-0.014020675350916 0.0011543200693062 -0.288695540861223 0.17128362829002
-0.0114863416627747 -0.00381181115935991 -0.0507260484984417 0.204217489398859
-0.000622137101386765 -0.013014858483692 0.200028892575131 0.0551267303008629
-0.0160028451954051 -0.0046202230335455 0.266077632213565 -0.218842343091888
-0.015652962447177 -0.0115730393141907 0.0667490940772178 -0.451267096458148
-0.0227359776533341 -0.0013914336928513 -0.156452511036598 -0.409427710920937
-0.0285867628825792 0.0124228904160486 -0.266735690463827 -0.277891772431352
-0.0336055044919189 0.0106526729079631 -0.30044198684988 -0.198437699761666
-0.0354532136678813 0.0075735372993443 -0.268735747043779 -0.19999703201676
-0.032323177169441 -0.00944963296583317 -0.157324264450566 -0.153088363403585
-0.0180182132396789 -0.0211032615554893 -0.0428810593498315 -0.00410805114720038
0.00299425199918418 -0.0202244930348488 -0.203350645020027 0.209135026525633
-0.0107794651420239 -0.0182098508327531 -0.515048203431834 0.179027745000114
-0.0135484814618373 -0.0336667392629126 -0.524016811954369 -0.0128258566239006
-0.00709023171978201 -0.051458421647889 -0.315859602659203 0.231227160445785
-0.0984662713721182 0.111914812337969 -0.264077665249382 0.145793472169494
-0.109118821231702 0.0685520433996743 -0.0161453482037863 0.189250042046097
-0.109277939636898 0.0978958868564265 0.20919392836993 0.0250390285407888
-0.0753930933808885 0.167768890326382 0.261758475878016 -0.238019961268306
0.0238253605882305 0.161515826892405 0.0513898678407904 -0.438451200522224
0.0782025006635213 0.120965180127296 -0.161189003110322 -0.386765041981381
0.097557352476018 0.0904237829955091 -0.255627139165767 -0.253297955218981
0.0732173338988857 0.0840676616757915 -0.284903609352537 -0.176272721818027
0.0615950673052265 0.0841924316750641 -0.268046106936405 -0.173254109359172
0.0191499124267532 0.0989422729682155 -0.165626281339296 -0.141589382643393
-0.0268367137192101 0.0789264188007465 -0.0447905382644479 -0.0150636918427576
-0.0232004892741743 0.0414076716135727 -0.177690538082049 0.21344616563952
-0.00746139086438873 0.0566581584788466 -0.475605260678968 0.217415868290276
-0.0447264315364473 0.104863562557857 -0.49857079407824 0.014873623897818
-0.107390372464025 0.123806891269304 -0.265424786255059 0.230762010682435
-0.160507517360773 0.219059822089575 -0.188799724912057 0.104644435867045
-0.168900508763454 0.141358244051318 0.0795442702456841 0.154302252248387
-0.180572934058307 0.190962851076732 0.241323828446706 -0.029828607792526
-0.118332044761686 0.306986186402971 0.248458178633531 -0.253593988846747
0.0535631656213493 0.308124084497463 0.0414339116967688 -0.386404645877957
0.16306525132199 0.226177267244889 -0.133107681184663 -0.321238072536444
0.20494559378829 0.156192324341866 -0.202595114224829 -0.197643982857986
0.169208646596675 0.144614756556551 -0.226760198892714 -0.126816571034338
0.158548089765473 0.145393219214986 -0.236238334050516 -0.109897010027638
0.0862599612737736 0.197640472626387 -0.164312239015608 -0.0923482991703978
-0.0181350373325557 0.187741761477826 -0.0578041169444029 -0.0059809733557848
-0.0566474604990512 0.120275928018539 -0.14646367359912 0.209978449108768
-0.0192957667145599 0.116439948389571 -0.406455403787801 0.254467774727665
-0.0695164869555403 0.207545143855858 -0.450976773126395 0.0485530869461048
-0.184470654663624 0.267912382815555 -0.185064282653901 0.1946251918673
-0.18728628543437 0.309876855447064 -0.0825892634803578 0.0471146234903888
-0.166954919525927 0.208971519613371 0.21170217111305 0.106693415036
-0.185686670782227 0.243854303714049 0.291712917778811 -0.100356805872939
-0.132769384192072 0.373692691125205 0.226976107447481 -0.265509594650905
0.0670851092284908 0.392513597995876 0.0356775088481588 -0.301317058773191
0.211964359639431 0.293534768178086 -0.0779399408839835 -0.220700769886861
0.273177951456885 0.19827028658619 -0.114461599923628 -0.11604744516399
0.239235454085894 0.181422365725585 -0.134143784200959 -0.0596651312234849
0.241610361304403 0.182676172508753 -0.168379130521629 -0.0232263798610236
0.163652981367407 0.270325929758934 -0.139771887357794 -0.010132130958496
0.0156313140018312 0.292472498027368 -0.0734233288731321 0.0377866160688726
-0.0878215160680186 0.221672464133743 -0.133619453757176 0.198105328092382
-0.0590152966168241 0.168092834738425 -0.323234419209336 0.247498784464837
-0.0998005822681722 0.258935890782271 -0.368172010730126 0.0594249611089406
-0.233021105189562 0.351844808707318 -0.082660457013097 0.13129309372896
-0.18208815317817 0.364483229087533 0.0278364173118682 -0.0252428766298464
-0.117114459092341 0.257823679762562 0.342364292232145 0.0659270939832619
-0.132602051571106 0.243917648753345 0.359584126206894 -0.160754918599307
-0.122400645734581 0.35018872173172 0.209679088644565 -0.273329024924407
0.0536502192500776 0.397971931047789 0.0327117555762798 -0.20436140140995
0.215023977346409 0.31250638953685 -0.0118726016529002 -0.10169612632063
0.291898930246196 0.210273557244337 -0.0109853492517475 -0.0214020389536669
0.272241838775719 0.190024052875261 -0.0220932270472391 0.0159511932775587
0.292950622460895 0.190526825079501 -0.0678361325020028 0.0694982023377829
0.229368271686118 0.300541045803353 -0.0798383507563355 0.0939828653499054
0.0633552125071556 0.360963403735807 -0.0715366349408397 0.118857209235662
-0.100585673488253 0.316614837078 -0.138729827882746 0.193022213737009
-0.113795290920995 0.211698044209169 -0.254202693623945 0.193813085030554
-0.13971814693109 0.262883455495611 -0.260859133418862 0.0291012327448276
-0.251928545243459 0.368716872379973 0.0316189220037269 0.0520699317038691
-0.150448924720028 0.364676712351409 0.125925847298951 -0.104373691122189
-0.0537183794036939 0.274836721741727 0.436538102166757 0.0427878243243944
-0.054576498339047 0.211936451516251 0.432458575089498 -0.189478750250805
-0.0855151402560039 0.26412120272857 0.203049911590115 -0.279754200188835
0.0320763726575791 0.330640976326963 0.0234155055982627 -0.121726834133967
0.182010724926056 0.277480550859468 0.0429180209244112 0.0117851455765972
0.265851019308477 0.18818898719688 0.0883943243209448 0.0710991080197139
0.262128380560899 0.169970352298036 0.0916280119670905 0.089051954410315
0.29304751171035 0.171318865218268 0.047398102642083 0.152021808984223
0.249402202137941 0.283909905209194 0.00255714623743932 0.194866617407553
0.0910834018032533 0.366409854530616 -0.0506665364284323 0.218844650694125
-0.100999078703473 0.351939563479123 -0.155395553113032 0.203468266444391
-0.155929684192208 0.223115957537718 -0.214444992004835 0.117399405001239
-0.172770506010773 0.225801181947685 -0.151440185124786 -0.0360599445098515
-0.243141699081568 0.321976405026277 0.142174525995438 -0.0236909767107483
-0.100206652912074 0.298730902372542 0.202083005873058 -0.176360412965955
-0.00829193379431131 0.240091390876526 0.479159200674367 0.0363342983766575
0.00653655634745232 0.160807352896097 0.492764144165776 -0.176842082797764
-0.0404220382861419 0.166093073957948 0.212293285464958 -0.275728379232293
0.0196414760144585 0.225860142630293 0.0148841840935824 -0.064253999464956
0.133259978342909 0.200712331932466 0.0799177725227344 0.0997662168440238
0.205390918398262 0.135141937246712 0.168133204807895 0.148281195118358
0.213151616469491 0.123583956053913 0.191601345481145 0.150016310761879
0.24065865198766 0.128699182008781 0.153554086740045 0.216973106439062
0.213420110189289 0.222336429573329 0.0828201902807128 0.282360510854549
0.0819755766670765 0.299126962483113 -0.0265428045748644 0.314721668405275
-0.0893753941255057 0.300037013668731 -0.173874089505655 0.226230802199232
-0.155858374833277 0.181851586254733 -0.191357107124333 0.0524290215342553
-0.166741849230279 0.160122912470637 -0.0572633418809603 -0.0983228851370087
-0.197497598786243 0.232300972466681 0.236029357351845 -0.0816368277860158
-0.0325912659644241 0.171998313263182 0.251885356112313 -0.225194531670553
0.0208772632645688 0.145673242689711 0.487906154649016 0.0314036358651563
0.0326405898016868 0.0896815499961794 0.528582422967605 -0.14783175953173
-0.00614289279918814 0.0814307205857538 0.223029773135907 -0.264360593329721
0.022463490912792 0.115119208810773 0.0134254794270343 -0.0276523871810917
0.0845848047603372 0.101683584985442 0.106044816655223 0.152954002768185
0.124595523833376 0.0605315415250494 0.22333169285372 0.196945833143833
0.133578556945366 0.056264696843231 0.261470770704121 0.187106711467417
0.145968242696832 0.0628623134123235 0.230103381170687 0.260042384163578
0.134204908961316 0.119417544546373 0.137727144485455 0.34587137231695
0.0527462156145327 0.171262113134503 -0.0123013334420001 0.390401789395271
-0.0549219934252345 0.171611760803623 -0.193484697704525 0.250169363605865
-0.0985979417907142 0.0977642093201365 -0.182255254373129 0.012547256531975
-0.103445639266249 0.0832921815860378 0.00324211124638748 -0.137972081371073
-0.113715220508153 0.122590454643739 0.292555088590307 -0.116995082140182
-0.0115535816077096 0.000655711309030209 -0.276460236024467 0.170778758565656
-0.0109122483324732 -0.00426593790814529 -0.0408300443457619 0.203005707058713
-0.00181068578191691 -0.0139240408925344 0.203401916090062 0.0543235354579368
-0.0149989822666486 -0.0042148537848588 0.262406458139298 -0.217132018732072
-0.0153699096761423 -0.0103358561312182 0.0594651651851388 -0.442741418697432
-0.0227153042683593 -0.000848156894029739 -0.157542965080944 -0.397962525112399
-0.0269252048256837 0.0125679412295155 -0.260749436857858 -0.265721772668713
-0.0327051313197544 0.0117132678247304 -0.29403136757637 -0.185691062496303
-0.0342323450589882 0.00926748882810561 -0.265606445155446 -0.186903062805577
-0.0316241835257017 -0.00860503648362041 -0.156159214955707 -0.14556260474669
-0.0182080557222867 -0.0202494527180093 -0.0412619665685034 -0.00472512925067917
0.00270011335518422 -0.0201817751358652 -0.195942399355401 0.206168690703945
-0.0104916130440136 -0.0160918119336091 -0.498318198527522 0.181098202260548
-0.0130712631141665 -0.032671123495718 -0.511434439080942 -0.0123847661240005
-0.00830714097813783 -0.0495317529588667 -0.30185855382034 0.222905025373658
-0.0905793160794496 0.108776846100545 -0.25454603022806 0.145910757288054
-0.103195181828477 0.0665857589206155 -0.00727906682956151 0.187966718820842
-0.104889137996406 0.094859939932837 0.211892481593744 0.0254365661153134
-0.0701007716892667 0.16413552944546 0.257605711543737 -0.235862566884228
0.0265510666707267 0.156641748498085 0.0451767954385334 -0.428905425950063
0.077528641758544 0.115438820029066 -0.161591874108659 -0.375307435823639
0.095518423012669 0.0857002562894056 -0.250261588377239 -0.243330972591066
0.0721470681770315 0.0812933721686779 -0.279323173953148 -0.165698015160703
0.0596186205438512 0.0812754228377398 -0.264836921965521 -0.161154501459526
0.0189556115020759 0.0952749135998473 -0.16386345218037 -0.134209243432837
-0.0257133025171533 0.0758736289667667 -0.0450056439675365 -0.0153498008771005
-0.023023611613461 0.0375726828508487 -0.169452766819749 0.210413755578409
-0.00447091427572834 0.0540477828759482 -0.461150147511376 0.217631157793208
-0.0385713682271046 0.101827010138551 -0.488376705083449 0.0150639110366149
-0.100003321041729 0.120960121603819 -0.252722985416513 0.22263762733692
-0.148246724822046 0.213070985606531 -0.183075255765832 0.105384799140324
-0.157836972612926 0.137002905721721 0.0842338474995697 0.153206936027827
-0.170875504547728 0.184329370237008 0.24162018857346 -0.0287215423760993
-0.109412504575127 0.299085269617168 0.244136864687958 -0.250712890358528
0.0593973656338147 0.297628180135704 0.0359475329292428 -0.378944124879624
0.161684693539413 0.215577382701242 -0.133058746466565 -0.311491100510777
0.200484268749846 0.147621676199253 -0.197163398594478 -0.189780021187475
0.167039836960468 0.138254129137012 -0.221626617358209 -0.120076004722474
0.153736491594457 0.138704139848417 -0.232116498686727 -0.100340974689337
0.0856526564956587 0.189257054021149 -0.163132646293512 -0.087283716801067
-0.0162298088436186 0.181428120249009 -0.0600020313452598 -0.00570924279368542
-0.0547621952344094 0.11307001781581 -0.14028608010803 0.20621679323895
-0.0144576684761819 0.110796321512538 -0.392585730064579 0.250255511322643
-0.0582101474676315 0.201567919052529 -0.441793197987037 0.0479962873976715
-0.170714377887437 0.261568575942351 -0.176078815669592 0.186787574417967
-0.172352886647075 0.301547908474825 -0.0828089987656862 0.0484892045740713
-0.153381471357815 0.202478860113741 0.210249967607566 0.104847956159257
-0.174513767095275 0.233763374543629 0.288882882178066 -0.0977281513216873
-0.123438929105286 0.362866541572657 0.223273841219657 -0.262208137378093
0.0732068485104823 0.379479574205253 0.0325982584271667 -0.294853587516316
0.21061509578925 0.279144678141121 -0.077542084518485 -0.214195445811115
0.267522026825762 0.186173209930328 -0.110965655043326 -0.114045926866117
0.235598498441455 0.172611203211131 -0.13139123964709 -0.0571552361632688
0.234648789679522 0.172677339183116 -0.164526726928439 -0.018376383912553
0.161566550806593 0.258161076587745 -0.138816628968192 -0.00725762598913729
0.0187614341392915 0.282248042731752 -0.0768393314479658 0.0370295558667709
-0.0843942696743561 0.211411648594713 -0.129259586334432 0.194677644076246
-0.0520864340109089 0.160184352148523 -0.312083034530816 0.242250036995528
-0.0861477917118955 0.250281929585057 -0.362497743720651 0.0580333465476215
-0.214190863812115 0.343101636380507 -0.07776186997924 0.124324112923035
-0.166887563274013 0.354310328450122 0.0226307703299752 -0.0229135862262129
-0.103203836402991 0.248551122183874 0.335109872520629 0.0642246888566168
-0.122530104901815 0.232043009043765 0.352790978025079 -0.158007764829162
-0.114140708117176 0.338671465722029 0.204427668031721 -0.269489839024719
0.0583508631850734 0.385137257964504 0.0304567299135547 -0.200675416219058
0.21268767522074 0.298050269269704 -0.0110850003616537 -0.0995636253176488
0.285341616465873 0.198337316040486 -0.00911406258232976 -0.024473345375841
0.267281132515239 0.18031600443055 -0.0215024091721339 0.0138819291817342
0.284448921951332 0.178800298698672 -0.0648890978878807 0.0694854595275277
0.226033628417325 0.285641956444517 -0.0790976626947997 0.0927837087098892
0.0681832305977439 0.34791235777348 -0.0753521066297602 0.116818400673005
-0.0945661036242913 0.30482143941854 -0.135583983444494 0.190505922587378
-0.105025267215123 0.202956659865231 -0.247865450957739 0.188008102859369
-0.124177234071232 0.2542208335286 -0.259682541996302 0.0270307343108359
-0.231152118790243 0.359327008141535 0.0302457984966363 0.0466898556031621
-0.137878569516909 0.35428933333581 0.115607547704235 -0.10061053303626
-0.0422117183667948 0.264917772842618 0.425071190521426 0.0416425818871402
-0.0460087011219819 0.200532312668681 0.422065473932367 -0.188132135640914
-0.0798187367364466 0.253780546537248 0.196292395117426 -0.275994498059324
0.0360208450824459 0.319998583153299 0.0222161209544178 -0.119681543289926
0.1806610779564 0.264610436085693 0.0435106979188823 0.00953150963435335
0.258938852862171 0.177649304083641 0.0879009462493531 0.0634618991251505
0.257784969588148 0.160522737524021 0.0905286646952536 0.0822054683692935
0.28555179977064 0.160526036854047 0.0476631725783572 0.146763917341003
0.246109825364936 0.269045473159224 0.0023902170042322 0.189949670321888
0.095698304628974 0.353386048932092 -0.0529717081036569 0.213360503763185
-0.0929672005202914 0.340611424055897 -0.153606768959686 0.201758789892086
-0.146573794417825 0.21616452599157 -0.212079078314322 0.112860912412047
-0.158631706776282 0.219981085727425 -0.154654536344734 -0.0376642546361468
-0.222895767424867 0.313609620836714 0.135818660287967 -0.0280929390038215
-0.0917137647466783 0.290693175063238 0.188442374659134 -0.171095627483443
0.000523284294043528 0.232762562565938 0.465165536539947 0.0356459584862545
0.0122347110620732 0.151807539651057 0.4812116074676 -0.176693527175242
-0.0376390302352014 0.158444026642758 0.203908256782986 -0.273417377531445
0.0226312468645128 0.218172652076738 0.0147169453110665 -0.063611138158203
0.132094464197589 0.192183690788313 0.0804026467362746 0.0944788636583747
0.200581323746307 0.127969918754639 0.166638593502552 0.136695955382731
0.208904433104168 0.116307786472727 0.187987538608771 0.138522646619723
0.235016187506075 0.120158186688207 0.151559275226329 0.207803344509209
0.210733413864476 0.209925465656668 0.0815831475351563 0.273295511608751
0.0871735512930072 0.289255706606421 -0.0258311994243017 0.307321352257223
-0.0820866179047953 0.291433401841267 -0.170836705743915 0.22414829205372
-0.14723656942411 0.177631530803279 -0.192371805201761 0.0492694875872674
-0.154942322428779 0.157096083215403 -0.0641855953696775 -0.099638674475291
-0.182260763380949 0.226842650383606 0.225747995646562 -0.0850519857807745
-0.0286911167037134 0.168116004236962 0.236024571021024 -0.218186117935574
0.0266855380801974 0.141012326656671 0.472007869735926 0.0321535162569097
0.0355494393427653 0.0845616868704129 0.51540034950269 -0.150356180374582
-0.00499868837528169 0.0784329352632424 0.213408429203733 -0.261869929309923
0.0238424252427186 0.110924697855461 0.0134164238361497 -0.0276913561753079
0.083979506531621 0.0977396957078293 0.106097748379437 0.145929617986121
0.120558220161284 0.0569592961289741 0.221033712583246 0.183410374988498
0.130382184054163 0.051881521090179 0.256440584268667 0.174697860389108
0.142125800716671 0.0586581585235985 0.227635366518728 0.24745886746518
0.132409199761671 0.112041661438527 0.136426579230891 0.334303034050598
0.0556681063607793 0.165380413434015 -0.0103533048288071 0.380782623137692
-0.0497644698303032 0.167303609243489 -0.188108285174491 0.247636744806622
-0.0931904747008223 0.0959810368866356 -0.185142362241274 0.0106837033677749
-0.0970716512245047 0.0820601392084136 -0.00568065690076201 -0.138799843255136
-0.105072860669521 0.120388684796698 0.27970071572529 -0.119186814282798
-0.00930226327943075 -0.000293291183920628 -0.277957458608026 0.171676837622926
-0.0107836226777726 -0.00453372259364512 -0.0354544317000099 0.207452915104239
-0.0027746060981445 -0.0153133847256774 0.214270561294209 0.058282294454375
-0.014705721426549 -0.00413678673509912 0.2711118706497 -0.21916929634161
-0.0162329742466918 -0.00976489748770991 0.0611893015351148 -0.448448018326981
-0.0241161461885687 -0.000581149061490547 -0.157332675608978 -0.402890895290156
-0.0267364210240141 0.0123482463882448 -0.259539351517778 -0.26793464678866
-0.0330274455227197 0.0127514876806128 -0.295282059823126 -0.186149236182998
-0.0345492828380271 0.0104841226968187 -0.268826019664006 -0.185904718726932
-0.0326097341249159 -0.00852761802669947 -0.158039218446223 -0.14531170984462
-0.0189087049211389 -0.0202648085014828 -0.041704700551144 -0.00645003110911167
0.00241405685874524 -0.0213961801245017 -0.198265558415665 0.208036777842478
-0.0104822363724224 -0.0156669888679213 -0.50520262580201 0.181554910936395
-0.0125751078742303 -0.0331711872427413 -0.51802913538353 -0.0210560286190437
-0.00906350065377951 -0.0489332005766362 -0.301970971970477 0.217433418421395
-0.0880506314823737 0.107873951772337 -0.256960850059198 0.147005575451702
-0.102054399503469 0.0656143048220477 -0.00209229649924295 0.192937468691173
-0.105735526924363 0.0928575760534321 0.222380833907234 0.0299282395257712
-0.0703656186417478 0.164888015154869 0.266748443426769 -0.238526183511467
0.0275386787419835 0.157906255437285 0.047845473734684 -0.435856446569341
0.0775216030008264 0.115729398191508 -0.160753045843594 -0.379737667965797
0.0958234520667531 0.0858556339893939 -0.249174033496492 -0.246055434804506
0.0723001745149873 0.0821655414089878 -0.280198896636475 -0.166045871514933
0.0585950879013164 0.0828680967802144 -0.266989288787349 -0.160096385296461
0.0178048269966511 0.0953178864862692 -0.166753646353628 -0.135203386357349
-0.0273784536618928 0.075832164082431 -0.0467817427553513 -0.0171571055931316
-0.024616964874818 0.0345246370207034 -0.171760605708429 0.212459782840553
-0.00299726464587803 0.0531721494468321 -0.466607003954084 0.217705444501922
-0.0360974984188868 0.101428210038647 -0.49430288803545 0.00609260637284943
-0.0993201312720973 0.121233598939264 -0.253697428934892 0.217169024881935
-0.145768751769101 0.211675281547004 -0.186451911654706 0.107513659292724
-0.155653684653817 0.135795649963931 0.0892882679642724 0.158202390941001
-0.171848000590572 0.180998347495838 0.252272031677904 -0.0249129006476918
-0.111092478024875 0.300314096369159 0.253475695654462 -0.25340983728211
0.0612965803471618 0.299006835231898 0.0392240572632056 -0.383903905735897
0.162413526008312 0.215486605809955 -0.131289068866355 -0.314936137312752
0.200464676670201 0.147503746524877 -0.196309954017499 -0.193777573239679
0.167619124894391 0.138887307342278 -0.222945555895841 -0.120851302576338
0.15236557575431 0.140389363349368 -0.234139824306874 -0.0996701938385891
0.0835202181296541 0.18991862921876 -0.166906448349481 -0.0878840186843105
-0.0176394241052967 0.181241796712006 -0.0641074613779003 -0.00723271197330096
-0.057477384797964 0.109406219153866 -0.142174473004668 0.207366683283182
-0.0120679920203624 0.10820744059736 -0.397259590198148 0.250260659769458
-0.0536777112733411 0.200577287187116 -0.449236797680677 0.0405940812833039
-0.167772083692529 0.261450871198989 -0.176634043549212 0.182209356015674
-0.169574428280796 0.300283011973614 -0.0864294085383586 0.0511824767368685
-0.149582906531076 0.200192128341006 0.215880540091978 0.110256163282476
-0.174188127899991 0.229076785430172 0.299186439116086 -0.0939653184769169
-0.124434287208126 0.363461572803091 0.230944378756478 -0.264782487199402
0.0744841250470518 0.381258989500355 0.0356237910108701 -0.299726900155649
0.211784296824607 0.279180259128505 -0.075645183330242 -0.217009062698151
0.266693125463846 0.186688957536216 -0.109306567662685 -0.118076750466436
0.237190168702664 0.17372951975948 -0.132317954040318 -0.0587690718362322
0.23323770511924 0.174195033605711 -0.165537487958614 -0.0167831534898709
0.161395119480672 0.258540607813362 -0.142542550266514 -0.00672390785328517
0.0182587251455089 0.283062909509565 -0.0835686554038444 0.0363641493773779
-0.0879817552695098 0.208064852578797 -0.132372840766884 0.19520101956697
-0.0504862652356877 0.156585619740875 -0.317125430454081 0.240877018140159
-0.0806328770178598 0.249613344353591 -0.369400441786398 0.0524826185009689
-0.209653336963185 0.34220000745499 -0.0785884618265362 0.120418968244447
-0.16501883423798 0.353176973072942 0.0185018326954749 -0.019749641161749
-0.0983381400431441 0.246528938523823 0.340180174717341 0.069845740620533
-0.12136964942828 0.226822095603564 0.362474927776118 -0.155846588536256
-0.116305746210462 0.337152360132082 0.210050844675542 -0.271590763283751
0.0592726632193869 0.386824013091619 0.0337827512988798 -0.204206425050266
0.213751492771613 0.298795241780365 -0.00880751368577384 -0.101896549409633
0.284486715400364 0.198730449595031 -0.00706018518546588 -0.0284858059691831
0.269619801065573 0.180924793243295 -0.0221080330511859 0.0114703108209375
0.28372061920272 0.179185770903533 -0.0662693949946629 0.0705669051374306
0.226272011463864 0.28526886873922 -0.0834072183217497 0.0937806088008316
0.0683609874513686 0.349352799522492 -0.083558945471323 0.117497900929419
-0.097537986582563 0.303007114209644 -0.141470119563079 0.192330567664938
-0.103972281638923 0.199435123629174 -0.254526616015295 0.18539097247429
-0.118575907787806 0.253320107274665 -0.267482874823039 0.0218706379869402
-0.225699873299039 0.358281133510823 0.0294846923142726 0.0433822129446456
-0.135881010053103 0.354167714254301 0.111157762663191 -0.0965927560716936
-0.0366271883917761 0.264111458756557 0.428050157871309 0.0487042758462161
-0.0435564942129299 0.195017843088601 0.430414388247713 -0.186400008745991
-0.0814839319411775 0.25091785242767 0.200467280573435 -0.279088812997436
0.0358759462832139 0.32128204718046 0.0248867910146994 -0.122369948563761
0.181022796022198 0.265491647913711 0.046018205068195 0.00800639002559049
0.258713560959607 0.17872283796555 0.0895939242648369 0.0595796908492312
0.259448017094638 0.161317913102968 0.0899355000589273 0.0793366935584345
0.285800447152736 0.160562656760029 0.0473486445345286 0.147414670127024
0.247125537783638 0.268606103422475 -0.001168874194236 0.191693575283296
0.0972747433105311 0.354911717225339 -0.0610341954253601 0.215546159160273
-0.0953474313545977 0.34069849229556 -0.160259733627978 0.204278518333276
-0.146171700769699 0.214021718881605 -0.220728132267161 0.109596811884163
-0.153995796584508 0.218918812212476 -0.162667325673747 -0.042273267201235
-0.217168052553223 0.31299226428971 0.135181046919006 -0.0312674597176422
-0.0910395999767041 0.291143105213673 0.184434858706601 -0.166968608555157
0.00562363897241138 0.232960479969065 0.467784320962417 0.045320393935713
0.0148477523048107 0.147804287320704 0.488535850883997 -0.175227823981241
-0.0384488389949368 0.156147981139442 0.206149432846874 -0.27703214920904
0.0220971687867779 0.218748748416328 0.0159946063680155 -0.0651145401084621
0.132141798038513 0.193543140148853 0.0824551417155336 0.0937927496946721
0.19978930456902 0.129340481927883 0.167874279597964 0.133114858706096
0.211118570184611 0.11559921487702 0.188539115039055 0.136041680490349
0.236091082063675 0.119907901951812 0.152013710277661 0.208062934796082
0.212149400073714 0.208922069283541 0.079167434388763 0.2763241037369
0.0897988962055974 0.29022981766039 -0.0318705796137838 0.310562264715064
-0.0828463720702308 0.292024453906936 -0.178047710159986 0.22749348596381
-0.14762010877568 0.176738084638927 -0.20173825144669 0.0453640414451792
-0.152054596465824 0.156543615375263 -0.0715949656384058 -0.104810926385609
-0.17765467800995 0.226759015729295 0.224735293789529 -0.0880054451744429
-0.0287928682960836 0.169520050250065 0.23388723179422 -0.213761180270675
0.0306203862788354 0.141197967746091 0.472929997656272 0.0436837207379926
0.0375082224581434 0.0824251248329672 0.523189262556657 -0.150278743083844
-0.00571571523535173 0.0780614381196653 0.215334076688937 -0.266897145572354
0.0238959014795313 0.111696613839817 0.0140057866169857 -0.0289541321491282
0.0849611036084607 0.098788206485709 0.108352181361776 0.145548572498991
0.120602819303834 0.0580585172815866 0.222744891148889 0.180575859537814
0.131976069260849 0.051404656612857 0.258311801545899 0.171190690071509
0.142671736588901 0.058722822513976 0.227763040257936 0.247681743773906
0.133440958974887 0.111105473658222 0.135242697497125 0.337756762896149
0.0579993995844587 0.166111030690651 -0.013809079373181 0.384976927609927
-0.0500860335798891 0.168016964404408 -0.194797216961884 0.250907307997224
-0.0931101687161693 0.0961451981537067 -0.194416851354461 0.00666116596469261
-0.0947854617995223 0.0825108682702587 -0.0126066404658555 -0.144160510457781
-0.102659953553993 0.120024281773136 0.279572225279038 -0.121076226129598
-0.00803356762907533 -0.00244150884802148 -0.288676832617589 0.181844829454383
-0.0112816481719335 -0.00494319588341164 -0.0288135621116388 0.219227989705305
-0.00456394083649587 -0.0168373359288576 0.234105177007067 0.0618838735840688
-0.0144765286630959 -0.00410303333601214 0.289443872769345 -0.233498038381473
-0.0168589148854766 -0.00937701614081425 0.0610549423750027 -0.473100665550689
-0.0259711798988776 -0.000110882996793586 -0.168773842360551 -0.422175881933607
-0.0276340434606064 0.0132405831722343 -0.271342386557424 -0.277179541655452
-0.0344854961301366 0.014924784590875 -0.31019594966314 -0.18959834056323
-0.0357934639463133 0.0125753795628051 -0.284716903795044 -0.187574873556789
-0.0348346638958334 -0.00886891014864784 -0.167360865100166 -0.149152867618122
-0.0203042880368964 -0.0210929129096586 -0.0435430958150599 -0.00749010192231016
0.0021196561986382 -0.0232830229355405 -0.206317896855768 0.220832343855871
-0.0101045521727986 -0.0155837654089005 -0.527378344778659 0.194175148366798
-0.0132208613261953 -0.0343245701976153 -0.544449334833634 -0.0241962013747076
-0.0105576233798633 -0.0499881099530679 -0.31150208523877 0.223492183117761
-0.0881622818257777 0.110852974487184 -0.268221899034688 0.157480535598275
-0.104635785515883 0.0677739939746896 0.00567183652011844 0.20453737778201
-0.110370367109172 0.0958242923261412 0.242162614498875 0.0320048405254837
-0.0710567408641531 0.172705390232801 0.284230395811425 -0.254017683353036
0.0320046533190504 0.164510077228318 0.0468838172557091 -0.459421607881848
0.0819076185010093 0.119303304014957 -0.171941905151013 -0.397259619397678
0.10098596870616 0.0878755959802628 -0.260934374190239 -0.255977331826148
0.0768233829081542 0.0854822517726432 -0.294146148974913 -0.169616025855948
0.061149132087667 0.0867159951375587 -0.282574137926623 -0.161846711665652
0.0176134661770134 0.0989234893118599 -0.177859961439335 -0.137903068098702
-0.0287219367171269 0.0784751298975953 -0.0507242263644627 -0.018803219320545
-0.0267205276101203 0.0333580444068767 -0.17772263519315 0.22437462638488
-0.000343772652674112 0.0541445587561299 -0.48662325612478 0.231003088186996
-0.033815565872462 0.105100709125245 -0.521550324926643 0.00492276468248888
-0.100541802747993 0.126933370136942 -0.261589669505344 0.222843334437907
-0.145848545996406 0.219550912135442 -0.194986040127672 0.116411878412839
-0.158415802556191 0.14055200259245 0.10095523027831 0.167800693768966
-0.177892026937973 0.187370538968112 0.272876955215026 -0.0253150206493274
-0.112498177025782 0.314092708543735 0.269413229539102 -0.26909146268066
0.0688503181840271 0.31145061520325 0.0390551346098567 -0.404900117274676
0.172025483929428 0.221652092220625 -0.139392021521914 -0.329773218131342
0.210436638376056 0.150769349428599 -0.204794378812732 -0.202984980928898
0.177319958648185 0.143088270545555 -0.233850476630467 -0.124271338123579
0.15893899951911 0.145838153801494 -0.246648419609006 -0.0994713183633344
0.087240522409785 0.196166417879799 -0.178278529822608 -0.0886276941810509
-0.0184404729693311 0.188000123031023 -0.0710804496222192 -0.00791282347054949
-0.0622813600033172 0.110295308858777 -0.147525846760083 0.218698593297533
-0.00877086874463251 0.109660027184856 -0.414617962866764 0.264525659005457
-0.0488025103756637 0.207765190949248 -0.473921157602694 0.0416396532352145
-0.168182152079079 0.272834859028172 -0.181901966938788 0.185850459438391
-0.169943567668258 0.312347401148513 -0.0928061586853033 0.0583283128187981
-0.14961246100276 0.20686505930138 0.231378581925515 0.117407641505814
-0.179081088369954 0.235502861374509 0.320207656082073 -0.0992527734397806
-0.126991541010723 0.378608475580531 0.244556749488108 -0.280884630487895
0.084182894499881 0.396305962608964 0.0374663304783732 -0.316974761894218
0.224008451578537 0.287308801362043 -0.079545108833386 -0.227531453278544
0.279800520452752 0.191166907441619 -0.113583906494975 -0.125447069733921
0.25017949197437 0.17790590326978 -0.139370673305929 -0.061455187432301
0.243887212445077 0.179292508957109 -0.173999699853754 -0.0142830676220306
0.168456632028506 0.267391828874031 -0.152482436022159 -0.00444434833187949
0.0199204538800433 0.294041439901611 -0.0925609564226749 0.0390766607974547
-0.0933587390564327 0.214006329431084 -0.139239831252718 0.20618943409232
-0.0486989123685851 0.158587035556553 -0.331793941670746 0.252663586725271
-0.0747294814547183 0.258103088257677 -0.392530480697157 0.0532814495146457
-0.209913806540519 0.356993947349066 -0.0808117320825393 0.12109271248645
-0.164167822149099 0.367834650501642 0.0146184026710489 -0.0161624424122915
-0.0943741300944101 0.254540698238269 0.359593301342333 0.0756525846085081
-0.122685806985377 0.231027990200489 0.384625361210764 -0.164785060156739
-0.119727201077887 0.3495670785216 0.221088978732579 -0.287509566962699
0.0666316970484208 0.401844667425963 0.0361010498469666 -0.215434114877719
0.226472172738498 0.307338551797207 -0.00803083617437446 -0.107738802787676
0.297747992865923 0.203620673168517 -0.00612597646530155 -0.0340785465836329
0.28321563663583 0.185206825555012 -0.024464168689372 0.0100026289427559
0.296004408365366 0.183601793577819 -0.069318680157329 0.0749940984416318
0.238191903565247 0.293595867301971 -0.0901867784616292 0.100471606376483
0.0749492262098411 0.363099997753148 -0.0931705178906272 0.125560028141661
-0.102039737671344 0.314541997223277 -0.150211592676705 0.2030578797505
-0.105093982426678 0.204573550091477 -0.268459734126984 0.193691701657449
-0.114219442010793 0.261735238713474 -0.286635335158096 0.021308344783773
-0.224505185101972 0.373159434095874 0.0300866390075047 0.0402401878216745
-0.135368396420157 0.369223995730719 0.110434331822441 -0.0965638585624749
-0.0296296117178895 0.272432339518201 0.450005681732857 0.0531144329786562
-0.041616151699231 0.197443476787545 0.45371419365355 -0.19774352613975
-0.0841118608625854 0.258990732650993 0.208868360389322 -0.295593556802344
0.0408272097569218 0.333822573989958 0.0263666944505721 -0.130180959736469
0.191410935274624 0.274849709131304 0.0503627260640531 0.00618676499187679
0.270794344765893 0.18357144482704 0.095318734854385 0.0566095487531521
0.272904497452914 0.164625494880821 0.0935396991265943 0.0783671886137868
0.299521593040869 0.164657554439109 0.049622463170281 0.153164477349023
0.260725142043807 0.275863752346154 -0.00287034596932271 0.201968601036829
0.107332958149699 0.368885220478703 -0.0684000885347217 0.22777084914468
-0.097653087492627 0.355170707686852 -0.170845408792641 0.216631645134431
-0.148923710746164 0.222217123339117 -0.236341198326056 0.113286167442827
-0.151688413731293 0.226373016984746 -0.178579817841545 -0.0466352881868523
-0.217318679911194 0.326146639937704 0.138987851265971 -0.0372878054764085
-0.0905937945187421 0.304194790371431 0.186540680257276 -0.170179625895346
0.0137784595590116 0.240384959726502 0.489882076308621 0.0512396732314838
0.019303259057938 0.14927593452477 0.514709033754824 -0.187551550151519
-0.0405783474241026 0.160955733746965 0.213474139865384 -0.294487332582181
0.0256446479118478 0.228089546990511 0.0169402752038368 -0.0700864101863317
0.140673535841289 0.199787342889567 0.0893203784566553 0.0956856150374868
0.209069966653694 0.132978287581102 0.177398351675085 0.132527435839947
0.222387269738244 0.117832695392181 0.19716661651074 0.136081844824695
0.24743459944043 0.122000384859731 0.15950538697275 0.214423501049348
0.224149622070906 0.213828422017873 0.0825337813052369 0.289245356383062
0.0985616980292257 0.301157309271285 -0.0360238517629483 0.32664421678062
-0.0839100680658151 0.305782215161913 -0.189666244636709 0.241455360085099
-0.150850198399818 0.185046246120714 -0.219300555053442 0.0462653365469458
-0.152422520977906 0.16312243254375 -0.084014874286347 -0.113197594330073
-0.177721969830948 0.236554583499646 0.232089528035413 -0.0967848673341831
-0.0269277959650613 0.177524319524094 0.238448851655342 -0.218697356064583
0.0371004341643738 0.145792453610657 0.494689363427605 0.0521016664055198
0.0417663332156477 0.0826997706046481 0.548138612778431 -0.160584036616674
-0.00539725696800382 0.0813688487412573 0.221271550680614 -0.284648546593754
0.0267230339868784 0.116266947082294 0.0144785900161376 -0.0314185590447487
0.0904596761648125 0.102092554013819 0.116035552807543 0.149635027791591
0.126001040327843 0.0598757088964754 0.234627974976186 0.181886457849958
0.138516174614542 0.0516767019612638 0.27027340120977 0.172132975683382
0.150248397007712 0.0596469188936304 0.238942426916818 0.254243395382792
0.140774892242754 0.113282440929981 0.143330156219823 0.352590254417329
0.0637284118774906 0.171980793704219 -0.0144602923157538 0.404102251451483
-0.049555206914595 0.175921550751569 -0.206715813492064 0.266269545964044
-0.0953287136878189 0.100916469973882 -0.213215706769316 0.00581937828126954
-0.0957879767586824 0.0864599248558692 -0.0223076712372664 -0.154597218918668
-0.102756055185058 0.12566295303116 0.288269490786899 -0.132185615838961
-0.00703764962225439 -0.00451660014624469 -0.297830207849749 0.208511732622436
-0.0121744572305796 -0.00489728276553818 -0.0138130931517488 0.236917449907167
-0.00716200196673723 -0.0182699625930475 0.263669693010678 0.0559385101393016
-0.0150197775646274 -0.00395335066012032 0.304970226113466 -0.266514830844545
-0.0186343839827132 -0.00899280307165879 0.0430941086895749 -0.510833638345271
-0.0288415855145813 0.00229688193749351 -0.20092470917324 -0.443337959281886
-0.0290252462586976 0.0155417305943714 -0.300835716528577 -0.28272084295976
-0.0362028570003915 0.0188204877781069 -0.338353595171974 -0.184568342463301
-0.0365096779864856 0.0156739363675735 -0.314153447339186 -0.182353342172209
-0.0384127916880652 -0.00701124817363812 -0.186299716103829 -0.149574051516644
-0.023016659328051 -0.0214361744058736 -0.0474491421658276 -0.00744819907604212
0.0009166898728801 -0.0258372046671178 -0.208911505418403 0.247140935051221
-0.0109425847465116 -0.0160823701978271 -0.55479703863041 0.232949616548408
-0.0160201297793452 -0.0357695084335095 -0.585772525231345 -0.00835144628325883
-0.0134878490954924 -0.0513354739958406 -0.320672247714056 0.244692542792289
-0.0856743177512237 0.119328048248545 -0.278229841664203 0.181965155151972
-0.106662327250858 0.0760631470212268 0.0223531830448302 0.219471308287659
-0.114078754927756 0.105923056116471 0.270773992130957 0.0238213300484887
-0.066280515611336 0.187125226037756 0.297718566005236 -0.287240909104451
0.0437125544409076 0.173781850409213 0.0297106432959153 -0.496313973576067
0.0932071888911482 0.122164816410988 -0.202438418357545 -0.417478127529534
0.111284631698736 0.0879763513616942 -0.289114786442523 -0.260603164227335
0.0862354692395242 0.0876239040567175 -0.32173933209952 -0.164811975783063
0.0689292216550081 0.0899846060061639 -0.310621179101281 -0.154685789729867
0.0214652080311901 0.104395266036416 -0.19771982795808 -0.13739343183259
-0.0285286303330444 0.084223048495838 -0.0569578738536359 -0.0183662964508467
-0.0292103650976374 0.033757313650995 -0.177847962982419 0.249673902702649
0.00444552613342774 0.0550848880501036 -0.509826537593761 0.270800811070266
-0.0278279572644796 0.11178781340455 -0.560608532307184 0.0234896764094138
-0.0987446360293598 0.139562765700727 -0.267226043120982 0.241829447602326
-0.140811489620701 0.23729767129493 -0.203493929212935 0.13641730239135
-0.158205107671708 0.154657557363704 0.121985240889615 0.176386413203104
-0.181478216949157 0.205031979038479 0.300061837751519 -0.0379808711715926
-0.104303827579194 0.339303659889606 0.280773160127219 -0.303511421191577
0.0907295823179195 0.327122780932853 0.0241140383912966 -0.437979505792776
0.194651882135543 0.225415525998255 -0.164415928583869 -0.347173881569599
0.230502530308374 0.148914810706151 -0.226634165875348 -0.208539646034253
0.196235720289248 0.143306743132551 -0.255984216247514 -0.12045447851939
0.174810831947764 0.146730078592931 -0.269332034142465 -0.09083543769691
0.100305448145333 0.20410869518405 -0.197095808276514 -0.0844268791981746
-0.0122462652578218 0.199603346263168 -0.0811107774298693 -0.00567890869192374
-0.0645673529709842 0.116097158203293 -0.14777957442169 0.241343646434748
-0.00136778073091345 0.112060980083919 -0.43057888703668 0.30212384660764
-0.0367617004927136 0.220369070902807 -0.509892305783697 0.0621927340939038
-0.161141332400131 0.296235429743604 -0.184221792535746 0.200162457326695
-0.160720289246582 0.336751531156726 -0.0977740336180925 0.0712184581627397
-0.144063616478811 0.223626069804108 0.258374529019441 0.117664360066273
-0.179694485309231 0.254914256109658 0.34573570153994 -0.119675433321112
-0.117999811754259 0.408471955071844 0.252952153759331 -0.313872381885539
0.110868813214162 0.416474767010719 0.0271278367505446 -0.342648434382374
0.25317848946278 0.292227157575944 -0.0935924778669972 -0.240602157489946
0.305530529655657 0.188379519552323 -0.125486617267769 -0.132349655942728
0.275283793056972 0.176342102631935 -0.153178465804768 -0.0592842639557144
0.265986737491688 0.178920665201552 -0.187336728751652 -0.0047035670337588
0.190309632953006 0.274969146174218 -0.167209413743762 0.00456072541100182
0.0334635638478323 0.310796382731555 -0.104139070920096 0.0471383325662849
-0.0936624752390888 0.228098152318237 -0.140659205566936 0.226934232709141
-0.0419936979226893 0.165386245732302 -0.342970103005303 0.283820922981013
-0.0602027473241765 0.273859662218169 -0.422219514536958 0.0714039213467957
-0.198844494923892 0.386187945478649 -0.0809904315900095 0.127203140364046
-0.152598518586653 0.395819788041574 0.0120971987507232 -0.0118212460284257
-0.0818920092005366 0.270856265013685 0.391452016767381 0.0678892134278344
-0.118893234772007 0.245032671101172 0.408915814072948 -0.192702755360455
-0.112886593835516 0.374149226739297 0.226214769451124 -0.319246746118584
0.0913708343959923 0.423441165512868 0.0309207324719874 -0.23458296690176
0.255562222968028 0.313860573040121 -0.0111199161072599 -0.116677575483248
0.325741724713357 0.201438886386232 -0.00714603542492996 -0.0414041179831001
0.312012452560611 0.182122576782391 -0.0275525034676732 0.00948906755982094
0.323389535828036 0.180197394994056 -0.0716034626713151 0.084216141409573
0.266870476567555 0.299799470005729 -0.0955648950121126 0.113350871690306
0.0971443713916063 0.381815448885562 -0.101020651992629 0.140511828165949
-0.0974905193244579 0.336709613871112 -0.155109556522845 0.225683700695075
-0.100090230650217 0.217648698643805 -0.282528577294738 0.217221453919349
-0.101781409244308 0.27915669311611 -0.311512630131826 0.0330183927439403
-0.213826206539295 0.404911755219837 0.032858865776269 0.0366837397263623
-0.12269465883577 0.397592715823066 0.108925790528857 -0.101560640017066
-0.0122768779189001 0.2881990446553 0.485484257909615 0.0416580574073201
-0.0327288070098291 0.204913196139791 0.479461746754536 -0.232302875739962
-0.0800774184067564 0.275956476446184 0.209889901999795 -0.327519675714223
0.058846239174929 0.352321457723442 0.0237956400283563 -0.142364613874654
0.217119975652488 0.280890375532942 0.0565161383966266 0.00200587263224433
0.295368592788461 0.181927174694152 0.104623885269771 0.0501303014959748
0.299493264139804 0.160634376479737 0.100601670027071 0.0756116483203088
0.326320512517804 0.158278003168956 0.0587753130808319 0.160209066000447
0.291313656863996 0.279045524340282 0.00265583664215952 0.216944343350142
0.133508437031623 0.386043329907238 -0.0695149866926308 0.248738430165732
-0.0889828570991946 0.381760405479334 -0.1771224252468 0.242713752280363
-0.147131931566149 0.238868627923865 -0.253917154516132 0.130506185671166
-0.144611633409092 0.244199851978145 -0.200792098710532 -0.044127003961987
-0.208481864899802 0.354123299224145 0.143621584763899 -0.0503806590668348
-0.0789610387166905 0.327361569118465 0.187261444954391 -0.182520368343649
0.0318262080665556 0.252975931739075 0.527899175597906 0.0413543080183535
0.0302678413356865 0.152230440247654 0.542946098975698 -0.223853799826141
-0.0364545018212523 0.170135677385488 0.212470645513612 -0.327219365974823
0.037696907731059 0.239997534341083 0.0160968557592469 -0.0772528192551008
0.159513132953968 0.205194725081864 0.102052073192448 0.0951779427272254
0.22842145178659 0.131943047597681 0.195629995809653 0.127292857586751
0.242635663050291 0.113593206078329 0.213926046720919 0.130298383474536
0.269870446105803 0.116297633692839 0.178451901707823 0.218591396112935
0.249423481241287 0.214554616204256 0.0990538493986639 0.305389143194734
0.12254746058525 0.314479634629092 -0.0285828086767853 0.352603480281522
-0.0743413776775256 0.329497200179693 -0.195940677425349 0.271183692340135
-0.15044466722824 0.202558610715705 -0.241299183224016 0.0577597075323252
-0.149147962403284 0.178227712210322 -0.104280130131877 -0.119311560020123
-0.171864005027111 0.257344914692054 0.238659713447464 -0.117524156668541
-0.0185795794842716 0.190683032386992 0.240818470930369 -0.236223640583481
0.0497068471370219 0.152035292742835 0.533383617666992 0.0423971995444641
0.0499207240665436 0.0828518599147235 0.581530856524334 -0.19906851556071
-0.00218983792740112 0.0863952590242247 0.220636237252946 -0.317157682996865
0.0339941859146486 0.121996675057784 0.0144809685433487 -0.0365903129412142
0.102299356500156 0.103444734188845 0.132990215034901 0.151713150155841
0.137123742147964 0.0582375305610838 0.259204023533494 0.17847630711343
0.149862388361171 0.0472589836390964 0.29406140448266 0.164542048282409
0.164122870945336 0.0549124365029501 0.264925390707521 0.257222440073513
0.155413348276841 0.112073180935486 0.167334186102626 0.371209446800195
0.0784206689887034 0.179747283458684 0.000192195564512123 0.433404212351599
-0.0433918414080078 0.19017820973347 -0.213272253372044 0.296910505855473
-0.0951190312877019 0.111651789738258 -0.237441179175396 0.0155541740629235
-0.0948561818858698 0.0957386905932137 -0.0398479745516389 -0.167028586361217
-0.0999435115747724 0.137219725099194 0.298068331590956 -0.157321837461112
-0.00623265091003285 -0.00021054719370899 -0.335888646701112 0.174919497895798
-0.00809751688059746 -0.00519661829709271 -0.039826191774519 0.247798520053823
-0.00395054195012569 -0.0234596605760011 0.278797738731684 0.0942401929674132
-0.0175133408360064 -0.0139110089692343 0.365752543243058 -0.243217446790308
-0.0277046337874531 -0.0148088809940533 0.11120298348203 -0.534990133520915
-0.0371686712716199 -0.00218484590748644 -0.155137968199496 -0.494995946797215
-0.0336837910900824 0.0111370849819374 -0.28160626575849 -0.339704984015329
-0.0437809284790379 0.0150990023768327 -0.331130385674194 -0.239401682158538
-0.0396909779194835 0.0109291748298694 -0.310170941828583 -0.229045957569921
-0.0412980181133151 -0.0140613133061218 -0.177382718404842 -0.180424263592914
-0.0211386478930449 -0.0275668715541602 -0.0482271124323937 -0.0145229419944068
-0.000584564789277323 -0.0260880884309316 -0.250057252957419 0.234675440013977
-0.0156746440895412 -0.0210783373671077 -0.612158821756481 0.174443266274429
-0.0194287229705555 -0.043971661344362 -0.608831414830824 -0.0925675470286009
-0.00870778761616761 -0.0536768076433159 -0.372093148885677 0.202208539394216
-0.104509165618701 0.113616951673406 -0.316582129199209 0.155894363319393
-0.114663205310627 0.0623147044600455 -0.00290886238592496 0.237054646304784
-0.131931396806666 0.0859631058753072 0.283171052640317 0.0700461673083798
-0.0966691116660258 0.174291108150667 0.353031263292436 -0.254612717436438
0.0104229025923314 0.180835331305803 0.0995974907673564 -0.512971273461735
0.0723640962381521 0.139371921504591 -0.157174152860012 -0.464062007613406
0.100527152204924 0.105079039398904 -0.269700124218649 -0.310050173866618
0.0720920071732418 0.106899315786941 -0.316722784834662 -0.215937373019408
0.057237922522584 0.104631564249625 -0.312157381127437 -0.199936034871678
0.00337934946592529 0.111938234325514 -0.195464866135837 -0.169224522799329
-0.0475231336553052 0.0823427041613565 -0.0581574069049581 -0.0304790558295166
-0.0415707268344939 0.0297170652702327 -0.217707820698273 0.236650571362454
-0.00997840078172037 0.0544742948746359 -0.569407469590857 0.215067035412664
-0.0526553934502037 0.108311765750455 -0.587399082877837 -0.0629939677647558
-0.130110592484966 0.136438623389545 -0.307254255448596 0.19909239913238
-0.178257718801819 0.223899183321078 -0.236585957597497 0.124841033741569
-0.177094195450266 0.13168752663923 0.105270471932022 0.207760522434071
-0.215657120843395 0.174260902615804 0.317021261728667 0.0148973301063723
-0.156466794989923 0.32315873296003 0.330506468606179 -0.264733983363254
0.0377009137506527 0.34569702774672 0.0914777679439636 -0.44362737845808
0.163666465421434 0.260829889600746 -0.122192041730157 -0.380856705020188
0.215208704521758 0.184635500218117 -0.20869902544748 -0.243692361494446
0.177756241245971 0.183088588657418 -0.254409112041793 -0.16071225008642
0.158032818345476 0.180219923116217 -0.279511314871125 -0.127151921026193
0.0691363512169138 0.227996252555782 -0.205796789245605 -0.113178172423581
-0.0528439388546701 0.206489319441267 -0.0875936610346933 -0.022804987515055
-0.0922923178770451 0.109801967289376 -0.18575879496889 0.226344722781176
-0.0249023665663431 0.111375290393233 -0.489207080087263 0.256929552893858
-0.0758804820182329 0.219754339456578 -0.540560321893604 -0.0201823798044519
-0.22169236308566 0.292218327662151 -0.208386346759204 0.162828215038545
-0.21265375051914 0.320768369936882 -0.12148449572586 0.0770102979098951
-0.170527904135079 0.200802184737081 0.255449624608294 0.166780413965928
-0.221046501977925 0.221412669246004 0.374258946714545 -0.061358870683046
-0.180707911478306 0.389769674153832 0.299086798141453 -0.274350111069477
0.0464049015315924 0.440529560646076 0.0847556605085195 -0.338343043483958
0.216151937150211 0.338415284949649 -0.0597439651009006 -0.259238606599233
0.28669045238662 0.236364418997677 -0.110160276878486 -0.148463198321679
0.255809376983549 0.230487230912016 -0.154775073784489 -0.083119374005061
0.248005683857471 0.226076776663454 -0.205559881363034 -0.0258505796620567
0.153617676543616 0.316184137983969 -0.189053678225721 -0.0156046332950026
-0.023233536505105 0.332197197249219 -0.122670768935162 0.0266177097748254
-0.13967079499915 0.222801555594818 -0.180232928156993 0.204174466940277
-0.0764007912495876 0.159179149980603 -0.397156590108414 0.245830417483051
-0.105659731728871 0.271165643050906 -0.452364542258351 0.000903178231463446
-0.274830872467814 0.381118859479503 -0.0862423578216772 0.0994645372465049
-0.212860868866965 0.380224050841835 0.00252179328022907 0.0102226327979415
-0.112458868571629 0.255264716180425 0.402047336567138 0.134599715579178
-0.156985227943658 0.218108984265522 0.451485752747283 -0.130564884720196
-0.171831865673581 0.355187790382108 0.270340511395103 -0.285606218955253
0.0265143922499863 0.445765376564276 0.0744387149257819 -0.223105168872684
0.217012864567223 0.361993913087939 0.0117666828475996 -0.118648024728989
0.306560283927851 0.253643057083951 0.00277481837857397 -0.0365615136819203
0.293640817665858 0.243215842585435 -0.0328390312607004 0.00539218715154239
0.306821340641812 0.235740184467011 -0.0949510652426815 0.0828626083937696
0.231817990066246 0.354152443096877 -0.129722319234765 0.108808570338859
0.0327951883325735 0.419040771296526 -0.134869940853234 0.122770016357618
-0.158624045386145 0.338314457904303 -0.199506963798388 0.195921471283799
-0.146440714709108 0.2036556397093 -0.324265812592064 0.183428045822553
-0.148516223353574 0.270178452959078 -0.331528802710365 -0.0239444539043222
-0.291832577779406 0.396096237478132 0.0465237452272065 0.0224262522929639
-0.184336287579419 0.384128453380326 0.114403403832695 -0.0671913242496679
-0.0431731055033411 0.28074069339504 0.50510657907461 0.123985247621987
-0.0622798245980239 0.188606702491155 0.534405242405614 -0.164767567947096
-0.125948882330738 0.259944633104403 0.254792349676073 -0.302768094307408
0.00499019180784468 0.368024279859809 0.051933055030845 -0.129773450026635
0.18278701771616 0.322462830034265 0.0669299596538477 0.0139951096038384
0.278786245699822 0.229369514840826 0.108157777140474 0.0732002924707638
0.285383424542637 0.218608990024459 0.0928776185949686 0.0905141795649119
0.31454997565157 0.21304386972896 0.0323230902105703 0.17863782586091
0.262068646882682 0.335788668719241 -0.0384997882915515 0.230773657572254
0.0729923647534718 0.430930546269084 -0.117172865377452 0.24102522554174
-0.155027951465184 0.389310938944589 -0.228229933370801 0.208543454719544
-0.199032374368606 0.220130268823605 -0.284621859473013 0.0952948135465137
-0.186194068088996 0.227070260486118 -0.204784235399 -0.0873503669188274
-0.276189543420086 0.34115448315185 0.173960220196248 -0.049104820319004
-0.129968424938498 0.317892575389259 0.20884229403641 -0.141576935863005
0.00542788461508774 0.252224034956921 0.551084975956817 0.12897044029508
0.0108061690784508 0.145681810435602 0.601489357214084 -0.151287288431355
-0.0661293348277803 0.159309929936017 0.262000337870038 -0.3084947991283
0.000587908109126645 0.250309382131113 0.0325243475210035 -0.0687321966951491
0.13639347166916 0.235607221186351 0.101430105326293 0.116290324461813
0.216954588438029 0.168680592417011 0.193757478650557 0.16430373561366
0.23464891973385 0.159321789497659 0.204967686392261 0.162301777810838
0.263611478792471 0.160851714294253 0.152200925448523 0.254945317724674
0.229659701620376 0.262692965840688 0.0545839141856594 0.336568881883584
0.0750743627528521 0.354913506829584 -0.0850243106597922 0.3562801898294
-0.130692273319808 0.337919437921602 -0.251026765686697 0.239108557885438
-0.195654436783211 0.182413825299426 -0.264913118141304 0.0226798548692941
-0.181314546254067 0.157405321293769 -0.0949939706662685 -0.149541607073663
-0.221420081459418 0.243623890381538 0.279818519615432 -0.100321646701048
-0.0477316564479035 0.185641548810975 0.276009536807273 -0.193887313994299
0.0365884793114629 0.152229479068584 0.55558994917 0.130441929386024
0.0415712115572206 0.0796611401956953 0.637471444892484 -0.124789546183134
-0.0181643991266562 0.0812778850726089 0.270484294918422 -0.302586428585083
0.0161630673711614 0.128866288377104 0.023116193223301 -0.0323724245248281
0.0937360920127606 0.121533576112824 0.124921731210308 0.176870553017335
0.134487130580931 0.0805168133604186 0.253555593656798 0.223423467530885
0.150380688153125 0.0743962862279749 0.285403465728899 0.20857981122101
0.162998206013707 0.0818120557984102 0.241564847711219 0.304607136335332
0.147260141244038 0.141709122547948 0.123291554676029 0.413101489224222
0.052421851946054 0.205938933605826 -0.0608426692250435 0.449437120331198
-0.0771601088418081 0.196327533963201 -0.270742408456105 0.272301390013822
-0.120662399765756 0.0970735351404377 -0.258211581073368 -0.0191234478587032
-0.111218068713354 0.0819527565415314 -0.0232333900761132 -0.187324202525228
-0.125396827197404 0.126959151107468 0.34129219519724 -0.126814371126329
-0.006580911944823 -0.00225399457279307 -0.318655098988822 0.213948145541399
-0.00824178490131709 -0.00357447005476037 -0.00734582869697828 0.255608635027285
-0.00863031356526273 -0.0230820347149464 0.302661660233527 0.0643841241638687
-0.0183430702225813 -0.0128726950518708 0.349801731253188 -0.290129439245768
-0.0292062451037915 -0.0116591981855717 0.0530220929232011 -0.554378757430532
-0.0386759043651561 0.0024082621606033 -0.210838072680011 -0.483529742993016
-0.0332638215016876 0.0150879173494284 -0.318741002695516 -0.310368696940571
-0.0415263109441315 0.0209568137274319 -0.359104045238697 -0.200280263028071
-0.038015241749877 0.0154335012231667 -0.339011291410936 -0.190721799778997
-0.0437484694888725 -0.00937538738849862 -0.199739647967379 -0.159430645484656
-0.0246746823597531 -0.0256829243844157 -0.0515301048084292 -0.010317903319942
-0.00389861891501323 -0.0269796987872948 -0.224029672328761 0.265502836021062
-0.0181159010313919 -0.0191989017870968 -0.597174775499643 0.244424607871719
-0.0240651903341815 -0.0410370008463911 -0.626986446446453 -0.0365081083471162
-0.014325998669591 -0.0521284083238606 -0.3523530948817 0.235380899780351
-0.0908086185847811 0.122360980955139 -0.299985907764225 0.1943982733118
-0.106267386456723 0.0741900756379096 0.0290169478683397 0.240536831260455
-0.124170414918299 0.0996932628427657 0.304942612035267 0.0400126649795595
-0.0776703624521207 0.185008509751703 0.335372017929065 -0.299613551394076
0.0321924246791913 0.180039090368642 0.0439633786742457 -0.531074412580033
0.0878893428376294 0.130857746817155 -0.209071527690236 -0.452107438492442
0.111992078153704 0.093536649897877 -0.304009156683309 -0.283232698680471
0.0847027867259273 0.100165393298414 -0.341902196554675 -0.1792602922339
0.0685023624084351 0.0990040740002017 -0.337923110316813 -0.161547034646235
0.0136455497980028 0.112215311214162 -0.216799854733553 -0.146594800453254
-0.0406088837665006 0.0862152312678898 -0.0644483459397353 -0.0247646249207947
-0.0411676382520475 0.0310809155603253 -0.191283511849141 0.263637643619773
-0.00206536183041327 0.0522655630872016 -0.549472302490376 0.280580885321549
-0.0383483539168615 0.112684199383819 -0.602998988083428 -0.00629423736738172
-0.113037293221645 0.149478076290431 -0.287049150573081 0.225469066956829
-0.151262310853187 0.240723517683267 -0.223989486314742 0.155974944811504
-0.159576615079088 0.148741099223098 0.134992620898544 0.199890579594877
-0.197860303304786 0.195927238684169 0.332109374965653 -0.0189241610291368
-0.122594049301733 0.340846509852693 0.311678893701704 -0.30614013938731
0.0778448923179909 0.34142630752649 0.0442333697883304 -0.460742262840633
0.193386712746268 0.240984789781906 -0.163764387420594 -0.372358212442702
0.235273090793266 0.160740016819317 -0.23613625986654 -0.224571368859391
0.199713596278115 0.163583598932193 -0.274288117012577 -0.131717301242753
0.176775651342799 0.163464859561837 -0.29602666244114 -0.0926782011746395
0.0928404413679542 0.221876168782468 -0.222910796702829 -0.089137500737646
-0.032954939357764 0.212261120000461 -0.0959774319636679 -0.0122773321751242
-0.0854483226497737 0.115737518047251 -0.161492588847634 0.248926903145132
-0.0101918846356554 0.1075811331643 -0.466168732620557 0.311181769978673
-0.0471516096390866 0.225004589442552 -0.55133691436871 0.0347579678408813
-0.184874334862824 0.314723681654728 -0.191774786880999 0.178706404700293
-0.174097110887551 0.340482252422656 -0.113300724398046 0.0962500850801101
-0.14419210409296 0.215278798655076 0.281184891645227 0.142356870911905
-0.198019909683817 0.241904194035095 0.379778031164273 -0.101622126127988
-0.140658173543209 0.409981682418776 0.27716060157894 -0.311913184966069
0.0959467271694163 0.435275939788322 0.0508242260973383 -0.354699024944491
0.253772093374771 0.313249779065771 -0.0865867276738766 -0.257458311580475
0.313166459135906 0.204490345620708 -0.127350281117008 -0.141532527604255
0.283221973006817 0.20226201284388 -0.166511393388293 -0.0663640669586422
0.272000493836167 0.198911006055784 -0.211060671306043 5.80911069012255E-05
0.187152521060242 0.300214479855196 -0.195970301606856 0.00875000453282671
0.0109264406295001 0.334999740801694 -0.127632755943735 0.0434368858435156
-0.121245555699056 0.235011400801994 -0.160519154222984 0.227080618815334
-0.0570447456077424 0.159340446071659 -0.375210695012861 0.290262891349307
-0.0697856185121861 0.277701220700294 -0.461732832909079 0.0473754637546922
-0.226198922213475 0.4088874102053 -0.0771647337416442 0.102727045064488
-0.168160292408561 0.401531037152282 0.00169047489251166 0.0165239190653056
-0.0783603938151233 0.262377932230042 0.424361167006155 0.0970952394062861
-0.133011671904598 0.229233202500523 0.448173768879143 -0.178564957540275
-0.13660075246049 0.37292960137934 0.244842196063032 -0.319510304432102
0.0755010848662588 0.44219357551095 0.0521265217765435 -0.237781701317963
0.25701207795353 0.336672902901778 0.00155965144493945 -0.124364705649973
0.333986400987874 0.220192807575436 -0.00122489860000291 -0.0425248472240307
0.321903809509108 0.210657222620531 -0.0351177674270862 0.0086209805814871
0.333103544753447 0.201661872229294 -0.0885052594763147 0.0962227393238041
0.270607640907212 0.328146007548226 -0.122954173663176 0.127616514265398
0.0784372052440893 0.416576981022127 -0.13119779985426 0.143346997471359
-0.126816120127439 0.354391021636132 -0.182560533415113 0.221755227197917
-0.122848190822319 0.212872242531827 -0.312237753150378 0.218470661563429
-0.112843541643475 0.280486758629005 -0.343946023730204 0.0105628053479491
-0.240124595680081 0.424881145315256 0.0464880508670107 0.0117051387229031
-0.138752867459717 0.403541391292127 0.105980698570214 -0.0719310126265603
-0.00494901878205514 0.281690626852986 0.526046945423664 0.0753833532863031
-0.0401255468302098 0.188601686687201 0.527092759271959 -0.223080696185658
-0.100623135707471 0.270884646855792 0.225065320851518 -0.333811355730972
0.0441451642814249 0.367377792144937 0.0402408286426411 -0.140266625326327
0.218975402261991 0.300694170995161 0.071846119287982 0.00229278499746471
0.303900747733658 0.20024250165415 0.116985694060128 0.056049970213214
0.311744506657544 0.186291606533401 0.0997060103864455 0.0790298794666603
0.338822440775317 0.176940080650576 0.0499753061272434 0.17688556584418
0.300916985855691 0.305765763726238 -0.0171869093908906 0.240071045917133
0.121866202309077 0.423507292025947 -0.0987475960381472 0.259988155453649
-0.115232718987801 0.407290255241371 -0.211297808452955 0.23914966435732
-0.174085307381003 0.237375872093851 -0.284860638538686 0.125989152301477
-0.156754142692905 0.242356033935488 -0.224649379833307 -0.0672034815743122
-0.232380611059173 0.367779040393774 0.165468978194184 -0.0727087634459157
-0.0931022944629576 0.332565319118948 0.191786143753634 -0.15692959835608
0.0392473615992586 0.248702517767304 0.57210995987679 0.078083836418151
0.0295755837227203 0.138562251967953 0.593486430513384 -0.216985254296454
-0.0509600403492093 0.16367293023037 0.227460584277115 -0.340568325158606
0.0265830026237704 0.250025368361279 0.0248814884852432 -0.076397093150429
0.162265414588987 0.219972834435519 0.117069092556133 0.100838541445425
0.236504857252262 0.146225627240439 0.212728691612868 0.138350251088086
0.254424257751786 0.133124269400136 0.220038176910899 0.13738491868646
0.282548985587185 0.129955352062714 0.178653247389884 0.238196316858368
0.260788292446406 0.235620632432279 0.0895594695823192 0.335400123841665
0.116602087728246 0.347437838632581 -0.0523325995342173 0.372817640269625
-0.0941143900103429 0.354301211607532 -0.231699195031839 0.272341219026081
-0.175072465975311 0.201250461560038 -0.273849556376498 0.0513265978036554
-0.159708758736535 0.173880139771929 -0.121610260907765 -0.14233201335343
-0.190132200505391 0.265872509219105 0.265818032695132 -0.135121861610889
-0.0258352424971714 0.192006658471616 0.255170019394061 -0.217103638218326
0.0573156289680723 0.14648816689247 0.57885043243369 0.0801366965951747
0.0522767728389094 0.0717532579491451 0.633813665654835 -0.194521187461866
-0.00933075946305907 0.081757854014752 0.235658523409759 -0.335124730314248
0.0296819921492689 0.126954551540267 0.0195060721465064 -0.0376904395717108
0.107058519114503 0.110819136587336 0.146863641474172 0.159800547930525
0.144447101759805 0.0661860757241702 0.279844530748169 0.191282076088844
0.15929668020825 0.0569328287509865 0.306548179021685 0.174278981793193
0.173701599435469 0.0624773157235276 0.273322581077432 0.277602387499701
0.164039704939375 0.124559468578383 0.168525848572934 0.403928892459159
0.0770589620421466 0.200484410974336 -0.0161522514178632 0.462616617343537
-0.0550281321511422 0.206158007472905 -0.248067044421066 0.308043856114732
-0.10964926913633 0.109107592258967 -0.27230093009232 0.00972094551918317
-0.0999542739790322 0.0924812664799573 -0.0535129075857306 -0.188357361680555
-0.108459579741982 0.139522571002714 0.324269271739884 -0.168345068662842
-0.00729318420284734 -0.00318191133720972 -0.288572591390668 0.237405865532338
-0.00751136536379309 -0.00192343304035429 0.0206712211353999 0.249836094033137
-0.0119272184301611 -0.0212247990571538 0.310700894606523 0.0336486963020571
-0.0187439434206709 -0.0120994382576087 0.321525530034999 -0.317845590962793
-0.0293030677745183 -0.00838724148731488 0.00204352467143818 -0.546993118529163
-0.038231950734086 0.00726232620843208 -0.24825208813401 -0.452935781711933
-0.0313554442203454 0.0172993507043144 -0.335042910500845 -0.273485414625201
-0.0376766577205816 0.0250127043703452 -0.363201761304825 -0.159929507965407
-0.0349189535003492 0.0180012196772793 -0.344154001839938 -0.1493556432359
-0.0441255403800485 -0.00465056821923875 -0.208188303970126 -0.134738190824769
-0.026731808600316 -0.023513495125832 -0.0516300469787605 -0.00635507492665836
-0.00665750465685309 -0.0265994348194397 -0.192061392886252 0.278588224487774
-0.0182745169554894 -0.016821102233062 -0.557521212255533 0.290104082199801
-0.0266790376061259 -0.0370605959079837 -0.614897309025247 0.0109706311853493
-0.0181627338874679 -0.0486282161750183 -0.321730136683858 0.249640004759609
-0.0770594342793501 0.123396702822034 -0.272892141484876 0.217392797270184
-0.0945574283995123 0.0793614250525443 0.0550987946503697 0.232558522413594
-0.113082271440229 0.106378269176677 0.310523972950022 0.0107327793599675
-0.0592922499047583 0.185345080886133 0.306759972899328 -0.325845987199178
0.0476577654170251 0.170839660303924 -0.00437266643954899 -0.521811125484114
0.095872158884187 0.11822644281806 -0.242464804626508 -0.421239950752247
0.115701524351058 0.0800551867661554 -0.318298609158962 -0.249932979587741
0.0920085923346326 0.0892792202020978 -0.346396473852544 -0.141197207310661
0.0737317733499854 0.0896252327813381 -0.34094541406957 -0.121771559388101
0.0209574794367697 0.107704876273374 -0.224705729698684 -0.120337795196144
-0.0346856967144574 0.0865476278171564 -0.0667065790121881 -0.0178004721543924
-0.0410446796651102 0.0310369610492116 -0.159731097688158 0.27356740332824
0.00418860095199161 0.0460092468912954 -0.510218525749657 0.319390270986673
-0.0250532963319625 0.109622274749152 -0.589564135769919 0.0400502713527837
-0.093532964342096 0.152437996894094 -0.260457468185653 0.235477647663893
-0.123081761187728 0.242026521524941 -0.202261261208826 0.174973524060818
-0.137984586647181 0.154530188428566 0.154285426885086 0.183511005718851
-0.174680562353298 0.203928967998133 0.331743518945419 -0.0475980499466125
-0.0890296325156169 0.339433503348378 0.283612226732534 -0.328923955237333
0.106322489393966 0.32266227003868 0.00272524443837049 -0.455749448382413
0.207210697515834 0.214775068854909 -0.191520196324992 -0.349499392916994
0.240775225739445 0.133285008910976 -0.248423807435083 -0.20054463655043
0.208221243260823 0.139778201887828 -0.277556072616875 -0.10129597626472
0.183346115956212 0.142560902446865 -0.294876879679137 -0.0585851765048332
0.106392598641333 0.206915723847943 -0.226565263257766 -0.0628572103010053
-0.0170942676149276 0.207365628387708 -0.0981747084600798 -0.000860616389326497
-0.078380313537775 0.115925795703679 -0.134206516621773 0.256719468610463
0.00094108760807592 0.0977884140136718 -0.425059101977703 0.341233280119509
-0.0215610218068629 0.215833926782065 -0.536576103366166 0.0773626636597043
-0.147456510276767 0.316205232861408 -0.173061007005715 0.18224163446894
-0.135271476792487 0.34057178820211 -0.100430056144043 0.10878886265004
-0.115945718116791 0.215170622385059 0.290414917024233 0.116338447153195
-0.170764358735095 0.245710073626657 0.369192106518654 -0.131790956725374
-0.102099240240877 0.407087927189321 0.24756280557638 -0.330136040371657
0.13203235883063 0.411312409643671 0.0183399071099388 -0.353069044189492
0.27256009129919 0.277780137080548 -0.105347858288291 -0.245989360123804
0.319842000673388 0.169274182228546 -0.135967343492971 -0.130012707963367
0.292266396111492 0.168985505525386 -0.168834939944228 -0.04813528509227
0.27803464633048 0.168269549980796 -0.205483780442069 0.0223974630867518
0.205221434142466 0.273884242165588 -0.19258869550713 0.0303794131333775
0.0374794146177488 0.323173994203696 -0.126643409805765 0.0581450545534964
-0.103196792406601 0.235574276679995 -0.137066464388021 0.235634539931401
-0.0403973086393108 0.15039229489522 -0.341964248723459 0.312960879119244
-0.0371733448998357 0.266825499738966 -0.451186628500948 0.0846932597206678
-0.177442581770464 0.408960548378878 -0.0681323733838008 0.0993615179833591
-0.123974187523597 0.39917294502272 0.00364424650948143 0.0224878817856491
-0.0469250551181089 0.253429922032917 0.425226118694281 0.0604832406273474
-0.109257148156509 0.225845448418261 0.42764241150531 -0.212690136259071
-0.102731673135344 0.368775214001345 0.21408085156323 -0.332874004642765
0.110926064702751 0.420025393383251 0.0315052961568918 -0.238844096879034
0.276828975900212 0.30037545666352 -0.00825673749594918 -0.125335938771205
0.342165416385987 0.182300431356682 -0.00568464527474839 -0.0460252693103357
0.330979947728018 0.173273382032841 -0.0360702194330151 0.0115014263121133
0.337756249200714 0.163474881444055 -0.0785576461824658 0.103470193796369
0.289421098186602 0.291966340081159 -0.111811789414774 0.139578926056703
0.111165792702149 0.395552054655092 -0.121546498754594 0.157353349618961
-0.0970750543451756 0.353266799311395 -0.161126591999029 0.234449260402147
-0.100073395039938 0.209188564920705 -0.289300558334108 0.237902436770346
-0.0790016190518775 0.272555027056485 -0.341438975368581 0.0391384132342661
-0.18834129843632 0.42434535627953 0.0423345943575301 0.00213626526072706
-0.095381415043145 0.399580295834009 0.0960981989307821 -0.0711145497813931
0.025998265589667 0.26620540430683 0.522177946951002 0.0331555160613693
-0.0217878646607584 0.177714543507777 0.497466750690063 -0.262058420608929
-0.0779729940350253 0.266201314884414 0.190583665837725 -0.34408217605783
0.0730841572293775 0.350504476707964 0.026739931372377 -0.143453379064053
0.236317775108897 0.270000440002356 0.070580477790552 -0.00900460430861239
0.311452224057909 0.166108084635296 0.116682885316148 0.0387743059237674
0.318555233962298 0.151354895507151 0.100109774263998 0.0671547503915602
0.341969102710732 0.139345782369812 0.0614533502396604 0.168569700304782
0.317822040795118 0.267422065747774 0.000652683783479802 0.239296905677213
0.155547758872483 0.397870419389215 -0.0801526294822845 0.268128686266261
-0.0776992187035993 0.40325141685812 -0.188409581626588 0.254901666554591
-0.147345001655909 0.23910369611937 -0.273259255830201 0.146685527299789
-0.126020645635029 0.240725686449812 -0.232633724563791 -0.0459106640714671
-0.186312981264013 0.370488517434737 0.149558401390269 -0.0883563152681879
-0.0578107921826279 0.328406438145071 0.172154312404384 -0.160187319549306
0.0653645809027369 0.231313418143139 0.568694637061905 0.0336983550165802
0.04189145614736 0.124285513409862 0.563117852667829 -0.262906313418063
-0.0378001801967563 0.158373083610537 0.190055977898814 -0.350528544797092
0.0454835592044336 0.239038657941955 0.0167822752085788 -0.07928223086182
0.174941971670513 0.196915979645805 0.122578836224155 0.0825525620914693
0.241955924296384 0.120530966828682 0.216612942331918 0.11039453641529
0.258175613973128 0.10525325758388 0.220699318494338 0.111891052601987
0.284019985040454 0.0981569652566278 0.190725040717819 0.215874953536527
0.273433950975998 0.203279729371628 0.113893798590792 0.320563017269536
0.145224317320491 0.324563692173084 -0.0233725690233068 0.372152499189893
-0.0600594718168258 0.351077279434119 -0.205253850253631 0.289596906032776
-0.15118842953913 0.20704605829824 -0.27129325164107 0.0737814630459478
-0.135881883842205 0.177728152929416 -0.138840800379212 -0.128112910146047
-0.155293151505028 0.268233711785395 0.240606837070686 -0.156683698000837
-0.00654323875114003 0.187320178624724 0.227867087141488 -0.223827651840114
0.0723888356455291 0.133958256095773 0.574677425270972 0.0378305543864764
0.0576364963147135 0.0608566998711791 0.601399039867217 -0.245186948000749
-0.00164865977111683 0.0778635213161422 0.197057566807941 -0.346377911023805
0.0388817118242219 0.11977792201771 0.0142194167894912 -0.0413838492850627
0.112688212141501 0.0969804876945916 0.156306848406052 0.137650206302643
0.145895768838568 0.0518658722957609 0.286823977627495 0.155761870142382
0.159499865932197 0.0400163128485222 0.308379847092815 0.138446299333853
0.174170824188404 0.0436545900026689 0.286318870801114 0.244678836240755
0.169572570013976 0.105046295222221 0.197781549525571 0.378791018977097
0.0932267260461929 0.185936139072279 0.0220842080128917 0.454977298299104
-0.0341812982947254 0.20414309602945 -0.217771703437529 0.324677757357007
-0.0963053206603375 0.113739192348124 -0.273690813307051 0.0343746746258714
-0.0860301783063761 0.095723206616512 -0.0770397239989556 -0.17863291317085
-0.0894635230241624 0.142144841984266 0.295535229324518 -0.193995810121801
-0.00848090998443717 -0.0038632785728698 -0.264294574084179 0.245106658203624
-0.00647402220764578 -0.00108801717329341 0.039174543463402 0.241077826812321
-0.0146792369216661 -0.018584704507896 0.31147496340724 0.0126498943828581
-0.0193907811360693 -0.0122437649546021 0.299469693516711 -0.329841742595201
-0.0281447640300854 -0.00665036919787115 -0.027278962490409 -0.530727238784695
-0.0371561130689049 0.00998580234553398 -0.265745314165588 -0.425067287210428
-0.030103161173826 0.0184299691464654 -0.335336296766855 -0.247679140745936
-0.0344002508789514 0.0261341964769259 -0.356180466462981 -0.132377786137707
-0.0329023250674204 0.018852985685124 -0.337541974086081 -0.120009774223867
-0.0432149533737032 -0.00175581903499038 -0.207326670991153 -0.116836357057175
-0.0280457615299061 -0.0220969083331518 -0.0501868581072791 -0.00315849292330211
-0.00857264202405013 -0.0257126342480298 -0.167919870378787 0.280362349729564
-0.0180037816122082 -0.0155187001559634 -0.521935153467909 0.3082999285872
-0.0268718125678393 -0.0334421875824744 -0.598753598682367 0.0337138601550718
-0.019335977491597 -0.0456160595917231 -0.300417181038244 0.248806285791904
-0.067876787299314 0.120272353559815 -0.249135843304448 0.226113370865456
-0.0855292036923743 0.0797442214299259 0.0718564569525557 0.221810068759422
-0.104904592337529 0.107689976181641 0.31068559548549 -0.00920536837584101
-0.0485290186544835 0.180797490780915 0.285103695801102 -0.335872797993398
0.0555107879935629 0.161276792737797 -0.0322915926300217 -0.507850219916729
0.0973476752299982 0.10861004766266 -0.258149671295328 -0.395707434934412
0.114411513457583 0.0704521594877068 -0.320309153377488 -0.225750361991862
0.0935403608129096 0.0801859646228128 -0.339283634377393 -0.115386283782624
0.0747425347357549 0.0827978429875328 -0.333958875951012 -0.0948933140096756
0.0236337603345359 0.103571446272813 -0.223817585268859 -0.101072970660936
-0.032078777111287 0.0843437208748012 -0.0666329845107847 -0.0121259593827543
-0.0411959953721793 0.0300284426956419 -0.138798438877338 0.272798573601307
0.00664694325054889 0.039822099785276 -0.474758457441653 0.335058581378271
-0.0166246413035569 0.104814797450799 -0.572240383641567 0.0623539773387023
-0.0808057389857196 0.148981746156902 -0.241366755085788 0.231662050084914
-0.104310184062543 0.235960628117937 -0.183345059087643 0.182490415939605
-0.122221176532689 0.151553078537955 0.164815348460093 0.169719908651194
-0.159579347200529 0.203331935723123 0.327762820919989 -0.065533098995635
-0.0697874975983852 0.331006681582559 0.262782251647483 -0.337201231254934
0.120417119275515 0.303959293076369 -0.0220309510975616 -0.443267633490121
0.210063552467459 0.193846166921464 -0.203816151729012 -0.330105089769681
0.237334721800051 0.114948614598032 -0.249610617143224 -0.182734316337384
0.208424248792206 0.122906709886583 -0.272359485592869 -0.0809195592716531
0.18211301689686 0.127661859598509 -0.287147034579002 -0.0375274292738326
0.110211165935419 0.194600981617921 -0.223619585004222 -0.044004991365354
-0.0101846445879961 0.200860276910953 -0.097875448122563 0.00765974635057223
-0.0749453132798866 0.113110594388986 -0.11590417494657 0.254728771297647
0.00618388681918726 0.0859078917660212 -0.394652253469644 0.351003331244215
-0.00630723873489764 0.203488529242555 -0.520056502208615 0.0981393667835895
-0.12320304946288 0.306763259161211 -0.159767755980438 0.177460666826625
-0.109990422378468 0.330562166611691 -0.0892507316703475 0.114688340101984
-0.0964524455263226 0.205944692376093 0.29246174248096 0.0981484779452374
-0.153951371227743 0.239676490667717 0.359266925703955 -0.148817147979881
-0.0809345456292339 0.394715880798283 0.228608922689203 -0.335740771809534
0.148145053249084 0.388314358596466 0.00059800541263958 -0.345792264215253
0.275445009747595 0.251258559892334 -0.11405390434302 -0.235020667128039
0.315056692180415 0.144923170669577 -0.138832295566465 -0.121912745159115
0.290796534702457 0.146356042081771 -0.165832986406751 -0.035937582679585
0.274508286005531 0.146562005658102 -0.196856263724091 0.0362563388904663
0.209221755283264 0.252665702169414 -0.18690154116428 0.0449412148823295
0.0486480422840108 0.309154090618122 -0.123527157105566 0.0681318927924079
-0.0938496879941809 0.230009806006526 -0.121670426717523 0.236302047924391
-0.0318075066805105 0.137845666726161 -0.31763068665025 0.318779138014185
-0.0183723989971859 0.250651029022466 -0.437532411424239 0.10184766748104
-0.145843655174234 0.395485954518687 -0.0644510793518807 0.0937723201377572
-0.09577760529735 0.386518329874371 0.00661572621240336 0.0276207648906526
-0.0269638285571675 0.238637068886122 0.419080490874721 0.0384187896593397
-0.09449171002756 0.215068425071585 0.409138602725658 -0.228836256992246
-0.0855345643492337 0.357131921138139 0.193210482067813 -0.334637073689401
0.128217620377 0.398307273965971 0.0181822795971038 -0.23652257787655
0.279778178492799 0.272550177137281 -0.0138026351335769 -0.124471635666936
0.337235822726536 0.156528202470211 -0.00937970034096102 -0.0485626403662185
0.328836021620585 0.147794065732231 -0.0360370782201584 0.0136645423549338
0.331498362111509 0.139235928304014 -0.0716526212509228 0.107399086565173
0.29233708862177 0.26508926627771 -0.102735242602053 0.146183832101107
0.125748765913832 0.374349864808408 -0.115169555420836 0.165682267225333
-0.0806353323469052 0.344150328695103 -0.146719280143671 0.238548384456129
-0.0876083829020703 0.198100417229934 -0.272837378091987 0.243365482593358
-0.0582000931722191 0.257737942427052 -0.334165227949066 0.0543868377633433
-0.156256444507916 0.410629359250059 0.036897836396773 -0.00444148862452054
-0.0685421690765624 0.386658541076278 0.0904607066739458 -0.0669710403397925
0.0436313963382553 0.246673897167007 0.511192814699526 0.0103380222610849
-0.0123706911302434 0.163246351241151 0.473336021556832 -0.28051486508161
-0.0667801948999758 0.255810073591174 0.168359868389144 -0.343843285972992
0.0865093409637122 0.333226326565639 0.0181535429295882 -0.143964111877578
0.239254145798755 0.246668188400614 0.0679878661251871 -0.0165481491098496
0.307455182982006 0.143914267356932 0.112571203097128 0.0264519361242586
0.314461721558525 0.128311909135911 0.0969044546510326 0.0591096144700585
0.333870281422121 0.113959994403711 0.0659073149812537 0.162583132562462
0.318826720762752 0.239247729588461 0.0108985301441226 0.235412883428865
0.17131790813775 0.373641143029414 -0.0686936355021923 0.271488881309231
-0.0563463910697196 0.393046683237886 -0.172796731748756 0.260279480235445
-0.131192507162506 0.232461673530901 -0.264309571421 0.156006593264457
-0.105258118490753 0.230228090273982 -0.235455705549011 -0.032049674490913
-0.155598498170334 0.358937386038293 0.135134140504662 -0.0961163320953887
-0.0363814181646668 0.316515238532632 0.158529962428528 -0.155461682398728
0.0792540098614135 0.213026788711571 0.555673327903734 0.00963601682527597
0.0463206304118912 0.110099309599701 0.533862540910771 -0.283904343519114
-0.0325125507294778 0.150767069877728 0.164716725873773 -0.348863895744468
0.0533590308307535 0.226954593045808 0.0106964274402375 -0.0806533156998506
0.176498404691052 0.179817570144648 0.122278892274686 0.068676535527061
0.238409784161059 0.103052321312319 0.212632856259303 0.0904517867907268
0.254143610089591 0.0858073062660412 0.214810571567443 0.0955459191348029
0.277796539960843 0.0778388295746009 0.191965479000833 0.199337772795667
0.27403408017096 0.179277862888589 0.124714082044249 0.306769046349558
0.158321984141796 0.303805443518542 -0.00798581913899067 0.3676415420391
-0.0403133191044322 0.341543787813522 -0.186893236868141 0.294977330951961
-0.135758512102435 0.202654813941914 -0.26689717756937 0.0870591308694225
-0.119143284623817 0.17222510889607 -0.149542155090362 -0.115973708123078
-0.131977298092137 0.261945249672725 0.219117060972824 -0.165673667936322
0.00467369530905468 0.179905216037284 0.209290336072805 -0.220083901543894
0.0793206115519021 0.12142399212116 0.562998675633569 0.0146874847793473
0.0587574095571257 0.0508568855638894 0.572929091392281 -0.267135069957569
0.000729670651595179 0.0726860170337125 0.170699602912861 -0.345345790106973
0.0420146638766976 0.112977168297374 0.00922006754950721 -0.0433645953386457
0.112921675708104 0.0874957379125453 0.156607985099302 0.120151942030326
0.143075588524289 0.0414878233840868 0.283565503292646 0.130934790456328
0.155160984541144 0.0296034901354976 0.299992581237294 0.116230921189948
0.16979403072567 0.0306592433750107 0.284406987871297 0.221000453497684
0.16900177563328 0.0913878107314928 0.208719054796258 0.357263422859674
0.101023973311679 0.172774187946446 0.0409298390718177 0.443144265443047
-0.0221778308523051 0.198231208589421 -0.197554602801708 0.328870047001914
-0.0865260669792628 0.113026447976725 -0.271688258387892 0.0487826896035299
-0.0762231829638396 0.0940348735303286 -0.0916309450109399 -0.168746571597157
-0.0767291267872068 0.138976664945149 0.270490156251456 -0.20371838504361
-0.00980877348405772 -0.00447161295735452 -0.251142840658309 0.251589142821993
-0.0048132342398504 -0.00122223542623961 0.0513232727065943 0.23631761279692
-0.0163549423498166 -0.0163078061268419 0.316445906451356 -0.00138087138370874
-0.0207304849814224 -0.012399453366983 0.29015828738041 -0.341048029994383
-0.0274218021596467 -0.00603707097060633 -0.0430735913618984 -0.525973998662485
-0.0365315228230069 0.0126680348638802 -0.275750441176466 -0.41147587205153
-0.0297243979516778 0.0197053957210755 -0.336104141007012 -0.23438828297217
-0.0330147397279783 0.0270127840699571 -0.35134114671289 -0.118259205652731
-0.0320109208282679 0.0190418784715654 -0.333721434498635 -0.104421767291711
-0.042922884563882 0.000588713080686391 -0.206568550228431 -0.106825057987807
-0.0297167391272915 -0.0212662612169992 -0.0498419322479429 -0.0018980471849046
-0.00972885712554638 -0.0257013411605877 -0.155326155997037 0.281740332508108
-0.0177464778841423 -0.015298106473988 -0.507855929684915 0.318898807384813
-0.0266328896811323 -0.0317012173805889 -0.596128798425425 0.0435863001134061
-0.0198838114488456 -0.0442928525694265 -0.292049202356805 0.245486767950621
-0.0634232530109582 0.118102230110143 -0.236666769305786 0.232702110620205
-0.0800137439692879 0.0789376058470886 0.0827856684697058 0.216963838917022
-0.102237454171846 0.10915293840291 0.315517035639439 -0.0218851147670984
-0.0433337550151882 0.178819233097226 0.276739378116168 -0.34644210798739
0.0604989642841449 0.155947644395715 -0.0483419630883142 -0.501932607287313
0.0983044871582758 0.103680263364358 -0.266720857643137 -0.383323896662883
0.113248079642923 0.0656190055146649 -0.321257932640201 -0.214039906967781
0.0943041549937346 0.0757690556380393 -0.335116801977813 -0.1017101169604
0.0748061116863428 0.0794332988056817 -0.329938239409032 -0.0782649328327292
0.0241014799244322 0.10238692184409 -0.222869783951637 -0.0893730477087376
-0.0328782333011239 0.0840878088514097 -0.0669944294838433 -0.00908494924761741
-0.0436047019066017 0.0291936886170414 -0.125957074149201 0.273299926528302
0.00700741997968974 0.0337898549981957 -0.458611193227356 0.343819938646731
-0.0118423108496194 0.100170762270642 -0.569172175346579 0.071561091243649
-0.074061293120131 0.146101318900367 -0.23378947496956 0.227721492640154
-0.0948550637222746 0.231814749418772 -0.171927878382767 0.187863214966431
-0.113626743332543 0.14765984889684 0.172921007514845 0.162509954522688
-0.153243962718976 0.202241429704565 0.330831842175306 -0.0781594246409453
-0.0617509125400296 0.327380127764717 0.254920951494436 -0.345766239161691
0.128200065865232 0.293662026117614 -0.0350860483847797 -0.439924374556071
0.210731561582219 0.183113666671342 -0.210484031107767 -0.320413669875604
0.235427871352708 0.104988097557522 -0.25166458274549 -0.175056505544951
0.208650217352211 0.113214819816338 -0.269214972743625 -0.0701431181231648
0.180871854768166 0.120607976041787 -0.282088797636596 -0.0232493624396587
0.110934243170092 0.188900120994315 -0.221352870626816 -0.0312203739930529
-0.00815189729621021 0.198387377572968 -0.0989079292737834 0.0139078090758915
-0.0773584802172891 0.111773605868111 -0.105545474538667 0.256321500977803
0.00713766872731195 0.0759301118980639 -0.381102274782721 0.3571123265213
0.00211774935840568 0.194059646077075 -0.517014217033382 0.107734388779386
-0.109282708658555 0.300111049832165 -0.155742045465101 0.172113321518339
-0.0969449131964961 0.323583498302852 -0.0815562919010299 0.118776713598373
-0.0860673346382806 0.198335949725611 0.296570626025342 0.0895305895868685
-0.146269241377764 0.236095836261813 0.35928061554848 -0.159437337729089
-0.0721484706630883 0.389840829294923 0.221420216722254 -0.342694140587683
0.158058768615748 0.375735095436749 -0.00960936559675891 -0.34468203768132
0.275882985899869 0.237227268692012 -0.119798100091423 -0.231348655290026
0.31310529048184 0.132673086310042 -0.140911839849228 -0.11887802381498
0.290169583391964 0.13356008730716 -0.164222530056136 -0.0285880518041146
0.271412997475805 0.13621992873183 -0.192298370135203 0.0455707281718966
0.210799406577944 0.242677293823608 -0.183948545226629 0.0556692891501665
0.0536117792340421 0.303288499709355 -0.123391524864706 0.0774032044327916
-0.092658322702237 0.227623208659855 -0.114887571177632 0.238643669889908
-0.0297952124504934 0.12596699647967 -0.308205229591353 0.32318167257971
-0.00816756517826717 0.238490720553386 -0.434390815317585 0.110600098281785
-0.128076648391655 0.385917269925138 -0.0645895956909735 0.0882760860213264
-0.0802899756957021 0.378212661036138 0.00935534774357484 0.0323331625167553
-0.0160997661027105 0.226087485908764 0.41999731793004 0.0279462306568472
-0.089127328856677 0.206618829231735 0.404954726181061 -0.24046843630683
-0.0797640129920534 0.351152706845272 0.185420024982047 -0.33858623866824
0.135056341420634 0.386695949245782 0.0109464536211794 -0.237642909017105
0.280070690364011 0.258508344164541 -0.0178459608434802 -0.125811374197399
0.335622524879584 0.14422849339937 -0.0125666030736544 -0.0518778746528617
0.327362318579866 0.133934104166784 -0.0365326544756225 0.0156798657038069
0.327343027454675 0.125847058493465 -0.0677153135892311 0.11118431652065
0.293559582065641 0.250898261409172 -0.0986982501713077 0.15285184323028
0.133008329523313 0.364620745738383 -0.112387879450557 0.175185821689635
-0.0742465518623347 0.340990805100798 -0.140993740924835 0.242294832196238
-0.08274677592563 0.188885070752573 -0.268465997767224 0.249201094080033
-0.0465940877449718 0.245380919183289 -0.335837830910243 0.0631837315201729
-0.138146564125277 0.400321518491968 0.0313805304886644 -0.00910948920808282
-0.0534027269513996 0.378296469409342 0.0891029922397117 -0.0622513942965858
0.0542449059347235 0.232606678422391 0.510365840585784 -0.00164264315720265
-0.00920005485943566 0.152026651964816 0.464288077350083 -0.290249708646752
-0.0652976583301414 0.249982313810293 0.157755733371783 -0.345087303462354
0.0920647525425121 0.324818027620873 0.0127043565023495 -0.145820850400257
0.239878936758761 0.234193104136633 0.0655524241831208 -0.0224153179253325
0.305886855895702 0.131770595893049 0.109350533061806 0.0183022205169996
0.313009667327899 0.114916354019545 0.0945298951436989 0.056066496817041
0.329616908840515 0.100511720712365 0.0682037940820013 0.160187551979343
0.320228062267736 0.223445075609989 0.0156455820090579 0.237204913530476
0.178893829221383 0.36192143280192 -0.0631030859417689 0.278218653314726
-0.0473458368722693 0.388258641038049 -0.166312760334834 0.26607870271053
-0.124199301786931 0.225807940322116 -0.264971907779565 0.163081318069327
-0.0946235029653558 0.221370960987757 -0.241687185073649 -0.0247337053611101
-0.139265866381485 0.350387799422859 0.125181036505344 -0.101032342944212
-0.0241711569310988 0.310349262885678 0.153820396759129 -0.150904228534181
0.0875832029790047 0.200713921488782 0.553823188944106 -0.00140666483644864
0.0474048415733851 0.0992229099291194 0.523082028018891 -0.296463946821997
-0.0326265560216445 0.14565759420085 0.152045823979971 -0.349210908714366
0.0572094256334471 0.221712958701673 0.00543492004152142 -0.0823691829385254
0.176858935856058 0.171306138705796 0.120563036520408 0.06004420652222
0.236744888391357 0.0939043283758853 0.209519474867054 0.0789108184343277
0.25199190559709 0.0764762625046962 0.211245485984665 0.0876245435289648
0.274181435532689 0.0662145870831245 0.192181482824395 0.192449991314934
0.274693734782564 0.166539572821145 0.130547943718139 0.301725211936687
0.165335941807406 0.292336227499807 0.000663461104889504 0.369555836777095
-0.0303071593650606 0.338207227213317 -0.179306890659484 0.301508088308397
-0.12818638938634 0.200481925605503 -0.269798717171815 0.0960577659190655
-0.110436523753168 0.167532089311076 -0.159785471724847 -0.109639784377426
-0.119280284202275 0.255962597504472 0.206226785429445 -0.171584896544273
0.0113279958621148 0.176392916007773 0.201397084948011 -0.215513603412123
0.0831508486295628 0.113164359452628 0.562360939819276 0.00582315923413919
0.0584257030296091 0.0434394193725494 0.560266750124992 -0.281422709489027
0.000115391704911144 0.0694858336083028 0.156502322804504 -0.346057802993231
0.0431059246581768 0.110438724449768 0.00398003392323539 -0.045078334347905
0.112365030054741 0.0822641436343937 0.154779924366 0.110269236626265
0.142113902619686 0.0361083991820298 0.281014592315742 0.116816952565963
0.153128450777312 0.0238813249497219 0.294758087114409 0.103290100663093
0.167353945720428 0.0233883370778143 0.283708172151229 0.210272058136158
0.169148924612081 0.0839325067077401 0.216314828504896 0.347977808947495
0.104958270293602 0.166054736968143 0.0519688418767375 0.441299095440876
-0.0152476443750545 0.195469232890537 -0.188801996158414 0.335247082259924
-0.0828756635795196 0.112150364314238 -0.275268782278337 0.0584772486289498
-0.0714489912550996 0.0917326867663217 -0.1038210168185 -0.163776775400509
-0.0693880953127793 0.135476447116238 0.256149503455641 -0.210279050872001
-0.00575369973839811 0.000396663148679564 -0.11304781603719 0.341720998051773
-0.00175927722015736 -0.00274194408270783 0.159470176437124 0.188001366116246
-0.0254343074127395 -0.00862346107418359 0.288170875797044 -0.152582661002816
-0.0322992612664189 -0.00146728469657121 0.105300815884072 -0.45149812406596
-0.0327249832844288 0.0131628446709638 -0.284800383081525 -0.45496532953758
-0.028162447915024 0.0329987548462505 -0.441236530029121 -0.241603235716924
-0.0189181327288543 0.0313247886507424 -0.413336018890069 -0.0567805797363335
-0.0167764802903206 0.0413300105449347 -0.369170833240211 0.0566063025140898
-0.0225586679068382 0.0312092523573074 -0.34571043292575 0.0630413987683216
-0.0401174301672577 0.0207991342112518 -0.234850641203082 0.000500268113475825
-0.038683584408464 -0.00550895497668091 -0.0446697553647629 0.020064830810138
-0.0224366509357472 -0.0145258878608293 -0.00768898134753176 0.323264688361928
-0.0308620731172669 -0.00464652459136172 -0.305923958250389 0.516553728031367
-0.0453939000252215 -0.0175616611379194 -0.528165075301915 0.302008765125772
-0.0423174266201659 -0.0292183726022652 -0.158370483570465 0.34856343450724
-0.00259590110018042 0.132257564379459 -0.104559726234361 0.323633067758155
-0.0369985391051937 0.0979053326447732 0.181232654518744 0.15801512037106
-0.0501728174762787 0.140486912905442 0.283478963614161 -0.164599889475914
0.0305478865393173 0.178095905481738 0.096736946067204 -0.442748731626234
0.11710017141024 0.118331548789802 -0.272785808871999 -0.431923387449837
0.133134246687698 0.0541805341127119 -0.415224194477913 -0.221603685670698
0.129683877294019 0.00911454901601885 -0.385102946330032 -0.0460265316981266
0.121645175012221 0.0299412950397076 -0.346697039268009 0.065999298361351
0.101643005194238 0.0402557139545123 -0.330084030445138 0.086978625543839
0.0661866687519611 0.0854580538708239 -0.241686796334615 0.0280420614743325
0.00450661533007265 0.0951730780515722 -0.0680677508406582 0.0234507167995209
-0.030371455050149 0.0504538499450108 0.00964433314736598 0.302055708433325
0.0123727489044967 0.0267330131940264 -0.25386016454865 0.517450226522847
0.0278128361852072 0.0925967175438086 -0.496133663262593 0.319448564289702
0.000320547622746893 0.170397986210939 -0.124706204150497 0.300776998633351
0.0156078451288129 0.246692646144788 -0.0625864418090637 0.257007975250606
-0.0400087218591241 0.171594338377143 0.239466846413514 0.0691830053876516
-0.0589741588911148 0.245273923630499 0.275645563177348 -0.218652564620492
0.0787531609953039 0.31784185253937 0.0829155284570481 -0.426084510762509
0.237786971198465 0.211240066060298 -0.225058754865592 -0.38280350447726
0.269030082288702 0.0744725313514474 -0.331565524030047 -0.193314055661258
0.25612581072445 -0.00939071091382304 -0.300332748395437 -0.0440806714930035
0.242684492800657 0.0134490542260573 -0.272249470647666 0.0652462867058398
0.216710207219997 0.0316301580023101 -0.26259733642221 0.117037758138332
0.184342759402137 0.126064099958517 -0.214280230447315 0.084380257625241
0.07742883482116 0.190909279632388 -0.0907067609457252 0.0632353713616478
-0.0260560655716792 0.140808196982716 0.0122599229341017 0.278356159703715
0.0285203636309208 0.062975539425713 -0.180704974449951 0.496202852441155
0.0827972816012804 0.168860650556508 -0.435219924476449 0.330723587013164
0.0424379269329103 0.327108703726754 -0.0867419166607109 0.213141738135325
0.0509331442699558 0.329539419168958 -0.00726453010032505 0.156888714937653
0.00288072737028824 0.2025373256258 0.319119484070643 -0.0537585145745765
-0.0417027213319511 0.27000924801999 0.264620327017735 -0.303020997396881
0.0947862606332957 0.378424140591281 0.0563256764293286 -0.404290348522125
0.299588960523483 0.271347380643998 -0.154810350748367 -0.309266629906248
0.350906838038842 0.0926680627269044 -0.205883390893915 -0.156905834425631
0.337617182379681 -0.0190471571658032 -0.172612438401428 -0.0460097697336542
0.326459237929867 -0.00422577902101532 -0.158993547695373 0.0539247335995763
0.305761765501998 0.00617616784988048 -0.149617436516801 0.138850681031045
0.299872470557444 0.130239745175326 -0.138292537090576 0.149920882826086
0.18353347375629 0.260649382643972 -0.0868611107458892 0.137638036419819
0.0129996393693086 0.253160669967524 -0.0125236128226271 0.272180062553106
0.0166049688150227 0.125734854792592 -0.135743932446203 0.431419506342453
0.0938545094996671 0.212243384525822 -0.361485611040273 0.299603036858713
0.0667054376885325 0.41314530866203 -0.0453727347818901 0.0954246854327111
0.0877101215195901 0.371021183671953 0.0388944932469495 0.0386243495899368
0.0752940682552696 0.19565473137946 0.403783637556794 -0.166171178724672
-0.00531750506750107 0.217158449837517 0.268136192676298 -0.398340735982274
0.0697256765808026 0.349040492396218 0.0238781566497615 -0.383534710901446
0.285599995691881 0.290327777232676 -0.0854576325768487 -0.221261543156695
0.365063926747984 0.109722607986571 -0.0651902048177315 -0.110232881848258
0.363190893504215 -0.0180799710194307 -0.0247152445852 -0.0453071496553719
0.361015325963367 -0.0201306317368598 -0.0238523503419162 0.0353090859296953
0.352874787926806 -0.0289229480726316 -0.00716264762472604 0.140893237944447
0.380092659415785 0.098859852018471 -0.0151774772761998 0.200408543253873
0.285932282672631 0.280213803487283 -0.0337071040344165 0.226084679739607
0.0827413048176984 0.346289944505245 -0.042461994898306 0.295462476685682
-0.00278840684754291 0.20782266205081 -0.139520703153838 0.34832196786197
0.0623015968053389 0.236047332173033 -0.293299359092942 0.210664438574493
0.0657692982232062 0.428365223561547 -0.00265521036605256 -0.0352364910552063
0.109369779616725 0.360484698213208 0.069834543268733 -0.0818685720782705
0.139549407739263 0.17011506370646 0.473255149970271 -0.234577408224985
0.0423270741339079 0.132945146112272 0.294703233103772 -0.474756620519689
0.0378568741988249 0.252766479127878 -0.00815602899446486 -0.377871456629534
0.219593089589284 0.253463133047624 -0.0451616288066838 -0.137368545821613
0.317240571158037 0.105605321348551 0.0553442291148822 -0.0550743017034265
0.331445649098607 -0.0160977322115327 0.116280673497909 -0.0376914855138489
0.339050053851976 -0.0323837501791507 0.111989935213223 0.0101829354718631
0.343570492948381 -0.0535656621025102 0.138221205644856 0.121446499680856
0.39221213634092 0.0595531727371951 0.12763368958124 0.221599463263595
0.329457886136945 0.254503570906333 0.0584239419093885 0.298987064163152
0.13171805303852 0.377099491319759 -0.0555724245671515 0.333882206779389
-0.0219484064879855 0.261104445902869 -0.179494522323864 0.270326786827999
0.00946350601683493 0.236705768043118 -0.24746666514692 0.0873193189797791
0.0419484915774874 0.382919411265517 0.0445834268616139 -0.159385509113496
0.105929219604684 0.288783381749603 0.0875935707345612 -0.192503905766867
0.155575963446384 0.128788343284431 0.513748536879196 -0.254030375839216
0.0713368318751764 0.0604656820612036 0.343692326722635 -0.509304954328767
0.0224733556329178 0.145733644422307 -0.0212690353064008 -0.382016462578301
0.144352863471154 0.17609080692389 -0.0272905014713208 -0.0763267744777917
0.233974168413 0.0756731719375945 0.140068958881534 -0.00491975303885127
0.253827797246021 -0.0191138565024741 0.232293711005685 -0.0293746668242012
0.265470786872728 -0.0412908629371141 0.229545273863382 -0.0167775299207758
0.278370731238715 -0.0608578413541629 0.263816281103067 0.0909189573937758
0.326166397008151 0.0274043209155601 0.260932580686834 0.224246468811087
0.286756148970969 0.195324814335323 0.160855946548762 0.349064279482752
0.125196206124679 0.323384684593531 -0.0470311142048317 0.370169494358343
-0.0350308314529308 0.240737814607517 -0.214237907065265 0.212745094317979
-0.0276451323015987 0.196365429943983 -0.209764029862313 -0.0270281506698954
0.0143194532441781 0.286838045216014 0.0926637513283268 -0.256605387822216
0.0810005602106714 0.154111826254535 0.0986951957857474 -0.276732976512015
0.11443260380247 0.0554550222319728 0.525326561957035 -0.252685228450857
0.0588939392635609 0.00750481608303811 0.37891590371293 -0.515692038018074
0.0214621345965798 0.0631916399268982 -0.0175487109551815 -0.383655845329184
0.0849436565366933 0.0819738990596053 -0.0162677375305662 -0.0422602196155459
0.13721010687883 0.0230353796338642 0.190266228122143 0.0245883292260136
0.14396669399715 -0.0303372574902717 0.309719805176683 -0.0286686557008221
0.150295453832368 -0.046654181556435 0.311349880020897 -0.042714589112743
0.163302014842051 -0.0527935415753067 0.354264669112095 0.062132474982742
0.19364078822642 -0.000238745569615249 0.358215002662331 0.220703788160296
0.174695875352834 0.105992567645144 0.244267338018727 0.382719948530849
0.0742905340917515 0.187921171135505 -0.0306707547530051 0.401255096494531
-0.0306426821004963 0.140604606004929 -0.231984672232904 0.1822218914185
-0.0239397378586599 0.110942079031025 -0.180269937925083 -0.100425006490315
0.00304292680730129 0.153403947312982 0.127262718910896 -0.310713501580997
-0.00671911760401997 0.000946878769847734 -0.0926642401647233 0.356301432770238
-0.00123670097108352 -0.00432308993784887 0.178974922562032 0.180656181119699
-0.0257308503336755 -0.00543114992954202 0.291434333248323 -0.180870608239499
-0.035164483726414 0.000858639831110695 0.0819360756869866 -0.477689919442165
-0.0334426575339142 0.0145879513242283 -0.321430297060944 -0.451192367191845
-0.0261503975306825 0.0365075163125396 -0.46733559447067 -0.222548150517558
-0.0180293796046853 0.0340188394283869 -0.426857594855501 -0.0350136616026804
-0.0148489642673345 0.0432289805303577 -0.371771758171224 0.0784837283612316
-0.0224838334554032 0.033892556023291 -0.344799826537234 0.0863596643409719
-0.0397020887536363 0.0241427610767119 -0.23806092480221 0.0150404928321638
-0.0415383410891822 -0.00270356863233685 -0.0441558842198882 0.0233256217272532
-0.024499136831322 -0.0139295494187113 0.013073709235855 0.331361831686773
-0.0321590451409118 -0.00309183698014755 -0.284919013631152 0.546809376607034
-0.046605633436921 -0.0157353034857208 -0.535716565050256 0.337531054509709
-0.0455484251957622 -0.0278314273924025 -0.149245158448084 0.360269085470346
0.00413359966988203 0.133409718557284 -0.0841229512581805 0.336852807890773
-0.0325694067626819 0.099084011347773 0.19905320869724 0.149371604377581
-0.0445389200027491 0.147957216351723 0.286288649536546 -0.193019217429186
0.0399128303224208 0.181967355947028 0.0746182216783027 -0.467961205540317
0.126171755764286 0.112671857216927 -0.306347817021808 -0.429063765095927
0.139236378772936 0.0478777458269037 -0.438719499338804 -0.203519715732746
0.132474647285997 0.00217148039876573 -0.397934569909163 -0.0254429853659014
0.125473368937574 0.0234072905735034 -0.348158893468754 0.0873229973429644
0.105002995824431 0.0368495812031767 -0.328752841956397 0.110541581206071
0.0715737710788595 0.085751980349566 -0.243081203569232 0.0446645145271605
0.00723379257568796 0.100191480438063 -0.0675124459130308 0.0293989613186865
-0.033199690989338 0.0539624217213933 0.0299934231590115 0.307991278507762
0.00899958416060504 0.0227675721307717 -0.231241880604894 0.546742329625263
0.0328167130576028 0.0893886183680878 -0.501251917028008 0.354407760908413
0.00886586096810123 0.171067072265246 -0.117363965171362 0.310617723124846
0.0297393633474902 0.247498807959157 -0.0452982040428562 0.266931791537083
-0.0329764987050378 0.171871794675882 0.254644502595715 0.0548685879838956
-0.0491765744222401 0.253544223637429 0.275382469407532 -0.247270116358827
0.0958903292682357 0.32340701840374 0.061713065868059 -0.451059515845736
0.255084198692219 0.200540631967503 -0.254782751853169 -0.382670941992317
0.278301631796457 0.0607748586322971 -0.352421023778697 -0.180760261135664
0.260047739680731 -0.0246382840333693 -0.311733243776683 -0.0294498210764061
0.247953832805439 -0.000790090149400399 -0.27254275702528 0.0824856806513413
0.222244984238254 0.0218916759004462 -0.258273510278344 0.138325420337686
0.194128261324019 0.120944020649685 -0.211452178101565 0.101861291213601
0.0873835821226109 0.195513808205909 -0.0881293045685125 0.073585775142525
-0.0253095431299492 0.147686321386951 0.0302574369167829 0.284970872930852
0.0245830195671575 0.0571456419942081 -0.157528235650161 0.521246405586849
0.0915602341027894 0.160717617444803 -0.437165921677404 0.365585088487397
0.0604139397379514 0.325397542885836 -0.0827940096555623 0.219282644839524
0.0710816521515816 0.328793890801835 0.00532422948510657 0.162293696241385
0.0122762367998113 0.197970977190579 0.32926613617693 -0.0755100012259121
-0.0321475579705444 0.276226064273884 0.258534016515582 -0.333065167748734
0.113574511173688 0.384976586941914 0.0369900438504104 -0.425199908589811
0.320111100146204 0.25949074972257 -0.178444356772894 -0.311500157665877
0.361826084485701 0.0756160851882327 -0.221372832932142 -0.151399107935096
0.34252082104861 -0.0386667326960299 -0.182539498525772 -0.0390161255442489
0.332768615525417 -0.0235579564348485 -0.158744435488365 0.0648858857579982
0.311285637761787 -0.009685374788852 -0.141663763536003 0.154083078894964
0.311826705828546 0.11745383564479 -0.130231028756111 0.166303377850984
0.199829135318687 0.260336933015895 -0.0797230647877583 0.153404106323835
0.0203729299761007 0.261773105615157 0.00295688377886023 0.282201743153596
0.0137333633858986 0.121635118871639 -0.116209718344048 0.45350565303817
0.103895221343822 0.202530824354034 -0.360278470686212 0.330025772072242
0.0900323119681963 0.410682316273672 -0.0474420611332365 0.0980702097508245
0.110341407502773 0.368009682708237 0.0462997778728873 0.0404564266282203
0.0852956800094492 0.185263292514392 0.410078512660299 -0.19341385606557
-9.81258535649922E-05 0.217546867767725 0.256687954969002 -0.430446562995475
0.0835323247172102 0.355569943259134 0.00449613007474381 -0.400646685559974
0.305429459541575 0.281307311462022 -0.102729388150196 -0.225102733298092
0.376471656709677 0.092168491039761 -0.0753769222498819 -0.11211215335819
0.36836351032229 -0.0393540530653587 -0.0320387199697178 -0.0463103276360889
0.366681125572343 -0.041922057251626 -0.0224979264834514 0.0378767402140263
0.356295300042054 -0.0485852084348202 0.00310123256198636 0.148064990854808
0.392533284520484 0.0803391590422996 -0.00138125094081782 0.210865602942755
0.306674833003888 0.272244406720188 -0.0186221265127327 0.242705563846689
0.100019439620859 0.353713034528743 -0.0263055957448055 0.310549574421159
-0.000957171934237302 0.207715600771257 -0.127375883931973 0.369626625743754
0.0721992272931506 0.228107583710255 -0.295292474117619 0.237171300193759
0.0896495824564585 0.426461863764956 -0.0102114216485182 -0.0364198921514833
0.13285353538674 0.356861584775365 0.0716336408545047 -0.0832516182478882
0.148751383307162 0.155645907280806 0.479183818457329 -0.267423129726402
0.0429633047148639 0.127372651445996 0.280351548651754 -0.508550570208579
0.0446211074830797 0.259067036070549 -0.029492575540879 -0.390472585631644
0.236122875375837 0.249419354327746 -0.056958774636964 -0.139776617160632
0.328139001113113 0.091644733108039 0.0503667836076768 -0.0623274838329298
0.337339314133026 -0.0350904633769467 0.112610160381958 -0.0467970067640345
0.344292584028689 -0.0534227395038405 0.113595445173512 0.00540719694781418
0.346268026918161 -0.0742210950730456 0.149796675635071 0.12062981446478
0.402688914607247 0.0374258271150262 0.146494902593492 0.224434982135569
0.350533153305667 0.241951437692513 0.0810893787601639 0.311986136491794
0.153477655755794 0.381031732016154 -0.0378278226392076 0.352126369205289
-0.0148021569941724 0.265470633238972 -0.173714865024759 0.29464775365237
0.0187987716656821 0.234246570316335 -0.255682784849839 0.109964035943385
0.0616890091302862 0.381457450243807 0.0311607907379446 -0.16454534537427
0.125712029420353 0.284553398478302 0.083639105959897 -0.196472896197165
0.163945790458206 0.114107577219544 0.522270171028443 -0.287990166632215
0.0701309199138142 0.0520179055318589 0.327305468628288 -0.547016603139581
0.0243281806476217 0.149270343087349 -0.0440704948815113 -0.39174399044482
0.154280677731304 0.174464349128317 -0.0356675692169079 -0.076177753608901
0.241548505935975 0.0662497605665882 0.139225521650353 -0.0142957410965714
0.256587637115394 -0.0340083616496426 0.232148783196905 -0.0448911147064207
0.268594490118837 -0.0583675195518859 0.231384370701911 -0.0292328018489431
0.279381489582727 -0.0792188472939048 0.275697704388829 0.0819605679789512
0.334544617579433 0.00726051328317643 0.282313330215105 0.218157527271489
0.304549565689332 0.182256946209069 0.188715339693123 0.35630606935847
0.147566094838858 0.324498775625209 -0.0265699688291608 0.388939277033955
-0.0259125261476729 0.247068079538118 -0.214491294737147 0.238814073212968
-0.02004727315514 0.196969593535276 -0.224338770322948 -0.00946899620296028
0.0295924709888835 0.286743450174459 0.0750204787516768 -0.267349358323967
0.0925299089235648 0.150887183401925 0.0915545244730648 -0.282873592557093
0.118760960331541 0.0452032247140127 0.532348993812495 -0.287494093049963
0.0567549860587124 0.00118976789220234 0.362732806691736 -0.552810263019337
0.0215304374083047 0.0637838850866956 -0.0424242932694657 -0.392499274149855
0.0902395154837557 0.0807060299969947 -0.0225848547885354 -0.0409197198614372
0.141008997135079 0.0165954704090873 0.19220620707284 0.0144522463080573
0.144663948231867 -0.0395085067563426 0.312105766672531 -0.048951600980231
0.150884666520037 -0.056308359158673 0.312843318060937 -0.0600872206095388
0.162730183751507 -0.0644853893432094 0.365619578034435 0.0453996196858695
0.198643006596041 -0.0127937022290738 0.38135879177311 0.207766734368421
0.185141028911944 0.0978908401935312 0.275937908060418 0.385132819450416
0.0873697918985646 0.188208250597488 -0.00791465146572301 0.418797364737167
-0.0249576742640979 0.145087069410584 -0.234469135556539 0.209225569922341
-0.0192493886971619 0.112217779671942 -0.197802119531378 -0.0873271535766463
0.0104419996310235 0.153778217287995 0.107306112680475 -0.324385986976467
-0.00797823828930259 0.00204629304027934 -0.0601450204483241 0.365995233683351
-0.000777938500751999 -0.00577172370459355 0.200421605240423 0.16487720593339
-0.0248850302528632 -0.00170271897612728 0.2830714420631 -0.214306329872731
-0.0373056610033444 0.00463932560921453 0.0416261201123454 -0.496133226176992
-0.0331578370726093 0.0171561942877324 -0.36290103738022 -0.430370469193448
-0.022215121250727 0.0396677797201069 -0.491301591732978 -0.185932996547704
-0.0154894017928192 0.0373204692360553 -0.433698131571329 -0.00184566983657483
-0.0116654169349638 0.045331349153482 -0.365448824637545 0.108724481479336
-0.0203170481066656 0.0362659156679009 -0.336244366838786 0.115900912371937
-0.038228784743791 0.0280658188419776 -0.236107976332488 0.0352131725750159
-0.0432452822810389 0.00224453816323637 -0.0414574405742934 0.0264468632225723
-0.026930244442297 -0.0126783882896643 0.0444321982141724 0.332154501852703
-0.0334367526817431 -0.000423243799479903 -0.243182104672554 0.575122722325442
-0.0476647878570952 -0.0126147940909049 -0.523849218737751 0.385685034190069
-0.0491908972962918 -0.0245225711843437 -0.128443643306283 0.371152677815783
0.0141766088413265 0.132293771415664 -0.0520577417901164 0.346070140883647
-0.0256774232752054 0.0987129307066664 0.218373236419813 0.130927639011572
-0.0321632956308118 0.153804197588371 0.278131716577228 -0.226926592005824
0.0536578545868311 0.182393328977705 0.0364097730421838 -0.486897142330478
0.135251565144735 0.101723373297806 -0.346615597120077 -0.409952987596661
0.143874225164771 0.0368816532874441 -0.461011636463044 -0.170078219464726
0.132478016374887 -0.00844111433449921 -0.404062333867592 0.00612363806778134
0.127543742893605 0.0129515469830858 -0.341225048260277 0.116366196918404
0.107819036981513 0.0300403488759868 -0.317009217423178 0.140525077394689
0.078205272953589 0.082760709928616 -0.238382014015624 0.0657718913166361
0.0132322532582288 0.103986941648766 -0.0644326614684383 0.0359292375604376
-0.0335653258111327 0.0580930200107229 0.0585436738182311 0.307908634057866
0.00559634633261454 0.0197979792531837 -0.186954881822665 0.570460577351812
0.0385984540078104 0.0836670742760811 -0.485704280835813 0.400384934900359
0.0205904903298338 0.167975663108936 -0.101455821399247 0.318891294091448
0.0487100129052753 0.242803533439034 -0.0186677258634822 0.273069833089423
-0.0220356734804671 0.169950670479335 0.266107076110757 0.0315229480601921
-0.0304031363797423 0.259325244065149 0.262526851767688 -0.281061963265733
0.120994920030423 0.321250705934508 0.0248390954341361 -0.4685076202253
0.272352953175871 0.179719007814615 -0.292245375314377 -0.366920745395409
0.284068591974096 0.0378545463636009 -0.371315312803143 -0.153801383397811
0.258394144625651 -0.0460598786912505 -0.318304520323071 -0.00426109332253724
0.248516198695833 -0.0219306780583659 -0.266553564528997 0.1058139104235
0.224190434948282 0.00614536608243389 -0.244290276737176 0.162777838214512
0.204166540639449 0.108612266574962 -0.201302746530923 0.123217023894619
0.100898436025279 0.19478000701131 -0.0804059390705884 0.0852888186999486
-0.0199788924057075 0.153918993962644 0.0560148052327067 0.285602701421989
0.0194688567778207 0.05174555028359 -0.115753834250676 0.540430563141319
0.101740700089827 0.148020544944825 -0.417551762109694 0.407582320037309
0.0844833239754045 0.316325967699175 -0.0730159688283759 0.224979617738725
0.0972403346487634 0.319151547917485 0.0236706423351304 0.164375342343692
0.023833757234872 0.189651328503706 0.330739203201935 -0.105706288124147
-0.0148972333942978 0.278902727083443 0.238812101058371 -0.366305000072103
0.142224833807546 0.382808386648628 0.00149126377092282 -0.440040145244014
0.342919179062099 0.234114333980923 -0.208676389489441 -0.303285544549999
0.36771463871565 0.0469378689909681 -0.238385849988048 -0.137001624056495
0.340524257866204 -0.0673200401535817 -0.189891189812794 -0.025127794057288
0.331712879638075 -0.0522852505730062 -0.153875686684544 0.0788719253572536
0.310719073108656 -0.0332307398366169 -0.125811244207554 0.170334013531986
0.322290566628375 0.0950149284038593 -0.11327036905016 0.182661939442835
0.220523666297445 0.250221298991128 -0.0646556293523021 0.167373858375573
0.0355127209262725 0.266251064237146 0.0274897501324674 0.28759596405868
0.012068683398438 0.1172971920222 -0.0807219981858545 0.470771292716695
0.116540462688672 0.186655476300591 -0.342671478768393 0.366665021521374
0.121627789207361 0.397366480094678 -0.0460772000287445 0.10147616395763
0.140892030122617 0.355108342554821 0.0551216462551778 0.0398707064017701
0.0954191474996086 0.168895061138733 0.40356124614229 -0.231184657081821
0.0103386635813493 0.215195177071567 0.227834215963587 -0.462050616745197
0.106897193630285 0.357058997912289 -0.0277813387716425 -0.410825510821364
0.328040423326128 0.25942617796559 -0.125013547788679 -0.221737275683006
0.384585352194427 0.063029306119114 -0.0880657337838809 -0.109804598808938
0.365410105018481 -0.0689943096881805 -0.0395927135365799 -0.0450183108515761
0.36543277182614 -0.0736406629952176 -0.0196488533498617 0.0413002821524081
0.35263420603146 -0.0769510473245353 0.0191285348310572 0.152385260388713
0.39955988288358 0.0478692547915426 0.0203738936492297 0.218332206481644
0.330806994251452 0.25184691080349 0.00624039577142597 0.254804955480518
0.125353849278658 0.352373841080084 0.000777693170273611 0.320578217740678
0.0045913856649614 0.206952380969313 -0.100546504544638 0.38990242427325
0.0855774009352073 0.215191310219542 -0.284751418026677 0.270220400921944
0.121845645578136 0.413067005024221 -0.0191975038210896 -0.035088469692883
0.162614274357769 0.341982295626767 0.0707560545501688 -0.0851062323441958
0.157516241873593 0.134018505155023 0.467599753159563 -0.30926861357564
0.0447339453068918 0.118981621466542 0.24514930794424 -0.543939559696357
0.0586857371687251 0.262062515757325 -0.0623109817766152 -0.394731354304578
0.255275295494827 0.234595871332406 -0.0724077303873168 -0.137749259752717
0.335945211179185 0.0681512179198707 0.0422728418055769 -0.069095925542826
0.334229775754023 -0.0624074217795156 0.105492246214889 -0.0574447677065609
0.341540353247293 -0.0833628957202649 0.113993169082759 -0.00255290971584718
0.339375041565214 -0.103044593292665 0.163279194043368 0.112203538505236
0.407738723202855 0.00152294787944058 0.169380703655095 0.218992099465995
0.373219753410665 0.214920487741076 0.11231823335044 0.315725516731162
0.185553971683838 0.373598116008025 -0.00779732186966298 0.364626756475918
-0.000387750312920144 0.26723701638054 -0.15479614986151 0.320790296641871
0.032853314688573 0.227230992790139 -0.254407628852744 0.139228821428431
0.0901852871726556 0.3708892681094 0.0124650482032702 -0.166612501654996
0.150009302796923 0.271750299386866 0.0746434691523995 -0.199994315887808
0.170437293159841 0.093348351537873 0.511447676120638 -0.333710795241815
0.0669548600337881 0.0418399522853937 0.288109891182812 -0.583680925616679
0.0296052984639008 0.152029661983851 -0.0777875132050279 -0.393280872724946
0.167983097030452 0.166854874240113 -0.0462449751890009 -0.0731438614133443
0.247356092697167 0.049136607903829 0.135621583491917 -0.0264009129441266
0.254928864170763 -0.0552647911771685 0.225753242211368 -0.0658461885631886
0.265316223505992 -0.0816784878878629 0.22872908109333 -0.0473577004824214
0.272201689333096 -0.103697743523399 0.286264011791535 0.0626981099413138
0.336286574450971 -0.0224455208973301 0.305101906446042 0.20041797470854
0.321942507372518 0.157516920471821 0.225866004896306 0.35140001973837
0.17481635603031 0.316007540087097 0.00625775235974458 0.401025347981172
-0.0100391121869232 0.25024213111601 -0.201034039731036 0.26892693929131
-0.0076092971520645 0.19572196723514 -0.23336353438401 0.0160020649841334
0.0505501237105905 0.280732963403125 0.0481916494387763 -0.272816535809012
0.106509363070155 0.141110700579679 0.0749934490754142 -0.286525766477223
0.120457007020931 0.0308871875376439 0.523907704503314 -0.333679306140879
0.052161964493948 -0.00636308016310696 0.322636947359868 -0.591193994434526
0.023633732843561 0.0639304607581716 -0.0779985488001003 -0.392423710285268
0.0965604093000776 0.076213881714448 -0.0304779629887775 -0.0370454578122065
0.143084147385293 0.00617662642044032 0.191882656373899 -0.000295142540492631
0.141374004801935 -0.0513830802976687 0.306734239217832 -0.0766546496897041
0.147138406616486 -0.0700577226588481 0.306667001941578 -0.0850988411554892
0.156667302439203 -0.0793283424261304 0.371981198103097 0.0182551559275364
0.197979200112846 -0.0313328780023452 0.403555561624571 0.180154472386851
0.194729680247298 0.0820148911518554 0.31478958675903 0.37026600808327
0.103990442944723 0.182214632959932 0.0267180407770458 0.429568430386411
-0.0146265661626556 0.148529100790863 -0.224931360198136 0.240068503574408
-0.0119169212771584 0.111838681293278 -0.213555396109931 -0.0651370748204572
0.0221732172205338 0.150966082848749 0.0765898052991827 -0.333956390080736
-0.00869672788113836 0.00369540647057018 -0.0224137580847699 0.360679184887359
-0.00154858547134759 -0.00701589091795868 0.214107575140765 0.141399578099033
-0.0225368420510429 0.00126268321175107 0.261015618325703 -0.242279467000887
-0.0372991818962236 0.00933113908107402 -0.00346385317685209 -0.496796152104472
-0.0323839566200791 0.0189673515934524 -0.39489699991414 -0.392157402084279
-0.0170837673876513 0.0410485033488107 -0.496906508221595 -0.13999148017521
-0.0120639693929286 0.0385573089667999 -0.424037254501288 0.0344154138858704
-0.00743486000758167 0.0458923955117271 -0.345246162995561 0.135958949178142
-0.0172870124703629 0.03816360249484 -0.314135393688844 0.142510640768584
-0.0352970098644451 0.0309252226151646 -0.224844866671376 0.0539304075889561
-0.0431132530284052 0.00760913514063335 -0.0367527319944101 0.0290600591147245
-0.0287232188081919 -0.0106127189997658 0.075425666709232 0.319112774388597
-0.0332205797556571 0.00305284528252376 -0.187163601567715 0.582290233025414
-0.0471407437159794 -0.00849694154952292 -0.489228299730156 0.424127056929826
-0.0511745450496604 -0.0190642767755749 -0.10231141168186 0.36967725091068
0.0233967650686602 0.126585340186558 -0.0166490081871404 0.340196106438668
-0.0188284253015096 0.0953346546752361 0.228993443781173 0.106723989219404
-0.0181238636763402 0.153312235484309 0.256341957657277 -0.254357144844104
0.0672578886690496 0.176450375849323 -0.00870071780979827 -0.487654527750202
0.139359611110069 0.0869772319154423 -0.376857555737736 -0.372145411688918
0.143686641521088 0.0238442413844174 -0.4668164704534 -0.126735867625608
0.127727149639384 -0.0186501177316512 -0.394705347681281 0.0403123243801502
0.125006818398514 0.00238364675700513 -0.321067543236385 0.141047385358067
0.107008040330776 0.0216345401434912 -0.292756537567079 0.164997458777991
0.083317348352726 0.0761589340532889 -0.224131101977954 0.085150143308969
0.0201819102782368 0.104702736959386 -0.0578217738387932 0.0416566607114872
-0.0329484456486894 0.0616508823805088 0.0865008708874403 0.293774074772579
0.000881760439260644 0.0177382140161497 -0.133054693015674 0.573594411172162
0.0424762807871488 0.0747846501938582 -0.450714671788246 0.436015865810664
0.0312238706088194 0.159598573348368 -0.0802734681731174 0.316763813719215
0.0660078343999716 0.229478510840897 0.0095727833885818 0.267446551006538
-0.0115681293819077 0.162102995288413 0.267195606800731 0.00473383629495946
-0.00983647459415813 0.255520974321874 0.236218440626686 -0.306048656622045
0.145360121854096 0.306826890849061 -0.0170487597505329 -0.469209318320939
0.278930009351891 0.151007145473223 -0.319969370950588 -0.335907462512561
0.27928368374313 0.0129814339569366 -0.377778762715334 -0.120074619347448
0.246404420645658 -0.0662663865747902 -0.312708608981899 0.022710644237886
0.239104188559674 -0.0425228141459487 -0.249162914196272 0.124900647498629
0.218313062374902 -0.01097305301487 -0.219316220354166 0.182016617374867
0.207508084589483 0.0919750613840531 -0.181739489714873 0.13890846301351
0.113991522294241 0.187078827472606 -0.0689717990237707 0.0933566331750386
-0.0133568339535198 0.156179641435487 0.0813730988608466 0.273735702618923
0.0129200055990708 0.0467972799039119 -0.0656058114086115 0.53821417881134
0.106828770635894 0.129443214397582 -0.380437879658267 0.43665189934711
0.104427245486575 0.295860626858601 -0.0600146544975756 0.223077142341209
0.119009806901583 0.297036762995634 0.042104503714592 0.15900017315083
0.0329779865466261 0.175374784872352 0.319306378586795 -0.135082007015884
0.00349606647860346 0.271946052716089 0.205784527819711 -0.387472687031936
0.168712858478844 0.366876424516674 -0.0359108615981768 -0.438804034047735
0.352483139735529 0.200138986217889 -0.233293428694738 -0.2808827224263
0.362016693970499 0.0151522956254854 -0.246428101051225 -0.115612764962422
0.323957529206824 -0.0938992804930056 -0.190248287186696 -0.00892814153057266
0.318324504532291 -0.0797011019132849 -0.142136122473533 0.0905073690222088
0.298848579141072 -0.0558045282563342 -0.103624681362532 0.179168241507381
0.321468946495942 0.067801112554741 -0.0906030766045922 0.19103710846919
0.235185985732865 0.23154693039771 -0.0447418459539166 0.174935036834876
0.0508882041050185 0.263031250923041 0.0532075464797007 0.281387686597544
0.00886163756882665 0.112002018915765 -0.0388435542080032 0.469448743958885
0.121742997854543 0.164207003721491 -0.307504011014672 0.392705830970336
0.145534647213747 0.370047341263069 -0.0430060447709462 0.102672836322654
0.164816853033411 0.328182891218928 0.0624185505248457 0.0367184750127736
0.0994861804772879 0.147319131176209 0.380173461825701 -0.26240857627677
0.0189128962288472 0.205647668603757 0.186266716249308 -0.478804643624422
0.129101024549783 0.345495698743626 -0.0632762698872991 -0.40535026084676
0.340718849600455 0.228109439185176 -0.144320540475019 -0.208518549857351
0.378484834250159 0.0316642083239555 -0.0985612826141885 -0.101788722801451
0.349707173315609 -0.0975526853670441 -0.0459294799913668 -0.040760266999266
0.3487813674112 -0.104373026850435 -0.0153978022793565 0.0425142466217423
0.335561178265052 -0.10259399975845 0.0356435543400035 0.149761793550582
0.391717324199397 0.0138862144278739 0.0433526866000965 0.215424622830559
0.343172805260803 0.221465305350045 0.0331460888186528 0.255316545059943
0.148141629566923 0.338817338657571 0.0298443323095763 0.31774125983704
0.0111238433522391 0.20109575188878 -0.0660809147796656 0.39589304268621
0.0937223125092555 0.195677368955327 -0.259224188869124 0.295419951418186
0.149042562337291 0.384683818635163 -0.027609287637972 -0.0314384453062392
0.185862025802739 0.31294504900798 0.067990284942124 -0.0854435189530862
0.15728103115336 0.108272535390391 0.438024326662018 -0.343827804976296
0.0436770650148725 0.108348423716971 0.196029601040454 -0.560730722614508
0.0724877724480129 0.257046599440951 -0.0954338544657384 -0.38488708340636
0.266764863305567 0.211477548327994 -0.0856746044170149 -0.129154004168151
0.332471050685074 0.0399433768145014 0.0320112938186053 -0.0722504558189226
0.319410014886954 -0.0885362384640658 0.0942163944679659 -0.0654033424573596
0.324951291435503 -0.111731670325089 0.109742111562046 -0.0110735984874012
0.319395677879946 -0.12831099363157 0.172262617695543 0.0985084946319777
0.395500546571538 -0.0332319150992292 0.188270763049086 0.203829858987856
0.381792037119713 0.179289204747464 0.142854017953957 0.306250310143247
0.211279656112654 0.351759670946292 0.025610374493001 0.362831949165503
0.0144963095083414 0.26099971427808 -0.126365509567169 0.335524196632623
0.0446959786112888 0.212618994939332 -0.242043367565548 0.165921028797985
0.115396051290189 0.34725244361561 -0.00728115899821806 -0.16145482658513
0.168099571210679 0.246772657004601 0.0628018543025736 -0.196638972702245
0.167305445926715 0.0693869295220955 0.479565573207746 -0.372304634673833
0.0599503682043809 0.0313931892989063 0.233442545266822 -0.600725788744319
0.0354578995868147 0.150882055090594 -0.112315304650703 -0.379126532292429
0.175925451215642 0.15240534461377 -0.0545952137020899 -0.0658166534748295
0.244394634224234 0.0291920880560068 0.127339339776868 -0.0376335778861902
0.242753699389594 -0.0743064200939592 0.211335604869375 -0.0834930946212089
0.251400209676146 -0.103427140029194 0.216800581660583 -0.0635684647187574
0.253932678553152 -0.123818613306397 0.286836870889804 0.0395483240436209
0.323610300322143 -0.0529517492535988 0.317585017058143 0.173091652101496
0.327288146126773 0.125797183218822 0.256263395872327 0.330087881387123
0.198155711605019 0.294396026079816 0.0416697365839159 0.397792734833422
0.00717038767797801 0.245751878002504 -0.17622071219821 0.291385261764035
0.00523267217365196 0.186275016001767 -0.231919056130545 0.0437150963489973
0.0707003432529716 0.264649068720978 0.0184477243862497 -0.268220979995642
0.115660074614344 0.125195935131933 0.0565675913678561 -0.282021311447626
0.11675170010012 0.0161919098527964 0.49392034852348 -0.37160324205805
0.0449055884935527 -0.0123519824391822 0.266556851151883 -0.611083347986781
0.0249300919064545 0.0632434619648472 -0.113545679018019 -0.376207517824116
0.100218999714048 0.0688705821513709 -0.0364532806399948 -0.0302545477802583
0.139810834971898 -0.00526137085414218 0.184724301628877 -0.0156909151620377
0.132583087964683 -0.0611962962045206 0.288548971528035 -0.101535704252949
0.137237465406695 -0.0813833773470046 0.288721152048805 -0.106569811748483
0.144196847182201 -0.0911588149022873 0.364921590684314 -0.0112614752491677
0.189422070809071 -0.0493870165828354 0.411601871846903 0.143738966145034
0.197172056644322 0.0624500712659785 0.344828827875295 0.339958831403956
0.117718444442213 0.168931560268648 0.06366629701295 0.423863157610106
-0.00276504009478353 0.146294612566932 -0.203343584406905 0.264148094520369
-0.00408662458034827 0.107763966902676 -0.220138216112542 -0.0377032245797311
0.0323666428249625 0.143334433706777 0.0416087094618367 -0.329429266542305
-0.00844673564185074 0.0051579686278858 0.00489638439312191 0.34323855785598
-0.00199169981804067 -0.00834397377142706 0.217780929991066 0.118001762394248
-0.0197594115106413 0.00285763574213606 0.237113210484131 -0.256164640146342
-0.0355059459456712 0.0131024393212713 -0.036977506694177 -0.4827304479407
-0.0314017419320842 0.0203464384742989 -0.403720137554484 -0.350955335238722
-0.0133095960550738 0.0399266309900288 -0.485059942767214 -0.103062295515751
-0.00864701713492185 0.0387851384642965 -0.4031066145669 0.0592711931491226
-0.00427592167644293 0.0453296884117234 -0.319073379602538 0.150077878757
-0.0148195943172011 0.0385183358555506 -0.286114116534357 0.154444416652984
-0.0320512273801393 0.0323074879041013 -0.209048924245612 0.0644870952152579
-0.0412511131790071 0.0117375722178647 -0.0314923565868945 0.028979466597199
-0.0295361014346314 -0.00807699613441398 0.0950576957311247 0.297092865225066
-0.0319622435507878 0.00532890969698655 -0.14294070682651 0.56679024784844
-0.0450465982823002 -0.00572041441612981 -0.450849166632775 0.439171193633067
-0.0511359618625229 -0.0142644650690616 -0.0836703160566809 0.356330293748391
0.0288781321828039 0.11822930484002 0.00868399922090069 0.323394269059788
-0.0146766585723593 0.0894544123000107 0.22939510269391 0.0839522605233827
-0.00742844632806037 0.147106127743949 0.232051931868952 -0.268224452552318
0.0750802114750752 0.166813046069214 -0.0405170775316156 -0.472570696081514
0.136635420417522 0.0739054879453438 -0.386402574809222 -0.332982437004708
0.1381986078464 0.0132483940211523 -0.454726333167551 -0.0917521832223634
0.11967467873958 -0.0249915337925931 -0.37540422995919 0.0620577770301537
0.118669309447905 -0.00490223018898268 -0.295579570701473 0.154209990380217
0.103259090329443 0.0164803775091024 -0.264123878883372 0.175319259008452
0.0834682593905114 0.0702871218272275 -0.205359132396799 0.0946849372951161
0.0244913563443094 0.102869851795163 -0.0504791105059231 0.0435502665720564
-0.0322611156643354 0.064141397546158 0.103905835418136 0.272165965265703
-0.00409957299558477 0.0163422399581008 -0.0918862647498305 0.55635922477887
0.0419200483042123 0.0649472135332695 -0.411552903121943 0.448260562320453
0.0362751968263205 0.148151853112865 -0.0656711124640906 0.304085600151851
0.0755303938249291 0.211144418765023 0.0301924850846423 0.252898228764283
-0.00638839938203773 0.150958918181208 0.259901854894357 -0.0156448847599385
0.00381255234068122 0.243778624209768 0.209697026820825 -0.317107919351326
0.157497974423495 0.288381643879939 -0.0479474821791094 -0.454320564897277
0.273977620170243 0.126621863792612 -0.328901461839695 -0.303266242960435
0.266312271425083 -0.00489248236596443 -0.370193538199784 -0.0923598270425043
0.229708317335582 -0.0780366184324286 -0.298342484714403 0.0408946057245895
0.224805929786429 -0.055168237892722 -0.22889564141273 0.133642384535882
0.20664748209225 -0.0209392224498264 -0.192854087891807 0.187606015696286
0.202600683501435 0.0786327669153442 -0.161130022638774 0.145363744534217
0.120080213325575 0.177324598753756 -0.0564620990762943 0.0951771065032874
-0.00970516584021291 0.155545389903163 0.096868947025975 0.255748115682269
0.0051452428333054 0.0439747883292591 -0.02891028844244 0.518631967371672
0.103472019380032 0.111173286261341 -0.343357082606876 0.446596223006667
0.112450770319472 0.271135228751433 -0.0516196249391541 0.215782173186852
0.129085543553781 0.271298206553853 0.0551348770341923 0.148882911184541
0.0344853922894818 0.158895588461377 0.30166631128418 -0.152640478799927
0.0143716978389781 0.258427418846766 0.174651941137249 -0.392187291008896
0.182011750130665 0.34568149845395 -0.0642457758920257 -0.424134487772685
0.347135896748887 0.170818862975284 -0.243372165276979 -0.256481837249157
0.344839652170461 -0.00701311988811854 -0.245102793935425 -0.0970632612655699
0.301300717549302 -0.108915594008248 -0.184433959477787 0.00277100789425147
0.296916669307237 -0.0960063879486814 -0.129346239451379 0.0949581871746683
0.280060218698343 -0.0690295846418803 -0.082371831240423 0.178674379491207
0.309601623990508 0.0482745480519714 -0.0700548088485904 0.190326252885081
0.238676081483937 0.211815805247907 -0.026331922162432 0.1740211163767
0.0591892646624707 0.254188445581125 0.0707472728759564 0.267596261671431
0.00376874640199228 0.107193235042262 -0.00855298204098545 0.454305461285742
0.117758388993648 0.142372223151196 -0.275235302033725 0.400184059848135
0.1551810837416 0.337726243921715 -0.0416237680292435 0.100883636920168
0.174083608532529 0.296908775355063 0.0676126621699583 0.0322754148712272
0.0944511804859937 0.12690883135028 0.35201055612311 -0.277328828738679
0.0217576747817093 0.193505626639111 0.149991917214909 -0.477944143105342
0.140979837576055 0.32918225728054 -0.0866081859471949 -0.38954418982597
0.337415330158668 0.199746722313833 -0.154550354992011 -0.191827335254419
0.361909098431633 0.00830957967951818 -0.103615304302784 -0.0929851444406389
0.325621854853381 -0.113839735067959 -0.0495242559965216 -0.0366252965091902
0.324522035271996 -0.121391818128624 -0.0122330559395443 0.0418218395615819
0.311766094475155 -0.116205246805974 0.0479492390781674 0.142598209351484
0.372840127258265 -0.00945654758818387 0.0594693322883444 0.206436533634937
0.342332801497895 0.193395220693434 0.055053750827348 0.247646903257872
0.158836222476901 0.320202376158681 0.0514935690359892 0.306350613608245
0.012193452106473 0.193310565091399 -0.0392340006628658 0.387908602267033
0.0927662365011201 0.173437050789627 -0.232639188735816 0.304932531847441
0.159108552114854 0.35056005747241 -0.0341588507649133 -0.026721900980728
0.193227115467453 0.281215515827249 0.0662868100201005 -0.0825931911717005
0.147387341738369 0.0857168453877265 0.403018744593698 -0.358936121204503
0.0376044048780453 0.0986629814096115 0.152545170959928 -0.553264319155156
0.0803116723888837 0.248577349654932 -0.11719637336943 -0.36460548749123
0.266386326409015 0.190138817969105 -0.0927837457302056 -0.118619505270871
0.318797522913614 0.0210156504048374 0.0227874161223245 -0.0718874396537782
0.297608813537091 -0.102365343709437 0.0826610811862981 -0.0685451192825018
0.302802251944883 -0.127412785738173 0.103309300086026 -0.0164201378680143
0.294757276181869 -0.140626089082316 0.17414699467814 0.0855549714372153
0.372383872490401 -0.057489431964744 0.196295761171963 0.18613671403594
0.376516667160825 0.147870647096558 0.16306931602295 0.288951178475434
0.221949458506464 0.327006650012649 0.0492610310697428 0.350993107440925
0.0222849154505715 0.249788237411813 -0.100130988511785 0.336767422392313
0.0483408093028617 0.194505929695398 -0.223430058471568 0.181720909234648
0.126545736965384 0.318352668586742 -0.0219025571437089 -0.150817276621117
0.173623738221769 0.220048490104903 0.0552218597251988 -0.187511423061565
0.156515706065289 0.0501365128937864 0.441267831920532 -0.386461102673581
0.0495275705543837 0.0245082705763864 0.186355977867088 -0.595443739303314
0.0383861739964331 0.147332789072982 -0.133279977350563 -0.355979369782475
0.176208083923958 0.139333253239911 -0.0588373291451522 -0.0575486367093401
0.234712472972298 0.0149567178084275 0.11581925002308 -0.0428231931297744
0.226084969040474 -0.084013395329941 0.19267680087829 -0.0930596006680157
0.233099362028334 -0.11480699373019 0.200802247951673 -0.0733634249901064
0.231929759916695 -0.13275050368281 0.278907466140782 0.0219577274890593
0.302545351375628 -0.0718960931287079 0.317860747872802 0.14778534049705
0.32072539917048 0.0985083823834712 0.271660151251895 0.303279340792379
0.208048435336971 0.27059231297516 0.0666872748143855 0.383178854305238
0.018231684859659 0.23515623108868 -0.151037331523971 0.298629606121957
0.0107980101131581 0.173996943563646 -0.221805049600694 0.0649247179683928
0.0805637003329368 0.243962850864649 -0.00282306805661901 -0.253374896650725
0.116712142388099 0.109623090133445 0.0440018854602745 -0.268628880832858
0.107792877470492 0.00502109867123404 0.457139611348297 -0.38853546275276
0.0357349858795423 -0.0152016711077345 0.216696516180471 -0.606304600448119
0.0248084525694987 0.0617113385004588 -0.135020751324491 -0.351028653060699
0.0998030941940415 0.0623494241965923 -0.0389132355531486 -0.0229295294994368
0.1327070078775 -0.012915631480345 0.172716621550544 -0.0241693285879746
0.122166217797262 -0.0662803713333032 0.265314410563171 -0.114630052262067
0.125909920032253 -0.0861876490754799 0.26560377722206 -0.11795761747286
0.129736417147034 -0.0957311663314693 0.349149223641525 -0.0314111281617555
0.176554992954908 -0.0602566489435017 0.403610941506804 0.113307120180696
0.192428967645571 0.0465480098467659 0.357146616001759 0.305779432887253
0.12285931846464 0.154109138819901 0.0892459188612771 0.406674657710049
0.00531358027365621 0.139964774931916 -0.179450918724506 0.276084304235752
0.000538943414936797 0.100361782728602 -0.217738919919294 -0.014357368079755
0.0385733713412268 0.13286691408236 0.0147033618654641 -0.313553254011634
-0.00504649104579653 0.00391611943378869 -0.000294832528341963 0.325816962131139
-0.00312987375771247 -0.0122719562159781 0.210164465097208 0.114496989410689
-0.0214176332988424 -0.000344278158785475 0.233243982286112 -0.243686414909039
-0.0385706346541208 0.015103236874598 -0.0296588714251571 -0.466519235812043
-0.0326288962795076 0.0255692814381264 -0.379978749364377 -0.340134786607285
-0.0132309022147058 0.0413413551505174 -0.459061582636293 -0.102984050136669
-0.012394782266206 0.038533593462921 -0.385209959520355 0.0530628125473841
-0.00559207040043855 0.0450981275107503 -0.303205538997937 0.141378398521445
-0.0175040639388838 0.0398352635220062 -0.270453726057955 0.145645368611087
-0.0332166674539235 0.0332035697179844 -0.198588058372293 0.0603182084145943
-0.0403864400775264 0.0129988664307171 -0.0293019482595448 0.0249888547886666
-0.0264713776879302 -0.00321695146539908 0.0888032351929778 0.280141646035475
-0.034361721771332 0.0131842210655548 -0.144836725396844 0.535122695552216
-0.0509854102164105 -0.00119570793095358 -0.44795863249142 0.410450825270797
-0.0483829427547523 -0.00821833839087069 -0.0992225370916366 0.33105760211506
0.025675905826672 0.113427067720156 0.00956693274952223 0.308094823352872
-0.0213673749689768 0.0807005491065296 0.224568004987255 0.0813472508468798
-0.0162529488402691 0.139490248149601 0.234294493067486 -0.256955084513086
0.0640533614256252 0.164375579803885 -0.0259151976923772 -0.457045052707956
0.125700791793437 0.0809821550226789 -0.359201153159287 -0.325876407309004
0.132038391258921 0.0190489804360991 -0.42828720005039 -0.0966363557357504
0.11157321998457 -0.0201155824007136 -0.356686128230749 0.0532578110399218
0.114791110944261 -0.000910098626132559 -0.278905722489108 0.144972399354461
0.0975536854916831 0.0210696487832619 -0.248618072323711 0.167853598753085
0.0794882872987285 0.07271645555042 -0.194358216533116 0.0919545734593965
0.0226108852839253 0.105108304162192 -0.0489874785480073 0.0423530489879463
-0.0327308002239444 0.0682791732889406 0.0945506836933987 0.25931114404837
-0.0120044664507215 0.0245102435571458 -0.0964684515151629 0.525465766825756
0.0291389635072105 0.0655835249417532 -0.409918389179037 0.423889481886911
0.0335486411377001 0.144121061534287 -0.0841447170697031 0.286014374554845
0.0659484778638203 0.203838972332947 0.0358039871249222 0.240605790892748
-0.0189171409815724 0.13896286234346 0.257662076824248 -0.0140709330515557
-0.0118514937407015 0.233638043929376 0.218256488221658 -0.30505561228608
0.138881954726527 0.283427717075023 -0.0263173991306954 -0.440728957323793
0.254895148475394 0.134940517423235 -0.300318015213883 -0.301649115449109
0.254391866355713 0.00408264139438078 -0.347362552247925 -0.100572107988438
0.218259092205148 -0.0685640065073367 -0.28359741734646 0.0294711394573214
0.21891370733185 -0.0475201963573984 -0.214169557730549 0.125217428939405
0.199067054589806 -0.0127110147260619 -0.178840422712712 0.181446661090305
0.196083754426509 0.0834585381305504 -0.150096260776395 0.143027247447706
0.115828523859511 0.180870623326413 -0.0552842344711708 0.0975181023215819
-0.0133934826144116 0.158771929909994 0.0853131168120068 0.248103067369221
-0.00720009197803565 0.0509747588915606 -0.0380412261979108 0.492333068773702
0.0850844681390329 0.108772475465292 -0.344054737094897 0.425087235707181
0.104758078977249 0.25879658545609 -0.0706911064625533 0.205808573310257
0.113621184622836 0.263225323177433 0.0655270524604771 0.141404696070931
0.0157215676351335 0.147333590658825 0.299326921060095 -0.145037368378555
-0.00729149204043461 0.248997120772127 0.186854120869824 -0.376307926666337
0.159759501449713 0.340371284494292 -0.0401875755634412 -0.411224397356516
0.323706323428409 0.179226514895228 -0.216210676654889 -0.257331672612656
0.328918993850247 0.00403721678118692 -0.228781644621228 -0.105319734296955
0.288358932404 -0.0958766761254918 -0.174629518465954 -0.00697395708620924
0.290427332504574 -0.0861882200555052 -0.119257622214588 0.0882274446101517
0.271469068128405 -0.0586753544820436 -0.0725039188558026 0.174644230067561
0.29969853876217 0.0541348839614475 -0.0605015172268048 0.189299730841028
0.232270970367626 0.215108139897888 -0.0253355976575018 0.179807110955152
0.0512697492386495 0.254900220346165 0.0594347376458027 0.267769274783898
-0.0104899524023571 0.112397637457286 -0.0197098822529577 0.434197924298819
0.0976323711896495 0.137458630660999 -0.277186940237007 0.384555365553723
0.144752997913967 0.319692241713139 -0.0574401364522173 0.100305823079119
0.154146003760849 0.288609158104231 0.0828970332797796 0.0306541880101018
0.0715385081871243 0.117169017998812 0.349582126957841 -0.264641551228048
-0.00182152673404806 0.186117282178623 0.16278425691665 -0.457779423184013
0.118987590354177 0.324977835482921 -0.0631129353008368 -0.37520667202789
0.313566232450018 0.20741827707015 -0.131421381706009 -0.193742657419916
0.344565380264577 0.0204079938994493 -0.0947601000512524 -0.0991463545389683
0.312450640810039 -0.100056568544402 -0.0461356798791747 -0.0441025303821391
0.31916217791614 -0.110846632061019 -0.00818810594621574 0.038304492753326
0.302828567883855 -0.104700441712705 0.0533511552458239 0.141000732946494
0.361487331541348 -0.00315984178251374 0.065615003629872 0.2059818267331
0.333532538765664 0.196395310703848 0.0552758870713267 0.254188696943713
0.148011850424041 0.318124274508033 0.043168320964852 0.313101846504359
-0.00258555356833948 0.194577541906826 -0.0504424045065796 0.376082645407867
0.0735746072424683 0.166685225885363 -0.234974657436258 0.295532753357526
0.148152499165875 0.330534599753914 -0.0454317069914744 -0.0187603967674
0.172869836180591 0.275939453663934 0.0860732634084902 -0.0789199092806837
0.122735990913092 0.0798958375228599 0.398762745831645 -0.341104796521646
0.0144925033310672 0.0950374624384617 0.160938443384726 -0.528241065568585
0.0618089238445811 0.24736542585454 -0.0972813896483369 -0.349751782020352
0.246305185958101 0.195912922061639 -0.0755950438081165 -0.119145492705045
0.303312637992934 0.0306520404325868 0.0240810415992113 -0.0750581597291689
0.287453122766254 -0.0891817239119855 0.0794656360743752 -0.0722328383478214
0.297776596448092 -0.117395247193542 0.100989650460798 -0.016493588129121
0.286644348215177 -0.129807778595544 0.173223771302555 0.0870762095533748
0.361507602497838 -0.051220442148432 0.196947314888273 0.187022276635423
0.367258671851951 0.150237760804364 0.160967215698739 0.295270332497409
0.21077141074241 0.3227637662234 0.0437571112283991 0.359035447881508
0.00882277866397609 0.248637279974839 -0.107996071429671 0.330519231777357
0.0330319042558958 0.185235945409279 -0.224513237530901 0.178042808984967
0.116521430889657 0.299615989967387 -0.0282849089235293 -0.135440763842675
0.155855044073084 0.21675279781216 0.0758597762393825 -0.178772772858041
0.134140878465083 0.0472589392277304 0.43755589243868 -0.369020064996317
0.029332829141378 0.0238746388646469 0.189907144801739 -0.567143426591725
0.0252486647519144 0.148900538502915 -0.11799323928606 -0.339620747025058
0.163714259071093 0.144068858674262 -0.0477913930700099 -0.0564128325804683
0.223873764801668 0.0220877465589754 0.110739920644361 -0.043046298472878
0.219954533182594 -0.0745373626414995 0.183556584624587 -0.0922505184302203
0.229772754917231 -0.106891274197145 0.192827967620813 -0.0683285491673222
0.227353337703927 -0.12472692766473 0.271595976423921 0.0259901341411368
0.294909489014893 -0.0686750918230723 0.31140129091533 0.14837727295178
0.314389951785682 0.0991233231629102 0.264624658594749 0.305717393700093
0.199539633754946 0.266961075124587 0.0592598551140276 0.388948753605164
0.00786198368830867 0.232834692017419 -0.15615582476478 0.294669192341721
-2.22399569122476E-05 0.165043630790862 -0.22086776846952 0.0661244924461598
0.0736082569102385 0.228362966463693 -0.00563970233412373 -0.233185428094688
0.105487221793488 0.109246260000071 0.0622759256844371 -0.255258813361524
0.09232392729211 0.00428265300368271 0.452807402723059 -0.36764395652157
0.0210315191795341 -0.0137953871992958 0.217221273603798 -0.573266548158744
0.0167584012926621 0.0649453275524613 -0.123249403003196 -0.334925511928761
0.0933540799597531 0.0656125634770739 -0.0336394857025249 -0.0209832428601367
0.126622340386153 -0.00919263700801271 0.163393892884301 -0.0221077488621111
0.120794983866951 -0.0602665314139309 0.251497057011742 -0.110374583941914
0.125203511515884 -0.0817850114317872 0.252105134688516 -0.109983074209568
0.128963823510185 -0.0911571126236435 0.336968692678206 -0.0261120883973458
0.173295232437578 -0.0590416515536239 0.392328323503893 0.113428832728791
0.190719508221413 0.0464827420769366 0.343277016549099 0.302906260390254
0.120367103258644 0.154015995296077 0.0800664739914428 0.40490945417353
-0.000838031057748476 0.139124308687428 -0.180437645111054 0.271158539845548
-0.00658439282258549 0.0939073820059849 -0.21352462060725 -0.00965157084321922
0.0341513706962059 0.123039192876704 0.0158628733111998 -0.291652609816478
-0.00445476645791973 0.00448607946015187 0.00698818327211435 0.315322515927391
-0.00393254193265066 -0.0133451761466227 0.211282884728621 0.105292281370795
-0.0200233635052611 -0.000986236309606725 0.227740304433309 -0.250389545763124
-0.0372440533893765 0.0171891838917561 -0.0390566520343331 -0.463654653790389
-0.0330886783523897 0.026223544597838 -0.382238701316186 -0.329223101655481
-0.0119766058902006 0.040535295390155 -0.453841697651707 -0.0955746751744155
-0.0113011531611801 0.038826840654273 -0.377125165415367 0.0566852654585413
-0.00407436417409547 0.0449509052585004 -0.292204773684542 0.140714915508488
-0.0167707940357083 0.0405441964540106 -0.25936770852124 0.14434839458344
-0.032735510738555 0.0335339027783666 -0.191806323305457 0.0596204184027878
-0.039298129252185 0.0142185306773148 -0.026262091992013 0.0222229368535059
-0.0273300353040566 -0.00210241292667235 0.0926174175628661 0.270194132907516
-0.0340930593829358 0.0138688915819163 -0.134086067150559 0.524822679751298
-0.0502139337143121 -0.00128195577689391 -0.441694134071164 0.412102287931215
-0.0473084782476374 -0.0057991083372281 -0.102549289238587 0.323452559023871
0.0258837866459732 0.10923606175057 0.0163695749309107 0.297191890818915
-0.0233094025120165 0.0771265152673655 0.225138336312543 0.0722240716420214
-0.0148779985503304 0.136361612728199 0.227405212242193 -0.26307669591648
0.0664085416688497 0.162621877793204 -0.0343460876027099 -0.454729852224187
0.123178835631611 0.0780508063257298 -0.358917275104114 -0.31754720295283
0.129494638765943 0.0165626347083724 -0.424143718250288 -0.0896715361445533
0.108717482666601 -0.019821979127887 -0.349604480562899 0.0554814692699069
0.112959994305377 -0.00207932625320611 -0.269548403527704 0.143271994952084
0.0960322204266443 0.0217839873166609 -0.236722290582285 0.166246675413259
0.078772399763963 0.0736146858996099 -0.187196581181598 0.091238755322918
0.0238420736017933 0.106765086901258 -0.0451118155925862 0.0406406995405853
-0.0344274847046194 0.071884832248932 0.0974273137312943 0.249819383025703
-0.0171416996894127 0.0254034472334942 -0.0870864095388907 0.516140929770289
0.0249700380241005 0.0617365581415217 -0.401867833114754 0.424751680611002
0.0313573220048635 0.139887287819388 -0.0885686132292774 0.278962591266282
0.0647005743804 0.19459123414614 0.0416587970851451 0.231969648962607
-0.0229852687908161 0.13314582257717 0.255004004580621 -0.0219845850756226
-0.0113472633614939 0.228789555992298 0.210938922900971 -0.309664119923861
0.14105999504098 0.279371753714818 -0.0345970205609705 -0.438478263313337
0.250880094648232 0.129879763538109 -0.300986313807774 -0.293970373617234
0.247594881774901 0.00123936432532515 -0.344741605469997 -0.0947817779244377
0.211875655463034 -0.068430289367761 -0.278919687344181 0.0321957901398435
0.213453754907974 -0.0487888959237649 -0.207594968134505 0.124542857967528
0.195131979339607 -0.0116594432965727 -0.167914086870268 0.179361432987987
0.193241347386384 0.0835708391317048 -0.141826288978574 0.142086137142803
0.116324501326058 0.181063442624909 -0.0494667738706108 0.0963990611888182
-0.0161139126008048 0.162901384634849 0.0885167614494922 0.241613579897643
-0.0160205972011442 0.0524135277914875 -0.0312435948263474 0.482672415667503
0.0770705716087957 0.101343223169948 -0.336178367557889 0.42524722853037
0.100061969129822 0.249124471811281 -0.0747859985644862 0.20170005622303
0.110925563847861 0.250985663949228 0.0701592176068594 0.135867259271019
0.00816699635522959 0.139081685619522 0.294600160038754 -0.149948403490938
-0.00990698834759146 0.243167737029641 0.179128413082848 -0.38030270183757
0.161116821072528 0.336579580980202 -0.0465954349081689 -0.409359738930301
0.318525439668652 0.173829348511341 -0.218632083266655 -0.251912633939649
0.320913448611728 0.00195116785635934 -0.229629648238216 -0.101635464933741
0.279593151744786 -0.09590058283935 -0.173429290300751 -0.00579880885066092
0.282539868459572 -0.0876258188434479 -0.115666394180085 0.0871171735649027
0.265183950217281 -0.0568638136943242 -0.0632107829256449 0.171792118566296
0.294027435780051 0.0536126993923754 -0.0523184012164727 0.187342432058067
0.231196330764958 0.213163503735427 -0.0169601580145136 0.178780002388718
0.0493552787942413 0.257709789372018 0.0643266257402525 0.262934401863249
-0.0209370631228021 0.113534596164066 -0.0140567157653678 0.427783163445916
0.0867923765373119 0.128098472960136 -0.270075568978715 0.384666988101678
0.139006320757857 0.307501972145726 -0.061967622317422 0.0991296460010704
0.149899768356859 0.274897717344547 0.0871350874821003 0.0291365881793814
0.0603265778164097 0.108299224988598 0.342746534025071 -0.265931714195665
-0.00946224395340336 0.182250174428425 0.15341177166783 -0.458397130803159
0.118826066741042 0.325094290238368 -0.0694558108262081 -0.372518587408727
0.309420186091753 0.20320026936004 -0.134818589603649 -0.190953491906939
0.336866164480355 0.0182506328362684 -0.0975808049804107 -0.0973087969412356
0.303740861084797 -0.0994083562084877 -0.0487426446560381 -0.0426256037434561
0.309686460156195 -0.112445370901877 -0.00813030428689756 0.0377751635163239
0.294898571889416 -0.102916022205359 0.0588833948645798 0.13768422221492
0.352652333715325 -0.00433105295933308 0.0718695637500439 0.20387570990354
0.32960904134811 0.191021159650967 0.06361446739535 0.251387704375356
0.147586171460024 0.316621283927891 0.0479919145635535 0.310024719031955
-0.0102096737547145 0.194638764791538 -0.0443814108185759 0.37396517983642
0.0634269686064996 0.157465698945787 -0.228633685889927 0.299170337161722
0.141965828518691 0.318096685343193 -0.0502845131607254 -0.0160593194422381
0.167916791601779 0.261435280208479 0.0896595227534454 -0.0763844847828147
0.109956437197366 0.0713697505444449 0.391782352955197 -0.341888468541949
0.00381875228202845 0.0930971820587909 0.150635636230459 -0.524800247218009
0.0602712312074803 0.249197994810609 -0.102036245890806 -0.344358955601593
0.244347731845906 0.19466416698653 -0.0782988296417859 -0.115978962283073
0.29802168920492 0.0294559029135333 0.0190304716801881 -0.0738388136903156
0.279801777082583 -0.0885691640719639 0.0736789729779439 -0.0712617002628429
0.289002113249361 -0.11945265818276 0.0975763857551805 -0.0160981632535908
0.278830238779913 -0.128117626823833 0.174472938915865 0.0834075168219289
0.350585764017924 -0.0537186842535276 0.200705304073152 0.182852305421445
0.361649024554256 0.142554540336633 0.168558214943244 0.290980936286581
0.21003535790029 0.317890905187514 0.0496571748258944 0.356387825957221
0.00479098020870798 0.246669554762254 -0.101681353148941 0.332808726877325
0.025425623073896 0.177502085949138 -0.220095530641471 0.184988905358855
0.112714522554755 0.286450731001125 -0.0341867416665889 -0.12975266818367
0.151664710205765 0.205608138789738 0.0795722620839319 -0.172519836238814
0.122828410009871 0.0401972353533463 0.429881674497123 -0.36912356639919
0.0190776058449786 0.0233409076002589 0.177851978800867 -0.562184919880125
0.0231834202041036 0.151710020451997 -0.121420320558303 -0.331293121077402
0.162372467364286 0.144488769751951 -0.0498730354600872 -0.0530526480455231
0.219730776793538 0.0219506766254745 0.105115036168042 -0.0424361280495482
0.214007500420085 -0.0743924056621042 0.175692855749969 -0.0921044755283829
0.222716588294799 -0.108728158569661 0.185846375909526 -0.0672686567594032
0.219026269795029 -0.123250816626775 0.268689716156634 0.0230276805290429
0.285038793147387 -0.0711529871904644 0.311006635210665 0.143610334860871
0.309587002152743 0.0918675419774829 0.269472517945546 0.298522560121478
0.19992899594378 0.260675677766563 0.0658283246898588 0.386279970578425
0.00743137438003279 0.229561947316348 -0.149036543573773 0.30035027975821
-0.00361239159392907 0.158991143784094 -0.218049686408026 0.0762350501872676
0.0718714063793879 0.218799653843185 -0.0124608039378295 -0.2246530344159
0.103229743487992 0.101875347657217 0.0671931315969159 -0.246481835385264
0.085596807596704 0.00126070212726402 0.445876295717581 -0.368428339442597
0.0142998723155458 -0.01298821142011 0.205634376971047 -0.568608667318698
0.0155119704561947 0.066766737673987 -0.128009944876998 -0.324058429869046
0.0934786884204112 0.0662179637198332 -0.0352298076689038 -0.016285651959056
0.124210158426492 -0.00914534750445388 0.157596770639701 -0.0210911000302469
0.117527850181061 -0.0595552892102774 0.241493075193157 -0.111009084308891
0.121256995560862 -0.0821027069203082 0.243638754277646 -0.108176647529849
0.123657474225263 -0.0899790220528067 0.330304800647565 -0.0278452940147732
0.167174439205361 -0.0603648327958396 0.388746942657896 0.107829703370918
0.187683210717835 0.0420182807232904 0.345987772657243 0.294335753908894
0.120424696178926 0.149827331332383 0.0865142632818711 0.402762802079854
-5.59817425426837E-05 0.137067542304427 -0.17399433634786 0.278337634422511
-0.00853192831921286 0.0907750515294529 -0.212649364777001 0.000612930107672211
0.0343078461747843 0.118583948979377 0.00775679697136135 -0.282653797159704
-0.00393617650951981 0.00504592013240607 0.0139047255418189 0.312587388516047
-0.00488801449020718 -0.0148318615285416 0.217749852631434 0.0990749868864741
-0.0195338718869434 -0.00225590402023237 0.227282502619679 -0.263586000509752
-0.0359688415354408 0.018922054935618 -0.049297091969189 -0.472568419426205
-0.0338377714560201 0.0277301030234111 -0.391122357316225 -0.328414926227389
-0.0109235290904488 0.041489008920821 -0.461410152779009 -0.0892593755022398
-0.0100770527818268 0.0404812665014141 -0.380077101895288 0.0616212617208992
-0.0024767156328409 0.0460671177081355 -0.291227603433289 0.142730650839632
-0.0159745973253565 0.0423746389738557 -0.255703624260759 0.14697815007439
-0.0321835163046127 0.0350884363244042 -0.190674942362965 0.0603697609844605
-0.0394605737632614 0.0157535147942539 -0.0246664323787943 0.0196060522568749
-0.0285776749406395 -0.000831173361079428 0.0992057407937263 0.267389264557281
-0.0347336099358867 0.0151002983148007 -0.127075952968214 0.53017554863793
-0.0500262548277647 -0.00145473736402611 -0.446893468480882 0.426055056910966
-0.0471686109284019 -0.00348348086189668 -0.108681541042533 0.32540155023095
0.026552000156202 0.10753755361366 0.0234073019232504 0.294185620616596
-0.0260802604348613 0.0769177140421215 0.230534394439535 0.0657474327751433
-0.0135304615128288 0.136943678802941 0.226174433379688 -0.277376607481095
0.0717221951442047 0.165039729405555 -0.0442410741502929 -0.464646326448968
0.124630199503562 0.0779642320358298 -0.369683261158648 -0.316605618578738
0.13004622266272 0.0147869263979974 -0.431058810920826 -0.08360320902147
0.109330627237274 -0.0205878422008527 -0.352197013474994 0.0602971944214681
0.113430243722985 -0.0025239681170597 -0.26822937917434 0.145711990826063
0.0980847835186594 0.0232664138396749 -0.232106300112874 0.168170049018338
0.081132749283218 0.0763347552322023 -0.184998006222195 0.0928730234986686
0.0261122486958665 0.111667290692218 -0.0432755020295325 0.0385228633996189
-0.036953677666225 0.07767037986228 0.10349715044572 0.24702987028065
-0.0222768576183667 0.0279734152594944 -0.0797019779874343 0.519372237000045
0.0215022753630568 0.0602660319451079 -0.405621140415271 0.437126481423416
0.0304421806667915 0.139941936830973 -0.0955160952066552 0.281602695162617
0.0646128329711356 0.191515449208811 0.0479850682800364 0.22894556998401
-0.0282760151186092 0.132111928614337 0.25899203085392 -0.0298514515223439
-0.0120701163823607 0.231259976198701 0.208168243286679 -0.324850200442388
0.147998533027042 0.282251667329618 -0.0444398604407701 -0.448154798165717
0.254494376982032 0.12846622408521 -0.311250127943452 -0.292918327255526
0.248573116246716 -0.00184616849775995 -0.351721768729569 -0.0908466818136421
0.211065219595721 -0.0702108506638403 -0.281809845232183 0.0350170374888048
0.213835354559226 -0.0513225959627784 -0.206587301195239 0.12625568108118
0.197423265733286 -0.010896227056986 -0.161678872217356 0.180947347762568
0.197371146670136 0.0863969065277684 -0.137655017668789 0.144124035290659
0.120537393890782 0.186475448709889 -0.0452508537692209 0.097530320145037
-0.017614732004996 0.172307648731846 0.0931738708336541 0.239690391675547
-0.0251539542815618 0.0571423025989053 -0.023932570989797 0.486577182799353
0.0706255342877841 0.0976775727757901 -0.337285190103635 0.436656106858739
0.0985231391273114 0.247430936090761 -0.0815574928079166 0.203792017561921
0.110360218364456 0.245387866060519 0.076316897050848 0.133436602908555
-0.0004296716280565 0.1370588143528 0.297464671805862 -0.158096783810614
-0.0142867134591273 0.246009466662074 0.174654772371534 -0.393754143594332
0.168060994543116 0.342790126190552 -0.0567107559114954 -0.418833335431951
0.323298702555464 0.173327218252619 -0.228581222566213 -0.252895536186094
0.323267337158597 -0.00127008177828911 -0.236102075962067 -0.0998524890482263
0.279356503571514 -0.0982076946421754 -0.177406745153131 -0.00412582100424146
0.282518173299949 -0.0916656687423369 -0.11561670887601 0.0882263312958724
0.266720649662089 -0.0573978755812191 -0.056637301468777 0.173011412959589
0.297292429590731 0.054599232725631 -0.0459578406269573 0.190183078339635
0.237281482763098 0.216107938307738 -0.00975582506970726 0.181233944646957
0.0500219510999773 0.267873431393066 0.0694467810371813 0.265030425127769
-0.0307943048530585 0.120213212714816 -0.00838307079705925 0.432811388221115
0.0783942351917221 0.12502447184288 -0.269117254121225 0.396524449702028
0.136872462202465 0.303192069841836 -0.069023449178442 0.101511594699611
0.149333852054997 0.268691163641704 0.0934133678866929 0.0275889717382156
0.0493482661184645 0.104050563445342 0.34467228506577 -0.275359749054704
-0.0176765391747071 0.185661514133576 0.147153982522177 -0.470414885628067
0.123666268694766 0.332922411485258 -0.0772892662933464 -0.379353475339348
0.314634142000452 0.206217633432179 -0.143358553411725 -0.191508981972294
0.340040589274941 0.0162903310270589 -0.104159326587532 -0.0969561635588537
0.30380659136746 -0.101843473538333 -0.0527906882138164 -0.0427291696869906
0.309686856421607 -0.117782365640413 -0.00922453249010842 0.038637205044573
0.295272575315996 -0.104009862472658 0.0653219144448651 0.137935426940416
0.354568484841909 -0.00598965457655245 0.0801129579581406 0.206199050732267
0.336234466095363 0.190983415434938 0.0747776823056794 0.255048882449119
0.151171171802028 0.323810033708023 0.0558746579496033 0.315907453795112
-0.0175080547264658 0.201466177432119 -0.0392292606643072 0.382094901986988
0.0546460197847167 0.155037273161408 -0.227461547497063 0.310276495190919
0.140210577494736 0.312547130094457 -0.0565300902492248 -0.0132697507765556
0.166869608985763 0.254768809622208 0.0958882391081751 -0.0773276217186572
0.099088259991765 0.0665785080166254 0.393870122540778 -0.350912442489455
-0.00692303849340867 0.0953097338885231 0.143824390856695 -0.537470792279734
0.0617260793048662 0.258719772827019 -0.110029232361783 -0.347971280974064
0.249370994665013 0.198241111127331 -0.0850794473752728 -0.116476321705088
0.299936166246917 0.0292112409665411 0.0140232651543207 -0.0740081831703438
0.280665166294208 -0.0903912485960742 0.0698002483341296 -0.0724849387675537
0.288506756549967 -0.124680497920622 0.0957928030343242 -0.0161752731641675
0.278015608876553 -0.130140261561772 0.180326057131996 0.0822564271708436
0.350152122378302 -0.0564262059465104 0.209678582379674 0.18456551543345
0.367087853918685 0.139700340202885 0.180899765850595 0.29247676398746
0.216764454202128 0.321248745511379 0.0583776819332261 0.364533035736159
0.00165490569750347 0.252774600780826 -0.0964659084136826 0.344127120495855
0.0186060980738723 0.17613825726239 -0.22039586740451 0.197548093269633
0.112475417672352 0.282242293396357 -0.0410893510359238 -0.126721218764082
0.151031291048622 0.198775297588617 0.0864187798784253 -0.171965780515109
0.115091215155808 0.0361640534160701 0.432480119109001 -0.379302870257877
0.00867853541918174 0.0251894796030215 0.170397045489678 -0.573287510862711
0.0228748670365672 0.159663696711962 -0.130271343292269 -0.331725120899298
0.167143849163252 0.148506784438238 -0.0542780565674753 -0.0503780677833393
0.22232453294177 0.0217903458846059 0.102624614451672 -0.0417711949913302
0.214440447090926 -0.0760375561811347 0.171842155082904 -0.0948089280932198
0.222095677108451 -0.113054246158515 0.183951641722536 -0.0674972022702635
0.218029960382633 -0.125811767261242 0.273137769389595 0.0212512573432151
0.283592750692764 -0.0750638056627599 0.320773111493432 0.143571147219769
0.312905887506635 0.088314927512384 0.281845542172601 0.299326871850258
0.205691157691502 0.260991008188872 0.0749334276984183 0.394864560795538
0.00697526422640645 0.233429604623875 -0.145317878632795 0.313974054457104
-0.00802762656688788 0.15902874255665 -0.220832897587182 0.0887147642796391
0.0721847895415229 0.215727947487042 -0.0196967462154438 -0.221659564699071
0.103033666770666 0.0976369743580233 0.0731571221008091 -0.24540634050315
0.0811076855585088 -0.00149849827476035 0.450339522120017 -0.381306941919272
0.00818590033935753 -0.0114162109593175 0.196290216254744 -0.578104298913914
0.0146681504404562 0.07075864096118 -0.136396566586999 -0.321458962310859
0.096672101067874 0.0680749715298229 -0.0380481109901294 -0.0114368328740395
0.124949732747884 -0.00933804439092559 0.156595831881682 -0.0202055861244369
0.117467861510881 -0.0608954954258768 0.237524301339896 -0.114051565670035
0.120840220586756 -0.085379329796676 0.241559541371796 -0.108378986623155
0.122783304928014 -0.0915437105870925 0.333806284745382 -0.0300775090335712
0.165685303310061 -0.0632452155038519 0.396183868183686 0.105553233369563
0.189157259631001 0.0384205923498436 0.358331044484154 0.293756439523981
0.124094388841731 0.149410927633471 0.095038538909727 0.411069420573548
0.000405184693678621 0.138226882649291 -0.171265231745173 0.292976471812978
-0.0101343199821142 0.0909488252982055 -0.217203309315818 0.0123135593264086
0.0352998512504327 0.116327328244027 -0.000344437790476898 -0.279759318346901
-0.003852473862256 0.00510316076684046 0.0263050055712001 0.314370948551635
-0.0070325702803736 -0.0158136864908068 0.229700317613133 0.0893299766301298
-0.0199833407693893 -0.00336530897363411 0.223322951554326 -0.287615052575798
-0.0353692228089329 0.021285046156127 -0.0714396879785897 -0.489762809847952
-0.0340122931455335 0.0306990741122578 -0.416679142819326 -0.325055877157457
-0.00949301727066924 0.0423579037011826 -0.478793598689579 -0.0744912834002378
-0.0082615182090658 0.0428119727660326 -0.388012887795511 0.0758078164967884
-0.000512467783244263 0.0477761225635102 -0.291844612475505 0.15293913957317
-0.0144383231925875 0.0452624357266009 -0.253715718977929 0.155663739225657
-0.0318805942351524 0.037904258201744 -0.192311812327716 0.0658579038828365
-0.0394150084389511 0.0184034900308794 -0.0239019175657686 0.0168530224018728
-0.0297696315974927 0.00105765387095765 0.112145184694394 0.266796219363416
-0.0350519238966811 0.017391707804528 -0.111964181189249 0.546184846848019
-0.0510268770167059 2.68617193233817E-05 -0.451080428027824 0.45673133489221
-0.0472623798476372 -0.000753780285545628 -0.111609649249933 0.33670484603293
0.028950232732924 0.107661508887856 0.0358226768843928 0.295471150834228
-0.0284734027983558 0.0785808646858485 0.241202055226723 0.0546400806693993
-0.0104341919899889 0.140522349011991 0.222176516903638 -0.301884949552391
0.0816182591834433 0.167880232531257 -0.0661493264873078 -0.481795334891838
0.129802445734327 0.0762385802734063 -0.394019305012102 -0.312503182890405
0.133375614600799 0.0105628704243837 -0.448278029718266 -0.071165093996409
0.111015299333161 -0.0232586335070597 -0.359858554467621 0.0727516631868319
0.116602577607729 -0.00538515975022476 -0.269779141969686 0.155311255262744
0.102477504981171 0.0229366683479703 -0.228455380690737 0.177264544416732
0.0873201246056572 0.078776759101673 -0.185205418024447 0.0991349344718679
0.0321546640818709 0.117330965342201 -0.0411633533703255 0.0379318362724814
-0.0375220977540309 0.0866137338219633 0.115075475001137 0.245928482332596
-0.0278670329139863 0.0328976047889336 -0.0630027949851272 0.534103137361273
0.0190872851317264 0.0592980236338217 -0.408500840080136 0.466748403670933
0.0330126037621587 0.141798690276877 -0.0991871136966377 0.290843214722151
0.069234298397853 0.190520482171254 0.0593827106699734 0.228706348416495
-0.0325631201142517 0.135393137658097 0.266767277790925 -0.0435457673693033
-0.00746502836123711 0.237957384553736 0.200817376958447 -0.349510939269556
0.165087419212731 0.286580660143886 -0.0656252327845941 -0.465690332747092
0.264984709147827 0.124504457231724 -0.334731274386374 -0.291187484694096
0.254536182366025 -0.0100757483213608 -0.367285811672738 -0.0811465189952054
0.213266568764453 -0.0772425633255714 -0.289581090320371 0.0450170821944711
0.217024666532516 -0.0588535627577624 -0.207565491285475 0.134296788880919
0.203780643945869 -0.0142181363895297 -0.154716419109405 0.18833200502581
0.207771905481995 0.0859966242795918 -0.133405875122089 0.151396229116639
0.13240966514868 0.193019029163542 -0.0398282681626492 0.0996536916069701
-0.0147952076106875 0.187050948080713 0.104499396723444 0.241320155103591
-0.0332272999194449 0.0651951778525899 -0.00674735452296228 0.499334004854721
0.0657341443510557 0.0957630799814052 -0.335236006020759 0.465611696289335
0.103885899192154 0.247865540110547 -0.0866122010843493 0.211795001632586
0.115460581388875 0.242940519553478 0.0858480113331247 0.130801715982114
-0.00668487271344533 0.139002501406754 0.300570271768556 -0.175977357219922
-0.0126629106054691 0.255151957478733 0.163792023162434 -0.418598667695759
0.186935758956462 0.350002235775402 -0.0770931346871794 -0.433993060927965
0.337382959260453 0.169371833787329 -0.248971027179381 -0.253305720327551
0.329891322059156 -0.010847492766626 -0.250192267965736 -0.0942937594939553
0.28256605454454 -0.107755410615689 -0.185068278738757 0.000733281119916071
0.285414306456348 -0.102487563050408 -0.117073288094316 0.0938936892716237
0.273259284463085 -0.0641742978287952 -0.0475475100165176 0.177205169331891
0.308176985615491 0.0499640960314856 -0.03574544878721 0.197485798971124
0.25345739817203 0.219840344165456 0.0017689440984809 0.186118574494549
0.0585476149246262 0.283185142729877 0.0815465591932851 0.271379205895022
-0.0376429344207031 0.131260257106289 0.00672403401926425 0.445902187838505
0.0725703172383246 0.123463476309498 -0.265344228728766 0.421332620274329
0.142954513888568 0.302330758320576 -0.0747353205770136 0.107625748466232
0.155238402136295 0.264360915459563 0.101525045991197 0.0235135443795512
0.0406768188420925 0.103259437658537 0.346407398008769 -0.296798560293713
-0.0224989880998667 0.193776295520145 0.132957758145732 -0.494890048973325
0.138291268551527 0.344163409701947 -0.0966298386599911 -0.391135602859104
0.331464494314361 0.204482086072653 -0.159453931523818 -0.193080165421089
0.349069039682203 0.00855714766765938 -0.11502364474198 -0.0959188085734847
0.307890776647911 -0.112312923944876 -0.0589773801833028 -0.0423195156103027
0.3115348555485 -0.130875851670724 -0.00972511006486375 0.04088539065135
0.300169316817663 -0.113144543132455 0.0760776965809249 0.137863062180559
0.363245917851946 -0.0145796558406014 0.094720073480244 0.209458309455076
0.353024345365812 0.187701388430862 0.0917939588003863 0.260709654304384
0.166375239650823 0.335174693041502 0.0708133847962292 0.325995700881114
-0.0192540889538233 0.214594687547314 -0.0267119686194557 0.398012540251475
0.0487437534324206 0.155528783113753 -0.224598475354498 0.333150110597629
0.146770064633877 0.310567899766413 -0.0646392556904042 -0.00912526810272221
0.173200532532779 0.249671903804412 0.103167441262301 -0.0818695578542157
0.090448419514907 0.0628699249698845 0.395541026651612 -0.376659133668841
-0.0160266484823562 0.102191858898017 0.126167460628695 -0.561461453726999
0.070522587995829 0.271684588233157 -0.12766515557968 -0.354981644995954
0.265409885872997 0.201349766032834 -0.0956961321169006 -0.115798924968074
0.310139121878193 0.0226565226956801 0.00778381194595362 -0.0749361778800832
0.284255714330135 -0.0998994399219355 0.0657966153133896 -0.0764740236988092
0.290643757627874 -0.137399257633795 0.0951747084557912 -0.0173217738095272
0.280738312155521 -0.1405759907666 0.191437614678277 0.0784713398064392
0.355271823392735 -0.0681610111091537 0.227028301730416 0.183530797783346
0.382011343190709 0.13127535006181 0.202416831090429 0.295184575241019
0.234719308300329 0.326606592989814 0.0759910559077075 0.377921997143397
0.00455006520036382 0.264115782765569 -0.0863074842429027 0.36399547115531
0.0150345145643749 0.178618786261478 -0.219900652279053 0.218523721143728
0.118280228618732 0.280696388573755 -0.0506134100432227 -0.124899289898366
0.155383637379243 0.194026910095685 0.0922324321409321 -0.177137509857202
0.108120161188293 0.0321247173683486 0.435839560187621 -0.404976816134791
-0.000194950402537721 0.0295428121873499 0.151758160685792 -0.59460615258464
0.0274175004992121 0.170235404487307 -0.147894853676514 -0.334499894080791
0.178767482488388 0.152103366473846 -0.0603740775898274 -0.0466255972709665
0.229986282974993 0.0173768896055152 0.101467895621578 -0.0432152359116726
0.217434949077829 -0.0829852776462241 0.169597896968473 -0.101377651372567
0.222563433176993 -0.124517721650308 0.184271529367942 -0.0725997409167271
0.219108840926009 -0.134640390767193 0.283594883661626 0.0131959928086466
0.286233989374209 -0.0861613419047918 0.338321769867906 0.138063025149998
0.323834595192423 0.078492358816677 0.30545063512184 0.299141006642241
0.221304685671575 0.261093831094582 0.0942840329067594 0.409449282216708
0.0127879497460716 0.241974205704184 -0.13584861372839 0.336760404622368
-0.0090207048449367 0.162204362356451 -0.224385302916092 0.107059896005878
0.0775870899250749 0.214565187366938 -0.0316212528531455 -0.221800824514187
0.104727191164053 0.092522937326937 0.0782640224954989 -0.251060666191588
0.0771909784348341 -0.00515344828299644 0.454391804324227 -0.407955877182973
0.00247058604804656 -0.00808041488243738 0.178704873300321 -0.600987197545509
0.0171235895444641 0.0762333524835032 -0.153999999992724 -0.322530745595624
0.103294386452618 0.0693995313586155 -0.0413845762210165 -0.00507917712764298
0.128848189868762 -0.012348954486115 0.158994033134754 -0.022526022291014
0.118097124666604 -0.0655247120141113 0.235776277903008 -0.123045907566071
0.119764201547236 -0.0920675957143374 0.241443037991884 -0.115047789413399
0.122835915774729 -0.0971620989120111 0.342613105063249 -0.0413843685613482
0.165647360018509 -0.0709297132883458 0.414646901817123 0.0960682713365274
0.194975122836524 0.0315628657413498 0.382781401294955 0.289083133904051
0.133348860761365 0.148765221397061 0.115854168400159 0.424736830064485
0.00475896915145619 0.142151684620336 -0.163157713940944 0.317061354794532
-0.00990419159872656 0.092794812993505 -0.224324766795811 0.0294965864619276
0.0393173875974399 0.11563911085608 -0.0139137138897962 -0.281702055898019
-0.00387418816430251 0.0059586699975493 0.0471975046477516 0.313119316226941
-0.00958149309076166 -0.0158254347789742 0.24230397812576 0.0722564919043902
-0.0212287193675107 -0.00314519777891349 0.208363903443407 -0.316857082587173
-0.0333785281922734 0.0239072795108898 -0.109923704027267 -0.501673403346992
-0.0331655171438651 0.0344825665258889 -0.450313841781227 -0.307411085221719
-0.00726934542836505 0.0432871340073927 -0.497130143619809 -0.0437622305220313
-0.00415469117013655 0.0449870122298666 -0.391800712831552 0.101258476808521
0.00400290743461192 0.0491468771858895 -0.288515568421806 0.170928472909319
-0.0113591798686461 0.0479210294157859 -0.246361980735742 0.171806196608814
-0.0297095583611653 0.0415722267218219 -0.191124600935692 0.0762955324924142
-0.0392803555654363 0.0225402835262777 -0.0235446591954488 0.0143729430722268
-0.0308482561544025 0.00369717472220015 0.132989494106224 0.261285495847732
-0.0345923812049545 0.0213303504509349 -0.079028521614498 0.563308979136901
-0.0519400220105532 0.00261669935197473 -0.439216199120669 0.501908076265324
-0.0464128927132777 0.00350276265526502 -0.104088993352817 0.351727661612976
0.0339292197443224 0.106282865631877 0.0555355715077061 0.29271284193355
-0.0281796694240814 0.08238055008304 0.251312082445081 0.0360304737356325
-0.00335289858165433 0.143888790870486 0.204951879735055 -0.331641364235155
0.0966745840584065 0.166388840887675 -0.10354451459757 -0.493495747569783
0.13713278889049 0.0703857583495887 -0.427789399703483 -0.29394749964831
0.136126013518215 0.00215203647607613 -0.465148741528261 -0.0433666322480381
0.111659948063012 -0.0292293978724565 -0.36388996726634 0.0962878102695045
0.119007696480995 -0.0120647929144109 -0.265211217706161 0.172646916863483
0.10778006980011 0.0195506657562288 -0.218542196252895 0.191697402617875
0.0968215633426062 0.0777216111980195 -0.181517462502724 0.110271478015694
0.0423100199058493 0.122508678103513 -0.0396316008460911 0.0371608376006336
-0.0339245733514012 0.0970258792713629 0.133382182113844 0.23972258645572
-0.0312594572844642 0.0399458687465528 -0.0287393569128808 0.545666668460083
0.0181720903501993 0.058879589736963 -0.390729204798467 0.508007193226864
0.0400010453945057 0.142759023170551 -0.0938636090425587 0.305252528394787
0.0777015558407287 0.186974219682049 0.0759438261188561 0.224290230182359
-0.0323512420881546 0.140884805501729 0.270956505717272 -0.0655779172253857
0.00410267970507374 0.24514762033724 0.18019720430785 -0.379108738966823
0.19059324492642 0.284298126301841 -0.102501792001125 -0.477745816574395
0.278567956901508 0.111046770543977 -0.366169023491014 -0.276470933598993
0.257962529211976 -0.0256185519611242 -0.38421809693163 -0.0589604070713821
0.212511213871661 -0.0909384334914492 -0.295495730526927 0.0630009256572122
0.217866807570857 -0.0721953353602875 -0.203909925611457 0.149200888008872
0.209496688896418 -0.024170043882345 -0.14246768647346 0.19842004356052
0.220750864672122 0.0786977717976082 -0.124414754823746 0.161383535297354
0.150697380921303 0.195033162723532 -0.0320308384652969 0.102168544831808
-0.0043543311295483 0.201771284678311 0.122740012634642 0.237876536599238
-0.0381511259072523 0.0764418927345653 0.0245647139034803 0.508877201873912
0.0634693868442226 0.0933579747898558 -0.317256917154167 0.501894948416213
0.114553587999824 0.245081814371531 -0.0846500610319013 0.223239175872388
0.126780845794019 0.237146790876267 0.0987692741526527 0.124317249900908
-0.00965690366448817 0.142751766050188 0.29775522217006 -0.202699591809586
-0.00319643697052575 0.264570339355508 0.137276115930064 -0.445954481654363
0.216076202858175 0.350139567729343 -0.111098789017553 -0.44436982051128
0.357468951809721 0.153721309346756 -0.276839536832775 -0.243704423341695
0.335924544767699 -0.0303157729921867 -0.265903370184747 -0.079737937958857
0.281255167190678 -0.125911338027316 -0.192186998437339 0.0128800561259232
0.284185089636815 -0.122135035245606 -0.113868740724556 0.103341331292315
0.277049762262567 -0.0785619279453106 -0.0325768811381667 0.180696004299558
0.32056010427046 0.0364066690933397 -0.0192974113769146 0.202823476277258
0.276138940295135 0.213127928749942 0.0182279518999811 0.189184448698044
0.0782281141611693 0.296108472602 0.103128959978404 0.272516362936679
-0.0392493330382936 0.146271789460373 0.0356872486568329 0.455002558269946
0.0684948874145571 0.121521297307255 -0.245885795359533 0.452543092826809
0.156665290608314 0.297033145900687 -0.0777563202651076 0.11688395134333
0.167007400217144 0.255582921693388 0.109630859439717 0.0159922087843794
0.0340206793702419 0.103289008999086 0.337248561000956 -0.327439172478061
-0.0201250918162381 0.205065398728192 0.101524916723324 -0.519650533239937
0.164585489489934 0.350349643910626 -0.127270611694923 -0.398421899861344
0.354724278397978 0.191845765290281 -0.181251502063802 -0.186605723251535
0.357217276916942 -0.011269507529634 -0.128256138293289 -0.0889239721795891
0.30793973510731 -0.131270369060671 -0.0666096398872724 -0.0388088392057179
0.309459916236509 -0.152964785923325 -0.00909798032556217 0.0436103556956048
0.300284956279951 -0.131166119631388 0.0911091320429124 0.134532083604564
0.371046041571128 -0.0347934649430631 0.116173155357717 0.208649677777538
0.375296486698848 0.173394409322424 0.117470193525162 0.260442754341456
0.192363375394412 0.33929359586198 0.0973010371931116 0.332324224619201
-0.0140361840145591 0.229392933597936 -0.000313367200621184 0.412056815275498
0.0475800444757692 0.155805944328255 -0.20860321837828 0.361402403140043
0.160342665079514 0.303976327721335 -0.0724298050446368 -0.00160587388034395
0.183681848516023 0.239152102646086 0.107465590085085 -0.090238748792462
0.0819106745351359 0.0592712455946484 0.383004318185931 -0.410925732318554
-0.0212323666317739 0.111908999727747 0.0897811083843613 -0.583843247914562
0.089871332379523 0.282521850600342 -0.156443765359959 -0.35616660918395
0.286817713822604 0.193709672119035 -0.110053902324837 -0.109483858883603
0.320003328241262 0.00693193137900547 -0.000163497697962578 -0.074508297692227
0.284709957658417 -0.117773826874652 0.0583188234159729 -0.0810900905884489
0.285671278722288 -0.159012195883948 0.0944346683109242 -0.0205762320593181
0.277997313273955 -0.158906580259803 0.203789414357371 0.0668261089729406
0.356945904325367 -0.0896646594225767 0.249642393649565 0.173819039430532
0.399432598478924 0.111275611692729 0.233183879868205 0.29000052480503
0.262057182196501 0.322251441117317 0.106661570854285 0.386769860911587
0.0177266716598776 0.275783473496739 -0.0624541995328255 0.383836778308101
0.0168141067540662 0.182162095068628 -0.209479814681456 0.245346461058079
0.1312478248365 0.274289705551977 -0.0641773201804273 -0.119140956977775
0.163568945286294 0.183896188621206 0.0936794371754413 -0.186229407647415
0.101500290537907 0.0266352539323319 0.423727657727978 -0.442994258318592
-0.00797970197285048 0.0361199794857757 0.112971347089048 -0.620114783779115
0.0381061817388929 0.180228291625642 -0.175327032332636 -0.330932767420769
0.19646525584812 0.148440498338451 -0.0675708093888624 -0.0396958013805552
0.237950469141683 0.00620426092673996 0.0986414284219664 -0.046532331801867
0.217580250126992 -0.0965151020700852 0.162774189733828 -0.112171071287289
0.21785883299597 -0.140968895803407 0.182003802931161 -0.0805527082081532
0.214904262486897 -0.149654716532809 0.293678181398583 -0.00422788965864894
0.284472184222193 -0.104498525226293 0.35965035077128 0.120746841323327
0.335717973619864 0.0592473176456018 0.337972614505759 0.286652395654572
0.245032117558609 0.253600846451648 0.127053228512031 0.417836153817091
0.025656032578239 0.249699314217465 -0.114192045779425 0.360693645763459
-0.00534074584043372 0.165988589218444 -0.221890749666473 0.133816408220359
0.088286330375554 0.209521354316221 -0.0505709454306831 -0.218855833106396
0.108148649390826 0.0848024061860655 0.0767114932105263 -0.260368717936403
0.0720277438816817 -0.0099829159539953 0.443849147587456 -0.449853360384719
-0.00316127434476587 -0.00450378681664773 0.141714513437008 -0.625363022044601
0.022013408598841 0.0807502435190876 -0.179298530392972 -0.315696278209273
0.112263190875161 0.0666560996325774 -0.043333890860482 0.00387661715370404
0.131351178603787 -0.019440273593806 0.160538425482684 -0.0286693520721094
0.116423910020224 -0.0733972716996218 0.229281792227706 -0.137499458286738
0.115329290933943 -0.102014142279073 0.23805300562486 -0.127422452147584
0.118771465856166 -0.106972030857443 0.349967301053921 -0.0620361396293253
0.16301567385013 -0.0825171066564865 0.433869410367188 0.0733745813687841
0.2012712298005 0.0187345788126672 0.414155206535828 0.270982465130266
0.147276603374526 0.142163164509492 0.150141297076965 0.433581418290499
0.0127125882712398 0.146121188198666 -0.142686065966081 0.344597622100499
-0.00685256772760713 0.0951384319531714 -0.227422758023505 0.0538435829473286
0.0460544680116108 0.11247438705386 -0.0356128423848179 -0.28067822879746
-0.00324225036988074 0.00171675821547247 -0.0886112704866545 0.301857167811317
-0.00623818832027489 -0.0220012429934972 0.195508446770939 0.16558177909329
-0.0240062771178798 -0.0111820914555687 0.324499374712089 -0.20618855609538
-0.0432104314483542 0.0133861974827739 0.107254148231642 -0.509963036193625
-0.0466173122061247 0.0256313512904577 -0.284183382496182 -0.468753025490418
-0.0248878857819155 0.0407304027315192 -0.435094310940717 -0.253799037657949
-0.0249327830621504 0.0422650288027526 -0.397368982002256 -0.0749030826807938
-0.0170154110921633 0.0488585205385829 -0.328767871063452 0.0319992239644548
-0.0294077377861743 0.0421688914723078 -0.290000383396331 0.0505381910265359
-0.0450461918516126 0.0280464228596299 -0.202608644254072 -0.013034618271594
-0.0451593785840855 0.00605856562372088 -0.0267285585231563 -0.00226055247940676
-0.0266094172798949 -0.00620847337242364 0.0114338110878885 0.287511705851502
-0.0417535340869937 0.011404547035184 -0.313334998767723 0.474565651757375
-0.0541357527859953 -0.0127900731385231 -0.629646104975917 0.267505639844825
-0.0413249290277736 -0.0146534014664571 -0.266871395655152 0.267591583393404
-0.0135654038912057 0.107582782180111 -0.0699591240339508 0.285969808775217
-0.0676587158767343 0.0605283915727228 0.219871428612862 0.134519114283989
-0.0716363916252282 0.132216954470038 0.331936172526537 -0.224922627267038
0.0161137660116738 0.196492498174532 0.114464684327317 -0.50509646567308
0.0926307067098497 0.130258475594533 -0.264239286048121 -0.455480031584133
0.121591026682678 0.0628355840289648 -0.406139653319483 -0.241482435641811
0.111855193466635 0.0234740903026667 -0.371133729698947 -0.0707968576872698
0.11449201367268 0.0426800644897186 -0.308398606532623 0.043189541172713
0.0914639669376612 0.0675204942971827 -0.271860559825468 0.081159677545824
0.0572912889698263 0.114770917809738 -0.207167744014485 0.0241523932021581
-0.0111962743088632 0.134968438223986 -0.0525686697493594 0.0166259260457647
-0.0704615943647375 0.0812236552780474 0.0176928668392666 0.270515423081591
-0.0514855810763226 0.031213064653164 -0.2623113785231 0.480033552765297
-0.0190159329978247 0.0654266140590409 -0.59239733887184 0.295550763505493
-0.0248845678432184 0.145610099678669 -0.239129473950917 0.23002073035625
-0.0103549076833047 0.197539459006796 -0.0188375895651069 0.23174062825247
-0.101051356745683 0.112863505339605 0.281477102287107 0.0490868169456659
-0.110613701715092 0.229296946687292 0.331336200425143 -0.280655022741481
0.0530238669256526 0.343263494819904 0.111958048793454 -0.49340349309101
0.203768749174255 0.227134812363904 -0.213919395894741 -0.421160534828161
0.243456265502625 0.0886001230765091 -0.329020254745641 -0.224271512550518
0.229530315343518 0.00962128054947396 -0.296835958614859 -0.0722116802444073
0.230894433911392 0.0294014464820215 -0.243982250492026 0.0470365215864596
0.201790185870937 0.0701277294966179 -0.20488890351336 0.119670195519068
0.170904785867757 0.168609052111597 -0.174248684459996 0.096728166690219
0.0597145912443155 0.248139412112869 -0.0717966868098579 0.0836113860386695
-0.0882609493505612 0.191981958689363 0.00660394834819144 0.269651362069233
-0.0776175952013196 0.0634648724814765 -0.199503984760137 0.470478811725659
0.00358486733858494 0.114580744088224 -0.519077940925735 0.321806769645743
-0.0029173026719294 0.266556342772341 -0.19354617282148 0.160331408829346
0.00965928264295937 0.263368515171764 0.046790712992074 0.150299192616738
-0.0863459878454755 0.1242224880874 0.363514866614849 -0.0645521944705045
-0.129023060104311 0.246552513403311 0.320884424480497 -0.359946235078495
0.0473394513790147 0.415696382478533 0.0917005503802227 -0.466621247141708
0.257185251325163 0.298882614885274 -0.145301681222541 -0.356512010054022
0.316509126310675 0.117953871628578 -0.213201328254393 -0.195627827670324
0.307843310776238 0.00619317004962544 -0.183338744670924 -0.0747296389861798
0.313257764179871 0.0114967725040696 -0.145126294904964 0.0436006794013363
0.286443364687867 0.0476900302015228 -0.0985449857009938 0.149860524449457
0.279938459611896 0.169626536600226 -0.0956722728343043 0.17988967358342
0.167249486484429 0.316935808105427 -0.0594752581662271 0.189868358450215
-0.0517335818890475 0.312675060876773 -0.0264653754203311 0.299589654941512
-0.109940842426191 0.127223989535995 -0.168753922038454 0.430450704608581
-0.00452530310105888 0.141047194476919 -0.430336803354456 0.310303969613359
0.0117708290803203 0.329265547700822 -0.137652641879101 0.0688304227000276
0.0354969280810289 0.296304756815702 0.105338591888467 0.0569509935742398
-0.033509820472056 0.106763308484133 0.45079321801097 -0.15964153824789
-0.123656472448165 0.186356211407311 0.318119131424397 -0.43743694398078
-0.00150207057809698 0.396583223162602 0.0576309995598214 -0.428424416856634
0.238832994659662 0.332979044299308 -0.0807111659953897 -0.263379822145323
0.32933918996555 0.144472433574465 -0.0844969680596255 -0.145090375373355
0.334752940986442 0.012075065708001 -0.0486903003895685 -0.0679368955425089
0.349173991557422 -0.00712251717973124 -0.0264031482869158 0.034485138084682
0.328750835853818 0.00822552360386279 0.03222478812305 0.16022911428426
0.353966904085229 0.123374427682198 0.0266139051534209 0.242174783954396
0.274974825099931 0.318408419388251 0.00431355754541568 0.299945066630385
0.0349136822651853 0.397801875975505 -0.0539508792636065 0.357752445042609
-0.120916444713666 0.211962200904781 -0.184675553800012 0.380011471265159
-0.0375135465755216 0.162680634744741 -0.356711696317922 0.24438534217972
0.012586341845801 0.335926212549964 -0.0768217985753099 -0.0347212338291548
0.0571365270516122 0.29019450988602 0.150731381017322 -0.0392828581405572
0.0275168636032985 0.0872101601366494 0.527036373478415 -0.215042585685527
-0.0866581450919613 0.101615180709357 0.331623268514149 -0.497329646398315
-0.0413445077338552 0.305468648581665 0.0124264661464139 -0.397308371184896
0.178483886007667 0.305552048530282 -0.0480211036137569 -0.158786184790477
0.287546024833338 0.144883665318395 0.0263989142955032 -0.0746766701463948
0.310220937516108 0.0143546349303716 0.0825404036656214 -0.051579460403473
0.330258087381154 -0.023194025152659 0.0925628028548889 0.02071046844219
0.31902691696567 -0.0276221029786665 0.161351045162879 0.146707107542854
0.363793792743767 0.0653164983776821 0.161754351992195 0.265579603079625
0.322912291854166 0.269320325835143 0.0990097898434876 0.374794495517735
0.107376824976056 0.40741179890355 -0.0659291181463703 0.413726146347648
-0.109607604973976 0.265289861804276 -0.228755513949233 0.332983218547301
-0.0737832388907124 0.172974153332515 -0.306845201651235 0.138797876116555
-0.000619702832275169 0.296716262409298 -0.0138545713495727 -0.135723622172129
0.062258910535765 0.232580911366997 0.179597002226267 -0.130746196097961
0.0608025046779653 0.0660873217787614 0.579223091935768 -0.228609082120209
-0.0412819833609169 0.0384868387420103 0.365270959700702 -0.517021576028767
-0.0453997968351242 0.190087568631169 -0.0191352621279973 -0.376211583399563
0.116177390929149 0.224677693980029 -0.0411053124639548 -0.069342362373808
0.214220610386385 0.10821823370789 0.105516022219289 -0.00412114497046816
0.240533857283808 0.00403524118537549 0.190566941243652 -0.0337284254899888
0.259845941029798 -0.0368476616234287 0.19476429836712 0.00392745834693693
0.25784343922813 -0.0477276036404621 0.270081117524087 0.119786802938957
0.303234095485055 0.0200227912870025 0.282175780182635 0.261155957363289
0.286362026896523 0.193119106017025 0.194483077670926 0.412201768116084
0.121336324164028 0.336417913281056 -0.0595891276697609 0.450190302375915
-0.0875049850180896 0.243088621062237 -0.265754241130727 0.291626318217032
-0.0834975916791075 0.14821037686611 -0.268891471646667 0.031842153378587
-0.0103789097397661 0.221310565103206 0.0456492910914038 -0.218277261223565
0.055084512640829 0.120960897389098 0.19537370324452 -0.203401959224448
0.0541027725830827 0.021972538729988 0.600165875191641 -0.224330608477644
-0.0149457564630426 0.00221467852336899 0.391101438808541 -0.506624547144596
-0.0169500191532015 0.0906168344850629 -0.0327306667557459 -0.360251612648598
0.0755010559428635 0.110975728653885 -0.0397133955033198 -0.01388400846407
0.127787074810343 0.037409083649803 0.1547010103169 0.0433929944772038
0.138385383533728 -0.0185705291545742 0.260945314471305 -0.0263828145501816
0.149511095376395 -0.0459537075563496 0.264721061845739 -0.0128290368955272
0.152592577687412 -0.0501202438292074 0.343242399068964 0.0913732458629234
0.184103835771329 -0.011001613559275 0.366193434550666 0.247759269752847
0.17949865067637 0.0994685246902515 0.268488328765668 0.424516108524985
0.0795389961140004 0.193858945426459 -0.045260949481455 0.468349574701421
-0.0538330239650729 0.141864246624272 -0.282104549242401 0.263757103524745
-0.0516730572445712 0.0825106303297774 -0.237939986772329 -0.0427332207477778
-0.00687812120751791 0.117280232456979 0.0883691602629042 -0.266168619541212
-0.00211261400713015 0.0031881540621822 -0.0652700835447469 0.295074980928712
-0.00824900603110151 -0.0208628870757192 0.205242907729311 0.14470641016763
-0.0252966950662772 -0.00991538262976477 0.303269088378883 -0.232426724055631
-0.0407527968181232 0.0156587592785048 0.0648800393523929 -0.512229951788869
-0.0440430905223492 0.0296171107229157 -0.315372226696141 -0.440294854602797
-0.0217211695786455 0.0414361869559026 -0.444533307742466 -0.216126790213408
-0.020036283357426 0.0437036428041926 -0.394829930235395 -0.0470099266061193
-0.0115779304011846 0.0497833683759267 -0.31925234510652 0.0514405492568727
-0.025767575758917 0.0445906948230833 -0.277344262862414 0.0667486703994916
-0.0415753362114849 0.0311915039914755 -0.198007724551211 -0.00141198470348091
-0.0427574683239331 0.0102499882852884 -0.0260408761844648 -0.00500527592754388
-0.0264366423030896 -0.00400141903248794 0.034062328674642 0.275706967802617
-0.039373937168245 0.0151270583482981 -0.271657866448453 0.482329241882802
-0.053415496733476 -0.00931924498875793 -0.605156547516375 0.312360757100947
-0.0395543140795149 -0.0102091769975583 -0.254644776630194 0.27776937359095
-0.00702408526463513 0.104450053610869 -0.0476519497921025 0.278578793327913
-0.0659139950809073 0.0644622324106772 0.227538476991487 0.113134254872645
-0.062420045895047 0.134720771745316 0.307743413124596 -0.25172589833432
0.031824625828628 0.191598695927565 0.0719403698576904 -0.507757782603976
0.0999475249696506 0.121781316215914 -0.294750670140152 -0.427211457525915
0.122131635511108 0.0533260183637314 -0.417316543939229 -0.206466415388504
0.110824905847408 0.0163195823463283 -0.369121505937192 -0.0437936065116735
0.115889943174687 0.0344988751798417 -0.298309164601085 0.0607716552714937
0.095564792183846 0.0620320319582395 -0.256615237177748 0.0947484510295161
0.0660810224007115 0.11147822932873 -0.199173295558054 0.0360465740599081
0.00037754041915393 0.137210910083043 -0.0493495523052129 0.0158274366044373
-0.0650105151305122 0.0906253510025882 0.0379412949037021 0.259938463111387
-0.0532995560397573 0.0383683218456954 -0.221565055735689 0.483736222464304
-0.0200134794776482 0.0639719638170414 -0.563475945050051 0.333106434298657
-0.0168170903483432 0.143046002320699 -0.229275879628177 0.238849786573776
4.86288880667562E-05 0.190357629089851 -0.00118193924006522 0.223051123630985
-0.0982511816432745 0.117726149799019 0.281473033781448 0.0251676908291923
-0.0951227169580591 0.233361101051071 0.303137793608531 -0.306550892439354
0.0775995103504634 0.333130808141095 0.0696564513259842 -0.496564979935584
0.215229119796365 0.209514711912159 -0.243898042583393 -0.397454622217681
0.243471013507083 0.0704672981109216 -0.340047897239987 -0.196299275775177
0.224283974690197 -0.00478510516419473 -0.297240465251253 -0.0510905228822118
0.227663081595142 0.0137382668937083 -0.235776030140835 0.0608754852074003
0.204388341986723 0.0584355748331266 -0.188256474288125 0.127955983622861
0.180896429902018 0.15750389030109 -0.161164069194552 0.106285444102706
0.0786991260200661 0.24466208691975 -0.0620179319277156 0.0853130681529853
-0.0745675069927745 0.203560777439185 0.0263618304589822 0.261521993194297
-0.0802985499443881 0.0736719975285507 -0.16167506630192 0.470581638896645
0.000776477173366513 0.110270441125198 -0.488317261891824 0.354527375060984
0.0089202863688961 0.257765759841928 -0.188709532664246 0.168451053474086
0.022064498396934 0.250854038120079 0.0584873126403527 0.140507235372279
-0.0873497350440922 0.127458570386039 0.353875521117731 -0.0903530248712192
-0.116533778917917 0.252720764394368 0.287703974367644 -0.382261010875982
0.0760635476994042 0.407305493460915 0.0530167112698276 -0.469236318463344
0.273321893335539 0.277910658169263 -0.173306341540629 -0.339877899685577
0.317269491857846 0.0949927458701834 -0.225975471080072 -0.175866072740058
0.300412941373542 -0.0124577955869992 -0.18760634687847 -0.0611633533409549
0.30614195993077 -0.00952693192414556 -0.1395175321462 0.0528392674297442
0.284427350173481 0.0313181141505401 -0.0814368246626128 0.151342140125316
0.287153185356821 0.151328844807869 -0.0755837332498674 0.182729590223132
0.1894908261407 0.304768646441729 -0.0403393864483172 0.190232596529525
-0.0299383914125189 0.320321321440228 -0.00215787483698988 0.295876589911811
-0.108404686592711 0.139455617154388 -0.135192143618879 0.432988371055471
-0.00817881390195427 0.136478017030976 -0.403641349143487 0.337308275847802
0.0255237108498108 0.315653466433683 -0.13860340456299 0.0767545855353406
0.0488130433883402 0.281133618433388 0.111264234246781 0.0474577018945806
-0.0399178778461651 0.106140392099124 0.433897834091485 -0.188040180881071
-0.118870075549532 0.195065114196509 0.278970851703695 -0.456223241833669
0.0268255098973863 0.395166070508092 0.0224526158563669 -0.427889790970135
0.258779227422169 0.31367005526122 -0.104044192224491 -0.252124029837332
0.332213896157396 0.121810420753432 -0.0972128785108893 -0.134478515815848
0.328505088080379 -0.00875200205291064 -0.055781097886362 -0.0632169249225618
0.340021369742232 -0.0302961240655115 -0.0247531332494948 0.0370162552208328
0.322995632160753 -0.0108962895293392 0.0470462629401854 0.153219123299395
0.354550522320849 0.100893870228806 0.0494268118046793 0.235957568551255
0.293921758535912 0.295809206661353 0.0318348449703707 0.294420837055195
0.0622594969827557 0.394689651911312 -0.0240521037728219 0.357139937705351
-0.111394458300035 0.223013317752183 -0.154296693409667 0.389238478757104
-0.0395183027160085 0.159905447107743 -0.333249626805088 0.270581066712737
0.0260396432387426 0.321370386741854 -0.0842729544468357 -0.0262853093468687
0.0676312284570362 0.27277070104902 0.152036400703801 -0.0479108808629211
0.0186514472253751 0.0826075691328242 0.505773178977725 -0.245789903767288
-0.089612038226225 0.110484012977667 0.288379533222787 -0.511918188276802
-0.0205107821369695 0.310069574043191 -0.01962825588356 -0.391530642887855
0.199453810524619 0.292765469734289 -0.0643313497410484 -0.149428925167784
0.292837702270876 0.125242358854786 0.0169246169133205 -0.0722295383860679
0.304081194429039 -0.00448958380964921 0.0735208988900087 -0.0553616005751454
0.319979631034713 -0.0455524375870069 0.0904861573365045 0.0175049321576515
0.309911056720388 -0.0464401243061583 0.172043482080595 0.132490003907432
0.358912023973694 0.0410980415138357 0.182966142417118 0.250597131509664
0.335918399683893 0.242040976070957 0.129534963002346 0.361548326548699
0.135205457087498 0.394932455421059 -0.0313567414846479 0.416158656447033
-0.0939692206077134 0.272775246177072 -0.200226593683679 0.348902908250684
-0.0709432659597467 0.172700606124686 -0.291199971444076 0.164861660613257
0.0127835438614121 0.283739068677585 -0.0286294447247783 -0.127679372090659
0.0692968359442692 0.21752674289915 0.177365578110151 -0.137444702018713
0.0526342762009063 0.0602520683561818 0.55495633390807 -0.262560549243757
-0.047614097955096 0.0447330384164822 0.319909346095435 -0.532129407089068
-0.0326852778538357 0.197115483402685 -0.0486744660230063 -0.36568295462408
0.132823845324455 0.216559166417597 -0.0483370259677589 -0.0605581608957827
0.218283670502287 0.0936118242258131 0.101002610967493 -0.00703010163726896
0.235054034364045 -0.0101540604019566 0.180274825708111 -0.044275445908786
0.250415256846263 -0.0543031108017545 0.189316186101043 -0.00450759518199286
0.248262970404137 -0.0633323662004166 0.275015221521779 0.0999267546868313
0.295493851633804 -0.00105267298984081 0.299436843693027 0.237878240551198
0.294000504867871 0.167776170937534 0.224974571336109 0.390726348024211
0.143615471491615 0.321026340697082 -0.02345256477598 0.450957448382858
-0.0710979779502599 0.247204888568227 -0.237805136866517 0.313753081455535
-0.0783266610340933 0.149672390172894 -0.260749459506842 0.0596582447769172
0.000593287378080455 0.211057291581766 0.0247451733049863 -0.21161463194125
0.0568631066358504 0.110915802854056 0.1900393855089 -0.209174636971255
0.0479991053662667 0.0176504924129911 0.579809274750781 -0.262200451987789
-0.0199497818568523 0.00667345221171405 0.345942679895091 -0.522183506867821
-0.0111487953469114 0.0935159868674112 -0.060349532080022 -0.346560179288392
0.0842320797947631 0.105588590282407 -0.041636927499652 -0.00416956483925426
0.128143832054933 0.0294290206560946 0.153999640910084 0.0361887230104391
0.134077025062756 -0.0261687595698411 0.249706477072467 -0.0404560441563234
0.141830995629199 -0.0549068450322037 0.257142730494672 -0.0247840320277262
0.145675264072329 -0.059685010018166 0.343539112688635 0.0683757732278768
0.177269520642296 -0.0231689295062679 0.380357553805614 0.217884116589079
0.183015955400407 0.0828255046282223 0.297673900985925 0.398143779255569
0.0921315967098347 0.183632300317062 -0.00749219904217657 0.46917352401976
-0.0435889121461199 0.142991515095102 -0.255253662764703 0.288051697916755
-0.0479279906463746 0.0830405513989687 -0.236838012474331 -0.0152016490570957
9.8105240672379E-05 0.111422445300926 0.0636161072889105 -0.260221856149666
-0.000900987530288101 0.00402861496201347 -0.0483872772800425 0.284062759734602
-0.00966473697892965 -0.0195651899637985 0.210905073262129 0.126326955392705
-0.0256352814338821 -0.00859875223822803 0.280562645857489 -0.249505705183702
-0.0383369333715458 0.0173029434082308 0.0304753061799719 -0.504463908966021
-0.0409907624892348 0.0322523921655854 -0.332925630660817 -0.410630864894576
-0.0188051287798893 0.0422331060860525 -0.445926712623107 -0.183376966716587
-0.0157545428199675 0.0439644057675449 -0.385864250225517 -0.0256354170432389
-0.00684726052243316 0.0489637578025499 -0.307191648383492 0.0632604481854343
-0.0219520319469717 0.0459250758595042 -0.263002532678022 0.0754902812926386
-0.0389321628985612 0.0330426197083709 -0.191572593958094 0.00614225235231381
-0.0404046322501785 0.013027291310382 -0.0253568147917533 -0.00847930573826886
-0.0266586195853601 -0.00171185778744529 0.0501300754561483 0.260415632483356
-0.0366017170070689 0.0176058829279668 -0.237104922802638 0.477938064464877
-0.0515101866141386 -0.00654983324931046 -0.573194977203141 0.338739283533558
-0.0366383976281058 -0.00750871389285181 -0.244396926100221 0.283443312094413
-0.00276247303524214 0.100873815317264 -0.0320948190138164 0.267203479837574
-0.0639859083711155 0.067653987696473 0.229966558474476 0.0944502362154135
-0.0549167196858445 0.134745599309447 0.283775928940227 -0.268572483786806
0.0435486690988861 0.184114109011888 0.0369069611329476 -0.502259285872145
0.103644983548224 0.113878576939384 -0.313014242087584 -0.399253972717464
0.121213283695166 0.0460543454844022 -0.418677230043993 -0.176423609810831
0.108800162667376 0.011350146653836 -0.362182818508784 -0.0240028678365289
0.115639477823608 0.0282173975394164 -0.285804075912779 0.0714939892459186
0.0983791984913194 0.0581260478219157 -0.241738082828753 0.101153710066073
0.0720959209272749 0.107682783860257 -0.190878417420841 0.0429423053733116
0.0108222733599703 0.137148124827296 -0.0469839601290355 0.0139855885982528
-0.0586649851770987 0.0976581317898759 0.0522109153094248 0.245785971092047
-0.0534005789746352 0.0446446328475691 -0.188615499387742 0.475627431438216
-0.0219108817081015 0.0630881142288304 -0.532798041384007 0.357791091844248
-0.0117763334613227 0.138418587201624 -0.221772406375213 0.244046361197428
0.00631079763267858 0.181582366260348 0.0108040959435934 0.211348317269437
-0.0960661780002207 0.121339636065934 0.277239981866498 0.00693153183703515
-0.0836481880834414 0.233389847602869 0.274949922396258 -0.321404214026891
0.0961405754085998 0.320592253360545 0.0355260126224919 -0.492046908133831
0.221521766033597 0.192556629399631 -0.262617496320201 -0.372124740580523
0.239240641330935 0.0569823029569843 -0.342870301196797 -0.171123189596004
0.217209651896764 -0.0144365549974932 -0.293411795516199 -0.0347042607289043
0.222804641579483 0.00254352872087318 -0.22499610497781 0.0703124072769889
0.204173397383196 0.049050298276761 -0.172300345433429 0.130114224811148
0.187163235114028 0.147717100699434 -0.148393491925709 0.109703934301538
0.0936862589218849 0.239323603991952 -0.0539194244611264 0.0828513571860641
-0.0619989105822308 0.211639867513257 0.0415277485675484 0.250430155686458
-0.0812795671446418 0.0838612158630274 -0.132099377996466 0.462702369657692
-0.00442615423822573 0.106997896393384 -0.458536292053624 0.374264058536848
0.0151283421114513 0.247007563155211 -0.184928832944066 0.173976976721076
0.02845111993418 0.237529292613423 0.0652551829099019 0.129961447559811
-0.0887710285651789 0.130394035730199 0.34119428654603 -0.107436489747044
-0.10575051160995 0.255881917827889 0.256137824689402 -0.392571796988554
0.0990810174958263 0.394822167899039 0.0203174277489563 -0.4642011778854
0.282529172406017 0.257407657270791 -0.192597667031621 -0.32032030090823
0.313159169305659 0.0783776408710616 -0.231736222579431 -0.157756952093692
0.290473981609687 -0.0261282924967365 -0.188281648312394 -0.0496602155063866
0.29672089169429 -0.0238461274113555 -0.132848058817194 0.0584902515332782
0.281053272423302 0.0190533009788527 -0.0668867135867065 0.147492634179613
0.289807741026244 0.13596935801779 -0.0594030368692082 0.180999875757827
0.2036026736943 0.290496909287106 -0.0248545759797239 0.185720726120687
-0.0113424812560772 0.322562253784991 0.0164120403704795 0.288473991334687
-0.105733427900149 0.15060924403026 -0.109447698998607 0.427431842404622
-0.01496954524692 0.133299657235705 -0.375404540828222 0.353067142731701
0.0317928195872393 0.301333903936898 -0.138467828095201 0.0831253003014539
0.0535754294005752 0.264641072707719 0.114826884234523 0.0392634615135643
-0.0465791902177099 0.106806355693743 0.414619958329418 -0.205110596077491
-0.114100757884758 0.201224525502292 0.244672269092977 -0.463256390816668
0.0483324610675265 0.389056704484838 -0.00673770072018561 -0.420357483076549
0.271648970165924 0.295383713268752 -0.120595736789419 -0.236990839056009
0.329434041631595 0.1041983225329 -0.104658837673592 -0.123490975446999
0.318120733975454 -0.023111007148043 -0.0608051892689803 -0.0579099508153366
0.327282265065512 -0.0461049835496289 -0.0224633483543949 0.0394286192115387
0.314555836355769 -0.0241862440871875 0.0578571816740948 0.144438581330969
0.350614966929793 0.0826970188477691 0.0668104313954213 0.226567010599163
0.30403847588844 0.274216963291269 0.0527917608094776 0.28442259232015
0.0836420095887042 0.387612847521096 0.000630934646571943 0.352630982801247
-0.103052178167737 0.231134444042144 -0.128067002549 0.389361725831151
-0.043110348928962 0.158400387097494 -0.307981557492834 0.28603866932385
0.0325546660935603 0.305900140345159 -0.0894898207156522 -0.0186149763763244
0.0706951595982978 0.2553940894127 0.15248962535467 -0.0541856472606019
0.00869084818183416 0.0808381304550135 0.483122038412263 -0.264728402396344
-0.0921796218793996 0.118961555313493 0.250806572509709 -0.514557468616986
-0.00335178692896301 0.310932547077949 -0.0436844753209374 -0.380604255879646
0.212904415247073 0.27845936328141 -0.0749953115658178 -0.138432110615437
0.29249096660746 0.109767526983729 0.00996452874153639 -0.0679018261654981
0.295798199857072 -0.017689853745095 0.064975598012296 -0.0562828694444898
0.307073581867402 -0.0605040892895743 0.0882393837081346 0.0157819238477516
0.299184163833157 -0.0585646964003134 0.177907325088651 0.119134554643308
0.349627740261699 0.0233997042586899 0.19790605566373 0.233925768601172
0.340693266137258 0.216978028695805 0.1525971314772 0.34583639519824
0.154164573146127 0.380175028462358 -0.00281893774729561 0.410365230363916
-0.0806064831996694 0.275805235570408 -0.173542814435913 0.355786075451964
-0.0706269983018418 0.171971993766467 -0.272057351981901 0.183339155496409
0.0190646588378116 0.269551268350127 -0.0389275766955485 -0.118591582118699
0.0706896697783489 0.203308222637173 0.175579989956163 -0.142761007143024
0.0433760669710584 0.0568894562724444 0.531329749662903 -0.284284947137654
-0.0525854650945227 0.052231929094928 0.279164970477173 -0.531322904575474
-0.0218003597887989 0.200309536139012 -0.0690418614611255 -0.350280195176354
0.144396474356154 0.207689313750626 -0.0532022395335079 -0.0508552905891242
0.21841357890229 0.0825501804618475 0.0970927562253011 -0.00842060305903877
0.227958413098709 -0.0199694648221912 0.169933531808567 -0.0500054990335941
0.239028891603112 -0.0646386306974817 0.183575220157092 -0.00926398137409308
0.237825501374444 -0.0730435423526572 0.275495326794539 0.0837847488185147
0.285303582934013 -0.014546489552561 0.310157769534787 0.215387285642152
0.294125075732462 0.146410942268442 0.24571659698781 0.368495717126608
0.158671648602659 0.304549293955847 0.00783304842807816 0.445570225103066
-0.0577928909423359 0.246591216136439 -0.210318476075603 0.324540566894899
-0.074628875500594 0.149363902358078 -0.249135237173286 0.0805539704481474
0.00598196033171583 0.200014801419345 0.00904464652984505 -0.200564640429294
0.0557354947797221 0.10199135656408 0.186033061178698 -0.212007117478264
0.0414771778096752 0.0156261943458016 0.553721866268481 -0.286161511954837
-0.023418321119698 0.0113267280902197 0.306235135229698 -0.524054754784484
-0.00659140008398095 0.0956507693992994 -0.0799001851198025 -0.328258573410004
0.0898453896437216 0.0999337098825398 -0.0410191693996776 0.00499088479621485
0.126112401351111 0.0231102352830745 0.152031053264591 0.0309897673934839
0.128775573869426 -0.0310017417983952 0.237875745341641 -0.049221478453914
0.13378155357154 -0.0601568315120652 0.247768078629256 -0.0318707751660198
0.137733149367401 -0.0649718133586721 0.339529394777438 0.0501695844014243
0.169857502914853 -0.0308910258291742 0.385636129710809 0.190262633973733
0.181438298312086 0.0691595939151004 0.315744883756164 0.37102872480662
0.100449900913343 0.172343987946317 0.0236787126489637 0.461688339089864
-0.0356394190396614 0.142337804503848 -0.228081119776615 0.302735463422367
-0.0451619918949908 0.0825134753604042 -0.230306178939442 0.00697296991773811
0.00387730726846657 0.104458905499268 0.0446995437368113 -0.249571795602185
0.000915452709676804 0.00423743134995892 -0.0375155758432237 0.273913257213341
-0.0102767118239777 -0.0184497687613088 0.214008764370063 0.110253898748362
-0.0256914322497057 -0.00709588944688179 0.261757513848895 -0.261148683979282
-0.0367212768789881 0.0186476394762207 0.00254134709105606 -0.497259809171374
-0.0385262414538896 0.0342395107849949 -0.345900792091702 -0.386568052743686
-0.0160992689774064 0.0422287730826547 -0.444163143880487 -0.158858048784806
-0.0128221591684264 0.0439705873330875 -0.378785069457578 -0.00877015178089056
-0.00272747611097386 0.0474329453548661 -0.297079426179949 0.069834502173972
-0.0182992354765536 0.0470840699244426 -0.252495840493264 0.080665863117874
-0.0359704929756874 0.0345228020407497 -0.186894079990893 0.0107141703464612
-0.0381845838600405 0.0149676047535843 -0.0263617049212106 -0.0123552299399902
-0.0263592825485253 4.29238565897994E-05 0.0611045699655221 0.247001295399855
-0.0341454306532906 0.0191585035820951 -0.210982546156442 0.472140287515439
-0.0499031382556076 -0.00503001245296615 -0.549002012786658 0.360660976735426
-0.0341055355915579 -0.00617232686729223 -0.238773832961545 0.288058455870699
2.81497572425151E-05 0.0971163620090261 -0.0222870106653775 0.257200602889073
-0.062382266240948 0.0700055622298774 0.231437634790411 0.0787973662663218
-0.0491276793858544 0.135044740930461 0.262764164949598 -0.281348677720376
0.0514104741036904 0.177358854672629 0.00849298394523345 -0.495237143255329
0.106893319209679 0.106983667482387 -0.326290339634774 -0.376767869531294
0.119913486318048 0.0408737695590351 -0.417631611993192 -0.154028091399027
0.107399575932158 0.00743010748024943 -0.355674443119123 -0.00864217230450371
0.115829607987453 0.0230293368368955 -0.276614694999616 0.0786429284016812
0.101016650921956 0.0544350196042263 -0.230023267736783 0.104472202587072
0.0769910898647493 0.104472222052412 -0.183815719050583 0.0472418731300879
0.01937166059531 0.136670001640943 -0.0458434313400543 0.0111506650968882
-0.0527543004294577 0.10374287945792 0.0623197092200426 0.23303150021883
-0.053325877317147 0.050779252649845 -0.165624381675641 0.468618105505305
-0.0248402709641787 0.0636316929161208 -0.507612754415812 0.376154727768516
-0.00862872375806568 0.13458913578674 -0.218331555541991 0.248917205589289
0.00930912247161561 0.174168818367548 0.0183222975972147 0.201852072908165
-0.0950788585856496 0.124833049745318 0.274157791018751 -0.00741246030685161
-0.0745538008353456 0.233883601698295 0.252346655938423 -0.332832238136408
0.109417511612708 0.309560151028527 0.00867127257880324 -0.485358987358077
0.225637484617061 0.179759932867358 -0.276621413867401 -0.352182841475729
0.235688817851721 0.0477103490176674 -0.34406203578411 -0.15210614226425
0.211783171175569 -0.0214475381258724 -0.290726814285435 -0.022164696824648
0.218660650679013 -0.00531423331527369 -0.216724932288934 0.0757751856981899
0.204985140146365 0.042414682326523 -0.160456970241914 0.129650140874076
0.19291813585541 0.139470928256447 -0.13727110522573 0.111041725271358
0.106156856842581 0.234023392088304 -0.048060832917328 0.0803574151701472
-0.0501786226647118 0.218755612070464 0.0523524909120824 0.240044790726204
-0.0812061915080179 0.093675051582818 -0.112270148191284 0.453176739102358
-0.0107047242996658 0.107098821342957 -0.43212508467386 0.387519102712679
0.0176113404533903 0.238634121168359 -0.183773596780129 0.179256368350044
0.03014744442737 0.227095198252094 0.0698023842871831 0.121223257398014
-0.0910509238430746 0.134325155313516 0.332335883762097 -0.12086771865292
-0.0984137386034172 0.258282929542316 0.22992985030523 -0.40019490390858
0.115133038168395 0.38437709056785 -0.00558181013804487 -0.457561705597098
0.288638656359805 0.241902024722467 -0.206387257984622 -0.301976288424168
0.308956042175295 0.0660935020058062 -0.235065191960443 -0.142168766431545
0.283066505592219 -0.035150813730703 -0.188807329441673 -0.0403103224945761
0.289359792118994 -0.0343112586946006 -0.127395524889639 0.0630644533544702
0.278255836071191 0.00965398062348913 -0.0557905178679086 0.144013679524504
0.291836476261524 0.125495265018065 -0.0458593879775989 0.177761372250319
0.215834220327416 0.279295963236029 -0.0121682498917875 0.180383122738631
0.00522388363399721 0.32540938804122 0.0312616353119875 0.281886217105693
-0.10327004518928 0.161568173158065 -0.0897887149326372 0.421612582333963
-0.0221612419633479 0.134051161280133 -0.350757175363403 0.362957723949287
0.0331239011547196 0.29041736765599 -0.140660013760028 0.0887293041267746
0.0540197111280644 0.251506892391854 0.117362053090886 0.0319922438594675
-0.0536527539971303 0.110288936330082 0.401054694761376 -0.217605002178519
-0.111561729353089 0.2079634754617 0.2171278788795 -0.466079503569891
0.0650997764422062 0.38410448386705 -0.0293364218903742 -0.413187437138214
0.281227090237971 0.280175586059127 -0.133123475340104 -0.22419910074798
0.32814525755866 0.0908157604500976 -0.109363116222837 -0.113950570794718
0.309862451881414 -0.032648291225698 -0.0649326611106845 -0.0533446926993012
0.31708665634685 -0.0575420798934924 -0.0203819603196245 0.0419966244691295
0.308556741185007 -0.0335607473471117 0.0665341281875812 0.135549402975314
0.347498229407582 0.070396913362336 0.0804631942413731 0.216947740685292
0.31241047687536 0.257654544072633 0.0697046292148784 0.274253936002307
0.100467680052643 0.382039823536788 0.0204910143878055 0.346669474744003
-0.0952502173095282 0.238516171127121 -0.108329190863192 0.390355415727741
-0.0486488945090104 0.15967068058209 -0.2872947136702 0.297200774495443
0.0338467064751598 0.29383261534486 -0.0948299880917401 -0.0114688261595649
0.0698996874297666 0.242856429256183 0.153316429527929 -0.0604144569117094
-0.00168577927772195 0.0825647358351467 0.466240137079712 -0.277848623186731
-0.0938948832081519 0.127850088805045 0.22214260080417 -0.513458449626358
0.0102642677703336 0.311858637876135 -0.0631834742589149 -0.369477872575415
0.224415193153844 0.266714041231902 -0.083519375051323 -0.127500668047369
0.291803329243711 0.0980653489665218 0.00609063151512123 -0.0641246541158457
0.288346764673563 -0.0265177418657319 0.0587606781903859 -0.0560404495265789
0.296633571855611 -0.0700706906609719 0.0869777003174771 0.0157811630558308
0.290521325315429 -0.0679125994267378 0.182539304804208 0.108013866084025
0.342335996987997 0.0122328351467994 0.209414023131213 0.219481088067261
0.343293546275802 0.198222975457386 0.16965849406378 0.330536250888263
0.168488848863226 0.368232386610405 0.0211735157062147 0.404411055935334
-0.0703241182985033 0.278602543519185 -0.150940510875796 0.360431350509121
-0.0722690992404224 0.173105602076252 -0.255446177057983 0.197435986922756
0.0206944452230333 0.258464955503105 -0.0470681788043368 -0.109445751616932
0.0683197834035688 0.192250265388802 0.175081219553343 -0.147448950315826
0.0340160627052403 0.0568550171124372 0.512183754580074 -0.300273382413179
-0.056684226882755 0.060111945408253 0.249396273765877 -0.531735704454935
-0.012752297749102 0.203520076126224 -0.0853963013941096 -0.336034486192078
0.153617201201535 0.199289776020481 -0.0557824980952297 -0.0417097661276622
0.218316404647878 0.074166799876611 0.0943767086630918 -0.0086272212703507
0.222883682515389 -0.0260032896074836 0.161958180219675 -0.0533251667846817
0.229915890973802 -0.071794127056065 0.179571975725571 -0.0112103528645766
0.229626496995527 -0.0795656737670335 0.275716657246114 0.0704062341193905
0.277163449165575 -0.0247503553598893 0.316860572376161 0.196578424225728
0.293227848088686 0.129712336386522 0.261660375546117 0.349184016225192
0.169413005776665 0.290785540402989 0.0324006937767871 0.439448646104569
-0.0472289281183443 0.245720451095719 -0.188080117073665 0.332951871133045
-0.0738844951654906 0.150398036274528 -0.236948651197792 0.0977639488807166
0.00796794687912972 0.191066318845104 -0.00243548419511496 -0.190406318901427
0.0526672454933723 0.095775878208437 0.184962194948938 -0.215941995374676
0.0352330916236027 0.015095548934737 0.53539305226881 -0.304058873212052
-0.0263678674465609 0.0168270660834921 0.274347181603785 -0.521386128376187
-0.00211994582252077 0.0976927662523643 -0.0932451425056273 -0.312168277932403
0.0943078334782426 0.0951436837941002 -0.0392452256576257 0.012795651023659
0.125115438778531 0.0187976508484369 0.150873441700525 0.0278430853352189
0.125023589619737 -0.0337048368698079 0.228696274526796 -0.0544346826780699
0.128048174447892 -0.0632974123318278 0.241960344694568 -0.0352355447279787
0.131594879341348 -0.0688903881667361 0.337204516967998 0.036252642422635
0.163923407277675 -0.0364987536058243 0.389695888103175 0.16968313381315
0.179773197747437 0.0590664715613942 0.329117365732138 0.348891189045204
0.105564556129015 0.163376428347479 0.0484570067955419 0.454743290329782
-0.0291560399831859 0.14122908090534 -0.205196890777547 0.312630691140051
-0.0437155321994823 0.0826744611203556 -0.222891955316595 0.0248969169953477
0.0056675095117275 0.0985224235839408 0.0310057106964461 -0.238717848055108
0.00282794181989864 0.00359766973192301 -0.0286636044820374 0.267312602251808
-0.010442563518634 -0.0181777237364283 0.218186317733093 0.0948117540612754
-0.026398207549124 -0.00491463939184077 0.244041719432439 -0.274428894158479
-0.0346232788899413 0.0196499344613062 -0.0212764209849879 -0.491406523301168
-0.0360786471974648 0.0354071831174056 -0.359245262450748 -0.365569698084342
-0.0130265253110469 0.0422727256443736 -0.446678740784613 -0.136480284860136
-0.00946637560749877 0.0433415962704215 -0.374652833632214 0.00691203267708606
0.000654396755065963 0.0455087420444987 -0.29133768961413 0.0765905713638692
-0.0143875059866754 0.047868244428527 -0.244255038481772 0.0851530399238988
-0.0343071458719425 0.0359176061170705 -0.183525925927997 0.0156087684620841
-0.0364704400403732 0.0169741537117504 -0.0281446305039043 -0.0159100528328852
-0.0259196569029672 0.00138797603974821 0.0707602264150171 0.233986108499757
-0.031954317346479 0.0205289063076791 -0.189960732794448 0.467538241247172
-0.048796425986243 -0.00329858834878335 -0.528689894855475 0.37767651807248
-0.0318640572717607 -0.00539893587946262 -0.233736524547651 0.296132914154836
0.00249114193257764 0.0942176909091856 -0.0138081364408334 0.248936212563113
-0.0613258103453842 0.0725533233861412 0.233472813156258 0.0640135863696636
-0.0433693266896887 0.136572794677675 0.242334305268929 -0.294870672837128
0.059758752087936 0.171707838595644 -0.0162898461093628 -0.491196518674546
0.109862830184814 0.101033190553155 -0.340319691597006 -0.357470666920853
0.11985081896684 0.0357852205768653 -0.419860909828008 -0.133085954954715
0.106312996133313 0.0038214588629301 -0.353054098699489 0.0051519469532678
0.11618181186361 0.0184266438625752 -0.270591163507136 0.0848210636357843
0.104688124291373 0.0515673789487075 -0.220744799734223 0.107063946804087
0.0826400577150581 0.102072053685797 -0.178756999261759 0.0515899209131028
0.0282344454766806 0.136365901201222 -0.0461805850066953 0.00860938355628256
-0.0468172926121354 0.109744425994652 0.0710373619613211 0.221550330004102
-0.0528565852873267 0.0575241272589253 -0.145575081320293 0.462898441685122
-0.027398791934568 0.0652723768981359 -0.486580318342497 0.393105923222175
-0.00641447589821887 0.132324766638356 -0.216789908202044 0.256717246967157
0.011289627798856 0.168821405527564 0.0245566736814543 0.194262830530182
-0.094148687909052 0.129933976065456 0.272326515431729 -0.0218913439036984
-0.0653942015679479 0.236950057551885 0.230136216160276 -0.344251772995188
0.122740208872875 0.300223520408211 -0.0170910540023542 -0.480728779091668
0.230434949856047 0.168001836518719 -0.290634274883382 -0.33385156540062
0.233629777845882 0.0384448910187751 -0.3458751809595 -0.133758518251764
0.207249164884705 -0.0277870303408264 -0.289082084716248 -0.0102899118069676
0.215566575872579 -0.0132485566592727 -0.211378339391894 0.0807169193045566
0.207178677295205 0.0360809763743586 -0.150819860337539 0.129636886663239
0.19970833780853 0.132525820592705 -0.128736148443644 0.112294232691359
0.118997746523047 0.229994110427286 -0.0430637824912825 0.0778319238959623
-0.0374044438643352 0.226445871632083 0.0620433528205347 0.231611267607863
-0.0803848836546049 0.104610312189038 -0.0941251093653077 0.447795509600627
-0.0167580542020352 0.109799097946345 -0.411996011669506 0.401412926208968
0.0194606034133193 0.23416666444443 -0.184103526289389 0.186989890624285
0.0309647708664882 0.219297385651141 0.0741169679705257 0.114060300344095
-0.0937455755808982 0.141036308924154 0.325907759722004 -0.134991131700228
-0.0896269141789675 0.263779802047843 0.205327781790274 -0.409295147422841
0.132177788632406 0.376033470631629 -0.0312770887202161 -0.453071872199384
0.295957574127518 0.226761390290531 -0.220763442650378 -0.286334506720022
0.308043290770983 0.0543804687899075 -0.239950182112958 -0.12913743977807
0.27664000055042 -0.0430357295652403 -0.190457245194588 -0.031925562358677
0.283741857466346 -0.0438379748240944 -0.12327075393703 0.0668643942437764
0.277578421345932 0.0010137504305988 -0.0469201215388498 0.138955888651401
0.296524444723654 0.115247629372183 -0.0337124928381116 0.175053482960357
0.228606749143749 0.270373679042403 -0.00048787927131274 0.175811573083207
0.0220214844437858 0.328912339840806 0.0458117006557485 0.274399618626953
-0.0995435449044829 0.174157613461398 -0.0710876514590669 0.418920757859171
-0.0294293482754801 0.138383757009165 -0.331270731835432 0.375838598673594
0.0344933355129542 0.283685320488914 -0.143182676810722 0.0966499020302675
0.0533597178232302 0.242646508911129 0.118883555555221 0.0248708953297827
-0.0603612858631215 0.116147121153053 0.390401414106849 -0.231791712384645
-0.107645574794583 0.217438879487666 0.191881984218599 -0.471357571485481
0.0824585732295924 0.381037688722541 -0.0511209150395213 -0.406561156293752
0.291867651217702 0.266233174208643 -0.146151816476368 -0.210620806771488
0.328114160442346 0.0799329645112758 -0.114693469358631 -0.105268672957106
0.30412883414788 -0.0402079708145323 -0.0687247554781054 -0.0488575135215222
0.310107531309828 -0.0675038147411833 -0.0182220485485365 0.0436084651965747
0.304518815438287 -0.0431825490811506 0.0739776563858212 0.127633189366232
0.348354673101095 0.0607929402981333 0.0942127283219242 0.208291373773089
0.320146063187373 0.243621343578574 0.0858699536622522 0.265594575437289
0.118324054934645 0.38022315293134 0.0412317062424724 0.34267461958895
-0.0882145975706795 0.248129375434388 -0.0880375603961478 0.391520753033173
-0.0537821454853578 0.164181136540989 -0.269189824569716 0.309369114689036
0.0345422075053805 0.285664061712766 -0.0994557335327975 -0.00325108442809533
0.0670306916036142 0.233697069813245 0.154700094665669 -0.0673667640209262
-0.010570820494157 0.0866918082280363 0.451649869536909 -0.294170424055959
-0.0941925661126626 0.139321911894154 0.195201453137524 -0.517162914685288
0.0258015275772873 0.31461273031494 -0.0810518087781751 -0.359154443848871
0.23665981683281 0.2565493558248 -0.0910474715349426 -0.116516286981828
0.294631503709247 0.0882416160432562 0.00168711628400227 -0.0596728758090267
0.283516650527454 -0.0343564105952342 0.0533375593743295 -0.0559402860957006
0.288909324198831 -0.079696062777891 0.0873562919618516 0.0156096069911093
0.286211822664428 -0.0760916180670905 0.187737804596772 0.0969564168736497
0.338613332671605 0.00137113852977021 0.220745675952792 0.205220677363554
0.345046426679796 0.182482079897832 0.18723449239618 0.317774699191239
0.183291526931534 0.358740302316419 0.0443578392850698 0.401561618659222
-0.0594326521032884 0.282287126483844 -0.131054798303062 0.366469299957661
-0.0737550298688054 0.177971441967639 -0.241301638677659 0.210639522559319
0.021271881597433 0.250985615863343 -0.0541486763316764 -0.100552373250458
0.0657488440816473 0.1855959159078 0.175595179072981 -0.15412466488433
0.0253240289340519 0.0591867983376054 0.496454390160839 -0.317563734519709
-0.0598432168162664 0.0693448486477581 0.223215516143755 -0.531591141441873
-0.00282146798223398 0.208901949973743 -0.100669542418783 -0.323172650147222
0.164107372548447 0.192869129691684 -0.057848009863661 -0.0322321877096439
0.220578964070411 0.0666214164111235 0.0921506218208789 -0.00892581816181012
0.219995935779789 -0.0324018940290786 0.155848212028505 -0.0560279401035439
0.223133618800578 -0.0793961692410204 0.178123824841635 -0.0133309275821129
0.222879776392256 -0.0867598427157564 0.278696672031917 0.0580295570987166
0.271667060052653 -0.033153637744934 0.325582182113588 0.17845436505031
0.293924286570517 0.115906405812167 0.277262244996247 0.332536343618987
0.179475751886633 0.279641002182771 0.0571780123136188 0.435822082362219
-0.0376354666186523 0.247081023059441 -0.166218609554626 0.341392274660844
-0.0728140974729833 0.153635653754373 -0.225468582171932 0.112840563523774
0.00866375416929814 0.184658538974655 -0.0123929159441783 -0.18108059968435
0.0495044073757067 0.0917632529614126 0.184977808940003 -0.22258531104442
0.0294024749138662 0.0161770454944811 0.518186453305913 -0.320790761865375
-0.0283785351936565 0.022434457808261 0.247508469901553 -0.524639654286489
0.00277579628944149 0.100312034957809 -0.10642292848002 -0.297267878926154
0.0996776907736433 0.0900261706660355 -0.0363584695905351 0.0210734446168444
0.125234650476952 0.015337851511163 0.150670245929125 0.0247183860640127
0.122393722469459 -0.0362832609477078 0.222036588595562 -0.05960388787188
0.123411249248245 -0.0666070366767361 0.239319585271544 -0.0387326253782528
0.127250458890299 -0.0728214286298095 0.337288549351686 0.0234769805513724
0.159541225805331 -0.041930254676506 0.395544127484102 0.150496106499252
0.178702301294271 0.0498615721807722 0.34176619577719 0.330408673409122
0.110991092178002 0.155137433068729 0.0720049141404715 0.450477971971466
-0.0229154147682278 0.140583519432749 -0.183809449948229 0.322227995722254
-0.0428437505315028 0.0832854689131535 -0.215400946778085 0.0411821073277833
0.00621467355326442 0.0929116399797797 0.0194562354325128 -0.22939544740536
0.00107203274822308 0.00085246815888244 -0.0718927884205957 0.251327905336287
-0.0107054809326022 -0.0163582987106932 0.20020867588068 0.121745334224593
-0.0231344489158369 -0.00334338645609473 0.278500142690638 -0.22988224175799
-0.0310641163008551 0.0177460152206389 0.0538058973668517 -0.480594600755573
-0.0334557248090466 0.0305771012380647 -0.293092088074462 -0.412450369041245
-0.0158683925277553 0.0395874899387859 -0.415869756610083 -0.208698489475077
-0.0149435576217178 0.0427295136756651 -0.369969416384543 -0.0619321446196172
-0.00512785278806896 0.0438899468416425 -0.296044524704962 0.0201118386052616
-0.0198247475717164 0.0442073159455562 -0.250368811755925 0.035070324171835
-0.0389510564230768 0.0300802766529834 -0.179564353802593 -0.0207705975341466
-0.0372756834498909 0.0100316794253697 -0.0272979644647116 -0.0243681190830462
-0.0234567186805852 -0.00236915616982208 0.026691288500144 0.235042461227099
-0.0330607973298241 0.0171460593434637 -0.267574395647414 0.421400413649538
-0.0452013152157382 -0.00752846108788579 -0.592893093132199 0.285492098330423
-0.0283170873101091 -0.0120869763643752 -0.303023430200266 0.253670195199091
-0.0171070172848936 0.0854495320553032 -0.0553777967849086 0.238487160238769
-0.0739750710679358 0.0635704138537607 0.218106339941256 0.0921594302178859
-0.0623819626818676 0.129762367237694 0.275668918943261 -0.249633738443398
0.0339571991512753 0.17564863191313 0.0562391508953918 -0.478785566860188
0.0950071819350644 0.117529574235798 -0.278848451540462 -0.401435678921908
0.11244681948707 0.0563246152562566 -0.390975796892146 -0.197956931375174
0.102766692883725 0.024331746859788 -0.347958101776872 -0.0583654269910697
0.112367088022416 0.0380187002505577 -0.277588698389966 0.0312780227534223
0.094850953542965 0.0694552074443321 -0.231355008477054 0.061897969358941
0.0643458803407654 0.115620270304376 -0.178919514328768 0.0160067245148693
0.00564825711868708 0.139920465310409 -0.0464649140972078 0.000519546350825371
-0.0622723687769423 0.101045506072171 0.0280694811351098 0.227422156308829
-0.0642182817672894 0.0531640014798872 -0.224704187070061 0.427135762727255
-0.0429931206476023 0.0648003330143262 -0.553768549865195 0.306354747130099
-0.0338204826816348 0.125916286057847 -0.277486116671025 0.218243514414844
-0.0244628825254324 0.157527317131318 -0.00918948633392818 0.192787094592078
-0.116593335535411 0.115955539945819 0.267437934195599 0.0139799923172754
-0.0997739944458906 0.223743131027149 0.268216702243746 -0.301059494843111
0.0742217566112311 0.307059130423005 0.0506002180046457 -0.467396692022567
0.198898854019509 0.201489715952032 -0.236136191016518 -0.371073706670172
0.220806562289479 0.0790332462694053 -0.321501795874578 -0.18498486806609
0.204167088270771 0.0108654866658661 -0.282467436824266 -0.0607440666275409
0.213946654429191 0.0256680865407031 -0.219758434480271 0.038564837005967
0.197571617003575 0.0738516785710468 -0.166126727721418 0.0964898660070877
0.173394168760832 0.166587152546583 -0.138914260660038 0.0862154738171237
0.076982175556808 0.247973822631115 -0.0499763969142578 0.0719713033737649
-0.0740568924220553 0.217136583110283 0.0200607826933853 0.240891208474098
-0.101656023452251 0.0969246109335451 -0.172283901000889 0.424799287955983
-0.0459603405440363 0.111281344090165 -0.481306580636874 0.328439113940377
-0.0323396146459462 0.2295031417743 -0.230068243213313 0.15488204725843
-0.0168290605658297 0.209720057345692 0.0530399707711543 0.124200015916808
-0.120424032672306 0.128678620486973 0.336657862584082 -0.0864767977623777
-0.128668646211017 0.248395423263684 0.254203338475636 -0.368240633540401
0.0697661426222532 0.381709214512068 0.0320453419316701 -0.442869624118342
0.252044106547733 0.268763774259888 -0.177753699990962 -0.314861937575405
0.289316850320845 0.107384596721172 -0.220284442575444 -0.159659575310721
0.274354779345078 0.00759606889049836 -0.181655125744482 -0.0625065190447099
0.285583219777222 0.00735043449669499 -0.131071649477787 0.0416454041783037
0.271463138651692 0.0536942649405637 -0.0657244134301805 0.124873417991084
0.268967341902497 0.166550650688265 -0.0550973969929498 0.162681820880604
0.176186334471529 0.306747619432078 -0.0207111578293094 0.176149595111237
-0.0359720625709117 0.326878042434401 -0.000846035047692868 0.286134277835868
-0.135211475525431 0.161080056714742 -0.146342339144898 0.405879964252039
-0.0654207779748236 0.13661347348591 -0.395789095622071 0.31839380900212
-0.0289494721962473 0.279312415779074 -0.169897509534774 0.0729419418134595
-0.00154796464381607 0.237022128045412 0.114162662563294 0.0455249869895674
-0.0875767759411974 0.113292500671627 0.416327559820548 -0.166877493231974
-0.140239755824845 0.204565960411469 0.254476975438102 -0.430673292708872
0.0217358881200045 0.380787889209453 0.00332226639283874 -0.401783495621903
0.24109295006987 0.307418476035924 -0.11756158112627 -0.228526119032526
0.304613929512569 0.1347268253957 -0.10254709427214 -0.114966151870726
0.300306702926038 0.0140926280799358 -0.0594220983414725 -0.0564684842790078
0.314703020712906 -0.0113450556731169 -0.024870770005293 0.0404617166037384
0.304280163307553 0.0152129195094661 0.0541435044153039 0.135787122180935
0.327250577534876 0.122073167904846 0.0641821173999391 0.218253270143717
0.267916643454867 0.296982755532159 0.0516963038559952 0.278672528959327
0.0465938948842946 0.390742416492617 -0.0131082843077012 0.353158725976636
-0.137474710408005 0.235088133704717 -0.155301754633614 0.379654575059121
-0.0938925632431301 0.157072836399492 -0.322922999061227 0.264071250437625
-0.0299075488813108 0.282304260211825 -0.104151060879063 -0.0175598112005247
0.0138246810927454 0.232945856549711 0.165673961813541 -0.0381354912211243
-0.036771007191744 0.0942083336446224 0.48725024796894 -0.21500628934161
-0.115306948296974 0.132863742225545 0.268516745240675 -0.468776792762752
-0.0207747552637635 0.309857479697049 -0.0305647641403779 -0.360062329555539
0.188862159884947 0.288101713313594 -0.0769176872911699 -0.127123668449749
0.270143497171947 0.137422342382246 0.00432387464301577 -0.0512143779694787
0.280699134126906 0.0171671536547697 0.0612316826562164 -0.0411236994005763
0.296462632663606 -0.0263179892856912 0.0824265056029403 0.0335285298328671
0.290102086761585 -0.0211792606384799 0.169969179611428 0.127328733832145
0.326557279803145 0.0625816339110714 0.18708611760937 0.237358949104821
0.301588884683636 0.240001126177677 0.143063561107998 0.344274019172979
0.11302977870825 0.380690149029425 -0.0163116386071508 0.410806052430115
-0.116028134548529 0.271142358296589 -0.188609828532772 0.351894472044641
-0.113841192269935 0.164091961961536 -0.276755495019402 0.173275514788698
-0.0350354889769466 0.243999435794856 -0.0388135170206481 -0.105077202333116
0.022162434984767 0.189052078632772 0.20385752390233 -0.120527569460714
0.00432679806998919 0.073129370540182 0.534770861556752 -0.230224437912696
-0.0701920632457413 0.0723005679273024 0.299806991848977 -0.475743801394752
-0.030810446643156 0.205044363938363 -0.0515464795702435 -0.325516030110027
0.128855067824983 0.213858976744492 -0.0550433338933718 -0.0381648259393694
0.202084256885573 0.103970573775888 0.0868062129523904 0.0136051503676865
0.218823922265041 0.00739179275176276 0.162094410343413 -0.0230615849344759
0.231736126613974 -0.0373692788925216 0.176048239482699 0.0225351295684633
0.230555767034558 -0.0421354599543947 0.264152116985081 0.106424156203846
0.267597041565528 0.0169841762650487 0.291278669127781 0.230189009651924
0.262479262218398 0.164404797587267 0.225482328213971 0.372879959135877
0.12303042020044 0.300682969885846 -0.00953953155303093 0.445334753359312
-0.0861838876809819 0.238693896262795 -0.217111852746035 0.320617498189915
-0.104873272149818 0.13916765460226 -0.243769920404397 0.0801151262018846
-0.0322967617598166 0.177889731267034 0.0200654859921488 -0.176551809745686
0.0264506236600966 0.0990161717103265 0.226600621467775 -0.187291648139656
0.0191805874446138 0.0315522421760611 0.558620230841776 -0.232282178087604
-0.0299280406127532 0.0290065345039016 0.3242075626603 -0.46126677190408
-0.00921571330482965 0.100904179406124 -0.0583149986501765 -0.298982858156895
0.0827983868066303 0.102876162703314 -0.0401560478534828 0.0188373033904039
0.117483596800709 0.0368117776285406 0.141249877781891 0.0548093230719161
0.124140321029439 -0.0146130311334782 0.227511513861322 -0.0140504411173513
0.132210847328788 -0.0438551004088308 0.240023394811773 0.00907328059516563
0.13511440902148 -0.0469829506149343 0.326333402971202 0.083697886299199
0.160469277129417 -0.0125210164233136 0.360447071454822 0.214422773467108
0.162837729088889 0.0791073307227324 0.282880412304119 0.379615519775864
0.08096611086657 0.168596174775269 0.000356060405830161 0.458291379970775
-0.0501596772338409 0.135919756069452 -0.230881231863023 0.295303824576788
-0.0600433366058502 0.0748308310704407 -0.220336621729824 0.01054000226796
-0.0147933369560839 0.0888274227232296 0.0623195178217569 -0.218287329869289
0.00224324874906998 -0.000424229431778085 -0.0622548624911362 0.244148522149334
-0.0110806635113249 -0.0159049071820398 0.202019671794994 0.105290276166974
-0.022075597585505 -0.00191032143048145 0.259042283252471 -0.240637457127506
-0.0294127819637702 0.0185477877462973 0.0292176064091029 -0.472535738733278
-0.0311718143579607 0.031588712505231 -0.305297452882371 -0.388753867706249
-0.013386518686452 0.0384562372775765 -0.416041577052859 -0.185089057316017
-0.0115580478116784 0.0425847389306434 -0.364710524888273 -0.0448805601273975
-0.00285921790332544 0.0413104224871775 -0.290176984309967 0.0276427124012192
-0.0149683802388693 0.0428886770537683 -0.241896030408995 0.039989670126048
-0.0361266883788788 0.0318539109581209 -0.176389104051222 -0.0165782099110189
-0.0354208582059292 0.0124116051786574 -0.0300490138527732 -0.0271383578266705
-0.0229926791687226 -0.00130999030726063 0.036490176382483 0.220686167939101
-0.0304840136036363 0.01847312650256 -0.24431308158204 0.415590709806723
-0.0430709300312104 -0.0063723443258275 -0.569525852450657 0.304370029120741
-0.0262599306606683 -0.0120308863430647 -0.295489261522454 0.261628061962982
-0.0150674293322498 0.082318701728864 -0.0464556379565501 0.231226529530199
-0.0714677947416079 0.0670121571163383 0.218045293729657 0.0757570561082786
-0.0545855110664016 0.130807048043077 0.254931134759907 -0.259736710613467
0.0422485804144358 0.169408069594229 0.0299452333919367 -0.470209805142762
0.0978940479783312 0.110353109303258 -0.291395323445859 -0.377277178176352
0.112550429705916 0.0500915560392162 -0.39145572062534 -0.175693977160959
0.102283516795354 0.0210834723887033 -0.343093064994641 -0.0432292873399935
0.112241916908664 0.0320210666830966 -0.271461239674557 0.0379763733521364
0.098773473155051 0.0643846967282827 -0.221781582828032 0.0643113824078477
0.0709055033090817 0.111677001939597 -0.173500796021703 0.0197957371723514
0.014765480048257 0.138361536640587 -0.0469020565170711 -0.000976112466472456
-0.0543790910493514 0.105724420450707 0.0365402221172229 0.214864307333788
-0.0614493755920289 0.0595985669761587 -0.202837100655875 0.419740628204473
-0.0440112508472552 0.0672412730837031 -0.529369862806247 0.324353572254483
-0.0317602016565803 0.124175941990517 -0.272318549200435 0.227559251007034
-0.0224162416913234 0.152287132023742 -0.0020779935077171 0.185524598452317
-0.113820563120846 0.121702529733548 0.262526848468191 -0.00181134148032814
-0.0887917395157146 0.224975864748138 0.242924693469419 -0.309363363499281
0.0869412426678305 0.296520163053373 0.0260704043724436 -0.460223419124235
0.203029567627847 0.188184022586752 -0.249166828009645 -0.349518737804914
0.218996350973651 0.0685412792605777 -0.324282333058268 -0.164870589841573
0.200853919270872 0.00460118591008593 -0.280615398045935 -0.0483897208248029
0.210828842538086 0.0164601553607817 -0.213670898216741 0.045262789663705
0.199986369476014 0.0655507463608938 -0.156279399094741 0.095845285902027
0.179751132473656 0.157134676615601 -0.129901610946371 0.0865543889383868
0.0904838682223238 0.241859839997382 -0.0456709261285781 0.0697955436074795
-0.0596296589915732 0.221808074723098 0.0300961935308909 0.231736932761452
-0.09858396440831 0.107385051510902 -0.151959189140601 0.417279776817783
-0.0490280658909503 0.115605384492387 -0.456691353828516 0.341453289441453
-0.0298283872478716 0.224395323150438 -0.227830266838505 0.165181518500919
-0.0152112442360624 0.203083163877695 0.0572160439789966 0.116968857178677
-0.120032560458965 0.136226403685316 0.326935456442949 -0.10183383952753
-0.11764116437264 0.252132031623629 0.226751553424417 -0.374119625518644
0.0869157130774168 0.371873485822578 0.00738757188918498 -0.434310057672711
0.258527732918831 0.253065011970594 -0.189728159949012 -0.295666424141124
0.287445152669942 0.0945497639339166 -0.223696091946554 -0.14482471255871
0.268662275876924 -0.000581555540588445 -0.182924211889063 -0.0536915416519779
0.279969615695485 -0.00314833417970557 -0.126402198005755 0.0459276014520441
0.270598102496615 0.0428800883916571 -0.0564945634382569 0.12063793990247
0.2738585780769 0.153999244090461 -0.0429948391595388 0.159032025138507
0.188514791016023 0.293671062495241 -0.0105049170654586 0.17062541141962
-0.0165719311342249 0.328246166253996 0.0149702058814274 0.277956670209152
-0.12822283280177 0.172215159122577 -0.125381418972703 0.401204368060989
-0.0692453834612835 0.141953122728574 -0.372918407078111 0.329389359411298
-0.0272657294087813 0.273534466195306 -0.170475200819626 0.0824633130650721
-0.00161121731439438 0.229559792865404 0.115909482295631 0.0388202406961301
-0.0910970850074453 0.120612448979024 0.403652389085098 -0.182553956430912
-0.1322138648837 0.213003897895823 0.226264041676869 -0.431170110330656
0.0397544776990287 0.37528650460943 -0.0174156072869401 -0.389367984735999
0.250629027726876 0.291167093594981 -0.127126441574545 -0.212972026743689
0.305266155384593 0.12154887933842 -0.106753850789728 -0.105112007230787
0.295993763470545 0.00458564607262319 -0.0637423686578138 -0.0521449949592952
0.306650949436526 -0.0217668872531701 -0.0218321741255097 0.0422310025381454
0.299949499795766 0.00376212782054063 0.0609014437065202 0.126835757527024
0.326685688122072 0.108021657371877 0.0759658093251066 0.207518678291163
0.275886020337438 0.280712114195719 0.0666918883291773 0.266850675407534
0.0660500201104403 0.384730308154485 0.00702992231132719 0.345367157597438
-0.126838479320937 0.243791679538384 -0.132891528050273 0.379726406749962
-0.0961998653502387 0.162705449908286 -0.301590706194212 0.273305096359272
-0.0281900540653997 0.274879519529583 -0.108155402950038 -0.00761029658053634
0.0123776481689571 0.22566061761173 0.165781383789074 -0.0451707902391012
-0.0424826899764245 0.100690112625266 0.470204976853335 -0.230966921529744
-0.112093665536318 0.142925194532434 0.239607693514217 -0.468911962516155
-0.00416370325148764 0.309725303120678 -0.0481222050365624 -0.347372360447079
0.201099069762604 0.276004782836425 -0.0829580916351842 -0.114418128796022
0.271937746247659 0.126044622615005 0.00140986414781823 -0.0465243693511213
0.27684166867653 0.0081311218009986 0.055273531413782 -0.0412653969603015
0.288138626899711 -0.0366009392452574 0.0834186783606303 0.0325870192734875
0.283000029327781 -0.0304244590669376 0.173775501610494 0.115509839518055
0.322179458190902 0.0501849960433533 0.197047473779441 0.221452528816776
0.305771842106115 0.223245333439992 0.15905367701863 0.328362263353516
0.128836533413567 0.368657377481932 0.00941128648865025 0.404175067386008
-0.102953804118931 0.275144839487919 -0.163089607602921 0.356234813332846
-0.113096325936376 0.169694896465938 -0.25812885103124 0.184939186038829
-0.0332508620453706 0.237433529861596 -0.046226093248583 -0.0949025579845083
0.0202165303651493 0.183162230983555 0.202181238286435 -0.12717485049113
-0.00195298873942615 0.077789297256402 0.516256698684011 -0.247737250794166
-0.0695244458809673 0.0819948225768318 0.271297082974183 -0.474341987046791
-0.020095831958627 0.20754492660018 -0.0653839989052157 -0.310384777079569
0.138756360195827 0.204875353181355 -0.0557326516276264 -0.0282391285267091
0.204368140455105 0.0948873000345614 0.0853801942966295 0.0132725884052212
0.215397692010328 0.000867921903263829 0.155895052444178 -0.0270182506731204
0.224270242122099 -0.0453066624201055 0.175358887896289 0.0188616239955133
0.223567019677236 -0.0501775894537504 0.265871386942944 0.0922696368747704
0.261605604025192 0.00754455178769498 0.297301996449575 0.210793806801485
0.262545006545775 0.149592273520486 0.240112097326175 0.352747021774906
0.134127716058718 0.288421222614352 0.0140456315857996 0.43661552450921
-0.0745484118278806 0.238330259442779 -0.193334100630726 0.326568246775266
-0.102329307619655 0.142532477302402 -0.230098774106406 0.0937320605847583
-0.0310632330338771 0.171597504314811 0.0101932123354704 -0.167037533705782
0.0242986003439338 0.09637597994401 0.223694761287875 -0.194325246837554
0.0148801858570686 0.033543084458783 0.539041623965677 -0.252174329923357
-0.0302272425120143 0.0354380815206722 0.296596474897944 -0.460500265849205
-0.00304068582759391 0.10201145431806 -0.0688182563922254 -0.282701943770017
0.0873202923606412 0.097552507720887 -0.0366395651942427 0.0265258188149252
0.117311933936058 0.0327198388760029 0.140521582002786 0.0510533251494088
0.122619345087323 -0.0177537830650165 0.220295480290235 -0.0201781336494329
0.127193175658302 -0.0481212739954397 0.238351039104956 0.00394066769483092
0.129297083589309 -0.0511445900725273 0.326101549968821 0.0691340433065754
0.156416656773441 -0.0182056745264002 0.363625690649035 0.191160046089323
0.161478582934892 0.0704027372007759 0.295313738907077 0.356410461353419
0.0857901244595842 0.160005782351312 0.0243072676110058 0.448127148145883
-0.0435324589445099 0.135079890673062 -0.206431248026028 0.303135534458741
-0.0580224203816005 0.0758250257910376 -0.211142085613219 0.0260144486823301
-0.0146900163808758 0.084158733231384 0.0502353841251515 -0.208972867641287
0.00265760000973767 -0.00135638755989431 -0.0562053962345216 0.236463503970681
-0.0109669951799941 -0.0158912857582666 0.200211750237684 0.0913805440993059
-0.0208904273189151 -0.00101933528026655 0.241181195249225 -0.245042426195195
-0.0272047197056029 0.0186289703471074 0.00980915521467055 -0.461335146719186
-0.0287845674380945 0.0314978575483397 -0.31196687065398 -0.369214471659808
-0.0109207858782771 0.0371049712216453 -0.412823468138967 -0.164894004477969
-0.00873281262721626 0.0419285370226388 -0.356266875634263 -0.0343244993719006
-0.00127593055958815 0.0394685808439594 -0.285075621845642 0.0323151015060494
-0.0120425175846929 0.0422849832877908 -0.235548849272809 0.0403299730086606
-0.0333014137357985 0.0330420209945802 -0.172478488639932 -0.0151588460417137
-0.0326712185918492 0.0134856962216719 -0.0331524693210405 -0.0295763024005991
-0.0223184551617091 -0.000149679831058963 0.0415429343145132 0.207294151101452
-0.0278257005753042 0.0192342196063367 -0.228368604717985 0.40579504481826
-0.0407294639263159 -0.00573669576648008 -0.545269741118559 0.313868562219888
-0.0250070474556977 -0.0119304209574134 -0.289758526421948 0.26617587520013
-0.0150128235859633 0.0786070225116582 -0.0404643462578838 0.22286793217157
-0.0686997369343102 0.0691552791100991 0.215095278918982 0.0630378731587865
-0.0486012189600737 0.129757821747604 0.234960130580074 -0.262795020191898
0.047039955423232 0.162449116383683 0.0125567989154961 -0.458658442499916
0.0986513388467365 0.104951513749913 -0.29680014222113 -0.356506027969763
0.111236074069965 0.0456793349938654 -0.387618266492772 -0.157209504329823
0.10109559272974 0.0185386540521309 -0.337101169247834 -0.0320933508066458
0.110149821072714 0.0277491013307656 -0.265340883804104 0.0432006025485882
0.100883313066507 0.0594898387949619 -0.214584097402101 0.064362652534266
0.0754615367843026 0.107670657953949 -0.168248217428548 0.021244720110665
0.0219616761599829 0.135799183507551 -0.0478172273440005 -0.00271017234765699
-0.047309107114977 0.108956561548217 0.0417295778997374 0.202899770926983
-0.0588501716937446 0.0649055288287683 -0.188121405835851 0.409537695201619
-0.0445755210219758 0.0698272775309943 -0.50665617348609 0.331747645516897
-0.0312426338675005 0.121690079671752 -0.268116389252691 0.232815624138821
-0.0226004947050891 0.147310595005515 0.00137133446400995 0.177832081192787
-0.110517542613523 0.126468566355955 0.257229201373281 -0.0134318305451442
-0.0795256042553606 0.223401184035089 0.222356823181535 -0.309504294587587
0.0954949702984416 0.284832753446027 0.00651147226409104 -0.44740085048454
0.203573195961124 0.177066836923431 -0.254661070665749 -0.329496531823724
0.215552783631297 0.0610275162572268 -0.321885447592164 -0.14928872341274
0.196815006316098 0.000298231498387481 -0.277226835059058 -0.0391124153163991
0.20711457952052 0.0109600965060685 -0.208370937096769 0.0485354506769536
0.199632447811399 0.0579314505018247 -0.149358695059844 0.0933639455607173
0.184404428643535 0.150041704687957 -0.12264725207354 0.0848420799650514
0.101455708591853 0.235518271064115 -0.0428720261747796 0.0666917245409996
-0.0469577078218848 0.22441991193361 0.0367611013383017 0.221877704719814
-0.0942136046807119 0.1157278215258 -0.136829255523026 0.407378985978085
-0.0520907903974835 0.119147090973901 -0.43513593632286 0.346439627423769
-0.0301001784530202 0.220512498624874 -0.225883777770967 0.171678078665838
-0.0164376699854291 0.196436898534914 0.0590671079556036 0.110418636791765
-0.118931186776728 0.142664105705892 0.317288019282212 -0.111771417332189
-0.108347118686942 0.253514544022643 0.206093206646012 -0.37151959836053
0.0977126935709412 0.361024339628756 -0.00972200891869495 -0.420245775002455
0.261633195548123 0.240313693033331 -0.196594977040737 -0.277278385982228
0.284028361502629 0.0858764854326916 -0.22323774147118 -0.131786131914068
0.263244972675316 -0.00577929259789193 -0.182435118041917 -0.0465466853793779
0.272704592619473 -0.00923039651090922 -0.12219586927695 0.0490961683729112
0.267667510488165 0.0342806852764753 -0.050346902722909 0.11458482902082
0.275645025317491 0.143864550689782 -0.0347273267164791 0.153526558114115
0.197689337230712 0.284472330680353 -0.00265339112837059 0.164119128013954
-0.00212663394829295 0.326463319779869 0.0260207336478625 0.268299999252246
-0.121305182453901 0.181312860522153 -0.110833412081494 0.393908275463933
-0.072987721735926 0.147649939540297 -0.35264325962377 0.331257486350065
-0.0286895807555297 0.267651269578191 -0.170584520326985 0.0900254128514905
-0.00466532101132592 0.222442358556019 0.116021044618538 0.0333992684159394
-0.0938450405254509 0.127360305158005 0.390847483976937 -0.190817743713612
-0.125166130748369 0.217412273074431 0.203261322901133 -0.427980845209428
0.0522174312696384 0.368383133543506 -0.0325359346121511 -0.378022326675117
0.255617535197052 0.277351802574172 -0.132840506344867 -0.197999117100742
0.303319873780589 0.112076801382126 -0.108148077447152 -0.0958149993821824
0.289797837313293 -0.0016822477040058 -0.0666528497250815 -0.0478077990461877
0.299208899511652 -0.0282096943603945 -0.0190217488317683 0.0430170029739688
0.294241941601534 -0.00359798088345278 0.0654201175241321 0.118772015434876
0.324469547617718 0.0979863354791587 0.0844244597359702 0.197603150218289
0.280176759479099 0.267484980973745 0.0772241596909316 0.255518615241492
0.0808043598248059 0.376498292814265 0.0217412472448155 0.335928191282991
-0.117214453464436 0.248054134352492 -0.114657043608683 0.375691805204735
-0.0981269424990094 0.168469197103433 -0.284459854605355 0.277226115347701
-0.0301687463209414 0.268450681342022 -0.110536865451642 0.000847736375428602
0.00837304806223081 0.219446045171542 0.165263165865746 -0.0508017236349929
-0.0476236193130729 0.108008927486828 0.454453227566559 -0.240234221551914
-0.107896703928511 0.151702455012564 0.218264276484995 -0.461960644867155
0.00779217894345065 0.307265475348918 -0.0594638094688089 -0.332728410852604
0.207416081696313 0.263273698603231 -0.085574416649178 -0.102672117426942
0.27184223093449 0.116832248391858 -0.00119063157876318 -0.0408879289731061
0.271960470265803 0.00247293368137952 0.0499696230949005 -0.0405286257062655
0.279872464113481 -0.0419123577863105 0.0848154896605688 0.0314637716052727
0.276262889873405 -0.037032078367896 0.175482995750323 0.105120831064333
0.317583587757961 0.0417487615604345 0.202578253931719 0.207016580015763
0.30558272742908 0.209887010677063 0.168690346253877 0.313377590671628
0.138749971853474 0.356256059588765 0.0254880007286847 0.393099184281429
-0.0925814641883586 0.276246431384749 -0.145412317255493 0.352650059570267
-0.112649623857564 0.174364327615407 -0.242976756181216 0.191899173197994
-0.0352315267353641 0.23135123316246 -0.0505241707177736 -0.0852022587900341
0.0164760908394575 0.178333664613958 0.200661500676455 -0.132184475198808
-0.0074591759164364 0.0832034463040509 0.498956226618055 -0.256557986036238
-0.0679733583700612 0.0899832753668142 0.248926177006953 -0.466506569242199
-0.0100505623002381 0.207720757342624 -0.072404980043394 -0.294218378743408
0.144326474735453 0.197213968660611 -0.0549459821252112 -0.019779659500172
0.204404761985564 0.0892324568170392 0.0837348154566522 0.0143530361033589
0.212734769718905 -0.00316212026356135 0.148307004033927 -0.0286758067602134
0.21782599898033 -0.0487425780999644 0.174306417202774 0.0167719566642135
0.216678588932198 -0.0545521420413431 0.264664034363787 0.0810446847312124
0.255518822841805 0.00069767726292346 0.299176153851181 0.193503596597523
0.260543839989588 0.13853907938871 0.247939112638202 0.33447514805578
0.140505206369223 0.2761254573946 0.0338867132002585 0.424330044878401
-0.0650421446116555 0.23610767262614 -0.172735825295882 0.325972808688592
-0.0999369177343401 0.14458959922169 -0.217233990514314 0.103489587134344
-0.0330766852391253 0.166383629532905 0.00447647333069101 -0.156066679929026
0.0220268240251133 0.0935217407611972 0.221907230097654 -0.19916953666704
0.0115925416975529 0.0368981943573588 0.518953770730199 -0.263574490295967
-0.0287349492673355 0.0403019760183791 0.2728900054018 -0.45210512672998
0.00143473941734968 0.102409167279837 -0.0739416771749379 -0.266043408209789
0.0889938516853124 0.092866732457233 -0.0323814064969253 0.0319907918204959
0.116578826801928 0.0296229974304597 0.139158922427665 0.0487570279074978
0.120282815754736 -0.01904530600296 0.212674578544595 -0.0229070917380967
0.122676705762173 -0.0495709444727846 0.236013360237295 0.00044854130340751
0.124798500586865 -0.053417249867877 0.322821337065162 0.056833521167084
0.151744832535729 -0.0218584261951591 0.36290014595339 0.174175423062295
0.15962129803621 0.0633403829982808 0.301930137784561 0.336340141008308
0.0878123398896992 0.152889502294902 0.0446923400282942 0.435894066470905
-0.0380244187077237 0.133140373743604 -0.185693326783569 0.303099111625577
-0.0568163265901709 0.0763532246035126 -0.201215289146105 0.0366787327602436
-0.0170765515029189 0.0802553014163389 0.0429732539104716 -0.198306443553377
0.00234286595202864 -0.0024356534448207 -0.0544919301093576 0.230213807911496
-0.0114152055545557 -0.0158947975870891 0.199021960560204 0.0812211148315819
-0.0201014962923832 -0.000195623310272854 0.228802193995985 -0.247986566597765
-0.0262906248172978 0.0186684077668219 -0.000158160316173503 -0.452538329777853
-0.0277874934061171 0.0319202441899203 -0.312891255772631 -0.35466105854643
-0.0101208981109496 0.0353585834817506 -0.408982286886592 -0.152894707177386
-0.00667806894311884 0.0407280371917091 -0.352094740684624 -0.0281863592850653
-0.000936135864774566 0.0381668286167227 -0.282104015681409 0.0338592769625945
-0.00976419003376794 0.0407088518445404 -0.231676072882993 0.0381424289550515
-0.0315590084990985 0.0332884123137183 -0.17113170815003 -0.015803684877235
-0.0306566765499348 0.0137039558801445 -0.0353645314852942 -0.0317220710482545
-0.0215244460220797 0.000912757063217331 0.042109058675586 0.196134564548659
-0.0257984658702874 0.0196499629358909 -0.220417226197241 0.396134441748316
-0.0394609465098816 -0.00642554413703467 -0.531891845164767 0.318883356781761
-0.0235474198182077 -0.0124872238262669 -0.289349346855245 0.270304171924223
-0.0162915720822492 0.076090309165463 -0.039438571063664 0.216591352074292
-0.0671126128863466 0.0709058921107658 0.213167797641187 0.0531195330161742
-0.0449594373764206 0.127696056769802 0.222167137822358 -0.264918467375178
0.0495284544213342 0.157679549067916 0.00261043411750424 -0.450562983919219
0.0985967886634676 0.101055558543529 -0.298137747185983 -0.344085029061177
0.109808911298789 0.0429295239779339 -0.384449904982363 -0.146311276884058
0.101002154113516 0.0174284760575805 -0.333337355862959 -0.0264342687257129
0.110029173958901 0.0258330101229689 -0.263164373010803 0.044614599809829
0.102420143689801 0.056652724975588 -0.210403335277931 0.0617766105624812
0.0791543878784241 0.105066288716527 -0.165641516501519 0.0200844042226177
0.0276431015977469 0.134469583356518 -0.0490844578766624 -0.00460376303926629
-0.0421993112140571 0.111157800878477 0.0431041348982634 0.193169384271851
-0.0559380690367994 0.0687763598631652 -0.181733702495322 0.397052905343234
-0.0461342114769485 0.072301670737249 -0.49301859151764 0.334481937628694
-0.0319916940946903 0.119971377331043 -0.269343223563382 0.239664445703498
-0.0253836050987448 0.143469430595825 0.00287541315265403 0.171991525596092
-0.109282030168062 0.129650517299435 0.253062958811673 -0.0217923534622865
-0.0742125106167344 0.221356346480307 0.207398966889723 -0.308802769506858
0.0999173473175202 0.277814047505324 -0.00360040763496278 -0.439673755439998
0.203650989966274 0.169838552171257 -0.257439055081445 -0.317695413423247
0.213231037269941 0.057296292830256 -0.318351801041965 -0.138492614720695
0.194609510997702 -0.000916719184730756 -0.275554983296097 -0.0336614786247595
0.20490784661339 0.00799795376191521 -0.205997300781616 0.0503240628715837
0.200443830319884 0.0540154617736633 -0.145337978539169 0.0894075832409662
0.188038192062871 0.144949041321656 -0.118442808666613 0.0826514693316748
0.109127360033618 0.231297261165912 -0.041132166304449 0.0636053249711133
-0.037103432244088 0.226473499720609 0.040051230250584 0.213672033456985
-0.0902480144674154 0.123352665629767 -0.130718999677735 0.39836599388455
-0.0560551719203275 0.124329604885573 -0.422965661367936 0.346507418937962
-0.0332242624898198 0.217875229526487 -0.227162122226335 0.177775146424571
-0.0211717189504307 0.192355541211674 0.0594723872327968 0.105802026113573
-0.11958306004857 0.147959235079465 0.31123190954209 -0.117867250510295
-0.102501900868094 0.253992074950669 0.191066241743812 -0.368449737988944
0.103841505211708 0.353338109691387 -0.0197227789155487 -0.412844718428404
0.261565601729717 0.231133824627776 -0.199193212702162 -0.265396353608525
0.282135445152495 0.0813263423217858 -0.22219076923081 -0.122349968315114
0.261011742508076 -0.00775334003626624 -0.183327480300591 -0.041721273971185
0.26955234679322 -0.011681754237297 -0.120137728856234 0.0496470999794661
0.266451326677104 0.0297997058503098 -0.0469816645266767 0.109575018026878
0.277350104876701 0.138404724016876 -0.029213840368976 0.147653100350348
0.205731567801259 0.277989798457922 0.00188799889227286 0.158072845927978
0.00961122321227425 0.326167903525614 0.0322997946518094 0.261979082098712
-0.116199661498408 0.188804328815842 -0.102012821915026 0.386740910807732
-0.0779765234154427 0.15398232352749 -0.342285585229225 0.331604069410564
-0.0324248030865646 0.265479053550037 -0.172708960560698 0.0967652120061741
-0.0101961193228366 0.217631559361956 0.116390345947472 0.0290026579765043
-0.0969777482735844 0.13610526676988 0.38207017555898 -0.195948811066939
-0.121009775899241 0.222556307902722 0.187919281495053 -0.422642305350861
0.0609735665225433 0.36341787567881 -0.0406769199330139 -0.368564873730796
0.257796950881822 0.269086467601691 -0.135785303334806 -0.186838130710843
0.301624148738355 0.107412565453328 -0.108061941393464 -0.0890758142621296
0.287218436330302 -0.00306563095135745 -0.069695650842242 -0.0447624962443954
0.294663738509993 -0.0308934154201621 -0.0166261066247975 0.0433462129930698
0.291187815934479 -0.00777302126143526 0.0680671351640681 0.112577627089695
0.323430996321382 0.092812861614409 0.089529630226966 0.189449116360108
0.282916940073444 0.260346168746763 0.0832177066972605 0.247188820203623
0.0895280438554287 0.37100715548063 0.0326875781400525 0.328165679110703
-0.110646780732465 0.253517545626146 -0.105040282480601 0.369858149473059
-0.101984332851884 0.175280195527362 -0.272079627525017 0.278594282981456
-0.0350214145719296 0.265949756454106 -0.112287286262951 0.00804323000035013
0.00201587944438246 0.215935070062622 0.166100517399546 -0.053909140942143
-0.0526692994878298 0.115743157962421 0.445629265925782 -0.24484931608255
-0.105745972008826 0.158458936817438 0.203429212696448 -0.455512582432158
0.0168746709952932 0.306516319527975 -0.0641731759837209 -0.32263143950941
0.212008663328248 0.256336740279116 -0.0857974049261727 -0.0935530045851868
0.272080814331251 0.112581106956048 -0.00129686732563279 -0.0361657577164846
0.270896785583666 0.000303096396934817 0.0457570202479593 -0.0384268012815364
0.275587083428719 -0.0438820478798258 0.085940114464132 0.0316222971902996
0.27168475630672 -0.0397836597208071 0.176600881268846 0.0981705791326125
0.31475292728338 0.0378083882151779 0.206098429545358 0.197500660295734
0.305677881804657 0.201137362271226 0.174544323727949 0.301720491495803
0.144431486036414 0.34930392938889 0.0381004808350914 0.385377239128099
-0.0859546670018412 0.276835895074871 -0.13138343087293 0.350013722016657
-0.11386310687525 0.178823249820153 -0.231710553070261 0.194917524807861
-0.0398589678200089 0.228783611248562 -0.0524235285791688 -0.0772862675027148
0.0110978288769489 0.175879835791267 0.202961988801037 -0.136252599732438
-0.0118986611042115 0.0896086715878124 0.487586099010778 -0.262583145319221
-0.0664102915670139 0.0968095852399812 0.234208915977361 -0.457935845082073
-0.00269970233096365 0.208708591133583 -0.075841516814599 -0.282919780052137
0.148482429967223 0.192494478796048 -0.0527999072073404 -0.0123261316016393
0.205519586853593 0.0856448507384995 0.0838772435394166 0.0166884551210262
0.21159645208103 -0.00503812148235241 0.143905309437025 -0.0278383965943852
0.213655624700384 -0.0500611964491011 0.175446851596734 0.0156370259359375
0.211824857617443 -0.0559501779160858 0.264417908954538 0.074287483142748
0.251978743109963 -0.00288262122063328 0.299540167580115 0.183562440544295
0.258254448351047 0.131252635445916 0.252032477146611 0.321669132468383
0.142478683376418 0.268389557926491 0.0465268598862586 0.416381313773798
-0.0596758146665156 0.235130073366066 -0.157004287608159 0.324393262159122
-0.100518434857483 0.147647011420977 -0.206989742907459 0.108888613961918
-0.0365833090323514 0.164075458265295 0.00128813674816964 -0.148056767285326
0.0178144251487115 0.0923545431669681 0.22371965448366 -0.203542165060846
0.00870292755253705 0.0403689711497466 0.508245521215299 -0.269783006729315
-0.0277006218125488 0.0442144635670755 0.262494556398696 -0.444367174702286
0.00521964837453613 0.103370353424083 -0.0753481862088818 -0.254162130939643
0.0909545326148617 0.0905060180450842 -0.0287390604176299 0.0378559503656726
0.116422325889937 0.028528039155146 0.139184496526738 0.0495946367058743
0.119397754577261 -0.0194876530388546 0.20820103321839 -0.023431673949974
0.120095771673517 -0.0502804319451457 0.235952948850378 -0.000669038117287119
0.121250556870822 -0.0537295737851995 0.321510789266179 0.0505381093815444
0.149425437650268 -0.023069236680401 0.361448024304857 0.162291225589139
0.15653508425988 0.0593671809933842 0.304269516930175 0.323491625549408
0.0889848923158493 0.148297037706787 0.0547763055229976 0.427219383677619
-0.0353976166776835 0.132379521205793 -0.171585032873218 0.302008205625408
-0.0565985243974342 0.0772316543695995 -0.192518442574714 0.0438548200181578
-0.0197197745671916 0.0784127484614512 0.0393739905082303 -0.190040542031969
0.00271371992466695 -0.0032586924770253 -0.0544075417560624 0.227818673919341
-0.0126227270637469 -0.0162445490146434 0.198945264775088 0.0740552443037054
-0.0195773934893905 0.000426407539303199 0.221474640106582 -0.253826595242755
-0.0262052102914414 0.0186120359616009 -0.00783169644768909 -0.452733751274713
-0.0278387669197844 0.0320498010738166 -0.320157378325685 -0.349400410286643
-0.0101593916868326 0.0347968688223451 -0.411780912888116 -0.14521409058992
-0.00514548354206506 0.039804196805246 -0.354553506739689 -0.0240814706958908
-0.000748244888869658 0.0372655552357024 -0.285596188054387 0.035771967507141
-0.00900472052923643 0.0397425931316016 -0.233453188199751 0.0359994370934512
-0.0302804004695319 0.0336227635569926 -0.173296843891888 -0.0175683197249816
-0.030144520078842 0.0144098440484862 -0.0382758047341603 -0.0336068525879134
-0.0214822394094104 0.00138918527303732 0.0423802382411127 0.189265975887856
-0.0239113616231839 0.0193588701424336 -0.21984182333316 0.391696202768783
-0.0385172515031102 -0.00784631258583678 -0.529965976036971 0.326287528732574
-0.0231948393545059 -0.0131434945559514 -0.294333124354189 0.280213711297092
-0.0180945078189169 0.0757394375604483 -0.0394396959660039 0.215437105602743
-0.0674934327646771 0.0730688822835524 0.212794094869453 0.0457373789019169
-0.0428401841227153 0.128366286644766 0.214002471964658 -0.268061212860153
0.053116775825324 0.155647585827292 -0.0065760508716399 -0.449023557110115
0.0998402295180193 0.0996188268621056 -0.303987277255227 -0.33754622594379
0.110700418142058 0.0409354789346548 -0.386796792521022 -0.138686153732785
0.102210322545568 0.0163689558303857 -0.336388152547129 -0.0222970426857768
0.110954526358224 0.0245924596736379 -0.265723866656682 0.0468140309972196
0.10484078202035 0.0544961822583151 -0.211806107433814 0.0597417831186473
0.0836494054982315 0.104582641948884 -0.1669780928712 0.0186435065202444
0.0338550262452025 0.135046216461831 -0.0511995413103792 -0.00655911425697335
-0.0375492627709096 0.114719547698139 0.0434359166585989 0.187414078039974
-0.0545806491942782 0.0738732343561976 -0.179537230412667 0.396355892218931
-0.0481506098687935 0.0757039439842687 -0.490993377403585 0.340820760931088
-0.033911383559231 0.120544479458248 -0.273335371164046 0.249980275794408
-0.0292641803832241 0.143060266974892 0.00336065754908514 0.170050934072828
-0.10995450540482 0.134923557089475 0.252746682496752 -0.0290233020147445
-0.0712068000910752 0.223812216954827 0.198844050081478 -0.311410053035302
0.104760985670305 0.275875575075967 -0.0124569268621137 -0.437930240677331
0.205730540757279 0.167795703621162 -0.262776690568861 -0.311466207445356
0.215229905409926 0.0555218595014671 -0.320511347650149 -0.132193352427986
0.197382584518359 -0.00189385826058657 -0.27916602243142 -0.0291204125021572
0.206406553279702 0.00648238347472553 -0.207347138346997 0.0520733083293164
0.203785971908564 0.0509138635620712 -0.144719215257598 0.0872456026440178
0.194645306291718 0.14352718573068 -0.117145466032316 0.0811617663142119
0.117982769302365 0.231043901761156 -0.0404202746631072 0.0613662153873469
-0.0291588693308635 0.232181345299202 0.0427655903320412 0.209907877218797
-0.0882238204722714 0.131507706807399 -0.12974132046837 0.397331727312873
-0.0605204058396528 0.131977622346956 -0.42041754168958 0.352133741418796
-0.0373499491531383 0.220283055402274 -0.231695899094382 0.18725917293477
-0.0266859536832421 0.191981292169331 0.0611596795955433 0.103308163862146
-0.121907120485095 0.156839456131374 0.310935564276691 -0.124448559218659
-0.100652520212764 0.258215946163741 0.182606455546249 -0.370361237847469
0.112208146455745 0.352295490712432 -0.0278351254592582 -0.410494050003543
0.266338017941865 0.228509893762978 -0.204064847890236 -0.258115151632756
0.285474932603129 0.0788976512650774 -0.224131822393142 -0.117724953464801
0.263324670662351 -0.0090773201567305 -0.187169683576508 -0.038111358160509
0.271313300931828 -0.0141248314823641 -0.119345774741088 0.0509795339977844
0.269926302826778 0.0265193949208531 -0.0458688864485761 0.105819185913062
0.283805683104231 0.135656911461327 -0.0250258518403964 0.144972865279732
0.213598141312334 0.276179022025002 0.00551365896661143 0.155440493145805
0.0197523293087681 0.330876568593364 0.0378792483449752 0.260103086541296
-0.112742990977443 0.198959667188456 -0.0986595766527318 0.385702189164176
-0.0832629099583413 0.164225375508936 -0.338443791567425 0.336950265629194
-0.0385509087488429 0.268594764352943 -0.176952568970816 0.105206408263767
-0.0179966983611914 0.218812615016437 0.119104588514789 0.026062671789533
-0.101118081798269 0.146363100100775 0.382107298995885 -0.20303495448146
-0.119744782125749 0.229279810498547 0.180342197215961 -0.423659238028103
0.0686163254452877 0.366766013900585 -0.0470417520587383 -0.365555599050029
0.264160530929618 0.267026590088652 -0.138431795160457 -0.179702933341554
0.305942896738303 0.10565945588284 -0.108883126161848 -0.0843285889358805
0.29137188128362 -0.00440705434950451 -0.0732411790007149 -0.0416626835464139
0.296152309976074 -0.0324192401949511 -0.0151062987225367 0.0444531132217076
0.293534320102592 -0.0103988823300697 0.0707936334114892 0.107897726563894
0.329118101678973 0.090129589054036 0.0950953640621757 0.185102207091499
0.291181569996243 0.257670002293235 0.089358768097325 0.243060530853657
0.0988780157354264 0.374984906006452 0.0409644889109095 0.326241172560591
-0.106172517804317 0.261771853103484 -0.0972345404907478 0.37123662359058
-0.106763812114747 0.185140150037138 -0.266946309543785 0.283408356248871
-0.0405050177459421 0.269390287015149 -0.115519335409063 0.0148133782491077
-0.00538114003782793 0.218049402469614 0.170221737310352 -0.0583348899348212
-0.0572215678092032 0.126719123423107 0.444487196271851 -0.251455642348982
-0.105417072531028 0.168125566553759 0.197303180140022 -0.455357108198907
0.0242110775455953 0.311783978217419 -0.0685388476559479 -0.319111761286819
0.218676955674887 0.256357044281533 -0.086883936155116 -0.0861392451148412
0.277668325185128 0.111420042309707 -0.000360062664523583 -0.033177853453002
0.274967826238226 -0.00124602994761613 0.0431518770467984 -0.0364320283778034
0.2764344203006 -0.0450532565153958 0.0892862876850333 0.0319830124271491
0.272897970605602 -0.0417789744041702 0.180299155435379 0.0930234516834271
0.317866790339879 0.0354968367103643 0.211466772361454 0.19224334112025
0.310291284311721 0.19861105824834 0.182057999036466 0.296850321897191
0.15245697057642 0.348118812084208 0.047763074929511 0.383447611272098
-0.0817813279302544 0.281997778717662 -0.121597166379031 0.352997037580391
-0.117590461128716 0.187344034457186 -0.225757304428013 0.200809537295708
-0.0451878467307657 0.231283034272193 -0.0549774387971262 -0.0714425045881537
0.00432884618121341 0.177516674735059 0.207761724777986 -0.14311675426754
-0.0160140575858101 0.0981687021058663 0.486843038363257 -0.270286612661069
-0.0662722111216061 0.104461817417011 0.229451639309736 -0.458221232170702
0.00345901958709944 0.213564120039443 -0.0776712705716188 -0.277271323297404
0.154915881656132 0.191212645805136 -0.0510909798412222 -0.00549088711485581
0.209588706457556 0.0846280593227855 0.0860541310566592 0.0198452868778105
0.215357503994347 -0.00621110326813562 0.142231590716291 -0.026787222989382
0.214809077733863 -0.0513616570676413 0.178926165895727 0.0156264752369908
0.212368364270671 -0.0573275141501377 0.268366964872514 0.0693935833309778
0.253528016083966 -0.00446470091234917 0.305712495112157 0.17691024285535
0.260093451465728 0.128398891576057 0.259878600943189 0.316151557797199
0.147177470322745 0.266964776599192 0.054888145816722 0.41438439307609
-0.0564515690359018 0.237599878937188 -0.147739328683646 0.3270584533611
-0.102267300405983 0.153440554757049 -0.200435424227014 0.113993791273839
-0.0415523463811747 0.165176489435659 -0.000704857918932672 -0.142127347573381
0.0143755859247483 0.0938401331208066 0.229955088442767 -0.211380929997904
0.00627538413750658 0.0447202771625617 0.506197040933926 -0.278139968902929
-0.0273772326678706 0.0490957819943656 0.256325469407366 -0.444049982022967
0.00891052756125133 0.106011405163285 -0.0754062551844511 -0.247655936471881
0.0936327062393753 0.0895762596988664 -0.0256936367781984 0.0437049215595554
0.118798176489891 0.0286680855417867 0.14174029380351 0.0522982688669257
0.121736719697847 -0.0197773437269821 0.208172842268603 -0.0218619761179516
0.12037562340187 -0.0507282263467302 0.240146164457717 -0.00170544856723977
0.120731767015596 -0.0549740454952196 0.326250160801751 0.0454643077056425
0.14966536512253 -0.025015263444637 0.365522212641291 0.156133221614768
0.15778000246239 0.0578446040039002 0.310720569276366 0.317417422571198
0.0909086002997299 0.146653692308938 0.0659454550105018 0.425142291577343
-0.0330011057430318 0.132975635757131 -0.162054611981834 0.304264207134196
-0.0577870442634277 0.0791773449814101 -0.187779570021905 0.0497182830722245
-0.023405511245863 0.0788030512798679 0.037973420043505 -0.185114899770812
0.000399552882768615 -0.0033996807248176 0.0944392181139708 0.215025432505163
-0.0193841601687754 -0.00607296794483631 0.199108742593754 -0.0668238181157772
-0.0150927355816738 0.00909728322192679 0.0188445626433101 -0.337372374686643
-0.011889076263362 0.0285840218720363 -0.28882488800706 -0.355186203093335
-0.00347809023369712 0.0446826378350749 -0.470412113775435 -0.0764409260423767
0.0126498809224494 0.035892192336217 -0.417875001670441 0.145649458498614
0.0220280275636031 0.0357097052911873 -0.302986814731255 0.206256320127122
0.0215522601259651 0.0308206826821816 -0.209685423352396 0.207535668049116
0.016218228782691 0.0384174663476416 -0.170032015041955 0.174196304294589
-0.00300166669683653 0.0473229205464755 -0.15435796915157 0.0926910717238294
-0.014704763610041 0.0296522104819168 -0.0555771159380007 -0.00354721539558908
-0.0145380328147516 0.0150934662554183 0.147618383141919 0.121929707140261
-0.00380183257147257 0.036317541743529 0.0696515756279624 0.449383417873989
-0.0390202750754853 0.0251998388833722 -0.210895373786529 0.604945304566321
-0.0315812467515968 0.00748300135160816 -0.0559415036951548 0.427490329691964
0.0272113990119605 0.0751844289758989 0.104212256226435 0.195844629809583
-0.00996466533923571 0.0985441237505607 0.194652981020457 -0.0950253038024578
0.0419495977238596 0.1260231421139 0.00869587419243002 -0.340142872055193
0.129418974206083 0.0907151045085177 -0.279345474458681 -0.354229038606135
0.138348159674751 0.0215718085259858 -0.446878135969697 -0.0780370592695325
0.113444777664838 -0.0323872461397951 -0.390366293360608 0.132068629359253
0.0941271074176273 -0.0488861098280411 -0.286623154103315 0.19617800325476
0.105426685599319 -0.0496670977763016 -0.186479156241502 0.203957368952132
0.119968252445518 -0.0214776672796131 -0.137827230505874 0.179995335378941
0.135920320995664 0.0303974289420973 -0.126033144618993 0.118005741660413
0.116177117419468 0.0869082700619486 -0.0471056096252863 0.0243552296716505
0.0473289284383497 0.118041475824873 0.148740682712474 0.119765700614519
0.00882543225263244 0.105433445372676 0.102637197720512 0.426628482671891
0.00806379673870018 0.106173943455504 -0.17267753782237 0.591059171715337
0.0459543102624967 0.128607750478782 -0.0652893595736676 0.385930178541255
0.0549779348927468 0.138674143098805 0.115904854388898 0.13420706539856
-0.00658297651863754 0.174069988805158 0.181749810164526 -0.175375457666305
0.0755526119196309 0.219891281295478 -0.0265526493434244 -0.360975084688236
0.240924456842955 0.155201886326061 -0.270214111424717 -0.339696347305815
0.263763572785719 0.0118912079107187 -0.395059690557106 -0.0838883416693706
0.206085833223977 -0.0848243074195255 -0.330307286772134 0.0952895440878844
0.158503173114697 -0.121587964601765 -0.243797573496292 0.153094182528153
0.172137327089742 -0.124507892625476 -0.134750405442581 0.171765078569075
0.199535202306214 -0.0873893904173573 -0.0669971108122218 0.160748470320877
0.252459428050608 -0.00950882303078542 -0.0464038603504342 0.135810019818784
0.24806955264684 0.111320157853548 0.00486888532048888 0.0698315495996007
0.130603280503127 0.208964574959899 0.164514378491209 0.136903757769436
0.0211402461118495 0.177233636309972 0.145558615286318 0.395949646239711
0.0362939409051346 0.165589326719106 -0.111698752084098 0.555570303296348
0.107909037657343 0.215597573655455 -0.0752200063780047 0.305637367417401
0.0833180068925399 0.178587348292901 0.125364940139192 0.0436447258355616
-0.00368888579483869 0.20087819312209 0.170167182853319 -0.28589142275088
0.0731618340637958 0.267180766420472 -0.0755986054655139 -0.39730993381918
0.292771685223546 0.214024509561211 -0.26200700659801 -0.305649899703937
0.348791876996059 0.0245221871737048 -0.312629449693147 -0.0781719529472913
0.277362765333809 -0.109504195303136 -0.241692908874101 0.0463408675064113
0.207204134965959 -0.167742618476779 -0.173977340755396 0.0868118809130787
0.212340195158285 -0.181555711380962 -0.0648469477861339 0.116662478502904
0.23932436882954 -0.148366347118071 0.0264965549293847 0.113227562923227
0.320898947190411 -0.0716645400982875 0.06737350906224 0.129500310243003
0.356950950546004 0.087351023030128 0.10127317483856 0.112492115812286
0.233383305287483 0.259399295322466 0.194191663423218 0.177309753534748
0.0450878406466145 0.249965950011153 0.167567547414083 0.366901539553456
0.0392141461270321 0.207961234485454 -0.0566138694089907 0.487291015810688
0.138166918196322 0.256273228167392 -0.0849859721835357 0.200783679214797
0.105437360540051 0.197076269079191 0.127134617865928 -0.0564383970923629
0.00625425865294475 0.183001688381977 0.179705938651839 -0.392786108774096
0.0413745416799694 0.257495244527109 -0.109505872314652 -0.439424856111833
0.269795916047573 0.250205964006188 -0.248810164476044 -0.257149649681788
0.371424528784653 0.054585643814307 -0.209713171002074 -0.0552237290981735
0.311225887300874 -0.102054864417007 -0.127100772559863 0.00223601404741891
0.231326216140638 -0.182729119770813 -0.0827191415090095 0.0119479737582486
0.221402771130868 -0.211426159538552 0.0160007960667512 0.0453929564164693
0.236404534907227 -0.193454235555954 0.122414717155045 0.0417862391363212
0.328285519234542 -0.13722829839191 0.191423048046035 0.0875520834859489
0.408619748789929 0.0231560865423601 0.223417745484337 0.127771246590627
0.325130258364056 0.244776863739992 0.239087291591884 0.227792540392063
0.0900978433637721 0.297443085148365 0.16000209973929 0.353084076369671
0.0343355322589709 0.238578601523576 -0.0317099548987618 0.398220807930132
0.136541791392742 0.257477118000581 -0.0936668155174482 0.0862335664273686
0.115810680574326 0.188485353351582 0.115781445009289 -0.159045356069105
0.0298110594018302 0.14198031145136 0.201629634172069 -0.4731889778442
0.0181668239961018 0.200792654654523 -0.113500056667413 -0.475493531302008
0.203851051056503 0.232969374521668 -0.238750113165065 -0.205404576221693
0.329048124343545 0.0721866508756223 -0.110746695948308 -0.0117101083342395
0.291509300539795 -0.0811083891854824 -0.00768096749870625 -0.0245117839887048
0.22022981644079 -0.169983065040777 0.0149422935551651 -0.0569863963057893
0.197632161706076 -0.209668663752066 0.0934425486046006 -0.0299859469693254
0.19950920194735 -0.206445564641273 0.20241319696155 -0.039313009822463
0.283325154032125 -0.173711696334335 0.290902237428011 0.0184410159683229
0.385159196310498 -0.0368175826289624 0.33092663487183 0.113010241960354
0.350589586898968 0.190935682416079 0.28128477111156 0.269987829414938
0.121788083710712 0.296392221639032 0.131369209655328 0.352129926935186
0.0259764287698881 0.243385293889272 -0.0513512320869017 0.302410432881002
0.109066663894488 0.226766687640345 -0.0980021083877014 -0.0248502927946895
0.101630724989954 0.148775323956363 0.0913658746874457 -0.252198127336137
0.045332165897181 0.0932453721470727 0.222580626203675 -0.515504557906106
0.0113001299453109 0.125291006490192 -0.0906741132293162 -0.501495240691581
0.130352856606404 0.16804482744292 -0.222303261828686 -0.169245472189512
0.24011142528372 0.0582545335504427 -0.0336467683624775 0.0293221511971845
0.221784533932666 -0.0618734835903696 0.0920763555702263 -0.036472027524686
0.168648139013214 -0.138009691387416 0.102308624093887 -0.111497481007992
0.143130777315636 -0.176310409003839 0.156829991977604 -0.0997761541392618
0.139154094838641 -0.180785493659837 0.260393221399713 -0.114661916243092
0.205392290075524 -0.165521509380713 0.357480285773216 -0.0515130758138041
0.298676687574369 -0.0611771778785091 0.40549315289146 0.0824498502910763
0.293675961564562 0.126830667310491 0.308427547494902 0.289687950954257
0.111967219662187 0.240961442888371 0.094335414890182 0.347820605199513
0.0152273351018423 0.201168896322769 -0.0858659766040609 0.21777476171966
0.0703318219113121 0.166937717646492 -0.0962994186675877 -0.116933671009426
0.0625830253399229 0.0716152380954957 0.0605842467665516 -0.322760051594579
0.0316463551523285 0.0342172512287916 0.230340836490114 -0.535337471097616
0.0091535020632454 0.0542670628046119 -0.060375479607108 -0.508708107579079
0.0702866172891827 0.0790641166568541 -0.204445525476949 -0.149617837176685
0.129909127477919 0.0141213074257744 0.0153198443642299 0.0516472174235975
0.11390152503148 -0.050598659081218 0.153523180553988 -0.0460523408077932
0.0851339958580392 -0.0921294523884735 0.157991127221579 -0.148390422005981
0.0662662029341163 -0.116607733504564 0.195666483257247 -0.152077512923976
0.0660858191488193 -0.121490933965872 0.291249785974538 -0.170749397592573
0.106906621150281 -0.11726490338718 0.394040466336289 -0.105874611223751
0.168958510832748 -0.0534730271608797 0.44560823565821 0.0527320629167363
0.170750119362485 0.0637281026883321 0.32071391772536 0.295122537686252
0.0612436521616714 0.137587372534711 0.0694348402512677 0.339502507140818
0.00203078742397855 0.107935483329848 -0.114790258832882 0.159257577794401
0.0299064690065929 0.0805010182935812 -0.0885077575006649 -0.174227209513865
-0.000513560478918788 -0.00394677384174066 0.103008754022158 0.216429140556308
-0.020254039381452 -0.00433158208877632 0.196781386475496 -0.0798039102860113
-0.0149136531980811 0.00941583852455987 -0.000224259310006227 -0.342858536421178
-0.0106854338336263 0.0290752743082841 -0.312431099031908 -0.347232985048445
-0.00133358532052805 0.046354721624984 -0.484482174174753 -0.0529594554771134
0.0139276336936155 0.0372553126915608 -0.418887990651259 0.17134531808876
0.0246757867374599 0.0342672755497859 -0.300943927715669 0.228075279265472
0.0227510619228349 0.0304917301280478 -0.208494657815343 0.223551345246791
0.0183262107500852 0.0378097544089461 -0.170952021856414 0.18524303675918
-0.00015272413240814 0.0472886415144381 -0.157373955387985 0.101566433568272
-0.0132872580814555 0.0301364734426915 -0.0610019498794994 -0.00115760694561737
-0.014402384348911 0.0160028664315931 0.150706573558788 0.11539308124543
-0.0026131860716367 0.0358228444024776 0.0850530765627115 0.457744582979265
-0.0403699319598985 0.0262573679794224 -0.184702260375091 0.632180343136832
-0.0333117234046847 0.00855691028310718 -0.0373703619376528 0.448485514972997
0.0283874688140535 0.0774187568838055 0.11338285417971 0.195803222094148
-0.0044681583360301 0.103241217634413 0.191015986763339 -0.108213854434927
0.0492767535129274 0.125932232413753 -0.00970590593611124 -0.344329449802336
0.136583707894009 0.0854295783088067 -0.302667555368615 -0.347826036489826
0.142636471885662 0.0156602022897801 -0.459703944217928 -0.0574137183271334
0.114250884118844 -0.0380521782683512 -0.391916156236608 0.154436071520293
0.0948822191811997 -0.0554582777876476 -0.284941410342162 0.216889242246543
0.106209886122182 -0.0566975480389191 -0.18435696984908 0.218959798589292
0.122457756419835 -0.0297446453804369 -0.137109766722038 0.189286716795475
0.141555320630613 0.0225716184160321 -0.126860776842835 0.125849153789782
0.125917362549094 0.0797213947126919 -0.0498022012003958 0.0261541489659424
0.058315377647658 0.117911309861669 0.152779675161758 0.113452474881132
0.0179214266144893 0.10937638181363 0.118436793991929 0.433112533477549
0.0140875618096869 0.112871116029518 -0.148732024297094 0.614079521273108
0.0512547292147924 0.13286845576923 -0.048005027494534 0.406500656174028
0.0583147059061848 0.143284199694026 0.12351249954438 0.131565701028382
0.00375944532667024 0.182549510623707 0.173988331638259 -0.189886188342538
0.0883663623871295 0.221440863094006 -0.0460253885553876 -0.36466196595773
0.25362881286246 0.146565223711734 -0.294020623464454 -0.33429069474482
0.271338852361212 -0.000517940768343061 -0.406017724279339 -0.0634060806275627
0.207856538220167 -0.096582724970558 -0.332418215235173 0.114946088620462
0.15851548954212 -0.132663725440691 -0.243037551944258 0.170868230328955
0.17217156106255 -0.136655823355089 -0.132564770222594 0.18279479466883
0.201989895401376 -0.100690617413659 -0.0650323237919104 0.166044090244606
0.260349692744816 -0.0249764822267142 -0.0438405147061932 0.139016377417723
0.263216039440073 0.0973348989863926 0.00683671348438638 0.0691805944559461
0.150144419419619 0.206262202173518 0.172469283499657 0.129690480361568
0.0364088493246771 0.184502875787193 0.163693603665947 0.400629706306359
0.0467831658619365 0.17655090453077 -0.0864897090590556 0.5739098633579
0.117998842614084 0.222287285837154 -0.0614404138741872 0.324774795392247
0.0881425162901201 0.185760570362013 0.130124063865528 0.0378683196765188
0.00906833676657561 0.212964181505615 0.157906756798991 -0.303470628187327
0.0896921001322575 0.272188837760014 -0.0964193611889671 -0.398264847208789
0.311414201697298 0.201994092010104 -0.283842155877609 -0.300389022349497
0.359653931130512 0.00674123494613689 -0.321484461404842 -0.0609747475162554
0.280727598406775 -0.125906823972827 -0.24375992744425 0.0607229735799421
0.207060722651773 -0.182824751292526 -0.174903617308365 0.10128265714038
0.211469347940966 -0.197012773552956 -0.0609665228740415 0.122323661898358
0.240476544781811 -0.165731510728231 0.0291792076457395 0.112406854265607
0.328202987628482 -0.0916106063192937 0.0746992008992286 0.125545812804073
0.373259704928682 0.0685426679232982 0.107825171721173 0.106704818547629
0.258640163504455 0.253033998369393 0.206274444445176 0.169482247312466
0.0652019756014538 0.258737961577359 0.187517794687893 0.368376617884006
0.0538983476381807 0.22290677950077 -0.0344228020473213 0.501736691035354
0.149737093464576 0.264872965136388 -0.0763398067401612 0.216577715974638
0.1118538300142 0.204844964177208 0.128124459873939 -0.0659564173464826
0.0194788217017967 0.197115999645997 0.165227622996821 -0.413486061776936
0.0579113243776412 0.266860948070916 -0.131868550899402 -0.439525279355522
0.292882537290185 0.242112283199413 -0.266512225387853 -0.249271013016157
0.386090836892866 0.0373271494862096 -0.214046703310901 -0.0424288885809738
0.31661884224621 -0.120616033977793 -0.127775450925753 0.00897901805149549
0.232571584689808 -0.199633318225487 -0.0848981839956009 0.0201912779428667
0.219604884588095 -0.228029557596778 0.0198495716266982 0.0449011241370822
0.235383836298967 -0.210386665559897 0.125350569436307 0.0339467755055672
0.332727224288677 -0.158544684259183 0.200021039415273 0.075192024884199
0.422441498044403 0.00190610047834398 0.233877808942951 0.116265793684427
0.3489527531989 0.23337457002964 0.256716827026947 0.21785995637663
0.112815539198569 0.303320626376536 0.182079617157823 0.352362969861586
0.0500055549658192 0.253598711661987 -0.0128274944879519 0.407608043321893
0.148797134974644 0.266045527054701 -0.0894296043813774 0.0987943073701597
0.122037911103712 0.196882941415026 0.111911935266872 -0.172965863498787
0.0408193929165533 0.154864203213963 0.183946651359975 -0.495935893239918
0.0321838737100397 0.210064065098595 -0.137989801652826 -0.479726890697642
0.22550048776511 0.227832969121605 -0.252069036979908 -0.198719974712337
0.343949789206372 0.0553142730247104 -0.108487053112606 -0.00448120112096131
0.298791275668045 -0.0981199676586613 -0.00574428664293344 -0.0239355746433041
0.220801114903824 -0.186990288926797 0.0135006713205858 -0.055132535719375
0.195414574165456 -0.225417833768665 0.0967651369428287 -0.0361941710585917
0.196598259541902 -0.220891741964362 0.204807394722779 -0.0534591873681178
0.284561208865992 -0.193439159586334 0.298466590782254 0.000293984105747223
0.394405805645042 -0.0564453093295748 0.343933317877765 0.095592624363667
0.370874104076323 0.178205555130833 0.301928771417567 0.256453054475612
0.142128803569876 0.299226469862405 0.152862772793802 0.351189734638708
0.0411608958891651 0.256483312136043 -0.0350709213595154 0.310124418570168
0.118870258866691 0.234503957452603 -0.0980275520153963 -0.0156240332317245
0.10656230122596 0.155708295668441 0.08237384494518 -0.26978184190864
0.0548181346570622 0.102103215736606 0.202853474027288 -0.539777148766855
0.0229819482473424 0.132679002741191 -0.112769598896939 -0.506911262646697
0.147369039755639 0.165349654933994 -0.230673782090139 -0.162297776671251
0.251556863100322 0.045957241012232 -0.0263973892263365 0.0338639852201
0.227873540586212 -0.075429418056682 0.0965396081937319 -0.0415277389481909
0.16915910587531 -0.151237132287771 0.10150081288215 -0.115812637914701
0.140912014998095 -0.187693168931056 0.159202524077426 -0.111597927951132
0.136234335385528 -0.192166980410932 0.261291976117474 -0.133945733537302
0.20392808277851 -0.18024197131372 0.364250276348342 -0.0754500631084444
0.304141564938779 -0.0771392473253185 0.419477917998567 0.0611639392981432
0.306742050175679 0.11492421335369 0.330963597971137 0.280131468618404
0.127422817509782 0.24183445517593 0.116197285555138 0.346342642961882
0.0263961928290146 0.210530311834017 -0.0733670747691577 0.225042205427966
0.0771101899364683 0.17246787664976 -0.100181328969354 -0.111008048142033
0.0652279335768963 0.07550740161415 0.0480776118502773 -0.34315573183565
0.0358723544428059 0.0385232480689406 0.208380928769979 -0.561073603521674
0.0152668307344324 0.0578284831385065 -0.0809238193472485 -0.51683281616952
0.0786435173906792 0.0770513014211945 -0.211121914341968 -0.142384572440038
0.135235195783168 0.00713168793679401 0.0247832853678097 0.0525950981452161
0.116423291121488 -0.0584261654523152 0.160411097113661 -0.0541902033099261
0.0845593022381974 -0.0995890355674386 0.158281294035898 -0.157054175672013
0.0639696261726846 -0.123264894400529 0.197517697965893 -0.167228713536384
0.0626237343784027 -0.127396433163784 0.291618973944469 -0.193541692456223
0.103715365426739 -0.125406126272366 0.398019571423541 -0.131879538468824
0.170201589125783 -0.0628582536372275 0.458465439138153 0.0290907716371765
0.177606364791839 0.0561887618622561 0.344663752611249 0.282929215514135
0.0694651469549627 0.137208186714871 0.0903529748777064 0.340198573815733
0.00682072894939177 0.112245106429908 -0.105218772807982 0.166613263222882
0.0329363060690458 0.084276182620211 -0.0949888394045781 -0.170643500751387
-0.00147632270765181 -0.0041556520424843 0.11614813552785 0.211336875117037
-0.0212828436401871 -0.00205578748327155 0.188092395429885 -0.0946446864945094
-0.0142445501234384 0.00969594937565859 -0.024630147179204 -0.341856354543654
-0.00931573862870046 0.0299537474446695 -0.336644503089202 -0.327847281742968
0.0011409826207006 0.0476637030041526 -0.49045152620365 -0.0202359221793552
0.0155363442599984 0.0369530245921158 -0.409573368165288 0.203327382754115
0.0267914624807456 0.0318109430892543 -0.28816875850954 0.25140378561906
0.0241435942143081 0.0294655464056718 -0.197770942695156 0.241398535934971
0.0203542177713868 0.0356478863931405 -0.165804490289875 0.198396934248055
0.00304095527078916 0.0471580591955293 -0.155730921039432 0.112749274559187
-0.0114035010017753 0.0304027578031913 -0.0658026310887065 0.00254232793910227
-0.0128532663342088 0.0174966249559612 0.152828928800558 0.104888826314562
-0.000911363751899975 0.0352089236463041 0.110454775829606 0.45593116824903
-0.0404895480973537 0.028006942702467 -0.142049626701389 0.648164647332022
-0.0335607599112249 0.0104963844178444 -0.00684021446531407 0.461707870909112
0.0316478020359837 0.0778947827280129 0.124190150279063 0.189979067291782
0.00386982579824514 0.106504877809603 0.179926492284548 -0.121865578944914
0.0581908348685381 0.123180476446203 -0.0334985955523404 -0.342409070571587
0.142767561572248 0.0759664675629712 -0.327468867230822 -0.327990893287435
0.1445823962274 0.00658763930519676 -0.466003325901478 -0.0246640513593287
0.113025223517858 -0.0458480325762833 -0.38223038269647 0.185712126463628
0.0932529165143988 -0.0642731529351047 -0.272839421804064 0.240784463518072
0.103501585570384 -0.0650820700084062 -0.173669801961497 0.234714759138251
0.122360344319458 -0.0403082124234169 -0.130962314371624 0.200721813200561
0.145852455025679 0.0102683082666788 -0.121929319110894 0.133841139273243
0.134122010986864 0.0690775105895202 -0.0518819466182548 0.0297452458243491
0.0708266226834234 0.113035396658328 0.156984089538739 0.103435598165496
0.0287552598053714 0.109837848433318 0.14309905596399 0.429607206234779
0.0225749529125797 0.117072545694897 -0.10816367910642 0.628617448224679
0.0590510692203898 0.134392461291095 -0.0187287550602427 0.420391124312568
0.0646099592662297 0.145048762201022 0.130609509442205 0.12444234529511
0.0191736673018235 0.187492404077007 0.158291281958581 -0.203956751408595
0.104031225049403 0.21796986289777 -0.0709591486726176 -0.358945742369086
0.265125921517452 0.128516893503661 -0.319296363517175 -0.315107552905779
0.273497772102999 -0.0187613181962608 -0.411126729531531 -0.0346668516914341
0.204181372511931 -0.112063374802456 -0.327024877197666 0.139227025185982
0.152545722184248 -0.146039643870711 -0.233659500278259 0.192401171229085
0.165609425312895 -0.15103751974412 -0.123948057411708 0.193948083632438
0.197984654329872 -0.117296370906355 -0.0586119628074271 0.170510490215482
0.262552675219699 -0.0464808545567775 -0.0374450885714295 0.140734701244131
0.274699222074559 0.0763204393883702 0.00867439566386489 0.0672534739110107
0.171505422795159 0.194531750492764 0.1791735773492 0.117749415929947
0.0553423557480093 0.185987331691654 0.18775626812611 0.392365566696454
0.0629120391132438 0.183280610235044 -0.0483153069042958 0.583256771261344
0.131714134327247 0.222316725600833 -0.0378536508043126 0.338341903241352
0.0962759467849069 0.189152074128595 0.131956668971707 0.0284660325474642
0.0283507591722643 0.219951431166595 0.135795024496388 -0.316859084243393
0.110688158594917 0.270377295118111 -0.123312121089903 -0.389673871233986
0.329462844690786 0.183514194382195 -0.305099303844561 -0.281087699115647
0.363545950685674 -0.017130240587089 -0.32413166970931 -0.0369806222397328
0.276371114374097 -0.147897672079825 -0.239812737979876 0.0776510524698616
0.198644484437224 -0.200587088665523 -0.169220385733607 0.11835334076807
0.202261376671401 -0.21498128165962 -0.0541983535259474 0.127302377057774
0.233474760663 -0.185464429807944 0.0330382469243371 0.109580233982551
0.326922506556391 -0.118662500092621 0.0817366005256823 0.117304488668559
0.384717565175226 0.0399327680547621 0.114161807599968 0.0972680646037024
0.282885049033004 0.233570903714373 0.218415827895762 0.153987378445378
0.0903287995754354 0.258713885316804 0.211974493317652 0.358497986403752
0.0744302859616323 0.231983566614043 -0.000541733135303178 0.507568576281678
0.166787272061619 0.264480317993432 -0.0595438522342534 0.230417198257392
0.121550427724453 0.208464195610278 0.12427716837908 -0.0782956442172709
0.03846795546068 0.205860179814765 0.136700786502535 -0.428770884034547
0.0805066035359944 0.269316937488026 -0.160463457821922 -0.430601158969421
0.314951082465543 0.222738771693984 -0.284959371658865 -0.232950867792319
0.392931888827906 0.00961970044535371 -0.213784475630645 -0.0249941387298403
0.314244685563329 -0.145925647274172 -0.125957592930742 0.0182840932862696
0.223602479029644 -0.218732596355735 -0.0829959841405708 0.0300563593048495
0.20894410662147 -0.246648725895972 0.0230071956924263 0.04364847010799
0.225523856130306 -0.230047694362857 0.125697623177107 0.023106368271243
0.32741011516081 -0.185628569615031 0.205193459972264 0.0564967264764219
0.428944148564289 -0.0299263211574565 0.242352380626304 0.0973217275167798
0.372153889194239 0.207970046501104 0.273685824488946 0.196319420345214
0.139875012657493 0.300583339929327 0.207836634392849 0.340812080883024
0.0729387179490757 0.26317537757586 0.0169699986810549 0.409756910387807
0.164911938302777 0.265988246835625 -0.0801038858945468 0.111346892483054
0.132000917985334 0.200264643470851 0.101412156754995 -0.186987122147623
0.0582070033938999 0.162804378492244 0.151874722113887 -0.512131134935283
0.0522419510255053 0.214894141302243 -0.167116877483299 -0.471907961414599
0.247939583312674 0.212578196534723 -0.26562438439356 -0.182471162056815
0.353309381113324 0.0293648316977663 -0.104257215616948 0.00612334520818955
0.297635545499214 -0.122353151428324 -0.00393088788467379 -0.0236466904226134
0.213332781546051 -0.206189331487061 0.0120707710147897 -0.0530170750410084
0.184212430659524 -0.241939011480418 0.0966520497633427 -0.045421664920137
0.185359362211154 -0.237283877596482 0.200584294099055 -0.0710802541175497
0.275335279993684 -0.215605919649709 0.300933725103063 -0.025175951292467
0.396595081788318 -0.086172060392032 0.352267482291651 0.0690440678729882
0.387267878837841 0.150804881962717 0.323647500966338 0.235187649215097
0.167598742988439 0.293128394107111 0.180426128847618 0.338654876150032
0.0629347626718007 0.264248533621001 -0.011435417962663 0.311450877872003
0.132684284971049 0.23468863356226 -0.0965323167701019 -0.00449525811612485
0.115362953667022 0.158400748889129 0.0643877987079226 -0.285300196715703
0.0671652165615803 0.10740869782386 0.167072510335317 -0.556627509138945
0.0372089603556191 0.136104737670678 -0.140289664653066 -0.501381761330043
0.163784412132375 0.154758319593015 -0.240364712163388 -0.148359097484268
0.259219715833194 0.0265934016825728 -0.0180638814447055 0.0371589334571919
0.226827343659287 -0.0943285903397132 0.0993264841001198 -0.0485729004470574
0.162909787934402 -0.166197234785654 0.0974814726012271 -0.120936975164605
0.131052811586107 -0.200593654665909 0.155790192811458 -0.126103167660868
0.125904394230279 -0.202842040224752 0.253380074877233 -0.157459912460066
0.194125820192213 -0.196614815155914 0.361213316543301 -0.105667513391434
0.301622441309755 -0.0988118991089538 0.426870371564563 0.0298720346702337
0.316883307320772 0.0942054702243333 0.354290353747123 0.254576686845117
0.146437912931769 0.234611417473348 0.14210310949428 0.337611901277848
0.0433552960668213 0.215716875808984 -0.0550120034665286 0.227020177168365
0.0865784692348912 0.173156226142108 -0.104448908970875 -0.101267369492513
0.0689063486676508 0.0774017599548744 0.0243095311039629 -0.358729613013386
0.0419785690360817 0.0411797696877283 0.172104637531878 -0.57730196112136
0.0218607948313616 0.0590065160359251 -0.110006507100842 -0.513353019963539
0.0873398599773751 0.070875434463765 -0.216472830559478 -0.129798398370392
0.137388564782085 -0.00363416921657754 0.0351072173187083 0.0512601269841286
0.115014381538782 -0.0679048752809862 0.162311167473272 -0.065964345457027
0.0805037661609257 -0.107333507563154 0.153240947666687 -0.167149287092595
0.0570926934095813 -0.129194468932964 0.190831613596806 -0.185192698344028
0.0552996855091949 -0.133134048872983 0.281247216810101 -0.218723720459013
0.0965785961032973 -0.133423643217274 0.390528556190871 -0.163863725236598
0.168160149754613 -0.0745223586248011 0.464367743205881 -0.00517293840010946
0.182292304584887 0.0441737776877448 0.367503505889204 0.257694650303468
0.0790619315449303 0.133392307177121 0.115952321254778 0.332816443480673
0.0156319085300479 0.115183769997274 -0.0906897003761743 0.172259523565538
0.0362081470264672 0.0857520435019875 -0.102838614986945 -0.162335472792253
-0.00320367254849489 -0.00353791978462226 0.12588100218038 0.199922792906401
-0.0204972479103728 0.000441713637620797 0.17481193972852 -0.105476372191212
-0.0138543277424162 0.0100268286200774 -0.04721267466373 -0.331592434908808
-0.00793498131356071 0.0295197406371469 -0.352583581586293 -0.298057606859627
0.00523582015338022 0.0480708214824584 -0.482502708992111 0.015063055757449
0.0180824717098259 0.0362661503917744 -0.386929733537343 0.228818714247895
0.0283059976054797 0.0277888072585807 -0.266920832236724 0.269174753112792
0.0251094599006527 0.0274543798880531 -0.18191341588502 0.253289695696346
0.0213894398596586 0.0334694154532109 -0.154865656776777 0.207123394833606
0.00716663202117522 0.0455971678464317 -0.14941276604516 0.122382412119166
-0.0095797378461883 0.030082985609282 -0.0678148440645189 0.0066411223226061
-0.010620337095262 0.0174780798166308 0.150591387203762 0.0923685022979725
0.00124865260666535 0.0329303376265115 0.132675374700595 0.443149881645219
-0.0403965501983435 0.029378881964362 -0.0958828414247641 0.645006499712189
-0.0326539275015199 0.0122074019278351 0.026159871205459 0.462011942284849
0.0341897873054936 0.077566036812742 0.132311637464915 0.178517829547609
0.0131071606677691 0.105758291517052 0.164882927335775 -0.132079929530388
0.064988372635452 0.116971359252504 -0.0553402743671734 -0.330987062935851
0.1446903987058 0.0636894200336599 -0.344175926136626 -0.300593499436727
0.142944603269846 -0.00264518998136538 -0.458143823272252 0.00832272989705889
0.108288401462531 -0.0524034432085999 -0.363015924587033 0.209003673865873
0.0877008477628327 -0.0709684914833767 -0.252144994235728 0.258156496159318
0.0977155705010475 -0.0717480590778201 -0.157850966977368 0.244317861550464
0.117619705973963 -0.0493948911098588 -0.120462717910927 0.206948238396449
0.145482327062345 -0.00176514160984188 -0.114365777206353 0.140045778152097
0.137628406573357 0.055625166062546 -0.0523366993612008 0.032408883864339
0.0807730256022758 0.105243852572274 0.156220579422714 0.0907483346427929
0.0390191499356741 0.107053329668907 0.165082940359114 0.415754642107494
0.0320880763040695 0.11831830688294 -0.0631515842143229 0.623795314344899
0.0658471288213994 0.131530371638436 0.0134355569730236 0.422773464527242
0.0705958154234952 0.144085580252972 0.134672521430548 0.112612879910706
0.0351858841428311 0.185846007376412 0.138304288463621 -0.211066995019232
0.117600917449484 0.20781637793789 -0.0925113255591672 -0.344623628062929
0.269139934117353 0.107010893314571 -0.334583358821356 -0.286666883152162
0.268295725249906 -0.0364228766412498 -0.40449363547793 -0.00290036254854876
0.193950201528768 -0.124839022987296 -0.310238468205875 0.159846755373096
0.141421782780318 -0.156174552270779 -0.217835307980286 0.208874022292908
0.154396505158029 -0.161647324552246 -0.110912144418307 0.201148529793136
0.188587459411852 -0.131033675393634 -0.0512560898908155 0.171778742641559
0.256295249671389 -0.067167931752796 -0.0302657126180946 0.139069655673657
0.277786296559133 0.0517279012115394 0.0102144956137223 0.0642782558948419
0.187252953977398 0.176537138038305 0.181393979757363 0.10169664357106
0.0735623322465625 0.180977231597013 0.208066204947445 0.375989128586439
0.079333525054887 0.184133680448325 -0.00941387875233305 0.575948896407641
0.143013073852152 0.216097838571459 -0.0117227412920673 0.342896394082279
0.10475009569219 0.187753302620832 0.130382925374271 0.0181834033418177
0.0486850562775851 0.219339824718391 0.109500633138985 -0.320676799480344
0.129005208105031 0.260468957306199 -0.145616031420605 -0.37087737644932
0.337201617852302 0.15553631580735 -0.320145578303371 -0.254033517062945
0.357815378935718 -0.0436034383381612 -0.317591490982551 -0.0119181909225097
0.264221856072679 -0.16574062186957 -0.229303223940695 0.0937154495791398
0.184273092075497 -0.212907787287229 -0.158712777547306 0.131518299094051
0.18666757740879 -0.227025917393074 -0.0467188101529723 0.129402485029099
0.219576004107957 -0.20032133676201 0.0362543689366314 0.104030406262543
0.315938824143899 -0.142453500349604 0.085599292222571 0.106253401042717
0.384768366410578 0.0089525634589111 0.116405745998039 0.0846335207683829
0.300020151843599 0.207260984497918 0.224311402380708 0.133126869888093
0.113828558006476 0.250391333177217 0.230817917104323 0.339751074947574
0.0952128743626845 0.232109160170788 0.0317808697962542 0.497828757332508
0.180757277340778 0.256834255412497 -0.0395330120612007 0.235989442783403
0.130595172034138 0.2071600593251 0.115398963727492 -0.0878015975880252
0.0585703319773781 0.206473115805328 0.104210636844309 -0.431026272029146
0.102114163238774 0.262652654952157 -0.183400369155914 -0.41058275654451
0.328324785229647 0.195776690841143 -0.296540406147123 -0.208755997857757
0.390477622878261 -0.0197735804028372 -0.206320286769166 -0.00720374369802084
0.30133619242651 -0.167386421326227 -0.120375957818867 0.0269471033976167
0.207874152674664 -0.233486695324319 -0.0783382397575009 0.0390378042909581
0.191689997767459 -0.259162803129863 0.0259979656260457 0.0404505722544221
0.209046722051234 -0.243443151344428 0.122267230001362 0.0120679555799719
0.312301483222075 -0.207465461689074 0.202924510515987 0.0370877645258663
0.423258024981831 -0.0625001675247967 0.243374369953019 0.0750806886753968
0.384454415277238 0.17713954806388 0.282326414817824 0.171015458070608
0.163924274693035 0.287098652033956 0.228615688760063 0.319525542942577
0.0968923550205019 0.263012904596323 0.0445995125015607 0.400006532306619
0.178942125298962 0.258204318813473 -0.068169631362488 0.120111944042018
0.140805348840944 0.198342918502618 0.085491637736758 -0.195064713203336
0.0753620078105783 0.163265020153059 0.114236537422313 -0.512791417586728
0.0719876186032775 0.212094798111073 -0.191596107405585 -0.451840940116196
0.262634731863417 0.189796315536079 -0.272222853277675 -0.16178719190571
0.35162038930191 0.00281808998303651 -0.0960123872837109 0.0148329569666323
0.286704932851525 -0.143990692395447 -0.00227696960933727 -0.0230616415649954
0.198605792927529 -0.220070792565256 0.0103854687219461 -0.0497604321473869
0.167502149248677 -0.252785466664321 0.0933867724139206 -0.0530049062961696
0.169106765705967 -0.247304715196692 0.191195806616422 -0.0874894802562201
0.258858478766015 -0.233222572344457 0.29191645276047 -0.049660208969206
0.386247159828694 -0.112620857302628 0.350151663872731 0.0404785736645816
0.392229900370361 0.12035252847663 0.333106664252678 0.203126691048786
0.187742651001883 0.277462705739876 0.200856670064788 0.318203487065436
0.086118207145191 0.262546066601126 0.0111551037958709 0.303998041578284
0.144849023804314 0.229109899698503 -0.0905453245865166 0.00622385039685548
0.122996902737344 0.157127567424303 0.0416208188002554 -0.291269313479622
0.0796029436446763 0.10744603039418 0.127874500816019 -0.557756835578271
0.0512872506314313 0.134666052611381 -0.167497268949621 -0.482387066142848
0.175807523090997 0.139357494132743 -0.244117539848893 -0.130358014025997
0.258397652069525 0.00586187396998101 -0.00862510519251611 0.0371147904843707
0.218340591018015 -0.111208802875474 0.098635756903737 -0.0556020592461854
0.151698652478038 -0.177677209019837 0.0910385741068956 -0.12367138141219
0.117715382640852 -0.208439227361292 0.146860448752811 -0.13756416667739
0.111901337936466 -0.209439493534455 0.23741044642212 -0.17573982200388
0.178765958889865 -0.207486995678782 0.347189763260215 -0.132184588461134
0.291853498709208 -0.11830887869327 0.420785991406338 -0.00363249229706485
0.318112425733353 0.0697402358259753 0.365083333113589 0.221409583889408
0.160585209227652 0.220613858818039 0.164434505714698 0.316923932569216
0.0608137674825857 0.212988193177312 -0.0367849641435652 0.224050235650258
0.0946420266804914 0.170012679533923 -0.104601413193142 -0.0897227922890111
0.0732827245831897 0.0769538589193315 -0.00373507216596004 -0.362589309079807
0.0471296377228146 0.0406270338742813 0.128775505617245 -0.577746412943948
0.0287184302306438 0.0572127903727921 -0.137863430932823 -0.496262276958044
0.0922287950358568 0.0630701046186507 -0.21705754713209 -0.114168835606364
0.135993100801663 -0.0145410258708655 0.0441401007837807 0.0462175340504484
0.109933397943595 -0.076730947479784 0.160589670662586 -0.0765979995854489
0.0735808409280618 -0.113319980589001 0.144234670588837 -0.174583580673501
0.0483004238425901 -0.1317708967793 0.17870255495641 -0.198339999738402
0.0465524058561645 -0.135313296881598 0.260490625940542 -0.238730712624167
0.0863408687661951 -0.138868474723511 0.371445010169384 -0.191905138290795
0.161112921150626 -0.0849692455146368 0.456507232083324 -0.0382247975133104
0.181770891667725 0.0319269456636868 0.37930468773491 0.226292683191724
0.0873156078076876 0.125846600414137 0.136455778649161 0.31459933416216
0.0243841107585509 0.115219726707365 -0.0745227525463294 0.172640425573254
0.0399922265530742 0.0848123750929865 -0.106795650987025 -0.150042317139193
-0.00450915642131174 -0.00290904691805947 0.128802488002027 0.188297568279013
-0.0192143966403858 0.00254275913062227 0.159933981355763 -0.110495894670417
-0.0128960617429079 0.010326962649269 -0.06272651863378 -0.317155814933464
-0.00681073613775962 0.0294746677573515 -0.355591821056552 -0.272011205213516
0.00863369100069038 0.0472764097375998 -0.46333241690768 0.0402250177596883
0.0189591645857907 0.0349253046939702 -0.360503320716927 0.243451782679905
0.0277544517356193 0.0248412006012406 -0.245580049155044 0.276138400990728
0.0249078664033791 0.0255477736571696 -0.166449538847289 0.257870223869963
0.0218278228209554 0.0307348459225756 -0.145230903365249 0.210966662098031
0.00822430318170023 0.0433350781846923 -0.142095675031124 0.126490461785143
-0.00850094591063663 0.0287526552747536 -0.0688476654160265 0.0100123504048198
-0.00898944572675448 0.0176613538712107 0.144043035293906 0.0826169747461279
0.0014441201749213 0.0309296014066775 0.146749898138106 0.424685706850697
-0.0388956725433226 0.0310586545867706 -0.0602111803351311 0.626419208796897
-0.0312276952883459 0.013415274628113 0.0506141524854872 0.451525812498664
0.0356987284423141 0.076914440942984 0.133806758727908 0.166292160358981
0.0202634350912963 0.102912734020959 0.150019622238162 -0.135336149209569
0.0692580272238764 0.11037487608384 -0.068705232695125 -0.315786678239309
0.141997340708729 0.0546975941397765 -0.347664807348377 -0.27315375783321
0.138931709915808 -0.00969453497834226 -0.440639444073003 0.032708169607477
0.102225958827489 -0.0558928938076964 -0.339365141341103 0.222211446787138
0.0810959133491071 -0.0747926141703294 -0.23207480723094 0.264468824261308
0.0920950922380346 -0.0756234469805661 -0.143581976131003 0.248153497023788
0.112113118212921 -0.0550165760250625 -0.111927968886974 0.208300954162579
0.140505706476582 -0.0115460002122039 -0.106835110891637 0.140621320661311
0.137116650095272 0.0437109684345558 -0.0521521151250244 0.0340169647052202
0.0861800912248953 0.095174152859922 0.151061031742327 0.0800508442854545
0.0463861018223665 0.101569650481964 0.176096014299867 0.396565245086139
0.0394103917449639 0.116235314792763 -0.0311889925902371 0.605421718241702
0.0701462184275539 0.127677872867108 0.0358645956598 0.413930889177599
0.0738923384596033 0.142042097963169 0.133198742920623 0.102932644491426
0.0479854476202652 0.179565974966506 0.12009933341097 -0.210754159318364
0.1248572629217 0.196553219021709 -0.104834297811379 -0.326242582279738
0.266448624427154 0.0893443756142786 -0.337311730207481 -0.259920842070792
0.258771274876065 -0.0494770882107177 -0.387952795314155 0.0173132228053215
0.18283925342634 -0.130892646975921 -0.292526182349999 0.171872278883218
0.130350251914267 -0.160837609844753 -0.199315883718874 0.216156849579408
0.142627698529996 -0.166785653543772 -0.100390722450772 0.202927517437655
0.177673465190528 -0.139323510620074 -0.0464076062978526 0.169850125668899
0.247055245948647 -0.0816555877256922 -0.0249943510376529 0.134298492130278
0.273958406573402 0.0318924907067591 0.0101854047927364 0.0603077636202638
0.194958736575692 0.158713805641061 0.177108833317732 0.0879834112148159
0.0863282989260067 0.172795093686729 0.216289388485713 0.355248433687066
0.0920479851728506 0.180633160593896 0.0187633956464956 0.557034090720585
0.14908015508684 0.208489604537543 0.00981192342639159 0.337996342430288
0.109834647586978 0.184539221653253 0.125307820644815 0.0107278970795184
0.064049919179269 0.213661315301454 0.0887374746565512 -0.315714613265175
0.140076425622995 0.247757505780567 -0.156621856595817 -0.350627008616029
0.334186841958796 0.131876452548341 -0.322536507403221 -0.229460197693421
0.346758721927863 -0.0601336435376405 -0.30418695218822 0.0066154231560633
0.24870977279955 -0.175440505309028 -0.216379156593349 0.103083380788604
0.169061375533775 -0.218434802544267 -0.145341359559897 0.13963266773203
0.170757836129153 -0.23225826009088 -0.0398804644814448 0.128694218041423
0.205059353226329 -0.20760378825214 0.0352701845871468 0.0986864302413883
0.300977535737961 -0.157669604706925 0.0853943753655955 0.0952328429696506
0.375418103621026 -0.016795711966543 0.114567633556984 0.0738905989653902
0.305997975334645 0.181964695746766 0.221827113732925 0.114433907947928
0.130314986573334 0.237528090936034 0.239601640297397 0.318028461523427
0.112087552411665 0.227739005012227 0.0546159150319056 0.479003843183293
0.186917796968953 0.248310493496205 -0.0224166224223381 0.236444918416105
0.135981627253334 0.203895122180017 0.106014033214729 -0.0928183694839981
0.0750679240412322 0.202079580976081 0.07849487872752 -0.423173563496275
0.116836145104494 0.252546454258376 -0.194751242519172 -0.386728820187942
0.329846496147767 0.171020225331762 -0.298268474529585 -0.186421580318419
0.378894016020979 -0.0406583088679047 -0.195514118635986 0.00561596409834634
0.28581875478024 -0.180033347785689 -0.113321877940432 0.0322940436971807
0.192403420641495 -0.240119951982201 -0.0723676307346171 0.0454378611017859
0.174736400938527 -0.263842544603711 0.0263668900067658 0.0374979540522933
0.192702803437824 -0.248575526313292 0.115731353212788 0.00387640866997844
0.293945051610294 -0.219980465249132 0.195796411779651 0.0213505933011237
0.409261375745836 -0.0848825928319235 0.23682424341773 0.0579299611806596
0.38388862724583 0.149246050517105 0.281420034121462 0.146488635798194
0.17897998161367 0.270229747169272 0.236452076238212 0.296634495076987
0.114854259945738 0.25662160186404 0.0628282377101509 0.382278144568827
0.186152477159579 0.248780903153982 -0.0554166501917478 0.123430829136788
0.146345581973581 0.195642409185456 0.0709219149440996 -0.196670615857408
0.0890411015639753 0.160186388388185 0.0856921134831701 -0.502716685092484
0.0863811854304784 0.204418483120985 -0.203303655947469 -0.428284872616001
0.267879951558251 0.168719385271041 -0.271883518083577 -0.142884446250858
0.343533462138305 -0.0185757514555806 -0.0856220267985987 0.019285664465126
0.27251910463492 -0.157855479302891 -0.000227595040887151 -0.0228535982248838
0.183472270484501 -0.22692955440569 0.0108443849354274 -0.0464014732724974
0.151322908005581 -0.256772190808657 0.0886017647908227 -0.0574929871067181
0.153961841114089 -0.24968423861332 0.178601081613394 -0.0964234075684132
0.240657668845927 -0.240666998549948 0.277508952112474 -0.0677140469426182
0.371479545724333 -0.130571080643093 0.339798383024218 0.0175893619503084
0.387443952639839 0.0963402038085397 0.333188944719147 0.174745884407594
0.199743837455963 0.259322267063386 0.20957282588536 0.293363061750717
0.102394262484334 0.255068886886097 0.0263181541098115 0.291285279512795
0.150215735679219 0.221500084595053 -0.0820893305579038 0.0139693214775949
0.127723495933931 0.154545356388982 0.0221480479859014 -0.289802459094345
0.0888068716975399 0.104794945072075 0.0962545899198573 -0.545562742402727
0.0614498821614222 0.130313464132643 -0.180508249381282 -0.460165298936573
0.180077305909746 0.124498330045385 -0.241236431997574 -0.114924803848189
0.252338913320842 -0.0100034571561421 -0.000951858269778139 0.0357596693261045
0.20760244186056 -0.121322464805245 0.0972677443289676 -0.0608357487824708
0.139684469237591 -0.18261769931968 0.0857517183010433 -0.123477382753323
0.104487083503963 -0.209716205662802 0.137472829789596 -0.142924773496121
0.100269896948855 -0.209505191435492 0.219395607422433 -0.185038762814702
0.163410900660705 -0.211351784609145 0.32714091245002 -0.150258688823923
0.278102425725659 -0.130911715122799 0.407072322204284 -0.0280535050148212
0.311505661343107 0.05181001818957 0.364270908769021 0.192782412435446
0.167873354013172 0.205699211959786 0.174173869271437 0.295351820982024
0.0737597403144621 0.20712447614087 -0.0232785526587402 0.215304414996892
0.0988071444029281 0.16443168860309 -0.099954452789367 -0.0788204170437662
0.075117587249547 0.0756956242797735 -0.0252337167986856 -0.358022752122263
0.0516262562430448 0.0403607361968216 0.0961801163431628 -0.563873758442305
0.0334726039800165 0.0552127826035897 -0.152315736285179 -0.475024937744672
0.0939198364414655 0.0550214784837016 -0.212847873466256 -0.101272316473939
0.132154557027206 -0.0217897664557682 0.0501724865872054 0.0402352139344961
0.103813913897306 -0.0815114273255286 0.155863464337664 -0.0847045445491231
0.0671450243709512 -0.11515233280583 0.135259182415054 -0.176367143178373
0.040470767703098 -0.131903731415234 0.166026781581416 -0.2048666781621
0.0384809632664106 -0.134138003497774 0.239841000076925 -0.248486796038524
0.0767487341969686 -0.139113943413154 0.348817483137356 -0.207920302144528
0.152351156160389 -0.0910683172581841 0.440760753889656 -0.0617924838712958
0.177509063362964 0.0218585246595652 0.377570176153522 0.196191613322742
0.0905991607799241 0.117061770989539 0.147041941082089 0.293502923501447
0.0302304433125567 0.112124739900639 -0.0619102784259764 0.168154878542781
0.0417502204198873 0.0831536832913067 -0.106099767226338 -0.13764954195024
-0.00347043938243833 -0.00391842424732161 0.0384889676729282 0.21966197270886
-0.0181412684472879 -0.00443706911055815 0.184126598104722 -0.0356244095404084
-0.0160877172302407 0.00343415672122696 0.0703652131368906 -0.307686413377525
-0.0181210584195079 0.0242612860101462 -0.214194796971091 -0.384774371941618
-0.00680566665196021 0.0463473750684143 -0.428202096458048 -0.148104202952025
0.00410005588825928 0.0386037719897689 -0.414481723170096 0.0756845960425138
0.013318627625582 0.0310678143596952 -0.329257158682304 0.151974946792111
0.0125903910478185 0.0339059189620156 -0.252950623031488 0.167440099802688
0.00746144707947832 0.0371134517783862 -0.218199989270873 0.132851667625386
-0.00785077265410741 0.0429419054190856 -0.180644223709402 0.057094132912387
-0.0180784038851301 0.0226750070653005 -0.0693290518460986 -0.0193376742604816
-0.0120839364997546 0.0114807191823721 0.0895361693792681 0.129313054613537
-0.0036832942000289 0.0306668955182042 -0.0407435524739713 0.434040733871627
-0.0415006585884003 0.0228569854143165 -0.292498382912505 0.536488763157483
-0.0315170023277821 0.00761502388501757 -0.13051583992739 0.430245657370511
-0.00303228794188614 0.0888038984639743 0.0592500242331755 0.196280564574352
-0.0242303268976676 0.100500087794253 0.19038549013776 -0.0634168713255956
0.0159147434514181 0.125979621538468 0.0722246225534622 -0.31219135834198
0.10179614030444 0.106936842741773 -0.203002869606993 -0.392988735372905
0.131415420652219 0.0496331663377931 -0.405318031561728 -0.152084118222079
0.114269459138187 -0.00851219604062644 -0.390547703363003 0.0602334455711152
0.100645320401138 -0.0360405303047299 -0.313209289704377 0.146213406155466
0.112506773304603 -0.032915549802723 -0.228884236053434 0.166894162653603
0.122271476426129 -0.00725849852349676 -0.184489902156159 0.14436135945652
0.132398332756567 0.0411070120474863 -0.153916781040614 0.0851455031277746
0.109227555804039 0.0885756829784342 -0.0618695491505484 0.00933603541188046
0.0471520873013011 0.115607799847484 0.0981775067537937 0.132195515395269
0.0147354440417709 0.113428238515435 -0.00386732975979758 0.421714595970728
0.00194011748312935 0.131644085820183 -0.260833123530847 0.531715549403029
0.0203816039194157 0.150390830052597 -0.13593114606645 0.393991888545988
0.00272945094343766 0.16679202362194 0.0903571178806833 0.132604703973561
-0.0308006635196118 0.181413483743617 0.1983640368526 -0.143600792316342
0.0309483908652871 0.225857249869568 0.0509143040235936 -0.34063023397828
0.195782719101151 0.188122896637731 -0.194932171831248 -0.382076050058444
0.253218447146487 0.0623232487128434 -0.35147812454525 -0.150260452101622
0.215453658091509 -0.0437484131739042 -0.326956190451506 0.029133967879553
0.178551628419372 -0.0925498594239051 -0.264303364452374 0.114881120637313
0.194045947053541 -0.0956630388801247 -0.172214447501082 0.14294208696711
0.214786815493292 -0.0578373794725757 -0.109159756709516 0.135759150549016
0.253565314140164 0.016507911979567 -0.0751566349615657 0.111492676706041
0.239288879270983 0.126669730288491 -0.0148223357651114 0.0565273740907181
0.123458716496859 0.212269337490484 0.121155768974987 0.150666775329241
0.0284027784144014 0.192610556158215 0.0466754371583533 0.40525613983086
0.0295673050026328 0.210484180318291 -0.203458735620812 0.512650685504328
0.0634286593919089 0.254235216764933 -0.13461493229296 0.316994057511822
0.0155291647850166 0.222979868971785 0.124904905056808 0.0413698215008442
-0.0298683027901904 0.21930298377148 0.214630443245243 -0.251580539257946
0.0248138428835283 0.279421014955303 0.0175205339913532 -0.384229759017867
0.238686804295554 0.254287320981885 -0.190309973659258 -0.350925089653103
0.333769464035043 0.0877244094232093 -0.268959036748946 -0.131169998521373
0.291836682236347 -0.0563899326863445 -0.231753786837359 -0.00549615929121896
0.237195763348569 -0.128082703608375 -0.184659049627159 0.065183275574887
0.246372792286059 -0.144833116825678 -0.0891249980174027 0.0999123000885448
0.266667059895147 -0.10972847977793 -0.0072828863990367 0.103129330869818
0.331321284738523 -0.0332494199484776 0.0408728085907892 0.119192091589923
0.349318356372106 0.120443441501654 0.0725605088127374 0.108408372168872
0.214909709717143 0.274194812044691 0.152264570761067 0.192235515216836
0.0454984135658017 0.267938412629754 0.082005099363881 0.379369051368616
0.0313159592658712 0.25986551221425 -0.143060973649565 0.457906915748462
0.0830241886112276 0.303167742332535 -0.125837646252156 0.21355293777609
0.0312774673535991 0.25367392665244 0.150033904460509 -0.0636119907487135
-0.0145386545023092 0.216682004954471 0.249590241644652 -0.351767105306406
0.00419867978140268 0.275931318109242 -0.000684823327974398 -0.431950359503846
0.221349356978406 0.286287896207809 -0.182894693691187 -0.301308798357779
0.355042654244901 0.117395101305004 -0.169348527886503 -0.0910038344768284
0.326336236458763 -0.0462028612205573 -0.109877544739597 -0.0296686292191452
0.266347260660742 -0.139125596435691 -0.0811065065545149 0.00964393432515427
0.262022196709309 -0.172178703695407 0.00764185920824274 0.0437015533687617
0.272317660646068 -0.151917697090478 0.103513855460015 0.0485198705817008
0.348309385591822 -0.0915928768249342 0.170501825756516 0.0954368010341012
0.406086770018452 0.0698331165301878 0.1892289157455 0.140998103354503
0.296923051518038 0.274031449564109 0.194558967802738 0.244216834518132
0.0776623686403062 0.315042346150844 0.0903937855899397 0.359615849041343
0.0233892996439532 0.284931131506722 -0.0999950675135646 0.373751980557587
0.0800734737857351 0.301807049142642 -0.110480020171852 0.0983749915257504
0.0448739792182882 0.251269977137645 0.159187724523267 -0.172576799178607
0.0159439249626479 0.186478362560802 0.284736876187826 -0.420332901035308
-0.00305735203665943 0.221332324122692 0.00563186690813795 -0.472099815805735
0.167903243545476 0.25762224195742 -0.175694464522149 -0.249296563515319
0.31359095672273 0.122814339835384 -0.0768407722616806 -0.0325712055822087
0.306259754028327 -0.0323928894831948 0.0133012899871598 -0.0335044460893257
0.253438857646721 -0.130288333103918 0.0304654848951977 -0.0400547648948999
0.238575698273556 -0.174372591502521 0.101700070260569 -0.0177460493357482
0.23691967365146 -0.168474436973267 0.199439527045491 -0.0178574186343501
0.307185212075677 -0.130262615792404 0.280573494252042 0.0465333681521967
0.387787559327773 0.0142499128992245 0.296327843859878 0.14604742475941
0.319581618467161 0.227280736147011 0.230440769694869 0.291047932068257
0.0974578995563809 0.311340649139704 0.0684677924384152 0.345359652454983
0.0110671923895102 0.276756168045367 -0.0961891255816214 0.276477624927855
0.0564621412812056 0.261964957206445 -0.0892949080687761 -0.0124192268586402
0.0457269549732495 0.20404254028554 0.147637025501457 -0.273655697534111
0.0374874807503662 0.136301065698079 0.309244877655132 -0.454736233705713
0.00454853914524596 0.144406320504151 0.0349891908281546 -0.489224180667028
0.110298654514477 0.183416541614772 -0.161063346882011 -0.207587408480494
0.228782492580557 0.0920289451722744 -0.0074634118351949 0.0185538212776624
0.233912927585201 -0.0261268254628694 0.11554698284756 -0.0250866541546942
0.196973372652622 -0.108564398714704 0.129650926957677 -0.0796554720251022
0.177628930899141 -0.150279776227897 0.17985275513255 -0.0758922247292005
0.171986394509526 -0.153055010055232 0.270730875050577 -0.0822696987791098
0.226544763836798 -0.132186546034506 0.355817225502931 -0.00889302992004363
0.30305782031459 -0.0204207281636798 0.37396077357274 0.131578645793361
0.265432109737254 0.160230576710676 0.250778438407633 0.316721292341663
0.0857119276898134 0.250015193732485 0.0372824163338637 0.330673126350093
-0.00131735745168253 0.219918173107779 -0.109966445064116 0.18834926198327
0.0291738373948061 0.189008553267374 -0.0652942682818707 -0.104374938423368
0.0340882901977631 0.106149173572664 0.123383452918245 -0.348030560053584
0.0299285879775856 0.0612894269242153 0.310477687986094 -0.468702372337443
0.00835169540221098 0.0641091890656717 0.0597627199784844 -0.490346110250828
0.0614349916760396 0.0878223388517113 -0.14545829135379 -0.180646205204819
0.125398933145469 0.0335340149534294 0.0341919364619675 0.0489370030260577
0.124855721645502 -0.0309046805846885 0.177272027188651 -0.0192304981171424
0.105821748945419 -0.0772557823844929 0.194883045578509 -0.106678824528677
0.088604207319433 -0.104025180128151 0.231064510958263 -0.119872137653096
0.0867952516967252 -0.108916772735261 0.312226031362413 -0.131193555833454
0.120666175958925 -0.100403238160614 0.396082352243175 -0.0523074688299054
0.173300921487215 -0.0311229425306306 0.415475783402541 0.112939189011441
0.15551443402853 0.0836829994136557 0.262382905277376 0.32467373495161
0.0455466847287367 0.141031903244341 0.0145673387175245 0.316594858000051
-0.0108317861271574 0.116993252328346 -0.122434203155644 0.128459592307463
0.00519743528082123 0.091562760958023 -0.0416751370645169 -0.160756408110346
-0.00399857691889107 -0.00256737062481045 0.0397872907731129 0.216303003586933
-0.0173726746212222 -0.00347959016474302 0.178599524680195 -0.0391945615195794
-0.0150281353704209 0.00434830804460068 0.0620017115481008 -0.304713729419733
-0.017672604299756 0.0244052352178473 -0.220470247588312 -0.37662466735571
-0.00511215129709971 0.0466576698990628 -0.42757405961684 -0.134877607336458
0.00544329268004034 0.0397954208238592 -0.407327117672652 0.0887597532951118
0.013124262865194 0.0299101014904481 -0.324082487349529 0.161891940857877
0.0132046293696098 0.0334380277215447 -0.249663196294904 0.176097573510119
0.0079413227837793 0.0366709280116054 -0.217589193138198 0.139963214692268
-0.00658328449201154 0.0426333097967411 -0.181943440793964 0.061383535050049
-0.0171053116094613 0.0228575310536114 -0.0732426452567266 -0.0175397347540207
-0.0121347269328357 0.010987444744989 0.0868055985611176 0.125491999958122
-0.0028957821098607 0.0295766703656835 -0.0334815852483787 0.43310532750175
-0.041307931761829 0.0236096629335038 -0.275969438063148 0.538082123824811
-0.0307394472050846 0.00843326927050001 -0.117787925033813 0.435485954089805
-0.00105236374062519 0.0914152641083779 0.0606005037607254 0.192680669569738
-0.0183896969619449 0.100602250620939 0.183826822686418 -0.0684393589753574
0.0205446233479442 0.124578427059919 0.0646288611210362 -0.310123883788107
0.103579924626208 0.102778233820171 -0.211409377953256 -0.383705869692488
0.132931690642263 0.0455300501159745 -0.40396784623433 -0.138946436597229
0.113971507664 -0.0116543700627113 -0.383093842053757 0.0722714007276372
0.0993226287535711 -0.0397372243270131 -0.308063076834109 0.156302882801026
0.111723186722104 -0.0364484498237257 -0.226377825604667 0.175423389915667
0.123014451642725 -0.0112332186796351 -0.185282914726809 0.149494241454448
0.133621245441847 0.0356284230250545 -0.153369776633763 0.0873418053810341
0.113104374778243 0.0825873868071816 -0.0642413833953704 0.00938067647917432
0.0530245418408488 0.11237578844071 0.0964331569169343 0.126852063517387
0.0209966779224627 0.112530874284257 0.00247920078642828 0.420274388268316
0.0078754981360919 0.134057321518836 -0.245771893638959 0.533432238981059
0.0232532418413708 0.152772772602533 -0.122943030578852 0.400639273684026
0.00546659356342483 0.171064113206696 0.0909108729902456 0.129464967459341
-0.0219934310428506 0.182246739005478 0.189588748357071 -0.148038017895531
0.038503829362836 0.22433658881465 0.0427665545740173 -0.337310573088153
0.199103338242844 0.180802841479368 -0.203788216101898 -0.373404092633839
0.254844772110843 0.0544362992158078 -0.350402118133901 -0.13807321268163
0.21440592531977 -0.0495697425732083 -0.323308688622359 0.0387451029860696
0.176260647247024 -0.0988763224135711 -0.260070841944548 0.124251887849731
0.192642232445781 -0.102431745183703 -0.16925747069847 0.149126062741525
0.21404571032497 -0.0661271040444876 -0.109878497016338 0.138061256519878
0.254725727882099 0.00669983487798114 -0.074458600603232 0.109847396949951
0.244024850994822 0.115415920614232 -0.0162323466636235 0.05468121569975
0.13354841418007 0.204425001076112 0.121742882268148 0.143972776821867
0.0390433804352581 0.192549824443029 0.0544778905969807 0.40124834698444
0.0393253765572926 0.21387570175627 -0.190139454583832 0.512232658288807
0.0678630549360148 0.256661433879193 -0.123039707033963 0.323698910234784
0.0192797410474715 0.228839679000962 0.123101244671788 0.0364664663641671
-0.0188179585879535 0.221984964360685 0.204139510656039 -0.255397469831583
0.0347323723130082 0.279408817203973 0.00870207400275023 -0.380626652889048
0.246521706589499 0.245951926888948 -0.199627147729827 -0.341319445495167
0.336717298738389 0.0770286594876479 -0.26713947406505 -0.121370181297893
0.291186565986717 -0.0659092434493734 -0.229171286509923 0.00205069333473718
0.23435863508784 -0.13650511365126 -0.181350935265083 0.0727875772031476
0.243826215531114 -0.153231680918951 -0.0874458516911861 0.10369407131919
0.26478999054128 -0.118284736218658 -0.00783177357414993 0.101565087036445
0.33149377479884 -0.0443426797112319 0.0409085310345238 0.113601695961522
0.35440838258302 0.104618802319194 0.0724547646291648 0.102730679150529
0.226656980008856 0.263877093590525 0.15625338017762 0.182931506667595
0.0589983644073247 0.265952823952945 0.0900117048221558 0.375767752078125
0.0448076403941443 0.263885866474501 -0.129986962543055 0.45806238815095
0.0887010981550797 0.304624912602346 -0.116817696079573 0.220276022124738
0.0358948338666051 0.260643892312403 0.14593344500652 -0.0691662647881923
-0.00257580860410532 0.220839051746073 0.237298024771286 -0.355362725734305
0.0154816793990402 0.277069076122191 -0.00922054366926177 -0.429321371075776
0.229688462432996 0.277671140842427 -0.191094304728062 -0.293563876650377
0.358589034106605 0.106158128946756 -0.165951877059739 -0.0844029936451432
0.326237439752576 -0.056761207406387 -0.108751476600184 -0.026059196609544
0.263448685591955 -0.147945320420726 -0.0791358304294405 0.0145422904809103
0.257987745673772 -0.181408679427713 0.00860208911174488 0.0431635799185691
0.269188603282168 -0.161111683147812 0.101007569003738 0.043670061207582
0.347106415619946 -0.103456331072082 0.170057709887117 0.0856306514658603
0.408956796670901 0.0546718144191382 0.189696319826736 0.131162810809067
0.306144962226375 0.262324142828057 0.200398590851033 0.232992876200837
0.0916041400509341 0.311653417369028 0.0995143711121499 0.350775498470627
0.038352098285181 0.28887205103725 -0.0898016885830827 0.372725193781269
0.0848878836335129 0.304542598863038 -0.103888142277322 0.105022041802966
0.0489596412273065 0.257583528923047 0.151874455255868 -0.178832078020447
0.0262223984519088 0.191076671228329 0.272333034022104 -0.425143015884309
0.00801381063004216 0.223942258367461 -0.00318041788200928 -0.46966973844922
0.177836753121241 0.252041926143997 -0.181958449714082 -0.241870093086588
0.31838871606533 0.110992143058684 -0.0725087256138416 -0.0299661730811021
0.305516167308462 -0.0435401259348751 0.0153831758783719 -0.0335732136896928
0.250829392583263 -0.139742731403662 0.031339326449497 -0.0385817965353516
0.234674840092492 -0.18265845864085 0.101273066464763 -0.0219407124156242
0.233724753303708 -0.175635895633298 0.196352797831926 -0.0262809328784959
0.304722772792323 -0.139698285641782 0.27813861622606 0.0331822755140383
0.387915742582731 0.000475900401433076 0.297800267469071 0.133777380305986
0.325827169285765 0.217232423871481 0.237134768350284 0.277113348553145
0.108688549363933 0.307236410111821 0.0765242392319787 0.338144998240509
0.024362580409215 0.279036751848064 -0.088547080307215 0.275096441342606
0.0613773093102622 0.264383243333232 -0.0856936866542592 -0.00584346413089937
0.0497659582713835 0.209004633593662 0.13754435014156 -0.280274982748687
0.0451284936070525 0.139942660090761 0.294571633130974 -0.457110545031342
0.012685817916873 0.146499598036171 0.0265788207208139 -0.48787226626165
0.117349926065753 0.178431240819336 -0.165183857032576 -0.201456359362798
0.232122793484619 0.0836309594370411 -0.00248798155713461 0.0194822551958998
0.233729414511443 -0.0345800968523454 0.117694818760726 -0.0288123678244646
0.195132664467446 -0.11566042332643 0.130051976200711 -0.0810703832773604
0.173776678700537 -0.156759907565199 0.179816536439248 -0.0822711423767916
0.168273643012362 -0.158343482466139 0.265202862373995 -0.0929064763991205
0.222668768979577 -0.138788392817173 0.35203755189309 -0.0234565007996182
0.301726136197043 -0.0300766577543961 0.374557882413433 0.117336490544589
0.269243652796459 0.151921750023633 0.259390830181231 0.304006554166873
0.0934558176121424 0.246410326154002 0.04597414064351 0.323244772452176
0.00864413083718254 0.221553995951631 -0.102959329347297 0.187517071992378
0.0312212382846858 0.19074752671994 -0.0630556358176889 -0.0981986099820769
0.0354601388219283 0.109799797927288 0.11148610345732 -0.354030022308937
0.0333189061500467 0.0628824143115165 0.296290073790317 -0.469531512112821
0.012405575749025 0.0650847756933509 0.0508498700506497 -0.488458934253757
0.0648354868530629 0.0851116155611044 -0.147145602416954 -0.17464878030143
0.126904670595616 0.0288522440110072 0.0406858190159746 0.047046351409177
0.124093510143149 -0.035274270242835 0.179898369130327 -0.0249136936319402
0.104305165366834 -0.0813744964676301 0.195786888754395 -0.111264379690604
0.0858760359747532 -0.107311733416092 0.22955683103519 -0.128390234767573
0.0840508545018189 -0.111313222837482 0.307044139944717 -0.143337195087766
0.1168629964856 -0.103568722201653 0.391925257038728 -0.0678041618905199
0.172029339651811 -0.0361952650920192 0.41592272655437 0.0985774562841547
0.156831234369199 0.0792235833099968 0.268759796747935 0.313205283299717
0.0487389020702656 0.13848024561046 0.0232460020168974 0.31020090084153
-0.00520462951715522 0.118279094903519 -0.116611858050825 0.129034284175194
0.00679450209975555 0.0936165444490269 -0.0413909953438358 -0.155200758746855
-0.00470176872309251 -0.00170452829297361 0.0449571832963223 0.215567517875348
-0.016353263874315 -0.00222740284507828 0.174689474886318 -0.0457146426365598
-0.0133887887252234 0.00424655306955628 0.0502549610807507 -0.308166207806806
-0.016947068406954 0.0250081357549769 -0.236360277648918 -0.370418451097962
-0.0020951639358639 0.0468235177195683 -0.434105977790762 -0.117212829785295
0.0080085149658264 0.0405978193706512 -0.403402511618549 0.108967791737593
0.0126694962608895 0.0295874233324333 -0.320431168653414 0.17858165529571
0.0148181377986655 0.0336027682885182 -0.246927669766661 0.191003551167753
0.00879345466861265 0.0363907510635988 -0.217438085635545 0.152443057343484
-0.00483190975511682 0.0429067882135897 -0.184271542398243 0.0688214432476185
-0.0164561863543761 0.0225792680557608 -0.0780974181880139 -0.0157064279553941
-0.0111778033776022 0.0111186817939525 0.0870211868335407 0.121811799194496
-0.00227153928863406 0.029446317811927 -0.0188018104288871 0.437599323473412
-0.041075018046684 0.025468363668991 -0.255910400338342 0.549017088497016
-0.0306250281294794 0.00925414013450916 -0.0997558309323481 0.445952926129022
0.00219904548823912 0.094420766859578 0.0648213128690584 0.190708712855058
-0.0125917567677035 0.102820462589031 0.178059534712475 -0.0751523188387158
0.0266367420879582 0.124502082315057 0.0529930757572463 -0.31279238092985
0.107539561014198 0.0983971821171649 -0.227250076237223 -0.378179812243883
0.136791080856949 0.0394141388810689 -0.409403362951936 -0.121906707969472
0.115056357770003 -0.0163215890072352 -0.382102520981629 0.0905055820625543
0.0976143971644075 -0.044808637412332 -0.303546964871596 0.172925094119196
0.111930104446662 -0.0426050990178804 -0.222996977546267 0.188586897814583
0.12376497363976 -0.0181293032259633 -0.184789299532901 0.160228388065673
0.136608889288238 0.0281102263645017 -0.154148082292274 0.0930447802161757
0.118723299662557 0.0746208685666339 -0.0680191072520697 0.0112361915041927
0.0606937013928219 0.108817849165009 0.0974317228290361 0.123021174680999
0.0282489957598837 0.112444780049884 0.0144713404895346 0.422441444642782
0.0162606904908693 0.137011306655308 -0.227047075309525 0.542820929360557
0.0299475198147688 0.155298354853158 -0.105481441673547 0.411177834794984
0.0121892942852252 0.176586010711399 0.0933449912340472 0.12528822606208
-0.0108209611966071 0.185681754000477 0.181975669553004 -0.155595996481472
0.0493097933003236 0.22500105553874 0.0309634140848951 -0.339910862180413
0.207902600467905 0.173843715966765 -0.220388148838428 -0.366889777134675
0.260500703795116 0.043718404876038 -0.354234790790127 -0.12402433116546
0.214861383958292 -0.0598213816000438 -0.322586530902098 0.0538147194979206
0.173981050758166 -0.108619381805173 -0.2563865337552 0.13826160217334
0.190694903490083 -0.113249587133955 -0.166125663721728 0.16003576720524
0.214617159177835 -0.0774283717673531 -0.108218681120631 0.144038256848447
0.258458353404748 -0.00641880978722944 -0.0740547754928628 0.111151097979604
0.252551493294009 0.100351100104186 -0.0176103142400761 0.0540637268764065
0.147007141087221 0.197369261990963 0.125396702906886 0.138192575500678
0.0530895151890138 0.192641350837062 0.0669467356209835 0.401017521834655
0.0543765226622862 0.218630983940499 -0.171805859481362 0.520798907256144
0.0784601890757322 0.260957709219425 -0.108289682491843 0.333839647142814
0.0284480418413379 0.236131173143904 0.122744348332357 0.0310089800214784
-0.00454417636319135 0.227267366827 0.19304188163376 -0.264354497462023
0.0486781639054729 0.281408614415876 -0.00489450677091903 -0.381500810439333
0.258553595447308 0.236435176216084 -0.214580940294996 -0.335091733443506
0.343839439173471 0.0617720606925636 -0.269313598385345 -0.110487728839768
0.29158619943234 -0.0800637967690325 -0.228792718387137 0.0125762722257653
0.231289302691949 -0.149363429222398 -0.178274978184293 0.0847515221897434
0.240456941192664 -0.166823839319615 -0.0845683110310024 0.108792890683018
0.263891859694333 -0.133058429166803 -0.00734299246134663 0.103253074899653
0.333812654161123 -0.0619805304379341 0.0427070621382317 0.108514345376321
0.364558006265425 0.0858670716226347 0.0743941914857238 0.0978462722198292
0.242782702705949 0.252898532977288 0.162754820791089 0.17388895611924
0.0765476531382657 0.266300957269878 0.105134784418455 0.372761231949638
0.063197393850242 0.270021256517308 -0.113666488916297 0.464259452195615
0.100562974717221 0.310188379352352 -0.10572088241778 0.229192025348794
0.0454856334863443 0.269199406527692 0.142225718421363 -0.076562283709662
0.0125228101485013 0.225947408187885 0.223455721955834 -0.367069565287612
0.0315707566264921 0.281311412491288 -0.024701659096912 -0.43246659433782
0.245034719803452 0.268413501701054 -0.204937015411492 -0.285896117075553
0.368211847076065 0.089548404918253 -0.166090586352364 -0.077037069105851
0.328120969462472 -0.073605703601584 -0.107986535731398 -0.0210289133898314
0.260150190450919 -0.162817644041121 -0.0772953811683459 0.0209331703308093
0.254795586986171 -0.196685140646185 0.0101516696264064 0.0436318719104781
0.266979594072156 -0.176036951108643 0.100254024045151 0.0390680923135165
0.346452461494709 -0.121668802507083 0.171588743989712 0.074068839530208
0.416571933616592 0.0331004017220944 0.194091281953428 0.121183656091481
0.323144137323961 0.249046404811677 0.20960742919585 0.220718254149772
0.10984282868735 0.309186361072637 0.113001807410574 0.347380974160317
0.0581629245770832 0.293670073456385 -0.0769816843587217 0.377184910489302
0.0969236213881478 0.309166967837815 -0.0967499784912305 0.113792543009896
0.0599193849340146 0.26588347143836 0.143142439500896 -0.18800968870036
0.0399970053324243 0.19540589261127 0.25786157642531 -0.43696131710177
0.0228268920374583 0.227700649262401 -0.0196273424851056 -0.473899459511063
0.192971918867044 0.245006167353022 -0.193896088770876 -0.234533248152586
0.327367752346539 0.0950331500836032 -0.0695390504201215 -0.0259374245293458
0.307641832743538 -0.0592401586009062 0.0171748450213643 -0.035379634111312
0.248785824364904 -0.15425232218651 0.0328316721444931 -0.0390284975200926
0.23042655242265 -0.196101046918065 0.102093239834954 -0.02695142614914
0.230530552270911 -0.188419051863434 0.193259711782457 -0.0366109884623216
0.302232386365568 -0.156197573939117 0.278473295188116 0.0174519709375622
0.39242130041828 -0.0186317933229243 0.302844645020459 0.118451389339152
0.338328491703709 0.202681556784481 0.250183788686263 0.263454569172633
0.12531225551212 0.303014958927156 0.0911614618344831 0.332065667582699
0.042180503994481 0.282927172370024 -0.0777344011910219 0.278033654185034
0.0701298294960974 0.268338030327967 -0.0814224981216914 0.000419440322427747
0.0581614530564221 0.215658492451687 0.125467653143154 -0.290714355593335
0.0561325512104987 0.142771126978926 0.279345161374519 -0.469851739818422
0.0236596529285131 0.149716392356573 0.0104072098565715 -0.493620937141866
0.128546502523993 0.173948358364113 -0.173773582913545 -0.19488999256428
0.23921864164614 0.0720243558261866 0.00311162103344114 0.0192575540496647
0.235118740752689 -0.0467191193421464 0.12077563129222 -0.0352526137468524
0.193303949992609 -0.127816961913769 0.13083549230358 -0.0863908374788589
0.169308147221183 -0.166962432747594 0.179364031032662 -0.0924716774582072
0.164647605020578 -0.168489034905747 0.261862695045831 -0.107791048117921
0.218662462897699 -0.15042800730661 0.351010293339991 -0.0427503962346885
0.303729659751377 -0.0453131962182687 0.380646597805814 0.0981242092644344
0.277659333799362 0.141253079276168 0.2736651925894 0.290473199592893
0.104728019989973 0.243537904398582 0.058634250528226 0.318654201802631
0.0213141011137191 0.223881091126677 -0.0957061409742632 0.190923542333439
0.0381042594266091 0.19472353467856 -0.0623549701081154 -0.093244808060188
0.0397856653093592 0.113674166232327 0.0959552601674296 -0.363950992214904
0.0388494203220524 0.0646021217805489 0.280865046002848 -0.481258826116543
0.0173120899897453 0.0670333974656146 0.0358182806604156 -0.494024397030893
0.0703117188577646 0.0833280382855734 -0.152882154757701 -0.168840072924949
0.130236183579992 0.0225130706993233 0.0463225051090449 0.0448570976794671
0.124877682848698 -0.041452813626791 0.184070930004372 -0.0341772989901051
0.102578244931007 -0.0880334715090378 0.196630705762236 -0.121253307737914
0.0821792055911113 -0.112718748033047 0.228264843882819 -0.142436882299008
0.0801687517341081 -0.116575446748931 0.300887742873853 -0.160787059080584
0.112797417464677 -0.110269921678887 0.389733835616442 -0.0878369726472594
0.171981068747024 -0.0447041970027288 0.422162137798556 0.079375768772179
0.162050697821973 0.0730322455141086 0.281980241337999 0.300019797584064
0.0545712362835944 0.137360070040456 0.0343822138574186 0.3076604192012
0.00129892785252385 0.119914265558949 -0.111091721962599 0.132917949397813
0.00896366639056736 0.0960784027625967 -0.0422891500289478 -0.151401167762097
-0.00462483421529451 -0.000173476813151533 0.0548449077547011 0.212161812966469
-0.0153120642101668 -0.00121116341217829 0.168703373015116 -0.0544903592393282
-0.0126312721828022 0.00360544168293898 0.0320455301108209 -0.307082092575115
-0.0151625960148765 0.0252090695457625 -0.256533610052828 -0.353995914765228
0.00209194577939027 0.0463657641245981 -0.438261269612561 -0.0875784418656669
0.0112476923463952 0.0400745945329098 -0.3924154098032 0.134743191442528
0.013583746954184 0.0285967587864961 -0.30876462910951 0.201296750167214
0.0168260983442079 0.0327377734760443 -0.236210518489969 0.209967164378689
0.0105328474043778 0.0358440891002664 -0.210900759071423 0.168493104839511
-0.00201739930885471 0.0426085928104292 -0.182620775550284 0.0801207438106617
-0.0151678909069389 0.0230270398319632 -0.0831063427373796 -0.010220433365647
-0.0102813173401614 0.0113882667797465 0.0892189151186298 0.116591361243717
-0.00140284738895273 0.0285369944022228 0.00571423429931618 0.435845860734397
-0.0394873063099653 0.026878584400609 -0.221851692255027 0.559011597077569
-0.0290915959122766 0.0109318826773295 -0.0718594131148849 0.454247992016223
0.00785502591212169 0.09652194727244 0.0724674681289265 0.186179596975775
-0.00375501900451367 0.103148620138551 0.169978439316254 -0.0840614287894948
0.0353819334705315 0.120948688407995 0.0344455522176569 -0.31402934328927
0.113341672006851 0.0906301594739468 -0.249736989575818 -0.361283716578892
0.139404376694338 0.029722337559001 -0.413747262546429 -0.0960852306471968
0.114733721940993 -0.0239477440598086 -0.371329302160069 0.115121314695743
0.093815802777992 -0.0514467415260358 -0.292216553844911 0.195064108018724
0.109489338820672 -0.0510420374165092 -0.21228276320246 0.206291859639017
0.122745952470251 -0.0274123724448642 -0.177529197104799 0.174079509705945
0.139384580330229 0.0174220493500523 -0.151728776266807 0.101163700046632
0.123534271874401 0.0633294935063921 -0.0710957456112921 0.0152633182705099
0.0699183810763101 0.10262209698546 0.100598900431003 0.116129537067366
0.0378627998530505 0.109991265168065 0.0385597231044335 0.420909326943266
0.0279888143464182 0.137676340056108 -0.194938395529584 0.551999780331147
0.0393246278723652 0.156239630394337 -0.0782258093571874 0.419566557883068
0.0234990019202462 0.179222983200181 0.0971939042402275 0.119049279562294
0.00371544863750384 0.185806174116421 0.168198133597221 -0.164713223529759
0.0650235162573385 0.220219714219014 0.0112624434666794 -0.338750632728729
0.218050485072112 0.158333737594058 -0.242545034210986 -0.351186013560827
0.263243191178822 0.0247591635049832 -0.357605243865451 -0.100968289223555
0.211366645326027 -0.0743741603871709 -0.316604036888074 0.0750694704501217
0.167217561464382 -0.120567224400616 -0.24597038409489 0.157338400696303
0.184097380167796 -0.127571626410608 -0.157578493425721 0.173000570039074
0.210175864666545 -0.0933470490313171 -0.103310783287975 0.152451206255036
0.257746694819078 -0.0264316987595178 -0.0712528137210795 0.113727087916963
0.25969831363636 0.0792764535460478 -0.0177177746446466 0.0538035121287436
0.162811971762779 0.18353098594749 0.130587184523942 0.127605771726618
0.0698957915562469 0.188786409473673 0.0903908035522739 0.395834201319155
0.0736100405954336 0.218335104320561 -0.141512624936645 0.526788325195097
0.0939641908007376 0.259910055110628 -0.0849561087143763 0.342363384620744
0.0429189911330184 0.239603364795935 0.121112321592925 0.0234530188512684
0.0146912292280642 0.227291046934345 0.173589618472311 -0.274134468369293
0.0695116424564938 0.277441860715382 -0.0265490675712861 -0.380129454428148
0.274234047255451 0.217885815983734 -0.235473600702967 -0.318272843797965
0.34950152061602 0.0375067450573603 -0.271564314238334 -0.0934047096970403
0.287230129847142 -0.100522080516094 -0.226337818874183 0.027016759107484
0.222417051822909 -0.165898958621085 -0.172122563395872 0.0987629569455295
0.230337017245166 -0.18523362319816 -0.0785196057383824 0.116178272690713
0.256943707044519 -0.153630245732432 -0.00450010214678888 0.103921273320591
0.330099228092007 -0.0867315462435092 0.0451385440395659 0.102442438169127
0.370016625213786 0.0567818651651878 0.0768873615589311 0.0906401839694141
0.262876116884625 0.232497686852761 0.17096591329957 0.159380352992774
0.0991394904714777 0.259319268431389 0.12727418136156 0.364498335187342
0.0877200116404574 0.268183856313807 -0.0860926833020739 0.468366511128908
0.119133679401585 0.309557263638995 -0.0878455512408631 0.238230828706648
0.0631999902998302 0.27270662626356 0.135008518743143 -0.0860102156242163
0.0330277532826471 0.227050818341125 0.199765673595462 -0.377846930591026
0.053721735192554 0.279331288906071 -0.0507108712141432 -0.429551677988096
0.263057424909012 0.250434176127217 -0.223557217083296 -0.269549938884852
0.374754418357648 0.062578586559125 -0.165598615331046 -0.0656500558154797
0.324077324459888 -0.0972178071598165 -0.10688146424095 -0.0146557339182373
0.250999974710685 -0.181753628200688 -0.0741746285028679 0.0270025334837294
0.242964235508962 -0.215641516895915 0.0129939604042239 0.0436261389572513
0.256886151423079 -0.195873770608619 0.099130616269293 0.0308838347658038
0.339218321253633 -0.145881704952549 0.171466448618658 0.0594070532212201
0.418427532328644 0.00184897827412159 0.198270118819222 0.105609077745416
0.341465096407816 0.222895670399391 0.220330046861429 0.202199882563592
0.134364760127525 0.299679402812505 0.133033954330191 0.336100692240627
0.0845469273811002 0.292527767622514 -0.0538655884846979 0.379589151715754
0.114671352866354 0.308432662261799 -0.0854993556592532 0.121774770844685
0.0770687987274775 0.269312571777413 0.128989941571971 -0.197488593435151
0.0585263614437962 0.195635058009529 0.231359529493265 -0.449185112778888
0.0436090275670374 0.228236955960036 -0.0463991328693464 -0.471348174852511
0.20964251784077 0.230239664969435 -0.208343609719193 -0.21978484430592
0.334796244355537 0.0719545568499204 -0.0661661075607671 -0.0218713250279499
0.305665806580052 -0.0813351608666285 0.0177324164028255 -0.0374003798202731
0.23934590852863 -0.172362809856511 0.0325083604373074 -0.0397492094753104
0.218227406310523 -0.214075520169132 0.100952718662372 -0.0344463998975949
0.218923694201379 -0.205922021051889 0.187352085818602 -0.0504352352753047
0.292358743814947 -0.177301523073752 0.275225144568328 -0.0041208883450847
0.390828498759739 -0.0469789025983364 0.307288585674836 0.0956139763098452
0.350879951527725 0.178258642767452 0.263066465007416 0.243369748619955
0.146808502551667 0.293214985877593 0.110136523331035 0.321394650127097
0.0664513073545784 0.280377446106366 -0.060194820886381 0.280147162197339
0.0863437944762001 0.267812655058638 -0.0768697618173066 0.007372260500302
0.0726091753150375 0.217823810832482 0.104422813024746 -0.29852683556119
0.0701426719257287 0.142128934138448 0.2505645512618 -0.482769810007221
0.037916877973171 0.150024695967387 -0.0160775174410711 -0.494257136179279
0.142057947056049 0.163902897018477 -0.184595724729541 -0.182118701378604
0.24489355904091 0.0535176675648655 0.00878576728266607 0.0180958168798401
0.233622082273533 -0.0645141867775368 0.121622039783153 -0.0442290966261599
0.185905019885996 -0.142217183764475 0.12826121957415 -0.0951058623667284
0.158846236746207 -0.180287086211316 0.174073139534786 -0.10658768740851
0.153978698674784 -0.180160682942312 0.251956041537218 -0.126277070061039
0.209195034716545 -0.165784574426204 0.344920806644239 -0.0690927886097166
0.300312178625834 -0.0662218184036706 0.384202612470579 0.0720533489958898
0.286174825352051 0.122239199698756 0.290289204077753 0.268073375581378
0.120335019815546 0.23401533239619 0.0767536546404989 0.310446019166629
0.0396889465435368 0.221880786035988 -0.0828383835843924 0.194625245824765
0.0482330127912147 0.195348475149579 -0.062153473951847 -0.0876343942374716
0.0478509980978685 0.114569527842429 0.0702949184848305 -0.372275475923176
0.0451246178064808 0.064276242717853 0.24861314808529 -0.493899456548058
0.0247809307226689 0.0670493091227171 0.00785702664749219 -0.494373120821228
0.0763579592670851 0.0785369486260965 -0.160631211927877 -0.157073678638182
0.132263665988837 0.0131969857312287 0.0530597227044561 0.0403558215840432
0.123178685992763 -0.050999947611729 0.18517734301752 -0.0479350679814887
0.0977114230799549 -0.0962168536913892 0.191782080550381 -0.134201938801214
0.0743134136513566 -0.118543710660365 0.221040105838181 -0.160534297757489
0.0726205952755292 -0.122684922339822 0.287403421793672 -0.182319675304746
0.105518251694494 -0.117859224305334 0.379372490558548 -0.114818977772281
0.168429570069038 -0.0564847439573978 0.423141678893576 0.0495200953269571
0.166522995769053 0.0628212565188623 0.298320262043185 0.278499489857192
0.0627530455827177 0.132694361992381 0.0519698859137256 0.30091257501681
0.0110946451201009 0.119552496416971 -0.101611330751712 0.138022129625561
0.0137040296098331 0.0975221397893241 -0.0453593669517286 -0.146599004703396
-0.00426595913239704 0.000447965473532975 0.0635076212310716 0.202880685446147
-0.0136803302514411 -0.000404534224527505 0.158415204738211 -0.0612933335024916
-0.0110343111493326 0.00292849167606216 0.0122682118573745 -0.298652515882159
-0.013875461822618 0.0249632082455826 -0.269844029034535 -0.328878746972813
0.00504576944284471 0.0443938083560758 -0.429880338737248 -0.0563580435415346
0.0144324699711389 0.0378601399325752 -0.369193193816389 0.156611038056024
0.0145489124479223 0.0275796904407235 -0.285150952816216 0.217161798410105
0.0189990567516118 0.0305207997043939 -0.216459224823961 0.222522636999844
0.0124242689785723 0.0341652980025379 -0.196902424153219 0.180789054395417
0.000952582257756652 0.0408141556816162 -0.175473220876984 0.090029817023498
-0.0128274024517764 0.0221430582425977 -0.0850977913786477 -0.00426117373076265
-0.00921803129962329 0.0113187701499051 0.0888849585737465 0.108229649354119
-3.50063948831407E-05 0.0270189040330704 0.0294569243186737 0.424311808203795
-0.0368335745383489 0.0285951774577783 -0.179968786912894 0.55092086857854
-0.0269217970531377 0.0115693647196658 -0.0389786248306295 0.447353323835618
0.0145961688179352 0.09526169290055 0.0780403602295949 0.177487539529479
0.00519794064809871 0.0988957034263833 0.156649111091486 -0.0901433882120941
0.0428031543355582 0.113492743091075 0.0142600705843474 -0.304952978761534
0.115231075198993 0.0798635532733148 -0.265098747210318 -0.334195335798622
0.137322800244142 0.0184891363278995 -0.405806130765833 -0.0669250356418311
0.110122185816949 -0.0318841709227819 -0.350480788173463 0.135703821898773
0.0871115080474385 -0.0567400819678069 -0.269556246072404 0.210816811093316
0.102986934713618 -0.0587900149721709 -0.193034393276096 0.217641896981934
0.117461062021842 -0.0356728608750645 -0.164473646629651 0.183356469371711
0.136207804713774 0.00599709047144313 -0.144618272771084 0.107880293838712
0.123540964722015 0.0497027553027283 -0.0711185404329006 0.0194798579347817
0.0764093847601098 0.0923024336907591 0.101687125837213 0.105902789223274
0.0463968799203908 0.103425617248202 0.0618583063836889 0.407123584952838
0.038058872206532 0.132829325597507 -0.155151523130419 0.543315186759893
0.0488382280455719 0.150775510243345 -0.0470797945920676 0.413314876095525
0.0346246726571022 0.176338381118233 0.0981320323280259 0.111080589907783
0.0196525174239827 0.178680898915477 0.151020221288474 -0.167918165660686
0.0787389083844384 0.207661543302607 -0.00932585057440791 -0.328598739025622
0.22120252165094 0.138524978689413 -0.25721272297208 -0.32388668089411
0.2573970482168 0.00471935352089206 -0.350438689776051 -0.0755657494942736
0.200691793679046 -0.0872729306938985 -0.300514924113693 0.0941171124261376
0.153645126395564 -0.129171263628512 -0.228041433284573 0.17216726890997
0.171156200606232 -0.13865626459179 -0.141393218222979 0.180876962857794
0.198483840252652 -0.107018023749053 -0.0932124686870943 0.156925559681869
0.248917589483495 -0.0454013835799581 -0.0655008632428635 0.113997734004797
0.256823924970499 0.0543411063661574 -0.0171280218383265 0.0524349158536886
0.172801841984189 0.162652729302584 0.131298353912274 0.114059458137401
0.0840708330513363 0.177068699679356 0.110182049881605 0.379358102490688
0.0906578009348426 0.208426946208138 -0.105195077252869 0.51700415469766
0.108788463051234 0.250854467312695 -0.0584095368648002 0.339149154012945
0.0592203722556035 0.235421463152418 0.115819233026678 0.0157876633532303
0.0334079239374731 0.21923347613691 0.149748155528607 -0.275467513037767
0.0885589547977755 0.263281587245766 -0.0497187097685102 -0.366356169476506
0.279593527525245 0.192942607227985 -0.248841366392197 -0.292306730338614
0.34155757097018 0.0115606583467413 -0.265278559705818 -0.0732699575779923
0.272758987427848 -0.118735254734731 -0.21640977295947 0.0407296825927662
0.204646648939495 -0.177812945092337 -0.159735304096701 0.109263145254446
0.212493737754539 -0.198783652391108 -0.0679899099040027 0.119340948625196
0.240350955265423 -0.168211080993378 -0.00112719230422431 0.101917510681227
0.315819815377535 -0.109360394414765 0.0456345135926909 0.0945120768014353
0.362762436834523 0.0250693790297647 0.0772061919110383 0.080859494457251
0.27229322511297 0.202901521911806 0.173405485498899 0.140238320061442
0.118426110626146 0.242390896506738 0.144123650225406 0.344697973647507
0.109498177810693 0.256161929762346 -0.0565165168846458 0.457783291317781
0.135487058374566 0.298476591973784 -0.0670860105435493 0.238262462644461
0.0803245641224135 0.266746317987071 0.122881281176355 -0.0909997975200823
0.0524155346157294 0.219346192270673 0.17007847794217 -0.377872466431203
0.0752620712540901 0.267283195067785 -0.0752703652577535 -0.414871753740031
0.272595758715199 0.225699911855528 -0.234565028821349 -0.244322190244752
0.368296828931873 0.0335624660460037 -0.160786792826996 -0.0536601020564572
0.308936968866871 -0.118971027172159 -0.103367446235111 -0.00760648278004253
0.232419525174288 -0.195801602079913 -0.0688965616538037 0.0337155330757624
0.222230547591079 -0.229315522072047 0.0157940607638719 0.0417059754577527
0.238057775921717 -0.209582367435799 0.0950343661267217 0.023613920288201
0.321266364251224 -0.167512504221973 0.165169594970095 0.044043827246541
0.406550772820808 -0.0314457283589154 0.195839089553566 0.0874721145018547
0.347287093700521 0.190245425800059 0.225227361774059 0.177415635138913
0.152606091588473 0.280331116907407 0.148486485999795 0.314963100229656
0.107070347294351 0.278746414196227 -0.0295054498053688 0.368825046117109
0.130420786667685 0.297527947509005 -0.0706575606284561 0.125166147380978
0.0936388496789133 0.262288633318236 0.110247194847981 -0.199533351704811
0.0755924771161296 0.18795516179523 0.196828871799428 -0.449137207923197
0.0622748661141313 0.219008144102278 -0.0740411885706569 -0.45593215506203
0.221275008793831 0.207845734010853 -0.216506657173996 -0.196444127372998
0.329761392323041 0.0440579418764751 -0.0615796896260675 -0.0172460508308566
0.29203752855569 -0.102300462371067 0.0167197385346792 -0.0390064611875058
0.221972534501454 -0.186293486707979 0.0309289590421907 -0.0394490354489835
0.197909659683987 -0.22574619584443 0.0966672044431277 -0.0411670023489853
0.199901468581128 -0.217204749688065 0.175769571462972 -0.062538219025916
0.272918725672313 -0.193591529363281 0.262047779736331 -0.0252786765008354
0.376182918676442 -0.0755825295934728 0.301909195090379 0.0706351983610876
0.354377640057868 0.148402019836964 0.268111401188331 0.213738292272407
0.162195203751216 0.272855927676935 0.125175478760756 0.301963862222678
0.087399596797274 0.267492298531335 -0.0411822700359083 0.274329772087125
0.0994139983547009 0.260004531905305 -0.0686093980386371 0.0124133328813159
0.0857490279769984 0.212259481197431 0.0799396394604653 -0.297882139136455
0.0816705888779511 0.135406680156293 0.21434574656816 -0.480628225049632
0.0524538356381304 0.143422810428766 -0.0463635794434691 -0.478041312469893
0.150989920015461 0.148918985209407 -0.189619912744404 -0.162490528629574
0.241625725803282 0.0330979485707989 0.0133889099824943 0.0160881996913197
0.223183656134496 -0.0800154703893447 0.116988082831349 -0.0541117193791383
0.17189125096294 -0.152826036438653 0.120601849357542 -0.101414510677756
0.143531116244278 -0.187243587267167 0.163093633830318 -0.117410620142006
0.138124970562694 -0.186733625568329 0.233500961543934 -0.141091096095419
0.191674227792329 -0.175875533433418 0.325163265432907 -0.0908057247152568
0.28654821525698 -0.0865914100164675 0.37420251698252 0.0418225115665374
0.286827641021997 0.098200967911583 0.295816546597809 0.237852013357695
0.132239325552627 0.218557804736559 0.0912819238766318 0.29297960478046
0.0559758393446783 0.212098826658717 -0.067961500573845 0.192285765371758
0.0590910631009742 0.190578055175551 -0.0603589702890315 -0.0803488691813639
0.0543063081608627 0.111674545992107 0.0422184695486472 -0.366936324288018
0.0505361192682278 0.0605958690615367 0.211038424609593 -0.490273085498392
0.0308391044775913 0.064153552201028 -0.0207877191917736 -0.480177311198389
0.0813722082480364 0.0705830093086785 -0.162939898257077 -0.140145722619775
0.129286977873236 0.00316866030922409 0.0570310983089386 0.0346237401845379
0.116885892459536 -0.0588558035451845 0.179646510429451 -0.0614844516354241
0.0892151760984298 -0.101580980853569 0.18057754042818 -0.145220648999384
0.064538421623104 -0.120502875586219 0.205592623991895 -0.174509823003407
0.0623562587295137 -0.123983866931669 0.264956828337128 -0.1989224197139
0.0937692074395752 -0.12151603342957 0.358066209294323 -0.139625250072987
0.159754431169348 -0.0661039086170944 0.411621318383862 0.0179511351950218
0.166054442890718 0.0493060361888617 0.306251917316216 0.24810405862259
0.0691043691094372 0.124717457669014 0.0667779760810268 0.285347311776103
0.0197498491663219 0.115102726125218 -0.088117444699461 0.139076108464703
0.0189485537176097 0.0962251388973702 -0.0472672194692363 -0.139131739801324
-0.00227356009132307 0.00317652114053371 0.0834945219189345 0.184905990222053
-0.011742904915399 5.31503803912923E-06 0.140302485654994 -0.0770692068788972
-0.012336247438487 0.00159387463486591 -0.0281744804745419 -0.281942805676714
-0.0112500473718763 0.0239601606269152 -0.304408593017157 -0.270902649015505
0.0100470828390324 0.0390667633615753 -0.412246196187791 0.00387803025799207
0.0183465831099622 0.0348700867204051 -0.326330038464202 0.197135576273144
0.0150025573913912 0.0270101308892929 -0.242479425563706 0.249002499119889
0.0221753041905569 0.0266520939256512 -0.172149440719798 0.242228343199171
0.0171671203523705 0.0307484265867501 -0.162996840916518 0.2008351904847
0.00716356115732878 0.0374774851619993 -0.154898203455126 0.110606680054699
-0.00910298217048708 0.0218719119136579 -0.0831902580249155 0.00862370612595273
-0.006631800889974 0.010061837356749 0.0947629963230762 0.093530294562905
0.00634569742188639 0.0230100208752022 0.0830647191103198 0.395756475657612
-0.0234171689519022 0.0296647950425872 -0.0945534524463591 0.541293962965593
-0.0167380981507515 0.0142197285191974 0.0249169337912533 0.432073179950764
0.0295805428854994 0.0932150047977591 0.0917343412944771 0.151096877807096
0.0191403346062728 0.0911406169151308 0.133623790786127 -0.106590085603501
0.0534992126669608 0.0984346476699983 -0.0277076723993821 -0.294197172318079
0.115334766637777 0.0602196576981718 -0.302194456661033 -0.281590460444914
0.131311885058722 -0.00300895473392302 -0.395904820362045 -0.00872805362842736
0.0999044984562621 -0.0436776673457674 -0.317453331463484 0.173253638450685
0.0734146434775342 -0.0621196080766008 -0.230132351214691 0.237794306676956
0.089019328648282 -0.0702922400572852 -0.152471625162037 0.233073558929722
0.106429624843373 -0.0512749609565805 -0.131352468151838 0.196198815345605
0.127975387674447 -0.0148945285073818 -0.121677768773252 0.12054437656652
0.122051941515158 0.0268463115438279 -0.0652443851795202 0.0251881521201692
0.0837499091934917 0.0714849779546648 0.109499911964898 0.0868989326478737
0.0627731090614325 0.085643207101473 0.110796609060014 0.377466534196075
0.0620192606742385 0.116095362126308 -0.0676561863982928 0.532967006383826
0.0722141445157174 0.134289587674727 0.014581594061499 0.405981538663196
0.0615745136688692 0.169318246089245 0.0989403011420625 0.0786936062141187
0.042808087207615 0.163393235666493 0.116976843969346 -0.182477157001473
0.100633736465169 0.183395302011064 -0.0550282647009338 -0.317938296520927
0.223093284462678 0.102762662405739 -0.296893544636429 -0.273359505602765
0.242716206818938 -0.0305327094234978 -0.348715512697144 -0.0273017208620635
0.17775181827787 -0.108025234754358 -0.277673049889317 0.126050089636896
0.127268888984751 -0.139861521129366 -0.197433199550192 0.19246459141286
0.142298233163375 -0.156303988209851 -0.108332296566671 0.190459984595501
0.172970167071058 -0.130033105611073 -0.0690284095187842 0.158945737123014
0.225311761800704 -0.0789981448785949 -0.047090391629857 0.110971061638605
0.245990807253847 0.0104776988768996 -0.0092882931344155 0.0445380491081678
0.183073621536204 0.122937467726701 0.143445605349307 0.0873929410039693
0.110467458700931 0.147141381561005 0.157528713039522 0.34563237810897
0.12231713757499 0.179251270524888 -0.0208740022332374 0.505654771158929
0.141010127932917 0.219838641028548 -0.00444272615533399 0.339258910506664
0.0939988606897555 0.223135096478067 0.100360558958886 -0.0181095621802048
0.0626924092558528 0.200584928173608 0.101570805854426 -0.284925403922339
0.118426793961111 0.235036521697271 -0.0993876487350863 -0.351625312530481
0.284355817047283 0.146197821120238 -0.285013412281255 -0.246866024087454
0.3232463511786 -0.0364162892877141 -0.271009257456597 -0.0395587985062854
0.242067157829159 -0.147285413731081 -0.207958362125507 0.0626377915712972
0.169874823404719 -0.193096634793853 -0.141416721468371 0.121714979009219
0.173950927205565 -0.218384718488093 -0.0477951196859042 0.121060627215917
0.204405062175295 -0.194777143374439 0.0113315383910603 0.0929528392232124
0.278710413057529 -0.148207485530739 0.0553777490424448 0.074740570063075
0.339537862310596 -0.0324022351438815 0.083200210932009 0.0563411659570779
0.280927237672101 0.146427169559649 0.189053599621182 0.1032928156445
0.150766084969846 0.203195898442643 0.187639736882835 0.308984474882904
0.146194461908248 0.220287513452866 0.0194989930417129 0.444687672297117
0.171679325592288 0.260742892064424 -0.0252553342946963 0.245409775742211
0.119990577705139 0.250594224480647 0.0904618033786529 -0.122525456849331
0.0812910212988731 0.198170752133064 0.106680596049333 -0.385645272801123
0.107034427111181 0.240068510230744 -0.130640803774956 -0.393705403978422
0.283543355348662 0.176012915343298 -0.262568314811321 -0.20430491823076
0.35075113789647 -0.019538828297581 -0.169078400375182 -0.0371264174370025
0.276080062109282 -0.153360902226959 -0.108264995738486 -0.000434223598001433
0.193197061481237 -0.214225841835651 -0.0641095707541341 0.0351461082481522
0.178631350606578 -0.248469312410556 0.0206792769075038 0.0351025362886175
0.195603444700808 -0.233274645661296 0.0907036170729417 0.00454094259399292
0.275000989818791 -0.202354687347424 0.159932381700109 0.00790276435043009
0.372351398871923 -0.0897354640222159 0.194974715410217 0.0450834606442425
0.348863129156577 0.125732363175006 0.243424128748954 0.128747128618929
0.187795654311517 0.233492877326343 0.190978117509897 0.27885759318844
0.145671200280825 0.240253157839903 0.0343510468293264 0.359307708017551
0.165841735781276 0.260844099628906 -0.0438168543279962 0.137682598072841
0.13136431166689 0.243943262979299 0.0631978220006291 -0.224212664784198
0.100071364048585 0.165986410747083 0.122053207055277 -0.455384745900779
0.0900628086232044 0.195435185921355 -0.134455646208772 -0.432681357946374
0.234252539566583 0.166378524599895 -0.236893734828186 -0.160405089868729
0.315538321462054 -0.00351357490284689 -0.0680668313185695 -0.0174366925500564
0.261777064526682 -0.135943677168033 0.00237126756875585 -0.0463469824294991
0.185248107442349 -0.204934460203981 0.0212630829754528 -0.0496315249342268
0.156400452294119 -0.241779985082968 0.0857087930572727 -0.0553971373216292
0.158769846140294 -0.234204238605048 0.154966239208288 -0.08777967071253
0.227187330073554 -0.219283422661287 0.239973410340628 -0.0695686520888767
0.338469167632737 -0.125724160337461 0.291378489163953 0.0157860199885789
0.348526644814183 0.0845382645494183 0.28806436213571 0.157082782742385
0.193457009836342 0.226363747441025 0.166482405065778 0.268272145035257
0.123464639546437 0.232659284948573 0.00973605563543881 0.27083577909671
0.129453602863212 0.230633319606382 -0.0574237919769985 0.0293703278811239
0.115229888354465 0.195456214733287 0.0225379404093961 -0.309019586618604
0.0978526505512504 0.115932660734603 0.134103404301207 -0.485869492802096
0.0700429336052159 0.126744438525925 -0.109525731310639 -0.455834911947146
0.161283241984222 0.120380135167211 -0.203121106957847 -0.130374497742644
0.230835901149625 -0.00172750390041818 0.00949004355999296 0.00586627780540189
0.19988640405292 -0.106133267982002 0.0976962481703215 -0.0732448729569757
0.142485935691922 -0.167581753162907 0.100916521948631 -0.120730105551137
0.109218860882386 -0.197598687454848 0.137765209595466 -0.136983915548436
0.104027462488164 -0.196248328683912 0.197710394146274 -0.169478590922404
0.152790659251212 -0.190137832762481 0.289699686732117 -0.138655263539213
0.252414128579716 -0.123203715005588 0.356791252652201 -0.0181682712988513
0.279319217562476 0.0488711957619393 0.315303423950547 0.176924200658487
0.156033880648348 0.181288859407464 0.130920420609643 0.263902777088811
0.0840303031686325 0.186661442809043 -0.0287503526399296 0.195278920041989
0.0808723008809261 0.170820063022313 -0.0621895479443729 -0.0633653728554892
0.0690066207927991 0.100490808166219 -0.0181098897157547 -0.363280129409057
0.0570130405449754 0.0492465003414766 0.13159255597596 -0.490494407589102
0.0377950665881479 0.0551674576623779 -0.0844535505355181 -0.456649493341875
0.0859463777956701 0.0560513278733743 -0.172450012798638 -0.11071073438233
0.121926760008146 -0.0143374398776825 0.0569615491682628 0.0195854648720139
0.103452459182573 -0.0720933822236224 0.158648650457936 -0.0869115170999216
0.0710140639971342 -0.109311725061139 0.153713794919353 -0.169272451488266
0.0444935871735624 -0.122866340012611 0.169197854178684 -0.195933340988097
0.0400656239503342 -0.126208897358387 0.219672419335371 -0.226723578064349
0.0689371617852664 -0.125794219128647 0.313008240060985 -0.186098872508542
0.136116871186069 -0.0866647224051858 0.387909670133994 -0.0429095882149637
0.161150869658834 0.020466405033125 0.323848033769557 0.192017096180681
0.0834978873018655 0.10354678938453 0.102722960072145 0.260648583774218
0.036509200387358 0.103262053868221 -0.0587958611248605 0.145696193524872
0.0299005656193224 0.0887314306611305 -0.0584102553404608 -0.12393620165539
-0.00111046114826367 0.00369814699251654 0.0784699036099705 0.177974126318739
-0.00938897338391179 -0.000606365856275786 0.132235650859532 -0.0720456770470206
-0.0126401485457885 0.000130870669518357 -0.0274566631881138 -0.266626828329424
-0.0112492121800073 0.0228107384791676 -0.291793451188703 -0.256799157565643
0.0104499885463028 0.0360615400782709 -0.391951000716799 0.00817475226721138
0.0184941815073493 0.0323258057764553 -0.306591549072895 0.190410492346405
0.014847447562401 0.0258539437267843 -0.227197487752932 0.242875259729196
0.0210483448512971 0.0249385141113996 -0.162120008055715 0.236531153716713
0.015994084322765 0.0291066219356694 -0.155192060382666 0.195980296687408
0.00697244260279605 0.0342796304279771 -0.149855677438431 0.108623296122153
-0.00895835905920951 0.02034888316822 -0.082498501772394 0.00997252710609199
-0.00672393006153721 0.0092702380432727 0.087543239484732 0.0894845206508138
0.00503258796537396 0.0213527873329855 0.0808187583212229 0.377374409458891
-0.0230648949918224 0.0280178970394947 -0.0908978131147624 0.513567754463424
-0.0159581576232159 0.0126399895423486 0.0288830229707998 0.412222549300333
0.0304239836253194 0.0899362945488357 0.0859794528012167 0.145736287458358
0.0203833783043993 0.0851878231165694 0.126588647052685 -0.100404752375288
0.0512497567931189 0.0916942964848714 -0.0278006359259268 -0.278807868611628
0.109816699202839 0.0554181661932517 -0.290450975307802 -0.264614975134114
0.124558104629719 -0.00445804057662623 -0.376452653496428 -0.00497715349721354
0.0944617782596444 -0.0436928944152336 -0.298055536865575 0.16795706835928
0.0690498211306899 -0.0600743882056904 -0.215925738809138 0.232169012761743
0.0839051197928091 -0.0694263552159286 -0.142443570645131 0.227167478081528
0.100748639943178 -0.0511798579965356 -0.125785739835068 0.191334870700646
0.121435302460934 -0.017704847845555 -0.118350204662299 0.116629909706756
0.114892089622294 0.021555389212911 -0.0638659146215535 0.0256142369357597
0.0814232864584294 0.0646785431085654 0.10192582077882 0.0828624752105577
0.0614531305893894 0.0803517340559363 0.10786947174087 0.360941750619823
0.0620259607122603 0.110505660483002 -0.0634880628293368 0.507800432054902
0.0703106884077039 0.128802918408135 0.0186384721760143 0.386199117970952
0.0613340995285085 0.16363643692508 0.0921229475363855 0.0763462585150906
0.044383562341165 0.153750082515272 0.108736336138061 -0.171659776368689
0.0977344547178491 0.171707725875283 -0.0548917191402124 -0.301132153301734
0.212828596315297 0.0944880637665684 -0.285367421865426 -0.256984496794029
0.229953828796111 -0.0332163889099143 -0.330519926645157 -0.0241722355376956
0.168317747309473 -0.107059516556688 -0.262419966263118 0.122908168862171
0.120220462927744 -0.135248204139734 -0.184282280439772 0.189255836588185
0.133480338472784 -0.152949534827367 -0.100985641184037 0.185287483584521
0.163118494035762 -0.128719796549006 -0.0658032141898078 0.155093139052791
0.214023658452838 -0.080413666835907 -0.0473784749135211 0.1067824382261
0.233698071060756 0.00314227171292539 -0.0112727822923967 0.0426863976753808
0.176705529066463 0.111170408225154 0.134440144014163 0.0809832511322265
0.108821535039327 0.137016394944241 0.151680309885795 0.330051273183901
0.121688137622141 0.17014412084304 -0.0189416275556882 0.480846963280908
0.136859254439145 0.211748128053532 0.000938111898000021 0.32477218363531
0.0927229383080775 0.215274050117921 0.0936393323218565 -0.0162426524423532
0.0646164522637514 0.188380582282987 0.0932336755838426 -0.270514303349255
0.116531317146017 0.220494910343215 -0.0977303604010316 -0.332754652464192
0.272747373298944 0.135190592515633 -0.273329686096825 -0.229765083148994
0.307824729911104 -0.0392214110755976 -0.256166392784876 -0.0362458554008043
0.228994585028244 -0.14501236966114 -0.196998245906143 0.0619448624502861
0.160187801305412 -0.187984144375915 -0.130806085576617 0.120032282342884
0.162051088588179 -0.213904020971224 -0.0439538710326341 0.11777397904777
0.192116919783095 -0.191191997434259 0.00913433749809385 0.0901957289468317
0.263999039860702 -0.146849354038194 0.0487597079382308 0.0706359157413565
0.321270718598529 -0.0379182177478116 0.0767614065147196 0.0517505863104742
0.270364023763216 0.132246965244583 0.17808961956354 0.0943397091258229
0.148648281169529 0.189590031096868 0.17949257256346 0.292402964222326
0.147322040545737 0.208582102005669 0.0199886662277761 0.423469713145892
0.1661914182987 0.251403451782706 -0.0200187179086077 0.235175126456147
0.118286906054625 0.24265808542484 0.0834062918018171 -0.116184329118431
0.0835158681717706 0.187331079719837 0.0985177116653894 -0.366236343871077
0.108209930383951 0.225822550512494 -0.127238642216492 -0.37495963191667
0.273077193198362 0.16381487076853 -0.251819069889443 -0.189492690309598
0.333516472222435 -0.0241794642981971 -0.158638335584649 -0.0347459265017717
0.26111738778964 -0.151485861939284 -0.102207432902549 0.000664997244819212
0.182815259106543 -0.209031532233983 -0.0585784865947893 0.0361630221773905
0.167225789508998 -0.243002372488164 0.0210504796888573 0.0334061446424116
0.183557336637254 -0.227543950224421 0.0844697782786998 0.00490805447928413
0.260516461677832 -0.198358284848263 0.148364355388585 0.0058870800877587
0.352964345038406 -0.0946262138713919 0.183109985445563 0.0402159487828495
0.333003887380973 0.112675787218258 0.2292432232572 0.117472382474037
0.182545151596238 0.217528470997039 0.181532947108995 0.263311843132909
0.145657392442133 0.227014684340207 0.0341411160491977 0.340841392554868
0.161256136853594 0.251816070473464 -0.0379311952109203 0.131645162499056
0.129748483241933 0.236097640629145 0.0569408687431741 -0.213132865060126
0.101214832493593 0.157564961224395 0.113841256138414 -0.432921273533268
0.0920127651312869 0.183956729185986 -0.13226814580924 -0.412981680707881
0.22710022350161 0.153866159624762 -0.225741423120888 -0.148917536079781
0.299911105865679 -0.00897289971269029 -0.0621136811984036 -0.016393296705586
0.247430543898848 -0.135432905599617 0.00220807494013328 -0.0456564777270307
0.174763899292552 -0.200363114717609 0.0229371673709315 -0.046759687058184
0.145963918585321 -0.235178961768501 0.081866232981277 -0.0544037016718924
0.148665360843624 -0.228272158266899 0.144631238154589 -0.0860412934133481
0.213711748274675 -0.21401438887847 0.224127071132803 -0.0702818047333563
0.319365007595704 -0.125690169072008 0.275391664881477 0.0104296656649329
0.332811537098924 0.0755822359626418 0.272979148051383 0.143514837635072
0.187352209947654 0.211921648601679 0.157013002201445 0.25269481673643
0.122696386077038 0.219598781665516 0.0113214978460586 0.25699875561257
0.125724796849351 0.223151366419618 -0.0513560544022091 0.0275693773217531
0.11341060975042 0.188763828061061 0.0179562921254174 -0.294726941885631
0.0980770680592092 0.110508562362708 0.125316114955304 -0.462861029865406
0.0718074565086569 0.118334945998192 -0.106724444967857 -0.434540468768691
0.156681691370685 0.11037979044342 -0.192188871953462 -0.120180526182811
0.219968752436913 -0.0061697244879753 0.012000454911603 0.00415501440958325
0.189552480219881 -0.106076889987668 0.093035713645333 -0.0729014589025276
0.133879386380451 -0.164217982982251 0.0971997972371433 -0.116503925359346
0.102040339947922 -0.192074642959031 0.129992897759416 -0.134425440791034
0.0971910927574216 -0.189929846331124 0.185040190280663 -0.164895388055265
0.143811945631512 -0.184535977004261 0.271328288087169 -0.136438220472115
0.238471238807677 -0.122006240778705 0.336597309624226 -0.0221610388541631
0.26632827095613 0.0421275410077543 0.298884059783494 0.164228057635378
0.149928114403856 0.170593379776093 0.123095038324612 0.249170911127621
0.0836459451634776 0.175989172726694 -0.0255708471664282 0.185168422527216
0.0790326205697778 0.166083180489002 -0.0558157520009447 -0.0609094830830192
0.0675925975751541 0.0976999950317124 -0.0215525851039528 -0.347160931693977
0.0570381928290428 0.0476537244011538 0.123120869927343 -0.466429399398757
0.0393280655375026 0.0512914264826291 -0.082629149435674 -0.432654852815137
0.0840973356958163 0.0513008694233243 -0.161625822811481 -0.104241432693329
0.116368242771173 -0.0159211350168637 0.0566839197328578 0.0162994335105158
0.097794598209727 -0.0714846941120521 0.151805526335733 -0.0860357652854008
0.0661569304153212 -0.107159582467229 0.14654726156171 -0.165276776994787
0.0411538132776652 -0.118696435965993 0.159574405349182 -0.19221268334263
0.0367459144084581 -0.12165416928153 0.204785188526613 -0.219277721579479
0.0634743518319816 -0.120648500355213 0.293492989477619 -0.181389003058527
0.128393087523374 -0.0841791956117151 0.365832846366666 -0.0459204955865752
0.153419338104784 0.0168312436110169 0.307118181418013 0.176149537410878
0.0802712226233629 0.0980059955090268 0.0969332473232312 0.246186614858983
0.0362071790588751 0.0974320430743811 -0.0545913238636983 0.137592982894156
0.0299321992798307 0.0864602287620293 -0.0526376849754742 -0.118462922506189
-0.00075524125372577 0.00335044217826629 0.0714207891556112 0.178371487853785
-0.00870488140691075 -0.00235607585860273 0.130897016212051 -0.0669579520496164
-0.0129149348542356 -0.000940912753981824 -0.0220520064611244 -0.260616657425654
-0.0126933395924706 0.0223292059895738 -0.28204815433817 -0.256855874422882
0.00945129155703482 0.0354296277469669 -0.383006640672486 0.00251568885546915
0.0178739547968823 0.030920416370724 -0.300332739813233 0.18217209370788
0.0140196411026706 0.0268216712263273 -0.224071005001069 0.237339437207805
0.0207158803850164 0.0241594799770322 -0.161640593020377 0.2328714527219
0.0148608689673178 0.0285182223228154 -0.156393446485731 0.194350696832963
0.00618804750969914 0.0331578553897261 -0.1507833754033 0.105806710845756
-0.0097792305841136 0.019225894705391 -0.083426861956426 0.010018754214338
-0.00630612851741103 0.0078866474972469 0.0805467383956183 0.0905846451284227
0.00364270937129703 0.0203301570073816 0.0701354846318203 0.3684428220359
-0.0237787409913029 0.0261273151981561 -0.0992815952739841 0.497666335766023
-0.0164792752306133 0.0109929261393935 0.0234978948841577 0.406084826441798
0.0292658190270444 0.0896520181219361 0.0791199771195906 0.146873676153765
0.0197581677574949 0.0815877751412508 0.124750425588574 -0.0942906504487281
0.0480772381515064 0.0888209086672962 -0.0210569557235603 -0.272431431216275
0.105642984314166 0.0555028342893763 -0.280547120750279 -0.263339527264934
0.121562252039328 -0.00432182195567343 -0.366845842474149 -0.0118005418295555
0.0931585064524049 -0.0424891767055447 -0.292131577604821 0.161507669598908
0.06878481646958 -0.0582334732910072 -0.212409877470442 0.227577437375216
0.0823539659183253 -0.0684113466617012 -0.141564641107227 0.224705230378863
0.098858433105181 -0.0503746910464224 -0.127040831359598 0.189828956019772
0.118337269298248 -0.0176673717572329 -0.121182355243791 0.113854272384709
0.111246079013154 0.0193428046020726 -0.0660431938856259 0.0249803283510533
0.0792464892289345 0.0619902903760289 0.095407524829868 0.0830830834382085
0.0607916318407783 0.0784598314684604 0.0971250791762935 0.353223578542245
0.0607900978684963 0.109424272980367 -0.0726479379079373 0.493143613068211
0.0676979183232336 0.128279446331329 0.0148148406351813 0.38112524088219
0.0592947405239711 0.163639758220284 0.0873858291269072 0.0794739083913572
0.0428229106588893 0.149042185130423 0.108147922521114 -0.164036822926695
0.0926220319156669 0.167184356877338 -0.0480985601045453 -0.293890369885242
0.20618148741977 0.0943385168642486 -0.275032821894751 -0.25536685162513
0.225090634590006 -0.0315469017949599 -0.320983136336464 -0.0296428604157044
0.165981106714348 -0.103998882780801 -0.257265978714895 0.117762947809079
0.119250627193509 -0.132154548467776 -0.180247105842951 0.185920348853907
0.131287263115545 -0.15166817909631 -0.100762347864877 0.183025896488864
0.161157565699519 -0.126292059485661 -0.068484343673898 0.153655458440331
0.210682471960317 -0.078848264572369 -0.051991536822447 0.1048881106961
0.225999154557704 0.00251625273590711 -0.0137201551666563 0.0416372724139225
0.172564037401079 0.106844870985402 0.127318883557258 0.0802996334345846
0.107623040459744 0.133534354858661 0.140962809429871 0.325757130295319
0.12096790964193 0.168119212930012 -0.0282294741480583 0.469453736457176
0.132038662208392 0.212777452889225 -0.00200268688416647 0.318499305200699
0.0902609261933636 0.216302280263397 0.0905225999078766 -0.0120900514351659
0.0633087975235886 0.183304450471827 0.0951857629027228 -0.259964139793977
0.11202035335596 0.215247489676702 -0.0901223272276689 -0.325898658430408
0.265719956714699 0.134596580891136 -0.263364666407955 -0.226370312981878
0.300988838204447 -0.0376971089434831 -0.247289055954043 -0.0392663691343054
0.226080544130887 -0.141606003565831 -0.191945414661465 0.058163487508373
0.160008807706924 -0.185027230265034 -0.127111782685644 0.119098814941657
0.160746027443444 -0.211300325677243 -0.0435045044991383 0.116558164782233
0.190824994005924 -0.187857557356825 0.00566886958015749 0.0901891006889364
0.259943218511345 -0.143895038561686 0.042960384848182 0.0704524043010813
0.313601236443897 -0.0373764414406605 0.0716862220959728 0.0514719044639275
0.262986340006531 0.12794838071252 0.169216028850255 0.0924153228771333
0.145836963601816 0.184998378695739 0.169981931994178 0.289211386463295
0.144686641820552 0.205698179255789 0.01106730653706 0.414887014253283
0.16112048642468 0.253415495570711 -0.020763615398325 0.230800500695387
0.114623901972586 0.243640023281642 0.0824419007340838 -0.110935494639821
0.0832926624476584 0.183754459064684 0.102049018763058 -0.354872473232709
0.105022994009483 0.220172459689153 -0.118545293853272 -0.367438584110247
0.267361954320008 0.161738768982681 -0.242603451092987 -0.186145670339143
0.327242713151664 -0.0210780607608868 -0.151629980274703 -0.0368897947714156
0.257585901189785 -0.148304347598973 -0.0993977409064214 -0.00126086311049396
0.181124974823132 -0.206270714738083 -0.0548233461808468 0.0363229131144304
0.165703248036035 -0.240239793438816 0.0208097409395002 0.0331855064471133
0.18393859073103 -0.224285752950498 0.0802558130481366 0.0064401070090761
0.257226577783082 -0.194744016606918 0.140881043493353 0.00762745575699704
0.345269145347213 -0.0918460630475924 0.176499954165385 0.0403746871319851
0.324421241219295 0.109421009667136 0.219581788640101 0.115217906749533
0.177013421711318 0.212928096623132 0.171861808625026 0.260318819412227
0.143962995966323 0.223570262181574 0.0269500777150235 0.334045355702025
0.156728341877828 0.253619290075549 -0.0370829767502321 0.128968950445175
0.125521776876716 0.237721714300625 0.0582905605998831 -0.206599186460648
0.101504906325885 0.155579221776384 0.118289075253498 -0.421518278060167
0.0912698440437858 0.179094290244758 -0.122151718264908 -0.405614284555677
0.221695080597358 0.151207816825046 -0.217297133663298 -0.145236327150277
0.293426187349353 -0.00777324038884693 -0.0580182725974599 -0.0179057973481773
0.243906310567881 -0.132610893591327 0.00364704511103151 -0.0451305708031718
0.173177200323457 -0.198015491672268 0.0253932628664062 -0.045053923622158
0.145215291163909 -0.232668457367827 0.0811809213694716 -0.0539465399734967
0.149398371585757 -0.224032562751531 0.140687978084848 -0.0823801412892815
0.212229125979291 -0.209428070039292 0.216666092917392 -0.0661614128377999
0.313218828311104 -0.123584498299593 0.266689830440667 0.0132137126554571
0.324360222950654 0.0749370521498984 0.262127023728672 0.142454509914318
0.180562275095358 0.208619704475758 0.147784893156654 0.248938894048683
0.120035632952541 0.215286436921132 0.00638626229105345 0.250139179362574
0.121196066811559 0.224953314505814 -0.047005798529222 0.0265931403698228
0.110043531036655 0.191088926070085 0.0204576188239535 -0.288705057864147
0.0980534091137736 0.110402510508745 0.130736410202153 -0.4479814699113
0.0728523319179208 0.115693186945337 -0.0988803122750227 -0.426243800692291
0.153830536293724 0.107879455276826 -0.184141951024945 -0.119754309669502
0.215650610172824 -0.00538967808019397 0.0135992996738096 0.00271637393383399
0.186414358430879 -0.103847630224008 0.0935673880749103 -0.0713391917580794
0.132516876875936 -0.162201923815271 0.0984364058194846 -0.114902668105306
0.102162027685221 -0.189516866189712 0.129582938338442 -0.133033608719819
0.0972813158807858 -0.18674254775724 0.180925819316016 -0.159345304563846
0.142641700126402 -0.180788840130463 0.264448057259253 -0.131243397357882
0.23441165208399 -0.118571370110584 0.327108035627622 -0.0193513417554871
0.260565971943458 0.0432244797329674 0.286997062484433 0.16325717170204
0.14393525912606 0.16831520750591 0.113923866865893 0.245290710496653
0.0807352007986291 0.173066721959822 -0.0277345118631298 0.179457847799728
0.0757253777818204 0.166589632670244 -0.0505125718991579 -0.0611801950046078
0.0651765684260849 0.0995483162587616 -0.0169249027089736 -0.341339312185931
0.057140451609774 0.0484789318943711 0.129685566356952 -0.45092881001878
0.0398708768560761 0.0498463147994751 -0.0731727893077515 -0.426226165625235
0.0827613796331237 0.050447801473023 -0.15378829683527 -0.103904189957736
0.114308347784823 -0.0152080000548808 0.0571690144647934 0.0152097164713669
0.0969441582582776 -0.0700268382144629 0.15133309262282 -0.0844004857569826
0.0660461323865011 -0.105742098088297 0.146860835882435 -0.162301498628957
0.0416941839216206 -0.117476586777759 0.158082473417643 -0.191250604261984
0.0369251835110371 -0.11914391574381 0.201532951553531 -0.214033374172035
0.0635024818580264 -0.118153542979595 0.286273686224284 -0.174312112553621
0.126467238562276 -0.0815946303415195 0.35728476792054 -0.0410627919895079
0.149890773517241 0.0176240805145442 0.295850888344148 0.176464156755883
0.0764680219591022 0.0967965163481715 0.0879472023911101 0.241641219788141
0.0345848970371769 0.0951845785188292 -0.054662827082962 0.132763017710441
0.0285019838929243 0.0864505302233261 -0.0461364281351135 -0.118945032652426
0.000538305665225254 0.0037969142178029 0.0682741881849176 0.184823513278829
-0.00902195391875554 -0.00379720742218331 0.133847734292748 -0.0647076510927313
-0.0132604771176992 -0.00192498106355105 -0.0158441666350736 -0.263046882944376
-0.0138568076913263 0.0230715073989228 -0.283614533659966 -0.263657603160047
0.00909714105326154 0.035401115262974 -0.386774549073653 -0.00206163598338764
0.0175947330253374 0.0314023161942966 -0.305130425092088 0.18174313211944
0.0141864307159963 0.0278141200712089 -0.228928018091579 0.240974950080947
0.020777008166245 0.0246226880028267 -0.166732412346914 0.238451134570486
0.0145710184267379 0.0293520454906657 -0.162148297912187 0.199687468582113
0.00561675957264116 0.0335528808820912 -0.157859912306016 0.107209481434335
-0.0111311602630068 0.0187164822195414 -0.087261054022852 0.00984753823219342
-0.00668046507132356 0.00810698176059407 0.0780329298512988 0.0936364112198521
0.00258067106855659 0.0207740569032313 0.0632849982718354 0.375227199251275
-0.0250595880882633 0.0256191677459667 -0.109577398555647 0.500780861478922
-0.0174674666148558 0.00981812915186759 0.0184983372362371 0.414483015697517
0.0296075169608791 0.0930378609948321 0.0766430221670173 0.153991021229793
0.0192366924197885 0.0812522078955554 0.127797923204712 -0.0914860814449262
0.0464016828090175 0.0895896314573695 -0.0160143404034798 -0.275562409748223
0.10558283264241 0.0572723422694729 -0.280755169697098 -0.270508564592353
0.12350264354276 -0.00397317798318644 -0.370183063631669 -0.0169385986312249
0.0944224577493974 -0.0431103897963571 -0.297053759769858 0.160965772440539
0.0703456165406724 -0.0595957963107149 -0.216028472545041 0.231310626666859
0.0842265511395403 -0.0705881747980506 -0.145826260595794 0.229571391113976
0.100529979932734 -0.0511467908792423 -0.132915383286074 0.195551656983245
0.119944702217282 -0.0186801360369892 -0.127143432590321 0.116070933704414
0.110868177731108 0.0190362459602176 -0.0694144205867748 0.0248401515033351
0.0796098246333088 0.0611020401967495 0.09287428649989 0.086246587841216
0.0617127498813871 0.0791804130581725 0.0906202830081384 0.360677479683897
0.0618948933577053 0.111515635467616 -0.0845657256460959 0.496855667216096
0.0680949364436646 0.132553244617707 0.0102072108412341 0.387968654744929
0.059621350414672 0.169154439056041 0.086119083455088 0.0850264988031361
0.042294344001656 0.149496299939666 0.111865387023133 -0.161994001733428
0.091317435757867 0.169052962150597 -0.0425078453485747 -0.297561700362496
0.208083232988462 0.0980364598127324 -0.274910085251196 -0.260684859304474
0.228478096565234 -0.0304053489250859 -0.323967710383314 -0.0343249560054322
0.169026718471239 -0.10513066762508 -0.262052535909971 0.116297886525715
0.122448503586623 -0.135183681679113 -0.182558375993204 0.189602938120367
0.133785169008092 -0.155154001375288 -0.103235533088309 0.187395646329839
0.164892081510754 -0.130077579349682 -0.0725271802495082 0.158193161346125
0.213915267911071 -0.0803614840383973 -0.0576167754288739 0.107089893982792
0.227193025098424 0.00158868656457845 -0.0171109771739718 0.0422127365309978
0.173286232802128 0.105324480025668 0.125233911317225 0.0829155162095216
0.109860208859854 0.134793222000109 0.136625145705389 0.333372163027128
0.124372029420181 0.172277005081689 -0.0393620276036652 0.47507804696484
0.132598786977678 0.220683454871541 -0.00532387629339267 0.32451172769045
0.0900908950772704 0.224425101766921 0.091346051816326 -0.00818204022235348
0.0637354016452808 0.186125082304263 0.100269710607126 -0.260369486906374
0.111048417001463 0.217512311254302 -0.0859990733012087 -0.330227139820716
0.267831743379547 0.138241867671858 -0.263094325217179 -0.230265189083462
0.305824710529092 -0.0365985064796728 -0.248202892771579 -0.0441273876781918
0.229724201406312 -0.143952449850169 -0.194495179917768 0.0576481412832807
0.163807569221198 -0.188526510179076 -0.127119867107713 0.121698751041613
0.164126171509211 -0.216412149159684 -0.045314865364254 0.119488918697313
0.195323008663869 -0.192793611460217 0.00313537353251681 0.0935393652361875
0.265110432219627 -0.14704085550307 0.0390854891446649 0.072472165952598
0.315663641169378 -0.0380937705995028 0.0697583577622292 0.052168182444838
0.265135503380647 0.128088883627922 0.166570560418068 0.0946678035491885
0.147611546362038 0.186420370065206 0.166954973370785 0.296587498463694
0.149503044644196 0.210661215205475 0.0033102383948827 0.420758809344317
0.162670358100745 0.263811756545989 -0.0221402652880344 0.235095283997854
0.115410309649451 0.253045053972464 0.0845970212260755 -0.108922818284739
0.0852641315138236 0.186092660409918 0.108620253405198 -0.355958607824908
0.10539811146004 0.222556253904738 -0.115703391021204 -0.373489781112352
0.268892561608012 0.165305271791597 -0.24194876892135 -0.188871761886673
0.332632302369557 -0.0214706432110974 -0.150813876349064 -0.0405677734830257
0.262397390982778 -0.150609143906843 -0.0994378393368579 -0.00262554059664231
0.185962606305502 -0.210542372251603 -0.0525989713369251 0.0385792299473955
0.16938582764455 -0.245678826895078 0.0211344284075264 0.0336331234424772
0.187640148420685 -0.230560959472823 0.0800403579494492 0.0080743197787332
0.263656512001561 -0.198354526115399 0.138825688419404 0.00903022035702978
0.349461807595471 -0.0924050322229319 0.175345467632085 0.0415721190837915
0.327707125182569 0.11112822515623 0.216081983850197 0.117568552895737
0.178526078166881 0.21529838926248 0.168894475217761 0.266215072624201
0.147672601332994 0.228029107736523 0.0216088935902134 0.338745677348394
0.156640398552279 0.264182369590589 -0.0366440041035959 0.131318800178396
0.127003813065315 0.248010462367631 0.0616541770422963 -0.208197809799984
0.104585883791489 0.159095618708074 0.12763969186701 -0.42319079970727
0.0933560828054955 0.18037373388986 -0.119852138509735 -0.413096860226876
0.224599659881254 0.15396199501472 -0.216422182183231 -0.147978716647064
0.298034016260911 -0.00754386081060682 -0.0565445415620423 -0.0190531175461444
0.248420791340886 -0.134364736788448 0.00545459983413442 -0.0462959547474662
0.177843624255321 -0.202341352872454 0.0289782540163502 -0.0448039081220361
0.148520235837312 -0.23824644757277 0.0831508623169452 -0.0555410978398986
0.153547462775271 -0.229494647797897 0.141915607154753 -0.0816550591328547
0.217516728724379 -0.213193844214947 0.217413567349681 -0.0644593089735613
0.317508741169446 -0.124422942202793 0.268315758608513 0.0145495572467966
0.327886868752884 0.0780055186530403 0.259774538673764 0.145520620546046
0.180824763836596 0.212252666399576 0.14364749309115 0.254369879661712
0.122182044347783 0.21912159366234 0.00222052754539257 0.253111601423018
0.12246922417328 0.232911258866268 -0.04639922566403 0.0261161191957678
0.110245878610237 0.1992264464381 0.0241383871935218 -0.292146481813767
0.101552742857816 0.114234567430644 0.140951564704557 -0.449510425523595
0.0752883255409472 0.116696416382389 -0.0947617543449875 -0.43371357072477
0.156612533950583 0.108764787179236 -0.18251214544177 -0.122197779051268
0.218391033649451 -0.00495633672212031 0.0158217163259371 0.0021891140048339
0.190047224615908 -0.105278377079741 0.0967556792733197 -0.0723078811102197
0.135812975240207 -0.166176863542495 0.1037773895979 -0.116361543627931
0.104638830382453 -0.19410144331008 0.132721992829547 -0.136965397530361
0.100160011312927 -0.191120247172773 0.183290271592283 -0.16201479887654
0.146637179323558 -0.183442180788556 0.265977032120382 -0.131008604588977
0.238692106384169 -0.118694950522998 0.330008731779109 -0.0167755327413869
0.263017226042149 0.0458500569536464 0.286291668529306 0.168584923339682
0.143392046863686 0.171388967128177 0.109829065248302 0.250217474141169
0.0819962412542064 0.175844174827228 -0.031050596008721 0.179950808858832
0.0759674586820159 0.172538363600392 -0.0476665313496086 -0.0644763856033819
0.0657083009211621 0.105216034034361 -0.0135872192132302 -0.347236908644507
0.0601512566453561 0.0509412322048751 0.137992395504863 -0.453820763430491
0.0418407566571807 0.050199583420071 -0.066591612570678 -0.432222812129343
0.0844117582558065 0.0503261969747641 -0.150525685651904 -0.108023998819082
0.115955429025928 -0.0152996574715118 0.0595054414626537 0.0148070358477632
0.0990630185213559 -0.0714590478624485 0.156496088571479 -0.0853978335313501
0.0676601082570846 -0.109163449380612 0.15311841843348 -0.166379033256031
0.0432381609761076 -0.119573828101784 0.16181432429471 -0.195885817088308
0.0386614120547457 -0.121259832416661 0.205152780832688 -0.216491167221996
0.0657500122012069 -0.118977654757388 0.289137952480784 -0.174241779829548
0.129154489750276 -0.0822008589273374 0.359275986861066 -0.0394835148254886
0.15213560362965 0.0190101384440659 0.295232168518481 0.182256271106248
0.0755545471507709 0.0994719133428504 0.0832789366326988 0.246305269608845
0.0341606993484341 0.0969965964434514 -0.0568825082239151 0.132261652021549
0.0290818388107318 0.089608465717516 -0.0417258341795322 -0.122533492365716
0.00171452073243746 0.00394758505155221 0.071296380575076 0.195420650555764
-0.0102791864006748 -0.00499913959203706 0.139378274660895 -0.0683611600688735
-0.015784983245522 -0.00266515056269691 -0.0180520244683056 -0.273512688735447
-0.0143310806334775 0.0245148540278161 -0.299426477569941 -0.27167163858421
0.0102017981694385 0.0362235966770273 -0.403648772770989 0.00325501380269023
0.0187935778153459 0.0322598623830567 -0.314171712967164 0.193096206649258
0.0153066723488747 0.0298830750824527 -0.233346101987605 0.257979084788055
0.0218748566585427 0.0252748715771537 -0.169266844960525 0.256657107381677
0.0153990511021095 0.0311831468644352 -0.167229747317253 0.215420717287913
0.00567160985320288 0.0346216263656873 -0.166184737450381 0.116197370634484
-0.0120356274510908 0.0194383531074701 -0.093988827074993 0.0124884211368784
-0.00698648301564687 0.00774428683710821 0.0785984161575494 0.0990515045583261
0.00237269777585887 0.0218098678978881 0.0663504561747723 0.390287914402028
-0.0264656074086061 0.0271479161193314 -0.113291594896875 0.521414674340656
-0.0179393189477201 0.00925094441836093 0.0270237533478497 0.433108345180438
0.0338651164777759 0.097228369790139 0.0795896183601443 0.162980198686601
0.0206043326647437 0.0830772246054022 0.132049714678631 -0.0953428654678557
0.0490043945281052 0.0915680956155856 -0.017238331818953 -0.285883922177274
0.110657880407621 0.0586290650565314 -0.296505453345395 -0.278619522970422
0.128356493213075 -0.00690935301882316 -0.385836686906426 -0.0132488619554375
0.0979501749123544 -0.047382363864153 -0.306456806368748 0.171522454761188
0.072851750529973 -0.0633574623105261 -0.219235948754071 0.24825186428882
0.0860955922078092 -0.0764341185260155 -0.148084779413321 0.246055127116308
0.103831904681594 -0.0570931044851239 -0.136561807835429 0.209731472864311
0.124342217079757 -0.0230627788553429 -0.134242315698287 0.124474574733849
0.113902716530136 0.0162372685268414 -0.0748665365747473 0.0275411579953128
0.0837284455930461 0.0596160559941108 0.0945579365762734 0.0903274107508517
0.0662548168393743 0.081294248916072 0.0960486492575851 0.376533783847965
0.0675117084334563 0.116513078084427 -0.0848229878888233 0.518323178255538
0.0728436731438002 0.139080720173386 0.0166606635206844 0.406528916490912
0.0664605506149237 0.178552735012758 0.0891111869517227 0.091512215014354
0.0469598476494635 0.15430905434666 0.114797557999293 -0.167691295068471
0.0968675189066686 0.174285558914931 -0.0459625095450421 -0.308759898945608
0.21785858615874 0.0983969114163593 -0.289244700663157 -0.267363189776551
0.238089972496095 -0.0369527756627149 -0.337363675418954 -0.0333512124637057
0.174546683527754 -0.114803433949368 -0.26993847268157 0.125086283662591
0.126062956536363 -0.145209214086148 -0.184502047078625 0.203972008361059
0.136382673482102 -0.166595955745058 -0.104594273906366 0.2004982631432
0.169282141234258 -0.141155875890287 -0.0742518538526701 0.170780228702213
0.221354578564734 -0.0908242919407035 -0.0615220846288908 0.114454907123108
0.234827282769243 -0.00489113411094718 -0.0200521118754989 0.0436835496916982
0.182248654896256 0.103662696837061 0.127615821076322 0.0849293143212047
0.118727385885576 0.13733742874786 0.144486721487025 0.346781487622422
0.13550104924125 0.17909700821213 -0.037608751605948 0.497122710674589
0.143134352043359 0.232522934789729 0.000215341301227639 0.341394857918397
0.0997088627623463 0.236658895810607 0.0946306330886567 -0.00673654361069505
0.0710323511879186 0.191914313977846 0.101993443233223 -0.269525994909947
0.119462345186516 0.223932502397712 -0.0926486420512776 -0.342319951727037
0.281549277876398 0.139089708624571 -0.276271228021972 -0.235056589188398
0.318333702543072 -0.0447208002834368 -0.257369819666763 -0.0447429857301439
0.237801339252409 -0.156358494498038 -0.201457911185433 0.0632040458951674
0.167968677569685 -0.203115757553881 -0.126940822183427 0.13156950637067
0.16604480495246 -0.232210078458715 -0.0442568138042583 0.126972812082007
0.200209693798147 -0.207806802254876 0.00381564629062405 0.100158065804805
0.274714491707414 -0.160994291711607 0.0384566276509122 0.0764779790393739
0.327229335684898 -0.048971614228849 0.0701432864709798 0.0522891315718599
0.277584099922521 0.125410606539639 0.171495868154351 0.0943712836686115
0.158773659234811 0.18982819741463 0.176069094849273 0.309378676318887
0.163696917547313 0.21815706312751 0.00597409494864091 0.440480976778742
0.175645987243689 0.276720979464719 -0.0179282115835314 0.246959150141453
0.126943664894502 0.268055891153512 0.0875884993764729 -0.112914875948257
0.0951336455884817 0.191999585688654 0.109583299445415 -0.370951260662068
0.115301538093813 0.228188160321726 -0.125140864340044 -0.387785914363341
0.284145614960762 0.166429593233684 -0.25321838394815 -0.19126682496799
0.345690793683779 -0.0286775535258891 -0.156102410257031 -0.0416118328790696
0.271045346026201 -0.163800663637544 -0.102783501188081 -0.000862506994096745
0.19072002037468 -0.227436562609669 -0.0508277120112965 0.0421132126276012
0.171676055148682 -0.263864240807222 0.023314708934999 0.0354204638820428
0.192565973701371 -0.246904689269925 0.0819957870998534 0.00894545884006307
0.27142834895212 -0.214326615987171 0.141678140949516 0.00809756082253963
0.360444942852807 -0.104806979426174 0.181338277708132 0.0400584215541718
0.342677941438174 0.107795250095406 0.224038283126725 0.117978139681948
0.190092226812754 0.220624758973412 0.179282838537564 0.276430291567814
0.162001836220492 0.234817526569566 0.0253186201693068 0.354130023511832
0.169907522755692 0.278050899906625 -0.0341164011698867 0.138428506641082
0.13902435692223 0.262941939061482 0.0616508829037403 -0.216674246826694
0.115622970609315 0.16421305705384 0.128455963414088 -0.439239751388781
0.102515424311072 0.184611537609663 -0.129786907388982 -0.429674001886346
0.238372887634587 0.154865392036423 -0.226385599835833 -0.1506779426578
0.310763274088548 -0.0147838296626791 -0.0565299234978143 -0.0202111113086352
0.256982898761546 -0.146722294489378 0.00674575879188985 -0.0496146611501539
0.181576183134719 -0.218344606731976 0.0330456326692363 -0.048614041879102
0.150358862303081 -0.254505894855955 0.0867311704225463 -0.0618027086725471
0.155972474443809 -0.246012433483857 0.144871919521874 -0.0875129538431068
0.223887084041712 -0.228361155489624 0.222285593150453 -0.071072417208153
0.328128081291309 -0.137870064054652 0.277337675225723 0.00949246968597688
0.34307458666317 0.0743674131356289 0.268870202437393 0.146621613800014
0.19154068083115 0.216832789500597 0.150780622169938 0.263618900188547
0.134632202041815 0.226313724953231 0.00453720077083474 0.263982297959668
0.13310010649258 0.244837817059925 -0.0448753526491823 0.0275098892476935
0.12073732333075 0.211520140935383 0.0217144501477857 -0.305759921185201
0.111450646130045 0.11821798002386 0.143734648520988 -0.468348654081867
0.0824425686027885 0.119010201540522 -0.103018443608205 -0.452181226198148
0.166547147763814 0.109601788024562 -0.189645559330311 -0.124830910058963
0.228217616423336 -0.0103778754227313 0.0190544341864944 0.00140378657300695
0.196244717694038 -0.115300455612017 0.101631654693396 -0.0783584984572775
0.138456857431673 -0.179358517884929 0.108742572831267 -0.12517031863186
0.10453080600512 -0.206740403394877 0.135992569598749 -0.148173972292204
0.101228477960541 -0.204132179179 0.187224641281031 -0.172510039644942
0.150485606933249 -0.195728329681687 0.273144344487677 -0.14132123022677
0.246099550002656 -0.130211010677484 0.342355671968548 -0.0237413841227334
0.274756098229194 0.0426757034653907 0.297616123584471 0.172275697777697
0.15211345770252 0.176934017619507 0.113968430151872 0.259884656599245
0.0890829479927487 0.181367804637624 -0.030716022157303 0.187082976637895
0.0829206056104309 0.181839223603577 -0.0477438797757707 -0.0671930100562215
0.0712377689777719 0.112572944458457 -0.0198301272552677 -0.364674396618364
0.0658601580083262 0.0534145778990316 0.142675855243216 -0.47166991351937
0.0459616432967349 0.0512076594652456 -0.0738535775122737 -0.451310386016321
0.0895342725647126 0.0503863436973365 -0.155354454146994 -0.111989757190581
0.121366559571855 -0.0186892647592903 0.0635348237338798 0.0135710893622443
0.102257523422741 -0.0776583080133424 0.163883558769282 -0.0935561569373992
0.0681332566253704 -0.117405912369313 0.159414126863362 -0.179674937444342
0.0428104980145343 -0.127143940121715 0.165110633318216 -0.211114835009863
0.0379497808867744 -0.127983306804565 0.208333582565646 -0.230869445395747
0.0668857560053554 -0.12583273503463 0.296467732087267 -0.187343106570072
0.133073253577348 -0.0881865201323003 0.372641634479036 -0.0460558450107677
0.158690981745644 0.0173731203209389 0.30795534981629 0.187065807178531
0.0807530327660047 0.102808855157212 0.0871150731312175 0.256618406517081
0.0375839652568552 0.100614410408305 -0.0584015694092803 0.13714363259863
0.0323364592358771 0.0942933943884759 -0.0425251334481222 -0.129669490998131
0.00185121378958674 0.00333550050024204 0.109599729660307 0.195313877643146
-0.0120443551705286 -0.00241253629004073 0.133753826699633 -0.0965774398016069
-0.0158841752488777 0.0020452216404052 -0.0644856313253982 -0.28185858775475
-0.00692527406024473 0.0259852514275604 -0.361725160259291 -0.223386295933089
0.0168994368139134 0.0297810786092001 -0.416535637506292 0.0776980445114846
0.0247862438004627 0.0273436014295447 -0.291490279150743 0.256556348174933
0.0210147389930166 0.0282653076362431 -0.192206948086033 0.318158816398884
0.0247259792774988 0.0202943666095397 -0.128720831297838 0.298052628476861
0.0190833766767413 0.0281662800576015 -0.135674719863589 0.258196972127092
0.0104193888272456 0.0322432786903044 -0.15348694877353 0.152767252647864
-0.00946289454927192 0.0201105306804878 -0.0984508863040267 0.0304053536598307
-0.00750792187774805 0.00826377670889557 0.0974588259808917 0.0918686998928201
0.00464396052440558 0.02177005081742 0.133965024710014 0.393882814803691
-0.0231807637032929 0.0285766148627714 -0.0310798554434061 0.557534540389629
-0.0170637484874304 0.00950667390404199 0.0994802020262841 0.448293427517202
0.053509879385849 0.0971545961155178 0.104818966347605 0.156421058613762
0.0350763858358266 0.0838523390847459 0.118100741933661 -0.125056505747304
0.0669010858305799 0.0885164876536884 -0.0733810530802621 -0.298160594085946
0.127830540372557 0.0412557336112693 -0.364888611692948 -0.230965073404335
0.13100208283149 -0.0340903640472601 -0.407896086246707 0.0593939976948331
0.0938733428440316 -0.068741723711459 -0.290761961159547 0.237833576602353
0.0644926753043052 -0.0792940730642745 -0.181718799104331 0.305729436939016
0.0728944163120037 -0.0962732996287072 -0.107801141244529 0.283752100625505
0.0938681851855693 -0.0789144931969796 -0.104979826144863 0.246719742339036
0.121297574991492 -0.0477973336802543 -0.120828502460567 0.154114514110936
0.116811173558088 -0.00517941190685592 -0.0783103658982102 0.0415960762189209
0.0944116052865512 0.0445265327255795 0.111601406449325 0.0779009082126516
0.0824703185404234 0.0692368196029055 0.162675564749836 0.373776803687962
0.090539843563388 0.104116785471384 -0.00116993383414989 0.548060757404718
0.100117776483081 0.127664211035099 0.0858495495962862 0.422459884030932
0.104713640396909 0.176504786488726 0.094883484919921 0.0757205565771301
0.0752735590183591 0.153623899764163 0.0845244568890557 -0.198633450226726
0.132162916715603 0.166159266839346 -0.111825597157195 -0.318923116923634
0.245389499794057 0.0654053866641404 -0.360485812174693 -0.221679764855013
0.239570815813334 -0.0823743058347602 -0.366065701614071 0.032359152650571
0.161980092952379 -0.15133475010391 -0.263906374074264 0.185562659826463
0.105896999818856 -0.173855729731342 -0.155238809300766 0.2532596692117
0.109101537825445 -0.199154139506566 -0.0711923709836985 0.229263822179383
0.146448851906747 -0.177579501163991 -0.0489527290321212 0.193665147555758
0.208656255798582 -0.134842381297767 -0.048501159080276 0.129578134646939
0.235311782562756 -0.0481391048760529 -0.0204069385214327 0.0479784821205716
0.201280150678715 0.0727845073238448 0.142918276337444 0.0628821051930847
0.146342268421372 0.115990071308403 0.209767535984805 0.334489282903516
0.172704153969544 0.156251766561819 0.046707350346873 0.517617352334784
0.18902757253301 0.21289800205838 0.0598418325638445 0.356565067506735
0.153525128510274 0.233296891580842 0.0761547199955871 -0.0295244770714853
0.109979135119838 0.188965929054318 0.0503954648981526 -0.303398677425636
0.165456406556444 0.214101908923214 -0.170075644524118 -0.348321116582963
0.317694620024914 0.0959295354606364 -0.343358295115279 -0.19057184829706
0.320189046943165 -0.103474873153236 -0.289951137361813 0.0059568695938295
0.219398237226295 -0.204758256220105 -0.206553249637377 0.110921877177563
0.139924914916606 -0.240812013968892 -0.111046908648129 0.166392093587354
0.128795852470623 -0.272942462338912 -0.0226457046659638 0.141783533798881
0.166839788971461 -0.252461195197145 0.0192094514324323 0.106399208846624
0.250719577261073 -0.215103277841297 0.0470577145473083 0.071528576727594
0.321708760254418 -0.10838101475964 0.0732644943716455 0.041505466702612
0.302946226350422 0.0793298108245031 0.18796419293933 0.0636940075636866
0.196732436459006 0.162663230118352 0.237382683186726 0.287119130364202
0.209040074220301 0.191019187812061 0.0859559070944928 0.45085959840225
0.229743745421479 0.254379010994695 0.0256368498872499 0.26174813630864
0.190308529229568 0.262429961377279 0.0449175174083298 -0.141396336562949
0.136953711498514 0.18701706402569 0.0402016255992851 -0.409157907433136
0.163346062726145 0.217985077589934 -0.215060086303449 -0.388924567097469
0.32426220366026 0.123019144637182 -0.31129451126012 -0.151178857403847
0.350974005759077 -0.0911347992811181 -0.183986622994875 -0.0104630455261103
0.252073388393127 -0.217884700762689 -0.116892146971309 0.0263234661076648
0.158912940086746 -0.269891427082537 -0.0504219483120891 0.0569323040168783
0.129338221295949 -0.305175106667822 0.0301634864861704 0.0332023700373872
0.151665738232673 -0.290325963810834 0.0840540518423349 -0.00381962841082381
0.240231523542494 -0.268559520160864 0.142085355246311 -0.0179325845280949
0.347472076275312 -0.171856764047815 0.185365930761197 0.0103307065000551
0.365780400616768 0.0509525105182778 0.244355241503844 0.0793025989486896
0.23308991052189 0.188690783630118 0.232879985944249 0.250359971946178
0.208517417310762 0.208659931574588 0.0913848998137602 0.358294641160851
0.223910326521642 0.256832754276242 -0.00923764843901431 0.150352502017581
0.203087913114641 0.256037724583055 -0.00169062485807544 -0.245090971456433
0.155718656085425 0.15605907941635 0.0478467650073015 -0.484095841000629
0.144807550139512 0.175091673601045 -0.225787262855259 -0.431144051633394
0.275034675214651 0.117897735125056 -0.272922504240286 -0.114247637755201
0.317867908380428 -0.0682738638884413 -0.0755465499634252 -0.00811985923346447
0.240256451058776 -0.197093028977678 -0.011812208157392 -0.0453288267956342
0.150991309948052 -0.258857836564965 0.0196957216407478 -0.0558457904678777
0.109399395299431 -0.291905286715332 0.0778760351604924 -0.0784444672256303
0.115796629784073 -0.2817176867133 0.132610547418782 -0.116585806067068
0.188723987778244 -0.27314519522059 0.211736627674779 -0.114180950408894
0.308684441085033 -0.197060563742785 0.281338584509849 -0.0375892295364319
0.361051496716275 0.0177025443316215 0.296876162513395 0.102123354148306
0.233322915600168 0.186074278022267 0.201789247917607 0.243282817251424
0.177807049621661 0.205260295040423 0.0538175933254827 0.267965320370796
0.179648239527911 0.229889365542357 -0.0391562300271814 0.0360057872252533
0.174151833801382 0.206348248183416 -0.0568518067962343 -0.329830515927849
0.143936358401743 0.109325171791569 0.0595845228303425 -0.512241167948289
0.112938902282887 0.110701515739483 -0.197247995309858 -0.457134783770138
0.193070626657687 0.0828559292485864 -0.226276289562752 -0.0959719840982025
0.233439025946471 -0.0492653460070697 0.0101390115798798 -0.00107475739836397
0.18226429477501 -0.153434836362509 0.084249147329483 -0.0958005645033146
0.11314948557828 -0.21005513783592 0.0852064358418215 -0.1533236775339
0.0720229634369444 -0.233089935614756 0.113154746354379 -0.17842233802958
0.0686354768317594 -0.227830352576661 0.161281311211495 -0.21279670722514
0.120305767857456 -0.225456664246827 0.252344394424351 -0.195210554736626
0.226856071335569 -0.173212828357118 0.344306226465871 -0.0831756026816455
0.286139329476299 -0.00293822082260389 0.332444945894977 0.12425273526072
0.18539946938638 0.153080328784012 0.162233127510351 0.245602151137301
0.123059244538315 0.167562056502001 0.0030250658545272 0.195639840678637
0.116492565242419 0.173916536615353 -0.0578001515415263 -0.0634054393201493
0.102821866035828 0.109586637403226 -0.101888866490263 -0.381538521840054
0.0837950922603844 0.048876044182126 0.0614176685398691 -0.515673729283039
0.0620401760295243 0.0473746489546147 -0.162287068722202 -0.457680547534036
0.104115209854847 0.0352082620550414 -0.184380329541622 -0.0881510152829774
0.122106509283143 -0.0386358213293733 0.064221644596283 0.0026470459362005
0.0921288708402148 -0.0978839444172854 0.149876591721032 -0.125324706845535
0.0506807772017391 -0.133782516382797 0.128780888270896 -0.221612711215507
0.023242467839945 -0.138391229517252 0.130901474579964 -0.24959414940354
0.0179950589955383 -0.137168147709224 0.172257340126207 -0.277139906496213
0.0468147019671223 -0.138143468684697 0.26984038570799 -0.246469781133246
0.119945893442493 -0.110909124668547 0.374089200121814 -0.112215739884463
0.16379736372732 -0.00952064824163911 0.348000830393976 0.140524693303289
0.0993695200924793 0.0909374664926262 0.132218661036355 0.249147912295758
0.0562304915114699 0.0951644053260035 -0.035071431894973 0.149704442852635
0.048926943397474 0.0921595478608176 -0.0626331931098857 -0.12994330445605
0.0022783167977937 0.00226528306019009 0.12936213242089 0.190547082201663
-0.0126637500172089 -0.000928174911975355 0.124864635148538 -0.109242124572436
-0.0165201120776078 0.00317736363272082 -0.0892365659960738 -0.278714707223557
-0.00428352199145868 0.027260304760535 -0.384918755130372 -0.190152675424798
0.019165338581295 0.0282780051361192 -0.411329915992334 0.119972085022242
0.027887124938575 0.0250377611014248 -0.267424127074687 0.286791794851296
0.0251011131633577 0.0264068642378203 -0.157409595540288 0.340137668572861
0.0273056935963589 0.0179301791698864 -0.0963074522212933 0.317391891055577
0.0220006776301122 0.0267315600305142 -0.109652656266551 0.27760204699414
0.0124643318135824 0.030737153641247 -0.141333586641624 0.171743014176779
-0.00824580153307108 0.0219975630206175 -0.0985206907825207 0.0429162095277578
-0.00697556138318582 0.00840564134036734 0.104455349866274 0.0859138079597859
0.00680348677447253 0.0219309444977142 0.169878779657928 0.383096251709406
-0.0214953168233671 0.0307290860327778 0.0191335323979188 0.56097556126356
-0.0171618925755655 0.0116152151175285 0.145678524033697 0.441676436996657
0.0654247212500735 0.0925327826677801 0.121162160417901 0.152109593208913
0.0432243223867067 0.0798891429876395 0.106847835717457 -0.135622967944597
0.0746988999210755 0.0819214279536491 -0.100038542502365 -0.293625879523623
0.132176069956978 0.028551581797691 -0.389263964486881 -0.195946346180614
0.128247082138293 -0.0480311131601767 -0.405076473909488 0.100097950403814
0.0869593790305826 -0.0790066190931546 -0.267427660535358 0.266805521254532
0.0571026051747752 -0.0869620235538119 -0.147033544976867 0.327140730537091
0.062182318397122 -0.105093104141851 -0.0773312537218404 0.299909682435986
0.0853469726777015 -0.0897338997857697 -0.0800681108621883 0.262990422558611
0.115425201803796 -0.0618276188329879 -0.108370745770985 0.170432441074017
0.114687042964521 -0.0183257875606268 -0.0772707422345189 0.0503791173440045
0.0980616883767112 0.0330245564836275 0.116966637494699 0.0689552606831073
0.0907918951304049 0.0606568519273606 0.19794504333061 0.361700949569724
0.103139747319378 0.0945493459944998 0.0487607818694727 0.551198100836972
0.114115323084629 0.120518768401554 0.131001800085776 0.416089036650659
0.125757042859042 0.168612563523667 0.103823194377362 0.0714783706751258
0.0916137851930323 0.145623185900878 0.0670785230713124 -0.206052805896215
0.147932606159874 0.153666575880496 -0.141093530500858 -0.311119382561611
0.252060336727602 0.041380247304286 -0.381909279078649 -0.185576177166131
0.231787114978237 -0.108696515190125 -0.364996740788618 0.0673274569499509
0.146439242583367 -0.169620114330168 -0.246119339562767 0.213715998971296
0.0880881331351777 -0.187582530380576 -0.126302178107881 0.270444475277298
0.0871671891213591 -0.212728429356012 -0.0463980673549354 0.240617824261147
0.12714990975075 -0.195369402557664 -0.0288399667409864 0.203876962320306
0.194418653776969 -0.158438210179336 -0.0390094642571767 0.138346666348257
0.228905044218932 -0.0741982014734954 -0.0191281244838013 0.0511384835425736
0.207511093311535 0.0499119779278508 0.146799878200175 0.050590291842133
0.16040317017359 0.0998726962328054 0.242266240909655 0.317351293660061
0.192714583635035 0.138417796959075 0.0945277373725798 0.517103411240088
0.213309922743332 0.197976296458863 0.0971909465666892 0.353582549064798
0.1818303454276 0.220888076553034 0.0747372871512588 -0.0336334205557764
0.129876009361569 0.177366119989082 0.0227033507561723 -0.307421774167856
0.186494238580326 0.197261698773548 -0.203818410622005 -0.332666455971986
0.328997795819989 0.0639821409229321 -0.361972036685776 -0.156400512615894
0.311032521855157 -0.13835294877211 -0.28960356701988 0.0328793806241627
0.198315588084441 -0.229951425387909 -0.19514098745109 0.131377682770997
0.114061101785603 -0.259585246607612 -0.0911448285019065 0.177721292987333
0.0995308869104455 -0.289289365260123 -0.00725647047894177 0.145848289586876
0.139682720879603 -0.273231015967957 0.0299970088635188 0.107489025028314
0.228794624352178 -0.245025204124483 0.0507753916631826 0.0700378089756363
0.309245779754253 -0.143327469671154 0.0741626219882544 0.0349402206719159
0.309532248211653 0.0465138341478902 0.191571936637988 0.0455796781383989
0.215113755684372 0.141605757968303 0.265969458970489 0.266680158164618
0.232920329037805 0.16869917147601 0.128901546883816 0.446632156919038
0.259114166409896 0.23594149926872 0.0536870239392158 0.261218079263549
0.222201729288564 0.247948127949847 0.0318062048368754 -0.143862539209373
0.158750005826678 0.17234453610473 0.00314002301897713 -0.413806427518297
0.187110748883442 0.200742692100032 -0.253476871350027 -0.37013215851995
0.338893572051706 0.0895848171800889 -0.324597125168401 -0.118661134755866
0.34456383725809 -0.128834831745668 -0.184342352392358 0.00596300109486767
0.230657863977877 -0.246795886458311 -0.1150958375141 0.036550387932817
0.130168635393409 -0.291591031156998 -0.0413943297523241 0.0603726670718294
0.095514820751881 -0.322600265541332 0.0344698259980775 0.0302886269561791
0.121206441696719 -0.31059941656832 0.0834519581012817 -0.0105585788925534
0.212618030996645 -0.298109340464832 0.137470283836059 -0.0295325313960526
0.329346176210474 -0.208918447304627 0.183469571778794 -0.00859987086088709
0.371157820937211 0.0122847203911386 0.249108143317003 0.0550568365834637
0.253562497636019 0.164229792015073 0.256775598936056 0.230439591481704
0.23362886353903 0.185168746165284 0.125087053070829 0.351920939755819
0.254177208675303 0.238906635682927 0.0083170437853197 0.15181603311888
0.233588281790192 0.24066987947917 -0.0251864717218122 -0.244422695400018
0.175549940224855 0.139369174388066 0.00567398899582549 -0.489458485334607
0.164121194726371 0.159394676550249 -0.2692125873543 -0.411875656321058
0.288636676302789 0.0881315425972328 -0.2825062044552 -0.0867677870869415
0.312293964622781 -0.103359721356423 -0.0749080995243074 -0.0022260880380347
0.219954894325485 -0.22491659736652 -0.0161672794679599 -0.0465749106573291
0.123912030614895 -0.279189119441254 0.0160422903974412 -0.0606914033651357
0.0778854806250868 -0.307639178538761 0.0698147287994546 -0.0883589125838074
0.0856433215828837 -0.298106294224879 0.119611342784341 -0.130084628612136
0.160741622379079 -0.297001594466161 0.197364816298362 -0.135127586084484
0.289033410670172 -0.230683992829747 0.275293606310377 -0.0656316849287226
0.36305193054574 -0.0203916531764343 0.304509321041167 0.0739662012536965
0.252528261939231 0.163076309832894 0.224069217457473 0.225915247061331
0.201215453521016 0.186688166209133 0.0796221699534347 0.264931151046351
0.20608416099506 0.215330664825342 -0.0333168629922885 0.0385226137875485
0.199448195438151 0.193365147411085 -0.0896613668497158 -0.326102794654314
0.159182672102226 0.0952688498963291 0.0143953086462414 -0.521311606019255
0.126310960113622 0.0977493808030786 -0.243494504809265 -0.439560562492501
0.203191093271492 0.0611719258173506 -0.235071550716398 -0.0737004186754863
0.229613999919029 -0.0744093989721235 0.0117234313472614 -0.00323993064108331
0.167355115449581 -0.175022881422504 0.0753324138883743 -0.106604229543336
0.0904524414606396 -0.22611419176471 0.0706175285788768 -0.167182509859922
0.0469407741203559 -0.244136347866841 0.0936974418717914 -0.1938678324064
0.0444019896157635 -0.237912023192828 0.138265077975136 -0.230071530483239
0.0973954954350157 -0.240514873185753 0.230113960585222 -0.221196189589365
0.209335472379966 -0.198877748351913 0.333829606500727 -0.117619664849734
0.286886570492648 -0.0321676695972377 0.343479117226326 0.0932725210506714
0.200982959326221 0.135593865121935 0.18483515409576 0.232738710911866
0.141416761825891 0.154870740999775 0.0212750220442761 0.196191355644786
0.135735758687691 0.164587626431644 -0.0617373706370892 -0.0599656464302607
0.116618485266771 0.102908145740648 -0.141999084467165 -0.375321755888088
0.0916319913456117 0.0410483564863845 0.0160957797116868 -0.522384635184497
0.0682120104090421 0.0399160424633819 -0.206590929905737 -0.443498186197495
0.108744387916999 0.0234222474025333 -0.191659119067096 -0.071665544607812
0.119405307129663 -0.0520377228892966 0.0652105256202822 -0.00524878730290307
0.0820289363404487 -0.108556333815847 0.138570713659708 -0.143923879795277
0.035201447299904 -0.141065140647064 0.106436401892416 -0.240089082316351
0.00910264962960021 -0.142763538112814 0.104242744110357 -0.268177703784157
0.00385338662463208 -0.14050070015221 0.14307110805291 -0.297837314978519
0.0329066029533083 -0.144408838384174 0.243392196837243 -0.273766953822267
0.108891512029527 -0.124679517930347 0.363236839445537 -0.149319887228877
0.163596712878731 -0.0264901701391574 0.362126084364952 0.10835528553325
0.108166215051148 0.0820218128849663 0.155367079170349 0.238607471974654
0.0664614355406472 0.08959927014663 -0.0219660595474343 0.153308973039427
0.0595920143568581 0.0891301517782006 -0.0732786625417091 -0.127706166189337
0.00326059664611798 0.000936505015807815 0.142628173348987 0.174949221568226
-0.0121279062827697 -0.000350703971631112 0.109483911521192 -0.113436692092137
-0.0168365384139532 0.00523127081321325 -0.107045257230585 -0.259889457460726
-0.00185251472206538 0.0269404966304899 -0.383151426089021 -0.149008889315961
0.0204995908126927 0.0251067444544723 -0.380904847788072 0.150442728877362
0.0288803801599718 0.02207890378117 -0.228271285079006 0.297868255822272
0.0271322131888714 0.0232826423954838 -0.116315167910229 0.339919173330244
0.0275563024396133 0.0151165417312507 -0.0600485453189798 0.314199271567082
0.0233557879449819 0.0242719366025518 -0.0782494977979967 0.279647742861167
0.0137082314186624 0.0287029932633141 -0.121429905374184 0.179697585282651
-0.00684164778676426 0.0211242131241722 -0.092748260475507 0.0522722970206398
-0.00667598601040068 0.00865881884334294 0.106444040105691 0.0758862718769395
0.00832168803066661 0.0204772472727498 0.192582139775974 0.353007950323088
-0.0185322879148131 0.0312009931623199 0.0640053006106501 0.535055616917473
-0.0157828019120556 0.0126925991265142 0.177022914664252 0.40960712572583
0.0722556980299979 0.0820746303776102 0.13088658745601 0.138990780154264
0.0485136042351202 0.0723524516684242 0.0910662058154355 -0.136289856412943
0.0771063376217195 0.0723509850936219 -0.117259303463813 -0.273381261003131
0.128406415905852 0.0157013010337702 -0.387983103292981 -0.154302096494084
0.117914380327569 -0.0578908356613626 -0.376474681303584 0.130058340260922
0.0751397773551544 -0.0839538963935598 -0.231573882843212 0.279490396183619
0.0465385962694205 -0.0885611769732334 -0.108580140902024 0.325945607461497
0.0487527249282799 -0.106910388783981 -0.0433515677807023 0.295985902818504
0.0724844177559526 -0.0945003366043716 -0.0520239782846072 0.261964745204438
0.103159596647938 -0.0699548640307995 -0.0903559323259322 0.174877976193726
0.106067155012446 -0.0284720683191438 -0.0721038655914532 0.0567392946598515
0.0954802807501029 0.0220691707691941 0.116129851865599 0.0569260510544088
0.0930520067629935 0.048785505708697 0.218189697026374 0.329771395914779
0.108683533100198 0.0806401338029687 0.08950232581011 0.52241206686073
0.119787376624119 0.10692648303442 0.161708921290806 0.386581750088919
0.137907028821169 0.150588500197926 0.107800797665515 0.0631407346938126
0.100781181622833 0.129881195346443 0.0469460557741352 -0.199916712847364
0.153429495149753 0.133414110038711 -0.159935996330546 -0.285136527610776
0.244540844341535 0.0157786847895747 -0.380209693125349 -0.144752266238197
0.210584731505056 -0.125445280268911 -0.342408326330475 0.0956701638301358
0.12363596461469 -0.176045418913365 -0.216244599453235 0.22516249715291
0.0662152328529107 -0.188669015390792 -0.0930347938725483 0.269916864404046
0.0622809073790784 -0.212873540729068 -0.0202407595812629 0.234834258899875
0.102631619243491 -0.200308897070434 -0.00867349455596603 0.201057290031809
0.169405706246099 -0.170858618696375 -0.0277478052732828 0.1388949707923
0.209087866274964 -0.0917616989023264 -0.0172370182003608 0.050518837289622
0.200165124866689 0.0270221155307282 0.141208668515203 0.0360624020584446
0.163111655358367 0.0792208711409785 0.258016917705935 0.284098955416038
0.199174047456668 0.113607431093777 0.133435159926733 0.486590057375757
0.222844329493088 0.171980253432588 0.124617703016905 0.329573380632553
0.196851803859488 0.196787039136161 0.0704959543733747 -0.0355004468194488
0.140992451700457 0.156597648324252 -0.00279021084061866 -0.293289849390425
0.194671325754733 0.170866650610309 -0.221133970247853 -0.299263242912632
0.319046649596299 0.0300296718938126 -0.356056979914559 -0.117324167852886
0.284438805862209 -0.160404103454388 -0.272602368502401 0.0554254916771599
0.167571895966759 -0.23905652316599 -0.175301889180825 0.142884462861378
0.083868719085377 -0.260156828967716 -0.0679120979271561 0.177273760638697
0.065870445369247 -0.286838698008383 0.00779128821730857 0.140501805367892
0.106602118259681 -0.276289243425654 0.0382702043422075 0.103281890263731
0.194322621492402 -0.256732013657146 0.0517477235063287 0.0648634587263366
0.279164248547166 -0.164841772375884 0.069347724748211 0.0279089001321153
0.296710332989619 0.0148504155951734 0.182156243669918 0.0277479241240168
0.218497341406505 0.11262354002337 0.276047044857515 0.23245342472541
0.241279273268351 0.137632332291993 0.15888356875308 0.416697689754215
0.270855827852073 0.205279527799337 0.0757146429214531 0.245170788180899
0.237645028246456 0.218992728526972 0.0203995269492984 -0.138177991406256
0.168874789620132 0.148657392289058 -0.029924251934127 -0.393425330703282
0.196277066627352 0.173368691071314 -0.272803212009291 -0.330441717637502
0.330577382418509 0.053231466443044 -0.317611953107702 -0.0838444359578244
0.317054622171355 -0.155740590627495 -0.173504926456224 0.0209229974389569
0.196185345093295 -0.258850791440638 -0.10618124615603 0.044078957769404
0.0952090632899398 -0.291748205519995 -0.0327075508260887 0.0595272021584201
0.0592892117480337 -0.318474812680017 0.0355005555154228 0.0251481749974386
0.0853301288057718 -0.309908600383874 0.0776744018598625 -0.0157785995806674
0.17445421185254 -0.30611407488721 0.125176019222975 -0.0381354974382722
0.293105010088923 -0.229388319955567 0.170329309805557 -0.0234918815464808
0.352943226731531 -0.0225849525264167 0.23786002750933 0.0319608343726418
0.256458878682618 0.1322546012944 0.264029229825556 0.199299183819394
0.242640308022159 0.154711466976801 0.149205373553881 0.326969347121413
0.266448891707489 0.208492949389151 0.0228569996402805 0.143354724296323
0.249223426251678 0.211145152246538 -0.0441032573015745 -0.230922296298694
0.183434520281495 0.116013492463194 -0.0343798805050719 -0.467786343726932
0.171685977777641 0.134899161053537 -0.29187213040048 -0.368256920488777
0.282859527518085 0.0557756872455504 -0.275389117351693 -0.0565343534481669
0.288955471925177 -0.128581014779073 -0.0701125431810841 0.00367610094248561
0.188732307191562 -0.236388930056914 -0.0201709136248424 -0.0443765818501523
0.0897596865644462 -0.280061301017792 0.0104487867608753 -0.0622390909390092
0.0429912653980146 -0.302709808882747 0.0574639242270803 -0.0927640466128803
0.0527773563668281 -0.294270699756035 0.101176488507355 -0.134158829296889
0.124858602310621 -0.299245353677985 0.173022149303028 -0.144285966653708
0.253904353906536 -0.247886753188412 0.253688909016887 -0.0864393125667942
0.344374586731501 -0.0521168574681273 0.293738079874874 0.0457466928469332
0.254683373660131 0.133044264358822 0.231286388219026 0.196916597266764
0.210405277228897 0.157677010397815 0.0975806770823394 0.24639330545414
0.218270268097405 0.190002450361686 -0.0264177987528598 0.0386979853005524
0.211386783742699 0.169466558137665 -0.114012813309678 -0.304243506779621
0.163179955924647 0.0758837292463999 -0.0258953335146255 -0.4966421697806
0.130606545570391 0.0797765313176064 -0.267905191675523 -0.397719532496883
0.198813350225391 0.0373733200066829 -0.228332825552549 -0.0503583111976623
0.212352281076593 -0.0938218413878516 0.012183169606622 -0.00502169229039439
0.142969536867696 -0.183726179743782 0.0619819719019638 -0.111173091475157
0.0632237480058695 -0.225264283442412 0.0519886702992114 -0.168745781838809
0.0210322700577889 -0.239007927614408 0.0698710999959375 -0.19595372400184
0.0198400360789882 -0.232357957086039 0.10849297017072 -0.233069772856727
0.0701149272560275 -0.240079670677707 0.197219784519347 -0.230352943090222
0.180764945475637 -0.210118368253595 0.305550642430872 -0.140868011115503
0.270971107241906 -0.0572039157079547 0.333667576285308 0.060970728830996
0.203207457647769 0.111715768866546 0.193788810836135 0.207688857398202
0.149254372850199 0.134238005858303 0.0366235267776555 0.185783879260287
0.145912721955169 0.147140309970007 -0.0624320651425372 -0.0548240079661487
0.123373005799385 0.0899774724842872 -0.169173229014213 -0.348528745998644
0.0934928304185873 0.0309366383245441 -0.0243616467825038 -0.49900591678737
0.0696497863907379 0.0308673502782726 -0.234578375797051 -0.405548823475363
0.105908798688905 0.0107822128496871 -0.187654436087537 -0.0531220155307171
0.109797304800159 -0.0614745886993035 0.0625468372274085 -0.0111875098594929
0.0680483293523164 -0.112268080877352 0.119459084405989 -0.152345009184814
0.0192213004296428 -0.138614240511736 0.0791810475372405 -0.242501666627091
-0.00513770841918731 -0.138342503989209 0.0722934617789755 -0.268548343066052
-0.00936382542027964 -0.134849209117043 0.107009984133928 -0.297160772740716
0.0180537718944781 -0.14151129585859 0.205391648864229 -0.282450214680076
0.0921987900571861 -0.129878250725464 0.330341511211071 -0.174016235225691
0.154288257355152 -0.0403777111161555 0.352807430996487 0.0726904994693387
0.110295835001005 0.0687537984183646 0.166294517638753 0.216795604963105
0.0714844672317346 0.0792981815749254 -0.00788080659659979 0.14836774793773
0.0652023289584771 0.0803041322552285 -0.0791588679252054 -0.118665537603069
0.00363397077234966 -0.000814957721642673 0.143439658821078 0.160382926524978
-0.0111450425229323 -0.000151842493576051 0.0971298710904609 -0.109008535861445
-0.0157010849682685 0.00596365139651778 -0.108964395942562 -0.240166445562796
-0.000725375345077125 0.025367824279295 -0.364459102219472 -0.123721116478903
0.0200258024992272 0.0221229893138882 -0.348121246459885 0.156595503206995
0.0275592234110706 0.0190996670536138 -0.198402262515447 0.288526496674425
0.0269632652738404 0.0202793425552989 -0.0899150536684254 0.322655654083217
0.0267068326041533 0.0121730449514703 -0.0380292393060595 0.297741313318311
0.0230320813401278 0.0214483680301439 -0.058173310832128 0.268389339807699
0.0137525536623606 0.026578383320548 -0.106413933324222 0.176091916745903
-0.00643179463145695 0.0206023521075386 -0.085774951223397 0.0553151336001079
-0.00701366273876385 0.00840537253369596 0.100453938786653 0.0672200901928593
0.00830482197281588 0.0181237381743909 0.191800212146695 0.321533303322691
-0.0172146121324145 0.0300586549633252 0.0777420276618328 0.494126051970904
-0.0147300512271474 0.0127384672510743 0.183516849247512 0.375872140289949
0.0725439026602158 0.0725497027383398 0.130769156965641 0.127829989600655
0.0483957528686131 0.0641830638424326 0.0796681663008408 -0.128774813027551
0.0745656796189588 0.0640180328996591 -0.119660058778784 -0.25233148322115
0.119674243772112 0.00866667442799347 -0.367624374226251 -0.128267698980934
0.107029091349865 -0.0598964617833617 -0.345192790963887 0.138033747101667
0.0660479420806555 -0.0821391752086399 -0.201626149918534 0.271629306814012
0.0388973098558855 -0.0857650643491857 -0.0817935646824429 0.308358312933047
0.0397655358340014 -0.102416853326408 -0.0239741535323829 0.280520928873708
0.0620297312582713 -0.091645580944345 -0.0345664800884474 0.250875041324776
0.0914704298011224 -0.070778849253222 -0.0781653669012351 0.171110682048099
0.0957896815038644 -0.0311842394902384 -0.0669204393785497 0.0583408096728993
0.0881370191837936 0.0149118062568184 0.108805066776005 0.0501153904146438
0.090063004925363 0.0400865318348439 0.215642838485453 0.299581948001725
0.105912315524185 0.0695658287562127 0.101993780294164 0.484063552330375
0.117957113782745 0.0962133424073293 0.167171001057619 0.35473943936156
0.137205897061979 0.134210768178515 0.106092013588857 0.0574266535401559
0.100006109934444 0.115058340402829 0.0364547552344261 -0.186073782073117
0.148019941246936 0.117016788899625 -0.158969186544345 -0.260691828759331
0.228057659330422 0.00310306847460636 -0.358411131715027 -0.118839024284446
0.190486500490191 -0.127917051085181 -0.314116450175492 0.103377692267489
0.105820167859518 -0.170622642140639 -0.190351849596793 0.219984017220166
0.0509523808295205 -0.180097503088861 -0.0707646666713169 0.255233247771864
0.0454931806599218 -0.203121629001064 -0.00556019721189159 0.221287681422559
0.0840951802791559 -0.19318975210943 0.00223730774257008 0.190978046422838
0.148018424829881 -0.168385216550098 -0.0215607472464792 0.13418554158036
0.1883560930807 -0.0958668091257286 -0.016691194746515 0.0505658114624094
0.185985935927744 0.0143604872398217 0.131115533850386 0.0291103626600861
0.156147719729021 0.0634318332342566 0.251292848835507 0.254940295186296
0.193769684913086 0.0952108455115946 0.141566010534533 0.449444674733035
0.218392999304094 0.153837768621895 0.131489971393239 0.302746656186287
0.195183584244941 0.175588467859925 0.0677456501006736 -0.033858349328467
0.140168438881825 0.137953333204941 -0.0126518694256321 -0.271174882907209
0.188619699048245 0.149157776829279 -0.217213826051527 -0.270201085483145
0.298509706457161 0.0129607727458117 -0.334309160941701 -0.0936554981367971
0.256932170786816 -0.165067152723475 -0.25142580336591 0.0628439685806321
0.143938030007784 -0.231749244707374 -0.156436510667182 0.140834757538882
0.0635964858945325 -0.248074285563117 -0.0527648784506857 0.167287445983457
0.0453150247978285 -0.272543963366212 0.0145966465106004 0.131048146346097
0.0842556877559432 -0.264718149153101 0.040806169469079 0.0968099898199533
0.167346194402685 -0.250545792877801 0.0492472355369919 0.0622208317513324
0.250316148240827 -0.168537921287848 0.0624464085825085 0.0245868236358369
0.275109917185929 -0.00163906645609694 0.167660476051591 0.0189856147725452
0.208348603544304 0.0929503590939735 0.266098243525531 0.206622779228735
0.233214158813273 0.115249647963829 0.165652086353689 0.383891504850936
0.265016756341875 0.181918845606178 0.0832681732935636 0.226097905952779
0.236316361199639 0.194072696957806 0.0152601980834397 -0.128224781448821
0.166788372044789 0.12874780483482 -0.0421800396082903 -0.364340809232909
0.190341182520425 0.151149383047456 -0.268608636608121 -0.295496935466981
0.310296491563212 0.0325420360945413 -0.297344491345462 -0.0630738930850678
0.286903545158408 -0.160567130830712 -0.159487857807076 0.0259410021101244
0.168862130080224 -0.251018430001271 -0.0967089633829399 0.0458720100491455
0.0722167286329736 -0.278820236401448 -0.0260152473711595 0.0559947971572248
0.037012128463752 -0.302552262246512 0.0340213941021499 0.0209886018818629
0.0628855164793414 -0.295203108720477 0.0716407234181847 -0.0170871616894791
0.145389931582166 -0.295939608981502 0.112132902862237 -0.0382033635512446
0.260538913819913 -0.229672117377507 0.154349002061252 -0.0276400930879947
0.326379679556846 -0.0385275089470228 0.219668191189803 0.0211185798575793
0.243916186484322 0.110269562273873 0.253011845303685 0.174951228268875
0.235105677945951 0.129544954637459 0.152383105555381 0.299449042835601
0.259750951090402 0.185004761247913 0.0291939273825391 0.132949147834976
0.246386060466978 0.18772781674136 -0.049461003236152 -0.213363179211739
0.178806438863828 0.0984409935471506 -0.0480101107635259 -0.433590080695242
0.166622717789922 0.115004074575894 -0.286842130941431 -0.329048653685509
0.265495836556006 0.0366772115364378 -0.256202972429503 -0.0395856451920297
0.262440235886089 -0.135770621382614 -0.0641716992507822 0.0059994245602043
0.163265304932978 -0.230321940210495 -0.0206766788313301 -0.041186208037977
0.0671798386672781 -0.266993877532527 0.0067338689460201 -0.0608004917793003
0.0232287386706739 -0.286149931250833 0.0475123510364402 -0.0909130742785247
0.0338421950212267 -0.279385126300896 0.0866978813630923 -0.129112850873753
0.10090399137113 -0.288054614197232 0.152207131059757 -0.139874741873715
0.223405622989234 -0.244715559885471 0.229075145645614 -0.0913166883214592
0.316813817784118 -0.0652500141257613 0.272314016358664 0.0317335212089074
0.243018008179821 0.111718433796694 0.222710938555521 0.174945510343838
0.204040859179225 0.13540152830993 0.100949793749953 0.226886697860455
0.2139406740376 0.169666833331869 -0.0212635988257906 0.035963533271843
0.209459875142812 0.150570998743453 -0.120056064812317 -0.279550023976693
0.158706104298926 0.0614143398605556 -0.0432191654494603 -0.459909316567055
0.126311767552572 0.066367191806003 -0.266356760990231 -0.360133625894049
0.187031539576524 0.0233530859488531 -0.213865117445535 -0.0368138626647679
0.192881781556159 -0.0993014311446373 0.0127120312176708 -0.00563223339240405
0.122830581177785 -0.178450548165501 0.0528730885625004 -0.107709038253312
0.0452853932318972 -0.214717804305545 0.0391806852829806 -0.161988860214935
0.00643194649808756 -0.225528891098545 0.052958392781082 -0.188806709739375
0.00605147750240984 -0.219135770439019 0.0888562423823132 -0.222112743550746
0.052727816976915 -0.22815527646999 0.170427830700722 -0.221855010761293
0.15792626473149 -0.205815857357124 0.275581284183543 -0.14397853787566
0.248874697414519 -0.0661023426525317 0.310798771626627 0.0436246514582868
0.193884932565182 0.095165134123313 0.188192867012501 0.187054337631698
0.145619103610331 0.11737607225981 0.0417935205652409 0.172349163314119
0.143839903580461 0.131776375929879 -0.0594267866471774 -0.0501845368468185
0.121869970499567 0.0804815656881857 -0.174931995832508 -0.319302975645907
0.0904463002274834 0.0245865323228412 -0.0414285236121692 -0.463618650745966
0.0670855608749262 0.0238943538194921 -0.233274626303804 -0.367427733270661
0.0987019802320081 0.00356034875058596 -0.175521473807782 -0.0427474688440116
0.0994273344579227 -0.0636324576342899 0.0590540011575134 -0.0131538218355335
0.0574034102280763 -0.108305955272627 0.103843326912822 -0.150061383623633
0.00915311614710066 -0.131345387524969 0.0602757811728379 -0.232728015951797
-0.0123364413052765 -0.129660971743819 0.0516334571381187 -0.256477761522971
-0.0153959929896002 -0.125583685503404 0.0828551992011565 -0.282933276090084
0.0093886480694478 -0.133104085668566 0.176434844032091 -0.271450106276383
0.0789126734741851 -0.126586301012434 0.297305363006361 -0.17580713546462
0.141823632118608 -0.045236770934005 0.331435153073064 0.0549623490834809
0.105597062014754 0.060176045011815 0.161260448041656 0.196699891265708
0.0702541368083591 0.0705980799667571 -0.00105974988120968 0.138518392278381
0.0649841082869031 0.0725557391485007 -0.0783839048026673 -0.110851771160034
0.00363211917338649 -0.0016114608975235 0.138859019329948 0.154289915370461
-0.0104137158428745 -0.000426453851641263 0.0922192698769844 -0.101955399737262
-0.0152327893162004 0.00650727408771594 -0.101488575465314 -0.229138728458804
-0.00117486671073704 0.0244654361957103 -0.345193444383847 -0.118093730693059
0.0189395923309933 0.0214231041629513 -0.329563633679375 0.148249597312934
0.0259575187110338 0.0178670522256593 -0.185670337322426 0.274709327202332
0.0259902332067308 0.018706373571791 -0.0803270795934316 0.307516518791728
0.0253677768535446 0.0116802872021073 -0.0307957566746177 0.284892385339286
0.0220550576456955 0.0207006802915963 -0.0512374950920008 0.258628165397041
0.0123624641266753 0.0256325302779347 -0.100539289048917 0.170983309484935
-0.00595743358621509 0.0197885128624874 -0.0825241947713394 0.0542846400551057
-0.0067859282153355 0.00843425798859198 0.0951869691022876 0.0654716286744103
0.0080616933999605 0.0179168703974035 0.179048807674046 0.306772354403424
-0.017216058351817 0.029088621205439 0.0701855924635695 0.468358180371124
-0.0135188767844533 0.0134265608621501 0.175650359580595 0.357683752156546
0.0699990040712875 0.0685278881512659 0.127884791589533 0.123265740165688
0.0464601525562168 0.0600047095780314 0.0762909449473325 -0.119684182403077
0.0704464276912438 0.0612244517439658 -0.111454221142563 -0.240338068445787
0.113625051153199 0.00817698869819334 -0.34879745494195 -0.12249052601372
0.100387442087851 -0.0581046283234334 -0.32710350285621 0.130787276024212
0.0615352896588279 -0.0784496540816143 -0.189786587811289 0.258904508611061
0.0356224365334998 -0.0822859513353337 -0.0737947635126367 0.293954954639186
0.035507036722132 -0.0982621197447347 -0.0184351782756907 0.26756735822408
0.0577704148988326 -0.0882639433867342 -0.0289043086663348 0.241087045874982
0.0847525617079896 -0.0683176775384976 -0.0743125360004924 0.166745787916242
0.0891279059841964 -0.0306422927950444 -0.0654335795303057 0.0563977967562142
0.0821796329146517 0.0132269785366134 0.101975798093682 0.0492310374179338
0.0854317791842623 0.036105278852346 0.203649810478366 0.285514480965973
0.101217354812644 0.0652156261594428 0.094773632953583 0.459074590958328
0.114095918235149 0.0926642565466417 0.160625533352399 0.337860010249638
0.133255816040803 0.126150592913795 0.103719865451083 0.0560299798782717
0.095730112494254 0.107469070251022 0.0373080140737188 -0.173957669121999
0.140236119008968 0.110811571018812 -0.149172552153022 -0.248134011067273
0.215850396107461 0.00218283457218528 -0.338274440000279 -0.112491324132787
0.17929051400645 -0.123227917083227 -0.297775802654357 0.097759092453195
0.0982130432669736 -0.163024036843323 -0.178661929019161 0.210130900263853
0.0461968868959284 -0.172625865208489 -0.0633491755235172 0.242042041517673
0.0395904501875839 -0.194237063574659 -0.00254022159817866 0.211429880548703
0.0772029323962882 -0.18499985698503 0.00459283272086479 0.184019737999538
0.137326351718242 -0.161984965017404 -0.021271831435878 0.131199073374541
0.176169375541462 -0.092121761411958 -0.0191244863919081 0.049305356990792
0.17449490252449 0.0114406264361332 0.121873549938441 0.0282241956143889
0.148732789560129 0.0575068533562004 0.238098602699061 0.243994672785513
0.186130426692876 0.0890281551738674 0.134602538740277 0.428151419105139
0.210433631812277 0.147940001015376 0.12649489516467 0.287626936800604
0.188499796777993 0.165357416086355 0.0664624398207601 -0.0313949512077589
0.134091141950779 0.128224033884074 -0.00966467629379857 -0.256619329353714
0.178498691288119 0.140183098419198 -0.204437575399294 -0.255871761728118
0.282146099801773 0.0098125149778963 -0.315839795627069 -0.0874008411580474
0.241692966983098 -0.159727312218964 -0.236720154335469 0.059260801452123
0.134249070456005 -0.22125018543122 -0.147455127243155 0.134859759964432
0.0561480381984599 -0.237410604857729 -0.0475959217587636 0.157970953993398
0.0378872800471651 -0.261122031122766 0.0155719876045866 0.124911005800042
0.0763644204961664 -0.253537806798541 0.0398294698628291 0.0936663402902691
0.154665825385152 -0.240818724539485 0.0445937577308239 0.0617489978366991
0.234502712874809 -0.161570476565324 0.0556492102661403 0.0245779639817549
0.258579339166428 -0.00347726881461817 0.156059510538304 0.0183140138524459
0.19801851456675 0.0851914528286525 0.252427116809398 0.196625062927075
0.2241574718042 0.106671564268522 0.15703690136409 0.365782502021541
0.255542854269327 0.174500137878557 0.08109333886871 0.214879127683444
0.228552215266378 0.183992852485801 0.0169295714187963 -0.121008401783047
0.160392791748685 0.119467259392625 -0.0370444861938016 -0.344623254746453
0.180651381797529 0.141222521481828 -0.253600168506409 -0.279927814700258
0.293888431350894 0.0287675452048774 -0.279493388219055 -0.0577944780618089
0.269845384569801 -0.156471717545665 -0.150002429087205 0.024729913267853
0.157598074869913 -0.240368022143744 -0.0917914537295507 0.0437062418260368
0.0640821109523463 -0.266312682649878 -0.0236218568527511 0.0519770365373679
0.0294541907995958 -0.289007477173281 0.0320989342624375 0.019656049318602
0.055982111014281 -0.282646947102068 0.0677593510267499 -0.0162840515267812
0.133662127561435 -0.283830429655883 0.104675143926317 -0.0339141818539628
0.243896347029328 -0.219381332036995 0.142334556145233 -0.0260270655660973
0.307448884674576 -0.0383688043727516 0.205022213161737 0.0203622252350015
0.231472713418467 0.102679668986361 0.240050343086149 0.166853943480138
0.225209909977884 0.119896412674146 0.144673859204215 0.285991677672598
0.250148766646281 0.176893778035336 0.0302973652391331 0.125578198286476
0.238841030762281 0.179195559101161 -0.0467989728828346 -0.203142131717662
0.172989720428855 0.0911269951495747 -0.0432859726909828 -0.411148723760172
0.158839696110651 0.107248946898038 -0.272434154172285 -0.312751878202864
0.250979606225906 0.0313877396185078 -0.24026901070985 -0.0360120554808369
0.247226638853613 -0.132244843895046 -0.0587188250445573 0.00508350200210266
0.152854805431759 -0.22086005491685 -0.0197614568814776 -0.0397676502040869
0.0597993865208433 -0.254475459781099 0.00577665168516709 -0.058689312522975
0.0172121493015269 -0.273476100598351 0.0422677764427103 -0.0881585610761081
0.0287249307453528 -0.266899050528643 0.0808938522347583 -0.122887347132158
0.0919974817562556 -0.275384324453468 0.14142279905166 -0.130831065976403
0.208508256694087 -0.233526130508298 0.21369761796478 -0.0862189627404411
0.299543054477973 -0.0637139801957571 0.255944097842597 0.0306558361579694
0.230197975921142 0.105035157564671 0.209837746154161 0.167658143962311
0.194943876725849 0.125632291232719 0.0960871393583958 0.215972703871915
0.205468317833341 0.162320454485852 -0.017923846047825 0.0332251426335023
0.203147138421215 0.144169706875484 -0.115577570058404 -0.266169485086155
0.153933714618267 0.057067567052672 -0.0374612427987538 -0.436604481503173
0.120603958354056 0.0609630178793499 -0.250752916237992 -0.340050896645459
0.176667974617917 0.0199085167361976 -0.199991713688373 -0.0345369747209395
0.181482431292933 -0.0966963805786836 0.0137562290331766 -0.00531702724802047
0.114856762082507 -0.171127782151985 0.0494134115709602 -0.103328111584578
0.0391685024228827 -0.204305895712404 0.0350204667831271 -0.156128614077852
0.00253328056456666 -0.215062445028873 0.0464353680137807 -0.181624670267162
0.00360223999334308 -0.209544674087176 0.0813952631834053 -0.211465208223842
0.0473443448325781 -0.218232887059902 0.158962804540094 -0.209797679909637
0.146951425197457 -0.196567638755601 0.258253115510392 -0.137428786986866
0.235124467157906 -0.0646461399410846 0.294218893782116 0.0422383977776763
0.183940852620895 0.0905446504903866 0.176212617114368 0.179233353037046
0.139487966754966 0.10924251208903 0.0391721150633984 0.164090528145477
0.138253097471582 0.12634372403137 -0.0552061280033574 -0.04965593050763
0.118781522352936 0.0775989591882026 -0.16923400463201 -0.304709299809513
0.0882326098640363 0.0224299722044648 -0.0362995714320604 -0.438452029677659
0.0640668514387605 0.0221194143838088 -0.218976746141934 -0.348598269176675
0.0939712201361249 0.00222704745194329 -0.165092777229607 -0.0411722679499931
0.093992195417436 -0.0623231433402858 0.0570460532332149 -0.0125459902041502
0.053497599083821 -0.103560477150717 0.0978283343469558 -0.144518466894918
0.00579118238529938 -0.124415455827043 0.0538872973095003 -0.223926236834693
-0.013413480655881 -0.123636576102254 0.0446897014249988 -0.245776109152556
-0.0153160361308143 -0.119862037393073 0.0754249628964355 -0.269664113786838
0.00783501252400792 -0.126400066040143 0.164216627575021 -0.257361984719205
0.0734857881497337 -0.120707419350088 0.279127440435062 -0.166699716988548
0.133947675341671 -0.0445062624938767 0.313943554327832 0.0525606095911349
0.10018874923108 0.0572796616065155 0.15163625855201 0.188558846569417
0.0667884026099597 0.0655647757395757 -0.000690750232105385 0.13173488796928
0.0617593747080978 0.0699344056333964 -0.073646044147958 -0.108514555372934
0.00313512650188461 -0.00238169007349556 0.11840373601532 0.172082109706374
-0.0101541239889206 -0.00188738675701005 0.106004817481261 -0.0854194260721121
-0.014636899192959 0.00398764738914556 -0.0660697442810476 -0.241085229810259
-0.00422395694564695 0.0228793082961788 -0.319235480673307 -0.161990949362529
0.0128730161490393 0.0218908729442789 -0.340548901027802 0.0981506858098201
0.024502160187759 0.020763291148553 -0.220638762751724 0.242574630892061
0.0242167273536199 0.0238671127783734 -0.116103090333126 0.290429760502523
0.0234328783568085 0.0164751945873741 -0.0703005390033723 0.274167042612802
0.019648395097952 0.0259521108423975 -0.0868302495920605 0.24722906850703
0.00775951601626838 0.028491250908219 -0.125304241739824 0.154019731249626
-0.0100571568768835 0.0194881585324656 -0.0904277871942703 0.0412334325741012
-0.00720971462129114 0.00620772602269376 0.0817821571540919 0.0807501383205688
0.0119999338346626 0.0184251920323415 0.122219145090372 0.327848236402551
-0.0159747216521132 0.0263226785951984 -0.0107222062486149 0.466801987888695
-0.00997265457441359 0.0100851125730465 0.113524248160846 0.383466980606356
0.0593688548020765 0.0747903068412517 0.105195118725386 0.14211927866127
0.0360403319034141 0.0637190988133532 0.0890578103408009 -0.104340168698473
0.0596131044796922 0.0694312540935389 -0.0799312850878755 -0.250907032277779
0.108211755297483 0.0247748067516821 -0.324458581234833 -0.162974210643112
0.103649254879975 -0.0413954041478877 -0.338493291038702 0.0851245923542924
0.0730534598795711 -0.0674607008014581 -0.221283004776371 0.231129311957093
0.0486105118253707 -0.0743297474198952 -0.108397595110745 0.28015406007994
0.0491527517898255 -0.0895574374042241 -0.0558064944492777 0.25910452771915
0.0701967862654081 -0.0744593094968838 -0.0639394775386386 0.233468120578148
0.0913126467224158 -0.0518936230756619 -0.100921398143796 0.152252270213915
0.0879572109876969 -0.0147426947484721 -0.0760431543752736 0.0451445977620036
0.077483119652134 0.02412606631767 0.0889227564085871 0.0645545136487625
0.0844932037858245 0.0457804996025572 0.150526179110075 0.31046873262592
0.093934502553979 0.0791106987475653 0.0150591843620918 0.459352582908882
0.101700827118329 0.109481263391757 0.103089424469256 0.361433550430765
0.113366571206287 0.139869284402578 0.0841680759121376 0.0745300268407996
0.0773323412252772 0.11731905692486 0.0553396597891219 -0.162745193894114
0.119555711760946 0.127087430819498 -0.120363458533397 -0.260380007785591
0.20726071531129 0.0350361799989973 -0.31986848716155 -0.149410230015636
0.189480339953043 -0.0908291825327425 -0.307586809508555 0.0611477783293293
0.120506096007898 -0.1436865818025 -0.203156309858609 0.189514065686446
0.0716502137802288 -0.161283112569609 -0.0931237444428938 0.232529999838958
0.0668004750179951 -0.182811868182624 -0.031861149790319 0.20660678001042
0.102762758659344 -0.165760326507831 -0.0233185631982938 0.182271699743396
0.155220843206487 -0.134971456813465 -0.0457810623462341 0.124780347392456
0.180749871573301 -0.0614014320463448 -0.0321301121956157 0.0439010934392874
0.165620561890184 0.0362357417977154 0.110513790924219 0.0467778866676568
0.141986380520467 0.0747500740068514 0.191693886686431 0.274606772924741
0.172970404763007 0.113580044803632 0.059903878962959 0.434114847803742
0.185467139170897 0.179100425648942 0.0784063285238674 0.303696019356343
0.163427668034318 0.186149832249765 0.0544345702784569 -0.0143921538420301
0.112081179810909 0.142463662260269 0.0199570470306433 -0.248864568259897
0.153255542294866 0.16194408857811 -0.176607189190372 -0.275129773169547
0.269898239972135 0.0527449824106033 -0.302301381170911 -0.119584869287823
0.255375839061215 -0.11567192068441 -0.245234683496111 0.0348351911812358
0.163393963508416 -0.194871665690959 -0.161055484283171 0.122385619960944
0.0913587602747518 -0.223961621945214 -0.0673341362797848 0.153293823127189
0.074605645062848 -0.248837436621181 -0.00258034931535129 0.123764575070536
0.11194871648015 -0.233623712759692 0.0245660194110931 0.0982919765344057
0.183967750008545 -0.20931182769528 0.0272893157968356 0.0668903324521468
0.24772538158908 -0.119181889423056 0.0425723432743274 0.0307033045614101
0.249452563013793 0.0355228085170304 0.143708734582248 0.0412154079238791
0.183715487205088 0.107979183036952 0.214076643775773 0.229530410173765
0.20671401641415 0.136136664701413 0.0923183788356194 0.377087236586581
0.223598369080904 0.213107549066916 0.0451380895843537 0.222170877452445
0.201674371475076 0.210300765685986 0.0134171465054663 -0.108233290674478
0.140330219141014 0.138688958236804 0.00608665604942732 -0.339708351064491
0.155481326991029 0.162377103333939 -0.221422665169816 -0.304975393428754
0.278152694666533 0.072183736866672 -0.271504793904311 -0.0864324145118032
0.282547649767678 -0.108356858590354 -0.156425613908741 0.0139436520251872
0.188559516249274 -0.209028750858131 -0.0939688555922397 0.0427358693486574
0.101933281137796 -0.251068727456377 -0.0315367152524042 0.0524121457363176
0.0705538534118699 -0.278768824529347 0.0279007169886324 0.0225893902773332
0.0965277363641513 -0.266432094726436 0.0664101668285749 -0.00482720636833882
0.170650947222984 -0.255117113294654 0.0991381228287586 -0.0170331980057909
0.266817463884117 -0.174998729112349 0.134153306414796 -0.00410588260650443
0.303043149021533 0.00962051120464631 0.189987284803845 0.0508283598239721
0.21321062110851 0.130809735014423 0.205458359118183 0.197031576891743
0.203558478973627 0.149033688229132 0.0962050479840349 0.296141336612079
0.216914457610638 0.214146148659351 0.0104346834023561 0.125133424848618
0.213159614093766 0.207127590170771 -0.0389933033622296 -0.196437795444697
0.157084326921809 0.112845855601205 0.0106327159673073 -0.404171218051508
0.140223962093224 0.125748664662401 -0.232668774632773 -0.33914469607946
0.236272776597636 0.067955742413816 -0.235831392993641 -0.0609108350443798
0.256673076853856 -0.0878906134008645 -0.0637911922189015 0.00668323058313382
0.179714372064605 -0.191180951110652 -0.0124457571292739 -0.0294091184016145
0.0953340470242243 -0.241385948667208 0.0108153018333684 -0.0526457977646057
0.0566636791352589 -0.265526865546129 0.0539357959098767 -0.0806874369065157
0.0664020425538749 -0.256122230675739 0.0943621943015465 -0.108564545187506
0.128590278741217 -0.253859491056087 0.150558436612018 -0.105857734917089
0.235252723325198 -0.195027728165265 0.213763897892754 -0.0510599628288065
0.299928357593785 -0.0169234302582793 0.238598436906345 0.0709790027900993
0.210830368944875 0.134696770784512 0.176286705979267 0.19363629147555
0.172031480252567 0.150262593537062 0.0603262441073942 0.220626378481837
0.173423363202863 0.193132856861176 -0.0214151500845484 0.0246171295328416
0.182507739143288 0.169090443336402 -0.0951248855903326 -0.269396315324456
0.144336999629849 0.0784074707196329 0.0224538887981672 -0.429297249693239
0.10993322298493 0.0754475687676865 -0.203628988237892 -0.363494243011706
0.166894805367888 0.0449367543371127 -0.193619869331976 -0.0564144350690406
0.188801143939698 -0.0649386526436268 0.01011142412239 0.00418273894779083
0.135632993386841 -0.148511509018516 0.064129240638937 -0.0849366683667681
0.0678710745069125 -0.19488311537819 0.052071948248214 -0.145583989493525
0.0334298432087575 -0.211377363877582 0.0700559531163584 -0.171174567902674
0.0333957536816748 -0.205008109823728 0.108007001789236 -0.195368723955363
0.0770141546827671 -0.205733529325692 0.18120129452531 -0.179132278381178
0.170545478070414 -0.169875968172287 0.266415833770939 -0.0926464881922368
0.238718657720493 -0.0284406513512206 0.276098186250066 0.0875373880231947
0.168111174613802 0.114932530868593 0.141585671044871 0.200956889844703
0.119421747319052 0.126750120144787 0.0138872501907074 0.162012388349474
0.112267308255644 0.147790697743982 -0.0450947461470682 -0.0629808184730996
0.1085365341856 0.0931336128838607 -0.137826298866061 -0.317210019199201
0.0856164122331966 0.0357507170791389 0.0258926331998367 -0.432340023046507
0.0605882825167011 0.0307001873505844 -0.16687374027117 -0.36848841834654
0.0895470813829563 0.0151658391675313 -0.155871035372219 -0.0604365644058051
0.100081758236818 -0.0451356628324379 0.055834072576117 0.000213460050898355
0.0662589003298191 -0.0922090335354539 0.117399421487456 -0.123022967389067
0.0227524872476281 -0.121608253627537 0.0796350558720461 -0.211323484634705
0.00505998529742261 -0.124531268896338 0.0775703609291458 -0.23449613285831
0.00155764826660663 -0.121106230633559 0.111612352736736 -0.251911459113315
0.025868975997932 -0.123393455062502 0.195629094399349 -0.224751786085655
0.0892375658691489 -0.109851186735025 0.294628717867055 -0.118544091357998
0.138535376346732 -0.0258368234386876 0.296121628906821 0.102199705228193
0.09280477410616 0.0714641882304819 0.115255066209188 0.20767576208005
0.0560403737333584 0.0743278178443609 -0.0210297638998455 0.125212383942824
0.046980410332529 0.0798131281345347 -0.0536474673362546 -0.12282621269222
0.00338464888189278 -0.00328274824121084 0.124100056287085 0.176623682118199
-0.00998521053769649 -0.00310757435833676 0.109035489985144 -0.0839360341297766
-0.0150856087637847 0.00406869148702127 -0.0652417692247347 -0.246629558859726
-0.00467412538353496 0.0236659501669108 -0.323872464991206 -0.16665916901525
0.0127903241118212 0.0221927927196159 -0.345571978685957 0.0991313013181388
0.0246677727743821 0.0208434478728176 -0.220787033067418 0.246157200873335
0.0256153555132332 0.0237582463835459 -0.113901172474805 0.296315170295486
0.0235519105623222 0.0164822069224192 -0.06730059817948 0.281490982139609
0.0202650388677713 0.0263443110616391 -0.0844503777366616 0.255595436070822
0.00755539272251295 0.0293962859677646 -0.12755014817766 0.15987359816907
-0.0108122063851235 0.0198034706207941 -0.0933872756985628 0.0439838064481622
-0.00783384987554472 0.00649137426599073 0.0818921103564479 0.0832670796847755
0.01218664171172 0.0185707217123806 0.122365929438107 0.333149399954537
-0.0173754306501976 0.0272738656733918 -0.0152781913878137 0.473289621245432
-0.00894884351515667 0.00974639724560463 0.116082820230676 0.392061449715925
0.061036960781327 0.0753820105576668 0.109883034576735 0.146139404274087
0.0366781746100983 0.0636298464435832 0.0928573356060858 -0.103240558421478
0.0600681353237064 0.0700505248483306 -0.0798449579250844 -0.257439869406568
0.109687272687321 0.0252017072692146 -0.329025990287595 -0.167310762130545
0.104140976876208 -0.0432118542941289 -0.343069306995448 0.0864603094951261
0.0730168829174979 -0.0694154562724298 -0.222461757534084 0.235954210197227
0.0484660646954102 -0.076494544539905 -0.10581352123689 0.285332119703333
0.048384382866097 -0.0924336243694929 -0.0531384733087966 0.265806551689773
0.0698976130233943 -0.0766397903623302 -0.0611148179764045 0.240784840605684
0.0910839904012685 -0.0532072169440553 -0.103004627664817 0.15889552003669
0.0881748655101079 -0.0155354198155038 -0.0795455826283155 0.0472871608161674
0.0781556332185588 0.0236384578499747 0.0889618039415292 0.0668750557053386
0.0867258849802131 0.0454892995670603 0.150579286441354 0.316733414300583
0.0964041228403427 0.0804418229422521 0.0129347015700742 0.468191575280351
0.105615207195052 0.111944139938121 0.107676082210746 0.368592802841371
0.116957893936576 0.141745102709013 0.0882530252507629 0.0770688475813686
0.0785222776773815 0.117575772104036 0.0594257695183189 -0.163279205706222
0.120818880449956 0.128685769342411 -0.120907324098624 -0.266210332459475
0.209813248385519 0.0347485893533102 -0.323359875306312 -0.151976409345318
0.191167239412035 -0.0951239425035905 -0.311898182692993 0.0619153165062663
0.121214036762878 -0.147520877997872 -0.203849355950321 0.193186117930265
0.0705498009685957 -0.165984914224265 -0.0899739833011604 0.236707857924313
0.0650660296983851 -0.187228810094246 -0.0299811636463528 0.211596958182368
0.102630393915074 -0.170922867211743 -0.0205875946558575 0.187203895897925
0.154701468860262 -0.138925390666778 -0.0468979778149508 0.131438145821378
0.181038142150763 -0.0632391412625878 -0.0359756027400723 0.0461820900378422
0.167199015601002 0.0350980817352072 0.110418725095108 0.0474368121427294
0.145097620202992 0.0736813326035426 0.19377828050727 0.280505577791013
0.177867795863409 0.114326160173798 0.0573159875923583 0.442575216569595
0.192515884236297 0.183753592447941 0.0826908160269036 0.30989529379617
0.169438284541891 0.18848648442334 0.0572840227774316 -0.0138046357776958
0.114455120178467 0.142502596947974 0.0231663867656606 -0.252107505264944
0.155023692963529 0.162608226421708 -0.178059559703565 -0.279943614042181
0.273318910659121 0.0525046875897065 -0.304655332274679 -0.121542319023589
0.257738341373008 -0.120100729912064 -0.247086217111364 0.0351328109707595
0.164232407969673 -0.199569990345613 -0.162190582806633 0.124660413382508
0.0891595796539336 -0.229183677780631 -0.0651224108573559 0.15598939366932
0.071604936916521 -0.254865819494475 -0.00146674000377761 0.126914720375275
0.110002367982633 -0.240540500902224 0.0257769073267909 0.101717954755287
0.183689938845735 -0.215177754635061 0.0269328989357591 0.072088618924903
0.249153667603085 -0.123156471301744 0.0390609846600568 0.0327418846662758
0.252150036557381 0.0333027002341787 0.142607513575714 0.0430591116308119
0.187858129508023 0.107242190004035 0.216521780348294 0.235497615337468
0.212703438341865 0.136170658603506 0.0940951276296609 0.384559786259509
0.232197964571892 0.218819868828957 0.0496461966896838 0.225278838128231
0.208041304749006 0.213266908346959 0.0159177798892686 -0.109656990334408
0.144072991951573 0.138456551349203 0.00972334866649631 -0.344999505603139
0.158165946578366 0.162850964143558 -0.223650330870874 -0.309539919669148
0.282227884001925 0.0707768819856961 -0.272930003885508 -0.0868797308207739
0.285707927043602 -0.113528869517795 -0.156519679764525 0.0135047287826862
0.189771704474648 -0.214484140871517 -0.0943399827002325 0.0437794280803902
0.0992311414468608 -0.256958091357248 -0.0301976587667654 0.0524849480302129
0.0672461945738497 -0.285384530388886 0.0284591067322304 0.0230285131166366
0.0934207567124781 -0.273089956934667 0.0670714079325987 -0.00452140792163745
0.169250185709725 -0.262133289883367 0.0989851278211798 -0.0145484088690322
0.268666833227359 -0.180150529871742 0.1323152709627 -0.00234799048412811
0.306492049919054 0.00744368370011355 0.189608600005324 0.0534261647146178
0.215784255611028 0.130893114479425 0.207763499672692 0.202306088369315
0.209167968873026 0.149100223075944 0.0979793775972203 0.302371673132289
0.224406818807776 0.221204637298342 0.0134485665672777 0.125751503390064
0.221093355931614 0.210593092153874 -0.0394213693444666 -0.199491409982089
0.162290056186551 0.113000385044711 0.0157970410091631 -0.410434294593061
0.143216055409933 0.125452486839987 -0.235079132149675 -0.345492591865786
0.239702745986832 0.0662556261036678 -0.236377276781831 -0.0611136305840823
0.258879265167853 -0.0922197183233399 -0.0615070229924963 0.00688173766631466
0.180971385035297 -0.196111320480402 -0.0120171168244336 -0.030579539559689
0.0929962294666122 -0.246349094779984 0.0115959144077479 -0.054624323046147
0.0527537935003658 -0.272050483235375 0.0521293806897282 -0.0826351718081125
0.0645133478387522 -0.262708054378408 0.0939476900750947 -0.11021136713704
0.127491977787621 -0.260524178224924 0.151171575386031 -0.106116113758145
0.236138969174661 -0.200798503106419 0.213429700721657 -0.0499016902036629
0.303663224080436 -0.0190339644249002 0.239755197185921 0.0722284209610358
0.214111165380785 0.136754996201827 0.177674345635558 0.199200218774109
0.175785968385715 0.15029028034151 0.0624060719648077 0.224994825320039
0.179442287397346 0.19883026619224 -0.0199209913794794 0.0235678559009847
0.189399122085143 0.172340599218858 -0.0982551339673545 -0.273918857023075
0.149356336412328 0.0785690322070715 0.02622179200678 -0.435088847330865
0.11272619159192 0.0755700552299137 -0.205850216292441 -0.371110529865528
0.168704834917997 0.0427147096364414 -0.19470386035359 -0.0569687715248548
0.190497870333699 -0.0685560183028329 0.0127787049762113 0.00455991977381169
0.136460260391102 -0.152263811105367 0.065063907296279 -0.0874522647803638
0.0652960299053276 -0.198931732723018 0.0510780132463931 -0.150037216294224
0.0308029157229477 -0.216679181709184 0.0681969320377684 -0.176080372595308
0.031339903944589 -0.209743374545574 0.10648907413139 -0.199342638175995
0.0752182347667495 -0.21108940639289 0.181236370897041 -0.181828171257529
0.171056693968222 -0.174092480142578 0.268119312513421 -0.0936488308106725
0.242506011763676 -0.0301478588377991 0.278148208263519 0.0909262923264615
0.170476085768207 0.116888224828966 0.142695218220745 0.207390446984529
0.121957796551923 0.127468665547795 0.0147664030046246 0.164699212570259
0.115978311582276 0.152110506749895 -0.0444626024120216 -0.0663866648337581
0.113174311004953 0.0954337044453883 -0.143572244092086 -0.322763168611075
0.0898921136172867 0.0356278763409632 0.0300825398007305 -0.438370022843422
0.0622234815101193 0.0305224291042358 -0.167544027884553 -0.375363409709931
0.0908756286834641 0.0140084511161904 -0.155623226225182 -0.0618454048296701
0.101150137513008 -0.0469203333407413 0.0591429040343663 0.000962510067307776
0.0663992348745624 -0.0940951108459235 0.118846675639964 -0.126515264570595
0.0209463495327188 -0.12307895665493 0.0780999104393117 -0.217449359538376
0.00331110141489465 -0.127780516405255 0.0739540652308972 -0.241301657937279
0.00110716260417373 -0.124039948663921 0.109788031477304 -0.258379944673067
0.0252008522774262 -0.125735491410827 0.195416980551848 -0.228655636232255
0.0889583368631765 -0.111768799211898 0.296767337708519 -0.118564593368646
0.140422636533175 -0.0272265899696067 0.29968934574536 0.104903276781262
0.0944324347813708 0.0726466884602936 0.115481267380047 0.214374522863365
0.0573559626616834 0.0747223763176344 -0.0203354973644145 0.127163989677707
0.0483477246236261 0.0827486088230392 -0.0556869584866097 -0.128565748975397
0.00344805301618613 -0.00453969584549276 0.136951316801476 0.176514399086247
-0.0112000371836563 -0.00352243758632001 0.110570797838161 -0.0885287659092955
-0.0161585400815587 0.00440438038164364 -0.0736860703301799 -0.252049266454128
-0.00381188186974257 0.0255721396574193 -0.337837687678701 -0.159411645575235
0.0133851733144652 0.0226629360619823 -0.350632452562308 0.114682572886518
0.0261986029945771 0.0198833380318663 -0.215184236985075 0.261126886109888
0.0276370890665457 0.0235820701006555 -0.0999708194485153 0.306617639961878
0.02406827830223 0.0153060506833 -0.0528234376961122 0.293099620925733
0.0224069511890123 0.0260919349649172 -0.0723296575442024 0.267116742821774
0.00786754282417064 0.0303348342958412 -0.124261788480924 0.171827310610396
-0.010991282398544 0.0206233042772387 -0.0959310115874151 0.0501097474995031
-0.00735053242280192 0.00722173110966695 0.085376433603137 0.0826145306017338
0.0128328861298284 0.0182026943229039 0.134853532068086 0.337422893971101
-0.0174551454206217 0.029333045694283 -0.00388135102980528 0.485718319040812
-0.00922213749188061 0.0100374662352781 0.13741473855759 0.400990880956564
0.0658223863001315 0.0739546212382591 0.121910154622338 0.145750762693833
0.039366786694559 0.062378285107233 0.0946894432431178 -0.107111145399852
0.0633304858308744 0.0687368218353372 -0.0900911350652233 -0.26208390107913
0.112751204866921 0.0217930135831694 -0.341663020907814 -0.15981530700551
0.103647718646888 -0.0486874376231416 -0.347699555607354 0.10106121139062
0.0709697258005269 -0.0746080422651535 -0.215701694882705 0.250297335228369
0.0454100935379495 -0.0807019343730648 -0.0927990222398608 0.29579483160255
0.0435881264062365 -0.0972278448291763 -0.0393111211543128 0.276077374855072
0.0670844739500751 -0.0825822609902495 -0.0493935445207637 0.252207277721526
0.0887501043487456 -0.0587018328119374 -0.0987980090157161 0.169935877743188
0.0877896448221705 -0.0199438483552757 -0.0826099288558503 0.0531446423966912
0.080088694690583 0.0208370598786543 0.0919015724625843 0.0659366399480071
0.0899768545732054 0.042331710124836 0.165698812163872 0.320553668423773
0.102926874374617 0.0790531032129147 0.0268314386101448 0.479228844723804
0.114809763653973 0.111775821405936 0.126848969799036 0.374484922650865
0.125755861648055 0.140074531373015 0.0966763125801489 0.0762168451458029
0.0838940089575834 0.115499510941653 0.0579083880507969 -0.167410823033815
0.12732121999507 0.126370672973388 -0.132058828278234 -0.269569586722834
0.215240500692017 0.0270175851788613 -0.334968774209946 -0.14456928078465
0.190277447869675 -0.105977008334453 -0.316463338518902 0.0743875188441845
0.116747142783152 -0.156668036317264 -0.199539714013595 0.205330497671104
0.0632912239216561 -0.173609699431799 -0.0787303234848831 0.245779351298984
0.0556634530345189 -0.195382594546944 -0.0193883253824451 0.219353036591828
0.0954748238450067 -0.180580000936151 -0.0106272610929921 0.195181262571868
0.150013695635019 -0.149572955783507 -0.0435665086797461 0.140219023962344
0.180168329719849 -0.0736006673050709 -0.0387049120809992 0.0515043362017241
0.170351609738007 0.0282865548943285 0.112108955627837 0.0454022131564067
0.151809447974753 0.0674115985964863 0.209352520995377 0.281556895959578
0.188861100639589 0.109221125645208 0.0739399380139411 0.452562872595675
0.208846357416975 0.181991340077335 0.0992274191938109 0.313591054117919
0.182490088135513 0.186293112836398 0.0611615789995993 -0.015871813026498
0.123161440983153 0.139325294165421 0.0181077563366392 -0.257676632821285
0.164461230111902 0.159352898362242 -0.19142674573632 -0.280441221057694
0.281428661806866 0.0416462002420076 -0.313089678455688 -0.113285855013185
0.257065111564365 -0.134863367229576 -0.251001317923099 0.044007884644963
0.158693812324783 -0.212167317903709 -0.159517049236264 0.134684946365363
0.0786615944939714 -0.239559303558528 -0.0573654426647797 0.16143264114959
0.0584262392034678 -0.2653914718661 0.00472268367611593 0.13117338719126
0.100567975389293 -0.252339052997463 0.0317052865875857 0.104580134273645
0.175052850124429 -0.229736635342072 0.0297274046811086 0.0766430924887278
0.247735240757207 -0.137498789789704 0.037369060311508 0.0350508500329292
0.257494367599335 0.0231502718998003 0.144992606221996 0.0394208637948978
0.196587479756822 0.100337487717425 0.230909118123402 0.233467045189614
0.225586479879016 0.129345825438791 0.111578927799018 0.391035539025471
0.249551302604335 0.217794871257619 0.0622609636600404 0.227954394018782
0.22365696382565 0.210140560060014 0.0140912439255642 -0.112420641022377
0.154035173510324 0.133841774955939 0.000623251726235566 -0.353692896415336
0.168068359841265 0.15954472683626 -0.240215241797212 -0.308174863406405
0.290492402590827 0.0601204094778245 -0.278458145281458 -0.0785186453152939
0.285990644690992 -0.129312800269671 -0.156751720966119 0.0192613835390043
0.184090175106196 -0.228418137280759 -0.0939668264990751 0.0486878123996101
0.0884189578199075 -0.268352249673028 -0.026854053004049 0.0543377214705954
0.052965869472352 -0.2959834167902 0.0293466622985284 0.0227942839112114
0.081426995803555 -0.285763156618931 0.0689929134641553 -0.00688968188153967
0.159355758220429 -0.27731458340577 0.0999009684276398 -0.0153367659085781
0.264755386419926 -0.196645321288321 0.13168437317517 -0.0045270828394978
0.312286550875549 -0.0059558724716379 0.193273042777957 0.0485407495778503
0.226763753268417 0.124503078368085 0.221227886075257 0.200407249358798
0.221997022866805 0.142370064836364 0.112581495239992 0.307160606275802
0.242246235635943 0.21921992595319 0.021367975616186 0.126324683761996
0.237084881454296 0.206562317162459 -0.0476478525708669 -0.202366702623808
0.172979043755554 0.106783240545571 0.00467026697645841 -0.420349529019764
0.151863591184459 0.12168230357725 -0.253387461293108 -0.344913781295458
0.246235969242717 0.0559005180536059 -0.241322267503819 -0.0535218300708722
0.259256650911808 -0.106847955437194 -0.0595762530474067 0.0088668128978354
0.175598562799911 -0.209569102237817 -0.0125820736650157 -0.0305511901315413
0.0817135514380454 -0.256811050219607 0.0100387226121272 -0.0581592536207451
0.0393470013931348 -0.281809716628951 0.0482239807574216 -0.0876689074027824
0.0526754725409778 -0.273670284791105 0.0901880894183094 -0.117546635234507
0.116715446281293 -0.273143952651483 0.148970797141707 -0.112538322988112
0.232018190506208 -0.216730798356327 0.213516639025358 -0.0570106835162507
0.309059790431648 -0.0328754483211214 0.245964608256274 0.0668877915046115
0.225136551619319 0.131096361359897 0.189523892641001 0.199394238918592
0.187177630259807 0.145021946775542 0.0735711153606041 0.228198031980077
0.195132839098579 0.198765739146514 -0.0183055402624661 0.0220325929429152
0.203927318647629 0.169327566123278 -0.11258385859513 -0.276580150156998
0.158609295346948 0.0737443339738175 0.0153371526837943 -0.447109485517805
0.119271177702483 0.0713110143268539 -0.223654809293291 -0.373538770927841
0.173854822014105 0.0352435147611932 -0.199214857294902 -0.0510190220864011
0.190961664596947 -0.0793058496442653 0.017418203367212 0.00454139291721839
0.132386539759588 -0.162031880676673 0.0636305486382995 -0.0926202918779536
0.0561777954922026 -0.206545090505921 0.0455481842954359 -0.156821761491548
0.0195473105140738 -0.224036958241323 0.0594844911848551 -0.184426195063951
0.0217729721279195 -0.217515167873984 0.0979938146300859 -0.209522976239455
0.0664938562292314 -0.219629705270436 0.176749610202142 -0.192019219085074
0.165939118622014 -0.186181544456127 0.2686647642794 -0.103246894113894
0.246489433506692 -0.0417304578363903 0.287163699604609 0.0847384374745555
0.180084922752477 0.113797433263257 0.152885930137476 0.209663345296583
0.130437123662958 0.124456519368503 0.02237546293832 0.167507519073009
0.12749492759056 0.153000964950285 -0.0482509524743709 -0.0694813967373476
0.122180508098702 0.0935864325009628 -0.162313704392649 -0.325903332182087
0.0952002072053898 0.0321532652774401 0.0178556704560457 -0.450344375818087
0.0659649323128434 0.0286202669001867 -0.182223197372069 -0.378167829556223
0.0932147235218813 0.0098419092382809 -0.160169759353176 -0.0586239481285335
0.101137345909427 -0.0533803887024194 0.0645815008369613 -0.000844174545122665
0.0639808758985273 -0.100412790746484 0.116916411108618 -0.135520527347417
0.0149328477696429 -0.126578879833827 0.0684487859633975 -0.227629267690499
-0.00307935890012127 -0.131483681477691 0.0618672540296098 -0.250942046649975
-0.00495895832181111 -0.12762044611773 0.0977722052687747 -0.269621258651674
0.0200371164512514 -0.130152595717917 0.189007784072972 -0.241765624773698
0.0851588084655817 -0.118470489802483 0.297882664724056 -0.131298334576642
0.14223558095369 -0.034043166509714 0.309706001564517 0.0977914766923856
0.100430049023511 0.0717731962772247 0.125064352731861 0.218249482121568
0.0611252037055838 0.0743038358154037 -0.0153947759302787 0.129893945931439
0.0537631386647752 0.0841489352263985 -0.0626106876342157 -0.132161074678985
0.00205452380397886 -0.0046910454460928 0.151223149561865 0.167400067520883
-0.0123406290249121 -0.00335773160998008 0.108570818152195 -0.0935407109264129
-0.0166574511409921 0.00484339384833509 -0.0877214833344598 -0.248849462732199
-0.00227945120206824 0.0263815904749922 -0.347953250913758 -0.14027256601295
0.0139955334048196 0.0218445949305839 -0.342124843705253 0.136583012933168
0.0267213161177446 0.0186396857849043 -0.195792474875926 0.272255135031282
0.029399228995533 0.020853492792217 -0.0760760142703589 0.312890380065442
0.0247260262170819 0.0142283039535199 -0.0289640268880712 0.29674026546787
0.0230994366259447 0.0248866471637554 -0.0507741073792619 0.273479878867452
0.00943147008803146 0.0303320884051147 -0.112925728530636 0.182123876510541
-0.0103162150972407 0.0213632752721733 -0.0945553530390634 0.0577703818676728
-0.00689042620306012 0.00851242836052416 0.0893759628270934 0.0787829332476322
0.0130069666145867 0.0177424221562328 0.152737244616382 0.330426700076564
-0.0162656424241193 0.0313554837883003 0.0215571890715921 0.486202819390508
-0.00753300697509935 0.0102073989648862 0.164211920231768 0.392431830644951
0.0705653851773218 0.0695355208445496 0.133352219203366 0.137198834150078
0.0421607561563644 0.0590016364363618 0.0909075382295118 -0.111675779736347
0.0656763891781006 0.064502481549064 -0.103821995643998 -0.257256808445578
0.113860171360246 0.0143137382980612 -0.351183867906301 -0.140143442554583
0.0985270798912498 -0.0557408670605745 -0.340937795119649 0.12264538210561
0.0648091375503821 -0.0795868225125238 -0.19710456980284 0.262324442822697
0.0395897873394378 -0.0841422863757255 -0.0688069896698907 0.299991652902644
0.0354199612653161 -0.0996542910890027 -0.0169028863915834 0.280229329532584
0.0605012738469306 -0.0871113961751222 -0.0293468485591539 0.256747659788585
0.0824861624706865 -0.0640989236469431 -0.0870740297064453 0.179296174728867
0.0845439516446807 -0.0257446406161987 -0.0811561222684166 0.0605009749611418
0.0803370873899946 0.0145104934684132 0.0940325860779379 0.0615301461051323
0.0930239561446007 0.0349967214744378 0.184008439241025 0.310708921510519
0.108363513234768 0.0724445480261477 0.0518612459318311 0.477590043437081
0.123880800259959 0.104540611985535 0.153877446525871 0.36513474572135
0.135295960284533 0.131673932181465 0.104419634274147 0.0699452470007521
0.0907851715217707 0.107824348019211 0.0510623593483167 -0.169954832000138
0.134068273477152 0.117120118821854 -0.146842067304043 -0.262393621560509
0.215965023347961 0.0124347840141963 -0.3413483543235 -0.125026134154251
0.181224137012797 -0.118311598479392 -0.310481387412822 0.0931077418672818
0.104822231667563 -0.165265936561262 -0.183467680314332 0.21778095697957
0.0496386600106636 -0.177255106094178 -0.0599324150561107 0.248805833256046
0.039365726122045 -0.198974900873286 -0.00180203501239425 0.222014010432988
0.0814236249262805 -0.187894210213557 0.00484644248959987 0.196970561506207
0.1368830995258 -0.159737593660976 -0.0337977921614295 0.146207559307989
0.172687873103887 -0.0849668873741323 -0.0383792822496903 0.0561541987110701
0.170208805443284 0.0157493419084192 0.113267346191252 0.0400302661428376
0.156607295576818 0.0557233477862673 0.22689109897196 0.268290260840343
0.197714425431807 0.09608081056603 0.100167330663143 0.447781364104001
0.223056477016523 0.16956889839634 0.121603809819104 0.306108256762384
0.19474461698848 0.173895045617847 0.0627592631249986 -0.01935730974494
0.131366591514015 0.129793462639211 0.00523499106699571 -0.258093426457161
0.172802568325825 0.148869194519049 -0.207577905674747 -0.268924056080254
0.282131049326538 0.022439817030438 -0.316937960317661 -0.0943978832788119
0.246001578356957 -0.152641286662137 -0.245670234787784 0.05828153206115
0.141812981285056 -0.223472440511578 -0.148983622008831 0.143934322024368
0.0600503894640787 -0.24400824291074 -0.0436171785959812 0.163491778512485
0.037654009478749 -0.268880921353901 0.0157358567889928 0.13134951164672
0.0803160043657434 -0.260316287315874 0.039921554260872 0.103174953523878
0.15749447279089 -0.241203005485725 0.0344118865972503 0.0775647681816751
0.235060755313859 -0.153592719360345 0.0361078532902722 0.0361676872660565
0.256906060556774 0.00459780272622894 0.144445994003494 0.0315796026211186
0.202993056457003 0.0857272091975357 0.245535637084316 0.21954111780373
0.235700673015945 0.112124528348497 0.134558443167538 0.384662908217186
0.267777467659019 0.201620330550444 0.0794601076109112 0.221521034140584
0.238307402275581 0.195703063355089 0.00891666216313394 -0.113808078096122
0.162926356606569 0.121859725792626 -0.0171817174322731 -0.353753708239183
0.176932449157619 0.146894371342126 -0.258174595887268 -0.293273542116781
0.292020613449551 0.0399931478831966 -0.279602860776811 -0.0610301187083293
0.274760873840543 -0.149405134215465 -0.152223560021605 0.0266494293543006
0.167194362505835 -0.241040053911302 -0.0894481441048234 0.0541190266025197
0.0674085240486419 -0.274117788455763 -0.0211065419010817 0.0547174209980906
0.0292954943834962 -0.29942923476649 0.0305565700720819 0.021455513573482
0.0586901186193829 -0.292727536717252 0.0678931897591597 -0.0114066588674781
0.138173234471695 -0.287905057981895 0.0981408299335689 -0.0190594064585414
0.249011542818233 -0.214733338630734 0.127745127848695 -0.00948319400027854
0.309677857327248 -0.0275007198658321 0.194252064638406 0.0386249833267204
0.234270436989407 0.108521785115343 0.234051202739199 0.187473655661933
0.232361573425994 0.125411613485976 0.131879647897023 0.298175560739837
0.260221055434725 0.205124231028759 0.0311664260513286 0.122342159759867
0.251800891405662 0.191795029383052 -0.0596890389034162 -0.198627198907432
0.181528932847539 0.094079054180785 -0.017768438757498 -0.420803128231279
0.159554735345682 0.109632699914872 -0.274050187464598 -0.327515943732926
0.248024784429988 0.037952155201159 -0.240876429624863 -0.0383238021292674
0.249805134049602 -0.124616832478415 -0.0549492733012762 0.011324720705025
0.160442706847006 -0.221168098541425 -0.0135651313068004 -0.0298966505022968
0.0614967697226273 -0.26142392958061 0.00631445999485868 -0.0590396959429829
0.016453129470885 -0.284407561710607 0.040718574867393 -0.0902971257206453
0.0308654095750627 -0.278597154396339 0.0801652291683502 -0.122984935955277
0.0954915386236501 -0.281811686332111 0.140061981910033 -0.119533449989128
0.214541914003377 -0.23229562897535 0.206683019573986 -0.0668801426544388
0.304923186137645 -0.0532094551462384 0.247398263983708 0.0540403747147467
0.232959311620227 0.115020037266367 0.201009012411063 0.188912433837125
0.196723871742482 0.130928972429565 0.0881255000449846 0.221943465692472
0.210546414548332 0.187390798276216 -0.0161432214607387 0.0202970490299453
0.216444878577449 0.156670836522397 -0.131411106957064 -0.268158657396259
0.165693523929061 0.0614941605920706 -0.00916799339128116 -0.446256197639017
0.124927830621107 0.0621259665086546 -0.244782834180734 -0.359491696442043
0.174594580197057 0.0216860127812358 -0.199550345744228 -0.0389294607790458
0.184180517887835 -0.092706530444796 0.0213841763665261 0.00285703752754079
0.120886033772301 -0.171031506627631 0.0585514198845995 -0.0968452162316062
0.0407925647895989 -0.209390762992896 0.0332338699073657 -0.159943943930136
0.00249626107797126 -0.225321422776724 0.0434914745267334 -0.187643520438571
0.00477831435596319 -0.21971837823234 0.0812705192542982 -0.215727403523836
0.0499922684960191 -0.224469388674893 0.161634194798453 -0.201074484679646
0.152089277868379 -0.197858894317578 0.259272919317014 -0.117554754364619
0.242010342358033 -0.0585324928943302 0.290930128718926 0.0683468126233167
0.187545995408066 0.101917740624195 0.165308536440855 0.202351585943558
0.138189545830971 0.114238289913917 0.033728231854471 0.165077993416562
0.138823728027656 0.145575012540573 -0.0525700811368734 -0.0689930733141351
0.12985238034092 0.0865511532850515 -0.184835996561986 -0.31338449781215
0.0994763549871568 0.0260522733440915 -0.00763561972960916 -0.449476020335254
0.0687871935585178 0.0235424044306384 -0.203463353519657 -0.36644554170966
0.0927838259586335 0.00227783662406859 -0.162221552047478 -0.0497852027560503
0.0969409584184908 -0.0611699501561428 0.067393811770474 -0.00521419224040136
0.0570754268630646 -0.104157554506418 0.108277517610643 -0.143286302934069
0.00593289656961554 -0.126589173542351 0.0517950616361733 -0.232776968308997
-0.0132568761533858 -0.13183756804787 0.0413552259464845 -0.256004145885421
-0.0140718866021262 -0.127885550184061 0.0759059111677443 -0.275462162747717
0.0101066307443263 -0.131255478704331 0.170855328467685 -0.252649484957047
0.0763623099800293 -0.124423828437658 0.287699302756502 -0.147423717034808
0.138544150851055 -0.0436541395019467 0.315399245779422 0.0807300332600359
0.105439111518904 0.0654299131277452 0.137739279920185 0.213256681572483
0.0660846526300906 0.0690291674947148 -0.0070047983158247 0.129048904698156
0.0602405597151787 0.0811283505961905 -0.0722993790650265 -0.129995403877756
0.00103594032716208 -0.00601810226067955 0.156442046542358 0.151777385224547
-0.0130319832737351 -0.0022458391605273 0.102933135745376 -0.0946694792184724
-0.0165529425026105 0.00566055485431163 -0.095746571259479 -0.235839618595014
-9.47699906162764E-05 0.026339981669533 -0.342681776231963 -0.117920257538761
0.0140685678636921 0.0212777741205861 -0.321402407406652 0.148901526942955
0.0267978667270114 0.0170788488221386 -0.171488419787048 0.2719109729181
0.0298135960822071 0.0178246136543805 -0.0521927952241593 0.303766633742873
0.0241886218415312 0.0121640093314284 -0.00657704538811992 0.288210750678537
0.023430939179998 0.0223666341280714 -0.0290392590692465 0.267888391357456
0.0103251468180084 0.0291765965152767 -0.097337848008324 0.184873694601559
-0.00937400322730527 0.0216982460354048 -0.0887580674744625 0.0630961643188949
-0.00583304106680354 0.00852420260278092 0.0888564255171815 0.0728549804311423
0.0129738837535646 0.0166386118190968 0.16232809120107 0.310204143841248
-0.0145082715148287 0.0318007096769539 0.0423140216754805 0.467863727864188
-0.0062572066352028 0.00948090661495661 0.181108218552799 0.367502701692343
0.0719093096032145 0.0624230227449523 0.138479725951895 0.124703081403224
0.0424391373213633 0.0540508145873144 0.0852733460420351 -0.111256929868583
0.0653096901069716 0.0590011623696117 -0.112788290521941 -0.243379706386705
0.109978227739683 0.00771157538878899 -0.34552345101993 -0.117896252025932
0.0910504437299755 -0.0586146555387485 -0.320762756398041 0.136038908595891
0.0566756169016673 -0.080441960036676 -0.174418993292527 0.263045306806577
0.0326670285903081 -0.0839301133324391 -0.0462439942638914 0.29081829366424
0.0263564110972795 -0.0978321535186896 0.00420227450021636 0.27137427475737
0.051186427179173 -0.0877843392731495 -0.0107640871738763 0.249463228746314
0.0743478261412486 -0.0658664669956928 -0.0734086797355615 0.180353704631522
0.0777034804710205 -0.0298525574132467 -0.0763641992485563 0.0657153958593385
0.0768419037280664 0.00853310519928202 0.0925928348204965 0.0551857091261794
0.0916365313048922 0.0274300376975294 0.192415083154833 0.290016821699855
0.109653534770288 0.0631208536780487 0.0720121425758509 0.458522651578879
0.127413721457584 0.0932747833952523 0.169987361467683 0.342185210497271
0.138259017882466 0.119201439072386 0.106494373265748 0.0607313345312088
0.0918419065003719 0.0983848068193352 0.0430422478412541 -0.166105122784273
0.13353387651513 0.106112067812441 -0.153915338220347 -0.244654179765951
0.2074465084653 -0.000660624516151563 -0.33487674616944 -0.103691337114066
0.166293712712316 -0.124587745170367 -0.292635713160841 0.104958067023709
0.0898795517615699 -0.164989205632377 -0.163987357469733 0.218847778924686
0.0362879855884916 -0.173975877709638 -0.0402564111165007 0.240589884865046
0.0234134671488453 -0.193263032777048 0.0143205653002176 0.214616382320581
0.0642070330959004 -0.18593465281713 0.0184618161262167 0.189902926143326
0.120154953422657 -0.160595684755754 -0.0232217952126289 0.145093441070328
0.157970333738418 -0.0921689788272915 -0.0361988974720544 0.0589251750721268
0.163126997493584 0.00470512407284504 0.108358967597392 0.0331208507174764
0.154129348475883 0.0425376923701057 0.23265735041586 0.246561843671127
0.196774625624543 0.0797721910643037 0.116997685753371 0.428152604128137
0.226949591917542 0.150594711767499 0.135846109893827 0.286771193325223
0.197740422293246 0.156304978333051 0.061759048698493 -0.0226592744984934
0.133209708442478 0.11633527134573 -0.00529065994640548 -0.249322589110986
0.173504318511921 0.132870588720822 -0.213558197252669 -0.247182446403001
0.271494379025986 0.00534048486394777 -0.307897629370073 -0.075279109515271
0.226086403856895 -0.161500958937577 -0.23189395003669 0.0677357712521282
0.123244348691285 -0.223363159450183 -0.134410677805185 0.14628479569689
0.0416174367347277 -0.238489477583701 -0.0304662717252498 0.158390990065877
0.0168802422950483 -0.260381551095181 0.0242404612868854 0.126552391122074
0.0585047123482214 -0.256013934257565 0.0453361080904401 0.09671571027877
0.133851596569113 -0.240799529180795 0.0375322787781465 0.0763423595994751
0.214442157461174 -0.16149004783145 0.0343738362765311 0.0367760116338967
0.244279905909193 -0.0111816684975268 0.137435705267942 0.024161126946311
0.199246002646531 0.0687740927166871 0.249154430271622 0.198923959232449
0.234914674266404 0.0927466543759494 0.148426833944977 0.363271214860486
0.272040979074227 0.179322301494177 0.0893765363482234 0.207266945166892
0.24258208227986 0.175706779545004 0.00300508393208415 -0.110129081028822
0.163997635659689 0.106720708144758 -0.0329208759627296 -0.340374779434177
0.177890073117164 0.129603487812643 -0.263598994237353 -0.26718442361975
0.281118973952243 0.0201210362034255 -0.268808247893262 -0.0442871373942953
0.254084802540633 -0.160184094543808 -0.142487923125082 0.0321662090958222
0.145885260342703 -0.242084038073752 -0.0812334259282362 0.0565879670930714
0.0465204358807365 -0.266508831172802 -0.0165106180968616 0.0523661775151827
0.00712789091886377 -0.289895255910217 0.0305066922392861 0.0197537865294701
0.037051241251197 -0.285635161391566 0.0635583220361839 -0.0147845658686223
0.112002195101585 -0.28483281161856 0.0929882882853764 -0.0204715977738376
0.223857429577721 -0.221190698804318 0.120229442716929 -0.0114544884045378
0.293356625518249 -0.0439931836961579 0.186010550908931 0.0274934955149448
0.231355137951836 0.0899615551778746 0.235527376061425 0.167705008922423
0.2314218183583 0.105263098818313 0.144564300905988 0.279333515181173
0.265369931884193 0.182982575466575 0.0374805554280586 0.112996896506146
0.25527379058 0.170799222551267 -0.0674811135715996 -0.187941236882841
0.181212960340062 0.0782947516360512 -0.0365945962616531 -0.405542886003935
0.159182145417886 0.0951554336788829 -0.280861425037651 -0.300075343757862
0.238861781398453 0.0215992347924637 -0.230511155268667 -0.0244274980018672
0.23205120995604 -0.135404044389282 -0.0486821621214602 0.0112158187290017
0.140998628112674 -0.222632831715571 -0.0138259966296794 -0.0287213598252876
0.0420889705903688 -0.254972429738395 0.00267635429342434 -0.0582772382786341
-0.00360328894361817 -0.275097459009958 0.0315630789636408 -0.0894352728636167
0.0106405413996942 -0.270389833285463 0.0677921613324389 -0.123584401405602
0.0721030861131574 -0.276754199764372 0.127470005930049 -0.120486450899731
0.190349807255179 -0.236065270790609 0.193736831533587 -0.072372106015007
0.288381002783386 -0.0695663059344387 0.239026540156485 0.0402929273233317
0.230199791993387 0.0981541822390651 0.204853421399677 0.171176278281392
0.196934459887158 0.113164399665153 0.0972214771758282 0.206878453773211
0.215397756954114 0.169295896864052 -0.0142369361223338 0.0182689230403043
0.219313547975913 0.139328436081435 -0.142100276537689 -0.249543302488656
0.165005336773825 0.048509971729052 -0.0295214416567598 -0.428582552077919
0.124078503229143 0.0511487926890875 -0.254709456942754 -0.332720905515438
0.166883389979516 0.00972981691918789 -0.19142685207123 -0.0276198536561953
0.169686267212742 -0.100684570297651 0.0246688591976498 -0.000254884993212363
0.105969979505235 -0.173008760458414 0.0514028071361917 -0.0972588558931347
0.0259652888188406 -0.203279192064472 0.0221604915527652 -0.157090788024776
-0.0130927894121822 -0.218007683622692 0.0281290109615691 -0.183427600760279
-0.00979236154072638 -0.212396429607701 0.0621873601340192 -0.212368188876655
0.0333845227715996 -0.218669373134039 0.142715674452418 -0.200769228828591
0.13320851607127 -0.199649456698234 0.241251386724474 -0.124950519983576
0.228316807889864 -0.0701476657499408 0.282502289174159 0.0519757578755211
0.186810416954949 0.0871179681754172 0.170878767337191 0.188536920373302
0.139602854350209 0.101038333401095 0.0417222539504625 0.155033185355082
0.144510440360081 0.133736798191941 -0.0557218234583863 -0.066020745252816
0.130915917211167 0.0765401948543892 -0.197848990575113 -0.290429775720554
0.0995006705198015 0.0172899146206372 -0.026901059178906 -0.429994303323284
0.0685592795760934 0.0174052037524926 -0.213881127582294 -0.342497851365256
0.0885970004932431 -0.00338491615300851 -0.156301479529498 -0.0411264406824362
0.0886697523106972 -0.0654076623555375 0.0684754003939517 -0.0104617345646581
0.0492103104638357 -0.104309960265065 0.0967919464830275 -0.144842126896854
-0.00252788414850155 -0.121453384919067 0.0343258195627086 -0.227649955917317
-0.0216306054886207 -0.126840523292557 0.0203269227934861 -0.24832676067957
-0.0215819582860691 -0.123513811432449 0.0529695479081467 -0.269365825640765
0.00162906467793518 -0.127082006181857 0.147577366412179 -0.251525597637721
0.0649545739906058 -0.124640417150767 0.267017691096846 -0.156065788562555
0.13036413953625 -0.0505097554775388 0.307096886071353 0.0621460322565615
0.106116673477789 0.0569918267228603 0.144359065327806 0.200283895598953
0.0670511610505203 0.0625529025489902 0.000238233273133343 0.122357995205567
0.0634970756226227 0.0753127784295578 -0.0789396065576057 -0.123300773073712
0.000671775836380697 -0.00552376887713047 0.132118204769127 0.156505258504213
-0.0121703342189588 -0.00387137722504556 0.10863213431773 -0.077965426554228
-0.0159636960047354 0.00413998901584409 -0.0634596826215068 -0.232112068252722
-0.00305396763228643 0.0233508349757493 -0.303475703330969 -0.148586566626435
0.00992175096480172 0.0210348224241324 -0.315249013394575 0.103666697875298
0.0229527971625047 0.0162287429014955 -0.187767702519463 0.236679063112007
0.0280984998060292 0.0193899095506188 -0.0776495395053337 0.278526070266741
0.0218396034115723 0.0154522732731352 -0.0333290507426133 0.271732695368819
0.0208768519496306 0.0238996490489346 -0.0548638381906955 0.252945391711732
0.00662952368354651 0.0291573301107079 -0.112829817796011 0.165940959992555
-0.0115174432936405 0.0198871213677745 -0.0926621187573845 0.0511754872233722
-0.00715177869978888 0.00611685417826949 0.0757844490218499 0.0803573398696587
0.0120532974486492 0.0121220045521855 0.116303843789756 0.317761944759054
-0.0150389824823183 0.0264038243265863 -0.0144089668219396 0.454506266433196
-0.00679255992269535 0.0041003522934701 0.139098535711148 0.377453650614825
0.0587635942875677 0.0664184483902379 0.115912896956428 0.135433122349702
0.032089239764238 0.0554667798566819 0.0938924850345601 -0.0915003856018508
0.0530025366563951 0.0635645817664327 -0.0782816042104416 -0.235240030826328
0.100836629162882 0.0214329789562837 -0.305357585775775 -0.143519103179421
0.0921836410600536 -0.0431953678140702 -0.310917717808112 0.0952969545838962
0.0626149379919864 -0.0705945478827845 -0.184959305364772 0.228347659375274
0.0409168217961275 -0.0774052915781034 -0.0703336209897221 0.268703315741397
0.0355590604039001 -0.0897459931766895 -0.0227889717569021 0.256876314284598
0.0592404178335146 -0.0782683594583327 -0.0357561072752713 0.238299267060721
0.0772519720167021 -0.0539095908311178 -0.0917598381956944 0.166750111297259
0.0758492417687526 -0.0185098853312105 -0.0858229552491956 0.0552343429082252
0.0713409167627218 0.0160079148327263 0.0794348849078165 0.0640648939776282
0.085851404855544 0.029608651022165 0.14611510811754 0.30031802800432
0.100245143098283 0.0685456706797618 0.0114245717260501 0.448191376528515
0.114223196338507 0.100269863867238 0.122753851828941 0.35114499701021
0.113888216689339 0.125808167556194 0.0906277390455643 0.0785818824434863
0.07172468172271 0.101551798876306 0.0592458790777358 -0.14326000078858
0.109907608499811 0.114656370707783 -0.11834356807006 -0.235816056730121
0.192552568827309 0.0270139959787745 -0.295710329432095 -0.125239106206709
0.172058822664283 -0.0941665481251498 -0.279491946073314 0.0730492096284584
0.104127406657486 -0.14592625722848 -0.168051507405571 0.189095669606449
0.0529872162328133 -0.161252445850114 -0.0584663092008714 0.223686936552778
0.0429812517032979 -0.181845745920465 -0.00829962073379566 0.203963267267605
0.0818149344692068 -0.170230657146109 -0.00466946374765941 0.185035182558454
0.130841272191456 -0.138378563077959 -0.0438977074215924 0.140376022708874
0.158988922322866 -0.0680639788697983 -0.0503665286571997 0.05677228868274
0.152581817413882 0.0216868428837611 0.0942577538608883 0.0448662109340143
0.142348130501434 0.0498696125023664 0.188899656350031 0.26182614288065
0.182722284252242 0.0929704500311969 0.0560932200953558 0.422136153889034
0.204570534639075 0.16709239430037 0.0903412916937867 0.29092113040047
0.165170280845976 0.167916004744701 0.0566270015049758 0.00107741386540157
0.108199333658967 0.122918649886317 0.0227054871878135 -0.224668609572994
0.143285790383018 0.143945471642822 -0.174307722830499 -0.240642453150683
0.250106052839167 0.0409813428116261 -0.272467588815205 -0.0931054376884106
0.233566267746672 -0.119925311520744 -0.218165837030155 0.0473924475183671
0.141729121596552 -0.19592815067095 -0.130191310670203 0.125053336880303
0.0648034941235838 -0.221406650774301 -0.0420420752144696 0.147246656112659
0.0432343341356189 -0.246793694472233 0.00820699192307394 0.121248913367972
0.0829823186629906 -0.237016864426252 0.0294377054463753 0.100152101225656
0.152066741645224 -0.212516610104518 0.0203155063517667 0.083240306117215
0.219913434978604 -0.127772661402287 0.0174087880296449 0.04542457240437
0.23158797793814 0.0170044758310088 0.120810814199966 0.039670552226713
0.182617889104222 0.0796046715553237 0.210935224823314 0.214723785542087
0.216088698243182 0.108413032640974 0.093415965995556 0.36282703440575
0.246126867079745 0.200499550552473 0.0504943285181681 0.20797641157071
0.204543839014798 0.190850364328265 0.0110932882138575 -0.081891152393921
0.138634707777161 0.117388784948032 0.00772067537259631 -0.312529300215478
0.148545407552682 0.141383581777413 -0.219229931161273 -0.263870260180598
0.25726293473656 0.0561233050642674 -0.24188899857324 -0.060081155528205
0.258323454282882 -0.114452457319448 -0.131276659184326 0.0247501035584676
0.165483462602416 -0.210058840366291 -0.0707992662894315 0.0472628225109787
0.0726283727082569 -0.247961645881755 -0.0185047129312915 0.0499171307579591
0.0366037522819013 -0.275406907759611 0.0245945069514044 0.0207413158644058
0.0652765267399233 -0.268223807628026 0.0579783381488791 -0.00346584708156123
0.136677630771827 -0.256867352320708 0.0836508006866504 -0.00178636028717593
0.235458970013436 -0.183553969829278 0.104016086735312 0.01121559081322
0.282721512687966 -0.00977491049734284 0.164991920785815 0.0501865611375521
0.210116890752476 0.103382831901597 0.199259202229956 0.184574714214082
0.210930413040686 0.120556748905577 0.0967694010547054 0.280736006218756
0.23796606889761 0.204146452471155 0.00975430000359879 0.111348908392939
0.217690628962015 0.188430286747416 -0.0474088570357779 -0.16007430786248
0.159389969321831 0.0935578032413491 0.0129359733444233 -0.373502486569716
0.137175923191608 0.10659318222109 -0.229442053210516 -0.298860700237461
0.217262608426669 0.0510441351482504 -0.208085242865414 -0.0386305775713592
0.233485222041077 -0.0945763165263321 -0.0421595360366103 0.0150223828738187
0.15825498198623 -0.190717517917794 0.00107467124148514 -0.0249835608382099
0.0671769073706085 -0.236036623644593 0.0101138140792268 -0.052126548479945
0.02390896061353 -0.263493589100337 0.0363777229996709 -0.0816413863473495
0.0378340759136053 -0.256369139664862 0.0726677544486807 -0.107129170824172
0.0981557249912595 -0.252947698022378 0.127051393861627 -0.0930280991128548
0.205923702924356 -0.202285683676509 0.182857064390215 -0.0383641146796005
0.279702184941875 -0.0341563481840922 0.215825950632945 0.069609074040154
0.208838594630114 0.112539583674364 0.169529648937262 0.183841392695655
0.176904856351007 0.126228699292214 0.0621991152824094 0.204853449074931
0.192207268981621 0.186544701644526 -0.0282096028193452 0.0127434941728397
0.188290790539214 0.154912190887039 -0.109859348277179 -0.227633225577855
0.148466531898365 0.0636359208560451 0.0231497570519211 -0.395707671882767
0.110732592383847 0.060956702273891 -0.199335371311468 -0.328314178702649
0.152696669688738 0.030673022102742 -0.171641750220638 -0.0406188267320319
0.171722398313012 -0.0708378621319186 0.0265375045304761 0.00889967548612767
0.119172983073529 -0.147578007294244 0.0669434469875629 -0.0833632602359933
0.0449619758840876 -0.18869834545177 0.0367613487494948 -0.143246636092362
0.00973963058995988 -0.210285190137953 0.0410839989173683 -0.170127800361292
0.0115802985766015 -0.203928135247107 0.0769572816600376 -0.19203156143868
0.0545654355417093 -0.202636146768798 0.152042652883652 -0.169343295368675
0.14622629498194 -0.174274281967162 0.23699138447731 -0.084030476084505
0.222037781064532 -0.0434226983673889 0.257933917889255 0.0855449098130409
0.169353281315123 0.0983742210364975 0.136097950624076 0.197377421382387
0.122111855465987 0.109004792251949 0.0158544681569137 0.148018314774958
0.126635901465935 0.145735432873839 -0.056088634015573 -0.0739683786812057
0.113937704687892 0.0864488064664122 -0.157104255568182 -0.276925780345714
0.0917739889211146 0.0273321511427325 0.024628283948542 -0.399658045172582
0.0632793544589437 0.0238249944529747 -0.15941796077729 -0.338145178507239
0.0818537600436773 0.0075798565153934 -0.138516196501776 -0.0524023070628081
0.0911663923799469 -0.0486548358074729 0.0678867939164053 0.0011080626402949
0.05863419260366 -0.0904149810872706 0.110980877787291 -0.12479595244623
0.00963711098940397 -0.114731295170412 0.0547128915917324 -0.209264685403818
-0.00728693759148258 -0.124910268492756 0.041790345176044 -0.233286936283322
-0.00892341477527479 -0.119416867679251 0.0752257276805264 -0.248833714611751
0.0139907644625916 -0.119082867549461 0.164201213579552 -0.218022786595643
0.0730128583456836 -0.11102674570091 0.268775953602548 -0.113212021353403
0.126870794708687 -0.036202030295013 0.284739058702396 0.0974884428697044
0.0964394250482595 0.0619078514424375 0.11155834284855 0.208927018212955
0.0577494216377064 0.0654002034714696 -0.0169137762789292 0.113410710550085
0.0545214328149988 0.0812273728366088 -0.0690988100822878 -0.131422478973844
0.00102688373814024 -0.00512652996651762 0.128095320268938 0.153118857034186
-0.0123314802868646 -0.00326772532720844 0.110420311549196 -0.0744353955760083
-0.0158702667090808 0.00414499226015404 -0.0560439936288998 -0.228499589502606
-0.00275324346758898 0.0226865721624972 -0.293678751115834 -0.149351170122203
0.00929044758378607 0.021113585648073 -0.30706077495143 0.095214754413946
0.0221016622837284 0.0158477297199569 -0.18410361256269 0.227422939748474
0.0274878125341254 0.0180252812640048 -0.0754003452606839 0.268496663895221
0.0210443330867278 0.0149208087108061 -0.0305823935162744 0.263192077817305
0.0201455309892617 0.0248383920079142 -0.0516163197310454 0.245595181751514
0.00583701636836079 0.027943111702743 -0.110902927177947 0.161654620229748
-0.0120139106646581 0.0191603163251861 -0.0920247027560874 0.0503995057315932
-0.00702353839397511 0.00576497421749126 0.0715759809859637 0.0805277721849301
0.0111689453133678 0.0120102320187278 0.106432198145489 0.310297027647108
-0.0153967915971064 0.0259205310346275 -0.0238547961122631 0.443072806833291
-0.00654624147646388 0.00316944128470335 0.132658523949523 0.367612681983811
0.0559822269921548 0.0646144128848971 0.112968490900684 0.132596239150446
0.0299223104004967 0.0542728034654563 0.0957560038399079 -0.0870287437937668
0.0497236710936147 0.0619393743352776 -0.0710885458401757 -0.231082715945376
0.0972370560221253 0.0213923125361408 -0.294981552032184 -0.145770965054272
0.08961249541607 -0.0407358961509725 -0.302919970388964 0.0863879793542932
0.0610907037737691 -0.0684807998845753 -0.181552295306752 0.219351311676083
0.0393656603858545 -0.0749053219783617 -0.0677883937872802 0.259566076488338
0.0337186125332478 -0.0871557081122428 -0.0204530823614479 0.24957401711384
0.056958048867372 -0.0754108253734872 -0.0339621027418448 0.231721543957928
0.0740585769917064 -0.0506835724212292 -0.090374374085105 0.162791290211702
0.0720640910953626 -0.0170713192586205 -0.0853299566311449 0.0557288524663616
0.0681908030507079 0.015131704998356 0.0751020674541974 0.0642857211148292
0.083548038105311 0.0290969787834941 0.135892922654052 0.294204651507761
0.0981097650916045 0.0674944696565937 -0.000435880129209685 0.43724371977454
0.111368577879881 0.0979292713870388 0.11675477371615 0.34097307108321
0.109592795804341 0.123871911808444 0.0890607938105382 0.0769692618354644
0.0681458811510535 0.099524215275766 0.0628929244840063 -0.138174171120582
0.104212597302018 0.113598662347427 -0.110421010387606 -0.231416297310306
0.185466611785694 0.0286237903019294 -0.283837788839564 -0.127550186148864
0.166798596017592 -0.0897418209726807 -0.272719057200859 0.0659076014613075
0.101111743941726 -0.141320818472168 -0.163470568567128 0.181565934180369
0.0519362488768299 -0.156430407606575 -0.0568579567645388 0.214858860099077
0.0408047738963998 -0.176448804874051 -0.00679370281719923 0.198193434020618
0.0789620837763438 -0.164397184825154 -0.00431674356202242 0.179575163540245
0.126432146094555 -0.132790560656495 -0.0429507349935424 0.138358334426134
0.15261751870308 -0.0644128246410327 -0.0513753357633659 0.0577686746691842
0.146148745963175 0.0223647678078934 0.089582711040577 0.0456527266411311
0.137986278231598 0.0476435928955789 0.180523042649835 0.256695728033787
0.178032343971646 0.091659237982335 0.0455113606162701 0.410368648140861
0.199573275787652 0.164332461115277 0.0848468232118465 0.282046380139944
0.159740108315269 0.165530787311847 0.0570111140677875 0.000889131364372582
0.104094192662717 0.119593485390932 0.0281676611601687 -0.218663417990924
0.136608470614062 0.141740076305598 -0.163998904479536 -0.236004898510683
0.241858849873819 0.042435913451057 -0.262495121810048 -0.0958963931426739
0.226277948806688 -0.11445952876822 -0.211865680438731 0.0407404290605835
0.137984506330943 -0.190232236283491 -0.127001369955298 0.119935235177628
0.0628202384268716 -0.214756403640224 -0.0402974597867012 0.141142159504538
0.040567734856694 -0.239358956401296 0.00886960608198828 0.118381081548324
0.0805547215482609 -0.229958463119083 0.0284072231109464 0.097598921804518
0.147488784690701 -0.204227863320145 0.0194820332349506 0.0827946633662218
0.211527988231724 -0.122292215160319 0.0140160935661233 0.048089454579142
0.222227731903001 0.0180938283686611 0.114071622223951 0.0413424236569116
0.17668656091199 0.0774405714032587 0.201166287592062 0.211373929996345
0.211508453970955 0.106512209913077 0.083586517435191 0.35299013402333
0.240148121808553 0.197777610016422 0.0472751472332116 0.201179255984036
0.198427571969929 0.188618964462911 0.0126795206284139 -0.0795877810690445
0.134489703414896 0.114019570393376 0.0146998070618688 -0.302620185157857
0.141927062633919 0.138020315612948 -0.207575250743281 -0.258245042565363
0.247327684651325 0.0564860481826616 -0.231671688105167 -0.0624562437384005
0.251180839306764 -0.109345749306167 -0.125517078334441 0.0195620405501604
0.161058331734747 -0.203619559412431 -0.0681911892100683 0.0441386086547775
0.0712148168268117 -0.240281627400472 -0.0165925775509462 0.0468778037645834
0.0342115627807742 -0.268179874624674 0.0241926008543588 0.021624872445965
0.0622737869587134 -0.260596746113061 0.0556273752487328 -0.00254129663225028
0.132467462826766 -0.247496654871842 0.0817751132317808 0.00145075711939956
0.228039425848556 -0.176868425455605 0.0993384148045998 0.0161893929378585
0.272396387614148 -0.00580837196784036 0.156537005989435 0.0531659036762907
0.202807298208678 0.101614340259292 0.192099589767291 0.180843925291507
0.205074968617229 0.117326058315791 0.0889305376272066 0.272674453313171
0.231913948436286 0.20069123467559 0.00808913790021987 0.106166565499017
0.211274905090266 0.186279586561603 -0.0429767711615261 -0.155240842496387
0.155647416644373 0.0906345184928635 0.0211723450548418 -0.361720662852948
0.131897150474691 0.10305140626136 -0.217483167772244 -0.292548927555951
0.20859477038522 0.0510881248076982 -0.199451300294643 -0.0415502547314252
0.226498535411694 -0.0904053830498861 -0.0391000011022579 0.0119102241610125
0.15448359079505 -0.185175038890017 0.00213552497528709 -0.0252778817315399
0.066077026404952 -0.228521058834653 0.0107364171726029 -0.0513813654920442
0.0228818206356396 -0.255894818731801 0.0348581091683993 -0.0777902672621093
0.0361691917310565 -0.24942921472297 0.0685812439946431 -0.102434894197582
0.0951482927157853 -0.244469634649135 0.124149813240744 -0.086794642480172
0.19893352235281 -0.195226088896532 0.175888377604414 -0.0308876580088191
0.27097702928487 -0.0306119015061856 0.206850755345974 0.072221795577558
0.202498476317568 0.110613469105526 0.162055178995231 0.181749984174811
0.171189474463422 0.12274614771499 0.0568017744265309 0.19791197804275
0.187390153417818 0.183652711726833 -0.0280848792543802 0.00947171479248233
0.183485398895153 0.153874990950115 -0.104004769257167 -0.221565845836908
0.145892081343072 0.0620634905453545 0.0318020851297704 -0.382728716084007
0.107401918642365 0.0589664858217705 -0.187764566477258 -0.321650949012223
0.146507183823911 0.030212973921829 -0.164665572116085 -0.0430668227897303
0.165807708959786 -0.0679489435272781 0.0283756245605959 0.00685425535127558
0.116806292867113 -0.14368183459756 0.0666135903062817 -0.0806733490973162
0.0442666334416079 -0.18342062863961 0.0364362533351491 -0.138805945880439
0.00868771614612371 -0.205316914023937 0.0387728669255367 -0.164017018296135
0.0116683386761359 -0.19868655953598 0.0727815617198422 -0.185023409862348
0.0523320723117942 -0.195813831624665 0.147950473950547 -0.161065549098609
0.141704145754868 -0.168549343652458 0.230144049267497 -0.0758379135785579
0.215557909113858 -0.0399480997711443 0.249167616929981 0.088594550186825
0.163460283819406 0.0969020354484619 0.129398435129546 0.194491251809115
0.117643688420154 0.106230963128331 0.0133018626873822 0.142024013406997
0.122984247636425 0.14327599888581 -0.0554296921441111 -0.0737898542793372
0.111438562526775 0.0862396896553518 -0.151364665690614 -0.269578820648109
0.0902948274007319 0.0262852704353829 0.0320908728657779 -0.386025234146837
0.0621481346913803 0.0227584151145029 -0.148501923672482 -0.330573351815047
0.0785298581455881 0.00803200500518159 -0.132667148247524 -0.0546323058143771
0.0882361633353331 -0.0470881181483754 0.0686657607783367 0.000773407165699448
0.0569859550230072 -0.0880348978451352 0.109701620432285 -0.120554235568308
0.00986844156767817 -0.110705452766205 0.0523959517828825 -0.202514733067638
-0.0078297470279146 -0.122248146975972 0.0385017263664326 -0.225868480056352
-0.00842987469147055 -0.117002448717929 0.0712630947659395 -0.240245922918589
0.014402489134182 -0.115925967480907 0.159056344316564 -0.209605245901564
0.0704138997115234 -0.107201172222384 0.261378227456441 -0.105207755598536
0.122803909960946 -0.0340214323592224 0.274969230658989 0.0998244089049538
0.0938804590649862 0.060999025132178 0.104921950860083 0.20620947959929
0.0551034952154442 0.0638346012949738 -0.0191844445788843 0.107861530184777
0.0531656720450134 0.0799045048523402 -0.0670778775369523 -0.129782365331293
0.000816553572925435 -0.0055820753638145 0.127760574101045 0.156369915987007
-0.0122267742101327 -0.00334521664099076 0.116123699533532 -0.072758448407755
-0.0166000956743346 0.00414677763839234 -0.0491605969104267 -0.234580839637519
-0.00345829732220295 0.0230361985447557 -0.294007724735015 -0.159167000370075
0.00909728376959429 0.022103369632487 -0.312231736978182 0.0898595303960992
0.0217534431428477 0.0167110569529021 -0.189706460689989 0.224044747351513
0.0274214055648512 0.0177561728138902 -0.0775176222377384 0.269295572096772
0.0209527390306264 0.0158608945428022 -0.0309011312422164 0.264521974532818
0.0197484219747149 0.0251945422165048 -0.0537298228299653 0.246882885955201
0.0046135232957764 0.0292261209053345 -0.114195041267373 0.163174838288061
-0.0140461074086559 0.0201595700074755 -0.095396025056988 0.0496417505204269
-0.00668916512822686 0.00541008345277892 0.0694526365024435 0.083879596673488
0.0105343556843173 0.0122330991659802 0.0974978996007871 0.317216445379436
-0.0162269126674236 0.0263994298282946 -0.0383379192672263 0.448041498443783
-0.00656971141860178 0.00173192567662782 0.128855009077409 0.373105192890105
0.0560260010685195 0.0668266859726674 0.112699402930925 0.135229674121659
0.0291637296373 0.054383051897749 0.102061202916134 -0.0853333520106224
0.0484971186339393 0.064236273486542 -0.0644217985353844 -0.236549523904373
0.0977680568525657 0.0239937782060966 -0.295569653513638 -0.154352260015004
0.0908976918954758 -0.0395949248063593 -0.308337843978454 0.080112019069047
0.0621575631246285 -0.067986699211348 -0.185861245696839 0.216888995494909
0.0405623031615978 -0.0759348721096611 -0.0701497063430089 0.259190996851312
0.0339526954213138 -0.0874560819101399 -0.0207032614197794 0.250539881402007
0.0579677501729066 -0.0751987356566592 -0.0360761663958359 0.23307096588965
0.0748275141305964 -0.0495709918379721 -0.0935516601364362 0.164283588209696
0.0711832881564738 -0.0154842447759314 -0.0889604524493872 0.0565672664054605
0.0679015754065001 0.0162777908705579 0.0718334316780864 0.067737477854436
0.0834626890830796 0.0291916605741064 0.130029306465518 0.301064843687349
0.0987908892670685 0.0690835574923223 -0.0134174521528906 0.441324751190576
0.111398269554599 0.100138143167073 0.11206893594434 0.34570320707921
0.10888310104307 0.127654775823529 0.0900871759889142 0.0790737008587874
0.0675219277019946 0.100724112248556 0.0701842193670057 -0.137885358193505
0.102477791499103 0.116811092678598 -0.104002452336031 -0.236558512928709
0.186048700167261 0.0317788380662383 -0.284232137858718 -0.13736975416536
0.168972789584761 -0.0878991103858101 -0.276826988003047 0.0587863152899026
0.103859269762602 -0.140677534623591 -0.168342079750346 0.179617914307256
0.0535168326208314 -0.158644889264565 -0.0577295838608942 0.214160743370524
0.0415422764360651 -0.1774614161486 -0.00685741600558927 0.199693510291583
0.0801909315333108 -0.164979080059197 -0.00536810977389202 0.181776128479458
0.127556049089115 -0.130794344906334 -0.0450421485575127 0.139968873484735
0.151989615054364 -0.0627567865106187 -0.0546386242864933 0.0597420306314947
0.145682059889263 0.0232847847246275 0.0871234580006903 0.0479808744411785
0.13865077877249 0.0486639457752856 0.174902371344314 0.263567844611873
0.180417455803216 0.0936557260570344 0.0353230316852404 0.418321458240099
0.200607184815465 0.169608783879238 0.0801964584489695 0.285307209944893
0.159342707427663 0.170648482554394 0.0584414719679837 0.00158777444103548
0.10275067351876 0.121926652680681 0.0363827507829564 -0.218924987704082
0.134154446709959 0.145099976366634 -0.158683708641254 -0.241615377845708
0.241688920344249 0.0477508934851817 -0.261108734544252 -0.104081133801492
0.229319645037602 -0.112216600031161 -0.213519627002823 0.0345533211760814
0.141227227589336 -0.19024921764653 -0.129461126972222 0.117952852235671
0.0657272484997114 -0.216289814693006 -0.0405167968965467 0.139988354187781
0.0421903514826863 -0.24112901873242 0.00904995328559283 0.120275353346658
0.0822576744372683 -0.231988461834026 0.0278329033204768 0.0992684257679405
0.15016546315959 -0.20387756249142 0.0190389955429915 0.08561413315043
0.212729168481401 -0.119010253472435 0.0126883027008918 0.0520103648874989
0.22229114032841 0.0219238187833495 0.111668423663156 0.0450463715426301
0.176428817046731 0.0782288225426161 0.197960192348215 0.21761518930131
0.212944627407496 0.109193920903536 0.074798150806846 0.359759154320356
0.24091524440233 0.203346951522333 0.0435527543430217 0.201898007940329
0.198165119187812 0.195396276059367 0.015583435973527 -0.0800336340868774
0.134581001763045 0.116228411268958 0.025585613310792 -0.305381151743612
0.139459377339083 0.1419481886687 -0.202356463348509 -0.264438144145029
0.247490280811696 0.0617440175594069 -0.230072473909874 -0.0694438935304408
0.253772924632351 -0.106518879368879 -0.126110937282068 0.01428062772363
0.165168348420938 -0.203278200842242 -0.0683297246845076 0.0430038453270756
0.0741482213447715 -0.241917057850808 -0.0165929428246407 0.0466724375004132
0.0353129027354499 -0.270349352523183 0.0241672687395513 0.0230130799188965
0.064257018291585 -0.262769837092393 0.0546483206229494 -0.000841422139340931
0.135442599189304 -0.24763730943034 0.0817773412618201 0.00418883814964679
0.22968186616626 -0.174467121929437 0.0994580947684462 0.0217147927754615
0.273466989911055 -0.00180165326484015 0.155368925789544 0.0583756376350602
0.201814940716538 0.104028371638399 0.189429531151448 0.186248822643264
0.205743787709949 0.120201859715825 0.0832628569865994 0.276487465446761
0.232705810665957 0.207500564571387 0.00588026086235883 0.105350969642608
0.2122989636275 0.193350412512752 -0.0402903871923762 -0.156549911144393
0.156809770713194 0.0931455742051511 0.0329230823589777 -0.364448315018699
0.130395382125368 0.104667128106057 -0.212369826936978 -0.298540128868596
0.207904918318683 0.0539273277646547 -0.199424439973697 -0.0469115392051365
0.228761346901713 -0.0872808614059881 -0.0371608673325452 0.00869912240808823
0.157340745170214 -0.185112181018971 0.00431871027371658 -0.0259693836643601
0.0677221075569723 -0.229868644677837 0.0121432279662991 -0.0521814868919342
0.0240881756120345 -0.258378333093361 0.0355203579474616 -0.0771796706275798
0.037117012583087 -0.252223345796938 0.0685830800510679 -0.101072341510573
0.0976073265717955 -0.245149999174882 0.126598750700492 -0.084360827969457
0.201616810159092 -0.193835934611783 0.177957556524605 -0.0247220354459247
0.272079614066091 -0.0271248200856407 0.205333539946751 0.0789127131466068
0.201182352751307 0.11420137696477 0.159591192371936 0.187118710587588
0.17079527327362 0.124690290449841 0.0510873255677574 0.199595753992707
0.188108630672503 0.188429001412374 -0.0300497127563424 0.00785660106544005
0.184370266616721 0.160138802780359 -0.100953629997511 -0.22380334901673
0.147286562106963 0.0635825226371785 0.0441003306984381 -0.384377138789395
0.107249729652489 0.0598329582962695 -0.181729561956604 -0.327466753822567
0.14572106359845 0.0326629693494832 -0.16421659004925 -0.0478768929315872
0.167248243123194 -0.0657791863549209 0.0308103852011845 0.00549872347320318
0.119298046800242 -0.143211064419516 0.0700292857333815 -0.0803948847166639
0.0465429895261157 -0.184529287290246 0.0380720654901475 -0.1402241425036
0.00930889856200665 -0.207070304552936 0.0393258446352611 -0.16469372132121
0.0120099232646071 -0.200625159998552 0.0729644670360367 -0.184394554557967
0.0552284837516313 -0.196651282671591 0.151340790470297 -0.158300044440381
0.143000258867014 -0.168154071711883 0.233764777565772 -0.0694395711988657
0.216853033648122 -0.0367457793010573 0.248332684595618 0.0968795133080392
0.16343207555968 0.100174913197493 0.126146213336558 0.201086305732412
0.117135744823779 0.108055589220149 0.00807013791588117 0.142121408421226
0.123162218769407 0.146567129749976 -0.0556705988540973 -0.0766354283204848
0.112425737030723 0.0902494192841504 -0.148225777289813 -0.273615343191529
0.0922500345850692 0.0269000389910647 0.0453475353534259 -0.386901768307384
0.0622934428737173 0.0221232534547782 -0.14076616110963 -0.337525618323738
0.0786400571876548 0.00929067717417955 -0.131704752279741 -0.0593753197251161
0.0889478783016409 -0.0465952735574476 0.0710799973516924 0.00077978283291632
0.0591053234050667 -0.0885644210292542 0.113956440508649 -0.120191233815993
0.0117308636267998 -0.111573691279566 0.0547565402149577 -0.203522743206522
-0.0077011165491142 -0.124235370163963 0.0392721506427931 -0.225877027992184
-0.00692744778346424 -0.119126373678931 0.0726602297836908 -0.239257043906053
0.0159237334622609 -0.115928034976095 0.162356732960214 -0.207209400603131
0.0716853666463434 -0.10747181938198 0.265234078707441 -0.0991102897245663
0.123429964993427 -0.0319606623047291 0.2744749886189 0.108679478605752
0.0944732049462923 0.0626234072628926 0.101323483575924 0.2125691485463
0.0541619266968535 0.0649521732341723 -0.0231012057229625 0.10647184596476
0.0532349200329861 0.0817734003492075 -0.0669905421332384 -0.131519714845955
