TRXV5
3
4
4
9
string Extension=J
integer IsArchMeasurement=1
integer IsSpherical=1
string Generator=SPM
string GeneratorVersion=1.3.1 Dev
double ArchRadius=0.449999988079071
integer FrequencyAxisIndex=0
integer AzimuthAxisIndex=1
integer ElevationAxisIndex=2
Frequency
5 136 690000000 960000000 LIN
Azimuth
7 8 0 2.74889357189107 LIN
Elevation
7 15 -2.74889357189107 2.74889357189107 LIN
Polar H Real Part
13
Polar H Imaginary Part
14
Polar V Real Part
13
Polar V Imaginary Part
14
Polar H Magnitude (dB)
12 0xC0000002 0 1
Polar H Phase
7 0xC0000003 0 1
Polar V Magnitude (dB)
12 0xC0000002 2 3
Polar V Phase
7 0xC0000003 2 3
0.07891845703125 -0.048492431640625 0.358734130859375 0.539276123046875
0.105712890625 -0.0472869873046875 0.17669677734375 0.444610595703125
0.0259475708007812 -0.106353759765625 0.112701416015625 0.228790283203125
-0.0512924194335937 -0.0686454772949219 0.0286026000976562 0.09869384765625
-0.057373046875 -0.00638198852539063 -0.110404968261719 -0.00086975097656251
-0.0389976501464844 0.0378379821777344 -0.341827392578125 0.0756835937500001
-0.019195556640625 0.0710372924804687 -0.470062255859375 0.28240966796875
-0.011077880859375 0.0533905029296875 -0.4815673828125 0.391754150390625
-0.0033416748046875 0.0636138916015625 -0.493316650390625 0.38836669921875
-0.0337638854980469 0.0645599365234375 -0.497314453125 0.261932373046875
-0.0671653747558594 0.0516853332519531 -0.365814208984375 0.164215087890625
-0.104278564453125 0.00511932373046876 -0.221542358398438 0.104598999023437
-0.062469482421875 -0.0762863159179687 -0.0945892333984375 0.14605712890625
0.0154647827148438 -0.0765609741210938 0.03387451171875 0.416900634765625
0.00249099731445312 -0.0313777923583984 -0.09698486328125 0.68035888671875
-0.029327392578125 -0.31268310546875 0.33331298828125 0.501678466796875
-0.0418701171875 -0.251968383789063 0.116943359375 0.426239013671875
-0.109130859375 -0.229446411132812 0.0785675048828125 0.28070068359375
-0.189102172851562 -0.167526245117188 0.0425872802734375 0.14398193359375
-0.216217041015625 -0.0653076171875 -0.0673637390136719 0.00180816650390626
-0.255416870117188 0.0511627197265625 -0.31561279296875 0.048492431640625
-0.23797607421875 0.149520874023438 -0.44439697265625 0.226776123046875
-0.227432250976563 0.125244140625 -0.443450927734375 0.347137451171875
-0.240631103515625 0.135086059570313 -0.45220947265625 0.360076904296875
-0.277023315429688 0.0786895751953124 -0.457244873046875 0.259674072265625
-0.27618408203125 -0.0187072753906251 -0.318389892578125 0.17266845703125
-0.2850341796875 -0.114227294921875 -0.195816040039063 0.126022338867187
-0.182174682617188 -0.250823974609375 -0.0768890380859375 0.181777954101562
-0.085113525390625 -0.3055419921875 0.0147705078125 0.39453125
-0.09130859375 -0.293731689453125 -0.09417724609375 0.62200927734375
-0.13604736328125 -0.549591064453125 0.28070068359375 0.38336181640625
-0.189056396484375 -0.451019287109375 0.0631103515625 0.36334228515625
-0.245758056640625 -0.34857177734375 0.07086181640625 0.30645751953125
-0.319366455078125 -0.256378173828125 0.08343505859375 0.164093017578125
-0.3546142578125 -0.124298095703125 0.000371932983398416 -0.0054159164428711
-0.4423828125 0.0482177734375 -0.237442016601563 0.00581359863281247
-0.425079345703125 0.199951171875 -0.34930419921875 0.133148193359375
-0.411468505859375 0.177581787109375 -0.339508056640625 0.24761962890625
-0.440521240234375 0.19598388671875 -0.34381103515625 0.280242919921875
-0.480712890625 0.104736328125 -0.354522705078125 0.226409912109375
-0.45501708984375 -0.0576477050781249 -0.23797607421875 0.16339111328125
-0.443572998046875 -0.18902587890625 -0.161529541015625 0.133544921875
-0.30047607421875 -0.372283935546875 -0.0739593505859375 0.181564331054687
-0.192901611328125 -0.47015380859375 -0.027923583984375 0.303680419921875
-0.187713623046875 -0.499908447265625 -0.11541748046875 0.467010498046875
-0.217041015625 -0.71136474609375 0.210678100585938 0.199996948242187
-0.30084228515625 -0.59539794921875 0.0160675048828125 0.2591552734375
-0.34722900390625 -0.438568115234375 0.089385986328125 0.299407958984375
-0.412078857421875 -0.327117919921875 0.151138305664062 0.1529541015625
-0.452728271484375 -0.173980712890625 0.0928878784179687 -0.026153564453125
-0.571533203125 0.0330810546875001 -0.113739013671875 -0.0498809814453125
-0.5528564453125 0.221466064453125 -0.196731567382813 0.0145721435546875
-0.534149169921875 0.204010009765625 -0.184478759765625 0.109054565429688
-0.571044921875 0.2291259765625 -0.189788818359375 0.156295776367188
-0.6068115234375 0.12384033203125 -0.21124267578125 0.154251098632813
-0.56451416015625 -0.0693359375 -0.138862609863281 0.126068115234375
-0.541412353515625 -0.217559814453125 -0.126533508300781 0.120361328125
-0.38580322265625 -0.41796875 -0.0918121337890625 0.146682739257812
-0.2833251953125 -0.550140380859375 -0.101211547851562 0.16180419921875
-0.26531982421875 -0.62347412109375 -0.156204223632813 0.24945068359375
-0.25885009765625 -0.76007080078125 0.136016845703125 -0.0277023315429688
-0.3466796875 -0.64178466796875 -0.0201873779296875 0.114013671875
-0.372222900390625 -0.464080810546875 0.1109619140625 0.2484130859375
-0.42901611328125 -0.360382080078125 0.224365234375 0.113571166992187
-0.480133056640625 -0.209686279296875 0.196273803710937 -0.0559234619140625
-0.62115478515625 0.00598144531250001 0.0418243408203125 -0.112831115722656
-0.59637451171875 0.20892333984375 -0.00843048095703127 -0.11151123046875
-0.57391357421875 0.19775390625 -0.00302886962890628 -0.0440559387207031
-0.61444091796875 0.2225341796875 -0.0178546905517579 0.0131607055664063
-0.636474609375 0.11724853515625 -0.0498008728027344 0.06158447265625
-0.57666015625 -0.0772705078125001 -0.0403480529785157 0.0693130493164063
-0.5423583984375 -0.208160400390625 -0.0986862182617188 0.085601806640625
-0.4056396484375 -0.39501953125 -0.12322998046875 0.0806961059570312
-0.3258056640625 -0.541748046875 -0.185134887695313 -0.00277709960937507
-0.305419921875 -0.6556396484375 -0.21063232421875 0.00701904296874995
-0.263427734375 -0.6788330078125 0.070159912109375 -0.261566162109375
-0.31982421875 -0.564453125 -0.0418243408203125 -0.0571632385253907
-0.311553955078125 -0.40814208984375 0.115341186523437 0.153549194335937
-0.35699462890625 -0.338409423828125 0.2738037109375 0.057830810546875
-0.421295166015625 -0.215545654296875 0.28973388671875 -0.079803466796875
-0.5703125 -0.02362060546875 0.20758056640625 -0.172683715820313
-0.5506591796875 0.16485595703125 0.1871337890625 -0.231735229492188
-0.529998779296875 0.163055419921875 0.1768798828125 -0.18988037109375
-0.56610107421875 0.1751708984375 0.148666381835937 -0.120590209960937
-0.562286376953125 0.079498291015625 0.103118896484375 -0.0247344970703125
-0.485565185546875 -0.08551025390625 0.03961181640625 0.014984130859375
-0.445159912109375 -0.178131103515625 -0.0798110961914063 0.0377349853515625
-0.351806640625 -0.316558837890625 -0.148788452148438 -0.00968933105468754
-0.3135986328125 -0.45941162109375 -0.24755859375 -0.168975830078125
-0.2994384765625 -0.59552001953125 -0.259078979492187 -0.225082397460938
-0.2342529296875 -0.483795166015625 0.019439697265625 -0.4605712890625
-0.24005126953125 -0.381622314453125 -0.0515289306640625 -0.218521118164063
-0.194366455078125 -0.276046752929688 0.0966720581054687 0.0446243286132812
-0.221694946289062 -0.254226684570313 0.289215087890625 0.00521850585937498
-0.288421630859375 -0.18194580078125 0.355072021484375 -0.095306396484375
-0.4295654296875 -0.048797607421875 0.355194091796875 -0.221435546875
-0.4200439453125 0.094635009765625 0.3568115234375 -0.329376220703125
-0.405120849609375 0.10272216796875 0.329437255859375 -0.307464599609375
-0.435577392578125 0.09814453125 0.288055419921875 -0.218170166015625
-0.40545654296875 0.023406982421875 0.225479125976562 -0.0820159912109375
-0.323883056640625 -0.0849609375 0.0901031494140625 -0.0230026245117188
-0.289764404296875 -0.1224365234375 -0.0669441223144531 -0.0157279968261719
-0.256317138671875 -0.199356079101563 -0.148605346679688 -0.111557006835938
-0.261566162109375 -0.322723388671875 -0.263763427734375 -0.31207275390625
-0.257537841796875 -0.45849609375 -0.29132080078125 -0.415374755859375
-0.1734619140625 -0.212371826171875 -0.01141357421875 -0.584716796875
-0.132255554199219 -0.136810302734375 -0.0523681640625 -0.3291015625
-0.0592575073242188 -0.0956344604492188 0.0693435668945313 -0.0481948852539063
-0.058837890625 -0.121963500976563 0.2801513671875 -0.03564453125
-0.112449645996094 -0.113441467285156 0.385955810546875 -0.103607177734375
-0.217910766601563 -0.064697265625 0.457733154296875 -0.258453369140625
-0.222640991210937 0.00837707519531248 0.47235107421875 -0.39306640625
-0.220596313476562 0.027069091796875 0.42962646484375 -0.3768310546875
-0.241180419921875 0.01153564453125 0.381317138671875 -0.26708984375
-0.196914672851563 -0.0255126953125 0.298065185546875 -0.10107421875
-0.131301879882813 -0.0614547729492188 0.106620788574219 -0.0439071655273438
-0.118644714355469 -0.044281005859375 -0.0574874877929687 -0.07196044921875
-0.150192260742188 -0.0668792724609375 -0.119522094726563 -0.210342407226563
-0.188201904296875 -0.155685424804688 -0.236328125 -0.41290283203125
-0.189483642578125 -0.264144897460937 -0.30364990234375 -0.5458984375
0.0732955932617188 -0.0576324462890625 0.41644287109375 0.508453369140625
0.100906372070313 -0.0599136352539062 0.22528076171875 0.43450927734375
0.0140762329101563 -0.108238220214844 0.136260986328125 0.221923828125
-0.0591506958007812 -0.0622215270996094 0.0363006591796875 0.0970535278320312
-0.0593147277832031 0.00106811523437499 -0.114463806152344 0.00837707519531249
-0.0358428955078125 0.0441551208496094 -0.34100341796875 0.108245849609375
-0.01202392578125 0.0740890502929688 -0.44525146484375 0.332000732421875
-0.00518417358398437 0.0562477111816406 -0.442230224609375 0.447174072265625
0.00452041625976563 0.0662651062011719 -0.457794189453125 0.44464111328125
-0.0279693603515625 0.0699462890625 -0.474822998046875 0.31439208984375
-0.0627098083496094 0.0589942932128906 -0.3544921875 0.20111083984375
-0.10345458984375 0.017913818359375 -0.213531494140625 0.129318237304687
-0.0714797973632813 -0.0708847045898438 -0.0824737548828125 0.159942626953125
0.008056640625 -0.0793075561523438 0.0771484375 0.4158935546875
-8.9645385742189E-05 -0.0301475524902344 -0.0286865234375 0.69476318359375
-0.063262939453125 -0.312957763671875 0.3856201171875 0.473114013671875
-0.067352294921875 -0.248992919921875 0.161712646484375 0.42071533203125
-0.132858276367188 -0.218673706054687 0.107330322265625 0.275482177734375
-0.20745849609375 -0.147781372070313 0.055084228515625 0.140914916992188
-0.22454833984375 -0.0427398681640625 -0.0704421997070313 0.00794219970703124
-0.251174926757813 0.080078125 -0.31500244140625 0.0800781249999999
-0.224578857421875 0.176513671875 -0.4259033203125 0.275421142578125
-0.216156005859375 0.15234375 -0.4112548828125 0.395660400390625
-0.227432250976562 0.164566040039063 -0.41766357421875 0.411590576171875
-0.271270751953125 0.109542846679688 -0.433563232421875 0.309295654296875
-0.281219482421875 0.00958251953124997 -0.304656982421875 0.20611572265625
-0.300537109375 -0.08514404296875 -0.185104370117188 0.149093627929687
-0.207000732421875 -0.2344970703125 -0.0584716796875 0.193008422851562
-0.11492919921875 -0.300689697265625 0.056671142578125 0.396636962890625
-0.121917724609375 -0.285614013671875 -0.03387451171875 0.63531494140625
-0.1942138671875 -0.5413818359375 0.3204345703125 0.361572265625
-0.234832763671875 -0.433074951171875 0.1007080078125 0.363189697265625
-0.281402587890625 -0.325836181640625 0.103057861328125 0.3001708984375
-0.348358154296875 -0.225494384765625 0.097900390625 0.156600952148438
-0.369903564453125 -0.08795166015625 -0.00227117538452151 -0.00504446029663086
-0.438995361328125 0.0939941406250001 -0.239303588867188 0.0310516357421875
-0.405609130859375 0.246826171875 -0.341339111328125 0.172149658203125
-0.39697265625 0.22674560546875 -0.31622314453125 0.283203125
-0.422943115234375 0.246673583984375 -0.31536865234375 0.319793701171875
-0.4739990234375 0.157562255859375 -0.332855224609375 0.266357421875
-0.46685791015625 -0.011322021484375 -0.222900390625 0.19049072265625
-0.468353271484375 -0.144561767578125 -0.149368286132813 0.154083251953125
-0.33746337890625 -0.345855712890625 -0.0531005859375 0.19073486328125
-0.239410400390625 -0.45709228515625 0.00381469726562496 0.3089599609375
-0.241058349609375 -0.486297607421875 -0.07061767578125 0.480377197265625
-0.2913818359375 -0.696044921875 0.231155395507813 0.183151245117187
-0.36224365234375 -0.5679931640625 0.0408477783203125 0.2623291015625
-0.390777587890625 -0.4072265625 0.1209716796875 0.291290283203125
-0.450103759765625 -0.286376953125 0.165374755859375 0.138198852539062
-0.473724365234375 -0.1302490234375 0.088897705078125 -0.0338211059570313
-0.5697021484375 0.0924072265625 -0.119247436523438 -0.0365982055664062
-0.530914306640625 0.281036376953125 -0.199005126953125 0.036865234375
-0.517974853515625 0.2650146484375 -0.176040649414063 0.12799072265625
-0.5526123046875 0.296112060546875 -0.173294067382813 0.1773681640625
-0.5999755859375 0.18963623046875 -0.194137573242188 0.180252075195312
-0.5782470703125 -0.0133056640625 -0.12664794921875 0.143707275390625
-0.57073974609375 -0.16241455078125 -0.115516662597656 0.136764526367188
-0.42779541015625 -0.383819580078125 -0.0732879638671875 0.156082153320312
-0.337371826171875 -0.53021240234375 -0.0843658447265625 0.174148559570313
-0.33233642578125 -0.6031494140625 -0.134765625 0.266250610351562
-0.34002685546875 -0.7408447265625 0.133148193359375 -0.0387649536132813
-0.41259765625 -0.609375 -0.0113677978515625 0.118797302246094
-0.418792724609375 -0.4310302734375 0.137313842773437 0.23638916015625
-0.470855712890625 -0.31982421875 0.2333984375 0.091156005859375
-0.504180908203125 -0.16412353515625 0.191207885742187 -0.0726470947265625
-0.62066650390625 0.0703125 0.0330276489257812 -0.114166259765625
-0.5758056640625 0.27191162109375 -0.0219039916992188 -0.110252380371094
-0.5596923828125 0.26470947265625 -0.0100936889648438 -0.0457954406738281
-0.59716796875 0.2926025390625 -0.0143890380859375 0.0153379440307617
-0.62872314453125 0.1859130859375 -0.0399551391601563 0.0709228515625
-0.59033203125 -0.0189819335937499 -0.0321502685546875 0.0775985717773438
-0.57080078125 -0.15460205078125 -0.090301513671875 0.100273132324219
-0.444366455078125 -0.358734130859375 -0.109458923339844 0.0914306640624999
-0.380096435546875 -0.51763916015625 -0.186141967773438 0.015594482421875
-0.37603759765625 -0.63140869140625 -0.214828491210938 0.0267486572265625
-0.3355712890625 -0.659912109375 0.0440673828125 -0.26873779296875
-0.3782958984375 -0.535247802734375 -0.0501747131347657 -0.0532760620117188
-0.352935791015625 -0.381866455078125 0.132614135742187 0.140579223632812
-0.39471435546875 -0.306304931640625 0.278915405273438 0.0291748046875
-0.445556640625 -0.178436279296875 0.283721923828125 -0.10614013671875
-0.57574462890625 0.03338623046875 0.194686889648438 -0.190399169921875
-0.535491943359375 0.220489501953125 0.162033081054688 -0.251495361328125
-0.51666259765625 0.22314453125 0.156082153320312 -0.210922241210938
-0.554229736328125 0.239105224609375 0.139244079589844 -0.137031555175781
-0.5582275390625 0.13946533203125 0.105072021484375 -0.0327377319335937
-0.500152587890625 -0.03802490234375 0.0430030822753906 0.0153121948242188
-0.470123291015625 -0.132537841796875 -0.0757904052734375 0.0500411987304687
-0.38201904296875 -0.28271484375 -0.144699096679688 0.00184631347656249
-0.359405517578125 -0.4339599609375 -0.265869140625 -0.146377563476563
-0.3658447265625 -0.572509765625 -0.286376953125 -0.202178955078125
-0.283660888671875 -0.464447021484375 -0.027191162109375 -0.4654541015625
-0.27777099609375 -0.35968017578125 -0.0776519775390625 -0.216140747070313
-0.220672607421875 -0.260238647460937 0.102310180664063 0.03173828125
-0.248794555664062 -0.236984252929688 0.29034423828125 -0.025543212890625
-0.31072998046875 -0.156005859375 0.34893798828125 -0.128753662109375
-0.436859130859375 -0.0069580078125 0.336944580078125 -0.255401611328125
-0.410125732421875 0.13775634765625 0.323455810546875 -0.367034912109375
-0.3974609375 0.1490478515625 0.29669189453125 -0.34393310546875
-0.43017578125 0.147674560546875 0.269729614257813 -0.251312255859375
-0.405426025390625 0.0659179687500001 0.221954345703125 -0.103012084960937
-0.335723876953125 -0.053741455078125 0.0904693603515625 -0.0272216796875
-0.30615234375 -0.0934448242187501 -0.0676612854003907 -0.00521850585937499
-0.275436401367187 -0.174652099609375 -0.156158447265625 -0.101318359375
-0.294158935546875 -0.29986572265625 -0.29791259765625 -0.28839111328125
-0.308685302734375 -0.438201904296875 -0.33837890625 -0.38885498046875
-0.195281982421875 -0.194808959960937 -0.0718994140625001 -0.587158203125
-0.143844604492188 -0.124618530273437 -0.08837890625 -0.32757568359375
-0.067047119140625 -0.0925369262695313 0.0651321411132812 -0.0582351684570313
-0.0716094970703125 -0.118911743164062 0.27685546875 -0.0660552978515625
-0.125007629394531 -0.106063842773438 0.3795166015625 -0.141357421875
-0.227386474609375 -0.0456695556640625 0.436920166015625 -0.30340576171875
-0.222915649414063 0.0305328369140625 0.433380126953125 -0.4439697265625
-0.219451904296875 0.05126953125 0.39056396484375 -0.42498779296875
-0.242782592773437 0.0391387939453125 0.357208251953125 -0.309234619140625
-0.2005615234375 -0.00581359863281249 0.294036865234375 -0.131591796875
-0.138259887695313 -0.0499038696289062 0.104034423828125 -0.050933837890625
-0.123939514160156 -0.0329055786132812 -0.0639381408691406 -0.0634613037109375
-0.155792236328125 -0.0514068603515625 -0.138839721679687 -0.20318603515625
-0.204376220703125 -0.138717651367187 -0.280120849609375 -0.393890380859375
-0.218002319335937 -0.248641967773438 -0.3629150390625 -0.520965576171875
0.0639915466308594 -0.0635643005371094 0.45135498046875 0.45751953125
0.091888427734375 -0.0682296752929687 0.261749267578125 0.402496337890625
0.00350189208984376 -0.10614013671875 0.153564453125 0.205184936523438
-0.0632972717285156 -0.0539894104003906 0.0429229736328125 0.0932693481445312
-0.0568809509277344 0.00788879394531251 -0.113945007324219 0.0173187255859375
-0.0301666259765625 0.0492172241210938 -0.3255615234375 0.1353759765625
-0.00486755371093751 0.075531005859375 -0.404876708984375 0.364654541015625
0.00066757202148437 0.0557060241699219 -0.38818359375 0.473968505859375
0.0113601684570312 0.0655136108398438 -0.40362548828125 0.474334716796875
-0.0201263427734375 0.0710830688476563 -0.43426513671875 0.349273681640625
-0.0551261901855469 0.0638999938964844 -0.327362060546875 0.2261962890625
-0.0987777709960938 0.0277633666992187 -0.195816040039063 0.145751953125
-0.0760879516601562 -0.0620269775390625 -0.066986083984375 0.165451049804687
-0.000274658203125008 -0.078582763671875 0.11383056640625 0.398712158203125
-0.00159072875976563 -0.0271720886230469 0.0357666015625 0.6767578125
-0.091644287109375 -0.299285888671875 0.41766357421875 0.42657470703125
-0.0880279541015625 -0.235260009765625 0.198028564453125 0.395721435546875
-0.147796630859375 -0.199935913085937 0.129623413085938 0.25958251953125
-0.215957641601563 -0.124053955078125 0.0631179809570313 0.133552551269531
-0.222137451171875 -0.0211181640625 -0.0701904296875 0.0144920349121094
-0.235595703125 0.101150512695312 -0.301513671875 0.106231689453125
-0.20037841796875 0.193008422851563 -0.3909912109375 0.307281494140625
-0.195220947265625 0.169921875 -0.362152099609375 0.421539306640625
-0.204727172851562 0.183486938476563 -0.366607666015625 0.4395751953125
-0.253738403320313 0.133041381835937 -0.393157958984375 0.34130859375
-0.273818969726562 0.0348968505859374 -0.278167724609375 0.228607177734375
-0.30023193359375 -0.053619384765625 -0.165298461914063 0.164031982421875
-0.220962524414063 -0.211334228515625 -0.038665771484375 0.1939697265625
-0.137451171875 -0.28521728515625 0.092498779296875 0.3818359375
-0.143783569335938 -0.266326904296875 0.0229492187499999 0.61920166015625
-0.238677978515625 -0.509613037109375 0.343505859375 0.324615478515625
-0.26611328125 -0.398345947265625 0.130767822265625 0.346038818359375
-0.2996826171875 -0.291473388671875 0.1263427734375 0.282867431640625
-0.358306884765625 -0.188140869140625 0.106399536132812 0.144744873046875
-0.3665771484375 -0.052886962890625 -0.00465726852416994 -0.00283908843994141
-0.41412353515625 0.1314697265625 -0.23040771484375 0.0531158447265625
-0.36920166015625 0.27874755859375 -0.31817626953125 0.200286865234375
-0.36468505859375 0.259033203125 -0.2822265625 0.303741455078125
-0.387664794921875 0.28192138671875 -0.27569580078125 0.339111328125
-0.446624755859375 0.197174072265625 -0.29827880859375 0.29046630859375
-0.45721435546875 0.0313720703124999 -0.200302124023438 0.20703125
-0.470855712890625 -0.09637451171875 -0.130279541015625 0.166015625
-0.355926513671875 -0.307525634765625 -0.031646728515625 0.189193725585937
-0.27142333984375 -0.428466796875 0.032318115234375 0.30059814453125
-0.277313232421875 -0.450286865234375 -0.02642822265625 0.471954345703125
-0.34869384765625 -0.65240478515625 0.2403564453125 0.159744262695313
-0.400482177734375 -0.519287109375 0.062286376953125 0.252777099609375
-0.413055419921875 -0.36163330078125 0.142959594726563 0.271041870117188
-0.462860107421875 -0.2392578125 0.169845581054687 0.1204833984375
-0.4718017578125 -0.085601806640625 0.0823974609375 -0.0381698608398438
-0.543426513671875 0.139495849609375 -0.117843627929688 -0.02191162109375
-0.486968994140625 0.3211669921875 -0.192886352539063 0.0565185546875
-0.477630615234375 0.310028076171875 -0.160675048828125 0.139968872070313
-0.509857177734375 0.342010498046875 -0.150665283203125 0.187973022460938
-0.567138671875 0.24102783203125 -0.169052124023438 0.194168090820312
-0.567138671875 0.0382690429687499 -0.108367919921875 0.153411865234375
-0.5718994140625 -0.10467529296875 -0.0986175537109376 0.14715576171875
-0.446990966796875 -0.3387451171875 -0.051727294921875 0.15521240234375
-0.373199462890625 -0.489532470703125 -0.06494140625 0.17645263671875
-0.3778076171875 -0.55841064453125 -0.109634399414063 0.270553588867187
-0.3985595703125 -0.69207763671875 0.125038146972656 -0.0470046997070313
-0.455108642578125 -0.554107666015625 -0.00271606445312503 0.11773681640625
-0.441619873046875 -0.38287353515625 0.15411376953125 0.214981079101562
-0.486480712890625 -0.26922607421875 0.232742309570313 0.0670623779296875
-0.504852294921875 -0.1170654296875 0.179885864257812 -0.0843353271484375
-0.5948486328125 0.1214599609375 0.0249862670898437 -0.110504150390625
-0.532745361328125 0.3173828125 -0.0341262817382813 -0.102920532226562
-0.51763916015625 0.311859130859375 -0.0160446166992188 -0.0441093444824218
-0.5543212890625 0.3438720703125 -0.0112457275390625 0.0152063369750977
-0.5936279296875 0.2398681640625 -0.028656005859375 0.074432373046875
-0.57843017578125 0.0333862304687501 -0.0224685668945313 0.0813522338867188
-0.57080078125 -0.0966186523437499 -0.0763702392578125 0.109207153320312
-0.45916748046875 -0.311431884765625 -0.0931854248046875 0.09405517578125
-0.41363525390625 -0.4742431640625 -0.178619384765625 0.0310516357421875
-0.4228515625 -0.58203125 -0.20806884765625 0.0444793701171875
-0.385986328125 -0.6129150390625 0.0178375244140625 -0.26336669921875
-0.41339111328125 -0.48455810546875 -0.0578346252441406 -0.0456161499023438
-0.3726806640625 -0.341156005859375 0.141250610351562 0.12237548828125
-0.4105224609375 -0.26361083984375 0.272003173828125 0.00222778320312498
-0.449127197265625 -0.13555908203125 0.26702880859375 -0.125625610351562
-0.5556640625 0.08184814453125 0.175582885742187 -0.198455810546875
-0.498565673828125 0.263397216796875 0.132034301757812 -0.2562255859375
-0.48077392578125 0.2681884765625 0.129119873046875 -0.220016479492187
-0.515533447265625 0.28662109375 0.1243896484375 -0.147994995117188
-0.531036376953125 0.186737060546875 0.103767395019531 -0.040557861328125
-0.490997314453125 0.00775146484375 0.0459861755371093 0.0149078369140625
-0.471405029296875 -0.0851745605468751 -0.0663642883300782 0.0592613220214844
-0.391845703125 -0.242034912109375 -0.135688781738281 0.010406494140625
-0.3875732421875 -0.392913818359375 -0.27105712890625 -0.119003295898438
-0.409454345703125 -0.525054931640625 -0.30010986328125 -0.169830322265625
-0.31634521484375 -0.426910400390625 -0.068450927734375 -0.447784423828125
-0.300323486328125 -0.323944091796875 -0.0987396240234375 -0.203460693359375
-0.23468017578125 -0.236358642578125 0.101486206054688 0.0198745727539062
-0.263076782226562 -0.209884643554688 0.276870727539063 -0.0533294677734375
-0.316070556640625 -0.128753662109375 0.328369140625 -0.154052734375
-0.427703857421875 0.0298461914062499 0.308319091796875 -0.27490234375
-0.386322021484375 0.169921875 0.27801513671875 -0.38519287109375
-0.37127685546875 0.18438720703125 0.25421142578125 -0.36181640625
-0.404144287109375 0.187286376953125 0.239715576171875 -0.2694091796875
-0.388336181640625 0.10137939453125 0.211227416992187 -0.120254516601562
-0.33245849609375 -0.022430419921875 0.0886917114257812 -0.0304107666015625
-0.306640625 -0.062408447265625 -0.0638580322265625 0.00471878051757812
-0.279296875 -0.145721435546875 -0.157501220703125 -0.0889129638671875
-0.311492919921875 -0.267486572265625 -0.31549072265625 -0.2540283203125
-0.342132568359375 -0.398956298828125 -0.36602783203125 -0.349639892578125
-0.20501708984375 -0.171661376953125 -0.121826171875 -0.56298828125
-0.147796630859375 -0.109085083007813 -0.117279052734375 -0.31121826171875
-0.0723190307617188 -0.0864791870117187 0.0571250915527344 -0.0636978149414063
-0.0791168212890625 -0.110923767089844 0.261978149414063 -0.09100341796875
-0.132194519042969 -0.095367431640625 0.356353759765625 -0.171142578125
-0.228103637695313 -0.0256805419921875 0.39892578125 -0.332611083984375
-0.213775634765625 0.0489654541015625 0.379241943359375 -0.470733642578125
-0.20806884765625 0.07208251953125 0.338897705078125 -0.448211669921875
-0.2327880859375 0.0620880126953125 0.31939697265625 -0.33416748046875
-0.197006225585938 0.0118865966796875 0.276596069335938 -0.154342651367187
-0.1392822265625 -0.0375442504882812 0.0996475219726562 -0.054473876953125
-0.124038696289063 -0.0204391479492187 -0.06561279296875 -0.0536994934082031
-0.153717041015625 -0.0364532470703125 -0.151687622070312 -0.188888549804688
-0.210601806640625 -0.118087768554688 -0.30853271484375 -0.357696533203125
-0.2354736328125 -0.22210693359375 -0.40142822265625 -0.473968505859375
0.0558242797851563 -0.0641441345214844 0.459197998046875 0.41375732421875
0.0836334228515625 -0.0716094970703125 0.2769775390625 0.370452880859375
-0.00302886962890625 -0.100570678710937 0.159164428710938 0.1884765625
-0.0639801025390625 -0.0463676452636719 0.04541015625 0.0891342163085938
-0.0537834167480469 0.0121955871582031 -0.110076904296875 0.0237350463867188
-0.0245475769042969 0.050567626953125 -0.3082275390625 0.149688720703125
0.000823974609374997 0.0738372802734375 -0.36517333984375 0.374298095703125
0.00539779663085937 0.0546989440917969 -0.341339111328125 0.4765625
0.0169258117675781 0.0633773803710938 -0.357177734375 0.4794921875
-0.0145034790039063 0.0705337524414063 -0.395416259765625 0.3590087890625
-0.049041748046875 0.0640106201171875 -0.30120849609375 0.235382080078125
-0.09246826171875 0.0338516235351563 -0.17913818359375 0.152053833007813
-0.0768508911132813 -0.0559234619140625 -0.0547027587890625 0.16497802734375
-0.00429534912109375 -0.0763320922851563 0.131561279296875 0.37591552734375
-0.00131988525390625 -0.0249881744384766 0.07171630859375 0.64459228515625
-0.106796264648437 -0.280517578125 0.42449951171875 0.385650634765625
-0.0977935791015625 -0.220596313476563 0.2127685546875 0.36724853515625
-0.152008056640625 -0.1826171875 0.137741088867188 0.241546630859375
-0.214401245117188 -0.105514526367188 0.0671005249023437 0.126930236816406
-0.213394165039063 -0.007476806640625 -0.0679855346679688 0.0188751220703125
-0.217819213867188 0.111419677734375 -0.28509521484375 0.11968994140625
-0.179656982421875 0.198150634765625 -0.357391357421875 0.319549560546875
-0.175857543945312 0.176559448242188 -0.320892333984375 0.42578125
-0.18389892578125 0.18963623046875 -0.32232666015625 0.442901611328125
-0.235580444335938 0.143585205078125 -0.355621337890625 0.350921630859375
-0.261398315429688 0.04962158203125 -0.252792358398438 0.23541259765625
-0.2900390625 -0.0330810546874999 -0.14874267578125 0.168014526367188
-0.222625732421875 -0.191543579101562 -0.024444580078125 0.188446044921875
-0.146408081054688 -0.2681884765625 0.11083984375 0.359771728515625
-0.150955200195312 -0.246353149414063 0.05560302734375 0.59173583984375
-0.26165771484375 -0.4739990234375 0.347198486328125 0.292449951171875
-0.276702880859375 -0.3673095703125 0.14410400390625 0.32562255859375
-0.300567626953125 -0.262451171875 0.13690185546875 0.262527465820313
-0.3544921875 -0.15875244140625 0.107620239257812 0.134162902832031
-0.354095458984375 -0.030548095703125 -0.00447225570678713 -0.00090312957763672
-0.38751220703125 0.149200439453125 -0.2176513671875 0.0647430419921875
-0.33758544921875 0.28765869140625 -0.29412841796875 0.21246337890625
-0.33294677734375 0.272552490234375 -0.253021240234375 0.3072509765625
-0.35272216796875 0.29541015625 -0.242431640625 0.340484619140625
-0.417083740234375 0.21685791015625 -0.267059326171875 0.29705810546875
-0.439117431640625 0.055999755859375 -0.178695678710938 0.210952758789063
-0.458343505859375 -0.06414794921875 -0.113632202148438 0.168853759765625
-0.356414794921875 -0.27886962890625 -0.0166778564453125 0.181594848632813
-0.282806396484375 -0.39898681640625 0.04998779296875 0.285400390625
-0.290496826171875 -0.4163818359375 -0.000610351562499972 0.45404052734375
-0.37274169921875 -0.60491943359375 0.238388061523437 0.141281127929687
-0.413055419921875 -0.473968505859375 0.072540283203125 0.240692138671875
-0.411895751953125 -0.32470703125 0.150985717773437 0.249771118164063
-0.45745849609375 -0.203948974609375 0.166748046875 0.107284545898437
-0.456207275390625 -0.058074951171875 0.0773468017578125 -0.0394973754882813
-0.5103759765625 0.16278076171875 -0.112518310546875 -0.0125732421875
-0.447296142578125 0.334625244140625 -0.18267822265625 0.068939208984375
-0.439453125 0.3272705078125 -0.146591186523438 0.143310546875
-0.46649169921875 0.361785888671875 -0.132843017578125 0.18719482421875
-0.528717041015625 0.26715087890625 -0.14837646484375 0.197479248046875
-0.54400634765625 0.06982421875 -0.09344482421875 0.155059814453125
-0.5570068359375 -0.0661926269531251 -0.0832061767578126 0.149032592773438
-0.443572998046875 -0.3048095703125 -0.0368804931640625 0.1483154296875
-0.3846435546875 -0.453582763671875 -0.0504302978515625 0.173141479492187
-0.3936767578125 -0.51287841796875 -0.0916900634765626 0.26470947265625
-0.4228515625 -0.64141845703125 0.115226745605469 -0.0496597290039063
-0.464935302734375 -0.504364013671875 0.00174713134765622 0.114990234375
-0.44140625 -0.345550537109375 0.158004760742187 0.195159912109375
-0.48162841796875 -0.23175048828125 0.223983764648437 0.052154541015625
-0.490509033203125 -0.0865783691406251 0.168426513671875 -0.0887451171875
-0.56365966796875 0.1470947265625 0.0205917358398437 -0.104911804199219
-0.49114990234375 0.33135986328125 -0.0397415161132813 -0.092437744140625
-0.476593017578125 0.33270263671875 -0.0203132629394531 -0.0408515930175781
-0.509124755859375 0.36566162109375 -0.00997543334960941 0.0128583908081055
-0.556854248046875 0.26556396484375 -0.0199737548828125 0.0733718872070313
-0.554168701171875 0.0650634765625 -0.0132980346679688 0.0819549560546875
-0.55426025390625 -0.0589904785156251 -0.063232421875 0.110992431640625
-0.45440673828125 -0.277008056640625 -0.0804290771484376 0.0903167724609375
-0.42120361328125 -0.4349365234375 -0.16864013671875 0.0395050048828125
-0.44097900390625 -0.5343017578125 -0.19915771484375 0.0546417236328125
-0.4066162109375 -0.564697265625 0.000457763671874986 -0.251312255859375
-0.421722412109375 -0.440582275390625 -0.0614662170410156 -0.0381088256835938
-0.37255859375 -0.309814453125 0.140869140625 0.107574462890625
-0.40838623046875 -0.231597900390625 0.257720947265625 -0.0140838623046875
-0.439178466796875 -0.108734130859375 0.250045776367188 -0.133712768554688
-0.529083251953125 0.10601806640625 0.159957885742187 -0.19830322265625
-0.458892822265625 0.27880859375 0.110336303710937 -0.249710083007813
-0.4423828125 0.287445068359375 0.108139038085937 -0.216934204101562
-0.4764404296875 0.309173583984375 0.110382080078125 -0.150436401367188
-0.498443603515625 0.212799072265625 0.100448608398437 -0.0443038940429687
-0.4716796875 0.034912109375 0.0496826171875 0.0141754150390625
-0.456268310546875 -0.053314208984375 -0.0569076538085938 0.06304931640625
-0.386688232421875 -0.212799072265625 -0.126152038574219 0.0120773315429687
-0.392059326171875 -0.358856201171875 -0.266876220703125 -0.0992431640625
-0.4232177734375 -0.47894287109375 -0.298858642578125 -0.147552490234375
-0.327728271484375 -0.390960693359375 -0.091827392578125 -0.423919677734375
-0.304412841796875 -0.295013427734375 -0.108840942382813 -0.186752319335938
-0.234695434570313 -0.216827392578125 0.09747314453125 0.011260986328125
-0.261856079101563 -0.189010620117188 0.259719848632813 -0.0677337646484375
-0.312103271484375 -0.108154296875 0.3070068359375 -0.1656494140625
-0.40972900390625 0.0518188476562501 0.283050537109375 -0.278778076171875
-0.35919189453125 0.183563232421875 0.243316650390625 -0.381103515625
-0.343902587890625 0.19830322265625 0.219329833984375 -0.359405517578125
-0.375274658203125 0.204833984375 0.21307373046875 -0.274169921875
-0.367401123046875 0.1195068359375 0.198028564453125 -0.1273193359375
-0.320068359375 -0.00390625000000003 0.08709716796875 -0.0316543579101563
-0.296875 -0.041656494140625 -0.0576324462890625 0.00991058349609376
-0.2725830078125 -0.124755859375 -0.154251098632813 -0.0814208984375
-0.3134765625 -0.24267578125 -0.318603515625 -0.22601318359375
-0.352203369140625 -0.362701416015625 -0.372528076171875 -0.314361572265625
-0.204315185546875 -0.152755737304688 -0.147308349609375 -0.52935791015625
-0.14605712890625 -0.096954345703125 -0.132171630859375 -0.290618896484375
-0.0730438232421875 -0.0814285278320312 0.0500297546386719 -0.065826416015625
-0.0806503295898437 -0.105613708496094 0.244232177734375 -0.104568481445312
-0.133895874023438 -0.0864181518554688 0.332550048828125 -0.182647705078125
-0.222946166992188 -0.012359619140625 0.3668212890625 -0.340179443359375
-0.203353881835938 0.0582733154296875 0.334625244140625 -0.468719482421875
-0.193511962890625 0.08154296875 0.294464111328125 -0.4461669921875
-0.220046997070313 0.0736083984375 0.285552978515625 -0.338775634765625
-0.188034057617188 0.0221405029296875 0.258636474609375 -0.165176391601563
-0.134864807128906 -0.0292739868164062 0.0969085693359375 -0.0547409057617187
-0.118667602539063 -0.0129928588867188 -0.0631217956542969 -0.0456275939941406
-0.146408081054688 -0.0265350341796875 -0.154754638671875 -0.176559448242187
-0.207763671875 -0.101974487304688 -0.31719970703125 -0.324432373046875
-0.240097045898437 -0.198257446289063 -0.4129638671875 -0.43109130859375
0.0505790710449219 -0.0619926452636719 0.45745849609375 0.38995361328125
0.0789031982421875 -0.0725860595703125 0.279205322265625 0.35040283203125
-0.00622558593750001 -0.096588134765625 0.158538818359375 0.180068969726563
-0.0640068054199219 -0.0418472290039062 0.0466766357421875 0.0883941650390625
-0.0517158508300781 0.0135231018066406 -0.108123779296875 0.0258636474609375
-0.0215873718261719 0.0513267517089844 -0.298370361328125 0.15362548828125
0.00397491455078124 0.0729446411132813 -0.3466796875 0.37298583984375
0.00795364379882812 0.0538597106933594 -0.31634521484375 0.47064208984375
0.0197792053222656 0.0623130798339844 -0.3310546875 0.473541259765625
-0.0112419128417969 0.0699386596679688 -0.375457763671875 0.359405517578125
-0.0463142395019531 0.0648155212402344 -0.287841796875 0.235870361328125
-0.0878677368164062 0.0355911254882813 -0.169509887695313 0.153213500976562
-0.0769805908203125 -0.0521163940429687 -0.049652099609375 0.164352416992188
-0.00605010986328124 -0.0755081176757812 0.138397216796875 0.362823486328125
0.00020408630371094 -0.0241603851318359 0.084716796875 0.625244140625
-0.113494873046875 -0.26861572265625 0.4207763671875 0.364776611328125
-0.0999603271484375 -0.212295532226563 0.21649169921875 0.351104736328125
-0.150253295898437 -0.174560546875 0.13916015625 0.231674194335938
-0.212020874023437 -0.0957794189453125 0.0676193237304688 0.124732971191406
-0.207733154296875 -0.0023040771484375 -0.0662078857421875 0.0210380554199219
-0.207504272460938 0.113937377929688 -0.275741577148438 0.123458862304687
-0.167282104492187 0.197509765625 -0.340179443359375 0.32177734375
-0.165481567382812 0.177703857421875 -0.298980712890625 0.420318603515625
-0.171951293945313 0.191131591796875 -0.301116943359375 0.4366455078125
-0.224533081054688 0.146926879882812 -0.335601806640625 0.3511962890625
-0.254302978515625 0.0546875 -0.240127563476563 0.235763549804688
-0.282440185546875 -0.0240478515625001 -0.139541625976563 0.16864013671875
-0.220169067382813 -0.18280029296875 -0.018707275390625 0.183456420898438
-0.148574829101562 -0.260833740234375 0.118011474609375 0.347442626953125
-0.151031494140625 -0.236083984375 0.0684814453125 0.57220458984375
-0.2664794921875 -0.453277587890625 0.342254638671875 0.2763671875
-0.276580810546875 -0.34942626953125 0.14654541015625 0.311126708984375
-0.2965087890625 -0.2498779296875 0.1378173828125 0.251632690429688
-0.349639892578125 -0.14495849609375 0.106254577636719 0.130943298339844
-0.345123291015625 -0.02301025390625 -0.00422191619873049 0.000805139541625975
-0.371307373046875 0.153045654296875 -0.209716796875 0.068878173828125
-0.3172607421875 0.28887939453125 -0.280197143554688 0.2166748046875
-0.314483642578125 0.2760009765625 -0.23681640625 0.305572509765625
-0.333953857421875 0.29949951171875 -0.225738525390625 0.3367919921875
-0.398834228515625 0.223663330078125 -0.2498779296875 0.295440673828125
-0.427276611328125 0.06591796875 -0.16717529296875 0.2103271484375
-0.447052001953125 -0.050567626953125 -0.104461669921875 0.168258666992188
-0.350982666015625 -0.265777587890625 -0.00961303710937503 0.17431640625
-0.283447265625 -0.386993408203125 0.0563507080078125 0.277511596679687
-0.291656494140625 -0.396728515625 0.00869750976562495 0.440704345703125
-0.37890625 -0.5782470703125 0.233200073242187 0.134979248046875
-0.4110107421875 -0.450958251953125 0.075469970703125 0.232452392578125
-0.4052734375 -0.30853271484375 0.150115966796875 0.239120483398437
-0.450927734375 -0.187286376953125 0.162063598632813 0.102401733398438
-0.44464111328125 -0.0474548339843751 0.0751724243164062 -0.0375900268554688
-0.491058349609375 0.168182373046875 -0.107406616210938 -0.00800323486328122
-0.422760009765625 0.336181640625 -0.175933837890625 0.0745086669921875
-0.41644287109375 0.33038330078125 -0.139755249023438 0.144149780273438
-0.44207763671875 0.364959716796875 -0.123886108398438 0.184295654296875
-0.508453369140625 0.274169921875 -0.136062622070313 0.19580078125
-0.528533935546875 0.0802307128906251 -0.0845794677734375 0.154815673828125
-0.543701171875 -0.0494689941406249 -0.0744171142578125 0.148406982421875
-0.43603515625 -0.28936767578125 -0.0301361083984375 0.14031982421875
-0.383026123046875 -0.4373779296875 -0.04425048828125 0.16876220703125
-0.394256591796875 -0.489288330078125 -0.084075927734375 0.259628295898438
-0.43023681640625 -0.61077880859375 0.10919189453125 -0.0481414794921875
-0.463775634765625 -0.47918701171875 0.00187683105468746 0.113685607910156
-0.432952880859375 -0.3280029296875 0.156936645507812 0.185043334960937
-0.473297119140625 -0.2158203125 0.215835571289062 0.0458221435546875
-0.479248046875 -0.075775146484375 0.162826538085937 -0.0885772705078125
-0.543731689453125 0.15399169921875 0.0202255249023437 -0.101150512695312
-0.466278076171875 0.332763671875 -0.0425262451171875 -0.0855178833007812
-0.45361328125 0.3365478515625 -0.0220756530761719 -0.038360595703125
-0.48345947265625 0.371368408203125 -0.00998878479003909 0.0116281509399414
-0.532623291015625 0.27484130859375 -0.0141372680664063 0.0714569091796875
-0.54107666015625 0.077880859375 -0.00783538818359378 0.0805130004882812
-0.541290283203125 -0.041961669921875 -0.0564117431640625 0.110557556152344
-0.44635009765625 -0.262542724609375 -0.0729141235351563 0.0842132568359375
-0.420318603515625 -0.419677734375 -0.162841796875 0.042144775390625
-0.440765380859375 -0.506317138671875 -0.194747924804688 0.058319091796875
-0.411651611328125 -0.53924560546875 -0.00653076171875002 -0.241104125976563
-0.4193115234375 -0.41851806640625 -0.0635986328125 -0.0333366394042969
-0.366302490234375 -0.294647216796875 0.137054443359375 0.100509643554687
-0.40386962890625 -0.217254638671875 0.245574951171875 -0.0207672119140625
-0.43194580078125 -0.09857177734375 0.240219116210938 -0.1341552734375
-0.513427734375 0.114013671875 0.154144287109375 -0.195404052734375
-0.439666748046875 0.28021240234375 0.100616455078125 -0.241867065429687
-0.422119140625 0.291656494140625 0.0973663330078125 -0.211639404296875
-0.45501708984375 0.315032958984375 0.101181030273437 -0.150039672851562
-0.478485107421875 0.21917724609375 0.0999526977539062 -0.0464553833007812
-0.458831787109375 0.0438842773437501 0.0521965026855469 0.0143661499023438
-0.445343017578125 -0.0389709472656249 -0.0500068664550782 0.0636749267578125
-0.37786865234375 -0.20025634765625 -0.120147705078125 0.00864410400390626
-0.391204833984375 -0.343780517578125 -0.26214599609375 -0.090545654296875
-0.424041748046875 -0.454437255859375 -0.296295166015625 -0.1346435546875
-0.3299560546875 -0.3719482421875 -0.0988159179687501 -0.406097412109375
-0.300811767578125 -0.27838134765625 -0.112228393554688 -0.176620483398438
-0.23095703125 -0.20843505859375 0.093780517578125 0.00833892822265624
-0.260345458984375 -0.181427001953125 0.247650146484375 -0.0731353759765625
-0.307373046875 -0.102386474609375 0.294769287109375 -0.164642333984375
-0.400177001953125 0.059356689453125 0.271011352539063 -0.277023315429688
-0.346954345703125 0.18603515625 0.226226806640625 -0.374237060546875
-0.327056884765625 0.202484130859375 0.20135498046875 -0.351898193359375
-0.35919189453125 0.209075927734375 0.198410034179688 -0.2724609375
-0.355072021484375 0.12451171875 0.191848754882813 -0.129486083984375
-0.311614990234375 0.00207519531249996 0.088226318359375 -0.0311813354492187
-0.28961181640625 -0.032470703125 -0.0521202087402344 0.012054443359375
-0.265151977539063 -0.117279052734375 -0.149856567382813 -0.08087158203125
-0.31207275390625 -0.2301025390625 -0.3148193359375 -0.2120361328125
-0.353973388671875 -0.34222412109375 -0.370574951171875 -0.295654296875
-0.201751708984375 -0.14422607421875 -0.155242919921875 -0.50836181640625
-0.142868041992187 -0.091949462890625 -0.1370849609375 -0.278656005859375
-0.071319580078125 -0.0799560546875 0.0466117858886719 -0.06622314453125
-0.0814895629882813 -0.103927612304688 0.230880737304687 -0.108840942382812
-0.133377075195313 -0.083770751953125 0.318023681640625 -0.1845703125
-0.220458984375 -0.00579833984375001 0.348358154296875 -0.337921142578125
-0.196929931640625 0.060028076171875 0.31329345703125 -0.4654541015625
-0.18511962890625 0.083740234375 0.27294921875 -0.438446044921875
-0.211471557617188 0.0780181884765625 0.26708984375 -0.33636474609375
-0.183670043945313 0.0262451171875 0.249343872070312 -0.16802978515625
-0.132308959960937 -0.0275344848632813 0.095977783203125 -0.0546722412109375
-0.115524291992188 -0.010162353515625 -0.0593719482421875 -0.0427627563476563
-0.141265869140625 -0.023223876953125 -0.153640747070313 -0.171707153320312
-0.204849243164063 -0.095611572265625 -0.316925048828125 -0.307769775390625
-0.23919677734375 -0.186080932617188 -0.411956787109375 -0.4085693359375
0.0492706298828125 -0.0610504150390625 0.462127685546875 0.38299560546875
0.0767974853515625 -0.0743331909179688 0.28515625 0.34588623046875
-0.00734710693359375 -0.0968093872070312 0.162002563476563 0.178375244140625
-0.0641632080078125 -0.0396614074707031 0.0486679077148437 0.090728759765625
-0.0510292053222656 0.0147857666015625 -0.107582092285156 0.027587890625
-0.0199966430664063 0.0524787902832031 -0.301177978515625 0.158294677734375
0.00772094726562499 0.0738601684570312 -0.342620849609375 0.378662109375
0.00966262817382812 0.0545692443847656 -0.308746337890625 0.47235107421875
0.022796630859375 0.0630989074707031 -0.323089599609375 0.47613525390625
-0.00952911376953126 0.0713119506835938 -0.37054443359375 0.36566162109375
-0.0457611083984375 0.066253662109375 -0.284759521484375 0.241302490234375
-0.0869827270507813 0.0375823974609375 -0.167816162109375 0.155563354492188
-0.0774002075195313 -0.0515899658203125 -0.0480499267578125 0.167404174804688
-0.00681304931640624 -0.0774459838867188 0.145263671875 0.3619384765625
0.00147628784179688 -0.0244598388671875 0.09326171875 0.6243896484375
-0.118377685546875 -0.264755249023438 0.424407958984375 0.35986328125
-0.102813720703125 -0.21124267578125 0.220947265625 0.34661865234375
-0.152267456054687 -0.173965454101563 0.14178466796875 0.230087280273438
-0.214462280273438 -0.0923309326171875 0.0692596435546875 0.127677917480469
-0.208572387695312 0.000167846679687466 -0.0655136108398438 0.0226058959960938
-0.205795288085938 0.116317749023438 -0.276397705078125 0.129730224609375
-0.163284301757812 0.200881958007813 -0.3345947265625 0.327423095703125
-0.161788940429688 0.1815185546875 -0.291656494140625 0.423675537109375
-0.167861938476563 0.1953125 -0.29388427734375 0.44049072265625
-0.222824096679688 0.151580810546875 -0.330108642578125 0.356536865234375
-0.255020141601563 0.058563232421875 -0.23583984375 0.24066162109375
-0.283477783203125 -0.019439697265625 -0.136093139648438 0.171096801757813
-0.221908569335938 -0.183013916015625 -0.0160675048828125 0.184951782226562
-0.15167236328125 -0.262863159179688 0.124542236328125 0.347442626953125
-0.15301513671875 -0.234527587890625 0.07513427734375 0.5728759765625
-0.27435302734375 -0.446746826171875 0.34539794921875 0.276153564453125
-0.28045654296875 -0.345947265625 0.1502685546875 0.309814453125
-0.297576904296875 -0.249725341796875 0.139801025390625 0.25067138671875
-0.353851318359375 -0.140533447265625 0.1068115234375 0.133445739746094
-0.347015380859375 -0.0194396972656249 -0.00362491607666018 0.00193381309509277
-0.3699951171875 0.1575927734375 -0.209060668945312 0.0733489990234375
-0.31329345703125 0.2923583984375 -0.278305053710938 0.22271728515625
-0.310699462890625 0.28253173828125 -0.233367919921875 0.3074951171875
-0.329071044921875 0.30712890625 -0.22137451171875 0.337066650390625
-0.3966064453125 0.230804443359375 -0.2440185546875 0.300018310546875
-0.42999267578125 0.0715332031249999 -0.163009643554688 0.21392822265625
-0.450714111328125 -0.04473876953125 -0.100875854492188 0.171218872070313
-0.3543701171875 -0.266143798828125 -0.00715637207031253 0.172454833984375
-0.288970947265625 -0.38922119140625 0.06146240234375 0.276885986328125
-0.29547119140625 -0.394378662109375 0.012664794921875 0.44134521484375
-0.3887939453125 -0.56976318359375 0.234130859375 0.134979248046875
-0.418701171875 -0.4456787109375 0.0752105712890625 0.233901977539062
-0.407012939453125 -0.307830810546875 0.152053833007813 0.23779296875
-0.45458984375 -0.181793212890625 0.1611328125 0.103530883789062
-0.44952392578125 -0.0438537597656249 0.0765228271484375 -0.0376434326171875
-0.48876953125 0.172607421875 -0.10638427734375 -0.00627899169921874
-0.419036865234375 0.341522216796875 -0.175506591796875 0.080291748046875
-0.410247802734375 0.33941650390625 -0.139083862304688 0.145523071289063
-0.4375 0.375457763671875 -0.12213134765625 0.185134887695313
-0.504180908203125 0.283843994140625 -0.130020141601563 0.198226928710938
-0.531829833984375 0.08807373046875 -0.0796966552734375 0.156890869140625
-0.546051025390625 -0.0410156250000001 -0.07012939453125 0.150741577148438
-0.440277099609375 -0.289398193359375 -0.02691650390625 0.135543823242187
-0.390411376953125 -0.439483642578125 -0.0410919189453125 0.168960571289063
-0.401763916015625 -0.485748291015625 -0.08367919921875 0.26177978515625
-0.43988037109375 -0.6038818359375 0.108619689941406 -0.04632568359375
-0.470489501953125 -0.4736328125 0.000778198242187459 0.115928649902344
-0.434478759765625 -0.32794189453125 0.157943725585937 0.18359375
-0.47979736328125 -0.21099853515625 0.214553833007812 0.04510498046875
-0.48394775390625 -0.0726013183593751 0.163467407226562 -0.0892181396484375
-0.544158935546875 0.159515380859375 0.02178955078125 -0.100852966308594
-0.4632568359375 0.33807373046875 -0.0432586669921875 -0.0820541381835937
-0.4490966796875 0.345184326171875 -0.0248031616210938 -0.0363044738769531
-0.4781494140625 0.383270263671875 -0.0118122100830078 0.0114431381225586
-0.53106689453125 0.28485107421875 -0.00910949707031253 0.070648193359375
-0.543426513671875 0.0841064453125 -0.00275421142578129 0.0818710327148437
-0.544647216796875 -0.0340881347656249 -0.0512771606445313 0.112602233886719
-0.4490966796875 -0.262542724609375 -0.071929931640625 0.0791854858398437
-0.428466796875 -0.41961669921875 -0.162322998046875 0.0438079833984375
-0.450469970703125 -0.50177001953125 -0.197250366210938 0.0612335205078125
-0.419769287109375 -0.533233642578125 -0.00994873046875001 -0.237579345703125
-0.426055908203125 -0.414947509765625 -0.0660285949707032 -0.0304222106933594
-0.367889404296875 -0.29595947265625 0.136848449707031 0.0990447998046875
-0.408416748046875 -0.216400146484375 0.242095947265625 -0.0218658447265625
-0.435272216796875 -0.0959472656250001 0.239944458007812 -0.137054443359375
-0.514251708984375 0.118743896484375 0.154403686523438 -0.196304321289063
-0.438385009765625 0.28466796875 0.09698486328125 -0.240585327148438
-0.417755126953125 0.29888916015625 0.0927581787109375 -0.211181640625
-0.44952392578125 0.324127197265625 0.098052978515625 -0.1510009765625
-0.478546142578125 0.22564697265625 0.103172302246094 -0.0486526489257812
-0.461212158203125 0.0486755371093751 0.057159423828125 0.0137672424316406
-0.4471435546875 -0.033355712890625 -0.04595947265625 0.0651283264160156
-0.38043212890625 -0.200164794921875 -0.11907958984375 0.00408172607421872
-0.398162841796875 -0.34136962890625 -0.264877319335938 -0.0867919921875
-0.432647705078125 -0.448394775390625 -0.30120849609375 -0.129547119140625
-0.334259033203125 -0.366973876953125 -0.1033935546875 -0.4031982421875
-0.305328369140625 -0.27685546875 -0.115646362304688 -0.173904418945313
-0.232070922851562 -0.209625244140625 0.092010498046875 0.00687408447265624
-0.264480590820313 -0.1824951171875 0.241867065429688 -0.0765228271484375
-0.312103271484375 -0.10223388671875 0.292510986328125 -0.168853759765625
-0.40240478515625 0.0635986328125 0.270111083984375 -0.279464721679688
-0.3463134765625 0.188385009765625 0.221710205078125 -0.375274658203125
-0.324798583984375 0.20660400390625 0.195220947265625 -0.352386474609375
-0.356353759765625 0.217681884765625 0.193572998046875 -0.273269653320313
-0.35394287109375 0.130706787109375 0.193206787109375 -0.13409423828125
-0.31317138671875 0.00384521484375005 0.0920257568359375 -0.0325164794921875
-0.290191650390625 -0.0285339355468749 -0.0495681762695313 0.0125694274902344
-0.26641845703125 -0.117034912109375 -0.151138305664063 -0.0841827392578125
-0.3172607421875 -0.228240966796875 -0.320281982421875 -0.20867919921875
-0.35894775390625 -0.33819580078125 -0.377777099609375 -0.2891845703125
-0.20294189453125 -0.141525268554688 -0.160308837890625 -0.50537109375
-0.14447021484375 -0.092132568359375 -0.141189575195312 -0.276641845703125
-0.0725936889648438 -0.0816802978515625 0.0441398620605469 -0.0676612854003906
-0.083953857421875 -0.106758117675781 0.225509643554688 -0.11273193359375
-0.13824462890625 -0.08441162109375 0.315155029296875 -0.188446044921875
-0.223785400390625 -0.00231933593749997 0.346343994140625 -0.34283447265625
-0.19891357421875 0.0628204345703125 0.307861328125 -0.466705322265625
-0.18438720703125 0.085723876953125 0.266632080078125 -0.441070556640625
-0.211196899414063 0.0819091796875 0.26190185546875 -0.339599609375
-0.184280395507813 0.0283355712890625 0.24945068359375 -0.171737670898438
-0.133293151855469 -0.0281906127929688 0.0989303588867187 -0.0557632446289063
-0.115280151367187 -0.00817871093749999 -0.0576744079589844 -0.0426750183105469
-0.1409912109375 -0.02288818359375 -0.156478881835938 -0.174163818359375
-0.207611083984375 -0.0935516357421875 -0.323028564453125 -0.30474853515625
-0.24322509765625 -0.182281494140625 -0.420013427734375 -0.403594970703125
0.0496368408203125 -0.0616264343261719 0.48419189453125 0.381927490234375
0.077392578125 -0.0791854858398438 0.300811767578125 0.347015380859375
-0.009765625 -0.0991363525390625 0.170974731445313 0.180328369140625
-0.0673828125 -0.0381278991699219 0.0550689697265625 0.0951385498046875
-0.0525321960449219 0.0167236328125 -0.111412048339844 0.03106689453125
-0.0185470581054688 0.0544395446777344 -0.310333251953125 0.172760009765625
0.011566162109375 0.0757369995117188 -0.34246826171875 0.399871826171875
0.0131721496582031 0.0568199157714844 -0.303619384765625 0.492034912109375
0.0274238586425781 0.06451416015625 -0.319732666015625 0.495330810546875
-0.00671386718749999 0.0747222900390625 -0.37158203125 0.383697509765625
-0.0462455749511719 0.070159912109375 -0.287078857421875 0.25537109375
-0.087738037109375 0.0415191650390625 -0.167648315429688 0.165557861328125
-0.081146240234375 -0.0512161254882813 -0.0453033447265625 0.1761474609375
-0.00917053222656251 -0.0810775756835938 0.1600341796875 0.36920166015625
0.00294113159179687 -0.0261077880859375 0.11334228515625 0.63873291015625
-0.129150390625 -0.267181396484375 0.4462890625 0.35968017578125
-0.1121826171875 -0.215576171875 0.233734130859375 0.349822998046875
-0.159988403320313 -0.177719116210937 0.151641845703125 0.233322143554688
-0.222824096679688 -0.0878906250000001 0.0762863159179687 0.132186889648437
-0.215087890625 0.00428771972656249 -0.0656700134277344 0.0247879028320312
-0.208999633789063 0.124313354492187 -0.282958984375 0.141876220703125
-0.1607666015625 0.20977783203125 -0.336090087890625 0.348236083984375
-0.159698486328125 0.192489624023438 -0.29156494140625 0.440887451171875
-0.165817260742188 0.206466674804687 -0.29052734375 0.45733642578125
-0.22479248046875 0.163650512695312 -0.32867431640625 0.374267578125
-0.262542724609375 0.067230224609375 -0.2364501953125 0.25543212890625
-0.292144775390625 -0.013671875 -0.133743286132813 0.1807861328125
-0.232940673828125 -0.18597412109375 -0.0116119384765625 0.189743041992188
-0.164306640625 -0.270782470703125 0.138885498046875 0.35498046875
-0.161270141601563 -0.238815307617188 0.09197998046875 0.58740234375
-0.294036865234375 -0.45098876953125 0.362274169921875 0.276641845703125
-0.2999267578125 -0.350006103515625 0.16064453125 0.316070556640625
-0.3114013671875 -0.254425048828125 0.149139404296875 0.255218505859375
-0.367889404296875 -0.1358642578125 0.113510131835937 0.138206481933594
-0.359710693359375 -0.01312255859375 -0.00121867656707766 0.00195550918579101
-0.37774658203125 0.16925048828125 -0.21417236328125 0.08184814453125
-0.31353759765625 0.307373046875 -0.280517578125 0.239471435546875
-0.310150146484375 0.3006591796875 -0.23223876953125 0.322662353515625
-0.328948974609375 0.32611083984375 -0.219696044921875 0.35052490234375
-0.403045654296875 0.250579833984375 -0.2406005859375 0.313751220703125
-0.443115234375 0.0855712890624999 -0.160675048828125 0.225341796875
-0.4661865234375 -0.0334167480468751 -0.0969085693359375 0.180007934570313
-0.37127685546875 -0.270233154296875 -0.00199890136718754 0.174591064453125
-0.3087158203125 -0.398406982421875 0.07171630859375 0.28375244140625
-0.31549072265625 -0.400054931640625 0.0239868164062499 0.45428466796875
-0.41436767578125 -0.57440185546875 0.244110107421875 0.135894775390625
-0.44000244140625 -0.449310302734375 0.0798187255859375 0.2406005859375
-0.424560546875 -0.313140869140625 0.160736083984375 0.242645263671875
-0.474639892578125 -0.1761474609375 0.167617797851563 0.106246948242188
-0.466156005859375 -0.0359191894531249 0.0802078247070312 -0.0412673950195312
-0.502410888671875 0.188079833984375 -0.108634948730469 -0.00345611572265624
-0.424591064453125 0.35980224609375 -0.178192138671875 0.0904998779296875
-0.412567138671875 0.36163330078125 -0.140060424804688 0.154052734375
-0.438079833984375 0.399627685546875 -0.12188720703125 0.192626953125
-0.51348876953125 0.3074951171875 -0.125106811523438 0.205184936523438
-0.547943115234375 0.103912353515625 -0.0753326416015625 0.164306640625
-0.56585693359375 -0.0280761718750001 -0.065216064453125 0.1578369140625
-0.46014404296875 -0.29217529296875 -0.024932861328125 0.135337829589844
-0.415863037109375 -0.44732666015625 -0.0374603271484375 0.175079345703125
-0.426422119140625 -0.48980712890625 -0.082061767578125 0.273345947265625
-0.46868896484375 -0.6082763671875 0.110267639160156 -0.0467300415039063
-0.497833251953125 -0.475555419921875 0.00038909912109372 0.12139892578125
-0.455535888671875 -0.33282470703125 0.166213989257812 0.187347412109375
-0.50067138671875 -0.206756591796875 0.218719482421875 0.0439453125
-0.504547119140625 -0.0653076171875001 0.169097900390625 -0.0955963134765625
-0.558563232421875 0.176025390625 0.0216827392578125 -0.104568481445312
-0.469635009765625 0.357421875 -0.0466232299804688 -0.0805282592773437
-0.45166015625 0.368408203125 -0.0278472900390625 -0.036041259765625
-0.480621337890625 0.407623291015625 -0.0125837326049805 0.0117597579956055
-0.54132080078125 0.30865478515625 -0.00357818603515628 0.070892333984375
-0.560089111328125 0.100128173828125 0.00268554687499997 0.0846099853515625
-0.5625 -0.0203247070312499 -0.047149658203125 0.118316650390625
-0.468963623046875 -0.26422119140625 -0.071441650390625 0.0772857666015625
-0.45513916015625 -0.424041748046875 -0.16558837890625 0.0491638183593749
-0.476776123046875 -0.5030517578125 -0.203567504882813 0.07049560546875
-0.445465087890625 -0.53546142578125 -0.01580810546875 -0.24090576171875
-0.450408935546875 -0.41619873046875 -0.0711135864257813 -0.0283737182617188
-0.385711669921875 -0.299896240234375 0.1419677734375 0.099212646484375
-0.4296875 -0.215545654296875 0.2449951171875 -0.0267486572265625
-0.456024169921875 -0.0904541015624999 0.244720458984375 -0.145278930664063
-0.5306396484375 0.134429931640625 0.15673828125 -0.205764770507813
-0.447174072265625 0.302398681640625 0.0942535400390624 -0.248519897460938
-0.422332763671875 0.318572998046875 0.087860107421875 -0.217330932617187
-0.453521728515625 0.347869873046875 0.0943450927734375 -0.157073974609375
-0.48480224609375 0.24591064453125 0.107597351074219 -0.0545806884765625
-0.475433349609375 0.0620117187500001 0.0621223449707031 0.0120620727539063
-0.4617919921875 -0.0217590332031251 -0.0430221557617188 0.0688972473144531
-0.396728515625 -0.20062255859375 -0.124122619628906 0.00145721435546874
-0.4210205078125 -0.34515380859375 -0.275054931640625 -0.0820159912109375
-0.45849609375 -0.448455810546875 -0.316375732421875 -0.12335205078125
-0.35552978515625 -0.36865234375 -0.114990234375 -0.409027099609375
-0.3221435546875 -0.278472900390625 -0.125885009765625 -0.175094604492188
-0.244186401367187 -0.215118408203125 0.0937042236328125 0.00543975830078124
-0.27886962890625 -0.184112548828125 0.242889404296875 -0.0833740234375
-0.3280029296875 -0.0996093749999999 0.297576904296875 -0.179473876953125
-0.417236328125 0.0762939453124999 0.27215576171875 -0.295166015625
-0.35528564453125 0.201812744140625 0.218841552734375 -0.3907470703125
-0.32904052734375 0.2225341796875 0.190582275390625 -0.366424560546875
-0.36187744140625 0.233428955078125 0.190887451171875 -0.285430908203125
-0.3621826171875 0.1435546875 0.197540283203125 -0.144393920898438
-0.32366943359375 0.01080322265625 0.0972671508789062 -0.0365447998046875
-0.300750732421875 -0.0208740234374999 -0.0483016967773438 0.0139236450195312
-0.27679443359375 -0.11572265625 -0.159011840820313 -0.0880889892578125
-0.333404541015625 -0.229644775390625 -0.335693359375 -0.204559326171875
-0.379669189453125 -0.337249755859375 -0.39886474609375 -0.286834716796875
-0.211990356445312 -0.1400146484375 -0.175811767578125 -0.515716552734375
-0.151229858398437 -0.0921478271484375 -0.15264892578125 -0.28131103515625
-0.0764694213867188 -0.0853347778320313 0.0420303344726562 -0.071075439453125
-0.0909957885742188 -0.11065673828125 0.224929809570312 -0.121047973632812
-0.14703369140625 -0.08538818359375 0.319610595703125 -0.200439453125
-0.233108520507813 0.00512695312499997 0.348663330078125 -0.361907958984375
-0.204864501953125 0.0691680908203125 0.305450439453125 -0.486724853515625
-0.187942504882813 0.0920867919921875 0.26446533203125 -0.45758056640625
-0.215621948242188 0.0911712646484375 0.26092529296875 -0.355010986328125
-0.1907958984375 0.032806396484375 0.253189086914063 -0.185104370117188
-0.138511657714844 -0.0278396606445313 0.103706359863281 -0.060699462890625
-0.118400573730469 -0.00585937500000002 -0.0584869384765625 -0.0430145263671875
-0.145233154296875 -0.020416259765625 -0.166351318359375 -0.179092407226563
-0.218551635742187 -0.0910491943359375 -0.34027099609375 -0.30413818359375
-0.25506591796875 -0.179779052734375 -0.44464111328125 -0.40350341796875
0.0493545532226563 -0.0651206970214844 0.523681640625 0.36737060546875
0.07440185546875 -0.0877227783203125 0.33172607421875 0.3409423828125
-0.0169525146484375 -0.103050231933594 0.187347412109375 0.177719116210938
-0.0717697143554688 -0.0351715087890625 0.065155029296875 0.09625244140625
-0.0531387329101563 0.0196266174316406 -0.113899230957031 0.0397109985351563
-0.01593017578125 0.0574607849121094 -0.313873291015625 0.20135498046875
0.0182647705078125 0.0772247314453125 -0.33251953125 0.434356689453125
0.0187568664550781 0.0579795837402344 -0.287139892578125 0.524810791015625
0.0343208312988281 0.0658378601074219 -0.303924560546875 0.527801513671875
-0.00115203857421875 0.0786056518554688 -0.363555908203125 0.41741943359375
-0.0438613891601562 0.076171875 -0.282257080078125 0.27972412109375
-0.0885162353515625 0.0482940673828125 -0.162109375 0.180267333984375
-0.087860107421875 -0.0496139526367188 -0.035552978515625 0.187606811523438
-0.0145492553710937 -0.0870132446289063 0.189453125 0.373992919921875
0.00223159790039063 -0.028106689453125 0.15423583984375 0.65435791015625
-0.147430419921875 -0.267990112304688 0.482147216796875 0.349700927734375
-0.129440307617188 -0.216690063476563 0.262359619140625 0.350677490234375
-0.176803588867188 -0.17755126953125 0.16998291015625 0.234848022460938
-0.23602294921875 -0.0779876708984375 0.0888214111328125 0.135543823242187
-0.224136352539062 0.01580810546875 -0.0668830871582032 0.0289077758789062
-0.210662841796875 0.140640258789063 -0.2882080078125 0.16680908203125
-0.154190063476563 0.2269287109375 -0.328521728515625 0.382293701171875
-0.152191162109375 0.210906982421875 -0.276336669921875 0.471649169921875
-0.158187866210938 0.223770141601562 -0.279083251953125 0.48779296875
-0.223190307617188 0.183486938476562 -0.319000244140625 0.404571533203125
-0.271469116210938 0.0850067138671875 -0.230545043945313 0.276992797851563
-0.305908203125 0.00350952148437494 -0.126907348632813 0.195907592773438
-0.252365112304687 -0.18408203125 -0.000549316406250033 0.198165893554687
-0.186660766601563 -0.275604248046875 0.166839599609375 0.3599853515625
-0.180938720703125 -0.239410400390625 0.1278076171875 0.60455322265625
-0.33026123046875 -0.44903564453125 0.389495849609375 0.26971435546875
-0.332122802734375 -0.344482421875 0.181488037109375 0.320404052734375
-0.338287353515625 -0.250091552734375 0.168670654296875 0.256820678710937
-0.3914794921875 -0.119232177734375 0.125343322753906 0.139976501464844
-0.377044677734375 0.00552368164062501 -0.000553846359252953 0.00119853019714356
-0.384918212890625 0.1962890625 -0.2181396484375 0.0988616943359375
-0.3087158203125 0.33697509765625 -0.276473999023437 0.266845703125
-0.303619384765625 0.330474853515625 -0.223602294921875 0.346710205078125
-0.320770263671875 0.358612060546875 -0.2095947265625 0.375213623046875
-0.40411376953125 0.28289794921875 -0.23028564453125 0.33660888671875
-0.459503173828125 0.114105224609375 -0.152572631835937 0.242599487304687
-0.487335205078125 -0.00793457031250005 -0.0877532958984375 0.193191528320313
-0.4014892578125 -0.26507568359375 0.00769042968749999 0.179733276367187
-0.3466796875 -0.39935302734375 0.092071533203125 0.289886474609375
-0.346435546875 -0.398101806640625 0.049652099609375 0.472198486328125
-0.4609375 -0.57244873046875 0.26129150390625 0.131515502929687
-0.48626708984375 -0.441497802734375 0.094024658203125 0.247940063476562
-0.460418701171875 -0.306060791015625 0.180892944335937 0.243133544921875
-0.50543212890625 -0.1561279296875 0.179550170898438 0.1036376953125
-0.489990234375 -0.012908935546875 0.083251953125 -0.0482711791992188
-0.512542724609375 0.22235107421875 -0.111785888671875 0.0022735595703125
-0.420135498046875 0.396240234375 -0.1793212890625 0.105270385742188
-0.40643310546875 0.400634765625 -0.138809204101563 0.167739868164063
-0.430877685546875 0.441619873046875 -0.117202758789063 0.206588745117188
-0.514495849609375 0.349853515625 -0.11688232421875 0.217300415039063
-0.56854248046875 0.14019775390625 -0.0665283203125 0.172988891601562
-0.59112548828125 0.00292968749999993 -0.05609130859375 0.168304443359375
-0.494873046875 -0.28369140625 -0.0196304321289063 0.137397766113281
-0.4600830078125 -0.44805908203125 -0.0269012451171875 0.18341064453125
-0.470611572265625 -0.4830322265625 -0.0697021484375 0.290374755859375
-0.51953125 -0.60418701171875 0.112342834472656 -0.0500717163085938
-0.546234130859375 -0.466583251953125 0.00535583496093747 0.128654479980469
-0.491241455078125 -0.327484130859375 0.182510375976562 0.185577392578125
-0.534637451171875 -0.18670654296875 0.227386474609375 0.036651611328125
-0.532257080078125 -0.042205810546875 0.170074462890625 -0.110198974609375
-0.57354736328125 0.2130126953125 0.0189971923828125 -0.110214233398437
-0.472442626953125 0.39520263671875 -0.0522994995117188 -0.0791473388671875
-0.44671630859375 0.4085693359375 -0.0318031311035157 -0.0333175659179687
-0.4749755859375 0.452728271484375 -0.0147733688354493 0.0140657424926758
-0.543487548828125 0.351043701171875 0.00143432617187496 0.0703964233398438
-0.57861328125 0.13470458984375 0.0108413696289062 0.0866241455078125
-0.58843994140625 0.013916015625 -0.0398712158203125 0.1263427734375
-0.502593994140625 -0.251495361328125 -0.071563720703125 0.079498291015625
-0.497894287109375 -0.418548583984375 -0.16912841796875 0.0601654052734375
-0.52337646484375 -0.4945068359375 -0.210250854492188 0.0879974365234375
-0.49346923828125 -0.530792236328125 -0.0286865234375 -0.245712280273438
-0.493316650390625 -0.405914306640625 -0.079193115234375 -0.0221786499023438
-0.41748046875 -0.297119140625 0.1533203125 0.095855712890625
-0.458892822265625 -0.20196533203125 0.249053955078125 -0.039581298828125
-0.4844970703125 -0.07196044921875 0.246902465820312 -0.165542602539062
-0.5479736328125 0.16986083984375 0.154083251953125 -0.223907470703125
-0.4488525390625 0.33740234375 0.0839691162109375 -0.261642456054688
-0.42022705078125 0.35491943359375 0.0780181884765625 -0.228485107421875
-0.45111083984375 0.388427734375 0.0886383056640625 -0.1658935546875
-0.4898681640625 0.2838134765625 0.110176086425781 -0.0660476684570313
-0.4927978515625 0.0887451171874999 0.0685691833496093 0.00912475585937501
-0.481903076171875 0.00436401367187507 -0.0385055541992188 0.0737457275390625
-0.423675537109375 -0.19012451171875 -0.130523681640625 0.00286865234375
-0.459503173828125 -0.335174560546875 -0.290771484375 -0.06787109375
-0.503448486328125 -0.438812255859375 -0.33709716796875 -0.10711669921875
-0.388275146484375 -0.362701416015625 -0.142181396484375 -0.41644287109375
-0.351593017578125 -0.270263671875 -0.142776489257813 -0.173248291015625
-0.265380859375 -0.214813232421875 0.0972976684570312 -0.000205993652343763
-0.302215576171875 -0.17822265625 0.241943359375 -0.0984954833984375
-0.35028076171875 -0.087432861328125 0.299835205078125 -0.202423095703125
-0.431243896484375 0.103851318359375 0.269775390625 -0.3216552734375
-0.35894775390625 0.23016357421875 0.205780029296875 -0.416412353515625
-0.3299560546875 0.249481201171875 0.177032470703125 -0.386444091796875
-0.36077880859375 0.2640380859375 0.18231201171875 -0.3046875
-0.368072509765625 0.170074462890625 0.198211669921875 -0.163497924804688
-0.337005615234375 0.0279541015625 0.101455688476562 -0.044708251953125
-0.313018798828125 -0.00460815429687501 -0.0466156005859375 0.0170135498046875
-0.29364013671875 -0.105377197265625 -0.171829223632813 -0.086639404296875
-0.36083984375 -0.218780517578125 -0.36175537109375 -0.19232177734375
-0.4146728515625 -0.327362060546875 -0.43218994140625 -0.272064208984375
-0.228408813476563 -0.1351318359375 -0.208953857421875 -0.524139404296875
-0.162948608398438 -0.0871429443359375 -0.174774169921875 -0.284027099609375
-0.0851593017578125 -0.0867385864257812 0.0391921997070312 -0.075347900390625
-0.102577209472656 -0.113128662109375 0.22210693359375 -0.136825561523437
-0.16119384765625 -0.079620361328125 0.3199462890625 -0.2230224609375
-0.244033813476563 0.0204010009765625 0.34259033203125 -0.394805908203125
-0.212158203125 0.083465576171875 0.289093017578125 -0.523345947265625
-0.1912841796875 0.105682373046875 0.248565673828125 -0.48626708984375
-0.22015380859375 0.106719970703125 0.250732421875 -0.379058837890625
-0.196853637695313 0.04449462890625 0.25396728515625 -0.208251953125
-0.145721435546875 -0.022857666015625 0.105194091796875 -0.0691757202148438
-0.123306274414063 0.00165557861328127 -0.0629539489746094 -0.0425186157226563
-0.15234375 -0.01300048828125 -0.184783935546875 -0.179611206054688
-0.233551025390625 -0.0829010009765625 -0.37139892578125 -0.29345703125
-0.275680541992188 -0.172317504882813 -0.48663330078125 -0.390411376953125
0.0455245971679688 -0.0706100463867188 0.56195068359375 0.33038330078125
0.0683441162109375 -0.0970993041992188 0.3643798828125 0.316497802734375
-0.0269851684570312 -0.101585388183594 0.203842163085938 0.164764404296875
-0.0754318237304688 -0.02886962890625 0.0777130126953125 0.0955657958984375
-0.0526466369628906 0.0264244079589844 -0.113609313964844 0.0482025146484375
-0.0130043029785156 0.0622825622558594 -0.3045654296875 0.235748291015625
0.0256805419921875 0.0745010375976563 -0.30340576171875 0.4708251953125
0.0255775451660156 0.0557861328125 -0.251007080078125 0.553924560546875
0.0423927307128906 0.0613594055175781 -0.27081298828125 0.5606689453125
0.00666046142578126 0.0818252563476563 -0.33782958984375 0.45355224609375
-0.0384674072265625 0.0828628540039063 -0.263946533203125 0.306976318359375
-0.0853958129882813 0.0553207397460938 -0.148193359375 0.199020385742188
-0.094268798828125 -0.0469284057617188 -0.020751953125 0.197036743164063
-0.02410888671875 -0.089385986328125 0.224212646484375 0.362030029296875
-0.000919342041015627 -0.0286636352539062 0.208740234375 0.65057373046875
-0.170822143554688 -0.261581420898438 0.52008056640625 0.317291259765625
-0.150115966796875 -0.21075439453125 0.2928466796875 0.3341064453125
-0.19671630859375 -0.167953491210937 0.1920166015625 0.22515869140625
-0.248855590820312 -0.0595855712890625 0.102813720703125 0.131393432617188
-0.228866577148438 0.0350189208984375 -0.0656700134277344 0.0354194641113281
-0.205322265625 0.163070678710938 -0.2781982421875 0.196990966796875
-0.13671875 0.241195678710938 -0.30096435546875 0.41558837890625
-0.13665771484375 0.225601196289063 -0.245880126953125 0.502349853515625
-0.141098022460937 0.238754272460938 -0.244842529296875 0.517913818359375
-0.212966918945313 0.20599365234375 -0.291412353515625 0.43560791015625
-0.269546508789062 0.111770629882812 -0.207672119140625 0.302093505859375
-0.309356689453125 0.0281982421875 -0.111785888671875 0.211105346679688
-0.273147583007812 -0.16943359375 0.017120361328125 0.199630737304688
-0.216079711914063 -0.269210815429688 0.202301025390625 0.351654052734375
-0.204116821289062 -0.228378295898437 0.1805419921875 0.60205078125
-0.369720458984375 -0.42926025390625 0.41888427734375 0.244903564453125
-0.36798095703125 -0.324737548828125 0.20849609375 0.313995361328125
-0.366363525390625 -0.229644775390625 0.190277099609375 0.246307373046875
-0.407623291015625 -0.0890197753906251 0.140670776367187 0.132415771484375
-0.38616943359375 0.0379638671875 0.000466406345367408 0.000349700450897219
-0.3779296875 0.231353759765625 -0.213058471679688 0.119430541992188
-0.286865234375 0.36688232421875 -0.25811767578125 0.296234130859375
-0.27947998046875 0.359710693359375 -0.2015380859375 0.369049072265625
-0.296417236328125 0.39208984375 -0.186187744140625 0.399200439453125
-0.38800048828125 0.32220458984375 -0.208526611328125 0.357513427734375
-0.460693359375 0.155853271484375 -0.133407592773438 0.256698608398438
-0.496337890625 0.030914306640625 -0.06829833984375 0.20458984375
-0.43292236328125 -0.243682861328125 0.0212249755859375 0.17840576171875
-0.387420654296875 -0.38525390625 0.117950439453125 0.285186767578125
-0.385040283203125 -0.375701904296875 0.08648681640625 0.47705078125
-0.51495361328125 -0.54510498046875 0.27801513671875 0.11834716796875
-0.533233642578125 -0.407196044921875 0.113204956054687 0.24688720703125
-0.49615478515625 -0.278564453125 0.203567504882813 0.232162475585938
-0.52972412109375 -0.121002197265625 0.192230224609375 0.093170166015625
-0.5035400390625 0.027069091796875 0.0800018310546875 -0.056304931640625
-0.506317138671875 0.268402099609375 -0.113494873046875 0.0132293701171875
-0.397064208984375 0.434844970703125 -0.172195434570313 0.123336791992187
-0.3807373046875 0.44219970703125 -0.127975463867188 0.185440063476563
-0.40240478515625 0.484161376953125 -0.106002807617188 0.219223022460938
-0.493804931640625 0.398773193359375 -0.102432250976563 0.226455688476563
-0.5709228515625 0.18939208984375 -0.0513153076171875 0.18109130859375
-0.605712890625 0.0520629882812501 -0.038848876953125 0.176605224609375
-0.530181884765625 -0.2547607421875 -0.010040283203125 0.135871887207031
-0.507415771484375 -0.420257568359375 -0.0127105712890625 0.189315795898437
-0.5177001953125 -0.453125 -0.04791259765625 0.30340576171875
-0.57958984375 -0.57305908203125 0.114006042480469 -0.0532760620117188
-0.59710693359375 -0.4263916015625 0.0133056640625 0.1357421875
-0.52899169921875 -0.297149658203125 0.203948974609375 0.174118041992187
-0.562255859375 -0.14984130859375 0.2325439453125 0.021484375
-0.54998779296875 0.000701904296875022 0.164581298828125 -0.12744140625
-0.56976318359375 0.26141357421875 0.010650634765625 -0.113624572753906
-0.448974609375 0.4412841796875 -0.0576553344726563 -0.0737457275390625
-0.421417236328125 0.451568603515625 -0.0366554260253907 -0.0289497375488281
-0.4454345703125 0.498779296875 -0.0142660140991211 0.0173969268798828
-0.52496337890625 0.403472900390625 0.00753021240234372 0.0684814453125
-0.58203125 0.18475341796875 0.0208206176757812 0.08392333984375
-0.59814453125 0.0624999999999999 -0.0259475708007813 0.131744384765625
-0.533660888671875 -0.2227783203125 -0.069580078125 0.0811614990234375
-0.5428466796875 -0.388214111328125 -0.166152954101563 0.075164794921875
-0.57366943359375 -0.45916748046875 -0.20574951171875 0.110580444335937
-0.54364013671875 -0.501495361328125 -0.044921875 -0.243698120117188
-0.538055419921875 -0.370758056640625 -0.08319091796875 -0.0133438110351563
-0.449462890625 -0.27410888671875 0.16497802734375 0.0850372314453125
-0.488128662109375 -0.16912841796875 0.24658203125 -0.0590362548828125
-0.503204345703125 -0.033233642578125 0.238388061523438 -0.189056396484375
-0.5457763671875 0.21649169921875 0.141693115234375 -0.240036010742188
-0.43328857421875 0.378875732421875 0.0657196044921875 -0.270187377929688
-0.3995361328125 0.3953857421875 0.06011962890625 -0.237701416015625
-0.425628662109375 0.43255615234375 0.07586669921875 -0.175521850585938
-0.47845458984375 0.330322265625 0.108207702636719 -0.08135986328125
-0.4979248046875 0.130126953125 0.0713577270507812 0.00117492675781251
-0.489532470703125 0.04254150390625 -0.0284576416015625 0.0774459838867188
-0.44659423828125 -0.162994384765625 -0.134757995605469 0.00752258300781252
-0.498077392578125 -0.304046630859375 -0.30133056640625 -0.0445556640625
-0.54833984375 -0.404510498046875 -0.35260009765625 -0.076507568359375
-0.424163818359375 -0.336761474609375 -0.17291259765625 -0.410675048828125
-0.380950927734375 -0.24273681640625 -0.161026000976563 -0.16217041015625
-0.287841796875 -0.2000732421875 0.100837707519531 -0.00682830810546876
-0.325592041015625 -0.15948486328125 0.235427856445313 -0.11785888671875
-0.36590576171875 -0.0617370605468751 0.28729248046875 -0.2301025390625
-0.434844970703125 0.142242431640625 0.2486572265625 -0.34759521484375
-0.3514404296875 0.26348876953125 0.175628662109375 -0.439544677734375
-0.315155029296875 0.279815673828125 0.14801025390625 -0.4063720703125
-0.346710205078125 0.30078125 0.160400390625 -0.322265625
-0.361480712890625 0.2027587890625 0.189010620117188 -0.1859130859375
-0.344696044921875 0.054443359375 0.100601196289062 -0.0532989501953125
-0.31756591796875 0.02276611328125 -0.0432281494140625 0.0207443237304688
-0.305938720703125 -0.08441162109375 -0.18359375 -0.0790252685546875
-0.389556884765625 -0.193878173828125 -0.38165283203125 -0.16497802734375
-0.4505615234375 -0.296478271484375 -0.460662841796875 -0.235565185546875
-0.24468994140625 -0.115646362304688 -0.251190185546875 -0.516143798828125
-0.176620483398437 -0.0755767822265625 -0.202239990234375 -0.274093627929688
-0.0936279296875 -0.0814361572265625 0.0344619750976562 -0.081634521484375
-0.116973876953125 -0.107620239257812 0.21185302734375 -0.154815673828125
-0.176605224609375 -0.070404052734375 0.307769775390625 -0.2510986328125
-0.249053955078125 0.0427703857421875 0.31646728515625 -0.428436279296875
-0.21044921875 0.10205078125 0.2506103515625 -0.554229736328125
-0.186752319335938 0.124130249023438 0.214324951171875 -0.513885498046875
-0.213958740234375 0.128646850585937 0.226226806640625 -0.40325927734375
-0.198196411132813 0.0619049072265625 0.240707397460937 -0.233856201171875
-0.153045654296875 -0.0118408203125 0.100570678710937 -0.0814971923828125
-0.124656677246094 0.0121841430664062 -0.0673027038574219 -0.0398597717285156
-0.155166625976563 -0.000961303710937528 -0.205413818359375 -0.171142578125
-0.2470703125 -0.0660400390625 -0.4044189453125 -0.267181396484375
-0.2962646484375 -0.151336669921875 -0.5274658203125 -0.3531494140625
0.0407638549804687 -0.072967529296875 0.580078125 0.2794189453125
0.0589370727539062 -0.1024169921875 0.383087158203125 0.28302001953125
-0.035430908203125 -0.0999832153320313 0.2119140625 0.147079467773438
-0.0779342651367188 -0.0220489501953125 0.0850143432617188 0.0884475708007813
-0.0510787963867187 0.0272560119628906 -0.107940673828125 0.0578765869140625
-0.00676727294921875 0.0634231567382812 -0.282318115234375 0.260284423828125
0.0325775146484375 0.0712509155273437 -0.25958251953125 0.4891357421875
0.0305023193359375 0.0517311096191406 -0.20513916015625 0.56488037109375
0.0486946105957031 0.0561027526855469 -0.22711181640625 0.57281494140625
0.014434814453125 0.07891845703125 -0.2999267578125 0.47076416015625
-0.0320205688476563 0.08599853515625 -0.23626708984375 0.322998046875
-0.079925537109375 0.0629959106445312 -0.129730224609375 0.2064208984375
-0.0988235473632813 -0.0396041870117187 -0.00469970703125001 0.196426391601563
-0.0317916870117188 -0.0885238647460938 0.250732421875 0.339996337890625
-0.00102996826171875 -0.0293102264404297 0.25738525390625 0.62445068359375
-0.189437866210938 -0.24395751953125 0.53759765625 0.271331787109375
-0.164306640625 -0.1966552734375 0.3134765625 0.30810546875
-0.20703125 -0.153030395507813 0.204635620117187 0.206787109375
-0.2506103515625 -0.03973388671875 0.113754272460937 0.125778198242188
-0.226272583007813 0.053497314453125 -0.0612068176269531 0.0389175415039063
-0.190536499023438 0.177581787109375 -0.25830078125 0.217941284179687
-0.119400024414063 0.249664306640625 -0.26287841796875 0.4361572265625
-0.1165771484375 0.230911254882813 -0.201568603515625 0.510345458984375
-0.119552612304687 0.246719360351563 -0.2044677734375 0.531036376953125
-0.191558837890625 0.220733642578125 -0.257293701171875 0.451629638671875
-0.260452270507813 0.13153076171875 -0.182525634765625 0.311187744140625
-0.305572509765625 0.051788330078125 -0.0882720947265625 0.214813232421875
-0.28558349609375 -0.150970458984375 0.030975341796875 0.196853637695313
-0.236419677734375 -0.253433227539063 0.227142333984375 0.3306884765625
-0.218826293945313 -0.210113525390625 0.222412109375 0.57977294921875
-0.39996337890625 -0.3968505859375 0.43634033203125 0.21099853515625
-0.388702392578125 -0.288848876953125 0.2294921875 0.293609619140625
-0.38275146484375 -0.202789306640625 0.206207275390625 0.22723388671875
-0.41424560546875 -0.05596923828125 0.151535034179687 0.12457275390625
-0.380889892578125 0.067108154296875 0.00159108638763425 -0.000110149383544918
-0.355743408203125 0.260009765625 -0.199111938476563 0.13641357421875
-0.258148193359375 0.38360595703125 -0.22882080078125 0.31268310546875
-0.24658203125 0.375946044921875 -0.170013427734375 0.381622314453125
-0.259490966796875 0.410247802734375 -0.1541748046875 0.4075927734375
-0.3592529296875 0.350921630859375 -0.1788330078125 0.36834716796875
-0.4461669921875 0.19061279296875 -0.108428955078125 0.264205932617188
-0.490936279296875 0.07061767578125 -0.0498504638671875 0.20526123046875
-0.4476318359375 -0.21160888671875 0.0341033935546875 0.172775268554688
-0.416473388671875 -0.352813720703125 0.141143798828125 0.272109985351563
-0.408416748046875 -0.340789794921875 0.123199462890625 0.4658203125
-0.552978515625 -0.499359130859375 0.286468505859375 0.09478759765625
-0.558013916015625 -0.359375 0.12921142578125 0.237548828125
-0.515899658203125 -0.241851806640625 0.217864990234375 0.212539672851562
-0.534576416015625 -0.076019287109375 0.196868896484375 0.080352783203125
-0.49786376953125 0.0671081542968749 0.0753326416015625 -0.0637054443359375
-0.48187255859375 0.304229736328125 -0.107429504394531 0.02069091796875
-0.36083984375 0.462127685546875 -0.158737182617188 0.135726928710938
-0.339569091796875 0.464752197265625 -0.11370849609375 0.190933227539063
-0.356109619140625 0.51220703125 -0.0887298583984375 0.224685668945313
-0.459014892578125 0.434051513671875 -0.083770751953125 0.2281494140625
-0.5521240234375 0.232666015625 -0.0325469970703125 0.180511474609375
-0.59326171875 0.10113525390625 -0.0204010009765626 0.174575805664063
-0.545135498046875 -0.215576171875 -0.00122833251953127 0.132286071777344
-0.537322998046875 -0.379180908203125 0.00384521484374999 0.184661865234375
-0.544464111328125 -0.407012939453125 -0.0236511230468751 0.3062744140625
-0.6162109375 -0.5220947265625 0.109512329101562 -0.062225341796875
-0.62371826171875 -0.3717041015625 0.021148681640625 0.136550903320313
-0.549896240234375 -0.25872802734375 0.212600708007812 0.154449462890625
-0.5718994140625 -0.1058349609375 0.2314453125 0.00634765624999999
-0.546417236328125 0.042236328125 0.150772094726562 -0.138717651367188
-0.544464111328125 0.305023193359375 0.00505065917968748 -0.114395141601563
-0.4139404296875 0.4698486328125 -0.0632781982421875 -0.0694618225097656
-0.38043212890625 0.479248046875 -0.0397453308105469 -0.0259475708007812
-0.401031494140625 0.5291748046875 -0.0142402648925781 0.0168619155883789
-0.489471435546875 0.44073486328125 0.0111122131347656 0.0623741149902344
-0.56494140625 0.22747802734375 0.03057861328125 0.0806045532226563
-0.587646484375 0.108642578125 -0.0108718872070313 0.129074096679688
-0.545989990234375 -0.18389892578125 -0.06396484375 0.0808639526367187
-0.57135009765625 -0.3446044921875 -0.157669067382813 0.086334228515625
-0.60235595703125 -0.40704345703125 -0.193618774414063 0.128219604492188
-0.5780029296875 -0.451416015625 -0.0594635009765625 -0.236953735351563
-0.561767578125 -0.321044921875 -0.0850830078125 -0.00363922119140626
-0.46868896484375 -0.240325927734375 0.169769287109375 0.070648193359375
-0.497833251953125 -0.13165283203125 0.239166259765625 -0.0714569091796875
-0.502410888671875 0.00561523437499991 0.21905517578125 -0.205062866210938
-0.524993896484375 0.258636474609375 0.121185302734375 -0.247802734375
-0.404327392578125 0.409637451171875 0.044189453125 -0.27239990234375
-0.36376953125 0.421356201171875 0.0404052734375 -0.236663818359375
-0.388946533203125 0.462860107421875 0.0627593994140625 -0.178939819335937
-0.44732666015625 0.365814208984375 0.0998382568359375 -0.0912246704101562
-0.484710693359375 0.1661376953125 0.0757522583007812 -0.00675964355468749
-0.481842041015625 0.082489013671875 -0.0183029174804688 0.0764999389648437
-0.45452880859375 -0.12890625 -0.13592529296875 0.0146331787109375
-0.518951416015625 -0.26300048828125 -0.299713134765625 -0.021148681640625
-0.571044921875 -0.353759765625 -0.35302734375 -0.044708251953125
-0.4456787109375 -0.297882080078125 -0.20068359375 -0.390350341796875
-0.39630126953125 -0.20965576171875 -0.17041015625 -0.147186279296875
-0.302032470703125 -0.180633544921875 0.09765625 -0.0153427124023438
-0.337646484375 -0.133148193359375 0.219802856445313 -0.129486083984375
-0.37261962890625 -0.032257080078125 0.265640258789063 -0.24871826171875
-0.42047119140625 0.17547607421875 0.219757080078125 -0.36431884765625
-0.329620361328125 0.287353515625 0.138824462890625 -0.445831298828125
-0.291656494140625 0.300018310546875 0.11419677734375 -0.410675048828125
-0.318878173828125 0.32354736328125 0.13543701171875 -0.329315185546875
-0.343109130859375 0.231903076171875 0.17327880859375 -0.20098876953125
-0.33685302734375 0.0794067382812501 0.099365234375 -0.0633621215820313
-0.3114013671875 0.0457458496093749 -0.0400466918945313 0.0219612121582031
-0.30877685546875 -0.06243896484375 -0.191726684570313 -0.066070556640625
-0.400543212890625 -0.161224365234375 -0.387115478515625 -0.132659912109375
-0.466094970703125 -0.255889892578125 -0.47344970703125 -0.193817138671875
-0.249374389648438 -0.0969085693359375 -0.284912109375 -0.488372802734375
-0.176605224609375 -0.0587921142578125 -0.221710205078125 -0.254745483398437
-0.0992431640625 -0.0768966674804688 0.02587890625 -0.0824356079101563
-0.126602172851563 -0.0995941162109375 0.192840576171875 -0.165359497070313
-0.180496215820313 -0.055572509765625 0.282989501953125 -0.2716064453125
-0.242706298828125 0.06201171875 0.280426025390625 -0.448577880859375
-0.20343017578125 0.119461059570313 0.20355224609375 -0.56689453125
-0.176345825195313 0.135910034179687 0.1708984375 -0.520965576171875
-0.20269775390625 0.143341064453125 0.1942138671875 -0.4168701171875
-0.191360473632813 0.0778961181640625 0.221054077148437 -0.251174926757813
-0.152816772460938 -0.00190734863281251 0.0959243774414062 -0.08831787109375
-0.120155334472656 0.0205230712890625 -0.0660629272460938 -0.0349464416503906
-0.152816772460937 0.012298583984375 -0.2169189453125 -0.154464721679687
-0.248794555664063 -0.04461669921875 -0.41650390625 -0.23101806640625
-0.302825927734375 -0.12615966796875 -0.546417236328125 -0.305450439453125
0.0360031127929687 -0.0732650756835938 0.57733154296875 0.2393798828125
0.0511856079101563 -0.103408813476563 0.38629150390625 0.25506591796875
-0.0406723022460938 -0.0954208374023438 0.212600708007812 0.13311767578125
-0.0762100219726562 -0.01641845703125 0.0910415649414063 0.0815582275390625
-0.0488510131835937 0.0301666259765625 -0.100593566894531 0.0604629516601562
-0.002685546875 0.0637588500976563 -0.256637573242188 0.270950317382812
0.0350532531738281 0.0680923461914063 -0.22698974609375 0.489501953125
0.0323104858398438 0.0468101501464844 -0.17181396484375 0.559173583984375
0.051239013671875 0.0508689880371094 -0.19232177734375 0.571044921875
0.0195083618164063 0.0766143798828125 -0.269134521484375 0.4752197265625
-0.0262527465820313 0.087860107421875 -0.212158203125 0.324493408203125
-0.0739517211914063 0.0648040771484375 -0.113388061523438 0.206649780273438
-0.10040283203125 -0.0328140258789063 0.00727844238281251 0.194091796875
-0.0399246215820313 -0.085052490234375 0.2652587890625 0.316070556640625
0.000402450561523437 -0.0287895202636719 0.28338623046875 0.59429931640625
-0.198394775390625 -0.229095458984375 0.5367431640625 0.23602294921875
-0.171859741210938 -0.18212890625 0.32073974609375 0.28253173828125
-0.213272094726562 -0.139358520507812 0.20684814453125 0.190444946289063
-0.247817993164062 -0.0230865478515625 0.120468139648437 0.117210388183594
-0.21832275390625 0.0643463134765625 -0.056243896484375 0.040435791015625
-0.177047729492188 0.184829711914063 -0.2384033203125 0.227432250976563
-0.103225708007813 0.249725341796875 -0.232269287109375 0.4371337890625
-0.101852416992188 0.231216430664062 -0.170440673828125 0.509552001953125
-0.102203369140625 0.24713134765625 -0.17401123046875 0.528472900390625
-0.174758911132813 0.226791381835937 -0.228790283203125 0.451995849609375
-0.24871826171875 0.14410400390625 -0.15814208984375 0.30999755859375
-0.295318603515625 0.067291259765625 -0.072998046875 0.212326049804687
-0.28973388671875 -0.135040283203125 0.039947509765625 0.190780639648438
-0.248336791992188 -0.23663330078125 0.241180419921875 0.307861328125
-0.2208251953125 -0.19378662109375 0.247650146484375 0.55413818359375
-0.41265869140625 -0.366485595703125 0.437591552734375 0.1812744140625
-0.39501953125 -0.2607421875 0.236526489257812 0.2747802734375
-0.388153076171875 -0.1812744140625 0.211715698242187 0.210617065429687
-0.408233642578125 -0.03131103515625 0.15576171875 0.11529541015625
-0.37042236328125 0.08685302734375 0.00178217887878416 -0.00148248672485351
-0.33441162109375 0.275177001953125 -0.184799194335938 0.143997192382813
-0.23199462890625 0.38983154296875 -0.20477294921875 0.316314697265625
-0.22021484375 0.3809814453125 -0.14599609375 0.37969970703125
-0.23089599609375 0.414947509765625 -0.13116455078125 0.40667724609375
-0.329071044921875 0.3642578125 -0.1561279296875 0.366058349609375
-0.42822265625 0.21295166015625 -0.088714599609375 0.260269165039063
-0.476531982421875 0.09478759765625 -0.03369140625 0.200897216796875
-0.452911376953125 -0.187225341796875 0.039520263671875 0.164886474609375
-0.430206298828125 -0.3267822265625 0.15350341796875 0.255966186523438
-0.414337158203125 -0.31005859375 0.146240234375 0.448150634765625
-0.56671142578125 -0.4593505859375 0.2879638671875 0.077362060546875
-0.56414794921875 -0.31744384765625 0.13763427734375 0.227127075195312
-0.51983642578125 -0.214385986328125 0.22119140625 0.192916870117188
-0.528106689453125 -0.0433349609375 0.197052001953125 0.0718841552734375
-0.484893798828125 0.092315673828125 0.07147216796875 -0.0668563842773438
-0.457183837890625 0.32525634765625 -0.102706909179688 0.0245361328125
-0.33099365234375 0.471343994140625 -0.147064208984375 0.140274047851563
-0.306488037109375 0.471282958984375 -0.101303100585937 0.192977905273438
-0.31982421875 0.519287109375 -0.0751953125 0.225387573242188
-0.425201416015625 0.449615478515625 -0.0727996826171875 0.224685668945313
-0.530853271484375 0.260498046875 -0.019317626953125 0.174880981445313
-0.5765380859375 0.130126953125 -0.00785827636718755 0.169158935546875
-0.54864501953125 -0.18701171875 0.00215911865234372 0.126083374023438
-0.549072265625 -0.345367431640625 0.0148773193359375 0.17913818359375
-0.551361083984375 -0.366485595703125 -0.00613403320312501 0.301422119140625
-0.63037109375 -0.47674560546875 0.109207153320312 -0.0654678344726563
-0.62841796875 -0.327880859375 0.0265045166015625 0.134140014648438
-0.554779052734375 -0.22943115234375 0.213531494140625 0.137252807617188
-0.56549072265625 -0.0712890625000001 0.225021362304687 -0.002532958984375
-0.53363037109375 0.0726623535156249 0.1417236328125 -0.144119262695313
-0.519134521484375 0.329193115234375 -0.000328063964843774 -0.11279296875
-0.383819580078125 0.481781005859375 -0.0647087097167969 -0.0623893737792969
-0.345123291015625 0.48736572265625 -0.0411338806152344 -0.0213890075683593
-0.362091064453125 0.538818359375 -0.0126991271972657 0.0192661285400391
-0.452301025390625 0.4581298828125 0.0127105712890625 0.0580902099609375
-0.542266845703125 0.2550048828125 0.036895751953125 0.0740737915039063
-0.56903076171875 0.1383056640625 1.52587890624767E-05 0.12432861328125
-0.5455322265625 -0.15472412109375 -0.0636215209960938 0.0778732299804687
-0.58111572265625 -0.30621337890625 -0.147445678710938 0.0921630859375
-0.6063232421875 -0.363525390625 -0.18109130859375 0.138381958007812
-0.58807373046875 -0.4112548828125 -0.0675811767578125 -0.22589111328125
-0.5631103515625 -0.28009033203125 -0.08355712890625 0.00335693359374999
-0.473968505859375 -0.2144775390625 0.168182373046875 0.0569610595703125
-0.496917724609375 -0.102386474609375 0.227218627929687 -0.0795745849609375
-0.49371337890625 0.033477783203125 0.2030029296875 -0.210723876953125
-0.500732421875 0.282562255859375 0.10491943359375 -0.250045776367187
-0.37689208984375 0.423248291015625 0.0273284912109375 -0.2655029296875
-0.332489013671875 0.42962646484375 0.025421142578125 -0.230255126953125
-0.3541259765625 0.472412109375 0.052490234375 -0.176132202148438
-0.41693115234375 0.38238525390625 0.09100341796875 -0.0971145629882812
-0.4686279296875 0.189361572265625 0.0757598876953125 -0.0128173828125
-0.46527099609375 0.1060791015625 -0.0107955932617188 0.074066162109375
-0.451263427734375 -0.105133056640625 -0.1368408203125 0.0187606811523437
-0.523651123046875 -0.230133056640625 -0.29229736328125 -0.00558471679687502
-0.57501220703125 -0.3133544921875 -0.3441162109375 -0.0205078125
-0.450347900390625 -0.269256591796875 -0.211212158203125 -0.36871337890625
-0.397613525390625 -0.1802978515625 -0.176101684570313 -0.133071899414063
-0.305328369140625 -0.16461181640625 0.094390869140625 -0.0228500366210938
-0.339599609375 -0.113372802734375 0.206085205078125 -0.135391235351563
-0.368377685546875 -0.010711669921875 0.245285034179687 -0.255157470703125
-0.402252197265625 0.193511962890625 0.194976806640625 -0.36669921875
-0.3106689453125 0.301788330078125 0.11065673828125 -0.439697265625
-0.2703857421875 0.308441162109375 0.089752197265625 -0.40478515625
-0.295379638671875 0.333984375 0.116790771484375 -0.3275146484375
-0.321929931640625 0.24542236328125 0.157012939453125 -0.206771850585937
-0.327880859375 0.0949401855468751 0.0946426391601562 -0.0677947998046875
-0.301116943359375 0.06158447265625 -0.0348262786865235 0.0226192474365234
-0.30584716796875 -0.046356201171875 -0.1943359375 -0.0574798583984375
-0.40447998046875 -0.135467529296875 -0.385528564453125 -0.107574462890625
-0.469146728515625 -0.223602294921875 -0.469757080078125 -0.159423828125
-0.247116088867187 -0.0813903808593749 -0.300933837890625 -0.4627685546875
-0.176071166992188 -0.04632568359375 -0.232498168945312 -0.238052368164063
-0.10064697265625 -0.071258544921875 0.0216217041015625 -0.0833587646484375
-0.131462097167969 -0.0908660888671875 0.176193237304688 -0.168136596679688
-0.180709838867188 -0.044158935546875 0.260833740234375 -0.277023315429688
-0.234085083007813 0.07440185546875 0.2491455078125 -0.451263427734375
-0.194320678710938 0.129257202148437 0.167938232421875 -0.561737060546875
-0.166976928710937 0.142868041992188 0.140228271484375 -0.51611328125
-0.190338134765625 0.151397705078125 0.1695556640625 -0.41668701171875
-0.182968139648438 0.0858917236328125 0.20245361328125 -0.257949829101563
-0.150604248046875 0.0052337646484375 0.0899505615234375 -0.0904998779296875
-0.114524841308594 0.0266799926757813 -0.065948486328125 -0.0313224792480469
-0.149505615234375 0.019073486328125 -0.222320556640625 -0.141433715820312
-0.248291015625 -0.0284576416015625 -0.4173583984375 -0.20001220703125
-0.302703857421875 -0.10614013671875 -0.5462646484375 -0.265228271484375
0.0337905883789063 -0.0734786987304688 0.5738525390625 0.21575927734375
0.0464706420898438 -0.104560852050781 0.38568115234375 0.239166259765625
-0.0442123413085937 -0.0929946899414063 0.213088989257813 0.126785278320313
-0.0748825073242188 -0.0140609741210937 0.0959243774414063 0.0773773193359375
-0.0476150512695312 0.0310935974121094 -0.096405029296875 0.0614547729492188
0.00107192993164063 0.065216064453125 -0.241836547851562 0.2760009765625
0.036376953125 0.0663833618164063 -0.2083740234375 0.48779296875
0.0328903198242188 0.0454902648925781 -0.154052734375 0.55548095703125
0.0519447326660156 0.0474128723144531 -0.17462158203125 0.57037353515625
0.0233917236328125 0.0748138427734375 -0.2540283203125 0.476287841796875
-0.0223922729492188 0.0880279541015625 -0.1993408203125 0.32415771484375
-0.0704879760742187 0.0654067993164063 -0.10443115234375 0.205276489257812
-0.102188110351562 -0.0295181274414063 0.014129638671875 0.193984985351563
-0.0435256958007812 -0.0830307006835938 0.27154541015625 0.301910400390625
0.00210952758789062 -0.0287666320800781 0.2952880859375 0.57598876953125
-0.203384399414063 -0.220260620117187 0.535400390625 0.214935302734375
-0.175857543945312 -0.174362182617188 0.321746826171875 0.269317626953125
-0.217636108398437 -0.132614135742188 0.20843505859375 0.182388305664063
-0.24615478515625 -0.01470947265625 0.125633239746094 0.112335205078125
-0.21405029296875 0.0696868896484375 -0.0530624389648438 0.0397911071777344
-0.167739868164063 0.19097900390625 -0.224517822265625 0.231704711914063
-0.0947113037109375 0.250946044921875 -0.213958740234375 0.4365234375
-0.0930023193359375 0.230224609375 -0.15350341796875 0.506439208984375
-0.093505859375 0.2464599609375 -0.15771484375 0.528961181640625
-0.164627075195312 0.229202270507813 -0.2149658203125 0.45172119140625
-0.242294311523437 0.15203857421875 -0.147796630859375 0.30804443359375
-0.29058837890625 0.074615478515625 -0.06317138671875 0.209228515625
-0.293914794921875 -0.126678466796875 0.044586181640625 0.187850952148438
-0.254638671875 -0.227981567382812 0.24822998046875 0.294677734375
-0.221710205078125 -0.185623168945312 0.262176513671875 0.537872314453125
-0.41943359375 -0.35040283203125 0.438507080078125 0.165740966796875
-0.396728515625 -0.2437744140625 0.240020751953125 0.266769409179687
-0.393646240234375 -0.1693115234375 0.211151123046875 0.201248168945312
-0.4053955078125 -0.016571044921875 0.159255981445312 0.111083984375
-0.364471435546875 0.0981140136718749 0.00328111648559568 -0.00350236892700195
-0.322723388671875 0.28448486328125 -0.175933837890625 0.145919799804688
-0.21954345703125 0.393646240234375 -0.19366455078125 0.316619873046875
-0.206451416015625 0.382965087890625 -0.134490966796875 0.3795166015625
-0.214202880859375 0.416107177734375 -0.118194580078125 0.40655517578125
-0.31402587890625 0.3699951171875 -0.1468505859375 0.36651611328125
-0.41705322265625 0.225341796875 -0.078338623046875 0.256134033203125
-0.46734619140625 0.108856201171875 -0.023956298828125 0.196044921875
-0.458038330078125 -0.17694091796875 0.0414886474609375 0.160964965820312
-0.439239501953125 -0.3128662109375 0.1607666015625 0.246170043945312
-0.41595458984375 -0.295135498046875 0.157806396484375 0.437469482421875
-0.57647705078125 -0.43804931640625 0.288482666015625 0.06781005859375
-0.566162109375 -0.29473876953125 0.140792846679687 0.222091674804688
-0.525604248046875 -0.198974609375 0.221298217773437 0.183685302734375
-0.525482177734375 -0.025146484375 0.197586059570313 0.0672454833984375
-0.477142333984375 0.1085205078125 0.0684547424316406 -0.0697975158691406
-0.44232177734375 0.337615966796875 -0.0985488891601563 0.0261306762695313
-0.313720703125 0.478424072265625 -0.140365600585938 0.1422119140625
-0.287322998046875 0.4735107421875 -0.095184326171875 0.195327758789063
-0.300018310546875 0.52337646484375 -0.0677032470703125 0.225234985351563
-0.4051513671875 0.460357666015625 -0.0670166015625 0.223358154296875
-0.5206298828125 0.274749755859375 -0.0122833251953125 0.169570922851563
-0.56610107421875 0.14642333984375 0.000854492187499968 0.163436889648438
-0.55206298828125 -0.1728515625 0.00169372558593748 0.122383117675781
-0.557464599609375 -0.32635498046875 0.0209197998046875 0.173843383789062
-0.5521240234375 -0.3458251953125 0.00463867187499997 0.2987060546875
-0.63812255859375 -0.45361328125 0.109291076660156 -0.068756103515625
-0.6275634765625 -0.30206298828125 0.0290756225585937 0.134559631347656
-0.559234619140625 -0.21392822265625 0.211563110351562 0.128326416015625
-0.5635986328125 -0.0514526367187499 0.22308349609375 -0.0063018798828125
-0.526824951171875 0.0894470214843751 0.135238647460937 -0.147491455078125
-0.5028076171875 0.340850830078125 -0.00267791748046879 -0.112777709960937
-0.36614990234375 0.491302490234375 -0.0653038024902344 -0.059295654296875
-0.327484130859375 0.49310302734375 -0.0420150756835938 -0.0173759460449218
-0.341156005859375 0.54376220703125 -0.01141357421875 0.0201759338378907
-0.433868408203125 0.46923828125 0.0117034912109375 0.0557136535644532
-0.53167724609375 0.2694091796875 0.0410118103027343 0.0688514709472656
-0.558349609375 0.15374755859375 0.00770568847656247 0.119697570800781
-0.54925537109375 -0.139984130859375 -0.0650711059570313 0.0769424438476562
-0.58612060546875 -0.2850341796875 -0.141830444335938 0.0934906005859375
-0.607177734375 -0.341064453125 -0.171127319335938 0.143905639648437
-0.59466552734375 -0.388671875 -0.0687255859375001 -0.22137451171875
-0.56280517578125 -0.25726318359375 -0.0831527709960938 0.00814819335937497
-0.478424072265625 -0.20245361328125 0.165191650390625 0.0497589111328125
-0.49578857421875 -0.0854797363281251 0.220733642578125 -0.0814971923828125
-0.489227294921875 0.0484924316406249 0.193267822265625 -0.213836669921875
-0.487518310546875 0.2940673828125 0.0971832275390624 -0.249923706054687
-0.36151123046875 0.43212890625 0.0191802978515625 -0.261276245117188
-0.317230224609375 0.436126708984375 0.0185699462890625 -0.224639892578125
-0.334930419921875 0.47784423828125 0.048309326171875 -0.175033569335937
-0.3994140625 0.39190673828125 0.0850982666015625 -0.100234985351562
-0.459686279296875 0.20263671875 0.0770034790039062 -0.0168609619140625
-0.457916259765625 0.1195068359375 -0.00519561767578128 0.0713348388671875
-0.45184326171875 -0.0928955078124999 -0.138648986816406 0.0195083618164062
-0.52740478515625 -0.210479736328125 -0.287750244140625 0.00341796874999994
-0.5758056640625 -0.2921142578125 -0.336334228515625 -0.0067138671875
-0.454498291015625 -0.25384521484375 -0.21514892578125 -0.3587646484375
-0.394683837890625 -0.164764404296875 -0.179031372070313 -0.124984741210937
-0.3096923828125 -0.1571044921875 0.0911026000976562 -0.0269699096679688
-0.34210205078125 -0.102935791015625 0.197357177734375 -0.135208129882813
-0.365753173828125 0.00115966796875001 0.233657836914062 -0.256912231445313
-0.3917236328125 0.203094482421875 0.182220458984375 -0.366912841796875
-0.2999267578125 0.309295654296875 0.096160888671875 -0.43609619140625
-0.25836181640625 0.31353759765625 0.077056884765625 -0.398651123046875
-0.2811279296875 0.338775634765625 0.1085205078125 -0.32781982421875
-0.31170654296875 0.252899169921875 0.14825439453125 -0.21075439453125
-0.3231201171875 0.1038818359375 0.0935516357421875 -0.070892333984375
-0.293914794921875 0.069732666015625 -0.0310115814208985 0.0216903686523438
-0.304229736328125 -0.03668212890625 -0.196395874023438 -0.053375244140625
-0.405975341796875 -0.121337890625 -0.3817138671875 -0.093994140625
-0.469696044921875 -0.206085205078125 -0.464080810546875 -0.1409912109375
-0.246231079101563 -0.073272705078125 -0.30615234375 -0.449066162109375
-0.173828125 -0.039154052734375 -0.23712158203125 -0.228561401367188
-0.102348327636719 -0.0693435668945313 0.0174942016601562 -0.0839614868164063
-0.13446044921875 -0.0857391357421875 0.167587280273438 -0.167404174804688
-0.18121337890625 -0.0374603271484375 0.248550415039063 -0.27825927734375
-0.229476928710937 0.08099365234375 0.23272705078125 -0.450042724609375
-0.189773559570313 0.135604858398438 0.14898681640625 -0.55657958984375
-0.162002563476562 0.14630126953125 0.123291015625 -0.51153564453125
-0.183639526367188 0.155746459960937 0.157562255859375 -0.4156494140625
-0.17852783203125 0.091033935546875 0.192108154296875 -0.262237548828125
-0.1494140625 0.00883483886718748 0.0870895385742187 -0.0920333862304688
-0.111076354980469 0.0291976928710938 -0.0643272399902344 -0.0300521850585938
-0.147216796875 0.0242767333984375 -0.225326538085938 -0.134323120117187
-0.248046875 -0.0191192626953125 -0.416168212890625 -0.18524169921875
-0.302215576171875 -0.0952453613281249 -0.544586181640625 -0.24407958984375
0.0321197509765625 -0.0743942260742188 0.58221435546875 0.203369140625
0.0431976318359375 -0.107673645019531 0.39373779296875 0.23193359375
-0.0473251342773437 -0.0927276611328125 0.216812133789063 0.12457275390625
-0.0763320922851563 -0.0127792358398438 0.100753784179688 0.0747451782226563
-0.0489578247070313 0.0319366455078125 -0.0953140258789063 0.0621490478515625
0.0051116943359375 0.0676612854003906 -0.2364501953125 0.283477783203125
0.0397567749023437 0.0671958923339844 -0.1986083984375 0.496551513671875
0.0340499877929688 0.0445785522460938 -0.14337158203125 0.562744140625
0.0546493530273438 0.0458755493164063 -0.1632080078125 0.5816650390625
0.02752685546875 0.0749130249023438 -0.246307373046875 0.488983154296875
-0.0185165405273437 0.0917892456054688 -0.1944580078125 0.33050537109375
-0.0706329345703125 0.0673065185546875 -0.099151611328125 0.208572387695312
-0.106391906738281 -0.0279159545898438 0.022216796875 0.198623657226563
-0.0470733642578125 -0.0832061767578125 0.2835693359375 0.29833984375
0.00417900085449219 -0.0312137603759766 0.31195068359375 0.57513427734375
-0.212493896484375 -0.217819213867188 0.5457763671875 0.2030029296875
-0.183029174804687 -0.171615600585938 0.332061767578125 0.265533447265625
-0.225997924804688 -0.128631591796875 0.2125244140625 0.180450439453125
-0.249618530273438 -0.007720947265625 0.132736206054687 0.110336303710938
-0.215530395507813 0.0766754150390625 -0.0518226623535156 0.0386085510253906
-0.163299560546875 0.199478149414062 -0.2193603515625 0.238006591796875
-0.088775634765625 0.258758544921875 -0.206085205078125 0.44561767578125
-0.0883636474609375 0.23614501953125 -0.144775390625 0.515045166015625
-0.088043212890625 0.251693725585938 -0.14599609375 0.53790283203125
-0.159469604492188 0.237701416015625 -0.208221435546875 0.464508056640625
-0.241195678710937 0.162216186523438 -0.1416015625 0.312469482421875
-0.29296875 0.082366943359375 -0.0563812255859375 0.21063232421875
-0.304595947265625 -0.123565673828125 0.0505828857421875 0.191314697265625
-0.266860961914063 -0.225418090820313 0.259185791015625 0.2899169921875
-0.22552490234375 -0.185073852539062 0.277435302734375 0.537567138671875
-0.435760498046875 -0.34539794921875 0.446075439453125 0.154541015625
-0.407958984375 -0.23565673828125 0.248458862304687 0.265548706054688
-0.40655517578125 -0.163970947265625 0.21551513671875 0.200302124023438
-0.413177490234375 -0.00436401367187507 0.167007446289062 0.110092163085938
-0.367156982421875 0.110198974609375 0.00390720367431638 -0.00567436218261718
-0.319061279296875 0.298095703125 -0.171173095703125 0.149917602539063
-0.211151123046875 0.407073974609375 -0.187713623046875 0.3232421875
-0.199127197265625 0.392486572265625 -0.127197265625 0.387603759765625
-0.20721435546875 0.428497314453125 -0.10943603515625 0.413482666015625
-0.3072509765625 0.384552001953125 -0.14154052734375 0.375091552734375
-0.4193115234375 0.241943359375 -0.072723388671875 0.256484985351563
-0.47247314453125 0.121856689453125 -0.0174560546875 0.195724487304688
-0.473297119140625 -0.16961669921875 0.0446624755859375 0.16265869140625
-0.456512451171875 -0.30706787109375 0.16998291015625 0.242416381835938
-0.424652099609375 -0.291168212890625 0.170867919921875 0.439239501953125
-0.5965576171875 -0.4273681640625 0.29541015625 0.059906005859375
-0.5802001953125 -0.28424072265625 0.146865844726562 0.224349975585937
-0.5426025390625 -0.19097900390625 0.22454833984375 0.181259155273438
-0.533782958984375 -0.011077880859375 0.203811645507812 0.0657958984375
-0.48187255859375 0.122344970703125 0.068084716796875 -0.074127197265625
-0.440032958984375 0.354034423828125 -0.0972747802734375 0.026580810546875
-0.3077392578125 0.493804931640625 -0.138687133789063 0.147567749023438
-0.27960205078125 0.4884033203125 -0.092041015625 0.201187133789063
-0.290740966796875 0.537261962890625 -0.0624237060546875 0.229644775390625
-0.398223876953125 0.477325439453125 -0.0643463134765625 0.228103637695313
-0.521209716796875 0.295440673828125 -0.00654602050781254 0.167724609375
-0.572021484375 0.16259765625 0.00828552246093746 0.161911010742188
-0.56976318359375 -0.16278076171875 0.00188446044921871 0.123703002929688
-0.57720947265625 -0.317626953125 0.0272064208984375 0.173797607421875
-0.5650634765625 -0.33770751953125 0.0135498046875 0.303009033203125
-0.6612548828125 -0.4415283203125 0.112159729003906 -0.074554443359375
-0.64422607421875 -0.2886962890625 0.0322799682617187 0.137596130371094
-0.57904052734375 -0.205078125 0.213836669921875 0.124618530273437
-0.57281494140625 -0.036865234375 0.226730346679687 -0.007965087890625
-0.531982421875 0.105010986328125 0.133407592773437 -0.153427124023438
-0.50189208984375 0.358154296875 -0.00406646728515629 -0.116004943847656
-0.359588623046875 0.510101318359375 -0.0678367614746094 -0.0571517944335937
-0.319366455078125 0.5067138671875 -0.0428619384765625 -0.0136642456054687
-0.3311767578125 0.560699462890625 -0.00971221923828128 0.0203742980957032
-0.42578125 0.4871826171875 0.0111427307128906 0.0554122924804688
-0.5347900390625 0.29046630859375 0.0454444885253906 0.0651741027832031
-0.56365966796875 0.17108154296875 0.0138626098632812 0.116661071777344
-0.5643310546875 -0.13006591796875 -0.0680465698242188 0.0783309936523437
-0.60589599609375 -0.27545166015625 -0.140541076660156 0.0970840454101563
-0.62176513671875 -0.3302001953125 -0.16693115234375 0.150909423828125
-0.6131591796875 -0.3787841796875 -0.0711059570312501 -0.225082397460938
-0.5758056640625 -0.2449951171875 -0.0853652954101563 0.0138320922851562
-0.494476318359375 -0.1944580078125 0.165679931640625 0.045684814453125
-0.506927490234375 -0.073394775390625 0.222366333007812 -0.0834808349609375
-0.49468994140625 0.0630798339843749 0.1907958984375 -0.220184326171875
-0.48760986328125 0.310638427734375 0.09332275390625 -0.256301879882813
-0.35693359375 0.4500732421875 0.0132598876953125 -0.262741088867188
-0.310150146484375 0.4500732421875 0.0143280029296875 -0.224960327148437
-0.32708740234375 0.49273681640625 0.0471954345703125 -0.178604125976562
-0.39434814453125 0.409942626953125 0.082183837890625 -0.104141235351562
-0.463470458984375 0.218353271484375 0.0798416137695312 -0.0226364135742187
-0.4593505859375 0.132415771484375 0.000114440917968719 0.0685272216796875
-0.463287353515625 -0.0837402343749999 -0.143936157226563 0.021453857421875
-0.543548583984375 -0.1986083984375 -0.290008544921875 0.00930786132812503
-0.58978271484375 -0.28125 -0.335235595703125 0.00210571289062502
-0.467498779296875 -0.2452392578125 -0.2225341796875 -0.36016845703125
-0.40338134765625 -0.1568603515625 -0.185653686523438 -0.120407104492188
-0.319671630859375 -0.154083251953125 0.0888900756835938 -0.0303192138671875
-0.349884033203125 -0.0947570800781249 0.196762084960937 -0.137405395507813
-0.3726806640625 0.01116943359375 0.23052978515625 -0.262405395507813
-0.3935546875 0.216400146484375 0.175811767578125 -0.3741455078125
-0.295318603515625 0.324249267578125 0.087432861328125 -0.44183349609375
-0.253204345703125 0.326446533203125 0.069427490234375 -0.401702880859375
-0.276580810546875 0.351837158203125 0.103851318359375 -0.3348388671875
-0.307281494140625 0.265411376953125 0.144454956054687 -0.2176513671875
-0.3255615234375 0.1141357421875 0.09564208984375 -0.0752105712890625
-0.295013427734375 0.07830810546875 -0.0277767181396485 0.0201663970947266
-0.31134033203125 -0.0296020507812501 -0.203750610351563 -0.050506591796875
-0.416168212890625 -0.108795166015625 -0.388275146484375 -0.0843811035156249
-0.4798583984375 -0.19659423828125 -0.468475341796875 -0.12969970703125
-0.25152587890625 -0.0691070556640625 -0.316650390625 -0.449371337890625
-0.17572021484375 -0.034942626953125 -0.247909545898438 -0.226104736328125
-0.106300354003906 -0.0696945190429688 0.0136489868164062 -0.0856857299804687
-0.138900756835938 -0.083282470703125 0.1651611328125 -0.168930053710938
-0.18585205078125 -0.0327301025390625 0.2451171875 -0.284271240234375
-0.23046875 0.087982177734375 0.224761962890625 -0.458831787109375
-0.189727783203125 0.145263671875 0.138427734375 -0.5640869140625
-0.160781860351562 0.152496337890625 0.11346435546875 -0.5169677734375
-0.181411743164063 0.162445068359375 0.150604248046875 -0.42578125
-0.17779541015625 0.09765625 0.187393188476563 -0.270645141601563
-0.152938842773438 0.0128173828125 0.0880889892578125 -0.0960769653320313
-0.110527038574219 0.032379150390625 -0.0645675659179688 -0.0306510925292969
-0.148330688476563 0.0295867919921875 -0.2340087890625 -0.132675170898438
-0.253326416015625 -0.01007080078125 -0.422882080078125 -0.174774169921875
-0.309295654296875 -0.088531494140625 -0.552978515625 -0.23095703125
0.0306472778320313 -0.0769424438476562 0.6029052734375 0.1871337890625
0.0394821166992188 -0.113174438476563 0.4149169921875 0.22174072265625
-0.0533828735351562 -0.0942840576171875 0.228363037109375 0.12066650390625
-0.080169677734375 -0.00959014892578124 0.109184265136719 0.0711898803710937
-0.0505409240722656 0.0356636047363281 -0.095855712890625 0.0669174194335938
0.010009765625 0.0705184936523438 -0.229736328125 0.301971435546875
0.0456771850585938 0.06781005859375 -0.184295654296875 0.517181396484375
0.0380897521972656 0.0452537536621094 -0.1265869140625 0.58502197265625
0.0589218139648437 0.0440292358398438 -0.14447021484375 0.60791015625
0.0330352783203125 0.075469970703125 -0.23480224609375 0.516632080078125
-0.0141983032226563 0.0966873168945313 -0.1865234375 0.347320556640625
-0.0696334838867188 0.0721511840820312 -0.091522216796875 0.218521118164063
-0.112823486328125 -0.0227432250976562 0.03558349609375 0.207611083984375
-0.0529556274414062 -0.0847396850585938 0.30853271484375 0.292572021484375
0.0058441162109375 -0.0347957611083984 0.34698486328125 0.5789794921875
-0.229934692382813 -0.213531494140625 0.5687255859375 0.1849365234375
-0.19677734375 -0.16796875 0.352081298828125 0.260406494140625
-0.242080688476563 -0.123458862304687 0.224273681640625 0.179229736328125
-0.258010864257813 0.00440979003906249 0.144500732421875 0.108871459960938
-0.220504760742188 0.0907135009765625 -0.0514030456542969 0.0407066345214844
-0.157745361328125 0.214614868164063 -0.213424682617188 0.253082275390625
-0.078094482421875 0.272430419921875 -0.194366455078125 0.466217041015625
-0.0804290771484375 0.248870849609375 -0.12744140625 0.536651611328125
-0.0792388916015625 0.264602661132813 -0.128631591796875 0.56207275390625
-0.152572631835938 0.2525634765625 -0.195343017578125 0.489105224609375
-0.241317749023437 0.180038452148438 -0.1307373046875 0.325347900390625
-0.30023193359375 0.0975341796875 -0.0475006103515625 0.217864990234375
-0.32342529296875 -0.11370849609375 0.0626678466796875 0.197738647460938
-0.287994384765625 -0.22216796875 0.282470703125 0.28607177734375
-0.238021850585938 -0.183349609375 0.308868408203125 0.54296875
-0.46673583984375 -0.3349609375 0.467529296875 0.138275146484375
-0.43121337890625 -0.225311279296875 0.266326904296875 0.264129638671875
-0.4320068359375 -0.149932861328125 0.226959228515625 0.199172973632813
-0.42626953125 0.0154724121093749 0.179458618164062 0.107757568359375
-0.374969482421875 0.131256103515625 0.00475358963012693 -0.00852346420288085
-0.3148193359375 0.322296142578125 -0.168670654296875 0.158828735351563
-0.19879150390625 0.430755615234375 -0.179901123046875 0.340423583984375
-0.186767578125 0.415618896484375 -0.11541748046875 0.40570068359375
-0.19537353515625 0.451812744140625 -0.09564208984375 0.431884765625
-0.298797607421875 0.411712646484375 -0.129730224609375 0.39373779296875
-0.421630859375 0.27154541015625 -0.06280517578125 0.26470947265625
-0.485260009765625 0.146148681640625 -0.00645446777343755 0.199066162109375
-0.501953125 -0.155242919921875 0.0536956787109375 0.16766357421875
-0.488311767578125 -0.2972412109375 0.187667846679687 0.240585327148437
-0.449005126953125 -0.28546142578125 0.19683837890625 0.446319580078125
-0.63665771484375 -0.41497802734375 0.30828857421875 0.046844482421875
-0.61090087890625 -0.2659912109375 0.161285400390625 0.227813720703125
-0.575439453125 -0.17437744140625 0.235519409179688 0.179702758789063
-0.553741455078125 0.0145874023437499 0.215850830078125 0.0612030029296875
-0.49163818359375 0.1502685546875 0.0673675537109375 -0.0814132690429687
-0.43719482421875 0.38555908203125 -0.09783935546875 0.028228759765625
-0.293609619140625 0.5260009765625 -0.1373291015625 0.158065795898438
-0.266357421875 0.517059326171875 -0.0859375 0.21282958984375
-0.27618408203125 0.5693359375 -0.054931640625 0.239334106445313
-0.387359619140625 0.5137939453125 -0.057464599609375 0.238861083984375
-0.52655029296875 0.330230712890625 0.00170898437499997 0.169326782226563
-0.5838623046875 0.19329833984375 0.0188751220703125 0.162506103515625
-0.60076904296875 -0.14471435546875 0.0052566528320312 0.128509521484375
-0.6153564453125 -0.30328369140625 0.0363311767578125 0.1756591796875
-0.595458984375 -0.3280029296875 0.0306396484374999 0.312896728515625
-0.7054443359375 -0.427734375 0.114891052246094 -0.0847930908203125
-0.6771240234375 -0.26898193359375 0.0390472412109374 0.143829345703125
-0.61346435546875 -0.1873779296875 0.222183227539063 0.120101928710938
-0.5943603515625 -0.0101318359375 0.236038208007813 -0.0146942138671875
-0.544921875 0.133209228515625 0.131317138671875 -0.164581298828125
-0.501708984375 0.392303466796875 -0.00808715820312502 -0.122039794921875
-0.349456787109375 0.545440673828125 -0.0718231201171875 -0.0547256469726562
-0.30572509765625 0.53778076171875 -0.0433120727539063 -0.00949478149414059
-0.31707763671875 0.59466552734375 -0.00851440429687502 0.0202522277832032
-0.41839599609375 0.5240478515625 0.013824462890625 0.05706787109375
-0.541534423828125 0.32501220703125 0.0509147644042968 0.0608291625976563
-0.57470703125 0.201416015625 0.0230712890625 0.115707397460938
-0.59283447265625 -0.10980224609375 -0.0698471069335938 0.083251953125
-0.6429443359375 -0.25689697265625 -0.139984130859375 0.103843688964844
-0.6539306640625 -0.31591796875 -0.161453247070313 0.1639404296875
-0.65167236328125 -0.36419677734375 -0.0796051025390626 -0.233078002929688
-0.60394287109375 -0.22650146484375 -0.0879364013671875 0.0197982788085937
-0.524200439453125 -0.18389892578125 0.170257568359375 0.04107666015625
-0.528167724609375 -0.05218505859375 0.227737426757812 -0.0916595458984375
-0.5098876953125 0.0870361328124999 0.187423706054688 -0.234573364257813
-0.491180419921875 0.342193603515625 0.087127685546875 -0.268325805664063
-0.349761962890625 0.48333740234375 0.00440979003906245 -0.268905639648437
-0.30157470703125 0.478515625 0.00712585449218749 -0.22906494140625
-0.31494140625 0.523681640625 0.0422515869140625 -0.188858032226562
-0.38763427734375 0.440704345703125 0.0796737670898437 -0.1114501953125
-0.470245361328125 0.24853515625 0.0836334228515625 -0.0300750732421875
-0.46795654296875 0.157196044921875 0.00632095336914059 0.0665130615234375
-0.485870361328125 -0.06561279296875 -0.151107788085938 0.0283660888671875
-0.5731201171875 -0.17919921875 -0.298065185546875 0.0220947265625
-0.62060546875 -0.26397705078125 -0.342132568359375 0.01837158203125
-0.4937744140625 -0.232940673828125 -0.242156982421875 -0.365386962890625
-0.423095703125 -0.142242431640625 -0.198348999023438 -0.11468505859375
-0.341339111328125 -0.147979736328125 0.0886306762695312 -0.0352249145507813
-0.36810302734375 -0.08270263671875 0.1983642578125 -0.146209716796875
-0.384796142578125 0.028839111328125 0.2274169921875 -0.27899169921875
-0.397430419921875 0.24072265625 0.168121337890625 -0.3931884765625
-0.292205810546875 0.350372314453125 0.0728759765625 -0.4556884765625
-0.247833251953125 0.348388671875 0.05816650390625 -0.413848876953125
-0.27008056640625 0.376129150390625 0.09552001953125 -0.35174560546875
-0.305389404296875 0.288909912109375 0.138763427734375 -0.23162841796875
-0.333038330078125 0.133453369140625 0.0973052978515625 -0.08514404296875
-0.299346923828125 0.0949401855468749 -0.0256195068359375 0.018585205078125
-0.32373046875 -0.0155029296875 -0.2159423828125 -0.0430908203125
-0.437713623046875 -0.09039306640625 -0.402008056640625 -0.0714111328125001
-0.505828857421875 -0.17962646484375 -0.4844970703125 -0.112396240234375
-0.263381958007813 -0.0606536865234375 -0.34222412109375 -0.45330810546875
-0.182113647460937 -0.028594970703125 -0.26739501953125 -0.220870971679687
-0.113754272460938 -0.0698089599609375 0.00902557373046874 -0.0890731811523438
-0.148086547851563 -0.0798187255859375 0.16339111328125 -0.177810668945313
-0.193649291992187 -0.02508544921875 0.24212646484375 -0.300537109375
-0.234710693359375 0.100753784179688 0.21380615234375 -0.478973388671875
-0.19024658203125 0.159927368164063 0.11968994140625 -0.5841064453125
-0.159698486328125 0.165130615234375 0.09722900390625 -0.53607177734375
-0.181655883789062 0.175918579101563 0.140625 -0.44769287109375
-0.17877197265625 0.108779907226563 0.181060791015625 -0.288238525390625
-0.156982421875 0.0200042724609375 0.0883026123046875 -0.104118347167969
-0.110420227050781 0.0391082763671875 -0.0671310424804688 -0.0314254760742187
-0.151702880859375 0.039520263671875 -0.249526977539063 -0.127044677734375
-0.263900756835938 0.00404357910156246 -0.442108154296875 -0.1610107421875
-0.324737548828125 -0.075225830078125 -0.57659912109375 -0.21331787109375
0.0280075073242188 -0.0797195434570313 0.63177490234375 0.1483154296875
0.0325164794921875 -0.119819641113281 0.440460205078125 0.19720458984375
-0.0629501342773438 -0.092926025390625 0.241317749023438 0.110092163085938
-0.083526611328125 -0.00375366210937499 0.119010925292969 0.0648422241210938
-0.0505104064941406 0.041595458984375 -0.0939178466796875 0.0749130249023438
0.0191116333007813 0.0723114013671875 -0.2132568359375 0.3253173828125
0.0537910461425781 0.0660820007324219 -0.152313232421875 0.545074462890625
0.0437889099121094 0.0442390441894531 -0.08892822265625 0.60980224609375
0.0643272399902344 0.04071044921875 -0.10552978515625 0.63604736328125
0.0411911010742188 0.0748367309570313 -0.202362060546875 0.54931640625
-0.00550079345703125 0.100936889648438 -0.16754150390625 0.3682861328125
-0.0677719116210937 0.0797805786132813 -0.07647705078125 0.22998046875
-0.119354248046875 -0.0146408081054688 0.0575103759765625 0.212738037109375
-0.061614990234375 -0.0836868286132812 0.339111328125 0.27728271484375
0.00614547729492188 -0.0394668579101563 0.3978271484375 0.57049560546875
-0.252792358398438 -0.200393676757813 0.5972900390625 0.1495361328125
-0.2144775390625 -0.15740966796875 0.379913330078125 0.24224853515625
-0.260604858398438 -0.108154296875 0.241302490234375 0.171768188476562
-0.2655029296875 0.0244140625 0.1588134765625 0.10150146484375
-0.220458984375 0.110519409179688 -0.0500030517578125 0.0427742004394531
-0.144027709960937 0.232620239257813 -0.200088500976562 0.273284912109375
-0.0577392578125 0.28680419921875 -0.16619873046875 0.491485595703125
-0.06280517578125 0.261611938476563 -0.093780517578125 0.560455322265625
-0.061431884765625 0.278900146484375 -0.09234619140625 0.58734130859375
-0.1358642578125 0.271255493164063 -0.165496826171875 0.519317626953125
-0.234375 0.205413818359375 -0.111053466796875 0.341400146484375
-0.30267333984375 0.12261962890625 -0.0303802490234375 0.22430419921875
-0.3446044921875 -0.09356689453125 0.0832061767578125 0.2008056640625
-0.31549072265625 -0.208740234375 0.31298828125 0.271575927734375
-0.256744384765625 -0.175872802734375 0.35760498046875 0.535400390625
-0.507568359375 -0.30810546875 0.488861083984375 0.1082763671875
-0.461639404296875 -0.198089599609375 0.292724609375 0.2532958984375
-0.461944580078125 -0.122711181640625 0.244720458984375 0.192092895507813
-0.4371337890625 0.0491333007812499 0.195785522460937 0.0989532470703125
-0.375213623046875 0.16546630859375 0.00382709503173826 -0.0117158889770508
-0.29803466796875 0.356231689453125 -0.1619873046875 0.172317504882813
-0.16998291015625 0.45953369140625 -0.160919189453125 0.362213134765625
-0.160491943359375 0.441864013671875 -0.088104248046875 0.425689697265625
-0.167449951171875 0.48028564453125 -0.06756591796875 0.450714111328125
-0.274169921875 0.446746826171875 -0.10467529296875 0.416046142578125
-0.415985107421875 0.313751220703125 -0.045501708984375 0.27301025390625
-0.488861083984375 0.188934326171875 0.0103607177734375 0.200851440429687
-0.532196044921875 -0.123779296875 0.0689239501953124 0.169677734375
-0.529388427734375 -0.26983642578125 0.212387084960937 0.230621337890625
-0.482086181640625 -0.264404296875 0.237060546875 0.445526123046875
-0.69024658203125 -0.378662109375 0.320587158203125 0.02288818359375
-0.64862060546875 -0.22686767578125 0.182220458984375 0.224395751953125
-0.612548828125 -0.13409423828125 0.2523193359375 0.170974731445313
-0.568603515625 0.0590820312500001 0.230331420898437 0.04913330078125
-0.495635986328125 0.191192626953125 0.0637969970703125 -0.0912399291992187
-0.42059326171875 0.428985595703125 -0.0988922119140625 0.032684326171875
-0.2630615234375 0.56591796875 -0.129913330078125 0.172744750976563
-0.234710693359375 0.5498046875 -0.0713043212890625 0.226608276367188
-0.240966796875 0.607421875 -0.03948974609375 0.249725341796875
-0.358917236328125 0.557037353515625 -0.0419158935546875 0.250900268554688
-0.518341064453125 0.382781982421875 0.0152587890625 0.169509887695313
-0.5875244140625 0.24444580078125 0.0337066650390625 0.16064453125
-0.6324462890625 -0.103759765625 0.0144882202148437 0.1322021484375
-0.66009521484375 -0.26617431640625 0.0510406494140625 0.175033569335937
-0.63482666015625 -0.29571533203125 0.0567626953125 0.320037841796875
-0.761474609375 -0.38690185546875 0.113044738769531 -0.0995101928710938
-0.7169189453125 -0.222900390625 0.0503692626953125 0.148300170898438
-0.65325927734375 -0.148193359375 0.235519409179687 0.109771728515625
-0.61431884765625 0.03424072265625 0.244537353515625 -0.02972412109375
-0.551849365234375 0.17950439453125 0.123626708984375 -0.181350708007813
-0.489654541015625 0.441802978515625 -0.017608642578125 -0.126861572265625
-0.31890869140625 0.588623046875 -0.0771865844726563 -0.0495834350585937
-0.2735595703125 0.57647705078125 -0.0422439575195313 -0.00416946411132809
-0.28277587890625 0.63702392578125 -0.00740432739257814 0.0194454193115235
-0.38897705078125 0.57147216796875 0.0177841186523437 0.0574760437011719
-0.53570556640625 0.377777099609375 0.0581398010253906 0.0539360046386719
-0.5777587890625 0.25042724609375 0.0350265502929687 0.111289978027344
-0.6224365234375 -0.07000732421875 -0.0678634643554688 0.0911331176757813
-0.684814453125 -0.2158203125 -0.135948181152344 0.115188598632813
-0.6949462890625 -0.27862548828125 -0.150680541992188 0.181503295898437
-0.703369140625 -0.32696533203125 -0.0977783203125 -0.238128662109375
-0.6392822265625 -0.18731689453125 -0.0892868041992188 0.0291061401367187
-0.5611572265625 -0.151947021484375 0.17572021484375 0.030120849609375
-0.548675537109375 -0.014007568359375 0.230621337890625 -0.10882568359375
-0.517974853515625 0.127593994140625 0.176666259765625 -0.256698608398438
-0.482177734375 0.389251708984375 0.07135009765625 -0.284271240234375
-0.32275390625 0.52655029296875 -0.01300048828125 -0.274398803710938
-0.272674560546875 0.514984130859375 -0.00491333007812504 -0.2332763671875
-0.28662109375 0.56439208984375 0.0298919677734375 -0.199325561523437
-0.36529541015625 0.483367919921875 0.0732574462890625 -0.120925903320312
-0.46771240234375 0.29302978515625 0.0855178833007812 -0.041259765625
-0.469573974609375 0.197509765625 0.0139312744140625 0.0625228881835938
-0.505645751953125 -0.03106689453125 -0.157028198242188 0.04022216796875
-0.60546875 -0.14080810546875 -0.303680419921875 0.042572021484375
-0.657958984375 -0.224365234375 -0.34588623046875 0.04388427734375
-0.52850341796875 -0.20367431640625 -0.2745361328125 -0.363433837890625
-0.44476318359375 -0.11395263671875 -0.213088989257812 -0.101730346679688
-0.367279052734375 -0.1280517578125 0.0869979858398437 -0.04229736328125
-0.385711669921875 -0.0570373535156249 0.19525146484375 -0.162277221679688
-0.394287109375 0.05828857421875 0.215667724609375 -0.302978515625
-0.394012451171875 0.276092529296875 0.1461181640625 -0.41705322265625
-0.274993896484375 0.386138916015625 0.046356201171875 -0.471099853515625
-0.231353759765625 0.37774658203125 0.03436279296875 -0.42803955078125
-0.250701904296875 0.407928466796875 0.073333740234375 -0.371734619140625
-0.29278564453125 0.319610595703125 0.125 -0.249359130859375
-0.33306884765625 0.162139892578125 0.0956268310546875 -0.0977020263671875
-0.29931640625 0.120147705078125 -0.0233612060546875 0.0160675048828125
-0.333831787109375 0.00997924804687504 -0.228469848632813 -0.0293731689453125
-0.458282470703125 -0.0554199218749999 -0.417633056640625 -0.0447998046875001
-0.53466796875 -0.1470947265625 -0.50189208984375 -0.0785522460937499
-0.277236938476562 -0.043548583984375 -0.382354736328125 -0.444854736328125
-0.189224243164063 -0.0159149169921875 -0.29388427734375 -0.20709228515625
-0.124778747558594 -0.0646743774414062 0.00107574462890624 -0.0925445556640625
-0.1595458984375 -0.07257080078125 0.155242919921875 -0.1929931640625
-0.201248168945312 -0.01092529296875 0.228851318359375 -0.323760986328125
-0.235549926757812 0.120712280273437 0.187469482421875 -0.506195068359375
-0.183944702148438 0.180557250976562 0.08526611328125 -0.6072998046875
-0.153701782226563 0.182052612304688 0.06585693359375 -0.557342529296875
-0.174209594726563 0.194656372070313 0.11395263671875 -0.473876953125
-0.175521850585938 0.124954223632813 0.164459228515625 -0.310760498046875
-0.16082763671875 0.031707763671875 0.0842056274414062 -0.115478515625
-0.108772277832031 0.0484771728515625 -0.0711898803710938 -0.031036376953125
-0.15179443359375 0.0540771484375 -0.2685546875 -0.11358642578125
-0.271514892578125 0.0282440185546875 -0.46466064453125 -0.13299560546875
-0.341522216796875 -0.05120849609375 -0.6055908203125 -0.17706298828125
0.0225830078125 -0.0822067260742188 0.64361572265625 0.09320068359375
0.0219802856445312 -0.123908996582031 0.456939697265625 0.15704345703125
-0.072052001953125 -0.0875167846679687 0.249923706054688 0.092071533203125
-0.084228515625 0.00428771972656252 0.126663208007813 0.0548019409179688
-0.0478057861328125 0.0473861694335938 -0.0874176025390625 0.08258056640625
0.0279426574707031 0.0701484680175781 -0.183319091796875 0.34417724609375
0.0619697570800781 0.0610122680664063 -0.10845947265625 0.559600830078125
0.0491409301757812 0.0404510498046875 -0.03778076171875 0.6181640625
0.0693206787109375 0.0344505310058594 -0.0480957031249999 0.64697265625
0.0498046875 0.0705337524414063 -0.15057373046875 0.56829833984375
0.0056915283203125 0.102508544921875 -0.13238525390625 0.382598876953125
-0.0612716674804688 0.0858078002929688 -0.0531463623046875 0.234512329101562
-0.122146606445313 -0.00327301025390628 0.083648681640625 0.208480834960938
-0.0698318481445313 -0.0791015625 0.366668701171875 0.243804931640625
0.003753662109375 -0.0444374084472656 0.448516845703125 0.535919189453125
-0.270278930664063 -0.175674438476562 0.609130859375 0.097412109375
-0.227523803710938 -0.137893676757812 0.399383544921875 0.209228515625
-0.274169921875 -0.0834197998046876 0.2550048828125 0.153976440429688
-0.263107299804688 0.0504302978515624 0.171112060546875 0.08819580078125
-0.210891723632813 0.132278442382813 -0.0460166931152344 0.04559326171875
-0.120574951171875 0.246170043945312 -0.17620849609375 0.288604736328125
-0.029815673828125 0.291778564453125 -0.1243896484375 0.505584716796875
-0.03778076171875 0.266998291015625 -0.04559326171875 0.5689697265625
-0.0345458984375 0.2850341796875 -0.0400390625 0.5958251953125
-0.109375 0.284515380859375 -0.1153564453125 0.534637451171875
-0.2147216796875 0.22882080078125 -0.080535888671875 0.3489990234375
-0.2930908203125 0.150970458984375 -0.00750732421875002 0.223037719726563
-0.35601806640625 -0.062042236328125 0.106185913085938 0.193405151367188
-0.337310791015625 -0.180419921875 0.339691162109375 0.23992919921875
-0.271331787109375 -0.156890869140625 0.40716552734375 0.5045166015625
-0.536712646484375 -0.259368896484375 0.49859619140625 0.063934326171875
-0.479095458984375 -0.1549072265625 0.315521240234375 0.22845458984375
-0.478424072265625 -0.077423095703125 0.260269165039062 0.175018310546875
-0.433837890625 0.0913696289062499 0.208221435546875 0.08270263671875
-0.3602294921875 0.1990966796875 0.00236320495605467 -0.0143003463745117
-0.26544189453125 0.383270263671875 -0.146957397460938 0.184524536132813
-0.1253662109375 0.475616455078125 -0.129241943359375 0.37640380859375
-0.119873046875 0.455535888671875 -0.0511474609375 0.43316650390625
-0.12188720703125 0.497467041015625 -0.0277099609375 0.45751953125
-0.232177734375 0.47412109375 -0.06597900390625 0.4266357421875
-0.388092041015625 0.352935791015625 -0.020477294921875 0.274002075195313
-0.472503662109375 0.234344482421875 0.0305938720703125 0.1947021484375
-0.547760009765625 -0.0738525390624999 0.0869598388671875 0.163558959960938
-0.55828857421875 -0.22259521484375 0.232772827148437 0.2088623046875
-0.507171630859375 -0.223876953125 0.27923583984375 0.423553466796875
-0.728759765625 -0.312255859375 0.323028564453125 -0.00747680664062502
-0.66912841796875 -0.1650390625 0.201950073242188 0.210433959960938
-0.63299560546875 -0.0770263671875001 0.265487670898437 0.151351928710938
-0.56396484375 0.1138916015625 0.238983154296875 0.0298919677734375
-0.476348876953125 0.23846435546875 0.05499267578125 -0.100044250488281
-0.382904052734375 0.468994140625 -0.0974960327148438 0.0388641357421875
-0.20953369140625 0.5904541015625 -0.1142578125 0.184768676757813
-0.18524169921875 0.57171630859375 -0.04986572265625 0.233154296875
-0.185546875 0.630615234375 -0.0179595947265625 0.252655029296875
-0.30584716796875 0.5928955078125 -0.0186309814453125 0.255783081054688
-0.485748291015625 0.432891845703125 0.0305633544921875 0.164230346679688
-0.56695556640625 0.29888916015625 0.0502014160156249 0.151702880859375
-0.64813232421875 -0.0463256835937501 0.027069091796875 0.131202697753906
-0.6898193359375 -0.20538330078125 0.0663909912109375 0.168212890625
-0.6619873046875 -0.2401123046875 0.0887756347656249 0.315399169921875
-0.800537109375 -0.3154296875 0.104209899902344 -0.113174438476563
-0.73834228515625 -0.1561279296875 0.063720703125 0.14617919921875
-0.67535400390625 -0.08502197265625 0.242431640625 0.09136962890625
-0.61077880859375 0.09259033203125 0.2447509765625 -0.0515594482421875
-0.5340576171875 0.2293701171875 0.106521606445312 -0.194076538085938
-0.451202392578125 0.487152099609375 -0.030029296875 -0.127861022949219
-0.2633056640625 0.61993408203125 -0.0801315307617188 -0.0423507690429687
-0.22296142578125 0.6009521484375 -0.039947509765625 -0.000419616699218709
-0.2257080078125 0.665283203125 -0.00673294067382814 0.0193748474121094
-0.33648681640625 0.60760498046875 0.0231666564941406 0.0560417175292969
-0.501312255859375 0.430145263671875 0.0634307861328125 0.0432510375976563
-0.55548095703125 0.305450439453125 0.0462799072265625 0.101966857910156
-0.63232421875 -0.0112915039062501 -0.0607070922851563 0.0979385375976562
-0.70849609375 -0.15106201171875 -0.125724792480469 0.125709533691406
-0.7227783203125 -0.21600341796875 -0.1300048828125 0.194625854492188
-0.73687744140625 -0.26043701171875 -0.118637084960938 -0.233963012695312
-0.657470703125 -0.12591552734375 -0.0879287719726563 0.040435791015625
-0.58245849609375 -0.0979003906250001 0.176666259765625 0.015594482421875
-0.5516357421875 0.036346435546875 0.222305297851562 -0.129119873046875
-0.5052490234375 0.17462158203125 0.152725219726562 -0.273101806640625
-0.450897216796875 0.433319091796875 0.0458984374999999 -0.29229736328125
-0.2752685546875 0.556976318359375 -0.03485107421875 -0.27294921875
-0.22796630859375 0.53924560546875 -0.022186279296875 -0.232620239257812
-0.23638916015625 0.59307861328125 0.0118408203125 -0.204864501953125
-0.321685791015625 0.517852783203125 0.0612030029296875 -0.127853393554687
-0.4427490234375 0.336944580078125 0.082275390625 -0.0538482666015625
-0.45068359375 0.242156982421875 0.0205841064453125 0.0554122924804688
-0.5106201171875 0.0158691406250001 -0.155548095703125 0.05474853515625
-0.62152099609375 -0.0810546875 -0.299713134765625 0.069732666015625
-0.67987060546875 -0.163330078125 -0.337188720703125 0.075653076171875
-0.553192138671875 -0.1533203125 -0.30657958984375 -0.344207763671875
-0.455718994140625 -0.072845458984375 -0.223403930664063 -0.0803375244140625
-0.38543701171875 -0.094512939453125 0.0812911987304687 -0.0500335693359375
-0.392669677734375 -0.0225219726562499 0.181716918945312 -0.17938232421875
-0.389617919921875 0.0938720703124999 0.18792724609375 -0.32232666015625
-0.371551513671875 0.31365966796875 0.111846923828125 -0.43023681640625
-0.240203857421875 0.41253662109375 0.00711059570312501 -0.475128173828125
-0.19793701171875 0.39849853515625 0.00140380859374997 -0.429962158203125
-0.214813232421875 0.43212890625 0.03900146484375 -0.380401611328125
-0.263214111328125 0.346649169921875 0.101043701171875 -0.26141357421875
-0.3203125 0.19366455078125 0.08740234375 -0.110008239746094
-0.287017822265625 0.1468505859375 -0.021820068359375 0.0133934020996094
-0.3330078125 0.0428466796874999 -0.23468017578125 -0.00886535644531248
-0.465789794921875 -0.0100402832031249 -0.419830322265625 -0.00607299804687508
-0.5491943359375 -0.0947265625 -0.504974365234375 -0.033233642578125
-0.2843017578125 -0.017120361328125 -0.423492431640625 -0.416839599609375
-0.19049072265625 0.0027008056640625 -0.314727783203125 -0.17913818359375
-0.133613586425781 -0.0537261962890625 -0.00841522216796875 -0.0929031372070313
-0.167831420898438 -0.058197021484375 0.137725830078125 -0.206268310546875
-0.202835083007813 0.00744628906250003 0.200714111328125 -0.34356689453125
-0.22711181640625 0.143096923828125 0.1468505859375 -0.52325439453125
-0.168655395507812 0.199722290039062 0.03619384765625 -0.61376953125
-0.138031005859375 0.197830200195313 0.02099609375 -0.56298828125
-0.157745361328125 0.21173095703125 0.072021484375 -0.486663818359375
-0.164581298828125 0.140533447265625 0.134857177734375 -0.326080322265625
-0.158096313476563 0.045654296875 0.0746078491210937 -0.125312805175781
-0.102279663085938 0.0579833984375 -0.0754318237304688 -0.0277175903320312
-0.144744873046875 0.0704803466796875 -0.28179931640625 -0.0899658203125
-0.270172119140625 0.0576324462890625 -0.473968505859375 -0.0914001464843751
-0.34765625 -0.01641845703125 -0.617919921875 -0.12347412109375
0.0181121826171875 -0.08160400390625 0.62884521484375 0.0416259765625
0.0118255615234375 -0.124671936035156 0.451263427734375 0.116546630859375
-0.0776214599609375 -0.0792236328125 0.249237060546875 0.074859619140625
-0.0814743041992188 0.0108795166015625 0.129142761230469 0.0437164306640625
-0.043121337890625 0.0516738891601562 -0.0781936645507813 0.0864486694335937
0.0349502563476563 0.0654067993164063 -0.150634765625 0.34698486328125
0.0669517517089844 0.0533905029296875 -0.063873291015625 0.550994873046875
0.0520362854003906 0.0350456237792969 0.00872802734375005 0.60382080078125
0.0713882446289063 0.02728271484375 0.00317382812499996 0.63116455078125
0.0558509826660156 0.0635833740234375 -0.100494384765625 0.56085205078125
0.0157546997070312 0.099884033203125 -0.098419189453125 0.378936767578125
-0.0531997680664063 0.0888214111328125 -0.0303497314453125 0.229034423828125
-0.119552612304688 0.00720977783203124 0.10479736328125 0.194580078125
-0.0747146606445312 -0.0726394653320313 0.375518798828125 0.204742431640625
0.000762939453124996 -0.0468902587890625 0.476654052734375 0.484466552734375
-0.27435302734375 -0.146499633789063 0.595703125 0.0482177734375
-0.231002807617188 -0.115310668945313 0.401611328125 0.170806884765625
-0.275314331054688 -0.056610107421875 0.25836181640625 0.134307861328125
-0.251312255859375 0.0710296630859375 0.176177978515625 0.072998046875
-0.193984985351563 0.146209716796875 -0.0411605834960938 0.0471153259277344
-0.09588623046875 0.24853515625 -0.149017333984375 0.29180908203125
-0.003204345703125 0.284423828125 -0.0858764648437501 0.501373291015625
-0.014312744140625 0.261627197265625 -0.00305175781250006 0.5550537109375
-0.01031494140625 0.279800415039062 0.00646972656250004 0.58258056640625
-0.08197021484375 0.28497314453125 -0.0694580078125 0.528350830078125
-0.189224243164063 0.240447998046875 -0.04962158203125 0.3406982421875
-0.273910522460938 0.169937133789063 0.0116424560546875 0.212478637695313
-0.352874755859375 -0.031341552734375 0.123260498046875 0.178115844726562
-0.345306396484375 -0.149444580078125 0.348724365234375 0.203582763671875
-0.276947021484375 -0.13458251953125 0.436279296875 0.4573974609375
-0.542236328125 -0.205291748046875 0.4879150390625 0.0224609375
-0.475921630859375 -0.11065673828125 0.32220458984375 0.198486328125
-0.47515869140625 -0.0333557128906251 0.265167236328125 0.154251098632812
-0.41357421875 0.126068115234375 0.212417602539063 0.06439208984375
-0.333251953125 0.222442626953125 -7.53402709961128E-05 -0.0161905288696289
-0.225616455078125 0.393402099609375 -0.1304931640625 0.18743896484375
-0.082763671875 0.47076416015625 -0.0986328125 0.376068115234375
-0.080535888671875 0.4498291015625 -0.017608642578125 0.4232177734375
-0.078033447265625 0.492218017578125 0.00729370117187496 0.446014404296875
-0.186065673828125 0.47845458984375 -0.028289794921875 0.419342041015625
-0.34759521484375 0.375701904296875 0.00157165527343749 0.26251220703125
-0.442230224609375 0.266326904296875 0.0466461181640625 0.1800537109375
-0.542327880859375 -0.0281372070312499 0.100311279296875 0.150665283203125
-0.564208984375 -0.17144775390625 0.243515014648437 0.181930541992187
-0.509735107421875 -0.181365966796875 0.306365966796875 0.388580322265625
-0.7327880859375 -0.24090576171875 0.3114013671875 -0.034698486328125
-0.66265869140625 -0.10430908203125 0.212203979492187 0.189895629882812
-0.62725830078125 -0.01861572265625 0.267578125 0.130844116210938
-0.538177490234375 0.1568603515625 0.236724853515625 0.0110931396484375
-0.441864013671875 0.267730712890625 0.04339599609375 -0.102424621582031
-0.335540771484375 0.48651123046875 -0.0938720703125 0.0430831909179688
-0.155517578125 0.58868408203125 -0.0980224609375 0.1883544921875
-0.1337890625 0.56756591796875 -0.03082275390625 0.229537963867188
-0.1287841796875 0.6298828125 0.000137329101562495 0.246261596679688
-0.24871826171875 0.600341796875 0.00326538085937501 0.249221801757813
-0.438446044921875 0.461944580078125 0.0420074462890625 0.151077270507813
-0.527923583984375 0.336517333984375 0.0612258911132812 0.135940551757813
-0.63543701171875 0.00701904296874999 0.0376739501953125 0.124313354492188
-0.69073486328125 -0.14312744140625 0.078460693359375 0.155731201171875
-0.66290283203125 -0.181884765625 0.1148681640625 0.298431396484375
-0.80645751953125 -0.23834228515625 0.0905532836914062 -0.120269775390625
-0.727294921875 -0.0895385742187501 0.0729217529296874 0.139312744140625
-0.66851806640625 -0.0227050781250001 0.2412109375 0.0734710693359375
-0.5865478515625 0.140869140625 0.235748291015625 -0.06903076171875
-0.4996337890625 0.263214111328125 0.0857696533203125 -0.197799682617187
-0.402679443359375 0.509429931640625 -0.0409011840820313 -0.124168395996094
-0.2069091796875 0.62286376953125 -0.080230712890625 -0.03460693359375
-0.17022705078125 0.59808349609375 -0.0364456176757813 0.00204467773437503
-0.166015625 0.663818359375 -0.00669479370117189 0.0177936553955079
-0.27740478515625 0.6195068359375 0.0269737243652344 0.05218505859375
-0.4547119140625 0.458587646484375 0.0650138854980469 0.0319671630859375
-0.51446533203125 0.341705322265625 0.053375244140625 0.0878829956054688
-0.6148681640625 0.0397949218750001 -0.0525360107421875 0.0991439819335938
-0.7032470703125 -0.087890625 -0.112052917480469 0.130088806152344
-0.71844482421875 -0.15130615234375 -0.105865478515625 0.198410034179687
-0.7408447265625 -0.19049072265625 -0.13507080078125 -0.22198486328125
-0.64849853515625 -0.0654907226562499 -0.0819549560546875 0.0479049682617187
-0.5804443359375 -0.0445556640624999 0.1705322265625 0.0029144287109375
-0.532806396484375 0.0805969238281249 0.205795288085937 -0.14227294921875
-0.477569580078125 0.20758056640625 0.124618530273437 -0.276947021484375
-0.406005859375 0.45709228515625 0.020904541015625 -0.288726806640625
-0.2239990234375 0.5638427734375 -0.05255126953125 -0.262664794921875
-0.179229736328125 0.54034423828125 -0.0352783203125 -0.225021362304687
-0.18267822265625 0.59686279296875 -0.00611877441406249 -0.201171875
-0.270599365234375 0.528533935546875 0.0493850708007813 -0.129402160644531
-0.403076171875 0.3643798828125 0.0748367309570312 -0.0639190673828125
-0.417266845703125 0.270477294921875 0.0237083435058594 0.04583740234375
-0.495147705078125 0.0586853027343751 -0.148788452148438 0.0657958984375
-0.61199951171875 -0.0252685546874999 -0.285369873046875 0.090362548828125
-0.6728515625 -0.102294921875 -0.316192626953125 0.09869384765625
-0.552093505859375 -0.10076904296875 -0.32501220703125 -0.314971923828125
-0.447662353515625 -0.0312500000000001 -0.223968505859375 -0.0580291748046875
-0.386138916015625 -0.0587158203125 0.0723648071289062 -0.0549850463867188
-0.385711669921875 0.00970458984374993 0.160873413085937 -0.187820434570313
-0.3709716796875 0.12066650390625 0.155548095703125 -0.32635498046875
-0.339508056640625 0.334686279296875 0.0752563476562499 -0.4263916015625
-0.20062255859375 0.420928955078125 -0.02557373046875 -0.462005615234375
-0.16204833984375 0.402618408203125 -0.027252197265625 -0.4197998046875
-0.175506591796875 0.4375 0.00677490234374997 -0.37481689453125
-0.227386474609375 0.356842041015625 0.076873779296875 -0.26104736328125
-0.29583740234375 0.213653564453125 0.0753021240234375 -0.1173095703125
-0.264053344726563 0.16546630859375 -0.0219039916992188 0.0101890563964844
-0.317474365234375 0.069183349609375 -0.231277465820313 0.0102081298828125
-0.454681396484375 0.0307617187499999 -0.406890869140625 0.02630615234375
-0.54022216796875 -0.044921875 -0.486846923828125 0.00485229492187508
-0.279144287109375 0.00828552246093755 -0.44512939453125 -0.376678466796875
-0.185089111328125 0.019012451171875 -0.32159423828125 -0.14776611328125
-0.137016296386719 -0.04046630859375 -0.018463134765625 -0.0895767211914063
-0.169357299804688 -0.0430755615234375 0.116134643554687 -0.20880126953125
-0.196640014648437 0.022186279296875 0.16827392578125 -0.34716796875
-0.211898803710938 0.156524658203125 0.103363037109375 -0.517669677734375
-0.147857666015625 0.208953857421875 -0.00750732421874998 -0.6002197265625
-0.119949340820313 0.202911376953125 -0.01904296875 -0.550567626953125
-0.138168334960937 0.2188720703125 0.031341552734375 -0.479644775390625
-0.14984130859375 0.149444580078125 0.105010986328125 -0.326080322265625
-0.150375366210938 0.0565032958984375 0.061004638671875 -0.129104614257813
-0.0922698974609375 0.0630111694335938 -0.0777511596679688 -0.0240249633789062
-0.132164001464844 0.0822372436523438 -0.282196044921875 -0.064453125
-0.25775146484375 0.0812225341796876 -0.465118408203125 -0.0521240234375
-0.338531494140625 0.0157470703124999 -0.6048583984375 -0.071533203125
0.0156784057617188 -0.08087158203125 0.6043701171875 0.014404296875
0.00484466552734375 -0.122123718261719 0.433868408203125 0.0914306640625
-0.0787353515625 -0.0726165771484375 0.242034912109375 0.064605712890625
-0.0782318115234375 0.0147476196289062 0.128814697265625 0.0368804931640625
-0.0398788452148438 0.052886962890625 -0.0702667236328125 0.0861434936523437
0.0387535095214844 0.0604896545410156 -0.12896728515625 0.34014892578125
0.0687332153320313 0.0463180541992188 -0.037933349609375 0.534698486328125
0.0539779663085938 0.031005859375 0.033935546875 0.5806884765625
0.0706558227539063 0.0221176147460938 0.0320434570312501 0.6055908203125
0.0581398010253906 0.0571937561035156 -0.06878662109375 0.541717529296875
0.021728515625 0.0952301025390625 -0.0750732421875 0.364959716796875
-0.047637939453125 0.0885772705078125 -0.015899658203125 0.216949462890625
-0.115348815917969 0.0134658813476562 0.116790771484375 0.178787231445313
-0.07568359375 -0.0673599243164063 0.3721923828125 0.17547607421875
-0.00271224975585937 -0.0497398376464844 0.480316162109375 0.442626953125
-0.269363403320313 -0.126724243164063 0.57244873046875 0.01837158203125
-0.226791381835938 -0.100662231445312 0.38970947265625 0.14630126953125
-0.268325805664063 -0.0394744873046875 0.253448486328125 0.12255859375
-0.237716674804688 0.0806732177734375 0.17608642578125 0.0623626708984375
-0.17926025390625 0.150390625 -0.0375900268554688 0.0463676452636719
-0.0789947509765625 0.243560791015625 -0.12957763671875 0.285919189453125
0.011993408203125 0.272674560546875 -0.060577392578125 0.48583984375
-0.000915527343749979 0.251495361328125 0.02032470703125 0.532928466796875
0.00469970703125001 0.269149780273438 0.033477783203125 0.558319091796875
-0.0632171630859375 0.276824951171875 -0.04180908203125 0.508087158203125
-0.1688232421875 0.240707397460937 -0.032562255859375 0.32574462890625
-0.255111694335938 0.177932739257813 0.02313232421875 0.197967529296875
-0.3426513671875 -0.013153076171875 0.131790161132813 0.162277221679688
-0.3414306640625 -0.126434326171875 0.34490966796875 0.1761474609375
-0.27294921875 -0.119476318359375 0.441375732421875 0.417938232421875
-0.529876708984375 -0.168670654296875 0.467254638671875 -0.00204467773437501
-0.461273193359375 -0.0814514160156251 0.315643310546875 0.17620849609375
-0.46075439453125 -0.00393676757812499 0.260467529296875 0.140304565429688
-0.390655517578125 0.141326904296875 0.21038818359375 0.05267333984375
-0.3076171875 0.230377197265625 -0.0020265579223633 -0.0168190002441406
-0.19873046875 0.39013671875 -0.117706298828125 0.184417724609375
-0.0574951171875 0.456085205078125 -0.079498291015625 0.365509033203125
-0.055999755859375 0.435577392578125 0.000762939453125039 0.407623291015625
-0.049774169921875 0.478668212890625 0.025115966796875 0.428070068359375
-0.153533935546875 0.469451904296875 -0.005126953125 0.401885986328125
-0.315460205078125 0.380584716796875 0.013702392578125 0.246780395507813
-0.412994384765625 0.277587890625 0.053253173828125 0.164505004882813
-0.52435302734375 -0.0010070800781251 0.105964660644531 0.13763427734375
-0.554534912109375 -0.1370849609375 0.2423095703125 0.16058349609375
-0.49853515625 -0.15240478515625 0.314453125 0.358001708984375
-0.7181396484375 -0.19207763671875 0.296356201171875 -0.04925537109375
-0.640869140625 -0.06512451171875 0.211502075195312 0.173919677734375
-0.60809326171875 0.01885986328125 0.261886596679687 0.117538452148438
-0.50921630859375 0.178009033203125 0.22979736328125 -9.15527343749891E-05
-0.4102783203125 0.27752685546875 0.0341873168945312 -0.101325988769531
-0.299835205078125 0.48443603515625 -0.0908050537109375 0.0441360473632813
-0.1226806640625 0.5731201171875 -0.0874481201171875 0.185195922851563
-0.104339599609375 0.551971435546875 -0.01953125 0.221206665039063
-0.09295654296875 0.61260986328125 0.00933837890624997 0.236618041992188
-0.2086181640625 0.59014892578125 0.0152435302734375 0.237655639648438
-0.397857666015625 0.4681396484375 0.04632568359375 0.137840270996094
-0.492156982421875 0.350830078125 0.0642166137695312 0.120697021484375
-0.61370849609375 0.03900146484375 0.0421981811523437 0.116020202636719
-0.67437744140625 -0.10107421875 0.082794189453125 0.143722534179687
-0.6458740234375 -0.144775390625 0.127517700195312 0.279861450195313
-0.7860107421875 -0.1842041015625 0.0795059204101562 -0.122444152832031
-0.70233154296875 -0.0474853515625002 0.0761795043945312 0.1312255859375
-0.64874267578125 0.0177001953125 0.23291015625 0.0610809326171875
-0.557037353515625 0.165069580078125 0.224517822265625 -0.0769195556640625
-0.46710205078125 0.27545166015625 0.0698089599609375 -0.194061279296875
-0.3653564453125 0.510650634765625 -0.0475921630859375 -0.118118286132812
-0.17059326171875 0.60772705078125 -0.078948974609375 -0.0291061401367187
-0.13751220703125 0.5836181640625 -0.03466796875 0.00267601013183597
-0.12799072265625 0.64837646484375 -0.00743198394775391 0.0174827575683594
-0.23516845703125 0.6103515625 0.0287628173828125 0.0486564636230469
-0.41485595703125 0.46484375 0.0621910095214844 0.0227279663085938
-0.47802734375 0.35333251953125 0.0535659790039062 0.0749359130859375
-0.59173583984375 0.0684204101562499 -0.046661376953125 0.0973281860351563
-0.68328857421875 -0.04595947265625 -0.101882934570313 0.129142761230469
-0.697265625 -0.11053466796875 -0.088287353515625 0.1934814453125
-0.72174072265625 -0.14019775390625 -0.141677856445313 -0.209640502929688
-0.6229248046875 -0.02825927734375 -0.0770339965820313 0.0516815185546875
-0.5643310546875 -0.00799560546874992 0.161239624023437 -0.004669189453125
-0.509918212890625 0.10321044921875 0.191085815429687 -0.145401000976563
-0.449127197265625 0.219207763671875 0.104156494140625 -0.271102905273438
-0.37213134765625 0.459808349609375 0.00497436523437496 -0.27880859375
-0.19061279296875 0.553009033203125 -0.0616607666015625 -0.250152587890625
-0.149200439453125 0.527862548828125 -0.0422515869140625 -0.215423583984375
-0.14739990234375 0.5823974609375 -0.0172271728515625 -0.192825317382812
-0.233673095703125 0.522064208984375 0.0409317016601562 -0.126960754394531
-0.37042236328125 0.370758056640625 0.0675201416015625 -0.0700531005859375
-0.3865966796875 0.280059814453125 0.0232467651367187 0.0361099243164063
-0.472625732421875 0.080474853515625 -0.141738891601563 0.07061767578125
-0.59307861328125 0.00952148437499997 -0.268936157226563 0.0995635986328125
-0.65020751953125 -0.06390380859375 -0.29437255859375 0.106719970703125
-0.53570556640625 -0.065582275390625 -0.327911376953125 -0.291259765625
-0.43072509765625 -0.00476074218750008 -0.21856689453125 -0.0440826416015625
-0.3778076171875 -0.0339660644531249 0.063995361328125 -0.0563468933105469
-0.371490478515625 0.0271301269531249 0.144546508789062 -0.186264038085938
-0.351318359375 0.1322021484375 0.132476806640625 -0.3187255859375
-0.313720703125 0.339752197265625 0.052734375 -0.4129638671875
-0.175445556640625 0.41485595703125 -0.042236328125 -0.44354248046875
-0.1396484375 0.39471435546875 -0.043731689453125 -0.402679443359375
-0.148101806640625 0.430511474609375 -0.01153564453125 -0.3612060546875
-0.201568603515625 0.35455322265625 0.0605621337890625 -0.253982543945313
-0.274169921875 0.219955444335938 0.06524658203125 -0.119720458984375
-0.244384765625 0.170074462890625 -0.0230560302734375 0.00587463378906251
-0.30059814453125 0.0833740234375 -0.223922729492188 0.0206298828125
-0.4361572265625 0.057159423828125 -0.3880615234375 0.0447692871093749
-0.51971435546875 -0.013214111328125 -0.4638671875 0.0258483886718749
-0.269912719726563 0.0250244140625 -0.447296142578125 -0.343841552734375
-0.175949096679687 0.029998779296875 -0.31658935546875 -0.125579833984375
-0.135337829589844 -0.0306243896484375 -0.0253982543945313 -0.0861892700195313
-0.166351318359375 -0.0324249267578125 0.0984039306640625 -0.204238891601563
-0.18902587890625 0.0294952392578125 0.144073486328125 -0.33673095703125
-0.199066162109375 0.1617431640625 0.0772705078125 -0.50177001953125
-0.133575439453125 0.209457397460938 -0.0325927734375 -0.57708740234375
-0.107223510742187 0.2017822265625 -0.039276123046875 -0.528472900390625
-0.123489379882813 0.217529296875 0.00799560546874994 -0.46282958984375
-0.136962890625 0.150360107421875 0.08441162109375 -0.31768798828125
-0.142623901367188 0.06048583984375 0.0505218505859375 -0.128105163574219
-0.083465576171875 0.0638427734375 -0.07916259765625 -0.0218048095703125
-0.120933532714844 0.0864028930664063 -0.277130126953125 -0.049072265625
-0.244537353515625 0.0953216552734375 -0.44683837890625 -0.02703857421875
-0.323699951171875 0.034881591796875 -0.5809326171875 -0.04168701171875
0.014556884765625 -0.0804061889648437 0.58734130859375 0.000671386718749995
0.000320434570312487 -0.121803283691406 0.420684814453125 0.08221435546875
-0.0797500610351563 -0.069244384765625 0.238494873046875 0.0640411376953125
-0.0764694213867188 0.0164566040039062 0.1295166015625 0.03436279296875
-0.0378875732421875 0.0536994934082031 -0.0647048950195313 0.0856857299804688
0.0400314331054688 0.0568428039550781 -0.1173095703125 0.3341064453125
0.0693359375 0.0422821044921875 -0.02777099609375 0.525604248046875
0.0546722412109375 0.027923583984375 0.041748046875 0.5670166015625
0.0713653564453125 0.019561767578125 0.04241943359375 0.58782958984375
0.0599899291992188 0.0530853271484375 -0.055389404296875 0.52685546875
0.0252761840820313 0.0925369262695313 -0.064910888671875 0.35302734375
-0.0450897216796875 0.0885086059570313 -0.00836181640625 0.207382202148438
-0.113029479980469 0.0167922973632812 0.1248779296875 0.168487548828125
-0.0768890380859375 -0.0654983520507813 0.367889404296875 0.1591796875
-0.0050811767578125 -0.0520401000976563 0.4781494140625 0.422210693359375
-0.2637939453125 -0.116668701171875 0.55694580078125 0.00564575195312499
-0.222564697265625 -0.0928192138671874 0.38006591796875 0.136077880859375
-0.264175415039063 -0.029388427734375 0.250473022460938 0.118820190429688
-0.2298583984375 0.086212158203125 0.177352905273438 0.0577239990234375
-0.172027587890625 0.150711059570313 -0.0352287292480469 0.0448074340820313
-0.0701141357421875 0.23919677734375 -0.120635986328125 0.280563354492188
0.0193023681640625 0.263992309570313 -0.052032470703125 0.478179931640625
0.005859375 0.244644165039063 0.027679443359375 0.522003173828125
0.0115509033203125 0.262847900390625 0.04083251953125 0.543670654296875
-0.0529937744140625 0.270782470703125 -0.027557373046875 0.49224853515625
-0.15753173828125 0.23992919921875 -0.02447509765625 0.3121337890625
-0.24603271484375 0.180465698242187 0.027496337890625 0.18701171875
-0.33685302734375 -0.003570556640625 0.137451171875 0.152633666992188
-0.33837890625 -0.115325927734375 0.34130859375 0.161224365234375
-0.270370483398438 -0.112548828125 0.440216064453125 0.3974609375
-0.518768310546875 -0.14837646484375 0.45458984375 -0.012786865234375
-0.449676513671875 -0.0682067871093751 0.309173583984375 0.165985107421875
-0.450469970703125 0.013397216796875 0.2564697265625 0.137405395507813
-0.376495361328125 0.14947509765625 0.2100830078125 0.0478973388671875
-0.29473876953125 0.230682373046875 -0.00259304046630861 -0.0159101486206055
-0.18292236328125 0.385894775390625 -0.112899780273438 0.181854248046875
-0.043426513671875 0.444122314453125 -0.0731201171875 0.360198974609375
-0.0447998046875 0.425201416015625 0.00650024414062497 0.398895263671875
-0.037261962890625 0.4677734375 0.031768798828125 0.41668701171875
-0.136505126953125 0.462005615234375 0.00289916992187501 0.389556884765625
-0.297576904296875 0.3797607421875 0.01788330078125 0.23504638671875
-0.3983154296875 0.282318115234375 0.054718017578125 0.152999877929688
-0.51416015625 0.0130310058593751 0.1094970703125 0.129409790039062
-0.548492431640625 -0.118011474609375 0.240310668945312 0.148178100585938
-0.490081787109375 -0.138397216796875 0.3160400390625 0.340789794921875
-0.70257568359375 -0.1656494140625 0.285552978515625 -0.055755615234375
-0.62420654296875 -0.0454101562500001 0.208541870117187 0.166259765625
-0.59478759765625 0.0429687500000001 0.256362915039062 0.113677978515625
-0.491851806640625 0.188873291015625 0.226470947265625 -0.00419616699218749
-0.394561767578125 0.279449462890625 0.0292816162109375 -0.0994186401367187
-0.281463623046875 0.480987548828125 -0.0904922485351563 0.0450897216796875
-0.10577392578125 0.561370849609375 -0.08233642578125 0.18414306640625
-0.090576171875 0.5399169921875 -0.01580810546875 0.216461181640625
-0.0777587890625 0.60015869140625 0.0125579833984375 0.231124877929688
-0.18798828125 0.580078125 0.0206451416015625 0.229598999023438
-0.37725830078125 0.467132568359375 0.04638671875 0.127738952636719
-0.472076416015625 0.35357666015625 0.0631866455078125 0.109275817871094
-0.60186767578125 0.0524902343750001 0.04437255859375 0.110328674316406
-0.66497802734375 -0.0794067382812501 0.0835113525390625 0.13665771484375
-0.63232421875 -0.1265869140625 0.1336669921875 0.26763916015625
-0.77142333984375 -0.15460205078125 0.0732040405273437 -0.123870849609375
-0.68438720703125 -0.0260620117187499 0.0757827758789062 0.128067016601563
-0.63580322265625 0.0413208007812499 0.226043701171875 0.0573883056640625
-0.539398193359375 0.176727294921875 0.217727661132812 -0.0792999267578125
-0.448883056640625 0.27496337890625 0.0618438720703125 -0.189651489257812
-0.3465576171875 0.5069580078125 -0.0520401000976563 -0.113876342773437
-0.154052734375 0.5975341796875 -0.078460693359375 -0.0264511108398437
-0.124267578125 0.5723876953125 -0.0336952209472656 0.00331306457519534
-0.10980224609375 0.63555908203125 -0.0100593566894531 0.0176773071289063
-0.21417236328125 0.60040283203125 0.0281448364257812 0.0457839965820313
-0.394927978515625 0.467010498046875 0.0592155456542969 0.0145225524902344
-0.457733154296875 0.35443115234375 0.0508766174316406 0.065277099609375
-0.57757568359375 0.08245849609375 -0.0446853637695313 0.0963592529296875
-0.67108154296875 -0.0241699218750001 -0.0954437255859375 0.127357482910156
-0.6802978515625 -0.0907592773437499 -0.077545166015625 0.18792724609375
-0.706787109375 -0.11419677734375 -0.145126342773438 -0.204345703125
-0.60540771484375 -0.00836181640624996 -0.0749740600585938 0.05316162109375
-0.55194091796875 0.0128784179687499 0.153366088867187 -0.006927490234375
-0.496490478515625 0.11334228515625 0.181732177734375 -0.145492553710938
-0.4332275390625 0.222564697265625 0.0930175781249999 -0.263702392578125
-0.35601806640625 0.45916748046875 -0.00376892089843753 -0.271209716796875
-0.17498779296875 0.545989990234375 -0.0650482177734375 -0.242813110351562
-0.137542724609375 0.5198974609375 -0.044952392578125 -0.210983276367187
-0.13104248046875 0.5736083984375 -0.02294921875 -0.187698364257812
-0.214447021484375 0.5147705078125 0.0368118286132812 -0.124778747558594
-0.352935791015625 0.370819091796875 0.0620193481445312 -0.0742111206054687
-0.369110107421875 0.28009033203125 0.0200614929199219 0.0286502838134766
-0.459442138671875 0.091094970703125 -0.13909912109375 0.0724334716796875
-0.57916259765625 0.02947998046875 -0.258163452148438 0.102691650390625
-0.6331787109375 -0.0444335937500001 -0.279983520507813 0.108444213867187
-0.525360107421875 -0.046875 -0.329071044921875 -0.279541015625
-0.41656494140625 0.0103454589843749 -0.215789794921875 -0.037353515625
-0.37054443359375 -0.0190734863281249 0.0570564270019531 -0.056427001953125
-0.36334228515625 0.0357666015625 0.1337890625 -0.183212280273438
-0.3414306640625 0.13421630859375 0.1209716796875 -0.31109619140625
-0.30194091796875 0.34088134765625 0.0418701171874999 -0.402862548828125
-0.162872314453125 0.41131591796875 -0.050018310546875 -0.432708740234375
-0.129486083984375 0.38958740234375 -0.048248291015625 -0.39501953125
-0.13555908203125 0.424163818359375 -0.020111083984375 -0.352264404296875
-0.188079833984375 0.351470947265625 0.053192138671875 -0.24932861328125
-0.262542724609375 0.220245361328125 0.0588760375976562 -0.1209716796875
-0.2322998046875 0.170303344726563 -0.0257053375244141 0.00200653076171877
-0.289337158203125 0.0898742675781249 -0.22021484375 0.02630615234375
-0.424468994140625 0.07330322265625 -0.37530517578125 0.052215576171875
-0.50567626953125 0.00238037109375002 -0.447601318359375 0.033111572265625
-0.262710571289063 0.0336456298828125 -0.44580078125 -0.330047607421875
-0.16925048828125 0.0350341796875 -0.313323974609375 -0.114898681640625
-0.133949279785156 -0.0244598388671875 -0.0307235717773438 -0.08294677734375
-0.1646728515625 -0.0277862548828125 0.088287353515625 -0.198410034179688
-0.1844482421875 0.0316314697265625 0.13275146484375 -0.3282470703125
-0.194061279296875 0.164947509765625 0.064117431640625 -0.490081787109375
-0.126754760742188 0.209365844726562 -0.0414428710937499 -0.5643310546875
-0.101959228515625 0.20050048828125 -0.04791259765625 -0.518157958984375
-0.116683959960938 0.216842651367188 -0.002655029296875 -0.452789306640625
-0.130584716796875 0.149398803710938 0.074737548828125 -0.31036376953125
-0.138725280761719 0.06207275390625 0.0451812744140625 -0.1263427734375
-0.0774307250976562 0.0622177124023438 -0.0807113647460938 -0.022064208984375
-0.113105773925781 0.0892257690429687 -0.273895263671875 -0.0419769287109375
-0.235458374023438 0.104415893554687 -0.43341064453125 -0.0183105468750001
-0.313201904296875 0.045196533203125 -0.5653076171875 -0.02996826171875
0.0148696899414063 -0.0812149047851563 0.5870361328125 -0.00421142578125001
-0.00276184082031249 -0.12432861328125 0.41912841796875 0.080169677734375
-0.0820541381835937 -0.0685958862304688 0.241973876953125 0.0670013427734375
-0.0769271850585937 0.01788330078125 0.135017395019531 0.0328598022460938
-0.0384521484375 0.0560798645019531 -0.0625152587890625 0.0857391357421875
0.0423583984375 0.05572509765625 -0.1121826171875 0.3360595703125
0.0710372924804688 0.0392608642578125 -0.02349853515625 0.52984619140625
0.0572395324707031 0.0260887145996094 0.0465087890625 0.56964111328125
0.0734100341796875 0.018218994140625 0.0477294921875 0.5870361328125
0.0620994567871094 0.0505905151367188 -0.048919677734375 0.5223388671875
0.0284576416015625 0.0921554565429688 -0.061187744140625 0.3486328125
-0.0440902709960938 0.0906982421875 -0.003875732421875 0.20281982421875
-0.113410949707031 0.0190887451171875 0.1343994140625 0.162353515625
-0.0788040161132813 -0.0666656494140625 0.373504638671875 0.151275634765625
-0.00732421875 -0.05462646484375 0.486663818359375 0.416229248046875
-0.264312744140625 -0.110260009765625 0.55615234375 -0.00106811523437501
-0.223281860351562 -0.089874267578125 0.377777099609375 0.133941650390625
-0.265792846679688 -0.0217437744140624 0.253311157226563 0.123275756835938
-0.229721069335938 0.09002685546875 0.183578491210937 0.05609130859375
-0.169815063476563 0.154373168945313 -0.0329818725585938 0.0447349548339844
-0.0650177001953125 0.241165161132813 -0.11737060546875 0.281402587890625
0.0235443115234375 0.26287841796875 -0.046417236328125 0.482086181640625
0.0105743408203125 0.244338989257813 0.03118896484375 0.524322509765625
0.0175323486328125 0.262542724609375 0.046905517578125 0.5438232421875
-0.047271728515625 0.2716064453125 -0.02227783203125 0.4898681640625
-0.152206420898438 0.243988037109375 -0.020843505859375 0.307098388671875
-0.244796752929688 0.186233520507813 0.0303497314453125 0.18096923828125
-0.34002685546875 0.00244140624999998 0.145614624023438 0.146881103515625
-0.3441162109375 -0.10931396484375 0.3458251953125 0.152496337890625
-0.273818969726563 -0.111572265625 0.447235107421875 0.39178466796875
-0.520904541015625 -0.1368408203125 0.4525146484375 -0.019500732421875
-0.450286865234375 -0.0591735839843749 0.308380126953125 0.165863037109375
-0.45281982421875 0.026153564453125 0.258865356445312 0.140594482421875
-0.37371826171875 0.15838623046875 0.215576171875 0.0456085205078125
-0.2919921875 0.235626220703125 -0.00341320037841799 -0.0163784027099609
-0.176849365234375 0.390350341796875 -0.112060546875 0.183380126953125
-0.037689208984375 0.44476318359375 -0.069183349609375 0.36407470703125
-0.03973388671875 0.427520751953125 0.00860595703125001 0.40228271484375
-0.028961181640625 0.46942138671875 0.03436279296875 0.41851806640625
-0.12689208984375 0.46337890625 0.00881958007812495 0.387542724609375
-0.29052734375 0.387359619140625 0.0195770263671875 0.22900390625
-0.395477294921875 0.28912353515625 0.0552978515625 0.14630126953125
-0.518035888671875 0.0225830078125 0.115242004394531 0.125534057617188
-0.555572509765625 -0.10504150390625 0.243789672851562 0.141464233398438
-0.49468994140625 -0.134185791015625 0.32452392578125 0.335723876953125
-0.705322265625 -0.148681640625 0.2821044921875 -0.061126708984375
-0.6253662109375 -0.0324096679687501 0.208053588867187 0.166290283203125
-0.5958251953125 0.0607910156249999 0.257904052734375 0.11505126953125
-0.489837646484375 0.20068359375 0.22991943359375 -0.00602722167968749
-0.391815185546875 0.283721923828125 0.02691650390625 -0.0990524291992187
-0.27410888671875 0.487457275390625 -0.0925979614257813 0.0460052490234375
-0.09942626953125 0.56561279296875 -0.082061767578125 0.187271118164063
-0.085418701171875 0.54376220703125 -0.0147552490234375 0.218856811523438
-0.06854248046875 0.603271484375 0.0123443603515625 0.233322143554688
-0.17620849609375 0.58416748046875 0.0237274169921875 0.227691650390625
-0.3697509765625 0.476531982421875 0.045928955078125 0.120407104492188
-0.469024658203125 0.36285400390625 0.0623855590820312 0.101242065429688
-0.60345458984375 0.06402587890625 0.046905517578125 0.108711242675781
-0.67022705078125 -0.0648803710937499 0.086151123046875 0.133132934570313
-0.635986328125 -0.11834716796875 0.1405029296875 0.264312744140625
-0.77532958984375 -0.13775634765625 0.0684432983398437 -0.127296447753906
-0.68316650390625 -0.00927734374999995 0.0752182006835937 0.12908935546875
-0.63720703125 0.06109619140625 0.224716186523437 0.0579681396484375
-0.537445068359375 0.18896484375 0.2177734375 -0.081207275390625
-0.4466552734375 0.280487060546875 0.0564422607421875 -0.188507080078125
-0.340362548828125 0.514739990234375 -0.0566482543945313 -0.113197326660156
-0.14691162109375 0.60235595703125 -0.0802688598632813 -0.0243682861328125
-0.11737060546875 0.576904296875 -0.0345325469970703 0.0041751861572266
-0.09991455078125 0.640380859375 -0.0118007659912109 0.0191841125488282
-0.202392578125 0.6063232421875 0.0287361145019531 0.0438880920410157
-0.388031005859375 0.47442626953125 0.0569190979003906 0.00826263427734378
-0.454315185546875 0.3636474609375 0.0479736328125 0.0574150085449219
-0.57916259765625 0.0932006835937499 -0.0439682006835938 0.0965728759765625
-0.67547607421875 -0.0060424804687501 -0.0931320190429688 0.127471923828125
-0.6812744140625 -0.0803833007812499 -0.07171630859375 0.1865234375
-0.7099609375 -0.0971679687500001 -0.152099609375 -0.205307006835938
-0.6038818359375 0.00665283203125012 -0.076690673828125 0.0554733276367187
-0.55401611328125 0.02935791015625 0.149658203125 -0.007080078125
-0.496826171875 0.1240234375 0.178237915039062 -0.146270751953125
-0.433441162109375 0.22467041015625 0.08734130859375 -0.262298583984375
-0.353271484375 0.469573974609375 -0.00918579101562502 -0.27032470703125
-0.1690673828125 0.55096435546875 -0.0674896240234375 -0.241912841796875
-0.13360595703125 0.524444580078125 -0.04669189453125 -0.21160888671875
-0.1236572265625 0.5780029296875 -0.0270843505859375 -0.187042236328125
-0.206512451171875 0.51995849609375 0.03472900390625 -0.12701416015625
-0.34869384765625 0.378173828125 0.0583953857421875 -0.0796051025390625
-0.365478515625 0.287261962890625 0.0157699584960937 0.0230655670166016
-0.45843505859375 0.10076904296875 -0.140266418457031 0.07501220703125
-0.580810546875 0.0462646484375 -0.25616455078125 0.105560302734375
-0.63323974609375 -0.0344238281249999 -0.275161743164063 0.10858154296875
-0.52728271484375 -0.0332336425781249 -0.337738037109375 -0.279327392578125
-0.41412353515625 0.019195556640625 -0.21923828125 -0.0336151123046875
-0.37249755859375 -0.00811767578124993 0.0506782531738281 -0.0563430786132813
-0.365020751953125 0.0426025390624999 0.127975463867187 -0.182327270507813
-0.341827392578125 0.136810302734375 0.114715576171875 -0.30755615234375
-0.300201416015625 0.348419189453125 0.035400390625 -0.401702880859375
-0.15850830078125 0.41748046875 -0.053802490234375 -0.43402099609375
-0.12677001953125 0.3946533203125 -0.052886962890625 -0.396484375
-0.130767822265625 0.43011474609375 -0.024688720703125 -0.352386474609375
-0.183135986328125 0.3544921875 0.0496826171875 -0.250320434570313
-0.260848999023438 0.22589111328125 0.0548553466796875 -0.124801635742187
-0.228164672851563 0.172714233398437 -0.030487060546875 -0.00140190124511718
-0.28717041015625 0.096710205078125 -0.222259521484375 0.030059814453125
-0.42431640625 0.088348388671875 -0.372772216796875 0.0570373535156251
-0.503082275390625 0.01153564453125 -0.4437255859375 0.036041259765625
-0.2626953125 0.0414123535156251 -0.455596923828125 -0.327606201171875
-0.16754150390625 0.038909912109375 -0.319427490234375 -0.110382080078125
-0.134925842285156 -0.0196609497070312 -0.0380477905273438 -0.0819244384765625
-0.166229248046875 -0.0254974365234375 0.0814971923828125 -0.196151733398437
-0.185623168945313 0.03277587890625 0.127716064453125 -0.325439453125
-0.194091796875 0.169937133789063 0.0606689453125 -0.4892578125
-0.125213623046875 0.213882446289063 -0.0475463867187501 -0.56671142578125
-0.10076904296875 0.204803466796875 -0.0520019531250001 -0.52215576171875
-0.1153564453125 0.219512939453125 -0.00799560546875002 -0.45513916015625
-0.12939453125 0.150741577148438 0.070465087890625 -0.31146240234375
-0.138359069824219 0.0632247924804688 0.0408782958984375 -0.128044128417969
-0.0740127563476562 0.0621566772460938 -0.085906982421875 -0.0234756469726562
-0.109100341796875 0.0931015014648438 -0.276870727539063 -0.0384674072265625
-0.232070922851563 0.115203857421875 -0.43115234375 -0.012298583984375
-0.3115234375 0.053466796875 -0.56280517578125 -0.0248413085937501
0.0148773193359375 -0.0845947265625 0.59954833984375 -0.0208740234375
-0.00914764404296876 -0.129661560058594 0.426849365234375 0.074920654296875
-0.087310791015625 -0.0676727294921875 0.252899169921875 0.068328857421875
-0.0792312622070313 0.0200347900390625 0.144256591796875 0.029541015625
-0.0377731323242188 0.0602378845214844 -0.0589828491210937 0.0876846313476563
0.0459976196289062 0.0543479919433594 -0.102996826171875 0.346405029296875
0.0746383666992188 0.0366668701171875 -0.00906372070312496 0.546630859375
0.0605659484863281 0.0228424072265625 0.0623779296875001 0.5853271484375
0.0772476196289063 0.0145416259765625 0.06182861328125 0.6014404296875
0.0667991638183594 0.0485916137695313 -0.037353515625 0.5322265625
0.0341796875 0.0933151245117188 -0.053558349609375 0.3526611328125
-0.0425262451171875 0.0956039428710938 0.00567626953124998 0.201919555664063
-0.116653442382813 0.0233840942382813 0.151351928710938 0.155929565429687
-0.0848159790039062 -0.0678329467773437 0.387908935546875 0.139007568359375
-0.0113182067871094 -0.0575790405273438 0.511566162109375 0.412109375
-0.271240234375 -0.10357666015625 0.56719970703125 -0.01739501953125
-0.231903076171875 -0.0854949951171875 0.387847900390625 0.131103515625
-0.272171020507812 -0.01141357421875 0.265869140625 0.12579345703125
-0.2310791015625 0.101333618164063 0.195114135742187 0.051544189453125
-0.169937133789063 0.163986206054688 -0.0309677124023438 0.0456008911132813
-0.0579376220703125 0.248428344726562 -0.112396240234375 0.29034423828125
0.0322723388671875 0.266998291015625 -0.0355224609375 0.49786376953125
0.0183258056640625 0.249053955078125 0.0450744628906251 0.541046142578125
0.0277099609375 0.268173217773438 0.05865478515625 0.5562744140625
-0.0377349853515625 0.277511596679688 -0.00976562499999995 0.49737548828125
-0.14666748046875 0.25445556640625 -0.01483154296875 0.307891845703125
-0.24542236328125 0.199386596679688 0.0368499755859375 0.177658081054688
-0.349090576171875 0.014495849609375 0.15972900390625 0.139938354492188
-0.357513427734375 -0.100311279296875 0.360504150390625 0.141204833984375
-0.285614013671875 -0.107147216796875 0.47216796875 0.38720703125
-0.534820556640625 -0.1207275390625 0.4600830078125 -0.03106689453125
-0.46075439453125 -0.045196533203125 0.3172607421875 0.163238525390625
-0.460968017578125 0.0474548339843751 0.270797729492187 0.143081665039063
-0.377166748046875 0.176239013671875 0.227127075195312 0.0409088134765625
-0.292205810546875 0.249237060546875 -0.00303745269775392 -0.0167760848999023
-0.167388916015625 0.405853271484375 -0.11090087890625 0.190078735351563
-0.025299072265625 0.456634521484375 -0.0625305175781251 0.378021240234375
-0.027130126953125 0.43865966796875 0.01873779296875 0.414154052734375
-0.0137939453125 0.4822998046875 0.04412841796875 0.429351806640625
-0.1129150390625 0.47796630859375 0.016998291015625 0.392120361328125
-0.28460693359375 0.406646728515625 0.0229339599609375 0.226394653320313
-0.3968505859375 0.311065673828125 0.0593338012695312 0.140174865722656
-0.5313720703125 0.040496826171875 0.124320983886719 0.120452880859375
-0.57415771484375 -0.088134765625 0.254592895507812 0.133316040039063
-0.510101318359375 -0.122772216796875 0.34381103515625 0.333251953125
-0.7249755859375 -0.12603759765625 0.2840576171875 -0.071502685546875
-0.63775634765625 -0.00982666015624996 0.214248657226563 0.167098999023438
-0.60589599609375 0.0905151367187499 0.266616821289062 0.116653442382813
-0.492584228515625 0.2232666015625 0.238677978515625 -0.0120697021484375
-0.393157958984375 0.3001708984375 0.0235214233398437 -0.100990295410156
-0.265960693359375 0.510467529296875 -0.0958023071289063 0.0508575439453125
-0.08612060546875 0.58172607421875 -0.0803985595703125 0.197036743164063
-0.072113037109375 0.5599365234375 -0.010040283203125 0.22760009765625
-0.051513671875 0.6212158203125 0.0165557861328125 0.240386962890625
-0.1611328125 0.60308837890625 0.029388427734375 0.22998046875
-0.364166259765625 0.50054931640625 0.0463485717773437 0.115806579589844
-0.46856689453125 0.388092041015625 0.0623092651367187 0.0955734252929688
-0.6182861328125 0.0861206054687499 0.0535049438476562 0.107040405273438
-0.69097900390625 -0.0379638671875 0.0930480957031249 0.130271911621094
-0.65325927734375 -0.10321044921875 0.154754638671875 0.263931274414063
-0.7962646484375 -0.1114501953125 0.0619277954101562 -0.133659362792969
-0.69622802734375 0.01580810546875 0.0768890380859375 0.13250732421875
-0.64654541015625 0.0916137695312499 0.228439331054687 0.0572662353515625
-0.54327392578125 0.21295166015625 0.220687866210938 -0.0873260498046875
-0.4512939453125 0.298675537109375 0.0509033203125 -0.192306518554687
-0.335174560546875 0.54132080078125 -0.064605712890625 -0.11248779296875
-0.13568115234375 0.62237548828125 -0.0836715698242188 -0.0201339721679687
-0.106201171875 0.59619140625 -0.0354881286621094 0.00756835937500004
-0.084228515625 0.66119384765625 -0.0138454437255859 0.0216159820556641
-0.1868896484375 0.6270751953125 0.0297584533691406 0.0419845581054688
-0.3828125 0.500518798828125 0.0538291931152344 0.000423431396484406
-0.453765869140625 0.38763427734375 0.046234130859375 0.051177978515625
-0.59002685546875 0.1168212890625 -0.0412673950195313 0.0991592407226563
-0.69140625 0.0228271484374999 -0.0899276733398438 0.130714416503906
-0.6986083984375 -0.06085205078125 -0.06439208984375 0.190017700195313
-0.7293701171875 -0.0711669921875001 -0.1668701171875 -0.20794677734375
-0.6131591796875 0.0299682617187501 -0.0806808471679688 0.0614242553710938
-0.56304931640625 0.0559082031249999 0.14825439453125 -0.008880615234375
-0.503387451171875 0.14471435546875 0.1759033203125 -0.151336669921875
-0.438812255859375 0.240997314453125 0.0789947509765625 -0.266921997070313
-0.34954833984375 0.493011474609375 -0.01947021484375 -0.274383544921875
-0.15753173828125 0.57220458984375 -0.0755157470703125 -0.244552612304687
-0.123046875 0.544921875 -0.0526885986328125 -0.2158203125
-0.109619140625 0.59808349609375 -0.034332275390625 -0.190597534179687
-0.193511962890625 0.538055419921875 0.0308303833007812 -0.131248474121094
-0.347015380859375 0.398773193359375 0.0530014038085937 -0.0884246826171875
-0.36480712890625 0.30450439453125 0.0110244750976562 0.0173873901367188
-0.46551513671875 0.119537353515625 -0.141860961914063 0.0812530517578125
-0.5904541015625 0.0753784179687501 -0.256576538085938 0.11395263671875
-0.64569091796875 -0.0129394531250001 -0.2755126953125 0.1151123046875
-0.539215087890625 -0.0111083984375001 -0.359588623046875 -0.2781982421875
-0.420166015625 0.036041259765625 -0.229843139648438 -0.0271453857421875
-0.379425048828125 0.00881958007812498 0.0434341430664062 -0.0568199157714844
-0.37274169921875 0.056671142578125 0.122482299804687 -0.184799194335937
-0.349334716796875 0.147613525390625 0.10760498046875 -0.312896728515625
-0.29888916015625 0.369384765625 0.023834228515625 -0.4105224609375
-0.152099609375 0.434173583984375 -0.067657470703125 -0.4437255859375
-0.12042236328125 0.41156005859375 -0.063568115234375 -0.406890869140625
-0.123565673828125 0.445220947265625 -0.0364990234375 -0.36175537109375
-0.175537109375 0.3675537109375 0.04278564453125 -0.257644653320313
-0.261138916015625 0.238494873046875 0.0486373901367187 -0.133003234863281
-0.225692749023437 0.181854248046875 -0.0368385314941406 -0.00457000732421874
-0.287933349609375 0.110992431640625 -0.228408813476563 0.03839111328125
-0.428466796875 0.11181640625 -0.376556396484375 0.067962646484375
-0.51165771484375 0.0322875976562501 -0.45068359375 0.0455322265625
-0.268386840820313 0.0543670654296875 -0.480194091796875 -0.324737548828125
-0.168350219726563 0.04571533203125 -0.33465576171875 -0.103607177734375
-0.137428283691406 -0.0135421752929687 -0.0483551025390625 -0.0802459716796875
-0.17279052734375 -0.0202484130859375 0.073455810546875 -0.19659423828125
-0.191650390625 0.03759765625 0.12164306640625 -0.331512451171875
-0.195953369140625 0.1827392578125 0.0487060546875 -0.49951171875
-0.121627807617188 0.225616455078125 -0.0631713867187499 -0.58056640625
-0.09881591796875 0.21533203125 -0.0668029785156249 -0.53765869140625
-0.113540649414063 0.230575561523438 -0.020050048828125 -0.46826171875
-0.128097534179688 0.157684326171875 0.06268310546875 -0.320098876953125
-0.140419006347656 0.0678253173828125 0.0344314575195312 -0.1329345703125
-0.0719757080078125 0.06329345703125 -0.0943984985351563 -0.02276611328125
-0.104957580566406 0.101516723632813 -0.28643798828125 -0.031097412109375
-0.231369018554688 0.131546020507812 -0.436676025390625 -0.00299072265624995
-0.314788818359375 0.0666809082031249 -0.5750732421875 -0.010498046875
0.012847900390625 -0.0891952514648437 0.611572265625 -0.05352783203125
-0.018585205078125 -0.135513305664063 0.43963623046875 0.059295654296875
-0.0946044921875 -0.0647735595703125 0.269134521484375 0.064361572265625
-0.08099365234375 0.0258865356445313 0.15533447265625 0.022613525390625
-0.0358772277832031 0.0663604736328125 -0.0530776977539062 0.09136962890625
0.05108642578125 0.052978515625 -0.08575439453125 0.358551025390625
0.0780563354492188 0.0322418212890625 0.0211181640625 0.564453125
0.0644264221191406 0.0175666809082031 0.09423828125 0.6015625
0.0823211669921875 0.008544921875 0.0914306640624999 0.61199951171875
0.072845458984375 0.044219970703125 -0.012664794921875 0.541107177734375
0.0430831909179688 0.0929641723632813 -0.037078857421875 0.355377197265625
-0.0376815795898438 0.102165222167969 0.0196380615234375 0.19830322265625
-0.118896484375 0.0312423706054688 0.171173095703125 0.142379760742188
-0.0935440063476563 -0.066741943359375 0.407867431640625 0.11541748046875
-0.0159568786621094 -0.0597076416015625 0.5487060546875 0.39483642578125
-0.28082275390625 -0.0899505615234375 0.5787353515625 -0.04730224609375
-0.242111206054688 -0.0753631591796875 0.4019775390625 0.1185302734375
-0.277252197265625 0.00616455078124999 0.28424072265625 0.1226806640625
-0.230865478515625 0.118270874023437 0.209213256835937 0.041412353515625
-0.165969848632813 0.179153442382812 -0.0271873474121094 0.0463943481445313
-0.043212890625 0.259109497070313 -0.099395751953125 0.3028564453125
0.047515869140625 0.271682739257813 -0.00888061523437504 0.515869140625
0.0330657958984375 0.252899169921875 0.073699951171875 0.55657958984375
0.0445709228515625 0.271194458007813 0.0869140625 0.56951904296875
-0.020660400390625 0.28466796875 0.013031005859375 0.50592041015625
-0.134048461914063 0.268524169921875 -0.00161743164062504 0.308319091796875
-0.23974609375 0.220870971679688 0.04779052734375 0.17193603515625
-0.357574462890625 0.036346435546875 0.177444458007812 0.1265869140625
-0.374298095703125 -0.080780029296875 0.3782958984375 0.119171142578125
-0.2994384765625 -0.09423828125 0.50799560546875 0.36981201171875
-0.550262451171875 -0.0895996093750001 0.468109130859375 -0.056793212890625
-0.471649169921875 -0.0186767578125 0.329925537109375 0.157684326171875
-0.46563720703125 0.081787109375 0.287933349609375 0.140777587890625
-0.37408447265625 0.2042236328125 0.24127197265625 0.0289154052734375
-0.286834716796875 0.272216796875 -0.0026073455810547 -0.0173482894897461
-0.146453857421875 0.425323486328125 -0.10491943359375 0.201248168945313
-0.00216674804687497 0.47052001953125 -0.04449462890625 0.395263671875
-0.00442504882812505 0.450897216796875 0.041046142578125 0.42828369140625
0.012969970703125 0.495208740234375 0.064453125 0.4407958984375
-0.087188720703125 0.495086669921875 0.03619384765625 0.397552490234375
-0.26806640625 0.4334716796875 0.0310821533203125 0.2227783203125
-0.389373779296875 0.34332275390625 0.0660171508789062 0.133956909179688
-0.543670654296875 0.0747070312500001 0.138809204101562 0.109893798828125
-0.5953369140625 -0.0526123046875 0.269332885742188 0.11773681640625
-0.530181884765625 -0.0965576171874999 0.374176025390625 0.319549560546875
-0.745849609375 -0.0832519531250001 0.28448486328125 -0.088104248046875
-0.64923095703125 0.03045654296875 0.224929809570313 0.165130615234375
-0.60980224609375 0.135986328125 0.279464721679687 0.112197875976562
-0.4888916015625 0.261627197265625 0.24725341796875 -0.024871826171875
-0.387176513671875 0.329498291015625 0.018402099609375 -0.102493286132812
-0.243621826171875 0.538360595703125 -0.09820556640625 0.0582962036132813
-0.05780029296875 0.6036376953125 -0.07244873046875 0.210220336914063
-0.04522705078125 0.5792236328125 0.00221252441406247 0.238250732421875
-0.0182495117187501 0.6414794921875 0.027191162109375 0.248443603515625
-0.1285400390625 0.62548828125 0.0404815673828125 0.230880737304688
-0.343597412109375 0.535064697265625 0.0485687255859375 0.108650207519531
-0.45904541015625 0.424560546875 0.0640182495117187 0.0877456665039063
-0.62860107421875 0.12750244140625 0.0631103515624999 0.102439880371094
-0.709228515625 0.00701904296874992 0.104393005371094 0.124153137207031
-0.6754150390625 -0.0668945312500001 0.176300048828125 0.258697509765625
-0.818359375 -0.0625 0.0517120361328125 -0.140426635742188
-0.7056884765625 0.06243896484375 0.081939697265625 0.136077880859375
-0.6517333984375 0.140869140625 0.234420776367187 0.0527496337890625
-0.542449951171875 0.252288818359375 0.221969604492187 -0.09930419921875
-0.446929931640625 0.328887939453125 0.03973388671875 -0.195755004882812
-0.3128662109375 0.57623291015625 -0.0750885009765625 -0.107994079589844
-0.10589599609375 0.649169921875 -0.0874176025390625 -0.0132064819335937
-0.0779418945312501 0.61968994140625 -0.0346202850341797 0.0113353729248047
-0.0506591796875 0.68426513671875 -0.0152854919433594 0.0244083404541016
-0.15478515625 0.6513671875 0.0316810607910156 0.0392341613769532
-0.364105224609375 0.53570556640625 0.0490226745605469 -0.00861358642578122
-0.44354248046875 0.42291259765625 0.0437583923339843 0.0442161560058594
-0.59844970703125 0.1549072265625 -0.0363922119140625 0.101768493652344
-0.7049560546875 0.0696411132812501 -0.082763671875 0.134773254394531
-0.7166748046875 -0.0213623046875001 -0.0516510009765625 0.19390869140625
-0.74810791015625 -0.0247192382812501 -0.187210083007813 -0.204299926757812
-0.62158203125 0.0704345703124999 -0.0845108032226563 0.0708465576171875
-0.56829833984375 0.0960693359375001 0.144561767578125 -0.011688232421875
-0.505859375 0.177978515625 0.170196533203125 -0.160629272460938
-0.440765380859375 0.268890380859375 0.0660552978515625 -0.272811889648438
-0.331298828125 0.52880859375 -0.0366668701171875 -0.2763671875
-0.13177490234375 0.59906005859375 -0.0906219482421875 -0.246139526367187
-0.0989990234375 0.56744384765625 -0.064971923828125 -0.217529296875
-0.0821533203125001 0.6226806640625 -0.04718017578125 -0.19342041015625
-0.167694091796875 0.561553955078125 0.0232772827148437 -0.138420104980469
-0.3323974609375 0.428253173828125 0.0437545776367187 -0.0983200073242187
-0.355377197265625 0.332122802734375 0.00564098358154295 0.0138893127441406
-0.467041015625 0.152099609375 -0.14080810546875 0.0901641845703125
-0.59649658203125 0.1192626953125 -0.254318237304688 0.126785278320312
-0.66021728515625 0.0256958007812499 -0.272705078125 0.129257202148437
-0.5518798828125 0.0229492187500001 -0.388427734375 -0.265869140625
-0.422698974609375 0.063232421875 -0.242172241210938 -0.01275634765625
-0.38397216796875 0.03564453125 0.0340499877929687 -0.0564231872558594
-0.378814697265625 0.079742431640625 0.111114501953125 -0.191085815429688
-0.353515625 0.16845703125 0.0921020507812499 -0.319427490234375
-0.287261962890625 0.398590087890625 0.00140380859374994 -0.419342041015625
-0.13189697265625 0.456573486328125 -0.0911254882812501 -0.45159912109375
-0.100982666015625 0.4305419921875 -0.085174560546875 -0.4166259765625
-0.103057861328125 0.467376708984375 -0.058135986328125 -0.369903564453125
-0.15985107421875 0.385833740234375 0.02899169921875 -0.266204833984375
-0.25384521484375 0.257614135742188 0.038238525390625 -0.141006469726562
-0.21905517578125 0.1968994140625 -0.0452690124511719 -0.00453186035156249
-0.282867431640625 0.131683349609375 -0.23309326171875 0.0512542724609375
-0.426513671875 0.14703369140625 -0.378631591796875 0.0861816406249999
-0.521026611328125 0.063507080078125 -0.456146240234375 0.0690612792968751
-0.271072387695313 0.0745239257812501 -0.5166015625 -0.30712890625
-0.166229248046875 0.057769775390625 -0.355438232421875 -0.0851440429687501
-0.139976501464844 -0.00460815429687499 -0.0624160766601563 -0.0749282836914063
-0.17816162109375 -0.010406494140625 0.0608062744140625 -0.197677612304688
-0.197296142578125 0.0475006103515625 0.107330322265625 -0.33795166015625
-0.19287109375 0.201461791992188 0.0247192382812499 -0.5123291015625
-0.112686157226562 0.241043090820313 -0.0938720703125 -0.593994140625
-0.089996337890625 0.229110717773437 -0.097076416015625 -0.551513671875
-0.105453491210938 0.24456787109375 -0.0477294921875 -0.482421875
-0.123382568359375 0.168228149414063 0.04718017578125 -0.331817626953125
-0.140716552734375 0.0766754150390625 0.0242538452148438 -0.137962341308594
-0.067230224609375 0.0664405822753906 -0.104713439941406 -0.0186386108398438
-0.0968017578125 0.111656188964844 -0.29766845703125 -0.018035888671875
-0.2244873046875 0.154800415039063 -0.44415283203125 0.0179138183593751
-0.3165283203125 0.08819580078125 -0.58819580078125 0.01904296875
0.008026123046875 -0.0923995971679687 0.61016845703125 -0.09674072265625
-0.032501220703125 -0.136062622070313 0.44512939453125 0.03680419921875
-0.100440979003906 -0.0599746704101562 0.282562255859375 0.0523681640625
-0.0806350708007812 0.0322036743164063 0.16497802734375 0.010467529296875
-0.0320510864257812 0.0725555419921875 -0.0449981689453125 0.0923309326171875
0.0558853149414063 0.0488853454589844 -0.06048583984375 0.36541748046875
0.081024169921875 0.0265655517578125 0.06103515625 0.5703125
0.067291259765625 0.0115242004394531 0.13580322265625 0.60205078125
0.085113525390625 0.0004119873046875 0.131103515625 0.6129150390625
0.077301025390625 0.0367660522460938 0.0181884765625 0.540069580078125
0.0521087646484375 0.08935546875 -0.015045166015625 0.3504638671875
-0.0296630859375 0.107398986816406 0.03521728515625 0.187103271484375
-0.117706298828125 0.0408935546875 0.189834594726563 0.1187744140625
-0.100563049316406 -0.063232421875 0.4190673828125 0.080474853515625
-0.0208168029785156 -0.0610466003417969 0.58154296875 0.3558349609375
-0.28399658203125 -0.069183349609375 0.5770263671875 -0.0869140625
-0.247528076171875 -0.0602264404296875 0.409423828125 0.09912109375
-0.275375366210938 0.0266265869140625 0.301361083984375 0.11138916015625
-0.222335815429688 0.136367797851562 0.219696044921875 0.0261383056640625
-0.153656005859375 0.193115234375 -0.0220375061035156 0.0469131469726563
-0.023529052734375 0.263565063476563 -0.078857421875 0.3109130859375
0.0678558349609375 0.270431518554688 0.0260009765625 0.524078369140625
0.051300048828125 0.251052856445313 0.113128662109375 0.560394287109375
0.0658416748046875 0.268646240234375 0.1214599609375 0.57086181640625
0.00161743164062497 0.28411865234375 0.043792724609375 0.504241943359375
-0.113845825195312 0.279434204101563 0.01324462890625 0.30181884765625
-0.225250244140625 0.24053955078125 0.0595245361328125 0.160354614257813
-0.357574462890625 0.0623779296875 0.192733764648437 0.1041259765625
-0.384002685546875 -0.05426025390625 0.389739990234375 0.087066650390625
-0.306610107421875 -0.07342529296875 0.53924560546875 0.333648681640625
-0.5548095703125 -0.048095703125 0.464324951171875 -0.09002685546875
-0.4722900390625 0.0142517089843751 0.340545654296875 0.1424560546875
-0.455474853515625 0.11968994140625 0.303619384765625 0.129669189453125
-0.356353759765625 0.234954833984375 0.250411987304688 0.013153076171875
-0.26715087890625 0.2940673828125 -0.0022411346435547 -0.0165300369262695
-0.115447998046875 0.43890380859375 -0.092681884765625 0.210296630859375
0.030120849609375 0.475311279296875 -0.018096923828125 0.404998779296875
0.026885986328125 0.453582763671875 0.072021484375 0.434051513671875
0.048065185546875 0.496734619140625 0.092315673828125 0.4427490234375
-0.051483154296875 0.501129150390625 0.0596923828125 0.393157958984375
-0.23846435546875 0.45361328125 0.039031982421875 0.213592529296875
-0.36669921875 0.37335205078125 0.0719223022460937 0.121734619140625
-0.540924072265625 0.117279052734375 0.150924682617187 0.09197998046875
-0.60113525390625 -0.00561523437499997 0.278488159179687 0.0934906005859375
-0.539520263671875 -0.056640625 0.4024658203125 0.293914794921875
-0.750732421875 -0.0244140624999998 0.275909423828125 -0.107925415039063
-0.64605712890625 0.0785522460937499 0.234909057617187 0.157516479492187
-0.59600830078125 0.18780517578125 0.29046630859375 0.1029052734375
-0.468536376953125 0.300323486328125 0.249908447265625 -0.0406036376953125
-0.3660888671875 0.357330322265625 0.012054443359375 -0.102043151855469
-0.206024169921875 0.560577392578125 -0.0966033935546875 0.0683517456054688
-0.0177612304687501 0.6134033203125 -0.0584716796875 0.220657348632813
-0.00616455078124995 0.5870361328125 0.0202789306640625 0.242874145507813
0.02581787109375 0.64752197265625 0.0421142578125 0.251754760742188
-0.0839843750000001 0.6365966796875 0.0527191162109375 0.2276611328125
-0.3072509765625 0.5634765625 0.0478363037109375 0.099456787109375
-0.429901123046875 0.46014404296875 0.0656585693359375 0.077423095703125
-0.62225341796875 0.17388916015625 0.0723037719726562 0.0919265747070313
-0.70916748046875 0.0634155273437501 0.113052368164062 0.113204956054688
-0.68096923828125 -0.0169677734374999 0.198959350585937 0.244583129882813
-0.82232666015625 0.00207519531250013 0.0380401611328124 -0.143447875976563
-0.6986083984375 0.1148681640625 0.087493896484375 0.137977600097656
-0.63360595703125 0.19287109375 0.23651123046875 0.045135498046875
-0.5220947265625 0.292816162109375 0.216339111328125 -0.110733032226562
-0.42828369140625 0.359588623046875 0.0274200439453125 -0.194229125976563
-0.27301025390625 0.6033935546875 -0.0839080810546875 -0.0987091064453125
-0.0609130859375001 0.6650390625 -0.087799072265625 -0.00386810302734372
-0.036376953125 0.6317138671875 -0.0320167541503906 0.0168266296386719
-0.00329589843750006 0.6964111328125 -0.0141868591308594 0.0282249450683594
-0.1092529296875 0.66363525390625 0.0307121276855469 0.0354728698730469
-0.33160400390625 0.565185546875 0.0402946472167969 -0.0181617736816406
-0.41455078125 0.4588623046875 0.0397415161132812 0.0374832153320313
-0.58758544921875 0.20123291015625 -0.0278091430664063 0.101104736328125
-0.69830322265625 0.12896728515625 -0.0728378295898438 0.13677978515625
-0.719970703125 0.0300903320312498 -0.0351257324218751 0.193801879882813
-0.75030517578125 0.03460693359375 -0.208419799804688 -0.191787719726562
-0.61212158203125 0.11724853515625 -0.0854721069335938 0.0832290649414063
-0.554931640625 0.14251708984375 0.1402587890625 -0.0131072998046875
-0.49407958984375 0.217010498046875 0.157424926757813 -0.168304443359375
-0.4283447265625 0.299957275390625 0.048492431640625 -0.271026611328125
-0.298675537109375 0.55938720703125 -0.0548095703125 -0.27044677734375
-0.0924072265625 0.61834716796875 -0.10693359375 -0.240768432617187
-0.06207275390625 0.58160400390625 -0.0776519775390625 -0.215255737304687
-0.040283203125 0.63427734375 -0.061279296875 -0.189971923828125
-0.12884521484375 0.5743408203125 0.0120697021484375 -0.1416015625
-0.3056640625 0.4537353515625 0.0300064086914062 -0.10614013671875
-0.333251953125 0.35821533203125 0.00025653839111326 0.0106420516967774
-0.452972412109375 0.187225341796875 -0.135543823242188 0.0984420776367188
-0.58392333984375 0.17071533203125 -0.2432861328125 0.140182495117188
-0.65936279296875 0.0737304687499999 -0.2607421875 0.144195556640625
-0.550811767578125 0.0686645507812501 -0.415130615234375 -0.2386474609375
-0.41455078125 0.0953063964843749 -0.2518310546875 0.00914001464843755
-0.377227783203125 0.0655517578125001 0.0216407775878906 -0.0503311157226562
-0.375 0.108184814453125 0.09478759765625 -0.191436767578125
-0.347564697265625 0.192474365234375 0.07208251953125 -0.3199462890625
-0.26361083984375 0.425933837890625 -0.0247802734375 -0.41632080078125
-0.102294921875 0.473297119140625 -0.1199951171875 -0.449676513671875
-0.07305908203125 0.442047119140625 -0.113250732421875 -0.416717529296875
-0.072357177734375 0.47991943359375 -0.086151123046875 -0.369964599609375
-0.13427734375 0.3974609375 0.0105133056640625 -0.2708740234375
-0.23822021484375 0.276260375976563 0.022430419921875 -0.1463623046875
-0.20465087890625 0.210800170898437 -0.0526885986328125 -0.00133514404296873
-0.26910400390625 0.154006958007813 -0.231048583984375 0.0668182373046875
-0.411224365234375 0.185272216796875 -0.371124267578125 0.10894775390625
-0.515716552734375 0.10272216796875 -0.453125 0.096527099609375
-0.264328002929688 0.0985870361328124 -0.545013427734375 -0.27099609375
-0.160598754882813 0.070709228515625 -0.370025634765625 -0.056488037109375
-0.137687683105469 0.00780487060546873 -0.0759963989257813 -0.062042236328125
-0.17999267578125 0.00201416015625001 0.044647216796875 -0.192733764648438
-0.199691772460938 0.0603485107421875 0.08636474609375 -0.33978271484375
-0.182769775390625 0.219451904296875 -0.00646972656249998 -0.513336181640625
-0.0960235595703125 0.251907348632813 -0.131103515625 -0.594482421875
-0.075775146484375 0.238800048828125 -0.13360595703125 -0.55230712890625
-0.0901336669921875 0.2554931640625 -0.08245849609375 -0.484893798828125
-0.113082885742187 0.176620483398438 0.02398681640625 -0.338775634765625
-0.136825561523438 0.0856552124023437 0.0119552612304687 -0.139930725097656
-0.0612258911132812 0.06768798828125 -0.114616394042969 -0.0102005004882813
-0.0830917358398437 0.119667053222656 -0.303680419921875 0.00128173828125003
-0.207748413085938 0.17694091796875 -0.44189453125 0.0432434082031251
-0.308685302734375 0.114349365234375 -0.5872802734375 0.05767822265625
0.00454711914062501 -0.0932464599609375 0.59185791015625 -0.1329345703125
-0.04376220703125 -0.133415222167969 0.438873291015625 0.017059326171875
-0.104896545410156 -0.0539169311523438 0.292449951171875 0.03887939453125
-0.08050537109375 0.037506103515625 0.171585083007813 -0.001739501953125
-0.0258865356445313 0.07476806640625 -0.0374221801757813 0.0907821655273438
0.0582656860351563 0.04339599609375 -0.036346435546875 0.362091064453125
0.0791244506835938 0.0208816528320312 0.09808349609375 0.56365966796875
0.0674896240234375 0.00463485717773437 0.1708984375 0.58831787109375
0.0841827392578125 -0.00952911376953125 0.1612548828125 0.5987548828125
0.0805740356445313 0.0272674560546875 0.04254150390625 0.5252685546875
0.0580062866210938 0.0849533081054688 -0.00125122070312498 0.33453369140625
-0.0213699340820313 0.109367370605469 0.045379638671875 0.167922973632813
-0.114570617675781 0.0479354858398438 0.198348999023437 0.08868408203125
-0.10687255859375 -0.05694580078125 0.41900634765625 0.0452880859375
-0.0255012512207031 -0.0612907409667969 0.59649658203125 0.3135986328125
-0.277633666992188 -0.050933837890625 0.55999755859375 -0.119903564453125
-0.248825073242188 -0.045745849609375 0.409637451171875 0.080322265625
-0.269287109375 0.043853759765625 0.3125 0.097442626953125
-0.208984375 0.147964477539062 0.226043701171875 0.0123291015625
-0.13946533203125 0.198776245117188 -0.0168571472167969 0.0437774658203125
-0.00312805175781251 0.259613037109375 -0.058563232421875 0.308319091796875
0.083892822265625 0.263046264648437 0.05804443359375 0.51971435546875
0.0658416748046875 0.24151611328125 0.14581298828125 0.54876708984375
0.0814056396484375 0.259170532226562 0.1514892578125 0.559173583984375
0.0173797607421875 0.276412963867188 0.065887451171875 0.490020751953125
-0.0934906005859375 0.279998779296875 0.023651123046875 0.286834716796875
-0.20452880859375 0.252853393554688 0.0637054443359375 0.142135620117188
-0.34747314453125 0.084442138671875 0.2010498046875 0.0775299072265625
-0.381195068359375 -0.0280151367187499 0.38812255859375 0.056610107421875
-0.3077392578125 -0.053802490234375 0.554107666015625 0.29296875
-0.54278564453125 -0.011199951171875 0.446685791015625 -0.116485595703125
-0.4608154296875 0.045196533203125 0.34100341796875 0.1268310546875
-0.43438720703125 0.14569091796875 0.31329345703125 0.1181640625
-0.333099365234375 0.256103515625 0.255294799804688 -0.00135803222656248
-0.24371337890625 0.306549072265625 -0.00112915039062502 -0.0173978805541992
-0.08477783203125 0.43792724609375 -0.0792388916015625 0.213455200195313
0.06201171875 0.46759033203125 0.00625610351562503 0.404205322265625
0.0533447265625 0.44744873046875 0.0986328125 0.430877685546875
0.07659912109375 0.488067626953125 0.115020751953125 0.43560791015625
-0.0198974609375 0.4940185546875 0.075897216796875 0.38372802734375
-0.206512451171875 0.461517333984375 0.04150390625 0.201644897460938
-0.335723876953125 0.392974853515625 0.073333740234375 0.107398986816406
-0.52447509765625 0.1494140625 0.154373168945313 0.06884765625
-0.589111328125 0.0376586914062501 0.279190063476562 0.0673370361328125
-0.53265380859375 -0.0220031738281249 0.4169921875 0.2569580078125
-0.734130859375 0.0284423828124999 0.262710571289062 -0.123184204101563
-0.625244140625 0.119140625 0.236328125 0.151641845703125
-0.565185546875 0.22412109375 0.29510498046875 0.09259033203125
-0.4359130859375 0.327728271484375 0.2496337890625 -0.0513916015625
-0.339080810546875 0.374542236328125 0.00776672363281249 -0.100234985351562
-0.16668701171875 0.56500244140625 -0.0922012329101563 0.0764083862304688
0.0220947265625 0.608642578125 -0.04315185546875 0.22808837890625
0.0293579101562501 0.57867431640625 0.037872314453125 0.242034912109375
0.06475830078125 0.638671875 0.0542449951171875 0.25079345703125
-0.0426635742187501 0.62933349609375 0.0602874755859375 0.2191162109375
-0.2689208984375 0.57354736328125 0.0406951904296875 0.0908355712890625
-0.394287109375 0.4818115234375 0.0617523193359375 0.065093994140625
-0.5987548828125 0.2105712890625 0.0783920288085937 0.07794189453125
-0.68865966796875 0.11370849609375 0.118545532226562 0.0957489013671875
-0.66680908203125 0.0263671874999999 0.213119506835937 0.223587036132812
-0.8040771484375 0.0590209960937498 0.025543212890625 -0.143234252929688
-0.67156982421875 0.1591796875 0.0921173095703125 0.13970947265625
-0.5994873046875 0.2347412109375 0.236419677734375 0.0400238037109375
-0.48870849609375 0.32208251953125 0.211105346679687 -0.116867065429687
-0.404632568359375 0.37841796875 0.0179595947265625 -0.188323974609375
-0.2320556640625 0.6138916015625 -0.0885009765625 -0.0877456665039062
-0.02081298828125 0.6614990234375 -0.0843124389648437 0.00548553466796881
-0.000976562500000065 0.6268310546875 -0.0257472991943359 0.0174980163574219
0.035888671875 0.68896484375 -0.0129222869873047 0.0305156707763672
-0.0653686523437499 0.6571044921875 0.0318088531494141 0.0328865051269532
-0.29046630859375 0.5750732421875 0.0284461975097656 -0.0219383239746093
-0.37994384765625 0.475250244140625 0.0328483581542969 0.0296516418457032
-0.560577392578125 0.2347412109375 -0.0214385986328125 0.0942611694335938
-0.6732177734375 0.17730712890625 -0.0632476806640626 0.134040832519531
-0.69970703125 0.0750122070312499 -0.017791748046875 0.18621826171875
-0.730712890625 0.0895385742187502 -0.218338012695313 -0.172683715820312
-0.58544921875 0.15460205078125 -0.082061767578125 0.097320556640625
-0.5257568359375 0.178802490234375 0.131263732910156 -0.00981903076171874
-0.465972900390625 0.244171142578125 0.14404296875 -0.165084838867187
-0.40692138671875 0.319122314453125 0.0325775146484375 -0.261734008789063
-0.2579345703125 0.57275390625 -0.068450927734375 -0.256759643554687
-0.0521240234375 0.61932373046875 -0.114486694335938 -0.227554321289062
-0.0284423828125001 0.5784912109375 -0.0868988037109375 -0.207717895507813
0.000427246093749939 0.6317138671875 -0.074462890625 -0.183944702148437
-0.09375 0.572509765625 0.0017242431640625 -0.140945434570312
-0.274017333984375 0.46636962890625 0.013458251953125 -0.107444763183594
-0.3057861328125 0.371124267578125 -0.00736618041992189 0.00969982147216799
-0.428375244140625 0.2137451171875 -0.12689208984375 0.10186767578125
-0.554718017578125 0.210113525390625 -0.231185913085938 0.1484375
-0.63787841796875 0.11627197265625 -0.246734619140625 0.152435302734375
-0.53094482421875 0.10760498046875 -0.42645263671875 -0.20654296875
-0.3951416015625 0.119598388671875 -0.251327514648438 0.0339508056640625
-0.3597412109375 0.08941650390625 0.0137596130371094 -0.0370864868164062
-0.361114501953125 0.131500244140625 0.0820159912109375 -0.1829833984375
-0.33526611328125 0.21148681640625 0.0545654296875 -0.3096923828125
-0.232818603515625 0.4375 -0.044403076171875 -0.402374267578125
-0.071563720703125 0.47576904296875 -0.141876220703125 -0.436767578125
-0.0452880859375 0.44464111328125 -0.1348876953125 -0.40594482421875
-0.041961669921875 0.479217529296875 -0.1099853515625 -0.360931396484375
-0.109832763671875 0.397186279296875 -0.00738525390625002 -0.266311645507813
-0.2186279296875 0.284942626953125 0.004669189453125 -0.145828247070312
-0.184768676757813 0.215896606445313 -0.0600776672363281 0.00283432006835938
-0.245361328125 0.169021606445313 -0.224945068359375 0.0792388916015625
-0.382568359375 0.212890625 -0.357269287109375 0.123382568359375
-0.496337890625 0.13482666015625 -0.43402099609375 0.11761474609375
-0.253204345703125 0.118759155273438 -0.561004638671875 -0.23199462890625
-0.152877807617188 0.080718994140625 -0.372833251953125 -0.02264404296875
-0.130538940429688 0.0156402587890625 -0.082611083984375 -0.04376220703125
-0.174636840820313 0.011474609375 0.032562255859375 -0.180221557617188
-0.196609497070312 0.070465087890625 0.070281982421875 -0.331207275390625
-0.165847778320312 0.23046875 -0.031219482421875 -0.501983642578125
-0.077911376953125 0.257980346679688 -0.164306640625 -0.58258056640625
-0.059326171875 0.241653442382813 -0.163970947265625 -0.54107666015625
-0.072479248046875 0.261322021484375 -0.11041259765625 -0.477386474609375
-0.1031494140625 0.180160522460938 0.000457763671874967 -0.329864501953125
-0.130729675292969 0.0882797241210937 -0.0034027099609375 -0.135025024414063
-0.0544891357421875 0.0652542114257812 -0.121955871582031 -0.00326538085937498
-0.0646209716796875 0.124519348144531 -0.302520751953125 0.0180969238281251
-0.187255859375 0.192337036132813 -0.4306640625 0.0633544921875
-0.295318603515625 0.133636474609375 -0.5733642578125 0.0905151367187501
0.00329589843749999 -0.0958099365234375 0.57061767578125 -0.151611328125
-0.0530014038085938 -0.131607055664063 0.4329833984375 0.00808715820312499
-0.109542846679687 -0.0489120483398438 0.299713134765625 0.032196044921875
-0.0779266357421875 0.0421066284179688 0.175537109375 -0.010772705078125
-0.0223541259765625 0.0777206420898438 -0.0280532836914062 0.0879898071289062
0.0604629516601563 0.0418663024902344 -0.01947021484375 0.3531494140625
0.0820465087890625 0.015960693359375 0.121429443359375 0.553131103515625
0.0652694702148438 -0.0002288818359375 0.1903076171875 0.5770263671875
0.0829391479492187 -0.0154037475585937 0.17828369140625 0.58721923828125
0.08038330078125 0.0208053588867188 0.0524902343750001 0.5145263671875
0.0618133544921875 0.0785903930664063 0.00112915039062497 0.3212890625
-0.0134811401367188 0.108291625976562 0.04656982421875 0.148757934570313
-0.110969543457031 0.0520477294921875 0.200698852539063 0.061981201171875
-0.110504150390625 -0.0528640747070313 0.411651611328125 0.019989013671875
-0.0261917114257813 -0.0606536865234375 0.60040283203125 0.27978515625
-0.271347045898438 -0.0401458740234375 0.542022705078125 -0.13934326171875
-0.244369506835938 -0.03631591796875 0.405303955078125 0.07177734375
-0.258148193359375 0.0527191162109375 0.32159423828125 0.0911865234375
-0.197967529296875 0.156524658203125 0.232086181640625 0.00022888183593751
-0.1298828125 0.204544067382813 -0.0111846923828125 0.0406074523925781
0.00909423828124998 0.255783081054688 -0.044464111328125 0.304168701171875
0.094757080078125 0.2552490234375 0.0809326171875 0.512298583984375
0.0733642578125 0.23553466796875 0.169219970703125 0.538787841796875
0.0903778076171875 0.249755859375 0.1683349609375 0.5504150390625
0.0300140380859375 0.267364501953125 0.075714111328125 0.47576904296875
-0.079376220703125 0.27838134765625 0.02203369140625 0.272964477539063
-0.1885986328125 0.2562255859375 0.062652587890625 0.124847412109375
-0.337677001953125 0.0993347167968749 0.20001220703125 0.05194091796875
-0.37445068359375 -0.01019287109375 0.3817138671875 0.02850341796875
-0.300567626953125 -0.04010009765625 0.556427001953125 0.260009765625
-0.527130126953125 0.012969970703125 0.434295654296875 -0.13055419921875
-0.445281982421875 0.0613098144531249 0.34246826171875 0.12078857421875
-0.414642333984375 0.162689208984375 0.3236083984375 0.111236572265625
-0.312652587890625 0.26544189453125 0.257568359375 -0.0132598876953125
-0.227386474609375 0.31036376953125 0.00284767150878905 -0.0197868347167969
-0.063385009765625 0.434417724609375 -0.0678863525390625 0.213287353515625
0.0797119140625 0.45819091796875 0.02691650390625 0.40185546875
0.069976806640625 0.435516357421875 0.118011474609375 0.4210205078125
0.0948486328125 0.47705078125 0.12823486328125 0.42913818359375
0.000854492187500015 0.481201171875 0.084136962890625 0.37158203125
-0.181915283203125 0.461029052734375 0.03631591796875 0.188858032226563
-0.31085205078125 0.39996337890625 0.0678024291992187 0.0917434692382813
-0.507049560546875 0.16680908203125 0.155426025390625 0.0487823486328125
-0.5723876953125 0.0630493164062499 0.277587890625 0.0487213134765625
-0.518707275390625 -0.00387573242187497 0.42156982421875 0.2313232421875
-0.712646484375 0.0604248046874999 0.251449584960937 -0.128433227539062
-0.60052490234375 0.14385986328125 0.240020751953125 0.149093627929688
-0.53302001953125 0.24468994140625 0.3009033203125 0.09161376953125
-0.407073974609375 0.336029052734375 0.2491455078125 -0.058837890625
-0.3179931640625 0.376556396484375 0.00901031494140624 -0.0971832275390625
-0.137420654296875 0.56158447265625 -0.0842971801757813 0.0820770263671875
0.0479736328125 0.60125732421875 -0.03070068359375 0.22833251953125
0.05047607421875 0.57073974609375 0.050933837890625 0.23876953125
0.0907592773437501 0.6285400390625 0.06353759765625 0.248184204101563
-0.01824951171875 0.61724853515625 0.062408447265625 0.212295532226563
-0.24114990234375 0.57598876953125 0.0327224731445312 0.0815200805664063
-0.364715576171875 0.490631103515625 0.0549163818359375 0.0565948486328125
-0.57598876953125 0.231201171875 0.07806396484375 0.0615997314453125
-0.66522216796875 0.1439208984375 0.119644165039062 0.0842132568359375
-0.6475830078125 0.05145263671875 0.218948364257813 0.203414916992188
-0.77960205078125 0.09912109375 0.0184478759765625 -0.138565063476563
-0.64385986328125 0.18756103515625 0.095428466796875 0.144851684570313
-0.56597900390625 0.254638671875 0.2357177734375 0.0439453125
-0.4591064453125 0.335052490234375 0.20343017578125 -0.117111206054688
-0.38262939453125 0.3846435546875 0.0142822265625 -0.18115234375
-0.20111083984375 0.61199951171875 -0.0866546630859375 -0.0760345458984375
0.00634765625000001 0.656982421875 -0.0790786743164063 0.0132675170898438
0.02569580078125 0.619384765625 -0.0216884613037109 0.0198192596435547
0.0650634765625 0.67974853515625 -0.0139884948730469 0.0353927612304688
-0.041015625 0.64703369140625 0.0266647338867187 0.0304183959960938
-0.2613525390625 0.5792236328125 0.0158100128173828 -0.026529312133789
-0.35052490234375 0.48101806640625 0.0250091552734375 0.0245590209960938
-0.534820556640625 0.251617431640625 -0.0189208984375 0.0840988159179688
-0.6419677734375 0.20465087890625 -0.0562515258789063 0.124496459960938
-0.67840576171875 0.102783203125 -0.0101623535156251 0.177444458007813
-0.705810546875 0.12353515625 -0.224472045898438 -0.159423828125
-0.55975341796875 0.179595947265625 -0.078948974609375 0.109733581542969
-0.49658203125 0.195281982421875 0.127883911132812 -0.00132751464843749
-0.44232177734375 0.2586669921875 0.1380615234375 -0.15966796875
-0.389373779296875 0.32635498046875 0.0298614501953124 -0.250747680664063
-0.2281494140625 0.5740966796875 -0.0730133056640625 -0.243392944335937
-0.0262451171875001 0.61474609375 -0.119369506835937 -0.217819213867188
-0.00469970703125001 0.5745849609375 -0.0901031494140625 -0.203750610351563
0.02392578125 0.62786865234375 -0.0816192626953125 -0.175003051757812
-0.0703125 0.5640869140625 -0.00778961181640626 -0.139175415039062
-0.250762939453125 0.467742919921875 -0.000450134277343756 -0.106391906738281
-0.281005859375 0.373748779296875 -0.0163860321044922 0.00761890411376956
-0.405426025390625 0.22467041015625 -0.123626708984375 0.0990447998046875
-0.52508544921875 0.235015869140625 -0.2191162109375 0.145538330078125
-0.6148681640625 0.14166259765625 -0.232833862304688 0.152252197265625
-0.512298583984375 0.134063720703125 -0.43023681640625 -0.1827392578125
-0.376068115234375 0.135406494140625 -0.2481689453125 0.05462646484375
-0.340118408203125 0.103057861328125 0.00852966308593748 -0.0247592926025391
-0.34515380859375 0.14129638671875 0.07366943359375 -0.170578002929688
-0.323333740234375 0.217620849609375 0.0516357421875 -0.296600341796875
-0.21038818359375 0.44451904296875 -0.053131103515625 -0.38916015625
-0.049560546875 0.475494384765625 -0.154083251953125 -0.42523193359375
-0.027374267578125 0.4404296875 -0.147247314453125 -0.398681640625
-0.022918701171875 0.479217529296875 -0.122467041015625 -0.3507080078125
-0.0914306640625 0.393341064453125 -0.01959228515625 -0.262237548828125
-0.203338623046875 0.28839111328125 -0.0062103271484375 -0.139961242675781
-0.170852661132812 0.21630859375 -0.0659637451171875 0.00635147094726564
-0.22821044921875 0.174118041992188 -0.222244262695313 0.0814056396484375
-0.354248046875 0.231353759765625 -0.344207763671875 0.1251220703125
-0.475860595703125 0.15582275390625 -0.420867919921875 0.128509521484375
-0.238540649414063 0.132843017578125 -0.56103515625 -0.20147705078125
-0.141448974609375 0.084564208984375 -0.372589111328125 0.00195312500000004
-0.123504638671875 0.021636962890625 -0.0892715454101563 -0.0244293212890625
-0.17291259765625 0.0190277099609375 0.02606201171875 -0.164031982421875
-0.19232177734375 0.07745361328125 0.066650390625 -0.31549072265625
-0.153564453125 0.237152099609375 -0.04205322265625 -0.48712158203125
-0.0663604736328125 0.259658813476563 -0.17950439453125 -0.5682373046875
-0.04888916015625 0.241958618164063 -0.183990478515625 -0.5313720703125
-0.0627593994140625 0.262588500976563 -0.130706787109375 -0.46453857421875
-0.0951995849609375 0.179962158203125 -0.00961303710937502 -0.325714111328125
-0.125350952148438 0.0918655395507813 -0.0116958618164062 -0.128944396972656
-0.0483818054199219 0.0638084411621094 -0.126022338867188 0.00811004638671878
-0.05255126953125 0.122634887695313 -0.300201416015625 0.026214599609375
-0.165451049804688 0.199600219726563 -0.418212890625 0.0684814453125
-0.278976440429688 0.147293090820312 -0.554779052734375 0.10791015625
0.0027008056640625 -0.0997772216796875 0.559783935546875 -0.16571044921875
-0.0619049072265625 -0.130363464355469 0.43408203125 0.00527954101562499
-0.114311218261719 -0.04632568359375 0.313568115234375 0.026702880859375
-0.079254150390625 0.0465545654296875 0.18475341796875 -0.0206146240234375
-0.0202407836914062 0.0818634033203125 -0.0223846435546875 0.0826187133789063
0.0630569458007813 0.04022216796875 -0.00927734375 0.350830078125
0.084136962890625 0.0122756958007812 0.138702392578125 0.551422119140625
0.0648956298828125 -0.00414657592773438 0.20770263671875 0.575927734375
0.0822830200195313 -0.0214691162109375 0.187744140625 0.58642578125
0.0807723999023437 0.0162734985351562 0.052398681640625 0.510986328125
0.067108154296875 0.0753097534179688 -0.00546264648437501 0.310638427734375
-0.00911712646484375 0.108489990234375 0.0414047241210938 0.131149291992188
-0.111175537109375 0.0547561645507813 0.200210571289063 0.035064697265625
-0.116172790527344 -0.0508956909179688 0.408538818359375 -0.002166748046875
-0.0289382934570312 -0.0633354187011719 0.6055908203125 0.25946044921875
-0.265594482421875 -0.035064697265625 0.53253173828125 -0.15289306640625
-0.245742797851563 -0.0313568115234375 0.40997314453125 0.071746826171875
-0.25543212890625 0.0580596923828125 0.338592529296875 0.086578369140625
-0.19219970703125 0.161209106445313 0.24151611328125 -0.0114593505859375
-0.122604370117187 0.208908081054687 -0.00546646118164063 0.0355644226074219
0.0171051025390625 0.254196166992188 -0.0361328125 0.302734375
0.1029052734375 0.252059936523437 0.097076416015625 0.513916015625
0.0788726806640625 0.231826782226563 0.18487548828125 0.537322998046875
0.0964202880859375 0.245040893554687 0.178497314453125 0.55078125
0.03564453125 0.261947631835938 0.076202392578125 0.475006103515625
-0.0710296630859375 0.278915405273438 0.013916015625 0.265884399414063
-0.17889404296875 0.259567260742188 0.0564193725585937 0.109832763671875
-0.332733154296875 0.107421875 0.197860717773437 0.0263519287109375
-0.373046875 0.00146484375000008 0.378936767578125 0.009124755859375
-0.298736572265625 -0.035614013671875 0.56036376953125 0.23980712890625
-0.5157470703125 0.027374267578125 0.42523193359375 -0.141632080078125
-0.43927001953125 0.0720825195312501 0.347015380859375 0.124267578125
-0.4000244140625 0.171173095703125 0.33880615234375 0.11181640625
-0.29876708984375 0.272125244140625 0.267669677734375 -0.0224151611328125
-0.21826171875 0.314849853515625 0.00748062133789061 -0.0232143402099609
-0.047698974609375 0.434173583984375 -0.0612945556640625 0.214523315429688
0.093505859375 0.45660400390625 0.041168212890625 0.405029296875
0.07952880859375 0.4346923828125 0.132781982421875 0.4193115234375
0.1085205078125 0.474761962890625 0.137969970703125 0.432037353515625
0.012054443359375 0.47589111328125 0.084625244140625 0.369873046875
-0.1697998046875 0.46429443359375 0.0262603759765625 0.184814453125
-0.298553466796875 0.405914306640625 0.059661865234375 0.080657958984375
-0.4976806640625 0.18060302734375 0.15252685546875 0.027587890625
-0.5631103515625 0.0794677734375001 0.274627685546875 0.031494140625
-0.51239013671875 0.00921630859375003 0.425506591796875 0.214508056640625
-0.69708251953125 0.08270263671875 0.243972778320312 -0.1346435546875
-0.58502197265625 0.16064453125 0.24627685546875 0.154510498046875
-0.5120849609375 0.255218505859375 0.312469482421875 0.09490966796875
-0.388916015625 0.345550537109375 0.2559814453125 -0.0628204345703125
-0.307861328125 0.381561279296875 0.0121307373046875 -0.0972366333007812
-0.12042236328125 0.5623779296875 -0.0797653198242188 0.0871658325195313
0.06378173828125 0.6014404296875 -0.018524169921875 0.234039306640625
0.0651855468749999 0.57086181640625 0.0623931884765625 0.238327026367188
0.10693359375 0.628173828125 0.0688934326171875 0.252731323242188
-0.00390625 0.61358642578125 0.0620880126953125 0.211685180664063
-0.22576904296875 0.58221435546875 0.0200729370117187 0.0794143676757813
-0.34967041015625 0.49774169921875 0.0453910827636719 0.0479011535644531
-0.5631103515625 0.24310302734375 0.0748291015625 0.0462265014648438
-0.6488037109375 0.1622314453125 0.118888854980469 0.0709457397460938
-0.6375732421875 0.06732177734375 0.2257080078125 0.189743041992188
-0.76080322265625 0.1236572265625 0.0118026733398437 -0.137611389160156
-0.62542724609375 0.2042236328125 0.101089477539062 0.154586791992188
-0.54302978515625 0.267730712890625 0.241989135742187 0.05218505859375
-0.441253662109375 0.343109130859375 0.208206176757813 -0.114898681640625
-0.3719482421875 0.38909912109375 0.0167388916015625 -0.177474975585937
-0.18194580078125 0.61590576171875 -0.0835952758789063 -0.0701904296875
0.0257568359375 0.658935546875 -0.073455810546875 0.0174331665039063
0.0405273437499999 0.6199951171875 -0.0158843994140625 0.0190258026123047
0.0843505859374999 0.68408203125 -0.0120391845703125 0.0400047302246094
-0.02581787109375 0.64544677734375 0.0228424072265625 0.0298042297363282
-0.24822998046875 0.58660888671875 0.00163650512695311 -0.026620864868164
-0.335357666015625 0.48724365234375 0.0159015655517578 0.021047592163086
-0.52178955078125 0.261688232421875 -0.0212554931640625 0.075225830078125
-0.62384033203125 0.22430419921875 -0.0546493530273438 0.117591857910156
-0.6654052734375 0.11944580078125 -0.00398254394531254 0.16998291015625
-0.688720703125 0.1483154296875 -0.229583740234375 -0.150054931640625
-0.54150390625 0.19403076171875 -0.074310302734375 0.122634887695313
-0.477294921875 0.20709228515625 0.130783081054687 0.0115814208984375
-0.4300537109375 0.266204833984375 0.137969970703125 -0.14990234375
-0.3846435546875 0.332611083984375 0.0321044921875 -0.244232177734375
-0.2125244140625 0.57977294921875 -0.071685791015625 -0.235198974609375
-0.00897216796874999 0.61895751953125 -0.119979858398437 -0.214462280273437
0.01031494140625 0.57830810546875 -0.0914154052734375 -0.204788208007812
0.03955078125 0.6312255859375 -0.08551025390625 -0.171096801757812
-0.0556030273437499 0.56341552734375 -0.0133895874023438 -0.138153076171875
-0.2398681640625 0.475250244140625 -0.012542724609375 -0.104957580566406
-0.268402099609375 0.375244140625 -0.0250320434570313 0.00893592834472659
-0.39013671875 0.230438232421875 -0.125457763671875 0.094573974609375
-0.502471923828125 0.249298095703125 -0.215774536132813 0.140701293945313
-0.60211181640625 0.15533447265625 -0.226608276367188 0.150802612304687
-0.498199462890625 0.154693603515625 -0.4351806640625 -0.167633056640625
-0.362701416015625 0.146453857421875 -0.246246337890625 0.073150634765625
-0.32666015625 0.10894775390625 0.00763559341430662 -0.00629472732543945
-0.338165283203125 0.146331787109375 0.073455810546875 -0.1563720703125
-0.323028564453125 0.224334716796875 0.053924560546875 -0.289154052734375
-0.19830322265625 0.450775146484375 -0.05340576171875 -0.382537841796875
-0.036773681640625 0.480010986328125 -0.1602783203125 -0.422454833984375
-0.018096923828125 0.445587158203125 -0.15496826171875 -0.39923095703125
-0.00872802734374997 0.486083984375 -0.1324462890625 -0.34735107421875
-0.08380126953125 0.39453125 -0.0280914306640625 -0.261093139648438
-0.19775390625 0.291778564453125 -0.0166549682617188 -0.136138916015625
-0.163131713867188 0.214614868164062 -0.0747528076171875 0.0106201171875
-0.21258544921875 0.175048828125 -0.224288940429688 0.081390380859375
-0.3333740234375 0.241302490234375 -0.341583251953125 0.123565673828125
-0.462646484375 0.169769287109375 -0.413299560546875 0.132293701171875
-0.230133056640625 0.144256591796875 -0.566162109375 -0.184326171875
-0.135231018066406 0.0896377563476563 -0.371856689453125 0.024444580078125
-0.116859436035156 0.0237808227539063 -0.088836669921875 -0.00418853759765627
-0.171524047851563 0.0227508544921875 0.0264892578125 -0.147140502929688
-0.193984985351563 0.0814971923828125 0.069427490234375 -0.3076171875
-0.146728515625 0.243942260742187 -0.043365478515625 -0.483673095703125
-0.059326171875 0.263031005859375 -0.1915283203125 -0.5684814453125
-0.042510986328125 0.246063232421875 -0.19879150390625 -0.532012939453125
-0.05621337890625 0.267776489257813 -0.14434814453125 -0.46148681640625
-0.0928497314453125 0.182144165039063 -0.0201416015625 -0.32421875
-0.123771667480469 0.0934524536132812 -0.0188217163085938 -0.122177124023438
-0.0432662963867187 0.0589828491210938 -0.133064270019531 0.0165786743164062
-0.0404586791992188 0.120933532714844 -0.30584716796875 0.02996826171875
-0.148590087890625 0.205795288085938 -0.417999267578125 0.06939697265625
-0.27008056640625 0.15631103515625 -0.547760009765625 0.118133544921875
0.000175476074218747 -0.107025146484375 0.557403564453125 -0.180389404296875
-0.0738906860351563 -0.131141662597656 0.447418212890625 0.00402832031249999
-0.123832702636719 -0.0426101684570312 0.336029052734375 0.016815185546875
-0.0813522338867187 0.05279541015625 0.198623657226563 -0.0345916748046875
-0.0169525146484375 0.0877914428710938 -0.0169830322265625 0.077606201171875
0.0669898986816406 0.0393524169921875 0.00167846679687499 0.35345458984375
0.0877914428710938 0.00800323486328125 0.163787841796875 0.56011962890625
0.0650177001953125 -0.00864410400390625 0.2314453125 0.58477783203125
0.0813064575195313 -0.0283966064453125 0.205078125 0.60015869140625
0.081939697265625 0.01031494140625 0.054534912109375 0.522735595703125
0.07220458984375 0.0718917846679688 -0.01519775390625 0.310394287109375
-0.00363159179687499 0.110031127929688 0.0317840576171875 0.115776062011719
-0.11236572265625 0.0602951049804687 0.197952270507813 0.0063018798828125
-0.125564575195313 -0.049407958984375 0.41021728515625 -0.028411865234375
-0.0333976745605469 -0.0680885314941406 0.62481689453125 0.24114990234375
-0.265777587890625 -0.0326690673828125 0.5303955078125 -0.16925048828125
-0.252090454101563 -0.0260009765625 0.423675537109375 0.073455810546875
-0.258392333984375 0.0638275146484375 0.3643798828125 0.079132080078125
-0.189437866210938 0.170623779296875 0.257614135742188 -0.02728271484375
-0.11798095703125 0.21795654296875 -0.000696182250976568 0.0285186767578125
0.027496337890625 0.256729125976563 -0.02716064453125 0.30633544921875
0.114303588867188 0.251495361328125 0.12017822265625 0.523223876953125
0.08599853515625 0.233001708984375 0.20684814453125 0.54541015625
0.10430908203125 0.246261596679688 0.19732666015625 0.56396484375
0.0420989990234375 0.262252807617188 0.0799560546875 0.485992431640625
-0.06298828125 0.284332275390625 0.00315856933593749 0.26708984375
-0.172622680664063 0.268325805664063 0.0456008911132812 0.097076416015625
-0.334625244140625 0.11767578125 0.19342041015625 -0.00106811523437499
-0.378814697265625 0.0118103027343751 0.3804931640625 -0.01373291015625
-0.302337646484375 -0.03143310546875 0.5760498046875 0.22113037109375
-0.51416015625 0.040863037109375 0.422576904296875 -0.154296875
-0.439178466796875 0.0855712890625 0.364349365234375 0.127655029296875
-0.395904541015625 0.1820068359375 0.36474609375 0.107666015625
-0.2901611328125 0.28302001953125 0.284149169921875 -0.03564453125
-0.213043212890625 0.324493408203125 0.0117912292480469 -0.0302562713623047
-0.033233642578125 0.440460205078125 -0.0545654296875 0.218582153320313
0.11077880859375 0.46435546875 0.059844970703125 0.4149169921875
0.09332275390625 0.441131591796875 0.152069091796875 0.4254150390625
0.124755859375 0.4815673828125 0.1556396484375 0.444122314453125
0.02398681640625 0.482879638671875 0.086883544921875 0.377960205078125
-0.158843994140625 0.478179931640625 0.013519287109375 0.187057495117188
-0.289337158203125 0.420379638671875 0.0478897094726562 0.0703353881835938
-0.498321533203125 0.194671630859375 0.146041870117187 0.00492858886718751
-0.565185546875 0.0967407226562501 0.274658203125 0.0122833251953125
-0.513824462890625 0.0215759277343751 0.439056396484375 0.19842529296875
-0.693115234375 0.10638427734375 0.240142822265625 -0.143447875976563
-0.58062744140625 0.178955078125 0.261688232421875 0.162673950195313
-0.50048828125 0.268218994140625 0.336700439453125 0.095916748046875
-0.37689208984375 0.35760498046875 0.2705078125 -0.07257080078125
-0.3045654296875 0.392547607421875 0.016326904296875 -0.102577209472656
-0.10333251953125 0.57373046875 -0.0743331909179688 0.0919952392578125
0.08660888671875 0.614013671875 -0.00579833984374999 0.2415771484375
0.08209228515625 0.581298828125 0.0758819580078125 0.240692138671875
0.12738037109375 0.6416015625 0.0797576904296875 0.262252807617188
0.01190185546875 0.62347412109375 0.0626220703125 0.21624755859375
-0.21337890625 0.60064697265625 0.00590515136718749 0.0820083618164063
-0.3392333984375 0.5142822265625 0.0331497192382812 0.0414237976074219
-0.5626220703125 0.2611083984375 0.0673179626464843 0.0296821594238281
-0.64556884765625 0.18438720703125 0.118118286132812 0.0579071044921875
-0.637451171875 0.0834960937500001 0.235183715820312 0.179183959960938
-0.7557373046875 0.15203857421875 0.00547790527343745 -0.139678955078125
-0.61700439453125 0.2254638671875 0.113571166992187 0.166275024414063
-0.52960205078125 0.28118896484375 0.26025390625 0.05902099609375
-0.4305419921875 0.355438232421875 0.218704223632812 -0.116744995117187
-0.373565673828125 0.403076171875 0.0216217041015625 -0.179473876953125
-0.1668701171875 0.6326904296875 -0.0805130004882813 -0.0650482177734375
0.0474853515624999 0.6746826171875 -0.0673751831054688 0.0204086303710938
0.05902099609375 0.635986328125 -0.0105609893798828 0.0175724029541016
0.1068115234375 0.6998291015625 -0.0100631713867187 0.0452537536621094
-0.00781249999999997 0.65826416015625 0.0186805725097656 0.0318336486816407
-0.23529052734375 0.607666015625 -0.01373291015625 -0.0240039825439453
-0.32415771484375 0.502716064453125 0.00382995605468748 0.0192623138427735
-0.5172119140625 0.275665283203125 -0.0284805297851563 0.0662345886230469
-0.6131591796875 0.2445068359375 -0.0572280883789063 0.110252380371094
-0.66400146484375 0.1353759765625 0.00138854980468745 0.164810180664063
-0.6817626953125 0.176513671875 -0.239212036132813 -0.144317626953125
-0.530975341796875 0.212127685546875 -0.0669097900390625 0.140182495117188
-0.464508056640625 0.216705322265625 0.142532348632812 0.0245208740234375
-0.423187255859375 0.276763916015625 0.146224975585937 -0.144866943359375
-0.387054443359375 0.34637451171875 0.03759765625 -0.245452880859375
-0.19964599609375 0.59765625 -0.0699615478515625 -0.234786987304688
0.0105590820312501 0.63470458984375 -0.122055053710937 -0.216690063476563
0.0279541015625 0.591552734375 -0.0963134765625 -0.21136474609375
0.0636596679687499 0.64935302734375 -0.092376708984375 -0.170623779296875
-0.0431518554687499 0.5758056640625 -0.021392822265625 -0.13861083984375
-0.23162841796875 0.4913330078125 -0.02734375 -0.101516723632812
-0.259918212890625 0.384735107421875 -0.0352210998535156 0.0112686157226563
-0.381439208984375 0.238677978515625 -0.132987976074219 0.0925216674804688
-0.488616943359375 0.26690673828125 -0.220993041992188 0.138473510742188
-0.597412109375 0.17523193359375 -0.224945068359375 0.152481079101562
-0.489532470703125 0.1790771484375 -0.447998046875 -0.15545654296875
-0.3546142578125 0.159332275390625 -0.244461059570313 0.0957183837890625
-0.3175048828125 0.11505126953125 0.0145797729492187 0.0128917694091797
-0.3372802734375 0.1556396484375 0.0804595947265625 -0.145050048828125
-0.329010009765625 0.2364501953125 0.06103515625 -0.28912353515625
-0.18878173828125 0.468841552734375 -0.0528564453125 -0.3858642578125
-0.021392822265625 0.494049072265625 -0.169586181640625 -0.4305419921875
-0.00311279296874996 0.457275390625 -0.170013427734375 -0.40936279296875
0.00640869140624997 0.500152587890625 -0.147979736328125 -0.349578857421875
-0.076080322265625 0.40283203125 -0.0380859375 -0.263824462890625
-0.19500732421875 0.301971435546875 -0.0284881591796875 -0.131484985351562
-0.158416748046875 0.216354370117188 -0.0848236083984375 0.0181808471679687
-0.201568603515625 0.177352905273437 -0.235214233398438 0.0855560302734375
-0.31536865234375 0.255645751953125 -0.34844970703125 0.1243896484375
-0.4573974609375 0.1856689453125 -0.41552734375 0.1395263671875
-0.2215576171875 0.159286499023438 -0.5816650390625 -0.16656494140625
-0.129615783691406 0.0954971313476562 -0.37579345703125 0.0509033203125
-0.11083984375 0.024749755859375 -0.0837326049804687 0.0195236206054688
-0.174346923828125 0.0265655517578125 0.0344314575195312 -0.1319580078125
-0.199615478515625 0.0899658203125 0.0782470703125 -0.30816650390625
-0.142578125 0.256027221679688 -0.044830322265625 -0.491668701171875
-0.0511322021484375 0.272445678710938 -0.21026611328125 -0.58074951171875
-0.035888671875 0.254470825195313 -0.221435546875 -0.541168212890625
-0.0483551025390625 0.279205322265625 -0.164337158203125 -0.468048095703125
-0.0920867919921875 0.188369750976562 -0.030242919921875 -0.327392578125
-0.125968933105469 0.096649169921875 -0.0257797241210938 -0.116371154785156
-0.0413322448730469 0.054595947265625 -0.143112182617187 0.0279083251953125
-0.0272750854492188 0.119186401367187 -0.319671630859375 0.03826904296875
-0.131439208984375 0.214492797851563 -0.428497314453125 0.0714111328124999
-0.262771606445312 0.169677734375 -0.55035400390625 0.131591796875
-0.00697326660156249 -0.116539001464844 0.556121826171875 -0.20465087890625
-0.0906829833984375 -0.129219055175781 0.469390869140625 -0.00686645507812501
-0.136054992675781 -0.0342330932617187 0.36444091796875 -0.0047607421875
-0.0826568603515625 0.0629501342773438 0.213226318359375 -0.0576934814453125
-0.0108718872070312 0.0954360961914063 -0.0115470886230469 0.0701179504394531
0.0743637084960938 0.0369186401367187 0.01983642578125 0.358856201171875
0.0916595458984375 0.000152587890625 0.20233154296875 0.56768798828125
0.0645370483398438 -0.0147781372070312 0.27325439453125 0.5958251953125
0.0793991088867188 -0.0363235473632813 0.2415771484375 0.619140625
0.0826873779296875 0.00310516357421875 0.0679931640624999 0.543853759765625
0.07977294921875 0.067779541015625 -0.0220947265625 0.3204345703125
0.00379943847656251 0.111923217773438 0.0164794921875 0.103538513183594
-0.114845275878906 0.0690994262695313 0.187210083007813 -0.02789306640625
-0.138465881347656 -0.0437698364257812 0.4105224609375 -0.063507080078125
-0.0414581298828125 -0.0728836059570313 0.650390625 0.2108154296875
-0.27105712890625 -0.0273895263671875 0.52911376953125 -0.193939208984375
-0.262420654296875 -0.0157623291015625 0.45013427734375 0.063385009765625
-0.263595581054688 0.0767822265625 0.398162841796875 0.058563232421875
-0.185089111328125 0.184829711914062 0.274749755859375 -0.053924560546875
-0.10980224609375 0.231887817382813 0.00278282165527343 0.0176811218261719
0.0443115234375 0.2611083984375 -0.012420654296875 0.3123779296875
0.133224487304687 0.251968383789062 0.156158447265625 0.533905029296875
0.09893798828125 0.234909057617187 0.248291015625 0.5538330078125
0.118850708007813 0.247848510742188 0.23419189453125 0.5816650390625
0.053955078125 0.26519775390625 0.09466552734375 0.5035400390625
-0.0499267578125 0.29437255859375 -0.00578308105468751 0.277450561523438
-0.161895751953125 0.28167724609375 0.0298004150390625 0.0868148803710938
-0.337799072265625 0.136383056640625 0.180862426757812 -0.0327301025390625
-0.389556884765625 0.0299377441406249 0.379547119140625 -0.0467529296875
-0.311492919921875 -0.0238342285156251 0.600830078125 0.19256591796875
-0.516632080078125 0.06158447265625 0.42059326171875 -0.176055908203125
-0.443267822265625 0.10626220703125 0.391143798828125 0.1243896484375
-0.392242431640625 0.198974609375 0.40142822265625 0.09149169921875
-0.279296875 0.301422119140625 0.303680419921875 -0.061676025390625
-0.20550537109375 0.343719482421875 0.014373779296875 -0.0409774780273437
-0.00927734375000002 0.45367431640625 -0.042877197265625 0.224945068359375
0.141082763671875 0.47235107421875 0.090087890625 0.426605224609375
0.117950439453125 0.450103759765625 0.18426513671875 0.43011474609375
0.154632568359375 0.4925537109375 0.1854248046875 0.459014892578125
0.045440673828125 0.49420166015625 0.09881591796875 0.392059326171875
-0.139678955078125 0.500732421875 0.00334167480468751 0.197418212890625
-0.276336669921875 0.44342041015625 0.0321044921875 0.0634918212890625
-0.501861572265625 0.220123291015625 0.132125854492187 -0.021453857421875
-0.5718994140625 0.12548828125 0.272140502929687 -0.01434326171875
-0.522552490234375 0.0415954589843749 0.457916259765625 0.173858642578125
-0.6934814453125 0.13909912109375 0.234725952148437 -0.157257080078125
-0.5784912109375 0.2095947265625 0.2877197265625 0.1651611328125
-0.491455078125 0.29095458984375 0.37127685546875 0.086212158203125
-0.363037109375 0.378814697265625 0.289215087890625 -0.092742919921875
-0.2965087890625 0.416259765625 0.0187454223632812 -0.112709045410156
-0.07733154296875 0.5943603515625 -0.0667877197265625 0.09747314453125
0.12164306640625 0.629150390625 0.0133056640625 0.249740600585938
0.11444091796875 0.59814453125 0.095550537109375 0.242034912109375
0.169189453125 0.66046142578125 0.0991973876953125 0.272705078125
0.04248046875 0.64227294921875 0.067840576171875 0.225433349609375
-0.189208984375 0.63116455078125 -0.00811767578125001 0.091094970703125
-0.322021484375 0.542633056640625 0.0179405212402344 0.0383033752441407
-0.5633544921875 0.28961181640625 0.0536003112792968 0.0127677917480469
-0.645751953125 0.2176513671875 0.113624572753906 0.0416259765625
-0.64544677734375 0.10980224609375 0.249114990234375 0.16375732421875
-0.75164794921875 0.19378662109375 -0.00512695312500005 -0.143081665039063
-0.6075439453125 0.2591552734375 0.134719848632812 0.177459716796875
-0.5169677734375 0.303558349609375 0.28863525390625 0.057891845703125
-0.420318603515625 0.376739501953125 0.2342529296875 -0.127761840820313
-0.36944580078125 0.428924560546875 0.024566650390625 -0.187973022460937
-0.1390380859375 0.6585693359375 -0.0766677856445313 -0.06298828125
0.0849609375 0.69671630859375 -0.0615882873535156 0.0235176086425782
0.0941162109375 0.655517578125 -0.00613117218017578 0.0139226913452149
0.15106201171875 0.72296142578125 -0.00636291503906249 0.0518569946289063
0.022705078125 0.6800537109375 0.015350341796875 0.0364112854003907
-0.21295166015625 0.63958740234375 -0.0294361114501953 -0.0163097381591797
-0.30780029296875 0.529052734375 -0.0101699829101563 0.0195903778076172
-0.51220703125 0.300445556640625 -0.0422019958496094 0.0594215393066406
-0.60406494140625 0.27581787109375 -0.0635223388671876 0.104286193847656
-0.66717529296875 0.169921875 0.00956726074218746 0.160247802734375
-0.67218017578125 0.21875 -0.254837036132813 -0.135940551757813
-0.52001953125 0.241241455078125 -0.0530242919921875 0.159530639648438
-0.453704833984375 0.232421875 0.163314819335937 0.0337371826171875
-0.41766357421875 0.296966552734375 0.15972900390625 -0.145111083984375
-0.38848876953125 0.37493896484375 0.0413970947265625 -0.252593994140625
-0.17620849609375 0.627197265625 -0.07171630859375 -0.238143920898437
0.0457763671875 0.659423828125 -0.13037109375 -0.221893310546875
0.0616455078125 0.6148681640625 -0.1090087890625 -0.218536376953125
0.103271484375 0.67413330078125 -0.104400634765625 -0.168365478515625
-0.0171508789062499 0.59735107421875 -0.032745361328125 -0.138847351074219
-0.21563720703125 0.519256591796875 -0.04376220703125 -0.0950241088867187
-0.2484130859375 0.402130126953125 -0.0479087829589844 0.0175247192382813
-0.37286376953125 0.253448486328125 -0.146331787109375 0.0960845947265625
-0.471527099609375 0.29217529296875 -0.23004150390625 0.142791748046875
-0.59771728515625 0.2052001953125 -0.223373413085938 0.158493041992188
-0.4764404296875 0.211212158203125 -0.46807861328125 -0.1357421875
-0.3447265625 0.178802490234375 -0.2384033203125 0.1240234375
-0.31072998046875 0.123931884765625 0.0294818878173828 0.0320167541503906
-0.338104248046875 0.171722412109375 0.0929794311523437 -0.137916564941406
-0.33258056640625 0.259979248046875 0.067230224609375 -0.2974853515625
-0.1707763671875 0.494384765625 -0.059417724609375 -0.39666748046875
0.00512695312499997 0.51483154296875 -0.192901611328125 -0.44146728515625
0.021575927734375 0.476806640625 -0.197967529296875 -0.420257568359375
0.037078857421875 0.522705078125 -0.17218017578125 -0.35272216796875
-0.061676025390625 0.421356201171875 -0.0546875 -0.26751708984375
-0.189178466796875 0.319610595703125 -0.041656494140625 -0.1258544921875
-0.152130126953125 0.222763061523438 -0.094635009765625 0.0304183959960938
-0.189102172851563 0.182174682617188 -0.250473022460938 0.0982513427734375
-0.294921875 0.273345947265625 -0.364349365234375 0.1348876953125
-0.4510498046875 0.213775634765625 -0.41925048828125 0.157989501953125
-0.208221435546875 0.179275512695313 -0.6051025390625 -0.13818359375
-0.121223449707031 0.104804992675781 -0.37750244140625 0.086883544921875
-0.106552124023438 0.0254898071289062 -0.0701942443847656 0.0453605651855469
-0.1785888671875 0.033233642578125 0.0493850708007812 -0.121917724609375
-0.206085205078125 0.103836059570313 0.086029052734375 -0.318359375
-0.132675170898437 0.274932861328125 -0.0575561523437501 -0.510101318359375
-0.037567138671875 0.28753662109375 -0.24359130859375 -0.595458984375
-0.0218658447265625 0.26690673828125 -0.261138916015625 -0.5523681640625
-0.032562255859375 0.29571533203125 -0.19757080078125 -0.474334716796875
-0.088348388671875 0.200424194335938 -0.0484619140625 -0.33245849609375
-0.127922058105469 0.103111267089844 -0.0343856811523438 -0.108436584472656
-0.0398368835449219 0.05029296875 -0.15313720703125 0.04754638671875
-0.0119247436523438 0.115951538085937 -0.339996337890625 0.056396484375
-0.11004638671875 0.224639892578125 -0.445831298828125 0.0853271484375
-0.25396728515625 0.190032958984375 -0.55499267578125 0.157989501953125
-0.0190505981445313 -0.124496459960937 0.54437255859375 -0.23681640625
-0.11004638671875 -0.120109558105469 0.490814208984375 -0.03271484375
-0.14691162109375 -0.0185394287109375 0.388153076171875 -0.0445556640625
-0.0789031982421875 0.0754547119140625 0.219741821289063 -0.0925140380859375
0.000526428222656256 0.1015625 -0.00828933715820313 0.0599861145019531
0.0811920166015625 0.0303802490234375 0.045867919921875 0.35516357421875
0.093658447265625 -0.0106277465820313 0.25482177734375 0.56109619140625
0.0620384216308594 -0.0212860107421875 0.32818603515625 0.5872802734375
0.0745315551757813 -0.0457687377929687 0.29510498046875 0.62286376953125
0.0817947387695313 -0.00667572021484375 0.097381591796875 0.562103271484375
0.0872116088867188 0.0594253540039063 -0.02252197265625 0.33551025390625
0.01300048828125 0.11151123046875 -0.00542449951171875 0.09765625
-0.112869262695313 0.080841064453125 0.1611328125 -0.0625152587890625
-0.151351928710938 -0.0320281982421875 0.396697998046875 -0.107452392578125
-0.0534896850585937 -0.0750274658203125 0.6712646484375 0.1611328125
-0.275115966796875 -0.0167388916015625 0.51739501953125 -0.22479248046875
-0.27032470703125 0.00263977050781249 0.47772216796875 0.041534423828125
-0.265762329101563 0.09600830078125 0.428924560546875 0.018463134765625
-0.17364501953125 0.201934814453125 0.283660888671875 -0.093505859375
-0.092926025390625 0.245590209960937 0.00225591659545898 0.00504350662231447
0.0673828125 0.2606201171875 0.00970458984375003 0.312774658203125
0.156158447265625 0.243331909179688 0.2052001953125 0.529510498046875
0.116912841796875 0.231735229492188 0.300994873046875 0.545379638671875
0.138900756835938 0.243743896484375 0.28759765625 0.58306884765625
0.0710601806640625 0.264205932617188 0.1246337890625 0.51910400390625
-0.029296875 0.30035400390625 -0.00708007812499998 0.292694091796875
-0.14337158203125 0.29498291015625 0.00900268554687499 0.0825653076171875
-0.3333740234375 0.161041259765625 0.153488159179687 -0.06396484375
-0.394073486328125 0.0575866699218751 0.365966796875 -0.087615966796875
-0.318939208984375 -0.00833129882812505 0.61871337890625 0.14306640625
-0.5111083984375 0.0907592773437501 0.407989501953125 -0.202667236328125
-0.43878173828125 0.135955810546875 0.422576904296875 0.106201171875
-0.382049560546875 0.223602294921875 0.4365234375 0.0550537109375
-0.259124755859375 0.320587158203125 0.3150634765625 -0.10137939453125
-0.185638427734375 0.36187744140625 0.0125541687011719 -0.0557670593261719
0.02569580078125 0.45855712890625 -0.0254364013671875 0.227828979492188
0.181365966796875 0.467681884765625 0.130279541015625 0.424713134765625
0.152801513671875 0.45086669921875 0.227142333984375 0.423828125
0.195404052734375 0.491546630859375 0.23114013671875 0.4603271484375
0.080108642578125 0.49951171875 0.122711181640625 0.402740478515625
-0.10467529296875 0.5191650390625 -0.0019073486328125 0.213180541992188
-0.246612548828125 0.468109130859375 0.0119514465332031 0.0627632141113282
-0.493621826171875 0.255157470703125 0.105255126953125 -0.0444869995117187
-0.56689453125 0.16265869140625 0.258590698242187 -0.0447235107421875
-0.52435302734375 0.0701293945312499 0.47235107421875 0.135833740234375
-0.67901611328125 0.18280029296875 0.22113037109375 -0.173492431640625
-0.560150146484375 0.2470703125 0.31939697265625 0.1552734375
-0.471343994140625 0.315185546875 0.405548095703125 0.057525634765625
-0.338104248046875 0.40069580078125 0.302001953125 -0.126556396484375
-0.277069091796875 0.442413330078125 0.0158004760742187 -0.12554931640625
-0.0336914062499999 0.60748291015625 -0.0557022094726563 0.100570678710938
0.1746826171875 0.63250732421875 0.0408172607421875 0.250656127929688
0.16259765625 0.60418701171875 0.12054443359375 0.2359619140625
0.2265625 0.664794921875 0.127410888671875 0.275466918945313
0.0879516601562499 0.651123046875 0.080657958984375 0.23443603515625
-0.14532470703125 0.65740966796875 -0.0173492431640625 0.107917785644531
-0.28717041015625 0.571044921875 -0.00103759765625002 0.0409126281738282
-0.54876708984375 0.326202392578125 0.0300521850585937 0.000371932983398457
-0.6314697265625 0.2586669921875 0.102775573730469 0.0237884521484375
-0.6407470703125 0.14971923828125 0.261306762695312 0.13787841796875
-0.7279052734375 0.24493408203125 -0.0194854736328125 -0.142776489257812
-0.58184814453125 0.29718017578125 0.163986206054687 0.179489135742188
-0.492156982421875 0.326324462890625 0.31976318359375 0.04107666015625
-0.396484375 0.401824951171875 0.247573852539063 -0.149490356445312
-0.3515625 0.460968017578125 0.0218505859375 -0.199966430664063
-0.0941162109375001 0.680419921875 -0.0735015869140625 -0.0620880126953125
0.14349365234375 0.7078857421875 -0.0528182983398438 0.0241584777832032
0.14654541015625 0.6640625 -0.00217056274414062 0.00894737243652348
0.216796875 0.73199462890625 0.00165557861328126 0.057525634765625
0.0733642578125001 0.69189453125 0.0143890380859375 0.0429878234863282
-0.1700439453125 0.66845703125 -0.0440254211425781 0.000381469726562539
-0.274810791015625 0.5546875 -0.0265617370605469 0.027059555053711
-0.497833251953125 0.3316650390625 -0.0601425170898438 0.0593833923339844
-0.58123779296875 0.3134765625 -0.0719375610351563 0.101974487304688
-0.65679931640625 0.2108154296875 0.0177764892578124 0.150909423828125
-0.6473388671875 0.26519775390625 -0.2713623046875 -0.1177978515625
-0.49407958984375 0.2730712890625 -0.0293731689453125 0.177093505859375
-0.43524169921875 0.250244140625 0.19091796875 0.033172607421875
-0.402435302734375 0.321929931640625 0.173934936523438 -0.15521240234375
-0.3768310546875 0.40875244140625 0.0400543212890625 -0.26531982421875
-0.1331787109375 0.65472412109375 -0.0781097412109375 -0.241958618164062
0.10040283203125 0.6734619140625 -0.143646240234375 -0.222381591796875
0.10986328125 0.6240234375 -0.127685546875 -0.22149658203125
0.16522216796875 0.68389892578125 -0.118194580078125 -0.160568237304687
0.026611328125 0.61163330078125 -0.0463333129882813 -0.132850646972656
-0.180908203125 0.547760009765625 -0.0596160888671875 -0.0798416137695312
-0.225189208984375 0.419921875 -0.0604248046875 0.0299720764160156
-0.357452392578125 0.270782470703125 -0.159393310546875 0.108444213867188
-0.443328857421875 0.320404052734375 -0.238113403320313 0.154190063476563
-0.5794677734375 0.2459716796875 -0.217620849609375 0.16778564453125
-0.4512939453125 0.247161865234375 -0.486236572265625 -0.1026611328125
-0.322723388671875 0.199188232421875 -0.220474243164063 0.155990600585937
-0.299896240234375 0.133331298828125 0.0554161071777344 0.0454673767089844
-0.33160400390625 0.192840576171875 0.110588073730469 -0.138282775878906
-0.32672119140625 0.290771484375 0.067626953125 -0.31134033203125
-0.1373291015625 0.520538330078125 -0.076324462890625 -0.407501220703125
0.047454833984375 0.53045654296875 -0.22735595703125 -0.443145751953125
0.059783935546875 0.488006591796875 -0.236175537109375 -0.41815185546875
0.08447265625 0.53558349609375 -0.2037353515625 -0.344696044921875
-0.0328369140625 0.43756103515625 -0.0772552490234375 -0.263168334960938
-0.1712646484375 0.33978271484375 -0.0545196533203125 -0.1123046875
-0.141098022460938 0.227951049804688 -0.101829528808594 0.0489654541015625
-0.172760009765625 0.18365478515625 -0.26275634765625 0.121780395507813
-0.263885498046875 0.287994384765625 -0.372589111328125 0.156829833984375
-0.43218994140625 0.247344970703125 -0.41455078125 0.180816650390625
-0.184051513671875 0.198471069335938 -0.62469482421875 -0.0941772460937501
-0.108131408691406 0.11175537109375 -0.36431884765625 0.1307373046875
-0.102470397949219 0.0247268676757812 -0.0435943603515625 0.0683746337890625
-0.18072509765625 0.045074462890625 0.0685806274414063 -0.117820739746094
-0.206893920898438 0.124069213867187 0.087982177734375 -0.334228515625
-0.113616943359375 0.293487548828125 -0.0816345214843751 -0.524505615234375
-0.013885498046875 0.299957275390625 -0.29541015625 -0.59967041015625
1.52587890624761E-05 0.276046752929687 -0.31329345703125 -0.54827880859375
-0.00619506835937503 0.307464599609375 -0.241455078125 -0.46630859375
-0.0768585205078125 0.213760375976563 -0.074249267578125 -0.32989501953125
-0.126327514648438 0.114051818847656 -0.0415573120117188 -0.0963363647460937
-0.0395622253417969 0.0453910827636719 -0.155670166015625 0.0746307373046875
0.00347137451171875 0.106063842773438 -0.356109619140625 0.089111328125
-0.0813446044921875 0.2294921875 -0.461761474609375 0.113372802734375
-0.233291625976563 0.210800170898437 -0.552215576171875 0.19342041015625
-0.034454345703125 -0.126701354980469 0.521087646484375 -0.26239013671875
-0.124771118164063 -0.102653503417969 0.50128173828125 -0.067108154296875
-0.1505126953125 0.00125122070312501 0.39385986328125 -0.09375
-0.0699386596679688 0.0863113403320312 0.21142578125 -0.129867553710938
0.0137786865234375 0.102867126464844 -0.00901412963867187 0.0470733642578125
0.0853729248046875 0.0205917358398438 0.069671630859375 0.341339111328125
0.0904769897460937 -0.0218582153320312 0.301544189453125 0.530181884765625
0.0569801330566406 -0.0267372131347656 0.379547119140625 0.557525634765625
0.0662918090820313 -0.0522727966308594 0.35015869140625 0.60260009765625
0.0768356323242188 -0.0154800415039063 0.1353759765625 0.56549072265625
0.0906143188476563 0.0480728149414063 -0.016204833984375 0.3507080078125
0.0220565795898438 0.107490539550781 -0.0291595458984375 0.102066040039063
-0.105934143066406 0.0912933349609375 0.119728088378906 -0.0850067138671875
-0.159469604492188 -0.0146636962890625 0.36114501953125 -0.143951416015625
-0.0655593872070313 -0.0718917846679687 0.66876220703125 0.1044921875
-0.274124145507812 -0.00532531738281251 0.4915771484375 -0.25140380859375
-0.271392822265625 0.024444580078125 0.494781494140625 0.00537109375
-0.259872436523438 0.11590576171875 0.441192626953125 -0.033721923828125
-0.154769897460937 0.21453857421875 0.2760009765625 -0.136474609375
-0.07073974609375 0.251388549804688 -0.00349473953247071 -0.0087141990661621
0.089202880859375 0.248931884765625 0.031402587890625 0.302886962890625
0.175216674804688 0.226242065429688 0.252197265625 0.504791259765625
0.132186889648438 0.22052001953125 0.34893798828125 0.51470947265625
0.157318115234375 0.230850219726563 0.341796875 0.56243896484375
0.0880889892578125 0.255279541015625 0.160430908203125 0.520538330078125
-0.00555419921874998 0.297882080078125 -0.00201416015624998 0.308990478515625
-0.11993408203125 0.299468994140625 -0.013946533203125 0.0880966186523438
-0.31884765625 0.182647705078125 0.1124267578125 -0.0823211669921875
-0.388885498046875 0.086639404296875 0.33331298828125 -0.120697021484375
-0.318359375 0.00936889648437503 0.61456298828125 0.089599609375
-0.4942626953125 0.115264892578125 0.38323974609375 -0.222991943359375
-0.42156982421875 0.162567138671875 0.445281982421875 0.076416015625
-0.362640380859375 0.241180419921875 0.454559326171875 0.00390625000000001
-0.230682373046875 0.331878662109375 0.310150146484375 -0.1455078125
-0.157440185546875 0.373321533203125 0.00457000732421874 -0.0696449279785156
0.062652587890625 0.448455810546875 -0.00778198242187501 0.22198486328125
0.2198486328125 0.4473876953125 0.16912841796875 0.406494140625
0.1866455078125 0.437164306640625 0.266021728515625 0.39776611328125
0.237457275390625 0.47412109375 0.275238037109375 0.443817138671875
0.11761474609375 0.488555908203125 0.15228271484375 0.402679443359375
-0.062530517578125 0.52325439453125 0.00099182128906252 0.2313232421875
-0.20941162109375 0.478515625 -0.00949096679687502 0.07037353515625
-0.472320556640625 0.284271240234375 0.0681381225585937 -0.0545768737792969
-0.547637939453125 0.198333740234375 0.23077392578125 -0.068939208984375
-0.51336669921875 0.09869384765625 0.4697265625 0.09039306640625
-0.645751953125 0.21905517578125 0.201202392578125 -0.181365966796875
-0.528656005859375 0.27447509765625 0.347320556640625 0.132659912109375
-0.44195556640625 0.33319091796875 0.426788330078125 0.013671875
-0.30523681640625 0.412811279296875 0.301483154296875 -0.165679931640625
-0.246185302734375 0.4593505859375 0.00844573974609372 -0.138992309570312
0.01470947265625 0.6036376953125 -0.0439071655273438 0.0982513427734376
0.2294921875 0.6141357421875 0.0672149658203125 0.23968505859375
0.2088623046875 0.58856201171875 0.142990112304688 0.218414306640625
0.285888671875 0.64373779296875 0.157180786132813 0.267776489257813
0.139404296875 0.6417236328125 0.098388671875 0.237289428710938
-0.0916137695312499 0.6656494140625 -0.0189590454101563 0.127754211425781
-0.24237060546875 0.583984375 -0.0190277099609375 0.0523643493652344
-0.5224609375 0.355499267578125 0.000422805547714201 -0.00012618303298948
-0.6016845703125 0.29205322265625 0.0830078125 0.0128402709960938
-0.620361328125 0.18267822265625 0.261077880859375 0.107574462890625
-0.6856689453125 0.283935546875 -0.0348129272460938 -0.135391235351562
-0.540771484375 0.32391357421875 0.193191528320312 0.17022705078125
-0.460235595703125 0.339324951171875 0.34368896484375 0.011749267578125
-0.36358642578125 0.415496826171875 0.252349853515625 -0.179153442382812
-0.321044921875 0.484527587890625 0.0146026611328125 -0.211807250976562
-0.0399169921875001 0.6824951171875 -0.070220947265625 -0.0630455017089843
0.20526123046875 0.69293212890625 -0.0443572998046875 0.0205917358398438
0.2001953125 0.65093994140625 -0.00106847286224364 0.00204229354858402
0.2840576171875 0.71136474609375 0.011505126953125 0.0601387023925782
0.1279296875 0.683349609375 0.0170974731445313 0.0513572692871094
-0.1146240234375 0.67999267578125 -0.0496673583984375 0.0222091674804688
-0.23260498046875 0.56719970703125 -0.0401153564453125 0.0419273376464844
-0.471710205078125 0.35296630859375 -0.0792236328125 0.068572998046875
-0.5457763671875 0.339874267578125 -0.0825729370117188 0.103919982910156
-0.62738037109375 0.2454833984375 0.0226287841796875 0.137527465820313
-0.60052490234375 0.30108642578125 -0.28045654296875 -0.0930328369140625
-0.453338623046875 0.292633056640625 0.00117492675781249 0.18341064453125
-0.40814208984375 0.259979248046875 0.217681884765625 0.019744873046875
-0.378265380859375 0.339996337890625 0.185531616210937 -0.1722412109375
-0.350860595703125 0.436614990234375 0.033447265625 -0.27716064453125
-0.0791625976562501 0.6612548828125 -0.0862884521484375 -0.243026733398437
0.1593017578125 0.663818359375 -0.157424926757812 -0.217514038085937
0.1614990234375 0.61358642578125 -0.147109985351563 -0.21612548828125
0.22943115234375 0.66973876953125 -0.128341674804688 -0.146804809570312
0.0761108398437501 0.607666015625 -0.0569839477539063 -0.12030029296875
-0.13751220703125 0.559326171875 -0.0679855346679688 -0.0581779479980468
-0.194671630859375 0.42803955078125 -0.0673675537109375 0.0477142333984375
-0.33428955078125 0.279876708984375 -0.168685913085938 0.127792358398438
-0.404388427734375 0.333770751953125 -0.241378784179688 0.168304443359375
-0.545989990234375 0.276763916015625 -0.207077026367188 0.171356201171875
-0.408294677734375 0.27142333984375 -0.489593505859375 -0.0628662109375001
-0.292510986328125 0.21038818359375 -0.189315795898438 0.179367065429687
-0.284881591796875 0.137420654296875 0.0870895385742187 0.0463790893554688
-0.317230224609375 0.210205078125 0.1280517578125 -0.147415161132813
-0.3074951171875 0.31744384765625 0.061492919921875 -0.325897216796875
-0.092620849609375 0.5303955078125 -0.0972900390625 -0.410552978515625
0.0953369140625001 0.52655029296875 -0.262786865234375 -0.43212890625
0.102142333984375 0.481842041015625 -0.274505615234375 -0.400665283203125
0.136199951171875 0.527618408203125 -0.230621337890625 -0.32135009765625
0.00158691406249998 0.439788818359375 -0.0965118408203125 -0.248245239257812
-0.145599365234375 0.351959228515625 -0.061737060546875 -0.0930938720703125
-0.127777099609375 0.229019165039063 -0.101432800292969 0.0712203979492188
-0.15631103515625 0.178146362304687 -0.2650146484375 0.150985717773438
-0.228179931640625 0.2908935546875 -0.37384033203125 0.183074951171875
-0.3978271484375 0.27020263671875 -0.397552490234375 0.200439453125
-0.151947021484375 0.206451416015625 -0.62225341796875 -0.0421142578124999
-0.0907974243164063 0.112991333007813 -0.332275390625 0.166473388671875
-0.0981597900390625 0.0211257934570312 -0.0070648193359375 0.0779800415039063
-0.17816162109375 0.0572509765625 0.0900650024414062 -0.123519897460938
-0.198593139648438 0.14398193359375 0.081787109375 -0.3524169921875
-0.086639404296875 0.305419921875 -0.1123046875 -0.527984619140625
0.01507568359375 0.301910400390625 -0.3443603515625 -0.57952880859375
0.0247650146484375 0.275405883789063 -0.3623046875 -0.519561767578125
0.024810791015625 0.308319091796875 -0.2794189453125 -0.439483642578125
-0.0607452392578125 0.221343994140625 -0.097564697265625 -0.316558837890625
-0.120628356933594 0.124130249023438 -0.043060302734375 -0.0802383422851562
-0.0413017272949219 0.0400390625 -0.148361206054688 0.101715087890625
0.0146408081054688 0.089691162109375 -0.357696533203125 0.12890625
-0.050933837890625 0.221725463867188 -0.465362548828125 0.14666748046875
-0.203887939453125 0.2225341796875 -0.530853271484375 0.22381591796875
-0.0484390258789063 -0.124549865722656 0.49444580078125 -0.27081298828125
-0.130912780761719 -0.082275390625 0.501953125 -0.099395751953125
-0.1461181640625 0.019500732421875 0.38177490234375 -0.1357421875
-0.0587921142578125 0.091827392578125 0.192291259765625 -0.159210205078125
0.0255355834960937 0.0989837646484375 -0.0158195495605469 0.0355682373046875
0.0862655639648438 0.0107955932617188 0.08270263671875 0.3211669921875
0.084625244140625 -0.0299072265625 0.32769775390625 0.490447998046875
0.0518150329589844 -0.0294532775878906 0.408935546875 0.516510009765625
0.057586669921875 -0.0552215576171875 0.3863525390625 0.5689697265625
0.0698623657226563 -0.0210609436035156 0.1666259765625 0.558502197265625
0.0896377563476563 0.0370407104492188 -0.007293701171875 0.36279296875
0.0270462036132813 0.100448608398437 -0.0501861572265625 0.115921020507812
-0.0978622436523438 0.0968551635742188 0.0746994018554687 -0.0874862670898438
-0.161331176757813 0.00215148925781248 0.317779541015625 -0.160125732421875
-0.07525634765625 -0.0656509399414062 0.64862060546875 0.06109619140625
-0.270782470703125 0.00227355957031256 0.466400146484375 -0.2591552734375
-0.264297485351562 0.0415191650390625 0.499603271484375 -0.0269775390625
-0.248245239257813 0.129592895507813 0.432769775390625 -0.08251953125
-0.136001586914062 0.2178955078125 0.254653930664063 -0.170822143554688
-0.0508880615234375 0.248992919921875 -0.0141448974609375 -0.0197772979736328
0.103302001953125 0.232681274414062 0.04376220703125 0.286834716796875
0.183929443359375 0.20562744140625 0.280609130859375 0.47052001953125
0.14208984375 0.207168579101562 0.377960205078125 0.475860595703125
0.167678833007812 0.214889526367188 0.3770751953125 0.52935791015625
0.0985870361328125 0.242721557617188 0.189666748046875 0.51153564453125
0.01202392578125 0.287506103515625 0.00784301757812502 0.322479248046875
-0.100494384765625 0.295257568359375 -0.033447265625 0.103179931640625
-0.301605224609375 0.193634033203125 0.0695419311523437 -0.0804595947265625
-0.37628173828125 0.107208251953125 0.29193115234375 -0.13348388671875
-0.314666748046875 0.0218200683593749 0.59344482421875 0.049560546875
-0.471923828125 0.127960205078125 0.360137939453125 -0.2271728515625
-0.3992919921875 0.175689697265625 0.456817626953125 0.0445556640625
-0.343017578125 0.248565673828125 0.45263671875 -0.04473876953125
-0.20684814453125 0.331695556640625 0.291595458984375 -0.182403564453125
-0.132171630859375 0.3726806640625 -0.00762176513671876 -0.0807876586914062
0.08880615234375 0.430572509765625 0.0034027099609375 0.210281372070313
0.244415283203125 0.42041015625 0.195404052734375 0.378509521484375
0.209716796875 0.414306640625 0.28759765625 0.364501953125
0.265411376953125 0.447906494140625 0.30535888671875 0.415130615234375
0.142669677734375 0.469207763671875 0.17578125 0.395233154296875
-0.029388427734375 0.51177978515625 0.00979614257812499 0.246444702148438
-0.1781005859375 0.4739990234375 -0.0257720947265625 0.0875778198242188
-0.4462890625 0.297760009765625 0.03057861328125 -0.0467643737792969
-0.521759033203125 0.21893310546875 0.197463989257813 -0.0763092041015625
-0.49560546875 0.113250732421875 0.45068359375 0.05731201171875
-0.60821533203125 0.2308349609375 0.1829833984375 -0.179977416992187
-0.492706298828125 0.283966064453125 0.364410400390625 0.10687255859375
-0.414031982421875 0.3328857421875 0.431854248046875 -0.030059814453125
-0.276123046875 0.409576416015625 0.2890625 -0.199127197265625
-0.216796875 0.460540771484375 -0.00279235839843752 -0.148910522460937
0.051513671875 0.584228515625 -0.0355148315429688 0.0911026000976563
0.266357421875 0.5833740234375 0.08563232421875 0.222000122070313
0.243011474609375 0.561798095703125 0.15460205078125 0.197097778320313
0.3272705078125 0.60955810546875 0.178802490234375 0.251419067382813
0.1759033203125 0.616943359375 0.114181518554688 0.234909057617188
-0.04644775390625 0.65325927734375 -0.0125579833984375 0.146926879882813
-0.20367431640625 0.57916259765625 -0.0316848754882813 0.0707931518554688
-0.494384765625 0.367218017578125 -0.0265903472900391 0.0130844116210938
-0.5682373046875 0.3084716796875 0.0601730346679687 0.0120048522949219
-0.59088134765625 0.1995849609375 0.24981689453125 0.08441162109375
-0.636962890625 0.2952880859375 -0.0439071655273438 -0.123863220214844
-0.498779296875 0.32696533203125 0.216400146484375 0.153335571289063
-0.433685302734375 0.335174560546875 0.355621337890625 -0.021759033203125
-0.33551025390625 0.4151611328125 0.248565673828125 -0.205963134765625
-0.291961669921875 0.492462158203125 0.0057525634765625 -0.221160888671875
0.00378417968749993 0.6673583984375 -0.0679931640625 -0.0662956237792968
0.25030517578125 0.66143798828125 -0.0393028259277344 0.01446533203125
0.23944091796875 0.62359619140625 -0.0014066696166992 -0.00448513031005856
0.33270263671875 0.674560546875 0.0221290588378906 0.0590972900390625
0.1683349609375 0.65948486328125 0.0239219665527344 0.0577888488769532
-0.0683593749999999 0.66943359375 -0.045623779296875 0.0437850952148438
-0.198394775390625 0.56182861328125 -0.0471725463867188 0.0616378784179688
-0.444549560546875 0.359283447265625 -0.0944137573242188 0.0861434936523438
-0.50885009765625 0.345855712890625 -0.0935974121093751 0.109718322753906
-0.592529296875 0.259033203125 0.0207061767578125 0.124420166015625
-0.550445556640625 0.30865478515625 -0.279403686523438 -0.0711669921874999
-0.41436767578125 0.290802001953125 0.0302276611328125 0.178359985351563
-0.387451171875 0.25323486328125 0.237960815429687 -0.00172424316406248
-0.35516357421875 0.344573974609375 0.19134521484375 -0.192596435546875
-0.32275390625 0.450531005859375 0.027069091796875 -0.287628173828125
-0.0352172851562499 0.65191650390625 -0.0914459228515625 -0.243331909179687
0.20477294921875 0.638671875 -0.167144775390625 -0.211196899414062
0.2005615234375 0.589599609375 -0.160446166992188 -0.205947875976562
0.2752685546875 0.63629150390625 -0.129318237304687 -0.132041931152344
0.11383056640625 0.589599609375 -0.0591583251953125 -0.105819702148437
-0.099273681640625 0.554901123046875 -0.0656013488769531 -0.0361709594726562
-0.171173095703125 0.423858642578125 -0.0678863525390625 0.0677833557128907
-0.31591796875 0.27777099609375 -0.171951293945313 0.148666381835938
-0.370208740234375 0.331085205078125 -0.2423095703125 0.182754516601563
-0.50933837890625 0.286285400390625 -0.199508666992188 0.169662475585938
-0.3646240234375 0.27197265625 -0.47894287109375 -0.0298767089843749
-0.264053344726563 0.20501708984375 -0.155014038085938 0.186492919921875
-0.273971557617188 0.1329345703125 0.116416931152344 0.0344619750976563
-0.3021240234375 0.219085693359375 0.14202880859375 -0.163482666015625
-0.28546142578125 0.332733154296875 0.05426025390625 -0.33892822265625
-0.054351806640625 0.525604248046875 -0.112701416015625 -0.406463623046875
0.133148193359375 0.509063720703125 -0.286102294921875 -0.412994384765625
0.132843017578125 0.464599609375 -0.298858642578125 -0.374908447265625
0.173797607421875 0.503173828125 -0.241973876953125 -0.29364013671875
0.03057861328125 0.43145751953125 -0.10546875 -0.229339599609375
-0.12286376953125 0.353729248046875 -0.0587081909179687 -0.0739059448242187
-0.118667602539063 0.224853515625 -0.0934066772460938 0.091339111328125
-0.146926879882813 0.166427612304687 -0.2581787109375 0.178131103515625
-0.198516845703125 0.279327392578125 -0.369720458984375 0.2056884765625
-0.3629150390625 0.273284912109375 -0.381591796875 0.20654296875
-0.121917724609375 0.200729370117187 -0.60552978515625 -0.00512695312500002
-0.0769119262695313 0.107139587402344 -0.2919921875 0.183349609375
-0.09698486328125 0.016143798828125 0.0290908813476562 0.070465087890625
-0.173416137695312 0.0655975341796875 0.108627319335937 -0.13946533203125
-0.186691284179688 0.15673828125 0.073577880859375 -0.366424560546875
-0.061187744140625 0.305419921875 -0.1375732421875 -0.52264404296875
0.03875732421875 0.29461669921875 -0.3802490234375 -0.54998779296875
0.0436859130859375 0.267715454101562 -0.3935546875 -0.48236083984375
0.049285888671875 0.2989501953125 -0.299468994140625 -0.4053955078125
-0.045318603515625 0.223251342773438 -0.1099853515625 -0.296661376953125
-0.113510131835938 0.130043029785156 -0.0372200012207031 -0.0653419494628906
-0.0458450317382812 0.0360832214355469 -0.132598876953125 0.1236572265625
0.0182876586914062 0.0715103149414063 -0.347259521484375 0.16326904296875
-0.0284271240234375 0.2030029296875 -0.4588623046875 0.17633056640625
-0.175750732421875 0.220901489257813 -0.50653076171875 0.23919677734375
-0.0594253540039063 -0.119766235351563 0.482879638671875 -0.267822265625
-0.129928588867188 -0.0656890869140625 0.501800537109375 -0.12237548828125
-0.138687133789063 0.0321426391601563 0.3663330078125 -0.167633056640625
-0.0488357543945313 0.0936737060546875 0.171005249023438 -0.17828369140625
0.0334014892578125 0.0942535400390625 -0.0262184143066406 0.0279197692871094
0.085357666015625 0.0035247802734375 0.08447265625 0.302764892578125
0.0785369873046875 -0.0347137451171875 0.338531494140625 0.461822509765625
0.0477027893066406 -0.0308952331542969 0.422210693359375 0.48345947265625
0.0515480041503906 -0.0545120239257812 0.406402587890625 0.539642333984375
0.0639686584472656 -0.023284912109375 0.18597412109375 0.5535888671875
0.0864105224609375 0.0297622680664063 0.00106811523437499 0.37548828125
0.0285415649414062 0.0951995849609375 -0.0643692016601562 0.136528015136719
-0.0919418334960937 0.0993270874023438 0.0375747680664063 -0.0734329223632813
-0.159820556640625 0.015869140625 0.282867431640625 -0.157135009765625
-0.0823287963867187 -0.05828857421875 0.626708984375 0.04193115234375
-0.269439697265625 0.00375366210937499 0.452911376953125 -0.256591796875
-0.256607055664063 0.05145263671875 0.503173828125 -0.0523681640625
-0.239715576171875 0.1370849609375 0.41949462890625 -0.117156982421875
-0.122222900390625 0.216720581054688 0.232177734375 -0.193923950195312
-0.0379791259765625 0.244125366210937 -0.0268783569335938 -0.0266494750976562
0.110733032226562 0.218826293945312 0.0475616455078125 0.272506713867188
0.186737060546875 0.190536499023438 0.292510986328125 0.440765380859375
0.145980834960938 0.197265625 0.38885498046875 0.44268798828125
0.17254638671875 0.202117919921875 0.396820068359375 0.5003662109375
0.102523803710937 0.232711791992188 0.2095947265625 0.50244140625
0.0206451416015625 0.278244018554688 0.0181884765625 0.334869384765625
-0.09051513671875 0.287994384765625 -0.04571533203125 0.124702453613281
-0.29052734375 0.19708251953125 0.0349311828613281 -0.063446044921875
-0.36578369140625 0.11859130859375 0.258758544921875 -0.129684448242188
-0.31121826171875 0.027435302734375 0.57086181640625 0.03204345703125
-0.459503173828125 0.125213623046875 0.34808349609375 -0.223175048828125
-0.383544921875 0.178192138671875 0.463287353515625 0.01849365234375
-0.331329345703125 0.2490234375 0.444000244140625 -0.08135986328125
-0.191070556640625 0.325531005859375 0.270858764648438 -0.208084106445312
-0.117431640625 0.368621826171875 -0.0212173461914063 -0.087890625
0.103363037109375 0.41204833984375 0.00773620605468752 0.198898315429688
0.255859375 0.39764404296875 0.2066650390625 0.355316162109375
0.220855712890625 0.396942138671875 0.29608154296875 0.337371826171875
0.280181884765625 0.42230224609375 0.322113037109375 0.391448974609375
0.156463623046875 0.4512939453125 0.19195556640625 0.387908935546875
-0.00863647460937495 0.49871826171875 0.0201263427734375 0.26043701171875
-0.159698486328125 0.464630126953125 -0.0348129272460937 0.10992431640625
-0.43170166015625 0.301300048828125 0.00267028808593747 -0.0263824462890625
-0.5030517578125 0.226776123046875 0.1702880859375 -0.069305419921875
-0.484893798828125 0.1165771484375 0.430450439453125 0.041290283203125
-0.58331298828125 0.22625732421875 0.173309326171875 -0.172149658203125
-0.469573974609375 0.27972412109375 0.375579833984375 0.084014892578125
-0.401214599609375 0.326629638671875 0.428924560546875 -0.064239501953125
-0.260101318359375 0.4017333984375 0.273361206054688 -0.22454833984375
-0.2005615234375 0.459259033203125 -0.0150909423828125 -0.157318115234375
0.072265625 0.56622314453125 -0.0322113037109375 0.0830459594726563
0.28582763671875 0.555755615234375 0.0932769775390625 0.204559326171875
0.260894775390625 0.53839111328125 0.158828735351563 0.178604125976563
0.349609375 0.5770263671875 0.19293212890625 0.23516845703125
0.19598388671875 0.59490966796875 0.1273193359375 0.233139038085938
-0.0191650390625 0.6390380859375 -0.00180053710937499 0.16192626953125
-0.18310546875 0.569580078125 -0.0366668701171875 0.0932388305664063
-0.4781494140625 0.368408203125 -0.0460128784179688 0.0350074768066406
-0.546478271484375 0.309234619140625 0.0416717529296875 0.0212860107421875
-0.57440185546875 0.19818115234375 0.235275268554687 0.0718994140625
-0.605712890625 0.28778076171875 -0.0474777221679688 -0.112602233886719
-0.47210693359375 0.314788818359375 0.231414794921875 0.135299682617188
-0.42291259765625 0.3236083984375 0.360198974609375 -0.051116943359375
-0.31976318359375 0.40997314453125 0.241729736328125 -0.229644775390625
-0.2747802734375 0.49407958984375 -0.00378417968750003 -0.231033325195312
0.0284423828125 0.65087890625 -0.0665817260742188 -0.0715026855468749
0.27557373046875 0.636474609375 -0.037872314453125 0.0067825317382813
0.2615966796875 0.6007080078125 -0.00380992889404295 -0.0104351043701171
0.358642578125 0.64013671875 0.0312347412109375 0.0559654235839844
0.1922607421875 0.6368408203125 0.0329856872558594 0.0620536804199219
-0.0382690429687499 0.6572265625 -0.0356559753417969 0.0606193542480469
-0.179107666015625 0.5523681640625 -0.04742431640625 0.0826950073242188
-0.432952880859375 0.357635498046875 -0.102989196777344 0.107467651367188
-0.487762451171875 0.3416748046875 -0.103492736816406 0.121261596679688
-0.57049560546875 0.255126953125 0.01348876953125 0.115913391113281
-0.517364501953125 0.296600341796875 -0.275955200195313 -0.0557403564453125
-0.39141845703125 0.27587890625 0.0516510009765625 0.167724609375
-0.3807373046875 0.241729736328125 0.251800537109375 -0.0247344970703125
-0.342010498046875 0.341796875 0.193405151367187 -0.213653564453125
-0.304534912109375 0.455230712890625 0.019195556640625 -0.299224853515625
-0.00708007812500004 0.63818359375 -0.094879150390625 -0.245498657226562
0.23150634765625 0.61480712890625 -0.173553466796875 -0.207473754882812
0.2218017578125 0.569091796875 -0.168624877929688 -0.1982421875
0.30322265625 0.60516357421875 -0.125114440917969 -0.122428894042969
0.1365966796875 0.57110595703125 -0.0539474487304688 -0.0949249267578125
-0.07659912109375 0.547698974609375 -0.0564041137695313 -0.019927978515625
-0.15850830078125 0.41729736328125 -0.0627517700195312 0.086456298828125
-0.310150146484375 0.270721435546875 -0.1707763671875 0.169769287109375
-0.351898193359375 0.318695068359375 -0.24493408203125 0.196212768554687
-0.484649658203125 0.27862548828125 -0.198837280273438 0.164474487304688
-0.3367919921875 0.259246826171875 -0.468109130859375 -0.012359619140625
-0.247787475585937 0.190475463867188 -0.127487182617188 0.18218994140625
-0.271804809570313 0.12408447265625 0.139053344726562 0.0150222778320313
-0.291839599609375 0.22296142578125 0.151321411132812 -0.184295654296875
-0.27020263671875 0.34033203125 0.047607421875 -0.351226806640625
-0.02960205078125 0.516571044921875 -0.1226806640625 -0.40594482421875
0.157196044921875 0.491058349609375 -0.301361083984375 -0.397491455078125
0.150238037109375 0.449188232421875 -0.31097412109375 -0.354034423828125
0.1971435546875 0.480987548828125 -0.243087768554688 -0.274871826171875
0.048492431640625 0.4212646484375 -0.103958129882813 -0.2147216796875
-0.107025146484375 0.35235595703125 -0.0496063232421875 -0.0606651306152343
-0.117507934570313 0.221511840820313 -0.0827789306640625 0.107154846191406
-0.146209716796875 0.154754638671875 -0.250167846679688 0.199615478515625
-0.183456420898438 0.260818481445313 -0.36669921875 0.22210693359375
-0.34014892578125 0.2642822265625 -0.37445068359375 0.206268310546875
-0.101882934570312 0.1866455078125 -0.58746337890625 0.0156250000000001
-0.0688400268554688 0.0973587036132812 -0.259307861328125 0.183303833007813
-0.100143432617188 0.0100326538085938 0.0571327209472656 0.05194091796875
-0.169204711914063 0.07080078125 0.121063232421875 -0.160171508789063
-0.17669677734375 0.16400146484375 0.0659790039062499 -0.380706787109375
-0.0435791015625 0.301727294921875 -0.15350341796875 -0.51849365234375
0.0548095703125 0.286407470703125 -0.399688720703125 -0.525299072265625
0.0555572509765625 0.258804321289063 -0.40789794921875 -0.4530029296875
0.065521240234375 0.287872314453125 -0.305419921875 -0.378448486328125
-0.0336456298828125 0.223297119140625 -0.1104736328125 -0.281219482421875
-0.10906982421875 0.133712768554688 -0.0266227722167969 -0.0556068420410156
-0.0520477294921875 0.0343704223632813 -0.11517333984375 0.138427734375
0.0144844055175781 0.056243896484375 -0.333404541015625 0.18829345703125
-0.0184783935546875 0.183975219726563 -0.453369140625 0.195587158203125
-0.157180786132812 0.210403442382813 -0.491455078125 0.240631103515625
-0.0683059692382813 -0.11614990234375 0.4879150390625 -0.2679443359375
-0.126922607421875 -0.053680419921875 0.510711669921875 -0.146148681640625
-0.132034301757813 0.0407257080078125 0.35394287109375 -0.190948486328125
-0.0412826538085938 0.0940780639648438 0.15301513671875 -0.193313598632812
0.0391616821289063 0.0907974243164063 -0.0382766723632813 0.0235633850097656
0.0856246948242187 -0.0020599365234375 0.08111572265625 0.295654296875
0.0746383666992188 -0.03741455078125 0.34588623046875 0.4462890625
0.0456352233886719 -0.0316238403320313 0.434051513671875 0.465087890625
0.0487098693847656 -0.0550155639648437 0.42236328125 0.52764892578125
0.0596542358398438 -0.0240364074707031 0.204559326171875 0.556488037109375
0.0838775634765625 0.0252227783203125 0.0101318359375 0.393280029296875
0.0286636352539062 0.0923614501953125 -0.072479248046875 0.162078857421875
-0.0886459350585938 0.103424072265625 0.0115509033203125 -0.0513343811035156
-0.15899658203125 0.02777099609375 0.260711669921875 -0.1475830078125
-0.086761474609375 -0.0519943237304687 0.61962890625 0.0347900390625
-0.275497436523437 0.00434875488281254 0.455810546875 -0.25531005859375
-0.2537841796875 0.0585479736328125 0.513519287109375 -0.0755615234375
-0.236099243164063 0.143966674804687 0.409881591796875 -0.1444091796875
-0.11419677734375 0.216445922851563 0.213577270507812 -0.211334228515625
-0.0306549072265625 0.243026733398437 -0.0402679443359375 -0.0307121276855469
0.11517333984375 0.210525512695313 0.04559326171875 0.26605224609375
0.1898193359375 0.183074951171875 0.300048828125 0.4263916015625
0.15045166015625 0.192947387695312 0.399078369140625 0.42535400390625
0.177291870117188 0.196197509765625 0.41143798828125 0.48541259765625
0.104904174804688 0.229446411132813 0.2279052734375 0.505035400390625
0.0248260498046875 0.274246215820313 0.02789306640625 0.350616455078125
-0.087371826171875 0.287445068359375 -0.0518798828125 0.150375366210938
-0.2894287109375 0.201416015625 0.0118789672851562 -0.0392189025878906
-0.363739013671875 0.127777099609375 0.239578247070313 -0.11761474609375
-0.31591796875 0.030487060546875 0.5623779296875 0.026611328125
-0.460662841796875 0.122589111328125 0.34906005859375 -0.220306396484375
-0.3802490234375 0.179901123046875 0.476531982421875 -0.00317382812499999
-0.3321533203125 0.251556396484375 0.436798095703125 -0.109893798828125
-0.183929443359375 0.325714111328125 0.253509521484375 -0.22845458984375
-0.10943603515625 0.36944580078125 -0.0348968505859375 -0.0931930541992187
0.11199951171875 0.40399169921875 0.00624084472656249 0.193527221679688
0.267120361328125 0.38604736328125 0.21221923828125 0.3411865234375
0.23150634765625 0.38970947265625 0.301116943359375 0.32177734375
0.29205322265625 0.41094970703125 0.336517333984375 0.377288818359375
0.16546630859375 0.445068359375 0.208465576171875 0.388763427734375
0.00253295898437503 0.494537353515625 0.0326690673828125 0.274948120117188
-0.153106689453125 0.46453857421875 -0.0377578735351563 0.134346008300781
-0.4312744140625 0.305694580078125 -0.0150461196899414 -0.000174522399902326
-0.5023193359375 0.2318115234375 0.154327392578125 -0.0556793212890625
-0.4871826171875 0.117156982421875 0.42156982421875 0.036468505859375
-0.5804443359375 0.2178955078125 0.17449951171875 -0.166427612304688
-0.46533203125 0.272674560546875 0.38824462890625 0.064453125
-0.405059814453125 0.32464599609375 0.4278564453125 -0.093292236328125
-0.2567138671875 0.400360107421875 0.261306762695313 -0.24725341796875
-0.195037841796875 0.4622802734375 -0.0276641845703125 -0.165359497070312
0.08551025390625 0.5589599609375 -0.0325775146484375 0.0772323608398438
0.301727294921875 0.54254150390625 0.0968170166015625 0.194091796875
0.274932861328125 0.530731201171875 0.15985107421875 0.167037963867188
0.36822509765625 0.56048583984375 0.2037353515625 0.225189208984375
0.2119140625 0.586181640625 0.141204833984375 0.233932495117188
-0.003173828125 0.63482666015625 0.0107574462890625 0.176040649414063
-0.1759033203125 0.569580078125 -0.0354080200195313 0.116355895996094
-0.47979736328125 0.372894287109375 -0.0567703247070313 0.0613212585449219
-0.5440673828125 0.3128662109375 0.0294914245605468 0.0367698669433594
-0.57537841796875 0.19635009765625 0.2261962890625 0.0684356689453125
-0.5980224609375 0.27520751953125 -0.0478668212890625 -0.104621887207031
-0.46826171875 0.303741455078125 0.246017456054687 0.12078857421875
-0.429443359375 0.318878173828125 0.36480712890625 -0.077178955078125
-0.318115234375 0.408111572265625 0.236679077148437 -0.253692626953125
-0.26824951171875 0.502593994140625 -0.014007568359375 -0.2423095703125
0.04571533203125 0.64715576171875 -0.068206787109375 -0.0777206420898437
0.29449462890625 0.62298583984375 -0.0394172668457031 0.000305175781250042
0.27655029296875 0.5914306640625 -0.00793838500976561 -0.0156660079956054
0.37994384765625 0.62158203125 0.0392227172851563 0.0516014099121094
0.20855712890625 0.6273193359375 0.0436744689941406 0.0652122497558594
-0.02154541015625 0.65350341796875 -0.0234298706054688 0.0730361938476563
-0.17340087890625 0.55426025390625 -0.0430755615234375 0.103858947753906
-0.435394287109375 0.35845947265625 -0.107940673828125 0.1328125
-0.485992431640625 0.338775634765625 -0.111968994140625 0.138107299804688
-0.5693359375 0.24932861328125 0.00480651855468747 0.113716125488281
-0.506591796875 0.281707763671875 -0.275131225585938 -0.046142578125
-0.387786865234375 0.2618408203125 0.0674285888671875 0.156829833984375
-0.39080810546875 0.236297607421875 0.262802124023438 -0.04937744140625
-0.340667724609375 0.34442138671875 0.195205688476562 -0.238784790039062
-0.29962158203125 0.46490478515625 0.01092529296875 -0.314544677734375
0.010009765625 0.63519287109375 -0.09979248046875 -0.252700805664062
0.2520751953125 0.6036376953125 -0.18115234375 -0.208221435546875
0.23760986328125 0.55999755859375 -0.177597045898437 -0.195648193359375
0.32373046875 0.58905029296875 -0.121490478515625 -0.119728088378906
0.1519775390625 0.564453125 -0.04644775390625 -0.090087890625
-0.062164306640625 0.546234130859375 -0.0451469421386719 -0.00948715209960933
-0.156524658203125 0.418670654296875 -0.0553359985351562 0.1033935546875
-0.31610107421875 0.268218994140625 -0.169708251953125 0.192596435546875
-0.350341796875 0.311187744140625 -0.25018310546875 0.214492797851563
-0.481201171875 0.2716064453125 -0.206085205078125 0.164215087890625
-0.32611083984375 0.2425537109375 -0.465240478515625 -0.00186157226562507
-0.24566650390625 0.177993774414063 -0.1087646484375 0.174774169921875
-0.281219482421875 0.11895751953125 0.155624389648437 -0.00804138183593749
-0.291748046875 0.226318359375 0.157852172851562 -0.210006713867188
-0.2652587890625 0.34906005859375 0.0406494140625 -0.369781494140625
-0.0133056640625 0.51483154296875 -0.131591796875 -0.41485595703125
0.1737060546875 0.48248291015625 -0.3157958984375 -0.391448974609375
0.16278076171875 0.441619873046875 -0.322479248046875 -0.34375
0.213531494140625 0.468414306640625 -0.242828369140625 -0.26605224609375
0.06097412109375 0.418426513671875 -0.0991668701171875 -0.20941162109375
-0.099853515625 0.35528564453125 -0.0388031005859375 -0.0535888671875
-0.120697021484375 0.2235107421875 -0.0713882446289063 0.1212158203125
-0.154754638671875 0.148056030273437 -0.244537353515625 0.220993041992188
-0.182296752929688 0.247894287109375 -0.368865966796875 0.239349365234375
-0.335418701171875 0.254791259765625 -0.378570556640625 0.208038330078125
-0.0924530029296875 0.1727294921875 -0.58282470703125 0.0268554687500001
-0.0672760009765625 0.0893325805664063 -0.238906860351562 0.1778564453125
-0.107460021972656 0.00650787353515623 0.0770797729492188 0.0289230346679687
-0.169540405273438 0.0751495361328125 0.12896728515625 -0.1856689453125
-0.1728515625 0.170700073242187 0.0595092773437499 -0.4005126953125
-0.03192138671875 0.301727294921875 -0.167083740234375 -0.5245361328125
0.066375732421875 0.282684326171875 -0.41827392578125 -0.51324462890625
0.0633697509765625 0.256179809570312 -0.4193115234375 -0.43621826171875
0.07611083984375 0.28179931640625 -0.3062744140625 -0.366424560546875
-0.0253753662109375 0.225265502929687 -0.107177734375 -0.27593994140625
-0.107627868652344 0.139358520507813 -0.0152359008789063 -0.0521621704101562
-0.0593910217285156 0.0356636047363281 -0.099945068359375 0.149826049804688
0.00674819946289063 0.0466194152832031 -0.32489013671875 0.21044921875
-0.0165863037109375 0.16937255859375 -0.45550537109375 0.216583251953125
-0.1492919921875 0.200653076171875 -0.49334716796875 0.241607666015625
-0.0778045654296875 -0.113845825195312 0.50189208984375 -0.283203125
-0.124290466308594 -0.04443359375 0.524017333984375 -0.17816162109375
-0.127021789550781 0.04937744140625 0.345855712890625 -0.218963623046875
-0.0350494384765625 0.0950393676757813 0.137222290039063 -0.209304809570313
0.045989990234375 0.0880508422851563 -0.0506210327148438 0.023529052734375
0.0861053466796875 -0.00846099853515625 0.080841064453125 0.296539306640625
0.0721359252929688 -0.0415496826171875 0.363372802734375 0.4373779296875
0.0444259643554688 -0.0332107543945313 0.455108642578125 0.4542236328125
0.0462226867675781 -0.0567474365234375 0.4503173828125 0.52215576171875
0.057830810546875 -0.0251579284667969 0.23175048828125 0.567138671875
0.0835189819335938 0.0221481323242188 0.027008056640625 0.414581298828125
0.029510498046875 0.0925827026367188 -0.072235107421875 0.191452026367188
-0.0864944458007812 0.109565734863281 -0.00408172607421876 -0.0264434814453125
-0.158462524414063 0.04083251953125 0.251678466796875 -0.140045166015625
-0.0928115844726563 -0.0459518432617188 0.6290283203125 0.0252685546875
-0.2879638671875 0.00918579101562502 0.468902587890625 -0.268310546875
-0.255157470703125 0.0681610107421875 0.530426025390625 -0.10736083984375
-0.236801147460938 0.155593872070313 0.40301513671875 -0.174041748046875
-0.108169555664063 0.221633911132813 0.196670532226563 -0.230117797851563
-0.0224609375 0.246673583984375 -0.0553207397460938 -0.0311927795410156
0.12310791015625 0.206069946289062 0.045867919921875 0.26690673828125
0.197952270507812 0.176589965820313 0.31585693359375 0.41827392578125
0.158828735351563 0.190872192382813 0.417205810546875 0.414398193359375
0.187332153320313 0.192642211914063 0.4383544921875 0.47705078125
0.112457275390625 0.230819702148438 0.253936767578125 0.512481689453125
0.03155517578125 0.2774658203125 0.04620361328125 0.370330810546875
-0.084320068359375 0.294158935546875 -0.0491180419921875 0.17889404296875
-0.29254150390625 0.21417236328125 -0.000389099121093768 -0.0118684768676758
-0.3675537109375 0.14398193359375 0.232208251953125 -0.107284545898437
-0.326690673828125 0.038604736328125 0.56817626953125 0.01885986328125
-0.474700927734375 0.127960205078125 0.359893798828125 -0.22735595703125
-0.38348388671875 0.18841552734375 0.494781494140625 -0.03143310546875
-0.33795166015625 0.2645263671875 0.434906005859375 -0.142425537109375
-0.17974853515625 0.3336181640625 0.238143920898438 -0.25103759765625
-0.101715087890625 0.380035400390625 -0.051666259765625 -0.096954345703125
0.12493896484375 0.403228759765625 0.00607299804687501 0.19342041015625
0.283660888671875 0.379119873046875 0.225372314453125 0.334075927734375
0.248626708984375 0.388458251953125 0.3148193359375 0.31170654296875
0.312713623046875 0.404876708984375 0.357635498046875 0.36895751953125
0.181549072265625 0.4468994140625 0.232421875 0.392425537109375
0.016937255859375 0.50250244140625 0.05126953125 0.2911376953125
-0.148773193359375 0.4788818359375 -0.0319061279296875 0.16156005859375
-0.4381103515625 0.324432373046875 -0.0226211547851563 0.0284347534179688
-0.50885009765625 0.250823974609375 0.148818969726562 -0.041473388671875
-0.501861572265625 0.12530517578125 0.42498779296875 0.03204345703125
-0.5931396484375 0.2235107421875 0.179107666015625 -0.168228149414063
-0.471282958984375 0.280792236328125 0.40643310546875 0.040985107421875
-0.416229248046875 0.33740234375 0.430206298828125 -0.125762939453125
-0.254852294921875 0.41143798828125 0.248626708984375 -0.274032592773438
-0.188812255859375 0.47943115234375 -0.0444183349609375 -0.173797607421875
0.1036376953125 0.56378173828125 -0.034515380859375 0.0746002197265625
0.326385498046875 0.538848876953125 0.101425170898438 0.18780517578125
0.298797607421875 0.53082275390625 0.163345336914063 0.159774780273438
0.3951416015625 0.552764892578125 0.219467163085938 0.218307495117188
0.23248291015625 0.58685302734375 0.160140991210938 0.235137939453125
0.01727294921875 0.6451416015625 0.027435302734375 0.188369750976563
-0.16650390625 0.5858154296875 -0.0271759033203125 0.141006469726563
-0.488739013671875 0.393463134765625 -0.0596694946289063 0.0908889770507813
-0.552337646484375 0.331573486328125 0.0253639221191406 0.0549545288085938
-0.59185791015625 0.20416259765625 0.224441528320312 0.0670166015625
-0.60821533203125 0.27777099609375 -0.048126220703125 -0.0990371704101562
-0.475372314453125 0.3060302734375 0.263442993164062 0.104049682617188
-0.446624755859375 0.329071044921875 0.371673583984375 -0.109344482421875
-0.3214111328125 0.422088623046875 0.22808837890625 -0.282806396484375
-0.264556884765625 0.523284912109375 -0.0299224853515625 -0.256515502929688
0.066162109375 0.65478515625 -0.0732955932617187 -0.0842208862304687
0.32421875 0.6187744140625 -0.0436286926269531 -0.00370788574218747
0.3031005859375 0.591552734375 -0.0129909515380859 -0.0192298889160156
0.41107177734375 0.6116943359375 0.0473289489746094 0.0472450256347657
0.2342529296875 0.629638671875 0.0564231872558594 0.0651588439941407
-0.00061035156249995 0.66595458984375 -0.0092926025390625 0.0822067260742188
-0.16510009765625 0.571533203125 -0.0334854125976563 0.124153137207031
-0.446624755859375 0.378173828125 -0.105865478515625 0.161285400390625
-0.493255615234375 0.353240966796875 -0.115264892578125 0.160980224609375
-0.58453369140625 0.25732421875 -0.00229644775390628 0.11749267578125
-0.512939453125 0.2791748046875 -0.280563354492188 -0.035003662109375
-0.395782470703125 0.258331298828125 0.08245849609375 0.147857666015625
-0.409698486328125 0.2430419921875 0.273208618164062 -0.07867431640625
-0.345703125 0.35888671875 0.191360473632812 -0.269256591796875
-0.29693603515625 0.48809814453125 -0.00363159179687501 -0.3338623046875
0.033203125 0.6463623046875 -0.1103515625 -0.264083862304687
0.2811279296875 0.60150146484375 -0.196258544921875 -0.209487915039062
0.26239013671875 0.5623779296875 -0.191360473632812 -0.194259643554687
0.3514404296875 0.58123779296875 -0.121246337890625 -0.120628356933594
0.17486572265625 0.56854248046875 -0.0402450561523438 -0.0903778076171875
-0.045623779296875 0.560150146484375 -0.0334224700927734 -0.00307846069335935
-0.1536865234375 0.433380126953125 -0.0434188842773438 0.120826721191406
-0.3275146484375 0.281585693359375 -0.164596557617187 0.220077514648438
-0.357391357421875 0.31719970703125 -0.253952026367187 0.240707397460938
-0.4923095703125 0.275482177734375 -0.217025756835938 0.172576904296875
-0.32672119140625 0.236480712890625 -0.472869873046875 0.0137329101562501
-0.25146484375 0.173904418945313 -0.0970916748046875 0.170974731445313
-0.297210693359375 0.12261962890625 0.167251586914062 -0.0353851318359375
-0.29595947265625 0.238677978515625 0.156997680664062 -0.240066528320312
-0.2620849609375 0.368896484375 0.027435302734375 -0.393707275390625
0.00689697265625005 0.523651123046875 -0.147857666015625 -0.4283447265625
0.198333740234375 0.48223876953125 -0.338623046875 -0.388916015625
0.183929443359375 0.44415283203125 -0.342864990234375 -0.33648681640625
0.235931396484375 0.462371826171875 -0.250518798828125 -0.26348876953125
0.07855224609375 0.4246826171875 -0.09722900390625 -0.210128784179688
-0.090301513671875 0.367889404296875 -0.0285072326660156 -0.0508270263671875
-0.12255859375 0.2342529296875 -0.0583038330078125 0.134849548339844
-0.165817260742187 0.151016235351563 -0.238113403320312 0.247421264648438
-0.186233520507813 0.2467041015625 -0.374114990234375 0.26910400390625
-0.339569091796875 0.25506591796875 -0.391357421875 0.221893310546875
-0.0878753662109375 0.163787841796875 -0.592041015625 0.04193115234375
-0.068939208984375 0.0851211547851563 -0.228668212890625 0.176223754882813
-0.117515563964844 0.00573730468750001 0.088897705078125 0.0022430419921875
-0.172622680664063 0.082763671875 0.128753662109375 -0.216094970703125
-0.170639038085938 0.18255615234375 0.045928955078125 -0.4263916015625
-0.01947021484375 0.306915283203125 -0.19024658203125 -0.539276123046875
0.08062744140625 0.28271484375 -0.449005126953125 -0.50604248046875
0.0742340087890625 0.257980346679688 -0.44427490234375 -0.42529296875
0.0889892578125 0.2806396484375 -0.318328857421875 -0.36260986328125
-0.014801025390625 0.23065185546875 -0.108139038085938 -0.278793334960938
-0.105361938476563 0.148666381835938 -0.00461196899414063 -0.0530052185058594
-0.0659141540527344 0.0410652160644531 -0.0854949951171875 0.161514282226563
-0.00172042846679688 0.0404167175292969 -0.31884765625 0.236785888671875
-0.016571044921875 0.161178588867188 -0.463104248046875 0.246063232421875
-0.147354125976562 0.19732666015625 -0.50665283203125 0.25677490234375
-0.0898361206054688 -0.108963012695313 0.513885498046875 -0.3148193359375
-0.122764587402344 -0.0362167358398438 0.5323486328125 -0.225677490234375
-0.122085571289062 0.0587158203125 0.33154296875 -0.2523193359375
-0.02838134765625 0.096771240234375 0.11700439453125 -0.2257080078125
0.054168701171875 0.0847854614257813 -0.0625724792480469 0.0281448364257812
0.0865325927734375 -0.0169448852539063 0.086761474609375 0.300872802734375
0.0697250366210938 -0.0469703674316406 0.389556884765625 0.42645263671875
0.042327880859375 -0.036102294921875 0.49072265625 0.436767578125
0.0435523986816406 -0.0597915649414063 0.49371337890625 0.510223388671875
0.0561676025390625 -0.0269355773925781 0.27716064453125 0.5755615234375
0.0847244262695313 0.0171737670898438 0.0567626953125 0.436248779296875
0.0333786010742188 0.094329833984375 -0.0615386962890625 0.2220458984375
-0.0815811157226563 0.11920166015625 -0.0105504989624024 -0.000677108764648429
-0.15606689453125 0.05657958984375 0.247222900390625 -0.139572143554688
-0.0984954833984375 -0.0382614135742188 0.64764404296875 -0.0020751953125
-0.30316162109375 0.023162841796875 0.479034423828125 -0.29766845703125
-0.255950927734375 0.082244873046875 0.54168701171875 -0.15411376953125
-0.234298706054688 0.174697875976563 0.393218994140625 -0.210357666015625
-0.099365234375 0.230224609375 0.175811767578125 -0.251373291015625
-0.00897216796874999 0.25250244140625 -0.07122802734375 -0.0277938842773437
0.135589599609375 0.2003173828125 0.05194091796875 0.2716064453125
0.210357666015625 0.167449951171875 0.341705322265625 0.407623291015625
0.17181396484375 0.186920166015625 0.446014404296875 0.39642333984375
0.202224731445313 0.18585205078125 0.477142333984375 0.46160888671875
0.125595092773438 0.231292724609375 0.29510498046875 0.514892578125
0.04534912109375 0.28228759765625 0.0753173828125 0.388153076171875
-0.075103759765625 0.306915283203125 -0.0361175537109375 0.20758056640625
-0.2918701171875 0.236785888671875 -0.00309658050537111 0.0152826309204102
-0.367950439453125 0.170684814453125 0.230789184570313 -0.103988647460937
-0.339630126953125 0.0556335449218751 0.58331298828125 -0.0030517578125
-0.4913330078125 0.148712158203125 0.366180419921875 -0.2491455078125
-0.387847900390625 0.207763671875 0.50982666015625 -0.0748291015625
-0.339813232421875 0.29107666015625 0.428619384765625 -0.18133544921875
-0.16973876953125 0.349456787109375 0.217239379882813 -0.277923583984375
-0.0869140625 0.396087646484375 -0.0703887939453125 -0.0965118408203125
0.14837646484375 0.402191162109375 0.0101470947265625 0.196304321289063
0.310943603515625 0.3695068359375 0.245452880859375 0.32574462890625
0.27484130859375 0.383819580078125 0.33514404296875 0.29742431640625
0.34234619140625 0.3944091796875 0.390106201171875 0.352935791015625
0.209136962890625 0.449371337890625 0.268035888671875 0.391204833984375
0.042724609375 0.513641357421875 0.077484130859375 0.303741455078125
-0.130218505859375 0.498321533203125 -0.0166778564453125 0.187789916992188
-0.438140869140625 0.35711669921875 -0.0203437805175782 0.0575485229492188
-0.510589599609375 0.285888671875 0.150726318359375 -0.03204345703125
-0.519439697265625 0.15106201171875 0.434417724609375 0.018310546875
-0.609619140625 0.246826171875 0.182586669921875 -0.176971435546875
-0.478118896484375 0.301971435546875 0.424835205078125 0.00787353515625002
-0.423583984375 0.367767333984375 0.42755126953125 -0.16644287109375
-0.24786376953125 0.433258056640625 0.228240966796875 -0.30401611328125
-0.172607421875 0.506378173828125 -0.0663604736328125 -0.1783447265625
0.133544921875 0.5692138671875 -0.0357208251953125 0.074310302734375
0.365234375 0.528961181640625 0.110687255859375 0.182937622070313
0.335296630859375 0.52679443359375 0.171524047851563 0.1514892578125
0.436614990234375 0.539398193359375 0.239212036132813 0.206375122070313
0.27032470703125 0.58837890625 0.185516357421875 0.231353759765625
0.0515747070312501 0.65924072265625 0.050140380859375 0.1971435546875
-0.14447021484375 0.6109619140625 -0.010498046875 0.164382934570313
-0.49163818359375 0.43267822265625 -0.0517578125 0.121353149414063
-0.55340576171875 0.36737060546875 0.0291976928710937 0.0731353759765625
-0.609130859375 0.23193359375 0.227920532226563 0.0628814697265625
-0.6226806640625 0.29766845703125 -0.0504989624023438 -0.0948333740234375
-0.484039306640625 0.324371337890625 0.281829833984375 0.082489013671875
-0.458343505859375 0.359527587890625 0.37188720703125 -0.147552490234375
-0.316253662109375 0.449310302734375 0.210296630859375 -0.315582275390625
-0.250274658203125 0.557891845703125 -0.0538482666015625 -0.267929077148437
0.103271484375 0.66680908203125 -0.0820541381835938 -0.0894622802734374
0.36956787109375 0.61181640625 -0.0483894348144531 -0.0054855346679687
0.3441162109375 0.58831787109375 -0.0197105407714844 -0.0201129913330078
0.45721435546875 0.59881591796875 0.0545120239257813 0.0407333374023438
0.27655029296875 0.630126953125 0.0706100463867188 0.0616531372070313
0.036376953125 0.68267822265625 0.007110595703125 0.088775634765625
-0.14312744140625 0.5965576171875 -0.01580810546875 0.143600463867188
-0.451202392578125 0.4151611328125 -0.094024658203125 0.192642211914063
-0.49713134765625 0.384857177734375 -0.10992431640625 0.18804931640625
-0.59893798828125 0.28466796875 -0.0045089721679688 0.124641418457031
-0.521209716796875 0.29498291015625 -0.28765869140625 -0.01812744140625
-0.404937744140625 0.2730712890625 0.0975875854492187 0.137039184570313
-0.42474365234375 0.26837158203125 0.2747802734375 -0.113876342773437
-0.345123291015625 0.38720703125 0.176727294921875 -0.30303955078125
-0.283203125 0.523223876953125 -0.029998779296875 -0.352630615234375
0.0689697265625 0.65887451171875 -0.128280639648437 -0.273605346679687
0.3236083984375 0.5963134765625 -0.216506958007812 -0.206787109375
0.301422119140625 0.560943603515625 -0.211257934570312 -0.1878662109375
0.39483642578125 0.5689697265625 -0.126327514648437 -0.120864868164062
0.2130126953125 0.5706787109375 -0.0368194580078125 -0.0940704345703125
-0.01409912109375 0.57769775390625 -0.0226955413818359 -0.000286102294921838
-0.138580322265625 0.456268310546875 -0.0270614624023438 0.136520385742188
-0.334014892578125 0.3072509765625 -0.150787353515625 0.2518310546875
-0.35833740234375 0.339599609375 -0.248947143554688 0.2755126953125
-0.50152587890625 0.297271728515625 -0.224014282226563 0.190643310546875
-0.3299560546875 0.241790771484375 -0.48492431640625 0.038726806640625
-0.257949829101563 0.180328369140625 -0.084564208984375 0.168670654296875
-0.313568115234375 0.140106201171875 0.170639038085938 -0.067108154296875
-0.29595947265625 0.2618408203125 0.144271850585937 -0.274017333984375
-0.2510986328125 0.39794921875 -0.000640869140625036 -0.418548583984375
0.03741455078125 0.535064697265625 -0.176116943359375 -0.4417724609375
0.23297119140625 0.4788818359375 -0.37255859375 -0.38043212890625
0.21234130859375 0.44378662109375 -0.372955322265625 -0.323211669921875
0.2685546875 0.454986572265625 -0.26513671875 -0.259597778320312
0.10650634765625 0.427947998046875 -0.101837158203125 -0.21453857421875
-0.072265625 0.384185791015625 -0.0203742980957031 -0.0514068603515625
-0.118911743164063 0.25067138671875 -0.04119873046875 0.1478271484375
-0.174102783203125 0.163299560546875 -0.2242431640625 0.28076171875
-0.185577392578125 0.255462646484375 -0.370697021484375 0.310089111328125
-0.342559814453125 0.2677001953125 -0.401611328125 0.248077392578125
-0.0847625732421875 0.158828735351563 -0.60546875 0.0734863281250001
-0.0705642700195313 0.0842437744140625 -0.219863891601563 0.179397583007812
-0.128379821777344 0.010986328125 0.0926666259765625 -0.0258407592773438
-0.1746826171875 0.0953521728515625 0.11712646484375 -0.248916625976563
-0.16546630859375 0.199691772460938 0.0177307128906249 -0.453948974609375
-0.000488281249999975 0.313934326171875 -0.2281494140625 -0.55328369140625
0.100555419921875 0.28277587890625 -0.490997314453125 -0.492462158203125
0.0909881591796875 0.2593994140625 -0.47821044921875 -0.40704345703125
0.106948852539062 0.27886962890625 -0.341552734375 -0.355438232421875
-0.000610351562500025 0.23651123046875 -0.11810302734375 -0.283966064453125
-0.0995025634765625 0.161376953125 0.003753662109375 -0.056243896484375
-0.0709686279296875 0.0488128662109375 -0.067108154296875 0.173721313476563
-0.0098876953125 0.0390396118164063 -0.306915283203125 0.270904541015625
-0.0160064697265625 0.157669067382813 -0.463653564453125 0.29046630859375
-0.145477294921875 0.200408935546875 -0.517608642578125 0.288787841796875
-0.10235595703125 -0.0996551513671875 0.507476806640625 -0.360504150390625
-0.12042236328125 -0.0272293090820312 0.5218505859375 -0.283172607421875
-0.113945007324219 0.06890869140625 0.305816650390625 -0.285919189453125
-0.0199966430664062 0.0982437133789063 0.0898590087890625 -0.239669799804687
0.0622711181640625 0.0787811279296875 -0.0726547241210938 0.0371856689453125
0.0841903686523437 -0.02587890625 0.100982666015625 0.301910400390625
0.0646743774414063 -0.0531272888183594 0.4228515625 0.402496337890625
0.039276123046875 -0.0389976501464844 0.527557373046875 0.400970458984375
0.0384254455566406 -0.0630531311035156 0.5396728515625 0.476715087890625
0.053863525390625 -0.0301361083984375 0.32952880859375 0.5645751953125
0.0846481323242188 0.0115737915039063 0.0961303710937499 0.44561767578125
0.0396652221679688 0.0940170288085938 -0.0381927490234375 0.24761962890625
-0.070953369140625 0.128585815429688 -0.00811004638671875 0.0230827331542969
-0.148056030273437 0.07379150390625 0.240509033203125 -0.144012451171875
-0.101921081542969 -0.0279617309570313 0.6568603515625 -0.04473876953125
-0.312347412109375 0.0466308593749999 0.474090576171875 -0.3385009765625
-0.25213623046875 0.101806640625 0.5364990234375 -0.21240234375
-0.223342895507813 0.19659423828125 0.370025634765625 -0.249176025390625
-0.0828704833984375 0.238082885742187 0.146377563476563 -0.269317626953125
0.010711669921875 0.255157470703125 -0.0846633911132813 -0.0183334350585937
0.149887084960938 0.188385009765625 0.06402587890625 0.272903442382812
0.2235107421875 0.150360107421875 0.37249755859375 0.384307861328125
0.187255859375 0.17608642578125 0.47796630859375 0.363525390625
0.217803955078125 0.170944213867188 0.519012451171875 0.428680419921875
0.143783569335938 0.225357055664063 0.344482421875 0.49981689453125
0.06475830078125 0.281341552734375 0.114105224609375 0.393707275390625
-0.055145263671875 0.31719970703125 -0.01177978515625 0.229782104492188
-0.279632568359375 0.264068603515625 0.00343322753906249 0.0390968322753906
-0.356597900390625 0.20257568359375 0.228317260742187 -0.106597900390625
-0.344482421875 0.081695556640625 0.59161376953125 -0.040283203125
-0.497772216796875 0.182769775390625 0.36383056640625 -0.278778076171875
-0.381866455078125 0.23663330078125 0.511474609375 -0.129364013671875
-0.3280029296875 0.32293701171875 0.40814208984375 -0.22418212890625
-0.149658203125 0.364471435546875 0.185516357421875 -0.29986572265625
-0.058319091796875 0.409912109375 -0.0899581909179687 -0.0888824462890625
0.177886962890625 0.392333984375 0.0180206298828125 0.197952270507813
0.341644287109375 0.34564208984375 0.26800537109375 0.308197021484375
0.30609130859375 0.366729736328125 0.356689453125 0.272216796875
0.37677001953125 0.36907958984375 0.422760009765625 0.324310302734375
0.244354248046875 0.436309814453125 0.3052978515625 0.37469482421875
0.08154296875 0.51458740234375 0.110931396484375 0.30657958984375
-0.0989074707031251 0.516143798828125 0.00886535644531251 0.207061767578125
-0.42340087890625 0.39990234375 -0.00755310058593753 0.0830078125
-0.49658203125 0.3294677734375 0.154800415039063 -0.0280303955078125
-0.523895263671875 0.18865966796875 0.440460205078125 -0.00744628906249999
-0.6129150390625 0.286376953125 0.179412841796875 -0.190475463867187
-0.4703369140625 0.333831787109375 0.4320068359375 -0.037445068359375
-0.413238525390625 0.407440185546875 0.409271240234375 -0.2105712890625
-0.224609375 0.457763671875 0.19561767578125 -0.3309326171875
-0.14007568359375 0.530731201171875 -0.0916290283203125 -0.174667358398437
0.1771240234375 0.56402587890625 -0.0354156494140625 0.0747299194335938
0.40802001953125 0.501556396484375 0.122116088867188 0.173248291015625
0.377960205078125 0.5064697265625 0.179718017578125 0.138671875
0.48211669921875 0.50579833984375 0.259719848632813 0.185775756835938
0.31622314453125 0.57366943359375 0.211929321289063 0.21697998046875
0.10137939453125 0.6622314453125 0.075958251953125 0.197860717773438
-0.1044921875 0.63116455078125 0.0148773193359375 0.180252075195313
-0.4720458984375 0.4803466796875 -0.0324859619140625 0.147567749023438
-0.53729248046875 0.413970947265625 0.0407257080078125 0.0864181518554688
-0.61163330078125 0.2762451171875 0.23193359375 0.052642822265625
-0.62274169921875 0.33514404296875 -0.0528564453125 -0.0883941650390625
-0.478057861328125 0.355712890625 0.29296875 0.0504150390625
-0.453521728515625 0.400054931640625 0.35748291015625 -0.19073486328125
-0.295684814453125 0.479095458984375 0.178436279296875 -0.344635009765625
-0.2147216796875 0.59197998046875 -0.0856170654296875 -0.270156860351562
0.15423583984375 0.664794921875 -0.0937957763671875 -0.0913162231445312
0.4212646484375 0.58392333984375 -0.0535697937011718 -0.00450897216796871
0.3912353515625 0.568115234375 -0.0261821746826172 -0.0192184448242187
0.50616455078125 0.56402587890625 0.0607566833496094 0.0323562622070313
0.32623291015625 0.6123046875 0.0831985473632813 0.0518569946289063
0.08905029296875 0.68670654296875 0.0243148803710938 0.0888290405273438
-0.1033935546875 0.6177978515625 0.007965087890625 0.157119750976563
-0.43304443359375 0.4600830078125 -0.0691070556640625 0.219757080078125
-0.47943115234375 0.42657470703125 -0.0920257568359375 0.2125244140625
-0.60003662109375 0.3272705078125 -0.00140380859375004 0.132308959960938
-0.52081298828125 0.321014404296875 -0.2900390625 0.00598144531249998
-0.401458740234375 0.297332763671875 0.111671447753906 0.12115478515625
-0.4266357421875 0.306671142578125 0.264022827148438 -0.151641845703125
-0.326873779296875 0.419281005859375 0.146148681640625 -0.3326416015625
-0.2503662109375 0.558502197265625 -0.0655517578125 -0.361083984375
0.1192626953125 0.66094970703125 -0.153701782226562 -0.276596069335938
0.37591552734375 0.5736083984375 -0.23883056640625 -0.193893432617187
0.3455810546875 0.541534423828125 -0.230987548828125 -0.172256469726563
0.442352294921875 0.537445068359375 -0.133613586425781 -0.117195129394531
0.25927734375 0.55712890625 -0.0374984741210937 -0.098175048828125
0.03045654296875 0.5855712890625 -0.0128278732299805 -0.000700950622558557
-0.10986328125 0.47625732421875 -0.00369262695312499 0.147506713867188
-0.32489013671875 0.339996337890625 -0.123077392578125 0.28118896484375
-0.344482421875 0.36810302734375 -0.227813720703125 0.310455322265625
-0.498748779296875 0.3321533203125 -0.221084594726563 0.21441650390625
-0.326995849609375 0.255218505859375 -0.486541748046875 0.0765686035156251
-0.258102416992188 0.19354248046875 -0.071014404296875 0.16680908203125
-0.32061767578125 0.166839599609375 0.162277221679687 -0.0988616943359375
-0.284576416015625 0.28948974609375 0.117340087890625 -0.30364990234375
-0.22674560546875 0.42755126953125 -0.040618896484375 -0.43328857421875
0.07830810546875 0.536773681640625 -0.21588134765625 -0.442962646484375
0.2733154296875 0.46209716796875 -0.40960693359375 -0.3568115234375
0.247711181640625 0.431884765625 -0.402587890625 -0.29620361328125
0.3056640625 0.436279296875 -0.2850341796875 -0.24517822265625
0.140869140625 0.421630859375 -0.112716674804687 -0.215179443359375
-0.04144287109375 0.39556884765625 -0.0153045654296875 -0.053741455078125
-0.104660034179688 0.266677856445313 -0.01898193359375 0.1563720703125
-0.17462158203125 0.180618286132812 -0.19647216796875 0.312591552734375
-0.176467895507812 0.267929077148438 -0.34844970703125 0.353973388671875
-0.33636474609375 0.290008544921875 -0.397552490234375 0.2841796875
-0.0802459716796875 0.155349731445313 -0.60687255859375 0.11669921875
-0.0703887939453125 0.0868606567382813 -0.207962036132812 0.18701171875
-0.136405944824219 0.0217971801757812 0.0856475830078125 -0.0538482666015625
-0.171051025390625 0.11181640625 0.0919952392578125 -0.276687622070313
-0.152587890625 0.218170166015625 -0.0247802734375 -0.4720458984375
0.023895263671875 0.31658935546875 -0.2763671875 -0.550018310546875
0.124649047851562 0.27496337890625 -0.537506103515625 -0.455596923828125
0.111602783203125 0.25408935546875 -0.51287841796875 -0.3695068359375
0.128677368164063 0.2705078125 -0.368133544921875 -0.335052490234375
0.0198974609375 0.238006591796875 -0.134735107421875 -0.284149169921875
-0.087005615234375 0.173782348632812 0.00851821899414062 -0.0615806579589844
-0.0712356567382812 0.0588226318359375 -0.04388427734375 0.181198120117188
-0.0161590576171875 0.0405082702636719 -0.28179931640625 0.30645751953125
-0.011383056640625 0.154525756835938 -0.44476318359375 0.340972900390625
-0.138671875 0.206497192382813 -0.512176513671875 0.332672119140625
-0.110191345214844 -0.0851287841796875 0.478973388671875 -0.396453857421875
-0.115608215332031 -0.0178451538085937 0.486541748046875 -0.330474853515625
-0.102394104003906 0.0759658813476562 0.26922607421875 -0.307098388671875
-0.0117950439453125 0.0963668823242188 0.0597686767578125 -0.2418212890625
0.0679168701171875 0.0706024169921875 -0.0765380859375 0.0473403930664062
0.0786666870117188 -0.03387451171875 0.113250732421875 0.2947998046875
0.0568084716796875 -0.0568809509277344 0.44256591796875 0.362945556640625
0.0346870422363281 -0.0403366088867188 0.5447998046875 0.351898193359375
0.0322074890136719 -0.0636787414550781 0.56890869140625 0.42449951171875
0.0502433776855469 -0.0322303771972656 0.37237548828125 0.532806396484375
0.082183837890625 0.0043792724609375 0.135772705078125 0.43682861328125
0.0448760986328125 0.0907058715820312 -0.00888061523437502 0.2591552734375
-0.0573348999023437 0.132225036621094 3.81469726562122E-06 0.0411720275878906
-0.133575439453125 0.0864028930664063 0.228271484375 -0.146987915039062
-0.101509094238281 -0.0171356201171875 0.6446533203125 -0.08941650390625
-0.30999755859375 0.072296142578125 0.448883056640625 -0.37109375
-0.239990234375 0.11822509765625 0.507110595703125 -0.263458251953125
-0.203826904296875 0.212188720703125 0.33355712890625 -0.275909423828125
-0.063995361328125 0.239151000976563 0.112579345703125 -0.275238037109375
0.0305633544921875 0.2496337890625 -0.093536376953125 -0.00562286376953124
0.158432006835938 0.1712646484375 0.0760650634765625 0.267440795898438
0.22796630859375 0.129257202148438 0.3916015625 0.348419189453125
0.196044921875 0.15899658203125 0.493927001953125 0.319427490234375
0.226455688476563 0.150054931640625 0.5447998046875 0.378326416015625
0.15802001953125 0.211227416992188 0.3824462890625 0.46478271484375
0.08343505859375 0.27105712890625 0.148345947265625 0.382232666015625
-0.033050537109375 0.3182373046875 0.017547607421875 0.239349365234375
-0.25579833984375 0.283050537109375 0.0161056518554687 0.0560226440429688
-0.3319091796875 0.227874755859375 0.222946166992188 -0.109817504882813
-0.3370361328125 0.107696533203125 0.580078125 -0.07904052734375
-0.48773193359375 0.217498779296875 0.34423828125 -0.303314208984375
-0.3629150390625 0.258880615234375 0.489501953125 -0.177703857421875
-0.3011474609375 0.346923828125 0.372772216796875 -0.255401611328125
-0.122039794921875 0.369476318359375 0.148406982421875 -0.30908203125
-0.02764892578125 0.40869140625 -0.104217529296875 -0.0750808715820312
0.202728271484375 0.369903564453125 0.0259552001953125 0.19427490234375
0.357940673828125 0.310943603515625 0.2823486328125 0.279937744140625
0.326690673828125 0.33685302734375 0.367034912109375 0.238922119140625
0.39697265625 0.329986572265625 0.44134521484375 0.2818603515625
0.271759033203125 0.410552978515625 0.3353271484375 0.342315673828125
0.1158447265625 0.499359130859375 0.1392822265625 0.29559326171875
-0.06121826171875 0.516143798828125 0.037872314453125 0.213760375976563
-0.38812255859375 0.42816162109375 0.0118255615234375 0.0990829467773438
-0.460693359375 0.36175537109375 0.157394409179687 -0.0275115966796875
-0.510955810546875 0.2237548828125 0.433685302734375 -0.035064697265625
-0.59796142578125 0.32421875 0.168777465820313 -0.200225830078125
-0.447235107421875 0.360137939453125 0.420196533203125 -0.081146240234375
-0.384063720703125 0.437103271484375 0.374755859375 -0.244903564453125
-0.19183349609375 0.4686279296875 0.154998779296875 -0.342803955078125
-0.099273681640625 0.538818359375 -0.1134033203125 -0.161209106445312
0.2142333984375 0.539306640625 -0.0354461669921875 0.0745162963867188
0.4373779296875 0.457550048828125 0.1290283203125 0.15814208984375
0.408172607421875 0.467620849609375 0.18231201171875 0.121475219726563
0.51043701171875 0.4552001953125 0.2708740234375 0.158187866210938
0.354827880859375 0.535369873046875 0.229202270507813 0.192489624023438
0.1495361328125 0.64117431640625 0.0976715087890625 0.188644409179688
-0.0584716796875 0.63262939453125 0.0421295166015625 0.184402465820313
-0.4332275390625 0.514190673828125 -0.00642395019531252 0.162246704101563
-0.498504638671875 0.44793701171875 0.0541000366210937 0.0929489135742188
-0.59442138671875 0.31658935546875 0.230697631835937 0.0400848388671875
-0.604248046875 0.3680419921875 -0.053955078125 -0.0812759399414062
-0.456695556640625 0.380859375 0.2911376953125 0.017822265625
-0.42803955078125 0.43426513671875 0.3270263671875 -0.223419189453125
-0.2598876953125 0.4984130859375 0.13818359375 -0.356964111328125
-0.167724609375 0.6044921875 -0.1151123046875 -0.258682250976562
0.20050048828125 0.6417236328125 -0.105003356933594 -0.087890625
0.456634521484375 0.537353515625 -0.0571517944335937 -0.0024147033691406
0.426422119140625 0.529998779296875 -0.0314750671386719 -0.0159683227539062
0.53814697265625 0.510009765625 0.0634880065917969 0.0226936340332032
0.36639404296875 0.57318115234375 0.0899124145507813 0.0386810302734375
0.1387939453125 0.667724609375 0.03826904296875 0.0834579467773438
-0.05767822265625 0.617919921875 0.0338592529296875 0.159637451171875
-0.397735595703125 0.491607666015625 -0.03729248046875 0.233993530273438
-0.442138671875 0.454925537109375 -0.066680908203125 0.22589111328125
-0.57952880859375 0.36541748046875 0.00446319580078122 0.135711669921875
-0.503326416015625 0.3458251953125 -0.28155517578125 0.029205322265625
-0.38519287109375 0.31658935546875 0.118881225585937 0.101776123046875
-0.4107666015625 0.339508056640625 0.238510131835938 -0.180252075195312
-0.295135498046875 0.4400634765625 0.108917236328125 -0.3460693359375
-0.20611572265625 0.57684326171875 -0.10333251953125 -0.352996826171875
0.16741943359375 0.6390380859375 -0.178665161132813 -0.267913818359375
0.411468505859375 0.52899169921875 -0.253326416015625 -0.173446655273437
0.38116455078125 0.50628662109375 -0.242996215820312 -0.149078369140625
0.47174072265625 0.48907470703125 -0.138694763183594 -0.108665466308594
0.297698974609375 0.522491455078125 -0.03955078125 -0.0999755859375
0.07489013671875 0.5721435546875 -0.00532341003417968 -0.00326633453369137
-0.073822021484375 0.480255126953125 0.019622802734375 0.148681640625
-0.301666259765625 0.36456298828125 -0.0867919921875 0.29571533203125
-0.31719970703125 0.385833740234375 -0.193084716796875 0.33245849609375
-0.4775390625 0.36138916015625 -0.2069091796875 0.2332763671875
-0.314697265625 0.26519775390625 -0.471588134765625 0.11236572265625
-0.24951171875 0.204605102539062 -0.0575408935546875 0.160446166992188
-0.31298828125 0.19219970703125 0.14239501953125 -0.12274169921875
-0.262115478515625 0.30889892578125 0.083465576171875 -0.3167724609375
-0.190185546875 0.444488525390625 -0.0831298828125 -0.428253173828125
0.1185302734375 0.520416259765625 -0.2529296875 -0.4261474609375
0.304168701171875 0.427825927734375 -0.433013916015625 -0.317840576171875
0.27569580078125 0.403900146484375 -0.418914794921875 -0.256591796875
0.330718994140625 0.40020751953125 -0.2965087890625 -0.223236083984375
0.172515869140625 0.40032958984375 -0.123382568359375 -0.20965576171875
-0.00927734374999999 0.39239501953125 -0.0124931335449219 -0.0562553405761718
-0.084869384765625 0.273666381835938 0.00415039062499998 0.156494140625
-0.165725708007813 0.194732666015625 -0.157470703125 0.33013916015625
-0.158981323242188 0.2738037109375 -0.3104248046875 0.384979248046875
-0.31951904296875 0.306884765625 -0.37554931640625 0.314422607421875
-0.0749969482421875 0.14947509765625 -0.5892333984375 0.15924072265625
-0.0677413940429688 0.0874176025390625 -0.191192626953125 0.189605712890625
-0.138671875 0.0340042114257813 0.0698699951171875 -0.074310302734375
-0.160980224609375 0.124496459960937 0.058746337890625 -0.289093017578125
-0.13262939453125 0.229202270507812 -0.0695800781250001 -0.468475341796875
0.0489501953125 0.308258056640625 -0.321685791015625 -0.527191162109375
0.144485473632813 0.257705688476563 -0.56494140625 -0.4034423828125
0.128021240234375 0.240966796875 -0.5299072265625 -0.3201904296875
0.146026611328125 0.253982543945313 -0.38427734375 -0.304779052734375
0.0395660400390625 0.22955322265625 -0.150009155273438 -0.275741577148437
-0.0713348388671875 0.178665161132813 0.0098876953125 -0.0668182373046875
-0.0677452087402344 0.0668754577636719 -0.0196380615234375 0.18096923828125
-0.02020263671875 0.0426445007324219 -0.243804931640625 0.329315185546875
-0.0064239501953125 0.149017333984375 -0.404937744140625 0.379150390625
-0.1280517578125 0.20831298828125 -0.4854736328125 0.369903564453125
-0.111732482910156 -0.071197509765625 0.4495849609375 -0.413238525390625
-0.109176635742188 -0.0126266479492187 0.447418212890625 -0.354736328125
-0.09136962890625 0.0776901245117188 0.235321044921875 -0.31195068359375
-0.00572967529296875 0.0935211181640625 0.0359649658203125 -0.236190795898437
0.0696563720703125 0.0633049011230469 -0.0781936645507813 0.0554733276367188
0.0718460083007813 -0.0378494262695312 0.11822509765625 0.286376953125
0.0503158569335937 -0.05694580078125 0.44293212890625 0.328094482421875
0.031402587890625 -0.0392036437988281 0.5421142578125 0.308074951171875
0.0275230407714844 -0.0626068115234375 0.5726318359375 0.37982177734375
0.046234130859375 -0.0325851440429688 0.39361572265625 0.49755859375
0.0783843994140625 0.00049591064453125 0.159881591796875 0.419769287109375
0.04803466796875 0.087127685546875 0.014862060546875 0.25994873046875
-0.0462112426757813 0.130722045898438 0.01007080078125 0.0524635314941406
-0.119384765625 0.09161376953125 0.217361450195313 -0.144424438476563
-0.0986862182617187 -0.00908660888671877 0.62115478515625 -0.1171875
-0.301727294921875 0.09039306640625 0.4205322265625 -0.385894775390625
-0.225860595703125 0.125885009765625 0.47161865234375 -0.29083251953125
-0.1846923828125 0.218093872070313 0.299713134765625 -0.2847900390625
-0.0495147705078125 0.2344970703125 0.085052490234375 -0.270370483398438
0.0420379638671875 0.240158081054688 -0.0973739624023437 0.00622558593750002
0.159133911132813 0.155929565429688 0.080902099609375 0.260101318359375
0.223953247070312 0.112136840820312 0.393035888671875 0.316864013671875
0.1966552734375 0.145004272460938 0.48883056640625 0.2806396484375
0.225677490234375 0.133148193359375 0.546173095703125 0.33563232421875
0.16143798828125 0.196243286132813 0.397216796875 0.428192138671875
0.092437744140625 0.257949829101563 0.16900634765625 0.366546630859375
-0.01708984375 0.3116455078125 0.040557861328125 0.2392578125
-0.232757568359375 0.287811279296875 0.0294456481933594 0.0659408569335938
-0.3052978515625 0.23638916015625 0.2166748046875 -0.108901977539062
-0.32464599609375 0.123046875 0.5595703125 -0.10125732421875
-0.469757080078125 0.238433837890625 0.32257080078125 -0.311798095703125
-0.34124755859375 0.2685546875 0.459442138671875 -0.20855712890625
-0.27545166015625 0.35687255859375 0.337005615234375 -0.267822265625
-0.100433349609375 0.36468505859375 0.117279052734375 -0.30560302734375
-0.00640869140625004 0.400543212890625 -0.111846923828125 -0.0605621337890625
0.211395263671875 0.34466552734375 0.0290679931640625 0.189468383789063
0.3590087890625 0.27874755859375 0.283905029296875 0.25531005859375
0.3333740234375 0.311553955078125 0.362091064453125 0.2125244140625
0.399566650390625 0.2978515625 0.44097900390625 0.246429443359375
0.28125 0.381988525390625 0.344879150390625 0.31201171875
0.13580322265625 0.476837158203125 0.155731201171875 0.279510498046875
-0.0360107421875 0.505889892578125 0.0596160888671875 0.211746215820313
-0.356048583984375 0.4384765625 0.0292587280273437 0.1063232421875
-0.425140380859375 0.3729248046875 0.158920288085937 -0.0265350341796875
-0.4903564453125 0.244964599609375 0.419677734375 -0.0516357421875
-0.57489013671875 0.34356689453125 0.158462524414062 -0.202545166015625
-0.423248291015625 0.371002197265625 0.398223876953125 -0.10955810546875
-0.35504150390625 0.45037841796875 0.33935546875 -0.25897216796875
-0.165557861328125 0.46661376953125 0.123046875 -0.339324951171875
-0.0669555664062501 0.5323486328125 -0.125747680664063 -0.14495849609375
0.233642578125 0.50885009765625 -0.0363693237304687 0.0734939575195313
0.445526123046875 0.41595458984375 0.12896728515625 0.145156860351563
0.417694091796875 0.43304443359375 0.178253173828125 0.108139038085938
0.51446533203125 0.410919189453125 0.269775390625 0.134597778320313
0.368255615234375 0.49725341796875 0.234619140625 0.169921875
0.17681884765625 0.61151123046875 0.109390258789063 0.177352905273438
-0.02593994140625 0.61688232421875 0.06402587890625 0.181320190429688
-0.396881103515625 0.5245361328125 0.01690673828125 0.16693115234375
-0.45916748046875 0.4581298828125 0.0658416748046875 0.09344482421875
-0.57110595703125 0.337890625 0.225128173828125 0.0317840576171875
-0.58135986328125 0.38592529296875 -0.0525741577148438 -0.0752792358398437
-0.4345703125 0.389984130859375 0.279739379882813 -0.00581359863281247
-0.4022216796875 0.45166015625 0.293914794921875 -0.23760986328125
-0.230926513671875 0.499847412109375 0.105804443359375 -0.355316162109375
-0.1322021484375 0.602783203125 -0.133255004882812 -0.241851806640625
0.22479248046875 0.6099853515625 -0.113250732421875 -0.0824279785156249
0.468780517578125 0.49163818359375 -0.060333251953125 0.000141143798828154
0.43963623046875 0.491546630859375 -0.0348148345947265 -0.012277603149414
0.544342041015625 0.460357666015625 0.0627708435058594 0.0137596130371094
0.381744384765625 0.531829833984375 0.0907516479492188 0.0272369384765625
0.1690673828125 0.63702392578125 0.0465316772460937 0.0766983032226563
-0.0244750976562501 0.60430908203125 0.0536041259765625 0.155670166015625
-0.36370849609375 0.50250244140625 -0.00941467285156254 0.236083984375
-0.406402587890625 0.4613037109375 -0.04522705078125 0.228591918945313
-0.55548095703125 0.3834228515625 0.00966644287109371 0.135955810546875
-0.4835205078125 0.355133056640625 -0.269500732421875 0.0434875488281251
-0.368896484375 0.3238525390625 0.118560791015625 0.0849838256835938
-0.39129638671875 0.3568115234375 0.21014404296875 -0.19305419921875
-0.267578125 0.4451904296875 0.07708740234375 -0.34503173828125
-0.170166015625 0.57666015625 -0.126708984375 -0.3369140625
0.1942138671875 0.60791015625 -0.195098876953125 -0.254928588867187
0.426025390625 0.483978271484375 -0.258621215820313 -0.154052734375
0.393402099609375 0.469390869140625 -0.245101928710938 -0.129501342773437
0.48016357421875 0.444732666015625 -0.13897705078125 -0.102867126464844
0.31317138671875 0.4862060546875 -0.041900634765625 -0.101837158203125
0.10400390625 0.549468994140625 -0.000730514526367181 -0.00598049163818356
-0.048004150390625 0.471649169921875 0.0384368896484375 0.144058227539063
-0.2769775390625 0.373291015625 -0.054718017578125 0.29705810546875
-0.2890625 0.387237548828125 -0.1619873046875 0.337799072265625
-0.4573974609375 0.374359130859375 -0.192123413085937 0.240753173828125
-0.304046630859375 0.265167236328125 -0.4503173828125 0.132171630859375
-0.240097045898438 0.207962036132812 -0.0493927001953125 0.15087890625
-0.30120849609375 0.208465576171875 0.120361328125 -0.134315490722656
-0.24078369140625 0.316070556640625 0.05352783203125 -0.317474365234375
-0.1614990234375 0.445770263671875 -0.111907958984375 -0.4127197265625
0.142730712890625 0.497344970703125 -0.275543212890625 -0.405487060546875
0.317291259765625 0.39361572265625 -0.4398193359375 -0.2816162109375
0.28704833984375 0.3775634765625 -0.41851806640625 -0.223236083984375
0.33892822265625 0.3673095703125 -0.296844482421875 -0.204681396484375
0.18731689453125 0.374267578125 -0.128402709960937 -0.203369140625
0.012115478515625 0.37921142578125 -0.0101661682128906 -0.0577354431152343
-0.0681915283203125 0.272293090820313 0.0217742919921875 0.150390625
-0.155776977539062 0.201385498046875 -0.123565673828125 0.33233642578125
-0.145843505859375 0.270660400390625 -0.27349853515625 0.394775390625
-0.303314208984375 0.311553955078125 -0.3531494140625 0.329010009765625
-0.0736541748046875 0.142425537109375 -0.56243896484375 0.18426513671875
-0.0660781860351562 0.0861358642578125 -0.17779541015625 0.185821533203125
-0.137596130371094 0.0427398681640625 0.052154541015625 -0.0850067138671875
-0.150466918945313 0.131362915039063 0.031707763671875 -0.290496826171875
-0.115402221679688 0.232162475585938 -0.100128173828125 -0.45404052734375
0.063385009765625 0.294281005859375 -0.3458251953125 -0.49749755859375
0.153060913085938 0.238265991210938 -0.570556640625 -0.3582763671875
0.135482788085938 0.2264404296875 -0.52838134765625 -0.279876708984375
0.15252685546875 0.23699951171875 -0.386566162109375 -0.2781982421875
0.050140380859375 0.217117309570313 -0.157318115234375 -0.265380859375
-0.057952880859375 0.177169799804688 0.0107574462890625 -0.0703201293945312
-0.06256103515625 0.07122802734375 -0.00152587890624999 0.17449951171875
-0.0235404968261719 0.0446624755859375 -0.207733154296875 0.33477783203125
-0.00497436523437499 0.141555786132813 -0.367095947265625 0.393890380859375
-0.119766235351563 0.205718994140625 -0.455230712890625 0.386627197265625
-0.109748840332031 -0.0620956420898438 0.432281494140625 -0.417327880859375
-0.103248596191406 -0.0108413696289063 0.419830322265625 -0.363525390625
-0.0836029052734375 0.0766067504882812 0.21319580078125 -0.31048583984375
-0.00264739990234375 0.0902328491210938 0.0208282470703125 -0.22894287109375
0.0705413818359375 0.0586624145507813 -0.079193115234375 0.0626602172851563
0.0671310424804688 -0.03973388671875 0.118682861328125 0.2830810546875
0.0456809997558594 -0.0560379028320312 0.4373779296875 0.30865478515625
0.0294685363769531 -0.0379104614257813 0.53240966796875 0.287109375
0.0252418518066406 -0.0608787536621094 0.56964111328125 0.35205078125
0.0441780090332031 -0.0321922302246094 0.399627685546875 0.47509765625
0.0742263793945313 -0.00069427490234375 0.17144775390625 0.408416748046875
0.04876708984375 0.0847930908203125 0.031158447265625 0.258758544921875
-0.0390853881835937 0.128135681152344 0.019012451171875 0.0606117248535156
-0.108238220214844 0.092041015625 0.212631225585937 -0.138885498046875
-0.0961990356445313 -0.00434112548828127 0.60479736328125 -0.1265869140625
-0.295318603515625 0.10028076171875 0.4058837890625 -0.389495849609375
-0.21649169921875 0.127822875976562 0.4451904296875 -0.302581787109375
-0.172103881835938 0.218673706054688 0.275115966796875 -0.285552978515625
-0.0424652099609375 0.22918701171875 0.0676422119140625 -0.262664794921875
0.04840087890625 0.233200073242188 -0.09942626953125 0.0156097412109375
0.155593872070313 0.146041870117188 0.08087158203125 0.256210327148438
0.217926025390625 0.102615356445313 0.388031005859375 0.2979736328125
0.194503784179688 0.138015747070313 0.480010986328125 0.261199951171875
0.221832275390625 0.122787475585938 0.5406494140625 0.31134033203125
0.160629272460937 0.18756103515625 0.400238037109375 0.40789794921875
0.0939788818359375 0.249130249023438 0.17864990234375 0.354644775390625
-0.00997924804687497 0.306182861328125 0.0565032958984375 0.236801147460938
-0.2193603515625 0.287811279296875 0.04046630859375 0.0716476440429688
-0.287139892578125 0.238250732421875 0.21405029296875 -0.105377197265625
-0.3170166015625 0.13018798828125 0.546356201171875 -0.110260009765625
-0.459869384765625 0.246490478515625 0.311798095703125 -0.313751220703125
-0.329437255859375 0.271575927734375 0.436065673828125 -0.223968505859375
-0.260528564453125 0.358734130859375 0.311553955078125 -0.268768310546875
-0.09014892578125 0.3592529296875 0.09716796875 -0.297393798828125
0.00622558593750001 0.3935546875 -0.115669250488281 -0.049163818359375
0.2108154296875 0.329010009765625 0.02752685546875 0.187469482421875
0.35504150390625 0.26055908203125 0.279815673828125 0.242080688476563
0.3302001953125 0.295623779296875 0.3529052734375 0.1973876953125
0.394073486328125 0.27752685546875 0.434326171875 0.22698974609375
0.280792236328125 0.3634033203125 0.344879150390625 0.293609619140625
0.141845703125 0.4599609375 0.162567138671875 0.269607543945313
-0.0238037109375 0.49566650390625 0.076019287109375 0.209030151367188
-0.33648681640625 0.4384765625 0.0438003540039062 0.109878540039063
-0.403656005859375 0.3720703125 0.161727905273437 -0.02557373046875
-0.480926513671875 0.253448486328125 0.409942626953125 -0.057861328125
-0.56298828125 0.35205078125 0.153640747070312 -0.202239990234375
-0.41094970703125 0.37213134765625 0.379486083984375 -0.12371826171875
-0.33990478515625 0.455474853515625 0.313873291015625 -0.2601318359375
-0.151947021484375 0.46142578125 0.10107421875 -0.331878662109375
-0.05120849609375 0.527099609375 -0.1322021484375 -0.131454467773437
0.237548828125 0.48834228515625 -0.0400772094726562 0.0738296508789063
0.442626953125 0.390716552734375 0.124313354492188 0.138290405273438
0.41802978515625 0.412933349609375 0.172073364257813 0.101837158203125
0.509918212890625 0.384490966796875 0.26568603515625 0.120574951171875
0.36834716796875 0.472320556640625 0.233749389648438 0.155868530273438
0.18548583984375 0.59130859375 0.115310668945313 0.170059204101563
-0.010986328125 0.60528564453125 0.0788726806640625 0.177902221679688
-0.37567138671875 0.52508544921875 0.0345306396484375 0.167800903320313
-0.43560791015625 0.45465087890625 0.0740509033203125 0.0938262939453125
-0.5582275390625 0.347625732421875 0.220458984375 0.0287017822265625
-0.57110595703125 0.39007568359375 -0.0501556396484375 -0.0711212158203125
-0.424072265625 0.390625 0.269195556640625 -0.0189208984375
-0.3885498046875 0.458648681640625 0.269744873046875 -0.23931884765625
-0.21514892578125 0.4964599609375 0.083953857421875 -0.34912109375
-0.11187744140625 0.59857177734375 -0.14300537109375 -0.228240966796875
0.2337646484375 0.5875244140625 -0.118988037109375 -0.0779876708984374
0.4652099609375 0.462738037109375 -0.0639533996582031 0.00218963623046877
0.439849853515625 0.4677734375 -0.0384254455566406 -0.00935363769531247
0.538970947265625 0.432830810546875 0.0608711242675782 0.00725173950195315
0.38238525390625 0.505096435546875 0.0903778076171875 0.0189132690429688
0.18157958984375 0.615966796875 0.0510025024414063 0.07220458984375
-0.00946044921875004 0.59326171875 0.0682373046875 0.151153564453125
-0.34539794921875 0.503509521484375 0.0110321044921875 0.233810424804688
-0.38677978515625 0.458343505859375 -0.0312042236328125 0.22784423828125
-0.542694091796875 0.391082763671875 0.0106277465820312 0.136215209960938
-0.476898193359375 0.35614013671875 -0.260345458984375 0.0505371093750001
-0.362579345703125 0.32403564453125 0.114570617675781 0.074493408203125
-0.379119873046875 0.36602783203125 0.18902587890625 -0.195571899414063
-0.252777099609375 0.44500732421875 0.05645751953125 -0.3402099609375
-0.1490478515625 0.57379150390625 -0.140411376953125 -0.32403564453125
0.205078125 0.58673095703125 -0.204452514648437 -0.24560546875
0.42327880859375 0.456817626953125 -0.260665893554688 -0.14117431640625
0.395477294921875 0.4498291015625 -0.245162963867187 -0.11749267578125
0.47607421875 0.4190673828125 -0.138496398925781 -0.101600646972656
0.313201904296875 0.46112060546875 -0.043060302734375 -0.104042053222656
0.11541748046875 0.531341552734375 0.00316429138183594 -0.00812864303588864
-0.034759521484375 0.46380615234375 0.0511856079101563 0.138832092285156
-0.264617919921875 0.37677001953125 -0.032958984375 0.292938232421875
-0.27703857421875 0.38372802734375 -0.142486572265625 0.336883544921875
-0.447113037109375 0.37835693359375 -0.184616088867188 0.244140625
-0.301422119140625 0.2633056640625 -0.436126708984375 0.141510009765625
-0.236709594726563 0.20794677734375 -0.0465240478515625 0.142654418945313
-0.294769287109375 0.21636962890625 0.101943969726562 -0.137786865234375
-0.228118896484375 0.3172607421875 0.0340576171875 -0.31378173828125
-0.144134521484375 0.444122314453125 -0.127899169921875 -0.399566650390625
0.150421142578125 0.47882080078125 -0.285736083984375 -0.3905029296875
0.317718505859375 0.37103271484375 -0.438323974609375 -0.260498046875
0.288818359375 0.360107421875 -0.41387939453125 -0.204345703125
0.33770751953125 0.346282958984375 -0.2950439453125 -0.195648193359375
0.189605712890625 0.3563232421875 -0.129409790039062 -0.200729370117188
0.0234375 0.36846923828125 -0.00804901123046875 -0.0595893859863281
-0.0599822998046875 0.269607543945312 0.033477783203125 0.145278930664063
-0.151107788085937 0.204376220703125 -0.100189208984375 0.328582763671875
-0.140701293945313 0.265853881835937 -0.250091552734375 0.395355224609375
-0.29620361328125 0.312103271484375 -0.33880615234375 0.332000732421875
-0.0765151977539063 0.136245727539063 -0.54510498046875 0.194915771484375
-0.066741943359375 0.0840072631835938 -0.171173095703125 0.1795654296875
-0.136802673339844 0.0487594604492187 0.03680419921875 -0.0894088745117188
-0.143402099609375 0.133956909179688 0.013275146484375 -0.287078857421875
-0.105056762695312 0.23175048828125 -0.11785888671875 -0.44183349609375
0.07012939453125 0.28436279296875 -0.357086181640625 -0.476898193359375
0.155364990234375 0.22515869140625 -0.56475830078125 -0.32952880859375
0.137908935546875 0.217819213867188 -0.51947021484375 -0.256439208984375
0.153945922851563 0.225662231445313 -0.38311767578125 -0.264617919921875
0.0535125732421875 0.2073974609375 -0.159881591796875 -0.260238647460938
-0.050384521484375 0.174453735351563 0.0120849609375 -0.07281494140625
-0.0598220825195313 0.0738754272460938 0.0100860595703125 0.167648315429688
-0.02618408203125 0.0464744567871094 -0.183868408203125 0.333953857421875
-0.00781250000000001 0.135948181152344 -0.340576171875 0.3968505859375
-0.117233276367188 0.201889038085938 -0.4393310546875 0.391082763671875
-0.108512878417969 -0.056488037109375 0.43182373046875 -0.423980712890625
-0.101150512695313 -0.0117340087890625 0.4072265625 -0.373016357421875
-0.0806503295898437 0.0754241943359375 0.2021484375 -0.3116455078125
-0.00109100341796876 0.0888748168945313 0.0112457275390625 -0.225738525390625
0.0717926025390625 0.05657958984375 -0.0810165405273438 0.0694427490234375
0.06494140625 -0.0408515930175781 0.11883544921875 0.288177490234375
0.0437049865722656 -0.0553359985351562 0.438934326171875 0.302825927734375
0.0293235778808594 -0.0368804931640625 0.531890869140625 0.27886962890625
0.024505615234375 -0.0605010986328125 0.5728759765625 0.34521484375
0.043182373046875 -0.0313301086425781 0.408050537109375 0.469970703125
0.072540283203125 -0.0006103515625 0.180450439453125 0.40826416015625
0.0503387451171875 0.0854263305664063 0.0428924560546875 0.261993408203125
-0.0353546142578125 0.127067565917969 0.0266151428222656 0.0678062438964844
-0.102188110351563 0.091766357421875 0.215621948242188 -0.134719848632813
-0.0955886840820313 -0.00142669677734373 0.60546875 -0.13134765625
-0.29547119140625 0.107818603515625 0.40380859375 -0.397125244140625
-0.21527099609375 0.129959106445313 0.4322509765625 -0.314300537109375
-0.168182373046875 0.221206665039063 0.26318359375 -0.2860107421875
-0.0396728515625 0.228713989257813 0.057525634765625 -0.259963989257813
0.0524139404296875 0.232559204101563 -0.10174560546875 0.0231094360351563
0.154449462890625 0.143157958984375 0.080047607421875 0.261337280273438
0.2156982421875 0.099853515625 0.386260986328125 0.292724609375
0.195587158203125 0.136856079101563 0.478607177734375 0.255706787109375
0.222030639648438 0.120086669921875 0.543670654296875 0.302459716796875
0.16033935546875 0.186660766601563 0.407196044921875 0.402374267578125
0.0941009521484375 0.248611450195312 0.186279296875 0.354888916015625
-0.00723266601562497 0.30743408203125 0.0684814453125 0.240036010742188
-0.215545654296875 0.290740966796875 0.0502395629882812 0.0777511596679688
-0.281280517578125 0.237701416015625 0.217788696289062 -0.102752685546875
-0.3189697265625 0.136138916015625 0.5469970703125 -0.113037109375
-0.46197509765625 0.257080078125 0.313018798828125 -0.320098876953125
-0.330108642578125 0.273956298828125 0.4249267578125 -0.234283447265625
-0.25634765625 0.365386962890625 0.29937744140625 -0.269989013671875
-0.0869140625 0.361358642578125 0.086517333984375 -0.2955322265625
0.0125732421875 0.39501953125 -0.1195068359375 -0.0408248901367188
0.211639404296875 0.325836181640625 0.02508544921875 0.19140625
0.351318359375 0.25506591796875 0.278152465820313 0.238082885742188
0.33306884765625 0.294708251953125 0.350189208984375 0.193878173828125
0.39569091796875 0.271575927734375 0.436309814453125 0.219024658203125
0.281158447265625 0.360137939453125 0.3492431640625 0.286590576171875
0.14373779296875 0.4591064453125 0.169708251953125 0.268905639648438
-0.02008056640625 0.49737548828125 0.0882720947265625 0.210296630859375
-0.33306884765625 0.4439697265625 0.0562210083007812 0.113822937011719
-0.39776611328125 0.37286376953125 0.16668701171875 -0.0238800048828125
-0.484375 0.262664794921875 0.409698486328125 -0.059417724609375
-0.56927490234375 0.36138916015625 0.15447998046875 -0.204193115234375
-0.412200927734375 0.3765869140625 0.371917724609375 -0.134063720703125
-0.335693359375 0.46539306640625 0.30145263671875 -0.260986328125
-0.147918701171875 0.466278076171875 0.08917236328125 -0.32989501953125
-0.04302978515625 0.53192138671875 -0.138496398925781 -0.124458312988281
0.24041748046875 0.485443115234375 -0.0440902709960937 0.0775604248046875
0.440826416015625 0.38299560546875 0.120765686035156 0.137832641601563
0.420257568359375 0.408660888671875 0.168167114257813 0.101852416992188
0.510009765625 0.375640869140625 0.26580810546875 0.11444091796875
0.368316650390625 0.467864990234375 0.235427856445313 0.150253295898438
0.19000244140625 0.5877685546875 0.120315551757813 0.168670654296875
-0.00531005859374994 0.6070556640625 0.091888427734375 0.177154541015625
-0.370758056640625 0.532135009765625 0.04852294921875 0.16943359375
-0.431243896484375 0.457489013671875 0.0807647705078125 0.0950775146484375
-0.56329345703125 0.35638427734375 0.221221923828125 0.0294952392578125
-0.579833984375 0.3985595703125 -0.04888916015625 -0.0695266723632812
-0.4288330078125 0.395111083984375 0.263229370117188 -0.0260162353515625
-0.3857421875 0.471649169921875 0.257232666015625 -0.239608764648438
-0.2120361328125 0.503753662109375 0.071014404296875 -0.34906005859375
-0.1031494140625 0.6055908203125 -0.151626586914062 -0.22235107421875
0.239990234375 0.5833740234375 -0.126380920410156 -0.0758056640625
0.46807861328125 0.4537353515625 -0.0683097839355468 0.00478744506835941
0.44464111328125 0.4632568359375 -0.0422859191894531 -0.00586318969726559
0.54107666015625 0.423858642578125 0.059417724609375 0.0024223327636719
0.38311767578125 0.498138427734375 0.0900802612304688 0.0127792358398438
0.18731689453125 0.6112060546875 0.05535888671875 0.0710525512695313
-0.00402832031249998 0.59478759765625 0.080535888671875 0.149673461914063
-0.342437744140625 0.51165771484375 0.025421142578125 0.234024047851563
-0.383819580078125 0.4608154296875 -0.0230255126953125 0.230194091796875
-0.548095703125 0.401611328125 0.0104904174804687 0.138694763183594
-0.486236572265625 0.360504150390625 -0.258163452148438 0.0552825927734375
-0.367095947265625 0.326324462890625 0.111892700195312 0.0698089599609375
-0.38006591796875 0.37786865234375 0.177139282226562 -0.19610595703125
-0.2490234375 0.451446533203125 0.04400634765625 -0.34075927734375
-0.13922119140625 0.5816650390625 -0.150848388671875 -0.31951904296875
0.21044921875 0.58282470703125 -0.21417236328125 -0.243545532226563
0.42626953125 0.44775390625 -0.265625 -0.134994506835938
0.39892578125 0.444854736328125 -0.247604370117187 -0.110519409179687
0.4779052734375 0.41046142578125 -0.141845703125 -0.103713989257812
0.3134765625 0.45355224609375 -0.0448150634765625 -0.109519958496094
0.12127685546875 0.5279541015625 0.00638484954833985 -0.00960159301757809
-0.029876708984375 0.46563720703125 0.0619964599609375 0.136627197265625
-0.263519287109375 0.384368896484375 -0.018524169921875 0.2928466796875
-0.2767333984375 0.38446044921875 -0.133148193359375 0.34014892578125
-0.45263671875 0.3870849609375 -0.184783935546875 0.249008178710938
-0.31085205078125 0.26318359375 -0.435028076171875 0.1480712890625
-0.2420654296875 0.209625244140625 -0.0475311279296875 0.138969421386719
-0.296295166015625 0.225494384765625 0.0909576416015625 -0.138969421386719
-0.224578857421875 0.32220458984375 0.02130126953125 -0.314422607421875
-0.13665771484375 0.44970703125 -0.139801025390625 -0.397003173828125
0.15692138671875 0.47515869140625 -0.297576904296875 -0.386566162109375
0.318206787109375 0.364776611328125 -0.442352294921875 -0.25152587890625
0.29345703125 0.356903076171875 -0.41650390625 -0.195465087890625
0.3382568359375 0.339599609375 -0.298858642578125 -0.1959228515625
0.18896484375 0.3494873046875 -0.132965087890625 -0.205673217773438
0.02850341796875 0.366455078125 -0.00502777099609375 -0.0619697570800781
-0.056427001953125 0.272491455078125 0.0431976318359375 0.142059326171875
-0.1519775390625 0.20947265625 -0.0863037109375 0.329345703125
-0.143325805664062 0.265533447265625 -0.23876953125 0.400054931640625
-0.300811767578125 0.317657470703125 -0.339263916015625 0.340576171875
-0.0838851928710938 0.134170532226563 -0.545562744140625 0.1993408203125
-0.0696868896484375 0.0842361450195312 -0.171737670898437 0.177047729492188
-0.138595581054687 0.0529861450195313 0.0259246826171875 -0.0912933349609375
-0.141098022460938 0.137588500976563 0.000488281249999987 -0.28814697265625
-0.101119995117188 0.234649658203125 -0.130035400390625 -0.44024658203125
0.073944091796875 0.28125 -0.369476318359375 -0.47235107421875
0.156509399414063 0.220382690429687 -0.569091796875 -0.3184814453125
0.14013671875 0.215896606445313 -0.52001953125 -0.246429443359375
0.154251098632813 0.223648071289063 -0.386932373046875 -0.263214111328125
0.0539093017578125 0.204238891601563 -0.162765502929687 -0.263946533203125
-0.047088623046875 0.174163818359375 0.0147781372070312 -0.0765228271484375
-0.0587005615234375 0.0759353637695312 0.0181884765625 0.16485595703125
-0.0294723510742188 0.0488700866699219 -0.169952392578125 0.33502197265625
-0.0126724243164063 0.135482788085938 -0.330230712890625 0.40350341796875
-0.1202392578125 0.202713012695313 -0.43670654296875 0.398712158203125
-0.110572814941406 -0.05267333984375 0.437225341796875 -0.447021484375
-0.102500915527344 -0.0112075805664062 0.40130615234375 -0.39556884765625
-0.079925537109375 0.07666015625 0.1943359375 -0.322509765625
0.000587463378906247 0.0902099609375 0.00177001953124998 -0.228759765625
0.0759963989257813 0.0554046630859375 -0.08343505859375 0.0779800415039063
0.0636253356933594 -0.043487548828125 0.12518310546875 0.29949951171875
0.04180908203125 -0.0561370849609375 0.45294189453125 0.3031005859375
0.0298118591308594 -0.0375595092773437 0.548248291015625 0.2738037109375
0.0237693786621094 -0.0625114440917969 0.59613037109375 0.34259033203125
0.0434150695800781 -0.03192138671875 0.431488037109375 0.475189208984375
0.0728530883789063 -0.00042724609375 0.19732666015625 0.417938232421875
0.053619384765625 0.087066650390625 0.05694580078125 0.2705078125
-0.0322723388671875 0.129806518554688 0.0358200073242187 0.0755233764648438
-0.0987472534179687 0.0943679809570313 0.221405029296875 -0.13720703125
-0.0974349975585938 0.00223541259765624 0.62066650390625 -0.1451416015625
-0.3026123046875 0.121124267578125 0.41058349609375 -0.417938232421875
-0.217910766601562 0.13714599609375 0.4276123046875 -0.335693359375
-0.167144775390625 0.230422973632812 0.256744384765625 -0.296112060546875
-0.0364837646484375 0.234527587890625 0.048431396484375 -0.263900756835938
0.060211181640625 0.237213134765625 -0.105972290039063 0.0312728881835937
0.157913208007813 0.143417358398438 0.08404541015625 0.27215576171875
0.219650268554688 0.0991363525390625 0.3994140625 0.292388916015625
0.203781127929688 0.137771606445313 0.49169921875 0.2525634765625
0.229141235351563 0.118392944335938 0.56597900390625 0.2996826171875
0.166610717773438 0.189651489257813 0.42901611328125 0.404693603515625
0.0989990234375 0.254364013671875 0.201690673828125 0.362548828125
-0.00357055664062498 0.318084716796875 0.0839385986328125 0.246124267578125
-0.216461181640625 0.3028564453125 0.0617446899414063 0.08349609375
-0.281112670898438 0.24609375 0.225814819335937 -0.106002807617187
-0.32720947265625 0.148529052734375 0.560211181640625 -0.12493896484375
-0.475128173828125 0.2774658203125 0.317626953125 -0.336578369140625
-0.33648681640625 0.28790283203125 0.421783447265625 -0.252655029296875
-0.25457763671875 0.38409423828125 0.2943115234375 -0.278656005859375
-0.082244873046875 0.372100830078125 0.076141357421875 -0.300140380859375
0.02276611328125 0.40771484375 -0.126045227050781 -0.0332489013671875
0.22076416015625 0.328826904296875 0.026580810546875 0.200820922851563
0.361785888671875 0.253662109375 0.28594970703125 0.24005126953125
0.3470458984375 0.296905517578125 0.360687255859375 0.194366455078125
0.40972900390625 0.2691650390625 0.452789306640625 0.2138671875
0.29205322265625 0.364654541015625 0.364501953125 0.28753662109375
0.154754638671875 0.46807861328125 0.18292236328125 0.273971557617188
-0.011505126953125 0.51495361328125 0.10467529296875 0.214859008789063
-0.333770751953125 0.464080810546875 0.0690155029296875 0.118217468261719
-0.40069580078125 0.3858642578125 0.175399780273437 -0.0256500244140625
-0.499114990234375 0.283233642578125 0.4217529296875 -0.0675048828125
-0.5858154296875 0.38739013671875 0.15765380859375 -0.212844848632813
-0.42095947265625 0.39691162109375 0.371337890625 -0.14862060546875
-0.336181640625 0.493133544921875 0.29644775390625 -0.268646240234375
-0.1427001953125 0.482818603515625 0.07763671875 -0.336273193359375
-0.03082275390625 0.551971435546875 -0.147964477539062 -0.118606567382813
0.25445556640625 0.492431640625 -0.0479660034179687 0.0832672119140625
0.45416259765625 0.38116455078125 0.122787475585938 0.14111328125
0.439544677734375 0.414093017578125 0.171463012695313 0.104843139648438
0.528900146484375 0.374053955078125 0.273574829101563 0.108688354492188
0.380859375 0.472625732421875 0.243484497070313 0.146942138671875
0.20404052734375 0.59979248046875 0.130264282226563 0.171234130859375
0.00457763671875001 0.6263427734375 0.107925415039062 0.17938232421875
-0.372955322265625 0.55877685546875 0.062957763671875 0.173294067382813
-0.435638427734375 0.475006103515625 0.0894012451171875 0.0977096557617188
-0.5794677734375 0.38446044921875 0.227203369140625 0.0272216796875
-0.5977783203125 0.42376708984375 -0.0492057800292969 -0.0689544677734375
-0.4388427734375 0.41619873046875 0.264862060546875 -0.0348052978515625
-0.38861083984375 0.498931884765625 0.252395629882813 -0.246047973632813
-0.207763671875 0.523101806640625 0.057647705078125 -0.3555908203125
-0.08941650390625 0.630126953125 -0.165374755859375 -0.219741821289062
0.2552490234375 0.59344482421875 -0.136505126953125 -0.0731353759765625
0.48333740234375 0.4530029296875 -0.073211669921875 0.00976562500000002
0.466217041015625 0.467864990234375 -0.0460548400878906 -0.00065612792968748
0.560302734375 0.422698974609375 0.05841064453125 -0.00145721435546872
0.39642333984375 0.50238037109375 0.0912704467773438 0.00752258300781253
0.2017822265625 0.621337890625 0.061981201171875 0.0708541870117188
0.00878906249999994 0.61383056640625 0.095001220703125 0.149444580078125
-0.342132568359375 0.53631591796875 0.0404510498046875 0.23828125
-0.387939453125 0.477447509765625 -0.0139312744140625 0.237503051757813
-0.56390380859375 0.42889404296875 0.0113677978515624 0.1451416015625
-0.505157470703125 0.382232666015625 -0.2628173828125 0.0644226074218751
-0.378326416015625 0.34197998046875 0.113822937011719 0.0667648315429688
-0.3865966796875 0.402679443359375 0.17132568359375 -0.200042724609375
-0.246246337890625 0.471649169921875 0.030059814453125 -0.34820556640625
-0.126953125 0.606201171875 -0.16748046875 -0.320068359375
0.22601318359375 0.59307861328125 -0.229660034179688 -0.243972778320312
0.441314697265625 0.44757080078125 -0.277481079101563 -0.1295166015625
0.419769287109375 0.449371337890625 -0.25787353515625 -0.103973388671875
0.495452880859375 0.408477783203125 -0.15045166015625 -0.106887817382813
0.326202392578125 0.4586181640625 -0.0500640869140625 -0.115852355957031
0.134002685546875 0.537445068359375 0.0103254318237305 -0.0114507675170898
-0.01959228515625 0.481536865234375 0.0754013061523438 0.136222839355469
-0.26507568359375 0.40509033203125 -0.00381469726562503 0.298980712890625
-0.2799072265625 0.398223876953125 -0.12567138671875 0.35369873046875
-0.4642333984375 0.411163330078125 -0.187789916992188 0.263351440429688
-0.324249267578125 0.27655029296875 -0.44268798828125 0.16302490234375
-0.250411987304688 0.219268798828125 -0.0475921630859375 0.140792846679688
-0.302032470703125 0.242828369140625 0.0831146240234375 -0.141708374023437
-0.22369384765625 0.337249755859375 0.00689697265625001 -0.321533203125
-0.1285400390625 0.468292236328125 -0.15777587890625 -0.4017333984375
0.169219970703125 0.48419189453125 -0.31884765625 -0.388885498046875
0.331085205078125 0.36334228515625 -0.46014404296875 -0.244903564453125
0.307647705078125 0.3603515625 -0.430511474609375 -0.1883544921875
0.3538818359375 0.340972900390625 -0.313690185546875 -0.197967529296875
0.197601318359375 0.353912353515625 -0.142135620117187 -0.213150024414063
0.036346435546875 0.373992919921875 -0.00302886962890625 -0.0656890869140625
-0.0517578125 0.2818603515625 0.0549163818359375 0.141998291015625
-0.155014038085938 0.221450805664063 -0.0735168457031251 0.337615966796875
-0.147293090820312 0.2744140625 -0.233306884765625 0.4171142578125
-0.30859375 0.333770751953125 -0.344879150390625 0.360748291015625
-0.0916595458984375 0.137832641601562 -0.554534912109375 0.21759033203125
-0.0737838745117188 0.0869979858398438 -0.1741943359375 0.180557250976563
-0.142837524414062 0.060302734375 0.0161972045898437 -0.093994140625
-0.141433715820313 0.145217895507813 -0.013702392578125 -0.29339599609375
-0.0966033935546875 0.24517822265625 -0.149169921875 -0.446380615234375
0.08197021484375 0.28607177734375 -0.392303466796875 -0.475311279296875
0.163345336914062 0.219757080078125 -0.58978271484375 -0.30999755859375
0.14764404296875 0.218307495117188 -0.535797119140625 -0.24127197265625
0.162796020507813 0.225509643554688 -0.40594482421875 -0.263153076171875
0.05792236328125 0.206161499023438 -0.17413330078125 -0.272171020507813
-0.0440521240234375 0.1787109375 0.0169601440429688 -0.0827178955078125
-0.0587081909179688 0.0807647705078125 0.02825927734375 0.165191650390625
-0.0330276489257813 0.0536308288574219 -0.1607666015625 0.345977783203125
-0.0153656005859375 0.139358520507812 -0.32403564453125 0.422027587890625
-0.12353515625 0.210357666015625 -0.444580078125 0.422088623046875
-0.114830017089844 -0.04693603515625 0.433380126953125 -0.48724365234375
-0.105766296386719 -0.00836181640625002 0.389404296875 -0.4306640625
-0.079315185546875 0.0819473266601563 0.17950439453125 -0.340911865234375
0.00417327880859374 0.0927734375 -0.013824462890625 -0.234375
0.0821762084960938 0.05126953125 -0.0844039916992188 0.0882339477539063
0.0620536804199219 -0.04833984375 0.1427001953125 0.31011962890625
0.0388336181640625 -0.0582275390625 0.481536865234375 0.2923583984375
0.0296440124511719 -0.040130615234375 0.57843017578125 0.258056640625
0.021514892578125 -0.0656204223632813 0.6353759765625 0.32452392578125
0.0433769226074219 -0.0334625244140625 0.472625732421875 0.47064208984375
0.0743865966796875 -0.00231170654296875 0.228179931640625 0.42437744140625
0.0594024658203125 0.0888671875 0.0785064697265625 0.27789306640625
-0.02679443359375 0.133979797363281 0.0478363037109375 0.082275390625
-0.0951004028320313 0.0997161865234375 0.226409912109375 -0.147903442382813
-0.100021362304688 0.00959777832031252 0.63897705078125 -0.180908203125
-0.308746337890625 0.143798828125 0.40673828125 -0.455474853515625
-0.22137451171875 0.151535034179687 0.416534423828125 -0.369354248046875
-0.161727905273438 0.247665405273437 0.245147705078125 -0.314361572265625
-0.02777099609375 0.24481201171875 0.033050537109375 -0.271896362304688
0.0758514404296875 0.242141723632813 -0.109405517578125 0.04254150390625
0.167312622070313 0.140655517578125 0.098541259765625 0.283203125
0.228546142578125 0.09393310546875 0.42510986328125 0.285308837890625
0.217147827148438 0.134384155273437 0.518402099609375 0.239959716796875
0.2413330078125 0.111114501953125 0.60205078125 0.2813720703125
0.178939819335938 0.190872192382813 0.46343994140625 0.399444580078125
0.112167358398438 0.261062622070313 0.23028564453125 0.368133544921875
0.01123046875 0.330902099609375 0.106582641601562 0.251449584960938
-0.20989990234375 0.323516845703125 0.0751876831054687 0.0873794555664063
-0.279678344726563 0.264328002929688 0.232635498046875 -0.117660522460937
-0.3348388671875 0.173492431640625 0.5784912109375 -0.157470703125
-0.484283447265625 0.31597900390625 0.31597900390625 -0.3656005859375
-0.33721923828125 0.315093994140625 0.417022705078125 -0.284759521484375
-0.245330810546875 0.414276123046875 0.285186767578125 -0.297882080078125
-0.0684814453125 0.39013671875 0.05963134765625 -0.310333251953125
0.0469970703125 0.421905517578125 -0.133880615234375 -0.0229415893554687
0.241729736328125 0.3310546875 0.0347747802734375 0.2110595703125
0.38214111328125 0.245391845703125 0.30487060546875 0.237396240234375
0.374114990234375 0.292327880859375 0.379058837890625 0.18603515625
0.434417724609375 0.259796142578125 0.479095458984375 0.19805908203125
0.316558837890625 0.3663330078125 0.393310546875 0.27886962890625
0.1788330078125 0.480010986328125 0.20587158203125 0.276962280273438
0.011474609375 0.536376953125 0.127914428710937 0.216354370117188
-0.32672119140625 0.499114990234375 0.0857009887695312 0.120559692382813
-0.39691162109375 0.41668701171875 0.183364868164062 -0.033172607421875
-0.50775146484375 0.32293701171875 0.435150146484375 -0.09039306640625
-0.59722900390625 0.4365234375 0.156021118164062 -0.229034423828125
-0.423248291015625 0.433074951171875 0.37109375 -0.173431396484375
-0.326141357421875 0.5301513671875 0.28875732421875 -0.286834716796875
-0.1241455078125 0.508270263671875 0.05792236328125 -0.347930908203125
-0.00103759765624997 0.57666015625 -0.162216186523438 -0.109649658203125
0.284393310546875 0.497467041015625 -0.0488662719726562 0.0919952392578125
0.484466552734375 0.3731689453125 0.13128662109375 0.143203735351563
0.475372314453125 0.409149169921875 0.179229736328125 0.10369873046875
0.56243896484375 0.36151123046875 0.286102294921875 0.09716796875
0.412841796875 0.472686767578125 0.25909423828125 0.138214111328125
0.2376708984375 0.61175537109375 0.146987915039063 0.17181396484375
0.03436279296875 0.651611328125 0.130126953125 0.177764892578125
-0.36090087890625 0.59991455078125 0.081298828125 0.17626953125
-0.431640625 0.51031494140625 0.101280212402344 0.0980758666992188
-0.5902099609375 0.432373046875 0.236099243164062 0.0193023681640625
-0.6103515625 0.4739990234375 -0.0512619018554688 -0.0680809020996093
-0.44207763671875 0.451507568359375 0.268722534179688 -0.050048828125
-0.380889892578125 0.543121337890625 0.244766235351562 -0.259918212890625
-0.191650390625 0.55426025390625 0.036712646484375 -0.366912841796875
-0.0574951171875 0.66107177734375 -0.18511962890625 -0.213790893554688
0.29046630859375 0.60064697265625 -0.14874267578125 -0.067352294921875
0.517303466796875 0.4449462890625 -0.0775222778320312 0.017242431640625
0.504486083984375 0.465423583984375 -0.0492401123046875 0.00603103637695315
0.5975341796875 0.40789794921875 0.0572357177734375 -0.0071907043457031
0.43109130859375 0.5029296875 0.0924072265625 2.28881835937808E-05
0.23748779296875 0.63397216796875 0.0715408325195313 0.0700302124023438
0.037841796875 0.63726806640625 0.114471435546875 0.146484375
-0.3314208984375 0.5760498046875 0.0615081787109374 0.243209838867187
-0.38330078125 0.5118408203125 0.000167846679687484 0.247314453125
-0.571044921875 0.4786376953125 0.0172576904296875 0.152877807617188
-0.515777587890625 0.4232177734375 -0.266510009765625 0.08148193359375
-0.3834228515625 0.37420654296875 0.119316101074219 0.0618667602539063
-0.382904052734375 0.4425048828125 0.163314819335938 -0.20989990234375
-0.233612060546875 0.502288818359375 0.00759887695312501 -0.357635498046875
-0.0985717773437501 0.6373291015625 -0.193817138671875 -0.318817138671875
0.26300048828125 0.60260009765625 -0.253768920898438 -0.240859985351562
0.474365234375 0.439849853515625 -0.29449462890625 -0.11602783203125
0.45660400390625 0.4454345703125 -0.271621704101562 -0.091217041015625
0.530120849609375 0.3990478515625 -0.1650390625 -0.105606079101562
0.35321044921875 0.4583740234375 -0.0606613159179688 -0.121963500976562
0.163909912109375 0.548248291015625 0.0138864517211914 -0.0145177841186523
0.00271606445312505 0.500030517578125 0.0927886962890625 0.133460998535156
-0.257659912109375 0.43408203125 0.01727294921875 0.306549072265625
-0.275054931640625 0.425933837890625 -0.108551025390625 0.37274169921875
-0.467315673828125 0.45306396484375 -0.185028076171875 0.286407470703125
-0.334197998046875 0.304443359375 -0.44854736328125 0.192230224609375
-0.2552490234375 0.239852905273438 -0.0434722900390625 0.144500732421875
-0.302886962890625 0.270599365234375 0.0750274658203125 -0.146865844726563
-0.2147216796875 0.361480712890625 -0.0147705078125 -0.32879638671875
-0.10595703125 0.494384765625 -0.187896728515625 -0.404296875
0.198455810546875 0.491241455078125 -0.352752685546875 -0.387725830078125
0.356658935546875 0.357940673828125 -0.48614501953125 -0.22833251953125
0.33587646484375 0.358154296875 -0.452484130859375 -0.170684814453125
0.381011962890625 0.335357666015625 -0.33795166015625 -0.190887451171875
0.21600341796875 0.354949951171875 -0.160400390625 -0.218185424804688
0.055999755859375 0.384246826171875 -0.00185394287109374 -0.0707015991210937
-0.03900146484375 0.294921875 0.0699615478515625 0.140655517578125
-0.152236938476563 0.24176025390625 -0.053558349609375 0.351165771484375
-0.144500732421875 0.29248046875 -0.21649169921875 0.443389892578125
-0.3084716796875 0.364013671875 -0.343475341796875 0.39508056640625
-0.0967864990234375 0.147872924804687 -0.5631103515625 0.25201416015625
-0.0762481689453125 0.093597412109375 -0.173370361328125 0.1915283203125
-0.145858764648438 0.0713958740234375 0.00688934326171874 -0.096221923828125
-0.137054443359375 0.158340454101562 -0.0347900390625 -0.299468994140625
-0.0861663818359375 0.259963989257813 -0.181396484375 -0.451324462890625
0.098785400390625 0.291290283203125 -0.432708740234375 -0.470947265625
0.177841186523438 0.218154907226563 -0.62286376953125 -0.2899169921875
0.1639404296875 0.21820068359375 -0.56353759765625 -0.2218017578125
0.179519653320313 0.22528076171875 -0.434600830078125 -0.254913330078125
0.0668792724609375 0.2100830078125 -0.195968627929688 -0.278427124023437
-0.0359039306640625 0.186294555664062 0.0170669555664062 -0.0903472900390625
-0.0556488037109375 0.0869598388671875 0.042327880859375 0.166336059570313
-0.0337142944335937 0.0602073669433594 -0.142913818359375 0.362823486328125
-0.013641357421875 0.146331787109375 -0.30828857421875 0.453460693359375
-0.121414184570313 0.223861694335938 -0.443023681640625 0.463836669921875
-0.119659423828125 -0.0378494262695313 0.409637451171875 -0.534149169921875
-0.108985900878906 -0.00257110595703125 0.35858154296875 -0.4681396484375
-0.0760269165039063 0.0896224975585938 0.15264892578125 -0.35723876953125
0.0099334716796875 0.094940185546875 -0.0343475341796875 -0.23663330078125
0.0880889892578125 0.0445556640625 -0.0809402465820313 0.100227355957031
0.0580368041992188 -0.0536918640136719 0.167572021484375 0.313385009765625
0.0342445373535156 -0.0600051879882812 0.511810302734375 0.264862060546875
0.0273895263671875 -0.0420951843261719 0.60760498046875 0.22186279296875
0.0161628723144531 -0.0690422058105469 0.677001953125 0.28265380859375
0.0416641235351563 -0.0362396240234375 0.522216796875 0.44805908203125
0.075653076171875 -0.0054931640625 0.2674560546875 0.420379638671875
0.0671539306640625 0.0879364013671875 0.106674194335938 0.2789306640625
-0.0171966552734375 0.137626647949219 0.062347412109375 0.0836334228515625
-0.087646484375 0.106399536132813 0.224212646484375 -0.1636962890625
-0.100578308105469 0.0190963745117188 0.6431884765625 -0.232666015625
-0.30596923828125 0.173370361328125 0.385528564453125 -0.498321533203125
-0.216445922851563 0.1702880859375 0.3917236328125 -0.40753173828125
-0.14788818359375 0.266876220703125 0.22320556640625 -0.33428955078125
-0.0120086669921875 0.252212524414063 0.00959777832031252 -0.277694702148438
0.0969390869140625 0.240554809570312 -0.109703063964844 0.0559844970703125
0.178726196289063 0.1314697265625 0.1197509765625 0.288421630859375
0.237884521484375 0.081939697265625 0.452056884765625 0.263641357421875
0.231521606445313 0.12396240234375 0.545867919921875 0.208770751953125
0.252410888671875 0.09661865234375 0.63623046875 0.239990234375
0.195907592773437 0.184341430664062 0.50628662109375 0.37548828125
0.131362915039062 0.261260986328125 0.265045166015625 0.36083984375
0.03436279296875 0.339935302734375 0.134750366210938 0.24957275390625
-0.1927490234375 0.34716796875 0.0909347534179687 0.0858001708984375
-0.266845703125 0.28741455078125 0.23187255859375 -0.134002685546875
-0.3321533203125 0.20654296875 0.581787109375 -0.20361328125
-0.473724365234375 0.36541748046875 0.296905517578125 -0.4000244140625
-0.324798583984375 0.348114013671875 0.39666748046875 -0.32080078125
-0.220672607421875 0.445281982421875 0.26654052734375 -0.319183349609375
-0.044342041015625 0.404327392578125 0.0335693359375 -0.317413330078125
0.08087158203125 0.427886962890625 -0.139663696289063 -0.00828552246093749
0.267852783203125 0.320343017578125 0.0485687255859375 0.21832275390625
0.4052734375 0.225982666015625 0.32562255859375 0.22247314453125
0.403900146484375 0.273529052734375 0.40008544921875 0.165802001953125
0.46063232421875 0.232757568359375 0.504241943359375 0.166961669921875
0.347747802734375 0.35552978515625 0.4234619140625 0.25640869140625
0.216644287109375 0.48028564453125 0.234329223632813 0.269302368164063
0.050140380859375 0.55120849609375 0.153823852539063 0.20953369140625
-0.298309326171875 0.536468505859375 0.103485107421875 0.118118286132813
-0.3782958984375 0.451141357421875 0.1881103515625 -0.04522705078125
-0.4996337890625 0.37451171875 0.438507080078125 -0.124237060546875
-0.58563232421875 0.49749755859375 0.145416259765625 -0.246170043945312
-0.407562255859375 0.474884033203125 0.359771728515625 -0.204559326171875
-0.29571533203125 0.57421875 0.27252197265625 -0.3072509765625
-0.091400146484375 0.53094482421875 0.0296630859375 -0.354736328125
0.046630859375 0.59100341796875 -0.175445556640625 -0.0946807861328124
0.3233642578125 0.487091064453125 -0.0461883544921875 0.100540161132813
0.517852783203125 0.347503662109375 0.142715454101563 0.140228271484375
0.51727294921875 0.3863525390625 0.1904296875 0.0968170166015625
0.59857177734375 0.32763671875 0.297607421875 0.076171875
0.452484130859375 0.45703125 0.274017333984375 0.121383666992188
0.28509521484375 0.61077880859375 0.166656494140625 0.164688110351563
0.08319091796875 0.66668701171875 0.153289794921875 0.16827392578125
-0.3292236328125 0.64306640625 0.10302734375 0.1734619140625
-0.406646728515625 0.55157470703125 0.113502502441406 0.0938796997070313
-0.57659912109375 0.49383544921875 0.242095947265625 0.00387573242187503
-0.597412109375 0.53692626953125 -0.0543098449707032 -0.0649909973144531
-0.42529296875 0.498443603515625 0.267959594726563 -0.071868896484375
-0.35125732421875 0.59014892578125 0.231307983398437 -0.277740478515625
-0.15545654296875 0.5833740234375 0.00656127929687496 -0.3719482421875
-0.00531005859375002 0.68359375 -0.208724975585938 -0.198654174804687
0.337890625 0.5943603515625 -0.160736083984375 -0.0565948486328125
0.55810546875 0.41729736328125 -0.0789566040039062 0.026519775390625
0.5506591796875 0.43890380859375 -0.0497512817382812 0.013641357421875
0.6395263671875 0.3721923828125 0.0536537170410157 -0.0133705139160156
0.4710693359375 0.484466552734375 0.0919036865234375 -0.00913238525390622
0.2869873046875 0.63323974609375 0.0819320678710938 0.0648345947265625
0.0867309570312499 0.65008544921875 0.135025024414063 0.136024475097656
-0.29901123046875 0.618408203125 0.0861053466796875 0.242279052734375
-0.35809326171875 0.551727294921875 0.0218658447265625 0.25390625
-0.555511474609375 0.538543701171875 0.0264282226562499 0.1585693359375
-0.506622314453125 0.4764404296875 -0.2633056640625 0.103897094726563
-0.371429443359375 0.412841796875 0.1243896484375 0.05157470703125
-0.35919189453125 0.4871826171875 0.151275634765625 -0.221664428710937
-0.201263427734375 0.533050537109375 -0.02227783203125 -0.360321044921875
-0.0480957031250001 0.66436767578125 -0.224609375 -0.3062744140625
0.311767578125 0.59735107421875 -0.281280517578125 -0.22711181640625
0.5120849609375 0.4156494140625 -0.309295654296875 -0.09429931640625
0.500518798828125 0.4224853515625 -0.283233642578125 -0.069183349609375
0.56939697265625 0.36773681640625 -0.180892944335937 -0.0966339111328125
0.390777587890625 0.444000244140625 -0.0737152099609375 -0.123466491699219
0.20556640625 0.547821044921875 0.0171165466308594 -0.01898193359375
0.04052734375 0.5103759765625 0.111297607421875 0.1240234375
-0.2327880859375 0.4681396484375 0.045257568359375 0.310150146484375
-0.25494384765625 0.45751953125 -0.080322265625 0.390228271484375
-0.449951171875 0.502655029296875 -0.169891357421875 0.311187744140625
-0.327606201171875 0.339324951171875 -0.441650390625 0.2294921875
-0.249481201171875 0.2650146484375 -0.0355224609375 0.147125244140625
-0.29205322265625 0.303436279296875 0.06427001953125 -0.152053833007812
-0.191925048828125 0.385986328125 -0.0426025390625 -0.3299560546875
-0.069061279296875 0.5164794921875 -0.224639892578125 -0.394256591796875
0.237152099609375 0.4862060546875 -0.392242431640625 -0.369964599609375
0.38751220703125 0.337982177734375 -0.512420654296875 -0.195343017578125
0.371307373046875 0.341766357421875 -0.471832275390625 -0.13836669921875
0.41217041015625 0.31402587890625 -0.36285400390625 -0.170440673828125
0.243927001953125 0.347930908203125 -0.18328857421875 -0.214508056640625
0.0843505859375 0.387725830078125 -0.00339508056640624 -0.0763473510742187
-0.017333984375 0.3052978515625 0.0876922607421875 0.133567810058594
-0.138748168945312 0.261734008789063 -0.024566650390625 0.36029052734375
-0.128997802734375 0.310455322265625 -0.184356689453125 0.47027587890625
-0.2928466796875 0.396697998046875 -0.323333740234375 0.433349609375
-0.0955047607421875 0.161102294921875 -0.55767822265625 0.300750732421875
-0.074371337890625 0.102378845214844 -0.164901733398437 0.202987670898438
-0.144866943359375 0.0855560302734375 -0.00371551513671876 -0.0973129272460938
-0.12628173828125 0.172088623046875 -0.061279296875 -0.29852294921875
-0.0660552978515625 0.273056030273438 -0.220489501953125 -0.445281982421875
0.122222900390625 0.28875732421875 -0.4786376953125 -0.45001220703125
0.195968627929688 0.208328247070313 -0.6552734375 -0.25018310546875
0.182815551757812 0.211013793945313 -0.590576171875 -0.183349609375
0.200149536132812 0.217971801757812 -0.466552734375 -0.2261962890625
0.081939697265625 0.209579467773438 -0.223831176757813 -0.27313232421875
-0.0219573974609375 0.19140625 0.0137786865234375 -0.0980148315429687
-0.0497970581054687 0.0929107666015625 0.059783935546875 0.162948608398437
-0.0317039489746094 0.0669059753417969 -0.11529541015625 0.379608154296875
-0.00679016113281251 0.152236938476563 -0.278289794921875 0.486328125
-0.11138916015625 0.2386474609375 -0.41973876953125 0.5107421875
-0.120697021484375 -0.026702880859375 0.3656005859375 -0.56549072265625
-0.109657287597656 0.00507354736328123 0.3134765625 -0.489654541015625
-0.068756103515625 0.096099853515625 0.11944580078125 -0.36114501953125
0.01593017578125 0.0953292846679688 -0.0562286376953125 -0.23028564453125
0.0904312133789063 0.0355606079101563 -0.0743255615234375 0.108787536621094
0.0517311096191406 -0.0572319030761719 0.190765380859375 0.305511474609375
0.0290374755859375 -0.0594406127929688 0.528594970703125 0.22479248046875
0.0238227844238281 -0.0430183410644531 0.61846923828125 0.1746826171875
0.00931930541992187 -0.0688133239746094 0.69427490234375 0.22515869140625
0.0393714904785156 -0.0381393432617187 0.55572509765625 0.4039306640625
0.07464599609375 -0.0091400146484375 0.30108642578125 0.398223876953125
0.0737762451171875 0.0843353271484375 0.1322021484375 0.268569946289063
-0.00650024414062501 0.136856079101563 0.075042724609375 0.08099365234375
-0.07757568359375 0.109603881835938 0.214111328125 -0.175643920898438
-0.097320556640625 0.0278778076171875 0.62042236328125 -0.28192138671875
-0.291595458984375 0.19952392578125 0.344482421875 -0.527008056640625
-0.204299926757813 0.186569213867187 0.3494873046875 -0.432647705078125
-0.12542724609375 0.278854370117188 0.192596435546875 -0.34375
0.00608825683593753 0.253280639648438 -0.0149383544921875 -0.274139404296875
0.11566162109375 0.229873657226563 -0.106002807617187 0.0682296752929688
0.18475341796875 0.117355346679688 0.140167236328125 0.28326416015625
0.240371704101563 0.065460205078125 0.46783447265625 0.227142333984375
0.240142822265625 0.107147216796875 0.55560302734375 0.16668701171875
0.25567626953125 0.0767364501953125 0.6494140625 0.18658447265625
0.2081298828125 0.1702880859375 0.535614013671875 0.334686279296875
0.150253295898438 0.252334594726563 0.2935791015625 0.33984375
0.059661865234375 0.33795166015625 0.157882690429687 0.234848022460938
-0.1658935546875 0.360260009765625 0.102745056152344 0.080047607421875
-0.244049072265625 0.30328369140625 0.22314453125 -0.147384643554687
-0.314971923828125 0.23492431640625 0.56243896484375 -0.24725341796875
-0.4459228515625 0.40570068359375 0.2664794921875 -0.42242431640625
-0.298736572265625 0.37158203125 0.363311767578125 -0.348297119140625
-0.18408203125 0.463226318359375 0.2381591796875 -0.3319091796875
-0.012298583984375 0.40777587890625 0.00579833984374999 -0.314239501953125
0.1175537109375 0.418304443359375 -0.140251159667969 0.00737762451171877
0.28778076171875 0.297332763671875 0.0634002685546875 0.216873168945313
0.415679931640625 0.19598388671875 0.340301513671875 0.19842529296875
0.4224853515625 0.243011474609375 0.408111572265625 0.135162353515625
0.472625732421875 0.19671630859375 0.511810302734375 0.121551513671875
0.37017822265625 0.33026123046875 0.441741943359375 0.220489501953125
0.24871826171875 0.464080810546875 0.256210327148437 0.250335693359375
0.090484619140625 0.54595947265625 0.174423217773438 0.19281005859375
-0.25909423828125 0.558685302734375 0.117721557617187 0.109954833984375
-0.3441162109375 0.475738525390625 0.186126708984375 -0.0570068359375
-0.4698486328125 0.4161376953125 0.425567626953125 -0.1568603515625
-0.54754638671875 0.54833984375 0.12689208984375 -0.257308959960937
-0.372955322265625 0.5054931640625 0.33636474609375 -0.23016357421875
-0.24700927734375 0.59991455078125 0.2474365234375 -0.320404052734375
-0.050445556640625 0.536590576171875 -0.000488281250000001 -0.3499755859375
0.09637451171875 0.583740234375 -0.1822509765625 -0.0746002197265625
0.356903076171875 0.4600830078125 -0.0415420532226562 0.10675048828125
0.53765869140625 0.306793212890625 0.151596069335938 0.130599975585938
0.54388427734375 0.34393310546875 0.19622802734375 0.08453369140625
0.6177978515625 0.27886962890625 0.298583984375 0.050933837890625
0.48046875 0.423736572265625 0.280517578125 0.0981597900390625
0.32855224609375 0.58660888671875 0.180511474609375 0.149826049804688
0.13397216796875 0.6566162109375 0.170455932617188 0.150222778320313
-0.2791748046875 0.670166015625 0.121261596679687 0.163894653320313
-0.365234375 0.57861328125 0.122505187988281 0.0859298706054688
-0.5382080078125 0.544708251953125 0.240219116210937 -0.0135040283203125
-0.56005859375 0.58795166015625 -0.0561447143554688 -0.0610313415527343
-0.39093017578125 0.529510498046875 0.256240844726563 -0.092864990234375
-0.30316162109375 0.62139892578125 0.20947265625 -0.28955078125
-0.1099853515625 0.59344482421875 -0.0245361328125 -0.364990234375
0.054443359375 0.6812744140625 -0.222564697265625 -0.175033569335937
0.3807373046875 0.56280517578125 -0.1673583984375 -0.0418090820312499
0.58221435546875 0.37237548828125 -0.0764617919921874 0.0348968505859375
0.58245849609375 0.39312744140625 -0.0475502014160156 0.0206222534179688
0.661376953125 0.32073974609375 0.0481109619140625 -0.017547607421875
0.501953125 0.447845458984375 0.0880279541015625 -0.0184478759765625
0.331298828125 0.60748291015625 0.0893630981445313 0.0550613403320313
0.13671875 0.64019775390625 0.14898681640625 0.118972778320313
-0.2509765625 0.6451416015625 0.109085083007812 0.23272705078125
-0.31549072265625 0.57696533203125 0.0441436767578125 0.25067138671875
-0.51318359375 0.58660888671875 0.0378875732421875 0.158615112304688
-0.47259521484375 0.519866943359375 -0.250015258789063 0.12408447265625
-0.34393310546875 0.439697265625 0.12506103515625 0.039398193359375
-0.320220947265625 0.517242431640625 0.134765625 -0.228302001953125
-0.159881591796875 0.54541015625 -0.0513916015625 -0.351531982421875
0.00756835937500002 0.66229248046875 -0.247207641601563 -0.2811279296875
0.353759765625 0.56829833984375 -0.300750732421875 -0.20281982421875
0.537322998046875 0.372833251953125 -0.314605712890625 -0.06787109375
0.528961181640625 0.3828125 -0.284637451171875 -0.0440063476562499
0.59344482421875 0.32122802734375 -0.191009521484375 -0.08099365234375
0.419647216796875 0.412750244140625 -0.0865249633789062 -0.118629455566406
0.24530029296875 0.52679443359375 0.019134521484375 -0.0239372253417968
0.080230712890625 0.504730224609375 0.123847961425781 0.108383178710938
-0.1961669921875 0.488983154296875 0.0732421875 0.303466796875
-0.2200927734375 0.475189208984375 -0.04595947265625 0.393798828125
-0.412017822265625 0.540802001953125 -0.146087646484375 0.32659912109375
-0.30572509765625 0.36810302734375 -0.419219970703125 0.26318359375
-0.23309326171875 0.283447265625 -0.0258636474609375 0.143875122070313
-0.266937255859375 0.32733154296875 0.05157470703125 -0.154327392578125
-0.159637451171875 0.3973388671875 -0.068145751953125 -0.319549560546875
-0.0244445800781249 0.51837158203125 -0.253631591796875 -0.3687744140625
0.271331787109375 0.464935302734375 -0.420257568359375 -0.338714599609375
0.40716552734375 0.305694580078125 -0.52423095703125 -0.151092529296875
0.39483642578125 0.3114013671875 -0.477996826171875 -0.0987548828125
0.433624267578125 0.27996826171875 -0.37713623046875 -0.137237548828125
0.266876220703125 0.327728271484375 -0.202041625976562 -0.201141357421875
0.1134033203125 0.37615966796875 -0.00627899169921874 -0.0805435180664062
0.00726318359375 0.302703857421875 0.10101318359375 0.120880126953125
-0.11956787109375 0.274948120117187 0.00762939453124996 0.3580322265625
-0.107025146484375 0.320526123046875 -0.14306640625 0.48126220703125
-0.263580322265625 0.420989990234375 -0.288787841796875 0.461181640625
-0.0872802734375 0.170654296875 -0.5283203125 0.342193603515625
-0.0689849853515625 0.108078002929688 -0.151214599609375 0.209609985351563
-0.137794494628906 0.0974197387695312 -0.0140838623046875 -0.0951614379882813
-0.109939575195313 0.179519653320312 -0.083892822265625 -0.287017822265625
-0.04229736328125 0.27655029296875 -0.2525634765625 -0.420623779296875
0.142593383789063 0.275466918945313 -0.51226806640625 -0.409027099609375
0.208358764648438 0.190597534179688 -0.66876220703125 -0.1961669921875
0.197738647460938 0.195404052734375 -0.5965576171875 -0.1358642578125
0.216262817382813 0.20001220703125 -0.482666015625 -0.186248779296875
0.0961151123046875 0.201995849609375 -0.246185302734375 -0.25677490234375
-0.00711059570312501 0.190261840820313 0.00868988037109376 -0.103736877441406
-0.0418167114257813 0.09564208984375 0.075042724609375 0.152191162109375
-0.0270843505859375 0.0729141235351563 -0.07989501953125 0.3839111328125
0.00279235839843749 0.153488159179688 -0.234100341796875 0.50445556640625
-0.09539794921875 0.245529174804687 -0.379913330078125 0.54461669921875
-0.118812561035156 -0.016754150390625 0.328125 -0.57562255859375
-0.107856750488281 0.0117645263671875 0.27532958984375 -0.491424560546875
-0.06170654296875 0.0988311767578125 0.094024658203125 -0.354156494140625
0.0211029052734375 0.0947799682617188 -0.0714569091796875 -0.219741821289063
0.0899658203125 0.0280532836914063 -0.068572998046875 0.11370849609375
0.0451736450195313 -0.058624267578125 0.205108642578125 0.29437255859375
0.0250663757324219 -0.0571784973144531 0.527313232421875 0.1922607421875
0.0212364196777344 -0.0424308776855469 0.61114501953125 0.13427734375
0.0037689208984375 -0.0668983459472656 0.68975830078125 0.1766357421875
0.0368003845214844 -0.0386848449707031 0.57073974609375 0.36346435546875
0.072540283203125 -0.0117950439453125 0.317474365234375 0.373779296875
0.0777969360351563 0.0795669555664063 0.148635864257813 0.254425048828125
0.000671386718750006 0.132987976074219 0.0837936401367188 0.0757904052734375
-0.0692520141601563 0.109169006347656 0.202606201171875 -0.18023681640625
-0.0925445556640625 0.0342254638671875 0.59014892578125 -0.31170654296875
-0.274459838867188 0.215896606445313 0.307464599609375 -0.53692626953125
-0.19140625 0.19500732421875 0.311614990234375 -0.438201904296875
-0.105987548828125 0.28216552734375 0.16778564453125 -0.340911865234375
0.020538330078125 0.249008178710937 -0.0337066650390625 -0.264190673828125
0.125778198242187 0.215652465820313 -0.100738525390625 0.0760345458984375
0.183975219726563 0.104766845703125 0.15277099609375 0.274688720703125
0.237289428710937 0.052490234375 0.468505859375 0.199188232421875
0.241363525390625 0.092437744140625 0.54998779296875 0.132080078125
0.252365112304688 0.0626068115234375 0.64459228515625 0.1414794921875
0.212615966796875 0.157501220703125 0.543609619140625 0.295166015625
0.160552978515625 0.240966796875 0.307891845703125 0.316925048828125
0.0771484375 0.3289794921875 0.171615600585938 0.219268798828125
-0.144378662109375 0.362945556640625 0.110855102539063 0.0735855102539063
-0.222412109375 0.308013916015625 0.213272094726563 -0.154037475585937
-0.294647216796875 0.250213623046875 0.533843994140625 -0.274993896484375
-0.41461181640625 0.42926025390625 0.2362060546875 -0.430419921875
-0.27490234375 0.382080078125 0.328460693359375 -0.3577880859375
-0.1514892578125 0.467315673828125 0.2138671875 -0.332611083984375
0.010833740234375 0.40081787109375 -0.015350341796875 -0.3043212890625
0.1392822265625 0.39990234375 -0.137001037597656 0.019622802734375
0.293701171875 0.27459716796875 0.0723724365234375 0.213653564453125
0.41534423828125 0.16937255859375 0.342864990234375 0.17669677734375
0.428497314453125 0.214447021484375 0.405059814453125 0.110321044921875
0.471099853515625 0.166534423828125 0.505218505859375 0.088958740234375
0.38006591796875 0.30474853515625 0.44580078125 0.190216064453125
0.269683837890625 0.441192626953125 0.265945434570313 0.230331420898438
0.119537353515625 0.53057861328125 0.185577392578125 0.17578125
-0.2230224609375 0.5653076171875 0.126777648925781 0.101325988769531
-0.312652587890625 0.48291015625 0.1815185546875 -0.0649261474609375
-0.438934326171875 0.4393310546875 0.40679931640625 -0.1776123046875
-0.5059814453125 0.57403564453125 0.111160278320312 -0.261245727539062
-0.341461181640625 0.517364501953125 0.31011962890625 -0.243255615234375
-0.205322265625 0.60272216796875 0.224945068359375 -0.32318115234375
-0.0179443359375 0.5294189453125 -0.022430419921875 -0.338714599609375
0.13153076171875 0.5638427734375 -0.182373046875 -0.056640625
0.371826171875 0.42779541015625 -0.037017822265625 0.110450744628906
0.53924560546875 0.272003173828125 0.15496826171875 0.121414184570313
0.552490234375 0.307403564453125 0.196441650390625 0.0727386474609375
0.61785888671875 0.2392578125 0.29156494140625 0.0323486328125
0.492889404296875 0.3885498046875 0.2789306640625 0.0784454345703125
0.353179931640625 0.558135986328125 0.186782836914063 0.135055541992188
0.16802978515625 0.6370849609375 0.178955078125 0.132965087890625
-0.23553466796875 0.67584228515625 0.132888793945312 0.15362548828125
-0.3262939453125 0.58477783203125 0.127105712890625 0.077972412109375
-0.4964599609375 0.56842041015625 0.232421875 -0.0255279541015625
-0.5164794921875 0.61474609375 -0.0564651489257813 -0.057373046875
-0.358917236328125 0.54327392578125 0.241134643554688 -0.105575561523437
-0.2593994140625 0.62921142578125 0.189910888671875 -0.291595458984375
-0.0731201171875 0.5882568359375 -0.045745849609375 -0.351837158203125
0.095458984375 0.66241455078125 -0.227066040039063 -0.153411865234375
0.40185546875 0.528228759765625 -0.170730590820312 -0.0292816162109375
0.585205078125 0.332275390625 -0.0731048583984375 0.0405502319335938
0.59326171875 0.353271484375 -0.0447578430175781 0.0252914428710938
0.6624755859375 0.27606201171875 0.0429878234863282 -0.0187034606933594
0.513214111328125 0.411376953125 0.08306884765625 -0.02410888671875
0.3568115234375 0.57501220703125 0.0920257568359375 0.04608154296875
0.1690673828125 0.61846923828125 0.15582275390625 0.102615356445313
-0.20855712890625 0.649658203125 0.124542236328125 0.220779418945313
-0.27911376953125 0.58074951171875 0.0603179931640625 0.242919921875
-0.4710693359375 0.60858154296875 0.0451812744140625 0.156051635742188
-0.437225341796875 0.543609619140625 -0.235443115234375 0.134262084960938
-0.31842041015625 0.45208740234375 0.121009826660156 0.0289306640625
-0.282501220703125 0.52850341796875 0.120681762695312 -0.2291259765625
-0.123443603515625 0.543853759765625 -0.069915771484375 -0.3363037109375
0.04913330078125 0.646728515625 -0.255661010742188 -0.255340576171875
0.374786376953125 0.533966064453125 -0.30975341796875 -0.180572509765625
0.54339599609375 0.334625244140625 -0.310516357421875 -0.046905517578125
0.54058837890625 0.34356689453125 -0.279281616210937 -0.0247344970703125
0.59637451171875 0.279296875 -0.193817138671875 -0.0655975341796875
0.429718017578125 0.38226318359375 -0.0943603515625 -0.11260986328125
0.26812744140625 0.49969482421875 0.0189914703369141 -0.0288810729980468
0.104949951171875 0.48773193359375 0.129615783691406 0.0939865112304688
-0.164459228515625 0.495086669921875 0.092987060546875 0.291412353515625
-0.1895751953125 0.477325439453125 -0.019195556640625 0.38714599609375
-0.375946044921875 0.556732177734375 -0.124847412109375 0.33123779296875
-0.284088134765625 0.384307861328125 -0.391937255859375 0.280914306640625
-0.21746826171875 0.29180908203125 -0.0221099853515625 0.1387939453125
-0.24346923828125 0.337677001953125 0.0417633056640625 -0.152114868164063
-0.13348388671875 0.396820068359375 -0.083953857421875 -0.30517578125
0.00891113281250001 0.507537841796875 -0.266693115234375 -0.34222412109375
0.290740966796875 0.438873291015625 -0.434417724609375 -0.306121826171875
0.412139892578125 0.27593994140625 -0.520355224609375 -0.11688232421875
0.403900146484375 0.281951904296875 -0.469879150390625 -0.0673828124999999
0.43890380859375 0.2481689453125 -0.377899169921875 -0.109954833984375
0.275970458984375 0.306121826171875 -0.212738037109375 -0.186355590820313
0.1314697265625 0.359771728515625 -0.00908660888671874 -0.0830307006835937
0.02374267578125 0.2940673828125 0.107894897460937 0.10821533203125
-0.100875854492188 0.280548095703125 0.032135009765625 0.347991943359375
-0.088226318359375 0.319915771484375 -0.10784912109375 0.47723388671875
-0.23736572265625 0.429779052734375 -0.255096435546875 0.472137451171875
-0.0792083740234375 0.175613403320313 -0.49554443359375 0.362823486328125
-0.0637741088867187 0.109855651855469 -0.140579223632813 0.20953369140625
-0.129859924316406 0.103622436523438 -0.0217819213867188 -0.0917892456054687
-0.0966033935546875 0.179290771484375 -0.09625244140625 -0.272903442382813
-0.02325439453125 0.271835327148438 -0.269744873046875 -0.3939208984375
0.154067993164063 0.260528564453125 -0.525299072265625 -0.36993408203125
0.210952758789062 0.174453735351563 -0.66314697265625 -0.1534423828125
0.204376220703125 0.179306030273437 -0.58819580078125 -0.0975952148437501
0.223526000976563 0.182479858398438 -0.48272705078125 -0.15167236328125
0.104385375976563 0.191558837890625 -0.25787353515625 -0.237899780273438
0.0038604736328125 0.184524536132813 0.00389862060546875 -0.107109069824219
-0.0354080200195313 0.0947341918945313 0.08367919921875 0.141189575195313
-0.0220184326171875 0.0757904052734375 -0.052032470703125 0.377044677734375
0.0100250244140625 0.150588989257813 -0.196319580078125 0.50579833984375
-0.08270263671875 0.245697021484375 -0.33935546875 0.5584716796875
-0.115791320800781 -0.01025390625 0.3031005859375 -0.57818603515625
-0.10650634765625 0.0168380737304688 0.2523193359375 -0.489837646484375
-0.0565032958984375 0.101066589355469 0.080841064453125 -0.345977783203125
0.0246963500976562 0.09466552734375 -0.08184814453125 -0.212142944335938
0.0875244140625 0.0227584838867187 -0.0652084350585937 0.117019653320312
0.0401382446289062 -0.057647705078125 0.213836669921875 0.287353515625
0.0233383178710938 -0.0548133850097656 0.52374267578125 0.171630859375
0.0198020935058594 -0.0411109924316406 0.6015625 0.11248779296875
-1.1444091796869E-05 -0.0640830993652344 0.68328857421875 0.1455078125
0.0356330871582031 -0.0389442443847656 0.57598876953125 0.33514404296875
0.0713043212890625 -0.0126266479492187 0.325408935546875 0.35791015625
0.080322265625 0.0780258178710937 0.157928466796875 0.243316650390625
0.00445556640625 0.129714965820313 0.0899124145507813 0.0721664428710938
-0.0642623901367188 0.107269287109375 0.196975708007813 -0.18115234375
-0.0887222290039062 0.0380706787109375 0.5665283203125 -0.3265380859375
-0.26177978515625 0.2257080078125 0.283538818359375 -0.5404052734375
-0.18389892578125 0.200057983398438 0.288818359375 -0.43792724609375
-0.092437744140625 0.283294677734375 0.15386962890625 -0.33587646484375
0.0295867919921875 0.245193481445313 -0.0450286865234375 -0.25567626953125
0.131027221679688 0.205642700195313 -0.0973587036132812 0.0813369750976562
0.18096923828125 0.0969085693359375 0.160476684570313 0.269638061523438
0.2340087890625 0.0464324951171875 0.4677734375 0.180450439453125
0.241073608398437 0.083984375 0.542236328125 0.110595703125
0.248397827148438 0.05450439453125 0.63604736328125 0.11492919921875
0.214385986328125 0.148712158203125 0.546112060546875 0.270050048828125
0.16558837890625 0.234207153320313 0.315185546875 0.3028564453125
0.087799072265625 0.323150634765625 0.179779052734375 0.20843505859375
-0.130401611328125 0.362762451171875 0.116935729980469 0.0696563720703125
-0.210479736328125 0.306884765625 0.20733642578125 -0.156280517578125
-0.281585693359375 0.259979248046875 0.51434326171875 -0.288970947265625
-0.393341064453125 0.441802978515625 0.2169189453125 -0.43218994140625
-0.26190185546875 0.38763427734375 0.30657958984375 -0.358856201171875
-0.13134765625 0.46722412109375 0.200439453125 -0.329833984375
0.026336669921875 0.39501953125 -0.027740478515625 -0.2952880859375
0.153350830078125 0.385040283203125 -0.1336669921875 0.0275421142578125
0.29473876953125 0.258697509765625 0.078155517578125 0.211868286132813
0.411285400390625 0.154632568359375 0.342071533203125 0.16290283203125
0.429107666015625 0.198699951171875 0.3997802734375 0.096282958984375
0.465179443359375 0.150482177734375 0.496246337890625 0.068695068359375
0.38226318359375 0.287261962890625 0.44354248046875 0.170166015625
0.279052734375 0.42767333984375 0.270538330078125 0.2176513671875
0.134674072265625 0.519439697265625 0.191390991210938 0.163330078125
-0.2010498046875 0.56634521484375 0.133720397949219 0.09619140625
-0.292999267578125 0.48199462890625 0.1790771484375 -0.068389892578125
-0.416748046875 0.4521484375 0.3927001953125 -0.186798095703125
-0.47979736328125 0.5887451171875 0.100143432617187 -0.261383056640625
-0.322540283203125 0.52325439453125 0.292144775390625 -0.2474365234375
-0.17803955078125 0.6044921875 0.212310791015625 -0.322509765625
0.00076293945312505 0.521820068359375 -0.03509521484375 -0.32794189453125
0.151031494140625 0.54736328125 -0.179824829101563 -0.0459136962890625
0.37591552734375 0.40814208984375 -0.0350265502929687 0.113540649414063
0.5355224609375 0.2490234375 0.1563720703125 0.1156005859375
0.554229736328125 0.282745361328125 0.194931030273438 0.066558837890625
0.6116943359375 0.2138671875 0.284637451171875 0.021942138671875
0.496917724609375 0.368377685546875 0.27587890625 0.06573486328125
0.364349365234375 0.5379638671875 0.188980102539063 0.12518310546875
0.1854248046875 0.62127685546875 0.183380126953125 0.12060546875
-0.20806884765625 0.67724609375 0.141281127929688 0.146240234375
-0.30322265625 0.5841064453125 0.130218505859375 0.0730590820312501
-0.47076416015625 0.58245849609375 0.226028442382812 -0.031219482421875
-0.49090576171875 0.62896728515625 -0.0562171936035156 -0.0556488037109375
-0.339385986328125 0.54974365234375 0.228729248046875 -0.111160278320312
-0.2318115234375 0.63116455078125 0.1800537109375 -0.2908935546875
-0.051025390625 0.57977294921875 -0.05694580078125 -0.340301513671875
0.12042236328125 0.6458740234375 -0.226608276367188 -0.13922119140625
0.409515380859375 0.505279541015625 -0.171905517578125 -0.0190887451171875
0.58306884765625 0.3079833984375 -0.0701828002929687 0.0440177917480469
0.59539794921875 0.32745361328125 -0.0423126220703125 0.02783203125
0.6585693359375 0.2474365234375 0.0390472412109375 -0.0185432434082031
0.51593017578125 0.38983154296875 0.0783538818359375 -0.0278244018554687
0.36834716796875 0.553802490234375 0.0926589965820313 0.03948974609375
0.18585205078125 0.60076904296875 0.1595458984375 0.09124755859375
-0.18170166015625 0.6507568359375 0.135421752929687 0.212875366210938
-0.2567138671875 0.5789794921875 0.0687408447265625 0.236587524414063
-0.44293212890625 0.621337890625 0.0484771728515625 0.15460205078125
-0.41632080078125 0.55401611328125 -0.22528076171875 0.13916015625
-0.3037109375 0.458099365234375 0.11505126953125 0.0236282348632813
-0.25970458984375 0.532257080078125 0.111740112304687 -0.228622436523438
-0.102020263671875 0.53662109375 -0.07916259765625 -0.325897216796875
0.07427978515625 0.6329345703125 -0.258209228515625 -0.239212036132813
0.383270263671875 0.513031005859375 -0.314910888671875 -0.1639404296875
0.540313720703125 0.3114013671875 -0.305328369140625 -0.0333862304687499
0.5433349609375 0.319488525390625 -0.273147583007812 -0.0130767822265625
0.5938720703125 0.25250244140625 -0.194351196289063 -0.0548248291015625
0.4329833984375 0.36175537109375 -0.0996017456054687 -0.108352661132812
0.28045654296875 0.4830322265625 0.0179061889648438 -0.032815933227539
0.120269775390625 0.4737548828125 0.133087158203125 0.0837554931640625
-0.1424560546875 0.49603271484375 0.105987548828125 0.28192138671875
-0.173126220703125 0.47467041015625 -0.00317382812500001 0.380889892578125
-0.3524169921875 0.56549072265625 -0.111236572265625 0.333770751953125
-0.269134521484375 0.392181396484375 -0.37451171875 0.2889404296875
-0.20843505859375 0.296112060546875 -0.021240234375 0.135505676269531
-0.228363037109375 0.341400146484375 0.0351104736328125 -0.15106201171875
-0.117706298828125 0.392974853515625 -0.09149169921875 -0.2955322265625
0.028167724609375 0.49713134765625 -0.271148681640625 -0.324981689453125
0.2957763671875 0.421173095703125 -0.440185546875 -0.2843017578125
0.410675048828125 0.2584228515625 -0.5140380859375 -0.0956115722656249
0.406341552734375 0.263885498046875 -0.46026611328125 -0.0483093261718751
0.437957763671875 0.22845458984375 -0.375152587890625 -0.092926025390625
0.2789306640625 0.292266845703125 -0.218215942382812 -0.175949096679687
0.140472412109375 0.347625732421875 -0.0114974975585937 -0.0861740112304687
0.032135009765625 0.286590576171875 0.111427307128906 0.0994338989257813
-0.087615966796875 0.283294677734375 0.048431396484375 0.339599609375
-0.077423095703125 0.317108154296875 -0.087005615234375 0.4718017578125
-0.222198486328125 0.4324951171875 -0.23388671875 0.47589111328125
-0.07403564453125 0.178314208984375 -0.473114013671875 0.373870849609375
-0.0619049072265625 0.111915588378906 -0.136672973632812 0.208847045898437
-0.125411987304688 0.106925964355469 -0.027374267578125 -0.0891876220703125
-0.08807373046875 0.176849365234375 -0.102828979492188 -0.262039184570313
-0.0117340087890625 0.266876220703125 -0.276123046875 -0.37640380859375
0.158554077148437 0.25067138671875 -0.531280517578125 -0.34625244140625
0.210556030273437 0.163894653320312 -0.65606689453125 -0.1259765625
0.206405639648437 0.169708251953125 -0.57769775390625 -0.076171875
0.2261962890625 0.169967651367188 -0.478179931640625 -0.128936767578125
0.107421875 0.184982299804688 -0.264556884765625 -0.224884033203125
0.00933837890625001 0.179580688476562 6.10351562500071E-05 -0.109611511230469
-0.031768798828125 0.093536376953125 0.0891952514648438 0.133201599121094
-0.018035888671875 0.077850341796875 -0.03326416015625 0.3704833984375
0.013031005859375 0.148727416992188 -0.170501708984375 0.5015869140625
-0.0770111083984375 0.245880126953125 -0.31298828125 0.5633544921875
-0.114532470703125 -0.00524139404296873 0.29144287109375 -0.58905029296875
-0.106353759765625 0.0209579467773438 0.238311767578125 -0.496612548828125
-0.0527877807617188 0.103950500488281 0.073272705078125 -0.346343994140625
0.0282211303710937 0.095672607421875 -0.091064453125 -0.207199096679687
0.0867843627929688 0.0196380615234375 -0.0645904541015625 0.122024536132813
0.0368461608886719 -0.0577430725097656 0.22430419921875 0.2867431640625
0.0225143432617188 -0.052947998046875 0.52642822265625 0.158355712890625
0.0190658569335938 -0.04095458984375 0.60235595703125 0.098876953125
-0.00174713134765625 -0.0624160766601563 0.685546875 0.1278076171875
0.0347709655761719 -0.0393524169921875 0.5870361328125 0.320556640625
0.0722122192382812 -0.0134735107421875 0.337005615234375 0.353271484375
0.0841751098632813 0.0770339965820313 0.167510986328125 0.238510131835938
0.00626373291015625 0.12921142578125 0.0970687866210938 0.0703811645507813
-0.062744140625 0.106239318847656 0.196640014648437 -0.184341430664063
-0.0867080688476563 0.0414962768554688 0.559173583984375 -0.340087890625
-0.255966186523438 0.236907958984375 0.27044677734375 -0.551025390625
-0.181243896484375 0.208465576171875 0.275360107421875 -0.4439697265625
-0.08404541015625 0.2877197265625 0.1473388671875 -0.337738037109375
0.0365753173828125 0.246337890625 -0.054443359375 -0.252105712890625
0.135223388671875 0.201126098632813 -0.0963973999023438 0.0874099731445313
0.180374145507813 0.09356689453125 0.169830322265625 0.271331787109375
0.234939575195312 0.043548583984375 0.47039794921875 0.16943359375
0.24462890625 0.0800628662109375 0.542510986328125 0.09893798828125
0.248397827148438 0.05010986328125 0.6373291015625 0.09759521484375
0.217666625976563 0.145645141601563 0.555877685546875 0.255706787109375
0.171829223632813 0.232391357421875 0.324737548828125 0.2979736328125
0.096282958984375 0.323577880859375 0.1885986328125 0.201995849609375
-0.123016357421875 0.367767333984375 0.124519348144531 0.0668792724609375
-0.20538330078125 0.310394287109375 0.207748413085938 -0.160690307617187
-0.275360107421875 0.26947021484375 0.50579833984375 -0.3018798828125
-0.38330078125 0.45721435546875 0.2069091796875 -0.4405517578125
-0.25543212890625 0.3980712890625 0.29473876953125 -0.36444091796875
-0.117156982421875 0.47308349609375 0.19378662109375 -0.33349609375
0.036865234375 0.39422607421875 -0.03668212890625 -0.291748046875
0.162445068359375 0.3804931640625 -0.133232116699219 0.0339431762695313
0.296234130859375 0.253814697265625 0.0837554931640625 0.21478271484375
0.413787841796875 0.146148681640625 0.345947265625 0.1558837890625
0.435943603515625 0.189239501953125 0.40069580078125 0.087921142578125
0.467498779296875 0.140289306640625 0.496551513671875 0.055816650390625
0.388214111328125 0.282470703125 0.449371337890625 0.15765380859375
0.287872314453125 0.42364501953125 0.2779541015625 0.2132568359375
0.14678955078125 0.520477294921875 0.1990966796875 0.15576171875
-0.18902587890625 0.5751953125 0.142501831054688 0.09283447265625
-0.285888671875 0.4873046875 0.180526733398437 -0.0717315673828125
-0.407012939453125 0.467529296875 0.386322021484375 -0.196533203125
-0.4661865234375 0.60833740234375 0.0943145751953125 -0.265396118164062
-0.315399169921875 0.53662109375 0.28265380859375 -0.252777099609375
-0.16204833984375 0.61199951171875 0.207183837890625 -0.326812744140625
0.015167236328125 0.52239990234375 -0.0433349609375 -0.3245849609375
0.166259765625 0.54107666015625 -0.180496215820313 -0.038818359375
0.380645751953125 0.3995361328125 -0.0333023071289062 0.118659973144531
0.540679931640625 0.239288330078125 0.159561157226563 0.113388061523438
0.56463623046875 0.2708740234375 0.195892333984375 0.0641326904296875
0.616455078125 0.20050048828125 0.283935546875 0.014923095703125
0.504547119140625 0.358917236328125 0.276641845703125 0.0579681396484375
0.3770751953125 0.531707763671875 0.193679809570313 0.120697021484375
0.1988525390625 0.61834716796875 0.189682006835937 0.11181640625
-0.19158935546875 0.6881103515625 0.151687622070313 0.14251708984375
-0.29351806640625 0.58984375 0.134925842285156 0.0697860717773438
-0.458984375 0.5994873046875 0.224258422851562 -0.03448486328125
-0.476806640625 0.64886474609375 -0.0573577880859375 -0.0554389953613281
-0.33319091796875 0.56298828125 0.222854614257812 -0.11517333984375
-0.21527099609375 0.641845703125 0.17559814453125 -0.29595947265625
-0.03753662109375 0.5816650390625 -0.065216064453125 -0.337310791015625
0.1387939453125 0.64154052734375 -0.228561401367188 -0.131378173828125
0.41650390625 0.497406005859375 -0.175033569335937 -0.0121307373046874
0.5869140625 0.29644775390625 -0.0685768127441406 0.0473861694335938
0.605712890625 0.3138427734375 -0.0410308837890625 0.03106689453125
0.66339111328125 0.232177734375 0.0378532409667969 -0.0178985595703125
0.523712158203125 0.378936767578125 0.0749588012695313 -0.0311126708984375
0.381103515625 0.5452880859375 0.0950393676757813 0.0352249145507813
0.1990966796875 0.59869384765625 0.164718627929687 0.0830841064453125
-0.16412353515625 0.6610107421875 0.1473388671875 0.209182739257813
-0.24530029296875 0.5848388671875 0.077972412109375 0.234817504882813
-0.43194580078125 0.638671875 0.0512542724609375 0.15631103515625
-0.4046630859375 0.57037353515625 -0.22210693359375 0.144119262695313
-0.30059814453125 0.47021484375 0.111679077148437 0.021728515625
-0.247772216796875 0.54144287109375 0.108108520507812 -0.23187255859375
-0.0902709960937501 0.53900146484375 -0.086181640625 -0.3231201171875
0.091796875 0.63043212890625 -0.262069702148438 -0.232101440429687
0.391021728515625 0.505950927734375 -0.322509765625 -0.154754638671875
0.54498291015625 0.301239013671875 -0.306915283203125 -0.02459716796875
0.5516357421875 0.30682373046875 -0.271881103515625 -0.00439453125000001
0.60009765625 0.2379150390625 -0.195846557617187 -0.0475921630859375
0.440399169921875 0.35430908203125 -0.105361938476562 -0.107254028320312
0.2894287109375 0.476287841796875 0.017425537109375 -0.036346435546875
0.129669189453125 0.470977783203125 0.13800048828125 0.0769882202148438
-0.127838134765625 0.504974365234375 0.119613647460937 0.279998779296875
-0.164306640625 0.47833251953125 0.00845336914062496 0.38079833984375
-0.34161376953125 0.580810546875 -0.10345458984375 0.340301513671875
-0.262176513671875 0.40338134765625 -0.366912841796875 0.2969970703125
-0.206451416015625 0.30450439453125 -0.0235595703125 0.136192321777344
-0.221771240234375 0.34954833984375 0.031005859375 -0.151931762695312
-0.108978271484375 0.3941650390625 -0.09747314453125 -0.292510986328125
0.042327880859375 0.49639892578125 -0.276580810546875 -0.3187255859375
0.3045654296875 0.415771484375 -0.45098876953125 -0.273162841796875
0.4134521484375 0.251129150390625 -0.5146484375 -0.081756591796875
0.413726806640625 0.253570556640625 -0.45904541015625 -0.0366516113281251
0.44384765625 0.21649169921875 -0.37744140625 -0.080810546875
0.284332275390625 0.286468505859375 -0.226104736328125 -0.17169189453125
0.147857666015625 0.34320068359375 -0.0132064819335937 -0.0896453857421875
0.037506103515625 0.285369873046875 0.11676025390625 0.0936508178710938
-0.078277587890625 0.2889404296875 0.061676025390625 0.338043212890625
-0.07183837890625 0.31988525390625 -0.073944091796875 0.47369384765625
-0.215240478515625 0.444549560546875 -0.221923828125 0.485809326171875
-0.0720672607421875 0.184127807617187 -0.4652099609375 0.38623046875
-0.06158447265625 0.115188598632813 -0.137176513671875 0.212158203125
-0.124862670898437 0.110527038574219 -0.0316925048828125 -0.087738037109375
-0.084442138671875 0.176773071289063 -0.107711791992187 -0.259292602539062
-0.0052337646484375 0.2672119140625 -0.28277587890625 -0.3712158203125
0.163681030273438 0.24835205078125 -0.540924072265625 -0.334503173828125
0.211959838867187 0.161544799804688 -0.65667724609375 -0.10888671875
0.210678100585938 0.165359497070313 -0.5765380859375 -0.0594482421875
0.230911254882812 0.163375854492187 -0.480255126953125 -0.114105224609375
0.110824584960938 0.182464599609375 -0.27264404296875 -0.218948364257813
0.012908935546875 0.1783447265625 -0.00264739990234375 -0.113990783691406
-0.0302505493164062 0.09368896484375 0.0941543579101563 0.129341125488281
-0.0146331787109375 0.08038330078125 -0.021240234375 0.369873046875
0.0147705078125 0.148941040039063 -0.155517578125 0.50567626953125
-0.0750579833984375 0.250991821289063 -0.29876708984375 0.57647705078125
-0.114921569824219 -2.28881835937738E-05 0.2774658203125 -0.61761474609375
-0.107345581054688 0.0267715454101563 0.226226806640625 -0.51727294921875
-0.0480422973632813 0.109031677246094 0.064605712890625 -0.354888916015625
0.0342559814453125 0.097930908203125 -0.10284423828125 -0.206512451171875
0.0873947143554687 0.0165634155273437 -0.062530517578125 0.131263732910156
0.0338821411132813 -0.0592384338378906 0.243804931640625 0.289398193359375
0.0223960876464844 -0.0536994934082031 0.545166015625 0.143402099609375
0.0190162658691406 -0.0414848327636719 0.61749267578125 0.08013916015625
-0.00456619262695313 -0.0624580383300781 0.70355224609375 0.10284423828125
0.0345458984375 -0.0416221618652344 0.61370849609375 0.30523681640625
0.0743865966796875 -0.0154647827148438 0.359100341796875 0.351715087890625
0.0902252197265625 0.0767059326171875 0.181777954101563 0.2364501953125
0.00955200195312499 0.131492614746094 0.106155395507812 0.0672683715820313
-0.0616073608398438 0.109085083007812 0.198379516601563 -0.194503784179687
-0.0861434936523438 0.0464935302734375 0.559326171875 -0.367340087890625
-0.252471923828125 0.254470825195313 0.260009765625 -0.5758056640625
-0.178619384765625 0.22222900390625 0.263946533203125 -0.46319580078125
-0.073089599609375 0.298828125 0.140045166015625 -0.34979248046875
0.047882080078125 0.25054931640625 -0.0673828125 -0.253738403320313
0.1444091796875 0.199020385742188 -0.0957260131835937 0.0955581665039063
0.183837890625 0.0909271240234375 0.185302734375 0.275283813476563
0.242233276367188 0.038238525390625 0.488189697265625 0.157867431640625
0.254669189453125 0.07391357421875 0.55694580078125 0.083038330078125
0.255935668945313 0.044647216796875 0.65362548828125 0.075439453125
0.227569580078125 0.142822265625 0.5784912109375 0.24072265625
0.183502197265625 0.233596801757812 0.344207763671875 0.296905517578125
0.10980224609375 0.329345703125 0.202377319335938 0.197128295898438
-0.1148681640625 0.382415771484375 0.135566711425781 0.0634231567382813
-0.202667236328125 0.321868896484375 0.210403442382813 -0.170806884765625
-0.273040771484375 0.28887939453125 0.508087158203125 -0.325225830078125
-0.376220703125 0.485137939453125 0.197052001953125 -0.460235595703125
-0.250396728515625 0.420684814453125 0.286590576171875 -0.38232421875
-0.100433349609375 0.489593505859375 0.188720703125 -0.34759521484375
0.052215576171875 0.40167236328125 -0.0489501953125 -0.295166015625
0.17919921875 0.38079833984375 -0.134536743164063 0.0422439575195313
0.30712890625 0.250885009765625 0.0945587158203125 0.220687866210938
0.42724609375 0.139251708984375 0.35919189453125 0.147674560546875
0.455322265625 0.179473876953125 0.411895751953125 0.0789794921875
0.48443603515625 0.128021240234375 0.50885009765625 0.038482666015625
0.40740966796875 0.278564453125 0.465576171875 0.145111083984375
0.3095703125 0.427947998046875 0.293365478515625 0.20977783203125
0.16790771484375 0.5289306640625 0.212066650390625 0.1485595703125
-0.1734619140625 0.59881591796875 0.15594482421875 0.08935546875
-0.279754638671875 0.505828857421875 0.185195922851562 -0.0797576904296875
-0.400848388671875 0.496978759765625 0.38836669921875 -0.213134765625
-0.45733642578125 0.6441650390625 0.0873260498046874 -0.2760009765625
-0.30914306640625 0.5654296875 0.27783203125 -0.265777587890625
-0.14306640625 0.635986328125 0.20245361328125 -0.341461181640625
0.0343017578125 0.532440185546875 -0.05572509765625 -0.328948974609375
0.190643310546875 0.545806884765625 -0.184860229492188 -0.0315093994140625
0.398223876953125 0.397857666015625 -0.0299453735351562 0.1259765625
0.5577392578125 0.229278564453125 0.1676025390625 0.110733032226563
0.58880615234375 0.2579345703125 0.20245361328125 0.0597686767578125
0.6357421875 0.185302734375 0.290283203125 0.00576782226562501
0.52783203125 0.352081298828125 0.283905029296875 0.047576904296875
0.403167724609375 0.53350830078125 0.203994750976563 0.116622924804688
0.223388671875 0.62982177734375 0.200836181640625 0.103378295898438
-0.17022705078125 0.7147216796875 0.167083740234375 0.138916015625
-0.2850341796875 0.61260986328125 0.1424560546875 0.066192626953125
-0.45098876953125 0.63677978515625 0.22821044921875 -0.041748046875
-0.46673583984375 0.68658447265625 -0.0604095458984375 -0.0547523498535156
-0.3277587890625 0.59454345703125 0.220809936523437 -0.12298583984375
-0.197509765625 0.66607666015625 0.171356201171875 -0.309326171875
-0.017822265625 0.595703125 -0.07794189453125 -0.34222412109375
0.16571044921875 0.6500244140625 -0.236602783203125 -0.125015258789062
0.4384765625 0.49652099609375 -0.181228637695313 -0.00357055664062498
0.609130859375 0.28680419921875 -0.0680084228515625 0.0517463684082031
0.63153076171875 0.29949951171875 -0.0395927429199218 0.0346412658691406
0.6865234375 0.213623046875 0.0385551452636719 -0.0184478759765625
0.547943115234375 0.3729248046875 0.0734329223632813 -0.03594970703125
0.40771484375 0.5479736328125 0.0990066528320313 0.0308151245117188
0.2222900390625 0.60693359375 0.17376708984375 0.0741119384765625
-0.14251708984375 0.686767578125 0.164993286132812 0.206390380859375
-0.23516845703125 0.6055908203125 0.0898895263671875 0.23724365234375
-0.42059326171875 0.6773681640625 0.0579681396484375 0.161148071289063
-0.39764404296875 0.6031494140625 -0.221099853515625 0.155258178710938
-0.295074462890625 0.4974365234375 0.111625671386719 0.0202865600585938
-0.2357177734375 0.56658935546875 0.103530883789062 -0.241775512695312
-0.075347900390625 0.553009033203125 -0.0989990234375 -0.326751708984375
0.11688232421875 0.64129638671875 -0.274566650390625 -0.227935791015625
0.414459228515625 0.5057373046875 -0.337127685546875 -0.14501953125
0.5655517578125 0.294189453125 -0.31353759765625 -0.013763427734375
0.57684326171875 0.29486083984375 -0.276016235351563 0.00697326660156258
0.6219482421875 0.222900390625 -0.20068359375 -0.0402069091796875
0.459197998046875 0.3489990234375 -0.11480712890625 -0.107040405273437
0.3116455078125 0.4766845703125 0.0168647766113281 -0.040771484375
0.147674560546875 0.477874755859375 0.14617919921875 0.068878173828125
-0.1099853515625 0.524810791015625 0.138473510742187 0.280303955078125
-0.155181884765625 0.494384765625 0.02362060546875 0.388519287109375
-0.33160400390625 0.6129150390625 -0.092742919921875 0.35589599609375
-0.257354736328125 0.426513671875 -0.36590576171875 0.3167724609375
-0.205230712890625 0.322418212890625 -0.0232086181640625 0.141738891601563
-0.21710205078125 0.368499755859375 0.0258941650390625 -0.156661987304687
-0.0997314453125 0.404205322265625 -0.108978271484375 -0.294952392578125
0.060821533203125 0.50689697265625 -0.292572021484375 -0.318817138671875
0.325286865234375 0.418243408203125 -0.47259521484375 -0.26373291015625
0.429168701171875 0.2469482421875 -0.52850341796875 -0.0647888183593751
0.432464599609375 0.245391845703125 -0.46929931640625 -0.0203857421875
0.4620361328125 0.20458984375 -0.3853759765625 -0.067169189453125
0.29925537109375 0.283935546875 -0.240615844726562 -0.167816162109375
0.16015625 0.345672607421875 -0.0166702270507812 -0.094818115234375
0.047271728515625 0.290191650390625 0.124763488769531 0.088714599609375
-0.066558837890625 0.3006591796875 0.080413818359375 0.342193603515625
-0.065185546875 0.329803466796875 -0.0565185546875 0.487884521484375
-0.207427978515625 0.46734619140625 -0.208709716796875 0.50909423828125
-0.068267822265625 0.1925048828125 -0.462371826171875 0.41168212890625
-0.0605697631835937 0.121749877929688 -0.136993408203125 0.223617553710938
-0.126327514648438 0.119110107421875 -0.037841796875 -0.0868988037109375
-0.0811614990234375 0.180862426757813 -0.117874145507812 -0.26141357421875
0.00476074218750001 0.273529052734375 -0.3004150390625 -0.373687744140625
0.175643920898438 0.250350952148438 -0.56597900390625 -0.32489013671875
0.220794677734375 0.160568237304687 -0.67437744140625 -0.08807373046875
0.22088623046875 0.162384033203125 -0.5887451171875 -0.0402832031249999
0.241897583007812 0.157470703125 -0.4931640625 -0.0990905761718751
0.117889404296875 0.182373046875 -0.28900146484375 -0.214324951171875
0.01800537109375 0.18035888671875 -0.006439208984375 -0.119697570800781
-0.0291671752929688 0.0964584350585938 0.103256225585938 0.126953125
-0.0098876953125 0.08428955078125 -0.00433349609374997 0.377288818359375
0.0184783935546875 0.152847290039063 -0.138885498046875 0.520538330078125
-0.0710296630859375 0.262741088867188 -0.2838134765625 0.60394287109375
-0.115715026855469 0.00759124755859375 0.24981689453125 -0.654296875
-0.107063293457031 0.0351791381835937 0.198486328125 -0.544830322265625
-0.0402297973632813 0.115028381347656 0.0460205078125 -0.36676025390625
0.0427322387695312 0.0989990234375 -0.120101928710937 -0.204208374023438
0.0887985229492188 0.0116653442382813 -0.057464599609375 0.141525268554688
0.0293922424316406 -0.0620574951171875 0.271209716796875 0.284393310546875
0.0219459533691406 -0.0556144714355469 0.56573486328125 0.11480712890625
0.0182952880859375 -0.0436286926269531 0.63531494140625 0.04608154296875
-0.00864791870117188 -0.0625953674316406 0.72625732421875 0.06268310546875
0.0329475402832031 -0.0454063415527344 0.64788818359375 0.2752685546875
0.076629638671875 -0.0199127197265625 0.39263916015625 0.34332275390625
0.0990524291992188 0.0734634399414063 0.201736450195312 0.2301025390625
0.0160903930664062 0.133918762207031 0.116668701171875 0.061004638671875
-0.0592575073242187 0.11431884765625 0.195358276367188 -0.211181640625
-0.0837631225585938 0.053466796875 0.5516357421875 -0.410919189453125
-0.243759155273437 0.279632568359375 0.23162841796875 -0.60772705078125
-0.17010498046875 0.242034912109375 0.240631103515625 -0.490234375
-0.0543212890625 0.3115234375 0.12420654296875 -0.366729736328125
0.065643310546875 0.25384521484375 -0.084869384765625 -0.254409790039063
0.158493041992188 0.19427490234375 -0.0926589965820312 0.105819702148438
0.190658569335938 0.0843658447265625 0.209793090820313 0.273422241210938
0.25164794921875 0.027252197265625 0.509490966796875 0.134124755859375
0.267410278320313 0.0615997314453125 0.574462890625 0.0537109375
0.26544189453125 0.03277587890625 0.67474365234375 0.037841796875
0.241943359375 0.134552001953125 0.60821533203125 0.21124267578125
0.203292846679687 0.230880737304688 0.3739013671875 0.28680419921875
0.13348388671875 0.3330078125 0.22161865234375 0.18798828125
-0.09674072265625 0.4013671875 0.148483276367188 0.0549774169921875
-0.194061279296875 0.34124755859375 0.209259033203125 -0.18701171875
-0.2626953125 0.3154296875 0.500518798828125 -0.36322021484375
-0.357757568359375 0.5262451171875 0.174530029296875 -0.48492431640625
-0.2340087890625 0.4520263671875 0.267974853515625 -0.408294677734375
-0.070159912109375 0.511199951171875 0.174041748046875 -0.367706298828125
0.0787353515625 0.40789794921875 -0.067657470703125 -0.29901123046875
0.205474853515625 0.377777099609375 -0.135002136230469 0.0527877807617188
0.326324462890625 0.242401123046875 0.111557006835938 0.222900390625
0.446319580078125 0.120941162109375 0.376678466796875 0.129913330078125
0.480438232421875 0.156982421875 0.4271240234375 0.057037353515625
0.50469970703125 0.10595703125 0.524200439453125 0.007537841796875
0.434173583984375 0.26348876953125 0.486328125 0.11962890625
0.3431396484375 0.42340087890625 0.31573486328125 0.2003173828125
0.204742431640625 0.536102294921875 0.228790283203125 0.136383056640625
-0.14202880859375 0.62860107421875 0.171981811523438 0.079315185546875
-0.26300048828125 0.53472900390625 0.187957763671875 -0.0933380126953125
-0.3826904296875 0.539276123046875 0.385528564453125 -0.241302490234375
-0.43304443359375 0.69439697265625 0.07342529296875 -0.28961181640625
-0.28509521484375 0.606201171875 0.266693115234375 -0.2869873046875
-0.10626220703125 0.6629638671875 0.188720703125 -0.363494873046875
0.066802978515625 0.54351806640625 -0.07623291015625 -0.333831787109375
0.228271484375 0.546630859375 -0.190444946289063 -0.02001953125
0.428375244140625 0.389373779296875 -0.0225372314453125 0.133216857910156
0.5860595703125 0.20611572265625 0.178176879882813 0.10394287109375
0.61993408203125 0.2308349609375 0.21173095703125 0.0506439208984375
0.66558837890625 0.1541748046875 0.2989501953125 -0.011932373046875
0.561614990234375 0.33404541015625 0.29205322265625 0.030609130859375
0.4459228515625 0.52581787109375 0.21795654296875 0.107894897460938
0.2666015625 0.63623046875 0.21453857421875 0.0885009765625001
-0.130615234375 0.74755859375 0.188140869140625 0.12933349609375
-0.261474609375 0.6441650390625 0.152679443359375 0.059234619140625
-0.42535400390625 0.6865234375 0.231292724609375 -0.0544891357421875
-0.4427490234375 0.73968505859375 -0.0641517639160157 -0.0533485412597656
-0.303466796875 0.63604736328125 0.21771240234375 -0.137237548828125
-0.16204833984375 0.7015380859375 0.159393310546875 -0.3284912109375
0.0169677734375001 0.61029052734375 -0.09930419921875 -0.346343994140625
0.2086181640625 0.65679931640625 -0.249313354492188 -0.114242553710937
0.475738525390625 0.48681640625 -0.18646240234375 0.00904846191406252
0.64117431640625 0.2642822265625 -0.066864013671875 0.0578651428222656
0.667724609375 0.2708740234375 -0.0366859436035156 0.0390701293945313
0.71771240234375 0.18011474609375 0.0396156311035157 -0.0208244323730469
0.58209228515625 0.353759765625 0.0699043273925782 -0.0422401428222656
0.4495849609375 0.54034423828125 0.104270935058594 0.0243453979492188
0.2635498046875 0.6116943359375 0.184967041015625 0.0594482421875
-0.10321044921875 0.71612548828125 0.1895751953125 0.198898315429688
-0.21063232421875 0.63494873046875 0.10858154296875 0.238021850585938
-0.391845703125 0.7259521484375 0.0698394775390625 0.164794921875
-0.3756103515625 0.64990234375 -0.216812133789063 0.173095703125
-0.27960205078125 0.533233642578125 0.113876342773437 0.0165786743164063
-0.20892333984375 0.600830078125 0.092529296875 -0.254806518554687
-0.0465087890624999 0.57159423828125 -0.119781494140625 -0.329254150390625
0.158935546875 0.6510009765625 -0.29412841796875 -0.219207763671875
0.45501708984375 0.500213623046875 -0.35595703125 -0.128570556640625
0.59521484375 0.27508544921875 -0.322113037109375 0.00524902343750003
0.61083984375 0.26849365234375 -0.279678344726562 0.024200439453125
0.65008544921875 0.19122314453125 -0.206085205078125 -0.028594970703125
0.491058349609375 0.333648681640625 -0.127861022949219 -0.103057861328125
0.347442626953125 0.4713134765625 0.0153388977050781 -0.0457305908203125
0.1776123046875 0.48260498046875 0.156097412109375 0.0568084716796875
-0.078765869140625 0.54742431640625 0.165756225585938 0.276123046875
-0.1336669921875 0.517486572265625 0.049407958984375 0.397796630859375
-0.30340576171875 0.65643310546875 -0.072662353515625 0.37445068359375
-0.241485595703125 0.45654296875 -0.356658935546875 0.34814453125
-0.195281982421875 0.34783935546875 -0.0182037353515625 0.149124145507813
-0.2030029296875 0.394622802734375 0.0168304443359375 -0.161911010742187
-0.08154296875 0.419189453125 -0.1280517578125 -0.2962646484375
0.093109130859375 0.515594482421875 -0.317840576171875 -0.3116455078125
0.357269287109375 0.413116455078125 -0.503265380859375 -0.242828369140625
0.4544677734375 0.23297119140625 -0.54534912109375 -0.034393310546875
0.458648681640625 0.228607177734375 -0.478515625 0.00723266601562493
0.48614501953125 0.18121337890625 -0.397705078125 -0.044403076171875
0.322052001953125 0.275543212890625 -0.259033203125 -0.15789794921875
0.18402099609375 0.344818115234375 -0.0223388671875 -0.100021362304687
0.0640869140625 0.295562744140625 0.135665893554688 0.0795669555664063
-0.047119140625 0.31402587890625 0.108489990234375 0.343658447265625
-0.050201416015625 0.343017578125 -0.026397705078125 0.5020751953125
-0.186798095703125 0.49908447265625 -0.18212890625 0.539947509765625
-0.05987548828125 0.20428466796875 -0.44989013671875 0.450164794921875
-0.0565643310546875 0.130996704101563 -0.13043212890625 0.239715576171875
-0.124565124511719 0.133041381835938 -0.0460968017578125 -0.0847091674804687
-0.0752105712890625 0.187911987304688 -0.136245727539062 -0.2606201171875
0.021697998046875 0.28009033203125 -0.3277587890625 -0.369049072265625
0.19610595703125 0.24835205078125 -0.60272216796875 -0.30169677734375
0.235427856445312 0.155471801757813 -0.69390869140625 -0.0494995117187501
0.236160278320313 0.154525756835938 -0.60369873046875 -0.00695800781249992
0.257568359375 0.146591186523438 -0.507843017578125 -0.07073974609375
0.130340576171875 0.18096923828125 -0.311614990234375 -0.202362060546875
0.0274200439453125 0.183685302734375 -0.0137176513671875 -0.126121520996094
-0.02471923828125 0.100517272949219 0.115875244140625 0.12200927734375
-0.00283813476562499 0.0870742797851563 0.02178955078125 0.384185791015625
0.0260467529296875 0.156448364257812 -0.109832763671875 0.541015625
-0.0592803955078125 0.27813720703125 -0.252197265625 0.63983154296875
-0.114433288574219 0.0169448852539062 0.1995849609375 -0.68243408203125
-0.103302001953125 0.043975830078125 0.1544189453125 -0.56707763671875
-0.0298309326171875 0.11773681640625 0.0184326171875 -0.374786376953125
0.0528030395507812 0.0960693359375 -0.139495849609375 -0.195831298828125
0.0887908935546875 0.0050811767578125 -0.0478668212890625 0.15008544921875
0.0228004455566406 -0.0636062622070313 0.29913330078125 0.26715087890625
0.0196800231933594 -0.0586395263671875 0.5794677734375 0.07147216796875
0.01666259765625 -0.0454788208007813 0.6429443359375 -0.00238037109375
-0.0136871337890625 -0.0613174438476563 0.7337646484375 0.0050048828125
0.0296478271484375 -0.04913330078125 0.67852783203125 0.2257080078125
0.0767440795898438 -0.0268020629882813 0.426422119140625 0.317169189453125
0.107597351074219 0.0658340454101563 0.222625732421875 0.213455200195313
0.0251998901367188 0.134025573730469 0.125862121582031 0.0498809814453125
-0.051971435546875 0.119552612304688 0.183425903320313 -0.229202270507813
-0.0782623291015625 0.0605392456054688 0.52362060546875 -0.45751953125
-0.22161865234375 0.3048095703125 0.1861572265625 -0.635498046875
-0.151580810546875 0.260147094726562 0.200927734375 -0.5140380859375
-0.02764892578125 0.318267822265625 0.0965576171875 -0.379852294921875
0.087066650390625 0.249267578125 -0.1068115234375 -0.24981689453125
0.173629760742188 0.182769775390625 -0.0856781005859375 0.116050720214844
0.195907592773437 0.0729827880859375 0.234970092773438 0.260604858398438
0.257568359375 0.0086669921875 0.522491455078125 0.095489501953125
0.277114868164063 0.0406341552734375 0.58160400390625 0.01043701171875
0.27105712890625 0.0135345458984375 0.68121337890625 -0.01715087890625
0.25494384765625 0.11773681640625 0.6314697265625 0.16461181640625
0.224319458007813 0.218826293945313 0.4029541015625 0.26177978515625
0.161468505859375 0.326934814453125 0.239105224609375 0.168441772460938
-0.066192626953125 0.414337158203125 0.159210205078125 0.040802001953125
-0.17254638671875 0.358428955078125 0.1988525390625 -0.205978393554687
-0.238922119140625 0.340972900390625 0.475799560546875 -0.406982421875
-0.3189697265625 0.56451416015625 0.13873291015625 -0.50604248046875
-0.201385498046875 0.4788818359375 0.23614501953125 -0.430633544921875
-0.029266357421875 0.52178955078125 0.1466064453125 -0.384429931640625
0.111846923828125 0.403564453125 -0.092193603515625 -0.29595947265625
0.235809326171875 0.36395263671875 -0.131706237792969 0.0642318725585938
0.34454345703125 0.221832275390625 0.132064819335938 0.21734619140625
0.46160888671875 0.090484619140625 0.38836669921875 0.10247802734375
0.498748779296875 0.121063232421875 0.434478759765625 0.02410888671875
0.51763916015625 0.067413330078125 0.52813720703125 -0.03472900390625
0.45941162109375 0.23431396484375 0.5 0.081390380859375
0.379974365234375 0.401519775390625 0.33795166015625 0.177398681640625
0.248138427734375 0.525909423828125 0.241973876953125 0.113418579101563
-0.0935058593750001 0.64727783203125 0.186264038085937 0.062286376953125
-0.228912353515625 0.559234619140625 0.184677124023437 -0.1102294921875
-0.34185791015625 0.57891845703125 0.370025634765625 -0.273651123046875
-0.38330078125 0.7430419921875 0.0526123046875 -0.29913330078125
-0.24249267578125 0.639892578125 0.245147705078125 -0.30841064453125
-0.05340576171875 0.68060302734375 0.163818359375 -0.382965087890625
0.10882568359375 0.5406494140625 -0.102630615234375 -0.330078125
0.272857666015625 0.530548095703125 -0.193695068359375 -0.00549316406249999
0.45947265625 0.36328125 -0.01226806640625 0.138053894042969
0.60797119140625 0.166748046875 0.187301635742188 0.0916290283203125
0.6461181640625 0.18341064453125 0.219406127929688 0.0349578857421875
0.68328857421875 0.102294921875 0.30126953125 -0.037811279296875
0.59320068359375 0.29498291015625 0.2957763671875 0.00695800781250002
0.491058349609375 0.49932861328125 0.23016357421875 0.090789794921875
0.317138671875 0.62274169921875 0.223480224609375 0.065704345703125
-0.07086181640625 0.7679443359375 0.206680297851563 0.10992431640625
-0.21844482421875 0.67041015625 0.160736083984375 0.0462646484375
-0.37384033203125 0.73370361328125 0.229095458984375 -0.0721282958984375
-0.3887939453125 0.78778076171875 -0.0682334899902344 -0.0491447448730468
-0.258544921875 0.67230224609375 0.208023071289062 -0.1527099609375
-0.1063232421875 0.723876953125 0.136138916015625 -0.345794677734375
0.06201171875 0.61279296875 -0.126007080078125 -0.34197998046875
0.26226806640625 0.64300537109375 -0.260452270507813 -0.096466064453125
0.515533447265625 0.46075439453125 -0.188446044921875 0.0248260498046875
0.66851806640625 0.2215576171875 -0.0626564025878906 0.0641632080078125
0.69757080078125 0.219970703125 -0.0314064025878906 0.0425605773925781
0.73773193359375 0.124755859375 0.0401191711425782 -0.02606201171875
0.6151123046875 0.3140869140625 0.0645561218261719 -0.0483245849609375
0.495758056640625 0.51116943359375 0.108131408691406 0.0142745971679688
0.31207275390625 0.59881591796875 0.191879272460938 0.03839111328125
-0.04302978515625 0.7342529296875 0.214126586914063 0.179367065429688
-0.168701171875 0.65777587890625 0.13018798828125 0.230606079101563
-0.3367919921875 0.772705078125 0.083892822265625 0.162689208984375
-0.32928466796875 0.69158935546875 -0.204574584960938 0.19195556640625
-0.24237060546875 0.56634521484375 0.115547180175781 0.010162353515625
-0.164794921875 0.627685546875 0.074615478515625 -0.264968872070312
-0.00518798828124998 0.57720947265625 -0.1453857421875 -0.32269287109375
0.2119140625 0.64312744140625 -0.31341552734375 -0.200042724609375
0.498809814453125 0.47381591796875 -0.371917724609375 -0.101837158203125
0.62396240234375 0.23687744140625 -0.323272705078125 0.03173828125
0.638427734375 0.2237548828125 -0.276519775390625 0.0454864501953125
0.6715087890625 0.1395263671875 -0.20751953125 -0.0131988525390625
0.52081298828125 0.300079345703125 -0.140083312988281 -0.0936431884765625
0.3851318359375 0.449920654296875 0.0121917724609375 -0.0507431030273437
0.216217041015625 0.47406005859375 0.16326904296875 0.0387725830078125
-0.0323486328125 0.55877685546875 0.195526123046875 0.260208129882813
-0.0980224609375001 0.53271484375 0.083465576171875 0.396240234375
-0.25360107421875 0.69415283203125 -0.042205810546875 0.38702392578125
-0.209075927734375 0.48370361328125 -0.331817626953125 0.3795166015625
-0.1715087890625 0.37188720703125 -0.00782775878906252 0.154541015625
-0.17486572265625 0.41851806640625 0.0044403076171875 -0.163818359375
-0.05377197265625 0.4278564453125 -0.150848388671875 -0.288299560546875
0.13433837890625 0.512115478515625 -0.34527587890625 -0.29278564453125
0.39495849609375 0.391937255859375 -0.529632568359375 -0.20794677734375
0.47869873046875 0.204833984375 -0.551116943359375 0.00820922851562507
0.4815673828125 0.19500732421875 -0.477691650390625 0.0445861816406249
0.50390625 0.143524169921875 -0.401336669921875 -0.01531982421875
0.344970703125 0.254974365234375 -0.276702880859375 -0.138519287109375
0.210540771484375 0.333648681640625 -0.0305252075195312 -0.102554321289062
0.08599853515625 0.29290771484375 0.145095825195313 0.065093994140625
-0.019500732421875 0.320465087890625 0.141326904296875 0.3341064453125
-0.02593994140625 0.350921630859375 0.0150146484375001 0.508544921875
-0.148468017578125 0.52294921875 -0.1380615234375 0.5614013671875
-0.045013427734375 0.212799072265625 -0.41717529296875 0.492218017578125
-0.0472793579101562 0.139419555664063 -0.115036010742188 0.253707885742188
-0.115997314453125 0.146682739257813 -0.0534591674804688 -0.0799636840820312
-0.0648040771484375 0.19476318359375 -0.156219482421875 -0.251846313476563
0.0450592041015625 0.280441284179688 -0.360107421875 -0.349456787109375
0.219757080078125 0.23602294921875 -0.63446044921875 -0.2598876953125
0.251434326171875 0.141998291015625 -0.70367431640625 0.00500488281249986
0.251480102539063 0.139755249023438 -0.60540771484375 0.0395507812499999
0.271072387695313 0.126220703125 -0.5150146484375 -0.032257080078125
0.144210815429687 0.173736572265625 -0.3321533203125 -0.1795654296875
0.0407257080078125 0.182937622070313 -0.0241775512695312 -0.12908935546875
-0.0176239013671875 0.102798461914063 0.128913879394531 0.111274719238281
0.00591278076171876 0.0875473022460938 0.054840087890625 0.3829345703125
0.0365142822265625 0.157211303710938 -0.0642089843749999 0.553619384765625
-0.0380859375 0.28973388671875 -0.20196533203125 0.668701171875
-0.109039306640625 0.025848388671875 0.14202880859375 -0.69134521484375
-0.0965576171875 0.0500411987304688 0.10614013671875 -0.56951904296875
-0.019256591796875 0.115646362304688 -0.010040283203125 -0.36968994140625
0.0605392456054687 0.089569091796875 -0.15399169921875 -0.180938720703125
0.0864791870117188 -0.00122833251953125 -0.036102294921875 0.153732299804687
0.0154609680175781 -0.0625076293945313 0.31719970703125 0.2406005859375
0.0159072875976563 -0.06024169921875 0.573974609375 0.02740478515625
0.0145034790039063 -0.0470428466796875 0.62677001953125 -0.05059814453125
-0.0176353454589844 -0.0581283569335938 0.71881103515625 -0.0526123046875
0.0244712829589844 -0.0509223937988281 0.68377685546875 0.17047119140625
0.0742111206054688 -0.03302001953125 0.445343017578125 0.282318115234375
0.112541198730469 0.055572509765625 0.234603881835937 0.191268920898437
0.0333404541015625 0.130569458007813 0.129447937011719 0.0368194580078125
-0.0435867309570313 0.121208190917969 0.165863037109375 -0.2392578125
-0.0707550048828125 0.0647811889648438 0.4794921875 -0.49017333984375
-0.1929931640625 0.31939697265625 0.13494873046875 -0.64208984375
-0.127883911132813 0.269149780273438 0.157012939453125 -0.520263671875
-0.00158691406249997 0.314300537109375 0.0667724609375 -0.3809814453125
0.104995727539063 0.237396240234375 -0.125091552734375 -0.237564086914062
0.182815551757813 0.165451049804688 -0.07623291015625 0.122100830078125
0.195465087890625 0.05963134765625 0.253265380859375 0.238937377929688
0.255722045898438 -0.0110321044921875 0.5206298828125 0.054656982421875
0.277618408203125 0.018310546875 0.5692138671875 -0.03289794921875
0.268783569335938 -0.00616455078125 0.66595458984375 -0.0709228515625
0.259384155273438 0.097076416015625 0.63372802734375 0.11297607421875
0.238479614257812 0.198989868164063 0.419189453125 0.2286376953125
0.1837158203125 0.309722900390625 0.247695922851563 0.143890380859375
-0.03460693359375 0.413848876953125 0.1639404296875 0.023529052734375
-0.14654541015625 0.3662109375 0.182388305664063 -0.218490600585937
-0.20758056640625 0.354339599609375 0.43585205078125 -0.435455322265625
-0.26910400390625 0.58447265625 0.0980224609375 -0.511505126953125
-0.1600341796875 0.4915771484375 0.1968994140625 -0.438385009765625
0.01446533203125 0.515380859375 0.116973876953125 -0.39080810546875
0.139404296875 0.386444091796875 -0.11419677734375 -0.284698486328125
0.258575439453125 0.337890625 -0.12567138671875 0.0740814208984375
0.353485107421875 0.198089599609375 0.14752197265625 0.204544067382813
0.462493896484375 0.0552978515625 0.39013671875 0.0731201171875
0.501739501953125 0.080780029296875 0.428009033203125 -0.00946044921874999
0.515625 0.028167724609375 0.51513671875 -0.07843017578125
0.470245361328125 0.198577880859375 0.496246337890625 0.041168212890625
0.406494140625 0.369384765625 0.34857177734375 0.149627685546875
0.2840576171875 0.50152587890625 0.246246337890625 0.088653564453125
-0.04132080078125 0.64581298828125 0.193084716796875 0.0407257080078125
-0.18719482421875 0.5673828125 0.1751708984375 -0.123947143554687
-0.2901611328125 0.5980224609375 0.342071533203125 -0.296539306640625
-0.318115234375 0.76763916015625 0.02935791015625 -0.30108642578125
-0.18902587890625 0.6549072265625 0.21630859375 -0.319091796875
0.00219726562500003 0.67742919921875 0.1324462890625 -0.38934326171875
0.1478271484375 0.521087646484375 -0.12652587890625 -0.318359375
0.306976318359375 0.499969482421875 -0.191558837890625 0.00900268554687507
0.478057861328125 0.327239990234375 -0.00166320800781248 0.136970520019531
0.614013671875 0.1217041015625 0.19146728515625 0.076568603515625
0.6539306640625 0.1307373046875 0.2186279296875 0.0178070068359375
0.68218994140625 0.0479736328125 0.292724609375 -0.062835693359375
0.60565185546875 0.247802734375 0.289581298828125 -0.01593017578125
0.522186279296875 0.456634521484375 0.235336303710938 0.071319580078125
0.360595703125 0.591796875 0.223724365234375 0.0412139892578125
-0.00897216796875002 0.763427734375 0.217361450195313 0.0850830078125
-0.16973876953125 0.67706298828125 0.162689208984375 0.031982421875
-0.3087158203125 0.7530517578125 0.219894409179687 -0.08758544921875
-0.32147216796875 0.81298828125 -0.070068359375 -0.0439949035644531
-0.20489501953125 0.689208984375 0.193145751953125 -0.164413452148437
-0.0487060546875 0.72564697265625 0.10919189453125 -0.351348876953125
0.1046142578125 0.59619140625 -0.149444580078125 -0.327484130859375
0.30596923828125 0.61138916015625 -0.265045166015625 -0.075927734375
0.543731689453125 0.417510986328125 -0.185409545898437 0.039215087890625
0.67864990234375 0.1719970703125 -0.0562973022460937 0.068389892578125
0.70538330078125 0.1639404296875 -0.0254249572753906 0.0433082580566406
0.73614501953125 0.0655517578125 0.0382461547851563 -0.03173828125
0.6307373046875 0.26373291015625 0.057373046875 -0.0522041320800781
0.52703857421875 0.466552734375 0.108123779296875 0.00365447998046878
0.351806640625 0.56634521484375 0.19049072265625 0.0164947509765625
0.0175170898437501 0.72491455078125 0.229141235351563 0.152496337890625
-0.11798095703125 0.6600341796875 0.147125244140625 0.215621948242188
-0.27069091796875 0.790283203125 0.0965576171875 0.155136108398438
-0.27105712890625 0.71240234375 -0.184829711914063 0.204269409179688
-0.19512939453125 0.5831298828125 0.114669799804688 0.00321197509765629
-0.11358642578125 0.63543701171875 0.0554656982421875 -0.266952514648437
0.0339355468750001 0.566650390625 -0.166412353515625 -0.307647705078125
0.25653076171875 0.61688232421875 -0.32513427734375 -0.174530029296875
0.5269775390625 0.432220458984375 -0.376708984375 -0.071868896484375
0.63519287109375 0.1900634765625 -0.315399169921875 0.0562744140625
0.64764404296875 0.17218017578125 -0.264846801757812 0.0642395019531251
0.6710205078125 0.085205078125 -0.202484130859375 -0.000289916992187507
0.533355712890625 0.258819580078125 -0.1478271484375 -0.08062744140625
0.412689208984375 0.41436767578125 0.0078849792480469 -0.0538330078125
0.24737548828125 0.45123291015625 0.16351318359375 0.0202484130859375
0.014495849609375 0.55401611328125 0.217330932617187 0.233978271484375
-0.059356689453125 0.53302001953125 0.114166259765625 0.382904052734375
-0.193603515625 0.7078857421875 -0.00952148437499998 0.384490966796875
-0.168975830078125 0.49639892578125 -0.295867919921875 0.398193359375
-0.1412353515625 0.383270263671875 0.003448486328125 0.153610229492188
-0.138885498046875 0.429962158203125 -0.00692749023437503 -0.161422729492187
-0.024688720703125 0.4248046875 -0.16912841796875 -0.271820068359375
0.17138671875 0.495147705078125 -0.362640380859375 -0.26470947265625
0.420196533203125 0.358184814453125 -0.54132080078125 -0.164794921875
0.49053955078125 0.170501708984375 -0.539459228515625 0.05145263671875
0.4901123046875 0.15692138671875 -0.461761474609375 0.0778198242187501
0.50592041015625 0.100555419921875 -0.39093017578125 0.0144958496093749
0.357025146484375 0.2266845703125 -0.28466796875 -0.11370849609375
0.231292724609375 0.31243896484375 -0.0386581420898437 -0.101837158203125
0.10614013671875 0.281768798828125 0.148712158203125 0.0489044189453125
0.00817871093749998 0.316009521484375 0.168121337890625 0.312744140625
-0.00189208984375002 0.34869384765625 0.055694580078125 0.49798583984375
-0.10418701171875 0.53155517578125 -0.09039306640625 0.564697265625
-0.02880859375 0.215606689453125 -0.3717041015625 0.515472412109375
-0.035797119140625 0.1435546875 -0.0950927734375 0.26055908203125
-0.103240966796875 0.156768798828125 -0.05841064453125 -0.0727767944335937
-0.0521392822265625 0.196304321289063 -0.1708984375 -0.235260009765625
0.0654144287109375 0.272430419921875 -0.381195068359375 -0.319671630859375
0.2359619140625 0.21563720703125 -0.64886474609375 -0.209228515625
0.260269165039063 0.124404907226563 -0.6904296875 0.0585327148437501
0.25909423828125 0.11932373046875 -0.58648681640625 0.082275390625
0.27581787109375 0.1015625 -0.504425048828125 0.00637817382812492
0.153884887695313 0.161178588867188 -0.341156005859375 -0.148345947265625
0.05255126953125 0.1761474609375 -0.0341949462890625 -0.128410339355469
-0.0105209350585938 0.102302551269531 0.136734008789063 0.0975189208984375
0.0132827758789063 0.0846481323242187 0.086273193359375 0.369354248046875
0.046295166015625 0.154266357421875 -0.019256591796875 0.549530029296875
-0.01458740234375 0.291168212890625 -0.1436767578125 0.6741943359375
-0.102836608886719 0.0304718017578125 0.09783935546875 -0.68328857421875
-0.0898590087890625 0.0522308349609375 0.068084716796875 -0.55718994140625
-0.01202392578125 0.112030029296875 -0.029327392578125 -0.359130859375
0.064208984375 0.0832366943359375 -0.1617431640625 -0.16644287109375
0.0828781127929688 -0.00524139404296875 -0.0269012451171875 0.15447998046875
0.00947570800781251 -0.0583877563476563 0.32366943359375 0.21661376953125
0.0119705200195312 -0.0609054565429687 0.557342529296875 -0.00390625
0.0127525329589844 -0.0478057861328125 0.60345458984375 -0.08050537109375
-0.0195999145507813 -0.0539932250976563 0.6904296875 -0.08984375
0.0201988220214844 -0.0511932373046875 0.67333984375 0.12530517578125
0.070556640625 -0.0370025634765625 0.452056884765625 0.250274658203125
0.112960815429688 0.047119140625 0.237548828125 0.171630859375
0.0382156372070312 0.125312805175781 0.12890625 0.0256881713867188
-0.03643798828125 0.119941711425781 0.149658203125 -0.241775512695313
-0.0638084411621094 0.0658836364746094 0.43621826171875 -0.500640869140625
-0.166656494140625 0.3221435546875 0.09393310546875 -0.63555908203125
-0.107269287109375 0.269317626953125 0.121734619140625 -0.51226806640625
0.0174560546875 0.304473876953125 0.04510498046875 -0.374359130859375
0.114837646484375 0.223098754882813 -0.136566162109375 -0.2239990234375
0.185134887695313 0.150375366210938 -0.0677947998046875 0.124069213867188
0.190994262695313 0.0515594482421875 0.260467529296875 0.218399047851562
0.248214721679688 -0.0248260498046875 0.5064697265625 0.026092529296875
0.272430419921875 0.0013580322265625 0.549591064453125 -0.060638427734375
0.261199951171875 -0.019561767578125 0.63824462890625 -0.10650634765625
0.25701904296875 0.081329345703125 0.62164306640625 0.074462890625
0.243392944335938 0.180709838867188 0.4227294921875 0.20013427734375
0.195892333984375 0.291656494140625 0.247085571289062 0.1241455078125
-0.011138916015625 0.404937744140625 0.162490844726563 0.00898742675781252
-0.12554931640625 0.36395263671875 0.167343139648438 -0.22283935546875
-0.18017578125 0.355926513671875 0.399444580078125 -0.446624755859375
-0.22607421875 0.58642578125 0.06561279296875 -0.5040283203125
-0.12591552734375 0.48968505859375 0.1649169921875 -0.43701171875
0.0450439453125 0.501861572265625 0.093414306640625 -0.3856201171875
0.15582275390625 0.36590576171875 -0.12738037109375 -0.270416259765625
0.2677001953125 0.31298828125 -0.119285583496094 0.0800399780273437
0.351043701171875 0.1763916015625 0.154129028320313 0.19110107421875
0.455230712890625 0.028594970703125 0.382781982421875 0.049072265625
0.49444580078125 0.0489501953125 0.4136962890625 -0.03240966796875
0.503875732421875 6.103515625E-05 0.492919921875 -0.106597900390625
0.465911865234375 0.1678466796875 0.48321533203125 0.013092041015625
0.415252685546875 0.336761474609375 0.34954833984375 0.12713623046875
0.302703857421875 0.47216796875 0.242446899414063 0.0684051513671875
-0.00402832031250002 0.631591796875 0.193252563476563 0.0221405029296875
-0.156494140625 0.56353759765625 0.16522216796875 -0.131118774414062
-0.24774169921875 0.5987548828125 0.31494140625 -0.305084228515625
-0.26263427734375 0.769775390625 0.011199951171875 -0.29510498046875
-0.14556884765625 0.65087890625 0.19195556640625 -0.3203125
0.0438232421874999 0.66021728515625 0.109130859375 -0.38751220703125
0.168853759765625 0.496826171875 -0.140350341796875 -0.303070068359375
0.324676513671875 0.46759033203125 -0.18731689453125 0.02044677734375
0.48187255859375 0.296234130859375 0.00466156005859378 0.133583068847656
0.6065673828125 0.08612060546875 0.190750122070313 0.06475830078125
0.6436767578125 0.0902099609375 0.21307373046875 0.0043182373046875
0.66619873046875 0.01019287109375 0.279098510742188 -0.0810394287109375
0.60198974609375 0.20977783203125 0.279327392578125 -0.031494140625
0.533721923828125 0.4161376953125 0.234329223632813 0.055694580078125
0.3826904296875 0.5565185546875 0.217559814453125 0.0223846435546875
0.0372924804687499 0.74102783203125 0.2197265625 0.0617370605468751
-0.1328125 0.6685791015625 0.161788940429688 0.02001953125
-0.2542724609375 0.75225830078125 0.209320068359375 -0.0962982177734375
-0.2650146484375 0.81475830078125 -0.0694160461425781 -0.0394783020019531
-0.1590576171875 0.687255859375 0.178192138671875 -0.167999267578125
-0.00103759765625002 0.7109375 0.08905029296875 -0.3489990234375
0.13140869140625 0.572265625 -0.162445068359375 -0.31121826171875
0.33135986328125 0.5765380859375 -0.2637939453125 -0.058929443359375
0.55133056640625 0.38018798828125 -0.180618286132813 0.0489959716796875
0.67279052734375 0.1324462890625 -0.0496444702148437 0.0705490112304688
0.69598388671875 0.12017822265625 -0.0209426879882812 0.0412406921386719
0.71820068359375 0.02215576171875 0.0348777770996094 -0.0370025634765625
0.62408447265625 0.225341796875 0.0502510070800782 -0.0530891418457031
0.537567138671875 0.426055908203125 0.105682373046875 -0.00391387939453122
0.373046875 0.532806396484375 0.183578491210938 9.15527343750326E-05
0.0615844726562501 0.702392578125 0.234878540039063 0.126678466796875
-0.08514404296875 0.6497802734375 0.156448364257813 0.199966430664063
-0.2138671875 0.7861328125 0.10321044921875 0.146270751953125
-0.22332763671875 0.7122802734375 -0.168014526367188 0.208480834960938
-0.1563720703125 0.582763671875 0.111640930175781 -0.00124359130859371
-0.07177734375 0.6280517578125 0.040985107421875 -0.264144897460938
0.05792236328125 0.549285888671875 -0.17742919921875 -0.289947509765625
0.2823486328125 0.58538818359375 -0.327728271484375 -0.151824951171875
0.53643798828125 0.393707275390625 -0.374542236328125 -0.047607421875
0.63323974609375 0.1512451171875 -0.301483154296875 0.07318115234375
0.64093017578125 0.132080078125 -0.25030517578125 0.07489013671875
0.65625 0.0439453125 -0.195648193359375 0.00685119628906247
0.529998779296875 0.22412109375 -0.149505615234375 -0.06915283203125
0.422393798828125 0.3798828125 0.0044212341308594 -0.0552406311035156
0.26287841796875 0.4246826171875 0.157943725585938 0.00581359863281253
0.0482177734375 0.5341796875 0.226089477539063 0.207763671875
-0.03179931640625 0.52276611328125 0.13427734375 0.364715576171875
-0.14727783203125 0.70135498046875 0.014190673828125 0.374969482421875
-0.135162353515625 0.4962158203125 -0.26470947265625 0.40350341796875
-0.114410400390625 0.385101318359375 0.011322021484375 0.150863647460938
-0.109466552734375 0.429595947265625 -0.0149078369140625 -0.156524658203125
-0.00692749023437498 0.414337158203125 -0.176895141601562 -0.25616455078125
0.192901611328125 0.47113037109375 -0.368988037109375 -0.238525390625
0.430267333984375 0.325531005859375 -0.540130615234375 -0.130615234375
0.48980712890625 0.14044189453125 -0.521087646484375 0.0789794921874999
0.486114501953125 0.126129150390625 -0.440704345703125 0.0966796874999999
0.495269775390625 0.0687255859375 -0.37750244140625 0.0321044921875001
0.357574462890625 0.2022705078125 -0.28387451171875 -0.09295654296875
0.240325927734375 0.290740966796875 -0.0434722900390625 -0.0992355346679687
0.117385864257813 0.267929077148438 0.146896362304688 0.0354461669921875
0.027069091796875 0.30474853515625 0.18310546875 0.28887939453125
0.01495361328125 0.341064453125 0.084075927734375 0.47998046875
-0.068634033203125 0.525054931640625 -0.0519714355468751 0.553009033203125
-0.0160980224609375 0.2125244140625 -0.330352783203125 0.5216064453125
-0.025421142578125 0.143905639648438 -0.0795745849609375 0.260040283203125
-0.090179443359375 0.160385131835937 -0.06072998046875 -0.0665245056152343
-0.043670654296875 0.193649291992188 -0.176193237304688 -0.219100952148438
0.0781402587890625 0.260940551757813 -0.391021728515625 -0.292266845703125
0.2427978515625 0.19647216796875 -0.647705078125 -0.16729736328125
0.263275146484375 0.108123779296875 -0.66455078125 0.0958862304687499
0.259246826171875 0.1031494140625 -0.5599365234375 0.109832763671875
0.2720947265625 0.0829315185546875 -0.486297607421875 0.0302429199218749
0.156951904296875 0.149276733398438 -0.339752197265625 -0.12432861328125
0.0594482421875 0.168258666992187 -0.0408096313476562 -0.125373840332031
-0.00518798828124999 0.0999755859375 0.1387939453125 0.0847930908203125
0.0181884765625 0.0802383422851563 0.105224609375 0.3494873046875
0.0524749755859375 0.149154663085938 0.01568603515625 0.531890869140625
0.00228881835937498 0.286407470703125 -0.09930419921875 0.66265869140625
-0.09808349609375 0.0327911376953125 0.06988525390625 -0.67486572265625
-0.0853805541992188 0.0519485473632812 0.044830322265625 -0.54815673828125
-0.00891876220703126 0.108726501464844 -0.041229248046875 -0.35137939453125
0.06634521484375 0.07879638671875 -0.16595458984375 -0.156967163085938
0.0805816650390625 -0.00699615478515625 -0.02081298828125 0.154586791992187
0.00641632080078124 -0.0541038513183594 0.326202392578125 0.200592041015625
0.00889968872070312 -0.0612106323242187 0.544769287109375 -0.0233154296875
0.0114898681640625 -0.0490074157714844 0.5845947265625 -0.095458984375
-0.0199241638183594 -0.0515708923339844 0.667724609375 -0.11053466796875
0.0175018310546875 -0.0507469177246094 0.6639404296875 0.10076904296875
0.0683135986328125 -0.0395584106445312 0.45489501953125 0.231048583984375
0.113365173339844 0.0411300659179688 0.236953735351563 0.158096313476563
0.0401687622070313 0.122314453125 0.127655029296875 0.0179901123046875
-0.0319366455078125 0.118209838867188 0.140045166015625 -0.242279052734375
-0.0591888427734375 0.0648002624511719 0.409210205078125 -0.501953125
-0.1495361328125 0.323028564453125 0.06866455078125 -0.62744140625
-0.094024658203125 0.267715454101562 0.0990600585937501 -0.505157470703125
0.028472900390625 0.296875 0.032562255859375 -0.36761474609375
0.119384765625 0.213287353515625 -0.142288208007813 -0.214569091796875
0.184860229492188 0.140869140625 -0.0630111694335938 0.126312255859375
0.187057495117188 0.047943115234375 0.263534545898438 0.204254150390625
0.242416381835937 -0.033905029296875 0.497406005859375 0.00750732421875
0.268707275390625 -0.0106353759765625 0.53289794921875 -0.077117919921875
0.256546020507813 -0.02752685546875 0.6177978515625 -0.1263427734375
0.254043579101563 0.0719451904296875 0.61083984375 0.0516357421875
0.245025634765625 0.169235229492188 0.424774169921875 0.18231201171875
0.20220947265625 0.279678344726563 0.244552612304688 0.110275268554688
0.00314331054687496 0.396881103515625 0.16119384765625 -0.00178527832031248
-0.113037109375 0.360870361328125 0.157730102539062 -0.225387573242187
-0.16253662109375 0.3544921875 0.375579833984375 -0.44793701171875
-0.197021484375 0.58538818359375 0.045440673828125 -0.49755859375
-0.103912353515625 0.48577880859375 0.14483642578125 -0.431610107421875
0.063201904296875 0.489105224609375 0.079498291015625 -0.381622314453125
0.162322998046875 0.352142333984375 -0.13433837890625 -0.261154174804688
0.271575927734375 0.29608154296875 -0.114967346191406 0.0840377807617188
0.349151611328125 0.166229248046875 0.157577514648438 0.181686401367188
0.446746826171875 0.011077880859375 0.377349853515625 0.0362548828125
0.489410400390625 0.02880859375 0.402252197265625 -0.044586181640625
0.494110107421875 -0.01751708984375 0.474578857421875 -0.12249755859375
0.4625244140625 0.151763916015625 0.471954345703125 -0.00595092773437499
0.42083740234375 0.317840576171875 0.349700927734375 0.112091064453125
0.312652587890625 0.455810546875 0.2374267578125 0.054840087890625
0.01861572265625 0.61859130859375 0.192138671875 0.00758361816406254
-0.13739013671875 0.5577392578125 0.158584594726563 -0.135421752929688
-0.21917724609375 0.5946044921875 0.29864501953125 -0.30853271484375
-0.228271484375 0.767333984375 0.000244140624999962 -0.29052734375
-0.11627197265625 0.648193359375 0.176483154296875 -0.3179931640625
0.0709228515625 0.6453857421875 0.09552001953125 -0.383941650390625
0.177703857421875 0.48016357421875 -0.1475830078125 -0.29388427734375
0.3328857421875 0.44598388671875 -0.183975219726562 0.0284423828125
0.4818115234375 0.27813720703125 0.00781250000000004 0.132217407226563
0.599365234375 0.06256103515625 0.190185546875 0.057098388671875
0.63616943359375 0.06488037109375 0.208816528320313 -0.00445556640625
0.65252685546875 -0.01373291015625 0.26654052734375 -0.09222412109375
0.59490966796875 0.1878662109375 0.27056884765625 -0.0398101806640625
0.539337158203125 0.390777587890625 0.233489990234375 0.04547119140625
0.392974853515625 0.535003662109375 0.21044921875 0.0107269287109375
0.0623779296875001 0.72528076171875 0.219329833984375 0.0437469482421875
-0.11077880859375 0.661376953125 0.16021728515625 0.012603759765625
-0.2198486328125 0.74755859375 0.201522827148438 -0.100326538085937
-0.22796630859375 0.810546875 -0.0691642761230469 -0.0369644165039062
-0.12762451171875 0.683837890625 0.168975830078125 -0.169036865234375
0.0275268554687501 0.698486328125 0.07720947265625 -0.347198486328125
0.143951416015625 0.557098388671875 -0.16943359375 -0.30072021484375
0.342437744140625 0.553131103515625 -0.261703491210938 -0.0459747314453125
0.553375244140625 0.356658935546875 -0.17840576171875 0.0566558837890625
0.667724609375 0.10638427734375 -0.0441665649414062 0.071014404296875
0.68804931640625 0.0921630859375 -0.0177040100097656 0.039093017578125
0.70361328125 -0.0040283203125 0.0310401916503907 -0.0411605834960938
0.61871337890625 0.20196533203125 0.0458755493164063 -0.0532112121582031
0.542510986328125 0.398223876953125 0.104072570800781 -0.00947570800781248
0.383270263671875 0.511474609375 0.176315307617188 -0.0104522705078125
0.0861816406249999 0.6844482421875 0.235870361328125 0.107330322265625
-0.06329345703125 0.64166259765625 0.1622314453125 0.189224243164063
-0.180419921875 0.78033447265625 0.107643127441406 0.139991760253906
-0.192138671875 0.709228515625 -0.155746459960938 0.209640502929688
-0.13079833984375 0.5811767578125 0.108795166015625 -0.00352478027343746
-0.0440063476562501 0.62030029296875 0.0313568115234375 -0.26165771484375
0.07122802734375 0.538177490234375 -0.182144165039063 -0.279052734375
0.2958984375 0.5634765625 -0.328094482421875 -0.135955810546875
0.5411376953125 0.368499755859375 -0.371978759765625 -0.03082275390625
0.63116455078125 0.126220703125 -0.2899169921875 0.0823974609375
0.6337890625 0.1063232421875 -0.241226196289063 0.0782623291015625
0.64239501953125 0.0189208984375 -0.192276000976562 0.00906372070312497
0.5274658203125 0.2032470703125 -0.15020751953125 -0.0615081787109375
0.427734375 0.35797119140625 0.00250625610351565 -0.0563507080078125
0.27203369140625 0.408447265625 0.152435302734375 -0.00372314453124997
0.06640625 0.52093505859375 0.230667114257813 0.18804931640625
-0.015350341796875 0.515625 0.146240234375 0.3515625
-0.116455078125 0.69427490234375 0.02880859375 0.366668701171875
-0.11578369140625 0.493072509765625 -0.242523193359375 0.404876708984375
-0.09649658203125 0.383758544921875 0.015289306640625 0.1490478515625
-0.089599609375 0.427001953125 -0.0194854736328125 -0.15411376953125
0.00344848632812499 0.408355712890625 -0.180328369140625 -0.245315551757812
0.20428466796875 0.455230712890625 -0.37152099609375 -0.220611572265625
0.43212890625 0.304229736328125 -0.53778076171875 -0.10589599609375
0.48944091796875 0.12164306640625 -0.504852294921875 0.0963134765624999
0.4832763671875 0.10662841796875 -0.42608642578125 0.1058349609375
0.486541748046875 0.049285888671875 -0.367889404296875 0.0401611328125
0.3555908203125 0.18878173828125 -0.281768798828125 -0.080322265625
0.243896484375 0.27642822265625 -0.0461959838867187 -0.0985260009765625
0.123092651367188 0.258255004882813 0.143997192382813 0.027252197265625
0.038970947265625 0.295806884765625 0.190902709960938 0.271041870117188
0.0242919921875 0.336181640625 0.10162353515625 0.46466064453125
-0.0472412109375 0.518646240234375 -0.030792236328125 0.542236328125
-0.00904846191406248 0.209762573242188 -0.3035888671875 0.522064208984375
-0.017791748046875 0.143478393554687 -0.069366455078125 0.258941650390625
-0.0810089111328125 0.161788940429687 -0.0622406005859375 -0.0632057189941406
-0.0391693115234375 0.192626953125 -0.177993774414062 -0.209136962890625
0.0864105224609375 0.252227783203125 -0.393890380859375 -0.2755126953125
0.244354248046875 0.182388305664062 -0.643798828125 -0.1400146484375
0.264678955078125 0.0967559814453125 -0.64630126953125 0.1162109375
0.258682250976563 0.0923309326171875 -0.542388916015625 0.11944580078125
0.267471313476563 0.0710601806640625 -0.473052978515625 0.0425109863281249
0.157333374023438 0.142120361328125 -0.336578369140625 -0.10888671875
0.0624542236328125 0.162826538085938 -0.0440292358398437 -0.123283386230469
-0.0023040771484375 0.0977249145507812 0.1400146484375 0.0770339965820313
0.021087646484375 0.0772247314453125 0.115936279296875 0.3355712890625
0.05511474609375 0.146743774414063 0.036956787109375 0.518463134765625
0.013519287109375 0.28228759765625 -0.07171630859375 0.6500244140625
-0.0954360961914063 0.0344314575195313 0.0494384765625 -0.67681884765625
-0.0844879150390625 0.053070068359375 0.027130126953125 -0.547088623046875
-0.00677490234375 0.108680725097656 -0.049072265625 -0.34979248046875
0.06976318359375 0.0765304565429687 -0.171539306640625 -0.151885986328125
0.0798797607421875 -0.00836944580078125 -0.0161285400390625 0.15631103515625
0.00514602661132812 -0.0496025085449219 0.333038330078125 0.19097900390625
0.00639343261718749 -0.0606651306152344 0.540618896484375 -0.03692626953125
0.0110740661621094 -0.05126953125 0.57843017578125 -0.1072998046875
-0.0200386047363281 -0.0500869750976562 0.6607666015625 -0.12591552734375
0.0152015686035156 -0.0508460998535156 0.6650390625 0.08221435546875
0.0673179626464844 -0.0422019958496094 0.462127685546875 0.21923828125
0.114898681640625 0.0374221801757813 0.239273071289063 0.150985717773438
0.0421905517578125 0.122047424316406 0.127685546875 0.0128250122070313
-0.0296173095703125 0.118247985839844 0.135391235351563 -0.245773315429688
-0.0571098327636719 0.0648384094238281 0.395172119140625 -0.51080322265625
-0.13800048828125 0.327880859375 0.046875 -0.63092041015625
-0.0855712890625 0.269271850585938 0.082794189453125 -0.505035400390625
0.038360595703125 0.295654296875 0.023651123046875 -0.369110107421875
0.124298095703125 0.209823608398438 -0.14923095703125 -0.211456298828125
0.187759399414063 0.135223388671875 -0.0590896606445312 0.129745483398438
0.188034057617188 0.0482940673828125 0.269287109375 0.196762084960938
0.241287231445313 -0.0401611328125 0.495819091796875 -0.0057373046875
0.269439697265625 -0.019989013671875 0.528472900390625 -0.087005615234375
0.256484985351563 -0.0343170166015625 0.6083984375 -0.14093017578125
0.255233764648437 0.06689453125 0.6107177734375 0.0347900390625
0.250045776367188 0.161483764648438 0.432342529296875 0.17138671875
0.209732055664063 0.275680541992188 0.244720458984375 0.102035522460938
0.0130615234375 0.397796630859375 0.161422729492188 -0.0110321044921875
-0.10577392578125 0.363525390625 0.15325927734375 -0.229965209960937
-0.1531982421875 0.357757568359375 0.362884521484375 -0.45501708984375
-0.17779541015625 0.59375 0.029693603515625 -0.49981689453125
-0.088226318359375 0.4886474609375 0.132659912109375 -0.432525634765625
0.080657958984375 0.488189697265625 0.07025146484375 -0.38372802734375
0.170318603515625 0.34637451171875 -0.141952514648438 -0.257980346679688
0.278564453125 0.2857666015625 -0.11236572265625 0.089752197265625
0.3524169921875 0.163055419921875 0.16168212890625 0.178482055664063
0.447845458984375 0.000640869140625 0.3778076171875 0.024749755859375
0.48968505859375 0.014617919921875 0.39959716796875 -0.0540771484375
0.49346923828125 -0.030120849609375 0.46685791015625 -0.134979248046875
0.46429443359375 0.142852783203125 0.47186279296875 -0.0177001953125
0.428497314453125 0.305694580078125 0.35565185546875 0.10235595703125
0.324737548828125 0.44915771484375 0.235488891601563 0.046844482421875
0.0358886718750001 0.6170654296875 0.191818237304688 -0.00459289550781246
-0.126068115234375 0.561859130859375 0.1556396484375 -0.141006469726562
-0.20330810546875 0.6011962890625 0.28900146484375 -0.314849853515625
-0.20343017578125 0.77392578125 -0.008636474609375 -0.2906494140625
-0.0952148437499999 0.6524658203125 0.1676025390625 -0.31982421875
0.09234619140625 0.6441650390625 0.0867919921875 -0.387847900390625
0.188323974609375 0.47528076171875 -0.15557861328125 -0.289520263671875
0.34210205078125 0.435028076171875 -0.182754516601562 0.0361785888671875
0.4884033203125 0.269317626953125 0.00962829589843753 0.133621215820313
0.6024169921875 0.04571533203125 0.193038940429688 0.05096435546875
0.63812255859375 0.04583740234375 0.208145141601563 -0.010345458984375
0.65228271484375 -0.0313720703125 0.260177612304688 -0.100967407226563
0.5980224609375 0.1759033203125 0.268264770507813 -0.0464935302734375
0.547637939453125 0.3758544921875 0.23675537109375 0.037994384765625
0.408050537109375 0.52569580078125 0.206817626953125 0.00234985351562503
0.08221435546875 0.7220458984375 0.219924926757813 0.0301971435546875
-0.0979003906250001 0.6646728515625 0.161483764648437 0.00703430175781254
-0.2000732421875 0.7528076171875 0.198837280273438 -0.10504150390625
-0.20355224609375 0.8197021484375 -0.0693359375 -0.0346107482910156
-0.10614013671875 0.688232421875 0.164566040039063 -0.171112060546875
0.0511474609375 0.698974609375 0.069427490234375 -0.351043701171875
0.153594970703125 0.55450439453125 -0.176025390625 -0.296356201171875
0.35675048828125 0.542022705078125 -0.26251220703125 -0.0357513427734375
0.56243896484375 0.3460693359375 -0.178512573242188 0.064910888671875
0.67315673828125 0.087158203125 -0.0390243530273437 0.0719451904296875
0.69140625 0.0718994140625 -0.0164108276367187 0.0370635986328125
0.70123291015625 -0.0238037109375 0.0256538391113282 -0.0454597473144531
0.62213134765625 0.1884765625 0.0436477661132813 -0.053466796875
0.5523681640625 0.382965087890625 0.104782104492188 -0.013885498046875
0.39520263671875 0.502716064453125 0.172592163085938 -0.01715087890625
0.1060791015625 0.6805419921875 0.238525390625 0.09228515625
-0.04949951171875 0.64544677734375 0.167999267578125 0.182815551757813
-0.15576171875 0.78582763671875 0.111236572265625 0.136627197265625
-0.1702880859375 0.71722412109375 -0.148513793945312 0.213912963867188
-0.1102294921875 0.58642578125 0.109275817871094 -0.00445556640624996
-0.0227661132812499 0.62188720703125 0.0262603759765625 -0.264556884765625
0.080047607421875 0.537750244140625 -0.188003540039063 -0.275222778320312
0.309417724609375 0.55535888671875 -0.331878662109375 -0.1243896484375
0.55023193359375 0.3570556640625 -0.37628173828125 -0.0164489746093751
0.63763427734375 0.1085205078125 -0.284027099609375 0.0893859863281249
0.63702392578125 0.08966064453125 -0.238021850585937 0.080963134765625
0.63983154296875 0.0028076171875 -0.194564819335938 0.010894775390625
0.53009033203125 0.194366455078125 -0.15289306640625 -0.0556488037109375
0.433929443359375 0.3455810546875 0.000816345214843771 -0.0591964721679687
0.2813720703125 0.401763916015625 0.150588989257813 -0.00981140136718748
0.081207275390625 0.51513671875 0.235977172851563 0.175079345703125
-0.00430297851562506 0.518890380859375 0.15740966796875 0.344970703125
-0.0950927734375 0.69866943359375 0.038909912109375 0.3641357421875
-0.101470947265625 0.499420166015625 -0.22845458984375 0.410736083984375
-0.083099365234375 0.38714599609375 0.0196685791015625 0.149887084960938
-0.075042724609375 0.42938232421875 -0.02374267578125 -0.154022216796875
0.00970458984375002 0.41082763671875 -0.184646606445313 -0.241653442382812
0.216766357421875 0.449310302734375 -0.378021240234375 -0.20953369140625
0.43951416015625 0.29315185546875 -0.544586181640625 -0.0869140625
0.494537353515625 0.107147216796875 -0.496826171875 0.109649658203125
0.485870361328125 0.093780517578125 -0.419891357421875 0.113311767578125
0.485137939453125 0.035614013671875 -0.367156982421875 0.04559326171875
0.358306884765625 0.181610107421875 -0.2845458984375 -0.0713195800781249
0.249435424804688 0.269332885742188 -0.049835205078125 -0.099822998046875
0.129302978515625 0.254486083984375 0.144561767578125 0.0219268798828125
0.04742431640625 0.292694091796875 0.19873046875 0.260589599609375
0.031494140625 0.337646484375 0.116607666015625 0.459716796875
-0.03179931640625 0.521392822265625 -0.0149841308593751 0.5401611328125
-0.00384521484375002 0.210617065429687 -0.2867431640625 0.527557373046875
-0.011871337890625 0.143234252929687 -0.062652587890625 0.261795043945313
-0.0746002197265625 0.1644287109375 -0.0647697448730469 -0.06072998046875
-0.0367889404296875 0.195098876953125 -0.180984497070313 -0.20538330078125
0.09283447265625 0.24951171875 -0.403472900390625 -0.266204833984375
0.248641967773437 0.174224853515625 -0.64892578125 -0.11871337890625
0.26922607421875 0.0908966064453125 -0.63861083984375 0.13238525390625
0.261688232421875 0.08636474609375 -0.535552978515625 0.12957763671875
0.267547607421875 0.0632476806640625 -0.470184326171875 0.051910400390625
0.159957885742187 0.139999389648437 -0.338043212890625 -0.09814453125
0.0653076171875 0.160659790039063 -0.0485000610351562 -0.124443054199219
-0.00049591064453125 0.0971527099609375 0.142684936523438 0.072662353515625
0.0230636596679687 0.0757675170898438 0.124969482421875 0.329193115234375
0.0586395263671875 0.14788818359375 0.052276611328125 0.513427734375
0.02191162109375 0.28350830078125 -0.0538330078125 0.647216796875
-0.09393310546875 0.03826904296875 0.02215576171875 -0.6900634765625
-0.0846099853515625 0.056243896484375 0.00448608398437495 -0.554931640625
-0.00295257568359375 0.11083984375 -0.06304931640625 -0.354400634765625
0.074951171875 0.0741500854492188 -0.182647705078125 -0.14752197265625
0.0800704956054688 -0.0106735229492188 -0.0101776123046875 0.16119384765625
0.00394439697265625 -0.0468482971191406 0.34710693359375 0.1796875
0.00382232666015625 -0.0611763000488281 0.54595947265625 -0.05804443359375
0.00925064086914062 -0.0542564392089844 0.58148193359375 -0.12518310546875
-0.0206985473632813 -0.0507164001464844 0.6640625 -0.14892578125
0.0126800537109375 -0.0521125793457031 0.67822265625 0.05902099609375
0.0665550231933594 -0.0465316772460938 0.481781005859375 0.205474853515625
0.119338989257813 0.0323715209960938 0.24609375 0.143096923828125
0.0465927124023438 0.123588562011719 0.129295349121094 0.00621032714843751
-0.0260391235351563 0.120063781738281 0.12945556640625 -0.255096435546875
-0.055877685546875 0.0668067932128906 0.38226318359375 -0.530731201171875
-0.1246337890625 0.338348388671875 0.02215576171875 -0.640869140625
-0.075347900390625 0.276535034179687 0.063568115234375 -0.51361083984375
0.051544189453125 0.298187255859375 0.011749267578125 -0.3773193359375
0.13336181640625 0.207000732421875 -0.160995483398438 -0.209274291992188
0.194381713867188 0.130279541015625 -0.0546951293945312 0.135452270507813
0.193222045898438 0.0468292236328125 0.280853271484375 0.189956665039063
0.242950439453125 -0.0491790771484375 0.50238037109375 -0.026275634765625
0.272109985351563 -0.0325164794921875 0.53118896484375 -0.105682373046875
0.261154174804688 -0.044158935546875 0.6094970703125 -0.16412353515625
0.260879516601562 0.060394287109375 0.62139892578125 0.01190185546875
0.260086059570313 0.154647827148437 0.44964599609375 0.157867431640625
0.224441528320313 0.27203369140625 0.2496337890625 0.0936126708984375
0.02716064453125 0.404541015625 0.162567138671875 -0.02178955078125
-0.096466064453125 0.3726806640625 0.14788818359375 -0.240814208984375
-0.1417236328125 0.369171142578125 0.352447509765625 -0.473388671875
-0.15386962890625 0.61083984375 0.010406494140625 -0.50775146484375
-0.0687255859375 0.500457763671875 0.11688232421875 -0.441802978515625
0.102325439453125 0.4921875 0.059539794921875 -0.394256591796875
0.1839599609375 0.3443603515625 -0.155136108398438 -0.257400512695313
0.292449951171875 0.27978515625 -0.109642028808594 0.0971221923828125
0.3656005859375 0.15673828125 0.170562744140625 0.175979614257813
0.454559326171875 -0.017578125 0.384613037109375 0.008544921875
0.497283935546875 -0.0072021484375 0.40167236328125 -0.068359375
0.5018310546875 -0.0501708984375 0.464935302734375 -0.155914306640625
0.4783935546875 0.13031005859375 0.47833251953125 -0.035736083984375
0.447967529296875 0.294677734375 0.367828369140625 0.0904541015625
0.34881591796875 0.446441650390625 0.237075805664063 0.0374603271484375
0.05908203125 0.62646484375 0.194503784179688 -0.01885986328125
-0.1123046875 0.5770263671875 0.153778076171875 -0.149993896484375
-0.183837890625 0.618408203125 0.28326416015625 -0.330078125
-0.1727294921875 0.79754638671875 -0.02056884765625 -0.29388427734375
-0.0673217773437501 0.66668701171875 0.157745361328125 -0.32830810546875
0.1231689453125 0.6502685546875 0.0748291015625 -0.399505615234375
0.206085205078125 0.47589111328125 -0.169281005859375 -0.290252685546875
0.363494873046875 0.427581787109375 -0.183090209960938 0.0465850830078125
0.50701904296875 0.260986328125 0.014129638671875 0.138046264648438
0.61474609375 0.0228271484375 0.199859619140625 0.0418853759765625
0.65045166015625 0.01971435546875 0.209518432617188 -0.01904296875
0.66094970703125 -0.05682373046875 0.25518798828125 -0.113143920898437
0.6156005859375 0.16180419921875 0.270172119140625 -0.056793212890625
0.57147216796875 0.3612060546875 0.243499755859375 0.028533935546875
0.434478759765625 0.523040771484375 0.206436157226563 -0.00715637207031247
0.11199951171875 0.72998046875 0.223068237304687 0.0139312744140625
-0.077880859375 0.6807861328125 0.16497802734375 -0.000442504882812458
-0.17364501953125 0.77398681640625 0.198104858398438 -0.11395263671875
-0.17254638671875 0.8441162109375 -0.0714797973632813 -0.0323715209960937
-0.0767211914062501 0.70477294921875 0.16107177734375 -0.176864624023437
0.082763671875 0.7078857421875 0.05816650390625 -0.3623046875
0.173095703125 0.560028076171875 -0.18963623046875 -0.296783447265625
0.382049560546875 0.537109375 -0.266830444335938 -0.0237274169921875
0.585693359375 0.33392333984375 -0.18096923828125 0.0770111083984375
0.6890869140625 0.06146240234375 -0.0336151123046875 0.0722503662109375
0.70635986328125 0.045166015625 -0.0159187316894531 0.0358047485351563
0.71124267578125 -0.0511474609375 0.019744873046875 -0.0484886169433594
0.6390380859375 0.1739501953125 0.0402946472167969 -0.0554428100585937
0.57623291015625 0.3690185546875 0.106536865234375 -0.0207748413085937
0.420684814453125 0.49713134765625 0.171295166015625 -0.02618408203125
0.134033203125 0.6866455078125 0.24444580078125 0.0771636962890626
-0.03033447265625 0.6614990234375 0.179306030273437 0.177719116210938
-0.127685546875 0.8052978515625 0.118072509765625 0.134796142578125
-0.14361572265625 0.73907470703125 -0.140762329101563 0.22332763671875
-0.08612060546875 0.59930419921875 0.111129760742187 -0.00569915771484371
0.00360107421875004 0.633056640625 0.0158233642578125 -0.271438598632812
0.0972595214843751 0.5469970703125 -0.19964599609375 -0.274642944335938
0.33599853515625 0.552398681640625 -0.3406982421875 -0.110809326171875
0.57073974609375 0.34466552734375 -0.38360595703125 0.0030517578125001
0.65447998046875 0.0849609375 -0.28131103515625 0.099639892578125
0.65240478515625 0.06475830078125 -0.238296508789063 0.086883544921875
0.64837646484375 -0.02301025390625 -0.200790405273437 0.01593017578125
0.544189453125 0.181884765625 -0.158126831054687 -0.050201416015625
0.45391845703125 0.336181640625 -0.0014381408691406 -0.0632972717285156
0.3021240234375 0.399322509765625 0.150543212890625 -0.0176544189453125
0.104400634765625 0.519256591796875 0.24566650390625 0.1617431640625
0.01434326171875 0.5302734375 0.1748046875 0.34222412109375
-0.0676269531249999 0.71417236328125 0.052703857421875 0.367645263671875
-0.083892822265625 0.512542724609375 -0.21612548828125 0.42486572265625
-0.067047119140625 0.3955078125 0.0254364013671875 0.1536865234375
-0.058135986328125 0.438751220703125 -0.03070068359375 -0.156494140625
0.0223388671875 0.4189453125 -0.1934814453125 -0.239822387695312
0.237091064453125 0.448211669921875 -0.391845703125 -0.19720458984375
0.45819091796875 0.28106689453125 -0.55828857421875 -0.0625
0.5106201171875 0.08984375 -0.496856689453125 0.128265380859375
0.497161865234375 0.07537841796875 -0.422760009765625 0.125732421875
0.49267578125 0.01788330078125 -0.37225341796875 0.058807373046875
0.369781494140625 0.173431396484375 -0.291168212890625 -0.0602416992187499
0.26177978515625 0.264007568359375 -0.0547714233398438 -0.1025390625
0.139663696289063 0.253341674804688 0.148117065429688 0.0152740478515625
0.059417724609375 0.293914794921875 0.211639404296875 0.252532958984375
0.045074462890625 0.345123291015625 0.138916015625 0.459197998046875
-0.01171875 0.531982421875 0.00454711914062501 0.5478515625
0.00216674804687501 0.215042114257813 -0.2679443359375 0.544525146484375
-0.00541687011718751 0.144866943359375 -0.0547332763671875 0.2701416015625
-0.06866455078125 0.169082641601563 -0.0689735412597656 -0.0577812194824219
-0.03167724609375 0.201950073242188 -0.188674926757813 -0.202850341796875
0.10296630859375 0.248580932617188 -0.4200439453125 -0.253082275390625
0.258193969726562 0.16754150390625 -0.66583251953125 -0.0922241210937499
0.279891967773438 0.08123779296875 -0.639892578125 0.15643310546875
0.26971435546875 0.07794189453125 -0.537933349609375 0.147491455078125
0.272537231445313 0.05426025390625 -0.4771728515625 0.0680847167968751
0.16668701171875 0.13873291015625 -0.346221923828125 -0.08599853515625
0.0707244873046875 0.160751342773438 -0.0546722412109375 -0.126594543457031
0.00232696533203125 0.0986251831054688 0.149810791015625 0.0674591064453125
0.0261001586914063 0.0756607055664063 0.139556884765625 0.32708740234375
0.065521240234375 0.150283813476562 0.075439453125 0.515655517578125
0.0333251953125 0.287750244140625 -0.03118896484375 0.6593017578125
0.0911758133215334 0.132723462656035 0.60187599667061 -0.400795046455313
0.115425556927021 0.0855699651073503 0.52183489723062 -0.305832922370104
0.110771119304164 -0.0346064099450148 0.271891945210157 -0.269740976735747
0.0257739344986149 -0.10715693417756 0.00716721050575134 -0.232086265462065
-0.0689241960607392 -0.0665344953150812 -0.155939033739727 0.0976942096898368
-0.0702471041884637 0.000221228338735426 0.00800204041015577 0.396219619158432
-0.0885942389201535 0.0331152695325381 0.260716709793912 0.50165876894854
-0.0841372445943498 0.0445217998738978 0.41121060923702 0.5001864992378
-0.0794123172640807 0.0437869433654178 0.428194670287889 0.554760142373304
-0.0866998601901959 0.0331112835823153 0.285833667119548 0.61070101858395
-0.102660560153519 -0.027696012583139 0.0532993764386319 0.563744890377151
-0.063262037447287 -0.130831628187756 -0.0257391684836591 0.306592239384664
0.0398087948045883 -0.124700869504144 0.0564561450371686 0.102522014098668
0.0977373930160949 -0.0384197245509113 0.283933967206296 -0.0322970756372587
0.0651200746165649 0.0379532028395959 0.638229388252874 -0.0387727393257099
0.347487517492464 -0.0127220967577573 0.524488579111603 -0.402334928615764
0.279390444146433 -0.0713059225859862 0.474607396714331 -0.254618588685562
0.225426546465991 -0.190216354562534 0.285662989136657 -0.220434126954777
0.0959752665467171 -0.247516678358624 0.0325610714114248 -0.246084508440188
-0.0476004222078032 -0.251534469633585 -0.183135802717706 0.0557402865750159
-0.114121193856482 -0.204764949546393 -0.0578498762872093 0.364206872785304
-0.206312591576982 -0.186777963438635 0.183787839484633 0.493089373148505
-0.237974903379427 -0.160647244169174 0.355063967188295 0.483527400404936
-0.239017449608982 -0.199680849676277 0.393689456922091 0.519830162645303
-0.15886830405225 -0.234746418218432 0.261544467590194 0.550351399541373
-0.0891759449140275 -0.30757253931184 0.0420710758261081 0.508645211201584
0.0751097344444609 -0.370532689551661 -0.0169055435821948 0.264882622473902
0.235719895440918 -0.315743126282097 0.0801780380868855 0.092250562520894
0.329507332302928 -0.139754503274311 0.274918519215532 -0.0389058638336624
0.34306986536493 -0.0530427700978138 0.584524075064185 -0.059990321073225
0.581457077307555 -0.154535447639488 0.370119508700578 -0.361261496832552
0.448217737027606 -0.232728875557369 0.396097251860344 -0.193378845741386
0.34948212309844 -0.349155173659878 0.277932965211425 -0.193453282082591
0.178098319276359 -0.386077695031116 0.0377851318154758 -0.269415738627759
-0.00699901945879392 -0.42952465244763 -0.204959346676351 -0.00509466767658474
-0.130854426167116 -0.403188392769473 -0.125161270893524 0.27738968095833
-0.285960851840953 -0.394602531947007 0.0782136096788804 0.414284437846992
-0.360250686104376 -0.342829129628036 0.244148582718137 0.396430820877818
-0.378191844047963 -0.400378897917161 0.302305259739773 0.40928136322151
-0.239223444959551 -0.452244779041926 0.198130587480039 0.41590142863753
-0.114107498680952 -0.538981831300205 0.0303364133770904 0.403650258348156
0.146864298808239 -0.583853650354285 -0.00583782941839059 0.215408817981401
0.355479296525899 -0.500285826503354 0.0775774091171402 0.104381583677851
0.491640619887235 -0.258202209249843 0.191910793946158 -0.00941621353081453
0.557882122924462 -0.156957561484507 0.43729874212535 -0.0502553915856316
0.742116463887111 -0.267982076153898 0.147945153269548 -0.279686022207798
0.574823090713526 -0.353009624672809 0.285337795801801 -0.116276995665715
0.467077974186753 -0.461324433912996 0.253489328820292 -0.194251097943262
0.277441396382573 -0.49900286428402 0.0225998908225874 -0.308646065578531
0.0538551327656899 -0.589380295448339 -0.225380417745694 -0.0946705079857461
-0.128212453927537 -0.572831151020443 -0.189710412059258 0.13472239197335
-0.328625417136311 -0.560642791785551 -0.0449958855228192 0.263546983483889
-0.426197749198922 -0.474751657429243 0.0934693913216969 0.248600066858442
-0.463998414279998 -0.530469180005993 0.160771139590153 0.245059749474831
-0.294290485949291 -0.580469952557918 0.0956896254812606 0.23813309356257
-0.145352373119087 -0.671634824787642 0.00539264146386069 0.259340606262849
0.157132300826702 -0.703527841260525 0.000641303696076965 0.163726947375923
0.381962293560563 -0.612936883225257 0.0571508610590783 0.142983948068033
0.55057795327352 -0.355488845828057 0.0605790119595784 0.0681949875620045
0.674125679161042 -0.255591830185249 0.220377990234757 7.47898825904352E-05
0.780780693758643 -0.324000153100045 -0.110148015715382 -0.173406855736205
0.606483902488093 -0.383288943844289 0.141823325430627 -0.0405479302045944
0.538974766559492 -0.4668417566875 0.200001654363896 -0.205215178529361
0.376255778436756 -0.531554889116547 0.00046264124765621 -0.34963907123287
0.12758577032701 -0.679336740898283 -0.227217881138477 -0.212608925812874
-0.105034351046842 -0.670177882723192 -0.24235731855705 -0.0597768379406659
-0.320376892861686 -0.649144791315171 -0.172489527134847 0.0566878458955432
-0.43016191802945 -0.538442396389929 -0.0750758533895975 0.0626033009544091
-0.471788459014624 -0.575542949191277 -0.00592997944891843 0.0574798528133107
-0.286737290535119 -0.612522950525221 -0.0239452084758304 0.045451447845515
-0.135065920966134 -0.675742039276432 -0.0200262705984741 0.105339056403632
0.147341884712194 -0.673998423757805 0.00563763218539752 0.123667469221932
0.337418288636292 -0.599053425521726 0.0205370852540219 0.200702319942857
0.505024835386505 -0.389691219489088 -0.088985482580706 0.176620151703152
0.676521211248474 -0.321470796095327 -0.0209415929205723 0.0871774390047425
0.683982390337911 -0.317944608872207 -0.354993891620597 -0.070301060243586
0.528774432783429 -0.324375867841373 -0.0249354644787808 0.0129256542657953
0.52615437800197 -0.364294073854886 0.116795516692837 -0.205342256546516
0.420314549819177 -0.458801754654328 -0.0113008126086017 -0.364888838135503
0.181695468010471 -0.651259368381836 -0.191192245820776 -0.339060611760085
-0.0674086641278792 -0.655305613889172 -0.27178897065075 -0.278111116938202
-0.266769268390548 -0.634411943940888 -0.288302449979038 -0.17237423799329
-0.365528970123777 -0.51798318012741 -0.23329385750172 -0.13236224717187
-0.39210994633969 -0.537789792091941 -0.157813891656982 -0.126472545317001
-0.206857575946148 -0.547449251389902 -0.116618862304484 -0.129675658267546
-0.0699887162298586 -0.560169467956685 -0.020452455348322 -0.0266449891799628
0.140003734916592 -0.508695992045624 0.0138545346047282 0.110413307248177
0.249910554546392 -0.464173156177073 -0.0339905213109114 0.261174460510303
0.381601564810199 -0.35161322157945 -0.229784764643505 0.273630541016845
0.578400781712858 -0.331317533744178 -0.241664652501986 0.189105103397486
0.474871128344586 -0.265084424391775 -0.544257708074152 0.0113811869617903
0.355340249810366 -0.2210387545409 -0.187805790674087 0.0437500212364997
0.405361633436893 -0.20637392165826 0.0332624535739059 -0.177676496697846
0.365916095980492 -0.305663898613999 0.00329177433782355 -0.345567725398429
0.18755670392411 -0.493092430770739 -0.122397246608238 -0.449249202592096
-0.0248849534056852 -0.517714800684902 -0.278447561047915 -0.475575159534297
-0.172265203959695 -0.511369842397858 -0.375920318412048 -0.380410561537811
-0.243514658419159 -0.420631355726474 -0.356504552136763 -0.304500858666587
-0.252120891000651 -0.426323534512232 -0.259959841190599 -0.284173352065125
-0.0899947044885313 -0.407298179495451 -0.152212079248715 -0.261866308640543
0.0134486255475787 -0.367698141886222 0.0151043133715231 -0.107333630161335
0.119204820380686 -0.279361256799595 0.0190790689021123 0.127412897841284
0.138242757717476 -0.274890582364149 -0.107828215735147 0.298733294682759
0.22551732216987 -0.26860229486907 -0.342777435370065 0.322716358059045
0.409906710410549 -0.289994058685745 -0.411453682232111 0.280953109661424
0.194043285517176 -0.185798585657766 -0.644934347994587 0.0717191257010835
0.116839008375419 -0.118279882596899 -0.305204685905167 0.0698648196538154
0.190209988773129 -0.0429951436639715 -0.018256265926997 -0.131170059931158
0.216787106070725 -0.10487490474549 0.0364892711052444 -0.308733810784462
0.148851277641711 -0.242141670759008 -0.0517430983359296 -0.524556310333703
0.0274207220312135 -0.285701133977448 -0.270769590010117 -0.607409491810127
-0.0447229687463836 -0.30368781397849 -0.425996551428415 -0.526942178780604
-0.0850719207803861 -0.261385038408681 -0.423550146282864 -0.425712061410758
-0.0820513206285256 -0.259311648013603 -0.29614901016681 -0.396868542943381
0.019312301871815 -0.223646122125996 -0.129774346394219 -0.335110458580705
0.0716247758846403 -0.155728532671682 0.0671597273470109 -0.126717129766743
0.0737479385391505 -0.0670931043370812 0.00628394707607817 0.16195370120113
0.0265799996159071 -0.0974956874586799 -0.191884580783828 0.295775724162394
0.0707312419940455 -0.169284606767844 -0.414796986944696 0.316756108142468
0.200643977698211 -0.204838815612044 -0.520273027344179 0.347332574280653
0.100167759122918 0.126230248998104 0.572383265466033 -0.446467615410157
0.122113383361295 0.0777359628381318 0.49735830254916 -0.344386976442588
0.108214419375034 -0.043022897449227 0.255186093857264 -0.290176002895529
0.0179092770001442 -0.109543041883522 -0.011677761845239 -0.234598104924726
-0.0720027596003532 -0.0630163210565558 -0.150214884430307 0.109955744512291
-0.0704874749300895 0.00145660588568231 0.0357624199006816 0.39644536268977
-0.086259484998386 0.0388269952232482 0.292757142475406 0.481799016798418
-0.0818972700646943 0.0517350978717136 0.440930625099885 0.473910120245732
-0.0777924771028135 0.0490228568474287 0.464718604139669 0.526303424949962
-0.0838372059043696 0.0394756927454957 0.32968379437014 0.59099222720543
-0.105097534281376 -0.0190607619799316 0.096575274193707 0.56364554631519
-0.0741429472496147 -0.125946903280803 -0.00660014352901851 0.30725162766603
0.0325953826120584 -0.128702499466201 0.0644828050939814 0.0970754408615493
0.0956712632509182 -0.0435429367910596 0.283194841331301 -0.0512844156423225
0.0677710369686481 0.0341928477710879 0.637261298494486 -0.0820386034890759
0.346574096138131 -0.0406909345029034 0.493648563410046 -0.440363024522465
0.27433512771306 -0.0916755067964125 0.454935976550685 -0.288716263087641
0.210871234892322 -0.207011216118019 0.273095255253118 -0.240833103228527
0.0798569980879088 -0.254092444784118 0.0143377113481727 -0.251107401930244
-0.0644107164252033 -0.247982392629795 -0.178971203690593 0.0700693783499576
-0.128276343912531 -0.202205609057453 -0.0334496634192088 0.368987146977655
-0.220028066966809 -0.173403713688552 0.217488148192199 0.478639795076753
-0.250412513024511 -0.142046862366786 0.384107930493696 0.459928815283425
-0.255320175165363 -0.183873263491667 0.428672647705273 0.492452043061026
-0.174754951520115 -0.226938607183768 0.298942431271658 0.532859361430637
-0.111243672204775 -0.301070232828098 0.0808507933911427 0.509586255123914
0.0498337291051561 -0.377464677605426 -0.000392813576095778 0.265242940298792
0.215214146309118 -0.332861795141591 0.0884735315315975 0.0822430743453341
0.323209913746421 -0.16211761286671 0.274064029233348 -0.0580462233848357
0.340554201288936 -0.078013907766469 0.582434053783511 -0.0982839620113096
0.571197206551398 -0.20091063399026 0.343005074891818 -0.387247811704389
0.430521607417654 -0.26523029179573 0.379885843068031 -0.219305584289798
0.322797005055243 -0.375707425601351 0.267383036637081 -0.21411544982927
0.154465696808635 -0.397311793303172 0.0198075606945324 -0.275678488635316
-0.0364978479404377 -0.429149615436122 -0.205178398386067 0.0104221559472698
-0.158790046859673 -0.399976055725576 -0.10828835451443 0.287361398994921
-0.314363875253341 -0.376325814588341 0.107195652314715 0.406972530547568
-0.385010875688268 -0.316350938152687 0.269462831567994 0.379428248743972
-0.408437777718724 -0.375564695532687 0.328478328200503 0.386620382331856
-0.269912774451297 -0.439946795964521 0.226739906230057 0.4023449937529
-0.151369328655641 -0.531962780405691 0.0626911350569745 0.402831391864377
0.106563656353449 -0.598493976683758 0.00718129319008869 0.21418978791225
0.322932577294958 -0.52579035469455 0.0882675747403249 0.0932301172218185
0.479407766503225 -0.291429239209584 0.193068846764599 -0.0238760975835976
0.548886720928325 -0.198064396768523 0.433704093931497 -0.0798538917553427
0.723404595177555 -0.325746649871843 0.126904843798064 -0.288979818989593
0.548366454154826 -0.394963488347721 0.276183859219692 -0.132723895587263
0.432605773049962 -0.49695910536287 0.243154132804844 -0.212922045216819
0.246564290255998 -0.517125195623545 0.00263400522382447 -0.314959276748233
0.0117775044691732 -0.59175861583047 -0.231632074723505 -0.0765632006022829
-0.168397868534873 -0.570798124232231 -0.184245078817003 0.149928087513653
-0.369399296285124 -0.539111073554441 -0.0236051750964762 0.265636112790448
-0.461608092107164 -0.444163768257432 0.110141200635921 0.24008582569679
-0.504498026194354 -0.499148034603043 0.174699037754335 0.231085284470202
-0.333078626565203 -0.567355779718864 0.110863536764496 0.230548724634548
-0.19275616213883 -0.661666960091609 0.0270082014351875 0.259667574630695
0.110536982289958 -0.719584202535182 0.0103910144291766 0.161053024930101
0.342092233710086 -0.639768379883336 0.0709094282504217 0.131855257013761
0.531013312228562 -0.394364418217617 0.0674167980881233 0.0627768140818723
0.659768093058774 -0.305826291048634 0.220340321386611 -0.0153150895814304
0.758806298179098 -0.386339780804294 -0.1232676502251 -0.163687236651146
0.577339866439994 -0.427989979732142 0.138389850861766 -0.0453128966364282
0.503123832425895 -0.507773502256946 0.187547200042893 -0.220039285459803
0.343781858605543 -0.558559345783996 -0.0225035622546294 -0.354209516009609
0.0804044130298512 -0.687653291020101 -0.241188924936557 -0.194545293783127
-0.151621196798683 -0.669842473765333 -0.251689772982312 -0.0398824861971888
-0.369397064616572 -0.628886098231501 -0.164924025709937 0.0687755293027631
-0.468343723192351 -0.508879439617766 -0.0703009172918052 0.064884534876668
-0.513595528964283 -0.541892495976165 -0.00501171208089302 0.0542656241868857
-0.326935291554001 -0.596995095278554 -0.0224915255779816 0.0457720602625416
-0.181604860422742 -0.66640503683391 -0.00998244168489426 0.105023780138075
0.100730029827926 -0.688615372668662 0.0131153235621098 0.121438984102469
0.295758391565928 -0.624422105765449 0.0379232426858254 0.192666445058697
0.480867089904251 -0.426587301122619 -0.0742716944237515 0.181647992571728
0.656044629014771 -0.371068973770817 -0.0158872698060828 0.0885108914414455
0.664409601685217 -0.370956489438952 -0.359990917624542 -0.0433135069322224
0.503010375473167 -0.36114198266234 -0.0244277546916336 0.0191750202688375
0.50048763024029 -0.402988872199897 0.104491444405768 -0.215521666743182
0.395584252103017 -0.491054655349691 -0.0349786615823822 -0.368745966641659
0.136264904620654 -0.662322197176195 -0.213562980605431 -0.325261148446103
-0.114029092310084 -0.656823963080981 -0.296249829290666 -0.255655787250239
-0.314621019360131 -0.617749595382766 -0.295945602794512 -0.151396027717071
-0.403221622437258 -0.493375072032424 -0.240985836101268 -0.119413469372018
-0.43172961162044 -0.509468401141953 -0.168857715428181 -0.118802182024934
-0.244469968703846 -0.538193933950858 -0.128168107390704 -0.122680979247797
-0.109136337784718 -0.552300593493025 -0.019944694655465 -0.0280965025421038
0.106847567532076 -0.519586128868719 0.0225521118707673 0.107385374615732
0.216999459980523 -0.480364313568997 -0.0116571662919893 0.258474705273401
0.359083023482775 -0.380806591418624 -0.208234895324415 0.288991372862609
0.556116739381662 -0.376012085887653 -0.23045599906622 0.205576642839833
0.4600710272437 -0.30106623765027 -0.542156512688771 0.0502365468561941
0.337843762817187 -0.244974192866722 -0.184908947374404 0.0602219302861073
0.391141372809243 -0.235029755400183 0.0200522535134783 -0.18099018910681
0.35032708625181 -0.332292870632472 -0.0191889986342546 -0.349091568185133
0.153505258335439 -0.506209043715716 -0.153574051842195 -0.442567069347334
-0.0606912093858868 -0.519705523485827 -0.316240025987789 -0.453918365991241
-0.211112894317556 -0.501666562672094 -0.399568720826066 -0.352527822533165
-0.273942810894079 -0.404902721314686 -0.375184438155063 -0.282832501737536
-0.281764579436637 -0.40897464582182 -0.280978556287298 -0.268581863336015
-0.116832428471281 -0.404406003133182 -0.171757988781904 -0.251076553398679
-0.010162444239403 -0.367331363487303 0.00967650273500623 -0.11189798881471
0.101009144536831 -0.286657650315862 0.0302165379673029 0.125770661958966
0.118199362175166 -0.284257564373585 -0.0835077769966641 0.3032205491781
0.208161608850002 -0.28761611912356 -0.317144125210945 0.346640073890059
0.389589983145394 -0.321949922499282 -0.393544392154475 0.309606133616416
0.18380302891148 -0.199920111738474 -0.638383273783765 0.115477759130833
0.107453995403414 -0.125939263052881 -0.30133804501156 0.093466856329166
0.188172495877883 -0.0565908347037481 -0.0297113724119755 -0.129380069571874
0.212295802225399 -0.120201217802061 0.0169820102199834 -0.312322394943552
0.132514625401341 -0.2519879909946 -0.0877922084218111 -0.523441807848565
0.00854749855828867 -0.289349058384235 -0.317348917745795 -0.588009495842212
-0.0691668404456224 -0.302907725643998 -0.460740719934509 -0.496074269820117
-0.104602633425083 -0.256676510228276 -0.45016987542705 -0.399177855129248
-0.0989596755844877 -0.253468208763953 -0.324687553150245 -0.378298172541089
0.00480363498105402 -0.227310213165424 -0.153915578481952 -0.325047870794246
0.0620215967372354 -0.159983693728956 0.0595305417565927 -0.134253283573607
0.0700759395105745 -0.070883840507651 0.02088294215583 0.162514759693575
0.0197551564926218 -0.0990858970790975 -0.169730509150068 0.307958089238396
0.0594124779869849 -0.176803727359511 -0.389435610156687 0.344525343493119
0.187607519459164 -0.220169976981249 -0.496839619031994 0.382316072367928
0.105738918577088 0.117497490609655 0.531997618908754 -0.47777128309725
0.125431433118934 0.0684625804021221 0.463730781869958 -0.373582245036129
0.103407668091521 -0.0490954273328282 0.234024272061051 -0.302853401754056
0.0107092139943301 -0.108967872148468 -0.0279790261586889 -0.230495457870986
-0.0738502852862981 -0.0589595429882553 -0.141453639472091 0.118775225914393
-0.0697801533939028 0.00258909501928619 0.0604238388615354 0.386040141566083
-0.0823168168290478 0.0429531052817339 0.31664931735712 0.450492410334087
-0.0768714665848931 0.0581878236329125 0.459943398350532 0.437719965728146
-0.0739927339631938 0.0532607829508366 0.4865699376876 0.488480698713379
-0.0788808622400618 0.0435004885230745 0.362034401790044 0.561260798762008
-0.104571051272992 -0.0108757114329672 0.132273910265485 0.549338519101292
-0.0818573047113894 -0.11876901297112 0.0107917813483894 0.301839160623835
0.024521659234369 -0.129063790849968 0.0689727478696701 0.0898583320202933
0.0919552416029745 -0.0475895636357303 0.27566011754493 -0.0668195995640241
0.0682430259225241 0.0294271242687458 0.620623256844785 -0.117695111654885
0.337586612806837 -0.063582109990681 0.454085710859816 -0.466675533882282
0.26240019644327 -0.107760442865322 0.425322014012819 -0.313280153526733
0.191688700150421 -0.217264351455083 0.255645276912145 -0.254877870781424
0.0633974096750645 -0.254319097046673 -0.0027331982086247 -0.249636344090199
-0.0764128513332392 -0.239181374367094 -0.171105028024306 0.0804099644162391
-0.139418656571272 -0.194696767987617 -0.0108426774764683 0.364536875203501
-0.227070198995425 -0.157470744120719 0.242357171357687 0.453398171894472
-0.254727710775257 -0.12234582694665 0.402839583344675 0.427021254982993
-0.263868183297808 -0.164351554640693 0.448739839022006 0.456706431308487
-0.184809835900022 -0.214438052864889 0.328481493927318 0.503171142164783
-0.127512204855761 -0.287546927184403 0.114509297340714 0.496404125823335
0.0251550747562363 -0.374982883192666 0.0138270773463129 0.259105332219951
0.192183877985996 -0.341889933877084 0.0925421735663656 0.0717807468800512
0.310491327796985 -0.177872043638137 0.266409153085939 -0.0743779566068527
0.330311606847915 -0.0979654240919856 0.567300600994863 -0.131924131221161
0.547868047768562 -0.238043234117273 0.309364237699748 -0.402795996330529
0.404481960664057 -0.288224984752537 0.357093688009479 -0.238330211724824
0.289738164699059 -0.390280853789602 0.251805282688182 -0.227786314641533
0.128690566291225 -0.401302498444009 0.000963754876120792 -0.275089650289133
-0.0610075880503792 -0.417156925888989 -0.199423763178019 0.0236660027451497
-0.182035165171292 -0.388469181033174 -0.0904233811731871 0.290603573252189
-0.334663316795126 -0.350782175937754 0.132545695749903 0.388286414627202
-0.397903908798402 -0.285362515302924 0.286369002316505 0.354185860904515
-0.427371738006257 -0.342389147837671 0.34432900003564 0.357706299405294
-0.292491012709332 -0.42065582176337 0.248521389983686 0.380885851327947
-0.182635984147789 -0.512606934635211 0.0895312039271682 0.392062644183981
0.0677054061304802 -0.597378053809123 0.0176399634960114 0.208329762181029
0.286569004739913 -0.537897105012634 0.0933905347759043 0.0796804674987241
0.457937528909974 -0.316088991847406 0.189276348159527 -0.036525486325169
0.52798610677697 -0.230757193555574 0.421280342966255 -0.104729406518537
0.690388200139004 -0.37197429449824 0.105224527353806 -0.290832507824579
0.509333139239189 -0.422953889561353 0.262011270766702 -0.144598556491299
0.389593915706296 -0.516760307060262 0.226626029350029 -0.225645966054891
0.213154206732664 -0.525389661649239 -0.0174800428012368 -0.313589426203132
-0.0236664786609031 -0.580815710102526 -0.230459311174828 -0.0604408249845648
-0.203167106909126 -0.555129539596361 -0.174360308900307 0.161794444366985
-0.398378661829132 -0.507387222783917 -0.0046725585425261 0.258560460894661
-0.484011399261973 -0.406790792668131 0.121786226724974 0.226505415510666
-0.527242509109934 -0.457438142589105 0.182993477287311 0.213675421547575
-0.362829216348466 -0.541894418462758 0.12228599514139 0.218526165353495
-0.231390583783695 -0.638946057235974 0.0458706367058216 0.252225748190846
0.0612990231123168 -0.716526819019769 0.0183644990579645 0.155741889946219
0.295140479272996 -0.651635174243985 0.0790405815402958 0.117214630865175
0.501162711118395 -0.421564885344718 0.0715484488178587 0.0555267723352172
0.628732946337643 -0.343911783341038 0.215024088095182 -0.0292627616881199
0.721572389182673 -0.431681996327884 -0.130517945145488 -0.151015823984691
0.536411353964774 -0.456735627215166 0.133582185959939 -0.0491847182273801
0.458163527888111 -0.531698121008636 0.172128482017373 -0.229779552078794
0.308360378755358 -0.571238182860392 -0.0443607139907777 -0.352021793598144
0.0353679938743269 -0.678450353496828 -0.247295997391305 -0.174667607445823
-0.193092032153304 -0.653580941804669 -0.253278372812724 -0.0200537744402043
-0.405759712211402 -0.595108432174672 -0.154056365698524 0.0754049410018571
-0.494602809345091 -0.466913131965466 -0.0650001451837159 0.064862576233591
-0.540783278211303 -0.499538509399011 -0.00475313752754989 0.0516347507844457
-0.359811169008261 -0.572580931400111 -0.02197033761556 0.0459151523964123
-0.220901342934424 -0.642576715519396 -0.000749307500526333 0.100877464104316
0.057142633241649 -0.68469308980218 0.0195757127485752 0.115849552607849
0.25097138812492 -0.630893500285287 0.052111404560436 0.179396639042938
0.448137101960732 -0.451240063686223 -0.0590824279135386 0.181695922229543
0.621549720190477 -0.410530094029376 -0.0115681528520929 0.0873255750048436
0.629410659491953 -0.410503730745829 -0.353766561752426 -0.0180150915113833
0.470117906190348 -0.38518949095838 -0.021082321353374 0.0239491135774742
0.462600072446277 -0.427435932881642 0.0893947152017227 -0.219167701249302
0.364105672531246 -0.507733454750341 -0.0574153210299528 -0.364452409037911
0.093581670415968 -0.659047370342951 -0.229278076604119 -0.305223364591485
-0.155681834895923 -0.641453479658211 -0.309773903557384 -0.228303381114184
-0.353034558298195 -0.588258404189566 -0.295775761377962 -0.130951369466387
-0.429029900100211 -0.459841874984004 -0.243563926378271 -0.104782406583519
-0.457549465956103 -0.472070724915808 -0.176353711137073 -0.107515488287911
-0.272499105786252 -0.517296098209726 -0.135472549887104 -0.112483315045903
-0.140283904603871 -0.536217190709679 -0.0199980654287851 -0.0298391479693147
0.0718244135779069 -0.5170577440038 0.0298018184885636 0.102720006055491
0.182314277937489 -0.48553068807215 0.00748612564048333 0.248044982211048
0.329607159915815 -0.398019136280965 -0.182419316760298 0.295501339480667
0.522890684359135 -0.408359275298998 -0.215454127293898 0.21694019338843
0.434381425690597 -0.327671486924043 -0.526291774455859 0.0835603297676626
0.315379988897367 -0.260818420361423 -0.176326713754297 0.07405296841804
0.369208921478362 -0.255619484361915 0.00715700529493114 -0.17960721045374
0.328055474763715 -0.349179150892448 -0.0397516498093663 -0.344874013379363
0.12054718781159 -0.506666140047313 -0.177478010014371 -0.425129453658291
-0.0920658653372102 -0.510166802977719 -0.339314122206553 -0.422826828739702
-0.242859498396272 -0.479708296862902 -0.411004083206451 -0.320329195569201
-0.295714884938603 -0.380312430914557 -0.383924263776116 -0.257548192131198
-0.301249226177226 -0.382863994052072 -0.295382206209941 -0.24678745120318
-0.140480280442819 -0.39297335538567 -0.18620466041447 -0.235594787378442
-0.0317721101144002 -0.358696721710409 0.00313347536353577 -0.113660453516503
0.0823914628162009 -0.28686348420521 0.0404637923962866 0.120631937962825
0.0978092319015416 -0.285491850156899 -0.0599817271002456 0.299102948430393
0.186290288095899 -0.297319847506263 -0.285612847749663 0.357421439656475
0.362763307304301 -0.343466873763072 -0.36943753413378 0.327875411450253
0.169893525849792 -0.208889181626686 -0.617005186307365 0.153827680189213
0.0965624648875844 -0.129101731635604 -0.288770749699828 0.113445721076109
0.18103593107925 -0.0675523960047143 -0.0393626896820866 -0.124662657726136
0.204009749072169 -0.131385417456929 -0.000852207780421105 -0.309462230353805
0.115469725982542 -0.25409343880744 -0.118402239771711 -0.510478788914939
-0.00994558467668448 -0.285063657211328 -0.348433565382588 -0.557368839127538
-0.0902134239520114 -0.293649290046775 -0.478895069488085 -0.456651287167595
-0.119720993719463 -0.246744562574227 -0.463841661810186 -0.366018074705342
-0.112907660522973 -0.241776772485044 -0.342231762673318 -0.351503667482602
-0.00937984752925954 -0.225014103374455 -0.172244767146515 -0.308130831402713
0.0518607001702444 -0.160076625529493 0.0500259926204222 -0.13695944436623
0.0651923164519374 -0.072960057328314 0.0337903728694745 0.158702680564373
0.0124976673786389 -0.0982507739026078 -0.146188436383701 0.311088069538594
0.0470394480536854 -0.178895123615843 -0.357410856114709 0.360329670552385
0.170701989248308 -0.228997609982937 -0.465352993910636 0.407467983250373
0.138136010325701 0.0648908959948905 0.320030436521926 -0.620315107064867
0.141385928230995 0.0112825742842929 0.29002314974167 -0.498579897477205
0.0756324536190255 -0.0851492978930449 0.115682822332791 -0.353416682473991
-0.0319642750640921 -0.104409500592813 -0.0987373392485647 -0.202629548591999
-0.0886334665153096 -0.0282836154190618 -0.086855963539042 0.154777947201534
-0.063707154968942 0.0286116127620603 0.189774652933495 0.330864108447683
-0.0595549664856362 0.0708061355303815 0.446648908722094 0.298576715570537
-0.0467102285410128 0.0805919933467538 0.569428980185029 0.238695236563253
-0.0498039507687386 0.0748315534808543 0.606916172744225 0.282416606720791
-0.0558508425935368 0.0635452946662579 0.519241564414791 0.392057486499566
-0.099201274737718 0.0275457245999167 0.31156492419553 0.451765910090253
-0.116354822595157 -0.0804419689173916 0.109397139608786 0.274779334861427
-0.0197175367462405 -0.128150782028158 0.0911436359440867 0.0608137820798692
0.0676274638780634 -0.0739099571870918 0.230740203789471 -0.152785818088503
0.0697534741003302 0.00761903025371994 0.52902878255306 -0.303856936646299
0.289890526839894 -0.19017151620349 0.253787453780471 -0.572749437842031
0.203250612307466 -0.201828218771578 0.279804805288394 -0.416817554538151
0.0954645585378302 -0.271683704747423 0.159308848694012 -0.307894953274121
-0.0368522999423035 -0.257382871384837 -0.0751492266015696 -0.224371230753215
-0.152985508221347 -0.191226124014911 -0.119064465253219 0.131925614056098
-0.195328168402786 -0.127415890864535 0.124521180228294 0.335943548517892
-0.26499951227585 -0.0644518472446378 0.388206010443507 0.330209645142551
-0.268187917269716 -0.0232044729987144 0.517889429810773 0.244880027642078
-0.296998730948527 -0.0587674173803906 0.565071834032593 0.265059151627206
-0.241575564938568 -0.138419777903953 0.475115237993126 0.354973456738666
-0.214465861724411 -0.218257547015293 0.283115815454791 0.414885079785438
-0.10483531021623 -0.353551795452293 0.0969838684426302 0.240316848622916
0.0620100303569353 -0.378159146457377 0.101300930622318 0.0364573834162447
0.22550574096024 -0.269843840364496 0.215489753569973 -0.158440467957203
0.27229662721941 -0.198531865976871 0.467044791626417 -0.306395922073196
0.422703718660651 -0.430574328329575 0.142783793854243 -0.452638064622097
0.267875100561976 -0.419319725092796 0.249617947000938 -0.314171648330043
0.121700557630597 -0.466210765561741 0.173460836986862 -0.273048057276263
-0.0307128508532691 -0.415278521850431 -0.0733004455086346 -0.243607905989709
-0.199390684265766 -0.359522620725655 -0.15637174151834 0.0910677010491597
-0.301433649999247 -0.29046873966356 0.0329675377434992 0.297322278529448
-0.433784568131196 -0.207254781246155 0.270859603750854 0.313293565176153
-0.453061860758493 -0.123501525472197 0.389466212612203 0.215449747839501
-0.506149277474251 -0.163866804181212 0.438344482804067 0.206852640186676
-0.410340480251581 -0.291270587406112 0.364443617920881 0.269118736236112
-0.340822062349495 -0.405193384799097 0.229834871090857 0.331440980554585
-0.140186608100881 -0.573297990599132 0.0850871430633064 0.196616888383801
0.0826001150434715 -0.588248973417548 0.10042912483576 0.0446071787906374
0.313774837578392 -0.448132208919654 0.152657359826493 -0.100223382031688
0.415114098221103 -0.387177470940936 0.335257738559056 -0.238945517833154
0.506095687086824 -0.605121229162243 -0.00563374491875366 -0.271254074524871
0.315559722604772 -0.580923833966011 0.198310303275874 -0.185324119618031
0.167618091283426 -0.618080381480359 0.156491027195528 -0.254489783446491
0.000538152901470659 -0.562131287950657 -0.0993451979584383 -0.266510430134997
-0.222840240231967 -0.520199428358408 -0.206823201033756 0.0280928960402822
-0.378482090510464 -0.436738441366505 -0.0821455520733492 0.211511882357276
-0.550273857766307 -0.330037024727678 0.105418861312424 0.246436945917076
-0.571310081786518 -0.205187084045287 0.200137658882433 0.156129056565094
-0.637810246914226 -0.232985214431137 0.244027680317097 0.128258225809129
-0.516775419020027 -0.378022785361818 0.19636698695865 0.16476437523547
-0.427290750420821 -0.503108989394969 0.144468755904741 0.219098453151671
-0.186352078573268 -0.681076437029576 0.0694733849127611 0.150470991794755
0.0533722473857518 -0.694931873258095 0.0984411451861404 0.0846092683356809
0.318819126815158 -0.561970351293225 0.0729651585623426 0.0232649872238228
0.469076575497612 -0.528639239443526 0.165869380720315 -0.102959067462274
0.514811098827036 -0.671468993194976 -0.172782579281076 -0.0598117000855069
0.327710292357793 -0.619999889204262 0.114473570283533 -0.0517843744666612
0.227614332030957 -0.657165037233112 0.10371302789312 -0.235858923760319
0.069507725363831 -0.640926058936772 -0.135787337170293 -0.286657921498181
-0.203345370279542 -0.632196304869872 -0.258234480761907 -0.06711786385842
-0.403722135358525 -0.531946758491142 -0.213596216856859 0.0747274227837972
-0.590517056985914 -0.411324894558077 -0.0939218385525402 0.134443209426315
-0.6028643946471 -0.257267359180783 -0.0246079263861187 0.0730561931162676
-0.660988585407534 -0.269289619605889 0.0183109780522479 0.0436531489308312
-0.525413188350542 -0.406571087221777 0.00767192457615997 0.0557235035375156
-0.419254980575329 -0.511140537094993 0.0491089676599084 0.0973478859910665
-0.180616910044011 -0.648197540740036 0.0587479749283792 0.111453107146245
0.0193415203596665 -0.660613834831502 0.0953331699346472 0.150515198256899
0.259924641093749 -0.571837941429813 -0.00532780257045645 0.182052856545837
0.441218503435842 -0.587765512259929 -0.00580132491298217 0.0767451237828395
0.439003056155439 -0.61505167893635 -0.331048471648434 0.13336374871804
0.292040477786654 -0.526889527254159 -0.00341301421945239 0.0625250438324539
0.269039408792519 -0.562383645614046 0.0240217092290197 -0.198026990654871
0.143813091008328 -0.603758815644696 -0.157124423881053 -0.2909671883245
-0.143333013794798 -0.636747701737829 -0.286854534280609 -0.1912262401037
-0.365829130014635 -0.535206254072376 -0.339134361980869 -0.0960785452947846
-0.539018422547856 -0.423176287505997 -0.297364085570232 -0.00413348642023513
-0.541837556990803 -0.272693576166623 -0.245825158201967 -0.0188435835884595
-0.574837816276197 -0.272045107031569 -0.1920001771126 -0.0426600977075294
-0.426092706327648 -0.38419808155954 -0.151218415665945 -0.0506200612215298
-0.30753767666779 -0.440707235143466 -0.0169112577784558 -0.0161698427138538
-0.108103262618156 -0.499283714935213 0.0639109443423878 0.0926908094385354
0.00448705753700052 -0.503670910727712 0.0812556408877668 0.226682049961329
0.168305340935977 -0.483137715343759 -0.0786921923344357 0.327307823405896
0.351705364367969 -0.552435410998897 -0.147727310522106 0.260867526118149
0.285872111049255 -0.46389227196355 -0.453336377921839 0.275447767597658
0.19630762563679 -0.352562296485912 -0.13199026652042 0.149701983486004
0.245845869418116 -0.369058152194497 -0.0473520203074091 -0.141483429645156
0.171559119220056 -0.445754412949879 -0.141644067521957 -0.282657878384795
-0.0656971733162916 -0.507933579445801 -0.286819418102005 -0.320646673533428
-0.263170920699951 -0.438471870665169 -0.43820485398566 -0.263141250993414
-0.400109818099317 -0.362866539480508 -0.473107689922921 -0.139031984083341
-0.398913704407478 -0.246054671443321 -0.427731511245829 -0.10640311201449
-0.402890136931735 -0.244421872545381 -0.347344813026751 -0.129005336926007
-0.261073413417033 -0.314144541182682 -0.241432035273466 -0.146963648373822
-0.148224193972518 -0.315742576014699 -0.0297492552800273 -0.100283258517925
-0.0198820148985817 -0.291288712343485 0.079238268655607 0.101834773865527
-0.00545250588793136 -0.293024649675487 0.0403783800117752 0.294525700601003
0.0710747843141385 -0.341101312029579 -0.149560118903874 0.420532712121924
0.225454723460332 -0.44259261604173 -0.249422967099041 0.413132346294498
0.0835502577630012 -0.253661442719289 -0.511425742572594 0.357933977118456
0.0412441914173944 -0.150433978494716 -0.223643522516182 0.21065094820102
0.141839951352389 -0.127839201609936 -0.0795544203796412 -0.0881000685868925
0.137510857903829 -0.198848896337002 -0.101476400275002 -0.273172508835526
0.0168372759523175 -0.27807460893905 -0.272650972507412 -0.423509153950705
-0.110581910401136 -0.263459494171585 -0.501662282639196 -0.385327692318479
-0.192716842364536 -0.243808263057066 -0.591313897362667 -0.242441756201931
-0.195300475961845 -0.185303677845677 -0.54353644748102 -0.175503995758472
-0.184677020704906 -0.182869352469732 -0.426928789514348 -0.205054000925305
-0.084844098171423 -0.203110697795215 -0.256149419944928 -0.219817890798174
-0.00483471820581063 -0.163035819650206 0.000715672794128874 -0.138816259783666
0.0360093955737646 -0.0882380045079935 0.0846552469787493 0.135512148109087
-0.0204457986087681 -0.0936185334762916 -0.0307400556593716 0.332882891288062
-0.0155036057632868 -0.18344139942007 -0.210831588206623 0.446382854036965
0.0853629687144974 -0.273281141447111 -0.305632232413409 0.519814786274875
0.13808083877321 0.0601074393341582 0.294961316087518 -0.623610212386004
0.140624604119689 0.00688012075786533 0.265931518308192 -0.501212478632588
0.0717224854218563 -0.0868718368181219 0.103326797120731 -0.354362765470441
-0.0354236769222748 -0.10261704097914 -0.10518059792379 -0.199592369492951
-0.0893601863625825 -0.02718799795613 -0.0805894327782637 0.156288150648055
-0.0643856362142526 0.0287962311264842 0.198531756923984 0.321184152322293
-0.0572926949707179 0.071350543947888 0.447451122753425 0.282381318788123
-0.0426762306205672 0.0821227332398509 0.565780131030322 0.220767592277808
-0.0468170850813378 0.0768140326604669 0.607572098526889 0.26243256423072
-0.0534729458528768 0.0640838921939816 0.52598633764042 0.369564869349885
-0.0957351580208642 0.030810578096537 0.322776065351885 0.435931086513535
-0.118476318825625 -0.0751955300131284 0.114901470676455 0.268681015026973
-0.0236696088317822 -0.12733201588232 0.0909496159669916 0.0562765326122102
0.0657574831230421 -0.0753044852324655 0.224528897841944 -0.158488214912625
0.0693636937634042 0.00535302214194859 0.516518625143856 -0.318098964193029
0.278670753863187 -0.199478294875056 0.230756240460045 -0.573093793308115
0.193918966936818 -0.206506352419849 0.261125132065423 -0.420308788269484
0.0848678162972493 -0.271723919578656 0.14876263310135 -0.311596943419557
-0.0442669899746972 -0.254054847895884 -0.0827904855585443 -0.222566798945195
-0.155806530874418 -0.18544097573009 -0.112886114631563 0.132835042930291
-0.199532640556204 -0.122389173151156 0.133189445940662 0.329502947199405
-0.265195864988873 -0.0557200140697171 0.390410684195626 0.312231877574546
-0.265556064899724 -0.0134789467409973 0.514646331090414 0.227583777583771
-0.295609793846139 -0.0461965398567962 0.564921279255971 0.244652121904492
-0.24449696191323 -0.131626017632949 0.48084350784923 0.333568901453356
-0.217559946156264 -0.209025452788901 0.295885528574368 0.39996606681672
-0.115435005730168 -0.347572223692012 0.102047823466608 0.235140043424744
0.05052862228451 -0.37699468808328 0.0991608131850131 0.0296881091856254
0.217130123727348 -0.274326927920805 0.208724036261137 -0.16467295926102
0.262702568776011 -0.206355152774086 0.453135633075748 -0.316457697186419
0.402615759518506 -0.441745432678048 0.124622045096909 -0.450501207310101
0.250580328738927 -0.423017092367567 0.236300255419392 -0.315237212649871
0.104020286088706 -0.463816376838793 0.163538722546342 -0.276926686027933
-0.0427696116287242 -0.412339075555822 -0.0829502059508063 -0.241528872905683
-0.20716798506562 -0.348570810685486 -0.15138429730811 0.0936915737608939
-0.310178173674862 -0.279879035444393 0.042101026961347 0.294930823425351
-0.436318346769813 -0.19059522490068 0.27406314026828 0.299083857865632
-0.451215769032394 -0.106691300519943 0.388794558881865 0.202200463818225
-0.505910533209238 -0.144264947733873 0.437898604719156 0.189905216701297
-0.417317595936024 -0.278562602585513 0.368238275462461 0.254155296444371
-0.348518526614272 -0.390099528400943 0.239827855083224 0.318025689282055
-0.158251436881736 -0.56444404148024 0.0887485537716439 0.191729579615586
0.0635232075370232 -0.587042141326934 0.0985610920837897 0.0361748041384919
0.299717577165149 -0.454108281310775 0.148042614387271 -0.105040985167564
0.397853467879088 -0.398709159694637 0.325064671660633 -0.24623530605887
0.478252994837678 -0.618562606438344 -0.0147111969495661 -0.266304098652279
0.294047934293813 -0.58365851114607 0.190833573964043 -0.186893074058036
0.141250282787444 -0.61685468377716 0.147814096268968 -0.257439170067425
-0.0173640320698287 -0.560149153598095 -0.109658584799292 -0.262239186718244
-0.234550243067439 -0.507389225364198 -0.202886442555102 0.0329043877613822
-0.391994721190472 -0.421465690092407 -0.0744033858195092 0.214330975008141
-0.555823777114169 -0.308918241709125 0.109610047565885 0.236010743490578
-0.571208389102008 -0.183125221082625 0.198938145085626 0.146701851624539
-0.637893472080107 -0.207844411736734 0.242488403186407 0.118849471599297
-0.527853516635043 -0.360526551118441 0.198729524097853 0.156214874937988
-0.43722072793818 -0.485423188656775 0.149910058415067 0.209080847774253
-0.20745285626224 -0.669859812742539 0.0718638347523206 0.146137828884627
0.0313453059285405 -0.689714731288904 0.0970393489360762 0.0743983558677293
0.298522569132747 -0.568417817249699 0.0726303915209724 0.0190522747136599
0.447480267975463 -0.539754573980601 0.159947638390639 -0.106840271372281
0.483884264280488 -0.682901182491851 -0.171551213166965 -0.0534281172668405
0.304453399243375 -0.62219776868085 0.115107110901303 -0.0533465421463564
0.199766542118015 -0.656272004566614 0.094765896462763 -0.237028848292484
0.0503714388107178 -0.639916997335396 -0.147075427868199 -0.280837864135987
-0.217998560630314 -0.617814556203515 -0.256440171705867 -0.0598680947520137
-0.420952330251254 -0.514343325896955 -0.208827133249656 0.0839351025950788
-0.600436893418126 -0.386693486806773 -0.0885052776392689 0.131601935347645
-0.604971326205578 -0.234199362356978 -0.0242975235525587 0.0714381344908188
-0.661072698515062 -0.239701793677479 0.0167228729208337 0.0427088617317295
-0.53457026768498 -0.388628764753548 0.00791830224639566 0.0552756099122112
-0.428544716855602 -0.491270913834114 0.0504715053899018 0.0907909605724563
-0.199479655123757 -0.637160183795758 0.0611730432652043 0.107190177155372
-0.00190811864960234 -0.65396045218558 0.0967767764581267 0.138939518343016
0.239785692659091 -0.576286415348715 0.00119062545387382 0.177427225421375
0.41760767037038 -0.597714043749324 -0.00389360048932779 0.0766889492896647
0.411835696903051 -0.626886158937016 -0.320686713991384 0.14219637765142
0.273128306872487 -0.527809773958231 0.0022198124471336 0.0615606106979748
0.247358433632528 -0.564061408532438 0.0163505583500099 -0.196970170794339
0.125809553628769 -0.604914687638553 -0.167294892855951 -0.284133990486185
-0.160324414467195 -0.625110839969446 -0.289225537616898 -0.180731205072679
-0.380688424171776 -0.51856041154113 -0.337871129202073 -0.0813664856346944
-0.550223441707024 -0.399008832917645 -0.292099006707838 0.00131857812655967
-0.547012117223185 -0.250851830344239 -0.244345262055676 -0.0125670668393229
-0.57744721501573 -0.249364875458547 -0.192429234562743 -0.0355522210150814
-0.435644243938658 -0.3688163899608 -0.152411244005617 -0.0439326803430148
-0.31500341810507 -0.42518167642002 -0.0184869999835492 -0.0186413385939771
-0.121077257579559 -0.490531526382223 0.0665598466064775 0.088187751556447
-0.0129129060409829 -0.498335331000149 0.0863866470237489 0.216087549542386
0.150672677589353 -0.484840676222494 -0.0666518755044943 0.323621158828635
0.330060975936147 -0.561667419697706 -0.138709673490011 0.263973148970091
0.26821851389518 -0.471553140836481 -0.4371893934644 0.285379956445657
0.183802830245287 -0.353023559947155 -0.122993823343511 0.151420657115873
0.232001489566869 -0.372933723092618 -0.0528551880436623 -0.137336041180591
0.157676396004835 -0.449397189678022 -0.150519974398811 -0.275235713292871
-0.0788498897624708 -0.502110743841917 -0.293660047442166 -0.309564306253607
-0.276339565255715 -0.426476229471721 -0.441404826845289 -0.246092639669921
-0.409512701474092 -0.344602429864317 -0.469437110139661 -0.126336723622524
-0.403997826710504 -0.229468861014523 -0.427005065296469 -0.0939415128055013
-0.405969889489278 -0.227630211495354 -0.347094326774783 -0.115298193128258
-0.268769888400184 -0.30522969291896 -0.243286429635307 -0.136125355309482
-0.154415819208554 -0.307250381512363 -0.0331903159022596 -0.100547856071656
-0.0281355661438909 -0.286119094400679 0.0838807025126434 0.0968741037388111
-0.0153676003207086 -0.289434974376569 0.0488299824141107 0.28555360436134
0.0588772676117023 -0.340499366586679 -0.132825722086224 0.416407758062905
0.209493175752178 -0.446609108362203 -0.235357831608436 0.418885395057358
0.0754441059014583 -0.256589854334182 -0.494200764212665 0.366091981576291
0.0358614750844702 -0.148141975978481 -0.213299273727747 0.214031610622237
0.136293946772058 -0.130787634320788 -0.0829283077457462 -0.082081002278522
0.131675540238194 -0.202201645566636 -0.108957155057015 -0.266408251804513
0.00875032558743345 -0.275884365113627 -0.283461393902678 -0.411247495913065
-0.117939359101412 -0.257386729931747 -0.508387555846289 -0.365818290151615
-0.200333549746254 -0.232795537721189 -0.58781959994803 -0.224681623686987
-0.200805806969947 -0.176207023053904 -0.540290892174188 -0.158601477973041
-0.188180449957996 -0.174155788837677 -0.427866806787937 -0.19028156582687
-0.0906881540895996 -0.198891137887295 -0.25878655912376 -0.207516000798934
-0.00891766447570589 -0.160984441008368 -0.00371749066763021 -0.137538066042083
0.0335454061864297 -0.0873128927532024 0.0916857804082296 0.130804556531053
-0.0238422008154433 -0.0922669018582333 -0.0198319639646321 0.327936608741508
-0.02229769521607 -0.181691998826348 -0.194087318241464 0.444315955483354
0.0767842470356804 -0.273390379410969 -0.288226832767997 0.524250488236433
0.140224118195974 0.0563041585484008 0.274387877632527 -0.63786998006934
0.141962380931527 0.00139261861560868 0.247440518867238 -0.511814761680329
0.0692048195205994 -0.0893391492469549 0.0921955280698178 -0.363848803309991
-0.0407430656492088 -0.102238409923804 -0.113373508141887 -0.200141637205516
-0.0922185079444982 -0.0264865828062851 -0.0756759645027297 0.159499625466282
-0.0660695432446287 0.0296602481493965 0.210625978743722 0.317970048662185
-0.0561138996599763 0.0740158820066874 0.455527412812838 0.271578662482861
-0.0387572055978822 0.0844793499854401 0.572717710799393 0.208086397794508
-0.0443355151996995 0.0802004468040841 0.62008688690509 0.245146334068536
-0.0514473136249432 0.0662151622498583 0.542173423656989 0.353476787852907
-0.0941894247654772 0.0343427808328341 0.341593993039732 0.428152495913608
-0.122422446982559 -0.0709092813424277 0.123258480950216 0.268052143176699
-0.0278402992190809 -0.128445791769749 0.0929082003870064 0.0531845684786132
0.0650327222821241 -0.0783490528700943 0.221748548174316 -0.166746899735063
0.0692708062795519 0.00324936683077892 0.511715488990358 -0.339000729709191
0.272182528832629 -0.211731533497375 0.212885639219608 -0.583070700248464
0.189238761011178 -0.215434470747564 0.245818104450287 -0.430091363242135
0.0746140086149165 -0.275874097655799 0.139417010408877 -0.32077987045802
-0.0534365223337602 -0.25553432245329 -0.0932202292309114 -0.224752757308669
-0.162789013539925 -0.183219801552285 -0.109262591126233 0.135930561281583
-0.207661203003374 -0.1185008135081 0.145925213858661 0.328543308641626
-0.270397994298214 -0.0472409693432228 0.398631132249342 0.303732842643473
-0.267202110369138 -0.00390900749618297 0.522679085338125 0.217350597282832
-0.299140324941576 -0.0356482714370267 0.575748042259973 0.228578192827057
-0.252242001074781 -0.126699149728647 0.494261037723799 0.319433699153377
-0.224530109035014 -0.204269544812859 0.311162874336705 0.392572460101227
-0.128449177495858 -0.34762278074323 0.109216504797116 0.233999418899888
0.0383793586407554 -0.383492865374442 0.0987414239710619 0.0245911931866736
0.212268322506781 -0.285743032797311 0.204416501531583 -0.172609630413041
0.258702676752557 -0.217592656070207 0.448787938985656 -0.335961176157679
0.388355754116478 -0.463070569645878 0.10962335240206 -0.456246107249806
0.239416762473756 -0.435786183499233 0.226466491553604 -0.325221959458455
0.086756267995973 -0.470229526248937 0.156924694415437 -0.285723251724706
-0.0583607943219469 -0.416541580233413 -0.0940222822115842 -0.243452913471061
-0.21788259455301 -0.344684365040978 -0.149529494287608 0.0966567990638766
-0.324142626620766 -0.274954532320583 0.0518766456571227 0.297124006099008
-0.44786554954564 -0.177138041920162 0.282119930040341 0.290866234885657
-0.45757358631571 -0.0921193116734631 0.393045627611804 0.192632345056663
-0.514644417083174 -0.125259272926917 0.444294052579126 0.176665321617023
-0.433086989260314 -0.270263023386709 0.377173272225547 0.243399395799968
-0.363201244854453 -0.383603094796159 0.251718007402125 0.311143458169968
-0.18030607083436 -0.565024308142705 0.0944538596539937 0.191259754368357
0.0457729399518296 -0.595081596565591 0.0967474577942336 0.028405770344376
0.29002235739512 -0.470885930699294 0.144994022242822 -0.111441040400189
0.387793039103004 -0.418419171402384 0.319790456835758 -0.260627919841941
0.458014646308903 -0.644859161852772 -0.0242105492802641 -0.266843912241776
0.277182568611336 -0.598458061731879 0.187214643697489 -0.193194373909587
0.121846649971874 -0.62588094102986 0.140689340892309 -0.265219111280114
-0.0348135957449359 -0.567317228267466 -0.122246020613226 -0.263455120837962
-0.25010046354439 -0.503120266973877 -0.203579783658121 0.0377557580154816
-0.41158373410661 -0.414101465969158 -0.0687031183011088 0.221158108202829
-0.573318354624845 -0.290613906798119 0.115098223289926 0.231971991391178
-0.580133342935553 -0.163637651775199 0.201170276592791 0.141246744021236
-0.648088017713318 -0.186090898720899 0.244133469876784 0.111699276391695
-0.546382942499273 -0.351660912995238 0.203284586221732 0.150728505769435
-0.456428111499423 -0.474905393994953 0.157213079424957 0.203290425181441
-0.231091542692419 -0.670114578648493 0.0757966241232893 0.144189816926841
0.00894460638320014 -0.698856911525566 0.0960914083617574 0.0667251415065609
0.286763590516922 -0.584940458538265 0.0726295246611221 0.0149806120680493
0.435088250376929 -0.562188194097144 0.157781073171085 -0.11311916185416
0.461977306445145 -0.711988688356157 -0.174236180312168 -0.0471378758692948
0.287807129079524 -0.635123420112406 0.116250923346879 -0.0573071439109912
0.179620061508554 -0.66685176457452 0.0882024236696719 -0.242441361813599
0.030032127966771 -0.650315588958915 -0.161016715912479 -0.278726220805687
-0.237003532992411 -0.618064432587523 -0.261482634035121 -0.0532111884527769
-0.442991631605383 -0.506149643057129 -0.207887062417851 0.0945097931074799
-0.618894344352585 -0.366444911021788 -0.0863672955945107 0.131316034120905
-0.617834081101036 -0.213899560887932 -0.0247940430143972 0.0716332168151072
-0.673922539446632 -0.217507383470055 0.0159719772626522 0.04302098980551
-0.555139673762894 -0.37765991784626 0.00783264050541911 0.0556947074178695
-0.445614609197846 -0.48213387993667 0.0523322481580422 0.0873028636210917
-0.221532655313646 -0.636232507033141 0.064478327130396 0.104719471949141
-0.0242508964557244 -0.659271961271569 0.098352337735403 0.131013482792748
0.22497369035761 -0.590191443107416 0.0069119203816973 0.176268757728109
0.401457255142634 -0.619665038164247 -0.00268276797350122 0.0782699553753348
0.3920609281716 -0.648685271910901 -0.31737751282629 0.152433525375988
0.259864820233874 -0.539550726272799 0.00670475979948498 0.0608851424345483
0.229970410993994 -0.576427703116648 0.00910237094470849 -0.198408004975691
0.110088433495901 -0.617737838367997 -0.180517466883884 -0.281893020190113
-0.179462378901764 -0.626650598158112 -0.298338131637059 -0.173900347893337
-0.403916683688137 -0.512477948960827 -0.343173260866861 -0.0683312910400214
-0.5689936835241 -0.382163680067662 -0.294375457070561 0.00707670947105741
-0.558622111705085 -0.232844895999983 -0.24825688958563 -0.00676190776145107
-0.589040655631481 -0.227783723369993 -0.195710191966865 -0.0288955089642018
-0.453239523503818 -0.359926775824719 -0.155996130177976 -0.0385313453647643
-0.328079799201461 -0.417597026429077 -0.0212223280579498 -0.0204650938248771
-0.139008363670164 -0.489760709173153 0.0712233147523421 0.0847512801376121
-0.0290717158601758 -0.500757414922052 0.0924017992885419 0.209524920095375
0.136887853924354 -0.495221351575709 -0.0561940327895267 0.324487841833591
0.31464385611145 -0.580428618329615 -0.132943459827703 0.272520804140475
0.254605089692302 -0.487990004485215 -0.430216268533194 0.298993927265431
0.175314859079258 -0.360321585402788 -0.117238805649687 0.154400522134194
0.222448314044936 -0.382611988088834 -0.0591104824574813 -0.134704825664499
0.147292266995494 -0.460694191105766 -0.160919528534713 -0.271706184825239
-0.0940521966425241 -0.504738294669156 -0.306111235048792 -0.302988202306781
-0.293091513983636 -0.42231621651212 -0.453344497545362 -0.232852940787026
-0.426635669881989 -0.330359284024272 -0.474077111137333 -0.115677511564885
-0.415199787631905 -0.217762886956416 -0.431862794340235 -0.0839696315773394
-0.416988321087091 -0.215222099303999 -0.353404511055321 -0.104207934963857
-0.281765656753712 -0.300907276602452 -0.249627888348903 -0.128191771575813
-0.162662745085726 -0.30483606680815 -0.0381070947692183 -0.101558870128512
-0.0363758589242074 -0.287466810443717 0.0901620198472713 0.0936483634255468
-0.0261395751354053 -0.290738525071693 0.0571866555411506 0.282265020785647
0.0486045308392358 -0.346001440222313 -0.12087417714134 0.420211310260434
0.197910100868031 -0.45861268049852 -0.22402001801847 0.431425045756029
0.0677491629197255 -0.263342072871577 -0.485370386201133 0.382900853504327
0.0314368965131093 -0.148515978943749 -0.20761373234643 0.221211596898799
0.133911512412041 -0.136569559477592 -0.0878166498647484 -0.0767900619741365
0.12769493581527 -0.209050692078259 -0.115890906657122 -0.264001321143749
0.00148617538762116 -0.279557533730282 -0.300163203250679 -0.407186000152076
-0.12794668249509 -0.255651197166165 -0.525127550265446 -0.353828320989016
-0.211186729915428 -0.226523542645277 -0.597348860600609 -0.209542546043447
-0.209379416060984 -0.16993661364154 -0.548676301794346 -0.146605914452117
-0.195493137866596 -0.168461953123644 -0.435433201860816 -0.178430433140779
-0.0981344478986046 -0.199868591381185 -0.266333993698508 -0.199522791204942
-0.0128680036288292 -0.161608643853748 -0.00796623781004922 -0.138999563179793
0.0316509945874303 -0.0890181165772263 0.099448053628207 0.128264263007579
-0.027754067210896 -0.0922941914116768 -0.00985114287493588 0.328868802673778
-0.0279010399541673 -0.183174516925287 -0.180285010313099 0.449366409720959
0.0698261950064005 -0.279896863701992 -0.273451821049639 0.541379376670939
0.144783056611495 0.0500400324819205 0.245145569305488 -0.661444020220423
0.144664470273897 -0.00693700415716104 0.220806118924472 -0.529091718111893
0.0649989814929257 -0.0943743346209565 0.0753834698278268 -0.37642594790906
-0.0474788970913486 -0.101322656988887 -0.128145169174128 -0.200682082814031
-0.0964220137448203 -0.023502044949493 -0.0688238128498347 0.164851543651749
-0.067944281548254 0.0324888768875377 0.231775749013691 0.311933234481772
-0.0544029185765691 0.0778585877555066 0.47302211784701 0.255617684640624
-0.0343779818914081 0.0878435519234621 0.590706375026298 0.188984029991773
-0.0402286794498114 0.0845218184687033 0.63997026204038 0.217647632958748
-0.0487017680578241 0.0698852135499083 0.569004811097049 0.330800909009036
-0.0925353973448508 0.0395304968022857 0.368646256777077 0.417803029895216
-0.128358390798669 -0.0649663568814274 0.137459815569997 0.266370301799173
-0.03480458797811 -0.130529107501289 0.096101151807623 0.0491620437030168
0.0630590662528224 -0.0835753896373944 0.217996496460995 -0.180388156089655
0.0693927461473577 -0.000219421529579274 0.5035162015798 -0.372185861058845
0.263389582993147 -0.232070449719704 0.18433210713042 -0.602056503992904
0.180698374227158 -0.22983986174653 0.224263781785332 -0.447419349995143
0.0610481592771301 -0.283466776064207 0.126405029836568 -0.334491067932973
-0.0676126754709205 -0.256707302955074 -0.108444801403372 -0.226502840004724
-0.17434533186748 -0.179168038572512 -0.105317724046736 0.141253656553244
-0.21972425262805 -0.111792933795754 0.165085000866863 0.326267389108205
-0.278209456440389 -0.0324733245108586 0.416624495686242 0.289730267812583
-0.27051678694578 0.0090521955248637 0.536013057010804 0.198164145613415
-0.30527221484409 -0.0192990352949946 0.593859627344288 0.204610331385336
-0.265174439800469 -0.116901349366728 0.516904440801654 0.300670857320534
-0.23691132318553 -0.197273246928051 0.336254946006542 0.38223287244428
-0.148721382606492 -0.347380894900968 0.121754293395535 0.23295531202786
0.0195607645265571 -0.393553176745424 0.0998888316454863 0.0180461551233217
0.203479205497454 -0.302394936599542 0.200113858912224 -0.185703618796473
0.251097940037253 -0.236781880761783 0.439644614275718 -0.36589065865752
0.366697117920907 -0.494024396999066 0.0876018419383566 -0.467378828132594
0.221759537901424 -0.456572613334026 0.211709804386106 -0.33923622662387
0.0623862562408717 -0.481865890634965 0.144725052552849 -0.299880818440841
-0.079294114818923 -0.420344067629905 -0.110978603542895 -0.245568300212209
-0.237326746587916 -0.3422957720376 -0.148110185973231 0.103981316674288
-0.345911662339237 -0.263993103432878 0.068352034072314 0.300762186078843
-0.466174397159593 -0.154967939081856 0.297893878581779 0.281608092064107
-0.468246609836993 -0.0691705880516861 0.4040041453824 0.17978647620531
-0.528071468553243 -0.0992182394459527 0.457740356376626 0.158827467968435
-0.457042749237321 -0.2551471170617 0.394753518482681 0.226807152816599
-0.387230199407347 -0.372460962438619 0.270962829693746 0.302061128915999
-0.212708174539665 -0.568392625714699 0.10468287716268 0.188951466703734
0.0157896122961123 -0.609049538039243 0.0962415969298995 0.0210250126467779
0.272392438869218 -0.49675824240062 0.141027525343046 -0.120728498490465
0.372496936140865 -0.448495305735887 0.311663731050523 -0.282756885879385
0.427008694652532 -0.684173529059975 -0.038145564439312 -0.267000186698491
0.249963951208035 -0.62391351357188 0.180339392229593 -0.204934846758774
0.0889910327879483 -0.639065052003731 0.131316707964048 -0.278097422069396
-0.0640511758794693 -0.576073114526933 -0.140274326460783 -0.263425771859652
-0.278457868204787 -0.500239389840227 -0.206209181307238 0.0462513825395837
-0.441924932339983 -0.400568956233274 -0.0587979104263929 0.229529018372184
-0.599895803244776 -0.262302575645286 0.12586915111078 0.227920581826336
-0.597329824152386 -0.136674475406336 0.207184847156554 0.134585056991546
-0.666837034763431 -0.152378979060754 0.251819465359388 0.101713005485813
-0.576501059949154 -0.33172073636826 0.211608294351167 0.141747678275696
-0.485084281655957 -0.461234783110558 0.168406798290971 0.197452146725299
-0.271378700994111 -0.672029838641269 0.0836058088538146 0.141849310660176
-0.0286460579479598 -0.712228114241462 0.0961509231426405 0.0582963082007239
0.263203458751079 -0.612233182296752 0.0737599460307493 0.00964755630161074
0.411965637889811 -0.5997655639395 0.153009533664361 -0.124226411195843
0.428136881456013 -0.752424586155552 -0.178861137231219 -0.0381598412524853
0.260271779998388 -0.660739690787183 0.116687093647835 -0.0647901597831168
0.146076548992017 -0.68756741819299 0.0773904732948567 -0.250690126238452
-0.00015311872596405 -0.665365795171947 -0.17939683135111 -0.276743119592325
-0.270289978552375 -0.616009010096311 -0.269475756792059 -0.0424964824655636
-0.479112372033588 -0.492175676197094 -0.206506578217248 0.109511418543535
-0.648871245864062 -0.337165350037999 -0.0827620929751062 0.134676896074734
-0.636795074744914 -0.185240229279226 -0.0255780888560985 0.0738359381796665
-0.693650643338212 -0.183692431374004 0.0168829947799835 0.0431153449580112
-0.587373547984236 -0.359467286595621 0.0083233265157168 0.0567386522239547
-0.473772550943772 -0.468002806826806 0.0552864270641875 0.0841515516543483
-0.259056037984305 -0.637156921862774 0.0710378569559447 0.101565256264862
-0.059138168328117 -0.669267220420894 0.102303865422926 0.122948701984285
0.199116374929878 -0.614679138691788 0.0139710064622475 0.176308072884601
0.376299620740264 -0.656034811998181 -0.000199879801780876 0.0798615036385152
0.359608850116478 -0.686455660435026 -0.313838195299075 0.170288542458662
0.239820553976849 -0.559833810180677 0.0108694098973998 0.059421134126352
0.204894986302335 -0.597478002181882 8.78961382218135E-06 -0.200967322527257
0.0813958780856628 -0.63841722698404 -0.198863281337894 -0.276424669689473
-0.21143819107055 -0.62974814700494 -0.313002721826517 -0.16201393018223
-0.438301583337786 -0.501969659612277 -0.353969177201751 -0.0497477381999119
-0.601433850807236 -0.355907941171436 -0.298316561705283 0.0178385436588677
-0.580405286249675 -0.206334344720673 -0.254585806685705 0.00347686465922174
-0.607502013141397 -0.199492695605491 -0.200751781198857 -0.0192474048366508
-0.482892694043707 -0.345965870379993 -0.161483014221146 -0.0302293177022238
-0.351755903716198 -0.408519623459156 -0.0249890904930482 -0.0208018454294122
-0.164512405540882 -0.49129985557489 0.0778905785529546 0.0801623835481934
-0.0574208797619379 -0.508343624526389 0.10122882401235 0.203002744882928
0.114601526027295 -0.511895765819742 -0.0418623642645129 0.329077549917049
0.290191951086663 -0.609738704151691 -0.121457602445434 0.284762699757557
0.230333725530965 -0.513795490049239 -0.421416748559919 0.324796249071462
0.16183007947864 -0.372106561088411 -0.111193761368259 0.160791628905038
0.20688499349955 -0.401587901498549 -0.0669826383726542 -0.1314351064444
0.128028148088237 -0.479067855536709 -0.176931963416224 -0.26785107507448
-0.119738334819516 -0.510539416368133 -0.328307441361492 -0.293456792825824
-0.322526473840086 -0.414011522096062 -0.472956894236097 -0.210642377809507
-0.452222306079558 -0.313088819222823 -0.487805321722442 -0.098476147824419
-0.433950800021818 -0.198564673496723 -0.443663238393685 -0.0667122219801217
-0.432433568847621 -0.19463723731157 -0.363347216296022 -0.0888121069226575
-0.304935143199968 -0.293798890296382 -0.259695377589409 -0.116664389444695
-0.177705811161196 -0.301492488268572 -0.0447459898607154 -0.10207272964543
-0.0510034490184293 -0.290304897436044 0.0986951685454374 0.0883586771574156
-0.0437186107132556 -0.293725432670716 0.0707802409960701 0.280344751554278
0.03228643783692 -0.356285785132055 -0.102044204916924 0.428770150509771
0.177717121072394 -0.482140927231552 -0.206584532085676 0.453643702598879
0.0542898321942149 -0.273862365641443 -0.474082185116403 0.410257974298352
0.0254921257494231 -0.149823224422675 -0.200281329991668 0.23451317157492
0.129955194624279 -0.146738818174304 -0.0935868635725071 -0.0700928539303231
0.120969153282411 -0.221426438757689 -0.129437765228446 -0.262187764282491
-0.0114101841386366 -0.284334862805546 -0.325825232936972 -0.399372605332137
-0.14421742709987 -0.253284456238718 -0.551195621381172 -0.331493792527991
-0.227634848285656 -0.217406435073171 -0.614744124028895 -0.187228966960393
-0.222306654759418 -0.160819831242722 -0.563695009741309 -0.124996982877328
-0.207232421693649 -0.159722508453439 -0.449477789865781 -0.160260966718531
-0.112027300593972 -0.198720068848805 -0.278992724149569 -0.188413012691814
-0.0197998559165753 -0.163768854112786 -0.0141629334116182 -0.141032863413443
0.0286823251696197 -0.0921324868425962 0.110337395341663 0.124196286924523
-0.0345550982993114 -0.0926726286019081 0.00510171151842707 0.332164195171949
-0.0375095290339203 -0.185954495869237 -0.161469856934378 0.461508778924449
0.0575940642933243 -0.291489333796677 -0.250905457934683 0.566768139415617
0.147999940535977 0.0404281803745157 0.199704021326746 -0.682969443602817
0.144758092867569 -0.0178846188678365 0.183533632405364 -0.545178350875174
0.0596330543749189 -0.0987789546127539 0.0500352519342304 -0.386222799454536
-0.0544170852063518 -0.0976298641772994 -0.145734704852583 -0.195834370398558
-0.0999042640160306 -0.0178160653911051 -0.0586485008069674 0.169062058018897
-0.0684431415471558 0.0358585820508924 0.255149217507003 0.296822646067491
-0.0501349662123601 0.0833729777693508 0.491865647695115 0.229755825885546
-0.0280530771683183 0.0907206689949505 0.604099669927777 0.155812724339382
-0.0332252336046162 0.0880937079830542 0.657233822788074 0.177624586735414
-0.0434068658862 0.0735314124480632 0.59397998115418 0.29214560463856
-0.0896957793241729 0.0458076690436748 0.400358672973709 0.395279882996048
-0.134246464840107 -0.0548057006279774 0.154689122511084 0.258682083820855
-0.0449693823994366 -0.130193780043789 0.0993102610400042 0.042860964888413
0.0579805559439316 -0.0883806198225619 0.208515242285658 -0.195856998956599
0.068968965723096 -0.00378256324008313 0.481481225739388 -0.412075361543963
0.245173177875029 -0.253408855549668 0.143986846543521 -0.617428697965662
0.165541997339351 -0.245372699503937 0.192097762451958 -0.462009913785655
0.0411987130378087 -0.288916783339414 0.104439288603312 -0.347206244807734
-0.0855300216531034 -0.253816381219341 -0.128049037609126 -0.223634765007698
-0.187664302997581 -0.170110026194143 -0.0979514454992828 0.147290533026848
-0.230952756952163 -0.0989123207614049 0.188830092490242 0.316496254467961
-0.282744389049652 -0.0119832492520144 0.437369337545026 0.26486017496162
-0.271292195320482 0.0276379947747906 0.550487821664456 0.169002098966605
-0.306823422342447 0.00248352334520376 0.60844953800382 0.165159417867737
-0.276349432834242 -0.100545181395786 0.540051389147985 0.26557241346001
-0.251484196150666 -0.183954941856644 0.363982155249786 0.362706363652348
-0.174739705963251 -0.339954527799964 0.136305212241164 0.225682597743094
-0.00825912480977207 -0.398056583397984 0.0992102194053426 0.0101798326105539
0.184996575172706 -0.320618512448531 0.189183583687617 -0.200488198774376
0.234955403993935 -0.25629313177758 0.416424420150795 -0.401350223356199
0.328929178639503 -0.52701280848853 0.0568408764509613 -0.473298251450274
0.18940946847472 -0.476820174230897 0.188274191756935 -0.353540286498106
0.028672564223433 -0.489562085204663 0.125807000606987 -0.313553414446692
-0.108106742601766 -0.41920403387627 -0.131299466133272 -0.241463754624274
-0.261336388872245 -0.328738986098503 -0.144420128139326 0.111983236143563
-0.369555164479464 -0.243530189777918 0.0885754189042192 0.298679346249254
-0.481425328859318 -0.121627482360231 0.315312183142075 0.263300564932498
-0.473630257337065 -0.0377915697324546 0.413408466395017 0.156674536158214
-0.536193242350128 -0.061549639585737 0.467785670079513 0.128412276790258
-0.480628773660727 -0.226592090731374 0.410415490694642 0.200051087077154
-0.414505940414907 -0.350541747385264 0.292749159241983 0.284843594548981
-0.254062959148458 -0.558132351189371 0.116976648040462 0.18175770776988
-0.0269307266178949 -0.613702257358951 0.0943603283770517 0.0118819625709295
0.243076005823591 -0.520908694855529 0.133557075431351 -0.130979928447837
0.341737579831014 -0.479503451186311 0.292788283436243 -0.307053257826495
0.377105777725836 -0.722614816467882 -0.0566999027392971 -0.264287994995033
0.211512465203413 -0.645500909195922 0.167796910188962 -0.218095033797938
0.0450483213284708 -0.649755114817176 0.113154471591895 -0.289979934467924
-0.103948913284676 -0.578893227736335 -0.16345785672667 -0.25642037087123
-0.311361347768886 -0.485318237175842 -0.207196284280926 0.0586059201862847
-0.473906407868781 -0.374707931830383 -0.0437259637475395 0.237345248683509
-0.621879554611286 -0.219946065661892 0.139838139938055 0.218909486979697
-0.610335076655435 -0.0969340745659137 0.212532803365516 0.124665480998844
-0.679504525880223 -0.104193387004301 0.257478205753225 0.0859963286422219
-0.60716163245202 -0.296080224410162 0.22020382489303 0.1284369516627
-0.517129939812602 -0.433029078740816 0.180916490974469 0.185955700414101
-0.318905478674583 -0.658073571120128 0.0925868639449888 0.13506813773096
-0.0783024794783344 -0.714460331378842 0.0961077691018404 0.0479217996616475
0.223271158495748 -0.638082219163505 0.0734867625620406 0.00425908540360807
0.369897107322113 -0.635970928378186 0.143693371841499 -0.135333876210183
0.36976033963561 -0.789470502676786 -0.181375000966744 -0.0247007559931667
0.219101412261706 -0.681792207213698 0.112915354460906 -0.0746131650877139
0.0983235716598281 -0.701765644422789 0.0628395865114223 -0.257431567816121
-0.0442233004289457 -0.673799837017796 -0.202210977809349 -0.26747408077255
-0.312788960139608 -0.601918190838774 -0.276077283948502 -0.0249852078676751
-0.518565818875229 -0.463408255404453 -0.200254766880823 0.127828936159649
-0.678168065412794 -0.290391320181016 -0.0755156282173221 0.138323393499171
-0.653020254367641 -0.14188717635605 -0.0241471322216536 0.0763302206395564
-0.708746402402717 -0.133203952315438 0.0179752263066052 0.0427482368221389
-0.620091768980531 -0.321525550676956 0.0103693509684626 0.0570745294403906
-0.506271818692839 -0.441706467457473 0.0579976357389531 0.0796598112621877
-0.304468792797726 -0.623702688484425 0.0775610618164081 0.0942572345442575
-0.107367764836781 -0.669628049977061 0.106050137755924 0.112346049924582
0.159749466353933 -0.635208285586583 0.0239150973260483 0.17459161271606
0.329458233262693 -0.691148528803067 0.00391091410734375 0.0813060703327783
0.308916209957323 -0.717792961770674 -0.304506517378207 0.19253378032855
0.205111020303816 -0.577953794502891 0.0148940494720093 0.0573707110668308
0.165023225367934 -0.616319054934252 -0.0143769172533341 -0.200707528485524
0.0392470886462466 -0.652543853527754 -0.219762495462774 -0.265067219697274
-0.254574382964254 -0.621005686776873 -0.327445673531152 -0.14207161245453
-0.478969902680507 -0.474082159438495 -0.358588576180814 -0.0222866057169659
-0.631444596674928 -0.312607864833207 -0.300235160937444 0.0349734849016353
-0.596532225092785 -0.167676484228421 -0.258215649805258 0.0199562014243796
-0.622339229093973 -0.155692808266092 -0.203574955157246 -0.00577198777485167
-0.513914705085286 -0.316318535378415 -0.165379872955523 -0.0184978317962595
-0.37914402211543 -0.389498831419575 -0.0285970563259109 -0.020565959228287
-0.199852580134364 -0.483822722507539 0.0848668698749305 0.0724875410294345
-0.0946334622070204 -0.505603945221645 0.11133757671495 0.192712593384383
0.0791179239806865 -0.526298638676256 -0.0220434047063005 0.332460572055783
0.248253286316248 -0.640549881994147 -0.103379700846101 0.29647156915194
0.192634299777986 -0.534771359097696 -0.40313723879437 0.352212522628577
0.140967020169257 -0.384047534900255 -0.102493882306725 0.167494135412929
0.180666069600408 -0.419447606896034 -0.0761229409414062 -0.124737975079933
0.0981887559311937 -0.494647443498762 -0.195601965758151 -0.257779661522064
-0.153683484885484 -0.506624616800454 -0.350934868613913 -0.272691101954648
-0.353303576948388 -0.396037880356213 -0.491059739464685 -0.177945074219955
-0.47893680887453 -0.279567766660448 -0.497082978450209 -0.0695851882212365
-0.45057027121496 -0.169255761951344 -0.451715368128279 -0.0377469869665042
-0.447650059149405 -0.162688840210072 -0.369685237452295 -0.0659233606365411
-0.330369475607603 -0.275212565896361 -0.268839177832846 -0.0983578748790911
-0.196389100190676 -0.291953553779198 -0.0525535782644013 -0.100760847024376
-0.0709970235631306 -0.288912738919151 0.107414709989426 0.0790500390569979
-0.0656637058375511 -0.291479222112072 0.087897305333737 0.272970021877095
0.00699866992761576 -0.362603977630454 -0.0759149690039205 0.435815679203544
0.143739777915941 -0.501167512645026 -0.174923279002144 0.473011631798456
0.0343177499167222 -0.281075415926665 -0.449581790928947 0.442160555808423
0.0172636959158136 -0.150627037428552 -0.187413587059997 0.248773271518238
0.120132698114396 -0.15734674493784 -0.0973962986456285 -0.0598642072123272
0.107746275708861 -0.233792899148497 -0.145158363824657 -0.255334157970976
-0.0298512677905965 -0.287476408492593 -0.35582325922167 -0.379738585313052
-0.162238816044431 -0.244811591849052 -0.580141591830771 -0.294930120627152
-0.245587480062111 -0.202317000027795 -0.631968433732804 -0.149595382410605
-0.235148934038542 -0.145477903495471 -0.57514144001477 -0.092618593015228
-0.218851827706767 -0.144697363088207 -0.45928522746791 -0.133245758861594
-0.128597422339353 -0.192583857454348 -0.291359228471899 -0.169592772044881
-0.0294729216508645 -0.163328907109131 -0.0224055445332966 -0.140814082824393
0.0225021725886577 -0.0950493690135232 0.122465948253434 0.115687756603232
-0.0424986674927699 -0.0907077333229999 0.0254932430839629 0.332198435442213
-0.0514231814106071 -0.186271795606585 -0.131822407744923 0.471623485657157
0.0377677006938771 -0.301007881320274 -0.211675093553088 0.589955392392424
0.14560001714572 -0.00284777723889118 0.0668214799362408 -0.684304791574486
0.130608596991057 -0.0593206321153974 0.0775858676993846 -0.54683467189825
0.0361491692237313 -0.114128001162028 -0.0168010005886112 -0.379277901741752
-0.0759186533075564 -0.0855324694816226 -0.174242105950279 -0.166524725741821
-0.100822103780995 0.00379273932442089 -0.0273643455819019 0.168536518799728
-0.0523002554265175 0.0487784011771694 0.295981452423907 0.236956087776412
-0.0244070884241268 0.0907833966841518 0.517765696685253 0.134829534710657
-0.0038936972896463 0.0868334835146976 0.607925348751153 0.0553049928872245
-0.00936889937093685 0.0852710004795951 0.666809627733916 0.0753791620582433
-0.025534312025409 0.0709408922853786 0.6248203324148 0.198506647480028
-0.0737146658602525 0.0551351195100145 0.448723551534188 0.323814021297333
-0.138333156327718 -0.0316511484794892 0.190263484162647 0.232471862408109
-0.0664951528915184 -0.120921939182482 0.104075272665245 0.0310394197920416
0.0388232360266789 -0.0961824406077792 0.174444560906668 -0.225362056104774
0.0608565067006011 -0.0171251693432071 0.409552523060139 -0.469800745398696
0.17886794603819 -0.305942952432298 0.0351153749694014 -0.602075076272682
0.10617528387064 -0.281433705797915 0.110917330658436 -0.465093106794562
-0.0190360744375018 -0.294357270655615 0.0537279910436716 -0.347995252862468
-0.135701255007741 -0.231120255731419 -0.15297585597878 -0.194150407852615
-0.211988547941314 -0.127739220341904 -0.06282745038223 0.151762150693106
-0.2338160990565 -0.0514881444627278 0.241114637629755 0.263377627832068
-0.272731532233046 0.042516210109669 0.47746519840764 0.179421996186796
-0.24776158949098 0.0658619721778134 0.559062096051003 0.07348774777461
-0.292568022949596 0.051930491113658 0.61795464875338 0.0687939871556174
-0.286439767985691 -0.0571248752250963 0.572225966900775 0.179539089955361
-0.270828336100634 -0.139870273526921 0.412690997569161 0.297872464548352
-0.230596254774771 -0.30472010940463 0.169177906607528 0.209711516034416
-0.0760678581172372 -0.387776204958478 0.0935423986663608 0.00402555242254337
0.125061753247347 -0.344568489050842 0.146846616619711 -0.226748163648653
0.182790020976946 -0.293334532205467 0.33667747167008 -0.450974983347234
0.204333949149536 -0.58515703305305 -0.0161682860630252 -0.438817288859997
0.086614212480262 -0.507607167842919 0.137346720088491 -0.355439036071962
-0.0694076179253433 -0.485619239911141 0.0919510337176649 -0.314729772079695
-0.192644373132128 -0.387644470885833 -0.150715538138738 -0.206713646414299
-0.31171298204768 -0.268590909343695 -0.107060563997847 0.124661663873907
-0.393921544995347 -0.165863722532308 0.148120787505941 0.261495132152876
-0.489452652186309 -0.0256065332921734 0.366466562572963 0.199011649722177
-0.457502133874377 0.0376673924111465 0.425937389267832 0.0825998291629132
-0.528465758122547 0.0318783805091415 0.473721609047946 0.0525776868056277
-0.512554196260717 -0.141340726485014 0.439481673270305 0.13774637171282
-0.457606396997542 -0.274069174486074 0.334691767749527 0.235079065758903
-0.349660518503912 -0.505427967550177 0.146594440034689 0.174586640740169
-0.131108878808904 -0.594759628435221 0.0860390160510738 0.0117126807774276
0.149350409024407 -0.551297090501412 0.095126293676341 -0.151198094331638
0.252295327338635 -0.531391676667167 0.222133928422346 -0.340987431315196
0.210636400023472 -0.778598136839938 -0.0807109838875851 -0.211832549150303
0.0746803533193855 -0.670152921728126 0.148113832938619 -0.217855200251156
-0.0863093653086914 -0.645026310049421 0.0921826975602079 -0.284096910904738
-0.219297982819131 -0.543662800648738 -0.176131793640059 -0.211824407993575
-0.390563139234735 -0.409945629192275 -0.169674901827282 0.0841776859706884
-0.523075622373388 -0.272042858571199 0.0168684113849994 0.225452951030865
-0.651083835209529 -0.0932338719686618 0.195786255899813 0.187474238810969
-0.598093382708133 0.00430927069766572 0.226003975062697 0.0800012686857446
-0.677117684339506 0.0174639039717086 0.263174464639804 0.041081130053736
-0.649893936885549 -0.183738474273691 0.245028486196121 0.0951976568514638
-0.574852187193211 -0.333639718650704 0.213082451701311 0.15582467698686
-0.43267003886769 -0.59139239500639 0.118050072502541 0.133230495201755
-0.198219506113996 -0.681533632339982 0.0917117594201597 0.0494396130944876
0.111589891124743 -0.662917237558771 0.0524166354340735 -0.00736068060090232
0.256385940058297 -0.688170414517265 0.0973147272159366 -0.151431674259921
0.191614131196444 -0.83828513117457 -0.156587719839203 0.0405536094014496
0.0791767700700124 -0.70420670976024 0.121430973143351 -0.0698757967608592
-0.0435668848185657 -0.705265507874315 0.0502346593698308 -0.239582071479554
-0.183166410824672 -0.650881511785345 -0.212467940885522 -0.207861554983545
-0.414153615859109 -0.525854734994194 -0.245675198283129 0.0176986297567147
-0.584430844741502 -0.351881279532051 -0.149402903558714 0.147422428464025
-0.72340599270747 -0.149185200580396 -0.0229942910893523 0.146939329302762
-0.650073881307888 -0.0295724551103416 -0.00964031075495911 0.070023673042953
-0.711525760752923 -0.00320620221075141 0.0239561701613983 0.0345171702543486
-0.667036448041223 -0.205734034357077 0.0287453571536444 0.0566148468033275
-0.564131828610284 -0.341993579840083 0.0775396842919195 0.0710626284780137
-0.410473045672004 -0.559992855106587 0.0977972100577532 0.0940097281977752
-0.216949752387265 -0.633913188165558 0.11127954452683 0.109215682713291
0.0518569620612783 -0.649366790311582 0.029357790688856 0.168996598654175
0.210942616474989 -0.736358504713437 -0.00769380796832832 0.080880973778215
0.148570291405697 -0.75134136333457 -0.238758805385145 0.266179881795764
0.0884252265997849 -0.598026040020924 0.0443927243447828 0.0719701456792802
0.0362615629595754 -0.63444548829065 -0.0188430812643082 -0.168451221646739
-0.0967706511827345 -0.646886936696042 -0.230532141071927 -0.199276874723818
-0.364410062547582 -0.555353064155322 -0.314764696874523 -0.0841557170360217
-0.552198724152078 -0.369198698745006 -0.327363030037305 0.0325106085972349
-0.685671887283075 -0.179939230201179 -0.259668097993748 0.0856919066132265
-0.603948555596679 -0.0616585990319855 -0.243688803819587 0.052431274580342
-0.634320427814537 -0.0375625272354308 -0.197962184842248 0.0208672097101612
-0.562125398537713 -0.21608381977134 -0.154863972730287 0.00934149023246549
-0.433430980283111 -0.313339224144719 -0.0242962771831522 -0.0136279652581965
-0.283360545833801 -0.439588773959699 0.0993162405868999 0.0672878399377204
-0.175780956570537 -0.477064657955592 0.130313408673971 0.18276650045022
-0.00648512050975912 -0.53008799492515 0.010902395952664 0.330591981703052
0.14001615412826 -0.67236132331596 -0.0785641520856964 0.307849572166148
0.074333552485837 -0.547098349522596 -0.311291225070044 0.428154750908888
0.0630771590406048 -0.392981618904855 -0.0575731653143846 0.193521301220572
0.091340547347716 -0.444654311979962 -0.0763542804214821 -0.0867952232073033
-0.00927782385630702 -0.505707288579751 -0.212288452462416 -0.19854462950914
-0.248555753601861 -0.465906633996601 -0.367251951677607 -0.203867271725463
-0.423218946285304 -0.31708842025132 -0.485179507559234 -0.0910594278531024
-0.534337372738412 -0.176252884470124 -0.473521633008013 0.0195822986625002
-0.465826078468681 -0.0848925023080018 -0.44005222979119 0.027961987942972
-0.467540969782065 -0.075304030979501 -0.367941887271029 -0.0129187847897798
-0.376265892166395 -0.206163387212266 -0.269725220084342 -0.0533867278410255
-0.240632135635108 -0.24976120999009 -0.0613692413314416 -0.0877404415643133
-0.120567501875372 -0.272724565385254 0.120413299600129 0.0661869797121829
-0.111606460893799 -0.273272248042748 0.121432834222483 0.260871412160668
-0.0499349372424116 -0.359186351820589 -0.0211449067132438 0.439360318407734
0.0630772492336999 -0.520879806975741 -0.116380327595997 0.488949886604474
-0.0266320427360885 -0.267993013334456 -0.346781076635876 0.509763269499972
-0.0100270267742267 -0.140754860466145 -0.133521069936369 0.278071970597616
0.0834530172084336 -0.176327966078395 -0.0967376671881491 -0.0275871447109495
0.0532416351443919 -0.252149759777514 -0.174594353720743 -0.212175617268779
-0.0911605528642519 -0.277581848362571 -0.400884706348161 -0.305231424408049
-0.215650029747092 -0.205807796176062 -0.598305870615394 -0.18328234631516
-0.291542624964668 -0.145671123674933 -0.627613080032379 -0.0325315952132806
-0.256960598203751 -0.0959827345149352 -0.568180213709328 -0.000635718958724814
-0.243210075628562 -0.0970687248621439 -0.46651767269701 -0.0617419648741816
-0.163064205623751 -0.161012527241459 -0.305498772353713 -0.120864409704923
-0.0572171236498353 -0.15329557364106 -0.0403323799026759 -0.131649528623671
0.0062836760454674 -0.0985508252503864 0.138750535716962 0.0965916143573116
-0.0538586379168496 -0.0831969203509429 0.07114358731921 0.323374179302189
-0.0762777255267213 -0.177787826938936 -0.066297219330449 0.484711808362969
-0.00643858875312189 -0.305594354650106 -0.12823016628285 0.60730121664464
0.140611802744759 -0.00935844802892993 0.0263180052035468 -0.665654915373136
0.121949106488228 -0.0651328608767056 0.0458348767669868 -0.528765569971946
0.0296801684907282 -0.113311750869111 -0.0370370183059422 -0.368209592042286
-0.0766244771234888 -0.0789824151430736 -0.182513764447902 -0.152860287018795
-0.0993030062217958 0.00787037829295485 -0.0203558111316582 0.162950516786398
-0.0512159282885697 0.0496770671350853 0.2979737899598 0.210975290936976
-0.0178695427111717 0.089469529763552 0.50682322184751 0.10376016283254
0.00159162187053125 0.0841109970915683 0.593352868092057 0.0281134022250609
-0.00398933786916021 0.0823751438018264 0.648048560306736 0.0416475839357415
-0.0199211219416989 0.0696275256366103 0.61350498156734 0.159537445846865
-0.0679555613994691 0.0567176193527993 0.451095937790126 0.289036231013489
-0.134662498270204 -0.0218145368325761 0.193744681510589 0.216367398539752
-0.0713097469672512 -0.114191705783592 0.102252684830095 0.0235610465149129
0.0325473351482248 -0.0951203634157315 0.159106474772359 -0.227893413134591
0.057462693452626 -0.0180891480777071 0.368680614557149 -0.478482968559924
0.152388536387223 -0.305727415528349 -0.000296511685397458 -0.582853064613392
0.0851186238828153 -0.279391446548682 0.082485454745404 -0.452745255153188
-0.0348239910639256 -0.284216012322842 0.0320825874085328 -0.342150925892628
-0.143579176211835 -0.218145211195289 -0.163723195716757 -0.18126807312148
-0.213074935269026 -0.113968550996514 -0.0563114780571069 0.148380979358719
-0.233052174504304 -0.0377995406790966 0.246219827308144 0.240541271932763
-0.25955686836908 0.0581276092471218 0.468669645230884 0.147902695311026
-0.235950106258283 0.0774014398679243 0.546843607420141 0.0488036270639009
-0.279560029262302 0.0654247791316345 0.598570303154527 0.0368047043542406
-0.281442304690605 -0.0404528311908701 0.561732503629403 0.144657937424084
-0.269465840943746 -0.122801532312986 0.415465734499146 0.266557839940491
-0.239649407325479 -0.282310911051727 0.172111652424736 0.194486813398799
-0.0948793452056922 -0.372210961923437 0.0887604706683978 -0.0021192893123716
0.103417407896511 -0.341934619215506 0.131509014140386 -0.227854066765411
0.158823441968889 -0.293229170080212 0.299347599978435 -0.456950218385481
0.159423655056216 -0.57666655656018 -0.0387985785501096 -0.422699540047842
0.053335447451085 -0.497944337577311 0.113475979173228 -0.347402589262942
-0.0960404431256497 -0.467312026308735 0.0724255218470202 -0.311246926006409
-0.208429762559342 -0.369088372524317 -0.161983503260096 -0.193669417415467
-0.315716975371433 -0.244886453163175 -0.101007212974209 0.124864666796406
-0.39441002307145 -0.138942517060058 0.15727677139547 0.245425340455786
-0.472682363944227 0.00508429307353735 0.362386511393979 0.171583830216285
-0.439977362975937 0.0606758031331937 0.416561838109491 0.063341466503534
-0.508668042096583 0.0578259740565923 0.458564262473289 0.027812345832458
-0.506126401417936 -0.110726620322626 0.430183396738737 0.110816515010979
-0.458505998414088 -0.243658878633255 0.335701592170833 0.210469224035069
-0.365910945521204 -0.47036746771707 0.147307476609719 0.160442509019398
-0.158871027246726 -0.569736011579019 0.0790768760164898 0.00536966679004976
0.115367423401931 -0.544597827072926 0.0849301390524476 -0.150858407279077
0.212466154549743 -0.528967485095068 0.194669004642855 -0.342560381658501
0.153776099126233 -0.765444203230793 -0.0882810587351995 -0.197933405133286
0.036005772101344 -0.655503805073539 0.131638312303935 -0.21703545444241
-0.119415813668572 -0.618742998830708 0.074671389100785 -0.282544562794274
-0.243733085529135 -0.519205705629208 -0.186186853541271 -0.19606511992279
-0.397816624692617 -0.379919386845811 -0.163982783619103 0.0904683851470973
-0.524149971845197 -0.235589053043102 0.0286688482498746 0.219575723713339
-0.633074793315429 -0.0512639650562745 0.195192302025441 0.168379378651769
-0.579200199794601 0.0348360085632483 0.221628881142663 0.0706115267657692
-0.65076782823392 0.0533725797275481 0.253487257791916 0.0276743706399623
-0.642746654489648 -0.143377930331085 0.239485508828284 0.081448495081169
-0.573043931936298 -0.295854910110809 0.212659042534097 0.140128807881028
-0.450310522820547 -0.550017860042484 0.117787913039036 0.121781097208011
-0.22738977778586 -0.651678845102427 0.0850434296939829 0.0420026435023939
0.0731137153598116 -0.651115423497921 0.0497892235439492 -0.00944661682529669
0.205929078429936 -0.683146175882576 0.0843087891611613 -0.151394026117078
0.132798554803883 -0.821395645232478 -0.149067174160819 0.0498246611526388
0.0399902847912802 -0.688538172152184 0.1136537929559 -0.0711851284888427
-0.0825174701772645 -0.679639055868751 0.0365424838333795 -0.236384645357617
-0.214278651355848 -0.624352759102961 -0.219856678930325 -0.190449460926074
-0.427324635099597 -0.490186231229563 -0.239200385852721 0.0308713830848374
-0.588860824261529 -0.308909397058276 -0.135231956410458 0.1546841566537
-0.707565389140335 -0.100119501800629 -0.0183733901882511 0.139876692570278
-0.631062308072055 0.00506732459954484 -0.00846120495108227 0.0713161283540983
-0.685332750127844 0.0359015767093744 0.0225420611224164 0.033156035039838
-0.659388189573754 -0.161607235556833 0.028997010738976 0.0555651642774713
-0.563667052698342 -0.30471176456085 0.0765460757717032 0.0651652030345937
-0.429583017704911 -0.519104139315211 0.0963570298802893 0.0835755132694681
-0.244265279557655 -0.601620001369952 0.107090406614527 0.098977386165895
0.013430706586348 -0.635190517030192 0.0354834202821779 0.162238650829791
0.1581285130658 -0.726387697402648 -0.00425996935893718 0.0805335904492794
0.0957887190359013 -0.735663826661282 -0.216960457036212 0.272370927873433
0.0551117888490099 -0.585622888086219 0.0454055325361525 0.0694539194645973
0.0019182939778742 -0.615194970938708 -0.0266075130272333 -0.162959806493051
-0.129608297179384 -0.625742104527858 -0.235479004590663 -0.181922289680276
-0.379532439510417 -0.52179394609094 -0.311247976857698 -0.0633398117003124
-0.555822004511039 -0.32827060269522 -0.313398207135991 0.0535652987669429
-0.674236239692865 -0.132902138408383 -0.250240897416344 0.0935071040152498
-0.588277251069895 -0.0273012246487413 -0.23662354267557 0.0642413576145943
-0.611285701795441 -0.00185140358361959 -0.19229675354581 0.0299952257731507
-0.558891751573491 -0.176795863756939 -0.150532663890917 0.01947454151834
-0.434066262451431 -0.283821347350326 -0.0263075550737195 -0.011943312706388
-0.297813943963625 -0.411419826144822 0.0976633249823817 0.0565113008289719
-0.196432717231629 -0.450734146539521 0.129570930344466 0.169634513653649
-0.0359355153253832 -0.516904352213332 0.0255060414176876 0.319365522836655
0.0932865821592761 -0.662452478135066 -0.0599704142647852 0.303189371066192
0.035778232535384 -0.53314943213077 -0.280598111091036 0.432583307598322
0.0441033093306153 -0.38533175977494 -0.0476227916718211 0.191946337999377
0.0644679395884488 -0.434035831802488 -0.076717017685408 -0.0791752397867257
-0.0371623616508528 -0.493657499668074 -0.216223107074457 -0.181899122235657
-0.264539100884578 -0.441644140359408 -0.366123709195562 -0.176508784933768
-0.427043066754221 -0.284047601960719 -0.472781464819216 -0.0593548616766046
-0.526623410888785 -0.138693698129333 -0.459093217843345 0.0420002563868347
-0.455280036371302 -0.0572820223863621 -0.427735564557501 0.0486512898417779
-0.451052231495008 -0.0462747121594585 -0.356370301138402 0.00590466934401054
-0.376043423467761 -0.177338342307626 -0.263109564809218 -0.036599438228066
-0.244451532559769 -0.23103379379711 -0.0649665079761228 -0.0821662843808071
-0.131518027512592 -0.255972797448973 0.11991635213968 0.0544895658863631
-0.12398345256117 -0.257109843162324 0.126356712686718 0.246199451266726
-0.0694104730027567 -0.347920391293122 0.000841512708218337 0.428305804262282
0.0298175216845563 -0.511385459505506 -0.085355269542653 0.481891158601628
-0.0422428235661284 -0.258059269744493 -0.310371251869768 0.512577934010919
-0.013957411028608 -0.136105511486409 -0.116697978948323 0.278404554808571
0.0713415233041747 -0.174810335438251 -0.0928977136031883 -0.0198791322093044
0.0367171669679061 -0.248372903303076 -0.178910875277619 -0.198327344032833
-0.102404897997699 -0.266312918647215 -0.404908519874578 -0.273962913358114
-0.218332860848942 -0.18733743255405 -0.588062140893271 -0.145340969566043
-0.291129831717958 -0.12233548674475 -0.609491882256332 -0.00162917651630461
-0.254327971457761 -0.079747927254556 -0.553073070278208 0.0260143602807575
-0.237923385603478 -0.0802212245844805 -0.453587872119194 -0.0378687229557466
-0.16739663292176 -0.145612745656341 -0.29954590242613 -0.100244743147301
-0.0628435912512462 -0.146883908582758 -0.045374204715337 -0.125523704762946
0.000660327380466491 -0.0950716772829552 0.140944670616861 0.0845139464760786
-0.0582009067703413 -0.076610982561723 0.0831769476813253 0.310287549315673
-0.0853232083799046 -0.169713116498198 -0.0395060305617498 0.472487071489164
-0.0247429449474581 -0.298876532339205 -0.0905483391871316 0.596083388081517
0.136834517148993 -0.0125794829270504 0.00388342244300267 -0.648961834433989
0.115699450146945 -0.0670655693039785 0.0288284425405978 -0.512875208340229
0.0253682332325062 -0.112585431589062 -0.0490309239367897 -0.358946868178174
-0.0764556417636907 -0.0760167239522575 -0.187645064111252 -0.14437162043414
-0.0983142788328897 0.0103371088190238 -0.0183732442630193 0.158151128953951
-0.0512775299169475 0.0507250878568161 0.294420880179963 0.194848825830547
-0.0136185788489918 0.0877555855263465 0.49671605181501 0.0891647605152384
0.00478816626274687 0.0820284094361216 0.582165841270888 0.0142609637519261
-0.0016328894860908 0.079635283169842 0.630978164049066 0.0229623833620949
-0.0169246514327667 0.0677913881324207 0.600981592403905 0.138093762414136
-0.0641414093613063 0.0570115167658764 0.4474533037868 0.26823589252637
-0.130684204334205 -0.0165726370185724 0.192842494418552 0.206536965302121
-0.0737419240896777 -0.109277044373231 0.100175275512981 0.0185235722053517
0.0289645499318608 -0.0934331511763984 0.149946484854094 -0.228528134336441
0.0549541543787573 -0.0172120016136516 0.342212447645652 -0.478230691694
0.135740104137867 -0.301305230388807 -0.0193058523703316 -0.566382602903011
0.0723458713223212 -0.275114799338742 0.0670830725413795 -0.440727059987895
-0.0435154548224088 -0.276899597797717 0.0204864338349636 -0.335819756341017
-0.146940301733193 -0.210135433853758 -0.170506666868212 -0.17263513406949
-0.211574169495657 -0.105985194063572 -0.054885355267458 0.145575441264348
-0.23142023749558 -0.0292965167762241 0.245203683225965 0.226481532393879
-0.248309874955266 0.0654769270559468 0.458345185910583 0.131350809386903
-0.227480695949005 0.0822540891872166 0.536803081395116 0.0367460894153475
-0.269235753855074 0.0712839789520973 0.583415538379717 0.0201588867478399
-0.276873956728346 -0.0309043144593527 0.550171318223659 0.126546171267728
-0.26627636469351 -0.113958079699369 0.41284028140754 0.249412461731532
-0.241638665846105 -0.267180288605 0.17063322422282 0.185679507178232
-0.103188673397861 -0.360191644632043 0.0841647310033102 -0.00556161550374411
0.0909990837453307 -0.33759703732387 0.123164138662823 -0.227549278761061
0.143877774522711 -0.289168541774812 0.275633259927021 -0.4550207458833
0.131002498383718 -0.565552925747088 -0.0510060321403537 -0.408431985378766
0.0346841983336512 -0.488248293419223 0.100832780541604 -0.339621958678683
-0.108882461222014 -0.452111354089137 0.0597440728767574 -0.306647178885857
-0.216454059517694 -0.354323569475287 -0.168677389936763 -0.184892937538357
-0.315013229103517 -0.232010133575521 -0.0997401476474094 0.124528764822644
-0.393010921619988 -0.123989298560226 0.159273326552738 0.235407212196619
-0.456677285187774 0.0211547467590312 0.352849637234491 0.155695001952538
-0.427708690990122 0.0714250127906702 0.40816236368254 0.0542970720606921
-0.491466098289398 0.0725008828270578 0.445417021767062 0.0171424178942173
-0.498840849508972 -0.0914004025613792 0.420201482323684 0.0985246976442981
-0.454115139553464 -0.226511948089992 0.332507199562198 0.195801735018983
-0.371975017500826 -0.446399491203708 0.144882532999769 0.152488776167721
-0.171693877333846 -0.550490793444103 0.0732279772167199 0.00255619702973633
0.0948398521972024 -0.536709018062031 0.0795541395401125 -0.150146698464051
0.185851457446195 -0.521505590008986 0.176607951220435 -0.3396350617655
0.117023999041355 -0.747780706483082 -0.0907409272981443 -0.187989176715075
0.0133932782571963 -0.642060763783698 0.123278359806967 -0.211731967580328
-0.138964929217272 -0.599641282155994 0.0645078842142559 -0.278885540989983
-0.256556420698363 -0.502189230564855 -0.191772181750049 -0.185599151458786
-0.39855053385716 -0.361071938156833 -0.161215717542144 0.094120048722805
-0.520563517991333 -0.212547340427132 0.0351210374170499 0.215190706102789
-0.614952972321174 -0.0274290094002679 0.189454628215907 0.155851767481185
-0.564060473237298 0.0514414183617462 0.217728702757973 0.0668267754576993
-0.629479838772611 0.0707094622481593 0.244588845071832 0.0219640001073178
-0.633328615254939 -0.119865700437381 0.233496574050541 0.0744608172110647
-0.569051224994658 -0.275143995609465 0.209272533371813 0.131354700116765
-0.456882627529579 -0.520677569993709 0.114745031548107 0.114118646359644
-0.240885689752189 -0.627384703417145 0.0780259951479968 0.0380291613417313
0.0498034860641646 -0.640089918269854 0.0484754524751195 -0.0107335728860086
0.174642062336593 -0.672212259940125 0.0750386690462491 -0.14940724411485
0.0938742270395421 -0.801543081054138 -0.141572796708003 0.0562652802403405
0.0175495096754395 -0.672477993687997 0.109588315818444 -0.0702592874535272
-0.101437133009088 -0.65930258212383 0.0271874979375228 -0.232903532305217
-0.230747461665936 -0.605977399220603 -0.2236780748639 -0.1791744213181
-0.430440760496792 -0.468575157408814 -0.235421374596289 0.0383936105192498
-0.583136904105683 -0.282282558613887 -0.125203832244957 0.157517738759721
-0.689088267178185 -0.0726002856107599 -0.01967349445108 0.134321761079699
-0.616020580763373 0.0231957018720516 -0.00750121160225794 0.0736547072537077
-0.662816914974287 0.0550541966111742 0.0203607946728438 0.0329143945017483
-0.649662254448689 -0.136795667853601 0.0287505090768574 0.0561002180678176
-0.559680833023893 -0.285490869074337 0.0737782282183216 0.0625093044142134
-0.434515649522906 -0.493015857472403 0.0921258855763236 0.077299807527454
-0.257181044843305 -0.577327290873558 0.100810454236422 0.0940830359888323
-0.0073339933505371 -0.621968971205156 0.0393731093928097 0.157808110958281
0.126392467277953 -0.715301634280582 -0.00327954625806679 0.0794008946699731
0.0635428065003061 -0.716172848608219 -0.201341277264272 0.273849080971165
0.0380446266323886 -0.573417279547567 0.0460499004296149 0.0691992489750957
-0.0184273254798331 -0.600901293518937 -0.0306048142649748 -0.158137691173676
-0.14830166266687 -0.61047466057229 -0.237749356705419 -0.169521771479988
-0.385917458708691 -0.501402920080895 -0.306775714525499 -0.0515210502026325
-0.55315913151241 -0.302940927313812 -0.300934437132729 0.064419300163238
-0.656681779605868 -0.103018737891764 -0.244721605461483 0.095021378116777
-0.574185898108613 -0.00933464852505956 -0.231260885544276 0.0717608780921066
-0.592053041828245 0.0149309680784529 -0.187519806042388 0.0349679576688288
-0.550260817116238 -0.154657729486199 -0.146556246939745 0.0254709207588229
-0.430722553232413 -0.266755318332127 -0.0280359091521607 -0.0102179796496607
-0.301885681374817 -0.38949461616538 0.0941080018469413 0.0500187167924864
-0.205057950988543 -0.431033908547896 0.125531140652919 0.161894634792062
-0.0532717866558442 -0.504788555452396 0.033746473570428 0.311301694674913
0.0650700038427017 -0.651611383277965 -0.0489323908815376 0.298674068509416
0.0148737948637977 -0.519627044256292 -0.258230062546475 0.431268748508988
0.0339501946609249 -0.379606173897676 -0.0417533306753373 0.191746637074909
0.0501351614640907 -0.425388100440744 -0.0764030298911602 -0.0739270141597629
-0.0525650971170412 -0.482580708932219 -0.218175063505007 -0.171607620696822
-0.270657781939021 -0.426001596263848 -0.362617425990492 -0.160353530891874
-0.42429646953604 -0.265382899025288 -0.461387154401944 -0.0395855384231706
-0.516711864077754 -0.115173318685513 -0.449233845628328 0.0515029439894344
-0.44549698110469 -0.0420155861354861 -0.420006547713622 0.060072139381103
-0.437471599347588 -0.0323434122064863 -0.348176624051906 0.0138774459780261
-0.372627857119967 -0.160647062365494 -0.257410832419187 -0.0267460566393996
-0.243992028864964 -0.220160836616852 -0.0660698837109702 -0.0778070656699214
-0.13534246966784 -0.2437395937542 0.11800970308405 0.0480492390823065
-0.12919750177223 -0.244424544963342 0.125572943155633 0.237598933488131
-0.0809355819463549 -0.339059472540435 0.0122662086461467 0.416253490111925
0.00776918691593569 -0.500548385056171 -0.0672466979283437 0.473674544988143
-0.0519435263410352 -0.250674018068804 -0.286463510758998 0.509315516889161
-0.0153151737116936 -0.134243410308818 -0.106850700070895 0.278110067794395
0.064774891453989 -0.172260054726144 -0.0893695221817156 -0.0151190050008307
0.0282741890671174 -0.244710714619862 -0.180123211279781 -0.189778212574245
-0.107497266205589 -0.259772439242001 -0.401625480645977 -0.255184762320049
-0.217457928957342 -0.177169852499294 -0.576513779549774 -0.124109812652339
-0.286876820995042 -0.107537191429131 -0.594070668779027 0.0143682296286444
-0.250406010261773 -0.0694664875485539 -0.541449074674837 0.0399648455933996
-0.23137023524006 -0.0709025773082765 -0.442489543789118 -0.0269011968003004
-0.16742700502889 -0.135631652554338 -0.292291658208313 -0.0888967307713036
-0.0646079996998355 -0.142055239749518 -0.045847214955387 -0.121489604184888
-0.00203743196128784 -0.0909086916444171 0.140926292980543 0.0771629193516664
-0.0602216665327917 -0.0716641383352864 0.0874699492187816 0.303189116174249
-0.0902465591859182 -0.163879959267507 -0.0260110025472148 0.460517705538037
-0.0358994622907028 -0.293794607879055 -0.0665212151668396 0.584708994625861
0.136427167206499 -0.0148581304214097 -0.0132399965051274 -0.64259783305388
0.112345190135218 -0.0682566815196772 0.0197484637110784 -0.508153644536748
0.0227467162991765 -0.113485938715339 -0.0560114899128149 -0.35809611647509
-0.0770808977773999 -0.0755364727363674 -0.194041116446522 -0.140444865422976
-0.0991151197113717 0.0119965278609836 -0.0188373783564528 0.157306720664136
-0.0524389414378414 0.0521957817960833 0.2937333179539 0.186352063372286
-0.0104545959262586 0.0864004331374788 0.492761526687263 0.080694560530053
0.00682868701532692 0.0815015686762627 0.58218430193409 0.00519885521487932
-1.35522921183052E-05 0.0789519135781068 0.627652801168199 0.0158689147769429
-0.0154686183606204 0.0667804142370188 0.598954266689319 0.128453382022429
-0.0624223347095379 0.057684869795497 0.449335876757776 0.259414100894944
-0.129318517950813 -0.0133771768249481 0.193038384448773 0.203265074995679
-0.0755532452924964 -0.107256136367958 0.0995026589640983 0.0146139404693949
0.027296793931577 -0.0930028797785301 0.146204198766388 -0.233104692495895
0.0547120089398337 -0.0153235186153285 0.32984835316037 -0.482527906490634
0.12563374259822 -0.299738730172557 -0.0324464415073297 -0.562006331143761
0.0641630999035891 -0.274593233478424 0.0587139200961325 -0.436604764579549
-0.0493504399879892 -0.274448803043583 0.0129399228196372 -0.336205041167436
-0.150976145992013 -0.207193936710399 -0.177951010973519 -0.168205747084867
-0.213226893201325 -0.102904276035179 -0.0566545567525726 0.145423751874205
-0.233431516625109 -0.0236955502339997 0.246225229196846 0.220154239981587
-0.24283204922394 0.0701675949210356 0.453168208064535 0.122453070843253
-0.224072343650174 0.0865442441016073 0.537266470419266 0.0322559496174449
-0.26539299208127 0.0755344135607189 0.57875011738359 0.0128245906552352
-0.276770966087902 -0.0261653011563897 0.547227077557269 0.116355904217735
-0.267132062681207 -0.110039923728244 0.413491536137785 0.241292968163625
-0.244524341825251 -0.261560299164558 0.16952015898442 0.18316484817394
-0.108698928147038 -0.355679195815427 0.0817137187907883 -0.00845606076533994
0.0831774358421798 -0.338444381134725 0.11972551664682 -0.230213338259826
0.136254579849854 -0.288335531737497 0.263986250109199 -0.45719736500828
0.113759692725346 -0.561087868251451 -0.0557725846360672 -0.403057311464433
0.0220176184115942 -0.485954903824722 0.0953232985686715 -0.337357354444837
-0.119194165573232 -0.446787792933147 0.0528088925622814 -0.307861542258519
-0.224772236772849 -0.351308693693222 -0.176388141456603 -0.17998518691462
-0.318103828526 -0.22687329979411 -0.101164455681992 0.126587700647757
-0.39601236776964 -0.114009622175681 0.161537577232815 0.230707535768405
-0.450023958255141 0.0322488427956082 0.348270546586566 0.147896600545721
-0.423176797800802 0.0810778637771176 0.409492626768201 0.0525066135586535
-0.485055313316345 0.0791293039462978 0.441525001716118 0.011028568920463
-0.49899753140773 -0.0807184375237361 0.418555417372589 0.0916874234225225
-0.45729475176701 -0.21966122088035 0.332574071463505 0.189362545115204
-0.377102049117976 -0.438046526250405 0.142756377538996 0.150153366007614
-0.181004912853266 -0.54380647883392 0.0685101559303803 0.00142339674930515
0.0847275232541517 -0.537997949940137 0.0774809888491699 -0.15235626316027
0.173820681154078 -0.521369208013392 0.165927029450075 -0.342448841478474
0.0949804221964923 -0.743333507513424 -0.0923647260434103 -0.182703143591766
-0.00110262019293477 -0.639910271417999 0.120174820692208 -0.209833860456785
-0.149758610338089 -0.592088179573228 0.0569985525213353 -0.279434732006884
-0.268538605038474 -0.495733924403932 -0.197789695780856 -0.180008094427919
-0.403237076769625 -0.354779763398158 -0.16289735279174 0.0978153063665555
-0.524336200722042 -0.20122144568273 0.0396177836719647 0.21425073940045
-0.60565661353095 -0.0119008170580871 0.18371217163993 0.15056043979896
-0.559696122899063 0.0627685421849036 0.218693818640114 0.0674892707508008
-0.621069960257735 0.0817924011985739 0.242239030085167 0.0198784764346738
-0.634308926723703 -0.105037911867329 0.23231055549557 0.0724918899132978
-0.571389843051227 -0.26637040577955 0.208594866342302 0.127936576672355
-0.464656130842255 -0.509391789427644 0.111085673507645 0.112284314724026
-0.251127959387699 -0.620827377569404 0.0729880507633949 0.037365860189295
0.0368056058348006 -0.639612292263802 0.0485051453795985 -0.0121991465271326
0.156092342395942 -0.672050879981802 0.0688585234593235 -0.149376095000366
0.0704290197552326 -0.794609024519061 -0.136313434534225 0.06045123988972
0.00469845194871014 -0.671313586736321 0.108433290843195 -0.0693124415693354
-0.114040784396258 -0.653509918562411 0.0219771137210121 -0.23219155047666
-0.244894399568958 -0.599991178692425 -0.229070886076324 -0.172782067173774
-0.435602030893534 -0.46247114876792 -0.236171784880725 0.0452233975966687
-0.587303780537621 -0.269254998670779 -0.119584303705811 0.16103342175629
-0.680691540261538 -0.056681708512662 -0.0243490818966394 0.131494329070749
-0.612115895017204 0.0350164964239653 -0.00657753626282993 0.0774277525914713
-0.652498026690004 0.0656767583928744 0.0189565094187661 0.0339633942399662
-0.651173739389469 -0.123205088323666 0.0287333533333085 0.058044630332901
-0.562901696672022 -0.275539967733298 0.0726869146894712 0.0621285874335538
-0.440732451456368 -0.481760250673909 0.0889106035145011 0.0748740793401887
-0.265576356058402 -0.56848206160764 0.0960096674335265 0.0926213709559567
-0.0213209416154181 -0.621098797189642 0.0416490850731362 0.155865347562074
0.106915089590506 -0.714837903770738 -0.00314872716911497 0.0801554546306678
0.0437350608430312 -0.709812675182881 -0.1920641073308 0.277591658528736
0.0281026530828463 -0.573811821340029 0.0476019478178927 0.0701622589919942
-0.0285568795072035 -0.595535051105812 -0.0345352792561591 -0.156500366799056
-0.161497463540008 -0.606764537616671 -0.241807167626833 -0.163226111328304
-0.393736044432684 -0.495486943961876 -0.307160523289892 -0.0423926308819219
-0.55764326852446 -0.291073802292478 -0.295481863745672 0.0719288029189989
-0.652316341364188 -0.0870815049351186 -0.247285536290739 0.0972199386217375
-0.571597526068173 0.00173004329853351 -0.230463492578997 0.0777799760839499
-0.583082124384842 0.025626685190201 -0.187439290153629 0.0378851918606117
-0.550814827284723 -0.142365291396883 -0.144755290364949 0.0301760394253327
-0.433147377079124 -0.260845740015692 -0.0295552823652452 -0.00845296714973819
-0.306249679519082 -0.379246556595106 0.0920269542746846 0.0467133123049428
-0.212926923996168 -0.421946701704972 0.122966217766346 0.160959546364397
-0.0663792629071932 -0.501855563543014 0.0385529250001896 0.308906375397212
0.046727809840423 -0.648743278236621 -0.0432407177667336 0.299670881912375
-0.000398492665014169 -0.513602504465819 -0.246191268092514 0.434102607705948
0.0283664904937125 -0.380370170736473 -0.0381006737218197 0.194917715669193
0.0435241202683389 -0.425167284669068 -0.0781300734634622 -0.070712152139761
-0.0622661182424872 -0.480136469873795 -0.220573697786429 -0.166470405382558
-0.278036537524155 -0.423342837124633 -0.363833103163212 -0.150633515891579
-0.427242241451563 -0.256131424198138 -0.457530977046638 -0.0283387896087867
-0.51300017224729 -0.100539834118487 -0.44814366403147 0.0579733246808157
-0.44444132375651 -0.0327055064732942 -0.417963999144874 0.0685815071019091
-0.431617007795608 -0.0256205933837258 -0.346254216319871 0.019321285950929
-0.373648724609711 -0.151370822787134 -0.253959721748775 -0.0205355682877609
-0.244894162630996 -0.216306131637699 -0.0672606954689238 -0.0764085228982833
-0.137168824020667 -0.237577527578549 0.117591321632938 0.0438481846488135
-0.133503756504392 -0.238562589591186 0.126082823429541 0.236263310831697
-0.0904215816190595 -0.336216711650214 0.0189481092878943 0.414117530692017
-0.00564785216907928 -0.500570479911709 -0.0562143134206959 0.471469192059055
-0.0589118820640154 -0.247454069454502 -0.273853577573812 0.512945703198048
-0.0162531153187984 -0.134796469714189 -0.101349127305844 0.282167659223349
0.0625051061173535 -0.173075122586507 -0.0878802599756212 -0.0113982430841366
0.0237088953539514 -0.243937160317642 -0.181951292987346 -0.186416779365198
-0.112277527895929 -0.259131648079415 -0.404280705449032 -0.245168859731706
-0.218654487296452 -0.173815219079786 -0.57224257530749 -0.110984254228546
-0.286555294312062 -0.0985675457000744 -0.590028317957541 0.0231098502012988
-0.251578310275766 -0.0638622748467202 -0.540967869241706 0.048433202012339
-0.229152797955796 -0.0675653385533865 -0.441954969502455 -0.0202687386740594
-0.168859891050484 -0.13038879984908 -0.289352161614287 -0.0830535324698874
-0.0661165779192477 -0.140690806607342 -0.0466050562344407 -0.120735691158292
-0.00285861012748333 -0.0887367189809859 0.142871087075115 0.0729900771396604
-0.0627138755892233 -0.0694755759889456 0.0899590321488629 0.302387921184593
-0.0954606437416735 -0.162163446695817 -0.0197212300132271 0.457699988520293
-0.0441857244599664 -0.293450412831742 -0.0535546445620306 0.58134013827958
0.139024324138204 -0.01803421937326 -0.0316993866350229 -0.65095161615133
0.110850539311077 -0.0711854094137443 0.00673043451861048 -0.51558147970148
0.0191929325478887 -0.116588363865159 -0.0669936112629152 -0.365314423767043
-0.0818416609620561 -0.0769659257679277 -0.206258038212261 -0.137632041208478
-0.103160604950141 0.0147810903264765 -0.0188389587353511 0.160936733615377
-0.0546644367960684 0.0556425796080303 0.301018140543366 0.181078053069931
-0.00758499511551188 0.0869852373670753 0.501824776375119 0.0716464643439297
0.0103829718742719 0.0827127681768804 0.596977726424543 -0.00586013877964105
0.00198470381799305 0.0801434313220667 0.640548380419842 0.0032738551230978
-0.0132718028550523 0.0674379748864519 0.611129739373371 0.116443480571765
-0.0613645199739706 0.0598824914723739 0.463965918072635 0.253672244642447
-0.131811622414955 -0.00972967235045494 0.200008116036556 0.204710261840458
-0.0799751337398024 -0.107866647641206 0.100983027477108 0.0103425816822568
0.0259252741780734 -0.0945911961092993 0.143447651042185 -0.244440171846774
0.0567684467157187 -0.0147247004543351 0.32111097732293 -0.500774573352217
0.117524233404358 -0.306260667259796 -0.048567603608095 -0.566700599575482
0.0552982638792281 -0.279693461603536 0.0494151059463575 -0.44342074821298
-0.0594149101954586 -0.277549354409675 0.00274035528196291 -0.343955882703833
-0.160665535107765 -0.209266399443799 -0.191329347448648 -0.166698417848311
-0.220702283760986 -0.100393791009816 -0.0586046232950601 0.150207346503587
-0.241007288758574 -0.0166680642814433 0.2535865249721 0.216800752976669
-0.242797660257778 0.0767077846021584 0.460743231667746 0.115806648958431
-0.225570246192378 0.0943700124593552 0.551220274919054 0.0232841636966107
-0.267926181369884 0.0833758651707046 0.589349092639452 0.00162803053201231
-0.282743316538055 -0.0195110912462231 0.558871020457983 0.107196096525911
-0.275564143848886 -0.106758219106572 0.427529402644568 0.236379684902087
-0.255929554745087 -0.260460223856754 0.174352919900269 0.184250101484463
-0.1203389344721 -0.359452344958159 0.0804033571414364 -0.0123816724788537
0.0762483262732942 -0.347119725333559 0.11744048533184 -0.241000659230843
0.131004592718037 -0.295457981219947 0.252761914370562 -0.474457031788451
0.0933727087954346 -0.57085053277416 -0.0682674402691925 -0.406562701115638
0.00649342851276705 -0.494768551781179 0.0908064556590119 -0.34343509171878
-0.13561525830559 -0.451572700422614 0.0456686720308613 -0.31542029624648
-0.239514456476636 -0.351630454396963 -0.189052443098457 -0.178205118453121
-0.330085535261551 -0.224739301023056 -0.104865880153488 0.133176639709444
-0.408592520669711 -0.102288278598427 0.169496494863319 0.231240933005104
-0.453600363940059 0.0441950655261378 0.350394460783781 0.143993331070819
-0.428598269884984 0.0932741721809783 0.421716583079382 0.0477447764055702
-0.49087904029837 0.0935505890100005 0.448561060420469 0.00286218542567302
-0.513192490945732 -0.0687570502581701 0.428149431230293 0.0853942957995424
-0.472657754845619 -0.214341473144457 0.342055586582385 0.186950496067615
-0.395747545360417 -0.436564814006482 0.145621576885217 0.151863964122675
-0.197716663701898 -0.550280330171654 0.0659669996315772 -0.00134688885422292
0.0707187421311456 -0.55125559608115 0.0757702525280804 -0.159856631314777
0.160091636222804 -0.534830247465315 0.156865591621207 -0.351939851504103
0.0679526868966228 -0.754184221793598 -0.0964119741685961 -0.182026712213685
-0.0209887252987805 -0.650448745033045 0.118645588431928 -0.21626753770056
-0.16996166440462 -0.599766342417919 0.0505433624799715 -0.285977344220623
-0.289538621228578 -0.499343156515476 -0.210354213536435 -0.177414303611983
-0.420484713095368 -0.353259323601979 -0.167248628907782 0.106595571285582
-0.541346479854359 -0.188560701483761 0.0464005893836947 0.218970527348842
-0.611724300556836 0.00387402358289429 0.182516405080411 0.149663034863519
-0.569075152973458 0.0786805391461597 0.22610466719034 0.0671500128682963
-0.627402141442419 0.097860006586318 0.245616087959993 0.0164024911273414
-0.651887520561295 -0.0887241229499933 0.238043486700175 0.0702085405105993
-0.589969884955576 -0.260343800623943 0.213758948840396 0.126877283674539
-0.487295673489834 -0.507477083629355 0.111955184878968 0.11329334654957
-0.270814696319628 -0.625097110448657 0.0702750397912265 0.0370649571075601
0.0175954920289744 -0.654079615323563 0.0495018804988853 -0.0150481450698801
0.13806343689177 -0.68851087140168 0.0639393729572394 -0.153143433408939
0.0445491321342218 -0.805511532823455 -0.13437451849588 0.0657853972102648
-0.0146098420950389 -0.687565615909186 0.110775526227235 -0.0714377530570993
-0.133901860706359 -0.662554484233277 0.0160088553486545 -0.236367998373326
-0.268579487964339 -0.605705667790885 -0.240780262766832 -0.168335929607336
-0.457066750474399 -0.463494558671335 -0.242709652607155 0.0555916383791552
-0.607310984435653 -0.257043433877255 -0.11483277940352 0.168966884055963
-0.688510990700647 -0.0352720316444328 -0.0296991975574546 0.134894839762118
-0.622464075933095 0.053619440945258 -0.00411193138277105 0.0819053393955626
-0.659561786224834 0.0818802771343392 0.0186855027852254 0.0358985100645497
-0.66851526982015 -0.106032067950721 0.0310964643188959 0.0603782252055889
-0.579631195287746 -0.269749883435603 0.0735239606962484 0.0631647820805569
-0.460848748397652 -0.478371694512024 0.0883930790024721 0.0747848094932553
-0.28621742212897 -0.570228689543946 0.0951404293428492 0.0933442997767849
-0.042354853472852 -0.631793872568966 0.0467885243242998 0.157299784936278
0.0846420573979379 -0.730180380004361 -0.0026167812538356 0.0832924811346828
0.0183539142924926 -0.719786648671823 -0.18354418646298 0.287775475845546
0.0131393998577295 -0.588076625813894 0.0524990868248351 0.0736185278375949
-0.0439695024990029 -0.607159610697659 -0.0395431237934664 -0.156769513534047
-0.18328309801859 -0.614344891179609 -0.25213633145142 -0.158450804182199
-0.415334972262294 -0.499770867592501 -0.315055745288795 -0.0319478707836421
-0.577549911892114 -0.283068823138332 -0.296143559136633 0.0827063264952013
-0.661832024082749 -0.066927172529805 -0.256362947717653 0.104140410581576
-0.582354484878251 0.0174021375443503 -0.234080340510801 0.0868330282482989
-0.589902442159653 0.0384851860331739 -0.190938906566784 0.0441163205521886
-0.566562170681843 -0.128150406487999 -0.145638719230572 0.0356199317578979
-0.447912803736733 -0.256352773356998 -0.0317931661143997 -0.00726145560958018
-0.320252570494472 -0.377810447449051 0.0921947303979058 0.0444973818871416
-0.226734215741659 -0.422412560079692 0.125407499093344 0.162762873025914
-0.0835026044309975 -0.510626541888646 0.0467898282354064 0.313140779304008
0.0250019096582687 -0.664165182955119 -0.0357645537755429 0.307110402032942
-0.0192168934948093 -0.518946010429938 -0.235296787301383 0.448728453438264
0.0191154893683446 -0.38997575624283 -0.0323866523769344 0.202929404608463
0.0331883168559689 -0.435879496206525 -0.0808503985436124 -0.0676917010253316
-0.0768499157719358 -0.488315015856264 -0.229222070893412 -0.164074241904202
-0.295224480652133 -0.428274319452639 -0.3745872656626 -0.141877147405963
-0.444080191990995 -0.25078620234588 -0.462673093523237 -0.0169237773364698
-0.522303601127967 -0.0847431793257269 -0.458514505803852 0.0677702535602127
-0.45424626601562 -0.0202540921409785 -0.426003299423137 0.0800575341824457
-0.437666547491863 -0.017956692881033 -0.35356936109559 0.0273097481097307
-0.383501363041223 -0.14271800992711 -0.25700983002527 -0.014657376052891
-0.25455829892271 -0.216313009891031 -0.0710128461843005 -0.0759886501186232
-0.1439193697097 -0.237171105606419 0.119664747996594 0.0401046499718914
-0.143227672321254 -0.236813764926389 0.131913621781266 0.240797426287523
-0.104565435210788 -0.339989290939488 0.0282746665600559 0.421738387440045
-0.0246217004556116 -0.511603823226785 -0.0435936703444018 0.480543415685732
-0.0680142537065194 -0.248521329878284 -0.263085153127889 0.526722575013304
-0.0189968039451835 -0.138160490047873 -0.0944087737223655 0.293851831205754
0.0596696283639702 -0.179278773663952 -0.0877164148451264 -0.00668625244265077
0.0189162849119741 -0.250390929647598 -0.189643977543341 -0.186344977722786
-0.122544134117727 -0.26346502431401 -0.417803598268358 -0.238373094907318
-0.227840207723092 -0.173017525578643 -0.584820143897218 -0.0970909330140711
-0.29300790659409 -0.0896484554039696 -0.601793072362305 0.0361883441596989
-0.258852781431004 -0.0586208256232932 -0.553363268868158 0.0628595885262481
-0.232661441854485 -0.0644275778311904 -0.449939189555866 -0.0119820801270534
-0.174536576246632 -0.127285286094278 -0.294250546032451 -0.0787091642641482
-0.0701005359663277 -0.141827226467982 -0.0491043956729792 -0.122393132008997
-0.00391726909749258 -0.0891061776780362 0.148720734373181 0.0698830636307844
-0.0667464659291864 -0.067447321343385 0.0979486849257363 0.310415463883326
-0.104846513285563 -0.162412413486894 -0.00845549680847603 0.467072196918875
-0.0563731014616312 -0.299894697916952 -0.0380924216639922 0.594196402019895
0.127369284976813 -0.040469340891442 -0.0919398809553265 -0.648088934857395
0.0917951627272562 -0.0890617946981606 -0.0374334723718281 -0.517562570663113
-0.00262480044226516 -0.121338919559125 -0.096475732090378 -0.363527867168695
-0.0989637480765551 -0.0660636348233098 -0.220679725253021 -0.122770836165648
-0.101793705140229 0.0305341933320748 -0.00769552468998411 0.16018570240607
-0.045238055823738 0.0616091421497485 0.318871480798294 0.150786223991186
0.00817230128505825 0.0866520635741503 0.514333188644823 0.0148363619899185
0.0218591671136289 0.0787627953059079 0.613661685622401 -0.0692904171797701
0.0135690625294278 0.0815992700498027 0.669575969923654 -0.062073909581219
-0.00799099195510173 0.0739651442547693 0.653254535340202 0.0589890670795863
-0.05822123364505 0.0726980883483437 0.512300351230665 0.215173091786106
-0.138608375483121 0.00945453039950822 0.234284304761906 0.193443292858703
-0.0951622373255225 -0.0985798840898555 0.109596193610942 0.00200347026869761
0.0204036064958791 -0.0961710798148388 0.120942542538114 -0.271740033726132
0.0664417303599299 -0.0148375600679746 0.283123131077945 -0.55011711279463
0.0634485565196619 -0.321564766050119 -0.0779369076817506 -0.562101265473984
0.00783979728075595 -0.289598315006883 0.025658979031923 -0.452199149642825
-0.105381049933619 -0.272321785659831 -0.00784384509368244 -0.354199073157752
-0.198713412950379 -0.186799251389215 -0.195690877795243 -0.158702923974065
-0.235641064799606 -0.0711223438405046 -0.0423835000931384 0.145672240446325
-0.241871586091881 0.0116234085232542 0.278302940313298 0.183228014912903
-0.231087790417698 0.109971832717393 0.485716397879877 0.0543463025949999
-0.213958786975878 0.115625878455258 0.566679144827583 -0.0389655279624425
-0.259628786061773 0.119854635500493 0.615398717071655 -0.0588433077718716
-0.294488487538222 0.0200591638254223 0.603002762271477 0.0539105863948314
-0.295586244809009 -0.0703975055638067 0.477965923641812 0.201209124304092
-0.298498171164329 -0.228882916896544 0.214082389336202 0.181158043332083
-0.166387692889217 -0.351779510891497 0.0889378981944648 -0.00790181846100597
0.0424906328029761 -0.365631030058809 0.0821643211922721 -0.253669487166248
0.112416787616835 -0.317861563298154 0.200252855398166 -0.503803007990066
0.00268292552903981 -0.578743286214424 -0.0642299701064728 -0.398032122149144
-0.0682538868216133 -0.498619199024556 0.0915585035598646 -0.356486865464885
-0.208433798133805 -0.436137012401886 0.0543761601899086 -0.335223304702826
-0.300990735642097 -0.318163720661431 -0.180966725998273 -0.174714876032711
-0.361781273514658 -0.18247071039843 -0.0833352498228528 0.126020507013234
-0.421943338663928 -0.0547755366678793 0.200837413338587 0.198232745168156
-0.450127227136361 0.107600944062086 0.387671936494389 0.0866451084226048
-0.419380896906604 0.137545266662705 0.433564752199442 -0.00203473657696561
-0.483036097194234 0.158868495215621 0.468577110794905 -0.0409094156212886
-0.533296970477633 -0.000927875506246047 0.467552547927494 0.0423629403128808
-0.509139394480306 -0.155572496882729 0.389158145434802 0.156978916168163
-0.464874905928842 -0.389562159584381 0.187423846180604 0.152525173742077
-0.269124356243932 -0.53619870805751 0.0798517834049545 0.0138127622154618
0.00956132145825645 -0.579550261442979 0.0415434095136311 -0.151849173724327
0.113931719832267 -0.573032780164333 0.100521490981389 -0.355896452185581
-0.0468467161830095 -0.75339765671817 -0.0577211473068467 -0.168807875288085
-0.115719855508329 -0.652833683931654 0.142005956630895 -0.229770056850353
-0.264183822185893 -0.579629767540396 0.076110703864841 -0.306641700628063
-0.373414301533633 -0.45751638206169 -0.189172163887458 -0.172847932687921
-0.469227272965484 -0.30084367036598 -0.139572824936546 0.100227990571064
-0.567347835828234 -0.124645568821599 0.081553510704065 0.191256097473936
-0.618368110624332 0.0906854748335081 0.225725157810505 0.103808334814989
-0.560589568721719 0.139525160100795 0.234005980560218 0.0378485475606039
-0.619505807785683 0.179956414472484 0.257362493108795 -0.00681971414351076
-0.675764048651551 -0.00552398392410658 0.269937655611586 0.0456675723643089
-0.631314023072201 -0.188443567903697 0.250834527526906 0.107474789701344
-0.564767204342637 -0.448174940052369 0.151660346987273 0.115734249139348
-0.354380264021629 -0.60230723644105 0.091810290465882 0.0574242742367239
-0.0602222073985662 -0.682431811328815 0.0288334318724193 0.0112357209952423
0.0705160599151767 -0.734302157361482 0.0174204965814277 -0.131136117734556
-0.0752556556929138 -0.799316351923663 -0.0703318874901898 0.0847783464226846
-0.110100890389763 -0.687678900735816 0.150856734541952 -0.0807560528831874
-0.234745453953778 -0.649943429723689 0.0515294366662599 -0.24762206505845
-0.36735246146251 -0.568352643234045 -0.208977206354362 -0.158393586846495
-0.522577954842169 -0.405307582187401 -0.212158742035554 0.0529032312219956
-0.642818049840644 -0.185315106183584 -0.0821982552319428 0.154416043553239
-0.702842397266133 0.0641736434260444 0.013667135355719 0.108622126415019
-0.61954143386135 0.120156985242715 -0.00133727315200991 0.0772415949821168
-0.654029026995064 0.165929941933071 0.0228894606280178 0.0369714447503576
-0.692731851498553 -0.0206160699422118 0.0524846203600389 0.0565765301688222
-0.6219637441664 -0.200481273549582 0.0965213853881463 0.0553497145071892
-0.531719914144639 -0.422544528014024 0.121678092601878 0.0758591866516212
-0.363943805454427 -0.544848665418341 0.124403959328654 0.113130262568905
-0.124372047206488 -0.652088291234002 0.0481641365999502 0.194856709298638
0.00333639673766761 -0.774089493116805 -0.0279252444829218 0.125680845222556
-0.0848021697795634 -0.706742880517047 -0.107663777364952 0.312217899420464
-0.0660721121792455 -0.592087141918419 0.0987082637444155 0.0748339563439943
-0.135064012011339 -0.605566569627886 -0.00198910694044962 -0.152850725422075
-0.281849942150176 -0.590544055153983 -0.219265084148276 -0.139606695889059
-0.48578468222428 -0.449035158834236 -0.291079475977098 -0.0264363752582785
-0.61919886915008 -0.213486544315505 -0.272465295827536 0.0867142401196338
-0.68171228502465 0.0296820012538344 -0.218896932747446 0.103444695458717
-0.584777949419406 0.082370832609133 -0.235068153372764 0.109091418245691
-0.588769813356954 0.114583102331767 -0.194626297856991 0.0664016509457955
-0.589681967211602 -0.0589694143553665 -0.136382999914339 0.0493216420260898
-0.483447139241709 -0.206216797394037 -0.0237262574426489 -0.00627771500902297
-0.374565961274337 -0.338075876585367 0.1170354868927 0.0423112883139662
-0.287138366685077 -0.399001598860874 0.160080690112012 0.177104304207893
-0.156140379599179 -0.520808183885038 0.070596990383654 0.354854856911105
-0.0556468873978628 -0.698523647676995 -0.0349123035805183 0.35949869484087
-0.0893292017997017 -0.503448417513768 -0.161713108047646 0.475086699355374
-0.0303067147237285 -0.392448383041484 0.012138855251394 0.215090499126623
-0.0311786479103529 -0.444164657556948 -0.0493650565711897 -0.0516745229131467
-0.153990832157321 -0.481168049981258 -0.20847372227474 -0.141388984830409
-0.359648422471211 -0.391286683038544 -0.367276683708371 -0.125121842667531
-0.482052147415105 -0.197842239104513 -0.456584602716579 0.00786983934449356
-0.544521020293937 -0.00698860427808875 -0.433922301420353 0.0949635004157696
-0.460837418779125 0.0304244704360633 -0.432662939230562 0.124268660757419
-0.442680853790199 0.037678606884462 -0.366057603846461 0.065232919019832
-0.405312218845851 -0.097381487512034 -0.261659026619202 0.00905093370125331
-0.282009489965074 -0.188318055352364 -0.0746739809578875 -0.0731354292551928
-0.17674394826487 -0.219235934930068 0.139267704675027 0.03300491973201
-0.180215806713183 -0.220946734767832 0.1711128419569 0.251588981098914
-0.15956893975837 -0.342844977008137 0.0683837233756058 0.462377793012449
-0.0926227621268257 -0.535244429862026 -0.0189839409686949 0.534729591937222
-0.097825251419989 -0.228648059260548 -0.202808546327268 0.554013142313143
-0.0334182726056347 -0.133305978388114 -0.0567991738111631 0.311527579542008
0.033598207598949 -0.189593597499757 -0.0719279205710829 0.011112894341186
-0.0208948377528127 -0.255540350181673 -0.190460799181959 -0.165433001041066
-0.167067241491616 -0.248960544119735 -0.4329232600156 -0.209542896193632
-0.257524186369968 -0.143195156867015 -0.593685856026789 -0.0518714473873801
-0.313647853057883 -0.0441181655743052 -0.590723393445128 0.0909427755254058
-0.268137651611908 -0.0280051614939152 -0.564208534863989 0.12267004159749
-0.243545085823179 -0.0359116935264135 -0.471238385072345 0.0348379780675142
-0.190432189059701 -0.107832882623633 -0.309851862458013 -0.054461026014711
-0.0857698830772193 -0.135331695571967 -0.059853490219774 -0.122944236611858
-0.0159060942384316 -0.0865940721916579 0.166705966380648 0.0593675117989174
-0.083510421510263 -0.0583540829079882 0.139451950138004 0.321406784470811
-0.139727848394681 -0.15928138195329 0.0396478795732829 0.506300591966538
-0.103092213219065 -0.310486470586032 0.00748064732901985 0.638237977574102
0.126337167232678 -0.0512732014699287 -0.143795440632229 -0.644007175144721
0.0857803273869532 -0.0948573446393327 -0.0769004911365798 -0.520409905286624
-0.0114604196333646 -0.123154703679503 -0.126790174592491 -0.362926811563735
-0.106926213590561 -0.0597935923474371 -0.236998567157116 -0.104088057475662
-0.103753032272401 0.0400000191593006 0.000933726993333296 0.16431311582199
-0.0432358374275555 0.0681853635384195 0.331098404560379 0.12771741466409
0.0141968833331738 0.0854422305930677 0.523719010663045 -0.0219009328304922
0.0289543501843063 0.0774368832824336 0.619831755268089 -0.117449083591926
0.0204886744508049 0.0815000193954147 0.674277624569687 -0.113803191384143
-0.00202774007613066 0.0741823792442865 0.665173810388333 0.0113973833205763
-0.0534453370397875 0.0775483114100442 0.536672613192619 0.180767480285616
-0.139373074206021 0.0206646979697509 0.250966620784181 0.180782684383016
-0.103828490682501 -0.0927690451200887 0.10912228217572 -0.00894239634585638
0.0139383160156681 -0.0979005961461359 0.0993868058852295 -0.288743288002313
0.0691676404215454 -0.0182277992688247 0.239680160061886 -0.579677759320691
0.0379936760900446 -0.328120257736016 -0.123955314875112 -0.559089505293483
-0.0163098453749991 -0.290878267515202 -0.00860333264145974 -0.459550761987337
-0.129529066652084 -0.267051336643403 -0.0357831895464569 -0.361035511344642
-0.217985323699193 -0.173782178628756 -0.215648749804319 -0.142742514320609
-0.246875319276879 -0.0535965254563893 -0.0354030471851837 0.153490385545748
-0.246087608878978 0.0338464463884094 0.293192358716539 0.164524382515911
-0.224125158271581 0.126942554004566 0.49414539327033 0.0237433011237575
-0.20677736667904 0.133481031712704 0.573930478927889 -0.0825741682515536
-0.252865687139747 0.142586909315392 0.621824380079988 -0.10430356836175
-0.297615698314864 0.0433496736035709 0.614263675304956 0.0101426354802801
-0.307196520410559 -0.0498163044209303 0.502365560739574 0.169411549149236
-0.320278344208446 -0.20922526550267 0.229241408101013 0.17052549091491
-0.196243967552276 -0.344212281502451 0.0858329421275867 -0.0159005943688556
0.0147684536544732 -0.374220873349605 0.0622734775203706 -0.267612696301995
0.0901849579634998 -0.329410215221277 0.15908987302991 -0.525130716670693
-0.0459496548518371 -0.581866195792857 -0.0964345743820658 -0.394697549397644
-0.111158617778388 -0.496944654983086 0.0647934556937809 -0.366157278427626
-0.246573240890334 -0.423709653028932 0.0287365018173987 -0.344423008951203
-0.332461003087829 -0.296954210199135 -0.20173861067081 -0.161210061097362
-0.382768281219068 -0.158527399281888 -0.0777765170736439 0.138122981798583
-0.433668468834709 -0.018721541079503 0.217636204532334 0.186057871100671
-0.444166212846037 0.142180557076053 0.393652727844187 0.0646792578724843
-0.412201656152108 0.171486057109138 0.444029164892141 -0.0351968064885526
-0.476965273917367 0.197265437608311 0.47194166830289 -0.0769504625350037
-0.543414173651827 0.0430559470539167 0.477122002201754 0.00856356266676968
-0.530040057753445 -0.120210406610583 0.407634298398763 0.132210291931559
-0.501799918008999 -0.359603276040621 0.199071434170925 0.143615781772744
-0.314245695528291 -0.52422730879531 0.076598438019417 0.00844763657961405
-0.0366386625752271 -0.589749653931929 0.0285520818493749 -0.160774157131238
0.068696713838959 -0.588126451390923 0.0704928415543554 -0.367407932983369
-0.110652245034401 -0.752297425165864 -0.0698255330989686 -0.165758833752902
-0.169587845735039 -0.650123478087515 0.128380805982884 -0.243664982162422
-0.31599651294925 -0.567086684182894 0.0547870456337104 -0.31698216556624
-0.417669150146519 -0.432484733457987 -0.208726969042856 -0.15896907916991
-0.502320401690219 -0.271873152685294 -0.135692581526473 0.116783817045297
-0.586239244147793 -0.0787860554021185 0.0983711066692213 0.188646744536182
-0.614077722965219 0.138924021453632 0.229607710301267 0.0953021963442654
-0.557460057699489 0.185204481572998 0.242458673544601 0.0215204047091334
-0.613749110614391 0.230428387689798 0.260509071917158 -0.0245104214443481
-0.685866690928999 0.0493504344681053 0.276009651888327 0.0274348914438635
-0.658644188892029 -0.14498709213504 0.262222145752859 0.0926014966221322
-0.608143098180544 -0.410257983351938 0.159694196908186 0.108859490761499
-0.406648054516183 -0.582713622465866 0.0923419718770079 0.05312188040057
-0.115975805161487 -0.686008894559814 0.0287467861866877 0.00597611580095174
0.010226373911323 -0.748762630104861 0.00340068078606326 -0.131980960787072
-0.143358069764987 -0.794481215236664 -0.0620062677765967 0.0901560291101021
-0.166807296492765 -0.688340332825456 0.149993891580122 -0.0930317439108464
-0.292220946617753 -0.639657585332199 0.0346648770736164 -0.254059579341522
-0.419856710164305 -0.546282339094847 -0.22774982755835 -0.142785955607991
-0.563933807848865 -0.374488461522905 -0.210904668860849 0.074935883732656
-0.668654128655757 -0.134746517225482 -0.0679813318322636 0.163896367707373
-0.702710544345304 0.118370406379837 0.014966112337515 0.115919149934351
-0.617525970748112 0.17177091957483 0.00609833483962944 0.0802432121726491
-0.648353535730687 0.219786928911661 0.0257447220541669 0.0371457859901825
-0.704415418472823 0.0351443704252716 0.0568463473028564 0.0546334731341309
-0.648076789391112 -0.158416156705253 0.101041406983364 0.0522021244109257
-0.571179756051789 -0.387829348404596 0.125849387513667 0.0698851099029107
-0.410034731443982 -0.522548594809116 0.130691957459476 0.107415170821676
-0.180359644735815 -0.650918401480323 0.062350810074383 0.191856210084982
-0.0622336561107603 -0.782074934897596 -0.0197330384629399 0.131535763924598
-0.142741594030626 -0.700342986221676 -0.0825850345749505 0.322096987725823
-0.113276424771589 -0.595390429086539 0.109463602818749 0.069429719060019
-0.187497023486228 -0.60521520662614 -0.0109434546027912 -0.153326309708217
-0.333504876698044 -0.577785493812351 -0.235278468742341 -0.123194775945832
-0.530972549397071 -0.420041193183798 -0.296031818751311 -0.00161601268753072
-0.645487808375715 -0.167561311949035 -0.265761222468101 0.109197965797847
-0.683405458252989 0.082414330006937 -0.220071289643534 0.126821169859562
-0.585768898210526 0.129409684275821 -0.229272404000526 0.130509346253178
-0.587524867404963 0.160087309155119 -0.193017323573067 0.083101158283585
-0.602864967055013 -0.0117773444598002 -0.134446039750073 0.0610705146667383
-0.50747517105585 -0.174981489120151 -0.025424431276334 -0.00168638650014928
-0.403841169229684 -0.314810305524939 0.119663396001096 0.0345834300376293
-0.322094824953925 -0.38011389379318 0.173637330000947 0.170244886635086
-0.204236897807537 -0.513192991482409 0.0982024147578826 0.354086005933116
-0.11635281676947 -0.701722790371018 -0.00712654170178522 0.368581843025
-0.12970050477162 -0.498112553169935 -0.125460711401925 0.491920532151678
-0.0611209961749045 -0.39713380838649 0.0332016174533007 0.21899386861389
-0.0676332789073579 -0.449066334831564 -0.0516592654332443 -0.046666983790757
-0.194148122301761 -0.47756277360223 -0.222720337344495 -0.126172448676486
-0.398048299422764 -0.372767953348756 -0.380254753448996 -0.0967764633338501
-0.506016155496651 -0.161672117330756 -0.457063160928651 0.042545260051142
-0.547153196185867 0.035456297358699 -0.438271630266915 0.131613712085198
-0.463629311139785 0.0670553868560294 -0.429669131300815 0.159963011830547
-0.446389979854013 0.0706425370960551 -0.36666855317143 0.0940112573789003
-0.418088806676895 -0.06574423793226 -0.263800736386185 0.0281243258189972
-0.300333034335959 -0.171617981148199 -0.0820219634006202 -0.0676276010540489
-0.194120499761374 -0.208049379253889 0.142841799142165 0.0219363160802537
-0.199854479857261 -0.206730487904677 0.192398387500454 0.244878593441244
-0.192152306070611 -0.333123384394303 0.104509033948634 0.463726405402666
-0.141524745677241 -0.533869934537553 0.0235280408710981 0.543640195433896
-0.116920461100956 -0.221012049808633 -0.162594550647869 0.57288598657582
-0.0438357853670507 -0.133653240615964 -0.0294561349196024 0.322128566522413
0.0187500533769416 -0.196073599305721 -0.0690467539767472 0.0186164659291647
-0.0412016726300218 -0.259117305631261 -0.205382101502187 -0.153622405448879
-0.190316016427153 -0.240972196373496 -0.453227649050682 -0.178705887089445
-0.274279479634082 -0.125875631141747 -0.603222913125452 -0.00774004227062369
-0.318440477189137 -0.0187286223289793 -0.594124019539456 0.135844600054843
-0.274626105941559 -0.00587391122025086 -0.563703633782978 0.169142591382968
-0.249515245906327 -0.018852513315617 -0.477617524139904 0.0689395858545529
-0.200101786325799 -0.0944306992571755 -0.317155097630249 -0.0335381953330246
-0.0966168481110305 -0.131033197415399 -0.0691130186192712 -0.121205198758151
-0.0218384745832607 -0.0859329088920425 0.175220076095222 0.0465184560894765
-0.0905516373710659 -0.050730136706787 0.167764986553601 0.319633704326483
-0.156058485585331 -0.149541222292791 0.0775639899227654 0.510167750041549
-0.133797901915291 -0.307450965292166 0.0600939975859688 0.646680679344159
0.120139729562774 -0.0611962019937981 -0.193423885328999 -0.616714802617502
0.0768996316200507 -0.0979655387179557 -0.117650557428765 -0.504083130687751
-0.0219591660931812 -0.120937776588326 -0.155831723878038 -0.348097615174792
-0.112359083954182 -0.0502217122049173 -0.243964702486782 -0.0807499799668988
-0.101322944967513 0.0498549937749568 0.0114826176368535 0.163747660862029
-0.0388132872010566 0.0732293767746647 0.33277450360438 0.099837796518544
0.0195913651145556 0.0820765665022079 0.515527315364898 -0.060653288597617
0.0356020131620259 0.0730366547653549 0.604158900481166 -0.16490579168502
0.0268733322590031 0.0780775382482187 0.657179154573774 -0.165111360044738
0.003243440258732 0.0715751596337884 0.656395623855556 -0.0400423595084747
-0.0462665253474499 0.0797956979901873 0.543670160220185 0.136173689421929
-0.135132417489776 0.0319755543167378 0.260781935991838 0.160528677232412
-0.110019574215035 -0.0836166676675441 0.10320284587048 -0.0192844858897683
0.00701398500035946 -0.0973014519630532 0.071115089303067 -0.295667186732738
0.0693532675579317 -0.0229594326191754 0.184621038960381 -0.58809671149913
0.0089318400791948 -0.323748877909802 -0.167665480977905 -0.534679570617818
-0.0398270152785612 -0.282204506709627 -0.0457780487294221 -0.450328542437778
-0.150434295515063 -0.251349283908675 -0.0660890447354717 -0.353164758576442
-0.230725231698694 -0.15236663537959 -0.227280213614866 -0.120388323804065
-0.250179530971185 -0.0326465954692308 -0.0261261194158577 0.157482518435489
-0.240521229381426 0.0567415648870336 0.299257882843607 0.139414987756054
-0.210739275613021 0.141439867928445 0.487354386929401 -0.0114291676377285
-0.191448495634461 0.147482158687249 0.563806827413699 -0.127308422724622
-0.236606789915011 0.160144004140479 0.603587086499127 -0.151951625464406
-0.28984001168992 0.0671446999699035 0.605748488393447 -0.0376365548493893
-0.307523650404693 -0.0255510424395895 0.507947554162196 0.12810350524762
-0.332702279484737 -0.178927743776886 0.238010738854303 0.151663177554459
-0.219749438181172 -0.324276962749871 0.0788269945474237 -0.0234446941173425
-0.0160328259814519 -0.369614754166847 0.0363374021216707 -0.271578064358308
0.0618376791415122 -0.33082305863499 0.109332393280456 -0.525781048646134
-0.0959990311772295 -0.560748332483494 -0.124535671654445 -0.378794482358987
-0.151223353986423 -0.477430494081581 0.0334173683070543 -0.366331470825186
-0.279741978465282 -0.395071168055639 0.000898903907895436 -0.342918213631936
-0.353994696097841 -0.265233005315084 -0.215270978206959 -0.138931146819992
-0.392043765695005 -0.124628158504056 -0.0675926855320803 0.147222540652242
-0.428225584957274 0.0205364782840172 0.227983113618677 0.166694041581116
-0.423599761898433 0.173247024938126 0.389697842765269 0.0403977792334984
-0.389819093049917 0.201375811447646 0.435999164489493 -0.0702499346851622
-0.450941173757569 0.235032425510937 0.45944666543343 -0.112317659600255
-0.532255350769187 0.0861486226334751 0.46973792317802 -0.027217655992848
-0.535720050027195 -0.0767374778781079 0.412668111817043 0.101025032236773
-0.5243553547314 -0.312391880724848 0.205957679911092 0.128974958657917
-0.352057057753093 -0.490721371083959 0.0709695794115174 0.00327908860644499
-0.0843547494278226 -0.576494237479015 0.0121976508252219 -0.164026989680635
0.0169488596685935 -0.583767853337835 0.0344343171397562 -0.363627443522576
-0.172455731328724 -0.721608552925327 -0.0809970257654998 -0.156425147094168
-0.22252093360473 -0.623390375092771 0.108013978279926 -0.250312059665177
-0.361360199786948 -0.530028700697111 0.0297905315254751 -0.316506836548423
-0.447734500326469 -0.389692307096025 -0.222149608549292 -0.136629428078378
-0.518293694901171 -0.226399361927212 -0.124432964120124 0.131660552323245
-0.583611819866261 -0.0249907709892783 0.113826499759509 0.178570969932151
-0.589941761183175 0.185629810054934 0.229576075265483 0.0853516611902562
-0.531075892893653 0.227728296661216 0.2428962294437 0.00190572434058554
-0.583954064120733 0.277671932215016 0.25444940710998 -0.0437706118643635
-0.671299201657614 0.107122625462573 0.274001101275056 0.0068489949775293
-0.662613369915078 -0.0900583661234897 0.26547219828904 0.0742784926154419
-0.632538340886537 -0.356019831090727 0.163765716963689 0.0978394942623803
-0.446411406043656 -0.54053912554584 0.0899826546834813 0.0472945523594148
-0.172375994190889 -0.663877872349812 0.0267855697301301 0.00113633233465488
-0.0562114716299379 -0.734228341397525 -0.00966756195557953 -0.126374527105989
-0.207761334187008 -0.758454359774058 -0.0518097745973103 0.0923998129345206
-0.222247773127212 -0.663315911003165 0.143053568493051 -0.104096410027784
-0.344179728915258 -0.603988311906472 0.0157314694317638 -0.25287217938382
-0.461088900576101 -0.501484071760825 -0.238177683370922 -0.118502494453269
-0.587993875289289 -0.324173551724677 -0.200703228291869 0.0958057258283959
-0.670989931581289 -0.0758429988261479 -0.0497352614490458 0.16737431941904
-0.675927645033184 0.17252746201626 0.0190536370140837 0.122123957457529
-0.591208471063614 0.218985939365718 0.0136812092281426 0.0794579521937981
-0.619143135538911 0.269389460521651 0.027561011345395 0.0357738483179907
-0.688625679635203 0.0953778614752676 0.0605040146589447 0.0512837923552209
-0.653830571110179 -0.104994047253199 0.103696637256216 0.0471688196775035
-0.594811656407125 -0.333277479933123 0.127885304984732 0.0612202224142258
-0.445710785058662 -0.479916169422002 0.133459218036837 0.0984524428971736
-0.231277314214887 -0.623639536988218 0.0754370624135878 0.18142952074227
-0.13148908536017 -0.761667450779098 -0.00982238850945578 0.133885441064222
-0.197726168521501 -0.668301716995088 -0.0540364740306456 0.321038674800505
-0.160302141586683 -0.577171885714571 0.116868407974131 0.0591595127246349
-0.237343011962495 -0.57992356200915 -0.0212913721606122 -0.148480366229697
-0.377944611917334 -0.542324663310772 -0.243441154881218 -0.099151000025587
-0.561805043698215 -0.372110380195793 -0.289134830594673 0.0267335764104249
-0.650003421413528 -0.110398415611491 -0.248212995290989 0.129146446339879
-0.660037257466724 0.136335530550061 -0.211322299313449 0.14988833845065
-0.563277924395239 0.177112081934697 -0.215347305037927 0.14795644597675
-0.564555129760789 0.203530762361013 -0.184403038557597 0.0977807517508999
-0.592626754771232 0.0393042183240671 -0.127323960614825 0.0719322185129824
-0.514945381850438 -0.132897908571682 -0.0259402119141215 0.00346169017329229
-0.423534513708316 -0.276950231144043 0.118428621474441 0.0257135974451956
-0.347365325930627 -0.345802139394655 0.18246476248414 0.156708499185071
-0.244240319754824 -0.486163000881906 0.124738957171453 0.339310682295537
-0.179040201528616 -0.678807269154888 0.0234550877367843 0.363599231500607
-0.166991178898348 -0.472545019156405 -0.0833756980728055 0.490038403986148
-0.0927148057735995 -0.387175783772086 0.0546649806786131 0.213244198358316
-0.105167562401244 -0.437052462472415 -0.0520201396495226 -0.0391495215876526
-0.231649557492724 -0.456046932056721 -0.230618972279484 -0.104138515429424
-0.424978591364347 -0.336308787214542 -0.380095232765354 -0.0627725663144995
-0.515122973164084 -0.117836372358992 -0.441934765844342 0.0782664970350869
-0.531808669088645 0.0816104884314616 -0.424038120047904 0.168074013813142
-0.451374652133055 0.105209417314054 -0.410397739095751 0.193136516006825
-0.43236794999821 0.106382254507277 -0.355103987897746 0.121870815217405
-0.41607888542576 -0.0301730892214828 -0.257177134273734 0.0482022156405108
-0.309616029809255 -0.146305679288031 -0.086061924482777 -0.0586272387200173
-0.20588699593644 -0.188459201633764 0.142150482314902 0.00967947996150526
-0.213060539994742 -0.183983940733548 0.209432047811075 0.22816852628613
-0.219104263079468 -0.309586790217862 0.141152176705111 0.448696963229214
-0.189151183819921 -0.513275111407368 0.0693131738198976 0.53151247069298
-0.132227110031118 -0.20541187619356 -0.114413519652014 0.574840759946859
-0.0539129406653991 -0.128777172930398 0.00199072512192451 0.32000463698366
0.000457869059932405 -0.195376086406303 -0.0629022125909297 0.0264872283904947
-0.061119280041479 -0.253531085984377 -0.214531798324483 -0.134083203906303
-0.20926091943009 -0.22220478630978 -0.459047755735111 -0.138828082434899
-0.282651287679547 -0.102166144787687 -0.591061692680423 0.0408159587558971
-0.312564183603347 0.0085390377192508 -0.576367239438729 0.182226530724186
-0.269981415678253 0.0179107371402604 -0.541373196816275 0.211499543361035
-0.246725490071226 0.00113733994388939 -0.467350405202907 0.105194546303471
-0.202537377715353 -0.0758194475338487 -0.314688336576517 -0.00916150479385051
-0.105249173444294 -0.121742612164576 -0.0772636458287479 -0.114405682726235
-0.0266051926455902 -0.0824320704601355 0.177871118531409 0.0306601715383405
-0.0942992577384014 -0.0397994787527684 0.193059272158832 0.305215203445338
-0.167557016303723 -0.132460468066654 0.117072479096879 0.495415969127334
-0.162505934399994 -0.290628695931393 0.115608297951526 0.629037361579193
0.111368133370143 -0.0670405795850231 -0.221038747610428 -0.576791372134168
0.0691098644805122 -0.0973675061525724 -0.143824376768454 -0.477205389105525
-0.0288984888987465 -0.115927319426181 -0.172675624855006 -0.328623519619211
-0.112950545294368 -0.0421698877016319 -0.241911298195213 -0.0609967984098929
-0.0964549176305659 0.0559869042175321 0.0181583950576791 0.159588269887878
-0.0338559176516673 0.0756582565368033 0.322888057938491 0.0781908721251026
0.0225795774044178 0.0773956203849819 0.495404052891236 -0.0874320772764994
0.0388321984535816 0.0678313085022631 0.575661608220656 -0.1946049899499
0.0308216858150016 0.0731125603815232 0.627002396441123 -0.195704394277184
0.00664138499629514 0.0672999054723057 0.630788111013456 -0.076819317983185
-0.0393933813982523 0.07949315342528 0.534372400654874 0.0995202706259594
-0.127397183285931 0.0391978576685545 0.259842127132483 0.142702915280569
-0.111389183450276 -0.0747451948717033 0.095524127031397 -0.0263161676228111
0.0028264008295008 -0.0934549721279282 0.04777640048074 -0.29142512085092
0.0684947966589649 -0.0266148736241682 0.138534361491363 -0.574800750189205
-0.0119017144243638 -0.308476569143104 -0.189797575762039 -0.501913487865312
-0.0557509906018022 -0.266603686513588 -0.0712812397241167 -0.429156914310315
-0.161209298702964 -0.23247400362824 -0.0840640645229131 -0.338450130488308
-0.233423661968655 -0.132396663230693 -0.228171706919155 -0.0992856850691063
-0.244608576874113 -0.0155776560220909 -0.01755477639096 0.157348370729195
-0.229307458247335 0.0724659216662727 0.294711870187958 0.118179657053
-0.194804597532239 0.147401747670157 0.471373607933796 -0.0325837019063403
-0.174427503209893 0.152628088690006 0.537741416076388 -0.156540869700236
-0.218196693584249 0.16921870216364 0.574550353907365 -0.180903702736056
-0.276079596219243 0.0814019894984034 0.581979208582745 -0.071510279741401
-0.300045027152932 -0.00709606051392706 0.500693233084963 0.0971623119528882
-0.331207818943147 -0.152690475226579 0.23798089285572 0.13642080232288
-0.230992846450628 -0.299940822057154 0.0703762552180788 -0.0271378487259603
-0.037971712424575 -0.354653880072755 0.0156090104722116 -0.266649935142378
0.0402248663150549 -0.321608212793074 0.070795751792191 -0.510617350052776
-0.12852137400595 -0.52850780037082 -0.141323487738935 -0.35387171872466
-0.175002670507387 -0.446610472291415 0.0115005208092848 -0.354861570492604
-0.296469210517523 -0.362165786374772 -0.0183085520301803 -0.331571133946074
-0.360042807221439 -0.23147362823746 -0.218248272989453 -0.117498178366411
-0.388217326153633 -0.0968887242088152 -0.0572411230476613 0.150311658858789
-0.412001177199061 0.0484736802997302 0.229969948569984 0.148624120155741
-0.39631821874345 0.191306004049273 0.379345894558138 0.0245801144445214
-0.362506454939027 0.217503627878181 0.417811491976822 -0.0930757401274922
-0.420764374074509 0.25431891608551 0.436736423771485 -0.134397107461946
-0.508627599921458 0.117638250021033 0.450522675517424 -0.0521959552891127
-0.524392880690573 -0.0433457575390461 0.405129041922811 0.075760787628983
-0.52430625595234 -0.269509348455367 0.205648769237108 0.116078385329864
-0.368059089741214 -0.453160049460042 0.0635894711004716 0.000943042974793085
-0.117391734363817 -0.55008003107358 -0.00186851338609444 -0.161573965475069
-0.02002981586867 -0.562106003200845 0.00884147510712413 -0.347861174661588
-0.212515049867905 -0.676446915475761 -0.0853180229825725 -0.144988155078064
-0.252495294657393 -0.585099263086099 0.0903210244272208 -0.247988376891435
-0.384154639461708 -0.484924263057422 0.0120003469448448 -0.307987659154417
-0.458680994401326 -0.345408840653875 -0.224997147119198 -0.114901468105244
-0.517763677888552 -0.187490207494994 -0.110633740953025 0.138875740448841
-0.564300659598407 0.0136496252963294 0.122438581486477 0.165866849126391
-0.555370659816579 0.211427287276462 0.226374234317802 0.0791659988744763
-0.49638128927693 0.250255553361241 0.23505304623533 -0.0121781217096282
-0.544431843701313 0.301936958130126 0.242361379436244 -0.0554495361868408
-0.641863311208041 0.146336301170083 0.264337696183702 -0.00689039581388979
-0.649705569570769 -0.0482432243814343 0.263358136997686 0.0602002218068441
-0.633934079939264 -0.303165922106872 0.162893226811077 0.089241051428741
-0.462557461341932 -0.495960547494733 0.0849385061812391 0.0431549780905098
-0.208464405873025 -0.62955495193023 0.0216234653494323 -0.00184415353782537
-0.103261002624961 -0.702342196628476 -0.0187983563104055 -0.116412843916456
-0.244102031749839 -0.70804368755194 -0.0430632802944347 0.0911037080884459
-0.253997651698532 -0.623883265457151 0.133422937155502 -0.109873764879083
-0.371569188314533 -0.559565506335924 0.00275253441497001 -0.244716232166908
-0.478577860494734 -0.453528073434847 -0.238329748369029 -0.0954703181824287
-0.591774328605486 -0.27930032655037 -0.184533978916741 0.109661828760352
-0.649999929244741 -0.0278867150405185 -0.0341691448281297 0.163848263996294
-0.638841608825169 0.203447942641263 0.0242921466340513 0.127052068737612
-0.555818759756927 0.246436218606568 0.0180885643865043 0.0759476862351613
-0.579025147209732 0.295477828168565 0.0280701696159847 0.0335093617268821
-0.657307020708186 0.135257211728782 0.0615718838406024 0.0481880257396342
-0.640788507854286 -0.0639456129549534 0.104031921818109 0.0444049650149248
-0.592341698908953 -0.285736942758334 0.125302740970705 0.0547216924340056
-0.457477530888411 -0.436161106306051 0.130639743744102 0.0904247584603956
-0.264061138771899 -0.58404961804646 0.0809464484811461 0.169829556314229
-0.17927958727524 -0.724393411093163 -0.00174752622803965 0.132729122115208
-0.22906184008912 -0.624993214408864 -0.0322189801858063 0.309886861874229
-0.190436459646235 -0.546386725711289 0.119303252527513 0.0488018078553275
-0.266651380546584 -0.5439879130865 -0.025985049261844 -0.140333999251191
-0.398783671637109 -0.498892684873263 -0.242030287645949 -0.0773128262867894
-0.567792070474998 -0.327842131959916 -0.273210275670438 0.0461821324994128
-0.634971567378781 -0.0643454645534204 -0.22675130044381 0.137614180869278
-0.623898093956633 0.169809315934166 -0.196997307858421 0.164652846662887
-0.530719510525923 0.20417339512309 -0.198504104039239 0.155779340560281
-0.529718393830477 0.229899064914722 -0.173000232155707 0.105535233908002
-0.567662457767039 0.075484135963711 -0.118131278490413 0.0783610656819793
-0.507328956690082 -0.0978540077862515 -0.0233897663591957 0.00878680976914859
-0.422845334943416 -0.240966828422168 0.114467175527037 0.019112429164558
-0.354202538216349 -0.31051900131877 0.183617777880825 0.143872485312492
-0.267634070584186 -0.451536016033825 0.13923181656528 0.319048396499247
-0.22119873395592 -0.638993490707834 0.0470647128572986 0.350065251394267
-0.186732879283698 -0.440299945583883 -0.0515278709712505 0.473281455953791
-0.112214367111785 -0.368694008920835 0.0688444938850932 0.202052332864316
-0.129661799430108 -0.414843134960546 -0.0489525449901572 -0.0325669889340897
-0.252421201011642 -0.427285227427137 -0.228218058437547 -0.083430948521491
-0.433581731887263 -0.300846192216741 -0.366397726443996 -0.0370407672327958
-0.505147871358601 -0.0819760845177333 -0.418594221498331 0.100091752093546
-0.50290247860185 0.109130092823114 -0.400371149924993 0.191774747024626
-0.427310020411628 0.127803635089304 -0.384092408552345 0.212127827365961
-0.408202377702892 0.126905478423632 -0.337150689722373 0.138199989610638
-0.400089834362297 -0.00390573842332873 -0.244394636665113 0.0617095260658386
-0.308526149821656 -0.124189478035787 -0.0853602304990402 -0.0492429871013951
-0.207778928726759 -0.169405030066904 0.137388799317535 0.00116088526840157
-0.216034242512269 -0.16213878567293 0.217006454111206 0.211524448744869
-0.232742839314162 -0.282849457779876 0.162413962217611 0.424173599103604
-0.218934586848474 -0.478517756243791 0.101510427824961 0.506846087050418
-0.13735521233219 -0.188177166221029 -0.0764511404154177 0.558230450623499
-0.059370931798129 -0.122119497379376 0.0251745148887109 0.309072170137862
-0.0120642697501964 -0.188267729405589 -0.0546598447007541 0.0312861820608832
-0.0749072249579353 -0.242535807908744 -0.213864668546964 -0.115440359087471
-0.216870018845524 -0.203162712031703 -0.448520086818336 -0.107674183771928
-0.280258758766903 -0.0811551162016033 -0.566655554327944 0.0727657787603374
-0.297413636362118 0.0274528846733513 -0.548562935834995 0.21111663756427
-0.258924674668918 0.0339704966754363 -0.509694147239211 0.237115684444187
-0.237396229717233 0.0160677082451128 -0.445427371159987 0.129830441791327
-0.198568108745246 -0.0603226359472457 -0.30339522238686 0.00849780279634062
-0.108718819345153 -0.11221830497609 -0.0793230839004186 -0.105771032010268
-0.0297659692088004 -0.0772341534592044 0.175037577809383 0.0180857234659407
-0.0938335519779987 -0.03016918331837 0.20785360159617 0.285820223238376
-0.17197037826397 -0.115535602195091 0.142948406305242 0.470785111755133
-0.179880459590997 -0.268132997354264 0.152295618933929 0.595367911130206
0.105765724732931 -0.0688284765599255 -0.231859592787257 -0.548595261256011
0.0652338298904521 -0.095103182689067 -0.156221455084612 -0.456324224487647
-0.0327201693063211 -0.112696138182345 -0.180289050150857 -0.314700526379057
-0.112634153159373 -0.0365075049346025 -0.237331770002441 -0.0503671100085821
-0.0930492357040808 0.0598344108710481 0.0212848061485322 0.15639593612949
-0.0306823378014332 0.0770928406456232 0.313273740911034 0.0669508331864636
0.0229384610629343 0.0740572400533102 0.477871730193738 -0.0992105809936828
0.0398542736253036 0.063584247622921 0.554938123432349 -0.208807001926697
0.0324463508962292 0.0693359993306038 0.601398778963795 -0.209084788252695
0.00787249420213115 0.0639000762546555 0.61114744352623 -0.0932451309200215
-0.0360949592479109 0.0776485470613393 0.520741176354557 0.0805308903278321
-0.120743600641403 0.0420495145383677 0.256142086309856 0.132047945265435
-0.111263041588632 -0.0693294168702217 0.0880970749835081 -0.0294208720404144
0.000981512386904075 -0.0906898620241338 0.0319237127075597 -0.286338220734104
0.0677741811235401 -0.0290835603000696 0.111491156143425 -0.55834332929467
-0.0229343103704876 -0.295305777228006 -0.198224247953108 -0.476135189737166
-0.0622429193196943 -0.25401047565969 -0.0838009930504071 -0.412118337762484
-0.165874706774533 -0.218658230190129 -0.0933619060231519 -0.328049901131311
-0.232645029392383 -0.118864630667017 -0.225563956896474 -0.0869841722710573
-0.240490092259458 -0.00577049764767581 -0.0129206529124876 0.156347197144429
-0.21913760730593 0.0811102005670414 0.287705512485304 0.106828016108203
-0.18463733736624 0.148114281612264 0.458103096126815 -0.0430736284675698
-0.163495541191988 0.152319400596841 0.519675365895776 -0.168217960436423
-0.204696649737876 0.1715225571515 0.552624014351229 -0.192813737192337
-0.266574253932892 0.0886476194031532 0.563293682670506 -0.0861701971951286
-0.29283448402109 0.00224996943574936 0.489884995622056 0.0794326243997971
-0.326199608653241 -0.137780181828361 0.234160886545446 0.128028677513257
-0.235276960385675 -0.284506405568968 0.0627719721493689 -0.0279310817091302
-0.046954106826133 -0.342388972437446 0.001365304210506 -0.261265257182904
0.0290695954785536 -0.312713718512396 0.04788351609437 -0.492151157602366
-0.142046397614528 -0.501401660517371 -0.146159181858224 -0.335627692833289
-0.184813895612532 -0.42544280775503 -0.00139561833614548 -0.34279387800632
-0.304617746988241 -0.338364476603334 -0.0271017475711701 -0.323788363828433
-0.358063150583405 -0.208779403114836 -0.216111650045086 -0.10361143774969
-0.38278511020801 -0.0812522917881805 -0.0494719847623497 0.1516418581151
-0.395906002067126 0.0648116766114823 0.228062253339244 0.137436110180035
-0.377238368170793 0.19665658524327 0.371512600215079 0.0189724539391266
-0.343957042827854 0.221311300348343 0.403198764119229 -0.103523479952991
-0.397943560270241 0.260758714355606 0.418942883482753 -0.142510833832549
-0.490204213572518 0.131485873539914 0.436322343995179 -0.0630636056340076
-0.512681186901134 -0.0249292446296414 0.398872470728884 0.0630777820316716
-0.517814417635403 -0.242006358238256 0.203147108818094 0.109743454115699
-0.372802329413431 -0.428503570396408 0.0569474718905394 0.00119268285716978
-0.132980608454639 -0.528058382372387 -0.0110202747286229 -0.158103452878698
-0.0408438898502018 -0.542851170676003 -0.00534803296051247 -0.331518969310634
-0.22717237679544 -0.639897009144914 -0.085519607934155 -0.136524779177502
-0.26563615387693 -0.557585130649799 0.0794516569021357 -0.243326528321613
-0.391355500217485 -0.454427753104376 0.00315937942206347 -0.301291151428578
-0.459262678675278 -0.315062600852752 -0.221344189165386 -0.100121371227924
-0.510925932801077 -0.165529569132195 -0.0999377777992998 0.142889661801123
-0.543530878170986 0.036027611142926 0.12661872403882 0.156156585215825
-0.52723698208107 0.22223439061346 0.224234141356017 0.0784298729120844
-0.471903747946459 0.25864646511982 0.228348605916043 -0.0190751517926598
-0.516199275464949 0.311191017539518 0.232686111759029 -0.0604761826062215
-0.615239818136443 0.164628669366637 0.257105721464746 -0.0130476523397368
-0.636626269584077 -0.0237333965947082 0.26054849141008 0.0534302582900561
-0.623538098335926 -0.272098029426601 0.16062915929866 0.0843240601632802
-0.465434486445045 -0.465613540928346 0.0796057647274652 0.0432628610921966
-0.225008606240408 -0.600197675347874 0.0182319949210354 -0.00380579193188085
-0.128275541113199 -0.672820522949763 -0.0228839891863559 -0.107966001679058
-0.258768338841935 -0.670005164885778 -0.0370345022073166 0.0889633209298256
-0.269073955859357 -0.595036721127047 0.127337415009383 -0.111479900310622
-0.382788619554883 -0.526869021367561 -0.00156262217866896 -0.238029314541135
-0.480938126939484 -0.421995071257239 -0.234169096196538 -0.0797708462784811
-0.586512787872323 -0.251477671709951 -0.170775831080853 0.115964897622808
-0.630225331403776 -0.00357692796316603 -0.0229339096904908 0.157439155333922
-0.60876955985863 0.217610444257409 0.0304961387081947 0.13148000917287
-0.528872763164192 0.25535847422754 0.0204838038725096 0.074228236529652
-0.550118648537748 0.306641506760497 0.0281706296839697 0.0326880348048841
-0.632319579635215 0.153767147366178 0.0616790525728961 0.0478480465865617
-0.626398878677075 -0.0408931635370649 0.10575162329547 0.0431069268529048
-0.584279381669137 -0.254273635373776 0.123225219099864 0.0513955245735471
-0.456745383385585 -0.406703874738983 0.127329437304961 0.0876982610002527
-0.277279122757461 -0.553887793082673 0.0817508431119184 0.161523909724417
-0.204035908247438 -0.69091135158084 0.0031579992647743 0.131568283042593
-0.238948518035206 -0.590855751032297 -0.0203333372987465 0.299335683862851
-0.20369602396016 -0.523518361909894 0.11973541535568 0.0428809621138031
-0.277805551436414 -0.515845599191561 -0.025726330532657 -0.134206675256106
-0.405922611241927 -0.469264679421772 -0.234989698271679 -0.0621328289175313
-0.564385419228003 -0.299543643932577 -0.258237377800752 0.0557586348772589
-0.61783606436497 -0.0387827457813761 -0.209813397763716 0.137717991234372
-0.593634557382883 0.1847516012524 -0.183813700113128 0.173668200669185
-0.507188536570109 0.214052052671732 -0.187821204122271 0.158996910962333
-0.504346512966425 0.240085230525197 -0.165993906771403 0.108223199398263
-0.545855925340734 0.0929746764780764 -0.111408960304389 0.0816283660718079
-0.497787155364861 -0.0797643937030209 -0.0196023235396562 0.0123523029027882
-0.415864584895164 -0.21885881339968 0.111529474182116 0.0159093081434403
-0.353270517504665 -0.28800236218761 0.182368400392649 0.136785209093176
-0.276636509528348 -0.424136741900147 0.144854375986239 0.3046162152736
-0.24083712425067 -0.60746489166443 0.0581392209769731 0.337295574959074
-0.192332319016376 -0.416062430949772 -0.0335169124713369 0.46059194243288
-0.121582275409535 -0.354513671711634 0.0763441694997607 0.192565256080321
-0.140972121996973 -0.397556234335034 -0.0431990930167647 -0.0276727404893642
-0.261194564450126 -0.405957779142559 -0.221038264161309 -0.0700316921125062
-0.434473563150434 -0.278270376870367 -0.352734726500832 -0.0235197044239957
-0.494125198805125 -0.0606196202464375 -0.398757172081884 0.108258017835086
-0.481396695367665 0.121515239097782 -0.382822440874389 0.205251627173343
-0.408895834732842 0.138487148889795 -0.366223347619832 0.218230176590371
-0.390877478116955 0.13692980330256 -0.323464689837777 0.144568754845495
-0.38628210740513 0.00973770133721297 -0.234647837482725 0.0686135089419423
-0.304666884422204 -0.111719270979713 -0.0822273159378087 -0.0435001327982199
-0.205941121872658 -0.156283014926047 0.134139720659444 -0.00341144297508309
-0.214870318920384 -0.147045267316852 0.219151687627252 0.200772436528442
-0.237216247635927 -0.262512733235181 0.171488265932097 0.405066400074533
-0.234922649975265 -0.45178989386388 0.118173030994321 0.485150561895487
-0.136862407187775 -0.177247174737947 -0.0568685755234534 0.54088371764227
-0.0619258915632827 -0.11763088517966 0.0381945493939632 0.298244984518971
-0.0181645431597216 -0.182508665711928 -0.0471677189614077 0.0344849604552628
-0.0814215583885365 -0.233412642550567 -0.209196212223302 -0.10360323067547
-0.219772520360212 -0.190566838000993 -0.435576054804223 -0.0908201146956624
-0.276158612570413 -0.0692800670137907 -0.544929029773296 0.0882589462243705
-0.285631347183986 0.0364857051778698 -0.524203318626913 0.222891050399965
-0.249266702011748 0.0424404989756032 -0.487614694525583 0.246911364820587
-0.228637807950771 0.0234344777871129 -0.430037670696535 0.139767348112422
-0.192734688251676 -0.052089951201513 -0.294026102015792 0.0158646800369463
-0.109055120381295 -0.105376080084542 -0.0785277182786649 -0.100631332214795
-0.0303093170604034 -0.0735418496624447 0.172388940901358 0.0114946467574566
-0.0923837925317257 -0.0226895199357291 0.214903515904439 0.273107118655063
-0.17247740713446 -0.104296915417536 0.155321770544376 0.451826680193318
-0.186941007122804 -0.25039859187425 0.168075422147128 0.568405284123346
0.0844010181447215 -0.087219074968877 -0.338035102520928 -0.49790169029407
0.0390396994801542 -0.101787919630603 -0.244389386695129 -0.423268591212174
-0.0590225434814089 -0.0988530932003207 -0.240053605202468 -0.284847236226314
-0.117863260219599 -0.00643033921948319 -0.248280124501418 -0.0112207184989112
-0.0736029064483546 0.0791429329107154 0.0443465940802302 0.151449454798865
-0.0119668959947845 0.0786225541010091 0.31567930572219 0.00845377368038518
0.0387232223342081 0.0615271089532978 0.444794217748053 -0.186026925967503
0.0515198207420095 0.0490704213408884 0.501283805592214 -0.31774817649275
0.0492680603913449 0.0568992377819277 0.553194216598053 -0.333750534268866
0.0251499843846938 0.0595404544146459 0.589862571373558 -0.225200810372181
-0.0132414968462426 0.0822347867295883 0.535092428119817 -0.0335825939856248
-0.104305774433987 0.0675738274786548 0.283607617833767 0.0752088418023387
-0.118296243285454 -0.0427808834455513 0.0814355741697344 -0.0523932708535824
-0.0126461068505373 -0.090648186346575 -0.0366622166252522 -0.288374338084838
0.0664050505904623 -0.0502195514817733 -0.00815174142476344 -0.56876772654932
-0.0792183182559358 -0.270321971238119 -0.286368627667756 -0.447063658683183
-0.1151524426434 -0.224364134727492 -0.162647641225767 -0.404245276551169
-0.206523638101172 -0.168949110882835 -0.155559932045778 -0.33047617122848
-0.249181742154167 -0.0564997913200257 -0.240845961587504 -0.0608926315177211
-0.228283951788569 0.0477241198138997 0.00842330305917308 0.148060993705511
-0.189569295925511 0.120013423571324 0.292305585287085 0.0429496425785521
-0.139131578563382 0.176705741046048 0.428700896936598 -0.138964681359039
-0.126393923550392 0.172753513557356 0.472181282577292 -0.271575481927926
-0.155944269932674 0.199585217935231 0.512343043413352 -0.3076484920135
-0.232104845107835 0.137341361887497 0.548908431302082 -0.213970521505093
-0.270888874283206 0.060298648161926 0.507051484088051 -0.0335155860962414
-0.335766118921436 -0.061974659021627 0.267090881224166 0.0723516801481246
-0.27859538836332 -0.222068750891784 0.0666163974008587 -0.0467716167451056
-0.11523983549594 -0.321401639161266 -0.0502041026876498 -0.246819068455067
-0.0335214969873825 -0.315357958532102 -0.0466185168144626 -0.477492651754775
-0.22875897098064 -0.436797602871245 -0.201287261095103 -0.332407532409196
-0.266925958175668 -0.358943328568526 -0.0614290172503139 -0.363701818367459
-0.35939390160688 -0.251137398917405 -0.0878722272561598 -0.354236587889558
-0.386968468750371 -0.110665114105942 -0.231670575876008 -0.0920813359399767
-0.379884759631978 0.0058988666918166 -0.0303976857656775 0.139745437758564
-0.360283063941912 0.141223960412346 0.235065035950571 0.0742388367529385
-0.307672900599397 0.265213270576376 0.348599636363358 -0.0740664059129236
-0.285527435908218 0.272276819839583 0.371437281587489 -0.184685670168056
-0.321350092871301 0.322423930248227 0.39227830149702 -0.231350303289818
-0.437688139029647 0.222852917939784 0.430750156209175 -0.166632512438303
-0.484406937382981 0.0773104979221071 0.415115038628876 -0.0311596568356572
-0.539347565773577 -0.125153762071448 0.236256027567172 0.0586060293933113
-0.438191536156941 -0.328426872078379 0.0763203228842883 -0.0188303036251187
-0.23951467876281 -0.480089388484 -0.0291758701453306 -0.134984698303944
-0.15286582002966 -0.520179459880228 -0.0559460796418482 -0.298394517867329
-0.333271298947194 -0.547351740371699 -0.0964086207350576 -0.156527209929728
-0.37131925277825 -0.469225554498961 0.0438407147437406 -0.287151068496232
-0.467095918209123 -0.340588226241669 -0.0486382404203097 -0.349135122757372
-0.504806316816384 -0.187177740169395 -0.23031880929089 -0.097651410377089
-0.520444431208426 -0.0470097917672415 -0.0823131545924148 0.129154712811604
-0.506295426288434 0.14310840885614 0.136786509459587 0.102961103228993
-0.444297738448824 0.321225787638364 0.212215528708195 0.00260853736918883
-0.399384580045784 0.332475101627761 0.216960474281212 -0.0662194819215732
-0.424331058103875 0.393935243892415 0.226219480822734 -0.112020735364297
-0.554256540605219 0.28025252183631 0.264885505984437 -0.0797947480451947
-0.601321879066313 0.0991006264196474 0.276666739851867 -0.0124477164529092
-0.644411489548213 -0.131467863354646 0.190384747780739 0.0407384257629894
-0.532322996118996 -0.343845168344658 0.111697062564225 0.0149674970370972
-0.345168754117513 -0.527278724823867 0.0424215431164234 0.0123473892160988
-0.268804347376675 -0.624983737590883 -0.0165452382595086 -0.0702790583312638
-0.367638896272577 -0.567970635559045 0.000146020636133502 0.0559145369667134
-0.381644797942078 -0.505379159211098 0.121494177110892 -0.167335693977516
-0.472824913175865 -0.409775580066226 -0.0335591214944821 -0.288133934514777
-0.548689660914205 -0.282200718647941 -0.229854436527133 -0.0804628079974252
-0.611134324955732 -0.111873794664772 -0.155910950944912 0.107570239908257
-0.597230591776456 0.125363356982523 -0.0112521861774055 0.127251715069899
-0.520205428689459 0.336340293646819 0.0312128349468729 0.0858336207531507
-0.454943123981127 0.341905047568051 0.0331215416434928 0.0669001482191918
-0.458423455089043 0.395449330661438 0.0419623179024752 0.0236900390898003
-0.571908920076553 0.272827778707273 0.0836104656958146 0.0215268032184725
-0.598866914116372 0.0823108107799398 0.121036164436976 0.0114521505785969
-0.60312017530854 -0.123975315858095 0.145074647005139 0.0160675539785157
-0.511776556950849 -0.288417359071397 0.167503714753932 0.0484489497307477
-0.389364933459744 -0.467670288255922 0.146624055955872 0.15933735610722
-0.346884450338699 -0.620559053959981 0.0643561958988788 0.157347341672525
-0.333999095880935 -0.498884081611993 0.0581471598798535 0.267533455764734
-0.302163647454472 -0.452773441142458 0.145615741467351 -0.00720182780611325
-0.37327570542418 -0.424831019292731 -0.0293324273549089 -0.171924618636054
-0.48997345644765 -0.345151521763554 -0.219854565572634 -0.0581750930432238
-0.602564731559757 -0.161819471133384 -0.252586538257064 0.0641551074394909
-0.594260086371336 0.0901687407869242 -0.197190596323972 0.144145668446795
-0.516434424642569 0.304142404393957 -0.168487848623526 0.167861520257193
-0.443461584054894 0.299056867520197 -0.152595668775229 0.191453405605395
-0.429410028657005 0.325531000199705 -0.135645541191638 0.139266251355385
-0.50295618046121 0.194724793596366 -0.0829699224443596 0.0951167655089085
-0.485674912212934 0.0193426041249303 -0.0106719019257327 0.00958776703781706
-0.436891772789785 -0.123707315980438 0.122955107153837 -0.0143965320356691
-0.389020399637479 -0.194809935813771 0.22854566294141 0.0873643542436959
-0.361577567981097 -0.340085193242407 0.239845299974969 0.280775940690763
-0.366501864218525 -0.52803420647608 0.160006790171204 0.343169908525421
-0.258378294705541 -0.347479364392348 0.0724111317156246 0.441150768108235
-0.187987157841762 -0.310151952261961 0.129825102152265 0.160574927781831
-0.218718281278764 -0.34332771854155 -0.0240628845566973 -0.0471044776816656
-0.338486288741734 -0.320680562336378 -0.208345978017021 -0.0564255396945967
-0.477198778770563 -0.168595520235603 -0.357933006289754 0.0125794615646165
-0.482213794996408 0.0465880946370543 -0.384595292550872 0.1564239299135
-0.423973356327538 0.222183491198389 -0.350492287316907 0.242801978096643
-0.364873306750728 0.211295470040867 -0.312132406232196 0.286480688064277
-0.345107108416985 0.205994472787537 -0.287272749352267 0.209582620134799
-0.368107111655875 0.0848701658030717 -0.211041176700005 0.111786304399437
-0.308376215549741 -0.0475559936834404 -0.085663799001635 -0.0306475869069792
-0.222493987518013 -0.106302307123031 0.138073612778319 -0.0368003143391806
-0.23052115802187 -0.0888327617808307 0.273239121847283 0.145900221065881
-0.288569021179083 -0.191579613691364 0.28309974377121 0.367730544427872
-0.327633708903211 -0.377022959039069 0.244314175937966 0.468069181099954
-0.161171792552443 -0.137133380313556 0.0585808484650502 0.541651531864505
-0.0804714874514904 -0.0994811943039681 0.106491003101684 0.283925912254814
-0.0569302634164194 -0.167742851651452 -0.0225649910835119 0.0335247120980502
-0.132495268243295 -0.200539171147176 -0.210306772157996 -0.0742755227671993
-0.254457951673059 -0.128870653480783 -0.451001819786127 -0.0231797857079095
-0.279009339547748 -0.00259719946783806 -0.52533317899412 0.176348641641557
-0.260582654939276 0.101240392459457 -0.478376566295915 0.300187896336532
-0.231086765674995 0.090251620582901 -0.425585033718189 0.339571649213226
-0.214583667696044 0.0674622719077076 -0.394299246776624 0.229345090220129
-0.196695895610284 -0.0137702024447522 -0.285058386446178 0.0770255928262556
-0.122577700176509 -0.0799178751275875 -0.0963324530241912 -0.0862397406385798
-0.040007627655735 -0.0608819417191088 0.177391291193597 -0.0279943813378408
-0.0917936348900235 0.0049967494239019 0.280100331796364 0.221914285677416
-0.193541970794831 -0.053992131138223 0.270228246328059 0.413365596345506
-0.237966629097948 -0.191129198489681 0.303386461548075 0.530367073612371
0.0828275494569723 -0.0911712231612222 -0.355906216457382 -0.491858987347621
0.0383757184492342 -0.103872056677154 -0.261596232658817 -0.421353038143057
-0.0636719289935074 -0.0978143662381258 -0.255184717220169 -0.283895112157374
-0.12099247103121 -0.00184915813345538 -0.254566948020568 -0.00404172132478487
-0.0717321175672737 0.0848254759734561 0.048271472345163 0.155199588262761
-0.00869451996749629 0.0818478948958746 0.319930498629148 0.00119724511038988
0.0401989065996925 0.0617908533085578 0.446449210558288 -0.204361920965992
0.0535357381158777 0.0470284247646185 0.500754465407549 -0.339888897225536
0.0519298632964405 0.0554941538721169 0.554833968019717 -0.356106223848131
0.0264296078776706 0.0587888461138899 0.591900912893569 -0.244385482803225
-0.0112476535356582 0.0836189119388409 0.542648731572996 -0.0510330886928414
-0.103293382046103 0.0710752086745176 0.290189743030621 0.0695665407020834
-0.121937115522348 -0.0401027830013437 0.0763436750928963 -0.0555206868230495
-0.0143001175916695 -0.0926012701265802 -0.0512418535075835 -0.289939633404637
0.066959620359878 -0.0546889192155247 -0.0262981980926521 -0.571931843014039
-0.088083543030588 -0.268826640004745 -0.301156296716716 -0.442015828883651
-0.122171131689924 -0.221440178858545 -0.177142002739731 -0.401176979094135
-0.214979532197402 -0.16135574783511 -0.170684390528987 -0.333166166101551
-0.255536583038778 -0.0470502438314332 -0.248094974631641 -0.053965385383044
-0.230661674802663 0.0578868596787871 0.0132659145315313 0.151896991596719
-0.186928353947643 0.12980766974704 0.297565952475968 0.0359482834556763
-0.135769838944601 0.182892229898626 0.434682830402775 -0.153200533798261
-0.122818201910534 0.177382200831493 0.473128252654642 -0.29208077362252
-0.150487219649198 0.20731953545184 0.511357238017969 -0.328539958252536
-0.232081369307023 0.147476458462893 0.551454170611046 -0.232255494784539
-0.275033416357061 0.0702946366113356 0.517328025165422 -0.0489089949151491
-0.342373004291951 -0.0519921238239445 0.275177499579809 0.0678737219442215
-0.29055258659865 -0.216259244637813 0.0619907946752831 -0.0471887809361456
-0.125617585904472 -0.322489922803663 -0.0645278220834166 -0.247105626352481
-0.0442710666560379 -0.318582552031235 -0.0626650751370895 -0.477783523084319
-0.242248548304917 -0.429460048566805 -0.211224552095226 -0.329766968000893
-0.281868709155153 -0.353536248347951 -0.0743733041756224 -0.364757917891658
-0.374228925072976 -0.239250993518155 -0.101001335720752 -0.360664235625197
-0.397167850933138 -0.0961346408281751 -0.238270194318921 -0.0852207442911695
-0.386871617163566 0.0212800354173752 -0.0249510838447402 0.143155932245739
-0.357339970461941 0.156218394226842 0.240912128179995 0.0669232881005162
-0.303715588654188 0.276250874870824 0.35751559929946 -0.0833860802904423
-0.281595231340079 0.282984769794107 0.37255433386649 -0.198490843806398
-0.31341984354642 0.336786425951768 0.391082172880985 -0.24500658344594
-0.436528726445477 0.241862948622777 0.433457340856104 -0.18071329249201
-0.491842669901183 0.0950230326862736 0.424086155679426 -0.044832986122038
-0.551203899541938 -0.107868767139884 0.243195334797612 0.054617791497596
-0.456409913572608 -0.320883618546848 0.0733570284899029 -0.0173644320162359
-0.257352737175492 -0.477252053603824 -0.0385283836242711 -0.135204762210371
-0.173556580179721 -0.518935053926563 -0.0635704550047546 -0.296222561356026
-0.35038940153174 -0.535834369325991 -0.0997645509866093 -0.155107571633505
-0.391118909630979 -0.460493484139765 0.035556940521788 -0.291053706231023
-0.485688027999871 -0.326360089019782 -0.0590418729011844 -0.357832009822153
-0.518562198539793 -0.167603496523655 -0.235113722826308 -0.0914457809309362
-0.532870142699088 -0.0281477532051957 -0.0757859174659771 0.132716881140654
-0.506688221724003 0.163670118954964 0.142892788090517 0.0968490918205944
-0.439143890949823 0.33851983042258 0.222721965295124 -0.000424151217808047
-0.394274691822441 0.347416317701908 0.219049885933463 -0.0728251561399832
-0.414555996757341 0.412016026285064 0.225768649141665 -0.118696648726315
-0.553344258153598 0.302618040525626 0.267520690299793 -0.087432719582083
-0.610606682241056 0.121669073267848 0.285158318699793 -0.020707409248364
-0.656770585156742 -0.111481443295323 0.196031118180231 0.0373106775640857
-0.55314286623838 -0.330596841860067 0.112280684005817 0.0173004329241098
-0.366395572094449 -0.521215693447986 0.0395157006326889 0.0122184394234835
-0.295974070261243 -0.618901134120471 -0.0168328232920461 -0.0669485710459364
-0.383820640226959 -0.559109744590091 0.00323242772862534 0.0563243084192694
-0.40182327019827 -0.49851687781513 0.118319423139167 -0.173191520706913
-0.495161474243678 -0.39691596119673 -0.0393652564948821 -0.294801542309795
-0.566200401376908 -0.263352396459806 -0.231599344782848 -0.0750452385161721
-0.627925510165078 -0.0907650904544275 -0.150468512976129 0.111283926093788
-0.598727938207784 0.147426822229472 -0.00649405911560725 0.123836397456473
-0.513989887160622 0.355544221352685 0.0410366072063659 0.0902262078514175
-0.451100245311598 0.360622705753001 0.0366599422490327 0.0689088426809897
-0.448901660293956 0.415339783598061 0.0424844925311863 0.0245689109276623
-0.572334228548661 0.294972541354833 0.0883019422096055 0.0214797658728482
-0.606753275266725 0.10394206904231 0.127762217135525 0.00836274688020992
-0.61395453005774 -0.10635681098049 0.149033614551361 0.0139129439978242
-0.5303369537047 -0.275370528035929 0.171163674470679 0.0491720021406194
-0.408204826313493 -0.45827416098515 0.151129969594158 0.156823830670694
-0.374185148205676 -0.611676043924971 0.0714567667465635 0.159489901731817
-0.348520315562999 -0.492375356070389 0.0681817978712521 0.268686973567497
-0.323338249120622 -0.4495939730456 0.149510854891986 -0.0118904063627118
-0.394796787082094 -0.416741080693172 -0.0296696496819115 -0.176008846349657
-0.507568014224162 -0.332842575925095 -0.220694692306465 -0.0518457752140048
-0.621989242739274 -0.142571447088175 -0.249963401929232 0.0694620813753829
-0.600633956868605 0.111401929894144 -0.194755276233869 0.146176884970477
-0.510617307243741 0.322689540202182 -0.159982647888485 0.179632127006878
-0.438938959654477 0.316930990232203 -0.147890402045225 0.201084374830008
-0.422597664696373 0.341150376241668 -0.135295797714447 0.148032423681132
-0.504769438743165 0.215398044245448 -0.0784339334771552 0.100094718499552
-0.493193732034459 0.0364831006255261 -0.00598019896065405 0.00994953638723761
-0.443659798868675 -0.11175413828459 0.125173809993869 -0.0179916828187656
-0.400428557675494 -0.183661850988517 0.235768724491176 0.0853594063311768
-0.376445064315217 -0.32921740260472 0.249992562508188 0.276711678230507
-0.391430699092516 -0.517392865214297 0.173123035562554 0.34235772482727
-0.268262601857956 -0.342833275507624 0.0872208211315047 0.443876036333968
-0.202037238883925 -0.310393080989523 0.139531074782327 0.158090126983932
-0.235402084193505 -0.340702968752019 -0.0187445038052193 -0.0490601633452457
-0.356156085175816 -0.312825337165476 -0.207328458077104 -0.05094412800455
-0.493687742682751 -0.153549764565116 -0.359490133671701 0.0202569062245406
-0.489003972736457 0.0647458012129391 -0.384891186918223 0.165721380411973
-0.419852321049385 0.237461738635829 -0.34543003157997 0.259255066620357
-0.363118973141241 0.225911863346123 -0.308788762162411 0.302811223078849
-0.341399970316116 0.218674340958342 -0.286680807841916 0.224070419905325
-0.37032520482297 0.0973764512761951 -0.208895223719102 0.120459664479103
-0.315365997951617 -0.0387637778381278 -0.085024794759205 -0.0290539829447704
-0.226240227130146 -0.100536966730487 0.13978482542308 -0.0420600300227173
-0.235482350222973 -0.0794999970212812 0.284518635007369 0.141483743874425
-0.298854592495423 -0.181109073589218 0.299109899608404 0.362894222085086
-0.347686458182457 -0.365954974598399 0.261782174671359 0.464383834442593
-0.16598742667575 -0.134622197586906 0.0752997527525874 0.545517063819273
-0.0860625504664229 -0.099864345861002 0.121172439255503 0.282210823753906
-0.064441819071172 -0.168661740984881 -0.0141219542055349 0.0338908512194109
-0.142016761225851 -0.199180519834922 -0.210938628949388 -0.0698300684735078
-0.265107698341137 -0.122097588792196 -0.456423392291554 -0.0123304158190329
-0.284670829629824 0.00752164570800967 -0.528299911482637 0.192549890565487
-0.259564183205833 0.109225058748038 -0.475139395563913 0.32076828954838
-0.231343798644829 0.0996657741971908 -0.421444453258599 0.358793577769433
-0.214909272132155 0.0748340666962447 -0.395290594208968 0.246800382347061
-0.199277306879923 -0.0082954887986465 -0.286069614360717 0.086402536590703
-0.126601280211167 -0.0770056501499019 -0.0984620412401797 -0.0863096815230328
-0.0396493505850374 -0.0594273315151311 0.180776245281237 -0.0359257598325425
-0.0921764059973551 0.0112902543803548 0.295305751691341 0.218391349401911
-0.198293106591636 -0.0457965350838373 0.286261765936798 0.40944098883695
-0.249511995150913 -0.182002016853255 0.322453563578438 0.523596031087527
0.0785946566709515 -0.098289122107233 -0.388250067514301 -0.475869505992772
0.0356727659869854 -0.107906055103358 -0.29200022854885 -0.40990730578036
-0.0712893851325591 -0.0953493771776158 -0.281860007171672 -0.275327504709883
-0.124476365273267 0.00632260776221654 -0.263270776130187 0.0120358228433469
-0.0666682749903051 0.0923601678981522 0.0585757468193901 0.158311135356202
-0.00292700907127661 0.0856805997959883 0.32518692466495 -0.0151344517560013
0.0430463580222642 0.0610560404377646 0.444564048071714 -0.236320348849689
0.0564918492106186 0.0442136277217599 0.492572694519783 -0.380434228910059
0.0563784952311797 0.0525701133693739 0.546132476268904 -0.397616976946524
0.0292635540741243 0.0575117911762092 0.590322212272712 -0.284468713569143
-0.00599263145770738 0.085583004411636 0.550000107549816 -0.0855872983801556
-0.100897271612095 0.0781078204862848 0.300286897654545 0.0556911163906591
-0.12709849593329 -0.0334676349710177 0.069038045877094 -0.0596015908069893
-0.0190874722307547 -0.0945119067078931 -0.0757136784161999 -0.288938691949095
0.0659462756878886 -0.0609313506255559 -0.0613504377263445 -0.579072041581828
-0.103673402035605 -0.265766438426034 -0.329704590446757 -0.429058727398977
-0.135488002699537 -0.216679067391454 -0.205309478471336 -0.395656610749622
-0.229941151583458 -0.148864340248749 -0.197519626776905 -0.332632415273995
-0.263080024906924 -0.029213051471939 -0.258472740245133 -0.0400620238790013
-0.232237282523932 0.0756646078043977 0.0230264346934489 0.155793317000484
-0.180148259429833 0.144980520121605 0.304619079243799 0.0202231418987224
-0.127514978527239 0.193535766756162 0.436171553840388 -0.184030081484512
-0.115062173205228 0.187316071317786 0.467993448291762 -0.327462786929666
-0.139183630014489 0.219578309559885 0.501639641698889 -0.366064445576661
-0.228263944678373 0.165042116362303 0.550187045945847 -0.268391477982646
-0.277756852991952 0.090111785781051 0.526355858010731 -0.0814961226023735
-0.351983814310841 -0.0323762340813231 0.285673199045782 0.0546070691958077
-0.310677536632785 -0.202773108996657 0.0565235905212456 -0.0486876805228389
-0.146648934962434 -0.321109694895951 -0.0863482463894978 -0.246562149585074
-0.0660643969726297 -0.319852157917436 -0.0913929112031887 -0.478361849443019
-0.269009026321461 -0.417968317688021 -0.232306708390562 -0.32226234997021
-0.307874421884273 -0.339611861386256 -0.0973877974174577 -0.362737621639957
-0.396064115419527 -0.215013617781887 -0.126411761673341 -0.366553749065602
-0.409775284448343 -0.0689141847720454 -0.249037778062871 -0.0731235765844302
-0.394303493162499 0.0481284895149119 -0.0156396438418798 0.147746597095057
-0.351020603358272 0.181872701839655 0.24786934542566 0.0527044589380713
-0.291601220424638 0.298277054302714 0.364584659056705 -0.106048378599227
-0.269824599271753 0.304861760306485 0.371475614963749 -0.225494684969062
-0.295768048647537 0.361607832487804 0.38438252659488 -0.273675260884235
-0.430769869719871 0.274418665443457 0.433177637148833 -0.209002261269141
-0.498205559642935 0.128896328395947 0.43515248450438 -0.0718814777501289
-0.568165712575052 -0.0751823118061762 0.253213514937827 0.0426927299674491
-0.486086376204907 -0.297073732888198 0.0711527153652749 -0.0177548128269529
-0.290503791986947 -0.470128915136142 -0.0530283914190843 -0.133093248119719
-0.211388129458361 -0.514624526249228 -0.0823913364543946 -0.293630141412808
-0.381372620618529 -0.518516720030538 -0.108472350382747 -0.152009189540454
-0.424840392801851 -0.44124419597622 0.0196317452446531 -0.29672504059532
-0.516610559470611 -0.295431213987217 -0.0815636871084872 -0.365810567494061
-0.538103864188179 -0.13460921231834 -0.244442774234565 -0.0796200296136805
-0.546075545623022 0.00761458162859662 -0.0671923169636277 0.1383549819621
-0.503508533871626 0.198272670496787 0.149700864164298 0.0864082077271267
-0.422699497545913 0.368022641309896 0.233132532639065 -0.0122076616510933
-0.381427548992937 0.376072293139492 0.221121578948945 -0.0853886017636632
-0.394089091841475 0.442585574359415 0.222416539553921 -0.132355378098598
-0.544490171134131 0.344839724367185 0.270782739435299 -0.103901898374196
-0.617209560539031 0.164127817502724 0.295122313255967 -0.0387975245496118
-0.675769215577081 -0.0717838036856818 0.20385988434821 0.027368510140318
-0.584187040124416 -0.301353967632851 0.114656061069447 0.0159633290460372
-0.404719526627354 -0.506925978618924 0.0367345858964279 0.0115155773411232
-0.342982624677648 -0.607643783643462 -0.0199474189706744 -0.0627210707563239
-0.417800048066479 -0.541106729154189 0.0083855688996454 0.0568105943955431
-0.441556600081634 -0.480639022304587 0.112391052058817 -0.182828524682114
-0.53107910765197 -0.367884195037519 -0.055404176427429 -0.303592941676773
-0.591594038936222 -0.228207172387531 -0.239007927129176 -0.0630881165850739
-0.648830824977279 -0.0506420260231442 -0.143909869105658 0.119125925506437
-0.599240586921291 0.187644102484727 -8.76535520129235E-05 0.121002748769824
-0.499736564985265 0.388456832565326 0.054219023935111 0.0916541789248492
-0.43760160183661 0.392693531244001 0.0430488100059707 0.0700993335746563
-0.430300317652139 0.447832069680953 0.0439746226690955 0.0251691033169316
-0.563922622760136 0.336360037918434 0.0939350292200929 0.0174078596667865
-0.614329815560342 0.145924318388344 0.136731318491505 -0.00035024286925482
-0.629020552679885 -0.0710357041306812 0.153530401176827 0.00524038083476809
-0.556440141508334 -0.244672424523525 0.178229582589413 0.0442617153873692
-0.444036160146211 -0.438791001524326 0.160765167232135 0.1514537949215
-0.423823588243883 -0.593158068364749 0.0838001962880075 0.159783283093988
-0.377712549610996 -0.477027524071074 0.0862987427835645 0.267536145130333
-0.357299054300877 -0.43541467502979 0.154850479889456 -0.0220001360186637
-0.431287263799962 -0.395857871041415 -0.0357885595767147 -0.183095009799948
-0.538289825386686 -0.303126382287635 -0.223788938443162 -0.0423872657071269
-0.644529331360693 -0.103527365139949 -0.247340310630337 0.0825046854161384
-0.603190649151814 0.151825197637134 -0.190524813462293 0.154125247201625
-0.498194735929297 0.354318778738605 -0.146726508994818 0.194066974692314
-0.428312450879161 0.348467963226495 -0.13761758738699 0.216211509806221
-0.407992899520094 0.372222212156331 -0.129483738767395 0.161568235524313
-0.501068415825212 0.250207438670251 -0.0715359811019712 0.107719178170672
-0.501554510093245 0.0689517475315466 -0.000875182279778136 0.00952223425197122
-0.455506498215618 -0.0867264784775946 0.12710901869315 -0.0263403793614173
-0.417337471373967 -0.160005713321407 0.247174424639657 0.0761122898814309
-0.403159898669225 -0.308727596356227 0.270322420739216 0.266366791613884
-0.433131174468639 -0.494503634089563 0.198309189706217 0.337262414594288
-0.288786365646845 -0.332578696636369 0.114904723024558 0.444488169664842
-0.22688208597905 -0.303634928091399 0.155659234385149 0.150719249949929
-0.263265152877077 -0.33058873074814 -0.015667855768861 -0.0530584996662824
-0.382052327775893 -0.294634595626452 -0.20910124907341 -0.0422280698690597
-0.515613364680598 -0.122859151491065 -0.364088936798506 0.0377959995033353
-0.494877142308716 0.097208930607478 -0.385123562896474 0.186954817240997
-0.411071289596923 0.263611064443599 -0.33379384947534 0.285900813704148
-0.354833029583197 0.251735144593373 -0.295868041986828 0.329371497520476
-0.332607713630557 0.24160378618816 -0.279478622204721 0.248567553439419
-0.370427096281495 0.122610914682377 -0.204349718816007 0.134960265257114
-0.324260932794575 -0.0190323587091769 -0.0853714550709773 -0.0262000336203697
-0.23373596790466 -0.088116791315349 0.141031726395561 -0.0528891959137141
-0.243222319478043 -0.063766489771539 0.301665521893211 0.129369107614007
-0.315827866543554 -0.162065778249463 0.325820585830153 0.351292526365901
-0.377652505147447 -0.345384223484202 0.292755247070918 0.453570213573878
-0.175196860563463 -0.12898267878873 0.108730648613439 0.55002430519628
-0.0964429233692213 -0.097403859091262 0.145369409082992 0.276840477008366
-0.0788644380230394 -0.168045736923795 -0.00515270957713652 0.031020311761729
-0.157257682304604 -0.193829058017764 -0.21430867656494 -0.0611739897997458
-0.279871990817447 -0.105326717000884 -0.467161790418841 0.0118976348573954
-0.290413119832998 0.0260529692280087 -0.529186579498166 0.226761444336706
-0.255477068452686 0.125305585910353 -0.465022989390499 0.355856128951604
-0.229026412546115 0.116244562866229 -0.408052077903653 0.393590517006546
-0.213429082154255 0.0888667128611888 -0.38917157641472 0.277456144400453
-0.202714498729888 0.00313549416676326 -0.285820941834047 0.104444138786227
-0.132885222704702 -0.0708715020869676 -0.103919239419671 -0.0845654594235297
-0.0420510152839871 -0.0578355332394336 0.183361655528372 -0.0486863756201791
-0.0920816374461391 0.0202935814196144 0.318781814233224 0.204720315304061
-0.204486089207462 -0.0314433547891024 0.315973995381187 0.398729072795063
-0.266226066874299 -0.166008204052355 0.357406720240701 0.510785036284986
0.0697102917130989 -0.104593033530967 -0.419626901420652 -0.439627063089665
0.0298865786451355 -0.110994821071751 -0.321959729162364 -0.380163096017514
-0.0785551291791304 -0.0893577207710275 -0.306890693752879 -0.251401097830418
-0.123744407678938 0.0170953081311424 -0.265035628177251 0.035004333447247
-0.0579454291393165 0.0985173357636411 0.0707660694267259 0.153875659188208
0.00590144761073606 0.0865244812953677 0.32125195860714 -0.0398189600754118
0.0473698345862934 0.0582588895199043 0.422772165841801 -0.272723908855175
0.0593375041910738 0.038877328157432 0.457508956042723 -0.419807826611319
0.060458812442077 0.0466138828403922 0.510880837548424 -0.440558974199823
0.0326903068647523 0.054591761483776 0.565012123925159 -0.331414487140755
0.00141104816654604 0.08536687853519 0.539429720414836 -0.129526124678446
-0.0935448134822126 0.0854964409902825 0.302913630932314 0.0330865604738949
-0.129570765797142 -0.0228922242686349 0.0587363471710871 -0.0627223170876647
-0.0253428711325551 -0.0931792629997931 -0.103258952853898 -0.277979252904311
0.0615080242765499 -0.0667664995181929 -0.106812061022773 -0.565678084388545
-0.122268286223333 -0.253916261500738 -0.358336865155247 -0.399771461680335
-0.149070407513434 -0.202918432009279 -0.235727511272546 -0.373303575783691
-0.239833072471174 -0.126472020676692 -0.227916880683072 -0.316864479225459
-0.263626252109698 -0.00561406293444313 -0.263452197510723 -0.0188081884728439
-0.223572353943818 0.0962854236792252 0.0352547318619185 0.153969888126663
-0.164733972107827 0.159751658586694 0.302919400801223 -0.00435984675593675
-0.11169533813836 0.202274877311324 0.420297264901071 -0.218992817359619
-0.0997924763527733 0.194663279911334 0.43907343196112 -0.364251158343892
-0.119495120785395 0.227823368246235 0.469581818690184 -0.404209176731908
-0.213583918405535 0.183423551553601 0.525607373390422 -0.31108348823421
-0.269250690311268 0.112882713722834 0.518206674992983 -0.125059624420238
-0.351900062606279 -0.00304172946390536 0.288149814791494 0.0323432043118169
-0.32584836540149 -0.176069273793078 0.047739269880123 -0.0488720738253085
-0.171530325378109 -0.307357471040656 -0.110589795801663 -0.233488580997239
-0.0920605868298302 -0.310638895676164 -0.128159127113179 -0.463791823451984
-0.295797256839016 -0.390544692355767 -0.25180674746605 -0.298488848677643
-0.330535229144531 -0.30981854203329 -0.124193421122795 -0.350093803848528
-0.411582517904179 -0.175482370330186 -0.158625485286342 -0.358098617957023
-0.411650589708719 -0.0302053667754779 -0.254772155475648 -0.0528760481417931
-0.387470979004518 0.0826734801023482 -0.00352912369114191 0.147288170224572
-0.332780520105546 0.209193765779864 0.248625303193182 0.0315869963782818
-0.266046040479812 0.318274393021991 0.359027961651178 -0.135689330339099
-0.243392809142658 0.322785294126191 0.352588270515121 -0.253986700122807
-0.262254505168147 0.380791144989249 0.359774953779186 -0.301350205411755
-0.406073078583774 0.309887946415441 0.416153580122759 -0.242016364372353
-0.484792130817655 0.172032665794183 0.430720428439316 -0.108291787949133
-0.568048028218797 -0.0283821224905286 0.255181314791139 0.022907919460085
-0.507825511695192 -0.255236865098725 0.0673687206472554 -0.0176899286718956
-0.327176589020069 -0.443128257368243 -0.067191702843992 -0.124095825724936
-0.253998680104908 -0.488814373159679 -0.102946773452229 -0.279472496919525
-0.414066861962279 -0.4790510241417 -0.116587811271693 -0.141577600397168
-0.45719367865416 -0.401383970797989 -0.00226882758745076 -0.29433952580295
-0.537676049262556 -0.244807263145791 -0.112417388986359 -0.362595905855042
-0.542058836773331 -0.0836099754978031 -0.250559030668409 -0.061427572998282
-0.54211494711235 0.0573609105042256 -0.0550573215153303 0.140445755678536
-0.481118079720045 0.237936779846939 0.153054687491691 0.0709824321044394
-0.39094001475676 0.39707393234811 0.236743125312014 -0.0314647110657487
-0.348966277081172 0.403323563884433 0.215256655036976 -0.102477622791963
-0.353649317830145 0.469031207569383 0.210601201523249 -0.147062221629276
-0.511182366388088 0.388839383939342 0.262996895266211 -0.124323128863622
-0.600549796386253 0.217653110414673 0.29496870755941 -0.065294630227069
-0.674542982328092 -0.0153685583226311 0.205303187771308 0.0110575174384837
-0.605522138963363 -0.249733152866986 0.115262518833905 0.0121375993383121
-0.441456512478055 -0.466573167426851 0.0341980183431438 0.0108697222789995
-0.393401819303155 -0.566546877356415 -0.0218009778570991 -0.0577562584011519
-0.450634507382188 -0.501352660532414 0.015361424621718 0.0543048809313216
-0.47718935567179 -0.437928349645599 0.100652868338104 -0.190682165571754
-0.55964084016567 -0.316159477253761 -0.0789791770050808 -0.304635435220296
-0.60297836467428 -0.173340772835514 -0.241392838338032 -0.046082666823166
-0.648071470669326 0.00831155324269686 -0.132689049601244 0.127305024889577
-0.578669198513696 0.235870129227409 0.00627038601553495 0.116123557513278
-0.463364446329633 0.42352694219428 0.0676951802916095 0.0858832346895339
-0.402641912202713 0.423609324371848 0.0513173577400214 0.0671472498385092
-0.387162021970347 0.476080479376877 0.0459021709902053 0.0245719299560386
-0.531307678763512 0.382057794669288 0.0981564300721225 0.0105093052400673
-0.598899440352576 0.198163074602611 0.140777549647792 -0.01426542991349
-0.629202632731013 -0.0174135074407114 0.153486081901916 -0.00679009980921942
-0.572105036869512 -0.194799631593838 0.182461402156917 0.0340613360716816
-0.474633301929479 -0.396066952441919 0.1701042620535 0.138675169331507
-0.470199703356028 -0.543143083304914 0.0989278195242597 0.152522040286388
-0.40625364700667 -0.441936084990848 0.108371572566997 0.257066821474464
-0.391504247378875 -0.402361706729487 0.156481658600728 -0.0355862897244213
-0.462687450414735 -0.351928105133103 -0.047302482916206 -0.18606472379429
-0.557154212559009 -0.253232209888044 -0.223093872809425 -0.0272492478488606
-0.651884842044846 -0.0439742986202766 -0.238255240775144 0.0978347684194779
-0.586608975431508 0.200960937279883 -0.180144901716573 0.164615176920549
-0.463443638138813 0.388391087811929 -0.12531254461733 0.204356022560561
-0.39550136917335 0.379880413484634 -0.11668152733555 0.227301427528006
-0.372777979859225 0.400400289088634 -0.114906231343028 0.174771863623043
-0.475040262782862 0.289909495025708 -0.0597367872810749 0.11278794077902
-0.493886639610265 0.111344599884208 0.00432426372969508 0.00689557192536334
-0.457174151175297 -0.0497437165944244 0.124105143741066 -0.0369521751881302
-0.427289065654095 -0.122085227793064 0.254661648267472 0.059061193308225
-0.424877069670959 -0.268612558738868 0.289594884639864 0.242992655579797
-0.473167409759957 -0.446067783659689 0.224630096991188 0.318295065348918
-0.310075062558974 -0.307958868685259 0.150919671652901 0.429323297753133
-0.251895657613165 -0.281972654952363 0.170701869401675 0.134439771618567
-0.291971933583291 -0.303117273708207 -0.0151174154224357 -0.0576536990886826
-0.403483572762181 -0.25991741486683 -0.207543782960549 -0.0282527556119529
-0.524137601032879 -0.0761748404672429 -0.358699580431286 0.0647410863369728
-0.484982304592301 0.139338294478895 -0.368704260526652 0.214172010538041
-0.385759766106763 0.292286962893314 -0.305230830817756 0.310921956598043
-0.332156151272189 0.279622889867664 -0.264686019141113 0.351304329718236
-0.30897370293132 0.266037505902117 -0.257220403659237 0.272769515784451
-0.357531678771815 0.152953308726411 -0.189793063660024 0.150310966411043
-0.324045438974988 0.0086833871175443 -0.0836016029147979 -0.0215142353749113
-0.236754209041262 -0.0698765238224393 0.13569644093927 -0.0647065579025509
-0.24478186192726 -0.0398452487734609 0.314306846713658 0.105633385727392
-0.326096487072892 -0.131543668004935 0.351304125700676 0.322206908005082
-0.40432462485132 -0.304572774015965 0.326897200375061 0.426006270597824
-0.183726810872638 -0.115936583800813 0.150632116998052 0.534802225843168
-0.105825259297885 -0.0887178723352179 0.170615775289548 0.259941146989947
-0.0950937858551646 -0.15888000750139 0.00305877091743468 0.0255000733610305
-0.171875788668646 -0.180490937136857 -0.215244096666085 -0.0476379798377176
-0.286929007296879 -0.0795161897481086 -0.464865965021025 0.0481715430185835
-0.28754836811918 0.0515761904826001 -0.510703401620554 0.265494438466209
-0.241703655113304 0.143417324080985 -0.43239157891761 0.391812702151269
-0.217240875802453 0.134403024451465 -0.371662730618248 0.42590910374876
-0.203757045250017 0.104724212904293 -0.364362193214558 0.310644268494131
-0.199846563514933 0.019954500882988 -0.275230245418489 0.126837962697918
-0.137049242861578 -0.0594482360997157 -0.108254220216918 -0.0779402261361232
-0.0439291718543404 -0.0542781397221104 0.179778735330429 -0.0656302116822325
-0.0881036521226844 0.0309443353074909 0.338780633951363 0.177689501140062
-0.205662019843662 -0.0125085597866153 0.346947750573076 0.370364770971278
-0.278837627551921 -0.138418832957086 0.395550801507272 0.476428683798215
0.058637256742357 -0.105772344273542 -0.428611298453587 -0.391386524663929
0.023681041697987 -0.110269814633013 -0.334939486801169 -0.337869862680189
-0.0822821987877995 -0.0803285715901437 -0.316382303964972 -0.219171111788423
-0.118599450199926 0.0263422533157999 -0.254319107847024 0.0535898475296863
-0.0478440004522529 0.0996030604124903 0.0781107435020377 0.144190134340233
0.0131726722869943 0.0834010239951971 0.304516342116579 -0.0594155783889462
0.0488277135069863 0.0537587059798147 0.384570163857412 -0.294173313585489
0.0587467328397443 0.032596761665238 0.410153495164624 -0.438421719150048
0.0610532076675086 0.0395622415509581 0.45778587038447 -0.460652559559703
0.0338012805718001 0.0496881816226022 0.518839616714997 -0.357327207644999
0.00780528242168758 0.0814840023771027 0.508969739901709 -0.162181094126804
-0.0833863103952339 0.0879437189307191 0.291694635036354 0.0131914446146614
-0.126736225689737 -0.012763567090801 0.0471937770055594 -0.0610545124697801
-0.0299215439585918 -0.0882297163565295 -0.122081619153746 -0.254677391478495
0.0557312226010819 -0.069409709152776 -0.141560240469279 -0.531406782745987
-0.132728377532769 -0.233673678291456 -0.366861954527906 -0.357102978588094
-0.15377009090776 -0.184163213220121 -0.250042560163057 -0.336650220722615
-0.237815270492836 -0.10219294380467 -0.245375201698437 -0.288968295839922
-0.252715362376292 0.0160600063108668 -0.257220416158534 0.00175834114985693
-0.207532375195683 0.110346916347972 0.0441098394742205 0.145439951339108
-0.144785685679303 0.165072933572066 0.28787419844501 -0.0244459575946778
-0.0928687607780551 0.20204736321367 0.38885096307019 -0.243133439547019
-0.0829036434811579 0.193123947639841 0.396047508760616 -0.385069338343624
-0.0970164581198709 0.22490410075726 0.422173610536602 -0.422156108439951
-0.192092617828099 0.191130699914675 0.484529211750682 -0.335017908157584
-0.250411933084349 0.129004189084273 0.489915388967365 -0.157279991621045
-0.336432134564336 0.0220977870097672 0.27852457528771 0.0125760809315454
-0.325363086483689 -0.145119252767179 0.0389976690473736 -0.0453958773819678
-0.184528676296806 -0.281650991530632 -0.125937022600529 -0.211815047297708
-0.108791016673773 -0.287700595022025 -0.153764452671626 -0.431832708945443
-0.306014478819639 -0.350419591523008 -0.258032015205079 -0.268422496004366
-0.335240441504017 -0.271443533454796 -0.141580372922993 -0.32244648281216
-0.403427379664702 -0.133190737434613 -0.182284592096388 -0.335762682730673
-0.393074349014394 0.0037571811265374 -0.251324734976058 -0.0328676408369035
-0.364364919910795 0.110908033831196 0.00657858919595562 0.140821040850911
-0.301887440972292 0.224554327229116 0.237449716319373 0.0124181037745813
-0.233026292980201 0.322496933037682 0.33678833473634 -0.157789319212681
-0.211613711742954 0.326934766224911 0.322785124758785 -0.270346711776303
-0.222683705485922 0.381029523517185 0.32431910583695 -0.31325005664658
-0.365062371901692 0.327689198038839 0.383961999677771 -0.26108963942084
-0.454365987132815 0.202576465472996 0.408176687181068 -0.137093795327602
-0.545852463914008 0.0140248134048802 0.246411796803812 0.00495388010041109
-0.505292919212326 -0.206727179479539 0.0617674961476229 -0.0167106758955922
-0.34365242734317 -0.398096217459196 -0.0767040188566761 -0.110570174549019
-0.278573625661068 -0.443359180358108 -0.115629890151091 -0.257886058550523
-0.422465776644105 -0.431079427572141 -0.117794991464012 -0.127963872216848
-0.465163580661934 -0.348461471122587 -0.0192219453484174 -0.280272500144519
-0.532041105283611 -0.188328288611703 -0.136911479910495 -0.345376365842643
-0.521296959518243 -0.0357893070637888 -0.246927032982102 -0.0416005926526016
-0.514984367396312 0.0982675402129832 -0.0431783582982762 0.137163406967369
-0.442329755938309 0.261611985302906 0.14826919382973 0.0554135079615765
-0.346979623280312 0.404401531087774 0.229538003370309 -0.0487834177827601
-0.307218536578325 0.412495007816875 0.20219193919815 -0.113601095627617
-0.30185700167188 0.47127646440892 0.19214551897906 -0.153944981424534
-0.460639148334336 0.410415391928383 0.247095653513277 -0.137084524810212
-0.560101986716504 0.256398999665787 0.282893386476066 -0.0867447278394754
-0.645411580248082 0.034680851669185 0.19738027366003 -0.00356447441538389
-0.5977506305129 -0.192636353679151 0.112235542719837 0.00831297870400104
-0.455641191623072 -0.411425307965989 0.0319920200776504 0.0112283711317952
-0.417156399244866 -0.504971350447451 -0.0219657907104236 -0.0511038691464302
-0.458819874053406 -0.447820606387852 0.0209723075258823 0.0489578584125732
-0.486672375214355 -0.38168358750079 0.0866761950976693 -0.19097007044852
-0.556609721082605 -0.254637386969753 -0.0993689254744204 -0.292312203801708
-0.58679248546474 -0.119430602017773 -0.235343027218265 -0.0286156084139493
-0.620745903364429 0.0604067014832841 -0.117715684847637 0.12926518345045
-0.536703340569767 0.267692566335173 0.0109494367464336 0.10810488794628
-0.413209821221999 0.432720212599936 0.0758852344354314 0.0757740329430618
-0.355410540589475 0.434133142805774 0.0569048389921463 0.0610890887186629
-0.335554602461352 0.479821544462201 0.0469841245118 0.0231099353994138
-0.480442181025116 0.405406755652171 0.0981937810044283 0.00306348519979357
-0.56073366782248 0.236414637690641 0.138907401321747 -0.0270603255988947
-0.601229618606004 0.0274844817662538 0.14674960232301 -0.0181118173458623
-0.559292990732079 -0.144463872533848 0.17943406826739 0.0238067643281448
-0.480841732267962 -0.34127280794688 0.171302102803771 0.122298356965702
-0.488828904052147 -0.475720627019665 0.10793917571693 0.139543244977873
-0.413833248189086 -0.396320225590403 0.123480930467651 0.235858510365263
-0.403781711650943 -0.354180998751422 0.151125736042461 -0.0486989036707038
-0.467550443257912 -0.298138984376465 -0.0581096542888654 -0.181975864018525
-0.548652572762628 -0.200271097327255 -0.213987600079583 -0.0123222770306423
-0.627536755360043 0.00862573292519719 -0.220648275936436 0.108045682333576
-0.547099495293762 0.236504371625298 -0.163708276847098 0.167298430270075
-0.4182378553611 0.401482322866142 -0.100844421513567 0.203716619265729
-0.353283788730943 0.392200651072184 -0.0926695682162913 0.226553864165474
-0.325046312545821 0.40760430027886 -0.0966606912293539 0.177957111107609
-0.43256414855914 0.311750845098467 -0.0466491312799932 0.112028194316034
-0.465928858614977 0.145284713174874 0.008477545118468 0.00264861620934397
-0.437537020535692 -0.016027908177737 0.115759041345555 -0.0445543932281731
-0.414975007247379 -0.0830561011717298 0.251985651477723 0.0405810979823148
-0.423806894205668 -0.222556869854171 0.293876516290714 0.213178478841018
-0.485237552100788 -0.384573410336728 0.238355511610218 0.288143843247528
-0.315649760841506 -0.276606136893558 0.173888846372811 0.398539613458292
-0.262925223407734 -0.249996867012462 0.177685281096622 0.111803140202234
-0.302496710359811 -0.264856338917515 -0.0159620022522178 -0.0606117695769351
-0.403116663711225 -0.219420343677753 -0.199079888880033 -0.015907922198432
-0.508191793555458 -0.0316371525503243 -0.339028335212449 0.0846154719326332
-0.454607439190811 0.169847260826925 -0.341285183375975 0.229522096810089
-0.34930326372884 0.303388991474136 -0.267921134921878 0.320040740175558
-0.29881021873771 0.291809637580092 -0.227968379530377 0.357875410259646
-0.275234354028482 0.27458353139458 -0.225976617180382 0.282629398507372
-0.329746401741005 0.171956884211512 -0.170200068178661 0.156994083117173
-0.310196487483185 0.0319491373843029 -0.0795062433825227 -0.0182513986169138
-0.229014916831037 -0.0510298747551541 0.125752474305856 -0.0730709165975514
-0.234664669688539 -0.0179743777070448 0.313040402724702 0.0795765036160765
-0.320313958496106 -0.0992950455623487 0.358672817090218 0.282742877993164
-0.409378673938864 -0.256389549293509 0.34136345739802 0.382399718296895
-0.18400926660489 -0.0999054377948399 0.180755794832814 0.498789239340721
-0.109348163917113 -0.0759407752660964 0.184742169789216 0.231291932384215
-0.104070837945881 -0.14293286333564 0.00870862450950524 0.0182161704612094
-0.177354589880509 -0.160185939892528 -0.207226174083651 -0.0347630603632132
-0.28097516317174 -0.0535402568182574 -0.443625738496792 0.0779917937611396
-0.271736234766699 0.0723634488217219 -0.472996055624872 0.289113477099259
-0.221613524457618 0.15246884705244 -0.38807198740539 0.406372093379279
-0.198627912283246 0.144551007885351 -0.325409421783137 0.435318922029551
-0.186816148948088 0.113744100682162 -0.325092834407589 0.327466038555622
-0.188816759912901 0.0324835830498082 -0.25343581679316 0.139948699784251
-0.135158766684928 -0.0474102327491604 -0.108601320763609 -0.0700409325248945
-0.0442070150021863 -0.0493974596784406 0.169424295892168 -0.0763309285287744
-0.0795969153087594 0.038369307427535 0.342121274815372 0.145994130525257
-0.197241670948706 0.00501351335777197 0.356360328808019 0.330305821619512
-0.277311580493166 -0.108752649477951 0.408816508765752 0.425348708470353
0.0280634864904882 -0.105120572843482 -0.463302872200777 -0.290803255277828
-0.000169579521971196 -0.103604844926873 -0.371924606834703 -0.260257884340078
-0.0921998872094038 -0.0589047784280709 -0.343326791680088 -0.157583253947196
-0.104829670875649 0.0497165668950828 -0.243194365210856 0.0930911993389399
-0.0254851754154642 0.097921278448249 0.0936975827708146 0.130026345151308
0.0245055304187481 0.0728477808465275 0.278577240020601 -0.100069934942776
0.0505480223983071 0.0401390793367859 0.321477343976549 -0.338027160978635
0.056598459159128 0.0185171092547444 0.316135309933781 -0.481282629761039
0.0599579018104509 0.0229119520570508 0.356986535820515 -0.515155184944448
0.0394218554504122 0.0373949389783009 0.428320732387594 -0.429064750074018
0.0205950033696846 0.0702854854388088 0.449353421490351 -0.23876198592996
-0.0621426562282906 0.0945857790970719 0.276492796941415 -0.0367619398410543
-0.118877842088602 0.00413129098839794 0.0286415192381737 -0.0625650964115093
-0.0403074702577562 -0.0820299071325939 -0.158722816838593 -0.209157717163584
0.0401479183440191 -0.0809002373390554 -0.211833564827379 -0.469647491282817
-0.161331722371338 -0.198074397599754 -0.40669389904621 -0.27566643306002
-0.172506312168546 -0.145187436610272 -0.298166972952738 -0.277003322467879
-0.236883351796859 -0.0556951181621138 -0.298968440641655 -0.240292027376641
-0.227357918661647 0.0614509317123694 -0.262540566863633 0.0384101189449792
-0.170268671578285 0.132712483259182 0.0510059305031972 0.136094946725855
-0.110456657599444 0.170554831974253 0.260783001455597 -0.0611137268535273
-0.0582078759848686 0.196717712450505 0.326331096685785 -0.287825997055314
-0.0544433523283193 0.187127669166585 0.310597445587616 -0.427289068562016
-0.0610022276896299 0.218938512331818 0.329506201734985 -0.475703867901342
-0.151025453762175 0.203939452912758 0.399397801112022 -0.408707195227299
-0.214162649050082 0.148318065753127 0.436422077326242 -0.236463091455622
-0.309255723275546 0.0687860326864923 0.26862449405021 -0.0363221195268392
-0.319482010330343 -0.0923077180876065 0.0251690054155337 -0.0499197481536085
-0.212899957389575 -0.237324741135338 -0.149381227637235 -0.170516963585764
-0.143683947541888 -0.2593489444266 -0.204716205783473 -0.375863319886771
-0.331497364436165 -0.284765024363468 -0.297500494912346 -0.220427596018003
-0.351738395676226 -0.198940624554523 -0.198225388326706 -0.289228180164221
-0.392612464970593 -0.0595679483696036 -0.259137770851439 -0.300420252188155
-0.355366493080454 0.0725355240007716 -0.270554610735389 -0.0024944274846899
-0.314067571906937 0.158175171299586 0.00427248837429066 0.136784640703937
-0.247778259310129 0.248769359585687 0.211300539078477 -0.0163505695331662
-0.168129480834337 0.326771116654269 0.282567082353771 -0.19682797774723
-0.155834335393 0.328888845789239 0.257884892994799 -0.307932932690985
-0.155272014801444 0.382456777848864 0.255542586060672 -0.360614229659796
-0.293980641854236 0.356965891542431 0.314474617255999 -0.325377625019311
-0.395173297713447 0.244413328196029 0.365416447648678 -0.205901436414913
-0.506260540779979 0.0904497211212087 0.241876165244918 -0.0401797005516293
-0.492789681011942 -0.126017348070045 0.0531145125993702 -0.0298273475490536
-0.376389228738701 -0.319644516629551 -0.0807710060568238 -0.0865220733859292
-0.320745940088529 -0.378510273783843 -0.139936366087503 -0.220476362594693
-0.443971215925139 -0.342591591306501 -0.14717217737935 -0.120096838596715
-0.479335757922534 -0.250044213086924 -0.0798094895337807 -0.277554552154499
-0.515677751041263 -0.090060035073143 -0.225132885109836 -0.325402054277311
-0.476691186164409 0.0577217113610534 -0.27260841407193 -0.0202431250442034
-0.452806438632368 0.170125851672317 -0.0524984388440308 0.139097999386592
-0.372771636774967 0.303790375509496 0.126113473497186 0.0395954982218612
-0.260491048893907 0.420976365232544 0.190828744438171 -0.0765951443879263
-0.233446758346161 0.421149520147988 0.169209636281135 -0.140664376086155
-0.216051951700282 0.479877718922434 0.157251876906175 -0.188217370213264
-0.368979730213011 0.451400172296582 0.206352622181778 -0.18857633833574
-0.489914658232478 0.30762404813621 0.25599423676496 -0.137703633499486
-0.596851915932043 0.122586942259138 0.19601533477595 -0.0411596556365675
-0.574561780887229 -0.101253536106919 0.105143107961539 -0.0170890068890477
-0.480821338108745 -0.313004349961266 0.0437152415765232 0.00456469960194921
-0.455878384532407 -0.412138159621558 -0.0199895751908085 -0.0463429177787096
-0.475404964290706 -0.354495108134948 0.0109458113863124 0.0172027782344601
-0.504152912440715 -0.280528991042481 0.0353648192576036 -0.216380399094179
-0.546720935263976 -0.146773778492645 -0.180140370322702 -0.288749437363398
-0.547755243266039 -0.00924129450478186 -0.259612250381275 -0.0181245681212235
-0.556079732191699 0.151245943013333 -0.130452943199676 0.139685857265944
-0.459605238463577 0.323824095671456 0.000135885407054536 0.110707469764976
-0.318725240643588 0.458847070829856 0.0603169362752606 0.0660183031969
-0.276234291926451 0.452153969743583 0.0602187003548536 0.047006220900891
-0.243695964983131 0.493685081528293 0.0497038802309049 0.00363831888781356
-0.388743910985976 0.449063810663906 0.0902573726992974 -0.0305928870546762
-0.492080327604257 0.2898264599539 0.130306330112861 -0.0567181309076647
-0.555845485240974 0.10922292526993 0.143908610379477 -0.0458555057920394
-0.532267615992242 -0.0572186789037299 0.171490208832493 -0.0149015746089849
-0.493927240549132 -0.240281910321969 0.192547182027526 0.0810650255366561
-0.518829381670235 -0.372459989610964 0.129039122925038 0.11063813654533
-0.425691747625996 -0.313079212474155 0.140459116336735 0.174376692776119
-0.421707947062128 -0.266148372081968 0.122712235687922 -0.093911187345923
-0.471487244186791 -0.199346862053043 -0.114188034462301 -0.19329788591631
-0.529218011315283 -0.0918052804354722 -0.23010667529776 -0.0111361744882014
-0.572581745619971 0.108252112183161 -0.231054635620856 0.13309095252501
-0.473954660896342 0.299425033444585 -0.15545553240322 0.193779251743494
-0.326110552937866 0.429957172268498 -0.0893336964052203 0.215366989668164
-0.277876951011039 0.413774432985215 -0.0545163505376434 0.227266280606375
-0.245661687749709 0.425236076460527 -0.0599296962931788 0.177231975778304
-0.35808708163412 0.356940511800505 -0.026674463063846 0.0993392893918405
-0.415794988448029 0.192589726787428 0.0122084108894459 -0.00481578148589883
-0.410257266112351 0.045084775666888 0.108383737751486 -0.0640020557048312
-0.388750652997602 -0.021851488251093 0.244306566963134 -0.0108340863417913
-0.421383380262957 -0.137107174302775 0.319357433761768 0.141765473593618
-0.500616024608672 -0.287295308587188 0.270562162420324 0.22736855243358
-0.316627486284047 -0.213596357847947 0.219315839873831 0.322510470028667
-0.275877009416181 -0.19004155041079 0.179873420234712 0.0561048591975094
-0.314459622954188 -0.193990208408081 -0.0410076817575294 -0.0826089829940249
-0.401720612577498 -0.132435529512071 -0.205554004543315 -0.0137108706616048
-0.469176155522728 0.0560635353911092 -0.337597289975695 0.129861144810026
-0.396341143050065 0.227396766121655 -0.308349073843034 0.279061067070836
-0.275504243016933 0.333584590836573 -0.227039676619165 0.350925383459804
-0.238794116909606 0.314164489721288 -0.159936427193086 0.373128588760944
-0.216912472192653 0.295106338968679 -0.164381328921279 0.300598466025461
-0.283433355969179 0.209435263533696 -0.13340066033508 0.167913225352292
-0.284177888463175 0.0689231224791908 -0.0757310413281921 -0.00768041990569767
-0.21887240984262 -0.0181228265689081 0.110024742406343 -0.0904824033460235
-0.213422298742258 0.0168338607639743 0.310074602537571 0.017147790984249
-0.307082731644145 -0.036282758918484 0.389379022350292 0.196039505960449
-0.411429965021731 -0.176195984333503 0.379481050638724 0.300341785632061
-0.174256726127782 -0.0652378799680399 0.249190001183657 0.424754046944126
-0.10799483424101 -0.0531292688298566 0.211961009655322 0.175480529641004
-0.115722963925847 -0.112082257367715 0.00847893786569719 -0.00138792200823555
-0.188152527633195 -0.115245130100298 -0.204714097869505 -0.0183748089283124
-0.265638138145699 0.00316696648406126 -0.423291630860863 0.144016994900897
-0.238055474256922 0.113337866566447 -0.41388626567538 0.354974826884861
-0.178957437732608 0.175944950287099 -0.320097780010929 0.449650947553551
-0.163531048682072 0.164856555349521 -0.239086102286478 0.462294930809381
-0.155801099673349 0.134802440036704 -0.250211307886822 0.360716282170054
-0.172258476151737 0.0592431469557345 -0.214124654698342 0.17104481423758
-0.131816460815965 -0.027743397494647 -0.113382962227689 -0.0501165707416127
-0.0441563849354728 -0.042260146172301 0.147809479973851 -0.101410283817864
-0.0635706944218082 0.0500029473012167 0.349599258850351 0.0753762831737227
-0.177870197183675 0.0418146705141613 0.392199371556178 0.239384592808569
-0.266713856182998 -0.0577875668236399 0.444902336326798 0.330795561010811
0.0262615183338512 -0.100663340593392 -0.441575859271988 -0.280143563983744
0.000525615634509592 -0.103257917847066 -0.354897913372978 -0.249262362637663
-0.0897876268122161 -0.0572839041844732 -0.33508344810879 -0.150891186664782
-0.10119097484614 0.0485774593700225 -0.238786683746092 0.0916166685332016
-0.0244199029428049 0.0950908412905609 0.0896844380632094 0.12618988125387
0.0251152318105249 0.0707494927523073 0.268060682943458 -0.0939972102122832
0.0487441261669904 0.039825024561973 0.30640485182574 -0.325102723325614
0.0541357030922039 0.0179275664465204 0.302297032190251 -0.464938056633324
0.0570138019839649 0.0213062398177416 0.344151981359376 -0.497591806330068
0.0362279902295228 0.036495672239453 0.413901769804496 -0.4126057749831
0.0201924026002248 0.0670793035319747 0.434760843873051 -0.229412237835752
-0.0603972744534505 0.0905849492496522 0.267132268981992 -0.0320001805468247
-0.115173762332415 0.0036645584893453 0.0241563773868698 -0.0550517597702951
-0.0369533596922783 -0.080239225142085 -0.155706634511922 -0.196666266067133
0.0401908608580439 -0.0800407391562607 -0.20238779607648 -0.449585962171699
-0.154120916229512 -0.190871634118154 -0.386603914523931 -0.267104392021773
-0.164574327271519 -0.142316913488416 -0.281846046077401 -0.265574169288766
-0.22702046484765 -0.0521874786504484 -0.293518353527037 -0.2314830039149
-0.217341718391094 0.0612959179643614 -0.256296664586579 0.0388866119399735
-0.163115645501528 0.129347525098438 0.0484435518565269 0.132467613861681
-0.104752699649488 0.164646348939967 0.249785589916623 -0.0558155219367156
-0.056290967768304 0.189910561923663 0.314256029209513 -0.277264388332916
-0.0534556425541651 0.180320764834766 0.298169310333394 -0.414806398757016
-0.0592293622529264 0.208921067715786 0.318790900419605 -0.457874556310707
-0.146080545811961 0.197203604930427 0.387374059135835 -0.393173335640895
-0.205743674644811 0.143407358640913 0.421262615624944 -0.228712584989736
-0.297659201365934 0.0657828968298504 0.259805853704444 -0.0314667491958034
-0.308160936523754 -0.0877839007962267 0.0231937341786728 -0.0431358895243274
-0.201926607444635 -0.228602433414047 -0.146152569837154 -0.159131611394681
-0.134904870294534 -0.249268316751092 -0.194663751706616 -0.359125401905659
-0.31678947244442 -0.274621209990199 -0.281479460149008 -0.214208279148027
-0.336150960307196 -0.193287324583183 -0.186443439874527 -0.277192913214501
-0.375391826849311 -0.0540783600156181 -0.254479758991981 -0.290407547671382
-0.338314630271587 0.0720471698245124 -0.26364793760229 -0.00104257460604543
-0.299961339384965 0.153790841975486 0.00272123882323647 0.13273618353943
-0.237339546695685 0.237699292676715 0.200405402025825 -0.0130762626450134
-0.163143018356287 0.313757555548969 0.273333847131181 -0.191503857933565
-0.152296951654083 0.317635193134899 0.249161558750091 -0.298301137205678
-0.149012303779694 0.365732465209467 0.246777780474295 -0.346651716348387
-0.282162109602594 0.343995586545297 0.305692452861603 -0.314852103662183
-0.380443533571587 0.236415934657772 0.352572610488808 -0.200490465169072
-0.48570783443677 0.0870406856970665 0.232753931056385 -0.036104284247693
-0.474622337181407 -0.11805453092683 0.0522928695582997 -0.0239679997615075
-0.359179783640037 -0.306350735830717 -0.0795137924873104 -0.0800888500477379
-0.304975362512671 -0.358900706613389 -0.131605973905344 -0.211269302081056
-0.424464125957539 -0.331425344820812 -0.138530711813445 -0.118266843153621
-0.460166300748399 -0.240994754452447 -0.0726437637316017 -0.268406990096987
-0.492837628916048 -0.082268269139381 -0.220982048438847 -0.316029470577559
-0.454184059809488 0.0548468653281174 -0.264353163928596 -0.0182439453247372
-0.433694616954646 0.166855753245058 -0.0512464804943071 0.134957604161273
-0.357801376141808 0.291576093223426 0.118110123731301 0.0400775905315722
-0.2522800416316 0.401296888838645 0.185994781430651 -0.07566092729864
-0.226548862052799 0.405935491719484 0.1652738540125 -0.137099420658136
-0.208157927567801 0.458785585187335 0.153474027725607 -0.179775482179571
-0.355072591172845 0.433841217124052 0.201554393045523 -0.182482704018639
-0.469710870993421 0.299324523639771 0.24849633175331 -0.137161489119866
-0.57299882464539 0.115577972981874 0.188148365741379 -0.0369493393196173
-0.552505137361442 -0.0964181110175778 0.103448086306787 -0.0131458305895556
-0.459899722935812 -0.299010999857929 0.041587876678997 0.00636354884128323
-0.433192952783781 -0.390186372184717 -0.0164221679481069 -0.0443939404345394
-0.454547271366193 -0.34480934084577 0.0125612180778253 0.0127993907690882
-0.482599417518294 -0.267508329153259 0.0363793743942333 -0.212043366630665
-0.522628441695916 -0.1366671110088 -0.177133388679944 -0.282032237963291
-0.522831823945393 -0.00853762000914133 -0.250063341894231 -0.0179149262086033
-0.533508635251635 0.148331036349827 -0.12567516647829 0.133732069762595
-0.442108785410489 0.312571697818548 -0.00381817596906944 0.106967238895074
-0.308510793740068 0.437069438853675 0.0600433412681846 0.0609708481313349
-0.266750922822131 0.434792939837903 0.0606362346021722 0.0446271811213073
-0.235333474766887 0.471032798248603 0.050410130322189 0.00596378048439986
-0.37206049039299 0.432686334465098 0.0898264572003254 -0.0307877087062102
-0.471964332742033 0.282497700179519 0.127914580784626 -0.0592846545930621
-0.532725400623995 0.101136883111441 0.137742861342851 -0.0417787017382605
-0.509975738001253 -0.0554150823883479 0.169105738509588 -0.0123803880255941
-0.472106993870176 -0.228355691930894 0.185187743070249 0.0795594459956246
-0.492351568446924 -0.351535015249509 0.125017195237184 0.105453289069307
-0.406590943063476 -0.305662984867059 0.134286734155866 0.16404796674965
-0.404366417341262 -0.254956596064647 0.119052640741019 -0.0955995954636665
-0.451297007125931 -0.188407177362866 -0.111482115120524 -0.190607572006533
-0.505289469791499 -0.0864588563662066 -0.220133685613871 -0.0127953750837612
-0.547833167866029 0.106713746776937 -0.221763522368977 0.127162410584537
-0.45532450744678 0.290145163392811 -0.154087307763555 0.185859447653377
-0.314157329035119 0.410640360424541 -0.0843978844579929 0.204540039139293
-0.267286262919829 0.399659150388265 -0.0497490527784846 0.218559538773683
-0.23573169666673 0.404466262575272 -0.0553696003779848 0.172797129597201
-0.343048143529867 0.342329413128257 -0.0232631311829607 0.0940825916797549
-0.398965958305445 0.187929703807233 0.0127842216240699 -0.00938083221062389
-0.393305847318692 0.0396017675871811 0.104051844381882 -0.0603113871954581
-0.371825199381261 -0.019360135627093 0.239410701065238 -0.00979298104098402
-0.402921022029403 -0.129055411801714 0.30742774075643 0.13735498823131
-0.475700458665152 -0.267518080432625 0.259837885145386 0.218037118196498
-0.306097428459551 -0.207970392141949 0.208457292095965 0.306858569244992
-0.265306822987557 -0.181020902436943 0.172359673363484 0.0485478488102736
-0.301243536506376 -0.18260435125882 -0.039373718993663 -0.0847891583066526
-0.384199883138062 -0.128040398257178 -0.196050664003311 -0.0163694707607019
-0.449716439647144 0.0565091085567259 -0.324512349859091 0.123933077908638
-0.380677042004558 0.221998486167078 -0.300853935303411 0.267638080294797
-0.265798293299471 0.318517549289858 -0.218358637993146 0.336537415633388
-0.229882898870377 0.303332065213177 -0.152125322085728 0.359311412543079
-0.209540896782001 0.280944855425911 -0.155517670379505 0.291596483043778
-0.270854766064414 0.200940609338543 -0.127409701305906 0.159971079970338
-0.272905263015654 0.0665292082193395 -0.0724483567600783 -0.0107303485790127
-0.208222051187577 -0.0191086418555206 0.106883734174229 -0.0870098173380508
-0.202643782328634 0.0178887864910509 0.303393342200025 0.014801180221086
-0.293945438275914 -0.0316489300535725 0.374756299013665 0.189137640660989
-0.392885304112128 -0.162664669962206 0.36283965361051 0.289069141974188
-0.169610983566564 -0.0646540312159054 0.236197132753108 0.40685184430991
-0.10428924742777 -0.048927159458412 0.202830034772638 0.163266789326278
-0.110980295452622 -0.105541698294996 0.00966175041332507 -0.00692293314993002
-0.181717361271548 -0.111930106333862 -0.196028112998976 -0.0220352261115981
-0.254508807696094 0.00391590549618949 -0.407288530231679 0.136106499847548
-0.228586501542393 0.110597462907682 -0.402335782777578 0.340346361786007
-0.172520936029247 0.167729006162383 -0.30920889858518 0.433653318551605
-0.156371550169158 0.159087702005906 -0.227944914124103 0.445132767331638
-0.149962555310621 0.127950655391764 -0.238254871458275 0.349248551397321
-0.16495924465398 0.055508551186027 -0.205753539600568 0.163735601222405
-0.125475315563378 -0.0273822473268922 -0.10915371056203 -0.0517232923487403
-0.0407530681143286 -0.0415677560521605 0.144519152608359 -0.0984116241988552
-0.0578993963348491 0.0493181711629307 0.341086996177369 0.070842781740002
-0.17105156970444 0.0427874589407122 0.37765631889213 0.230381730923282
-0.25534235544642 -0.0516148578404638 0.424662513173957 0.318100336103492
0.0268963562531852 -0.100134510157019 -0.432958130519984 -0.287413143257367
0.00166428360458335 -0.106625832947882 -0.346546018403711 -0.251183421175297
-0.0900976788087187 -0.0590055774773382 -0.337427826033876 -0.154992409361516
-0.10228569072002 0.0484606539130228 -0.243935709704382 0.0909525849208813
-0.0254048184212815 0.0954297210665384 0.0864975388712336 0.1297264950537
0.0255388057781918 0.0712961591159922 0.269449264851724 -0.0872380619052794
0.0483629007890406 0.0417901488212979 0.310889167982848 -0.318786850635692
0.0530009194503663 0.0186912008643525 0.30692602991867 -0.46396471153133
0.0555582797742753 0.0215611404535341 0.35231830380188 -0.492998543151064
0.0343940593335959 0.0378200090465499 0.422293783725175 -0.406806682929003
0.0189292380591625 0.0658185461497589 0.437704682586934 -0.220799169647664
-0.0617448181428064 0.089714382650835 0.268825262901837 -0.0242607460500889
-0.116268534209103 0.00273385379292609 0.0225655673969536 -0.0492343367980046
-0.0332459695684179 -0.0829639648750341 -0.154289775245089 -0.194184251874432
0.0425241041314227 -0.0826430196465387 -0.193982202787498 -0.451472548871771
-0.150612684499362 -0.193764468537313 -0.378350379866009 -0.27457770024246
-0.161839500937568 -0.146825533679257 -0.273437531656129 -0.267119912841176
-0.226114282610839 -0.0548672158629829 -0.295482865410813 -0.234898349920454
-0.216644122197184 0.0586335074025656 -0.261614754773022 0.0375125073210491
-0.164412735466513 0.128733380882282 0.0444350259079875 0.134811279333057
-0.106107636772617 0.163050321278794 0.249489792127919 -0.0491839957468384
-0.0597909569761547 0.189321927968586 0.316887852432475 -0.273072510814264
-0.0573189460176163 0.180381376101318 0.304009206918153 -0.412140562855513
-0.062817543305625 0.206404914016514 0.327531764802268 -0.454722842353316
-0.14998523224243 0.195042510501275 0.394122362258702 -0.389621954030802
-0.207798168747511 0.141333480191317 0.427078945483111 -0.222439569847913
-0.298346099081763 0.0599483327906855 0.260712922855935 -0.0242476378980907
-0.307087750745853 -0.091525294373326 0.0226216380397165 -0.0377230428690554
-0.19567824074417 -0.232131603235536 -0.145346434071448 -0.157236775748069
-0.128330630082014 -0.251329741585195 -0.186361133016033 -0.36046875792328
-0.309987942836109 -0.279640586169232 -0.273539572123731 -0.219878036113999
-0.331567677685624 -0.198760535480847 -0.177535347934882 -0.280232008810181
-0.373197377800662 -0.0570785691057214 -0.254672087400751 -0.295063749827197
-0.335569062927941 0.0682889906753962 -0.267019603533506 -0.00328857960567465
-0.301751766168925 0.152194454541264 -0.000535549231743965 0.134499561450134
-0.238681468072983 0.235035350841981 0.19845677145126 -0.00656598307646038
-0.167812809308959 0.310337457433339 0.276712275292431 -0.188466212859972
-0.157593111606421 0.315235199021742 0.254566452079828 -0.296411771135126
-0.15591672905082 0.36152696299907 0.255301612967919 -0.342220846545983
-0.286283332489502 0.340587139629786 0.314843333661392 -0.311792073324632
-0.382903286014373 0.232870930573649 0.358109186905426 -0.198314681807845
-0.486702149611856 0.0781505328103158 0.233881778508159 -0.0289474142479189
-0.472992202384244 -0.125133974246343 0.0533830584115913 -0.0194101189836397
-0.350587257005038 -0.311926330913948 -0.0799316082188669 -0.0773862808247688
-0.294987213067911 -0.361632846192791 -0.12503708287927 -0.212059587638211
-0.416774080808419 -0.340663594659696 -0.133273346104257 -0.123884033038819
-0.454319609121197 -0.247784830071689 -0.0653553800285071 -0.271575797440493
-0.487267517983497 -0.0873429537023015 -0.221523527806418 -0.320970617983269
-0.449286530580638 0.0495670908256988 -0.266229263372811 -0.0211468347939686
-0.434567880420581 0.162980447262506 -0.0541055933924467 0.134111977048814
-0.36072028582114 0.286849988968567 0.114276635049818 0.0442845480529083
-0.259499635784614 0.395939879156058 0.188646791740913 -0.0748315303377005
-0.233952457103935 0.403544653136655 0.169289241120156 -0.136117481939537
-0.215282592257466 0.451257716374234 0.159161740067271 -0.17631272702736
-0.360112483490267 0.428095493385396 0.208117662733428 -0.181635626132519
-0.473722671874576 0.293197768564452 0.252423793081189 -0.137357741835463
-0.57375091216225 0.103487169952878 0.188974419476007 -0.0305106782572553
-0.549723609478925 -0.102938832717849 0.106615522969148 -0.00861031296463823
-0.451757558897604 -0.303379468688661 0.0401925739910129 0.0098388011538779
-0.422378255535941 -0.39144453567502 -0.0136466647429982 -0.0439960005139655
-0.447767318295629 -0.356205999420758 0.0126598992989387 0.00911446795329769
-0.478653289205222 -0.274111416261002 0.0418637137711277 -0.214529265649098
-0.51651872372995 -0.140514337236758 -0.176520971122664 -0.287645567559403
-0.51805034910465 -0.0172797770505139 -0.249894421787929 -0.0215678381926222
-0.533665928623351 0.142849418384034 -0.127551090505149 0.131604191405787
-0.446068997409825 0.306701472028861 -0.00903143985920476 0.108489197911502
-0.31533612084713 0.430613097567773 0.0609863233971095 0.0595598572880228
-0.272882626057227 0.432010984720777 0.0628614804214753 0.04419154089892
-0.243257651269766 0.462153734093432 0.05344806238269 0.00858222222876925
-0.377704525612976 0.426865510995308 0.0935255118148114 -0.0319699570816978
-0.476410059497043 0.277520134349004 0.129594290466248 -0.0619099835519088
-0.534423205355247 0.0910506579429672 0.138630222116459 -0.0361654001951852
-0.507088674043692 -0.061725240987708 0.173065381733189 -0.0084542519278391
-0.464330865326041 -0.23069948782472 0.183957270707615 0.0825088120614137
-0.482674648015469 -0.352514432103546 0.124102812729099 0.107703571253512
-0.401355270694228 -0.315273384752869 0.13006807421382 0.162475199284775
-0.399406747191545 -0.259905660677278 0.11946107852128 -0.0981836939101513
-0.443692448065208 -0.191303399457456 -0.110366243251953 -0.19621298360203
-0.501195326663712 -0.0954890451326263 -0.218946268443034 -0.0180680263861502
-0.548812018480687 0.100674835057743 -0.223462911621047 0.121993201945397
-0.459621782981895 0.284407223280826 -0.161097830060901 0.184439763231818
-0.322118481074423 0.403482695145834 -0.0867577610371082 0.201818199871388
-0.273713273861727 0.396338053404264 -0.0502901133113569 0.21703599972699
-0.243470896131767 0.397749303334442 -0.05472765501147 0.173791348230823
-0.349207998877172 0.336649742584031 -0.0220113136791208 0.0916283014489458
-0.400964090790722 0.181531594084452 0.013452294963028 -0.0129796507462263
-0.391980244683401 0.0294416858173264 0.104716501285133 -0.0560989038595092
-0.369670001664533 -0.0234973600615288 0.244092312284358 -0.00673150844283782
-0.398719756844172 -0.130700780843684 0.306179427200524 0.141395717195125
-0.465365411118711 -0.270159733871328 0.254236478338872 0.222061233404088
-0.303902018203021 -0.215886546766947 0.200483211678483 0.308033926750541
-0.26218768273199 -0.183506062092907 0.16973671845219 0.0464657242393114
-0.297263469817416 -0.183879170034278 -0.0378920192230608 -0.090411576079205
-0.381140315727891 -0.134991390457079 -0.193117478845795 -0.0238664442496429
-0.448565154471192 0.0509994788914515 -0.326510651728021 0.117381237846052
-0.382750316610553 0.217655306647973 -0.30855329153283 0.26356347897962
-0.272273883695291 0.312684123138619 -0.223234457268807 0.332527850256081
-0.233181452319146 0.299894525449128 -0.15576949950203 0.357435663065578
-0.213935753508101 0.27422661473151 -0.158453832017951 0.290990352046817
-0.273589286525212 0.195082449962193 -0.128902764002265 0.156360412341633
-0.272637766969509 0.0629966981500144 -0.0725323506519509 -0.0161615321734909
-0.206404062916961 -0.0256183686817294 0.108937517128143 -0.0847497176446679
-0.199883367983753 0.0164278545708007 0.30823295513648 0.0179584029092627
-0.291995910964252 -0.0322716521730767 0.37276562439807 0.193103229314658
-0.385914176345624 -0.164590013559008 0.354309468650645 0.295257968003292
-0.170894925141881 -0.0689777788172142 0.225893259917785 0.410472462258173
-0.103036738100794 -0.0483225404234856 0.19736397084848 0.161696639709007
-0.109025644716516 -0.104879448047118 0.0111184579903385 -0.0125164559544756
-0.179682579469004 -0.11542544770549 -0.194100089721001 -0.0299143693545593
-0.253868745974486 0.000576458737884269 -0.410762023625045 0.129888674184508
-0.229893976006511 0.109407636133797 -0.409780960701298 0.33552702724887
-0.176205718764021 0.164164990104239 -0.316042268793369 0.428713912469066
-0.157862795347842 0.156792039223293 -0.233932210181326 0.444442238991326
-0.151784875709445 0.123593863417206 -0.241837584917483 0.347769875032322
-0.164800267822538 0.0517398518364556 -0.207652513860073 0.159152206184777
-0.12372077200659 -0.0301469033462281 -0.108939683067377 -0.0564652133815453
-0.0385290347745849 -0.0439923449907791 0.148532595818476 -0.0975428058179928
-0.0564093567061984 0.050361797299976 0.345701964229862 0.0737202189274488
-0.171026697351199 0.043097790896402 0.374069950382801 0.234623028979524
-0.252814825009741 -0.0519354208090694 0.416661467675131 0.325171118093074
0.028069103189861 -0.103869322194528 -0.445170564829861 -0.301585245811327
0.0016437124085142 -0.113350150099324 -0.355724963829648 -0.262238838679472
-0.0950481382643862 -0.0617850756409249 -0.356475320447788 -0.159932202359409
-0.106432919668 0.0509039623635153 -0.259432919984551 0.0988801232328095
-0.0261374682658205 0.100412980748703 0.0879554523635742 0.136515553196818
0.0278570377277499 0.074389891609107 0.280893177103854 -0.0885975736653639
0.0507439789261287 0.0447859796318647 0.32243492050898 -0.331467227751053
0.0546367735806589 0.0199671807834341 0.317123898683081 -0.482448272460374
0.0569477626279321 0.0220594639097816 0.367197288629127 -0.513834724717756
0.0347573253941249 0.0402821370642404 0.442606875198477 -0.424226769426843
0.0193593972562182 0.067814183831703 0.458027487143874 -0.228710959694724
-0.0643720172873576 0.0929334097832646 0.280654290916568 -0.0212088788450029
-0.121315206501213 0.00325450573942649 0.0213548198832782 -0.0451144814677273
-0.0329119452316295 -0.0891217310387267 -0.161779474566996 -0.195634192374833
0.0448534235407324 -0.0894157636019981 -0.199733136539599 -0.467682164194859
-0.156318768538665 -0.200398766928158 -0.389213667767756 -0.28663856936832
-0.168913474609618 -0.154828716634948 -0.278720885794127 -0.278061924308795
-0.234504447800181 -0.056211371720099 -0.31237763529182 -0.243760173616185
-0.224083659603728 0.0619073920853617 -0.274797529950555 0.0418665566489794
-0.170148033932252 0.135647522890167 0.0448508246488798 0.142539868018187
-0.108527874297911 0.169938997118516 0.259275041188006 -0.0479932560090731
-0.0622553045208227 0.197101500002607 0.330601562666785 -0.283008028554039
-0.0606505819887716 0.187361341379213 0.315028541732102 -0.431245337999584
-0.0668949615388777 0.213080306066055 0.341655061440596 -0.47255123184494
-0.156912129593025 0.204726869454938 0.413852992946392 -0.405654663633234
-0.216813917088 0.146594765312039 0.44672098286726 -0.231938604899923
-0.310597703507024 0.0610474403330465 0.272802037984293 -0.0209087721467159
-0.320208211580017 -0.0947169305382197 0.023250701905662 -0.0334359731245282
-0.200704063625736 -0.243492466208708 -0.152480645703832 -0.158547796409644
-0.130978917506644 -0.262542352742365 -0.19134074855426 -0.373035765299672
-0.320941358174857 -0.292216390066823 -0.280657064128237 -0.232649836982287
-0.345552903384582 -0.207860102718744 -0.180011514334756 -0.292133453707588
-0.385972771707791 -0.0576948183657444 -0.271004151549844 -0.307013147383945
-0.345289744982609 0.0712793436620019 -0.280690287597089 -0.000891239036501209
-0.312238961027593 0.160476109268832 -0.00132109461221627 0.14185013095777
-0.247148092380407 0.244494062640441 0.205378306709057 -0.00358216489457605
-0.176036940230159 0.321426718318948 0.28997865717826 -0.195582346965135
-0.164988350266268 0.328226915067263 0.265121140683328 -0.31045808490423
-0.163294099695299 0.372240811240793 0.267944139371511 -0.355338980028383
-0.299776773149644 0.355340338794506 0.331050903872396 -0.326366699610918
-0.397637641224352 0.24444779306748 0.375128828146001 -0.209173491741121
-0.50818660935651 0.0787380658707438 0.244239697152068 -0.0254373198478127
-0.491440913626801 -0.13072622564196 0.0566679137085839 -0.0158847859710853
-0.360539268940754 -0.324907119471676 -0.0842192770686084 -0.0766718921815144
-0.302000663401115 -0.374127102893389 -0.127290741196761 -0.219692511954011
-0.431906583515293 -0.35613518595425 -0.136121766272851 -0.13316431702939
-0.472581749324727 -0.257872152028759 -0.0634331151252338 -0.284841275943448
-0.504318194973443 -0.0867452942533857 -0.235324390190711 -0.336536178875506
-0.462886791273983 0.0506111226100848 -0.278372937184887 -0.0209784157721598
-0.450659909145463 0.170670334648407 -0.0566644923024222 0.140456173378829
-0.374590858173218 0.297900983937288 0.116258244723345 0.0495540233031592
-0.271381038684784 0.409237197627825 0.198086440709433 -0.0788113197833881
-0.244260191801873 0.421110111289826 0.177940304277574 -0.143788077088888
-0.22718229592795 0.465794872077581 0.168690367614806 -0.182369789102628
-0.376498151465158 0.446709494653152 0.219948957225673 -0.191206340831163
-0.491269004027769 0.306817075887126 0.264353596989768 -0.146703139969771
-0.598216292433017 0.104822681934373 0.197582862724432 -0.0271931800893078
-0.571781769711743 -0.105718134166417 0.113965834578491 -0.00659093264309032
-0.465755504141342 -0.315883159405789 0.0411173302747344 0.0126420037639899
-0.431530830500964 -0.405275299046394 -0.0131180680000652 -0.0451046377907033
-0.464187920328099 -0.372109440266645 0.0134155112413564 0.00558585121623996
-0.496480731351288 -0.284604824725173 0.0446501073614033 -0.227432083017091
-0.534924730214428 -0.144181907160313 -0.186564877330644 -0.302437924980913
-0.535704778279006 -0.0196508976416903 -0.260028342974491 -0.0240236027526885
-0.553534509329821 0.149625511381872 -0.132455911430702 0.136513921214532
-0.463567405868374 0.319460456141728 -0.0126409961172029 0.115104519282279
-0.330417227168794 0.445054561200744 0.0642655793078941 0.0603645203240516
-0.284757621575233 0.449792800550948 0.0670157602191137 0.0444964850810638
-0.255901665355014 0.477328984396444 0.0590258510123501 0.00989451776117259
-0.39462298765924 0.442476257124166 0.0999893398838645 -0.0354729707735882
-0.492866290227547 0.289789753991194 0.136262830654734 -0.0689353760211504
-0.556249384468693 0.0888156587878454 0.145165458110165 -0.0336382816387087
-0.525919283137277 -0.0619554528575162 0.183978664908915 -0.00831266170214747
-0.478069324923647 -0.239700717892046 0.189938980970534 0.0875984561174688
-0.494148814767041 -0.362952564508398 0.128654225358294 0.112850239418658
-0.418378304101587 -0.329513635220167 0.132234618720124 0.165925310023123
-0.415122610893282 -0.26892948979111 0.123776853917344 -0.105889916732417
-0.460219566814935 -0.196025109097411 -0.116461938075078 -0.208896882040423
-0.518473025317274 -0.100899778558378 -0.226219323689354 -0.0231651125077267
-0.568794221429579 0.10639477586253 -0.232071996587348 0.125068591176493
-0.477120020904845 0.296825239451424 -0.17085718496658 0.193493214059023
-0.337709934666193 0.416195494468772 -0.0899774564370265 0.208666241634726
-0.284300938480979 0.413207933223291 -0.050385762645133 0.224567405171496
-0.255959696159505 0.410908180062463 -0.0537488815696226 0.182226171994117
-0.360954108032504 0.347590520298089 -0.0214987675412283 0.0930338616020293
-0.414162537132992 0.19063931041392 0.014070287731726 -0.017728115784945
-0.408174076903558 0.0281397210644976 0.111153837834594 -0.056250459823098
-0.38065776227616 -0.0223993439595744 0.258335474786476 -0.00819010722305395
-0.409448390735129 -0.134205760413411 0.317233839060395 0.147318097304744
-0.478685833560085 -0.276091622338773 0.263530279434566 0.232123217069054
-0.317775103013279 -0.225780513228957 0.203291599038595 0.319117034581513
-0.27119673653789 -0.189720445986646 0.1739297957632 0.0458198337595604
-0.307034204751139 -0.188960692690525 -0.0391409450844854 -0.0993583648928198
-0.395987765571991 -0.142721667049945 -0.198800342077543 -0.0302054100480739
-0.466291581788813 0.0548864635698967 -0.339845511938353 0.118978844009708
-0.396895761100491 0.228043923134727 -0.325638328286088 0.275271025735179
-0.284396069311264 0.322234932758067 -0.232349810161346 0.34553290611704
-0.242123226118442 0.313214961313229 -0.16048592488505 0.37098275048428
-0.224275188011336 0.282823186957115 -0.161240630514887 0.304758967038489
-0.283421334311431 0.200767889175107 -0.132891417884205 0.160378440458399
-0.281912852169409 0.0640670406897118 -0.0761370492147403 -0.0201805017670941
-0.214059449315132 -0.0294184900528917 0.116187600361477 -0.087717941341374
-0.20479731327677 0.0188547376659568 0.325389620774527 0.0162931170100265
-0.300242818771237 -0.0302172480631953 0.387251498391231 0.19991880936046
-0.396248250660772 -0.167229385221494 0.36640767404762 0.307975850319037
-0.180098578589914 -0.0721343231159556 0.229821777475031 0.425975264780696
-0.106339222116417 -0.048604303472645 0.202234849778126 0.165377804578577
-0.112195882313431 -0.107368020414952 0.0125523379290281 -0.0190951376844922
-0.187649024268538 -0.122149123057727 -0.200650396881332 -0.037648042157107
-0.26318017434934 0.000807059577985257 -0.42793983504351 0.13233582836168
-0.237918525232196 0.114555004070349 -0.429853459748918 0.348806325271762
-0.184377255676771 0.169750776395065 -0.329739162439454 0.445181627851511
-0.163056452928056 0.163363545874314 -0.242875465404122 0.46223839118074
-0.158658659560542 0.126625404533474 -0.249346127898161 0.362066150197461
-0.171044664300894 0.0527819693330221 -0.215511475157065 0.164372514140306
-0.127347701582397 -0.0323011175627153 -0.113632558765344 -0.0616823000105874
-0.038243219637848 -0.0468647706061403 0.15803896841784 -0.103122092271281
-0.0556782474197124 0.0539902251986044 0.364663101354713 0.0737555038064605
-0.176417348974421 0.0474986464040502 0.388922883378737 0.244206236504307
-0.260115753491715 -0.0520257624960966 0.431034639573049 0.339910545431732
0.0250587228969364 -0.110665408513369 -0.480202437742617 -0.303894131879393
-0.00449202530498252 -0.122944574910759 -0.384285131319571 -0.263408760065053
-0.104166067881555 -0.0618611947708689 -0.389927910276381 -0.1511324463311
-0.111796807631074 0.0589372250542135 -0.275344237103662 0.121121585043904
-0.0237561793941244 0.108088229854743 0.0973487249532786 0.143771199878486
0.0336994698409109 0.0765688331889763 0.294972310604672 -0.103553247566644
0.0565565363712672 0.0461246605816188 0.329004927706905 -0.363354582458539
0.0580029082185328 0.0193272311307132 0.314819420335313 -0.526146684324321
0.0601208967751133 0.0203768619692297 0.369331031722699 -0.563013757627975
0.0378119854810271 0.0417196180882511 0.453434589501926 -0.469793095122167
0.0225935355304489 0.0699337050987773 0.478626170889583 -0.257495744475216
-0.065461037942376 0.100713319495445 0.299411221205684 -0.0292762399521518
-0.12928938024696 0.00937917298194341 0.0198709417675152 -0.0427782255367481
-0.0372664147430117 -0.0973641690236415 -0.18033189345769 -0.193832046214614
0.042850401662308 -0.0999617653035964 -0.229118026855419 -0.484867292541666
-0.173300493569304 -0.206926717265753 -0.419239544425454 -0.294022957592293
-0.186158891806558 -0.158679876220858 -0.301860698351031 -0.283966303274127
-0.251059600332704 -0.0491703002622645 -0.347549444564065 -0.242237163975812
-0.233703007750032 0.0754926757160311 -0.295031592962941 0.0604505790341019
-0.174336284879022 0.152214959735246 0.05193023334379 0.15181935915705
-0.106704744198557 0.183897064249503 0.273945353331418 -0.057762897498495
-0.0579266849885277 0.21094285064467 0.34163815865959 -0.312546044036783
-0.0572220198858516 0.202811403684933 0.31556041507953 -0.471938837748226
-0.0639425854795698 0.227856804180357 0.345529985380069 -0.518200768892405
-0.158878800987827 0.224116661830438 0.425506110853376 -0.451177040448252
-0.224294373708438 0.164741475417393 0.466885092561059 -0.264578068940719
-0.328036750987113 0.0759043731979859 0.291152572801698 -0.028389900676346
-0.343970674476584 -0.086535710455205 0.0233429772066708 -0.0304646292874921
-0.220294161822595 -0.253575842909344 -0.169294840846481 -0.155249035876038
-0.147991039428478 -0.275506529087978 -0.215425754344095 -0.385809220748385
-0.351968071462363 -0.299594682466166 -0.303767135303371 -0.239731483977022
-0.37628238294457 -0.206884460682643 -0.198671757741652 -0.304821986990023
-0.410282203591504 -0.0434398066714099 -0.305812137107628 -0.313880606251927
-0.360498600799751 0.0896028332974514 -0.30185619400513 0.0127921403236343
-0.322681781680637 0.18507847829223 0.00388853091805009 0.152235894744684
-0.251126261135215 0.268840737648756 0.217305030791099 -0.00844229921168846
-0.175170316220999 0.347057942002695 0.301445432872202 -0.219908607621717
-0.163597170024106 0.357482604936865 0.268886810860771 -0.34233632116271
-0.160197611453003 0.400227534138649 0.271023509118259 -0.389035658813457
-0.302923539204608 0.389203619532552 0.339998488830216 -0.362998938093177
-0.411671435410751 0.275685951981421 0.391605755908958 -0.240956268619165
-0.536332120453219 0.101400846463246 0.260554875062163 -0.0323581499058542
-0.527415550714117 -0.116123348126042 0.0614550253786442 -0.0143726992674983
-0.392476574928869 -0.332474887896203 -0.0936604229181816 -0.0736013284022167
-0.33125099457537 -0.385125494285531 -0.141398797498629 -0.226025924202794
-0.471176226204943 -0.362842224676252 -0.148617903588991 -0.139905913636094
-0.511160562271398 -0.254442017464727 -0.0771259950916758 -0.302752557953106
-0.536356562336469 -0.0699052503732644 -0.268764963032695 -0.347522406372912
-0.484578771913004 0.0703632650824955 -0.299078700120838 -0.0103736293973285
-0.468482604569505 0.201722339999938 -0.0542863758985304 0.152978395671184
-0.384513104746242 0.33167086824867 0.123590506121314 0.0516972959817768
-0.273862998125502 0.443444826339736 0.209165754996187 -0.0933899268221818
-0.242087971487231 0.456927978811119 0.183877117412193 -0.162033878873543
-0.224037109890695 0.501304172413818 0.174781136371935 -0.200812642156248
-0.381196785783497 0.488564428330368 0.228190985555929 -0.215363458423539
-0.507279280372498 0.3472819033163 0.276138041359568 -0.171133067792724
-0.631013154855608 0.133373025655502 0.211161565685924 -0.032616759135501
-0.610355538895536 -0.0875945302626873 0.123855173707164 -0.00889939702578635
-0.50146130856439 -0.317162444174744 0.0426142622940152 0.0149479474827617
-0.468578753695296 -0.410279819563673 -0.0133862089715965 -0.045954584140051
-0.507351211307382 -0.379285860176605 0.0131273414207851 0.00209568170247653
-0.538338905591549 -0.28135970642233 0.0383447464360182 -0.245972767708469
-0.570004348859838 -0.127505851034837 -0.215029923464935 -0.316022928183248
-0.564523036329818 -0.00191262757640051 -0.277873927648027 -0.0169088469867643
-0.578380767088548 0.183735638436637 -0.134506793806694 0.149538029213918
-0.476269347569962 0.358692027870007 -0.0113083656407197 0.126087964160539
-0.335540490073243 0.482787020731386 0.0723914419664622 0.060227702727599
-0.284608522246902 0.489839977683593 0.0750316021748235 0.0422029365423248
-0.255308020270398 0.515646823063098 0.0674426799714435 0.00864451334764537
-0.399859655221905 0.48398914583371 0.106663683774202 -0.0452437052621815
-0.509745483595886 0.328378429420385 0.142750676346142 -0.0829516567922324
-0.58787516052895 0.113930582716297 0.155117574195147 -0.0376400538697013
-0.559388410401105 -0.0437067107962889 0.19921414448297 -0.0156236980443933
-0.511976310730265 -0.235100973112886 0.204017331348247 0.0861733641903646
-0.531426223636156 -0.361890016989264 0.141436502558387 0.115491456685263
-0.459122138291001 -0.335742210247638 0.143479256794996 0.168909447789787
-0.450078466033212 -0.266578793756817 0.125863556230101 -0.120268195225631
-0.493214502515128 -0.186759201848395 -0.134701119327892 -0.221854535899549
-0.55280984961636 -0.0899839901326981 -0.240437174437055 -0.0197747709021682
-0.595512300970069 0.136657258842397 -0.24057461988965 0.141027668542788
-0.492697720948258 0.336124186110515 -0.176861682174368 0.214576070691462
-0.344461058078225 0.453772147182955 -0.0867078320038997 0.224237433056434
-0.284821887480157 0.449398982181708 -0.042993255896354 0.238925988551089
-0.2567717301981 0.443778984921868 -0.0453243719852723 0.196320611363777
-0.369055162164593 0.383806364336236 -0.0174549193199018 0.0966076100536023
-0.430928000800473 0.218530440993173 0.0141387723725155 -0.023830664266863
-0.433193181477464 0.0419726082892374 0.117901368729561 -0.0613722655614153
-0.402545604979609 -0.00677553716068056 0.278110312375214 -0.0205819363608676
-0.434991914259197 -0.122836448354744 0.342029841886692 0.143073412910608
-0.513467887298693 -0.272059313934203 0.2868786981273 0.239245869177623
-0.348024830332074 -0.228174483384243 0.22493018551919 0.330949813568891
-0.294577632477399 -0.188587740485305 0.18360369910889 0.0391600646826382
-0.331462483031241 -0.184403275780783 -0.0468707893198724 -0.110095794353363
-0.425798923657361 -0.137501260801252 -0.211883644834907 -0.0298759895375226
-0.491370497450949 0.0771546173896754 -0.356611275192402 0.138213628030853
-0.410956450922831 0.260542755322031 -0.33630974112535 0.306615156897357
-0.292687785252542 0.351831998173235 -0.235162021881726 0.375974867773703
-0.243545808447983 0.341793111938779 -0.153237261132101 0.400381942912176
-0.228185737870287 0.306997922948822 -0.154671644325239 0.33061761126424
-0.291656755120666 0.223872410580017 -0.134333386926767 0.17360300305599
-0.295078877772349 0.0782752042109435 -0.0818296642989658 -0.0217625832285569
-0.228016037604283 -0.0252785850173712 0.122443569138284 -0.098196191812325
-0.213023445310213 0.0305488201656759 0.350092906907417 0.00075259925561957
-0.315527684129584 -0.0163190720434556 0.417751438743034 0.194522510179898
-0.423636497328407 -0.158751839291168 0.399235472238939 0.314769194443415
-0.197235853930136 -0.0694256768254425 0.257768726961535 0.445853075376783
-0.113493574913515 -0.0458235309746415 0.218327502603419 0.165330037609509
-0.122309126560703 -0.106158899317447 0.0121526106786774 -0.0276511641282245
-0.205380805623438 -0.123693027947977 -0.214601331445024 -0.0386726720709156
-0.279014042763215 0.0121041064928341 -0.451911859689031 0.155431086095168
-0.246456194319252 0.133442520467683 -0.444836489276825 0.391076948509047
-0.189508984357261 0.186977223761401 -0.333167878611832 0.488304877010945
-0.165188747390512 0.179984283594219 -0.237221950216601 0.499456450687919
-0.163987809860833 0.139099753598251 -0.246259422597535 0.395503792815889
-0.178646751266565 0.0609590212637261 -0.221582479384304 0.181333185303031
-0.135588618152549 -0.0311250675513173 -0.124095316858074 -0.0633996585142477
-0.0413684067490046 -0.0498202866062361 0.16810713085378 -0.118948874303325
-0.0539966018385995 0.0616340508587498 0.394798115171705 0.0591078329041935
-0.18343397432368 0.0606498263410934 0.421790248557276 0.242694444508959
-0.275919125544496 -0.0430838466810642 0.467132919977186 0.345784987485001
0.0319152663983624 -0.104766285906134 -0.441436386368885 -0.390299375152849
0.00732941675381836 -0.123371143417856 -0.35759630046969 -0.329718871162122
-0.102482734896518 -0.0754002463441096 -0.395017690976227 -0.209734576797393
-0.120752281884331 0.0503995498614909 -0.318695636182376 0.0965392537861238
-0.0376930859394231 0.106732247061038 0.0803468330439316 0.172023018843187
0.0248548672163282 0.0804721592363137 0.323555028652668 -0.0654113762312651
0.0531696579526505 0.0548998011798797 0.395799778754826 -0.335693703637961
0.0564638573918804 0.0263967377521352 0.401301987112053 -0.508266487182268
0.0579021522830441 0.030459702080986 0.462392372776635 -0.544971167002919
0.0343627614830803 0.047165457101712 0.536958382066437 -0.433731885176521
0.0147332678448498 0.0748131042311749 0.535155171663674 -0.206731553559322
-0.079375131086261 0.0971844468538965 0.318771424900991 0.00852484037764227
-0.136754690425597 -0.013533550307702 0.0284557310210108 -0.0348359439557782
-0.0227601040024868 -0.116137880488615 -0.1586769133078 -0.213404640291485
0.0592967474283872 -0.107938390544122 -0.165955987176989 -0.534463564820817
-0.154327112291801 -0.23581136711023 -0.38817749928558 -0.374490522133213
-0.172041386976543 -0.18678254470756 -0.276134615946127 -0.342731231342587
-0.253230610643717 -0.0857307526917313 -0.347881834864078 -0.298870158090399
-0.246488881436378 0.0493639302266731 -0.339515353175423 0.0261138097652607
-0.197250274331027 0.130115434653173 0.0244984779336059 0.177646731611258
-0.136696160510388 0.17035893516555 0.290810427076214 -0.0172540656445475
-0.089685590393448 0.206814437012187 0.396731406294751 -0.279783496531676
-0.096263464499584 0.1962769489861 0.395959291221963 -0.451031106404193
-0.103609875985297 0.225210288215422 0.429238721755139 -0.504571084639455
-0.199265605437444 0.206757582371159 0.503717811529057 -0.424279808082064
-0.26095247760231 0.129968577605632 0.531434107984671 -0.22289237528308
-0.351741108862058 0.0307930553399313 0.326087842599787 0.00406316012717668
-0.343519647535914 -0.152998285538277 0.0369150966478354 -0.0190919845980197
-0.186312875231991 -0.309175352507826 -0.144605080702942 -0.165804278587463
-0.112373334454336 -0.326571717505825 -0.15909217171601 -0.416537265412093
-0.320578648833919 -0.35942260222381 -0.285038274222191 -0.308832663331506
-0.356928956720086 -0.263488727633798 -0.171542986020789 -0.352105793431561
-0.415652339286819 -0.104004721111883 -0.304888000767786 -0.367147353725711
-0.37627627995762 0.0451405897183402 -0.346862283999676 -0.0281566442987721
-0.353319031356185 0.142030896028462 -0.0335701520357771 0.174945727599418
-0.299006079676659 0.237033113807319 0.220210800646188 0.030430335995411
-0.231170380157092 0.329139112059175 0.336724350319051 -0.187221328573652
-0.232514410231736 0.338971803189041 0.329420556428912 -0.322098487842866
-0.232007306073375 0.387082380179321 0.336994236123337 -0.38222558843076
-0.376137098263861 0.356074726044551 0.405368077247647 -0.350975154321064
-0.478356832013337 0.213860094240516 0.456397231363642 -0.21169576880812
-0.5746834899053 0.0244395047579951 0.306467941841813 -0.0100894808436135
-0.527987587903754 -0.215263542689448 0.0807690341368138 0.00256867373574511
-0.351666551952625 -0.417339414852779 -0.0703673936497308 -0.0677551588044344
-0.285710629840856 -0.472997966674395 -0.101029687131381 -0.228957621907858
-0.428049750687713 -0.44630449896437 -0.146655322075507 -0.186982156211717
-0.486388138682641 -0.332143235942529 -0.0508029882091871 -0.335777864622354
-0.539563408785789 -0.149783527088238 -0.268942719202439 -0.401670738959425
-0.499699794012804 0.00784405994763019 -0.347409718724683 -0.0587187588845852
-0.503528384838466 0.136744142483441 -0.100775306489768 0.169083747486981
-0.446106264755798 0.283692098371035 0.110240282834995 0.0818625382385419
-0.348876927578162 0.413242799540146 0.21720253070717 -0.0665270923931597
-0.333575842528914 0.432155772597617 0.215214114590106 -0.145821307235889
-0.314769880815732 0.482324370043211 0.211329517644379 -0.199174211225995
-0.475073388299974 0.449018140271013 0.268181192305594 -0.21442474725683
-0.593227944157703 0.271207777551977 0.330364494953416 -0.159100969142095
-0.67946836676331 0.0403964433131313 0.259330293427056 -0.0204348855718339
-0.618441083197546 -0.20176959699991 0.14845789906538 0.0143965209714196
-0.466200724706487 -0.415887434838551 0.062916300756087 0.0397148320009613
-0.426145407599991 -0.523329419998682 0.00966992577456603 -0.0174402930098951
-0.4582613947054 -0.470273837438912 -0.00521262341848526 -0.0179963281398529
-0.50694997073 -0.365842750309239 0.0581490696998561 -0.26200331871988
-0.562311309717299 -0.215302683712969 -0.219519799416038 -0.368081266242673
-0.570789608846135 -0.077784598083754 -0.325966086424011 -0.0721013301973923
-0.61396392200191 0.103621067636437 -0.190354228603375 0.153139879546336
-0.548363908453321 0.298215854628807 -0.044444228302964 0.141606939768558
-0.418131778301188 0.445161045501098 0.0485739296181629 0.076190632477831
-0.382516634104646 0.457405048924148 0.0728820167740578 0.053357687502476
-0.349749379494268 0.490708233723536 0.0715215225772192 0.00700337271812101
-0.493698042730781 0.441489069871096 0.118544814332305 -0.0522279996342404
-0.592729377126884 0.249410656999076 0.178509439248489 -0.0839320100902221
-0.631991479523811 0.0285010351299976 0.20104415284224 -0.033233300839327
-0.571373398400492 -0.143539785838366 0.227361024217584 0.0133444428725916
-0.487174169890433 -0.328123563424917 0.220489396459801 0.130542412201502
-0.498438892673354 -0.482257838215731 0.147528945019432 0.175310825173949
-0.413077421030383 -0.417436616657557 0.104587103469367 0.175963341905102
-0.41870828640701 -0.33974407991055 0.132762158011156 -0.118960592858882
-0.47458186032684 -0.262638332758386 -0.14301455866971 -0.264045410881483
-0.547285580273386 -0.166919783901043 -0.283377667219007 -0.0780920733553831
-0.627698438641644 0.0542508451920162 -0.301724870166475 0.125817038073415
-0.560037372386356 0.275233473243502 -0.230553200188568 0.210615305966605
-0.422758493931432 0.416479748705275 -0.142005916111516 0.227011311937203
-0.374914794661676 0.417354650311341 -0.0780306002147969 0.243134689931793
-0.341288049772421 0.415550870159391 -0.0705203176789896 0.191155022455526
-0.444978304763829 0.341310572575799 -0.0297989583464516 0.0825240003108453
-0.491849903878225 0.149044049671881 0.0337545880329615 -0.0337633392808894
-0.459857270083137 -0.0248921059364543 0.158727401464389 -0.0573446034610085
-0.412231796491314 -0.0757891535680695 0.306830639048216 0.0153110036113481
-0.425041906909926 -0.193852133691046 0.352359325977105 0.201273203944468
-0.494589433236431 -0.377704544030634 0.281276284137518 0.32184329014475
-0.313856397430878 -0.286782765282276 0.166773039573624 0.361020642531349
-0.269049655694326 -0.236037162590221 0.175582670357994 0.0577603438746871
-0.307688173777764 -0.237499140359354 -0.0554605605997655 -0.137711014305017
-0.414896748030383 -0.197560621613815 -0.242639070888225 -0.087028835112341
-0.511161540311291 0.0105783844278963 -0.418193922033395 0.102125608273438
-0.463320269602824 0.212372039813735 -0.407230236184747 0.283885094550806
-0.356334591047706 0.320507812013729 -0.314528366161189 0.367347290736614
-0.311898143954061 0.313803687866506 -0.215730108146791 0.395776357674254
-0.288011965157829 0.279365332708349 -0.202933675031198 0.320487221897354
-0.340606868554861 0.185770593821561 -0.161068630088597 0.154308269274687
-0.323708058864594 0.0262467693072445 -0.0725260314823754 -0.0390622002261259
-0.232343714670225 -0.0636613072673854 0.158194296707258 -0.0897804813134894
-0.221387706013493 -0.00125329901649907 0.375416441310707 0.044282317297236
-0.318571044871028 -0.0613345798252904 0.417981237977761 0.260028135258715
-0.418711477638307 -0.241460470758995 0.381853599187004 0.411514325769247
-0.182458798610855 -0.0997443113239195 0.188895647806719 0.493001534662797
-0.10397181088509 -0.0648984565445478 0.199144697659606 0.197565191294592
-0.106603932061121 -0.125267476987304 0.00843803273907002 -0.0406092351962468
-0.193958956821154 -0.151233663238383 -0.231450771184875 -0.0908945535828503
-0.285193997645669 -0.0215134144955754 -0.510000680411408 0.104094083758851
-0.274063529206151 0.108434693914922 -0.52745116804425 0.352330678299707
-0.224966869215423 0.166565859539788 -0.429473194039708 0.470826026213845
-0.201632081436784 0.160851633124501 -0.318068246477965 0.490724707774738
-0.194126551051864 0.116427068125909 -0.308417612838473 0.379343979473424
-0.19635766775781 0.0343945894063166 -0.254641691391145 0.155344117426149
-0.136372443556511 -0.0607406097166603 -0.116913333220988 -0.0834826183054366
-0.031494274662846 -0.0597677604317239 0.198703395897636 -0.102067026276835
-0.0608692609650594 0.0602796846432323 0.410550560671397 0.108268152433556
-0.195718936927426 0.0430207860276627 0.41016157950202 0.30553758161938
-0.280938084605033 -0.090249050457281 0.443323254933566 0.445037287004418
0.0210507736059738 -0.108640268957893 -0.479486526908599 -0.346530441019413
-0.00644279273191824 -0.126626578977141 -0.390025466572861 -0.296129762624022
-0.111817524535057 -0.0647462840669197 -0.420783912212584 -0.164219955294029
-0.116404101509754 0.0639538735251303 -0.312883872102506 0.136191668353951
-0.0257247015883004 0.112218179176464 0.0955551786087795 0.165973192009285
0.0338621006330713 0.0776064285017962 0.315740098153806 -0.0983153726689312
0.0602044171451283 0.0497812497284975 0.360115230036979 -0.378507782186567
0.0586901449071013 0.0204612861473634 0.344881775397681 -0.550177686632041
0.0599234991322476 0.0241912280782303 0.403443779024907 -0.594804019001878
0.0385854412006624 0.0449778286166367 0.492937731239656 -0.492253188822413
0.0213679171077862 0.0728950239600525 0.517939570021429 -0.262223605942945
-0.0696763860793986 0.1053661502267 0.32382537436545 -0.0218834291594169
-0.138501385496779 0.00173933058393752 0.0238551436823867 -0.0318427279490122
-0.0349423339233894 -0.118210277313006 -0.179453055915891 -0.189554821117574
0.0459786943000541 -0.117332904373267 -0.219241943435799 -0.516591680148373
-0.178695355102768 -0.219584781337139 -0.425516504361645 -0.338286844145623
-0.191993240061438 -0.170019862101879 -0.307719537329097 -0.316044391084518
-0.262134690511134 -0.057612309694559 -0.384336941150273 -0.257769022546815
-0.24125482993624 0.0753378290084413 -0.34048285614944 0.0673391801448501
-0.18213268258027 0.152524363598502 0.0413840208604011 0.177392175541188
-0.117905629868974 0.184812593584134 0.288247299770781 -0.0451427872497084
-0.068724489173673 0.21637162401522 0.368180857003565 -0.323110465606941
-0.076377546084158 0.207755751305387 0.345593263628203 -0.494079813081276
-0.0810520635764049 0.23623627351969 0.376972611349054 -0.551422413277025
-0.1783958779953 0.229290935268886 0.462104118860139 -0.481847351398905
-0.248277622633252 0.15845880833602 0.511768450508467 -0.279545312639171
-0.350283695940201 0.0669951573826351 0.330761266942811 -0.0265424628044535
-0.35884966612388 -0.115324354313591 0.0353089000992605 -0.0174995821468818
-0.21705789874687 -0.29414395588712 -0.162746347063048 -0.143475088693722
-0.145583401175068 -0.31682151708113 -0.200668181048907 -0.399151843607606
-0.356278356583718 -0.324972911416106 -0.316569495342728 -0.282943123495785
-0.384969290387985 -0.225154945953174 -0.206047495454393 -0.336686452089951
-0.426467729184849 -0.0575490287113066 -0.34997632974425 -0.333740267887352
-0.369989998677023 0.0856310974667256 -0.353545346136763 0.0117441100750696
-0.335727713947499 0.181090802238473 -0.0155326301883838 0.179753064122527
-0.272256359970092 0.268968527194499 0.222566832383472 0.0110563719648878
-0.197595602673509 0.35348524096396 0.317934474467644 -0.22550471487989
-0.197451303778729 0.364437013618849 0.294032536536623 -0.35924178963543
-0.192807845516722 0.411973430155517 0.298693268095528 -0.420490545231149
-0.339379581187287 0.399526594547095 0.36991306825144 -0.397720696733474
-0.456790869376006 0.263887250271216 0.436454471348014 -0.265750980164742
-0.575400443501358 0.0845608458931516 0.310257928223916 -0.0379778475456955
-0.5509194730331 -0.158660383682714 0.0829105457639809 -0.00232125563875915
-0.391695816816625 -0.384324325241017 -0.0790710163808936 -0.0547598581553226
-0.332499805128412 -0.443841240438249 -0.122577770582874 -0.216031315033789
-0.475408843157874 -0.401049481751994 -0.166557382349909 -0.175609111648024
-0.521320001881483 -0.280735422080242 -0.0848178300992172 -0.333634051620743
-0.552162969547792 -0.0890508467594739 -0.318392503354163 -0.373007121408106
-0.49591456060489 0.059048655769422 -0.356704343190589 -0.0215674403953515
-0.486773170010255 0.191574678133066 -0.0824572282951918 0.180306794556787
-0.414256851834248 0.331835755284647 0.118038592233248 0.0742522972892821
-0.307109185286061 0.449844311388386 0.211856118280307 -0.0923580667658642
-0.288318322221285 0.466706062827796 0.199427241209938 -0.170694082614062
-0.265852514079183 0.514789844465852 0.19352205894002 -0.223207578866689
-0.427067464155569 0.500548324511264 0.246519440249522 -0.247034809736375
-0.563257774670602 0.335156533814233 0.313795314007089 -0.199639907305812
-0.680365542881334 0.112020720453319 0.262622844344207 -0.0440041011842827
-0.638019714769132 -0.132499079661303 0.152900511682246 -6.14625120851029E-05
-0.505870148482626 -0.369348943201273 0.0656849058597251 0.0373078694789079
-0.475241519258473 -0.478247573356745 0.00959137206049011 -0.0164298592580705
-0.508485347715243 -0.421449551225108 -0.00872457001049399 -0.0198971708948236
-0.544735881000193 -0.31131720792319 0.0310746784976432 -0.271746206130754
-0.582751605227302 -0.152051903587361 -0.26492036159317 -0.346378104204266
-0.577441066040876 -0.0206182407830177 -0.337700030718973 -0.0401852238430514
-0.599914062602969 0.169666129781048 -0.173750022905009 0.17201986803431
-0.512678422204234 0.356227834378239 -0.0309391779221255 0.150541933934779
-0.374540437848398 0.489160074864077 0.0578248417104322 0.0685876905166108
-0.33392720382905 0.498121440104199 0.0785804809790361 0.0427371703140006
-0.299910095008743 0.527251894653885 0.0767730855647126 -0.00228408570304062
-0.447434930369292 0.49677586628742 0.114029351481572 -0.0688121636682169
-0.564485393139197 0.313770789755409 0.169279866660246 -0.109044513450228
-0.633499999370408 0.0919828603037623 0.202859474167397 -0.0509885781867842
-0.584472107967251 -0.0799790716456038 0.23226416236276 -0.0117457039732509
-0.516728266873189 -0.278432434373058 0.232050347772945 0.109612663096862
-0.543821481103334 -0.428089089759547 0.167672328013901 0.161938183256013
-0.457123593049523 -0.374666759314831 0.120356625659881 0.165375794905125
-0.451927163780886 -0.293350957259392 0.11986322623729 -0.134866348135671
-0.499483512215416 -0.208156419585212 -0.176688463013879 -0.253061898655158
-0.565077915365599 -0.110835692551204 -0.294964600313312 -0.0531214303881887
-0.620102613002893 0.119750680990796 -0.288222088138091 0.155084478956186
-0.52985374813008 0.336844950552394 -0.209661641544482 0.238236138437414
-0.382810105343163 0.461187296163653 -0.117430294777708 0.241421527346674
-0.33087180573137 0.45755973033438 -0.0515645145088299 0.248757206401713
-0.299441237383989 0.451056057128238 -0.0454550320462134 0.197371509916601
-0.409922577767199 0.388079778477681 -0.020779080057914 0.0839310472725532
-0.475416641084857 0.200653787366692 0.0292998942209199 -0.0425788940971836
-0.462686791522074 0.0209149060146593 0.156999857977022 -0.0732355903389852
-0.417287672151439 -0.0293043529328746 0.312466440892767 -0.0205474164571174
-0.440878260822463 -0.149050783998924 0.370819340323205 0.165177604794156
-0.529415153323964 -0.324392818227689 0.315166484474793 0.29517163777768
-0.348008650026993 -0.254291533992638 0.203331489307766 0.345645514212271
-0.291786916883816 -0.205766011731907 0.18033579343639 0.037877493704101
-0.330854623268392 -0.201466333193634 -0.0741583127076597 -0.137524022534818
-0.436890819692196 -0.155716116863972 -0.255047527373953 -0.0686534134159748
-0.509260473249581 0.0644672443192525 -0.408261198922196 0.144301022529919
-0.439199837170796 0.263083924778346 -0.3802522240634 0.330454275713123
-0.322802787133021 0.359105424808385 -0.276908154248909 0.401659065170284
-0.27769813819262 0.345769852072008 -0.172648428066975 0.418515986792325
-0.260302407927507 0.309754860314753 -0.163899340372628 0.340936808856942
-0.320604466966163 0.2211217612601 -0.144718714071461 0.168846568944818
-0.321133477105268 0.0591228131944409 -0.0774403930611206 -0.0351819215489897
-0.239372183749616 -0.040959108878971 0.152871972240773 -0.108274281584907
-0.216438477771697 0.0248577587667018 0.3836739290273 -0.000421754808843737
-0.320701989646558 -0.0251416633253614 0.44368349830172 0.214887812228423
-0.439419265487997 -0.194513767704528 0.425544113030127 0.375411201398755
-0.195724783801122 -0.0789889420648273 0.240788292571284 0.475886277525672
-0.109403526004925 -0.0529494265067069 0.218373399158545 0.175207989984314
-0.118325708704928 -0.111437470726262 0.00172360996559687 -0.0487579124062203
-0.21172686539645 -0.131384739019284 -0.244723760134731 -0.073423508129351
-0.287205083443788 0.00817159717183612 -0.500557855072228 0.157048341121441
-0.260383065996858 0.139010356599893 -0.491825298924557 0.412582054021076
-0.208374424165363 0.191392289199352 -0.381932461479933 0.518636050874429
-0.183617629951473 0.181344024250556 -0.26536916647926 0.522229308543809
-0.182828992861496 0.135849494436751 -0.262618785404616 0.412871905360721
-0.192221063674847 0.0538399353841051 -0.237798373116138 0.181181423399687
-0.142849591815591 -0.0475961376047181 -0.126176765749213 -0.0745828984645837
-0.0360238354831554 -0.0582604650262313 0.191317115033158 -0.128161315876789
-0.0503853267660919 0.0687636975577654 0.425963891522933 0.0592864205046399
-0.188009732346325 0.0660606667946153 0.441543386388488 0.258743288548675
-0.288696429087105 -0.0591682640102986 0.488165338035625 0.40174206061897
0.0115987595804687 -0.106445117581134 -0.488233009512575 -0.299691061865708
-0.0177897838720995 -0.124203901072172 -0.398400855070198 -0.256296116755313
-0.114067874946065 -0.0532821058559302 -0.422551074237011 -0.117518907054549
-0.107842177590615 0.0723135328599089 -0.292419256102982 0.164394197972489
-0.0149698788742596 0.111617953188536 0.103198074074568 0.155117211745218
0.0398695506764565 0.0712801362231059 0.294989578458593 -0.118923232746031
0.0631424907960935 0.0431703084739018 0.314276775722453 -0.394460275409948
0.0580881553627116 0.0157474605285841 0.284582239211138 -0.558904304962569
0.0584449883462609 0.0186313089957286 0.339227200531295 -0.609619731006421
0.0402542651868263 0.0413141171792099 0.434376512971221 -0.5190274637352
0.0261783015621993 0.067455168323346 0.479723408347872 -0.295503648303837
-0.0587610524571476 0.107021457595844 0.313175088462674 -0.0454434305364462
-0.132796034060191 0.0140911730798985 0.0205877166910614 -0.0268725381450347
-0.0449189216612555 -0.115363589287318 -0.186807576198806 -0.160655680139858
0.0319022498237823 -0.119309748801687 -0.253068264496706 -0.476707634277316
-0.189701576530796 -0.196107755128451 -0.436625598254254 -0.294882409397337
-0.198914693646723 -0.149101889303618 -0.32020200090869 -0.281951375774705
-0.257243799054311 -0.0321860803899159 -0.395227633321578 -0.212260840733968
-0.225930636389249 0.0934071218041696 -0.325662455907724 0.0994019112893629
-0.161279800617733 0.164490428435703 0.0523935869845628 0.170646988774139
-0.0963465281341426 0.186661902866115 0.273436262657572 -0.0654560307259098
-0.0471990904593798 0.214621131988751 0.327650983749683 -0.344893302202271
-0.056575838094698 0.207823853895289 0.289570683942033 -0.506088132306145
-0.0589246333318759 0.233824850159061 0.316229962701596 -0.566373408761984
-0.152350893992746 0.237609604047306 0.405125444253262 -0.506563692060964
-0.226649991150384 0.173816775804403 0.469340366674007 -0.315940296115889
-0.333641303178526 0.0937837663102652 0.320674130592752 -0.0499542976647564
-0.354773436068021 -0.0789662851761764 0.0332923408721338 -0.0151623081479074
-0.233244254451913 -0.26973940978698 -0.16703096897005 -0.117632392050573
-0.166394216673686 -0.293567834928588 -0.224054215723789 -0.366154709351074
-0.370140511716709 -0.283405694416131 -0.328808012526323 -0.25074859500369
-0.388487696973705 -0.184555946142314 -0.224349909494316 -0.310661438386895
-0.4131111910939 -0.016559890495781 -0.371159753912625 -0.288142650379461
-0.348006911561641 0.112727140087666 -0.34302975131133 0.0454355529211863
-0.305669024461388 0.204240727630101 -0.00146414112783823 0.176094775172101
-0.237792296568726 0.281604816416025 0.215391988211379 -0.00462262370790119
-0.161347411519259 0.356895099827607 0.287726754259788 -0.246796273020019
-0.160600482376699 0.368786642831375 0.251607120884664 -0.372461086886812
-0.15243644624201 0.411905365867943 0.252883408028589 -0.431508641044963
-0.292073578125633 0.414987892296499 0.320748020238549 -0.417364473073678
-0.416781730157912 0.294573014486286 0.397952199516399 -0.297006180967977
-0.549981309733722 0.129354401807944 0.300379653639782 -0.0594293187798496
-0.542225090409073 -0.103573012774453 0.0814121252967785 -0.00636129426212685
-0.407115494635889 -0.341143814518242 -0.080323816237266 -0.0398352248168119
-0.354743011132613 -0.40021176163749 -0.133418977543166 -0.197519574920105
-0.491277207158071 -0.345858567121007 -0.176130660600782 -0.15904767161727
-0.522495014135148 -0.227032286820723 -0.108639342850238 -0.318025536583567
-0.536320332878134 -0.0361793599191969 -0.344498704169997 -0.331008545338584
-0.471337168223202 0.0978215068462158 -0.35093084355696 0.0108906256022435
-0.4497557719932 0.226535326062635 -0.0658903747511686 0.180770189483034
-0.36911294069305 0.35447872828559 0.119302464550691 0.0659740810553055
-0.260699812550741 0.459315724139434 0.196811794211921 -0.109698121848882
-0.239078415897181 0.475296859245855 0.177209495597385 -0.183770808887842
-0.214309039133682 0.517994988645561 0.170105985643958 -0.233772324873422
-0.368836731189913 0.519578094403365 0.216409078744877 -0.26217355553752
-0.51381637956504 0.37244269432008 0.28416112268828 -0.224256130489803
-0.649210086367207 0.1630179270132 0.254801005729061 -0.0615251679444463
-0.622812205008943 -0.0721969750135244 0.148858051484425 -0.0121997369533341
-0.513884860765128 -0.318779760740811 0.065235606262676 0.0354743742075962
-0.493333736087587 -0.419300034995803 0.01035881844013 -0.0157347514137963
-0.52521337259551 -0.363874698785996 -0.0117301096576944 -0.0198341249118276
-0.547921122819158 -0.25260999838035 0.00709236116592449 -0.267630598457208
-0.569860274772728 -0.0933596155405527 -0.290591391064052 -0.312555672416176
-0.557405308017842 0.0272373757988108 -0.333704093205848 -0.0113913432578233
-0.561884284506724 0.212733341221397 -0.153120806706007 0.178946830327964
-0.461630837799053 0.386747333268339 -0.0172939554206702 0.150834358228107
-0.322492458507658 0.503640248963801 0.0616303674625952 0.0590285750845524
-0.28037680047745 0.508587799429058 0.0791231420970162 0.0319837838329018
-0.246610393188034 0.531741078489036 0.0769529046590446 -0.0108741294812401
-0.389060162528194 0.516236593995708 0.103331813404575 -0.0789114565226706
-0.517547533147121 0.351311324520389 0.151505504823191 -0.124782041262608
-0.605304865611606 0.139978797073603 0.196030787308282 -0.0649477827183805
-0.564696604054147 -0.0275258568966101 0.224218347462544 -0.0321022860342923
-0.516060839463655 -0.227706086093539 0.230645094394003 0.0897239350334963
-0.553097700735817 -0.366694222615839 0.176013120528133 0.144021493071012
-0.473502771709648 -0.32108683742159 0.1274525709386 0.149264379466115
-0.457962214875403 -0.244875073717808 0.103179693139469 -0.142659993584473
-0.493972821258954 -0.156223220926578 -0.197400472291182 -0.231357045746947
-0.55330408410757 -0.0596153035167159 -0.293831283429005 -0.0300385919648051
-0.585204339493665 0.168858244498227 -0.265491080188256 0.170776922524906
-0.478437919357669 0.369329564467714 -0.182392060043655 0.250266109431355
-0.33244319784583 0.477609799868589 -0.0933684563572283 0.241282799452881
-0.280256205486666 0.468970805163098 -0.028634935803158 0.241556345114654
-0.251026260628557 0.459079664636675 -0.0235881289114169 0.190597870619891
-0.361682692547435 0.40787515864731 -0.0137921909356458 0.0796617354012318
-0.442003558348182 0.231980211071523 0.0219187140930067 -0.0481797258075248
-0.446765418158709 0.0583996207659468 0.149492409924083 -0.0844613688691368
-0.398931362851715 0.00817021008540761 0.301133559903114 -0.0494006908199502
-0.430847391221481 -0.108358398022893 0.368129161440922 0.129560116799826
-0.533050202736799 -0.268318998707474 0.329017787222253 0.261532289115713
-0.356817018071782 -0.214242040456022 0.222698798573203 0.317384652329639
-0.296564510354205 -0.173673210070049 0.175400716092287 0.0197251371271536
-0.331525239017999 -0.163174459144629 -0.0881186843407668 -0.129632021832362
-0.434097864129809 -0.113438063047678 -0.255944006203749 -0.0492117978466428
-0.483390944838227 0.105061328268578 -0.382472559542211 0.170481070095744
-0.397963615215675 0.291766090758692 -0.33905616391704 0.353007087770487
-0.283095029391855 0.374721750750326 -0.232872902146454 0.411211621191114
-0.23904140810105 0.355754142339784 -0.130215422062761 0.415102626971302
-0.22601804824771 0.318803956346706 -0.125922700644936 0.339454706461231
-0.290207731813394 0.238479565306822 -0.125816011752523 0.173352270464729
-0.304568428332797 0.082320120377938 -0.0793702558474745 -0.0314194774614461
-0.233785490726868 -0.0209844808807355 0.141643303506614 -0.120550558373489
-0.200896065777251 0.0432373761268023 0.371245970933253 -0.0385061265495911
-0.306906199745539 0.00246700342896019 0.44285141392707 0.170451182289208
-0.43784631768942 -0.150197907573604 0.441764733745215 0.330156404966825
-0.197300693940596 -0.0571790819253719 0.271498304851524 0.440848844445806
-0.107991314228993 -0.0412169561514205 0.22331069892311 0.149354866275412
-0.121022716178787 -0.0946997352044988 -0.00683614020286826 -0.0523463377138545
-0.216387007813748 -0.10806842348787 -0.246568733691481 -0.0550504285751109
-0.275455879190246 0.0320027316923687 -0.472274433134658 0.192985128361539
-0.236472497913935 0.156884661360003 -0.440334646485374 0.442461987087429
-0.185279845978409 0.203035878332082 -0.323253084325966 0.535569722354837
-0.161220623174607 0.189522214117464 -0.21027052835776 0.526276400749198
-0.165339231509205 0.146128033620237 -0.214646382221611 0.416808775838796
-0.181146862936077 0.0657886728957629 -0.213762433343857 0.193858509903477
-0.141577838320193 -0.0353877356354558 -0.129556587457574 -0.064076863728819
-0.0375810617808035 -0.0540872074508797 0.175967830973359 -0.144038321127829
-0.0383691406790919 0.0712277434425996 0.418365268852612 0.0156867913126982
-0.172199110797711 0.0807559600681545 0.444228076404434 0.213558713369047
-0.281746538801659 -0.0312718192012764 0.504787666536142 0.34999847413017
0.00633841554117951 -0.103058281863098 -0.483126879990786 -0.268266485685694
-0.0247613055761842 -0.120673869325621 -0.391790699534762 -0.228737589531118
-0.113234030198256 -0.0463011728189117 -0.412770848210583 -0.088437615172892
-0.100744030623461 0.0758451281809272 -0.273644516701057 0.178921468534982
-0.00769338474617576 0.108764102833295 0.104199557799552 0.148250572147466
0.0418817141507291 0.0654218015584557 0.275768243957769 -0.12567449146293
0.063769450291509 0.0385604651656396 0.280415468554825 -0.394202226432245
0.0569330445969985 0.0133206772708659 0.243645466826074 -0.547217054286786
0.0559654656337024 0.0156648688586781 0.29425260172808 -0.601600705685386
0.0413105923153215 0.0389430765576445 0.391675546437818 -0.520092454526226
0.0276151470362998 0.0631470331097497 0.449051808089254 -0.307288929203267
-0.0516736489858011 0.106239513468592 0.301752557570537 -0.0567310423298799
-0.125606968080627 0.0205219489134879 0.0181414236704215 -0.0208414554671673
-0.0506502269697005 -0.111623466799278 -0.18256873874812 -0.138998435934353
0.0229418722931913 -0.116969199528577 -0.263558424813946 -0.445218735944282
-0.190005388451756 -0.178780962508025 -0.431432987516099 -0.265650484307523
-0.198567466302802 -0.134478162573723 -0.319136952103045 -0.257789128081597
-0.247372576794997 -0.0180847713843335 -0.392639751210801 -0.179764587851336
-0.211364369474069 0.100983504384912 -0.309680576956729 0.116078424600206
-0.144626021047272 0.16668652622768 0.0559835731154192 0.163643275090716
-0.0826358171618533 0.182629601119488 0.257903619238994 -0.0721298143884454
-0.034062051437256 0.208076841400352 0.295394529742103 -0.347424640349395
-0.0433216377413105 0.203199862544248 0.250874572047181 -0.498576761930979
-0.0465017495521324 0.227610583504388 0.274044584993307 -0.55909740489039
-0.13501711738985 0.236410807913753 0.363481482131445 -0.505737130267521
-0.208868488069348 0.17756251736318 0.436244568736526 -0.328611804521412
-0.315757588909013 0.105833536855573 0.308748231296037 -0.0610509275320255
-0.342044185076976 -0.0572440834565593 0.0317008942977399 -0.0116705468101716
-0.236662882687111 -0.250743116486599 -0.163206604093665 -0.0991459049649989
-0.172969672209683 -0.274171220207322 -0.228949527604912 -0.341218093499
-0.367535879752156 -0.253698754463812 -0.327212050095256 -0.228718254425092
-0.378827573117787 -0.15842658204266 -0.228342783250168 -0.290120758422284
-0.393777252568932 0.00580265612677536 -0.373138637308043 -0.253866453776866
-0.326467976557997 0.124666173364076 -0.330364586743094 0.064969576060449
-0.280903582826813 0.211142154080806 0.00526296427962879 0.170331568095673
-0.212126964116868 0.279874084196281 0.205499698979963 -0.0106300992455709
-0.137940378077985 0.35010170224577 0.26268419186627 -0.253022225248923
-0.135216341154483 0.362693112892582 0.220781974719903 -0.369425883587224
-0.126372460199499 0.403898950294167 0.222032051461611 -0.429219769433945
-0.259982303840333 0.413970592794195 0.287212903266276 -0.419840273414291
-0.383777147074502 0.302211710082617 0.365991977724935 -0.307512516141903
-0.522884331776705 0.149556055763639 0.289925738039014 -0.068602333655328
-0.519802375159331 -0.0730400685103252 0.078146236720497 -0.00679018435979161
-0.404908353947091 -0.311067284628686 -0.0776981338384128 -0.0286622672721355
-0.354963198697901 -0.367468947144251 -0.134709761159852 -0.183189706830491
-0.484883569892691 -0.308522069025068 -0.177629650476988 -0.146325632920604
-0.509616189127594 -0.190409558544969 -0.119323647037183 -0.30305983013503
-0.510253195025549 -0.00559172218148642 -0.352139048898408 -0.297232909708057
-0.445387245603116 0.114466817377049 -0.339798513631419 0.0303640899402592
-0.415897262587568 0.239052542877266 -0.0560038854831527 0.177081674424192
-0.334163871400815 0.355347823047191 0.117679862433162 0.0609526126112411
-0.227115571288756 0.45323265104801 0.182431656724121 -0.117167041706167
-0.207013522775171 0.466528995557408 0.159201326758709 -0.18566483959354
-0.18249971797575 0.505870684541244 0.152936746243067 -0.234531708216761
-0.328337276848425 0.516107617666628 0.193554643625472 -0.264975747918417
-0.473282143773635 0.382302477033767 0.259284422716282 -0.233406271850905
-0.61652104533124 0.188839387443097 0.245952765298204 -0.0694002457211268
-0.596333476823749 -0.0388650918068168 0.142893661931263 -0.0180829062418457
-0.504266770882635 -0.285364407149732 0.0639257225550289 0.0357895411880305
-0.487507174345789 -0.378971991049001 0.0115756845942654 -0.0150556548928192
-0.51938543048512 -0.322536366548492 -0.0143232373445758 -0.0193830239804116
-0.534188083319968 -0.215333678008827 -0.00683434803103058 -0.259933595501592
-0.545986721199307 -0.0591572053652832 -0.299883193237168 -0.283179991885986
-0.531283362940033 0.052750887004672 -0.325018901657921 0.00656772025162608
-0.525142288267113 0.23018198456198 -0.139133701027205 0.178143488884864
-0.421234927046011 0.391616637869738 -0.00935745236913482 0.14854773605857
-0.28645925584043 0.499037756874038 0.0609489213394679 0.0511516498591611
-0.244376052741625 0.501934439092484 0.0757243568902517 0.025567328197403
-0.214340037207294 0.521368790705713 0.0748832920926948 -0.0183567933278107
-0.346744532033433 0.51391683757972 0.0940793267642793 -0.0828109414469133
-0.47832403790293 0.36106435030663 0.136196399422098 -0.131547568209651
-0.576423079486356 0.16408907149572 0.189328536414057 -0.0714337698946207
-0.538263995461991 0.00134601763454184 0.214592919681927 -0.0433184762874729
-0.500903789793758 -0.195427783673386 0.224890646570078 0.0778194546619672
-0.544346582599316 -0.324903128900594 0.177225111711301 0.131546582823291
-0.470149021912587 -0.282498130267859 0.127524727160842 0.137885393820174
-0.445605884884724 -0.211624623697023 0.0908054916601182 -0.14399993688253
-0.4761302309837 -0.121827279397928 -0.206350804098087 -0.211963277994045
-0.532686354046198 -0.0325903711271604 -0.28802454079206 -0.0157197427085124
-0.550717157290872 0.188799345620811 -0.24764308940975 0.175151529717835
-0.436948376284902 0.375865881899387 -0.163407521628267 0.251511690066261
-0.29660417996773 0.475524355072027 -0.0783854050947984 0.234478811098676
-0.245057503976391 0.462887290396908 -0.017127722838256 0.231178849420533
-0.219809021677119 0.450364527249454 -0.0112603019197754 0.179972018762165
-0.325839948161894 0.407939472322556 -0.0101963225811077 0.0753157919966882
-0.411885467035353 0.244660082644252 0.0158519108370351 -0.0513348004757908
-0.426894907492054 0.0761175037046556 0.142426542370699 -0.0895976412930392
-0.375210382835626 0.0264593585877571 0.286761659172239 -0.0655621963235091
-0.413575230567144 -0.0848199922354322 0.358134424051424 0.108708744911118
-0.51954303599118 -0.231558487681236 0.328753624124991 0.238087416728696
-0.353403372962758 -0.185611735671384 0.22746359087611 0.296124313426675
-0.289296606154742 -0.150978267480775 0.167923080919197 0.00950723829189547
-0.320847330695855 -0.137767696666078 -0.0957193455479088 -0.121557671307888
-0.4222735906983 -0.0871292234420197 -0.252477419037596 -0.0378396084883838
-0.456984303135323 0.12236770843242 -0.359154565549138 0.180363168374781
-0.363692350131558 0.29934164620203 -0.307178493550349 0.356536761455671
-0.255105553546273 0.374078321668872 -0.204073053671069 0.405891207691992
-0.210560243973909 0.353554425113331 -0.104925168303789 0.402521911947394
-0.202339032523705 0.316436953518865 -0.10130229177142 0.327994021199861
-0.265949717670294 0.24150175594086 -0.112789941638686 0.17041419441507
-0.288517551030684 0.0929408508912549 -0.080577624699389 -0.0290837664629724
-0.225018719519563 -0.0103010764053996 0.132104268395215 -0.125758388913299
-0.185282653819347 0.0514771595418906 0.355706203177631 -0.0590456945658181
-0.288730176973501 0.0172557167363014 0.43052547299088 0.142962767637975
-0.423534725110934 -0.121690751630974 0.440282138880458 0.297682396845477
-0.193164642096613 -0.0429591902507336 0.280935153937184 0.411661012135559
-0.10396437332859 -0.0338330228980091 0.219369286553807 0.131312105830737
-0.117088232573221 -0.0834107472249495 -0.0133845105539831 -0.0528384571371579
-0.213206704379123 -0.0930916210425969 -0.243109874607474 -0.0444166847257544
-0.262749113210908 0.0426969344247172 -0.44337599255204 0.205695776143811
-0.21686410375987 0.161667880626626 -0.401058769385298 0.4474661695182
-0.16782487195264 0.205055455770821 -0.284315272736587 0.5317459638472
-0.145498873388955 0.188495571136527 -0.174190998254925 0.513245464841984
-0.151977819268284 0.148080474977982 -0.183480767604644 0.406964775001439
-0.170488122415317 0.0707360893364196 -0.195098420896483 0.194941059410122
-0.137983634054463 -0.0284709316513113 -0.129312719411579 -0.057348732377352
-0.0376260696840135 -0.0513252057566657 0.163512135436821 -0.152549153207678
-0.0296631249713405 0.0702814484485645 0.403628000785603 -0.0100638069779709
-0.158479223359495 0.0862483438000378 0.433398491612326 0.184256598103202
-0.27014545868218 -0.0150446953925317 0.501540582687784 0.314934389875288
0.00419122809497955 -0.101310330492206 -0.479140082684821 -0.255482333086957
-0.0293362246319583 -0.119420552911379 -0.389597770497653 -0.217763434264841
-0.113676849879341 -0.043084052977351 -0.407459388090661 -0.0710342780333518
-0.097043247584393 0.0778724384421222 -0.264107024774421 0.188555987356371
-0.00380747601688836 0.107728987148154 0.103652299689966 0.146826813622159
0.042514856163568 0.0626408262910579 0.265846568151472 -0.127539315505244
0.0640706795728146 0.035490443973938 0.263895519380552 -0.392870029452675
0.0569560046330794 0.0122376292217783 0.222645747551508 -0.540010827877515
0.0554241682817229 0.0153512292296274 0.271809755717788 -0.597140060468608
0.0416548936134619 0.0373800598119172 0.370445938229574 -0.520969686167306
0.0280659506542159 0.0605682616662955 0.434167193566423 -0.312403861397166
-0.0477587076817093 0.105381099262994 0.297271838453937 -0.0611685761944728
-0.12129709017104 0.0237644301395283 0.0174371896563978 -0.0153051941134458
-0.0542964769860115 -0.111102487595691 -0.17811987574772 -0.126023362320901
0.0174564580713095 -0.115747279699896 -0.267112724722768 -0.428799904193541
-0.189816719976569 -0.170587469550752 -0.430351980402124 -0.254295860605934
-0.197944576521275 -0.127252749076886 -0.318444477274916 -0.247775480442252
-0.242371304899434 -0.0105350704966283 -0.389871522824095 -0.161231034935769
-0.203860044116148 0.105106272649274 -0.301144520316532 0.128089548783831
-0.134895311202462 0.167186924691549 0.0565731870280264 0.162609149467133
-0.0749545933135304 0.180014496369542 0.24994061650528 -0.0736271728217065
-0.0279087264577782 0.204015072507914 0.278581045248343 -0.347149223179435
-0.0366602993617033 0.200699520577567 0.231087540994891 -0.491750810670678
-0.040199590330266 0.224154219608554 0.253138912606743 -0.555497189321329
-0.124651969755462 0.236002436498102 0.342347366375777 -0.507507183135661
-0.199164151501187 0.178961977347154 0.418975194101747 -0.334707828041042
-0.308809781608335 0.111854557732174 0.304128276231208 -0.065134921701653
-0.333411162662668 -0.0479228444741747 0.0305974174476069 -0.00759131837305805
-0.238813699752019 -0.243445431976601 -0.159453543050754 -0.0876702797066244
-0.175653471508571 -0.2653227823286 -0.231456482106021 -0.326726023728582
-0.364125845546108 -0.240305799735902 -0.326219775007721 -0.218788351163456
-0.374453793904375 -0.147184106299847 -0.230396042532681 -0.281478587059906
-0.383352853728566 0.0173388757300054 -0.373912713576554 -0.234382165181586
-0.314681882667134 0.1303319683102 -0.324391570527573 0.0757799088547145
-0.265988554713343 0.214294841299892 0.00732178456041693 0.169956065715346
-0.199610620538056 0.277374684644835 0.201077253589476 -0.0111985051387204
-0.126290667165518 0.345402066733592 0.249497612923342 -0.255670059030582
-0.12283543121963 0.360017643959761 0.205490371942318 -0.366676297266035
-0.115355473802009 0.39694637347239 0.205620114349811 -0.426200926507987
-0.243065444613608 0.41114371477601 0.269632817344284 -0.418550448930847
-0.368070651562077 0.306553663394054 0.348215596049017 -0.314269418861483
-0.511061518754154 0.160562828304875 0.286212838784927 -0.073250813545215
-0.508109190178032 -0.057429092461066 0.0762316523613309 -0.00646174609415829
-0.403636667769671 -0.29950338927207 -0.0742551635146792 -0.0209554531712438
-0.354355111180578 -0.350655279021295 -0.133902736547928 -0.176026142254195
-0.483068880396272 -0.28901671089945 -0.177992221793757 -0.14133702643656
-0.501411837113864 -0.172350413285736 -0.124224605198493 -0.296888169623312
-0.497474321282697 0.00945673077243504 -0.355297875640592 -0.277603597421152
-0.430868012490908 0.123739543068603 -0.334714128174899 0.0412212205566413
-0.398463824785983 0.244426065429862 -0.0510452286750104 0.17544383946892
-0.316444316575302 0.353720529573194 0.117343505978162 0.0608228920931271
-0.212594013378064 0.448776923285497 0.173667566444267 -0.121420996851299
-0.189894509351302 0.463257318655933 0.149147957507498 -0.186551057465857
-0.165236313885023 0.498950023386926 0.143152850928523 -0.237316796153415
-0.306525886946372 0.515280399692806 0.181273594922897 -0.265631750837479
-0.452206213529627 0.386112298155799 0.244364434667452 -0.239276654485829
-0.601417651488134 0.201240533970553 0.243521346779704 -0.073399096661735
-0.579705309099063 -0.02507471084972 0.138768874198654 -0.0203701706748727
-0.497653003888728 -0.270447608995283 0.064132276977987 0.0378179409108869
-0.484110299063595 -0.358680128779318 0.0131128654161917 -0.0141622000238227
-0.515326223225005 -0.302173291794877 -0.0158546332816758 -0.0198279415007688
-0.524747517944562 -0.197696359717067 -0.0149079162509687 -0.256476661938986
-0.529533234339301 -0.0412498765574511 -0.306108088042612 -0.266302933997879
-0.516735068650115 0.0642752804101543 -0.322385569633755 0.016253267895732
-0.506455979973085 0.237076488380032 -0.132468650157622 0.176672362825137
-0.399499990772662 0.392566312845004 -0.00547390304914583 0.14901419867956
-0.268675965942765 0.494709339456528 0.0591442351513704 0.046970725336918
-0.226434617228769 0.498721402288789 0.0730598417829435 0.0217476460554743
-0.195434852827403 0.514966742628309 0.0726443802803794 -0.0239300183731299
-0.326784374466384 0.513310431506385 0.0893853393991096 -0.0851704681667127
-0.458945004489074 0.366190292252731 0.126164416209539 -0.135581799908463
-0.56194726430165 0.174794677614962 0.18807385095001 -0.0746827209471404
-0.520934760412359 0.0142334964206738 0.208450444856383 -0.0484291661305111
-0.492645222471212 -0.183426097048504 0.221247552293371 0.0748885975602812
-0.537190824894439 -0.304096216422092 0.179620637477866 0.126056060499059
-0.46672326784026 -0.265005067075455 0.127438342215759 0.131928280280844
-0.43872007507755 -0.195414990973201 0.0831393380853192 -0.143718786394593
-0.463457422840036 -0.104858411004771 -0.212086641010437 -0.200325964156085
-0.522727496350434 -0.0196457686071031 -0.286179998130883 -0.00820900991513907
-0.531223159780796 0.197155066310574 -0.238597361595402 0.1758368879136
-0.414888376974827 0.377471952162325 -0.153207335407972 0.252015087029813
-0.279369475576416 0.473173498017736 -0.0724524612138874 0.230789284125779
-0.229168601534672 0.459740536769436 -0.0120276160934009 0.225388389429949
-0.20604232062321 0.447415019767315 -0.00591653415182545 0.172042233021537
-0.309057060415949 0.407229179841086 -0.0088180264323918 0.0727982939878909
-0.395254552837389 0.249449954753535 0.0104884393693441 -0.0536163704218008
-0.417233919514018 0.0838331215544451 0.140592804739401 -0.0929244298501745
-0.361818550848515 0.034955788399501 0.278910887222677 -0.0738408050661051
-0.404330676680594 -0.0748581978966345 0.351405726722592 0.100216078654815
-0.512288782828518 -0.212061748622402 0.330510248766694 0.227358039669744
-0.350454695780183 -0.171001774180266 0.230501277025691 0.284875388435234
-0.284614727625023 -0.140693519553852 0.162194299548382 0.00384762650773554
-0.313192044941211 -0.124198193368086 -0.100818283507345 -0.116652271107034
-0.415727994776193 -0.0750522440878233 -0.252440731468859 -0.0333732019921798
-0.4444773872451 0.13094733848532 -0.348102792122865 0.183503784482733
-0.345892474595364 0.300759972288604 -0.29250890672496 0.358899970727465
-0.239111224921332 0.374421384458624 -0.190237975685899 0.403291424161877
-0.197242630149523 0.350453914749859 -0.0930732812846365 0.394636100212334
-0.190707939119268 0.31421916101852 -0.0902425052659941 0.319331643033705
-0.254535353564988 0.242035545113857 -0.106250666610113 0.168578225187723
-0.279115654678725 0.0982634747318553 -0.0824704810848677 -0.0295369715474713
-0.220892194850939 -0.0053110431589519 0.128396328506585 -0.129949420023634
-0.175641707889955 0.0551454524431275 0.347180626629823 -0.071644525169
-0.2793433550413 0.0227721127944739 0.422884859290164 0.131208631395009
-0.415987690257958 -0.107741851919191 0.440277214038687 0.284156225191537
-0.189490634661921 -0.0346815728973518 0.286627409299941 0.396314350211316
-0.100563610220974 -0.0305315219658377 0.215962737897366 0.122985442914746
-0.112617065035989 -0.0774495116456567 -0.0186848813453994 -0.0534079099710761
-0.211236025190893 -0.0845719034479523 -0.243195895855992 -0.0407493585976371
-0.256626931163479 0.0482078113614078 -0.430386942858168 0.212094877707143
-0.206261809155429 0.162803936023333 -0.3790264468122 0.448690981636212
-0.158349166915691 0.206599637009313 -0.262478710646935 0.530399044423017
-0.137743227499079 0.188044200803897 -0.157801110996355 0.50492770482704
-0.145729029926567 0.148372609028857 -0.168019212912571 0.398778453661261
-0.16483338280661 0.0727240597797157 -0.185801625220011 0.194191511944354
-0.135904967858407 -0.0246377226182178 -0.129655658156876 -0.0553513215890684
-0.0369578006463401 -0.0503264784480263 0.157600789058789 -0.158675912419665
-0.0239164499585852 0.0696844610326572 0.396220269453659 -0.0252370414712764
-0.149712258635449 0.088816194012935 0.427588755829377 0.170435933006517
-0.26468989860189 -0.00672085772003856 0.499768365424535 0.297836282480026
-0.035632538518303 -0.0850240201396281 -0.552703059049564 -0.0258567050805806
-0.0753629857063738 -0.0875341792726378 -0.454173661586971 -0.0217148122434989
-0.118316689145514 0.0149985907208488 -0.399202524467619 0.127094106708274
-0.0467170349712906 0.111569247960363 -0.149548198808951 0.302471687077733
0.0447655664887253 0.0946895032002638 0.165591549136221 0.0916102426157396
0.0633878376056949 0.0361352026830098 0.183594765124522 -0.231783121006935
0.0739017552611641 0.00346238021260845 0.0595671575383556 -0.472372424854984
0.0563623098157172 -0.0108804164907208 -0.0475713674288558 -0.585406111948279
0.0592754332720187 -0.0115098585369262 -0.0333854537270744 -0.660015753539913
0.0543760028595072 0.0139962245303835 0.0935906874307083 -0.637032263070034
0.0521277699528223 0.0407486118299087 0.245630847163405 -0.476697301740597
0.0084949413893978 0.114117790877183 0.233472189834099 -0.187462424167183
-0.0998348926410457 0.0748232548296991 0.00930607201544662 -0.0201786159589319
-0.104780803787668 -0.0797626373808132 -0.204310964742649 -0.0358210990745663
-0.0441801898912595 -0.117391196835922 -0.424235060994655 -0.267042112369364
-0.240029067648559 -0.0679004408867658 -0.516634743908053 -0.0427063923160785
-0.229420711971431 -0.0244536267784406 -0.404313275279095 -0.077360709023819
-0.219516165126612 0.0992627995371921 -0.423792953252453 0.0467300279650964
-0.128781426530644 0.181773059523836 -0.214423745889691 0.269500185981366
-0.0446620828946512 0.204416950819694 0.130511887546241 0.132171457576816
0.00926416583634746 0.193459284359706 0.19579049112923 -0.171531043760875
0.0641575584442673 0.194869483484565 0.0932255581087022 -0.432337805203265
0.0515587590737616 0.203485365182141 -0.0203291352965385 -0.545925438351701
0.0634319239688791 0.221255956778957 -0.032766559771648 -0.614358914976913
-0.00961893166454134 0.268964790811356 0.0663535626493769 -0.61054575256414
-0.10410272912855 0.251116561635677 0.213473327845414 -0.498190829901892
-0.222611602309198 0.238247379821242 0.228843321631672 -0.210652210976126
-0.325970479367504 0.103295912090701 0.0254288372276311 -0.0292398787955559
-0.332523828368446 -0.117378758386473 -0.164433433976736 -0.0179675447447286
-0.292439038242801 -0.162278743700317 -0.335565096878669 -0.202395102715315
-0.427677510441349 -0.059916145144636 -0.410976457169465 -0.0508954958060999
-0.396019386913969 0.0323561217488781 -0.342506526996211 -0.142605510731217
-0.333031142071668 0.183761732070146 -0.444832549498869 -0.0182278250290338
-0.215976687995001 0.251777743081517 -0.262342151926145 0.238202521373058
-0.140313400022858 0.302596973890363 0.0891617958712504 0.165705597030046
-0.0587359373281435 0.334563236401756 0.180601845792011 -0.0894707306402652
0.0371402966095114 0.36454143951464 0.107890552773141 -0.329987821325531
0.0406039435711112 0.387039984350198 0.0117415766294062 -0.420467685683822
0.069849448995473 0.411685446493121 -0.019332207374621 -0.477071601781793
-0.0392616732746035 0.482307839232479 0.0346849846605326 -0.498394962226429
-0.202323720249446 0.443895878221871 0.1503440908062 -0.453722784363186
-0.382159504069545 0.3716818664921 0.19952555551904 -0.220992671905589
-0.490191281104982 0.171077971644399 0.0645942185657958 -0.0569641341499027
-0.50699554771385 -0.0938951723241625 -0.0573943698305213 -0.00400991863583593
-0.496572162736791 -0.155177495077515 -0.173169654237612 -0.117508383299298
-0.555171272494629 -0.0596276298747808 -0.246020070063403 -0.0399965300531397
-0.520811249921505 0.0615385678060349 -0.255490686810491 -0.200433753077725
-0.437832865800122 0.225649350411152 -0.450323175716941 -0.0601018242077074
-0.321726374125649 0.295144662349544 -0.293272221418072 0.215068847257108
-0.245828396394249 0.385262130233511 0.037377810984058 0.201477880430292
-0.129418083065928 0.454178667330313 0.137966300429615 0.0168287408667873
0.00402484258172219 0.496346184224455 0.0999328353083036 -0.169171902773192
0.0235229422499747 0.511221201419666 0.0435302019228137 -0.232159530540835
0.0669002501486283 0.529364852176958 0.0094810890054067 -0.280231831813421
-0.0521849155899485 0.604455870299137 0.0222299499126625 -0.320256538438213
-0.244666158807013 0.555123692614553 0.0856992363336152 -0.341592460416952
-0.447246777485821 0.44929523816543 0.155502027836254 -0.207645471847979
-0.539427731525166 0.234751302775013 0.111504912365758 -0.102602370078606
-0.577318676540975 -0.0249974740748885 0.0905981712924825 -0.0170773389990923
-0.617622484774594 -0.100070734329033 0.0339577506581856 -0.0428146915384863
-0.592184298869163 -0.0589843676744829 -0.0461868281728549 0.00101173577073954
-0.552275817754723 0.0480551038392698 -0.139268748978909 -0.212316695748248
-0.487831335938309 0.191372438095234 -0.404082400492784 -0.0722341656601102
-0.423593296717497 0.279494736685914 -0.299206126819194 0.186751093519614
-0.343909476204399 0.427998949374868 -0.0378354643591637 0.242638479775391
-0.185986731462615 0.525252884795584 0.0676134665304121 0.153794160069388
-0.0252635590321435 0.562331480343906 0.0726965973732155 0.0376317041391526
0.00703601420459677 0.558483046095507 0.0695757172202008 -0.0104594953197703
0.0456669078101284 0.556461839247116 0.0433782572272769 -0.0571745972791426
-0.0694002252768353 0.611308697985618 0.0218244771051277 -0.116723433552005
-0.260113023648069 0.539771625129213 0.0272070042151202 -0.195303436911169
-0.423988732307562 0.408970901208456 0.106585091582197 -0.183352878891283
-0.466525437357384 0.24118784390898 0.15752427109596 -0.157751512852675
-0.530453133552067 0.0525415154959207 0.242400186162054 -0.0527178103959881
-0.637568697459687 -0.0244544352553241 0.244233009259354 0.00806848149277467
-0.531572885002764 -0.048262738405629 0.153878482078966 0.0756833153996886
-0.474127946314637 0.0104990473834463 0.000789034128823633 -0.156733346013079
-0.454937584982162 0.105156011135836 -0.292770278207098 -0.0600632738271677
-0.46306002414062 0.207776713766491 -0.282938582854775 0.144780683695244
-0.384662079125595 0.402403709012357 -0.135979519916976 0.289846514407409
-0.204551668856392 0.520578753104897 -0.0189959035256557 0.312996756128622
-0.0441453074477107 0.547810977200679 0.0385345555856764 0.263634123042458
-0.0142643507658203 0.522516916744432 0.0864551711391121 0.210996466210346
0.00774961543842981 0.499966962344493 0.0642940307096258 0.154236018372286
-0.100727421787074 0.507333823733679 0.00984873837622988 0.0684021268967531
-0.254539723500641 0.406615491520971 -0.0334742243784101 -0.0683741783332439
-0.334601822385681 0.262684852295928 0.0654699945149082 -0.173463203228828
-0.310167833915842 0.190439651250403 0.20955212133606 -0.207593707483483
-0.395210451871997 0.112559449505999 0.363901521047993 -0.0838496812540377
-0.569232123942631 0.0494813886614276 0.420558322435879 0.0331294789489677
-0.386883631011151 -0.0158269695780737 0.321637600294626 0.166556613335926
-0.313101024242815 -0.00892788348097616 0.141251135204795 -0.0624625892261272
-0.327760621094648 0.0208665605319563 -0.15546733449204 -0.0439789494000721
-0.395028238534228 0.114314618985246 -0.262295195052368 0.0994650065892236
-0.333930087765537 0.309583110277943 -0.231853211450733 0.342374436388719
-0.174664723631822 0.421229181127154 -0.0956170191472677 0.469933034158215
-0.0503271557783221 0.441268374368891 0.0124240608861105 0.468678164737658
-0.028908177512699 0.40766975524615 0.092800779140381 0.400095894679492
-0.0380779896299256 0.372018409763929 0.0587746602821435 0.323932034001815
-0.124958386230625 0.333583396794783 -0.0281777023592119 0.197192315748502
-0.214574837123435 0.215511701132801 -0.0973038291345968 -0.000953398659114917
-0.198657253795678 0.0915518071709554 0.0486418593563567 -0.192901812689895
-0.12873907775912 0.126489664339504 0.271538293341694 -0.230790498557142
-0.23677139757287 0.147744506211743 0.43624169068969 -0.08134767774413
-0.430338831122385 0.102758101153647 0.539379931247757 0.039833640722584
-0.184067489318869 0.0410043686366391 0.429799468533083 0.23928760957122
-0.102915979389238 0.0105836034826776 0.246721792572378 0.0149284639002853
-0.13028118633273 -0.0228658278150181 -0.0490983709950208 -0.0349618659138649
-0.219582686975501 0.0200270701742796 -0.252069901848779 0.0793314345035492
-0.20183739460721 0.155622103519755 -0.292120884493537 0.396756255943138
-0.107008273797131 0.236382011530378 -0.132581616182037 0.584314175068619
-0.0523071183233104 0.255147467861999 0.00420842045161748 0.609482624720702
-0.0437563444122807 0.230214785649217 0.0881813358041706 0.525010476508353
-0.0695664238386979 0.201013223131209 0.0284264606279117 0.432001030635464
-0.119033239456937 0.139022366262241 -0.0820008802803533 0.25555335655435
-0.136852724231324 0.0379569864730191 -0.143341201734983 0.00202597498335309
-0.0536620362555751 -0.0331285002186957 0.0704659526736764 -0.22218900812181
0.0168781407638327 0.0750578046133151 0.33750331131426 -0.206930327748269
-0.0894174125257699 0.151352768185388 0.454498384777515 -0.0416191305477659
-0.241199951754588 0.12308901306146 0.58989090305971 0.0356832449222913
-0.0416958636189032 -0.0861507789162039 -0.5685149354507 -1.63247166902819E-05
-0.0839639101835728 -0.0860314963722396 -0.465553287743235 0.0005069565821131
-0.121848516599596 0.0225327547838479 -0.399153501133738 0.1531242234129
-0.0415367989057861 0.11749137937028 -0.133704295533067 0.320424714233619
0.0517754825413862 0.0937726701134805 0.175774230863486 0.0889707217722842
0.0656590459636703 0.0336319413392318 0.176923873912984 -0.242999640826983
0.0763963206487734 -0.000645384682059647 0.0354818244220246 -0.482123707016912
0.0582106378750069 -0.0143743596718803 -0.0786376614149813 -0.592314978730853
0.0606850480360228 -0.0136561331877041 -0.0687160872599023 -0.671000575203422
0.0565090520632241 0.011399384151076 0.0606215943844996 -0.654769632240008
0.0541097193652296 0.0386449832113973 0.229004893504192 -0.501262319302446
0.01478433615165 0.116563714020501 0.232426054323553 -0.203289603628128
-0.0973892281918121 0.0804358159726163 0.0127991777428854 -0.0154871875626974
-0.114054247047976 -0.0760253660588077 -0.204504228638145 -0.0252405254653542
-0.0519225033628266 -0.116274376914506 -0.444455630339422 -0.25180047796923
-0.248186259979026 -0.0577444644729809 -0.532174402537512 -0.0193128643829868
-0.236442143062284 -0.013548070089998 -0.41773547315909 -0.0589820495515355
-0.218176410411921 0.114224600582069 -0.428092917133542 0.0724347233793361
-0.121030629193811 0.192334688240106 -0.202721737394039 0.291192064856391
-0.0325645890095278 0.209209770797005 0.141290011998689 0.131929488955467
0.0189017977275824 0.195668694394848 0.193787325257909 -0.182152147079579
0.0760589228185264 0.195457004745175 0.0705273651117753 -0.445417563519166
0.0641601137344166 0.205158343577136 -0.0504252161323795 -0.553093597778522
0.0767320366360456 0.222548186096879 -0.0681889497209163 -0.625941625595497
0.0062361316256856 0.274636373926102 0.0330915473063082 -0.627742975093105
-0.0936433645574221 0.260995450980658 0.191483556450115 -0.520504559636818
-0.215169155330841 0.25487644599638 0.226944272969383 -0.227289527585989
-0.325709432774987 0.118952486993273 0.0275040001625663 -0.0256568783115102
-0.348167904350607 -0.104858563519874 -0.162482228013641 -0.00892066592488731
-0.305936218542298 -0.151092115713416 -0.351473720264386 -0.189914051611569
-0.438694522567955 -0.0393801395133609 -0.425010306020391 -0.0327597619371123
-0.40153325082655 0.0528658378286666 -0.357828864121161 -0.128987963269621
-0.3277187478738 0.205546189968842 -0.45216377160064 0.00815826584020481
-0.205588774249674 0.267191945439762 -0.255274262017173 0.261481138871742
-0.124805234167799 0.314245164693674 0.0995814529518499 0.166903873200748
-0.042774003016395 0.342962883979173 0.183249585568166 -0.0974925616975022
0.0570615191272267 0.370532747248683 0.0908960333126363 -0.341259315591814
0.0629112771731126 0.39359746363888 -0.0100207068916673 -0.427472601014299
0.0932573060322568 0.41567398314178 -0.0477384585608007 -0.487043230817424
-0.0134513166683441 0.494910901613482 0.00918944073095483 -0.510586673788625
-0.183142774497659 0.462429022059517 0.127319462622133 -0.471103000440223
-0.371960245731814 0.401807179889705 0.196826971219167 -0.237080923883264
-0.489499558356125 0.196544515592832 0.0655475080881475 -0.0566273040307093
-0.524321169758838 -0.0728800501732823 -0.053749954401962 0.000818780869307266
-0.512617406685629 -0.135069007678217 -0.18134354815638 -0.111678934205278
-0.568625327986431 -0.0322485461369651 -0.256345795909986 -0.0296984424557926
-0.526522832380031 0.0869316020434205 -0.27287723663604 -0.192397915361468
-0.429391660372198 0.251669307522403 -0.461287676794239 -0.0331181759389087
-0.310915508039308 0.315437534740995 -0.288624667514427 0.238878316129365
-0.228430027148047 0.403923557072783 0.0478423907519575 0.204560384951767
-0.108703039647996 0.468551778379662 0.1451485963026 0.0127443094233653
0.03041479792691 0.505148248450268 0.0903077008478467 -0.177368759090815
0.0510140885386642 0.521039503222952 0.031096016686311 -0.237655125424192
0.0951649279441985 0.536233993012621 -0.00772380827776009 -0.286766692598487
-0.0182967132760129 0.619421501747207 0.00494822528088731 -0.32926101902724
-0.221153957034166 0.578179486271047 0.0650727943217547 -0.353071831881184
-0.433133815982792 0.48377516803432 0.15187988405905 -0.222522472337699
-0.535272839852685 0.262255642035076 0.109102083045136 -0.10716392536454
-0.592256575802202 0.00114214484810177 0.0956822205586452 -0.0200488074113347
-0.632004778012496 -0.0729644107412173 0.0335603402765801 -0.0463802657042636
-0.60732643534243 -0.0310713794642238 -0.0492455798225148 0.00277861079166789
-0.558334783104349 0.0742282580742201 -0.153746417774347 -0.209544174217186
-0.481849774838022 0.220110627223106 -0.415219084849387 -0.0482696627575861
-0.416316913023893 0.305250404691268 -0.298182731789346 0.209646898223712
-0.325837616663077 0.45040816305902 -0.0269350648080819 0.249497075834244
-0.163247082835064 0.544665112387921 0.0787241682762612 0.155209982346927
0.0035117924818192 0.57738664294697 0.0735825983993747 0.0354727791803255
0.035295365323245 0.569955955821313 0.0691885585481925 -0.0130376766528616
0.0747514222654449 0.565180284733869 0.0387055021652324 -0.0619923160749995
-0.0365557577583822 0.627757570786841 0.0145905457752665 -0.121497209693515
-0.236854194977292 0.563301682980013 0.0126930509732536 -0.201170544428961
-0.411868518196329 0.440524667180856 0.102667037314061 -0.195576382880146
-0.460797325076953 0.266537230687914 0.152603423965141 -0.168549006061574
-0.537873779592961 0.0777188865005835 0.247166794180015 -0.0643435409475018
-0.650566951674648 0.00806638501505681 0.252261279752596 -0.0053867773555408
-0.5442485810395 -0.0199440776491609 0.159776773151409 0.0692169518090588
-0.482009359299469 0.0321505682606463 -0.00803343894399633 -0.160242796789259
-0.451301023023672 0.127774735426397 -0.302237356952061 -0.0431676829457409
-0.461143631113638 0.234301471782134 -0.283759185880778 0.164392927388077
-0.370935701480421 0.431208852178102 -0.125626150466818 0.301117858973934
-0.182246077685464 0.540577513962026 -0.00209475157582138 0.322514626893578
-0.0161979775943256 0.562896149817382 0.0516208129908165 0.268167958716923
0.0151606305029145 0.534993019155628 0.0984490536930551 0.211152115368345
0.0320251253353389 0.508810843628392 0.0708435605110797 0.151990993682436
-0.0747543472764425 0.523529902608729 0.0122287724467643 0.0679255227219233
-0.238410797965072 0.427046898405803 -0.0416013543118143 -0.0674017940645943
-0.328431733717173 0.286379294893076 0.0590423635622128 -0.184551892291682
-0.302243766683903 0.205670535896617 0.200481104753776 -0.223627115477464
-0.397678921329872 0.13291477025393 0.369089432746334 -0.102840152354114
-0.575034463562244 0.0814139674058044 0.43488446448626 0.0114700648227458
-0.395093981717145 0.00689320965728124 0.336313981865069 0.153334486165553
-0.318046659380936 0.00462387354020708 0.140575199966793 -0.0706893983270225
-0.328017920993173 0.0360102296908359 -0.161454520243263 -0.0356205989309452
-0.395633764341318 0.136302560999227 -0.266254464089056 0.115265339139611
-0.325200335238003 0.331514728143589 -0.220698565744568 0.359715986928115
-0.155243440325695 0.436467409352416 -0.0732406220302424 0.484263565648397
-0.0288038844850483 0.453732709361386 0.0384745656666251 0.479290924627176
-0.00761837895480849 0.418313631383782 0.114339585770975 0.403512282742753
-0.0197225349724599 0.382694439741939 0.0752244685875309 0.32515980289569
-0.110041577083332 0.345730066450622 -0.0193942741063444 0.20097482637107
-0.207989304683236 0.23022346045218 -0.102446550644628 0.00380323711961803
-0.197830796227224 0.102102413355895 0.039003003692191 -0.204168991257012
-0.120987716666991 0.132760969216661 0.262845338755334 -0.25272476349458
-0.231950753820693 0.161830444838011 0.442266285279935 -0.104189127365057
-0.430488264378505 0.12749235277278 0.555336073559137 0.0129165553736713
-0.185016478000325 0.053311275486371 0.450928298677458 0.220320476269395
-0.103528499634496 0.0150535062403474 0.252295073815179 0.00353924586629058
-0.130171763235149 -0.0184917546034527 -0.0539350169358745 -0.0329174374475641
-0.221984656755213 0.0317553321446333 -0.256449622930045 0.0939150140926227
-0.198207435194216 0.169459851893313 -0.277509345922285 0.419849872872699
-0.0967704059710101 0.245118140614597 -0.106363804709986 0.602584133518038
-0.0378799028664112 0.2636383569111 0.0378629528631873 0.623100871521482
-0.0329469094247225 0.237611392905964 0.115731464478958 0.531771167186098
-0.0603623984688629 0.209382203137249 0.0509638726589512 0.435182805540457
-0.115671587929258 0.147742769426035 -0.0705581038685729 0.262328892456011
-0.137523993467181 0.045590218514387 -0.148802443014916 0.0087773113400136
-0.0560576172885164 -0.0322738902870051 0.0588279835333076 -0.23624110359734
0.0244241755412162 0.0744121620221603 0.331401813150077 -0.234067517683201
-0.0817185619636022 0.158458261033974 0.462492018193188 -0.0655323584781533
-0.237816744070809 0.139432648237717 0.608099461427746 0.00552259053075383
-0.0499307026873747 -0.0836883206602509 -0.575977264330479 0.0414019599533179
-0.0930604780194813 -0.0798188896336449 -0.471182189916625 0.034988533857262
-0.122531689833988 0.0340884495652164 -0.387833611652325 0.187625362894512
-0.0321241080812176 0.122439326921152 -0.106816523345689 0.337790600392068
0.0603863051623098 0.0898539915008212 0.186810380947748 0.0799682975182379
0.0684829494914564 0.0294416675265823 0.161670518717718 -0.256662126865215
0.077328438784982 -0.00753350945979801 -0.00267337722188074 -0.48555942961157
0.0584312416367938 -0.0194388094936158 -0.125293470847181 -0.587874330848493
0.0607538711530624 -0.0187749472543209 -0.12358235267463 -0.668545391948198
0.0581868701524965 0.00726353334688376 0.0108427748719274 -0.664454542707881
0.0566668505542568 0.0348430836618022 0.191757276198812 -0.524741885277193
0.0240998594197843 0.11617182990287 0.220676609759786 -0.222094184913654
-0.0916320266512597 0.0867538511379732 0.0166310300323436 -0.0114995258851496
-0.12301561563778 -0.0668181692882956 -0.201494891536013 -0.010312127231349
-0.0616252987602201 -0.11152512649631 -0.466504813605966 -0.219675962034017
-0.254616875605434 -0.0393857498237358 -0.540458228315271 0.0210707619174054
-0.239919684292738 0.00466375277722738 -0.426076290153142 -0.0292504192864316
-0.210498846903758 0.13344976943516 -0.422926227023142 0.109163834139447
-0.105828170404455 0.202591273580921 -0.178691446668129 0.313568682455498
-0.0149080610402016 0.211466253965048 0.153300670680768 0.125467374758558
0.033924464422799 0.195209887754832 0.184327270409603 -0.196246351544677
0.092698351645695 0.190461413308271 0.0358141034800667 -0.452014542467295
0.0818013669177034 0.201701631142778 -0.0921453302110976 -0.550968210631818
0.0944280310194048 0.217246511116439 -0.117945278666446 -0.623304064861173
0.0288041464226289 0.275676765197827 -0.0149298740481029 -0.634462205228897
-0.0744960717030279 0.270128727071131 0.151900141199411 -0.540759958316397
-0.196089823276257 0.273831405068857 0.214073679879226 -0.246352913886893
-0.317888322379905 0.142253081700238 0.0305613060736369 -0.0222230436243414
-0.361413797999347 -0.0785121877171454 -0.159149908053685 0.00354386147998766
-0.318074350887994 -0.128273830428495 -0.36673892652674 -0.165635052056347
-0.443685430252643 -0.00561363837112733 -0.434827169274489 -0.00141465519831483
-0.398667958731344 0.0824628966072362 -0.372498878756388 -0.103551955554865
-0.310715340676316 0.233894057454219 -0.452379720620346 0.045955867638483
-0.184292492685286 0.283651082801802 -0.234907367563165 0.288328807071431
-0.0997755232389348 0.322305493919634 0.113017009245963 0.162581213838928
-0.0169229373183532 0.347303156013439 0.180619567736349 -0.110517786963855
0.0865841120552316 0.368863096472551 0.0627703713502325 -0.349159803121016
0.0939152298445274 0.391118868951396 -0.0436351157659692 -0.427057796687151
0.126643287670162 0.411248571648017 -0.0891286138322544 -0.484521155491695
0.0278825384917827 0.49764683587362 -0.0325834471648835 -0.515459445822523
-0.148690163963249 0.480801935212607 0.088942380104868 -0.485030937789655
-0.34467829403573 0.433981893858143 0.183690578660124 -0.25531563137286
-0.475714095428516 0.23081894444486 0.064987485038154 -0.0567761662645585
-0.537182207172488 -0.0338478194473222 -0.0492064654429519 0.00564001327647506
-0.522844875287023 -0.0964490781949077 -0.189786549633977 -0.100415560418899
-0.573925190496872 0.0117204069032002 -0.263635022264664 -0.0109228813463359
-0.522113798512317 0.124744192257086 -0.289851727178848 -0.172944146314628
-0.407510238452109 0.286237894647258 -0.465424307013545 0.00495692829224022
-0.287471086560835 0.339907734309666 -0.271516739542302 0.268818081072926
-0.195203388688572 0.419954541397174 0.0638855537921832 0.202944342037658
-0.0734163112691859 0.477345553841153 0.150390268592017 0.00258184072745559
0.0700576723452426 0.50725566036253 0.0749914654635734 -0.183858898353349
0.0943790866137378 0.521358153227177 0.0126304644743952 -0.239901893515386
0.13786731218184 0.531625145980234 -0.0330495785395966 -0.287360808160728
0.0323897414292255 0.623599235294944 -0.0223414487564363 -0.333014079662103
-0.17790387723314 0.597789570461335 0.0342689537234037 -0.359520411235764
-0.398257185187934 0.521044767608739 0.139401324185068 -0.238462513877208
-0.517618455679144 0.300674798207991 0.10411526146278 -0.112414427405983
-0.597373200872289 0.0437326389546647 0.0981850376106968 -0.0259415269759267
-0.638153637803897 -0.0249188483235346 0.0324709735734516 -0.0512089166412496
-0.611616434918532 0.016806150415168 -0.0516222335308067 0.00625212705210634
-0.555391608117208 0.114343019452514 -0.172107309600955 -0.198786647029476
-0.462498476045501 0.256731561230775 -0.421197916138085 -0.0134574831742788
-0.393808648232921 0.33625948366479 -0.284380872174003 0.238669071430141
-0.292160147371125 0.475401946471392 -0.00949565240243622 0.252445881895724
-0.120830183127142 0.559414282514833 0.0945276017853109 0.151227876750226
0.0481136353169553 0.580230036017436 0.0754745014330916 0.031632489799495
0.0809447147824247 0.574314285393562 0.0684921731181054 -0.0169242461841802
0.119138201944197 0.561588175533936 0.0307482112558464 -0.0652402844584102
0.0135189075351852 0.63463498359964 0.00373968374755347 -0.124728462217324
-0.195307378634178 0.585354026316678 -0.00706945473868855 -0.202136071272142
-0.380441263607549 0.477908776055885 0.0908570475782416 -0.208931389418552
-0.441344382064968 0.298593574561377 0.141559626987823 -0.179279009746781
-0.535294948425694 0.116999546361525 0.246204620062538 -0.0823988352351098
-0.64920471520366 0.0576327120121367 0.256004891044925 -0.0265617027763763
-0.547928679922 0.0230755603776724 0.164530508162326 0.0570628803234874
-0.480374599085541 0.0666606683793046 -0.0208118542220596 -0.160607481527018
-0.439445820854115 0.160707419429541 -0.306375284628659 -0.0176654597530914
-0.446238883695373 0.268645334803806 -0.275249869078759 0.189306074724327
-0.339934641776328 0.458141694417899 -0.105100998859861 0.311347363734085
-0.141042061995233 0.555913246537275 0.0247740559229322 0.324364302848168
0.0287265376311437 0.568211747955706 0.0729558452932035 0.267621649833149
0.0578813159455695 0.538770975653715 0.115140179622128 0.205882491692821
0.0724635402867596 0.509398335287003 0.0799619466233264 0.146703818881911
-0.0327230254459807 0.531366865878381 0.0159789900036719 0.0657958097754758
-0.205035049231115 0.447421166324982 -0.0516121397690183 -0.0640449391952928
-0.308216922846235 0.313435701721012 0.0463210084405429 -0.194625716772835
-0.28536378672329 0.227638600093431 0.183713714029735 -0.242138821091011
-0.389558450851805 0.161438669309638 0.365121369429407 -0.129598331417526
-0.568978716914125 0.125308152088042 0.440650178271084 -0.0240642526794236
-0.395177941512493 0.0398428045968109 0.349385534450769 0.12692017127261
-0.318740764503824 0.027168555891202 0.136352434301524 -0.0823617592435903
-0.322805559128055 0.0582055234904142 -0.16531580849301 -0.0219790965832121
-0.386498126962719 0.166472007223348 -0.262001596155947 0.137911426599825
-0.301461988290855 0.357292257302108 -0.196893639333429 0.377727710335161
-0.122815495215871 0.449958202765632 -0.0351543403408029 0.493959483882095
0.00863155714031687 0.45891583432173 0.0772014384075975 0.479967723532429
0.0249376323346972 0.422979059204525 0.147753933925782 0.395776827172423
0.00993282693455343 0.386349955142984 0.0986716721579199 0.319358041681014
-0.0830978278776238 0.356273968620611 -0.00455850128569582 0.202067764775409
-0.190981039702232 0.246599959159739 -0.105684676357169 0.012528820092803
-0.191670368810616 0.11780495267696 0.0227648461413293 -0.213374279175345
-0.107808774651766 0.140683148633653 0.242672010550555 -0.277473447050786
-0.219962164946038 0.178786121695082 0.43688415660837 -0.137666182828937
-0.419591362307024 0.162697930430613 0.563431393977871 -0.0323249953793939
-0.180749950832711 0.0704946876005112 0.472157932007738 0.185962844612172
-0.102604321941298 0.022086045779584 0.253612399436674 -0.0165799936390218
-0.130022985241354 -0.0115267965869431 -0.0576480231923569 -0.0287786682839225
-0.219848920004817 0.0480221045869346 -0.253770050896496 0.113922483731021
-0.186982054974796 0.186229226911363 -0.249248875344167 0.444014075459455
-0.0775339978984675 0.252892751622803 -0.0578814185586636 0.616259734853902
-0.0157180296357841 0.268413028736294 0.0894307258959896 0.623375183450605
-0.0146894068172885 0.242279210696962 0.158470330317646 0.524691292305443
-0.0449025078623226 0.215470726856411 0.0837048971401228 0.431798712457351
-0.10469848725302 0.157513134470828 -0.0518054754741416 0.267102397060438
-0.134453045879875 0.0558024050666107 -0.150873622717572 0.0195215273546528
-0.0588452683158488 -0.0291939605141988 0.0387767874156994 -0.247953063207287
0.0329394759558671 0.0720308825052209 0.312742623688041 -0.265955202443775
-0.0684295093657386 0.164511654652919 0.460452397863996 -0.100105033035971
-0.226027113143199 0.160309601052659 0.614725150542405 -0.042806776597097
-0.0561398055139725 -0.0777419646734699 -0.562386107945935 0.0882206334702511
-0.0992612474647707 -0.0699552073796796 -0.458605688551562 0.0720134393902074
-0.117721252455495 0.0450516862998311 -0.363249367559726 0.21517390009938
-0.0208756560641301 0.122905181855602 -0.073562376613363 0.342711611497712
0.06664585322085 0.0826786829399758 0.19113870720471 0.0670395213947987
0.0685761343386155 0.024294838239321 0.139106916952468 -0.261818306593098
0.0755292943317906 -0.0145405740849845 -0.0427378074481065 -0.472034562265021
0.0566240289398088 -0.0253388858452188 -0.168528975428964 -0.563092043716979
0.0582969507916182 -0.023301873305379 -0.176315175623353 -0.639981744293898
0.0576649622796153 0.00271786104586938 -0.0446853796754248 -0.651089683903801
0.0570741340545811 0.0298755658586544 0.14501154627302 -0.529818685813027
0.0332310671870189 0.111586754367218 0.200554863307996 -0.234553672338633
-0.0832119203902577 0.0908262675591101 0.0220235545331336 -0.00875771426148604
-0.127880188564254 -0.0546905150765982 -0.192946057574358 0.00443787114447702
-0.0686997756584291 -0.103315024642122 -0.472280729001169 -0.176191522916106
-0.252242881816036 -0.0171813571008689 -0.531364960951342 0.064367908861748
-0.234572892014292 0.0236369142727502 -0.420091811790051 0.00548655493820364
-0.193426619216268 0.148753111636302 -0.401792315529521 0.141550450357409
-0.0862871607331872 0.206298630565985 -0.146851000778326 0.325578203570614
0.00357485769344813 0.205948149529618 0.161373951037874 0.113786374786936
0.04884596642164 0.187734546746836 0.166995315553992 -0.205412570397857
0.10671659765647 0.1777549674108 -0.00363472078450555 -0.442307920595833
0.0973234915522216 0.189510017756266 -0.135276191376269 -0.529020725768874
0.109913717941873 0.203645873258089 -0.167307696547836 -0.59769774608073
0.0516814526775702 0.267057335054003 -0.0659625464117869 -0.620002531384716
-0.0519391188499128 0.269867055750879 0.103614481452816 -0.541353826468379
-0.169320059055473 0.283709851256783 0.192776689261323 -0.25913463361039
-0.299044161266494 0.161322869330255 0.0338976460445679 -0.0195702666869334
-0.361453910837069 -0.0490919256336984 -0.150381046188702 0.0160251718956697
-0.319425334132946 -0.100227639083019 -0.370673938396199 -0.133613979545428
-0.43411807037262 0.030757945538452 -0.429576074542675 0.0333925156471349
-0.383662119983753 0.111471143186769 -0.37202219019343 -0.0715604401862847
-0.280882097128065 0.254255344163982 -0.435525274735469 0.0826922483044936
-0.156258872290794 0.290551605789282 -0.203656989930181 0.305473772598039
-0.0695385939491802 0.32000974067074 0.123782933823745 0.152474812395479
0.0101346117683473 0.340723758638319 0.170807448026174 -0.121832554575469
0.115633157429815 0.352270009657515 0.0309392571954099 -0.344109259347012
0.125602120596166 0.37469415060865 -0.0768723932687818 -0.412656936807384
0.155682080643952 0.390762883975034 -0.126749867148546 -0.465396938797908
0.0685575499505943 0.483027779077859 -0.0734259296474056 -0.50177840807506
-0.107016768134261 0.480933676043239 0.0449569209647595 -0.481063134147215
-0.300578020538468 0.452826016717742 0.162861340918712 -0.265808356027024
-0.445961601812793 0.259573767319234 0.0638852856976726 -0.0569674176416317
-0.528125283388118 0.00780710123061377 -0.0445563955544217 0.00974055871700807
-0.517930775542568 -0.0525836152607822 -0.19222895471561 -0.0844903678250763
-0.557973388799889 0.0577146683827086 -0.262182016701282 0.0101836082111156
-0.499644864441456 0.161785612323256 -0.297632774565385 -0.146344083644229
-0.369674025234347 0.312278740398373 -0.450868264803546 0.0442903710539457
-0.251883046720111 0.352680731552074 -0.242502709252328 0.289051252367953
-0.157730956038307 0.423092405839145 0.077217947016097 0.194378423137218
-0.0343649979779081 0.472819853890153 0.150882674597999 -0.00926171101879624
0.11125519391158 0.489579744158198 0.0567787633570079 -0.183975045021903
0.135427703892013 0.5031126171652 -0.00590634348104274 -0.233691060328244
0.175855964303648 0.506865216711077 -0.0576993867763106 -0.276715988133994
0.0838755945770641 0.605449956584205 -0.0498961757720252 -0.324449286257011
-0.125388294712307 0.599131781295329 0.00103980505686683 -0.353772830954637
-0.346604689134978 0.543201228706451 0.120286671673911 -0.247534837356214
-0.48066855971997 0.331439897106963 0.0961249761972269 -0.115080480190082
-0.581978430953333 0.0884150076803912 0.0968518104221919 -0.0321258828439375
-0.622839601001736 0.0243478999734609 0.0283325779531209 -0.0543628924113182
-0.594344346923849 0.0650153308196941 -0.0525842981686567 0.0106816453070034
-0.53167383476849 0.153129640707946 -0.183408710033083 -0.181644187788254
-0.425319960114601 0.285374998621769 -0.409673853833834 0.0214654842604435
-0.357528006435765 0.357629341977197 -0.258885102058987 0.259189759150814
-0.246884783722004 0.48503515773771 0.00871194469087065 0.247069697099092
-0.0744905910596669 0.554303558968149 0.106682179479396 0.139654314795776
0.0965952038735954 0.56397599557139 0.0757544550188453 0.0268731847029412
0.12636789220804 0.554815864944301 0.0661518923321824 -0.0208828835892393
0.16030889170761 0.539408010797155 0.0223206210267148 -0.0656197544360016
0.0658155577323526 0.616740429036429 -0.00825211505816015 -0.123457367134675
-0.14143068690751 0.587690260010773 -0.027299614119001 -0.195892595175421
-0.332415978049674 0.498535622087751 0.0736488986297274 -0.216542404570613
-0.406317602439596 0.32332508737811 0.125183406881834 -0.184812860262351
-0.515194016065397 0.155385032828137 0.237071241119274 -0.0991283020765124
-0.625607949152145 0.107728643883088 0.249048639304067 -0.0485971846006166
-0.531721029466924 0.0659722144735175 0.163189598800605 0.04256358456452
-0.463721251079014 0.101857149655574 -0.0323993293299101 -0.155521805454975
-0.41044559317398 0.189463217353996 -0.298895598356901 0.0075553862697994
-0.41274576546564 0.296247501580643 -0.254399068531214 0.209573365603014
-0.294946810014532 0.473391804653524 -0.0806854541458443 0.310908115560273
-0.0941630304233782 0.553872848136712 0.0509744295135702 0.314981197096307
0.0766432969459661 0.552829610957359 0.0938093601552455 0.256928729324491
0.101210110208865 0.522772550671658 0.129987341525134 0.19255195325432
0.109938148765412 0.491540089554127 0.0883927981213979 0.136385382535922
0.0110080994262342 0.521002008880191 0.0196444224460797 0.0613046821217525
-0.163591621947471 0.453700681829241 -0.0592330773472346 -0.057631567503265
-0.276304557414299 0.332847817220961 0.0296803685079141 -0.199804993699012
-0.258018531542695 0.241444331196805 0.159079151908479 -0.251601400619168
-0.366820438367315 0.187163463568096 0.347937945935257 -0.155374211843226
-0.541854094362755 0.167955356538148 0.431054960159984 -0.061820339561669
-0.380817818903851 0.0726539826646124 0.350814369572183 0.0958607253678309
-0.309350861958073 0.0504604922651549 0.126610739094925 -0.0921738263061089
-0.306957991148228 0.0791588953219688 -0.161877312403407 -0.00887748971280625
-0.363976707131085 0.191656870738895 -0.246136896444622 0.156010528143769
-0.266757375045962 0.373607900032834 -0.164426962104671 0.382755560276826
-0.0828297289999787 0.448785260373782 0.00691246181956106 0.483580817409023
0.047881890695092 0.446681170928227 0.116143940580986 0.463819717305014
0.0586297637940964 0.41246116427705 0.175968991391437 0.374373975052372
0.0401151961410112 0.376359269829375 0.120200885459585 0.303281490659539
-0.0525482263813801 0.353643952735523 0.010707749418168 0.196069158111425
-0.166374884831476 0.25615527833069 -0.105162752155581 0.0207657344945741
-0.177014573915738 0.130081286866375 0.00373097050094374 -0.216224628669856
-0.090748123067226 0.143250331649284 0.212407634913552 -0.293571859407112
-0.199386735993474 0.191283894826989 0.417483058959838 -0.168880877718146
-0.394062019688285 0.192623889474966 0.550332594300462 -0.0785238512130234
-0.168806418160055 0.0848232851102108 0.4746209714978 0.141998929938247
-0.0988118287156741 0.0288308063392251 0.246690994546786 -0.0374704261540885
-0.126107933556802 -0.00464715824091994 -0.0590291264845762 -0.0243679814017986
-0.210150241795609 0.0644009701760874 -0.241523904647605 0.131521416432443
-0.168369492114578 0.198101410897648 -0.209326862554595 0.452385535027171
-0.0546461699630212 0.251855428032791 -0.00776726828553167 0.60497504797078
0.008083939405782 0.263161722573203 0.140469979283412 0.600998156776907
0.00494483356337265 0.238550532794146 0.198831922224072 0.498224952085757
-0.0268248774789445 0.214173147196019 0.115672459963751 0.413150629671861
-0.0905144298870221 0.161865480413856 -0.0292925758913853 0.262840707047191
-0.12687064858055 0.0642718247870842 -0.147325851493437 0.0310947683762535
-0.0594028004760067 -0.0247255415523375 0.0146318314194232 -0.251070899834403
0.0407904919314781 0.0664032790876633 0.281252797212835 -0.288850944226994
-0.0527747513498221 0.166021864904272 0.442364970161598 -0.133671505731254
-0.204960198436364 0.175125501792845 0.597846787037621 -0.0932248194576567
-0.0588662871022007 -0.07080303588943 -0.536995018318148 0.11709338913651
-0.100553225461533 -0.0607696966094179 -0.435512361766984 0.0962133807059071
-0.110105323387392 0.0523146132769659 -0.333700701066762 0.227994035690665
-0.0122627584763007 0.119661996627002 -0.0457550906664315 0.335861332398714
0.0693375553795531 0.0747388980270245 0.189029360128378 0.0563093852682323
0.0675290431273876 0.0200827245161458 0.118982412130155 -0.256312180411833
0.0716062374005679 -0.019258104544302 -0.0708783009479276 -0.446703439707817
0.0530071554791591 -0.029260828167119 -0.19356623204833 -0.527423558658964
0.0555832896594056 -0.0261191063893923 -0.205895286836259 -0.602202590517527
0.0555538303500276 -0.000213921133007338 -0.0797392848225615 -0.620314684731699
0.0555487768923498 0.0257909392791277 0.10751719855984 -0.518242536625754
0.0390067106536765 0.105028800824257 0.18099135507194 -0.236141811228641
-0.0753491592552338 0.0903465495482132 0.0267625400226784 -0.00695845676018541
-0.126996465332631 -0.0443561714334815 -0.180137878787438 0.0136664447636969
-0.0708259327383713 -0.0948896175828121 -0.461880125079582 -0.141183650882396
-0.241992430950224 -0.00183701718947788 -0.507800172094163 0.0929449070507555
-0.223943816664777 0.0362237102747137 -0.402202338780975 0.0299986515153017
-0.17329651969786 0.155600792373514 -0.374787009136653 0.159637842912362
-0.0698194833321407 0.203002402765595 -0.118146535841918 0.324518125260693
0.0158285941372406 0.19537792776462 0.161908676528859 0.10256044580884
0.0576574330887912 0.177734671753147 0.149588932900513 -0.205119486200565
0.112520145742455 0.163051209406751 -0.0302184763755028 -0.419937651506869
0.105012167503649 0.174479063688297 -0.159131708321283 -0.4981473426445
0.11683312212651 0.187722188068231 -0.196165327171836 -0.558123620157382
0.0659432399058664 0.251787312917446 -0.101458801063931 -0.589693972430254
-0.0344648535605388 0.261161298233973 0.0652992926052706 -0.525358664480026
-0.145408832012954 0.281479615866139 0.172933609360457 -0.259675467148796
-0.277646123939065 0.169367401120745 0.0382068883604353 -0.0178534299653044
-0.34996673520492 -0.0253723463161239 -0.139039564942136 0.0229476238373462
-0.310059100913859 -0.0781508456451829 -0.362392119457768 -0.106407382551456
-0.412248827178518 0.055503598567787 -0.412347648181125 0.0578737691924612
-0.361515339428875 0.127121504056767 -0.361033202677891 -0.0477326995348727
-0.249429591945153 0.258919051193308 -0.410382265846159 0.105746916582533
-0.131725619081973 0.28689534438157 -0.174496988577084 0.308400895472718
-0.0478415880963663 0.308005012465253 0.127317735231708 0.141550104364875
0.0303245843324988 0.325065176552568 0.158931175392694 -0.126556073744468
0.131955252187097 0.330366688644589 0.00865747507442223 -0.329277475925687
0.142771388152463 0.351644086498866 -0.0958040870498526 -0.389588417479565
0.171037402300512 0.363931809332471 -0.151012035151767 -0.435467357411682
0.0962630215138558 0.457305850017219 -0.102140299823818 -0.478205165543098
-0.0744754150100927 0.466032221399308 0.0125718589348636 -0.462150034026695
-0.258956717759978 0.451053958368956 0.143769478166787 -0.267191404000146
-0.412490635990894 0.272604186955558 0.0641386087009934 -0.0551212145662104
-0.506257924387715 0.0371933070003714 -0.0380038875398483 0.0115331716786388
-0.494750209040969 -0.0232833181350538 -0.188677153652162 -0.0710774742063939
-0.529622967242533 0.089063052496008 -0.253563024411222 0.0261535950756196
-0.467847232328555 0.182314119687424 -0.293030446496594 -0.12300350145484
-0.329908508905784 0.319403663151296 -0.426751043115384 0.0691043310489168
-0.219195556149298 0.351829556821281 -0.214066518787259 0.294282545295172
-0.125943275156333 0.411083250801023 0.0839065216082828 0.183487594289487
-0.00477370047672765 0.453179516543905 0.146042178672957 -0.0177765546308811
0.135215985443541 0.461187218690525 0.042875072434248 -0.177099394638241
0.160708503483109 0.474630386360508 -0.018476404784173 -0.222910180989447
0.1963327594828 0.474869249208774 -0.0728280870756004 -0.259565427369845
0.116919769201702 0.573542519668167 -0.068792813975278 -0.308463009558717
-0.083409650611924 0.58035779685651 -0.0228604725059226 -0.337320083914796
-0.299191214102685 0.541633617178756 0.103642413781473 -0.248766293728491
-0.43970999620019 0.341605449854135 0.0897773184707967 -0.11339450013438
-0.553152837946332 0.116896341287005 0.0943423003000839 -0.0362965920221362
-0.590544890605805 0.0587243880230461 0.0247071721686116 -0.0562954850161254
-0.56395939128998 0.0988429531372634 -0.0521871717756794 0.0142000223825492
-0.500206733992243 0.174288409967816 -0.18573530740708 -0.165370612044432
-0.383579751923764 0.296285814518294 -0.387498129759235 0.0454577345399634
-0.319874141629222 0.360259762594157 -0.2317800982295 0.266255737840838
-0.209183774241879 0.476218226896487 0.0194458576337412 0.236225215829778
-0.0395156320763141 0.535015491933505 0.111548132643029 0.126859994148196
0.127347315503683 0.532833900594048 0.0737777353343026 0.0232776764795548
0.155209311469802 0.523901476880009 0.0637169186761492 -0.0242486622148529
0.184273421122121 0.505876336791658 0.0163692273488333 -0.0630561369364221
0.100750134474731 0.58399249495194 -0.0169154584241516 -0.118983598783073
-0.101669299539645 0.569931484672762 -0.0407064062448391 -0.184112026502157
-0.288097225953786 0.498407519058099 0.0593136840303875 -0.217028541458341
-0.369515963968648 0.328736288344148 0.111192697943347 -0.182965874587689
-0.484958520791325 0.176413827037748 0.223606329552884 -0.107714518444882
-0.589829356043553 0.138095685461491 0.236919129315879 -0.0630609106183536
-0.502749378337292 0.0956792062777777 0.157195414945057 0.0316758931282255
-0.438632892096805 0.120909376469038 -0.0395388905620632 -0.148785375483756
-0.377950944571656 0.200444151284946 -0.283934372589106 0.0241312173337096
-0.377946243397316 0.306495583641557 -0.231331569151919 0.216901556315722
-0.255763528507458 0.468599840019072 -0.0628167999874328 0.301563686190895
-0.0564654010439035 0.53316064411098 0.0678076973570228 0.297666864731383
0.107108646397982 0.524088548841104 0.105458690562779 0.241561881654971
0.130152369408334 0.495403912018689 0.137200546562201 0.175985638689533
0.133269602014432 0.464038006994714 0.0911234339754468 0.125859754011235
0.04094156034093 0.49510463905315 0.0206824161386413 0.0562847552578205
-0.130156845847735 0.443480350741376 -0.0626432848496788 -0.050214589368119
-0.244079777581616 0.333312411710721 0.015554991107952 -0.198009130482616
-0.230005404676061 0.242847635156793 0.137002657185602 -0.250673143710465
-0.340056342937187 0.199387326950472 0.32582224740917 -0.168126292453985
-0.504482978694907 0.193144963727846 0.409842720390142 -0.0865958537043096
-0.35700450738368 0.0924064512918008 0.339238413030014 0.0702452963201205
-0.293323506007454 0.064538769297365 0.116089386903877 -0.0976974067503826
-0.285933650180411 0.0892313066750546 -0.154789027991487 -0.000612986821175844
-0.337206841940284 0.203200353367216 -0.228264718801411 0.163986910638874
-0.234786549989704 0.373164047787147 -0.138550716964969 0.374557344171556
-0.0527566869755739 0.432637473007937 0.0347373509315261 0.462708684519357
0.0740162094250085 0.424712742981868 0.141511345651985 0.436172944352944
0.0816313267039375 0.391687741884242 0.191088695878238 0.347846544346896
0.0599204587075583 0.357046116437448 0.131994739310692 0.281586428153598
-0.029229852789266 0.340167794525432 0.0204215239852467 0.185013887929318
-0.143644568906435 0.25408413285832 -0.1014748385999 0.0268247415106418
-0.160626471429654 0.134604978503435 -0.0121462647306003 -0.212160844139193
-0.075801691254127 0.139606941722518 0.183674381026182 -0.29505048212905
-0.178648021118631 0.193364868729847 0.391155614282514 -0.185662416533031
-0.362111976505434 0.208355170938091 0.522473697486218 -0.110104521044353
-0.154669065204639 0.0925292810668297 0.461408965375686 0.10514432355927
-0.0926293655014884 0.033324304330707 0.233783468510736 -0.0515379280754319
-0.120042566451535 -0.000584782210048256 -0.0583229018228603 -0.0214237341377429
-0.196668617456686 0.0722795055584763 -0.22607829778825 0.138408425931195
-0.14960529284374 0.199770033703063 -0.175490515186243 0.44391460488918
-0.0378347407383233 0.242894015150181 0.0287287571400933 0.581068361742327
0.0244644455774932 0.250551682255833 0.173739016440532 0.566572339317361
0.0198489131460575 0.228587614372448 0.21961304551489 0.464027511400415
-0.0128421092208946 0.206744600968108 0.133665044522761 0.384341857812982
-0.0773285326733658 0.159660372871159 -0.0138080510345367 0.250676643421893
-0.117063957498285 0.0682351919063132 -0.14083478535991 0.0372642317678167
-0.0575734987944425 -0.0211585501481524 -0.00395535146921446 -0.24545195820524
0.0457505629261405 0.0597258256932481 0.248746819416686 -0.296429830734165
-0.0396537376608715 0.161292376792411 0.416313713411401 -0.154237414261188
-0.183133066537135 0.180142784247411 0.569676544204482 -0.126715887987231
-0.0508597485977868 -0.0669960839114971 -0.52479259422669 0.099296380105144
-0.092343995379359 -0.0590311371053613 -0.423193664975603 0.0853528631284676
-0.104968813350855 0.0516401213722956 -0.320787889932749 0.214038245810203
-0.0115029343826104 0.113946766691318 -0.0432330485859891 0.327129237470712
0.0637357524597823 0.0711017809568003 0.186688490655293 0.0594625421570951
0.0628604861720131 0.0217395651078246 0.120254996575301 -0.240434170210841
0.0687241602541449 -0.0212793353964279 -0.06192528108886 -0.427198727603972
0.0525217309784427 -0.0301923497421392 -0.182471230218176 -0.505764281631339
0.0532159546082023 -0.0302572740214945 -0.19506351438209 -0.577535694611491
0.0519482957483218 -0.00369555450937586 -0.0761797430901979 -0.594514939310036
0.0518403451184269 0.0231041049383784 0.108319985702618 -0.492815505836839
0.0373319107185744 0.0960361863873655 0.178269228518038 -0.217566763555878
-0.0747936088401012 0.0852533225968658 0.0277684888359232 -0.00407875065824723
-0.125809657292445 -0.0442695583194254 -0.168377561006305 0.00342924658194944
-0.0728719068372694 -0.0903172221556124 -0.431130995376138 -0.150661060678227
-0.232166967817632 -0.00688951283129171 -0.496903590795565 0.0859503890058011
-0.215683317370283 0.0300020551066703 -0.384316922492742 0.0253586794633002
-0.168472535634226 0.148931186980008 -0.352765620535691 0.15001546927374
-0.0681706164849715 0.191122318479309 -0.111059497481582 0.319253887331977
0.00976490763475623 0.184006924177334 0.162015120254508 0.108854753756246
0.0502491256019447 0.172632208826105 0.152440431375205 -0.189050279561398
0.104320624563306 0.155522707587377 -0.0204565063191968 -0.399879895757898
0.0992898377039792 0.17139353459867 -0.148981545246988 -0.47310670666862
0.109527245516842 0.1792265222068 -0.189477440530672 -0.534487591793712
0.0594607574605499 0.242783668915284 -0.0990902185984433 -0.563228916328057
-0.0384837700362567 0.252336176313128 0.0568969067440406 -0.497957209596922
-0.14134273884677 0.262619790003708 0.159202428818744 -0.241410663735787
-0.272405971736483 0.157163225477602 0.0333405490569741 -0.0182934451946397
-0.341339776657639 -0.0289687604313855 -0.130792358479477 0.00738959991897068
-0.301579588049494 -0.0745323828945082 -0.340647712081942 -0.123137693103326
-0.401196009436973 0.0409798368027359 -0.403464964985204 0.0620155166881864
-0.351862164360665 0.11201883698934 -0.339408313759452 -0.0451918306979326
-0.245044721236733 0.247112766601597 -0.379671135802677 0.100639972768383
-0.129213631444906 0.268789469913481 -0.164815641594021 0.306885157242224
-0.05435785627554 0.288980450500369 0.12947002839777 0.150244574253708
0.0208339924029402 0.312847785559773 0.162606117192055 -0.112361260088308
0.119347678329994 0.318161689355088 0.0191610074554796 -0.309069899835563
0.132690687265166 0.346612990085271 -0.0878597825538818 -0.369005781311162
0.159005943904786 0.352853178562779 -0.146894917773695 -0.414018862313022
0.0882724183422632 0.443834667168123 -0.103851576406443 -0.453029384306042
-0.0793128542111833 0.452204972458076 -0.000411732453215149 -0.436926388260622
-0.252651240647393 0.425053503022913 0.122030853399873 -0.247475620247005
-0.40507142087675 0.253401367624099 0.0529152865832337 -0.055436547664286
-0.491575888628922 0.0304865519100894 -0.0363384455821208 -0.00418681297834362
-0.477135598520933 -0.0221251713447949 -0.17931998075375 -0.0887700486325029
-0.519780739459999 0.0678047071900978 -0.250028421264688 0.0408905080090821
-0.458678313022262 0.159177676087415 -0.270075636433797 -0.114264668416515
-0.324533025233011 0.300052809954087 -0.392677993740268 0.0683337623095306
-0.214185430344859 0.328053138667927 -0.20237641088519 0.297840089100017
-0.131704265096334 0.385554337135013 0.0875631067203105 0.194087162789803
-0.014587662018453 0.43593062591137 0.150487794364757 -0.0082452813802247
0.120915499345382 0.446084170867276 0.053125335312122 -0.161191036874332
0.147415188642236 0.46849130235795 -0.0138432128278208 -0.208044283508743
0.182954504751077 0.461405967575169 -0.0740388030604687 -0.244377234965771
0.108555157152815 0.558564910403146 -0.0747928873473009 -0.289445492120639
-0.0897230815929116 0.564878784043683 -0.0401541877384763 -0.316367949124436
-0.292876999159428 0.511023672523653 0.0778790204618663 -0.229956705171118
-0.431555942448876 0.319701980790142 0.0743240675623512 -0.110864169758025
-0.534909915898945 0.105979208794401 0.088417692362001 -0.0472740361562166
-0.567023854252598 0.0547037087727126 0.0202522600499008 -0.0697200903640151
-0.552844929627772 0.0748657370695752 -0.05560689520376 0.0361531960836795
-0.491021284352541 0.150642301859626 -0.165621056518679 -0.150167354960476
-0.377044245223559 0.272252478599782 -0.356392487495535 0.0479388599870428
-0.311820417411638 0.333721198654424 -0.223098432209127 0.273697391574911
-0.213564250629887 0.44458609391678 0.0254391266839153 0.2469421941594
-0.049719564880998 0.5127079988121 0.116458245101371 0.130596429576572
0.110240599114405 0.516891261210742 0.0827848931832132 0.032116385553324
0.141684121390999 0.518151889431921 0.0643669328945875 -0.0171826684853328
0.17007452716801 0.493795446595709 0.00978596548810542 -0.0551652129540176
0.0938182558268106 0.56838367461064 -0.026913292361209 -0.107508993835542
-0.106613271106709 0.555678934298471 -0.0585128162708772 -0.17049715797967
-0.281500634609584 0.47086607920375 0.0342686961734268 -0.202397201092866
-0.360518560762879 0.307732229200063 0.0963713294704537 -0.17599724655443
-0.466484309432617 0.163432524414775 0.211515578820717 -0.110714693348414
-0.562604578660932 0.13127910546942 0.219979852302998 -0.0703191181263603
-0.493853347461645 0.0722058386332545 0.145824531221403 0.056328972971768
-0.430415893965219 0.100619152819 -0.0282557128190637 -0.13328363115631
-0.368670523478984 0.179430531591012 -0.260726769980548 0.0297002133171735
-0.365434648494625 0.280157942203167 -0.22610594607894 0.225552775218512
-0.256812468247414 0.438328862584339 -0.0560467730622426 0.307975871480158
-0.0651038899298448 0.511100514727681 0.0714886602522246 0.29219677858595
0.0923824700151205 0.508887150129543 0.112143866600738 0.241557682952844
0.116032799319046 0.489919303375483 0.133732355106859 0.173874789044046
0.122958307191288 0.455078056783756 0.081023982898217 0.124846618776867
0.0372054363639624 0.483252315469705 0.0100378929628549 0.0586794961831473
-0.132793324848882 0.430451385630714 -0.0771144347891597 -0.0455799755351881
-0.236734338488099 0.315093604397911 -0.00244232390959869 -0.190136659892525
-0.223485283706976 0.223850996813153 0.124693634150602 -0.238070881707142
-0.324758538700982 0.18599011005834 0.309870229180394 -0.161916417046868
-0.478635883124567 0.183604399672175 0.385038137604354 -0.0840552142384297
-0.351956295493587 0.0739390232841765 0.322249499842031 0.0918931522238358
-0.287575648660845 0.0503045871520287 0.117338206999922 -0.0847635271657255
-0.278629334877878 0.0737360481039921 -0.143120742496096 0.00513711587071318
-0.324825659329025 0.182747594731827 -0.225396999851648 0.168325121428713
-0.23135590006051 0.347370659379151 -0.13246601808552 0.372596456542828
-0.0583843318734894 0.412150680669386 0.0337088560977524 0.447075261519754
0.0631348800981252 0.412950110238345 0.142094294348789 0.42637600561271
0.0724959348868102 0.387242804981113 0.184921614255211 0.3366645350222
0.0540263583449385 0.351995736476726 0.120743083272088 0.271922428969508
-0.0312165877391459 0.331638059701302 0.0116556323457526 0.179171291220874
-0.143678114146442 0.245708060112029 -0.109169836795246 0.0235882723136619
-0.155929004988381 0.122566345218116 -0.0211417141917288 -0.20811995234858
-0.0693528999010486 0.12740797386146 0.17309462536821 -0.278362289437682
-0.167631483667212 0.182516522001059 0.37299467877292 -0.171975259620807
-0.342461253813369 0.198050641119628 0.494106871809368 -0.0982945254413675
-0.154791315674547 0.0800188827678247 0.44131538675703 0.120780925111056
-0.093159095390973 0.0269383866085893 0.22578591620849 -0.0428057953440424
-0.116857068692465 -0.0073233285608939 -0.0554812824686396 -0.0192167070180113
-0.187778894125978 0.0630435367609726 -0.224368526379832 0.135856975883334
-0.143728414189623 0.185682944070263 -0.17114296500215 0.429892130727656
-0.0381098119018455 0.230612792355255 0.0235880582650085 0.55577121374453
0.0197800809061425 0.245394318841393 0.166353024846087 0.547311922973258
0.014865519909571 0.22647882271823 0.209072043445697 0.445033595783809
-0.0144018973176314 0.204388050987916 0.123242667449902 0.369428634437175
-0.0769181600622367 0.156294355806725 -0.0187614512654394 0.239093204062379
-0.116327351702132 0.0645004504763003 -0.139521600726078 0.0307377725027258
-0.0557112387192241 -0.0262151385133206 -0.00551606817492857 -0.241715924356165
0.0502339805708779 0.0529320705032129 0.237983024134369 -0.27774194186521
-0.0323913921044929 0.154108002246589 0.395692217943155 -0.139327730397671
-0.170264064359878 0.169792619687508 0.540843728974231 -0.108013382965995
-0.051091355012664 -0.0649441609310056 -0.517027378230738 0.106640383459153
-0.0934896087432284 -0.0565361578951227 -0.414317938229565 0.0906831331726522
-0.102378571039575 0.0541078660444402 -0.312398686989891 0.215505923790824
-0.00981123493275673 0.113004157772243 -0.0350092138122639 0.325077947126433
0.0641297871688241 0.0689462856916408 0.187904983769702 0.0599189273189505
0.0633625072353298 0.0213466021245594 0.11765603141514 -0.236241863387916
0.0672079066012881 -0.0227493688317677 -0.0659723622707314 -0.417133993504398
0.0508675608341414 -0.0322924698338887 -0.185667932435923 -0.494053785313953
0.0526083247459813 -0.0318035332223138 -0.199928475985504 -0.564080179967282
0.0517161192664949 -0.00385727384158439 -0.0834541486069249 -0.584403855734857
0.0503958895370915 0.0230575551617326 0.100717802215436 -0.487587335015192
0.0382152489777026 0.0937988264421621 0.17569341708993 -0.217271326609914
-0.0741059871471752 0.0843795951576832 0.0333912583600938 -0.00281209924449614
-0.12514942095489 -0.0420801079075273 -0.16280515678138 0.00433100873163773
-0.0724307437232331 -0.0891302844457621 -0.426580672986062 -0.1427986768635
-0.228012041875061 -0.00370484568777973 -0.489634919250099 0.092501761080892
-0.212636725554547 0.0320765003614873 -0.378035943449689 0.0285906858249239
-0.161210672149081 0.149691687112443 -0.344960161923721 0.151765748460889
-0.0637526749260201 0.18960794398646 -0.101556654430772 0.318373521467647
0.0123577088894629 0.180096799398553 0.163158309197015 0.108795233143237
0.052550352686773 0.1691823958858 0.149205747969145 -0.187136058505929
0.104419972863111 0.150953364640867 -0.0247170379475503 -0.390921003877109
0.100266447561494 0.16636732660147 -0.151489544615429 -0.463606247139071
0.109790738992313 0.174022093646319 -0.192838825475883 -0.521201275424528
0.0626303355667661 0.237637845426876 -0.105924977289132 -0.554514915022889
-0.0356306883142684 0.249766449010595 0.0499358366198495 -0.492437340963166
-0.136278424447011 0.261306930304513 0.156922903158839 -0.241476359099974
-0.267936020226233 0.156977974786434 0.0393380994280626 -0.0166484149205294
-0.336948239591128 -0.0245496775380993 -0.1258421675936 0.00761752319624471
-0.296486340303602 -0.0718242230207406 -0.336455315194023 -0.116833940130464
-0.393300445453516 0.0444954716904693 -0.398398131340556 0.0682701632102216
-0.345585851659938 0.1146672775488 -0.334782811643845 -0.0416279395297849
-0.233084388615509 0.245262032010183 -0.372515435276902 0.103086287516346
-0.122954871686397 0.266419354707531 -0.155637108194423 0.307785917797203
-0.049416284157909 0.283748640262872 0.130047711738731 0.150569067064374
0.0258476797771672 0.307993395938419 0.160728975715211 -0.112294636011525
0.122522486146129 0.310642983952639 0.0149164230297783 -0.302059991015329
0.136410218862327 0.339668100575678 -0.0909834557555788 -0.36199938438873
0.159345374557775 0.34462149692124 -0.149447955838245 -0.404737283040502
0.0942594804862941 0.434308853380515 -0.109475924435537 -0.446011590960705
-0.0737581526543346 0.44695890983351 -0.00850907541888957 -0.429730631602005
-0.242993500188269 0.422319012418937 0.119472704432044 -0.249013552437548
-0.395310152090291 0.251872003124894 0.0582296869937449 -0.0539805037662418
-0.485070807292616 0.0343773963829572 -0.03253106961156 -0.00422356574143741
-0.46821181924254 -0.0177647654388979 -0.177398753149549 -0.0864888846700309
-0.508106212682597 0.0733255037305643 -0.247306200230991 0.0448374860147483
-0.451315761470459 0.161874385884793 -0.267217557607623 -0.11092961261565
-0.309864357345193 0.297418393085546 -0.385171494538277 0.0704971464560773
-0.205785053131355 0.32429422836367 -0.194115761673687 0.299696595198313
-0.126542103722743 0.379602166989678 0.0884509028786391 0.193691815977383
-0.00805257869412089 0.42892222041858 0.149661998418411 -0.00916166097106058
0.12499630450991 0.437643958442342 0.0504407349027606 -0.156922729709713
0.153031284661558 0.460213674638884 -0.0156958460252182 -0.206283455627808
0.18502995548584 0.451944009884256 -0.0763493770800537 -0.238526859927306
0.115956490270427 0.545910441920897 -0.0797386551088781 -0.284844319620249
-0.0826440754281265 0.557091314332816 -0.0447375048844798 -0.309632674561287
-0.282025056841139 0.508759719219258 0.0749574176898141 -0.232847613729756
-0.421664265243393 0.317701572868704 0.0775114522909735 -0.109618869707433
-0.526543132953044 0.109472670054831 0.0894880365411825 -0.0478810203114575
-0.553871563817632 0.0578405667666503 0.0188773092385565 -0.0707311342826855
-0.541232519013758 0.0810265867207365 -0.0560566895411936 0.0376834312299157
-0.48268499327743 0.152118734629286 -0.165413624390122 -0.14861456170871
-0.363195172584085 0.269798414135574 -0.34982585643438 0.0492553467125884
-0.303265120264711 0.330507633263246 -0.214931726180063 0.274825902012979
-0.205558756144434 0.438951374352153 0.0263685392442639 0.244882508681558
-0.0411238151688533 0.504504311757736 0.117107255661519 0.127433862254389
0.117708509280086 0.506706405886814 0.0835020923920164 0.0325652914741831
0.148836393908021 0.5089217320276 0.063762122151864 -0.0196708016177082
0.17343887820841 0.486086704310591 0.00915897215599016 -0.0546723130203444
0.0999139425551038 0.556510373931544 -0.029620182496309 -0.106089527983372
-0.0978233437234516 0.548768871231921 -0.0619582492620803 -0.166176643642068
-0.270416480288142 0.467490494063468 0.0307537927520831 -0.205747756643297
-0.351023403019918 0.304814597193976 0.0958087968612964 -0.174572980330236
-0.457908852358873 0.1647320293322 0.209259806053447 -0.111478245207955
-0.550930420326278 0.135653108144324 0.217192275844127 -0.0742421061158853
-0.482978734124897 0.0778305073800202 0.142638297131475 0.0542934967492473
-0.423406756464724 0.102098094670923 -0.0293705346738588 -0.134250821495232
-0.357204193888199 0.17625958234543 -0.256638353113749 0.0287853301496632
-0.357320318143806 0.277304331817616 -0.220221358879114 0.225428335167381
-0.249167533821218 0.433049634569007 -0.0538705530552179 0.305063042372027
-0.0575050262738077 0.502337893025842 0.0744949487521119 0.287965963420884
0.0990840930607897 0.497638607767321 0.115432905376765 0.237266181232006
0.123549416008317 0.481020621860072 0.134779309357223 0.166989400281807
0.125964890267119 0.447084984446973 0.0810284156074049 0.121260936470263
0.0425803996813287 0.47412769506649 0.00927597502131562 0.0560471596123713
-0.125045878456106 0.424325704189781 -0.0788478920528125 -0.0427656754065375
-0.228005319102485 0.311677733891694 -0.00794179195534259 -0.192378031255823
-0.214984037161781 0.220463268501203 0.120649890089566 -0.236315087116482
-0.316630422018927 0.187030086683291 0.304512572231141 -0.162861169125522
-0.467089058424151 0.184246472328214 0.379441513097766 -0.0898642293684357
-0.343519752081614 0.0774059301578563 0.315678149378962 0.0864751696766878
-0.282883616557801 0.052171827086477 0.113801179907583 -0.0871115289670159
-0.271656684668958 0.0716838416312789 -0.141561032862092 0.00362151083440646
-0.318283824014415 0.181874357075462 -0.222136984058104 0.16864986894552
-0.225219488860859 0.344938945016173 -0.128437811768903 0.368242428807416
-0.0529654844203682 0.405453077828282 0.0397410429056498 0.441808406942125
0.0680286073918837 0.404752476983687 0.147542688934424 0.417077722079642
0.0778281461673705 0.380465908456145 0.186020118093794 0.325295509777205
0.0573377418033836 0.346136223286882 0.12123031242168 0.264872131716616
-0.0269591287940374 0.325774645945427 0.0125297548683824 0.174739595717488
-0.138673481879149 0.242943480287969 -0.108400551158228 0.0244603033484997
-0.150700508582377 0.121760283482483 -0.0273711714868102 -0.209307586592074
-0.0641474905246318 0.123350542491477 0.165446098838454 -0.277382710778508
-0.161490783221981 0.18156058158179 0.365541898923012 -0.174646336664305
-0.331674814343643 0.197815890159653 0.486638533831114 -0.105049202512329
-0.14948177893488 0.0812177362374768 0.433442136606317 0.112311309848963
-0.091035672257709 0.0278554848699063 0.220982660882262 -0.0468401667442597
-0.116119204569539 -0.00811698351734701 -0.056361153849968 -0.02120127996469
-0.184468495914335 0.0627480947733937 -0.222368737454921 0.135124263526544
-0.139455066356612 0.185595816081886 -0.165645224923925 0.425466971766301
-0.0348895414143102 0.226180142615058 0.0302280708847618 0.548030661925258
0.0239638332717946 0.239817095670887 0.174140569398521 0.535646713079957
0.0186179008903545 0.222545234722719 0.211399068089902 0.433764991688138
-0.011593091940439 0.201926936575305 0.125124252970625 0.359717029507766
-0.0744580480657989 0.15413487252619 -0.0168156055762834 0.233679903812753
-0.114069902179333 0.063712492321717 -0.138102983676819 0.0307004796332498
-0.0543604983056079 -0.0266535132270349 -0.0133283272192564 -0.24150269315754
0.0536521463026227 0.0496472850764929 0.227193814011868 -0.278619461365316
-0.0293214283874712 0.152321359819754 0.388704753526556 -0.141556420022188
-0.163211445026376 0.169626869484886 0.53266718795833 -0.114331397302923
-0.0539789125253753 -0.0643633884610877 -0.521905797045571 0.118134396643855
-0.0970263320714809 -0.0550584159011472 -0.418843606623727 0.0985741374837633
-0.102050871188253 0.0579176779985925 -0.314136833490448 0.224983850990573
-0.00774391451461972 0.116113876618919 -0.0254298493431918 0.332431564289042
0.0667808313567657 0.0685675079509559 0.194726793819756 0.0606225711329801
0.0655529836365671 0.0211019650054064 0.118047861881642 -0.239794805539491
0.0669488741739574 -0.0245153436369499 -0.0747570866017363 -0.418891524581211
0.0499082460550905 -0.0348248480333423 -0.196018177340523 -0.496175673697307
0.05241560867314 -0.0348345936311383 -0.211423993685413 -0.566586133468543
0.052826035523041 -0.00479044532768101 -0.0939765142355736 -0.591742772672761
0.0506193923476838 0.0239808603186033 0.093199830593799 -0.496603637781855
0.0403244439625085 0.0949750464077538 0.17770023730077 -0.223255942787943
-0.0751780686930412 0.0860695452003554 0.0399826156219233 -0.00271872383749483
-0.128443499505178 -0.040688317733685 -0.161673242797235 0.00560663807776792
-0.0755729778933416 -0.0903761429944311 -0.433072813250225 -0.135695309378991
-0.231314308214824 0.000277815983319591 -0.494362889329305 0.103612637646999
-0.216319886579493 0.0357505221214234 -0.383076069660886 0.033795328424481
-0.157455030477185 0.154385368024518 -0.34662663829002 0.158906851053607
-0.0605607915033587 0.193532049026783 -0.0938371826684982 0.326434676420822
0.0155272793660992 0.181395069549656 0.170361588914972 0.111173911813942
0.0573627958786101 0.170734592723616 0.150738268883009 -0.190770476828431
0.109013640694637 0.150473480826006 -0.0322507835716264 -0.392699678471025
0.104350888606029 0.165987334096408 -0.161365289919256 -0.466707585810329
0.113685844248346 0.173106607282821 -0.20218889484385 -0.523836287980698
0.0680077393505341 0.239305713010777 -0.117429745477664 -0.56124884376615
-0.032963911182385 0.254731159242939 0.0416950016137723 -0.500515915381277
-0.13298993044281 0.267411565647824 0.157753343385458 -0.249284422391868
-0.269957898558446 0.162589042833903 0.04672946449776 -0.0164465775120218
-0.342997080391559 -0.0212052745808058 -0.124051146563428 0.00892834618112218
-0.301109988098513 -0.069575752894578 -0.342576594525561 -0.112521701075621
-0.397711512157223 0.0521505172441776 -0.403454766632863 0.0769552275784054
-0.349773951716428 0.120216356220247 -0.340170159348589 -0.0395839645821742
-0.227384579724945 0.250857971826053 -0.375192845488631 0.108947539683963
-0.118079469179614 0.271840286232459 -0.148881237339238 0.317264821911222
-0.045582237412102 0.286975721216428 0.136898240717223 0.154080114539738
0.0324766311477102 0.310594269498861 0.163239746718031 -0.115688679553859
0.128935160921821 0.312538233628879 0.00991959148691582 -0.303323350442405
0.145026920463542 0.341107747424725 -0.0987218752061448 -0.365629118362773
0.166893277818035 0.345747888474606 -0.157792663437504 -0.404917892640894
0.102525815639806 0.437526905998032 -0.12088376547011 -0.450990683586239
-0.0669304449631353 0.454455645943228 -0.0164485418104958 -0.434745431831719
-0.239992808081014 0.43126112283102 0.118874136017472 -0.258546416796027
-0.398845251712851 0.259732085134237 0.0647235203588465 -0.055031307807904
-0.491478028980391 0.0425193107536495 -0.0300056966591713 -0.00524830366246943
-0.473222784207533 -0.0130146438918965 -0.180870427401911 -0.085668309089255
-0.511790030601211 0.0821803554844641 -0.250814492431961 0.0502782022101766
-0.455563751348994 0.170052220489816 -0.273540380931766 -0.111291595054517
-0.304445272399624 0.304169991469559 -0.389128221793419 0.0755295885042565
-0.202538136291515 0.33089407620003 -0.18858878025691 0.308953350480041
-0.121827959500429 0.384638877995352 0.0938506978135066 0.198190483707689
-0.000605545979743609 0.432678539850415 0.153249313746682 -0.0116173382076845
0.135168114133188 0.440264202692396 0.0497096180045445 -0.157377555651989
0.166098047881893 0.4625873676814 -0.0192250166445134 -0.209691904400775
0.193353479501046 0.456406513401897 -0.0811881273871884 -0.239113527406729
0.125402200437568 0.549054458776554 -0.0877303284268042 -0.288367021799271
-0.075426076220828 0.566049644616997 -0.0525426660850933 -0.312292685524112
-0.275954408217186 0.520295339393942 0.0717322958832435 -0.242743252713341
-0.423829974638255 0.325455722517379 0.0825720680242928 -0.112197041180509
-0.532440919576462 0.118441371372737 0.0925204917613968 -0.0511525435281356
-0.559004345196241 0.0661275571330992 0.0188522760978016 -0.0736562479976207
-0.545032117775566 0.089244887809301 -0.0572851209070354 0.0402330638978901
-0.488503471427911 0.160838781607129 -0.170393002576805 -0.150945114775282
-0.359619381199101 0.276133658061517 -0.354633072509582 0.0522620352333366
-0.30088862772225 0.33797938408632 -0.21193806936956 0.284133118632827
-0.203411833924418 0.446819420794624 0.0292122291330177 0.250005818237914
-0.0323006128289345 0.510334026896205 0.121971538631544 0.127968723208799
0.128100817069627 0.509810451528791 0.0870404054446214 0.0333389024406232
0.161154262995059 0.512455045813821 0.0642638632814539 -0.0226211319850759
0.181846436216818 0.489874467907032 0.00768950557690435 -0.0549905525486798
0.109555914560846 0.560924415157843 -0.0332844683852988 -0.108167716905936
-0.091562070730867 0.555863770410762 -0.0667390131775275 -0.165841373750181
-0.265753099248643 0.478060459474095 0.0262547388301404 -0.214426753313853
-0.350981714736904 0.310648535215743 0.0971855459982617 -0.179158224944135
-0.462142321617045 0.173665924768488 0.212308769519111 -0.117021834764214
-0.552051046473154 0.143760826810786 0.218827693017384 -0.0806009421639146
-0.486448251572724 0.0863751383056068 0.144109837287837 0.0541279999923569
-0.428044645213951 0.108999334191576 -0.0326898152224112 -0.13901213480223
-0.355828212349017 0.180612622760495 -0.260475118474659 0.0296705547537456
-0.357644731796316 0.285223451212482 -0.219832603044444 0.233894313555234
-0.247519728003914 0.442745128047365 -0.0523029327150282 0.310610270684825
-0.0497180305754787 0.508951360254447 0.0805884380319115 0.290759078247389
0.110677091175942 0.500791936851756 0.123822524183179 0.238958534884432
0.135252919948392 0.485985970525163 0.138877520743807 0.163894715697256
0.133650813870939 0.451215179477073 0.083875780860185 0.120407228496024
0.0510404286208732 0.478317919626739 0.00818313395913339 0.0557036172223137
-0.121154631730081 0.433372459221222 -0.0818890008605883 -0.0417266396591613
-0.224795169821729 0.319335013430715 -0.0137951605058945 -0.199781820366507
-0.213078458408306 0.223599161842153 0.118857033099161 -0.242693236964125
-0.317507690262871 0.193362941969914 0.307119909117838 -0.170302386242143
-0.467328473949296 0.194407881946995 0.383142767815478 -0.0998297344365539
-0.344159703654566 0.084694027681818 0.318902586687064 0.0835832146540134
-0.286817352192028 0.0561839571441758 0.112963547223455 -0.0924556568480737
-0.273226378144573 0.0736403656349302 -0.144360593982413 0.00250600868422141
-0.320829676541494 0.186916458414667 -0.224271795342781 0.174556950494578
-0.223039366098712 0.352927980868445 -0.126742907653209 0.374926042840035
-0.0457674724886807 0.40981900365009 0.0471564589562623 0.445269018343719
0.0769734782319149 0.407124053749485 0.159736476146465 0.419636736554103
0.087016927750554 0.383539783167906 0.194424111179892 0.323570645105302
0.062617959332125 0.349541385297305 0.126112107591293 0.264588259006253
-0.0229773051090371 0.328626868467497 0.0143885649789036 0.175227551871871
-0.137768181768003 0.247469099503668 -0.110820901894981 0.0269968272378027
-0.149586665706222 0.123665398149015 -0.0353812890019894 -0.215292935987331
-0.0603975859148283 0.123072932938933 0.161904788136437 -0.285073908957577
-0.159974867333722 0.185731139132241 0.367393979076388 -0.182208928598254
-0.330085928867352 0.205521999076066 0.49187908408348 -0.1184653171775
-0.148569288460606 0.0849003365734828 0.436890073704857 0.106308941135327
-0.0917925101198632 0.0302700375909298 0.222268300214531 -0.0527641580501479
-0.11848287574546 -0.00832041222649998 -0.0596980273564692 -0.0232625391273802
-0.187056826614231 0.0639706586278878 -0.226452965784434 0.140076312297786
-0.138688270145646 0.19043628260051 -0.163689818231104 0.432244216319441
-0.0319364039798007 0.228539891171974 0.0391472820295999 0.556007028258212
0.0287380129774939 0.240842198720223 0.188489163962303 0.536355313312605
0.0236029569525217 0.224911523091652 0.221799305962362 0.432328897619581
-0.00872426449510151 0.20495872114584 0.130933993426145 0.35912239957351
-0.0734811900023683 0.15623476880658 -0.0147382616259455 0.234856324675789
-0.115384537336493 0.0656724338455108 -0.140661944422299 0.0315347739140171
-0.0548105843278916 -0.0279918301677393 -0.0213958343706833 -0.248187418938509
0.0584153115929759 0.0472314574744475 0.22266343941718 -0.288434314924167
-0.0263990841878618 0.155227923125817 0.392766013967225 -0.14899736762008
-0.160857181022199 0.173789723720975 0.537250669865039 -0.12765242759839
-0.0586446154255996 -0.0632109244345656 -0.533311510029203 0.142779492415269
-0.102959054537186 -0.0521928068740805 -0.427802198961676 0.11784593999947
-0.101281063053966 0.0648361011345397 -0.313832005673782 0.246129201506665
-0.00275962604493446 0.121139812632617 -0.00941355110613698 0.34466020591106
0.0725177692669731 0.0679884569255929 0.207939814434448 0.0576195336755438
0.0690607325509257 0.0193129160310293 0.114595235028818 -0.25003352840347
0.0674247017982508 -0.027767653773779 -0.0922684443373233 -0.424516970501611
0.0481763770478326 -0.0387928549874121 -0.221161107541692 -0.499495143033624
0.0522248109788146 -0.039490226075147 -0.240720506271363 -0.572932136172964
0.0547931784325613 -0.00673870656638805 -0.12038808646606 -0.606744689956024
0.0528407388838112 0.0244523363693073 0.07642264391408 -0.517913917283643
0.0453217243805745 0.0968099121910965 0.176930814722687 -0.238455470026932
-0.0754938164406135 0.0922184127024516 0.0477664987032185 -0.00441184705689315
-0.135429899306428 -0.037033030680154 -0.163572849540184 0.0102670328759974
-0.0820354635103542 -0.0912512804130023 -0.450664076483496 -0.120285479473986
-0.23754538664168 0.0101179283060344 -0.505662812951371 0.126578157986072
-0.222284429627799 0.0458321119059725 -0.393925915011092 0.0499931537325877
-0.153077358742725 0.164850855405199 -0.35041080255326 0.178367772692357
-0.0536339235803337 0.203152258869304 -0.0799505677446291 0.342005022228537
0.02394267190849 0.186086328018553 0.183811139494273 0.111325727342397
0.0671226597720664 0.173352875410155 0.150522655903844 -0.201479877995194
0.117827210280436 0.150653306393747 -0.0484787607125156 -0.400117909921382
0.11455183262755 0.165705056652899 -0.184488724249736 -0.472962404708765
0.12306016137853 0.173383966444686 -0.229920520915686 -0.529182209909861
0.0805171678508569 0.243386121662179 -0.1453012733641 -0.574420864802889
-0.0244233417570845 0.265178011451153 0.0226510980758514 -0.517138029681213
-0.125761970477794 0.280609115312238 0.155347971660365 -0.26582432317168
-0.27387339055279 0.177134603053966 0.0549702620184463 -0.0195134914936687
-0.355905003666329 -0.00932546865344446 -0.124534549311103 0.0128457708527695
-0.312751149283442 -0.0618366354407608 -0.35657778285467 -0.101485289568158
-0.406751285515175 0.0707932667622352 -0.412568421289621 0.0962871914251991
-0.357261521246107 0.138443768327525 -0.35270151913456 -0.0291330210458577
-0.219397775735845 0.265749823014615 -0.382269559535502 0.127297836734505
-0.109922043763135 0.285241932929227 -0.136613541000877 0.335149241618369
-0.0355519716800651 0.296704599956018 0.15035424339462 0.156300334368286
0.0467904843092853 0.31829046007505 0.165981047530143 -0.124790660800283
0.145970561735273 0.315190388358492 -0.00106459521190133 -0.309961669506889
0.164711830181335 0.344562171383697 -0.115841167341414 -0.37187645056865
0.184149165462462 0.349517176278489 -0.177953523737466 -0.410050919345827
0.124666510245965 0.444538733016678 -0.144934836452307 -0.460617467408829
-0.0529340493733343 0.471741745259987 -0.0353147994951833 -0.447669929416552
-0.228380843600101 0.455530127678071 0.112874613621487 -0.275402373894875
-0.402115255062182 0.284046881053107 0.0718396698887461 -0.0607546569895303
-0.50783828597606 0.059890690617558 -0.0278675315517727 -0.00471115854418895
-0.486777382158983 0.00338934852325493 -0.189740892922292 -0.0809303027051795
-0.523551426156973 0.105401713374047 -0.257351663893371 0.0634981847082126
-0.465656550706987 0.193623382832973 -0.28750257109239 -0.107023126677201
-0.298374314472031 0.321407983598961 -0.398792643587673 0.0919026524363356
-0.194676950384544 0.348503769752625 -0.17864490820809 0.328458326777658
-0.110774038667135 0.400073010953671 0.106493806414059 0.202978636945991
0.0188320051598938 0.444772462780686 0.159424563307173 -0.0176388995833146
0.158229912041065 0.446991596962201 0.0467051949281854 -0.162107991164352
0.19183856607237 0.470159324765123 -0.0293344487937846 -0.216083910009504
0.216949754109631 0.463374803314085 -0.0931752824955239 -0.242545040892222
0.152868679176645 0.560502110189625 -0.103874091368114 -0.294937308567145
-0.0562251425303679 0.588148522662993 -0.0672859673794508 -0.319144114158595
-0.262755542986954 0.547292728997022 0.0638020507188263 -0.257673280314625
-0.425747887738591 0.350879562759543 0.0859940400001326 -0.121113457847665
-0.545519041098811 0.141417406857603 0.095970795047431 -0.0569907868262195
-0.571580196992154 0.0882166375993521 0.0170007222133444 -0.0776373155683378
-0.555488391215943 0.114901078034633 -0.0581064323769078 0.0453344188625061
-0.49869368061508 0.184306318533189 -0.183252998738682 -0.152948470931128
-0.356044396217937 0.293664089795308 -0.365499969278831 0.0653368790279644
-0.296815621013114 0.360330160258871 -0.205574346298084 0.303504331555571
-0.194821838330488 0.469204182391816 0.0402598521252808 0.258210685657275
-0.0124425247228939 0.525944707822956 0.132139052602922 0.126841812070834
0.15359908669781 0.517897564204634 0.0944425909241144 0.031844796689271
0.190312633609246 0.520943328136072 0.0641513371355878 -0.0279024385615275
0.205597575615008 0.49835343324171 0.00610231352675448 -0.0566378941784872
0.136931351242734 0.573050950759647 -0.0414523216226716 -0.111444422967146
-0.0726884378602732 0.578398746248944 -0.0770746383146046 -0.167519362328322
-0.252884962434366 0.502354580859774 0.0149791301078721 -0.227089244620112
-0.34811172884222 0.332065794842335 0.0965403918143139 -0.190280603083972
-0.46987229101038 0.196943070897312 0.216732237477638 -0.129279247503082
-0.561309152607901 0.167629913080878 0.222654337813229 -0.0938121199712922
-0.495360346578449 0.108177419394752 0.149069130354062 0.0515275970246078
-0.439367643580822 0.128496926062818 -0.040469523461502 -0.145160455029328
-0.357634387502956 0.195363328992402 -0.269945579473364 0.0374982492943874
-0.359356212346282 0.306537087980937 -0.216618897645669 0.250622095344789
-0.239698632123656 0.466228647589886 -0.0432351910475274 0.323102420542862
-0.03109658492758 0.523696436244848 0.0954694727763423 0.296815507579802
0.133158354001222 0.509863060566043 0.140947807047069 0.241386882867814
0.161298759795651 0.494602454056785 0.148363655267149 0.160568231303239
0.15553591539687 0.46167493284272 0.0900665554410237 0.120531246463398
0.0715404871540841 0.489015282797724 0.00885197698870012 0.0556495820778706
-0.109431823515053 0.450762709715629 -0.0871969105034794 -0.0392377729226207
-0.21777463119771 0.336450519310989 -0.0266729988252478 -0.209831267245943
-0.209107034193348 0.235882900369031 0.113461426087085 -0.256521579805373
-0.320159979543872 0.211221463530496 0.311456633885284 -0.187580133439525
-0.471339296516634 0.217746252950061 0.391352065549976 -0.120767361753078
-0.349405270119916 0.100700212985247 0.330528528475527 0.074649304001423
-0.294341113698763 0.0696248758252272 0.111874070412675 -0.102460928295798
-0.27844737042377 0.0831246618042693 -0.152293362570578 0.00462056972238503
-0.324915464514981 0.203287568329017 -0.226195166710075 0.189188558847477
-0.218405220859189 0.374244476848531 -0.119178523856314 0.392464753621511
-0.0315381469254657 0.423136229479009 0.0674792237515318 0.45892388550404
0.0969514779074632 0.413587549178645 0.18500627881718 0.423779533601416
0.106784215331229 0.391000261158454 0.211672430051609 0.32306869975078
0.0781305790040442 0.358568399006753 0.138916382589294 0.265859681053125
-0.0115017506301341 0.338807946466077 0.0197523177220921 0.178914702770361
-0.132489017990327 0.260157907707815 -0.114788201534614 0.0312957082162189
-0.148982698987616 0.13167941156453 -0.0499504794706456 -0.22400033075298
-0.0545924303936227 0.125925624909874 0.153602395690557 -0.303009630259814
-0.156975701341908 0.198096692324124 0.372302064844302 -0.202098932851355
-0.329731532787922 0.223578137098669 0.501708102077398 -0.143920510198635
-0.148139405553498 0.0942961958302924 0.451929157802571 0.0930511873163608
-0.0935666965872571 0.0351977119267337 0.225663871231086 -0.0645469725920259
-0.123330866878261 -0.00507911286925079 -0.0653170993693053 -0.0235358107457156
-0.192756937479726 0.0724756613855942 -0.23144683134332 0.153638320851427
-0.136282520661124 0.203198949014774 -0.15457769668307 0.453255753701563
-0.0246778519724767 0.235533084563413 0.0639499532475362 0.571743394472235
0.0400863681497435 0.244737318319905 0.219022254557479 0.541848723278522
0.0348556705421309 0.230593245750966 0.2436767028888 0.43440606540657
-0.00115251848053607 0.211903940263814 0.146887146379971 0.36210102040181
-0.0700337997271836 0.163701105336193 -0.00712021758781755 0.240475468827822
-0.116711242803003 0.0713976376586992 -0.145703501083144 0.0371135058298656
-0.0572342078371156 -0.0292944020301379 -0.0368742702279845 -0.25814179520049
0.0647783220279747 0.0439642916254132 0.214871920665078 -0.308103105230183
-0.0201143025243178 0.161439457173948 0.396524052905027 -0.167799391896284
-0.156158992391182 0.184660376989494 0.549689442159668 -0.155292578405842
-0.0646376516264666 -0.0595028495988204 -0.535927611500215 0.184566755043124
-0.110909152418178 -0.0455173778104673 -0.430565610319618 0.15220632937389
-0.0979236497776464 0.0737616624874868 -0.304050385671404 0.275368048158471
0.00679068611801836 0.125635684555944 0.0190433501595739 0.355581445434013
0.0794713042334294 0.0643529910895898 0.222267298632296 0.0456976051037058
0.073448427705839 0.0153563929141969 0.102214019735906 -0.263982601984799
0.06684754926957 -0.0327528241614143 -0.12392799076773 -0.426492183433426
0.045330733765203 -0.0437483643311828 -0.259577406845314 -0.495288854399486
0.0497693954847885 -0.0458292502025418 -0.287545077995163 -0.569703084227506
0.0562065438072341 -0.0108399012485381 -0.168494080883567 -0.615123792230399
0.0567286013141387 0.023114481950326 0.0409265121756927 -0.536996254086555
0.0535734660228815 0.0963674093223941 0.167378833824547 -0.257804728629369
-0.0722002894631237 0.0996186617949358 0.0548734265507193 -0.00902024139006423
-0.143281964078753 -0.0288338507574952 -0.164132218765371 0.0205910943595825
-0.0924254890275463 -0.0884346654735129 -0.469110261296218 -0.0896839123095749
-0.242293336715804 0.028081095279737 -0.509408814350126 0.166018722493798
-0.225746959287136 0.0635723598119934 -0.401155124239994 0.0782938395881941
-0.141984046708591 0.17883500833168 -0.347402500714209 0.207851132849645
-0.0389538998657465 0.212942703253486 -0.0541298717192488 0.356952978262239
0.0383052110814395 0.189120614570754 0.201335141415441 0.103143323593934
0.0826176315658661 0.172528112260044 0.142335834546336 -0.216705925129134
0.130961853274771 0.145707116802787 -0.077420434657075 -0.403765413757721
0.128623866261965 0.161422086549469 -0.222511418735902 -0.469963518336273
0.1372221802905 0.16790545290018 -0.272043641853884 -0.523903359258173
0.100459550196211 0.243177830106579 -0.191204801286498 -0.580078776305235
-0.00571887265434781 0.275985478668955 -0.0144403987889182 -0.533872231356059
-0.108810348201015 0.297522657427131 0.142375833412013 -0.286644399563157
-0.269198714529703 0.20138877583654 0.0621624691450871 -0.0254326840275622
-0.366788844354285 0.0154481355653343 -0.124114556643536 0.0201363144035238
-0.325514937272191 -0.04195467075951 -0.371212311964059 -0.0783747983555654
-0.409419792403043 0.101449486987413 -0.416576797200699 0.129094733391043
-0.357287881088169 0.168520931600166 -0.365132849125985 -0.00657895845831553
-0.201808086753204 0.285073045333101 -0.383677635875516 0.155872241691803
-0.0905987209808225 0.301022847850607 -0.112603856583292 0.354689092197173
-0.0158471541226331 0.306170107428181 0.169100444293005 0.151274360022887
0.0724108395097198 0.321917596675912 0.163575155018848 -0.13979177472131
0.172413250108592 0.312459250147701 -0.0218636987031261 -0.315610060249271
0.194462997463358 0.341052847435686 -0.145517358440804 -0.372166342718641
0.213203835405613 0.345128185155737 -0.21166161410549 -0.405575972935688
0.159664161187809 0.447745764992015 -0.183242761008751 -0.463208092035188
-0.0197252031039225 0.489479269956559 -0.0696500349246203 -0.456762336507501
-0.202413950382138 0.485192981173908 0.0970929659734608 -0.295181194564774
-0.394355780156702 0.318580614993836 0.0762052943298643 -0.0699056690629888
-0.518467858733384 0.0970067190752009 -0.0262265911021685 -0.00402881156765843
-0.499197380191235 0.0369679435484966 -0.199081470656748 -0.0697314520448559
-0.527276266496999 0.14570431876041 -0.259531458606368 0.084712809118286
-0.465973907996457 0.230834551923721 -0.304116196063102 -0.0915456646244821
-0.278538453115215 0.347456428340963 -0.404630735736838 0.121619015227094
-0.173061262483997 0.371405787619313 -0.156782113898114 0.351131740095502
-0.0863896519700394 0.419858840070362 0.125674544533846 0.202398299381079
0.0515070693625432 0.454101926886355 0.164301257379745 -0.0292326219919725
0.194577303262006 0.444853873953449 0.0383215776527333 -0.167879159726378
0.231750497212869 0.466742556197961 -0.0460894447960289 -0.219261169337776
0.254713136130112 0.459409956984553 -0.111890507062745 -0.241404407080682
0.197659423083626 0.563554490038638 -0.130885316565345 -0.296086634832758
-0.0154826122012349 0.609991588531008 -0.0934150869372634 -0.323256054082106
-0.228113042508097 0.581101772048775 0.0446907427627925 -0.27452776548409
-0.411196046724804 0.389864392166965 0.085387796682001 -0.13310535694382
-0.552001999161906 0.182901783666467 0.097401052691508 -0.0660483830842603
-0.578121760458724 0.129805176574347 0.0120789805712139 -0.0821635313500151
-0.559594315320575 0.157894195366678 -0.0565520046084984 0.0522776009852222
-0.500829801455971 0.225777619773101 -0.201076391890033 -0.146633120245122
-0.340964148018052 0.322197550151423 -0.372299696339521 0.0910032297728031
-0.278880132763358 0.389969290894755 -0.187169106057403 0.327379565667581
-0.166580507962922 0.496820159588129 0.0603292406987226 0.263632869464781
0.0249462602142767 0.538077804226524 0.145920023839644 0.121503061333317
0.194297950021791 0.517201546248096 0.10197020611073 0.026144478117108
0.235008175524776 0.518902276054523 0.0623916408735391 -0.0340185122149811
0.246827959944323 0.498615026109815 0.00268641103083176 -0.0584193490038852
0.180943904351326 0.575873992834127 -0.0536996627241151 -0.11184892658073
-0.033727103370234 0.600160139984098 -0.0926988973772054 -0.166388977921709
-0.223801460077694 0.533911134214796 -0.00435355942642686 -0.239126951578196
-0.334228617716592 0.363707764733167 0.0888947099598217 -0.204998425810687
-0.468971497587129 0.23357720472482 0.214903602371251 -0.14904818612284
-0.561971199680235 0.210908949015061 0.221911653205456 -0.114157775101145
-0.497429530926398 0.14615330583067 0.155990474720009 0.0442786489451488
-0.443556499839084 0.164012091225996 -0.0538961356478809 -0.148786513492027
-0.351602317184302 0.221436141379646 -0.277250314290955 0.055927270176157
-0.34716446458131 0.337710801814737 -0.203997761855029 0.272857370502995
-0.215050951778671 0.496349003680252 -0.0228299202479782 0.33581094229851
0.00583920407923006 0.538149343787811 0.119141112704157 0.298385689176413
0.173742561451167 0.510286405159335 0.166070881999181 0.235488202798976
0.20494085956924 0.492944770200224 0.162337572142579 0.152608524460959
0.191699899871469 0.462719028741661 0.100585100670595 0.116869697564643
0.106771680722572 0.49525785563752 0.0104920046682485 0.0557468834886504
-0.0791224729778544 0.471244996210055 -0.0940929025275067 -0.0337105758831582
-0.198293025530138 0.358743110171762 -0.0475057903379311 -0.216531962927723
-0.196585574527879 0.253919547833961 0.0986792353020738 -0.27377119892774
-0.313213873857218 0.238607276475447 0.307279356768992 -0.214736230038458
-0.465233776952137 0.254335404811337 0.392417084788827 -0.154518441983337
-0.349510840014829 0.128305820460182 0.342740131150742 0.054775441797601
-0.296799302790064 0.0930493345484056 0.105060188369982 -0.116393042600103
-0.279264399756928 0.101506449820059 -0.158429530621787 0.0136103934522758
-0.32142437598595 0.230735377572895 -0.219595444636076 0.21015107685466
-0.198591539267228 0.401069071325119 -0.0970876690466188 0.411069137019245
-0.00298127162130214 0.43434409324772 0.102079116257463 0.467152076971795
0.129038968523858 0.413261573920918 0.224075437464562 0.418942898307034
0.140714129620675 0.39200444413939 0.237850405670139 0.31357346944814
0.106396044937531 0.363194566013819 0.161025240125848 0.261788526181499
0.0117322015151902 0.346909990296495 0.0310889036174284 0.180370812975288
-0.118207033284559 0.276816668441373 -0.11749806716215 0.0403722318297055
-0.142928280606377 0.143502930918284 -0.0724236561128001 -0.228855497398148
-0.0447860084197847 0.129125778285641 0.133816802420667 -0.322681502743805
-0.14569510019532 0.214137640226017 0.368415813604124 -0.232565903204238
-0.319282613840833 0.252221906912154 0.504018390385486 -0.187310510686081
-0.142707421447026 0.10762773588008 0.466718310704859 0.0643398537122851
-0.0923016712164853 0.0434473142053335 0.225035564837914 -0.0842232027871535
-0.12759396990288 0.00290160530642383 -0.0720022715209352 -0.0215278753117253
-0.194242062529657 0.0865335445550353 -0.229246469213338 0.17430871949848
-0.125740453306588 0.21900079898358 -0.128708064128512 0.474546757916189
-0.0089878775792989 0.242562214342396 0.107383746116368 0.582546523905756
0.0581901180200174 0.245340998416354 0.264641286061863 0.535937557871211
0.0537756313823345 0.232538816568542 0.279720012982911 0.423808201190434
0.0147359711002849 0.218030661384143 0.174478854225946 0.359233911984158
-0.0615381358501026 0.172503779830476 0.00833411679256543 0.245790040100111
-0.114800445196205 0.0804606938061148 -0.148544149521624 0.0469350528719977
-0.0604637925717381 -0.028254568131704 -0.0612908246353536 -0.26444662273513
0.07227085410921 0.037499491913372 0.194178509455832 -0.332368002515319
-0.00798937658664125 0.167291516855162 0.395679368301384 -0.20019547024177
-0.145149667071852 0.199769611046384 0.552897842551738 -0.201925903146774
-0.0276973783783543 -0.0771773733619228 -0.575759242111159 -0.053100511017454
-0.0777674315635946 -0.0864955368998594 -0.457549473403962 -0.0341177801237398
-0.114527182054562 0.0270255694854684 -0.389926187039801 0.126811569891427
-0.0416944068506304 0.115870147747473 -0.122663432036931 0.336453226932762
0.0450534762552769 0.0886409857768097 0.192341052224825 0.133122772137528
0.0599373841691877 0.0441595535969738 0.206434326363769 -0.197913422476432
0.0728977113340213 -0.00537802654519976 0.0655574232721892 -0.437498974940667
0.0567114720126423 -0.0235442689391435 -0.0354214457354008 -0.553706058297192
0.0588118224251751 -0.0240661803938936 -0.0321464453170166 -0.632894135993685
0.0526659213685192 0.0098857715913647 0.0942540520585035 -0.625201354039193
0.0411156922117733 0.0426166963714908 0.257065740429745 -0.471504535770375
0.0102585595089198 0.104749294034377 0.262192121253072 -0.160264332198784
-0.109009572139075 0.0605857785597079 0.0569250939708765 0.0159977097629142
-0.123424875582685 -0.0859673054079661 -0.154765706090004 -0.0566023797241208
-0.0504930675775084 -0.118176903596741 -0.384527833638967 -0.291067055833254
-0.228093695049412 -0.0703915582671548 -0.541373994758225 -0.0538162845483054
-0.23022544603662 -0.03253489428316 -0.394255411218949 -0.0931816042693464
-0.19711328916477 0.106215112745144 -0.39682677070922 0.0449596524692943
-0.11747445458206 0.176381780279973 -0.188474496129259 0.309528465565834
-0.044438538473092 0.184921542586578 0.154422372686235 0.179634018439168
0.00379668272151863 0.191245239165002 0.227820223039166 -0.139693719163973
0.0592229050190008 0.185197397150023 0.101058865947877 -0.398320643367827
0.049449400595695 0.202627778929932 -0.00964277550842688 -0.514072636258613
0.0513531826722582 0.208478200747451 -0.037032686897192 -0.585749544531534
-0.00790178717096923 0.261176204067993 0.0561836713921198 -0.601715540648984
-0.120015319355314 0.251228023204814 0.197970975501699 -0.487872344494283
-0.21989252621153 0.221248068575671 0.242660978705246 -0.198952382181566
-0.33150990993773 0.0695126985142576 0.067112816085671 -0.000488041383713135
-0.345549651232909 -0.13813284664837 -0.115923824275521 -0.0446419276013983
-0.28190059114154 -0.172390913140308 -0.300686006219754 -0.240777879977206
-0.414711220592455 -0.0741744204802064 -0.437841048291582 -0.0448281503868803
-0.397631468101397 0.0108120131536904 -0.322016882470247 -0.157831033792586
-0.296054204304909 0.178995695979145 -0.405320258758018 -0.0187026066940308
-0.198549925816728 0.235260791652948 -0.238937236589451 0.284105882602326
-0.14157805954966 0.269113519613767 0.110177763123874 0.214662119513878
-0.0667000628962105 0.322745635324927 0.218720809131573 -0.0617420520278963
0.029920001968351 0.355778619716987 0.11778606825476 -0.29576426078359
0.0367986091021956 0.396397853873662 0.0218993111825363 -0.395332138242812
0.0498476953074692 0.402142502436529 -0.0299955003486822 -0.452105262785749
-0.0356093649381295 0.472334688454389 0.0119887697212836 -0.491509071149849
-0.219335418272349 0.443853560754957 0.109356467722002 -0.438945363183802
-0.379888476398644 0.35320150316036 0.197576168071545 -0.22604508418489
-0.493411415461117 0.123944931049176 0.0955912661860941 -0.0376537125730903
-0.514486053530605 -0.125212313389991 -0.0161194280587434 -0.029123768401573
-0.470049297031246 -0.172192113753203 -0.145609923686192 -0.159737013095939
-0.541652614034075 -0.0836284026707077 -0.27231855898366 -0.0160749470490542
-0.524067054795018 0.0245698336035801 -0.226996283380955 -0.21146090309017
-0.392156250295361 0.204270660433438 -0.406571109338451 -0.0588632055744178
-0.303340937828456 0.266114623688104 -0.275860354759174 0.266007735300899
-0.253096227895578 0.34314588204131 0.053636779708756 0.246738418330612
-0.139588172247219 0.436260089281973 0.176332748856802 0.0393226391924897
-0.00493193645234802 0.48766654781119 0.112889746709352 -0.136603025335424
0.0205625235060206 0.530092490568632 0.0509869431002172 -0.21596153573109
0.0442133170494875 0.525866379940512 -0.00616603796791889 -0.263512222316453
-0.0448868949985343 0.594451046294452 -0.00865532432816288 -0.317270517244496
-0.263088958713688 0.556669281944516 0.0283407990951225 -0.324182787903713
-0.443543805469576 0.43085534053268 0.137055845500053 -0.22827663954326
-0.539815115009832 0.17975697983908 0.127572613032765 -0.0932128009032039
-0.578636972453517 -0.0602807438366115 0.1225621840272 -0.0340127273770609
-0.581950463142922 -0.120256453187829 0.0538574397666006 -0.0782465410990891
-0.578278918068694 -0.0884036487347405 -0.0704579537460636 0.0409420092209757
-0.555666456592873 0.00352078306005883 -0.107962548890808 -0.219224643768987
-0.440580568274591 0.15393379255368 -0.365192600123798 -0.0712935340614945
-0.408243402559711 0.236916139536397 -0.294455850239345 0.234676117381587
-0.359280569776307 0.380363752071956 -0.0311186525433834 0.279530061770993
-0.198972050762465 0.50093034642557 0.0984563028115549 0.169295682796973
-0.0319987045421229 0.555594088536189 0.0918752786190623 0.0660994724251515
0.00331512582843871 0.580869780389531 0.0745470634135347 -0.00417832306368381
0.0227828598696628 0.558047910737279 0.023133937831766 -0.0517632881273334
-0.0651337619028444 0.600783330259377 -0.012511217516455 -0.119434825361303
-0.275914319180721 0.541968507207385 -0.034828654756565 -0.182090288129678
-0.421258058797488 0.389663442530676 0.0776201267568263 -0.217554158889036
-0.456920246831335 0.18774075751605 0.160383454162302 -0.156493005374822
-0.522124240313595 0.0182757083857365 0.264230332732335 -0.0570067083016644
-0.599077785539561 -0.0379746155478902 0.259226527876446 -0.0151545103124398
-0.518590702441674 -0.0752359287409508 0.129204529002652 0.12181656039646
-0.478606882625165 -0.0299653987726397 0.0253683588539585 -0.160333344142024
-0.411263669144883 0.0572979774824787 -0.265707465680083 -0.062268935317494
-0.45149483333896 0.162707789218836 -0.290784433030596 0.178658627398644
-0.40215315280276 0.362761866066108 -0.139068086602918 0.312352926278442
-0.215120545490808 0.493766608666542 -0.000563372851025672 0.321322546330294
-0.0471605539478185 0.540016556674722 0.0625837535260855 0.282353469654805
-0.0135164778333187 0.542660299764317 0.0889261424620856 0.205304184168357
-0.0116958312021033 0.502720329021169 0.042235688602187 0.146704790300206
-0.099226023019986 0.497234457802182 -0.0205320757179844 0.0569909834396416
-0.266099992533808 0.40396905662732 -0.0878678596104295 -0.0650320790997808
-0.327887740727092 0.241527275180582 0.0328313880560784 -0.21855850960986
-0.282462371365887 0.143865711269553 0.199933134249888 -0.21280633796528
-0.37922334340602 0.0867957911389367 0.375460443515255 -0.0742965456051091
-0.529375514618477 0.0415770026683343 0.432383295840031 0.0246947752796246
-0.37578471434923 -0.0310653206898702 0.296276931305639 0.20586076305717
-0.315166230779605 -0.0354895888180621 0.153493853210642 -0.0641611582916006
-0.297851615769185 -0.022903574905996 -0.144209040570076 -0.0511803583782377
-0.384193206790234 0.0766940381492939 -0.283159103951118 0.11215592843964
-0.344897098995994 0.282349004802923 -0.243436655522074 0.348733113648339
-0.179574769618062 0.39546091803322 -0.0906215512425663 0.467891391862156
-0.0484516096006484 0.435401691290712 0.0369980262068947 0.472660745712815
-0.0318994086562407 0.423125303398449 0.0913239280933216 0.380501035052241
-0.0477194477191868 0.377536710281041 0.0379306182469493 0.301691824609676
-0.128594164223236 0.323577775330672 -0.0503434677886914 0.175886787959899
-0.221761021804513 0.208045000235996 -0.134075391658258 -0.0120679096240663
-0.190051314712196 0.0675147039202567 0.0198833842076485 -0.243130615222303
-0.0899659336243637 0.0933842479877593 0.255021821794692 -0.241524338387647
-0.21478326211092 0.133293291551027 0.437940662958262 -0.0596797730831556
-0.393658804065309 0.0993778908788134 0.546757965240952 0.0468688819282049
-0.177918718734068 0.0345556260762887 0.405162399193414 0.260923454492767
-0.1059435968406 0.00172350677931981 0.244661864071375 0.0134997244280358
-0.118191374067599 -0.0499899795469714 -0.0561919262984852 -0.0492585028083861
-0.210507282532673 -0.00132491181109962 -0.282880542140797 0.0698257587888774
-0.199595780239895 0.147341440451014 -0.308113121841388 0.389207356246644
-0.104594585558686 0.217373114142183 -0.141129282191289 0.576573802863921
-0.0437234830896837 0.252809896379973 0.0227968838494042 0.598154463453293
-0.0446983107880417 0.238654078133131 0.0827178209966447 0.497271218181428
-0.0712084860581425 0.206645270878779 0.0119556328973785 0.39634805345833
-0.125057685397107 0.135071057598333 -0.0948408871180536 0.223393090177431
-0.139115335480456 0.027414424013155 -0.160170983791775 -0.0214114453699101
-0.0453451135543012 -0.0552911948491377 0.0507946475428094 -0.272011903938985
0.0567956944636975 0.0593299137433256 0.316193431274854 -0.222426010316009
-0.0693174497881358 0.148673001617357 0.447465208935965 -0.0128852411137634
-0.213950771915016 0.122651586097965 0.597086617579488 0.0574123974399927
-0.033182278782386 -0.0727493442589233 -0.567499153632619 -0.0070908433979409
-0.0848965589650107 -0.078928044969633 -0.44948989286499 0.0024665437003908
-0.110237078927627 0.0357226711890428 -0.370967115240709 0.156411433772173
-0.0305727110227505 0.117898713654035 -0.0914641829614768 0.341588692539187
0.0514958561692049 0.0832246144173089 0.202861764158764 0.116086779655499
0.062735738654599 0.0387006018352656 0.188913625347266 -0.209520736424981
0.0710181502331313 -0.0114197088668042 0.0287023043466143 -0.430981562551893
0.052673627917438 -0.0278171809317072 -0.077391125554874 -0.537663201613998
0.0541359246997478 -0.0299601368422539 -0.081786509140138 -0.615091386085526
0.0528741616596317 0.00553858066612082 0.0403647713264065 -0.622163232785936
0.0438708678396852 0.0400255559214553 0.214397810364341 -0.483875338397565
0.0191028781081322 0.101875557894464 0.247177661576123 -0.178382965248828
-0.103656734868631 0.0685775081488635 0.063036968077204 0.0109624347223805
-0.129986746669214 -0.0751183614463466 -0.152746862357612 -0.0442060900642359
-0.0599172582602858 -0.112088193883469 -0.396638909979752 -0.252075785401616
-0.227478805285462 -0.0499171475297486 -0.534295780907281 -0.00917120474928211
-0.230015508130824 -0.0133187440735746 -0.393281451790798 -0.0604407540297725
-0.182868689226509 0.118299277472195 -0.385208328486053 0.0756534909789875
-0.0990498430575959 0.183897769107059 -0.157413116386086 0.319792105797782
-0.0280829163355994 0.184524115874583 0.169196276814223 0.165266464437284
0.020346524843613 0.186412827478778 0.213751532036288 -0.154286558316711
0.0734972534340452 0.176191015705555 0.066861010959238 -0.395386277231644
0.065354909719586 0.193134045924387 -0.0501396903999584 -0.500992637907975
0.0654895065767703 0.198740305526341 -0.0818020525680447 -0.568332625342923
0.0133699494736594 0.255731749719181 0.0015039959234616 -0.595040343344582
-0.0966769990271144 0.258240874286328 0.153184601342754 -0.494026133909265
-0.197528200636448 0.234947352649232 0.223768457417977 -0.21579804791314
-0.320794086568798 0.0950116955956704 0.0727342336450831 -0.00659895441801608
-0.351486359956683 -0.108914437360214 -0.114382933846045 -0.0350915928049471
-0.290050967220209 -0.14702189804573 -0.310803072184635 -0.211016770803118
-0.409086076793014 -0.0372719363167116 -0.432306235192555 -0.00771408942652427
-0.38855524068827 0.0423125988428033 -0.328935651232601 -0.130502345880234
-0.272102281667478 0.196497226589977 -0.398810887698328 0.0132345879267106
-0.173278609414921 0.24727984655025 -0.208448554944796 0.298802211856795
-0.1165699976938 0.275945127063439 0.127422691296138 0.203018051775647
-0.0376329147136813 0.320461557099513 0.211227184212019 -0.0769816729339723
0.0586676029228955 0.344837653395953 0.0927566376654084 -0.296649809565662
0.068828012553304 0.38582313767963 -0.0099789676657727 -0.387173065677515
0.0804068543834155 0.390356240358881 -0.0646338511346578 -0.440686279735583
0.00417407312653737 0.465004133178358 -0.0296728271132125 -0.483368027670271
-0.17888191194449 0.455201088036225 0.0694437932797812 -0.439921301555512
-0.343597427134503 0.376922264533206 0.175752179555262 -0.239960098594041
-0.473752695506588 0.160547881011581 0.0971530210880689 -0.046571639264331
-0.516439332009478 -0.0824460285966282 -0.0155083021119861 -0.0276956977931207
-0.474431460919985 -0.131980821251893 -0.15330167580067 -0.14492760483777
-0.535027222959744 -0.0386615044039468 -0.267881688673141 0.00733836958857227
-0.513331290635798 0.0662508448336723 -0.240599607914319 -0.192042056866042
-0.364188130676597 0.228184794858008 -0.403573060867411 -0.0265989337749526
-0.273113886335195 0.285352767796001 -0.246388581125419 0.283874412175398
-0.221397472425266 0.356317083332064 0.0733534474227657 0.238933966351281
-0.100342616713299 0.436804211673675 0.177726549232222 0.0248336255117122
0.0359541425832522 0.474382163372402 0.101843866263143 -0.141712984828932
0.0652609497042329 0.515814444145213 0.0324576641234214 -0.215131262187994
0.0837642123897973 0.51176846167891 -0.0259930592097237 -0.257150634072633
0.00337767495104796 0.58535386204282 -0.0370750638068446 -0.310813835920272
-0.213571497942493 0.569882259375945 -0.000550038364358975 -0.320754248884192
-0.400429039964828 0.457770237432046 0.114854511077625 -0.238070115527544
-0.514262081000375 0.219938905633914 0.122668307982728 -0.103595503487234
-0.572621916591843 -0.0160402902317525 0.119671461552249 -0.0428384689246454
-0.579403021500929 -0.0719934633643724 0.0479669385618448 -0.0823561025618551
-0.570414234303252 -0.0395225599835634 -0.0658831523568635 0.0478194707941302
-0.546338052328006 0.0486634295695509 -0.124867378203542 -0.209510083353832
-0.415814576147931 0.183265133481021 -0.365394467447682 -0.0429302164751523
-0.378337081594417 0.264923139385504 -0.267467760803409 0.254555130984271
-0.321843351986103 0.403564669709725 -0.00803122910017484 0.277166078984923
-0.153990849053755 0.505931171614354 0.110704638408982 0.159002308795248
0.0119935299972347 0.544268728696468 0.0983461844030241 0.0570880582811847
0.0525769871153458 0.567164641638758 0.0721654899396235 -0.0106967014444299
0.067277718509771 0.54488603537141 0.019599325462781 -0.052332094472642
-0.0149103888027854 0.591900470621526 -0.024596026101151 -0.116519777677822
-0.225237122864 0.556058553326672 -0.0506791594895023 -0.175958217086465
-0.37893722922945 0.415150775782301 0.0547078732606922 -0.223820424139968
-0.43082571093584 0.218261239248619 0.147736531970336 -0.168188925496265
-0.511336292926835 0.0573447165013602 0.256765884307936 -0.0767467092552394
-0.588041879029305 0.00905590320506065 0.254150931272852 -0.0376191068012729
-0.510197762616265 -0.0309086611798301 0.136528061456172 0.110752671362649
-0.470678090570707 0.0107993897990847 0.0108428763667434 -0.162348558131429
-0.395239007559852 0.0855682520352763 -0.267317991792196 -0.0424057398180471
-0.429432152860924 0.195032593434044 -0.269762791799198 0.198616883324316
-0.366071573771935 0.389468629852301 -0.113087991892024 0.317383236723743
-0.171013348693288 0.499588435686957 0.0257974473681811 0.315529628300216
-0.00248284334021991 0.529758773964394 0.0879439763385265 0.269959778246903
0.0329268441993273 0.530313985288634 0.102740037598852 0.192297277558881
0.030378620454569 0.494643110750906 0.0535802475226255 0.139522042610449
-0.058085622326 0.492979722784825 -0.0177867423775042 0.0563081897978089
-0.227884356200983 0.418502135846776 -0.0932417356312719 -0.0566952915501953
-0.300994800324793 0.262511569601774 0.00977077451258798 -0.221077811216609
-0.263605383563034 0.160245196704527 0.179073400950341 -0.226595642518217
-0.363262033341025 0.114686866044013 0.363976841077695 -0.101811634282232
-0.513361523458115 0.0829272485927141 0.425240455235182 -0.0133997753134373
-0.367687670523955 -0.0013329699139695 0.305832374994535 0.179331707822559
-0.310580647356378 -0.00954819061125055 0.14316260360339 -0.0775899585780294
-0.291619034458239 -0.00111025847499977 -0.147885187299941 -0.0415491645616751
-0.37196966381295 0.104693310351508 -0.269441647456352 0.132023165074983
-0.315284551052976 0.30558171031984 -0.213148004970244 0.360875580751263
-0.144029352216515 0.400230976283859 -0.0504952256952152 0.467214425011703
-0.0123758636359069 0.427421040527207 0.0769917550913798 0.456494583407786
0.00629594801870263 0.414793937808753 0.118825334711285 0.363067671173515
-0.0156749817405087 0.373183289132074 0.0617066753712842 0.291090886190327
-0.100965123504275 0.326874241004739 -0.036001768030776 0.175196341527138
-0.200453739510851 0.221286078905504 -0.134056412038628 -0.00145806566672601
-0.180060864806387 0.0789396977976211 -0.00501150767256443 -0.2437049828332
-0.077877807992535 0.09532182190669 0.228413552191221 -0.258239884642698
-0.197892343070771 0.148426457818424 0.42463411957136 -0.0924862614790126
-0.375517464804305 0.127728431436605 0.540398419757865 -0.00249969249945583
-0.169754396539993 0.0480238969011796 0.415279737693332 0.222886683775599
-0.102143981451752 0.0101522565802983 0.238572279215302 -0.00876136392660212
-0.119113323157336 -0.039876812290252 -0.061931730743342 -0.046223622326583
-0.20855329521207 0.0146450893510612 -0.274486999950891 0.0903484434480943
-0.184290187932333 0.16156693563439 -0.273204913389785 0.406205443633799
-0.084868296087077 0.219961557214912 -0.0911126824812353 0.57729975755635
-0.0229620707686447 0.248306725894273 0.0723224944818012 0.579822730623002
-0.0231386378969855 0.23593783373003 0.1187323623527 0.478063650748367
-0.051957537055771 0.208310565248245 0.0412717494238238 0.384660622317756
-0.112764941565894 0.141781287624937 -0.075948239875009 0.225463621126638
-0.134159262578412 0.0370714851096909 -0.160279992898376 -0.00949879794179528
-0.0485987985469872 -0.052743163427232 0.0236977273912426 -0.273214027102183
0.063259189782805 0.0507801267086813 0.28807156461768 -0.243820043799825
-0.0540943446252277 0.151807805326564 0.437932926243198 -0.0475150036702757
-0.197773959399801 0.137004532546665 0.587329487796836 0.00430923133982815
-0.0367055087667172 -0.0676750720658322 -0.551227960949794 0.0305547762729256
-0.0894430101361834 -0.0711513469577578 -0.436793557336629 0.0314675215108812
-0.105393371473084 0.0412885970534477 -0.350162260715474 0.17505897044074
-0.0208005578903191 0.117827016414096 -0.0639355603203595 0.338932953585016
0.0556509987187035 0.0771979870522629 0.207839723075841 0.10040534228132
0.0642436520364218 0.034354546648798 0.171558466993633 -0.214427993806664
0.0684302381443397 -0.015356696253253 0.00137956849023865 -0.416308646190247
0.0475831878691878 -0.0310255785718298 -0.108415241017687 -0.516996710419647
0.048684323297903 -0.0341369529747087 -0.118672465583501 -0.593471856822566
0.0522991566867989 0.00149976253007643 -0.00343387614304458 -0.606441436318673
0.0456453958370243 0.0374218527491785 0.176720034828889 -0.485012070041723
0.0252498172902985 0.0982746109544535 0.230803428782323 -0.190238495752295
-0.0972890933450056 0.0736215370505987 0.066712073984001 0.00591531701787376
-0.133645764795985 -0.0646426446530505 -0.148131159728452 -0.0342983520431265
-0.0670004283819516 -0.104741943735466 -0.397593360704961 -0.218302253557978
-0.22203178074946 -0.0325901445069365 -0.519433115911168 0.0272566886276899
-0.225533212280522 0.00240524129990856 -0.386591836977275 -0.0344232949599005
-0.168666497517686 0.125143737707892 -0.369152801680046 0.0965104625714233
-0.0820607559439887 0.185757987720724 -0.129245992419931 0.321201506022558
-0.0144972271162026 0.181149473126393 0.177135136701227 0.150478283043236
0.0326296241055819 0.179213428472741 0.199256651731163 -0.16295232466775
0.0829909428907144 0.165274789867523 0.04026207997401 -0.385658309430009
0.0758194472628901 0.182489593249684 -0.0793672432112806 -0.482527707955505
0.0756100847092631 0.187860575439243 -0.114543139136786 -0.547336065087205
0.0298774463006015 0.246861788061908 -0.0394117504050223 -0.577195254060435
-0.0762886069181479 0.25859408314637 0.114958208908116 -0.49104748319809
-0.175740361957675 0.24142084956627 0.205163898532182 -0.225530586193151
-0.30648865877155 0.11329813461798 0.0763492162176752 -0.0125801060997244
-0.350590965034334 -0.0848367364015701 -0.110957151832989 -0.0281569406362989
-0.292265575017162 -0.125183777599819 -0.312710158570797 -0.183924836073534
-0.396204849629936 -0.00917873739665712 -0.42032899553002 0.0205808977188442
-0.37725089400663 0.0671983850568228 -0.328778769778097 -0.10628678078321
-0.248984214627037 0.206219959185674 -0.386828942569606 0.0362859229259111
-0.149065173906453 0.252072106678632 -0.180546420316526 0.30420203568816
-0.0945233645376477 0.275983334397278 0.138292100517116 0.189230748849591
-0.0148683492388456 0.312381446902497 0.201596880872594 -0.0876080868192961
0.0793053626276957 0.328961813540872 0.071398913176208 -0.292294064692433
0.0933615479080895 0.367636697594026 -0.0337253910403579 -0.37470706549896
0.102297612710665 0.373737341969935 -0.0902062687376198 -0.423117137519206
0.0352002613574343 0.449933241045127 -0.0639175925024868 -0.467336914715533
-0.142458980705388 0.455942813491348 0.0373319635810108 -0.432200251332926
-0.308900040210973 0.389272474500342 0.154917306940793 -0.246931803356278
-0.450656377012162 0.185926389928216 0.0967782071003756 -0.0542093556665741
-0.508026106455512 -0.0493965046438756 -0.0147106232116357 -0.0265568637244174
-0.469145133339484 -0.0996325849956669 -0.156398340556855 -0.131477362155579
-0.516737674256564 -0.00281694103364754 -0.258907420766564 0.0254018347208432
-0.496925905194978 0.0982406647847811 -0.247464311255354 -0.171806962321024
-0.335674047690062 0.240314345770996 -0.395633571215411 -0.00296153778677534
-0.244812296235549 0.294049344396251 -0.21798576318785 0.293316935769597
-0.191609622165815 0.36227535305446 0.087188622700627 0.227662947575315
-0.0691828519443578 0.42884089131518 0.175136967686974 0.0136104712787873
0.0658818492862778 0.456336044920491 0.0919863525246996 -0.143682584754923
0.0986972259021337 0.494076218390519 0.0174031825706866 -0.21122019605087
0.113472958647173 0.491389785127631 -0.0405586409723026 -0.248587635211643
0.0413848185045253 0.566931380487488 -0.0595989590606787 -0.299546603284563
-0.167936613105613 0.569099219863309 -0.0235346011994264 -0.311578427117377
-0.358252256580414 0.469747240992233 0.0945228961076419 -0.241895247780624
-0.48515952116773 0.24585308495823 0.117094100358586 -0.111853292944195
-0.56019829150899 0.0201020290144823 0.116054489238969 -0.0491311934170429
-0.565895153257441 -0.0344206297131388 0.0426223132108201 -0.0846817143328893
-0.552188916118422 -0.00347935918870456 -0.0599340075943582 0.0520307901371316
-0.529686321448563 0.0839512394079615 -0.136471539010363 -0.196812524318574
-0.38995706189814 0.200479101547178 -0.35918282081969 -0.020506038123321
-0.350604378161251 0.281138274363482 -0.241849856483432 0.265019292364763
-0.286916298006831 0.414681332892732 0.00940821970522291 0.270307852908604
-0.116220620562217 0.499668553728266 0.119364757318179 0.148592172964162
0.048592487933081 0.523400951903809 0.102711913424639 0.0480661799013617
0.0906874683039967 0.544016093647891 0.068720902319106 -0.0157301542417121
0.102008373453378 0.524520364096242 0.0161302063984902 -0.053474820740093
0.0243414863717226 0.5746115801764 -0.0346948152647699 -0.111596841873613
-0.18188495117587 0.55441026898557 -0.0636571882143801 -0.167013958619185
-0.340318265692412 0.42851569603212 0.0349943839051 -0.223789606218665
-0.40364089197631 0.2381105081759 0.13475799173607 -0.175563960136621
-0.492926898069826 0.0877114193642662 0.246155898285406 -0.0904215764743065
-0.568998086044224 0.0461899133730761 0.245005992517299 -0.0553579513508216
-0.493346174211252 0.00264687072157006 0.140566958214868 0.100126380709626
-0.456876963706879 0.0410853951590788 -0.00184656216516569 -0.160300239345179
-0.375994897740686 0.104373598276049 -0.264784581548669 -0.0265319113541036
-0.405801966415748 0.216351766732268 -0.248184213286684 0.210237480384398
-0.331012203982279 0.402635882010733 -0.0903931201536482 0.315636962630559
-0.135297873351232 0.493352560325811 0.046751940347273 0.306012654726894
0.0325792207179641 0.51097055509219 0.105873883311764 0.254011331533213
0.0687121606201969 0.509996242060074 0.111108103582007 0.178382604053128
0.062469996873309 0.479212414131447 0.0609622860204332 0.130362239335277
-0.0251895269152605 0.482561813191587 -0.0149413371003996 0.0557223946759063
-0.192815197178034 0.422128746979868 -0.0963233755657175 -0.0489978934641092
-0.274943934095091 0.271714805238393 -0.0102758754074079 -0.217982745559947
-0.244236588498933 0.170118466619586 0.160127875957381 -0.233119044141755
-0.346037675607204 0.133707398741475 0.348024533000174 -0.121591368484733
-0.490630403075384 0.113015258882503 0.412362976176833 -0.0434691057095955
-0.354119340670135 0.0223108208644975 0.308242421411578 0.155490524181649
-0.301821797519888 0.011014897598942 0.131871975608669 -0.0873366704698714
-0.281157837628382 0.0145577502135736 -0.14938670358611 -0.0335274520212718
-0.356849890661614 0.124557739180152 -0.25415377842887 0.144613541412047
-0.287080421411333 0.319786798819386 -0.185783578432542 0.365082998930811
-0.114528978602649 0.396922116479952 -0.0179234999044609 0.458522249179371
0.0146954161088642 0.412849625643922 0.107435287782238 0.435796411528804
0.0352919382644731 0.399572558326849 0.137019460458872 0.343251311351857
0.0109106698882078 0.36422266644889 0.0780364753297325 0.276604439144159
-0.0775343315024075 0.323480952528168 -0.0241073581704614 0.171310324513654
-0.179914988870369 0.227871170378822 -0.132614836456356 0.00729053716147524
-0.169316149680727 0.0864135920913612 -0.0258031260944288 -0.239262791327894
-0.0668246734700837 0.0945429148574007 0.203378552411274 -0.266355071190525
-0.181850582357881 0.156309058965648 0.407518017192061 -0.115852149824509
-0.356249020341303 0.148350873138249 0.52528887422963 -0.0402035886318092
-0.160129847016187 0.0573535217058223 0.416766854933851 0.190348571818494
-0.0975008558372466 0.0163454423782718 0.229098686167992 -0.0258215436505144
-0.117202121247646 -0.0318906375581004 -0.0664614544020103 -0.0431139326369372
-0.204069834724213 0.0271256866949536 -0.262854751646654 0.104823823532267
-0.168019674564227 0.169863793977887 -0.240492996336028 0.411351338355981
-0.0685670807654037 0.218565094948327 -0.0484387593184757 0.568279985333687
-0.00673533141343835 0.240312977777441 0.108457830900784 0.553908484765759
-0.00608442940732595 0.228434806299789 0.14271622844967 0.454986554068852
-0.0352854672176834 0.205126110494325 0.0633635155956724 0.36822964304623
-0.10105213709718 0.14441308849315 -0.0595640482880517 0.221778776966453
-0.128351747511264 0.0435766418612177 -0.157557689884377 0.000780083849998572
-0.0503593853186915 -0.05075256165065 -0.000143896359642637 -0.269716893678386
0.0673191372370716 0.0423910199974277 0.260726686331391 -0.255573217038853
-0.0413773683920645 0.151340263711219 0.421509869772759 -0.0727727659948281
-0.181327267409395 0.145619463704657 0.570050940989676 -0.0365937158075929
-0.0388594491611346 -0.063783756105243 -0.537723305833715 0.0599102046409784
-0.0932683687449833 -0.0645447649298216 -0.423000118970982 0.0537488834238178
-0.101319950743171 0.0463967215812435 -0.332729751635126 0.190022563744423
-0.0123765144471175 0.116935766561843 -0.0422890520489471 0.336254989679454
0.0587544534953268 0.0721852836576988 0.21061400144336 0.0868608116069162
0.0656974147501968 0.030433199605874 0.156810202669142 -0.217759479952187
0.0657160567882669 -0.0188004446109824 -0.0203366349048915 -0.404281668211438
0.0430661958402667 -0.0330096052734814 -0.13245368610187 -0.49706822574376
0.0433416071724051 -0.0363085291514235 -0.146345532216874 -0.571548879572798
0.0516750843660257 -0.00202223260099063 -0.0376983152808404 -0.591802598402193
0.0473933619526423 0.0349080061426127 0.145303618824974 -0.482700913784422
0.0303191490931015 0.095167294367212 0.217363651772318 -0.199137103918363
-0.0917346942357508 0.0779752977802685 0.0702662032908143 0.00093295354435743
-0.135747873816575 -0.0560027884327945 -0.144355298746487 -0.0273361412901669
-0.0726943060169081 -0.0985966561317714 -0.39883418337973 -0.18964613460756
-0.217030374744566 -0.0197086790813565 -0.504467242894153 0.0542953230941177
-0.221403698607734 0.0150336513050165 -0.379025314417861 -0.0124881366443295
-0.157206334867281 0.130409967142127 -0.35651719344685 0.112484002921133
-0.0668858592518304 0.186213237697257 -0.107653141539497 0.321280004515325
-0.00300992364638918 0.177903869951727 0.182802608356532 0.137371846966174
0.0427719750057473 0.173080543621269 0.186447533303383 -0.168098802545856
0.0902246392511346 0.156007140190299 0.0197459848875129 -0.37595734756543
0.0835834582975011 0.17310365413849 -0.100287538097335 -0.465129490656374
0.0821232807154181 0.179150459754574 -0.14112161701606 -0.526828962138871
0.0426767517258159 0.238718951640408 -0.0721093312093485 -0.561643908427468
-0.0588889344147496 0.257943628092898 0.084822546382264 -0.486672420244156
-0.158602524266643 0.245186850618996 0.18917421407315 -0.232878826669522
-0.293528916638459 0.127336729288604 0.0789980338877604 -0.0189629974907364
-0.349670707396467 -0.064095430703075 -0.107444444178045 -0.0223690256771098
-0.292869022937795 -0.106447783409054 -0.313216176194139 -0.162691773290155
-0.384035524849622 0.0110801542192156 -0.408550415484973 0.0436135990396123
-0.365028164238621 0.0861152502656902 -0.327297683846471 -0.0873953374902375
-0.230360776835107 0.211841713046504 -0.37784558638296 0.0540752508908811
-0.128586134159673 0.253373561882573 -0.157752510346241 0.307253526175799
-0.0761746408547955 0.275394181322583 0.146294847214796 0.177979271106915
0.00311433694813973 0.304677120171133 0.192871910267776 -0.0956778509502938
0.0952418922177642 0.314734002750609 0.0555639847085589 -0.28776054250392
0.111354892898201 0.351431884566116 -0.0531230913853653 -0.364035608279407
0.119483984644037 0.359265299404557 -0.109415788528377 -0.409506570890894
0.059027790079101 0.436347524181562 -0.0912601130547214 -0.452126689581156
-0.112634620440815 0.454577447974305 0.0109560421928557 -0.423260858398113
-0.281250267636265 0.396969423377976 0.137263480800941 -0.251661190718917
-0.431127019917228 0.205757940949736 0.0960645962020636 -0.0612714108458435
-0.50085672612138 -0.0232992838635844 -0.0136222843516425 -0.0250315460249202
-0.464179480191534 -0.0715664300509077 -0.158361385373494 -0.121785518242883
-0.50215078456725 0.0239835822969525 -0.251368422143056 0.0404865596822863
-0.480554650861632 0.123250702620212 -0.251972576220316 -0.154958816305239
-0.312647565660462 0.24939246476968 -0.388740206013525 0.0170113260353316
-0.220264107621012 0.299588131065577 -0.195979318846763 0.297644069104772
-0.165515903575777 0.364523000117254 0.097039278140252 0.218594474117494
-0.0439774226313835 0.419307042777628 0.172775378615704 0.00482463602012628
0.0878074732023541 0.438585050020831 0.0841170267575677 -0.144727143171469
0.124920488803667 0.47392917370568 0.00542905750961131 -0.206511731745241
0.138179633770913 0.473457483362522 -0.0531848317489577 -0.241222062334062
0.0723327293369519 0.549857684222423 -0.0776760585447828 -0.288299635123855
-0.131346325750573 0.564592424862427 -0.0425274060529416 -0.302514700829744
-0.324096690333666 0.477290727592888 0.0761535918659084 -0.243363773914229
-0.461315105503299 0.264100332547211 0.11158149828559 -0.119132958416533
-0.5478106472218 0.0470045883744821 0.112754814420835 -0.0537956414587335
-0.553428420069638 -0.00362548945412821 0.0376354472815913 -0.0868174566278762
-0.536052513690577 0.0244830291296163 -0.0549915696743975 0.0557050880501171
-0.513010673077139 0.109656101958621 -0.145719645120092 -0.186690742143948
-0.368029232841811 0.211357594517731 -0.35430266187181 -0.00305098330901714
-0.324689580511939 0.293045483351693 -0.219903352296794 0.271570331320729
-0.256352369050382 0.422025437311031 0.0227218918113266 0.264235490477372
-0.0877749173298822 0.491770636829948 0.125128488101029 0.139806189904362
0.0741393510086742 0.506097754881251 0.105365764233531 0.0407242371976127
0.119723932787438 0.52145915915754 0.0652257580006623 -0.0189245683485343
0.130033504411872 0.506825162919769 0.0131022941497902 -0.0538229190217169
0.0535829534664561 0.559234695895628 -0.0420996590150491 -0.106661631590387
-0.144744312046135 0.552411101926779 -0.0737586655025565 -0.158358918501218
-0.308989497440474 0.435650526696308 0.0176136873044253 -0.222613940768394
-0.381055327929807 0.254057626369217 0.123867047872112 -0.181841488428242
-0.478559438444266 0.110464218022017 0.238058702661824 -0.100649823246208
-0.552531418542853 0.0748308247333458 0.235730625604831 -0.0697340299432295
-0.478575056980414 0.0265026831766435 0.143339693035203 0.0915750664988965
-0.44445047547666 0.0653562358476008 -0.0133040268193026 -0.1590177111265
-0.360650013867023 0.117439892857822 -0.263518990449935 -0.0137993217814531
-0.383527285169237 0.231991930565395 -0.231667815465227 0.217982515947624
-0.300258830932297 0.413641450551423 -0.0740248905465555 0.314621471714122
-0.105262648270874 0.487043706504605 0.0631553978122169 0.297565172654844
0.0572264498519643 0.493899871115591 0.119917449472885 0.239879437545356
0.0965668173972177 0.489787962349117 0.116145847916078 0.168250249929095
0.0892813977244914 0.463716567609027 0.0662088817243343 0.122447177972247
0.000175477541380085 0.471078826821781 -0.0131066860228199 0.0545676521993008
-0.164729441744848 0.422720017515246 -0.098579183440943 -0.0413599454112457
-0.254239022488565 0.278631298778992 -0.0265767190291299 -0.213957753924988
-0.227513019080897 0.176503439357959 0.143224057554245 -0.238115333026931
-0.330646208161371 0.147927509413407 0.334702714518946 -0.136739948063973
-0.471789816204269 0.137810267312104 0.400077227157694 -0.0675621166954488
-0.342315463669868 0.0395933543719968 0.308885567015445 0.136125461117865
-0.293801354883792 0.026560607920757 0.120972798059699 -0.0945470172052983
-0.272789644879275 0.0264119692006885 -0.150216473124701 -0.0264521337126283
-0.342142476770292 0.140307700373103 -0.241518434384057 0.153801999672378
-0.262575824936245 0.328716948457555 -0.163982999478506 0.366336178274887
-0.0909500902207056 0.391201513543507 0.0102598087335519 0.449669107995396
0.0367146994929308 0.39920472122728 0.130854839221686 0.416279282790314
0.0555796459176757 0.384326709525453 0.150856997817766 0.326561264336881
0.0321149104956396 0.354208599547836 0.0903816879834217 0.264216561765353
-0.0593151892818894 0.319598439536746 -0.0153591922100374 0.167145334078574
-0.163049619777162 0.231415230904544 -0.130692760543474 0.0155716284471398
-0.16042411826972 0.0915089346094232 -0.0432659762043391 -0.233438737894231
-0.0583501154094239 0.0923743756687544 0.181863111689747 -0.270614327298156
-0.167503172681534 0.162304683735695 0.393236044761872 -0.133578411511617
-0.336402693589134 0.165163091747872 0.506465499630018 -0.0706568376910817
-0.152219060922057 0.0634437136032091 0.414045376811965 0.164285616852943
-0.0934954814391752 0.021121392143548 0.218967437774738 -0.0397298737542109
-0.114866254730322 -0.0261012485836788 -0.0701648292723768 -0.0392976119380291
-0.199092091009694 0.0377329027950169 -0.253514461770262 0.115781328180982
-0.153658174972171 0.175164502889209 -0.215350307405025 0.415019671140719
-0.0562462462617862 0.215662278995821 -0.0146595615729471 0.557014920401587
0.00580650802816084 0.233792245909004 0.137224779538791 0.532547029348571
0.00640844452068488 0.221796775464977 0.162072002260365 0.434175250702027
-0.0221451989644534 0.201440356361149 0.0794922957527806 0.354657836785462
-0.0907585145543482 0.146547961723673 -0.0465436425510852 0.217623746868186
-0.122932629958444 0.0483560858779024 -0.155958279550896 0.0085267793859271
-0.0520768052130264 -0.0489077087512741 -0.0193051119330533 -0.264943407005362
0.0701289157698225 0.0346098743215947 0.237492874956275 -0.262706895070399
-0.0308540706238902 0.150566814670329 0.408991041439237 -0.0916016460597822
-0.168034990014553 0.151723290454252 0.551910742150443 -0.0685714826084798
-0.0409484877221291 -0.0603379910638603 -0.525499146963189 0.0885398206835031
-0.0969726650166242 -0.0574860406847642 -0.412257134702888 0.0741088917055867
-0.097299164901155 0.0516042606451743 -0.319790727760235 0.205789408115233
-0.00453803791607095 0.115576479346756 -0.0211867840483494 0.334155140992156
0.0614943708189554 0.0676661562067564 0.213202909054565 0.0750326437751548
0.0671213457344106 0.0263878081820013 0.142722369195541 -0.220950278296246
0.0639351386916893 -0.0215338665209493 -0.0411843508871572 -0.394024916089693
0.038845855235259 -0.0342678783581007 -0.154881833678297 -0.480629786490797
0.038087333318434 -0.0382998818559153 -0.175410210790553 -0.553413071825253
0.0510854919003288 -0.00573647416253334 -0.071474622723749 -0.579246996670954
0.0494675323831618 0.0323115403413008 0.114949702160927 -0.484120022362103
0.0354276244282938 0.0917872188530609 0.204513056938354 -0.207283704065886
-0.0873886251267827 0.082194421063509 0.0731262686475449 -0.00475964635829497
-0.138945270820212 -0.0472737509610405 -0.141394180132494 -0.0207144994666849
-0.0775902655350199 -0.0915205906228132 -0.398984712495692 -0.164803843362688
-0.212516168836104 -0.00812143244706427 -0.494379956467276 0.0815683604306347
-0.218023955390666 0.0276820528093109 -0.374789220165044 0.00632231022098678
-0.146858982294119 0.135496833316792 -0.346542828032451 0.12938829844503
-0.0532199775846697 0.186082436336197 -0.0863263480135548 0.322887909354554
0.00715400262312067 0.1751250066879 0.188212227859461 0.126446690580496
0.0518640670507184 0.166777999335378 0.17431433086843 -0.173394521525654
0.0968366203751145 0.147639520282638 -0.000752931070788934 -0.369457766351815
0.0906943591601 0.164358492921389 -0.123084036071015 -0.451736523930967
0.0886643798731734 0.171068332079198 -0.167439157754191 -0.509143885375729
0.0553421206238039 0.231188707406501 -0.105201105115634 -0.547096887972782
-0.0429429906546213 0.256849900204101 0.055565280099082 -0.482134393495588
-0.141523492700287 0.250370443617785 0.173743239290131 -0.239749010838802
-0.28225335622019 0.141434493352123 0.0808402110700023 -0.0252746510368954
-0.350067335176842 -0.0436916125225626 -0.104628968805452 -0.0170006175227322
-0.292999359975494 -0.0886583182984234 -0.314258682738736 -0.144348794138058
-0.374154289892563 0.0298579430786432 -0.399991864368328 0.0661553011188681
-0.356825442560834 0.105978543106254 -0.326296995086654 -0.067997611719058
-0.214012920859398 0.21862710431162 -0.371842122054366 0.0724891403483779
-0.109970992001371 0.254735109006065 -0.136832055852084 0.310837007456937
-0.0578432838656082 0.27521420433534 0.153144547950047 0.168145488421666
0.0197538391042099 0.297468381827459 0.184911227371688 -0.103193446488321
0.110148457342161 0.301628479538695 0.0400164122840718 -0.284439182418466
0.128995349919792 0.336777489620536 -0.0710664516246358 -0.353737823717388
0.135696409753542 0.346248690124442 -0.130859210858021 -0.396498401239828
0.0816424875687067 0.425433445003603 -0.117608002259764 -0.437223090145047
-0.0849804005698926 0.452451630477467 -0.0140154122711009 -0.416998781563612
-0.253302969631425 0.405757024558956 0.120213236610776 -0.256422578632016
-0.411798753349499 0.226169004604193 0.0945752763534795 -0.0685803268720051
-0.497848058131391 0.00461188689137161 -0.0123020445098104 -0.02391490665199
-0.458184281725904 -0.0476114384982406 -0.161358486788855 -0.112607711142793
-0.488618679625077 0.048968783252821 -0.244412516488646 0.0544827411160797
-0.46745281848822 0.148473840968825 -0.256903953293267 -0.140217816954751
-0.2924546394241 0.25921473318152 -0.384338199690405 0.0362296641980317
-0.197086087775597 0.305073593095733 -0.175706735539638 0.303093200425264
-0.140974460619854 0.369153086936201 0.106499293785769 0.211316097382092
-0.0214219777486903 0.413494973051872 0.170519977149809 -0.00298986834332652
0.109536672429211 0.424330542734861 0.0763687927155485 -0.146743954462653
0.147769645409518 0.455317341620149 -0.00565369166006224 -0.20247173394255
0.161810513394346 0.457073804430875 -0.0659015552525795 -0.234898277931793
0.101507427289556 0.536773148838357 -0.0952213061772567 -0.277518191960049
-0.0954210676723851 0.563954098348933 -0.0612875346564715 -0.293447010377144
-0.290583553724852 0.490304530445813 0.0584307280303399 -0.24568762397321
-0.4385331081614 0.284634833703207 0.105217578279879 -0.126278837692433
-0.537535365666101 0.0764371514784991 0.110094827728295 -0.0592072552730865
-0.543497671759739 0.0258030325041654 0.03218979781988 -0.0895053466974779
-0.522774563284665 0.0512493911508509 -0.0494428855763617 0.0588102551370663
-0.500348632928835 0.137047653361528 -0.155164783367683 -0.176681728523497
-0.349040301042708 0.223288852136591 -0.351816843957413 0.0146637476329832
-0.302023699790111 0.302677224716943 -0.201400090728389 0.27921216704775
-0.225574052926021 0.429027771989245 0.0349478414252428 0.26009312381305
-0.0601330244640432 0.485791374854143 0.131672178605018 0.13195888898846
0.099297939253664 0.489007674898156 0.108247962415616 0.0326057045432572
0.147606119333365 0.503252349680831 0.0622629502268894 -0.0220995624557532
0.156070325274564 0.491764759549274 0.00909345159680912 -0.0554106246121185
0.0841288453678682 0.545865751931604 -0.0493835295689541 -0.101465287680249
-0.110795355404331 0.550427391611994 -0.0834057433006587 -0.150082587805634
-0.280279720089768 0.443548323902681 0.00112515099363244 -0.220167558473594
-0.359647720304604 0.266598595257329 0.112172995279005 -0.188117873870889
-0.465522114641358 0.133003468610109 0.230472477947307 -0.11151507887712
-0.537993437874852 0.104846734334212 0.226861647680192 -0.0842531592198314
-0.467056502599204 0.0504024585483698 0.146536068042974 0.0833997417386637
-0.433562772788817 0.0874717625125158 -0.0245164522435631 -0.15644606259652
-0.346826712391271 0.130762908182394 -0.263069317859563 -0.00107076765036802
-0.365118127617301 0.245662695993502 -0.217047510214595 0.2260898305431
-0.271112053422079 0.42425786852973 -0.0579128520104514 0.314204173632775
-0.0793800676114093 0.483989358145082 0.0794584958146845 0.2908388145115
0.0818506897869093 0.480046215402713 0.132480227666885 0.22559812649821
0.121438122276217 0.472551319856777 0.12169971498571 0.158736301965021
0.115625066427989 0.449806469891979 0.0708350420913599 0.115287956313288
0.0265691751937248 0.46276346116188 -0.0117984044364886 0.0548193065147425
-0.138073315687896 0.423853206546477 -0.101439795812845 -0.0338379529031751
-0.234415462571446 0.288113465826641 -0.0434621445193912 -0.209695701195636
-0.212326708558166 0.183093736435463 0.127147812911617 -0.242994813156325
-0.317752592477152 0.162512909338211 0.323928791735145 -0.150578498889733
-0.454032186739212 0.161659043652609 0.38715763141522 -0.0909953651625772
-0.333873672726551 0.0556643945603873 0.310471725045053 0.118015373952086
-0.286567871299926 0.0425046161510618 0.110642976131001 -0.101120105650055
-0.265451773419265 0.0371344322210295 -0.152745187108346 -0.0197597310847938
-0.330663222422143 0.155013613255988 -0.231202656044123 0.163174592457854
-0.239138566152742 0.338300600167756 -0.144074341782828 0.369781728660996
-0.0706373128334627 0.386966119174871 0.0346946658411406 0.442125904397188
0.0554986661783026 0.388690514350559 0.152579670245179 0.395929597540235
0.0756104319078007 0.372058413630449 0.162839068370399 0.311878845649863
0.0521296709450485 0.344604552183366 0.100645745602343 0.252752972623182
-0.0411600815033556 0.317181537103022 -0.00760782550028794 0.164033056243654
-0.147276289900956 0.235958820832307 -0.128924505322281 0.0226270789110533
-0.153068115336264 0.0966975772839356 -0.0604215677113423 -0.228339654557535
-0.0505286896146935 0.0912463440798705 0.162846493955086 -0.275432884239478
-0.155734647562023 0.169126738554105 0.379819915788815 -0.152056076134072
-0.32025228832747 0.181012978018338 0.492692878908951 -0.0997560823911528
-0.145722633957781 0.0706192848726722 0.41491145094737 0.140608718071823
-0.0895931082249725 0.0256719234397483 0.209243592912876 -0.05203681738593
-0.113997779501545 -0.0210626460895417 -0.0739110583034942 -0.035660351164957
-0.195181419261284 0.0474605625276837 -0.246060911574442 0.12625581677326
-0.140477745059656 0.181061350427963 -0.190254448733245 0.42156124692289
-0.0439210373850199 0.214374332369099 0.0177530608552143 0.548117613516748
0.0172594582478648 0.22757711170921 0.164278906686617 0.511883506602977
0.0181249964878598 0.216298595075161 0.180428822764698 0.417772598811658
-0.0100415246238632 0.196995977487894 0.0959865993695225 0.342769454803612
-0.0811704104984569 0.14894641105431 -0.0345561679602825 0.213985882804314
-0.118351342916292 0.0533903765179095 -0.153243148069393 0.016630024235663
-0.054292420917712 -0.0473089738660234 -0.0375190891679709 -0.260687265801789
0.072632377573656 0.0274350506994083 0.216747029050478 -0.269296357375289
-0.0207109334157509 0.149729813737082 0.397178264134865 -0.110243777152146
-0.155849858394959 0.158164416204946 0.538035066685203 -0.100532840515047
-0.0249667289598559 -0.0696742436334999 -0.525287903811639 0.0103850739466374
-0.0828592715322792 -0.0731979625184339 -0.40830430747063 0.0108254113395582
-0.100055340056623 0.0302946305158331 -0.341705570187351 0.146024831902303
-0.0225463208358497 0.104804002897991 -0.0702942225581963 0.322871401198456
0.0455872909557723 0.0750577452175976 0.196401728172081 0.103438032129324
0.0599247500809613 0.0381398404862183 0.172881481070665 -0.190471794962938
0.0628627030951874 -0.0107371894143221 0.0244918801749392 -0.387207208620389
0.0412079717598736 -0.0262726181317649 -0.0701577021782717 -0.488045185007394
0.041760168282279 -0.0294247684939674 -0.0805612585455956 -0.564146571440597
0.0481180402741762 0.00288953750475789 0.0234962366166988 -0.567540119098589
0.042880519697377 0.0404719155177764 0.188608780905883 -0.448043163801029
0.0173148738395603 0.0926842030747084 0.236827191912559 -0.165807225858702
-0.101275068861802 0.064282243319902 0.0736285849975305 0.00881213791612662
-0.12880051535251 -0.0680802959697371 -0.13630596792457 -0.0471308486432387
-0.0603755068629805 -0.10107767366958 -0.36745495541026 -0.233733389159806
-0.195803898765624 -0.0470668652678171 -0.49600510603783 0.00718498483114468
-0.209059562477115 -0.00768912293068533 -0.3645614457762 -0.0549882769337383
-0.157244266853163 0.102255754830345 -0.360401086933179 0.0666487390070541
-0.0764071881548226 0.162899515802621 -0.134070539627663 0.29964561988401
-0.0217500757259417 0.168060588409158 0.163949633822091 0.148057328590249
0.0234243957656503 0.169071549730508 0.193576236475459 -0.141710819158276
0.0695964378249586 0.155092107538367 0.0589220804371885 -0.356317103078697
0.0616368081436017 0.17573572856491 -0.0462911775997002 -0.45484172387971
0.0560397554387947 0.181007054416092 -0.0827591487487177 -0.517168176277166
0.0151898015093862 0.231213125896592 -0.0142417570713464 -0.537490158160681
-0.0837684576769179 0.241421014931852 0.126184975792969 -0.448204322947242
-0.179483523418965 0.2121949344238 0.207374769992704 -0.197007971068194
-0.300930507484946 0.0851372405074385 0.0789050925354131 -0.00868105928146265
-0.334470136626902 -0.10222644988147 -0.102805936704352 -0.0402008168555867
-0.270449693453564 -0.135671425656912 -0.289768070560546 -0.198331054342368
-0.355810628658098 -0.035841124122381 -0.405400697071593 0.00571618783163432
-0.351088762641227 0.0488450069808246 -0.309525241864069 -0.127913727384609
-0.232710556858481 0.170994448976491 -0.378394530438072 0.00493650696852769
-0.138896105957187 0.218375897627764 -0.183954128336213 0.278866377019275
-0.0981371247391818 0.252575603184624 0.124376815055009 0.182195171533066
-0.0271699176600559 0.288900939520757 0.190998398021905 -0.0735440024463944
0.05974819522482 0.305587045216451 0.0843436855927607 -0.267796317227542
0.0729275567217285 0.349054382384946 -0.0111999647457243 -0.352829630200229
0.0728478982596493 0.357681938814837 -0.065372587267443 -0.403063408116966
0.0103074067736119 0.420466397510642 -0.0459743147514575 -0.431331350448983
-0.15664421308402 0.42329612948949 0.0477295286159517 -0.388571587888915
-0.312666333271384 0.34150284048083 0.152983650275423 -0.216930373575502
-0.442816695998601 0.142642832500043 0.0944437548329182 -0.0468580381998951
-0.486919554169103 -0.0813101770040595 -0.0113771998010934 -0.0327398500057881
-0.437892596830088 -0.123254144457287 -0.143170036787848 -0.140344458537489
-0.469317976784984 -0.0345783249164378 -0.252187146586559 0.0165968106605159
-0.462969368830849 0.0755613097701868 -0.233850802791898 -0.192695353444126
-0.312437910009016 0.197994579391617 -0.386135740821561 -0.0366145526530353
-0.228492907864891 0.251034205955307 -0.221373119077495 0.263929867873888
-0.19043258747182 0.327515835608397 0.0736875955360995 0.216123708648167
-0.0848835119726809 0.392694671730031 0.159677216508449 0.0197169274624774
0.0415490525383578 0.421859157096599 0.0964289814815913 -0.127809694475511
0.0742592855857133 0.465406689576812 0.02705239670042 -0.196518617949694
0.0800159462831686 0.468106757337043 -0.030217540390429 -0.235456077135087
0.0105470282591082 0.531155715063942 -0.0509234151352898 -0.271929121395459
-0.185355877842127 0.529168342762268 -0.0180345171395671 -0.273674656593176
-0.364628161767417 0.414052391514677 0.0882752513333082 -0.213629900206512
-0.477469467495383 0.194225173478055 0.11176921694701 -0.0998428174017246
-0.536896929263233 -0.0205886386019782 0.114289692598186 -0.0466684874668766
-0.531802845374512 -0.0670370923441295 0.0448566500688287 -0.0843813175599461
-0.504872424506155 -0.0362405171702644 -0.0633420722725806 0.0485334173825277
-0.491130909481497 0.0594935282583398 -0.129314944968574 -0.215525869202239
-0.361827963794291 0.156039930813609 -0.350773809161374 -0.0526562859709733
-0.326805596835245 0.233575527057366 -0.242838222289036 0.235197375374122
-0.281566396181207 0.372656583790821 -0.0022720694458995 0.251843180088948
-0.133479610565691 0.455851741163645 0.10056989099921 0.143602120499213
0.0221396980790298 0.483542040075842 0.0977023896630888 0.0508604768069086
0.0646698705449267 0.511616055114873 0.0631785908279319 -0.0115042913311976
0.0694488190882836 0.498475760513372 0.0129471160098647 -0.0496954832328185
-0.0070821118593952 0.537712049060468 -0.0359787115769232 -0.0964215713781058
-0.198649323606104 0.514111633335245 -0.0625152812372172 -0.138448306171514
-0.346788263512271 0.372204338103736 0.0266589759051373 -0.20099805053028
-0.399272312861559 0.190887679310394 0.129902522852303 -0.159059005413229
-0.476413409106442 0.0472321726122476 0.241948572377313 -0.0775217454116292
-0.539691037942702 0.0115769194302765 0.239173562127013 -0.0444249263506675
-0.454027130122148 -0.0266045165589004 0.125134856713055 0.101288981744005
-0.423483600927465 0.0247555485918276 -0.00397859361497219 -0.173898089557548
-0.347081434898807 0.0685665567174054 -0.260654174406486 -0.0543473290132998
-0.378785933190145 0.171775791267187 -0.24961474261651 0.179231473460336
-0.324429293990624 0.360886130365639 -0.0997346555439135 0.290291208790208
-0.15206274371099 0.448662802553773 0.0251109249001601 0.289536004096514
0.00690147640708024 0.47160591851091 0.0909286217054272 0.242531079363432
0.0440574341649784 0.478655395928129 0.0916173401404067 0.1717810867955
0.03636338114389 0.450680882877015 0.0455479061992944 0.124245618597855
-0.0488740755589819 0.448974080977572 -0.0245256211780517 0.0575393864792774
-0.202020720184675 0.387738259434986 -0.0995346128622652 -0.0336280295857717
-0.274530879685339 0.231836503888451 -0.0178036116804486 -0.202034226703909
-0.239381674784997 0.134722788958237 0.156033292356034 -0.212508923102039
-0.336024060741294 0.101050796443802 0.342151425183366 -0.0998143974402892
-0.468246934030131 0.082509574579974 0.401018807215846 -0.0241472302841602
-0.328521957776567 0.00339902240335309 0.281123615742427 0.15892777636139
-0.277950178986792 0.00237137214653243 0.118378783250491 -0.0949483112865776
-0.256299242360311 -0.00742854785351183 -0.148218538214173 -0.0517878063337403
-0.333324588311391 0.0924967761825141 -0.253485785570258 0.116108300393842
-0.280458510081704 0.281148586694758 -0.192376921889227 0.332331367235316
-0.129994119746536 0.358567263739109 -0.0391364984134211 0.430348676473009
-0.00305346492167574 0.379686945254455 0.0830581850667232 0.413577531213448
0.0164649316318891 0.37257837358804 0.106465352747463 0.326722962376843
-0.00648312045554059 0.338258191250677 0.0530460558566316 0.260945664252885
-0.0897793793361351 0.298241589253749 -0.0381807092757545 0.158991327205904
-0.181131238308195 0.202339828489804 -0.134286714753865 0.00969696018064902
-0.164668865922632 0.063601256527588 -0.0302843276309804 -0.229681295651783
-0.0634842755310427 0.074665016737709 0.200758327405145 -0.242095139665692
-0.178665580166189 0.134011386694355 0.399834576862979 -0.0891314750901707
-0.340828949588058 0.12246571428874 0.507707566721959 -0.0143542039697592
-0.154556138344646 0.0478216692109709 0.379603273389048 0.196679857538096
-0.0891699983556276 0.0141350557587103 0.207054496052889 -0.0250491692247936
-0.103622232668609 -0.0386568376232904 -0.067627490526577 -0.0500285960216805
-0.190919627615431 0.0125308674575969 -0.261128045530933 0.07992331594373
-0.16194031578214 0.145745509556706 -0.244501888123235 0.37654968475294
-0.0763277394666458 0.194049201181462 -0.0700655333927964 0.533323688187757
-0.0152435725542614 0.21940050769806 0.0763293553653407 0.526708869078424
-0.016085004384659 0.212164762564486 0.105262698707863 0.431802443320252
-0.0413274417714766 0.186755492574455 0.0342213087472968 0.345476872363868
-0.10132550746863 0.129637977685657 -0.0722967868282105 0.199030588240973
-0.123257816955725 0.0301490126304752 -0.155368072985896 -0.00713180437720702
-0.0455071363687835 -0.0564380125591789 0.000479096645040953 -0.262533618967535
0.068463833738536 0.0352281516165422 0.256512200026306 -0.227455413528351
-0.0437131558410589 0.139185957127185 0.411329310263728 -0.0446095516748158
-0.177334745256608 0.127423223409151 0.55324859265675 -0.00578129415358262
-0.0274466837610053 -0.0660474278878113 -0.509881636420878 0.0400012312541626
-0.0857924994880684 -0.065684782391996 -0.397551852653128 0.0319129226021969
-0.0951841175166372 0.0348907934831906 -0.325519647894851 0.161683006715675
-0.0154099056471092 0.103058579145739 -0.0479068322830718 0.317930160978235
0.0486177417513144 0.0699693625154937 0.197495815124647 0.0900008004273258
0.0616822390499466 0.03407861551718 0.157766964014472 -0.192212458432424
0.0608092029330795 -0.0145653104938335 0.00292032757620086 -0.374673352082822
0.0378492991365577 -0.0270755535443193 -0.095894187451772 -0.470266544866119
0.0366494686817761 -0.0303428355089762 -0.11086780549198 -0.541462193709138
0.0469190936159285 -0.000752570381802984 -0.0117549849530466 -0.549136669833753
0.0450749014075918 0.0371114748988229 0.158126477374779 -0.445459784781265
0.023379665086447 0.089129604030379 0.221654039186305 -0.173931267391826
-0.0955263728630352 0.0686885392269917 0.0746812549864147 0.00319348325701332
-0.130700163928235 -0.0582463037364913 -0.133278458945888 -0.0397243458981551
-0.0641494745714682 -0.0928259410559209 -0.367288007403695 -0.205558949920452
-0.190982956770218 -0.0350800846820994 -0.481870652493797 0.0364462563709829
-0.204112750089742 0.00511390740794062 -0.358011032523881 -0.0325110966360925
-0.14526108762728 0.107170029651189 -0.349159075286457 0.0840084176216708
-0.063095589355769 0.161418708750246 -0.112759111389625 0.29963793983333
-0.00985967972275649 0.16405339698144 0.168272944674556 0.135992142534883
0.0334353739981487 0.162820999373301 0.180442636402846 -0.145348754795912
0.0762883108814266 0.146039924641976 0.0371771878489259 -0.346411684355178
0.0688932889781941 0.166471459738608 -0.0708338592191798 -0.440244865681639
0.0628859132262602 0.172505988670977 -0.109542368691285 -0.497528597988695
0.0280245411954766 0.222523103252159 -0.0471571938508741 -0.51885297816287
-0.0659156987123405 0.239796091301802 0.0974690264462966 -0.442891857515482
-0.160992798461634 0.216920953598193 0.190255203679482 -0.203035495233483
-0.287807093527889 0.099158471025961 0.0788920964804349 -0.0146354888266237
-0.332628436315631 -0.080128862166858 -0.100422433349615 -0.0328595533316
-0.269279599803063 -0.115088293509037 -0.291375628897598 -0.177508830007252
-0.346071377761456 -0.0164890941459774 -0.392449364033083 0.02943842721364
-0.338826501869521 0.0676213861213678 -0.309468808369372 -0.10628513355834
-0.213648183131624 0.17779360841795 -0.370797595619679 0.0248648093151235
-0.119799500843016 0.218376146878348 -0.162761407227215 0.282409695085247
-0.0781854956464442 0.250502711083686 0.130276233152094 0.172253305675629
-0.00956435753347195 0.281116996031686 0.181710457427215 -0.0786846055783014
0.0752299884759593 0.291212430037161 0.0673941173226568 -0.262821057499751
0.0894153606340047 0.33372491358801 -0.0307085771378381 -0.34087227195114
0.0894981702659379 0.341662081029076 -0.0868871932181182 -0.386135274512105
0.0333698050882466 0.40764916569938 -0.0720332042123901 -0.41328607686499
-0.12583449814316 0.420178544956888 0.0223055121860108 -0.379445819839238
-0.284278145636076 0.348817410268492 0.135082557881334 -0.220037915733917
-0.42168118091122 0.163662335759507 0.0912141729155405 -0.0524132460570257
-0.47976220200035 -0.05244005872975 -0.0109372521000144 -0.0313443901184333
-0.430754262388035 -0.0935627929038454 -0.147164845179842 -0.129660697687531
-0.455516436014423 -0.0102504144851927 -0.242935605379845 0.0310165669669626
-0.446120975301297 0.0997847656442237 -0.239748995236547 -0.174664589204839
-0.289512373292034 0.206660678839277 -0.38117876292531 -0.0146135806485779
-0.204067476296398 0.254148812539499 -0.200568884838345 0.270351597533354
-0.164559797403541 0.329958701997799 0.0824370963313968 0.208913693396727
-0.0596323323839485 0.385198734085002 0.157249205699736 0.0139051592664877
0.0617968031345697 0.40548079008462 0.0874698429823586 -0.129688127400508
0.0985519707929961 0.446247893894149 0.0143063269566776 -0.191357453289939
0.105210365608873 0.447734000998889 -0.0439543500247939 -0.226326341187507
0.0414723454325096 0.513120369820931 -0.0677111731866731 -0.259430493795334
-0.148785573091675 0.523518913876253 -0.0348345482837862 -0.262915417307939
-0.328564796950377 0.422590528428605 0.0703064545027687 -0.212648559460765
-0.452561158824158 0.214942293122747 0.104398611802622 -0.10487760369821
-0.525593081050487 0.0101234556628466 0.110283427121188 -0.0515310891577519
-0.518570315988419 -0.0339281951351676 0.0377428299951098 -0.0853289455664209
-0.491757515787568 -0.00844529821943548 -0.0574590081568335 0.0518466705219907
-0.475628467657022 0.0872194262860711 -0.139722102138759 -0.202275698091735
-0.340225407659016 0.169105174396866 -0.35057943669422 -0.0337435335935067
-0.303006927076696 0.24222624653293 -0.224125851650869 0.242378070404028
-0.249298678114471 0.378163391991699 0.0104088950258721 0.248393249609181
-0.103213186597228 0.448866994279888 0.107067759852703 0.136927424561964
0.0471056231935094 0.465966455121735 0.0985465482604161 0.0423937054784098
0.0916019781835331 0.491018105536839 0.0602583157570302 -0.0139511892755697
0.0959684975425005 0.477568258797593 0.00857416793865819 -0.0491983550299144
0.0252697409750516 0.520752320961214 -0.0425510327040564 -0.0901265836283032
-0.161210062933508 0.510059935554256 -0.070588384482088 -0.130027822528395
-0.314484398658521 0.38146004779069 0.010204399499623 -0.19709623070418
-0.374573700563788 0.205560004591732 0.117093798202227 -0.163402914163422
-0.460092632982102 0.0727003905361932 0.232774484628824 -0.0885801066245425
-0.520924541307486 0.0421565070148757 0.22767174449349 -0.0582374123582345
-0.440590765182813 -0.00136882975452936 0.128199198893534 0.0917453699522891
-0.409625169284508 0.0472815706307259 -0.0170400106237855 -0.169778594801657
-0.330901653362997 0.0836084857012354 -0.261414861312547 -0.039822963050863
-0.357963901993373 0.186204390198066 -0.234934589648312 0.188278072552065
-0.291446651298823 0.367967086126782 -0.0829286730052844 0.290048194357414
-0.123006748224361 0.444474812355857 0.0423198182077331 0.281786208769975
0.0326036405335812 0.454968050211065 0.102578836844609 0.227532348687249
0.069346517965465 0.459024941640368 0.0974726379576928 0.163337098380752
0.0620752060399399 0.432349818437491 0.0493154299273887 0.117794371860201
-0.0218749558832275 0.437866319267756 -0.0227655288287084 0.0567745927323724
-0.172715936140014 0.386785760898532 -0.0996037183314389 -0.0255713834589851
-0.252620044931906 0.239184080078306 -0.0336443243732908 -0.195422923328221
-0.222572529912355 0.141542033989839 0.139448824577463 -0.215310851824749
-0.320631780663905 0.115596063311547 0.329063155123596 -0.115281074634585
-0.446072263426827 0.106753837438832 0.385632043503239 -0.0469164049741995
-0.318604231529842 0.0206970218912044 0.281314863342808 0.139036830793588
-0.270053363448303 0.0184409190319936 0.105974948806791 -0.0993544232533055
-0.247990664935339 0.00493341993348385 -0.151086857030576 -0.0433014223579545
-0.319624426890492 0.106228760194419 -0.242715777702662 0.126579159991415
-0.254142512348779 0.288485664559686 -0.170665800021477 0.335438006071795
-0.105353393809169 0.354047616293294 -0.0126025928579092 0.421847005076644
0.0166355117193207 0.36677663705425 0.103879041779039 0.393334255459536
0.0357432559527205 0.358857892782443 0.119972600752796 0.311152151353953
0.0139407629599971 0.326479722293739 0.0639646750653333 0.250019461361766
-0.0692552253896667 0.294133533458653 -0.0296700930234725 0.155289756496111
-0.163441978104659 0.205857951768986 -0.130675123120295 0.0175666428682764
-0.155665460986666 0.0699998205209963 -0.0474066806922102 -0.221140636829095
-0.0546318890252795 0.0728608080476598 0.180074001014126 -0.243964227569751
-0.165516470303106 0.140350262886147 0.384970017518576 -0.107808339297557
-0.321526545959798 0.137844783887872 0.48959986823346 -0.0423955999223334
-0.147319199950306 0.0555609562949306 0.378097573463791 0.170373621481274
-0.085930208739713 0.0191541883018073 0.195671228326729 -0.0365213692999179
-0.101412279207418 -0.0329337695539399 -0.0715955359366973 -0.0453652348185271
-0.185670560404505 0.0230748176619448 -0.252021921325225 0.0917453378659033
-0.148222248849005 0.150727109190287 -0.219457452251825 0.379827128657611
-0.0644086909022767 0.192729122753098 -0.035293644358532 0.522994164334365
-0.00324414998989543 0.212367500061956 0.103517743153109 0.502753481253442
-0.002827870263398 0.205962882212422 0.125410204899669 0.41194131100886
-0.0291521294124333 0.181472714529592 0.0505004876560554 0.332181539377049
-0.0908089930836178 0.131328386832508 -0.0603251500397684 0.195030280198816
-0.117556519092848 0.0359256673902198 -0.151489159580503 0.00102834478084313
-0.0473739037136867 -0.0536769007817847 -0.018373394270886 -0.255755505589441
0.0707382118992628 0.0277469624269429 0.233926283030512 -0.234161659287673
-0.0325472679073508 0.138070270971152 0.397887228853424 -0.0643442454873012
-0.163704847939011 0.132895285468307 0.535895411142956 -0.0385132121705757
-0.0283560300462918 -0.0632394068054781 -0.491341956769787 0.061959611211347
-0.0868691666923775 -0.059128743742514 -0.381200539740939 0.0487349178572175
-0.0906397903881581 0.0373921890971032 -0.308833258374668 0.172807451620309
-0.00939749108429394 0.100113704276518 -0.0297408279709378 0.310966098563196
0.0511211234833276 0.0658344692439265 0.196032946142136 0.0789727277081858
0.0629234974800257 0.0298627248101642 0.145689474503417 -0.19107468556273
0.0582472017736396 -0.0166073541038 -0.0122648097943564 -0.359252406481766
0.0339517295030281 -0.0268530297826644 -0.114249911092891 -0.450225361929294
0.0322920349430673 -0.0303691805962046 -0.132083604786563 -0.518789731510218
0.0449213374870862 -0.0038852508730933 -0.0368530144079229 -0.530576027457782
0.0462287550614652 0.033459846679026 0.131480183480052 -0.437237654390543
0.0277917270000728 0.0855144010409469 0.208137601037328 -0.179350291570329
-0.0902370529511596 0.0718142372813488 0.0748042966295013 -0.00174601977478439
-0.13086099533368 -0.0491248422548502 -0.129486482634474 -0.0338122545242198
-0.0654867270705065 -0.0854602534055271 -0.363502643441238 -0.182602065278955
-0.184458871000024 -0.0265442004920885 -0.463643626998932 0.0568011766554545
-0.198203566067956 0.0151090209231316 -0.346976803441497 -0.0154050302898391
-0.134828277027231 0.109013536109524 -0.33776340704661 0.0974374650950816
-0.0521037644343373 0.158167191280955 -0.0944342251164256 0.296001524080066
-0.000655988764579326 0.158666639168456 0.16805191005183 0.126493706363406
0.0414677184677519 0.155705742159163 0.169072002925182 -0.145474603106378
0.0798234451821585 0.137443048297494 0.0220128490144279 -0.333657218389627
0.0737450983832276 0.158093240996725 -0.0876180611555675 -0.422434247392104
0.0668296748633624 0.164386634722896 -0.129643406766121 -0.477074435438696
0.0369948417991568 0.213105200207542 -0.0705300042601141 -0.497826172030671
-0.0521192245927009 0.235408213771652 0.072538027203765 -0.431986644070064
-0.144941062315636 0.216961234574555 0.175600118230781 -0.205440325917538
-0.273726148072453 0.108697667636056 0.077976086275912 -0.0192440922607256
-0.328214698632641 -0.062537097832344 -0.0971124611948447 -0.0287483350036891
-0.264179912137853 -0.0984045553949843 -0.289908106991613 -0.158296505077348
-0.334924099627585 -0.00201306661377085 -0.377187964144449 0.0466594041460396
-0.325657113889645 0.0828123115125262 -0.304621510384297 -0.0892460483764021
-0.197320145924856 0.179195733630762 -0.36292154217577 0.0418087713523553
-0.103075035879409 0.214731207421759 -0.144504320112175 0.281775872287124
-0.0620583138303884 0.244898784426123 0.13355199632831 0.164642649883667
0.00457270105371838 0.271898383170388 0.173512681941933 -0.0802650534521004
0.0841357845126992 0.276580919656593 0.0538124555353926 -0.255840029133134
0.101490484314726 0.317686618831456 -0.045893470599636 -0.327864947536804
0.101884795048495 0.326305241069756 -0.103618723598746 -0.367983373910172
0.0510191123204502 0.391417411470697 -0.0903102676269115 -0.394058467761431
-0.102537172573912 0.413781593536744 0.0029179556364842 -0.366416974649329
-0.257364234839097 0.349824539637413 0.119138527140342 -0.219271252090468
-0.400183050392656 0.175799698312342 0.0876922184967449 -0.0571797711706896
-0.46911841771276 -0.028863524132707 -0.00982532031998201 -0.029900300783352
-0.419453920911876 -0.0707040819232197 -0.149267725819819 -0.118391621041883
-0.440989503671688 0.00888666162962918 -0.232410456945023 0.0426373209756908
-0.42899267569422 0.119738011446525 -0.240444355416028 -0.158256484521427
-0.269047572594388 0.210983651949985 -0.376708394198821 0.00379668844052742
-0.184009054272424 0.252502411393672 -0.18266303519788 0.271593248959473
-0.140961188533055 0.325106901739043 0.0886473024837921 0.202366991232157
-0.0404706047655017 0.374770447271178 0.154097531911423 0.00991324143781725
0.0766477788733648 0.386858476047405 0.0793033011128489 -0.129806294924144
0.115744064742089 0.427266294167787 0.00563102725217137 -0.184639379414559
0.123144137978697 0.428134350324248 -0.054578080688594 -0.216431271854048
0.0649295447539471 0.493640671860423 -0.0798556423775042 -0.245445472729547
-0.118386887800169 0.515891861700365 -0.0483839230487965 -0.250963411995503
-0.297898733987289 0.422716306873706 0.0555290306849755 -0.209738995443141
-0.427092428994017 0.225629975558732 0.0972943251828004 -0.10747453892913
-0.510532431139761 0.0333198174381719 0.107852624629924 -0.0545999625764124
-0.500631274291667 -0.00867416306745978 0.0313545446252469 -0.0850560835187923
-0.474679695027354 0.0131500524322914 -0.0518128510142758 0.053301302850439
-0.457556836131163 0.107823420873296 -0.146408730659071 -0.190408237446918
-0.319149876951742 0.17682767361371 -0.347148230373921 -0.0163743753298257
-0.281518934608297 0.244898551032785 -0.207597861543965 0.247436815830669
-0.223266274408256 0.375202920278647 0.0205118172701088 0.243634678638473
-0.0812645667137665 0.43931032571776 0.111488562936598 0.131213197466507
0.0641384797677484 0.445906933562294 0.0977862372158341 0.0343189872287696
0.110899847804625 0.468696480324234 0.0571116956937024 -0.0154369512482365
0.114835531829511 0.456267402202618 0.00426736537872992 -0.0474132687268251
0.0483617505031864 0.501217810886157 -0.047808307860654 -0.0838230367116124
-0.131106422727734 0.501854372086599 -0.0760387740910022 -0.120242127724563
-0.285362330033455 0.383003375935736 -0.00348559534351112 -0.190357700870767
-0.352199990367336 0.21276578690633 0.106475051622908 -0.163730629306185
-0.445408624259215 0.0913362210619199 0.22471044404385 -0.0959556244560264
-0.497960574781629 0.0646404056695983 0.21630213969293 -0.0670623747760495
-0.426034418755148 0.0175446616792561 0.128228280827311 0.0832940097782506
-0.395474369160376 0.0670847434772238 -0.026964902421599 -0.163411059278727
-0.315203869005611 0.093814161944307 -0.260428732690881 -0.0262285124895032
-0.338038651599277 0.195007841337003 -0.221026416471923 0.194344361382441
-0.264939764462869 0.368972847156853 -0.0684652223675271 0.28774077918377
-0.0995593182313508 0.436203095645737 0.0561158840351212 0.27282382790897
0.0504482295295057 0.437016761497936 0.109783442196682 0.212737091358366
0.0886160993550778 0.439960260926748 0.10106572589026 0.153712980993774
0.0798512869401005 0.414115993446102 0.0512546555015496 0.111358213590352
-0.00154816393219792 0.423209709801685 -0.0215478569270283 0.0565918620929915
-0.148884216746072 0.382619954749955 -0.0985826122196279 -0.0193469298485563
-0.233781998849931 0.243381574637862 -0.0469421650636684 -0.188299201738351
-0.207013794835183 0.143672031222136 0.125000163601696 -0.214929647487747
-0.306935326168 0.127522559724462 0.316931563525134 -0.125593529215073
-0.42397830713607 0.12392095898229 0.368798467098542 -0.0638649673348098
-0.306194045918512 0.0349986737644647 0.277584854125972 0.122951686711264
-0.260210124427591 0.0314805232038998 0.0946710751697709 -0.100249294435257
-0.23862858640353 0.0144208860653716 -0.152778547335356 -0.0351163976684043
-0.3067266160298 0.117525724111211 -0.232183854742285 0.133547107369611
-0.232880310907988 0.291002980006851 -0.151140380314902 0.334499737246215
-0.08754876413077 0.347328901895426 0.00829101210684013 0.410144445620136
0.0305455121457445 0.352583123214344 0.118599608632292 0.371716246600337
0.0514790516878837 0.343839565243544 0.12961223923788 0.296562636005638
0.0277935588373085 0.314028241020006 0.0719902702898338 0.238126015685806
-0.0535370513559363 0.286262640954938 -0.0236575921121479 0.15111855456142
-0.148222319940243 0.206372621840596 -0.125811007863249 0.0228060049163869
-0.147602025328162 0.0727470260712147 -0.0606692402932117 -0.212033821671713
-0.0476418150617721 0.069850409115683 0.163137578519391 -0.243676943554835
-0.153160706557519 0.143759982288356 0.37001755012474 -0.120437245218235
-0.30200592343571 0.147531259937657 0.471483037527594 -0.0649319718649835
-0.139057496812898 0.0618100060019037 0.370401685009344 0.149587235647925
-0.0818825697989296 0.0230042353940283 0.184559264224826 -0.0436310109421752
-0.0988598357426886 -0.0282380446113676 -0.0744145091438987 -0.0412619995101218
-0.179867096842028 0.0304409966115587 -0.243419070372277 0.100407223894759
-0.136180670411003 0.153258293031509 -0.195623805101176 0.378333591867306
-0.0545446391284091 0.189062017343895 -0.00947821898339987 0.506800896886585
0.00537954516854857 0.204878631933879 0.121541755774266 0.477590525447244
0.0062450577536862 0.198813266407431 0.138304622183742 0.395140785092235
-0.0197420680976897 0.175908029973708 0.0621582050517546 0.317679982745107
-0.0812934374488979 0.129914261853416 -0.0514923796079773 0.189425468970688
-0.11227216650478 0.039171517544775 -0.147302163110643 0.00632765564151134
-0.047730371401563 -0.0507379996714228 -0.0335106392680386 -0.247019191037263
0.0715823433328944 0.0214588778172354 0.215814025355746 -0.234746772390273
-0.0247891429909639 0.135511240751953 0.384681718815055 -0.0790793149109108
-0.152139272222088 0.13533028456527 0.514892226400395 -0.0628802798386722
-0.0289973664271859 -0.0615225816492157 -0.476237607303054 0.0772092567629686
-0.0876021049727525 -0.0547986391966534 -0.370690670860729 0.059743038756384
-0.0878202973630634 0.0381799540084402 -0.297608629047879 0.180635826975608
-0.00495778857600893 0.0978199605498691 -0.0166543116498042 0.304394829696006
0.0527704149934465 0.0625308983373158 0.194834197341418 0.0716325561578568
0.0640294941163982 0.0268545757511238 0.137289479845638 -0.188731266460615
0.0562076101291803 -0.0184315455054688 -0.0223557930504199 -0.345920698782799
0.0314851281181141 -0.0266151950802182 -0.1256189032592 -0.435241294163496
0.0287902234535427 -0.0298722469243996 -0.14643873145228 -0.500312260332143
0.0428575201933074 -0.00594952070433917 -0.0549726478731752 -0.514171782306736
0.0468471445549663 0.0316080974678136 0.114492988041339 -0.432146551046643
0.0311041171912519 0.0816281127727122 0.198583771275841 -0.180688601206279
-0.0860961516287511 0.0732327874606785 0.0754424219657021 -0.00517799758846838
-0.131122351180315 -0.0425475032664676 -0.126374811593557 -0.0304332264080897
-0.0650308010070705 -0.0801505978570259 -0.35877662265048 -0.164919986746617
-0.179676654407875 -0.0213631096062726 -0.450362448774478 0.0725331958928924
-0.193515344202003 0.0222154014518764 -0.339247334471275 -0.00376755805832569
-0.126914157971622 0.108827801077945 -0.32871873333484 0.108191730082227
-0.0438663109918739 0.154331997333388 -0.0822594388460241 0.29235549770399
0.006114644622044 0.15392841446185 0.167665477587745 0.119568017123961
0.0467433009580174 0.14952929888888 0.162823285321724 -0.144998555396023
0.0825877906311365 0.129716449105685 0.0112510604523229 -0.323705363523403
0.0763794030421767 0.151770618271077 -0.10026417726364 -0.406995605003454
0.0699355668496628 0.158383185203966 -0.141004779534666 -0.458807541539528
0.0423757768017924 0.205518239338235 -0.0855421887001981 -0.481690676227902
-0.0415867843476963 0.231085990334833 0.0550028692518632 -0.423591404139772
-0.133236917140786 0.215738931391253 0.164320742482411 -0.20614815317313
-0.263191570782453 0.114128823589293 0.0775072612006871 -0.0226089035183635
-0.322931415932371 -0.0495014891444901 -0.0941098528868116 -0.0258735498737602
-0.258894734532741 -0.0868380577915 -0.287086550230735 -0.143473384909817
-0.324710197665874 0.00631699374139639 -0.365422579059476 0.0586086218386229
-0.31613356353293 0.0943345155265881 -0.299503534770547 -0.0772352349689825
-0.184732057302308 0.179186350155119 -0.357005142839686 0.0538107309202721
-0.0917410400827075 0.210890222957549 -0.13144205222246 0.280519060300545
-0.0502870322086577 0.23971715846412 0.135128158144992 0.159423414481789
0.0151816101974063 0.263915352757414 0.169057358727708 -0.0803993226925245
0.090323407897556 0.265929998977233 0.0445986609430139 -0.249713634919472
0.109703058994743 0.305476939936105 -0.0556367556230189 -0.31719390800345
0.110026900234203 0.314047415095686 -0.114338326096417 -0.354294312927209
0.0630732080500016 0.377729455430443 -0.103143145335545 -0.378936700290965
-0.0834768653970466 0.407875474080194 -0.0105192144921775 -0.356311137460878
-0.237557757040116 0.349425111151303 0.108038371002863 -0.217569124566455
-0.383980594916975 0.184039804002692 0.085336328419877 -0.0598189292368435
-0.460051610813302 -0.0123832316774142 -0.00894094849151436 -0.029268313068046
-0.408639998700848 -0.0546384947309505 -0.150204514545289 -0.110404752108412
-0.429001268535822 0.0211364241873285 -0.22426623956547 0.0492200394159225
-0.415208930390961 0.13337071782716 -0.240275123777894 -0.14688703881872
-0.253072959392096 0.212152981268596 -0.37261998320396 0.0166893765112321
-0.169447116993167 0.250332995559432 -0.169104418292892 0.273228308173291
-0.124948169859081 0.320726118311149 0.093616948384181 0.198381934390922
-0.0247105787985811 0.365781781341342 0.15388776119976 0.00809386126673419
0.0866167695071361 0.372783220894109 0.0736653395494949 -0.129080942067576
0.12533000591793 0.410139643014184 -0.000869325526827756 -0.178843586368126
0.133011726722225 0.411894484628809 -0.0613035958103363 -0.207582079862946
0.0805904665221428 0.476377741988146 -0.0885978612515901 -0.23400045178582
-0.096265922061961 0.50574378917044 -0.0563038244828172 -0.241069867612573
-0.275175644696409 0.422463049212082 0.0440437941464115 -0.205599632946076
-0.408606810061912 0.232629015429014 0.0926988875890395 -0.109402107090631
-0.500762641936449 0.049865823428315 0.105317672141458 -0.0566003656266972
-0.485032955840997 0.00903404396761609 0.026823606226971 -0.0835195713024588
-0.461036024792273 0.0267270345289551 -0.0475909977899703 0.053715768020679
-0.443047357259801 0.124251212322266 -0.151064541177508 -0.180593909831412
-0.30238865662618 0.178357017936657 -0.345316074078702 -0.0023300840109288
-0.265133225872193 0.24739382185109 -0.194440103258766 0.250767505597237
-0.20182613809782 0.371966555696394 0.027941282481011 0.24141983210727
-0.0641455114868199 0.431244616983144 0.116348926273013 0.127214047966347
0.0751522777201001 0.431132640259854 0.0968454854558088 0.029065617806695
0.12259343122438 0.449997551396143 0.055950828803229 -0.0152919699075854
0.126644545964718 0.439118315591254 0.000627287377154218 -0.0453327335405486
0.0648500475851869 0.484857624750183 -0.0514232728585177 -0.0777541211014972
-0.10806064483899 0.492630196716181 -0.0790876965298651 -0.11299713618202
-0.264772421554159 0.382581006650318 -0.0136661233069106 -0.184337319736507
-0.333750618132792 0.216444612745419 0.0990345876604151 -0.163902095250265
-0.431853463866966 0.103918348812805 0.218171161506581 -0.100987899048338
-0.47973598280824 0.0798886541737064 0.206805264677017 -0.0729211650744351
-0.412540907705558 0.0312286399754295 0.128270557178968 0.0775023238652611
-0.383105511754761 0.0812576311507236 -0.0342289334834984 -0.158285053486428
-0.301881922598889 0.0977695906443786 -0.260610141114019 -0.0151507403893372
-0.324384726036001 0.199717339942362 -0.210480301166514 0.197982188852138
-0.244482347947262 0.368745504685963 -0.0569850340865116 0.28571149050742
-0.083489180232 0.428509928205759 0.0667314997812936 0.266516827990532
0.0608521017513348 0.423134025566098 0.113693525623565 0.200261012942087
0.0996663567835842 0.424340202170457 0.104105184448839 0.146778420793599
0.091695290538265 0.399723249870464 0.052140310346636 0.106975842846826
0.0142031467260814 0.411031385218333 -0.021442701420623 0.0569915663036952
-0.131336965717806 0.378475008217234 -0.0979269924974567 -0.0143232040498612
-0.218126947076347 0.243054464665281 -0.0566917624594009 -0.180621486755428
-0.19488642695481 0.143622950276388 0.114960469894183 -0.213371561615832
-0.294902419851943 0.135564964378528 0.307093512005077 -0.132521607718181
-0.407024366635368 0.134414347450758 0.355517328180299 -0.0754138664182436
-0.295288492871036 0.045096846803162 0.273630399209263 0.111866063093343
-0.251879993778153 0.0409983694190159 0.0856700785673298 -0.0999562775182534
-0.23045971441226 0.0184967022931499 -0.154557413554149 -0.027967166168872
-0.295394699613948 0.123553132363771 -0.224556868198464 0.139181361285264
-0.215836060418166 0.292062166409156 -0.137537881421997 0.33257136640846
-0.0748605423196258 0.343095182327785 0.0247524965233966 0.399856029216902
0.0397616229199302 0.341873976901711 0.126273737336806 0.355415196509424
0.0607149836675416 0.332735160628322 0.135439746130154 0.284483240215928
0.0389261451249201 0.30306656052673 0.0757385368295979 0.229779387206476
-0.0417656828652527 0.27962262107154 -0.0200070369875492 0.147649745306572
-0.136552161533213 0.205238878596914 -0.122844561362946 0.0262670199227146
-0.140297188392212 0.0749896735787622 -0.071172426086321 -0.204507786961317
-0.0417264646082945 0.0666477206339175 0.151508144448019 -0.241844940465903
-0.144193021569214 0.146720595130735 0.359676100840662 -0.129687280882091
-0.287724402471626 0.154290610430942 0.455067769794463 -0.0806465230200238
-0.131760663668711 0.0656345039943124 0.364028925104718 0.133911012555016
-0.0781867793067047 0.0264385492721613 0.175345367998851 -0.0470465073606029
-0.0961287654899918 -0.0257658165925999 -0.0765596754624794 -0.0372799600300499
-0.175944441879247 0.0360987227124806 -0.236833073067846 0.106846865077415
-0.126968580739762 0.153556381752617 -0.18164297908593 0.376819302220701
-0.0470160616320743 0.186666465287135 0.0108886014780237 0.49348997981443
0.0112240100621112 0.199542882324232 0.134508927778738 0.460932879178288
0.0128199156514768 0.192513685882082 0.146981486382813 0.379233925535593
-0.013898732969044 0.170485678016454 0.0691866071587659 0.308100211334259
-0.074664520150673 0.128496331044601 -0.0461920969732518 0.184747636532015
-0.108502753737801 0.0405288176044233 -0.143878510870588 0.00927188491112351
-0.0482745655736392 -0.049061535135356 -0.0451839456418884 -0.239473930775527
0.071698925842726 0.0158531370877469 0.202171892725182 -0.233967904311206
-0.0192227687722155 0.13407748424933 0.374739419712287 -0.0885159077856127
-0.143193413706418 0.137062880037789 0.497834418679717 -0.0800294255955655
-0.0303225854762949 -0.060808253177233 -0.469869238823266 0.09192275328731
-0.0896375176427695 -0.0510301165256979 -0.365488791425302 0.0699580738466108
-0.0874654059334383 0.0406277206516288 -0.29137898602373 0.187967328300689
-0.0014066563810554 0.0965625093615853 -0.0063489858654591 0.302353062811086
0.0540447517935228 0.0603558985434075 0.195670991777244 0.0673886062999477
0.0655491636528373 0.0239684116140013 0.132329658554172 -0.189989006583763
0.0555615601685151 -0.0208622307142193 -0.0312418339246161 -0.339825561148767
0.0301532517598162 -0.025879136166079 -0.137021956905972 -0.426478292307685
0.0264008124961253 -0.0293704286697704 -0.161452674521867 -0.492232878145008
0.0419375291905302 -0.00779482489466547 -0.0702664116400196 -0.506488161051818
0.0485812475102161 0.0297970243347437 0.100551060233324 -0.430423548795636
0.0345313828755195 0.0797793904151882 0.191884233991649 -0.184931645061061
-0.0836804319540271 0.0756671381322704 0.0764811707227441 -0.00901595568095836
-0.131627952057864 -0.0373705713539682 -0.126310958784222 -0.0285462078505148
-0.0644175473245892 -0.077090182096534 -0.358649993992445 -0.153057162334689
-0.177805093304274 -0.0174198635031251 -0.443823556744844 0.082962395505664
-0.191862137308725 0.0289795582791436 -0.335802575911907 0.00592853530210062
-0.122601416112228 0.109895225845758 -0.325603318669415 0.118188837962667
-0.0372499882437406 0.153365620836188 -0.0727855691187574 0.292373665713916
0.0119043085379909 0.151618572500469 0.170639765013852 0.116092962269535
0.0529114640752116 0.145800118160151 0.159422882117549 -0.146196297732175
0.0855350510588163 0.125497452465407 0.00255286438670291 -0.319071410231657
0.0802969088083271 0.148259642439006 -0.110450361383014 -0.398934743644196
0.0728415040784428 0.15535447249888 -0.155110589669305 -0.450078401338936
0.0476966104016514 0.201155584053463 -0.102410835783238 -0.472795167395245
-0.0332072544421178 0.22988611219664 0.0414639301338099 -0.41999389824337
-0.124760265104903 0.217012896688877 0.156719613498541 -0.208840401232633
-0.258203432805529 0.121018177344379 0.0784820803710191 -0.0259854975507312
-0.324362071259728 -0.0381955009532013 -0.0935971060067858 -0.0238899507020171
-0.256001408008706 -0.0779822649140133 -0.288861208125843 -0.133660022030134
-0.321194026794344 0.0144808465708356 -0.359540771633228 0.0690884981360126
-0.311228941669062 0.104795102360122 -0.299950660689962 -0.0677117428243522
-0.176625012760468 0.180612879663989 -0.355115029179355 0.0653168960670537
-0.0822623943399871 0.209912359485238 -0.12257168837752 0.283383703424271
-0.0404889576510789 0.237722583737007 0.140447966347343 0.157332008788769
0.0244916116534748 0.259988253832589 0.168760461668864 -0.0826177496043525
0.096703783244775 0.259690724001049 0.0380706354086946 -0.247173863079453
0.118103016376238 0.29878574362126 -0.0642189505011704 -0.311350348369607
0.117662863425493 0.308563445202838 -0.124316907386472 -0.34672385076987
0.0744350875452928 0.371950971287251 -0.115917452369265 -0.369727062480848
-0.0694346973574027 0.406471780905956 -0.0226498438923066 -0.351643171498772
-0.224004811934454 0.352947023903845 0.0989349103341556 -0.21754109286694
-0.375077651219581 0.192201466491885 0.0845510553063009 -0.0631476988655547
-0.459758631763628 0.00283305591115285 -0.00826935503002857 -0.0302262629644956
-0.40342911035839 -0.0420367461586386 -0.152804880439075 -0.10440072694041
-0.422668546534977 0.0310518386735168 -0.219972315184937 0.0551123767302788
-0.407981424990044 0.147079743688096 -0.243395077273604 -0.138963412028112
-0.243886045368222 0.213737287600015 -0.373531551814139 0.0314295007711832
-0.159282914015096 0.250784217718175 -0.160397424654941 0.278429316449076
-0.111489893006971 0.320184000750645 0.100117392656195 0.197328041898535
-0.0131351338742954 0.36286561933877 0.156906799617387 0.00654091569437611
0.0963663725153891 0.366238675508479 0.0697049108724034 -0.129913868597396
0.136792637888825 0.402196453786169 -0.00552137830144538 -0.176671330877038
0.142951458896558 0.403512038833353 -0.0678189689113749 -0.202786670610754
0.0945904185933785 0.469273768604756 -0.0957508604084972 -0.226556292870242
-0.0785223327065861 0.503176283715302 -0.0644931499218539 -0.235823083646119
-0.257876138385725 0.426951478530219 0.0345832881525979 -0.204060781028906
-0.397650651860192 0.239631131383222 0.0891798115130245 -0.11211532016245
-0.496007073716654 0.0661300202395485 0.105353904867281 -0.0601501486646165
-0.477281459393232 0.0234328750699978 0.0224986426131383 -0.0833965793114154
-0.455079187573663 0.0379963021875628 -0.0444752788371161 0.0545220760340901
-0.434991547965615 0.139790256673448 -0.1556364938127 -0.17444395189026
-0.293131079417447 0.182520505782606 -0.347574754303611 0.0107787517903669
-0.255921925200157 0.2503490058821 -0.185815204839587 0.256996759125886
-0.187344091520714 0.374968192651766 0.0366046246354335 0.241465533867554
-0.0494614791600105 0.428852905395835 0.123225403845997 0.125177739198456
0.0858058869665899 0.424433174448971 0.0966464474144401 0.0241086138163596
0.136664210310269 0.441593736064792 0.0545896677225945 -0.0170881618317282
0.139435722661711 0.430196379208909 -0.00167352582065838 -0.0437853906961738
0.0793206550426147 0.477710673772312 -0.055110176332211 -0.0729676678242027
-0.0903320156354835 0.491720953770839 -0.0832057666148236 -0.108292637026685
-0.249685484994344 0.385570966634225 -0.0230293152073397 -0.180964999102235
-0.32369938957314 0.222029986602433 0.0937889931121091 -0.165855775462064
-0.427841306012145 0.118194549784118 0.216368862383276 -0.107019169051805
-0.470715818186016 0.0942930124251118 0.201642990193513 -0.0791626169101161
-0.406633705283764 0.0420616875061955 0.130093499063514 0.0735618641670025
-0.376376141141876 0.0943942061426921 -0.0406769799035504 -0.155050012916243
-0.294618793761475 0.101685508079493 -0.26330817295739 -0.00475131426747359
-0.316727340847101 0.20556945068167 -0.203683262397486 0.205831597410413
-0.230299761532454 0.37190238341338 -0.0476936418871732 0.288438573852271
-0.0696858032777325 0.428900709720329 0.0775536706221754 0.263542454398307
0.0711229294909476 0.41712489858242 0.117691636619458 0.19341087903426
0.112585890047794 0.415783416280653 0.107107362350848 0.142879823298319
0.103288976355636 0.391089338643022 0.0533751260543826 0.105540426807176
0.027404230785286 0.406453166928821 -0.0207174462650414 0.0588008690575599
-0.115245282550723 0.377829125028118 -0.0987008990254395 -0.0109045824093786
-0.20789826485769 0.246318590037637 -0.0661657235344645 -0.175302984554056
-0.187706153343555 0.145938331717967 0.108911353321773 -0.214679859321613
-0.289131013733112 0.145509103788328 0.303892008392912 -0.141486000388342
-0.396988701231452 0.146185797619119 0.34837269446517 -0.0864369408638337
-0.289172536873073 0.0530990039554257 0.273411479897801 0.103713700884901
-0.247039145045513 0.0495284007403777 0.0805395208868841 -0.100005697549119
-0.226771940578324 0.0224034787022101 -0.157386933081648 -0.0212194748379248
-0.291142271730199 0.131565914511568 -0.219606311163044 0.146862029673186
-0.204684081890596 0.296022327560401 -0.12747047225465 0.334458578072291
-0.0630366105439651 0.343984540322402 0.0402602634934598 0.397119206972145
0.0477005504199339 0.338133479138051 0.13409544681173 0.346948651057016
0.0708380427511593 0.326965790356469 0.141473964830047 0.278302795607498
0.0472868884159506 0.297617428422571 0.0808683322669573 0.225528221818409
-0.0330114116295745 0.277813444390013 -0.0170268209667338 0.147032527606786
-0.128671046251785 0.206778677757804 -0.122778839226233 0.02918264985456
-0.135875874905049 0.0769421212170723 -0.081054000198879 -0.19951549619418
-0.0383544426046366 0.0645815909553389 0.144088087448808 -0.243374398925855
-0.138311628057368 0.151256426182501 0.355907237630976 -0.139626152571426
-0.279698307795571 0.162439690748909 0.44712700346339 -0.0952010043889365
-0.126834901697997 0.0696712399751721 0.363527972194274 0.124021734558246
-0.0746024698293238 0.0293447409685982 0.170977437395523 -0.0499711794822896
-0.0947097350948885 -0.02458897536279 -0.0786446615779052 -0.0333061951571791
-0.174789129410412 0.0414883091836663 -0.234750658508617 0.113830671826735
-0.120962490299098 0.156522297655417 -0.16881124577001 0.379110917390372
-0.041195790953506 0.187549956879901 0.0268197074756483 0.489950770811994
0.0158381981672497 0.196846265689272 0.146845375945504 0.450416398126539
0.0188374838130437 0.19033921452287 0.156344489301101 0.370834583626954
-0.00833826100594934 0.168326643592295 0.0765852670569157 0.302297345511445
-0.069904528895968 0.128819250595279 -0.0423940031344925 0.183341299363381
-0.106519756860106 0.0425748986378662 -0.14334047756969 0.0117666472064624
-0.0488268202813604 -0.0489355537119827 -0.0549171604379663 -0.236256941557438
0.0727775941708051 0.0114003950155858 0.195767545808685 -0.236156977700633
-0.014499876389812 0.134640197091572 0.371559375897305 -0.0983289613869902
-0.137763764441226 0.140826865941394 0.49078840198879 -0.0967333152588249
-0.0617574630472473 -0.0291755893275213 -0.31046013655194 0.369020005795057
-0.10052232141829 0.0168380886461647 -0.244059861036247 0.285845434017491
-0.0459242230954154 0.0872100562514599 -0.112500807300155 0.33499987500914
0.0569973661317275 0.0758387438398797 0.190145087401058 0.243971722252008
0.0778860557241886 0.0136931304879127 0.196631696790107 -0.0702907838999577
0.0648198393845566 -0.0227369141751107 -0.0127432111051351 -0.232108840893184
0.0281541009005896 -0.048923494234328 -0.238739277042472 -0.248784691958809
0.00626409603634632 -0.0391467181832433 -0.375383011350235 -0.245604298241601
-0.00130719560203618 -0.040122658394352 -0.439696840370695 -0.278105346469431
0.0245643230349394 -0.0325696250489025 -0.3775143844796 -0.351901842365883
0.0562171935851241 -0.0109675890635753 -0.196100055091078 -0.39965610742519
0.0773080934023194 0.0390409528055732 0.0338090454996602 -0.269315582067096
-0.0171721352259536 0.116430346838173 0.0542046906011602 -0.0602708300316901
-0.131114102265209 0.0591457362204355 -0.118359474863237 0.0552981832628747
-0.106837867133423 -0.0227360726367419 -0.377764096587539 0.113936010724923
-0.154791237930657 0.0916184209433734 -0.289221248148159 0.355636952486606
-0.131046383199461 0.138150495729743 -0.260756729746695 0.222864669836977
-0.0317755110044498 0.160607527730163 -0.182365923973779 0.304476266420247
0.0623860955775 0.139631804023574 0.133655726049545 0.281558736030356
0.101038635026561 0.108505873488433 0.210176098096116 -0.0136579780220031
0.129293852759097 0.079111994714081 0.0383111744136171 -0.210953255374378
0.141624283636888 0.0455668680368089 -0.196601223415907 -0.251375682414805
0.155564423407711 0.065334597608603 -0.338247478388234 -0.241560707374128
0.153132108385242 0.0760503024287436 -0.409476176475513 -0.249432296306219
0.164082174058863 0.128283660821228 -0.380957939481234 -0.305577794486899
0.120852970492701 0.201296233752782 -0.233218396061965 -0.353474634461951
0.0360556239557827 0.249741705753569 -0.00943853672681398 -0.265440566182389
-0.131180028685814 0.266909041441239 0.0460447691688131 -0.0758511844739278
-0.285631514392586 0.184707182618173 -0.0906062142328244 0.0316385214329006
-0.260161774996794 0.104264817015655 -0.305740556218945 0.0765705650238557
-0.251119843160356 0.201075007396853 -0.230713282098676 0.301247284322564
-0.178151117214331 0.268353824587659 -0.28012847193618 0.147985509028069
-0.0322312898104847 0.24682511198551 -0.236790366972426 0.287353310977504
0.0609814330141503 0.209077130220946 0.0902858224679737 0.310272593297277
0.112585883763415 0.205527463069426 0.213832268942716 0.0391222256202463
0.17802109645462 0.184984086824466 0.0877956239485678 -0.164349692672152
0.23318913988541 0.140979849664801 -0.122296137162786 -0.216838298374209
0.280485900956233 0.159207461828424 -0.247037193929544 -0.201683514009958
0.286528049083999 0.168192445385287 -0.321119125747381 -0.189032524354162
0.295596426918036 0.244836757749023 -0.32729194061079 -0.21625013379814
0.206303548097628 0.365254376616484 -0.236635151018893 -0.259874584861058
0.0429337118712332 0.422744058236409 -0.060585989182345 -0.236913577950374
-0.181766029743106 0.400177028000326 0.0277533954793043 -0.109476072898259
-0.367092920604711 0.307235719102499 -0.0286902233365887 -0.032753458868717
-0.352680922182353 0.23056391358739 -0.178110533332054 0.00311397237257818
-0.321892585928202 0.273389820847219 -0.127997611968072 0.208280038819761
-0.227926238786725 0.357985329256253 -0.282488520215393 0.0623723069450943
-0.0647875681426875 0.312506884262677 -0.272602609630898 0.276627160275606
0.0258471688112249 0.286023484167426 0.058334195559191 0.334250649580571
0.106790309012733 0.3112605282001 0.209958188168797 0.0976572152328087
0.212609632448047 0.2872088989986 0.134639099607136 -0.085788707780202
0.298389343332242 0.223561999254526 -0.0219914664757991 -0.143592714702297
0.361291525516291 0.228228509126721 -0.116958834177579 -0.133772845529594
0.370074903204339 0.227612123624135 -0.187073049032173 -0.111698162819371
0.373467991660315 0.3089860433874 -0.221066972220575 -0.11474420930042
0.26352839088776 0.449631379535813 -0.195088620848427 -0.143615068865963
0.0615609206485021 0.503871630614964 -0.101976172018439 -0.183829736694032
-0.168028076500272 0.453811218682636 3.52111804149473E-05 -0.151084573420931
-0.353477064743522 0.379642739866877 0.037560690421376 -0.132994017764166
-0.367035985964089 0.332239982091092 -0.0277846753392753 -0.100546885745408
-0.34300507761192 0.2977363105704 0.00868161722386334 0.0994078466666227
-0.252545066240989 0.367071155717812 -0.238968189618326 -0.0197414458334067
-0.123369472152024 0.317092531029496 -0.267996863789008 0.245274292679665
-0.0490287210012312 0.342974218729447 0.0220852749652062 0.336871444745283
0.081495458115371 0.401170983733893 0.188586595097298 0.172233989916576
0.226537210156489 0.361400692226245 0.183104953757909 0.0289592426282699
0.327697012132866 0.274401127375461 0.0980749059050633 -0.0394540726335402
0.385659752082372 0.259385230201222 0.030735375803781 -0.0477052189221656
0.383068129302707 0.25108873563509 -0.034258819281811 -0.0306642964354133
0.368563881261968 0.325724427536223 -0.0916052752953123 -0.0211600463918322
0.244043311045323 0.448443177257741 -0.128121391786307 -0.0327256214642082
0.0433457732151797 0.467532518114746 -0.133732970306836 -0.127566651173474
-0.121041207863768 0.388865037790196 -0.0318217127344941 -0.194623054193607
-0.262271315006704 0.37450985363479 0.0932938267071794 -0.240663807455255
-0.310772564399309 0.385418305280264 0.111408058907315 -0.216948287009814
-0.299982333286851 0.271898250082766 0.155433715281913 0.00147080598860641
-0.235070314723886 0.296121448704831 -0.136482265947741 -0.0797255517205609
-0.172412537996974 0.254316245955252 -0.213749856325539 0.17846661909845
-0.124040074967591 0.345575401839826 -0.0280159393271469 0.309580835524054
0.0464981410274237 0.425103023979248 0.149687991135149 0.261806797108173
0.210750310506694 0.372789527204072 0.233539500875 0.165311017350816
0.311241877309313 0.277250347981052 0.222046829976289 0.0790001559075486
0.350101046428287 0.255077384785983 0.171405400288981 0.0434183077559464
0.33103228392536 0.243645117702352 0.103858374789564 0.0500179485947952
0.282187975553388 0.30229609586733 0.018564743417632 0.0596978812073416
0.149751122039817 0.374022335311946 -0.0795635655754382 0.0527007046662653
-0.0126526329135107 0.328246218130567 -0.164656083786284 -0.0938321070356335
-0.0599884457782759 0.235536562262885 -0.0526003516061105 -0.240591299669894
-0.132794784069964 0.302788026683031 0.13873615084489 -0.32075726848638
-0.214565761715842 0.379338012615079 0.218370846138195 -0.3186801896169
-0.198381732993374 0.210568942646613 0.284785922298165 -0.0722982883662374
-0.16011543514641 0.183343694584512 -0.00600779300246505 -0.117336727152978
-0.165950252972562 0.150549490092916 -0.142483416319655 0.0932194697716578
-0.148580559045673 0.274769778727916 -0.0818832061071519 0.270579910815835
0.0214677391742353 0.351878321327618 0.114290146939924 0.347494352084519
0.164344051013957 0.30435431684699 0.285475232065475 0.290366840731557
0.24688850261095 0.229854376610839 0.332036508493394 0.187617095556906
0.262803563302737 0.212039361334467 0.284461115412251 0.127164711056358
0.227438536343132 0.205666743914073 0.202462592189147 0.12617257302803
0.152496369151582 0.239440713511707 0.0772399923605838 0.125373116472082
0.0301670681039413 0.247238818883888 -0.0748154632650212 0.100246789438387
-0.0632773703941894 0.147014309232192 -0.19209618652009 -0.101950922158251
0.0096306723784991 0.0705999184999477 -0.0446272365384464 -0.283746426954612
-0.00675580493516822 0.208335750403664 0.181183024932069 -0.349561987035709
-0.10930952984772 0.313991646830262 0.286465297670002 -0.387190004173047
-0.0570119609828097 0.128785110377167 0.365891583482361 -0.122150104684904
-0.0391362837050779 0.0648869041061013 0.100103555870931 -0.140236225012638
-0.0906336959886788 0.0355933574346977 -0.0865183244745914 0.0272282675088033
-0.111069180906512 0.13731611556591 -0.11686755204082 0.247296120194991
0.00271880144546756 0.193460417025723 0.107020834623719 0.404718009545455
0.085185400036976 0.169405287456774 0.331178331784507 0.366141425160477
0.135393295059499 0.14056257598727 0.405129001766063 0.262213210119468
0.136091771419685 0.137847396241638 0.354756617760086 0.192045247361826
0.101746687560621 0.139564144675495 0.249414669472951 0.188694190048828
0.0276578416262307 0.146188638575492 0.0804287825046474 0.169612806648369
-0.0586637733900022 0.102709390325941 -0.104917645254675 0.100477822852989
-0.0733435823855074 -0.00961874249110866 -0.195640143261381 -0.147201400481435
0.0655844696687996 -0.0458501974322192 0.00064918725503582 -0.308443952514472
0.082484282048776 0.112893117500479 0.221896532475924 -0.323111298120255
-0.0108574673649468 0.204187501650594 0.317408411201927 -0.410311380119278
-0.0643583703107531 -0.026259505995278 -0.290059228860923 0.39366568410054
-0.100976495210487 0.0244026141461693 -0.225693458980524 0.304966890000329
-0.0418500932548779 0.0924984761571849 -0.0925887478987972 0.347644295074944
0.0625749072842624 0.0729149780708313 0.208310094149422 0.233603007239083
0.0796334371053134 0.00810452929603984 0.195965696445685 -0.0829254707138358
0.0639949962915828 -0.0289288474192721 -0.0258594578103506 -0.233659812186974
0.0250419485348417 -0.0519930419652962 -0.254756629218608 -0.235843336208722
0.00371853665758294 -0.0390018995195977 -0.393977002582895 -0.223188709490786
-0.0040159748046925 -0.0385980511838549 -0.462380492891822 -0.24967931128015
0.0219816262080721 -0.0338585451694075 -0.4033121732217 -0.330034089755654
0.056788240148193 -0.0163355175276917 -0.224283312289853 -0.389512582510706
0.0805028814095851 0.033751909031718 0.0184475910940908 -0.273751068054524
-0.0105923031573522 0.119613896449077 0.050581753279913 -0.0661245209095882
-0.128140908190764 0.0693666734184315 -0.118004466156586 0.0637218799766702
-0.108732138488265 -0.0181583251891429 -0.372335539433256 0.140148391671602
-0.150886912624631 0.100608239002359 -0.269953824587932 0.380479199288242
-0.122694877019153 0.149664852626179 -0.248526896322268 0.241117020686682
-0.0235278596116214 0.16434634357915 -0.165713487828293 0.323786501179123
0.0723418999466845 0.135470177923885 0.15331571144711 0.276200038238525
0.109113790951749 0.101658413312897 0.213410685770353 -0.0258897505728291
0.135460761478107 0.068985378420352 0.0283905128593165 -0.217019508544601
0.14506752602899 0.0356395982655185 -0.212612014787754 -0.241624934351485
0.161670764888699 0.0555699709621573 -0.356644753215619 -0.221863414056516
0.159210956423166 0.0678751447422493 -0.429602097662148 -0.223018564731649
0.173466324567972 0.118290624137437 -0.402911688816264 -0.27988525783289
0.135322425512316 0.193628951058234 -0.259131205399943 -0.340644410610935
0.053325454352247 0.24960868723763 -0.0247274420951073 -0.267256291155343
-0.115176062820669 0.278368098058541 0.041224380927273 -0.0822063102317062
-0.276394593700866 0.206768287274429 -0.0902202279465665 0.037779240136824
-0.255131007545296 0.118912464273923 -0.301881031317476 0.0989570296099248
-0.241169419073092 0.21661793549247 -0.212954771685512 0.319034370616139
-0.160726428655742 0.283780439179956 -0.273222578132809 0.167576192344135
-0.018187481860861 0.249274938346208 -0.222034136353005 0.310159502941406
0.0750747336747029 0.204911000287307 0.11218791323315 0.307372421728001
0.127447321014212 0.197544476760363 0.221144565725079 0.0270210536242026
0.192288627803921 0.172372474522717 0.0812390669655986 -0.174051710469311
0.243616472214077 0.127336279800053 -0.135735468754949 -0.210754930321295
0.293601579863256 0.141730794964644 -0.261946598401725 -0.187329377126834
0.299715290216879 0.151826023454163 -0.336341230200897 -0.168614118326879
0.31307715268818 0.227565035061579 -0.343453215054433 -0.194120925643979
0.232461644597971 0.353932152910684 -0.25627640666698 -0.245257674618992
0.0689073074731691 0.423573529540692 -0.0758169078789714 -0.233320327718407
-0.158920849118755 0.41540495776701 0.0206916964780665 -0.115090649175184
-0.349648280675884 0.335136639264752 -0.0315829454448171 -0.0319104283323899
-0.339194079873478 0.252402273048115 -0.179083657692564 0.0157831788872074
-0.308733223587386 0.294591219310117 -0.115325400064491 0.217944521002221
-0.204939696126433 0.378727558832792 -0.281433289269376 0.0811039390886375
-0.0469327581993935 0.317409687577303 -0.258351192369558 0.30243955316396
0.0441046146775558 0.284865726337449 0.0822940683565147 0.334879145882011
0.129555853094048 0.304389352667162 0.221175458375562 0.0859104591905695
0.233956504236285 0.274073764127891 0.13477038136958 -0.0981551066854205
0.314394265569126 0.206214780204181 -0.0303784205778103 -0.144259317499953
0.378804752123482 0.204902625561984 -0.12600527203368 -0.127377468710457
0.386741470075679 0.205047844813256 -0.195346348809733 -0.0998733726262764
0.396099442843156 0.285075844090724 -0.229343809372268 -0.0990142798453723
0.296360334104217 0.434697784868946 -0.206464207087904 -0.130513359692103
0.0952182257521709 0.503555724761175 -0.115232903502849 -0.176048327549482
-0.141616017725777 0.467622205761471 -0.010224696415396 -0.15485002592184
-0.33181948582276 0.410290672935509 0.0296058715003838 -0.13912195901456
-0.344424857931767 0.356176234593957 -0.0352678056018929 -0.0986445571287685
-0.32816995429205 0.321105789890863 0.0154207854715154 0.0997719145276448
-0.22850855226008 0.389485097136455 -0.243149209103406 -0.00384733347754387
-0.105493975615491 0.325699795790676 -0.255244028909035 0.270554381694899
-0.0283356914850823 0.348786497291154 0.0466775649218067 0.339666542031452
0.109624356015011 0.396359063339093 0.202732031077141 0.16241136464621
0.252673791763258 0.349541706760903 0.190739091120907 0.0135747494418004
0.347769149261284 0.256603803749258 0.0956872860384606 -0.04720617917827
0.405897077156971 0.234866668021739 0.0284009908623978 -0.0503267940114806
0.401847569257376 0.22758679621631 -0.0367720061904247 -0.0275217871843015
0.393673202782183 0.301668964450289 -0.0932531249394952 -0.0129594663910495
0.278429461984967 0.435319117911608 -0.131674615261954 -0.0225003384015965
0.0750986978458727 0.468067595827402 -0.144376756415406 -0.115289521331747
-0.0984162017867394 0.398524180309932 -0.0450037190635885 -0.196555185615131
-0.238783022865595 0.399078217415744 0.0784634474868147 -0.252794518764105
-0.285373888973984 0.405512140194804 0.0973733032653603 -0.224448569294862
-0.285595859891684 0.292158686779488 0.157378669063294 -0.0088743946729789
-0.215561483600759 0.315691002330589 -0.144203586755609 -0.07035425645028
-0.159705275506113 0.264752402257382 -0.205325577665425 0.198595421704824
-0.103816316680648 0.357046294435264 -0.00663845008150696 0.315153402735778
0.0756532213386465 0.424643691230772 0.168772806914032 0.255988580048646
0.238426376093531 0.362007499128338 0.249937931463668 0.148521888435913
0.333269793813914 0.261622120337914 0.227832585304421 0.0631361789697599
0.371244126636444 0.233855487172268 0.176328659978767 0.0331571543952395
0.349165588191261 0.222039087399353 0.107046021297062 0.0443698072030115
0.304651865184923 0.284812449431198 0.0221309204680364 0.0601871109151144
0.177230759134342 0.367213969678656 -0.077071885373444 0.0598082390543247
0.00829587583042417 0.330959495574781 -0.173747040477744 -0.0790516660054162
-0.0462119094031016 0.238866102364617 -0.0683720094955605 -0.24096426851978
-0.111215416704405 0.316628657296748 0.118691782675814 -0.33672019535788
-0.187082293868481 0.393320452338726 0.196817201873222 -0.334913152619547
-0.185866596167761 0.224735102659025 0.283245228504243 -0.0906041505051485
-0.14734816692089 0.195481841940617 -0.0135767016654883 -0.116355795664554
-0.159357592444477 0.160010561721356 -0.138139335273421 0.107272180489389
-0.132815229762536 0.287886222982617 -0.0651770479316966 0.279146853482918
0.0442480666278431 0.352548251830564 0.138265653040095 0.345308113277639
0.186305726959757 0.295767997789554 0.309383399889999 0.271960441418896
0.264759930259478 0.216167007293551 0.34464175447091 0.16543926532052
0.279029507516549 0.196234605074662 0.295032564690826 0.111163757350842
0.243210408990397 0.192207865527109 0.211555845865477 0.114552847087499
0.168403489780688 0.230240613656271 0.08513832819087 0.122147873589966
0.0461666149121392 0.246753912974333 -0.0704561702250733 0.10626984070368
-0.0546101935789026 0.150227619312131 -0.202221794822699 -0.0866110672877435
0.0134992411098976 0.067112378083057 -0.0612892448013608 -0.285720708449757
0.010146500924763 0.212462855491812 0.160588778655487 -0.368648339327866
-0.0865276822019737 0.323732281600027 0.259995890304468 -0.408610792849586
-0.0485396514286491 0.133608564789063 0.362737279563022 -0.144942184022965
-0.033827731370326 0.0672547793962931 0.0917340980961407 -0.146942881484245
-0.0904717583023731 0.039805687883206 -0.085789643238858 0.0343420100643492
-0.10361660200673 0.147353833313747 -0.102440791878566 0.258586501773848
0.0153377109333778 0.1948452853398 0.132691654717976 0.40397218132204
0.0972882241158068 0.165807829252793 0.359558048947669 0.346943598594883
0.146302373639902 0.133865908667897 0.425269127529137 0.235869880445295
0.147087194911509 0.129952843262416 0.371471933372459 0.17211392168515
0.110786654881769 0.133116975564213 0.26270447952777 0.175487805954567
0.0368679246971852 0.144845975006756 0.0900015228639788 0.166300559288038
-0.0530835677313904 0.10766824550616 -0.101813653279518 0.107695993546708
-0.0758471671451554 -0.00659012211933376 -0.208857222269638 -0.1331316505244
0.0628291450977138 -0.0535232265657491 -0.0165345445144733 -0.314610219019247
0.0935428893956626 0.109229540647907 0.204116576621464 -0.343777050899914
0.00399466526724085 0.206909163351405 0.289645198911051 -0.434131669418937
-0.0660387116004549 -0.0217764162546198 -0.254187518675839 0.415382083181462
-0.0979049024659959 0.0332965505555749 -0.197678018769977 0.320480810664105
-0.0344459156843949 0.0965916572216305 -0.0625260685127787 0.355696966292569
0.0680064881386713 0.0672996276291678 0.226126962251333 0.213822617310722
0.0802190537230036 0.00160971993333352 0.188952009071473 -0.0979704543684511
0.0604985088014931 -0.0351318321133371 -0.0431293122341934 -0.230242648214115
0.0197250690568753 -0.0538121087973018 -0.270412247166573 -0.211581014248801
0.000668923502694053 -0.0385391669753464 -0.409396818004026 -0.189333257943338
-0.00766702667340699 -0.0364030760408737 -0.479489981248296 -0.207187874752397
0.0185452122579002 -0.0345713711028846 -0.427030281336445 -0.292250602254643
0.0546176915501922 -0.021901061390074 -0.254847538755338 -0.36700524778381
0.0829205939275573 0.0252707944847183 -0.00267145835565733 -0.274362562175438
0.000194935002781778 0.121090755946611 0.0438788765948371 -0.0710273323862761
-0.120437446299821 0.0805369207333752 -0.112460365200768 0.0738797031035592
-0.109466224378474 -0.010813334216519 -0.352343876065129 0.169020608705169
-0.142133290833842 0.111202547289625 -0.23431046073178 0.400840836680533
-0.107855867743214 0.15897557635279 -0.225010348928014 0.259271345342639
-0.0107623729999576 0.164413725633251 -0.137688589835944 0.337996742847679
0.0828442047917242 0.127183582948918 0.175897378110003 0.261635805539307
0.11688176656868 0.0900072685868438 0.212144469902235 -0.0425876217945595
0.139949293354838 0.0552427856855741 0.0127962631000587 -0.218403183524416
0.146090836393013 0.0233180654974447 -0.229467622046894 -0.221157963530746
0.164525129439461 0.0416603871868052 -0.372378511036492 -0.188351811160319
0.163236701031241 0.0551878411706256 -0.445000547408814 -0.184397822265521
0.18128204340599 0.101934081145194 -0.423118656413831 -0.241816480289264
0.151360612304597 0.179370416656647 -0.28523053282184 -0.315576446451126
0.0741054912829235 0.241732449396169 -0.0455138874451737 -0.262352086103492
-0.0917376393624568 0.28566003341233 0.0329674550133345 -0.0867565803661412
-0.255523269492006 0.229958906287455 -0.0866269165312679 0.0460364279021696
-0.241791533767461 0.13603053490622 -0.28778740070337 0.123547095282474
-0.222605867349602 0.234208380258107 -0.184410300974596 0.335840303185804
-0.132292188268604 0.295974524657428 -0.256281756427906 0.187965085775345
0.00152783793040999 0.247911391238993 -0.195105805492857 0.331018973179923
0.0913581287771922 0.194416119503034 0.137642062280685 0.296109691141433
0.143217718935923 0.182891869531253 0.22388103792644 0.00956590676775595
0.204272437988684 0.152462483326459 0.0692775204197745 -0.181864953622974
0.250971498332841 0.105030446412426 -0.151389602043769 -0.198038697330221
0.30264045595897 0.115194382288538 -0.274188120853775 -0.164246840023579
0.308680101168377 0.125475031709002 -0.346769512916767 -0.137531752207138
0.32919459728554 0.198248379298988 -0.354829228074367 -0.160830932302252
0.260259691374342 0.329098592984235 -0.27346958882093 -0.219958268625155
0.107179328081485 0.413172070769497 -0.0929169450954148 -0.223286140037736
-0.123076400286766 0.425563591418869 0.00984737715521559 -0.118323774862212
-0.317132560054195 0.365445862499632 -0.0340729917652938 -0.029774743403029
-0.31271435634623 0.274919315030614 -0.174502415630377 0.0323098492404698
-0.283502943675393 0.318286520498943 -0.0967137041209502 0.226342391186831
-0.167673763382851 0.395146893758202 -0.272641775814864 0.103776080539253
-0.0214449867397175 0.317127283230203 -0.232790398808342 0.327970486595182
0.0677583698434217 0.275934730470356 0.111261862121365 0.325660729597714
0.154432822579635 0.287652248566933 0.228170280082097 0.0672494879563794
0.254003269630292 0.249044890176888 0.128662616085455 -0.11242268010934
0.328609709249888 0.177976151846734 -0.0426289925421696 -0.140646153312622
0.393104758407173 0.16978175694453 -0.134644614328254 -0.116135123563847
0.399930911627202 0.16938942815391 -0.201810323855683 -0.0806811207190525
0.417065323999521 0.247568940465682 -0.233965315071771 -0.0762028982044973
0.331145882704728 0.403898077071944 -0.21522039087726 -0.109729720067979
0.13741672898411 0.490593585758614 -0.12784317759152 -0.161246755425247
-0.102954592950381 0.473924883212443 -0.0237945150166517 -0.154986105510078
-0.292338763677041 0.437490836293448 0.018054861284328 -0.14167479466431
-0.309333127592936 0.37948356926665 -0.0425670319329228 -0.093293646449343
-0.29941101218945 0.344898739144581 0.0236123549359623 0.0967402532144978
-0.190317160572072 0.406541539975149 -0.242347445790307 0.0163139224231975
-0.0801122417923169 0.329637727329023 -0.230978874149865 0.296024307538545
0.000985752752011862 0.346142169790359 0.0763106944573866 0.333017544946314
0.141538202797717 0.381011903491565 0.217648249636769 0.144779482639042
0.280652203553972 0.322341454786548 0.193111187863028 -0.00661796580892128
0.365622457591522 0.223220249931262 0.0899689421152729 -0.0561493742003811
0.42248621309074 0.199133254036077 0.0246250276787272 -0.0526374367011665
0.417454390065873 0.191285878100465 -0.0380877476953688 -0.0230728684967402
0.41417613418517 0.264359521602208 -0.0922839522630978 -0.00338973684205096
0.313316755373787 0.405980005413701 -0.132329169047413 -0.00984114691095884
0.11261259655884 0.45542134783897 -0.152174838431805 -0.0980084031820455
-0.0648706412791066 0.401816381531013 -0.0618371999626284 -0.193608595197277
-0.200965589202113 0.419110882195007 0.0563875150695691 -0.259603363181824
-0.243137406080594 0.422288613559193 0.075907784749476 -0.229640081947635
-0.259433681272526 0.313144312283367 0.155470974820264 -0.0229600308342876
-0.18258038012736 0.331006779489527 -0.149370852447275 -0.0573542131443405
-0.138814074461324 0.27303481211812 -0.186933277247459 0.220140792670994
-0.0738120829698486 0.362579766527358 0.0209045554913901 0.312183193792006
0.111287841354857 0.412308975368636 0.189875757532466 0.240570593077996
0.267762680785252 0.337054157755636 0.262098096496346 0.122219768428459
0.35133414462721 0.230427365500297 0.229297887906412 0.0424304770517159
0.387770291344799 0.19908413027174 0.177371462608487 0.017353697826591
0.362682415231199 0.190961684812779 0.109977404925817 0.0356293930091274
0.325070599371501 0.253317530660853 0.0273990403080049 0.058679629975371
0.206892863330252 0.34728359213255 -0.0716792985537233 0.0672059041474559
0.0358571430749138 0.325223877076057 -0.178763896473374 -0.0589415794478131
-0.0267625529465901 0.237476718337864 -0.0877997421676669 -0.236185457527955
-0.0796337835399106 0.325102309904033 0.0887024761861011 -0.347713864999368
-0.149586678586577 0.40370404821285 0.164521612672415 -0.347206078465561
-0.164689935462159 0.238341012340483 0.2741436932344 -0.113477226241989
-0.127228903171429 0.205979774656569 -0.0231818396242749 -0.11359094646615
-0.147432776421391 0.169831254595036 -0.128156032805287 0.120916259090623
-0.108287335933086 0.297329420119882 -0.0406051861635792 0.28255246436112
0.073859210675787 0.344889346926619 0.165785918738341 0.332729474905576
0.210503571670728 0.2764386272296 0.330997359559462 0.2399173657645
0.280483457823191 0.192991344016573 0.354429446325344 0.134107429925101
0.293802930290767 0.169986793815233 0.300998885542499 0.0852660760803213
0.254828628473835 0.169400680977985 0.218805695530716 0.0965594260222632
0.186142597018183 0.213156024168572 0.0930581299125303 0.114341504782046
0.0668459761493429 0.239820205803234 -0.0624519007689759 0.112114394334827
-0.0427269962716386 0.151310258630032 -0.208434413915612 -0.0645227230659218
0.0183363627872203 0.0621201039647321 -0.0840500938277937 -0.279742133118739
0.0321236145157293 0.209722156633822 0.128101613157118 -0.382723787064336
-0.0559334250421465 0.326796134440615 0.220101083006835 -0.42504173470849
-0.0355744830098379 0.136282260209875 0.348134736386039 -0.171705124930137
-0.0263996745776958 0.0686350457992328 0.0794239340500958 -0.152489079273251
-0.0879414549533934 0.0453591266070635 -0.082774695629205 0.0422691189402273
-0.0905946110438681 0.155826782525352 -0.0808727347506962 0.266830408648038
0.0323460534061366 0.191389441699045 0.165938527176676 0.391802133024911
0.112100946262195 0.1564163692642 0.385348652145413 0.310402321506675
0.156624446628968 0.12054208311562 0.439180035111383 0.197463148910459
0.157417939756379 0.115768787495657 0.381672141012418 0.13960065276023
0.120867737009316 0.122239671689792 0.274361052609055 0.152052256203637
0.0475044777351416 0.139721229354888 0.100822622824016 0.157233853260759
-0.0446126641398262 0.110946760265939 -0.0943474522073032 0.115671199876532
-0.0772590369948331 -0.00210792825388969 -0.219394126654432 -0.111543990061668
0.0571265487325014 -0.0611621548854927 -0.0415359445269762 -0.312889402756531
0.105331515725187 0.100525307570215 0.173662687457413 -0.360598982647288
0.0235174083522213 0.204849845543845 0.247543342559948 -0.454043861158079
-0.066353910043939 -0.0168958856227423 -0.210598095529298 0.423487388610161
-0.0922781113218472 0.0416152661762551 -0.163934088519562 0.324116965815585
-0.0259203227054683 0.0982476718720953 -0.0319613397703605 0.350464737199635
0.0714131017800583 0.0601585276604887 0.23583373210024 0.189130300110943
0.077520774202788 -0.00528993803579338 0.175446580452825 -0.109530718155657
0.0546919956139518 -0.0401820388969101 -0.0591483410214125 -0.219719146683398
0.0140549544093526 -0.0535381037814757 -0.276417736630455 -0.18261692362708
-0.00167942386622229 -0.0368279784356148 -0.411975245239362 -0.149211127906447
-0.0099256076062302 -0.0328641242391793 -0.480439972830655 -0.158831140154435
0.0148153855030623 -0.034522579912371 -0.436905232262905 -0.244854273735347
0.050846457914693 -0.0267205241610436 -0.276811530780163 -0.334290144070107
0.0828147866509244 0.0166142015813038 -0.0234053143103765 -0.266387009390277
0.0102863790525889 0.118839759073652 0.0357111898503289 -0.0725352057944628
-0.109549799376639 0.0878159453867921 -0.102656642886272 0.0818784025489349
-0.10749806688397 -0.00352480350898435 -0.324187892643882 0.190805762473903
-0.128711134888724 0.118038746407761 -0.193068125442255 0.406918857027074
-0.090707841553204 0.163754461518723 -0.195258647667407 0.267658993727938
0.0020645021374804 0.160353995865745 -0.105520467512398 0.341806837590394
0.0901097365934008 0.114826438160522 0.191306924715114 0.239041499104668
0.120400173066786 0.0758333209916233 0.203223063279381 -0.0566866030492296
0.138722366035973 0.0400405648963116 -0.00377195426798247 -0.214462524494208
0.14211703743858 0.00951305024656881 -0.238074707201846 -0.194428671295965
0.16276077979992 0.026283967594061 -0.375316144568424 -0.152996008965306
0.162156685424879 0.0405278987795778 -0.443838568693703 -0.141012217145998
0.182938485576773 0.0839293511467122 -0.428551657040972 -0.196750101951505
0.160669727174554 0.159447456678352 -0.302332012584836 -0.281072607230109
0.0915496644375423 0.226942750205814 -0.0630716923139974 -0.251107225958524
-0.0660599440417193 0.285201531526311 0.0241495297795272 -0.0876807361514071
-0.227032265876681 0.244703573046831 -0.0795733183124733 0.052332418641722
-0.222663149243466 0.147956138084804 -0.264259514441441 0.142154230156264
-0.197428595213775 0.243546596617339 -0.149749646806187 0.339524558481825
-0.101944409996292 0.2985222526658 -0.232181084546066 0.202412708370185
0.02023371576221 0.239712535614805 -0.160490060303025 0.340759914293014
0.104218306154921 0.178553282457362 0.157588000976205 0.27631515304432
0.153353005325663 0.16246628630254 0.220032144237863 -0.00702236973561348
0.208525227769722 0.127775152509258 0.0546649721324288 -0.184226686934522
0.250463573705379 0.0806317741192555 -0.161527575941793 -0.178359382200307
0.301761859501037 0.0853556636414627 -0.278638825351465 -0.135997697694685
0.308272016921155 0.0962395138403223 -0.345525963198234 -0.103195289138868
0.334520859613596 0.161535130741104 -0.354095499575209 -0.123756314357322
0.279949204413568 0.295694461727524 -0.282041298929372 -0.188695696097884
0.135566338800954 0.389742887747148 -0.105654369482932 -0.206688621448378
-0.0845571949627031 0.420617486174796 -0.000592675764840099 -0.11655091658003
-0.275704268252729 0.38183669014579 -0.0353059821822914 -0.0261806642552049
-0.27899964176149 0.287730966526237 -0.163644236808679 0.0458711706755036
-0.247001678216407 0.330393892747586 -0.0742091152881325 0.226650869944456
-0.126474723105507 0.396961158691076 -0.255774208548629 0.122421245900537
0.00316802781014674 0.307024997520776 -0.195828302547079 0.341532269036842
0.0875027040647138 0.259176441917003 0.135924392455684 0.305448075403269
0.171500045878336 0.262762253312999 0.229554739170441 0.0479207732340272
0.265760629916244 0.217018229533002 0.117424506932884 -0.123257801144544
0.331163123526081 0.145221676342766 -0.0533426097923536 -0.132585670893409
0.39301553915673 0.131477215137995 -0.139980396925969 -0.101843543858474
0.400794636691453 0.131367580077978 -0.20064991651036 -0.0603518312269959
0.422307857051026 0.203102015965776 -0.230365133494513 -0.052516575917609
0.354064229895941 0.361836475922882 -0.216248850555919 -0.0869594185036534
0.173398038184814 0.461584384811669 -0.135193723885464 -0.142769932283455
-0.0608296925495446 0.465856851124549 -0.0369418862338695 -0.149442250184674
-0.244412135091033 0.448917512499742 0.00556760472150489 -0.140223178859258
-0.26626201426159 0.387707873639932 -0.0479898703291928 -0.0859750304693356
-0.26175088155064 0.358447618973449 0.0309373463128679 0.0907802785048
-0.147301519858376 0.408196730708045 -0.233843537980016 0.0360547805045283
-0.0522470336375511 0.323658099817585 -0.197590796856387 0.311504835156017
0.0289689672439398 0.332445263292219 0.103052657407786 0.31530834564198
0.168003081294574 0.354629863507016 0.224293736573454 0.123164103135687
0.296541940930676 0.285762160209197 0.187711730368899 -0.0266392000076594
0.371824908398019 0.187264898669756 0.0807597693850363 -0.0621926474776026
0.42534017138156 0.156606512682928 0.0190933922452921 -0.0536159302523305
0.417126111460296 0.14993681725805 -0.0383138233765285 -0.0192872181129152
0.421719946474661 0.218998878952604 -0.0878708606954117 0.00551476884877701
0.337463660500141 0.364146139754648 -0.128061614437933 0.00339772459048532
0.14718339159931 0.428924559926381 -0.153231297485698 -0.0783600783169209
-0.0316780859180892 0.391026892445729 -0.0769776151398971 -0.18502929116853
-0.154519928960489 0.422253538735007 0.0318771404250221 -0.258719691745728
-0.198829126808004 0.424154816907572 0.0541511166019889 -0.227023008589761
-0.224007806510788 0.324235911533852 0.148703408292121 -0.0349311571051224
-0.1462981131421 0.334926281120316 -0.149330515877595 -0.0426586132960622
-0.113643705965689 0.273618379320432 -0.161491943540643 0.232367427554496
-0.0418500483112583 0.356563729619409 0.0477214348104867 0.299727791444278
0.14149633599936 0.388439743258165 0.204875614593199 0.21821988321691
0.286654143227148 0.302133688896922 0.265408931439738 0.0918726249638869
0.358254725127609 0.193710168592249 0.222879268904613 0.0210798999506876
0.390622706283309 0.159319543004827 0.172767125225861 0.00139813135226709
0.36552171396862 0.154051546062329 0.109941004469297 0.0264384588351898
0.333824582624361 0.217708695405378 0.0314502273680972 0.0549794901071271
0.228760960498711 0.317105386980346 -0.0640694763530837 0.072255500905572
0.0595730248439447 0.309400925722123 -0.176639165798593 -0.0377799543940788
-0.00809729870124112 0.229235715042767 -0.105416419303557 -0.223262936492135
-0.0453588995949798 0.321113714806014 0.0552698373500857 -0.346671702408725
-0.107782309341432 0.397951716250259 0.128224904073166 -0.347777419761623
-0.138563322221304 0.243247890001348 0.255847467743689 -0.131697412645799
-0.1030611425609 0.208310403251432 -0.0316136477267345 -0.107114429345978
-0.130422012978483 0.174754826697906 -0.113394181196055 0.130321385699517
-0.0812430140102385 0.296667020186273 -0.0156316076463217 0.276819255451724
0.099975876229896 0.326515471625455 0.188425294174785 0.309689106329871
0.228158006653552 0.248150967496278 0.341029542279746 0.199803086692201
0.286785462791627 0.164163150693957 0.350344540084894 0.099949303142499
0.298097670075472 0.138405515748279 0.298200925742456 0.0572095158951628
0.259833424243097 0.141852700753975 0.218984534550618 0.0758386213235068
0.196341020122782 0.189022194695331 0.0985769064484988 0.103007484391777
0.0849427930870524 0.225105564744091 -0.0517458673619066 0.114279047590778
-0.0298699480542388 0.148823623181048 -0.206528711821542 -0.0414375695433157
0.0216200713050373 0.0550177675338597 -0.10455894478032 -0.266961700164612
0.0537299074746688 0.199786510434135 0.090164987879229 -0.382512543804228
-0.0240419395432806 0.318563400314745 0.174546035774366 -0.428026474356764
-0.0217333973825059 0.133889299208274 0.322510846898112 -0.194457333636633
-0.0186578901563355 0.0673417217312858 0.0646446518680726 -0.152730748016017
-0.0832804977683258 0.0498789985912709 -0.0773037149971647 0.0483154460370004
-0.0745637893450224 0.159615582100449 -0.0568295294563458 0.26484547771921
0.0473436329873164 0.181481591049755 0.19368564960893 0.366819373687385
0.121535047041323 0.141214845550922 0.399046325185342 0.26514647747488
0.161229783980386 0.10384322334623 0.439322929434184 0.15219205566915
0.161989645388668 0.0979934498821907 0.379811917858109 0.102372396752933
0.126354013611972 0.107681575411385 0.276869304263892 0.125120893412855
0.0562964849984023 0.131131333558795 0.108224071620544 0.144173013700319
-0.0343671620414225 0.11069797109489 -0.0837453225623713 0.119831170181981
-0.0760378462530084 0.00361464457634941 -0.221941457010182 -0.0877914153854707
0.0491988682634116 -0.0663828324680782 -0.0651919887732154 -0.301488325326789
0.113875079521618 0.0874109545914189 0.136717153250719 -0.365744149284508
0.0417572644044088 0.196370913049331 0.197138232563431 -0.45773617954366
-0.0651699494381985 -0.0123815871984475 -0.170987544032247 0.416513056955992
-0.0857687534756084 0.0462568406930451 -0.133928053552525 0.316703270953336
-0.0187390995920645 0.0971949455434259 -0.00805530694165994 0.33880255843354
0.072232593820393 0.0533583582708828 0.235937752345933 0.165933810109856
0.0742809587961048 -0.00965667268856383 0.161898248458623 -0.114776994099587
0.0491222063075089 -0.0412661574698358 -0.068962788971482 -0.206171796123807
0.0087348251070742 -0.0513557589062609 -0.27288873865321 -0.156202813309401
-0.00416565062693382 -0.0342657066490098 -0.40136328301899 -0.115034134032354
-0.011417285067867 -0.0288890878655087 -0.466802988203255 -0.118863327266273
0.011446236906989 -0.033140786146725 -0.430353077323288 -0.203139601931093
0.0462740357266861 -0.0294842342808861 -0.286099039650896 -0.29898334380137
0.0795705263609912 0.0100680458423309 -0.0379662583350478 -0.253538394777367
0.0184705121084921 0.113112852643084 0.0292561545258129 -0.0718930635047948
-0.0975537714275656 0.0903277170419764 -0.0921537463731758 0.0855386068278959
-0.103473564269366 0.000926269727737974 -0.291990464613781 0.19923589375095
-0.116156264173896 0.119964701598751 -0.156909179268355 0.400268363234658
-0.0749124941831273 0.161758926251011 -0.169089910438741 0.265272657195018
0.0112366538427083 0.153146730457793 -0.0782376221168311 0.334931437103723
0.0930268498850351 0.102335683954552 0.197411515104676 0.217203401295419
0.118900658060388 0.0633878558806999 0.193623553291842 -0.0650859529357221
0.133584782944836 0.028304501393915 -0.0149105716564897 -0.204936033829883
0.134971411071127 0.000498708314071887 -0.236807157381791 -0.169525272630612
0.156210936200637 0.0147608159904064 -0.367353913113277 -0.120795023368755
0.156693022673677 0.029415485173572 -0.430641459397303 -0.103561863686668
0.178238779477055 0.0678572026646319 -0.418281752097321 -0.158323038152855
0.163367957021498 0.140360501187558 -0.304909355718243 -0.246910685145424
0.101522255398761 0.209516953728308 -0.0738322984990401 -0.235900964490424
-0.045005474563918 0.275730496967784 0.0167043856542353 -0.0854661692796354
-0.199039723381796 0.248147263749404 -0.0718672100476131 0.0552084947287577
-0.20353043176347 0.152172365914568 -0.239491419061777 0.149988899940286
-0.173093852825288 0.24466055589922 -0.119912575023022 0.333335337501689
-0.0755203356147148 0.290782978695092 -0.208262194386607 0.205887039310087
0.0334958978136569 0.226883813554503 -0.129751096003869 0.339552078551496
0.110087638393448 0.160997698880232 0.168965539494983 0.25377649411593
0.155497901682145 0.142793389586749 0.212573290911691 -0.0195767276317214
0.205491991754646 0.106305447922959 0.0418740125783752 -0.181488143750865
0.242445654129954 0.0607051188052861 -0.164472530953225 -0.159588407124232
0.292483113186574 0.0619855412544436 -0.273634469023163 -0.112423671856087
0.298927222850049 0.0730314999900504 -0.334493865375955 -0.0750439897942024
0.327616005424858 0.132574837368947 -0.342463082146094 -0.0934207454140575
0.285895935668772 0.261319346805219 -0.280909394089861 -0.160457516039553
0.155593918806252 0.361624133009506 -0.111370365803715 -0.189830650199916
-0.0541529152782957 0.405882898864364 -0.00911599733777957 -0.111654402783762
-0.235109829430542 0.381431671711766 -0.034152427996459 -0.0230087183733335
-0.247105643214601 0.286133511307975 -0.150537221254174 0.0532461645520414
-0.216355823774298 0.329438563372632 -0.0553667258504571 0.219255482250438
-0.0899404313436762 0.384318441305216 -0.236120368381105 0.131726866980607
0.0218304558824854 0.291960083513841 -0.161967315121292 0.342915392373704
0.0991591195885327 0.238338231336795 0.149494351697332 0.281731576386334
0.18064657496071 0.235878204501954 0.22487134260191 0.0312878095013005
0.265694426937715 0.187687022905721 0.104610558938504 -0.129385889465089
0.323037885546729 0.117370607085981 -0.0590355263978034 -0.122749717097747
0.38284471287103 0.0985568438193236 -0.139879729748178 -0.0886007218154302
0.388351373584887 0.099965233388752 -0.193877636727197 -0.0441531461452807
0.413171262880371 0.164266193698447 -0.22096198816782 -0.0335103727699906
0.362012655082213 0.319238095624892 -0.210395585547688 -0.0674042977208948
0.193375664373641 0.427924922856963 -0.13478525252613 -0.126033311394009
-0.0298867234721745 0.44663068395091 -0.0458626196883862 -0.141591156721
-0.198956680078008 0.442839819936927 -0.00384327206885604 -0.134984049148461
-0.227816518149538 0.379284731074142 -0.0500285028016672 -0.0782673489432236
-0.226069420561748 0.357465878116076 0.0350961519467766 0.0831463963356806
-0.110002005373997 0.398119508326912 -0.220689782968679 0.0490146635440385
-0.0313984085945352 0.309460721292345 -0.165054046590394 0.31395070809685
0.0471639347017429 0.313183576875508 0.118963751035281 0.292544853297443
0.182679147625849 0.324152297786966 0.223789461237236 0.103438972144282
0.300398027707459 0.25067897860707 0.177589623248571 -0.0422625889605089
0.364376884913726 0.154451646253756 0.0712685950264879 -0.0644650557129722
0.412624533353637 0.119796224573746 0.014698681789733 -0.0524207692492085
0.405359063402474 0.116622789134872 -0.0373853815823815 -0.0151890031995858
0.412567993034629 0.179556335349345 -0.0820770334462969 0.0115442327300674
0.345834536966812 0.324210712799106 -0.121106262654522 0.0126469872462454
0.166289003920539 0.397083060188703 -0.148060182167586 -0.0616948106215721
-0.00596997343113834 0.373868507518045 -0.0867858717415819 -0.172628516668845
-0.116270271603134 0.411711601571128 0.0121360251282328 -0.249793102347279
-0.159498333670553 0.411114090504407 0.0367556539378319 -0.218356181106438
-0.192649346338235 0.321957657846597 0.13876078734478 -0.0433805144604237
-0.113357934802978 0.32694378260253 -0.145140175017117 -0.0307892688361313
-0.092718010496939 0.26648534691166 -0.136513158958639 0.236049038493575
-0.0181133875429312 0.340412071047565 0.0652005109710452 0.280908409902749
0.158587309377588 0.358701133606084 0.210842064639424 0.195042923377994
0.292370006021042 0.266335938962886 0.258239644971641 0.0659381036465385
0.353171735977532 0.161922490360588 0.211068456252591 0.00584957621710457
0.381561889164237 0.12495454037108 0.163959323985928 -0.00895403652523082
0.356368509298063 0.123260006139666 0.105789671459616 0.0178969867924618
0.330080542903831 0.183303733565602 0.0334816860965076 0.0503958747749058
0.238868946334355 0.285927537358758 -0.0569156279804072 0.0739643961845336
0.0755202773716322 0.289466174143573 -0.168233474664155 -0.0216250142150075
0.00554515757307535 0.215977921988993 -0.116390756738369 -0.208748355088399
-0.0177235513294526 0.307891395264144 0.0286631709173312 -0.335398997804698
-0.0744296075103087 0.38100295136112 0.097359870123198 -0.33716831817416
-0.115530295529725 0.239390632080208 0.235281504126656 -0.141444471505162
-0.0822671921568218 0.20318988316198 -0.0367436468869103 -0.0995968062744967
-0.115482080006028 0.172798957929204 -0.098041978651971 0.133577149592832
-0.0583966317386114 0.28729867626152 0.00268355731182189 0.263931086076132
0.115532886170613 0.303661871698124 0.200283953464439 0.283474147020092
0.232513527677781 0.220261949818206 0.337701555148604 0.16515053438511
0.283465227135356 0.138082316236041 0.337095781937177 0.0715010522908255
0.29315818406462 0.111597929005292 0.287495386986875 0.0355279520932913
0.255212174642903 0.117936521403238 0.213407797077079 0.0580504565795624
0.197687430646869 0.166427588673471 0.0993904188320549 0.0923276363437822
0.0950286573446471 0.208152893246772 -0.0433855498137781 0.112967634899465
-0.0210013963535107 0.141863265728919 -0.198620788282479 -0.0231673813590864
0.0223023957615224 0.0480214481984308 -0.117272735779394 -0.250657204963182
0.0683231456454345 0.184984040099286 0.059207512151855 -0.372457637806632
0.000527706524231897 0.301539059307852 0.136100400473496 -0.414463258976045
-0.011026844621015 0.127481554115205 0.29538959871179 -0.203426662854974
-0.0120148487507383 0.0634541688355634 0.0521950634338829 -0.14937610558991
-0.0775919011029015 0.0515473358871592 -0.0702377665872681 0.0510620723086443
-0.0610064375516868 0.157051943706538 -0.0375961126961725 0.256589783415478
0.0562207561266621 0.16932513270281 0.207330453319789 0.336584482077124
0.125709619246519 0.125627870812556 0.3960919895278 0.223436179728048
0.160781592215755 0.088928504100133 0.425176635749777 0.116602335926531
0.160530383742783 0.0816771229683197 0.369037773819161 0.0740063337802701
0.126225626698614 0.0939691395765141 0.27201034658522 0.102141891549428
0.0606493508277892 0.120987026471927 0.110435615401383 0.130633666830227
-0.0260006902501873 0.107195768381542 -0.073830743774425 0.120433770641683
-0.0737776722824268 0.0073641439518533 -0.217078557417638 -0.0669623311236734
0.0421763500968696 -0.0692929207977928 -0.0815522508274776 -0.286188077709772
0.117359251043592 0.0743536953729408 0.105983577800814 -0.357951473324651
0.0549842103931173 0.182513871356662 0.155411240725969 -0.445677557735151
-0.0539548151532996 -0.0389628216803756 -0.30682797296081 0.313676828840027
-0.0933645167775616 0.00689805377519823 -0.234844094635283 0.233682901493769
-0.0544855978106989 0.0808959028302523 -0.130312916007099 0.303447130445457
0.0415143912066373 0.0737316951138055 0.154580534899931 0.235628068019244
0.0672864036585975 0.021008499121583 0.188088628587034 -0.0424589179175274
0.0584945528057795 -0.0178974282069558 0.018636459457828 -0.209630767126577
0.0263906239975021 -0.0409571053817755 -0.180618692055057 -0.240825845298081
0.00813835516192212 -0.0315909560520069 -0.311202679676069 -0.248581450756765
-0.00189600178741535 -0.0267242630823947 -0.365532081222934 -0.274145239145517
0.0192040882603069 -0.0220932662108546 -0.304645968299577 -0.338801598823937
0.0465372653286379 -0.00965678994263908 -0.139287225146008 -0.367103298781521
0.0643201881722071 0.0352193775920113 0.0649576102130923 -0.237922524606344
-0.0224863697437983 0.10894239063019 0.0501344499748871 -0.0502148804311294
-0.117762152094386 0.049721933153402 -0.117541617774708 0.0403503795458527
-0.097979392662992 -0.0312475332228399 -0.328941933655657 0.0609998529674415
-0.154580480951034 0.0587682841915993 -0.271588577495204 0.306961568347082
-0.128036306278507 0.111728335180138 -0.240359272097988 0.17532873685995
-0.0500074224047999 0.141052542171833 -0.187699657361582 0.272803875558502
0.0402897410586887 0.122747811934589 0.104027467581397 0.267431075376159
0.0777821689796859 0.100220879433279 0.201816246101143 0.0129096058454188
0.105292250095475 0.0743746933278072 0.070055977247853 -0.190711996617075
0.11645191137775 0.0503464924142026 -0.141607231755256 -0.240492864762704
0.133044757041137 0.0702447841358503 -0.277710211549248 -0.242983687617745
0.125702645320115 0.0858692382365748 -0.341168163623915 -0.246504442856644
0.131290510541511 0.125475311969159 -0.310687926913274 -0.291201030061342
0.0925569088892095 0.18296129769598 -0.17384139839762 -0.326308244252549
0.013047626966333 0.220500216579737 0.023411754281794 -0.232918368798189
-0.136445010677797 0.234229063109728 0.0409427207375192 -0.0673872177512601
-0.26015469090516 0.156613321691514 -0.0969995741241387 0.0176057640829995
-0.236863839654311 0.0708523951748398 -0.269231054843112 0.0306513267091511
-0.258203742158107 0.147171754987529 -0.199856546949677 0.264447351527376
-0.179176492580875 0.224145654670509 -0.246475083261718 0.107663101372353
-0.0593132238265189 0.213909343357602 -0.229417443186185 0.256738323899278
0.0322045850236036 0.178864953024213 0.0681594926765521 0.287838480448314
0.078871931358577 0.181588628271288 0.206971225775778 0.0594096937937544
0.137852190762105 0.169293376381071 0.115678129024365 -0.150654591027381
0.187797188563653 0.142870948188245 -0.0792836587161907 -0.203690743734804
0.236760959763356 0.161400959641205 -0.200215899040284 -0.201135865264468
0.236998777193298 0.174645552890521 -0.266538903769102 -0.183063177849382
0.23926603573332 0.2332198994332 -0.268254511461296 -0.202764475451179
0.159369440475643 0.333398631452238 -0.184671532354307 -0.240552070472469
0.00645912203597476 0.37516962561277 -0.0282484229137277 -0.203400900997383
-0.190181036033913 0.348337857644817 0.0254110640531456 -0.0996258531495047
-0.336696350324506 0.263521999894767 -0.0418870974558492 -0.0383675132396006
-0.320495229863374 0.175231863185383 -0.15946726890084 -0.0253671373208563
-0.332355110835024 0.207723900752157 -0.0901814787722639 0.189790614664609
-0.228381225219716 0.299904949570125 -0.239182029158185 0.0335050486081524
-0.0949674520528379 0.265568267042849 -0.254476984370592 0.249015710940695
-0.00747135092885005 0.241403125748546 0.0454405400669427 0.308299146627042
0.0636819744145855 0.271993940710829 0.203850768102909 0.1081405501645
0.160317116579029 0.26192894624959 0.155885063507561 -0.0810813289072987
0.237550654377535 0.222447165637076 0.000524045911660472 -0.132372275800696
0.30404750160484 0.22623498862247 -0.091268484074282 -0.130490594331351
0.306328643552557 0.230455953019984 -0.154799306891605 -0.103978861980683
0.306050799517813 0.291152802309604 -0.181969573252189 -0.103732859048563
0.208392355969127 0.412137139561321 -0.157509021238651 -0.132827874514685
0.018449914656356 0.448477427270564 -0.0738679094615839 -0.153209980620819
-0.181961717421526 0.394034330740265 0.00283487232373891 -0.139113948513877
-0.325765642221075 0.328753969231135 0.0238378900418428 -0.12532387007541
-0.329550820453548 0.263726575389011 -0.0279351422142133 -0.105120154236857
-0.351640558550215 0.227973007256066 0.0431340238011026 0.102919561716095
-0.249637724627158 0.304438002318804 -0.193622115734389 -0.0328516961818865
-0.149361585339323 0.260838239144698 -0.245398889223259 0.225908474043616
-0.0814442125160346 0.285943980666255 0.0178487500285146 0.310588382946645
0.0314649198440424 0.347852499287664 0.179917840211165 0.172012870063369
0.167139555775838 0.329976101025769 0.189357460829039 0.0224940072351086
0.259666986435135 0.270901493536992 0.0938447079254889 -0.0316222096405277
0.322836759799743 0.25639386798422 0.0309054913458477 -0.042740155275414
0.31877878699332 0.250025247785891 -0.0280649875694873 -0.0202588080623108
0.300461384957433 0.30278857197858 -0.0772309786365487 -0.0122006462502078
0.193815915963624 0.408491577632315 -0.109416385987114 -0.0292171775316944
0.00464200697108315 0.413010825377431 -0.110105563520075 -0.10149974891673
-0.137147808927444 0.33310794814939 -0.0191176201341699 -0.182510415763434
-0.23853479956884 0.327696886066703 0.0810463728130581 -0.219088065598677
-0.278200314174013 0.311285511395726 0.0967313445684319 -0.193640451103797
-0.306236665774414 0.209971043511899 0.178416497617022 0.0263667878114953
-0.224503412673773 0.238670643232484 -0.0997993139876456 -0.0746134022694677
-0.186735950092511 0.196815856842183 -0.193378448043813 0.169572821001144
-0.149506492131728 0.285343892743147 -0.026233696094437 0.283211417929748
-0.00174687284929332 0.369305803183824 0.134213905368176 0.249083059126941
0.153917396803052 0.340884772341427 0.219405575885492 0.148154709422792
0.246799328348611 0.274219152080526 0.190613203279186 0.0820454341531818
0.293982906079579 0.250383763330457 0.146806752782156 0.0510093656226784
0.272485612626195 0.237362555049963 0.0853247190099184 0.0608649580201223
0.225862707480728 0.277802284302981 0.00953249083542914 0.063213914764595
0.114109591785091 0.337209275931292 -0.0761872223764331 0.0477487079998747
-0.0373063189767664 0.283930705878721 -0.142230191522473 -0.0747480445500789
-0.0725189176511856 0.193981136649294 -0.0295270644142782 -0.226726822871331
-0.117378877446616 0.264167280978713 0.131105409523341 -0.285743335318037
-0.19012431086125 0.311977683688597 0.19265853670484 -0.271508424444476
-0.200820703454942 0.16742305706554 0.28951936069481 -0.0299927948945921
-0.149638754163695 0.14316238142626 0.0157587705961438 -0.0970234180740423
-0.169746058874259 0.105036853202389 -0.127126377434724 0.0919806046259944
-0.163196347584213 0.225791118905975 -0.0805925670401348 0.245951141303173
-0.0183593595584037 0.304847024057686 0.0871342609042744 0.32538996065868
0.118732623516945 0.278106700010333 0.247969425416258 0.26620608556846
0.196000646640972 0.225599888166918 0.275895074372007 0.187391354913352
0.220447782633051 0.205755930106714 0.240046630945809 0.136280826609819
0.184626610535087 0.195530165021176 0.164013362866948 0.134167172570313
0.116188813119129 0.215820518414646 0.0502726852887616 0.122211739578528
0.0127249683527501 0.217814029769727 -0.0811078643569522 0.0851550203320014
-0.0719610249155224 0.119621569700783 -0.167600786902973 -0.0909330117177453
-0.000109882266374681 0.0475946928151141 -0.0106421234911133 -0.266099870952768
0.000361322636125705 0.18190380682019 0.178157258692784 -0.304511183781206
-0.0960144608275821 0.264941874526854 0.257735819451937 -0.320949481436068
-0.0607432053767358 0.109887705518065 0.352611095463275 -0.0698236772821225
-0.0340833873000971 0.0493622190657013 0.106014016364802 -0.111867078339996
-0.0895336401791874 0.013651686830995 -0.0796056417884668 0.0235291545627043
-0.113788260529513 0.112511989092203 -0.122419632983781 0.22320475827066
-0.017672662972912 0.166059184848059 0.0662843689029166 0.377220322557905
0.0610355835020042 0.155102273011897 0.271920272729207 0.342312726701304
0.107080613685804 0.136997089726726 0.334607130942979 0.26146712503098
0.113716386516137 0.130360989347641 0.298138284242557 0.201177046346233
0.0796037364806141 0.127764085611637 0.200504660013615 0.19285450515562
0.0120379467929367 0.127213363722154 0.0454324802345963 0.15846319724177
-0.0598960652158579 0.0875844980980271 -0.111758018579203 0.0782818623349502
-0.0709752153208463 -0.0187918265280418 -0.166667191529518 -0.140131971036653
0.0571556002862159 -0.0517219239493951 0.0381057224919487 -0.283448074461883
0.0807990053389218 0.099567766847934 0.219794962848687 -0.274458715146515
-0.00832949703732815 0.17692893837023 0.290517027725239 -0.336069687427977
-0.0547303413685997 -0.0364452697905031 -0.282869761603862 0.317183992272941
-0.0909297366469796 0.0108350592232837 -0.219273212880703 0.234446692143639
-0.0502844718015608 0.083047933971305 -0.114982339866286 0.303167585492081
0.0438242043105653 0.0708850753646143 0.160347658158586 0.22489132199994
0.0664642204710504 0.0176683385352697 0.183896009847439 -0.0466955999140923
0.0561303471865918 -0.0199695505285759 0.01106286534551 -0.205667275846912
0.0237227595394329 -0.0396247211117852 -0.18386763569055 -0.227043196416901
0.00648126935788083 -0.0302773453007505 -0.312913576446603 -0.230488373063906
-0.00288587828447326 -0.0241880523576596 -0.367222594707179 -0.250412007622706
0.0173631854081894 -0.0210725765191979 -0.311531596869811 -0.315682995120962
0.0448230399423822 -0.012360588804517 -0.150793279058865 -0.351418623480835
0.0649237504114882 0.0309547299281295 0.0554225459158038 -0.234980349905219
-0.0172739646222876 0.10860346047183 0.0469404489961999 -0.050412023363167
-0.112463739846223 0.0527153514507275 -0.11209718893378 0.0451784339932701
-0.0980215921261158 -0.0287207779917728 -0.315021010400259 0.0697154159851835
-0.149516065645068 0.0629582658789481 -0.249772372541848 0.309989654273049
-0.119564719004736 0.11495604046776 -0.226589739100368 0.177444585328305
-0.0444093522269075 0.140682040879814 -0.170864626674118 0.276299526780823
0.0445462653009226 0.117556753868765 0.111646642310929 0.258101010404936
0.0799179512184627 0.0934540621016482 0.20078856430153 0.00649634946210019
0.10498096910492 0.0668834757011797 0.0624287237719478 -0.190015737903153
0.11580438212401 0.0445556413072338 -0.145372832285334 -0.227986434647899
0.132549536420864 0.0636724117849937 -0.280898150239639 -0.224858160685457
0.126328405616376 0.0798387313908049 -0.342872187077459 -0.224019388213981
0.132592508103067 0.117109928236362 -0.314287140495252 -0.269691408963564
0.09798658346216 0.173127150899553 -0.182502847318992 -0.309892801956143
0.0215410197003306 0.213535108720286 0.0159671415106082 -0.228713334875278
-0.123494265710399 0.234443722554619 0.0374451730103747 -0.0677727236179287
-0.246448714019192 0.163415072032164 -0.0921514481535274 0.0223977350014401
-0.228283303976788 0.0756297855585586 -0.258230437529708 0.0386430559231714
-0.246159967251284 0.154205594601524 -0.18204397863448 0.264909302713456
-0.16293821737496 0.22562289311093 -0.235522760615492 0.113588680151916
-0.0493304765277104 0.211511701383545 -0.211670228779492 0.262409054258762
0.0389134534890512 0.171273306801257 0.0785447664042742 0.279877841729125
0.0843480399614451 0.172237413956242 0.207441367087745 0.0516848665337934
0.141216811269512 0.1579634188118 0.108137774010173 -0.153508674200737
0.188240788803497 0.132198675390567 -0.0836626731019321 -0.194893529071106
0.236926089354701 0.147122934335711 -0.204049705350897 -0.188230187911453
0.237398640493494 0.162069141390867 -0.267018780145308 -0.166851831663225
0.241733677547657 0.218043109138649 -0.26828441154713 -0.185888499294055
0.169732217043707 0.316976896606534 -0.189521067398606 -0.22624690433502
0.0217014185745579 0.364864699406358 -0.033020894222128 -0.197385126564367
-0.172408120431261 0.346873911637745 0.0211725940427397 -0.0990729621706458
-0.314179048132759 0.270857004618512 -0.0415770838584499 -0.0363709431878002
-0.303623125070225 0.180323959963516 -0.154448336380215 -0.0198229677860083
-0.3171565557962 0.217122988325118 -0.0786897729708987 0.188192904144457
-0.207954758292116 0.301644830513974 -0.231501140676378 0.0407022128904988
-0.0824079027864075 0.262848159886262 -0.236900469910255 0.255698249210932
0.00212920860254694 0.233630034960151 0.0573178752797899 0.299461302515983
0.0726924326663019 0.259887308951669 0.206201809243383 0.0989455713309736
0.165975665112241 0.24584753368458 0.149646793958969 -0.0886715413069237
0.240354928658946 0.207355334091401 -0.00382199257799705 -0.129069043131223
0.30545392515166 0.207562184851494 -0.0948147577369085 -0.124270552958902
0.30910648446636 0.213029445746252 -0.154754889498356 -0.094833812394883
0.308804888100351 0.271821472677463 -0.180223665019929 -0.0929412739569595
0.222641823418904 0.390601786769641 -0.158690394679933 -0.121337372841886
0.0361042129232151 0.436041799452186 -0.0757312591287833 -0.145421599975754
-0.1626438176523 0.390274054534427 -0.00296228283427433 -0.137316261092274
-0.300499608198711 0.333648746442091 0.0180912454185114 -0.124148642281992
-0.310098707799502 0.266294589676394 -0.0304126306305374 -0.101568261953019
-0.333836519832713 0.237582182603555 0.0471744967702152 0.0974999750142124
-0.227466446101234 0.305009247589785 -0.189900634606738 -0.0256900611998168
-0.135677257842058 0.259098712945013 -0.22656770229585 0.233745138727495
-0.0684848790680144 0.279965134512946 0.0303487425883783 0.30088393294946
0.0439344736796724 0.336572977845799 0.185018696011537 0.161170040293562
0.17622479430155 0.311594409462382 0.186226974341506 0.00994934289882041
0.264764687906279 0.253300706822616 0.0899772669869044 -0.0352016786952576
0.3260937408676 0.23628843922961 0.0280228907646373 -0.0432579434703063
0.319925742929112 0.230023039536789 -0.028105896179413 -0.0182476554344988
0.304189231302105 0.282396004235862 -0.0748071256609735 -0.00859832467925215
0.207637094150424 0.387960751040123 -0.107710831940988 -0.0226357132579829
0.0215695901885671 0.400448807161473 -0.109077754942571 -0.0928127755606955
-0.12083761897039 0.329180072401463 -0.0270756453211781 -0.179184892646138
-0.21537512956814 0.32830562140439 0.0702450809579054 -0.218839372516372
-0.255823448329326 0.31072121193077 0.0865265688389789 -0.192773993165761
-0.288927704555017 0.217128662492977 0.175596844841716 0.0181266668509745
-0.206440940067755 0.241158513228098 -0.10075148776151 -0.0697625680496872
-0.175930847472321 0.19805624029696 -0.178780018301089 0.17647199217084
-0.135538128891421 0.283615042210025 -0.0141514543717937 0.276536974474148
0.0128783138293416 0.359321996156795 0.141850996158906 0.237540325671825
0.16277230875565 0.323263986191089 0.220055880950443 0.131540565188051
0.252859703630359 0.257314527890627 0.188028725714451 0.0716201446471921
0.29688960960826 0.230501770022818 0.144537981285045 0.0431625116100046
0.274797436227171 0.219151300607774 0.0850256431026417 0.0554595243165777
0.230180484723975 0.259982084098803 0.0117290999527176 0.0610159454208363
0.126585563615349 0.321674011533348 -0.0731608275402851 0.0501629885628339
-0.0258281304187267 0.277448295544337 -0.14058729825289 -0.0653185630422458
-0.0633202239306996 0.190147205377246 -0.0385253310861617 -0.22250742192604
-0.0983990639190829 0.261439194466344 0.115035172010589 -0.285702721302929
-0.169668779356431 0.30735317571304 0.176338476034777 -0.269949426097604
-0.188066055813992 0.170171939396228 0.280817137443628 -0.0399082103722524
-0.136998350647148 0.143587161804663 0.0110988381235189 -0.0953749338878737
-0.163506647278028 0.107542389518094 -0.118379926026671 0.0956338100054675
-0.151310935251684 0.22601696467719 -0.0695549522957872 0.241484089783613
-0.00518225514963035 0.297219213798083 0.0986036856084353 0.313500084740528
0.126702122633699 0.264313709363909 0.252979420485512 0.244736412363808
0.20117915370315 0.212192454920208 0.275101656386687 0.170815814964101
0.223047739614385 0.18892638721459 0.237977644641384 0.124151666450702
0.187882998587252 0.181890861733485 0.164914540131775 0.123673597463079
0.121071565108032 0.204523547773607 0.0531422171479891 0.116312601501763
0.0220667981161511 0.210889077228633 -0.0768086240980822 0.086440299753105
-0.0660782109296368 0.118469498655778 -0.166902346801317 -0.0798402123811579
0.00203387980667173 0.042988846772252 -0.0219665841003049 -0.261329467902324
0.0132492967829763 0.175711319444091 0.159926991362934 -0.305485134237303
-0.0794697212111994 0.258797943424763 0.234672651327395 -0.321736748414739
-0.0539493569221827 0.108900524684972 0.340464547165151 -0.0802900497679367
-0.0299340992921222 0.048145734468545 0.0983508710432946 -0.113265648553853
-0.0883598468402421 0.0157108981213788 -0.0768436902681607 0.0267022625936508
-0.10678690720792 0.114645277003585 -0.112190583493681 0.222099633744153
-0.0104620838744951 0.162087171158153 0.0790826062605057 0.365521144678521
0.0659696154783698 0.147193205758243 0.27702984959686 0.318879767210167
0.111072883576416 0.129332517466449 0.336313104306544 0.239451067117307
0.116619868393099 0.120731755227041 0.298571719202037 0.184425999416301
0.0823345927157936 0.120550703246634 0.20267025000267 0.179256528003586
0.0161422189215889 0.123269758916384 0.0488616602464113 0.151856636223392
-0.0552147596238323 0.0866799823313526 -0.10790336382161 0.080448371207905
-0.071357779074248 -0.015722648082266 -0.168593165708365 -0.129125550535894
0.0543426003286112 -0.0552707552561772 0.0258647972475412 -0.280612870816228
0.0862576968910658 0.0929540991430557 0.202310725469085 -0.277686844323257
0.001516658861068 0.171472857814149 0.266391757202654 -0.337643722165444
-0.0562924201202968 -0.033977808980777 -0.260676167261938 0.326293812244392
-0.0897940874426376 0.0167488281455452 -0.203722754079288 0.23943046805168
-0.0452476990140689 0.0868062839047732 -0.0974215650700889 0.307932219775163
0.0477165618767644 0.067802247640293 0.170783511679733 0.215571606528032
0.067313243848213 0.0132550606069229 0.181175301224417 -0.0541677172004375
0.0540628923120671 -0.0233074336918418 0.00119196016410359 -0.203065014612431
0.0210730731857026 -0.0405222693847242 -0.190921392496183 -0.214471589709652
0.00531742940366294 -0.0290548508461786 -0.321518128259115 -0.20930600630839
-0.0038736559106548 -0.0217648554959672 -0.374657786361661 -0.225812142413498
0.0159240090034412 -0.0205395489020993 -0.323417855955184 -0.293088778156361
0.0433335663337354 -0.015007860710895 -0.167434697060796 -0.337175208503559
0.0654869387745081 0.0256888697579946 0.0436003812762651 -0.236426690955388
-0.0102019149643016 0.108874682816117 0.0434591910415875 -0.0519923713553491
-0.10900290294666 0.0574768119357101 -0.106522838249626 0.050944380719452
-0.0994971791209373 -0.0243832524338994 -0.304608449281617 0.0816353344287583
-0.144488093807898 0.0694260228864648 -0.227290040058483 0.318036833214439
-0.111253815990641 0.119366333295272 -0.213689090703738 0.183565518336912
-0.0357984448371902 0.141973502282385 -0.153885074335586 0.284123569976048
0.0503810050499486 0.113112450060069 0.124098139147957 0.249814604631083
0.0839244623234807 0.086488473745286 0.200881958710526 -0.00215747189062008
0.106549904864541 0.0594686512716091 0.0531180264591255 -0.191638456207934
0.115693391946632 0.0380761978347605 -0.153409876475061 -0.21713257992047
0.133464486303736 0.0557632858168743 -0.288425626978107 -0.205178885805533
0.129096673118214 0.0737295875059641 -0.348518333670365 -0.20144985630965
0.135667518520804 0.108696265215804 -0.323031020106401 -0.247044531223212
0.106162923599271 0.164277934856383 -0.196868971127915 -0.294601495970376
0.0328826687300444 0.208222273233775 0.0059474712084718 -0.227291205069992
-0.109005379323629 0.238539558839267 0.0332503298489686 -0.0689712334632263
-0.233354996705582 0.173216715600002 -0.0885017086502424 0.0274014428610254
-0.222630646288765 0.0842228601443357 -0.250543147948518 0.0484226295952992
-0.234767117689833 0.164801556687418 -0.163507825080894 0.269201393878135
-0.14607923093842 0.231655024668924 -0.226725798612514 0.121043059391867
-0.0374021826244197 0.211771982089437 -0.193129736407088 0.273120943776671
0.0472191582955853 0.165144249965485 0.0925948668772213 0.273401458771581
0.0923709560813185 0.162924046710065 0.211498123657563 0.0412542213329119
0.146430590790776 0.146571364365367 0.0996774685868685 -0.159066298970999
0.192397238152149 0.119747092016677 -0.0915232822699606 -0.18746849992805
0.241772667586003 0.13247652691456 -0.210747283184046 -0.173965826647792
0.243927282931035 0.147823040900906 -0.272295170299058 -0.149273298031782
0.248972415279466 0.200911955530981 -0.272851392887849 -0.167106113864608
0.186778412480098 0.302162656659712 -0.198999454534943 -0.211330515940523
0.0404255100651574 0.357080242374548 -0.0407479439472542 -0.193023994765818
-0.151214701392116 0.352011687387491 0.0151119377549445 -0.0997890679287309
-0.293075893990484 0.284336723459208 -0.0415977510834592 -0.0345852977483393
-0.290517207847129 0.189587091925938 -0.151528752336027 -0.013193654923762
-0.29968478873191 0.230437853753688 -0.0669686406181037 0.187491576527497
-0.184212182083515 0.309056638173989 -0.225913289028109 0.0493649642914623
-0.0679708064062742 0.263875023523839 -0.217100275969066 0.268017436657066
0.0137319642125003 0.228082194864807 0.0727815665413202 0.292281744572469
0.0859482587867409 0.249957649514708 0.21194657278662 0.0872601519460615
0.176105496030781 0.231972673175587 0.14377990314776 -0.0981421371069845
0.247294887198192 0.191141908054714 -0.00989784808233859 -0.127143873269498
0.312482357624084 0.186974863043299 -0.100770965745285 -0.117803448595832
0.315252170294098 0.192462521074883 -0.157903362244051 -0.0839968828071981
0.317690103683991 0.250098718410376 -0.181576496132879 -0.0814730615642038
0.241428034281665 0.369824828855409 -0.162872594415477 -0.109647030278091
0.0587114881721242 0.426595278951355 -0.0793077308842637 -0.13869258264688
-0.140345594444499 0.392735836617136 -0.0107509642329149 -0.136749857302505
-0.274463191927198 0.344937677964712 0.0114380626328891 -0.125080233518938
-0.290400404958716 0.273999071762008 -0.0344361459090096 -0.0990157212815896
-0.316256968092535 0.251843151317709 0.0523394678994703 0.0919532007241249
-0.203880405465062 0.31242020328668 -0.189726608840326 -0.017084773092278
-0.120499212067017 0.262110127671699 -0.208659568609156 0.244878060661184
-0.054162221404316 0.279072930263172 0.0464735173998366 0.29435794542568
0.0608239868169844 0.327255081840364 0.193601466309562 0.149475761150257
0.189352923756238 0.295311991426645 0.184316725326529 -0.00396684724420543
0.273707410628761 0.235361785832639 0.0870878359380371 -0.0399350913278091
0.333945178693381 0.213815689725002 0.0244423775502236 -0.0442439489693781
0.327653272157753 0.211271118423464 -0.0295385236195447 -0.016166851364206
0.31428852373762 0.261432821809277 -0.0734258347966451 -0.00524541854308527
0.226934118947971 0.369022092590129 -0.106823231416573 -0.0154597090670061
0.0437809334724157 0.392533267182503 -0.110343488681948 -0.0845041564135843
-0.101594520995301 0.329052487395042 -0.0373027976119331 -0.177560787798248
-0.190108388139261 0.334537449354661 0.0562452636271063 -0.221083739641476
-0.234232829226566 0.314615008320121 0.0747868601100483 -0.193127776888817
-0.271657951850561 0.228787379511349 0.17380121503154 0.00777997625343075
-0.187373573063285 0.246962755253477 -0.103687482054851 -0.0648102033417949
-0.164356079373738 0.202816898715911 -0.164249187204333 0.184822443752048
-0.120125859591932 0.285963272983919 -0.000575504018405185 0.271864322267445
0.0312840606147885 0.352031996900673 0.154241369100492 0.227247941631581
0.178303783968861 0.308202416035638 0.223390403518263 0.113980455673958
0.263721853197202 0.239231802931357 0.188207993341937 0.0596997414024337
0.30544537799184 0.208149316071871 0.144037273008895 0.034235655805191
0.282447626334178 0.201746947482619 0.0859788832368963 0.0502061081738729
0.239784475968734 0.242383136214591 0.0140220751442035 0.0588328853573932
0.142612275583526 0.308474695418184 -0.0694008049410766 0.0543707601038755
-0.0114258496028948 0.273636029552683 -0.139998927967703 -0.0549265841171735
-0.052673795852669 0.187626937520357 -0.051164275175886 -0.220409232937773
-0.077799335161996 0.260711952751511 0.0963448650469422 -0.289858247529128
-0.149565304384215 0.30738190080007 0.158177507792605 -0.274266119141483
-0.175040313927475 0.177963588821809 0.274912893784858 -0.0541357636566017
-0.125669743631111 0.14726060482658 0.0057036508605706 -0.095455142267481
-0.157578062026655 0.113167126441126 -0.110320346441014 0.101832804579167
-0.137734739180617 0.231255080211263 -0.0576523088578477 0.240534404557763
0.0104323375986717 0.293771839503915 0.11457714109727 0.303894430888758
0.138982345641438 0.251946153262666 0.259958150098571 0.225639886392846
0.210289295504578 0.197257376249158 0.278816401970138 0.152702288560983
0.230418704293547 0.172471282324753 0.241947035388845 0.108668423655341
0.194314801220032 0.168689677622471 0.167916132319601 0.113170267077451
0.129326297400495 0.194568053343074 0.0569286027364031 0.111110379041926
0.0333914516704373 0.205226052151573 -0.0718269660084668 0.0897243448063093
-0.059514295266802 0.119555432207602 -0.167369834776045 -0.0686013112366591
0.00358222570988297 0.0392740329052085 -0.0363992731859029 -0.259998895381877
0.0268361217949471 0.17023450985075 0.139804037476464 -0.311916008348136
-0.0628319651423212 0.25629463947821 0.212079311064188 -0.326145738252183
-0.0453589226701576 0.109302736516023 0.331975535336783 -0.0959541722264464
-0.026330830538175 0.0475919005209212 0.0908362296710412 -0.117531428116175
-0.0883824776093825 0.0190117978250677 -0.07479535594639 0.0295700865370736
-0.0993587302726236 0.119834410541892 -0.100516969317645 0.224602357003002
-0.00216416013829108 0.160995654994933 0.0981268355625485 0.356845411339974
0.0723038677082485 0.140739261388641 0.290320041967599 0.296810456899496
0.11730639090265 0.121094205949956 0.342840026641578 0.216001951604293
0.121927150697566 0.110826279841989 0.303932086153246 0.164910314318185
0.0873598847309302 0.113216422764455 0.209359456023732 0.165820578268636
0.0220517982059145 0.120367333518453 0.0540026114113456 0.146793827216316
-0.0499563472727279 0.0880224525567778 -0.103267839491115 0.0853843521828421
-0.0717897640420561 -0.0118066904609369 -0.173109070120921 -0.117007743640764
0.0499938222441776 -0.0598883113254841 0.0113390079167219 -0.282030057512778
0.0931271228284025 0.0849160843179499 0.183115002105753 -0.284763813143687
0.0127368568237259 0.167904608419732 0.242172220450018 -0.343423976658464
-0.0582750087352614 -0.0300286499962906 -0.227996375836694 0.335577927815467
-0.0865754598011282 0.0235990618037851 -0.181692057285837 0.245026755792526
-0.037062708665929 0.0894493323576522 -0.0729831995071907 0.309607455856059
0.051795247577796 0.0637346083311732 0.183287802777287 0.199428276506198
0.0663976509420467 0.00812435498834269 0.175484662379768 -0.0644230500966141
0.0503691384416793 -0.0274126622116264 -0.0120101685892905 -0.198120697454712
0.0175773076260978 -0.040230446015959 -0.200403640744587 -0.19493017541541
0.00293774516758502 -0.0277966320897675 -0.327918805868788 -0.179185345235291
-0.00458239264333533 -0.0192660448266445 -0.379554674866904 -0.189315448380793
0.0135648090263124 -0.0201668306380541 -0.335837789631696 -0.259532010106748
0.0408722931858169 -0.0184436891365032 -0.186954433647652 -0.315200958207082
0.0653724970058029 0.0189538547114979 0.0267992815068289 -0.234627332140749
-0.00113793072180146 0.108214828981228 0.0388776378693996 -0.0528274380445357
-0.103150407939009 0.0636449171896361 -0.098673902996921 0.0573650272929196
-0.101141824795601 -0.0175972731804029 -0.28972366405657 0.0977025287646222
-0.136431486046371 0.0778190228804479 -0.196872728195725 0.325664732246035
-0.0991410730441917 0.125206744072055 -0.196467792390893 0.19164985057064
-0.024186325330968 0.143044446404061 -0.128242972718093 0.290739966392925
0.057545810132058 0.106063353086664 0.139870591147737 0.235771391870251
0.0884624372313194 0.0776582237690388 0.199319591549881 -0.0158969893477414
0.107341293887415 0.0490326081481345 0.0389028944752854 -0.191549889201058
0.114827844962766 0.027791519258619 -0.164171313709018 -0.200770882192399
0.134979108347576 0.044644923435233 -0.296709290043073 -0.179387152290731
0.131707656542476 0.063435176274784 -0.35393892428804 -0.169155420142774
0.13993231203708 0.0966735919479024 -0.331908933408608 -0.214555408338589
0.11570659118874 0.151280780208963 -0.213647525937823 -0.271888200833227
0.0473008587253343 0.199747052879937 -0.00965316483560954 -0.223433067554582
-0.0884332742736395 0.24148039567647 0.027438327959428 -0.0697108307755575
-0.214372100867863 0.186266671970632 -0.0825485864607006 0.0328718910828295
-0.212292084583376 0.0959969957811372 -0.238785979161061 0.0619169736238376
-0.217411308763271 0.178577222296045 -0.138955833580692 0.273055971917782
-0.124406318613123 0.237022740597758 -0.213524718300933 0.132361931507198
-0.0207750499411769 0.209800587161706 -0.167465536765358 0.281909085221962
0.0581752719318537 0.15691269211718 0.11124894149871 0.260419806787475
0.101930903623834 0.150040906947719 0.212940429456163 0.0254849935228609
0.152908876699715 0.130056174069169 0.0863332045106038 -0.163605054683184
0.196023448609212 0.101906427102566 -0.102449362559881 -0.177334142529109
0.245905378762137 0.11052673047199 -0.219502972187419 -0.153383476617809
0.249067709576625 0.12683574922962 -0.275986411120482 -0.124219695015162
0.257598373411614 0.177534851697953 -0.277455578497686 -0.141832825443842
0.204995409892097 0.278031545744119 -0.209168165622897 -0.189841745366375
0.0675022320853676 0.345280511669059 -0.0521165003963513 -0.185969796122966
-0.120965794314706 0.354231849422518 0.00704384340660335 -0.0989287209395934
-0.264548870024426 0.297839542503349 -0.0418932267646026 -0.0312785604130019
-0.269935388442645 0.203221384584331 -0.147356073660164 -0.00456930878047377
-0.275683264329936 0.247897852278289 -0.0511921166894943 0.186026815839563
-0.156053795390828 0.314533385453944 -0.218282834389461 0.0620249487497438
-0.0461220064345484 0.263187929058047 -0.189714770263399 0.279423972594245
0.0294829435542571 0.220398431952003 0.0929078204616344 0.280653509571399
0.10215538754682 0.235692898629714 0.217204270640666 0.0698664564693724
0.187038795560126 0.210859332178573 0.133132886848125 -0.109460526169996
0.255010415890222 0.167903854246433 -0.0181818794683355 -0.123824354969822
0.318965494007416 0.158112572546722 -0.106995315022683 -0.106069057856544
0.322389848213843 0.165183959832848 -0.160080587249971 -0.069201891411958
0.327649048551566 0.219688357100261 -0.182190405525863 -0.0658927855577865
0.264810435719162 0.339580103588788 -0.166525533601036 -0.09341799548402
0.0891775105083557 0.411259357861412 -0.0852224250717734 -0.129642745671238
-0.107572438424243 0.393573274004439 -0.020840632514984 -0.134714231439139
-0.238972860660561 0.355504432608954 0.00211189095015301 -0.124479386180887
-0.264213529904371 0.284284427572076 -0.0397837059848274 -0.09524208344839
-0.288353445102654 0.27073247597889 0.0581928003302411 0.0848214201492641
-0.173318960719658 0.319343067945208 -0.186668488116694 -0.00490084762103088
-0.098831097218068 0.263813779200569 -0.183170150059896 0.256283311972029
-0.0330208542251625 0.274972888275935 0.0665307795360907 0.284522526647003
0.0827993071714119 0.31299648498759 0.202444295277449 0.131520702017721
0.205888956302466 0.27171105619103 0.179173106271593 -0.0203750823316733
0.284218428278543 0.209061154954361 0.0817668162641191 -0.0462983882317786
0.341942595335374 0.182849257628371 0.0203849102044521 -0.0444883708512077
0.334642289417051 0.180531032678356 -0.0298739077611657 -0.0131461198670002
0.323337119216253 0.23037598502866 -0.072084171852869 0.000162169001113532
0.24926508421008 0.340568138209009 -0.105451676087266 -0.00577416574508965
0.0706799535047452 0.378951350867864 -0.110877341549289 -0.0739176640610906
-0.0748256872920587 0.32711526186861 -0.0509914595323411 -0.173238717068279
-0.157516179289065 0.337949345687463 0.0376337522740554 -0.22205962882711
-0.206250207661019 0.319085676168358 0.0592300978558679 -0.194256690087542
-0.246678804476812 0.244589865567464 0.170393796089403 -0.00534604004301595
-0.162021397156159 0.252944450100061 -0.106153769659713 -0.0576621601439102
-0.147177249943742 0.209591101992933 -0.144029664167022 0.193114887978575
-0.0976902338540457 0.287474352817102 0.0185863941968522 0.264634340057257
0.0560873078120158 0.340793107992129 0.168834965056212 0.21054582892149
0.19453667834651 0.285020866159535 0.225971422280216 0.0913214281970672
0.275192427089667 0.212387327298327 0.187332663109899 0.0429578625269523
0.312583161546972 0.179244152369656 0.143256998457098 0.0237983926060091
0.289830867166122 0.174476826165282 0.086743022196082 0.0429157271898676
0.251420486474699 0.218754900180299 0.0171195025797953 0.0558502617448646
0.163045741594482 0.287994689055325 -0.0635887444851129 0.059077386607942
0.00931431470822674 0.266985151517212 -0.138401021258944 -0.0429035968808761
-0.0379583086665015 0.184629918268735 -0.0675995499175791 -0.214398669780075
-0.0518704837316782 0.256565779286846 0.0709972727584627 -0.291400977197737
-0.122622973491057 0.306050213162425 0.134063435982698 -0.27670156968085
-0.156210058489306 0.18551786715053 0.264916511398411 -0.0717895982394892
-0.110027429382414 0.150602719814937 -0.00203615988022444 -0.0952099135849317
-0.148076226935292 0.121407310335472 -0.0994673889120055 0.107232042377008
-0.119466116118752 0.236763602586351 -0.0402678473905626 0.238603682792898
0.0314878561010648 0.285300072321722 0.134724637775229 0.289218270677436
0.153176399552882 0.234290982369609 0.269153148932136 0.197230958785365
0.219886126574835 0.176295413080721 0.281991080046089 0.127040775230632
0.237302910649302 0.148801514434911 0.243932633753845 0.0885808985784902
0.201578683957613 0.149265787160773 0.171669821415682 0.0976715860476222
0.139451206760064 0.179902021756128 0.0618045511878064 0.103863877431918
0.047562364480449 0.196052099905329 -0.0640805272371381 0.093396714685809
-0.0498724865031643 0.1200696205893 -0.167519012480482 -0.0538689663476648
0.00594784253735378 0.0350506665539594 -0.0558768393564878 -0.254546503190795
0.0429079373789382 0.16099999086461 0.111749357892836 -0.314675542299259
-0.0414827045975581 0.251101479132625 0.182045735248093 -0.330640017744009
-0.0352924149831105 0.10937921954989 0.317758372148622 -0.1153476517637
-0.0210627821814194 0.0469666852047398 0.0797382689850597 -0.121880854116729
-0.0871900168700016 0.0251361351324527 -0.0712287374341439 0.0342018064068773
-0.0887247599087111 0.125300392242844 -0.0831535390598713 0.226291141663205
0.00951851990388636 0.157126336080652 0.122128663802777 0.341001695457095
0.080733829581906 0.131405384390285 0.303062384702778 0.266629452035354
0.123798306351836 0.108895292478312 0.348535643974162 0.185058136148346
0.126435854311468 0.0974300680786853 0.309860356096672 0.137690173915578
0.0932165460500608 0.103173093416769 0.216148913213082 0.14602456475371
0.030132247328026 0.115604646069805 0.0607942218763063 0.139398298336115
-0.0425188814644567 0.0889713068075421 -0.0959358728759219 0.0912849061884188
-0.0715065943537504 -0.00673292127527232 -0.177288891462477 -0.101367029115497
0.0437271582092006 -0.0642274941567408 -0.0106493077836064 -0.27807281407534
0.100255151506207 0.0737913386582299 0.157694999288728 -0.292004663022029
0.0255895117425178 0.161266021549946 0.209575595397835 -0.348551367356361
-0.0590101109898046 -0.024895246655001 -0.191106135827457 0.334959141849909
-0.0810511802847881 0.0293597982698692 -0.156759569530509 0.243097370616406
-0.0279308355033588 0.0893896822888606 -0.0454942681339112 0.30163018216164
0.0554217288294147 0.0564974687580504 0.190175419772638 0.176723151146349
0.0640496920454654 0.00315908989526375 0.164750770373804 -0.0734839561239097
0.0450723375999404 -0.0296445965484495 -0.0250532303020513 -0.186709088148758
0.0132907046708342 -0.0397082814171358 -0.203317551967587 -0.170340696617482
0.00130733800137457 -0.0257944265251545 -0.324317097055388 -0.144387715553478
-0.00436689951485097 -0.0166561592379411 -0.373514401556814 -0.150312913074865
0.011776781742527 -0.0196077503251535 -0.336925846460898 -0.218635692214148
0.0368920103173032 -0.0209885065237108 -0.201185308280179 -0.28468128779807
0.0628904385331024 0.0116821266671849 0.00861807424846659 -0.226305452026611
0.00862300501210733 0.103600215925935 0.0335530336690008 -0.0522719001317512
-0.0939680047677227 0.0691080361923992 -0.087456909867322 0.0615493956586517
-0.0989289235529526 -0.0101696490128056 -0.26792557459189 0.109878919692459
-0.124767149479178 0.0835829827230254 -0.162251602712601 0.320894660945927
-0.083703960826981 0.126159371912878 -0.17467167332731 0.194208434673704
-0.0115534096600012 0.138021659707681 -0.099846171405362 0.286806261858402
0.0628997779490721 0.0962423149438719 0.151319992291853 0.215448233935786
0.0895830709090213 0.0660294020768546 0.191386500970694 -0.0291912674518141
0.104815959350951 0.0376275439536264 0.0239416100835779 -0.18513166964597
0.110485334318269 0.0180427102578819 -0.169306479011645 -0.178917714755572
0.131893138070808 0.0321208682666415 -0.294354954146463 -0.1460345431741
0.130341786292991 0.0516502698686681 -0.347037547809475 -0.131258122520035
0.14018621784528 0.0818678397966531 -0.329901359750985 -0.17720449013129
0.120519239098641 0.133166999338283 -0.222313851483976 -0.24109686411451
0.0593869783206262 0.185209452818036 -0.0236464177244011 -0.212676988299548
-0.0646934963967746 0.235753850712233 0.0213240745780653 -0.0681610105127377
-0.189632137880611 0.192857109562925 -0.0744256293194919 0.0360182315361885
-0.196167566740941 0.105205103779694 -0.221589730799623 0.0725819651262827
-0.193683068552598 0.185706189194771 -0.110659491824502 0.267919918286109
-0.0987963944224367 0.233145513073839 -0.194160452551007 0.138532143901639
-0.00273724879855362 0.201541094190217 -0.136513693901647 0.281489276698544
0.0669207264553803 0.142900568615941 0.124589758825802 0.240310936534467
0.107987646208641 0.133440281835141 0.207652788046086 0.00850770663552942
0.154023944001697 0.111023231893523 0.0707847442915528 -0.163386364984657
0.192648164195293 0.0817426729777836 -0.108919439049941 -0.161454948728646
0.242016662799634 0.0854061482642828 -0.219963396708864 -0.127934513639765
0.245875134834396 0.102335438956613 -0.270443422668287 -0.0952149949211556
0.256741807806489 0.149188872800761 -0.272674203434001 -0.113491578406372
0.215608973317269 0.24665033083155 -0.212523228485864 -0.162847744164755
0.0894535589087112 0.321917806280393 -0.0611236174178478 -0.173969957262566
-0.0903248072955947 0.344745374598261 -0.000783473992809199 -0.0957289737800034
-0.226965521170612 0.302443042701849 -0.0415942665738823 -0.0278012755369667
-0.243379392274709 0.210136399944936 -0.139210544938211 0.00372127815795698
-0.243661792428186 0.256187200209247 -0.0348380488276289 0.179038397734376
-0.120936750846737 0.309676529129614 -0.204580857785637 0.0722500969272396
-0.0237807233083803 0.253192157224876 -0.157365469834844 0.280060340612786
0.0440737484399858 0.205611857898412 0.108030076216731 0.26008147194454
0.114286395666984 0.213710467055775 0.214478236419657 0.0491335424341614
0.192591619640975 0.184327031211043 0.117914951711223 -0.115748036046718
0.253785589022698 0.139451958361907 -0.0262032730170908 -0.117180597674139
0.314046874281115 0.125000275017864 -0.110109721164407 -0.0924926270116379
0.317787462895518 0.133289901990042 -0.156693201033434 -0.0526751330894538
0.327133526061782 0.183420301471265 -0.176901244131542 -0.0488676330864252
0.276707179621264 0.299908276389937 -0.164612538741972 -0.0746614634506186
0.116138249686623 0.382369652750169 -0.088353952482618 -0.117369225336553
-0.0735188943390918 0.380717863133752 -0.0313624921698457 -0.127973246085667
-0.199207501180269 0.352958820342036 -0.00708077458594947 -0.11934323727927
-0.231423883892813 0.284869054918658 -0.044450187741541 -0.0891952161592364
-0.253677499231274 0.276720728683449 0.0605863369426351 0.0750448773231324
-0.138265031750148 0.314281489810623 -0.179340962278195 0.0065972695633578
-0.0743990894625148 0.258436780542351 -0.152419881497382 0.257442489281497
-0.0116204905493854 0.262598879345655 0.0839950782474795 0.265427785977451
0.101415306533908 0.288416200883804 0.204477305228711 0.109259547491215
0.213477565478307 0.241515117295095 0.168177699769184 -0.035882491376922
0.28535403977125 0.175386201414931 0.0735748896261878 -0.0512616855898637
0.337383063655827 0.144789547862558 0.0158006048945168 -0.0436682260801809
0.330921588670574 0.145748197177133 -0.0294073068335128 -0.00932730179355821
0.323696710028618 0.193634269654633 -0.0688370885194761 0.00549070892603321
0.262526404077622 0.30206340612499 -0.0999540736017569 0.0037829209498499
0.0954525661636291 0.353355209070425 -0.108587623255507 -0.0614821843543989
-0.0473997964128553 0.313576108608616 -0.0634793547669827 -0.162795744124019
-0.121286444155287 0.328725418288143 0.0182628043786366 -0.214419835835749
-0.172769966916593 0.313090435272737 0.0420647151159933 -0.188290755526171
-0.214910174305526 0.248523095009213 0.160659405067144 -0.0185081604912904
-0.13168774278208 0.249595983220855 -0.107117512448411 -0.0487872446113975
-0.12492640358713 0.209590839656607 -0.120872410576524 0.194184223371226
-0.0724184657351272 0.280423387964344 0.0362266688126885 0.250297067406069
0.0771385087018667 0.318388005657384 0.177557083110603 0.186958575962655
0.205489575629097 0.254648090197615 0.219974667961603 0.0659974648519116
0.276284580282781 0.180213881162797 0.180099747075615 0.0260377549384751
0.309991406826973 0.144748750377269 0.137500447649328 0.0115145706965276
0.28723217761139 0.143051178576703 0.0850002147842199 0.0344895916128958
0.253268115644218 0.187733489846734 0.0193526375567467 0.0521053777829271
0.175530468857165 0.258509080956455 -0.0563826048336205 0.0618842669546656
0.0285361529057605 0.251743696137636 -0.133023177285763 -0.0299576791202251
-0.0234738042371852 0.174975471121694 -0.0832193720957742 -0.201313889016486
-0.0276110372075372 0.243434631380538 0.0448625953517657 -0.282022403667391
-0.0941524944537639 0.294674015521497 0.106026027992279 -0.271432745618668
-0.133091802678534 0.186530627886497 0.2460200795903 -0.08741644774009
-0.0915720940589493 0.14868498383981 -0.00991378658951766 -0.0912724776897314
-0.133079841503069 0.126196150716013 -0.0852130101471446 0.108548676892656
-0.0958433310831362 0.235413690636872 -0.0224901995048342 0.230133871748966
0.050877189564119 0.268194404083163 0.150556543875307 0.264648843356686
0.161404210207679 0.209699109050577 0.268670374452921 0.16402706517798
0.222251690898751 0.149846871242574 0.276069671228335 0.0974929064197375
0.236083721508781 0.121615471873797 0.238306939492724 0.0645256099402292
0.20184675368809 0.125417502270827 0.1701966096141 0.0806048472993754
0.145203121462672 0.159834913038316 0.0643927691671754 0.0935686600693865
0.0598453856475734 0.181133392307638 -0.0543589725659767 0.0935425919716188
-0.0388852872424912 0.116968220061234 -0.161375560008857 -0.0384426570929533
0.00728857192751057 0.0300326554064891 -0.0742129887962514 -0.240147602007322
0.0557511867655034 0.145645891547633 0.0809906755781279 -0.306588258656311
-0.0205421135007901 0.237958286887101 0.148498707034167 -0.32457476516888
-0.0241320080647853 0.10517987743112 0.294431981739128 -0.131078149594186
-0.0162103286271349 0.0441103872499191 0.0663773873106696 -0.121604759083856
-0.081782859014814 0.0301668255790744 -0.0659960691751377 0.0364755853877546
-0.0750494301790831 0.126496917563045 -0.0646362884634907 0.222130287016871
0.0213041580698899 0.149171512837269 0.14186118811445 0.315421286463454
0.0850282712529044 0.118120790332309 0.306965451513983 0.227491514751837
0.126319422342965 0.0936908759139694 0.343587805241273 0.146267631825121
0.126482333312361 0.081647883038264 0.304671785621612 0.106716067897295
0.0952079558455452 0.0902483813982189 0.215688175956044 0.122690897470931
0.0363088021217144 0.107015912462144 0.0657781498126109 0.128452323515653
-0.0342212052741744 0.087051284802151 -0.0857973915180116 0.0934371426260105
-0.0687656568670497 -0.00181461132335656 -0.174977142979532 -0.0826377733026207
0.0364010630829127 -0.0664631664523055 -0.031902703623437 -0.26680691949222
0.103267890967937 0.0600362869639324 0.127161980656057 -0.287988212538973
0.036653947129267 0.150189963506479 0.172520897944668 -0.344906176701594
-0.0602419950241048 -0.0120624206829571 -0.122809287680216 0.333758914097564
-0.0716108887357459 0.0402733955167495 -0.109644937828109 0.245245176196948
-0.0109065470739898 0.0880180300589594 0.00338131521422804 0.284624720412521
0.0585962621217918 0.0452499769791088 0.204400565670148 0.13102369630248
0.0600299443489911 -0.00515219195362354 0.140878595399061 -0.0937753733419512
0.0367671197433251 -0.0329255928815648 -0.0498230193983198 -0.170385016887892
0.00535718109375974 -0.0378313335508286 -0.214720513631268 -0.132112730853072
-0.00228930151321523 -0.0234682924298068 -0.317515132190393 -0.0850914828344595
-0.00494610596608128 -0.0122146723926038 -0.363495734058574 -0.0846408939248325
0.00985935589391424 -0.0173939534522914 -0.341395796601761 -0.152391940570594
0.0303775240453226 -0.022419934992359 -0.224337098722442 -0.235895508508835
0.0562719984875032 0.0028171223713534 -0.0211223136897506 -0.213946113913377
0.0241115770279701 0.0937289124930917 0.0272678912283945 -0.0500663795601731
-0.0750683876066856 0.0763068905096918 -0.0730618796711121 0.0735840153940618
-0.0905911993447869 0.00925298525396081 -0.237390557497237 0.13693105065581
-0.105425321309135 0.100683575427179 -0.0957137419385034 0.308264792017151
-0.0608553288590339 0.129228405723054 -0.133267068472322 0.198470945865772
0.0110078258699239 0.1306102252321 -0.0490189459874758 0.276364120444123
0.0702606894845376 0.079698967174817 0.174498771229539 0.171358841479524
0.0917127730553192 0.0488705448101532 0.174238459063333 -0.0593456016907139
0.100004942704563 0.0201894770592627 -0.00435995869436426 -0.179412384164503
0.101894581107582 0.00202481751819618 -0.182270773753316 -0.147543383810323
0.125202129738686 0.0106532559285976 -0.290795843133098 -0.0913410095741201
0.12830249708259 0.0303194068094957 -0.333978227901822 -0.0729677020822688
0.140839416744352 0.0564542542056779 -0.324518003964804 -0.116091569382344
0.129518680565842 0.106092605658498 -0.233036679796941 -0.193087523605075
0.0775452239475167 0.160799165024665 -0.0449522682668836 -0.195506200114027
-0.0228777687954728 0.224853946671368 0.0160592987224167 -0.0600743327813566
-0.143489682294453 0.200583936868595 -0.063955408733736 0.0559780450438205
-0.16123468994708 0.125609291521954 -0.202212431917001 0.0990024719327454
-0.154742678842176 0.207534882508966 -0.0516370389674641 0.243324494520687
-0.0595806290065868 0.229114012683212 -0.159420239831518 0.146614670354797
0.0275236483700706 0.18792396646506 -0.0841850660354224 0.272324391166283
0.0797352139937437 0.122397119200142 0.153891226574159 0.197516845633491
0.116403683736012 0.107386080786935 0.194755672704845 -0.0309563223474384
0.154098259694633 0.0808221098028491 0.0424608675909903 -0.170001643924868
0.185466857527754 0.048738789977815 -0.121134350519719 -0.141707088406889
0.233951447164388 0.0441401342441674 -0.218083037368906 -0.0856490808414941
0.242730004049722 0.0597882371006811 -0.257241058279921 -0.0508914461553759
0.255357890268104 0.100404677382185 -0.26012756715738 -0.0664298889264258
0.232307208252206 0.193654231840274 -0.210751753480342 -0.124572375456178
0.123411983237557 0.28073935735847 -0.0700554485256168 -0.152705717455745
-0.0290256327951039 0.32799817837622 -0.0066079623656003 -0.0794486390932556
-0.162528241375388 0.302461831004696 -0.0420269389193081 -0.00257169544538576
-0.188812288064997 0.225310600863733 -0.136802453496323 0.0265459979184539
-0.189403325928219 0.280777000421104 0.00846159791246097 0.142949010081016
-0.0716712482511482 0.300916249628214 -0.177451501042206 0.0850531952503732
0.0159771214160419 0.238364658743412 -0.101771320356796 0.271025962810683
0.0664483178316499 0.18284081230277 0.144025013111691 0.217089145607387
0.131783268185439 0.18012407070669 0.208813803084429 0.00265103423144336
0.199812868627136 0.14248835008212 0.0932742973314676 -0.135586205015188
0.249330115441341 0.0936690295967869 -0.035899734580571 -0.112974652929468
0.305396842575059 0.0694845025363355 -0.112225915049991 -0.0687199033486134
0.311125678565466 0.0766560342236517 -0.145020927525719 -0.0283636060136031
0.322160145500981 0.121671630796552 -0.16123458881018 -0.0214259267538223
0.296270116043106 0.232651495641907 -0.151764216184751 -0.0506003416705339
0.155561015423179 0.332941170597189 -0.0852561258249131 -0.0957560249513524
-0.0105352528489686 0.358288196444004 -0.0395345629410979 -0.105295480260497
-0.128522505370032 0.343421777271698 -0.0228841922201852 -0.0907042799126132
-0.167602345908135 0.288489846450261 -0.061498974521276 -0.0701901718431939
-0.195720192152492 0.301910615082056 0.0827838173150434 0.0323550682400753
-0.0857809986564601 0.3075951996768 -0.163715561364892 0.0196219978689568
-0.031375321950467 0.250545069677553 -0.0979780676403776 0.249139328937565
0.0214598786080369 0.242645416763743 0.124677733392557 0.22538707421415
0.13006607299056 0.251305844727259 0.210019507574456 0.0568654625314431
0.226033958836137 0.191767690217983 0.150790768722226 -0.0711546407822081
0.283036360213431 0.122065247991902 0.0679541407487348 -0.0668259903183768
0.329248366643786 0.0847106040531602 0.0101782023873629 -0.0429950845386485
0.324599158572013 0.0856543513229097 -0.0222222156888687 -0.00607976434963272
0.321427992570969 0.130123763400997 -0.0545324121347992 0.0131979009603225
0.28368840825694 0.23448894290358 -0.0816110146086504 0.0127349675525734
0.134903882656392 0.308728991413422 -0.0972754714205807 -0.0402358921982835
0.0022602781564048 0.293097971855651 -0.0767449093449912 -0.135176301387452
-0.0636499665725013 0.310720900025305 -0.0116034768541303 -0.185105736803735
-0.111993360049662 0.30358841578058 0.00668178696235743 -0.172967932199991
-0.162775483896399 0.267096441453853 0.158788119847045 -0.0651159243321332
-0.0887526643326535 0.245998286615674 -0.104477126403831 -0.0392480028152083
-0.0863598133201726 0.211555576919937 -0.0762177333330764 0.188509698407049
-0.0308514905680751 0.268023684833083 0.0805632331731837 0.219043056139814
0.111956767332054 0.281719213904478 0.19720964647332 0.133242063918704
0.221432645868113 0.206283320464905 0.213431156841965 0.0161055973236241
0.276840475326768 0.127565843582359 0.17743814651277 -0.00966470081182894
0.303975343850845 0.087409697255749 0.129887295169183 -0.00984553868449837
0.283964136683346 0.0883350397692984 0.0885153618538007 0.0190541256803415
0.255713247188764 0.134432782806556 0.0313945486034074 0.0436988664601355
0.197562984899143 0.207867173807595 -0.0355460955370648 0.0623809130508642
0.0599800805474979 0.225612105389573 -0.119467408110573 -0.00710260832732664
0.00254314277770935 0.162689278359131 -0.104219200194936 -0.172050873378979
0.00757720910361839 0.220031283954396 0.00356645897511868 -0.256433170542426
-0.0443022183292724 0.275527470465825 0.0572178781556275 -0.258005554756949
-0.0942527066816176 0.193534216950714 0.223615379229726 -0.133529480507521
-0.0647707467913593 0.146911065413347 -0.0218409242723944 -0.0885050353752231
-0.106160543915544 0.136063013722172 -0.0561125960297704 0.107395627343534
-0.0585995687661608 0.229433920604184 0.0227084889917895 0.211770602583783
0.0810867448566905 0.240797237760994 0.18368201895126 0.212106550017757
0.176224844522975 0.17044012438317 0.272020331846513 0.102335764131758
0.224587492952685 0.106615983418235 0.275961789343096 0.0450093877254087
0.232777465719882 0.0772743741667075 0.229770776402456 0.0240771631130333
0.202397102322174 0.0855211441973683 0.171685909629992 0.049533596531826
0.153616759212178 0.123872635442872 0.076436520759602 0.0776973561810764
0.0809409296445865 0.154782627913698 -0.0332467910910501 0.0936671640481665
-0.0195076071700848 0.112259682784484 -0.151605343760275 -0.0100499294195614
0.00882517160027903 0.0256065504221874 -0.104803340854001 -0.213242970434094
0.0683113103956774 0.120079629367407 0.0348901370964674 -0.289493726071413
0.0126549352079555 0.213318956691731 0.0905991759706483 -0.314021341797457
-0.00483395452927827 0.100127832824916 0.254831705339608 -0.172207267455098
-0.00916186672948216 0.0408622794477658 0.0432037804938724 -0.123015064313432
-0.0727791902219429 0.040606305298766 -0.0524775440926159 0.042135902960742
-0.0525181791697969 0.127777903817195 -0.0199463367801646 0.214561086139032
0.0383597097229095 0.1352791612867 0.181555198174829 0.264811274360599
0.0948051150382168 0.0965525269743022 0.314282338381905 0.160778582410184
0.130126111109255 0.0671245983031931 0.344493342271042 0.0839400269112889
0.127305661789484 0.056151619527924 0.295168918578633 0.0526832581141587
0.0996110524315648 0.0680880990888016 0.21832212939778 0.0822274631968866
0.0472278109530381 0.0912998507369793 0.0800611513293939 0.110135429964753
-0.0181570260403206 0.0836831970483383 -0.0655184097630242 0.099388613809839
-0.0628316699846214 0.00911724842079596 -0.175170731556925 -0.0508730753065421
0.0208250193307682 -0.0657221967004843 -0.0695862073382562 -0.247663481815559
0.0988483705630383 0.0372998522527887 0.0802613757072654 -0.283888185381922
0.0516976793006881 0.12666212881975 0.111810299657979 -0.337018145073037
-0.0582195523168144 -0.00997545298750696 -0.109033655362654 0.31349214778071
-0.066428286549232 0.0399943317684226 -0.100214166932989 0.229735191994556
-0.00777893853875787 0.0829512132686853 0.00910252048079698 0.267298838318118
0.056352074142606 0.0407064541767568 0.194570131496292 0.119722208629949
0.0560928508065405 -0.00601886227964762 0.132965527819352 -0.0899009949541517
0.0329875702277541 -0.0312788472699204 -0.0486754948861767 -0.158516733504245
0.00384010608695323 -0.0347655758502928 -0.201777466256663 -0.118710827894515
-0.00207169136164038 -0.0216904418786739 -0.297690448926573 -0.0724181559121829
-0.00358934103607618 -0.0110123687775323 -0.338373935902938 -0.0706250649900824
0.00963071888248935 -0.0159322130690972 -0.319599972998788 -0.13364745485909
0.0272175596828252 -0.0219704463667873 -0.212854594183017 -0.214528934966495
0.0519254370817551 0.000691147265737227 -0.0239238464633179 -0.201125980667916
0.0255009606404367 0.0866249068202204 0.0262951860869801 -0.0468908716065075
-0.0691112793279612 0.0736971705276996 -0.0655131147660713 0.0699238701544819
-0.085626647511804 0.0102933386288306 -0.220827560904586 0.129182960501646
-0.0982734126739278 0.096469085837073 -0.0832518376243728 0.288522420863001
-0.053643187381368 0.121398757216135 -0.123430626527501 0.187024136039967
0.0137071790293406 0.121418910937845 -0.0410051360107989 0.26020597937029
0.0673809223710314 0.072207047346076 0.166606337448378 0.158154614121693
0.0861502544832136 0.0428519627095927 0.164040843488732 -0.0592511967781573
0.0931268047012827 0.0167141092294186 -0.00698868102998106 -0.168282600622893
0.0945983208794317 -0.000104889046946474 -0.172358704315353 -0.134219960824442
0.117589032303624 0.00731919111548525 -0.272899699100005 -0.0784268492375413
0.121790570907165 0.0257709305561891 -0.312136588858043 -0.06028550001867
0.131754158661216 0.0495189893212601 -0.304075338518706 -0.100721786391704
0.122459198522233 0.0948570307184877 -0.220702861760792 -0.174473754583666
0.0748048643222977 0.147949406362606 -0.0452554385235976 -0.183012947639672
-0.0168167148767049 0.210371787591189 0.0146619354051186 -0.0552318324990847
-0.130504858076486 0.189833211482627 -0.0581749252751624 0.0524416997751889
-0.150786403998045 0.119780389330391 -0.188200904320052 0.0937462048094869
-0.140487787149411 0.197321191298564 -0.0435080514758319 0.226409996840191
-0.0497955343413718 0.21455451252356 -0.148783836742233 0.138988497191721
0.0312878331663474 0.174543256295661 -0.0730286246762102 0.257764711610797
0.0767210395221563 0.111071190498354 0.147003100006895 0.183594797944235
0.110074160190348 0.0961553080573795 0.184582565078528 -0.0327309123631444
0.14437863771814 0.0709438022340898 0.0369020266093923 -0.160264769193927
0.173125589659217 0.0422943717913038 -0.116131751874743 -0.12976208540873
0.219313447568761 0.034898190875983 -0.205183149018705 -0.0745570586428023
0.228057152847239 0.0507677003640731 -0.239221711865636 -0.0413341167674736
0.239889991082319 0.0883281563809827 -0.243532355104054 -0.0558799903756819
0.221450699764905 0.174014214770979 -0.197600950209615 -0.110801399055032
0.120998742222373 0.259017562549052 -0.0673246864383049 -0.14294390124839
-0.0212654904495437 0.306738053787234 -0.00795144952958149 -0.0747464143207674
-0.145474957978624 0.284662569136744 -0.039187903009406 -0.00301338892370909
-0.174275317835006 0.211878708216293 -0.128627035298959 0.0250128301210243
-0.17157218981756 0.264734713912888 0.00986409971623268 0.132839153469596
-0.0582747637897432 0.281540558190329 -0.167644121126118 0.08134780516941
0.0202533603362351 0.221479403948061 -0.0895775692658221 0.256424309074198
0.0654033381381304 0.168031024115032 0.138576813245657 0.201894400816849
0.126022607091557 0.163603390117698 0.19767775096216 -0.0022753057776214
0.187540956093332 0.127298860944719 0.0838278799777556 -0.13024270824119
0.234032001116044 0.0814877338371898 -0.0367521833397239 -0.105110792241134
0.286083345150572 0.0565190107852376 -0.105689471637372 -0.061329500649111
0.292162990659374 0.0645917038670586 -0.134606349071861 -0.0221911284188587
0.301956307104019 0.10564978115001 -0.150541525188082 -0.0164624066013869
0.281001763953069 0.208974175882228 -0.141418684084425 -0.0427961081922616
0.152823302210313 0.307096251048528 -0.0802042306191678 -0.0889097274089795
-0.00370644972396165 0.333215288444563 -0.0409371313347485 -0.098020807097962
-0.114034930340474 0.321538980405893 -0.023835844678285 -0.0853795527112473
-0.153859724553251 0.269710609856138 -0.0598851955661933 -0.0654778711355044
-0.176659832450995 0.28399837429827 0.0766633645763788 0.0283051514061998
-0.0721447575540488 0.287014991284339 -0.155673442399031 0.0204460147383718
-0.0232226047837292 0.233227800340655 -0.0858228821151254 0.234725247523299
0.0248068461359737 0.225849779405107 0.121500254400188 0.209348509419392
0.125929878593533 0.230674827631235 0.199349968822509 0.0482585526672562
0.213810470670191 0.172535429182541 0.138333526858312 -0.0713964500554308
0.265994392644268 0.107428062728903 0.0605421695622227 -0.064156653625058
0.308518299734142 0.069391875287168 0.00897584316942232 -0.0390267604868329
0.304442876040756 0.0723434555320675 -0.0205687622561901 -0.00428396996907515
0.30110700847969 0.114344502853614 -0.0507770657578458 0.0138071020046661
0.269234734013118 0.210232153201302 -0.0753254538536659 0.0150078778589627
0.131497759930302 0.284250103687966 -0.0899132308744409 -0.036920518185527
0.00658389169461069 0.271341203411128 -0.0772839381787072 -0.125513070227658
-0.0527599728439364 0.287720684053606 -0.0154276301535398 -0.173126572930485
-0.101365888991764 0.28326825761432 0.00247827618549832 -0.162016756340932
-0.146029333453136 0.251182269901063 0.147335926973281 -0.0637087706593897
-0.0770631784334933 0.229062714275919 -0.100696000223958 -0.0356198483385803
-0.0760698485223276 0.19877851940259 -0.0667448512101506 0.178071768958586
-0.0241581572861951 0.251112149586059 0.0793911994555542 0.204257176357538
0.108934961754063 0.26037111790796 0.188911682961856 0.119333858252206
0.208690785820757 0.186456188034053 0.197252385862095 0.00797943603675245
0.260902756059707 0.112197666588754 0.164085178139051 -0.0131175003171632
0.284677816488506 0.0737365078620204 0.121786849827188 -0.0121495073729985
0.265745555835606 0.0765549984318412 0.0834698141588101 0.0166409062688305
0.24023549286255 0.119754093121441 0.029346292251633 0.0410149041757939
0.187822457324645 0.18779254057374 -0.031472944618456 0.0599256631303858
0.060097874199069 0.207755861361164 -0.110303265722402 -0.00415858941643171
0.00398333301771358 0.149041982487594 -0.104011336607553 -0.158947998360345
0.0127042021574364 0.201302864332524 -0.00239334879261292 -0.239472293805268
-0.0382561860410675 0.255010646065803 0.0480190231246877 -0.241487266804387
-0.0836152898640493 0.181437965328225 0.206763664438456 -0.12889024225747
-0.0574248516852248 0.13647130343646 -0.0236897554755968 -0.0823923681111965
-0.0973771068574193 0.12895773876231 -0.0501889249224744 0.101156387640496
-0.0498557702661509 0.216464045586404 0.0253695574138666 0.197769801107577
0.0799740644796172 0.223124022602402 0.176122763587382 0.194186159855529
0.166464738015102 0.1554575980624 0.253818251761221 0.0884700611372004
0.211744276984043 0.0942842605449585 0.25664491152909 0.0355863626837038
0.218126774462218 0.065889012950829 0.215414910672923 0.0173089902128851
0.189427616171653 0.0754370064193867 0.160978420781409 0.043043356839122
0.145287452345802 0.112412020517457 0.0712001453187357 0.072146553213559
0.077958746667238 0.14122891659935 -0.0294318885335303 0.088868226239224
-0.0168536766142508 0.104291244991938 -0.140696050226227 -0.00741952048487447
0.00667073285112173 0.0215315640633411 -0.104938952820455 -0.19795715322366
0.0674021314545501 0.107096561126361 0.0271363155193448 -0.271143280220692
0.0151239373706883 0.197583588637987 0.0795712897547479 -0.293375132374568
-0.0018827892325497 0.0922701944383932 0.237228726477733 -0.164397552218842
-0.00775178998514716 0.0364560702104873 0.0366034889254923 -0.116144330797504
-0.0683412190283627 0.0398748148527512 -0.049117631063786 0.0401416567331927
-0.0458651225327724 0.121393534812797 -0.0153695806648294 0.201294649188386
0.0384975675116099 0.125498823944072 0.175827753217466 0.243240292241684
0.089765159347041 0.0884416348766304 0.295179114261333 0.142418564471254
0.123242568780854 0.0590113907813453 0.321331645016452 0.0712685386479952
0.119017401483664 0.048790152705867 0.277036254840948 0.0415792092842572
0.0935892080280044 0.0617845060530472 0.205325501620865 0.0723843502653189
0.0450064346609626 0.0842549312327779 0.0755209267558305 0.102453959833159
-0.0160538687570477 0.0779628640391838 -0.0603867600430296 0.0945307006512299
-0.0594969589401731 0.00874992110088035 -0.164144785906525 -0.0448937808789873
0.0174904518314202 -0.0636909109257222 -0.0718172328684996 -0.231290921233676
0.0944943079010589 0.0304311627479704 0.0699770080237023 -0.266078137061351
0.0509158526275546 0.116773767849971 0.098652593242414 -0.315330382696567
-0.0572763731443667 -0.00931122989603622 -0.105457769165364 0.299020007941954
-0.0644992015333101 0.0384660842383894 -0.0989599146995248 0.22028400223564
-0.00692556528691988 0.0804729042624145 0.00965035781932247 0.259196389282998
0.0546905487535949 0.0386583552257116 0.187170005366124 0.115971339275376
0.0535856508706023 -0.00585868152224043 0.12992504433287 -0.0863983172882222
0.0318268955902316 -0.0295901421901072 -0.0450251932855745 -0.152364130716944
0.00363548964238126 -0.0327211009126848 -0.193297645601388 -0.114539382258259
-0.00174634232168252 -0.0205063937754892 -0.285267559838168 -0.0689047825373039
-0.00200616067566244 -0.0103095921391363 -0.323631274905623 -0.0677950636865503
0.00922509996270385 -0.015185448363085 -0.304849757457112 -0.126825664972296
0.0256648858420087 -0.0215940086868422 -0.202893518414873 -0.204964343352658
0.0489558426231799 0.00045860261726571 -0.0220687369539236 -0.192831426252561
0.0252995757960669 0.0830902534541963 0.0273221839002827 -0.0437740029896449
-0.0678407933169223 0.0719076353041946 -0.0628126119513468 0.0660484907781792
-0.0837968671482091 0.00940776705243107 -0.213704233446252 0.121647127487644
-0.0950958164561264 0.0926486042370538 -0.0805648951074699 0.275425099539504
-0.0517066431479199 0.116570652704055 -0.121839943210028 0.178820399936833
0.0137521020843528 0.11634340946481 -0.0394535174879921 0.251936758075174
0.0646337586399404 0.0681747900515795 0.160022282955606 0.154018527506864
0.0822565164010478 0.0405143221328212 0.159978350046318 -0.0565296540336704
0.0890248853092964 0.0160489239372825 -0.00560606607598895 -0.162172650320911
0.0902060538042609 0.000102039747583197 -0.164535308094891 -0.128306381865502
0.112962953083278 0.00632404075687437 -0.260935233501716 -0.0741220019971288
0.117978149020986 0.0250617291733817 -0.298060033214785 -0.0568500856827762
0.126840459417264 0.04789733028374 -0.290079118074231 -0.0958033328274259
0.116865209349403 0.0898584149119084 -0.210579547534 -0.166595004639981
0.071393340872203 0.14125205513018 -0.0420624157565513 -0.176434778185887
-0.0162966833033339 0.20089865142121 0.0146778222823704 -0.0529078106924099
-0.125722962315621 0.182138571817012 -0.05595231935836 0.0499356914345824
-0.146268018522491 0.113574382459049 -0.182620984965396 0.0878112704340647
-0.135886025786455 0.188910357686128 -0.0429365559887686 0.216826543440799
-0.0474212998516275 0.20449920833044 -0.146540882753884 0.133014916548156
0.0304282391926144 0.166104819870026 -0.0703396246248183 0.248392503232451
0.0731915028076188 0.10501875625613 0.141328577185031 0.178717028536708
0.104732202295541 0.0911843056056473 0.179169133399526 -0.0312848738336315
0.137559933304712 0.0678057400894455 0.0355049938635501 -0.154899183352447
0.165684024180518 0.0401539313755044 -0.110773537969119 -0.123757460961835
0.210212352980611 0.0320787718514106 -0.19661432156285 -0.0701143839058641
0.218764141814837 0.0480875789796147 -0.228820349953814 -0.0385176931601901
0.230608808939338 0.0844375645726143 -0.232054441426973 -0.0523846083139414
0.211272495760651 0.165065597422947 -0.188402612640066 -0.10478545960916
0.116160145898751 0.248162796319576 -0.0629791146252731 -0.138468575149513
-0.020894870680077 0.292984536564316 -0.00741667056686563 -0.0708674703716542
-0.139977860466507 0.272508583407273 -0.0371848155244151 -0.00335809780169768
-0.17004785924538 0.202372689462905 -0.124835241284132 0.0222954647984648
-0.165115911226217 0.253963610781622 0.00925315064806967 0.12732950660195
-0.0553750588230552 0.268398102974674 -0.164452374156018 0.0778435244940641
0.0212325757600256 0.210862775442155 -0.0858647498188467 0.247223699767486
0.0622975200580724 0.159917947789713 0.134506375191793 0.196233339969509
0.119056401038181 0.155668172369874 0.191621885297494 -0.00231467507100745
0.178698862406701 0.121488207685992 0.0803406107656365 -0.126451749223704
0.223736250029723 0.0777522114963665 -0.0351742160393023 -0.100303786828042
0.274270966715832 0.0524850773767049 -0.100680842655755 -0.057591157594968
0.280746617754181 0.0610655163030015 -0.128258483545674 -0.0203423908509333
0.289159937800331 0.101325866255614 -0.143826603613206 -0.0148011501118979
0.268537711782858 0.19767733123677 -0.13417897077569 -0.0400027783017522
0.146676546975708 0.292760973932326 -0.0759806122616204 -0.0863825817149422
-0.00413761462642383 0.318076816733461 -0.0405416110790965 -0.0935724157778259
-0.108517692567253 0.307732901699582 -0.0229194302507145 -0.0834575672881604
-0.150367815584904 0.257373803951035 -0.0584530021834507 -0.0642741097904348
-0.169608657298279 0.271624977950226 0.0731584588497913 0.0269442572986692
-0.0687307799103784 0.272949441049348 -0.15355829729223 0.0193678438510821
-0.0220335940898298 0.222023380340928 -0.0828074987299172 0.227363416685728
0.0237790524978288 0.215297165846455 0.117179861219343 0.20284608740441
0.118900305497569 0.220836845190096 0.193635700278535 0.0454617929844849
0.203143204239266 0.165494471315758 0.13125639573192 -0.0707805498330467
0.255741342801031 0.102787039594547 0.0572132189645538 -0.0607597680929756
0.295367961858231 0.0651705365480656 0.00935847456259562 -0.0369642902133054
0.292170242884956 0.0687688866317802 -0.0181766372855977 -0.00361439215923315
0.288293566123456 0.110123804200328 -0.0487676956675183 0.0139171323935119
0.257190110956006 0.199245543023918 -0.0707547441861778 0.0152619524146273
0.125687390346753 0.271027919268694 -0.0854618282601142 -0.035655722800293
0.00528978032873845 0.259123762326801 -0.0770442023459918 -0.119590598810018
-0.0506489851772981 0.273237209567414 -0.0159235459264523 -0.166692991520667
-0.0997586449019289 0.269305418700101 0.0018448095727063 -0.155624001165571
-0.140471605040511 0.238717508879385 0.141591924031084 -0.0608942880267279
-0.0737699139464797 0.217477200937014 -0.100107481738883 -0.0341050966320945
-0.0732227960151215 0.189235338890458 -0.0633707664937095 0.170729816795729
-0.0232815873281843 0.240502118562832 0.0769909239932249 0.197458345408174
0.103939952004563 0.249093230230133 0.182816753572219 0.114399904310352
0.199059760510746 0.178688047866642 0.187090558782536 0.0066822320393709
0.250080627390392 0.106796387750726 0.155801309076698 -0.0123817093495535
0.27212519975549 0.0683314329233602 0.116948244311377 -0.0112067695578146
0.25470123105901 0.0731308459949524 0.0807792506609174 0.0166328959642369
0.229798090823886 0.114412688938836 0.0269877653043366 0.0406238002708057
0.179572683059547 0.177837008608588 -0.0297183037865423 0.05826043756595
0.057043073466787 0.198409059950654 -0.105402584941315 -0.0048825998227058
0.00221006731815699 0.140979132045088 -0.102593170186425 -0.152256673827833
0.0118807821568623 0.189655045761757 -0.00229399906221254 -0.230536261755706
-0.038650511362347 0.243437916024639 0.0467228880790888 -0.231424080590337
-0.0811652946579144 0.17207576110049 0.19894827972381 -0.122646675864432
-0.0554821375511526 0.128925606303519 -0.0248433593787562 -0.0793033076737457
-0.0939223436685693 0.123126400426732 -0.0483076611539888 0.0961331254046715
-0.0479091223559004 0.207750682460287 0.0234767210124172 0.19118204490987
0.0765705240403051 0.214034286719729 0.169674256185654 0.185365783518851
0.158634543403352 0.148931197618984 0.240559567620511 0.0836952959961592
0.203048980862364 0.0884796342239297 0.244373850098137 0.0349549721743448
0.208142150860102 0.0614271083387163 0.206701900440032 0.0167821328335993
0.181565689372093 0.0716013489818962 0.155329623247633 0.0411635193428808
0.138322105985602 0.108085111756562 0.067433008762386 0.0703467423301335
0.0739213185694191 0.134266089289966 -0.0283734047120503 0.0853038511335199
-0.0166317037951959 0.0986091622654222 -0.135457246153869 -0.00694128071701685
0.00536494852126115 0.0183080696480738 -0.102743650152028 -0.191337050591205
0.0650851967137623 0.100081142558845 0.0265902428660465 -0.260182458866163
0.0138541898222365 0.188287132637277 0.0765199944853047 -0.279865213336916
-0.00177245048493398 0.0869549738880292 0.228924715380199 -0.157264393330335
-0.00807531383682392 0.0341889399749641 0.0344565551313989 -0.111469687103478
-0.0658814281298836 0.0384952263961942 -0.0473264606392069 0.0376607175502366
-0.0436990242566133 0.117644976535762 -0.0158670021068572 0.194170516582986
0.0369839128845366 0.120536178108473 0.168652858993036 0.233163210062793
0.0852615658131877 0.085309724961653 0.281063522893034 0.13584940785402
0.117977303593695 0.0555361963679024 0.306663678620544 0.0672983173961746
0.1136632841816 0.0459174269194882 0.265571878869111 0.039439460546427
0.0888786160237472 0.0585227585765841 0.196716078022493 0.0689688214546686
0.0429672520106485 0.0810246679058172 0.0711486921081826 0.0989620283764266
-0.0156646648975979 0.0736785480207412 -0.0592874804061162 0.0906733386393351
-0.0574073923948533 0.0079527729229928 -0.157833010518583 -0.0435333220732786
0.0161750630458636 -0.0627629641926691 -0.0697450925366402 -0.223485018134344
0.0915577759856316 0.0271040880453624 0.0683357752150289 -0.255248082745019
0.0489265856793534 0.111733357961845 0.095954903575845 -0.300942406207776
-0.057474538571961 -0.00905920594831356 -0.106017356257309 0.295914751972683
-0.0643560874153316 0.0395183370944907 -0.100226542222223 0.218459654802246
-0.00663202847624116 0.0800342867213286 0.00955514610639645 0.259526563595262
0.054136411858358 0.038668276017784 0.186774265683832 0.116787548655418
0.0543525297649748 -0.00590359147324112 0.131815709663688 -0.0853263855752386
0.0318494218992077 -0.0290988838648125 -0.0438326809126323 -0.151632319137512
0.00366558743324265 -0.0317826917507072 -0.191234284359648 -0.113656774089707
-0.00136842209214862 -0.0204487378600975 -0.283018472431709 -0.0669193373875142
-0.00122275048983161 -0.00995248671955394 -0.319854379187292 -0.0663687628879054
0.00983886129274313 -0.0149864057887841 -0.300740694471876 -0.124710236489052
0.0249404575695984 -0.0218573935033025 -0.201202445044883 -0.202778032697792
0.0478365267145528 -3.93940214787215E-05 -0.0211372129276241 -0.192817329649575
0.0263596561854977 0.0820345197834152 0.0283527934111548 -0.0427670378016575
-0.0671493584802164 0.072073341929216 -0.0626895259606202 0.0655836589460774
-0.0848395216595698 0.00983212690957655 -0.214574390323336 0.120058140265272
-0.0952704925855891 0.0918541843791047 -0.0809739353595771 0.272889923885702
-0.0512875852079121 0.115717616483186 -0.123810975109791 0.177351881509055
0.0144178265867846 0.115578280927045 -0.0392909077293746 0.252672172121726
0.0641939536177791 0.0665807902418093 0.159042223421325 0.155097275941186
0.0814925462968457 0.0395353096394645 0.161576634553593 -0.0564643494370604
0.0877682892525039 0.0155181712601532 -0.00441731743180673 -0.161697627950515
0.088959689208253 -0.000193914376819421 -0.163468362509078 -0.127139680960399
0.112101112023124 0.00552142738640095 -0.259112586447752 -0.0725821407318095
0.118035968595758 0.0243560286749389 -0.294884705021183 -0.0550973353033028
0.126241394711934 0.0470153400136581 -0.28673303911072 -0.0930962891326777
0.11575489294408 0.0872955817613086 -0.20789025773556 -0.163370425620408
0.0712352996211158 0.139788664394536 -0.0410419980201582 -0.17642727541688
-0.0152637422621031 0.199015532702976 0.015649578262688 -0.0522588713395313
-0.124977924448613 0.181911233466111 -0.0553188017120371 0.0488836362258982
-0.147164586458047 0.112532045029078 -0.183570424756717 0.0858787161241449
-0.134576282536533 0.187537955187324 -0.0434440853406747 0.214848291262885
-0.0460658547608027 0.20288056896816 -0.14888966176341 0.131524976546124
0.0317432009765332 0.163334318982419 -0.0700655740837012 0.248966211557788
0.0728933690598084 0.102601277913487 0.141227468508712 0.179306550062765
0.10365198007788 0.0888493064324974 0.181076736835621 -0.0320182526184221
0.135671480162858 0.0662521248241502 0.0357086470554854 -0.155043239718582
0.164205609663405 0.0394764862552624 -0.10975379895308 -0.122979493284691
0.208194833594782 0.0301089737330785 -0.193933857188205 -0.0686589211283924
0.218602995082411 0.0463712192084743 -0.225501536892215 -0.0371273372145055
0.228872582499695 0.0829829086917802 -0.229483656874282 -0.0507369843525389
0.209224050928621 0.161766979387925 -0.185620233294285 -0.103067846747699
0.114936519044214 0.245550342051667 -0.0616224193966562 -0.139639700536285
-0.020590948223996 0.29085860098707 -0.00824390200900641 -0.0704895727665634
-0.138431725550942 0.2706512342543 -0.0376133766760055 -0.00397624391988314
-0.170592103511713 0.200147004869083 -0.125769141805125 0.0216145502607832
-0.164276690726602 0.252505464899304 0.0076580174689422 0.126248393899509
-0.0538141370231474 0.265319326858129 -0.167274262536553 0.0767459416098577
0.0217308842687963 0.207474152695896 -0.0850559296791923 0.247809037903444
0.0623376819430563 0.156674295697627 0.133582270161606 0.196409593328385
0.117399510507128 0.152963105783429 0.193039049754589 -0.00351761028302866
0.176013829788877 0.119991388130726 0.0787717192261403 -0.127294035405512
0.222583096624688 0.0766685220390709 -0.0349995475621797 -0.0991029243512395
0.271788745649245 0.0498716450111757 -0.099605816785753 -0.0556836859868609
0.279242893519077 0.0586944449489097 -0.127139733482028 -0.0187728553776574
0.287664070641836 0.0996082436182617 -0.142275214162187 -0.0135344877818863
0.266252920777092 0.192720362127704 -0.131915033044591 -0.0381747551898825
0.146283267638592 0.289714544829645 -0.0739114757561507 -0.0872988713946298
-0.00472455178113296 0.315371825175837 -0.0416193036503257 -0.0924581567889476
-0.108028502055606 0.304648793387216 -0.0245135721784925 -0.0838236160379912
-0.151333919454889 0.254671264982786 -0.0596070423232074 -0.0644277615407212
-0.168398346803846 0.268810474865879 0.0719912119262965 0.0266585240122597
-0.0669100639009907 0.269902298817618 -0.156227151298652 0.0193786252470222
-0.0209740884801511 0.218733099728275 -0.0813339478916607 0.226940873120061
0.0241254130146315 0.212442640429841 0.117727231482744 0.203320358292064
0.117369079935812 0.217117742289745 0.194759700164863 0.044038517791413
0.200597332719303 0.163131909005962 0.129002150746693 -0.0717805999151232
0.253251551453984 0.100566746206691 0.0565531446390917 -0.0597143700826888
0.29218219890773 0.0619100834729766 0.0101466666270389 -0.0360814557154808
0.289778762217163 0.0665307511476266 -0.0176453462251178 -0.00237959267399078
0.286604144716033 0.107975191443127 -0.0482513915636955 0.0145448597425442
0.254423843321302 0.194747186426964 -0.0688733215269781 0.0162291449170669
0.124793536367245 0.267780276447519 -0.0841877587831333 -0.0364446320858588
0.00422961958262089 0.255248278675456 -0.0787141562500402 -0.117778384962203
-0.0496913444146606 0.269348817684618 -0.0174014813627024 -0.166665694403761
-0.100653499905193 0.266697712177719 0.000651847729366395 -0.154603644606063
-0.139812354234016 0.236972530232883 0.139761402028336 -0.0599642399504992
-0.0730545573941002 0.214546561236268 -0.102759437168119 -0.0340333200804257
-0.0730464264015452 0.186476291322007 -0.0629817296493854 0.170233519126671
-0.0229704599755041 0.238591764307917 0.0770693749453855 0.197254085955411
0.102630944718931 0.247007284642821 0.183789734414747 0.112382125877516
0.195524653593472 0.176598798813663 0.183368571029492 0.00520527015647426
0.248479800144687 0.104690026180665 0.153885949588482 -0.0117361251717954
0.269149356251282 0.0661032159816706 0.116879730030861 -0.0112061959063051
0.252820674745921 0.0704917695661685 0.0805983358624001 0.016939619308246
0.228305407319211 0.113217998991565 0.0267979141482058 0.041227215112464
0.177310378092173 0.174515537286303 -0.0282652174457463 0.0585879777978435
0.0558646306714382 0.195180771740864 -0.10379978750045 -0.00501071486960101
0.00124113931883384 0.137745023153893 -0.105332580312125 -0.150480247996481
0.0135042409337244 0.18506624512611 -0.00362056748005886 -0.230053197082555
-0.0388739717320356 0.240825423033657 0.0451542883501597 -0.229484394509665
-0.0812794952507696 0.169485274705972 0.199207150875222 -0.121297893885184
-0.05564157152983 0.127041667947438 -0.0265478582373634 -0.0788063207036742
-0.093659460542308 0.122197668238392 -0.0478865758195763 0.0954439096120304
-0.0467429319200126 0.206702792354394 0.0230600947828153 0.190430500518945
0.0760135509534057 0.213025132025391 0.170510625421964 0.183186110044571
0.15698180859064 0.147949134370005 0.236530656446075 0.0817192936707353
0.20208241426825 0.0869972662585738 0.241850824552217 0.033830854690093
0.205411819572058 0.0593025906403773 0.205850183347899 0.0159908704476773
0.179440399741734 0.0703237036261746 0.154189361831177 0.0410388312701084
0.136836921637894 0.10660565837281 0.0665463984962262 0.07084126317898
0.0728794407040076 0.13198637885441 -0.0285636311816738 0.0854656230873195
-0.0177037247163529 0.0967530322833705 -0.134951458979332 -0.00734465100981566
0.0044856252138185 0.0159199560895714 -0.104801297498173 -0.189888953230135
0.0652074909128752 0.0958019639204514 0.0257792451041886 -0.259154789762293
0.013208146946668 0.187017557710317 0.0761457722212672 -0.276879724861359
-0.00219681071122081 0.0852217589648 0.229743584614157 -0.156077782887501
-0.00822671055659257 0.0334638149452651 0.0332480057221753 -0.110125125881336
-0.0660678118624484 0.0386023988061026 -0.0479215431925999 0.0371018077205816
-0.0426605049387194 0.116989737155909 -0.0158546293202026 0.194029081841131
0.0370675698690204 0.12032985533557 0.16806665060334 0.230014385794458
0.0847817540019554 0.0850124063116064 0.277357090481459 0.134031873840606
0.117322341599619 0.0536036507101864 0.304105674827825 0.066020643823564
0.112177756099197 0.0441034162311711 0.264003030074933 0.0375681812955034
0.0876589341043426 0.0572795333018553 0.195572766445765 0.0678181920096445
0.0416088344253278 0.0805117836380173 0.0694397615158585 0.0995414149710328
-0.0163771624636571 0.0732622424980115 -0.0602315517122163 0.0910049358687977
-0.0577302946114064 0.00721256130832929 -0.15691671026122 -0.0437971478240183
0.0148978573661676 -0.0642078701574552 -0.0714828528313806 -0.22309118308058
0.0921575449375188 0.0243618952038896 0.069210839012128 -0.253879770629934
0.0495744356829424 0.111587620887983 0.0961644923696452 -0.297109104356906
-0.0596372190575304 -0.00746230160921434 -0.100217641740704 0.304255629273137
-0.0650550834153425 0.0425861312182592 -0.0989656642895026 0.225797586865947
-0.00438657587559221 0.0830885621734451 0.0177328271836872 0.267269745510124
0.0566485534173816 0.0376217581267043 0.195785463653699 0.115923878942674
0.0557855780176636 -0.00724131101116256 0.135004666726298 -0.0908141545065327
0.0318933018891442 -0.0307680317492962 -0.0483222235006529 -0.153995704584877
0.00272546881905165 -0.0324591282396548 -0.197283979708849 -0.111099835124695
-0.00187635999562852 -0.0204723347576 -0.289944063699996 -0.0590556674136738
-0.000942828339295178 -0.0104626656519245 -0.327712779256316 -0.0574879722647408
0.0102253603188292 -0.0158334656694663 -0.309543246782017 -0.118020642957753
0.0239311835356556 -0.0234501026699539 -0.209992006094779 -0.20130603253632
0.0483279121731151 -0.00190026493417531 -0.02583005549567 -0.197127890148222
0.0296972616620537 0.0834778574272976 0.0302912000092354 -0.0443913803157433
-0.0670639578482871 0.0772742385563356 -0.0621470120874623 0.0690000140583676
-0.0876512201874345 0.012539458358166 -0.218030858261178 0.127128456782279
-0.0949198948061936 0.0969491481026209 -0.0759935141735314 0.280531359587742
-0.0488746771973132 0.118961152010254 -0.124223437364609 0.184334782869311
0.0181207063224551 0.116832648349173 -0.0328758774803227 0.261415608646572
0.0667414960012548 0.0655718965624677 0.168098051885081 0.156587656626921
0.084895954375528 0.0374907300174448 0.166745663307593 -0.0620319955371062
0.0896763863610297 0.0129826767742665 -0.00884726263457739 -0.165610253300976
0.0910633238767729 -0.00226468478788287 -0.169800973227477 -0.12463578331563
0.114608994819371 0.00161876885665047 -0.266129181483607 -0.065590788384279
0.122034917006778 0.020943643089264 -0.301181603261519 -0.046923575036006
0.130859456329913 0.0437637033244576 -0.294623297951314 -0.0861495133314593
0.119358637911133 0.0854309852481125 -0.215775465409818 -0.16090745204077
0.0754973659320333 0.13981385025951 -0.0463000467642355 -0.181154355441133
-0.0103246448471169 0.203505105549732 0.0155469191105586 -0.0532884495796034
-0.122784158467473 0.189879554083049 -0.0552270728474341 0.0513611724448445
-0.148532216411779 0.119058044679271 -0.187501026847485 0.0920393691197805
-0.132987133666706 0.196214374742922 -0.039048151713724 0.220131108485053
-0.0411310656262916 0.206857116938013 -0.151264490515343 0.139397565300473
0.0374295000440506 0.165040034493006 -0.0641746897495883 0.259026144307244
0.0768037777232715 0.100982041954956 0.149897710135793 0.182592812829242
0.107418628347965 0.0863585126420505 0.185755508704816 -0.0381469705286252
0.13981500588983 0.0628301349221018 0.0320030642408662 -0.160725407327644
0.168633304442215 0.0352179715341464 -0.115170097333929 -0.121814981419086
0.213116804928412 0.0232151214859439 -0.199383493518133 -0.0633274644091248
0.225836581564348 0.0408304938912933 -0.230156023737498 -0.0308011166662725
0.235413496251476 0.0782284472997691 -0.234752941543819 -0.0447247167965757
0.217065087102571 0.156859919950135 -0.189995393714381 -0.0986976690980547
0.124340591157815 0.24536377189929 -0.0662597638822997 -0.142012329281929
-0.0130233368227871 0.296916556324317 -0.0103532877302435 -0.0711333207232906
-0.133668219156412 0.280818754896181 -0.0387602595495033 -0.00365315417921715
-0.171056428038781 0.208616120264685 -0.130268837625039 0.0245219686323273
-0.161216968652158 0.263032504100125 0.0102547118422477 0.128889138754345
-0.0462061194367825 0.271518529063361 -0.172574227972774 0.0837446933403024
0.0292554455012926 0.209905142928153 -0.0798976170367315 0.25803123011161
0.0674652050801958 0.15637938768753 0.14336957316906 0.199819996578782
0.123581535962691 0.15135414561072 0.199576586275074 -0.0103902161837303
0.18141003122365 0.11642893147018 0.0760344239596412 -0.133570252022817
0.229298837192619 0.0710106435689464 -0.0378384308795883 -0.099449255900823
0.277534099217251 0.0408652565088733 -0.102064276205625 -0.0534873485214705
0.287640950584529 0.0510567080052206 -0.128561612959322 -0.0148829646166113
0.295611351034 0.0923004924323437 -0.144735643458062 -0.00923608302681446
0.275675680436554 0.187042618911811 -0.1332074746892 -0.0346715055216611
0.157277341250132 0.289506675787668 -0.0773215901322681 -0.088343235802767
0.00324844521596551 0.3218483027114 -0.0461436919249022 -0.0932042420088795
-0.100916390365205 0.313251534517939 -0.0283408831626781 -0.0853733990417547
-0.149540952607 0.263285350842686 -0.0640681111771225 -0.0645421597274904
-0.165145967495028 0.280405237753845 0.0739316332741757 0.0258810973512693
-0.0601051800057013 0.276448058086665 -0.163011071367114 0.0242424945859162
-0.0152062823472979 0.221946356859859 -0.0764951461771625 0.235349136142977
0.0298494969354112 0.215024515145745 0.127246311739121 0.205615893298308
0.124788388686176 0.217936463635307 0.201580542018227 0.0380188400059696
0.207577704612442 0.160468125840032 0.127623565437303 -0.0781098374202977
0.261707105174251 0.0941047460280974 0.0558721107201931 -0.0624090748308542
0.298822782818702 0.0525097133548067 0.00952087135130024 -0.036806065025633
0.297651351149366 0.0578346301630083 -0.0171801607553431 -0.00148006304159901
0.29525202866647 0.101157544030819 -0.0485599358288682 0.0177763675327474
0.263943862572368 0.188532145782624 -0.0682656885045272 0.01915663736552
0.134949825906872 0.268185328196234 -0.0859391871504706 -0.0359058614474845
0.00997068126336947 0.259445475373064 -0.0857826805902194 -0.117424707111875
-0.0435257111255439 0.274700396913091 -0.0235534915457013 -0.170790540546182
-0.097439970414508 0.274127028515567 -0.00485531485583429 -0.157799840291455
-0.137035701487652 0.244419297764247 0.141626804922532 -0.0647720452100573
-0.0681560401207347 0.220168048077002 -0.109340599142812 -0.030861383770052
-0.0696147506975339 0.191294583193698 -0.058677986442576 0.17615966174464
-0.0168518075063118 0.243903070753821 0.0853234684920711 0.200065151462426
0.110490459618149 0.249333910259372 0.191100072635015 0.108016598749078
0.203918789215209 0.174305819151643 0.185137996409594 -0.00014387853678803
0.256938769084964 0.0982008358752014 0.156113046997144 -0.0161596720892556
0.275539283066263 0.0577667770100824 0.119654661353554 -0.0155156184688729
0.259891871822856 0.0636795358117629 0.0835894147080594 0.0154081316491555
0.235989040946833 0.108513789247039 0.0281459570590793 0.0424763091674528
0.184732136606073 0.170996853969505 -0.0266484144609465 0.0611745421745414
0.0618615570738325 0.196609243339814 -0.105475086633484 -0.00308656443433445
0.00298670745496686 0.138352506558185 -0.114230472263179 -0.150255303460864
0.0189884755137351 0.1868206736437 -0.0112531434910214 -0.235464505203791
-0.034322412561119 0.246292480418096 0.0396729714118416 -0.234345710815571
-0.0787673888772377 0.174300831779748 0.200616408913654 -0.128905017883374
-0.0527832230667294 0.129873253138033 -0.0322178997338802 -0.0782534910540145
-0.0928594177723334 0.126493844274346 -0.046145535505851 0.0982616011604533
-0.041954972805281 0.213184440406894 0.029333164358604 0.194045829568164
0.0829602478928825 0.215464465083301 0.179397910644166 0.181316347629623
0.163826009621803 0.14659445287346 0.241853346750013 0.0770145431122206
0.208408460287769 0.0807684699407774 0.246934632762715 0.0276699703213696
0.210655151783605 0.0532948248821171 0.21173154898053 0.00897817418095215
0.185216686772435 0.0652889893361265 0.159393095095371 0.0380790491463843
0.142418726102253 0.105079865951036 0.0688613489013303 0.0713916472932975
0.0769592305296077 0.131684781122127 -0.0270124769112131 0.0885986202822506
-0.0162063231583896 0.098491097441219 -0.137941938464807 -0.00436559427185387
0.00340199037140387 0.0130768776028991 -0.114818195741132 -0.191748517837655
0.0702256631979361 0.0936808600296648 0.0194133201934057 -0.2663757141661
0.0188514463459744 0.190176796062078 0.0709405476054961 -0.284108818706722
0.000275042981377338 0.0864884551207324 0.232685968822592 -0.165403755856449
-0.00690002544622751 0.033664463850198 0.0300359859907885 -0.113356931412807
-0.0666160737537572 0.041494056033978 -0.0489861166292449 0.0380737853879448
-0.0394423096582684 0.12158591872689 -0.0119614275706528 0.198969339769817
0.0413524107350853 0.121794009977788 0.177962142573205 0.230255857547996
0.0891290935017242 0.0848032666191075 0.285197068882266 0.129516009336384
0.121403448192215 0.0498614109095179 0.31077210920891 0.0572859164569454
0.114581012667137 0.0414541719401967 0.270822849701434 0.0293788940266033
0.0905491743671122 0.0555175008909575 0.202160927985944 0.0627347844615265
0.0444706442894026 0.0810164062124209 0.0736151947133025 0.100378768269858
-0.0154407825264321 0.0752676985968366 -0.0599842935522885 0.0943701971559515
-0.0594337578875719 0.00775788593146377 -0.162167085350175 -0.0413514901803753
0.0133061183837088 -0.0684610586037295 -0.080208857336215 -0.227703441746201
0.095663780201436 0.0202097721673614 0.063935500606554 -0.261800033965372
0.054634907127909 0.112961461594422 0.0911589307577457 -0.305520081711858
-0.0659233489085945 0.00226531796705966 -0.039368019895642 0.325562474072652
-0.0607724223474619 0.0536964833701393 -0.0585475784133944 0.245481930817349
0.00948780228174077 0.0836500931708322 0.0687947037834045 0.266639885383413
0.0618584119995611 0.0295707568810453 0.21863408902283 0.0766840520789809
0.0566389569473515 -0.015493448237415 0.117298642510273 -0.11865673478525
0.0278116753901482 -0.0359141185733234 -0.0792920754125583 -0.145309633841693
-0.00213489255686546 -0.0331580103098194 -0.225342576829329 -0.0714033458197406
-0.00434740258155319 -0.0218476965019151 -0.301140106398239 -0.00429060480921825
-0.00093428263727875 -0.0128495820805551 -0.340458593267693 0.00310328161013393
0.00884057677985631 -0.0206301874651597 -0.332756996765748 -0.0611611724640193
0.0213483463221089 -0.0294973317438486 -0.248217450617873 -0.164516556192192
0.0479660830507429 -0.00927670474516703 -0.062243183264821 -0.197617856089901
0.0461947851743857 0.0770736278381954 0.0246730213001808 -0.0520224573058582
-0.0526333598516354 0.0891324221807609 -0.0478094971772331 0.0823312908421828
-0.0845243167156917 0.0292544101433757 -0.20049703339701 0.166991052528549
-0.080028191796857 0.117100601640336 -0.0227094428647596 0.288137639270647
-0.0307519970663207 0.127867950855656 -0.0941312025322414 0.206273814312831
0.0381590081828235 0.1125636433636 0.0136380322375125 0.269416821270749
0.0759722672714158 0.055369113548615 0.198744591371575 0.122746497206027
0.0923282937531126 0.0245593891977879 0.15245291081823 -0.0978760011023444
0.093469235483792 -0.00204248872149335 -0.0444280619539418 -0.166382694349973
0.0913971975872802 -0.0179895890820644 -0.201326769938269 -0.0937066148188823
0.115819746167928 -0.0214831899941211 -0.278166601638924 -0.0148025457522241
0.126949519068516 -0.00480573383389443 -0.312558416563112 0.00876703252320608
0.13914359118992 0.0177439536846763 -0.311104933758939 -0.032982514946193
0.135391915123636 0.060704134551686 -0.247795941642884 -0.125151877770277
0.0992779550903378 0.127122290777264 -0.0795853888105881 -0.180151620600245
0.0276168153918072 0.204319721372591 0.0107978457419495 -0.0587461368524844
-0.0874699582318012 0.211473001733343 -0.041392202101448 0.0640256764944389
-0.125775854282333 0.1456253672234 -0.176314343228922 0.126999757136981
-0.0991758111358985 0.227400864441055 -0.00169213635567585 0.212221068032999
-0.00512015406190676 0.215742204461849 -0.133603722601026 0.162454139826574
0.0669661654964424 0.156549286576617 -0.0212250192561637 0.27121530177453
0.0914718842698315 0.0881319648623994 0.186275976677471 0.150907151987791
0.122017019523589 0.0693959389039091 0.17651043826841 -0.079992751071821
0.151453282533456 0.0395409354729203 -0.00606668571419175 -0.171071400367434
0.176061869943847 0.00590226816965261 -0.145783145169847 -0.103953849860083
0.218666723822791 -0.0174951588905763 -0.211600778466696 -0.0254579868942261
0.233600717422912 -0.00432138455383083 -0.237627957983944 0.0123370846371013
0.249798171890343 0.03272571182719 -0.243274793298017 -0.00316580731717647
0.244941505437032 0.11340456927224 -0.211803345205801 -0.068475890566451
0.166996581812819 0.224524353640749 -0.0927511217923739 -0.138655489874252
0.0422401011347253 0.298442738555748 -0.0187473644217489 -0.0727949911731707
-0.0821673786622951 0.30307974801936 -0.0331221088815962 0.00544733327283487
-0.13245964501918 0.237827650866325 -0.130130264298255 0.0492599136811946
-0.114080784154072 0.302209029802479 0.0291041505622713 0.103294191523671
0.00181934179109223 0.282261024646576 -0.167516729113774 0.108242906055096
0.0668484013583966 0.203268476502963 -0.0373854418153628 0.269461975768665
0.0909780934813711 0.145024440447445 0.18384946857073 0.166415449276281
0.148303364697535 0.132057344854493 0.193712160064461 -0.057074972227349
0.202852593730718 0.085320770710767 0.040591699740947 -0.154427714836437
0.242904110344518 0.0310144263642957 -0.0639029045355308 -0.0990252834072188
0.285953461190098 -0.0103086518368972 -0.112477510821023 -0.0343788476170408
0.297890281489648 -0.00586826080109384 -0.132357171745423 0.00841283686831528
0.311333192463826 0.0364153137667636 -0.146046523585485 0.0156687367374575
0.308043824417439 0.132675441545117 -0.142666904125376 -0.014818231538776
0.207531276125657 0.261546765820897 -0.0943035370278344 -0.0830224058860238
0.0629330663798457 0.318465100965376 -0.0606880194492609 -0.0873183591359586
-0.0439445442178029 0.329148887031813 -0.038338540992184 -0.0793308114629669
-0.102554444461003 0.288208101885738 -0.0795850283576039 -0.05203480481884
-0.114144379418581 0.32144250728615 0.0724597905055095 -0.0153139405296191
-0.0113872956648698 0.289424062424245 -0.168560201868268 0.0466964683149132
0.0238124520735675 0.223769485412277 -0.0364874518550199 0.244309791329617
0.0630089854050749 0.210489833446411 0.169884081311276 0.171536432392079
0.161084745998627 0.198631847602374 0.204314627911748 -0.0140338096190866
0.236180210979973 0.125233546069846 0.101299483014259 -0.109799821401298
0.279327913410491 0.0487965059501227 0.0384279338758117 -0.0809666653066662
0.308226343765375 -0.00210123127033547 0.0021546498654184 -0.0385872591375214
0.307890126613835 0.000404551171671216 -0.0176904965966529 0.00141551461765238
0.311306405135236 0.0460054194107905 -0.0447511522826755 0.0247492209540082
0.296013634372573 0.13676085476382 -0.0667984532962831 0.0279108099138949
0.180539139955324 0.244021396320505 -0.0929512059074601 -0.0269597676169616
0.0570281848813861 0.254401803232023 -0.106882157151788 -0.104219111017321
0.00664648797165652 0.279291818817016 -0.0505494107927768 -0.167238644348965
-0.0486618346000224 0.289241351770375 -0.0345584430073866 -0.157156111112968
-0.0915451594948014 0.281200961383268 0.124892424517403 -0.117250754220302
-0.0290245644235942 0.23394151163062 -0.122800288545137 -0.0177279989059725
-0.0371039989065593 0.204008958366445 -0.0269605598191976 0.178841257481146
0.021402288277065 0.247987268196861 0.127346136064589 0.171881395724826
0.151748498502655 0.233792225821507 0.207974053427754 0.0573522523013796
0.234286326629985 0.140508756364091 0.174112797583229 -0.042802593167817
0.274652477734928 0.0529683900943941 0.150182359074246 -0.0545904292534431
0.285830156438893 0.00753820242511882 0.116447183306289 -0.0377481495347391
0.270156583219395 0.0145955224267761 0.0870454667131363 -0.00037428211335343
0.254252526466194 0.0654565861209307 0.0369331271604567 0.0363604958609812
0.213019874588883 0.134077586930282 -0.0168895972494182 0.0634859404658537
0.0947304079037483 0.184448803019685 -0.107054398438704 0.0127715502216448
0.0270789520042355 0.134955626198341 -0.143599275088059 -0.131180491931751
0.0520546335814688 0.180460306754241 -0.0523523933059156 -0.235943145773418
0.00827890708900504 0.251464516374555 -0.00105591127332833 -0.243215455127305
-0.0457740945855368 0.19695097973968 0.174601803763833 -0.187151143661379
-0.0294834714262595 0.140874158902802 -0.0506403610694556 -0.0780516612306367
-0.0728228607905892 0.143881599828869 -0.0275178485339569 0.0995379518015876
-0.00843448144057127 0.22185285822196 0.0698767439617771 0.178489669281853
0.118052681097706 0.204523558592625 0.21110871425899 0.135791592412433
0.188912924650978 0.119597744302984 0.248847232207946 0.0259337571772454
0.222808791561751 0.0446400524624352 0.252345618624429 -0.0273349876820846
0.219792645932506 0.0159943520543792 0.211965469564533 -0.0314769146703154
0.195949386537076 0.0314118178413057 0.168007661054427 0.00708245435406949
0.159878517714385 0.0793614615067046 0.0827617868566422 0.0590769830362675
0.0989405194541112 0.115288245553969 -0.0118195941957374 0.0927637668515362
-0.000455024488007967 0.0997375691977068 -0.140104938422865 0.0190769052704566
0.00421052708134806 0.0108761698034021 -0.154230677022303 -0.172970642195769
0.0865243528895437 0.0792745638909085 -0.0283554938658225 -0.274069595622353
0.0516059294294474 0.185757250074296 0.0226580308332896 -0.299203275042988
0.0170926725944892 0.0910708381845104 0.200883314550371 -0.220304760808363
-0.00022439697200948 0.0356473804622834 0.0073025212963164 -0.120805769678212
-0.0599481517474703 0.0536006310315099 -0.0419554333623764 0.0438624171411281
-0.0205772419132909 0.128759990293843 0.0293280172212206 0.196302189840906
0.0594810208455886 0.117547448797525 0.221970167078162 0.189934217873918
0.10268117956975 0.070032013086869 0.307639358335991 0.0729349043397238
0.129136889478071 0.028704031638799 0.324998390905695 -0.00800784037746591
0.121249402710412 0.0220180989224221 0.275746007800852 -0.022514921964177
0.0997984385883968 0.0401819535876494 0.215983703527497 0.0244931253576489
0.0576978014337076 0.0733895877004854 0.0930564826038689 0.0880679419662732
-0.00239235185269815 0.0766938269099359 -0.0440548868708372 0.105859996791076
-0.058153963775892 0.0173352838062225 -0.172226317921838 -0.0129206870541912
-0.000556614702788558 -0.0726103231689913 -0.126603768923247 -0.215968091286467
0.0990463383907222 0.00217599664045642 0.0168564172118051 -0.278981619763696
0.0744779087339638 0.103071848137774 0.0400863269834164 -0.324417459324524
-0.064767334670103 0.0103199369207159 -0.0032079363158137 0.322641998896557
-0.0540920868194061 0.0606405695984907 -0.0332424862683844 0.247341586763744
0.0187844937113862 0.0811514578075337 0.0985526417110788 0.255988682416884
0.063675192488105 0.0222823631626096 0.224802965606405 0.0521084562162207
0.0543029324444382 -0.0217749793595201 0.104023789838256 -0.129650092236925
0.0241322302999905 -0.0380313063177817 -0.0929518185908352 -0.133536919335023
-0.00583314260291424 -0.0314874220512792 -0.227904447903775 -0.0444595502219905
-0.00645356946497524 -0.0204850032418306 -0.294521179843435 0.0300781596955069
-0.00212376180718677 -0.0130530557534543 -0.331639362349545 0.041381085288465
0.00697125646122155 -0.0211575232487696 -0.330114526524433 -0.0226007799978445
0.0160282292892928 -0.0308012818549358 -0.259779183633915 -0.133179357948441
0.0448980839966743 -0.014543904419687 -0.0825409085628927 -0.18772662265995
0.0540443928411345 0.0697501170953497 0.0205476436077554 -0.0535233345666193
-0.0415195705181933 0.0940384104102495 -0.037321979328882 0.0860286971536349
-0.0805241766489913 0.0381819382670575 -0.180954872409372 0.18591983532693
-0.0661501032230013 0.123715592556341 0.00771324576092559 0.284741226274661
-0.0155610793456835 0.128899097363786 -0.0728669915453557 0.213596300201889
0.0501951332109461 0.104987253021441 0.0443302201504423 0.265007403240629
0.0793790430049491 0.0451159342626358 0.21015313758454 0.101349977636599
0.0924465821590663 0.0128964445456665 0.141833013776179 -0.113465572196645
0.091310061575368 -0.0126724975502817 -0.0623459912969433 -0.158049136063007
0.0869815156066906 -0.0278662507705421 -0.206813465390037 -0.0686998318522987
0.110298739574202 -0.0342435365093542 -0.273085646568813 0.017557995892899
0.124120531642226 -0.0199771620997665 -0.303079130069995 0.04428071800217
0.137803241092326 0.00140361230497413 -0.306381574554517 0.00255126270293424
0.137423877013685 0.0441223632616162 -0.254902456545597 -0.0950672627139443
0.110317804910872 0.112790338948137 -0.0976711638218948 -0.168399545332161
0.0498756076841055 0.196525306279229 0.00506737386257622 -0.0586512478957773
-0.0612801498295417 0.217035424358974 -0.0328782778069298 0.0680071297446159
-0.108519181284535 0.156824806051874 -0.160847288443928 0.144089717049164
-0.0712610674971692 0.234507216023028 0.0207716963074511 0.207977844795226
0.0194249573021196 0.21192140694957 -0.116108305767054 0.175846657812151
0.0834508204767662 0.144490707199572 0.0101720521759957 0.269969851911815
0.0979432127503173 0.0752046921359886 0.201421080890407 0.129936610081623
0.126588144715999 0.0531314541268996 0.166368764128376 -0.0982623097658345
0.152000004593353 0.0210162155945874 -0.02517350853568 -0.167551577844815
0.172601664760716 -0.0145359820668424 -0.153817592557255 -0.0853289923838778
0.210746811895016 -0.0430267386076115 -0.208892201220939 -0.000359599043334884
0.227503888982032 -0.032306321575718 -0.229664361278563 0.0393595925264284
0.247449627783591 0.00311306212244216 -0.236857021628469 0.0239133351823699
0.249787476742126 0.0825754731705203 -0.212849483637097 -0.0438815042681115
0.187466159746381 0.199992715663695 -0.105806275049298 -0.126873178613253
0.0739545749882656 0.287234058469471 -0.0261228556943696 -0.06851598907257
-0.0457795556825156 0.304963415076706 -0.0326108081647385 0.00936858871555604
-0.104943480543533 0.248224494109302 -0.124933281223418 0.0625563066025959
-0.0773079794336623 0.309601801370654 0.0388497796029869 0.0985386147727523
0.0336561031476351 0.275560394462534 -0.155171894868691 0.127762433946057
0.087690413193746 0.189717571830145 -0.00568764280934824 0.270203551507024
0.103952595742613 0.129926021671099 0.200945515049781 0.143811721984788
0.158407052699725 0.111518634174235 0.185086979692498 -0.0795118613790666
0.206157784504115 0.0596250056133407 0.021283414278646 -0.156158312539601
0.239906940436385 0.00199731791765564 -0.0735942064344527 -0.090075373003351
0.27644919209638 -0.0439043166999869 -0.113200379204582 -0.0208228140424449
0.288945884958997 -0.0404273220033312 -0.12728497156745 0.0230798830316939
0.308303572003845 -0.000282890896662766 -0.140599490036312 0.0316118838379467
0.313144704374681 0.0939174533008507 -0.138821734932471 0.000614691968541909
0.230995434194845 0.231477233939196 -0.100947815515628 -0.0717244710945456
0.0954377392105733 0.304257460292317 -0.0691980502723697 -0.0778491697629806
-0.00541418031566846 0.325641185639315 -0.0474996652383499 -0.0733927861546667
-0.0696283986891038 0.293400977987802 -0.0852389599482916 -0.0415713278608215
-0.0751901858608196 0.327250706543512 0.0690616332044264 -0.0215844323367716
0.0227980741188746 0.283255957408392 -0.163425973275401 0.0679770896888346
0.0481964066369518 0.214556985122145 -0.00761350483998455 0.244092398613002
0.0838719732759633 0.198478977465733 0.187399796441827 0.149013453082603
0.178993646946191 0.175901508836433 0.199434029995905 -0.0381421786820198
0.243610442912409 0.0953570789694253 0.0846308579374764 -0.119126599408079
0.277376326068092 0.0147698608567211 0.0282311673230876 -0.0838035505696065
0.299933555990002 -0.0380781869096412 -0.00111496152725636 -0.0394318648168318
0.300820105874599 -0.035622221671857 -0.0162762652245267 0.00356628473978504
0.309327154940817 0.00922596685142302 -0.0405966991589969 0.0294452775554756
0.302186942882702 0.0989110785769266 -0.061310549882853 0.0338562992392741
0.202304568971582 0.217233865370537 -0.0937650978230822 -0.0168655031327185
0.0827675827214806 0.241462149677719 -0.117153726280272 -0.0878784883425673
0.0378407569485419 0.270200852833707 -0.0701684913976359 -0.157757410706373
-0.0168030190430575 0.2874101219532 -0.0526365108321157 -0.148880748892638
-0.0577956573089359 0.285164519532822 0.109617831760892 -0.128047362830961
-0.00147081373404233 0.230631653116751 -0.12474601413812 -0.00086828658336982
-0.0140834481097481 0.201999561915216 -0.00684879992605334 0.17825971324111
0.0482597699593443 0.240062982509172 0.145034111332767 0.153636207151399
0.173595495065838 0.211798076501034 0.209414088954077 0.031279344616318
0.244441646434465 0.111083687648983 0.163857830588584 -0.0607380867749432
0.273448208747955 0.0196536039539828 0.139486959751474 -0.0706103086400589
0.278383828894461 -0.0256369801655 0.11015534564562 -0.0515419045602077
0.264803232293723 -0.0170423074247762 0.0860756275331538 -0.0107630829835913
0.255061555844086 0.0344435661161275 0.0393689244913596 0.032281667247668
0.221655908120546 0.106528857934539 -0.00888677358353458 0.0631307171596624
0.111779312444222 0.168935061549055 -0.102874777819523 0.0232993626745711
0.0385921697601069 0.127404926437949 -0.157091493465503 -0.110718267305942
0.0700679049349596 0.167966399126999 -0.0787654488341838 -0.225304932643462
0.0353942025807877 0.244196620466594 -0.0287063000534448 -0.236435279421696
-0.0229828508440318 0.197707035420319 0.151509410041136 -0.20278572176842
-0.0131161480895367 0.138882652477681 -0.0591578726086181 -0.0684863794816728
-0.0559596160554924 0.148033905441414 -0.0167270401530619 0.100159268960186
0.0167877446282131 0.218429926300768 0.0880530402800159 0.166860318366865
0.138545468984064 0.187541534030394 0.221080219676172 0.107299073393465
0.197894569301687 0.0955674198543401 0.244617948354543 -0.00180763616141291
0.22134177553048 0.0171074676521256 0.242379822652948 -0.0552989032341411
0.215075664179149 -0.00956061415117287 0.203351833597176 -0.055761892959555
0.193634973949518 0.00764928562963846 0.16548549471399 -0.0120415964533828
0.165297288617656 0.0593911864163983 0.0870611842873259 0.0498747062839017
0.108101456425511 0.101309252442911 -0.00201215898476992 0.0922477006221705
0.00934700209060603 0.0969769129785312 -0.135328537891049 0.0335069220519371
0.00296081581764311 0.00765597426950056 -0.172069905715373 -0.151286669782668
0.0930986282898994 0.0648090378701743 -0.0593678240480377 -0.265569307764016
0.0724286598862833 0.175828703726239 -0.0101482968066099 -0.294493092386902
0.0267796403773283 0.0865453524195106 0.174610355714975 -0.239498289045139
0.00407113306218366 0.0337177413982048 -0.00651563953127433 -0.118217303356022
-0.05274886586734 0.0591804960201926 -0.0382306862493126 0.0471528432778738
-0.0048798792486339 0.128625508864173 0.0494467746135909 0.189619729204331
0.0714403097883285 0.108504784465211 0.237846194990459 0.160432066085068
0.10881392057252 0.057189536004523 0.307965512350788 0.0363898751745956
0.128715877347349 0.0119915439069838 0.315525386173593 -0.0445907529190696
0.119399826492624 0.00709137711145211 0.265572173841162 -0.0545298258427825
0.10149940689154 0.0273360186652501 0.213565987007541 -0.000927143611822281
0.0648672937234244 0.0660387097094847 0.0995204192614657 0.0771371363444205
0.00571760962691717 0.0747686154457312 -0.0330598243837976 0.109253756674345
-0.0561500213382838 0.0230585276192678 -0.17153522457722 0.00586151993071221
-0.0101261292177495 -0.0725540092538119 -0.150327023814983 -0.198499116482698
0.0970519323950273 -0.011409069908404 -0.013041782626488 -0.276525804901584
0.0859430931833639 0.0920520753102244 0.00316355204675224 -0.321244833448349
-0.0595074295081152 0.0162769305707921 0.026441019284638 0.300282760987608
-0.0444418881929894 0.0623793974805085 -0.00968957810618647 0.23470348536863
0.0258378805084398 0.0743669887411251 0.117927269154647 0.230298018493075
0.0611786663541447 0.0147557648454122 0.216830090677202 0.0277815768667423
0.0483548452062227 -0.026421891125972 0.0853984792993859 -0.131252108535994
0.0192643108110266 -0.038342553630098 -0.0986559446350994 -0.114301797827003
-0.0085117526745178 -0.0277643438565849 -0.214900211679365 -0.0176301183373454
-0.00765923351799406 -0.0183106233766998 -0.269918292636202 0.0579508587710408
-0.00288125321069984 -0.012394672796056 -0.301123174556483 0.0714569947977415
0.00381647668657053 -0.0207262376726375 -0.307432393006086 0.0115856972588184
0.0109375250655718 -0.0300645027346882 -0.253594594569451 -0.0977466389668064
0.0388849345113937 -0.0179830959488391 -0.094354410086661 -0.166913600877805
0.0578131060930214 0.0592359683613796 0.0155373342363207 -0.0518906438761523
-0.0281853632399157 0.0918684962953697 -0.0251495837019769 0.0836708087999204
-0.071805786540438 0.0439235167254562 -0.151663048982523 0.191088739862642
-0.0486517100983256 0.121923148762849 0.0335232542557916 0.264349512962918
-0.00186647149143685 0.121591173801031 -0.0501501437444124 0.207380365463892
0.056652425243967 0.0920794230986198 0.0692835310538489 0.243988933238912
0.0773049958931817 0.0337914000572126 0.207915436379042 0.0754158565610281
0.0870693407491973 0.00157741010813622 0.122170836321596 -0.119875228451549
0.0831550133286347 -0.0217773718436276 -0.0728156168566369 -0.140291474371154
0.0770512326935466 -0.0341456440923855 -0.198175217493158 -0.0420546026819296
0.098487390220316 -0.0436060298385648 -0.250883377252726 0.0443184071123807
0.1127709472923 -0.0316528032580375 -0.274210281780726 0.0715493998270124
0.127881703387665 -0.0127558205336983 -0.282480590884697 0.0328481220835316
0.130735731535088 0.0271257489847474 -0.244658074030403 -0.0626296037803342
0.112706184847309 0.0936947457748535 -0.106815805143262 -0.148770892006984
0.0661290877539577 0.177741857893158 0.000209150223794765 -0.0546448782964521
-0.0355791737250857 0.207113622319991 -0.0233151422122927 0.0663302697816738
-0.0865759867251299 0.15688067912844 -0.137723686529287 0.150196269425161
-0.0427370818823585 0.225136629438909 0.0390602010034697 0.191783937097704
0.0392395939676073 0.194064997258634 -0.0930369250536932 0.177029330850478
0.0909799252408582 0.124703657439456 0.0378441005316223 0.251795370187395
0.0971825648709931 0.0592278936526157 0.202602235162623 0.102120074489756
0.121432780249822 0.0355272950288789 0.146789283872326 -0.108882301426286
0.14223096808999 0.00346159325887469 -0.0400048650386316 -0.152916422953004
0.157409888806574 -0.0306391425717503 -0.150005993380187 -0.063322312943073
0.189095403138212 -0.0617347067117038 -0.1928625519236 0.0212673777498288
0.207178398352084 -0.0536505727493987 -0.20717643231945 0.0593981599194569
0.228747859032188 -0.0228008667086645 -0.216762697535312 0.0459584552268633
0.238346486712948 0.0510806016738825 -0.200527340127539 -0.0198546625415927
0.192792967896786 0.166100528578521 -0.111441948913324 -0.108975806434706
0.0966772766602544 0.258506012631833 -0.0303161548410626 -0.0601557562384347
-0.0119072158769413 0.286450831541943 -0.0298023361466184 0.0123474445331489
-0.0737683264958951 0.240599067878838 -0.111938510984496 0.0720803233797832
-0.0398464877716755 0.29548599137965 0.0453099925504008 0.088671586816959
0.0592201660861211 0.251374747434805 -0.134602661590572 0.13700636746446
0.0999850752990439 0.165448694565426 0.0218954600871407 0.253032370111554
0.108159081115847 0.109320826714613 0.203042205528657 0.114881914546873
0.156954454194293 0.086247248910201 0.165511601452887 -0.0936734631383128
0.196282932779818 0.0342637000356522 0.00320359395931496 -0.147214903569776
0.221859979384729 -0.0227535302596989 -0.0769598182239238 -0.0761243518131456
0.250372025876487 -0.0692392893413087 -0.106426740589923 -0.00838987891156234
0.262514583488214 -0.067583882563856 -0.114298772286225 0.0340622556796863
0.28528479738798 -0.0318895367831035 -0.12657637618222 0.0433111103517205
0.297822895404298 0.0542432118388991 -0.127609263535081 0.0134935936217029
0.235609235399573 0.191184259214953 -0.101171518797778 -0.0581877976630532
0.117665258128655 0.272278394893549 -0.0718013396065566 -0.0633838080393683
0.0275734658345761 0.301101756051948 -0.0524131958162733 -0.0625583366323273
-0.037610150962688 0.27889651001282 -0.0851771165529337 -0.028425852023913
-0.0364748808677582 0.312610838674716 0.0622221178443528 -0.0267613524322735
0.0501692411334516 0.258978610817042 -0.147916366292673 0.0821368545005813
0.0651438772164686 0.192515740083716 0.0180211217257998 0.228910931367543
0.0965614713875554 0.174353980631274 0.19086069207256 0.120174288013672
0.182134967976313 0.144717331271385 0.181835190216409 -0.0566412863227799
0.233791689251609 0.0641670413575693 0.0651716349464611 -0.118496734595242
0.257332711524065 -0.0152262213198947 0.0174469074368534 -0.080716235269132
0.271915443798133 -0.0661287570862526 -0.00489111565834753 -0.0376056885620805
0.272764735065028 -0.0644679014538884 -0.0137834463155554 0.0042261790496169
0.286623329418087 -0.0230817549079847 -0.0347632769559029 0.0314140724668896
0.287876723184063 0.0607511832878383 -0.0525646246234771 0.0364310832088015
0.207928507553818 0.180547013316862 -0.0888488598740884 -0.00736164467976319
0.0984406048516694 0.21567934074245 -0.118196379799587 -0.0676635863439911
0.0612226338180714 0.244581791109077 -0.0822684301064813 -0.137842455499585
0.0117030793619865 0.268866416611357 -0.0647603979896693 -0.131005622248643
-0.0254455754116756 0.270866362757197 0.0904809472388612 -0.129586887125856
0.0223995435153099 0.212552954267142 -0.117458226713718 0.0147797711192404
0.00552082124367544 0.187416671308351 0.0114411922347839 0.167012993740055
0.0678139693282239 0.217392072675334 0.149908078950612 0.128004125207857
0.182358156313748 0.178674899176939 0.196981745590651 0.00594157804334573
0.236758933354333 0.0790375459684822 0.144083315497982 -0.0726461469164232
0.253836885939007 -0.0103838918930846 0.121304917541109 -0.0800744393271576
0.253157812468375 -0.0526080836954227 0.0963002661589221 -0.0600160733918493
0.241651382743177 -0.0433609010912104 0.0787100693535556 -0.0184896030142817
0.239571048914284 0.00609335280259259 0.0396870766331029 0.026961536139706
0.214252264875802 0.0758771664783758 -0.00167273200702581 0.0588948161587647
0.118247169413062 0.145457565768912 -0.0936376393753809 0.0314682296499882
0.0457522321490156 0.113313807015983 -0.158034843243566 -0.0849905146301562
0.0811626427714208 0.145901021050904 -0.0968200668980118 -0.200354171239881
0.0565121552394572 0.222351374589105 -0.0496958223024794 -0.215145275525363
-0.00151830747638463 0.185712383493943 0.121886390092366 -0.20424903213195
0.00169818638064382 0.128269175435616 -0.0620075744432719 -0.0559813644018255
-0.0377239116459219 0.142437596284026 -0.00687414338809807 0.0944991722019699
0.03809892645886 0.200703234120691 0.0974557734406026 0.146899379201967
0.147246968269641 0.160142210880963 0.215062613188272 0.076168670401104
0.192559766573862 0.0691090227454862 0.224966415037932 -0.0260362930457421
0.205376246088822 -0.00816522470199895 0.216829474196229 -0.0753259810356978
0.196596515050894 -0.0316243024345232 0.182048539020363 -0.0734376376353986
0.179403771006662 -0.0126257927520937 0.151700043297115 -0.0279026273745837
0.158023398009701 0.037727271784098 0.0857462411622929 0.0383237082273109
0.109376271408206 0.0819925039830614 0.0069168467771446 0.0855762463383321
0.0162837704650221 0.088661783775191 -0.123087986864996 0.043417300698975
0.000282997833813418 0.0053228545048732 -0.176589471028451 -0.122664485001962
0.0920318766158168 0.0482432899241231 -0.0808308359082035 -0.240592673730477
0.084482932918695 0.155619030196697 -0.0382067579417204 -0.271681521810004
0.0326385116354945 0.0770783919341793 0.139406851805182 -0.24151185955348
0.00682049634042141 0.0291840424858951 -0.0171367463820026 -0.108172094660756
-0.0432229545749691 0.0597188667851143 -0.032484675100241 0.0479634330274802
0.00907223917452448 0.120320518384009 0.0631874723586953 0.171587474609298
0.0778708189818289 0.0938779778742202 0.235786808712607 0.123900539706324
0.105921785756539 0.042168362944961 0.288213706397712 0.00376493620376289
0.119170755696065 -0.00294186812119857 0.285141973096823 -0.0739198880782977
0.110335978293807 -0.0062976508094646 0.239668239296455 -0.0776276360269507
0.0959141458083895 0.0152418697803557 0.196861308737437 -0.0236459523950572
0.0658955459384959 0.0548987598408635 0.100282563579739 0.0624065213255218
0.0118671254337821 0.0682276312872099 -0.020599654093696 0.105089937711335
-0.0510082226166131 0.0266829145153014 -0.160148301574122 0.0213342329319532
-0.017976257947218 -0.0679447255350726 -0.160575659639908 -0.170361067376882
0.0894060266247728 -0.0221320733338824 -0.0388290466331791 -0.256421726725278
0.0896433066967285 0.0762435383788602 -0.027035476047095 -0.297972145126627
-0.0529774679279121 0.0181902482542416 0.0398677750116694 0.271479244823262
-0.0363498246794435 0.0605809177800418 0.0022140333936551 0.214486660556009
0.0276167029313698 0.0663680663142715 0.120963888411869 0.20240674994835
0.0568376821007416 0.0105385084227522 0.200032464282598 0.0139293016568728
0.0424556313436728 -0.0268543576113992 0.0727852151702997 -0.123977812586998
0.0153117477460183 -0.0360001807466676 -0.0943505973850434 -0.0977667188628732
-0.00836585569455688 -0.0243561768672491 -0.193669156334888 -0.00255268321822606
-0.00778683106116484 -0.0153974594907756 -0.238838942789962 0.0689576711857554
-0.00289632886531624 -0.0117449956472531 -0.26728658073958 0.0811364901829628
0.00214555469352972 -0.0191032423489456 -0.275859384302323 0.0280165991118521
0.00736266444435506 -0.0273461676172419 -0.233202010128517 -0.0745198524338618
0.0335457808856829 -0.0183871253259009 -0.0945753524635736 -0.147254665743202
0.0563858292871615 0.0501113028317011 0.0130725447660591 -0.0482230487630946
-0.0203005833315167 0.0852651874355028 -0.0176647102439427 0.0774654014803347
-0.0636351725226749 0.0443392101608756 -0.12878568444235 0.182635850505351
-0.0368777603106251 0.112983222672185 0.0437669576396452 0.238571029957469
0.00491313896257638 0.110324567468141 -0.036132217294368 0.192806087203623
0.0565680377350919 0.080677220340195 0.077681187676944 0.21848854512083
0.0714159443220184 0.0263485446595963 0.194812488369308 0.0583683813424753
0.0781697990517033 -0.0046101098303398 0.1064265060167 -0.115403761036943
0.0735794157237819 -0.025091909759763 -0.0729528804675904 -0.12231304456988
0.0680300695279258 -0.0349202313444146 -0.180401596213903 -0.0265297634865896
0.0858651224512159 -0.0448583686970061 -0.222419311993572 0.0550239211747814
0.100048754504311 -0.0361011755656872 -0.243144479091436 0.0802323781554342
0.114215184109843 -0.0194075038157052 -0.252367991277926 0.0452387927175219
0.118174307611078 0.0176334051185008 -0.223895521368108 -0.0431942305896991
0.106942440573229 0.078137227565567 -0.105071780386212 -0.12981668660392
0.0700429787703853 0.15666340500585 -0.00151654426905808 -0.049121317151904
-0.0199669951513538 0.18926635757704 -0.0165974995433082 0.0614756891571131
-0.0707561215749954 0.146818948895516 -0.118278886723777 0.145196087846723
-0.0247638360736212 0.205745101315057 0.0448009543341424 0.172539799633471
0.0470064709752585 0.172839115100695 -0.0768627175909474 0.168105678563972
0.0893021202191429 0.106781941037329 0.0490100193634781 0.22740486523514
0.0901572275618 0.0474593551274386 0.19184234329331 0.0826592873896113
0.111227617351826 0.0242365996444832 0.128479839301363 -0.108109066570484
0.127451116409691 -0.00561631625875526 -0.045113370236437 -0.136065451501215
0.140173539275366 -0.0364589764603285 -0.138936636413691 -0.0486306753476103
0.166534758306774 -0.0670167064306666 -0.172236031840155 0.0296574880397706
0.183206841836898 -0.0620107226217547 -0.183389107763914 0.0654209536706719
0.204972151488506 -0.0338262103705548 -0.191749805665086 0.0537644207115207
0.21659804773999 0.0323378740696868 -0.181149243718073 -0.00738882405493737
0.182302223023738 0.138946436889898 -0.107181540807055 -0.093468052757732
0.101838259506037 0.228584933640921 -0.0298743395856911 -0.0517981075268617
0.00554772983259828 0.259273913168508 -0.0264519789670694 0.0130834386038485
-0.0551357344132062 0.221106867457888 -0.0993108837555895 0.0739590777807373
-0.0185789137103342 0.270000685539183 0.0463712770431513 0.0787048230384454
0.0686118036556921 0.22264246655833 -0.115643068497728 0.134746294929302
0.099107203621938 0.142740844872794 0.0355743571310638 0.229346562463681
0.102368369636751 0.0915274134904891 0.192472886616433 0.0936428525165596
0.145802468047609 0.0685157070074743 0.145658765643307 -0.0962888610105009
0.177869270023346 0.0195579966042515 -0.00639397323041801 -0.133155741861652
0.197601605989728 -0.0332934990997638 -0.0738391128631838 -0.0644234966286624
0.219821028546926 -0.0773026041602624 -0.0960452029000938 -0.00235623591059023
0.231989038620822 -0.0772910115300066 -0.100739740697054 0.0373429204305783
0.254834691395137 -0.0457757486000716 -0.112069971943458 0.0467261770312667
0.270390149169055 0.0320141630712447 -0.113941844069686 0.0188070930520855
0.222833978737516 0.158608896713511 -0.0948933598207778 -0.0479404306900976
0.120598065345549 0.239167070596154 -0.0686273004534634 -0.0516319441207681
0.0416793683867836 0.268525634683735 -0.0516679438607103 -0.052875257272468
-0.0195326140430935 0.254610533403359 -0.0798692940602518 -0.0188078026847098
-0.0151540034989884 0.284308150768495 0.0551812630977628 -0.0274762504489133
0.0606632831824806 0.229821983472989 -0.130397092643159 0.08622645242206
0.0686674048168355 0.168491161896714 0.0296195124349142 0.207004948355291
0.0960138699844339 0.151446059282721 0.180957088806147 0.0983003935295969
0.17191831801309 0.120136754512234 0.161308087190477 -0.0639214066123154
0.212919566401513 0.0446512037977994 0.0508010355126781 -0.11075679921221
0.229505035645198 -0.02901314895951 0.010526121084276 -0.0739924275055956
0.23983156201268 -0.0765036992643427 -0.00670339402358047 -0.0345092855233283
0.241636127903768 -0.0743012930432145 -0.0123118030168741 0.00455135556086335
0.257341584003918 -0.0386436923897547 -0.0299527591083821 0.031084401674523
0.261592254100601 0.0383278784680269 -0.0448385850363718 0.0346520149521395
0.196000608549277 0.151233223006882 -0.0812431701775006 -0.00296492949880847
0.0987717907503188 0.18840013701761 -0.111180136279002 -0.0528682703508415
0.0688326184533006 0.215590208631812 -0.0839743119393944 -0.118860188272788
0.0250883518525811 0.241841544911636 -0.0666586879238057 -0.112712471386438
-0.00763584649514552 0.24636515336216 0.0753706590731238 -0.123020512079559
0.0318336933545201 0.188648692089913 -0.10627073923592 0.0231796843511336
0.0144408461317208 0.167884899831338 0.0201588914083153 0.150996111793646
0.0728433181444644 0.192005280265135 0.142808083903626 0.10711350505204
0.174732417366595 0.151896379182241 0.177419670217493 -0.00713677038958485
0.217825428587679 0.0576225263268465 0.123974161987811 -0.0738456971430677
0.226639280134327 -0.0245732846748613 0.103834272592236 -0.0792862386784978
0.223699012520402 -0.0623593542274311 0.0828220021794982 -0.0605932756949007
0.214637942234929 -0.0534322852409138 0.0696122801757398 -0.0217505504229753
0.21575254224913 -0.00990587712651975 0.037104546993334 0.0225566801152276
0.196847811326275 0.0552054255856231 0.00148192848949061 0.0523579115906155
0.113076173355439 0.124770774656215 -0.0836971243446823 0.0329201919385536
0.0447206356045978 0.0991116104929263 -0.148184364507641 -0.0664945176454329
0.0807598764524306 0.124797525625928 -0.100137054931925 -0.175140132051499
0.0635531765687567 0.197231882874662 -0.0568515354364445 -0.190353968914857
0.00885301415006954 0.168314532373685 0.100072939269054 -0.193333217849442
0.00836242629839966 0.114522084153442 -0.0589545879553991 -0.045061780382992
-0.0275436770945466 0.129552018570265 -0.00155283082676079 0.0867097855962831
0.0453777587765615 0.179371994056833 0.0950176396802836 0.127391603483448
0.142988934252452 0.136249888102075 0.196471321662625 0.0564207533953385
0.177346655645194 0.0518957650975402 0.200076318061154 -0.0365182535833718
0.183652425027105 -0.0193026025547129 0.190521940923914 -0.0811979566622795
0.174300586751155 -0.0406393729296286 0.159416589576361 -0.0779975847911781
0.159952421821377 -0.0220519112284005 0.135043467930806 -0.034598995927659
0.144570693295138 0.0246852922301545 0.0787569276441226 0.0306370439827089
0.102277023325055 0.0677309975967106 0.0105968870894663 0.0768030884812952
0.0187992355652594 0.0788536720196394 -0.110176727350385 0.0462074368485563
-0.00202519235254852 0.00347600671655405 -0.167950073051022 -0.0999071687810404
0.0851396904048692 0.0362314613979524 -0.0876348839947819 -0.213133960682417
0.0857224655812688 0.134812827733245 -0.0482154295562267 -0.243017861220405
0.0337037299194888 0.0683615635829367 0.114139826108919 -0.228988333561876
0.0078919312511099 0.024987470957685 -0.0204284740449964 -0.0968292235074095
-0.0363389418133811 0.0558562989555893 -0.028032097461992 0.0458269037905846
0.0157207123214482 0.108041682889353 0.0658161326156217 0.152810127349366
0.0767057302739426 0.0806250052788577 0.217721226867324 0.0982966945918387
0.0985389808455346 0.0319436612265937 0.259179303875098 -0.0131734933958677
0.106306959445007 -0.0100013058281213 0.251935842645004 -0.0830558859779529
0.0981155260079028 -0.0119279720461265 0.210089085673625 -0.0854501851150469
0.086700357389608 0.00854478476837248 0.17527794456499 -0.0335305814223446
0.0627449732256048 0.0456852566594622 0.0935849831879611 0.0512826827017763
0.0138188384820894 0.060504619971761 -0.0138848544965238 0.0962990861055987
-0.045617991043151 0.0263843464965203 -0.14543265304316 0.0282403397421862
-0.0221113724963232 -0.0619345209095936 -0.15623316520109 -0.145996382082506
0.0793444820439802 -0.0271088691627346 -0.0499685139736078 -0.230141478646339
0.0864823962552413 0.0626478412324328 -0.0395871225974862 -0.268807322132014
-0.0483688049683473 0.0177042047227371 0.0389204916166712 0.249956084853197
-0.0329166989956813 0.0568112887506717 0.0029293852962012 0.19914300475126
0.0269088217908277 0.0613886921523626 0.11512369449479 0.185714096208985
0.0522841049617276 0.00894457326795405 0.185680802288573 0.0103540966657081
0.038783538844655 -0.0258634583271614 0.0674348219782906 -0.115637009655796
0.0136121736667716 -0.0340539373799292 -0.0865118146147994 -0.088550805330071
-0.00723772406018551 -0.0217329261961776 -0.176755892933875 0.00170005513976064
-0.00669164720556081 -0.013629679778538 -0.217319379127487 0.0689027080461996
-0.00263373807964854 -0.0107490228758106 -0.24342744778626 0.0792805946669311
0.00147777292319115 -0.017753461789899 -0.251043424402717 0.0291572038961749
0.00553682222869101 -0.0242869327677583 -0.213748592765603 -0.0653736050276926
0.030662491453672 -0.0174013110558352 -0.0886072131172611 -0.13466979709742
0.052998779742156 0.0443384277354885 0.0130394711497796 -0.0445569623757751
-0.0175224968150974 0.0790605774565798 -0.0145345473076231 0.0712654596943425
-0.0582150374122388 0.0424794248624515 -0.116632176159498 0.170717475190183
-0.0321856932134778 0.10449171825369 0.0432141963784722 0.219771315212817
0.00631204498775046 0.101398856252749 -0.0320252452994242 0.180500199523247
0.0527649434288415 0.0732121297753277 0.0747300222863204 0.201339525274579
0.066287945808999 0.0232071440450912 0.182851204227185 0.0507965949358033
0.0710988297062646 -0.00588975289599831 0.0989051949082947 -0.108780471749966
0.067041010232087 -0.0245940561697671 -0.0676556837589016 -0.111512228212007
0.0620832347988468 -0.0332974210735833 -0.164510010997661 -0.0203325911899912
0.0776342773015229 -0.0427192459566903 -0.202225202237235 0.0550354166956594
0.0908360830673687 -0.0351457470160454 -0.220193795294002 0.0782317716738291
0.104409626398361 -0.0198605083949875 -0.230310202988056 0.0454128841707371
0.107557515641457 0.0143568322449861 -0.205007266865897 -0.037017013348206
0.0982884024053284 0.0702491928745725 -0.0984861478890889 -0.118853756149051
0.0668725646933712 0.142084086626727 -0.000595494682474034 -0.0454834071714013
-0.01522802627629 0.173841028631029 -0.014260499802906 0.0570511188671339
-0.0638587495212781 0.136217918765512 -0.108177367987273 0.13711042035102
-0.0192399757888797 0.189656470022241 0.0437520024570559 0.159353228831866
0.04631013760362 0.157523425860839 -0.0697222278073615 0.158227219127169
0.0827751549522149 0.0959221093553016 0.0493562580125968 0.210006543034198
0.0829206512374918 0.0417980841679057 0.17970413683817 0.0749485769581636
0.101050105318489 0.0196970620878714 0.118685828498841 -0.101743364497862
0.115337507274362 -0.00792993922527124 -0.0433577850834725 -0.123825825814196
0.127132779391606 -0.0362619256146453 -0.127737047795553 -0.0411476496916648
0.150075421237306 -0.0645065522047949 -0.157334361461076 0.0302840290237441
0.166611943653838 -0.0603179983763012 -0.16521853470571 0.0624844088191593
0.186836846319014 -0.0353125001823466 -0.175389593192115 0.0525110866926079
0.197636803867017 0.0260198921135385 -0.165259901605038 -0.00482061234653744
0.169572341034509 0.12466527294849 -0.10005707899785 -0.0854160525739714
0.0967545083767005 0.207872547265317 -0.0272007934233671 -0.0463971988937703
0.00864365580194449 0.236549016884738 -0.0240047152839857 0.013429825186009
-0.0492954397048221 0.205086429448445 -0.0908648994631651 0.0714585015296993
-0.01221124757119 0.24806068703784 0.0436957536276774 0.0726143531767616
0.0674947523636582 0.202007698906142 -0.106012318301103 0.128891385877272
0.092857007865334 0.12807661822654 0.0373241935317476 0.211500704242513
0.094287144122081 0.0815966623814493 0.180469829408577 0.0838859727912217
0.133552305596397 0.059517934244957 0.133487349046044 -0.0916587298570276
0.161578276079795 0.0152512373444476 -0.00823515686594217 -0.121752550339244
0.179075575516629 -0.0341727731849773 -0.0687853578923181 -0.0577873258136206
0.198849374525602 -0.0756872032677888 -0.0881000701070914 -0.00126148644183237
0.210166972790968 -0.0756458513040521 -0.0914262057484745 0.0357248690422983
0.231353651150149 -0.0473665998395704 -0.101907224687874 0.0450672760718493
0.246758371858094 0.0240760935034001 -0.103761555136676 0.0173754729857499
0.206099618830077 0.142128257929512 -0.0885894370104766 -0.0439629315364138
0.113854812408153 0.217826913560142 -0.0626323591504723 -0.0455589768957075
0.0417701462055991 0.244898128624271 -0.0491613454163462 -0.0463256994137174
-0.0155459305622978 0.234292772372689 -0.0744583956608533 -0.0136263411095864
-0.00839016328477723 0.262289296214687 0.050760103207184 -0.0259315102180159
0.0595423905233168 0.20892277396852 -0.119638298035877 0.0844781665999341
0.0646625941569773 0.152406747130321 0.0315977875149507 0.190608410292591
0.0892124074470092 0.136509381977135 0.168753261576088 0.0874959841228463
0.158482307574404 0.107391637700251 0.146677738028302 -0.0617597806434451
0.195273930910603 0.0383547903772886 0.0440132972983463 -0.102702130638536
0.208638362944729 -0.03074868829904 0.00781519453708373 -0.0680693051443573
0.216896840607592 -0.0741340950312959 -0.00700040291893942 -0.0318867416062815
0.218704309955997 -0.0726315082240982 -0.0102987411109755 0.00440833537144067
0.234004786035882 -0.0405149401127524 -0.0272305083259962 0.0297722800249703
0.239315313429198 0.0300649157867351 -0.0404083218978085 0.0316958571839108
0.180928491802841 0.134938223366186 -0.0750251334641121 -0.00201990890566502
0.0913158717932288 0.171478003851764 -0.102815196684646 -0.0450386632939498
0.0657934164558517 0.19511577095661 -0.0790610748024868 -0.107074287602456
0.024636837008017 0.221938303370657 -0.0622591451674872 -0.100254587869177
-0.00295279646181313 0.227147969385197 0.0679029528165434 -0.114749984645991
0.032374994844575 0.171503743950576 -0.0980020827289012 0.0251455226723359
0.0141904879390012 0.152831099327315 0.0212118935873067 0.139317766773
0.0692580652258128 0.175487078524696 0.132996083283251 0.0964463642233855
0.163258350459954 0.136495235179219 0.161662814736987 -0.00952595021424339
0.199597730107309 0.0500980474972765 0.110994878089916 -0.0689339898847484
0.206071106651627 -0.0268245949168856 0.092336640150563 -0.0733988051895292
0.202768264529556 -0.0619291297426925 0.0745278761246564 -0.0581412392414073
0.194862634623546 -0.0532147640636634 0.063406581897493 -0.0215600149883135
0.197636516748425 -0.0128159809723281 0.0341469127782193 0.0206969683437896
0.179817139693412 0.0475018410636101 0.00170020447368368 0.0474167373773262
0.104393928890281 0.112826562724256 -0.0773035680570614 0.0316738237476483
0.0406519711987578 0.0897489705761418 -0.1386782849557 -0.0573726473005142
0.0752284030124061 0.111724423597493 -0.0954324495334018 -0.157636881093213
0.0605707494400741 0.179717458815779 -0.0543365693100874 -0.172759782144992
0.0105337672966767 0.154990053873232 0.0897090858866681 -0.180387291221913
0.0092105487591497 0.103802646181969 -0.0550048164219427 -0.0394587669885579
-0.0241305920133771 0.118730936525074 0.00042928095029287 0.080082538777105
0.0449458365370157 0.163822250387415 0.0880468804727436 0.115743103408668
0.133795921667839 0.123500889742569 0.179429494927678 0.0486951001675179
0.16363378827859 0.0448869955058028 0.181705862923252 -0.0361808879449175
0.166714187616993 -0.0214374870197741 0.171218663369503 -0.077237375088135
0.157395161364668 -0.0407537410191869 0.143811109376933 -0.0748701482632158
0.145150377749026 -0.0228099734532169 0.123177608446873 -0.0348581678154918
0.132827287650132 0.0197435848575128 0.0727394673202834 0.0278756065365778
0.0937149728512984 0.059827305613797 0.00980144851925984 0.0702383810068122
0.0166261159269055 0.0720489813602186 -0.101478994198515 0.0440010040547762
-0.0045847178047708 0.00231673081969762 -0.157197080261275 -0.089072938799221
0.078822961813968 0.0297475366253012 -0.0841615529100296 -0.194619207266801
0.080740211913334 0.121952406496567 -0.0462274460891483 -0.222537956171643
0.0317403582679175 0.0623809926637435 0.102122276623603 -0.214023969006795
0.00651666529929207 0.022340782415952 -0.0195110355491291 -0.0889695726532737
-0.033849713230748 0.0512621799543128 -0.0257461104085207 0.0432883769907044
0.0165941084760319 0.098771410967034 0.0610242886996131 0.140764205337188
0.0719362552251377 0.0729335285089546 0.200021171057141 0.087071091015926
0.0908710570811729 0.0278073859750815 0.236550600947206 -0.0166951017766282
0.0960542286116337 -0.0118654180778279 0.228197587542542 -0.07995773594984
0.0884440872181545 -0.0127241441653596 0.190769762455519 -0.0825235034689777
0.0790327939497765 0.00673594765320681 0.15971990670764 -0.0343482140766204
0.0575524245540735 0.0405079738829935 0.0858859734719767 0.0468628316850177
0.0129487679260405 0.0549265962452537 -0.0126775097635825 0.0893288119757381
-0.0422192085843938 0.0245889911830562 -0.134579867194814 0.0277204157520102
-0.023014100159782 -0.0574285936147217 -0.147376453924426 -0.132678427761271
0.0723126379620395 -0.0277036929748923 -0.0482354917606616 -0.211441264579121
0.0818027428523416 0.0548250467661301 -0.0397207348475331 -0.247540848550595
-0.048315558564193 0.00973246771972729 0.0075532649917133 0.239573992170184
-0.0388594632844792 0.049240950065622 -0.0255956669787589 0.18872648904753
0.0173589191446183 0.0615583941374679 0.0837407612174194 0.191420500594885
0.0479548107860558 0.0172791698370101 0.172881585087186 0.0330379985876394
0.0407982841950215 -0.0183422354068316 0.0787627787348463 -0.100173507325205
0.0178872077087604 -0.0299889901642361 -0.0683220535361596 -0.0926905347653989
-0.0035975960142074 -0.0203363974457427 -0.165296330625386 -0.0178816167029073
-0.00529025326531963 -0.0129552883133364 -0.212474049027524 0.0352917029634103
-0.00230798020924231 -0.00805725323432907 -0.239145134520186 0.0418020414986122
0.00233774112194283 -0.0150195186842803 -0.240595186114681 -0.00759340972120439
0.00581841192024772 -0.0199421388313674 -0.191191871004446 -0.0920558820660697
0.0287760167304554 -0.0108028474752448 -0.0647431295744424 -0.141398309468867
0.0431672586810709 0.0477717088173682 0.0209254939493941 -0.0417442318900085
-0.0269066184736649 0.0719315649664518 -0.02178298642599 0.0655790421409871
-0.0599124359266286 0.0330910063259873 -0.138309614048579 0.147427075359778
-0.0430014298395721 0.0934125634323361 0.00916644692153351 0.209384268294583
-0.00829163349608505 0.0959172853367748 -0.0592469750776571 0.166866608878593
0.039377236832172 0.0749527136313756 0.042360033601419 0.202033058430052
0.057707161347121 0.0315459894283266 0.164432644701073 0.071931937991262
0.0669052648115798 0.00455788694476489 0.105834797199922 -0.0896163815903543
0.0653227777477714 -0.0142158483186778 -0.0501184434648644 -0.111375288676107
0.063135624540709 -0.0217458878365149 -0.153323685177994 -0.0375284176580075
0.0777487302474786 -0.0283437588954718 -0.195606271677967 0.0244506314742493
0.0879135622028543 -0.0181983013787184 -0.217768086846497 0.0425423929677006
0.0981166955383905 -0.00302283620213241 -0.223373477093955 0.00954966997484004
0.0954547095396508 0.0303726004672747 -0.186786671729025 -0.0661111821250707
0.079442507149905 0.0812990930839955 -0.0765967267812433 -0.12871624611501
0.0418832250167942 0.141009744519897 0.00973671693797519 -0.0441065880363193
-0.038958101638163 0.159542337110564 -0.0169891654801898 0.0507738817478088
-0.0793795792307978 0.120295494351953 -0.124119102728846 0.116255344842594
-0.0399326593275363 0.174956895901465 0.0106762275360743 0.150001781070894
0.0223708360007019 0.153049548797424 -0.0953355492495828 0.141785820299377
0.0645905465572193 0.0996280481709645 0.0138579970494223 0.20729656030131
0.0701899291755455 0.0506549892516127 0.157437222319604 0.0926159875131684
0.0905580950329125 0.032705165383113 0.122375840428934 -0.0816171101122651
0.108016477272439 0.00928381986891287 -0.0282291606040724 -0.119507017034322
0.1242464196336 -0.0158688074701328 -0.118289517165607 -0.0534439682785331
0.148023483067448 -0.0392898924882124 -0.14973953883606 0.00698950923127883
0.161139754932098 -0.0318300926952347 -0.163781086811084 0.0351498067684561
0.176798760287469 -0.00613183565822918 -0.172101005288614 0.0221395230002293
0.177081401132465 0.0536013000835765 -0.155025666425518 -0.0321503364502599
0.137939382261074 0.142155937075316 -0.083511698143761 -0.0994109269686076
0.0599513825656802 0.206984279414364 -0.0149757939236737 -0.0498356497459711
-0.026210380602648 0.221205313701901 -0.0188832687405797 0.0073298762315397
-0.0770073663694319 0.186235206919868 -0.0971837345092335 0.0560652873551262
-0.040537509151156 0.232020820189747 0.0185397922634157 0.0650255264144327
0.0363436672901902 0.197641688892099 -0.127584131917509 0.10917388896337
0.0690287131391417 0.13017187181385 0.000757936719314693 0.207313605780621
0.0751142913302225 0.0887605907889799 0.156003377734492 0.0994221191920004
0.114129458088456 0.0745079492819113 0.131586502621393 -0.0713630023258879
0.147197817582522 0.0371215895615451 0.001931079727075 -0.112589648499095
0.172505407781534 -0.00780339906173552 -0.0622164170192146 -0.0625159770904211
0.19596482127685 -0.0436059743092623 -0.0816577883645963 -0.0131979388306419
0.203936305896586 -0.0408409646853651 -0.0902832793304029 0.0194627953024027
0.220748796317549 -0.0118931397579576 -0.10322568323401 0.0246841997433083
0.2232765410028 0.0578225825789887 -0.100984458286777 -0.00306012161697452
0.170059326931025 0.163987048230351 -0.0792889088761798 -0.0588503530938099
0.0735047946861599 0.218474175509984 -0.0494301031788453 -0.0534859751677963
0.00280593768424086 0.23313079349581 -0.0350294402196197 -0.0527387789868124
-0.0504927695638376 0.217658404072953 -0.0672474717540279 -0.0238428171298516
-0.0374066323180449 0.245756717841017 0.0353519178200323 -0.0279693796874921
0.028814379895511 0.201684805685583 -0.134978783604305 0.0649222112665264
0.0391529818487344 0.149080152137044 -0.00158117911005959 0.184481867023922
0.0617668387493813 0.139743073145215 0.142638705706329 0.0983179752860594
0.130742872736443 0.122759617596882 0.137676089800553 -0.043757421306609
0.175820801539001 0.0623424816342732 0.0455242635228775 -0.0873616204838512
0.199826034240859 0.00012361005335519 0.00962349867818626 -0.0638698456202444
0.212452688063947 -0.0404286144035094 -0.00158496534625038 -0.0317884536164293
0.212028061720133 -0.0376623552375857 -0.0104207861944037 0.000877033378175982
0.222297436880784 -0.00582015447536126 -0.0307100512729185 0.020797165251635
0.21542273631357 0.0614217312405222 -0.0438588848184237 0.0189062756302831
0.149093705216426 0.154662329454343 -0.0725484698014315 -0.0166986056405546
0.0578978497519311 0.173243427029624 -0.0881216230003652 -0.0585509121830107
0.03027832234625 0.189747444517555 -0.0562110161489893 -0.113905414200352
-0.0114202898871683 0.211316189361732 -0.0427945641496841 -0.106007866593928
-0.0284166470996838 0.213244428959364 0.0640927370081775 -0.109524940119623
0.0082864199780362 0.163330152059144 -0.103738829724785 0.0102736621506253
-0.0080159721787505 0.143645998070291 -0.00397721517331666 0.130987450659018
0.0379851212582901 0.172936248702101 0.106499686904061 0.100106497733411
0.130448146626576 0.151352393576423 0.143199097029106 0.00655563662223921
0.178321254124231 0.07456716815752 0.104377054264572 -0.0470924598455926
0.196498190706294 0.00246301170037301 0.0901367969311617 -0.0591778990791558
0.197883631622658 -0.0309010186256176 0.0775857725618658 -0.0445532203420632
0.186989557502654 -0.023379490283627 0.0633873077089437 -0.0132401959332334
0.184792391482956 0.0140488637526026 0.0285839268951458 0.021796808844161
0.159270042207605 0.0684055654777143 -0.00655822430020104 0.0418405944207537
0.0805807198602443 0.121621638852188 -0.0786310845069742 0.0159906348001273
0.0205154663585995 0.0901152923035798 -0.121868004189799 -0.0737421897785538
0.0516207614383207 0.113430951831675 -0.0661036384951315 -0.164982223819344
0.0278789147784195 0.176386604739971 -0.0243378510526142 -0.175035306077578
-0.00801695175323179 0.148113934930477 0.0966134917752513 -0.166832096913711
-0.00506325090088698 0.0974863236009261 -0.0513925981884169 -0.0457438778545273
-0.0402330024479687 0.107549734148631 -0.0153996655332769 0.0709523692711402
0.0175114309871265 0.159302720614395 0.0627101509688486 0.113410737236853
0.105870903378243 0.135050581763677 0.154108926747892 0.0641868593419862
0.145344404228028 0.0643636052342373 0.168312106655805 -0.00782428497040231
0.158950902391953 0.00172535020326769 0.166711290925288 -0.0535710844359205
0.153138691978726 -0.0174832069923442 0.144448246649811 -0.0515294094558977
0.137705272162336 -0.00241125921610182 0.120399221175334 -0.0177676465381377
0.120448227681834 0.0353762361491278 0.064619375869245 0.0349910975385006
0.0781117471976005 0.0681370819164907 -0.00169927944268278 0.0657484310894869
0.00420822515191953 0.0711902701365418 -0.103391388578129 0.0263559905328013
-0.00963800745859414 0.00230659029476793 -0.136451373689016 -0.106451604511377
0.0659372220033289 0.0374175793267865 -0.0516561795087603 -0.197224891796479
0.0551321562789168 0.124798199802305 -0.00975026857204855 -0.221960523207077
0.0225608303409468 0.0633145483345129 0.117485252653516 -0.193208518614374
0.00280619656644181 0.0207654632238128 -0.00836588671680739 -0.0881545049129863
-0.039082989679753 0.0431320853515634 -0.0321246632597943 0.0344927530196304
0.00111578689678351 0.093996107692377 0.0364762126303943 0.135440730738348
0.0565372541308687 0.0794436438311039 0.171119160050296 0.104585078911616
0.0803800356458715 0.0376887583800663 0.220596309162625 0.0152585541770873
0.0918871269732208 0.000511361745686406 0.221986195543399 -0.0499040331663007
0.084780392948788 -0.000769677295591411 0.189658646502701 -0.0521894046997879
0.0725783512619204 0.0156103112332045 0.154608867122741 -0.0114265794516293
0.0484481296568732 0.0456154730434816 0.0748548569649478 0.0551983231970577
0.00439542093292724 0.0534205112715388 -0.0256331000881883 0.0829544718421887
-0.0443989192173049 0.0182189090109439 -0.132442409752298 0.00722681885971707
-0.0183542403014105 -0.056886763175497 -0.121705517150691 -0.146595939511565
0.0696153503397157 -0.0171913372087976 -0.0164968888241147 -0.209148889259649
0.0660164820501222 0.0624875601019756 0.000161493589101819 -0.244978348974948
-0.0482497898722501 0.00971517420152127 0.00968503925012424 0.23687414091137
-0.0377495593005403 0.0495734252149547 -0.0253047783716177 0.188397287004445
0.0183339796979914 0.0607376286978546 0.0844594391465926 0.189213473505002
0.047428970942409 0.0165655505868448 0.172624519627218 0.0316867875236125
0.0399226994021865 -0.019131397458571 0.0788630004004466 -0.100212462308448
0.01730213907869 -0.0303279032517532 -0.0661669162716039 -0.0900266823542688
-0.00246046746256051 -0.0196272668696786 -0.160934194570946 -0.0148246358400607
-0.00431925171508816 -0.0121887752424427 -0.206629828762315 0.037804171558154
-0.00181261780932984 -0.00780637482161404 -0.232526853912518 0.0444464524776001
0.00209151004126098 -0.0147160541227907 -0.234686571512434 -0.00450359020301509
0.00524277207023774 -0.019267972411713 -0.187373172885647 -0.0890879066506436
0.0273064154787745 -0.0114031274263188 -0.0644796432616731 -0.139099869480209
0.0432977016897774 0.0454828418256731 0.0228924557444115 -0.0410658149673087
-0.0258678341422373 0.0715686203284209 -0.0200062058523568 0.0648001826150599
-0.0591605064600198 0.0339611857067968 -0.135856034354994 0.148157026678227
-0.0413252120745817 0.091577856210738 0.0118993133164157 0.207201764446779
-0.00692749526046034 0.0946146693988039 -0.0579563970380264 0.166700492069378
0.039936904588846 0.0732101156294654 0.0430896660796451 0.199079530965412
0.0569170399805844 0.0297595714955117 0.163813457401663 0.0704926088200456
0.0654914395854667 0.00272700696599038 0.105907623296214 -0.0904791855959193
0.06345865558226 -0.0153319705517013 -0.0491487349565396 -0.108350646378788
0.0613633511893606 -0.0218596742926553 -0.149199552360981 -0.0339027910165114
0.0753274342120097 -0.0291474130503733 -0.190911771333531 0.0268316393511618
0.0854972229110752 -0.0195290053866079 -0.211061609977952 0.0451688412501495
0.0950582230080993 -0.00412903591862537 -0.217372563081515 0.0120360043590441
0.0927601456076219 0.0289112007320057 -0.182800155157906 -0.0637022319716073
0.0783348097783152 0.0786826166077514 -0.0760739291341197 -0.127294847823309
0.0426915624682285 0.137694961355171 0.0114078004642782 -0.0431773752158286
-0.0369753736828784 0.157524225828401 -0.0155196340435879 0.0506794284709679
-0.0777739225968516 0.119748684860363 -0.120974642944125 0.117836241240753
-0.0367030866481964 0.1719079628237 0.0129043320114701 0.1480524584721
0.0237429196372411 0.149426477025744 -0.093449946135452 0.142670876136535
0.0641244661449879 0.0960141908171357 0.0168620807630771 0.204875811520272
0.0685958174515313 0.0480967241637658 0.158364185719398 0.0911957049930121
0.0884370176774617 0.0296109092478752 0.121333095646876 -0.0822817342042748
0.104518285715687 0.00714957807389793 -0.0283301349661056 -0.11647208299232
0.120465680228416 -0.0176545557010137 -0.115360238253042 -0.0501039399888549
0.143481838767755 -0.040749010477847 -0.146000146410069 0.00923895344769062
0.156583002560418 -0.0339641688513933 -0.159261301292092 0.0368752951692239
0.172202275560438 -0.00922765202224256 -0.168400235043319 0.0241396063511411
0.173396320315651 0.0501566920406957 -0.151509325629198 -0.0305314403553599
0.136357063013647 0.137783286830072 -0.0833284041635064 -0.0975364401945223
0.0609352445750839 0.201521718552812 -0.0133602945099229 -0.0479406420391815
-0.0240016398892756 0.2167520758031 -0.0183308583128389 0.0086227870348361
-0.0738779701422035 0.18423828444539 -0.0943464371750957 0.0589243296574593
-0.0357226384876047 0.226874788716079 0.0193309109109667 0.0648863789013808
0.0385455847899073 0.191566173717208 -0.125805061911477 0.111291947687543
0.0688234439357772 0.125369996149888 0.00404211393113639 0.204562680392791
0.0736599874607706 0.0852268461052207 0.156262421464845 0.0970597181980958
0.111295587132836 0.0706995107601825 0.129915194242732 -0.0726538368844438
0.143253817332445 0.0342281956105401 7.18410105648559E-05 -0.110156158340409
0.167968729227026 -0.00974928338342069 -0.0610780343747048 -0.0600398003573281
0.188974204359902 -0.0457780727838813 -0.0799947616394254 -0.0119663852668981
0.198622700755616 -0.0433386187165888 -0.087493677355111 0.0208090114379805
0.214372353474462 -0.0154330488328816 -0.100574805083349 0.0263141197005591
0.218117748084684 0.0535612711213571 -0.098944337583194 -0.00292706476977847
0.168137435490583 0.158571269674564 -0.0783695235588843 -0.0573893005034942
0.0727450013659391 0.213274152214094 -0.0477422501495892 -0.0510681498850883
0.00449925417949575 0.227878106379281 -0.0348621762596193 -0.0503550765136066
-0.0486067313523275 0.214416366027831 -0.0663126705344264 -0.0191521105232312
-0.033711206934872 0.240988484581921 0.0349027415415728 -0.0276556655059679
0.0310061026940274 0.196322873691107 -0.131971993678807 0.0677996727820707
0.0398558518124291 0.144470637699025 0.00134820430746368 0.181758950343198
0.0608639709262773 0.135020229590577 0.142498433817895 0.0952778828559136
0.128763543999222 0.118152082031102 0.134576788068357 -0.044760264694236
0.171304822175213 0.0593205321500165 0.0425287389848526 -0.0850301628823288
0.194074634145598 -0.00282956803142348 0.00823194409538589 -0.0619145965894972
0.205294569138278 -0.0428369027683707 -0.00292039629927784 -0.0317289126657032
0.206004773771675 -0.0404225590301167 -0.00968849033740193 0.000660715538438108
0.216434515481591 -0.00945048020494382 -0.0300317472298824 0.0215819308399912
0.210889881310162 0.0580224744846386 -0.043390938089556 0.0187501306766795
0.14660460719752 0.149444693199599 -0.0719055268673184 -0.0160880013067873
0.0567012869956 0.169157525031975 -0.0865837714783577 -0.0547563243014498
0.0316009017317748 0.18483386464813 -0.0568046821857762 -0.109137413939837
-0.0101662401028893 0.207973010689828 -0.04222822074385 -0.102209677883285
-0.0246283827446402 0.20987307806559 0.062131148125106 -0.108512091175334
0.00965264669138594 0.158794494294106 -0.101933165858216 0.0134849159637697
-0.00777801168296772 0.139820265588914 -0.00158680228562476 0.12894355218131
0.0387610089871448 0.168859965163867 0.105775796271154 0.0975767019411253
0.129700970781331 0.146473410886929 0.139514216656103 0.00471952453176234
0.174462102845319 0.0711389718682826 0.0998130271575474 -0.0467397931260747
0.190951771972439 -0.000584415551646276 0.0860760695645151 -0.0587059615309073
0.191111732157903 -0.0327718261938756 0.0742521557381421 -0.0458448727058983
0.182310039846194 -0.0257265391097094 0.0616182340250766 -0.0141465961692292
0.180096503719701 0.0101463930418154 0.0281880381953917 0.022117955929432
0.155666091781974 0.0649274794768061 -0.00653986418398442 0.0404360417184606
0.0790538593097498 0.118545603942421 -0.0774248061441401 0.0166081882358197
0.0187465819670364 0.088067968501085 -0.121466788632322 -0.0699408651334095
0.0509506927691344 0.108474188389802 -0.066964348110921 -0.159876733176939
0.0291850349928787 0.172408728402139 -0.0246604980972993 -0.170735311210854
-0.00565868872105186 0.145218584761202 0.0935573449200647 -0.165675226430428
-0.00428482637771206 0.0946799738317844 -0.0512760527443162 -0.0437306218636688
-0.0395203246909266 0.105368493671544 -0.0139752853863639 0.0698343288097465
0.0186253914813838 0.155617903149583 0.0617898992291016 0.111477356120933
0.106175195537984 0.13125616594707 0.149773645608555 0.0621153884542352
0.143061011670635 0.0612392573989066 0.162352590057053 -0.0091183324069964
0.154116989505561 -0.00104623018206851 0.160271627595363 -0.0535888216537944
0.148060938634674 -0.0189249513346102 0.139250810321753 -0.053261559700078
0.13418122627994 -0.00443149721836638 0.117006571770632 -0.0191495437969612
0.118028934687915 0.0329220848822292 0.0631947305962551 0.0339248080013871
0.0762267000925196 0.0650310484421366 -0.00214281557300532 0.0650899680741043
0.00347298429369744 0.069659208604583 -0.102384821637848 0.0272483060239223
-0.0115602541837219 0.00138657999622326 -0.136623309696767 -0.103238828080865
0.0652379380146095 0.0340453738096705 -0.0523113282409833 -0.193042514734723
0.0560339354753385 0.121510484056067 -0.0116987941442754 -0.218918023190958
0.0231341404606338 0.0624565879300215 0.113332415676602 -0.192231009912423
0.00276368986650231 0.0198281242536033 -0.008583735291159 -0.0869233217156321
-0.0387265380057142 0.0424974991460933 -0.032562066747209 0.0341593214488137
0.00257140232848602 0.0920508283607926 0.0358413200401649 0.134083508246102
0.057003016488124 0.0773400251074008 0.168163538781326 0.101826210932384
0.07882727034891 0.0356868677426431 0.213871067611773 0.0129726295437838
0.0888305205824734 -0.00102646412959782 0.214406835769832 -0.0513526618291107
0.0819924459971115 -0.0017384413585666 0.182823233362337 -0.0542855897990851
0.0701619416270475 0.0141865850229951 0.150298949078043 -0.0144533786583503
0.0472338389914964 0.0443025181022376 0.0731057970375589 0.0537007439457224
0.00430606820540977 0.0518066249426481 -0.0257823510477788 0.0811401030649465
-0.0446168880153195 0.0179044930624236 -0.131723720839999 0.00823411903531368
-0.020302943710401 -0.0570388585755502 -0.122429510710525 -0.143718051946621
0.0687017737537852 -0.0192399429261936 -0.0163762491260407 -0.205809407416938
0.0661537978899483 0.0590698995131426 -0.00182237714348221 -0.241372386396576
-0.0478160728805176 0.0120092481416632 0.0203386278987354 0.234893159145403
-0.0349605213412782 0.0515665837894804 -0.018739537040945 0.190437649742251
0.0214404937155283 0.059903825505774 0.0922036182557601 0.184855336561182
0.0482832946053233 0.0144639598741035 0.173945385803535 0.0251949078242645
0.0387587154224875 -0.0210159886815968 0.0762101581795215 -0.104063126783228
0.0156170229010791 -0.0311888282948215 -0.0673029196883624 -0.0861068889519886
-0.00320038369550495 -0.0192364116316077 -0.156030650570703 -0.00680501973352802
-0.00426487854150411 -0.0119377890113953 -0.200058064039159 0.0480400362223548
-0.00267802667340139 -0.00825702243492407 -0.22689950495536 0.0548128168903517
0.000747891181877939 -0.0148351123154099 -0.230567306298758 0.00689527466269386
0.0038626982662532 -0.0185662260202114 -0.18711516362082 -0.0803434345407012
0.0262561316665335 -0.0123576313403936 -0.0689936183279387 -0.134939483605145
0.045655365534331 0.0422457122889764 0.0232053765931819 -0.0413560489408472
-0.0227205186959741 0.073211036011239 -0.0152032707552651 0.0647078690564758
-0.0574298859926665 0.0370378161049482 -0.12780737580156 0.154662664695212
-0.0369294806102636 0.0916372172333765 0.0206435341508693 0.206047567664383
-0.00244953516642278 0.0931107540598354 -0.0520758327866572 0.1692853753164
0.0424541900959511 0.0701751369263527 0.0521588889526548 0.19696043193603
0.057417338898738 0.0267230560327307 0.167722552669093 0.0636579247712764
0.0641002699247217 -0.000761768882955834 0.10394141453433 -0.0950573784954138
0.0607058823069047 -0.0186154192287346 -0.0514820058825545 -0.10475229891923
0.05948345650025 -0.0243925589487035 -0.146573677008782 -0.0258816144456514
0.0723604750143299 -0.0323313186313944 -0.185988210705799 0.0366612478728161
0.0831641360615343 -0.023367909253777 -0.204847230640862 0.0542301325938334
0.0931349780744833 -0.00908199800716682 -0.212817820139122 0.0225118110314356
0.0919504330574141 0.0245471713754078 -0.182046639321471 -0.0550867401181644
0.080378104137594 0.073316788427057 -0.0805716599006578 -0.122698000618361
0.0485905549359394 0.133402510668519 0.0118104984445317 -0.0426885684070803
-0.0298783248014696 0.157118598755565 -0.0121140786207827 0.0507377559316726
-0.071852422367296 0.122215958423004 -0.114233320738444 0.124775634978313
-0.0288803529163297 0.171129145005985 0.020552520832971 0.147708641523596
0.0302563118353272 0.145814275106426 -0.0870277997598898 0.147716278044831
0.0675018384155132 0.0907987592009847 0.0257290949305358 0.203965567699041
0.069180458460248 0.0434168128262389 0.163260428008167 0.0841418783987801
0.0865920975966523 0.0242042531990361 0.118779572060013 -0.0882463904114683
0.102335888451853 0.00155073073811816 -0.0318693205578914 -0.113427216666126
0.116947247310171 -0.0234432897532228 -0.113865675325511 -0.0434306638285895
0.138528453199762 -0.0468921863378678 -0.142990612451243 0.0160569311161709
0.152168890185218 -0.0411492394427383 -0.153786703537828 0.0441839216542393
0.167899325319542 -0.0177493018243155 -0.164428633676691 0.0330557731417381
0.171438034197096 0.0415338084153879 -0.150798875198151 -0.0239491510321936
0.140358480174302 0.129375323955507 -0.0861945867811007 -0.0937873576415533
0.0686668543710273 0.196381828376261 -0.013068759051765 -0.0463734963388775
-0.0137797132763346 0.215113227823124 -0.0169854405223499 0.00972339691791735
-0.0654139280516064 0.185697074242931 -0.0900201938271401 0.0651007396466298
-0.0250583061114494 0.225812094916318 0.0228407114753672 0.0640982217513943
0.0468405043417324 0.186675177488039 -0.119361857749394 0.117843830372718
0.0728594225883072 0.119641239405054 0.0137982511696169 0.203679403507811
0.075572768883018 0.0792683946848262 0.161036562698901 0.0893632235847989
0.111486449327575 0.0637654581646361 0.126567895244868 -0.0785500100498822
0.141208998813044 0.0271955360947957 -0.00460440086805513 -0.107812418848408
0.162810808350327 -0.0177289736544113 -0.0628678341206796 -0.0548846665877407
0.182381923354215 -0.0538154379483252 -0.079652329533493 -0.0082909847329885
0.192232137769731 -0.0524306164944711 -0.0847055517459656 0.0244078679285889
0.209228997610852 -0.0262751734306082 -0.0978024585878334 0.0316226548372284
0.215964719903586 0.0429161735860464 -0.0973923329550957 0.000721272182716919
0.172593306231824 0.148439262749627 -0.0802520831266353 -0.05384489748811
0.080688439660708 0.207159426616313 -0.0478996373313356 -0.0471243326254252
0.0143197991387241 0.223813008703419 -0.0356564635504233 -0.046433514038837
-0.0392950886370927 0.214747979914505 -0.0649568572963609 -0.0145895375181456
-0.0216160079599154 0.239221132252454 0.03418010959231 -0.0282909367654452
0.0396200414613219 0.190841153109539 -0.128353130940003 0.0755831048411335
0.0452138957951254 0.13962075518297 0.0100338830390412 0.180167979879719
0.0652600147438637 0.129938224765128 0.145802621049937 0.0880213735663474
0.130681034796846 0.110143655632579 0.131539612895795 -0.0515069510032577
0.170504867732623 0.0513376096739034 0.0374886324854203 -0.0855341034905213
0.188790675105478 -0.0123987191885065 0.00537701819713635 -0.060608938324041
0.199041497317448 -0.0516612832457316 -0.00561931956534627 -0.0314072516493621
0.199633749444123 -0.0505144432095705 -0.00935193277347155 0.0013762320130627
0.21085064210161 -0.0205696918381572 -0.0285788971564123 0.0241599137559407
0.209491855266508 0.0461313055226932 -0.0428384821428237 0.0193156255501899
0.150280819838202 0.140526565545132 -0.0722342700098486 -0.0129949883098054
0.0621467126176854 0.164320631350462 -0.0877322946984916 -0.0484501079539139
0.0392179449490299 0.179299391109975 -0.0602996929336047 -0.104036179440077
-0.00116782158167087 0.205233239165823 -0.0452879045539279 -0.0979705426732626
-0.0145267460857117 0.208840391969706 0.0571923492077066 -0.111160841605723
0.0169898926142991 0.154888965524676 -0.100426889739486 0.0193812065694001
-0.00202082685040206 0.137382847358497 0.00501782725335582 0.127362257074372
0.0451088736846551 0.164383612505088 0.109096300637032 0.0915947855085327
0.134305181909219 0.137775378272911 0.137257056921462 -0.00167828446340014
0.174744856804474 0.0628496915835122 0.0952585148846539 -0.0501959892171007
0.185870425372095 -0.00937171637934243 0.0816735873880962 -0.0606600601119031
0.185188561318435 -0.041834391830919 0.0693350993088361 -0.0488327123354957
0.176783819641558 -0.0344750501404321 0.0600625513168181 -0.0167551407677398
0.17647702177753 0.000403336485184286 0.0283454419453877 0.0215427225878799
0.154974733406067 0.0559528564989386 -0.00599468291794084 0.0405461698630775
0.082118280683426 0.113271320663912 -0.076481622004956 0.0196649856765813
0.0199002095136208 0.0856746210178237 -0.123290996297259 -0.0626789048277276
0.0550911810937497 0.102918250921443 -0.0730560643454857 -0.153498923560967
0.036566106472904 0.169194462193168 -0.0317585396070072 -0.167717558680853
0.00127367982033678 0.144050128876122 0.08519501831117 -0.169481566231464
-0.00046957085641357 0.0924463951313159 -0.0518981001130635 -0.0412041218127301
-0.0351549070901247 0.105581231210331 -0.0113826593584483 0.0690555513969166
0.0257003774866122 0.152437083075999 0.0652956177416905 0.107891331298339
0.111146535701732 0.124127936267386 0.149328257192369 0.0558490647148647
0.143691867728048 0.0543082561748243 0.158304833707726 -0.015391139764974
0.150055424733988 -0.00880106648675934 0.153939576484338 -0.0602949915756777
0.143392117170745 -0.0257018218355528 0.133706598357429 -0.0594683899037443
0.131272930543862 -0.0111735819392405 0.114038131162087 -0.0258067034679637
0.116741722645992 0.0263080628569217 0.063625332833009 0.0310948260835374
0.0772182440768319 0.0605811569218846 -0.000654046049286466 0.0649108101613159
0.00517298999285136 0.0685784933810499 -0.101132957794252 0.0312271646684076
-0.0139903565277655 0.00104027348943728 -0.141222888648464 -0.0952538332134784
0.0656987218043352 0.0283344907103156 -0.0595209718435303 -0.187941455465061
0.0608366581751288 0.116336604327657 -0.0205607744279059 -0.216464041537747
0.0255369544166209 0.0611447915608099 0.103634842521734 -0.196586393171246
0.00389462061451768 0.0190762581717464 -0.0121373114273335 -0.0868707094255449
-0.0374066939508514 0.0442343054669198 -0.0312432229617851 0.034572553104204
0.00697337777176769 0.0905574130208968 0.0400557099014252 0.131892512747862
0.0604675448272548 0.0734566754975981 0.168739565620235 0.0940214190183621
0.0798292910058232 0.0315251218365823 0.210051888685184 0.00324274306613754
0.086078734145713 -0.0055574180878701 0.20657273739836 -0.0596081116382445
0.080004974441244 -0.00557189644801212 0.176738711645055 -0.0626503397618818
0.0694037704963231 0.0102654110244096 0.146059279430252 -0.0226212374726789
0.0486456930190529 0.0408921234459817 0.0738375691273061 0.0495954539720904
0.00542442173108519 0.0506754042315733 -0.0238130706199894 0.0829728170282149
-0.0447627451124884 0.0190398790644441 -0.130960526651509 0.013707745982048
-0.0244216461719021 -0.0562545640288753 -0.13001716307946 -0.13725630825578
0.0666549854944671 -0.023974140332883 -0.0246008178868338 -0.203057622096785
0.0687023804023081 0.0546803511276295 -0.0124892581026277 -0.240164824523059
-0.0454255478327117 0.0145237179994318 0.0350088751012456 0.225949961014056
-0.030606320268758 0.0522576399760502 -0.00721147826536136 0.186898895861538
0.0249727491204518 0.0566314631367951 0.101601541148231 0.173790430630404
0.0477615486078096 0.0105019059512897 0.17101753085826 0.0126722017655875
0.0356912828748821 -0.0231696937094033 0.0681912909524493 -0.10716645222703
0.012173890476019 -0.0316676678832217 -0.0679498222847582 -0.079343136137468
-0.00338250457476651 -0.0189217129127169 -0.148726129951299 0.00433891403205953
-0.00471899708637869 -0.0108233478390033 -0.187384639032941 0.0608104554324367
-0.00273811747293199 -0.00753139019345372 -0.212243080853975 0.0686701582210091
-0.000943008320879834 -0.0144291336313627 -0.219565846282636 0.0225711529829066
0.00202228715724342 -0.017974421164876 -0.183960133386793 -0.065951575762043
0.0241282774456979 -0.014172411497961 -0.074226065320163 -0.126360060130718
0.0465030187801288 0.0370922792920861 0.0220786897952007 -0.0420077167794802
-0.0170758806004099 0.0716710919259342 -0.0100458587639865 0.0636940552441204
-0.0535950535794874 0.0396664239165927 -0.112801276096575 0.159823992673843
-0.0298814039638497 0.0906849175521595 0.0352536927632025 0.197768451572628
0.003429003194446 0.089910150800107 -0.0400286824570953 0.168804191195771
0.045342606421241 0.0641547528482027 0.0633161111264345 0.18844322519115
0.0568922837485013 0.0212218812530981 0.168232170298827 0.0513925709729166
0.0604652872110984 -0.00557675945831684 0.0952355656199243 -0.100141953656281
0.0565873374055356 -0.0227123426882705 -0.054576075065045 -0.0979738099032403
0.0551002611616484 -0.027564801624263 -0.139893175878831 -0.0147606835073432
0.0667618714313366 -0.0355847514665191 -0.174442843511457 0.0482835544775658
0.0771664772205816 -0.0278002909408634 -0.191774800169903 0.0665328869038648
0.0876536864647911 -0.0154032595279579 -0.201257264011697 0.0363457770193592
0.0893452492368912 0.0175572630750496 -0.177014591074908 -0.0418258067240175
0.081880918796143 0.0647179883479511 -0.0850606364781604 -0.114226985680513
0.0550336061923524 0.1245998866829 0.0118785489988727 -0.0431820951593404
-0.018599193934605 0.15368407225402 -0.00684519835001491 0.0503952400087981
-0.0617561952742737 0.123049203208219 -0.100988974040058 0.129272762397212
-0.0173394928175867 0.165466864679495 0.0307771175842857 0.141464462690757
0.038419507850275 0.137982957829587 -0.0750623508457865 0.149697279680396
0.0703314223074921 0.0818533813346378 0.0390794834300745 0.196482122107994
0.0683018615102748 0.0359350934693332 0.164955765917901 0.0714936406895978
0.0830768328161345 0.0167386932901561 0.110837684611938 -0.0945813138959141
0.0971175903038018 -0.00546313025268083 -0.0372358080570156 -0.106996930963343
0.109478084047561 -0.0299512235999686 -0.110841405732406 -0.0347160918208346
0.127770467633353 -0.0543600594597691 -0.134866336456843 0.0261191610704088
0.14124128514221 -0.0504940079305565 -0.143300988385881 0.0531112896515927
0.158484333581955 -0.0284040787834773 -0.154275762310406 0.0435438077452886
0.166540120893136 0.0286056405568743 -0.146099893535802 -0.0145519150241439
0.1427252361775 0.113564632637322 -0.0887180628795504 -0.085414598032867
0.0790383580983038 0.184048978720798 -0.0133925089036674 -0.0440004817498512
0.000312349280317768 0.206823602856648 -0.0145478332034027 0.0116085758113193
-0.0513984411136486 0.183656891823214 -0.0814129165817941 0.0699359787048621
-0.00885801032675337 0.218090812541932 0.0269893656591199 0.0606573654877024
0.057401732981841 0.175378744695526 -0.107564167632862 0.123497512514138
0.077060766300686 0.108938736645552 0.0273862407649549 0.19645429500616
0.0764312420809292 0.0703993749988685 0.163501052410045 0.0766019014956792
0.109310916116711 0.0529698430048755 0.117881454305066 -0.0851693141430615
0.13589875503208 0.0165393140028468 -0.0107178895911449 -0.103429161357887
0.154049763984779 -0.027697188809532 -0.0631462317684445 -0.0486390468558283
0.169816502999884 -0.0643614175448187 -0.0770697765469161 -0.00208948866400491
0.179039855599883 -0.0639880374287547 -0.0783155344361085 0.0290977366128486
0.196892447606159 -0.0399268711429446 -0.0911417402238226 0.0382450750372018
0.209038317753626 0.0265546084849568 -0.0942797622761863 0.00629710886452717
0.174886020499938 0.130042407182622 -0.0805316346796148 -0.0475566717131338
0.0903258125351901 0.194014685688633 -0.047415858940788 -0.0411289267710027
0.0280173984477708 0.213226740200082 -0.0366289895184348 -0.0412880539534243
-0.024017281371039 0.209771601988259 -0.0620418441309735 -0.00839770585611207
-0.00502150819989543 0.231726252599668 0.0319614409831842 -0.0303235907841369
0.0516792839139224 0.180177495173894 -0.118801183420114 0.082592185167452
0.0511355733012681 0.129732284007085 0.0223574223372893 0.173361551398406
0.0702747645655714 0.118461949437956 0.148406269464489 0.0756364090236809
0.131697366007262 0.0969093082749748 0.12327944950118 -0.058990175249297
0.165689272551184 0.0379092986931512 0.0299025201443349 -0.0838860814577877
0.178121870707506 -0.0242329434059726 0.000943602188612192 -0.0576404819426794
0.184868566606481 -0.0633604380751105 -0.00794758191622424 -0.0295799816234821
0.186119415108253 -0.0622638228355516 -0.00855194163629126 0.0013556100149255
0.199510092520103 -0.0351337211524641 -0.0254747284951898 0.0265579278332733
0.202737104858116 0.029328030594521 -0.0406018885548818 0.0212436177907245
0.153102655584355 0.124671162064973 -0.0704630447653296 -0.00829500008501634
0.0691806448157086 0.153580775970133 -0.0861640673767593 -0.0393771157621387
0.0484554853063622 0.1686072859138 -0.0640662030171207 -0.0950114347016018
0.0122310051957461 0.198087694325646 -0.0489066267609688 -0.0900249901699384
0.000517882471992891 0.201668905897622 0.0483168428158885 -0.110833196831598
0.0271364443539761 0.146774943341896 -0.0956128006832763 0.0265561552689123
0.00624350761748535 0.13160954734619 0.0134793928581863 0.122124070047273
0.0537198172911032 0.153393381876264 0.110553382697036 0.0811529538009372
0.138591939727983 0.123027620860339 0.131067138488267 -0.0107173443989669
0.170939162568337 0.04858759721802 0.0869282422539908 -0.053032072591945
0.175675267472928 -0.0220540610752629 0.0736975553406189 -0.063063559111943
0.172985806582299 -0.0528108857695809 0.0622812186331992 -0.0523606705963949
0.166205077192718 -0.0453949086968032 0.0561973415921613 -0.0210988523730914
0.168088108444904 -0.0118315401413361 0.0290198144071267 0.019928652900976
0.151249625409833 0.0430421018909304 -0.00416563381465583 0.0396334670220554
0.0851147043330131 0.103112069373888 -0.0728838715489194 0.0243145973839855
0.0229807550158483 0.0808254593587704 -0.122285728268562 -0.0505190496690917
0.0586231146283863 0.0937066038352882 -0.0786211041461029 -0.142117971236302
0.046077600190876 0.159824487588644 -0.0407828066983233 -0.15913530907013
0.0118724921696265 0.13835098722056 0.0706638313313425 -0.169450061696262
0.00635001167143345 0.0875800846498895 -0.0532156664427296 -0.0356213981580869
-0.0279235274510121 0.10374442178285 -0.00682411560575045 0.0664265248105699
0.0346153545953023 0.14414244308087 0.0687311914490161 0.100474326296128
0.11548452617002 0.112200180600397 0.146660502155852 0.0440978794675938
0.141354162485851 0.0429280518948911 0.149112596178204 -0.0241089829114962
0.141239633705128 -0.0182819535420153 0.142291248319821 -0.0671878205648635
0.134282405275749 -0.0342967943670341 0.122268804472683 -0.0665532881842514
0.123697779872343 -0.019062824018658 0.106866306952924 -0.0330110528278304
0.112542526265345 0.0163810283287798 0.062473944610207 0.0268013716790103
0.0768083394240831 0.053186752499345 0.00229115809424874 0.0631032696368805
0.00824968681053063 0.0655197927323216 -0.0961722305028292 0.0372633393476462
-0.0150126492369718 0.00182956651002154 -0.142949092396597 -0.0818423792638572
0.06518612724216 0.0209573362259125 -0.0686483384048246 -0.177804071109084
0.0672327341980341 0.107210814917686 -0.0348642293161947 -0.207382791828845
0.0295343117503896 0.0569564017304756 0.0856366888795648 -0.197487242446132
0.00495525001952622 0.0174142484809763 -0.0181995810502436 -0.0841118690348275
-0.0340443985737789 0.0452363318838954 -0.0291578832848566 0.0348111427317408
0.0129971133035487 0.086191476681505 0.0464212825767817 0.125778421092317
0.0642336628029189 0.0664173290947299 0.166642148903319 0.0803200226992753
0.079010197356467 0.025141789413453 0.199478554254995 -0.0101667924757529
0.0805033523370309 -0.0115594772087997 0.192938193062823 -0.071078593038242
0.075064832893736 -0.0109061115398721 0.163150592776241 -0.0729064824674589
0.0666111454557748 0.00547017482659653 0.13695014097482 -0.0318652037482876
0.0486732205652421 0.0358697073902332 0.0736549404514336 0.0437971154413373
0.00787321419308654 0.0481718221901896 -0.0186205015072178 0.0822314070016345
-0.0424260386011473 0.0209081115304048 -0.126959425584317 0.0220872244968251
-0.0284588866257058 -0.053607393806189 -0.135210992929682 -0.125182457608946
0.0631766550607581 -0.0297612245934319 -0.0356376814449705 -0.195596010999572
0.0698081116170185 0.0472961571334611 -0.0288601902628742 -0.231223238576874
-0.0428894487139797 0.0160593543873567 0.0467704316266839 0.208346555211086
-0.0258960319283381 0.051021295893005 0.00312075804585707 0.176400477000639
0.0264967206993389 0.0509899954236961 0.104995527140948 0.158008429854977
0.0452270876889026 0.00655659777117257 0.161522285407513 0.0030660133062312
0.0317997928716564 -0.0240326018370484 0.0583369042760521 -0.105283402888697
0.00904943999240421 -0.0304948552406365 -0.0655407021523859 -0.0705528973215274
-0.00392374229228624 -0.0172384458614711 -0.134468559616315 0.0120504375383235
-0.00383771196344862 -0.00923317476977527 -0.167892023833909 0.0679325143512977
-0.00274311977643583 -0.00675880915161633 -0.1910103033663 0.0757385804275348
-0.00206304800142936 -0.0130734529104561 -0.200491675584071 0.0331791367422278
7.22463032922257E-05 -0.0169698799751232 -0.17364578277786 -0.051463555117508
0.02094014147528 -0.0150285987889131 -0.0762130833487857 -0.114205057147054
0.0448627290736624 0.0314841116077999 0.0206312113050167 -0.0414633854424223
-0.0116541746090507 0.0689150841581106 -0.00493458374674822 0.0598193487394668
-0.0481464763610568 0.0404965787597844 -0.0950029320261418 0.156653152350238
-0.023792634003421 0.0855002308412933 0.0447381367798611 0.182658903809773
0.00785602780400324 0.0833259215663759 -0.0291970236821596 0.160948693699461
0.0451743411374789 0.0568877881401469 0.0700813007592726 0.173862132779397
0.053036177450683 0.0163156771716867 0.162027458528199 0.0396602000775947
0.0549698694064133 -0.00858214905484494 0.0853924543174947 -0.10022221580008
0.0500377983762063 -0.0241414219357039 -0.0539676176105436 -0.0881705232522716
0.0492069857085495 -0.0288153428783465 -0.128164475098124 -0.00585675417154159
0.0594360852551333 -0.0366721259848799 -0.156588851598867 0.0558126436774745
0.0692210549541924 -0.030663619374756 -0.171373218492258 0.073161553624051
0.0792778162239193 -0.0183678336361827 -0.183014150594766 0.045438715469676
0.0832215923892015 0.0113665373280673 -0.166996939454737 -0.0298169053889775
0.0783850795773406 0.0547731885950318 -0.085027898518701 -0.101864942229346
0.0581130071964013 0.112285383189868 0.0106907852581104 -0.0408527559457499
-0.00859707379688254 0.143552218819274 -0.00286126257677836 0.0479985513221939
-0.0503965384246901 0.118420114225425 -0.0856934721790007 0.127873672919807
-0.00658769946717792 0.154730408907249 0.0381862207871252 0.130307153813567
0.0432031275690171 0.125101643252478 -0.0622082497555877 0.145536960796642
0.0693560049774323 0.0713413660955123 0.0473322081563536 0.18175057644638
0.064528022211898 0.028568654538495 0.160522868509778 0.0578755776709829
0.0768839084982202 0.0108163228211117 0.0985863536173869 -0.095565157391038
0.0883300018849941 -0.0104295807271773 -0.0389922705282387 -0.0978744838734472
0.0989211757410916 -0.03379561359152 -0.102975482880664 -0.0247897056545705
0.113906443908859 -0.0575573433209456 -0.122992532266627 0.0320502589399028
0.127022373871277 -0.0547132958415772 -0.127877358899064 0.0572406859818049
0.143081808342079 -0.0353521227881953 -0.139495218224474 0.0498088333366277
0.155782149748207 0.0163720773996103 -0.136341975459936 -0.00599614780281303
0.137693713512148 0.0968290726942452 -0.0870791194357645 -0.0751129224053843
0.0827872539428454 0.165582216334344 -0.0121750616993296 -0.0398708609127885
0.0120073637351545 0.191859139959393 -0.0115603238440337 0.0117711556890585
-0.0380022232237408 0.173966822839013 -0.0704266685128257 0.070986660464356
0.00386814440744525 0.202726063175967 0.0298541841421174 0.0550714900732155
0.0638372802910289 0.158528520946827 -0.0938354763102517 0.122840494079502
0.0772250528745949 0.0951155854310096 0.0371552956190788 0.182731833276193
0.0731018356894762 0.059575623970209 0.158270348691833 0.0622052916089539
0.102585747987262 0.0424509780482044 0.105583070393584 -0.0875951824538285
0.125536962160773 0.00801872789782161 -0.0156114874783884 -0.095225333809028
0.139130111556159 -0.0340588291301952 -0.060147314724291 -0.0409553038547024
0.151916199529531 -0.0686312092475117 -0.0711510792346554 0.00264053855963667
0.160303656549457 -0.0693240237198758 -0.069812612287657 0.0311692724880287
0.1781509630465 -0.0485009398532302 -0.0810447140113088 0.0417739677807098
0.193499574344881 0.0119581495702542 -0.0876934159591232 0.0112667537676526
0.168218711059298 0.110065118713441 -0.0773741620626581 -0.0400536098691936
0.0941013306419686 0.17503688843347 -0.0441612889082262 -0.0350268154478311
0.0375607348510738 0.195257802742736 -0.0342298310021578 -0.0354952691537583
-0.0104278047551092 0.196001744310001 -0.0569336788357351 -0.00366461935894249
0.00948586009351103 0.214940977211544 0.0287371152486247 -0.0293200719626386
0.05780731697947 0.163118259908487 -0.105935640834923 0.0856546087388305
0.053739999396283 0.116670683845954 0.0310556221329187 0.160625167483034
0.0696881595282409 0.104890965816428 0.142845282466718 0.061739249902936
0.126934636609134 0.082091688466957 0.11079518211547 -0.062588762360092
0.15484863436008 0.0265460277320766 0.0225567600152328 -0.0783525345212596
0.162205907461509 -0.0321487605694558 -0.00220532969007591 -0.0535746465616853
0.165640859186363 -0.0689768235726523 -0.00993249910611966 -0.0270787665565185
0.167298334140755 -0.0685970679555107 -0.00728409590666707 0.00147773442630528
0.179764723547373 -0.0441667914320474 -0.0212558169325581 0.0272216158119959
0.187905303816379 0.01515392702744 -0.0371092210843549 0.0221696489310845
0.147946049568262 0.106709296296794 -0.065676997015467 -0.00396199456913862
0.0711120452489622 0.139138876203791 -0.0810588265416197 -0.0312305549333751
0.0538558773919539 0.151789553178692 -0.0635829776026201 -0.0835811602185362
0.0230307016897529 0.182883836412719 -0.0493888668329657 -0.0804560425632887
0.0127834200492879 0.187270941613975 0.0391330149885861 -0.106004679416997
0.0339224882779893 0.133272961718236 -0.0871740512912137 0.0314125843464359
0.0120145398709498 0.121254629398753 0.0193503052296251 0.112709162488499
0.0569250394239621 0.138701191766504 0.108047445390393 0.0687541778664785
0.134438809643518 0.105888425319088 0.120936206243073 -0.017082048631629
0.161060814765074 0.0359145600400912 0.0764825893926556 -0.0531619357549267
0.159531468659784 -0.029577067029931 0.0631817513484475 -0.0619540380986119
0.155124302643549 -0.0590582508303005 0.0527229544632336 -0.0519940474960932
0.149614698077543 -0.051525056612948 0.0506052456477049 -0.023643060888404
0.152348032089375 -0.0211139712477542 0.0281649072933591 0.0172754259457249
0.141672706063973 0.0309335732419642 -0.00286839783024864 0.0372280704829572
0.0838744781742663 0.0908089771267509 -0.0664356134442714 0.0263522851634399
0.023432789278902 0.0739731209905878 -0.116325594837959 -0.0390989965950727
0.0589963554657177 0.0819912191056958 -0.0806502256397081 -0.127423054608092
0.0518887739144073 0.145617603137082 -0.0466305830488678 -0.146079804377961
0.0193113839695577 0.128024512727157 0.0553695103820909 -0.162184034435895
0.0108642310494762 0.080062466597681 -0.0520517620172491 -0.0304399922925564
-0.0205281214333292 0.0976318160148909 -0.00336956781232525 0.0610597834606051
0.0395940538634112 0.131269241647534 0.0690910814792271 0.0900232232761767
0.114151950587496 0.0960941723515777 0.137233995321249 0.0336107717894597
0.133452217391703 0.0315748106067838 0.135618954715469 -0.0297284322016677
0.127680818167214 -0.0246904644304424 0.12716086902879 -0.0697101767809601
0.120466262940388 -0.0395268953176413 0.107358630727596 -0.0695541590101694
0.112358839653583 -0.0252895076069996 0.095636548094043 -0.0369061810814582
0.104008923860418 0.00868692149040957 0.0594577791171721 0.0220740520652006
0.0727385361143054 0.0441838143401588 0.00422665126842036 0.0595907681000727
0.010044574781939 0.0597336469614983 -0.0875295408476524 0.0402061139702372
-0.0160327058098497 0.0019327366026586 -0.13819005159073 -0.0675344876510148
0.0611192458809574 0.0139304668494928 -0.0727617855123635 -0.161732359557553
0.0684047173702499 0.095200485153677 -0.0441261948133473 -0.191494489934776
0.0317851962754406 0.051342529270699 0.0679359511866466 -0.189383700024455
0.00537799104393406 0.0148954591012413 -0.0224773192346325 -0.0780617181072714
-0.029064085688022 0.0440083045689665 -0.0264420196980604 0.0335879732402215
0.0174417649970453 0.0790441325934576 0.0484442924572329 0.1152638601955
0.0637386001318779 0.0571101998889082 0.158739103427815 0.0661826660954037
0.0747899088096054 0.018378093734527 0.182638178163335 -0.0198706449170326
0.072294027766137 -0.0147750478483717 0.172198387620289 -0.0764591168624648
0.06783270624163 -0.0137963837969897 0.144825810195908 -0.077225418297887
0.0618116660328931 0.0014225306495026 0.12317413742001 -0.0377995300810744
0.0465437922179294 0.0302821309063976 0.0698381243732317 0.0364674371315754
0.00869489142595865 0.0439281219046023 -0.0137981973380321 0.0790788431475969
-0.0398798095531609 0.0219239240370273 -0.117725941736719 0.0279037140650853
-0.0302254794076075 -0.0486622014934273 -0.133864096251341 -0.108805460479372
0.0573358620288474 -0.0330698611785065 -0.0428999432140162 -0.181352641369206
0.0678889298925504 0.0390514881292577 -0.0401258541205255 -0.214428594473896
-0.0409104545161097 0.00930804445338332 0.0206027147402053 0.189262548842298
-0.0296002766828751 0.0431309237658532 -0.0181039781332231 0.162300916682734
0.0170567912393192 0.0490101953342906 0.0772305416102298 0.15729369123034
0.0401069561059205 0.0132595811539245 0.144558925809834 0.0215659097718757
0.0320094960351907 -0.0166596682718387 0.0646315532890922 -0.0879010070427809
0.0121774580970198 -0.0264990655736509 -0.0485886778882832 -0.0712563416281152
-0.000762020335575445 -0.0152897759622225 -0.120266166928423 -0.00181234509104222
-0.00245433424100587 -0.00854650481417162 -0.157565165188303 0.0445638525586762
-0.000885309740866434 -0.00552186517952564 -0.181800162364569 0.0503751576932743
-0.000151876162389161 -0.0111686784399285 -0.185536497245715 0.00936707319725464
0.00206660779567576 -0.0134529737341314 -0.153369859804357 -0.0674069726842834
0.020456269495596 -0.00993443461260608 -0.0575553695482508 -0.11444121317107
0.037676158561512 0.033166727209724 0.0253756397604329 -0.038826613065706
-0.0178541114313039 0.0623128796504114 -0.0100463972778242 0.0525407178640538
-0.0483737272687362 0.0320906548754464 -0.104379199023553 0.135657709693694
-0.0314607569057083 0.0733212911316471 0.018090918562309 0.168946925158018
-0.0033650204007172 0.0753154058574312 -0.0463824629826848 0.147735670725912
0.0324839169551759 0.0558969788577537 0.0443375321206486 0.168937402587704
0.0452393669094234 0.022129262901063 0.140970588440102 0.0547290405510302
0.0499023734494923 -0.00054169097351646 0.0868404555714746 -0.0803093132049328
0.0477667434141707 -0.0150150772710675 -0.0367377708621268 -0.0844223827623983
0.0478732235125663 -0.0205053790155178 -0.113648847438242 -0.0172995201540493
0.0581346788564068 -0.0263442188646476 -0.14611884321979 0.0339258862520627
0.0671720122536898 -0.019134688340562 -0.16427940019082 0.0478975498767467
0.0741242898747637 -0.0071961290235867 -0.172998358404229 0.0221559802184319
0.0749855213250464 0.0208619454673652 -0.152426339271285 -0.0469125379693151
0.0664562691565723 0.0604992109414826 -0.0701389712220588 -0.105884777416016
0.0412784251262955 0.10897416207904 0.0161443714521014 -0.0415948251775981
-0.0226142216647585 0.130980377759067 -0.00653274135247553 0.0380107434823231
-0.0588099770050675 0.104177024272721 -0.0936238125120195 0.10748484940564
-0.0238783166715631 0.136593330485479 0.0132722256084672 0.123739028417899
0.022977872576143 0.116005563250842 -0.0754545200855243 0.132404165144237
0.0520955509266095 0.0709560539461285 0.0221183742607807 0.175868269918867
0.0525714499045041 0.0341876616867989 0.136673978048713 0.0712566747558895
0.06651775328684 0.0201820989414302 0.0974673851097376 -0.0739956068854426
0.0804023330902931 0.00184364598466104 -0.0233428852349811 -0.0890765555637118
0.093551491619003 -0.0193703275446794 -0.0893932444052354 -0.0317436378389116
0.109465553073539 -0.0395400663868916 -0.113531432638252 0.0159070929082338
0.121570202443941 -0.0349976287137825 -0.123715106245997 0.038285962220867
0.133295197513343 -0.0157024723364816 -0.135367062620065 0.0307505984014605
0.139061521389024 0.0335077453512312 -0.12988970616468 -0.0226928616898764
0.115845845981882 0.105621020388791 -0.0767744331814131 -0.0824776895984868
0.0584247503471696 0.160895252245561 -0.00553396121123722 -0.0445634003197157
-0.00902113691444255 0.177334541806635 -0.0121767865585642 0.00239063567021348
-0.0524868035693986 0.157300287578474 -0.0743815237221386 0.0532048919329874
-0.0189198108397445 0.181056073113715 0.0108903583705514 0.0574896420500322
0.0377951566761952 0.147813768542816 -0.101855461975487 0.110662589314168
0.056629485221226 0.092915848556435 0.0119101740531375 0.174746680451819
0.0556551401241952 0.062902898283255 0.133399769442046 0.0740886568943921
0.085423010905566 0.0526566067446813 0.100781033780381 -0.0653547683023332
0.111010908640029 0.0232181256309907 -0.00359198077392515 -0.082767122207646
0.129076662802959 -0.0148104457052091 -0.0501184204687972 -0.0417891496251932
0.145095949467253 -0.0463120999092555 -0.064635012160814 -0.00601848749187085
0.152454381901708 -0.0447779203160661 -0.0688968448673071 0.0195746806938232
0.165495721955559 -0.0238310564445977 -0.0825274023276296 0.0287074141417763
0.175105309956858 0.0330553729719474 -0.0887336565687244 -0.00202383703335173
0.142408562438979 0.121010269217179 -0.0727525728779522 -0.0493590201162276
0.0675532726975972 0.170499918107863 -0.0366220022159812 -0.0433923112879683
0.0137722007039685 0.183505235365148 -0.0296947858559718 -0.043842409574438
-0.0297776018480651 0.181467653874778 -0.0553431271391853 -0.0154181881959389
-0.0148619636502429 0.192675882811707 0.0168737277879619 -0.0177731862095302
0.0332306403230942 0.150539745329943 -0.10971782167741 0.0752468467920425
0.0333310121778941 0.108527837566771 0.00748497934040979 0.153368465608267
0.0472255310880842 0.102957214236307 0.117613122135378 0.0711655475812076
0.101656720248593 0.0911147380426886 0.100460321720978 -0.04290578450367
0.135061779624444 0.0433772689468353 0.0284165580234215 -0.0624106607130838
0.149252185860451 -0.0112697011309786 0.00156821225865616 -0.0465285956118255
0.157531490189685 -0.0449946788580622 -0.00648044855264938 -0.0268483239137608
0.158628187243829 -0.0437690819603293 -0.0094280197336145 -0.00109789753057718
0.166927002844427 -0.0205335164633372 -0.0268066464508418 0.0218583717192687
0.169027964830827 0.035386598132641 -0.0435042022272205 0.0138771108800775
0.123609968046156 0.114737688941165 -0.0652682094674012 -0.0136270912692659
0.0500022508681984 0.136548399117611 -0.0712852623420304 -0.0420939342707638
0.0335668015206854 0.144995158844789 -0.0518798235028372 -0.0897982507096283
0.00236073096896507 0.172291042657844 -0.0425765696261197 -0.0868294069607008
-0.00808975456206951 0.167671488120658 0.0342134831996117 -0.0864954753594556
0.0145516262389314 0.120996452209517 -0.0871695843578857 0.0260275775055817
-0.00508449284393994 0.108324017313653 0.000807023843300902 0.106458542955977
0.0315245660956582 0.131862573748585 0.082869450758797 0.0738986039510421
0.106035545591689 0.114045092576852 0.102675725375525 -0.000614472290275964
0.139603077766112 0.0519883395525795 0.0733958313624129 -0.033030959135728
0.146222443759059 -0.00941478706285753 0.0611315770903595 -0.0481417850212222
0.147276588261799 -0.0370788145657818 0.0525561047650483 -0.0435335071096221
0.139951614210056 -0.0306124526092369 0.0458364074552608 -0.0181707767956511
0.139504787199732 -0.00233448843665197 0.0199576532987802 0.0180068613182519
0.12429258595159 0.0433073857789355 -0.0121080416224241 0.0318622313995927
0.0663603075562661 0.0920095783781532 -0.0677496816192185 0.0150373664668357
0.0131480065408479 0.0717848577435639 -0.103298955497247 -0.0509450324151658
0.0454591286622119 0.0809843227944162 -0.0633119593968011 -0.130101454407787
0.0336250799544868 0.140528697107456 -0.0334305826635055 -0.146404664162256
0.00421303636016911 0.11603499324559 0.0585461827573194 -0.136284619643919
0.000311548878695358 0.0713392545780618 -0.0468703025214875 -0.0295939007764298
-0.0313712741545205 0.0840540656015159 -0.0151204025154662 0.0548563180956734
0.0173262692025169 0.122940567184786 0.0459581523389461 0.0882929820846785
0.0897875410913054 0.102195686341258 0.112615150639475 0.0468002750957265
0.115175479492597 0.0446823678745732 0.123566832805097 -0.00723070818403587
0.117306601647718 -0.00898817520373229 0.118338124520371 -0.0488310128985643
0.113324150443053 -0.0238745879567461 0.103165022603277 -0.0529103888152149
0.103921949227157 -0.0113801086498258 0.0888325216591287 -0.0258334114856368
0.0920052863292642 0.0196117364804947 0.0492837629135942 0.0248922221334028
0.06051753275606 0.0483039219576317 -0.00546013136617046 0.0535059072189987
0.0022143683956245 0.0560183040304623 -0.0869637935325243 0.0265378509405966
-0.0162256827065067 0.00197689892952731 -0.12085533746096 -0.07708680871795
0.0544310030989844 0.018111646712503 -0.0529504175145385 -0.15874857230748
0.0539586034823638 0.0958253085965152 -0.0264141877905781 -0.186930779864232
0.0240822745855486 0.0499429712947901 0.0759806794252581 -0.161313872096534
0.00358019960633505 0.013571005269681 -0.0146067262257773 -0.0729655759520483
-0.0315922381807058 0.0356973092902297 -0.0315714064826094 0.0266107277581181
0.00451131822371677 0.0732405118998541 0.0272963352695396 0.10918215074636
0.049980732442992 0.0600242266612438 0.131021926682905 0.0777120887271435
0.0637675873311085 0.02561262960416 0.165852881798034 0.00437286966725087
0.0659595086746431 -0.00584600397830664 0.16078313026354 -0.0512237757528648
0.0629627289588988 -0.00584186241029699 0.137692691682212 -0.0557560268805322
0.0547700648172067 0.00753933025128646 0.114652826702317 -0.0232065206321779
0.0381031669967868 0.0330944453857928 0.0585370325913465 0.0399432761907353
0.00275761310533129 0.0408678740522739 -0.0217100436100314 0.070555156003937
-0.0389651149772334 0.0157864472459057 -0.112838577810585 0.0126980690549481
-0.0243025289114448 -0.0465746256223302 -0.113332688036411 -0.11484037030284
0.0560309259332795 -0.0249490726005747 -0.022296414787696 -0.173245460615144
0.0591372814033508 0.0440599741351274 -0.0194612424947351 -0.206224208358316
-0.0390555492770646 0.00811506125299448 0.0178727633019125 0.178784838805187
-0.0286290879556285 0.0405549620099117 -0.0193902001075965 0.154717711302086
0.015246072223647 0.0470510045104489 0.0712352961225051 0.150819400753798
0.0375848168712306 0.0133058549428602 0.13697214743956 0.0233842379607892
0.0298761413849133 -0.0156698500900371 0.062914067838941 -0.0823012257153139
0.0114360223023282 -0.0243100506649621 -0.042903389800186 -0.0686282610857896
-0.000183942822084781 -0.0143641747718937 -0.110326651539258 -0.00410080570478618
-0.00155000069893804 -0.00800928699417396 -0.145935027418593 0.0410169019208349
-0.00094502182042575 -0.00490748788494232 -0.168716713237088 0.0450133655407733
-0.000395102140869764 -0.00995768371431286 -0.172114503575273 0.0072953358682715
0.00200348587956316 -0.0129538663657589 -0.142068332427249 -0.0649609054611075
0.0187263653307622 -0.00922223531443308 -0.0520008054093541 -0.109213528342375
0.0348736382875648 0.0310919934626711 0.0258213778563951 -0.0372532428527615
-0.0172392748919066 0.0591144751395395 -0.00959017862475058 0.0497641782222626
-0.0459340656912713 0.0298715740145753 -0.0988172252660988 0.127608283747071
-0.0308761394678609 0.0682770119875903 0.016456551093432 0.158672276070862
-0.00482437928506032 0.0705615602225164 -0.0459399874070025 0.140116935190457
0.0294374198242751 0.0524636255809971 0.0393107030830352 0.161579845734285
0.0414309757305798 0.0210672585762511 0.132967612772832 0.0538793015487692
0.0464749152901208 0.00018525298827593 0.0839972173845784 -0.0754779281147522
0.0442799211995546 -0.013379130840804 -0.0323471628878658 -0.0802439094900925
0.0448616192090777 -0.0184629803953029 -0.103881120278172 -0.0173439325192026
0.0545636538737625 -0.023631856163223 -0.135001970123685 0.0307964566755456
0.0619444861465378 -0.0172476021110834 -0.152571433926214 0.0433028145015829
0.0687619175215183 -0.00605018427023207 -0.160370624337586 0.0190797653882551
0.0687923669262462 0.0204569192348323 -0.14200555607953 -0.0466849090081342
0.0606824418672847 0.0573212068648087 -0.0634590491053281 -0.101640136020071
0.037245681345063 0.102359652045245 0.0180092324946228 -0.0399614038949653
-0.0227593150218259 0.123192282770543 -0.00530271852250986 0.0359252942995038
-0.0571356583833856 0.0971734485669272 -0.0870255384215984 0.101002678084249
-0.0242309795864588 0.127759451547643 0.0129728620677615 0.116042900290567
0.0203055300398451 0.109232541785863 -0.0731678559846171 0.125322849239153
0.0473548095006596 0.066772395736045 0.0191489081343022 0.167396925134895
0.0478784892731969 0.0319712407302929 0.129475122366483 0.0691535533828851
0.0606062717193902 0.0197850226600912 0.0941163642481926 -0.0697005363525923
0.073875235961967 0.00278555514308877 -0.0197032454812517 -0.0843200570863735
0.0865827252878721 -0.0167873327290428 -0.0815871025795765 -0.0307922491330126
0.101514154443695 -0.0363505702255421 -0.105243887553142 0.0147715092711733
0.112882530758289 -0.0319195102748355 -0.115031150099162 0.0343448477627426
0.123263914265746 -0.0132103781712029 -0.125341292836806 0.0279062587800155
0.128967771726144 0.0325346338426087 -0.121043766204458 -0.0228806037934972
0.106652711051116 0.10036467235182 -0.0704508094686288 -0.0798165134799025
0.0522979388879994 0.151649359628 -0.00191628114013092 -0.0427855846548258
-0.0102882581207385 0.166118138187086 -0.0100225003620101 0.00197755273788577
-0.0515771904602635 0.14739544164749 -0.069229999070704 0.0503989242780363
-0.019719878729907 0.169692197514596 0.0109428085491612 0.0535618635634816
0.03458775360229 0.138543503286433 -0.0983033294350396 0.104378863245043
0.0508177214630972 0.0868557810406359 0.0100883830626409 0.165801813863209
0.0502815496693551 0.0585535105971013 0.126474258395401 0.0712656548926554
0.0780048656609971 0.050365524746742 0.0961903716220188 -0.0620073130020582
0.102219759289993 0.0230652444382155 -0.00185965451181513 -0.0774035576548107
0.119637629140006 -0.0121706092977601 -0.0456393676335328 -0.0394039379360935
0.134160200529439 -0.0412062379633892 -0.0598046983957202 -0.0053388950084697
0.14205963489048 -0.0405805537335382 -0.0636687522401013 0.0171325604044081
0.15375693578304 -0.0203298383186701 -0.0765168783012985 0.0269862906993648
0.162312115246541 0.0322082636924278 -0.083345223314442 -0.0029889134660151
0.130753835307775 0.114515312427971 -0.0673134689045075 -0.0480651131019524
0.0605821018704267 0.160970691752496 -0.0314060274464429 -0.0414675121131908
0.0105906604233797 0.171302655600273 -0.0266853291817722 -0.041129352784249
-0.0300717786089088 0.169869532731587 -0.051263257977395 -0.0148962405811366
-0.0153500612451996 0.180187714261147 0.016912369152255 -0.0169966322865673
0.0297774792324181 0.14048088389303 -0.103958387039621 0.0719663057037875
0.0288734398379415 0.101113811192244 0.00561017599671094 0.145528231484768
0.0414776625687055 0.0967585284009885 0.110673318168832 0.0683375403832051
0.0933170303150727 0.0865032884854362 0.0952082514652417 -0.039673257613063
0.125101799964617 0.0421977497091663 0.0267961143005127 -0.0575849381381638
0.138070556965662 -0.00805635601161599 0.00222749389336519 -0.0429993259423852
0.145997913204301 -0.0402225217263296 -0.00630792794249365 -0.024512426967855
0.146722257995874 -0.0392798791408053 -0.00834804205200609 -0.00185911235792823
0.154872336097822 -0.0172188348070792 -0.0242921456199785 0.0205167509815992
0.1564044286601 0.0338253169944625 -0.0418439992297794 0.0127251638254293
0.113389422499581 0.108746718483475 -0.0612178107030571 -0.0141233948700167
0.0438553410785807 0.12833569338695 -0.064793629856746 -0.0400987338610077
0.0287259797612535 0.135513135808353 -0.0466185467647703 -0.0844233311549301
-3.45347441542535E-05 0.161490925912531 -0.0384983294971538 -0.0819748499340575
-0.00864634782797273 0.157403028641133 0.0339393858100443 -0.081363458190497
0.0131990390530059 0.112283632046217 -0.0821430604664835 0.0242237867311896
-0.00668849790280961 0.100573579057067 -0.00114800147858592 0.0993556322178631
0.0266037978563916 0.123159649882869 0.0771464065357523 0.0700389691477762
0.0977576649313701 0.107658617549153 0.0958070144635265 0.000758405909045526
0.129401551320346 0.0502368851545551 0.0677868278474725 -0.0293725496765808
0.135202772248049 -0.00737117335136261 0.0567579754480885 -0.0438671714911593
0.135679418668746 -0.0334657152463397 0.0483716226493691 -0.0399696961059048
0.130001714583744 -0.0281952505278197 0.0423430131318156 -0.0162918974800886
0.128530046427594 -0.00115041577001956 0.0186658583104837 0.0181953147604867
0.114409287083076 0.0412767970265862 -0.0123607888988101 0.0306714079225754
0.059832006571949 0.0873736898346285 -0.0639770599304793 0.0128921876902739
0.00975848498301827 0.0673754680405386 -0.0958255493369256 -0.0484778143307595
0.0407799608448622 0.0745179500292875 -0.0568136907497326 -0.123076745264943
0.0305672192102519 0.13166521427587 -0.0302123557431999 -0.137276131174626
0.00386312279916463 0.109102206608492 0.0563269758975844 -0.127933994338638
-0.000176864099203643 0.0657574767220243 -0.044275221522174 -0.0280231549531541
-0.0309918175822776 0.0779874090640867 -0.0155369562669342 0.0508721287711777
0.0145272886981164 0.115318946511385 0.0411760227630499 0.0838199630352457
0.083587558490678 0.0963183846757895 0.104308875848196 0.045909553347319
0.107069199953745 0.0427972867700254 0.114428914891724 -0.00440203709230437
0.108166015916454 -0.00639317096631186 0.110158489326417 -0.0445217416995949
0.10491130639553 -0.0205667948884567 0.0955349152971165 -0.0482436785237027
0.0956486806963295 -0.00964019286447934 0.0815745536861076 -0.02361497812866
0.0853554897939269 0.0193803937179721 0.0454785365516988 0.0241907530176049
0.0552430174265116 0.0450800432473857 -0.00637835909566916 0.0513091433020255
-0.000166736325415193 0.0524388474807102 -0.0831634508501412 0.0234289854574683
-0.0173219638963841 0.000692601259202817 -0.113476404415881 -0.0743125744979154
0.0504833205488902 0.0156503083856502 -0.0464399454679462 -0.150803192353472
0.0503161963570769 0.0904735545048458 -0.0234107139723462 -0.176544021505864
0.0225384698588462 0.0468308625581072 0.0732918532407905 -0.151284363757493
0.00333020321844921 0.0117260569582922 -0.0138575184269984 -0.0688819360133481
-0.0305102351514907 0.0331069610763967 -0.0312292786679389 0.0242011562674849
0.00383036324144263 0.0686409745061025 0.0237634832347413 0.103818081264901
0.0469612377133338 0.0567670508911202 0.12095948170327 0.0748166762531192
0.0595141698792724 0.0244696734147412 0.153545072527586 0.00638193999522598
0.0601147018149338 -0.00491069022979158 0.148971324088533 -0.0458835257037958
0.0576835461448278 -0.0049015499399823 0.126746991702098 -0.0505149699159788
0.0504969334068189 0.00722918683351587 0.105334668239106 -0.021127548882337
0.0346127285742684 0.0313579723854833 0.0533780787863984 0.0380794852109537
0.0016110567673231 0.0384498589642947 -0.022559322494123 0.0667381929219718
-0.037686715493385 0.0140166273640781 -0.107152745173296 0.0105255216756388
-0.0232939102567672 -0.0446426166580726 -0.105545900303207 -0.109692973923856
0.0525366702674954 -0.0245192294190152 -0.0177772007528338 -0.164662917674212
0.0555147594226178 0.0414401308732468 -0.01799695069089 -0.193695041799849
-0.0389955321098125 0.00716676025052836 0.0145064553626418 0.174427010229828
-0.0295601335459361 0.0401810144425648 -0.0235848451075593 0.152027220138546
0.0142010555750089 0.0465678814939737 0.0668651094634709 0.151165393191714
0.0369146586099391 0.0138602356331668 0.135030238542487 0.0264660570935718
0.029924452539376 -0.0146366360493325 0.0644401411112691 -0.0808173982729626
0.0111525870768676 -0.0230536669818073 -0.0392637759915704 -0.0683522296615119
0.000367914908234306 -0.0140495010855056 -0.104782434304355 -0.0062308163358852
-0.000943908385314023 -0.00736329448060834 -0.1397935218403 0.0375635278014425
-0.00069788192975816 -0.00428804527090584 -0.162771275939301 0.0408507774962477
-0.000659724886643109 -0.00952888288881557 -0.166164243181793 0.00338990934034651
0.00139435740649244 -0.012067390026233 -0.136259213451097 -0.0668463415966923
0.0179897065096905 -0.00864148459465955 -0.0471758515656299 -0.108375347353831
0.0337117605476442 0.0311514974357573 0.0284952642885913 -0.0365740634135565
-0.0176148010428366 0.0582517724978869 -0.00996835731823908 0.0492121787869758
-0.0460160972018047 0.0283096216889527 -0.0979618701853023 0.123692681587387
-0.0321731548679676 0.0663506034933149 0.0138494736617576 0.155206680191859
-0.00680991363965896 0.0695524784558684 -0.0487270838740259 0.138023466070378
0.0268641340841742 0.0523267148763302 0.0351413016445638 0.161180432241655
0.0396294469493628 0.0215101990787098 0.131542133196398 0.0567643837909443
0.0445156092979671 0.00105857585339791 0.0850220440211745 -0.0732545276932218
0.0425723286183918 -0.0121689511941587 -0.0280958299430669 -0.0791762746061675
0.0443032145055581 -0.0172346369356812 -0.0978875962573127 -0.0194514906531334
0.0528727488911021 -0.0220139483856572 -0.129582285206174 0.0284459319676079
0.0597925733245878 -0.0155102497982017 -0.147372291589589 0.0391063094311537
0.0658784370765013 -0.0039604041635496 -0.154185995132438 0.0161161086424494
0.0656096145415064 0.0211939240424795 -0.13708528335564 -0.0488325093429841
0.057105105905146 0.0572205772969378 -0.0591319051401594 -0.1018460117873
0.0341165662363817 0.100042510545371 0.0209533405779024 -0.0396427118262998
-0.0245493858486746 0.119943469217662 -0.00535762542129629 0.035150067496352
-0.0576961126051323 0.0942243131058738 -0.0863380185827885 0.0976887889850303
-0.0261808651322018 0.124278678528322 0.0112715054656574 0.113643592664673
0.0175009301256152 0.106856958662557 -0.0750330423762059 0.122986698168972
0.0441448362060069 0.0656261498217879 0.0151434588889542 0.166205801123507
0.044624168524752 0.0314118592140359 0.127553182022364 0.0714763116366815
0.0578705758679008 0.0201571006912016 0.0937702997148515 -0.0674218603981995
0.0709655463943448 0.00432389478119565 -0.0160387339978795 -0.0830085700545825
0.084267042873142 -0.0138779036872426 -0.0770643624960921 -0.0314613727633266
0.0986919007877443 -0.0325263489665456 -0.10089647362838 0.0129390897312079
0.108942461258928 -0.0282976510466214 -0.111018301944568 0.0307711400899684
0.119111998458498 -0.00997050999587045 -0.120296265805336 0.0248293256659571
0.123909890426616 0.0336459344127513 -0.116885353990284 -0.0246639084724202
0.100672309904346 0.0991583035306887 -0.0666739291781368 -0.079969479286278
0.0477234113834759 0.148765726234636 0.00169091038943721 -0.0431757356266533
-0.0139896966609589 0.162023754564605 -0.00889657999183925 0.00176980142195903
-0.05290486477124 0.142863247243123 -0.0676092660529517 0.0489221309614884
-0.0223225703528269 0.165201420433599 0.0108562258173721 0.0524621061436535
0.0310118218277792 0.135313583807844 -0.0983853088992506 0.102473351259577
0.0473064011499118 0.0849551782238979 0.00634471354865037 0.164139590157246
0.045983662456814 0.0568626324631581 0.123502159194566 0.0728088291579233
0.0738427828552707 0.0504737743033132 0.0960454995613678 -0.0594013109722751
0.098303131038275 0.0245884440532237 0.000500549398398551 -0.0754541881563181
0.115302498302874 -0.00922718183672598 -0.0427495578710767 -0.0390509384609369
0.129506929232251 -0.037326211098743 -0.0575987659872488 -0.00577423260913137
0.137070035268129 -0.0368652849627192 -0.0616735083775956 0.015261921266669
0.147724281534158 -0.0166965749702332 -0.0731080851280187 0.0256159600994977
0.155582118089408 0.0338749186464955 -0.0809812746912358 -0.00407468759570827
0.123875925212592 0.113256936764483 -0.0648443992384663 -0.0488214075222327
0.0551974852944348 0.157960204901048 -0.0277241163062964 -0.0416028929162887
0.00676305396758578 0.166995620784373 -0.0238919500023423 -0.0405174670307461
-0.0321371964486765 0.164946793879188 -0.0489322840422744 -0.0150506600486802
-0.0176459994046406 0.175580866020619 0.0180453153335437 -0.0170532754368871
0.0269631628885961 0.135730995017453 -0.103848277540839 0.0701994611751046
0.0255592723300786 0.0980627765355184 0.00323920289006757 0.14294791602508
0.0366822306674873 0.0937606691042148 0.107789178911748 0.0685147961792075
0.088500494929941 0.0855672592345253 0.0932966252808709 -0.0373622633190406
0.119995707440872 0.0436197337799948 0.0270340123105384 -0.0554834126556496
0.13277745020638 -0.00541252440780168 0.003233824009633 -0.041511488412425
0.140597728965641 -0.0363464618354175 -0.00623010945547535 -0.023832908645447
0.141819074110166 -0.0362848538638541 -0.00860969986002793 -0.00187854368895717
0.149035225712807 -0.0133795378259377 -0.0233818350721866 0.0205721253096881
0.149564787999175 0.0355248487252102 -0.0417215534370378 0.0121154772499298
0.107551328499902 0.107685016468994 -0.0593025995652665 -0.0158905378957687
0.0393355223184564 0.126399289713995 -0.0609784869333342 -0.0408655935197803
0.0252790949295173 0.130996979771752 -0.0432412910598725 -0.0840084187967561
-0.00245831245544819 0.157483158062928 -0.0359768805845047 -0.0807801876487131
-0.0101568155545927 0.153581162398921 0.0351434222900236 -0.0795909060885591
0.0107060743108703 0.108501258089271 -0.0810106372166555 0.0241055269757179
-0.0101065244503144 0.0969288465314997 -0.00312469907680889 0.0973940529392444
0.0223152835315565 0.120333314862017 0.0737489406250063 0.0695998739308838
0.0924785129009278 0.106495225871684 0.0929643231957887 0.00216664587443041
0.124186529312002 0.0516126908017208 0.0662813576135404 -0.0265467809653414
0.129974371094232 -0.00353197567604583 0.0552066953172362 -0.0407076289336227
0.130729863081668 -0.0297865848021214 0.0462118929235861 -0.0369255267988066
0.125046481132305 -0.0250335595698939 0.0404590849902556 -0.0163261577955554
0.123707533103479 0.00184538914179325 0.018203264135146 0.0178486362605054
0.108853341559587 0.0422597303298508 -0.0134677422498457 0.0301038202049982
0.0553443953641135 0.0865099387665372 -0.0629020191619533 0.0106513918057402
0.00626787158970549 0.0657917233925168 -0.0921341136973377 -0.0490668796578893
0.038309710576149 0.0717410423989985 -0.0524814830111122 -0.12192747624445
0.027164881190479 0.12913048623195 -0.0280756199736493 -0.134768366035824
0.0027651236229465 0.106047456072395 0.0574426638069371 -0.124528214134746
-0.00101487248748448 0.0631583087220738 -0.0433876821020272 -0.027770569232565
-0.0326377011195566 0.0750947965631224 -0.0170731289732568 0.0485225670676328
0.0111609033951569 0.112595782886851 0.0375876582705962 0.0827199184168138
0.0792069820001891 0.0950488756503936 0.100022540419087 0.046731915963559
0.10314278796564 0.0430982677479128 0.110092756377163 -0.000675331549319857
0.104009177681835 -0.00367727919134405 0.106041821188175 -0.0399507838723689
0.100687220759078 -0.0186147672887674 0.0916046061844242 -0.0452303620533789
0.091948686283581 -0.00820256877935663 0.078158099090042 -0.021562674274398
0.0814749133183698 0.0204438181767122 0.0430356667601618 0.0248980175554013
0.0507789487559267 0.0449096577258962 -0.00800609561970357 0.05040300514267
-0.00275107363907532 0.0513795360344808 -0.0819145064199245 0.0210721592625384
-0.018252461471629 -0.000107034387802394 -0.109765863315414 -0.0748065853129154
0.048749542190589 0.0138024659512628 -0.0422289290370082 -0.149454452655471
0.0469062154913933 0.0885298193163911 -0.0209264968211764 -0.172526045142432
0.0218955480837449 0.046059614786415 0.0739793571985168 -0.146898537024115
0.00288470384804441 0.0104320128580103 -0.0133704063797922 -0.0684960476209061
-0.0309103580356773 0.0319301137098449 -0.0331642842949244 0.0222219998490766
0.00228567763367045 0.066435580726199 0.0202817943009128 0.102311825614149
0.0448658428811041 0.055144013265539 0.115560370241806 0.0757121700298265
0.0573951162788036 0.0248477397727945 0.14814927815554 0.00974534415713257
0.0576885858130888 -0.00368034010744895 0.143679294824667 -0.0412637076307606
0.0555806398334869 -0.00377647913484124 0.12212407864424 -0.0473003055085705
0.0485738684491178 0.00859342434100284 0.100169330924993 -0.0186468372584617
0.0327757780226679 0.0314235512665342 0.0497660929644062 0.038119736565945
-0.000418566879244344 0.0371117076717518 -0.0242407413230481 0.0658821103992363
-0.038143454114801 0.0126533984097396 -0.10645067425882 0.00732687498940633
-0.0230194690758339 -0.0448709278547446 -0.102115100301515 -0.110826841752936
0.0522095251317344 -0.0250570513812714 -0.0134413504767456 -0.162910349337594
0.0542214342870369 0.0414181568531836 -0.0151755622725894 -0.18979686798898
