TRXV5
3
4
4
9
string Extension=J
integer IsArchMeasurement=1
integer IsSpherical=1
string Generator=SPM
string GeneratorVersion=1.3.1 Dev
double ArchRadius=0.449999988079071
integer FrequencyAxisIndex=0
integer AzimuthAxisIndex=1
integer ElevationAxisIndex=2
Frequency
5 136 690000000 960000000 LIN
Azimuth
7 8 0 2.74889357189107 LIN
Elevation
7 15 -2.74889357189107 2.74889357189107 LIN
Polar H Real Part
13
Polar H Imaginary Part
14
Polar V Real Part
13
Polar V Imaginary Part
14
Polar H Magnitude (dB)
12 0xC0000002 0 1
Polar H Phase
7 0xC0000003 0 1
Polar V Magnitude (dB)
12 0xC0000002 2 3
Polar V Phase
7 0xC0000003 2 3
0.079071044921875 -0.0290756225585937 0.2845458984375 0.55889892578125
0.104896545410156 -0.025726318359375 0.13043212890625 0.44976806640625
0.0360260009765625 -0.091888427734375 0.0966339111328125 0.228515625
-0.0390167236328125 -0.06243896484375 0.027130126953125 0.0907821655273438
-0.0470504760742188 -0.00634765625000001 -0.101531982421875 -0.0195388793945313
-0.0301837921142578 0.0329208374023438 -0.337799072265625 0.02655029296875
-0.0155410766601562 0.06304931640625 -0.49102783203125 0.211029052734375
-0.00643157958984375 0.0466079711914063 -0.521270751953125 0.31341552734375
0.00106048583984375 0.0575218200683594 -0.537445068359375 0.303375244140625
-0.0280380249023437 0.0558204650878906 -0.52398681640625 0.17486572265625
-0.0592002868652344 0.043243408203125 -0.38616943359375 0.09539794921875
-0.0909957885742188 -0.00218200683593751 -0.23468017578125 0.0588836669921875
-0.0453109741210937 -0.0726776123046875 -0.113700866699219 0.120010375976563
0.0275230407714844 -0.0615730285644531 -0.02874755859375 0.409393310546875
0.00749397277832031 -0.0181255340576172 -0.18853759765625 0.65008544921875
0.00625610351562503 -0.29559326171875 0.264251708984375 0.523956298828125
-0.0148468017578125 -0.2392578125 0.073394775390625 0.429107666015625
-0.0814971923828125 -0.223388671875 0.0580596923828125 0.277664184570313
-0.160202026367187 -0.171966552734375 0.0355453491210938 0.136802673339844
-0.193496704101562 -0.08099365234375 -0.0602607727050781 -0.0137443542480469
-0.24090576171875 0.02056884765625 -0.310455322265625 0.00222778320312498
-0.238311767578125 0.111251831054688 -0.463043212890625 0.16192626953125
-0.226333618164063 0.08697509765625 -0.48175048828125 0.27630615234375
-0.240463256835938 0.091888427734375 -0.49517822265625 0.285308837890625
-0.268051147460937 0.0307159423828125 -0.48797607421875 0.181671142578125
-0.252960205078125 -0.060821533203125 -0.34332275390625 0.11358642578125
-0.246795654296875 -0.152374267578125 -0.213821411132813 0.0841522216796875
-0.129653930664062 -0.264297485351563 -0.102401733398437 0.155975341796875
-0.0316162109375 -0.300689697265625 -0.0399169921875 0.385833740234375
-0.042938232421875 -0.28497314453125 -0.1776123046875 0.5980224609375
-0.066925048828125 -0.540771484375 0.2257080078125 0.409149169921875
-0.13433837890625 -0.447418212890625 0.026580810546875 0.36712646484375
-0.198028564453125 -0.3548583984375 0.04669189453125 0.303558349609375
-0.273025512695313 -0.274795532226562 0.071258544921875 0.159881591796875
-0.319793701171875 -0.1553955078125 0.00301361083984373 -0.0146408081054688
-0.4217529296875 -0.00601196289062496 -0.23590087890625 -0.0298309326171875
-0.429595947265625 0.136505126953125 -0.3646240234375 0.0856628417968749
-0.414520263671875 0.1136474609375 -0.3714599609375 0.198211669921875
-0.446319580078125 0.1240234375 -0.379638671875 0.229278564453125
-0.471435546875 0.025726318359375 -0.385528564453125 0.169647216796875
-0.424835205078125 -0.126708984375 -0.264251708984375 0.1217041015625
-0.3929443359375 -0.25103759765625 -0.181747436523438 0.101028442382812
-0.228424072265625 -0.40081787109375 -0.097900390625 0.159698486328125
-0.112396240234375 -0.477783203125 -0.0660400390625 0.294036865234375
-0.108001708984375 -0.50103759765625 -0.172637939453125 0.44873046875
-0.1229248046875 -0.7105712890625 0.178451538085938 0.227340698242187
-0.22100830078125 -0.60577392578125 -0.010009765625 0.26287841796875
-0.281707763671875 -0.457733154296875 0.05902099609375 0.3017578125
-0.35211181640625 -0.361053466796875 0.133499145507812 0.159408569335937
-0.408721923828125 -0.2236328125 0.091339111328125 -0.022857666015625
-0.5516357421875 -0.0419006347656249 -0.113388061523438 -0.067596435546875
-0.559051513671875 0.1395263671875 -0.204513549804688 -0.00787353515624996
-0.541046142578125 0.12286376953125 -0.203887939453125 0.0874176025390625
-0.58074951171875 0.1397705078125 -0.213897705078125 0.132415771484375
-0.6016845703125 0.0305786132812501 -0.234222412109375 0.124160766601563
-0.533111572265625 -0.153076171875 -0.16046142578125 0.103591918945312
-0.488311767578125 -0.289825439453125 -0.1448974609375 0.0961761474609375
-0.307952880859375 -0.4595947265625 -0.108863830566406 0.125732421875
-0.19189453125 -0.56964111328125 -0.114715576171875 0.148513793945313
-0.1700439453125 -0.63348388671875 -0.180801391601563 0.235092163085937
-0.153076171875 -0.767822265625 0.132926940917969 -0.000534057617187547
-0.250732421875 -0.6610107421875 -0.029693603515625 0.117660522460937
-0.297210693359375 -0.497161865234375 0.082061767578125 0.256317138671875
-0.36444091796875 -0.40655517578125 0.203781127929687 0.134078979492187
-0.434356689453125 -0.268890380859375 0.191696166992187 -0.0337066650390625
-0.6021728515625 -0.0798339843749999 0.0446014404296875 -0.106193542480469
-0.60772705078125 0.12103271484375 -0.00479888916015628 -0.104476928710937
-0.58526611328125 0.113037109375 -0.00739669799804691 -0.0351676940917969
-0.6256103515625 0.1324462890625 -0.027242660522461 0.0186805725097656
-0.63153076171875 0.0270385742187501 -0.0649185180664063 0.059783935546875
-0.546844482421875 -0.15545654296875 -0.056121826171875 0.0654067993164062
-0.49432373046875 -0.278656005859375 -0.111801147460938 0.0700531005859375
-0.3345947265625 -0.437835693359375 -0.130302429199219 0.0615081787109375
-0.23797607421875 -0.5662841796875 -0.17327880859375 -0.0208435058593751
-0.20709228515625 -0.67230224609375 -0.200180053710938 -0.00675964355468752
-0.1622314453125 -0.69598388671875 0.101760864257813 -0.23651123046875
-0.22906494140625 -0.59185791015625 -0.030242919921875 -0.0527229309082032
-0.24066162109375 -0.4447021484375 0.0936737060546875 0.16961669921875
-0.296844482421875 -0.38568115234375 0.255538940429688 0.094329833984375
-0.37994384765625 -0.274658203125 0.286041259765625 -0.038818359375
-0.55621337890625 -0.107940673828125 0.214126586914062 -0.135971069335938
-0.561309814453125 0.0845642089843751 0.203079223632812 -0.191909790039063
-0.53924560546875 0.0863342285156249 0.187973022460938 -0.151657104492188
-0.57818603515625 0.0943603515625001 0.152252197265625 -0.088226318359375
-0.5596923828125 0.00250244140624988 0.0948257446289062 -0.003326416015625
-0.463134765625 -0.14794921875 0.0290546417236328 0.0251617431640625
-0.40899658203125 -0.2322998046875 -0.0874481201171875 0.0292739868164062
-0.300079345703125 -0.351898193359375 -0.145111083984375 -0.025146484375
-0.2452392578125 -0.483673095703125 -0.215286254882813 -0.187774658203125
-0.21417236328125 -0.6148681640625 -0.220321655273438 -0.237289428710938
-0.15802001953125 -0.50689697265625 0.081146240234375 -0.43988037109375
-0.173126220703125 -0.412811279296875 -0.0184173583984375 -0.21337890625
-0.144744873046875 -0.30810546875 0.0876617431640625 0.0641326904296875
-0.180267333984375 -0.293365478515625 0.2774658203125 0.052276611328125
-0.26092529296875 -0.229537963867188 0.354766845703125 -0.03564453125
-0.421630859375 -0.1142578125 0.36859130859375 -0.159088134765625
-0.429931640625 0.03497314453125 0.385345458984375 -0.262115478515625
-0.415069580078125 0.04571533203125 0.3538818359375 -0.244903564453125
-0.444061279296875 0.040740966796875 0.30023193359375 -0.16680908203125
-0.403839111328125 -0.0284118652343749 0.219268798828125 -0.0439453125
-0.30902099609375 -0.12347412109375 0.0816116333007812 -0.00505065917968751
-0.269332885742188 -0.15679931640625 -0.0713424682617188 -0.0179672241210938
-0.225387573242187 -0.226898193359375 -0.138534545898438 -0.121116638183594
-0.213287353515625 -0.34564208984375 -0.221099853515625 -0.326080322265625
-0.19476318359375 -0.480743408203125 -0.231048583984375 -0.42626953125
-0.137664794921875 -0.239700317382813 0.06884765625 -0.566650390625
-0.104248046875 -0.163070678710937 -0.00256347656250003 -0.32342529296875
-0.0429153442382813 -0.114646911621094 0.073577880859375 -0.0283126831054688
-0.0452880859375 -0.140777587890625 0.276641845703125 0.0166168212890625
-0.10308837890625 -0.136688232421875 0.390106201171875 -0.03546142578125
-0.21697998046875 -0.098052978515625 0.480072021484375 -0.17535400390625
-0.230422973632812 -0.020477294921875 0.509063720703125 -0.307281494140625
-0.229339599609375 -0.00108337402343749 0.46435546875 -0.30084228515625
-0.246902465820313 -0.0183563232421875 0.397247314453125 -0.202880859375
-0.19873046875 -0.0502166748046875 0.29345703125 -0.055633544921875
-0.127548217773438 -0.0787506103515625 0.100517272949219 -0.022491455078125
-0.114509582519531 -0.0631332397460938 -0.0573043823242188 -0.0700874328613281
-0.138458251953125 -0.0878372192382812 -0.103607177734375 -0.212783813476563
-0.164047241210937 -0.177230834960938 -0.187530517578125 -0.421234130859375
-0.1524658203125 -0.285858154296875 -0.2296142578125 -0.55517578125
0.07720947265625 -0.0389175415039063 0.344940185546875 0.54083251953125
0.103096008300781 -0.0376205444335938 0.1788330078125 0.4461669921875
0.0255508422851563 -0.09588623046875 0.119247436523438 0.224472045898437
-0.0467033386230469 -0.0580596923828125 0.0346908569335937 0.0899200439453125
-0.0490150451660156 0.000335693359374993 -0.107551574707031 -0.01239013671875
-0.0280418395996094 0.0390205383300781 -0.344207763671875 0.058624267578125
-0.00957489013671875 0.0659065246582031 -0.477081298828125 0.263641357421875
-0.00169754028320313 0.0492134094238281 -0.495208740234375 0.371429443359375
0.00817108154296874 0.0596771240234375 -0.513671875 0.36492919921875
-0.0227775573730469 0.0603218078613281 -0.513916015625 0.2294921875
-0.0557441711425781 0.0500068664550781 -0.38287353515625 0.133880615234375
-0.0933761596679688 0.00906372070312501 -0.23223876953125 0.0838012695312499
-0.0543441772460937 -0.0692138671875 -0.105812072753906 0.135604858398438
0.021087646484375 -0.0664825439453125 0.013275146484375 0.417938232421875
0.00613117218017578 -0.0174589157104492 -0.1251220703125 0.67608642578125
-0.0245361328125 -0.301788330078125 0.320587158203125 0.5079345703125
-0.03900146484375 -0.240158081054688 0.118499755859375 0.43170166015625
-0.104263305664062 -0.217391967773438 0.08734130859375 0.27630615234375
-0.180084228515625 -0.156463623046875 0.047698974609375 0.134635925292969
-0.204147338867188 -0.061981201171875 -0.0651741027832031 -0.00907516479492189
-0.241622924804687 0.0473785400390625 -0.317413330078125 0.0321044921874999
-0.229766845703125 0.137908935546875 -0.454010009765625 0.210357666015625
-0.22015380859375 0.1131591796875 -0.460205078125 0.3289794921875
-0.233840942382813 0.121002197265625 -0.471282958984375 0.34124755859375
-0.268829345703125 0.059814453125 -0.475250244140625 0.234130859375
-0.264129638671875 -0.0367431640625 -0.336273193359375 0.1500244140625
-0.267898559570313 -0.128021240234375 -0.208328247070313 0.108810424804688
-0.156570434570313 -0.25567626953125 -0.0880126953125 0.170211791992188
-0.06048583984375 -0.303375244140625 0.000488281250000035 0.396453857421875
-0.07220458984375 -0.2840576171875 -0.120849609375 0.623291015625
-0.122344970703125 -0.541656494140625 0.267333984375 0.396148681640625
-0.180145263671875 -0.439361572265625 0.06280517578125 0.371856689453125
-0.235198974609375 -0.339324951171875 0.07769775390625 0.302093505859375
-0.3072509765625 -0.249755859375 0.0856170654296875 0.1544189453125
-0.340972900390625 -0.12384033203125 -0.000767707824707054 -0.0148744583129883
-0.42645263671875 0.0393371582031249 -0.243255615234375 -0.00543212890625005
-0.4189453125 0.18359375 -0.363739013671875 0.123443603515625
-0.4095458984375 0.16082763671875 -0.356109619140625 0.23785400390625
-0.439697265625 0.175567626953125 -0.360382080078125 0.270782470703125
-0.47698974609375 0.0762634277343749 -0.372406005859375 0.213623046875
-0.445098876953125 -0.0847167968750001 -0.255447387695313 0.151565551757813
-0.427001953125 -0.214202880859375 -0.174835205078125 0.123260498046875
-0.267486572265625 -0.385772705078125 -0.0805206298828125 0.172836303710937
-0.15863037109375 -0.476470947265625 -0.036895751953125 0.305572509765625
-0.1607666015625 -0.49932861328125 -0.130859375 0.4710693359375
-0.19573974609375 -0.7088623046875 0.203231811523438 0.2154541015625
-0.281982421875 -0.590576171875 0.014373779296875 0.27008056640625
-0.32794189453125 -0.43548583984375 0.09210205078125 0.29827880859375
-0.393218994140625 -0.33026123046875 0.148239135742188 0.147689819335937
-0.437225341796875 -0.184356689453125 0.0879898071289062 -0.0302200317382813
-0.5599365234375 0.0142517089843751 -0.120620727539063 -0.0548858642578125
-0.54974365234375 0.199798583984375 -0.210174560546875 0.0142059326171875
-0.537322998046875 0.184356689453125 -0.198516845703125 0.1077880859375
-0.57452392578125 0.2073974609375 -0.201934814453125 0.156570434570313
-0.60784912109375 0.0941162109374999 -0.222640991210938 0.152236938476563
-0.558502197265625 -0.1011962890625 -0.15228271484375 0.123703002929687
-0.528106689453125 -0.2449951171875 -0.137489318847656 0.115707397460937
-0.3538818359375 -0.436126708984375 -0.0928344726562501 0.138191223144531
-0.247802734375 -0.560577392578125 -0.100265502929688 0.16217041015625
-0.237548828125 -0.628662109375 -0.161697387695313 0.255233764648437
-0.23333740234375 -0.76214599609375 0.134162902832031 -0.0114517211914063
-0.31927490234375 -0.64306640625 -0.0216751098632813 0.123008728027344
-0.346710205078125 -0.473846435546875 0.110183715820312 0.2496337890625
-0.41156005859375 -0.375335693359375 0.21746826171875 0.114822387695312
-0.466888427734375 -0.231353759765625 0.18988037109375 -0.0499114990234375
-0.61553955078125 -0.02044677734375 0.0360794067382812 -0.106803894042969
-0.60040283203125 0.18511962890625 -0.0179672241210938 -0.103599548339844
-0.58270263671875 0.17919921875 -0.0125045776367188 -0.0358848571777344
-0.6220703125 0.20318603515625 -0.023529052734375 0.0223274230957031
-0.63800048828125 0.0924072265624999 -0.0558319091796876 0.0708236694335938
-0.57244873046875 -0.10394287109375 -0.0496978759765625 0.0760955810546875
-0.533660888671875 -0.2315673828125 -0.106636047363281 0.0865249633789062
-0.377166748046875 -0.4124755859375 -0.119010925292969 0.0736312866210937
-0.295867919921875 -0.553466796875 -0.176910400390625 -0.003509521484375
-0.27850341796875 -0.662353515625 -0.207305908203125 0.0109710693359375
-0.2342529296875 -0.6905517578125 0.078521728515625 -0.2484130859375
-0.28985595703125 -0.57464599609375 -0.0397720336914063 -0.0504570007324219
-0.28570556640625 -0.42779541015625 0.112472534179688 0.158935546875
-0.341217041015625 -0.36248779296875 0.266006469726563 0.0684356689453125
-0.412445068359375 -0.24273681640625 0.285797119140625 -0.063446044921875
-0.57208251953125 -0.05352783203125 0.20599365234375 -0.154617309570313
-0.557098388671875 0.141998291015625 0.18316650390625 -0.2142333984375
-0.53997802734375 0.148834228515625 0.173171997070312 -0.1744384765625
-0.57684326171875 0.15826416015625 0.148361206054687 -0.105819702148437
-0.5672607421875 0.0614013671875 0.0995864868164062 -0.009613037109375
-0.485137939453125 -0.102081298828125 0.0328559875488281 0.0271434783935547
-0.44134521484375 -0.19415283203125 -0.0861358642578125 0.0430450439453125
-0.334320068359375 -0.326507568359375 -0.143661499023438 -0.01416015625
-0.2943115234375 -0.469757080078125 -0.237060546875 -0.169464111328125
-0.2821044921875 -0.605712890625 -0.249038696289063 -0.220321655273438
-0.211212158203125 -0.4989013671875 0.0367431640625 -0.45220947265625
-0.21392822265625 -0.398193359375 -0.04327392578125 -0.216415405273438
-0.173187255859375 -0.29998779296875 0.095733642578125 0.0531158447265625
-0.210693359375 -0.28253173828125 0.28570556640625 0.022857666015625
-0.287628173828125 -0.209686279296875 0.356475830078125 -0.067626953125
-0.439178466796875 -0.0757141113281249 0.359893798828125 -0.19384765625
-0.43048095703125 0.0791015624999999 0.361602783203125 -0.30450439453125
-0.415283203125 0.092559814453125 0.330780029296875 -0.28656005859375
-0.44720458984375 0.0900573730468751 0.289703369140625 -0.199798583984375
-0.413116455078125 0.0138244628906249 0.221298217773438 -0.0648193359375
-0.327117919921875 -0.0956726074218751 0.0838241577148437 -0.008148193359375
-0.28997802734375 -0.13201904296875 -0.0738449096679688 -0.00772094726562502
-0.248001098632813 -0.20635986328125 -0.147842407226563 -0.112045288085938
-0.25054931640625 -0.330810546875 -0.2574462890625 -0.309783935546875
-0.247894287109375 -0.47088623046875 -0.279449462890625 -0.409088134765625
-0.162017822265625 -0.227432250976562 0.01312255859375 -0.5810546875
-0.120529174804688 -0.155548095703125 -0.037017822265625 -0.33074951171875
-0.053070068359375 -0.114326477050781 0.0717239379882813 -0.0379867553710938
-0.0585708618164062 -0.139640808105469 0.280426025390625 -0.0123138427734375
-0.117507934570313 -0.130340576171875 0.39306640625 -0.07220458984375
-0.230621337890625 -0.0797576904296875 0.4691162109375 -0.22332763671875
-0.234222412109375 0.00288391113281249 0.484954833984375 -0.3641357421875
-0.232894897460938 0.0255126953125 0.437347412109375 -0.353515625
-0.25311279296875 0.00915527343750003 0.38446044921875 -0.24658203125
-0.206344604492188 -0.031005859375 0.2952880859375 -0.084075927734375
-0.13629150390625 -0.0681533813476562 0.100021362304687 -0.0288009643554688
-0.122108459472656 -0.0519027709960938 -0.0644454956054688 -0.0618209838867188
-0.14666748046875 -0.0741729736328125 -0.123565673828125 -0.208328247070313
-0.182632446289063 -0.163848876953125 -0.232696533203125 -0.40911865234375
-0.183380126953125 -0.276092529296875 -0.291015625 -0.54132080078125
0.0697212219238281 -0.0447273254394531 0.386962890625 0.49835205078125
0.097381591796875 -0.0476531982421875 0.21832275390625 0.421661376953125
0.0158309936523438 -0.0952606201171875 0.137619018554688 0.210983276367187
-0.0509147644042969 -0.0512123107910156 0.0406417846679687 0.0859832763671875
-0.0474739074707031 0.00557708740234374 -0.108757019042969 -0.00476837158203124
-0.0239601135253906 0.0431938171386719 -0.33477783203125 0.0868835449218751
-0.00368499755859376 0.0667343139648438 -0.44342041015625 0.300201416015625
0.00346755981445313 0.0486907958984375 -0.449432373046875 0.410125732421875
0.0147666931152344 0.0590286254882813 -0.46759033203125 0.403839111328125
-0.016876220703125 0.0620346069335937 -0.48297119140625 0.269805908203125
-0.0509796142578125 0.0545845031738281 -0.3629150390625 0.162841796875
-0.0896148681640625 0.0185089111328125 -0.22003173828125 0.103561401367187
-0.0603141784667969 -0.0625381469726563 -0.093109130859375 0.14508056640625
0.0145034790039063 -0.0666656494140625 0.051910400390625 0.40814208984375
0.00570583343505859 -0.0159397125244141 -0.0603027343750001 0.6712646484375
-0.0528564453125 -0.293060302734375 0.358184814453125 0.466644287109375
-0.0591888427734375 -0.230255126953125 0.1568603515625 0.41265869140625
-0.11920166015625 -0.20263671875 0.109649658203125 0.26312255859375
-0.19036865234375 -0.1357421875 0.0559921264648437 0.127700805664063
-0.205459594726563 -0.04119873046875 -0.0674057006835938 -0.00329971313476563
-0.23065185546875 0.069854736328125 -0.309417724609375 0.0594482421875
-0.21112060546875 0.15740966796875 -0.426605224609375 0.248748779296875
-0.2052001953125 0.133651733398437 -0.418243408203125 0.364349365234375
-0.216888427734375 0.142547607421875 -0.42840576171875 0.3760986328125
-0.25738525390625 0.0836486816406249 -0.44329833984375 0.271728515625
-0.262313842773438 -0.0116424560546875 -0.316925048828125 0.176849365234375
-0.273422241210938 -0.0994720458984375 -0.19378662109375 0.127197265625
-0.174652099609375 -0.237548828125 -0.0699005126953125 0.176895141601562
-0.084381103515625 -0.29425048828125 0.03680419921875 0.389007568359375
-0.0951995849609375 -0.270065307617188 -0.0626831054687501 0.618896484375
-0.170013427734375 -0.51947021484375 0.297515869140625 0.36358642578125
-0.2137451171875 -0.412078857421875 0.095611572265625 0.3594970703125
-0.256011962890625 -0.309478759765625 0.103546142578125 0.28729248046875
-0.322235107421875 -0.21661376953125 0.0942230224609375 0.143997192382813
-0.3436279296875 -0.092376708984375 -0.00362396240234377 -0.0130338668823242
-0.411407470703125 0.0755615234375 -0.238632202148438 0.016693115234375
-0.391143798828125 0.21875 -0.34521484375 0.157012939453125
-0.3856201171875 0.197113037109375 -0.326080322265625 0.265289306640625
-0.41259765625 0.215972900390625 -0.32586669921875 0.297576904296875
-0.46051025390625 0.11932373046875 -0.343902587890625 0.24267578125
-0.445404052734375 -0.043670654296875 -0.236236572265625 0.172225952148437
-0.438751220703125 -0.16998291015625 -0.159332275390625 0.138778686523438
-0.292816162109375 -0.35546875 -0.0600738525390625 0.17578125
-0.19500732421875 -0.4560546875 -0.00659179687500001 0.3028564453125
-0.20166015625 -0.47308349609375 -0.08642578125 0.46978759765625
-0.25604248046875 -0.6763916015625 0.216812133789062 0.194778442382812
-0.32666015625 -0.550689697265625 0.03692626953125 0.263809204101562
-0.35455322265625 -0.3970947265625 0.1160888671875 0.2816162109375
-0.414947509765625 -0.28826904296875 0.154937744140625 0.131179809570312
-0.443023681640625 -0.143585205078125 0.082427978515625 -0.0351181030273438
-0.5428466796875 0.062469482421875 -0.121902465820313 -0.040435791015625
-0.51617431640625 0.244537353515625 -0.206924438476563 0.03436279296875
-0.5076904296875 0.233062744140625 -0.1849365234375 0.122909545898438
-0.541900634765625 0.25860595703125 -0.181442260742187 0.1702880859375
-0.58612060546875 0.1485595703125 -0.20196533203125 0.171585083007812
-0.557647705078125 -0.0503234863281251 -0.136589050292969 0.137847900390625
-0.5404052734375 -0.19024658203125 -0.123092651367188 0.1285400390625
-0.380218505859375 -0.398468017578125 -0.07379150390625 0.141769409179687
-0.28900146484375 -0.530609130859375 -0.081695556640625 0.167984008789062
-0.28790283203125 -0.593017578125 -0.137115478515625 0.262451171875
-0.29791259765625 -0.726318359375 0.129348754882812 -0.0214080810546875
-0.3682861328125 -0.59735107421875 -0.0120620727539063 0.123756408691406
-0.37646484375 -0.433135986328125 0.129104614257812 0.2314453125
-0.434417724609375 -0.33056640625 0.220199584960938 0.09197998046875
-0.475006103515625 -0.185699462890625 0.181411743164062 -0.0631103515625
-0.60064697265625 0.0334472656250001 0.027923583984375 -0.104705810546875
-0.5675048828125 0.23284912109375 -0.0304107666015625 -0.0973358154296875
-0.55218505859375 0.232757568359375 -0.0173263549804688 -0.0354499816894531
-0.58984375 0.2581787109375 -0.018798828125 0.022756576538086
-0.614990234375 0.149658203125 -0.04559326171875 0.0764389038085938
-0.571044921875 -0.05096435546875 -0.0396804809570313 0.0819931030273438
-0.544708251953125 -0.17840576171875 -0.0944976806640625 0.0978775024414062
-0.402557373046875 -0.37200927734375 -0.104324340820313 0.0796585083007813
-0.33526611328125 -0.51947021484375 -0.172271728515625 0.0113525390624999
-0.33392333984375 -0.62506103515625 -0.204086303710938 0.0292205810546875
-0.29180908203125 -0.65380859375 0.053802490234375 -0.248428344726563
-0.333282470703125 -0.535919189453125 -0.0467300415039063 -0.0453453063964844
-0.313720703125 -0.3931884765625 0.124267578125 0.143508911132812
-0.364288330078125 -0.325439453125 0.2645263671875 0.0416107177734375
-0.424713134765625 -0.203857421875 0.273452758789062 -0.0855255126953125
-0.56353759765625 -0.00476074218750012 0.190093994140625 -0.165756225585938
-0.529876708984375 0.187255859375 0.157699584960937 -0.223785400390625
-0.513092041015625 0.196075439453125 0.149810791015625 -0.187484741210938
-0.549652099609375 0.212677001953125 0.13653564453125 -0.117820739746094
-0.549957275390625 0.112396240234375 0.100387573242187 -0.0171127319335937
-0.485687255859375 -0.058837890625 0.0380210876464843 0.0281486511230469
-0.45098876953125 -0.149078369140625 -0.0780868530273438 0.0541000366210937
-0.351409912109375 -0.290618896484375 -0.137420654296875 -0.00466156005859376
-0.32666015625 -0.435882568359375 -0.245986938476563 -0.145278930664063
-0.33221435546875 -0.5675048828125 -0.265609741210938 -0.193435668945313
-0.25054931640625 -0.470123291015625 -0.00503540039062502 -0.443878173828125
-0.24169921875 -0.370208740234375 -0.0648956298828125 -0.2081298828125
-0.191741943359375 -0.279586791992188 0.0981063842773437 0.041534423828125
-0.231491088867188 -0.258682250976563 0.279067993164063 -0.00431823730468752
-0.29986572265625 -0.18365478515625 0.342742919921875 -0.095489501953125
-0.4354248046875 -0.0364990234374999 0.337615966796875 -0.2171630859375
-0.4129638671875 0.114715576171875 0.3231201171875 -0.328857421875
-0.39788818359375 0.1317138671875 0.293609619140625 -0.31011962890625
-0.429901123046875 0.132659912109375 0.266128540039063 -0.22247314453125
-0.40216064453125 0.0513916015625 0.214523315429687 -0.0821533203125
-0.327789306640625 -0.064910888671875 0.084014892578125 -0.0105819702148438
-0.29534912109375 -0.1029052734375 -0.0704879760742188 0.0027923583984375
-0.257003784179688 -0.179275512695312 -0.1507568359375 -0.100601196289062
-0.27239990234375 -0.302886962890625 -0.279891967773438 -0.28106689453125
-0.2861328125 -0.43743896484375 -0.3106689453125 -0.376007080078125
-0.177261352539062 -0.207687377929688 -0.03955078125 -0.5670166015625
-0.128952026367188 -0.140762329101563 -0.0685424804687501 -0.320648193359375
-0.0601577758789063 -0.109161376953125 0.0663261413574219 -0.0448074340820313
-0.0686569213867188 -0.133193969726562 0.272293090820313 -0.0380401611328125
-0.127189636230469 -0.120529174804688 0.37860107421875 -0.10406494140625
-0.235015869140625 -0.0593719482421875 0.441802978515625 -0.25836181640625
-0.2288818359375 0.0231781005859375 0.438507080078125 -0.398345947265625
-0.224258422851562 0.04705810546875 0.392333984375 -0.385040283203125
-0.247528076171875 0.0337371826171875 0.35247802734375 -0.277099609375
-0.205108642578125 -0.012359619140625 0.284759521484375 -0.109344482421875
-0.139122009277344 -0.0568695068359375 0.09765625 -0.0326004028320313
-0.124198913574219 -0.0406723022460938 -0.0667686462402344 -0.0519981384277344
-0.147293090820313 -0.0584716796875 -0.136215209960937 -0.196243286132813
-0.191970825195313 -0.145889282226563 -0.26580810546875 -0.381439208984375
-0.20556640625 -0.253616333007813 -0.332763671875 -0.50274658203125
0.0633392333984375 -0.0468864440917969 0.40203857421875 0.45709228515625
0.0903854370117188 -0.0523223876953125 0.238037109375 0.3934326171875
0.00913238525390625 -0.0914688110351562 0.145187377929688 0.196182250976563
-0.0524101257324219 -0.0454597473144531 0.0424575805664062 0.0826644897460938
-0.0458526611328125 0.0089569091796875 -0.107810974121094 0.00141143798828126
-0.0194053649902344 0.0454330444335938 -0.3206787109375 0.102447509765625
0.00111007690429687 0.0662727355957031 -0.4097900390625 0.316192626953125
0.00705337524414063 0.0484619140625 -0.404327392578125 0.41973876953125
0.0190467834472656 0.0571975708007813 -0.423370361328125 0.41693115234375
-0.011444091796875 0.0619544982910156 -0.44940185546875 0.286865234375
-0.0455131530761719 0.0563774108886719 -0.3404541015625 0.1778564453125
-0.0848388671875 0.0245208740234375 -0.205352783203125 0.112716674804688
-0.0621681213378906 -0.05706787109375 -0.0820465087890625 0.146759033203125
0.0100936889648438 -0.066070556640625 0.073699951171875 0.390106201171875
0.00631237030029297 -0.0146627426147461 -0.0204467773437499 0.648681640625
-0.0700225830078125 -0.278152465820313 0.370849609375 0.43133544921875
-0.0698089599609375 -0.218734741210938 0.175750732421875 0.387939453125
-0.126129150390625 -0.1873779296875 0.120834350585937 0.246826171875
-0.192306518554688 -0.119430541992187 0.0596160888671875 0.122077941894531
-0.199325561523438 -0.0282135009765625 -0.066253662109375 0.00064468383789063
-0.216598510742188 0.080963134765625 -0.297149658203125 0.075042724609375
-0.193008422851562 0.164718627929688 -0.39837646484375 0.26605224609375
-0.18890380859375 0.142196655273437 -0.379364013671875 0.37506103515625
-0.19818115234375 0.151824951171875 -0.388092041015625 0.387542724609375
-0.243072509765625 0.097412109375 -0.411834716796875 0.288055419921875
-0.25469970703125 0.00318908691406247 -0.294830322265625 0.18798828125
-0.268798828125 -0.0794830322265625 -0.178817749023438 0.13531494140625
-0.179946899414062 -0.219528198242188 -0.0558319091796875 0.17449951171875
-0.0970458984375 -0.280807495117188 0.0592041015625 0.3721923828125
-0.106185913085937 -0.25494384765625 -0.02593994140625 0.597900390625
-0.195556640625 -0.48944091796875 0.30694580078125 0.33465576171875
-0.229034423828125 -0.383880615234375 0.113006591796875 0.340301513671875
-0.26263427734375 -0.283538818359375 0.11505126953125 0.270309448242187
-0.32269287109375 -0.19085693359375 0.0960540771484375 0.134994506835938
-0.33544921875 -0.070159912109375 -0.0060396194458008 -0.0110292434692383
-0.389495849609375 0.09588623046875 -0.228897094726563 0.03057861328125
-0.36285400390625 0.233367919921875 -0.325408935546875 0.17279052734375
-0.357879638671875 0.214752197265625 -0.29791259765625 0.274993896484375
-0.38311767578125 0.235076904296875 -0.295013427734375 0.306121826171875
-0.435760498046875 0.14239501953125 -0.314117431640625 0.254974365234375
-0.434722900390625 -0.018157958984375 -0.215896606445313 0.179702758789062
-0.43341064453125 -0.137603759765625 -0.144485473632813 0.14501953125
-0.299072265625 -0.327484130859375 -0.045074462890625 0.171859741210937
-0.2110595703125 -0.432861328125 0.012176513671875 0.29180908203125
-0.219482421875 -0.442901611328125 -0.058441162109375 0.45745849609375
-0.28759765625 -0.63629150390625 0.217788696289062 0.176101684570312
-0.34417724609375 -0.50958251953125 0.0491485595703125 0.252639770507812
-0.359283447265625 -0.364105224609375 0.1265869140625 0.263092041015625
-0.415771484375 -0.254302978515625 0.1536865234375 0.118698120117187
-0.43341064453125 -0.114776611328125 0.0766372680664062 -0.036895751953125
-0.5157470703125 0.0895690917968749 -0.118263244628906 -0.0300750732421875
-0.480865478515625 0.265167236328125 -0.19879150390625 0.0479736328125
-0.4742431640625 0.257110595703125 -0.171783447265625 0.129135131835938
-0.506744384765625 0.28448486328125 -0.163040161132813 0.17449951171875
-0.5565185546875 0.1795654296875 -0.18157958984375 0.1778564453125
-0.542327880859375 -0.016693115234375 -0.121871948242188 0.1422119140625
-0.532958984375 -0.15081787109375 -0.109268188476563 0.133392333984375
-0.384918212890625 -0.3662109375 -0.0588760375976563 0.137107849121094
-0.304962158203125 -0.49945068359375 -0.0675506591796875 0.1658935546875
-0.311859130859375 -0.553680419921875 -0.11920166015625 0.25970458984375
-0.3297119140625 -0.68304443359375 0.121185302734375 -0.02642822265625
-0.387786865234375 -0.554046630859375 -0.00714874267578127 0.120758056640625
-0.382568359375 -0.397552490234375 0.1361083984375 0.214340209960938
-0.43695068359375 -0.29461669921875 0.21343994140625 0.07647705078125
-0.468017578125 -0.15496826171875 0.170883178710937 -0.068572998046875
-0.57354736328125 0.0650024414062499 0.0238189697265625 -0.0997161865234375
-0.5286865234375 0.25640869140625 -0.0364151000976563 -0.0888824462890625
-0.517333984375 0.258331298828125 -0.021474838256836 -0.0325355529785156
-0.55230712890625 0.287567138671875 -0.0163192749023438 0.0210723876953125
-0.58477783203125 0.1802978515625 -0.0359649658203125 0.0768814086914063
-0.55450439453125 -0.0182495117187501 -0.0305633544921875 0.0842514038085938
-0.536102294921875 -0.1396484375 -0.0830459594726563 0.1024169921875
-0.404693603515625 -0.338653564453125 -0.091827392578125 0.0777740478515625
-0.350372314453125 -0.486572265625 -0.164398193359375 0.01959228515625
-0.35833740234375 -0.58258056640625 -0.195953369140625 0.0391387939453124
-0.31927490234375 -0.61444091796875 0.0355072021484375 -0.2398681640625
-0.34857177734375 -0.496612548828125 -0.0510177612304688 -0.0391349792480469
-0.318023681640625 -0.3634033203125 0.125663757324219 0.128997802734375
-0.36871337890625 -0.29547119140625 0.253524780273438 0.02374267578125
-0.42041015625 -0.1766357421875 0.259231567382813 -0.09503173828125
-0.542877197265625 0.0249938964843751 0.177230834960937 -0.167510986328125
-0.497894287109375 0.210052490234375 0.136428833007812 -0.220687866210937
-0.4808349609375 0.22015380859375 0.130401611328125 -0.188201904296875
-0.51556396484375 0.239776611328125 0.124061584472656 -0.12335205078125
-0.52264404296875 0.140899658203125 0.0990676879882812 -0.0217132568359375
-0.471954345703125 -0.030059814453125 0.041259765625 0.0277099609375
-0.44329833984375 -0.1163330078125 -0.0692138671875 0.0587120056152344
-0.350738525390625 -0.261810302734375 -0.127593994140625 -0.00154113769531252
-0.337249755859375 -0.40496826171875 -0.245330810546875 -0.126846313476563
-0.355438232421875 -0.527008056640625 -0.268402099609375 -0.172012329101563
-0.26715087890625 -0.43768310546875 -0.0321350097656251 -0.42578125
-0.25244140625 -0.34307861328125 -0.0785980224609375 -0.194473266601563
-0.196624755859375 -0.260055541992188 0.095703125 0.0322265625
-0.234939575195313 -0.239089965820313 0.265762329101562 -0.021514892578125
-0.29974365234375 -0.16259765625 0.324981689453125 -0.10919189453125
-0.423797607421875 -0.0127258300781251 0.315643310546875 -0.226165771484375
-0.389801025390625 0.132110595703125 0.290069580078125 -0.33209228515625
-0.37359619140625 0.150787353515625 0.26019287109375 -0.31512451171875
-0.4046630859375 0.15472412109375 0.2420654296875 -0.232040405273438
-0.384796142578125 0.071563720703125 0.205123901367187 -0.091552734375
-0.319427490234375 -0.0457763671875 0.0837326049804688 -0.011688232421875
-0.28961181640625 -0.080322265625 -0.0645179748535156 0.00942611694335938
-0.25372314453125 -0.159194946289063 -0.1483154296875 -0.0922088623046875
-0.2784423828125 -0.278396606445313 -0.28564453125 -0.25506591796875
-0.302825927734375 -0.40521240234375 -0.3223876953125 -0.34368896484375
-0.18157958984375 -0.189651489257813 -0.070404052734375 -0.542572021484375
-0.129646301269531 -0.128517150878906 -0.08642578125 -0.30303955078125
-0.062225341796875 -0.104026794433594 0.0606842041015625 -0.0490913391113281
-0.0716705322265625 -0.127288818359375 0.258209228515625 -0.0549774169921875
-0.130043029785156 -0.111846923828125 0.35821533203125 -0.12188720703125
-0.232589721679688 -0.044525146484375 0.412994384765625 -0.27197265625
-0.220108032226563 0.033355712890625 0.3983154296875 -0.40704345703125
-0.2120361328125 0.05877685546875 0.350616455078125 -0.393310546875
-0.236434936523438 0.04827880859375 0.32269287109375 -0.28826904296875
-0.198318481445313 -0.000717163085937507 0.270538330078125 -0.121124267578125
-0.13677978515625 -0.0478973388671875 0.09527587890625 -0.0332489013671875
-0.120193481445313 -0.0316848754882812 -0.0640029907226563 -0.0439643859863281
-0.14239501953125 -0.0487518310546875 -0.141494750976563 -0.184707641601562
-0.192733764648437 -0.129837036132813 -0.27740478515625 -0.352325439453125
-0.21405029296875 -0.231353759765625 -0.350433349609375 -0.465087890625
0.0589942932128906 -0.0465202331542969 0.404449462890625 0.43634033203125
0.0865859985351563 -0.0541000366210938 0.243896484375 0.375640869140625
0.0057525634765625 -0.0888595581054688 0.14703369140625 0.187973022460938
-0.0526885986328125 -0.0418014526367188 0.0435104370117188 0.0825347900390625
-0.044403076171875 0.0109062194824219 -0.106048583984375 0.00434875488281248
-0.0178756713867188 0.0459365844726563 -0.313720703125 0.107879638671875
0.00453948974609375 0.0660057067871094 -0.3917236328125 0.319122314453125
0.00949096679687499 0.0478363037109375 -0.38055419921875 0.41912841796875
0.0218315124511719 0.0571479797363281 -0.40087890625 0.41558837890625
-0.00939941406249999 0.0615577697753906 -0.430694580078125 0.292266845703125
-0.0431175231933594 0.056488037109375 -0.329498291015625 0.180908203125
-0.0809402465820313 0.027587890625 -0.196929931640625 0.115737915039063
-0.0622367858886719 -0.0536613464355469 -0.07659912109375 0.147674560546875
0.00842285156249999 -0.0653305053710938 0.08282470703125 0.37884521484375
0.00822353363037109 -0.0141830444335938 -0.00463867187500003 0.63104248046875
-0.0774688720703125 -0.269363403320313 0.37176513671875 0.410736083984375
-0.0736236572265625 -0.2120361328125 0.182525634765625 0.372100830078125
-0.126663208007813 -0.179916381835938 0.122833251953125 0.237808227539063
-0.191513061523438 -0.11126708984375 0.0594635009765625 0.120353698730469
-0.195297241210938 -0.02288818359375 -0.0653114318847657 0.00332641601562499
-0.20794677734375 0.084991455078125 -0.2900390625 0.0809020996093751
-0.182205200195313 0.166275024414062 -0.3812255859375 0.2708740234375
-0.179153442382812 0.145065307617188 -0.358978271484375 0.3748779296875
-0.188262939453125 0.15521240234375 -0.36663818359375 0.38751220703125
-0.234664916992187 0.102874755859375 -0.392822265625 0.291778564453125
-0.249465942382813 0.00946044921875 -0.282745361328125 0.190643310546875
-0.263992309570312 -0.0692901611328125 -0.170486450195313 0.137115478515625
-0.1795654296875 -0.211807250976563 -0.0496978759765625 0.171981811523438
-0.100082397460937 -0.274520874023437 0.0670166015625 0.36163330078125
-0.107376098632813 -0.245574951171875 -0.01165771484375 0.58221435546875
-0.20489501953125 -0.471527099609375 0.30535888671875 0.3201904296875
-0.23126220703125 -0.368499755859375 0.1187744140625 0.33038330078125
-0.258804321289063 -0.273147583007812 0.116592407226562 0.260360717773438
-0.32012939453125 -0.177001953125 0.0951080322265625 0.131736755371094
-0.328704833984375 -0.0615234375 -0.00513553619384767 -0.00930023193359375
-0.375518798828125 0.101898193359375 -0.222702026367188 0.0352935791015625
-0.3458251953125 0.23797607421875 -0.3135986328125 0.178863525390625
-0.342376708984375 0.222564697265625 -0.283111572265625 0.274627685546875
-0.36700439453125 0.241790771484375 -0.278350830078125 0.3043212890625
-0.421295166015625 0.15264892578125 -0.298553466796875 0.25811767578125
-0.42462158203125 -0.00701904296875 -0.20587158203125 0.181640625
-0.425689697265625 -0.12225341796875 -0.134872436523438 0.146469116210938
-0.297393798828125 -0.3165283203125 -0.0377044677734375 0.166366577148437
-0.214202880859375 -0.42083740234375 0.019866943359375 0.284271240234375
-0.22314453125 -0.427276611328125 -0.0477294921875 0.44598388671875
-0.2974853515625 -0.61065673828125 0.215286254882812 0.16900634765625
-0.347320556640625 -0.488555908203125 0.0522613525390625 0.24609375
-0.355865478515625 -0.3487548828125 0.127777099609375 0.252197265625
-0.412384033203125 -0.2391357421875 0.14996337890625 0.114089965820312
-0.425445556640625 -0.1041259765625 0.0748443603515625 -0.0357131958007813
-0.50048828125 0.09716796875 -0.114593505859375 -0.02508544921875
-0.461181640625 0.268768310546875 -0.193954467773438 0.05523681640625
-0.454315185546875 0.265411376953125 -0.16546630859375 0.130752563476563
-0.485321044921875 0.29351806640625 -0.154708862304688 0.172607421875
-0.537811279296875 0.1898193359375 -0.170135498046875 0.17901611328125
-0.531402587890625 -0.00323486328125003 -0.113250732421875 0.14312744140625
-0.523406982421875 -0.134246826171875 -0.100715637207031 0.134223937988281
-0.38037109375 -0.35040283203125 -0.0509567260742188 0.131118774414062
-0.30975341796875 -0.485992431640625 -0.0608062744140625 0.162490844726562
-0.31640625 -0.53271484375 -0.111862182617188 0.255294799804687
-0.34112548828125 -0.65753173828125 0.115623474121094 -0.0254135131835938
-0.38958740234375 -0.530364990234375 -0.00659179687500002 0.1190185546875
-0.377532958984375 -0.3822021484375 0.13604736328125 0.205276489257812
-0.434173583984375 -0.279693603515625 0.207321166992187 0.069610595703125
-0.460205078125 -0.14324951171875 0.165817260742187 -0.069244384765625
-0.55841064453125 0.0752258300781249 0.0230865478515625 -0.0958480834960938
-0.509429931640625 0.260955810546875 -0.0388259887695313 -0.0823822021484375
-0.496063232421875 0.26702880859375 -0.0237255096435547 -0.0305957794189453
-0.529083251953125 0.29815673828125 -0.0168437957763672 0.0194168090820313
-0.5662841796875 0.19268798828125 -0.0302352905273438 0.0760726928710938
-0.5435791015625 -0.00393676757812505 -0.02520751953125 0.0848464965820313
-0.52716064453125 -0.121429443359375 -0.0757064819335938 0.103500366210938
-0.39862060546875 -0.323516845703125 -0.0837783813476563 0.0732040405273437
-0.352874755859375 -0.46875 -0.1597900390625 0.02239990234375
-0.36431884765625 -0.55926513671875 -0.19268798828125 0.0417327880859375
-0.32952880859375 -0.59088134765625 0.0279541015625 -0.232803344726563
-0.351593017578125 -0.474517822265625 -0.0535316467285156 -0.0345230102539063
-0.315704345703125 -0.351287841796875 0.124519348144531 0.122200012207031
-0.366180419921875 -0.28277587890625 0.244491577148437 0.016876220703125
-0.414337158203125 -0.1666259765625 0.250579833984375 -0.0973052978515625
-0.5291748046875 0.0351562499999999 0.171401977539062 -0.165756225585937
-0.479278564453125 0.2149658203125 0.127182006835937 -0.216262817382812
-0.461822509765625 0.22900390625 0.1201171875 -0.184967041015625
-0.496826171875 0.248504638671875 0.117393493652344 -0.124992370605469
-0.5059814453125 0.15045166015625 0.0988388061523437 -0.0240478515625
-0.461334228515625 -0.01885986328125 0.0448722839355469 0.0278701782226563
-0.434326171875 -0.10137939453125 -0.062225341796875 0.0609855651855469
-0.3460693359375 -0.250732421875 -0.122001647949219 -0.00390625000000003
-0.339813232421875 -0.390716552734375 -0.242721557617188 -0.118133544921875
-0.36016845703125 -0.505035400390625 -0.268280029296875 -0.160659790039063
-0.27239990234375 -0.419647216796875 -0.04022216796875 -0.41107177734375
-0.2530517578125 -0.3289794921875 -0.0832061767578125 -0.185516357421875
-0.195541381835937 -0.252670288085938 0.0927886962890625 0.028594970703125
-0.233642578125 -0.232131958007812 0.254974365234375 -0.0291595458984375
-0.29730224609375 -0.156585693359375 0.314178466796875 -0.1134033203125
-0.415802001953125 -0.00384521484374992 0.304595947265625 -0.227294921875
-0.378021240234375 0.136383056640625 0.273956298828125 -0.3282470703125
-0.359771728515625 0.15716552734375 0.24298095703125 -0.31048583984375
-0.390380859375 0.1624755859375 0.228195190429687 -0.2333984375
-0.37335205078125 0.08013916015625 0.2005615234375 -0.0940704345703125
-0.312896728515625 -0.03826904296875 0.0856857299804687 -0.0116348266601562
-0.28509521484375 -0.0718994140625 -0.0602798461914063 0.0123443603515625
-0.24871826171875 -0.151718139648438 -0.14471435546875 -0.0928192138671875
-0.27947998046875 -0.266860961914063 -0.285247802734375 -0.24114990234375
-0.306884765625 -0.387939453125 -0.32525634765625 -0.32781982421875
-0.179977416992188 -0.180267333984375 -0.0805664062500001 -0.524261474609375
-0.128082275390625 -0.123336791992187 -0.0927734375 -0.29248046875
-0.061676025390625 -0.102447509765625 0.0574531555175781 -0.0500221252441406
-0.072509765625 -0.126190185546875 0.247222900390625 -0.061248779296875
-0.131507873535156 -0.109237670898437 0.34686279296875 -0.12579345703125
-0.231231689453125 -0.03802490234375 0.396728515625 -0.274261474609375
-0.214645385742187 0.037017822265625 0.37762451171875 -0.404998779296875
-0.204208374023438 0.0627288818359375 0.33001708984375 -0.38818359375
-0.229507446289063 0.053924560546875 0.30560302734375 -0.28826904296875
-0.194473266601563 0.00445556640625 0.262664794921875 -0.125732421875
-0.134361267089844 -0.0454177856445313 0.0961227416992187 -0.0334701538085938
-0.117752075195313 -0.027923583984375 -0.0612945556640625 -0.0408287048339844
-0.137741088867188 -0.0446243286132812 -0.140945434570312 -0.180465698242188
-0.191070556640625 -0.122940063476563 -0.280517578125 -0.336151123046875
-0.214523315429688 -0.219131469726562 -0.354095458984375 -0.44573974609375
0.0584335327148438 -0.0452766418457031 0.41229248046875 0.431304931640625
0.0856246948242187 -0.0570297241210937 0.250152587890625 0.371185302734375
0.00485992431640626 -0.0890960693359375 0.14959716796875 0.187515258789063
-0.0540809631347656 -0.0400581359863281 0.0457382202148438 0.085479736328125
-0.0446395874023438 0.0128631591796875 -0.107170104980469 0.00551605224609377
-0.0158195495605469 0.0481834411621094 -0.317626953125 0.113037109375
0.00690841674804688 0.0676612854003906 -0.390838623046875 0.3260498046875
0.0115089416503906 0.0482215881347656 -0.3741455078125 0.423370361328125
0.024749755859375 0.0574150085449219 -0.39501953125 0.4207763671875
-0.00753402709960938 0.063446044921875 -0.429107666015625 0.298065185546875
-0.0430526733398437 0.0580673217773438 -0.32806396484375 0.1864013671875
-0.079925537109375 0.0289382934570312 -0.195663452148438 0.119415283203125
-0.0631752014160156 -0.0531120300292969 -0.0760955810546875 0.151580810546875
0.0082855224609375 -0.0677070617675781 0.088714599609375 0.380706787109375
0.00968265533447266 -0.0139293670654297 0.00384521484375005 0.63531494140625
-0.0822906494140625 -0.26629638671875 0.377777099609375 0.4080810546875
-0.0766143798828125 -0.212020874023438 0.186737060546875 0.37078857421875
-0.127761840820313 -0.1802978515625 0.125411987304688 0.237808227539062
-0.194473266601563 -0.10791015625 0.0611190795898438 0.124107360839844
-0.197418212890625 -0.0208740234375 -0.0662269592285156 0.0048370361328125
-0.206695556640625 0.087799072265625 -0.29241943359375 0.08612060546875
-0.179580688476563 0.170120239257813 -0.379913330078125 0.27996826171875
-0.177383422851563 0.150161743164063 -0.354248046875 0.380096435546875
-0.18548583984375 0.159698486328125 -0.362091064453125 0.3931884765625
-0.233871459960938 0.108001708984375 -0.3897705078125 0.298980712890625
-0.252395629882813 0.0131072998046875 -0.282318115234375 0.196258544921875
-0.266342163085938 -0.0659179687500001 -0.168182373046875 0.1412353515625
-0.182266235351562 -0.21307373046875 -0.047576904296875 0.173263549804688
-0.102767944335938 -0.277496337890625 0.073699951171875 0.36370849609375
-0.109405517578125 -0.245590209960938 -0.0059814453125 0.58648681640625
-0.212921142578125 -0.46856689453125 0.3094482421875 0.31951904296875
-0.236663818359375 -0.367889404296875 0.119476318359375 0.329681396484375
-0.2613525390625 -0.273788452148438 0.119613647460937 0.260101318359375
-0.325592041015625 -0.17352294921875 0.0958938598632812 0.134506225585938
-0.332427978515625 -0.0592956542968749 -0.00441360473632815 -0.00816154479980469
-0.37677001953125 0.105438232421875 -0.22406005859375 0.0397491455078125
-0.342987060546875 0.242431640625 -0.313079833984375 0.186309814453125
-0.3409423828125 0.22918701171875 -0.280166625976562 0.277786254882813
-0.363433837890625 0.2490234375 -0.275177001953125 0.308441162109375
-0.421630859375 0.15985107421875 -0.29339599609375 0.262786865234375
-0.43023681640625 -0.000946044921874964 -0.202590942382812 0.186782836914063
-0.43133544921875 -0.11737060546875 -0.1324462890625 0.150253295898437
-0.299835205078125 -0.318572998046875 -0.03466796875 0.165267944335937
-0.220123291015625 -0.425506591796875 0.0245361328125 0.285919189453125
-0.227935791015625 -0.426605224609375 -0.04400634765625 0.448822021484375
-0.3089599609375 -0.608642578125 0.216278076171875 0.169387817382812
-0.354461669921875 -0.48614501953125 0.053314208984375 0.246414184570313
-0.3594970703125 -0.350372314453125 0.129287719726563 0.25250244140625
-0.41900634765625 -0.234527587890625 0.149948120117187 0.115280151367187
-0.429718017578125 -0.103515625 0.0763015747070312 -0.0351791381835938
-0.501983642578125 0.101776123046875 -0.113929748535156 -0.023468017578125
-0.45880126953125 0.27484130859375 -0.194320678710938 0.0615234375
-0.452392578125 0.27349853515625 -0.164566040039063 0.1331787109375
-0.48199462890625 0.303741455078125 -0.153274536132813 0.174041748046875
-0.5382080078125 0.200775146484375 -0.165359497070313 0.181655883789063
-0.536102294921875 0.00335693359375009 -0.109909057617188 0.146392822265625
-0.530303955078125 -0.127532958984375 -0.0972290039062501 0.1378173828125
-0.3843994140625 -0.353759765625 -0.0474624633789063 0.127685546875
-0.316680908203125 -0.490447998046875 -0.0584869384765625 0.164459228515625
-0.323699951171875 -0.531829833984375 -0.11151123046875 0.258804321289062
-0.3521728515625 -0.654052734375 0.114974975585937 -0.0245208740234375
-0.39892578125 -0.5283203125 -0.00810241699218753 0.121429443359375
-0.381011962890625 -0.384246826171875 0.137161254882812 0.203857421875
-0.44122314453125 -0.2784423828125 0.205596923828125 0.069000244140625
-0.466522216796875 -0.142730712890625 0.167572021484375 -0.0693817138671875
-0.560821533203125 0.0786743164062499 0.0240020751953125 -0.09600830078125
-0.50897216796875 0.265655517578125 -0.0409011840820313 -0.0789718627929687
-0.494140625 0.277099609375 -0.025381088256836 -0.0299491882324219
-0.528289794921875 0.309326171875 -0.0176868438720703 0.0184726715087891
-0.56591796875 0.2021484375 -0.0252685546875 0.0767288208007813
-0.549163818359375 0.00167846679687505 -0.020599365234375 0.0869674682617188
-0.532379150390625 -0.115814208984375 -0.0710678100585938 0.10601806640625
-0.4039306640625 -0.325408935546875 -0.0818634033203125 0.0690460205078125
-0.36273193359375 -0.473968505859375 -0.160430908203125 0.02484130859375
-0.372833251953125 -0.556732177734375 -0.195281982421875 0.044708251953125
-0.3388671875 -0.58917236328125 0.024078369140625 -0.230789184570313
-0.358184814453125 -0.47308349609375 -0.0569076538085938 -0.0333442687988282
-0.31787109375 -0.353240966796875 0.125076293945312 0.121292114257812
-0.37188720703125 -0.282501220703125 0.242416381835937 0.01361083984375
-0.421295166015625 -0.166839599609375 0.2515869140625 -0.0985107421875
-0.534393310546875 0.039886474609375 0.173080444335937 -0.16705322265625
-0.47955322265625 0.219482421875 0.12451171875 -0.215866088867188
-0.461395263671875 0.23809814453125 0.115234375 -0.185928344726562
-0.4951171875 0.259002685546875 0.1142578125 -0.127052307128906
-0.506988525390625 0.15850830078125 0.103561401367187 -0.0257415771484375
-0.467529296875 -0.0150146484375 0.0495452880859375 0.0284385681152344
-0.440582275390625 -0.09490966796875 -0.0589828491210938 0.0633010864257813
-0.347900390625 -0.251068115234375 -0.120857238769531 -0.00887298583984374
-0.34674072265625 -0.392578125 -0.246963500976563 -0.116363525390625
-0.368560791015625 -0.50238037109375 -0.274444580078125 -0.15789794921875
-0.279205322265625 -0.419097900390625 -0.04620361328125 -0.40875244140625
-0.25689697265625 -0.3267822265625 -0.0870819091796875 -0.18524169921875
-0.197906494140625 -0.255569458007813 0.0919952392578125 0.0273056030273437
-0.239013671875 -0.233428955078125 0.250732421875 -0.032928466796875
-0.304656982421875 -0.157501220703125 0.313323974609375 -0.116180419921875
-0.421783447265625 0.00189208984375008 0.3048095703125 -0.23077392578125
-0.37896728515625 0.139617919921875 0.27044677734375 -0.33154296875
-0.35833740234375 0.163848876953125 0.23895263671875 -0.313751220703125
-0.390777587890625 0.1710205078125 0.224197387695312 -0.235519409179688
-0.374176025390625 0.0856628417968749 0.203094482421875 -0.0973663330078125
-0.31585693359375 -0.0367431640625 0.0895767211914062 -0.01220703125
-0.287353515625 -0.068084716796875 -0.0571670532226563 0.0137519836425781
-0.249588012695313 -0.151443481445313 -0.145599365234375 -0.095855712890625
-0.2847900390625 -0.267730712890625 -0.29180908203125 -0.238128662109375
-0.314849853515625 -0.383148193359375 -0.332763671875 -0.32489013671875
-0.18310546875 -0.179229736328125 -0.0850830078125 -0.523956298828125
-0.129112243652344 -0.123184204101563 -0.097442626953125 -0.292633056640625
-0.0627365112304687 -0.10498046875 0.0559234619140625 -0.0517196655273438
-0.0760955810546875 -0.129875183105469 0.242706298828125 -0.066619873046875
-0.135101318359375 -0.111183166503906 0.34429931640625 -0.128753662109375
-0.235504150390625 -0.0351409912109375 0.396759033203125 -0.279296875
-0.216751098632813 0.0384521484375 0.37432861328125 -0.41107177734375
-0.204666137695313 0.0644073486328125 0.325347900390625 -0.392730712890625
-0.230316162109375 0.0584869384765625 0.302276611328125 -0.29388427734375
-0.1966552734375 0.00689697265625 0.26409912109375 -0.130859375
-0.135879516601563 -0.045745849609375 0.100006103515625 -0.0339584350585938
-0.118598937988281 -0.0269775390625 -0.0599899291992187 -0.0396308898925781
-0.138206481933594 -0.0439834594726563 -0.14324951171875 -0.183547973632813
-0.194046020507812 -0.12286376953125 -0.28668212890625 -0.333892822265625
-0.220428466796875 -0.217132568359375 -0.36285400390625 -0.443206787109375
0.0594253540039062 -0.0465888977050781 0.434356689453125 0.433380126953125
0.0862274169921875 -0.061492919921875 0.267303466796875 0.3751220703125
0.0019378662109375 -0.0923080444335938 0.158462524414063 0.190185546875
-0.0567512512207031 -0.0383338928222656 0.0511322021484375 0.0897293090820313
-0.04522705078125 0.014617919921875 -0.111381530761719 0.00817108154296876
-0.0140876770019531 0.0499687194824219 -0.329071044921875 0.12579345703125
0.0110206604003906 0.0702285766601563 -0.39404296875 0.3475341796875
0.0148658752441406 0.0506439208984375 -0.373870849609375 0.443450927734375
0.0289382934570313 0.0593833923339844 -0.397003173828125 0.44122314453125
-0.0048675537109375 0.0667915344238281 -0.436187744140625 0.316619873046875
-0.0432472229003906 0.0619850158691406 -0.332733154296875 0.20025634765625
-0.0811538696289063 0.0326461791992187 -0.198257446289063 0.128814697265625
-0.0665016174316406 -0.0539016723632813 -0.0758819580078125 0.160430908203125
0.0064239501953125 -0.072296142578125 0.1036376953125 0.389312744140625
0.011937141418457 -0.0157079696655273 0.0200195312500001 0.654052734375
-0.09130859375 -0.271011352539063 0.398284912109375 0.412445068359375
-0.0849151611328125 -0.2176513671875 0.199981689453125 0.376922607421875
-0.135833740234375 -0.1846923828125 0.135498046875 0.242904663085938
-0.203948974609375 -0.106277465820313 0.0680618286132812 0.129844665527344
-0.20416259765625 -0.0176544189453125 -0.0669097900390625 0.006011962890625
-0.211578369140625 0.0957183837890625 -0.302520751953125 0.09747314453125
-0.179168701171875 0.180633544921875 -0.385406494140625 0.300537109375
-0.177703857421875 0.1605224609375 -0.355255126953125 0.398162841796875
-0.186050415039063 0.170166015625 -0.362518310546875 0.411590576171875
-0.237533569335938 0.1181640625 -0.394012451171875 0.317840576171875
-0.26104736328125 0.0202484130859375 -0.28546142578125 0.209930419921875
-0.276947021484375 -0.0614013671875 -0.16900634765625 0.15106201171875
-0.192184448242188 -0.21771240234375 -0.043609619140625 0.180191040039063
-0.11297607421875 -0.288604736328125 0.0870361328125 0.373626708984375
-0.117507934570313 -0.251937866210938 0.00775146484374995 0.60321044921875
-0.231964111328125 -0.475982666015625 0.324432373046875 0.3236083984375
-0.253631591796875 -0.3748779296875 0.130462646484375 0.336181640625
-0.27423095703125 -0.279632568359375 0.12811279296875 0.2667236328125
-0.341217041015625 -0.17144775390625 0.102729797363281 0.13995361328125
-0.345703125 -0.0541992187499999 -0.00378322601318362 -0.00906848907470703
-0.386444091796875 0.116912841796875 -0.231231689453125 0.0478057861328125
-0.346893310546875 0.256744384765625 -0.318572998046875 0.20318603515625
-0.344451904296875 0.247039794921875 -0.281280517578125 0.293212890625
-0.36767578125 0.269378662109375 -0.27593994140625 0.32171630859375
-0.430999755859375 0.177490234375 -0.295166015625 0.27691650390625
-0.446441650390625 0.00955200195312503 -0.204483032226563 0.19854736328125
-0.449493408203125 -0.111419677734375 -0.130523681640625 0.159835815429688
-0.31787109375 -0.326141357421875 -0.030242919921875 0.169189453125
-0.239044189453125 -0.4384765625 0.034149169921875 0.29400634765625
-0.245574951171875 -0.4349365234375 -0.034942626953125 0.46514892578125
-0.33245849609375 -0.617431640625 0.226882934570312 0.172882080078125
-0.378997802734375 -0.494781494140625 0.05743408203125 0.2548828125
-0.377105712890625 -0.35748291015625 0.138702392578125 0.257919311523438
-0.439117431640625 -0.233489990234375 0.156539916992187 0.118072509765625
-0.4495849609375 -0.0969848632812501 0.0801162719726562 -0.0383224487304688
-0.51617431640625 0.114898681640625 -0.117439270019531 -0.020751953125
-0.466033935546875 0.29315185546875 -0.199050903320313 0.0709686279296875
-0.45819091796875 0.297393798828125 -0.167556762695313 0.141525268554688
-0.489959716796875 0.3277587890625 -0.155181884765625 0.181411743164063
-0.550262451171875 0.222015380859375 -0.16314697265625 0.190170288085938
-0.55865478515625 0.0158691406250001 -0.106887817382813 0.154571533203125
-0.55267333984375 -0.1173095703125 -0.0937957763671875 0.14617919921875
-0.405426025390625 -0.361297607421875 -0.0454635620117188 0.128776550292969
-0.339691162109375 -0.503082275390625 -0.0553741455078125 0.170745849609375
-0.347198486328125 -0.54052734375 -0.110595703125 0.270919799804687
-0.38055419921875 -0.66485595703125 0.117706298828125 -0.0241241455078125
-0.42510986328125 -0.536712646484375 -0.00949096679687503 0.126625061035156
-0.401824951171875 -0.390594482421875 0.145858764648438 0.207443237304687
-0.46441650390625 -0.27813720703125 0.210800170898437 0.0679779052734375
-0.48828125 -0.139190673828125 0.173141479492187 -0.0762786865234375
-0.57867431640625 0.0927124023437501 0.0254058837890625 -0.09954833984375
-0.5198974609375 0.28533935546875 -0.0441741943359375 -0.077789306640625
-0.503173828125 0.29986572265625 -0.0289630889892578 -0.0286521911621094
-0.535308837890625 0.3350830078125 -0.0197925567626953 0.019622802734375
-0.580322265625 0.22381591796875 -0.02117919921875 0.0772247314453125
-0.569091796875 0.0148925781249999 -0.0161590576171875 0.0902099609375
-0.554931640625 -0.1053466796875 -0.0684890747070313 0.112411499023438
-0.42236328125 -0.331512451171875 -0.0820388793945313 0.0668869018554687
-0.3865966796875 -0.483795166015625 -0.16497802734375 0.030029296875
-0.39996337890625 -0.56414794921875 -0.20428466796875 0.0526885986328125
-0.36572265625 -0.59771728515625 0.0184783935546875 -0.235305786132813
-0.381805419921875 -0.480560302734375 -0.0621070861816406 -0.0311164855957032
-0.3350830078125 -0.360595703125 0.131134033203125 0.122833251953125
-0.39251708984375 -0.285797119140625 0.246780395507813 0.0100860595703125
-0.44317626953125 -0.1646728515625 0.258499145507813 -0.107009887695313
-0.55328369140625 0.0522460937500001 0.176116943359375 -0.17608642578125
-0.492706298828125 0.23541259765625 0.122787475585937 -0.2232666015625
-0.468963623046875 0.2568359375 0.112701416015625 -0.192825317382812
-0.504302978515625 0.281585693359375 0.112419128417969 -0.13348388671875
-0.520904541015625 0.17645263671875 0.10931396484375 -0.0308990478515625
-0.48333740234375 -0.00540161132812497 0.0552558898925781 0.0285110473632812
-0.45745849609375 -0.086761474609375 -0.0571136474609375 0.0678901672363281
-0.36358642578125 -0.2552490234375 -0.125579833984375 -0.0123367309570313
-0.37017822265625 -0.39886474609375 -0.258407592773438 -0.11376953125
-0.395721435546875 -0.507904052734375 -0.291412353515625 -0.153839111328125
-0.2987060546875 -0.423858642578125 -0.0561218261718751 -0.419586181640625
-0.274078369140625 -0.332763671875 -0.0966339111328125 -0.188095092773438
-0.20751953125 -0.263137817382813 0.095672607421875 0.0263442993164062
-0.254226684570313 -0.238937377929688 0.254791259765625 -0.03961181640625
-0.32073974609375 -0.15887451171875 0.3218994140625 -0.1268310546875
-0.438385009765625 0.010772705078125 0.311737060546875 -0.24462890625
-0.390777587890625 0.152587890625 0.270599365234375 -0.3472900390625
-0.3663330078125 0.176605224609375 0.23699951171875 -0.32763671875
-0.39764404296875 0.187042236328125 0.225494384765625 -0.248260498046875
-0.3846435546875 0.0960693359375 0.210052490234375 -0.107162475585938
-0.328216552734375 -0.03179931640625 0.0957870483398437 -0.0146331787109375
-0.298553466796875 -0.0625610351562499 -0.056121826171875 0.0154571533203125
-0.260543823242188 -0.151931762695312 -0.153366088867188 -0.100784301757812
-0.30291748046875 -0.27130126953125 -0.3084716796875 -0.239410400390625
-0.336395263671875 -0.38702392578125 -0.35443115234375 -0.3258056640625
-0.193206787109375 -0.179672241210938 -0.09893798828125 -0.53570556640625
-0.136810302734375 -0.126113891601563 -0.107757568359375 -0.3004150390625
-0.065765380859375 -0.109283447265625 0.055755615234375 -0.0556755065917969
-0.0824737548828125 -0.136337280273437 0.24432373046875 -0.0752716064453125
-0.145065307617188 -0.113616943359375 0.351959228515625 -0.1392822265625
-0.246475219726563 -0.029937744140625 0.40374755859375 -0.297271728515625
-0.225296020507813 0.044891357421875 0.37725830078125 -0.432952880859375
-0.209503173828125 0.07122802734375 0.3245849609375 -0.409393310546875
-0.236221313476563 0.0665130615234375 0.304443359375 -0.308013916015625
-0.2039794921875 0.011016845703125 0.270736694335938 -0.142013549804688
-0.141921997070312 -0.04644775390625 0.105476379394531 -0.0380401611328125
-0.122650146484375 -0.0250473022460938 -0.0606842041015625 -0.0398483276367188
-0.143646240234375 -0.043060302734375 -0.1529541015625 -0.189895629882812
-0.204498291015625 -0.122390747070313 -0.306884765625 -0.337982177734375
-0.232192993164062 -0.217391967773438 -0.38763427734375 -0.447906494140625
0.0605430603027344 -0.0496406555175781 0.475067138671875 0.42596435546875
0.0862960815429688 -0.0711212158203125 0.296630859375 0.374267578125
-0.0037689208984375 -0.0966415405273438 0.17510986328125 0.18914794921875
-0.0614242553710938 -0.03607177734375 0.0596923828125 0.0927505493164062
-0.0462265014648438 0.0169715881347656 -0.116172790527344 0.014495849609375
-0.0118141174316406 0.05322265625 -0.338348388671875 0.152435302734375
0.0172500610351563 0.071868896484375 -0.390960693359375 0.384124755859375
0.01995849609375 0.0525169372558594 -0.363433837890625 0.4791259765625
0.0357704162597656 0.0603103637695313 -0.38922119140625 0.47747802734375
-0.000846862792968754 0.07080078125 -0.435394287109375 0.35284423828125
-0.0427284240722656 0.0672149658203125 -0.33575439453125 0.225921630859375
-0.0823822021484375 0.0388259887695312 -0.197372436523438 0.145172119140625
-0.0718154907226563 -0.0541610717773437 -0.06854248046875 0.17364501953125
0.00262451171875 -0.0783615112304688 0.130279541015625 0.4002685546875
0.012547492980957 -0.0172090530395508 0.05926513671875 0.67828369140625
-0.109848022460937 -0.275253295898438 0.43670654296875 0.4097900390625
-0.101104736328125 -0.221954345703125 0.22705078125 0.380859375
-0.151809692382813 -0.186920166015625 0.154251098632813 0.244537353515625
-0.220245361328125 -0.0985565185546875 0.0801620483398437 0.133865356445313
-0.215087890625 -0.00724792480468746 -0.0693855285644531 0.00981140136718749
-0.214920043945313 0.111373901367188 -0.311309814453125 0.122039794921875
-0.175521850585938 0.196487426757812 -0.383392333984375 0.33502197265625
-0.174636840820313 0.177276611328125 -0.346343994140625 0.4310302734375
-0.181442260742187 0.188812255859375 -0.355987548828125 0.445892333984375
-0.240753173828125 0.137847900390625 -0.39080810546875 0.350921630859375
-0.272750854492188 0.0348358154296876 -0.2833251953125 0.23321533203125
-0.291351318359375 -0.0479736328125 -0.164230346679688 0.166641235351562
-0.21160888671875 -0.21917724609375 -0.0349884033203125 0.189804077148438
-0.134796142578125 -0.29766845703125 0.113433837890625 0.3829345703125
-0.135955810546875 -0.255844116210938 0.04193115234375 0.62762451171875
-0.2650146484375 -0.482269287109375 0.354766845703125 0.320556640625
-0.28497314453125 -0.374114990234375 0.149627685546875 0.34423828125
-0.3013916015625 -0.277496337890625 0.147903442382812 0.271713256835938
-0.366302490234375 -0.159820556640625 0.113937377929687 0.142608642578125
-0.365142822265625 -0.0393676757812501 -0.00306797027587893 -0.00931358337402344
-0.397003173828125 0.141082763671875 -0.238693237304688 0.0643768310546875
-0.346160888671875 0.2867431640625 -0.318450927734375 0.231231689453125
-0.341705322265625 0.2781982421875 -0.278717041015625 0.3201904296875
-0.366455078125 0.3001708984375 -0.270782470703125 0.3487548828125
-0.43975830078125 0.208984375 -0.291595458984375 0.300750732421875
-0.466827392578125 0.0350341796875 -0.19921875 0.217620849609375
-0.4747314453125 -0.0910034179687499 -0.12420654296875 0.174850463867188
-0.347320556640625 -0.326904296875 -0.0216827392578125 0.17486572265625
-0.2734375 -0.4493408203125 0.0533447265625 0.3035888671875
-0.2796630859375 -0.44097900390625 -0.0122375488281251 0.4873046875
-0.38067626953125 -0.623046875 0.244659423828125 0.171859741210937
-0.4228515625 -0.4932861328125 0.0696868896484374 0.262802124023437
-0.4129638671875 -0.35693359375 0.15826416015625 0.260574340820313
-0.47210693359375 -0.220062255859375 0.168594360351562 0.117263793945312
-0.477142333984375 -0.07806396484375 0.0826873779296875 -0.0443801879882813
-0.53387451171875 0.147491455078125 -0.122123718261719 -0.01446533203125
-0.470306396484375 0.328857421875 -0.2032470703125 0.0871429443359375
-0.45880126953125 0.335845947265625 -0.167694091796875 0.157623291015625
-0.4891357421875 0.37078857421875 -0.15283203125 0.196456909179688
-0.56231689453125 0.26348876953125 -0.156753540039063 0.203887939453125
-0.582763671875 0.04559326171875 -0.0993194580078126 0.167327880859375
-0.58428955078125 -0.0906982421875001 -0.0867462158203125 0.15814208984375
-0.441925048828125 -0.359588623046875 -0.0394439697265625 0.130752563476562
-0.38330078125 -0.51007080078125 -0.0471343994140625 0.180374145507812
-0.393218994140625 -0.543701171875 -0.10211181640625 0.28997802734375
-0.43157958984375 -0.67138671875 0.119705200195312 -0.02734375
-0.473724365234375 -0.535064697265625 -0.00697326660156254 0.134666442871094
-0.438323974609375 -0.39215087890625 0.162246704101562 0.209503173828125
-0.50006103515625 -0.26593017578125 0.221023559570313 0.0628814697265625
-0.52117919921875 -0.120941162109375 0.177398681640625 -0.08782958984375
-0.59918212890625 0.1260986328125 0.0223159790039062 -0.104278564453125
-0.527099609375 0.32342529296875 -0.049224853515625 -0.0764923095703125
-0.503753662109375 0.340423583984375 -0.0333595275878906 -0.0277748107910156
-0.5379638671875 0.37799072265625 -0.0208282470703125 0.0214614868164063
-0.59283447265625 0.26763916015625 -0.01458740234375 0.0786285400390625
-0.595947265625 0.04620361328125 -0.00744628906250003 0.0953598022460938
-0.5845947265625 -0.0783691406250001 -0.061920166015625 0.120994567871094
-0.4586181640625 -0.326629638671875 -0.082916259765625 0.0683135986328125
-0.43170166015625 -0.485382080078125 -0.169387817382813 0.0396881103515625
-0.44921875 -0.56500244140625 -0.211807250976563 0.069671630859375
-0.41131591796875 -0.6016845703125 0.00732421874999998 -0.2421875
-0.427337646484375 -0.4803466796875 -0.0694236755371094 -0.0278663635253906
-0.366729736328125 -0.36541748046875 0.142120361328125 0.120254516601562
-0.426727294921875 -0.2789306640625 0.252685546875 -0.00213623046875002
-0.474273681640625 -0.1510009765625 0.263641357421875 -0.124801635742188
-0.5762939453125 0.083984375 0.176345825195312 -0.193267822265625
-0.501373291015625 0.27044677734375 0.1158447265625 -0.236770629882812
-0.472381591796875 0.294036865234375 0.105056762695313 -0.205459594726562
-0.50640869140625 0.322723388671875 0.108016967773437 -0.144454956054687
-0.533416748046875 0.21221923828125 0.113563537597656 -0.0417098999023437
-0.506683349609375 0.0192871093750001 0.0615119934082031 0.0263404846191406
-0.482391357421875 -0.0648193359374999 -0.05279541015625 0.0735321044921875
-0.392547607421875 -0.2476806640625 -0.132164001464844 -0.0114288330078125
-0.4097900390625 -0.3966064453125 -0.273895263671875 -0.103118896484375
-0.440948486328125 -0.505706787109375 -0.31292724609375 -0.141510009765625
-0.333709716796875 -0.42388916015625 -0.080291748046875 -0.430908203125
-0.306396484375 -0.3311767578125 -0.112899780273438 -0.18963623046875
-0.229782104492188 -0.267715454101562 0.0995025634765625 0.0207061767578125
-0.278045654296875 -0.238937377929687 0.25732421875 -0.0552520751953125
-0.347381591796875 -0.15032958984375 0.32781982421875 -0.1474609375
-0.45770263671875 0.0357666015625001 0.311248779296875 -0.270782470703125
-0.401580810546875 0.178375244140625 0.262786865234375 -0.374969482421875
-0.369903564453125 0.20281982421875 0.227020263671875 -0.351715087890625
-0.4034423828125 0.21722412109375 0.219482421875 -0.268630981445313
-0.397735595703125 0.12347412109375 0.213714599609375 -0.126235961914063
-0.34539794921875 -0.0162353515625 0.101669311523437 -0.0220260620117188
-0.31512451171875 -0.04754638671875 -0.0554313659667969 0.0196495056152344
-0.278671264648438 -0.146148681640625 -0.165969848632813 -0.1015625
-0.3319091796875 -0.26470947265625 -0.33599853515625 -0.23095703125
-0.37176513671875 -0.383209228515625 -0.388641357421875 -0.316650390625
-0.209701538085938 -0.177886962890625 -0.13037109375 -0.55169677734375
-0.149703979492187 -0.125167846679688 -0.130859375 -0.30694580078125
-0.0740814208984375 -0.11199951171875 0.0545654296875 -0.0610389709472656
-0.0939483642578125 -0.140609741210938 0.245956420898437 -0.0904388427734375
-0.160476684570313 -0.111984252929688 0.358489990234375 -0.162689208984375
-0.260360717773438 -0.0155181884765625 0.403289794921875 -0.331878662109375
-0.235244750976562 0.0582427978515625 0.367523193359375 -0.470245361328125
-0.214950561523438 0.0856170654296875 0.317535400390625 -0.442474365234375
-0.242599487304687 0.0827484130859375 0.300201416015625 -0.33538818359375
-0.21234130859375 0.022857666015625 0.2744140625 -0.16461181640625
-0.150390625 -0.04156494140625 0.109443664550781 -0.0460052490234375
-0.128456115722656 -0.0187911987304688 -0.0630302429199219 -0.0393180847167969
-0.150970458984375 -0.037811279296875 -0.170562744140625 -0.19158935546875
-0.222412109375 -0.116104125976562 -0.338531494140625 -0.33203125
-0.254562377929687 -0.211593627929688 -0.429473876953125 -0.44384765625
0.0572509765625 -0.055908203125 0.517913818359375 0.394866943359375
0.0816650390625 -0.0812911987304688 0.33160400390625 0.354400634765625
-0.0137557983398438 -0.0976104736328125 0.193679809570313 0.179962158203125
-0.0638694763183594 -0.0317192077636719 0.0696792602539063 0.090606689453125
-0.0448188781738281 0.0223960876464844 -0.117523193359375 0.0237960815429687
-0.00865173339843749 0.0552520751953125 -0.3350830078125 0.18798828125
0.0264511108398438 0.0712509155273438 -0.36700439453125 0.421478271484375
0.0260162353515625 0.0505485534667969 -0.332977294921875 0.5125732421875
0.0435104370117188 0.0578346252441406 -0.36138916015625 0.513916015625
0.00671386718749999 0.0725021362304688 -0.417694091796875 0.39312744140625
-0.03759765625 0.07342529296875 -0.323760986328125 0.255828857421875
-0.0800552368164062 0.0460891723632813 -0.189926147460938 0.163467407226563
-0.0794830322265625 -0.051971435546875 -0.0572662353515625 0.18463134765625
-0.00314331054687499 -0.0829849243164063 0.16717529296875 0.3961181640625
0.0106229782104492 -0.0168466567993164 0.1143798828125 0.68304443359375
-0.134841918945312 -0.271774291992188 0.4776611328125 0.381622314453125
-0.121261596679688 -0.218475341796875 0.261566162109375 0.369171142578125
-0.169998168945313 -0.180252075195312 0.174087524414063 0.237594604492188
-0.232147216796875 -0.081634521484375 0.0928192138671875 0.131446838378906
-0.221099853515625 0.00979614257812497 -0.07098388671875 0.0145797729492188
-0.212066650390625 0.131072998046875 -0.30718994140625 0.152801513671875
-0.163223266601562 0.21380615234375 -0.364532470703125 0.372283935546875
-0.160888671875 0.193359375 -0.320831298828125 0.46636962890625
-0.167770385742188 0.207183837890625 -0.333221435546875 0.479522705078125
-0.234130859375 0.15948486328125 -0.3695068359375 0.38525390625
-0.276641845703125 0.0606536865234375 -0.270065307617187 0.260894775390625
-0.3017578125 -0.026702880859375 -0.153854370117188 0.1846923828125
-0.233505249023438 -0.212158203125 -0.02166748046875 0.196517944335937
-0.163543701171875 -0.298126220703125 0.14605712890625 0.380584716796875
-0.157882690429688 -0.251861572265625 0.0923461914062499 0.63775634765625
-0.309051513671875 -0.472076416015625 0.390289306640625 0.301971435546875
-0.321075439453125 -0.359222412109375 0.18060302734375 0.337066650390625
-0.331085205078125 -0.26348876953125 0.171646118164062 0.264678955078125
-0.388458251953125 -0.134796142578125 0.1268310546875 0.139007568359375
-0.37762451171875 -0.0118103027343751 -0.00371026992797854 -0.00831985473632813
-0.395416259765625 0.1754150390625 -0.237945556640625 0.08544921875
-0.3319091796875 0.31732177734375 -0.3033447265625 0.26068115234375
-0.3258056640625 0.310791015625 -0.257049560546875 0.34771728515625
-0.348846435546875 0.335968017578125 -0.249542236328125 0.375030517578125
-0.43096923828125 0.251708984375 -0.272308349609375 0.327178955078125
-0.478057861328125 0.070770263671875 -0.181793212890625 0.238510131835937
-0.493377685546875 -0.0523681640625 -0.10943603515625 0.187728881835938
-0.38262939453125 -0.312713623046875 -0.0102081298828125 0.178131103515625
-0.316925048828125 -0.442047119140625 0.07965087890625 0.304351806640625
-0.31976318359375 -0.42742919921875 0.0263061523437499 0.498748779296875
-0.4375 -0.60760498046875 0.26397705078125 0.158462524414062
-0.470306396484375 -0.47137451171875 0.0888824462890625 0.26605224609375
-0.450286865234375 -0.3385009765625 0.181076049804687 0.253021240234375
-0.50115966796875 -0.18756103515625 0.179290771484375 0.109588623046875
-0.495361328125 -0.04193115234375 0.0816192626953125 -0.0539627075195313
-0.535919189453125 0.19036865234375 -0.125167846679688 -0.00402069091796875
-0.454986572265625 0.371429443359375 -0.200576782226563 0.105789184570313
-0.439910888671875 0.379638671875 -0.163055419921875 0.1739501953125
-0.468475341796875 0.419342041015625 -0.144317626953125 0.212051391601563
-0.551544189453125 0.315521240234375 -0.141983032226562 0.217788696289063
-0.59466552734375 0.09515380859375 -0.086090087890625 0.17669677734375
-0.60516357421875 -0.0458984374999999 -0.072235107421875 0.169479370117188
-0.480010986328125 -0.337921142578125 -0.03131103515625 0.130813598632812
-0.433929443359375 -0.49658203125 -0.0335235595703125 0.187835693359375
-0.442718505859375 -0.521026611328125 -0.08197021484375 0.30560302734375
-0.49310302734375 -0.65087890625 0.12347412109375 -0.03424072265625
-0.526763916015625 -0.5052490234375 0.000862121582031207 0.140480041503906
-0.47967529296875 -0.36907958984375 0.183273315429688 0.199905395507813
-0.53106689453125 -0.232452392578125 0.227294921875 0.048675537109375
-0.543548583984375 -0.0855712890625 0.175979614257812 -0.1065673828125
-0.60498046875 0.17535400390625 0.016937255859375 -0.107398986816406
-0.515228271484375 0.369476318359375 -0.0555496215820313 -0.0734786987304687
-0.487335205078125 0.38995361328125 -0.0384063720703125 -0.0222969055175781
-0.51678466796875 0.43023681640625 -0.0216102600097657 0.0227851867675782
-0.5826416015625 0.3184814453125 -0.0104598999023438 0.0768890380859375
-0.6090087890625 0.0952148437499999 0.00244140624999996 0.0939559936523438
-0.60333251953125 -0.0334472656249999 -0.0506362915039063 0.12896728515625
-0.494384765625 -0.30035400390625 -0.0818023681640625 0.069671630859375
-0.481842041015625 -0.463226318359375 -0.168899536132813 0.0524749755859375
-0.5028076171875 -0.539459228515625 -0.211685180664063 0.0892333984375
-0.46783447265625 -0.57861328125 -0.0115814208984375 -0.246170043945313
-0.47601318359375 -0.451202392578125 -0.0770492553710938 -0.01763916015625
-0.402130126953125 -0.350494384765625 0.156661987304687 0.112060546875
-0.458892822265625 -0.254669189453125 0.253280639648437 -0.018280029296875
-0.500457763671875 -0.1163330078125 0.261184692382812 -0.149276733398438
-0.58477783203125 0.1319580078125 0.166702270507813 -0.209243774414063
-0.49676513671875 0.314544677734375 0.100341796875 -0.25115966796875
-0.463226318359375 0.3385009765625 0.0890350341796875 -0.217193603515625
-0.492340087890625 0.369903564453125 0.09906005859375 -0.1551513671875
-0.526336669921875 0.262908935546875 0.114181518554687 -0.0532150268554687
-0.517333984375 0.0601806640625 0.070587158203125 0.01983642578125
-0.494964599609375 -0.02716064453125 -0.0445556640625 0.0796737670898438
-0.420166015625 -0.224761962890625 -0.139022827148438 -0.00487518310546878
-0.4537353515625 -0.37420654296875 -0.288787841796875 -0.0823059082031251
-0.487884521484375 -0.479400634765625 -0.332305908203125 -0.113677978515625
-0.374481201171875 -0.407745361328125 -0.115081787109375 -0.42852783203125
-0.340179443359375 -0.3131103515625 -0.133026123046875 -0.18212890625
-0.255218505859375 -0.25982666015625 0.103996276855469 0.0127716064453125
-0.30633544921875 -0.2261962890625 0.2545166015625 -0.0743865966796875
-0.3709716796875 -0.126800537109375 0.32183837890625 -0.176666259765625
-0.46734619140625 0.0740356445312499 0.298675537109375 -0.301788330078125
-0.398193359375 0.21209716796875 0.23883056640625 -0.40167236328125
-0.364776611328125 0.236328125 0.2032470703125 -0.3729248046875
-0.396331787109375 0.256622314453125 0.203521728515625 -0.290313720703125
-0.395904541015625 0.156463623046875 0.209426879882813 -0.149139404296875
-0.354339599609375 0.00695800781249994 0.105201721191406 -0.03155517578125
-0.32403564453125 -0.0223388671875 -0.0523147583007813 0.0229949951171875
-0.296875 -0.12884521484375 -0.178695678710938 -0.0933837890625
-0.363433837890625 -0.243682861328125 -0.359771728515625 -0.2071533203125
-0.412567138671875 -0.35943603515625 -0.424835205078125 -0.287841796875
-0.228790283203125 -0.160293579101562 -0.173065185546875 -0.5528564453125
-0.16339111328125 -0.115280151367188 -0.157470703125 -0.30096435546875
-0.0869216918945313 -0.11181640625 0.0489425659179687 -0.0659828186035156
-0.112197875976563 -0.137702941894531 0.240188598632813 -0.10784912109375
-0.177658081054688 -0.103103637695313 0.350921630859375 -0.19287109375
-0.267486572265625 0.0037078857421875 0.3870849609375 -0.368927001953125
-0.236907958984375 0.0774993896484375 0.338531494140625 -0.506805419921875
-0.214202880859375 0.101791381835938 0.285308837890625 -0.474517822265625
-0.24273681640625 0.105682373046875 0.28179931640625 -0.36346435546875
-0.2166748046875 0.0386962890625 0.267990112304688 -0.193161010742188
-0.157440185546875 -0.0351409912109375 0.108207702636719 -0.0548629760742188
-0.130775451660156 -0.00615692138671877 -0.0681533813476563 -0.0351715087890625
-0.15643310546875 -0.0266876220703125 -0.19024658203125 -0.183761596679687
-0.237197875976562 -0.100540161132813 -0.37188720703125 -0.30828857421875
-0.277664184570313 -0.1944580078125 -0.472900390625 -0.4146728515625
0.0559730529785156 -0.0588569641113281 0.5421142578125 0.350341796875
0.0738906860351563 -0.0868301391601563 0.354217529296875 0.326568603515625
-0.0210494995117187 -0.0963821411132813 0.203414916992188 0.162338256835938
-0.0670356750488281 -0.0244178771972656 0.0793304443359375 0.0860595703125
-0.0450172424316406 0.0241851806640625 -0.113372802734375 0.0336151123046875
-0.00522232055664063 0.05810546875 -0.316009521484375 0.21453857421875
0.0306129455566406 0.0670204162597656 -0.329803466796875 0.448638916015625
0.0307426452636719 0.0460777282714844 -0.291168212890625 0.531158447265625
0.0490798950195312 0.0524482727050781 -0.32122802734375 0.53533935546875
0.0132369995117188 0.0731430053710938 -0.38531494140625 0.416717529296875
-0.03253173828125 0.0787582397460938 -0.300872802734375 0.276214599609375
-0.0758819580078125 0.0511550903320312 -0.17218017578125 0.175460815429688
-0.083526611328125 -0.0456161499023437 -0.04052734375 0.1890869140625
-0.0134353637695312 -0.084197998046875 0.195281982421875 0.378173828125
0.0117263793945313 -0.0205364227294922 0.16400146484375 0.6668701171875
-0.15081787109375 -0.260879516601562 0.50164794921875 0.342193603515625
-0.139358520507813 -0.208175659179687 0.284881591796875 0.34613037109375
-0.18487548828125 -0.16754150390625 0.19073486328125 0.22174072265625
-0.236541748046875 -0.063140869140625 0.104133605957031 0.126716613769531
-0.221145629882813 0.025909423828125 -0.0667076110839844 0.0218124389648438
-0.202224731445313 0.146194458007813 -0.291717529296875 0.17633056640625
-0.145584106445312 0.2236328125 -0.329315185546875 0.39886474609375
-0.144012451171875 0.20458984375 -0.28204345703125 0.482757568359375
-0.149932861328125 0.217788696289062 -0.29547119140625 0.499053955078125
-0.220199584960937 0.177581787109375 -0.340240478515625 0.40594482421875
-0.273284912109375 0.0813446044921875 -0.245452880859375 0.278045654296875
-0.30279541015625 -0.00308227539062503 -0.134857177734375 0.19317626953125
-0.249237060546875 -0.1962890625 -0.00645446777343753 0.19610595703125
-0.186279296875 -0.28631591796875 0.1759033203125 0.366119384765625
-0.1749267578125 -0.236862182617188 0.1397705078125 0.62274169921875
-0.341796875 -0.442901611328125 0.4107666015625 0.270416259765625
-0.347991943359375 -0.329620361328125 0.200103759765625 0.323089599609375
-0.3497314453125 -0.242034912109375 0.189071655273438 0.246673583984375
-0.39569091796875 -0.1029052734375 0.139152526855469 0.131401062011719
-0.378082275390625 0.0173950195312499 -0.0024986267089844 -0.0101404190063477
-0.38201904296875 0.20697021484375 -0.2274169921875 0.104324340820312
-0.3043212890625 0.3394775390625 -0.2791748046875 0.283935546875
-0.298004150390625 0.333343505859375 -0.230194091796875 0.362274169921875
-0.31976318359375 0.3594970703125 -0.22344970703125 0.390960693359375
-0.408203125 0.282684326171875 -0.24652099609375 0.343353271484375
-0.47003173828125 0.11004638671875 -0.161056518554688 0.248428344726563
-0.49371337890625 -0.01593017578125 -0.090484619140625 0.193267822265625
-0.40252685546875 -0.287933349609375 0.00245666503906248 0.17425537109375
-0.350341796875 -0.418914794921875 0.10400390625 0.294586181640625
-0.346649169921875 -0.399505615234375 0.0628662109375 0.491729736328125
-0.47955322265625 -0.5704345703125 0.276092529296875 0.1396484375
-0.503692626953125 -0.42767333984375 0.106246948242187 0.260025024414063
-0.473785400390625 -0.305511474609375 0.198898315429687 0.23626708984375
-0.514312744140625 -0.14703369140625 0.18658447265625 0.0983123779296875
-0.498382568359375 -0.00592041015625008 0.0759506225585937 -0.0611648559570313
-0.519317626953125 0.231658935546875 -0.122604370117188 0.00473785400390627
-0.426483154296875 0.402557373046875 -0.187271118164063 0.12054443359375
-0.404998779296875 0.4075927734375 -0.14752197265625 0.184036254882813
-0.431610107421875 0.449462890625 -0.127471923828125 0.221572875976563
-0.52520751953125 0.354248046875 -0.127334594726563 0.222412109375
-0.58721923828125 0.13934326171875 -0.06829833984375 0.181015014648438
-0.6046142578125 0.00128173828125011 -0.054840087890625 0.171829223632813
-0.503021240234375 -0.304473876953125 -0.024871826171875 0.128799438476562
-0.469879150390625 -0.463104248046875 -0.0177764892578125 0.186477661132813
-0.47747802734375 -0.482391357421875 -0.058258056640625 0.311248779296875
-0.536865234375 -0.60906982421875 0.12115478515625 -0.0404739379882813
-0.561981201171875 -0.458770751953125 0.00933837890624997 0.143402099609375
-0.503173828125 -0.3372802734375 0.196212768554687 0.182586669921875
-0.549041748046875 -0.192413330078125 0.229583740234375 0.0348358154296875
-0.55029296875 -0.042236328125 0.16412353515625 -0.118820190429688
-0.5897216796875 0.21954345703125 0.00991058349609372 -0.10858154296875
-0.486297607421875 0.402923583984375 -0.0613327026367188 -0.0672454833984375
-0.453277587890625 0.421112060546875 -0.0404052734375 -0.0190849304199219
-0.4815673828125 0.466888427734375 -0.0199050903320313 0.0253639221191406
-0.555511474609375 0.363677978515625 -0.00405883789062503 0.0729217529296875
-0.5992431640625 0.1390380859375 0.0127944946289062 0.0944442749023438
-0.60125732421875 0.0130615234374999 -0.0357208251953125 0.131439208984375
-0.51324462890625 -0.267913818359375 -0.0778274536132813 0.0705490112304687
-0.5142822265625 -0.428619384765625 -0.1630859375 0.0653839111328125
-0.538116455078125 -0.49267578125 -0.202468872070313 0.108856201171875
-0.50775146484375 -0.542449951171875 -0.02349853515625 -0.2391357421875
-0.5072021484375 -0.411346435546875 -0.079986572265625 -0.0110015869140625
-0.427215576171875 -0.319793701171875 0.163436889648437 0.0977020263671875
-0.477935791015625 -0.2186279296875 0.249465942382812 -0.0341644287109375
-0.50830078125 -0.0809936523437499 0.246902465820312 -0.168548583984375
-0.57183837890625 0.174072265625 0.150955200195313 -0.22210693359375
-0.472259521484375 0.35009765625 0.079315185546875 -0.253921508789063
-0.428619384765625 0.368804931640625 0.0725555419921875 -0.221099853515625
-0.459869384765625 0.4039306640625 0.0856475830078125 -0.157882690429687
-0.503021240234375 0.299896240234375 0.108970642089844 -0.0666961669921875
-0.5113525390625 0.09393310546875 0.0729904174804687 0.0116653442382813
-0.4954833984375 0.0111083984375 -0.034210205078125 0.0799102783203125
-0.433380126953125 -0.197967529296875 -0.14080810546875 -0.000366210937500013
-0.4793701171875 -0.338836669921875 -0.2901611328125 -0.058746337890625
-0.522308349609375 -0.43524169921875 -0.33837890625 -0.084197998046875
-0.402313232421875 -0.37481689453125 -0.14007568359375 -0.416473388671875
-0.3634033203125 -0.28240966796875 -0.145034790039063 -0.169540405273438
-0.272659301757813 -0.241607666015625 0.105232238769531 0.00521087646484374
-0.324249267578125 -0.202606201171875 0.242950439453125 -0.089080810546875
-0.37872314453125 -0.0995178222656249 0.306427001953125 -0.1982421875
-0.460235595703125 0.1072998046875 0.27447509765625 -0.31964111328125
-0.382080078125 0.241302490234375 0.20587158203125 -0.415130615234375
-0.34429931640625 0.26275634765625 0.1729736328125 -0.382720947265625
-0.37225341796875 0.28302001953125 0.179473876953125 -0.299468994140625
-0.381622314453125 0.187103271484375 0.198074340820312 -0.166275024414063
-0.35302734375 0.0335998535156251 0.103584289550781 -0.039398193359375
-0.321868896484375 0.00207519531250002 -0.0478172302246094 0.0266990661621094
-0.302490234375 -0.10662841796875 -0.187332153320313 -0.084075927734375
-0.379150390625 -0.21575927734375 -0.372344970703125 -0.1778564453125
-0.4344482421875 -0.32379150390625 -0.4417724609375 -0.249237060546875
-0.238265991210937 -0.144546508789063 -0.2099609375 -0.532806396484375
-0.172622680664063 -0.100433349609375 -0.179595947265625 -0.28802490234375
-0.092498779296875 -0.107246398925781 0.0462303161621094 -0.0701980590820313
-0.122505187988281 -0.1295166015625 0.224365234375 -0.1234130859375
-0.185256958007813 -0.0886993408203125 0.33251953125 -0.2144775390625
-0.2666015625 0.0263519287109375 0.354888916015625 -0.3939208984375
-0.231719970703125 0.097320556640625 0.294036865234375 -0.52777099609375
-0.206207275390625 0.118988037109375 0.250274658203125 -0.490020751953125
-0.231353759765625 0.1226806640625 0.250457763671875 -0.37994384765625
-0.211181640625 0.05511474609375 0.252456665039063 -0.2110595703125
-0.162643432617188 -0.0235748291015625 0.104766845703125 -0.064483642578125
-0.129829406738281 0.00336456298828126 -0.0669593811035156 -0.0331878662109375
-0.156417846679688 -0.013641357421875 -0.206161499023437 -0.172225952148438
-0.24566650390625 -0.0815277099609375 -0.3892822265625 -0.275634765625
-0.2896728515625 -0.172698974609375 -0.50048828125 -0.3702392578125
0.0512504577636719 -0.0612373352050781 0.5462646484375 0.311004638671875
0.0668182373046875 -0.0898971557617188 0.361114501953125 0.300201416015625
-0.0273208618164062 -0.0929107666015625 0.205337524414063 0.1502685546875
-0.0674629211425781 -0.0202484130859375 0.0862808227539063 0.0808944702148438
-0.0430755615234375 0.0260429382324219 -0.108169555664062 0.0380783081054688
-0.000186920166015621 0.0598182678222656 -0.296630859375 0.22918701171875
0.0332374572753906 0.0638961791992188 -0.299163818359375 0.453643798828125
0.0328636169433594 0.042724609375 -0.25927734375 0.53131103515625
0.0519485473632813 0.0472755432128906 -0.290008544921875 0.54119873046875
0.017974853515625 0.0705490112304688 -0.358306884765625 0.42694091796875
-0.0270843505859375 0.0802001953125 -0.27850341796875 0.284149169921875
-0.0706863403320313 0.0538177490234375 -0.1573486328125 0.17962646484375
-0.0865554809570313 -0.0412826538085938 -0.029998779296875 0.190078735351563
-0.0195465087890625 -0.0824050903320313 0.212249755859375 0.360565185546875
0.0122547149658203 -0.0201396942138672 0.19415283203125 0.6434326171875
-0.161758422851563 -0.24810791015625 0.508636474609375 0.307952880859375
-0.146102905273438 -0.195785522460938 0.2943115234375 0.32305908203125
-0.192169189453125 -0.157028198242188 0.194732666015625 0.20831298828125
-0.236190795898438 -0.048492431640625 0.112045288085938 0.12060546875
-0.215652465820313 0.03802490234375 -0.0627708435058594 0.0229949951171875
-0.191543579101563 0.156936645507813 -0.274307250976563 0.189163208007812
-0.1318359375 0.226211547851563 -0.298858642578125 0.404296875
-0.13031005859375 0.206680297851562 -0.25244140625 0.4862060546875
-0.135406494140625 0.219436645507813 -0.265380859375 0.503875732421875
-0.205078125 0.18572998046875 -0.314239501953125 0.414886474609375
-0.263717651367188 0.0954437255859375 -0.224761962890625 0.2823486328125
-0.295623779296875 0.0111694335937501 -0.118331909179688 0.194580078125
-0.257049560546875 -0.183456420898438 0.00367736816406247 0.191909790039063
-0.199630737304687 -0.274154663085938 0.192718505859375 0.34698486328125
-0.180770874023438 -0.222274780273438 0.16839599609375 0.602294921875
-0.356597900390625 -0.4193115234375 0.416961669921875 0.243621826171875
-0.356781005859375 -0.304107666015625 0.2115478515625 0.308074951171875
-0.358734130859375 -0.223236083984375 0.195480346679687 0.231765747070313
-0.3956298828125 -0.0798950195312501 0.1451416015625 0.124237060546875
-0.37200927734375 0.037628173828125 -0.00207901000976565 -0.0108280181884766
-0.36468505859375 0.222259521484375 -0.214141845703125 0.11541748046875
-0.284698486328125 0.348663330078125 -0.258575439453125 0.291717529296875
-0.27374267578125 0.340484619140625 -0.208282470703125 0.3663330078125
-0.29278564453125 0.369171142578125 -0.201080322265625 0.39422607421875
-0.38592529296875 0.29913330078125 -0.227020263671875 0.34686279296875
-0.457855224609375 0.13232421875 -0.142074584960938 0.248565673828125
-0.48553466796875 0.00842285156250001 -0.074981689453125 0.192779541015625
-0.412841796875 -0.2669677734375 0.00961303710937496 0.167831420898437
-0.367950439453125 -0.395904541015625 0.11810302734375 0.28131103515625
-0.35723876953125 -0.37261962890625 0.086761474609375 0.478668212890625
-0.50042724609375 -0.535980224609375 0.28057861328125 0.12347412109375
-0.514373779296875 -0.390960693359375 0.115264892578125 0.250411987304688
-0.483123779296875 -0.2791748046875 0.204864501953125 0.21954345703125
-0.513641357421875 -0.11810302734375 0.189422607421875 0.088623046875
-0.490997314453125 0.0205688476562501 0.0734100341796875 -0.0642318725585938
-0.500091552734375 0.253509521484375 -0.117576599121094 0.0103302001953125
-0.399932861328125 0.415802001953125 -0.1759033203125 0.127304077148438
-0.37677001953125 0.418853759765625 -0.13507080078125 0.188217163085938
-0.3995361328125 0.462493896484375 -0.114883422851563 0.224044799804688
-0.49725341796875 0.37652587890625 -0.11578369140625 0.221664428710938
-0.57196044921875 0.1683349609375 -0.0542144775390626 0.177215576171875
-0.59271240234375 0.0312500000000001 -0.0406951904296876 0.168746948242188
-0.511566162109375 -0.279541015625 -0.0195465087890625 0.123916625976563
-0.488739013671875 -0.43328857421875 -0.00573730468750004 0.182327270507812
-0.489349365234375 -0.447357177734375 -0.040679931640625 0.3092041015625
-0.55853271484375 -0.57122802734375 0.120956420898437 -0.0441436767578125
-0.57354736328125 -0.4176025390625 0.0146942138671875 0.142929077148437
-0.5157470703125 -0.312042236328125 0.200225830078125 0.167190551757812
-0.550628662109375 -0.16119384765625 0.22509765625 0.0247802734375
-0.542633056640625 -0.01141357421875 0.155364990234375 -0.124649047851563
-0.56976318359375 0.24456787109375 0.00532531738281246 -0.108367919921875
-0.4591064453125 0.4222412109375 -0.0626068115234375 -0.0616798400878906
-0.422271728515625 0.433349609375 -0.04205322265625 -0.0160713195800781
-0.446685791015625 0.481658935546875 -0.0191497802734375 0.0279903411865235
-0.52593994140625 0.385833740234375 -0.00114059448242191 0.0693740844726563
-0.58514404296875 0.16668701171875 0.0207977294921875 0.0880355834960938
-0.590576171875 0.0438842773437499 -0.0230484008789063 0.128524780273438
-0.517852783203125 -0.241180419921875 -0.0764236450195313 0.0682144165039063
-0.529876708984375 -0.395355224609375 -0.154998779296875 0.0708007812499999
-0.54901123046875 -0.454345703125 -0.19122314453125 0.120285034179688
-0.5262451171875 -0.5057373046875 -0.03204345703125 -0.231033325195313
-0.516326904296875 -0.37286376953125 -0.0793609619140625 -0.00417327880859379
-0.4376220703125 -0.299041748046875 0.163848876953125 0.084503173828125
-0.483184814453125 -0.191436767578125 0.239059448242187 -0.0438079833984375
-0.50726318359375 -0.0532226562500001 0.23126220703125 -0.176437377929688
-0.554534912109375 0.19976806640625 0.137405395507812 -0.224746704101563
-0.448455810546875 0.3658447265625 0.0651397705078125 -0.251571655273438
-0.402557373046875 0.38262939453125 0.0586090087890625 -0.214523315429687
-0.42974853515625 0.42138671875 0.0775909423828125 -0.157760620117187
-0.478546142578125 0.32037353515625 0.101806640625 -0.0733413696289062
-0.501922607421875 0.119049072265625 0.0745620727539062 0.00705718994140626
-0.484283447265625 0.0359497070312501 -0.025726318359375 0.0794143676757813
-0.43646240234375 -0.174591064453125 -0.140571594238281 0.00184631347656249
-0.489990234375 -0.307830810546875 -0.28759765625 -0.043731689453125
-0.530487060546875 -0.39788818359375 -0.332366943359375 -0.062042236328125
-0.412200927734375 -0.347686767578125 -0.15460205078125 -0.399658203125
-0.367401123046875 -0.255615234375 -0.152679443359375 -0.157257080078125
-0.280975341796875 -0.228363037109375 0.102737426757813 -0.00222015380859376
-0.330078125 -0.183624267578125 0.23114013671875 -0.095672607421875
-0.380126953125 -0.078704833984375 0.28851318359375 -0.2080078125
-0.44683837890625 0.1300048828125 0.25341796875 -0.326690673828125
-0.367034912109375 0.25897216796875 0.180145263671875 -0.415496826171875
-0.324005126953125 0.27349853515625 0.149871826171875 -0.38116455078125
-0.350555419921875 0.29644775390625 0.16387939453125 -0.301513671875
-0.36541748046875 0.203155517578125 0.184402465820312 -0.174484252929687
-0.347198486328125 0.04949951171875 0.10101318359375 -0.0445785522460938
-0.3143310546875 0.018035888671875 -0.0427169799804688 0.0283203125
-0.302154541015625 -0.0911865234375 -0.191238403320313 -0.076507568359375
-0.386688232421875 -0.190643310546875 -0.372467041015625 -0.154144287109375
-0.441650390625 -0.293914794921875 -0.44293212890625 -0.217559814453125
-0.239913940429688 -0.12939453125 -0.228912353515625 -0.511322021484375
-0.173599243164063 -0.0870819091796875 -0.192108154296875 -0.275680541992188
-0.0961685180664063 -0.101768493652344 0.039581298828125 -0.0726165771484375
-0.128410339355469 -0.122840881347656 0.210342407226563 -0.129592895507813
-0.188568115234375 -0.0774383544921875 0.313934326171875 -0.225799560546875
-0.260818481445313 0.0409698486328125 0.32757568359375 -0.403778076171875
-0.224960327148438 0.108123779296875 0.261199951171875 -0.531158447265625
-0.196258544921875 0.125396728515625 0.2200927734375 -0.4901123046875
-0.220870971679688 0.131790161132813 0.229583740234375 -0.38494873046875
-0.204635620117187 0.0657806396484375 0.236770629882813 -0.221099853515625
-0.160324096679688 -0.0161895751953125 0.0999603271484375 -0.06927490234375
-0.125770568847656 0.00794219970703123 -0.0667190551757813 -0.028594970703125
-0.154617309570312 -0.00553894042968748 -0.211700439453125 -0.160903930664063
-0.2459716796875 -0.06689453125 -0.395233154296875 -0.250732421875
-0.29248046875 -0.153656005859375 -0.50885009765625 -0.33319091796875
0.0497016906738281 -0.0625343322753906 0.5477294921875 0.291961669921875
0.0627365112304688 -0.0922470092773438 0.36517333984375 0.28753662109375
-0.0300140380859375 -0.0916519165039062 0.206192016601563 0.144668579101563
-0.0673446655273438 -0.0176200866699219 0.0914840698242188 0.0776290893554688
-0.0429191589355469 0.0269203186035156 -0.103889465332031 0.0395660400390625
0.00186920166015625 0.0612907409667969 -0.285064697265625 0.2364501953125
0.034942626953125 0.062469482421875 -0.28253173828125 0.4559326171875
0.033447265625 0.0407218933105469 -0.244049072265625 0.531585693359375
0.053436279296875 0.0444297790527344 -0.275909423828125 0.5443115234375
0.0221023559570312 0.0691680908203125 -0.34619140625 0.432037353515625
-0.0237655639648438 0.0817413330078125 -0.2679443359375 0.28619384765625
-0.068389892578125 0.0546379089355469 -0.14874267578125 0.181106567382813
-0.0891494750976563 -0.0394058227539062 -0.0233612060546875 0.191864013671875
-0.0234222412109375 -0.081451416015625 0.22149658203125 0.349578857421875
0.0147609710693359 -0.0208702087402344 0.20849609375 0.63018798828125
-0.16827392578125 -0.242340087890625 0.509552001953125 0.28973388671875
-0.150863647460938 -0.189926147460937 0.297393798828125 0.3134765625
-0.196929931640625 -0.151870727539063 0.196212768554688 0.200637817382813
-0.236175537109375 -0.0407257080078125 0.117378234863281 0.117469787597656
-0.213668823242187 0.043975830078125 -0.0596199035644531 0.02227783203125
-0.1845703125 0.163406372070312 -0.263717651367188 0.195587158203125
-0.124801635742188 0.229690551757813 -0.28369140625 0.40777587890625
-0.123092651367187 0.208160400390625 -0.237884521484375 0.48699951171875
-0.128402709960938 0.220794677734375 -0.250885009765625 0.506195068359375
-0.197494506835938 0.191070556640625 -0.303497314453125 0.419464111328125
-0.25994873046875 0.103561401367187 -0.2132568359375 0.282318115234375
-0.293701171875 0.0182800292968749 -0.109573364257813 0.19354248046875
-0.262802124023437 -0.1781005859375 0.00787353515624997 0.191436767578125
-0.208999633789063 -0.268402099609375 0.20166015625 0.337493896484375
-0.181182861328125 -0.216140747070313 0.182373046875 0.59124755859375
-0.36724853515625 -0.407257080078125 0.419464111328125 0.228515625
-0.363128662109375 -0.2916259765625 0.2161865234375 0.30133056640625
-0.364959716796875 -0.21405029296875 0.196182250976562 0.223403930664062
-0.395355224609375 -0.0662841796874999 0.150238037109375 0.120681762695313
-0.368927001953125 0.04815673828125 -0.000924110412597679 -0.0119590759277344
-0.356048583984375 0.232513427734375 -0.206573486328125 0.118362426757812
-0.273406982421875 0.355712890625 -0.2474365234375 0.2943115234375
-0.263641357421875 0.344146728515625 -0.19683837890625 0.369171142578125
-0.27984619140625 0.372894287109375 -0.1884765625 0.3970947265625
-0.37420654296875 0.308563232421875 -0.218017578125 0.347930908203125
-0.45257568359375 0.147430419921875 -0.132003784179688 0.246566772460938
-0.48236083984375 0.022064208984375 -0.065948486328125 0.1903076171875
-0.42095947265625 -0.2578125 0.0115203857421875 0.164810180664062
-0.379638671875 -0.385498046875 0.126205444335937 0.274215698242188
-0.36077880859375 -0.36077880859375 0.0986328125 0.471954345703125
-0.5120849609375 -0.51959228515625 0.2840576171875 0.114227294921875
-0.52069091796875 -0.37115478515625 0.119537353515625 0.24786376953125
-0.49151611328125 -0.26934814453125 0.205062866210937 0.210891723632812
-0.515625 -0.102386474609375 0.191024780273437 0.0861968994140625
-0.48699951171875 0.0354614257812501 0.072174072265625 -0.0665969848632813
-0.489013671875 0.265716552734375 -0.114227294921875 0.0125656127929688
-0.387176513671875 0.425811767578125 -0.170318603515625 0.130477905273438
-0.361907958984375 0.42559814453125 -0.130111694335938 0.191741943359375
-0.383819580078125 0.472198486328125 -0.108047485351563 0.225616455078125
-0.481781005859375 0.388824462890625 -0.110748291015625 0.221771240234375
-0.565673828125 0.1845703125 -0.0464019775390625 0.174270629882813
-0.58831787109375 0.0463256835937501 -0.03216552734375 0.165130615234375
-0.520904541015625 -0.2701416015625 -0.0194244384765625 0.120758056640625
-0.500152587890625 -0.4202880859375 0.00105285644531246 0.179107666015625
-0.49383544921875 -0.431427001953125 -0.0302124023437501 0.30877685546875
-0.57110595703125 -0.55120849609375 0.122779846191406 -0.0469589233398438
-0.580322265625 -0.3966064453125 0.017181396484375 0.143783569335938
-0.52197265625 -0.300048828125 0.200241088867187 0.158370971679688
-0.55340576171875 -0.144683837890625 0.224105834960937 0.02166748046875
-0.5408935546875 0.00296020507812507 0.151046752929687 -0.128555297851563
-0.560272216796875 0.258941650390625 0.00459289550781246 -0.108680725097656
-0.447479248046875 0.43359375 -0.0629501342773438 -0.0593338012695312
-0.407379150390625 0.441375732421875 -0.0423622131347657 -0.0120124816894531
-0.429412841796875 0.490814208984375 -0.0168113708496094 0.02911376953125
-0.51226806640625 0.40008544921875 -0.00148010253906253 0.0676231384277344
-0.579833984375 0.183349609375 0.0262527465820312 0.0838241577148438
-0.58642578125 0.0602416992187501 -0.0158233642578125 0.124420166015625
-0.524139404296875 -0.231048583984375 -0.07763671875 0.0672454833984375
-0.541229248046875 -0.380218505859375 -0.150665283203125 0.072723388671875
-0.555389404296875 -0.434661865234375 -0.183425903320313 0.126602172851562
-0.53656005859375 -0.486663818359375 -0.0324249267578126 -0.228591918945313
-0.521575927734375 -0.35406494140625 -0.0798873901367188 -0.000457763671875022
-0.445587158203125 -0.290069580078125 0.162612915039062 0.0779571533203125
-0.487213134765625 -0.176483154296875 0.2342529296875 -0.0457763671875
-0.505645751953125 -0.037750244140625 0.22515869140625 -0.1798095703125
-0.548095703125 0.21331787109375 0.13177490234375 -0.227188110351562
-0.4383544921875 0.379364013671875 0.0577392578125 -0.248779296875
-0.390045166015625 0.3905029296875 0.0519256591796875 -0.212142944335937
-0.415496826171875 0.42950439453125 0.0744476318359375 -0.158172607421875
-0.46624755859375 0.333770751953125 0.0979690551757812 -0.0777816772460937
-0.49700927734375 0.134521484375 0.0770797729492187 0.00308990478515626
-0.480255126953125 0.049468994140625 -0.019012451171875 0.0772857666015625
-0.43927001953125 -0.163726806640625 -0.143325805664063 0.00271606445312499
-0.49798583984375 -0.29144287109375 -0.28515625 -0.03656005859375
-0.536224365234375 -0.379608154296875 -0.328338623046875 -0.049224853515625
-0.419097900390625 -0.334136962890625 -0.16015625 -0.391845703125
-0.369598388671875 -0.24224853515625 -0.1573486328125 -0.151229858398438
-0.286407470703125 -0.2232666015625 0.100105285644531 -0.00777435302734376
-0.335540771484375 -0.174072265625 0.22332763671875 -0.09698486328125
-0.381317138671875 -0.0670166015625001 0.279388427734375 -0.21240234375
-0.44134521484375 0.141326904296875 0.244049072265625 -0.330078125
-0.3587646484375 0.2689208984375 0.1671142578125 -0.413787841796875
-0.315338134765625 0.2818603515625 0.13873291015625 -0.37939453125
-0.339630126953125 0.3035888671875 0.156219482421875 -0.3037109375
-0.35687255859375 0.212493896484375 0.176666259765625 -0.179885864257812
-0.34613037109375 0.05865478515625 0.100982666015625 -0.0481033325195312
-0.30975341796875 0.027069091796875 -0.0391769409179688 0.0273246765136719
-0.302734375 -0.083221435546875 -0.195114135742188 -0.0731353759765625
-0.391357421875 -0.178497314453125 -0.371978759765625 -0.140899658203125
-0.444549560546875 -0.278350830078125 -0.441680908203125 -0.200408935546875
-0.240768432617188 -0.122039794921875 -0.2373046875 -0.500823974609375
-0.17205810546875 -0.08038330078125 -0.200347900390625 -0.26824951171875
-0.0974273681640625 -0.10107421875 0.0361099243164062 -0.0748138427734375
-0.1326904296875 -0.118721008300781 0.202651977539063 -0.130233764648438
-0.190628051757813 -0.0714111328125 0.30499267578125 -0.22894287109375
-0.258148193359375 0.048065185546875 0.314300537109375 -0.4063720703125
-0.22235107421875 0.115066528320313 0.243194580078125 -0.52978515625
-0.1923828125 0.129837036132812 0.205902099609375 -0.488861083984375
-0.21533203125 0.136795043945313 0.219512939453125 -0.386566162109375
-0.201934814453125 0.07147216796875 0.228912353515625 -0.227020263671875
-0.160720825195313 -0.0119781494140625 0.0986251831054687 -0.0705947875976563
-0.12310791015625 0.0117034912109375 -0.0655097961425781 -0.0269699096679688
-0.15362548828125 -0.000732421875000015 -0.21649169921875 -0.156387329101562
-0.24835205078125 -0.0577239990234375 -0.399261474609375 -0.235504150390625
-0.295379638671875 -0.143402099609375 -0.51123046875 -0.313201904296875
0.0489387512207031 -0.0640678405761719 0.559173583984375 0.28411865234375
0.0607833862304688 -0.0963287353515625 0.3751220703125 0.282989501953125
-0.0330734252929688 -0.0923309326171875 0.212493896484375 0.143844604492188
-0.0679588317871094 -0.0166854858398437 0.0976333618164063 0.0761642456054688
-0.0435142517089844 0.0278434753417969 -0.104621887207031 0.0405731201171875
0.00559616088867188 0.0643463134765625 -0.282196044921875 0.246185302734375
0.0376548767089844 0.0637893676757813 -0.2772216796875 0.468048095703125
0.0348625183105469 0.0406379699707031 -0.237518310546875 0.5438232421875
0.0557403564453125 0.043212890625 -0.26959228515625 0.560028076171875
0.02532958984375 0.0698165893554688 -0.342926025390625 0.447540283203125
-0.0212860107421875 0.0849685668945313 -0.266632080078125 0.295196533203125
-0.0691566467285156 0.0563430786132813 -0.145797729492188 0.1856689453125
-0.0937652587890625 -0.0382232666015625 -0.017059326171875 0.199951171875
-0.0270614624023438 -0.0828628540039063 0.23480224609375 0.350189208984375
0.0175266265869141 -0.0224781036376953 0.2247314453125 0.63433837890625
-0.178070068359375 -0.242324829101563 0.52496337890625 0.282196044921875
-0.158035278320313 -0.18865966796875 0.3079833984375 0.311859130859375
-0.20648193359375 -0.150558471679688 0.201705932617188 0.20111083984375
-0.242141723632812 -0.0350189208984375 0.125556945800781 0.116188049316406
-0.2174072265625 0.0498809814453125 -0.0587272644042969 0.02197265625
-0.183349609375 0.172271728515625 -0.260635375976563 0.202590942382812
-0.121597290039062 0.237625122070312 -0.280181884765625 0.41943359375
-0.12066650390625 0.21484375 -0.23138427734375 0.49884033203125
-0.12518310546875 0.227203369140625 -0.244049072265625 0.52239990234375
-0.195999145507813 0.200164794921875 -0.3013916015625 0.43426513671875
-0.262603759765625 0.113006591796875 -0.210205078125 0.288665771484375
-0.29931640625 0.02459716796875 -0.104568481445312 0.19696044921875
-0.275390625 -0.177520751953125 0.0129547119140625 0.197052001953125
-0.220977783203125 -0.27001953125 0.21466064453125 0.338653564453125
-0.186492919921875 -0.217422485351563 0.19805908203125 0.59674072265625
-0.385101318359375 -0.40478515625 0.4327392578125 0.22119140625
-0.37628173828125 -0.287200927734375 0.22369384765625 0.30352783203125
-0.380950927734375 -0.212005615234375 0.201629638671875 0.224090576171875
-0.405914306640625 -0.057769775390625 0.157867431640625 0.121017456054688
-0.375244140625 0.058441162109375 0.000216484069824197 -0.0153274536132812
-0.35528564453125 0.246612548828125 -0.204742431640625 0.123504638671875
-0.27032470703125 0.371063232421875 -0.24420166015625 0.30487060546875
-0.2589111328125 0.3570556640625 -0.193756103515625 0.379638671875
-0.27655029296875 0.3870849609375 -0.184600830078125 0.407745361328125
-0.37200927734375 0.324462890625 -0.216522216796875 0.359893798828125
-0.4595947265625 0.16131591796875 -0.127578735351563 0.25
-0.491607666015625 0.03240966796875 -0.05987548828125 0.192291259765625
-0.440673828125 -0.257293701171875 0.0138092041015625 0.168609619140625
-0.399749755859375 -0.387054443359375 0.135910034179687 0.274368286132813
-0.371063232421875 -0.36053466796875 0.111907958984375 0.4779052734375
-0.535247802734375 -0.517303466796875 0.293853759765625 0.10894775390625
-0.53961181640625 -0.364410400390625 0.125396728515625 0.251907348632813
-0.512237548828125 -0.266357421875 0.209548950195312 0.210403442382812
-0.529876708984375 -0.0901489257812501 0.197860717773437 0.0859375
-0.49700927734375 0.0481872558593749 0.073211669921875 -0.071197509765625
-0.492645263671875 0.28369140625 -0.113670349121094 0.0131378173828125
-0.38702392578125 0.444671630859375 -0.170928955078125 0.136322021484375
-0.35784912109375 0.441864013671875 -0.128814697265625 0.199172973632813
-0.380828857421875 0.48895263671875 -0.104080200195313 0.232086181640625
-0.481201171875 0.408416748046875 -0.109207153320313 0.22857666015625
-0.5743408203125 0.20208740234375 -0.041229248046875 0.1741943359375
-0.60015869140625 0.06170654296875 -0.0255126953125 0.165557861328125
-0.540191650390625 -0.266326904296875 -0.0199050903320313 0.12286376953125
-0.524139404296875 -0.4173583984375 0.00625610351562497 0.180496215820312
-0.508544921875 -0.42950439453125 -0.022705078125 0.316314697265625
-0.59796142578125 -0.55084228515625 0.127861022949219 -0.05230712890625
-0.59912109375 -0.39007568359375 0.0193634033203125 0.1484375
-0.545166015625 -0.296966552734375 0.202774047851562 0.155731201171875
-0.568603515625 -0.1319580078125 0.228607177734375 0.0209197998046875
-0.551971435546875 0.0157775878906251 0.151702880859375 -0.135223388671875
-0.5655517578125 0.277587890625 0.0030593872070312 -0.112030029296875
-0.447479248046875 0.454986572265625 -0.0661125183105469 -0.0582847595214844
-0.403839111328125 0.459686279296875 -0.0439376831054688 -0.00846099853515622
-0.426544189453125 0.51019287109375 -0.0151824951171875 0.0301265716552735
-0.511749267578125 0.41998291015625 -0.0013542175292969 0.0685348510742188
-0.58880615234375 0.20269775390625 0.0311965942382812 0.0811233520507813
-0.5965576171875 0.0751953124999999 -0.00946044921875003 0.124214172363281
-0.54449462890625 -0.226837158203125 -0.0817489624023438 0.0685577392578125
-0.563232421875 -0.3756103515625 -0.149917602539063 0.07623291015625
-0.5706787109375 -0.430908203125 -0.180816650390625 0.1348876953125
-0.559112548828125 -0.484466552734375 -0.03466796875 -0.233840942382813
-0.537994384765625 -0.345916748046875 -0.0831375122070313 0.00405120849609372
-0.463226318359375 -0.29058837890625 0.164169311523437 0.07342529296875
-0.500732421875 -0.16766357421875 0.238189697265625 -0.04718017578125
-0.51678466796875 -0.025421142578125 0.223556518554687 -0.187667846679688
-0.553253173828125 0.230133056640625 0.129592895507812 -0.2342529296875
-0.438262939453125 0.398101806640625 0.05267333984375 -0.252227783203125
-0.388916015625 0.406890869140625 0.0487518310546875 -0.212600708007812
-0.413055419921875 0.44805908203125 0.074432373046875 -0.162185668945312
-0.465789794921875 0.35235595703125 0.0968399047851562 -0.0817108154296875
-0.50457763671875 0.149261474609375 0.0810699462890625 -0.00180816650390624
-0.4879150390625 0.060577392578125 -0.0136566162109375 0.0764007568359375
-0.453338623046875 -0.15777587890625 -0.150421142578125 0.00411987304687499
-0.516754150390625 -0.28485107421875 -0.289520263671875 -0.031219482421875
-0.554656982421875 -0.373931884765625 -0.331756591796875 -0.0400390625
-0.4342041015625 -0.330291748046875 -0.166595458984375 -0.396392822265625
-0.380218505859375 -0.236358642578125 -0.165298461914063 -0.149093627929688
-0.29840087890625 -0.225494384765625 0.10009765625 -0.0104598999023438
-0.34716796875 -0.1695556640625 0.224517822265625 -0.0991973876953125
-0.39190673828125 -0.0598449707031249 0.280364990234375 -0.218902587890625
-0.447235107421875 0.154022216796875 0.241546630859375 -0.339447021484375
-0.3612060546875 0.284820556640625 0.160736083984375 -0.4219970703125
-0.31622314453125 0.293914794921875 0.13427734375 -0.38543701171875
-0.339630126953125 0.31878662109375 0.15484619140625 -0.31207275390625
-0.358489990234375 0.226654052734375 0.175613403320312 -0.1881103515625
-0.3525390625 0.0676879882812501 0.104362487792969 -0.0527801513671875
-0.313995361328125 0.0345764160156251 -0.0353126525878906 0.0265884399414063
-0.311737060546875 -0.077362060546875 -0.203109741210938 -0.0726470947265625
-0.405029296875 -0.170318603515625 -0.380096435546875 -0.13458251953125
-0.4608154296875 -0.27142333984375 -0.4495849609375 -0.1922607421875
-0.24774169921875 -0.120498657226563 -0.24786376953125 -0.5057373046875
-0.1759033203125 -0.0774383544921875 -0.211349487304687 -0.268051147460938
-0.102020263671875 -0.103271484375 0.0332717895507812 -0.0778884887695313
-0.139511108398438 -0.118080139160156 0.201583862304688 -0.132919311523438
-0.196990966796875 -0.0681610107421875 0.303192138671875 -0.236328125
-0.261978149414063 0.0552520751953125 0.310333251953125 -0.416717529296875
-0.225479125976563 0.124404907226563 0.23675537109375 -0.541748046875
-0.194473266601563 0.1368408203125 0.198944091796875 -0.499053955078125
-0.216140747070313 0.144638061523438 0.21771240234375 -0.399017333984375
-0.202224731445312 0.07830810546875 0.227783203125 -0.237777709960938
-0.164596557617187 -0.00830078125000003 0.100273132324219 -0.0740814208984375
-0.12322998046875 0.0152130126953125 -0.06597900390625 -0.0282058715820313
-0.156402587890625 0.00454711914062498 -0.2266845703125 -0.156875610351562
-0.256759643554688 -0.0510101318359375 -0.408782958984375 -0.229400634765625
-0.304840087890625 -0.138427734375 -0.521881103515625 -0.306549072265625
0.0482025146484375 -0.0679702758789063 0.58734130859375 0.26934814453125
0.0582427978515625 -0.102912902832031 0.39990234375 0.27581787109375
-0.0389480590820313 -0.094451904296875 0.22442626953125 0.14251708984375
-0.0723876953125 -0.0149993896484375 0.107154846191406 0.07354736328125
-0.0459060668945313 0.0304603576660156 -0.106376647949219 0.0446929931640625
0.0111465454101563 0.0680503845214844 -0.280319213867188 0.265426635742188
0.0433807373046875 0.0657310485839844 -0.2686767578125 0.495452880859375
0.0386161804199219 0.0412788391113281 -0.224609375 0.57269287109375
0.0600929260253906 0.0415725708007813 -0.25665283203125 0.5909423828125
0.0304412841796875 0.071502685546875 -0.338958740234375 0.4805908203125
-0.0168533325195313 0.0910491943359375 -0.26458740234375 0.3145751953125
-0.0693016052246094 0.0608787536621094 -0.142486572265625 0.19732666015625
-0.101089477539063 -0.0352249145507813 -0.00579833984375002 0.211715698242188
-0.0322189331054688 -0.0854568481445313 0.260894775390625 0.351165771484375
0.0211200714111328 -0.0259761810302734 0.25848388671875 0.64825439453125
-0.196365356445312 -0.243484497070313 0.553009033203125 0.26922607421875
-0.173049926757813 -0.18914794921875 0.331787109375 0.311553955078125
-0.223724365234375 -0.1484375 0.214797973632813 0.20233154296875
-0.252365112304688 -0.025054931640625 0.138053894042969 0.116691589355469
-0.224655151367188 0.0612945556640625 -0.0593223571777344 0.02313232421875
-0.180572509765625 0.18902587890625 -0.259429931640625 0.219970703125
-0.114669799804688 0.253250122070313 -0.272430419921875 0.44451904296875
-0.115676879882812 0.228363037109375 -0.220794677734375 0.525604248046875
-0.119964599609375 0.241729736328125 -0.232757568359375 0.551513671875
-0.193008422851563 0.21673583984375 -0.29498291015625 0.465301513671875
-0.267898559570313 0.130142211914063 -0.20440673828125 0.30548095703125
-0.31048583984375 0.037628173828125 -0.0972747802734376 0.206695556640625
-0.29669189453125 -0.173431396484375 0.0234527587890625 0.207077026367188
-0.24359130859375 -0.27203369140625 0.238922119140625 0.34051513671875
-0.199234008789063 -0.2210693359375 0.22943115234375 0.611083984375
-0.420074462890625 -0.403350830078125 0.458038330078125 0.211029052734375
-0.40185546875 -0.2813720703125 0.24456787109375 0.30706787109375
-0.408843994140625 -0.204010009765625 0.213714599609375 0.225265502929688
-0.424468994140625 -0.041107177734375 0.171981811523438 0.120712280273438
-0.387908935546875 0.07843017578125 0.000394821166992163 -0.01824951171875
-0.358001708984375 0.27294921875 -0.205673217773438 0.1334228515625
-0.26416015625 0.39837646484375 -0.239898681640625 0.32415771484375
-0.25311279296875 0.381072998046875 -0.18487548828125 0.4010009765625
-0.272125244140625 0.414764404296875 -0.17401123046875 0.431243896484375
-0.371734619140625 0.354736328125 -0.210113525390625 0.384246826171875
-0.47216796875 0.190582275390625 -0.121292114257812 0.260589599609375
-0.511199951171875 0.0541992187499999 -0.0513153076171875 0.19921875
-0.47222900390625 -0.249755859375 0.0216522216796875 0.175933837890625
-0.434326171875 -0.386566162109375 0.154861450195313 0.276275634765625
-0.398101806640625 -0.36163330078125 0.1370849609375 0.493194580078125
-0.58074951171875 -0.51666259765625 0.310546875 0.09869384765625
-0.57501220703125 -0.3555908203125 0.140167236328125 0.258636474609375
-0.5487060546875 -0.2557373046875 0.222091674804687 0.210800170898437
-0.554168701171875 -0.0687255859375001 0.211868286132813 0.0837554931640625
-0.51495361328125 0.071990966796875 0.0732269287109375 -0.0793380737304688
-0.4984130859375 0.316650390625 -0.115821838378906 0.0153884887695313
-0.38134765625 0.480987548828125 -0.171188354492188 0.148193359375
-0.35223388671875 0.4754638671875 -0.12506103515625 0.213775634765625
-0.373809814453125 0.524749755859375 -0.098846435546875 0.245254516601563
-0.480072021484375 0.4464111328125 -0.105239868164063 0.2427978515625
-0.5909423828125 0.238037109375 -0.0339202880859375 0.178131103515625
-0.6224365234375 0.0901489257812499 -0.01593017578125 0.168960571289063
-0.57806396484375 -0.2557373046875 -0.0177459716796875 0.128608703613281
-0.5654296875 -0.412841796875 0.0159301757812499 0.184173583984375
-0.544281005859375 -0.4278564453125 -0.00811767578125004 0.33038330078125
-0.64727783203125 -0.54486083984375 0.133377075195312 -0.062469482421875
-0.63909912109375 -0.37652587890625 0.0248565673828125 0.156234741210938
-0.58642578125 -0.2882080078125 0.21453857421875 0.154373168945312
-0.5972900390625 -0.11285400390625 0.239959716796875 0.0152130126953125
-0.5726318359375 0.04156494140625 0.151214599609375 -0.147781372070313
-0.57684326171875 0.31292724609375 0.000328063964843728 -0.118827819824219
-0.444854736328125 0.49444580078125 -0.0700187683105469 -0.0566291809082031
-0.401214599609375 0.494903564453125 -0.0447616577148438 -0.00448226928710934
-0.42095947265625 0.5496826171875 -0.0130710601806641 0.0306549072265625
-0.51153564453125 0.458526611328125 0.000183105468749969 0.0707473754882813
-0.60595703125 0.237548828125 0.0378875732421875 0.0791091918945313
-0.61749267578125 0.10382080078125 -6.10351562500422E-05 0.125389099121094
-0.579345703125 -0.21337890625 -0.0849304199218751 0.0741043090820312
-0.60443115234375 -0.36627197265625 -0.15185546875 0.0838165283203124
-0.609619140625 -0.4263916015625 -0.179031372070313 0.149276733398438
-0.6046142578125 -0.4801025390625 -0.0411376953125 -0.244461059570313
-0.57269287109375 -0.3353271484375 -0.0868377685546875 0.01068115234375
-0.499053955078125 -0.2843017578125 0.17108154296875 0.0700836181640625
-0.529205322265625 -0.15283203125 0.245651245117188 -0.0550994873046875
-0.539398193359375 -0.00506591796875 0.225418090820312 -0.203414916992188
-0.5670166015625 0.26202392578125 0.126922607421875 -0.24853515625
-0.440185546875 0.434478759765625 0.0447235107421875 -0.261459350585938
-0.385833740234375 0.4407958984375 0.0434722900390625 -0.219284057617187
-0.40899658203125 0.483978271484375 0.0724029541015625 -0.173614501953125
-0.468170166015625 0.3870849609375 0.0960159301757812 -0.0897979736328125
-0.519805908203125 0.1771240234375 0.0872955322265625 -0.00825500488281249
-0.5030517578125 0.0852661132812501 -0.00691223144531254 0.0755081176757813
-0.48162841796875 -0.145904541015625 -0.159759521484375 0.00947570800781249
-0.552398681640625 -0.272125244140625 -0.300628662109375 -0.0212707519531251
-0.58990478515625 -0.3656005859375 -0.3416748046875 -0.025909423828125
-0.46673583984375 -0.325714111328125 -0.18505859375 -0.408294677734375
-0.404754638671875 -0.228271484375 -0.1795654296875 -0.146316528320313
-0.323394775390625 -0.225341796875 0.100616455078125 -0.0154037475585938
-0.36944580078125 -0.162017822265625 0.229232788085938 -0.107498168945313
-0.410552978515625 -0.044464111328125 0.282379150390625 -0.237152099609375
-0.45947265625 0.178466796875 0.237823486328125 -0.360321044921875
-0.364288330078125 0.313232421875 0.151123046875 -0.440948486328125
-0.314727783203125 0.320404052734375 0.12615966796875 -0.401031494140625
-0.3382568359375 0.345458984375 0.150848388671875 -0.331817626953125
-0.361968994140625 0.25091552734375 0.173049926757812 -0.203414916992188
-0.36474609375 0.08709716796875 0.108901977539062 -0.0612564086914063
-0.32354736328125 0.050567626953125 -0.0324497222900391 0.0251960754394531
-0.32733154296875 -0.066131591796875 -0.216934204101563 -0.06768798828125
-0.430938720703125 -0.156341552734375 -0.39849853515625 -0.124359130859375
-0.48992919921875 -0.2613525390625 -0.46929931640625 -0.17755126953125
-0.26318359375 -0.115219116210938 -0.2740478515625 -0.5179443359375
-0.1842041015625 -0.073089599609375 -0.233245849609375 -0.269454956054688
-0.112022399902344 -0.106201171875 0.02972412109375 -0.0820770263671875
-0.150634765625 -0.117706298828125 0.204193115234375 -0.142059326171875
-0.207855224609375 -0.0616912841796875 0.306182861328125 -0.25421142578125
-0.271041870117188 0.0682220458984375 0.306365966796875 -0.44219970703125
-0.229202270507813 0.141036987304687 0.22393798828125 -0.56805419921875
-0.1966552734375 0.15106201171875 0.18902587890625 -0.5224609375
-0.21856689453125 0.159439086914063 0.212005615234375 -0.4249267578125
-0.206924438476562 0.089599609375 0.225006103515625 -0.256622314453125
-0.171417236328125 -0.00210571289062501 0.10345458984375 -0.0821075439453125
-0.126327514648438 0.0214462280273437 -0.0680465698242188 -0.0288276672363281
-0.161392211914063 0.013702392578125 -0.242935180664063 -0.154098510742188
-0.270278930664062 -0.0382843017578125 -0.432281494140625 -0.219879150390625
-0.3236083984375 -0.130157470703125 -0.551055908203125 -0.29449462890625
0.0466232299804688 -0.0725021362304688 0.623046875 0.23748779296875
0.0527191162109375 -0.111129760742188 0.432220458984375 0.25604248046875
-0.0482101440429688 -0.0949783325195313 0.241256713867188 0.133499145507813
-0.0760879516601563 -0.00982666015624999 0.117645263671875 0.0680618286132812
-0.0467262268066406 0.0360336303710938 -0.1065673828125 0.0529708862304687
0.019256591796875 0.070159912109375 -0.269927978515625 0.29376220703125
0.0521163940429687 0.0644760131835938 -0.24432373046875 0.52801513671875
0.0435066223144531 0.0410842895507813 -0.1947021484375 0.60723876953125
0.0663185119628906 0.0387420654296875 -0.223876953125 0.6314697265625
0.0390090942382813 0.0716323852539063 -0.314605712890625 0.521636962890625
-0.00961303710937501 0.0967178344726563 -0.250213623046875 0.3428955078125
-0.0686149597167969 0.0675582885742188 -0.130691528320312 0.213607788085938
-0.108863830566406 -0.0285415649414062 0.015472412109375 0.22308349609375
-0.039947509765625 -0.0867996215820313 0.296661376953125 0.34326171875
0.0226612091064453 -0.0325241088867187 0.3145751953125 0.6536865234375
-0.222335815429687 -0.23541259765625 0.58917236328125 0.2392578125
-0.192794799804688 -0.182144165039063 0.364776611328125 0.298828125
-0.244613647460938 -0.137054443359375 0.234100341796875 0.196319580078125
-0.264236450195313 -0.00633239746093755 0.154037475585937 0.11126708984375
-0.229080200195313 0.0815277099609375 -0.0589485168457031 0.0262870788574219
-0.171035766601563 0.20953369140625 -0.251922607421875 0.243576049804687
-0.0970611572265625 0.271957397460938 -0.25042724609375 0.477569580078125
-0.102005004882812 0.24530029296875 -0.19219970703125 0.5596923828125
-0.106002807617188 0.259689331054687 -0.20257568359375 0.58831787109375
-0.182113647460937 0.239410400390625 -0.27191162109375 0.504241943359375
-0.266830444335938 0.156478881835938 -0.188720703125 0.32696533203125
-0.319610595703125 0.0610351562500001 -0.08343505859375 0.218215942382813
-0.323333740234375 -0.158599853515625 0.0430755615234375 0.215118408203125
-0.27435302734375 -0.26580810546875 0.27447509765625 0.33154296875
-0.219512939453125 -0.21856689453125 0.28302001953125 0.615234375
-0.4678955078125 -0.385284423828125 0.488372802734375 0.184722900390625
-0.437530517578125 -0.260772705078125 0.275390625 0.301300048828125
-0.444671630859375 -0.182281494140625 0.234832763671875 0.221328735351562
-0.4427490234375 -0.008514404296875 0.189666748046875 0.114364624023438
-0.395538330078125 0.110595703125 -0.000141143798828149 -0.0216388702392578
-0.34893798828125 0.311004638671875 -0.202163696289063 0.14996337890625
-0.240509033203125 0.433258056640625 -0.22564697265625 0.352142333984375
-0.2332763671875 0.4136962890625 -0.16351318359375 0.428985595703125
-0.249267578125 0.450775146484375 -0.151123046875 0.4588623046875
-0.356964111328125 0.395843505859375 -0.188507080078125 0.413421630859375
-0.475494384765625 0.235260009765625 -0.105361938476563 0.274887084960938
-0.527618408203125 0.0941162109374999 -0.0352935791015625 0.205413818359375
-0.51202392578125 -0.22607421875 0.037261962890625 0.18212890625
-0.4814453125 -0.370574951171875 0.181793212890625 0.271011352539063
-0.4365234375 -0.349395751953125 0.17950439453125 0.50054931640625
-0.64404296875 -0.48974609375 0.32928466796875 0.07672119140625
-0.62158203125 -0.32354736328125 0.163330078125 0.261260986328125
-0.59661865234375 -0.224365234375 0.24151611328125 0.20538330078125
-0.58001708984375 -0.028076171875 0.228347778320312 0.0735321044921875
-0.526031494140625 0.114654541015625 0.0708770751953125 -0.089935302734375
-0.49298095703125 0.36474609375 -0.118667602539063 0.0211029052734375
-0.358489990234375 0.52752685546875 -0.166458129882813 0.16558837890625
-0.3306884765625 0.517059326171875 -0.112899780273438 0.230667114257813
-0.34783935546875 0.571533203125 -0.0852508544921875 0.259902954101563
-0.46405029296875 0.499237060546875 -0.0912933349609375 0.260040283203125
-0.59625244140625 0.29315185546875 -0.02081298828125 0.1824951171875
-0.63909912109375 0.138916015625 -2.86307045795692E-17 0.1715087890625
-0.622802734375 -0.22344970703125 -0.0094070434570313 0.135147094726563
-0.6201171875 -0.3868408203125 0.0300903320312499 0.186203002929687
-0.59222412109375 -0.40667724609375 0.0183715820312499 0.343902587890625
-0.71246337890625 -0.51702880859375 0.134506225585937 -0.0780410766601563
-0.6903076171875 -0.341796875 0.0368804931640625 0.163482666015625
-0.63519287109375 -0.2579345703125 0.229293823242188 0.145782470703125
-0.62640380859375 -0.07177734375 0.252883911132812 0.001556396484375
-0.58990478515625 0.08599853515625 0.147491455078125 -0.16552734375
-0.57403564453125 0.36578369140625 -0.00770568847656254 -0.125633239746094
-0.42376708984375 0.546600341796875 -0.076202392578125 -0.0517959594726562
-0.377685546875 0.5416259765625 -0.0443077087402344 0.00106048583984378
-0.3948974609375 0.60150146484375 -0.0115966796875 0.0310249328613282
-0.49359130859375 0.51513671875 0.00440216064453122 0.0734634399414063
-0.612060546875 0.29248046875 0.0467758178710937 0.073944091796875
-0.63226318359375 0.154296875 0.0125808715820312 0.1239013671875
-0.61920166015625 -0.1776123046875 -0.0844955444335938 0.083099365234375
-0.65655517578125 -0.33404541015625 -0.150222778320313 0.095733642578125
-0.6630859375 -0.396728515625 -0.170761108398437 0.168914794921875
-0.6650390625 -0.45361328125 -0.0582580566406251 -0.253982543945313
-0.61907958984375 -0.30291748046875 -0.0912399291992188 0.0200729370117187
-0.54534912109375 -0.26129150390625 0.178787231445312 0.0610198974609375
-0.561187744140625 -0.11944580078125 0.252593994140625 -0.07220458984375
-0.55865478515625 0.0341491699218751 0.219696044921875 -0.227371215820313
-0.5699462890625 0.31231689453125 0.114425659179687 -0.267288208007812
-0.423858642578125 0.485198974609375 0.03009033203125 -0.271820068359375
-0.36773681640625 0.484161376953125 0.03302001953125 -0.2269287109375
-0.389862060546875 0.53265380859375 0.06341552734375 -0.186935424804688
-0.455352783203125 0.435394287109375 0.0920791625976562 -0.0999908447265625
-0.527984619140625 0.224884033203125 0.0919570922851562 -0.0187454223632812
-0.513671875 0.124755859375 0.00166320800781248 0.0740280151367188
-0.51171875 -0.11553955078125 -0.16741943359375 0.02105712890625
-0.59625244140625 -0.2391357421875 -0.31280517578125 -0.00103759765625004
-0.63690185546875 -0.3350830078125 -0.350433349609375 -0.000671386718749999
-0.511138916015625 -0.304962158203125 -0.218292236328125 -0.41455078125
-0.43505859375 -0.205291748046875 -0.197723388671875 -0.136825561523437
-0.356201171875 -0.21234130859375 0.101570129394531 -0.0236053466796875
-0.3953857421875 -0.14117431640625 0.231048583984375 -0.12548828125
-0.429840087890625 -0.0157775878906249 0.2774658203125 -0.264358520507812
-0.4649658203125 0.21832275390625 0.22412109375 -0.38922119140625
-0.354461669921875 0.355133056640625 0.12811279296875 -0.464935302734375
-0.3038330078125 0.35418701171875 0.10589599609375 -0.420074462890625
-0.32574462890625 0.38287353515625 0.134033203125 -0.357025146484375
-0.354583740234375 0.287811279296875 0.163681030273437 -0.223983764648437
-0.37237548828125 0.117645263671875 0.110374450683594 -0.073822021484375
-0.329620361328125 0.07611083984375 -0.0296878814697266 0.0245323181152344
-0.344024658203125 -0.041900634765625 -0.23321533203125 -0.0550079345703126
-0.459625244140625 -0.126983642578125 -0.420562744140625 -0.0988769531250001
-0.527679443359375 -0.23345947265625 -0.494659423828125 -0.14794921875
-0.282806396484375 -0.10028076171875 -0.31756591796875 -0.521514892578125
-0.196914672851563 -0.0619354248046875 -0.263351440429688 -0.26116943359375
-0.125839233398438 -0.103202819824219 0.0235214233398437 -0.0873260498046875
-0.166412353515625 -0.111297607421875 0.201004028320313 -0.15924072265625
-0.22021484375 -0.0484161376953125 0.301605224609375 -0.28167724609375
-0.27740478515625 0.0902557373046875 0.289093017578125 -0.477020263671875
-0.2274169921875 0.165939331054687 0.19427490234375 -0.599609375
-0.193954467773438 0.171890258789062 0.161285400390625 -0.5516357421875
-0.215972900390625 0.181564331054688 0.1922607421875 -0.45672607421875
-0.207244873046875 0.107833862304687 0.21282958984375 -0.2830810546875
-0.178787231445313 0.0106048583984375 0.10223388671875 -0.0939178466796875
-0.126182556152344 0.0319366455078125 -0.0722808837890625 -0.0282821655273437
-0.165206909179688 0.02935791015625 -0.265335083007813 -0.1431884765625
-0.283843994140625 -0.015594482421875 -0.460906982421875 -0.19525146484375
-0.347900390625 -0.108123779296875 -0.5877685546875 -0.2623291015625
0.0427780151367188 -0.0756072998046875 0.64642333984375 0.18463134765625
0.0434799194335937 -0.118293762207031 0.45550537109375 0.218841552734375
-0.0578155517578125 -0.0916061401367188 0.253372192382813 0.115188598632812
-0.0784683227539063 -0.00299072265624999 0.126228332519531 0.0579910278320312
-0.0451011657714844 0.0417976379394531 -0.102920532226563 0.062286376953125
0.0288162231445312 0.0688705444335937 -0.243988037109375 0.31976318359375
0.0602378845214844 0.0600738525390625 -0.2003173828125 0.553192138671875
0.0489616394042969 0.03692626953125 -0.143798828125 0.62799072265625
0.0709762573242188 0.0325851440429688 -0.16943359375 0.65716552734375
0.0481452941894531 0.0681800842285156 -0.268798828125 0.5548095703125
0.00083160400390625 0.09881591796875 -0.220458984375 0.3658447265625
-0.0636062622070313 0.0743637084960938 -0.108657836914063 0.225250244140625
-0.113182067871094 -0.0179672241210938 0.04351806640625 0.224655151367188
-0.049468994140625 -0.08489990234375 0.331878662109375 0.316650390625
0.02215576171875 -0.0388221740722656 0.37591552734375 0.62811279296875
-0.244873046875 -0.213531494140625 0.61279296875 0.1875
-0.21038818359375 -0.165084838867188 0.3922119140625 0.26824951171875
-0.262466430664063 -0.11395263671875 0.251327514648438 0.180618286132813
-0.266342163085938 0.0192413330078125 0.1673583984375 0.098236083984375
-0.223709106445313 0.1046142578125 -0.0572738647460938 0.0294380187988281
-0.150283813476562 0.227081298828125 -0.230728149414063 0.265533447265625
-0.070220947265625 0.283660888671875 -0.211669921875 0.5
-0.07843017578125 0.256454467773437 -0.14501953125 0.58026123046875
-0.0819244384765625 0.272216796875 -0.15069580078125 0.61004638671875
-0.159713745117188 0.2581787109375 -0.22705078125 0.532928466796875
-0.254287719726563 0.183746337890625 -0.1597900390625 0.344696044921875
-0.318023681640625 0.09075927734375 -0.0608062744140625 0.224639892578125
-0.343414306640625 -0.13037109375 0.06927490234375 0.214187622070313
-0.303253173828125 -0.24371337890625 0.308013916015625 0.307281494140625
-0.240402221679688 -0.2044677734375 0.34100341796875 0.59417724609375
-0.508056640625 -0.342498779296875 0.506866455078125 0.1412353515625
-0.464324951171875 -0.221221923828125 0.302581787109375 0.280670166015625
-0.4697265625 -0.138916015625 0.253814697265625 0.205474853515625
-0.44744873046875 0.0343017578125001 0.204910278320312 0.0991973876953125
-0.3876953125 0.149566650390625 -0.00218391418457034 -0.0239009857177734
-0.322601318359375 0.347015380859375 -0.19024658203125 0.166519165039063
-0.20001220703125 0.459136962890625 -0.197052001953125 0.37176513671875
-0.196380615234375 0.436553955078125 -0.126556396484375 0.444549560546875
-0.20977783203125 0.4776611328125 -0.111663818359375 0.475067138671875
-0.3233642578125 0.433258056640625 -0.15093994140625 0.4368896484375
-0.45806884765625 0.282470703125 -0.080078125 0.282684326171875
-0.5240478515625 0.143524169921875 -0.013916015625 0.20538330078125
-0.541229248046875 -0.18011474609375 0.0570831298828125 0.181228637695312
-0.522918701171875 -0.32965087890625 0.209060668945313 0.254302978515625
-0.470458984375 -0.315338134765625 0.229156494140625 0.488677978515625
-0.6968994140625 -0.43133544921875 0.33837890625 0.04534912109375
-0.6571044921875 -0.267578125 0.187271118164062 0.25018310546875
-0.62799072265625 -0.170654296875 0.258377075195312 0.188674926757812
-0.5867919921875 0.02728271484375 0.239730834960937 0.055419921875
-0.519866943359375 0.16510009765625 0.0624160766601562 -0.099639892578125
-0.465087890625 0.41357421875 -0.118148803710938 0.0287628173828125
-0.310302734375 0.5648193359375 -0.153335571289063 0.181289672851563
-0.284515380859375 0.55035400390625 -0.0914154052734375 0.24261474609375
-0.2979736328125 0.61004638671875 -0.0627288818359375 0.268600463867188
-0.41943359375 0.548248291015625 -0.0674896240234375 0.270767211914063
-0.5755615234375 0.3524169921875 -0.00386047363281254 0.18133544921875
-0.633056640625 0.19952392578125 0.0186614990234375 0.16680908203125
-0.65216064453125 -0.16632080078125 0.00366210937499997 0.137374877929687
-0.6640625 -0.3326416015625 0.0483398437499999 0.182876586914062
-0.63531494140625 -0.35784912109375 0.0536499023437499 0.3458251953125
-0.7703857421875 -0.4534912109375 0.128959655761719 -0.094329833984375
-0.727783203125 -0.27685546875 0.0514984130859375 0.164199829101562
-0.67144775390625 -0.2001953125 0.241180419921875 0.129287719726563
-0.63836669921875 -0.0105590820312499 0.257156372070312 -0.0200958251953125
-0.58624267578125 0.140625 0.132110595703125 -0.182479858398438
-0.5472412109375 0.421966552734375 -0.0193023681640625 -0.128082275390625
-0.37664794921875 0.59051513671875 -0.0801773071289063 -0.0444259643554687
-0.331298828125 0.5789794921875 -0.0412483215332031 0.00601959228515628
-0.3428955078125 0.64422607421875 -0.0103263854980469 0.0303955078125
-0.45074462890625 0.567626953125 0.011688232421875 0.0740737915039063
-0.59185791015625 0.353759765625 0.0551681518554687 0.06500244140625
-0.62298583984375 0.2132568359375 0.0269546508789062 0.118171691894531
-0.64324951171875 -0.1229248046875 -0.0793304443359375 0.0913925170898437
-0.69671630859375 -0.274658203125 -0.142730712890625 0.108505249023437
-0.70294189453125 -0.34039306640625 -0.151199340820313 0.185623168945313
-0.71710205078125 -0.3934326171875 -0.0810394287109376 -0.255447387695313
-0.65179443359375 -0.24542236328125 -0.0904617309570313 0.031494140625
-0.58184814453125 -0.21197509765625 0.18377685546875 0.0461578369140625
-0.57672119140625 -0.0684814453125001 0.249649047851562 -0.093780517578125
-0.55877685546875 0.08526611328125 0.199691772460937 -0.249755859375
-0.547943115234375 0.367034912109375 0.092681884765625 -0.28125
-0.381439208984375 0.52874755859375 0.00831604003906249 -0.274810791015625
-0.327880859375 0.520904541015625 0.0168304443359375 -0.230239868164062
-0.343505859375 0.5733642578125 0.046051025390625 -0.196395874023437
-0.41766357421875 0.481842041015625 0.083404541015625 -0.109512329101562
-0.51190185546875 0.27655029296875 0.0922393798828125 -0.0321731567382812
-0.506591796875 0.1748046875 0.00996780395507809 0.068023681640625
-0.526824951171875 -0.0674438476562501 -0.169326782226563 0.036865234375
-0.62518310546875 -0.18359375 -0.31396484375 0.026885986328125
-0.67437744140625 -0.27691650390625 -0.34814453125 0.031951904296875
-0.547760009765625 -0.257537841796875 -0.25592041015625 -0.40216064453125
-0.458587646484375 -0.16522216796875 -0.213043212890625 -0.11700439453125
-0.385833740234375 -0.181610107421875 0.097564697265625 -0.0328140258789063
-0.41351318359375 -0.106536865234375 0.221588134765625 -0.146255493164063
-0.433380126953125 0.0234069824218751 0.25518798828125 -0.2900390625
-0.45208740234375 0.261932373046875 0.1927490234375 -0.413421630859375
-0.324249267578125 0.391448974609375 0.0914306640625 -0.4765625
-0.274749755859375 0.384613037109375 0.07269287109375 -0.43182373046875
-0.2938232421875 0.417938232421875 0.102203369140625 -0.3743896484375
-0.33050537109375 0.3211669921875 0.143280029296875 -0.2408447265625
-0.3638916015625 0.1534423828125 0.105712890625 -0.0886993408203125
-0.32220458984375 0.10809326171875 -0.0269889831542969 0.0221061706542969
-0.34967041015625 -0.00872802734374997 -0.243240356445313 -0.0340576171875001
-0.477569580078125 -0.082427978515625 -0.43133544921875 -0.0626525878906249
-0.554443359375 -0.1845703125 -0.50701904296875 -0.10284423828125
-0.297027587890625 -0.074432373046875 -0.36590576171875 -0.50054931640625
-0.204620361328125 -0.043182373046875 -0.291534423828125 -0.2374267578125
-0.139396667480469 -0.0933303833007813 0.0135421752929687 -0.0905532836914063
-0.179367065429688 -0.0978851318359375 0.187698364257813 -0.1773681640625
-0.225845336914063 -0.0287628173828125 0.278167724609375 -0.309356689453125
-0.273895263671875 0.115509033203125 0.251220703125 -0.5052490234375
-0.214370727539063 0.188934326171875 0.14642333984375 -0.6214599609375
-0.180313110351563 0.191497802734375 0.11822509765625 -0.56939697265625
-0.202377319335938 0.202835083007813 0.152069091796875 -0.48004150390625
-0.198638916015625 0.127044677734375 0.18804931640625 -0.303955078125
-0.17889404296875 0.0267333984375 0.0941925048828125 -0.106330871582031
-0.121330261230469 0.0432281494140625 -0.0759429931640625 -0.0258407592773438
-0.161483764648438 0.0469970703125 -0.283538818359375 -0.121063232421875
-0.28802490234375 0.0142822265624999 -0.479766845703125 -0.1539306640625
-0.36138916015625 -0.0737609863281251 -0.61285400390625 -0.2103271484375
0.0384979248046875 -0.077606201171875 0.64349365234375 0.130126953125
0.0332870483398438 -0.120964050292969 0.45880126953125 0.17584228515625
-0.06402587890625 -0.0848617553710938 0.254989624023438 0.096710205078125
-0.0770797729492188 0.00365447998046874 0.129829406738281 0.0471115112304688
-0.0414886474609375 0.0460128784179687 -0.0949783325195312 0.0686111450195313
0.0361366271972656 0.0644721984863281 -0.212799072265625 0.3306884765625
0.06573486328125 0.0527992248535156 -0.15399169921875 0.55615234375
0.0528297424316406 0.0323562622070312 -0.0949096679687501 0.624267578125
0.073272705078125 0.0260772705078125 -0.11328125 0.65509033203125
0.0543098449707031 0.0620613098144531 -0.2154541015625 0.561126708984375
0.0110855102539062 0.09759521484375 -0.18426513671875 0.372039794921875
-0.0570602416992188 0.0781326293945313 -0.084808349609375 0.226211547851562
-0.113670349121094 -0.00772094726562501 0.0680389404296875 0.215866088867188
-0.0550384521484375 -0.0803146362304688 0.351593017578125 0.27996826171875
0.0196914672851563 -0.0439414978027344 0.41705322265625 0.5833740234375
-0.25506591796875 -0.186737060546875 0.61041259765625 0.13360595703125
-0.217315673828125 -0.143630981445313 0.402679443359375 0.2296142578125
-0.26837158203125 -0.0882415771484376 0.257705688476563 0.160781860351563
-0.259262084960938 0.0418243408203125 0.174911499023437 0.0840301513671875
-0.21014404296875 0.121063232421875 -0.0533561706542969 0.032562255859375
-0.126815795898438 0.234542846679687 -0.204315185546875 0.275558471679688
-0.043426513671875 0.28173828125 -0.1695556640625 0.505950927734375
-0.05517578125 0.256088256835938 -0.09661865234375 0.57684326171875
-0.0567169189453125 0.273513793945313 -0.0987548828125001 0.60748291015625
-0.132644653320313 0.265472412109375 -0.17633056640625 0.538116455078125
-0.232528686523437 0.2021484375 -0.127044677734375 0.346405029296875
-0.304656982421875 0.11553955078125 -0.0384521484375 0.21990966796875
-0.3482666015625 -0.099365234375 0.09039306640625 0.202377319335938
-0.318115234375 -0.214263916015625 0.32769775390625 0.271759033203125
-0.250534057617188 -0.18450927734375 0.3822021484375 0.553802490234375
-0.52447509765625 -0.288909912109375 0.50445556640625 0.0955810546875
-0.470062255859375 -0.1763916015625 0.317169189453125 0.25054931640625
-0.475341796875 -0.0966491699218751 0.261611938476562 0.186431884765625
-0.4329833984375 0.07110595703125 0.211318969726563 0.0824737548828125
-0.36572265625 0.176910400390625 -0.00511360168457033 -0.0247097015380859
-0.286102294921875 0.364013671875 -0.173294067382812 0.175308227539063
-0.15673828125 0.464447021484375 -0.16571044921875 0.379150390625
-0.1553955078125 0.44207763671875 -0.08831787109375 0.443634033203125
-0.1646728515625 0.485198974609375 -0.070831298828125 0.472137451171875
-0.27740478515625 0.449737548828125 -0.111358642578125 0.43731689453125
-0.423828125 0.31524658203125 -0.0552215576171875 0.277725219726562
-0.501251220703125 0.183837890625 0.00599670410156247 0.196090698242188
-0.544769287109375 -0.132293701171875 0.0739898681640625 0.171051025390625
-0.54168701171875 -0.279327392578125 0.225311279296875 0.22845458984375
-0.485382080078125 -0.2742919921875 0.265228271484375 0.457550048828125
-0.7166748046875 -0.35986328125 0.332122802734375 0.015777587890625
-0.6634521484375 -0.20263671875 0.202865600585938 0.2315673828125
-0.63543701171875 -0.11114501953125 0.265029907226562 0.167816162109375
-0.571533203125 0.0765380859375001 0.241180419921875 0.0355377197265625
-0.49249267578125 0.201873779296875 0.0512237548828125 -0.103912353515625
-0.420318603515625 0.440521240234375 -0.114997863769531 0.0347671508789063
-0.2562255859375 0.57574462890625 -0.136093139648438 0.188613891601563
-0.234405517578125 0.558563232421875 -0.06951904296875 0.24310302734375
-0.23968505859375 0.62091064453125 -0.04150390625 0.266830444335938
-0.3634033203125 0.57110595703125 -0.0436859130859375 0.270004272460938
-0.533905029296875 0.394012451171875 0.0115814208984375 0.171600341796875
-0.60260009765625 0.2479248046875 0.033233642578125 0.154678344726563
-0.65350341796875 -0.11041259765625 0.0157089233398437 0.132698059082031
-0.681396484375 -0.27093505859375 0.0621795654296875 0.171920776367188
-0.6480712890625 -0.29913330078125 0.0832214355468749 0.332275390625
-0.793701171875 -0.3740234375 0.117759704589844 -0.105415344238281
-0.733642578125 -0.206787109375 0.0629577636718749 0.15948486328125
-0.6810302734375 -0.13525390625 0.243118286132812 0.109588623046875
-0.6258544921875 0.0429687500000001 0.252197265625 -0.039031982421875
-0.55853271484375 0.18389892578125 0.112350463867187 -0.190185546875
-0.504150390625 0.456573486328125 -0.030731201171875 -0.126396179199219
-0.32037353515625 0.60711669921875 -0.0813522338867188 -0.0375747680664062
-0.2781982421875 0.5902099609375 -0.0373916625976563 0.00825500488281254
-0.282958984375 0.65850830078125 -0.00908470153808596 0.029928207397461
-0.39300537109375 0.5908203125 0.0177688598632812 0.07098388671875
-0.54925537109375 0.395355224609375 0.059478759765625 0.0538177490234375
-0.59075927734375 0.25970458984375 0.0366744995117187 0.105262756347656
-0.639892578125 -0.0669555664062499 -0.0708618164062501 0.0950927734375
-0.707763671875 -0.21002197265625 -0.130500793457031 0.11553955078125
-0.71563720703125 -0.27496337890625 -0.1282958984375 0.193923950195313
-0.7357177734375 -0.322265625 -0.0999145507812501 -0.2467041015625
-0.65655517578125 -0.18255615234375 -0.0860977172851563 0.0404129028320312
-0.59246826171875 -0.15643310546875 0.180328369140625 0.0316009521484375
-0.57135009765625 -0.0193481445312499 0.235977172851562 -0.111221313476562
-0.538665771484375 0.128082275390625 0.173721313476562 -0.260635375976563
-0.508697509765625 0.40301513671875 0.0670166015624999 -0.284271240234375
-0.331817626953125 0.549468994140625 -0.0111541748046875 -0.268722534179687
-0.27972412109375 0.53277587890625 0.001983642578125 -0.226531982421875
-0.28936767578125 0.58917236328125 0.0278167724609375 -0.197189331054687
-0.368499755859375 0.506011962890625 0.0716018676757812 -0.1141357421875
-0.47967529296875 0.312103271484375 0.0868377685546875 -0.04412841796875
-0.478240966796875 0.2117919921875 0.0162506103515625 0.0597915649414063
-0.519744873046875 -0.0218811035156249 -0.164306640625 0.048828125
-0.62872314453125 -0.12652587890625 -0.30413818359375 0.0502014160156249
-0.680419921875 -0.2138671875 -0.331512451171875 0.059112548828125
-0.558868408203125 -0.203125 -0.283172607421875 -0.37762451171875
-0.4609375 -0.119598388671875 -0.21826171875 -0.094635009765625
-0.395904541015625 -0.144622802734375 0.0904006958007812 -0.0405197143554688
-0.414703369140625 -0.07098388671875 0.203887939453125 -0.159561157226563
-0.42144775390625 0.0559387207031251 0.223419189453125 -0.30322265625
-0.423553466796875 0.29290771484375 0.156280517578125 -0.419189453125
-0.286285400390625 0.409210205078125 0.05511474609375 -0.472381591796875
-0.2384033203125 0.396575927734375 0.041778564453125 -0.42803955078125
-0.254058837890625 0.43243408203125 0.06939697265625 -0.375732421875
-0.2952880859375 0.341705322265625 0.120010375976562 -0.246551513671875
-0.343719482421875 0.178985595703125 0.0960693359375 -0.0980453491210937
-0.303558349609375 0.130859375 -0.0249557495117188 0.018819808959961
-0.34033203125 0.02191162109375 -0.243392944335938 -0.0141448974609375
-0.475250244140625 -0.036590576171875 -0.424591064453125 -0.02471923828125
-0.5572509765625 -0.130340576171875 -0.498077392578125 -0.0614929199218751
-0.299102783203125 -0.046356201171875 -0.3978271484375 -0.464599609375
-0.203292846679688 -0.02362060546875 -0.3052978515625 -0.206939697265625
-0.146743774414063 -0.0796356201171875 0.0031585693359375 -0.0904159545898438
-0.184036254882813 -0.081787109375 0.166900634765625 -0.186553955078125
-0.223602294921875 -0.0107269287109375 0.247100830078125 -0.322601318359375
-0.260360717773438 0.135467529296875 0.207733154296875 -0.511993408203125
-0.194869995117188 0.203567504882812 0.097900390625 -0.6168212890625
-0.162094116210938 0.201446533203125 0.07403564453125 -0.56610107421875
-0.18206787109375 0.2152099609375 0.109466552734375 -0.481536865234375
-0.184188842773438 0.140487670898438 0.158172607421875 -0.311370849609375
-0.172531127929687 0.0390777587890625 0.0827102661132812 -0.112602233886719
-0.111968994140625 0.0519180297851563 -0.0780563354492188 -0.0221786499023437
-0.151397705078125 0.061248779296875 -0.288848876953125 -0.095489501953125
-0.281341552734375 0.042205810546875 -0.47747802734375 -0.11187744140625
-0.359619140625 -0.038330078125 -0.6109619140625 -0.15545654296875
0.0357818603515625 -0.0776443481445313 0.624755859375 0.09521484375
0.0262069702148438 -0.12139892578125 0.44647216796875 0.148773193359375
-0.0665206909179688 -0.0790176391601563 0.249603271484375 0.086212158203125
-0.0747222900390625 0.00797271728515625 0.13055419921875 0.0406417846679688
-0.0386009216308594 0.04766845703125 -0.0876922607421875 0.0707550048828125
0.0399398803710938 0.0603675842285156 -0.188323974609375 0.32867431640625
0.0684165954589844 0.046600341796875 -0.12554931640625 0.544769287109375
0.0539093017578125 0.0283317565917969 -0.0628051757812501 0.607177734375
0.0735397338867187 0.0209808349609375 -0.07696533203125 0.6365966796875
0.05743408203125 0.0563583374023437 -0.178802490234375 0.550994873046875
0.016937255859375 0.0939559936523438 -0.158203125 0.36395263671875
-0.052154541015625 0.0795364379882813 -0.0673980712890625 0.218414306640625
-0.111274719238281 -0.000930786132812515 0.0839385986328125 0.203872680664063
-0.0576400756835937 -0.0763168334960938 0.354156494140625 0.248779296875
0.0166854858398437 -0.0481986999511719 0.429931640625 0.543548583984375
-0.254806518554688 -0.16522216796875 0.593994140625 0.100341796875
-0.215988159179687 -0.1282958984375 0.396148681640625 0.203094482421875
-0.264785766601563 -0.0693511962890626 0.255691528320313 0.149429321289063
-0.247421264648438 0.0540618896484376 0.176040649414062 0.0740509033203125
-0.196762084960938 0.128021240234375 -0.0496826171875 0.0325698852539063
-0.108856201171875 0.232940673828125 -0.18353271484375 0.274566650390625
-0.0263519287109375 0.273757934570313 -0.1417236328125 0.4969482421875
-0.0397491455078125 0.249359130859375 -0.0682678222656251 0.561370849609375
-0.0395050048828125 0.266159057617188 -0.06597900390625 0.5906982421875
-0.112564086914063 0.262466430664063 -0.142425537109375 0.526611328125
-0.213638305664063 0.208267211914063 -0.105224609375 0.33612060546875
-0.289825439453125 0.127105712890625 -0.0237884521484375 0.208602905273438
-0.34356689453125 -0.07843017578125 0.10333251953125 0.189193725585938
-0.32159423828125 -0.19122314453125 0.330474853515625 0.242828369140625
-0.25164794921875 -0.169082641601563 0.396453857421875 0.514678955078125
-0.521820068359375 -0.24957275390625 0.490234375 0.067138671875
-0.4622802734375 -0.14385986328125 0.31640625 0.226409912109375
-0.46856689453125 -0.062469482421875 0.260513305664063 0.171875
-0.414276123046875 0.09307861328125 0.211883544921875 0.0704345703125
-0.343841552734375 0.188812255859375 -0.00672340393066408 -0.0250244140625
-0.256256103515625 0.36669921875 -0.159835815429688 0.175277709960938
-0.127044677734375 0.455291748046875 -0.143280029296875 0.373809814453125
-0.12786865234375 0.433380126953125 -0.066314697265625 0.43096923828125
-0.13433837890625 0.477142333984375 -0.04693603515625 0.458648681640625
-0.24261474609375 0.447967529296875 -0.08465576171875 0.42596435546875
-0.392486572265625 0.329071044921875 -0.0394439697265625 0.265701293945312
-0.476715087890625 0.203643798828125 0.0170135498046875 0.182296752929688
-0.536895751953125 -0.100860595703125 0.0830841064453125 0.159317016601562
-0.54254150390625 -0.243133544921875 0.229354858398437 0.206253051757812
-0.482635498046875 -0.241851806640625 0.27935791015625 0.4288330078125
-0.71173095703125 -0.30731201171875 0.320281982421875 -0.00326538085937502
-0.64984130859375 -0.16009521484375 0.206024169921875 0.214508056640625
-0.62371826171875 -0.0676269531249999 0.262741088867187 0.15380859375
-0.547943115234375 0.104888916015625 0.2376708984375 0.0239105224609375
-0.464324951171875 0.219970703125 0.0423202514648437 -0.10382080078125
-0.385406494140625 0.4483642578125 -0.111106872558594 0.0378341674804688
-0.21856689453125 0.5701904296875 -0.124374389648438 0.189773559570313
-0.199859619140625 0.550933837890625 -0.0567474365234375 0.23760986328125
-0.20068359375 0.61248779296875 -0.0296783447265625 0.259124755859375
-0.321533203125 0.569091796875 -0.0271453857421875 0.261093139648438
-0.496124267578125 0.410919189453125 0.019378662109375 0.159774780273438
-0.57086181640625 0.27093505859375 0.0403594970703125 0.140335083007813
-0.638916015625 -0.0734252929687501 0.022705078125 0.125869750976563
-0.67633056640625 -0.22454833984375 0.0684814453125 0.160385131835938
-0.64202880859375 -0.257568359375 0.099609375 0.3160400390625
-0.78839111328125 -0.31591796875 0.106536865234375 -0.110420227050781
-0.71893310546875 -0.158447265625 0.0679168701171875 0.152130126953125
-0.67181396484375 -0.0900268554687501 0.238235473632812 0.096221923828125
-0.6041259765625 0.0756225585937501 0.24200439453125 -0.0489959716796875
-0.529876708984375 0.2041015625 0.0964202880859375 -0.189376831054688
-0.4652099609375 0.46600341796875 -0.038116455078125 -0.122039794921875
-0.27978515625 0.60272216796875 -0.0804595947265625 -0.0316085815429687
-0.24114990234375 0.58209228515625 -0.0357246398925781 0.00988006591796879
-0.2418212890625 0.65106201171875 -0.00995826721191408 0.02813720703125
-0.34893798828125 0.5916748046875 0.020965576171875 0.0668830871582032
-0.512054443359375 0.411407470703125 0.059326171875 0.0433311462402344
-0.557952880859375 0.282012939453125 0.0408859252929687 0.0930328369140625
-0.6234130859375 -0.0321655273437501 -0.0650405883789063 0.0941390991210938
-0.6976318359375 -0.16351318359375 -0.120002746582031 0.116386413574219
-0.70306396484375 -0.22894287109375 -0.1102294921875 0.192642211914062
-0.7296142578125 -0.2669677734375 -0.110153198242188 -0.23748779296875
-0.641845703125 -0.13751220703125 -0.0811843872070313 0.0456390380859375
-0.58575439453125 -0.11480712890625 0.173919677734375 0.0229949951171875
-0.554046630859375 0.0112609863281249 0.222198486328125 -0.117706298828125
-0.5135498046875 0.14813232421875 0.151885986328125 -0.258743286132813
-0.47479248046875 0.41748046875 0.04937744140625 -0.278579711914063
-0.2943115234375 0.547210693359375 -0.0232391357421875 -0.259246826171875
-0.245452880859375 0.528076171875 -0.00656127929687501 -0.22027587890625
-0.25079345703125 0.5855712890625 0.0150299072265625 -0.192550659179688
-0.330810546875 0.506866455078125 0.0635604858398437 -0.114501953125
-0.44781494140625 0.3270263671875 0.0811538696289062 -0.051971435546875
-0.450714111328125 0.227783203125 0.0178909301757812 0.0500297546386719
-0.50335693359375 0.00549316406250008 -0.158706665039063 0.0553131103515625
-0.61663818359375 -0.08392333984375 -0.29022216796875 0.0634460449218749
-0.66748046875 -0.16790771484375 -0.3118896484375 0.07220458984375
-0.5523681640625 -0.16265869140625 -0.292938232421875 -0.354766845703125
-0.4490966796875 -0.0880737304687499 -0.21624755859375 -0.0797119140625
-0.39434814453125 -0.115875244140625 0.0818099975585937 -0.0443038940429688
-0.40576171875 -0.047943115234375 0.18707275390625 -0.16278076171875
-0.40484619140625 0.072662353515625 0.199462890625 -0.30120849609375
-0.397796630859375 0.30621337890625 0.130126953125 -0.4134521484375
-0.25811767578125 0.41156005859375 0.033660888671875 -0.458892822265625
-0.21405029296875 0.39544677734375 0.02325439453125 -0.417022705078125
-0.224822998046875 0.43231201171875 0.046600341796875 -0.367431640625
-0.26922607421875 0.344970703125 0.102691650390625 -0.243865966796875
-0.32354736328125 0.190582275390625 0.0861663818359375 -0.103492736816406
-0.28387451171875 0.140899658203125 -0.0251102447509766 0.014190673828125
-0.325836181640625 0.039154052734375 -0.238662719726563 -0.00218200683593753
-0.462982177734375 -0.00628662109374992 -0.410552978515625 -0.00347900390624998
-0.54364013671875 -0.0930175781250001 -0.477691650390625 -0.03594970703125
-0.293060302734375 -0.0263366699218749 -0.408111572265625 -0.432373046875
-0.196258544921875 -0.00958251953124997 -0.30682373046875 -0.183746337890625
-0.148178100585937 -0.0676727294921875 -0.00527191162109376 -0.087860107421875
-0.183609008789063 -0.0693817138671875 0.149063110351563 -0.186996459960938
-0.217254638671875 -0.000228881835937523 0.220794677734375 -0.320281982421875
-0.248611450195312 0.144622802734375 0.17626953125 -0.504486083984375
-0.179031372070313 0.2078857421875 0.0672607421875 -0.60076904296875
-0.148696899414063 0.203399658203125 0.048492431640625 -0.55267333984375
-0.166595458984375 0.217727661132813 0.0821533203125 -0.47149658203125
-0.171127319335938 0.14398193359375 0.1361083984375 -0.307708740234375
-0.1646728515625 0.046844482421875 0.0727157592773437 -0.113899230957031
-0.102989196777344 0.0552291870117187 -0.0793228149414063 -0.021148681640625
-0.140525817871094 0.0694198608398438 -0.285552978515625 -0.078460693359375
-0.270339965820313 0.059295654296875 -0.464599609375 -0.084228515625
-0.348846435546875 -0.0146484375 -0.59173583984375 -0.1219482421875
0.0344390869140625 -0.0782318115234375 0.61279296875 0.0804443359375
0.0211410522460938 -0.122421264648437 0.437103271484375 0.135986328125
-0.0682449340820313 -0.07666015625 0.246673583984375 0.0838165283203125
-0.0738296508789063 0.0101165771484375 0.132415771484375 0.0380935668945313
-0.0368728637695312 0.049072265625 -0.0817413330078125 0.0711288452148438
0.0422706604003906 0.05645751953125 -0.174713134765625 0.325531005859375
0.0691909790039063 0.0427932739257813 -0.1103515625 0.53851318359375
0.0557899475097656 0.0259475708007812 -0.0521240234375 0.59771728515625
0.0738601684570313 0.018218994140625 -0.0621337890625 0.6241455078125
0.0599021911621094 0.0523757934570313 -0.16021728515625 0.539093017578125
0.0214920043945312 0.0925521850585938 -0.145477294921875 0.356414794921875
-0.0498199462890625 0.0802230834960938 -0.0572509765625 0.2113037109375
-0.109489440917969 0.00289916992187499 0.095611572265625 0.194656372070313
-0.05902099609375 -0.0746231079101563 0.355682373046875 0.2330322265625
0.0144157409667969 -0.0514678955078125 0.435028076171875 0.52227783203125
-0.251739501953125 -0.154037475585937 0.583251953125 0.083251953125
-0.214492797851563 -0.1207275390625 0.3895263671875 0.190887451171875
-0.263137817382813 -0.058868408203125 0.2537841796875 0.145751953125
-0.2406005859375 0.0609283447265625 0.179183959960937 0.0694580078125
-0.188858032226563 0.130905151367188 -0.04669189453125 0.03302001953125
-0.0988616943359375 0.231460571289063 -0.172836303710937 0.273040771484375
-0.0174560546875 0.266799926757813 -0.129486083984375 0.490997314453125
-0.031646728515625 0.244888305664063 -0.05804443359375 0.552337646484375
-0.0308685302734375 0.262710571289063 -0.0531005859375 0.578857421875
-0.101715087890625 0.25982666015625 -0.124786376953125 0.51519775390625
-0.2012939453125 0.211318969726563 -0.094696044921875 0.32525634765625
-0.281768798828125 0.13372802734375 -0.0167694091796875 0.198989868164063
-0.340606689453125 -0.0673217773437501 0.112442016601562 0.180191040039063
-0.32281494140625 -0.17987060546875 0.331512451171875 0.2274169921875
-0.252197265625 -0.162567138671875 0.403045654296875 0.492462158203125
-0.51544189453125 -0.226348876953125 0.4794921875 0.0521240234375
-0.455291748046875 -0.127960205078125 0.31304931640625 0.215301513671875
-0.46331787109375 -0.0438232421874999 0.257675170898437 0.167724609375
-0.404083251953125 0.104949951171875 0.2130126953125 0.0648956298828125
-0.330474853515625 0.19403076171875 -0.00713348388671877 -0.0249595642089844
-0.241729736328125 0.36669921875 -0.15374755859375 0.175003051757813
-0.111846923828125 0.447601318359375 -0.133880615234375 0.370697021484375
-0.114532470703125 0.42718505859375 -0.05694580078125 0.424774169921875
-0.118865966796875 0.47332763671875 -0.0382080078125 0.450439453125
-0.224334716796875 0.447418212890625 -0.0711669921875 0.417572021484375
-0.376495361328125 0.334136962890625 -0.0321807861328125 0.255294799804688
-0.46234130859375 0.213226318359375 0.02239990234375 0.17120361328125
-0.532135009765625 -0.0835571289062501 0.088836669921875 0.15167236328125
-0.54241943359375 -0.221954345703125 0.23162841796875 0.193405151367187
-0.479522705078125 -0.22747802734375 0.285797119140625 0.41143798828125
-0.7069091796875 -0.275634765625 0.311767578125 -0.0137939453125
-0.640380859375 -0.134765625 0.205123901367187 0.205917358398438
-0.61834716796875 -0.04248046875 0.259170532226562 0.148605346679688
-0.532745361328125 0.1212158203125 0.236221313476563 0.01934814453125
-0.448150634765625 0.225067138671875 0.0371322631835937 -0.102920532226562
-0.3660888671875 0.45068359375 -0.110588073730469 0.0383224487304688
-0.19970703125 0.5635986328125 -0.119491577148438 0.189117431640625
-0.182098388671875 0.544525146484375 -0.051239013671875 0.2340087890625
-0.18048095703125 0.6080322265625 -0.02520751953125 0.254638671875
-0.298095703125 0.56805419921875 -0.0196075439453125 0.2545166015625
-0.474700927734375 0.4169921875 0.0219268798828125 0.149932861328125
-0.552764892578125 0.281341552734375 0.0425262451171875 0.128608703613281
-0.632080078125 -0.05413818359375 0.026092529296875 0.121253967285156
-0.674072265625 -0.1993408203125 0.071807861328125 0.154052734375
-0.63446044921875 -0.23724365234375 0.10968017578125 0.30517578125
-0.78228759765625 -0.28167724609375 0.100204467773437 -0.1141357421875
-0.70635986328125 -0.13232421875 0.0694732666015624 0.148651123046875
-0.6644287109375 -0.06134033203125 0.232803344726562 0.0916595458984375
-0.5887451171875 0.0909423828124999 0.23748779296875 -0.053070068359375
-0.514068603515625 0.2108154296875 0.08642578125 -0.186630249023438
-0.44732666015625 0.470672607421875 -0.0434036254882813 -0.119255065917969
-0.2601318359375 0.5982666015625 -0.0814743041992188 -0.0287628173828125
-0.2235107421875 0.576416015625 -0.0346450805664063 0.00914001464843753
-0.22027587890625 0.64715576171875 -0.0110874176025391 0.0281524658203125
-0.32452392578125 0.5908203125 0.0216522216796875 0.0640106201171875
-0.49090576171875 0.419708251953125 0.0575027465820312 0.0347709655761719
-0.539215087890625 0.290802001953125 0.0408401489257812 0.0819549560546875
-0.61419677734375 -0.0144042968749999 -0.0622634887695313 0.09307861328125
-0.69378662109375 -0.136962890625 -0.113929748535156 0.116668701171875
-0.693359375 -0.20489501953125 -0.0984649658203125 0.1895751953125
-0.72314453125 -0.23760986328125 -0.11639404296875 -0.232955932617188
-0.6322021484375 -0.11297607421875 -0.0799407958984376 0.0467681884765625
-0.580322265625 -0.0915527343750001 0.166351318359375 0.0195465087890625
-0.54425048828125 0.0267944335937501 0.21392822265625 -0.119354248046875
-0.5 0.154571533203125 0.138916015625 -0.255584716796875
-0.45684814453125 0.421844482421875 0.039459228515625 -0.274322509765625
-0.276580810546875 0.54510498046875 -0.027618408203125 -0.253814697265625
-0.23162841796875 0.524627685546875 -0.010986328125 -0.217193603515625
-0.23114013671875 0.58135986328125 0.00837707519531251 -0.18951416015625
-0.30938720703125 0.507965087890625 0.0586090087890625 -0.113265991210937
-0.431182861328125 0.334228515625 0.0766143798828125 -0.0573577880859375
-0.433685302734375 0.23529052734375 0.0158271789550781 0.0417289733886719
-0.494232177734375 0.020050048828125 -0.15679931640625 0.0582427978515625
-0.60968017578125 -0.06036376953125 -0.281890869140625 0.0694580078125
-0.6563720703125 -0.143798828125 -0.29803466796875 0.07574462890625
-0.546966552734375 -0.139404296875 -0.298187255859375 -0.343231201171875
-0.44146728515625 -0.0698852539062501 -0.215133666992188 -0.07171630859375
-0.391632080078125 -0.097869873046875 0.0747528076171875 -0.0451431274414063
-0.400146484375 -0.03472900390625 0.176254272460937 -0.162521362304688
-0.39691162109375 0.0800476074218751 0.185546875 -0.298095703125
-0.386077880859375 0.311737060546875 0.115020751953125 -0.406646728515625
-0.244720458984375 0.4110107421875 0.023223876953125 -0.45166015625
-0.202117919921875 0.393310546875 0.014739990234375 -0.411651611328125
-0.211273193359375 0.430450439453125 0.035369873046875 -0.3609619140625
-0.254180908203125 0.344635009765625 0.0937957763671875 -0.240859985351562
-0.312744140625 0.195037841796875 0.0800018310546875 -0.106582641601562
-0.271987915039063 0.144973754882812 -0.0278129577636719 0.0102100372314453
-0.31744384765625 0.049957275390625 -0.2369384765625 0.00445556640625002
-0.45477294921875 0.012725830078125 -0.399932861328125 0.005645751953125
-0.53326416015625 -0.0737304687499999 -0.46368408203125 -0.0260925292968751
-0.288848876953125 -0.01416015625 -0.41241455078125 -0.41827392578125
-0.191635131835938 -0.00184631347656247 -0.306854248046875 -0.172454833984375
-0.148849487304688 -0.0595245361328125 -0.0116195678710938 -0.0868606567382813
-0.183929443359375 -0.0632476806640625 0.137054443359375 -0.183441162109375
-0.213287353515625 0.00445556640625001 0.2080078125 -0.31524658203125
-0.24298095703125 0.1494140625 0.162200927734375 -0.495635986328125
-0.172210693359375 0.209930419921875 0.05535888671875 -0.59161376953125
-0.142898559570313 0.20416259765625 0.0372009277343749 -0.54425048828125
-0.159133911132813 0.219009399414063 0.068878173828125 -0.46466064453125
-0.164443969726562 0.146026611328125 0.12493896484375 -0.3035888671875
-0.160751342773438 0.0487213134765625 0.065826416015625 -0.114524841308594
-0.0967559814453125 0.0544891357421875 -0.0816268920898438 -0.021636962890625
-0.133842468261719 0.0734100341796875 -0.2852783203125 -0.070098876953125
-0.263992309570313 0.0716857910156251 -0.45379638671875 -0.0708923339843751
-0.3406982421875 -0.000488281249999979 -0.57965087890625 -0.10595703125
0.0351638793945312 -0.0803070068359375 0.61395263671875 0.07061767578125
0.0172958374023438 -0.126724243164063 0.436126708984375 0.13177490234375
-0.07135009765625 -0.0763626098632813 0.250350952148438 0.08740234375
-0.0746078491210938 0.0114288330078125 0.138954162597656 0.0371170043945313
-0.0376358032226563 0.0516624450683594 -0.0786056518554687 0.0719451904296875
0.0445747375488281 0.0557365417480469 -0.16802978515625 0.330657958984375
0.0721664428710938 0.0395584106445313 -0.105133056640625 0.5462646484375
0.0581512451171875 0.0239601135253906 -0.04571533203125 0.603759765625
0.0766220092773438 0.0159912109375 -0.053955078125 0.626220703125
0.0627365112304688 0.0506706237792969 -0.151519775390625 0.539581298828125
0.025726318359375 0.092742919921875 -0.139190673828125 0.354278564453125
-0.0493927001953125 0.0829086303710937 -0.0505523681640625 0.20867919921875
-0.110687255859375 0.00527191162109375 0.108123779296875 0.190109252929688
-0.0620651245117188 -0.076446533203125 0.364166259765625 0.224395751953125
0.0116424560546875 -0.0553779602050781 0.44580078125 0.518585205078125
-0.254165649414063 -0.14898681640625 0.58447265625 0.07452392578125
-0.217193603515625 -0.1181640625 0.389556884765625 0.187713623046875
-0.2662353515625 -0.051788330078125 0.25811767578125 0.149688720703125
-0.241134643554688 0.0673828125 0.186859130859375 0.0676116943359375
-0.188552856445313 0.13592529296875 -0.0446014404296875 0.0331497192382813
-0.0936431884765625 0.234725952148438 -0.169082641601562 0.275146484375
-0.0113372802734375 0.267501831054687 -0.124755859375 0.49853515625
-0.026458740234375 0.24609375 -0.0527954101562499 0.558197021484375
-0.02447509765625 0.264297485351563 -0.04595947265625 0.58251953125
-0.0949249267578125 0.262176513671875 -0.11505126953125 0.51483154296875
-0.196975708007812 0.216598510742188 -0.089202880859375 0.3218994140625
-0.28167724609375 0.14068603515625 -0.011566162109375 0.194076538085938
-0.345245361328125 -0.060028076171875 0.122589111328125 0.175384521484375
-0.331268310546875 -0.174560546875 0.3394775390625 0.21929931640625
-0.257583618164063 -0.161468505859375 0.414581298828125 0.4891357421875
-0.52008056640625 -0.214569091796875 0.480499267578125 0.044097900390625
-0.458587646484375 -0.1170654296875 0.313201904296875 0.213104248046875
-0.46820068359375 -0.02783203125 0.26177978515625 0.171798706054688
-0.40338134765625 0.11383056640625 0.220062255859375 0.063446044921875
-0.33026123046875 0.20074462890625 -0.00738334655761721 -0.0247058868408203
-0.234344482421875 0.374267578125 -0.151962280273438 0.1767578125
-0.105865478515625 0.451385498046875 -0.13238525390625 0.37646484375
-0.107177734375 0.43072509765625 -0.05474853515625 0.431304931640625
-0.1077880859375 0.4779052734375 -0.03369140625 0.454132080078125
-0.2142333984375 0.4530029296875 -0.0638427734375 0.416351318359375
-0.370849609375 0.344940185546875 -0.02874755859375 0.2503662109375
-0.460784912109375 0.22430419921875 0.0245208740234375 0.163848876953125
-0.53857421875 -0.0736083984375001 0.09625244140625 0.148040771484375
-0.55462646484375 -0.20953369140625 0.237045288085937 0.18743896484375
-0.487548828125 -0.220550537109375 0.297576904296875 0.408721923828125
-0.71600341796875 -0.25830078125 0.311248779296875 -0.02154541015625
-0.6441650390625 -0.1195068359375 0.206008911132813 0.205596923828125
-0.6234130859375 -0.0218505859375 0.261795043945312 0.150192260742187
-0.533782958984375 0.13555908203125 0.240798950195312 0.017059326171875
-0.446197509765625 0.233856201171875 0.0340652465820312 -0.103439331054687
-0.360687255859375 0.461883544921875 -0.112846374511719 0.0402069091796875
-0.19207763671875 0.57061767578125 -0.119735717773438 0.194366455078125
-0.1749267578125 0.5511474609375 -0.0496673583984375 0.237686157226563
-0.17169189453125 0.61444091796875 -0.02435302734375 0.257034301757813
-0.28582763671875 0.57891845703125 -0.0152740478515625 0.254425048828125
-0.4693603515625 0.432159423828125 0.0226898193359375 0.143997192382813
-0.5509033203125 0.29400634765625 0.0428695678710937 0.120811462402344
-0.63909912109375 -0.0428466796874999 0.0301132202148437 0.119529724121094
-0.685791015625 -0.18292236328125 0.0756683349609375 0.150741577148438
-0.64166259765625 -0.2257080078125 0.1182861328125 0.304534912109375
-0.7906494140625 -0.262939453125 0.094757080078125 -0.118919372558594
-0.71246337890625 -0.11334228515625 0.06951904296875 0.149002075195312
-0.67041015625 -0.03875732421875 0.233200073242187 0.091064453125
-0.59033203125 0.10498046875 0.237548828125 -0.0554656982421875
-0.512939453125 0.21844482421875 0.082000732421875 -0.187423706054688
-0.4432373046875 0.483978271484375 -0.0480422973632813 -0.118858337402344
-0.25311279296875 0.60711669921875 -0.082977294921875 -0.0257568359374999
-0.21771240234375 0.5859375 -0.0357780456542969 0.011138916015625
-0.210205078125 0.65478515625 -0.0133953094482422 0.0294818878173829
-0.3135986328125 0.6005859375 0.0226821899414062 0.0621376037597657
-0.486419677734375 0.43511962890625 0.0568008422851562 0.0281257629394532
-0.53717041015625 0.302734375 0.0392074584960937 0.0748825073242188
-0.6199951171875 -0.000671386718749905 -0.0615158081054688 0.0948715209960938
-0.70208740234375 -0.1177978515625 -0.111122131347656 0.117225646972656
-0.69891357421875 -0.19183349609375 -0.0914001464843751 0.1895751953125
-0.73297119140625 -0.21673583984375 -0.1240234375 -0.23565673828125
-0.63372802734375 -0.0963745117187499 -0.0821151733398438 0.0498428344726562
-0.586181640625 -0.07159423828125 0.162734985351562 0.0176849365234375
-0.5462646484375 0.03961181640625 0.211013793945312 -0.1224365234375
-0.5013427734375 0.162261962890625 0.132949829101563 -0.256210327148438
-0.455291748046875 0.435272216796875 0.0320892333984375 -0.275222778320313
-0.269683837890625 0.5560302734375 -0.0322723388671875 -0.253509521484375
-0.2261962890625 0.533050537109375 -0.013885498046875 -0.2174072265625
-0.223388671875 0.59075927734375 0.00320434570312497 -0.190109252929687
-0.30084228515625 0.515533447265625 0.0562973022460937 -0.116233825683594
-0.42779541015625 0.34466552734375 0.0734786987304687 -0.0641937255859375
-0.43084716796875 0.244537353515625 0.0127296447753906 0.0352706909179688
-0.496826171875 0.0319519042968751 -0.1585693359375 0.061767578125
-0.6162109375 -0.0413208007812499 -0.279556274414063 0.0740203857421875
-0.65948486328125 -0.1312255859375 -0.2935791015625 0.07940673828125
-0.553955078125 -0.12445068359375 -0.3092041015625 -0.344207763671875
-0.4415283203125 -0.058013916015625 -0.22088623046875 -0.0680084228515625
-0.397552490234375 -0.0859375 0.068267822265625 -0.0467491149902344
-0.40496826171875 -0.027740478515625 0.171188354492187 -0.163665771484375
-0.398529052734375 0.0849304199218749 0.17791748046875 -0.2974853515625
-0.386566162109375 0.3232421875 0.10845947265625 -0.4090576171875
-0.23992919921875 0.421356201171875 0.01654052734375 -0.454925537109375
-0.199615478515625 0.402069091796875 0.00964355468750001 -0.415740966796875
-0.205902099609375 0.439117431640625 0.028656005859375 -0.363616943359375
-0.248077392578125 0.3509521484375 0.08935546875 -0.244049072265625
-0.311279296875 0.20220947265625 0.0762863159179687 -0.112030029296875
-0.269012451171875 0.148788452148438 -0.0315666198730469 0.00533866882324219
-0.31689453125 0.05810546875 -0.240509033203125 0.00895690917968755
-0.456268310546875 0.031158447265625 -0.398773193359375 0.0126342773437499
-0.534515380859375 -0.0602722167968749 -0.4632568359375 -0.020172119140625
-0.29193115234375 -0.00537109375000006 -0.42596435546875 -0.418975830078125
-0.1905517578125 0.00424194335937502 -0.314727783203125 -0.167938232421875
-0.151092529296875 -0.0547027587890625 -0.019775390625 -0.0870895385742188
-0.187698364257813 -0.0597076416015625 0.130233764648438 -0.183319091796875
-0.216079711914062 0.0061798095703125 0.20025634765625 -0.314971923828125
-0.244735717773438 0.15625 0.154266357421875 -0.49932861328125
-0.170440673828125 0.216522216796875 0.04901123046875 -0.596923828125
-0.14166259765625 0.209274291992188 0.0303955078125 -0.54998779296875
-0.158203125 0.223846435546875 0.061859130859375 -0.47015380859375
-0.163162231445313 0.148590087890625 0.119659423828125 -0.306488037109375
-0.16156005859375 0.05072021484375 0.0618667602539063 -0.117401123046875
-0.0930633544921875 0.0552291870117187 -0.0875091552734375 -0.023193359375
-0.130355834960938 0.07843017578125 -0.290618896484375 -0.066162109375
-0.263916015625 0.0842132568359375 -0.454345703125 -0.0641174316406249
-0.3402099609375 0.010040283203125 -0.58062744140625 -0.0979614257812499
0.0350341796875 -0.0845794677734375 0.6318359375 0.0548095703125
0.012237548828125 -0.133049011230469 0.446868896484375 0.125518798828125
-0.0771408081054687 -0.076690673828125 0.261825561523438 0.090118408203125
-0.0775222778320313 0.0141067504882812 0.149032592773438 0.0346221923828125
-0.0376777648925781 0.0557632446289062 -0.075531005859375 0.0751190185546875
0.04901123046875 0.0548210144042969 -0.1610107421875 0.34326171875
0.0751800537109375 0.0368423461914063 -0.0916748046875 0.56781005859375
0.063018798828125 0.0210838317871094 -0.029052734375 0.62432861328125
0.0813751220703125 0.0132598876953125 -0.0386962890625 0.64361572265625
0.0676612854003906 0.0478439331054688 -0.138580322265625 0.553375244140625
0.032012939453125 0.0942001342773438 -0.129180908203125 0.36083984375
-0.0478057861328125 0.0881423950195313 -0.0407867431640625 0.20928955078125
-0.113876342773438 0.00999450683593752 0.12750244140625 0.185897827148437
-0.0671157836914063 -0.0791473388671875 0.38507080078125 0.2130126953125
0.0085601806640625 -0.0594062805175781 0.47698974609375 0.51800537109375
-0.263427734375 -0.142196655273438 0.599853515625 0.0584716796875
-0.226425170898437 -0.113723754882813 0.401580810546875 0.183807373046875
-0.2747802734375 -0.04046630859375 0.271270751953125 0.152908325195313
-0.244857788085938 0.0781860351562501 0.200180053710937 0.065093994140625
-0.189483642578125 0.145919799804688 -0.04302978515625 0.0339202880859375
-0.0872039794921875 0.244400024414062 -0.164276123046875 0.286163330078125
-0.00236511230468751 0.273117065429688 -0.113067626953125 0.519378662109375
-0.0180816650390625 0.252334594726562 -0.037841796875 0.5772705078125
-0.0149688720703125 0.271728515625 -0.033203125 0.5994873046875
-0.0858154296875 0.270797729492188 -0.10357666015625 0.52801513671875
-0.192398071289063 0.230026245117188 -0.081695556640625 0.32568359375
-0.284454345703125 0.15521240234375 -0.00337219238281251 0.19244384765625
-0.358245849609375 -0.049346923828125 0.1387939453125 0.17083740234375
-0.347747802734375 -0.166778564453125 0.357818603515625 0.209259033203125
-0.271499633789063 -0.158615112304688 0.442596435546875 0.486053466796875
-0.53912353515625 -0.1986083984375 0.492706298828125 0.02862548828125
-0.473602294921875 -0.1025390625 0.3253173828125 0.2115478515625
-0.481414794921875 -0.00662231445312498 0.27435302734375 0.175460815429688
-0.40814208984375 0.135101318359375 0.233367919921875 0.0586395263671875
-0.331024169921875 0.21649169921875 -0.00778770446777346 -0.0260391235351562
-0.226593017578125 0.392181396484375 -0.151962280273438 0.185836791992188
-0.092437744140625 0.4661865234375 -0.12445068359375 0.3944091796875
-0.0960693359375 0.445953369140625 -0.04412841796875 0.44561767578125
-0.094390869140625 0.49383544921875 -0.0233154296875 0.4678955078125
-0.2021484375 0.471343994140625 -0.0541992187500001 0.426849365234375
-0.367523193359375 0.3685302734375 -0.022979736328125 0.2503662109375
-0.467803955078125 0.24688720703125 0.02972412109375 0.159698486328125
-0.55792236328125 -0.0547485351562501 0.108047485351562 0.144500732421875
-0.58087158203125 -0.1917724609375 0.250640869140625 0.180099487304688
-0.5069580078125 -0.21148681640625 0.322021484375 0.40765380859375
-0.74072265625 -0.2347412109375 0.315032958984375 -0.0325927734375
-0.6627197265625 -0.0958862304687499 0.214004516601562 0.2073974609375
-0.63885498046875 0.00885009765625006 0.272079467773437 0.15283203125
-0.540557861328125 0.160400390625 0.251449584960937 0.0107421875
-0.452239990234375 0.251312255859375 0.0305328369140625 -0.106071472167969
-0.35455322265625 0.4879150390625 -0.117439270019531 0.0452804565429688
-0.17919921875 0.59173583984375 -0.118240356445312 0.20599365234375
-0.16290283203125 0.57196044921875 -0.0455169677734375 0.248733520507813
-0.15350341796875 0.638916015625 -0.0196075439453125 0.26617431640625
-0.2705078125 0.6021728515625 -0.008087158203125 0.257537841796875
-0.46734619140625 0.460052490234375 0.02545166015625 0.13848876953125
-0.556304931640625 0.321014404296875 0.045196533203125 0.114532470703125
-0.66094970703125 -0.018798828125 0.0370864868164062 0.118911743164063
-0.7139892578125 -0.15740966796875 0.0843048095703125 0.148773193359375
-0.66632080078125 -0.21075439453125 0.135406494140625 0.305877685546875
-0.8197021484375 -0.2349853515625 0.0900650024414062 -0.12774658203125
-0.72991943359375 -0.0866088867187501 0.0723724365234375 0.153335571289063
-0.6883544921875 -0.0048828124999999 0.238723754882812 0.0903167724609375
-0.59991455078125 0.13385009765625 0.242584228515625 -0.0630645751953125
-0.52117919921875 0.23785400390625 0.0754547119140625 -0.1923828125
-0.438507080078125 0.514801025390625 -0.0569458007812501 -0.1190185546875
-0.24237060546875 0.63275146484375 -0.08782958984375 -0.02154541015625
-0.205810546875 0.6090087890625 -0.036651611328125 0.0142593383789063
-0.19500732421875 0.681884765625 -0.0148429870605469 0.0320491790771485
-0.299560546875 0.62640380859375 0.024749755859375 0.0611686706542969
-0.485382080078125 0.462249755859375 0.0550422668457031 0.0198173522949219
-0.541656494140625 0.328216552734375 0.0380134582519531 0.0681190490722656
-0.6370849609375 0.0230712890625 -0.0599212646484376 0.0975189208984375
-0.72711181640625 -0.0869750976562499 -0.107757568359375 0.121292114257813
-0.72271728515625 -0.17205810546875 -0.08343505859375 0.195068359375
-0.7581787109375 -0.19140625 -0.139877319335938 -0.240463256835938
-0.6490478515625 -0.0709228515625001 -0.0863800048828125 0.055023193359375
-0.60223388671875 -0.0437622070312501 0.162063598632813 0.0151214599609375
-0.559967041015625 0.060821533203125 0.210220336914063 -0.129531860351563
-0.511474609375 0.17889404296875 0.124618530273438 -0.263504028320313
-0.455413818359375 0.46575927734375 0.02197265625 -0.2813720703125
-0.260986328125 0.58111572265625 -0.04156494140625 -0.257553100585937
-0.217193603515625 0.55596923828125 -0.0197906494140625 -0.222793579101562
-0.21044921875 0.61529541015625 -0.00471496582031253 -0.19512939453125
-0.289398193359375 0.538177490234375 0.0533447265625 -0.122230529785156
-0.4283447265625 0.368896484375 0.0696258544921875 -0.073883056640625
-0.43231201171875 0.264556884765625 0.00922775268554685 0.0290851593017578
-0.5068359375 0.05224609375 -0.16180419921875 0.0689697265625
-0.63262939453125 -0.0105590820312499 -0.281585693359375 0.083099365234375
-0.6793212890625 -0.108642578125 -0.294769287109375 0.0873718261718749
-0.5706787109375 -0.10211181640625 -0.333648681640625 -0.346466064453125
-0.4508056640625 -0.039306640625 -0.2327880859375 -0.06201171875
-0.40887451171875 -0.067657470703125 0.0611419677734375 -0.0491256713867188
-0.416717529296875 -0.0130310058593751 0.164764404296875 -0.169586181640625
-0.4090576171875 0.0966796875 0.171112060546875 -0.3056640625
-0.38861083984375 0.348236083984375 0.0972900390624999 -0.420989990234375
-0.23468017578125 0.442352294921875 0.00567626953124994 -0.46844482421875
-0.19317626953125 0.41998291015625 -0.00155639648437504 -0.428314208984375
-0.19866943359375 0.460205078125 0.0177001953125 -0.37506103515625
-0.241851806640625 0.368072509765625 0.0830230712890625 -0.252777099609375
-0.312408447265625 0.21746826171875 0.070953369140625 -0.120742797851562
-0.267684936523438 0.160430908203125 -0.0384864807128906 0.002349853515625
-0.320068359375 0.0742492675781251 -0.248016357421875 0.0177459716796875
-0.466583251953125 0.0567932128906251 -0.40460205078125 0.02545166015625
-0.547760009765625 -0.0413818359375 -0.47259521484375 -0.007537841796875
-0.2991943359375 0.00891113281250002 -0.45404052734375 -0.41815185546875
-0.191864013671875 0.0124053955078125 -0.334259033203125 -0.161895751953125
-0.156173706054688 -0.0480499267578125 -0.0316009521484375 -0.0879440307617188
-0.195556640625 -0.054290771484375 0.122329711914063 -0.187042236328125
-0.223587036132813 0.0115203857421875 0.194671630859375 -0.324371337890625
-0.249008178710937 0.172088623046875 0.14434814453125 -0.515899658203125
-0.16748046875 0.231155395507813 0.03240966796875 -0.61553955078125
-0.1409912109375 0.2220458984375 0.0171508789062499 -0.5684814453125
-0.157577514648438 0.236419677734375 0.048797607421875 -0.486419677734375
-0.16253662109375 0.156631469726563 0.111907958984375 -0.31707763671875
-0.164260864257813 0.056884765625 0.0562744140625 -0.123710632324219
-0.0911712646484375 0.0576324462890625 -0.0964508056640625 -0.0230484008789062
-0.126556396484375 0.08843994140625 -0.30316162109375 -0.0590209960937501
-0.26507568359375 0.103347778320313 -0.46380615234375 -0.051483154296875
-0.34637451171875 0.0244140625000001 -0.59710693359375 -0.08233642578125
0.0327301025390625 -0.0901031494140625 0.6490478515625 0.02044677734375
0.0012054443359375 -0.140144348144531 0.462127685546875 0.10931396484375
-0.084930419921875 -0.074859619140625 0.280319213867187 0.085968017578125
-0.0795745849609375 0.0198974609375 0.161972045898438 0.02734375
-0.0364799499511719 0.0618438720703125 -0.070037841796875 0.0793533325195313
0.0539932250976563 0.0526466369628906 -0.143280029296875 0.3602294921875
0.0795364379882813 0.0315399169921875 -0.0618896484374999 0.5928955078125
0.06732177734375 0.0156669616699219 0.00305175781249993 0.64556884765625
0.0873794555664063 0.0070037841796875 -0.00592041015624994 0.662353515625
0.074371337890625 0.0438690185546875 -0.1146240234375 0.569091796875
0.0407028198242187 0.0948715209960938 -0.1126708984375 0.369293212890625
-0.043975830078125 0.0954360961914062 -0.0250091552734375 0.208526611328125
-0.11761474609375 0.0176620483398437 0.151519775390625 0.174880981445313
-0.0758743286132813 -0.0788192749023437 0.40985107421875 0.188934326171875
0.00428771972656249 -0.0637321472167969 0.521636962890625 0.504669189453125
-0.275466918945313 -0.128860473632813 0.61676025390625 0.0263671875
-0.238296508789062 -0.1044921875 0.418121337890625 0.170684814453125
-0.2835693359375 -0.022003173828125 0.291412353515625 0.150634765625
-0.246627807617188 0.0966033935546875 0.2161865234375 0.0539703369140625
-0.1865234375 0.16253662109375 -0.0389785766601563 0.0362358093261719
-0.0721435546875 0.25634765625 -0.151092529296875 0.301788330078125
0.013275146484375 0.279754638671875 -0.0877685546875 0.54296875
-0.00247192382812502 0.25909423828125 -0.0089111328125 0.6004638671875
0.0031890869140625 0.278961181640625 -0.00329589843750005 0.61822509765625
-0.0693359375 0.28143310546875 -0.07940673828125 0.542083740234375
-0.182235717773438 0.247772216796875 -0.067230224609375 0.329864501953125
-0.28326416015625 0.178192138671875 0.00926208496093747 0.188568115234375
-0.3720703125 -0.027557373046875 0.160629272460937 0.159820556640625
-0.3692626953125 -0.148895263671875 0.380859375 0.187713623046875
-0.288604736328125 -0.1470947265625 0.484954833984375 0.472442626953125
-0.562164306640625 -0.1671142578125 0.50384521484375 0.00115966796874999
-0.489013671875 -0.075164794921875 0.340728759765625 0.204925537109375
-0.4896240234375 0.0288696289062499 0.293731689453125 0.172119140625
-0.408782958984375 0.16693115234375 0.249298095703125 0.0472412109375
-0.328369140625 0.242095947265625 -0.00796318054199221 -0.0256729125976562
-0.208404541015625 0.41937255859375 -0.146774291992188 0.198577880859375
-0.06915283203125 0.484130859375 -0.108551025390625 0.41448974609375
-0.0731201171875 0.463470458984375 -0.021392822265625 0.4658203125
-0.066619873046875 0.51324462890625 -0.000762939453125046 0.484344482421875
-0.175933837890625 0.493988037109375 -0.033203125 0.435516357421875
-0.353302001953125 0.40008544921875 -0.012969970703125 0.248245239257813
-0.46661376953125 0.283966064453125 0.0383758544921875 0.153396606445313
-0.57696533203125 -0.0215454101562501 0.12481689453125 0.135261535644531
-0.6083984375 -0.15704345703125 0.269668579101562 0.165008544921875
-0.534027099609375 -0.187225341796875 0.357574462890625 0.3985595703125
-0.7711181640625 -0.1912841796875 0.31719970703125 -0.051666259765625
-0.680419921875 -0.05499267578125 0.227081298828125 0.204788208007812
-0.65118408203125 0.05816650390625 0.287139892578125 0.148193359375
-0.54150390625 0.202362060546875 0.26226806640625 -0.00245666503906249
-0.450225830078125 0.28375244140625 0.0247573852539062 -0.109550476074219
-0.33245849609375 0.523712158203125 -0.120285034179688 0.0543212890625001
-0.15081787109375 0.61968994140625 -0.110855102539063 0.221710205078125
-0.13623046875 0.5966796875 -0.0333404541015625 0.262115478515625
-0.120849609375 0.66668701171875 -0.00852966308593753 0.277267456054688
-0.23974609375 0.63360595703125 0.00434875488281249 0.262054443359375
-0.452362060546875 0.500579833984375 0.029388427734375 0.132499694824219
-0.55194091796875 0.364410400390625 0.0492324829101562 0.106803894042969
-0.679443359375 0.02215576171875 0.04736328125 0.115501403808594
-0.74261474609375 -0.11083984375 0.09625244140625 0.143692016601563
-0.6944580078125 -0.1746826171875 0.160400390625 0.30377197265625
-0.851806640625 -0.18505859375 0.0805816650390624 -0.136749267578125
-0.74749755859375 -0.0394897460937502 0.0785064697265625 0.1571044921875
-0.70037841796875 0.0462036132812501 0.246231079101562 0.0848388671875
-0.60479736328125 0.17608642578125 0.246307373046875 -0.07586669921875
-0.52093505859375 0.27276611328125 0.0645294189453125 -0.198226928710938
-0.420440673828125 0.556396484375 -0.0682907104492188 -0.116096496582031
-0.214111328125 0.66729736328125 -0.0919036865234375 -0.0135955810546875
-0.1783447265625 0.63970947265625 -0.0362777709960938 0.0204048156738282
-0.16021728515625 0.7130126953125 -0.0161323547363281 0.0351409912109375
-0.2662353515625 0.66015625 0.0272178649902344 0.0587348937988282
-0.46942138671875 0.50494384765625 0.0527458190917969 0.00991439819335941
-0.53497314453125 0.370880126953125 0.0368003845214843 0.060577392578125
-0.65087890625 0.06500244140625 -0.0542678833007813 0.10186767578125
-0.7484130859375 -0.0382080078125001 -0.102180480957031 0.127914428710938
-0.75048828125 -0.13055419921875 -0.0699462890625001 0.20245361328125
-0.7874755859375 -0.14208984375 -0.162765502929688 -0.239761352539063
-0.66363525390625 -0.0277709960937499 -0.091552734375 0.0649261474609375
-0.61553955078125 0.00115966796874988 0.159866333007812 0.010284423828125
-0.56878662109375 0.0987548828124999 0.205123901367188 -0.1407470703125
-0.516754150390625 0.210601806640625 0.11053466796875 -0.271514892578125
-0.443328857421875 0.507354736328125 0.00381469726562495 -0.286468505859375
-0.23626708984375 0.61474609375 -0.0567779541015625 -0.2606201171875
-0.19305419921875 0.58587646484375 -0.03216552734375 -0.226943969726562
-0.1824951171875 0.646728515625 -0.0169525146484375 -0.199020385742188
-0.26324462890625 0.56927490234375 0.046875 -0.1295166015625
-0.41717529296875 0.403289794921875 0.0628280639648437 -0.0863876342773437
-0.425445556640625 0.296173095703125 0.00454902648925779 0.0237464904785156
-0.514007568359375 0.088409423828125 -0.161941528320313 0.0792083740234375
-0.646484375 0.0378417968749999 -0.281494140625 0.099334716796875
-0.698486328125 -0.0699462890624999 -0.29388427734375 0.10369873046875
-0.59039306640625 -0.0648803710937501 -0.3695068359375 -0.33782958984375
-0.4593505859375 -0.010284423828125 -0.248992919921875 -0.047882080078125
-0.41937255859375 -0.0398559570312499 0.0514297485351562 -0.0500221252441406
-0.42962646484375 0.0127563476562499 0.154876708984375 -0.1776123046875
-0.41741943359375 0.1201171875 0.1568603515625 -0.31640625
-0.380645751953125 0.38250732421875 0.07537841796875 -0.433624267578125
-0.21636962890625 0.471527099609375 -0.0199890136718751 -0.48101806640625
-0.176361083984375 0.445831298828125 -0.02557373046875 -0.441009521484375
-0.178375244140625 0.485931396484375 -0.00448608398437501 -0.3875732421875
-0.22576904296875 0.390625 0.070068359375 -0.2652587890625
-0.309234619140625 0.241180419921875 0.0607528686523437 -0.130996704101562
-0.26275634765625 0.178619384765625 -0.0467491149902344 0.00200271606445313
-0.31890869140625 0.098541259765625 -0.255157470703125 0.032440185546875
-0.471893310546875 0.0954589843750001 -0.409515380859375 0.0469970703125
-0.56182861328125 -0.00558471679687507 -0.480377197265625 0.0155029296874999
-0.30572509765625 0.0307922363281249 -0.496185302734375 -0.404052734375
-0.193634033203125 0.0257415771484375 -0.35870361328125 -0.1451416015625
-0.1602783203125 -0.03826904296875 -0.0469436645507813 -0.0844879150390625
-0.204299926757812 -0.0444793701171875 0.109130859375 -0.1915283203125
-0.231185913085938 0.0223236083984375 0.181854248046875 -0.33587646484375
-0.248245239257812 0.194595336914062 0.119964599609375 -0.532562255859375
-0.160064697265625 0.248992919921875 0.00122070312499996 -0.63653564453125
-0.132064819335937 0.238662719726563 -0.01446533203125 -0.5902099609375
-0.1492919921875 0.253753662109375 0.02203369140625 -0.505462646484375
-0.158645629882812 0.170120239257813 0.09661865234375 -0.332275390625
-0.166229248046875 0.0656280517578125 0.0465621948242188 -0.13037109375
-0.0876312255859375 0.0618362426757813 -0.107841491699219 -0.0192718505859375
-0.120216369628906 0.101051330566406 -0.3165283203125 -0.04443359375
-0.261489868164063 0.129119873046875 -0.47369384765625 -0.02923583984375
-0.35174560546875 0.049407958984375 -0.61572265625 -0.0531005859374999
0.0293655395507812 -0.0943527221679688 0.6514892578125 -0.02667236328125
-0.01263427734375 -0.144500732421875 0.472076416015625 0.08453369140625
-0.0926513671875 -0.0699539184570313 0.295379638671875 0.0738525390625
-0.0797805786132813 0.0261993408203125 0.173187255859375 0.0155029296875
-0.0326004028320313 0.0670928955078125 -0.0614242553710938 0.08233642578125
0.0591621398925781 0.0491409301757813 -0.11651611328125 0.370330810546875
0.0828399658203125 0.0257720947265625 -0.019775390625 0.60504150390625
0.0700721740722656 0.0091705322265625 0.04876708984375 0.6551513671875
0.0909652709960938 -0.00180816650390625 0.0357666015625 0.66839599609375
0.0802078247070313 0.03643798828125 -0.07928466796875 0.57501220703125
0.0497283935546875 0.0915374755859375 -0.090423583984375 0.368194580078125
-0.0361480712890625 0.101119995117188 -0.00677490234374998 0.199844360351563
-0.117683410644531 0.0267257690429687 0.174346923828125 0.153228759765625
-0.0848464965820312 -0.0773544311523438 0.430328369140625 0.153594970703125
-0.00083160400390625 -0.0659942626953125 0.56390380859375 0.467041015625
-0.281524658203125 -0.108001708984375 0.621826171875 -0.01849365234375
-0.246597290039063 -0.0889587402343751 0.42962646484375 0.14898681640625
-0.283660888671875 -0.000396728515624992 0.31182861328125 0.139892578125
-0.240249633789063 0.11590576171875 0.229156494140625 0.039154052734375
-0.176071166992188 0.179275512695312 -0.0334396362304688 0.0361671447753906
-0.0514068603515625 0.263412475585938 -0.13037109375 0.31256103515625
0.0342254638671875 0.28106689453125 -0.051239013671875 0.55767822265625
0.0167694091796875 0.259841918945313 0.0338134765625 0.6090087890625
0.0246124267578125 0.278213500976563 0.0357666015625 0.6246337890625
-0.04638671875 0.285614013671875 -0.044464111328125 0.546112060546875
-0.163955688476563 0.261444091796875 -0.047882080078125 0.326263427734375
-0.270370483398438 0.201385498046875 0.02252197265625 0.17852783203125
-0.377105712890625 0.000976562499999942 0.1806640625 0.138107299804688
-0.38397216796875 -0.121063232421875 0.4000244140625 0.154998779296875
-0.30157470703125 -0.126861572265625 0.5245361328125 0.4395751953125
-0.5723876953125 -0.12432861328125 0.503936767578125 -0.033294677734375
-0.4935302734375 -0.0386962890625 0.353607177734375 0.1893310546875
-0.484375 0.0717468261718749 0.313018798828125 0.16241455078125
-0.396575927734375 0.200347900390625 0.260879516601563 0.0304412841796875
-0.312103271484375 0.26715087890625 -0.00858879089355471 -0.0266380310058594
-0.176971435546875 0.435760498046875 -0.133514404296875 0.210601806640625
-0.033294677734375 0.494384765625 -0.0799560546875 0.42962646484375
-0.040557861328125 0.471923828125 0.012786865234375 0.474945068359375
-0.02996826171875 0.52130126953125 0.0296630859375 0.490966796875
-0.138275146484375 0.50830078125 -0.00585937499999999 0.436370849609375
-0.32623291015625 0.4273681640625 -0.00231933593750003 0.242294311523438
-0.447265625 0.32135009765625 0.0469207763671875 0.143341064453125
-0.5814208984375 0.02288818359375 0.139976501464844 0.118049621582031
-0.62249755859375 -0.1085205078125 0.284515380859375 0.140960693359375
-0.54986572265625 -0.149078369140625 0.391357421875 0.372161865234375
-0.78533935546875 -0.12896728515625 0.31256103515625 -0.0738525390625
-0.68365478515625 -0.00158691406250001 0.2379150390625 0.196731567382812
-0.642578125 0.11572265625 0.30010986328125 0.137725830078125
-0.52642822265625 0.2464599609375 0.26788330078125 -0.0198211669921875
-0.43231201171875 0.317718505859375 0.0190048217773437 -0.109275817871094
-0.295501708984375 0.55303955078125 -0.119369506835938 0.0648193359375
-0.108642578125 0.63824462890625 -0.0959625244140625 0.237197875976563
-0.09307861328125 0.612060546875 -0.01348876953125 0.269973754882813
-0.07275390625 0.68011474609375 0.00900268554687499 0.282806396484375
-0.19403076171875 0.65362548828125 0.0193023681640625 0.260787963867188
-0.4173583984375 0.53741455078125 0.031982421875 0.122688293457031
-0.529327392578125 0.406829833984375 0.0517120361328125 0.0966033935546875
-0.68011474609375 0.07672119140625 0.0593185424804687 0.10589599609375
-0.75396728515625 -0.0505981445312501 0.107810974121094 0.131645202636719
-0.70947265625 -0.1246337890625 0.187469482421875 0.29071044921875
-0.86749267578125 -0.11676025390625 0.0655670166015624 -0.142303466796875
-0.74853515625 0.0202026367187499 0.0848693847656249 0.158782958984375
-0.69207763671875 0.1077880859375 0.249725341796875 0.07672119140625
-0.58966064453125 0.22430419921875 0.241439819335937 -0.08978271484375
-0.5059814453125 0.3099365234375 0.0503692626953125 -0.198562622070312
-0.3831787109375 0.593017578125 -0.0796661376953125 -0.107521057128906
-0.16851806640625 0.690673828125 -0.092620849609375 -0.00398254394531247
-0.1348876953125 0.65777587890625 -0.0340156555175781 0.0245323181152344
-0.1099853515625 0.73260498046875 -0.0171661376953125 0.0394134521484375
-0.21881103515625 0.68035888671875 0.0292892456054687 0.0560150146484375
-0.436798095703125 0.543670654296875 0.0456924438476562 -0.00126647949218747
-0.511260986328125 0.41253662109375 0.0350990295410156 0.0513191223144532
-0.648681640625 0.1158447265625 -0.0471725463867188 0.102767944335938
-0.75079345703125 0.0277709960937501 -0.0917205810546876 0.131370544433594
-0.76043701171875 -0.0748901367187499 -0.0514831542968751 0.203399658203125
-0.79913330078125 -0.0788574218750001 -0.18670654296875 -0.228652954101563
-0.660888671875 0.0253295898437501 -0.0929565429687501 0.0766372680664063
-0.61163330078125 0.0537109375 0.15374755859375 0.0067138671875
-0.560791015625 0.14215087890625 0.194168090820312 -0.1507568359375
-0.509124755859375 0.246612548828125 0.0926361083984375 -0.274459838867188
-0.40966796875 0.54644775390625 -0.017059326171875 -0.282440185546875
-0.19549560546875 0.64044189453125 -0.072479248046875 -0.255233764648437
-0.1541748046875 0.60748291015625 -0.045867919921875 -0.2261962890625
-0.13800048828125 0.6680908203125 -0.0321502685546875 -0.199371337890625
-0.2215576171875 0.59075927734375 0.0355758666992187 -0.135498046875
-0.390380859375 0.435882568359375 0.0498886108398437 -0.0953140258789062
-0.405487060546875 0.328125 -0.00254821777343752 0.0203037261962891
-0.505950927734375 0.12890625 -0.157424926757813 0.089019775390625
-0.6396484375 0.09393310546875 -0.271957397460938 0.115997314453125
-0.70654296875 -0.01470947265625 -0.28363037109375 0.120635986328125
-0.59716796875 -0.0159301757812501 -0.40191650390625 -0.313018798828125
-0.45703125 0.0264892578125 -0.261199951171875 -0.025604248046875
-0.41949462890625 -0.00375366210937508 0.0378990173339843 -0.0468826293945313
-0.428680419921875 0.045654296875 0.137588500976562 -0.181137084960938
-0.4156494140625 0.149505615234375 0.135833740234375 -0.32110595703125
-0.35748291015625 0.4161376953125 0.046142578125 -0.437469482421875
-0.183868408203125 0.495391845703125 -0.051513671875 -0.483062744140625
-0.146575927734375 0.46319580078125 -0.053619384765625 -0.444793701171875
-0.14691162109375 0.504302978515625 -0.032958984375 -0.3914794921875
-0.200347900390625 0.407318115234375 0.04974365234375 -0.271331787109375
-0.29296875 0.264007568359375 0.0467605590820312 -0.138710021972656
-0.24932861328125 0.196365356445313 -0.0544319152832031 0.00239562988281252
-0.30584716796875 0.12506103515625 -0.255538940429688 0.0505828857421875
-0.458526611328125 0.139434814453125 -0.404388427734375 0.0715332031249999
-0.562286376953125 0.039031982421875 -0.47869873046875 0.047607421875
-0.3050537109375 0.0579223632812501 -0.53485107421875 -0.371917724609375
-0.190536499023438 0.0396575927734375 -0.378997802734375 -0.116302490234375
-0.161697387695313 -0.0230560302734375 -0.0621414184570313 -0.0735397338867188
-0.208572387695312 -0.0297088623046875 0.0906524658203125 -0.190399169921875
-0.234405517578125 0.0371246337890625 0.16064453125 -0.341278076171875
-0.237091064453125 0.215896606445312 0.085693359375 -0.539276123046875
-0.144729614257813 0.264617919921875 -0.0401611328125 -0.642333984375
-0.116104125976563 0.2515869140625 -0.0547485351562501 -0.597412109375
-0.133071899414063 0.268280029296875 -0.014617919921875 -0.5120849609375
-0.147628784179688 0.181045532226563 0.07257080078125 -0.33984375
-0.162796020507813 0.0773162841796875 0.0333633422851563 -0.133071899414062
-0.0801010131835938 0.065521240234375 -0.117240905761719 -0.0115203857421875
-0.107505798339844 0.111289978027344 -0.3232421875 -0.023956298828125
-0.247161865234375 0.156829833984375 -0.47412109375 -0.00183105468749998
-0.349029541015625 0.0782165527343751 -0.61859130859375 -0.0113525390625
0.0245742797851563 -0.0964202880859375 0.63653564453125 -0.06524658203125
-0.0267791748046875 -0.1422119140625 0.468902587890625 0.062744140625
-0.0997314453125 -0.0656051635742188 0.305999755859375 0.061920166015625
-0.0787506103515625 0.0321884155273438 0.1788330078125 0.0029144287109375
-0.0279693603515625 0.071441650390625 -0.05316162109375 0.0820083618164063
0.0616226196289063 0.0443992614746094 -0.090789794921875 0.37152099609375
0.0832595825195313 0.0203323364257813 0.0203857421875 0.599853515625
0.072540283203125 0.00183868408203125 0.087646484375 0.646728515625
0.0926895141601563 -0.0113143920898438 0.0726318359375 0.65826416015625
0.0847015380859375 0.0298538208007813 -0.0516357421875 0.56463623046875
0.0588226318359375 0.0867919921875 -0.073028564453125 0.356536865234375
-0.0263137817382813 0.103004455566406 0.00665283203124998 0.183547973632813
-0.115669250488281 0.0329132080078125 0.188873291015625 0.122177124023438
-0.0909271240234375 -0.073577880859375 0.4344482421875 0.116943359375
-0.00505828857421874 -0.0677032470703125 0.5859375 0.423583984375
-0.280670166015625 -0.087799072265625 0.6065673828125 -0.05609130859375
-0.246566772460937 -0.0735626220703125 0.432708740234375 0.128936767578125
-0.277435302734375 0.0180511474609375 0.322265625 0.126220703125
-0.2283935546875 0.132232666015625 0.235092163085937 0.022186279296875
-0.159576416015625 0.188201904296875 -0.0272064208984375 0.0354537963867188
-0.03271484375 0.262481689453125 -0.106536865234375 0.313201904296875
0.050994873046875 0.276458740234375 -0.0150146484375001 0.5574951171875
0.0313262939453125 0.253448486328125 0.0709228515625 0.60137939453125
0.04290771484375 0.270660400390625 0.07073974609375 0.6153564453125
-0.0272216796875 0.2825927734375 -0.02001953125 0.536163330078125
-0.141860961914063 0.266921997070312 -0.034912109375 0.312591552734375
-0.253250122070312 0.218429565429688 0.0313568115234375 0.163055419921875
-0.367706298828125 0.02630615234375 0.191558837890625 0.10906982421875
-0.38677978515625 -0.0936279296875 0.40313720703125 0.1185302734375
-0.30438232421875 -0.104278564453125 0.5478515625 0.3955078125
-0.56732177734375 -0.0819091796875001 0.49224853515625 -0.063812255859375
-0.485015869140625 -0.00512695312500001 0.358367919921875 0.17388916015625
-0.46343994140625 0.103607177734375 0.3236083984375 0.15020751953125
-0.3719482421875 0.223846435546875 0.26470947265625 0.0135498046875
-0.287841796875 0.2850341796875 -0.00647735595703127 -0.0266571044921875
-0.140655517578125 0.44366455078125 -0.11907958984375 0.217422485351563
-0.00311279296874996 0.491302490234375 -0.0506591796875 0.435699462890625
-0.011474609375 0.46673583984375 0.04296875 0.473968505859375
0.00320434570312497 0.51690673828125 0.05682373046875 0.486236572265625
-0.101837158203125 0.502716064453125 0.0172119140625 0.427703857421875
-0.2933349609375 0.443572998046875 0.00657653808593748 0.227874755859375
-0.418487548828125 0.345794677734375 0.050567626953125 0.128509521484375
-0.56939697265625 0.0603027343749999 0.149337768554688 0.094940185546875
-0.61883544921875 -0.0621948242187499 0.2889404296875 0.114166259765625
-0.546173095703125 -0.1094970703125 0.4097900390625 0.33843994140625
-0.77569580078125 -0.0726928710937502 0.300506591796875 -0.0911865234375
-0.66448974609375 0.0453491210937499 0.242294311523437 0.189361572265625
-0.6146240234375 0.1590576171875 0.305267333984375 0.12738037109375
-0.493865966796875 0.277252197265625 0.265975952148437 -0.0334014892578125
-0.404876708984375 0.33770751953125 0.0122756958007812 -0.106529235839844
-0.2535400390625 0.564697265625 -0.115226745605469 0.0724716186523438
-0.06719970703125 0.6395263671875 -0.0801239013671875 0.244659423828125
-0.05633544921875 0.6107177734375 0.006317138671875 0.268539428710938
-0.02862548828125 0.67596435546875 0.023040771484375 0.2816162109375
-0.14703369140625 0.65179443359375 0.03076171875 0.253005981445313
-0.376434326171875 0.556427001953125 0.0300979614257812 0.111915588378906
-0.493560791015625 0.436492919921875 0.0495071411132812 0.082000732421875
-0.660888671875 0.12164306640625 0.0673446655273437 0.0936126708984375
-0.74029541015625 0.00646972656249986 0.114982604980469 0.115936279296875
-0.70037841796875 -0.0750122070312501 0.207412719726562 0.268646240234375
-0.8548583984375 -0.0513305664062501 0.0538787841796874 -0.1429443359375
-0.72454833984375 0.07366943359375 0.088958740234375 0.1605224609375
-0.6607666015625 0.153564453125 0.247695922851563 0.070098876953125
-0.558807373046875 0.262054443359375 0.231964111328125 -0.1002197265625
-0.481292724609375 0.335052490234375 0.040435791015625 -0.193191528320312
-0.33740234375 0.6112060546875 -0.08380126953125 -0.0965957641601562
-0.12518310546875 0.69525146484375 -0.0878982543945313 0.00764465332031256
-0.09442138671875 0.65869140625 -0.0252914428710938 0.0277462005615235
-0.0635375976562499 0.73419189453125 -0.0176887512207031 0.0420494079589844
-0.16876220703125 0.68145751953125 0.0278511047363281 0.0523567199707032
-0.3948974609375 0.56048583984375 0.0341701507568359 -0.00771522521972653
-0.4752197265625 0.439849853515625 0.0292129516601562 0.04150390625
-0.6260986328125 0.15576171875 -0.038360595703125 0.0976715087890625
-0.73046875 0.0805664062500001 -0.0787124633789063 0.130096435546875
-0.74774169921875 -0.0219116210937501 -0.0337982177734375 0.19818115234375
-0.7841796875 -0.0167846679687499 -0.204086303710938 -0.210983276367188
-0.64105224609375 0.0688476562500001 -0.0940475463867188 0.090545654296875
-0.58514404296875 0.0981445312500001 0.148223876953125 0.00898742675781251
-0.53857421875 0.178558349609375 0.177352905273437 -0.153366088867188
-0.490142822265625 0.27288818359375 0.0778350830078125 -0.265228271484375
-0.36895751953125 0.56622314453125 -0.0337677001953125 -0.272216796875
-0.15435791015625 0.6474609375 -0.0854339599609375 -0.243881225585938
-0.116943359375 0.6094970703125 -0.0565338134765625 -0.218597412109375
-0.0947265624999999 0.67218017578125 -0.0481109619140625 -0.189987182617187
-0.18084716796875 0.59234619140625 0.0265960693359375 -0.13726806640625
-0.35845947265625 0.454559326171875 0.0335464477539062 -0.097869873046875
-0.3741455078125 0.344390869140625 -0.0101137161254883 0.0167770385742188
-0.480926513671875 0.15948486328125 -0.149429321289063 0.092376708984375
-0.6151123046875 0.14093017578125 -0.257614135742188 0.126113891601563
-0.689453125 0.0337524414062501 -0.267837524414063 0.129104614257813
-0.584228515625 0.0295410156250001 -0.418609619140625 -0.280120849609375
-0.441253662109375 0.0579223632812499 -0.265289306640625 -0.00238037109375001
-0.40399169921875 0.024322509765625 0.0248298645019531 -0.0368766784667969
-0.41754150390625 0.0733642578125 0.12017822265625 -0.17633056640625
-0.402374267578125 0.1695556640625 0.115386962890625 -0.31512451171875
-0.324493408203125 0.43682861328125 0.020172119140625 -0.426422119140625
-0.14947509765625 0.502044677734375 -0.079498291015625 -0.472259521484375
-0.1165771484375 0.46917724609375 -0.077484130859375 -0.4381103515625
-0.114105224609375 0.510833740234375 -0.059417724609375 -0.382080078125
-0.172454833984375 0.412811279296875 0.0302581787109375 -0.26904296875
-0.273849487304687 0.278976440429688 0.02947998046875 -0.137825012207031
-0.229110717773438 0.2047119140625 -0.0617179870605469 0.00739288330078127
-0.28662109375 0.14404296875 -0.249649047851563 0.0616302490234375
-0.4344482421875 0.175506591796875 -0.391632080078125 0.090240478515625
-0.546142578125 0.0762023925781251 -0.46563720703125 0.0705566406249999
-0.29144287109375 0.082244873046875 -0.5550537109375 -0.330657958984375
-0.178970336914063 0.053192138671875 -0.388702392578125 -0.0859985351562501
-0.15576171875 -0.01312255859375 -0.0771331787109375 -0.0568313598632813
-0.207855224609375 -0.016082763671875 0.074432373046875 -0.180862426757813
-0.231689453125 0.050933837890625 0.142486572265625 -0.336334228515625
-0.221099853515625 0.234359741210937 0.058135986328125 -0.532379150390625
-0.122848510742188 0.27423095703125 -0.0756225585937501 -0.6339111328125
-0.0980072021484375 0.25848388671875 -0.09222412109375 -0.59002685546875
-0.117202758789063 0.27783203125 -0.04644775390625 -0.5054931640625
-0.135589599609375 0.186614990234375 0.048095703125 -0.33868408203125
-0.156646728515625 0.085052490234375 0.0178756713867187 -0.1307373046875
-0.0707550048828125 0.06402587890625 -0.125480651855469 -0.00364685058593748
-0.0903472900390625 0.119354248046875 -0.322296142578125 -0.00619506835937499
-0.224807739257813 0.175628662109375 -0.461761474609375 0.0200805664062501
-0.33612060546875 0.102447509765625 -0.60540771484375 0.0258178710937499
0.0232925415039062 -0.0990219116210938 0.61669921875 -0.091064453125
-0.0355148315429688 -0.140335083007813 0.4603271484375 0.05010986328125
-0.102851867675781 -0.0606307983398438 0.31439208984375 0.053955078125
-0.0779495239257813 0.0357208251953125 0.184524536132812 -0.006805419921875
-0.0244979858398438 0.0741119384765625 -0.0433502197265625 0.0783538818359375
0.0652885437011719 0.0414237976074219 -0.07098388671875 0.363677978515625
0.0850830078125 0.0159988403320313 0.04779052734375 0.59326171875
0.0688896179199219 -0.00431442260742188 0.1136474609375 0.63555908203125
0.09014892578125 -0.01837158203125 0.09136962890625 0.6478271484375
0.0841903686523438 0.021942138671875 -0.038116455078125 0.5531005859375
0.0627365112304688 0.0820236206054687 -0.064422607421875 0.341094970703125
-0.0213241577148438 0.103347778320313 0.01312255859375 0.163589477539062
-0.112632751464844 0.0380706787109375 0.196502685546875 0.095367431640625
-0.0973358154296875 -0.0680313110351563 0.432708740234375 0.086517333984375
-0.00812149047851562 -0.0680084228515625 0.59417724609375 0.38739013671875
-0.273849487304688 -0.075164794921875 0.5885009765625 -0.08062744140625
-0.247756958007812 -0.0625762939453124 0.42742919921875 0.118560791015625
-0.269058227539063 0.0289764404296875 0.332794189453125 0.119415283203125
-0.215957641601563 0.138580322265625 0.242523193359375 0.010650634765625
-0.151138305664063 0.194503784179688 -0.0206470489501953 0.0317726135253906
-0.0196533203125 0.259231567382813 -0.0911865234375 0.31170654296875
0.0636138916015625 0.268707275390625 0.01055908203125 0.552734375
0.0421905517578125 0.24530029296875 0.0968017578125001 0.5938720703125
0.0523529052734375 0.263381958007813 0.08978271484375 0.60906982421875
-0.0149688720703125 0.27239990234375 -0.00573730468749997 0.523284912109375
-0.125762939453125 0.26763916015625 -0.0323486328125 0.29754638671875
-0.235931396484375 0.226318359375 0.0345458984375 0.142349243164062
-0.361572265625 0.0421752929687501 0.195953369140625 0.083038330078125
-0.38104248046875 -0.0730285644531249 0.400909423828125 0.091949462890625
-0.2998046875 -0.091888427734375 0.553863525390625 0.36187744140625
-0.550750732421875 -0.05523681640625 0.4775390625 -0.0831298828125
-0.4715576171875 0.01373291015625 0.357940673828125 0.166015625
-0.443572998046875 0.122100830078125 0.333282470703125 0.14459228515625
-0.350738525390625 0.236907958984375 0.270172119140625 0.00325012207031251
-0.2724609375 0.29095458984375 -0.00275611877441408 -0.0265369415283203
-0.118316650390625 0.43829345703125 -0.10675048828125 0.216461181640625
0.020416259765625 0.483978271484375 -0.0306396484375 0.431884765625
0.00671386718750001 0.458648681640625 0.0623779296875 0.46844482421875
0.02618408203125 0.50628662109375 0.07183837890625 0.479156494140625
-0.07928466796875 0.4959716796875 0.02685546875 0.415283203125
-0.266754150390625 0.447235107421875 0.00184631347656248 0.215835571289063
-0.393890380859375 0.35675048828125 0.0475234985351562 0.111236572265625
-0.55291748046875 0.0845947265624999 0.151260375976562 0.0734100341796875
-0.60504150390625 -0.03106689453125 0.28839111328125 0.09088134765625
-0.536956787109375 -0.0843200683593749 0.42071533203125 0.308074951171875
-0.7545166015625 -0.03155517578125 0.287017822265625 -0.100860595703125
-0.64312744140625 0.0754394531249999 0.245361328125 0.186752319335937
-0.5816650390625 0.1845703125 0.311279296875 0.125518798828125
-0.464874267578125 0.294708251953125 0.2677001953125 -0.0389862060546875
-0.3817138671875 0.34588623046875 0.014129638671875 -0.1024169921875
-0.22332763671875 0.56390380859375 -0.109489440917969 0.081207275390625
-0.03875732421875 0.63336181640625 -0.064605712890625 0.248214721679688
-0.0318603515625 0.60321044921875 0.020416259765625 0.26898193359375
-0.00396728515624997 0.66845703125 0.03314208984375 0.281524658203125
-0.118408203125 0.64276123046875 0.035980224609375 0.245254516601563
-0.34722900390625 0.56207275390625 0.0208740234375 0.101844787597656
-0.4625244140625 0.4495849609375 0.0446929931640625 0.0724563598632813
-0.640380859375 0.14434814453125 0.0697860717773437 0.0756912231445313
-0.7166748046875 0.0419921874999999 0.117950439453125 0.102622985839844
-0.6859130859375 -0.0439453124999999 0.216033935546875 0.248703002929687
-0.8314208984375 -0.0067138671875 0.0418090820312499 -0.13995361328125
-0.699462890625 0.104248046875 0.0907745361328125 0.166061401367188
-0.6270751953125 0.1820068359375 0.246170043945312 0.0741729736328125
-0.532012939453125 0.2772216796875 0.229629516601563 -0.098175048828125
-0.46038818359375 0.343414306640625 0.035552978515625 -0.186508178710937
-0.30438232421875 0.614990234375 -0.0857925415039063 -0.0844116210937499
-0.09271240234375 0.6912841796875 -0.0833511352539063 0.0139465332031251
-0.06768798828125 0.65447998046875 -0.0212383270263672 0.0298271179199219
-0.03448486328125 0.725830078125 -0.0149879455566406 0.04718017578125
-0.13946533203125 0.67578125 0.0257759094238281 0.0489387512207032
-0.366943359375 0.57012939453125 0.0222702026367187 -0.0156421661376953
-0.444366455078125 0.449615478515625 0.0228996276855468 0.0361213684082031
-0.6021728515625 0.18023681640625 -0.0349273681640625 0.087249755859375
-0.70257568359375 0.11712646484375 -0.0727386474609375 0.121253967285156
-0.72808837890625 0.0111083984374999 -0.0206146240234375 0.1888427734375
-0.763427734375 0.0216064453125001 -0.209381103515625 -0.197021484375
-0.6151123046875 0.0989990234375 -0.0906219482421875 0.104164123535156
-0.556427001953125 0.11920166015625 0.14093017578125 0.016571044921875
-0.51434326171875 0.19451904296875 0.16949462890625 -0.144439697265625
-0.470977783203125 0.2833251953125 0.0695037841796875 -0.25738525390625
-0.33843994140625 0.57611083984375 -0.040496826171875 -0.257965087890625
-0.123779296875 0.64788818359375 -0.0893554687500001 -0.236663818359375
-0.08831787109375 0.6075439453125 -0.0589752197265625 -0.215927124023437
-0.065185546875 0.66986083984375 -0.0553436279296875 -0.185394287109375
-0.15386962890625 0.58770751953125 0.0152206420898438 -0.134414672851562
-0.334197998046875 0.463714599609375 0.0198822021484375 -0.102470397949219
-0.352569580078125 0.35302734375 -0.0151042938232422 0.0165786743164063
-0.45794677734375 0.17626953125 -0.14617919921875 0.09185791015625
-0.5853271484375 0.1717529296875 -0.249176025390625 0.123931884765625
-0.667724609375 0.0635986328125 -0.253662109375 0.133346557617188
-0.5653076171875 0.0611572265624999 -0.42620849609375 -0.255035400390625
-0.423095703125 0.0761108398437499 -0.265243530273437 0.0222015380859375
-0.385894775390625 0.04229736328125 0.0183391571044922 -0.0214767456054687
-0.402984619140625 0.0861511230468749 0.11065673828125 -0.164215087890625
-0.392852783203125 0.180816650390625 0.106903076171875 -0.301483154296875
-0.30242919921875 0.447113037109375 0.00967407226562502 -0.412506103515625
-0.127716064453125 0.5025634765625 -0.09124755859375 -0.461578369140625
-0.097808837890625 0.467132568359375 -0.090240478515625 -0.431060791015625
-0.09173583984375 0.510223388671875 -0.074554443359375 -0.37469482421875
-0.152008056640625 0.409912109375 0.01806640625 -0.266342163085938
-0.2559814453125 0.2808837890625 0.0145339965820312 -0.137123107910156
-0.21331787109375 0.207061767578125 -0.069183349609375 0.0109825134277344
-0.264389038085938 0.151351928710938 -0.246871948242188 0.0658111572265625
-0.4053955078125 0.1964111328125 -0.376953125 0.094268798828125
-0.525115966796875 0.10223388671875 -0.44976806640625 0.0848693847656251
-0.28179931640625 0.0978393554687501 -0.56072998046875 -0.298004150390625
-0.171295166015625 0.0605621337890625 -0.3890380859375 -0.054779052734375
-0.147537231445313 -0.0038909912109375 -0.0821685791015625 -0.0365524291992187
-0.202362060546875 -0.00769042968750003 0.063751220703125 -0.164535522460938
-0.23016357421875 0.05828857421875 0.13116455078125 -0.322540283203125
-0.207443237304688 0.24053955078125 0.04144287109375 -0.51995849609375
-0.110580444335938 0.276779174804688 -0.0965576171875 -0.62310791015625
-0.0888671875 0.259719848632813 -0.1126708984375 -0.5810546875
-0.104354858398438 0.280105590820313 -0.068145751953125 -0.4964599609375
-0.127059936523438 0.186370849609375 0.034515380859375 -0.333587646484375
-0.150863647460937 0.0871124267578125 0.00788116455078124 -0.125862121582031
-0.06494140625 0.0636863708496094 -0.131965637207031 0.00604248046874999
-0.0744857788085937 0.1187744140625 -0.3228759765625 0.00283813476562506
-0.202728271484375 0.187850952148437 -0.4501953125 0.030029296875
-0.31927490234375 0.118133544921875 -0.5909423828125 0.0460205078125
0.0226058959960938 -0.104408264160156 0.60614013671875 -0.10552978515625
-0.0455322265625 -0.141448974609375 0.461456298828125 0.049163818359375
-0.108169555664063 -0.058074951171875 0.329559326171875 0.049713134765625
-0.0804901123046875 0.039886474609375 0.195327758789063 -0.01507568359375
-0.022674560546875 0.0784149169921875 -0.0369415283203125 0.0733795166015625
0.0668296813964844 0.0391349792480469 -0.058349609375 0.361724853515625
0.0868148803710938 0.0118865966796875 0.066650390625 0.59417724609375
0.0685806274414063 -0.00787734985351563 0.131103515625 0.63507080078125
0.0883331298828125 -0.0248565673828125 0.10198974609375 0.64923095703125
0.0844802856445313 0.0154800415039063 -0.03662109375 0.548614501953125
0.06744384765625 0.0779037475585938 -0.069122314453125 0.330108642578125
-0.0157470703125 0.104354858398437 0.010162353515625 0.143280029296875
-0.113258361816406 0.04156494140625 0.1995849609375 0.0674285888671875
-0.102378845214844 -0.0687713623046875 0.43115234375 0.063262939453125
-0.010894775390625 -0.0712661743164063 0.60296630859375 0.3660888671875
-0.268020629882813 -0.070037841796875 0.57940673828125 -0.09429931640625
-0.248626708984375 -0.05810546875 0.4320068359375 0.1185302734375
-0.265548706054688 0.033966064453125 0.35113525390625 0.116485595703125
-0.210098266601563 0.145233154296875 0.253936767578125 0.000366210937500009
-0.144851684570313 0.198532104492187 -0.0151710510253906 0.0266189575195313
-0.00915527343750001 0.257537841796875 -0.08282470703125 0.30963134765625
0.073211669921875 0.266143798828125 0.028289794921875 0.553466796875
0.0476226806640625 0.242843627929688 0.11297607421875 0.594970703125
0.059600830078125 0.258392333984375 0.1009521484375 0.61077880859375
-0.0068511962890625 0.268508911132813 -0.00415039062500003 0.5203857421875
-0.118011474609375 0.267807006835938 -0.03936767578125 0.288970947265625
-0.226791381835937 0.230010986328125 0.0293960571289062 0.125846862792969
-0.358123779296875 0.050445556640625 0.197952270507812 0.056915283203125
-0.382232666015625 -0.0628662109375 0.40008544921875 0.067901611328125
-0.298553466796875 -0.08575439453125 0.561309814453125 0.34002685546875
-0.540618896484375 -0.039306640625 0.468475341796875 -0.094573974609375
-0.464508056640625 0.0265197753906249 0.362335205078125 0.16839599609375
-0.431488037109375 0.13299560546875 0.349609375 0.145721435546875
-0.336334228515625 0.2449951171875 0.28173828125 -0.00543212890624999
-0.262237548828125 0.294952392578125 0.00245285034179686 -0.0303230285644531
-0.103057861328125 0.4390869140625 -0.0996551513671875 0.218536376953125
0.0345458984375 0.483184814453125 -0.014923095703125 0.437744140625
0.018951416015625 0.456634521484375 0.0789794921875 0.466766357421875
0.0380859375 0.505096435546875 0.081024169921875 0.484710693359375
-0.06695556640625 0.49310302734375 0.027862548828125 0.41326904296875
-0.254974365234375 0.450408935546875 -0.008392333984375 0.208770751953125
-0.37969970703125 0.36602783203125 0.0416946411132812 0.09783935546875
-0.546661376953125 0.0994567871093749 0.150924682617187 0.0509490966796875
-0.5985107421875 -0.01153564453125 0.28753662109375 0.073150634765625
-0.5313720703125 -0.071563720703125 0.42669677734375 0.29046630859375
-0.742431640625 -0.00787353515625005 0.280288696289062 -0.107666015625
-0.6307373046875 0.09368896484375 0.2515869140625 0.192840576171875
-0.56268310546875 0.19891357421875 0.323150634765625 0.13006591796875
-0.447265625 0.3043212890625 0.275527954101563 -0.04376220703125
-0.372314453125 0.351806640625 0.0174713134765625 -0.103179931640625
-0.20391845703125 0.56829833984375 -0.103248596191406 0.0861968994140625
-0.019287109375 0.634765625 -0.053802490234375 0.253509521484375
-0.01806640625 0.603759765625 0.0326690673828125 0.26953125
0.0150146484375 0.6702880859375 0.038787841796875 0.286224365234375
-0.1024169921875 0.640869140625 0.0335693359375 0.244293212890625
-0.33050537109375 0.57122802734375 0.00793457031249998 0.0971908569335938
-0.447174072265625 0.461181640625 0.0365104675292968 0.0624809265136719
-0.62908935546875 0.15960693359375 0.0681571960449218 0.0587120056152344
-0.7039794921875 0.0650634765624999 0.118751525878906 0.0885238647460938
-0.676025390625 -0.0269165039062499 0.224166870117187 0.23553466796875
-0.8162841796875 0.0223999023437499 0.0370254516601562 -0.140090942382813
-0.68218994140625 0.12542724609375 0.0957336425781249 0.17523193359375
-0.6053466796875 0.1978759765625 0.254348754882812 0.0826416015625
-0.512786865234375 0.289337158203125 0.232101440429687 -0.096923828125
-0.451934814453125 0.3504638671875 0.0374908447265625 -0.181854248046875
-0.28497314453125 0.620849609375 -0.0832061767578125 -0.0768814086914062
-0.0743408203125 0.69659423828125 -0.0787734985351563 0.0193939208984375
-0.051025390625 0.65875244140625 -0.0156173706054688 0.0291709899902344
-0.01373291015625 0.730224609375 -0.0139579772949219 0.0512466430664063
-0.12310791015625 0.67340087890625 0.0216598510742187 0.0473976135253907
-0.3511962890625 0.57916259765625 0.0089139938354492 -0.0174503326416015
-0.4288330078125 0.458099365234375 0.0131855010986328 0.0315608978271485
-0.58636474609375 0.1917724609375 -0.0360107421875 0.07708740234375
-0.68377685546875 0.1392822265625 -0.0701141357421875 0.113174438476563
-0.7149658203125 0.0275268554687499 -0.0136566162109376 0.180679321289063
-0.74908447265625 0.0513916015625001 -0.216995239257813 -0.188003540039062
-0.59918212890625 0.1170654296875 -0.0884170532226563 0.120002746582031
-0.5374755859375 0.1329345703125 0.142166137695312 0.030731201171875
-0.501861572265625 0.2047119140625 0.16998291015625 -0.135543823242187
-0.466705322265625 0.29046630859375 0.070220947265625 -0.248626708984375
-0.32086181640625 0.583251953125 -0.0402069091796875 -0.249862670898437
-0.10565185546875 0.6533203125 -0.0903778076171875 -0.232452392578125
-0.0747070312499999 0.61151123046875 -0.0605316162109375 -0.2174072265625
-0.0482177734375 0.67510986328125 -0.0605010986328125 -0.182022094726562
-0.14019775390625 0.58935546875 0.00913238525390623 -0.134452819824219
-0.32196044921875 0.46942138671875 0.00532531738281249 -0.100654602050781
-0.33880615234375 0.35760498046875 -0.0253868103027344 0.0145435333251953
-0.442230224609375 0.183746337890625 -0.146697998046875 0.0869140625
-0.56365966796875 0.19073486328125 -0.24322509765625 0.12017822265625
-0.6539306640625 0.0804443359374999 -0.245742797851562 0.131088256835938
-0.55322265625 0.083526611328125 -0.4324951171875 -0.2396240234375
-0.40863037109375 0.089874267578125 -0.26519775390625 0.0423431396484375
-0.371429443359375 0.050689697265625 0.0161399841308594 -0.00318622589111328
-0.395660400390625 0.094512939453125 0.10888671875 -0.149612426757813
-0.3914794921875 0.18804931640625 0.1094970703125 -0.293121337890625
-0.28851318359375 0.455810546875 0.00744628906250003 -0.404876708984375
-0.113128662109375 0.509246826171875 -0.097198486328125 -0.460906982421875
-0.083770751953125 0.47222900390625 -0.100311279296875 -0.4327392578125
-0.07830810546875 0.5194091796875 -0.086273193359375 -0.37255859375
-0.142181396484375 0.411102294921875 0.00903320312499999 -0.265762329101563
-0.250213623046875 0.28564453125 0.00400543212890624 -0.133689880371094
-0.20355224609375 0.206344604492188 -0.0777130126953125 0.013763427734375
-0.2489013671875 0.154541015625 -0.248214721679688 0.067352294921875
-0.38427734375 0.20989990234375 -0.374755859375 0.092529296875
-0.514190673828125 0.1168212890625 -0.443023681640625 0.0886535644531251
-0.27264404296875 0.112838745117188 -0.56903076171875 -0.27972412109375
-0.1654052734375 0.0657958984375 -0.394287109375 -0.0308532714843751
-0.14154052734375 -0.000961303710937493 -0.0853195190429688 -0.0149612426757812
-0.20172119140625 -0.00338745117187502 0.063385009765625 -0.14593505859375
-0.230911254882813 0.061798095703125 0.133514404296875 -0.312744140625
-0.200653076171875 0.24859619140625 0.0393066406249999 -0.515960693359375
-0.103515625 0.280929565429687 -0.10955810546875 -0.6234130859375
-0.081390380859375 0.263381958007813 -0.1280517578125 -0.5831298828125
-0.09637451171875 0.285797119140625 -0.084320068359375 -0.49639892578125
-0.124313354492187 0.189010620117188 0.024658203125 -0.331573486328125
-0.14935302734375 0.0878753662109375 -0.000961303710937518 -0.119064331054688
-0.0599937438964844 0.0589447021484375 -0.139396667480469 0.0141754150390625
-0.0618667602539062 0.119407653808594 -0.328521728515625 0.00781250000000001
-0.18621826171875 0.196624755859375 -0.449951171875 0.030120849609375
-0.3099365234375 0.12841796875 -0.58404541015625 0.0560302734374999
0.021026611328125 -0.111923217773438 0.60528564453125 -0.12152099609375
-0.0576171875 -0.143173217773438 0.475341796875 0.048431396484375
-0.118217468261719 -0.0556716918945313 0.35400390625 0.04217529296875
-0.0829391479492188 0.0458602905273438 0.210891723632812 -0.0284271240234375
-0.0201873779296875 0.0854110717773438 -0.0310478210449219 0.0674781799316406
0.071502685546875 0.0388336181640625 -0.048583984375 0.36456298828125
0.0902786254882813 0.00765228271484375 0.0900268554687499 0.60443115234375
0.0684585571289063 -0.0126228332519531 0.1531982421875 0.64752197265625
0.0880661010742187 -0.0319366455078125 0.11767578125 0.666259765625
0.0865859985351563 0.0098114013671875 -0.03662109375 0.56109619140625
0.0735092163085937 0.0749435424804688 -0.079925537109375 0.32861328125
-0.0108718872070312 0.1068115234375 0.00144958496093749 0.125679016113281
-0.115653991699219 0.0467987060546875 0.200759887695312 0.036376953125
-0.111679077148437 -0.0684280395507813 0.436614990234375 0.036407470703125
-0.014434814453125 -0.0759963989257813 0.623779296875 0.3507080078125
-0.268661499023438 -0.0679779052734375 0.57891845703125 -0.10968017578125
-0.2552490234375 -0.05352783203125 0.447174072265625 0.120513916015625
-0.268539428710938 0.0394134521484374 0.378631591796875 0.11126708984375
-0.20806884765625 0.1544189453125 0.2718505859375 -0.0148468017578125
-0.141082763671875 0.207901000976563 -0.0098857879638672 0.0190372467041016
0.000854492187500006 0.261672973632813 -0.07464599609375 0.312652587890625
0.084747314453125 0.267913818359375 0.0499267578125 0.56622314453125
0.0547637939453125 0.24444580078125 0.136474609375 0.606201171875
0.0668487548828125 0.260467529296875 0.11822509765625 0.628173828125
-0.00106811523437503 0.268661499023437 -0.001312255859375 0.532073974609375
-0.111679077148438 0.27447509765625 -0.0521240234375 0.28912353515625
-0.221420288085938 0.239212036132812 0.0200881958007812 0.111495971679688
-0.36260986328125 0.06121826171875 0.196319580078125 0.0278167724609375
-0.38909912109375 -0.052734375 0.404632568359375 0.0450439453125
-0.30316162109375 -0.0821533203125 0.58087158203125 0.323974609375
-0.53985595703125 -0.0252685546875001 0.468353271484375 -0.10760498046875
-0.4658203125 0.038330078125 0.378875732421875 0.174530029296875
-0.426544189453125 0.142669677734375 0.37799072265625 0.14404296875
-0.329254150390625 0.2578125 0.299957275390625 -0.0181884765625
-0.258575439453125 0.305389404296875 0.00810241699218748 -0.0374412536621094
-0.088714599609375 0.448394775390625 -0.093780517578125 0.2235107421875
0.0525207519531251 0.4913330078125 0.00244140625000003 0.449462890625
0.03167724609375 0.46527099609375 0.099212646484375 0.47662353515625
0.052398681640625 0.514373779296875 0.096282958984375 0.49920654296875
-0.056549072265625 0.5001220703125 0.028717041015625 0.421478271484375
-0.2452392578125 0.465576171875 -0.021514892578125 0.2083740234375
-0.3739013671875 0.382904052734375 0.0304718017578125 0.0858993530273438
-0.5491943359375 0.114288330078125 0.147506713867188 0.0259857177734375
-0.60260009765625 0.00622558593749991 0.289764404296875 0.052490234375
-0.535552978515625 -0.0610046386718751 0.442474365234375 0.275726318359375
-0.7398681640625 0.01422119140625 0.27685546875 -0.116668701171875
-0.6265869140625 0.1124267578125 0.26611328125 0.202224731445313
-0.550933837890625 0.213714599609375 0.34783935546875 0.134307861328125
-0.43585205078125 0.31781005859375 0.291015625 -0.051849365234375
-0.3702392578125 0.363677978515625 0.02203369140625 -0.108360290527344
-0.18804931640625 0.58221435546875 -0.0985641479492188 0.0918273925781251
0.000122070312499989 0.64935302734375 -0.0410308837890625 0.2628173828125
-0.000122070312500061 0.6173095703125 0.0465545654296875 0.274459838867188
0.035888671875 0.68780517578125 0.048492431640625 0.29730224609375
-0.0871582031249999 0.65338134765625 0.0335235595703125 0.24951171875
-0.32000732421875 0.59088134765625 -0.00688171386718753 0.09765625
-0.439453125 0.47894287109375 0.0242576599121093 0.0547409057617188
-0.630126953125 0.1763916015625 0.06243896484375 0.0403213500976563
-0.70184326171875 0.0871582031249999 0.119659423828125 0.0746078491210938
-0.6781005859375 -0.01055908203125 0.2347412109375 0.224380493164063
-0.8153076171875 0.0516967773437499 0.0299224853515624 -0.142913818359375
-0.67425537109375 0.1466064453125 0.106597900390625 0.189285278320313
-0.59124755859375 0.2135009765625 0.271453857421875 0.0921478271484375
-0.50299072265625 0.300537109375 0.2442626953125 -0.0976715087890625
-0.45269775390625 0.362548828125 0.042724609375 -0.183944702148437
-0.270263671875 0.63946533203125 -0.080047607421875 -0.0723495483398437
-0.05267333984375 0.71502685546875 -0.073089599609375 0.0238571166992188
-0.03240966796875 0.67498779296875 -0.00962638854980469 0.0282783508300782
0.00781249999999995 0.75128173828125 -0.0125465393066406 0.0566062927246094
-0.10858154296875 0.68853759765625 0.0180320739746094 0.0494003295898438
-0.341796875 0.600341796875 -0.00761032104492189 -0.016240119934082
-0.42138671875 0.474761962890625 0.00188255310058591 0.0275325775146485
-0.5833740234375 0.20550537109375 -0.0430526733398438 0.0667953491210938
-0.67626953125 0.16119384765625 -0.0719528198242188 0.104957580566406
-0.71661376953125 0.0472412109374999 -0.00708007812500003 0.175521850585938
-0.7445068359375 0.0820922851562499 -0.226852416992188 -0.183624267578125
-0.5889892578125 0.13836669921875 -0.0827789306640625 0.138679504394531
-0.525390625 0.145843505859375 0.151870727539063 0.0460968017578125
-0.497772216796875 0.216766357421875 0.177444458007812 -0.12884521484375
-0.470977783203125 0.303802490234375 0.076141357421875 -0.248580932617187
-0.3082275390625 0.60418701171875 -0.0384368896484375 -0.248641967773437
-0.0855712890625 0.67303466796875 -0.0927734375 -0.234329223632813
-0.05828857421875 0.6298828125 -0.0648040771484375 -0.224533081054688
-0.0272216796875 0.69708251953125 -0.068084716796875 -0.181106567382812
-0.12762451171875 0.603515625 0.00160217285156248 -0.136329650878906
-0.31622314453125 0.486328125 -0.00973510742187502 -0.0997085571289062
-0.33099365234375 0.367218017578125 -0.0367546081542969 0.0158653259277344
-0.4337158203125 0.19268798828125 -0.154327392578125 0.0836029052734375
-0.548858642578125 0.21075439453125 -0.247756958007813 0.117507934570312
-0.65301513671875 0.0994873046875 -0.244049072265625 0.131744384765625
-0.546630859375 0.109161376953125 -0.447052001953125 -0.228271484375
-0.401458740234375 0.103515625 -0.266876220703125 0.0645751953125001
-0.364288330078125 0.0577697753906251 0.0197086334228515 0.0181980133056641
-0.397125244140625 0.1041259765625 0.115486145019531 -0.136085510253906
-0.3988037109375 0.200653076171875 0.11669921875 -0.291839599609375
-0.279998779296875 0.47344970703125 0.00753784179687502 -0.4091796875
-0.099884033203125 0.526275634765625 -0.107818603515625 -0.470611572265625
-0.071990966796875 0.488800048828125 -0.11456298828125 -0.4429931640625
-0.06268310546875 0.5347900390625 -0.100189208984375 -0.37750244140625
-0.13580322265625 0.42169189453125 -0.00105285644531254 -0.269027709960938
-0.24847412109375 0.296905517578125 -0.00821685791015627 -0.130409240722656
-0.19805908203125 0.208236694335938 -0.0885086059570313 0.0201187133789063
-0.23699951171875 0.158157348632813 -0.2596435546875 0.0699920654296875
-0.3670654296875 0.226318359375 -0.3814697265625 0.0935974121093751
-0.51025390625 0.134613037109375 -0.44464111328125 0.0967407226562499
-0.265762329101563 0.130020141601562 -0.58648681640625 -0.26397705078125
-0.1605224609375 0.07305908203125 -0.401123046875 -0.00402832031249998
-0.136833190917969 0.000976562499999993 -0.0840377807617188 0.0107192993164062
-0.204803466796875 0.000259399414062503 0.070465087890625 -0.129951477050781
-0.2379150390625 0.069427490234375 0.143402099609375 -0.31182861328125
-0.196975708007813 0.261627197265625 0.03997802734375 -0.523895263671875
-0.096466064453125 0.2918701171875 -0.1253662109375 -0.63934326171875
-0.0747833251953125 0.272933959960938 -0.14886474609375 -0.596435546875
-0.08868408203125 0.299835205078125 -0.102752685546875 -0.504150390625
-0.12432861328125 0.19622802734375 0.014617919921875 -0.3359375
-0.151107788085937 0.092041015625 -0.00836944580078126 -0.113174438476563
-0.0569648742675781 0.0549125671386719 -0.151092529296875 0.0261993408203125
-0.0484619140625 0.118827819824219 -0.344970703125 0.0144958496093751
-0.170333862304688 0.207427978515625 -0.460693359375 0.0319519042968751
-0.3048095703125 0.14300537109375 -0.5870361328125 0.07012939453125
0.0157012939453125 -0.123138427734375 0.60687255859375 -0.14605712890625
-0.07464599609375 -0.142990112304688 0.50006103515625 0.0394287109375
-0.131591796875 -0.0484542846679688 0.385833740234375 0.02227783203125
-0.08514404296875 0.0562286376953125 0.228057861328125 -0.0521240234375
-0.0143356323242188 0.0933761596679688 -0.0255393981933594 0.0596122741699219
0.0778884887695313 0.0359954833984375 -0.031890869140625 0.371673583984375
0.0951614379882813 0.00025177001953125 0.1285400390625 0.61767578125
0.0681343078613281 -0.0185089111328125 0.194580078125 0.66436767578125
0.0870895385742188 -0.0412826538085938 0.15087890625 0.69110107421875
0.0880355834960938 0.00154876708984375 -0.0260009765625 0.58648681640625
0.0810394287109375 0.0710296630859375 -0.09014892578125 0.33795166015625
-0.00386810302734375 0.109809875488281 -0.0132293701171875 0.111076354980469
-0.118133544921875 0.0552291870117187 0.194778442382813 -0.000564575195312497
-0.125724792480469 -0.0656585693359375 0.442596435546875 0.000335693359374996
-0.0215072631835937 -0.0826263427734375 0.65509033203125 0.32373046875
-0.274032592773437 -0.0627593994140625 0.58306884765625 -0.135009765625
-0.266738891601563 -0.0443572998046875 0.475250244140625 0.11602783203125
-0.275802612304688 0.0519866943359375 0.4154052734375 0.0924072265625
-0.205215454101562 0.169570922851563 0.292327880859375 -0.040863037109375
-0.134552001953125 0.222503662109375 -0.00630187988281251 0.00815820693969728
0.0175933837890625 0.267166137695313 -0.06097412109375 0.32098388671875
0.103347778320312 0.27008056640625 0.0858154296875 0.58160400390625
0.0669097900390625 0.248336791992188 0.17645263671875 0.62103271484375
0.08172607421875 0.264312744140625 0.1517333984375 0.650146484375
0.0103302001953125 0.2744140625 0.00994873046874997 0.55401611328125
-0.10015869140625 0.2850341796875 -0.062286376953125 0.298797607421875
-0.214218139648438 0.254714965820312 0.0045013427734375 0.0988616943359375
-0.36834716796875 0.078857421875 0.188858032226562 -0.00636291503906249
-0.402496337890625 -0.0367431640624999 0.409393310546875 0.0093994140625
-0.312957763671875 -0.07598876953125 0.608642578125 0.297607421875
-0.545440673828125 -0.00491333007812495 0.468658447265625 -0.130340576171875
-0.471832275390625 0.0596008300781249 0.40789794921875 0.1746826171875
-0.4254150390625 0.1610107421875 0.4171142578125 0.131439208984375
-0.31982421875 0.27532958984375 0.32269287109375 -0.04345703125
-0.25201416015625 0.324859619140625 0.0114593505859375 -0.0491142272949219
-0.0677490234374999 0.462127685546875 -0.0834808349609375 0.231185913085938
0.080596923828125 0.50360107421875 0.031219482421875 0.465301513671875
0.053466796875 0.478057861328125 0.131561279296875 0.487152099609375
0.080535888671875 0.53033447265625 0.1258544921875 0.51873779296875
-0.036346435546875 0.515411376953125 0.0391845703125 0.438507080078125
-0.2303466796875 0.49029541015625 -0.0346527099609375 0.218215942382813
-0.364593505859375 0.40777587890625 0.0145721435546875 0.0762863159179688
-0.5560302734375 0.13800048828125 0.137039184570312 -0.00241088867187499
-0.6116943359375 0.0324096679687501 0.290985107421875 0.02545166015625
-0.546142578125 -0.0440063476562501 0.46502685546875 0.252471923828125
-0.7442626953125 0.0509643554687499 0.274139404296875 -0.131881713867188
-0.62811279296875 0.14251708984375 0.2926025390625 0.2088623046875
-0.54412841796875 0.236480712890625 0.384613037109375 0.12799072265625
-0.425567626953125 0.339874267578125 0.313232421875 -0.070587158203125
-0.36651611328125 0.387298583984375 0.0253524780273437 -0.118293762207031
-0.16448974609375 0.603759765625 -0.0918502807617188 0.0990676879882813
0.0340576171875 0.67156982421875 -0.022216796875 0.273406982421875
0.0292358398437501 0.6385498046875 0.0679931640625 0.278045654296875
0.0732421875000001 0.71075439453125 0.067230224609375 0.31121826171875
-0.0595703125000001 0.67584228515625 0.03851318359375 0.260452270507813
-0.3011474609375 0.62548828125 -0.0228195190429688 0.105369567871094
-0.42681884765625 0.510467529296875 0.00919723510742184 0.0489768981933594
-0.63494873046875 0.2044677734375 0.0498237609863281 0.02105712890625
-0.70556640625 0.121337890625 0.1171875 0.0571517944335938
-0.68896484375 0.0131225585937499 0.252197265625 0.210479736328125
-0.8153076171875 0.0940551757812499 0.0202484130859375 -0.147552490234375
-0.6695556640625 0.181396484375 0.126968383789062 0.20379638671875
-0.58160400390625 0.23577880859375 0.30096435546875 0.09423828125
-0.494659423828125 0.325225830078125 0.261978149414063 -0.106674194335938
-0.453643798828125 0.391510009765625 0.04571533203125 -0.192245483398437
-0.2470703125 0.66998291015625 -0.0768890380859375 -0.0692901611328125
-0.01531982421875 0.74322509765625 -0.0652809143066406 0.0277099609375001
-0.00146484374999998 0.69940185546875 -0.00390625 0.0247154235839844
0.04962158203125 0.78167724609375 -0.00874710083007813 0.064453125
-0.08038330078125 0.7144775390625 0.0145950317382812 0.0539932250976563
-0.32257080078125 0.635986328125 -0.0251522064208985 -0.0103054046630859
-0.408050537109375 0.504425048828125 -0.0135078430175781 0.0269737243652344
-0.5830078125 0.23150634765625 -0.0559768676757813 0.0584526062011719
-0.672607421875 0.19451904296875 -0.077880859375 0.0988388061523438
-0.7236328125 0.0770263671875 0.00199890136718744 0.1707763671875
-0.7431640625 0.12554931640625 -0.243865966796875 -0.177230834960937
-0.5811767578125 0.16778564453125 -0.071319580078125 0.1600341796875
-0.5179443359375 0.16290283203125 0.172576904296875 0.058837890625
-0.49505615234375 0.23858642578125 0.192092895507812 -0.12823486328125
-0.47784423828125 0.331268310546875 0.0813140869140624 -0.256256103515625
-0.28900146484375 0.63787841796875 -0.0396728515625 -0.2529296875
-0.0545654296874999 0.70330810546875 -0.099822998046875 -0.241485595703125
-0.0285644531249999 0.6563720703125 -0.075408935546875 -0.233932495117187
0.0113525390625 0.72662353515625 -0.078643798828125 -0.180633544921875
-0.103759765625 0.628662109375 -0.0101470947265625 -0.1365966796875
-0.302764892578125 0.517791748046875 -0.0277557373046875 -0.0942459106445312
-0.322723388671875 0.388916015625 -0.0499076843261719 0.0216217041015625
-0.428558349609375 0.209228515625 -0.1688232421875 0.0858917236328126
-0.537811279296875 0.238433837890625 -0.2581787109375 0.119476318359375
-0.65521240234375 0.13116455078125 -0.242431640625 0.137725830078125
-0.5399169921875 0.143096923828125 -0.470947265625 -0.21044921875
-0.3941650390625 0.123443603515625 -0.265884399414063 0.094573974609375
-0.3592529296875 0.0675048828125 0.0332679748535156 0.0394935607910156
-0.401611328125 0.121063232421875 0.128501892089844 -0.127174377441406
-0.407501220703125 0.223663330078125 0.12481689453125 -0.300811767578125
-0.2659912109375 0.504669189453125 0.00296020507812494 -0.42266845703125
-0.076171875 0.5528564453125 -0.129913330078125 -0.485992431640625
-0.0488891601562501 0.51043701171875 -0.140869140625 -0.45806884765625
-0.03326416015625 0.56256103515625 -0.1241455078125 -0.383544921875
-0.1221923828125 0.442169189453125 -0.0164031982421875 -0.273818969726562
-0.244598388671875 0.31634521484375 -0.0221176147460938 -0.124458312988281
-0.193450927734375 0.215621948242188 -0.100112915039063 0.0322418212890625
-0.22467041015625 0.163162231445313 -0.277114868164063 0.0815277099609375
-0.348419189453125 0.247894287109375 -0.3980712890625 0.102294921875
-0.507843017578125 0.162445068359375 -0.449798583984375 0.111602783203125
-0.255584716796875 0.150863647460938 -0.61517333984375 -0.2392578125
-0.153350830078125 0.082733154296875 -0.407867431640625 0.031585693359375
-0.133232116699219 0.00177764892578124 -0.07403564453125 0.0392379760742188
-0.210968017578125 0.00744628906249997 0.0838165283203125 -0.116844177246094
-0.24713134765625 0.0839385986328125 0.153564453125 -0.321258544921875
-0.19012451171875 0.28228759765625 0.031280517578125 -0.544525146484375
-0.0836181640625 0.3095703125 -0.1571044921875 -0.6611328125
-0.06256103515625 0.28851318359375 -0.186767578125 -0.61212158203125
-0.07476806640625 0.317840576171875 -0.135650634765625 -0.51654052734375
-0.121292114257813 0.208969116210937 -0.00283813476562503 -0.3433837890625
-0.154098510742188 0.09991455078125 -0.0175018310546875 -0.105506896972656
-0.0545845031738281 0.0510902404785156 -0.162887573242188 0.0447998046875
-0.0322113037109375 0.116912841796875 -0.367156982421875 0.03131103515625
-0.149444580078125 0.220138549804687 -0.481842041015625 0.0430603027343751
-0.298065185546875 0.16400146484375 -0.59735107421875 0.0937499999999999
0.00415802001953126 -0.132293701171875 0.600830078125 -0.17926025390625
-0.0952224731445313 -0.135635375976563 0.525177001953125 0.014892578125
-0.144393920898438 -0.0340728759765625 0.413360595703125 -0.0157470703125
-0.0826797485351563 0.0684127807617187 0.237045288085938 -0.087127685546875
-0.00355529785156251 0.100173950195313 -0.0219764709472656 0.0493888854980469
0.0852127075195312 0.0298538208007812 -0.00659179687500002 0.371551513671875
0.0981826782226563 -0.0106964111328125 0.18206787109375 0.61785888671875
0.0661392211914063 -0.0260238647460938 0.2515869140625 0.66510009765625
0.0823516845703125 -0.0513534545898437 0.2060546875 0.7044677734375
0.0878524780273438 -0.00870513916015625 0.00231933593750003 0.61041259765625
0.0893478393554688 0.0619430541992188 -0.093597412109375 0.354644775390625
0.00555419921875001 0.109756469726563 -0.0349655151367188 0.1026611328125
-0.117774963378906 0.0667266845703125 0.173995971679688 -0.04022216796875
-0.14068603515625 -0.0560150146484375 0.433929443359375 -0.047515869140625
-0.0328598022460938 -0.0864944458007812 0.68408203125 0.276123046875
-0.279754638671875 -0.0525054931640625 0.5736083984375 -0.16888427734375
-0.277313232421875 -0.027252197265625 0.506744384765625 0.09222412109375
-0.279983520507813 0.070587158203125 0.4508056640625 0.054473876953125
-0.195785522460938 0.187454223632813 0.304901123046875 -0.081146240234375
-0.118865966796875 0.238510131835937 -0.00616407394409181 -0.00532150268554686
0.0398101806640625 0.267990112304688 -0.03936767578125 0.32470703125
0.126495361328125 0.263748168945313 0.13446044921875 0.58575439453125
0.0844879150390625 0.247848510742188 0.231201171875 0.62078857421875
0.10125732421875 0.262542724609375 0.20782470703125 0.6634521484375
0.026885986328125 0.275482177734375 0.0399780273437499 0.57366943359375
-0.080780029296875 0.295135498046875 -0.067108154296875 0.31671142578125
-0.197677612304687 0.270889282226563 -0.0164337158203125 0.0920257568359375
-0.3682861328125 0.10369873046875 0.16534423828125 -0.04229736328125
-0.413116455078125 -0.0107727050781249 0.400421142578125 -0.032958984375
-0.322479248046875 -0.0623168945312501 0.63446044921875 0.25213623046875
-0.54486083984375 0.025146484375 0.459564208984375 -0.158721923828125
-0.470458984375 0.0893554687500001 0.4417724609375 0.158355712890625
-0.4183349609375 0.18548583984375 0.45709228515625 0.0972900390625
-0.30352783203125 0.297210693359375 0.33837890625 -0.083038330078125
-0.235382080078125 0.347137451171875 0.0107345581054687 -0.0639686584472656
-0.032196044921875 0.470916748046875 -0.0668182373046875 0.23638916015625
0.120819091796875 0.505523681640625 0.072021484375 0.469696044921875
0.08892822265625 0.4840087890625 0.176422119140625 0.4862060546875
0.123046875 0.535308837890625 0.171112060546875 0.52703857421875
-0.0030517578125 0.525054931640625 0.063873291015625 0.45513916015625
-0.199066162109375 0.514984130859375 -0.0410919189453125 0.234329223632813
-0.34033203125 0.436767578125 -0.00513458251953127 0.0729293823242188
-0.554595947265625 0.175384521484375 0.112403869628906 -0.0296859741210937
-0.613525390625 0.0699462890625001 0.281768798828125 -0.00762939453125
-0.55328369140625 -0.0146484374999999 0.485809326171875 0.215789794921875
-0.7362060546875 0.0964355468750001 0.2625732421875 -0.14959716796875
-0.61553955078125 0.1824951171875 0.32659912109375 0.2021484375
-0.527496337890625 0.263916015625 0.4241943359375 0.1025390625
-0.40362548828125 0.364837646484375 0.3299560546875 -0.1031494140625
-0.349822998046875 0.41619873046875 0.0244522094726562 -0.131919860839844
-0.12225341796875 0.62322998046875 -0.0812149047851563 0.103874206542969
0.0881958007812501 0.6820068359375 0.005279541015625 0.279083251953125
0.0771484374999999 0.65118408203125 0.094757080078125 0.27557373046875
0.1309814453125 0.72265625 0.096405029296875 0.3194580078125
-0.01397705078125 0.6929931640625 0.052337646484375 0.271453857421875
-0.26190185546875 0.66070556640625 -0.0339279174804688 0.121696472167969
-0.39715576171875 0.545196533203125 -0.0108528137207032 0.0495681762695313
-0.6290283203125 0.2431640625 0.0266666412353515 0.00553131103515627
-0.69866943359375 0.1644287109375 0.108016967773437 0.0384902954101563
-0.69024658203125 0.0549926757812499 0.267333984375 0.185348510742187
-0.80255126953125 0.1468505859375 0.00552368164062494 -0.149307250976563
-0.650390625 0.2239990234375 0.156906127929687 0.20953369140625
-0.5606689453125 0.26220703125 0.3363037109375 0.081329345703125
-0.476318359375 0.35223388671875 0.2786865234375 -0.127731323242187
-0.442474365234375 0.42645263671875 0.045806884765625 -0.204696655273437
-0.20318603515625 0.6982421875 -0.0734100341796875 -0.0670394897460937
0.04119873046875 0.76177978515625 -0.0572967529296875 0.0295372009277344
0.0506591796875 0.71575927734375 0.00220870971679688 0.0204010009765625
0.114990234375 0.799072265625 -0.0010223388671875 0.0711746215820313
-0.0311279296874999 0.73565673828125 0.014739990234375 0.061614990234375
-0.28216552734375 0.67431640625 -0.0415458679199219 0.0044937133789063
-0.379058837890625 0.534820556640625 -0.0304374694824219 0.0325164794921875
-0.57354736328125 0.2633056640625 -0.0752182006835938 0.0561294555664063
-0.65582275390625 0.23443603515625 -0.0867538452148438 0.0948104858398438
-0.7186279296875 0.120361328125 0.0123748779296874 0.161895751953125
-0.7230224609375 0.1766357421875 -0.262680053710938 -0.161331176757813
-0.5596923828125 0.20281982421875 -0.0492401123046875 0.1815185546875
-0.50140380859375 0.181671142578125 0.201202392578125 0.060943603515625
-0.484710693359375 0.265533447265625 0.208206176757812 -0.136627197265625
-0.471221923828125 0.369049072265625 0.0826568603515625 -0.268417358398438
-0.24749755859375 0.67120361328125 -0.045196533203125 -0.257644653320312
-0.00012207031250008 0.72430419921875 -0.113021850585937 -0.243865966796875
0.021240234375 0.67401123046875 -0.0933837890625 -0.240203857421875
0.07208251953125 0.74530029296875 -0.093597412109375 -0.174697875976562
-0.0614013671875 0.64996337890625 -0.0232467651367188 -0.132575988769531
-0.272918701171875 0.55206298828125 -0.0444869995117188 -0.0807876586914062
-0.30096435546875 0.408355712890625 -0.0635490417480469 0.0323867797851563
-0.414825439453125 0.22808837890625 -0.184341430664063 0.0982666015625
-0.51226806640625 0.2696533203125 -0.26788330078125 0.13006591796875
-0.645751953125 0.171875 -0.237014770507813 0.145614624023438
-0.51885986328125 0.1839599609375 -0.49261474609375 -0.17926025390625
-0.376434326171875 0.1466064453125 -0.25091552734375 0.129638671875
-0.35040283203125 0.078277587890625 0.0584487915039062 0.0566253662109375
-0.399261474609375 0.14361572265625 0.146270751953125 -0.12591552734375
-0.407806396484375 0.2567138671875 0.12750244140625 -0.315216064453125
-0.2342529296875 0.535675048828125 -0.012176513671875 -0.434783935546875
-0.03399658203125 0.5740966796875 -0.165252685546875 -0.494415283203125
-0.01116943359375 0.527587890625 -0.179351806640625 -0.46356201171875
0.01385498046875 0.58056640625 -0.15679931640625 -0.379119873046875
-0.095306396484375 0.461700439453125 -0.03802490234375 -0.272247314453125
-0.228607177734375 0.3388671875 -0.0361175537109375 -0.112533569335937
-0.181976318359375 0.22296142578125 -0.109107971191406 0.05096435546875
-0.209228515625 0.167098999023437 -0.292572021484375 0.1055908203125
-0.318023681640625 0.26751708984375 -0.4107666015625 0.123138427734375
-0.492218017578125 0.198211669921875 -0.4478759765625 0.135711669921875
-0.23394775390625 0.174789428710937 -0.640869140625 -0.1954345703125
-0.142013549804688 0.091888427734375 -0.40045166015625 0.0777587890625001
-0.128837585449219 0.00148010253906251 -0.0494918823242188 0.0659103393554687
-0.216171264648438 0.0195770263671875 0.103889465332031 -0.110763549804688
-0.250839233398438 0.105575561523438 0.158233642578125 -0.339508056640625
-0.1728515625 0.305938720703125 0.00677490234374999 -0.56475830078125
-0.06085205078125 0.326171875 -0.20941162109375 -0.67071533203125
-0.04095458984375 0.3006591796875 -0.23992919921875 -0.6163330078125
-0.048431396484375 0.334075927734375 -0.1793212890625 -0.51263427734375
-0.1112060546875 0.223403930664063 -0.02703857421875 -0.34375
-0.153335571289063 0.11065673828125 -0.0247039794921875 -0.0932464599609375
-0.0535011291503906 0.0462722778320312 -0.168045043945313 0.0723114013671875
-0.015411376953125 0.108726501464844 -0.38739013671875 0.063751220703125
-0.120864868164063 0.2283935546875 -0.500946044921875 0.0699768066406249
-0.280975341796875 0.189010620117188 -0.5970458984375 0.13055419921875
-0.010955810546875 -0.13671875 0.5791015625 -0.20660400390625
-0.112091064453125 -0.119438171386719 0.53948974609375 -0.01898193359375
-0.149856567382813 -0.014434814453125 0.42425537109375 -0.064971923828125
-0.0747222900390625 0.079345703125 0.2318115234375 -0.125885009765625
0.00971984863281249 0.102767944335937 -0.0228195190429688 0.0368804931640625
0.0897216796875 0.0196380615234375 0.019561767578125 0.361328125
0.0947341918945313 -0.0224456787109375 0.23223876953125 0.594970703125
0.0616836547851563 -0.0321273803710938 0.308837890625 0.64288330078125
0.0736923217773438 -0.0596466064453125 0.26422119140625 0.6907958984375
0.0835494995117188 -0.0184783935546875 0.0384521484375 0.62237548828125
0.094390869140625 0.0506820678710937 -0.088836669921875 0.371917724609375
0.01434326171875 0.105735778808594 -0.0604324340820312 0.104164123535156
-0.112533569335938 0.0774612426757813 0.135238647460938 -0.0695724487304688
-0.151702880859375 -0.040985107421875 0.404205322265625 -0.089569091796875
-0.0466384887695313 -0.0859527587890625 0.69097900390625 0.21966552734375
-0.280319213867188 -0.0414276123046875 0.55230712890625 -0.19854736328125
-0.279953002929688 -0.00540161132812501 0.5269775390625 0.05877685546875
-0.2755126953125 0.0907440185546875 0.469573974609375 0.00283813476562501
-0.1783447265625 0.200897216796875 0.300811767578125 -0.126190185546875
-0.097991943359375 0.246826171875 -0.0116329193115234 -0.0196514129638672
0.062591552734375 0.259307861328125 -0.017242431640625 0.317291259765625
0.14715576171875 0.2489013671875 0.185546875 0.56683349609375
0.10137939453125 0.238357543945313 0.28399658203125 0.596923828125
0.121139526367188 0.253372192382813 0.26416015625 0.64996337890625
0.0445556640625 0.26934814453125 0.0770263671875 0.5814208984375
-0.057525634765625 0.2960205078125 -0.062591552734375 0.333709716796875
-0.175949096679687 0.279205322265625 -0.040374755859375 0.0947723388671875
-0.35791015625 0.12811279296875 0.126251220703125 -0.0670089721679687
-0.412506103515625 0.0190124511718751 0.37054443359375 -0.0716552734375
-0.326263427734375 -0.0455322265625 0.6400146484375 0.197265625
-0.530120849609375 0.0525207519531249 0.4385986328125 -0.1812744140625
-0.456939697265625 0.1180419921875 0.46771240234375 0.12933349609375
-0.401031494140625 0.205474853515625 0.479949951171875 0.04730224609375
-0.276336669921875 0.312347412109375 0.337677001953125 -0.12835693359375
-0.20745849609375 0.361297607421875 0.00365447998046874 -0.0791015625
0.00408935546875 0.466888427734375 -0.0481109619140625 0.23333740234375
0.162200927734375 0.490264892578125 0.115875244140625 0.457550048828125
0.12506103515625 0.4761962890625 0.219268798828125 0.466217041015625
0.166412353515625 0.525115966796875 0.218841552734375 0.51849365234375
0.03521728515625 0.521759033203125 0.093963623046875 0.4599609375
-0.158172607421875 0.5262451171875 -0.0406494140625 0.253738403320313
-0.30450439453125 0.45343017578125 -0.0282363891601563 0.0784988403320313
-0.53863525390625 0.207244873046875 0.0756988525390625 -0.0456085205078125
-0.6016845703125 0.108154296875 0.25653076171875 -0.036590576171875
-0.547698974609375 0.015625 0.491546630859375 0.16998291015625
-0.7078857421875 0.1368408203125 0.244094848632812 -0.160430908203125
-0.58636474609375 0.21441650390625 0.357208251953125 0.18231201171875
-0.500030517578125 0.282989501953125 0.451171875 0.060394287109375
-0.372406005859375 0.380126953125 0.333251953125 -0.14361572265625
-0.320068359375 0.436859130859375 0.0179290771484375 -0.146148681640625
-0.0741577148437501 0.626708984375 -0.068389892578125 0.103218078613281
0.14453125 0.6712646484375 0.033966064453125 0.271942138671875
0.1280517578125 0.6422119140625 0.120773315429687 0.260574340820313
0.19580078125 0.71234130859375 0.128662109375 0.313995361328125
0.03900146484375 0.690673828125 0.0703887939453125 0.276214599609375
-0.20758056640625 0.67486572265625 -0.038116455078125 0.141937255859375
-0.35479736328125 0.56494140625 -0.0302009582519532 0.05889892578125
-0.60699462890625 0.27593994140625 -0.00359106063842777 0.00175547599792482
-0.6748046875 0.2027587890625 0.0888214111328125 0.02392578125
-0.67431640625 0.0911865234374999 0.272018432617187 0.153701782226563
-0.7637939453125 0.193359375 -0.0104217529296875 -0.144210815429688
-0.611328125 0.25604248046875 0.188278198242187 0.20306396484375
-0.5321044921875 0.279022216796875 0.363677978515625 0.05352783203125
-0.447021484375 0.372283935546875 0.286956787109375 -0.157012939453125
-0.4140625 0.45404052734375 0.04058837890625 -0.217926025390625
-0.149658203125 0.70892333984375 -0.0698585510253906 -0.0674247741699218
0.10601806640625 0.7572021484375 -0.0481147766113281 0.0267677307128907
0.10723876953125 0.7120361328125 0.00494098663330079 0.0131721496582032
0.187255859375 0.7884521484375 0.01055908203125 0.0752334594726563
0.0261840820312499 0.73553466796875 0.0180091857910156 0.0689582824707032
-0.229736328125 0.693603515625 -0.0498771667480469 0.0262489318847657
-0.338226318359375 0.553558349609375 -0.0464401245117188 0.0456314086914063
-0.551025390625 0.28863525390625 -0.095855712890625 0.0638351440429688
-0.622314453125 0.267578125 -0.0981597900390626 0.09515380859375
-0.6944580078125 0.15911865234375 0.01861572265625 0.148101806640625
-0.68292236328125 0.21783447265625 -0.275131225585938 -0.137741088867187
-0.523468017578125 0.228179931640625 -0.018707275390625 0.192031860351563
-0.477630615234375 0.19512939453125 0.230987548828125 0.050262451171875
-0.463897705078125 0.28814697265625 0.2225341796875 -0.152938842773438
-0.449249267578125 0.402496337890625 0.0782165527343749 -0.28302001953125
-0.1942138671875 0.687744140625 -0.052215576171875 -0.260360717773437
0.06195068359375 0.72479248046875 -0.1279296875 -0.241683959960937
0.0751953125 0.67138671875 -0.112716674804687 -0.238494873046875
0.1407470703125 0.7391357421875 -0.103851318359375 -0.162353515625
-0.01226806640625 0.65283203125 -0.034088134765625 -0.121627807617187
-0.22808837890625 0.570068359375 -0.055389404296875 -0.0601844787597656
-0.27239990234375 0.421142578125 -0.07275390625 0.0492630004882813
-0.39398193359375 0.23974609375 -0.195816040039063 0.116180419921875
-0.475494384765625 0.289337158203125 -0.27392578125 0.14471435546875
-0.61651611328125 0.207763671875 -0.228530883789063 0.1500244140625
-0.479888916015625 0.213836669921875 -0.502197265625 -0.14007568359375
-0.34765625 0.162139892578125 -0.22259521484375 0.157440185546875
-0.33819580078125 0.0846557617187499 0.0907821655273438 0.0616302490234375
-0.38873291015625 0.165435791015625 0.165512084960937 -0.13360595703125
-0.391571044921875 0.289520263671875 0.123870849609375 -0.331756591796875
-0.189483642578125 0.55450439453125 -0.03179931640625 -0.441802978515625
0.0164184570312501 0.5770263671875 -0.201812744140625 -0.486968994140625
0.0328369140625 0.5277099609375 -0.219207763671875 -0.450927734375
0.06866455078125 0.57879638671875 -0.18646240234375 -0.359832763671875
-0.059478759765625 0.46875 -0.0579833984375 -0.260589599609375
-0.2052001953125 0.3551025390625 -0.0442581176757812 -0.094268798828125
-0.169204711914062 0.22576904296875 -0.10986328125 0.073333740234375
-0.191848754882813 0.163772583007813 -0.2978515625 0.13543701171875
-0.28240966796875 0.274322509765625 -0.414031982421875 0.14990234375
-0.461181640625 0.226715087890625 -0.43505859375 0.15521240234375
-0.203369140625 0.18798828125 -0.64697265625 -0.14404296875
-0.126235961914063 0.096832275390625 -0.373779296875 0.119476318359375
-0.125221252441406 -0.00066375732421876 -0.0130767822265625 0.0807876586914063
-0.215927124023438 0.0335845947265625 0.12713623046875 -0.114730834960938
-0.246322631835938 0.127334594726562 0.1549072265625 -0.358673095703125
-0.145721435546875 0.32147216796875 -0.0238647460937501 -0.57464599609375
-0.031402587890625 0.332550048828125 -0.263427734375 -0.65972900390625
-0.014495849609375 0.304901123046875 -0.29461669921875 -0.59600830078125
-0.01678466796875 0.3377685546875 -0.221954345703125 -0.491607666015625
-0.0958251953125 0.234329223632812 -0.05023193359375 -0.333282470703125
-0.148330688476563 0.121536254882813 -0.0267562866210938 -0.0776138305664062
-0.0549697875976562 0.0404319763183594 -0.16259765625 0.101287841796875
-0.00225830078125001 0.0937118530273437 -0.39324951171875 0.1033935546875
-0.0890655517578125 0.224807739257812 -0.50732421875 0.10357666015625
-0.252532958984375 0.204925537109375 -0.580810546875 0.16278076171875
-0.02447509765625 -0.1363525390625 0.55572509765625 -0.218414306640625
-0.120201110839844 -0.100196838378906 0.543609619140625 -0.049896240234375
-0.146743774414063 0.00408935546874998 0.41668701171875 -0.1094970703125
-0.064117431640625 0.0865325927734375 0.215667724609375 -0.156982421875
0.0207901000976562 0.100372314453125 -0.0295276641845703 0.0243511199951172
0.0907135009765625 0.0107803344726563 0.034027099609375 0.342620849609375
0.0892562866210938 -0.0309906005859375 0.26416015625 0.5615234375
0.0562095642089844 -0.0357170104980469 0.3441162109375 0.60565185546875
0.0646400451660156 -0.0631027221679688 0.3062744140625 0.6644287109375
0.0764541625976563 -0.0252761840820313 0.0705566406249999 0.61932373046875
0.0932083129882813 0.0393600463867188 -0.081207275390625 0.38629150390625
0.0202178955078125 0.0999984741210937 -0.0837326049804687 0.115921020507813
-0.105796813964844 0.0843582153320313 0.089691162109375 -0.0792160034179687
-0.156539916992188 -0.0243377685546875 0.363037109375 -0.11309814453125
-0.0575714111328125 -0.080902099609375 0.6767578125 0.17437744140625
-0.277206420898438 -0.0347442626953125 0.52880859375 -0.209381103515625
-0.27471923828125 0.0118103027343749 0.536163330078125 0.027679443359375
-0.26611328125 0.105484008789063 0.46600341796875 -0.046173095703125
-0.16033935546875 0.206069946289062 0.283111572265625 -0.16229248046875
-0.078521728515625 0.246719360351562 -0.0218429565429688 -0.0313262939453125
0.0779876708984375 0.244796752929688 -0.00302124023437497 0.303466796875
0.158889770507813 0.230865478515625 0.219085693359375 0.53643798828125
0.112503051757812 0.2274169921875 0.31939697265625 0.562225341796875
0.13250732421875 0.239410400390625 0.30670166015625 0.62115478515625
0.0561676025390625 0.258651733398438 0.10833740234375 0.5772705078125
-0.039276123046875 0.289306640625 -0.055023193359375 0.34991455078125
-0.157028198242188 0.277999877929687 -0.062835693359375 0.107376098632813
-0.34375 0.14202880859375 0.0821762084960937 -0.0721435546875
-0.403472900390625 0.04193115234375 0.3319091796875 -0.090789794921875
-0.323822021484375 -0.03253173828125 0.62353515625 0.15423583984375
-0.510650634765625 0.0657958984374999 0.41558837890625 -0.188720703125
-0.436126708984375 0.133453369140625 0.48358154296875 0.0992431640625
-0.383331298828125 0.2149658203125 0.485748291015625 -0.00216674804687499
-0.25238037109375 0.313720703125 0.3226318359375 -0.16766357421875
-0.182403564453125 0.36285400390625 -0.00733947753906252 -0.0910110473632812
0.03326416015625 0.450927734375 -0.03558349609375 0.22320556640625
0.190155029296875 0.466400146484375 0.144195556640625 0.4326171875
0.151397705078125 0.457611083984375 0.24664306640625 0.43475341796875
0.198883056640625 0.501678466796875 0.25506591796875 0.494110107421875
0.065582275390625 0.50665283203125 0.119384765625 0.4549560546875
-0.122894287109375 0.520538330078125 -0.0340423583984375 0.2711181640625
-0.273895263671875 0.45391845703125 -0.0472946166992188 0.09356689453125
-0.51654052734375 0.2242431640625 0.036651611328125 -0.0429725646972656
-0.57965087890625 0.13330078125 0.223678588867187 -0.0484619140625
-0.532379150390625 0.03271484375 0.476776123046875 0.133880615234375
-0.67279052734375 0.1531982421875 0.225860595703125 -0.160186767578125
-0.552459716796875 0.228729248046875 0.37786865234375 0.1580810546875
-0.47357177734375 0.28631591796875 0.4615478515625 0.01678466796875
-0.344696044921875 0.38104248046875 0.324432373046875 -0.178955078125
-0.29345703125 0.443695068359375 0.00808715820312498 -0.158050537109375
-0.03509521484375 0.61248779296875 -0.0586700439453125 0.0977401733398438
0.18548583984375 0.64617919921875 0.05499267578125 0.25640869140625
0.16473388671875 0.62005615234375 0.1363525390625 0.240463256835938
0.2406005859375 0.68194580078125 0.152801513671875 0.30059814453125
0.07867431640625 0.67034912109375 0.08758544921875 0.277099609375
-0.16180419921875 0.67156982421875 -0.0342254638671875 0.16168212890625
-0.315673828125 0.56622314453125 -0.0454635620117188 0.0761184692382813
-0.58135986328125 0.29315185546875 -0.0331459045410157 0.0115451812744141
-0.643798828125 0.2239990234375 0.0661048889160156 0.0202445983886719
-0.6495361328125 0.11029052734375 0.263885498046875 0.128326416015625
-0.7177734375 0.21319580078125 -0.0214004516601563 -0.133598327636719
-0.57025146484375 0.26470947265625 0.213287353515625 0.188919067382813
-0.504913330078125 0.27728271484375 0.38018798828125 0.02069091796875
-0.41986083984375 0.377532958984375 0.286590576171875 -0.185272216796875
-0.385986328125 0.468353271484375 0.0324554443359375 -0.229248046875
-0.10235595703125 0.699951171875 -0.0665512084960937 -0.0697555541992187
0.1546630859375 0.7332763671875 -0.0415267944335937 0.0214691162109376
0.150146484375 0.69000244140625 0.00643587112426759 0.00596046447753911
0.2420654296875 0.757568359375 0.0215682983398438 0.07513427734375
0.07073974609375 0.716064453125 0.0242156982421875 0.0757064819335938
-0.18115234375 0.690673828125 -0.0481338500976563 0.0486259460449219
-0.302642822265625 0.554840087890625 -0.0558662414550782 0.0645866394042969
-0.526214599609375 0.30035400390625 -0.113716125488281 0.0801849365234375
-0.5870361328125 0.279052734375 -0.110382080078125 0.100898742675781
-0.66259765625 0.1773681640625 0.0179672241210937 0.133438110351563
-0.63446044921875 0.23333740234375 -0.277542114257813 -0.115386962890625
-0.48480224609375 0.23101806640625 0.010833740234375 0.191390991210938
-0.45819091796875 0.191925048828125 0.254531860351562 0.0316925048828125
-0.44097900390625 0.2979736328125 0.231826782226562 -0.173385620117187
-0.42401123046875 0.42120361328125 0.072509765625 -0.295928955078125
-0.147705078125 0.68359375 -0.0581207275390625 -0.260833740234375
0.11016845703125 0.70672607421875 -0.137786865234375 -0.23681640625
0.11639404296875 0.6519775390625 -0.127532958984375 -0.231002807617187
0.19268798828125 0.71282958984375 -0.107406616210937 -0.148178100585937
0.0302734375 0.637939453125 -0.0369033813476562 -0.1080322265625
-0.18994140625 0.57086181640625 -0.0552520751953125 -0.0379714965820312
-0.246826171875 0.419677734375 -0.0752792358398438 0.0693359375
-0.376220703125 0.239898681640625 -0.201217651367188 0.138519287109375
-0.439971923828125 0.291107177734375 -0.276687622070312 0.15838623046875
-0.58154296875 0.2216796875 -0.220916748046875 0.147308349609375
-0.4375 0.221221923828125 -0.496337890625 -0.106231689453125
-0.321044921875 0.16229248046875 -0.188262939453125 0.170623779296875
-0.32720947265625 0.082489013671875 0.122322082519531 0.0533905029296875
-0.3739013671875 0.177398681640625 0.18280029296875 -0.148544311523438
-0.37176513671875 0.308349609375 0.11907958984375 -0.346954345703125
-0.15020751953125 0.55517578125 -0.046905517578125 -0.440948486328125
0.05743408203125 0.56524658203125 -0.229217529296875 -0.472412109375
0.065765380859375 0.5147705078125 -0.2464599609375 -0.430999755859375
0.110504150390625 0.561492919921875 -0.20166015625 -0.335235595703125
-0.030059814453125 0.46270751953125 -0.0682220458984375 -0.243087768554688
-0.18133544921875 0.359954833984375 -0.0428695678710938 -0.0748519897460937
-0.159957885742187 0.22259521484375 -0.103988647460938 0.0942001342773438
-0.180892944335938 0.153060913085938 -0.2945556640625 0.164093017578125
-0.25006103515625 0.2659912109375 -0.411224365234375 0.17083740234375
-0.427581787109375 0.235382080078125 -0.420318603515625 0.1649169921875
-0.172744750976563 0.186981201171875 -0.63690185546875 -0.10333251953125
-0.111061096191406 0.0930099487304687 -0.33673095703125 0.14251708984375
-0.123809814453125 -0.00479888916015625 0.0243606567382813 0.0786209106445313
-0.211593627929688 0.0438995361328125 0.148223876953125 -0.127655029296875
-0.2352294921875 0.143264770507813 0.14892578125 -0.375701904296875
-0.119232177734375 0.32611083984375 -0.05023193359375 -0.572265625
-0.00531005859375002 0.32855224609375 -0.303955078125 -0.63470458984375
0.00656127929687501 0.298583984375 -0.3292236328125 -0.5623779296875
0.010528564453125 0.33203125 -0.2457275390625 -0.46142578125
-0.07928466796875 0.2381591796875 -0.065093994140625 -0.31610107421875
-0.141510009765625 0.1287841796875 -0.022430419921875 -0.0628852844238281
-0.0583724975585937 0.0364265441894531 -0.149551391601563 0.124267578125
0.00291442871093749 0.07598876953125 -0.38543701171875 0.140533447265625
-0.063720703125 0.209274291992187 -0.5050048828125 0.133270263671875
-0.22412109375 0.206710815429688 -0.558349609375 0.18023681640625
-0.0357742309570313 -0.134269714355469 0.542724609375 -0.21685791015625
-0.120674133300781 -0.083740234375 0.5482177734375 -0.0721435546875
-0.140594482421875 0.017486572265625 0.4052734375 -0.142333984375
-0.054290771484375 0.089385986328125 0.195831298828125 -0.178665161132813
0.0292739868164063 0.096771240234375 -0.0392837524414063 0.0157089233398438
0.0902633666992188 0.003936767578125 0.037017822265625 0.3262939453125
0.0835342407226563 -0.036376953125 0.277618408203125 0.532684326171875
0.0519905090332031 -0.0372428894042969 0.362548828125 0.574462890625
0.0580711364746094 -0.0634384155273438 0.33062744140625 0.64044189453125
0.0702438354492187 -0.0279121398925781 0.09295654296875 0.61865234375
0.0909194946289063 0.0313949584960937 -0.075714111328125 0.4010009765625
0.0224685668945312 0.0945816040039062 -0.101829528808594 0.134658813476562
-0.100013732910156 0.0883026123046875 0.04931640625 -0.0710678100585937
-0.157623291015625 -0.010345458984375 0.32647705078125 -0.11480712890625
-0.0652923583984375 -0.0753097534179688 0.65899658203125 0.15155029296875
-0.276779174804688 -0.032623291015625 0.515106201171875 -0.208038330078125
-0.269088745117188 0.022735595703125 0.543792724609375 0.003875732421875
-0.25775146484375 0.113677978515625 0.45660400390625 -0.08343505859375
-0.147293090820313 0.206771850585938 0.262786865234375 -0.18743896484375
-0.0659942626953125 0.243270874023438 -0.0337409973144531 -0.0400199890136719
0.0865020751953125 0.232376098632813 0.00161743164062498 0.291168212890625
0.163543701171875 0.216445922851563 0.23492431640625 0.510772705078125
0.117340087890625 0.218292236328125 0.335906982421875 0.532318115234375
0.139495849609375 0.2286376953125 0.3289794921875 0.5966796875
0.0611114501953125 0.250244140625 0.1280517578125 0.57281494140625
-0.029998779296875 0.2808837890625 -0.047637939453125 0.36419677734375
-0.146499633789063 0.27313232421875 -0.0787734985351563 0.127609252929688
-0.333404541015625 0.147186279296875 0.0445747375488281 -0.0601730346679687
-0.395751953125 0.0548400878906251 0.29840087890625 -0.09051513671875
-0.323150634765625 -0.027099609375 0.6051025390625 0.1322021484375
-0.49725341796875 0.0667724609375 0.40460205078125 -0.185699462890625
-0.420806884765625 0.138214111328125 0.49444580078125 0.07598876953125
-0.372589111328125 0.215576171875 0.479339599609375 -0.039947509765625
-0.236083984375 0.310577392578125 0.304840087890625 -0.1951904296875
-0.168426513671875 0.360565185546875 -0.020355224609375 -0.100234985351562
0.04937744140625 0.436004638671875 -0.0308074951171875 0.213241577148438
0.2061767578125 0.446319580078125 0.16021728515625 0.4114990234375
0.164459228515625 0.442108154296875 0.259368896484375 0.409942626953125
0.217193603515625 0.481414794921875 0.276641845703125 0.472015380859375
0.07977294921875 0.492584228515625 0.13751220703125 0.4512939453125
-0.10101318359375 0.51129150390625 -0.025726318359375 0.286651611328125
-0.255828857421875 0.449127197265625 -0.0603561401367188 0.11474609375
-0.503204345703125 0.22967529296875 0.00478172302246091 -0.0264968872070312
-0.56463623046875 0.14312744140625 0.195693969726562 -0.044708251953125
-0.522979736328125 0.03594970703125 0.45977783203125 0.114990234375
-0.64764404296875 0.1512451171875 0.216827392578125 -0.153915405273438
-0.5284423828125 0.226348876953125 0.392791748046875 0.13775634765625
-0.461395263671875 0.280426025390625 0.462310791015625 -0.0179443359375
-0.32855224609375 0.3758544921875 0.312957763671875 -0.206634521484375
-0.27703857421875 0.44403076171875 -0.0027313232421875 -0.16845703125
-0.012451171875 0.59857177734375 -0.0544967651367187 0.0905990600585938
0.20916748046875 0.62188720703125 0.066650390625 0.2403564453125
0.185791015625 0.6004638671875 0.142532348632813 0.222930908203125
0.268798828125 0.65679931640625 0.16949462890625 0.28765869140625
0.10174560546875 0.65350341796875 0.100250244140625 0.276657104492188
-0.1326904296875 0.66119384765625 -0.02520751953125 0.179168701171875
-0.295013427734375 0.560882568359375 -0.05401611328125 0.0974884033203125
-0.56658935546875 0.29730224609375 -0.0557861328125 0.0309524536132813
-0.6234130859375 0.226806640625 0.0452995300292968 0.0273857116699219
-0.63323974609375 0.11248779296875 0.251556396484375 0.113662719726563
-0.684326171875 0.2066650390625 -0.0258102416992188 -0.122894287109375
-0.54400634765625 0.25604248046875 0.23272705078125 0.174468994140625
-0.49371337890625 0.26727294921875 0.3895263671875 -0.00769042968749998
-0.405120849609375 0.37261962890625 0.28363037109375 -0.21002197265625
-0.37005615234375 0.471771240234375 0.02471923828125 -0.241134643554687
-0.07452392578125 0.68792724609375 -0.0643768310546875 -0.0753326416015625
0.184326171875 0.711669921875 -0.0379104614257812 0.0141944885253907
0.17559814453125 0.66943359375 0.00447940826416017 -0.00108718872070308
0.2720947265625 0.7274169921875 0.0312728881835938 0.0729904174804688
0.097900390625 0.69879150390625 0.0332717895507813 0.0816268920898438
-0.1500244140625 0.6822509765625 -0.0405044555664063 0.0669898986816407
-0.283355712890625 0.54791259765625 -0.0592803955078125 0.0848770141601563
-0.51611328125 0.299163818359375 -0.126007080078125 0.101264953613281
-0.56787109375 0.2769775390625 -0.12255859375 0.110084533691406
-0.6414794921875 0.17584228515625 0.0113296508789062 0.123817443847656
-0.59991455078125 0.2247314453125 -0.276275634765625 -0.0997772216796875
-0.4608154296875 0.219207763671875 0.0343017578125 0.183792114257812
-0.451568603515625 0.181854248046875 0.27191162109375 0.010650634765625
-0.428985595703125 0.29876708984375 0.23834228515625 -0.194793701171875
-0.407073974609375 0.428955078125 0.06671142578125 -0.30877685546875
-0.1180419921875 0.67626953125 -0.061370849609375 -0.263717651367188
0.14093017578125 0.68634033203125 -0.144668579101563 -0.234512329101562
0.140625 0.63433837890625 -0.137527465820313 -0.225479125976562
0.22454833984375 0.68585205078125 -0.1038818359375 -0.138687133789062
0.0548095703125001 0.62542724609375 -0.0327835083007812 -0.0966873168945312
-0.1650390625 0.5662841796875 -0.0473518371582031 -0.0210037231445312
-0.235382080078125 0.41571044921875 -0.0727157592773438 0.0882415771484375
-0.371063232421875 0.23272705078125 -0.203826904296875 0.16015625
-0.420440673828125 0.280670166015625 -0.28125 0.171234130859375
-0.556732177734375 0.217376708984375 -0.22088623046875 0.14227294921875
-0.407257080078125 0.2117919921875 -0.48919677734375 -0.0872192382812499
-0.3031005859375 0.14996337890625 -0.160293579101563 0.17047119140625
-0.325347900390625 0.0749206542968749 0.148300170898437 0.037628173828125
-0.366180419921875 0.183013916015625 0.196121215820312 -0.167953491210938
-0.35845947265625 0.318756103515625 0.114532470703125 -0.36181640625
-0.12322998046875 0.550201416015625 -0.05712890625 -0.44122314453125
0.08349609375 0.551422119140625 -0.245025634765625 -0.458587646484375
0.087127685546875 0.501007080078125 -0.26190185546875 -0.412200927734375
0.13751220703125 0.5416259765625 -0.20458984375 -0.315673828125
-0.00994873046874999 0.457275390625 -0.0682373046875 -0.229293823242188
-0.166412353515625 0.361419677734375 -0.0345649719238281 -0.0613555908203125
-0.157501220703125 0.21942138671875 -0.0949783325195312 0.111091613769531
-0.1806640625 0.140899658203125 -0.288787841796875 0.187225341796875
-0.233535766601563 0.249053955078125 -0.4112548828125 0.188201904296875
-0.403411865234375 0.228271484375 -0.412506103515625 0.164520263671875
-0.151214599609375 0.175765991210938 -0.62188720703125 -0.08160400390625
-0.10198974609375 0.0846176147460938 -0.303802490234375 0.147857666015625
-0.126014709472656 -0.0110626220703125 0.0555953979492187 0.0647926330566406
-0.208480834960938 0.0497589111328125 0.164306640625 -0.147079467773438
-0.226409912109375 0.152389526367187 0.143707275390625 -0.39251708984375
-0.101043701171875 0.325042724609375 -0.06524658203125 -0.57269287109375
0.012176513671875 0.323028564453125 -0.3271484375 -0.61480712890625
0.01910400390625 0.291900634765625 -0.34783935546875 -0.535888671875
0.028717041015625 0.322723388671875 -0.254638671875 -0.437103271484375
-0.067230224609375 0.239212036132813 -0.066680908203125 -0.301177978515625
-0.137100219726563 0.133460998535156 -0.0114936828613281 -0.0528182983398437
-0.0644645690917969 0.0336074829101563 -0.133224487304688 0.141006469726563
0.00039291381835937 0.0605545043945313 -0.375213623046875 0.166900634765625
-0.0506591796875 0.190750122070313 -0.502166748046875 0.153167724609375
-0.204574584960937 0.198257446289063 -0.546539306640625 0.18267822265625
-0.044464111328125 -0.133316040039063 0.5516357421875 -0.214569091796875
-0.118972778320313 -0.0720291137695313 0.560028076171875 -0.093170166015625
-0.135124206542969 0.0263137817382813 0.39715576171875 -0.168121337890625
-0.04742431640625 0.0904388427734375 0.180450439453125 -0.195709228515625
0.0359573364257813 0.0935821533203125 -0.0513725280761719 0.0107498168945313
0.0905075073242188 -0.00183868408203125 0.034088134765625 0.319580078125
0.0802383422851562 -0.0397872924804687 0.28900146484375 0.51971435546875
0.0493965148925781 -0.0384979248046875 0.376617431640625 0.562286376953125
0.0542640686035156 -0.064361572265625 0.3489990234375 0.63092041015625
0.0660018920898438 -0.0295829772949219 0.1099853515625 0.6278076171875
0.0887069702148438 0.026885986328125 -0.0701904296875 0.421051025390625
0.022247314453125 0.0919647216796875 -0.115219116210938 0.159515380859375
-0.0972976684570313 0.0922164916992187 0.0193977355957031 -0.0527687072753906
-0.158737182617188 0.00175476074218749 0.3057861328125 -0.107574462890625
-0.0708770751953125 -0.07000732421875 0.65380859375 0.14410400390625
-0.283843994140625 -0.034454345703125 0.520843505859375 -0.20660400390625
-0.266738891601562 0.0299835205078125 0.559326171875 -0.01776123046875
-0.255859375 0.120437622070313 0.451019287109375 -0.1112060546875
-0.139846801757812 0.207473754882813 0.246612548828125 -0.20684814453125
-0.0578460693359375 0.243072509765625 -0.0480079650878906 -0.0453948974609375
0.0919342041015625 0.22552490234375 -0.000457763671875013 0.28546142578125
0.167373657226563 0.20916748046875 0.2459716796875 0.496368408203125
0.121719360351563 0.214813232421875 0.347625732421875 0.5169677734375
0.14447021484375 0.223983764648438 0.3475341796875 0.586181640625
0.0637054443359375 0.248291015625 0.14617919921875 0.579345703125
-0.026123046875 0.278518676757813 -0.0400390625 0.383880615234375
-0.144424438476563 0.273422241210937 -0.0898284912109375 0.152740478515625
-0.3338623046875 0.151214599609375 0.0169410705566406 -0.0392646789550781
-0.396209716796875 0.063751220703125 0.277862548828125 -0.0816802978515625
-0.32806396484375 -0.0250244140625 0.59954833984375 0.1275634765625
-0.499847412109375 0.0618591308593749 0.40765380859375 -0.181671142578125
-0.419525146484375 0.13861083984375 0.510894775390625 0.05548095703125
-0.3731689453125 0.2169189453125 0.478668212890625 -0.069183349609375
-0.2314453125 0.310699462890625 0.2916259765625 -0.21734619140625
-0.161834716796875 0.364105224609375 -0.0339813232421875 -0.107734680175781
0.058685302734375 0.42962646484375 -0.0312957763671875 0.208282470703125
0.2178955078125 0.437652587890625 0.169708251953125 0.39959716796875
0.17486572265625 0.437042236328125 0.268035888671875 0.394805908203125
0.2318115234375 0.47271728515625 0.291778564453125 0.4619140625
0.089141845703125 0.4884033203125 0.153472900390625 0.45404052734375
-0.08984375 0.51104736328125 -0.01531982421875 0.30450439453125
-0.250701904296875 0.451141357421875 -0.0676727294921875 0.140365600585938
-0.50579833984375 0.2353515625 -0.0175046920776368 -0.00270175933837889
-0.56494140625 0.15020751953125 0.178192138671875 -0.032867431640625
-0.527099609375 0.035308837890625 0.45257568359375 0.11181640625
-0.64617919921875 0.1434326171875 0.218093872070312 -0.148208618164063
-0.525787353515625 0.219757080078125 0.41015625 0.121337890625
-0.467437744140625 0.278656005859375 0.466552734375 -0.047515869140625
-0.32574462890625 0.37591552734375 0.304351806640625 -0.232208251953125
-0.27325439453125 0.449462890625 -0.0148468017578125 -0.179153442382813
0.00122070312499995 0.59417724609375 -0.0545578002929688 0.0848464965820313
0.22698974609375 0.61279296875 0.071807861328125 0.230697631835938
0.1990966796875 0.59613037109375 0.146133422851563 0.211334228515625
0.2879638671875 0.6431884765625 0.18243408203125 0.280792236328125
0.1171875 0.64825439453125 0.115081787109375 0.279861450195313
-0.11761474609375 0.660888671875 -0.0145721435546875 0.195419311523438
-0.2891845703125 0.562103271484375 -0.0571365356445313 0.122512817382813
-0.57220458984375 0.30255126953125 -0.0711288452148438 0.0569610595703125
-0.6246337890625 0.23114013671875 0.0309371948242187 0.0414161682128906
-0.6358642578125 0.1082763671875 0.24310302734375 0.108856201171875
-0.6793212890625 0.1949462890625 -0.025970458984375 -0.11529541015625
-0.540924072265625 0.244354248046875 0.250335693359375 0.162353515625
-0.503448486328125 0.261138916015625 0.3997802734375 -0.03314208984375
-0.405609130859375 0.373626708984375 0.282470703125 -0.235107421875
-0.367156982421875 0.47979736328125 0.0159912109375 -0.255111694335937
-0.05889892578125 0.6873779296875 -0.0647354125976562 -0.081817626953125
0.206298828125 0.70147705078125 -0.0386314392089844 0.00706481933593755
0.1922607421875 0.66583251953125 0.00167322158813478 -0.00725841522216793
0.2965087890625 0.71490478515625 0.0405158996582032 0.0700492858886719
0.115478515625 0.69287109375 0.0444412231445312 0.0856552124023438
-0.13427734375 0.68328857421875 -0.0290985107421875 0.0806579589843751
-0.277252197265625 0.5516357421875 -0.0580978393554688 0.10736083984375
-0.520263671875 0.30108642578125 -0.134109497070313 0.126129150390625
-0.5667724609375 0.27484130859375 -0.133613586425781 0.126083374023438
-0.64239501953125 0.16961669921875 0.00251770019531247 0.120018005371094
-0.59002685546875 0.21142578125 -0.277435302734375 -0.0913543701171875
-0.457244873046875 0.2059326171875 0.0522308349609375 0.176467895507813
-0.462677001953125 0.17327880859375 0.288238525390625 -0.012359619140625
-0.4300537109375 0.30035400390625 0.243942260742187 -0.219772338867187
-0.405120849609375 0.43994140625 0.061431884765625 -0.32684326171875
-0.1005859375 0.6767578125 -0.064208984375 -0.272171020507812
0.1651611328125 0.6807861328125 -0.152267456054688 -0.236724853515625
0.1568603515625 0.63079833984375 -0.145828247070313 -0.225357055664062
0.24658203125 0.6748046875 -0.0998916625976563 -0.136024475097656
0.0716552734375 0.62091064453125 -0.0249252319335938 -0.0922088623046875
-0.1519775390625 0.569580078125 -0.0371856689453125 -0.00962829589843747
-0.233917236328125 0.417877197265625 -0.0679092407226562 0.106719970703125
-0.378265380859375 0.231170654296875 -0.205657958984375 0.183639526367188
-0.41949462890625 0.272674560546875 -0.289825439453125 0.189544677734375
-0.55303955078125 0.209320068359375 -0.228744506835938 0.1402587890625
-0.395843505859375 0.198577880859375 -0.48883056640625 -0.07635498046875
-0.30010986328125 0.137298583984375 -0.141143798828125 0.1661376953125
-0.335235595703125 0.067474365234375 0.169570922851562 0.0165863037109375
-0.3665771484375 0.1878662109375 0.207794189453125 -0.192947387695313
-0.355712890625 0.331024169921875 0.110931396484375 -0.381988525390625
-0.10919189453125 0.551116943359375 -0.06451416015625 -0.4525146484375
0.10211181640625 0.54766845703125 -0.2598876953125 -0.457305908203125
0.099212646484375 0.499176025390625 -0.27581787109375 -0.40667724609375
0.1544189453125 0.53302001953125 -0.205596923828125 -0.308624267578125
0.00256347656249996 0.4571533203125 -0.06304931640625 -0.223861694335937
-0.157928466796875 0.365631103515625 -0.0236701965332031 -0.0525779724121094
-0.161636352539063 0.221405029296875 -0.0854949951171875 0.126022338867188
-0.188583374023437 0.133529663085938 -0.2857666015625 0.208953857421875
-0.230514526367187 0.236618041992188 -0.4171142578125 0.205963134765625
-0.397705078125 0.218719482421875 -0.420135498046875 0.163787841796875
-0.140335083007813 0.163299560546875 -0.6204833984375 -0.0709228515624999
-0.100074768066406 0.0774002075195313 -0.283935546875 0.14581298828125
-0.133514404296875 -0.0155105590820313 0.0793838500976563 0.0441970825195313
-0.2100830078125 0.0547637939453125 0.177230834960938 -0.172134399414063
-0.224639892578125 0.160369873046875 0.1409912109375 -0.414337158203125
-0.08917236328125 0.327239990234375 -0.077880859375 -0.582275390625
0.0240478515625 0.321624755859375 -0.34759521484375 -0.60638427734375
0.02691650390625 0.29071044921875 -0.364105224609375 -0.5224609375
0.040313720703125 0.31884765625 -0.258575439453125 -0.425628662109375
-0.05877685546875 0.243148803710938 -0.063323974609375 -0.296051025390625
-0.135887145996094 0.13909912109375 0.000404357910156239 -0.0477676391601562
-0.0719680786132812 0.0341262817382813 -0.119918823242188 0.15411376953125
-0.00630569458007813 0.04931640625 -0.369476318359375 0.189605712890625
-0.048309326171875 0.176773071289063 -0.508941650390625 0.17333984375
-0.196380615234375 0.189895629882813 -0.55047607421875 0.182708740234375
-0.0546722412109375 -0.133140563964844 0.5714111328125 -0.23016357421875
-0.117446899414063 -0.063568115234375 0.580810546875 -0.1251220703125
-0.131507873535156 0.0346298217773437 0.39361572265625 -0.197235107421875
-0.0416336059570313 0.0921783447265625 0.166427612304688 -0.213973999023438
0.0429306030273438 0.0919036865234375 -0.0656051635742188 0.00918197631835939
0.0927047729492188 -0.0080108642578125 0.0328369140625 0.321319580078125
0.078643798828125 -0.0444259643554688 0.306793212890625 0.515899658203125
0.0477294921875 -0.0407295227050781 0.402557373046875 0.55633544921875
0.0517120361328125 -0.0666046142578125 0.38140869140625 0.63232421875
0.063873291015625 -0.0315170288085938 0.13677978515625 0.64654541015625
0.0891265869140625 0.0228347778320312 -0.0582275390625 0.448974609375
0.0233535766601562 0.09246826171875 -0.1212158203125 0.190658569335938
-0.0960464477539062 0.098541259765625 -0.00107192993164063 -0.0310878753662109
-0.160476684570313 0.014617919921875 0.295654296875 -0.101470947265625
-0.0769805908203125 -0.0654983520507813 0.669189453125 0.136474609375
-0.297332763671875 -0.0322570800781251 0.539703369140625 -0.21759033203125
-0.269989013671875 0.0385589599609375 0.58282470703125 -0.0472412109375
-0.259323120117188 0.131698608398438 0.45068359375 -0.142608642578125
-0.134796142578125 0.2139892578125 0.233322143554688 -0.228866577148438
-0.0507965087890625 0.248199462890625 -0.0634002685546875 -0.0480117797851562
0.1007080078125 0.22222900390625 -0.000823974609374967 0.2879638671875
0.176361083984375 0.205459594726563 0.263641357421875 0.49322509765625
0.13006591796875 0.215255737304687 0.370758056640625 0.510162353515625
0.1553955078125 0.222457885742188 0.37847900390625 0.5849609375
0.0704803466796875 0.251708984375 0.17218017578125 0.59478759765625
-0.019927978515625 0.28375244140625 -0.025543212890625 0.408721923828125
-0.143768310546875 0.28167724609375 -0.09295654296875 0.183212280273438
-0.3406982421875 0.1634521484375 -0.000297546386718772 -0.0145244598388672
-0.404632568359375 0.079620361328125 0.270065307617188 -0.07220458984375
-0.3414306640625 -0.01983642578125 0.61126708984375 0.12158203125
-0.516937255859375 0.0644836425781249 0.42218017578125 -0.188720703125
-0.4254150390625 0.146881103515625 0.5364990234375 0.028564453125
-0.382598876953125 0.229705810546875 0.48150634765625 -0.103118896484375
-0.229156494140625 0.32025146484375 0.279769897460938 -0.244186401367187
-0.15692138671875 0.377288818359375 -0.0505294799804688 -0.113861083984375
0.072235107421875 0.43255615234375 -0.0318450927734375 0.2099609375
0.23577880859375 0.435455322265625 0.18280029296875 0.395538330078125
0.191314697265625 0.438873291015625 0.284515380859375 0.388885498046875
0.2530517578125 0.471466064453125 0.316680908203125 0.45953369140625
0.103607177734375 0.49530029296875 0.17901611328125 0.46539306640625
-0.077972412109375 0.522186279296875 -9.15527343750102E-05 0.325103759765625
-0.248077392578125 0.466522216796875 -0.0674896240234375 0.168914794921875
-0.518707275390625 0.252471923828125 -0.0306415557861328 0.0261306762695313
-0.5767822265625 0.16650390625 0.171600341796875 -0.01995849609375
-0.5462646484375 0.0419921875 0.45843505859375 0.10693359375
-0.6634521484375 0.145751953125 0.224807739257813 -0.150924682617188
-0.5350341796875 0.22705078125 0.43487548828125 0.099853515625
-0.482757568359375 0.28955078125 0.4749755859375 -0.08038330078125
-0.32830810546875 0.389068603515625 0.2965087890625 -0.2611083984375
-0.2708740234375 0.47021484375 -0.030731201171875 -0.190139770507812
0.0197143554687499 0.6031494140625 -0.05596923828125 0.0830459594726563
0.2530517578125 0.614990234375 0.07843017578125 0.226531982421875
0.22271728515625 0.6015625 0.151947021484375 0.205398559570313
0.3193359375 0.642578125 0.200775146484375 0.276168823242188
0.1402587890625 0.655517578125 0.135162353515625 0.2857666015625
-0.09844970703125 0.67816162109375 0.000961303710937482 0.211776733398438
-0.28363037109375 0.5819091796875 -0.0529022216796875 0.148605346679688
-0.58624267578125 0.322021484375 -0.0793075561523438 0.08697509765625
-0.63720703125 0.248046875 0.0242347717285156 0.059417724609375
-0.65679931640625 0.115478515625 0.242874145507812 0.107757568359375
-0.69268798828125 0.194580078125 -0.0274581909179688 -0.110969543457031
-0.551116943359375 0.246063232421875 0.271469116210937 0.149612426757813
-0.524169921875 0.269287109375 0.412261962890625 -0.06451416015625
-0.410369873046875 0.388427734375 0.279403686523438 -0.267288208007813
-0.368316650390625 0.506439208984375 0.00190734863281246 -0.272186279296875
-0.03741455078125 0.70086669921875 -0.06884765625 -0.0891189575195312
0.2366943359375 0.7071533203125 -0.0418281555175781 0.00219345092773441
0.21795654296875 0.67236328125 -0.00291442871093749 -0.0124473571777343
0.33056640625 0.71337890625 0.0496978759765625 0.0667304992675782
0.141357421875 0.70074462890625 0.05755615234375 0.0880966186523438
-0.11474609375 0.70025634765625 -0.0160293579101563 0.09246826171875
-0.274169921875 0.57183837890625 -0.0518264770507813 0.130355834960938
-0.537689208984375 0.31915283203125 -0.136978149414063 0.15667724609375
-0.57818603515625 0.28875732421875 -0.141189575195313 0.149139404296875
-0.66094970703125 0.17529296875 -0.00441741943359379 0.122779846191406
-0.59820556640625 0.20782470703125 -0.28466796875 -0.081268310546875
-0.4676513671875 0.20233154296875 0.0700073242187499 0.170120239257813
-0.485107421875 0.1796875 0.30389404296875 -0.040679931640625
-0.438934326171875 0.317108154296875 0.245925903320312 -0.252700805664063
-0.407623291015625 0.46624755859375 0.0490722656249999 -0.350189208984375
-0.0801391601562499 0.6934814453125 -0.072174072265625 -0.286224365234375
0.19305419921875 0.687744140625 -0.166275024414063 -0.24188232421875
0.18267822265625 0.6385498046875 -0.161209106445312 -0.22686767578125
0.27862548828125 0.67340087890625 -0.100112915039062 -0.137458801269531
0.09564208984375 0.6312255859375 -0.0184326171875 -0.09161376953125
-0.1368408203125 0.587158203125 -0.0260448455810547 -0.00171279907226559
-0.234588623046875 0.43475341796875 -0.0587005615234375 0.126136779785156
-0.39410400390625 0.24267578125 -0.205413818359375 0.213409423828125
-0.428558349609375 0.2794189453125 -0.298736572265625 0.21539306640625
-0.567626953125 0.21417236328125 -0.2420654296875 0.147232055664062
-0.398681640625 0.192718505859375 -0.50115966796875 -0.0647583007812499
-0.30780029296875 0.133056640625 -0.127517700195313 0.1644287109375
-0.354736328125 0.069732666015625 0.186203002929687 -0.0092315673828125
-0.3746337890625 0.20172119140625 0.212493896484375 -0.225387573242187
-0.357025146484375 0.35162353515625 0.100860595703125 -0.411346435546875
-0.0899658203125 0.5657958984375 -0.077728271484375 -0.47113037109375
0.126708984375 0.55303955078125 -0.2843017578125 -0.460174560546875
0.118499755859375 0.504852294921875 -0.298370361328125 -0.40380859375
0.179443359375 0.53289794921875 -0.212677001953125 -0.308013916015625
0.020843505859375 0.46630859375 -0.06097412109375 -0.2257080078125
-0.15106201171875 0.38067626953125 -0.0131988525390625 -0.0497093200683594
-0.165878295898438 0.231948852539062 -0.0743255615234375 0.142135620117188
-0.201431274414063 0.135650634765625 -0.28363037109375 0.238250732421875
-0.235870361328125 0.235931396484375 -0.429229736328125 0.23468017578125
-0.403717041015625 0.21990966796875 -0.436248779296875 0.174560546875
-0.135879516601562 0.155670166015625 -0.63592529296875 -0.056396484375
-0.10211181640625 0.0734176635742188 -0.27386474609375 0.144821166992188
-0.145095825195313 -0.0170440673828125 0.0963592529296875 0.019500732421875
-0.215682983398438 0.0632781982421875 0.183502197265625 -0.204208374023438
-0.225921630859375 0.173980712890625 0.13153076171875 -0.444671630859375
-0.078094482421875 0.336181640625 -0.0977783203125 -0.6031494140625
0.039337158203125 0.32647705078125 -0.3795166015625 -0.60809326171875
0.038177490234375 0.295684814453125 -0.389739990234375 -0.519927978515625
0.053497314453125 0.32000732421875 -0.27117919921875 -0.42498779296875
-0.0491180419921875 0.25067138671875 -0.063323974609375 -0.30120849609375
-0.135986328125 0.14990234375 0.0113296508789062 -0.0471725463867187
-0.0798568725585938 0.0384902954101562 -0.106704711914063 0.16845703125
-0.0142097473144531 0.0432777404785156 -0.368621826171875 0.2178955078125
-0.0471343994140625 0.1695556640625 -0.52325439453125 0.202178955078125
-0.195388793945313 0.187606811523438 -0.56756591796875 0.19573974609375
-0.0677413940429687 -0.131759643554688 0.58984375 -0.2635498046875
-0.117431640625 -0.0552291870117187 0.59912109375 -0.17462158203125
-0.128074645996094 0.0447158813476563 0.38446044921875 -0.234832763671875
-0.0350875854492188 0.094573974609375 0.148300170898438 -0.235198974609375
0.051513671875 0.089630126953125 -0.0792617797851563 0.012939453125
0.0933685302734375 -0.0171966552734375 0.039459228515625 0.32818603515625
0.076171875 -0.0508499145507813 0.3388671875 0.51153564453125
0.0457420349121094 -0.0444145202636719 0.44287109375 0.546295166015625
0.0483016967773438 -0.0704727172851563 0.427978515625 0.631591796875
0.0621147155761719 -0.0341262817382813 0.18023681640625 0.66522216796875
0.0901870727539063 0.0178451538085937 -0.032012939453125 0.47882080078125
0.0265579223632812 0.0942611694335938 -0.115875244140625 0.225296020507813
-0.0925979614257812 0.108634948730469 -0.0130395889282227 -0.00573062896728515
-0.16070556640625 0.0308074951171875 0.291107177734375 -0.10186767578125
-0.0838851928710938 -0.0597076416015625 0.69622802734375 0.1126708984375
-0.3155517578125 -0.0206909179687499 0.556884765625 -0.250030517578125
-0.273788452148437 0.053497314453125 0.60284423828125 -0.0946044921875
-0.259994506835938 0.150604248046875 0.446044921875 -0.1832275390625
-0.12591552734375 0.224517822265625 0.2147216796875 -0.254257202148438
-0.03826904296875 0.2569580078125 -0.08074951171875 -0.04620361328125
0.114654541015625 0.218734741210938 0.00537109374999999 0.295074462890625
0.191558837890625 0.197799682617187 0.293060302734375 0.487457275390625
0.1446533203125 0.213485717773438 0.40618896484375 0.499176025390625
0.171707153320313 0.218719482421875 0.4232177734375 0.5789794921875
0.0838470458984375 0.255386352539063 0.21710205078125 0.60595703125
-0.00796508789062498 0.29144287109375 0.00158691406250003 0.43304443359375
-0.137451171875 0.296661376953125 -0.0856170654296875 0.216262817382813
-0.345703125 0.18658447265625 -0.00771427154541018 0.0128192901611328
-0.411346435546875 0.106231689453125 0.269638061523438 -0.0690155029296875
-0.358306884765625 -0.00442504882812502 0.631591796875 0.10162353515625
-0.537994384765625 0.082550048828125 0.43572998046875 -0.212799072265625
-0.432830810546875 0.166961669921875 0.5625 -0.014404296875
-0.3890380859375 0.25762939453125 0.483154296875 -0.145751953125
-0.221099853515625 0.339019775390625 0.26190185546875 -0.274398803710938
-0.142852783203125 0.396270751953125 -0.0709762573242188 -0.116081237792969
0.09735107421875 0.43603515625 -0.027862548828125 0.21490478515625
0.26593017578125 0.429901123046875 0.2064208984375 0.391876220703125
0.220062255859375 0.440765380859375 0.3092041015625 0.37939453125
0.287261962890625 0.46734619140625 0.35430908203125 0.451324462890625
0.132080078125 0.5018310546875 0.21630859375 0.4722900390625
-0.053924560546875 0.53961181640625 0.025390625 0.3443603515625
-0.23651123046875 0.4932861328125 -0.056243896484375 0.199996948242188
-0.527984619140625 0.286590576171875 -0.0330619812011719 0.0560111999511719
-0.58746337890625 0.20245361328125 0.172348022460937 -0.00939941406249999
-0.569580078125 0.0642700195312501 0.47357177734375 0.09326171875
-0.68505859375 0.16845703125 0.2310791015625 -0.161163330078125
-0.545440673828125 0.248626708984375 0.4613037109375 0.06689453125
-0.494232177734375 0.321197509765625 0.48004150390625 -0.12310791015625
-0.322967529296875 0.4139404296875 0.280517578125 -0.296356201171875
-0.2596435546875 0.501129150390625 -0.0529327392578125 -0.198471069335937
0.0502929687500001 0.615966796875 -0.05682373046875 0.0839920043945313
0.296630859375 0.61175537109375 0.089599609375 0.2235107421875
0.2626953125 0.60693359375 0.163192749023438 0.19830322265625
0.363525390625 0.63641357421875 0.225311279296875 0.268569946289063
0.17889404296875 0.666015625 0.16351318359375 0.2872314453125
-0.065185546875 0.7015380859375 0.0228271484375 0.225112915039063
-0.26629638671875 0.6153564453125 -0.039947509765625 0.176239013671875
-0.59881591796875 0.3631591796875 -0.0761871337890625 0.120033264160156
-0.64971923828125 0.2872314453125 0.0260467529296875 0.078369140625
-0.68157958984375 0.14141845703125 0.249160766601562 0.103408813476563
-0.71307373046875 0.21728515625 -0.0293197631835938 -0.107666015625
-0.5643310546875 0.26580810546875 0.295745849609375 0.12884521484375
-0.543121337890625 0.30010986328125 0.419891357421875 -0.10504150390625
-0.41259765625 0.41937255859375 0.2666015625 -0.3048095703125
-0.35882568359375 0.54541015625 -0.021697998046875 -0.28887939453125
-0.00256347656249998 0.7210693359375 -0.0767593383789063 -0.0950469970703125
0.28411865234375 0.70892333984375 -0.0460739135742187 -0.000308990478515573
0.26300048828125 0.68011474609375 -0.00926589965820311 -0.0149984359741211
0.37933349609375 0.7080078125 0.0595970153808594 0.06207275390625
0.1832275390625 0.71112060546875 0.07391357421875 0.0867843627929688
-0.07891845703125 0.72760009765625 0.000389099121093737 0.100906372070313
-0.25726318359375 0.6041259765625 -0.0375823974609375 0.15325927734375
-0.549224853515625 0.356842041015625 -0.130035400390625 0.192092895507813
-0.5870361328125 0.32171630859375 -0.139755249023438 0.178070068359375
-0.68341064453125 0.2017822265625 -0.00740051269531255 0.128890991210938
-0.61346435546875 0.22308349609375 -0.296234130859375 -0.06561279296875
-0.479949951171875 0.21630859375 0.0880279541015625 0.161666870117188
-0.509002685546875 0.20465087890625 0.313385009765625 -0.077911376953125
-0.44415283203125 0.347869873046875 0.23687744140625 -0.291412353515625
-0.40240478515625 0.508514404296875 0.02587890625 -0.374359130859375
-0.043701171875 0.71551513671875 -0.089874267578125 -0.30023193359375
0.2403564453125 0.6904296875 -0.187789916992187 -0.242691040039062
0.2239990234375 0.647705078125 -0.182220458984375 -0.225067138671875
0.3250732421875 0.66949462890625 -0.104141235351563 -0.139335632324219
0.13360595703125 0.640380859375 -0.012786865234375 -0.0956039428710937
-0.10845947265625 0.6121826171875 -0.0148601531982422 0.00216007232666019
-0.22332763671875 0.462005615234375 -0.043975830078125 0.1455078125
-0.40557861328125 0.2696533203125 -0.195541381835938 0.24908447265625
-0.434539794921875 0.302825927734375 -0.2998046875 0.253082275390625
-0.58380126953125 0.234375 -0.252944946289063 0.164535522460938
-0.40606689453125 0.198577880859375 -0.518157958984375 -0.0384216308593749
-0.317230224609375 0.139739990234375 -0.115127563476563 0.1649169921875
-0.376129150390625 0.0863342285156249 0.19586181640625 -0.0414276123046875
-0.38079833984375 0.226593017578125 0.2064208984375 -0.263992309570313
-0.35357666015625 0.38623046875 0.07733154296875 -0.442108154296875
-0.06072998046875 0.58551025390625 -0.10528564453125 -0.4910888671875
0.16436767578125 0.557220458984375 -0.322052001953125 -0.457855224609375
0.151092529296875 0.512237548828125 -0.331939697265625 -0.3973388671875
0.215423583984375 0.5323486328125 -0.229522705078125 -0.30755615234375
0.048614501953125 0.4759521484375 -0.064361572265625 -0.232208251953125
-0.134613037109375 0.402099609375 -0.00471115112304689 -0.0498085021972656
-0.164688110351563 0.25091552734375 -0.059295654296875 0.158065795898438
-0.212478637695313 0.147918701171875 -0.2747802734375 0.275527954101563
-0.237106323242188 0.24603271484375 -0.4322509765625 0.2786865234375
-0.411956787109375 0.233734130859375 -0.45172119140625 0.2003173828125
-0.13323974609375 0.152511596679688 -0.65533447265625 -0.0283813476562501
-0.104911804199219 0.0734481811523437 -0.265975952148438 0.151687622070313
-0.158859252929688 -0.0128936767578125 0.105110168457031 -0.00922393798828125
-0.2205810546875 0.0775604248046875 0.178054809570313 -0.24169921875
-0.224136352539063 0.19476318359375 0.1083984375 -0.480255126953125
-0.059173583984375 0.348876953125 -0.13616943359375 -0.6260986328125
0.060760498046875 0.330963134765625 -0.42840576171875 -0.601806640625
0.05584716796875 0.301300048828125 -0.4287109375 -0.50665283203125
0.073211669921875 0.3226318359375 -0.2955322265625 -0.4224853515625
-0.0343780517578125 0.260589599609375 -0.0716552734375 -0.30950927734375
-0.13165283203125 0.16455078125 0.0207595825195312 -0.0508880615234375
-0.0857925415039063 0.0462646484375 -0.089630126953125 0.183700561523438
-0.0222854614257812 0.0410957336425781 -0.3614501953125 0.255767822265625
-0.0455474853515625 0.167877197265625 -0.53076171875 0.248870849609375
-0.1949462890625 0.192138671875 -0.587158203125 0.22857666015625
-0.0828933715820313 -0.12530517578125 0.5908203125 -0.31329345703125
-0.11663818359375 -0.0459671020507813 0.59613037109375 -0.23583984375
-0.121726989746094 0.0557098388671875 0.361663818359375 -0.274200439453125
-0.0273513793945313 0.0962371826171875 0.120849609375 -0.25323486328125
0.0604934692382813 0.084014892578125 -0.0904617309570313 0.02130126953125
0.0921783447265625 -0.0272750854492188 0.05322265625 0.332550048828125
0.0703353881835938 -0.0583419799804688 0.377838134765625 0.491363525390625
0.0415191650390625 -0.048370361328125 0.48944091796875 0.515625
0.0428009033203125 -0.0749588012695313 0.485107421875 0.60491943359375
0.059051513671875 -0.037994384765625 0.2396240234375 0.66619873046875
0.0909423828125 0.0111618041992187 0.00946044921875004 0.497711181640625
0.032501220703125 0.0949554443359375 -0.096282958984375 0.257400512695312
-0.0832443237304688 0.118858337402344 -0.0154705047607422 0.018951416015625
-0.155685424804688 0.0487823486328125 0.285858154296875 -0.10894775390625
-0.0890350341796875 -0.0508499145507812 0.714111328125 0.06903076171875
-0.329986572265625 0.00170898437500006 0.5570068359375 -0.295196533203125
-0.272750854492188 0.0736083984375001 0.60845947265625 -0.1585693359375
-0.25201416015625 0.174530029296875 0.428009033203125 -0.226654052734375
-0.111297607421875 0.235000610351563 0.18719482421875 -0.2779541015625
-0.0188140869140625 0.262619018554688 -0.0970916748046875 -0.0377883911132813
0.131027221679687 0.208633422851563 0.01800537109375 0.29949951171875
0.207168579101562 0.183563232421875 0.330474853515625 0.4716796875
0.161712646484375 0.205718994140625 0.445404052734375 0.470916748046875
0.189910888671875 0.207321166992188 0.476318359375 0.55340576171875
0.103347778320312 0.252700805664063 0.27227783203125 0.60284423828125
0.011871337890625 0.294921875 0.04058837890625 0.44805908203125
-0.12060546875 0.312530517578125 -0.0641021728515625 0.2457275390625
-0.34051513671875 0.21783447265625 -0.00598907470703127 0.0389404296875
-0.406524658203125 0.1419677734375 0.269119262695313 -0.0733184814453125
-0.36895751953125 0.0212707519531251 0.65045166015625 0.06134033203125
-0.552093505859375 0.119598388671875 0.435394287109375 -0.24615478515625
-0.431854248046875 0.19775390625 0.57330322265625 -0.07110595703125
-0.380828857421875 0.2930908203125 0.4681396484375 -0.19342041015625
-0.2021484375 0.357635498046875 0.2322998046875 -0.30316162109375
-0.1163330078125 0.41522216796875 -0.0926437377929687 -0.11077880859375
0.128570556640625 0.430999755859375 -0.019378662109375 0.218490600585938
0.30169677734375 0.41156005859375 0.235382080078125 0.37841796875
0.255706787109375 0.429718017578125 0.337860107421875 0.356903076171875
0.326324462890625 0.446533203125 0.396514892578125 0.42669677734375
0.170806884765625 0.497955322265625 0.261322021484375 0.461456298828125
-0.0142822265625 0.55029296875 0.059967041015625 0.35333251953125
-0.20599365234375 0.51812744140625 -0.032928466796875 0.225128173828125
-0.521331787109375 0.33380126953125 -0.0247421264648438 0.0847930908203125
-0.581298828125 0.25006103515625 0.176177978515625 -0.00561523437499998
-0.58294677734375 0.1038818359375 0.486541748046875 0.066864013671875
-0.69683837890625 0.21038818359375 0.230026245117187 -0.177703857421875
-0.545379638671875 0.284942626953125 0.478057861328125 0.01953125
-0.490753173828125 0.3662109375 0.46966552734375 -0.1739501953125
-0.303497314453125 0.444000244140625 0.25030517578125 -0.32958984375
-0.23040771484375 0.533172607421875 -0.0805816650390625 -0.198562622070312
0.09716796875 0.61712646484375 -0.0557937622070313 0.0852203369140625
0.34765625 0.593017578125 0.104171752929688 0.2159423828125
0.31170654296875 0.59332275390625 0.175216674804688 0.18585205078125
0.417236328125 0.6131591796875 0.252182006835938 0.250350952148438
0.2313232421875 0.657470703125 0.195266723632813 0.276382446289063
-0.01318359375 0.71533203125 0.0504302978515625 0.230438232421875
-0.229248046875 0.645263671875 -0.016082763671875 0.19744873046875
-0.58856201171875 0.41729736328125 -0.0605316162109375 0.151260375976563
-0.63995361328125 0.33990478515625 0.035797119140625 0.0938720703125
-0.69439697265625 0.1871337890625 0.255477905273437 0.0914764404296875
-0.7215576171875 0.258056640625 -0.0333709716796875 -0.102882385253906
-0.56439208984375 0.2999267578125 0.31396484375 0.09722900390625
-0.54522705078125 0.3466796875 0.411590576171875 -0.153839111328125
-0.39447021484375 0.456146240234375 0.2379150390625 -0.3404541015625
-0.3282470703125 0.5880126953125 -0.05419921875 -0.29620361328125
0.05059814453125 0.7288818359375 -0.0878753662109375 -0.0981903076171875
0.345458984375 0.69146728515625 -0.0500564575195312 1.52587890625358E-05
0.31781005859375 0.66668701171875 -0.0151529312133789 -0.0150604248046875
0.44049072265625 0.681640625 0.0689811706542969 0.0540351867675782
0.23944091796875 0.70318603515625 0.0898513793945313 0.0781402587890625
-0.02410888671875 0.741455078125 0.0182876586914063 0.104209899902344
-0.220458984375 0.6343994140625 -0.014556884765625 0.171249389648438
-0.539794921875 0.409210205078125 -0.107833862304687 0.22442626953125
-0.5787353515625 0.36846923828125 -0.125823974609375 0.205764770507813
-0.6922607421875 0.2479248046875 -0.00542449951171881 0.135627746582031
-0.617919921875 0.25433349609375 -0.301788330078125 -0.041046142578125
-0.484588623046875 0.242889404296875 0.106536865234375 0.146743774414063
-0.51885986328125 0.2445068359375 0.308349609375 -0.1192626953125
-0.43157958984375 0.387939453125 0.210662841796875 -0.32708740234375
-0.374298095703125 0.5538330078125 -0.01123046875 -0.390289306640625
0.00836181640625001 0.72857666015625 -0.115264892578125 -0.30609130859375
0.299560546875 0.676513671875 -0.212966918945312 -0.233779907226562
0.27569580078125 0.63848876953125 -0.206222534179688 -0.212783813476562
0.3804931640625 0.64764404296875 -0.112411499023437 -0.137031555175781
0.18572998046875 0.6358642578125 -0.0123519897460937 -0.100875854492187
-0.061767578125 0.63018798828125 -0.00446319580078125 0.00258255004882816
-0.19610595703125 0.489013671875 -0.021820068359375 0.160415649414063
-0.40252685546875 0.30767822265625 -0.1702880859375 0.284820556640625
-0.4246826171875 0.336456298828125 -0.282379150390625 0.292083740234375
-0.58709716796875 0.2740478515625 -0.254135131835938 0.189285278320313
-0.405120849609375 0.21435546875 -0.527069091796875 0.0010070800781249
-0.320709228515625 0.155914306640625 -0.099884033203125 0.166122436523438
-0.389190673828125 0.11541748046875 0.193069458007812 -0.0766448974609375
-0.374542236328125 0.2598876953125 0.18414306640625 -0.2998046875
-0.332550048828125 0.423980712890625 0.03759765625 -0.465789794921875
-0.0156250000000001 0.59765625 -0.14703369140625 -0.50042724609375
0.211334228515625 0.549468994140625 -0.362762451171875 -0.439544677734375
0.19207763671875 0.506744384765625 -0.36895751953125 -0.3743896484375
0.257568359375 0.517730712890625 -0.251708984375 -0.29730224609375
0.088043212890625 0.4764404296875 -0.0746612548828125 -0.236434936523437
-0.104766845703125 0.419219970703125 0.00149154663085936 -0.0529098510742187
-0.152313232421875 0.270584106445313 -0.0365447998046875 0.170974731445313
-0.215133666992187 0.167648315429688 -0.25006103515625 0.31268310546875
-0.2294921875 0.261856079101563 -0.418060302734375 0.327239990234375
-0.410400390625 0.259613037109375 -0.45526123046875 0.239593505859375
-0.12860107421875 0.152236938476563 -0.666015625 0.0185546875000001
-0.105644226074219 0.0771408081054687 -0.25469970703125 0.162078857421875
-0.1702880859375 -0.000915527343749967 0.103302001953125 -0.039306640625
-0.219879150390625 0.0972290039062501 0.156845092773438 -0.275787353515625
-0.21343994140625 0.218093872070312 0.067535400390625 -0.508544921875
-0.032806396484375 0.35662841796875 -0.18817138671875 -0.63397216796875
0.089324951171875 0.327392578125 -0.48345947265625 -0.5748291015625
0.0799560546875 0.301055908203125 -0.474853515625 -0.475372314453125
0.098907470703125 0.31829833984375 -0.328521728515625 -0.4075927734375
-0.012603759765625 0.265060424804688 -0.0889892578125 -0.314117431640625
-0.120162963867187 0.179901123046875 0.0267715454101562 -0.0573883056640625
-0.08734130859375 0.0570449829101563 -0.0662841796875 0.196426391601563
-0.0288047790527344 0.04241943359375 -0.340118408203125 0.297607421875
-0.0402984619140625 0.166473388671875 -0.517486572265625 0.3055419921875
-0.189071655273438 0.200958251953125 -0.5888671875 0.27734375
-0.094146728515625 -0.112403869628906 0.5665283203125 -0.35699462890625
-0.1131591796875 -0.0366897583007812 0.56622314453125 -0.29327392578125
-0.111587524414063 0.0635910034179688 0.3260498046875 -0.302276611328125
-0.0188827514648438 0.0957489013671875 0.0899505615234375 -0.259719848632813
0.06744384765625 0.0763626098632813 -0.0973129272460938 0.0327224731445313
0.0862045288085937 -0.0359268188476562 0.068450927734375 0.328155517578125
0.0627212524414063 -0.0630378723144531 0.40521240234375 0.454986572265625
0.0356330871582031 -0.0491294860839844 0.518157958984375 0.4676513671875
0.03533935546875 -0.0756683349609375 0.52728271484375 0.5557861328125
0.0545845031738281 -0.0410079956054688 0.291748046875 0.64013671875
0.0881805419921875 0.00383758544921875 0.0529174804687501 0.49761962890625
0.0382537841796875 0.092132568359375 -0.067657470703125 0.275924682617188
-0.0702285766601563 0.124496459960937 -0.0108642578125 0.0396957397460938
-0.14349365234375 0.0632171630859375 0.274887084960938 -0.116012573242188
-0.0914993286132813 -0.0408096313476563 0.71148681640625 0.01837158203125
-0.3328857421875 0.028564453125 0.53570556640625 -0.335174560546875
-0.262496948242188 0.0918426513671875 0.58465576171875 -0.21722412109375
-0.234588623046875 0.19390869140625 0.3953857421875 -0.260986328125
-0.091949462890625 0.238510131835938 0.152099609375 -0.2889404296875
0.00198364257812501 0.2598876953125 -0.108322143554688 -0.0249710083007812
0.141204833984375 0.192337036132813 0.03240966796875 0.296478271484375
0.215225219726563 0.16217041015625 0.358154296875 0.437103271484375
0.1732177734375 0.189620971679687 0.471405029296875 0.42724609375
0.201873779296875 0.188278198242187 0.512176513671875 0.506134033203125
0.119049072265625 0.24127197265625 0.31866455078125 0.57281494140625
0.03216552734375 0.289031982421875 0.08050537109375 0.444427490234375
-0.0977783203125 0.319122314453125 -0.0353851318359375 0.261566162109375
-0.319061279296875 0.2423095703125 0.00408554077148436 0.0591926574707031
-0.386138916015625 0.172607421875 0.263397216796875 -0.07891845703125
-0.366485595703125 0.04827880859375 0.64691162109375 0.0164794921875
-0.5472412109375 0.158416748046875 0.41888427734375 -0.27532958984375
-0.415374755859375 0.224578857421875 0.5572509765625 -0.129638671875
-0.358551025390625 0.3216552734375 0.43505859375 -0.23260498046875
-0.17437744140625 0.367584228515625 0.1942138671875 -0.31842041015625
-0.083251953125 0.42034912109375 -0.110214233398438 -0.0976104736328125
0.156982421875 0.410888671875 -0.00828552246093751 0.21710205078125
0.325836181640625 0.3770751953125 0.257904052734375 0.351715087890625
0.283782958984375 0.404144287109375 0.35650634765625 0.322357177734375
0.353607177734375 0.4127197265625 0.425048828125 0.3851318359375
0.20550537109375 0.4769287109375 0.2979736328125 0.4332275390625
0.0255126953125001 0.542755126953125 0.093505859375 0.347137451171875
-0.167938232421875 0.52978515625 -0.00424194335937504 0.238449096679688
-0.49237060546875 0.372406005859375 -0.00737762451171879 0.105491638183594
-0.552215576171875 0.292144775390625 0.179473876953125 -0.00613403320312498
-0.57568359375 0.1448974609375 0.485107421875 0.033538818359375
-0.68731689453125 0.25433349609375 0.220108032226562 -0.190139770507813
-0.5234375 0.31793212890625 0.472015380859375 -0.029998779296875
-0.467529296875 0.401885986328125 0.43817138671875 -0.21405029296875
-0.271209716796875 0.46087646484375 0.210479736328125 -0.348114013671875
-0.186920166015625 0.549407958984375 -0.105453491210938 -0.1868896484375
0.14044189453125 0.5987548828125 -0.0540313720703125 0.0853958129882813
0.387359619140625 0.551177978515625 0.11614990234375 0.201553344726563
0.35107421875 0.55963134765625 0.181930541992188 0.16839599609375
0.45721435546875 0.56597900390625 0.269317626953125 0.22314453125
0.2777099609375 0.6279296875 0.219223022460938 0.253097534179688
0.0396728515625 0.70404052734375 0.0749053955078125 0.224411010742188
-0.1800537109375 0.65625 0.011962890625 0.207534790039063
-0.55413818359375 0.461669921875 -0.0350799560546875 0.171630859375
-0.605224609375 0.38262939453125 0.0491561889648437 0.102264404296875
-0.68389892578125 0.2335205078125 0.256607055664062 0.07647705078125
-0.7098388671875 0.29913330078125 -0.0353622436523438 -0.0961990356445312
-0.545654296875 0.330841064453125 0.318267822265625 0.06146240234375
-0.52679443359375 0.387481689453125 0.385040283203125 -0.19268798828125
-0.3609619140625 0.48138427734375 0.19793701171875 -0.36102294921875
-0.28265380859375 0.6123046875 -0.086517333984375 -0.288177490234375
0.1033935546875 0.71240234375 -0.0984268188476563 -0.0958709716796875
0.39373779296875 0.649658203125 -0.0534553527832031 0.00156402587890628
0.36260986328125 0.63134765625 -0.0209159851074219 -0.0132579803466796
0.48443603515625 0.6302490234375 0.0743179321289063 0.0428619384765625
0.29052734375 0.6695556640625 0.099884033203125 0.06390380859375
0.0329589843749999 0.73199462890625 0.0337600708007813 0.100372314453125
-0.17181396484375 0.644775390625 0.0118255615234375 0.178970336914063
-0.51043701171875 0.448822021484375 -0.0764923095703125 0.245559692382813
-0.544219970703125 0.407379150390625 -0.101821899414063 0.223739624023438
-0.6785888671875 0.29022216796875 -0.000595092773437543 0.139701843261719
-0.60498046875 0.28533935546875 -0.29766845703125 -0.0152587890625
-0.4708251953125 0.268218994140625 0.118186950683594 0.127487182617188
-0.50787353515625 0.28546142578125 0.2861328125 -0.154022216796875
-0.402587890625 0.41729736328125 0.1741943359375 -0.34881591796875
-0.3280029296875 0.5828857421875 -0.051239013671875 -0.388275146484375
0.06597900390625 0.7137451171875 -0.141510009765625 -0.30230712890625
0.3475341796875 0.6376953125 -0.231735229492188 -0.214828491210938
0.31939697265625 0.60406494140625 -0.223312377929687 -0.191482543945313
0.42352294921875 0.602294921875 -0.118095397949219 -0.130584716796875
0.232666015625 0.606689453125 -0.01397705078125 -0.105636596679687
-0.01129150390625 0.622802734375 0.0036933422088623 0.000189304351806679
-0.158172607421875 0.499755859375 0.00259399414062498 0.165390014648438
-0.38214111328125 0.3388671875 -0.134063720703125 0.30609130859375
-0.39666748046875 0.362213134765625 -0.2518310546875 0.32049560546875
-0.573486328125 0.30865478515625 -0.243133544921875 0.21087646484375
-0.3958740234375 0.2301025390625 -0.51715087890625 0.0416870117187499
-0.313812255859375 0.17108154296875 -0.0835418701171875 0.16156005859375
-0.387451171875 0.14630126953125 0.176345825195312 -0.105865478515625
-0.3531494140625 0.28753662109375 0.1494140625 -0.32171630859375
-0.296966552734375 0.44921875 -0.00802612304687506 -0.4691162109375
0.03125 0.587890625 -0.18798828125 -0.49066162109375
0.2535400390625 0.518341064453125 -0.39715576171875 -0.404571533203125
0.22711181640625 0.483856201171875 -0.393157958984375 -0.337158203125
0.29345703125 0.484832763671875 -0.267578125 -0.277053833007812
0.1251220703125 0.458160400390625 -0.086639404296875 -0.23388671875
-0.068695068359375 0.422027587890625 0.00482940673828124 -0.0552787780761719
-0.13232421875 0.281951904296875 -0.0120086669921875 0.174591064453125
-0.208160400390625 0.184707641601562 -0.211395263671875 0.337860107421875
-0.211761474609375 0.271224975585938 -0.381927490234375 0.365081787109375
-0.3963623046875 0.280792236328125 -0.439178466796875 0.275726318359375
-0.12249755859375 0.14874267578125 -0.6563720703125 0.06866455078125
-0.103279113769531 0.0797882080078125 -0.237716674804688 0.168930053710938
-0.1746826171875 0.01361083984375 0.0908966064453125 -0.0637130737304688
-0.210983276367188 0.114303588867187 0.125091552734375 -0.296630859375
-0.193923950195312 0.2347412109375 0.0194091796875 -0.51422119140625
-0.00323486328125004 0.352691650390625 -0.2391357421875 -0.61724853515625
0.115325927734375 0.3126220703125 -0.5223388671875 -0.526458740234375
0.101104736328125 0.28887939453125 -0.502532958984375 -0.428131103515625
0.120452880859375 0.3028564453125 -0.35211181640625 -0.37799072265625
0.00988769531250002 0.259521484375 -0.107391357421875 -0.30902099609375
-0.102813720703125 0.18768310546875 0.0285491943359375 -0.0628280639648437
-0.0846099853515625 0.0665435791015625 -0.04058837890625 0.19891357421875
-0.0326423645019531 0.0446319580078125 -0.303314208984375 0.326812744140625
-0.03338623046875 0.16180419921875 -0.483062744140625 0.350616455078125
-0.178482055664063 0.206451416015625 -0.5677490234375 0.32275390625
-0.0985260009765625 -0.0987396240234375 0.5361328125 -0.378173828125
-0.107925415039063 -0.030914306640625 0.530029296875 -0.32550048828125
-0.100776672363281 0.0665206909179688 0.291717529296875 -0.3123779296875
-0.0131607055664062 0.0928955078125 0.063995361328125 -0.256881713867188
0.0698204040527344 0.0690841674804688 -0.0994720458984375 0.0421905517578125
0.07989501953125 -0.0410308837890625 0.07574462890625 0.3206787109375
0.0547370910644531 -0.0634880065917969 0.41461181640625 0.4193115234375
0.0316009521484375 -0.0481491088867188 0.522735595703125 0.423858642578125
0.030059814453125 -0.074127197265625 0.541595458984375 0.511749267578125
0.04962158203125 -0.0415534973144531 0.32342529296875 0.60693359375
0.0841445922851563 -0.00133514404296875 0.082275390625 0.4849853515625
0.0415191650390625 0.0891952514648438 -0.043121337890625 0.28204345703125
-0.0586166381835938 0.124954223632812 -0.00197601318359375 0.0536346435546875
-0.129737854003906 0.070770263671875 0.262802124023438 -0.115890502929688
-0.090911865234375 -0.0329513549804688 0.69122314453125 -0.015380859375
-0.327178955078125 0.0482177734375 0.508392333984375 -0.3544921875
-0.250030517578125 0.101852416992187 0.55126953125 -0.2528076171875
-0.215789794921875 0.202239990234375 0.35906982421875 -0.2762451171875
-0.0771484375 0.236251831054688 0.12164306640625 -0.2877197265625
0.0164794921875 0.25164794921875 -0.114028930664063 -0.0122299194335937
0.144485473632812 0.1763916015625 0.039825439453125 0.289306640625
0.214065551757813 0.143630981445312 0.365966796875 0.404541015625
0.176177978515625 0.176589965820312 0.4744873046875 0.38580322265625
0.204071044921875 0.171310424804688 0.52423095703125 0.46148681640625
0.126846313476563 0.227813720703125 0.343597412109375 0.53912353515625
0.043548583984375 0.27777099609375 0.1058349609375 0.431610107421875
-0.079742431640625 0.3162841796875 -0.0103607177734375 0.266265869140625
-0.296630859375 0.253631591796875 0.016204833984375 0.0719985961914063
-0.359893798828125 0.188079833984375 0.256805419921875 -0.0803375244140625
-0.35791015625 0.066802978515625 0.63043212890625 -0.0123291015625
-0.533660888671875 0.181915283203125 0.3983154296875 -0.29022216796875
-0.395477294921875 0.238189697265625 0.529327392578125 -0.166656494140625
-0.3326416015625 0.3355712890625 0.40032958984375 -0.2509765625
-0.1512451171875 0.366424560546875 0.16107177734375 -0.318878173828125
-0.05950927734375 0.41571044921875 -0.12042236328125 -0.0830154418945312
0.170135498046875 0.3863525390625 -0.00395202636718747 0.212600708007813
0.333709716796875 0.34619140625 0.2642822265625 0.325042724609375
0.29351806640625 0.377349853515625 0.356292724609375 0.2919921875
0.362060546875 0.37841796875 0.433013916015625 0.34844970703125
0.22216796875 0.44921875 0.315673828125 0.402496337890625
0.050994873046875 0.5235595703125 0.113372802734375 0.3343505859375
-0.13720703125 0.52392578125 0.0203857421875 0.241180419921875
-0.459442138671875 0.390472412109375 0.0107269287109375 0.11669921875
-0.5174560546875 0.31103515625 0.181167602539062 -0.00598144531249998
-0.5609130859375 0.1700439453125 0.472381591796875 0.012359619140625
-0.66546630859375 0.27996826171875 0.209884643554688 -0.1956787109375
-0.500640869140625 0.332427978515625 0.45294189453125 -0.06396484375
-0.439117431640625 0.419891357421875 0.40399169921875 -0.236602783203125
-0.241912841796875 0.46319580078125 0.173919677734375 -0.349639892578125
-0.15423583984375 0.5472412109375 -0.121047973632813 -0.171463012695312
0.16363525390625 0.57037353515625 -0.0543899536132812 0.0844955444335938
0.4012451171875 0.510040283203125 0.118621826171875 0.18743896484375
0.3670654296875 0.524871826171875 0.1805419921875 0.1529541015625
0.46966552734375 0.5205078125 0.273345947265625 0.197357177734375
0.299072265625 0.59027099609375 0.228500366210938 0.229705810546875
0.0743408203125001 0.67822265625 0.0894622802734375 0.214202880859375
-0.14410400390625 0.64801025390625 0.035400390625 0.207855224609375
-0.517608642578125 0.47979736328125 -0.0111846923828125 0.180511474609375
-0.56695556640625 0.4024658203125 0.0605621337890625 0.104698181152344
-0.66436767578125 0.2601318359375 0.2518310546875 0.0654449462890625
-0.68756103515625 0.32098388671875 -0.0353775024414063 -0.0903091430664062
-0.523712158203125 0.345916748046875 0.31036376953125 0.03363037109375
-0.500732421875 0.410247802734375 0.35321044921875 -0.21368408203125
-0.330230712890625 0.489044189453125 0.1630859375 -0.36444091796875
-0.24407958984375 0.616943359375 -0.108688354492188 -0.273406982421875
0.136474609375 0.68280029296875 -0.106773376464844 -0.092742919921875
0.41400146484375 0.60186767578125 -0.0564842224121093 0.00275421142578129
0.3829345703125 0.594970703125 -0.02532958984375 -0.0111923217773437
0.49908447265625 0.58062744140625 0.07550048828125 0.0325927734375
0.31475830078125 0.6295166015625 0.103927612304688 0.051239013671875
0.0716552734375 0.7056884765625 0.0439834594726562 0.0943069458007813
-0.134033203125 0.6385498046875 0.03350830078125 0.178314208984375
-0.476715087890625 0.4678955078125 -0.046905517578125 0.251693725585938
-0.5076904296875 0.421142578125 -0.080108642578125 0.230316162109375
-0.65716552734375 0.31610107421875 0.00343322753906247 0.140350341796875
-0.5875244140625 0.2998046875 -0.286956787109375 0.00198364257812504
-0.454742431640625 0.279388427734375 0.1209716796875 0.108741760253906
-0.488189697265625 0.309356689453125 0.25921630859375 -0.172714233398437
-0.373626708984375 0.42864990234375 0.139984130859375 -0.3544921875
-0.28875732421875 0.59014892578125 -0.0794677734375 -0.375
0.09814453125 0.6885986328125 -0.15948486328125 -0.29193115234375
0.3712158203125 0.59332275390625 -0.240097045898438 -0.196914672851562
0.341064453125 0.5699462890625 -0.228546142578125 -0.171783447265625
0.44036865234375 0.555511474609375 -0.119781494140625 -0.125633239746094
0.25567626953125 0.5699462890625 -0.0160140991210937 -0.107963562011719
0.0231323242187499 0.60357666015625 0.00882148742675781 -0.00233745574951168
-0.12835693359375 0.4967041015625 0.0229949951171875 0.1632080078125
-0.358795166015625 0.353271484375 -0.10125732421875 0.312530517578125
-0.370147705078125 0.368682861328125 -0.22100830078125 0.331451416015625
-0.552093505859375 0.327239990234375 -0.2301025390625 0.221817016601563
-0.384735107421875 0.2354736328125 -0.499237060546875 0.066375732421875
-0.3045654296875 0.1778564453125 -0.07293701171875 0.152664184570313
-0.377532958984375 0.16546630859375 0.154281616210937 -0.12176513671875
-0.330810546875 0.2996826171875 0.11822509765625 -0.327301025390625
-0.2640380859375 0.45855712890625 -0.0413818359375 -0.45831298828125
0.05987548828125 0.56744384765625 -0.21392822265625 -0.47332763671875
0.27294921875 0.485015869140625 -0.408935546875 -0.368682861328125
0.2449951171875 0.45733642578125 -0.39898681640625 -0.301239013671875
0.30706787109375 0.4498291015625 -0.271621704101562 -0.258712768554688
0.1439208984375 0.433746337890625 -0.093475341796875 -0.2288818359375
-0.042877197265625 0.41168212890625 0.00624465942382813 -0.05718994140625
-0.11444091796875 0.283966064453125 0.00755310058593751 0.171340942382813
-0.198532104492187 0.192901611328125 -0.175567626953125 0.345001220703125
-0.197250366210938 0.270599365234375 -0.34539794921875 0.380889892578125
-0.38006591796875 0.290557861328125 -0.416473388671875 0.293792724609375
-0.119049072265625 0.143478393554687 -0.63330078125 0.0975341796875001
-0.100456237792969 0.07989501953125 -0.222320556640625 0.167129516601563
-0.173812866210938 0.0243988037109375 0.074066162109375 -0.0785293579101563
-0.199600219726563 0.123336791992188 0.096038818359375 -0.3026123046875
-0.174957275390625 0.241104125976562 -0.0174560546875 -0.504486083984375
0.01605224609375 0.341033935546875 -0.2713623046875 -0.5909423828125
0.1285400390625 0.29327392578125 -0.53631591796875 -0.4779052734375
0.1121826171875 0.275054931640625 -0.507080078125 -0.383453369140625
0.13165283203125 0.28533935546875 -0.358856201171875 -0.3515625
0.0245208740234375 0.247482299804687 -0.11712646484375 -0.299835205078125
-0.0881805419921875 0.188308715820313 0.02947998046875 -0.0668907165527344
-0.0797271728515625 0.0721054077148438 -0.02032470703125 0.19415283203125
-0.0356292724609375 0.0466270446777344 -0.26690673828125 0.33905029296875
-0.0301513671875 0.15411376953125 -0.445404052734375 0.3720703125
-0.169631958007813 0.206512451171875 -0.540130615234375 0.34478759765625
-0.0989532470703125 -0.088470458984375 0.520477294921875 -0.3856201171875
-0.102569580078125 -0.0288238525390625 0.501983642578125 -0.339447021484375
-0.0932388305664063 0.0669174194335938 0.268035888671875 -0.31268310546875
-0.00976562499999999 0.0905990600585938 0.04754638671875 -0.251495361328125
0.0709991455078125 0.0643081665039063 -0.100791931152344 0.04974365234375
0.07470703125 -0.04296875 0.07733154296875 0.317474365234375
0.0497627258300781 -0.0629386901855469 0.412139892578125 0.39794921875
0.029144287109375 -0.0464286804199219 0.517364501953125 0.394378662109375
0.02691650390625 -0.0719375610351562 0.542633056640625 0.48193359375
0.046783447265625 -0.0411338806152344 0.33404541015625 0.58489990234375
0.0800857543945313 -0.002716064453125 0.09844970703125 0.475311279296875
0.0428085327148437 0.0874786376953125 -0.024688720703125 0.2840576171875
-0.0507583618164062 0.122627258300781 0.00547027587890624 0.0638809204101563
-0.119117736816406 0.073150634765625 0.256195068359375 -0.111419677734375
-0.0895156860351563 -0.0279541015625 0.67572021484375 -0.0311279296875
-0.32208251953125 0.060028076171875 0.492218017578125 -0.36041259765625
-0.24090576171875 0.105575561523437 0.5242919921875 -0.271270751953125
-0.204421997070312 0.204971313476563 0.3338623046875 -0.27880859375
-0.068878173828125 0.23150634765625 0.1024169921875 -0.28167724609375
0.0246734619140625 0.245635986328125 -0.116493225097656 -0.00251007080078123
0.142318725585938 0.16644287109375 0.040863037109375 0.286529541015625
0.209152221679688 0.133529663085938 0.364166259765625 0.381988525390625
0.175628662109375 0.168807983398438 0.469573974609375 0.363128662109375
0.202377319335937 0.160873413085938 0.52545166015625 0.43316650390625
0.127731323242187 0.21826171875 0.352020263671875 0.516021728515625
0.04803466796875 0.269805908203125 0.119232177734375 0.420989990234375
-0.0716552734375 0.312164306640625 0.00697326660156253 0.267303466796875
-0.281982421875 0.254608154296875 0.0268020629882812 0.0806350708007813
-0.34173583984375 0.191741943359375 0.253250122070313 -0.0775909423828125
-0.352020263671875 0.0757751464843749 0.61773681640625 -0.0250244140625
-0.523040771484375 0.194732666015625 0.385986328125 -0.29498291015625
-0.3828125 0.241241455078125 0.506011962890625 -0.185028076171875
-0.317108154296875 0.3406982421875 0.3720703125 -0.257049560546875
-0.139007568359375 0.36151123046875 0.1392822265625 -0.31396484375
-0.046112060546875 0.408782958984375 -0.1260986328125 -0.0714035034179687
0.17266845703125 0.370941162109375 -0.00434875488281251 0.210067749023438
0.33026123046875 0.323760986328125 0.2620849609375 0.309722900390625
0.295257568359375 0.36322021484375 0.3504638671875 0.27545166015625
0.36175537109375 0.35809326171875 0.4326171875 0.325836181640625
0.225128173828125 0.432281494140625 0.320709228515625 0.38262939453125
0.0607604980468749 0.508575439453125 0.1241455078125 0.3258056640625
-0.123016357421875 0.51690673828125 0.03759765625 0.241134643554688
-0.440185546875 0.395477294921875 0.0250625610351562 0.123077392578125
-0.493377685546875 0.31573486328125 0.182647705078125 -0.00480651855468748
-0.55126953125 0.18182373046875 0.4615478515625 0.00354003906250001
-0.65582275390625 0.2919921875 0.20379638671875 -0.196182250976563
-0.488555908203125 0.33648681640625 0.436431884765625 -0.08282470703125
-0.42144775390625 0.42962646484375 0.376007080078125 -0.240478515625
-0.226959228515625 0.45953369140625 0.15118408203125 -0.34600830078125
-0.1351318359375 0.54443359375 -0.129837036132812 -0.15887451171875
0.172882080078125 0.54931640625 -0.0570068359375 0.0840301513671875
0.4017333984375 0.482879638671875 0.115676879882813 0.17864990234375
0.371612548828125 0.504180908203125 0.17474365234375 0.145172119140625
0.4700927734375 0.491607666015625 0.272232055664063 0.181488037109375
0.30523681640625 0.56475830078125 0.23046875 0.213897705078125
0.08868408203125 0.658935546875 0.097137451171875 0.2073974609375
-0.12542724609375 0.63995361328125 0.0520782470703125 0.206863403320313
-0.495147705078125 0.488433837890625 0.00733947753906247 0.184417724609375
-0.54266357421875 0.4039306640625 0.068695068359375 0.106025695800781
-0.65362548828125 0.27349853515625 0.246429443359375 0.0615386962890625
-0.67694091796875 0.32940673828125 -0.0338668823242188 -0.0862960815429687
-0.51190185546875 0.3492431640625 0.30023193359375 0.017181396484375
-0.48736572265625 0.42132568359375 0.3271484375 -0.219879150390625
-0.3134765625 0.489715576171875 0.139129638671875 -0.361358642578125
-0.220947265625 0.61474609375 -0.12200927734375 -0.261016845703125
0.150390625 0.66168212890625 -0.113693237304687 -0.0894012451171874
0.41790771484375 0.57073974609375 -0.0597610473632812 0.00415420532226566
0.38818359375 0.57037353515625 -0.0290908813476562 -0.00863647460937497
0.4996337890625 0.54974365234375 0.0745391845703125 0.02557373046875
0.32171630859375 0.60028076171875 0.103797912597656 0.0414810180664063
0.08740234375 0.6846923828125 0.049102783203125 0.090118408203125
-0.11572265625 0.6292724609375 0.0492706298828125 0.17578125
-0.456298828125 0.474884033203125 -0.025299072265625 0.252838134765625
-0.48699951171875 0.422119140625 -0.0654296875 0.23187255859375
-0.64520263671875 0.32586669921875 0.00444030761718746 0.140625
-0.57879638671875 0.30322265625 -0.278228759765625 0.00979614257812504
-0.446075439453125 0.2822265625 0.118759155273437 0.096282958984375
-0.478057861328125 0.3214111328125 0.237411499023437 -0.178924560546875
-0.3565673828125 0.432373046875 0.117645263671875 -0.352752685546875
-0.26629638671875 0.591796875 -0.096343994140625 -0.3641357421875
0.11474609375 0.667724609375 -0.171417236328125 -0.2845458984375
0.37615966796875 0.56427001953125 -0.244094848632812 -0.184219360351563
0.34588623046875 0.5484619140625 -0.2305908203125 -0.159042358398437
0.44158935546875 0.526123046875 -0.119918823242188 -0.123519897460937
0.26019287109375 0.544158935546875 -0.0177230834960937 -0.112167358398437
0.0384521484375 0.58642578125 0.0121231079101563 -0.00395584106445309
-0.11260986328125 0.490997314453125 0.0376129150390625 0.160186767578125
-0.344482421875 0.359283447265625 -0.077484130859375 0.311370849609375
-0.35626220703125 0.3665771484375 -0.2000732421875 0.334625244140625
-0.5416259765625 0.334686279296875 -0.222503662109375 0.226058959960938
-0.380950927734375 0.232696533203125 -0.48590087890625 0.0777282714843751
-0.300994873046875 0.179168701171875 -0.0690460205078125 0.1436767578125
-0.371734619140625 0.1766357421875 0.136962890625 -0.128555297851563
-0.316497802734375 0.30401611328125 0.09710693359375 -0.32684326171875
-0.245025634765625 0.459991455078125 -0.0614013671875 -0.448028564453125
0.074371337890625 0.55120849609375 -0.2298583984375 -0.461181640625
0.27886962890625 0.459259033203125 -0.411529541015625 -0.346893310546875
0.252197265625 0.44000244140625 -0.39825439453125 -0.2811279296875
0.309967041015625 0.42852783203125 -0.271697998046875 -0.24908447265625
0.1512451171875 0.412750244140625 -0.0957794189453125 -0.227386474609375
-0.029052734375 0.40155029296875 0.00901031494140625 -0.0590095520019531
-0.104034423828125 0.282073974609375 0.0207366943359375 0.166580200195313
-0.193023681640625 0.197113037109375 -0.151458740234375 0.344085693359375
-0.189895629882812 0.2662353515625 -0.3204345703125 0.386688232421875
-0.372314453125 0.292236328125 -0.40283203125 0.302215576171875
-0.120170593261719 0.13677978515625 -0.6163330078125 0.1104736328125
-0.100067138671875 0.078887939453125 -0.214569091796875 0.162139892578125
-0.174057006835938 0.03094482421875 0.05902099609375 -0.0858230590820313
-0.191787719726563 0.1279296875 0.07501220703125 -0.30206298828125
-0.163330078125 0.24310302734375 -0.0391845703125 -0.494232177734375
0.02557373046875 0.33154296875 -0.2879638671875 -0.572998046875
0.13311767578125 0.279373168945312 -0.5374755859375 -0.448577880859375
0.117095947265625 0.264984130859375 -0.503631591796875 -0.357696533203125
0.134750366210937 0.273757934570313 -0.358856201171875 -0.337066650390625
0.0302886962890625 0.237808227539062 -0.1207275390625 -0.295989990234375
-0.07928466796875 0.185928344726563 0.0312957763671875 -0.0695114135742187
-0.07635498046875 0.0750885009765625 -0.0073699951171875 0.1885986328125
-0.0383987426757812 0.0483894348144531 -0.241302490234375 0.340301513671875
-0.0317230224609375 0.148849487304688 -0.418914794921875 0.380340576171875
-0.166275024414063 0.203582763671875 -0.5220947265625 0.353790283203125
-0.098602294921875 -0.0832290649414062 0.520416259765625 -0.39300537109375
-0.100357055664062 -0.0294036865234375 0.4898681640625 -0.350860595703125
-0.0899658203125 0.0658721923828125 0.25665283203125 -0.316253662109375
-0.00792694091796875 0.089447021484375 0.0374603271484375 -0.249404907226563
0.0727462768554688 0.0618667602539063 -0.103836059570313 0.0562057495117188
0.072357177734375 -0.0445709228515625 0.076446533203125 0.322723388671875
0.0470085144042969 -0.062042236328125 0.4154052734375 0.39166259765625
0.0283470153808594 -0.0453681945800781 0.520233154296875 0.38665771484375
0.0256881713867188 -0.0716094970703125 0.548492431640625 0.47332763671875
0.0453033447265625 -0.0405120849609375 0.343994140625 0.5804443359375
0.07781982421875 -0.00289154052734375 0.106903076171875 0.47674560546875
0.0441436767578125 0.0881271362304688 -0.01348876953125 0.289337158203125
-0.0470809936523438 0.1219482421875 0.0117874145507813 0.0727920532226563
-0.112876892089844 0.0742645263671875 0.257797241210937 -0.10711669921875
-0.0898895263671875 -0.0249481201171875 0.677734375 -0.03558349609375
-0.323638916015625 0.068084716796875 0.492523193359375 -0.368682861328125
-0.23895263671875 0.107574462890625 0.511016845703125 -0.284271240234375
-0.199295043945313 0.20831298828125 0.3214111328125 -0.281280517578125
-0.066009521484375 0.231552124023438 0.0923309326171875 -0.27984619140625
0.028350830078125 0.24505615234375 -0.12042236328125 0.00509643554687501
0.1407470703125 0.162643432617188 0.040130615234375 0.29107666015625
0.20654296875 0.130401611328125 0.364837646484375 0.377349853515625
0.176605224609375 0.1685791015625 0.469268798828125 0.355712890625
0.2032470703125 0.158035278320312 0.530792236328125 0.4246826171875
0.128021240234375 0.2178955078125 0.360382080078125 0.512298583984375
0.048614501953125 0.2689208984375 0.127685546875 0.42279052734375
-0.069305419921875 0.314910888671875 0.019500732421875 0.272720336914063
-0.278884887695313 0.25897216796875 0.0360107421875 0.08843994140625
-0.335418701171875 0.193115234375 0.256256103515625 -0.0742645263671875
-0.3553466796875 0.081817626953125 0.61688232421875 -0.02862548828125
-0.52813720703125 0.20550537109375 0.387359619140625 -0.3006591796875
-0.38360595703125 0.246490478515625 0.4964599609375 -0.1983642578125
-0.31280517578125 0.34918212890625 0.359893798828125 -0.25830078125
-0.13580322265625 0.362884521484375 0.12725830078125 -0.3126220703125
-0.03863525390625 0.410980224609375 -0.1307373046875 -0.063232421875
0.174072265625 0.367034912109375 -0.00683593749999997 0.213973999023438
0.329254150390625 0.318511962890625 0.26031494140625 0.305267333984375
0.298126220703125 0.36090087890625 0.3485107421875 0.2718505859375
0.363555908203125 0.35272216796875 0.435394287109375 0.31756591796875
0.225128173828125 0.42816162109375 0.326446533203125 0.376983642578125
0.06353759765625 0.506195068359375 0.13116455078125 0.326629638671875
-0.11956787109375 0.5201416015625 0.051055908203125 0.244842529296875
-0.436431884765625 0.402069091796875 0.03717041015625 0.128829956054688
-0.48583984375 0.31658935546875 0.1881103515625 -0.00234985351562498
-0.55816650390625 0.189788818359375 0.46307373046875 0.00161743164062501
-0.6632080078125 0.3023681640625 0.205520629882812 -0.1988525390625
-0.490081787109375 0.343109130859375 0.42852783203125 -0.095062255859375
-0.420013427734375 0.440216064453125 0.36370849609375 -0.243682861328125
-0.22344970703125 0.465087890625 0.138153076171875 -0.344818115234375
-0.12744140625 0.5501708984375 -0.13763427734375 -0.151107788085937
0.176239013671875 0.54669189453125 -0.061981201171875 0.086151123046875
0.402496337890625 0.47259521484375 0.11297607421875 0.176834106445313
0.375823974609375 0.501007080078125 0.171615600585938 0.144195556640625
0.473358154296875 0.482696533203125 0.273361206054688 0.175033569335938
0.30584716796875 0.55865478515625 0.233139038085938 0.207656860351563
0.09429931640625 0.65521240234375 0.103225708007813 0.2071533203125
-0.1207275390625 0.642578125 0.066009521484375 0.209014892578125
-0.491455078125 0.496002197265625 0.0216979980468749 0.1881103515625
-0.538238525390625 0.40655517578125 0.0757293701171875 0.108154296875
-0.65936279296875 0.282470703125 0.246871948242188 0.0621490478515625
-0.68707275390625 0.3365478515625 -0.0317153930664063 -0.0847091674804687
-0.517181396484375 0.3544921875 0.29595947265625 0.00820922851562502
-0.485382080078125 0.43463134765625 0.31451416015625 -0.22161865234375
-0.3094482421875 0.496063232421875 0.125762939453125 -0.3616943359375
-0.21240234375 0.6248779296875 -0.131195068359375 -0.255859375
0.15625 0.657470703125 -0.121192932128906 -0.0878448486328124
0.42108154296875 0.56048583984375 -0.0648956298828125 0.00554656982421879
0.3948974609375 0.56781005859375 -0.0337295532226562 -0.00568389892578122
0.50347900390625 0.540374755859375 0.07366943359375 0.01995849609375
0.32183837890625 0.59271240234375 0.104103088378906 0.0349884033203125
0.093994140625 0.68194580078125 0.0538864135742188 0.089508056640625
-0.11090087890625 0.6322021484375 0.0623016357421875 0.176773071289063
-0.452972412109375 0.48388671875 -0.00965881347656255 0.255233764648438
-0.483734130859375 0.423828125 -0.056793212890625 0.235671997070313
-0.65380859375 0.33685302734375 0.00411987304687496 0.143661499023438
-0.58978271484375 0.30853271484375 -0.277145385742188 0.014678955078125
-0.452239990234375 0.284912109375 0.116600036621094 0.0901260375976563
-0.47979736328125 0.33465576171875 0.224517822265625 -0.181671142578125
-0.35198974609375 0.439178466796875 0.103790283203125 -0.354888916015625
-0.2578125 0.601318359375 -0.1090087890625 -0.360260009765625
0.1212158203125 0.6641845703125 -0.18206787109375 -0.283416748046875
0.380767822265625 0.552886962890625 -0.249847412109375 -0.178680419921875
0.353485107421875 0.54473876953125 -0.234619140625 -0.152755737304687
0.44378662109375 0.5174560546875 -0.122161865234375 -0.126853942871094
0.262664794921875 0.536529541015625 -0.01898193359375 -0.117637634277344
0.04656982421875 0.58331298828125 0.0158357620239258 -0.00495243072509762
-0.106231689453125 0.49371337890625 0.0490264892578125 0.15985107421875
-0.3448486328125 0.3673095703125 -0.06201171875 0.3131103515625
-0.355010986328125 0.3675537109375 -0.190216064453125 0.33941650390625
-0.547271728515625 0.342620849609375 -0.223800659179688 0.231689453125
-0.389190673828125 0.2337646484375 -0.4854736328125 0.0849609375
-0.30615234375 0.180145263671875 -0.0696487426757813 0.139778137207031
-0.37420654296875 0.187835693359375 0.125099182128906 -0.131271362304688
-0.31390380859375 0.30950927734375 0.08367919921875 -0.329681396484375
-0.23809814453125 0.4676513671875 -0.0740966796875 -0.446075439453125
0.08050537109375 0.54705810546875 -0.242095947265625 -0.459259033203125
0.28167724609375 0.450958251953125 -0.4189453125 -0.33807373046875
0.2557373046875 0.43621826171875 -0.401763916015625 -0.271148681640625
0.312164306640625 0.421417236328125 -0.275222778320313 -0.249755859375
0.152496337890625 0.406585693359375 -0.0984039306640625 -0.232009887695312
-0.024383544921875 0.399627685546875 0.0117073059082031 -0.0610084533691406
-0.100921630859375 0.285064697265625 0.0309600830078125 0.165359497070313
-0.19464111328125 0.203338623046875 -0.13671875 0.34619140625
-0.192169189453125 0.265960693359375 -0.311004638671875 0.39288330078125
-0.377105712890625 0.298095703125 -0.40386962890625 0.309661865234375
-0.127082824707031 0.133941650390625 -0.61639404296875 0.1185302734375
-0.10369873046875 0.0780487060546875 -0.214126586914063 0.158905029296875
-0.176422119140625 0.036224365234375 0.0474395751953125 -0.0896682739257813
-0.189590454101563 0.132553100585938 0.062530517578125 -0.305328369140625
-0.158721923828125 0.24755859375 -0.052093505859375 -0.49578857421875
0.029937744140625 0.32965087890625 -0.30194091796875 -0.56915283203125
0.136428833007813 0.274154663085938 -0.543121337890625 -0.436248779296875
0.119964599609375 0.26336669921875 -0.5062255859375 -0.348663330078125
0.13653564453125 0.271209716796875 -0.36224365234375 -0.336029052734375
0.031097412109375 0.233352661132813 -0.12457275390625 -0.299835205078125
-0.0757293701171875 0.186325073242188 0.0340652465820312 -0.0728225708007813
-0.0753250122070313 0.0779037475585938 0.00105285644531249 0.186279296875
-0.042022705078125 0.0514488220214844 -0.227569580078125 0.34381103515625
-0.0362396240234375 0.147552490234375 -0.40802001953125 0.388824462890625
-0.16888427734375 0.204269409179688 -0.521636962890625 0.3624267578125
-0.100967407226563 -0.0796432495117187 0.53021240234375 -0.41644287109375
-0.101966857910156 -0.0298614501953125 0.486602783203125 -0.37548828125
-0.0898208618164063 0.067626953125 0.2496337890625 -0.327789306640625
-0.00658416748046874 0.090789794921875 0.0276336669921875 -0.254119873046875
0.077056884765625 0.0604629516601563 -0.107498168945312 0.0644378662109375
0.071502685546875 -0.0476303100585938 0.082763671875 0.334808349609375
0.0445632934570313 -0.0637893676757813 0.43115234375 0.393463134765625
0.0289382934570313 -0.0453987121582031 0.53759765625 0.385467529296875
0.0248336791992188 -0.0734100341796875 0.57598876953125 0.47412109375
0.0450935363769531 -0.0411109924316406 0.36871337890625 0.5889892578125
0.078094482421875 -0.0035552978515625 0.123382568359375 0.4888916015625
0.047698974609375 0.0907211303710938 -0.000335693359374966 0.30072021484375
-0.0445175170898438 0.124259948730469 0.0194854736328125 0.0824127197265625
-0.109794616699219 0.0762863159179687 0.265228271484375 -0.108001708984375
-0.0926971435546875 -0.021331787109375 0.696044921875 -0.04913330078125
-0.333404541015625 0.08026123046875 0.503173828125 -0.39068603515625
-0.243896484375 0.114044189453125 0.510528564453125 -0.30804443359375
-0.19915771484375 0.21759033203125 0.316436767578125 -0.293121337890625
-0.063323974609375 0.237319946289063 0.0828857421875 -0.28656005859375
0.036285400390625 0.250457763671875 -0.125778198242188 0.0131988525390625
0.1448974609375 0.16253662109375 0.04315185546875 0.30242919921875
0.210418701171875 0.129043579101563 0.3795166015625 0.378936767578125
0.184921264648438 0.170822143554687 0.483612060546875 0.3551025390625
0.210556030273438 0.157546997070313 0.5526123046875 0.42279052734375
0.132705688476563 0.221755981445313 0.381744384765625 0.517669677734375
0.051666259765625 0.274993896484375 0.142791748046875 0.433685302734375
-0.06573486328125 0.325927734375 0.034332275390625 0.2825927734375
-0.280593872070313 0.270706176757812 0.046478271484375 0.0961532592773438
-0.336883544921875 0.201629638671875 0.26544189453125 -0.0763092041015625
-0.366851806640625 0.0937805175781251 0.63409423828125 -0.03900146484375
-0.544189453125 0.225189208984375 0.39544677734375 -0.31829833984375
-0.389739990234375 0.260162353515625 0.495849609375 -0.21942138671875
-0.314666748046875 0.368011474609375 0.35552978515625 -0.268890380859375
-0.13214111328125 0.37628173828125 0.117218017578125 -0.31964111328125
-0.02960205078125 0.424591064453125 -0.138946533203125 -0.0561676025390625
0.18170166015625 0.37127685546875 -0.00689697265625 0.223785400390625
0.339080810546875 0.317596435546875 0.269500732421875 0.3067626953125
0.312347412109375 0.365753173828125 0.3582763671875 0.2725830078125
0.37847900390625 0.35186767578125 0.45343017578125 0.313385009765625
0.235809326171875 0.43408203125 0.34173583984375 0.378997802734375
0.0712890625 0.51776123046875 0.14483642578125 0.3343505859375
-0.11260986328125 0.53851318359375 0.067474365234375 0.25250244140625
-0.44122314453125 0.422882080078125 0.0504302978515625 0.135910034179688
-0.492431640625 0.332061767578125 0.197174072265625 -0.00270080566406248
-0.5753173828125 0.20928955078125 0.476715087890625 -0.00466918945312499
-0.68402099609375 0.326904296875 0.210342407226562 -0.20794677734375
-0.50128173828125 0.360626220703125 0.430511474609375 -0.110321044921875
-0.424560546875 0.466949462890625 0.3592529296875 -0.25341796875
-0.219696044921875 0.48291015625 0.125946044921875 -0.354034423828125
-0.115478515625 0.572021484375 -0.148574829101563 -0.146743774414062
0.188934326171875 0.554901123046875 -0.0660324096679687 0.0924072265625
0.417236328125 0.474334716796875 0.114486694335938 0.181045532226563
0.3948974609375 0.5074462890625 0.174560546875 0.147216796875
0.491973876953125 0.4840087890625 0.283538818359375 0.17010498046875
0.3194580078125 0.56591796875 0.243362426757813 0.205596923828125
0.10675048828125 0.66973876953125 0.113143920898437 0.211746215820313
-0.1114501953125 0.66510009765625 0.0828399658203125 0.21405029296875
-0.497039794921875 0.52105712890625 0.0367889404296875 0.19500732421875
-0.543243408203125 0.423828125 0.0843963623046875 0.112152099609375
-0.6822509765625 0.30828857421875 0.254257202148437 0.060882568359375
-0.70916748046875 0.36138916015625 -0.032257080078125 -0.0847549438476562
-0.531097412109375 0.372772216796875 0.2982177734375 -0.000946044921874977
-0.494781494140625 0.46453857421875 0.309478759765625 -0.229400634765625
-0.308868408203125 0.51776123046875 0.112457275390625 -0.3720703125
-0.2017822265625 0.65228271484375 -0.14666748046875 -0.255020141601562
0.17120361328125 0.66961669921875 -0.13153076171875 -0.087066650390625
0.437713623046875 0.561431884765625 -0.0708160400390625 0.00990295410156252
0.416748046875 0.5750732421875 -0.0383949279785156 -0.00113296508789059
0.523651123046875 0.54010009765625 0.0743179321289063 0.0144119262695313
0.3367919921875 0.59906005859375 0.106651306152344 0.0290908813476563
0.1083984375 0.69415283203125 0.0604705810546875 0.0904006958007813
-0.0987548828125 0.65301513671875 0.07904052734375 0.179443359375
-0.4583740234375 0.51019287109375 0.006072998046875 0.262451171875
-0.490631103515625 0.44134521484375 -0.0490570068359375 0.244064331054688
-0.67401123046875 0.36480712890625 0.00430297851562497 0.149673461914063
-0.60992431640625 0.32733154296875 -0.283203125 0.022918701171875
-0.467010498046875 0.301422119140625 0.118675231933594 0.086822509765625
-0.490814208984375 0.359649658203125 0.21832275390625 -0.187149047851562
-0.35479736328125 0.46044921875 0.0906982421875 -0.364166259765625
-0.24908447265625 0.62744140625 -0.125640869140625 -0.3642578125
0.13653564453125 0.67608642578125 -0.197601318359375 -0.28741455078125
0.396942138671875 0.554779052734375 -0.263290405273438 -0.17431640625
0.374603271484375 0.55010986328125 -0.245880126953125 -0.1466064453125
0.463775634765625 0.518890380859375 -0.130821228027344 -0.131546020507813
0.275726318359375 0.540863037109375 -0.0236129760742187 -0.125450134277344
0.0576171875000001 0.594970703125 0.0200786590576172 -0.00708770751953121
-0.098724365234375 0.510589599609375 0.0634765625 0.161483764648438
-0.3489990234375 0.388458251953125 -0.04754638671875 0.321807861328125
-0.361083984375 0.382354736328125 -0.183746337890625 0.353851318359375
-0.565185546875 0.366943359375 -0.228118896484375 0.245376586914063
-0.406097412109375 0.246368408203125 -0.496337890625 0.0984497070312501
-0.317413330078125 0.18994140625 -0.06976318359375 0.14117431640625
-0.38323974609375 0.20367431640625 0.116798400878906 -0.135391235351563
-0.314544677734375 0.32525634765625 0.0697021484374999 -0.339385986328125
-0.232147216796875 0.489410400390625 -0.093017578125 -0.4537353515625
0.094329833984375 0.55767822265625 -0.263336181640625 -0.465576171875
0.295806884765625 0.452606201171875 -0.43719482421875 -0.3331298828125
0.27264404296875 0.442962646484375 -0.416229248046875 -0.265289306640625
0.32611083984375 0.424346923828125 -0.29010009765625 -0.2540283203125
0.1600341796875 0.41082763671875 -0.107681274414062 -0.241180419921875
-0.0157470703125 0.408477783203125 0.0150184631347656 -0.0641860961914062
-0.09710693359375 0.295501708984375 0.0431671142578125 0.166473388671875
-0.19854736328125 0.21575927734375 -0.123931884765625 0.3570556640625
-0.19696044921875 0.275405883789063 -0.305877685546875 0.411285400390625
-0.388641357421875 0.315185546875 -0.41192626953125 0.32989501953125
-0.136772155761719 0.13739013671875 -0.6300048828125 0.1346435546875
-0.108406066894531 0.0811691284179688 -0.217330932617188 0.162063598632813
-0.182357788085938 0.043182373046875 0.0384521484375 -0.0936279296875
-0.190902709960938 0.14111328125 0.048431396484375 -0.314239501953125
-0.156524658203125 0.2601318359375 -0.071502685546875 -0.50518798828125
0.038177490234375 0.335205078125 -0.3262939453125 -0.57647705078125
0.143905639648438 0.275146484375 -0.56597900390625 -0.43206787109375
0.12890625 0.26727294921875 -0.5242919921875 -0.343292236328125
0.145660400390625 0.27471923828125 -0.38116455078125 -0.339385986328125
0.0345916748046875 0.237197875976563 -0.134857177734375 -0.30987548828125
-0.072662353515625 0.191207885742187 0.0375747680664063 -0.0788040161132812
-0.07525634765625 0.0828781127929688 0.0120086669921875 0.18927001953125
-0.0452880859375 0.0562896728515625 -0.217529296875 0.355987548828125
-0.0395050048828125 0.151885986328125 -0.40570068359375 0.4100341796875
-0.17352294921875 0.2135009765625 -0.532196044921875 0.383941650390625
-0.106613159179687 -0.0747146606445313 0.531707763671875 -0.459442138671875
-0.105972290039063 -0.028045654296875 0.47747802734375 -0.41314697265625
-0.0894241333007813 0.07220458984375 0.23687744140625 -0.349365234375
-0.00304412841796875 0.09344482421875 0.0118408203125 -0.26239013671875
0.083892822265625 0.0567779541015625 -0.110137939453125 0.0756607055664063
0.0690765380859375 -0.0529022216796875 0.09881591796875 0.348724365234375
0.0410194396972656 -0.0661048889160156 0.4613037109375 0.386077880859375
0.0279541015625 -0.0477561950683594 0.571044921875 0.37274169921875
0.02203369140625 -0.0772857666015625 0.6195068359375 0.46099853515625
0.0445709228515625 -0.0432052612304688 0.4130859375 0.5938720703125
0.0792617797851563 -0.00569915771484375 0.153350830078125 0.50311279296875
0.0532150268554688 0.09283447265625 0.020843505859375 0.3135986328125
-0.0386581420898437 0.128952026367188 0.0306167602539062 0.0912017822265625
-0.106452941894531 0.0818939208984375 0.27203369140625 -0.1185302734375
-0.0963211059570313 -0.0152206420898437 0.7210693359375 -0.083251953125
-0.342681884765625 0.103118896484375 0.50347900390625 -0.43133544921875
-0.247833251953125 0.128128051757812 0.50347900390625 -0.344879150390625
-0.195480346679688 0.235153198242188 0.30645751953125 -0.315155029296875
-0.0545501708984375 0.2479248046875 0.06719970703125 -0.297607421875
0.0517425537109375 0.256393432617188 -0.131134033203125 0.024017333984375
0.153915405273438 0.161163330078125 0.05572509765625 0.3160400390625
0.219497680664063 0.124435424804688 0.406005859375 0.374114990234375
0.1982421875 0.169754028320313 0.5137939453125 0.3450927734375
0.224090576171875 0.1524658203125 0.595703125 0.40948486328125
0.144927978515625 0.225189208984375 0.42254638671875 0.518035888671875
0.06341552734375 0.284088134765625 0.1719970703125 0.445037841796875
-0.0531005859375 0.341827392578125 0.057342529296875 0.29290771484375
-0.2791748046875 0.29296875 0.060028076171875 0.102424621582031
-0.337799072265625 0.2200927734375 0.2740478515625 -0.08770751953125
-0.378448486328125 0.117584228515625 0.6578369140625 -0.06976318359375
-0.55743408203125 0.263702392578125 0.397216796875 -0.350860595703125
-0.394683837890625 0.28680419921875 0.49285888671875 -0.253814697265625
-0.308837890625 0.39849853515625 0.34954833984375 -0.289764404296875
-0.119537353515625 0.394439697265625 0.1004638671875 -0.332763671875
-0.00698852539062497 0.44293212890625 -0.148712158203125 -0.045745849609375
0.201751708984375 0.375 3.05175781250362E-05 0.236007690429688
0.361053466796875 0.31256103515625 0.28973388671875 0.30694580078125
0.341522216796875 0.364654541015625 0.379791259765625 0.266571044921875
0.40673828125 0.34521484375 0.484130859375 0.300689697265625
0.260223388671875 0.440765380859375 0.37335205078125 0.375579833984375
0.09600830078125 0.53271484375 0.16839599609375 0.3416748046875
-0.09393310546875 0.5648193359375 0.0917205810546875 0.258773803710938
-0.43804931640625 0.4608154296875 0.06689453125 0.140975952148438
-0.49359130859375 0.3609619140625 0.206924438476562 -0.00990295410156248
-0.591796875 0.24951171875 0.49505615234375 -0.026885986328125
-0.70263671875 0.3768310546875 0.21087646484375 -0.22625732421875
-0.50750732421875 0.397430419921875 0.432952880859375 -0.138702392578125
-0.418701171875 0.50994873046875 0.35406494140625 -0.2723388671875
-0.205108642578125 0.51171875 0.107269287109375 -0.36761474609375
-0.089599609375 0.6009521484375 -0.16412353515625 -0.138458251953125
0.21881103515625 0.5645751953125 -0.0678176879882812 0.101249694824219
0.449188232421875 0.469512939453125 0.123687744140625 0.18402099609375
0.432861328125 0.5078125 0.18414306640625 0.147613525390625
0.529571533203125 0.475128173828125 0.2994384765625 0.158721923828125
0.35101318359375 0.57281494140625 0.260406494140625 0.198257446289063
0.1385498046875 0.68804931640625 0.131179809570313 0.21441650390625
-0.0839843750000001 0.6951904296875 0.105926513671875 0.216278076171875
-0.49346923828125 0.56842041015625 0.0558624267578125 0.200759887695313
-0.545379638671875 0.46173095703125 0.0965194702148437 0.113334655761719
-0.700439453125 0.358154296875 0.26556396484375 0.0522308349609375
-0.7310791015625 0.41290283203125 -0.0341873168945313 -0.0852737426757812
-0.539886474609375 0.411834716796875 0.30450439453125 -0.017730712890625
-0.491943359375 0.510223388671875 0.304840087890625 -0.245025634765625
-0.295135498046875 0.552886962890625 0.091888427734375 -0.385986328125
-0.17193603515625 0.689697265625 -0.16900634765625 -0.250640869140625
0.20806884765625 0.68487548828125 -0.144744873046875 -0.0825958251953125
0.474273681640625 0.558441162109375 -0.075469970703125 0.016845703125
0.45770263671875 0.5767822265625 -0.0417442321777343 0.00461959838867191
0.56573486328125 0.53369140625 0.0746536254882813 0.00820159912109378
0.37109375 0.6036376953125 0.109756469726563 0.02130126953125
0.143310546875 0.71221923828125 0.0707473754882813 0.09063720703125
-0.0709228515625 0.68304443359375 0.0993499755859375 0.179428100585938
-0.452972412109375 0.55303955078125 0.02685546875 0.2706298828125
-0.49102783203125 0.478179931640625 -0.0354766845703126 0.25665283203125
-0.68939208984375 0.415283203125 0.00941467285156247 0.158065795898438
-0.62994384765625 0.37017822265625 -0.289215087890625 0.03924560546875
-0.475799560546875 0.334259033203125 0.125480651855469 0.0820846557617188
-0.49420166015625 0.402008056640625 0.2125244140625 -0.1990966796875
-0.34490966796875 0.495025634765625 0.0682373046875 -0.37713623046875
-0.2249755859375 0.66741943359375 -0.152862548828125 -0.365814208984375
0.172119140625 0.69207763671875 -0.223480224609375 -0.287872314453125
0.432342529296875 0.552276611328125 -0.282012939453125 -0.163665771484375
0.415069580078125 0.5517578125 -0.2625732421875 -0.135635375976562
0.503082275390625 0.512786865234375 -0.145355224609375 -0.1336669921875
0.30523681640625 0.54541015625 -0.0330047607421875 -0.133407592773438
0.08758544921875 0.61138916015625 0.02490234375 -0.00885772705078121
-0.0766296386718749 0.534149169921875 0.082183837890625 0.160736083984375
-0.343841552734375 0.422882080078125 -0.02587890625 0.33306884765625
-0.360107421875 0.411956787109375 -0.169464111328125 0.376922607421875
-0.57513427734375 0.41290283203125 -0.228546142578125 0.268600463867188
-0.419097900390625 0.274078369140625 -0.507080078125 0.128143310546875
-0.325103759765625 0.210479736328125 -0.0659942626953125 0.145751953125
-0.3900146484375 0.2344970703125 0.109390258789062 -0.142257690429687
-0.309844970703125 0.3533935546875 0.0487060546875 -0.351043701171875
-0.2139892578125 0.522186279296875 -0.1239013671875 -0.46148681640625
0.12255859375 0.57220458984375 -0.29852294921875 -0.469085693359375
0.32427978515625 0.45123291015625 -0.468505859375 -0.31951904296875
0.303680419921875 0.44476318359375 -0.4423828125 -0.250701904296875
0.358001708984375 0.421417236328125 -0.315948486328125 -0.250762939453125
0.180450439453125 0.416015625 -0.125320434570313 -0.2498779296875
0.00320434570312504 0.4217529296875 0.0167007446289063 -0.0698509216308593
-0.08465576171875 0.31170654296875 0.060211181640625 0.167434692382813
-0.197738647460937 0.236846923828125 -0.104400634765625 0.372894287109375
-0.195343017578125 0.29437255859375 -0.29254150390625 0.441741943359375
-0.39190673828125 0.34637451171875 -0.415130615234375 0.36505126953125
-0.144058227539063 0.148544311523437 -0.6453857421875 0.1715087890625
-0.112510681152344 0.0883560180664062 -0.218841552734375 0.1734619140625
-0.188018798828125 0.055389404296875 0.0288543701171875 -0.0972366333007813
-0.189010620117188 0.155990600585937 0.027801513671875 -0.3243408203125
-0.146957397460937 0.27862548828125 -0.10235595703125 -0.5164794921875
0.055267333984375 0.34423828125 -0.36834716796875 -0.58050537109375
0.160430908203125 0.27520751953125 -0.60430908203125 -0.416259765625
0.146820068359375 0.26995849609375 -0.55560302734375 -0.3275146484375
0.163497924804688 0.27734375 -0.41387939453125 -0.335052490234375
0.045074462890625 0.241790771484375 -0.1561279296875 -0.31890869140625
-0.0648193359375 0.200042724609375 0.0387649536132813 -0.086761474609375
-0.072967529296875 0.09051513671875 0.0267791748046875 0.192047119140625
-0.0470237731933594 0.0631752014160156 -0.2012939453125 0.37689208984375
-0.03863525390625 0.15948486328125 -0.394866943359375 0.445159912109375
-0.1741943359375 0.228408813476562 -0.535980224609375 0.42901611328125
-0.112991333007813 -0.0669937133789063 0.512420654296875 -0.51177978515625
-0.110694885253906 -0.022705078125 0.450225830078125 -0.458526611328125
-0.0871505737304688 0.0800247192382813 0.209564208984375 -0.37066650390625
0.00200653076171874 0.0961990356445312 -0.0101318359375 -0.267440795898438
0.0901412963867188 0.04974365234375 -0.108535766601563 0.0882415771484375
0.0645713806152344 -0.05914306640625 0.1231689453125 0.355560302734375
0.0349960327148437 -0.0679893493652344 0.497039794921875 0.36090087890625
0.025665283203125 -0.0499916076660156 0.60736083984375 0.33782958984375
0.0160903930664062 -0.0804214477539063 0.6683349609375 0.42401123046875
0.0421066284179688 -0.04547119140625 0.46881103515625 0.57763671875
0.0798110961914063 -0.00945281982421875 0.19744873046875 0.504852294921875
0.06103515625 0.09210205078125 0.04998779296875 0.320068359375
-0.0295333862304687 0.132667541503906 0.0450210571289063 0.0960540771484375
-0.1007080078125 0.0887832641601562 0.272354125976563 -0.135665893554688
-0.0984115600585937 -0.00638580322265626 0.732666015625 -0.1368408203125
-0.343414306640625 0.133453369140625 0.484771728515625 -0.48016357421875
-0.245223999023437 0.147232055664063 0.480621337890625 -0.38916015625
-0.18377685546875 0.255935668945312 0.285308837890625 -0.33837890625
-0.04022216796875 0.25689697265625 0.043731689453125 -0.305877685546875
0.072601318359375 0.25628662109375 -0.133811950683594 0.03826904296875
0.165390014648437 0.153076171875 0.076873779296875 0.32440185546875
0.230087280273438 0.113006591796875 0.440338134765625 0.354583740234375
0.215255737304688 0.160491943359375 0.5484619140625 0.315277099609375
0.237930297851563 0.13922119140625 0.63714599609375 0.372314453125
0.16241455078125 0.221786499023438 0.4696044921875 0.500030517578125
0.082733154296875 0.28839111328125 0.21014404296875 0.4451904296875
-0.031463623046875 0.355499267578125 0.087310791015625 0.29473876953125
-0.26531982421875 0.319732666015625 0.0753173828125 0.103958129882813
-0.32928466796875 0.24462890625 0.276412963867188 -0.104949951171875
-0.381072998046875 0.15179443359375 0.66845703125 -0.11859130859375
-0.55615234375 0.315216064453125 0.382110595703125 -0.388580322265625
-0.385986328125 0.321929931640625 0.47772216796875 -0.295501708984375
-0.2867431640625 0.43292236328125 0.33197021484375 -0.3157958984375
-0.095703125 0.41259765625 0.073883056640625 -0.34326171875
0.027618408203125 0.452362060546875 -0.156982421875 -0.0308227539062499
0.230255126953125 0.366851806640625 0.01397705078125 0.244705200195313
0.386016845703125 0.295135498046875 0.315948486328125 0.295257568359375
0.37347412109375 0.349853515625 0.405548095703125 0.246917724609375
0.43658447265625 0.322296142578125 0.51666259765625 0.268768310546875
0.2940673828125 0.433990478515625 0.408294677734375 0.356353759765625
0.13165283203125 0.540740966796875 0.19970703125 0.33807373046875
-0.05712890625 0.58648681640625 0.12017822265625 0.256423950195313
-0.4176025390625 0.5037841796875 0.085662841796875 0.141143798828125
-0.481048583984375 0.399932861328125 0.213912963867187 -0.02191162109375
-0.5936279296875 0.3040771484375 0.50347900390625 -0.062774658203125
-0.69677734375 0.44158935546875 0.20220947265625 -0.247802734375
-0.496734619140625 0.442626953125 0.42596435546875 -0.172882080078125
-0.39129638671875 0.557098388671875 0.33837890625 -0.297393798828125
-0.17303466796875 0.539398193359375 0.078277587890625 -0.3790283203125
-0.04180908203125 0.623291015625 -0.1806640625 -0.123611450195312
0.26080322265625 0.56097412109375 -0.0659866333007813 0.110649108886719
0.4874267578125 0.44537353515625 0.13720703125 0.18170166015625
0.479461669921875 0.489776611328125 0.1971435546875 0.140899658203125
0.57177734375 0.44622802734375 0.31585693359375 0.13800048828125
0.394989013671875 0.561065673828125 0.27978515625 0.1827392578125
0.18792724609375 0.6939697265625 0.152450561523438 0.21002197265625
-0.03790283203125 0.7183837890625 0.132369995117188 0.210540771484375
-0.465576171875 0.61920166015625 0.078582763671875 0.200729370117188
-0.52667236328125 0.508087158203125 0.10882568359375 0.110313415527344
-0.695556640625 0.42266845703125 0.273696899414062 0.0364837646484375
-0.72540283203125 0.479736328125 -0.0381011962890625 -0.0835647583007812
-0.528564453125 0.4600830078125 0.305755615234375 -0.041534423828125
-0.46820068359375 0.56427001953125 0.291961669921875 -0.265472412109375
-0.26251220703125 0.58837890625 0.06036376953125 -0.395965576171875
-0.12091064453125 0.72119140625 -0.194122314453125 -0.237152099609375
0.25909423828125 0.6839599609375 -0.158432006835938 -0.0731658935546874
0.52093505859375 0.535491943359375 -0.0774688720703125 0.0261688232421875
0.5115966796875 0.554840087890625 -0.0426025390625 0.012542724609375
0.61395263671875 0.50164794921875 0.0728607177734376 4.57763671875307E-05
0.41705322265625 0.59161376953125 0.110916137695313 0.0109710693359375
0.194091796875 0.71875 0.083038330078125 0.086669921875
-0.0229492187500001 0.705078125 0.123321533203125 0.171127319335938
-0.4248046875 0.6033935546875 0.0531768798828125 0.272659301757813
-0.471099853515625 0.521881103515625 -0.0150299072265625 0.265701293945313
-0.6820068359375 0.4820556640625 0.0185089111328125 0.163742065429688
-0.62713623046875 0.427978515625 -0.290557861328125 0.062774658203125
-0.46990966796875 0.374725341796875 0.132278442382812 0.0717620849609375
-0.4774169921875 0.453765869140625 0.201416015625 -0.212753295898438
-0.3167724609375 0.53179931640625 0.038055419921875 -0.385467529296875
-0.17578125 0.70220947265625 -0.186767578125 -0.35595703125
0.2239990234375 0.69537353515625 -0.25274658203125 -0.27752685546875
0.476776123046875 0.53240966796875 -0.2994384765625 -0.1436767578125
0.46258544921875 0.534820556640625 -0.276992797851563 -0.115219116210937
0.546295166015625 0.486968994140625 -0.162979125976562 -0.126708984375
0.34588623046875 0.53466796875 -0.0462188720703125 -0.137748718261719
0.1326904296875 0.61712646484375 0.02923583984375 -0.0132255554199218
-0.03863525390625 0.550933837890625 0.10272216796875 0.1536865234375
-0.322540283203125 0.4609375 0.00329589843749998 0.340850830078125
-0.341644287109375 0.446136474609375 -0.142730712890625 0.397705078125
-0.56390380859375 0.46783447265625 -0.217071533203125 0.295501708984375
-0.420166015625 0.31317138671875 -0.506866455078125 0.168121337890625
-0.323211669921875 0.2376708984375 -0.0574798583984375 0.148468017578125
-0.383758544921875 0.271820068359375 0.0995635986328125 -0.149063110351562
-0.29046630859375 0.383758544921875 0.019927978515625 -0.35650634765625
-0.176788330078125 0.550628662109375 -0.163330078125 -0.456817626953125
0.16546630859375 0.5731201171875 -0.343475341796875 -0.457305908203125
0.3599853515625 0.43536376953125 -0.500457763671875 -0.288665771484375
0.34161376953125 0.431549072265625 -0.4688720703125 -0.22027587890625
0.3939208984375 0.404144287109375 -0.3458251953125 -0.233489990234375
0.21197509765625 0.410491943359375 -0.149459838867188 -0.249984741210937
0.034271240234375 0.428253173828125 0.0163345336914063 -0.0757904052734375
-0.062957763671875 0.323883056640625 0.0793304443359375 0.16241455078125
-0.187149047851563 0.260711669921875 -0.07415771484375 0.386688232421875
-0.18280029296875 0.31500244140625 -0.261810302734375 0.47320556640625
-0.380462646484375 0.3857421875 -0.400543212890625 0.40863037109375
-0.144668579101563 0.163162231445312 -0.64569091796875 0.22271728515625
-0.112411499023437 0.0982894897460937 -0.21160888671875 0.1873779296875
-0.189102172851563 0.0719757080078125 0.0184783935546875 -0.100425720214844
-0.179534912109375 0.173477172851563 0.000579833984375001 -0.327850341796875
-0.12689208984375 0.2969970703125 -0.146759033203125 -0.515411376953125
0.08184814453125 0.345245361328125 -0.419189453125 -0.5653076171875
0.181732177734375 0.266525268554688 -0.64459228515625 -0.377197265625
0.169265747070313 0.264739990234375 -0.58856201171875 -0.291748046875
0.186782836914063 0.270782470703125 -0.449615478515625 -0.309844970703125
0.061370849609375 0.242767333984375 -0.18572998046875 -0.3179931640625
-0.050567626953125 0.2080078125 0.0370101928710938 -0.0955886840820312
-0.06610107421875 0.0969085693359375 0.04571533203125 0.190689086914063
-0.0452957153320313 0.0709915161132813 -0.17376708984375 0.397552490234375
-0.0316925048828125 0.166748046875 -0.36590576171875 0.48297119140625
-0.164596557617188 0.245712280273437 -0.518890380859375 0.4813232421875
-0.116401672363281 -0.055999755859375 0.470977783203125 -0.550323486328125
-0.112571716308594 -0.0152130126953125 0.4036865234375 -0.48516845703125
-0.0812606811523437 0.0863876342773438 0.175750732421875 -0.3778076171875
0.00741577148437501 0.096710205078125 -0.033721923828125 -0.263092041015625
0.0929336547851563 0.0404281616210938 -0.102806091308594 0.0984420776367188
0.0574760437011719 -0.0630378723144531 0.14959716796875 0.350616455078125
0.0290985107421875 -0.0675315856933594 0.5191650390625 0.3221435546875
0.0218582153320312 -0.0502471923828125 0.624755859375 0.28955078125
0.0086822509765625 -0.0803451538085938 0.6942138671875 0.3641357421875
0.0385475158691406 -0.047149658203125 0.512359619140625 0.537567138671875
0.0780487060546875 -0.0133209228515625 0.237213134765625 0.48797607421875
0.0673828125 0.08831787109375 0.079315185546875 0.31353759765625
-0.0198898315429687 0.132843017578125 0.0584335327148438 0.0950698852539063
-0.0912704467773438 0.0930328369140625 0.26318359375 -0.149673461914063
-0.0964431762695313 0.00330352783203124 0.71661376953125 -0.19305419921875
-0.3326416015625 0.162353515625 0.44708251953125 -0.515838623046875
-0.235488891601563 0.164566040039063 0.4385986328125 -0.42095947265625
-0.163742065429688 0.269989013671875 0.2540283203125 -0.351318359375
-0.0215911865234375 0.259506225585938 0.016387939453125 -0.304779052734375
0.092620849609375 0.246917724609375 -0.131210327148438 0.0519485473632812
0.172683715820313 0.13934326171875 0.098907470703125 0.321868896484375
0.233993530273438 0.0977325439453125 0.46099853515625 0.320068359375
0.225479125976563 0.145278930664063 0.563720703125 0.27215576171875
0.243789672851563 0.120590209960938 0.66107177734375 0.317138671875
0.1766357421875 0.210662841796875 0.5064697265625 0.460235595703125
0.10235595703125 0.282501220703125 0.244415283203125 0.42730712890625
-0.00527954101562501 0.35693359375 0.114471435546875 0.28497314453125
-0.240966796875 0.337982177734375 0.0891952514648437 0.100181579589844
-0.30908203125 0.264404296875 0.2691650390625 -0.1209716796875
-0.367828369140625 0.183380126953125 0.6561279296875 -0.16912841796875
-0.53131103515625 0.3609619140625 0.351318359375 -0.416656494140625
-0.36322021484375 0.348419189453125 0.4429931640625 -0.328521728515625
-0.2513427734375 0.4549560546875 0.302154541015625 -0.330963134765625
-0.064697265625 0.4183349609375 0.044281005859375 -0.343048095703125
0.065032958984375 0.445953369140625 -0.159271240234375 -0.01348876953125
0.252838134765625 0.34716796875 0.0294647216796875 0.245986938476563
0.40216064453125 0.264984130859375 0.33233642578125 0.27056884765625
0.39801025390625 0.3211669921875 0.419219970703125 0.21563720703125
0.45489501953125 0.286895751953125 0.5308837890625 0.224456787109375
0.322113037109375 0.4114990234375 0.4332275390625 0.32159423828125
0.168731689453125 0.52886962890625 0.2269287109375 0.321044921875
-0.0136108398437499 0.589111328125 0.145172119140625 0.242446899414063
-0.379425048828125 0.533966064453125 0.102027893066406 0.135223388671875
-0.448822021484375 0.42938232421875 0.212112426757812 -0.0354461669921875
-0.56817626953125 0.352294921875 0.49493408203125 -0.099334716796875
-0.66571044921875 0.4976806640625 0.182891845703125 -0.262115478515625
-0.464996337890625 0.477691650390625 0.403289794921875 -0.203643798828125
-0.34515380859375 0.58807373046875 0.31256103515625 -0.3134765625
-0.131988525390625 0.549530029296875 0.045806884765625 -0.377410888671875
0.00994873046875002 0.6209716796875 -0.1898193359375 -0.102859497070312
0.29974365234375 0.534332275390625 -0.0610122680664062 0.117286682128906
0.513397216796875 0.408111572265625 0.148666381835938 0.172607421875
0.5120849609375 0.451629638671875 0.205108642578125 0.127166748046875
0.59820556640625 0.398193359375 0.3204345703125 0.109588623046875
0.431060791015625 0.5289306640625 0.289886474609375 0.157684326171875
0.23748779296875 0.67633056640625 0.170425415039063 0.1959228515625
0.01776123046875 0.71636962890625 0.153701782226563 0.194091796875
-0.41943359375 0.653564453125 0.0982666015625 0.193450927734375
-0.489044189453125 0.54150390625 0.118980407714844 0.103103637695313
-0.6624755859375 0.4814453125 0.27288818359375 0.01678466796875
-0.69195556640625 0.53759765625 -0.0416946411132813 -0.0801620483398437
-0.49755859375 0.497711181640625 0.29608154296875 -0.0657958984375
-0.42169189453125 0.60235595703125 0.271072387695312 -0.280517578125
-0.2156982421875 0.60455322265625 0.02703857421875 -0.39251708984375
-0.0599365234375 0.72613525390625 -0.211761474609375 -0.214691162109375
0.30706787109375 0.6578369140625 -0.1671142578125 -0.0591278076171875
0.55120849609375 0.490814208984375 -0.0751876831054687 0.03424072265625
0.548614501953125 0.512481689453125 -0.0413703918457031 0.0189781188964844
0.6434326171875 0.448974609375 0.0678367614746094 -0.00588226318359372
0.45361328125 0.557830810546875 0.108070373535156 0.000297546386718784
0.245361328125 0.69805908203125 0.0917892456054688 0.0772552490234375
0.0299072265624999 0.699951171875 0.141067504882813 0.155487060546875
-0.3785400390625 0.63531494140625 0.078216552734375 0.265731811523438
-0.431610107421875 0.552093505859375 0.007537841796875 0.266403198242188
-0.64398193359375 0.537841796875 0.0283966064453125 0.164382934570313
-0.596435546875 0.47869873046875 -0.2794189453125 0.0848999023437501
-0.446075439453125 0.408203125 0.134269714355469 0.0577621459960938
-0.4405517578125 0.49163818359375 0.184722900390625 -0.222076416015625
-0.273345947265625 0.552642822265625 0.0064697265625 -0.38055419921875
-0.11505126953125 0.71124267578125 -0.213653564453125 -0.333099365234375
0.27349853515625 0.67047119140625 -0.276535034179688 -0.256729125976563
0.5074462890625 0.490478515625 -0.30816650390625 -0.117401123046875
0.500152587890625 0.496917724609375 -0.28192138671875 -0.08984375
0.577392578125 0.438232421875 -0.175704956054687 -0.112808227539062
0.380279541015625 0.50677490234375 -0.0597000122070312 -0.135688781738281
0.1767578125 0.6004638671875 0.031454086303711 -0.0188503265380859
0.00387573242187498 0.549041748046875 0.119049072265625 0.138992309570313
-0.286865234375 0.486907958984375 0.033843994140625 0.33587646484375
-0.308624267578125 0.470550537109375 -0.108734130859375 0.40557861328125
-0.52838134765625 0.51251220703125 -0.1953125 0.313995361328125
-0.4005126953125 0.34698486328125 -0.48748779296875 0.2039794921875
-0.309356689453125 0.26068115234375 -0.0479736328125 0.1461181640625
-0.360687255859375 0.3018798828125 0.0869903564453125 -0.153961181640625
-0.25726318359375 0.40252685546875 -0.00869750976562504 -0.349822998046875
-0.129058837890625 0.56158447265625 -0.197662353515625 -0.434783935546875
0.2069091796875 0.55572509765625 -0.37896728515625 -0.428131103515625
0.38677978515625 0.403961181640625 -0.51654052734375 -0.247467041015625
0.372772216796875 0.40191650390625 -0.478790283203125 -0.181304931640625
0.42218017578125 0.3695068359375 -0.364013671875 -0.203033447265625
0.237060546875 0.392486572265625 -0.17034912109375 -0.239471435546875
0.065948486328125 0.420379638671875 0.0139999389648438 -0.0810699462890625
-0.03668212890625 0.324310302734375 0.095458984375 0.150375366210938
-0.16748046875 0.27691650390625 -0.040435791015625 0.387969970703125
-0.160064697265625 0.32708740234375 -0.21978759765625 0.48907470703125
-0.353851318359375 0.41448974609375 -0.3687744140625 0.439056396484375
-0.13726806640625 0.176254272460938 -0.6231689453125 0.26861572265625
-0.107292175292969 0.106460571289063 -0.197860717773437 0.195877075195313
-0.182632446289063 0.0864105224609375 0.00840759277343749 -0.100624084472656
-0.162734985351563 0.184234619140625 -0.025421142578125 -0.319915771484375
-0.100341796875 0.3045654296875 -0.183563232421875 -0.49554443359375
0.106964111328125 0.335205078125 -0.4605712890625 -0.529754638671875
0.1982421875 0.249221801757813 -0.66412353515625 -0.32562255859375
0.187088012695313 0.249099731445313 -0.60205078125 -0.244140625
0.206939697265625 0.252960205078125 -0.47149658203125 -0.270782470703125
0.077392578125 0.235733032226562 -0.210968017578125 -0.304595947265625
-0.0336456298828125 0.208206176757813 0.0325164794921875 -0.101799011230469
-0.0577163696289062 0.100692749023438 0.0631103515625 0.18182373046875
-0.0406646728515625 0.07708740234375 -0.137847900390625 0.40557861328125
-0.02056884765625 0.169586181640625 -0.32086181640625 0.5064697265625
-0.1485595703125 0.256698608398438 -0.48052978515625 0.520965576171875
-0.115943908691406 -0.0462570190429688 0.43072509765625 -0.566162109375
-0.112373352050781 -0.00866699218750001 0.36444091796875 -0.492218017578125
-0.0753707885742187 0.0898590087890625 0.14892578125 -0.373077392578125
0.011962890625 0.0960006713867188 -0.05096435546875 -0.254364013671875
0.0919723510742188 0.03253173828125 -0.0976943969726563 0.1041259765625
0.0502891540527344 -0.0639572143554688 0.165008544921875 0.340545654296875
0.0236587524414062 -0.0639305114746094 0.5233154296875 0.28729248046875
0.0184288024902344 -0.0497016906738281 0.623046875 0.2474365234375
0.002410888671875 -0.0779876708984375 0.69976806640625 0.3125
0.0356636047363281 -0.0467109680175781 0.531646728515625 0.4954833984375
0.0756759643554688 -0.015350341796875 0.259735107421875 0.46575927734375
0.0709686279296875 0.0844802856445313 0.09869384765625 0.301605224609375
-0.012603759765625 0.128974914550781 0.068328857421875 0.0919189453125
-0.082977294921875 0.0931320190429688 0.251785278320313 -0.156478881835938
-0.0929336547851563 0.0103530883789062 0.6898193359375 -0.227783203125
-0.3177490234375 0.181243896484375 0.408477783203125 -0.5301513671875
-0.224014282226563 0.173980712890625 0.4002685546875 -0.43060302734375
-0.144088745117187 0.274520874023438 0.227294921875 -0.34991455078125
-0.00834655761718752 0.255386352539063 -0.00448608398437498 -0.296661376953125
0.10406494140625 0.233734130859375 -0.126350402832031 0.0613555908203125
0.172805786132813 0.126419067382813 0.112945556640625 0.314117431640625
0.231521606445312 0.08551025390625 0.464508056640625 0.288909912109375
0.228378295898437 0.130889892578125 0.5631103515625 0.234130859375
0.242263793945312 0.105148315429688 0.661376953125 0.27008056640625
0.183517456054687 0.197982788085938 0.5224609375 0.419891357421875
0.114028930664063 0.273025512695312 0.2625732421875 0.404693603515625
0.01373291015625 0.351593017578125 0.131790161132813 0.271087646484375
-0.218963623046875 0.34307861328125 0.09814453125 0.0949325561523438
-0.289276123046875 0.27203369140625 0.259674072265625 -0.129791259765625
-0.35015869140625 0.20294189453125 0.62982177734375 -0.20159912109375
-0.5015869140625 0.3868408203125 0.321044921875 -0.429351806640625
-0.341827392578125 0.36126708984375 0.407745361328125 -0.341400146484375
-0.219512939453125 0.4613037109375 0.277130126953125 -0.3349609375
-0.03997802734375 0.41265869140625 0.021209716796875 -0.334228515625
0.089080810546875 0.43023681640625 -0.156723022460938 -0.000427246093749999
0.26220703125 0.323822021484375 0.03955078125 0.243392944335938
0.40191650390625 0.23736572265625 0.337982177734375 0.24786376953125
0.40655517578125 0.2923583984375 0.418548583984375 0.1884765625
0.456573486328125 0.255523681640625 0.527099609375 0.18756103515625
0.334808349609375 0.387359619140625 0.4407958984375 0.289215087890625
0.190826416015625 0.51019287109375 0.240234375 0.301239013671875
0.0189208984375 0.57830810546875 0.159408569335937 0.225723266601562
-0.34405517578125 0.545166015625 0.112472534179687 0.127891540527344
-0.4168701171875 0.44195556640625 0.207839965820313 -0.0432891845703125
-0.538848876953125 0.3795166015625 0.477691650390625 -0.125518798828125
-0.62591552734375 0.5302734375 0.16546630859375 -0.2672119140625
-0.43414306640625 0.49420166015625 0.3758544921875 -0.218994140625
-0.3037109375 0.59796142578125 0.289764404296875 -0.319366455078125
-0.0985107421874999 0.54559326171875 0.021270751953125 -0.36737060546875
0.04779052734375 0.60455322265625 -0.191421508789063 -0.0853424072265625
0.316986083984375 0.503631591796875 -0.0569381713867187 0.120925903320313
0.518890380859375 0.370269775390625 0.153045654296875 0.162353515625
0.526885986328125 0.41259765625 0.206802368164063 0.114532470703125
0.603515625 0.3560791015625 0.315338134765625 0.088409423828125
0.446563720703125 0.496673583984375 0.290557861328125 0.13720703125
0.2664794921875 0.64849853515625 0.178619384765625 0.181289672851563
0.0556640625 0.69970703125 0.165328979492188 0.176971435546875
-0.3739013671875 0.6650390625 0.112640380859375 0.18389892578125
-0.449249267578125 0.552825927734375 0.124557495117187 0.0958480834960938
-0.62408447265625 0.51336669921875 0.26593017578125 0.00282287597656253
-0.65167236328125 0.56982421875 -0.0423507690429688 -0.0767059326171874
-0.46612548828125 0.513671875 0.281341552734375 -0.0814208984375
-0.37750244140625 0.6171875 0.251617431640625 -0.284820556640625
-0.1776123046875 0.60296630859375 0.00402832031250001 -0.380645751953125
-0.013427734375 0.71099853515625 -0.218154907226563 -0.191940307617187
0.3311767578125 0.62384033203125 -0.170730590820312 -0.0468597412109375
0.560455322265625 0.450164794921875 -0.072235107421875 0.0398712158203125
0.5645751953125 0.47259521484375 -0.0386085510253906 0.023101806640625
0.6507568359375 0.4029541015625 0.0620613098144532 -0.00933456420898435
0.470794677734375 0.52276611328125 0.103317260742188 -0.00755310058593747
0.27655029296875 0.66766357421875 0.0964202880859375 0.0679931640625
0.0666503906249999 0.681884765625 0.150131225585938 0.138885498046875
-0.33416748046875 0.64581298828125 0.09588623046875 0.254974365234375
-0.39361572265625 0.5615234375 0.0247650146484375 0.259933471679688
-0.604248046875 0.5660400390625 0.0350494384765625 0.161880493164063
-0.56451416015625 0.505615234375 -0.2655029296875 0.0973510742187501
-0.420257568359375 0.423614501953125 0.130828857421875 0.0460968017578125
-0.40228271484375 0.508514404296875 0.16998291015625 -0.2249755859375
-0.2362060546875 0.554595947265625 -0.014801025390625 -0.367279052734375
-0.0695190429687501 0.7001953125 -0.224945068359375 -0.308319091796875
0.30084228515625 0.637451171875 -0.288238525390625 -0.23419189453125
0.519073486328125 0.4512939453125 -0.30706787109375 -0.09552001953125
0.51544189453125 0.45709228515625 -0.278472900390625 -0.0694580078125
0.58758544921875 0.394775390625 -0.180984497070312 -0.098724365234375
0.394622802734375 0.475372314453125 -0.0684585571289062 -0.13092041015625
0.20343017578125 0.57513427734375 0.031789779663086 -0.024362564086914
0.0321044921875 0.533050537109375 0.12701416015625 0.124748229980469
-0.25408935546875 0.495269775390625 0.055145263671875 0.326019287109375
-0.277496337890625 0.474517822265625 -0.0809936523437501 0.40283203125
-0.4921875 0.5340576171875 -0.175079345703125 0.321441650390625
-0.37762451171875 0.36639404296875 -0.461700439453125 0.22576904296875
-0.292938232421875 0.271881103515625 -0.0423736572265625 0.140487670898438
-0.33648681640625 0.316680908203125 0.07659912109375 -0.153701782226562
-0.229095458984375 0.40521240234375 -0.027069091796875 -0.3370361328125
-0.091278076171875 0.554107666015625 -0.215118408203125 -0.4088134765625
0.23016357421875 0.529205322265625 -0.39678955078125 -0.39697265625
0.39447021484375 0.372802734375 -0.517578125 -0.21124267578125
0.3846435546875 0.3721923828125 -0.475128173828125 -0.147308349609375
0.430267333984375 0.336090087890625 -0.368988037109375 -0.175262451171875
0.24945068359375 0.36956787109375 -0.182830810546875 -0.226058959960937
0.086578369140625 0.4046630859375 0.011138916015625 -0.08404541015625
-0.01824951171875 0.316802978515625 0.103958129882813 0.137596130371094
-0.147796630859375 0.28369140625 -0.0147705078125 0.38043212890625
-0.1397705078125 0.32904052734375 -0.185791015625 0.48956298828125
-0.327484130859375 0.427459716796875 -0.336273193359375 0.454925537109375
-0.1285400390625 0.18267822265625 -0.59185791015625 0.29693603515625
-0.10174560546875 0.11029052734375 -0.187332153320312 0.196212768554688
-0.174636840820313 0.095184326171875 0.000144958496093736 -0.0979232788085937
-0.1475830078125 0.186264038085938 -0.041259765625 -0.306549072265625
-0.079254150390625 0.3023681640625 -0.204833984375 -0.470611572265625
0.121124267578125 0.319915771484375 -0.480621337890625 -0.490936279296875
0.20379638671875 0.2318115234375 -0.6663818359375 -0.279052734375
0.195755004882813 0.232986450195313 -0.59844970703125 -0.2022705078125
0.216232299804687 0.234848022460937 -0.476470947265625 -0.235015869140625
0.087310791015625 0.224716186523438 -0.225799560546875 -0.287017822265625
-0.021026611328125 0.2032470703125 0.0274581909179688 -0.10626220703125
-0.0504150390625 0.099700927734375 0.0742645263671875 0.170578002929688
-0.0355911254882813 0.0810165405273438 -0.107696533203125 0.401702880859375
-0.01300048828125 0.16729736328125 -0.281768798828125 0.510650634765625
-0.135406494140625 0.258132934570312 -0.439910888671875 0.53814697265625
-0.114120483398438 -0.0389175415039063 0.40576171875 -0.5697021484375
-0.111679077148437 -0.00323486328124999 0.339599609375 -0.49188232421875
-0.0712356567382813 0.0918960571289063 0.13458251953125 -0.3648681640625
0.0150909423828125 0.0960922241210938 -0.0621490478515625 -0.2467041015625
0.0898056030273437 0.027618408203125 -0.0940780639648438 0.108268737792969
0.0453529357910156 -0.0636787414550781 0.17431640625 0.335205078125
0.0214385986328125 -0.0607147216796875 0.52081298828125 0.264984130859375
0.0169029235839844 -0.0483932495117188 0.6148681640625 0.22222900390625
-0.00118255615234375 -0.0752639770507812 0.693603515625 0.28131103515625
0.0339202880859375 -0.0461845397949219 0.540008544921875 0.46807861328125
0.07366943359375 -0.0161514282226563 0.269500732421875 0.450531005859375
0.0734329223632813 0.08270263671875 0.109710693359375 0.291748046875
-0.00883483886718749 0.125938415527344 0.0753936767578125 0.0892715454101563
-0.0785140991210938 0.0912246704101563 0.24609375 -0.157272338867188
-0.0895614624023438 0.0141677856445312 0.66650390625 -0.2447509765625
-0.305633544921875 0.19183349609375 0.38470458984375 -0.534454345703125
-0.216995239257813 0.1798095703125 0.374237060546875 -0.432159423828125
-0.13201904296875 0.276290893554688 0.211944580078125 -0.34625244140625
0.000625610351562514 0.252731323242188 -0.01715087890625 -0.288482666015625
0.109207153320313 0.224273681640625 -0.123207092285156 0.0664596557617188
0.169540405273438 0.1187744140625 0.12152099609375 0.310394287109375
0.228057861328125 0.07879638671875 0.4632568359375 0.269927978515625
0.228958129882813 0.122421264648438 0.55596923828125 0.212921142578125
0.238876342773438 0.096954345703125 0.654052734375 0.239990234375
0.185333251953125 0.191009521484375 0.528961181640625 0.39508056640625
0.119064331054688 0.266769409179688 0.27203369140625 0.39154052734375
0.024505615234375 0.346099853515625 0.141250610351563 0.260482788085937
-0.20526123046875 0.344482421875 0.104888916015625 0.091827392578125
-0.275985717773438 0.271484375 0.2530517578125 -0.1319580078125
-0.337158203125 0.212982177734375 0.60797119140625 -0.21746826171875
-0.481292724609375 0.401611328125 0.300994873046875 -0.431915283203125
-0.327239990234375 0.3665771484375 0.384368896484375 -0.345550537109375
-0.19866943359375 0.462890625 0.262664794921875 -0.33209228515625
-0.026763916015625 0.406524658203125 0.00750732421874996 -0.32574462890625
0.1026611328125 0.4158935546875 -0.154205322265625 0.00816345214843753
0.2620849609375 0.307952880859375 0.0449981689453125 0.241806030273438
0.399566650390625 0.22283935546875 0.33831787109375 0.23358154296875
0.408172607421875 0.276397705078125 0.41412353515625 0.17120361328125
0.4525146484375 0.23858642578125 0.52081298828125 0.164459228515625
0.33978271484375 0.37115478515625 0.44281005859375 0.268890380859375
0.202911376953125 0.496826171875 0.24517822265625 0.289306640625
0.03424072265625 0.5684814453125 0.167037963867188 0.214065551757813
-0.320892333984375 0.54803466796875 0.120201110839844 0.123382568359375
-0.39947509765625 0.441802978515625 0.2056884765625 -0.047454833984375
-0.518218994140625 0.395111083984375 0.461822509765625 -0.135711669921875
-0.59930419921875 0.546875 0.154495239257813 -0.268753051757812
-0.416748046875 0.50006103515625 0.356781005859375 -0.226715087890625
-0.2772216796875 0.60003662109375 0.276214599609375 -0.318267822265625
-0.0789794921875 0.538421630859375 0.00845336914062496 -0.357513427734375
0.06915283203125 0.59027099609375 -0.189041137695313 -0.0737304687499999
0.3221435546875 0.481842041015625 -0.0541152954101562 0.124397277832031
0.51629638671875 0.34869384765625 0.154678344726563 0.155349731445313
0.529876708984375 0.390869140625 0.204345703125 0.107421875
0.59942626953125 0.3310546875 0.308868408203125 0.07611083984375
0.45001220703125 0.4759521484375 0.28857421875 0.12359619140625
0.2783203125 0.62994384765625 0.181259155273438 0.171188354492188
0.0748291015625001 0.685546875 0.17108154296875 0.164688110351563
-0.34747314453125 0.66949462890625 0.122161865234375 0.177658081054688
-0.425933837890625 0.5538330078125 0.127540588378906 0.0909652709960938
-0.59814453125 0.52947998046875 0.258926391601563 -0.00396728515624997
-0.62530517578125 0.58642578125 -0.0431900024414063 -0.0752258300781249
-0.448272705078125 0.52227783203125 0.268569946289062 -0.08856201171875
-0.3497314453125 0.6217041015625 0.240264892578125 -0.2855224609375
-0.15447998046875 0.59686279296875 -0.00839233398437503 -0.370086669921875
0.01336669921875 0.6959228515625 -0.218414306640625 -0.176986694335937
0.3397216796875 0.6002197265625 -0.172805786132813 -0.0384521484375
0.5589599609375 0.4244384765625 -0.0697364807128906 0.0431022644042969
0.568603515625 0.4454345703125 -0.0377388000488281 0.0259819030761719
0.647216796875 0.372314453125 0.0578536987304688 -0.0100212097167969
0.47454833984375 0.499176025390625 0.0986251831054688 -0.0126190185546875
0.28961181640625 0.6453857421875 0.0971298217773438 0.0608291625976563
0.085693359375 0.66632080078125 0.154815673828125 0.127609252929688
-0.30810546875 0.6494140625 0.107894897460937 0.247528076171875
-0.368988037109375 0.561737060546875 0.0354156494140625 0.254592895507813
-0.577880859375 0.58062744140625 0.03753662109375 0.160507202148438
-0.540496826171875 0.5208740234375 -0.255645751953125 0.102386474609375
-0.40570068359375 0.429534912109375 0.125526428222656 0.03887939453125
-0.379638671875 0.514190673828125 0.16162109375 -0.22442626953125
-0.21417236328125 0.549407958984375 -0.025238037109375 -0.356842041015625
-0.04193115234375 0.6876220703125 -0.2288818359375 -0.29083251953125
0.31085205078125 0.615234375 -0.293731689453125 -0.219390869140625
0.517181396484375 0.42706298828125 -0.3035888671875 -0.081756591796875
0.52197265625 0.432373046875 -0.27386474609375 -0.0576934814453125
0.585205078125 0.36663818359375 -0.182830810546875 -0.0879669189453124
0.398345947265625 0.453948974609375 -0.0748596191406249 -0.127754211425781
0.217071533203125 0.5560302734375 0.0314674377441406 -0.0279922485351562
0.04840087890625 0.5208740234375 0.131561279296875 0.114471435546875
-0.232421875 0.4991455078125 0.0687255859375 0.31768798828125
-0.258697509765625 0.473297119140625 -0.0640869140625 0.396942138671875
-0.469970703125 0.54339599609375 -0.16168212890625 0.325225830078125
-0.363983154296875 0.37530517578125 -0.44439697265625 0.2353515625
-0.28472900390625 0.277801513671875 -0.0422592163085938 0.136024475097656
-0.321044921875 0.323944091796875 0.0703887939453125 -0.152542114257812
-0.211883544921875 0.402984619140625 -0.035797119140625 -0.327239990234375
-0.068939208984375 0.546417236328125 -0.221466064453125 -0.39178466796875
0.239532470703125 0.511566162109375 -0.403289794921875 -0.376678466796875
0.39263916015625 0.353668212890625 -0.512664794921875 -0.18902587890625
0.38946533203125 0.353485107421875 -0.467681884765625 -0.12786865234375
0.431976318359375 0.31475830078125 -0.367889404296875 -0.156280517578125
0.253814697265625 0.354736328125 -0.189498901367188 -0.216629028320312
0.096405029296875 0.391998291015625 0.00938415527343749 -0.087310791015625
-0.00811767578125 0.308929443359375 0.108657836914062 0.128219604492188
-0.13470458984375 0.2874755859375 0.00192260742187501 0.3734130859375
-0.128570556640625 0.326385498046875 -0.16473388671875 0.48541259765625
-0.310943603515625 0.4315185546875 -0.316375732421875 0.461273193359375
-0.122756958007812 0.186752319335938 -0.56982421875 0.307861328125
-0.0992889404296875 0.1126708984375 -0.182754516601563 0.19476318359375
-0.16925048828125 0.0991363525390625 -0.00654602050781251 -0.0963516235351562
-0.137496948242188 0.185104370117187 -0.048248291015625 -0.29754638671875
-0.066864013671875 0.29736328125 -0.212188720703125 -0.452728271484375
0.12725830078125 0.309295654296875 -0.48797607421875 -0.467010498046875
0.203659057617187 0.220108032226563 -0.6612548828125 -0.25067138671875
0.198959350585938 0.2218017578125 -0.589599609375 -0.176513671875
0.220733642578125 0.222137451171875 -0.473052978515625 -0.2115478515625
0.090606689453125 0.216659545898437 -0.232589721679688 -0.274826049804688
-0.0145111083984375 0.197509765625 0.0249099731445313 -0.109085083007812
-0.0460433959960937 0.0982818603515625 0.079833984375 0.162750244140625
-0.0308685302734375 0.0838699340820313 -0.089202880859375 0.396209716796875
-0.00938415527343749 0.164932250976563 -0.25653076171875 0.50909423828125
-0.12890625 0.258758544921875 -0.414642333984375 0.5462646484375
-0.113059997558594 -0.0343780517578125 0.39556884765625 -0.58038330078125
-0.112136840820313 0.00118255615234375 0.327117919921875 -0.4967041015625
-0.0684051513671875 0.0954208374023438 0.12823486328125 -0.36553955078125
0.0178146362304688 0.0973968505859375 -0.0708770751953125 -0.243484497070312
0.0889739990234375 0.0243301391601563 -0.0944137573242188 0.112937927246094
0.0416297912597656 -0.0635986328125 0.183868408203125 0.336395263671875
0.0207481384277344 -0.05804443359375 0.525726318359375 0.254150390625
0.0161895751953125 -0.0476150512695313 0.6160888671875 0.20880126953125
-0.00361633300781249 -0.0738601684570312 0.69744873046875 0.26318359375
0.033905029296875 -0.0465354919433594 0.551544189453125 0.456695556640625
0.0738143920898438 -0.0162429809570313 0.280242919921875 0.447174072265625
0.0767745971679688 0.0827102661132813 0.11907958984375 0.288360595703125
-0.00718688964843751 0.124801635742188 0.082550048828125 0.0886688232421875
-0.0774917602539062 0.0901260375976562 0.246429443359375 -0.159759521484375
-0.0879287719726563 0.0170440673828125 0.66119384765625 -0.259033203125
-0.301666259765625 0.2022705078125 0.3731689453125 -0.54339599609375
-0.216888427734375 0.187591552734375 0.36297607421875 -0.437408447265625
-0.125 0.281585693359375 0.206085205078125 -0.347900390625
0.00640869140625001 0.253616333007813 -0.026336669921875 -0.286041259765625
0.113082885742188 0.219070434570313 -0.123207092285156 0.0724411010742188
0.168670654296875 0.115982055664063 0.129150390625 0.312774658203125
0.228927612304687 0.076873779296875 0.46820068359375 0.2603759765625
0.232498168945313 0.118911743164063 0.558074951171875 0.20172119140625
0.239456176757812 0.0930938720703125 0.658447265625 0.222900390625
0.189071655273437 0.188812255859375 0.538177490234375 0.383087158203125
0.12408447265625 0.266586303710937 0.280670166015625 0.38873291015625
0.031951904296875 0.3480224609375 0.150436401367187 0.255569458007813
-0.19989013671875 0.34954833984375 0.112861633300781 0.090545654296875
-0.2728271484375 0.27471923828125 0.254058837890625 -0.135574340820312
-0.33319091796875 0.22259521484375 0.604248046875 -0.2298583984375
-0.47369384765625 0.416351318359375 0.2921142578125 -0.440460205078125
-0.324371337890625 0.37725830078125 0.373504638671875 -0.349700927734375
-0.18817138671875 0.470062255859375 0.2584228515625 -0.33526611328125
-0.0166015625 0.407470703125 -0.00103759765624999 -0.32275390625
0.112030029296875 0.412353515625 -0.153945922851563 0.0142364501953125
0.264251708984375 0.3031005859375 0.0502166748046875 0.245376586914063
0.40106201171875 0.21728515625 0.34326171875 0.227874755859375
0.41546630859375 0.268829345703125 0.415618896484375 0.164276123046875
0.456329345703125 0.229400634765625 0.521331787109375 0.15118408203125
0.34649658203125 0.367218017578125 0.447265625 0.257965087890625
0.211883544921875 0.495452880859375 0.252593994140625 0.286224365234375
0.04522705078125 0.56976318359375 0.175857543945312 0.208175659179688
-0.310638427734375 0.5572509765625 0.129257202148437 0.121772766113281
-0.39215087890625 0.44677734375 0.207672119140625 -0.050506591796875
-0.510772705078125 0.40948486328125 0.456939697265625 -0.144775390625
-0.59039306640625 0.56512451171875 0.149917602539062 -0.27313232421875
-0.41241455078125 0.512542724609375 0.347320556640625 -0.231048583984375
-0.26287841796875 0.60986328125 0.27203369140625 -0.323394775390625
-0.067108154296875 0.539154052734375 0.00015258789062498 -0.355072021484375
0.08355712890625 0.585693359375 -0.190200805664063 -0.0666656494140625
0.327239990234375 0.475494384765625 -0.0533523559570312 0.129409790039063
0.52032470703125 0.3397216796875 0.157470703125 0.153457641601563
0.54034423828125 0.38092041015625 0.205917358398438 0.104568481445313
0.6058349609375 0.3192138671875 0.307891845703125 0.06939697265625
0.4591064453125 0.467529296875 0.289825439453125 0.11614990234375
0.2890625 0.62615966796875 0.185653686523438 0.167465209960938
0.0872192382812501 0.68572998046875 0.1788330078125 0.157485961914063
-0.3326416015625 0.6810302734375 0.13232421875 0.175765991210938
-0.418487548828125 0.558258056640625 0.132217407226563 0.0890274047851563
-0.5902099609375 0.54779052734375 0.257232666015625 -0.00701904296874997
-0.61553955078125 0.6072998046875 -0.0437698364257813 -0.0754928588867187
-0.44464111328125 0.53607177734375 0.262741088867188 -0.092926025390625
-0.337158203125 0.6322021484375 0.23760986328125 -0.2896728515625
-0.14141845703125 0.5989990234375 -0.015472412109375 -0.36767578125
0.029541015625 0.69439697265625 -0.220703125 -0.170394897460937
0.34765625 0.59234619140625 -0.176467895507812 -0.0313720703124999
0.56317138671875 0.4139404296875 -0.0682411193847656 0.0465583801269531
0.58026123046875 0.43377685546875 -0.0365676879882812 0.028717041015625
0.65338134765625 0.3594970703125 0.0559577941894532 -0.0099678039550781
0.48187255859375 0.490509033203125 0.0956954956054688 -0.0163116455078125
0.2998046875 0.64208984375 0.0992813110351563 0.0575942993164063
0.0972900390625 0.66448974609375 0.161056518554688 0.119552612304688
-0.29229736328125 0.6605224609375 0.1195068359375 0.245864868164063
-0.3614501953125 0.56561279296875 0.042205810546875 0.254302978515625
-0.568603515625 0.59820556640625 0.0402069091796875 0.162765502929688
-0.535400390625 0.53570556640625 -0.253128051757813 0.106719970703125
-0.404998779296875 0.442596435546875 0.121292114257812 0.0361099243164063
-0.3687744140625 0.52569580078125 0.158966064453125 -0.228134155273437
-0.202362060546875 0.55194091796875 -0.0308837890625 -0.35455322265625
-0.0258178710937499 0.6883544921875 -0.23291015625 -0.284912109375
0.31964111328125 0.6099853515625 -0.301727294921875 -0.21148681640625
0.520538330078125 0.419403076171875 -0.304718017578125 -0.07391357421875
0.529937744140625 0.421295166015625 -0.2735595703125 -0.0492401123046875
0.59197998046875 0.35406494140625 -0.185150146484375 -0.0815582275390625
0.406036376953125 0.44598388671875 -0.0812988281249999 -0.128074645996094
0.22613525390625 0.549560546875 0.0313262939453125 -0.0317840576171875
0.056671142578125 0.51953125 0.137069702148438 0.107803344726563
-0.22100830078125 0.508148193359375 0.08172607421875 0.3167724609375
-0.251708984375 0.477264404296875 -0.053863525390625 0.398590087890625
-0.464080810546875 0.55999755859375 -0.156158447265625 0.332244873046875
-0.360260009765625 0.387359619140625 -0.43890380859375 0.242645263671875
-0.284820556640625 0.285888671875 -0.0450515747070313 0.135887145996094
-0.317230224609375 0.331573486328125 0.066314697265625 -0.154861450195312
-0.203857421875 0.404998779296875 -0.041168212890625 -0.32489013671875
-0.0579833984375 0.54644775390625 -0.225372314453125 -0.386962890625
0.246246337890625 0.50714111328125 -0.414337158203125 -0.367431640625
0.39697265625 0.3460693359375 -0.515960693359375 -0.176605224609375
0.396759033203125 0.345947265625 -0.467071533203125 -0.1160888671875
0.437652587890625 0.30291748046875 -0.369873046875 -0.1455078125
0.258514404296875 0.3494873046875 -0.19708251953125 -0.214431762695312
0.103485107421875 0.388214111328125 0.00851440429687501 -0.091064453125
-0.002838134765625 0.307647705078125 0.114151000976563 0.123397827148438
-0.12664794921875 0.29345703125 0.01422119140625 0.372467041015625
-0.12322998046875 0.328826904296875 -0.150665283203125 0.488800048828125
-0.306182861328125 0.44256591796875 -0.3062744140625 0.471923828125
-0.121826171875 0.192169189453125 -0.56365966796875 0.319091796875
-0.0992355346679688 0.116233825683594 -0.184326171875 0.197402954101562
-0.169677734375 0.103302001953125 -0.0110092163085938 -0.0953292846679688
-0.133132934570313 0.184585571289062 -0.053192138671875 -0.294830322265625
-0.059417724609375 0.2979736328125 -0.218353271484375 -0.448455810546875
0.1319580078125 0.30706787109375 -0.499481201171875 -0.4573974609375
0.205368041992188 0.21771240234375 -0.6639404296875 -0.23431396484375
0.202880859375 0.21844482421875 -0.58953857421875 -0.1634521484375
0.224639892578125 0.215652465820313 -0.47607421875 -0.19879150390625
0.093780517578125 0.214614868164063 -0.240982055664063 -0.270538330078125
-0.010833740234375 0.195343017578125 0.0229949951171875 -0.1131591796875
-0.044464111328125 0.098297119140625 0.0853118896484375 0.158935546875
-0.0273895263671875 0.0864791870117187 -0.07666015625 0.396270751953125
-0.00735473632812501 0.16510009765625 -0.243072509765625 0.5142822265625
-0.128097534179688 0.263824462890625 -0.40325927734375 0.55889892578125
-0.114265441894531 -0.0307159423828125 0.38751220703125 -0.6094970703125
-0.113761901855469 0.00614166259765624 0.31866455078125 -0.517913818359375
-0.0653610229492188 0.101112365722656 0.120849609375 -0.375335693359375
0.0220184326171875 0.101005554199219 -0.0823211669921875 -0.244354248046875
0.08917236328125 0.0214309692382813 -0.0948104858398437 0.121513366699219
0.0394287109375 -0.06494140625 0.202362060546875 0.341278076171875
0.0212860107421875 -0.0577430725097656 0.54254150390625 0.24249267578125
0.0150833129882812 -0.0482635498046875 0.63372802734375 0.1937255859375
-0.00680541992187499 -0.0739974975585938 0.7177734375 0.24383544921875
0.0335159301757812 -0.0486717224121094 0.57958984375 0.44818115234375
0.0760955810546875 -0.0178756713867188 0.30126953125 0.4515380859375
0.08270263671875 0.0829696655273438 0.133697509765625 0.28973388671875
-0.00557708740234375 0.126991271972656 0.091766357421875 0.0873870849609375
-0.077606201171875 0.092742919921875 0.250808715820313 -0.168701171875
-0.088104248046875 0.0212860107421875 0.6661376953125 -0.28411865234375
-0.301788330078125 0.218994140625 0.3660888671875 -0.56976318359375
-0.216201782226563 0.2017822265625 0.355194091796875 -0.457183837890625
-0.116607666015625 0.29339599609375 0.2021484375 -0.360137939453125
0.01568603515625 0.259735107421875 -0.037017822265625 -0.2896728515625
0.121414184570312 0.219207763671875 -0.124092102050781 0.0801544189453125
0.172134399414063 0.1142578125 0.143157958984375 0.3194580078125
0.236038208007813 0.07403564453125 0.48480224609375 0.250732421875
0.2425537109375 0.1156005859375 0.5732421875 0.1888427734375
0.246826171875 0.0902557373046875 0.67694091796875 0.207275390625
0.19921875 0.188034057617188 0.56195068359375 0.3729248046875
0.135543823242187 0.271041870117188 0.2999267578125 0.39007568359375
0.04327392578125 0.355743408203125 0.165176391601563 0.25408935546875
-0.19598388671875 0.365325927734375 0.123878479003906 0.0889511108398438
-0.273529052734375 0.285675048828125 0.259063720703125 -0.144363403320312
-0.3338623046875 0.241119384765625 0.60845947265625 -0.25213623046875
-0.473602294921875 0.44525146484375 0.285369873046875 -0.46112060546875
-0.32305908203125 0.40045166015625 0.36688232421875 -0.367950439453125
-0.17620849609375 0.48760986328125 0.254852294921875 -0.350677490234375
-0.00329589843750002 0.4168701171875 -0.011260986328125 -0.32818603515625
0.127532958984375 0.413848876953125 -0.156570434570312 0.0214080810546875
0.275146484375 0.303375244140625 0.059600830078125 0.253189086914063
0.414886474609375 0.21270751953125 0.355377197265625 0.22052001953125
0.43499755859375 0.26373291015625 0.42767333984375 0.155731201171875
0.47198486328125 0.221466064453125 0.534942626953125 0.1376953125
0.36334228515625 0.367523193359375 0.466217041015625 0.248443603515625
0.23046875 0.503143310546875 0.268524169921875 0.286712646484375
0.06207275390625 0.5830078125 0.189605712890625 0.203399658203125
-0.30291748046875 0.58343505859375 0.142547607421875 0.120162963867188
-0.39349365234375 0.465789794921875 0.213943481445313 -0.0571441650390625
-0.5113525390625 0.43853759765625 0.462127685546875 -0.160614013671875
-0.58978271484375 0.60113525390625 0.1451416015625 -0.28472900390625
-0.411773681640625 0.541961669921875 0.344696044921875 -0.245208740234375
-0.24835205078125 0.63446044921875 0.27130126953125 -0.338104248046875
-0.05108642578125 0.55242919921875 -0.01055908203125 -0.36114501953125
0.1053466796875 0.593994140625 -0.195419311523438 -0.0605010986328125
0.343597412109375 0.477752685546875 -0.052001953125 0.137077331542969
0.538970947265625 0.334442138671875 0.166000366210938 0.152587890625
0.56573486328125 0.372314453125 0.213287353515625 0.1021728515625
0.6259765625 0.30780029296875 0.316162109375 0.061187744140625
0.480865478515625 0.467041015625 0.297607421875 0.108123779296875
0.3126220703125 0.633544921875 0.195938110351563 0.166488647460938
0.10870361328125 0.699462890625 0.191558837890625 0.150314331054688
-0.31964111328125 0.71112060546875 0.148452758789062 0.175003051757813
-0.41632080078125 0.58184814453125 0.140625 0.0868530273437501
-0.589111328125 0.58367919921875 0.26153564453125 -0.01300048828125
-0.6146240234375 0.64385986328125 -0.046630859375 -0.0764083862304687
-0.444091796875 0.56622314453125 0.26177978515625 -0.100814819335937
-0.32513427734375 0.66094970703125 0.236480712890625 -0.30340576171875
-0.127197265625 0.6151123046875 -0.0260009765625 -0.373992919921875
0.0535888671875 0.70635986328125 -0.229324340820313 -0.165878295898437
0.36767578125 0.59661865234375 -0.183135986328125 -0.024810791015625
0.583984375 0.40887451171875 -0.0680656433105468 0.0499382019042969
0.60638427734375 0.42547607421875 -0.03619384765625 0.0326080322265625
0.677734375 0.34881591796875 0.0573158264160157 -0.0105323791503906
0.504547119140625 0.48907470703125 0.094512939453125 -0.0215530395507812
0.32452392578125 0.64788818359375 0.103767395019531 0.0548477172851563
0.11669921875 0.67510986328125 0.172103881835938 0.112472534179688
-0.2783203125 0.689453125 0.137054443359375 0.246658325195313
-0.35626220703125 0.58935546875 0.0533447265625 0.258056640625
-0.56707763671875 0.6370849609375 0.045745849609375 0.168411254882813
-0.53460693359375 0.56976318359375 -0.255111694335938 0.11614990234375
-0.406829833984375 0.469482421875 0.121223449707031 0.03497314453125
-0.363250732421875 0.552001953125 0.156448364257812 -0.238388061523437
-0.19122314453125 0.5673828125 -0.041595458984375 -0.359771728515625
-0.00311279296875005 0.70208740234375 -0.244598388671875 -0.28399658203125
0.34027099609375 0.61541748046875 -0.31744384765625 -0.20526123046875
0.54107666015625 0.414337158203125 -0.312408447265625 -0.06524658203125
0.55572509765625 0.414306640625 -0.2783203125 -0.03955078125
0.61505126953125 0.34356689453125 -0.19036865234375 -0.0756378173828124
0.4237060546875 0.445709228515625 -0.0897903442382813 -0.129806518554687
0.246185302734375 0.555694580078125 0.0320053100585938 -0.0361595153808593
0.07177734375 0.527252197265625 0.146514892578125 0.101547241210938
-0.20684814453125 0.529388427734375 0.100433349609375 0.320556640625
-0.245391845703125 0.493804931640625 -0.0408630371093751 0.40838623046875
-0.458984375 0.59381103515625 -0.150177001953125 0.348724365234375
-0.35992431640625 0.410186767578125 -0.4420166015625 0.26080322265625
-0.287078857421875 0.304168701171875 -0.0467376708984375 0.140945434570313
-0.316314697265625 0.350830078125 0.0620880126953125 -0.159637451171875
-0.198486328125 0.416107177734375 -0.05059814453125 -0.330169677734375
-0.039886474609375 0.559112548828125 -0.239288330078125 -0.38824462890625
0.264312744140625 0.513153076171875 -0.43603515625 -0.3638916015625
0.4127197265625 0.346466064453125 -0.5302734375 -0.162872314453125
0.41583251953125 0.341644287109375 -0.478179931640625 -0.102203369140625
0.456085205078125 0.296356201171875 -0.38055419921875 -0.134368896484375
0.27142333984375 0.3509521484375 -0.21142578125 -0.213333129882813
0.1158447265625 0.391326904296875 0.00641632080078125 -0.0963592529296875
0.00497436523437497 0.313232421875 0.122955322265625 0.119926452636719
-0.11712646484375 0.306396484375 0.031768798828125 0.37933349609375
-0.119537353515625 0.33941650390625 -0.1378173828125 0.502410888671875
-0.3031005859375 0.469207763671875 -0.298736572265625 0.4954833984375
-0.119979858398438 0.202621459960938 -0.565673828125 0.343994140625
-0.0999603271484375 0.123252868652344 -0.187850952148438 0.207565307617188
-0.172760009765625 0.1121826171875 -0.0173873901367188 -0.0960617065429688
-0.131683349609375 0.18988037109375 -0.062042236328125 -0.29888916015625
-0.051361083984375 0.306427001953125 -0.23345947265625 -0.454193115234375
0.143280029296875 0.311614990234375 -0.525360107421875 -0.45330810546875
0.213623046875 0.218765258789062 -0.68475341796875 -0.21722412109375
0.214309692382812 0.217849731445313 -0.60479736328125 -0.14837646484375
0.23614501953125 0.212127685546875 -0.489593505859375 -0.184722900390625
0.0997772216796875 0.21600341796875 -0.257614135742188 -0.269195556640625
-0.00665283203124999 0.198226928710938 0.0205459594726562 -0.119300842285156
-0.0435562133789063 0.100311279296875 0.0945281982421875 0.159317016601563
-0.0230026245117187 0.091064453125 -0.06268310546875 0.405303955078125
-0.00447082519531248 0.170028686523437 -0.2283935546875 0.530670166015625
-0.1265869140625 0.277053833007813 -0.3944091796875 0.58831787109375
-0.11688232421875 -0.0242462158203125 0.36700439453125 -0.6492919921875
-0.11480712890625 0.0135650634765625 0.296966552734375 -0.549896240234375
-0.05865478515625 0.10791015625 0.10577392578125 -0.391204833984375
0.0299911499023438 0.103591918945313 -0.100341796875 -0.24505615234375
0.0907058715820313 0.016387939453125 -0.0917587280273437 0.132743835449219
0.0349502563476563 -0.0680694580078125 0.229400634765625 0.341766357421875
0.0210380554199219 -0.0595054626464844 0.5677490234375 0.2178955078125
0.0140380859375 -0.0493316650390625 0.65655517578125 0.1649169921875
-0.0115432739257813 -0.0745468139648438 0.748291015625 0.2093505859375
0.0320320129394531 -0.0528144836425781 0.6204833984375 0.4267578125
0.0780258178710938 -0.02166748046875 0.33538818359375 0.449615478515625
0.0914535522460938 0.081146240234375 0.154632568359375 0.287506103515625
-0.000503540039062501 0.129135131835938 0.103073120117188 0.0836105346679688
-0.0765228271484375 0.0979232788085938 0.251983642578125 -0.185501098632813
-0.0867233276367187 0.02703857421875 0.66717529296875 -0.328125
-0.296783447265625 0.24432373046875 0.345947265625 -0.6075439453125
-0.211105346679688 0.221710205078125 0.336395263671875 -0.487762451171875
-0.101837158203125 0.30914306640625 0.18780517578125 -0.380401611328125
0.031585693359375 0.265121459960938 -0.054443359375 -0.293853759765625
0.134979248046875 0.216049194335937 -0.123306274414063 0.091278076171875
0.179656982421875 0.108673095703125 0.167449951171875 0.322113037109375
0.246871948242188 0.065155029296875 0.51019287109375 0.229705810546875
0.256057739257812 0.106246948242187 0.59521484375 0.162841796875
0.256942749023438 0.080902099609375 0.70361328125 0.1727294921875
0.214675903320312 0.183425903320313 0.59710693359375 0.3507080078125
0.153549194335937 0.2725830078125 0.33111572265625 0.3883056640625
0.063812255859375 0.364837646484375 0.185516357421875 0.248123168945313
-0.1824951171875 0.386077880859375 0.137886047363281 0.083587646484375
-0.269500732421875 0.305419921875 0.261215209960938 -0.161529541015625
-0.32916259765625 0.268035888671875 0.60980224609375 -0.29150390625
-0.461700439453125 0.4884033203125 0.2686767578125 -0.489898681640625
-0.312255859375 0.431854248046875 0.354461669921875 -0.39556884765625
-0.15142822265625 0.51324462890625 0.244781494140625 -0.373046875
0.01947021484375 0.426239013671875 -0.030059814453125 -0.334930419921875
0.152862548828125 0.415191650390625 -0.158737182617188 0.0315704345703125
0.293487548828125 0.296844482421875 0.0763702392578125 0.258544921875
0.436920166015625 0.19775390625 0.376922607421875 0.208251953125
0.46142578125 0.24798583984375 0.444854736328125 0.13714599609375
0.4954833984375 0.204132080078125 0.556304931640625 0.110504150390625
0.393707275390625 0.35882568359375 0.4918212890625 0.226837158203125
0.26348876953125 0.5067138671875 0.292572021484375 0.281829833984375
0.09490966796875 0.59619140625 0.20880126953125 0.194183349609375
-0.27923583984375 0.617431640625 0.160614013671875 0.11407470703125
-0.38421630859375 0.49664306640625 0.219207763671875 -0.0702362060546875
-0.501678466796875 0.48333740234375 0.464263916015625 -0.189727783203125
-0.574462890625 0.656005859375 0.134765625 -0.30059814453125
-0.39666748046875 0.584716796875 0.338165283203125 -0.267608642578125
-0.21893310546875 0.66729736328125 0.261627197265625 -0.36273193359375
-0.0218505859374999 0.56768798828125 -0.029998779296875 -0.37030029296875
0.14111328125 0.60015869140625 -0.2022705078125 -0.0507965087890625
0.373016357421875 0.473358154296875 -0.0454864501953125 0.14532470703125
0.56854248046875 0.31591796875 0.178329467773438 0.147430419921875
0.60205078125 0.35015869140625 0.224456787109375 0.0943756103515625
0.66009521484375 0.28228759765625 0.3277587890625 0.04437255859375
0.51824951171875 0.456512451171875 0.310272216796875 0.092041015625
0.35467529296875 0.63543701171875 0.212020874023438 0.159835815429688
0.1468505859375 0.71295166015625 0.207595825195312 0.137786865234375
-0.28814697265625 0.75054931640625 0.17047119140625 0.169113159179688
-0.39990234375 0.61474609375 0.151092529296875 0.0810546875
-0.5740966796875 0.63616943359375 0.26824951171875 -0.0260467529296875
-0.599365234375 0.70208740234375 -0.0511550903320313 -0.076202392578125
-0.43035888671875 0.61065673828125 0.2606201171875 -0.11614990234375
-0.29815673828125 0.69989013671875 0.228485107421875 -0.325347900390625
-0.09747314453125 0.63433837890625 -0.046142578125 -0.381744384765625
0.0950317382812499 0.71923828125 -0.24298095703125 -0.158050537109375
0.40618896484375 0.5968017578125 -0.190536499023437 -0.0134124755859374
0.6192626953125 0.39300537109375 -0.0665054321289062 0.0554046630859375
0.6484375 0.403564453125 -0.032958984375 0.0369949340820313
0.71478271484375 0.3189697265625 0.0590858459472657 -0.0132827758789062
0.5419921875 0.47808837890625 0.0927886962890625 -0.0283432006835937
0.3663330078125 0.64715576171875 0.111000061035156 0.0484695434570313
0.154541015625 0.68780517578125 0.185440063476562 0.100387573242188
-0.24407958984375 0.72637939453125 0.16278076171875 0.242813110351563
-0.338623046875 0.6214599609375 0.0704803466796875 0.261856079101563
-0.54742431640625 0.69195556640625 0.055328369140625 0.173004150390625
-0.52008056640625 0.62017822265625 -0.254837036132813 0.133346557617188
-0.397186279296875 0.508270263671875 0.123771667480469 0.0316009521484375
-0.345458984375 0.59002685546875 0.148818969726562 -0.253768920898437
-0.1671142578125 0.59039306640625 -0.061370849609375 -0.3671875
0.03485107421875 0.719482421875 -0.264678955078125 -0.279266357421875
0.3798828125 0.61700439453125 -0.338653564453125 -0.193023681640625
0.57476806640625 0.40191650390625 -0.32366943359375 -0.049652099609375
0.5927734375 0.396484375 -0.28509521484375 -0.024078369140625
0.64886474609375 0.31842041015625 -0.197372436523437 -0.0656585693359374
0.4561767578125 0.436126708984375 -0.103080749511719 -0.128440856933594
0.28131103515625 0.55584716796875 0.0315093994140625 -0.0415573120117187
0.1004638671875 0.536834716796875 0.15863037109375 0.09112548828125
-0.180206298828125 0.5589599609375 0.127410888671875 0.321044921875
-0.229949951171875 0.519012451171875 -0.017730712890625 0.421234130859375
-0.44085693359375 0.64178466796875 -0.1339111328125 0.369903564453125
-0.350341796875 0.445770263671875 -0.43817138671875 0.292633056640625
-0.28253173828125 0.331695556640625 -0.0435943603515625 0.148818969726563
-0.308135986328125 0.38079833984375 0.054595947265625 -0.16656494140625
-0.183074951171875 0.434814453125 -0.06878662109375 -0.33563232421875
-0.01025390625 0.57733154296875 -0.264892578125 -0.388458251953125
0.297943115234375 0.51385498046875 -0.469451904296875 -0.349822998046875
0.43878173828125 0.338226318359375 -0.5516357421875 -0.1376953125
0.44580078125 0.327972412109375 -0.492095947265625 -0.0773315429687501
0.4840087890625 0.27752685546875 -0.39495849609375 -0.115509033203125
0.294830322265625 0.34521484375 -0.231826782226562 -0.20758056640625
0.1383056640625 0.39434814453125 0.0021514892578125 -0.102218627929687
0.020538330078125 0.32061767578125 0.135711669921875 0.113052368164063
-0.099578857421875 0.322723388671875 0.0596923828125 0.385711669921875
-0.106292724609375 0.354217529296875 -0.1109619140625 0.52349853515625
-0.28741455078125 0.503448486328125 -0.278228759765625 0.5296630859375
-0.114227294921875 0.21673583984375 -0.56182861328125 0.38433837890625
-0.09814453125 0.134979248046875 -0.184600830078125 0.224884033203125
-0.173782348632813 0.12652587890625 -0.0248641967773438 -0.0954208374023437
-0.126983642578125 0.198287963867187 -0.07916259765625 -0.302947998046875
-0.035186767578125 0.316741943359375 -0.262786865234375 -0.457000732421875
0.164337158203125 0.314666748046875 -0.56378173828125 -0.4393310546875
0.230133056640625 0.2164306640625 -0.710693359375 -0.18408203125
0.231277465820313 0.212753295898438 -0.6231689453125 -0.117431640625
0.253936767578125 0.203506469726563 -0.50897216796875 -0.1605224609375
0.112091064453125 0.216690063476562 -0.281280517578125 -0.260955810546875
0.00303649902343748 0.202133178710938 0.0147476196289062 -0.126716613769531
-0.0396728515625 0.104705810546875 0.107162475585937 0.156356811523438
-0.0154647827148438 0.0951766967773438 -0.038482666015625 0.417572021484375
0.00205993652343751 0.174911499023438 -0.204010009765625 0.557098388671875
-0.1175537109375 0.296112060546875 -0.37030029296875 0.628173828125
-0.117546081542969 -0.01556396484375 0.32391357421875 -0.6859130859375
-0.113456726074219 0.0227584838867187 0.2568359375 -0.57769775390625
-0.0496444702148438 0.112068176269531 0.078857421875 -0.402099609375
0.0390701293945313 0.102645874023438 -0.121002197265625 -0.238540649414063
0.0908279418945312 0.01019287109375 -0.0840301513671875 0.142990112304688
0.02813720703125 -0.0707855224609375 0.258819580078125 0.32928466796875
0.0188636779785156 -0.0619354248046875 0.58795166015625 0.178466796875
0.0124435424804688 -0.0509757995605469 0.6702880859375 0.1177978515625
-0.0176239013671875 -0.0727310180664062 0.7669677734375 0.1529541015625
0.0286445617675781 -0.05694580078125 0.6578369140625 0.38330078125
0.0787277221679688 -0.02752685546875 0.3740234375 0.432342529296875
0.0996856689453125 0.0751495361328125 0.178176879882813 0.275970458984375
0.00652313232421875 0.130294799804688 0.113426208496094 0.0744781494140625
-0.0712509155273437 0.103492736816406 0.243255615234375 -0.20458984375
-0.0837326049804688 0.0336151123046875 0.64892578125 -0.37847900390625
-0.280487060546875 0.272171020507813 0.30572509765625 -0.6397705078125
-0.19610595703125 0.241439819335938 0.301025390625 -0.5159912109375
-0.077728271484375 0.318878173828125 0.1640625 -0.39703369140625
0.0523834228515625 0.264694213867188 -0.07769775390625 -0.292327880859375
0.150497436523438 0.206527709960938 -0.11859130859375 0.101837158203125
0.185333251953125 0.0985565185546875 0.195068359375 0.314300537109375
0.255767822265625 0.0495147705078125 0.530029296875 0.194610595703125
0.268508911132813 0.088836669921875 0.6097412109375 0.1192626953125
0.265838623046875 0.0637359619140625 0.7196044921875 0.1197509765625
0.230010986328125 0.16973876953125 0.629638671875 0.309326171875
0.176010131835938 0.265518188476563 0.3653564453125 0.37042236328125
0.091033935546875 0.364776611328125 0.20697021484375 0.233566284179688
-0.157562255859375 0.404449462890625 0.151153564453125 0.0711212158203125
-0.25439453125 0.327484130859375 0.254562377929688 -0.182083129882812
-0.31219482421875 0.297332763671875 0.593994140625 -0.33843994140625
-0.43115234375 0.531524658203125 0.237152099609375 -0.5162353515625
-0.283447265625 0.46435546875 0.325439453125 -0.424224853515625
-0.11181640625 0.53118896484375 0.22100830078125 -0.394805908203125
0.051605224609375 0.4273681640625 -0.05450439453125 -0.335968017578125
0.184051513671875 0.404876708984375 -0.157913208007813 0.0441436767578125
0.312713623046875 0.281494140625 0.09747314453125 0.25592041015625
0.45648193359375 0.1719970703125 0.394378662109375 0.182342529296875
0.486419677734375 0.21600341796875 0.458038330078125 0.107635498046875
0.5155029296875 0.170745849609375 0.5693359375 0.067626953125
0.421630859375 0.33544921875 0.512847900390625 0.192626953125
0.30328369140625 0.494598388671875 0.3184814453125 0.265106201171875
0.13751220703125 0.59759521484375 0.22650146484375 0.17437744140625
-0.23699951171875 0.645751953125 0.17779541015625 0.099578857421875
-0.355316162109375 0.5274658203125 0.219009399414063 -0.0875396728515625
-0.470947265625 0.53009033203125 0.455841064453125 -0.22467041015625
-0.53314208984375 0.71075439453125 0.114898681640625 -0.315277099609375
-0.35931396484375 0.62506103515625 0.3179931640625 -0.292266845703125
-0.17083740234375 0.69482421875 0.239776611328125 -0.386322021484375
0.01824951171875 0.57373046875 -0.0562744140625 -0.37158203125
0.18646240234375 0.59149169921875 -0.207778930664063 -0.036407470703125
0.406341552734375 0.45330810546875 -0.0352325439453125 0.151275634765625
0.59716796875 0.2813720703125 0.189453125 0.136276245117188
0.635498046875 0.3109130859375 0.234085083007813 0.0794525146484375
0.6871337890625 0.2369384765625 0.33441162109375 0.0184326171875
0.555023193359375 0.42529296875 0.31768798828125 0.069671630859375
0.4044189453125 0.61810302734375 0.227096557617188 0.145965576171875
0.19915771484375 0.71270751953125 0.221298217773438 0.11773681640625
-0.2330322265625 0.78082275390625 0.19317626953125 0.153533935546875
-0.36468505859375 0.64923095703125 0.160415649414062 0.0699310302734375
-0.5302734375 0.6915283203125 0.268020629882812 -0.0445404052734375
-0.556884765625 0.758544921875 -0.0556716918945313 -0.0737838745117187
-0.39404296875 0.65692138671875 0.253494262695313 -0.13299560546875
-0.2470703125 0.73211669921875 0.2083740234375 -0.346405029296875
-0.05255126953125 0.6446533203125 -0.072998046875 -0.383392333984375
0.14788818359375 0.71722412109375 -0.256134033203125 -0.142807006835937
0.44921875 0.5770263671875 -0.194534301757812 0.000473022460937503
0.65264892578125 0.35693359375 -0.062774658203125 0.0605354309082032
0.684326171875 0.3602294921875 -0.0283432006835937 0.0401992797851563
0.7457275390625 0.2698974609375 0.0600929260253907 -0.019561767578125
0.5806884765625 0.4444580078125 0.0883102416992188 -0.036224365234375
0.416015625 0.62799072265625 0.116539001464844 0.0394058227539063
0.20599365234375 0.68475341796875 0.196304321289063 0.08001708984375
-0.19024658203125 0.75274658203125 0.190383911132813 0.228378295898438
-0.30084228515625 0.65069580078125 0.093017578125 0.25830078125
-0.5010986328125 0.7464599609375 0.0692138671875 0.172393798828125
-0.48443603515625 0.6695556640625 -0.245590209960938 0.1531982421875
-0.366729736328125 0.548065185546875 0.125564575195312 0.0245513916015625
-0.3046875 0.6268310546875 0.133026123046875 -0.26776123046875
-0.1304931640625 0.60577392578125 -0.087127685546875 -0.366302490234375
0.0888671875 0.7213134765625 -0.286834716796875 -0.26434326171875
0.42559814453125 0.59967041015625 -0.359130859375 -0.17071533203125
0.60931396484375 0.3702392578125 -0.32891845703125 -0.025634765625
0.62872314453125 0.3568115234375 -0.284942626953125 -0.00241088867187503
0.678466796875 0.27130126953125 -0.2005615234375 -0.05230712890625
0.4908447265625 0.41009521484375 -0.116539001464844 -0.122352600097656
0.322296142578125 0.541595458984375 0.0295257568359375 -0.0471534729003906
0.13861083984375 0.534423828125 0.169174194335938 0.073944091796875
-0.1361083984375 0.578125 0.15997314453125 0.310302734375
-0.198486328125 0.538848876953125 0.015167236328125 0.425872802734375
-0.39825439453125 0.6875 -0.10614013671875 0.38543701171875
-0.32275390625 0.478424072265625 -0.420013427734375 0.32763671875
-0.263458251953125 0.360595703125 -0.03558349609375 0.154998779296875
-0.28546142578125 0.41131591796875 0.0431976318359375 -0.172027587890625
-0.156524658203125 0.449005126953125 -0.092620849609375 -0.332763671875
0.0321044921875 0.5811767578125 -0.295989990234375 -0.3756103515625
0.338165283203125 0.501708984375 -0.503631591796875 -0.319976806640625
0.468536376953125 0.314361572265625 -0.5654296875 -0.0977172851562499
0.4730224609375 0.29901123046875 -0.497406005859375 -0.041961669921875
0.508697509765625 0.24346923828125 -0.40301513671875 -0.0870971679687499
0.3204345703125 0.329010009765625 -0.252151489257812 -0.19183349609375
0.1666259765625 0.3873291015625 -0.00523376464843748 -0.107200622558594
0.0428466796875 0.321380615234375 0.147689819335938 0.0999908447265625
-0.073394775390625 0.3331298828125 0.093902587890625 0.38055419921875
-0.085205078125 0.36590576171875 -0.073455810546875 0.53594970703125
-0.2537841796875 0.535797119140625 -0.239166259765625 0.558319091796875
-0.100082397460938 0.228988647460938 -0.537384033203125 0.428863525390625
-0.0899658203125 0.145477294921875 -0.173660278320312 0.241806030273438
-0.167205810546875 0.143661499023437 -0.0338592529296875 -0.0927886962890625
-0.117095947265625 0.20733642578125 -0.10009765625 -0.29852294921875
-0.011688232421875 0.322174072265625 -0.297882080078125 -0.444610595703125
0.19091796875 0.306671142578125 -0.60357666015625 -0.40484619140625
0.247772216796875 0.205825805664063 -0.7305908203125 -0.13427734375
0.248687744140625 0.19921875 -0.6322021484375 -0.0737304687499999
0.271453857421875 0.185165405273437 -0.521240234375 -0.125152587890625
0.127243041992187 0.210922241210938 -0.3050537109375 -0.24169921875
0.0158843994140625 0.202667236328125 0.00593566894531251 -0.131553649902344
-0.0329208374023438 0.108100891113281 0.122650146484375 0.147628784179688
-0.00688934326171874 0.0968399047851563 -0.00405883789062503 0.421356201171875
0.0126800537109375 0.178146362304688 -0.16290283203125 0.5765380859375
-0.09759521484375 0.31219482421875 -0.32379150390625 0.66650390625
-0.114913940429688 -0.00700378417968748 0.269775390625 -0.7017822265625
-0.107826232910156 0.0293121337890625 0.2083740234375 -0.5860595703125
-0.0398483276367188 0.111831665039063 0.050079345703125 -0.40106201171875
0.0467910766601563 0.0978164672851563 -0.137725830078125 -0.226654052734375
0.0882492065429687 0.004119873046875 -0.0730743408203125 0.148773193359375
0.0202484130859375 -0.0703582763671875 0.28125 0.305816650390625
0.0160446166992188 -0.0640182495117188 0.58837890625 0.13494873046875
0.0104522705078125 -0.0513992309570313 0.6632080078125 0.06927490234375
-0.0225448608398438 -0.0690765380859375 0.76153564453125 0.093505859375
0.0234832763671875 -0.0582351684570313 0.67474365234375 0.330078125
0.0764083862304688 -0.03350830078125 0.40142822265625 0.400970458984375
0.10552978515625 0.0662994384765625 0.194488525390625 0.256210327148438
0.0141830444335938 0.127632141113281 0.119392395019531 0.0631103515625
-0.06390380859375 0.106193542480469 0.22760009765625 -0.218887329101563
-0.0778961181640625 0.0375518798828125 0.61083984375 -0.417724609375
-0.25567626953125 0.289306640625 0.2552490234375 -0.65594482421875
-0.174697875976563 0.253585815429688 0.2579345703125 -0.529083251953125
-0.051177978515625 0.31915283203125 0.134307861328125 -0.40338134765625
0.0704803466796875 0.255020141601563 -0.098052978515625 -0.282867431640625
0.160934448242188 0.19122314453125 -0.109687805175781 0.109687805175781
0.185699462890625 0.086090087890625 0.21514892578125 0.29595947265625
0.25653076171875 0.0304718017578125 0.533233642578125 0.154449462890625
0.272979736328125 0.0678253173828125 0.60577392578125 0.0760498046875
0.26617431640625 0.044891357421875 0.7142333984375 0.06201171875
0.23736572265625 0.151321411132813 0.64141845703125 0.25872802734375
0.192901611328125 0.249664306640625 0.389129638671875 0.34002685546875
0.11627197265625 0.35308837890625 0.220046997070313 0.21112060546875
-0.12677001953125 0.41070556640625 0.158782958984375 0.0557403564453125
-0.230133056640625 0.3388671875 0.2413330078125 -0.197525024414062
-0.284149169921875 0.314788818359375 0.560760498046875 -0.37408447265625
-0.385528564453125 0.558013916015625 0.19854736328125 -0.5272216796875
-0.24664306640625 0.48193359375 0.289154052734375 -0.43792724609375
-0.0707092285156251 0.531768798828125 0.190826416015625 -0.4041748046875
0.080169677734375 0.414794921875 -0.078338623046875 -0.3277587890625
0.20703125 0.382720947265625 -0.153060913085938 0.0543975830078125
0.324127197265625 0.25762939453125 0.11474609375 0.245956420898438
0.462860107421875 0.138336181640625 0.400177001953125 0.152862548828125
0.496307373046875 0.17718505859375 0.456573486328125 0.07183837890625
0.520538330078125 0.131561279296875 0.56243896484375 0.0234375
0.43792724609375 0.303375244140625 0.516815185546875 0.15234375
0.333984375 0.467193603515625 0.334075927734375 0.239166259765625
0.17791748046875 0.5799560546875 0.235244750976563 0.150909423828125
-0.1866455078125 0.6553955078125 0.188613891601563 0.08038330078125
-0.318756103515625 0.541778564453125 0.2113037109375 -0.102249145507812
-0.424285888671875 0.556304931640625 0.430633544921875 -0.252716064453125
-0.47412109375 0.7445068359375 0.09246826171875 -0.320281982421875
-0.3106689453125 0.64642333984375 0.29254150390625 -0.307403564453125
-0.11578369140625 0.698486328125 0.21038818359375 -0.3975830078125
0.057952880859375 0.559814453125 -0.0811767578125 -0.362457275390625
0.22308349609375 0.56640625 -0.2078857421875 -0.02227783203125
0.4285888671875 0.423614501953125 -0.024505615234375 0.151351928710938
0.6097412109375 0.23883056640625 0.196456909179688 0.120849609375
0.64898681640625 0.26123046875 0.2362060546875 0.0609283447265625
0.69317626953125 0.18511962890625 0.330230712890625 -0.00875854492187499
0.5755615234375 0.38140869140625 0.31561279296875 0.0457763671875
0.4432373046875 0.58197021484375 0.236175537109375 0.127883911132813
0.24609375 0.68890380859375 0.225601196289063 0.0931854248046875
-0.17205810546875 0.7886962890625 0.207290649414062 0.130172729492188
-0.31982421875 0.6650390625 0.165603637695312 0.0565643310546875
-0.47314453125 0.72222900390625 0.26055908203125 -0.061920166015625
-0.495361328125 0.79351806640625 -0.0583877563476563 -0.0697555541992187
-0.34185791015625 0.68121337890625 0.239852905273437 -0.145904541015625
-0.18896484375 0.744140625 0.18255615234375 -0.356964111328125
-0.01031494140625 0.6346435546875 -0.09820556640625 -0.372955322265625
0.19757080078125 0.6917724609375 -0.26348876953125 -0.123504638671875
0.481658935546875 0.541015625 -0.19342041015625 0.014495849609375
0.67095947265625 0.31109619140625 -0.057769775390625 0.0648689270019532
0.70166015625 0.30645751953125 -0.0221481323242187 0.0406379699707031
0.75238037109375 0.2122802734375 0.0593719482421876 -0.0263671875
0.60107421875 0.39923095703125 0.081298828125 -0.0421829223632812
0.4542236328125 0.59014892578125 0.118637084960938 0.0290756225585938
0.2479248046875 0.66131591796875 0.198684692382813 0.0582275390625
-0.1302490234375 0.7567138671875 0.210281372070313 0.204330444335938
-0.255615234375 0.6630859375 0.112045288085938 0.246368408203125
-0.438232421875 0.77532958984375 0.0816497802734375 0.166534423828125
-0.4298095703125 0.7001953125 -0.230453491210938 0.167831420898438
-0.32427978515625 0.57366943359375 0.124664306640625 0.0176773071289063
-0.25494384765625 0.64453125 0.113204956054688 -0.273712158203125
-0.0899658203125 0.60186767578125 -0.110931396484375 -0.354522705078125
0.138427734375 0.703369140625 -0.302001953125 -0.241851806640625
0.462890625 0.56353759765625 -0.36834716796875 -0.14324951171875
0.6290283203125 0.3272705078125 -0.3253173828125 -0.00109863281249996
0.645263671875 0.307373046875 -0.276458740234375 0.016204833984375
0.68646240234375 0.21875 -0.198089599609375 -0.039215087890625
0.5096435546875 0.37078857421875 -0.126914978027344 -0.111549377441406
0.3538818359375 0.510223388671875 0.0260467529296875 -0.051055908203125
0.172698974609375 0.517425537109375 0.1715087890625 0.05523681640625
-0.08953857421875 0.57891845703125 0.184967041015625 0.2874755859375
-0.160888671875 0.546234130859375 0.047119140625 0.41790771484375
-0.3404541015625 0.7110595703125 -0.0748901367187501 0.389251708984375
-0.285888671875 0.499420166015625 -0.390045166015625 0.352264404296875
-0.234893798828125 0.3782958984375 -0.0252838134765625 0.156494140625
-0.251861572265625 0.430145263671875 0.0308837890625 -0.171905517578125
-0.12835693359375 0.451385498046875 -0.11285400390625 -0.321258544921875
0.07257080078125 0.569580078125 -0.317901611328125 -0.351470947265625
0.369659423828125 0.473175048828125 -0.5225830078125 -0.282440185546875
0.4864501953125 0.28179931640625 -0.562744140625 -0.0569458007812499
0.48907470703125 0.26153564453125 -0.486663818359375 -0.00784301757812506
0.517059326171875 0.201385498046875 -0.398040771484375 -0.0592041015625
0.337158203125 0.301361083984375 -0.264129638671875 -0.16937255859375
0.18865966796875 0.369232177734375 -0.0125808715820312 -0.10784912109375
0.0633544921875 0.31280517578125 0.153762817382813 0.08392333984375
-0.044586181640625 0.332061767578125 0.1240234375 0.36346435546875
-0.0609130859375 0.367706298828125 -0.02978515625 0.53167724609375
-0.2108154296875 0.54986572265625 -0.191162109375 0.56768798828125
-0.082916259765625 0.234848022460938 -0.49951171875 0.45989990234375
-0.07806396484375 0.15234375 -0.15533447265625 0.252120971679688
-0.154983520507813 0.156631469726562 -0.0397415161132813 -0.0869293212890625
-0.104293823242187 0.210403442382813 -0.117279052734375 -0.285552978515625
0.01165771484375 0.317535400390625 -0.324493408203125 -0.420318603515625
0.21173095703125 0.288787841796875 -0.6279296875 -0.35760498046875
0.260452270507813 0.188507080078125 -0.72601318359375 -0.0805053710937499
0.2598876953125 0.17987060546875 -0.62249755859375 -0.0292968750000001
0.279312133789063 0.161666870117188 -0.516632080078125 -0.087188720703125
0.13751220703125 0.199310302734375 -0.31854248046875 -0.2144775390625
0.0285797119140625 0.197052001953125 -0.00311279296874998 -0.132820129394531
-0.0254974365234375 0.108314514160156 0.132423400878906 0.13470458984375
0.00186920166015626 0.09490966796875 0.027587890625 0.411163330078125
0.022857666015625 0.176132202148438 -0.11474609375 0.57720947265625
-0.0736083984375 0.3182373046875 -0.2689208984375 0.679443359375
-0.109809875488281 -0.00131988525390624 0.22637939453125 -0.6993408203125
-0.101760864257813 0.0321502685546875 0.17218017578125 -0.58111572265625
-0.0329437255859375 0.108558654785156 0.030059814453125 -0.392669677734375
0.0512466430664063 0.0929183959960937 -0.146713256835937 -0.213409423828125
0.0849990844726563 0.0007476806640625 -0.06427001953125 0.150894165039063
0.0131607055664063 -0.0670318603515625 0.290557861328125 0.28411865234375
0.0122451782226563 -0.0646095275878906 0.578125 0.10064697265625
0.00912475585937501 -0.0517349243164063 0.641845703125 0.0367431640625
-0.0247611999511719 -0.0650711059570313 0.7386474609375 0.05206298828125
0.0190811157226563 -0.0585556030273438 0.67193603515625 0.2867431640625
0.0737686157226562 -0.0376052856445312 0.412811279296875 0.37298583984375
0.107315063476563 0.0582504272460938 0.2010498046875 0.237197875976563
0.017608642578125 0.124046325683594 0.121009826660156 0.052703857421875
-0.0576095581054687 0.105583190917969 0.213302612304688 -0.223861694335938
-0.0722808837890625 0.03900146484375 0.57073974609375 -0.43475341796875
-0.23150634765625 0.297332763671875 0.21630859375 -0.65411376953125
-0.155181884765625 0.255905151367188 0.22113037109375 -0.5247802734375
-0.032196044921875 0.311676025390625 0.1107177734375 -0.3978271484375
0.08160400390625 0.24346923828125 -0.110992431640625 -0.26910400390625
0.16424560546875 0.17718505859375 -0.102317810058594 0.113021850585938
0.181793212890625 0.07763671875 0.22564697265625 0.277145385742187
0.252426147460938 0.0167388916015625 0.526641845703125 0.12371826171875
0.271163940429688 0.05108642578125 0.588623046875 0.044189453125
0.261856079101563 0.03204345703125 0.6927490234375 0.0235595703125
0.2376708984375 0.13604736328125 0.63568115234375 0.21771240234375
0.201004028320313 0.2340087890625 0.39849853515625 0.31329345703125
0.131256103515625 0.33770751953125 0.22381591796875 0.191085815429688
-0.10382080078125 0.406280517578125 0.1612548828125 0.0420379638671875
-0.21051025390625 0.34100341796875 0.227294921875 -0.204437255859375
-0.259613037109375 0.32012939453125 0.523956298828125 -0.390472412109375
-0.34466552734375 0.56695556640625 0.166534423828125 -0.526214599609375
-0.213958740234375 0.4842529296875 0.25762939453125 -0.43865966796875
-0.0404052734375 0.5208740234375 0.165802001953125 -0.40185546875
0.096710205078125 0.395904541015625 -0.092376708984375 -0.315826416015625
0.219390869140625 0.359771728515625 -0.147018432617188 0.0607452392578125
0.324249267578125 0.23828125 0.123886108398438 0.23333740234375
0.45867919921875 0.1116943359375 0.394805908203125 0.128143310546875
0.494110107421875 0.146270751953125 0.4462890625 0.047760009765625
0.513458251953125 0.102813720703125 0.545562744140625 -0.00756835937499999
0.4400634765625 0.2733154296875 0.509521484375 0.123077392578125
0.34912109375 0.438751220703125 0.34002685546875 0.21771240234375
0.2025146484375 0.55621337890625 0.235260009765625 0.129669189453125
-0.1485595703125 0.64697265625 0.19244384765625 0.0616455078125
-0.2886962890625 0.543609619140625 0.20281982421875 -0.110794067382812
-0.3819580078125 0.56378173828125 0.40576171875 -0.2659912109375
-0.42291259765625 0.7528076171875 0.0739135742187499 -0.318389892578125
-0.2684326171875 0.6495361328125 0.26837158203125 -0.311309814453125
-0.075927734375 0.6876220703125 0.18670654296875 -0.3974609375
0.0809631347656249 0.53802490234375 -0.09637451171875 -0.349578857421875
0.2440185546875 0.53759765625 -0.204818725585938 -0.01080322265625
0.436492919921875 0.394287109375 -0.0174560546875 0.148651123046875
0.6072998046875 0.20391845703125 0.197311401367188 0.108505249023438
0.64642333984375 0.219482421875 0.232742309570313 0.0471038818359375
0.68408203125 0.1444091796875 0.318939208984375 -0.028564453125
0.57861328125 0.34423828125 0.307586669921875 0.0284423828125
0.459686279296875 0.546539306640625 0.237518310546875 0.112533569335938
0.2724609375 0.66070556640625 0.222274780273438 0.0732269287109375
-0.12615966796875 0.775634765625 0.21435546875 0.108535766601563
-0.28326416015625 0.6632080078125 0.164749145507812 0.04534912109375
-0.42022705078125 0.72930908203125 0.250106811523438 -0.0721893310546875
-0.44012451171875 0.802490234375 -0.0593795776367188 -0.0664215087890624
-0.29913330078125 0.685546875 0.225723266601562 -0.151809692382812
-0.1431884765625 0.7371826171875 0.16180419921875 -0.3564453125
0.0177001953125 0.6173095703125 -0.112701416015625 -0.3590087890625
0.22369384765625 0.66302490234375 -0.264358520507812 -0.107315063476562
0.494873046875 0.505523681640625 -0.190811157226562 0.0240020751953125
0.67144775390625 0.2716064453125 -0.0519561767578124 0.0671348571777344
0.6995849609375 0.26226806640625 -0.0176887512207031 0.0394515991210938
0.74224853515625 0.16766357421875 0.0565071105957032 -0.0325202941894531
0.601806640625 0.36053466796875 0.07489013671875 -0.0440139770507812
0.471649169921875 0.553009033203125 0.117622375488281 0.0208053588867188
0.2730712890625 0.63262939453125 0.194076538085938 0.0404205322265625
-0.0860595703125 0.74188232421875 0.22027587890625 0.179183959960938
-0.22064208984375 0.65704345703125 0.122406005859375 0.233322143554688
-0.384521484375 0.78106689453125 0.087982177734375 0.159530639648438
-0.38336181640625 0.70819091796875 -0.214752197265625 0.174026489257813
-0.28497314453125 0.58001708984375 0.121360778808594 0.0126113891601563
-0.21392822265625 0.64373779296875 0.0986328125 -0.272964477539062
-0.06353759765625 0.58905029296875 -0.123443603515625 -0.3402099609375
0.1685791015625 0.67529296875 -0.308258056640625 -0.2208251953125
0.478759765625 0.527618408203125 -0.370330810546875 -0.1212158203125
0.63140869140625 0.2889404296875 -0.314697265625 0.01617431640625
0.64434814453125 0.266357421875 -0.264602661132812 0.0269927978515625
0.677001953125 0.17718505859375 -0.193191528320312 -0.03253173828125
0.512115478515625 0.335601806640625 -0.130859375 -0.1009521484375
0.367156982421875 0.479095458984375 0.0230026245117188 -0.0535850524902344
0.192413330078125 0.4945068359375 0.16851806640625 0.0405120849609375
-0.05426025390625 0.5655517578125 0.198654174804688 0.26318359375
-0.134765625 0.53985595703125 0.069061279296875 0.403167724609375
-0.2928466796875 0.7125244140625 -0.050994873046875 0.383209228515625
-0.252288818359375 0.50341796875 -0.36083984375 0.361846923828125
-0.209503173828125 0.384063720703125 -0.017852783203125 0.155014038085938
-0.22100830078125 0.43475341796875 0.0226898193359375 -0.168701171875
-0.107757568359375 0.444488525390625 -0.12347412109375 -0.30718994140625
0.097503662109375 0.55023193359375 -0.328033447265625 -0.328094482421875
0.383148193359375 0.442901611328125 -0.52691650390625 -0.248779296875
0.492156982421875 0.253692626953125 -0.547637939453125 -0.0263366699218749
0.490203857421875 0.231414794921875 -0.469573974609375 0.0136413574218749
0.511016845703125 0.168914794921875 -0.387420654296875 -0.039886474609375
0.34027099609375 0.277801513671875 -0.266876220703125 -0.150314331054687
0.1995849609375 0.34893798828125 -0.0173797607421875 -0.106590270996094
0.075531005859375 0.300323486328125 0.153274536132813 0.07012939453125
-0.024139404296875 0.3231201171875 0.14166259765625 0.34136962890625
-0.043914794921875 0.362579345703125 -0.000946044921874947 0.518463134765625
-0.17633056640625 0.550506591796875 -0.155364990234375 0.560882568359375
-0.0700531005859375 0.233734130859375 -0.460052490234375 0.472015380859375
-0.067779541015625 0.154571533203125 -0.140762329101563 0.253341674804688
-0.141677856445313 0.162887573242188 -0.0428543090820313 -0.0812759399414063
-0.0950927734375 0.209060668945313 -0.125457763671875 -0.271820068359375
0.027008056640625 0.3076171875 -0.336883544921875 -0.3963623046875
0.221771240234375 0.270401000976563 -0.6346435546875 -0.31842041015625
0.266159057617188 0.173568725585937 -0.7076416015625 -0.0427856445312499
0.262588500976563 0.163406372070313 -0.60028076171875 6.10351562500817E-05
0.278900146484375 0.141326904296875 -0.50360107421875 -0.0614013671875
0.1424560546875 0.188125610351563 -0.3214111328125 -0.191162109375
0.0361480712890625 0.18975830078125 -0.00930786132812499 -0.131500244140625
-0.0198898315429687 0.105369567871094 0.13665771484375 0.122718811035156
0.00789642333984375 0.0908889770507813 0.049072265625 0.39471435546875
0.029754638671875 0.172409057617188 -0.0814208984375 0.56488037109375
-0.05462646484375 0.316497802734375 -0.22357177734375 0.67401123046875
-0.106422424316406 0.00160980224609377 0.20001220703125 -0.69549560546875
-0.0980224609375 0.0320587158203125 0.14862060546875 -0.57391357421875
-0.02978515625 0.106163024902344 0.018951416015625 -0.386383056640625
0.0541229248046875 0.0902557373046875 -0.151473999023438 -0.204513549804688
0.082305908203125 -0.0008697509765625 -0.058013916015625 0.1514892578125
0.0090484619140625 -0.0629539489746094 0.29583740234375 0.270599365234375
0.00972366333007813 -0.0642471313476563 0.56707763671875 0.0819091796875
0.00831985473632813 -0.0523643493652344 0.62823486328125 0.01995849609375
-0.0251388549804687 -0.0618324279785156 0.72119140625 0.03125
0.0163536071777344 -0.0582542419433594 0.66656494140625 0.26055908203125
0.0716094970703125 -0.0401535034179688 0.4168701171875 0.35467529296875
0.107795715332031 0.0534744262695313 0.202392578125 0.225128173828125
0.0193099975585938 0.121589660644531 0.121414184570313 0.045196533203125
-0.0538787841796875 0.10479736328125 0.204498291015625 -0.225677490234375
-0.0690116882324219 0.0382461547851563 0.54583740234375 -0.4412841796875
-0.216064453125 0.299072265625 0.19140625 -0.64959716796875
-0.142822265625 0.255294799804688 0.200531005859375 -0.51983642578125
-0.02154541015625 0.305999755859375 0.09991455078125 -0.393096923828125
0.0863189697265625 0.235397338867188 -0.116546630859375 -0.26202392578125
0.164321899414063 0.168533325195313 -0.0970382690429688 0.115432739257813
0.177719116210937 0.0753021240234375 0.230728149414063 0.265365600585938
0.248336791992188 0.008087158203125 0.51763916015625 0.106842041015625
0.269729614257813 0.0411224365234375 0.57379150390625 0.02838134765625
0.258529663085938 0.02490234375 0.6744384765625 0.0025634765625
0.23614501953125 0.127304077148438 0.62896728515625 0.1962890625
0.205032348632813 0.223556518554688 0.40386962890625 0.29644775390625
0.138427734375 0.328155517578125 0.222702026367188 0.178375244140625
-0.091094970703125 0.401702880859375 0.16156005859375 0.0318450927734375
-0.19976806640625 0.339996337890625 0.21929931640625 -0.20758056640625
-0.244140625 0.320587158203125 0.50177001953125 -0.395660400390625
-0.318359375 0.5701904296875 0.146697998046875 -0.5233154296875
-0.19451904296875 0.4835205078125 0.2384033203125 -0.436126708984375
-0.0208740234375 0.513763427734375 0.15374755859375 -0.398773193359375
0.10498046875 0.384765625 -0.10009765625 -0.30731201171875
0.224029541015625 0.344970703125 -0.143585205078125 0.0653533935546875
0.322418212890625 0.2286376953125 0.127609252929688 0.22509765625
0.45318603515625 0.09600830078125 0.391510009765625 0.114349365234375
0.491424560546875 0.128082275390625 0.43719482421875 0.0350341796875
0.50775146484375 0.08624267578125 0.53143310546875 -0.02716064453125
0.439422607421875 0.257720947265625 0.50250244140625 0.10491943359375
0.3565673828125 0.422943115234375 0.34210205078125 0.204254150390625
0.215087890625 0.540618896484375 0.232162475585937 0.116973876953125
-0.1263427734375 0.6395263671875 0.19403076171875 0.04766845703125
-0.271636962890625 0.541259765625 0.197540283203125 -0.11614990234375
-0.35711669921875 0.56402587890625 0.38958740234375 -0.27099609375
-0.3892822265625 0.7564697265625 0.062896728515625 -0.31622314453125
-0.2415771484375 0.6495361328125 0.252593994140625 -0.311065673828125
-0.048828125 0.6785888671875 0.173095703125 -0.395416259765625
0.091766357421875 0.524017333984375 -0.10394287109375 -0.341583251953125
0.25360107421875 0.51904296875 -0.202621459960938 -0.00334167480468743
0.437347412109375 0.3785400390625 -0.0145721435546875 0.1473388671875
0.60546875 0.1832275390625 0.197860717773438 0.100799560546875
0.64300537109375 0.1956787109375 0.228912353515625 0.038360595703125
0.67449951171875 0.1224365234375 0.309051513671875 -0.040557861328125
0.57452392578125 0.32415771484375 0.301055908203125 0.019287109375
0.467010498046875 0.523956298828125 0.238357543945313 0.103073120117188
0.2857666015625 0.64312744140625 0.21734619140625 0.060272216796875
-0.0983276367187501 0.76300048828125 0.21661376953125 0.091033935546875
-0.26251220703125 0.6580810546875 0.165054321289062 0.0380401611328125
-0.38836669921875 0.7296142578125 0.242538452148437 -0.0765380859374999
-0.40777587890625 0.80682373046875 -0.0604095458984375 -0.0641860961914062
-0.2706298828125 0.6865234375 0.2164306640625 -0.153030395507812
-0.1158447265625 0.7303466796875 0.15142822265625 -0.3558349609375
0.03009033203125 0.60406494140625 -0.1202392578125 -0.3497314453125
0.23846435546875 0.6419677734375 -0.2642822265625 -0.0950164794921874
0.498260498046875 0.4857177734375 -0.190078735351563 0.0308074951171875
0.66998291015625 0.2474365234375 -0.0470771789550781 0.0678749084472656
0.697021484375 0.23565673828125 -0.0147743225097656 0.0368385314941406
0.733154296875 0.14202880859375 0.0524101257324219 -0.0382499694824219
0.5985107421875 0.33984375 0.0701789855957032 -0.0444374084472656
0.47857666015625 0.530517578125 0.116935729980469 0.015869140625
0.285400390625 0.6136474609375 0.188735961914063 0.0290069580078125
-0.0607910156249999 0.728271484375 0.223968505859375 0.16046142578125
-0.20147705078125 0.65167236328125 0.128707885742188 0.223892211914063
-0.351806640625 0.7791748046875 0.0919952392578125 0.154464721679688
-0.35589599609375 0.70928955078125 -0.203994750976563 0.176361083984375
-0.26251220703125 0.5816650390625 0.119468688964844 0.01043701171875
-0.1864013671875 0.64178466796875 0.0912628173828125 -0.271865844726562
-0.05059814453125 0.57891845703125 -0.12982177734375 -0.33099365234375
0.1822509765625 0.65771484375 -0.311309814453125 -0.206085205078125
0.484466552734375 0.50555419921875 -0.371429443359375 -0.105682373046875
0.63311767578125 0.2672119140625 -0.305877685546875 0.0255126953125
0.6412353515625 0.24212646484375 -0.255813598632812 0.0310211181640626
0.66680908203125 0.152099609375 -0.190109252929687 -0.030853271484375
0.508514404296875 0.31866455078125 -0.133331298828125 -0.0939788818359375
0.37396240234375 0.459197998046875 0.0213356018066406 -0.05523681640625
0.2021484375 0.480316162109375 0.164718627929688 0.0301666259765625
-0.0340576171875 0.555633544921875 0.205108642578125 0.244918823242188
-0.119415283203125 0.535125732421875 0.081085205078125 0.39276123046875
-0.26226806640625 0.710205078125 -0.03814697265625 0.3768310546875
-0.23565673828125 0.50408935546875 -0.340728759765625 0.365234375
-0.19287109375 0.3861083984375 -0.013946533203125 0.154006958007813
-0.20123291015625 0.435089111328125 0.0180816650390625 -0.166854858398437
-0.09869384765625 0.439727783203125 -0.127716064453125 -0.297607421875
0.110626220703125 0.53765869140625 -0.334014892578125 -0.312286376953125
0.390289306640625 0.423828125 -0.52911376953125 -0.227020263671875
0.493408203125 0.23565673828125 -0.536285400390625 -0.00790405273437508
0.48834228515625 0.21405029296875 -0.45550537109375 0.0224609375000001
0.50439453125 0.1484375 -0.37945556640625 -0.032073974609375
0.338348388671875 0.26666259765625 -0.267318725585938 -0.13775634765625
0.2047119140625 0.336334228515625 -0.0198516845703125 -0.106826782226562
0.08154296875 0.2919921875 0.15185546875 0.0623931884765625
-0.012115478515625 0.31658935546875 0.150634765625 0.32623291015625
-0.03448486328125 0.359100341796875 0.016998291015625 0.50714111328125
-0.15283203125 0.547210693359375 -0.13299560546875 0.554901123046875
-0.0632476806640625 0.232070922851563 -0.435791015625 0.475677490234375
-0.059844970703125 0.154922485351563 -0.132797241210938 0.254684448242188
-0.133041381835938 0.165847778320312 -0.045196533203125 -0.0780792236328125
-0.091156005859375 0.208328247070313 -0.128372192382813 -0.262451171875
0.0352783203125 0.300689697265625 -0.344024658203125 -0.38006591796875
0.225967407226562 0.2572021484375 -0.635986328125 -0.29339599609375
0.269088745117188 0.163253784179688 -0.69207763671875 -0.01995849609375
0.262649536132812 0.152694702148438 -0.585205078125 0.01300048828125
0.276031494140625 0.129486083984375 -0.49237060546875 -0.048675537109375
0.143234252929687 0.181411743164063 -0.320098876953125 -0.1761474609375
0.0390472412109375 0.184738159179688 -0.0134429931640625 -0.131103515625
-0.017333984375 0.103096008300781 0.137870788574219 0.11602783203125
0.0112228393554688 0.0877532958984375 0.060333251953125 0.382049560546875
0.0334320068359375 0.170516967773438 -0.05975341796875 0.554840087890625
-0.044036865234375 0.314422607421875 -0.1971435546875 0.66552734375
-0.104484558105469 0.00342559814453126 0.1822509765625 -0.7027587890625
-0.0978469848632813 0.0318984985351562 0.13427734375 -0.575439453125
-0.0281524658203125 0.106521606445312 0.01263427734375 -0.386199951171875
0.0570602416992188 0.0886611938476563 -0.156997680664063 -0.202072143554687
0.0815582275390625 -0.0021514892578125 -0.054901123046875 0.154281616210938
0.00644302368164063 -0.0584678649902344 0.3037109375 0.263153076171875
0.00759124755859375 -0.0644645690917969 0.566650390625 0.06951904296875
0.00799179077148438 -0.0539970397949219 0.62408447265625 0.0098876953125
-0.0253562927246094 -0.0605239868164063 0.7176513671875 0.01751708984375
0.0142021179199219 -0.0586318969726562 0.67279052734375 0.24664306640625
0.0712661743164062 -0.0427093505859375 0.427642822265625 0.345794677734375
0.110549926757813 0.0507965087890625 0.205062866210938 0.21966552734375
0.0198822021484375 0.122848510742188 0.122634887695312 0.0398788452148438
-0.051971435546875 0.105110168457031 0.202239990234375 -0.229095458984375
-0.0676803588867187 0.0382308959960938 0.535552978515625 -0.449676513671875
-0.206573486328125 0.306121826171875 0.175537109375 -0.6552734375
-0.136367797851562 0.258682250976563 0.18585205078125 -0.52227783203125
-0.014129638671875 0.306732177734375 0.0936279296875 -0.39483642578125
0.091064453125 0.2327880859375 -0.122711181640625 -0.260894775390625
0.166900634765625 0.16497802734375 -0.0945510864257813 0.119071960449219
0.17730712890625 0.0762481689453125 0.237411499023438 0.259689331054688
0.248031616210937 0.0028076171875 0.51947021484375 0.0938720703125
0.27154541015625 0.0328521728515625 0.57244873046875 0.0201416015625
0.260223388671875 0.020111083984375 0.67034912109375 -0.01092529296875
0.238082885742188 0.124542236328125 0.63348388671875 0.1815185546875
0.210494995117188 0.219100952148438 0.4129638671875 0.290557861328125
0.1453857421875 0.32659912109375 0.225021362304687 0.170669555664063
-0.08331298828125 0.404815673828125 0.1634521484375 0.023345947265625
-0.194610595703125 0.342864990234375 0.21710205078125 -0.212966918945313
-0.23681640625 0.325439453125 0.49383544921875 -0.40423583984375
-0.3043212890625 0.58013916015625 0.134063720703125 -0.527801513671875
-0.18048095703125 0.488006591796875 0.226959228515625 -0.439422607421875
-0.00692749023437501 0.513916015625 0.148101806640625 -0.402496337890625
0.111663818359375 0.38201904296875 -0.106292724609375 -0.30682373046875
0.228973388671875 0.34014892578125 -0.142242431640625 0.0701751708984375
0.326324462890625 0.2275390625 0.132339477539063 0.222366333007812
0.45635986328125 0.08642578125 0.394012451171875 0.104400634765625
0.495635986328125 0.115875244140625 0.435089111328125 0.02716064453125
0.50897216796875 0.0767822265625 0.52545166015625 -0.038818359375
0.4432373046875 0.252197265625 0.503662109375 0.094940185546875
0.36639404296875 0.414520263671875 0.350830078125 0.197296142578125
0.225982666015625 0.539581298828125 0.231658935546875 0.1087646484375
-0.11328125 0.64227294921875 0.196853637695313 0.0361175537109375
-0.26397705078125 0.54730224609375 0.196990966796875 -0.121231079101562
-0.344970703125 0.5723876953125 0.383636474609375 -0.277618408203125
-0.3717041015625 0.7694091796875 0.055389404296875 -0.318328857421875
-0.22515869140625 0.65771484375 0.24627685546875 -0.312896728515625
-0.03021240234375 0.68121337890625 0.1689453125 -0.400299072265625
0.099456787109375 0.52117919921875 -0.110931396484375 -0.340484619140625
0.2626953125 0.512237548828125 -0.203201293945312 0.003326416015625
0.44342041015625 0.374267578125 -0.0133209228515625 0.14898681640625
0.60992431640625 0.16888427734375 0.201583862304688 0.0960540771484375
0.64874267578125 0.1795654296875 0.2298583984375 0.0324249267578125
0.677978515625 0.1083984375 0.30438232421875 -0.050567626953125
0.58013916015625 0.315185546875 0.30120849609375 0.013153076171875
0.4805908203125 0.514190673828125 0.24365234375 0.0978240966796875
0.2994384765625 0.638427734375 0.2152099609375 0.0520782470703125
-0.0821533203124999 0.7666015625 0.22052001953125 0.0776214599609375
-0.253662109375 0.6641845703125 0.167251586914062 0.0334014892578125
-0.374267578125 0.73919677734375 0.240829467773437 -0.08123779296875
-0.38739013671875 0.819091796875 -0.0613975524902344 -0.0633430480957031
-0.25213623046875 0.69683837890625 0.212600708007812 -0.155517578125
-0.09375 0.73614501953125 0.146270751953125 -0.361480712890625
0.03948974609375 0.60479736328125 -0.1259765625 -0.348052978515625
0.24981689453125 0.63629150390625 -0.26763916015625 -0.0867156982421875
0.508056640625 0.47918701171875 -0.192886352539062 0.03802490234375
0.67889404296875 0.2333984375 -0.0430030822753906 0.0686569213867188
0.7027587890625 0.22100830078125 -0.0133209228515625 0.0351829528808594
0.73333740234375 0.1248779296875 0.0486640930175782 -0.0429878234863281
0.606201171875 0.329833984375 0.0676803588867188 -0.0454444885253906
0.490264892578125 0.52008056640625 0.118904113769531 0.0115966796875
0.2979736328125 0.610107421875 0.186447143554688 0.021240234375
-0.0429687500000001 0.7271728515625 0.22955322265625 0.147415161132813
-0.191650390625 0.65863037109375 0.135086059570313 0.220169067382813
-0.3330078125 0.78857421875 0.0957489013671875 0.152664184570313
-0.33990478515625 0.722900390625 -0.19940185546875 0.180923461914063
-0.245849609375 0.59039306640625 0.118972778320312 0.010101318359375
-0.1700439453125 0.6461181640625 0.086395263671875 -0.275741577148438
-0.0441284179687501 0.58245849609375 -0.134490966796875 -0.328704833984375
0.19671630859375 0.654296875 -0.316650390625 -0.19732666015625
0.49664306640625 0.49810791015625 -0.37799072265625 -0.0938720703124999
0.6417236328125 0.2529296875 -0.302032470703125 0.0323486328125
0.650146484375 0.22711181640625 -0.253433227539062 0.0333099365234375
0.67132568359375 0.1363525390625 -0.192825317382813 -0.0311431884765625
0.51300048828125 0.310302734375 -0.136421203613281 -0.0899276733398438
0.382293701171875 0.451507568359375 0.020904541015625 -0.0581283569335937
0.210052490234375 0.47674560546875 0.163650512695312 0.0239105224609375
-0.0207214355468749 0.554534912109375 0.211929321289063 0.233612060546875
-0.110107421875 0.541015625 0.09173583984375 0.389312744140625
-0.246826171875 0.717529296875 -0.0294189453125 0.3775634765625
-0.223663330078125 0.511688232421875 -0.332122802734375 0.371429443359375
-0.181854248046875 0.3916015625 -0.012298583984375 0.156539916992188
-0.1888427734375 0.44232177734375 0.0143585205078125 -0.1683349609375
-0.09454345703125 0.44317626953125 -0.131805419921875 -0.295318603515625
0.122894287109375 0.5343017578125 -0.34222412109375 -0.3043212890625
0.398956298828125 0.416351318359375 -0.539459228515625 -0.21160888671875
0.501983642578125 0.2255859375 -0.532012939453125 0.00289916992187501
0.49462890625 0.201568603515625 -0.451690673828125 0.028656005859375
0.50567626953125 0.136566162109375 -0.38037109375 -0.0283508300781251
0.34246826171875 0.260986328125 -0.27044677734375 -0.130569458007812
0.2108154296875 0.33123779296875 -0.0226898193359375 -0.108970642089844
0.0865478515625 0.2900390625 0.153305053710938 0.0578460693359375
-0.00430297851562499 0.3150634765625 0.158843994140625 0.317718505859375
-0.0291748046875 0.36199951171875 0.029388427734375 0.5052490234375
-0.14166259765625 0.5517578125 -0.1219482421875 0.556396484375
-0.059326171875 0.235061645507813 -0.423492431640625 0.485565185546875
-0.054290771484375 0.15704345703125 -0.128555297851562 0.2584228515625
-0.1279296875 0.169189453125 -0.0482025146484375 -0.0766983032226562
-0.0899810791015625 0.211593627929687 -0.131698608398438 -0.259185791015625
0.042449951171875 0.299163818359375 -0.355010986328125 -0.372650146484375
0.23162841796875 0.251129150390625 -0.64703369140625 -0.27587890625
0.275314331054688 0.158203125 -0.68865966796875 -0.00518798828125014
0.267364501953125 0.147705078125 -0.5809326171875 0.0216064453125001
0.276992797851563 0.122360229492188 -0.491607666015625 -0.0410461425781249
0.14581298828125 0.180557250976563 -0.323822021484375 -0.167633056640625
0.0414581298828125 0.182968139648438 -0.0165481567382813 -0.132377624511719
-0.0157089233398438 0.102622985839844 0.1414794921875 0.1124267578125
0.01361083984375 0.0867233276367188 0.068328857421875 0.378997802734375
0.0359954833984375 0.172882080078125 -0.04541015625 0.553192138671875
-0.03631591796875 0.31683349609375 -0.1820068359375 0.66876220703125
-0.104415893554688 0.00587463378906252 0.16070556640625 -0.7210693359375
-0.0989532470703125 0.0346832275390625 0.11370849609375 -0.5909423828125
-0.0261993408203125 0.109428405761719 0.00155639648437496 -0.394805908203125
0.0625839233398438 0.08831787109375 -0.168304443359375 -0.201126098632813
0.082427978515625 -0.00339508056640625 -0.0504150390625 0.159530639648438
0.00547409057617187 -0.0553245544433594 0.319091796875 0.256378173828125
0.00518417358398437 -0.0651741027832031 0.5762939453125 0.052001953125
0.00739288330078124 -0.0575485229492188 0.6334228515625 -0.00604248046875
-0.0264511108398437 -0.0605278015136719 0.7271728515625 -0.0010986328125
0.0121040344238281 -0.060302734375 0.69329833984375 0.22918701171875
0.0713424682617188 -0.0471649169921875 0.44970703125 0.3399658203125
0.11505126953125 0.0467987060546875 0.212936401367188 0.214584350585938
0.0230789184570312 0.125244140625 0.125984191894531 0.0349502563476563
-0.050262451171875 0.107070922851563 0.200653076171875 -0.240768432617188
-0.0678672790527344 0.0394859313964844 0.531280517578125 -0.470977783203125
-0.197418212890625 0.319122314453125 0.154052734375 -0.67401123046875
-0.129074096679688 0.267227172851563 0.1702880859375 -0.53515625
-0.00253295898437502 0.3123779296875 0.08441162109375 -0.404998779296875
0.10003662109375 0.23291015625 -0.134750366210937 -0.262954711914063
0.173660278320313 0.162246704101563 -0.0922088623046874 0.125038146972656
0.182754516601562 0.077606201171875 0.250747680664063 0.255935668945313
0.252182006835938 -0.0056915283203125 0.52972412109375 0.07843017578125
0.27886962890625 0.0223388671875 0.58026123046875 0.003662109375
0.267166137695313 0.0119171142578125 0.67724609375 -0.031494140625
0.245925903320313 0.120315551757813 0.6522216796875 0.16650390625
0.22174072265625 0.216339111328125 0.432952880859375 0.2838134765625
0.15960693359375 0.327606201171875 0.231460571289063 0.16497802734375
-0.072662353515625 0.41534423828125 0.168060302734375 0.01361083984375
-0.189849853515625 0.353912353515625 0.215805053710938 -0.224349975585937
-0.2310791015625 0.337799072265625 0.48797607421875 -0.4234619140625
-0.284423828125 0.6021728515625 0.11773681640625 -0.542755126953125
-0.166290283203125 0.505218505859375 0.216033935546875 -0.45111083984375
0.012451171875 0.523773193359375 0.14056396484375 -0.416046142578125
0.124847412109375 0.3837890625 -0.118865966796875 -0.31005859375
0.242950439453125 0.33685302734375 -0.141693115234375 0.0780487060546875
0.338623046875 0.226806640625 0.141128540039063 0.22320556640625
0.467193603515625 0.074127197265625 0.405426025390625 0.0921630859375
0.509735107421875 0.097686767578125 0.441619873046875 0.01312255859375
0.523773193359375 0.0616455078125 0.528472900390625 -0.056396484375
0.458282470703125 0.245147705078125 0.517425537109375 0.078765869140625
0.38751220703125 0.409820556640625 0.36639404296875 0.19012451171875
0.246612548828125 0.543792724609375 0.23614501953125 0.101181030273438
-0.09442138671875 0.65740966796875 0.20208740234375 0.02301025390625
-0.25579833984375 0.56500244140625 0.197113037109375 -0.131240844726562
-0.332763671875 0.594482421875 0.381591796875 -0.292236328125
-0.34893798828125 0.79864501953125 0.0447998046875 -0.326629638671875
-0.20306396484375 0.6783447265625 0.23992919921875 -0.322296142578125
-0.00292968750000007 0.69500732421875 0.161376953125 -0.414276123046875
0.11468505859375 0.52716064453125 -0.123504638671875 -0.345245361328125
0.28369140625 0.511810302734375 -0.205474853515625 0.0131378173828125
0.463653564453125 0.37225341796875 -0.0106353759765625 0.15386962890625
0.62799072265625 0.152099609375 0.209915161132813 0.08917236328125
0.66748046875 0.159912109375 0.233413696289063 0.0247344970703125
0.6934814453125 0.08819580078125 0.303192138671875 -0.062774658203125
0.59979248046875 0.30596923828125 0.305816650390625 0.00430297851562502
0.507354736328125 0.507781982421875 0.253067016601563 0.09063720703125
0.32574462890625 0.64373779296875 0.216995239257813 0.0434417724609375
-0.0587158203124999 0.7825927734375 0.226760864257813 0.0628662109375
-0.24176025390625 0.6866455078125 0.172882080078125 0.026763916015625
-0.3548583984375 0.765869140625 0.2430419921875 -0.088958740234375
-0.36553955078125 0.8509521484375 -0.0642967224121094 -0.0622634887695312
-0.2296142578125 0.719482421875 0.21142578125 -0.1617431640625
-0.06719970703125 0.75274658203125 0.138824462890625 -0.3751220703125
0.0552978515624999 0.61370849609375 -0.138153076171875 -0.35272216796875
0.2760009765625 0.63922119140625 -0.27349853515625 -0.0764770507812499
0.533355712890625 0.474456787109375 -0.197402954101563 0.0487060546875
0.7003173828125 0.2144775390625 -0.0384941101074218 0.0701217651367188
0.72320556640625 0.19805908203125 -0.0125770568847656 0.0333194732666016
0.750244140625 0.10369873046875 0.0439376831054688 -0.0481452941894531
0.6243896484375 0.3204345703125 0.0664634704589844 -0.0480995178222656
0.515380859375 0.51287841796875 0.122665405273438 0.00565338134765628
0.32366943359375 0.61248779296875 0.187026977539063 0.0132293701171875
-0.0194091796875 0.73968505859375 0.23858642578125 0.134048461914063
-0.177001953125 0.678466796875 0.146469116210938 0.2174072265625
-0.3115234375 0.81512451171875 0.101837158203125 0.15216064453125
-0.32269287109375 0.74969482421875 -0.196640014648438 0.19061279296875
-0.22833251953125 0.61053466796875 0.121047973632812 0.00909423828125004
-0.14654541015625 0.66510009765625 0.079742431640625 -0.285797119140625
-0.0302124023437501 0.5958251953125 -0.1456298828125 -0.3326416015625
0.22137451171875 0.6593017578125 -0.32806396484375 -0.187713623046875
0.5203857421875 0.494232177734375 -0.3907470703125 -0.078033447265625
0.66650390625 0.2366943359375 -0.302276611328125 0.041900634765625
0.6689453125 0.21014404296875 -0.255661010742187 0.038055419921875
0.68463134765625 0.1163330078125 -0.200454711914062 -0.0284271240234375
0.53179931640625 0.304595947265625 -0.142822265625 -0.08612060546875
0.402130126953125 0.445770263671875 0.0197715759277344 -0.0628013610839843
0.2291259765625 0.478271484375 0.165664672851563 0.01702880859375
-0.00146484374999994 0.5628662109375 0.22381591796875 0.223846435546875
-0.0976562499999999 0.557525634765625 0.108154296875 0.391326904296875
-0.225830078125 0.74127197265625 -0.017913818359375 0.383880615234375
-0.211822509765625 0.5308837890625 -0.323150634765625 0.388824462890625
-0.169921875 0.40496826171875 -0.0082855224609375 0.161422729492188
-0.1741943359375 0.454681396484375 0.00827026367187498 -0.17279052734375
-0.08636474609375 0.45709228515625 -0.140777587890625 -0.297943115234375
0.1407470703125 0.5411376953125 -0.3570556640625 -0.296722412109375
0.42022705078125 0.4110107421875 -0.558624267578125 -0.192596435546875
0.5208740234375 0.213287353515625 -0.53765869140625 0.0186462402343751
0.510711669921875 0.19036865234375 -0.459808349609375 0.0390014648437499
0.51702880859375 0.1220703125 -0.38922119140625 -0.0194091796874999
0.355560302734375 0.258270263671875 -0.2796630859375 -0.122421264648438
0.222900390625 0.328857421875 -0.0271148681640625 -0.113136291503906
0.0963134765625 0.2911376953125 0.158126831054688 0.052459716796875
0.00686645507812498 0.3192138671875 0.17230224609375 0.31365966796875
-0.019256591796875 0.37359619140625 0.050994873046875 0.51019287109375
-0.12335205078125 0.56884765625 -0.10516357421875 0.5684814453125
-0.054534912109375 0.242904663085938 -0.413238525390625 0.504852294921875
-0.0483245849609375 0.160415649414063 -0.123184204101563 0.268997192382813
-0.123062133789063 0.176376342773438 -0.0527191162109375 -0.075103759765625
-0.088104248046875 0.22015380859375 -0.1387939453125 -0.261077880859375
0.051666259765625 0.30242919921875 -0.37286376953125 -0.36798095703125
0.24261474609375 0.24700927734375 -0.6690673828125 -0.25408935546875
0.28759765625 0.152740478515625 -0.697509765625 0.0169067382812499
0.277694702148438 0.142608642578125 -0.58905029296875 0.0361938476562501
0.28375244140625 0.11480712890625 -0.5010986328125 -0.0291748046875
0.152297973632813 0.181381225585938 -0.334503173828125 -0.158843994140625
0.04632568359375 0.184463500976563 -0.0217666625976562 -0.136466979980469
-0.0139846801757813 0.103904724121094 0.149765014648438 0.110244750976563
0.016815185546875 0.0872955322265625 0.082366943359375 0.37982177734375
0.0421905517578125 0.177780151367187 -0.0249938964843749 0.560882568359375
-0.02642822265625 0.32568359375 -0.16290283203125 0.68310546875
0.0550272912686409 0.165587056452061 0.71832429589385 -0.298786040983552
0.0970003016606095 0.119214495660626 0.617750788420649 -0.214235358157378
0.119710168996735 -0.00749823316452245 0.351862495240577 -0.235158434311766
0.0464638040568007 -0.102869909259282 0.0623974421112443 -0.253443746193591
-0.0602552060148288 -0.0747619514983007 -0.178712234148732 0.0588457083516549
-0.0721181304803025 -0.00290770757643202 -0.0731762764570363 0.40916057609104
-0.0950523861259296 0.0272929068760311 0.166092227549092 0.572926436991484
-0.0908119138943801 0.0393264805803421 0.318791064350394 0.610519988373492
-0.0860155895834502 0.042505241791596 0.317287198576476 0.679522108990266
-0.0967228892894321 0.0301151806812991 0.146243859003439 0.709167852194555
-0.104602876353226 -0.0377674651175869 -0.090113831264623 0.605864964254816
-0.0462590634563567 -0.141280928866145 -0.11086086798616 0.310468031692537
0.0600344167265824 -0.112143329766393 0.0328020389585523 0.1150783963727
0.0984199529471069 -0.0136501184278081 0.311387942205788 0.0387861389533206
0.0423936559426249 0.0595244655854617 0.685709290604636 0.116027187332136
0.357858876947957 0.0639336897528356 0.641632808032831 -0.314374842495734
0.298096401218154 -0.0150301984668631 0.561448562327636 -0.16976580467512
0.264679594067474 -0.147251312572224 0.358820547299418 -0.17853230767603
0.141418857530903 -0.233382695095585 0.0938518599089131 -0.261909447353087
-0.00432949841951706 -0.259891943078754 -0.19852499221549 0.0102613034409497
-0.0778102589252404 -0.223552322639921 -0.136110284817844 0.364737096348845
-0.172911749889552 -0.226557049899241 0.0883358871966118 0.555610158788044
-0.207574315893694 -0.209271853342438 0.26537246758697 0.585525424724911
-0.195337678517495 -0.250863555694518 0.292149460794877 0.638486155001283
-0.105314805471002 -0.271395174949353 0.138047224212932 0.643203556231793
-0.0149525523291458 -0.328008900076404 -0.0869853418850212 0.548179112535176
0.167621314939346 -0.354688417907523 -0.09044346680733 0.270316651112141
0.318967887422119 -0.259388842858402 0.0612464290525355 0.10839968910084
0.369267235110774 -0.0585698635329333 0.307363450128277 0.0271731113370838
0.357831406333374 0.0313697267968247 0.639924149884827 0.0816533584355879
0.637954633970607 -0.0355567362441351 0.476323551791466 -0.304969508913397
0.507920523764148 -0.150593453728004 0.470658654589632 -0.11828880083272
0.427282710706368 -0.287887891128944 0.347233967925706 -0.150810157571723
0.253096583778705 -0.35743279664066 0.103816001491656 -0.28399189894446
0.076435390647053 -0.436048398532311 -0.212808076229407 -0.0563439633249795
-0.0524774029067633 -0.434420179378503 -0.190419888063383 0.26419281605727
-0.214709403530949 -0.461832108742368 -0.00561786213408175 0.454358204521481
-0.294202064185076 -0.427301906967822 0.172387550695281 0.473815576052262
-0.295134865586622 -0.495920741899686 0.226660792513841 0.504157800720187
-0.137152805022068 -0.517119587684977 0.109449521477999 0.491196315713846
0.0160918350832015 -0.581070048488968 -0.0707229438817087 0.434533518141001
0.29762918113113 -0.563059573834876 -0.062823055743738 0.223333286434862
0.4917734677669 -0.421882422208054 0.0573262121938415 0.122616960748835
0.570365657486324 -0.140996388382196 0.213729957417989 0.0332002495458073
0.611430551073692 -0.0273995917137079 0.486042187315065 0.0507074366509379
0.835429779510782 -0.117471011499173 0.229617752000093 -0.265950441991647
0.669509080319954 -0.247111690798789 0.339150226060372 -0.0587301867672559
0.576942106861068 -0.377999816901893 0.320555854407765 -0.153892520951744
0.385830082360747 -0.451010483693384 0.0965104531698065 -0.326045369666398
0.179010214960725 -0.591693876684349 -0.218456484606804 -0.150969969785511
-0.00814695358259182 -0.613266992574458 -0.229596319765088 0.105707159944214
-0.218402768504666 -0.64808335338502 -0.102151228584122 0.275978391218909
-0.338528362989619 -0.584705960212356 0.0487311985324469 0.289639594222078
-0.35942980493654 -0.652448533494128 0.119160904550834 0.301757664029781
-0.169992661349513 -0.67002597399164 0.0484868923403923 0.281282527850413
0.0106950384746048 -0.730627981786856 -0.0571727856027842 0.279617767943429
0.335684106989674 -0.690252203662349 -0.0399918792608337 0.172110148619488
0.546454618299257 -0.539539835978694 0.0281930244706237 0.158200839653716
0.65533738077461 -0.234486724686993 0.0575528309158512 0.0809512306567645
0.760391720502774 -0.108285981111245 0.248296579301901 0.0506528662537063
0.894973254075613 -0.164931546667415 -0.0641505317674734 -0.212130025001766
0.716268874703265 -0.267472851513377 0.17010674536538 -0.0109507290434801
0.663805485961114 -0.365483922463629 0.264745646348447 -0.174336894276545
0.507231286061188 -0.459524573866416 0.0811958498226473 -0.370792775198562
0.286173825505101 -0.672470287289053 -0.195020709634921 -0.270055054684857
0.0424540163495557 -0.717866664006485 -0.241995078412563 -0.106763256192735
-0.189141487536289 -0.745814704500943 -0.189515622688535 0.0340643239432608
-0.328940709263601 -0.654075690832202 -0.0858690490526254 0.0589102905325015
-0.361606105799939 -0.705029851081644 -0.0119160077393051 0.0691872856164428
-0.158456584374955 -0.700510280029828 -0.0295613190651208 0.0522721592784522
0.0150813218083194 -0.733312795399331 -0.0449084209724515 0.113299229830191
0.311492586230137 -0.664991926006712 -0.022805632188947 0.133439814765934
0.49003943987679 -0.542305680356452 -0.0232321342953012 0.214409032137061
0.61188664454471 -0.288133160287744 -0.127334177255094 0.160131508635059
0.782134216793835 -0.181301477263546 -0.025103102537959 0.0836657796973891
0.800283507448188 -0.175294126542854 -0.34677388718077 -0.162417370751652
0.633022776686688 -0.215686482046181 -0.0185664764489206 0.0051685750057305
0.642669104177285 -0.254534915372554 0.176248641612374 -0.190128961086973
0.554997785116481 -0.376206496937217 0.0747649272001413 -0.385702979844945
0.348961585151727 -0.63892052246986 -0.124533937312874 -0.393534171741094
0.0824796675860815 -0.704874138092751 -0.22027394148811 -0.341585167254841
-0.135890832592978 -0.725634360202002 -0.257211784331424 -0.23263369265871
-0.267540202295125 -0.624630975266632 -0.207752866244196 -0.179193384263413
-0.29308657576494 -0.652254126374297 -0.130444501089928 -0.156470709567706
-0.0977634183913343 -0.615154087378367 -0.0873285708834908 -0.151234305198243
0.0481838052300144 -0.600007528039972 -0.0150633800708944 -0.0223589848718364
0.257003534786267 -0.500308903272996 -0.010977335918469 0.124377136985978
0.36073227940787 -0.429691698110118 -0.0935768651291019 0.268598703072308
0.475576572969375 -0.285518827192803 -0.2989210109368 0.233410529045444
0.684546591018356 -0.221465581401765 -0.282114061285916 0.141884150432468
0.576890968380261 -0.168279334123227 -0.569077416475383 -0.123739230466002
0.435191085464602 -0.143827509893699 -0.201322471675917 -0.00318163918662796
0.489088911659802 -0.113788665288769 0.0800835389640856 -0.179594631265093
0.474352003915111 -0.232275412411212 0.0879231614782875 -0.360665247408264
0.328048613824926 -0.480997330062363 -0.0203151292152701 -0.495188343321961
0.101384640281756 -0.559388402808907 -0.178031887969272 -0.554216670452554
-0.0628862188713658 -0.58456329114428 -0.30295235978388 -0.473935366766366
-0.165169568225593 -0.499835635956884 -0.298568390056655 -0.387148755247762
-0.175957318381842 -0.507408024209526 -0.204448198552433 -0.341739281340461
-0.0110856026622746 -0.448744338075705 -0.0990295604529192 -0.295815712905792
0.088570844521308 -0.383644141253172 0.0383805711591588 -0.0965408062470928
0.179344000756128 -0.267354320619635 -0.00967736355015325 0.146391741072101
0.198417112934859 -0.262332377492145 -0.180104030386065 0.296094843263479
0.291228008771484 -0.240487660132998 -0.429032011573837 0.266105523698989
0.503889462487784 -0.222501163944221 -0.486175078877878 0.204061358946732
0.265838854408525 -0.152113832341693 -0.695721336203866 -0.0880679667564841
0.165480866453443 -0.0951173302069097 -0.337969070462707 -0.0056230022022579
0.228439271002639 0.000815874083753116 0.0115864886795714 -0.139745191367969
0.271137765065118 -0.0631484684833712 0.11798155060175 -0.310656128982387
0.22414612841065 -0.232103254534051 0.0780516466182414 -0.557892149952303
0.0979838110996317 -0.309191306411615 -0.13583909553471 -0.698009702844259
0.0196600303996631 -0.343044390658357 -0.322503104096526 -0.643579942678779
-0.0380661018617971 -0.302461963964741 -0.345030480407635 -0.533206642998415
-0.0359230847132069 -0.299417581319577 -0.221350794500629 -0.468595658068881
0.0647664906160422 -0.236591875401803 -0.0637236006778607 -0.367828063398061
0.104989832199673 -0.152995839906226 0.0948871532610663 -0.105807511717305
0.089085268159096 -0.0584082648217836 -0.0333018757652156 0.180821277741848
0.0461289413427427 -0.102192550389007 -0.271243944228441 0.277646238392232
0.112260934780877 -0.170242528562033 -0.506160161565406 0.248764217891635
0.267783032963495 -0.179555106696057 -0.616484583151115 0.2561999099258
0.0649175625648347 0.162447186338119 0.701521313320422 -0.349897550290964
0.105306048431644 0.113549683736918 0.603933292045444 -0.258490479027078
0.119410041412122 -0.0154815928958363 0.340279868129356 -0.258615203608909
0.0392160655488845 -0.106223331828799 0.0454049005450835 -0.259989541281655
-0.0641892469087117 -0.0721497542238677 -0.176489098872018 0.0711475478052855
-0.0722367578008353 -0.00187247649576243 -0.0457677431834811 0.414355747277533
-0.0930501869893813 0.0329506116328724 0.202564577113015 0.561251297197
-0.0898748289060042 0.0466272342633103 0.354193132128456 0.592808439982708
-0.0842383376308447 0.0476040825990015 0.359214919115563 0.660184870254013
-0.0944263568662504 0.0369716266768048 0.194572531834222 0.702774944834663
-0.108285311701972 -0.0296771444203456 -0.0483486023305152 0.616713038956386
-0.0575835076476147 -0.138526579809718 -0.0923484889050542 0.317347717016011
0.0548982889446597 -0.116953239132899 0.041056370739021 0.111454489925383
0.0977374168982962 -0.0184958735910213 0.316299875488828 0.0195366018315461
0.0453507829430826 0.0574086343779906 0.693990987175167 0.0762373518624836
0.363325875829399 0.0384966574828992 0.62374682914567 -0.359757840981951
0.297467054599617 -0.0351226405550403 0.549606053904132 -0.208032945539527
0.25444953890819 -0.166572183351438 0.351337883718434 -0.201991790533927
0.127526948227449 -0.24206077679104 0.0777095404887928 -0.271474688625747
-0.0202088420661404 -0.259798652778997 -0.199253326963885 0.0236297940322738
-0.0910393041371553 -0.224208156021571 -0.113233606066167 0.373609050880297
-0.188139663439931 -0.216366556197629 0.125572504392392 0.547914835397595
-0.223437089128874 -0.194784857525605 0.301093244083679 0.569528345664247
-0.2140098062633 -0.239996190494537 0.331798788533666 0.619712387107307
-0.121682105035393 -0.267420093900739 0.180694514405927 0.637633070314922
-0.0373526739819239 -0.328320688021621 -0.048939052741191 0.559262882717693
0.145444755735134 -0.367611183869306 -0.0748852115958711 0.274496516555196
0.304637988178323 -0.281216306497186 0.0711498926742043 0.101446202816105
0.369873024506845 -0.0802241267944456 0.311804161089956 0.00726582698367422
0.362116959487975 0.0078939459805086 0.648525668802606 0.0413705967385302
0.638738554864319 -0.0818774723606745 0.456988052169687 -0.338343509226622
0.499393305895335 -0.184846437638963 0.461547134655381 -0.148283207799515
0.406542821011964 -0.319966960278631 0.341385446020579 -0.173621140986598
0.233409332841631 -0.374610211590597 0.0874310247592631 -0.295132654779995
0.0479541125206747 -0.441738437481793 -0.216602318988498 -0.0412325203824808
-0.0795288872436126 -0.439102102407053 -0.176192268813366 0.277251118903238
-0.243179939589902 -0.449602771331903 0.0261413292660581 0.452764726775338
-0.324412215207966 -0.409149268339506 0.20178294286921 0.462149051683433
-0.330793202007455 -0.478472547617898 0.258972382653372 0.487204463273098
-0.171235226772181 -0.514621604875057 0.14248980464392 0.485520637703093
-0.0221287129882286 -0.584165238181797 -0.038334642971598 0.444043951754462
0.263650389621631 -0.58813029473597 -0.0507139755375118 0.225089812105988
0.468497531753165 -0.45652410486953 0.0703267125515168 0.113380223372085
0.567603885811656 -0.176589750366305 0.218710680778136 0.0193951193722086
0.613912591176068 -0.0681416591336927 0.490677296220619 0.0219480924176349
0.832694738039777 -0.178633492874915 0.211883648847746 -0.281749699350164
0.652064983587886 -0.294024218350124 0.333808750910218 -0.0770333405376896
0.549538657817804 -0.420415174795359 0.316211030151244 -0.174928667864869
0.361371461904524 -0.476222263132384 0.0786049958107977 -0.337314019704448
0.140892679451461 -0.602486799784631 -0.228275111724973 -0.135043463463494
-0.0467939047698097 -0.621578175108748 -0.227613586558443 0.12152391683002
-0.261857914235534 -0.636735077931056 -0.080664107077984 0.28144442640467
-0.379770514515147 -0.564283483455484 0.0666546734179846 0.285113496059782
-0.407105062961277 -0.632175528587226 0.136692720846468 0.291567163964542
-0.212807118613647 -0.666110393057403 0.066185239765935 0.277968754677853
-0.0371886407309603 -0.73466054930034 -0.0353492979544627 0.285528603658146
0.292029001692076 -0.717676670085446 -0.0306883522399776 0.172157938383024
0.514745922158459 -0.579368117070848 0.0432919995875106 0.150410548221707
0.645611575333454 -0.27684685263072 0.0647224926283136 0.0771733713802574
0.758515353591623 -0.16133401710843 0.251730623166672 0.0351371059559235
0.890604332092581 -0.229144105443493 -0.0790530898646199 -0.206577638633394
0.699937264141681 -0.317175009060011 0.167796480629455 -0.0179820289591548
0.63948494999033 -0.412001463589246 0.258320535511044 -0.19302186056221
0.484534563907832 -0.495694454872796 0.0595098608504921 -0.381089643893375
0.241960478602751 -0.692946954714503 -0.211809390997256 -0.255856561109582
-0.00269965791998512 -0.73078648930187 -0.255220846138135 -0.089135698010934
-0.240823025608187 -0.738720706496976 -0.18395428821982 0.0465864509451737
-0.374971364680029 -0.63439225761953 -0.0811423044445839 0.0624152515256343
-0.410658424634425 -0.683918745732203 -0.00987957195072476 0.0661188901801953
-0.202868454140919 -0.699035294157008 -0.0277816769639625 0.0528839800550953
-0.0336278072906836 -0.736932440226448 -0.0344930911533982 0.1161339899109
0.270770998925887 -0.691623912290382 -0.0150863549940231 0.132383813721005
0.455465258288076 -0.575220066757574 -0.00388831805566045 0.210227116059597
0.599686936128704 -0.331038259533695 -0.115124275040256 0.168782210446765
0.774874954116678 -0.23607022148816 -0.0209226940334334 0.0849560782788208
0.795386156374552 -0.231679273458697 -0.358307797926552 -0.138496636837315
0.616754250286921 -0.259001423730134 -0.0205916201501913 0.0113789823055849
0.62574968796051 -0.300118344371173 0.165684224523294 -0.203595650319026
0.539557951462149 -0.412871342920447 0.0526696924106943 -0.39616606994563
0.309271850124208 -0.662381462821196 -0.15027723794942 -0.385161841805777
0.039658469723534 -0.718332441432574 -0.249257360670285 -0.325688593904983
-0.187002865538589 -0.721868713683597 -0.269540272696877 -0.215149898158383
-0.310917918667721 -0.610892289154356 -0.218150536993263 -0.169096011282974
-0.338496412935499 -0.635194592096462 -0.143141831207297 -0.152153419080422
-0.136995562808585 -0.616688244767931 -0.0996378785003946 -0.147053971152221
0.00964916745702537 -0.603749024803859 -0.0134476165104077 -0.0241090559748131
0.22645480233841 -0.5182259283494 -0.00171892226102321 0.123616025257287
0.33209377680825 -0.452786694132901 -0.0709186908350982 0.270518357024118
0.461433616620542 -0.319922328399538 -0.281105993278324 0.252869252304953
0.674650403297365 -0.270901678476632 -0.276337712719611 0.159456348309184
0.571014334232513 -0.208918981904449 -0.579110327864636 -0.0857348224060731
0.425259759933337 -0.173534974455461 -0.204094777748054 0.0138178457267855
0.482533575535934 -0.146931751620766 0.0685568161560097 -0.186058238275376
0.466670604773605 -0.262108026855207 0.0684606701637414 -0.370254702656056
0.297642434637027 -0.504078281175296 -0.0514511531927643 -0.495933849644365
0.0646779146362956 -0.571262157231187 -0.218088315882762 -0.542671567499974
-0.10449557533341 -0.583914223047082 -0.330821873260399 -0.454559660906963
-0.199418247026768 -0.492214643867384 -0.32194291898286 -0.371036701504923
-0.209353115604167 -0.496424326819668 -0.228063806002625 -0.333282813271547
-0.0375532944456435 -0.452452532410418 -0.120180388685344 -0.290160153273237
0.0645901106999457 -0.388804960610025 0.0338572452685559 -0.102402049630459
0.163377030205225 -0.279384911218905 0.00149858781232095 0.147918842028255
0.181327513517207 -0.274993338587285 -0.157122464888641 0.306300902248308
0.279464410185459 -0.262445365148348 -0.409330372665745 0.293837711906955
0.492240555408665 -0.257803113133485 -0.47496757628378 0.235186649198032
0.259694379423918 -0.169884955336016 -0.700845973090478 -0.0431961544366309
0.158554776716451 -0.10535545441612 -0.341489780354781 0.0179427511453636
0.229400215183146 -0.0138969540986362 0.000717311773359091 -0.141227742030581
0.271346907420522 -0.0799671051104032 0.101300440425703 -0.320137070988001
0.211381999964677 -0.245966166740111 0.0423166148633747 -0.566622057145713
0.0798722649480476 -0.317181156453995 -0.183577940405055 -0.690392714575229
-0.00489132708182317 -0.347385911430266 -0.361475902288529 -0.623166623778975
-0.0580504732983292 -0.302477543185088 -0.376634588827113 -0.513599540275382
-0.0551809921064559 -0.296809133347025 -0.252303062538676 -0.457021565096372
0.051197267951269 -0.243150504897853 -0.0898227364406733 -0.363427990301907
0.0955922876927741 -0.158668244364367 0.0891910874266252 -0.114312000392542
0.0855965172092429 -0.0631297894228846 -0.0198459747231675 0.185829210682203
0.0391711048268732 -0.105777079888226 -0.251965263508657 0.293868225198211
0.102119323247844 -0.180433158431776 -0.488572625123352 0.281755692106278
0.258350972278153 -0.199022697808643 -0.602848089353034 0.295428680859177
0.0720248621913734 0.155975585037347 0.668839936270336 -0.387525451558944
0.11047081818904 0.106135546939117 0.575430149582902 -0.294066544091757
0.116954354763268 -0.0227278380028587 0.321178167432529 -0.275411168112339
0.0324331188972187 -0.106781472066773 0.0289071996640963 -0.259612535644403
-0.0659686167226698 -0.0684514576791473 -0.170124910596568 0.0807910961436638
-0.0709962161351153 -0.00115965973802719 -0.0204952792597635 0.409619015900878
-0.0896699696074738 0.0372789562897082 0.231014455884718 0.536195548717251
-0.0860965822719878 0.0531861485637966 0.38089265951916 0.561838436711675
-0.0812237797628018 0.0514832611364585 0.389873125560567 0.628956990967563
-0.089605114239963 0.0426790682538725 0.235168435511299 0.680675620777113
-0.10906469099943 -0.0211813971770128 -0.00948012628373251 0.611504979966555
-0.0663831665181827 -0.132520051937959 -0.0743883956124107 0.315711215131236
0.0487443948127705 -0.119543785754116 0.0476000882199516 0.105856637628657
0.0956058698555117 -0.0218177358630231 0.313450700323031 0.00211693954584972
0.0479220515597992 0.0545961524031517 0.689819244317629 0.0368949500697418
0.359023308681698 0.014610908560207 0.589684720924068 -0.393655124542571
0.289488017376159 -0.0527103373500438 0.526330361817084 -0.240186707829534
0.239756023800693 -0.180049823519365 0.336664769359688 -0.219710064108915
0.112308367076893 -0.245354012786419 0.0606783370551717 -0.274190112031935
-0.0334462549667416 -0.253970145855026 -0.193513205318971 0.035286977786246
-0.102841213982527 -0.219998778558526 -0.0899567699643791 0.373098868773768
-0.197954918672521 -0.202561071091633 0.154755666040175 0.526679097595343
-0.231610878085906 -0.176642229701674 0.325689254723205 0.540188681312848
-0.227667562473758 -0.224367324157981 0.362038324337667 0.58944892617968
-0.134263805095213 -0.257869033558219 0.217373130372464 0.617364527472426
-0.055361874304963 -0.319858623514054 -0.0124307418472811 0.555580676884646
0.120429566273049 -0.37197135465055 -0.0600429147036186 0.272891632378395
0.285614390676033 -0.294914026104722 0.0778490986814613 0.0916627873780392
0.36144780726947 -0.0986848536224151 0.308318969447797 -0.0103005938658549
0.357688285848368 -0.0135865681584345 0.641277336492573 0.00597605048653779
0.623490369481334 -0.121477945168969 0.427862312926317 -0.361233157410307
0.477140884362765 -0.213138274721894 0.441959835167636 -0.17181322279091
0.378620026122303 -0.339172904519883 0.32932214449473 -0.191337930880746
0.209912492735604 -0.381462904465852 0.0703757720990299 -0.298822385575968
0.0216701620655759 -0.434390961363976 -0.213445091156329 -0.0272980711386395
-0.1042607108227 -0.431708576441478 -0.158763279381875 0.283665336829645
-0.26826775908428 -0.428392139489841 0.0533497657772255 0.441373021954578
-0.34467722846227 -0.382445843109098 0.223410886405438 0.441798846539412
-0.357164877806851 -0.453839714222395 0.278685295539339 0.46408268126908
-0.196984343325254 -0.502926104299765 0.168605674161969 0.469125019164824
-0.055361685888384 -0.574713000918136 -0.00871624611960447 0.44061377391932
0.22587617898951 -0.59654034783159 -0.0387599150603886 0.222356144037975
0.435850331469565 -0.477954543692486 0.0787746464925059 0.101084844297623
0.551898291112616 -0.205934590716065 0.218242123020806 0.0059091948985846
0.602651404789786 -0.10357892787397 0.484849145887279 -0.00600505261065821
0.810532134060646 -0.229545100469329 0.190096826228748 -0.28836033614067
0.622016393706923 -0.329399916134356 0.321888750428769 -0.0918419515298463
0.513331088318958 -0.449106320386285 0.303285652603641 -0.189742199081415
0.332421752302778 -0.489838625342426 0.0588593509410014 -0.341527281430284
0.104318214023452 -0.598646723386694 -0.229699496976772 -0.118778623125559
-0.083029034731594 -0.615412006740524 -0.219984238901479 0.134546401523847
-0.298695947122791 -0.612792993505189 -0.059956582859066 0.279196901462577
-0.408016933404532 -0.531197608389151 0.0810505334510735 0.273475072905905
-0.439661754278189 -0.598123850484763 0.148918128915611 0.276283215707617
-0.246396245271828 -0.650696132671665 0.0805461717560632 0.268197606104511
-0.0801386648011733 -0.721158863221072 -0.0143253418803178 0.283061874526215
0.2461718057649 -0.727697872207579 -0.0218201785598089 0.168466325970726
0.473051469231818 -0.60020616196472 0.0554747991677953 0.137937164254552
0.626388965286775 -0.309577249509452 0.0705072375225657 0.0703867160723155
0.739454409250542 -0.206035764404753 0.24907989513931 0.0195582234715482
0.863478619689992 -0.28427314927529 -0.0901617756504117 -0.196634189624627
0.667553818311272 -0.354076707753725 0.164098815316709 -0.0219913217679246
0.602154944237902 -0.446055455437341 0.244825337580974 -0.205683508519094
0.454279384959513 -0.515551095162009 0.0382491512917348 -0.384684177531587
0.198733456808711 -0.694468749990444 -0.221784510696152 -0.238034777592037
-0.0463292188557878 -0.725862965842551 -0.261603260151639 -0.0698832636371188
-0.283316004615701 -0.714251312704759 -0.174266373830584 0.0545078381886142
-0.408100509197088 -0.602703610502137 -0.0761062844369895 0.0631376405390258
-0.44798661573018 -0.648128707855004 -0.00882454173683304 0.0626488213803842
-0.239661003865298 -0.681193640830711 -0.0263920167395296 0.0526714395186413
-0.0765649413752144 -0.724131133543099 -0.0240999928049219 0.114749966615547
0.226264651601825 -0.69893383250346 -0.00761729449579585 0.129183310297824
0.414060597901757 -0.594247584633212 0.0120742748399218 0.199782954333676
0.575436604926329 -0.361503012241476 -0.0998163199555248 0.17124868983419
0.751612960426941 -0.281282422529023 -0.0171108528098182 0.0845505585190057
0.772281629515422 -0.281012830996792 -0.359385933413693 -0.11341005083484
0.591748426053234 -0.289642886442758 -0.018380791420444 0.0172985931056536
0.597145077910334 -0.332504343462711 0.152464238041772 -0.211497086132627
0.514330546454909 -0.438540302027773 0.0301486425630231 -0.398581209213016
0.266675633423533 -0.668773758673606 -0.168869321181327 -0.369704032684841
-0.00388245904317337 -0.714719089594572 -0.26921366641428 -0.303138551602585
-0.230306944362338 -0.702588545554413 -0.273530187258136 -0.195696142916306
-0.344417993340975 -0.581606628794386 -0.223807487329134 -0.156491303125421
-0.371886230847508 -0.603520456339501 -0.152069256047781 -0.143638600990595
-0.16931382010287 -0.603661140198728 -0.109778082025176 -0.139344287349082
-0.0236216020456347 -0.59369055698334 -0.0121913148373425 -0.0259669145283697
0.193277805033988 -0.523242712635981 0.00680625419225809 0.120954371622152
0.30001492553417 -0.464625893385782 -0.0504330573683112 0.264505411592549
0.43572344378256 -0.343725752036656 -0.258545278004774 0.265401933527047
0.649309230015246 -0.310314462539527 -0.264456059693287 0.172119607942259
0.552440895483072 -0.240818890762524 -0.570666048723627 -0.0498421490919351
0.406085796084827 -0.194264441495506 -0.199624911062555 0.0292761673144679
0.467576850597551 -0.172845815399354 0.055080131546546 -0.188812677721103
0.451813273237537 -0.283703710905156 0.0468990126081588 -0.372980035869713
0.265697727192229 -0.512449040954483 -0.0795175211268835 -0.484528839421983
0.0309400902306785 -0.569493991299264 -0.248216896515053 -0.517769352068943
-0.142740733509267 -0.571381165676046 -0.34801700325689 -0.426395401824513
-0.226704885730076 -0.473759354091501 -0.336755435443093 -0.349502050594286
-0.23685894561962 -0.474744468231671 -0.245304459410926 -0.315443242856373
-0.0624643794786365 -0.445805911747549 -0.137197529066413 -0.277803214406607
0.0424763659592676 -0.384705230150181 0.0291547788314896 -0.105353856158692
0.14489424638708 -0.283462040562519 0.0124435023467696 0.146365434498936
0.160794048551629 -0.280915505150318 -0.133993832500646 0.306460152908346
0.260219818214795 -0.277836453805386 -0.382127950058862 0.311506004022426
0.469654955890736 -0.28419003921723 -0.456102413159923 0.259175149787261
0.248431523018386 -0.182514331353634 -0.687820864494957 -0.00210900555546645
0.148556934722309 -0.112521336910521 -0.335126403617764 0.0396662980048296
0.225386781407373 -0.0274683748955454 -0.0107763128457614 -0.138661487592423
0.265342069560537 -0.0940946359207876 0.0817918001980918 -0.322402001357139
0.194558436327291 -0.254078045063269 0.00906094525457124 -0.561741038071026
0.0599342798128782 -0.317065898405498 -0.222733972916094 -0.664875612115477
-0.0296580998696898 -0.34290075343091 -0.389438418329409 -0.589339292894388
-0.0754468547796797 -0.295518685347596 -0.397954195905345 -0.485925135340745
-0.0713282344304849 -0.288749974697177 -0.275228024194165 -0.435817706135356
0.0362071201443576 -0.244035072596077 -0.110175084192314 -0.350934149685775
0.0858398852545492 -0.160862668790373 0.0811699392458635 -0.118833830455704
0.0811766290694619 -0.0651907333177603 -0.00552689745316692 0.185853490445289
0.0318365839457875 -0.106247624401528 -0.228693041193118 0.301826859486613
0.0904417897951487 -0.185585634888091 -0.460343409783433 0.302961537703753
0.243537311811752 -0.212064913530199 -0.577859138516888 0.324507120996566
0.122375519116434 0.113378560120345 0.478940506815066 -0.585620952124641
0.142924499241333 0.0524375308679666 0.423367569260311 -0.464966531410099
0.098941815132727 -0.0659330622830855 0.206894913387381 -0.356208485160039
-0.0109306436882218 -0.111305353399778 -0.054563626842574 -0.248038856945258
-0.0848971988244076 -0.0407461100042467 -0.126243387493604 0.129592993265178
-0.0671544812246197 0.0250355777317031 0.122467683265853 0.380665416729795
-0.0688562961710739 0.0686907203766375 0.397568819433434 0.407681338096483
-0.0573207616571686 0.0805333518366751 0.538727610118811 0.380565640790061
-0.0574990618613371 0.0757544130797482 0.565609652614623 0.44608560280715
-0.0659496533831998 0.0658880015538049 0.441127578730112 0.546005131974464
-0.10749730861277 0.0191724873554894 0.201442846102192 0.557584996091553
-0.106713331973996 -0.0990965489988276 0.0348179761546139 0.315797138615779
0.00624271202745288 -0.127365018544099 0.0763100568459468 0.0821877332404243
0.0796896107732854 -0.0514385624812346 0.289796166487277 -0.0999151113198367
0.0584578378019043 0.0372984103980787 0.642388667271251 -0.182290233298922
0.340992123639527 -0.12415223211976 0.402872425810727 -0.5503536154221
0.250735074758121 -0.159732685739414 0.398834852733454 -0.383364017342304
0.155330429974192 -0.255679096004461 0.245398899507598 -0.300402065791312
0.0124598162341999 -0.267481427027211 -0.0235652969061602 -0.266617758062044
-0.118508509123739 -0.220436210519727 -0.155091732067913 0.0988459879709482
-0.170342048975058 -0.164397228075522 0.0535631151611749 0.37408801660071
-0.254265435716309 -0.117473455162878 0.332951302637935 0.432191713686751
-0.266292154941755 -0.0803809948025734 0.486454879923499 0.378219435449221
-0.282958238072607 -0.126734748521414 0.529344670158221 0.418254089189812
-0.207459671731188 -0.196698772220974 0.409323608472088 0.497847064676324
-0.159039812553452 -0.274021592552054 0.184393648070285 0.516434066255554
-0.0130266835214989 -0.384074475116508 0.0313411806287212 0.277039517700609
0.165413864671127 -0.366451702352487 0.0939873811881969 0.0581285478717447
0.300738512234107 -0.212562449004024 0.276582995577902 -0.114159555895077
0.326033472856405 -0.128103688579724 0.580218153025204 -0.200960487748385
0.540949545955484 -0.347528112736251 0.263761475198247 -0.454882553863222
0.366309057592063 -0.376907576753152 0.347102147175066 -0.278586094707458
0.223765241100621 -0.452280020361575 0.256658353824348 -0.258922303582616
0.0537408276527884 -0.428573043212575 -0.0176139920874307 -0.28577661716899
-0.129381448677591 -0.404692310205006 -0.186960802106268 0.0517919748294158
-0.245613276259951 -0.35953696104095 -0.0332097840196422 0.318616783287801
-0.398734596401014 -0.306303166894057 0.216015549943754 0.392931938951568
-0.43717546885608 -0.23123641973473 0.36345975724953 0.321077193174527
-0.4790616045312 -0.291655890620418 0.414966268406223 0.327168124523757
-0.347581281286171 -0.400799950402059 0.319421182222128 0.381875650102499
-0.244902931107655 -0.506250728308108 0.153926369618992 0.414430211276541
0.00836395528663838 -0.627528123118749 0.0341126652807672 0.228598278373407
0.24547048552207 -0.582808793721418 0.0930601173542636 0.0663179457845461
0.441899177796341 -0.377521433265144 0.19507381807195 -0.0721177124912595
0.526264583335791 -0.292982866683448 0.426256494373428 -0.168735040019327
0.677053281340296 -0.514719218076967 0.0678496190587308 -0.298665272945489
0.458308489097633 -0.534756193087033 0.264973521766524 -0.154118671048763
0.309108283394432 -0.601706731918977 0.236288532735612 -0.240786042501815
0.125576876772284 -0.574381979579207 -0.0393787069305621 -0.313556614439057
-0.110928626292739 -0.583513285329849 -0.22690272240293 -0.0211983932333658
-0.289149889773621 -0.536268557880383 -0.134667284795943 0.206768907405506
-0.492583948001233 -0.468433468553555 0.0588199765575235 0.28887817486023
-0.543576880652847 -0.34613872589785 0.180977631795182 0.215590819322619
-0.603752261584289 -0.396606378555432 0.234458590696997 0.198385781994761
-0.444259300636319 -0.520090211446011 0.174176120896017 0.228649825016529
-0.316502898225327 -0.633137778771338 0.0979180557513561 0.273182538269345
-0.0171775675020398 -0.755504576958746 0.0327070116690423 0.175989282049354
0.238314711306726 -0.707369294050312 0.0812701066259601 0.107723509253602
0.474371434099974 -0.500162032258276 0.077620758522173 0.0349573349531391
0.622440191944353 -0.432339389553816 0.214758539278046 -0.0734925347464455
0.706991712492741 -0.582933104914669 -0.15822507095222 -0.115825465125086
0.49091343881912 -0.572753406190252 0.144096869887506 -0.0322282241826125
0.393363739935615 -0.630989852107204 0.173422056691593 -0.230426528751119
0.227567448495102 -0.644028698345818 -0.0739173949167441 -0.339380111372535
-0.0561885976511785 -0.704127961454497 -0.256758476024112 -0.128974590820051
-0.294330941224309 -0.649898616567524 -0.238721250069443 0.0362198854453953
-0.517202189569064 -0.568542842007056 -0.12176015952162 0.127329233791078
-0.570237161860157 -0.412140346434105 -0.033205242908252 0.0779922814186798
-0.628395146432991 -0.438396704222988 0.0192664603945706 0.0559321912817566
-0.448332315621016 -0.549121173567076 0.0041993249035282 0.066562440072328
-0.312765337173687 -0.636339447965049 0.0314679681335807 0.121444045951315
-0.0268855379050377 -0.7214157510515 0.0340919202631384 0.134810679174578
0.184452507384783 -0.682125518281302 0.0642636570775761 0.179130259869811
0.410245866245887 -0.531900379259998 -0.0462162718096943 0.1837674336331
0.609277877766306 -0.507720010713729 -0.0114113253042846 0.0705141533154741
0.622969499339017 -0.54390275244139 -0.376194741117942 0.0481431347752289
0.441994355363915 -0.481821736295154 -0.0120090192186646 0.0591337280757431
0.431230998405185 -0.522595208431173 0.0783620495520135 -0.206931475118984
0.311920389066484 -0.594664921612986 -0.0922357286859507 -0.346554565006405
0.0130781444955569 -0.706741209363446 -0.253840857122204 -0.265495663166902
-0.251111708406459 -0.65712868680429 -0.326892825373304 -0.174282122703455
-0.462838418746147 -0.577869595600727 -0.302291911888542 -0.0669013245701743
-0.505903294975272 -0.415753682149849 -0.243464591638309 -0.070456997435974
-0.542636152656159 -0.424173220060747 -0.181294044414666 -0.0831392592648271
-0.357064849100229 -0.501173652850923 -0.137568765370251 -0.0827490304338681
-0.221656291829264 -0.533912696725761 -0.00966905345302356 -0.0117146317557002
0.00388905206216865 -0.545303186996145 0.0460177249490142 0.118285235633265
0.121974639360896 -0.524713109494213 0.0319771695139264 0.260213464546706
0.288422409800883 -0.469358268736374 -0.160164685772283 0.322075437617243
0.506776452088168 -0.503678309220116 -0.208586218654807 0.230354190568711
0.431199957822592 -0.424137967958725 -0.54724420047389 0.169350753416054
0.30557003090636 -0.32468744584677 -0.174772547939107 0.118953682120071
0.366950108589468 -0.328381198919408 -0.0127653931298959 -0.161958106084267
0.311605655846163 -0.430603386467166 -0.0751532105831935 -0.333377885020298
0.0686425689795369 -0.56401524338997 -0.215508832367934 -0.404877717132145
-0.168386127436417 -0.538209293969222 -0.387448870880684 -0.379693434558345
-0.336698539268142 -0.486498369047721 -0.454713501507295 -0.254873598382324
-0.364395826441414 -0.357359216641003 -0.415172752809421 -0.206277762818826
-0.375100100795624 -0.352678831675528 -0.324701153775973 -0.207702091908168
-0.206423815871987 -0.389613542952612 -0.21155346122777 -0.201399125657506
-0.0881867273216931 -0.364818807060685 -0.00355177344262385 -0.100798732337077
0.040148810501801 -0.308563422055157 0.0597403202075395 0.135447184825315
0.0547538632459955 -0.309683218840371 -0.0269512459124795 0.325721245477893
0.148706641600708 -0.34788109223087 -0.255518706857646 0.407553585532086
0.347706979549219 -0.423813148533444 -0.352133139903676 0.374465992014502
0.166772866632801 -0.257933840425249 -0.63555877648362 0.239068687296213
0.0942313026877891 -0.154240011852047 -0.294890170916279 0.159519273695504
0.197576003830398 -0.10600705796742 -0.0612282104269741 -0.109581958272195
0.209051302150481 -0.186467584416394 -0.0312471387724813 -0.310346889350523
0.0916171227379845 -0.304665122354742 -0.170410252144311 -0.511592969564183
-0.0547762466138256 -0.319124041393626 -0.422833240622225 -0.52938030178371
-0.152501730162449 -0.313503834292893 -0.556050523385887 -0.395952910413853
-0.170558853166462 -0.246307989615144 -0.524609627725655 -0.307854313689836
-0.162112742195504 -0.239646936598828 -0.39344406587418 -0.306819831500056
-0.0492969777004595 -0.236375729043623 -0.213738598897207 -0.279422418342892
0.0266016358975872 -0.175310989001396 0.0348580912704917 -0.132223206930623
0.0531603932769592 -0.0863363088467217 0.056793774953792 0.174289948589009
-0.00565155358395756 -0.107786490363477 -0.112335365940847 0.352245231192173
0.0233049841546473 -0.205188343770973 -0.327384873387096 0.425470050580748
0.161423074970131 -0.28069621468499 -0.439081221265272 0.474593621916508
0.123775396719582 0.109533180178105 0.455252687424321 -0.59485672619426
0.14410603659386 0.0488238266330132 0.400579710337384 -0.473452803527907
0.0961902700514328 -0.0677702464288069 0.196926452291444 -0.360932458604196
-0.0145875366582798 -0.110939218560435 -0.0607998721635332 -0.246213234371677
-0.0852313732620736 -0.0398304730978265 -0.12085949710237 0.132015867954795
-0.067399192451147 0.0239258840993035 0.131869103210435 0.373645491251015
-0.0671661891800987 0.0690278540136752 0.400421228726472 0.392210763763627
-0.0536465395249686 0.0827656850174299 0.538216810200157 0.362873518183158
-0.0554305358897866 0.0777088749776741 0.57026608893714 0.42747349161406
-0.0634391320554381 0.0670233930229014 0.453398281187094 0.526829682780885
-0.104265245488897 0.0231623853789982 0.21751673887355 0.547213183869347
-0.109178740299809 -0.0947901157661178 0.0405833530737471 0.31239424560542
0.00334492172636408 -0.127686104735302 0.0775402958780566 0.0781357105969597
0.0784817997843809 -0.0523639637620216 0.286247233133818 -0.106081814228686
0.0581845926108275 0.0354724552333881 0.633591950763742 -0.196601015861024
0.332346697219818 -0.134087660685089 0.382315574995695 -0.555906803797983
0.243883219117224 -0.165370436532035 0.379211960786238 -0.388747065620323
0.144246690730488 -0.256771876545995 0.236722858638015 -0.304279648406078
0.00525559252112065 -0.265521358406041 -0.0303750660354409 -0.266679520937456
-0.121349695211053 -0.21496932599998 -0.149860566824329 0.100450695424975
-0.174863615970143 -0.161373055911884 0.0630932081614368 0.368721831187053
-0.256194319905685 -0.10971355365603 0.336611762094119 0.416164757189663
-0.265459133011285 -0.0703669335907307 0.486667887137601 0.363492189638128
-0.285836246378946 -0.116028271238013 0.534765794542873 0.400161056296344
-0.212364668465581 -0.192297470481263 0.417292285249106 0.480271639838677
-0.163332644918145 -0.266288962463037 0.199378838626289 0.505161637155076
-0.0243327321915384 -0.380801723732492 0.0365141733035908 0.273178147439424
0.15486419736896 -0.368785365159908 0.0938369896120745 0.0508890059907664
0.295470818081114 -0.219042847676916 0.271806569386219 -0.121189091406743
0.319832354426199 -0.136445022949494 0.57197718308612 -0.214601935037524
0.52315640755217 -0.363507998229841 0.246130647015371 -0.455562631044241
0.353277547129323 -0.383047709898652 0.333900913174588 -0.283279625845684
0.205552988737702 -0.455523458452514 0.248464140226403 -0.263444169760385
0.0401822791216412 -0.428498412344942 -0.0259282029035368 -0.285514697678269
-0.1375891154436 -0.397170652868703 -0.182801967244338 0.0542031068004408
-0.255515214125197 -0.351694783983835 -0.0249972135091936 0.317459013539908
-0.405306461717339 -0.291627190552548 0.220287225857803 0.379195055193693
-0.439081321970669 -0.21433140470595 0.364184794720465 0.307257129352111
-0.484214733545623 -0.273199739123302 0.417758474335817 0.310789474046185
-0.357557822601465 -0.392256949971033 0.326308473685682 0.366584544831999
-0.254920743531932 -0.493708630650993 0.165900896973335 0.403487634867552
-0.0104663744141791 -0.624587432993458 0.0379332749813252 0.225709422645933
0.226796979590241 -0.586209632916994 0.0922208540732276 0.0567221188232872
0.431548618181944 -0.388192862120162 0.191041147693074 -0.0785141065572221
0.514217921925734 -0.307685454404074 0.419281861322648 -0.1781981208598
0.6531917968018 -0.533484795228441 0.0585476517660681 -0.29682224752555
0.437203920710343 -0.54265275240265 0.25990529759878 -0.155824642597718
0.286114448421411 -0.60561376891978 0.228145291184395 -0.244634131434977
0.110310967720974 -0.57613682024618 -0.0493533932886098 -0.313172667710371
-0.122591882116702 -0.5730714158163 -0.223746226566882 -0.0174620843032371
-0.303841863081155 -0.525646386121667 -0.129341780296383 0.210637327174898
-0.503985295927864 -0.448175592326121 0.0653427631095775 0.27969407987868
-0.550193205220567 -0.326353465339841 0.182172288295265 0.207233779158339
-0.611353442086137 -0.371422418310861 0.234359301567574 0.189326558255246
-0.456434406588982 -0.508981753317367 0.177606422370397 0.219998713648115
-0.329507589175003 -0.617423420420991 0.105794374292196 0.264563852891506
-0.038718868328893 -0.750583970998544 0.0354568996443499 0.172295556580749
0.216746985791284 -0.706852874085918 0.0824078051456477 0.0974340770272668
0.459535254863618 -0.510466168349514 0.0778881718574737 0.0298185548822705
0.603512087437099 -0.448708875548951 0.210273710209617 -0.0783236893418109
0.683648547890231 -0.602797874896558 -0.15952829698845 -0.109762833932558
0.469165184644721 -0.579335218312053 0.145385824418647 -0.0336575437022731
0.367192624716766 -0.634784771417394 0.166394908612921 -0.233308962940181
0.211027523887482 -0.648304034291624 -0.085771368547974 -0.337848604201823
-0.07378605008098 -0.695112247782751 -0.256668172413323 -0.122407156799652
-0.312331129875338 -0.639124634389281 -0.237252182134336 0.0455640985022568
-0.532490006717588 -0.54822761521795 -0.116217838489542 0.125043062119268
-0.576129397196284 -0.389384533384081 -0.0326140158932964 0.0758672818364375
-0.63468715130046 -0.41327335641699 0.017801366416166 0.0546212671399527
-0.462706194242418 -0.535669245094988 0.00444160370577223 0.0653551709968544
-0.325522791002193 -0.619909580039556 0.034622093914647 0.115744868225012
-0.0464343220349708 -0.71463838966462 0.0370822219654511 0.13099472423183
0.163780829412594 -0.681327836241386 0.0671653687566655 0.168215772587211
0.393469648933476 -0.539445565953726 -0.0407423984860662 0.180373969576062
0.589741797565375 -0.524286942944541 -0.0107951325569419 0.0711025387109306
0.600561529978087 -0.561057943001815 -0.369041199110609 0.0580973422612696
0.423956472210508 -0.487219059764969 -0.00601555643598517 0.0598656198519647
0.40920077843644 -0.529700768191461 0.0700233927415528 -0.207071229272186
0.296141225617314 -0.601265219364752 -0.104335897539542 -0.343596516560535
-0.00331804494552004 -0.700095649464072 -0.258578299017877 -0.257062663894555
-0.267269661829161 -0.645622513762048 -0.329370730758075 -0.160766183209729
-0.479533896829472 -0.557857982513457 -0.298358530106796 -0.0621591570667831
-0.515553808588074 -0.396179232401518 -0.2433913818874 -0.0651768010975652
-0.549681131539203 -0.400801178437238 -0.183392945789474 -0.0773976693023097
-0.370615106073251 -0.490636606268281 -0.140101900787581 -0.0774725211517776
-0.231693768802081 -0.520453145854943 -0.0104939543308627 -0.0149718361345196
-0.0114805893089538 -0.54130564981611 0.0496232001881668 0.114382978457373
0.105037292482998 -0.522468276061707 0.0381657916315829 0.250397971028648
0.27185189410958 -0.474122654241977 -0.148011271244255 0.320706813053055
0.488357993333931 -0.514817091573201 -0.20189631465452 0.235527652648478
0.41659677319535 -0.437538238870864 -0.534194214898748 0.180298039589066
0.293439335376123 -0.327021715851178 -0.166483833963335 0.122230269315454
0.354104404769772 -0.334616161146952 -0.0190131532786787 -0.159155335907803
0.298551074987765 -0.437694486444814 -0.084941056948993 -0.328185101532757
0.0539387311116876 -0.561168470703609 -0.224954360478672 -0.397048965337842
-0.184213021108332 -0.530162719372482 -0.395158208232435 -0.364269123557651
-0.349985499343431 -0.470708228362879 -0.452828371197854 -0.243796753564043
-0.373156785280321 -0.343067570831256 -0.415995429563879 -0.194786646720213
-0.380562421788914 -0.336803990823171 -0.326990792602421 -0.196218996904205
-0.21655258832301 -0.382860409222941 -0.215403112358483 -0.191888956080593
-0.0943317004145973 -0.357215392044245 -0.00713411179509286 -0.101478590843833
0.0315401468155989 -0.305273033413296 0.0655957318971127 0.132135618887298
0.0443648972881756 -0.308274374263297 -0.0172845992387093 0.318451976720181
0.137587276991493 -0.350554130463091 -0.24039852618067 0.405896178211005
0.33413342652352 -0.430077168805825 -0.340982769156812 0.381015643939755
0.159328332561651 -0.262320802038193 -0.619609684429193 0.250590080062731
0.08860804999605 -0.153899028764745 -0.286125961614404 0.165606134013009
0.192508313899626 -0.11083015493 -0.0663138548563556 -0.104699350746809
0.20484684475875 -0.191648771627936 -0.0394506238091314 -0.306294226669795
0.0845929736029198 -0.30433729768298 -0.182796904576619 -0.504779165593143
-0.0635495148860398 -0.314742142404589 -0.433611659563185 -0.512425559100319
-0.162216023071958 -0.305177927318928 -0.557000946734952 -0.37860832242435
-0.178011365141749 -0.239164259901257 -0.525027944107378 -0.292211785605626
-0.167067785052641 -0.232000419589195 -0.396134156283873 -0.292368476056028
-0.0551736355857896 -0.234286822844785 -0.218897478038522 -0.26899120138413
0.0229813700644107 -0.173216104287508 0.0305671377686636 -0.132320653690216
0.0505732906306202 -0.0860005346180623 0.0636367284339573 0.171548746739646
-0.00929723007797625 -0.106743036386813 -0.101401311820339 0.350133368132653
0.0170151555750854 -0.204832254113812 -0.309211457399122 0.425546698615337
0.153205786899604 -0.28396189494613 -0.42343455344148 0.483739187566728
0.126906408016659 0.107412990696181 0.442019227216668 -0.612079353549167
0.147383263654388 0.0452751672335843 0.385718863019286 -0.487152701829209
0.0944481064169238 -0.0710024114051042 0.189679958871497 -0.371139431125961
-0.0190083659435693 -0.11086765691356 -0.0680001681616005 -0.250531650634129
-0.0878201732141093 -0.0397705666303483 -0.117790491919699 0.136291385676396
-0.069398753473618 0.0243376277712542 0.143905614398328 0.373203759310754
-0.0671146053409389 0.0713429068292657 0.41070301651489 0.385215093346473
-0.0506851537065297 0.0856273396140202 0.548539800985626 0.35568642196226
-0.0537053685975707 0.0812927930401051 0.585096020719722 0.416424611298972
-0.0616778739033724 0.0693158424939996 0.471454215610043 0.517311071705799
-0.103336510533862 0.0270281217252665 0.235907844748182 0.545910574175133
-0.113619761915518 -0.0914950934070914 0.0483004455859543 0.313646923840268
-0.000706985628262439 -0.13081110916677 0.0797056997889787 0.0759269409058485
0.0788511521951367 -0.0549618563105713 0.286631980838505 -0.115125339180743
0.0590737777404963 0.0339201678160459 0.637393219547318 -0.216194607256551
0.330707889907756 -0.146719604150731 0.367864398458364 -0.571473459797602
0.241912747302823 -0.173568711563436 0.36871053407266 -0.402348211356829
0.137040522508736 -0.263098715137638 0.233127059044923 -0.315208929792076
-0.00270947952903989 -0.268657521446274 -0.0382654091365123 -0.271771196802525
-0.127338883849296 -0.215057377982363 -0.147790439529405 0.103569927115407
-0.182918534368987 -0.160492548009696 0.074542034777811 0.370714897254647
-0.263049581573216 -0.103569877988116 0.346577222405199 0.410508048457703
-0.268914770813228 -0.0625487294819518 0.496197585204435 0.354409556315035
-0.291963397669327 -0.107515623664981 0.546438176679843 0.389313383301704
-0.220770776993948 -0.189374888132217 0.436740941446128 0.470397565999687
-0.171444172452378 -0.264187460248768 0.216920787335173 0.502144922889833
-0.0353925389552013 -0.384938541066765 0.0432743607024523 0.27498725124337
0.146409903918584 -0.378484536934396 0.094832259089864 0.0456433420793535
0.294555960385726 -0.23045517864296 0.271733330909215 -0.13049443804818
0.319877361983609 -0.147702159004766 0.573868020858716 -0.233815257040672
0.516762936835558 -0.385965137008264 0.233672901994398 -0.465786750422867
0.345305867147517 -0.396687619978704 0.327747382126398 -0.29306416140919
0.191580136457516 -0.464627754736355 0.245179076904803 -0.273576826074109
0.0306524305012696 -0.433991461498147 -0.0357572283377629 -0.291788021772624
-0.146624840997903 -0.396110399982958 -0.182647811013068 0.0569063162296162
-0.269408574930593 -0.35044857661811 -0.0166657421761185 0.321917900450247
-0.420097742361453 -0.283085828146831 0.229624817163033 0.374162016172114
-0.447953573992899 -0.202146058855867 0.370954452305203 0.300341797946241
-0.49840964866918 -0.258432579760231 0.428348410154356 0.303027208817002
-0.375554257547473 -0.389118764175026 0.339703266611271 0.36003898870808
-0.271111858523504 -0.492834958401924 0.179906248455236 0.401438165980765
-0.028152877449688 -0.633196083027942 0.0425865013682721 0.225874530179165
0.212383009590281 -0.598799618857849 0.0929609534705216 0.0497942488672909
0.42805635245936 -0.404697250649482 0.190494077548617 -0.0857316015653995
0.511420360382305 -0.327130577632696 0.418651286377597 -0.192935922837749
0.640661456301396 -0.564779501713535 0.048796686703405 -0.299185717527625
0.427838080553926 -0.559473474734832 0.257943055416054 -0.163035539046831
0.265743912890145 -0.617698469448131 0.225172978987258 -0.254501697700735
0.0953618283541618 -0.587525019071706 -0.0616447462484275 -0.318082978055786
-0.138715868558655 -0.575530756541082 -0.225857899543493 -0.0137668532791099
-0.323471823418312 -0.523829166232629 -0.125087521780157 0.218803320469867
-0.523485693024733 -0.436930031766675 0.0710539391912645 0.276812697332595
-0.563989975285453 -0.310914420035342 0.185156752686897 0.202493680914317
-0.627635491686331 -0.354024764878711 0.238944617621063 0.183971783449669
-0.477662311945521 -0.504606008778563 0.183918137580903 0.215422700997421
-0.347854298404962 -0.614020594047074 0.11430656219072 0.261582577224688
-0.0607163990090908 -0.758408233722007 0.0396717551068076 0.171961712126939
0.197848056079765 -0.724038685331292 0.0822073302733945 0.08957261911614
0.452701046888831 -0.530428635470192 0.0790168182548541 0.0261251923505651
0.598556854990771 -0.47351101448052 0.209533928573155 -0.0854854329947384
0.669116577741061 -0.634727840841196 -0.163796975460394 -0.105579326384355
0.457640906936984 -0.597462894508164 0.148019305201234 -0.0375316314533239
0.35023685428951 -0.652023516266273 0.162019474147236 -0.24036639948567
0.196995294262809 -0.663455224431382 -0.0998344610793932 -0.340565861683491
-0.0907023266863883 -0.698902405086118 -0.263420748742322 -0.118548768157632
-0.336099164331437 -0.638968806971302 -0.239325907483267 0.0559342326225309
-0.555217420136633 -0.53537919173777 -0.114693070467386 0.125258658967904
-0.592945809102388 -0.374923510004131 -0.0330085462173811 0.0755252957100548
-0.653641475048401 -0.394230986806781 0.017283183592985 0.0544974953095914
-0.485221970346713 -0.531238379103359 0.0044776509595006 0.0652429103626082
-0.342907154793886 -0.615292940547073 0.0367977241748112 0.112577235201769
-0.0670055191942215 -0.721496760418037 0.0406106474752708 0.129707385265455
0.145211046082044 -0.692734110979595 0.0703970455260479 0.161085849248798
0.383036820805006 -0.557776649058063 -0.035205741715784 0.180561237818995
0.581634803203568 -0.549757631781831 -0.0100930789029172 0.0725477699766899
0.587549863499921 -0.590579968959759 -0.369102344508549 0.0675529164043312
0.415492516142164 -0.501105157316689 -0.00110455405334237 0.0595474834740783
0.396924421687616 -0.54629865830207 0.0646330212794912 -0.210654981356206
0.284185597405901 -0.620530594436327 -0.117889270427526 -0.343521996364305
-0.0204824904761005 -0.708535194136524 -0.269160086454121 -0.253355868481594
-0.290662809422357 -0.645922940041548 -0.338656770709852 -0.14998872222762
-0.503301346304978 -0.546508375743072 -0.30136342885242 -0.0578931290530836
-0.531991915001029 -0.382451850669206 -0.24834534942565 -0.0615585275477245
-0.565997482343908 -0.385468014836899 -0.18805119774363 -0.072555334740942
-0.38967836941186 -0.487597212098069 -0.14479951454464 -0.0730813256789964
-0.244791916923986 -0.518405344691238 -0.0124843916262534 -0.0180130768505628
-0.0272496227172299 -0.545305044177559 0.0544674795872677 0.113373154601023
0.0898376387853375 -0.530521663761774 0.0441565250188013 0.245518671582842
0.262673133212275 -0.487112812301108 -0.139258856493425 0.324372146977752
0.479159171874164 -0.5373907045561 -0.198303895162509 0.244613275015732
0.406836468996214 -0.457587030216168 -0.53264961697389 0.194088490866539
0.288151762322203 -0.335922385313405 -0.162457306819121 0.126353697413857
0.348751556061904 -0.347628951525539 -0.025536028277504 -0.15828852362637
0.29303291841028 -0.452860267351802 -0.0962018972255809 -0.328160645953523
0.0408006490931514 -0.568795360714317 -0.23838793569094 -0.394847405758057
-0.201719452347088 -0.530576962345342 -0.40952190392797 -0.355145819865595
-0.371117295749252 -0.46385861329157 -0.461237713793378 -0.235152491768258
-0.38738182904604 -0.334278827313821 -0.424713003884667 -0.187514305719961
-0.393477320014963 -0.327188627613229 -0.335639463729195 -0.188523758162573
-0.23061427334838 -0.383483584515055 -0.223541151923733 -0.186419082733272
-0.103402225691553 -0.356634756151498 -0.0111263215169424 -0.104204619393164
0.0240056969324588 -0.308077009990867 0.072729587264153 0.130689230999593
0.0343919269369712 -0.311723894047744 -0.00877246409443056 0.317633599992789
0.129479815717755 -0.358473913654115 -0.227836884225895 0.413333045875183
0.327399842995076 -0.446902364643411 -0.335887109034832 0.396130111520626
0.154416366688637 -0.272517536038674 -0.616945712410633 0.266863742169529
0.0849210684442974 -0.155499391273153 -0.283292985938969 0.173175962050165
0.191598814948178 -0.117690967736879 -0.0721877535128455 -0.100397252256915
0.203035854045613 -0.200287119604225 -0.0476579182447927 -0.305616069338093
0.0778762721943537 -0.310622253666333 -0.201055891122189 -0.505602438977582
-0.0735314815611288 -0.316193892608728 -0.452159416243925 -0.505421809376502
-0.174227799573411 -0.301307575492819 -0.568235757159076 -0.367716270331087
-0.188229528976332 -0.234514860967811 -0.535523119051426 -0.283545933184178
-0.175245384799387 -0.228335850198197 -0.407333335235335 -0.283237985755157
-0.0632134938474681 -0.236280518389128 -0.227752870992889 -0.263268444968715
0.0194525422996949 -0.174488772214608 0.0269534711616036 -0.134195906003391
0.0495612527361875 -0.0874228250715484 0.0718754902760546 0.171907344105637
-0.0132764590305607 -0.108232452228951 -0.0931213068768588 0.353222209631641
0.0115929043828389 -0.208205740819001 -0.300239876518903 0.434516893853327
0.148711351019994 -0.292408225681228 -0.415237876222054 0.50336027522889
0.133207197744178 0.103451634100072 0.419540362830701 -0.642361772097622
0.152710002193589 0.038224059717742 0.364312133816344 -0.511305986998377
0.0926096945770538 -0.0763756304209395 0.176626589757949 -0.388704547005736
-0.0250829745882376 -0.111493033758392 -0.0819948202924274 -0.255425810115336
-0.0917542359887955 -0.0386996855157724 -0.113548557860863 0.142451851150571
-0.0715285820696986 0.0261424927997587 0.165955822163658 0.372876052462647
-0.0657894872964577 0.0759717638520591 0.431632975944717 0.374603415653953
-0.0466891359036499 0.0891549657502606 0.569127338192917 0.341497292506737
-0.050738059820508 0.0864239050466309 0.613609489334254 0.397189936496658
-0.0592279600063512 0.0731839627018784 0.50328164129051 0.503746472019675
-0.102657037872768 0.0321965111042968 0.265675110011298 0.543668666894942
-0.121121113703811 -0.0862383300669422 0.0621265567418783 0.316686773569328
-0.00698953658113418 -0.134115089099161 0.0842136012557619 0.0724911203326201
0.0786790059195679 -0.0597409723689715 0.287453955195954 -0.129980454492995
0.060375733695534 0.032331200944892 0.63994312089339 -0.250979493695942
0.327571068466345 -0.16774450835228 0.345840924487667 -0.596466104258892
0.238694168303896 -0.189666433960897 0.353116866216447 -0.423292940118198
0.125726276073422 -0.273357785886198 0.224324177017175 -0.332505804150954
-0.0151297315297892 -0.272952786823878 -0.0533163463162218 -0.278538550765178
-0.13830262869815 -0.214272367272167 -0.145505431428278 0.109647914396173
-0.196032054475174 -0.15660802103221 0.093570639587898 0.373463026574096
-0.274483142907255 -0.0920068082776278 0.367010053890244 0.40006724106428
-0.275363238064207 -0.0506095366052654 0.515114305004913 0.341844228682242
-0.301867379484607 -0.0928785425529062 0.573030013585029 0.369059698174147
-0.235273212543003 -0.184218425633765 0.465507159849919 0.456933036346384
-0.18486697996355 -0.260877547294917 0.244102952824665 0.501306547683086
-0.0547328888250948 -0.390721326432979 0.0549539119024047 0.277324166194256
0.131009405155908 -0.393513970788835 0.0964886194733293 0.0394869121053509
0.291828080837875 -0.249281060526473 0.270789620241915 -0.14450150277452
0.316958023500621 -0.166996443610396 0.574274716724058 -0.264969512311041
0.505338993358029 -0.422516751578124 0.213940828184148 -0.482578864195781
0.33280098002222 -0.421139066895883 0.31728187330289 -0.311231816771668
0.171428739567804 -0.481295258231139 0.238426169628156 -0.290242882576183
0.0100120530996303 -0.444103188227068 -0.0521624606727015 -0.298329226941106
-0.165335715249742 -0.396489896717168 -0.182680545135182 0.0626010125322503
-0.291817189279079 -0.346575402610385 -0.00211176315243634 0.329241026567482
-0.442071276412897 -0.26661472280524 0.247245474728357 0.36837948068518
-0.464625213313823 -0.183565839016054 0.386098739817071 0.290354886566218
-0.518253399404955 -0.236963786506236 0.445915305724543 0.287750401966669
-0.402077422110142 -0.380920096401509 0.361076810398553 0.347749741518444
-0.295884069299317 -0.488642979845793 0.201091955044346 0.398133583794327
-0.0590819615843737 -0.644092272738449 0.0525186317159616 0.226999328653451
0.188538341214476 -0.621785420298702 0.0933313979199981 0.0417458198010269
0.420305859024537 -0.434387705007738 0.189603885981431 -0.0961107574071799
0.504115036273502 -0.359900301181683 0.417188163399924 -0.217579725598067
0.623474883806023 -0.61052492241611 0.0346648847473335 -0.304111027294419
0.409503304560101 -0.589813345118208 0.255752656256809 -0.177065011891284
0.240365014627054 -0.64155874363965 0.218593662982674 -0.269502447949225
0.0705240427350284 -0.60226363050914 -0.0796014077786901 -0.323806803260035
-0.163008666451321 -0.577462511816996 -0.231502773435821 -0.00656634371618194
-0.356657387368572 -0.519938446746228 -0.117783951720521 0.230249703176431
-0.556147439335855 -0.418082254175837 0.0823599719751654 0.275899525302906
-0.585497171560641 -0.28787312764489 0.193010030394769 0.19744335919917
-0.655909352499533 -0.32659111493764 0.249020587685135 0.175470669711879
-0.5146133909902 -0.495409812244152 0.195044144213282 0.209396565260285
-0.380503829567704 -0.608655588315633 0.127585151233216 0.25822104986422
-0.0985002675922632 -0.770949667471841 0.0476746314187958 0.172580209679572
0.167534130679807 -0.746525776413211 0.0848081543405527 0.0810924734969667
0.438604364698851 -0.563639086659982 0.0808782322039209 0.0213436086732425
0.586887918766842 -0.515930868022735 0.207998782470461 -0.0974057948350225
0.649752197107553 -0.684323520491027 -0.17157408203643 -0.0988932552938296
0.438781413065337 -0.627170898676044 0.150593402319056 -0.0450751561660496
0.323857995900233 -0.677667431973765 0.154885204431274 -0.252267823860477
0.170927534219447 -0.687564882289665 -0.119123693856175 -0.342785484088742
-0.122831453992022 -0.706372592899423 -0.274627367817894 -0.110306358398058
-0.373477478806822 -0.634799954881012 -0.241885859378792 0.0710477820460225
-0.592687812597462 -0.516101822738427 -0.112047987985608 0.128687910292982
-0.62035520453425 -0.351687621893255 -0.033927271872788 0.0768336131235245
-0.682185230801483 -0.366404373624606 0.0179508083235632 0.0544314433662818
-0.521320601420213 -0.522838585039288 0.00526273980892685 0.0657260900834021
-0.374635891071031 -0.610339990357389 0.0403105900824858 0.110318386465374
-0.102324808473495 -0.731633352076947 0.0475364651571571 0.12800936179889
0.114639451612124 -0.711267521392564 0.0756335236601651 0.153988183687056
0.367119837884678 -0.588425531938051 -0.0286736463338081 0.182064170979679
0.567273078961525 -0.591206298324302 -0.00771231952313899 0.0745055260083355
0.568001105970491 -0.633901921983445 -0.37166262046733 0.0851354978643087
0.400850374922405 -0.527548501261717 0.00314781674752921 0.0592021050626991
0.378496367168805 -0.573114218528924 0.0565364101482225 -0.215755679493761
0.263545745550365 -0.646266826118034 -0.136501773851019 -0.344664262107272
-0.0525192948679148 -0.721003422977928 -0.286364079823328 -0.246886776083722
-0.328823147791427 -0.646243851917897 -0.3533888070396 -0.134550181733608
-0.540746572144504 -0.530623473664775 -0.308355569170672 -0.0490143250036307
-0.559727470823433 -0.36370476624389 -0.256705083875824 -0.0536184650694427
-0.594402492509184 -0.360956640492421 -0.195044637223308 -0.0642448173392027
-0.422551775819333 -0.481224197110243 -0.153019643420375 -0.0672555637776774
-0.269248647391157 -0.516304342321193 -0.0159596057326245 -0.0195412731706962
-0.0524088051927063 -0.553664428861492 0.0621418327039009 0.110614159350768
0.0652214235635448 -0.544442964767527 0.0540948787026213 0.241406080222504
0.244626533536576 -0.51076470240874 -0.127141479885206 0.332126840331208
0.464254056471156 -0.574261280641104 -0.192148215630416 0.259542211629605
0.391727156953232 -0.48899355053664 -0.531764978856148 0.219832214116107
0.278476467420449 -0.352221442052334 -0.158805004110734 0.13346751636686
0.338400651962877 -0.371034199045476 -0.0343140771524514 -0.156894054771549
0.280226635772551 -0.478171620432092 -0.112825602194236 -0.328615442973631
0.0172824017379602 -0.581919389446294 -0.261870135982278 -0.390763779481835
-0.231803449187848 -0.532876045630465 -0.435628615136176 -0.339483305965846
-0.403119565635491 -0.452184617084245 -0.477728371293395 -0.221264919394424
-0.411125427799734 -0.320129579610073 -0.438556944865435 -0.174352200841867
-0.415479318231938 -0.311265398709747 -0.34890799023224 -0.175424559002969
-0.254129855102691 -0.382916506749569 -0.237029755586674 -0.177485453002375
-0.118851289415469 -0.357034678761755 -0.016450084856331 -0.106333512590987
0.0112518466218841 -0.314101999805638 0.0830464698229293 0.128405250787727
0.0189410971135801 -0.319577795493129 0.00483701801622744 0.319829177746737
0.114976241744146 -0.372155091111966 -0.214296950354741 0.42615528742612
0.312381443779389 -0.475288698708454 -0.323607738927664 0.420699154581025
0.143914567779527 -0.287568533617882 -0.614232561241081 0.296897908748163
0.0793574257445366 -0.158975749891727 -0.280568946539758 0.186943028800266
0.189734518649593 -0.129308819451051 -0.0796931073314938 -0.0945834080805751
0.199010808407434 -0.214811274837087 -0.0593627383252611 -0.306997617460341
0.065771318519017 -0.319993240363066 -0.227076124612872 -0.505630684392294
-0.0907446777132538 -0.318008471981044 -0.485480312683305 -0.491777895742586
-0.193105170418522 -0.296780424786482 -0.593465536557389 -0.351056349617232
-0.203813676562947 -0.229444617771241 -0.555103542377047 -0.267199299764411
-0.189176907880821 -0.221992694130003 -0.424397687668786 -0.268704991965051
-0.0767385272884407 -0.238422750542748 -0.242427433382414 -0.255448333100453
0.0133950027631712 -0.177737005425679 0.0218101221737134 -0.137242578900099
0.0461606230481721 -0.0904726361012445 0.0843793963777883 0.171672541221382
-0.0205601546727053 -0.110106075974882 -0.0799796360383896 0.360518557613066
0.00228547938479605 -0.213812485105968 -0.284812128952465 0.449236311688146
0.139769874334136 -0.307565627915187 -0.398406675222988 0.533572523396388
0.139829633248004 0.0960743469460501 0.378951613935064 -0.673708866363231
0.155905977011769 0.027788187281367 0.330167560964874 -0.533168258890753
0.0891306416376307 -0.0820596374119136 0.154429117677046 -0.403832743670627
-0.0330091995529839 -0.110615286422819 -0.101007700665056 -0.255952274053702
-0.0962469406477799 -0.0348341275773097 -0.104457651281847 0.148495569175846
-0.0722904170599945 0.0288712645620772 0.19194981587912 0.363156364008294
-0.0626120406617515 0.0813593680292509 0.455561868267229 0.352903408286776
-0.0404594250652461 0.0933488240916936 0.592000449187644 0.312628014834482
-0.0439848915608797 0.0907895163018682 0.640424742266751 0.362342289293988
-0.0540089708750429 0.0779484700575299 0.538021728293526 0.472781543496448
-0.0998864601635263 0.0388588716589654 0.301615077387475 0.528961150824021
-0.127743161487609 -0.0777706657008045 0.0798233082108285 0.313916224481224
-0.0156752656920536 -0.135543028725858 0.0892831448836551 0.0673615592769425
0.0760534653279375 -0.0649688960778744 0.283503053818037 -0.147758311481022
0.0618502856355343 0.0294259761006271 0.628533777312273 -0.295138468160219
0.315476925716851 -0.19258707816949 0.308743507395096 -0.62139289698991
0.227756150535509 -0.207803011012845 0.324650148691149 -0.445639206311682
0.108328748696165 -0.282214964254929 0.205881622427484 -0.351954276484323
-0.0322770973488977 -0.273193493165868 -0.0738227952959218 -0.281676080578363
-0.151427186739173 -0.208311648523873 -0.140330519724338 0.115992836217446
-0.209275520581401 -0.147566999262807 0.118300819698072 0.368888364360224
-0.283039599297197 -0.0729148383639143 0.391549202830926 0.38160731204534
-0.279652118931038 -0.0331432197731856 0.536150362088652 0.315487701401271
-0.308903553324232 -0.0729985340521723 0.597621607132986 0.335975077321913
-0.24973123453161 -0.171612172853117 0.495773683306511 0.428634049308245
-0.201017388434307 -0.251998855695719 0.277690575443889 0.487738510714821
-0.080738612246248 -0.39049505791644 0.0710591517947006 0.275222455559078
0.107076170620838 -0.406112213089376 0.098044761895495 0.0312975013247328
0.279429575884548 -0.270468831057641 0.264130539864451 -0.162117744448161
0.307879527272613 -0.190833323297993 0.560965883201388 -0.306666525390471
0.475912454439506 -0.463813493317257 0.18434397196526 -0.497679239564055
0.309065703297194 -0.447876493795316 0.296737963748796 -0.331308655028359
0.140506036596442 -0.494668021787318 0.223561909461536 -0.309968867465069
-0.0181237495231754 -0.44915998607219 -0.0732697088391886 -0.300432723089983
-0.18945985302738 -0.389395264824958 -0.181953875768534 0.0717662203415477
-0.318739200402294 -0.332552680512951 0.0185266142097514 0.33129503608418
-0.464018414842983 -0.236232319879185 0.268174857947826 0.354812602712871
-0.477066881260461 -0.153892848298461 0.400418018619065 0.271487681288289
-0.534928284786549 -0.202356760002463 0.464303793934914 0.260344025448129
-0.43274068942344 -0.36074452437331 0.381409681253516 0.32618228099694
-0.326118749254593 -0.475382984950368 0.228025682531337 0.386734814077184
-0.102054909598748 -0.646930737194468 0.0664035282575504 0.223645253379141
0.149236477383439 -0.639735929301628 0.0933925545757014 0.0316488131378762
0.397280049513486 -0.467109553626421 0.184436489972709 -0.109121030770543
0.484257641131762 -0.398703987349753 0.40579363602984 -0.247587822686319
0.5821930641962 -0.661556504277742 0.0159252539580259 -0.305685402602872
0.375291685965635 -0.621025150610829 0.246196793324517 -0.19235226699577
0.199638360930374 -0.660233467310094 0.205238969166453 -0.285517488141427
0.0331710040181344 -0.614447090636035 -0.10318301200686 -0.323057069699578
-0.19915746846884 -0.571487987426662 -0.235852969510347 0.0049438132209643
-0.394930792545856 -0.503588568206786 -0.104919564419441 0.241329547395072
-0.588068755775876 -0.381356176102179 0.0978390253980298 0.269617307497477
-0.607060754925331 -0.253116169939328 0.201210953600174 0.187915196669674
-0.678642214958248 -0.282289732073027 0.259121129781887 0.159867261549602
-0.553376677042464 -0.467308183253962 0.206393923780461 0.197576233169281
-0.417228401173598 -0.590338463789375 0.142762769725902 0.250054015768928
-0.1504165738173 -0.772110463819213 0.0578860388076086 0.168334519924316
0.120347451928768 -0.762926773061959 0.0865400548846855 0.0710433427702273
0.409182976239076 -0.598071372780639 0.0817698276826151 0.014813893589131
0.558773614821415 -0.562871709232982 0.201204655937012 -0.112588323706999
0.602950873890822 -0.738108584146754 -0.178988958567366 -0.0871801870815062
0.404312110765062 -0.658674901544393 0.149311358089309 -0.0552549517773832
0.281203582728073 -0.704836453750029 0.140613716490343 -0.26319859075538
0.131270088640379 -0.706759459084168 -0.144310616201041 -0.339561952279362
-0.165667032216643 -0.704747951471199 -0.285423705651613 -0.095034587190071
-0.420125606890276 -0.617157785255457 -0.239833904143276 0.0903458901812018
-0.634758772132256 -0.476656794203411 -0.10563078325936 0.134202504441034
-0.645782494018883 -0.314162551882201 -0.0334346555409807 0.0790933281734564
-0.708034546137195 -0.31979877065798 0.020056390111568 0.0537138445861278
-0.5625826924853 -0.495992202252018 0.00612985631767075 0.065826795008316
-0.411965095054437 -0.592916647575353 0.0453622371864251 0.10698036300173
-0.150795007599495 -0.730650780006843 0.0558541616128754 0.123543538324439
0.0684602018784718 -0.723846018676963 0.0814956949430089 0.144476255588245
0.332610300176549 -0.618946223544925 -0.0193947471245269 0.182873245119589
0.531116559869543 -0.638687767319327 -0.0054596348968201 0.0758752752759723
0.527611296824547 -0.679876090403702 -0.368129123224883 0.108878707586699
0.372375456335577 -0.554832666700759 0.00709145395467331 0.0572513600883797
0.343819442776237 -0.602358880573904 0.0430947667575717 -0.219741487741164
0.228273118616768 -0.673303390215556 -0.160637012857809 -0.338545498718786
-0.0956851820948872 -0.723350486745142 -0.305381452861866 -0.230219873658367
-0.375366854271754 -0.629059806275161 -0.364866152577864 -0.108634736598014
-0.580811078608108 -0.49422742229949 -0.313737859927961 -0.0339851133880029
-0.585195330591761 -0.327755733922691 -0.264492625605913 -0.0395669163181541
-0.618162910071336 -0.319867188382679 -0.200301292956605 -0.0528767056672405
-0.460200083731934 -0.459388622500649 -0.159786498701545 -0.0565969102688903
-0.301730890443425 -0.502505414146772 -0.0192249781292608 -0.0197246109634819
-0.0889424220324192 -0.555313886909954 0.0709979644325687 0.104282774468237
0.0280248381598357 -0.552005828751538 0.0664880320447711 0.234304932661448
0.215459098916771 -0.531709526823992 -0.10905557628977 0.338812703834903
0.428224141027637 -0.615000234872685 -0.177592861967231 0.275763587002299
0.35996543121582 -0.522783030986889 -0.521870343097037 0.253233292913319
0.260366147428441 -0.370309651529003 -0.152812177195674 0.141410085803914
0.316928711395104 -0.394840532727197 -0.0444680521311651 -0.153433470132872
0.254519919458007 -0.504252307401795 -0.133382851212146 -0.323240008004954
-0.0179132348389916 -0.588308460838772 -0.290314719004009 -0.377041683314217
-0.268062110611166 -0.521503567519508 -0.461810467820415 -0.311052340506324
-0.438199740679846 -0.426629439724791 -0.495185216335884 -0.197503666390301
-0.434695451412403 -0.29482180346685 -0.454248228621084 -0.15080174345075
-0.437361481045427 -0.283536460630458 -0.360761917570686 -0.155105290107347
-0.283306116365455 -0.369806161674536 -0.249659937200213 -0.162514158392532
-0.138692132195933 -0.352435962599873 -0.0247263039262077 -0.106223337446948
-0.00883427287309801 -0.316028779205786 0.0946047685380799 0.12185757318448
-0.00474917886214742 -0.321844289972623 0.0217990539465348 0.316808627481582
0.0914459617342953 -0.384901774064018 -0.189912541950212 0.439417211001024
0.283914082382268 -0.504971796187232 -0.298792174358087 0.447379360953445
0.125827968231274 -0.301156030936567 -0.600450391546337 0.33407536098533
0.0714997733280174 -0.162517788081562 -0.27307348767233 0.204396439841951
0.183445818777862 -0.143098950197568 -0.0869691888111448 -0.0857275758567251
0.189055899831729 -0.230969988930685 -0.0768756143741715 -0.305216240981824
0.0474016262823058 -0.327931418644451 -0.261537823347097 -0.494613457989417
-0.111741824321178 -0.314056192064623 -0.521777839575839 -0.464539603534982
-0.215957964941673 -0.286080258475227 -0.618710897437459 -0.317647735656262
-0.219570568436762 -0.217121549531708 -0.574660201074491 -0.238003683344838
-0.205274243257837 -0.209289685284938 -0.441616745672393 -0.245136733529465
-0.0938906196518313 -0.235734431298281 -0.258496995128076 -0.239559628760917
0.00389060534711078 -0.179824931471444 0.0141527471592528 -0.138941482565573
0.0415316476722876 -0.093959697428188 0.0992460496775309 0.166418795105873
-0.0297541483825068 -0.109400807703777 -0.0596906207254805 0.365563127259905
-0.0112052465242284 -0.217779026359183 -0.261049919277908 0.467316750097212
0.122351797582665 -0.322987096992933 -0.367404633583145 0.567241752625928
0.151266598234272 0.0512813363050095 0.241788638551862 -0.70874324787254
0.154413204225867 -0.0185744201609282 0.221606715509926 -0.560694992589498
0.07006333653734 -0.103721330549563 0.0823166733139035 -0.412700101964223
-0.056334565738134 -0.103061250292511 -0.138674060094849 -0.233200597066983
-0.101234568953423 -0.0142147459898217 -0.074482132072476 0.155298533487538
-0.05814856199775 0.0440531119388213 0.245672433497966 0.311732539403842
-0.0373021494190017 0.0927295685296941 0.50018999889868 0.264450345408924
-0.0141543964987568 0.0930496690442243 0.61897554938525 0.212730325875901
-0.0178241251749198 0.0915416153428628 0.675309572625321 0.260935510019341
-0.0326332217166295 0.0774878819907354 0.593342288867719 0.385866322660215
-0.0836554096034285 0.0508811637493341 0.371226865031495 0.469629502056315
-0.135286808279742 -0.0556888984186207 0.122928764300901 0.298163203319135
-0.0380036195783058 -0.132376631510482 0.0964159584828781 0.0566532107016108
0.0602940210919232 -0.0763564574489112 0.257299294341631 -0.187028523616034
0.0593157482782207 0.0157103936961371 0.571039496654961 -0.374624982077461
0.263595903188528 -0.262516969875439 0.192543843688942 -0.633174932232932
0.177554783354745 -0.257701487284443 0.241038890219572 -0.46880413932711
0.0504705656024084 -0.301749039799477 0.152377542025542 -0.364972570447231
-0.0863071542699869 -0.262576193046483 -0.108775228804251 -0.258589877419718
-0.184674563859621 -0.172083026484133 -0.108045481282393 0.129257212621259
-0.221620588392398 -0.101636020875113 0.182170640276354 0.327403084891644
-0.284432193674322 -0.0160914070691886 0.452175146210351 0.304426152327121
-0.264191918660203 0.00935962636123735 0.56686645945199 0.219728632582955
-0.305964372411001 -0.0217049086951311 0.630193356264174 0.239936118557977
-0.270385446442152 -0.132907290916594 0.550447395861216 0.35063081699911
-0.230670695393893 -0.214820014344206 0.345771496733332 0.43693636123434
-0.144395154721757 -0.370835601051098 0.108867584788276 0.269000326454099
0.0366630641026016 -0.414659590609055 0.0930149481915746 0.0242539660563774
0.226634569158749 -0.310365726150745 0.228248029433784 -0.202089795733509
0.266519184529169 -0.239556288732408 0.494039532774817 -0.379893865102971
0.366137808433772 -0.555034073329581 0.0983876356839738 -0.479309153210831
0.211166451130137 -0.503891372947362 0.243219752410623 -0.346684792211056
0.0409488091831874 -0.512813907519159 0.187338025381443 -0.320332039478966
-0.107769421141182 -0.43857572248098 -0.103722788251902 -0.270644449283843
-0.253213936468796 -0.340975256370888 -0.148505705488776 0.0933895970484036
-0.360618650648448 -0.260416127197852 0.0877515310218519 0.307917616421451
-0.494493139523097 -0.142043564093674 0.336925988486252 0.300449721615497
-0.475326198213532 -0.0752810497711597 0.430997940683426 0.195853311406516
-0.550857738351271 -0.106935775492967 0.489355619220606 0.183875582941269
-0.484597115428395 -0.285258843972436 0.427908399864256 0.267836792017968
-0.391421548626619 -0.409533138238501 0.28488288739151 0.347717812289843
-0.211311627610875 -0.620290333286028 0.0977814064210981 0.225159405720169
0.0385478470074489 -0.647723737313913 0.0840513423152322 0.0299345635250652
0.312231394337475 -0.521882827783027 0.149833415252573 -0.140217049509903
0.407675676042708 -0.472979033488196 0.340962968955174 -0.302325350152943
0.426935104004151 -0.762230248158609 -0.0238445527102131 -0.258109997747883
0.244145777578903 -0.679058214590236 0.224334357287261 -0.198896307368899
0.0662174933781859 -0.684686089074813 0.18090500285688 -0.287755412166676
-0.0898470343854273 -0.609006643068324 -0.12913460990758 -0.279697848749685
-0.295195661878186 -0.515084893180638 -0.204609173279122 0.0410767510629653
-0.467515510487868 -0.41295996821531 -0.0394264048532977 0.243750633501708
-0.649080050472647 -0.260320356828533 0.163949712469414 0.249900551761116
-0.619428865181413 -0.147267021340467 0.225639969940562 0.143855030818413
-0.70783195208572 -0.159174397659938 0.275844488322212 0.114213945703755
-0.624066001570941 -0.366130310887521 0.239598123582187 0.168504661114337
-0.501360582460783 -0.505269197685588 0.184680413497887 0.22768056820332
-0.280784554041809 -0.734306594310268 0.0840133790465868 0.174079523347082
-0.00881851965971373 -0.763018953827194 0.0802414283585157 0.0711259345220367
0.30196133412945 -0.652170004701911 0.0620186816094287 -0.00301569844914706
0.457554455613126 -0.644238909456038 0.157004024246571 -0.142059681880944
0.432240527260126 -0.834089928961823 -0.172048036674617 -0.0129557334830225
0.265387701284814 -0.715530864982265 0.156244903102678 -0.0490803149557008
0.138652631745282 -0.741381970680583 0.123614711804577 -0.248929479214347
-0.0160336586889763 -0.718067265165834 -0.169300027644837 -0.280158991909055
-0.288644483052586 -0.650910991509431 -0.264319531099118 -0.0436982859788274
-0.51611100679427 -0.518777584887041 -0.190558023825983 0.123044018132153
-0.715246605595439 -0.34493886181797 -0.0525010360727391 0.153820734729101
-0.669961940195342 -0.199979575024356 -0.0167433275225685 0.0743470304421908
-0.744273298436119 -0.18735760380708 0.0277722274952258 0.0450076303594071
-0.640030892970638 -0.38913702043229 0.0250620523674298 0.0695306547042672
-0.496298773305994 -0.507029646390099 0.0678779924866748 0.101434101371318
-0.273765756276666 -0.693359240680905 0.0769206061109084 0.127470411809115
-0.0517601675132647 -0.716334223592542 0.0868701003366025 0.142870388949538
0.226574758792682 -0.660260201302479 -0.0140391572053775 0.17788016524154
0.420220098945547 -0.715160687338804 -0.0200239032659402 0.0716457226925971
0.369899916828355 -0.758058307102518 -0.322915458372661 0.201911968660277
0.257322841919995 -0.605647037941091 0.0321495768609654 0.0803568034617809
0.217178777863546 -0.653958462655443 0.0295095878144213 -0.187302111905663
0.0859681438325364 -0.704503563958545 -0.187369363021971 -0.272450086543222
-0.225807954438508 -0.685301078316417 -0.306079129077633 -0.167261325647255
-0.479990399481092 -0.542562281237595 -0.344045438964049 -0.0448760247468161
-0.671599204877099 -0.372919904838747 -0.283092240373457 0.0280203052879011
-0.618647659284377 -0.222243939702407 -0.257355731005564 -0.00486733962151394
-0.658990441380508 -0.201412798295802 -0.200999269610102 -0.0263039675587562
-0.532488759294635 -0.369306977414137 -0.155781889383205 -0.0271452160136229
-0.373767574531243 -0.438300204524139 -0.0150910563680672 -0.0129153792948695
-0.182239438586877 -0.531123719709812 0.0877308364455715 0.10297523000927
-0.0617733711143363 -0.542067379668938 0.0884753762489146 0.229047735167344
0.127696467270753 -0.559173857197126 -0.0774516097131113 0.346523845033781
0.326627554328207 -0.675055559639501 -0.15798991061582 0.291832741802367
0.238425991212335 -0.566915462816004 -0.448882207298012 0.355102935283501
0.182915334244346 -0.401781539842685 -0.115460405554704 0.180401101018613
0.230216344464791 -0.446355094830913 -0.0548549273946748 -0.112103094817974
0.144609326113125 -0.544265934988048 -0.165285973305132 -0.265591126258008
-0.128371356211618 -0.572272322332537 -0.321111801096877 -0.312856497763723
-0.361785009768315 -0.457990923595909 -0.476162758334695 -0.222440552162334
-0.520919500299884 -0.332764098372842 -0.489596703451668 -0.101365477696707
-0.472132527577614 -0.212502879449268 -0.459428275429175 -0.0801222993562365
-0.478631814499572 -0.195411342652046 -0.371384169087324 -0.101958316822888
-0.345972115907422 -0.308787034806462 -0.260407964709387 -0.118527007623291
-0.192235574828651 -0.318038779523642 -0.0347265592048145 -0.096560156954354
-0.0627395503605744 -0.310124885766836 0.112410948109848 0.111893298773977
-0.0556641788158911 -0.313667697376508 0.060314284970238 0.312147673729685
0.031930566864465 -0.395186657572052 -0.136897293772058 0.458342023116903
0.205354201446473 -0.543458250647345 -0.246140668347267 0.477390232934759
0.0563518091620984 -0.305120106778623 -0.516240360682586 0.432584286706289
0.0379811928376826 -0.161476677328665 -0.227128529528851 0.250791289457713
0.147378855914526 -0.173375891513032 -0.093693095576316 -0.0511952382749
0.135221997232726 -0.266914419762175 -0.11650461688726 -0.269039454769974
-0.0203116116942781 -0.333770256327086 -0.325828072115346 -0.432120469010453
-0.17875484875908 -0.286446831144421 -0.567317599853739 -0.35763284720725
-0.27861942356381 -0.236890439126497 -0.641057264036642 -0.198918853659532
-0.255131313558016 -0.169814817534174 -0.589563121848018 -0.144770075735241
-0.241284903804147 -0.163836569357332 -0.463576510894791 -0.176204702295564
-0.137425951956262 -0.210703420766572 -0.282880978419904 -0.193609074670775
-0.0260932506271411 -0.175389359548762 -0.0036213404345067 -0.13496125277856
0.0255780629384584 -0.100586810049945 0.121521462480062 0.150480249337093
-0.043629310310023 -0.102875320773386 -0.0101831788992059 0.368326573868429
-0.0405504193504978 -0.214765765521493 -0.195228945149873 0.49674502518287
0.0758737006898379 -0.338954714435503 -0.289120489315058 0.603939427811011
0.148081087835634 0.0438259630042475 0.199753454303119 -0.697547750606415
0.147994461845034 -0.0259577875797061 0.187636762920621 -0.549699426927753
0.0646037507895167 -0.103652791652707 0.0612734036883577 -0.406337397274791
-0.0582514542475551 -0.0971247624793325 -0.14900507620013 -0.222172777015866
-0.100112402712158 -0.010614835109593 -0.0676109782085016 0.150999904065949
-0.0572622765610657 0.0442289132169763 0.252128937493897 0.286881879915735
-0.0309756168045452 0.092643181753649 0.494996466813545 0.23437310218784
-0.00837711172658013 0.0908073355970631 0.609055313544316 0.182698992897012
-0.0122088534011748 0.0888882162953478 0.663780536126753 0.223617478348393
-0.0276043574057441 0.0764019412046209 0.591729495430917 0.344656132425629
-0.0781605895290986 0.0523112636120145 0.380763195515704 0.438462678667019
-0.132865980218619 -0.0458255328977624 0.129986568834175 0.283173231717102
-0.0435768118437505 -0.127161516920984 0.0969618828103709 0.0493425612986299
0.0550122408871443 -0.0764051343035941 0.24254727937662 -0.194413662435243
0.0571472442999343 0.0141732116080368 0.535408720610529 -0.390451140470524
0.238374431448685 -0.267334130375592 0.15421096311466 -0.621193437557413
0.158357701551897 -0.259609311412393 0.210123979767992 -0.460197705339121
0.0345505214467006 -0.294044624125326 0.130769671504523 -0.361963125648021
-0.095563865552578 -0.250917717789708 -0.121251786410036 -0.24909868083099
-0.18698017312246 -0.160415806381302 -0.101121822102738 0.127241870709143
-0.222459569789044 -0.0897304239413363 0.191497595674501 0.306638022031656
-0.273892134257583 0.000179879233852882 0.449288672965468 0.272557818275306
-0.255237279174781 0.0216543311071718 0.558135667627335 0.192348080195948
-0.295734176542973 -0.00573962842871817 0.618452305346046 0.204233621791415
-0.268685844376914 -0.11662312862657 0.546250013207564 0.313613523875921
-0.232967233250655 -0.199860480273118 0.355185411176323 0.406116590857144
-0.157202101867552 -0.352685865602596 0.114554718954526 0.254591475809226
0.0160841939018199 -0.403190085483996 0.0896352107409897 0.0171746330173322
0.205358146304455 -0.312572447023302 0.214061542976171 -0.206545739982016
0.244249045036616 -0.244897931088051 0.46002168162117 -0.393475185539409
0.319742623061069 -0.556152464651153 0.0746635233708562 -0.465279412346875
0.179313907384704 -0.49904297465834 0.219552189061715 -0.342626512191489
0.013308535488564 -0.49929844683969 0.167366362103508 -0.321823450885363
-0.125522297696936 -0.420242960392767 -0.116609787033916 -0.260222186581574
-0.259349693001457 -0.321062797546144 -0.143047734648322 0.0942969298182252
-0.3650060565178 -0.236263007794065 0.0983914082809269 0.294134422845073
-0.48471896045161 -0.110159082111394 0.336277751887286 0.273477942349127
-0.465151586456024 -0.0509246023541611 0.424048179322497 0.176503779629763
-0.536370500177049 -0.0758252061095373 0.479295078859903 0.156769990103247
-0.48595168275287 -0.253097265088977 0.424321497577301 0.240077770208692
-0.39759639070829 -0.382535409478663 0.290779014789654 0.323219636691805
-0.234317399606399 -0.589260873436654 0.101890643234641 0.211517029406522
0.00711642678053858 -0.630050395619234 0.0783131150310644 0.0222474180073306
0.279385293482094 -0.522755671485922 0.13936875327505 -0.142653335942615
0.369855165657363 -0.480562310318184 0.314667909163346 -0.309642995373941
0.369970885436123 -0.760732468904539 -0.0350375927336887 -0.24677823792309
0.204387392971549 -0.671833747452952 0.207264264931092 -0.1996814701658
0.03006333213359 -0.666461556836947 0.163200808016635 -0.288300966002522
-0.117164081700091 -0.58875549504458 -0.141525305795254 -0.267027238346509
-0.307837399612333 -0.487301381535286 -0.199733091781478 0.0475960897033139
-0.476304308601742 -0.376198567686747 -0.0264259317958262 0.23967690002953
-0.638809615803398 -0.215397490630929 0.166888021871007 0.230051246854526
-0.60804207641651 -0.112879452132645 0.222743618577832 0.133912808795684
-0.689165629741443 -0.118263001856251 0.268242614530284 0.0986696414648009
-0.625241598063026 -0.325281334441556 0.236396675088753 0.153412197612655
-0.507058882810867 -0.470437477906091 0.186971416867701 0.21186309862587
-0.309504589038795 -0.69837603461998 0.0862863110154563 0.162309841217634
-0.0449841112393832 -0.736850470655224 0.0753809943324875 0.0622053119514342
0.26134474506343 -0.649999516394344 0.0590566708139636 -0.00491590159394317
0.40698393377499 -0.650160120597081 0.142900997169387 -0.144736560763729
0.368569501317133 -0.830765982849716 -0.166533679470082 -0.00204769679756521
0.223962170179785 -0.708882691423241 0.14829492307788 -0.0524444414326933
0.0950791715866942 -0.723945928536563 0.109323947738151 -0.247741445267369
-0.0498036165653188 -0.698916188797721 -0.179461990150636 -0.266005347192029
-0.306523712981842 -0.621373657497646 -0.261174224952721 -0.0296484315019097
-0.527192917691637 -0.477823142209161 -0.178050576288541 0.131701442396864
-0.709178487782101 -0.293804901375288 -0.0465401563128142 0.147104303931532
-0.658946429515643 -0.161654857840146 -0.0162948297255603 0.0755126695112644
-0.724452269904551 -0.143685163570691 0.0260121976619285 0.0423252377718582
-0.642534448081478 -0.345876884763646 0.0247083003516898 0.0679935501690286
-0.502529495288501 -0.469668274644908 0.0681522546373514 0.0952407271525628
-0.30054114361844 -0.658329546869472 0.0774306746856429 0.117179999634457
-0.085028481971206 -0.691128575061232 0.0835656616828895 0.131307703483418
0.189005218514518 -0.653579456899908 -0.00658199124801978 0.172903088650341
0.368382672979043 -0.717791369701453 -0.0170376674532677 0.0715297931881733
0.314946775462193 -0.75401992644919 -0.303509181479595 0.212262884643905
0.222483940925965 -0.599302781117295 0.0331314685319007 0.0776586380511995
0.177906982949206 -0.64225397621739 0.0216288874087054 -0.183762580482416
0.0495767578645444 -0.691543926049554 -0.196492544738517 -0.256541689910147
-0.247197889470188 -0.655880687292862 -0.306189977481234 -0.147154515120238
-0.492252111165144 -0.501384583836915 -0.334576532969068 -0.0230826029302375
-0.669811962408181 -0.323470214451844 -0.275102592549012 0.0359737899446715
-0.609840081908902 -0.185460180963866 -0.252984201863775 0.00820357514695544
-0.641667388628912 -0.160797457031129 -0.197237684875109 -0.0170520280934409
-0.537736095527333 -0.330253921668212 -0.154085818046532 -0.0166037834761613
-0.379022910380283 -0.409913600594864 -0.0175200442163944 -0.0122217963085037
-0.202626604814216 -0.505255479384653 0.0886273791030183 0.0920398249520266
-0.0887118534751092 -0.519429103054466 0.0901902398719888 0.215327338023901
0.0959182592473551 -0.549950322384284 -0.0601174706632597 0.338067749142683
0.279421947045444 -0.675015853901205 -0.139754387021071 0.29171644167067
0.199011110103866 -0.56373775149482 -0.419944701548047 0.366195441635027
0.162110188295486 -0.398202700767204 -0.106176616339862 0.182123399022924
0.201107863280385 -0.442447410720601 -0.0567213293112064 -0.105264634424862
0.114082342879745 -0.53880027849193 -0.172466331975565 -0.250932310898935
-0.149123831965897 -0.551422689106875 -0.326874349309523 -0.285591663427337
-0.372871466192226 -0.426982759408961 -0.470910791652156 -0.188229821295582
-0.522066621532422 -0.293411251445094 -0.481911019503696 -0.0773113005487206
-0.467957246735018 -0.18240460780302 -0.45039092118701 -0.0586849472913341
-0.466912439845381 -0.164789375257591 -0.364044525815282 -0.0834484752193163
-0.351311998649394 -0.282504543763347 -0.258025261234749 -0.100312775257284
-0.198203047883177 -0.30165928763203 -0.0394298348865807 -0.092078195369423
-0.07594690470663 -0.29586825903448 0.114011402930712 0.0996433720575328
-0.0705078396060771 -0.299130976451298 0.0668607284166381 0.298378243757899
0.010580489368944 -0.387095545542715 -0.114312116851324 0.44957027574976
0.16932189752222 -0.541834272271853 -0.214085774263339 0.475769034366164
0.0381900572694501 -0.300711114260942 -0.481181618222639 0.442522852073178
0.0322019859675345 -0.157647000863467 -0.211206149837211 0.255685581069651
0.134494336673819 -0.174759786979299 -0.0912541311065175 -0.0422220812882179
0.118298089521478 -0.267001097387248 -0.123761268683517 -0.256303404440864
-0.0339470492589757 -0.325378307011267 -0.337217086347636 -0.40248013082128
-0.185383536022445 -0.268991844596165 -0.566961622452381 -0.317610038272221
-0.283348712921984 -0.213932879315844 -0.631480327212487 -0.164952641238614
-0.255916658845116 -0.152272341556299 -0.57900674229643 -0.116113896071157
-0.238548177951572 -0.14578735236815 -0.455380514852311 -0.151393414258041
-0.144147913628086 -0.196336774569686 -0.280341198595407 -0.172629244579793
-0.03239737672052 -0.169438820993943 -0.00909973750449679 -0.130116872921911
0.0191714379626844 -0.0973296619390411 0.126629517873797 0.138657077369457
-0.0489906047992595 -0.0971403382625446 0.00220864174068055 0.357191902327749
-0.0511558842244874 -0.208085710654402 -0.169988231242308 0.487001294743259
0.055365480793086 -0.33616690412115 -0.248074200723768 0.599991495814745
0.145310046259118 0.0405741111670758 0.17597277137908 -0.6838856295356
0.142300048610201 -0.0288034913814373 0.169221143537041 -0.536073060114256
0.0611828485863437 -0.104418538807802 0.0499068960881851 -0.398933139658356
-0.056849554031164 -0.0946038431398929 -0.15580523900526 -0.21528868907159
-0.0997418089263366 -0.00845402359699332 -0.0650498319088319 0.146732753216153
-0.0578666052097372 0.0441000323605986 0.250643524659963 0.27034630611506
-0.0263313552458161 0.0913864100935222 0.487103394002362 0.217756418453258
-0.00588747824738648 0.0887965753261331 0.59976920494652 0.171271814567372
-0.00979284567527083 0.086149430692614 0.65038294427002 0.205722895797655
-0.0242323235038899 0.0744149759694705 0.582617206311486 0.322037016160796
-0.0747526363410835 0.0528202801039773 0.381409383298077 0.41866056860308
-0.129205418801719 -0.04021443648299 0.130739277658355 0.273190338402413
-0.046053820280501 -0.122962465629204 0.0963313369430359 0.0441166432606031
0.0517858237080176 -0.0752993835490827 0.235423061179553 -0.196255593330938
0.0545742755232094 0.0144935729413131 0.511030298276376 -0.395864898044715
0.221225429853266 -0.265187747552474 0.133517436805196 -0.608125951720033
0.145958593263004 -0.257596358633817 0.195232191196285 -0.448911562383675
0.0265346759279514 -0.288360660813059 0.119517426794454 -0.359299392859164
-0.0978472232162876 -0.243900850819532 -0.128931984890906 -0.242925380282602
-0.185687314666196 -0.153474293456643 -0.100439823030207 0.123098901783572
-0.222760826128449 -0.082856794190724 0.190880737052284 0.291850577514844
-0.264575772012057 0.0085885126093801 0.440823690836989 0.254467168953283
-0.247797159036653 0.0274731987424659 0.54880970577478 0.182749218055042
-0.287458390002671 0.000846082429631079 0.604372476448653 0.18765227815504
-0.265789663779389 -0.108096556386227 0.536535494292846 0.293298157772606
-0.231020693252365 -0.190670217785144 0.352843705404532 0.388244793850923
-0.162125619900027 -0.338895084624982 0.113999359874021 0.246002855459131
0.00585290028478947 -0.394112020804274 0.0861639854184841 0.0126027048251127
0.193280314141536 -0.310947003650948 0.206197545763917 -0.206762488029971
0.230202221558499 -0.244063045875501 0.436934350275898 -0.393827163968824
0.290675418465611 -0.549365969678782 0.0609609465512592 -0.45509380206546
0.159910564645905 -0.493743603636003 0.205805687285277 -0.334649165146848
7.9363975632421E-05 -0.486654628754133 0.156758405866096 -0.320027174426779
-0.132688415407364 -0.40923954032507 -0.124238570609621 -0.253039101823994
-0.259489350453612 -0.307745181061895 -0.141948059494967 0.0933584627551417
-0.365737856931857 -0.22157564388391 0.101740350990492 0.284041258176152
-0.471895751539531 -0.0916871114516634 0.330071166913668 0.256328999753375
-0.454127223309987 -0.038485927492995 0.416835792237418 0.168369673078315
-0.521715629217115 -0.0616012100738615 0.467208220617079 0.144199438923594
-0.481025721683799 -0.235691387891635 0.415078609551757 0.226098031847936
-0.395871164130352 -0.366513443690779 0.289575718332627 0.308244452968027
-0.242698364780054 -0.570428424353719 0.0995476488707674 0.203264936531967
-0.00737561652087808 -0.614624371312377 0.0726120509467275 0.0180088242161148
0.260091096699246 -0.518739368258051 0.134243193670902 -0.142068599854331
0.345314471573378 -0.477176004258893 0.297751583818141 -0.310106348989145
0.332769714148736 -0.748470883507092 -0.03905831314442 -0.236577261439177
0.181702833381004 -0.660651218732084 0.199535469340597 -0.19649397520461
0.00962299747716768 -0.650440477198011 0.152575267434751 -0.287342975019742
-0.130957544251839 -0.57515060705749 -0.148312454107331 -0.258805482390379
-0.309460195788736 -0.470234226228244 -0.198189557033255 0.0500643047914248
-0.47575781122709 -0.355629146889402 -0.0200346296470837 0.235762098524035
-0.625731165560706 -0.190584361079065 0.162365135075665 0.216522950966486
-0.594389604117272 -0.0970750694664144 0.218041482483835 0.130307755759353
-0.667874524766381 -0.0977617736364439 0.26032439348854 0.0909659184217589
-0.621117407629627 -0.301345976262851 0.23091613309671 0.146090052446626
-0.506880209281864 -0.449451219265497 0.184862689701731 0.202563757604579
-0.318853385171166 -0.671053541878461 0.0829853708448058 0.154589254820903
-0.0615980576834856 -0.719142476909228 0.0679754424792841 0.0574941172283516
0.240245358881163 -0.642719306989612 0.0576613583236247 -0.0065931520041398
0.376910422275589 -0.644799146224352 0.133821867520775 -0.144164033594003
0.331871536202595 -0.818997520032955 -0.161980526086784 0.00442084916386504
0.204101525523729 -0.697993822989566 0.14325578558378 -0.0519923481045253
0.0741869733401394 -0.707659770388728 0.101760216232633 -0.246072265990741
-0.0668939951462532 -0.685404909461181 -0.184478726990773 -0.255050830197925
-0.311413488568112 -0.601883188067878 -0.258235868051518 -0.0231910550373743
-0.526675457270043 -0.453436319508603 -0.169320496148181 0.136027075859053
-0.694816217611976 -0.263571404746507 -0.0468361012278391 0.139642254949057
-0.646284751204266 -0.142645894976503 -0.016669665141042 0.0770741543141436
-0.703651946048057 -0.122009100288971 0.0232132983588545 0.0409314371086873
-0.6364372615203 -0.32092999545937 0.0229078211998131 0.06823234515129
-0.500724494748123 -0.451884479990531 0.0652675460462519 0.0918671152595528
-0.310030527777395 -0.633580980941564 0.074383275430682 0.110397294957476
-0.100760200319332 -0.670827946656913 0.0777330033578618 0.124613479680627
0.168071641051275 -0.64449021218574 -0.00351231369631261 0.168739258686479
0.3384219563922 -0.711946114096896 -0.0174104770960541 0.0706061662740513
0.279398672192638 -0.743695997930572 -0.289959580533595 0.216428419224779
0.206651766368551 -0.591442353376894 0.032798410571733 0.0772460632734837
0.158586029898473 -0.630512534276156 0.0164515093665863 -0.180123575848819
0.0281820583444268 -0.67956286930478 -0.19906342815908 -0.245778300500661
-0.25462375576029 -0.636853218652402 -0.30446263947394 -0.135389696782515
-0.493721957410329 -0.477739058796894 -0.32469402467745 -0.0102381568848919
-0.660194778382615 -0.291828992583183 -0.270312480118296 0.0370606536497747
-0.599493322327108 -0.165685597415971 -0.249105673167088 0.0149718893944984
-0.625742501393772 -0.140602173581711 -0.194427607980215 -0.0118711668147377
-0.533800830196554 -0.309790711729287 -0.151919431804104 -0.00985556113003272
-0.377201809680826 -0.39275361656559 -0.0194880125356721 -0.0113652415017382
-0.209443561165719 -0.484807514256292 0.0865914869974353 0.0845120373885962
-0.0987749460655257 -0.501410172243142 0.0861901221122703 0.206523479299008
0.0782943095651792 -0.54117671660103 -0.0533421349685347 0.331530036969122
0.251509353628821 -0.668985336103504 -0.129697595163949 0.288841048925463
0.175340428222368 -0.554117068206899 -0.400321095544555 0.368169131106747
0.151327826421348 -0.393445895598059 -0.10138684630353 0.182771665440405
0.187652809256992 -0.434770923023282 -0.0577669652693669 -0.100827831520707
0.0976043488902103 -0.532502093129876 -0.175507112826305 -0.241816294512794
-0.157231726018597 -0.538434753032142 -0.326699655986334 -0.269766773739978
-0.373434440671049 -0.406984148126739 -0.462169271728126 -0.169938984955222
-0.516424801742754 -0.269537621842281 -0.473625731461275 -0.0674116928021216
-0.460097922202434 -0.165914081000014 -0.443202069172138 -0.0483114110441909
-0.454925098240135 -0.148110223403313 -0.356965962579128 -0.0739107356261092
-0.350468661924493 -0.264352969537139 -0.252608147653774 -0.0893489798600965
-0.19909488276702 -0.291064197445067 -0.0415024131833585 -0.0890436284620279
-0.0808336273767022 -0.284288091664504 0.1127933876558 0.0922273397388931
-0.0773572433041501 -0.287827537322101 0.0670615128374424 0.2890863522199
-0.00117307231198118 -0.38016624560852 -0.103226612571245 0.439632945739067
0.148044365762343 -0.535358126843952 -0.196596281316247 0.469649145482518
0.0271620217612841 -0.294887768387304 -0.457493506873468 0.442258488485882
0.0311987061069834 -0.155227467955009 -0.202646718287085 0.257156227945261
0.128054454384249 -0.172764822518172 -0.0888308943223313 -0.0370055141369682
0.107752090283233 -0.264071892614514 -0.125302710207259 -0.248508084765189
-0.0391205046628362 -0.319119986589242 -0.337396737450909 -0.38326442975776
-0.18594795010382 -0.257963704502384 -0.557873714627511 -0.295111988259734
-0.282039396861655 -0.19850009113287 -0.617089448817961 -0.147706578921931
-0.253152518188181 -0.142229862279558 -0.568816168441871 -0.103282301718272
-0.232081410058322 -0.135703655051491 -0.447423397785065 -0.139634805179091
-0.145526183800571 -0.186359462168142 -0.275177322062949 -0.160488476759067
-0.034348694047731 -0.16483768425944 -0.0104248704941559 -0.126489842877994
0.0168643663688778 -0.0933129604154483 0.127656077600915 0.131401426177121
-0.0523480506458184 -0.0923695209695241 0.00736229618834268 0.349815945003955
-0.0568626742675003 -0.204115845980437 -0.154246220621222 0.478614629948524
0.0445634691852246 -0.332725795167407 -0.226812822852336 0.591253016652537
0.145447404036708 0.0393702087390036 0.16218738924936 -0.680485993235731
0.13941964525844 -0.0302125984750016 0.162370741703648 -0.530815321050328
0.0599115236881217 -0.105660458166369 0.0449505573641173 -0.39999170388485
-0.0570969805740093 -0.0952220945483218 -0.161407917396652 -0.215265007910748
-0.101101327750897 -0.00832116917074131 -0.0663414022398418 0.144911372418306
-0.0596069586339524 0.0445650628253839 0.2496845079443 0.263007835607352
-0.02395178278522 0.0906111857004881 0.484089278084384 0.211592141988762
-0.00447349123965686 0.0887427125847808 0.601164678345666 0.167032389234434
-0.00881861819908383 0.0853424487424899 0.647841135693149 0.200277799361798
-0.0225689656700531 0.073681717099597 0.57984605058648 0.314477401150341
-0.0734058257110686 0.053338685121455 0.382132783749067 0.412163151054645
-0.128604955797957 -0.0381584965911584 0.129274517109281 0.271303909807688
-0.0471509424637586 -0.121751509057506 0.0967766123422017 0.0404300303517527
0.0511488223639159 -0.0742402285836448 0.234423457287697 -0.19997262126972
0.05434970335423 0.0164824998285543 0.501588269198317 -0.398782128503247
0.213359490134347 -0.264798442731751 0.124024730467863 -0.604729620992831
0.139338336228471 -0.25844779118302 0.188791083506393 -0.446197168392141
0.0219744781852496 -0.286907635684652 0.115148224287728 -0.359434824315282
-0.100218615153276 -0.243843360139411 -0.135376439524688 -0.241881001417015
-0.187006867800341 -0.152569910966212 -0.102836161917155 0.122360013519007
-0.225984817849891 -0.0792330198562074 0.191719286933059 0.287045004226657
-0.25982021957893 0.0129484763401935 0.435966583014416 0.247605077521271
-0.245671318063997 0.0301756899415485 0.550081802233265 0.181108905261353
-0.284365133955528 0.00404313066210359 0.601420569721465 0.183305488074461
-0.266712442438772 -0.10452807889396 0.534517300076032 0.287433421572926
-0.232079531782991 -0.188568026922981 0.354319207695409 0.38395524375244
-0.164071726243763 -0.335534451474075 0.111691611528976 0.243981423823128
0.00188049365949021 -0.391586454019521 0.0844081704643451 0.00979894921841298
0.18926866874483 -0.311258746085102 0.205098627601657 -0.209490884325529
0.224628284181528 -0.243673987599472 0.428302892053289 -0.397712392881829
0.275500004892434 -0.548561262191841 0.0550983024705848 -0.449957686277039
0.150055227209583 -0.492307600582033 0.202701443729327 -0.332447824883918
-0.00657075445223408 -0.484278667613153 0.151425065457996 -0.321419882449705
-0.137827799643584 -0.407491338111102 -0.130133440330895 -0.252403199227723
-0.26022821701284 -0.305831939047527 -0.145024480703774 0.0936670136348845
-0.369975719413593 -0.215080750100208 0.103456177159445 0.280577193446759
-0.46597593749606 -0.0836124647298722 0.323323892420714 0.248693529181134
-0.451526591241612 -0.0321840087863903 0.416980004282347 0.16871586362502
-0.517683154485051 -0.0547035147343001 0.464235682096775 0.141036688028836
-0.484813923960058 -0.229980632074451 0.412874251554292 0.221765222182438
-0.398506370259835 -0.36247793137585 0.289264658414803 0.304598186800586
-0.248574634633253 -0.563368866195715 0.097123656314786 0.201539687475315
-0.0139556422954119 -0.610359753326143 0.0688727393505585 0.0152050997125505
0.253285414830748 -0.520739288176895 0.134184793793197 -0.144128264700483
0.334818069161744 -0.478304293183141 0.28958317473052 -0.311926466626267
0.313009075495204 -0.74738235748249 -0.040065229173828 -0.232826253997848
0.172486688851468 -0.661748887040082 0.197371663348092 -0.195693495353825
0.00221732125454852 -0.646804878377496 0.14945086358134 -0.288471248845554
-0.139056907642754 -0.572124604968054 -0.154057917604054 -0.256439140332029
-0.312168406910772 -0.467055700726174 -0.201123568399257 0.0520977163427899
-0.480607343842236 -0.347888798114047 -0.0174429097679831 0.236040282546582
-0.618478813676512 -0.175937735293961 0.157257181257874 0.209906023511944
-0.592964989353051 -0.0883509322196968 0.21763273649144 0.132426566140381
-0.662441112359286 -0.0910076750530872 0.256274061189641 0.0898218385791994
-0.623940504928608 -0.292084810032427 0.2290528845751 0.145214185435012
-0.50825323877804 -0.445681877787484 0.183026057960371 0.200547067947018
-0.323656536926213 -0.664795749227967 0.0793761072007434 0.151780163295934
-0.0709322913495466 -0.713782848877984 0.0628472721579995 0.0558682635491789
0.231109364291109 -0.644959102130293 0.0580357939178647 -0.00740726128597061
0.363042894230217 -0.648416809514266 0.128529349801383 -0.144579903244365
0.309267255028021 -0.816041043129875 -0.157789724263278 0.00929174725153977
0.195463194999675 -0.699290768646344 0.142635249818301 -0.050756191367338
0.0645419767379559 -0.704434724214381 0.0979332903461724 -0.246253276269284
-0.0780624151427157 -0.682685269841754 -0.189497366825177 -0.25264062004233
-0.314605619862997 -0.598405208714079 -0.261038439915662 -0.0183263386914726
-0.529922754455413 -0.443306583205579 -0.165496575214611 0.139365753444676
-0.689483332966563 -0.247986686840047 -0.0519718576541952 0.134780105955655
-0.645045940324194 -0.132714495783972 -0.017012213368982 0.0802233315074515
-0.696255443898083 -0.113735096375907 0.0209705442355231 0.0421234000740664
-0.638403263838303 -0.309854050310152 0.0220043902819987 0.0708074728126272
-0.503111319248894 -0.447374572001914 0.063202396326511 0.0915114838491313
-0.314111359924188 -0.625003076045729 0.0702084272310669 0.107312105331797
-0.107695057308907 -0.664221520523522 0.0722482531922494 0.123045069438471
0.157441736775383 -0.645840180501368 -0.00229666098950688 0.168348666069073
0.321613131928954 -0.71211811884347 -0.017582761595746 0.0724229670594058
0.260267801609872 -0.740493625744365 -0.282993902826231 0.220758735627028
0.199779740535961 -0.593997299671273 0.0332972595309076 0.0797387937614398
0.15076169995033 -0.628044328135957 0.013752332870684 -0.179132625137444
0.0181155732454799 -0.67991148572183 -0.203234226161128 -0.242990454177648
-0.259295077929925 -0.635617912018775 -0.306324844510793 -0.129318885679556
-0.496851128224369 -0.468986233871637 -0.320850329173224 -0.00342346942662629
-0.656145721136935 -0.277030298190463 -0.274252973174625 0.0353817644479698
-0.598055343172895 -0.157591026104463 -0.250365455661889 0.0192333129160862
-0.617656506261249 -0.133195802051987 -0.195204592760435 -0.0100032695476775
-0.536070067232822 -0.299541569108584 -0.151028995697638 -0.00546352224376361
-0.377841266333957 -0.392344436133949 -0.0226377492782998 -0.0102167558580988
-0.212577537650665 -0.477364985908242 0.0836688658977971 0.0813477734454121
-0.105121446878999 -0.495279257755681 0.0821648322586563 0.205044927445179
0.0687902874152178 -0.542349297950689 -0.050436762634257 0.330342957678913
0.236925179837768 -0.67070142651212 -0.126888885822455 0.290733046549587
0.16073551587032 -0.552221362977013 -0.391158360289233 0.371906990335725
0.148867155183102 -0.39488972861064 -0.100275252635634 0.186093886112214
0.182312493061814 -0.435158676208057 -0.0589422516849657 -0.0980602327739862
0.0906846332706761 -0.53270850310846 -0.178425528071025 -0.238541604805128
-0.161645059260739 -0.538153484849602 -0.328330100384211 -0.26219517413669
-0.376945226468893 -0.401138037752393 -0.458681205869175 -0.160937001811162
-0.514661999547601 -0.256526936408317 -0.474658109870124 -0.06622541497812
-0.459417247748271 -0.160688696157177 -0.444519636798913 -0.0424897099468483
-0.449950427138212 -0.141940302156588 -0.356250473496814 -0.0710071678132052
-0.351682209985852 -0.258071516092972 -0.250917797969062 -0.0848029191136965
-0.198570753902685 -0.28892270101725 -0.042545835046267 -0.0879963452712703
-0.0819344423698918 -0.278475199665377 0.112790639947126 0.0887851842799798
-0.0820422659240087 -0.283179926446973 0.0652812634138185 0.288826404750474
-0.0094058132278453 -0.38035550283219 -0.0998957579472911 0.439044309695683
0.136979453549195 -0.537651816967363 -0.189619481229227 0.470348814098431
0.0208793128634448 -0.29306068901268 -0.448191181694405 0.447436873065951
0.0310629878081948 -0.156363525055312 -0.200107341251029 0.262605991099377
0.126927914647392 -0.1733911306515 -0.0883197251438834 -0.0328958169848489
0.104687064359649 -0.263956424537146 -0.126963687943172 -0.246286386428848
-0.0422836331297418 -0.319932235561937 -0.340085646072889 -0.376387966253539
-0.186721678006556 -0.256265792310401 -0.558322646680846 -0.283892275370358
-0.282836297548453 -0.189912757077175 -0.615396054015827 -0.141006028190951
-0.254010361788717 -0.138531439190745 -0.569531491579876 -0.097458834281644
-0.229994984871084 -0.132191160651107 -0.445690871855809 -0.136060779400363
-0.146170014460508 -0.182283796228921 -0.272488433195539 -0.155475215368358
-0.0344851815961178 -0.16336260320634 -0.00996722591185394 -0.125432458208308
0.0155142187636887 -0.090504567842844 0.129176300404841 0.128483921982791
-0.0545651233724482 -0.0901807708488616 0.00704975480078979 0.350643898743826
-0.0618425893215668 -0.203813450998589 -0.150964128819137 0.475886128967602
0.0383106713350675 -0.334731100748803 -0.216600745698389 0.590891796340567
0.149436038239743 0.0391695768190875 0.150641433570043 -0.695013852668832
0.139970164777437 -0.0324160423767272 0.157597213510729 -0.540112989104577
0.0588359595302889 -0.109569473472924 0.0392704568625317 -0.410225566657138
-0.0602200123454599 -0.0979066583598636 -0.172712805916563 -0.217343644547803
-0.105328393364056 -0.00772396081597545 -0.0681167203828285 0.147209383010495
-0.0630413483497689 0.0467766786529408 0.255787622858118 0.261831138424177
-0.0210977338854527 0.0917392755479322 0.496210903530426 0.209671291184419
-0.00204181975903745 0.0907509782820227 0.61841145403534 0.164595210465132
-0.00739916257023867 0.0873355459204131 0.663808877352154 0.196563369493604
-0.0208318263464374 0.0752545534796388 0.594500751123857 0.311325174885761
-0.0735180895567876 0.0556162801411965 0.394612004832336 0.414127629839874
-0.131074217340725 -0.036031741109853 0.134349362518779 0.275935318549882
-0.0502856785907026 -0.123461435014474 0.0991665753877162 0.0364947795190086
0.0513741492516618 -0.0759873677105645 0.237736737778052 -0.211476672529691
0.0559586149119364 0.0191021142071638 0.502216397597891 -0.416597306319975
0.20941048284485 -0.271499931377001 0.113114451673914 -0.615992160908622
0.134174114646552 -0.264915733489937 0.183282239541892 -0.454815461243077
0.0162747798326977 -0.293540400548544 0.110491976375937 -0.370759770321801
-0.107641551967608 -0.248870729937477 -0.147548704157084 -0.245094858653504
-0.194110002612158 -0.153930297997192 -0.106901329566476 0.12527899625535
-0.234853111710452 -0.0757521135886775 0.19751102863208 0.286956672076367
-0.261191602563821 0.0174064073127926 0.443310466079352 0.245422112804146
-0.248940614819272 0.0362751846986879 0.566258253277174 0.179314940617904
-0.290059944000811 0.00857858190318194 0.615121664689632 0.179461374839766
-0.274598646150285 -0.102010289686853 0.547770631656391 0.284088076879247
-0.239623789046092 -0.190288609297603 0.366075037599285 0.384985250731784
-0.172639662412074 -0.338741957215663 0.114680292213545 0.248051522491686
-0.00443381226164946 -0.398834627070292 0.0842687621930498 0.0055660601571868
0.188546061878497 -0.320661173564572 0.208086110177893 -0.219935712144679
0.22351773728279 -0.250340370420939 0.425886809888316 -0.413737239161136
0.264619612355179 -0.560250401024586 0.0483585368751452 -0.458156887562927
0.141575015165254 -0.504277498842434 0.201970183229616 -0.340674141003028
-0.0190471019842285 -0.492644098158604 0.149276064772604 -0.331217805136712
-0.151789650870383 -0.413898913592983 -0.141961123654597 -0.255794378709212
-0.271770281779087 -0.310339889740781 -0.151538376883021 0.0980030955112039
-0.38340562903112 -0.212638772802289 0.108877958379796 0.283448125839949
-0.472960684856965 -0.0755934643796225 0.326688521344117 0.247491626798906
-0.461394995627839 -0.024104097770649 0.429686840475384 0.169490493531081
-0.527814984328268 -0.0471832108960821 0.473252323580347 0.138612108624093
-0.499021544757377 -0.224968611555978 0.422471533411005 0.219974342277524
-0.412206525723446 -0.366384239084039 0.297616393124481 0.307714891019848
-0.263185358573743 -0.572143734697121 0.0972631065452654 0.205151310991832
-0.0233870890989568 -0.622191259212222 0.0664198656694511 0.0121841510273378
0.249020862884179 -0.535994317576844 0.136223206801683 -0.151361635004963
0.330831867951603 -0.49327646407804 0.286919655006338 -0.323316262528134
0.296092512398826 -0.763914473717583 -0.0437044887520899 -0.234282353798938
0.162023360877864 -0.677891840553407 0.199953011028143 -0.200358510543709
-0.0112425260664903 -0.659197889889854 0.147549904288668 -0.297516645752922
-0.155721520413598 -0.582431198564369 -0.165271415156251 -0.259921281127697
-0.324917246767239 -0.474965328545635 -0.208727388986843 0.0582771707367311
-0.499566205066104 -0.344856053480816 -0.0134271277615501 0.242333239109034
-0.628489132835508 -0.165473158193729 0.154395004010234 0.209863547678603
-0.605979877024948 -0.0789427885479118 0.224661584895727 0.135137528861084
-0.67510038932228 -0.0802374140055909 0.260423059894143 0.0902460564234032
-0.643045617230928 -0.287637563281607 0.233494510045694 0.146334789315555
-0.526752468746252 -0.447988516509071 0.18750383088786 0.203337716300511
-0.341994550292414 -0.671613169876026 0.078795892500434 0.154526156428356
-0.0826952987946575 -0.725542741162961 0.0594339400588319 0.0545506539270782
0.223089862992059 -0.663675744488254 0.0607347922615972 -0.0102159167421892
0.354431362894842 -0.668019683902259 0.125810938403012 -0.149429482291648
0.291073866548149 -0.832056001428279 -0.157372783299447 0.0137128578841842
0.18590392838532 -0.717368330673692 0.14606019009185 -0.0511466105780637
0.0522356104790657 -0.7193991306826 0.0955086233269789 -0.253063379829813
-0.0966737692656371 -0.698185843209318 -0.200913615633977 -0.25378292192287
-0.330728442391756 -0.608621121452492 -0.270199530208535 -0.0116802641924549
-0.553464551690859 -0.443460037977021 -0.164255291361661 0.148614457037379
-0.702924791433947 -0.23709481818041 -0.059272477881615 0.13584005739628
-0.65918205566365 -0.123428758024849 -0.0166912483359929 0.085621727389758
-0.708780306838106 -0.105263978162959 0.0198228399757336 0.0441358406613502
-0.658216776058992 -0.302410461402398 0.022526306321899 0.0742925582293496
-0.520727037396157 -0.451280466285546 0.0633431158787971 0.0941135901300534
-0.331624034261056 -0.629551909607617 0.0694626359221308 0.108436529999926
-0.121523580440702 -0.673407989106582 0.0697997248964095 0.123985495667553
0.147681608735681 -0.662588476178389 0.00155584349079214 0.170723550750083
0.310231679282363 -0.735297490436196 -0.0195007498434041 0.0752011652443028
0.244929896773219 -0.755985853401022 -0.280596034260228 0.23127693958508
0.193847912665953 -0.609729298484831 0.0362402730724548 0.0842080510980097
0.141874315650864 -0.64431150185969 0.0107320319619364 -0.181371091104433
0.00383891465679448 -0.695526231079069 -0.213335927699484 -0.243528081602001
-0.27544753326764 -0.649653242916872 -0.317026720717657 -0.122269016133594
-0.516058974480596 -0.470859834736721 -0.324793734806485 0.00519402934547532
-0.669519861179924 -0.265105279522245 -0.285105151652945 0.0375527145916272
-0.613240524014165 -0.14923494810467 -0.256363268050723 0.0257917690724712
-0.627492339228434 -0.128020338409071 -0.200907768696777 -0.00635907486771113
-0.55156688097146 -0.293891944597155 -0.153950258373381 -0.000948437515826854
-0.392291396086631 -0.393729269400522 -0.0248684207502549 -0.00917370872368597
-0.224635585194197 -0.481067962334455 0.0839555230331891 0.0809588691589564
-0.117113594313653 -0.500792057966231 0.0821720491836519 0.209617291976199
0.0575047079677734 -0.555841861199738 -0.04636382587274 0.337074523737503
0.225068575966179 -0.692160108847295 -0.124182878047819 0.300050180421805
0.148894632424458 -0.563318745109581 -0.388773245769767 0.385255189155531
0.146534359140615 -0.407859597732133 -0.0990144486146787 0.195844763932467
0.179733872253664 -0.448774303616646 -0.0621822321513581 -0.095714658661958
0.0815475665768395 -0.54510986310746 -0.185962338998551 -0.239389878204188
-0.17337096219378 -0.55038188259268 -0.339937762454061 -0.260041532778051
-0.391123215600301 -0.404048592087347 -0.468801920229401 -0.153371541720653
-0.527965787317146 -0.246423046071073 -0.486783279562121 -0.0621892782311577
-0.473091023803093 -0.153882220640383 -0.455732015365302 -0.0346988261018657
-0.456439673210842 -0.137530751824568 -0.364788081115418 -0.067725097703561
-0.36317972729123 -0.255127513655279 -0.255444830037281 -0.0812368603441232
-0.20588931941867 -0.292291041333517 -0.0451014040963269 -0.0889500272213771
-0.0872259054691225 -0.280237907756738 0.115743770877627 0.0874168281580846
-0.0907345313140696 -0.284434519265023 0.0672216708633117 0.295335276866646
-0.0195927536945407 -0.388510572289292 -0.0954367945585033 0.448458104243374
0.125257514731615 -0.553050163327534 -0.183906875409016 0.48370267730745
0.0136283591318821 -0.297857598715923 -0.446881927376381 0.462211074645372
0.030219181974148 -0.161375145824673 -0.199111536646204 0.275870808363949
0.127428530810846 -0.180333852018936 -0.0898869238634589 -0.0289562152825286
0.103136765422284 -0.2711834225656 -0.13286533307072 -0.249895035688823
-0.0491498079172671 -0.328332011093032 -0.352943144902066 -0.377103461387522
-0.194427350614212 -0.259500017706081 -0.571076458453036 -0.279276258365294
-0.291063870305625 -0.184757003484248 -0.628415448338526 -0.137239203185364
-0.262188417004619 -0.135408995121613 -0.586053177737428 -0.0914384690882064
-0.233459996254552 -0.131639767216697 -0.456144330284233 -0.13376717254559
-0.151891252763803 -0.181944444651744 -0.277104444732089 -0.154429694167054
-0.0371087061507354 -0.165979336677381 -0.0105846088008954 -0.127779228747166
0.0156710980197785 -0.0907602701609479 0.135683322856596 0.128966864750615
-0.0594138488262354 -0.0899022396921051 0.00995264466119728 0.361324420249928
-0.0695757110237712 -0.208086235840235 -0.147572814142568 0.487621023421241
0.0296636183929604 -0.345920601134028 -0.208663572066693 0.607022073639259
0.146516625327661 0.013905949461217 0.0912996390297599 -0.708805845750091
0.126645071535011 -0.0557389879019383 0.116398135867492 -0.554811055075363
0.039708379926602 -0.121611013448837 0.0113964805397855 -0.418167638547822
-0.0796533038202718 -0.0936908685269445 -0.192175488438791 -0.208691428461029
-0.108789304363152 0.00695410421037349 -0.0591967526853979 0.148862002614055
-0.0555151188114773 0.0538215489949302 0.279866157783124 0.238312746070977
-0.00480417646227677 0.0941416453182266 0.522556781811089 0.160404851559308
0.0106737175224419 0.0890591649622385 0.65340244086723 0.109425391309176
0.00341839779890043 0.0903819879112785 0.711961533342561 0.142648841601391
-0.0165170094336918 0.0813993759565155 0.653021629771356 0.270472411624043
-0.0736683832680059 0.0678801877105788 0.454521404213106 0.395971409174044
-0.142775952042016 -0.0200615448363956 0.170904063632146 0.27780727922403
-0.066212804088698 -0.118912946196654 0.110136442527887 0.0308591187581556
0.0483019946736889 -0.0769763818094834 0.226315094530167 -0.247591387746488
0.0672083977774037 0.0252842073740527 0.486309828921585 -0.478606596734745
0.162167127310437 -0.301678204706993 0.0839912144037689 -0.618757729714937
0.091936504139663 -0.287234564027817 0.166152122676067 -0.468963559243829
-0.0293013414374104 -0.300963414484822 0.105037745598778 -0.385210850759344
-0.14861999054284 -0.238392839060726 -0.15539502993625 -0.242036751986051
-0.215186860083489 -0.13082309591149 -0.0922447667589883 0.124867139438784
-0.242129545729421 -0.0502462048524132 0.22971636438014 0.261736307819442
-0.258158414799789 0.0514428836140655 0.484524647735421 0.193886173881168
-0.244127184496656 0.0582237699949342 0.600875166522462 0.125079534387525
-0.291306104007192 0.0455147525929755 0.660746475236213 0.129826470161375
-0.297096852477345 -0.0689783122059829 0.609648333363066 0.249829234335375
-0.270561842672248 -0.161987715267224 0.428213089457938 0.370457016055919
-0.222076780999105 -0.324294973877797 0.154076529101849 0.259461061172535
-0.0499214573067401 -0.406462829697367 0.0908607061518419 0.0124648146325464
0.164715487064343 -0.349171702884274 0.179466348649523 -0.244951742731073
0.215487659123616 -0.275664735097483 0.387525855695453 -0.461311027553427
0.177848138630797 -0.59415842431346 0.0527584744079688 -0.449221514537886
0.0700388619853763 -0.529718043023837 0.20835381961466 -0.353418044378602
-0.0896865785294539 -0.497724513295165 0.165658101408726 -0.349537508756498
-0.21713132314629 -0.399426918854505 -0.135512861063025 -0.253287411783912
-0.311033057519536 -0.278982697780741 -0.130046436400761 0.0960511937620447
-0.408118478245203 -0.1704899954243 0.147344067703629 0.260300456652368
-0.484388018728706 -0.0136197002170835 0.378013715596473 0.201080312668577
-0.464338989841247 0.01824827236182 0.456367614055179 0.12555105788609
-0.537521834191433 0.0180912176300393 0.507509074441088 0.100846350276619
-0.540854253544484 -0.16839817132897 0.476027123800439 0.193090910594187
-0.466074744971519 -0.322755071595899 0.353765195518024 0.29580210432392
-0.342383525288543 -0.5497375140115 0.13845932000862 0.221177239657919
-0.0953311175924215 -0.633108650297342 0.0740936564464534 0.0323735139114984
0.203131321407724 -0.583524720430099 0.0992765947303526 -0.155389358344224
0.300486859915154 -0.544392745654358 0.235093420104402 -0.345581795985567
0.183906957178884 -0.799599353597466 -0.00701791443784821 -0.20988371927727
0.0699437085868194 -0.706952257093495 0.228515111408274 -0.206296684130736
-0.107329757099322 -0.666172479373057 0.181753972903234 -0.31287803927983
-0.247695618704673 -0.566942308458035 -0.144647804059892 -0.252506337204958
-0.386398683284168 -0.439387924234499 -0.181209659382067 0.0583892171071573
-0.540128108069325 -0.290692881390575 0.0284583330971771 0.224293684009242
-0.659047296439193 -0.0828426183861043 0.210816459361466 0.175695767819372
-0.617649330034609 -0.021434159648908 0.24155194001394 0.108971918065035
-0.690681496690732 0.000474734105042111 0.279982636927322 0.0706493067677155
-0.69331395246695 -0.212755693916529 0.274855635346857 0.133260210472349
-0.588711862002296 -0.393942095044898 0.230919743401013 0.196141987898518
-0.434438615250959 -0.642236947289351 0.11702172982311 0.171014986215539
-0.169625590156968 -0.729948252131314 0.0736178153499393 0.0827329356613069
0.158509497348698 -0.715272276451451 0.0301228020816894 0.00968321000229862
0.30560760016565 -0.734867091430153 0.0720368972076168 -0.142075982021115
0.170345208001187 -0.861844108586418 -0.0976516364597822 0.0514613729760948
0.0919551909632163 -0.74695986343272 0.190571828336706 -0.0479824510327252
-0.0485438510191552 -0.736511688951328 0.136182837312672 -0.254709734274017
-0.202158482237627 -0.690741163549702 -0.170616176498329 -0.23548638192023
-0.409354824120545 -0.575224994528075 -0.238693554575558 -0.00739163386548574
-0.608391160734218 -0.383088076934729 -0.126590799344769 0.141231571876074
-0.746013473526827 -0.143676562333813 -0.0072681241425984 0.119976912751733
-0.676458079043421 -0.0598978878411922 -0.0130590601981749 0.0814993077196415
-0.727807071771526 -0.0201508894914662 0.0245104178475515 0.0461849492979549
-0.708613255868785 -0.231192124174805 0.0453912902516352 0.0771742324077996
-0.579423203925494 -0.39941490271272 0.0897429452728384 0.0934181867515556
-0.415971808386109 -0.601330758939719 0.101847706077917 0.120927972498084
-0.203015164934294 -0.672992592012157 0.092816521262852 0.153519186808858
0.0748193460965021 -0.710111904143524 -0.0118681342160274 0.209870927710921
0.248735292957573 -0.80405853909458 -0.0600939793363147 0.109524151809201
0.138617843147134 -0.775638152251918 -0.212044263411006 0.278482606043049
0.117721700150731 -0.638293289302325 0.0828811384422491 0.100357522806768
0.0525062136905523 -0.670623626415838 0.0494386312484609 -0.165750704664564
-0.0990857984787113 -0.702919434064578 -0.184106335598415 -0.216242771299547
-0.361845950137998 -0.624394642398916 -0.291779391707108 -0.112114834528122
-0.577502449802935 -0.415078031773606 -0.301120896754181 0.0122380711064421
-0.718610453251899 -0.17500711658927 -0.24574097756128 0.0439613497083801
-0.634085359084096 -0.0884545156104085 -0.264632751988537 0.0446245658488817
-0.648177792648868 -0.0526769020689278 -0.210620691409209 0.0134497485679794
-0.596643997090715 -0.233592099014288 -0.148431721003358 0.0145584834262887
-0.442262876471581 -0.354853114429461 -0.0151030185994412 -0.00541996732978353
-0.287694569370314 -0.460704958617654 0.10973867309602 0.0870161184887447
-0.181430509337884 -0.496472979011611 0.11212277039048 0.235241936546106
-0.00955557989738647 -0.587756989362457 -0.0380502572025811 0.387939935732115
0.15837766388105 -0.751639233057718 -0.143533250609225 0.352944121491002
0.0727560475132774 -0.569743080891015 -0.32440250897538 0.4352801420198
0.0988766283875774 -0.426038594880479 -0.058375698751263 0.223242387025032
0.118242276743276 -0.478359097077293 -0.0339852540277357 -0.0693413224654033
0.00218102506954563 -0.563178709218321 -0.168893371027335 -0.210581344085598
-0.250547123444817 -0.536967239886982 -0.334955415568411 -0.244074918131106
-0.447272941513857 -0.363332819627421 -0.466529300651982 -0.13090476338389
-0.572706819316322 -0.175990578353676 -0.467893161639152 -0.0315884813302517
-0.493676409086788 -0.107124784024315 -0.474835725121968 0.00401848009738812
-0.477125751083626 -0.0866727938100162 -0.388358837675108 -0.0352066174373894
-0.396704872643073 -0.216877295805568 -0.264461584527507 -0.0596876889157694
-0.239319584681109 -0.27359657759879 -0.0480525401324156 -0.0868180842258792
-0.122906519015599 -0.271492526140584 0.138024005850726 0.0869609688335947
-0.132139469810321 -0.278429982427407 0.102822493385418 0.319778468725549
-0.0739658063085154 -0.408108414548261 -0.0700429885041753 0.504435364463432
0.0651206696000474 -0.600189321206667 -0.180122221694567 0.545878170442114
-0.0237926780747923 -0.288829559651491 -0.398557021201455 0.506970471130849
0.014062244440929 -0.161706411723414 -0.16903531101012 0.305615832963996
0.103715391890256 -0.199465376190478 -0.0771743426544108 -0.00468995067872149
0.0631258707201182 -0.290415824578707 -0.136903621666498 -0.229463739299172
-0.0997188383820918 -0.327928094003209 -0.372742755058312 -0.356340385834791
-0.234569681738094 -0.238721090709763 -0.592158595973848 -0.241148941075391
-0.325943603900261 -0.145054065784953 -0.63289765198555 -0.0850227839037901
-0.281243319680113 -0.108236414338832 -0.612795136724562 -0.0383771077441231
-0.251450573445199 -0.105828062010977 -0.489994513610333 -0.0956595282365469
-0.17319669365381 -0.16757749219041 -0.297790581402364 -0.135799197424409
-0.0535928644207509 -0.163916449050285 -0.0190283785229725 -0.131118000549548
0.00345906444248606 -0.0908424470028825 0.158213493608467 0.125620065244477
-0.0800983364955033 -0.0854433921540957 0.0460269608755492 0.387083531708903
-0.106816189497053 -0.215875544735046 -0.114135256905673 0.541959484335968
-0.0142142799491347 -0.372393354845235 -0.181361890345313 0.666472206177238
0.150472416598874 0.00424928185019517 0.0429879124102717 -0.721259452922309
0.124079184796713 -0.0623494870650734 0.0815372018100123 -0.569352289675499
0.0320849399559036 -0.126175531813152 -0.018031069129676 -0.428223721516971
-0.0887140510703274 -0.0909823545264704 -0.213757923984465 -0.197408714567494
-0.113042889290371 0.0145194407743783 -0.0542631545211524 0.15563469291775
-0.0553751694211164 0.0601935649185477 0.296877932941439 0.221112203773427
0.0015902369611183 0.0943548386478403 0.540268701748116 0.130509766850735
0.0183197659923389 0.0899044314081256 0.675999347651584 0.0676873664555828
0.0101487448739543 0.0913605815946794 0.734070198280738 0.0997060962626564
-0.010288419661513 0.0823390177509683 0.682714329364634 0.234617615694845
-0.0697123650350976 0.0736158297383059 0.488385816374536 0.373588766805718
-0.146394024454606 -0.00990401249856962 0.190233728858068 0.272577068501602
-0.0750925997319077 -0.117490268905464 0.112370495875976 0.0208112303363583
0.0444672767667568 -0.080716474368937 0.212232816383336 -0.271531975892353
0.0721396646426245 0.0234859712772654 0.456626721813237 -0.519988461923758
0.142354847147363 -0.315795253241325 0.0407628316129636 -0.629829484859663
0.0709674113592388 -0.295672597708689 0.137017971522899 -0.485509786555799
-0.0516028049131159 -0.30315125231654 0.0809858876357299 -0.400845312504689
-0.169569382212203 -0.232921663034728 -0.179439659795354 -0.234504499347277
-0.229853125839755 -0.119264368568652 -0.0903166991966205 0.133838785947425
-0.253081057807748 -0.0324511962802266 0.248020147873256 0.249197806145136
-0.256805345660153 0.0681456740492099 0.501314597893851 0.169132156273286
-0.24273659432868 0.0764049959656645 0.622731519308833 0.0910402984405872
-0.293061683480399 0.0664177265412766 0.680674013515454 0.087025528682274
-0.307169114219452 -0.0501421201987969 0.635312333934241 0.214363328205788
-0.287428528664443 -0.148721596208909 0.459395923011419 0.350006933596759
-0.248570414902143 -0.314465162716845 0.170910170970418 0.255396831465288
-0.0772037618197935 -0.409701863479638 0.089795847024248 0.00330166693131438
0.14428246907632 -0.366215007425768 0.165680046002565 -0.266052787318594
0.200695289594188 -0.293065345279505 0.357381608514001 -0.495518538633687
0.134818979762921 -0.611441188880134 0.0219098208468271 -0.455171176364909
0.0304089529618157 -0.541220670183082 0.189096021847467 -0.371497868311183
-0.129717281948862 -0.499533647755648 0.145296046309754 -0.368078751951125
-0.252150409547128 -0.391300161437426 -0.15969495323412 -0.247174646857119
-0.337329460423248 -0.264338236611936 -0.130260475657888 0.108415758683699
-0.429953309819052 -0.142713479106757 0.165556903182678 0.254387798689249
-0.489353583574185 0.018271681351744 0.390741025140091 0.184335967283527
-0.468847913004089 0.0521148818335768 0.475770121867525 0.0984959477018938
-0.546066951957572 0.0546485446450537 0.520777809714576 0.0700642343415085
-0.563843404766178 -0.131339056146491 0.496871432120389 0.166950401462634
-0.498175008078202 -0.298171267495802 0.379591936235778 0.279667502193864
-0.387173389811187 -0.536147909758695 0.152599745141554 0.21853969035012
-0.139160457934465 -0.637562720141639 0.0718581939333043 0.0262793328556542
0.165807368628501 -0.60766208053609 0.0905527914240276 -0.169773069983014
0.265920200479975 -0.573677327724943 0.209131944175755 -0.367398741452356
0.124817582616539 -0.818191939830511 -0.0202916208392031 -0.21131537270724
0.0183794310426853 -0.721841137430778 0.219878061397729 -0.224332486469832
-0.157060760537805 -0.669797588511678 0.162696583952632 -0.330342345971795
-0.294849632330414 -0.559009008860792 -0.169049428360817 -0.246043810410051
-0.42575071792558 -0.423481638749253 -0.18364245699324 0.0754572999023804
-0.572779222250097 -0.25620639747369 0.0451277673376189 0.22722938386362
-0.670967363372947 -0.0385395752269087 0.216301431154859 0.169667211183421
-0.626825010561227 0.022795190578648 0.2546936668202 0.0968781734197628
-0.702188505774037 0.0486121371838724 0.288394160498831 0.0551212608877376
-0.721327047986137 -0.167526138243899 0.286229112527025 0.118840551744696
-0.628629985190444 -0.362950232794994 0.246374136046692 0.186958336600379
-0.486005987800616 -0.623197509326287 0.126693082817339 0.168288979031009
-0.220309615713216 -0.73043320377543 0.0747746476339596 0.0784325678213437
0.109486144730398 -0.739141501765291 0.0310913732230126 0.0048890404350541
0.255590576947107 -0.768492860819538 0.0589895639516976 -0.147968012729438
0.108644894793154 -0.88062969227188 -0.0934524995007405 0.05837206284724
0.0399810736583553 -0.767614070013374 0.193102647773922 -0.0600076205681334
-0.103177261020185 -0.745946879396241 0.122964742812117 -0.26789783915674
-0.258181917614222 -0.687062619365019 -0.193324187002502 -0.228693175723781
-0.457258167650675 -0.560272323867172 -0.245166228745054 0.0144908691294051
-0.646306053282881 -0.346954630986059 -0.11614988582257 0.153708781850426
-0.761801121097868 -0.0937059829707529 -0.00948931104261063 0.127004090586615
-0.69157478692459 -0.0105615336037963 -0.00650574005985629 0.0854218864860184
-0.740684623287576 0.0286075140236186 0.026490171550314 0.0468384887995199
-0.736585494766252 -0.182618880582148 0.0511801589885139 0.0768669938418286
-0.618622082128705 -0.369129372483164 0.0950918789542744 0.0925426816223839
-0.463933180930606 -0.581136480545616 0.108537445683648 0.117710355603406
-0.252157733777338 -0.668141216160639 0.099116473221668 0.150715151877713
0.0238392015074669 -0.726460887961647 0.00221435266174852 0.212105881593986
0.191079061391233 -0.836047782067576 -0.0562343060941602 0.117496465644781
0.0824199171815591 -0.78952203625082 -0.193093805217841 0.294898419852693
0.0759873084392732 -0.659687373864457 0.0942029022782978 0.0991960458921942
0.00758946080197224 -0.687491373922057 0.0395459409697356 -0.169882032327304
-0.151524781308195 -0.709275214080978 -0.204668047789358 -0.206167879240064
-0.412344079488824 -0.612072640152511 -0.305188249809887 -0.0905433748780871
-0.6181847210316 -0.383145756486793 -0.301601040982499 0.035012952834553
-0.736855000504835 -0.126476847008947 -0.255834734258616 0.0642108026310697
-0.650088436057315 -0.0432691218926583 -0.26694517820071 0.0653505613976554
-0.661497520892226 -0.0110934996391809 -0.214680733805724 0.0285873256576599
-0.622716904518549 -0.19519171838137 -0.149864242330627 0.0257270487383259
-0.473517282839506 -0.334653145884573 -0.018195066255978 -0.00258404103164419
-0.322065073411849 -0.448112287847818 0.115471832536502 0.081190517769789
-0.219456772584656 -0.489369291415728 0.125964929485342 0.234242671820889
-0.0549480741616268 -0.596600385968688 -0.0123531046711862 0.396338547483402
0.102263988285892 -0.776653773777546 -0.121556137372587 0.370353315568628
0.0315405229803002 -0.577230972134513 -0.29693228806216 0.462119954746383
0.0707762472981495 -0.442061525395728 -0.0406153569535332 0.234343797944007
0.0867739341243432 -0.496930937004286 -0.0377791671682807 -0.0651969921449084
-0.03694055953056 -0.574135220176521 -0.187787951157777 -0.202279702103303
-0.293191897751888 -0.531687998878134 -0.355588093808104 -0.222686824931271
-0.481763521812136 -0.340456140499962 -0.479639881142642 -0.100092091523799
-0.589482683443008 -0.136463784344322 -0.483177664322436 0.000267156557489884
-0.509321566346343 -0.0725204260514521 -0.483531220952134 0.0369049525100377
-0.489687459357076 -0.0567068326570126 -0.398278943005441 -0.0104876000290923
-0.418386796391099 -0.192441497268889 -0.272564287861194 -0.043102402478764
-0.26162975714012 -0.26366372833173 -0.0555746080174371 -0.0839064601475237
-0.141037975724694 -0.266675707871826 0.145923229068451 0.0787105730924702
-0.154782425510527 -0.270140981312293 0.124719945458964 0.32102100826136
-0.107563026957669 -0.408125001314527 -0.0375690808414253 0.517392204525725
0.0193005089121681 -0.617479778752385 -0.143218048663189 0.568033799002976
-0.0449778708675403 -0.288429819666336 -0.368643380056076 0.539092109965605
0.00412021263254939 -0.167236873084158 -0.147530416098993 0.325199278292296
0.0909208970438785 -0.211968245307868 -0.0767275288945114 0.00340455252161158
0.0459619309559259 -0.300570434293184 -0.155141828507566 -0.224471493347747
-0.124914725038705 -0.328339964037143 -0.402269452606509 -0.335968730576866
-0.256225667544326 -0.228132866140597 -0.615795161620498 -0.203938361989792
-0.338587975382359 -0.122437753159542 -0.651868761727556 -0.0460147378758135
-0.293616288477464 -0.089025567972379 -0.627122307271468 0.00461414720288279
-0.261870786261391 -0.0923017805683822 -0.506297840710765 -0.0665062066869128
-0.186470916497641 -0.156764963690311 -0.311044780536127 -0.118914496160523
-0.0651201337839586 -0.162945272503946 -0.0271807079979419 -0.132872789132744
-0.000890529242613366 -0.091185175623654 0.169910162171575 0.116706187269525
-0.0893075837644379 -0.0789333643673459 0.0735541563530007 0.395287148813735
-0.125877539860664 -0.211125532573507 -0.0806136880116305 0.557761083290309
-0.0449095164627134 -0.380261995815619 -0.134491783387895 0.689392068196452
0.149604290558106 -0.00688936939403391 -0.00994946916258319 -0.708403356221276
0.118018531073868 -0.0680570177417995 0.0394592128200131 -0.565596537100479
0.0233964437978993 -0.127564574166053 -0.0479843003485962 -0.422975081251405
-0.0958849046057456 -0.0846262871757391 -0.228782868933719 -0.178071380051116
-0.113333517170232 0.0231148939850693 -0.0464308036767702 0.157986911842416
-0.0528161776227887 0.06527057779286 0.304854351474373 0.196960459213135
0.00726776568560906 0.0916223482814651 0.544263823872426 0.0910995591712239
0.0251686570964441 0.0868194587504226 0.676341243359115 0.019190707661374
0.0171971317271327 0.0893938822857153 0.733799107304193 0.0469832245836199
-0.00411518549636562 0.080249574380739 0.690320519207143 0.184503702365004
-0.0633836649801637 0.0778266198711501 0.510031607496998 0.33578404464343
-0.144705427460574 0.00145875078689841 0.205150541286644 0.258032795133629
-0.0824265797137686 -0.110647955279103 0.110615145695718 0.00933221226313246
0.0393554797744415 -0.0820130514294232 0.189218529221614 -0.288726851117579
0.0754636279682193 0.0197890624476999 0.409139983240487 -0.545475820962211
0.11518526567478 -0.319023222763489 -0.0058541887362794 -0.619272766040727
0.0476667878359955 -0.293363189702686 0.0986155720553243 -0.48787296610287
-0.0744014332273794 -0.295705820200113 0.0515305983353697 -0.402373965478951
-0.186504449811856 -0.217795585913159 -0.197512781015355 -0.217032497628179
-0.238638044737809 -0.101843031087519 -0.0834950996336559 0.140304220759355
-0.25434684417706 -0.0106232845048553 0.258918842787238 0.228517736903127
-0.247640957732268 0.0837527830240922 0.505006067900464 0.136400150818954
-0.233028601576824 0.0927042791967248 0.624873557108693 0.0453951809355259
-0.284315451671048 0.0870460191515654 0.678555680817263 0.0390211794106539
-0.308004297050431 -0.0269612146298035 0.642732092044131 0.169065472226907
-0.295877654406002 -0.127952910568964 0.480774701629008 0.316577239568216
-0.2685829363092 -0.293520334578233 0.185046289148122 0.243109584029015
-0.105428596075511 -0.400863071810586 0.084752445627412 -0.00516091910071328
0.116310561644033 -0.371909467942509 0.142976169006213 -0.279515987710875
0.176642692587214 -0.303087857360787 0.311911505759549 -0.515961444083198
0.0849651834390796 -0.607901341639394 -0.0107921656800203 -0.44837281558671
-0.00991470391350932 -0.533978645079019 0.158907835943402 -0.380016104153066
-0.1681791412012 -0.482501030174754 0.118766422318343 -0.37362321625784
-0.280198585686664 -0.365920875891627 -0.179757834010997 -0.232169047819344
-0.355480027011937 -0.237707441702269 -0.12417932649272 0.119904540520565
-0.436149956379361 -0.105645403400216 0.180394903558526 0.239995941752162
-0.480093539886914 0.0512326814891247 0.392956932953347 0.162244224881619
-0.45750403999696 0.0864538119668257 0.480171853364896 0.0641054802958009
-0.535065259388198 0.0934233424666718 0.520859742250214 0.0336862167387
-0.568938810456012 -0.0884692323159481 0.501107470572583 0.131175625809282
-0.516346421257796 -0.26112091999278 0.395072776978504 0.253300216151701
-0.422243920464791 -0.50225810632565 0.162942228156855 0.208049195690095
-0.182337575309735 -0.621136150670787 0.0676755106799727 0.019800290298495
0.11917448160481 -0.613273217481896 0.0760890698392304 -0.1781376963728
0.218501709386885 -0.585896543496366 0.174909959841722 -0.37548315610131
0.0579867801279954 -0.807219196743823 -0.0335314338164647 -0.206007798966228
-0.0368791739124672 -0.713080429737987 0.203597717859114 -0.236720311169392
-0.208963386303896 -0.649085953760163 0.140431142474126 -0.337644432709402
-0.334323252946718 -0.529166888150399 -0.188725337913618 -0.229832851608451
-0.45259765434022 -0.38883804702834 -0.177928917916245 0.0922543447954413
-0.585542210327159 -0.206718524624605 0.0620952991021338 0.22211313897701
-0.659826046856902 0.00939878481794024 0.218093479690252 0.160224627194496
-0.615063017513597 0.0695981737393336 0.260250724828139 0.0775745250511269
-0.68864047963627 0.0993511771116268 0.288629183885182 0.0359190307330238
-0.725458652041971 -0.110631010176853 0.289942919810528 0.0983874697466564
-0.651948607668724 -0.31586580100023 0.256147913616866 0.17213446032877
-0.528873840696328 -0.581355150061786 0.134600958464877 0.161003551694925
-0.270296472680455 -0.707824129823388 0.0728006804170305 0.073270751772794
0.0531373758518303 -0.738170732587632 0.0293988990853215 -0.00165897757413533
0.191270895188567 -0.777501804081633 0.0435585382315023 -0.147288135269953
0.0392290325394143 -0.86675175781702 -0.0858570888282578 0.0636276708646487
-0.0176431772327365 -0.759970297731842 0.189856515686207 -0.0729563394604939
-0.161510439640209 -0.728614188916868 0.104912652086755 -0.272194012380253
-0.306461775513529 -0.659906804667427 -0.212152548742836 -0.210157970491965
-0.495533677104792 -0.522908915730136 -0.241666989200438 0.0364283097962146
-0.665702966022744 -0.291607073818339 -0.100406078327283 0.161546033125183
-0.752850902846328 -0.0360658263471561 -0.00831011405884616 0.133462024355897
-0.682295067576003 0.0391727440140852 0.000489461170590337 0.0861738807064727
-0.728317830711746 0.0834840182872809 0.0287339532590426 0.0457796728652181
-0.74353974617707 -0.124709537456047 0.0547779870150425 0.0750111767587678
-0.641132061328201 -0.321714327866018 0.0989786578079366 0.0889670584173622
-0.502232526445252 -0.540323841500463 0.112943664494264 0.11093532001834
-0.298921329304497 -0.640260522040941 0.103503902987158 0.144108999940277
-0.0337818590083743 -0.719601000556593 0.0167682701024797 0.208058356128044
0.119948898724493 -0.841070434202048 -0.0491424424533623 0.123190801026488
0.02171788783758 -0.776899838214811 -0.167130990889515 0.303113583388583
0.026766103173517 -0.657183546615725 0.104257156406993 0.0922940280862155
-0.0476094404507182 -0.681193751634613 0.0289597717691477 -0.167964943638137
-0.203039255753691 -0.691011658686518 -0.220341445125939 -0.186629549907328
-0.455210558219369 -0.579906115760613 -0.306607270290984 -0.062472399255866
-0.640579964391351 -0.331554328514222 -0.290142290860306 0.0573036092365831
-0.731445880028534 -0.0710340421621608 -0.255383083459328 0.0878305256417491
-0.644064409606697 0.00588954859039688 -0.258434890502494 0.0853191288545908
-0.652714621592041 0.0375552576708025 -0.211131615646487 0.0442935892490647
-0.628030856685893 -0.14347674126292 -0.145926346299332 0.0378182458037597
-0.493712859065152 -0.29949456738991 -0.0197202539105476 0.002908530739025
-0.348906223667657 -0.417409425703006 0.117531743266412 0.0730140260056727
-0.251467036077216 -0.46538510786191 0.138034719643745 0.224514203109474
-0.101739348490286 -0.584330581737255 0.0150991868219497 0.391470856303823
0.0362901710775991 -0.775371367182173 -0.0933113643960172 0.376516442357124
-0.0122232843935984 -0.565923622449441 -0.258294767228897 0.473525704145514
0.0390619576215345 -0.442599692293099 -0.0197010308260024 0.235695756892514
0.0484109149650327 -0.497655751137536 -0.0401336303960306 -0.0584552603422982
-0.0788906459573726 -0.566781463562487 -0.201787421081205 -0.184013802295523
-0.329731889877501 -0.50651959841131 -0.366763507657786 -0.191130275680654
-0.50190348552172 -0.299738088013022 -0.47580766685008 -0.063051037442189
-0.586963228446125 -0.0908641313712069 -0.484537904891823 0.0376411088166287
-0.506797893851573 -0.0328780811473905 -0.476884606526389 0.0720997033969876
-0.486633166052678 -0.0201789959004832 -0.394430538327067 0.0176471981638436
-0.426353828015067 -0.156612267222967 -0.27179054791765 -0.0233513920344851
-0.278003061981059 -0.243268043306987 -0.0614018384930797 -0.077418330607581
-0.157196543609548 -0.251723090341204 0.149600147674493 0.0672405750368502
-0.172866613194982 -0.252578591619836 0.145851057976635 0.312187362602131
-0.139746053022906 -0.394364639294033 -0.00102016113047827 0.513758130291397
-0.0333233594106643 -0.611239269357359 -0.0968641452711373 0.571515120917915
-0.064900298600543 -0.278483136228596 -0.323747608892282 0.55294826583881
-0.00709537646399257 -0.16612488198746 -0.117708043946409 0.334537717408762
0.0728654737705221 -0.216614960436045 -0.073731333584505 0.0130085112877733
0.0239490927959213 -0.301799505894134 -0.169349896584512 -0.210118355680127
-0.14877233337836 -0.31688793133541 -0.4201974614543 -0.303061676224074
-0.271557454376118 -0.208404546072084 -0.619955692042703 -0.157220599072926
-0.34043103516287 -0.0940461265564741 -0.648538960888752 0.00181770130941419
-0.29618288875789 -0.0655108872465141 -0.620770303800267 0.0514247135102936
-0.264946538980306 -0.0719049238716781 -0.506251572537511 -0.0301931865347875
-0.194301619964126 -0.139566324651952 -0.313364598919515 -0.0973015319558713
-0.0752177199166199 -0.157090738516064 -0.0354145182546591 -0.128828524552849
-0.00682561977684058 -0.0896800877611968 0.178010114852963 0.103387378795923
-0.0962906422076039 -0.0688275984516316 0.101596990824169 0.389962052566085
-0.142757453999514 -0.198254952692521 -0.0400954282581014 0.557521370489722
-0.0784653483447341 -0.373486684231795 -0.0790201442526891 0.691137730448441
0.144508142209053 -0.0149238501091148 -0.0455453160423993 -0.679344812991665
0.111586315760204 -0.0697596713077348 0.00911888236804956 -0.548017428557695
0.0161932659110503 -0.126008461896306 -0.0681960261381041 -0.409727258237433
-0.09936246612847 -0.077382405081834 -0.232190457918061 -0.158877740913342
-0.111518587217054 0.0300892742732658 -0.0401551479873798 0.156434310277411
-0.049413417225155 0.0682291293761247 0.300514141849482 0.175324355166449
0.0109326215053243 0.0867126062176279 0.532108306423471 0.0640859626902955
0.0296873094478139 0.0817661752045801 0.657274660944648 -0.0167444813720778
0.021485046967265 0.0855140422475107 0.713798817864316 0.00816852185548471
4.89538443125201E-05 0.0763887819692714 0.679148127361027 0.144744201504658
-0.0571928817774426 0.078013950023233 0.511789323686805 0.299313568653818
-0.139155595409863 0.00883707454679961 0.209775755643912 0.242384036173257
-0.0856796890324482 -0.104307955843266 0.104268176879602 0.000222974027240923
0.0351671602167493 -0.0802234192589761 0.16562371996475 -0.292319302449456
0.0768335199497502 0.0166126933056633 0.364394051724112 -0.547228145375275
0.092958612368911 -0.312181714588976 -0.0376606407480221 -0.594440925372658
0.0303997256693654 -0.283700492240332 0.0716768657793906 -0.476692521913811
-0.089110286217425 -0.281894417777131 0.0302133027925661 -0.394105236510636
-0.194120578004558 -0.20113877029569 -0.205036741316256 -0.197591194149592
-0.238612330921263 -0.0860709426999876 -0.0775411248765557 0.142865593244714
-0.248165340891193 0.00601592825578407 0.258827793168616 0.209346468688487
-0.234837240002736 0.091718482207425 0.495868755696504 0.113851483321531
-0.219515854976204 0.101234674514278 0.609738870361238 0.0115983788658495
-0.269843689816107 0.0999064971113395 0.660782540144752 0.00429039031520927
-0.300290212955998 -0.0106894252936096 0.630866881865532 0.132035997349376
-0.295018746418065 -0.109752775850647 0.484630122243405 0.28530918096007
-0.275656040924972 -0.270272946484024 0.189623572658881 0.229033624601397
-0.121290165016839 -0.384097970625995 0.0768559392687906 -0.0108738464765278
0.0930349922733917 -0.365650508681517 0.121367836938284 -0.282319746469054
0.155698695213277 -0.30135577495036 0.271588410342814 -0.511628233908466
0.0467874836160659 -0.586331392867267 -0.0314916179757394 -0.430048560999655
-0.0389650140058112 -0.514263814192423 0.136272511024098 -0.375442635548638
-0.191094573335366 -0.45748559507885 0.0978567978816321 -0.370151326920237
-0.293367796078154 -0.338702464966081 -0.188702137971199 -0.213111530409645
-0.358895137190515 -0.214193412277209 -0.116676760416182 0.126673243248559
-0.429678323540324 -0.0748747813678174 0.186566648801831 0.22373712243401
-0.459754768918022 0.0730129920951258 0.387472828174258 0.146136503703246
-0.43663504937196 0.105823943923481 0.471014679048254 0.0381238560765975
-0.512121931820851 0.120807553289108 0.506147319610084 0.00660581186648788
-0.555723036388079 -0.0555349997742545 0.49196160311086 0.103335286747106
-0.516044235028471 -0.229289211563294 0.39661617412236 0.228841532255705
-0.434659065204919 -0.463672929049871 0.166220063640477 0.197085553785304
-0.207241444414716 -0.592053598440111 0.0601814941966202 0.0155280383927036
0.0810256408852419 -0.599317533295563 0.0618222274252891 -0.180312056812828
0.17879555172273 -0.577358253146654 0.145448960142409 -0.368811551321751
0.00972735899374524 -0.77466360069366 -0.0413530326419342 -0.196006755228917
-0.0740227973942465 -0.684873386620395 0.186871919889104 -0.239185909348685
-0.241187756622653 -0.615905150555393 0.121435278598738 -0.33531638677709
-0.356273996748141 -0.492964217723477 -0.19821260569925 -0.209635549047404
-0.461120758814431 -0.354400115190658 -0.167960802768677 0.104181050515204
-0.579113572047066 -0.165671527060468 0.0731752573386972 0.212996500982581
-0.63525746816709 0.0418366108837739 0.215682398701972 0.154974118623645
-0.591595054022528 0.098664572330539 0.257702305811054 0.0631069476011086
-0.660556626921654 0.13355647260142 0.281039301496257 0.0208427300713884
-0.709180251941082 -0.0676295145572586 0.285370063163382 0.0846951688717825
-0.652005061125311 -0.275439367418145 0.258541035156893 0.158908700663754
-0.543723762079798 -0.535055555276819 0.135975081366006 0.152665035373751
-0.297524623807964 -0.669855373839956 0.068707394129137 0.0691340962688364
0.0110238510206414 -0.716854766967565 0.0257598098837076 -0.00614344118016229
0.139208477155498 -0.760939551962377 0.0313862962320367 -0.140557519081333
-0.0105074476100763 -0.831809936181446 -0.0776126839542259 0.0654122145258591
-0.0582883039211994 -0.733527591802737 0.182935670146372 -0.0803401852985413
-0.197665010900231 -0.695534754294125 0.0899380393399457 -0.268409983609652
-0.336993163769521 -0.624319882888105 -0.218607340473444 -0.187675597796396
-0.510667144408492 -0.483806740748796 -0.230823497953483 0.0528322433650704
-0.660585867265376 -0.245130136499606 -0.0846594431461108 0.162042100544341
-0.726199172314249 0.00305078783972904 -0.00572758065529376 0.140374865148056
-0.656671050030897 0.074695234764757 0.00530985212320489 0.0848741009356278
-0.698582340658537 0.117289834355257 0.029173217802023 0.0440852013358511
-0.724747779573408 -0.0805943946261477 0.0564066608860094 0.0725270527894525
-0.640854148546564 -0.280461332009432 0.10126282482915 0.0862853487353846
-0.512442167920692 -0.496733199927648 0.112093820999095 0.104502299891893
-0.321060683586704 -0.605016322666416 0.102060808257702 0.136607398207373
-0.0726373240439679 -0.693001994125802 0.0242825745561216 0.198329617827194
0.0647188109656717 -0.818068625725398 -0.0422869691999489 0.125048622755754
-0.0179390684504472 -0.743886108165163 -0.14541735122285 0.299113056098736
-0.00888213762253733 -0.638732275583026 0.109164118074362 0.0839900894288255
-0.0844164499367506 -0.657138086492434 0.0217823260862679 -0.161673763338547
-0.235175079386367 -0.657945132393519 -0.225026740701862 -0.165370633769791
-0.472867698888979 -0.539295733865643 -0.297375220403675 -0.0404075038359278
-0.638713652032289 -0.28569224884697 -0.273285015959864 0.0707129034025106
-0.706865185810156 -0.0311685172778515 -0.247639159980414 0.106879423668524
-0.621186934239016 0.039378120714006 -0.245670250933296 0.09629724267825
-0.629051297739774 0.0706662364581539 -0.202967596961446 0.0541450095436436
-0.616229682995772 -0.105394852662364 -0.139528540510711 0.046573806520106
-0.495185068217166 -0.267139138897697 -0.0187114838414352 0.00798617502292864
-0.359223358228339 -0.385487110438257 0.11624772525144 0.0663396543006601
-0.267910126570239 -0.435440442333124 0.141950515322056 0.214160855064585
-0.132094905771401 -0.558924372049752 0.0338096727675395 0.377831086960771
-0.0145004669491785 -0.750729442068223 -0.0692596423409877 0.3714951250979
-0.0393868380746874 -0.540962717953224 -0.225606271014446 0.467987392664363
0.0146395155824786 -0.432405889663238 -0.00292611154345972 0.230170063578807
0.0194321702223146 -0.484670802442422 -0.039664087318851 -0.0502011440133752
-0.10656317394927 -0.546267054695479 -0.205267363330893 -0.164963002243342
-0.349460647686976 -0.47746007256571 -0.36160376430439 -0.163524683208572
-0.504048276651632 -0.264234834712035 -0.460275931250764 -0.0375017256245424
-0.56917605838574 -0.0558973244930629 -0.469943423197657 0.065994811520958
-0.491426368487911 -0.00489719820394174 -0.458155928975033 0.0958888619647234
-0.471720467178331 0.00518789941682606 -0.382246554775091 0.0365585297478072
-0.418074325244527 -0.129618123701698 -0.264181365315714 -0.00796746220516689
-0.281599113761167 -0.22407967103579 -0.0632538599058893 -0.0691970017611027
-0.163807572295203 -0.234455840330563 0.14835442055273 0.0575960557690805
-0.18128300917632 -0.23164304626794 0.156202857605922 0.298766583615013
-0.159439487757573 -0.373103623066753 0.024455400965468 0.496662879679285
-0.0723544489015002 -0.589485362391841 -0.0613684119907722 0.557910495221324
-0.0752059356941994 -0.263592050441893 -0.286048596560992 0.549045335708244
-0.0158771720138409 -0.161558950655273 -0.0934950781132089 0.331255305375693
0.0588946260181513 -0.213721170375713 -0.0677839731055971 0.0205297407496334
0.00798746794336788 -0.295475553284701 -0.175026688054629 -0.192063353956877
-0.162795255367223 -0.300961419105299 -0.41941117861337 -0.270638001421584
-0.275662825796764 -0.188346037317904 -0.606307139388615 -0.120823527211959
-0.331710843994655 -0.0727006984595911 -0.632507944366113 0.0348670688991563
-0.289610048394806 -0.0472041156889253 -0.598741988649385 0.0817836405507953
-0.260179116819864 -0.0555056871426421 -0.493159628386106 -0.00356614746061942
-0.192779444099966 -0.124569201916378 -0.308088753819807 -0.0801879169291341
-0.0806953641423365 -0.148539337958074 -0.0391097958253684 -0.122228840423937
-0.0098598526502128 -0.0851614781758955 0.179594821100938 0.091185575875198
-0.098829780510157 -0.0591149548761766 0.120272642744364 0.376949166405577
-0.151559578736548 -0.183531580563171 -0.010606126154433 0.542173043900667
-0.101212430412999 -0.358147451960229 -0.0392289708692446 0.670694642757056
0.140411141903103 -0.0186346342245708 -0.0598266720128055 -0.655535238180027
0.107598890186434 -0.0684154861960175 -0.00547245836698222 -0.531942129691016
0.0114198766539386 -0.124622329835594 -0.07647942356763 -0.399429955826403
-0.100168006851479 -0.073847187202294 -0.230568542474658 -0.148985581733641
-0.109681521251791 0.0341603842179872 -0.0377409454223213 0.155190958219191
-0.0479831880742216 0.0706034074180172 0.29338676055533 0.164473361644435
0.0114658213109465 0.0833914857689933 0.52222937839114 0.0517352173224344
0.0311746479435345 0.0780327915927632 0.643771224227128 -0.0312629160167196
0.0234704190928236 0.0828039473075761 0.697368710326307 -0.00850440362186291
0.00103680098453748 0.0726990288755816 0.665193151099202 0.126030059367536
-0.0539450119227373 0.0773291721850101 0.507108432898958 0.281646382620527
-0.134693795694519 0.0121828818548681 0.209010919603351 0.23243971635399
-0.0862661997106591 -0.100191237627994 0.0984718135606717 -0.00409995632247274
0.03433975426051 -0.0781413735959584 0.150529034709165 -0.292939030042603
0.0782258423521725 0.01483943590999 0.337666208582068 -0.538713656026805
0.0816404823513318 -0.302751000464514 -0.0481600241319745 -0.573235818204154
0.0216717668190328 -0.273891094027799 0.0567248691088288 -0.46368659399189
-0.0957024177657486 -0.271223263331301 0.0209945433743664 -0.387714328960932
-0.196548227272289 -0.19028717469447 -0.20532257652648 -0.185773246656853
-0.237140092283925 -0.0772093549175218 -0.0740393179652505 0.144289049979383
-0.242519964990335 0.0154355487603357 0.255202756238977 0.198399821908448
-0.226688106263437 0.094479323707499 0.486183776724518 0.10383553884593
-0.210387411798323 0.103407452520451 0.597584103715228 -0.00263195785784522
-0.259991798214297 0.10445076545678 0.643852448895887 -0.00881478991800236
-0.293535540160822 -0.00329133770344268 0.618763491492625 0.114781237278743
-0.292006495385419 -0.101466265293079 0.478920687823928 0.268314576358273
-0.275046866455338 -0.255613508413581 0.189434256094985 0.221856845938459
-0.128057013913345 -0.371837061245582 0.0698464912630169 -0.0134830364284457
0.0818202476456492 -0.357747743677587 0.108417797098784 -0.281935354339979
0.144068642243612 -0.296189423938968 0.247158444206349 -0.498967731067254
0.0285440388722229 -0.565731111103651 -0.0404605852808767 -0.414092437776027
-0.0520848977179853 -0.495116908733925 0.123017233289969 -0.366870298035293
-0.200800695069562 -0.437873366845592 0.0892625363233216 -0.364744579393377
-0.296841572958685 -0.32022159417526 -0.191222176499806 -0.199774411519087
-0.35787779462041 -0.200172796134615 -0.110789422305135 0.130893723747997
-0.420320768209525 -0.0595988804731385 0.186474048718425 0.214653798016155
-0.443650999081687 0.0818962356613775 0.380773181730556 0.140779938436922
-0.421318823764386 0.114543043326715 0.459011542517683 0.027048437390522
-0.494239594289273 0.131481851954922 0.493827129335577 -0.00370707085504349
-0.542584966217236 -0.0380003889897031 0.480960263975707 0.0912328562772174
-0.513686577313635 -0.210702999287906 0.394641453728447 0.217045969014378
-0.438025493195364 -0.440358906564407 0.165672007701196 0.191752786452777
-0.217119901636304 -0.573042999582024 0.0539401612453332 0.0150888602666968
0.0644732217411221 -0.585373568700236 0.0525856954295105 -0.180613845979359
0.156094754598253 -0.565295660630363 0.129173089409352 -0.356162842866962
-0.0118589012188909 -0.745538917794133 -0.0434237198069885 -0.188770220796905
-0.0903388426534111 -0.663939555151108 0.176871022716881 -0.237742639760009
-0.255852738225927 -0.591258983321929 0.114882632123631 -0.330770156719419
-0.363846596999849 -0.468685635094659 -0.199549925090976 -0.195189622141899
-0.461948858850165 -0.336001816883776 -0.159074963958879 0.111144226421246
-0.567231922189944 -0.142307973951796 0.0786552475392647 0.205295200928706
-0.613511109588507 0.0554015997812338 0.213376422786151 0.155901695700781
-0.56981170183365 0.110391111985464 0.252323826051013 0.0560262776789715
-0.63751599637802 0.146987293304572 0.273175685893272 0.0146738254296514
-0.693249589266542 -0.0453612476680633 0.280440850056129 0.0785181462012914
-0.645547413794417 -0.253750249177607 0.2577556439281 0.153758173009702
-0.542354915796515 -0.505823648206521 0.134808968288816 0.149209563875215
-0.308053499443293 -0.647034461851551 0.0627747141174327 0.0685359254249899
-0.00985395174446977 -0.69833027533048 0.0220279034441687 -0.0084469888350875
0.111025353622477 -0.742417564172152 0.0243518845999426 -0.132705448536252
-0.0325662576856213 -0.797844987997785 -0.0719288147271871 0.0646063802491856
-0.0757943595105412 -0.712252831157692 0.177665774028525 -0.0830026860338535
-0.214033667938573 -0.670096317561689 0.08530867677752 -0.263828579267771
-0.34769356669551 -0.595613976878834 -0.218509935373965 -0.173702026685617
-0.513220894054792 -0.459495988954937 -0.219529362606173 0.0632817767726097
-0.650857113936788 -0.217873566309214 -0.0731152964296432 0.15965737585438
-0.704355030116192 0.020485590844971 -0.00341950806892903 0.147642814912566
-0.634069902659408 0.0889410732874278 0.00692664430360255 0.0829940299468883
-0.675896652016198 0.134886399203316 0.0289851033855547 0.0428119296154602
-0.70815441416698 -0.0579927404431548 0.0572363292042657 0.0728478252877359
-0.636384495663739 -0.258732801834957 0.102987570120637 0.0871350719750035
-0.51240763747072 -0.469080474416628 0.111087515282769 0.102460651823032
-0.328824310433041 -0.579064862104758 0.0989378426772506 0.135049171126566
-0.0919309151800997 -0.670573341938579 0.0265201524045295 0.191414915990656
0.0356392748636856 -0.794677253564005 -0.0382645578832957 0.1257912950991
-0.0363436593656377 -0.716011290794569 -0.132308474017817 0.29314097325147
-0.026553664078981 -0.621337758319179 0.111517587495448 0.0791659361172452
-0.102277756081455 -0.636147252725439 0.0217908637927848 -0.15565813170631
-0.250025895811207 -0.634787936456098 -0.223017102728297 -0.149418560194799
-0.478380126524471 -0.516808291926118 -0.286149187927804 -0.0281731586913731
-0.630721604397187 -0.259219884361703 -0.258428551957991 0.0741258435021993
-0.683935147731386 -0.0115267349933607 -0.240226405991094 0.117721961475421
-0.602117694463744 0.0550296279469964 -0.237697160056257 0.101194548669805
-0.606936510066771 0.0855771240535916 -0.197827949829936 0.0570353446861631
-0.600734358966877 -0.0859019423635267 -0.134357044790584 0.0511600410957365
-0.490836550388903 -0.248837252616471 -0.0157645665424667 0.012528043524479
-0.35845188783655 -0.365839451612089 0.113904503923264 0.0630128371673564
-0.27143093888742 -0.414589021587713 0.141742148003366 0.208976126402692
-0.148018602261715 -0.537258557207727 0.0421504426365851 0.367343454247261
-0.0397680907338095 -0.728144535814663 -0.0565817818890096 0.363891011962385
-0.0496711426349731 -0.519900883590275 -0.207049795935868 0.459874221980049
0.00365429312649506 -0.421862361371461 0.0062656946234057 0.224490412855267
0.00429975561101853 -0.473324392812495 -0.0355103586158615 -0.0436549338554245
-0.118985395749958 -0.529352412705879 -0.203568706049367 -0.151067680180252
-0.35488480790385 -0.458241655952737 -0.35188374869736 -0.148910734611716
-0.499094072013745 -0.24271526009556 -0.445023046648697 -0.0276167150789158
-0.552033640178255 -0.0387062829328721 -0.456861665270963 0.0805235769791212
-0.477180162592527 0.00801592307240735 -0.445271439658417 0.10574724918297
-0.457229249361124 0.0183446901188762 -0.373525574970374 0.0450252762628412
-0.410234252884503 -0.114914641239252 -0.257114778741967 -0.000625555641332286
-0.281266119349361 -0.211977095799557 -0.0606753275036866 -0.0636060644227656
-0.163419085448502 -0.223042861211028 0.146318128274535 0.0525701749940806
-0.183124499452481 -0.217968621910798 0.159894801288243 0.290438736149458
-0.169085853021839 -0.356259693542828 0.0379563668170147 0.482729937507842
-0.0935930769875794 -0.569389871605238 -0.0424828597265161 0.543071283500353
-0.0776133087920433 -0.252947899383737 -0.265672820659956 0.53928521159007
-0.0189780548404413 -0.158267824539546 -0.0782728004404825 0.326183137194157
0.0512168177973441 -0.210780410167146 -0.0606245646564678 0.0262117829055009
0.000583281786934684 -0.289501244435958 -0.172831862793879 -0.180682260357607
-0.168234426902097 -0.290941983374482 -0.412993127321118 -0.253027325006963
-0.275206478189713 -0.176383891990123 -0.590803881644346 -0.104496868679954
-0.322238692250712 -0.0608965567920581 -0.614653005915558 0.0507322560567515
-0.283576149007559 -0.0377840676851621 -0.581723263879808 0.0955166116206295
-0.254082233732593 -0.0482583150486867 -0.482066878171474 0.00950199932437426
-0.189599024793777 -0.116570882983736 -0.301248896412963 -0.0705016243246867
-0.0815474896357478 -0.143098035477696 -0.0386619794094397 -0.117755515444496
-0.0112570025003689 -0.0807115161088175 0.179267517692173 0.0846927754460953
-0.0992249920700677 -0.0516645753474348 0.1290555191893 0.368490161368207
-0.155181565836651 -0.173384788236367 0.00389951738502723 0.528052976717658
-0.113296381466127 -0.344208265571603 -0.0168605798392179 0.648558490683631
0.128804310995019 -0.0472292329143903 -0.185650676403266 -0.641811164906625
0.0849174034520194 -0.0854990215724313 -0.105574272264664 -0.53015768291813
-0.0183976069542945 -0.121938187334822 -0.148228292840683 -0.391789366917086
-0.116030262646534 -0.0464790087678995 -0.2592158332894 -0.114678347516952
-0.0969773825619894 0.0587931264916644 -0.0163531508734657 0.160261790923932
-0.0307170333582324 0.0761348868357324 0.315537154390769 0.109133393320589
0.0303908866121572 0.0735356467077743 0.518242306044533 -0.0447819690743828
0.0469260688743552 0.0663835196435349 0.628344077998837 -0.157592136377098
0.0437005193234528 0.0730224541193202 0.694761749442993 -0.149358664289349
0.0196709881799356 0.0714895902308166 0.693415838647325 -0.0120723088125242
-0.0317748096733463 0.0874938421939476 0.565456621980068 0.172181930633556
-0.125710867133825 0.0421748638488308 0.258512791606076 0.187344751867368
-0.101018751932962 -0.0785610365807997 0.0991483179673438 -0.0296957627580903
0.0242606876794816 -0.0837235491346264 0.081559302064403 -0.324273115268769
0.0894205349699046 -0.00705891482714037 0.221996057461758 -0.598675433476181
0.0193108454645696 -0.298781360359529 -0.146795680724161 -0.576656624933143
-0.0384013321167717 -0.26297383642519 -0.0244794491170235 -0.483861016953646
-0.150204036993273 -0.236922475886838 -0.0434053735258373 -0.412936874393043
-0.232397350636892 -0.135111757976655 -0.23543066676937 -0.166645819735876
-0.242630970771758 -0.0216068445840685 -0.0532548812267489 0.144798945104718
-0.225931529923762 0.0616903412483846 0.279804070391719 0.13921277798421
-0.191761891147837 0.134351807712419 0.488581692337303 -0.00127485368710868
-0.180341061216129 0.134052840306441 0.587428676076115 -0.121507411497719
-0.222249787448367 0.148035019379953 0.645618505315712 -0.139500545806201
-0.278890688487353 0.0556045430851314 0.65234553828534 -0.0163210466580936
-0.291123235474098 -0.037074987793346 0.539418811871552 0.163499861335278
-0.312113272414557 -0.187220137479837 0.243144477989597 0.180768618326341
-0.19467159930196 -0.329088692306644 0.080260663041775 -0.0297154732179453
0.0106795475433952 -0.36402533936938 0.0480117065753451 -0.289743291020197
0.087079759837032 -0.322853614169999 0.146358589777315 -0.525120534985669
-0.0802757319295354 -0.531821113416385 -0.0962418208879373 -0.432294385723159
-0.154284364993913 -0.458297639560327 0.0684039996216575 -0.410210657999938
-0.284153632305917 -0.372128349080913 0.0368611015755409 -0.418007472852469
-0.35534966681348 -0.234351909386299 -0.215634180765104 -0.194765376308063
-0.383011085587967 -0.115173047406815 -0.0903324845271845 0.127434492959535
-0.408399672890776 0.0259881296289531 0.213758147857328 0.155715636993551
-0.399721963499111 0.16853014351736 0.389223458560517 0.0407200159997121
-0.382863891440643 0.183534502737226 0.458266290039678 -0.0665724472768473
-0.439652442403732 0.218762641224247 0.498816847737604 -0.104297080245708
-0.526510514248003 0.0694974802575377 0.516085650304419 -0.015696584786156
-0.52235980599359 -0.101969314071511 0.448756695451911 0.12775357846797
-0.502343203322634 -0.332778053416837 0.219668296851681 0.154156165408089
-0.319495831063071 -0.502322049527839 0.0799104200733702 0.00320743843336807
-0.0577327418313529 -0.580126033884465 0.0229835714210627 -0.165812028914787
0.0400743443670727 -0.586471977114043 0.0659482447692817 -0.345154678559275
-0.150991659217623 -0.690158043367019 -0.0486989093816661 -0.214468482009084
-0.225511645886249 -0.612259773440404 0.155347487375466 -0.297724366621442
-0.36665279306928 -0.50533753576078 0.0754884782657333 -0.399949732263317
-0.45116120053991 -0.357506348857437 -0.213244747412853 -0.197042768052452
-0.512548822434857 -0.223661917285995 -0.138452792627213 0.103646448896256
-0.567492843980772 -0.0231148234558568 0.106615865954581 0.155816392684318
-0.565152554832751 0.182337694229336 0.226183993748596 0.074928275787914
-0.526850483069201 0.208348001752947 0.258566160751312 0.00299761147635108
-0.576726375171612 0.260992919235476 0.284996605623427 -0.0404926065872422
-0.674568272682981 0.0897861281823692 0.313744148070894 0.0119172470028366
-0.656936361358638 -0.116779624549317 0.29952519640702 0.0917234364715491
-0.615577623313241 -0.374902373558778 0.1824519083486 0.116550048518997
-0.418768638194907 -0.552627412243333 0.105257657802436 0.0537547738659293
-0.157058169907443 -0.670990304000876 0.0390432150299641 0.0173390002084187
-0.0451759916061781 -0.745934386560568 0.0158573110618905 -0.0942044009752252
-0.17823603758639 -0.735196496910193 -0.0250428370437476 0.0437875362801323
-0.220801561983798 -0.664131573334989 0.190836809034094 -0.144023837227459
-0.345290715774517 -0.588781093743824 0.0693396069121155 -0.327973394715403
-0.464076338283514 -0.48181462320319 -0.216461798617197 -0.173587860055839
-0.586168320752458 -0.333211031688488 -0.202769148950313 0.0596834194140595
-0.661423382104574 -0.0785096125855633 -0.0511639618644549 0.131485555834973
-0.658607345636913 0.169815231598381 0.011927176001641 0.0993130380096608
-0.591986302641881 0.200285524875363 0.0222633331376504 0.0779668779819839
-0.615755712877318 0.255676846002622 0.0462885362637435 0.03667180531683
-0.690054178712631 0.0812419837524035 0.0891670923543154 0.0526453718892072
-0.6511203670971 -0.127635530744909 0.131086738154038 0.0588839399779933
-0.578449984561236 -0.346452952723614 0.147587576828626 0.0749328513523533
-0.425026345615896 -0.482252267767102 0.154184048470801 0.11085511010804
-0.233998647073092 -0.627249466005199 0.0919356794999814 0.213604071430556
-0.134210064111044 -0.778692572775227 0.0123635973784111 0.17547561092624
-0.167546912750096 -0.657220546991143 -0.0437433578711477 0.289368844392675
-0.152633955649248 -0.587294271728032 0.154752668237632 0.0372587962277293
-0.23117808369884 -0.579217786331356 0.032357779728147 -0.196796434503038
-0.377920703316761 -0.54159389158589 -0.208770321730176 -0.14298340786364
-0.57003102553517 -0.394906462222916 -0.281509812552727 -0.020173846800962
-0.65512485422234 -0.121527459938601 -0.247525703781656 0.0815585201881344
-0.648703436330912 0.136916399306239 -0.224033948888023 0.114508457142004
-0.568882081200328 0.161455450790779 -0.214780113776275 0.144120842428574
-0.562664886009349 0.195314702407361 -0.177774664110283 0.0975650606293271
-0.593784434212536 0.0326104706288925 -0.109136218995407 0.0724816935506623
-0.511397556347193 -0.145309788467848 -0.00421893522081889 0.0110739486694419
-0.40879136639226 -0.276619409896016 0.138995185419356 0.03569868019385
-0.338775823089993 -0.334458056638392 0.206845696570409 0.176105479006274
-0.260587617678794 -0.481645785904534 0.146402465510022 0.378112755787654
-0.19675027859108 -0.693095157618863 0.0444354997901867 0.40780944608888
-0.141973298408082 -0.47514465542089 -0.0949533373327157 0.480610746503558
-0.0804001802193219 -0.403206588768723 0.0715871239538685 0.213162493430414
-0.096163786464653 -0.447291428102069 -0.0064569562160968 -0.057781132361698
-0.232935066023483 -0.473122392816011 -0.192800658801604 -0.134542975476458
-0.44123512495063 -0.362685014012806 -0.369783844167884 -0.118667840154868
-0.528701574326743 -0.130169229795733 -0.448919594092445 0.0240251665617329
-0.530343219258336 0.083723562926902 -0.442347293787011 0.126117587232166
-0.458491794496518 0.0963330999116995 -0.415891625818737 0.189320833475153
-0.433129258422501 0.104141081009403 -0.359062249758806 0.120863524678031
-0.41569740261253 -0.0328242100964298 -0.246476329390212 0.0486440086198436
-0.305001311311166 -0.149839792873498 -0.0674270622110062 -0.0535125577065413
-0.195535772416492 -0.177512131628566 0.164881159054509 0.0201968044675547
-0.217450536460717 -0.163713157321912 0.23536004788408 0.255293002868819
-0.245813585499832 -0.301374190789311 0.164366044233832 0.486286941977071
-0.216672177502496 -0.525842439365691 0.0904831267143603 0.57174358055891
-0.119746670684054 -0.221350123751248 -0.151028704610565 0.584319122475539
-0.0472508542526809 -0.147587830451444 -0.00361365279111536 0.339131437988928
0.00443990060546812 -0.209746553506335 -0.0319145035927808 0.0341007516828124
-0.0665359721095225 -0.273178814097407 -0.182428271744552 -0.15443370457649
-0.227617018132026 -0.240268117082979 -0.451528843354857 -0.193536986521462
-0.30239519040387 -0.108028687898258 -0.605581019684346 -0.0113434669187163
-0.319698250613581 0.0150418973133724 -0.597268615395486 0.141353650382633
-0.280824429757015 0.0177976416174257 -0.55300456873122 0.20709693178302
-0.254428740223673 0.00265584663321204 -0.477547108557938 0.107870625035515
-0.205878303227981 -0.0773725306061468 -0.310392689581849 -0.00973421453691623
-0.103186448664707 -0.121906757577204 -0.0587948228816389 -0.111487121365801
-0.0233436884378779 -0.0701858625653435 0.201649338747088 0.0457967030554834
-0.107085649498962 -0.0216647712002079 0.214490214232047 0.340304344910188
-0.195381804973307 -0.128481620802571 0.133977068675999 0.531351137723298
-0.189586546644244 -0.301453756732153 0.131535634071174 0.660205311980971
0.129687022136209 -0.0512282408168099 -0.201897086654534 -0.645289509908321
0.0871011594000992 -0.0871763569618931 -0.120810680966662 -0.53604434341317
-0.0225756644157229 -0.123654670904013 -0.163198630455652 -0.399375665275943
-0.121285809641292 -0.0440412453193764 -0.268606583283483 -0.111478786457882
-0.0981998387316264 0.0648899522756207 -0.0150205924541095 0.166094386423868
-0.028898924505919 0.080986689184473 0.321295817643472 0.106587782529009
0.0307687920754489 0.0741942509400962 0.529759031361201 -0.058737321995176
0.0491355215651522 0.0653038633179643 0.640477580479312 -0.179418695837193
0.0464290725914682 0.0730217534443563 0.708909483351443 -0.167911475032613
0.0207736000506279 0.0717069220803274 0.708706497256833 -0.0274294360526494
-0.0301766253607752 0.0893868102088792 0.581186753619512 0.163524731105887
-0.126995657606603 0.0459865905731643 0.267160361997897 0.187409994236741
-0.105915681312123 -0.0777345555645641 0.0960043696293653 -0.0344777233957404
0.0246207521223557 -0.0863656154215442 0.0692125420494434 -0.3339803108931
0.0932194434003768 -0.0101383197689613 0.211833686753925 -0.611757293472411
0.0123626654613977 -0.301431476584722 -0.162031250942667 -0.581024543563833
-0.0441032926992439 -0.264485359930932 -0.037467341304256 -0.489196036043195
-0.16023449584912 -0.235371190197422 -0.0551011625722087 -0.4252378357364
-0.241908235821883 -0.129670462172124 -0.244473111435693 -0.164663549522636
-0.249233313439832 -0.0142297771905827 -0.0515201154514192 0.150935422055294
-0.227559123070236 0.0709991049823591 0.287268603789086 0.13654948312206
-0.192589818191737 0.140570682946052 0.50217063741291 -0.0102232044463717
-0.180766244690701 0.139341922982302 0.59869999200805 -0.138546634150217
-0.221477527300001 0.156914377139642 0.656609186345621 -0.156530802186704
-0.284100503597725 0.063879887619494 0.666010426226613 -0.0312480929255613
-0.299790058383556 -0.0311118246826306 0.558566846582333 0.154763174621805
-0.322623190750891 -0.183328416103167 0.253141642923178 0.181728862444559
-0.207001500480442 -0.331122758929965 0.0761899984469209 -0.0311904611278463
0.00305627083740456 -0.371613134233896 0.0364843208222114 -0.297848671677851
0.0810184585617396 -0.330889574947362 0.135521564126022 -0.532843420851841
-0.0934589946257449 -0.53168688107075 -0.106929842595939 -0.436093156096264
-0.168784152049985 -0.461285320203229 0.0581630174411411 -0.417926609377033
-0.30265242498894 -0.368225235065097 0.028518875179772 -0.433507116053796
-0.370941214246549 -0.226943273909303 -0.223771156598251 -0.193176702010662
-0.397467000866774 -0.105703852743252 -0.0878665363226472 0.132609678182528
-0.414161958102183 0.0392674142998012 0.221419032011017 0.153012604101855
-0.402325437180965 0.181436051534474 0.403243069127079 0.0375082967833356
-0.384243736371638 0.19455675737743 0.466892902392301 -0.0771550785155918
-0.441886250139123 0.234477862592022 0.506601699141254 -0.116645279721535
-0.535381883098977 0.085596794444821 0.527452569645583 -0.0253142199197495
-0.539525489783462 -0.0896425061188329 0.464549154729712 0.121788019409175
-0.521657728686226 -0.325651312649864 0.228787663873419 0.154853010149174
-0.337696276615205 -0.506141237329761 0.0760780055153485 0.00456232119319288
-0.073687278510455 -0.586909883069234 0.0146813872094624 -0.170586528166168
0.0226946704564351 -0.597398307294617 0.0581937740381404 -0.34694435070905
-0.168443257306988 -0.690649400360377 -0.0529809311678596 -0.216234039694559
-0.245039020522878 -0.61654166386503 0.149615548606546 -0.305439822141778
-0.391185875503757 -0.501882741746327 0.0720294445608476 -0.414076165173565
-0.470758272264598 -0.348572285976305 -0.22043722087838 -0.19553713653995
-0.532124312595756 -0.214229921861398 -0.134956534210776 0.110137437548064
-0.576202559880512 -0.00857708266285446 0.114057432750841 0.153431257252475
-0.56869162907215 0.196951581103759 0.237918951954342 0.077513780070179
-0.530351508885535 0.223092141692959 0.26415144565186 -0.00157924723766718
-0.577460317652004 0.281661848894221 0.289233724152169 -0.0469717365466055
-0.685377920881496 0.113297641128684 0.322353716359423 0.00719721442575273
-0.678192116642041 -0.101886836962028 0.313873009609268 0.0884704048081764
-0.636163020931614 -0.364943917415896 0.190509102071412 0.117486674344436
-0.441932085416023 -0.552564882375458 0.104997016011587 0.0564707650773687
-0.176782653717672 -0.678589186050156 0.0359462882095242 0.0154037611457601
-0.069788392665728 -0.756922958116126 0.0138384896523523 -0.0911762942167107
-0.195297955920684 -0.736699410113618 -0.0230256158354299 0.044400524973102
-0.243454024801573 -0.669160894156125 0.19287343813396 -0.150112974478092
-0.370605601562448 -0.589410573748771 0.0686059186606849 -0.338369604152915
-0.486423827059255 -0.474694292971637 -0.22037036828528 -0.170735338131392
-0.612068179282404 -0.322419749960501 -0.199275054362683 0.0641665025674742
-0.674390577862323 -0.0613650952150895 -0.0462426184793554 0.129969960157719
-0.660938327591202 0.186992535117071 0.0196450445617474 0.107699691717555
-0.597904738161681 0.21807473185445 0.0247040012646016 0.0814747536134638
-0.618896940252007 0.274297137565042 0.046777697161562 0.0380033448554648
-0.703722460902508 0.101502319335349 0.0946922529004961 0.0548298283681829
-0.670448435925629 -0.111552889142657 0.141035882588273 0.059362252079438
-0.596655905841677 -0.336836992074502 0.153632981896991 0.0742625034432514
-0.445311087953182 -0.480574389385618 0.157858916805284 0.114289561178881
-0.255466461404094 -0.628304679521312 0.096803901245257 0.214066952003395
-0.163945481595442 -0.784778874523214 0.0178782931581967 0.181254770358565
-0.180676912070168 -0.6583412127469 -0.0365616920492231 0.294611532818964
-0.171452262432814 -0.595658107868776 0.16155262709229 0.0346415648060001
-0.252188148570987 -0.582897141129144 0.0353581130262348 -0.202369965678589
-0.401746290055381 -0.54051659935008 -0.211434117723123 -0.139084275459329
-0.595857218038807 -0.38736852184741 -0.282294185267053 -0.0153507715338772
-0.670602272064366 -0.1056876762315 -0.247667390909964 0.0834571193386198
-0.653013915790291 0.153635380680449 -0.221140588880466 0.128049438676462
-0.575040745647026 0.178215123198348 -0.215026085277936 0.154720033713927
-0.566037422687226 0.212843588389819 -0.181919998309046 0.104984942659094
-0.605592255742168 0.0481470624981697 -0.107208349062276 0.0784559061502326
-0.526971783189047 -0.134383244240511 0.000761970642092025 0.013119188505059
-0.421127548177259 -0.269146094281744 0.144132705289666 0.0338923662783313
-0.354871800470679 -0.328874278184061 0.215429011414624 0.17850434161512
-0.279518796386046 -0.481292856759477 0.157114962810513 0.38050000140309
-0.22425894604592 -0.695576406954258 0.0563669046534414 0.414447994486639
-0.152031384961859 -0.476388382632805 -0.0853029603427938 0.490472300769096
-0.0936698299289356 -0.411003940606244 0.0812026248957564 0.2150234440447
-0.111087322161997 -0.454858897216556 0.000364645431913682 -0.0583307156773678
-0.250611786370082 -0.476495145289722 -0.193092649218346 -0.13058609228745
-0.464436632195356 -0.358456670143836 -0.374981990611781 -0.114739272360055
-0.543835263904904 -0.119357223459673 -0.454996575842076 0.0301732573261024
-0.534688924631028 0.0962847440316556 -0.443790592552437 0.143619652194456
-0.464893317151639 0.110149075674132 -0.419698324313665 0.206352466605044
-0.4370066470332 0.115342051804984 -0.365668606497041 0.133617914904461
-0.425166189441798 -0.02384275358388 -0.248843507945858 0.0564263467040631
-0.315976833926306 -0.145317298679005 -0.0660414717730445 -0.052986179813141
-0.201171857400425 -0.175248426622178 0.169187140651254 0.0161240184997224
-0.22600090375572 -0.157773884726193 0.247489351707314 0.257475958615432
-0.260581660392844 -0.296653999083474 0.178828124024727 0.489728035158177
-0.2395175676412 -0.524740631550294 0.107790096281203 0.577754679866305
-0.124552934768305 -0.223142989509876 -0.140369333693627 0.597053969611816
-0.0533902070418624 -0.151002413055177 0.00908039653451539 0.345255799764493
-0.00252182871750964 -0.214734509011124 -0.0237022856479846 0.0362720000018325
-0.0751231459110387 -0.278201550666653 -0.184099464121668 -0.152369607606962
-0.241799218295406 -0.238927269323989 -0.463496332670573 -0.190134833489313
-0.313508156933306 -0.102524368145911 -0.618331327619605 0.000877849019650708
-0.323012453735497 0.0227268604146234 -0.606452905530094 0.159208251671549
-0.285434418712175 0.0256098023506806 -0.559112053129081 0.226863990896228
-0.257749473290168 0.00848540316133726 -0.48766924100373 0.120087436933818
-0.210945440432098 -0.0747497345518693 -0.316667233613426 -0.00291000774784821
-0.107637923466674 -0.121251239136028 -0.0598413443035118 -0.113659534353654
-0.0237023991087916 -0.0696399357993423 0.208504228929338 0.0416574852682145
-0.110268028391482 -0.0153348179881686 0.230432035529616 0.344659776890364
-0.203341206448557 -0.123463836049926 0.149070873330754 0.536652925427572
-0.203294902539989 -0.29850218051402 0.151167519413323 0.665505848903411
0.129876184482377 -0.0598816631067885 -0.236665957493915 -0.646672859624873
0.0877704319933508 -0.0923020376295074 -0.151307558094361 -0.539223272194362
-0.0299075611750987 -0.125562350905794 -0.190703796788579 -0.403299680138252
-0.127246755712292 -0.0377479336800948 -0.28515913617127 -0.100986393061957
-0.0964192948053086 0.0738607328417505 -0.00764424192363927 0.173163801106268
-0.0246580336827971 0.0865793764380914 0.333931149921024 0.094146163388012
0.0340439148580834 0.0747302834523626 0.54123239086462 -0.0911413818277171
0.0534272082014797 0.0635134270372493 0.648914470304604 -0.217765853092293
0.0520586285585015 0.0715138907326645 0.717459238261061 -0.211444459317738
0.0244719060941624 0.0715991644715072 0.726395624298586 -0.066015338768756
-0.0261146411561098 0.0931771213768225 0.604333456022849 0.134631933378932
-0.126821807628919 0.0533240443120378 0.283266211146016 0.17964830477432
-0.113372858155345 -0.0742202407557352 0.0907056272431563 -0.0408997367282134
0.0224707449925709 -0.0905134986321051 0.0461974964584442 -0.344697779158999
0.0959588128706033 -0.0158556120859421 0.182323838656319 -0.632651327754004
-0.0023504635511599 -0.305567112028508 -0.192685541072109 -0.582224462443614
-0.0579072134860261 -0.26468784658718 -0.0645535601257004 -0.494934906593918
-0.1781294226517 -0.22953560759506 -0.0807782310741518 -0.436990967981355
-0.25562991001232 -0.117264014829673 -0.261539348280218 -0.157310279074307
-0.25779944065768 0.000989950733897333 -0.0451415152872668 0.158672148766482
-0.227450368885551 0.0878476021654069 0.300195612125175 0.125443277654672
-0.190152025989546 0.153019246488437 0.51757942884501 -0.03731727566507
-0.177738541800104 0.15148452623956 0.610402333044283 -0.174221033801335
-0.216349818322409 0.172319145294952 0.664856378516504 -0.196142297572562
-0.288367103173329 0.080920794321116 0.682130478540811 -0.0650178388866217
-0.310600642756357 -0.0150146483605967 0.582385323399312 0.127892872306891
-0.340710656099794 -0.169719281157571 0.269142913919978 0.174449384928074
-0.229771982531232 -0.328598751370397 0.0706194989769045 -0.0348500012770983
-0.0161771886363565 -0.380409651047547 0.0151023723790091 -0.306976680094456
0.0631312610813189 -0.341494243609624 0.110194013326767 -0.546561189123017
-0.121325408684097 -0.534675439380445 -0.130503904660939 -0.43726055736514
-0.197168227388148 -0.457565591688956 0.0371411489792841 -0.426375675166697
-0.331586507177267 -0.355719246658841 0.00506729151675842 -0.449303131939704
-0.392730367989042 -0.205758107452146 -0.240822376858678 -0.187308802118868
-0.414588980504371 -0.0844215760718253 -0.0813198028244911 0.141280198220775
-0.420084922504878 0.0646205725972245 0.23437621435087 0.142727080795284
-0.400233001069637 0.206337295224062 0.420499863856147 0.0193136578282022
-0.383223167524567 0.218127074944737 0.475687508064482 -0.105184011811876
-0.436348904911554 0.26368721326343 0.511693986228183 -0.145897714629973
-0.545701095729702 0.118682580501459 0.54018691863068 -0.0522670953380576
-0.56059083592227 -0.0616506006590891 0.487749517025873 0.100873465108796
-0.552732303579614 -0.30367200107121 0.244170936267338 0.148806954331568
-0.37579708924192 -0.499720183750926 0.0740213491770244 0.00398059247853105
-0.108301841864988 -0.596577038429235 -0.000387106843941519 -0.175760461071601
-0.0126186282825632 -0.608504167466224 0.0408631728532251 -0.352358361745884
-0.20495527941926 -0.68919726947351 -0.0629573094915275 -0.216926633225347
-0.285670679673621 -0.613461882716142 0.138159712293902 -0.318309072260813
-0.43256537525038 -0.485817287629148 0.0542109476094819 -0.434777161433002
-0.503285552662782 -0.324612216051921 -0.234327934569018 -0.189861941586213
-0.560047057932764 -0.186339429377136 -0.12906350313663 0.117890321418956
-0.587798971682897 0.0250767457455174 0.125106851716231 0.146426816991828
-0.568285774237729 0.230758349777823 0.254657077796382 0.0705087446402145
-0.530999979358795 0.256557846648294 0.272382020930393 -0.0137568300365277
-0.57182890354642 0.318570145373316 0.292102231928247 -0.0610090334799371
-0.696946885264273 0.155043777721162 0.333029848694577 -0.00698176242319382
-0.703622541114684 -0.0654154272373084 0.331872659823995 0.0750440465873485
-0.672064538454876 -0.337611902606247 0.203234323642527 0.111698647612403
-0.485508333254895 -0.542512533120143 0.107748981537651 0.0573411766615447
-0.219661058787632 -0.682100850927333 0.0327647527042479 0.0142899063475723
-0.120415673211664 -0.763815830221662 0.0107215816846121 -0.0888847406496194
-0.2334681188734 -0.735070584873136 -0.0184282341237288 0.0461044515242446
-0.287483138152666 -0.670354694202647 0.19111665883263 -0.162634823175611
-0.416433404987678 -0.57627671889739 0.0565473874014797 -0.355922858207371
-0.52582675032979 -0.452147601346961 -0.233106940272014 -0.164312803443181
-0.650711568124219 -0.292718328982844 -0.197310884622093 0.0738561516166248
-0.692622129112215 -0.0253003067464869 -0.0394526840693711 0.129745685883564
-0.662809615594611 0.224220641417609 0.032646034231715 0.11405718336688
-0.599289958159138 0.254365437056846 0.0312747168524753 0.084870370156701
-0.61209025419368 0.315325281757429 0.0484224952922594 0.0387227949518152
-0.714137751081802 0.144789635325007 0.102903245581724 0.0531265842924938
-0.694817255538857 -0.0757009846409375 0.153548692561294 0.0537881289685665
-0.629423021576154 -0.309821687833234 0.163346906538631 0.0690781002387776
-0.484258041150809 -0.46314598868164 0.166747450764572 0.113793935160776
-0.297798314919349 -0.625140345830845 0.108174429966671 0.214172034594926
-0.217523724277478 -0.787814325036148 0.0292326235216405 0.187284715298035
-0.213576063323785 -0.658904983854527 -0.0198083087266277 0.301443920987702
-0.209877617590978 -0.599793689362686 0.170486283987589 0.0274533853022021
-0.296613340875665 -0.58079466489395 0.0323784266698186 -0.212824175218547
-0.441738266084498 -0.525218331468304 -0.218605342000558 -0.132245254610947
-0.636451235197289 -0.359660201760971 -0.286349436336573 -0.00387121998812972
-0.692159005373726 -0.0702286389263504 -0.248296516032907 0.0915548913600518
-0.654905775494658 0.189064544366482 -0.214328759533075 0.147914900565105
-0.577718584130962 0.213465815972577 -0.211188529451468 0.172481375405744
-0.563194123735411 0.247465121785127 -0.182099168576135 0.120254313563676
-0.615488294457314 0.0832367001648236 -0.103368448587613 0.0880360978279273
-0.550545370874309 -0.107018345469532 0.00710044552359248 0.013838908775007
-0.443576426201715 -0.252156971902902 0.150253875600353 0.0262530815510214
-0.379823163967944 -0.314055360686398 0.230397363085473 0.17554143733151
-0.314877948289569 -0.472364394712249 0.180442165216163 0.381023584404474
-0.273886267514692 -0.693067578381056 0.0804988321796419 0.420352524736313
-0.176322008544509 -0.47771104959546 -0.0607146344620477 0.504055222576243
-0.121099691751262 -0.415905500874477 0.0997407171436842 0.215518146340082
-0.143133379435822 -0.457914478352565 0.00521046933456834 -0.0619264765260861
-0.283375357731781 -0.470163871851963 -0.19927912659164 -0.123975376044238
-0.498502763305679 -0.339226626441045 -0.390105669276147 -0.0999869380391775
-0.564932971693633 -0.0892076298896508 -0.464381754417966 0.0500955445110891
-0.537246933455638 0.124798073972473 -0.444725009407528 0.172758655506303
-0.469494807782982 0.136976636431388 -0.417944511071417 0.235464058336467
-0.438306191110685 0.140457808906018 -0.36923940087285 0.159077546113028
-0.434352428823989 6.23778282598589E-05 -0.249740643545265 0.0718290606012437
-0.332604215042957 -0.130784189207809 -0.0664803653144378 -0.0509593437117922
-0.211959746217564 -0.16740446410588 0.17591218012147 0.00629299026088124
-0.239414351943283 -0.14467272187642 0.270346470344529 0.254036547485914
-0.284421125065731 -0.285304660577544 0.209300457069931 0.491352431724134
-0.278094016276113 -0.51788449219033 0.138825009444697 0.582937544134675
-0.136964167255751 -0.223032818904619 -0.11153519060229 0.616202532183833
-0.0646723810437578 -0.153630310855802 0.0323276232721305 0.351586508391537
-0.0170988935159477 -0.220770753681681 -0.013323163166011 0.0371932773473662
-0.0929079677185694 -0.280680406147178 -0.190798155060778 -0.146536312371666
-0.263941724095963 -0.230048099882152 -0.485201468284817 -0.173338840955685
-0.328200930990933 -0.08615605828849 -0.634315232810527 0.0300556362619884
-0.326420634142926 0.0390226449523078 -0.61147498500167 0.196961995878002
-0.290542643511708 0.0424327008975112 -0.559454264934976 0.263553086961511
-0.262175029576411 0.0225383306393457 -0.493829720864057 0.153194242447535
-0.218625241740034 -0.0648613879063299 -0.3233948587416 0.0136472012788949
-0.116329649558611 -0.118232560965444 -0.0646475492005534 -0.114263496939621
-0.0259689941945615 -0.0687405215402076 0.218312505854685 0.0304356771626163
-0.114070970035131 -0.0055185966496692 0.258419638348873 0.343362761832908
-0.216507986268354 -0.112985072597665 0.180619152716644 0.539858179366387
-0.227888769049296 -0.290461447876432 0.188038911861021 0.667993985024898
0.124419377552645 -0.0700607677501889 -0.281547273043198 -0.623387212261689
0.0846832285590029 -0.0982856150736679 -0.192283634114585 -0.524242474068826
-0.0387930162205778 -0.122250751408614 -0.224062685619007 -0.390782021233948
-0.130760110046336 -0.0279407451242751 -0.295579550327051 -0.0795794865857097
-0.0899282877929439 0.0826400012781095 0.00408527444180909 0.175485343216723
-0.0172511637792953 0.0899696495297867 0.339071906438817 0.0707780366241893
0.0381378406393899 0.0729042844416571 0.534061623975303 -0.132512662353939
0.05779242515091 0.0587864613533319 0.632729932619317 -0.271048814341137
0.0578015584737078 0.0667796695574533 0.702662037036548 -0.265357220340555
0.0282339294200091 0.0685900403087045 0.721289950357821 -0.120792116630535
-0.0187032741301172 0.0950822903173774 0.614545585504492 0.0889420580422813
-0.121757907671807 0.062543039610271 0.294997331418244 0.159813855410648
-0.11903002354677 -0.0665748485482096 0.0814233111950648 -0.0479271715407643
0.0171280091992329 -0.0920964961278744 0.0145817251688305 -0.345524623761908
0.0968983022120203 -0.0234949379536787 0.133514068347389 -0.642009823888569
-0.0231510342699691 -0.302145103790174 -0.231968352893688 -0.563669971322337
-0.073769666786581 -0.257505058681029 -0.102439025752613 -0.486156829879052
-0.195553392256476 -0.212615383978264 -0.117249228887973 -0.433931218787457
-0.264747376776695 -0.0948624352262201 -0.276936189626571 -0.13771582162804
-0.257195879881853 0.0230635548714928 -0.0332931545366976 0.162843427676958
-0.218979920679306 0.10681402292894 0.307813173813101 0.102551039005566
-0.178853191223134 0.166648008622101 0.516869602721581 -0.0771892450121903
-0.166772869274962 0.16390526576289 0.596908334632745 -0.222540321786354
-0.201061180168878 0.187648704681205 0.649913987229331 -0.246037903447087
-0.282749932325592 0.103489871084878 0.677024675295744 -0.115007016243554
-0.313003211706206 0.00976420732340499 0.594469869573807 0.0836553973975379
-0.353530808377661 -0.143041898687791 0.281321053818003 0.155095798935882
-0.256198467265028 -0.310944406841083 0.062866884796446 -0.0383468033496044
-0.0436541859016863 -0.377505822475961 -0.0141650648074053 -0.305561726019858
0.0359512482520652 -0.343309582658256 0.0697390987327699 -0.549777182462352
-0.15790257238348 -0.51747054722562 -0.158960190717827 -0.425265775080638
-0.229613756271691 -0.437855323685396 0.00613147667710659 -0.424932142207793
-0.360635142297437 -0.324989450747543 -0.029549882064981 -0.4552567108414
-0.40698688144148 -0.170127600044793 -0.256856518509589 -0.17082272538331
-0.420965558462618 -0.0491912591780495 -0.0705929871551964 0.145989393000679
-0.411690208759796 0.0980178053761319 0.243128209390604 0.123321308538377
-0.383800560211125 0.233375627216577 0.42674364353747 -0.0122035577342731
-0.366229333951771 0.246427131198825 0.470265674118626 -0.140450169455529
-0.411973304011883 0.29534750254708 0.500124580317159 -0.183190901932597
-0.535708890664179 0.163279372226219 0.537693122982669 -0.0907882069431634
-0.567389569335545 -0.0148674462801459 0.500551173047574 0.0633413367905525
-0.573434662528119 -0.259017408014438 0.255542636577526 0.130875545831319
-0.413960694406046 -0.469171016067787 0.0701232690227712 0.00236104239113453
-0.151870454411351 -0.58630554227455 -0.0192891143574615 -0.172856856716515
-0.0620820331796045 -0.601882162599181 0.01495486305656 -0.349260547309527
-0.248393488933842 -0.665753867449955 -0.0759053048360902 -0.21085115726615
-0.331474450235781 -0.586154988193368 0.115641877598557 -0.325303073910413
-0.470930788497276 -0.44542558299408 0.0211749322508814 -0.443876610040215
-0.5262647481248 -0.2780512040602 -0.248788412052951 -0.174345131289113
-0.576309474074437 -0.138305315615203 -0.118546230912419 0.125763620710408
-0.582224561651755 0.0714909215833949 0.134216126901987 0.132747012899658
-0.548929249639584 0.269771459827303 0.266172878393621 0.0525421150174183
-0.510662723281508 0.293897262704383 0.273182434529456 -0.0333172177132407
-0.542498764480341 0.361491702845206 0.286496436621076 -0.0811522617899507
-0.682330707808684 0.211076947370579 0.334712326929108 -0.0303930590847242
-0.710369177297078 -0.00778987201637906 0.343549536475405 0.0497753864895639
-0.695331159983396 -0.282132775745304 0.212259508249257 0.0961103083968203
-0.527618779772791 -0.501594271140001 0.110008784315708 0.0550101715026389
-0.271854396924287 -0.659410229509204 0.0300480738814233 0.0132252749536965
-0.183859191331736 -0.745433786019464 0.00585273670217517 -0.0852279633944226
-0.278572458503569 -0.710122115091092 -0.0126739955650129 0.0467890381795978
-0.338565539543366 -0.641988291833812 0.181686083439569 -0.175379388611312
-0.465329146715962 -0.536532168870492 0.0337423113786589 -0.367145762554388
-0.558819093063978 -0.403795841130953 -0.242825052561827 -0.149037955050687
-0.674842707764893 -0.237046176561672 -0.189101647723686 0.0854725207655397
-0.691279376302521 0.0295216339684935 -0.0309391555974773 0.126564994293885
-0.641909178562966 0.271109917502553 0.0485128444549261 0.113418767156845
-0.579620292547492 0.298371948693109 0.0396482099822738 0.0847252922788109
-0.584073733003904 0.357365196193386 0.0504069983151684 0.0385798948752099
-0.701018059720767 0.202307190858586 0.110053841706936 0.0471375975553674
-0.702824377731807 -0.0176418174979397 0.164425636882939 0.0413639441012469
-0.647736959479218 -0.260725050475158 0.168325749805014 0.0559202621002166
-0.518501693567378 -0.422380226807218 0.175301954798005 0.105831740839392
-0.34373964425686 -0.597018545067803 0.120657213939783 0.206179739715102
-0.282615758186534 -0.758429740339421 0.0454827387955038 0.186950767953119
-0.255628304085848 -0.637248876274316 0.00437374509339375 0.299902836638916
-0.257031741711302 -0.579185643246866 0.177766346259081 0.0140976054451892
-0.344969013472046 -0.550472075820468 0.0221843883642693 -0.22173188961814
-0.479293832600916 -0.484907105360296 -0.225438434733416 -0.117746296421353
-0.665966324937183 -0.30540952708263 -0.284034033344014 0.0144455648747823
-0.696815870670587 -0.0159069011028798 -0.242100694197829 0.104612431622005
-0.637024164979263 0.233608679394411 -0.197589873302758 0.164847289037974
-0.561072842587259 0.257677057910611 -0.195452892522999 0.191299542141487
-0.540518989246678 0.287644711543705 -0.173708608374668 0.13791526933772
-0.606159318843564 0.131283949334053 -0.0934696036944209 0.0971060727716215
-0.558870155028626 -0.0631697686789023 0.0133010939033523 0.0123516002186161
-0.458280264360245 -0.216561308678481 0.152423506858084 0.0136852702232681
-0.40335062495624 -0.280165167899917 0.245041809538737 0.162294827843937
-0.351612187984216 -0.441991976062241 0.207546250921286 0.366706581801108
-0.331781766440279 -0.660706399293614 0.113239611625723 0.412973420772452
-0.205643440775123 -0.46264946683131 -0.0225688205268591 0.503586156504545
-0.155185944283759 -0.405769032455803 0.121195728120066 0.205975039898484
-0.18331052920195 -0.44407205743765 0.0079914485846148 -0.0669202451014569
-0.319150053355676 -0.445776135634646 -0.202667335876546 -0.11122286185209
-0.528057832679846 -0.297787597213366 -0.394581494794827 -0.0742782742075949
-0.5707410226411 -0.0454229345551371 -0.461422528639031 0.0794458278446791
-0.525278547410455 0.162931117208684 -0.42686102433268 0.208180357245593
-0.457325040585343 0.173553076565757 -0.397923994819049 0.268404445004979
-0.423930673377537 0.172084248359303 -0.358023684744711 0.190454313273184
-0.433757539652567 0.0341787062919275 -0.24163067598896 0.0913861621245676
-0.341841224668553 -0.10492281185775 -0.0668379198611845 -0.0470469283781861
-0.220975294372585 -0.150320904864539 0.176727360732015 -0.00873341876405483
-0.248562297426992 -0.121900456861653 0.291407988373017 0.236148856822393
-0.306123933644446 -0.25943584832941 0.245625309804587 0.474167645613293
-0.320597121868642 -0.488357836813465 0.183077462127826 0.567371988310404
-0.151446834874917 -0.214057632166437 -0.0672232255394139 0.620265911497799
-0.0795652511276128 -0.148964604024269 0.0642253264479127 0.346026410084705
-0.037964527896724 -0.218267550005207 -0.00269039843328349 0.0349594740842435
-0.11331818860109 -0.272509038106752 -0.19655428445424 -0.135172386683666
-0.28267569030036 -0.207567402146326 -0.499170144670101 -0.138460077884581
-0.336217981397083 -0.0599610082557668 -0.632655411411405 0.0737460454499449
-0.321186234157751 0.062691355060806 -0.595166732546151 0.243457664575223
-0.286324475595946 0.0645215627538289 -0.540687582751177 0.307311804623186
-0.258070069134652 0.040751676300338 -0.483349660767916 0.195656039632412
-0.222270190932478 -0.048127957340594 -0.32083486025229 0.0380560190492094
-0.123988942013854 -0.109319660569828 -0.0707364021775955 -0.111473476992815
-0.0283415435769145 -0.0662271356808112 0.22160768866205 0.0128862425893374
-0.113377534011763 0.00719975951910669 0.288089680335429 0.325116892630796
-0.225767931593041 -0.0937539163593762 0.220748691525821 0.524752359448174
-0.252096175090129 -0.268351422233261 0.236232182863646 0.648271867763618
0.114513666629312 -0.0761988474047524 -0.308587019769142 -0.57966953528506
0.0794890220397986 -0.100879517948683 -0.219706922746267 -0.486670975510906
-0.0449504026269735 -0.115992350934388 -0.245291526728339 -0.362765522350783
-0.12894777636472 -0.0180520960106032 -0.294603971980934 -0.0568812140141781
-0.0804731538045423 0.0865191033642842 0.0150367269768629 0.170319331990117
-0.0101888428902992 0.0895369088064368 0.329845143329274 0.0476696737701977
0.0397441050476457 0.0687654128405057 0.504385556444473 -0.165945220176947
0.0590215983171137 0.0526951707290784 0.593256272806633 -0.304980006449335
0.0604639876630594 0.0591413822966263 0.660814418592181 -0.303081878473975
0.0306058702087412 0.0634968425216605 0.68760672059288 -0.161323953596109
-0.011090488232788 0.0927967924492265 0.596412300358299 0.0453893668052956
-0.113293901448171 0.0676077317037686 0.292433980131631 0.136644320543515
-0.119666725020713 -0.0565320063535389 0.0687961875654159 -0.0501277006492597
0.0117768735861619 -0.0900980813766944 -0.0138333367204858 -0.330393085563968
0.093616478448963 -0.0295990570193636 0.0871394166625928 -0.621998826294109
-0.0403102543702794 -0.287673335882254 -0.256550028001671 -0.52492520952125
-0.0838159978993377 -0.241503773186067 -0.129751435680611 -0.455478290252284
-0.201538912453508 -0.188974367980452 -0.145080007591649 -0.412339543835809
-0.260269096598579 -0.0706022719072644 -0.279210052275485 -0.115145570852955
-0.245986126643967 0.0415988598609194 -0.0225398696530288 0.159357168505719
-0.201961870788643 0.118693310533384 0.300644033718082 0.0790136603488008
-0.161766217882322 0.172959388161861 0.49470906380406 -0.109732122144314
-0.15015416705966 0.167679545598043 0.561157476250972 -0.255653119489545
-0.179736412299968 0.192755768729801 0.611044721833316 -0.278110471221316
-0.265465141537305 0.119083856698083 0.647630212667707 -0.154929170336094
-0.301339721866571 0.0322291549651558 0.580518488526789 0.041674812661082
-0.348619739044026 -0.11476007702024 0.280554087554364 0.132580976994856
-0.267767185502185 -0.282286758983407 0.0525161828532899 -0.0379724550724
-0.0657343908129925 -0.358796944957661 -0.0387436047176302 -0.290697157491865
0.0127262175693905 -0.32921782286948 0.032671895155859 -0.528774244998783
-0.18131869501895 -0.484648620891276 -0.17684973121471 -0.396127730653757
-0.245895684404125 -0.403439562814357 -0.0215791979056048 -0.40477745508466
-0.368035889784063 -0.282166228131145 -0.0606965542830166 -0.441281127455774
-0.402458844160379 -0.132457559547873 -0.260898748241227 -0.14861693452248
-0.409350096160955 -0.0153998609779883 -0.0589774434376067 0.144286559687432
-0.387730451233959 0.12302231553203 0.239082877614467 0.101308191008
-0.354252535712726 0.249189750899657 0.413923540405906 -0.0405463306854782
-0.337045542807983 0.260249336886129 0.446800672911561 -0.166880413945739
-0.374765967963184 0.309910719824529 0.470892619711569 -0.208209045046767
-0.504489294385396 0.193479415983387 0.514441142202195 -0.122164550931356
-0.549158870187664 0.0248091750168901 0.489920883302855 0.0265196747037241
-0.567910815675838 -0.210636741204142 0.253941426116777 0.110538960532322
-0.432658818455211 -0.423483868033535 0.0649874217679681 0.00252875876839784
-0.184413165240057 -0.550711401948944 -0.0339223576410243 -0.162604021801589
-0.101439092447155 -0.567101575640767 -0.00570175971217076 -0.332759329979862
-0.275491508152628 -0.621478202468271 -0.0822962018463009 -0.197475097537364
-0.356290678190886 -0.537954161283439 0.0935702325163251 -0.31788652768951
-0.48321393481198 -0.389532679565157 -0.00855734419042306 -0.435514030892018
-0.522699659249646 -0.224571600754483 -0.252801848363104 -0.15419763972936
-0.564162137916789 -0.0907037120915898 -0.105973399015099 0.127263915946961
-0.552770731035952 0.10829020241899 0.134532576455174 0.116128674843334
-0.509002685710223 0.293204811360235 0.265267116421738 0.0333175729544865
-0.471425560303163 0.315511486543651 0.263669329055647 -0.0489337384302008
-0.494020118078686 0.380169230624937 0.270631752257142 -0.0944019272537209
-0.642361314833544 0.250114697112324 0.32418641320648 -0.0493943350310522
-0.686907771704095 0.0435453205676306 0.340553281493896 0.0233187566611913
-0.684727827405437 -0.225305488801192 0.21008656077594 0.07889854717189
-0.541125241503715 -0.44532260001219 0.108853102523783 0.0506930798583033
-0.304482938801179 -0.612888672843681 0.0260094284382383 0.0131463349769571
-0.230384133339751 -0.694653192518437 0.00292355465940955 -0.0783609976152109
-0.30612277300633 -0.662321258741735 -0.00606418927615493 0.0451707660848032
-0.365257728611493 -0.592807092435198 0.168467448898533 -0.180236361898936
-0.485961407524218 -0.476828694209483 0.00875451550886966 -0.363420573158654
-0.560368952098979 -0.344024879930007 -0.244695941005046 -0.130310392908323
-0.665960149200144 -0.178724811762396 -0.175433752778653 0.0924425505905423
-0.662279231754228 0.074845728712391 -0.0244820165829301 0.119689141711442
-0.598087052809573 0.299262098901126 0.0596075820705857 0.106387929481746
-0.537962235364571 0.324503853759957 0.0467160457972684 0.0802696210048165
-0.533526025175272 0.381049580747193 0.0515176768136182 0.0372571933458525
-0.660294315370403 0.24286849408025 0.11306694050973 0.0397062734157945
-0.679170774599408 0.0320969088293495 0.166429990608651 0.0266828305733005
-0.636557467448565 -0.205709814972995 0.164849618929597 0.041688325281391
-0.527101831039673 -0.369241274017308 0.176512761453726 0.095582337993128
-0.370673945837549 -0.545834130198855 0.12729637280879 0.19214255681786
-0.327904326348617 -0.70092380889357 0.05863303243901 0.178619780658318
-0.280060044046453 -0.596797150741132 0.0257460830593014 0.286362274170046
-0.2868416696333 -0.538514218434023 0.176802211057362 -0.000245773288077912
-0.371365170369895 -0.501110864183284 0.00963740383526065 -0.222721482595639
-0.492740395709923 -0.430287508283014 -0.222271774265901 -0.101219682812005
-0.664311092109251 -0.243598934706931 -0.270549780929605 0.0299370957070286
-0.671058419062398 0.0312589214217481 -0.229179875517306 0.112427071189754
-0.595406714035399 0.263598190879312 -0.174938522362149 0.172000173249519
-0.523387315474151 0.283622215553734 -0.17303574734651 0.198338923775487
-0.496816309873531 0.310532396301442 -0.157645127905952 0.147546387054757
-0.573922720634651 0.168208960771831 -0.0799156598715613 0.100233632509759
-0.543554429202357 -0.0218603054080598 0.0189085316971515 0.00872707722012599
-0.451734061036061 -0.177856835550486 0.14666179826055 0.00251866395062545
-0.404985390621282 -0.239541132185902 0.248604412028787 0.14417345009957
-0.367471917734002 -0.397626983991024 0.222195230846643 0.339489550237946
-0.36573626267975 -0.602513684146477 0.136777589962224 0.388731891056272
-0.222815144613382 -0.434759848370982 0.0112672358976965 0.483205790369771
-0.178698152509717 -0.378367732638418 0.135290729284221 0.186945085577996
-0.209403880258034 -0.409394794925317 0.00839296154259514 -0.0704150087880595
-0.334857273358571 -0.405202726469533 -0.198731596168982 -0.0969982161323029
-0.5288855715493 -0.245892334082541 -0.383510144966483 -0.0472222805037522
-0.553951702171607 -0.00327437715456696 -0.440828835717381 0.103295337262985
-0.49270028071533 0.187829737393493 -0.395634655785707 0.228257272439648
-0.428624374412855 0.196972395645931 -0.364460087097393 0.286434141840874
-0.394724444825643 0.191934144315438 -0.331568547339107 0.210497836836156
-0.412812313373295 0.0618325141723038 -0.224298299416963 0.103356156672865
-0.335312772510354 -0.0771047142316206 -0.0632910574342486 -0.043495204897003
-0.219203794164466 -0.129877700456014 0.169611228233421 -0.0206551970674181
-0.245952694378908 -0.0968678711198849 0.300561024580293 0.211432108187933
-0.312394283699012 -0.224631873117883 0.266712368955853 0.440268323348533
-0.342508644035174 -0.440716217502704 0.212187070979289 0.532232174455607
-0.157741879240048 -0.19869186540511 -0.0253463031762263 0.598138303916981
-0.0889263541257542 -0.137381851402343 0.0900268220852613 0.324001915195354
-0.054117203183356 -0.205336015412504 0.00622502535065961 0.0290844499800399
-0.126487242931835 -0.255063936937107 -0.193896573264827 -0.120454352281495
-0.286929238654288 -0.177939626627779 -0.48857001548766 -0.102622519166951
-0.328184625140789 -0.0330828747685012 -0.60640078609877 0.111730211449441
-0.303068548301061 0.0792922803677632 -0.556923470370309 0.274372969507866
-0.270709664555226 0.0822459734130471 -0.499210390593795 0.332261073464897
-0.244359422215332 0.0558187766217176 -0.451859260258513 0.221910182039246
-0.214922962302082 -0.0316243229189059 -0.305267907284228 0.0568785679339604
-0.125284205845833 -0.0964496711834711 -0.0733493802164644 -0.105303949406329
-0.0294361748932559 -0.0610082232646774 0.215663566808483 -0.00291699170093989
-0.107565091035117 0.0181598571196001 0.303004556838869 0.295793583011038
-0.223874035420757 -0.0729604883801896 0.245925314636194 0.488258379927719
-0.261590940327046 -0.237626183095535 0.266487008569074 0.605523184547578
0.0832848749576305 -0.0894495972988701 -0.378471552102276 -0.490112430770475
0.0528011537449023 -0.104913229327437 -0.285069913730863 -0.420664682558357
-0.0642023222309613 -0.100025420330523 -0.296176732199847 -0.31066225493442
-0.124080313426646 0.010214639082352 -0.299055692990014 -0.0111333883957902
-0.0583155601406501 0.0920049819121852 0.035176771138212 0.164206592793858
0.00436857960670323 0.0821141514068348 0.319245289573755 -0.00156331633240651
0.0453567623625582 0.0545032705838912 0.457897355518757 -0.234313323771544
0.0611222177165218 0.0365966976533972 0.513591288652717 -0.383288483701343
0.0637542669950291 0.040907410225437 0.578593362051602 -0.397011181133023
0.0396075925617667 0.051516079761613 0.624688848666393 -0.271104399486001
0.00571562930842832 0.0849723689691707 0.570329927522484 -0.0588700776697368
-0.0940977824392422 0.0805074778927942 0.297963170791296 0.0809881760038044
-0.118083796196554 -0.038447410057634 0.049995523215073 -0.058098662480319
0.00175396017150316 -0.0905613603829846 -0.0724886264114714 -0.3008709054543
0.0850399236275613 -0.0500098803200011 -0.00934100452260898 -0.590088648584414
-0.0826648617571521 -0.264687535964681 -0.328690152327029 -0.457347920749076
-0.116175137575346 -0.210642616840749 -0.201197447551324 -0.414179770838609
-0.217124924808965 -0.144416678607483 -0.219573498519568 -0.383832957805541
-0.251908705560695 -0.0180600953885675 -0.299808656181344 -0.0783306787993455
-0.2179353500594 0.0754928479853464 -0.0117443033750607 0.15525079087567
-0.169855084798114 0.13502425838461 0.286814566081263 0.0340641809157629
-0.126495990915628 0.179228763394436 0.448098174266709 -0.178486215152263
-0.119781995560696 0.171268967989494 0.490792121494191 -0.331422089163309
-0.141863341503292 0.199460942847341 0.536997169602963 -0.372239380325519
-0.230767684523779 0.146558501896336 0.589093721754214 -0.264664906320129
-0.274355117977593 0.063767105450024 0.558410996794642 -0.0616684638240551
-0.340016430018305 -0.0579393007454276 0.291555669804864 0.0800183752272658
-0.283445707300393 -0.228606196949363 0.0397608470920297 -0.046487090254455
-0.109663521079442 -0.328255556847884 -0.0827321966462993 -0.257539741294157
-0.0312799886228494 -0.317075268023282 -0.0446741160440635 -0.494693787779899
-0.230553087224657 -0.427394785081501 -0.236418162159375 -0.360696367159966
-0.28838667800777 -0.338074093432962 -0.0935346001164939 -0.392875902916625
-0.382465878299649 -0.20532243824584 -0.155330968396345 -0.435001326237774
-0.388964306341367 -0.0511391746396023 -0.294693261458094 -0.122629418227506
-0.375703576539436 0.0473454861379443 -0.0597454813155646 0.142006408584062
-0.342173219296455 0.164725331736636 0.222732252613315 0.0642738508323354
-0.292218427984729 0.276541429657751 0.373368939872014 -0.101024848407254
-0.283305286491398 0.281529116306955 0.394079946264032 -0.228557967072155
-0.308618269359768 0.336779883727291 0.416132127365432 -0.283516108380631
-0.444131826931584 0.252321304809163 0.471210556468009 -0.217475286568001
-0.508229362184351 0.0894570701074284 0.473689376101587 -0.0623757052635783
-0.560560646774476 -0.117778583049719 0.26835769890125 0.0626546141694394
-0.452347691263648 -0.337596230379838 0.0602549558641263 -0.0134007613459366
-0.249127488175374 -0.487545283379731 -0.0512842206304519 -0.139528358507523
-0.169505351006628 -0.521399000848448 -0.0469407722819177 -0.306555044081413
-0.330869361295895 -0.540795589485922 -0.118424483935108 -0.19963977098351
-0.406231968296268 -0.446631169222905 0.0266112731744733 -0.338325302807728
-0.502993180022607 -0.285095806029635 -0.111944987166366 -0.448470642971457
-0.511753607753461 -0.116765697821502 -0.290918777464845 -0.140151838168129
-0.528378405489278 0.00244343710898519 -0.116990427366389 0.126797812128248
-0.498519181939428 0.174775944601373 0.118042980943396 0.0919280175161159
-0.427971520127456 0.341050859598363 0.235695978289154 -0.0101970069276675
-0.402772913349149 0.352799154727877 0.239109113779701 -0.0901133336421443
-0.410499615774002 0.420729069506494 0.247009253694552 -0.144159067261788
-0.565125301915769 0.325878029742616 0.301669283750525 -0.120144437278589
-0.634581943680816 0.123999623011464 0.332601139479094 -0.0419704425403013
-0.671240252985774 -0.116545775255316 0.223989711157009 0.0394121309534539
-0.553794698736051 -0.341765784541777 0.11136471346852 0.022226860861375
-0.370103716525602 -0.524691612935594 0.0389022394406613 0.012460076147158
-0.305965663887675 -0.618157530750161 0.00123539826238923 -0.0714178252251479
-0.359204642802056 -0.573771614512414 -0.00623127765424976 0.00941459453948406
-0.422730176139946 -0.494090554954854 0.121912690554073 -0.226992254266173
-0.51435178702361 -0.364942526077716 -0.078321330206649 -0.391119067611909
-0.563306291984581 -0.221110928528763 -0.273953635355656 -0.127942723495737
-0.636967385702 -0.0603066416423752 -0.193483561639904 0.0980073896117334
-0.606817406281445 0.160822770102471 -0.0369704563363284 0.118180416706612
-0.510005321620008 0.360243489843181 0.0460667081171411 0.089364600512264
-0.462529679516496 0.370584611854547 0.0533098396222984 0.0657003498091645
-0.446735758237691 0.427254386562014 0.060137731989073 0.0169915128473261
-0.584041200877218 0.322742886449683 0.117458295332047 -0.000116507410528236
-0.629428607096548 0.112374284516272 0.169390448637015 -0.00809805951397496
-0.622948203414226 -0.106090971699082 0.174557689387955 0.0115500651681228
-0.530792761758116 -0.271419211765163 0.184257766090125 0.0534265122828356
-0.421177481079125 -0.449087449980845 0.165064328689586 0.158929589145269
-0.396126569141924 -0.606671708995762 0.0908812644794886 0.157175774958715
-0.32456344287683 -0.516113824994874 0.0650911165255156 0.230662095165689
-0.339950105345347 -0.455281986479441 0.163979743077616 -0.057558990195497
-0.413864855085226 -0.401358433821429 -0.0440097188875262 -0.257373968370291
-0.514637376830104 -0.312107145245843 -0.239972739875236 -0.107452951881308
-0.644863309770607 -0.12081484267458 -0.292210371267758 0.0506548979344136
-0.621090161553733 0.125389396577793 -0.232097374946544 0.140798275301063
-0.511256239784593 0.328553909549685 -0.169794944888421 0.187026826891032
-0.452981191031345 0.333633182580911 -0.135781130646944 0.212626069610366
-0.421591826937962 0.358487467251124 -0.121013230157995 0.158282677018396
-0.515468638963156 0.242737949916029 -0.0548914824804118 0.0927233585475148
-0.510916816040642 0.0452401742353698 0.0255052861677062 0.000257149549864454
-0.444924885425518 -0.106540197970632 0.146740287317213 -0.0211480170506195
-0.400042906324 -0.167035931880709 0.260674225391115 0.0885445330824095
-0.397383469934981 -0.306951928356296 0.276171291732618 0.277462055482849
-0.41901275011997 -0.508376551743874 0.192432353425329 0.340324999666369
-0.251932558324052 -0.370001194642296 0.0865107055597156 0.424327585170033
-0.21619708028104 -0.321997918328055 0.15961780743474 0.131908889836448
-0.251148801890485 -0.341159076513318 -0.00882147241988352 -0.105171766187362
-0.36954111658505 -0.315009456322455 -0.206657329464374 -0.100138104591759
-0.524384791437585 -0.140390990331793 -0.401317611525146 -0.00257481707664813
-0.516959978565432 0.080665715634895 -0.429537013067469 0.166193937254273
-0.428157508217937 0.246596237047597 -0.369780494638608 0.273575388970331
-0.375070912446368 0.242484957680867 -0.301958067004325 0.325810289772004
-0.341489573834519 0.234334072633996 -0.276417040391151 0.249577081629946
-0.377884534018858 0.118044834647183 -0.191499375156459 0.125426611123871
-0.323196560161412 -0.0319362775964012 -0.063696354572032 -0.0338410519791924
-0.219365497828019 -0.0933991792462279 0.161015833302539 -0.0467428748793454
-0.235297253313727 -0.053117198401362 0.321472318242585 0.145121093499103
-0.321610595895546 -0.154264173161541 0.330997306732296 0.361538884558557
-0.375993009379142 -0.358293453843659 0.280105856219328 0.461595322562286
-0.163762268214656 -0.157820444970245 0.0732584367962312 0.550005393623208
-0.0977210237075777 -0.112129896026111 0.140612486364618 0.279145657373643
-0.0789269310086916 -0.176746661367704 0.0144434245103475 0.00657208378388781
-0.15738034103961 -0.211627623800261 -0.198285358992223 -0.106773771766717
-0.293389537608717 -0.112485077849143 -0.4956320777665 -0.0292865690835872
-0.309791153341633 0.023520947875742 -0.575144816737671 0.199401318938551
-0.26767118787754 0.120655772429342 -0.507897370053317 0.343237576786718
-0.241783134939919 0.116091741828282 -0.42203789896121 0.390648416905207
-0.219743463969062 0.088618569882605 -0.389286153093884 0.282806527430079
-0.20636858018634 0.00201799932282305 -0.276505157776558 0.100784862506966
-0.128669851916127 -0.075847554015813 -0.0851571780750332 -0.0897696677684025
-0.0305812902610172 -0.0533441895126619 0.204452862994163 -0.0382648527019557
-0.0936048070074641 0.0365125396373826 0.338441231783033 0.22640371064139
-0.218357795758202 -0.0257257797269877 0.316082753256354 0.411674523056788
-0.271937002296473 -0.179626379518137 0.339945850774823 0.5222753798606
0.0799516097801139 -0.0855609271781879 -0.359466951691623 -0.473436774028744
0.0542459859092911 -0.104479743952576 -0.270355809566639 -0.404875441993056
-0.0614846386445394 -0.0981736029838093 -0.287335757006247 -0.302714666433932
-0.120367869924076 0.0098057540127331 -0.293869845286021 -0.0119294147389689
-0.0567144661209911 0.0889955061308546 0.0317967315257631 0.159314670132988
0.00529267694347848 0.0801480980966064 0.307183266109724 0.00291806207428892
0.0425498434982321 0.0543249025573645 0.441677625471279 -0.221824435677261
0.0581917605456981 0.0352428525489546 0.49706045398364 -0.371851902726005
0.0608283100900655 0.0390272561567184 0.562536626457619 -0.381700809571434
0.0362739478677935 0.0499413264991771 0.605652107708171 -0.25670847092525
0.00575509688354876 0.0813990029594825 0.54942871439336 -0.050004974559366
-0.0912907344925634 0.076877300074792 0.285805790694474 0.0840721204943167
-0.114755360386389 -0.0381714680021686 0.0436332070034975 -0.0520073462756755
0.00437852670402383 -0.0874798522395647 -0.0721110083876882 -0.286483573355386
0.0849260738333253 -0.0494381503475115 -0.00441463506258375 -0.566256300461751
-0.0766639404827661 -0.25425107849911 -0.307264051678072 -0.442511320741955
-0.107650724916489 -0.205776361711061 -0.187346571958205 -0.395992512673352
-0.208011498208035 -0.139458510973822 -0.213458778213871 -0.372675639228898
-0.242115415445882 -0.0170601575886753 -0.292984118955394 -0.0762773200248001
-0.210162610962812 0.0735461625363152 -0.0145014242689089 0.150698487519827
-0.163210701552754 0.129765012181597 0.274555821253071 0.0367037027532848
-0.123470607915637 0.171789712081783 0.433552423592256 -0.170575533103059
-0.118180853763009 0.163839722117077 0.474919209677772 -0.320310203110122
-0.137942503170847 0.189139714921339 0.52223397632091 -0.355023806081428
-0.224368339208265 0.140806590903478 0.572234334418324 -0.252079148703781
-0.265081992179124 0.0608178577453895 0.539484701721605 -0.0547875333855687
-0.327454087465481 -0.0584727549889515 0.27995358355075 0.082410171933629
-0.272941266498402 -0.222042807841106 0.0351685047507378 -0.0404289915002196
-0.101242039304618 -0.316835252930132 -0.0816147430813319 -0.245197652071227
-0.024484303326683 -0.303984786640283 -0.0375334905321098 -0.473275748939426
-0.217909168006243 -0.413237966555682 -0.220296695569919 -0.35006108514991
-0.273390340904294 -0.327463434374236 -0.0831056277876845 -0.375505792128713
-0.366011714688772 -0.195820396087321 -0.150955535409907 -0.423955951201585
-0.372665011442106 -0.0476016384311595 -0.286943407858912 -0.120085025210882
-0.361867014524146 0.0481391381409241 -0.0604403475613226 0.137135352501
-0.330072945460631 0.157369987998725 0.210925473546771 0.0641658790765477
-0.28295475003393 0.263635371786734 0.362006533512484 -0.0962946049464808
-0.27521158262647 0.271035934459496 0.384091365177494 -0.221177418012137
-0.297272378481291 0.320050906314732 0.404928590451347 -0.270257864844592
-0.430161951365459 0.24173027245361 0.459982703976162 -0.207305281940001
-0.490321065864967 0.085277360110724 0.460306918653329 -0.0594032246038177
-0.53911094423644 -0.117413601660604 0.257484594045735 0.0649159272601071
-0.434529457626682 -0.327439235365724 0.0573784792196957 -0.00764987454333937
-0.235549810114602 -0.469411384988717 -0.0508673751803528 -0.130944789335212
-0.157086171024747 -0.496851442400064 -0.0392337678532103 -0.292666285509311
-0.311756468763623 -0.524179881488786 -0.107844792329202 -0.19455259456849
-0.38831937409576 -0.432698619277231 0.0327877464319748 -0.324869618630087
-0.482060160031394 -0.271380110209568 -0.108643080273594 -0.438544429732424
-0.487015437945733 -0.111460556084161 -0.281932649391109 -0.135941752719351
-0.509342117093988 0.00354908268268316 -0.114419629794345 0.121712850174288
-0.48123629078944 0.165191530498736 0.108691018121817 0.0894195075808042
-0.4135442648612 0.323497144698983 0.230264435448322 -0.00979026470760674
-0.391905478359512 0.338421623216777 0.234037134260745 -0.0863686736154699
-0.396461415912056 0.399135556543153 0.24119034056228 -0.135434566378094
-0.546055998562574 0.312029259680796 0.296033193428124 -0.114148820814813
-0.613006680059459 0.119818224611799 0.324988337719664 -0.0418288829870254
-0.644449164859914 -0.116746591337924 0.214343092675073 0.041580639568022
-0.532834860092197 -0.331561599663411 0.109195035077925 0.0269351832694176
-0.351452112454492 -0.504074123734065 0.0358903702096206 0.014570998727287
-0.289197980453111 -0.588876303895372 0.00419994932785276 -0.0670842427185541
-0.33933725187136 -0.557993438620357 -0.0026851330248377 0.00607804688190913
-0.405236015871078 -0.476564694437311 0.123515120868206 -0.220218535916658
-0.493185895211111 -0.348443142667979 -0.0753356474020394 -0.382347137083409
-0.537361068308487 -0.212043522596092 -0.264806043285423 -0.125252797626588
-0.612811455038851 -0.0575667234083193 -0.187305380770568 0.0927827255927998
-0.5845233552609 0.152845608868228 -0.0414757453221449 0.112330508742757
-0.493425984722181 0.340223656408361 0.047278509756712 0.0846047827457984
-0.449133990536084 0.354801147490583 0.0540613662308803 0.0646020671002611
-0.431387705244439 0.405970688638965 0.0600647521356343 0.0199330612595046
-0.56378484159326 0.308818096795483 0.11711366675534 -4.40702964409989E-05
-0.608087578707286 0.107204286216845 0.166901326241911 -0.0115526142401271
-0.597566848059046 -0.10839372558122 0.166134417439116 0.0144624943894082
-0.509455875783093 -0.262582631609721 0.180100361759794 0.0559158189034869
-0.400869971811848 -0.430251184085976 0.157330084761468 0.155649935351174
-0.374993050965332 -0.576873382540792 0.0882856132983261 0.152280753450156
-0.305124636617791 -0.501464353727952 0.0624490848066634 0.218355000288897
-0.324518634132123 -0.438571553983859 0.161580774572304 -0.0593519366299681
-0.395241480338413 -0.383287482201165 -0.041298086127794 -0.254324973589352
-0.490108904496918 -0.30160959774609 -0.229660285960626 -0.106291955250823
-0.621036788081109 -0.116882893623178 -0.281733977621781 0.0454438945463474
-0.60005443375391 0.120525285743408 -0.228881889032964 0.13280825053833
-0.494853597003668 0.309422456360717 -0.162027228712925 0.178120567083935
-0.439492950268853 0.318554257561037 -0.129188080216651 0.204975053645231
-0.40717978371321 0.337770218953033 -0.116172349224107 0.155644638179139
-0.494297660234354 0.230539328950075 -0.0501496040419197 0.0887225199690049
-0.491633837737039 0.0438218255270845 0.0275439517691195 -0.0036000573328335
-0.423757540165672 -0.107987941905047 0.139941913228891 -0.0184815365246062
-0.383257572908229 -0.160075800501089 0.254916907588456 0.0893187000407021
-0.380053158196465 -0.294493379576194 0.264390541483334 0.269531763945105
-0.399124802480593 -0.483580238841957 0.183264646664827 0.328730287685762
-0.239579403424662 -0.362431087256262 0.0794065680356285 0.406246702901879
-0.207358078037076 -0.310348109391714 0.153975455021651 0.122019217148617
-0.239516575158593 -0.325934431868865 -0.00535381335836122 -0.105979481859716
-0.351243228233818 -0.305746221118044 -0.195692022402969 -0.100158481671232
-0.504149064726557 -0.135213068038508 -0.386557552518415 -0.00506193421561067
-0.4987324536569 0.0767253230187488 -0.419571258126723 0.155828420082863
-0.413942479091293 0.232186629550469 -0.355479459494153 0.261142956427473
-0.364127263917351 0.232750807621029 -0.292558429562818 0.313901904180485
-0.329652267161014 0.220812423895116 -0.26637210686806 0.242232149688001
-0.364121628013246 0.110676935859444 -0.183407345933459 0.119101011679885
-0.310626352857615 -0.0311245979546946 -0.0590813027670303 -0.0368082492090381
-0.207616877772333 -0.0927677539589152 0.155103137201333 -0.0432819566813209
-0.224143599679423 -0.0491489150412665 0.314094046357808 0.142291241189095
-0.309337782014353 -0.146040379228412 0.317061347247222 0.350993518171874
-0.358168195282136 -0.340544409051963 0.264693443985361 0.446616396681221
-0.157735076973703 -0.156429792828273 0.0635370498094521 0.527555507650466
-0.0948162248818577 -0.106552765270332 0.134031324366819 0.263007262200901
-0.0758184893095444 -0.167870311404251 0.0169790006270629 0.00166411888416363
-0.149850131936847 -0.205790682289939 -0.187645195912536 -0.107211992014631
-0.281853473721288 -0.109068847298883 -0.480271121692932 -0.0331357264257322
-0.29954680650032 0.0232843762223557 -0.558308006060238 0.18840860311829
-0.25887757846308 0.113144194772028 -0.491817979712809 0.328268504821242
-0.232955317393846 0.111204266621714 -0.409879955639503 0.376445715061587
-0.211307657069617 0.0819171309128296 -0.375914375678452 0.273887249567377
-0.198047737517662 -0.000400529440636168 -0.265953460061002 0.0944766530886714
-0.122133051102698 -0.073537804051906 -0.0808697410506298 -0.0899733052514301
-0.0269482476605976 -0.0522433559900077 0.199470373999455 -0.0354478742224609
-0.0888215099539761 0.0377409944589499 0.33025274695427 0.220464615502084
-0.211118518104324 -0.0235752668380271 0.30174049406451 0.396283748957351
-0.26095460208847 -0.170097751967372 0.319917618982772 0.50506322803103
0.0812162005409479 -0.0830678373601711 -0.343428151636095 -0.479868858303505
0.0576591342685535 -0.106366383451905 -0.256791801820671 -0.406391074111787
-0.0602971397270449 -0.100766072898987 -0.28615829915122 -0.309960730803031
-0.12111131815227 0.00781777938294804 -0.298798977324888 -0.0173525843021783
-0.0586009243201335 0.0887882920490983 0.0265678648579766 0.161369199966712
0.00536926121707452 0.0815007982120634 0.307050659529001 0.0124101600908703
0.0419071198289731 0.0570777111210362 0.444291988771906 -0.2136897337536
0.0568859782172127 0.0364297013959756 0.503778883237286 -0.36319369130568
0.0594826429651936 0.0393142510643163 0.57299211320232 -0.370448100411229
0.0337984032613608 0.0513256986307404 0.615043169357165 -0.244530940505148
0.00434738331775855 0.0802478888567814 0.552071546111704 -0.035658032244833
-0.0933005147784441 0.0744249416943077 0.284082210738016 0.0947558589673424
-0.115008898049817 -0.0404579815505839 0.0397070381145351 -0.0477219792954828
0.010123659432058 -0.0886149088210388 -0.0701602257199735 -0.284280755966136
0.0885882574537111 -0.0502640485498274 0.00857715906311186 -0.56399893048456
-0.0701191464148807 -0.255760464181545 -0.291831382959176 -0.4491537091901
-0.102104449888179 -0.210748299957155 -0.174409346645658 -0.396550557122178
-0.204587148477134 -0.142987234158193 -0.210090072368629 -0.379727400478435
-0.24054177655916 -0.0207508915982332 -0.29652937707861 -0.0827443313553967
-0.211867184454531 0.0706621086647077 -0.0190507715331184 0.151746137452058
-0.164688625062059 0.127661120753052 0.272059017426484 0.0453929066544154
-0.127768402866851 0.169659559482338 0.437078095319819 -0.161885149081291
-0.122433613166917 0.161866479102906 0.484088466905457 -0.312410014920861
-0.142646601046877 0.18509263849756 0.532506420599625 -0.345042934227929
-0.228518624963164 0.137053630743488 0.581783159278347 -0.239854035007854
-0.266777461022431 0.055256431576851 0.543433339405563 -0.0443609704161248
-0.325563045900972 -0.0665907385483795 0.277567050529953 0.0926245814943744
-0.269395083178439 -0.227636902737923 0.0325963325475991 -0.0351256981095495
-0.090856072345514 -0.319264833586464 -0.0810979839241348 -0.243461317012113
-0.0144975766931005 -0.304807219409559 -0.0252817528193181 -0.472288411799211
-0.206339132373306 -0.419039588198439 -0.206900211315193 -0.356898827818598
-0.265098546733321 -0.334736767243359 -0.070458963356265 -0.374579117218338
-0.360731498221351 -0.20073894295731 -0.147083550126163 -0.429227150147884
-0.367914146207823 -0.0527773581350854 -0.287322443847798 -0.125442607324821
-0.362417173380628 0.0437887608950196 -0.0647303344024312 0.13657396224633
-0.333025834548535 0.151871363574494 0.206868486718127 0.0714477361284311
-0.288804708281408 0.257067975100874 0.366245834883478 -0.0894140187346419
-0.283756508540105 0.265332020074488 0.390129066023657 -0.215902453937273
-0.304728843179331 0.311641399689853 0.413763059303326 -0.261900049415509
-0.435508437831272 0.234343117400589 0.467523183748015 -0.198154918630849
-0.492698014951531 0.0783704925186436 0.465518468897857 -0.0519678167702962
-0.536198147225748 -0.131493970257491 0.255226307110424 0.0742643128460373
-0.428262690945756 -0.336323695481373 0.0568966629144146 -0.00189683216888108
-0.222064498345233 -0.472211792810448 -0.0514438105492511 -0.129671858274615
-0.143916382759713 -0.496777945689858 -0.0320056675009622 -0.291314984343792
-0.296361007537841 -0.531847623698295 -0.0994651754602367 -0.200127784415321
-0.377846855557042 -0.440022621566365 0.0446071173167445 -0.324360018418559
-0.47518288986427 -0.276582885612594 -0.102582067519471 -0.44438905545743
-0.47999836203879 -0.119157395347918 -0.281522959885283 -0.142241631629236
-0.50773554546239 -0.00247607642657109 -0.118103333454249 0.11990121557946
-0.483742984006392 0.155920985826967 0.103153532743753 0.0931896621318641
-0.422391842387824 0.311847292295748 0.233229524801126 -0.00618279741797329
-0.400630119055178 0.331434754149979 0.238443468059264 -0.0823839941558565
-0.405227020781471 0.386730801748956 0.246683225646294 -0.127659022708854
-0.553518634311763 0.302218961736314 0.303489540942049 -0.108810799104075
-0.616537243353613 0.109803706046421 0.329736528139927 -0.038487372076428
-0.64086784236004 -0.132854868005258 0.212374185488992 0.0493165681824274
-0.525853354442167 -0.341482488277889 0.109872545360764 0.0334256324200263
-0.338400508806749 -0.508693954018233 0.0344471400419122 0.017628083181174
-0.272798411022058 -0.58852904303272 0.00839390856087032 -0.0654477791172955
-0.324058363098326 -0.567533462190768 -0.000612970925423422 0.0008683940581664
-0.39326408031055 -0.484849337070284 0.132420334716765 -0.220188178457414
-0.483645547121061 -0.353223042759026 -0.0699983645120282 -0.389084925382282
-0.528415714686132 -0.222961701227686 -0.262217965889868 -0.130697695295995
-0.610228950703382 -0.0666084705189906 -0.189423749854319 0.0886093732274687
-0.587918733644453 0.141904536719942 -0.0477792862967786 0.111422830521344
-0.500776221456779 0.327230264920821 0.0474563219527456 0.0839553764648115
-0.457654203555489 0.347071530290347 0.0562330830767763 0.0652558386640468
-0.440511064405905 0.391978319481015 0.0620912978307801 0.0242127667335389
-0.570045952546411 0.297167292955044 0.121378002041647 0.0019922376673197
-0.610780850693359 0.0974809184203821 0.170703806832121 -0.0114633577334701
-0.594513814781099 -0.124714521326033 0.164404995588559 0.0212431970650971
-0.503348637747225 -0.271486682811879 0.182640511517615 0.0632734572742821
-0.389938718951339 -0.433756316759627 0.15405674805923 0.159796255337962
-0.357883572193155 -0.575116375245372 0.0857646210747259 0.154355977623574
-0.293358339453429 -0.513375273328221 0.0574492370331498 0.214367417672516
-0.315478608919039 -0.445241168385728 0.164274907585112 -0.0605724143944336
-0.386318989070165 -0.386096313048874 -0.0358253009229624 -0.260082543870108
-0.479286531315165 -0.311840491803638 -0.225241211296978 -0.112766111519715
-0.617734132677323 -0.126019713561654 -0.282391772269511 0.0385513634551902
-0.602898864956252 0.109377978262314 -0.236456995587433 0.127050533073944
-0.502672533083488 0.296630399937049 -0.164060904269284 0.173206413471407
-0.446001316917806 0.312869233240825 -0.131235827367405 0.202106009439105
-0.415978830188098 0.325959675423669 -0.116740971290024 0.156190340277927
-0.498647641786226 0.219687424871289 -0.0486851326557532 0.0858883010424531
-0.492770262389192 0.0346632155940123 0.0297059390210613 -0.00702259453393732
-0.420951003174962 -0.119848734117148 0.139737982804098 -0.0128349467496416
-0.379553016104409 -0.165632809439618 0.258323679580338 0.0962273200926573
-0.371518250064172 -0.296865397353665 0.259359775905961 0.276161472373645
-0.384811976296314 -0.48397117936435 0.174586884865692 0.332402231861611
-0.230995061179844 -0.371239011372525 0.068715452205485 0.402665684577256
-0.200626010179899 -0.311934668190758 0.151525338756554 0.119956591457301
-0.232749821886649 -0.32642001109539 -0.000902628387469629 -0.111113279372072
-0.342996295734142 -0.314258428151749 -0.190024163669447 -0.106992445740731
-0.500255265276093 -0.144033021778961 -0.386790953762215 -0.0161512857403203
-0.501784835772422 0.0684237414739608 -0.427388031565477 0.146219807454454
-0.419610619847073 0.221019051780988 -0.36147824438334 0.253537822366645
-0.368300458911728 0.22579369862997 -0.296103581465274 0.310234304836428
-0.334074310761938 0.2116854883513 -0.269792707154999 0.239876846723223
-0.365170062867329 0.102413246113018 -0.184340702733688 0.113904084635879
-0.30812777939318 -0.0377265972528501 -0.0576594433811806 -0.0423445207608982
-0.203072468727291 -0.099399745594304 0.15704398052743 -0.0387870854784666
-0.221741972759673 -0.0506857794076972 0.316601582947588 0.150594570128892
-0.30581879890619 -0.148172838047261 0.310108131851188 0.358145424416052
-0.349472035950914 -0.341780553089073 0.252872818184708 0.451783919224702
-0.156112993080122 -0.162538221341764 0.047774998164524 0.525035360309407
-0.093203215400137 -0.106008099345915 0.127654602576141 0.261124617786333
-0.0724948672706779 -0.166937918113603 0.0205003165918521 -0.00292661244860816
-0.145232213604065 -0.210294358752691 -0.182071781971254 -0.115985295934901
-0.278501050741631 -0.114097120592719 -0.479689726737543 -0.0456118496556356
-0.299921179034961 0.0186480560162902 -0.566984160366087 0.175732597093954
-0.261731186763411 0.105994484343487 -0.501387786907697 0.317838898006435
-0.23524517837769 0.106927518531008 -0.416751397049844 0.369905470624757
-0.212838370121807 0.0759230638827 -0.378767601865304 0.269007790694809
-0.197066944613755 -0.00574655614001309 -0.26764827029948 0.0878878341707171
-0.118812461309562 -0.0762764227592414 -0.0783996977832974 -0.095065083323595
-0.0231685831140035 -0.0531978904944495 0.202985043239723 -0.0305652993974967
-0.0879685306927756 0.0388124927729333 0.33125805424067 0.227777863091786
-0.211890920990276 -0.0251696273930701 0.293833249193396 0.403820944395766
-0.256478291573468 -0.1717778516174 0.305076310146812 0.511854218400954
0.0847233685571495 -0.0852514165740378 -0.346914273621363 -0.502311873029022
0.0619676003817429 -0.113778213332715 -0.257976524938362 -0.421638812784667
-0.0628337819940817 -0.106334683864585 -0.300327205739228 -0.324976356481686
-0.126380294204554 0.00705040323068175 -0.316493164963923 -0.0192199206555189
-0.0615462725053099 0.0922452662568202 0.0245944803662678 0.169128288103825
0.00640334705003261 0.0850991269041842 0.319017793835698 0.0174187591777166
0.0430421703257055 0.0609554957990887 0.463549281504762 -0.217530175364607
0.0583387604311516 0.0386051775368075 0.525709978326326 -0.377000090374332
0.0611686777735233 0.0406709541407749 0.599192089552612 -0.38395891629621
0.0334143415525604 0.0538650650444856 0.644982539156502 -0.248546693706112
0.00403245770252958 0.0823423688524277 0.575675763820853 -0.0304857758541875
-0.0981780276744706 0.0761351099567535 0.294764029509949 0.105459452586676
-0.120140762549066 -0.0428445643025231 0.0373829976454104 -0.0440970727767946
0.0145724085859001 -0.0945529035806336 -0.0736015470953354 -0.290489081194702
0.0947554979275178 -0.0545742811056611 0.0145686443036367 -0.584714240288649
-0.0704817236456733 -0.266433652428922 -0.294004616566617 -0.470633977944544
-0.103633167265856 -0.222329401423553 -0.173435822613895 -0.409694259237178
-0.212198349820669 -0.149916252071478 -0.221345270072465 -0.397423798014105
-0.248858839434357 -0.0224565986098112 -0.311929206008953 -0.0867900906433138
-0.2210595419433 0.073450487993782 -0.0234458117308479 0.158391552217184
-0.171126869383897 0.132056911343596 0.281897357185901 0.0524422178110314
-0.134251744717193 0.175762319613613 0.457140717664538 -0.163934380760247
-0.129711553129836 0.167971587647526 0.505808261133185 -0.325268459721621
-0.15007480290315 0.189975563658057 0.558449676818729 -0.355867180320711
-0.240263724260354 0.14103561005777 0.611196133441904 -0.245613819072565
-0.278021339925511 0.0562432966251071 0.569539769202135 -0.0407692307994756
-0.338643039555224 -0.0735822944027457 0.287833029867378 0.103860897788861
-0.278879722868507 -0.238842926005531 0.0318514427600549 -0.0311576163283972
-0.0872863283383895 -0.33325553947144 -0.0853588299014244 -0.249440452645663
-0.0102494834090603 -0.316277750691974 -0.0189139940747446 -0.488599049758222
-0.20931956991844 -0.437162522206595 -0.206654178888865 -0.373037535770956
-0.273127907930351 -0.351465947973503 -0.0633333351502139 -0.38851118043121
-0.373655824682697 -0.209095834589843 -0.154119979714588 -0.450179552923796
-0.378478283242902 -0.0561963325978099 -0.302395927034464 -0.133129551572728
-0.377082039731405 0.0436299628748225 -0.0700076382221437 0.143080002618819
-0.345539604691039 0.156088727819304 0.211855174941701 0.0790418239980317
-0.304667048414892 0.263340702201208 0.383240698090159 -0.0907727075098655
-0.299007088607513 0.274866126439718 0.409133306263161 -0.223320752731968
-0.320463726695669 0.31895141749164 0.434267901934102 -0.266946202342099
-0.456606046699914 0.239834976147737 0.491922924080394 -0.203269644928404
-0.512529521558628 0.0772174294646477 0.487971743819543 -0.0514391599793949
-0.554681905226875 -0.143457593058425 0.263960627970801 0.0835917163761433
-0.443780826851157 -0.351422214705703 0.0593268926378228 0.00328273853366467
-0.221271547816286 -0.491687471984726 -0.0548053321743186 -0.1322168286746
-0.139993426110473 -0.514321979695405 -0.027716576959032 -0.300545218020763
-0.30181847741093 -0.55774268386873 -0.0976589504920467 -0.211817933202745
-0.388844588103483 -0.460909700035129 0.0543782289949774 -0.337583538446366
-0.490342101138093 -0.287065091958743 -0.10648587554566 -0.468571411184353
-0.494446918666112 -0.125440984209814 -0.293409272994188 -0.150634661405698
-0.527588242183529 -0.00484011699441822 -0.12439950188714 0.124145167092585
-0.503489170561335 0.159203613490428 0.102758907276322 0.100269733562554
-0.441460968167564 0.318281926463246 0.24526388708512 -0.00486381085854013
-0.421239251417762 0.343103551067188 0.251756380389498 -0.0844801609038932
-0.424872476392953 0.396271738698759 0.260281832566901 -0.129354451448292
-0.578198459768978 0.309714009672941 0.320972040751255 -0.112270957941069
-0.640818564681923 0.110991551726956 0.346923957631061 -0.0407499620626658
-0.665050186697893 -0.146526786006798 0.219589187634927 0.0580674690516744
-0.543498053444826 -0.356921601106163 0.116006573359234 0.0396609642114092
-0.343524886507249 -0.528769133381021 0.0337173094759745 0.0210122389492953
-0.272910382783184 -0.608558876890435 0.011140443871554 -0.0666120891475512
-0.329887695479427 -0.595920679746956 0.000640479142567312 -0.00305994261310746
-0.403662770613287 -0.506851280916175 0.142144524537548 -0.231712283881709
-0.498085178284526 -0.365271414211634 -0.0725778071823996 -0.410420847837276
-0.541877708035726 -0.236500389567998 -0.2718539311443 -0.139877286789574
-0.632293019469425 -0.0716533788917266 -0.19722511509904 0.090689907504252
-0.610622242060802 0.144323115984968 -0.0551669164460398 0.117089027287005
-0.523852691989989 0.331711652906592 0.05104402934228 0.0872076468781599
-0.479377342647157 0.35938209760719 0.0603477670272114 0.0676872724881802
-0.462644248821687 0.399591862881978 0.0677106166228969 0.0283251719725439
-0.593808737285378 0.304437570229559 0.130431965185849 0.000571932948919945
-0.634397294468625 0.0989551794605334 0.180437842005819 -0.0146142481127657
-0.61484458171049 -0.139625478147249 0.169966526070825 0.0282750334049067
-0.519883538912397 -0.283154834846582 0.192950830944849 0.0692292032391382
-0.397504737013926 -0.451653827483098 0.157244519510448 0.168826988323975
-0.363195860758946 -0.594848058106476 0.0879115094261065 0.162330325258277
-0.300079591859539 -0.539076397747506 0.0562523409240291 0.219210399003309
-0.324669463707049 -0.464757884271501 0.172265365038939 -0.0655292561733841
-0.398307024024364 -0.400987215232344 -0.0348047817847855 -0.276455470768376
-0.492797962360594 -0.329936357761774 -0.230333100047588 -0.122362812547372
-0.640206071308362 -0.133261925518479 -0.291947578994876 0.0356133296470291
-0.627084052660059 0.111052558618444 -0.251752940781909 0.130775666160281
-0.526718904561206 0.302385731872255 -0.170987206171774 0.177252247799975
-0.466368895316697 0.321695762237577 -0.135333193824266 0.209328053723514
-0.434209820568133 0.331458053440205 -0.119721951710262 0.164875840087528
-0.521090937433977 0.22325134189744 -0.0483518715165274 0.0873905803066205
-0.510672079630978 0.0344401707961589 0.032952877687858 -0.0109662772035168
-0.434320814469626 -0.131774644245012 0.145859721264719 -0.00890791987663473
-0.389789715277825 -0.17198018743629 0.272466700499654 0.103294389736106
-0.380634301584904 -0.30665685897889 0.267257410867701 0.288390831636034
-0.390341539302847 -0.499889085901918 0.176569359355923 0.347671279322994
-0.238533372864273 -0.391394315269917 0.0627823844236258 0.416074969032599
-0.205154430521266 -0.324775268754558 0.154712842393174 0.121988640459427
-0.238648472391912 -0.338665217457607 0.00161235087079917 -0.12140459055303
-0.351878140411383 -0.331323433906015 -0.193038505611403 -0.117608569187409
-0.518801102065613 -0.151712208474088 -0.401359519548081 -0.0221235077265059
-0.521551630677356 0.0706889147164764 -0.449001072551316 0.147506902715798
-0.440466623154114 0.224871075536981 -0.379348767667315 0.26086544743214
-0.384770389049777 0.23309045462826 -0.310129186038852 0.319893351121588
-0.350696998806706 0.21284982840686 -0.280448767923039 0.250985779947676
-0.37923356980848 0.102270170632426 -0.191051226885723 0.115157875739822
-0.318843743520634 -0.0412144887850549 -0.0587553683212411 -0.0476589961018555
-0.208853081472234 -0.107100337337403 0.165524973258174 -0.0371663950691869
-0.228132204233031 -0.0510189493641762 0.333303809248748 0.158753816801378
-0.315927815168019 -0.152041775714227 0.319780560701795 0.373844206691291
-0.356918786259051 -0.354088681563527 0.254669861805027 0.473174655484751
-0.163792192460462 -0.172676799190052 0.0407862791991734 0.545665108036192
-0.0955954188602607 -0.109046014633129 0.127769529847887 0.269078533428822
-0.0741895345184442 -0.170293682551414 0.0246141966694088 -0.00923177196544683
-0.148775092890623 -0.221869056539077 -0.184450926942262 -0.127903413115367
-0.287922611611736 -0.119985935295041 -0.499103952186127 -0.0530389961398169
-0.311483724094588 0.019222616987618 -0.59342283760713 0.179248821400637
-0.273995215858537 0.106928486769661 -0.526316653583551 0.326338986422261
-0.244459218521806 0.109952547084223 -0.43553318607535 0.382142398261975
-0.221906679209272 0.074961313919739 -0.395255235279128 0.279021061814125
-0.203532009858473 -0.00916257337796631 -0.278122815153479 0.088256334489356
-0.120718444098823 -0.0811948517041844 -0.0806888472498769 -0.102673608602793
-0.0218918713491911 -0.0566955412271385 0.215220778006528 -0.0307036954008784
-0.0898522560096986 0.0431071767287935 0.348639167679683 0.2388159645564
-0.220012293640875 -0.0249068806004882 0.299841512032512 0.421694952843241
-0.263126017768912 -0.177854004032304 0.309040642090553 0.534774142362909
0.0867300562154846 -0.0922746154740128 -0.378318743693921 -0.5241563560743
0.0625404408291026 -0.124453480918849 -0.282619902069301 -0.438614166598876
-0.0711972494557007 -0.111637421922412 -0.335124981237576 -0.333800603637901
-0.134676982911026 0.0112890891520754 -0.343275801950522 -0.00706530099231981
-0.0628372145614201 0.100394716634987 0.0291788322054931 0.18003601735486
0.0107562214471296 0.0901606393728936 0.33992026091058 0.0100654312982171
0.048400497316261 0.0650396656189461 0.485404792719346 -0.244712780541415
0.0628921680851492 0.0397311462805952 0.543447373891545 -0.419490570988682
0.0653835938457716 0.040652393598357 0.624947971670137 -0.428744800343367
0.0361835526371212 0.0567835496236694 0.678852118496523 -0.284141037535629
0.00679336556143547 0.0861925333604835 0.611722918997461 -0.0471040678604869
-0.102138939457233 0.0834446045061458 0.316559830092366 0.108669456760882
-0.129729683837602 -0.0416719954484634 0.0343860711351691 -0.0423293222209993
0.0156366165032332 -0.104461810774103 -0.0907711022010503 -0.299199832001972
0.0991532793624549 -0.0649567399459828 -0.00091275842719368 -0.617303311075374
-0.0827558303368416 -0.279685717398233 -0.321421363509705 -0.49212003149005
-0.117067223185084 -0.234034066029192 -0.188904459795299 -0.427733634365862
-0.230065366003346 -0.151201509241764 -0.253921266463586 -0.414580540025788
-0.263639412279509 -0.0152731563840036 -0.340790090911328 -0.0805956275442043
-0.231779796647917 0.0868014786720412 -0.021448151656466 0.170398136895455
-0.175915616215053 0.145548977209843 0.300051305418736 0.0492172326714814
-0.137232781805581 0.191228837653076 0.480899532624061 -0.187208920087139
-0.13393021063641 0.183403706459856 0.526912101529092 -0.362285655827967
-0.154224258817016 0.205044500563751 0.582993515573003 -0.396860727552297
-0.251335508739535 0.158901808267229 0.643894176766032 -0.280701669722762
-0.294302802756926 0.0684171561915938 0.60653582006148 -0.061623230195381
-0.362955621689192 -0.0686987081734686 0.309229087164956 0.106470721031551
-0.304637167825099 -0.243985878655076 0.0306467419617019 -0.0290918855062701
-0.0991705648658662 -0.353210631268633 -0.100924585587021 -0.256406499280007
-0.0180436461974658 -0.337055374789505 -0.0337395157632593 -0.513409023054651
-0.233568902634049 -0.457247069829993 -0.225213714081361 -0.393377491839509
-0.300987463964747 -0.363948060778073 -0.0735934102238848 -0.409224481674877
-0.402104541655347 -0.20702468317165 -0.182241857043013 -0.474600895127561
-0.400206202532001 -0.0471380490429423 -0.3296402894197 -0.129792870321186
-0.398031031920116 0.0620747088842323 -0.0709286764996867 0.155007900768481
-0.36033176206124 0.177003564410748 0.224895746105459 0.0799972274844372
-0.315247048582616 0.288661841012368 0.406558230895724 -0.108547145829457
-0.309670526731118 0.301243342804235 0.428479914582239 -0.254026561954
-0.330993583797499 0.347042965522465 0.455724467406413 -0.296946980441081
-0.478302416303879 0.269993020451629 0.520231592665876 -0.232506171869632
-0.542658042889029 0.101937876108159 0.521307135939963 -0.0725839651636992
-0.593772047109408 -0.137301535749703 0.282491924425342 0.0861137337663686
-0.48325370558428 -0.357397853965351 0.0624901244734014 0.0063606919022547
-0.245701013468132 -0.516951092849889 -0.0655934969988726 -0.134048114048815
-0.162276275480732 -0.539452968792805 -0.0358748314439917 -0.314812994830559
-0.335760806759978 -0.583607851085547 -0.106342789181159 -0.225924643932758
-0.427616849228342 -0.475258968816304 0.0521462718975258 -0.361623713315344
-0.527341057199385 -0.284930758776543 -0.132147557597491 -0.49692690722252
-0.524968818773718 -0.116838405137814 -0.318525316875454 -0.150697529156819
-0.558740004869714 0.0159247883513997 -0.127808842450801 0.1370035638907
-0.528773179604771 0.187689396409721 0.108952032383714 0.10565616338475
-0.461245748236816 0.347832752926689 0.262861939785942 -0.0138205308856085
-0.43720580381569 0.377264090661291 0.266645820993073 -0.100048721968189
-0.440123768792848 0.43172041196823 0.276266309447814 -0.144677093771056
-0.603940622241812 0.347455899617256 0.340892509540693 -0.131486478491259
-0.676996853697395 0.140649130668098 0.370692697413432 -0.058244532184882
-0.710454584775182 -0.138916627639258 0.234604116260907 0.0608632469602533
-0.589090742630147 -0.35994412113546 0.126161914621554 0.0415528489713242
-0.376058136383938 -0.549446995066546 0.0341144921474594 0.0239810397651763
-0.303306762230309 -0.632106474355662 0.0118572804976738 -0.0689653975982254
-0.366462062021634 -0.624606918242382 0.00128810839807777 -0.00759599019813708
-0.445414998496323 -0.523357381371987 0.145866830809283 -0.25280387929608
-0.539227763604071 -0.367535133958978 -0.0922015087880356 -0.438971373290331
-0.578177863570167 -0.233410524943896 -0.291668235634303 -0.142571090441576
-0.671522176845022 -0.0529198814286313 -0.205290877773115 0.102467728005342
-0.644328882754228 0.174914492915832 -0.0590277228011392 0.128076144615022
-0.548877985594765 0.365865371062733 0.0594194986350056 0.0897947608532924
-0.497803773857091 0.397751569983273 0.0695944232732335 0.0684617269409895
-0.479996004352307 0.43525951180808 0.0768601877878386 0.0303621655705295
-0.620787605199897 0.341966699051445 0.142112408780622 -0.00592988799270771
-0.669497366099308 0.127197153583468 0.19354566984978 -0.0257578635705281
-0.656776070743015 -0.132149583439612 0.18205371516114 0.0298991116604453
-0.559706558251497 -0.281931153302134 0.210928135210089 0.0695762295920437
-0.431292891104018 -0.462923128695236 0.170830567421515 0.17514731994825
-0.39778719606496 -0.614998676026127 0.0981206272655269 0.171522485108353
-0.334387314587917 -0.565128647353669 0.0635434241109377 0.227529458372756
-0.357739678011141 -0.480629199585619 0.180532230406888 -0.0783536735348766
-0.432757751782658 -0.407228919599084 -0.0469748607511018 -0.29930198263246
-0.531538368699706 -0.335304660787352 -0.245861510520037 -0.12713222271654
-0.681837976505122 -0.118407220200115 -0.308060292886668 0.0455963644486066
-0.660339639309431 0.14063959064796 -0.267731114856351 0.147958758813034
-0.55209094004418 0.333810701624921 -0.175386768331415 0.194140088426073
-0.486493811729123 0.357483563582932 -0.134392006564456 0.226146146683315
-0.452137753022254 0.362875512600409 -0.118340144764328 0.181785449765987
-0.54493729163274 0.253085770871317 -0.0460003288017958 0.0921430678422045
-0.539511583476149 0.0521947156950516 0.0357625959321608 -0.0169396469111767
-0.464946330127798 -0.12990100683831 0.155987318263594 -0.00989703547362212
-0.417651634780469 -0.166146077933843 0.297788570229455 0.101016039293918
-0.411003606176602 -0.310220530298201 0.291281313213677 0.298030629831372
-0.424119256294811 -0.512514188860903 0.195980096011088 0.365153893695876
-0.267146835146321 -0.40976794759826 0.0750373081452066 0.438164239303655
-0.227881267808603 -0.337212765448081 0.16633271151432 0.121281613915314
-0.261982049022462 -0.347292776762684 -0.00117819877981015 -0.135569577003884
-0.383417904052178 -0.342628928650463 -0.204783256626336 -0.124733267375282
-0.553830279639424 -0.142880233523619 -0.425686530130519 -0.013788344638217
-0.551715651804097 0.0944886394818891 -0.476469673834073 0.172570477157205
-0.460845249902372 0.249999850263855 -0.394306395992828 0.288562725452918
-0.399935333027226 0.260577703863959 -0.315408730264175 0.350335016508028
-0.365940405409941 0.234530993925411 -0.2858352890112 0.278183909406577
-0.398796772314437 0.118402283884092 -0.197819459673143 0.126651642460766
-0.337731379973107 -0.0351812421179886 -0.063230135887822 -0.0519184703236783
-0.223313938610022 -0.110090006759433 0.177752173113733 -0.0431200490993247
-0.241936941506102 -0.043282589729429 0.364701154624873 0.156906424989883
-0.337283735647065 -0.14628827711567 0.349649819341057 0.384292810275178
-0.385693831165459 -0.360278404361922 0.282050087412406 0.495815026733157
-0.182209660412716 -0.180410540976108 0.0538787807846582 0.577628304958317
-0.10424994787834 -0.111161236659998 0.141176169448415 0.277752635660653
-0.0834931508376661 -0.1760407572448 0.0287548126292758 -0.0171145943161033
-0.165355550067484 -0.233020446074856 -0.197387807771901 -0.136982144055215
-0.309153384366531 -0.117784652071 -0.532256007382058 -0.0412936529096934
-0.329844426371899 0.0324397715084786 -0.629415774577045 0.20878285439529
-0.288705316382688 0.12054712139794 -0.550250081065403 0.363636055992569
-0.2552315926003 0.125629307240981 -0.449301440399983 0.420846592448312
-0.233400689991589 0.0845950642210848 -0.408210187217582 0.311085641682633
-0.214794386247335 -0.00461785658800441 -0.29182432321029 0.101323559185681
-0.128842698635996 -0.0839102979716772 -0.0887911787529899 -0.10931767817872
-0.0233312174689357 -0.0599626167664591 0.233039200037101 -0.0394667809818752
-0.0925511279563405 0.0515586758444895 0.383596746696955 0.2409647467323
-0.234338598334916 -0.0153552042870571 0.332476491973798 0.436750242823582
-0.283577336564075 -0.177866612071928 0.340989940213245 0.560036873082487
0.0895984679128987 -0.0793971281068071 -0.295781791856715 -0.599794038868363
0.0758073533991981 -0.116970852089696 -0.22209334698578 -0.49809204733008
-0.0613767989388671 -0.124728934737149 -0.307806064886716 -0.400790535097429
-0.140539484968132 -0.00273225848784524 -0.374401452549669 -0.056988740283909
-0.0770817467379345 0.0934549193900084 -0.000948376537452732 0.198641009004544
-1.15532170906619E-05 0.0912712388193748 0.353221929630177 0.0623137692936219
0.0414047918289829 0.0737414604321347 0.547194155137752 -0.183719459101068
0.0585476961258519 0.0476819338462952 0.630741056552644 -0.357109625388269
0.0601925887701631 0.0524825230520176 0.717037567855003 -0.361748330784671
0.0302327094696525 0.0640762562155636 0.751472667146582 -0.204432960161264
-0.00517265905544761 0.0908731780853694 0.646050188807473 0.0368927972576223
-0.11787777684344 0.0740030266749237 0.31706133669489 0.158390888486948
-0.127371320503562 -0.0677638799710061 0.0409081160293028 -0.0320843418723763
0.039153964463572 -0.114518855361406 -0.0527724632336572 -0.310602146122672
0.117747444821819 -0.0619420047393015 0.0976443031916258 -0.63832614580103
-0.0491841816947086 -0.299933268533553 -0.247125090702103 -0.566679740094325
-0.0887121540595334 -0.255658033030065 -0.131199570316674 -0.477397506367148
-0.216090630343362 -0.190191609046265 -0.220852950467732 -0.473107679573322
-0.266710953067431 -0.0487423710386169 -0.366886656987894 -0.139515842227142
-0.247431791468201 0.0540715575681441 -0.0612080064801849 0.182332713123103
-0.202386617674056 0.118970992299196 0.300465516926704 0.10006739134053
-0.169476833740189 0.172994367576177 0.527796600700566 -0.126609211869809
-0.172140884821422 0.160010171837877 0.604618581470859 -0.303644856875651
-0.195141635785426 0.185165716894642 0.670423483426472 -0.3385438815028
-0.286467168390705 0.121697297295483 0.719761928619976 -0.212580103290052
-0.317123401654721 0.0152161703246687 0.653242986601595 0.0192145852175281
-0.365074401728852 -0.128656977364163 0.32784172645309 0.158112771128692
-0.271161886728524 -0.312625755512158 0.0401417681588146 -0.0119671832601914
-0.0354866614843469 -0.393687537708214 -0.0659014555857311 -0.257286710537889
0.044248590084735 -0.37116723540733 0.0466352586884041 -0.520302397077697
-0.170774398230515 -0.508222906835901 -0.171315555173434 -0.460396669584988
-0.255428346069577 -0.416741282919093 -0.0205341543170921 -0.445827931163554
-0.382632356460168 -0.274215973125462 -0.150069948235176 -0.531881381026553
-0.39903254221682 -0.101115302564889 -0.35348527887352 -0.196249275147308
-0.412041935323611 0.00353330164563538 -0.119051130844845 0.159537698157583
-0.398718160749898 0.120771423920258 0.211829472166586 0.122760832786098
-0.368349332461342 0.243288916456917 0.431184877165985 -0.0552410332557477
-0.376885291266786 0.251299883781994 0.486131089270349 -0.202001804129288
-0.402407142687301 0.300412729794021 0.525310157500795 -0.257351151057307
-0.541477815938826 0.201528644005034 0.586077166513437 -0.185509498181648
-0.583150398309592 0.00265226715949492 0.575337732718467 -0.00842733623003635
-0.596371951536009 -0.239765404451106 0.31863081428886 0.133382315891075
-0.435922661301165 -0.465420503753233 0.0752613463838625 0.0319760844461531
-0.159314291387913 -0.586292385510078 -0.0403221603670079 -0.119636909316633
-0.0691078854179696 -0.611327606961309 0.0130125988190452 -0.299401491557662
-0.247066785505862 -0.653246686932313 -0.0790435651177767 -0.276771576993441
-0.364084303634893 -0.5524777910025 0.0984203320493894 -0.383530522238051
-0.495993293595021 -0.374493211713482 -0.102183955552212 -0.555019877490912
-0.511246073576423 -0.192167715560223 -0.342728097251488 -0.226250272160339
-0.568821537335806 -0.0695661926173129 -0.184419747253002 0.131183432611787
-0.573410481095033 0.106073379664664 0.0808954365523784 0.132369800316339
-0.527087345830604 0.282074900457724 0.260916589324267 0.0206234131740099
-0.522547867189276 0.307665857439108 0.294365813482101 -0.0660142394070413
-0.530377273063957 0.368794021359495 0.316435852548219 -0.123469345405594
-0.686012858362295 0.260271810782295 0.384107595641033 -0.108905808453748
-0.731091693790546 0.0180998415785361 0.421831952802495 -0.0172791743640662
-0.718009168331461 -0.260962310501559 0.279255462450124 0.0961437608217982
-0.542773594330842 -0.484440844706225 0.141884338748082 0.0768269049459188
-0.287744733834082 -0.638441324822363 0.0448044917389149 0.0582424889115827
-0.200716195808742 -0.733139185590824 0.0254504772651282 -0.0279896191293767
-0.267024610922499 -0.700966637345112 -0.00633520678392837 -0.0395629513283831
-0.371880151568179 -0.602801077183336 0.177847927379545 -0.261288356261931
-0.492218458289741 -0.459927207352826 -0.0675880039250698 -0.495133413485505
-0.549744297978197 -0.318719871673043 -0.316240809116565 -0.225082905237663
-0.672667203044739 -0.156402048615291 -0.265827934157683 0.0793298893194848
-0.692864750974215 0.0771523015990887 -0.101439071551325 0.130185390118417
-0.622742677585473 0.286881999344704 0.028067060172311 0.0980169450586146
-0.589056789979201 0.31819668286822 0.0631671222511476 0.0808037431633455
-0.572564730720992 0.366948613700021 0.0833102622908038 0.0321141585019872
-0.704920613274974 0.251010452512024 0.158833893799961 -0.00490110564124545
-0.721968750550999 0.00489045315466258 0.232165757116519 -0.00780519530598819
-0.663481206811449 -0.245856211756555 0.226416522741014 0.0569053509450422
-0.526634409378148 -0.39545924537797 0.226410321561046 0.113813319704184
-0.363065496304402 -0.552660144129874 0.166607202000982 0.229225559267174
-0.304261054489991 -0.728324419852001 0.0791230095766419 0.237290312403651
-0.242722472951051 -0.634270811399886 0.018663004019564 0.214308352567969
-0.287127082541194 -0.545326725841746 0.188958332993222 -0.0736092368614227
-0.374698367089265 -0.483399630809807 -0.0326552941728996 -0.346823164597786
-0.486805208909761 -0.415920781884572 -0.262614767053216 -0.20924637288939
-0.674454087222089 -0.224752156931374 -0.365389257483656 0.000872387528265004
-0.705876515312223 0.0398342629989437 -0.321565130878119 0.119390203787268
-0.62180107840124 0.253933508668805 -0.234577678665637 0.172903343280536
-0.569469889768454 0.280370103600219 -0.17337076992191 0.214764538997457
-0.531295695702933 0.295485806476888 -0.14321560145402 0.164717982396257
-0.609101120412683 0.171135440598922 -0.0532026504556178 0.073818999294008
-0.573140053012845 -0.0497338633804991 0.0603643975770617 -0.0178412951017046
-0.461218066343602 -0.213511300556317 0.195290344109269 0.0140297104155171
-0.398942975815119 -0.246518051147478 0.309732045272728 0.153475257178852
-0.367031408739704 -0.385676768278302 0.272799003947177 0.365104902560846
-0.351342192707998 -0.622845056368442 0.149613206364549 0.451011530280279
-0.196670758284511 -0.461046260019246 -0.00259174392972268 0.44003899826205
-0.175279138452087 -0.377949971998144 0.146975679681952 0.137364263004
-0.209548138371968 -0.392754227383297 0.00448219562865822 -0.168848642231685
-0.339251087306287 -0.402481172941306 -0.209755324191194 -0.200150886455878
-0.542484257812926 -0.228599576097143 -0.473971562654906 -0.081944091776386
-0.585661591042669 0.0140067059984845 -0.540683741927471 0.113623122357912
-0.514882454565009 0.183172890874689 -0.476419557496434 0.241865257548549
-0.463406760172395 0.196796509386108 -0.382178943822782 0.318390810211538
-0.419548555462047 0.177160106575123 -0.332223550066807 0.245951316147405
-0.435684494184396 0.0565675667394979 -0.218449891462169 0.094290685645588
-0.345662917334387 -0.103935891250405 -0.0457926668139592 -0.0645927557638978
-0.2112368625857 -0.152596447211558 0.209906938067695 -0.0154678243600616
-0.238925252961149 -0.081667097592059 0.369306263762674 0.215565697870635
-0.322342513754888 -0.200059030746208 0.3170886479828 0.4547810150415
-0.339985288327259 -0.450387173947776 0.217682806796558 0.592017719408328
-0.147754084997644 -0.209408911844287 -0.043254938714561 0.592339556752876
-0.0830437029773165 -0.128531770815527 0.101360109315669 0.302588258181768
-0.055259194089413 -0.18937930693957 0.0297475039302033 -0.0315218018438128
-0.136251630624861 -0.258931658148236 -0.18936381341772 -0.200022795651146
-0.298072717648133 -0.16128040122618 -0.568796069192097 -0.128969110890758
-0.347982180445724 -0.0109443673426181 -0.699886926136455 0.127945588273015
-0.318764660351078 0.0795806006308053 -0.646920658834791 0.300176524927665
-0.287473682699688 0.0856390782860819 -0.532147607552684 0.374060372790133
-0.256734392938073 0.0457908311751 -0.467442157164334 0.266021778636952
-0.223225453329026 -0.0415082543784694 -0.314497323978239 0.0593562044349889
-0.117264875427065 -0.115371787199097 -0.0718533675155288 -0.125754628003579
-0.00972703594675259 -0.0658829817540374 0.25558556243266 -0.00521441886357907
-0.10250348864914 0.0460394946747689 0.373218716310045 0.302095129104591
-0.239801055683191 -0.0450444189594308 0.286878841757485 0.498366578826083
-0.264292831481041 -0.236482810391196 0.267383709864954 0.656250716123756
0.0825870820749891 -0.08726939112955 -0.34645728158961 -0.5764155271892
0.0661554100169506 -0.126582247795122 -0.262622638705604 -0.477644805313181
-0.0732631726281338 -0.119224352147109 -0.350813418745517 -0.368972954587692
-0.142381737088847 0.0104286089109071 -0.386487584906124 -0.0169548422791274
-0.0687379188490805 0.102222141942756 0.0146070740601344 0.20071071657892
0.0093906850811478 0.0914783683685582 0.357904249733339 0.0298756975598291
0.0493446776003246 0.070909259483014 0.529449213663007 -0.237613841925403
0.0631052451413173 0.0428685572478555 0.595897164854428 -0.418997704518116
0.0642974811232096 0.0467749555794917 0.685755845878309 -0.432393412848245
0.0355655257885717 0.0621244100686658 0.736818286544504 -0.276230337577011
0.0031468707765919 0.0902976297664571 0.652715910344585 -0.0214702314434418
-0.111933127100704 0.0848154860272329 0.335024139567442 0.133480687541756
-0.134827721790536 -0.0555677811363645 0.0344985536293422 -0.0305255564780001
0.0310117189263502 -0.12286579300165 -0.0847985209298955 -0.297851259134488
0.111370374243798 -0.0764914504701993 0.0396054154100684 -0.645619683143
-0.0771191102516036 -0.29498308212185 -0.295605340641672 -0.547826260084821
-0.111799440211707 -0.248845922436469 -0.168674722013818 -0.466456620663852
-0.234550140210198 -0.167822150127054 -0.271132086133031 -0.451159905701658
-0.27130356554507 -0.0238416651327303 -0.385772721928482 -0.101307892337316
-0.242088233487676 0.0794224507176991 -0.0465698851421477 0.189243020054194
-0.189662143362905 0.138607912733746 0.307938605864055 0.0731051107410003
-0.153417700745266 0.189676234234302 0.517574612539659 -0.179131609214534
-0.158194732058173 0.178016522062054 0.575713022144567 -0.363637344885423
-0.178684599060955 0.203128971030902 0.641385253162909 -0.406356441795769
-0.276395959752779 0.150606453820216 0.704609653870484 -0.284334635118217
-0.316047061942795 0.045226443700614 0.661568449292009 -0.0437883384009793
-0.379808500904213 -0.0957893071777398 0.345273855324857 0.133044796210659
-0.300931061486959 -0.286244994985075 0.0370711844810586 -0.01065874034332
-0.0685270926312032 -0.394034115008349 -0.0932230214693492 -0.244576688530814
0.0109899873707829 -0.376882820604882 0.00146908549465344 -0.520734888580229
-0.21665125324861 -0.490580421719777 -0.209832508780814 -0.450704088885395
-0.294087193943134 -0.39188232755669 -0.056529757893112 -0.447193239816419
-0.408367889046775 -0.234117702968785 -0.207094117708126 -0.517552417862915
-0.407728545381897 -0.0626619812895391 -0.377093201973069 -0.161953155820506
-0.41136180563656 0.0456994852684148 -0.104997584255413 0.171977331428783
-0.385753669416048 0.159912530229542 0.221201227500806 0.105586041855068
-0.346704145370297 0.279097303414481 0.429405634848516 -0.0987260325869993
-0.354278174935042 0.289402427765371 0.46829338654178 -0.25164597748269
-0.376087695886989 0.338232416548699 0.503740296662034 -0.308809885561024
-0.524660581136267 0.25448486753018 0.571938254867032 -0.244877875542392
-0.583849998856919 0.0585415168840646 0.579155303769868 -0.0670645294453587
-0.6228358222072 -0.185951783342227 0.333787412475693 0.109411252730882
-0.480048232441297 -0.420929849149596 0.0784367497685837 0.0291410391817358
-0.209954248563961 -0.574113798420196 -0.0550865479434506 -0.110569479756018
-0.12402286423334 -0.603919387080914 -0.0114047490566197 -0.298922210086186
-0.309023927205832 -0.631903851395662 -0.103184497926349 -0.274691881368409
-0.416146994846556 -0.515211649724695 0.0665267476369617 -0.395118057518465
-0.530807693123081 -0.322296983976229 -0.161265407960866 -0.547485454623065
-0.527426899316653 -0.143704489345498 -0.369257505250154 -0.194956869610273
-0.573174971002994 -0.011058773608422 -0.171489328410978 0.148327538201852
-0.562483086906803 0.16275098630806 0.0910202852708101 0.128944607898056
-0.504078929276524 0.331067900965191 0.26647912102975 -0.00592979367247856
-0.494448465490985 0.358791049097622 0.290142767713156 -0.0968833773720139
-0.497037190345201 0.418278862139998 0.309070926466975 -0.153312740888165
-0.663434630700857 0.327481327457544 0.377659102324218 -0.149140564462462
-0.731334859157591 0.0891074840690891 0.424271241519237 -0.0626842526524762
-0.746146563982278 -0.196808492127298 0.291776193472865 0.0769736513038094
-0.589954710711653 -0.429664093802743 0.151462646482889 0.0662020660592721
-0.342478323902296 -0.612644415864189 0.0471137666277703 0.0580171954520755
-0.265477172963088 -0.710694374059849 0.0254396764324866 -0.028234018388946
-0.333633509344747 -0.678790423008873 -0.0107366922946066 -0.0424798070522798
-0.428587948791237 -0.566489049980166 0.15570070365283 -0.280123625178927
-0.53509782580363 -0.40852042426126 -0.118561695389727 -0.495525169972793
-0.578489406868203 -0.268647117021012 -0.340110430515815 -0.200106840521243
-0.685457913664665 -0.0910555231757051 -0.257828551338456 0.103623392595937
-0.683959184363326 0.143837092670169 -0.0920941733373989 0.143506246115613
-0.598983991420277 0.3448037668497 0.0395629186495326 0.0930463137702918
-0.561472805496005 0.373739860083138 0.0727552354132447 0.07265141391485
-0.539742098048415 0.41915091228984 0.0911144000718789 0.0248375543174423
-0.680785340656381 0.31977311844232 0.160219166481974 -0.0238213963170057
-0.723155935561718 0.074225503505278 0.234379892064136 -0.0354878054711597
-0.690887471666055 -0.186588568716367 0.235944129257625 0.041045896084113
-0.56248083201037 -0.342246484818686 0.241451834287856 0.0931218322615185
-0.409622943315696 -0.518339383786769 0.186026639504501 0.215713696205953
-0.367661622293993 -0.696752412428958 0.101853413261083 0.232559029728762
-0.302900349927784 -0.613719775644029 0.0358799096880366 0.210365303278464
-0.337757917143 -0.516061993581447 0.182376038802267 -0.0935850514394041
-0.419796217576066 -0.441639185140151 -0.0685696178470597 -0.351578825661289
-0.526550797827092 -0.374004648132965 -0.284499928547348 -0.192347949296017
-0.692931761393058 -0.158343928892935 -0.364824407660215 0.0335112883766145
-0.70029474625261 0.11092817393445 -0.314333817925593 0.153016051336353
-0.60264524648689 0.310101137838229 -0.217722180471715 0.19447507916711
-0.543374722469844 0.335568470621344 -0.151312806258465 0.230036123229922
-0.507320064283867 0.343628017936916 -0.121382517074978 0.179936059311047
-0.593175200741115 0.227869050902091 -0.0449862944284395 0.0758598891697468
-0.577081542618863 0.00315060840141621 0.0599435806962887 -0.0284182131563497
-0.482903320279741 -0.172514726080323 0.2003247299654 -0.00160321551593054
-0.419410580854165 -0.20419495895241 0.329433142667526 0.123229141099498
-0.400093449827384 -0.348657226735698 0.305149743084513 0.339619751806709
-0.406905009532465 -0.587165242246909 0.191894071869418 0.440872916433599
-0.242706720717301 -0.44437125393953 0.0339496238236138 0.441481275056154
-0.210202352824142 -0.359720002834507 0.159779367146693 0.121579979555099
-0.245516987251911 -0.369041078134383 -0.0128791973891519 -0.176700494910527
-0.377325066095298 -0.372854603958028 -0.229309586260719 -0.189535862425063
-0.563048118586093 -0.175563715077905 -0.481298785708944 -0.0399413727518908
-0.583096947542591 0.0724159091697679 -0.533737126582703 0.167133699234707
-0.502273540406324 0.232173437098576 -0.456253729380866 0.288163947614046
-0.444043378782238 0.241975921480808 -0.351466142691618 0.35372315575449
-0.404958982952935 0.215781956272578 -0.305128084171575 0.279159573372787
-0.430240212443762 0.0970353412463006 -0.208781749886483 0.113044825530713
-0.354601473576167 -0.0728437530936097 -0.0514361810293387 -0.0642777628139899
-0.225240827330945 -0.133875375440354 0.213878440555801 -0.035597002052731
-0.243149816226281 -0.0545416815532473 0.394686432518865 0.177771840648052
-0.33797559689226 -0.166096429373767 0.359194812861904 0.423238767387178
-0.379048532786796 -0.416524597001671 0.270366918073819 0.576340152255151
-0.171428930321016 -0.195534914139422 0.00737165710973616 0.600491229038367
-0.0945146598571767 -0.119225416051057 0.128966922576167 0.291743811340372
-0.0724840582085808 -0.181396823322061 0.0267925054149136 -0.0425463704009839
-0.162345287959099 -0.247879258718965 -0.209260650658121 -0.190363875885179
-0.313385056496243 -0.133144777516002 -0.582239191565377 -0.0773668402921721
-0.34772190311491 0.0250512476160879 -0.691832755812676 0.19724561356606
-0.313222553841187 0.110456124844678 -0.621418994251506 0.366065509941061
-0.277871144023482 0.112895178570428 -0.496153967492218 0.424396905787609
-0.253864758482804 0.0684226101845075 -0.437236960848726 0.312794727001268
-0.226755557582696 -0.0218705630864605 -0.309760863074186 0.0891055834373309
-0.127189202197081 -0.106223215181346 -0.0841579788746347 -0.12247921657524
-0.0135979282950127 -0.0650150666896028 0.260973252001385 -0.0318135672599034
-0.0950625386987498 0.0594242530902191 0.408061451969823 0.263989641656611
-0.24280396979402 -0.0191287033326796 0.331689877453803 0.469343343750303
-0.285450021247404 -0.210387709212695 0.325394109878464 0.635735478325787
0.0741336595348957 -0.0893063934976557 -0.372615790390137 -0.5359028916297
0.0553046380851032 -0.129664518386184 -0.283437515075824 -0.445575511037982
-0.0797502703426971 -0.1112993158923 -0.369441987612406 -0.328034901336999
-0.13798004999571 0.0205470550435551 -0.379063057421193 0.0172526589807951
-0.0591700631139201 0.105110922812499 0.0241279691383197 0.193368258481116
0.0165071897054939 0.087045654631706 0.346184736973847 0.00391754529707831
0.053877873619744 0.0657038920192203 0.491191261093974 -0.267907991836843
0.0636723406911036 0.037800926131559 0.541918445294015 -0.447851307155885
0.0640236864863543 0.0399823161280436 0.630768718775123 -0.468166839027213
0.0378882396778859 0.0584726651755083 0.693274939731812 -0.322088492463365
0.00893071144902905 0.0859476126390792 0.632864385135865 -0.0653415782157367
-0.102375718800605 0.0903101059792046 0.335611546277436 0.108488216702858
-0.134649488662484 -0.0430987651753791 0.028220466347144 -0.0265796689820938
0.0217818031922593 -0.125404590513298 -0.103529559698653 -0.27343991591554
0.101044275886081 -0.0847996748140238 -0.00546106038871509 -0.623401537212337
-0.0948702171462966 -0.278466931155565 -0.32130988207133 -0.513190977730388
-0.125424438782493 -0.232779250968902 -0.19289376691692 -0.438666839371919
-0.237635346036763 -0.143995241072809 -0.298481557507153 -0.413574477059529
-0.263707151179481 -0.00278332878995545 -0.383839479211144 -0.0665742521518415
-0.22725380627453 0.096267716774731 -0.0345951654161586 0.186517162334986
-0.171275296745044 0.146943203870039 0.300808562762493 0.0507819610458015
-0.134298499166413 0.194955226364084 0.486736328380447 -0.210501217657011
-0.140218428943142 0.184496810259942 0.526815269604907 -0.394180599953941
-0.158667085738971 0.208837575226393 0.588747913402518 -0.439184300674991
-0.257214162163962 0.166734689803499 0.660596671393426 -0.327406178247664
-0.302668248972702 0.0673738349858641 0.636839826785781 -0.0927537105351904
-0.375089179897853 -0.0665831489456358 0.345474797447142 0.108721709858101
-0.310552579815322 -0.251212849491472 0.0334094326865972 -0.00843391647030482
-0.0927000149073539 -0.38017945171157 -0.108130023686525 -0.221425649380195
-0.0152933240140315 -0.36578833551549 -0.0334300573410562 -0.500713059970655
-0.244188398551205 -0.459368818496778 -0.231634545115869 -0.42439424007815
-0.311266805463886 -0.357543183197746 -0.080477600242615 -0.429534382724155
-0.409869075103596 -0.19396419751081 -0.241313132609708 -0.483925846329434
-0.396845373652642 -0.0312331727133799 -0.380588493870906 -0.127779796558209
-0.391386251029925 0.0760245284408177 -0.0907589441452665 0.173524136353784
-0.357592677569706 0.183625007920123 0.219051793645772 0.0898958928207834
-0.31605313678411 0.293300165243804 0.408497189340781 -0.128832631637834
-0.322044377653717 0.305239859514925 0.432401622368538 -0.278970039394079
-0.339569432521485 0.352969080607738 0.465123983590556 -0.335818548803677
-0.487517035582604 0.285681054384628 0.535457344359004 -0.281777069301446
-0.559478477647362 0.101311694220579 0.556994187343665 -0.111686037499168
-0.616726910910837 -0.13716876907964 0.333646190359488 0.0874509515523123
-0.492714464162874 -0.369211636308055 0.0778485969462695 0.0257209518517153
-0.238080236537138 -0.542281354510166 -0.0632744608238648 -0.0962387723188108
-0.159300124517141 -0.571539934050851 -0.0290741544353321 -0.284200585005544
-0.341104747406555 -0.586050321968305 -0.118380725551255 -0.262183812144354
-0.437150143208529 -0.465706645268264 0.0398603720355291 -0.389216486344049
-0.53210068497995 -0.268124168852854 -0.199529731029573 -0.518008296253394
-0.51628718658319 -0.101480972506875 -0.37515880049369 -0.162833329597705
-0.551296559223234 0.0327930229214913 -0.15563107203419 0.154636323487331
-0.527603920822345 0.19833891268646 0.0945199129165347 0.121754267089247
-0.463907554891 0.355505935337227 0.257811020326293 -0.0285490535271259
-0.452094804930811 0.383424884981544 0.272379687758488 -0.117248394692168
-0.449552323226217 0.439041666205369 0.290570860542783 -0.172441511981374
-0.616656330737998 0.366450580547866 0.354985855887265 -0.175009930233144
-0.698836874042218 0.140936414646451 0.406159423109336 -0.0971757454869211
-0.736868132106772 -0.13910345159355 0.29083959145037 0.0586363258460954
-0.596937069069142 -0.369316586718546 0.152149866139431 0.054591073097942
-0.368096479811977 -0.56814074052444 0.0468636646384736 0.0565215995377185
-0.302093792938311 -0.664465681731296 0.0248448208473002 -0.0264482509436078
-0.370204850555716 -0.630914710972388 -0.014705195441009 -0.0436597833730991
-0.450804136658806 -0.513502581657052 0.132767993709431 -0.284888415021669
-0.542607854937707 -0.348771091409562 -0.156305751268415 -0.472273872384217
-0.574614123205853 -0.217450708657182 -0.347298392075433 -0.171817979408119
-0.665684644906622 -0.036699078020837 -0.240796504372559 0.116981737155245
-0.645401768348983 0.190210966364987 -0.0803505760677738 0.14849430361919
-0.556934837724952 0.375071586633369 0.0459885989583956 0.0849247471336899
-0.514858213115251 0.402797648868126 0.0757734966327795 0.0619170265480272
-0.492116207584506 0.441551073597665 0.094278349811167 0.0155405797017187
-0.634417389272107 0.358470733726749 0.153844632626456 -0.0382624973200696
-0.690625616576734 0.122971632579084 0.223447799393952 -0.0580770276698531
-0.681722526115338 -0.131355103717014 0.234442971073105 0.0263087901557099
-0.562057883440277 -0.286977709990194 0.241393108755275 0.0720978362104166
-0.425223272968582 -0.470713271436699 0.191313235202202 0.197533648941972
-0.398628485192939 -0.641495522558881 0.115701561788364 0.220083240789546
-0.336590963560563 -0.570773188543545 0.0467399649294111 0.199017647414884
-0.360177384061544 -0.473722521456663 0.169705828736604 -0.106465685065545
-0.43455809246453 -0.390151411344933 -0.0969873794722152 -0.339506625112505
-0.533468710510945 -0.323609132280784 -0.291317307436326 -0.170699328569016
-0.679003710738976 -0.103382531517609 -0.349513961150896 0.0555289360736077
-0.664218494837707 0.159910334352808 -0.294303213622655 0.17331233609101
-0.560565267440532 0.345276923090609 -0.195435176813247 0.202437720498897
-0.499875120601707 0.361754803407524 -0.128582746649955 0.230969541133
-0.464558130130851 0.366681705860611 -0.0988695817571272 0.181287727648725
-0.555792309178026 0.263122208069435 -0.0377931718300709 0.074092441026044
-0.556800233856996 0.0448061718125817 0.0557334974901995 -0.0375354267222746
-0.479975426466374 -0.134710857277593 0.19804373494324 -0.0141145392838665
-0.414199345597424 -0.16267158598656 0.329402943101693 0.092953102990581
-0.40479906770212 -0.305725336958514 0.315821728912609 0.305874159110311
-0.430065443003968 -0.533646650404013 0.215575406486154 0.415368676562104
-0.268618504549797 -0.411068181367862 0.0611680071034692 0.423197838542564
-0.227102099800085 -0.33032699653056 0.162040225418139 0.103413251300726
-0.262180275901668 -0.332366776042074 -0.0292259315474271 -0.175916474364307
-0.391586791519272 -0.333477623820034 -0.237480043960303 -0.172998961498765
-0.554298733076707 -0.128753692807543 -0.467465462086164 -0.00573029217023053
-0.554398239833109 0.114171645124568 -0.504572990921797 0.202547176391565
-0.470275482709822 0.261835279083643 -0.420016589087201 0.311842205217827
-0.410920134482228 0.264939941617893 -0.311329241791816 0.364306212575338
-0.375924426101607 0.235839167631535 -0.269097116371823 0.289646674005073
-0.405536498036574 0.123432772252888 -0.192996645724902 0.123069490707864
-0.347033734804707 -0.0461456805654112 -0.0547465365279087 -0.0627804504279275
-0.226646250572129 -0.114318408207877 0.207979307710697 -0.0508332700724111
-0.234180861340852 -0.0311040906956664 0.397769393755733 0.140356185392106
-0.333123722977027 -0.133002174483324 0.374263958738917 0.382437839611526
-0.392846656002055 -0.371384836254373 0.300766574886141 0.541248085275698
-0.182208312481552 -0.17493416098981 0.0477597125290617 0.580648182764487
-0.0987986634769247 -0.106789775614972 0.143835961739775 0.269609496572481
-0.0811177157985793 -0.166087807060143 0.0202922233060645 -0.0500175991873736
-0.175803231026273 -0.227621066178041 -0.217964434644895 -0.175476838381406
-0.310657487854615 -0.106271313126536 -0.569153613878679 -0.0331537934902687
-0.332064052047558 0.0507847919775866 -0.65658042635636 0.242255551285836
-0.296246912265887 0.130357998543459 -0.574277086991409 0.400204291548654
-0.260061760806951 0.128237853876864 -0.446597041959667 0.445715017776853
-0.240670012005019 0.0835161632242205 -0.394844225856179 0.332851158619935
-0.21919855692674 -0.0059659281591406 -0.292037054402917 0.107345737135211
-0.130010156399246 -0.0950948043109672 -0.09030678126253 -0.115123538814765
-0.0158972821153997 -0.0622841978258524 0.254284242993325 -0.0536862751168902
-0.0845134665206051 0.0670688485764136 0.417360436762063 0.221956502726142
-0.233541777173472 0.00178729342261895 0.352198157060835 0.427803507652044
-0.289447957178394 -0.180783699017853 0.356129535255029 0.593791693269416
0.0689514733756477 -0.0879405970551549 -0.372897921975601 -0.506018467131477
0.0487835780830754 -0.129322988125522 -0.284338006727188 -0.418876895891116
-0.0810190357851011 -0.104854784073028 -0.369023316852954 -0.298837525030342
-0.132832100623303 0.025589821228813 -0.36635689661601 0.0345316730374385
-0.052749258724369 0.10439428771616 0.0257501209733971 0.187608843934823
0.0199651707440581 0.0824103208144331 0.330141170581971 -0.0070583054151978
0.0550260767516005 0.0619602242440543 0.460128387623871 -0.27672430843725
0.0625830167321506 0.0350442947791018 0.501746805283185 -0.449932750550765
0.0616492601992399 0.0370734292989794 0.58891473841415 -0.475546523367043
0.0384627665167344 0.0564273807203239 0.656302876393175 -0.336008904392345
0.0106595144099743 0.0820902336142037 0.609012674814378 -0.0844309870104904
-0.0958980760937914 0.0908278729682493 0.328396596374443 0.0957213905843297
-0.129818305652565 -0.0357626153352978 0.0235539181155232 -0.021577791624592
0.0162139669492534 -0.125434901814138 -0.10719514340496 -0.251323646701921
0.0921826813980335 -0.0870925509190044 -0.0241475862613185 -0.597560928670836
-0.0991960273851796 -0.263022171889198 -0.323003866326946 -0.484944780575645
-0.127840862513381 -0.220067476261515 -0.197273298412672 -0.415308978336344
-0.232575851631904 -0.129355567187414 -0.305704027705145 -0.38320375135681
-0.253185089408797 0.00754972641979557 -0.374720163284281 -0.0458679834636926
-0.213662540315576 0.102891707179703 -0.0300172718509803 0.181546173991483
-0.157934393470991 0.146478869568192 0.288701739405489 0.0410378295293821
-0.121287978263818 0.191818732488421 0.458711893849589 -0.221397140843314
-0.128800244730613 0.183294858070234 0.489383874780725 -0.39664002839725
-0.146355764203334 0.205754032534913 0.550616604293757 -0.445170201928068
-0.240780012258241 0.171061973594011 0.622540613079731 -0.341300848676288
-0.288392691981614 0.076076392259524 0.610484967009214 -0.113560792269789
-0.363425165919481 -0.0504782828001577 0.338762012386719 0.0958321865171102
-0.305944713281856 -0.229077187621721 0.030126059516336 -0.00505676039372282
-0.100038780495026 -0.365707363905825 -0.11110037997867 -0.20181782520066
-0.0268151226533484 -0.350949565786869 -0.0467112426016709 -0.477588885064543
-0.248665466366388 -0.430084319864464 -0.23484614818712 -0.403815164256363
-0.308470880039114 -0.331373786493026 -0.0891297934540083 -0.411709551357184
-0.398144092698891 -0.16902609071638 -0.25386360520436 -0.455121362524836
-0.379884104435646 -0.0149720970241088 -0.374199925868924 -0.106605078658865
-0.370887281551032 0.0889847335346005 -0.0835727126908464 0.170172150334052
-0.334351930416361 0.189128116714072 0.211071657362399 0.0820517585703841
-0.292454843964568 0.292661467462397 0.386908524144106 -0.140259819498559
-0.298618893631792 0.307160632087735 0.403424645412205 -0.284505656737445
-0.313668298059045 0.349804429826414 0.436429694032125 -0.3406757900953
-0.457392148347805 0.293757890015671 0.504690630068042 -0.291627577226591
-0.533193105508543 0.11819003374888 0.53214256277569 -0.131561290402832
-0.598522028926953 -0.109436742949013 0.326232759256458 0.0755124451349961
-0.48247306906743 -0.334130192496238 0.0746601402176297 0.024088567865841
-0.245800672624848 -0.51660854286638 -0.0649227969358038 -0.0836694577448532
-0.170542670083029 -0.543047711285791 -0.034611460845501 -0.270202600150517
-0.3470071375013 -0.550675092049269 -0.122052896156548 -0.251287399787689
-0.432059658797192 -0.431200039831667 0.0261975216002096 -0.378527572044847
-0.516387302422748 -0.233668822551052 -0.216636838831423 -0.488791405649657
-0.497331367090222 -0.0784026416529641 -0.37096572171918 -0.142114058213135
-0.524851465461456 0.0523252218792991 -0.145571482007859 0.153551052517256
-0.496275052277227 0.208434100061747 0.09354983565472 0.117291179990036
-0.434652782209109 0.357359093724834 0.246710847761617 -0.03935967919055
-0.420590119815841 0.385408080952695 0.256171514190979 -0.123873529228343
-0.418174733296188 0.435677323435213 0.274833900792968 -0.17802447244119
-0.578905772616071 0.374495922336132 0.334687143002764 -0.183788790147051
-0.664347553379327 0.161916234419735 0.385435780102268 -0.114619831727101
-0.715699120655528 -0.108619985376275 0.285355994930412 0.050138803483556
-0.581208927917574 -0.330422501209181 0.148106005008926 0.0473951902889724
-0.368401788355579 -0.535802477993648 0.0449184562081797 0.0579415706267751
-0.307588122418041 -0.625361674694115 0.0256769833325803 -0.0242201708880605
-0.37605759787297 -0.591307547211218 -0.0170363158918969 -0.0439900535539388
-0.44912816551588 -0.474322541221315 0.11793938913808 -0.281006772647257
-0.530006320053434 -0.309436546465521 -0.17352728556976 -0.449655709036202
-0.55768697868447 -0.18848363412205 -0.344216095522412 -0.15438367960729
-0.636745149747108 -0.0103720318278618 -0.227555511097987 0.118653597225764
-0.609930076392826 0.205270246822278 -0.0737482327650118 0.148934363996453
-0.522691901283515 0.380685715583665 0.0477639337330812 0.0769275910892351
-0.480922507292268 0.404722889616113 0.074485438424952 0.0546257758730832
-0.457552940449513 0.440614168767457 0.0947946992525438 0.00914159469381725
-0.595554990395872 0.366818004411786 0.14638909879362 -0.0447374438752343
-0.659320544722456 0.144423747442778 0.212002534975281 -0.069142419039358
-0.660957201960172 -0.105171578703014 0.230421200964851 0.0195785276906249
-0.544656242828057 -0.252096649783684 0.235908744188526 0.059680971417792
-0.417558367029351 -0.437323315953253 0.187975618474603 0.185120595495217
-0.399769575651606 -0.601221354242632 0.119735837951311 0.210300296363779
-0.342532422279999 -0.535390510513723 0.0492684721594298 0.189132641849387
-0.361003457548883 -0.438860336048061 0.158805942944742 -0.111067915189281
-0.426688138754953 -0.353532546351104 -0.111036655181464 -0.325062112722957
-0.521719252265955 -0.291549792882801 -0.2909278731641 -0.157390127064495
-0.651884128254695 -0.0744819647289912 -0.334223671013884 0.0637317832858516
-0.629904999140313 0.177585522508394 -0.277607704677697 0.179524387813055
-0.528901538911486 0.350385795136534 -0.180876435731252 0.200019604754543
-0.467772876656142 0.365496411310033 -0.11544526000647 0.224161579765329
-0.434837535052843 0.36696312011899 -0.0843634909859013 0.174456214526358
-0.524139336584233 0.27247901930701 -0.0338161581922545 0.0705174666027198
-0.532129425881392 0.0625517496582233 0.0509694613993384 -0.0429467181178805
-0.466585764538072 -0.113609857772887 0.193554832982997 -0.0199175190202246
-0.399002959059507 -0.138672142858979 0.322575635485481 0.0744855319971198
-0.393069523368771 -0.278455761641419 0.310430270991831 0.284235572633322
-0.427257635960139 -0.495908081193965 0.221352211359133 0.395451106656049
-0.273873774036037 -0.38424055216621 0.0708897128620306 0.406638483256548
-0.227921251958338 -0.307819919621791 0.157623256351841 0.0914160447515342
-0.260703819239367 -0.304450257678669 -0.038869995277293 -0.171784661560803
-0.386517687803008 -0.307282386124901 -0.237630305044492 -0.162196348194838
-0.535312567536623 -0.105628338693274 -0.449432484442268 0.0080789448117268
-0.524737020363741 0.129520972743557 -0.478798559736894 0.21614406809755
-0.443521281525227 0.269380197486111 -0.393261510446792 0.315213068216921
-0.385728931606313 0.269510648028138 -0.285469902972522 0.360305993745365
-0.354185697189704 0.238600972047352 -0.244008100913847 0.2856988352844
-0.385540199058012 0.132217190693596 -0.1813983743339 0.123628245954259
-0.335036130545805 -0.032981740489796 -0.0559638343641498 -0.0624561766294972
-0.220500015385165 -0.102927415895997 0.201980108041966 -0.0581580234022298
-0.221254541053347 -0.0188639208187491 0.390067480590415 0.11654217962739
-0.320283484180679 -0.114806671955442 0.368736580235683 0.353708598251254
-0.387407744845803 -0.34237008673728 0.306459226044063 0.513319607493265
-0.182945037723811 -0.160704653311057 0.0651178631369084 0.557489297036992
-0.0970014546117648 -0.0979002036170561 0.145381986152222 0.251821534769599
-0.0815886215337586 -0.152801899978629 0.0147926960303607 -0.0537507804151898
-0.177362369596276 -0.211927323580735 -0.21782744374174 -0.16607538088124
-0.301963839179185 -0.0920806521071598 -0.548415957086038 -0.0129397662464692
-0.314560089234553 0.0609491374699453 -0.622054957657181 0.258699797851503
-0.280442437044113 0.137471214105627 -0.53784864789655 0.407510701804932
-0.244843598910605 0.131867210453212 -0.411733634430132 0.442974042095334
-0.228476770010854 0.0885386799209014 -0.363788605791165 0.330980641085525
-0.209903033290798 2.05378469437349E-05 -0.276222280227873 0.112049767933622
-0.12785314128274 -0.0874641057262791 -0.0911053712191371 -0.110635562449107
-0.0157942444651905 -0.0593156683940259 0.245420512434863 -0.0647334455189995
-0.0756314030598811 0.0693707474028293 0.412329356998834 0.195047387061259
-0.221491787428308 0.0113046033444159 0.348495005384887 0.398109602101886
-0.283866847042842 -0.162684821238432 0.361796895249596 0.562167778205535
0.0676628019627065 -0.0867280657784641 -0.368520243272961 -0.497140174430426
0.0464189508679453 -0.129584996287653 -0.282237951622605 -0.411891729626687
-0.0815523500806479 -0.103228103450314 -0.367318716184945 -0.285157220438008
-0.131273150679914 0.0271934440644015 -0.363196892431689 0.0440356498523249
-0.0496746946739722 0.104509768379297 0.0229361275258459 0.187268172961634
0.0207273184375936 0.0798184789573466 0.321896002586023 -0.00762685639817382
0.0558257562024503 0.0607383984289307 0.44706635458559 -0.277807054628551
0.0626553128239376 0.0347986831846308 0.485444537897845 -0.44788307236078
0.0602647918506843 0.0362915579089659 0.570504278431125 -0.473708937038287
0.0382670366785571 0.0559385280660848 0.640371270210507 -0.338574541678681
0.0112046507333491 0.0800890420080412 0.598977605688428 -0.0889482594067154
-0.0934491847603144 0.090280393975744 0.325585742031047 0.0933613156221983
-0.12696665396699 -0.0329378588229457 0.020152862103407 -0.0157978831241668
0.013878947681248 -0.127629849174155 -0.105829414172082 -0.238252199856232
0.0874585485742216 -0.0875181681581466 -0.0282969786992501 -0.585227712005467
-0.0987820060188328 -0.255945712314334 -0.320546900859352 -0.477906981206464
-0.126948550955572 -0.215812663638306 -0.19502230613812 -0.408256318254719
-0.229562743644897 -0.12362004825277 -0.306498480167943 -0.368767023485742
-0.247725206336853 0.011028277285544 -0.372594066857876 -0.0365822594826957
-0.207076908106428 0.104761564923787 -0.0313438466135266 0.181067921679926
-0.152012105445769 0.145039997188952 0.281604410491397 0.0404695719069574
-0.1161696913037 0.189768889287394 0.445556626090412 -0.224445139307263
-0.123241424327403 0.183294382625436 0.473895329814097 -0.396055850666732
-0.141403432189139 0.204366656477645 0.535292378929859 -0.44519263059403
-0.234218524355189 0.17238007551896 0.609079173550692 -0.34369498453186
-0.282859313551839 0.0781432859244074 0.5999127496633 -0.120775542419589
-0.359051775335094 -0.0462601650236265 0.336422649814119 0.0941084834236372
-0.30020319635787 -0.220751544879911 0.0268317236245981 -0.000866261003489403
-0.100712963211564 -0.362522011464129 -0.110529065520704 -0.190276901396751
-0.0291586645779032 -0.34425491330979 -0.0468034602520957 -0.467797838128189
-0.24630130254634 -0.419216609773721 -0.233938209960944 -0.398189681223809
-0.304820541128139 -0.322714905696817 -0.0903190070305089 -0.406349065318145
-0.390752924303398 -0.157188288215397 -0.258360508553631 -0.439686470639693
-0.370917185703989 -0.0093980956696459 -0.372903006205382 -0.0971675770295098
-0.360874927366275 0.0933528238129409 -0.0834204153892386 0.168753911013887
-0.323975394478997 0.187442442047724 0.206558442539955 0.0818746523595588
-0.285209070961883 0.290373996822647 0.378275656150602 -0.145535979960597
-0.2890683312356 0.305786981940935 0.390070849092472 -0.285017083391495
-0.304454723266236 0.346186743844874 0.42420242034703 -0.343272130162271
-0.445912518696544 0.294632204440137 0.492360004449961 -0.295901209196999
-0.521492849467209 0.123787176685878 0.519815298116169 -0.139564201844831
-0.590292602966557 -0.10094509374026 0.324718118466935 0.0743944390423518
-0.473226193357721 -0.321230751812181 0.0722341798420094 0.0261313018542877
-0.243745750511289 -0.508696455375524 -0.0643140802310764 -0.0754839615063847
-0.170117813772904 -0.530363782388489 -0.0335571985083912 -0.263825065181463
-0.343696232707256 -0.536796920610684 -0.121874158597826 -0.24910096781598
-0.425633042074898 -0.416581624464202 0.022561506185489 -0.374390568934048
-0.507105771074313 -0.218477369127059 -0.222615583296704 -0.474311750464511
-0.485720887119871 -0.0706587502865487 -0.370449201165324 -0.134828022428462
-0.510429840691119 0.0595262752569841 -0.142941636972261 0.151332463531655
-0.481466702626886 0.208138464615802 0.0911552746445341 0.11762622240528
-0.424080861046913 0.355033195208284 0.240965303030183 -0.0441886125733039
-0.408861605767806 0.384269689253747 0.247735598311632 -0.126368265830499
-0.407280650822305 0.431888732589287 0.269526849654441 -0.180968340465264
-0.563645873612531 0.374666590231068 0.325611837033127 -0.186391557243029
-0.649872091839763 0.166885835553159 0.375815624729763 -0.121432225052137
-0.706244604820867 -0.0982099617868654 0.284632346945597 0.0488907515329507
-0.568869512374235 -0.316012060666005 0.145029705204986 0.0458680321810969
-0.36401981162395 -0.524652899695618 0.0440864460360046 0.0613295580075999
-0.305224536698214 -0.609267944518166 0.027339996836946 -0.0225506115091463
-0.374734332494464 -0.576149797853599 -0.0183254102708313 -0.0452235965849201
-0.441899803791324 -0.460728655236997 0.112262915348638 -0.280050498508913
-0.518847542401689 -0.293576698387526 -0.181254804574333 -0.437572791598141
-0.544646168225168 -0.178982863577651 -0.345153946865985 -0.147887657472652
-0.62121543170237 -0.00190878043700716 -0.223038861159538 0.11768549879863
-0.593069548013392 0.207573658036811 -0.0714248894438018 0.149961498323592
-0.509749417141873 0.378788617185169 0.0465851977034059 0.0727897102261789
-0.466752461426764 0.404542484856017 0.0721707463772244 0.0505841601398179
-0.445858508597655 0.437628946634653 0.0955389960632651 0.00422116800389233
-0.580966678928509 0.369047915698202 0.142679555085304 -0.0477565334713487
-0.64265356481802 0.149637168267457 0.204623779237191 -0.076086936995146
-0.65207967629184 -0.0970237979366254 0.230400627856272 0.0189031901980026
-0.532701683615851 -0.238654005670467 0.23210050212748 0.0544488072285495
-0.41110735611386 -0.427810542611463 0.184450172913402 0.184206665572815
-0.394610376472889 -0.583259610745369 0.121264697238624 0.206999182949045
-0.342638937349543 -0.521626009859029 0.0485106005318501 0.184424778236679
-0.35482434322266 -0.42529916255144 0.153679260172578 -0.112850415972762
-0.419249066880801 -0.337781509042377 -0.117932121364658 -0.318641072233333
-0.514918332216053 -0.280293029055092 -0.291632844233173 -0.153786656601056
-0.638363679791339 -0.0667490251129114 -0.326612932016392 0.0633734684734897
-0.611971554168791 0.180792507188063 -0.271314885034172 0.181763252688955
-0.516504449905435 0.35179034550616 -0.176529571615124 0.196243390302898
-0.45529979725673 0.365234524221699 -0.111515646337584 0.219360526864833
-0.422758085340443 0.364702192088186 -0.0783658557594888 0.168840091423779
-0.511616613497875 0.274023942434371 -0.0321631649590584 0.0681184623698133
-0.522598753338606 0.0680980014301902 0.047514849142019 -0.0476116585164822
-0.46118749161091 -0.107126282989864 0.193852996173228 -0.0219082850656437
-0.385999948034869 -0.128836498358261 0.318077456873277 0.0665132411849324
-0.383117985018204 -0.269424200253761 0.305003365434846 0.277850362219255
-0.422594514326509 -0.479472180466503 0.222101675988133 0.388707832393401
-0.273476773613674 -0.372215036959432 0.0728484758416141 0.398316240633599
-0.224045759799422 -0.298513023474703 0.153835127670555 0.0863986636640612
-0.253622886809317 -0.291775000005393 -0.0443719750580464 -0.170280981491482
-0.381996782121821 -0.296784690728278 -0.238418543666295 -0.160299446521934
-0.525057781620887 -0.0980327932598687 -0.441643972306216 0.0100542539681577
-0.510880084342778 0.132466266534457 -0.46880967841012 0.219756855276622
-0.43391346815518 0.270279631404493 -0.382757037216304 0.315542594452128
-0.376092580808019 0.268380985478617 -0.277383940043849 0.355106245625634
-0.346393458719023 0.239132897271205 -0.233525999054184 0.279905560468029
-0.376649058398657 0.132442493222011 -0.175815014944083 0.122103054153573
-0.328315107590444 -0.0288099258441898 -0.057662149566554 -0.0640871735532579
-0.217517937520257 -0.099110129206355 0.201015338110194 -0.0619041619101652
-0.212822590246749 -0.0133738826013429 0.386250476103101 0.106521153253067
-0.31193542026885 -0.109547919030479 0.361286140510416 0.344601119068507
-0.381033326910696 -0.330550349775522 0.307074312342095 0.505380378001031
-0.183073149304558 -0.153816681045469 0.0699914646239624 0.546313585393667
-0.0945389445809863 -0.0944061007634819 0.143097132081375 0.244444274320883
-0.0783040253083326 -0.145299306973896 0.0106946704566488 -0.0564000226711001
-0.176203423629229 -0.204962433862346 -0.218278233051551 -0.16521665096715
-0.297559001464421 -0.0880947176038638 -0.538803025436646 -0.0074958757095965
-0.305480536165612 0.0635286115562825 -0.608262089965176 0.262744190681595
-0.273949657644194 0.139087652239441 -0.523021006408829 0.407943349660578
-0.23923115088824 0.13181901344726 -0.397762041645827 0.438295730607925
-0.223761394108049 0.0886697273834543 -0.35001241974271 0.325742595767389
-0.206125862695594 0.00166782688695573 -0.268594874901644 0.112265369579894
-0.126747587900327 -0.0852948605407157 -0.091965887531741 -0.109877211542483
-0.0142605635749986 -0.0581927601346233 0.243599024759382 -0.0703114124621504
-0.0705308262957046 0.0708214213383441 0.409520795839592 0.182269359605327
-0.215609415668224 0.0147934451957099 0.344309717598638 0.386921959801016
-0.279818692296878 -0.154845974801958 0.360898493632768 0.551883772632784
0.0261947969812669 -0.0963892869479931 -0.554392136728757 -0.307618341906798
-0.0125708662248937 -0.129596882311076 -0.441019234780033 -0.254243661446264
-0.117180218932326 -0.0542950866567809 -0.462659236233989 -0.0908864393260268
-0.10151562263857 0.0832520276373191 -0.314329949559954 0.213200899661122
0.00157594109310979 0.113151374069585 0.106706996924912 0.167949222130053
0.0506960355763231 0.0609976184782729 0.289955099517797 -0.146317895076756
0.0773751431806631 0.0310811574143457 0.284794109889206 -0.450126788779681
0.0701211399617443 0.00811812312348908 0.239261303054912 -0.621367831393813
0.0742338130434684 0.00847808056413521 0.30468705196799 -0.686637657542938
0.0604477960578559 0.032739144460608 0.428961358570951 -0.594295081061407
0.0462727623089886 0.066940915992773 0.502039508429068 -0.344340431907965
-0.0408899828171901 0.123412626980802 0.330478710862327 -0.0586387365421764
-0.130592381358415 0.023585961701657 0.0113907701705482 -0.021751397553421
-0.0465434861854338 -0.12935931615137 -0.186754430161479 -0.166028532283865
0.0376083148000396 -0.126989852689183 -0.270265593987955 -0.517848374803003
-0.194197565229781 -0.185188705937095 -0.510999150489143 -0.308632312413562
-0.204463296004786 -0.136563488549972 -0.36257894176378 -0.287517918654095
-0.259517701922276 -0.00998737739698783 -0.447400964138407 -0.184603050340529
-0.211350115994875 0.11834377011235 -0.364157761089017 0.147706345073985
-0.138432229384627 0.180677788379013 0.0516650704063848 0.19179494230398
-0.0778148551735172 0.193539216421737 0.274255669822878 -0.0782289198912076
-0.0247527463579313 0.222190663167646 0.304508852097332 -0.395960284510713
-0.0412222355472374 0.224436026383819 0.249181099022092 -0.570477088387589
-0.0409828719483348 0.249012393559082 0.280564846001609 -0.647503912174887
-0.140420061828086 0.258659289333609 0.391740275147789 -0.588901476227886
-0.227929460954073 0.193037413559764 0.485733135302481 -0.386974850822236
-0.341611087367406 0.117308629056517 0.339360368903282 -0.0849258973158292
-0.371854011432428 -0.0761993784055506 0.0300774380673078 -0.0202170564518931
-0.254910516688561 -0.296243245431995 -0.159596843922521 -0.126328711655504
-0.189518281244417 -0.31206822908371 -0.222167554790975 -0.406656750969815
-0.394687622567914 -0.277231110718655 -0.406951522979884 -0.269795923871902
-0.408973801587546 -0.160222762869135 -0.268732904197882 -0.327000609001176
-0.419017759127879 0.0260805925299019 -0.440139243756951 -0.262392365599249
-0.328989845902092 0.15144726206931 -0.397390508511733 0.0947276636737693
-0.279980285132361 0.233462882079593 -0.00401279820079556 0.20845893404115
-0.215233218314071 0.305576186830524 0.223520950910224 -0.00275140662977197
-0.134291671785229 0.384323908513226 0.272754488491935 -0.286588263662772
-0.143574282614331 0.408216692890358 0.22165776772118 -0.432213745668649
-0.132654649071012 0.449976997539367 0.224778927949511 -0.505376598454012
-0.282065726400856 0.463588028568273 0.299124086886257 -0.4953547219205
-0.431905739222513 0.33916022683058 0.397332786968572 -0.380015632963171
-0.577927518402472 0.167334062358724 0.31657154399976 -0.114735923959545
-0.574257346312726 -0.0940891495348933 0.0850518265907315 -0.0258878346025486
-0.448545604913416 -0.366403677449706 -0.061938452802488 -0.0495669768975488
-0.405396070034206 -0.418485513286382 -0.109263373282645 -0.230939434381531
-0.529647198638771 -0.349125571420403 -0.246382861405989 -0.178527819684124
-0.55747344372091 -0.196385601329868 -0.1571650315645 -0.344549859277143
-0.548912205707097 0.0191414615127286 -0.429657809301564 -0.306790276630319
-0.457867359977024 0.144413484126201 -0.418706918249242 0.0611736414330131
-0.428882099192187 0.266479018983061 -0.0694534531841757 0.222656993881767
-0.348211708093039 0.393305662584259 0.132819016336369 0.0847835406288167
-0.233905091433402 0.501791049971661 0.190062260075037 -0.129102543363945
-0.221349827437692 0.531338120087717 0.161729889772013 -0.224728931445663
-0.191221685294495 0.571873506322442 0.153637789207703 -0.291129686629009
-0.355835502940948 0.588991399492764 0.19309031898944 -0.323594289020536
-0.531953503636104 0.434550197708586 0.270192046339419 -0.305294386194775
-0.681619338503519 0.22026454657775 0.265571983838864 -0.128497817720212
-0.660252687325744 -0.0484500062785024 0.158420290769882 -0.045800560784125
-0.563683692111507 -0.326596487086157 0.0947900132486784 0.0218165980728335
-0.566276328113419 -0.427584830786865 0.0558852961250506 -0.041451668427556
-0.572927267210272 -0.37636012625015 -0.0662723712206076 -0.0339729138347867
-0.588482839127375 -0.232510505422718 -0.0360496820236401 -0.296974996950163
-0.588883192961665 -0.0459697453116089 -0.380310867803268 -0.293562760017611
-0.555362968779816 0.0726054697078819 -0.409144846058591 0.0348269245534353
-0.553980617834921 0.25829959279574 -0.16094651709131 0.229371852673088
-0.449208813086482 0.439947901983521 -0.00278968752203755 0.187752674986191
-0.302635319318572 0.559542605314882 0.0619121326992363 0.0669570780583854
-0.266540019118653 0.573571217478436 0.0800386197871356 0.0143140984642737
-0.22687515234151 0.593202805320708 0.0785467761856427 -0.0464796457329808
-0.374715617647802 0.589016937675828 0.0891453128573478 -0.116231115932689
-0.535437628430505 0.416701213061472 0.136235864534782 -0.188178593143261
-0.633327563570242 0.198135900985572 0.204444019624832 -0.129965736314659
-0.588901378192529 0.0079277226136997 0.237228294318071 -0.0761597970867929
-0.563037359110811 -0.214349430812751 0.268889506632831 0.0698344043132113
-0.636560220522437 -0.360112283378083 0.240306602499944 0.124373607498752
-0.520824453285207 -0.341485903111449 0.0956339843818693 0.14936940058793
-0.49511298801412 -0.240438465902792 0.0753782099084623 -0.163950028890274
-0.513614963849974 -0.128700034598222 -0.271514508527246 -0.219462504724557
-0.570411662258983 -0.0312466905338926 -0.365819341204656 -1.79644718590491E-05
-0.597955366847333 0.209878549668773 -0.282497836721887 0.225215468667462
-0.474911110638749 0.424982236836785 -0.170760778979375 0.303638336565975
-0.318894873351549 0.539094568574342 -0.0860149435821097 0.280130271307125
-0.270371806588496 0.531720041406744 -0.0109484448484986 0.249794699446872
-0.23764603364513 0.517641829355726 -0.00477592608759527 0.180974468650292
-0.353031309182752 0.472497672887023 -0.0145683736144346 0.0676197763038971
-0.457082691875847 0.286817353 0.0108235369805868 -0.0878878844451803
-0.461732712347739 0.102891497721434 0.159908197153704 -0.140291751855485
-0.405466025203967 0.0488322164438985 0.317282307601516 -0.0979760389384318
-0.468127127623033 -0.0767476166579721 0.408855424544432 0.10389719203225
-0.614393491419657 -0.247220911659935 0.406065109695999 0.245797788237577
-0.396121306226473 -0.236397227791016 0.217776851046133 0.336451161474821
-0.323175570214196 -0.180959209049642 0.167964888477151 0.0153657123941951
-0.346132193204658 -0.156629921722379 -0.136003002751119 -0.126393698023005
-0.463163754518954 -0.100981499025807 -0.316878975489093 -0.0370047569806216
-0.509585826993954 0.134960207580662 -0.408454679897906 0.223368442731992
-0.401066657859465 0.340623427931443 -0.333496553947668 0.421199112743108
-0.279976293805898 0.430790860478819 -0.219379664866388 0.476086591407759
-0.236283873249159 0.407181456432965 -0.0979459626847857 0.446699657317035
-0.221278050031988 0.367252030489759 -0.0925663783804709 0.352166592670953
-0.289077354723737 0.284094714037473 -0.115187084863819 0.182198839736193
-0.319703829431407 0.115324354537536 -0.0848837007565729 -0.0494713941504326
-0.236392964684113 0.00296264176096369 0.15526167917945 -0.165024273774682
-0.194488621159777 0.0825006005754094 0.392860144514293 -0.0863905663328141
-0.329230271033397 0.0412938749415267 0.480043720836942 0.143410712115818
-0.505374895485931 -0.124563005461894 0.52378662689511 0.315774840461329
-0.224364173792874 -0.0727085097158218 0.289053244654579 0.476779242472146
-0.123120453418121 -0.0516814884295676 0.233126776672035 0.16147184330857
-0.126765185484972 -0.0987012144225528 -0.0262584466156548 -0.0550663038367711
-0.241556222442476 -0.104589509911371 -0.290490783099879 -0.0563788340719248
-0.299549722317796 0.0502402633410645 -0.500916672994259 0.242533750492093
-0.243334436123274 0.191429764572055 -0.436356689398223 0.518678973048164
-0.189218567770816 0.244136076160549 -0.303498093314342 0.61737082623883
-0.164060980102199 0.222007042603412 -0.168988282147345 0.576830157378117
-0.17175197820759 0.17847310576906 -0.173411432392411 0.447124127456861
-0.189810122636342 0.0893035748472188 -0.19631598775239 0.215583684241036
-0.155803079419702 -0.0256278948655743 -0.130798992288939 -0.0669721502255726
-0.0335162338320742 -0.0488052998252379 0.195152612397578 -0.178295106620016
-0.0274536314808547 0.100612537552312 0.446290517580367 -0.024032872419477
-0.186960330394743 0.113966426718267 0.474391090678072 0.19288707764296
-0.328985733910405 -0.0083608268718303 0.58158417642157 0.340652435443838
0.0238482311242632 -0.10098651826625 -0.580745023828444 -0.300777924372466
-0.0191528174641635 -0.134006113407208 -0.460559947427174 -0.248814155748148
-0.123830201187779 -0.0519943319301003 -0.476428484946992 -0.0730424419357358
-0.101183195121259 0.0903641619112968 -0.314443385154047 0.236158933160437
0.0066546998916672 0.116222640012822 0.115245730521831 0.173803317399458
0.0538491365794934 0.0608051824417439 0.292187997399908 -0.157386342406878
0.0816117651365849 0.0291815280543359 0.274104984566484 -0.470235455511563
0.0743075578396724 0.00579431840907936 0.223492468847203 -0.6434136504803
0.0776425544782308 0.00683137218354314 0.285578551740263 -0.717922423636266
0.0636473261189109 0.0320112922641328 0.418523433938309 -0.62620064052954
0.0490668401179431 0.0666517344403016 0.506710027089821 -0.373097701376625
-0.0373744473326341 0.128952801391995 0.33978464284241 -0.0711814233998342
-0.131922609742617 0.0282451483443657 0.0121140593588948 -0.0150117916654448
-0.0545446391271298 -0.132453897865675 -0.191032119295267 -0.160529007790181
0.0320616561765071 -0.130924030748286 -0.295995547788614 -0.52125678091917
-0.205314495688303 -0.183906858188474 -0.536553893417078 -0.305631690909664
-0.214738223931008 -0.133663937491685 -0.380858276256838 -0.284065268521774
-0.266577165198439 1.23355245873757E-05 -0.463886941920323 -0.169712959629872
-0.211736158235209 0.129025969130439 -0.367843182271636 0.169896337565997
-0.132229307225934 0.189748013087656 0.0589445087674057 0.198911095567751
-0.0724558321186149 0.200953994671804 0.279391938645818 -0.0867800053278694
-0.0164709490720097 0.229014586610848 0.296003081862615 -0.416155680098046
-0.0324244197071814 0.233041711097188 0.233541166436576 -0.593031041013424
-0.0323290478345445 0.257154590011626 0.261519631348307 -0.674803335482729
-0.133699167110715 0.271631228767806 0.378412289537606 -0.619209891884
-0.226962535672391 0.205624321765612 0.483167150537599 -0.416803949863752
-0.346645702816818 0.133024970038961 0.34880612394745 -0.0981091051220894
-0.381272589561743 -0.0662062515288512 0.0301714767304793 -0.0154052085627097
-0.273872260949907 -0.298098088657915 -0.162107066256361 -0.119534594289955
-0.20449631821772 -0.312741262174667 -0.239932646277677 -0.410089662937892
-0.413604793353252 -0.271073948267054 -0.427905901970356 -0.268227081438849
-0.423738823320987 -0.150871079681923 -0.287830905997341 -0.327405240905717
-0.426799971793207 0.0439268382212294 -0.459319652782576 -0.249383515791416
-0.329963469137197 0.166668807468481 -0.406173589490203 0.116941883047293
-0.273547662282611 0.24969768824727 0.00248341144145368 0.216302522774925
-0.20886316297248 0.319102560026891 0.230982405502575 -0.00675989845994583
-0.123942559933403 0.400450051202097 0.267217933716682 -0.303997212702441
-0.132211928215232 0.424675001618379 0.210398682675043 -0.44986904093831
-0.118165937961988 0.46599608432975 0.209318832079053 -0.529515773580609
-0.271002965936735 0.487304478892892 0.287981696912587 -0.52145732294347
-0.429541458430958 0.362998094866755 0.392057640222076 -0.406825927206622
-0.587842654439796 0.194077079290453 0.325680021893514 -0.1280847964667
-0.590059346458371 -0.0790300096282768 0.0861303613886083 -0.0237111023104542
-0.475160747212364 -0.364916970053497 -0.0607030772544664 -0.0442293870053249
-0.426589650815511 -0.415072570386168 -0.117287177895398 -0.233478677493457
-0.554427801167537 -0.340450319675466 -0.261353367385281 -0.178719471834531
-0.575958684627351 -0.183457278397884 -0.173710284185637 -0.35062368876239
-0.557722977252029 0.0407607520051588 -0.452663685101179 -0.295496384196906
-0.460555874167932 0.163798158231385 -0.430093256792849 0.082148362537892
-0.425455358843833 0.287424330961678 -0.0641203671791287 0.231631853856597
-0.341453635208493 0.413524090503902 0.14133836194494 0.0860371697150977
-0.221595498195173 0.524398088861935 0.186912832578462 -0.139774921515657
-0.208821949602006 0.553311277695377 0.155900726048672 -0.235185261153103
-0.174233379844089 0.592886697836463 0.144284677818066 -0.306918847981939
-0.341506563265591 0.616630628246225 0.185515130021608 -0.340330165762735
-0.528600542244434 0.465425280815061 0.262206897430816 -0.324974142355272
-0.689906323543479 0.252854871264751 0.272371921485616 -0.14107805463602
-0.674239065824933 -0.0285616819379696 0.159790630648611 -0.0491473525420484
-0.589974971597419 -0.320195514803184 0.101192117907348 0.0228381414666718
-0.591218434642802 -0.419055845969696 0.0591138597017354 -0.0448025719507695
-0.600362063792311 -0.365721108173573 -0.071551956615767 -0.0346834576493108
-0.60927290140688 -0.21901504030192 -0.0490648322767778 -0.304916583365473
-0.598907614342833 -0.0233079274621476 -0.402544690252003 -0.282960653918982
-0.564977955871356 0.0921821600835314 -0.422601971584385 0.0529161680858286
-0.556782437157503 0.282977967991138 -0.157979559242019 0.240269745573921
-0.443216791779031 0.466041339655913 0.00479318107151743 0.195732498420498
-0.290689563721894 0.587377169731893 0.0634749248668061 0.0662407797962632
-0.253876121851755 0.598807717353621 0.0809765551197561 0.0124272829436752
-0.211174652753572 0.617064794264584 0.0766342813758671 -0.0536946967530572
-0.36239394020999 0.619244612302333 0.0862611647821264 -0.123807855276472
-0.53251133040005 0.446041908751616 0.127283281704895 -0.200733504078795
-0.642041682546476 0.227103661684973 0.209659081004377 -0.141805853114025
-0.600348372122946 0.0264390813549018 0.239915836007808 -0.0852261396848373
-0.583339069910419 -0.204190546134568 0.279223335388812 0.0650828081912359
-0.661645132897116 -0.347181415222238 0.254167790724951 0.120129539765116
-0.546347068858595 -0.331627121761975 0.101670776530612 0.148524917878963
-0.513957903053405 -0.229262907295158 0.0701927736871406 -0.172106358120907
-0.524628177392239 -0.111351587923711 -0.288704324357389 -0.213588703244244
-0.583748990745842 -0.0134417737676847 -0.380013382557717 0.0139793689357907
-0.602504487306433 0.233090670251692 -0.282935698758956 0.238034078369429
-0.471177977448149 0.452506465473799 -0.163744166452995 0.320224389713441
-0.306875064162841 0.566450147466973 -0.0799780912312793 0.291318429446413
-0.258503628351351 0.557855283611312 -0.0029061699856881 0.257017250502049
-0.22590233916302 0.538935652054528 0.000562969796086658 0.182162369134802
-0.344073189272848 0.497413967793928 -0.0126899982193222 0.0683105581953694
-0.458070033160884 0.311619614110735 0.00332853673415205 -0.0931500529576718
-0.470338704930886 0.123372231845811 0.162093642841037 -0.152396463522191
-0.408879677980502 0.0639906109179819 0.320842576724772 -0.114274163842816
-0.480801062777037 -0.0650805844238074 0.423867766141497 0.0949096791015253
-0.636004382753583 -0.230930463550936 0.428574998924277 0.238405059128912
-0.415440487514812 -0.226249861961749 0.234456174027959 0.33690347067179
-0.336159085111895 -0.17562321699567 0.171051026601662 0.0096334352721902
-0.354117547534183 -0.147374374881958 -0.145575019502354 -0.123224852466854
-0.475611316039644 -0.0877745948464308 -0.330761764640626 -0.0276977168141175
-0.516921916933513 0.155792458661518 -0.413276841898349 0.240692839204877
-0.399302888788704 0.362600505895787 -0.32603933846171 0.445883983688107
-0.26969260974887 0.453443195919425 -0.207271898935888 0.498042233746706
-0.227279436730543 0.426677950408853 -0.0857743848104617 0.462201256287318
-0.214430044007988 0.385746378179673 -0.0824413310203947 0.36071489871606
-0.286459406055579 0.301374105194896 -0.111182609067483 0.189621368819754
-0.323192133175731 0.129218565919862 -0.0924236498897301 -0.0491622963930887
-0.242066742948624 0.0111939711029559 0.155454648377909 -0.179568594093334
-0.19143861456835 0.0909787912166988 0.399911834660829 -0.106559250281146
-0.334751955655709 0.0528613283786282 0.497150925227899 0.131116744005686
-0.521727306031696 -0.108224452479321 0.553554485142432 0.30727471732924
-0.233775253659067 -0.0638785823460788 0.314119226247104 0.477305206033402
-0.126639548960109 -0.0494273613739261 0.243636244410621 0.15780114204967
-0.128655329140816 -0.096794751718951 -0.031087084792999 -0.0556806061783322
-0.249585713590497 -0.0984221007754698 -0.303478019648487 -0.0485766599866405
-0.30583745750638 0.0619896613572594 -0.508423710157255 0.265137809320718
-0.241627108869085 0.203494898370253 -0.429933646133905 0.548430658994167
-0.184365890064419 0.2591902482734 -0.28732715477324 0.647018167097214
-0.161293033755079 0.233947088283732 -0.15169395377331 0.597202042079045
-0.169910173440477 0.188875395009005 -0.16242841279575 0.462888853706958
-0.192007372010471 0.0981372880881796 -0.193366301194464 0.226585647333124
-0.160240271113802 -0.0204850548856305 -0.138945706141928 -0.0653753552011309
-0.0352231171313537 -0.0502830029357053 0.194512790677621 -0.195917605477633
-0.0215309640900939 0.10573163727327 0.457822613222717 -0.0457132037495681
-0.186321798920022 0.123632128438805 0.491923497352588 0.183974122756779
-0.336160596608753 0.00417054326315579 0.611751408175082 0.330355335932658
0.0175842308953835 -0.104645621333095 -0.610503425554243 -0.272972731017618
-0.0293364381662062 -0.135699953032811 -0.482669186788679 -0.224714383105679
-0.13078698143774 -0.0445947814033841 -0.486110807807057 -0.0431278489858267
-0.0971643444921532 0.0988314314636179 -0.302507053389904 0.264617632617504
0.015040210840411 0.117805241153794 0.127641411220349 0.173781555897785
0.0573370520289774 0.0585813503802349 0.287617115087943 -0.174504407777233
0.0857568967529007 0.0242245513957289 0.247112943737239 -0.492481372957774
0.0772166824144393 0.00124117450996545 0.183406773765596 -0.663959845594717
0.0796261396605407 0.00246656912319035 0.242091077258589 -0.745794553199072
0.0667226525549748 0.0292622199568853 0.385924484463655 -0.662503515301455
0.0527308877481512 0.0642051989540529 0.493120585944388 -0.412053796539889
-0.0297821667666977 0.133376848018633 0.34250794769655 -0.0917653573691211
-0.131110433734169 0.0349089142310814 0.0135288269013526 -0.00849056986867154
-0.0662650428573627 -0.132653877631809 -0.197136897297597 -0.148846703353838
0.0237175438482891 -0.13297558276832 -0.328591124419958 -0.510346665096501
-0.2190592410993 -0.173763778952117 -0.567057734428291 -0.279904024392289
-0.225664285489609 -0.123042741412909 -0.403218770596175 -0.266005367804833
-0.269883176104242 0.0178674623570208 -0.478951887896608 -0.141464352192377
-0.205470387455088 0.14476830262251 -0.362786875284215 0.200313194403479
-0.119636143382607 0.200209545728517 0.0712176729718281 0.201690981369312
-0.0611845289439338 0.207687377944145 0.279955977160398 -0.102518277373691
-0.00164913530757535 0.233754688401403 0.272044528997855 -0.441424277313086
-0.0171225641239587 0.238876953420368 0.198321900970628 -0.614101331055088
-0.015660099737865 0.262156863651015 0.220709197961018 -0.701315693187178
-0.117153791627911 0.285289180438443 0.345461668313836 -0.652937505760374
-0.218081797974679 0.222674887990053 0.463564725349078 -0.456434389453929
-0.343948785309528 0.156864210852604 0.350970252057944 -0.119415765201428
-0.388529530225816 -0.0469840873053557 0.0314165324116404 -0.00961153811643933
-0.298603133773467 -0.28715170030571 -0.166079975012549 -0.109148061677469
-0.225941219236821 -0.303961106913876 -0.265246406823588 -0.401107335285817
-0.435646403965739 -0.248853957854358 -0.454441493616544 -0.250271789186565
-0.437684219333379 -0.126959146657998 -0.313114502421867 -0.315538437277399
-0.426318564201254 0.0745167894594615 -0.477296142199863 -0.219060686952083
-0.32197153372459 0.189432454051546 -0.405156589618386 0.148091224861745
-0.259335948243963 0.269142729691725 0.0146987363232529 0.220539143564126
-0.191299886744155 0.334785101220865 0.235976458017263 -0.0179336140935254
-0.100345047184455 0.413948930557695 0.249256938078836 -0.325032465620012
-0.10652204452483 0.440966715553052 0.182835625302715 -0.466274722245995
-0.0892708173260455 0.480022380994572 0.177060503798613 -0.550362714594882
-0.243315270421005 0.512126253355858 0.260304759941229 -0.547017311299595
-0.411034358557729 0.394505556311268 0.368801329191429 -0.439165356886255
-0.582200862141403 0.235499483410144 0.326094645279919 -0.149121987370632
-0.598601504647645 -0.0476600244422793 0.0866863876983516 -0.0224770868995478
-0.504647188808426 -0.343996624625824 -0.0602150112882412 -0.0387154323957587
-0.456844104393203 -0.393151767759106 -0.130197992582245 -0.230119256601701
-0.583390233714531 -0.308504763562169 -0.279388492336292 -0.168775531063291
-0.592085751258564 -0.152862323829919 -0.198254852657148 -0.345569491953017
-0.558099621871635 0.0787659343009578 -0.475796790051504 -0.267654092168828
-0.453022980260442 0.193816296721343 -0.43288914451467 0.114242848845534
-0.410098365891874 0.31599236483764 -0.0516891715238572 0.238652840108614
-0.321554510083638 0.439459829415922 0.150750395080151 0.0810713530515608
-0.191372051681545 0.548157634956291 0.178203914258965 -0.154055674462968
-0.176328415935259 0.576987521495363 0.14233690276332 -0.246475732080161
-0.139801837318301 0.610224742357217 0.124058297708386 -0.321408836297278
-0.30473478426586 0.648484603020091 0.16630173810744 -0.358483478961403
-0.506741707039021 0.503080828387523 0.241291961978232 -0.348233485503235
-0.684575982253828 0.299870963231403 0.272567488015346 -0.160388890155093
-0.680511813039039 0.0102047012376014 0.159248262472464 -0.0550291621938995
-0.617555382898608 -0.291610598318587 0.107064061425958 0.0196609647330759
-0.621660929180348 -0.387502164384574 0.0602716412015278 -0.0499472774990379
-0.629556528786842 -0.334209642141216 -0.0776897554381839 -0.0337896156082457
-0.627562738862189 -0.187454709283066 -0.0687501820677962 -0.306161953413003
-0.601337686322207 0.0153431158101908 -0.425680074507824 -0.258841820510909
-0.563252407365007 0.128134654310175 -0.428123409904724 0.0827268277028764
-0.54294107788634 0.318319022031637 -0.146893226301087 0.250625648348655
-0.420502497861876 0.497916626682099 0.0195816685004316 0.199763280994833
-0.255976313837591 0.615246985942452 0.0656674073277513 0.0641412438271534
-0.218646422694845 0.6259731219963 0.0824392141885263 0.00932745619981607
-0.17538313611219 0.637667255774215 0.0713055147183943 -0.0615845235519387
-0.325640135541094 0.651179005408936 0.0792346679575576 -0.13367185414671
-0.511712987989726 0.48576854462462 0.112056913395045 -0.2129021637932
-0.638217627866798 0.271571511715479 0.208878960939528 -0.159117002878416
-0.602064941130596 0.0601520258710598 0.237492382695189 -0.0992801307577545
-0.602985792295398 -0.172918468214702 0.288960919989174 0.0518404227277091
-0.689296740118248 -0.309975193048242 0.268472617646277 0.105253090498657
-0.573688002627023 -0.301335591506324 0.110001523040092 0.143301549774686
-0.530377812279794 -0.204488639713961 0.0604146594858964 -0.178458035114467
-0.530637992738129 -0.0798225580604672 -0.306646242824968 -0.195663823004862
-0.588736960724152 0.0195523263082639 -0.387812818715787 0.0396243127076751
-0.594802263105866 0.271724894398812 -0.273169303012842 0.255870512151761
-0.449186758123058 0.485725230025355 -0.145078087617202 0.335258755534625
-0.276052219729805 0.595297863782558 -0.0633540367766373 0.301729900183288
-0.226830842318048 0.582868604606277 0.0125682382389865 0.261598761896475
-0.196008628887307 0.562365998348917 0.00967654450720388 0.18213752830247
-0.314897737753721 0.526297938047228 -0.00947710951229594 0.0678418739084411
-0.445008414926878 0.343233658147802 -0.00664259821052823 -0.0953986766598026
-0.469784251147489 0.154480959317784 0.158283470873711 -0.167994283467053
-0.406348863115003 0.0883618291578379 0.317929256277702 -0.136446801081608
-0.489998141372551 -0.0391944109970725 0.434987856600728 0.0726271911013956
-0.655270861964241 -0.193146963316683 0.453306302370293 0.215111533688401
-0.435050379317165 -0.201219557658502 0.256331355339259 0.32647603416708
-0.348812345218439 -0.159367699069513 0.174118347415256 -0.00111485455901938
-0.361399186203016 -0.12914576149938 -0.156191833874223 -0.114356703467598
-0.485973576060565 -0.0618104927898692 -0.339532195898679 -0.00699402164005716
-0.515606273374069 0.188067939625627 -0.405565701392011 0.267115595959917
-0.381235466822938 0.391721168573129 -0.303031683460163 0.472723438241126
-0.24342964013716 0.477908112980312 -0.178576607515291 0.519232611444021
-0.202572818193021 0.4484904875412 -0.0577372789442045 0.475123034778099
-0.193094844410648 0.404859040415912 -0.06246035088172 0.368479206223848
-0.270839471748918 0.323567640844702 -0.100822372725912 0.196729893285883
-0.31897451238705 0.15089539491186 -0.100441061684356 -0.0458202198311076
-0.243941035274971 0.0265049252681423 0.148688338666355 -0.196955357661684
-0.183744965974282 0.104184434117745 0.398200888378425 -0.136528423036355
-0.334757108498351 0.0739105742106913 0.511558588594392 0.105995118253595
-0.533660520095766 -0.075943853186328 0.582645911889511 0.27820922049843
-0.240621293157665 -0.0478894967031464 0.346923981034189 0.463363577617243
-0.130387538149268 -0.0429178848961444 0.256285312783905 0.145220912089962
-0.131695778324502 -0.0911461669887327 -0.0360345249409461 -0.0548729645042632
-0.258505246245264 -0.0852104074565941 -0.313318208933769 -0.0325983932618241
-0.307262254692741 0.0814962496053998 -0.497580570751849 0.299172351487568
-0.231330633875629 0.220704112298667 -0.401283616556716 0.582782294931614
-0.169165992058695 0.274630473087067 -0.246938938309289 0.67623984298441
-0.149362806018125 0.248677541407801 -0.115751584524403 0.614294985963763
-0.161668322129728 0.202485504200752 -0.135680769044636 0.476570101807724
-0.189545202077298 0.110463841294418 -0.18097336815766 0.240019561061676
-0.163307931956157 -0.0111301582488908 -0.146729278081483 -0.0595883829469569
-0.0379111997983186 -0.0491838681011842 0.185485922883149 -0.215989979121639
-0.0122598830118305 0.109133069551782 0.460711363072366 -0.0804977859967006
-0.180165042426132 0.136929157782487 0.509138508258733 0.157507151350968
-0.339028537642174 0.0266816524182242 0.643921303254803 0.296014441448977
0.00939142512214905 -0.104193486409715 -0.623427329588689 -0.23138931516054
-0.038953109312113 -0.132677943531754 -0.49119172804264 -0.19010707410245
-0.133996358420896 -0.034074264674622 -0.479043715326085 -0.0087256114738693
-0.0889157292804178 0.104505016901486 -0.278760496904496 0.285539919003754
0.023671644388987 0.11492180588538 0.13756671374186 0.167003585257099
0.0597542450177698 0.0543166566179073 0.272400706277629 -0.189060230640555
0.0871817646816694 0.0174306890357362 0.209271456057241 -0.50067647667932
0.0780875877375626 -0.00518505266035733 0.13731731541086 -0.665459057372912
0.0803389193331011 -0.0021152261893474 0.186344396391134 -0.750637421029827
0.0680947135329957 0.0250640956924935 0.336530956685399 -0.679998637136621
0.0551774733009497 0.0598690074440872 0.46035617224771 -0.440919319474468
-0.0203415510723513 0.133844958447089 0.333622962974784 -0.111568066293867
-0.126936421500575 0.041244222877624 0.0168785457402826 -0.00227420796852327
-0.0761062424331352 -0.12619673561236 -0.197277013252799 -0.133202306112864
0.0144433389307689 -0.131159208313635 -0.35650812689109 -0.479957076221265
-0.226997763596837 -0.15682975618611 -0.581335372902398 -0.242390995786174
-0.230820932815576 -0.107244558328324 -0.415059858698052 -0.236848908846196
-0.2639483946914 0.0384594245055453 -0.47705798841776 -0.105863333406806
-0.19165782947704 0.156451227637304 -0.342441067273761 0.226619822810902
-0.101999951348352 0.204385899724567 0.0826510572057251 0.197533759384135
-0.0472871370092478 0.20907733298187 0.270628414360809 -0.117078926024972
0.0152007390701004 0.230062825013321 0.236598423927287 -0.452202673900781
0.000550999647009876 0.236435127768792 0.154315369449752 -0.616313051199602
0.00342298995545827 0.259277806239654 0.168610831343441 -0.704404491369641
-0.0945917761447658 0.289269774639579 0.295960275584589 -0.667726467089293
-0.20026624647543 0.233670005107497 0.426900797818542 -0.481505854915864
-0.3279481388757 0.177960814324743 0.341456794669597 -0.139842356079325
-0.385032089895294 -0.0226267583392146 0.0339841551590963 -0.00453854639527764
-0.314405457616393 -0.26519372013666 -0.165325856731911 -0.0951605556250539
-0.239838322951669 -0.28304860107323 -0.286218699646547 -0.37843705158854
-0.443893684516325 -0.216991260315903 -0.468398828061311 -0.220410542749709
-0.437913314466405 -0.0985256085343694 -0.326459867013056 -0.291484122769784
-0.412259795148407 0.103292043885537 -0.48431744971885 -0.183238096895405
-0.302771724234395 0.207815236635842 -0.38984690185731 0.177597993176825
-0.234226831479085 0.280176284030207 0.0274842874093879 0.217972278643663
-0.166133686197906 0.343661671203221 0.233575898242047 -0.0311308201744193
-0.070381857998667 0.415421558445736 0.221101250388891 -0.337062949343087
-0.0740970495119325 0.442358692937725 0.148509004205365 -0.470989513110171
-0.0556143567542328 0.477364971372071 0.133543938906346 -0.552175820207126
-0.202003179163462 0.521289051238872 0.21958569803753 -0.55721468997125
-0.38050830625917 0.415803904573683 0.330980314633402 -0.45895126768012
-0.56003556997694 0.271406339578882 0.316904512974572 -0.168858544481
-0.589799303143185 -0.0110747711292214 0.0863703388762999 -0.0214854311093479
-0.519727767929963 -0.309098874844715 -0.0575166006360346 -0.0325656613171848
-0.471414444979105 -0.357964049251914 -0.14166017681811 -0.219949898780236
-0.592613602303633 -0.267670660108147 -0.289760257340275 -0.151421841983926
-0.591413101701636 -0.113300371842794 -0.217669965403108 -0.327733045993835
-0.538474222043899 0.11691060194161 -0.485100963322474 -0.230523286267648
-0.432283397688733 0.218633402896728 -0.420412016088248 0.14541103586042
-0.38100922056939 0.333832099096003 -0.0372092059234361 0.238305226716506
-0.286976839655951 0.45249276910996 0.156755917135384 0.0711721601843358
-0.150796918960819 0.552853116113591 0.162605515300357 -0.162474392556616
-0.134744211600311 0.581095372737803 0.124454305822926 -0.251126406329897
-0.0968250212588004 0.609526252778893 0.0977233604449068 -0.325307256008188
-0.253568351396003 0.65869658754899 0.139303643536476 -0.367100966417781
-0.464799687017152 0.529312800712759 0.210083406959968 -0.360501780510073
-0.656003926532312 0.342918133814416 0.263489888934234 -0.178057481419443
-0.667139365061625 0.0501792413303504 0.155047201000442 -0.0599116811994388
-0.62815239961648 -0.248952852515924 0.109651136616892 0.0148224158528811
-0.633378567615837 -0.341722285294214 0.0584095463393521 -0.0538901903288811
-0.641463355963951 -0.287621412154097 -0.082365301402196 -0.0300096077945542
-0.627920458853697 -0.14685029739334 -0.0868423926161641 -0.297787790334366
-0.586258119965898 0.0558057365168535 -0.434528846938856 -0.225260289536315
-0.544897548386149 0.160516478520724 -0.418016548906234 0.113329088960168
-0.512201445816799 0.347129363993126 -0.130271378637569 0.254855523032142
-0.380353432130713 0.517002409924976 0.0340187037104845 0.196254974441368
-0.210136486948748 0.623048223135797 0.0677308912272518 0.05991857717172
-0.173783964699974 0.634042364747754 0.0827069496536396 0.00526267586591473
-0.132398118058655 0.639140674778542 0.0632252841132138 -0.0654367734718113
-0.275775570789241 0.663396192457066 0.0684038005806294 -0.139361664128806
-0.470277744592354 0.513553698894252 0.0912169346364487 -0.218183000956928
-0.609434981114009 0.309796220360811 0.199654464534668 -0.173642046664163
-0.585246511139385 0.0968658730105568 0.227735026703186 -0.111380362330941
-0.604601701910042 -0.133015807101002 0.289618785731585 0.034140694916381
-0.694120830511162 -0.258218723029356 0.27489693414695 0.0847535542585215
-0.582948166620642 -0.25762892530361 0.115073668231035 0.132428022726127
-0.534943393294902 -0.167990138322348 0.0485950007100433 -0.179978095776121
-0.52113815558696 -0.0438408844784684 -0.3137617489827 -0.171038290044315
-0.578663983061802 0.0563857623397368 -0.381132390820924 0.0664556605063602
-0.567286930303809 0.30449878612931 -0.254006392168669 0.267662182427158
-0.409723303932136 0.507412496421661 -0.120629718994662 0.340544151567732
-0.230708394858701 0.60564543228077 -0.0431206080046743 0.303825368547435
-0.185494647398287 0.590936455240615 0.030979887221426 0.258017122963665
-0.157350645872342 0.565514474068664 0.0195565933729816 0.178333166486799
-0.273238274622344 0.538626402697062 -0.00535058516038513 0.0652245806477895
-0.41426066294206 0.368341857482469 -0.0174943020785329 -0.0945961474076284
-0.451590610034695 0.184712472125284 0.147796451105337 -0.181386793176916
-0.390143662553073 0.11033129916136 0.303042378964169 -0.155488357596274
-0.484105464963758 -0.00681578764171761 0.434206488458711 0.0455150224121052
-0.654360780682413 -0.146226707880383 0.464195065000243 0.181751366005316
-0.441594614259161 -0.167528900578434 0.272415764523776 0.302615293770114
-0.353470262823956 -0.135508092781522 0.172267681920265 -0.0125225552334864
-0.359335787295982 -0.103098705190699 -0.159896402830773 -0.102266195904103
-0.481579612082302 -0.0294986314622467 -0.337223900123196 0.0149195234546694
-0.494451054650469 0.217020764053912 -0.382976077150499 0.286395347097627
-0.347606519802476 0.410308523112888 -0.26654358866956 0.486320967487063
-0.205991589306755 0.488535726948213 -0.140820832451049 0.526199676930186
-0.170033468600376 0.457937509037465 -0.0237299280655777 0.471205758955549
-0.164078458313345 0.411931639308791 -0.0377709457312705 0.365703810173865
-0.24458639882981 0.335790978259254 -0.0865934943412408 0.198305644558211
-0.304259543060915 0.169262484098081 -0.104542656234134 -0.0388486341913725
-0.237200725124719 0.0422867928582601 0.134085700493179 -0.209989355701747
-0.169474466140321 0.114416338076463 0.381774256585636 -0.164371843464864
-0.323652598189767 0.0949977190938033 0.510497009917982 0.0721651192334569
-0.526853777150572 -0.0388162639361612 0.596649620317491 0.235344155511459
-0.239558907445063 -0.0295294493067042 0.372907973287785 0.432135278152917
-0.131833846053806 -0.0344373028666812 0.262243914503533 0.125741348413439
-0.132031483429516 -0.0835223285938063 -0.039182924761677 -0.0522914004928032
-0.258809070198888 -0.0681016802961212 -0.313118267635118 -0.0123643891790273
-0.299146242399869 0.100694914764616 -0.472019311169373 0.325355731098817
-0.212591868770921 0.231280667504719 -0.356216055392057 0.602220781935138
-0.145794412041768 0.282387959862609 -0.196523253617383 0.683985461229924
-0.131263054011607 0.255863919929911 -0.0702929522806263 0.612907511978833
-0.145921574310836 0.210952082213991 -0.101298413396982 0.476338269534633
-0.179129782395117 0.120566362434194 -0.162371163414651 0.246491261929336
-0.160770115594733 -0.000983038867546134 -0.149500658021031 -0.0494332744354882
-0.0389294609909735 -0.0465153201095467 0.168484005058101 -0.231868219452163
-0.00164967500193223 0.109533733625208 0.447043713658935 -0.115206497035348
-0.168156820759081 0.146963623760308 0.511019839053609 0.123711090369217
-0.330965984884055 0.0499973745250497 0.656015610099581 0.251264120250895
0.0037203035542564 -0.100559933841703 -0.61628843059737 -0.196958883152162
-0.0448063995771522 -0.126884574441277 -0.481896380834288 -0.162379260541399
-0.13173101951452 -0.0250235399599463 -0.46167297167535 0.0138204345662786
-0.0810831431860324 0.105741384070807 -0.253124519030185 0.292698724116565
0.0286753228646788 0.109953406484628 0.140652047870395 0.159389392061894
0.0592560877867578 0.0508864380978171 0.255383126954197 -0.192904123931392
0.0859641674657167 0.0122872851427555 0.177472240968177 -0.492751395970342
0.0768111378792254 -0.00997602401598836 0.102120183376545 -0.646962596186401
0.0783462967820998 -0.0057509699788876 0.143330156871945 -0.732725622010877
0.0669807983710705 0.0218604600463903 0.293050100049132 -0.673489271768544
0.055206697457545 0.0553927237265611 0.426050527404431 -0.448932745950958
-0.0139293879219947 0.130189194046999 0.319715143219115 -0.121493990336261
-0.121098006563072 0.0440290914148043 0.0205115462958844 0.00270178738532659
-0.0805205518163873 -0.118846786527352 -0.190827239333811 -0.119694581704901
0.00970829879835892 -0.126363681429644 -0.364963062197071 -0.447361703905087
-0.225787207049173 -0.140392388033712 -0.576088520060944 -0.208917818603391
-0.227771780252015 -0.0941803990890377 -0.410647319534061 -0.210822251243686
-0.251894293429268 0.050430897422669 -0.462417397731979 -0.0795808321993194
-0.177240972320671 0.160418653265404 -0.318465751814988 0.239038623453288
-0.0887890732265759 0.200562958703718 0.0876014656149958 0.190193261539491
-0.0366454610118019 0.204224246533416 0.257429250393918 -0.123444506958338
0.0261387939070733 0.220976664160365 0.205827786257424 -0.445761971857507
0.0131187137134265 0.228486716401243 0.12126788097433 -0.600755796660845
0.0156471382840465 0.249707864795079 0.129040438863929 -0.686486357989616
-0.0774405399444315 0.283568971564438 0.254729427576433 -0.659367387574824
-0.183218389684986 0.234249499885196 0.388276149283864 -0.486528497974083
-0.309208531293904 0.18765681125745 0.328125379489579 -0.149490037488924
-0.372294282766316 -0.00770119302264578 0.0369070852967358 0.00046458755462762
-0.316747914773532 -0.242793176555615 -0.15910507457085 -0.084446172969805
-0.242143463957324 -0.262614203525426 -0.291569676803167 -0.353262052429194
-0.438389726822012 -0.188257345733437 -0.466527786368718 -0.19133682953895
-0.425895411371287 -0.0769745675794718 -0.329357562957268 -0.266780330858435
-0.388493694074392 0.120695928626178 -0.471204769694139 -0.155296258835865
-0.28194830855226 0.213499977657409 -0.367288778378898 0.193508022590449
-0.212162324616056 0.279356194912275 0.0339358272360503 0.211487344210338
-0.14429830192713 0.338839307057425 0.226050173858057 -0.0392330481558992
-0.0473118450851423 0.403734894105761 0.195643107224055 -0.333722228885777
-0.0500254188006812 0.431451607795694 0.123895282820639 -0.45981417043377
-0.0327489709404815 0.463398818827449 0.101541414336731 -0.540236471083387
-0.168736827924576 0.512062010738276 0.185298245993567 -0.551321158003515
-0.348183608184559 0.419010277010682 0.297011979439976 -0.459186248117014
-0.528890101337161 0.288342929690733 0.303222184522825 -0.177758962450497
-0.568961263845513 0.0124351255161188 0.0865692540645586 -0.0190216769914261
-0.517027994863456 -0.275336634823313 -0.0528847282166668 -0.027260890142869
-0.46716649289928 -0.324851020638162 -0.144490981563209 -0.207714451733905
-0.582926826473654 -0.229912625826333 -0.29124651149532 -0.133815974070764
-0.575387643384938 -0.0857738754740152 -0.222483538417064 -0.307493601754295
-0.508371606333133 0.139082999828274 -0.474259821035373 -0.198979144146115
-0.405752789972564 0.229483870878865 -0.399637205921546 0.163195067672452
-0.351440009707202 0.337181028798911 -0.0287128509428791 0.231869548466796
-0.256353000623313 0.449607204077754 0.15623653216893 0.0621909906453504
-0.12064796377642 0.541016420146507 0.147247921898571 -0.16310958147146
-0.102523706511791 0.57055498690173 0.109510776243179 -0.246845552767548
-0.066732757728539 0.59261692894348 0.077890730730217 -0.317228920125337
-0.211932120476209 0.648446101037006 0.116921657764866 -0.363007041274663
-0.424429868319014 0.53290382226571 0.182793398905393 -0.357758696043425
-0.618028236189644 0.36209613932026 0.251434983644422 -0.186159103640736
-0.64057212250648 0.0732806206243065 0.150511300511065 -0.0602528408460329
-0.618333031958653 -0.215521674729924 0.109530107673169 0.0116169165025923
-0.623265219388954 -0.301074119718163 0.0567684175822297 -0.0567256798244777
-0.629525174802255 -0.247685683571207 -0.0841737047522458 -0.0263983854677287
-0.612078922078679 -0.117190398349886 -0.0958708975553245 -0.284550745352232
-0.555889599249269 0.0805354093673233 -0.426015683317581 -0.196757433211427
-0.517971484635782 0.176723052205939 -0.399458354798591 0.130450673690584
-0.4788749854957 0.354830607347342 -0.117536588477495 0.249876528053157
-0.344060999923263 0.516303465727257 0.0424979898923845 0.187998846149855
-0.17376124450155 0.612463879711379 0.066590894621442 0.056380713360616
-0.137306541987264 0.622938928453135 0.0811575625032735 0.00197114919027807
-0.0995848434175934 0.62265605858582 0.0562896102725731 -0.0657197785224257
-0.23296092590386 0.651125005188205 0.0583788726038567 -0.140167141088909
-0.431723305954251 0.516096971988165 0.0746322583788169 -0.214268103983868
-0.574738063653604 0.32912924300641 0.189112966060869 -0.181368543290062
-0.558232623541105 0.115497402940624 0.216776670431742 -0.115600504788574
-0.590867846463171 -0.103792883304634 0.283342078152481 0.0228927303666468
-0.675775372433613 -0.218797600573822 0.270972065168189 0.0682642004583257
-0.572886577049347 -0.220789058795956 0.114285882152327 0.121523418799341
-0.523666452250843 -0.141712693597379 0.0403644680876351 -0.177447306272903
-0.49891242139347 -0.020297971238173 -0.307478655159854 -0.15048762114877
-0.554906404482902 0.0777295909371615 -0.366832818342738 0.0823871502187921
-0.535153313456497 0.316892563215075 -0.236965498854477 0.266525188189141
-0.372364987488445 0.508580589157993 -0.099817998013143 0.334543161107252
-0.192691593026581 0.597196550730974 -0.0279627405753245 0.296817464055548
-0.150764164755476 0.583325036861002 0.0432896345576755 0.248139735968271
-0.124957356998076 0.552439707930504 0.0253144057425015 0.171081061036884
-0.238033537721867 0.532274441851215 -0.00361131244356894 0.0608531517267648
-0.383131557351919 0.37443239290212 -0.0250785826639454 -0.0903599247791283
-0.428516105712844 0.198446411763787 0.136715880939499 -0.187535301987495
-0.36667312514027 0.122927728214881 0.284808732238209 -0.164592704715609
-0.465768869716726 0.0145371630328291 0.422280589082938 0.0269413437724515
-0.633544304515024 -0.111418044744642 0.459181844760231 0.1543561805939
-0.43121667784811 -0.140599944460959 0.275054352012726 0.278926492184856
-0.346519890323121 -0.117448273963808 0.166593276981887 -0.0214656112025396
-0.344589327778791 -0.0869527612597319 -0.157466542131009 -0.0924163698753033
-0.464039711815303 -0.0105978801730258 -0.326705038469457 0.0282038146631117
-0.46920612451872 0.229782096655694 -0.360074962463127 0.288954576237792
-0.316880341561193 0.409535602048121 -0.236032034797202 0.480677261966124
-0.174954226026299 0.482358075541958 -0.109304219235468 0.515809366657182
-0.142164225185801 0.451701948421523 0.000656968295837475 0.455462041461659
-0.13939635036228 0.403947682174282 -0.020776768596594 0.354201637167899
-0.220065922171224 0.334760375223857 -0.0748062390177048 0.193229593206738
-0.285000721596053 0.176135872728742 -0.105074646726837 -0.0328434756468033
-0.225904963009627 0.0515707169138031 0.120535788346764 -0.214396339770607
-0.15404390940509 0.117958419615353 0.358177018241422 -0.178762528992185
-0.307931339354033 0.105331183381855 0.497491749241407 0.0489133273482859
-0.507378565897885 -0.0111465669760998 0.589174426320619 0.198438222883103
-0.232308343402477 -0.0152938064687067 0.377062344519324 0.397793668386919
-0.128688410432632 -0.0277771376076631 0.258643147476214 0.108537839964904
-0.128309101722231 -0.0775734451122721 -0.0401068356480642 -0.0501501979408518
-0.252027038554256 -0.055403772072646 -0.30456229850077 -0.000416727953645278
-0.285231653855034 0.110641871763264 -0.442210903249081 0.332944874881656
-0.193862534733161 0.231806646753076 -0.316692996590883 0.596346420610538
-0.126679250695837 0.279619223612089 -0.154624618882343 0.670694858535212
-0.114893845276102 0.254412545806753 -0.0385811341804782 0.594282289046203
-0.131781281668829 0.210331833858199 -0.0756859154435399 0.462108359105799
-0.167590404221672 0.123998867354595 -0.145439717740834 0.242915381809138
-0.154817807006549 0.0060483277311454 -0.147605120961883 -0.0418346612671066
-0.0385863518763038 -0.0431784719525942 0.151092277810274 -0.237638540978247
0.00694588723251921 0.107081333605001 0.423443589969809 -0.135778320886907
-0.155225407349821 0.149740767557029 0.499310063211384 0.09801111187583
-0.315050047958895 0.0643991086553636 0.648069213227666 0.211500737007374
0.0108030860453824 -0.0914374226368461 -0.595506399011451 -0.216860145785155
-0.0362515727079836 -0.121173349654434 -0.46440277261805 -0.172762500031693
-0.126440211276214 -0.0244351632090021 -0.442703653848508 0.000108899051516631
-0.0787497614389151 0.0999510563078186 -0.249886045607522 0.28414616253261
0.0243558032085789 0.104892403494891 0.136385713407804 0.163518649941267
0.0539816018851223 0.0514630927704379 0.252379179742853 -0.175019609570744
0.0848549389287189 0.00999164829411143 0.183325540417167 -0.470878047055911
0.0780161781935998 -0.0101273239991891 0.111698209061819 -0.621489519079157
0.0798058699877511 -0.0100583093751635 0.15280198515736 -0.705258269017896
0.0658863206883785 0.0179317018531398 0.293571437862467 -0.646678620580028
0.0528164395809373 0.0520065013811846 0.420508496323054 -0.421117648923258
-0.0116611207797206 0.122097817854939 0.310176729911443 -0.101121701208561
-0.119674111880366 0.0376365879452737 0.021219427301648 0.00600785263435358
-0.0789208814677934 -0.120968603594795 -0.171616156955711 -0.125739751557455
0.0060253729740029 -0.123887948410076 -0.325166549299359 -0.446146960732046
-0.213240503140803 -0.143210287487886 -0.561881908178032 -0.220979253823143
-0.216124821151037 -0.0988763085433077 -0.390380680895317 -0.211747519701111
-0.246072209701248 0.0448729256696837 -0.435521182708865 -0.0835922982388903
-0.172874246687609 0.148904137006762 -0.312832566513837 0.23480511425896
-0.0913166771958891 0.186480521199659 0.0829677471129016 0.19758664401409
-0.0438831292866519 0.196387831538794 0.255174690647215 -0.104645323567132
0.0195219546255161 0.211540763720439 0.211787570773451 -0.420832138051407
0.00588231962237301 0.224122896749718 0.127704825814728 -0.573713304973869
0.00987030320216591 0.239022908615702 0.131703302113254 -0.661841277481081
-0.0816959229942865 0.272632499402073 0.250841323161721 -0.634420452941549
-0.187633749064064 0.222599670479153 0.376614795793706 -0.464800903854003
-0.29940165845765 0.169662839396024 0.307262796102763 -0.136638423557779
-0.362215812959862 -0.0222651856449387 0.0333218499780108 -0.00255566043035619
-0.305661677773856 -0.24745738713895 -0.139581031930243 -0.0968517043136138
-0.234319376295986 -0.259581738918493 -0.256105407213275 -0.360562080413014
-0.419263036583662 -0.203044457513494 -0.461172490299458 -0.192809873255747
-0.411406156766946 -0.0928701967031641 -0.306997195909223 -0.257741621112689
-0.381850213650883 0.107096512109186 -0.438739127982943 -0.14905724149298
-0.274817478908461 0.195809589801058 -0.360257725448166 0.19416121864223
-0.212722481405432 0.255740930192665 0.0295482416338492 0.22256874952296
-0.153583093335472 0.323297930881668 0.224257559461818 -0.0206871199677507
-0.0595602688273933 0.386584181731282 0.201999787743452 -0.308203360013653
-0.0643578423136503 0.423988298047832 0.127363872645121 -0.437183544269151
-0.0450398068488203 0.447965620794588 0.101551068083273 -0.519187942705951
-0.176852232351232 0.497197829259855 0.177393864636744 -0.529857832920385
-0.354898504872814 0.40082136172641 0.277358211985163 -0.441809680670431
-0.515162860653885 0.261859435703842 0.274404252117203 -0.169402790661204
-0.555342634984049 -0.00955693036436313 0.077461696833393 -0.0255520742002765
-0.497972080788966 -0.284182108207995 -0.0406851076582495 -0.0427948268690329
-0.449971851877266 -0.323116036779539 -0.12062112394831 -0.221567993038776
-0.559660983161306 -0.255393893067057 -0.296550292697638 -0.123715786152141
-0.55612256145472 -0.110585810341826 -0.20167257052879 -0.289537171150998
-0.499019201366447 0.117997334363509 -0.438089992028679 -0.188045108802701
-0.395229249377485 0.205693919925593 -0.393752433731331 0.167151622480132
-0.349907596860579 0.306340791379534 -0.0343417166772559 0.245951340346388
-0.265949261950905 0.426201556407258 0.15540794356442 0.0781442828185293
-0.135387967858495 0.520640818152871 0.152628203752498 -0.140478387616956
-0.121793435171374 0.561739172109907 0.110854337358336 -0.229334840668218
-0.0835371560344431 0.576409766576137 0.0724094336848534 -0.303699045176277
-0.223013673839036 0.631730887385472 0.105051475552981 -0.348973455762559
-0.432694570103374 0.512273434205108 0.159359295348362 -0.346969090746485
-0.60335600647 0.329817594254317 0.218767806983442 -0.181640084314652
-0.624010576901609 0.04957269902495 0.136487460788561 -0.0659486660322864
-0.595369758357461 -0.225577730451401 0.111758985857309 -0.00145493952449731
-0.597314283259116 -0.300540306242223 0.063538242188794 -0.0725058876728217
-0.606123947867899 -0.278185297896183 -0.101801652655112 -0.00819620362976856
-0.59134622999968 -0.146313524111887 -0.0809236292552148 -0.26162080063937
-0.542186249571755 0.0558603914762245 -0.395547059961748 -0.182725840818348
-0.500762555578361 0.149419370526484 -0.398638460564046 0.138005233805857
-0.47313145505478 0.317081810749621 -0.123599979617003 0.26382516374936
-0.351861518090704 0.487428026083151 0.0426642832414195 0.198099397105033
-0.19127797893391 0.590415624350746 0.0700370931555242 0.0727725136387882
-0.157789473742565 0.612116652103067 0.0787278448856318 0.0108724869331792
-0.115105097329192 0.608161766602404 0.0466093901151968 -0.0605486841245003
-0.24207667374799 0.635290282164514 0.0439067648251661 -0.13383055700809
-0.439914819096211 0.497735265782919 0.0516206031843242 -0.211657923389749
-0.561621516082679 0.299431097910326 0.159765084698943 -0.18001673988207
-0.542098997315999 0.0932151019257454 0.200186824930098 -0.11492361495207
-0.567910027106809 -0.11670415182687 0.274877490781168 0.0171762480115786
-0.64962704798773 -0.221142570722627 0.261411863046045 0.0564489207357169
-0.550911519358209 -0.251135047702563 0.0866044996314317 0.141202350374354
-0.50480961721626 -0.166044051976113 0.0454987342615258 -0.155449272844187
-0.480331184992228 -0.0432638067293564 -0.287944850828753 -0.136953347833036
-0.532521848739835 0.0521295842932917 -0.370045555507214 0.0884096689485505
-0.525954921937618 0.28107386408523 -0.241259896663319 0.276781812781291
-0.377346144622925 0.476722972878817 -0.0998203979574488 0.333956054825865
-0.208727501123377 0.573309323561197 -0.0256303448863144 0.302390147988075
-0.170958637022172 0.572932853215733 0.0376269688344513 0.24717831483871
-0.140949715901091 0.540315411665327 0.013684744745886 0.166391733337225
-0.245055381833797 0.517583595431246 -0.0165567400506295 0.0581691553705127
-0.38762880774782 0.357629724475782 -0.0416927817305049 -0.0945324252919822
-0.415285646617049 0.177301771101841 0.116580462836655 -0.188651903816664
-0.353735717677567 0.105271967112839 0.268802839731339 -0.156531460545436
-0.448453077416955 0.00279421188575845 0.404834604673332 0.0294652136643822
-0.607665747979021 -0.116831786328413 0.43524489186211 0.149443948281001
-0.415036061693024 -0.164828742934153 0.242063198316643 0.296288018192122
-0.333565107662403 -0.133925730537327 0.160325024138858 -0.00548013476831805
-0.328836109888485 -0.102270673082374 -0.149689272945102 -0.0818142624950896
-0.443344597761142 -0.02922103258504 -0.330059791330256 0.0309587463503834
-0.458580981822376 0.203075328069626 -0.360459532081708 0.291086911068521
-0.318526971500851 0.385826481402294 -0.236407092337061 0.467867762756803
-0.187650765129487 0.465031571895234 -0.110675311607998 0.509267722358174
-0.159209543307711 0.443501288393053 -0.00565627170029382 0.445024275816752
-0.149959441825878 0.396862573107714 -0.0315148082461285 0.341746081758191
-0.224762633220983 0.324468180363932 -0.0840283284339799 0.18373786071848
-0.286413603780572 0.166460638364391 -0.111420270677126 -0.0410612175015861
-0.217067458770619 0.0395860282733505 0.112515457280076 -0.215027888893814
-0.144188843351394 0.108177181258357 0.342307152262206 -0.163577486877811
-0.294198201769591 0.0975141153125103 0.472902303113524 0.0588971123946065
-0.484989323385809 -0.0184578031027852 0.555640019601659 0.20181759239596
-0.224550199344196 -0.0325154273406413 0.343886607534205 0.408334043958821
-0.125328357515151 -0.0358631144842789 0.24603208393113 0.117315520006112
-0.119886672982117 -0.0846151813094302 -0.0389910911793848 -0.0463540954932729
-0.237419119355746 -0.0624358547732227 -0.304653836174071 -0.00698952779116483
-0.27440226228259 0.096777871175478 -0.43926181337214 0.318632869524576
-0.191650247083318 0.217773813710815 -0.318684006517625 0.571320090787683
-0.133916962941067 0.272261107835105 -0.159903073501557 0.652578780068659
-0.123374141759053 0.248827291492441 -0.0461271351488899 0.575681879121276
-0.136403397921318 0.207603499181381 -0.0846009457576867 0.443045425862189
-0.168176380570352 0.119534928350318 -0.148851698458432 0.229155065892858
-0.153089193953409 0.000852905077688273 -0.143506672417543 -0.0492231868572079
-0.0327556741022532 -0.0476215274605628 0.151034257885199 -0.23371988064059
0.0135368879121657 0.104570708007578 0.405454485463548 -0.117286105372962
-0.147569855086048 0.145240263324944 0.471229051588696 0.109850462461911
-0.29861269890883 0.0576644806753163 0.610547975107629 0.223892252447844
0.0108149491180852 -0.0905678234364042 -0.594084913932806 -0.215772992582066
-0.036888023350423 -0.12093781455191 -0.459499053073555 -0.170588402946382
-0.125774839931464 -0.0226692810977582 -0.438801601662403 0.000627438001471193
-0.0785504169922256 0.0997367182770624 -0.2458188732527 0.285376689239096
0.0246811221325018 0.104156517747069 0.136239644004285 0.16742845323669
0.0537606623248213 0.0525554249048088 0.250970552233227 -0.170888799029169
0.0845840019329396 0.00904750182076178 0.179196837118384 -0.464178388544253
0.0780730671282074 -0.0121748165821322 0.10874176976793 -0.618449158119063
0.0807316413534812 -0.0112700824898218 0.147882660222143 -0.699371657858615
0.0660227379741571 0.0186813796949143 0.292235282708297 -0.643683489820402
0.051063384755312 0.0524751233175584 0.417839304208077 -0.421218264042291
-0.0122482771093478 0.121916427922125 0.310902507242805 -0.0993217123146354
-0.120207743630408 0.035497526263209 0.0264042603342501 0.0108612851435257
-0.078659146769577 -0.120138009809869 -0.165626021156678 -0.125348012600284
0.00709889240057006 -0.123769657483134 -0.322028657210255 -0.442578833246924
-0.210831070986983 -0.141788653650388 -0.560090990909279 -0.218633304329329
-0.215034247599661 -0.0992951348139105 -0.385653517836536 -0.210936886761008
-0.241938272006206 0.0473377415463191 -0.430523401354329 -0.0843500394416962
-0.171577684271376 0.148429139341741 -0.30815619683187 0.236615307079412
-0.0898618944173965 0.184883350504848 0.0824419101863094 0.20120457519623
-0.0432621466633615 0.196266245956184 0.253811439880015 -0.101228524395219
0.0199532051258158 0.209585908053417 0.208058947546709 -0.415894677904235
0.00703139382423733 0.22146946639906 0.12658675982739 -0.57069310826319
0.0105235803213962 0.236351217071662 0.13027566777714 -0.656109100617083
-0.0800717026756633 0.271014452488794 0.249360766483971 -0.632702833317623
-0.186764440831699 0.222122541894348 0.372509341318442 -0.462432514456989
-0.297488495848643 0.168024812862528 0.308992686331374 -0.135229925671439
-0.360815642999054 -0.0243015639397316 0.0388218644796782 0.00266377670959506
-0.302937970331993 -0.247369463903043 -0.134475225855442 -0.0958137044585399
-0.230272508241045 -0.259489211374424 -0.253637170121696 -0.359783152694303
-0.414343632537949 -0.200685685646483 -0.459785513183374 -0.190826731547124
-0.408215823731005 -0.0944517347944854 -0.302874277543657 -0.258005264876203
-0.375426287405895 0.108683887324763 -0.432285398663425 -0.149322713913857
-0.271870018866171 0.195014395174786 -0.355886598383143 0.195678702518215
-0.210078520603298 0.25286766493938 0.0270561780711346 0.22528930750039
-0.151447568560813 0.321538465706047 0.223773423775402 -0.0189942204683368
-0.05846953455113 0.384592720294514 0.198366832875218 -0.304215665949861
-0.0629069335594293 0.422810372201623 0.125697938551653 -0.433420276149269
-0.0448649346296362 0.444865810878499 0.100028445476889 -0.513655519393296
-0.174062897537354 0.493087845261011 0.176464678857391 -0.529915217975665
-0.353898161906016 0.398173072261746 0.273095020340097 -0.439855691564914
-0.512072200545226 0.260626099037574 0.277678350190476 -0.170577794961239
-0.551386603899344 -0.0123621252119812 0.0824689344307358 -0.020044655019299
-0.493964006173792 -0.283795528751009 -0.035957670152778 -0.0419825870214931
-0.443299855871407 -0.321925179314753 -0.11834936125053 -0.221551542245754
-0.554709283249973 -0.253606785735083 -0.297910523607017 -0.123214417819782
-0.551175222839865 -0.113648891525693 -0.197675372000931 -0.290077833235744
-0.489914997360549 0.117438323530912 -0.431751980859611 -0.189568836026148
-0.391413795947317 0.204581669838162 -0.390554780539148 0.169608775427169
-0.346159191257316 0.302056483474888 -0.0363046194754943 0.247164466845843
-0.263392062728155 0.424701063805789 0.155353623489242 0.0793311010673824
-0.133396409574194 0.517926096658255 0.149815129876051 -0.13721927019151
-0.118394858713933 0.559388173353781 0.111252371956171 -0.228564565823751
-0.0848303454925748 0.572351454924801 0.0712353536146551 -0.300496411330245
-0.220978366042504 0.625932332750353 0.103795924463255 -0.348613207811262
-0.431044782878875 0.508937957553504 0.156139521953035 -0.345188206795422
-0.599170666509478 0.32879612054541 0.221714251759925 -0.184430465816815
-0.619579465158911 0.045140398895384 0.14003803842537 -0.0615345260136344
-0.590777212805639 -0.226388171722173 0.114442140130823 -0.000301707053127986
-0.588666513775766 -0.302160227691646 0.06486185567436 -0.0729183885092153
-0.598217895794365 -0.275713683632423 -0.104050321396342 -0.00867409959945234
-0.587776744060078 -0.147727054995238 -0.0777981913184784 -0.263366690442146
-0.532017134087843 0.0539619526509348 -0.389875337503487 -0.185090361838368
-0.496273630417242 0.147513640812134 -0.39749554595496 0.139204914365004
-0.47080033536794 0.312983042015561 -0.126596869302369 0.263671364226479
-0.34746876924455 0.483593922664867 0.042410500262752 0.198051594624712
-0.187761129437539 0.585955813169579 0.068940052634292 0.0744766441562456
-0.155859525246818 0.610234142700877 0.0801747077739234 0.0089812664482237
-0.116082220537729 0.603617286175857 0.0459978024893493 -0.0599629714144089
-0.239535723976068 0.629881222497462 0.0423573964903032 -0.135228590799172
-0.435539876782033 0.493075972460019 0.0485642217515439 -0.209880488741536
-0.557522557709116 0.299359002071129 0.162216487732734 -0.184473484262685
-0.537697719298517 0.0886768538072018 0.202425275229094 -0.112374294215778
-0.564179593292346 -0.117565143970621 0.276259799730758 0.0186549497414183
-0.641700824415213 -0.221765728845815 0.262700233798448 0.0551491292815169
-0.544629909069454 -0.248804412924995 0.0836537943934845 0.139705044115805
-0.50205891678182 -0.166870150208016 0.0475757544484879 -0.157245459230754
-0.473549041217726 -0.0443649830273638 -0.2837932157161 -0.139426000333861
-0.527495799199408 0.0492274034086568 -0.369658931717582 0.0881165769942027
-0.524100527756948 0.276011425708371 -0.242706956027588 0.274002084922716
-0.373328853461685 0.474116402386923 -0.10033418114635 0.332278662505737
-0.205790960287875 0.571028572708852 -0.0248664749395107 0.303262656882199
-0.166985403790011 0.571695755405103 0.0400805196992511 0.243422590069273
-0.140998189986775 0.537299870116562 0.0134908791791469 0.164764481523365
-0.24270180595221 0.512765488534094 -0.0170131115225409 0.055888630549602
-0.386255561589744 0.35583713681801 -0.0439437099418915 -0.0938539926859167
-0.411386408678889 0.176701175282026 0.117039106163816 -0.193587134299027
-0.347551464386047 0.103664718556309 0.268426474502638 -0.155390628432036
-0.44411305041021 0.0022057948088136 0.404389152824259 0.031980307137525
-0.59934359795499 -0.115769017466344 0.434767644739878 0.146971452138065
-0.410310938153631 -0.162940523752341 0.236927807342014 0.292356383530877
-0.331150441834773 -0.135158091583096 0.160626197590681 -0.00778171114844225
-0.322470266152802 -0.105159735168688 -0.14736830729669 -0.0855494868603436
-0.439842277241038 -0.0307574237270091 -0.330400268956942 0.0289600850506228
-0.456634906360346 0.200035543275601 -0.360608784292063 0.286317003697823
-0.315936006429971 0.383117957754131 -0.235604902821514 0.466246753688875
-0.183566456520011 0.46215700873197 -0.106448311090145 0.50770865477365
-0.155204234942713 0.442447240238892 -0.00316699241174246 0.439614482676372
-0.149477303530962 0.394360155502943 -0.031406085737084 0.336887234114853
-0.223700396573889 0.320485197142993 -0.0840068610601816 0.181149928509331
-0.283848917738353 0.163928915267395 -0.112731589285742 -0.0416819257984576
-0.213375801366381 0.0397540313285699 0.110499411918575 -0.21943475678692
-0.138638289789514 0.107131266705422 0.339560823381035 -0.164416851651269
-0.291735314957238 0.0966703492002432 0.470008892372064 0.0592868731819306
-0.478278260015477 -0.0179333950004379 0.554739610107342 0.201067907022883
-0.22236778533046 -0.0311205992247403 0.339043703665478 0.402695350280117
-0.12466888202732 -0.0355118551163658 0.244150891460286 0.114191626010968
-0.118030523215258 -0.0870174285406321 -0.0384838688942147 -0.0491604395290432
-0.235112640155674 -0.0645747760174806 -0.305229757229096 -0.00954289867812239
-0.274231007206263 0.0965591194807184 -0.437702726527561 0.315026080649765
-0.190018817845048 0.215360051669604 -0.31668412033581 0.567844300303442
-0.131286589825096 0.269453245693082 -0.155168742116756 0.648760084074228
-0.121546685215171 0.248374462543679 -0.0445343868297352 0.569429700304789
-0.135977775855449 0.2069803246494 -0.084320470064017 0.438190214238357
-0.16737475273762 0.117938213536142 -0.147114111329957 0.225689273981031
-0.151629273226927 -0.000331953475263731 -0.143204496275674 -0.05095441123627
-0.0305625932102618 -0.0481185380530593 0.147458428697342 -0.237670484354076
0.0173456792033454 0.104610679861099 0.400879118855199 -0.120515723594697
-0.147038638529538 0.144688013018454 0.467217375567628 0.111711104827825
-0.295119315417725 0.0575818956356954 0.6086774270618 0.222419214211552
0.00970208891445254 -0.0919536440841478 -0.608290738367407 -0.217259980792268
-0.0392520454808678 -0.123992757922255 -0.468511419989399 -0.174850402391848
-0.128576741797362 -0.0216251695146859 -0.447858351546967 0.00178818688817966
-0.080232678836 0.102705858243261 -0.246908778324421 0.297504581179189
0.0259864689916809 0.106312973179086 0.141838536507592 0.175491708922994
0.0550886041390739 0.0544895526561206 0.257453490234736 -0.172396417142256
0.0858300358091626 0.00788077261236082 0.180053155610185 -0.473994387019903
0.0794148798763096 -0.0152240170744022 0.110567502564756 -0.630274143114712
0.0838456303716943 -0.0133007486035456 0.148917978451304 -0.715888372274284
0.0684873685157985 0.019543975921698 0.295461946056885 -0.660734978182823
0.0508183554490764 0.0542901561324831 0.425413368369253 -0.43321733105401
-0.0122308881023724 0.125119166618163 0.320311180929137 -0.102065313262265
-0.123686958186031 0.035506191785407 0.0325527297219199 0.015438080673577
-0.0809399198966342 -0.12413689006541 -0.165801266371991 -0.127713178381209
0.00757982031835727 -0.127623866761401 -0.330636746591283 -0.449198402645728
-0.215275057392332 -0.14362811711146 -0.576359776198076 -0.220819029514547
-0.221171323214597 -0.101181888255414 -0.392434982406486 -0.214952168328478
-0.243506196501263 0.0512649592749646 -0.439158958014604 -0.0859213205035432
-0.174178631055903 0.153070042737464 -0.311100315422165 0.246278998415689
-0.0904447762307564 0.188074949204464 0.0852777082709784 0.210482200033177
-0.0426798047947415 0.201637558699032 0.26105496649291 -0.102241097339782
0.0213156421208563 0.213314322360447 0.20909597811722 -0.423846858063735
0.00877694736799775 0.225580684347551 0.126412944898505 -0.580878988328386
0.011459997464313 0.240198184919435 0.129709676609673 -0.66780834723264
-0.0791059931767406 0.277941902167861 0.251683390086563 -0.650233934573877
-0.19174452293293 0.227844587083412 0.37774502696067 -0.474290891683196
-0.303635770083282 0.173320767151289 0.319995621013482 -0.140469453261061
-0.369578807434823 -0.02614424217821 0.04611967255822 0.00793830231368596
-0.310579320599827 -0.254038281566242 -0.133800194377487 -0.0975759843279281
-0.234433232101186 -0.265823191840752 -0.259550091617166 -0.36628908373007
-0.423488981790835 -0.204584396892682 -0.472310960551269 -0.194027663801391
-0.418266529133956 -0.0972215842132593 -0.307971191702206 -0.263965987159243
-0.377532814646042 0.114525777196176 -0.440214136943491 -0.15354818300128
-0.275971296045741 0.200950951029353 -0.360697923198341 0.205045347998388
-0.213436531864578 0.257663234031637 0.0276194317905431 0.234617634061489
-0.152485497560743 0.329974457904825 0.230632436588344 -0.0181659474008355
-0.0571254894528795 0.393053747507193 0.20056567741783 -0.309596040153797
-0.0612588139441077 0.431796569167079 0.128108245005894 -0.443347655704609
-0.0450769876103037 0.452449181162606 0.0997200601715415 -0.522580196543871
-0.173851102425944 0.504633661904474 0.177252196202419 -0.543973985601955
-0.36110353228923 0.408284761634866 0.277167146247216 -0.450834440110763
-0.521785914662276 0.269168967090745 0.287171543935624 -0.17790450205297
-0.564681928616021 -0.0138706913763378 0.0909275556681302 -0.0166150978609007
-0.506086819305837 -0.291765485426418 -0.033010722466374 -0.042135403244855
-0.45086951418076 -0.329849272221526 -0.120506568248367 -0.226948641521964
-0.564916942665566 -0.256836232703923 -0.306901258536281 -0.124269410071558
-0.56500983254292 -0.117306906135631 -0.201363049307647 -0.298991580563342
-0.493961047638784 0.122369046481502 -0.440525026861808 -0.195222651657243
-0.39745426774088 0.208956202879008 -0.397819580185627 0.178364394298191
-0.353098091222633 0.307808648122022 -0.0380472526936563 0.255772312555974
-0.266769352381609 0.434603859173777 0.160202588776952 0.0824555785753223
-0.134701424542597 0.528545581396035 0.151987959432754 -0.138325870586331
-0.117527387842787 0.572706009043609 0.113346563290056 -0.235583529012535
-0.0864000351545262 0.585220765420751 0.0719273478755982 -0.306866012482133
-0.221537085895192 0.641012017711305 0.102618604952847 -0.359690630477988
-0.439667267337085 0.520669143942045 0.156112130787518 -0.352765143456026
-0.610913537270855 0.33978488307255 0.229563677206908 -0.194543214564524
-0.632532793939185 0.0452306057640011 0.148829824218803 -0.0602049624864361
-0.605051653166394 -0.232523471861186 0.120366459157779 0.000338790705374028
-0.599516299774534 -0.30703253987522 0.0684440867359308 -0.0765319074738781
-0.609901013345482 -0.279855987632023 -0.108854404184377 -0.00850458277566325
-0.600946990382929 -0.153093719298827 -0.0781495083233819 -0.271912469348055
-0.536549644249926 0.0560449416121913 -0.396811560002573 -0.191247724018037
-0.506059477280279 0.150339023531604 -0.405439679827194 0.145877080527859
-0.481321953150975 0.318276908190739 -0.13091786199985 0.271109356577815
-0.351878381045022 0.495020245854761 0.0450062234191835 0.203815547927807
-0.188893194718024 0.599250197750906 0.0714826190315753 0.0795635260384319
-0.152997201762055 0.62645949646697 0.0832571690309285 0.00709051815212929
-0.119840730852007 0.617494524858752 0.0469093818671361 -0.0609949875311501
-0.242024410383428 0.643308618382657 0.0418679948967194 -0.140201033262667
-0.445581205709508 0.504404914064989 0.0467512135732572 -0.214775068568492
-0.567787311242852 0.308783248470186 0.166041869531581 -0.195319772463751
-0.545077265172803 0.0890284626548366 0.209875358776855 -0.113852893722634
-0.57527809149343 -0.119522135203903 0.284660492430779 0.0193975433571294
-0.653142390945106 -0.226014049681987 0.270408596754439 0.0541156722518889
-0.555335999720227 -0.252440473489123 0.0820230620127802 0.14259610576769
-0.513089044841164 -0.172757118358674 0.0495855782934169 -0.164262097773738
-0.47692889347866 -0.0456227089856197 -0.289250720490855 -0.146434509982045
-0.539371936124838 0.0504876871486623 -0.378709163374892 0.0917783051744936
-0.53583034470939 0.282663076474393 -0.250437046456036 0.279847816088462
-0.378990838185567 0.484264915633866 -0.100841796632726 0.341559288550625
-0.206392557431618 0.582403028423857 -0.0216792902643632 0.313167977429993
-0.166572075896009 0.58566459308181 0.0429386928280305 0.24595658311095
-0.144192740990413 0.551638010935271 0.0146845880079649 0.167444028595476
-0.246079791393437 0.523400283187259 -0.0182930082772358 0.0555507072687568
-0.392664099705998 0.362777154590911 -0.0469215410529894 -0.0955948070611104
-0.417038450367935 0.183329770165741 0.118545797549234 -0.204874599892123
-0.351271487632657 0.104799758471768 0.274853608388527 -0.159884592145009
-0.452678269218064 0.00184611319149573 0.414147499189256 0.0320942382493499
-0.609249303646926 -0.117360813600257 0.447357035732987 0.146865565870071
-0.418072643149497 -0.164401912885102 0.238554122048453 0.297622879148115
-0.340098268163774 -0.137925470070529 0.164330979933526 -0.0111599122754152
-0.326663097100427 -0.109116730236714 -0.150487464319429 -0.0912200104994077
-0.449996806570172 -0.033717289807939 -0.339796624701247 0.0301414985864256
-0.467176166050147 0.205186507759896 -0.371457893312865 0.292233992697473
-0.319989922594069 0.389853503461259 -0.239320927467541 0.478306629908972
-0.184421497634618 0.470983311636971 -0.104902627006301 0.521154154271061
-0.155484236718111 0.454025100111292 -0.00216936225452596 0.445831985794915
-0.153554553416783 0.403653271814665 -0.0306535203421614 0.342990392820789
-0.226967006092884 0.326844211156452 -0.0852433310405183 0.183264593974286
-0.289740378953104 0.167106011531927 -0.116605075013748 -0.0420683550399338
-0.215150331299467 0.0400048267164155 0.11017027688242 -0.230876869062867
-0.136775710177883 0.109498901612442 0.344996940966305 -0.170631226369644
-0.297914736224367 0.100216589872271 0.479913305595605 0.0613913788304684
-0.486715075373822 -0.0172967957623159 0.569476693668686 0.201606466199646
-0.22619315356453 -0.0301884802604416 0.342985109312464 0.408889398428143
-0.128195813940671 -0.0358788934018748 0.249031513687949 0.113829987241304
-0.120622211356925 -0.0906980126406512 -0.0400859294666084 -0.0543718640048447
-0.239885678591238 -0.0678108871363609 -0.314828643535671 -0.0107585777937363
-0.280486307132108 0.0996187448545691 -0.449629681384643 0.321425721049996
-0.19342635477613 0.21848096228379 -0.322701179219808 0.582480923168909
-0.130983449020688 0.274824790812608 -0.152909099075704 0.663857548277313
-0.121864813367024 0.25498595339409 -0.0414249694918812 0.577241100175166
-0.138817127371889 0.211719439689297 -0.0851103375308527 0.444722065825415
-0.171145838611495 0.120132876302854 -0.149856291305142 0.228747942071205
-0.155121896906484 -0.00093175885784026 -0.147574616675801 -0.0528652168269902
-0.0286483598365262 -0.0500347682564006 0.147793477623949 -0.248448707279428
0.022245163487954 0.107367365883892 0.406799096549371 -0.127441382382977
-0.150222282465586 0.149369777012214 0.476713222012785 0.111941652406698
-0.299649280493925 0.0601833065540146 0.625886666401114 0.223842632124853
0.00690243452271349 -0.0945509404073134 -0.637323699588889 -0.209424888486424
-0.0448776859719859 -0.128336066124451 -0.491934553815013 -0.166404923466763
-0.133196576707916 -0.0176649269101404 -0.464545972172778 0.0149082502310767
-0.0815428617805485 0.110231525509299 -0.244636657106525 0.31766942527904
0.0300803439918215 0.109608277265291 0.155295054715112 0.183252023369778
0.0596224821812687 0.0562744395691145 0.264228616789026 -0.183688202954689
0.0890002816665848 0.0063227003354661 0.172533107065967 -0.494403914837873
0.0812230737375397 -0.0202035239270497 0.096993520525694 -0.656671053641568
0.0875509408727882 -0.0181910997680051 0.134973210958467 -0.745612810251717
0.0721003302128147 0.0191752992917565 0.288723306639086 -0.694776840608975
0.0528370755385591 0.0566851626518743 0.433055282308116 -0.462562198673301
-0.00943578140071573 0.131112842144123 0.334295609152069 -0.114019410106063
-0.129354220184647 0.0389846830098067 0.0407279483294992 0.0185985949551724
-0.0885034941177832 -0.128218408185901 -0.171290323827328 -0.129108059630138
0.00485993521486502 -0.13408226898308 -0.354395149916783 -0.455408872614389
-0.227389668037871 -0.142045021912915 -0.605116458391753 -0.213334795202641
-0.233013569229581 -0.099377423740051 -0.41289236516147 -0.213997247150185
-0.247906489319527 0.0608631403004451 -0.456120095303694 -0.0776244500733975
-0.176507673470801 0.164951567375705 -0.31323892273449 0.266596093613097
-0.0883663312662365 0.197997374749296 0.0963570976258746 0.221325387679716
-0.0377321943841895 0.211210742388628 0.270047273552144 -0.111377606343498
0.027135048601659 0.220925299609219 0.204813720143339 -0.444657329137131
0.0157601561261143 0.233328140632331 0.114469510318342 -0.60686741511905
0.0184318626593899 0.247900823460441 0.116616388704924 -0.696458447432136
-0.0741868361057147 0.291720315695623 0.243411869577046 -0.684382538904784
-0.194845844769248 0.24365747853288 0.381566836656808 -0.504247994399758
-0.31175465736382 0.189622630314181 0.333024493354904 -0.155543422375274
-0.386257513570642 -0.0189869792880285 0.0557989450556701 0.0107823643224915
-0.329934321018623 -0.25801172005442 -0.136990251521506 -0.0988612789944623
-0.249021215342017 -0.271664821655627 -0.278167131608254 -0.372255404827678
-0.443136007576841 -0.199233902811928 -0.498572405873309 -0.18930842709425
-0.438637813485807 -0.091713619298643 -0.326209700606088 -0.270392026328696
-0.383285613834476 0.130109425870718 -0.459606854461148 -0.149891267332961
-0.280592698784729 0.217127231144069 -0.366990250304522 0.225350966620135
-0.214137205245876 0.273134867920681 0.0362080861697738 0.247599422887028
-0.147619016712335 0.347888971612113 0.241188893956688 -0.0233133536134666
-0.0488270448997121 0.410147798868092 0.198221938318155 -0.324992963118974
-0.0492595978121294 0.450953409799473 0.120882105306565 -0.464741521146939
-0.0350099060692333 0.472590280630772 0.0887187267705565 -0.544834379112342
-0.166104637565877 0.529831964330609 0.166865822918832 -0.5741614377815
-0.366772794417576 0.434139632265643 0.274969140693069 -0.476598011821634
-0.536448911104904 0.293952179554928 0.297690476316514 -0.196255355766236
-0.588065214212626 -0.00118082984289054 0.101671217661462 -0.016606138772901
-0.534883772004062 -0.293834404890277 -0.0315747805389803 -0.0425413899041123
-0.474094019784962 -0.333269345342163 -0.129616175952207 -0.23289408092539
-0.592368853093245 -0.252247081110838 -0.324114518449984 -0.121487616982736
-0.59299495189564 -0.110654339302653 -0.215158348348122 -0.308267038325435
-0.503625546010597 0.140332333172634 -0.461154214521349 -0.194150036492762
-0.407052800654988 0.229802374387586 -0.406877733222942 0.198776443667775
-0.359022033021525 0.327770552006377 -0.0330879691900209 0.269893714824162
-0.262958276100472 0.458546362472345 0.170562197751442 0.0823947782267551
-0.12308020637763 0.553064350457345 0.154071685452059 -0.144458169526713
-0.104021440812914 0.599044532077123 0.11159649837729 -0.24950097079953
-0.0746990754932812 0.612296806410519 0.0661600898331791 -0.319581755531022
-0.211702327864186 0.672315324429543 0.0956528793745287 -0.379894741172516
-0.445396850597071 0.554364312716265 0.151852711383727 -0.371845608916669
-0.626963976115634 0.36928530492497 0.236285339166114 -0.214048688097186
-0.655682679762107 0.0615873104739458 0.159642514254759 -0.0646183899214797
-0.634468879237058 -0.229018272519198 0.12906470880954 -0.00197062316825514
-0.627405392631044 -0.30418157287363 0.0704241128922569 -0.0827381717163442
-0.640328616572116 -0.274397670725028 -0.115976756213937 -0.00556941232973876
-0.632521331306806 -0.146208790642161 -0.0865346220567019 -0.284641284677272
-0.550742837720093 0.0711394732969988 -0.418217640785816 -0.19345755024283
-0.521316530294937 0.168482946348974 -0.417115413496403 0.165641873462804
-0.492498099485229 0.342739927022742 -0.130057201880247 0.287245795462059
-0.35179192514785 0.523134537695096 0.0530040136927443 0.211840745206194
-0.17761459691378 0.627017294777084 0.0785279161711077 0.0832395067191982
-0.139498325916212 0.656855518965824 0.0866592516381339 0.00262188488184019
-0.109206232605924 0.646033754937427 0.0471098795987745 -0.0642416795380483
-0.233011274002846 0.675184146585577 0.03791594163019 -0.149866494599952
-0.451448795907024 0.537485900363664 0.0408925364511688 -0.224135077519443
-0.580854139270898 0.337144217306445 0.168387478131294 -0.214511991088849
-0.563253040648103 0.105859097454821 0.220133195373943 -0.12328302671911
-0.602251181976942 -0.111125426006105 0.299045781413389 0.0141075316924871
-0.680427279577984 -0.218393443478637 0.284798752714799 0.0470500248139928
-0.58189226782326 -0.246499811704933 0.0858391081099504 0.14680624144833
-0.54118281944571 -0.169095871560508 0.0478110795846449 -0.175997472542616
-0.492642897861649 -0.0384905521573724 -0.305804708071038 -0.149438255984051
-0.558661071200602 0.0627333576861332 -0.392100991014779 0.107130394968443
-0.551939258454466 0.306051848912007 -0.255910150905364 0.296335347845591
-0.379847354269915 0.512237337295325 -0.0948984975365532 0.359543584561031
-0.195793879150863 0.611492022366971 -0.0104939649763324 0.329087606704507
-0.153458270658102 0.614589463872732 0.0517790183783079 0.251146252211357
-0.13629695630839 0.575995105577479 0.0193459225825131 0.173308823603293
-0.241766858271251 0.548860168041469 -0.0185652155798952 0.0563895597319453
-0.400790136860782 0.388241173512402 -0.0532563075069735 -0.097750964442465
-0.427137246258706 0.200305259111394 0.116817750875308 -0.222393273846026
-0.358593209028514 0.116397879294794 0.283184476344978 -0.174426159808823
-0.471513973710719 0.0145483757706808 0.432523628749917 0.0234378656294716
-0.633960806510243 -0.106085870511141 0.471439600964764 0.138553480289316
-0.437749363051246 -0.157741326173762 0.253297478093408 0.302296591454906
-0.358320978213195 -0.135426847231038 0.170400271781206 -0.0190478728758683
-0.339560145029245 -0.107159247328304 -0.159873307714643 -0.0956985156772673
-0.468334553372077 -0.0274369652193025 -0.354896958351166 0.0399414386954223
-0.483857206894266 0.224858416628973 -0.381506209622226 0.313216471271341
-0.322621838820259 0.412569121805993 -0.236514820238308 0.50540581955424
-0.175585084462771 0.493612064765774 -0.0897023662372378 0.546941027704252
-0.145889138993923 0.478024988885108 0.0118087957696354 0.459808798595132
-0.149524460214889 0.425703865103459 -0.0227560193722547 0.355935322076006
-0.227001244411784 0.34392580393274 -0.084125716847188 0.190638085688368
-0.297225901112875 0.181447032579337 -0.123781250416767 -0.0415564405239518
-0.220336829125316 0.0463123561348205 0.105990530364084 -0.249157219901851
-0.134236699431163 0.116583617764931 0.353365244359783 -0.18892594302227
-0.306358652334017 0.112617179201246 0.499403880239307 0.0521608737359129
-0.505601703119663 -0.00475605389329092 0.601095928195898 0.192379709559774
-0.234675246430875 -0.0243189494419867 0.362796152039795 0.414141996532437
-0.1342932239948 -0.0330810958038716 0.261717723038277 0.109995023424823
-0.127862083184895 -0.0925491361647646 -0.0447952963186587 -0.0592252249745549
-0.252119378142931 -0.0674116600110515 -0.331331945563612 -0.00430407222849812
-0.290625665094111 0.111298013455145 -0.461350714910956 0.344688591029996
-0.194936115618631 0.231583780346825 -0.321251588365683 0.61734498784303
-0.12653181092039 0.287646764140353 -0.134480481163155 0.695985281495179
-0.117942001619182 0.269767382361907 -0.0284819847395107 0.59748018108062
-0.138479733483695 0.224581543700256 -0.0762207035619721 0.462437907644278
-0.175666518936628 0.127953990536491 -0.14967898994244 0.239816824053625
-0.160927267055102 0.00218276055445693 -0.155277330917648 -0.0526636657144463
-0.0290031095909214 -0.0532696350849274 0.143692118056224 -0.267636820015781
0.0305612737190908 0.111014001757735 0.416363040780275 -0.14679904843584
-0.152073915152755 0.160141761968056 0.496195880486124 0.105944673784655
-0.30849987895627 0.0707491227876464 0.658822564809309 0.213611646295061
0.00165147443352088 -0.0968904521587182 -0.672337030836819 -0.180369247414249
-0.0540235931672397 -0.130737453352014 -0.516591451848887 -0.142349470156511
-0.137388400493919 -0.0105072958136788 -0.477932590347523 0.0430228839252906
-0.0782327464172268 0.120240690876333 -0.230625390534759 0.344961737971179
0.0381558543226389 0.111639943667655 0.17434693078761 0.184079312472511
0.0657588015880022 0.0556895112900613 0.264145224828997 -0.203570869824157
0.0918905066150472 0.00129122572054155 0.147469188858046 -0.518779098301591
0.0816648568473757 -0.0273641601305455 0.0606063107660284 -0.681558192689015
0.0897969552838098 -0.0259167609291016 0.0948100738483764 -0.777232863462034
0.0772169516650113 0.015473190066281 0.257294176808709 -0.738474668918214
0.05713818743216 0.0574571768063918 0.419053406136509 -0.505888376522579
-0.00224981605638785 0.137403360493769 0.342569111216596 -0.136666969552668
-0.133232671243136 0.0472269028551623 0.0499571465800215 0.0194132121148437
-0.100293611275661 -0.129481222425107 -0.180248588716864 -0.124382749379921
-0.00370324148836059 -0.139231568597299 -0.390180408399671 -0.446210473189031
-0.242655804235366 -0.131494110607592 -0.638213335976953 -0.186473902173283
-0.247227401357303 -0.0898969940249104 -0.437189878755783 -0.197777365732706
-0.248247729492192 0.0777291780180637 -0.474108529040117 -0.0543064239717719
-0.172438854891296 0.182758125740777 -0.304406569536725 0.296513092939501
-0.0793922704705555 0.209930815577043 0.115273287994931 0.226666498586562
-0.0251768644552024 0.221239250968567 0.275044968761993 -0.129014437117609
0.0417191286261 0.227360956028974 0.183252510717746 -0.468476498202732
0.0301200732089721 0.239663485271939 0.0838283145549593 -0.633138708123961
0.033335073918366 0.2541454942963 0.0795387910079234 -0.725895110098658
-0.0575188547848169 0.306139872160519 0.210268283623136 -0.725961248807331
-0.188491316036909 0.265256614893397 0.365255035206915 -0.54631319833297
-0.311255959350697 0.216246458924126 0.338929701657666 -0.182333435456201
-0.402942786972491 0.00110484884004082 0.066444451113863 0.0106044667691728
-0.358049951160467 -0.24975594600881 -0.14326881099085 -0.0944735994810911
-0.272274709052647 -0.267732645556983 -0.307510106835901 -0.367779076135174
-0.469155665136981 -0.179246401763203 -0.52845666266997 -0.166122021497339
-0.45957356124863 -0.0695756982435384 -0.350759589049877 -0.261317089838577
-0.383037234862284 0.156127802590455 -0.481890922659281 -0.129887854420226
-0.275669578904571 0.242931037853511 -0.362191163553111 0.256209549256542
-0.205663700101682 0.294315858458333 0.0538663593867803 0.25748886750068
-0.131420200007303 0.366353462755178 0.250050932322669 -0.0366259778299723
-0.0251596848909597 0.426189098810256 0.185666412860028 -0.344705570471643
-0.0223494312487279 0.468296171855468 0.0985781559620952 -0.487572726392818
-0.00994229682068383 0.490433699311604 0.0605701301616524 -0.567436663340149
-0.138942592870672 0.556915492213115 0.137430819601936 -0.605752295998904
-0.355636952065368 0.474066077671867 0.254965688811572 -0.510360040071756
-0.537811157987087 0.337644358009439 0.299446694775038 -0.224765290363786
-0.608728221828652 0.0320500614493623 0.11264376334004 -0.0210103360559605
-0.569388894554476 -0.273899517162583 -0.0311741271146797 -0.0428543872708637
-0.507672042236537 -0.317684467211635 -0.146067581111553 -0.233266752814929
-0.624531731331526 -0.224961206887251 -0.343848131456587 -0.105954631865312
-0.62181957492814 -0.0799341055666064 -0.239074597305975 -0.309536530683156
-0.504351956286294 0.173264914563221 -0.488916401763512 -0.176161052492967
-0.405371377471077 0.261479409893602 -0.406854487378092 0.232145172945093
-0.353809243734488 0.360297276066708 -0.0183416061689672 0.284089235993991
-0.242401351673049 0.487807974907144 0.183025408059896 0.0760631925221311
-0.0931239530498712 0.579083689725662 0.152255661931477 -0.155928256375348
-0.069677610332617 0.627688180319852 0.100042413350138 -0.265064391813624
-0.0430933607751045 0.638406353528516 0.0503475103844936 -0.333373938006837
-0.176889273084917 0.705248988648901 0.0735617379387119 -0.40109900514725
-0.430839373908222 0.600972267139978 0.133232457822095 -0.393815011422389
-0.625758338999718 0.420336007192583 0.233284314654434 -0.240672073616886
-0.674430956894735 0.0996739679228485 0.168547184577442 -0.0754516219323481
-0.670899743676564 -0.20186508534261 0.136771085235488 -0.00957710723525036
-0.662800288017955 -0.281364548305144 0.0700866038357316 -0.0905608208847844
-0.675921244562241 -0.243842185987564 -0.122645644674767 0.00254089537398152
-0.664756324750309 -0.1152598962375 -0.106082216913919 -0.293278663009877
-0.557782283305459 0.103204293623258 -0.444651647734026 -0.179725765468799
-0.529030941586396 0.205017811025287 -0.420667617241408 0.197909431582601
-0.493112679252722 0.382490310470095 -0.119775896562391 0.306294068670711
-0.331914883277073 0.560727401151965 0.0685701529101137 0.217576675767373
-0.145249384976146 0.659133482101034 0.0897020038926972 0.0839301700358984
-0.102051024707928 0.689424917279235 0.0894170058865949 -0.00450115026623226
-0.0770054187795443 0.677193953200222 0.045700428887615 -0.0687449342533621
-0.200370969303433 0.711382609192177 0.0282117389924971 -0.159832262136281
-0.437781380522653 0.58287799171768 0.0277782985218663 -0.234319751626333
-0.580323492055355 0.382762459690248 0.160906752694445 -0.238231022534615
-0.575347121281301 0.140364656146712 0.225089075897765 -0.141069300241799
-0.629713689778802 -0.0830271576831498 0.313285003453917 -0.00151065829771534
-0.712347994687217 -0.186974089665592 0.299271935864324 0.0299522454554382
-0.613817267896734 -0.219225522427384 0.0945831432893833 0.148192301682603
-0.571513137483607 -0.144509954970573 0.039261202528671 -0.189267878440007
-0.507543110542074 -0.0126193957492907 -0.326117337144555 -0.141171389746795
-0.574843102797099 0.0960075469791136 -0.400175099046221 0.134516268527576
-0.555920565906772 0.348864256079143 -0.249794447946524 0.321929570421542
-0.362482291946855 0.550693168189803 -0.0772070635651123 0.379325780560868
-0.164181518063221 0.640036496712811 0.0132044045836225 0.342432093558708
-0.118710121030996 0.64429466266088 0.0681297920197616 0.254113717120934
-0.110004404555553 0.605573682254656 0.0313984816076034 0.17821214939168
-0.218090187838197 0.580872606635816 -0.0176927054492725 0.0572523396066229
-0.393460510121042 0.426191652842166 -0.0623455847766574 -0.0983096743752941
-0.428829518157468 0.231151863836981 0.105561914185231 -0.243495595100218
-0.360520841984886 0.139288825545632 0.284420470251751 -0.198348466084084
-0.485521153444744 0.0416662248130208 0.4500059681128 0.000753669555628801
-0.658221734025371 -0.0725661403936457 0.497916495788199 0.113682051306269
-0.460819027234555 -0.137699646818196 0.275438507465879 0.299196863054101
-0.380235274707498 -0.119282826105637 0.174944290142728 -0.0332172264719478
-0.355159532118915 -0.0931105439982917 -0.172782941284966 -0.0935263100666725
-0.486748904629539 -0.00272738806603894 -0.366677103225473 0.0612283501967781
-0.489537920112727 0.260414134548205 -0.37943236137139 0.344037510888543
-0.309715654583638 0.443234852230721 -0.214675551539616 0.538609919339071
-0.150264882765728 0.517809866656165 -0.0543048967588312 0.57112604525775
-0.119947970678256 0.50377397645654 0.0388968120709456 0.472409924208289
-0.130231221457134 0.449756954668289 -0.00281606884743412 0.3684844561316
-0.21588202189732 0.367822772973414 -0.0769325446991981 0.200289992399471
-0.297545426504379 0.204886748761523 -0.132163788520719 -0.036110157978836
-0.223414173655992 0.0581517024669913 0.0916850763830629 -0.268721744752675
-0.127395626611487 0.126829428072001 0.352716843892528 -0.218497824145742
-0.309352913479669 0.134803917202313 0.519759057329489 0.0253837079400982
-0.520069447418591 0.0244952926271294 0.634298355803359 0.159204823917365
-0.242532051997204 -0.0104332023439924 0.39446974891953 0.406771423683557
-0.141479174160477 -0.0253709551331459 0.275974645488439 0.0961934076328207
-0.137317066939343 -0.0889011467963432 -0.0523551397192482 -0.0613406125089744
-0.26655470580918 -0.0581461221614888 -0.345840996942475 0.0133575063238611
-0.29581233888235 0.133184933756272 -0.45954234297111 0.382357161675453
-0.188818571897945 0.249482587379605 -0.295376756306496 0.660869885002746
-0.113223139775197 0.302001993969732 -0.0949663954161763 0.724346315421151
-0.10413582674786 0.286021710716303 0.00632866582906471 0.618519045304181
-0.130649525743691 0.24194319550056 -0.0516935105286767 0.480573039503265
-0.174315858408549 0.141685440804211 -0.140961343592149 0.254857972232033
-0.166260992643499 0.0109428597449278 -0.16512850457695 -0.0466443089099206
-0.0313397237637149 -0.0553332132762968 0.129112940182643 -0.289914455542784
0.0424753439294105 0.112666810314816 0.418331028049979 -0.178476305089529
-0.147892036137377 0.175675382745838 0.519068119373248 0.0810300468827866
-0.313077515690219 0.0907774223907299 0.695328988996614 0.179903990269921
0.04672921040644 -0.0781039013165341 -0.544925881420314 -0.459868522094988
0.0110840932728518 -0.138661683677813 -0.414392561820175 -0.347996895031321
-0.11591566817582 -0.0651031698608154 -0.452972692682663 -0.163124496424784
-0.117396611119547 0.077020064384924 -0.353827610128869 0.22366090604557
-0.011772940329417 0.115173166006423 0.0899068191945152 0.247429818190056
0.0349982622757681 0.0787597236101994 0.332907914888197 -0.0702157582039184
0.0841325614497977 0.0356805228438915 0.357160475367378 -0.408025013493321
0.0856480784028392 0.00572174546868899 0.340605631339228 -0.592189621974344
0.090043059753706 0.00734266288710413 0.410301716520375 -0.66888046509012
0.0630189391686588 0.041060160878718 0.541335081853371 -0.564347140291104
0.0273685817343519 0.0749363784875181 0.596685949542774 -0.281316606757352
-0.0563185444509771 0.119949415057512 0.370649231090992 0.0293710903609393
-0.143428789056223 -0.0157831343585147 0.0407117426466621 0.0417802558254904
-0.0397135869646557 -0.165145162978056 -0.101527680640061 -0.195447662333379
0.0536091368530995 -0.130320883917047 -0.146407759463924 -0.585525795834604
-0.163054326600445 -0.216926336506593 -0.51386517787755 -0.443165463796558
-0.186504974469627 -0.183553573088861 -0.31147818051616 -0.363646363342492
-0.255125996910681 -0.0295616707768203 -0.400248364228457 -0.249910726585837
-0.228718497548327 0.0957062414489939 -0.398810404796212 0.150201576555853
-0.160642796660867 0.154084098428827 0.0202589549795134 0.267404992197252
-0.117767334942522 0.191204085227435 0.315314627785525 0.00419046156455058
-0.0578240498101832 0.223211123172744 0.370422595310953 -0.345419414796374
-0.0773677706950018 0.233572913758208 0.345067141876065 -0.537407636276401
-0.0806520161603139 0.241703149291191 0.374676527804346 -0.627110103500525
-0.181738229450009 0.253118141682506 0.488402325550445 -0.572526085458489
-0.288329567360099 0.163225071893289 0.553462190105467 -0.347408041181337
-0.37070174864971 0.0608131820715873 0.379482030401651 -0.0209612006647677
-0.369113286338679 -0.17581685529589 0.0592612830756889 0.034191483199704
-0.223591247726169 -0.385668213584771 -0.0752941528442957 -0.156450169334913
-0.136478501173831 -0.362469878079079 -0.103723391315285 -0.477395308861733
-0.351224823153868 -0.360212668336017 -0.421581657288094 -0.369630507002763
-0.393465044902715 -0.256086605121887 -0.197688725923704 -0.383768811318069
-0.412133548564379 -0.0133871824594039 -0.370218348324152 -0.320935688991712
-0.347654721821346 0.107353617396057 -0.434184825870411 0.0925975356972309
-0.311912697950802 0.176694048153606 -0.0471914765674945 0.275464366981526
-0.276606510251619 0.280562248614641 0.256975506592627 0.0798554744030259
-0.203951305882568 0.379468445393344 0.322556913765156 -0.229796825193125
-0.225369281231559 0.425671632603884 0.296043121168519 -0.397956961036586
-0.219949325020174 0.442467463819788 0.290731137760967 -0.490904663710196
-0.361119529593806 0.451521758663936 0.36714721465835 -0.495296412534096
-0.529859605855408 0.286201004634799 0.430786962920427 -0.362351991124907
-0.628089085785399 0.0764585425708416 0.354685713395314 -0.0821800589316857
-0.57114278699808 -0.239145556204557 0.11389446356274 0.0201367069559204
-0.404908652749038 -0.498478697591737 0.00771302520907057 -0.0626562372628916
-0.328715555516991 -0.508010461895208 -0.0140217270798925 -0.282878294335994
-0.476210577844638 -0.471628085151782 -0.279804451695234 -0.232332015377454
-0.541175331445098 -0.337439944866197 -0.0705392253195868 -0.379524964250607
-0.533172439787467 -0.0515216259082635 -0.353363670578244 -0.36444830631298
-0.472336975524371 0.0690020751527746 -0.465500747858576 0.0536489379678521
-0.475631014951952 0.173582334326616 -0.123941208686428 0.275442071111246
-0.42952501884799 0.343294417705781 0.149857651682194 0.156266530801652
-0.331411062274975 0.491711449643922 0.213737421574601 -0.0708070747554214
-0.336314813632307 0.554661629620825 0.205497520253616 -0.194591130387525
-0.313334955448025 0.565316880818403 0.182574957225973 -0.282243233258637
-0.457700677171494 0.574945272731278 0.222295028744296 -0.335649071586941
-0.654463668556069 0.3734801426846 0.265287078617509 -0.307958927889428
-0.744563518797233 0.114720129968916 0.296734773731409 -0.128110612143221
-0.659824495864515 -0.204384445712648 0.185745455293199 -0.00742712240027011
-0.52516712793866 -0.474548557744117 0.145329195340433 0.0409281217234796
-0.4865281697487 -0.540029459724158 0.118709579408412 -0.0546979612294015
-0.514995777683988 -0.518005575100903 -0.123727599701259 -0.0329392546688439
-0.567666336892329 -0.390787815794621 0.0464615573252858 -0.305849155807449
-0.552709975680473 -0.138801623949534 -0.314299618299946 -0.347550441064342
-0.560515098231021 -0.0352274947397291 -0.466271929338817 0.0188393860313496
-0.612095530438471 0.134508416721548 -0.227245258913384 0.257836815015387
-0.54252093294835 0.372210721382919 -0.0147092608106168 0.237345309547883
-0.412666334422951 0.543852591669499 0.0544810301340274 0.121893029235979
-0.391571238421696 0.597346365209172 0.0863679535006292 0.0381600847030118
-0.357328949009281 0.589610967753459 0.0675361998396408 -0.0438832284766953
-0.479252895986239 0.570617733575206 0.0801723458880731 -0.135864533976818
-0.652630220768209 0.355059019089703 0.101255594956508 -0.207260496939656
-0.686461662563447 0.100415041015777 0.230763111564977 -0.157640781159223
-0.582258040208771 -0.12479774593163 0.264040139881207 -0.0418239325596503
-0.536532422837689 -0.344383559941292 0.300137906073957 0.127162875252807
-0.572276693377895 -0.474438465574684 0.272538091735026 0.160386615956228
-0.46814645518311 -0.47020043469584 0.0138716139128993 0.195674961431325
-0.469730175918244 -0.377185873638553 0.132028881576099 -0.148275083046072
-0.455924183849638 -0.227804783335178 -0.227284590679747 -0.260025682929419
-0.557167295646643 -0.155566455051443 -0.425094974788954 -0.0295479066208399
-0.656384476685168 0.0769640847993765 -0.356926941845842 0.218255947915305
-0.565384841884269 0.349337682668308 -0.21868885019539 0.322389981428709
-0.423703606308533 0.521837428768407 -0.124498294356593 0.323957998467542
-0.386971967826262 0.550809656001081 -0.0417663699618798 0.26383759155304
-0.356211340699755 0.512610107004099 -0.0484327934617943 0.174278006834965
-0.442367255738312 0.443647736694681 -0.0497983813194067 0.0418632887823374
-0.543771175723116 0.229269313212514 -0.0339401812846426 -0.122097144614806
-0.484711363101906 0.0239544225883093 0.187618301408158 -0.186727019231243
-0.38406858173702 -0.031946330632244 0.343431446298419 -0.0645040034632117
-0.455446843596985 -0.168860023934041 0.419729859303796 0.193292496850526
-0.570639855981168 -0.346918943546732 0.414159497243111 0.328082050773375
-0.361201295816822 -0.331602250836523 0.116839332983255 0.408571253234468
-0.303424473390674 -0.273383476966496 0.184790119231079 0.0508199728398656
-0.283562094220131 -0.237996225700973 -0.113172889957393 -0.153223247999129
-0.437525519946651 -0.210329936874034 -0.365855295040199 -0.0874078012243225
-0.555550945216665 0.0274599664894809 -0.488785733536542 0.177021951765216
-0.471114629768086 0.274672405844331 -0.417925272446151 0.40838147968515
-0.358797742758546 0.415430126002116 -0.286631680054802 0.502952937376953
-0.326675105955957 0.416711939475969 -0.160723234289054 0.448719609730482
-0.307556674652814 0.360907597466372 -0.157577644322893 0.332449984391216
-0.350983171997392 0.249259542739527 -0.159550021427498 0.146449735927796
-0.362201821451047 0.0641319074394004 -0.115859546971561 -0.0958085500213658
-0.225285107750122 -0.0462237651582114 0.19277019316891 -0.215206787986792
-0.163509707757708 0.0588877937013618 0.41516088463143 -0.0488545076663802
-0.333897783214016 -0.00667215383670759 0.466929157844936 0.251487100900161
-0.484713652160352 -0.197645779118079 0.514896699743994 0.433325824438878
-0.217052304880887 -0.121502695853472 0.184540313276335 0.553852750507308
-0.121894559363642 -0.0860032532918386 0.215981476517634 0.208221232889617
-0.0876030110336075 -0.140367016007789 -0.0220419525773736 -0.076803903364303
-0.214460691439818 -0.165875714971012 -0.328622016458594 -0.130432188181305
-0.320923437558697 -0.00279534964285115 -0.584644317228776 0.166959211915209
-0.275311958635744 0.149701675935133 -0.551063435579397 0.482516500626345
-0.231087615564759 0.23504116825514 -0.392287571636078 0.622745492449135
-0.21857525614403 0.222979356015984 -0.251382441787036 0.56535987114316
-0.218752831039702 0.170674194054139 -0.24819914145131 0.414346545524512
-0.219820404131216 0.0585454331487256 -0.236585075134124 0.168672599763029
-0.157685493887902 -0.0601027734780835 -0.134270608552524 -0.11902649219511
-0.00276457837704185 -0.0696718509839239 0.241859226962706 -0.214789331036121
-0.0015878406076403 0.121566623039681 0.456323856635828 0.0182188310539799
-0.203435746802367 0.100996801934946 0.437854343778401 0.30315410073415
-0.323604204054296 -0.0503677596683032 0.558702268184805 0.481763685168347
0.0406289718587039 -0.0790577343010996 -0.568533182284621 -0.417540422832424
0.00132027066877669 -0.139362542902864 -0.428398734886802 -0.314055731936059
-0.118067205345995 -0.0574473798001922 -0.454400758821204 -0.129732905657784
-0.111230614541034 0.0857187067182311 -0.333067149037597 0.246577660090027
-0.00374317018635691 0.11400489748353 0.107851957683028 0.240985952966711
0.0401596345173238 0.0762315672270072 0.325464411996772 -0.0892341952421397
0.0856171660203179 0.0300049616787323 0.323768320274981 -0.423414346358753
0.084127106763537 -0.00100752046997151 0.296248867256897 -0.607172518083697
0.0892447032186905 -0.0016153215901298 0.361026196213419 -0.686336832144558
0.0659090264170465 0.0369903613816197 0.497590683622262 -0.595622301344531
0.0312678272312567 0.0740924208996736 0.572010371430362 -0.320350433606227
-0.0475147476218634 0.122591307701432 0.370545432199131 0.00518806093867746
-0.144230415307733 -0.00725151080719034 0.0488956078224503 0.0419878741645366
-0.0517610484845242 -0.162310602771982 -0.10851705747699 -0.185390450796903
0.0436524154397221 -0.133240478690229 -0.180749274724778 -0.564019660514916
-0.174640304230353 -0.200514756578242 -0.53582381535069 -0.4032202924182
-0.196966291926685 -0.169511350255827 -0.328232214078293 -0.339272266266166
-0.25028055246458 -0.0121359339370454 -0.408066103153134 -0.222241858102145
-0.21778026842065 0.112362647371346 -0.380788599835018 0.175967088374609
-0.148360162648831 0.163176352012118 0.0404912765047768 0.265607164849663
-0.102965999317121 0.197358469912167 0.312736795939895 -0.0150848057496156
-0.0415309335903118 0.224917072875807 0.340485401828444 -0.363374453856925
-0.0601456145234498 0.234969981370377 0.302978001614256 -0.551784528311134
-0.0645443207755958 0.242018997044666 0.327699919860982 -0.643116723545908
-0.161088402037543 0.261554371914297 0.442824089660348 -0.60019479071016
-0.27517731244716 0.183004800056866 0.523050378165196 -0.380434025208373
-0.361648275821949 0.0853256163631675 0.37661645586716 -0.0461904452689037
-0.3773581602104 -0.150317041911198 0.0684077725370322 0.033522850888973
-0.246289261191651 -0.368900611088977 -0.0805232538457571 -0.148870203181742
-0.158256705333751 -0.34978954104329 -0.131136960460369 -0.46247273857209
-0.368417258458013 -0.329074978790633 -0.440999455196001 -0.337802479030765
-0.407112465191085 -0.228398758336591 -0.219819849810253 -0.367490587121451
-0.401935545743423 0.0129511615732732 -0.382467305312652 -0.295979647869164
-0.333914338252165 0.132664284048804 -0.419806908553348 0.121811536735221
-0.29628774084695 0.196310051847326 -0.0266996789614298 0.277480378646005
-0.253200249179118 0.295026126450806 0.260058157710895 0.0634911021146747
-0.175213296684432 0.388054604881953 0.303040249276475 -0.246646364230116
-0.192550010937068 0.434889115119225 0.264899133729168 -0.411977199993736
-0.188802009194788 0.451512556963701 0.254249184789018 -0.503719210141552
-0.325206733907272 0.469264939625446 0.327551147292351 -0.51645316683632
-0.506192575345696 0.320184846688733 0.400619287081266 -0.388093613942701
-0.614155195247062 0.117486194820158 0.347579819707983 -0.107150918867445
-0.579028093264459 -0.199860679928091 0.121273711266694 0.0152627597914654
-0.434048241615017 -0.467786769766044 0.00702042894203227 -0.0616547531483881
-0.354730799314285 -0.479780581186297 -0.0298148509891239 -0.276976980480535
-0.497949771367214 -0.430802222106476 -0.292066871877603 -0.209657725166715
-0.558416705150375 -0.299347181148148 -0.0929374825051447 -0.37205081409276
-0.52156285808226 -0.0167995433499353 -0.3711344345165 -0.339861500208812
-0.460940438308287 0.102043771403783 -0.453968274658074 0.0860698904680009
-0.458429365680915 0.204116337707596 -0.1036343572152 0.281848461091242
-0.400367763345259 0.367526221842451 0.159449583043832 0.146252301964521
-0.291572636600362 0.50646883147991 0.207332752192121 -0.0820348574714736
-0.292033900684218 0.571085399206426 0.18959580787303 -0.206304540146731
-0.271890819711691 0.58041001009304 0.163163572813481 -0.290490247062602
-0.41190493921852 0.597916167645123 0.194534537103867 -0.349435361472655
-0.622704131008673 0.415090356587958 0.240327430843322 -0.322913933399931
-0.727782189305657 0.163310745827905 0.286076250084472 -0.151553208592273
-0.662884024531166 -0.160315582552111 0.189910597715274 -0.018372470881191
-0.549446266165906 -0.435061321179386 0.149555094840366 0.0321818982799892
-0.514209185715154 -0.501412684333117 0.116932638136834 -0.0615345788189891
-0.538749951614423 -0.473828853810517 -0.125350028865753 -0.0230161364553441
-0.588351035986619 -0.348498654851405 0.0271354522241071 -0.308055182672676
-0.54809779123985 -0.102110246009141 -0.331925638511963 -0.326069379795652
-0.55554987290091 0.0023418554363469 -0.458812772668677 0.052029298077046
-0.597963121713473 0.17569879570046 -0.208719328784826 0.269281660695549
-0.509926185446517 0.401857148593955 0.00195108066830795 0.236982574725702
-0.370123157056664 0.563056238449659 0.065591094131348 0.11877492803958
-0.343323456276998 0.616301333057219 0.0879433178710507 0.0311148342169403
-0.315161628926728 0.607811155275257 0.065578118466525 -0.0477907501084233
-0.433153670107866 0.594541101220902 0.0674838918768903 -0.141875992280702
-0.621855048201384 0.396092694094389 0.0847623925183838 -0.212878474439571
-0.669897885164023 0.143751343382144 0.21718531345903 -0.178091315793755
-0.581812306181062 -0.0854978278529004 0.26283440030744 -0.0588882935454554
-0.552922017399045 -0.306682723479351 0.307381763506721 0.107971355133801
-0.59304197229851 -0.431350114798783 0.282394721583955 0.139357779773373
-0.489994895673743 -0.431277135820353 0.024908490741517 0.194160663445321
-0.490311507408219 -0.342076812732748 0.12100893682427 -0.158647327197705
-0.460417426756973 -0.195738349036819 -0.241359378446064 -0.246492847994538
-0.561172666300034 -0.117477286044782 -0.42083769586188 0.000510377875642511
-0.644860859251138 0.119765450408227 -0.340319113829318 0.237589887658818
-0.534385567724477 0.380779267418732 -0.195006261322809 0.335387240400178
-0.380338106488008 0.541093230969248 -0.0965088224975545 0.32948799477267
-0.341452961364938 0.569818430127691 -0.0237333674943285 0.261360614288037
-0.317218710721642 0.532211805978556 -0.0346168767960333 0.17531257243286
-0.406363728759399 0.465755799073884 -0.0480875735832464 0.0428259633383132
-0.52152915331332 0.263508559518805 -0.0436052178898031 -0.119212512634775
-0.474949770377083 0.0563130277766268 0.170673011419753 -0.203539289736476
-0.3763790674115 -0.0073581298284907 0.335817783595963 -0.0873518201819729
-0.459883552995116 -0.136572770486162 0.427921064129884 0.1648851894703
-0.582667609505193 -0.304371477516027 0.4336393008064 0.294350327092212
-0.375405334011872 -0.302125885113308 0.139475171566158 0.396336902544788
-0.317467381796285 -0.249696025590407 0.185561685099632 0.0334248115898935
-0.291404968359452 -0.217292247018667 -0.122629417179146 -0.147463616497485
-0.447177537530763 -0.181108124215706 -0.368179848518391 -0.0626309541723761
-0.548905114940267 0.0657441256190138 -0.474334244253816 0.205194059421054
-0.445160921557657 0.301671460663685 -0.385008961716492 0.432032007080855
-0.325084953661904 0.431570450059055 -0.24311683349979 0.513862333130967
-0.2902133784811 0.434345300727256 -0.128000142771925 0.449715221601294
-0.279137720520123 0.377606125051836 -0.133469767067191 0.337442412624484
-0.33090205072961 0.267851406774381 -0.14759822199226 0.154129626042344
-0.353152529349039 0.0875482454765902 -0.122367885160589 -0.0880593306209821
-0.22366318244314 -0.0324342035233548 0.17379977143687 -0.231495792741839
-0.153043614579822 0.0688437183948616 0.404246810235464 -0.0781548447319973
-0.329044172243884 0.0163944521955511 0.476595284965264 0.218014766970909
-0.488674882159569 -0.163544635176455 0.540622243728441 0.390698959662783
-0.220600520002967 -0.105165274439897 0.215121247188594 0.533693393685682
-0.125440593181711 -0.0756556606401159 0.226735378210299 0.187458884196331
-0.0938214706601428 -0.132090942187654 -0.0281259038009518 -0.0778206826152786
-0.224359583838161 -0.151986665020456 -0.335776145589133 -0.10878578140386
-0.318197453170764 0.0190081061500567 -0.568839537953592 0.201931853444255
-0.261885602898969 0.164739529877578 -0.510823855831561 0.514069304390706
-0.211425745892391 0.245595182633683 -0.34022494002399 0.640105721716862
-0.19839417475758 0.234420914663391 -0.210876309742863 0.571238161783638
-0.203844317622869 0.184593942115871 -0.218520237477138 0.422115372263624
-0.213649290041164 0.0715028826038913 -0.221437034696863 0.180804641846616
-0.158890642336483 -0.0500413321596303 -0.141569732353235 -0.110061340305952
-0.00566270248415505 -0.0700001231141501 0.222109786700791 -0.234328516569255
0.0108822474673819 0.120058114955433 0.4482191921539 -0.0154463048079242
-0.194116204799299 0.114454215106973 0.450021149666994 0.271951954498257
-0.320740944426265 -0.0284636139048591 0.584507433933786 0.435307418584275
0.0362369714318613 -0.0774122894304748 -0.577320345392116 -0.380619528394103
-0.00703326009411118 -0.137000299042279 -0.431929115386044 -0.284778562235013
-0.118606423167616 -0.0506963104409785 -0.449476381765251 -0.105596746364374
-0.104384637832201 0.0910314769204548 -0.310977810834835 0.259425486291827
0.00221848289287814 0.111464170477862 0.120715055536161 0.23283225582879
0.0429861428815084 0.0736940253008717 0.314279807367785 -0.102126017728018
0.0851946175301799 0.0253998540296736 0.292800357592538 -0.426349138043528
0.0811681530810141 -0.00679714435549149 0.26046437136695 -0.605892500604171
0.086428995610064 -0.00837242148253987 0.320162287474706 -0.687996200050489
0.0669997918311907 0.0329012547512949 0.454629135763796 -0.610261485212441
0.0338742958343587 0.072658635636609 0.545505101115687 -0.344300136755113
-0.0406007852337661 0.123268640768617 0.365628135373051 -0.0126656431719983
-0.142875573296798 -0.000995466233118098 0.0561444102911094 0.0409485546880068
-0.0600712551821723 -0.157746093671463 -0.110876993418706 -0.176252889881452
0.0350149447434824 -0.1324028298768 -0.201216025555358 -0.537799773659971
-0.179196660253966 -0.184706482426822 -0.543650739568577 -0.368974742085906
-0.202251661464671 -0.156669716107765 -0.336096103366936 -0.31383510808674
-0.242726145573538 -0.000286092499162901 -0.407612397607517 -0.198300360723464
-0.206013867483518 0.123062857043561 -0.360696885209845 0.192031859823554
-0.136507682268182 0.167204640816426 0.0550860013837033 0.259041167687159
-0.0896452131486238 0.198509555279551 0.305884983704029 -0.0290527703321174
-0.0281466312924831 0.221565834464387 0.314168892268254 -0.369544971288845
-0.0462963587224763 0.232637126827082 0.269250551128812 -0.553365147382947
-0.0514212002068847 0.238823962174416 0.29058828707873 -0.645792168643085
-0.143941822348679 0.264355530723951 0.399660212711465 -0.612498869140728
-0.260536470232321 0.195431982395285 0.493066554561888 -0.400539384364003
-0.350128774896798 0.102456032618116 0.368678611871749 -0.0650877779884765
-0.377899628985646 -0.128807927664867 0.0760323898612793 0.0312144953546771
-0.259657493017805 -0.351385782597661 -0.0817209317448354 -0.14208333480227
-0.170840089559163 -0.334214624995571 -0.147706750646192 -0.444019699197206
-0.372429041613738 -0.300614754888635 -0.447953859663777 -0.308635046969141
-0.410703116185062 -0.203974514163167 -0.231454155105155 -0.348823876250132
-0.388775593882085 0.0323612460757473 -0.386379459392403 -0.271946961830069
-0.318093379798015 0.148967809195621 -0.401400864134802 0.140724931774122
-0.279614224202523 0.208369934430215 -0.0106100263460111 0.273742202122561
-0.230991897052374 0.30054008968891 0.258340460026857 0.0493254573013474
-0.150082723654232 0.387272988536954 0.282634608054882 -0.254074761297266
-0.163866992121217 0.434964540401396 0.239650221685759 -0.414540107492246
-0.162602386383447 0.449882879837943 0.225489360602044 -0.505136973312967
-0.294212387192725 0.475921248609118 0.292384377295513 -0.524930747841907
-0.480011686654946 0.341824794988878 0.37137545501274 -0.401901464722802
-0.59553191147738 0.144856271944422 0.336458963575462 -0.125418480162314
-0.576502897517162 -0.166830119811236 0.127127000715085 0.0100601900488916
-0.448474035869066 -0.439667787158975 0.00729573115913222 -0.0596706054551258
-0.370695191790416 -0.454274414594421 -0.0393361898350054 -0.268743714584285
-0.504106038398993 -0.396048320474831 -0.297210465734167 -0.19036927535167
-0.562207801155089 -0.266637209016503 -0.108112143720202 -0.361240430370594
-0.50645242623864 0.00772120776815964 -0.378083423660018 -0.31798137022862
-0.442531047856954 0.1243841580735 -0.437104610767139 0.108141553449424
-0.438949204496451 0.22348955420832 -0.0872763811482625 0.281465167580584
-0.372276927883725 0.377834387401522 0.16442665707947 0.136184222322316
-0.258279936767241 0.50945378127427 0.199780373732673 -0.0885311585150247
-0.252517335058189 0.571451139596361 0.175295048208141 -0.211040737895118
-0.237703979486776 0.582196258535033 0.146810800284957 -0.292142741687018
-0.372541161563435 0.604419800981578 0.169758632278833 -0.354112108331401
-0.588381812412503 0.441788417373133 0.216928481809957 -0.329886493835491
-0.701983744462144 0.196054848155588 0.272603730078132 -0.167372400277109
-0.656997835265229 -0.125410381398397 0.192108618273267 -0.0271731135435393
-0.558485354315649 -0.404239346019237 0.149881908968437 0.0257569514002026
-0.525978638430828 -0.466781214031158 0.114015818816275 -0.0666558725671429
-0.544056548748608 -0.435225284071377 -0.124956215042307 -0.0149093272751314
-0.595088539427853 -0.312398704568565 0.011633112002026 -0.305948324019742
-0.53547000492183 -0.0751952345442955 -0.340793010734475 -0.306620005526184
-0.540757093701502 0.0301038324741737 -0.445122254500228 0.0743644141560766
-0.578483054928226 0.203157609896839 -0.192339280126476 0.274513145194441
-0.478566675083854 0.416951632817453 0.0140849387844555 0.233896947634172
-0.329101847752606 0.566957371810031 0.0732053886252809 0.114213420061944
-0.300587489339907 0.620332713447683 0.0872705341394408 0.0255788486165768
-0.277509807284704 0.612557467639353 0.0637671147181887 -0.049989712695906
-0.394997859198589 0.602796516136708 0.056330726269584 -0.14389385636643
-0.590203707271766 0.422646926268545 0.0694892509679931 -0.213728371713542
-0.647386845229135 0.173866149107922 0.202216024920097 -0.190771769714297
-0.571575950960637 -0.0560401682738117 0.258809058656675 -0.0708465926684938
-0.554421220038922 -0.275040152196933 0.307480063715403 0.0916193879363442
-0.599993933488594 -0.395447980129129 0.285956398268598 0.121167812820529
-0.495888062627529 -0.397561237078149 0.031917345077727 0.189825870422362
-0.497611775564369 -0.310885537407334 0.110494711942016 -0.164764608559633
-0.454019876788146 -0.172126220265123 -0.248457489502365 -0.234873217705786
-0.553612460414982 -0.0888508299030338 -0.411445985761955 0.0207104983748553
-0.627591598458546 0.151011949327173 -0.323877265677616 0.24808750377481
-0.502586978840286 0.397187966698056 -0.173791509893263 0.340388860996145
-0.342242624838773 0.544355732523214 -0.0735190398850957 0.327699596332888
-0.301513451176241 0.573944521450892 -0.0104125035020056 0.254989448530346
-0.282445348254854 0.537734389582552 -0.0238409335015523 0.172198898656228
-0.374870807642984 0.476232736665062 -0.0460576239110675 0.0435359131709844
-0.497919827194299 0.286425419862187 -0.0509228948329081 -0.115248713306411
-0.460192297036232 0.0759942774815178 0.154166594683579 -0.213525109442719
-0.365926078977385 0.0112076341869308 0.325498058767542 -0.103471772329942
-0.456654821547505 -0.112565112309299 0.427402059634104 0.14269939736838
-0.585054987284328 -0.270288552192084 0.440930321852122 0.263696169756257
-0.379544622259664 -0.275868498714659 0.154286431779544 0.380512740162887
-0.322879903088437 -0.228343148694075 0.182423425993138 0.019562510346935
-0.292145962499958 -0.199213499964586 -0.128185517426056 -0.143028896630142
-0.446154967511391 -0.158676199545467 -0.364041897447132 -0.0439607588566135
-0.534566375069297 0.0928779676307861 -0.456748576078692 0.22332941314324
-0.420721230390809 0.314558741480886 -0.354424199223592 0.443860369461925
-0.295424088852177 0.436777876898719 -0.207937605315533 0.514948549938624
-0.259452589555122 0.437441426093779 -0.104343593297849 0.443900387832189
-0.254589318451921 0.386393195334805 -0.111419134085862 0.335618845645439
-0.311958238725666 0.277825035425763 -0.136965866472909 0.156942407846972
-0.340887228075419 0.103140065200898 -0.12635322347373 -0.0806088915657405
-0.217927021902164 -0.0221637632447069 0.154667225377911 -0.241173281231054
-0.141828112335963 0.0745279110469257 0.390113517419222 -0.0979262736071031
-0.32058547636913 0.0323920492120202 0.476056612827003 0.192379481613263
-0.485483601691584 -0.134504064560085 0.550364735315184 0.352089688159309
-0.219085868275154 -0.0917342346547503 0.233224989812383 0.509709691631221
-0.12577328399199 -0.0670613152169925 0.229333525618369 0.168231477260586
-0.0965957707610794 -0.12463771663463 -0.0333552548383903 -0.0784046828055553
-0.228258008983781 -0.139872437840296 -0.335256456572283 -0.0918505861353357
-0.311317523880407 0.0359440442525946 -0.548034312669814 0.224190604351593
-0.247641711289522 0.172488196893362 -0.474118241027335 0.530672188114245
-0.19408271627379 0.247632194044498 -0.29643165003909 0.641023596700368
-0.180248299686332 0.23831131219372 -0.178798766074569 0.565466831376853
-0.188487499497159 0.191110109896866 -0.191909946074529 0.421608011299773
-0.20654491801655 0.0802354192398535 -0.207520562336109 0.186192634369415
-0.157083015375268 -0.0417554166013006 -0.144931585754139 -0.102372623537949
-0.00673248772830263 -0.0698075326925925 0.202589241975709 -0.245167050715781
0.0204993787957657 0.11667389168816 0.432119207775513 -0.0388892488975657
-0.184329143246963 0.1228219004066 0.451107583465184 0.247101849589663
-0.313581284080098 -0.0122585317066348 0.593951821582764 0.394009323044698
0.0329242894145934 -0.0758608169354057 -0.580353309491765 -0.352978828999943
-0.0127558936117892 -0.136004505277163 -0.43181980612657 -0.264256117742558
-0.119018622338683 -0.0464296495094876 -0.444706659800361 -0.0895773515776369
-0.0981969231081627 0.094683156029087 -0.293452112420854 0.268185212812481
0.00636142366450245 0.109402672976952 0.129221406303048 0.225696776800206
0.0455448562537385 0.0719485028260402 0.305551933292815 -0.111565579756574
0.0848408615283552 0.0214057907370379 0.27095287298984 -0.427903688121793
0.07834447574228 -0.0113086342946495 0.235718405270035 -0.604475853321899
0.0834373377029504 -0.0139834194943226 0.28886560664985 -0.687779917206977
0.0682037110720151 0.0297693771059776 0.421800884679301 -0.619586846125197
0.0358016703361584 0.0721708108402354 0.522234565321291 -0.358572330964258
-0.0358124398982861 0.123920510788781 0.362039588552689 -0.0238912238692407
-0.142369073778418 0.00378644511189531 0.0625190586342269 0.0398139552276025
-0.0670596839565934 -0.154786300486054 -0.111051074287252 -0.170058357673892
0.0277480775544021 -0.131580294539912 -0.215645081290856 -0.518488977359389
-0.18107645655236 -0.172913484669497 -0.547431834256162 -0.34324087911682
-0.205837002620117 -0.147105721824458 -0.340480967618871 -0.297335252600244
-0.236584620774181 0.00780711975147395 -0.406030051957404 -0.183194955729977
-0.195966925691747 0.130560093299258 -0.344841770878081 0.202543348378488
-0.127434251347039 0.170344472614983 0.0651476240818562 0.253357314144604
-0.0799447489472648 0.198891465123818 0.2998226843907 -0.038939821926432
-0.0185570621287494 0.217967949360341 0.293150714882955 -0.373141084994354
-0.0363618053411373 0.229032111842397 0.245559309889811 -0.551747192859377
-0.0427359626808296 0.234997278449669 0.261080292632495 -0.644226536963134
-0.13077461938729 0.264546489742048 0.367578202979645 -0.620476346061876
-0.249406612054313 0.204190027058901 0.469014114104528 -0.414307089512684
-0.340152303829596 0.114481750932471 0.362296949452499 -0.0784910040119701
-0.37670235817822 -0.113170880621304 0.0827118960034403 0.0288838181933019
-0.270103986808942 -0.339104574979688 -0.0823201937427919 -0.136506736236649
-0.18093182708455 -0.323845929400794 -0.157441171745285 -0.4285693963621
-0.37404186654919 -0.280822518317711 -0.453528532891636 -0.287667222977808
-0.41251934921672 -0.185066262918767 -0.238917165070332 -0.334786869979937
-0.378353629598122 0.0436474451967468 -0.388760383655706 -0.258530214046895
-0.302852080971802 0.159926680284051 -0.387000385905337 0.153435607279473
-0.2675520195434 0.216761697044667 0.000180580094650345 0.269652728599636
-0.214199178330423 0.303494238866341 0.256512479733816 0.0400790515649113
-0.132266931614371 0.385099999521295 0.268917770751295 -0.258016837120289
-0.142053640272736 0.433802935347526 0.222189643770646 -0.416659743890692
-0.145299971469071 0.449031882526953 0.204219284675571 -0.506085345959953
-0.269952459862989 0.479317324069944 0.264379307472246 -0.528424259076434
-0.458902184043875 0.356339867975635 0.348306543652204 -0.411165828540832
-0.580614531993336 0.166372524679753 0.327445728584192 -0.138599072227351
-0.574035109798944 -0.14266321080094 0.132630596456043 0.00470967578621044
-0.457690027569544 -0.419945212912905 0.00755026042646634 -0.0579619421543048
-0.379899184605688 -0.433697281057243 -0.0459436447108241 -0.263350018861021
-0.503906422745668 -0.369032193690384 -0.299672239885122 -0.175481091037196
-0.564579876545338 -0.241509384946997 -0.120003306976156 -0.353449291662887
-0.492745929896209 0.0236186923538919 -0.381749814721348 -0.304864573995591
-0.428312300972994 0.140373764311257 -0.424818606821103 0.122150909214352
-0.42246614957596 0.238171210274699 -0.0760949760301642 0.279925883508847
-0.35088139757879 0.383981561008811 0.166436037775031 0.129089610099307
-0.233139395701394 0.507659546418594 0.194719261927489 -0.0928319653290472
-0.223836940967473 0.571659064577245 0.164378427611599 -0.213967774336346
-0.212063363895226 0.582674502540378 0.13497829995199 -0.294706927204969
-0.344033278158846 0.608207278762634 0.150686409825394 -0.355938536111882
-0.562703701721357 0.45927176628216 0.198753643389836 -0.333993275790313
-0.6843031952893 0.219924315289997 0.261130438421901 -0.178863184904292
-0.649562042522435 -0.099337342675343 0.193566409623085 -0.0349346276503662
-0.566594689167144 -0.380324154268446 0.151633643523227 0.0213819668454503
-0.531596861397502 -0.44088882003228 0.112563086644827 -0.0711508783255036
-0.545244540484148 -0.41025645340888 -0.124101910588042 -0.0089883212570075
-0.597917115126328 -0.289327953322036 6.14454839042145E-05 -0.304041117403174
-0.526109896668854 -0.0574583165369426 -0.345597927659455 -0.294430580588621
-0.527772490373505 0.0502987677307921 -0.43492271630899 0.0900072932291188
-0.562271719820905 0.223042164520814 -0.181390863356538 0.276373445624145
-0.453666871271724 0.425688065683458 0.0229193598576796 0.231253117163144
-0.301748635633089 0.568268288586665 0.0792264039657677 0.110866407201023
-0.268886070255435 0.619368591713225 0.0860710856338904 0.0209184165301518
-0.24973953689047 0.614300268603665 0.0623720672872938 -0.0529394945568684
-0.366168685548637 0.606707818015142 0.0473945224146365 -0.144534238366838
-0.562248206460319 0.44018448315294 0.0571302534481636 -0.213159857167059
-0.62917428033721 0.194741880853596 0.189221251209843 -0.199590998916718
-0.562091265109394 -0.0351784475918144 0.255887250467883 -0.0814217538859071
-0.555948883633731 -0.254244547341426 0.307909078381113 0.081380677442221
-0.604235304141699 -0.365122772390147 0.28865518969122 0.10663916644465
-0.497596571908371 -0.373389750894803 0.0375005805411279 0.186727093356135
-0.502402833814686 -0.28885374047909 0.102165453485331 -0.170464752686808
-0.447569912084938 -0.15469097409677 -0.255133826766837 -0.227067687158471
-0.547664477989898 -0.068250775045147 -0.404403920925347 0.0357859806061677
-0.612148420023003 0.174069744781396 -0.312654121765659 0.255713805944901
-0.479613122465454 0.406727585080376 -0.158660456167451 0.342716120459599
-0.316780181918327 0.544655566404225 -0.0552172577935142 0.325119550765451
-0.271190704493853 0.573956511005589 -0.00132218295597704 0.250320442893166
-0.256884788880772 0.541991695102669 -0.0156526020733107 0.167758752179134
-0.351442878301687 0.481966719663324 -0.0450180181095247 0.0434685406226419
-0.479231252836434 0.30158216582184 -0.0575134635020877 -0.111923635423583
-0.448332134786749 0.0929207180257723 0.13984273137275 -0.220995694434455
-0.355814513329758 0.0233311271557688 0.317136483655553 -0.115352299680989
-0.453311586517918 -0.0954359076375146 0.426676969604639 0.126561928870552
-0.58420087013254 -0.243703446904928 0.445453622151527 0.240280532741359
-0.378651175998865 -0.257825035568854 0.162994327409684 0.369943709380481
-0.325596326424499 -0.212571436832824 0.178245438644151 0.00866218410523447
-0.290760653623411 -0.187789591446411 -0.134206201513498 -0.139714321298851
-0.446100704071264 -0.139186087208873 -0.360626515461411 -0.0311405002369955
-0.523509609585197 0.113191010844317 -0.443257210074093 0.233823059249401
-0.402969299996122 0.322719247883609 -0.332888908041624 0.45258786020263
-0.273123728089649 0.437866041576224 -0.180632802710553 0.513738440823927
-0.236058136121744 0.438720660525588 -0.0863610856598312 0.438836491559424
-0.232813390599456 0.390107565277832 -0.0969969253837446 0.332516104005459
-0.295472371192961 0.283525117296475 -0.129519872559073 0.158708696602075
-0.330083572392831 0.114055954977461 -0.129506882713874 -0.0749911200072284
-0.213196030651895 -0.0150867797893853 0.139257655080961 -0.247172430356536
-0.13244877376347 0.0773507569159537 0.37719226364696 -0.111770275523343
-0.314907473395305 0.0442669644407739 0.474982302483985 0.174458491669967
-0.481344499575521 -0.11433206039801 0.553567789620837 0.321297131192996
-0.217551810541153 -0.0828730658671919 0.24334930639655 0.491767638020803
-0.124941544265754 -0.0614359064788365 0.229241060167941 0.153467250870002
-0.0970745844911912 -0.11951118848069 -0.0381658152786177 -0.079246143875983
-0.230445930749768 -0.130815916843993 -0.335163538721703 -0.0804813978858262
-0.304667764899611 0.0477989370611812 -0.535214183602308 0.241451224432653
-0.237151315767691 0.177893848563422 -0.444826274639136 0.540935562025436
-0.181900375931745 0.248878679900982 -0.265747510275222 0.639217625604352
-0.166612000638836 0.240345240243019 -0.156436563917553 0.559299693091153
-0.176894390159751 0.196104780447139 -0.172327916945777 0.41977540316981
-0.20000794836147 0.0862426549483872 -0.19591563651807 0.189108030683718
-0.155347428355024 -0.0363909019464119 -0.147270920072989 -0.0955081916721507
-0.0074381722102123 -0.070377736389918 0.186278464415061 -0.253272115369357
0.0281647327726833 0.113320134797157 0.418161973376548 -0.0546516320849023
-0.176680528604268 0.128933816775999 0.451498737232133 0.227709862203554
-0.308179301973263 -0.000836276341922029 0.597234964659371 0.362303478963262
0.0307957902756777 -0.0749433166587606 -0.586179228938366 -0.330216715788334
-0.0188006059189178 -0.134537017585153 -0.434748263774258 -0.245716108847012
-0.119607019349103 -0.0421125103593979 -0.443032749628434 -0.0745537137461477
-0.0931627893253135 0.098138864928363 -0.280017906945392 0.277329783925304
0.00992566823020202 0.108508123555302 0.137544177929125 0.219745994310892
0.048274652327863 0.0707207840831166 0.298176645694529 -0.119519234847686
0.0849408963298972 0.0188641893848538 0.254046537766478 -0.430247920678419
0.0753192526619907 -0.0147300513688315 0.213177203716609 -0.604503343713003
0.0799190457347992 -0.0188089823397926 0.261712421032191 -0.692917804468063
0.0695657688206741 0.0267083797302481 0.395226048589627 -0.631186719740669
0.0378201999112477 0.0721526046729245 0.505729777357191 -0.37653722216451
-0.0310706088940078 0.125308384034772 0.361062231981986 -0.0366894656629068
-0.142773560652067 0.00808057714278768 0.0688716476724028 0.0375863261036852
-0.0736970093160338 -0.152364132768122 -0.111837174404656 -0.165098284932332
0.021864735679625 -0.130857362836537 -0.227111609369554 -0.503153692776282
-0.18190603543951 -0.16389554272388 -0.556550547914497 -0.319982173475124
-0.209913088374049 -0.138798502338855 -0.345397795016871 -0.282077394024169
-0.233086205558491 0.0154093229409041 -0.409438694160779 -0.171506610821018
-0.186670576710687 0.137364100208652 -0.33341018872261 0.213160640382868
-0.119387789122719 0.174774391512644 0.0739862810526449 0.249299812660858
-0.0712041892240746 0.200503595998811 0.295314391373276 -0.0482761253412318
-0.0100116546010009 0.215742261642708 0.276546867745245 -0.377183842507628
-0.0275469059769058 0.227174144316501 0.225961158952012 -0.556650136666
-0.0359507404746205 0.233135699816289 0.237694945697998 -0.647654904353173
-0.119023285311359 0.265975610777014 0.339903004306697 -0.627641483150198
-0.239051833719311 0.213406722419603 0.449846521664032 -0.428074879219307
-0.33312318241514 0.126437613783249 0.357869831579696 -0.0912601594464656
-0.377827599536213 -0.100702064820322 0.0896781081794951 0.0258997598571159
-0.281933178935551 -0.329241391843734 -0.0827892847284943 -0.13238707418117
-0.191797988554627 -0.314319475640683 -0.16683738555959 -0.418507089837504
-0.375648517481538 -0.265178449646157 -0.457841117664653 -0.269954415033262
-0.41743805461579 -0.16887903975728 -0.245982708292851 -0.323672248179826
-0.368560412311713 0.0558251683429285 -0.39437569860569 -0.245107284119427
-0.291319096393625 0.172071090431586 -0.37691538751372 0.166216013551827
-0.255634255733436 0.225895928506703 0.00870619219195483 0.267456554608396
-0.200549472152823 0.308481043956812 0.254729825078106 0.0323723152917437
-0.115808768600124 0.384687906902459 0.257298001934735 -0.262943334825667
-0.124433335186888 0.433639222272756 0.205484476630972 -0.420791230092991
-0.127015939077501 0.450580938223153 0.184937434266798 -0.509047106450448
-0.250743731174554 0.483604547658338 0.239850099121756 -0.534709677824711
-0.44130723250755 0.373296162250418 0.328009321757266 -0.419722859150285
-0.570141468566648 0.18463203697284 0.32001993558945 -0.151301946837969
-0.574053383535692 -0.123240409110548 0.137190314448788 -0.00101244576184145
-0.469726936604972 -0.403661059382051 0.00855065027554525 -0.0574037130303331
-0.390856931652789 -0.416311251707944 -0.0524318723656856 -0.261130301888274
-0.506839979079251 -0.348948927698363 -0.302965106657503 -0.162310242109069
-0.572498678150876 -0.221082397615682 -0.130787049849674 -0.345807952802932
-0.485083460697991 0.0377848262265603 -0.389716816241261 -0.292965450787146
-0.414238809510798 0.155722644723367 -0.415487046655911 0.136485366828913
-0.409900225510581 0.253643930300584 -0.0677419933080338 0.279828476992814
-0.331819704198933 0.392934627838345 0.168368606625607 0.124031952455847
-0.21246855487026 0.508366834838826 0.191014222167767 -0.0977021412571604
-0.198546117612877 0.571429159642662 0.155093041189888 -0.217819195926088
-0.188673677325381 0.58563482846679 0.123565022070265 -0.297160107941168
-0.318468030368506 0.614876146249947 0.132949411882511 -0.359221659857124
-0.539610606962207 0.477239799080676 0.182366637646417 -0.338982745679977
-0.669034644696403 0.241440128925802 0.251380333787114 -0.19007190766602
-0.647242197579567 -0.0783702725412307 0.19519587482662 -0.0435229425195965
-0.576839735394552 -0.359192735284313 0.153366027965606 0.0176837927308693
-0.540707034645091 -0.419421739781252 0.110634798311722 -0.0759958389075523
-0.54966931534594 -0.387958315637978 -0.124111372878261 -0.00276425197479512
-0.605000601271953 -0.267420445795158 -0.0104026913038043 -0.303986540642061
-0.517258511628065 -0.0416639515330193 -0.354585501852689 -0.286137558013908
-0.519426898157096 0.0684064405429445 -0.426787965301851 0.102704552888216
-0.548357177947405 0.242399976533113 -0.173430445589551 0.28048143415297
-0.433773639496351 0.434782598572507 0.0297136837843519 0.229929077861819
-0.278032161659223 0.567509752336813 0.0863418392800944 0.107416686606036
-0.240644804052647 0.622024144722426 0.0849644731729749 0.0174444827220703
-0.222671765867164 0.616991722912632 0.0595771134327515 -0.056440178402455
-0.341378838861382 0.613907541715433 0.0389322879008429 -0.145701747521895
-0.542508615578223 0.457422539798823 0.0460297810387728 -0.21296885833689
-0.615231606291039 0.213795507056086 0.176405930021675 -0.209277532518003
-0.55637617885311 -0.016414316709784 0.252211215424381 -0.0919062041553498
-0.563706653124883 -0.235252752457888 0.309989333612007 0.0727698946845692
-0.610037502353869 -0.341124207801456 0.290741093464515 0.0926457073048249
-0.501397927090072 -0.354924173245837 0.0424171915895755 0.185215798797801
-0.508474718193785 -0.27028471458682 0.0939809287128784 -0.175711839645079
-0.44528786430275 -0.139903553204986 -0.262050292052907 -0.220648926944995
-0.543000576371283 -0.0510978923071301 -0.399846880235085 0.0493088020645863
-0.6012175362199 0.195760819957942 -0.305207592156187 0.264268857693982
-0.461574339225195 0.417942999399517 -0.145008952382581 0.34834242582572
-0.29417152258509 0.549366287416365 -0.0392356671490588 0.323613889877287
-0.247225000080085 0.574857708984685 0.00582054654916875 0.247017175781307
-0.232383987583588 0.546959385093228 -0.00937478674585626 0.164834384098331
-0.332315538019691 0.488999078403042 -0.0442657273951115 0.0439069988715581
-0.461397603044235 0.31481340414007 -0.0640530553610537 -0.107877002903636
-0.441261814533056 0.106390277167816 0.12635837623212 -0.228608022144172
-0.349171022089489 0.0349435415900266 0.310148744381101 -0.126853407642843
-0.454614995940016 -0.0810587686372275 0.429144405791095 0.114611213404275
-0.586264125512436 -0.218105262210058 0.450390899449219 0.218716378336024
-0.381806185818503 -0.244705711050651 0.172253550614775 0.361603209229492
-0.330646516692747 -0.199995178078188 0.174503498775273 -0.000846619421950563
-0.291959632438451 -0.177411333735709 -0.139958705977946 -0.138704264197831
-0.445984438818279 -0.124974589595879 -0.360142053363308 -0.0208068014600303
-0.514606632857499 0.132697849461374 -0.43666715245066 0.247691567332863
-0.387813232967529 0.332862559123149 -0.312244919832276 0.462458407788498
-0.254651467825631 0.439365491621203 -0.156377621283417 0.512946651494732
-0.21689619543277 0.440986571894939 -0.0725384011370312 0.4367282581444
-0.215678194559658 0.393615024948254 -0.0852539123742667 0.330739688562507
-0.283853271197368 0.291793273614362 -0.12225032167992 0.160092227871417
-0.321570457072239 0.12536673290472 -0.133325967848964 -0.0694661823303131
-0.210082544620062 -0.0097972365042955 0.124279145417559 -0.253971510555555
-0.12449224147272 0.0809893479964437 0.368111212395208 -0.123681414505388
-0.310444064375169 0.0551113869884954 0.477709498900393 0.158696449281395
-0.479028514578319 -0.0945683030158421 0.559060012074419 0.29659678230792
-0.217541494241066 -0.0758541335150336 0.255096955491183 0.479139664130615
-0.12604316112226 -0.0562394222985229 0.229305922784238 0.140087407005185
-0.0981895713358955 -0.115629620539581 -0.0436203774565057 -0.0790143882974103
-0.234313568386285 -0.122843630775592 -0.337313073169627 -0.0698725708305551
-0.300091721923983 0.0585444111782113 -0.524753548106196 0.257337376189818
-0.22919111235217 0.183002454706263 -0.420706905781451 0.554716690205792
-0.171031124880556 0.251186942411853 -0.237053581243643 0.640536036467954
-0.155440335412602 0.242594205993117 -0.137187573704968 0.557156263050896
-0.165505530722193 0.199946614907053 -0.15805636918756 0.41928006460424
-0.195523458763228 0.0919174814578637 -0.186847990422103 0.191730298102638
-0.154963122087973 -0.03146940101781 -0.151266164717584 -0.0892600441683177
-0.00864529046518574 -0.0714110854618843 0.171180810287025 -0.260168847723254
0.0352439029942608 0.111419909434869 0.407361132284198 -0.0691967410439044
-0.170121682725259 0.134185635946463 0.452246670498935 0.213146563188635
-0.304018618746074 0.00999346269792826 0.604645827103874 0.333701065959987
0.0522983621854275 -0.067759571437068 -0.51965108569266 -0.423541150060742
0.00950867159361945 -0.134940610506114 -0.377243301288697 -0.3128156926125
-0.102986108170934 -0.0643558471899369 -0.415678628583938 -0.154584371003026
-0.103065491293187 0.0721253831864939 -0.321420093605888 0.224488052215314
-0.0126838579406174 0.103968178290205 0.0984064649089516 0.236439950561134
0.0322063689911828 0.0793644659620381 0.311501945503309 -0.0627289154036365
0.0775293973908623 0.0315137535235216 0.327670615238406 -0.374379175569654
0.0740833785501497 -0.00123099249566513 0.318270465541785 -0.547505616046421
0.0791913558247186 -0.00314091253822716 0.381083230640678 -0.626801153047361
0.060943408972802 0.0381508839244921 0.497291491383151 -0.536949223849956
0.0230811966718026 0.0790284163664007 0.56038405948556 -0.271026402462348
-0.0540559142471836 0.112105564582661 0.361755025276305 0.0373551516881675
-0.142493124115317 -0.0226843002600173 0.0620341837207439 0.0513445496802133
-0.0454960264782322 -0.164073469829466 -0.0757031691139642 -0.188576301282962
0.045213062902135 -0.122359972337721 -0.124873369667511 -0.54849664467229
-0.134343345763646 -0.190490469754906 -0.493920890831588 -0.411597965371533
-0.172608683989874 -0.168104286739542 -0.284341140153238 -0.338981416229033
-0.219347103794259 -0.0274439661102173 -0.36471679764793 -0.248190248314949
-0.195531516211741 0.0952188150262072 -0.362493967665051 0.147657980718478
-0.146602555956392 0.144330406007865 0.0325451356017329 0.253135226792132
-0.105113269247553 0.181465209726458 0.293990985610473 0.00285783020229609
-0.0471042278878416 0.205432904487453 0.338390506797781 -0.316524267630376
-0.0698112616060473 0.218145032322357 0.320829655822827 -0.498966242775986
-0.0800364524916153 0.219932869550692 0.347309034097535 -0.587568746650044
-0.164912793404596 0.235791897081135 0.437933705602804 -0.542456350168855
-0.272902555705975 0.163338229314522 0.504582772730855 -0.326909640607426
-0.345629078102388 0.0531431703449545 0.359398404389103 -0.0172554350621502
-0.348456393949074 -0.176575726076126 0.076884964682825 0.0392578964439083
-0.21347319701367 -0.378011546826803 -0.0534209344221234 -0.154721088073376
-0.126107692025439 -0.342342642656011 -0.0839100319473789 -0.454673714365798
-0.302068517217193 -0.320759492686202 -0.407741208337751 -0.346910620786227
-0.366537171039262 -0.22904553693319 -0.176587347660106 -0.372566505739072
-0.354472741052402 -0.0100902340509944 -0.338799753955468 -0.321838466521432
-0.297544134236309 0.109923723488582 -0.397952198625815 0.0929345173597806
-0.285174747464412 0.170901233383437 -0.0326584487316497 0.258695832323621
-0.24850789861571 0.261593561307859 0.239743786318649 0.070551267198979
-0.177965769266026 0.350879279462986 0.297511456263801 -0.208950978388935
-0.201294651430829 0.404289376001069 0.276755215083684 -0.370501894450622
-0.208181125957372 0.413432344581135 0.26760959535198 -0.462468581116801
-0.331094869064192 0.422302665088464 0.320688937738171 -0.46676730775087
-0.500947714896458 0.280828849120994 0.379578748015386 -0.339116591390269
-0.583585559007329 0.0615656680480399 0.324795385138693 -0.0810186471654994
-0.53532289377266 -0.239769813374286 0.122795721948367 0.0200765525970756
-0.383012095839659 -0.488542008601557 0.0225323003065227 -0.0655405045654067
-0.302469552160697 -0.483727060327039 -0.00110760291135774 -0.273013139715836
-0.413831542938376 -0.427513372066494 -0.275590860845218 -0.217564298454627
-0.508200429814246 -0.303104305320313 -0.0573802071917541 -0.382450102190739
-0.461882799019776 -0.0463804887595594 -0.325721540335981 -0.371507882017204
-0.411194166074309 0.0733807740370365 -0.431106251070538 0.0523903387884311
-0.436612575158588 0.170110586564843 -0.108637375321017 0.257210561979318
-0.389755563148989 0.319118089781939 0.139048442495041 0.141956991715378
-0.291236448727484 0.452520838551698 0.200804474257522 -0.0590261262588502
-0.297113494353115 0.525222590487658 0.190398361440044 -0.183567861011794
-0.293660727893487 0.533855659447856 0.168701653135528 -0.267417364942556
-0.419927412431198 0.537312727684857 0.182522134780564 -0.316437838665535
-0.614582089975685 0.36334112652922 0.216643757618722 -0.281868939288048
-0.689690777646448 0.0964136449176858 0.260152832306805 -0.132054085026292
-0.616041322463694 -0.211291023901843 0.184431768150381 -0.010123266585979
-0.493057688086287 -0.467349727706918 0.150746982849456 0.0358657056785756
-0.447137268506068 -0.514282931245529 0.1251546737578 -0.0559262230446506
-0.452286534779941 -0.471770366524058 -0.126027496727481 -0.0311729566148205
-0.533957039561007 -0.351822915937413 0.0546879912089299 -0.322035022977529
-0.480371033148227 -0.12906989878364 -0.291986118183298 -0.359420229521849
-0.496027364588874 -0.0264922840509727 -0.436855788792568 0.0173378291204809
-0.568154190140084 0.134425810383064 -0.20994351163678 0.240342463870296
-0.495073429666713 0.34245459883621 -0.0136374281581952 0.220265525763421
-0.363834718500037 0.499969231098405 0.0602727585085073 0.121606361029279
-0.346771520738471 0.566600736800443 0.0791031452188115 0.0325023409492585
-0.33163721977404 0.558085525892074 0.0623162127927148 -0.0457760058075387
-0.442265997451463 0.530976512102817 0.052565000451968 -0.126685964258284
-0.612486470717425 0.343637047978951 0.0613343986340514 -0.184275882351649
-0.633508427022024 0.0818028956333453 0.191177156169895 -0.166751017611379
-0.539043840385489 -0.131420256247608 0.250176332229656 -0.0455163564514361
-0.503094375562553 -0.343435154623318 0.29503711426198 0.121346091718156
-0.530839584002154 -0.449583148154416 0.272357650654321 0.148634910224976
-0.416177308834277 -0.431157322326386 0.00576941785014108 0.18114248901556
-0.441697463755407 -0.338827679681631 0.1334459482062 -0.17680382817892
-0.396322114679823 -0.212662606086675 -0.211595876938997 -0.278735626845317
-0.499858968229409 -0.143759308473157 -0.398970524139061 -0.0330609487351976
-0.608762139585763 0.0809482038162397 -0.336072033959312 0.202815805003521
-0.519284368625755 0.319592233783672 -0.206036401004856 0.304529249707619
-0.377063115154303 0.47786076944982 -0.101893974993113 0.309848338527728
-0.343519505221895 0.520282985859882 -0.0397788294074684 0.240112011622959
-0.326528082569171 0.484453275204372 -0.0447591362548469 0.1576739352722
-0.410168229389592 0.412661131255886 -0.0606667735560848 0.0380470060751645
-0.507811296685525 0.220206569540326 -0.0610653515227387 -0.106112318760525
-0.442918200868825 0.0127726324334157 0.149332329898634 -0.199328972395973
-0.344775980619255 -0.0403600895958152 0.317596937506931 -0.0683139931096466
-0.425895382780112 -0.169580392794264 0.402924494698731 0.187991594288041
-0.53010084322401 -0.324456041073161 0.407511373179234 0.307163110116233
-0.326421985964574 -0.304144825772551 0.103018926831473 0.376251486369528
-0.284407817809356 -0.243923184054152 0.178054129803482 0.0126296609842532
-0.24477605471106 -0.221453140714156 -0.107349660694592 -0.171390892785438
-0.39558108632132 -0.198850333827891 -0.346504952454743 -0.0936024030672351
-0.512706878112626 0.0320044434400266 -0.46107525296788 0.163684151121222
-0.431805781905743 0.247516333118308 -0.389801155286649 0.389480267566472
-0.318935041933003 0.380589542694725 -0.250850387072622 0.474418916041235
-0.289957352321957 0.392711728358805 -0.150555950538361 0.409914347739227
-0.280946502082431 0.341543885894094 -0.146889752301476 0.302914925666226
-0.327184970759428 0.230693117939662 -0.154622006778973 0.133358161019839
-0.334887790132063 0.0608338204069367 -0.129632470242252 -0.0876461237986203
-0.199484315674394 -0.0536263346012884 0.158056328908944 -0.229178729696267
-0.133256948683965 0.0518777403207574 0.378078347335192 -0.053602450492607
-0.310617860170077 -0.0089629598934443 0.442856952076015 0.244158725025157
-0.448648576566064 -0.184784478900165 0.500290674630774 0.407957808568321
-0.201254925121774 -0.112699977367965 0.163774326485114 0.507073936057951
-0.114857401379209 -0.073037553305894 0.200449345488846 0.167110970256703
-0.0718489763714446 -0.127670960674462 -0.0265145811928827 -0.0894663343289049
-0.196881557094545 -0.159907713280702 -0.316880500223461 -0.13349736551937
-0.293295734460022 -0.00135108259182957 -0.550439150371187 0.160641030220483
-0.25032189693361 0.130875629951238 -0.510281060441918 0.464275312237548
-0.20494129976225 0.214192554101586 -0.351800855251902 0.583780500527647
-0.194795679689998 0.208931841490604 -0.236647162736012 0.516317615785153
-0.196127208748563 0.160840561709585 -0.232569292208665 0.376871461626137
-0.204848987663256 0.0538984295524592 -0.220091183118698 0.148668767940842
-0.142907114059826 -0.0607045977958008 -0.136482138552768 -0.115758573907301
0.00535826270102924 -0.0731777898622854 0.212043660429141 -0.229606272879499
0.0172630383999969 0.114263398707556 0.411714767152711 0.00911516196711822
-0.18875197568599 0.0964489764828758 0.405997739356875 0.295279724288118
-0.298028094252086 -0.0491554205184975 0.539882903240759 0.454527605389142
0.0501569983028705 -0.0660626810272825 -0.525143157880723 -0.397809164489157
0.00402036566018824 -0.133005282097366 -0.37944819914771 -0.294657258962174
-0.102457828797485 -0.0604186087399261 -0.413926270354947 -0.137752019182651
-0.0980291605067438 0.0748228466592797 -0.304942192652154 0.233583904532066
-0.00926016028098807 0.103175775078665 0.106210264016735 0.229477465842153
0.0354038876856831 0.0782624584438349 0.302793758963806 -0.0706107286279929
0.0773921881858414 0.0288007860969308 0.307952106782157 -0.375334500438921
0.0712264013710801 -0.00399036604622893 0.296076864744224 -0.549047764497266
0.0756143723133936 -0.00726097361067227 0.352422026706964 -0.630897869016263
0.0623297543404848 0.0344457482611377 0.466099125649134 -0.54524152796045
0.0261220317277672 0.0784619053097245 0.541952876717589 -0.288661317992771
-0.0489109462838776 0.11348249532869 0.358873731734779 0.0246553558576877
-0.142638912366836 -0.0178418436148952 0.0668604680675547 0.0484041001774314
-0.0522046232386423 -0.160461040661535 -0.0769330631356715 -0.183252120205412
0.0390448678206275 -0.119164829084787 -0.138275847525433 -0.530865700954169
-0.136289824225451 -0.181023784233982 -0.500845228942245 -0.387139160292604
-0.177008835109487 -0.158396438168054 -0.289377538896444 -0.323602126110807
-0.213208896201817 -0.0190820114223388 -0.367993205068721 -0.233739526250444
-0.18623992929784 0.100683646325501 -0.349159474212986 0.159178860304243
-0.137834371792021 0.14853047640586 0.0396942155793186 0.247573232792537
-0.0958030950983725 0.183320720397842 0.287208994006366 -0.00483906251239399
-0.039188615183554 0.20252650191246 0.320533132780665 -0.319769876792477
-0.0617444358246949 0.215963701630294 0.298313677064598 -0.501472581189796
-0.0728059107929888 0.218138167116721 0.319307495276438 -0.591768695595158
-0.15293735611664 0.237043541093723 0.408112690450456 -0.548452861074612
-0.261656725044587 0.171453134561685 0.483204964205077 -0.339796788469624
-0.336249960775935 0.0650486753823131 0.353704516800484 -0.0294514610277341
-0.349303329421909 -0.163150673468315 0.0819196001747357 0.0357431148629233
-0.225301730414442 -0.365870425522842 -0.0540070321873575 -0.150112219234094
-0.136123874315289 -0.330394175950383 -0.0964414503168981 -0.441717931084441
-0.304373873015413 -0.305292263890897 -0.413040437302138 -0.3261158214189
-0.370448282095107 -0.21285447585776 -0.185490309404271 -0.360632640160035
-0.344848354914004 0.00209034993334516 -0.344920018598693 -0.310293569219745
-0.284909184941737 0.11942006768115 -0.386758933040918 0.103516910726987
-0.271825094688789 0.179541932329832 -0.0256228089479817 0.255595554344547
-0.233833336712751 0.266326439289379 0.236042917970633 0.0636518230857099
-0.161481957496155 0.348571278345398 0.284402388573227 -0.213550994284377
-0.182256310171615 0.401537879847675 0.257644910779993 -0.373093779742929
-0.192289890579128 0.412955527401304 0.24775283911392 -0.464625144656979
-0.309250006815943 0.427078813654656 0.29408660243644 -0.472220854183528
-0.481787986069578 0.295656158045531 0.358193828772625 -0.347545375027958
-0.570082748005345 0.0831398918919973 0.316076522255386 -0.0932743017294796
-0.533347787865097 -0.218277337805695 0.125224917052649 0.0152085833631172
-0.39515051683159 -0.469825817837527 0.0230860140853467 -0.0638696922138553
-0.312845896683256 -0.461713160385053 -0.00926464042689995 -0.268977798148775
-0.418856015852002 -0.407406232672119 -0.278892255411038 -0.203168899571917
-0.511034837385459 -0.280389096862267 -0.0692200537499988 -0.373874042288393
-0.45234586872022 -0.0308253906440052 -0.335498269050536 -0.360903871753649
-0.397449630483636 0.0876850868605866 -0.422778130097576 0.0663273722841068
-0.419706272971564 0.185429049908752 -0.102498732750549 0.258388233458653
-0.37078747537285 0.326156486426542 0.13970414755329 0.138572705899607
-0.269544486075504 0.452098353664367 0.196922002374666 -0.0641748628129867
-0.273344598668447 0.525892307199681 0.1799958762149 -0.186585384470579
-0.26879479322134 0.53510366865089 0.155185533785191 -0.270715079596562
-0.39272293714791 0.543093105457464 0.163750172208628 -0.317624433111908
-0.592158334544202 0.380608942303403 0.200090663446724 -0.284840846490589
-0.674024397370036 0.120914849754932 0.248990985339228 -0.141926859227736
-0.609043882455321 -0.187606236252997 0.182999853168759 -0.0176167906224872
-0.50260260305811 -0.446885907153713 0.151575049973583 0.0325800086966996
-0.455311239158195 -0.486457674745503 0.120980342317423 -0.0612216377571169
-0.456584203551402 -0.449674915716506 -0.125620562998306 -0.0257179196466666
-0.539723148750863 -0.328027799561134 0.0419245952744327 -0.321433285726968
-0.471676202903028 -0.111764616347964 -0.303238768026598 -0.351550524578459
-0.485090901750508 -0.00942657706069901 -0.430975740366724 0.0299094839322154
-0.550472589513226 0.155717938763602 -0.203770900618169 0.245080311098299
-0.475587501991008 0.35231133429709 -0.00841048347247834 0.220735815755589
-0.340025643047452 0.499839696653378 0.0658483531200894 0.11712500281451
-0.317912960945304 0.567163934044225 0.0776575893691616 0.0292852379256234
-0.304555232707765 0.558533914395788 0.0583029654572348 -0.0485661316581819
-0.416240806096317 0.538631880610991 0.0443376799983983 -0.127088665350217
-0.588759111602331 0.36097345473939 0.0505193913889641 -0.183125420013697
-0.618782089529452 0.103979876598515 0.177991039486959 -0.174820324180204
-0.530066791415756 -0.111239900970237 0.245323725770141 -0.054300584440627
-0.507512551496851 -0.322533679235372 0.295949989741601 0.112021124380643
-0.534187540002801 -0.420667327306995 0.272347372413043 0.134026800028802
-0.421131033773537 -0.41078378215017 0.010737563249287 0.178239514423163
-0.449244605875271 -0.318174601541788 0.123346590217215 -0.181974547180523
-0.392116258852905 -0.196092777383937 -0.222702171889886 -0.273379643935234
-0.49452660766682 -0.126089257659111 -0.396013130371522 -0.0203356670272106
-0.593432719810816 0.100858720627501 -0.327849191416251 0.211915593641697
-0.500540420572058 0.329773460811755 -0.19312101697582 0.309712580693923
-0.35321634112064 0.481190206781724 -0.0852369865018955 0.30608781825291
-0.318929266796241 0.521016703290989 -0.0325207481154048 0.238275911457231
-0.302074586827188 0.48773183237576 -0.0397879800498123 0.154237712943326
-0.386739943241503 0.419030815134378 -0.0606415581117013 0.0388248685637372
-0.489808906317883 0.234885656216025 -0.0668918077869489 -0.101863730664701
-0.433375984304173 0.028154391088349 0.134747199688538 -0.204940701062021
-0.333569366480562 -0.0274361611935016 0.308318571245513 -0.0780094186603914
-0.425064708621888 -0.153749366369155 0.404068134163855 0.173774448372035
-0.530053743628517 -0.299362469885103 0.410010329267954 0.283892292424601
-0.330471163130788 -0.288467036412408 0.111878883661854 0.366645133269148
-0.290611879058096 -0.229664397188399 0.171424821402941 0.00266915990592527
-0.244690953707058 -0.211187741796105 -0.115535589644456 -0.169020726989589
-0.396218006811585 -0.183991224387322 -0.346705599033225 -0.0821244759508169
-0.50245504135801 0.0503801751325333 -0.452514824659838 0.177275533051853
-0.416366269511268 0.257435169539541 -0.368891922330961 0.399510906405837
-0.301774678277184 0.381992997889394 -0.226698135848147 0.471259735728742
-0.270171793412617 0.395049955483819 -0.135891188000473 0.40776834517145
-0.262721570053286 0.344339346234679 -0.13459129285429 0.301033890466865
-0.312594180955574 0.237981204389289 -0.148647921930617 0.13407337377594
-0.32587650628871 0.0701765418028481 -0.132260332486335 -0.0812235370485272
-0.195667188607785 -0.0465163999750331 0.142821609427761 -0.234871846588203
-0.124457964901182 0.0562117208216842 0.367527023192498 -0.065356809058831
-0.307044526691931 0.00214246083585962 0.44244675858976 0.227685749277727
-0.445477827567013 -0.165042737704915 0.505273703851554 0.379408920268931
-0.202954766673273 -0.10407611362655 0.174286147332372 0.491218806683068
-0.115201875809022 -0.0675466759820629 0.197973518238921 0.154094332476906
-0.0727960799032256 -0.123757515162552 -0.0325774367982824 -0.0899565219561445
-0.200533147304476 -0.152529059186488 -0.318305643892571 -0.123154136218445
-0.287592535464458 0.00925728690128689 -0.538776636491859 0.177418894054274
-0.242763061837451 0.136838629460814 -0.484030325733966 0.477145761515216
-0.194024313926888 0.214898214362509 -0.322501604691752 0.583685670532665
-0.184044437074744 0.21164556964104 -0.214469598451559 0.51527265987374
-0.18480380858631 0.164074097842254 -0.218598088695364 0.375159634865783
-0.19852461143817 0.0600555678631105 -0.210337103400617 0.150575049098299
-0.141493173514426 -0.0553555528001052 -0.138065132950027 -0.109307239813906
0.00446988642719297 -0.0730711419102898 0.196484503116688 -0.236384726504252
0.0243638174444759 0.111819940086279 0.400208393920431 -0.00294943370225418
-0.182860288123542 0.102635832431032 0.409195851403381 0.278432922795973
-0.29303980600515 -0.0385330762516703 0.546609745091592 0.425268111047507
0.0492703425836314 -0.0655552889210033 -0.526197807007065 -0.377470144165446
0.000741438171169537 -0.13104450088463 -0.37739227249926 -0.278921325689095
-0.100857433164595 -0.0578943938636649 -0.408741013555299 -0.128074274993199
-0.0939990127025442 0.0765283843944441 -0.292652984714567 0.23735993843629
-0.00629026889077168 0.102128634228476 0.109351512675885 0.223413986636121
0.0378688263456137 0.07795058261565 0.295286813784036 -0.0737221300374214
0.0773310492729022 0.0266442974419384 0.293656299288614 -0.37402844186527
0.0677834432411347 -0.00630203796021863 0.278929849878821 -0.545959702003699
0.0720391427008529 -0.00976055548392264 0.33257080308787 -0.627357368487307
0.0628634830419242 0.0313955593424608 0.442851507224914 -0.54593585772553
0.0280190602364589 0.0778245949358899 0.524905885947849 -0.296237434551659
-0.0444573673471808 0.113647992343376 0.354570483557333 0.0164931323987113
-0.141464910666636 -0.0141689318177027 0.0706896332635653 0.0464317823847516
-0.0569396399927531 -0.156478433585231 -0.075826474239594 -0.179706431217463
0.0347807747881359 -0.11507932708707 -0.144016257509328 -0.516954088674605
-0.134773304454746 -0.173856889227167 -0.501193860664323 -0.369098511639673
-0.177728130402387 -0.151511275395475 -0.289608171024967 -0.310250960355949
-0.206847111850221 -0.0141329974867663 -0.368159874349699 -0.222649602619111
-0.177747799888253 0.104355723845237 -0.33773543413237 0.163558184235928
-0.130379837932225 0.150174709876044 0.0432844689365554 0.243139938480055
-0.0884123891941226 0.183281838589961 0.28135963337216 -0.00804113203231777
-0.0330877790969848 0.199255752064459 0.306404845766821 -0.319049327319484
-0.0563682389835399 0.213329441429472 0.282350953653358 -0.501452793682913
-0.0680329676735523 0.215017379553167 0.299459130354655 -0.589177467436366
-0.144048647176441 0.235550473023043 0.385824554915915 -0.548036441227708
-0.252725555485486 0.176718806705104 0.466148510853831 -0.345796311233648
-0.328134001588442 0.0729135543075971 0.347046353470418 -0.0378037161218388
-0.346842506754017 -0.152646682273535 0.0851151733635937 0.0332947774904099
-0.231518709189583 -0.356036268721312 -0.0534777341283238 -0.146443577023698
-0.13968856613717 -0.318862269422273 -0.102576723353683 -0.429751697859362
-0.301815987436148 -0.294590831582563 -0.413413787197393 -0.311026743920643
-0.37083488128957 -0.200349802300629 -0.18936296257741 -0.348763507164964
-0.335299064372237 0.00947970144899345 -0.34884571761398 -0.300594120593231
-0.273499186352978 0.12502135025432 -0.37802765465301 0.110051486136413
-0.260246061148911 0.183402825160652 -0.0224966403365059 0.252948511977545
-0.222022852832901 0.268353597812369 0.231619989108595 0.0620901694835234
-0.150567170823067 0.344558672017566 0.273716936019124 -0.214748690176191
-0.168638757027305 0.398906733634388 0.24502338926974 -0.372810091775025
-0.179346997561606 0.409729015490933 0.231147955622288 -0.463616802087915
-0.291847787417023 0.425382379454815 0.274544524154997 -0.472153775493741
-0.466267855327407 0.304039600433066 0.341911431656774 -0.349600325320365
-0.557406029787731 0.0957155097241109 0.307604046462528 -0.100919386432127
-0.527192736489205 -0.204649969867778 0.126886500199166 0.0112529065852135
-0.400807854684968 -0.455499026658809 0.0235099853724014 -0.0627133557458754
-0.314864688135464 -0.444973273172389 -0.0145541938112033 -0.265017490141398
-0.416947670749996 -0.393091103889096 -0.278019809011224 -0.193085273628232
-0.512211082630189 -0.265685368711165 -0.0763716829372706 -0.366701660196831
-0.440117302684127 -0.0214289301804564 -0.342101421433335 -0.350787402527065
-0.385167170306013 0.0951624668898749 -0.414559178957227 0.074959178833317
-0.405811672354115 0.191611277749677 -0.0987590391438674 0.258639277746182
-0.356979931732912 0.32951468489698 0.138751358581876 0.13757876434114
-0.255217421142606 0.448286568524243 0.192145665232802 -0.0671838082770577
-0.254577204962431 0.521912657794437 0.171964560243298 -0.186713650501305
-0.249977100530453 0.531145385652152 0.144032833794708 -0.270126894776042
-0.371358689665382 0.541231034059016 0.15017131468964 -0.315799032515147
-0.571598141822134 0.388669686419471 0.187369986824442 -0.284849648893197
-0.658461371327097 0.134705010276888 0.238287999333747 -0.148619147232529
-0.600980829888674 -0.169832015844626 0.181149759754304 -0.0225496355812834
-0.506537840895611 -0.430087157217751 0.152692649382434 0.0304249330978044
-0.45696028829554 -0.46580110858481 0.117919067062364 -0.0646446182137086
-0.456735315723841 -0.433560536507137 -0.124197595620502 -0.0212156271336439
-0.541492759244381 -0.30999138351342 0.0339454043048108 -0.318221778051473
-0.463188541176902 -0.100146420930367 -0.311300672540255 -0.344413356927805
-0.473274936453339 -0.000438759689751963 -0.42585607053037 0.040130212179435
-0.535097973002159 0.165887109975639 -0.199195491473038 0.24804639983467
-0.459951493766151 0.356607125856846 -0.00425901831285954 0.221649525649194
-0.322527450668839 0.495596834371828 0.0689980860682394 0.112385490317907
-0.299420708489927 0.562234056656941 0.0764477086577288 0.0282928342447138
-0.285462753826402 0.556522888303015 0.0543236232758991 -0.0500641045972238
-0.395103866548887 0.538654983111768 0.0365803769486536 -0.126168146501826
-0.568849707216794 0.370645803114884 0.042673410763998 -0.180080014537144
-0.603918315150728 0.116228818151801 0.166295614955134 -0.177828941601741
-0.519769806038762 -0.0986013415622922 0.240604372574262 -0.0590353821604151
-0.507689399299509 -0.305717060482146 0.295713119883471 0.106025081722078
-0.532552393052335 -0.399888192518792 0.269497620891076 0.124997131792676
-0.421927561723293 -0.394429879720994 0.0139929319341833 0.175491365801013
-0.450874553227234 -0.301797371090051 0.114019718672314 -0.184175619333391
-0.385670248263799 -0.185145393666733 -0.229652856685628 -0.268839493571585
-0.487278685126121 -0.115749413466043 -0.393508773865567 -0.0117989047202714
-0.579510331756586 0.113297785326115 -0.322257579306915 0.217320442931189
-0.485023897738258 0.334563191175769 -0.182749493805795 0.314321580881155
-0.337084248946052 0.47664828915413 -0.0741028891774211 0.300383734311488
-0.29970762325429 0.517934547507328 -0.0274012340375233 0.235517189592898
-0.284497915534561 0.485483797754139 -0.036940757347567 0.151884447297975
-0.370096782693005 0.420573935412065 -0.0616834862489711 0.0390004322034622
-0.475134333525585 0.242890445487001 -0.0693982528265884 -0.0974571563213237
-0.422877721834676 0.0360886573203119 0.122426118717893 -0.207961896336887
-0.325470552397947 -0.020414566184081 0.300259808682017 -0.0826718906395434
-0.423569673596807 -0.141003446729541 0.402785919313352 0.163919101499565
-0.524833440126393 -0.281168124266584 0.406614435658581 0.268098894928357
-0.330417891289267 -0.275488363867616 0.115514866034989 0.357222969114871
-0.290859363819114 -0.218733754914171 0.16439628373706 -0.00359698314687674
-0.241481606296154 -0.20234448249153 -0.12165313475688 -0.167662136790061
-0.393498854909026 -0.173523364896395 -0.346602793912501 -0.0755670951847462
-0.492226905404699 0.0609175919954161 -0.443819259668183 0.185054130383051
-0.406663660648806 0.262093815624677 -0.354010391019311 0.40526273140794
-0.287228232686934 0.379089119593436 -0.209837143202678 0.465760939823136
-0.255715527640892 0.3929388493854 -0.123779766576775 0.403134776826022
-0.249095364082909 0.343212589884543 -0.127363992920226 0.297624142549489
-0.300774604765407 0.240211851684664 -0.143992095028529 0.133245986472317
-0.318195578668157 0.0767248942888918 -0.132273937708506 -0.0757689171371119
-0.191882109602631 -0.0415681557657451 0.12990132927325 -0.237163414998462
-0.116757032636693 0.0570943983727652 0.356359633986447 -0.0704323428670254
-0.30261427797975 0.0098772120352894 0.441229603742693 0.216115121077535
-0.439464243624056 -0.151223702974724 0.504597636608149 0.358707213796124
-0.2021428597198 -0.096614365167383 0.177408873918874 0.477494155402412
-0.116071331627955 -0.0630032922829322 0.192889130226069 0.145773834775224
-0.0715256595231861 -0.119429264746589 -0.0373636253547959 -0.0898669160547751
-0.201566307515815 -0.14604387790614 -0.320128830549002 -0.116230186613691
-0.281978042198993 0.0155598304789293 -0.527804696580289 0.183414774895108
-0.23724689966447 0.139145158939272 -0.465693640564253 0.482236166598973
-0.186611927224953 0.214750500899172 -0.301503148882368 0.578501296403295
-0.175615497221306 0.211076295062746 -0.202017685657668 0.509484917382236
-0.17761001246616 0.164334706053521 -0.205911571073449 0.371691361760999
-0.19283826894111 0.0625527994520163 -0.203921994722117 0.149932298093885
-0.139252194986168 -0.0526087108761412 -0.137738736472831 -0.10500834806399
0.00412413794609068 -0.0724710100572418 0.183563588964824 -0.238841815141018
0.0295227436563446 0.109711727715347 0.389618820474191 -0.0100015793782888
-0.178386928056949 0.104956338976264 0.408463700819582 0.26716499387553
-0.286864504837931 -0.0326242983103609 0.544973865658976 0.402477029329638
0.0499781823181224 -0.0642757265179397 -0.525183871402972 -0.369540467589415
-0.00113657163203613 -0.130709540338155 -0.374488611532241 -0.271498817476929
-0.100154416675538 -0.0579705674680793 -0.407806975643945 -0.122800286594447
-0.0913199486630634 0.0770656100684101 -0.28415746142881 0.239385084905497
-0.00520296297742443 0.101421305965312 0.110593356632584 0.22136720402893
0.0399224711841919 0.0782116627002454 0.292393635786238 -0.0729896018260135
0.07706850684446 0.0258961773638676 0.284882919922373 -0.369040348171597
0.0654115355842002 -0.00690337380231248 0.270165114331138 -0.546122933793407
0.0698789067478241 -0.0108278454202151 0.321184355123112 -0.628145871508199
0.0627617852993266 0.0294203161503594 0.433387587553662 -0.54711813824835
0.0301946917393747 0.0785813047176396 0.516136625552992 -0.299501100962822
-0.0420265698060512 0.1144660445233 0.352994382070528 0.0129019259559002
-0.141908646497597 -0.0132097575867631 0.0743213593163603 0.0448035572043141
-0.0589335181451858 -0.154365586993441 -0.073472099798883 -0.178837130257484
0.0335574723358071 -0.11067057763698 -0.143058649836546 -0.508604922181664
-0.132831493415357 -0.170744786337984 -0.500049770253061 -0.359515005906277
-0.178233771312925 -0.148789901900118 -0.288209751212491 -0.303379712385465
-0.202352111958062 -0.0132004661116117 -0.370049092647253 -0.219821459067739
-0.172184595902639 0.105512600229349 -0.331933583626052 0.166230759320383
-0.12538905200559 0.150466479410705 0.0433320886324663 0.24164085608332
-0.083784241209583 0.1837509258188 0.278644367507999 -0.00649358706226263
-0.0298017556497177 0.197187779892904 0.299751395820522 -0.31712588186384
-0.054012410723735 0.212157203054652 0.273873114683042 -0.498346504990199
-0.0660003615012558 0.213285867436102 0.288546492160224 -0.588306194309276
-0.139747937858386 0.234169856142742 0.373976845327355 -0.549215489620052
-0.247828103334574 0.17960644440654 0.458554319881677 -0.349335970343404
-0.323304385364838 0.0760987432918604 0.344448089689281 -0.041125796016942
-0.345684704081142 -0.149254330897364 0.0886072875377438 0.0316085879224461
-0.234640142438043 -0.351737382479585 -0.0509923335592262 -0.145389194624962
-0.140850065927548 -0.311899231791029 -0.103659693624922 -0.424422595721865
-0.298333014999564 -0.288660236763204 -0.412638759375842 -0.302819377508106
-0.372401960915431 -0.194501481888692 -0.18991062640597 -0.344405510738585
-0.328957134417082 0.0112740854754401 -0.352096587876798 -0.297731032000442
-0.265922688717705 0.12650477984197 -0.373707602843519 0.112306394204964
-0.253000168749448 0.186397656203799 -0.0228886452633959 0.253255321870786
-0.216178358647753 0.268786415777711 0.229243377470775 0.0637666570660239
-0.145983707858271 0.340494069311894 0.269430783401608 -0.21377213673744
-0.163662335980528 0.397113309565054 0.239716992120231 -0.371996195924944
-0.174510634342441 0.407955344627349 0.222613541143517 -0.462325059329289
-0.286011539858605 0.424390232784003 0.264242597141196 -0.470108880628996
-0.459131859711671 0.308160171896491 0.333036724949953 -0.350827089774298
-0.551169061151053 0.101632979965722 0.302421274184322 -0.1045640199135
-0.524565091663375 -0.197924445697865 0.128863992628136 0.00950879413454391
-0.403206103154768 -0.451135311409643 0.0257534986515837 -0.0624569451593235
-0.313603073330165 -0.433824734889064 -0.0162234803104007 -0.26264103540181
-0.413822627699893 -0.385508553950636 -0.276907088197721 -0.187948372031177
-0.51450523396637 -0.256815546292356 -0.0789106507152766 -0.362550934543368
-0.432473904514182 -0.0171156628076101 -0.348108052209833 -0.349485138994022
-0.376411007861383 0.097869801646016 -0.412872311645117 0.0792280490518916
-0.39714149261665 0.196179111315225 -0.098596154831602 0.261021795633443
-0.349180899378654 0.330317081492426 0.138741901071568 0.141116523215216
-0.249385146118472 0.444498117161707 0.190054425329286 -0.067923998796625
-0.246568803640134 0.519250641051391 0.167700099489666 -0.186911293401247
-0.243878839675045 0.530214423781135 0.138737610115771 -0.269976384457693
-0.362329273531844 0.540892076143212 0.141236833154628 -0.313990118906545
-0.562716988588415 0.394347088748483 0.179703379106954 -0.284068209234262
-0.650329715076551 0.139876281202885 0.231799139326151 -0.151547550831365
-0.594154478388091 -0.16528731090199 0.182067033317701 -0.0242584590233831
-0.509847400625872 -0.42253424477319 0.154661406444625 0.0298624523724386
-0.454075418445067 -0.456132617932452 0.115275079945946 -0.0655827997021743
-0.453219731892242 -0.427086388768657 -0.122123267279947 -0.0193224774821282
-0.54271938096152 -0.301350006503074 0.0296721161009332 -0.316994105630136
-0.454622861955287 -0.0970345482823776 -0.318005237954928 -0.342150713780411
-0.467438018733094 0.00282578455304328 -0.424498095866384 0.046035225620493
-0.52495653440313 0.169242025668363 -0.199115448803535 0.252647744459888
-0.451556880421402 0.359315216039381 -0.00204887471875914 0.226012149068099
-0.317074131445988 0.492179871720994 0.071599372497434 0.109621157599799
-0.290195658953622 0.558652863824683 0.0757664510588614 0.0282977830873996
-0.276970826488783 0.553594300504477 0.0515134915248129 -0.0505189648502691
-0.384925013192523 0.537558111812823 0.0315429062402159 -0.125520065457159
-0.559160502515584 0.3754580107995 0.0373312759752253 -0.178516736999979
-0.596088276636206 0.121431472583314 0.15852256758032 -0.181317364180808
-0.512693889176077 -0.0944726069115171 0.238482177346287 -0.0611369114285677
-0.509729333730228 -0.300678950777493 0.296224210216913 0.1046222789128
-0.529563307698355 -0.388108642783304 0.268354051090913 0.119069717764998
-0.419485737197299 -0.3876028829441 0.0153079814657585 0.173299753529877
-0.453254760102116 -0.295199567284108 0.109193093228213 -0.185577442154081
-0.379484273701039 -0.180935417785245 -0.237257130363783 -0.267764572225539
-0.483108510477628 -0.112741068961195 -0.394017639486696 -0.00695304556700819
-0.572728459830836 0.117981911652365 -0.321224175147746 0.222266816462405
-0.479070869664793 0.338402513296104 -0.177868480995931 0.318160745572084
-0.330465621281475 0.473905977286872 -0.0689834589930252 0.296071908200756
-0.29169677232154 0.515676115327524 -0.0244290855800749 0.234318381288754
-0.274733671792662 0.484267251730102 -0.0372628259338108 0.14990455982321
-0.362601097613067 0.421073394507392 -0.063181258173187 0.0388314345910955
-0.466791364365125 0.24624710356559 -0.0716861666722745 -0.0953258026491929
-0.418070671854863 0.0399868797135351 0.113844205109078 -0.21049433933963
-0.318755806503782 -0.0172765675042898 0.296571971572294 -0.0842923827745264
-0.422658416926959 -0.135961791809717 0.402903271699434 0.161557664543771
-0.51940518224045 -0.271102602294839 0.40570223660427 0.258565705208777
-0.328407289308944 -0.269881297824132 0.115482193098181 0.351411964829888
-0.293123967218366 -0.212080254781987 0.158546318831253 -0.00657067033138583
-0.237274869399657 -0.198922230744491 -0.128572201725505 -0.16763690050325
-0.392871624655839 -0.170783262832061 -0.348147231016003 -0.0718279449162301
-0.487232929797518 0.0666678594019414 -0.442876161274625 0.189925679793132
-0.40100838106601 0.264196489244031 -0.345940591037489 0.409548750578381
-0.282694081738227 0.377771218408014 -0.200683846256473 0.460984102383538
-0.249022468873326 0.390735268996224 -0.120454619031681 0.401859954999449
-0.241237823228679 0.341194671505667 -0.12465631127912 0.29558291140529
-0.295118988116093 0.240893670138798 -0.142846618653103 0.132496845727555
-0.312782396296153 0.0793096651497162 -0.133002226208207 -0.0744834205052094
-0.18957972833146 -0.0394838233573853 0.121992962475571 -0.239330616784567
-0.111299113536068 0.0577972594527436 0.351298378629387 -0.0706844128430601
-0.302509949292613 0.0135946279898542 0.440131771806054 0.214007797912664
-0.435821588294763 -0.144479792659567 0.501663052193363 0.348298828634097
-0.201488699419034 -0.0923419936771022 0.17597458663713 0.470846749246248
-0.115864710614304 -0.0595388627096853 0.187866659087511 0.140755065829112
-0.0693802133380948 -0.117250911114761 -0.0407836991085795 -0.0893966512529256
-0.202734707288579 -0.14474595744383 -0.321319292695124 -0.11380724628737
-0.279823749071735 0.0179363591715219 -0.523706032513187 0.187028067564761
-0.235524665949438 0.140328678546135 -0.453791801468162 0.484780120911802
-0.18461139660709 0.212967268167978 -0.292516328652148 0.573333072107587
-0.171583284506557 0.211391364679238 -0.19659826364124 0.507726345300708
-0.173231856239406 0.16433536260632 -0.203659411651363 0.369211977296388
-0.189664983820384 0.064024492128422 -0.200875192582144 0.148268450831889
-0.137591546100402 -0.0515124626796179 -0.137462741769252 -0.103990422516381
0.00464123775638187 -0.0717542508548055 0.175206506875479 -0.241824584593286
0.0332163146040657 0.108258565362157 0.382835711716788 -0.00961930162070288
-0.177522226065437 0.106987736162444 0.405563239101676 0.263312907160363
-0.285525893344918 -0.0303471732308527 0.543931696097225 0.391331492608436
0.0515058013182925 -0.0649006660276071 -0.532781599022855 -0.370208518638019
-0.00230566453955688 -0.132237974162334 -0.378191988880392 -0.271670128187671
-0.101518523290267 -0.0599214963904083 -0.413659943263333 -0.121724531969232
-0.0909319969638907 0.0779076182134775 -0.283460056541892 0.243347692549458
-0.00398288033710047 0.103377264802654 0.113250202551061 0.223176041436768
0.0434674298318343 0.0792168394385971 0.29680091279444 -0.0729386618986251
0.0788947766539235 0.0254686837561574 0.284257912214086 -0.371465015992156
0.0654314213146951 -0.00632853531915824 0.268982700253011 -0.554134142958015
0.068356131769919 -0.01178248470417 0.31924573028139 -0.639851727074263
0.0631108097539199 0.0287730679400454 0.432234809380986 -0.557359196625714
0.0316540493587172 0.0804324605525442 0.521239446765008 -0.307148162936805
-0.0406828925109055 0.116601456604333 0.357914604554863 0.0108150265113025
-0.144983966605676 -0.0129698979662579 0.0789611900041463 0.0442466983847552
-0.06231714445484 -0.155256932935175 -0.0718727486336405 -0.183417048605434
0.0351199861938435 -0.109465156191439 -0.146831094532835 -0.510908101113053
-0.132781958139306 -0.171706042576469 -0.507204346018219 -0.360783842617798
-0.182203266444198 -0.1484339704575 -0.29305242270279 -0.303714351632543
-0.202942978236678 -0.01337113294805 -0.375367325959479 -0.220518645297635
-0.170398979017464 0.107468380241151 -0.333100939176448 0.169256246350529
-0.123872456886032 0.153718227504998 0.0438320833278203 0.244948662074793
-0.0808260095060905 0.18731563387883 0.282060196889458 -0.00556129952062665
-0.0291739046978781 0.199335789525689 0.300614056241907 -0.319747872274437
-0.0534497708691143 0.216379794597671 0.274694184114069 -0.50661344258122
-0.0668523731658794 0.21614798098934 0.287691954640444 -0.595704475549174
-0.139443524932663 0.236870248308901 0.372581431611595 -0.557462536599783
-0.248805671068644 0.18536759646422 0.460083281006466 -0.3565950703275
-0.326219763795977 0.0796526363102692 0.347987329366417 -0.0445753940453968
-0.350814918077251 -0.151053810431932 0.0935148021139106 0.031105833972107
-0.241312958193017 -0.355583861831912 -0.0503784525923896 -0.148954842210907
-0.140607792603164 -0.312007668571306 -0.107153638869003 -0.428810849367726
-0.300632239015182 -0.290497414774433 -0.418848986631763 -0.304497428524196
-0.379548235040075 -0.193442419248939 -0.192898394776858 -0.344006997382039
-0.328834731989389 0.0121572833738793 -0.362047203026416 -0.300621875410297
-0.264917313394769 0.12965285511788 -0.37741958908677 0.116284190816052
-0.251493185143812 0.191126051454619 -0.024100954467574 0.25842587481424
-0.21567527632401 0.274503323798114 0.233045644901382 0.0687343003508304
-0.145740315683395 0.345701822708913 0.270521506283039 -0.216318287549157
-0.162733268887861 0.403081964590009 0.238315020165035 -0.377540298119855
-0.17390333339232 0.413575294133852 0.221228971662466 -0.469557608141258
-0.284799949114187 0.431117714798109 0.260278916981717 -0.477025708240517
-0.460558566388099 0.318204772947215 0.332278495257067 -0.355923248099235
-0.556610592750901 0.107626171386189 0.303362742157301 -0.108728312945814
-0.52968990363162 -0.199043380745733 0.133916562788026 0.00815277657451194
-0.414255690177092 -0.454378495885333 0.0290507567493365 -0.0631343624264784
-0.31784490475543 -0.436311694748049 -0.0186516433534687 -0.265428177793967
-0.417435130230097 -0.389767033598887 -0.280301634895145 -0.188727492611978
-0.525270454381565 -0.253797193617949 -0.0816752858583679 -0.366845401175392
-0.432772357531537 -0.0153647953226753 -0.359494728529922 -0.354259472086411
-0.37651678403406 0.101505004738476 -0.417677816077193 0.0843257580882333
-0.397070463606132 0.202472812522386 -0.101174751939948 0.268126045097807
-0.349337634235912 0.338511864457789 0.142629205239397 0.147853595864629
-0.249298726302745 0.449122923354719 0.192946676606351 -0.0695682068533463
-0.245543066810922 0.527313718684079 0.168352110459582 -0.188890022914134
-0.243588517112351 0.537598659938983 0.13675947794796 -0.27338410138426
-0.361759390284403 0.549143363193927 0.136965311533525 -0.318190368885835
-0.565186794537079 0.405979467737469 0.177332228019921 -0.288557313207304
-0.655762940991762 0.146331181157112 0.229924302296908 -0.156625404940772
-0.600633950594468 -0.165257549959385 0.186178080675092 -0.0262888106173274
-0.521818544875962 -0.426475520488614 0.160296362027117 0.0306513912267911
-0.460192214456506 -0.453622464407476 0.116150363847769 -0.0678762057311785
-0.458962177087665 -0.430126947114355 -0.122950482067405 -0.0183932478458196
-0.55587246668149 -0.299922564938748 0.0273077287419038 -0.321829781408253
-0.457221162866529 -0.0975240225895339 -0.331120526466073 -0.347485400782256
-0.468770075891784 0.00417667357475562 -0.431577194330699 0.0500395888191567
-0.529237446951027 0.176972199840696 -0.202046174573237 0.261093897252149
-0.454672239962153 0.368607180118097 0.00108401829477086 0.235375645944124
-0.318509945657871 0.497263288695746 0.0741779002026126 0.108940358621095
-0.289561076718257 0.568213562439266 0.0770885693665824 0.0287302874722442
-0.275171823523378 0.562874993670287 0.049864484585077 -0.0517494267529291
-0.38451343721949 0.545998149545305 0.0272348511629828 -0.125735784151526
-0.56156173163204 0.385584354860181 0.0348238273618005 -0.180878978895214
-0.601637048739813 0.127697771425598 0.153396806515444 -0.187473498474339
-0.516839299468892 -0.0930579637960817 0.242621068127961 -0.0626175828850785
-0.521624727197002 -0.300696077777861 0.303949343289581 0.105981178529924
-0.534573673688897 -0.386596567743614 0.27081368150143 0.117744469800689
-0.423668613283452 -0.39053907794273 0.0159036328467272 0.175559253874206
-0.463069175758196 -0.292213736075272 0.107027803775177 -0.189775404311641
-0.38034280697009 -0.183623796774767 -0.247880344078355 -0.272459298335884
-0.489304634199766 -0.112880944660248 -0.400882475192102 -0.00239935373559718
-0.576955440436813 0.123588353642231 -0.325492749506737 0.229719964899516
-0.482159523375789 0.346650650698715 -0.175553915411867 0.32893980462217
-0.334187781739004 0.479655689778305 -0.0658880394009257 0.297229031941234
-0.29053333465279 0.522399253971651 -0.0239429866933519 0.237445883376797
-0.274411112629964 0.490860979683049 -0.0385157115050899 0.151329451591498
-0.361932549435162 0.428126025361664 -0.066034660877481 0.0398292795686136
-0.468701683906582 0.253669562815266 -0.0752060573974359 -0.0960898058609855
-0.419859375618536 0.0447245450855711 0.107254885501408 -0.216477039505892
-0.318561821075193 -0.0159235037206474 0.300348743364471 -0.085051263472725
-0.433463057168948 -0.133508647730147 0.411891428743506 0.163805585634735
-0.526626512936564 -0.268829269577703 0.411602555980093 0.259763613265681
-0.332102515144342 -0.270869278170601 0.116148291565969 0.355206083579956
-0.298736600201882 -0.211046598043608 0.156223570300632 -0.00841641462556848
-0.237330966650138 -0.200794036309993 -0.136173151298794 -0.17061379716989
-0.398825443390574 -0.172082743250628 -0.355450286269903 -0.0698331922372772
-0.492224704156406 0.0702230519302764 -0.449040542013627 0.196049423132333
-0.405063483817196 0.271864544240373 -0.346489257115726 0.41971526357711
-0.285177491693185 0.382793043949689 -0.199175273074767 0.464889183329659
-0.249567128331357 0.397044169472309 -0.118697820110309 0.407386236516072
-0.241359010891654 0.347032597637522 -0.125600861101709 0.298220754019723
-0.296001077808458 0.24638617061109 -0.145174113930529 0.134280513509806
-0.314956310771048 0.0820635111069407 -0.135743808061124 -0.0750689856156077
-0.189274123537505 -0.0385973212893167 0.115867914934554 -0.245249127724713
-0.10860281162145 0.059390093677136 0.354400502694438 -0.0712604879219656
-0.308851631019039 0.0174061507556186 0.448776088509755 0.216235888908517
-0.441998976606234 -0.141944160176552 0.510780340791389 0.347131215840365
-0.203013906469348 -0.090877549035968 0.175920531146433 0.475045714257512
-0.117629857558153 -0.0573486720316952 0.185834839050517 0.141309134980594
-0.0672467959368495 -0.118837202121775 -0.0465100406630247 -0.0908592013246973
-0.207573592724956 -0.146227638656774 -0.329447217397283 -0.113345476289748
-0.282816439371588 0.0203880490206539 -0.530345613346241 0.192251323683245
-0.237812311331903 0.14435521686907 -0.453511225412487 0.495401563995576
-0.186825487062584 0.216470814261332 -0.290857487237197 0.580004651145018
-0.172338923362579 0.215086006394973 -0.195892421666344 0.513905505981735
-0.173642821092301 0.166868231239633 -0.203504952233375 0.37355021504383
-0.190884300907614 0.0653867890576095 -0.202877145965116 0.149092994169061
-0.138649651264168 -0.051499257607623 -0.13913513029493 -0.10609337020505
0.00611950340263043 -0.0730862209628949 0.17038838257228 -0.246723753200547
0.0368297400276579 0.109141454477102 0.384052307234768 -0.00954448974651231
-0.180746393280562 0.111346568333377 0.412660790583897 0.266755781774393
-0.289950501172012 -0.0303578285722689 0.553319651788336 0.390949522134245
0.00221442868903376 -0.0836865337054216 -0.667428117464889 0.0302955455780525
-0.0815712337984115 -0.103133606744963 -0.47701182387411 0.0145413976297937
-0.123102293478631 0.0123481254662466 -0.417652249258784 0.156365566418237
-0.0268024038247195 0.116678155475653 -0.0764682604073307 0.379253615763901
0.0589040388217434 0.0845507945701015 0.232914834612047 0.111611521796128
0.0840743769949562 0.0359251893539595 0.197812761036658 -0.242338511253499
0.076377791323853 -0.0291006568903089 0.000934268972722853 -0.484986247705866
0.0479783751632706 -0.0467955176187319 -0.128297591944054 -0.618968598014795
0.0452923647652129 -0.0572018403452747 -0.146749298347876 -0.721860116930176
0.0678859092382397 -0.0199633261901298 0.00140022424263219 -0.72935560701501
0.079966818444734 0.0414896948822556 0.227012504830878 -0.579669014851957
0.0415202422721708 0.119643886624016 0.300444052494202 -0.219703343980351
-0.13148467300858 0.0836551653623496 0.095704036490262 -0.0195718344144283
-0.156146120854626 -0.0886945360129356 -0.173809291423325 -0.107938346554946
-0.0414410296015193 -0.121468660700592 -0.449180289563559 -0.32062572040032
-0.213046672134937 -0.0662462434029081 -0.645937365511553 0.0367108067420131
-0.235274442551105 -0.00926763820080828 -0.43297193976955 -0.0600703138608547
-0.175614724754946 0.108347537814169 -0.44974459407502 0.0597271750875608
-0.0721340526707745 0.186726937255231 -0.165779560765389 0.355694234668019
-0.00606847329298318 0.197153717050868 0.189253118638563 0.176291376637899
0.0499274510799501 0.198380206455667 0.227444342855776 -0.173045130027796
0.0967434356911523 0.176645611608743 0.0481925040356969 -0.448441049761283
0.0916586742030763 0.208545934792435 -0.0955914189203996 -0.583953410558671
0.0786346284157499 0.217290226630958 -0.148045887869748 -0.667396650293969
0.0350565748320104 0.281430030092658 -0.0501965492812007 -0.690838458324457
-0.0849842317629934 0.307913676393342 0.149540853872344 -0.578047128312476
-0.220801185290585 0.268645306921595 0.2588559977769 -0.258493918130193
-0.394505143462801 0.10001693443547 0.102081683081533 -0.0392250983986247
-0.436231954982278 -0.138880530604356 -0.127932735629123 -0.0997586581424057
-0.322154886515645 -0.174168376108537 -0.350953533669504 -0.27999613166601
-0.42294831983002 -0.0691851696900521 -0.547054595723448 0.0384043403869802
-0.421133204529107 0.0694698189507738 -0.387171419180094 -0.15116694055243
-0.261722742219673 0.203395968919206 -0.491611245758307 -0.0100007507581476
-0.133436908883673 0.258831183436483 -0.235790898616528 0.346041830865743
-0.0845394990547875 0.301868359654682 0.143495329984851 0.233930349861702
-0.00354402842866832 0.348408060284762 0.233655304560671 -0.0781078714766216
0.0926081435727974 0.364427356880211 0.0883730460199932 -0.342016542755001
0.12070919413046 0.43068760644138 -0.0443873559280899 -0.457657373186955
0.116054720841809 0.44884751225866 -0.122968859877886 -0.522466165819942
0.0408694601067428 0.533214726996362 -0.0916394319589005 -0.553068989136102
-0.176629696512157 0.554381457468102 0.0483353818020755 -0.496847558026437
-0.395355408656712 0.436403311420219 0.182219801661845 -0.283518409053298
-0.578706275988697 0.174228453586799 0.121831637930294 -0.0835184787246535
-0.645251180165216 -0.106622251440329 -0.0048145723027916 -0.0877370261567058
-0.549925522988698 -0.159641723842443 -0.162351166976657 -0.208769148960928
-0.575589953020126 -0.0845106518476226 -0.365796083368593 0.0551084449994168
-0.575231997878063 0.106002306860674 -0.316498564976581 -0.237493657331486
-0.36410115945671 0.241865011914037 -0.528413510525955 -0.0493342012394226
-0.241221476721301 0.301333689802794 -0.296278667964938 0.351116585321942
-0.195277890206032 0.399478487634457 0.0868832563848307 0.293361893466676
-0.073585726559394 0.485222251907223 0.208095942286679 0.0457757450796518
0.0745426255855917 0.513002986069817 0.117437003316762 -0.170447873651082
0.131478585436543 0.583578199395695 0.0166658677158465 -0.260521148375369
0.138850265017175 0.594859810694329 -0.0694421091367177 -0.310881260650533
0.0541231886898946 0.680525651233001 -0.0927471453436468 -0.347423490158052
-0.207304794800894 0.696169443035403 -0.0320323706894488 -0.342650068821948
-0.456945741684535 0.533642495180446 0.0901419152080841 -0.275626319310243
-0.616856690047881 0.247202334159483 0.142326677367348 -0.144590192702881
-0.714798615218234 -0.0127855241779549 0.163166805808768 -0.100547569903882
-0.679561826246757 -0.0772146957253819 0.0812965747231626 -0.140861420478606
-0.633113626607405 -0.0938931271640499 -0.135506366574682 0.0973344951545281
-0.625319601686402 0.0870093413948479 -0.204192729981419 -0.268026095960186
-0.431614734328876 0.189169128191134 -0.505641317626313 -0.061525655788831
-0.374254564630472 0.27787068736443 -0.333761368786605 0.33264570645467
-0.316163817702064 0.457658217881693 -0.00144064852349425 0.35231967411389
-0.141002150867141 0.573244498076129 0.146433163894281 0.207681455459713
0.0498584680663531 0.596791256607973 0.133868794727528 0.050979161610528
0.121811037578011 0.643871647043351 0.0790672497578108 -0.0267967845760776
0.127547968375204 0.636866777852868 0.000654851197049122 -0.0761394718459507
0.0328497444832455 0.692445845602207 -0.0601999523855298 -0.121350681634745
-0.217839464071806 0.679436629652393 -0.0802675997954239 -0.164115940726374
-0.42187718051437 0.482719848299053 0.00644921345076205 -0.250757415266032
-0.496602131915124 0.252053892136353 0.163528307220974 -0.209494788759905
-0.630437081164267 0.0914898578532227 0.326858065077635 -0.133036480793923
-0.694978930114805 0.0316318882200464 0.32838620757296 -0.0963445338927855
-0.579528126068495 -0.0805934612578378 0.0993782811012003 0.165918243419017
-0.5444493897387 0.0379464436352412 -0.0564465720669508 -0.212906933443059
-0.419377380779878 0.0730389747296383 -0.393257122888689 -0.0561290098518071
-0.459790593038545 0.195421687359361 -0.347602132448827 0.268856145142108
-0.388285693778554 0.445982574087511 -0.123275070140808 0.403959741201234
-0.175044579267165 0.576238100563592 0.0604108902950271 0.394007488175808
0.0257454923400728 0.592193522778985 0.138192187964796 0.294456506889371
0.0926525758483667 0.609214063117661 0.12853440136496 0.205635074486659
0.0846576431656181 0.579159961829622 0.058414148260679 0.143836080232522
-0.0238167529942186 0.582661633988214 -0.0310220989714302 0.0733701375984053
-0.225802500430314 0.511205574318531 -0.11596792940121 -0.0270466212655066
-0.323461879831933 0.298069549457288 -0.0513333295284749 -0.243180540709793
-0.27635085216436 0.18749241895682 0.192368504192215 -0.263199668271242
-0.442417843380904 0.173285730287363 0.44731432564203 -0.152157808518884
-0.60987179523273 0.127557128285306 0.531292635525939 -0.0755935677103127
-0.430978396893054 -0.0312327712671217 0.298965745819884 0.242250349233976
-0.362281537294932 0.00691457286687781 0.103364068530704 -0.0985704470807889
-0.312716922023304 -0.0274580366237654 -0.234808376232061 -0.0484591026644563
-0.42316172807361 0.0953215097504758 -0.353698713618263 0.180775322728948
-0.352786065353119 0.351541030636967 -0.24511942526583 0.449957913290927
-0.15863614873396 0.468328804753978 -0.0180335038037183 0.568994074038038
0.00781022777472873 0.483775144733374 0.135346485756288 0.513653179485583
0.0464553734637717 0.482498963870009 0.157402231203806 0.402924989651494
0.0223210843094692 0.440736431335458 0.081586269552234 0.319143532258217
-0.0854202607621936 0.391316204129161 -0.0358783774792031 0.19910165241225
-0.208461153553129 0.269307488127574 -0.154498803599792 0.027515735894834
-0.182479794904234 0.0830766855574136 -0.0651698340811648 -0.271044799694482
-0.0473450152254704 0.114095879095066 0.242292812934574 -0.2850662978887
-0.239123916137125 0.219216145365503 0.508655211835029 -0.128492342331732
-0.455276533127729 0.175689381228977 0.662177410457776 -0.0681845818232373
-0.217731234128577 0.0442552746635641 0.43103770152146 0.291117346357397
-0.125648374564352 0.0232288265211518 0.23024135538861 0.00364195939567622
-0.12501212740991 -0.059899723110613 -0.102374888584297 -0.0448747800569723
-0.254490757865516 0.00481605888222021 -0.355370522348206 0.119129653202094
-0.213825267853059 0.186837902232342 -0.314313730574521 0.492249238895269
-0.101189678027156 0.262765848707343 -0.0564788631190596 0.692872006220982
-0.0127408949159716 0.288384158106222 0.131047346222288 0.664194477315836
-0.00500245752930427 0.285895098675498 0.16236613129483 0.541096996839892
-0.0365311700618896 0.249256070574832 0.0656421198612922 0.432627573063037
-0.113904012798358 0.175024907854421 -0.0736762138545792 0.248175568006927
-0.150003344067948 0.0452962971794098 -0.179957003181777 0.00258561619725745
-0.0414715823789328 -0.0688383859669116 -0.0227027824264875 -0.307968290464649
0.109129471076962 0.0621588112239661 0.304604700302722 -0.251866568489313
-0.0711479393017875 0.212970194063621 0.508037677669295 -0.0591757030375026
-0.255885930261383 0.171106517635308 0.716905760724595 -0.0565005162886027
0.000156486433128366 -0.0863114093239685 -0.689167408741366 0.0621240048811282
-0.0893755711842077 -0.103405635102319 -0.490961272283893 0.0368223588612333
-0.12881971567332 0.0174726923852058 -0.42757559929112 0.179311516384605
-0.023008511635147 0.121501033910941 -0.0613501340345094 0.39445788832566
0.0647325767994849 0.0851368661904745 0.246855667706795 0.105868115746934
0.0894993160257494 0.0316621982864541 0.196076440974852 -0.260165006489114
0.078067733583182 -0.0341927640221077 -0.0182207666517031 -0.50126453078797
0.0479072503956285 -0.0503702672552478 -0.16169755774864 -0.636668602687352
0.0432532245558796 -0.0601727735796766 -0.188093118656843 -0.73996637863813
0.0683968635183599 -0.0239827115512684 -0.0343735567045938 -0.753466148919227
0.0867305525389644 0.0392336972303582 0.209685200974252 -0.612416094495148
0.0496586110163011 0.121692504430223 0.303130575987865 -0.240314618182065
-0.134335483969808 0.0938390807576385 0.0995077957246264 -0.0280543119091004
-0.166150138067267 -0.0837682718443764 -0.186503084073264 -0.107116749763492
-0.0450904440491447 -0.124332510094345 -0.474702281752375 -0.309398430127425
-0.221276008076317 -0.0606624980512197 -0.668245182347669 0.0668529717979721
-0.243558734932784 0.00228986364263553 -0.447160298725238 -0.0427206287304982
-0.177266505681172 0.117774006835735 -0.46605592679869 0.0808859639803905
-0.0650182095431008 0.194878857105812 -0.15515316362216 0.375044597419912
0.00448119013141609 0.20300843833711 0.203286966347783 0.176604124149667
0.0628026512106495 0.201382233401598 0.23161359008247 -0.188014070675828
0.108182372186651 0.177962894458618 0.0297997527319817 -0.465139810981609
0.105204438043717 0.212695263555659 -0.125553214881835 -0.600787289651736
0.0912250585816098 0.222096338251682 -0.18677651083379 -0.685683270370416
0.0493111597019171 0.28895572682826 -0.0869058809519844 -0.712024592546088
-0.0712563812716847 0.323925145253839 0.127562452317804 -0.607207385267569
-0.21574328040938 0.287737443353009 0.256703348123261 -0.278032061452908
-0.406645783744208 0.119418528290702 0.105365402117546 -0.0484544145579475
-0.459709325804603 -0.121414569218805 -0.137725271714459 -0.100596981147685
-0.337177505169878 -0.167454792923877 -0.374288213105795 -0.271950778592032
-0.439581595380422 -0.0562724789891226 -0.56416071705554 0.0651565457036719
-0.43203091841569 0.0949770029495974 -0.405654205746054 -0.139217060018717
-0.260752826746377 0.218866334918497 -0.513626036709473 0.0137146095774073
-0.123842209270975 0.272436308096876 -0.227915675760207 0.366443280436012
-0.0709290430689008 0.315985893822058 0.15934180926631 0.237978997990487
0.0150748072299847 0.36045761252847 0.242578321326622 -0.0906460478562304
0.112376079261636 0.373133892853065 0.0766739529045243 -0.357666428080162
0.146037148125953 0.440825290796389 -0.066080597035103 -0.471081245194264
0.142364911657305 0.459290079016544 -0.153722303435603 -0.535777885279061
0.0661113094204146 0.550951113964788 -0.123016415780806 -0.566840639150511
-0.155313806919188 0.582305264725686 0.0257150013149896 -0.517210621521754
-0.389532371576887 0.469141664663523 0.174259542024974 -0.300012234205386
-0.593598886217249 0.204791621022739 0.124191941224156 -0.0949800075343986
-0.676781069022301 -0.0790547636806699 -0.0079236516388307 -0.0928312165349138
-0.570517926837692 -0.140507257630786 -0.176951016178307 -0.207538739746805
-0.601051366859148 -0.0657938639075369 -0.376995904536607 0.0733463792284121
-0.589678994514936 0.139508133705489 -0.33804798906003 -0.231109731722932
-0.365365110919728 0.263129782459877 -0.556327439824336 -0.0242299679479746
-0.233795670592044 0.320146041594261 -0.290195506969453 0.377499449930461
-0.179886897845608 0.420964850415714 0.104200652018955 0.302802438676296
-0.049391042932167 0.505096372156355 0.224599043044441 0.0402263795941875
0.0987742472930909 0.528395547961799 0.11486126792992 -0.182774536403061
0.163605664785833 0.597936096568306 0.00689568654504441 -0.270263222874436
0.171160745936251 0.610228582484462 -0.0868327645189673 -0.317813562215254
0.0886445475326116 0.702313450161542 -0.113034070975805 -0.352431741551668
-0.178875463323708 0.731738270290967 -0.051081514318941 -0.351535906597136
-0.446642269097256 0.572564098376977 0.0774968566762863 -0.286545589761178
-0.628199408281881 0.281803861160531 0.142962861914254 -0.159055496531148
-0.743636432223422 0.0230906742945002 0.166893741582573 -0.114129596750891
-0.70071758602805 -0.0511019088377853 0.0765619344174102 -0.14932742418852
-0.659210791957601 -0.0724297870017412 -0.135680058096267 0.106190289641239
-0.643722254912162 0.123068899104786 -0.223956070602775 -0.270227440919139
-0.436849952064351 0.209470036336305 -0.534269875788602 -0.0379001823023129
-0.373513662594113 0.303949439237103 -0.329346612108829 0.362230943555559
-0.304443163416968 0.488872264202769 0.0155471252305449 0.368740460986313
-0.115997144919209 0.600872154150555 0.168217415950316 0.209095496619515
0.0783617926440934 0.615114047142459 0.141587634861059 0.0451415471657017
0.156112569431367 0.663293190807736 0.0817744575141602 -0.0309076497754594
0.164779760477628 0.653936834616031 -0.00375652998976354 -0.0779955721314817
0.0686073888680881 0.717853282232961 -0.06876119009443 -0.11980921808781
-0.191753960002951 0.713793592430143 -0.0924433205877571 -0.16539747334633
-0.413819380400276 0.517730500787893 -0.00993290494503628 -0.256114200691809
-0.501127508217741 0.27985700971802 0.161755483073997 -0.226316881072372
-0.650395616309101 0.128789847869165 0.33702874930116 -0.155175902721598
-0.712122553608451 0.0651930940328909 0.333897529335084 -0.115005273389831
-0.604264144454733 -0.0600764828924526 0.109753424748783 0.167568586202169
-0.561811967081365 0.0678277330527964 -0.0688083293963502 -0.218198121233815
-0.430488679134796 0.0896991903295136 -0.417685058327845 -0.0376757450978096
-0.468892129648634 0.22217589314658 -0.348352340961493 0.296530803022252
-0.379608721941628 0.4799666448556 -0.109417491796754 0.426349794448433
-0.153098490312961 0.605990599876465 0.0879514017371564 0.404720803761404
0.0532897213123892 0.612045711292624 0.157693136931538 0.296358163975999
0.12412410643659 0.628383453849391 0.142186890432679 0.207501726019786
0.11534913535875 0.595837243139158 0.0661463601891522 0.147096329626044
0.00574302640147193 0.605229968476573 -0.0297441749013502 0.0786342032815503
-0.208362813839912 0.540171855728009 -0.123637869689039 -0.0216292530085449
-0.318575238256438 0.321296478734828 -0.0713443448015861 -0.24654102534785
-0.27489957207124 0.203850207612575 0.190176677378076 -0.282189788624687
-0.451239622670274 0.205540911982942 0.461108020769296 -0.181174721652815
-0.621319763382354 0.160735449701089 0.543537934242858 -0.105286341146512
-0.447630691317341 -0.015007893456172 0.318017274018941 0.239272183177187
-0.373586825710455 0.0267230100082988 0.101523935432365 -0.105259215718227
-0.323705131544957 -0.0185387145964994 -0.249623769597842 -0.0371221557783956
-0.435878473138016 0.116967580162202 -0.358587364942871 0.204161846311111
-0.347951631031384 0.38075876415148 -0.234081747259282 0.478364297784212
-0.142225229920833 0.493585507397605 0.0114595021974805 0.591994089607775
0.028448310017613 0.502692779045984 0.165143075156862 0.524122061371834
0.0707768354476561 0.498125838521762 0.181159597848381 0.413526717251391
0.0432379306679661 0.453335534695807 0.0981239225387781 0.327935106713032
-0.0697119475973322 0.408490349816749 -0.0286858937958492 0.208046505111559
-0.203230503764889 0.2883059532767 -0.160461231373018 0.0353239382353051
-0.183677528162487 0.0917156855938094 -0.0858406219061969 -0.275089565075462
-0.0401817842981214 0.118244513731402 0.241685956916319 -0.304570897207095
-0.236949225054045 0.242988313659 0.523914425140818 -0.15988568953011
-0.461706002934442 0.205616219074897 0.678811697240294 -0.104813938787264
-0.22255567775479 0.0564856895004763 0.456651503020898 0.285394452285815
-0.127774987921054 0.0312208656920457 0.236378463827124 -0.00409056889036573
-0.130901881611593 -0.0597405449707726 -0.110015895376483 -0.0405337833441112
-0.265580277042887 0.0167180559700714 -0.365006929491368 0.141177881982083
-0.212576823329187 0.204166053961396 -0.30588759606762 0.526236016677314
-0.0925182699560856 0.278201116034256 -0.0230813730289696 0.719901103985684
-0.00162113987010816 0.30115516437933 0.168944347420842 0.680707807076451
0.00871708654395189 0.297805091134581 0.192490002489596 0.554101423853209
-0.0267117790389155 0.259071581145512 0.0884117240856457 0.444107719248101
-0.109886752296713 0.185560624132554 -0.0662536264602189 0.257922648418666
-0.153641436410181 0.0531866255102193 -0.187730144308418 0.00914489966492665
-0.0450165987184328 -0.071479145198405 -0.0416403113322935 -0.315541464613304
0.118628248087359 0.0578441696434984 0.306895965986701 -0.271417064573858
-0.0633888460564282 0.228052090425162 0.52632715515469 -0.0844770314929634
-0.256943410824323 0.190305460699372 0.736843493455481 -0.0943442018176483
-0.00400244869438614 -0.0882749070956024 -0.698486174338475 0.110363663116192
-0.0984080880961824 -0.0990734576404681 -0.49248491891419 0.0726024201477512
-0.131935920534439 0.0260502063918408 -0.422371671960097 0.210903574211695
-0.0160181888430523 0.125029412528524 -0.0354734000166348 0.403469750607407
0.0716648964315129 0.0826926302905751 0.259191174389859 0.091555113449729
0.0943489198913962 0.0244569074237396 0.184057510857858 -0.277243359762253
0.0768090469972121 -0.0417048140309086 -0.0515827281848802 -0.507327740481667
0.0453352881748798 -0.0538992790882331 -0.207388975054274 -0.638185034545325
0.0383066106651557 -0.0630060146368438 -0.243527100136186 -0.740028934069551
0.0675452336281254 -0.0288017859244419 -0.0874731118823823 -0.764236416508892
0.0928976592471169 0.0330180580253485 0.170849772747778 -0.638652080842288
0.0601093774773797 0.120756071581334 0.295458321165279 -0.264488376148615
-0.131786318805438 0.105529060507231 0.0997350896346198 -0.0388460219969197
-0.174284231677738 -0.0735318323219491 -0.198333760043862 -0.0979006000151127
-0.0509377064643982 -0.125291831417275 -0.499420085703549 -0.281569448908029
-0.227674835418393 -0.0488966664288601 -0.67762544012532 0.114136000816522
-0.247359937724492 0.0203195610715077 -0.454581927449328 -0.0129668067365097
-0.173043403811598 0.130152720329151 -0.472220305506669 0.114911344764448
-0.0513588225883792 0.201415423644847 -0.132162998404814 0.39072542925818
0.0200866287781401 0.205148072557714 0.219165110117171 0.168201445110113
0.079614259340769 0.198550908527065 0.226612939846993 -0.206718076717459
0.123101739169206 0.172087977215681 0.000331041272017178 -0.474068240189804
0.122545349726264 0.209309970998369 -0.169682258143384 -0.603162390194094
0.10693536112764 0.221227317137843 -0.237484968610789 -0.685187100613238
0.070250804731275 0.29049318944435 -0.139459480179085 -0.71659389701981
-0.0480559533289689 0.334535403262932 0.0874619938233956 -0.627938558229498
-0.199161208889034 0.307636031102702 0.243664949758486 -0.299442446336247
-0.407233170442187 0.149934258293003 0.105137252748604 -0.0604281038253292
-0.477519049773875 -0.0907351353773205 -0.14851356540578 -0.094851049537732
-0.350311359025805 -0.148971728443848 -0.394892146546918 -0.249330313678506
-0.450678501641981 -0.0292778914684848 -0.570931283114313 0.1027794395831
-0.432805944958218 0.130329162430796 -0.418920668534406 -0.113868686646131
-0.251174180747367 0.238185307694791 -0.525851307655364 0.0516659851360697
-0.104498589975672 0.283390741148714 -0.208519857892284 0.389912118562497
-0.0475455181398518 0.324275675552688 0.177631601880612 0.235118241104926
0.0421754356125267 0.363796905966742 0.246681754065144 -0.108261947043012
0.141025120084994 0.372188374970155 0.0547504566455363 -0.368302675637466
0.180028713048783 0.438453443559122 -0.0998788191529852 -0.475854943281088
0.175102089833962 0.459606730570293 -0.193541926717484 -0.533298156710658
0.108339781856678 0.555526233617551 -0.165876732186115 -0.566010829362014
-0.115696887870128 0.605140780943936 -0.0107007589830128 -0.526535354115166
-0.364252578759114 0.504910226854606 0.156022380946028 -0.314333904360304
-0.59218135208496 0.246579174815906 0.121289934666641 -0.108923218008394
-0.696117090243995 -0.0293769803987662 -0.0140848536786511 -0.0960929911878906
-0.585565250614083 -0.106190611087089 -0.192808831815068 -0.196664715066978
-0.616596915338256 -0.0292069735319216 -0.380806326644204 0.0988884328517115
-0.592007123569843 0.186859367881982 -0.357315387708023 -0.214226241866935
-0.35493418829249 0.289029914082206 -0.572677713644244 0.0153082164710058
-0.212759796250067 0.341636335627266 -0.267528818988427 0.4056331463278
-0.151293987279602 0.439566145644089 0.126851678258943 0.304812545162047
-0.0144897369377731 0.514984581198777 0.237951674969396 0.0247366258272614
0.135794309920651 0.532253156095332 0.10502066548316 -0.194548923846945
0.208671369471843 0.600044785792602 -0.0111527687424175 -0.275805590568542
0.216780776790294 0.608967642442839 -0.111029328510447 -0.317058134403276
0.141063193418198 0.708306403064225 -0.140595377375383 -0.347532606174245
-0.129078146896451 0.759501802905557 -0.0782145199705226 -0.353264443840448
-0.415719761978434 0.61417185545892 0.0559068881837757 -0.292806300371411
-0.620802204394209 0.327937582988219 0.135994110710736 -0.175681736483108
-0.758797801139058 0.0803621777310112 0.164387971205214 -0.129958270177281
-0.711332891412259 -0.00462259244270969 0.0683563548955249 -0.156404287690957
-0.677727136719581 -0.0333069365375452 -0.131802941968426 0.116106193407647
-0.646953588063488 0.173858334001513 -0.247070494753299 -0.260892062975245
-0.431857442693641 0.240714781289533 -0.553686855175026 0.000820290224823299
-0.359046723868137 0.332545364872216 -0.309487509349581 0.393198192434451
-0.27338737601763 0.516267171573735 0.0407742790258749 0.376729000245286
-0.0746939812467119 0.618730643331552 0.193267635896034 0.200998818939032
0.120867120547981 0.623251352387759 0.148182557148021 0.0345915040374115
0.206360476110993 0.665425326437417 0.0816136670605168 -0.0373550493221024
0.212015605364073 0.65428450464324 -0.00963005701949063 -0.077893103130822
0.1213594194937 0.724237204002743 -0.0783892881414718 -0.114913464965762
-0.14354127080659 0.741406041251883 -0.106948307729781 -0.159410857364056
-0.384482721705812 0.554180232883534 -0.032204028552783 -0.25513003597831
-0.491908671130927 0.317210114069275 0.151045456752205 -0.244349337740729
-0.653286811363683 0.18214686245043 0.335664848845033 -0.185657799982022
-0.713331984632815 0.113615416936405 0.330598672989966 -0.140303651961258
-0.61982257520755 -0.0216579572512938 0.1232332275842 0.162515774051059
-0.566834274842857 0.11353739169737 -0.0864190144357813 -0.217562596446236
-0.432053378529795 0.116166885302044 -0.433825172058467 -0.00505871932011059
-0.462221751601043 0.257759998651171 -0.333286173966116 0.328481588926915
-0.352983151457729 0.513771742543791 -0.0822982085313851 0.44471920389411
-0.111619520451215 0.627252606448749 0.123696119190489 0.406113756657522
0.0960473933293971 0.621868556540466 0.180806458444803 0.288205047546614
0.168606744953828 0.633229821156036 0.15985626365889 0.201451728427868
0.158285040941566 0.598173494687758 0.0771986979893187 0.146926789489242
0.0482336380566617 0.614784157807476 -0.0246970290286924 0.0828174224879153
-0.17298185888896 0.563664597637563 -0.128351124207839 -0.0119262146173234
-0.301271235086523 0.347320345421543 -0.0942227752534767 -0.241674451621392
-0.263142767685624 0.221900253066862 0.177263991453786 -0.301665763395631
-0.443341141152895 0.246817530423418 0.45999318855391 -0.219697288814866
-0.615311234379252 0.206593786906135 0.543994506686951 -0.144934216865975
-0.455494466516813 0.0148854782671033 0.33915843012824 0.222520569195049
-0.377738503846568 0.0557605481671379 0.093983447222133 -0.112838135262454
-0.331047066019691 -0.000533692457465287 -0.26116734984814 -0.0172694740201802
-0.437268866433437 0.149430943508416 -0.351611902184631 0.234463814225693
-0.328109601377016 0.410555730987998 -0.208715369971194 0.507077585388888
-0.108916941279172 0.513102646819438 0.0576027677387038 0.59955247478726
0.0627121268244685 0.510738340551527 0.204209792149462 0.519519482420347
0.108753887947215 0.503880453104249 0.211755301521184 0.408980820944576
0.0750166040659508 0.457948532867127 0.121112897306561 0.328590889248719
-0.0427911189919861 0.418546502909825 -0.0163680250904395 0.213687455869061
-0.185872625717828 0.307129042494621 -0.162221102455706 0.0475832355100273
-0.179208133245137 0.103072440656568 -0.111407442094151 -0.270131054165263
-0.0292267118936022 0.11961236681026 0.229034876166415 -0.327757447905963
-0.222459075058397 0.270195840725524 0.525486524253056 -0.199743606951124
-0.45412987550651 0.242151364644409 0.680893008724681 -0.154257246167613
-0.222209461335289 0.0721515844326249 0.481989255609161 0.263162744298426
-0.126199739800628 0.0416710683204479 0.238974699459769 -0.0177607137207693
-0.137539773694184 -0.0547264918791753 -0.116268137303186 -0.0314354520151174
-0.27085247377419 0.0352050706006055 -0.364090238805872 0.169831430309674
-0.202163138654753 0.222435619101026 -0.277160202269046 0.560944301114957
-0.0746311281581427 0.290856017881298 0.0283131353042978 0.733516736266251
0.0184987848109564 0.307856392453986 0.21781039396943 0.679992855652599
0.0301421233346744 0.303046078409239 0.233105774376405 0.554082070980305
-0.00977120515974403 0.264751805156622 0.117968690606778 0.448077962946895
-0.099399396181732 0.195278772280736 -0.052073179689086 0.266451868274965
-0.152971411498225 0.0636997336485372 -0.192457872618929 0.0211411673170967
-0.0500313763851426 -0.0719977434665874 -0.0674480995033823 -0.31606701722212
0.12696385756511 0.0489743799015365 0.298515160325382 -0.2967048808568
-0.0471969799796452 0.241371772334777 0.532250770175022 -0.124297244946388
-0.249329415961113 0.213199196336928 0.738545272381285 -0.148828569594227
-0.0082665293690875 -0.0885149479273293 -0.686876278622204 0.160918915291293
-0.105097132406966 -0.0921034289579093 -0.479553911732238 0.105049943860362
-0.131240705759499 0.0352459024123684 -0.407864391874907 0.238707783443469
-0.00799153118069537 0.125727871847625 -0.0085079258553362 0.401103368641208
0.0768799968107888 0.0771188613912786 0.263847216342972 0.0735579765688024
0.0962052717557243 0.0166586607826336 0.165626188980069 -0.288401738164556
0.072407187476742 -0.047848272174037 -0.0851446159603979 -0.499531927877003
0.0407918927505041 -0.0562727295543624 -0.252297023503199 -0.621150055447387
0.0320498841428207 -0.0637501732447664 -0.296922086156724 -0.717775845422102
0.0645233270230514 -0.0333125872015354 -0.142006038150513 -0.752251778221089
0.0962715225330437 0.0256748415513988 0.124258314782282 -0.64791643218449
0.0685668957443295 0.115766252596512 0.277178606035233 -0.283369719233345
-0.125798793205209 0.115510685108729 0.0961675818388903 -0.0479188718179933
-0.17698708333411 -0.0604067900152555 -0.204521544937532 -0.0843255480751652
-0.0561422969941819 -0.122716318896876 -0.507671533892361 -0.244502893707597
-0.228225087507107 -0.0340060713150279 -0.664362206168304 0.162039497725359
-0.243000714610351 0.0385381920613984 -0.446775391310272 0.0180631998250455
-0.16375371358752 0.139712580004293 -0.461662426743454 0.146448045273424
-0.0365227907814105 0.201941027325447 -0.105841581182979 0.395564525576414
0.0347691766676945 0.201374168287375 0.22892695359752 0.154861709847662
0.0939558156238786 0.189165363109269 0.213778098744245 -0.221011901576974
0.133164870359781 0.161705580779735 -0.032532911043737 -0.469581794265901
0.136304607443185 0.199173265738023 -0.210794330788698 -0.587718791064612
0.12083681276363 0.213070079755457 -0.287620331350913 -0.66194462372308
0.090258023859122 0.28303072396982 -0.189563738507263 -0.700974762518464
-0.0229400099780708 0.335041091934972 0.0420060291416283 -0.629551045810133
-0.175286210176018 0.320149758656914 0.222940511659339 -0.312675749666713
-0.395754054449361 0.177527937986265 0.100022609146776 -0.0705489959806443
-0.481047293068685 -0.0551907245612287 -0.154109379408615 -0.0842582195375905
-0.354193699655356 -0.127289074767196 -0.404564639919983 -0.218281839554646
-0.450444826091926 0.00029590416790356 -0.561065423367911 0.144268565241151
-0.419753416451206 0.161548385384211 -0.421611359549559 -0.0857742974949628
-0.23399740633679 0.252349156625939 -0.522881410396255 0.0886591546928657
-0.0820882365738918 0.286658467162578 -0.180232041816628 0.399931831558695
-0.0224964047913542 0.323678614307296 0.193154644460559 0.224300347846876
0.0675799299697223 0.356393144939589 0.242379861958126 -0.125593108587349
0.164594846261531 0.359094633562881 0.0293973339086256 -0.369166751724045
0.21125986784471 0.424115276092927 -0.133340593913689 -0.466849790068348
0.205867976207608 0.445224825453096 -0.231592505819883 -0.514974713629465
0.146170714386421 0.543262206068422 -0.204470346675142 -0.547036271906912
-0.0703247282873031 0.609095753026294 -0.0502155187773088 -0.521364014454228
-0.327022439173528 0.526530061784354 0.133287250543421 -0.320683940133303
-0.572892399100903 0.285388185368442 0.11347563886186 -0.120499011984345
-0.694380200293523 0.0216350700177573 -0.0202672221194662 -0.0956619127024695
-0.584414507052622 -0.0692163045340543 -0.202167962868201 -0.180658416999618
-0.615927851377537 0.012123807668745 -0.371752286705549 0.124462693999832
-0.573264667413314 0.23159571192575 -0.367988682498462 -0.189252262206311
-0.333940818101653 0.30935128791161 -0.574422604222722 0.060141869841276
-0.18639443164027 0.350239636175044 -0.236813094579331 0.420468413569262
-0.116329990045941 0.444633244205055 0.147303221273243 0.298197044229354
0.024136774934944 0.510211731772119 0.24450204985149 0.00680124115720286
0.172211362419689 0.518081551584602 0.0910282901464777 -0.201330015535715
0.251629206060477 0.58071607352726 -0.0287125455871214 -0.274824404046547
0.256854594019281 0.59199021592604 -0.132399949022638 -0.305909511998426
0.19105588716039 0.692747243026647 -0.163852060159277 -0.332177366646274
-0.0745054113660744 0.763404672698798 -0.10315383557129 -0.343095760583495
-0.368946491233729 0.638180766017958 0.0339076236020626 -0.290509988000848
-0.594762855428215 0.366217389253905 0.123808749393492 -0.187089886214798
-0.748685986755116 0.135888125046651 0.15622325863446 -0.142499028791021
-0.699887493641655 0.0409303679312978 0.0580746185709839 -0.158244015461057
-0.676874542908828 0.0148848314587659 -0.12312036790262 0.123775549077217
-0.62805286921229 0.223449751814314 -0.263193210611311 -0.242798579620873
-0.414777268656432 0.264315191979866 -0.556755983395348 0.0460344344944473
-0.331715752743459 0.354015532666974 -0.279041509952346 0.412187733838681
-0.232956721718108 0.530159454055034 0.0678298767502491 0.375654451582436
-0.0285713979323233 0.617768249179799 0.212577605498631 0.18406654128693
0.163353206040733 0.610078463413884 0.148744763378473 0.0223522583642817
0.253480118251921 0.648060226498918 0.0791185018661852 -0.0444870942282607
0.254298755787702 0.636707714065311 -0.0150538256343878 -0.0757912820618361
0.172847266710522 0.709333120815689 -0.0857957812406678 -0.105817476692966
-0.088014247021092 0.747214980313909 -0.11840145783261 -0.148483450456023
-0.343010474351605 0.576201040057653 -0.0521739598668691 -0.245737343030791
-0.465197991778972 0.347085223921276 0.13435181150102 -0.257103876011217
-0.635509294417486 0.232195408954926 0.323396274263624 -0.210808649397982
-0.694722162405881 0.160323959947598 0.317423464908535 -0.161398838727668
-0.617246125840565 0.0205912524793752 0.132633484837836 0.152899215132572
-0.552247052275752 0.154878496815269 -0.101715318544854 -0.210414061662229
-0.423208233761969 0.141605692836422 -0.437248839259669 0.0310818172969762
-0.441526857839469 0.28649531156154 -0.307553426412598 0.351126554967391
-0.312315362268516 0.533693285284907 -0.0520857794192178 0.451021807784475
-0.0653182213325973 0.63201076036609 0.156324487703233 0.393666318867723
0.137506922912879 0.612354026448853 0.198801281684346 0.27020578869946
0.215436888034086 0.61748475302427 0.174443663014025 0.188648919175682
0.198422232216828 0.58378740315722 0.0867011596199128 0.141150960351108
0.0909034805054656 0.604792861619868 -0.0183960639388425 0.0854474159000105
-0.131229070980041 0.573493528369302 -0.129472174247272 -0.00102994925608936
-0.274254591908636 0.363229019967552 -0.11383103688303 -0.227160971416955
-0.244231468230857 0.236246397546994 0.157866920118153 -0.315278366920115
-0.421225555334941 0.282096071621675 0.444363902068605 -0.254611665661886
-0.591571670253756 0.247060213974693 0.526779875642609 -0.182296341899661
-0.451026257021541 0.0459174323892496 0.350822350276679 0.198888185185095
-0.369171261083845 0.0848432425191624 0.0850765914481978 -0.116715563492123
-0.329038340687172 0.0184545014263935 -0.264772770238378 0.00528127175781821
-0.425454641915502 0.178740460377799 -0.333654361388206 0.258220641483766
-0.297325887062459 0.430934306833833 -0.173494372676728 0.521268447867566
-0.0700662508031029 0.518362551142146 0.102853878476752 0.590782704243685
0.0983211162086167 0.50547225987908 0.237717095636768 0.498758730465493
0.145604641759917 0.494259320907149 0.239678032323623 0.39169497392635
0.106940512913342 0.450563844970476 0.143440036968307 0.31885406427845
-0.013137888202334 0.41668966077779 -0.00162566991341945 0.213007902031388
-0.162147047249085 0.318253035818254 -0.159846657910466 0.0583549444818761
-0.170465907970894 0.112774461977285 -0.132945113392695 -0.255944858776337
-0.018044214321997 0.118472306985381 0.207629573529572 -0.342769038947172
-0.198768575561873 0.289971874287409 0.50830002228211 -0.240521205978103
-0.429309354170794 0.272733419204867 0.660064695669551 -0.200982615143619
-0.214305563183582 0.0874993635388062 0.493454628478511 0.231244734318139
-0.120055037552773 0.0512511862245802 0.235505659998936 -0.0311016846322107
-0.14006079055554 -0.0477348019125413 -0.119247078833025 -0.0220241340502069
-0.268187902536777 0.0545388775876452 -0.351512720223665 0.194775233901473
-0.184251746500445 0.234782049386417 -0.239827076855014 0.579378520369804
-0.0525356427126461 0.295148616845598 0.0817517633660899 0.725476919590389
0.0395424283546908 0.306332601484681 0.265028181760241 0.657757238588877
0.0530624496679706 0.300394377662391 0.270593875157517 0.535107817587329
0.00850054385096829 0.263662752168253 0.149598955965227 0.43794962812758
-0.0857420824425035 0.199694132028315 -0.0347618872985893 0.266641793198998
-0.147661303048147 0.0731384025470803 -0.191333975149639 0.0336862880948356
-0.0541904834331154 -0.0700403962252074 -0.09155614022431 -0.306274455884906
0.131165312620248 0.0383132661990198 0.279032919299821 -0.315262963311409
-0.0278131293010798 0.246680449292698 0.519623269376612 -0.16197519697777
-0.232112470744764 0.230603025620537 0.718811436137335 -0.201002562319136
-0.0114294875221283 -0.0870314306453784 -0.661292243562342 0.194955183815725
-0.10776734289309 -0.0851610569814544 -0.456569014472421 0.124966543972592
-0.128633202312283 0.0415423670644626 -0.38635787502501 0.253537423751529
-0.00179178454233068 0.122992220876638 0.0110555584565688 0.390847277738181
0.0797834187451424 0.0717729867932414 0.260888596650243 0.0592954805294022
0.0945702309174218 0.010061255838299 0.14799677134294 -0.290280850641689
0.0673107719280784 -0.051065172645805 -0.10749372216737 -0.483067747299604
0.0359993256758662 -0.057198291777661 -0.279394872746843 -0.594073360258916
0.0270549597365276 -0.062688920900185 -0.330111971082181 -0.682400699691042
0.0606137097755136 -0.0362018491429524 -0.178490207076121 -0.727736235659132
0.096487386956917 0.0188981095560509 0.0864489784152592 -0.641380289114081
0.0744355891934602 0.110087895456107 0.259626456965191 -0.29177535295639
-0.118181806281298 0.120892967453512 0.090323889464679 -0.0536055982884602
-0.175621737153252 -0.0499547166740604 -0.204983395173347 -0.0720949888059243
-0.0592908037647818 -0.119657305992998 -0.500584662552991 -0.212812609744596
-0.224035251364123 -0.0237655742522584 -0.639460774310349 0.193852115532993
-0.234738849475772 0.0513234733058502 -0.430827094176025 0.0398270793433683
-0.154027686362443 0.144081709056402 -0.445483895451742 0.167640335602762
-0.0244329625240525 0.197600051697488 -0.0829259295615535 0.390979637969211
0.0462635343568 0.194212703236359 0.231174316510975 0.142390910014215
0.102045422517056 0.177578790230181 0.200437968235803 -0.226884746740968
0.137928892970919 0.150252199365691 -0.0548651032402353 -0.456510660444493
0.143983054158554 0.187215540315146 -0.238453345406267 -0.564843476082547
0.128252671545947 0.203248956455208 -0.315990927619982 -0.631698686709546
0.102611065701743 0.270713726075697 -0.223790648954161 -0.67330855396662
-0.00317416646692908 0.328499571356819 0.00648232517978766 -0.617796224498296
-0.154242464565992 0.321869017791036 0.203930930533598 -0.316496503869294
-0.38095787360984 0.194365778555484 0.0937740916412261 -0.0768676679046111
-0.472872697943933 -0.0283484690936293 -0.155346110294699 -0.0745353506186876
-0.349059031119284 -0.109649479792453 -0.400635618822302 -0.191566823779143
-0.43997877466574 0.0219452627355488 -0.539813314897198 0.170164563055489
-0.39957019514267 0.182274161535858 -0.412169705396207 -0.0629412803624727
-0.217723741704192 0.25664304294792 -0.507584749169681 0.118444712332563
-0.0633279041629214 0.281699328754086 -0.155141803330919 0.400584608320094
-0.00322938254111672 0.314410725319799 0.200771973634489 0.21332895350201
0.0866361056010353 0.341389065919534 0.234779768381112 -0.136191243716369
0.179898840450549 0.342404639779373 0.00978475402990036 -0.360963074293819
0.228980087118468 0.403139279392426 -0.153324030263492 -0.450306077942416
0.224298709227909 0.424063452853609 -0.252738229583752 -0.490318990148054
0.172391831802857 0.521344531600781 -0.229772162622755 -0.521911534015619
-0.0341785829082473 0.600356930863862 -0.0769770353330528 -0.505468944896283
-0.29055745598104 0.531912173686828 0.11528283876676 -0.316835427687367
-0.546611034231629 0.306595860356002 0.104129169088932 -0.126784798663284
-0.675691343309568 0.0599301970509143 -0.0238516223338937 -0.0935516801352424
-0.569826459835906 -0.040885449444689 -0.202066596116752 -0.164719938152915
-0.601353673490588 0.041961616943691 -0.356315005107628 0.140966221412083
-0.54490781043302 0.261371513165304 -0.368095775633004 -0.168193907862176
-0.311124031453277 0.317461777795186 -0.559505378206031 0.0938568325113142
-0.161878405598796 0.349728908989136 -0.208966693583679 0.422738437360579
-0.0875479728814289 0.438027057328053 0.161169545359169 0.287854914280905
0.0510820991853142 0.494737030799997 0.245182203515467 -0.00870048913526143
0.194780063013217 0.497765843828594 0.0787199938704926 -0.201719808450337
0.277803028727866 0.555449876353403 -0.0423687087053395 -0.26843764061182
0.282876698110417 0.565246337369326 -0.145664554250098 -0.290757830307462
0.223974723050206 0.665015109707358 -0.177017216493601 -0.312482253717076
-0.0275678547586469 0.750122921610907 -0.120419534213323 -0.328197354943431
-0.325454701517793 0.643669780922275 0.0179043266444725 -0.280611731691652
-0.563352526654288 0.386511028940349 0.111469996076238 -0.19247791464252
-0.723416600856772 0.17773921130932 0.146224042202081 -0.150639449449931
-0.675140908669156 0.0735472621498079 0.0506399955177699 -0.156786288932867
-0.661316949068098 0.0481676521505282 -0.114456138940128 0.126423803902724
-0.597695058454986 0.255362021583268 -0.26993596577199 -0.225531379065339
-0.392138772109104 0.277961818760551 -0.54517702311017 0.079973946244434
-0.306578685883176 0.360452462455434 -0.249902549124481 0.418872459376282
-0.197729344926887 0.529206973540311 0.0877152163255491 0.367417221998969
0.00645843341886837 0.604061955510624 0.223526799632287 0.165439672097808
0.190568406381912 0.589991607774797 0.145970260658973 0.0119983903334311
0.28507859954908 0.619786016229683 0.0756412062905302 -0.0483618677619575
0.282780982199439 0.609134210690155 -0.0178098200016039 -0.0724480575092541
0.206684179724567 0.681123539186691 -0.088124576476723 -0.0970293782931396
-0.0444915937122725 0.736528164073682 -0.124331144598254 -0.137338908059112
-0.303794513390237 0.579816573243286 -0.0648531674998193 -0.231593735430094
-0.435097356301255 0.360421729195496 0.118491925178713 -0.262186752796771
-0.60613112105152 0.2668520227306 0.305630469235331 -0.226387711407811
-0.664529650238385 0.189693199657331 0.301369423125149 -0.173860656073049
-0.601662216820601 0.0509455440749894 0.136252823976797 0.141174334736967
-0.528477803283482 0.184369223396789 -0.110467996849703 -0.199963530486986
-0.40658569870907 0.157520556798356 -0.42869030379203 0.0597009010252891
-0.416732206876849 0.301474334648247 -0.28122697786402 0.358037298727692
-0.276015818277621 0.537291953048613 -0.0261202548034947 0.446582675129969
-0.0277973866775513 0.618458561868471 0.179403355120884 0.373184091901287
0.166658260546377 0.592159246667146 0.207145336306104 0.251218650773179
0.245352752307673 0.591949186573533 0.179707048448898 0.175303391263979
0.224286971133228 0.55976066003776 0.0923850938209363 0.134431648952962
0.120900917026374 0.584682068962788 -0.0133886986357526 0.0852068941485803
-0.0950585521016508 0.56828718847461 -0.128240690942764 0.00749199145417622
-0.248306491520322 0.368084617516867 -0.125301502984244 -0.209186638948482
-0.224178153216544 0.240512327260266 0.138525090805427 -0.320439021648085
-0.391643579115427 0.304351731039459 0.4215534266803 -0.276103371671775
-0.559188417568138 0.270964580273357 0.502273523274488 -0.205730213741848
-0.436995004219857 0.0684337211474354 0.351646004444238 0.177307872247093
-0.35121562912778 0.102988565606492 0.075947239812561 -0.116482225639663
-0.320141333595841 0.0316784862603959 -0.259938710079256 0.0238337359754559
-0.40784843231898 0.195313239844856 -0.313012015410109 0.26986234177995
-0.266880422874503 0.43540223584327 -0.142543290270717 0.523182347810558
-0.0402927902493245 0.509874937420208 0.137821903242349 0.569560523842513
0.123384493688095 0.49051102807641 0.256617668911675 0.473500379245987
0.17128402397577 0.476950895426899 0.254713683060791 0.370255775451114
0.127626072430635 0.434596162970941 0.156833275650762 0.30486207876669
0.00854452070330103 0.407329194145074 0.00943509987838126 0.207765263389468
-0.140600057720026 0.318738264083393 -0.154698695886483 0.0658224781654871
-0.159948683318493 0.116046022518321 -0.145602294300805 -0.238234932901767
-0.0090181818579924 0.114025842379504 0.18768382720265 -0.348535592173048
-0.173553075825622 0.299466397316067 0.48510039321654 -0.264655960971252
-0.400215341815213 0.288879064121406 0.63018351310251 -0.232077243299641
-0.203872922756371 0.096519030179878 0.492463517141983 0.203081456017501
-0.112176810476365 0.0573150327372022 0.227688612103097 -0.0402155378077234
-0.139375092775261 -0.0423073073947261 -0.118395390424576 -0.0128905229172401
-0.260495869781338 0.0681317160064435 -0.334171025528898 0.209543745596316
-0.168418077089277 0.238561865239018 -0.204117621914159 0.583608903802227
-0.0345214694143429 0.291137075405248 0.121511963548727 0.70243539916981
0.055136884579026 0.2985962067127 0.29260301356879 0.627453930472461
0.06996331643972 0.290347566546614 0.293150469949476 0.511251043369822
0.0220870682364534 0.256587521407547 0.168198486698639 0.421938806113708
-0.0741760359747512 0.198836946386477 -0.0218449813194544 0.261391158000981
-0.139991837935783 0.0787877961810386 -0.187335392273603 0.0419368255626884
-0.0561272525601378 -0.0677997544262889 -0.107243598459605 -0.291501461629553
0.131750441724205 0.028909745286877 0.260406106942656 -0.322712414644255
-0.0104228558019992 0.246465123670412 0.498343909823318 -0.187224498398508
-0.212466910845989 0.238543369077449 0.684790975499675 -0.235006335709025
0.0282842951328117 -0.0848012008334859 -0.683403818299219 -0.0794803748479241
-0.0594420711515996 -0.12058099426552 -0.461079446238688 -0.061599979960618
-0.135528906680177 -0.0143993641286926 -0.451091852334026 0.0840558505666561
-0.052310257918177 0.106883299572206 -0.137945213010996 0.364236908070376
0.0393133256840362 0.09534654880287 0.213849143395162 0.156929490020582
0.0799539253625687 0.0473608996504222 0.252184031975334 -0.204154721256692
0.0789781144478133 -0.0195853114587423 0.0963441558950084 -0.478116577104845
0.0537095721385095 -0.0378779589851148 -0.0205088016623129 -0.644101784029147
0.0420171364862659 -0.0470339932399768 -0.030149260343274 -0.739929252189248
0.0618110170339671 -0.00999364956525927 0.122445970195986 -0.72654295777598
0.0755088671967736 0.047680179324455 0.328114221238636 -0.538090156852045
0.0255683320333755 0.122645131592701 0.351196991224673 -0.157292684478487
-0.154831583591866 0.0686127562602734 0.0981023197209952 -0.0153567125929414
-0.14351883693026 -0.106962725554799 -0.157584040178335 -0.152567326421816
-0.0176677225954083 -0.134916822393907 -0.356185095922073 -0.388490833441442
-0.194854203709954 -0.119592570233496 -0.654296665576169 -0.0493315522021475
-0.228015747331497 -0.0507302557737041 -0.397922054279825 -0.123163159034826
-0.199311130317927 0.066893151705134 -0.464469024806119 -0.0120273731504712
-0.100021635455253 0.162164120650267 -0.220396056449043 0.328552308107474
-0.0381741053022662 0.188019729653701 0.160358729234685 0.224055443920349
0.0199229055730522 0.197466088132557 0.281566829542865 -0.122819459543848
0.0632092713868309 0.186734800380655 0.13463630391474 -0.430673630599396
0.0578203449862774 0.225143768202773 0.00622899226975081 -0.601357555602224
0.0330752506068575 0.232363217570304 -0.0430301942624652 -0.685918911148233
-0.0144826348544127 0.282424690431543 0.0580702984852295 -0.69200625751069
-0.128830889560336 0.292818677161015 0.245670136768805 -0.547025666276222
-0.262424171936641 0.228217055544201 0.305847330337139 -0.201425699949199
-0.422504631503357 0.0388631312610525 0.106825667075211 -0.0396189062791666
-0.422226516208789 -0.190028184271887 -0.116046402021337 -0.148848721893196
-0.286152161583195 -0.227336770825007 -0.270347248833076 -0.344119084223301
-0.41320666866881 -0.173339347228733 -0.544289116054232 -0.00967705959053459
-0.428746922182888 -0.00140212623507804 -0.335704708843359 -0.19685074298453
-0.300767949667282 0.141559085105776 -0.494459833260121 -0.0765217365221951
-0.167816203778554 0.219816601475926 -0.284635542876352 0.314549504032228
-0.129716187452058 0.274849050057662 0.111066777523167 0.281569021307115
-0.0588460146855679 0.335607167499874 0.282798012178672 -0.0239391045475029
0.0264367431431984 0.373229462853985 0.160039807520802 -0.317379114146467
0.0525183098894585 0.453566411233689 0.0376830448782432 -0.467756877744225
0.0360483565383351 0.470068866718948 -0.0445947443755147 -0.533257760848154
-0.0426467569389849 0.53424904158372 -0.00968812474812196 -0.553814496024868
-0.255314943643783 0.52945951265533 0.126141919696169 -0.478099820136627
-0.465994903636144 0.369239080407753 0.219653371639573 -0.236624725741592
-0.618849703964415 0.0817803674615212 0.132228076571237 -0.0823422156962331
-0.637436605656074 -0.183877927560508 0.003913938854799 -0.124812375413963
-0.509528119019965 -0.242217082514383 -0.101775323350024 -0.25260302647649
-0.571279500779573 -0.225675666358226 -0.361095501150234 0.051970607717672
-0.589929171911957 0.00867450158793829 -0.252838189560665 -0.266503890014269
-0.411955662383935 0.158615620189737 -0.531189703946321 -0.112529596993536
-0.281345924256204 0.239338478132654 -0.340021483815893 0.32062086912419
-0.254305805871567 0.348622951508646 0.052546837272354 0.339016957117465
-0.149757492766945 0.457941671760061 0.245710080188032 0.0990237434863612
-0.021436254369062 0.51947871874395 0.159409044470878 -0.145356043520532
0.0393149109734252 0.61109309843934 0.0666407838024933 -0.260802811434493
0.0381128448207846 0.61992295852985 -0.0263612853565067 -0.312071631124309
-0.04619113172124 0.682522217390847 -0.0465823242146381 -0.343181705404322
-0.304105675813444 0.671364955233556 0.0170802800825398 -0.333856893760112
-0.539880915368804 0.457929298142495 0.114410770392193 -0.240869298080313
-0.66335152381956 0.149557603633871 0.16342612611068 -0.138778171542858
-0.721155189750285 -0.0920450605448683 0.174837413239443 -0.112960176897201
-0.641128059119755 -0.173977056767015 0.118208145503491 -0.153846939515338
-0.627776794313093 -0.245985232541785 -0.134183805176379 0.140076915968339
-0.636264910350153 -0.0172845308588318 -0.141375629506404 -0.277726496616
-0.467189742668794 0.0891985707164374 -0.516640504442845 -0.112703942262278
-0.413260273042993 0.189609662045111 -0.37783629051896 0.31004675117535
-0.387485143964116 0.382722076844812 -0.041959832814527 0.388031275788417
-0.232470635927788 0.537804415323434 0.161520628465318 0.251786333967401
-0.0622127098241485 0.600493406710824 0.136531043079172 0.0745810674963449
0.0197349987647246 0.671653463136513 0.0877740785339557 -0.0170250975163408
0.0240453594484295 0.658944497915901 0.00245577298739515 -0.065778182715347
-0.0675094282668352 0.690860079697961 -0.0514293212297098 -0.113956583748353
-0.311957420161444 0.653239255851818 -0.0619526167966784 -0.164362332677502
-0.495666084103835 0.409090794041115 0.0198020581851538 -0.22791968061059
-0.534941676164816 0.168767343163232 0.199618575828362 -0.195989097996092
-0.642538485446654 0.0287082237839171 0.344741052970321 -0.115038525649029
-0.668457180698069 -0.0607488245363782 0.343285261219176 -0.0739912449715504
-0.573528155147061 -0.216862527942655 0.084828944346234 0.246290486566266
-0.543068523664441 -0.0525119928283341 -0.0129228654814017 -0.195587027586581
-0.430307730619809 -0.0264255961592536 -0.410152853662414 -0.0843559364772555
-0.489393387721954 0.092265322270476 -0.387472915638236 0.24888111556287
-0.461477273186244 0.358252814317729 -0.177357795270181 0.41735498157853
-0.270431515129046 0.536536121348695 0.0403121492257506 0.421739906131271
-0.0858238617629113 0.593426319054172 0.0980253345357399 0.315270258241383
-0.00501865301460514 0.633606416185474 0.0947551176454431 0.225420767884707
-0.00946796719512459 0.593640708739953 0.0222263007631636 0.161533239629023
-0.106831580952838 0.57273670547397 -0.0537167748351856 0.0771206444283493
-0.295299029149209 0.481408853736956 -0.121328375869724 -0.0388569301810105
-0.366073101922465 0.237233432464596 -0.0400139639119901 -0.233808430110604
-0.294574245703218 0.135038447456036 0.245773526475009 -0.237219043551808
-0.459157537991553 0.137327296049474 0.468249275569662 -0.106418527365506
-0.598334025344788 0.0499207977343851 0.529974924178649 -0.0224642998647609
-0.428794146504087 -0.128626514088772 0.262259874250658 0.346375412936107
-0.352053425705857 -0.0525493545248903 0.119082793636191 -0.0552364946680403
-0.300177256872835 -0.105901743259092 -0.248345263171347 -0.057116964511384
-0.438845401128971 0.00309216013072423 -0.388147437382552 0.152591615103636
-0.411564398334657 0.272941273916226 -0.317647382602744 0.436312644190013
-0.23718983908526 0.434705361981434 -0.0829000671541692 0.578417627978628
-0.0839544682665762 0.485535881935865 0.053254136080945 0.531915324123609
-0.0285710455818694 0.498671800555289 0.0854047908752864 0.431868895414295
-0.049037467937441 0.444026965703948 0.0156790198361923 0.338492326977987
-0.142006281723782 0.370527719663601 -0.0803823635762881 0.1923508977012
-0.244594117355322 0.238959064265507 -0.167566406106446 0.000705712373575659
-0.19075691550368 0.0435431710362995 -0.0428938653596559 -0.269364413154244
-0.0480809714479647 0.0955105935338094 0.304660085776977 -0.238556424186543
-0.256780147165534 0.208754425935811 0.523155309396164 -0.0606156920065305
-0.45923405818457 0.121125191385381 0.648933349848084 0.00979272712557028
-0.226227943792165 0.000138148786335316 0.375262314758393 0.401039678288308
-0.121298150002633 0.00462851515781295 0.224276627018827 0.0622431414709395
-0.10706529679773 -0.0972652842218412 -0.106639849375207 -0.0488744932719885
-0.257201957564304 -0.047591771751258 -0.390374700513648 0.0769618363442435
-0.243389893050049 0.137818585313508 -0.407058113887603 0.459004647855609
-0.14611622663653 0.242514276764724 -0.15712395902198 0.688559228712106
-0.0683134837198646 0.28875511472323 0.0211278550392776 0.685489977808085
-0.0470510898645767 0.291135966186503 0.0640909724496316 0.575531956483285
-0.0748748030053746 0.241789939981119 -0.0175077091017271 0.447692401974481
-0.139765695689742 0.15151069798775 -0.12810284451697 0.225624425205849
-0.156357343536065 0.0207140626373711 -0.186307210512854 -0.0371268172778646
-0.0296334983528925 -0.0845550976950707 0.0165177047454697 -0.303104767010071
0.112926380415393 0.0674538187033129 0.363015712660293 -0.183553990128723
-0.0900809835213873 0.21661080995252 0.509568621213119 0.0213726361124976
-0.269124084888394 0.140683626957007 0.700748400503443 0.0380486652567139
0.0272174809517917 -0.0859411267201725 -0.681438267935555 -0.0570366169660074
-0.0640534301787576 -0.118508512697027 -0.455560941229938 -0.050103845139612
-0.137577020751024 -0.010155847259017 -0.448980785493931 0.0972219531759487
-0.0496962198588613 0.10900847304364 -0.127712868518966 0.366878166275251
0.0424299339024087 0.0944325407215071 0.217343197468944 0.152453823342105
0.081456194662618 0.0438819000471224 0.246706320977884 -0.210468813743385
0.0773941188059366 -0.0221802375547335 0.0827524403595997 -0.47873889621382
0.0512678673541805 -0.039024496649039 -0.0420733185707711 -0.644498173831096
0.0388521468673818 -0.0464891620565126 -0.0558501465566475 -0.737499720361079
0.0601104271419512 -0.0114799901988739 0.0972501950690424 -0.729346712025517
0.078122059823432 0.0445297580148336 0.309829703507959 -0.546514427906739
0.0305418370067883 0.121108786008498 0.348549174580713 -0.167285477578705
-0.154017158551189 0.0742184099008504 0.0971290350743196 -0.0196236528541465
-0.145973910426523 -0.103961172296545 -0.161195264668166 -0.146614508814825
-0.0198424753444109 -0.13708357925888 -0.356834790094582 -0.378215671601532
-0.196801316667101 -0.115086411032955 -0.650747032802239 -0.0278717249966963
-0.22831619786809 -0.0431275574273246 -0.3949142587579 -0.110471354006575
-0.198215581229389 0.0721173451888945 -0.464927665993006 0.00266511282785698
-0.0942919929520996 0.163735455982941 -0.2114131219085 0.334120345090372
-0.0317774940163739 0.188870987441578 0.165652804519515 0.222861034205524
0.026794046388503 0.194980147668361 0.279478625544504 -0.131047439518125
0.0686563847681996 0.185138810355243 0.124548081024727 -0.432111168325045
0.0643506439174013 0.223773534429552 -0.0128592287840191 -0.603219938128244
0.0384236296303527 0.233664977479157 -0.0645558597284718 -0.684203548180778
-0.00614727897449263 0.282316579850291 0.0346828284574531 -0.689059109337736
-0.118534705044002 0.2969362312207 0.226629041550621 -0.55327941958226
-0.254009250924797 0.236746593289084 0.302243786673674 -0.209103353986096
-0.424512882150193 0.0522503253128718 0.105601154961833 -0.0445611031991005
-0.426488264899214 -0.178210406967452 -0.11845414353443 -0.144809385739659
-0.288221216658207 -0.222012043542983 -0.270801189415756 -0.332499546406078
-0.41714565874953 -0.162252573550819 -0.542879723172795 0.00751342406805402
-0.425686564345429 0.014893147873766 -0.335134789128238 -0.188458705264119
-0.297722503597387 0.151078017139859 -0.496163557271255 -0.0586996714410054
-0.15838684368476 0.222617930717791 -0.274426207778513 0.320983089385544
-0.118037469864629 0.276544820973355 0.119335633225061 0.282484070396821
-0.0467606945766854 0.334788490545183 0.284608437858104 -0.0327649578669439
0.0366408242474136 0.373145819342267 0.150786178408155 -0.320977552391057
0.0671892902965531 0.452535404284946 0.0231611180655176 -0.46960267957746
0.0487701889830749 0.471936133542072 -0.0617559796034587 -0.531772032360689
-0.0268973455316109 0.534721604948286 -0.026756304451334 -0.55061091076718
-0.235893109646967 0.538517698797399 0.109664488578961 -0.479869299162485
-0.453983664596799 0.382108134769518 0.214039556348087 -0.241026469745912
-0.617130124779435 0.100218343142499 0.131295967319329 -0.0887134140516552
-0.641081312194774 -0.160737586505888 0.00272410172118061 -0.124530067833842
-0.509891628730053 -0.229199742057786 -0.102690550436637 -0.248071805941004
-0.578259265421759 -0.209826985488556 -0.357422936257652 0.06219812868608
-0.586056410673286 0.0297518668773081 -0.256162926298073 -0.260309591548921
-0.407585471544098 0.169114223854303 -0.534826437641588 -0.0908233571015422
-0.27132602486174 0.245840814946046 -0.331033601307088 0.330268926759688
-0.240277306700741 0.354192194295339 0.0635862631219292 0.341169062468054
-0.133156021173948 0.460270105449945 0.254446523915964 0.0901678058328485
-0.00652747888133558 0.51951177619898 0.15562960240831 -0.149086945157411
0.0598753425445033 0.610338082369792 0.0589581124093369 -0.26474456154547
0.0559781775108885 0.620561571220846 -0.0357206217282363 -0.311052115910131
-0.025135033042198 0.682542065582842 -0.0566328098801548 -0.338655282119643
-0.279998959897994 0.681758440314616 0.00460780768968608 -0.332516719469728
-0.525851884145646 0.474940946120993 0.108244842811641 -0.239985268532644
-0.65889542616242 0.16722250471668 0.160960990898246 -0.146041389792188
-0.718526712093423 -0.0675954170272073 0.173471393325486 -0.119063740398105
-0.640448527037892 -0.156815782672777 0.116183215539398 -0.156702792602343
-0.634688013828728 -0.228731625727275 -0.129807518440331 0.142392317521243
-0.633227484192318 0.00572674394115227 -0.148134047591486 -0.274062038474305
-0.464083101193353 0.10163923381639 -0.520431906853508 -0.0908566064122773
-0.406488887376862 0.199933983227935 -0.367725230493725 0.319314646043762
-0.373679866484349 0.390997313981285 -0.0291355083482821 0.39271441480181
-0.213036657517457 0.542879738930279 0.174655442432432 0.24345569256324
-0.0455202645184486 0.602549630391218 0.138840372413236 0.0700484079375244
0.0435517480810844 0.672103052669703 0.0874787813236274 -0.0207899181385758
0.0416421429880634 0.66142432827534 0.00143996579074152 -0.0661081437627115
-0.0456603611422979 0.692945833685025 -0.053701593402663 -0.110613539812073
-0.286737143720143 0.66209587341362 -0.0686228671621124 -0.160370679770489
-0.481056756845959 0.423448187657572 0.0118598984466586 -0.223789823703761
-0.527912232153243 0.182831179694007 0.195584666481739 -0.204308750650209
-0.63751504613837 0.0538710537128503 0.344467536094266 -0.128349187773831
-0.661950643631683 -0.0430663466523433 0.340944190320049 -0.0839039797269835
-0.578598543172846 -0.198842015304999 0.0916044882680386 0.243100986222264
-0.540579382276195 -0.0333751011449609 -0.0178460360532674 -0.195421830501425
-0.429317748570042 -0.0173526115706968 -0.413740015442379 -0.0656173978720876
-0.486103427918908 0.103352321940733 -0.380259747903911 0.259762579992081
-0.449567194181969 0.369457056234012 -0.164652706975388 0.42485822563273
-0.250693545909533 0.543540654124603 0.0593635589066031 0.416698828111536
-0.0666480208587836 0.596313486687176 0.106364213547283 0.310165295337959
0.0168916987702956 0.632507298514389 0.100843905693582 0.222071218122544
0.0106469852378004 0.59479680136777 0.0275126506039339 0.160256764844654
-0.0897254500711079 0.57322213641197 -0.0513714317853792 0.0784098817470273
-0.275974702288902 0.489800573383838 -0.124013081294896 -0.0339678460807082
-0.357208838143237 0.247474187760419 -0.0493759426140313 -0.227446898914442
-0.286294785749272 0.142351281351264 0.240711467272936 -0.246394014282254
-0.447867391529408 0.159301650951323 0.466059099030058 -0.123647476181559
-0.589316518561491 0.067520786986062 0.52437461009064 -0.0394452353171351
-0.430987237254177 -0.115373321423296 0.268999950714151 0.339139008045718
-0.350097577299165 -0.0400355167846149 0.116831133937913 -0.0585498605769828
-0.302193389661643 -0.100951491930773 -0.25030851290046 -0.0459708831706062
-0.439825049998378 0.0150439347162149 -0.3827658184413 0.162675098681935
-0.402966496379146 0.284112555343772 -0.306461673856318 0.447505430697262
-0.222404451239375 0.441705118283533 -0.0589512719459437 0.57774959414852
-0.0686823812120197 0.490604771233833 0.0697440610107128 0.529783100105121
-0.00972295585947344 0.500081018611446 0.0984012138298403 0.429899531223876
-0.0338404096029961 0.444733605840876 0.0266628441776507 0.337754027759501
-0.130721414921718 0.373621142711168 -0.0744363335256183 0.193369129907949
-0.234640106911442 0.246275277884381 -0.168593174889361 0.00564945818404902
-0.18876519179605 0.0474653483874796 -0.0533942584632841 -0.26368643280281
-0.0417476602469026 0.0947431723348737 0.299953800799552 -0.249233470130449
-0.24575340361244 0.221708860084199 0.520513448874304 -0.0810009343000962
-0.449025999749954 0.135055841296552 0.643596381416583 -0.00928617248488534
-0.224871588269521 0.00670815438424828 0.383226329440573 0.390995780153228
-0.118370340240319 0.00875123600573213 0.224216586755982 0.0564552827348832
-0.109083532978494 -0.0968618239250523 -0.10780514609104 -0.0441408436542044
-0.259253694998588 -0.0404239294895186 -0.38844930186165 0.0880677680655941
-0.240372686144595 0.144016422399096 -0.392237460771154 0.470461847902986
-0.13714908560137 0.245474123055808 -0.130593045079289 0.690448552778636
-0.0592897382969113 0.292338375780858 0.0429406849150058 0.682155739588957
-0.0360591446817482 0.292271780115575 0.0835439020869009 0.573674636403408
-0.0666610315534495 0.243200782115989 -0.00345368489555307 0.447526487173049
-0.135592416020696 0.154624536032231 -0.122348573048936 0.227979763790467
-0.155509004224991 0.0253114271849658 -0.188812826167614 -0.0321248724441685
-0.0316289032796781 -0.0847588902805437 0.00520400477129402 -0.300888888306901
0.117367733334994 0.0630563374301308 0.359062173091691 -0.195335470767177
-0.0809526558822686 0.223311651492578 0.508728416488419 0.00418344511450175
-0.262934813999365 0.149710368013008 0.692992752587507 0.0172042056917986
0.0251324276380981 -0.088366305996323 -0.686618453590059 -0.0284020427375907
-0.069333377438652 -0.116897395288634 -0.454732231990689 -0.0326983914340257
-0.141485854322512 -0.00318386666125063 -0.450626145557646 0.117161323695987
-0.0460984965276767 0.112526334233613 -0.114656802804891 0.375517437340626
0.0468532031618739 0.0939477053047362 0.225117658212063 0.148321931151026
0.084827377612505 0.0397410464199219 0.240548703536051 -0.222249406410341
0.0765049374711158 -0.0256306883326349 0.0648638519013806 -0.485916680475541
0.0493314441778595 -0.0408608325579516 -0.0711762990700547 -0.647980780126299
0.0354810386869659 -0.0460597753494019 -0.0906082980676651 -0.739450392999756
0.0594639125641868 -0.0137953345370427 0.0642573284277175 -0.739047950316936
0.0815309280810594 0.04069856136727 0.287849891330337 -0.567277850030124
0.0374738354636712 0.120969515321311 0.34795752486105 -0.184541983066461
-0.154074154520829 0.0836955400599976 0.0966273568036334 -0.0252996826032818
-0.151052126223478 -0.100683062134218 -0.167596615987972 -0.141062789665156
-0.0245578924697818 -0.139919511159089 -0.367840291186578 -0.36746597174144
-0.20359216557435 -0.107360945526025 -0.654046515701795 0.00126760711971647
-0.230535700156956 -0.0320382452007317 -0.396126187700155 -0.0971091737313917
-0.198783822915915 0.0820192167125127 -0.467583393247025 0.0233951977834426
-0.0868959206816877 0.168370752674893 -0.199473673181674 0.344897285129115
-0.0222860976884931 0.191411336914577 0.17755297959458 0.22299565070906
0.0362109642909291 0.19446596776016 0.278651846194587 -0.143872831991592
0.0769767272558642 0.18340956700621 0.109831251079399 -0.439835532621547
0.0749228671186812 0.224434896584326 -0.0399345602357042 -0.609454709797426
0.0475229550348228 0.235497695234778 -0.0968442900370975 -0.68680492314035
0.00545908407511632 0.285245144140854 0.00486721467437683 -0.69549904491132
-0.1047792844142 0.304536844795362 0.203003541538923 -0.569439735768764
-0.24523334447885 0.249139631100756 0.298700234669323 -0.22340051384229
-0.42630957161651 0.0709041056684022 0.105212449642274 -0.0514600491889543
-0.436994778892724 -0.161234531243957 -0.124513027139724 -0.140278914347377
-0.29768865264017 -0.215771603758518 -0.279230042749321 -0.325556428739309
-0.428956509390839 -0.145268220012708 -0.543133200912082 0.0314042675044316
-0.426937155265909 0.0357519432043026 -0.341097946521481 -0.178487960047157
-0.295223763102518 0.164522377020879 -0.502196470595588 -0.0344714560623056
-0.148072039937683 0.229743702357534 -0.264425372379508 0.335437851814173
-0.105012148084982 0.282806587170765 0.133850932889786 0.285002519008324
-0.0314275332020729 0.338370141502866 0.289321816466171 -0.0461544334093906
0.0534981758792325 0.375007491697187 0.140363250543651 -0.328689986797165
0.0900731107792466 0.453488377959697 0.00052370237233826 -0.476758812047464
0.0704530968233278 0.475939029145745 -0.0874073458441278 -0.533314870608164
-0.00289812395478215 0.540641622583918 -0.050332553093547 -0.551834703823711
-0.21177872266653 0.554497096299264 0.0886963281678684 -0.488435086480701
-0.440299165659232 0.405872686964571 0.207792524449195 -0.249757377944447
-0.61999844433079 0.127464349344595 0.12942850512424 -0.0973480989199757
-0.651959011587958 -0.131116894164223 -0.000458442213702516 -0.126274703164553
-0.519462123696011 -0.214324829831596 -0.108324929396016 -0.245956325158683
-0.59158077578224 -0.187263096215013 -0.355809557274537 0.0771280688449587
-0.589221444753517 0.0592780533399384 -0.265759096281095 -0.253591203767575
-0.404305950528119 0.188798472638639 -0.543483529103398 -0.0634578811248546
-0.262318787824259 0.257282056676356 -0.316711915691585 0.346675786816068
-0.224456048307844 0.366108054277687 0.0807618622145012 0.347018094228096
-0.113259084336781 0.468107747972733 0.264561024873856 0.077506724679163
0.016177800935921 0.526165621629799 0.15165720028784 -0.1566659094243
0.0880825980390064 0.613437196863258 0.0476690937675361 -0.270337120097739
0.0841428420352198 0.626568626007439 -0.0505484776912031 -0.311856954656898
0.00378965244172331 0.691448468425673 -0.0706506748247206 -0.338066782085547
-0.248626053285184 0.701389477162271 -0.0112691713714963 -0.334067332685996
-0.507730892672273 0.502011893347446 0.0997002191594401 -0.243011065485865
-0.656281122865219 0.196799767560659 0.157540011821992 -0.15749157173591
-0.725994166321343 -0.0304098051870388 0.173091887384948 -0.129920709966659
-0.644514156180952 -0.135471664063444 0.114211200714525 -0.161929828192267
-0.648463477273027 -0.204490207604989 -0.12389956242327 0.147322580029007
-0.635660587201042 0.0351853195694512 -0.157607659221387 -0.273325352359139
-0.465113234055891 0.121001990962592 -0.528386756927448 -0.0638224978862209
-0.400198241859017 0.217583173211713 -0.355383901438932 0.338142515976613
-0.357876844238378 0.410714154127269 -0.0107666264504532 0.400960375159867
-0.188620678325811 0.555384253432938 0.191760723865852 0.235206963444207
-0.0183352496775597 0.611893296315614 0.144037855983619 0.0647111625081556
0.0753044314852032 0.676348975784033 0.0865512486342572 -0.0255255002928608
0.0728492987636293 0.666830127541521 -0.00203768334885806 -0.0675561920320999
-0.0161899856558728 0.700556378492098 -0.057618160035302 -0.108758857313844
-0.255708054299952 0.682058123122586 -0.0775501621282428 -0.157185404737944
-0.467031732701828 0.447930825229663 0.00267463880515123 -0.221297763533222
-0.522745967614957 0.20592919059744 0.190676959520618 -0.218305392723188
-0.635231395491785 0.0861621777558073 0.343350607841234 -0.147650087992097
-0.660914528741368 -0.0191662690420705 0.340710375083045 -0.0986120540989787
-0.59058718344851 -0.17732818974138 0.10130221135022 0.24016039931718
-0.542297124111472 -0.00861291447072731 -0.0248199933543034 -0.198306335778303
-0.434385286771024 -0.00161246576195763 -0.420208502744041 -0.0438601214897064
-0.486054324453261 0.123555147338717 -0.37242691022265 0.27656050429439
-0.436802128968318 0.390644708500616 -0.147208504624142 0.439345141672299
-0.227359683052129 0.556213943439281 0.080955477868217 0.414743386965555
-0.0388834639991617 0.607931180625817 0.12245211017562 0.306634000426868
0.0481940697858575 0.637790203767761 0.111360255053997 0.219982455484138
0.0364610807850611 0.600223721604154 0.0348699864134626 0.159963500742084
-0.0659605715939694 0.581740328977464 -0.0474119963009834 0.0809519380229089
-0.253635578207161 0.506935327853014 -0.127794140786592 -0.0270215124693558
-0.348976429271855 0.264155673815187 -0.0593747285548545 -0.222258293159202
-0.279511933395868 0.153758820624565 0.234374166914872 -0.263767646417879
-0.439784007011004 0.185875698380837 0.466162412362529 -0.149311296713308
-0.583888272239588 0.0894329872795231 0.524557067949532 -0.0601803493402931
-0.438119089086256 -0.0978247216501153 0.283249299757781 0.330757490466407
-0.35056837847579 -0.024264398841709 0.1161950585334 -0.0645467594019219
-0.309155640101254 -0.0929875674620943 -0.254230950624326 -0.031997936865308
-0.445387173133557 0.0322321536425805 -0.380038361924933 0.178829212684187
-0.394969628556003 0.302330330202333 -0.289228246099594 0.466398755542688
-0.202863597793603 0.453138592485622 -0.0300488245444065 0.581895939425736
-0.0464943660879092 0.498976490291942 0.0935721373322938 0.528743827460586
0.0144284932775089 0.504141723956985 0.118032462340124 0.429127157866706
-0.01434827783842 0.449853959127156 0.0409620267893103 0.339345422992141
-0.116226235131264 0.3818506873307 -0.0679603825476182 0.196560174826289
-0.223261943717361 0.257742800218421 -0.170812095085647 0.0139112241864484
-0.187532766114017 0.0545614830122671 -0.0664115388197974 -0.259560000850229
-0.033951055762495 0.0960045302445382 0.295174175105858 -0.267551493613469
-0.23232671346998 0.239800264491638 0.521245638105701 -0.106544320305878
-0.440863791795185 0.154243782344231 0.642703032379587 -0.0372839138292775
-0.224668859613475 0.0161195363756251 0.398714016650471 0.381703218394386
-0.116733130693021 0.0138624163366839 0.227775240354202 0.0481007447361451
-0.114563604533758 -0.0970787501661356 -0.110977075384744 -0.0393686683324585
-0.265239450485766 -0.0293109808643101 -0.389313944355767 0.10473738172536
-0.236806061971519 0.155487593537098 -0.377823518422312 0.493636323015455
-0.126879357459018 0.252811796451439 -0.100631839377118 0.698825950070086
-0.0460381496401698 0.298810547383375 0.0739775476285211 0.685219779859814
-0.0211198807198265 0.295569729378506 0.110015370638917 0.577657980756174
-0.0560782930838029 0.248271485718012 0.0164545276432139 0.452015503414378
-0.130648318475886 0.161008907487136 -0.114894913564108 0.232873003618113
-0.154564599420387 0.0316316846457869 -0.19295825565625 -0.0251420210512621
-0.0353289952189959 -0.0849407998295985 -0.00840185128790939 -0.301544623456392
0.123531432914801 0.0579483726510538 0.357452449161522 -0.21277035689549
-0.068632694343806 0.232291583267205 0.510047904016038 -0.0190627664820772
-0.255942575916194 0.162836773700915 0.693422837808034 -0.0137267820818808
0.020931114318239 -0.0908242994501558 -0.683432070735982 0.0172236841371508
-0.0765176207379535 -0.112848817752065 -0.449236326312547 -0.00824349519038735
-0.142951882272013 0.00733363611192807 -0.441759104236446 0.146132659406544
-0.0395930000886511 0.116440609443597 -0.0904346946520044 0.382139561277275
0.0525033731628885 0.0907250711312652 0.234556731595332 0.136837427284816
0.0871858734581361 0.0327084628852295 0.22721584309955 -0.236705636270951
0.0744036121936272 -0.030493096302411 0.0355433674399175 -0.487195002355242
0.0463734161449423 -0.0427425583197458 -0.113663502133196 -0.644230515788215
0.0313640717328508 -0.0463038469215727 -0.138806735466842 -0.730105844582935
0.0581277974239904 -0.0166381925714667 0.0155432236759726 -0.740722101027868
0.08487828560581 0.0349468620283805 0.250506529299999 -0.58447942907699
0.0461337723898406 0.117085987425839 0.337729189476166 -0.207053581640118
-0.149439119154778 0.0958055817031222 0.0942860608871251 -0.0319935610623
-0.157131838603106 -0.092987390865825 -0.173056919734205 -0.129522517540293
-0.0335401125549795 -0.1409231297814 -0.382114430653354 -0.348227435349857
-0.208323076809101 -0.0951478778224289 -0.649561943226155 0.0423314107358408
-0.230339010990893 -0.0166841992515191 -0.393733045370499 -0.0762529830764353
-0.193711997813227 0.095436775549384 -0.464420786790615 0.05413787201571
-0.0754686740833564 0.17369528990649 -0.17762921289609 0.356030105188964
-0.00900545663777818 0.190870168460375 0.192524325009628 0.215039366194434
0.0494935991037996 0.189771033299737 0.270789603363364 -0.162001245715116
0.0887159479514816 0.177786965716879 0.0845839386013732 -0.444797610767816
0.0907373531090018 0.219350999806397 -0.0800181581690358 -0.606186644216271
0.0626033372650487 0.234248259087945 -0.142816894229931 -0.679018808808269
0.0233798740427577 0.28515311420615 -0.0406316768443039 -0.692738577767593
-0.082944732387447 0.3097675945519 0.166393400327666 -0.581037943132585
-0.228232875066707 0.263525208882719 0.286824217434307 -0.241656225595
-0.421974393099386 0.100950287098502 0.101280394649366 -0.059853818352951
-0.444361544176718 -0.134938138455583 -0.130361768215025 -0.131978891104813
-0.308402383706733 -0.200571579984148 -0.290718353384833 -0.310417481437507
-0.435742175595536 -0.118703946969095 -0.538461384901661 0.0638831128111631
-0.422045753756018 0.06371441022083 -0.344826279083896 -0.158975050308755
-0.284223811338843 0.184426934328253 -0.501023253077833 -0.000598689359246836
-0.131657060992581 0.237470155271083 -0.242068733935562 0.348685954618655
-0.0842347791028702 0.287886001942648 0.153965673886214 0.280380377890073
-0.00821686977198097 0.337404102189846 0.288441431441481 -0.0658053482538195
0.0775023587328589 0.370650940940106 0.120725486456036 -0.336535778070672
0.120330748975289 0.447496480692012 -0.0308905007799408 -0.47645792671201
0.100838682983009 0.471544516376712 -0.121990096562945 -0.526605940173437
0.030174671032641 0.539438215860539 -0.0856415052452105 -0.546542817470897
-0.172964839586035 0.567174115271971 0.0549815443122947 -0.491264482189738
-0.413719646070846 0.43268945576955 0.194558773622288 -0.2607200673709
-0.61204251059039 0.165618343866696 0.123955318570349 -0.108363486697927
-0.656478293773315 -0.0897122205746841 -0.00575563044090386 -0.127096964965863
-0.527574122013359 -0.187131360132988 -0.116988863317412 -0.239151058676705
-0.602385927970962 -0.148015347856342 -0.347365851938707 0.0976517249549009
-0.580757729505266 0.0984325255357392 -0.275565490274403 -0.240277066377884
-0.39140412212038 0.21403847006804 -0.544782477525263 -0.0265661928135723
-0.243702299195645 0.271042506172628 -0.295982823050653 0.363754713117767
-0.197922531939378 0.377381961315807 0.105219906272968 0.344991403307034
-0.079632513394796 0.472008357622867 0.272314722398254 0.0582980710389665
0.0501835094863897 0.524050471235735 0.143194856318506 -0.166413676713652
0.130557294675425 0.607410913837353 0.0288727884134372 -0.274197889143701
0.126497081364895 0.62199291064929 -0.0724645053961371 -0.308127087107594
0.0479327867402391 0.686807308723325 -0.0910866578666962 -0.331885611723501
-0.198664550285699 0.715069401227817 -0.0345550735675584 -0.330119240318778
-0.475057320329897 0.531846000845742 0.0863267718386603 -0.245217550841982
-0.643708071406754 0.236923784043977 0.149468529480898 -0.171019547089904
-0.721123715372206 0.0183814791535341 0.166688368752118 -0.143211921563949
-0.647003698573919 -0.101627065886134 0.107593696781712 -0.168906726178539
-0.661649537429597 -0.162527443044128 -0.113969360547456 0.153004922597775
-0.628183028155415 0.0780803080651211 -0.17125867599395 -0.265211116363245
-0.457560631355514 0.150733967955162 -0.530228004033024 -0.0265931488702984
-0.385747525714999 0.239346276808625 -0.334014625285726 0.358058642789774
-0.329149761792275 0.431225547896774 0.0171894644575652 0.405337529908721
-0.150962830309315 0.562073341857319 0.210809318279764 0.218990911660141
0.0222648845697189 0.611300153143413 0.149593013408519 0.0537176931213698
0.120913004001025 0.669374225965127 0.0843711057377426 -0.0315743706547741
0.115667294523759 0.662480750494776 -0.00726859161512398 -0.0671565142076177
0.029479879203019 0.69786292142697 -0.0639824458660634 -0.104581037738396
-0.207422917385339 0.697929998802141 -0.0891879174903623 -0.149685046582924
-0.436717135013217 0.475515322514434 -0.00960066933163078 -0.216316512055639
-0.507635862782392 0.236737342479583 0.178365081818737 -0.234991727841768
-0.62245641019461 0.132020825963743 0.334868955799766 -0.172689993158381
-0.655019502554904 0.016435223686737 0.334166848334744 -0.119006137643503
-0.60006242427043 -0.138419734684814 0.115209256284821 0.231939869373146
-0.537983818468001 0.0282390488661347 -0.0350006716728746 -0.198678729065874
-0.435326292901473 0.0243763895333011 -0.420377677955701 -0.0123784119267811
-0.48001897096113 0.152892869053396 -0.355180855491789 0.298432974876009
-0.410147959329663 0.417823676025234 -0.118022301746695 0.45062855286575
-0.19033454718934 0.567325695870263 0.112095498323455 0.40464491918414
-0.000419582505325645 0.610625537575331 0.142925863681252 0.297099860431787
0.0919592208689231 0.633334106482107 0.125999838279735 0.212488562882553
0.0757465582267957 0.596612724150331 0.0441078990748557 0.15748409939649
-0.0279483376081991 0.583710757172992 -0.0417624033811064 0.0824145584190778
-0.218122243172713 0.520355027250406 -0.130015205573665 -0.017191776055286
-0.329299525535335 0.284648450820353 -0.0737803245927914 -0.213329624237493
-0.26526882935484 0.168952246218667 0.21873201811676 -0.28306990792269
-0.418406173274352 0.216336166657247 0.455524272582642 -0.181764726785098
-0.570077590098202 0.121217566060639 0.517402085596658 -0.0921940525544098
-0.441045511017399 -0.0696960326031345 0.301436694343819 0.31393195749401
-0.348656335366926 -0.00281909932465345 0.11236141212483 -0.072488081792676
-0.316344132962505 -0.0759490498626958 -0.255089327354437 -0.0136139441114582
-0.445123248537576 0.0595667791629452 -0.36927951815118 0.200687729345711
-0.375221799658098 0.327445123243196 -0.260241169939239 0.486502519457446
-0.173789391129928 0.462532927511267 0.010424740229102 0.579133195969782
-0.0131119090053458 0.502808175344669 0.128421883212981 0.520688096527874
0.0500963266259791 0.500774629391922 0.147096552066443 0.423886414835029
0.0152992455019389 0.450782792334706 0.062743208065595 0.335926994145585
-0.0924601462174055 0.387886767572771 -0.055723430170607 0.198754081892196
-0.204035560847582 0.270452765321183 -0.170787112700153 0.0248251511853621
-0.183126233937196 0.0651838548813385 -0.0831016932748015 -0.250598107712922
-0.0243677490669314 0.0959642307640468 0.279374284595102 -0.289775711413528
-0.210095988943923 0.256727124928534 0.509728620136658 -0.141703141994809
-0.427140535649786 0.178441969926189 0.634272872373106 -0.0753649304857542
-0.222210153218642 0.0300139207618309 0.417260340202794 0.360666160360739
-0.113679803050207 0.0207391449608639 0.229955656320615 0.0342068836901876
-0.121548528928387 -0.0922460646530832 -0.112329417464014 -0.0314803441242664
-0.2686322992841 -0.0131732148597032 -0.385392028898141 0.127577390785792
-0.227652241055133 0.170142598627715 -0.346878766016419 0.518463050639985
-0.111190677320681 0.259505935020932 -0.053012026163483 0.700461925790578
-0.0252469225002239 0.302984507230214 0.117677889574866 0.677664234433175
-0.00068552221955291 0.29544883900853 0.149583930309348 0.571923939027446
-0.0401230445274052 0.250390276508889 0.0448085010230565 0.452166472103106
-0.120067916202959 0.168673827438246 -0.102243159685677 0.238538501240186
-0.151949296706762 0.040879300758773 -0.195410407973219 -0.0132216606278913
-0.0400510234900008 -0.0828908816224453 -0.0282649249351166 -0.297228701112693
0.128959930181421 0.0494241300943804 0.345498290606586 -0.238813571120566
-0.0496400398499476 0.238354750913659 0.505164655505957 -0.0523677393310278
-0.243507270448357 0.176099169299965 0.683295544366828 -0.0541900421339492
0.0153907656331334 -0.0904313764750436 -0.656133656036589 0.0562553146935602
-0.080726525280784 -0.104873739451325 -0.432378551790555 0.0151313259325659
-0.138895553990399 0.0183974977596666 -0.419393905151016 0.169516421607982
-0.0304265220926622 0.116204350195604 -0.0645990986735385 0.375746205036062
0.0569110283282589 0.0848260866100836 0.23702586263048 0.120826079445483
0.0857594590424133 0.0253067183956784 0.206406146194188 -0.243118560832594
0.0690737464330717 -0.0347070882376911 0.00468159196602416 -0.475325034142198
0.0421678661414617 -0.043445226456876 -0.153730898069178 -0.617341594115911
0.0273371940893882 -0.0446983210073449 -0.183452239840247 -0.697837602611214
0.055381758880218 -0.0184614971184953 -0.0328694436336952 -0.717046591313831
0.0849972904584715 0.0274411724793565 0.20431052611164 -0.582720338717417
0.0530875834525073 0.109512072320852 0.317097340676828 -0.222527149323442
-0.139826063012982 0.104000075388594 0.0878871106831161 -0.0373676363253363
-0.159634117800103 -0.0826449482803976 -0.173060070263631 -0.114709729683076
-0.0405500904927806 -0.136967475305153 -0.381903195008646 -0.320677746459757
-0.206786474057153 -0.0802949649308433 -0.623074870744888 0.0792150446413571
-0.223062557818183 -0.00131741652474364 -0.381327353673973 -0.0539685362816903
-0.18174345648821 0.107130239704096 -0.444670331687511 0.0816011292709932
-0.060960490175314 0.172189328710892 -0.150701294389482 0.355497301035274
0.00466116214670385 0.185062811566862 0.201946782816483 0.1998932820506
0.0594661026827176 0.179174482030445 0.254128080593317 -0.17417114644742
0.0966391848878736 0.165827128022363 0.0548280233681623 -0.437279790239895
0.102759171092987 0.207643425613134 -0.116783591511324 -0.583660811067137
0.0753966512438543 0.225721239528588 -0.183333464841101 -0.647419358984137
0.041002958978249 0.275388713634904 -0.0846764242251715 -0.668719498691865
-0.0587228572107319 0.305148757067908 0.121762135953803 -0.571535268107386
-0.204305025906481 0.269368071717095 0.265462072529928 -0.251954178712855
-0.402824673749024 0.124072305404039 0.0938722149202536 -0.0660879118016858
-0.440496416814824 -0.103220805141803 -0.131569956930312 -0.120127334292073
-0.310800122602554 -0.179262613370411 -0.292830353560977 -0.286602889494385
-0.428890476565958 -0.0879286531631573 -0.515329118762817 0.094210167892292
-0.402652880647964 0.091716712460229 -0.340345016424714 -0.13796163716032
-0.263590537299238 0.199819380155885 -0.484143855924844 0.0314648106270204
-0.110897114424671 0.237481684214873 -0.212305807281047 0.351090614616632
-0.0608226277311759 0.282103777820926 0.169557791715364 0.264987985508787
0.0146628061506843 0.325289671028132 0.27793554192002 -0.0836172368556866
0.0982663703655137 0.353669968416202 0.0976855774758191 -0.335186825212175
0.147237269182103 0.427431561177006 -0.0613517488269354 -0.461155369886493
0.127139318761275 0.454297567456353 -0.153595570026036 -0.500641274437857
0.0647680151099223 0.521814101139197 -0.117615870757189 -0.523635869635525
-0.128337072257514 0.561471584696192 0.0201974042103233 -0.480244134703518
-0.372687050358449 0.446262278095781 0.175289454780881 -0.263393519606079
-0.583744427605851 0.201906516767591 0.11356319562982 -0.115981895322201
-0.640321196604564 -0.0442531077488373 -0.010389230142997 -0.1245202330814
-0.520931563768522 -0.154157577785573 -0.121466812512915 -0.227161054016828
-0.592056787234441 -0.106803667436233 -0.331091936829439 0.113256585875112
-0.55361504962841 0.133630180128885 -0.278921126275864 -0.220159470306156
-0.366353623005771 0.234085022214671 -0.526667620140401 0.0120570946866093
-0.217722332188978 0.276979108953322 -0.265433919578331 0.371169696221772
-0.164617835712866 0.376954874112912 0.127163596225725 0.331319781906685
-0.0472796106677616 0.459233078489336 0.271766358263738 0.0370622303482505
0.0830728065671777 0.505427061176006 0.129834576641623 -0.171651141091963
0.168910477592603 0.579407370448149 0.0093249602011899 -0.268096964047298
0.160949492478024 0.596268870049779 -0.0912219955347637 -0.292970278447675
0.0898932621905604 0.664801464330664 -0.109134501639196 -0.315444648124308
-0.142740360061126 0.705864913135583 -0.0558590401552783 -0.316280017571508
-0.425439184526496 0.546180099614818 0.0705406359508085 -0.240701803338426
-0.607818789824636 0.269789849172542 0.13417013191732 -0.18021286196151
-0.694994963344749 0.0647635377316252 0.15483141161731 -0.152062749443987
-0.629843645088023 -0.0645784016411648 0.0981711484072502 -0.172121756203374
-0.649216985465234 -0.114228453045647 -0.100990974938047 0.152761342107944
-0.600585982624306 0.116556516752302 -0.179914481241701 -0.251534433639367
-0.434996872119401 0.175851546480496 -0.514920919058516 0.01081655463988
-0.359386242300955 0.25706724576582 -0.303433735575868 0.367451175281777
-0.290222811471642 0.437819430023841 0.0449402097778947 0.395144854077324
-0.108202664475697 0.55205768529166 0.222816333364567 0.195822087640911
0.0611026946384832 0.593292531371742 0.149789921946132 0.0408907088144284
0.163212235257397 0.641331593020598 0.078846432451335 -0.0359546000661063
0.156572817523315 0.636570718500524 -0.0121803441000212 -0.0642020696662808
0.0738126540625112 0.675649795145956 -0.0681056618411828 -0.0977733342793015
-0.152468129308189 0.688977639190427 -0.0973205383420162 -0.137561970880129
-0.391976165766222 0.489146000223351 -0.0215007853623312 -0.205547557518574
-0.473786163806315 0.260800253313473 0.158346124147484 -0.244936154603302
-0.587787720146568 0.168758703660562 0.313655188994691 -0.192325332987588
-0.628551088674177 0.0507562643502162 0.318307377826451 -0.13575235448948
-0.588155521663935 -0.0959340046546097 0.124981080672806 0.216326813480918
-0.517071655076761 0.061266635014976 -0.0446148517445707 -0.194465388738372
-0.42176096878901 0.0488676220177728 -0.40731990617346 0.0172567578187958
-0.456519310140863 0.177356541947118 -0.327488844037899 0.310105177309143
-0.370904615590637 0.429776529573039 -0.0841025334579207 0.448175994217392
-0.148175866565862 0.560666595407329 0.137688061384682 0.381140388254109
0.0410523005306401 0.593016915761784 0.158266038214913 0.277073274643325
0.133365996356653 0.608023015655583 0.135228265809243 0.198495240432876
0.113364719061291 0.574590453697588 0.0519389699401784 0.150559411361752
0.00940968459717356 0.567467245219493 -0.0360420700126167 0.0814372894822664
-0.17477298688035 0.518021947072641 -0.128909848707796 -0.00692881702727007
-0.300701198811623 0.296229553756936 -0.0838416314286647 -0.197543967290231
-0.244202124585892 0.17836630145704 0.195115370461881 -0.294052310073008
-0.386467869723901 0.237720573534668 0.428165077280045 -0.207429912758732
-0.540954126501533 0.147057349978933 0.494763642547855 -0.119439668673903
-0.429867838352344 -0.0405674883326189 0.309674701927046 0.286241607467552
-0.333737531721921 0.0188175270279413 0.105017199058197 -0.079594008683041
-0.313407764028651 -0.0554041739283604 -0.247073624062589 0.00497670966457963
-0.430573981444212 0.0850891475818859 -0.3485615463387 0.217251603060732
-0.343798205601551 0.34144035385953 -0.221466587125237 0.49197147353263
-0.138085189573207 0.457828971640403 0.0506906209673026 0.556927152850582
0.0207748430328514 0.490971372638202 0.159056254202333 0.494288122259281
0.0828066207895107 0.481152456629884 0.17048056182591 0.402100684367013
0.0444168143757944 0.434977684573849 0.0829313754262766 0.322082357261616
-0.0640823737698941 0.381435276081878 -0.0436274216877127 0.19409480759206
-0.179174764224763 0.273934442952644 -0.164937440809071 0.0353007026335853
-0.172053653903089 0.0733930624670486 -0.0964935107586427 -0.234489894245916
-0.0142976175791302 0.0922300828574626 0.253786407338236 -0.303310963639981
-0.180161351247066 0.265005907614245 0.483021221492222 -0.171247871334621
-0.398471784861334 0.195076112395892 0.605884557038253 -0.110227468710725
-0.211217661356187 0.0428227672115819 0.424610216064956 0.326519303974013
-0.106789315134403 0.0267750773875926 0.224610259706893 0.0190602397158993
-0.125715030940408 -0.083709292592836 -0.110933791127338 -0.0231611187209816
-0.263401275104084 0.00533672557012952 -0.368103192602708 0.148318628156953
-0.211375916394307 0.179476140329457 -0.302683899286181 0.529257831902998
-0.0918239078428896 0.257983680675371 -0.00543521278073878 0.67915330038632
-0.00402308201086917 0.296523221320296 0.159573322237064 0.64799240821809
0.0195811113017877 0.285511206355057 0.182998774912984 0.545298372353666
-0.0227853198240604 0.244911910182282 0.0746570274748773 0.436140117710783
-0.105999128448803 0.170439794997361 -0.086336458868853 0.236749272023658
-0.143906488833971 0.048241472393883 -0.191578242795776 -0.00153470888285185
-0.043697682832286 -0.0783793075806728 -0.0461307805772532 -0.284093985842264
0.130068972928055 0.0381363145449352 0.320270298891811 -0.254765033620935
-0.0292804143125055 0.236107405264823 0.480990593534616 -0.0820756777569105
-0.223599129162262 0.184449433528965 0.654539399317912 -0.0914680391038129
-0.00117592422685347 -0.0882387585547493 -0.61145429246407 0.146335556139847
-0.0913758976434575 -0.0883179970175667 -0.400760368541412 0.0687955491148435
-0.129122475526676 0.0380726506332414 -0.3695172180291 0.215135092927937
-0.014817313597973 0.114226434862123 -0.00140043546510106 0.36176944984582
0.0637368646745392 0.0745894767316916 0.241974837197049 0.0796573518871768
0.0830648836126941 0.0123322259637561 0.16391944769175 -0.259058281406746
0.0582348344775062 -0.0431234937266873 -0.0556138309092286 -0.459566492595049
0.0334455796304892 -0.0460373732285272 -0.227890834921231 -0.560236390212059
0.0185895552803697 -0.0413881824920833 -0.263346744800804 -0.632989157720459
0.047414507411442 -0.0197583535227865 -0.129078907050822 -0.67049606119066
0.0795145248815474 0.0173430582740685 0.121021517630361 -0.576819236361682
0.0596628112644948 0.0931449145396007 0.278142519773097 -0.253470521286328
-0.116340819558179 0.11819564449217 0.077516892260503 -0.0400443808233613
-0.159067042036598 -0.0538127513067148 -0.184840131946097 -0.0851481584870458
-0.0609141332710863 -0.116961213306946 -0.400910086393763 -0.264364577137657
-0.214570618006285 -0.0464629678948365 -0.558585889212699 0.159205773606334
-0.21113806820621 0.0268959835487417 -0.356825965959751 -0.00559732346466952
-0.157868835169494 0.127796151044043 -0.401654185614732 0.132734222812107
-0.0367269079346489 0.169399006186411 -0.0848576922364952 0.352193907741899
0.0277853575891529 0.173584191997019 0.224897297570096 0.157666187204129
0.0769713456269382 0.159249944788907 0.223279315542525 -0.203662751097084
0.10786167498881 0.140802998305154 0.00164130618434852 -0.430362761390289
0.12399586323107 0.182989116422545 -0.188094588862047 -0.531835986584432
0.0999886280725745 0.207068161731484 -0.253954794274962 -0.581802274765764
0.0724601467375939 0.255366508944337 -0.164734112307158 -0.612888350269562
-0.0164433278244789 0.295457814073785 0.0495190702720855 -0.551689456539148
-0.15971988877098 0.275151003169524 0.227106982195443 -0.265898139568521
-0.359517646024638 0.173764021637255 0.0748306045636037 -0.0608630832735663
-0.418765616084458 -0.0376268409379727 -0.157516844928144 -0.0889505791538296
-0.31486209799887 -0.121608972004747 -0.319271992730131 -0.245059086305349
-0.430579178292842 -0.0220123265002146 -0.434767458708413 0.153801162116771
-0.368571135065054 0.134739089729749 -0.324006257105813 -0.0932186414919874
-0.223680937412986 0.226033615003723 -0.439842803532231 0.0852666976662213
-0.0754171549727759 0.235392241331756 -0.141889674775147 0.357351873936726
-0.0221311407290859 0.271531217900429 0.208333274160153 0.221014995621118
0.052576166245721 0.301801731739437 0.264116838932995 -0.124294440867511
0.134325187271047 0.316253941100656 0.0624521068419759 -0.336708493702469
0.196107495928448 0.383622684988038 -0.117341203342961 -0.423978033336175
0.180260740682939 0.412714960086985 -0.2022086537677 -0.446725729157085
0.128294593311537 0.480492149422999 -0.1725498793788 -0.468900799634562
-0.0457641618056659 0.541776367494088 -0.0287936263073512 -0.447660326311177
-0.295339894050872 0.461739716124377 0.142948573425179 -0.257513765984679
-0.517573180555514 0.268889960274071 0.085480178474496 -0.106026734474308
-0.595258028417987 0.041354842124453 -0.0507231954334002 -0.101819267029614
-0.502484802547813 -0.0717798066649097 -0.156058748275185 -0.2101887557471
-0.589879712362835 -0.0164461403168511 -0.244861204318981 0.14748615690782
-0.505618075603276 0.193554367337294 -0.274008587381786 -0.181382176123632
-0.317529280913563 0.273748642728504 -0.478363561774573 0.0727572522285798
-0.172248764850574 0.285655427803081 -0.185542526231715 0.384004912913602
-0.108092497932376 0.372518823087946 0.184079182494241 0.288658992470073
0.0123619671577089 0.434774248950602 0.279526163939544 -0.0128760977793172
0.138889938834276 0.460095858773751 0.119108147355451 -0.183217464189525
0.23634503738996 0.522782335761139 -0.0243597962258856 -0.250310566903228
0.232851381962812 0.540937231187515 -0.114262329546663 -0.257132540248418
0.17148313386748 0.607622353303058 -0.131940007391291 -0.272680778002027
-0.0369383153194349 0.679139505334588 -0.0759687040333377 -0.281164721906673
-0.329806258449272 0.564801701212576 0.048198545725275 -0.218265794303627
-0.531778729146091 0.33756929420766 0.0982777829648482 -0.169173546799823
-0.628978921927408 0.147724255170132 0.100547685593268 -0.146163793833707
-0.588960335353633 0.0214685999947152 0.0557135458222879 -0.18210856173965
-0.643454127336081 -0.0178213539716123 -0.0192263242840276 0.155081887718992
-0.551647761688677 0.183438433768003 -0.182883365358921 -0.223715636043057
-0.389134076269798 0.225254119237793 -0.464127582573561 0.0744370541804339
-0.30866161442989 0.28268191683213 -0.219622392908283 0.391604034835146
-0.220270700348367 0.444003497177533 0.120435828888997 0.361306910843769
-0.0346229732052785 0.529851230679876 0.257514513705177 0.14312030745416
0.129679073321748 0.547347734036803 0.167499785094086 0.0188700896030556
0.2388529333452 0.580834154312581 0.072833850867413 -0.0415223680382662
0.234396657856127 0.577349653313813 -0.0105259530709728 -0.0513357700604966
0.155806729204434 0.619521924968934 -0.065100848027758 -0.0737455878167297
-0.0481582329236736 0.66152554643277 -0.0929136614275231 -0.106969210793262
-0.304364038797663 0.504469702262784 -0.0368509883028127 -0.173700812469511
-0.407600158377443 0.309122063632054 0.114901856742964 -0.239435730875323
-0.517759939907511 0.227913738369667 0.250991729475732 -0.204001855051991
-0.571007549194179 0.123649161590857 0.26779855694527 -0.171417694743453
-0.58079419911533 -0.00910161006606558 0.197298633791077 0.18602853448675
-0.47858199656229 0.119167726348931 -0.0514337559040392 -0.185768132090587
-0.393977143502415 0.10257966413135 -0.363399671449882 0.0723863167312459
-0.409984945035442 0.220832801447154 -0.247612425855597 0.345867566955326
-0.298722215026166 0.44816340209244 0.00674185654098926 0.4317333794297
-0.0693077412157892 0.544577501664856 0.202711466875243 0.329907819638419
0.112489095726628 0.550520818433567 0.207150466864166 0.244259579092386
0.20523336322105 0.552802952059346 0.157880814855447 0.171142804015134
0.184075233960923 0.524366360115832 0.0768355380390724 0.14185291595394
0.0830034305505774 0.527537175733676 -0.0141303173794292 0.090344436521329
-0.0916521822605176 0.504873791100916 -0.110495362778487 0.0191658696239168
-0.243818475818199 0.313245901150937 -0.100241358955594 -0.163166027896065
-0.203014591078599 0.198190074086955 0.145982957197397 -0.299497561501394
-0.322085060939707 0.264523275410898 0.364798372388648 -0.236057244025082
-0.47637637245506 0.197970768967213 0.438952373944435 -0.172979899683327
-0.41701117198843 0.0213784627962974 0.365138086023193 0.227916000136368
-0.310747570724984 0.0563039064292228 0.0987813109612183 -0.0927176571897537
-0.305173561750757 -0.011690368501603 -0.219092350309552 0.0425638113648037
-0.397109476535453 0.131806779299807 -0.284351007150518 0.263779929065459
-0.286107224702258 0.36193097056657 -0.119363005602965 0.495203808146697
-0.0753403662241457 0.446749701714915 0.137736340768199 0.510554054318102
0.082791999248778 0.459259691613974 0.233032429757405 0.452202811116074
0.140964628133821 0.441847126121905 0.216915051923779 0.357546140154084
0.101065388296782 0.401703757416137 0.125589560639312 0.299898163365669
-0.0103001243631453 0.361705755818604 -0.0106393351949839 0.196269311821891
-0.127673135214012 0.278013676318691 -0.146364465404761 0.0612238786573364
-0.150719279475623 0.0907761531210328 -0.121345002757863 -0.202527131311376
-0.000995133128621562 0.0858159727347156 0.203096347507719 -0.322687955705674
-0.130313081658789 0.262412529481208 0.429194556789437 -0.211511947230006
-0.339770457913007 0.224778135847066 0.547453398244171 -0.17683719726364
-0.193229268422395 0.071041486926338 0.460739260711606 0.250613251223724
-0.0956093875453652 0.0369581766831232 0.216409884920778 -0.0129800153545035
-0.131398705158466 -0.0633862247432672 -0.102397207708716 -0.00241455181795005
-0.248738254204414 0.0358541056181883 -0.319422668585995 0.200813574802614
-0.18023312820664 0.194362312131307 -0.201647507540664 0.544043000732798
-0.054665285358111 0.254233831996651 0.0946383610026742 0.638814149481591
0.0368416517157553 0.280856911311829 0.246814581245797 0.601094349807482
0.0563880323619501 0.265535342437266 0.249006914817469 0.488430954893245
0.0115303433461766 0.231297603865092 0.12915122252236 0.406329636251301
-0.0758811354188123 0.17079208587496 -0.0506810352429092 0.2385193096668
-0.125700251513727 0.0632582922265812 -0.181454832031165 0.0265061273873523
-0.0516769215364571 -0.0659944064545544 -0.0829048317822331 -0.261895474550308
0.125078821243495 0.0149541110905443 0.275641782636292 -0.287428360351456
0.00352477200165532 0.216645851363775 0.444699262713503 -0.130606217439451
-0.181216399518389 0.192029868684328 0.599655342055589 -0.164862672625297
-0.00191746032194232 -0.085435533848187 -0.580579469234553 0.139092828575382
-0.0881384021781872 -0.08457066125286 -0.379865474488603 0.0624907083028664
-0.122432356377849 0.0373773958489984 -0.352107581038912 0.207000643916245
-0.0135761447745074 0.108539059353115 -0.00109571970569258 0.34412651938692
0.0610826089517987 0.0715552908357171 0.232292604322698 0.0781583047649234
0.078832804048449 0.0116359792634821 0.156652930630785 -0.247823374581904
0.0547155800639638 -0.0407083066345495 -0.0543057240284721 -0.439501365377322
0.0320677024914548 -0.0439604669676593 -0.221087229471215 -0.532538302414514
0.0183964349189871 -0.0377600053991669 -0.253935701045695 -0.60154596569892
0.0460320009420755 -0.01767115273526 -0.12558720558071 -0.637551148502613
0.0766409620574711 0.0156483357154376 0.112316417465656 -0.550365045684749
0.0575023839961719 0.088191319565686 0.266760144236337 -0.243074037447984
-0.109895027849781 0.114966254193757 0.0737269955743195 -0.0375469139350666
-0.15378870138307 -0.0524277073261708 -0.174063570106292 -0.0822351483702447
-0.0589280513953549 -0.113769231676803 -0.380092607398925 -0.256981639538465
-0.205432626055188 -0.0446946580374647 -0.529327997584581 0.151185721745868
-0.20040960862978 0.0262939270636448 -0.339657783315984 -0.00890993077536657
-0.148079694408519 0.122767147519816 -0.383427529460421 0.12629784383296
-0.0331751344267965 0.160427558331941 -0.081362087033225 0.33557195051782
0.0277123635778215 0.164360763289274 0.217068821745738 0.151768672162834
0.0739025906184867 0.151055491694023 0.214174262885484 -0.19584366852729
0.103407699760569 0.133838044985774 0.000516604833679282 -0.409882328302463
0.120867254737039 0.173176420016306 -0.18345844975749 -0.507149453927247
0.0975465795665628 0.198987016680608 -0.244067890140257 -0.552842678436087
0.0707180095571995 0.244209568749305 -0.160967696608336 -0.583367255181568
-0.0128263879024525 0.28071329631459 0.0442128011308875 -0.526532741912958
-0.151068106415763 0.263116291665089 0.218016336023084 -0.255822681059693
-0.343586691622122 0.16689830994949 0.0700344055276694 -0.0586490999253576
-0.399740625896101 -0.0356929109030627 -0.148780789916583 -0.0862666649511859
-0.299708562896076 -0.118568962544221 -0.300951574141925 -0.239547466621904
-0.409460892800968 -0.021019560392177 -0.41481500988601 0.146771555183245
-0.348536478361493 0.130678549894991 -0.30778221944902 -0.0928497954679389
-0.209580007997547 0.21810611520204 -0.418875767231695 0.0843677478863821
-0.0694619113104519 0.223498838750086 -0.137759418962622 0.340146943962245
-0.017891847601945 0.257051335630636 0.202373430663844 0.212487160164332
0.0514235029890446 0.285056851051007 0.253461027994855 -0.121839488650202
0.128976112098581 0.300823715187407 0.0586713487575433 -0.321871928645212
0.189912610225548 0.364371644632497 -0.11564824567869 -0.403136438968628
0.175123587518228 0.395427210702759 -0.195974383767017 -0.424106466985079
0.12460072476154 0.458251621495214 -0.166792283363491 -0.444489248495551
-0.0378525483566208 0.515651229734217 -0.0315084099361059 -0.423425296829083
-0.279596191167511 0.441831408813456 0.138280914748465 -0.245972254247909
-0.492529803184804 0.257641916987146 0.0795232395720482 -0.103679845442772
-0.566705015606709 0.0400283302359821 -0.0470593689900209 -0.100032183533946
-0.480360949867108 -0.0729073358839222 -0.145234942727411 -0.205326426915015
-0.562464906220403 -0.0168683339116237 -0.234829818131709 0.139545711077649
-0.477556820933969 0.187733757619789 -0.261411144294075 -0.178896544695231
-0.298540989864737 0.264016281266426 -0.455268033521162 0.0711841055623176
-0.161645722740701 0.272846332495757 -0.179108769266486 0.36592088891514
-0.0998627195666514 0.35285932183167 0.179352955333925 0.276647795835726
0.0141066854460994 0.412420094805839 0.268230766250142 -0.0160349644638444
0.134368993041947 0.43964759367893 0.112782149900387 -0.176768503055531
0.23076651210859 0.497124344720936 -0.0258933749486595 -0.238684744716422
0.225852422003862 0.517272065916816 -0.110601036451651 -0.242656392624465
0.166879723418003 0.579584723869159 -0.128044820869867 -0.259071819054069
-0.0295228411568865 0.646876331396004 -0.0750974221024623 -0.264944560999193
-0.311328590604779 0.540330082934587 0.0479642932998947 -0.207869664717504
-0.504680856171438 0.322002957694212 0.0912267743252435 -0.165934147799723
-0.598086090154642 0.140315327827548 0.0971132819513292 -0.142202290832985
-0.561051227731624 0.0161076405633258 0.0558223184681062 -0.177634434524048
-0.613225887749988 -0.0173351485544871 -0.0201907374417653 0.14583006744754
-0.522345610067352 0.175928900728909 -0.176516056003901 -0.220476975402784
-0.369528673074329 0.217256561504736 -0.440985889799127 0.072949366408373
-0.291820329830045 0.270596025769182 -0.211200658585809 0.375044785637828
-0.207266903243192 0.421472289371652 0.119022152382315 0.346288788351213
-0.0316659136722473 0.503241660152158 0.248910134622912 0.130740291694635
0.127790732778776 0.522164737494602 0.159452794893994 0.0145571088030555
0.234677391002198 0.552929609802846 0.069111030804508 -0.0388856700380632
0.226568932187906 0.551767900182827 -0.0102420350280228 -0.0473308036867648
0.151479553137687 0.590379566069022 -0.0629247057642658 -0.0697983203875722
-0.0383229733757033 0.63060751449166 -0.0893972204955297 -0.098272130322207
-0.28708388911688 0.481662962318897 -0.0337842278077807 -0.164093055860914
-0.385267456837386 0.293640343382821 0.10594794849096 -0.234081890815568
-0.488967236056909 0.217858704787003 0.239052462991239 -0.198678139481738
-0.543691435334584 0.112176641068483 0.256185321083455 -0.166510863171714
-0.55116912897493 -0.00937294510489999 0.185835976623146 0.17639706484906
-0.45347197883127 0.114300834817577 -0.0508182523643455 -0.182264302682059
-0.374611791724022 0.0995309864898028 -0.346430774283504 0.0701237055447658
-0.393323833269368 0.212878039462379 -0.237310987529533 0.332493946535886
-0.2828933836305 0.427498504031303 0.0108856653576904 0.415008428976828
-0.0651389437464013 0.517307757571448 0.195940202287844 0.309430525787271
0.111218043746979 0.52670235203913 0.197337382714962 0.229894723807758
0.200554464442115 0.526335503907738 0.152196594392225 0.16368895128069
0.179644928618089 0.500595037547032 0.0748355394158274 0.136582309977535
0.0811769165068711 0.502108952515554 -0.0144498599355917 0.0858904318112107
-0.0814998683985183 0.481216357523218 -0.105879439693351 0.0212266861213013
-0.228452565715373 0.298741656055362 -0.0946460246869384 -0.15321472851625
-0.190032160053671 0.187258176114348 0.135199889091202 -0.290813840562386
-0.299835930679388 0.253525182862414 0.346440755649881 -0.228458227222877
-0.452513550700714 0.184377375552075 0.417851588169867 -0.166885454195954
-0.395575800730769 0.0184529646954103 0.346011828662932 0.218992186845114
-0.294038513677854 0.05350632436265 0.091995469583276 -0.0923316320267142
-0.291016742398484 -0.0105911836918059 -0.208355284675675 0.0415775481149078
-0.379449047256116 0.127479710697291 -0.272320708135847 0.254731597206103
-0.272371166310263 0.345389801255581 -0.111218233762862 0.476913096523726
-0.0694847729271541 0.426480690243999 0.13418777762718 0.482675304967926
0.082063168440054 0.437490830642118 0.223930070422295 0.428910824992716
0.138478081142461 0.419011047181187 0.211102222787548 0.341161423014778
0.0980205139757113 0.382716900012304 0.120888323184392 0.286410657710532
-0.0101037184803935 0.343911649905221 -0.0111709621883656 0.187275424414846
-0.119192508218191 0.264356389688813 -0.140325994904824 0.0602668982867025
-0.141749904188503 0.0857072051158391 -0.115113381383327 -0.190579163964025
0.00256472739835833 0.079337936422342 0.191277653859897 -0.312969964704456
-0.117949876806054 0.250159578982164 0.405918557544269 -0.201884873166682
-0.323764097566582 0.210871794931811 0.520990808034691 -0.166589800119763
-0.182107662360064 0.0664548246038783 0.438121697168826 0.24286450659079
-0.0900765146236264 0.0344731226799317 0.205144754384239 -0.0130921376288234
-0.126996022118566 -0.0599495746725225 -0.0983187276608835 -0.00200545391800272
-0.238585956308928 0.036756219883846 -0.306070191031511 0.193994785715108
-0.171819468301147 0.186689813292306 -0.188528677161069 0.521126700670329
-0.0516706813030336 0.242852320094101 0.0922919472941781 0.606645576809784
0.0383798391829742 0.268146490416497 0.239391502417686 0.569140334328181
0.0561029098447265 0.251980859324879 0.241697057684961 0.466481205231813
0.0121215615234653 0.220091789859433 0.126489806975881 0.386879663856081
-0.0730282927255339 0.162196403015291 -0.0496165374755459 0.228785667645812
-0.119757662640442 0.0601873864247073 -0.174102857151434 0.0258267814733225
-0.0476581149544109 -0.0638042927808862 -0.0791440041087722 -0.24786542748848
0.121064115820724 0.0129683190648422 0.261476743380574 -0.278972664316314
0.00684372357945951 0.207493767226221 0.421506763189701 -0.12352264279781
-0.172491912530414 0.182355134767291 0.568944837156467 -0.155264147960817
-0.00072631892105441 -0.0840026230331301 -0.571760836556848 0.121558829132751
-0.0851884503088844 -0.0851973935345448 -0.371396483322606 0.0500762545960024
-0.121300934618797 0.0341721120891365 -0.350087921525609 0.196759832163398
-0.0150506372090259 0.105963560536868 -0.00855268118268511 0.338339853518821
0.0583544067436036 0.071771672595851 0.228223948830262 0.0837254839702524
0.0764001084572504 0.0129873724934618 0.160184820810948 -0.240655437104953
0.0537512733042254 -0.0389962102012999 -0.0458620222783317 -0.433389439322674
0.0326440864543659 -0.0423250724275398 -0.208092055754892 -0.529949235615766
0.019721688791997 -0.03505650344575 -0.237717515211599 -0.595164243234666
0.0460320028369928 -0.0154816042119417 -0.110862672380424 -0.627542231045777
0.0756151322863044 0.0157658792227774 0.120578705884076 -0.53924494207469
0.0543021704767327 0.0868672320464889 0.268396445647292 -0.234578589789858
-0.109625758815224 0.112082862019037 0.0728235006726387 -0.0337951952699097
-0.152247363936407 -0.0553455356412177 -0.167141839074571 -0.0874147353338896
-0.0558075960258294 -0.114119657314919 -0.364906680143242 -0.26783443641849
-0.20141176004002 -0.049159637481859 -0.522553666213949 0.135108631682042
-0.194819604196892 0.0219570911667321 -0.331553000515859 -0.0205001614205355
-0.146370694495137 0.117902511720048 -0.377891729777919 0.116713572346623
-0.0341977512500311 0.155436591776526 -0.0885421518344817 0.326634147476814
0.0246698884522996 0.160867154359091 0.211817215793585 0.156433693401982
0.069885682422127 0.149006849955673 0.215716807289864 -0.188012518995867
0.0985425680451476 0.133310378088731 0.00855910807649553 -0.403894823683089
0.116093902156771 0.172192140167933 -0.172733461703601 -0.501473506176771
0.0932085701631515 0.199597681433129 -0.229980468280438 -0.546449774779821
0.0658588643950817 0.24184260599744 -0.146405450097754 -0.57544155457475
-0.0174684497153889 0.274557494747721 0.0532664981461442 -0.514042490736872
-0.153046519691643 0.25442202216246 0.221970916870508 -0.247229284425765
-0.339997641079981 0.156758234913368 0.0696139855752435 -0.0567554481278557
-0.393404113377141 -0.0445067692300833 -0.140915522547425 -0.0903844665354845
-0.292265884690389 -0.125888808432905 -0.288332438865947 -0.248446664958386
-0.403745642845804 -0.029832663695685 -0.409449089358304 0.132635032694593
-0.341670063127239 0.120648194074858 -0.299614583899855 -0.102226199618629
-0.207115791985595 0.210929180498663 -0.41178278063402 0.0730745151500454
-0.0703032839582937 0.216437527720296 -0.144513371783321 0.330270141319459
-0.0207646030640873 0.249246149193444 0.19599982669717 0.215285099753879
0.045186404560725 0.279303856763134 0.253157631991298 -0.115736736484532
0.11990245066339 0.298325812865617 0.063473104634431 -0.316235825178519
0.18273169848092 0.361140014376256 -0.10755219206523 -0.397486826522625
0.166529678535008 0.393243252638903 -0.185225755258768 -0.418219356906706
0.113721614401187 0.452550431249484 -0.155784168617895 -0.439429285875718
-0.0441264094235127 0.504597002245167 -0.022748369670672 -0.414292736753741
-0.282587671661289 0.429464006103686 0.143618311843135 -0.238909252219778
-0.488162916696447 0.241376045862174 0.0790335983908684 -0.101722205403212
-0.557218076590324 0.0267596100743925 -0.0422306208532713 -0.101628316649511
-0.470622731839304 -0.0868408962198815 -0.135815507888771 -0.210446811959849
-0.550525013942101 -0.0292838382058702 -0.234796061775413 0.129400295391858
-0.471275243532768 0.172976645965243 -0.252210659034822 -0.186636592578344
-0.29587252384355 0.25540974353285 -0.448344728027169 0.0581934140071556
-0.160803003528939 0.263304999578871 -0.185634210288901 0.357679684777417
-0.103313480705405 0.342175355746168 0.173185769548231 0.277246361750459
0.00652461994883088 0.403076817381582 0.265985152652299 -0.0134729938153994
0.124088617886149 0.434129978447454 0.112865668331832 -0.171911383503461
0.220408067733486 0.490619223662824 -0.0218150497942798 -0.234051958018837
0.21475477590637 0.514627856783307 -0.105000542673638 -0.239736455842534
0.152072115063542 0.573279136197325 -0.121591561699723 -0.255994267701737
-0.0380714329395553 0.632476681215906 -0.0690478536148562 -0.258133923245328
-0.314059114518408 0.523868110445948 0.0536621460467041 -0.20212728233426
-0.501335134574271 0.304705308148798 0.0906992938701439 -0.164320054081636
-0.586073478887796 0.12574471249013 0.0996255662622438 -0.141227551242091
-0.552984404741852 -0.00154186642441797 0.060705140298092 -0.177586566019483
-0.600622722189014 -0.0321896771334215 -0.0247824035106601 0.141345971120334
-0.514400819132433 0.161043837349581 -0.169481040308316 -0.22637606476352
-0.364046564202343 0.207635131530405 -0.435969760056683 0.063195213360575
-0.291541881008519 0.259716302573583 -0.217351429389454 0.366736625814957
-0.209898616514688 0.40819579535763 0.113285538573938 0.34538938495883
-0.0412735075166698 0.491595275569449 0.243167770780453 0.129506104992158
0.115904087828932 0.515954329875389 0.154628657771686 0.0167398141389393
0.222687087819583 0.545516011562955 0.0684914185916405 -0.0359546275317411
0.214516985451972 0.547411617472985 -0.00943283935704949 -0.0447052459720653
0.137956958992396 0.583316032809606 -0.0618283368841197 -0.0693047273203405
-0.046261007944844 0.616525929265732 -0.0860667151810076 -0.0944230476597999
-0.289421442512854 0.467264881574859 -0.0274239920073759 -0.159756549585435
-0.382306333615272 0.277060695905306 0.104910899147798 -0.231413268258213
-0.481139275280272 0.201698224207385 0.239100119235499 -0.192331601679321
-0.53641690336549 0.0933196496770204 0.256317498154477 -0.159947771806511
-0.540102008151014 -0.0243858257462377 0.176031169288493 0.177552940651131
-0.445701093978139 0.101898423163389 -0.0483319948519311 -0.184908376392692
-0.368946249935518 0.0906281383503042 -0.342173914474826 0.0627340975048095
-0.389388802651398 0.20140038940607 -0.241513108158297 0.32501596612297
-0.287054440870961 0.412546271307451 0.0051897401707452 0.410723225549463
-0.0757194564382459 0.503289909412124 0.18774151533285 0.30324800155039
0.101222845975838 0.519531180159176 0.187838182486677 0.22753621053746
0.189984219276089 0.518566469606723 0.14753601197695 0.165447965462785
0.168135220146849 0.495364478669474 0.0703079133194992 0.1374750342283
0.070376679351484 0.494634237104172 -0.0171177722626425 0.0852616314797234
-0.0862748386005164 0.468233151055555 -0.10425532926936 0.0223221485004643
-0.229486967229077 0.286582792684866 -0.0882809237930239 -0.150146881849833
-0.187113797095224 0.176780100402488 0.135469949560262 -0.287198706743891
-0.295038891744419 0.240195083108016 0.343951627341363 -0.217591595069647
-0.447420435739778 0.16765991865194 0.41279461648188 -0.154908766596261
-0.387458617788682 0.00735138643879538 0.333339891921591 0.224772884159327
-0.288824173968494 0.0452826923075945 0.089735472003828 -0.0911716401930502
-0.285823286815032 -0.0178807058620942 -0.20560433280447 0.037658556397762
-0.376095908743847 0.118774391275317 -0.274352573687742 0.246641856904568
-0.275410466134662 0.333740681527867 -0.115252907804792 0.467255447032156
-0.0800374522041609 0.417190904839706 0.123048594848341 0.472503605506394
0.0750950533283587 0.431687643939149 0.210654939189952 0.423850303928099
0.130261273827433 0.414062645992687 0.203164624392277 0.341535241991984
0.0889710420903853 0.377158915162566 0.11346638326861 0.285473630199211
-0.0163015902057937 0.338351839517511 -0.0167695962449978 0.184110799314852
-0.120156508860632 0.254599494457172 -0.139364500368623 0.0579131265455172
-0.139117968417126 0.0788224358810787 -0.108634555088872 -0.187889240212713
0.00370590728176644 0.075160509121801 0.191588878198256 -0.305804927762982
-0.117320002794431 0.242203464438597 0.401288177392557 -0.189088538479579
-0.321490862083737 0.197154976795683 0.512893367088753 -0.150737690166318
-0.179490908199766 0.0587002934887433 0.424104166294716 0.251735482986952
-0.0884207845762642 0.0313885241571965 0.19992121851239 -0.00817975348124202
-0.123986272070122 -0.0618994843690383 -0.0958548373312856 -0.00445238689317633
-0.236169556903242 0.0321797349562263 -0.305566429726557 0.185095642472589
-0.173226867170477 0.180032060283191 -0.194784965711382 0.510815970126507
-0.0569954191784699 0.236968896697359 0.0789203388988854 0.595476837577219
0.0342248373075391 0.263686616182051 0.22464725730353 0.562037479996319
0.0508111870301596 0.247630497793741 0.231415325336261 0.463277404374293
0.00771912823089247 0.216407905822682 0.117282378229092 0.38479079792171
-0.0750864784371841 0.156726846589179 -0.0555047168838036 0.223942861654408
-0.117997840545751 0.0563064311318505 -0.172491399832186 0.02147351378401
-0.0443681500537434 -0.0643651390739579 -0.071782080008285 -0.244275095635647
0.120264946792659 0.0147928853943556 0.261919202515161 -0.268737681238758
0.0053729232220965 0.203802800577723 0.414685815751111 -0.111031261280237
-0.17483380147096 0.174300465540541 0.560195049795444 -0.137003308831034
0.000716268388529591 -0.0857252014239262 -0.584171619703509 0.109800162717845
-0.0851778901777264 -0.0891856400241452 -0.37834036937886 0.0400132726374159
-0.123929470321906 0.0328310311237271 -0.362502462506505 0.193187646101011
-0.0182080105967471 0.107497687483776 -0.0174415328085281 0.344588443124242
0.0579560729310862 0.0752199488850099 0.232792442425553 0.0921948420830373
0.0774506369849501 0.0154689301351121 0.170088104635061 -0.241914231264789
0.055421326264384 -0.0385021426533383 -0.0347267667015425 -0.44297256071858
0.0338639709283273 -0.0424380680603373 -0.20277897234486 -0.544623378529528
0.0219527788529518 -0.0339896722035217 -0.232710825578531 -0.61063201504836
0.0484160715766286 -0.0147026889431937 -0.100231912999132 -0.641764266310876
0.0776876768182106 0.0165784481946685 0.134178871111217 -0.546209019673101
0.0543900168997267 0.0894858017723453 0.279594243975355 -0.234822305524882
-0.114596463005981 0.112816537155218 0.074573890473332 -0.0315556348906912
-0.156038540362238 -0.0604602496247665 -0.167050695233285 -0.0951700567349728
-0.0546194033679052 -0.118815978057149 -0.363687540508226 -0.288473867051272
-0.204497191496425 -0.0545734255559184 -0.535404048952122 0.123367655724117
-0.198087786335372 0.0175262128581223 -0.336258054527237 -0.0320228085672408
-0.149995591834225 0.11766009707507 -0.389014889901191 0.109329022149661
-0.0375802351336087 0.156344210375067 -0.0995661823266508 0.330878100380009
0.0227548388465957 0.163976472890108 0.214252373117758 0.165962600926344
0.06785253534079 0.153098622599743 0.225330100015171 -0.188174893273676
0.0978315783285016 0.138274868242666 0.017735500167038 -0.412838689914004
0.11660059659863 0.177479174850985 -0.16824900553494 -0.514529128789643
0.0930346999426004 0.207146910747135 -0.224400019427241 -0.562062908763117
0.0630255347900256 0.249201571665948 -0.138331080459718 -0.589305051303832
-0.0214081890937893 0.278065939691318 0.0645618229755657 -0.522519166391651
-0.161696794241287 0.255351162001587 0.233443183709482 -0.248196730160366
-0.350084706541641 0.152826850094317 0.0716870522700134 -0.056197074526978
-0.401670686343429 -0.0548603446334494 -0.140772332438219 -0.0976320857692178
-0.296297269559994 -0.138281923198537 -0.28606877915776 -0.266595162799384
-0.410203332538047 -0.0393520339923625 -0.421006570105566 0.124190542809628
-0.349412429897366 0.117014338805538 -0.302564100253508 -0.116023323261631
-0.212861811467801 0.211343366899604 -0.42217849508922 0.0644711055689235
-0.0738543396345068 0.21767009632008 -0.157729728718616 0.333509752115217
-0.0250072421975547 0.252288150967641 0.198016598281177 0.225332455760116
0.0413774339698334 0.284273609020736 0.262186307648184 -0.114853275713823
0.116788015226484 0.307212105820502 0.0702379491297642 -0.322124206135675
0.181310016498573 0.36971679000222 -0.103820556044447 -0.408104579900103
0.165900245454789 0.407771404453323 -0.180555253310648 -0.428913829380694
0.107938243931811 0.46539150239718 -0.150256511632587 -0.450499277599143
-0.0536834122487183 0.512146353057475 -0.0144846126435557 -0.420199685606048
-0.296096918366701 0.430486312116329 0.153959096504501 -0.241011711967707
-0.503473134139748 0.236048773661198 0.0812350983298542 -0.103892455634591
-0.568528578339385 0.0141212523270482 -0.0387919875847699 -0.107662845412871
-0.478433289353224 -0.102443183925989 -0.131664109135423 -0.222775566959901
-0.561717788274899 -0.0435773149673811 -0.243642870199302 0.124812406268524
-0.481204998884634 0.167877811162078 -0.254721530091077 -0.201929890141254
-0.303689338144569 0.253583342161019 -0.459166528936203 0.0503534715583755
-0.166839447021391 0.26389873302898 -0.199731890713252 0.361070891945314
-0.110479148982385 0.343944733049097 0.173724482544756 0.288527012361175
-0.00202043503748617 0.409022079121002 0.273334342674101 -0.0112853992064055
0.119098566721879 0.446809310874586 0.117600221509088 -0.173824617340087
0.218500288126851 0.503536541261018 -0.0181882670627434 -0.23768157486088
0.212234368466275 0.530628097202298 -0.101704548344464 -0.244785011473669
0.145297085767169 0.589441450841683 -0.119242657665102 -0.26296262518439
-0.0485928645242976 0.64235732412047 -0.0652106413702048 -0.260660880649814
-0.330428124966756 0.52678912609705 0.0617418749162251 -0.204692070473483
-0.516188786820143 0.298781263587018 0.0925265249690018 -0.168957833714585
-0.600713742700818 0.115753405747056 0.105549961852181 -0.145499569810168
-0.563227532640878 -0.0189002974466718 0.0662947093766406 -0.183984497151731
-0.612317653920087 -0.0481650323754492 -0.0308238564209764 0.142498120032667
-0.52544999938428 0.15453340059366 -0.171114467450277 -0.240114650938175
-0.37286802316816 0.20270714343295 -0.447760767478016 0.0557391159029761
-0.300657341992357 0.258459261392111 -0.230389853910616 0.37208951564689
-0.222485177365747 0.410238163976137 0.111623880498823 0.356763850228346
-0.0525197392282445 0.497831202641327 0.247214352329616 0.132940117526497
0.111210295436857 0.530503628476823 0.156386844311685 0.0201399196763819
0.219797254184528 0.560385618550335 0.0710762405743079 -0.0339705272263708
0.211040917617113 0.563969219964722 -0.00913899026679568 -0.0438764725101556
0.130009788018791 0.598475887827948 -0.062282345696655 -0.0709622169656381
-0.0565614965167316 0.624597263598444 -0.0861093950703909 -0.0939925723109106
-0.302732135856389 0.46916583955743 -0.0226750859794107 -0.162645188993114
-0.392870627588238 0.272399086263524 0.108322688103766 -0.237841187955534
-0.491220967844118 0.195902670397231 0.248178511876883 -0.195076986087641
-0.549978160796758 0.077189868948552 0.264823337034653 -0.160172503551048
-0.54988580435605 -0.0398731295761973 0.173588065751081 0.185111653351091
-0.45450022295935 0.0936670928323411 -0.0499249817740135 -0.194850697269843
-0.376142170429941 0.083875759530032 -0.350642609731479 0.0569230071811884
-0.400276815720988 0.19671016037931 -0.255146699569385 0.329114793032087
-0.301433369864698 0.413841129311252 -3.95569227738164E-05 0.42105538177951
-0.0886260842318971 0.510500512950929 0.185800841682903 0.3087483301085
0.094887398297706 0.531860004661882 0.185886605519068 0.235922276315358
0.186233727154103 0.532135720924396 0.148173647999581 0.173315400883747
0.163649212129817 0.509535400010683 0.0692718107199998 0.143139634502824
0.0605695629980612 0.5058903957731 -0.0209615034345242 0.0873060421451252
-0.0963600360467172 0.47295128605188 -0.107216248308392 0.0235453745356027
-0.236714620704048 0.28599255386351 -0.0865304277662608 -0.153108582598622
-0.191463952911312 0.173380159315312 0.139676508875649 -0.293860596976005
-0.301707176952953 0.238240091911787 0.354975944878425 -0.216608006597652
-0.461580298102214 0.157261637715742 0.424031233916641 -0.149105745941121
-0.394115611871427 -0.00578324538879631 0.333060551197731 0.239386510606308
-0.295457019101649 0.0390544198106813 0.0901132473324514 -0.0931939476515616
-0.290922089583902 -0.0253490475169966 -0.21088245654885 0.0348777354883165
-0.386749948876155 0.112988124195563 -0.286065432831472 0.247893685533195
-0.289114719098055 0.334579124863937 -0.127053639773273 0.476059061369324
-0.0903466415304849 0.422586869780936 0.114834767007031 0.481872709095088
0.0710485147122747 0.442135847144133 0.205353354609261 0.435729749591025
0.127449867773664 0.422711465169233 0.202203626235728 0.353178894593311
0.0857635650551208 0.386297818320787 0.111043145848483 0.295441963060384
-0.0236044217561338 0.344130042609483 -0.0233833357191103 0.188766670383627
-0.12624845658221 0.255318611536623 -0.14373022054039 0.0576431820548944
-0.141326255833325 0.0758981108452386 -0.106498660507271 -0.193012887840423
0.00539715193146771 0.0747292059103385 0.199748030608821 -0.311337324734712
-0.120471669871401 0.243788565205621 0.412784437116931 -0.184000192697125
-0.334431583906881 0.191506475599367 0.526122246301888 -0.141131363691202
-0.18383251294625 0.0534818782205605 0.425627824841025 0.271726657192222
-0.090903253926294 0.0293684266267144 0.20188105686354 -0.00388280025970392
-0.125426315014346 -0.066060407618603 -0.0979090544451004 -0.0064469521311567
-0.241714263452126 0.0283199379292456 -0.317494245491645 0.184072361021126
-0.181265837578615 0.180481626242876 -0.208400554283356 0.517690465945354
-0.0646913999970025 0.24157628808409 0.068321970028612 0.60899020320567
0.0320736090922028 0.269595335815106 0.218676527310478 0.5769245798718
0.0483373528982927 0.252630135444043 0.229234834768765 0.47827592434898
0.00342204878675981 0.220693872080492 0.113881738184934 0.396490076520099
-0.0816041776968153 0.1586527226456 -0.0630354492142168 0.227595794888183
-0.121578628346944 0.05374046260609 -0.177542580053705 0.0182423760916803
-0.0422907419638159 -0.0674581675112118 -0.0673224615613034 -0.249056393808132
0.125142433321975 0.0172196721559583 0.272073867009514 -0.27042898404995
0.00387314900863311 0.208365575727971 0.424133752038772 -0.101479948993181
-0.183809488451532 0.174092832357484 0.573583224309899 -0.125728971877602
0.000280808366594139 -0.0895734766607527 -0.614175534029264 0.113838473038263
-0.089804739052349 -0.094444821005675 -0.394922184871572 0.0388400054367456
-0.130680669352494 0.0348637501911532 -0.381035152823422 0.204650915726403
-0.0186933129923491 0.113167344605598 -0.0179770368209045 0.362284409529836
0.0617887896269283 0.0799371052525783 0.24717346818906 0.0985039648510878
0.0817019720631812 0.0164437536967506 0.178398103193483 -0.25598098718046
0.0575411749752893 -0.0407292681146902 -0.0415402334884176 -0.468927539739004
0.0351777035213378 -0.0451882767242304 -0.219205643038392 -0.572774028019248
0.024152702734727 -0.034785663297987 -0.249138695625587 -0.641790682384765
0.0522996414603633 -0.0150266472223232 -0.111336455690784 -0.672897757937578
0.082355793931829 0.0163952297083306 0.137826137870051 -0.573619014472212
0.0574889086102835 0.0927256697855444 0.296106329482454 -0.249329143259497
-0.120126428473294 0.119886171699377 0.0787323733094918 -0.0327831289760618
-0.166154886272418 -0.0629266848733389 -0.176026773035029 -0.102049118713238
-0.0583377660507036 -0.125999360830823 -0.382611038113409 -0.307937296189041
-0.215459379054985 -0.0562654574466499 -0.5639719290502 0.129316426200856
-0.206889318218175 0.0189796809868507 -0.352061029514122 -0.0359377307397068
-0.15541604650912 0.12425515517091 -0.408360911343894 0.118189877007605
-0.0372690683822981 0.163429968776617 -0.106149762477903 0.34837735752333
0.0262399974627946 0.172648299091418 0.227787488073428 0.176174148517966
0.0726973619077283 0.159921486768216 0.237655149037765 -0.201065198048219
0.103933175050759 0.145491390607362 0.0153007338949851 -0.435609508194024
0.125302218812358 0.185537171137993 -0.181500314061422 -0.542070596911711
0.101970508200627 0.219353692387271 -0.2406060632552 -0.590005630334042
0.0694212303468155 0.262823457771743 -0.148157692790691 -0.618256496413471
-0.0196494321689588 0.291200702935831 0.0650436714438993 -0.547151256038595
-0.167738824555131 0.269457249878349 0.248123888425935 -0.263220519427751
-0.367695581628829 0.162272530682834 0.0745022973849106 -0.0597035899167295
-0.425461225836181 -0.0560303077022584 -0.147549410407134 -0.105763978250202
-0.313656384760878 -0.146492505730457 -0.300364131749296 -0.285571271970154
-0.432272473880176 -0.0398732896843693 -0.444305544743597 0.130401043018548
-0.364516497349142 0.124171065018151 -0.319927968495727 -0.125196413385354
-0.220178752880527 0.223724211301319 -0.444069373218086 0.0695494065093311
-0.074381989006555 0.228347762511393 -0.167685408919726 0.351746065031522
-0.0238478445490075 0.263715694391532 0.211812664467581 0.238266992059943
0.0454958541738727 0.298119516467623 0.276964778593577 -0.124156441300562
0.126804399618417 0.323614527423577 0.0712585551382032 -0.339062340705525
0.197171204267305 0.388166683191018 -0.111559067262658 -0.428805424303414
0.181124110857394 0.429937307568406 -0.192850593463371 -0.450492226888042
0.118901545155213 0.490556405167754 -0.161649962608749 -0.472087722927214
-0.0503706945548499 0.537172306980489 -0.0178223299460231 -0.43907588870771
-0.307522455616293 0.454186519919225 0.16322275947785 -0.256137656665147
-0.529492976377442 0.249460778330151 0.0837200988158206 -0.111161224345637
-0.60011295546052 0.0172790532039965 -0.0405561266671774 -0.117009155368362
-0.504421684046506 -0.110260795369257 -0.139288694043604 -0.240538194462495
-0.592959710233528 -0.0439038140192362 -0.257912050726728 0.130677669024251
-0.503685382645469 0.179552047294068 -0.270873101457018 -0.216581072899362
-0.314778457182023 0.269335149079603 -0.483321679488773 0.0558699220092917
-0.171212606228098 0.277474846119106 -0.211236956693693 0.383335996832809
-0.111912565321402 0.359489131878993 0.186987867294077 0.305355801790162
0.0014343268181654 0.42857863613675 0.289273018432577 -0.0174155744547884
0.13095822657765 0.470712243923815 0.122092620605767 -0.183272690191332
0.236473950313767 0.527871557545643 -0.0211104729355775 -0.24958110835677
0.23082516167192 0.558778433074922 -0.109307803030255 -0.256137724300711
0.158462650770118 0.617945400026454 -0.126651863440026 -0.274440747718419
-0.0426023354318774 0.672625469220794 -0.0693507454403823 -0.270640774886751
-0.34286401386071 0.555101557606917 0.0662536332480495 -0.21638083544436
-0.542687630615374 0.314971223987285 0.0937431371468754 -0.181296059599463
-0.631880584087663 0.124888710487187 0.111376210026558 -0.158189059157832
-0.593956939014352 -0.0236326536993059 0.069432810905966 -0.198151659622717
-0.645705763058426 -0.0514141604981583 -0.0351556646614594 0.149676143278842
-0.551435265206745 0.164081557454732 -0.185647627917476 -0.258746402025441
-0.38848805066473 0.216222652914986 -0.472414179711475 0.0627916381889225
-0.312842280756162 0.272672215651686 -0.244084832000715 0.396304314947774
-0.232373098688493 0.430052563589104 0.122437610700222 0.377899039760383
-0.0526178345715031 0.522918142987123 0.261173012049498 0.134130506959504
0.122221277249158 0.556910063396994 0.164371172183827 0.0206151626388508
0.238452118269208 0.584608941859915 0.075518697592112 -0.0343551496523013
0.229276441728709 0.592735513821092 -0.00926377647092982 -0.0446146549793882
0.142864969237477 0.63021307889958 -0.0664217222997629 -0.0726693416339085
-0.0531510202207722 0.654146148588154 -0.0900773904655219 -0.0944039056671466
-0.314028834675438 0.494114861809002 -0.0228393529317784 -0.169666008818276
-0.410611257115688 0.285587481661681 0.108132000098916 -0.254821763291634
-0.513264562798752 0.208045568060056 0.2595983143661 -0.210201818540868
-0.578842262239875 0.0813436153247942 0.277653645111533 -0.172080945677647
-0.580467359517638 -0.0439539790292478 0.180006447510992 0.195822906059396
-0.479137040272016 0.100217597985938 -0.0567828058231884 -0.209549373825571
-0.394424518192555 0.0891388573756987 -0.369984439969755 0.0633087851181204
-0.419837804035847 0.209251538794327 -0.267515111400158 0.350478999655478
-0.318324903489647 0.43608037448345 0.00497518442441818 0.446527986228025
-0.091081605466191 0.539354675089649 0.197004311374163 0.320527510556415
0.107287513752173 0.560247789156441 0.197195560428899 0.246893373300888
0.201661594514062 0.556355932648491 0.160045121791462 0.182914594424573
0.177555606231159 0.536563947095404 0.0747110773454578 0.152755984992149
0.0683962651683883 0.533957020694011 -0.0229731508243286 0.0930539829843147
-0.0964403592384048 0.495252029263765 -0.11186937302299 0.0284892154236205
-0.246192000894797 0.298685486847195 -0.0899046861586042 -0.159362410448525
-0.196782879031157 0.179204932309651 0.141473806144515 -0.313321022626699
-0.312058549422329 0.252167585032404 0.371936991381044 -0.232444182957235
-0.487240323403113 0.164786202916713 0.444842078212703 -0.158615523916289
-0.416033716428253 -0.0072557844158829 0.350325363625212 0.253998095057528
-0.310029151183165 0.0418215785952043 0.090170165868611 -0.100753783943493
-0.306241475377042 -0.0257880566355368 -0.221733433945427 0.0383631886039474
-0.40757859321548 0.121229718361825 -0.300931131779474 0.264158535878856
-0.304657357132921 0.354470293315732 -0.127901622540078 0.502692733895202
-0.0936418208872197 0.445890028608298 0.123828240216342 0.50419389692316
0.0793730017430781 0.465422194394533 0.219331577763346 0.456737028423521
0.137769785580412 0.443910470110939 0.218833108249157 0.372351673250795
0.0936967369742099 0.407566020572135 0.119717538663475 0.312072005277507
-0.0223461110907304 0.363608765190425 -0.0253269526005789 0.19961616766113
-0.130786237509121 0.267106539829306 -0.151307858171611 0.062763131070014
-0.146242626728681 0.0777074024322983 -0.112204830959993 -0.200799635856226
0.0105004474864667 0.0756360610571165 0.205725577854588 -0.33107267594554
-0.121326513395909 0.257329079050804 0.433777221918123 -0.194584492101004
-0.354300198160773 0.201859983035409 0.551768001967611 -0.149121908172674
-0.193701910818371 0.0548026052510863 0.449708283259076 0.288988413664179
-0.0951657090899669 0.0320680777769636 0.209316626679213 -0.00499505615232606
-0.13260089322328 -0.0692446426399976 -0.102563314449038 -0.00673958862141739
-0.255360000578419 0.0327500264556072 -0.334063289690034 0.195670818687243
-0.191193017244975 0.191974861751465 -0.21581559167812 0.547482540025948
-0.0678349032335854 0.255585448626948 0.0739367190434131 0.639322850168845
0.0376427000129383 0.284036033612689 0.235627060756729 0.605839973211563
0.0535410386226377 0.26515836875747 0.248275895128528 0.503766146334796
0.00529420523826328 0.232079673560763 0.12558911410381 0.418558985106102
-0.0852979558383186 0.166530804897296 -0.0669486646013683 0.241882627052552
-0.12747507395744 0.0561541403356985 -0.188362331422097 0.0204793360912503
-0.0430450704193933 -0.0725479795441265 -0.0710818155152142 -0.261969337727408
0.134674907970584 0.0163461965625651 0.283743733659196 -0.2874289300772
0.00803340344288935 0.220464676742389 0.445790374740394 -0.106303844952085
-0.193163994667152 0.184011150642598 0.603758922741419 -0.129270282317127
-0.0126914830274645 -0.101590971780991 -0.623191054298479 0.233425652801576
-0.108028936463934 -0.0899073734208789 -0.403572398048928 0.107652030199631
-0.130110008803043 0.054148714772571 -0.361430378124496 0.278614392439305
-0.00630996510553079 0.118848282800456 0.0485551147806783 0.377194970514241
0.0761256975604682 0.0782589305125421 0.275468418779998 0.0555240713600161
0.0887982836369212 0.00730192191435239 0.139052575552115 -0.302682793357145
0.0545474256921916 -0.0511065513861369 -0.1362535586638 -0.491215542112139
0.0341242406118363 -0.0534786373012296 -0.328502109031863 -0.559794341355811
0.0255966884119593 -0.0421616456720198 -0.371175233156659 -0.632128068102623
0.0589793880731228 -0.0237673543863408 -0.231334393493299 -0.688010751691877
0.0934594875811732 0.00574344410466087 0.0488882059293159 -0.627402922481864
0.0724232575195309 0.0884482813524624 0.272484329134308 -0.316270619913306
-0.103484472415026 0.14581804419463 0.0810730554637613 -0.0459548339510165
-0.181990307523354 -0.0373037254485601 -0.201971566164922 -0.075907863139587
-0.0809093620728678 -0.118345540514907 -0.452828704940087 -0.269133914514608
-0.238262643796195 -0.0249315337760999 -0.555655607770102 0.226248313890947
-0.212298728759971 0.0494142041573615 -0.36841698405932 0.0135493442907597
-0.13869575789103 0.152012021914368 -0.407875742299584 0.185245841546823
-0.0164309004351983 0.172096222263563 -0.0465578351823034 0.376314635185311
0.0523641148655789 0.177763024596177 0.270960214231319 0.13480022205999
0.102196462070715 0.158124879765128 0.210520239567529 -0.262276237001645
0.13233606990288 0.137060710337158 -0.0678086511735487 -0.473018119846237
0.166671396011486 0.172872678973211 -0.285029767228573 -0.535619551370277
0.150581263417562 0.208897994458694 -0.354652420999574 -0.577363331758006
0.121949075949376 0.260730946056333 -0.260010439900243 -0.621372286828852
0.0337503298422297 0.305094663139045 -0.0217194856661222 -0.590376628736367
-0.135030464135087 0.307102232708164 0.225315882829979 -0.323885525891388
-0.354431425382437 0.231735078578624 0.074835326689057 -0.0712624282178266
-0.448374640058185 0.012057433869593 -0.17223683973802 -0.0783514115640186
-0.346892183065906 -0.0996470472718695 -0.362771795055115 -0.259920527099099
-0.469496227182258 0.0333376315049963 -0.416619339585954 0.191058992997992
-0.361043086115178 0.187018906597714 -0.34883778185576 -0.0938901992481185
-0.188040927985377 0.267843550661364 -0.452347542605036 0.133306491399555
-0.0435194052631379 0.243603177824908 -0.108498543957711 0.389027404926857
0.0149337852618999 0.278752793576284 0.266583722076534 0.198896713740541
0.0945568930487555 0.305834545470261 0.265393471586788 -0.196078985544494
0.183902160258893 0.319464225244214 0.0125262813615303 -0.385405067214032
0.274440718817623 0.371756532232782 -0.193034772770344 -0.428542707545483
0.268228811273871 0.413594057629734 -0.279471419355634 -0.440095210624191
0.209909453626979 0.487970981599401 -0.244567996025014 -0.468093263592656
0.0425465267119379 0.563418039453334 -0.08843481570436 -0.464851298580622
-0.248890606082189 0.522580483658383 0.141355822229794 -0.303012326920252
-0.506429041595493 0.349827777222963 0.076866104358438 -0.12650632583357
-0.616289937487281 0.116783018763357 -0.0604668796785524 -0.105346563242297
-0.539294874168035 -0.0317870027919538 -0.187766335602981 -0.236936511581753
-0.641796251190044 0.0603811073264293 -0.211027674827724 0.147961768628713
-0.49956136225938 0.268873846799309 -0.310964296403365 -0.205147447734825
-0.282642642679311 0.330940441637757 -0.494044047153779 0.121743552606031
-0.138079533499214 0.310128236645997 -0.142249598189548 0.429300404108709
-0.0654239817782654 0.392540691376262 0.259548522149519 0.267986438702885
0.0696827991142412 0.448439365802914 0.298587896512764 -0.092663873707538
0.211194714484814 0.472528795264409 0.0987785360145134 -0.232028885643508
0.337130800016949 0.510101914873167 -0.0657729529335084 -0.25723099087907
0.341168775042349 0.540371136167617 -0.156685465303297 -0.250498999329205
0.272514681408419 0.615597990904828 -0.174346637552425 -0.267298865297156
0.0742931680952336 0.701151732543719 -0.112203844845456 -0.279134570890604
-0.268366599071168 0.63088836617052 0.0470071636555315 -0.244566109078439
-0.507324836901285 0.418620479262995 0.0748374545306574 -0.202775558007608
-0.631739969017695 0.230131719492218 0.0937154590644082 -0.173432433971104
-0.617569673762618 0.0704918548753336 0.0382850260929229 -0.224275557494079
-0.701425022376883 0.0616095972817306 0.0321937063928915 0.126321877642809
-0.55358911795363 0.261389935173081 -0.22848354209794 -0.265336450275732
-0.368961920547453 0.287029672809602 -0.473520642402399 0.12845136576661
-0.286684685963251 0.326673733533802 -0.165901761624523 0.449544013138783
-0.181698053583978 0.483490428966711 0.210070902258887 0.350757265952712
0.0277399391518694 0.554832286661387 0.296994701552258 0.0657478491560619
0.217122880455848 0.564881010169263 0.184171631634273 -0.0264668768919643
0.349080834215581 0.571735780311314 0.0725732855400228 -0.0509897473233848
0.344562285514134 0.5762205419707 -0.015846432158544 -0.0461525773961632
0.253661623820663 0.628723204256487 -0.0762222808400377 -0.0657935722056276
0.0568173178581407 0.681363680998299 -0.104000872871493 -0.0903846387259877
-0.247450754609596 0.561010036079366 -0.0410267217577759 -0.17925408423459
-0.374575348467727 0.364192539396893 0.0741923945474479 -0.284023915137467
-0.494879608364248 0.298991392549952 0.24174576488945 -0.256843098910073
-0.587668050280993 0.172811631217509 0.261762838179196 -0.226909406168476
-0.631899902444688 0.0585581713851525 0.26425480383069 0.142069603727508
-0.486103293552369 0.183729555128152 -0.0880740621131633 -0.230076860845186
-0.398548514742501 0.153750045255696 -0.360697404494335 0.118578339628168
-0.409593013672716 0.277465389744592 -0.192367053257752 0.407454091118656
-0.26985405880369 0.503230938848131 0.104976976669673 0.442976040253639
-0.0132603339188431 0.577675295275319 0.263615730889018 0.272303482802277
0.20010462799976 0.569361604614412 0.261264232551349 0.208067714292228
0.303025979502358 0.547500267100576 0.198331725228998 0.161567651346478
0.277583476437363 0.525335725535011 0.10675143234413 0.147294532010697
0.159693300384326 0.541548865351022 -0.00431493178921778 0.101332438306957
-0.0151403698809873 0.524064777461445 -0.107009837125509 0.0445191377754627
-0.2059112184007 0.346425347750371 -0.113468371865371 -0.15420154035839
-0.169881649496946 0.215913322125359 0.0953781135871627 -0.354530762740791
-0.279423979648139 0.311606315559025 0.355866380793814 -0.301293775999499
-0.479193579209051 0.246129894370397 0.439214905282619 -0.237385589477537
-0.451742007995758 0.0664448429579792 0.443169121408549 0.182863060515897
-0.320421144285499 0.0947726574807223 0.0825694088886794 -0.131368428234332
-0.325467253968385 0.0191370562329907 -0.209262181452898 0.0725214629390309
-0.411065353071215 0.185151063118817 -0.243703260444092 0.326788018980218
-0.270417070287432 0.415586255632337 -0.0232747590042965 0.53148918623392
-0.0298608279090596 0.480082571482215 0.218508487379063 0.485789887333573
0.157043962911772 0.474107641557564 0.324929307753342 0.430112060722103
0.215713826842296 0.441528390301147 0.293856778748957 0.348883204045932
0.165441106595018 0.408178992155941 0.181986143410605 0.308182637999208
0.0345277153075426 0.380171212622294 0.00966779159717921 0.214993337011021
-0.0896798298684115 0.293808738177164 -0.145857160711268 0.0898735464694024
-0.137181755587585 0.102008037873071 -0.148204187500013 -0.192292159697992
0.0275848880475293 0.0738198752840333 0.157399850123154 -0.386106720325187
-0.0826465870886328 0.286253952170776 0.427085682357644 -0.275604542599091
-0.33574444394252 0.26407555969231 0.555798034113818 -0.241671417170368
-0.201665050232678 0.0941135882013592 0.538707500031124 0.213027637723863
-0.0951792782019607 0.0517283703216589 0.219135166787474 -0.0430714003539616
-0.150901630848887 -0.0515252228079512 -0.0998957751284388 0.0104438743320567
-0.264044364281509 0.0691256301981788 -0.300108094870044 0.26617760564995
-0.178463718579064 0.226712305795812 -0.113651155728708 0.60362612236898
-0.0333640466026461 0.276245536784066 0.19196024237275 0.647446857288874
0.0833935036077679 0.289755524869992 0.368025492660451 0.588739244681647
0.0959927727019459 0.26825097126274 0.348236540379865 0.478888190939016
0.0425340389813473 0.240773211859798 0.206033558082817 0.41892739685451
-0.064276000980322 0.186550924491684 -0.0295704267024993 0.267555994967275
-0.120941600505404 0.0763393930669061 -0.193576841451079 0.0526846854761799
-0.0541990129252869 -0.0683399497140758 -0.118273600410921 -0.262639788368678
0.145740293305884 -0.00674182995307074 0.24758557602492 -0.354021689581531
0.0436112179557968 0.22735884247023 0.454171861090344 -0.185517334055108
-0.173503490709424 0.220347302552204 0.612978532403915 -0.230454941228044
-0.0218707928611624 -0.10156231512978 -0.615024484030952 0.292784266050739
-0.119471832155761 -0.0822389298410011 -0.400211897946051 0.141183055465557
-0.128140006983089 0.0666589435527353 -0.340936160680597 0.317799394119122
0.00393887605756653 0.121168166668795 0.0830663551461216 0.381045937938134
0.0861825159188152 0.0728110448145357 0.288292674240478 0.0320776701931838
0.0917201631957773 -4.97162631556136E-06 0.112077485517839 -0.322131946159896
0.0493380755058381 -0.0569778823214443 -0.18806162621218 -0.488471475384884
0.0290965149819682 -0.0571478089351505 -0.392136512334211 -0.540129286314379
0.0240060070125858 -0.0450366285133461 -0.441086837590636 -0.606360869370172
0.0592573544005273 -0.0307753765426122 -0.301380247112001 -0.677056225625615
0.0956595312388136 -0.00475928261645346 -0.0108463224837523 -0.643760449169806
0.0807023415451706 0.0826198407405437 0.249516688517144 -0.34970992579127
-0.0919531261460934 0.159988757215045 0.0784565975357797 -0.0536912917996046
-0.190607060736211 -0.0198659896349983 -0.213008819737705 -0.0602477497376755
-0.0937489829632726 -0.114117756697044 -0.486097959023145 -0.240444109084605
-0.244941518234624 -0.00180241125362564 -0.546935098425827 0.279085425094666
-0.211296925338596 0.0691850712153 -0.375019104273104 0.0429270211303455
-0.125392254601368 0.166220313024718 -0.397372907170095 0.226607455351206
-0.000559981013613405 0.174639613446746 -0.0152457071945412 0.389145595972619
0.0721427190721173 0.174984353209824 0.29035651237808 0.114260848136635
0.119892230414633 0.151879561582249 0.189653154287079 -0.288591128827118
0.147772434936759 0.126995649760461 -0.117260860481781 -0.477066835161874
0.187951888073064 0.158900830776367 -0.344963046397348 -0.516713574197689
0.176854553359397 0.198608518962141 -0.416917020509676 -0.554432101118489
0.151238450450466 0.254118705844185 -0.322719833140322 -0.608589478293395
0.0639160215577961 0.30586964704296 -0.0759148207959737 -0.598791815125866
-0.108836962273352 0.325569744500756 0.200963597682784 -0.352948651311409
-0.340517529912856 0.270679526927229 0.0686695916114412 -0.0798182780624687
-0.455524786183307 0.0552842090494714 -0.183472352917191 -0.0665583820317867
-0.363847157550433 -0.0710318771464645 -0.395624365677746 -0.238262741305113
-0.47493259315096 0.0789484821430731 -0.411525998038288 0.230786869141338
-0.350120811016665 0.225029411153939 -0.365965737721411 -0.0685748369793193
-0.164234113079503 0.289322395669398 -0.448743893040556 0.178841726740408
-0.0203423725803046 0.249502921494448 -0.0774527899739317 0.409422665818862
0.0441186830552221 0.280671359004584 0.293349433601844 0.178598359797978
0.126623298055371 0.30143968171612 0.252186158111034 -0.227577157777499
0.218787626948239 0.307946481947346 -0.0238895766824141 -0.393596764358074
0.317557564624913 0.35009864121079 -0.23800393296938 -0.417586450736639
0.317043677394427 0.397057701515628 -0.326339876181769 -0.420051413268159
0.263717506868152 0.478240733604171 -0.29269353499056 -0.451990822012748
0.0960375257799373 0.567981981378358 -0.131953176222016 -0.463352838308574
-0.203914830177497 0.554281598252053 0.117874606787035 -0.323847060304439
-0.484596611449738 0.40413306671929 0.0631755739255446 -0.136963625577754
-0.617324203523894 0.177804210919749 -0.0725231528181849 -0.104714727606762
-0.553589894082549 0.0151233752517585 -0.21520429181122 -0.230841927449112
-0.651126526879849 0.121991083829381 -0.205402245592705 0.169597961989434
-0.482398367460354 0.321604068808059 -0.341944568319818 -0.184438015342059
-0.253076765626458 0.363372588295683 -0.49169824729283 0.171299143049615
-0.108892517652935 0.326412800248967 -0.106945611641584 0.45344554072794
-0.0269790482079458 0.404311593494958 0.292670169584052 0.249096417784965
0.113267299146369 0.448766237795959 0.294018518017616 -0.126391038920521
0.26309867912059 0.460372752449267 0.078787197997433 -0.246540552667065
0.3956674480241 0.486823700686977 -0.0912374106726685 -0.255889156488091
0.403949720738145 0.516760969617683 -0.183354207122596 -0.239019584650374
0.339802551132603 0.601757214626645 -0.202408053701841 -0.255651468891943
0.141346871948195 0.705589686200443 -0.137784472793271 -0.271324075452374
-0.213661407095138 0.665070369755171 0.0268405045370873 -0.255002546515729
-0.478202807297169 0.472212869530839 0.0521212136299404 -0.214265387151956
-0.619300641084494 0.29601725823165 0.0764542919064071 -0.189607502440947
-0.623617197909025 0.126504310827259 0.0146352254533407 -0.237376408430317
-0.711797499797813 0.128637394285451 0.0406759804663936 0.126283989122356
-0.537461634920134 0.320352770903524 -0.265107461472414 -0.25284130205266
-0.345958517891275 0.327200224482111 -0.471761845115736 0.174322034014283
-0.258954200172842 0.358850347997958 -0.126090294089631 0.476104139231547
-0.136579916979265 0.508741227968206 0.252979891149507 0.338184930434584
0.0808433009188088 0.562271996986505 0.307905920097178 0.0350893695126551
0.277693797568991 0.552797790992154 0.185452729750885 -0.0452076697154374
0.412113950523735 0.547230832330877 0.0712694683511746 -0.0588018259682952
0.410193201726997 0.553086190830121 -0.0185334834511151 -0.0439546226069799
0.321736195538794 0.619034522050125 -0.0841635283917613 -0.0594156117741238
0.124438643278421 0.68711439565583 -0.111104390134671 -0.0794439056549319
-0.196440125724161 0.592234793676671 -0.0568267599028545 -0.178485529932354
-0.346420858485822 0.402995078238098 0.0421206460403071 -0.297099138549799
-0.472034385912134 0.351556271971232 0.218939856323787 -0.288398993141956
-0.584181081735631 0.229497693956048 0.243202622780143 -0.259435934582681
-0.640189869697494 0.11739066288796 0.280032430003811 0.122256676481972
-0.477116222512252 0.233235859617992 -0.118167240631243 -0.22788905953083
-0.389255218604468 0.194587216214366 -0.357901964401684 0.153662837708819
-0.390982604533864 0.321229730329091 -0.157239264250973 0.435603311351149
-0.228247282449788 0.538586699091002 0.153887573654019 0.441360424731483
0.0412103081332041 0.590728122127991 0.294439346009293 0.249316530145886
0.262006881315649 0.560225989857598 0.287422960028602 0.184898450029969
0.365211895835869 0.526490898050201 0.220869900755693 0.144132378082535
0.337035631707343 0.508422189926852 0.124416966638136 0.141547393244065
0.216689216939544 0.537262347606462 0.00460985092351948 0.105312202267485
0.0345521629454533 0.531354112056032 -0.103096590245671 0.0583569497420918
-0.176648831045145 0.36886768691918 -0.128937723292916 -0.14530488116122
-0.151178800052491 0.231734551318048 0.0585827489350748 -0.370828588840602
-0.252437691968453 0.342055941997904 0.331394022100217 -0.343574462763305
-0.466429266745445 0.294384654681298 0.424301400444612 -0.283113909918359
-0.455272305218404 0.109157547745183 0.468885467156455 0.148825685098782
-0.315260598078164 0.127474930980444 0.0662547440453253 -0.140864560058328
-0.329664824855847 0.0503452255804378 -0.207443160944971 0.0928083222548115
-0.400545125420263 0.228400483065478 -0.218850171832317 0.356541225073704
-0.236945687590553 0.450998961641719 0.0287807635983046 0.54473179355217
0.0139800543671011 0.492960222728151 0.269409290200321 0.473229704000169
0.208853169412732 0.466144529988514 0.372524720638944 0.405136892703105
0.264820541255523 0.426290111876782 0.33606976850966 0.32608655576367
0.208788013844982 0.399060873437879 0.217931655755023 0.297147499638445
0.0730666210262718 0.38535008901578 0.0286941509938776 0.219631734886838
-0.0628419242090365 0.306324559612664 -0.139393752685835 0.106795906104546
-0.129480594693993 0.113151303795206 -0.16746391624044 -0.181636274802631
0.038273010708595 0.0679878895043394 0.120039304687344 -0.409280470204337
-0.0533303725983538 0.298347089649214 0.40798701131655 -0.32073138740596
-0.316696563319706 0.300633293987328 0.542169289540395 -0.296142415514354
-0.198464692655004 0.113012695969811 0.572217003348504 0.173710572728164
-0.0906458303833863 0.0611717290136636 0.217462352855881 -0.0605168622707566
-0.156993174494796 -0.0387614881443063 -0.102567378168103 0.0182958318676417
-0.262939700658033 0.0969265482617911 -0.28138425662855 0.299508184194362
-0.161429080633547 0.24937946161948 -0.0554259835741778 0.627537696223213
-0.00810087052140918 0.286384758991382 0.257072413075392 0.640918656655994
0.116068196527525 0.285860229379847 0.433458647285507 0.562981390171615
0.12481828185961 0.26254044076354 0.404138482408393 0.452474565290557
0.0669748004574129 0.240099040777688 0.253553114982551 0.406802521351425
-0.0469060419833718 0.196363799439426 -0.00508350065868422 0.277062011890877
-0.115743709089965 0.0876099496900719 -0.193693223066838 0.0723706539647605
-0.0599777753444722 -0.0662794763377822 -0.143792456175151 -0.257271592851933
0.151074454124756 -0.0224802572861154 0.21812956417285 -0.385821991328773
0.0683164288234195 0.227263270907313 0.442874120422566 -0.228771315602044
-0.156795521445481 0.243534814217534 0.603448147817052 -0.288904072859302
-0.0291133729856575 -0.0950790454271024 -0.574624643795077 0.335279387438525
-0.122782748898511 -0.0699236090830032 -0.376944303415674 0.164604545166676
-0.118795428945733 0.0751211261713705 -0.303942881045592 0.337595688444079
0.0132586219387915 0.11744867946254 0.111693825328523 0.363580029478652
0.0917062837984307 0.063234612525207 0.283138236671214 0.00894341723154992
0.0900759415537094 -0.00750520374874092 0.0800955705828308 -0.321905855473537
0.0412741555019622 -0.0580944117582624 -0.230472402752194 -0.458949153041759
0.0231235091248007 -0.0579599269573981 -0.431584593841889 -0.48734338429767
0.0209204623427776 -0.0464721060502916 -0.481215402334373 -0.549870110761216
0.0564190377334307 -0.0356629705651018 -0.352642635327245 -0.631653580676413
0.0920220106032873 -0.0144940215874862 -0.0647644905991731 -0.624604477664197
0.0853664206583017 0.0732968422285279 0.213232563810125 -0.361620183454204
-0.0758128134364373 0.164356481713445 0.0722001031132673 -0.0580466896597986
-0.18660565197219 -0.00238929843575341 -0.212112579776922 -0.0432379861713191
-0.101218920605529 -0.104120176227373 -0.493800817382708 -0.200036551652743
-0.236097551824502 0.0206978201125901 -0.51125516424706 0.312183056414673
-0.197732458869468 0.0851926866350374 -0.361769034357203 0.0676630697784988
-0.106418917205253 0.171139853326416 -0.365540643294663 0.25364809274347
0.0141730470421644 0.168047281021454 0.0158341864436787 0.381380546458927
0.0868409892461055 0.16207282860114 0.292753759153705 0.0881122595479089
0.131017856886217 0.136589956519563 0.158051665463236 -0.296420633188665
0.153761922112815 0.110177368464846 -0.157441159858503 -0.450797261591848
0.196826439121612 0.136383299067964 -0.381394263608336 -0.469883821873789
0.191487340633114 0.176939771954726 -0.454104045829309 -0.499732760355427
0.170438856044557 0.232974160347356 -0.366787758251279 -0.562202949030462
0.0876189474026457 0.28957107687968 -0.124989177903344 -0.573097213713341
-0.0780181249568244 0.324430454509197 0.166279604171856 -0.362339836758681
-0.307468262156931 0.29153726914245 0.0584554486639323 -0.0825160029296889
-0.437194509513447 0.092108901764452 -0.18398045914895 -0.0519281919400906
-0.359865940638639 -0.0398686111221119 -0.407123355999635 -0.205106860645057
-0.452892251383529 0.119043607838431 -0.383311941537946 0.255907085817506
-0.317496743671868 0.246765309151843 -0.364142121560615 -0.0394624193473145
-0.132120721002027 0.292179931926705 -0.419779701163823 0.209178444051068
0.00281254405239626 0.240887826098033 -0.042860125584533 0.405926548657172
0.0684385956915346 0.26634346433691 0.301919799870548 0.149932792966469
0.149673335532647 0.279697706208434 0.224090835949612 -0.244329716281364
0.240616873345255 0.278330461385206 -0.0586761095613649 -0.380820465562725
0.339728964277158 0.309655886117642 -0.267628950882665 -0.384452749056302
0.346440055560088 0.354733193260696 -0.354138371049971 -0.378065096933501
0.300115208594713 0.440241038701312 -0.323647604395386 -0.413951049355629
0.144628480022408 0.538373949782907 -0.167318758129392 -0.436986776665871
-0.150338139372041 0.554434855398366 0.0887844031220208 -0.326438031898984
-0.437013596402693 0.433530747893228 0.0464224241379651 -0.138434742104489
-0.580766769154115 0.225664648915802 -0.0813167844954044 -0.0985455694443439
-0.536883411665134 0.0575067510974424 -0.232165664649646 -0.212159605062462
-0.619716768287524 0.175035208659351 -0.189280413369248 0.180529278493987
-0.439189289434695 0.35478875856033 -0.352680089633042 -0.15293174427491
-0.211739848703044 0.372089986659519 -0.463097094201381 0.207333431616254
-0.0759837919772038 0.323145775180637 -0.0669110704323562 0.451900442805718
0.0105723682333745 0.391771286401941 0.308505667643064 0.217503138464907
0.148818286123792 0.423880858348465 0.273601326091179 -0.1513337721908
0.297683079703326 0.421474008278204 0.0546556235454857 -0.247469692968197
0.42807217315298 0.433671591744712 -0.109959482486642 -0.241147860924298
0.441969563106283 0.463445608892108 -0.19812815485952 -0.214559583326128
0.384885804928781 0.553738439682916 -0.217671490093271 -0.230549285311896
0.197805848074573 0.667587899735563 -0.153542055574012 -0.249369973650168
-0.150117068745461 0.662700976159402 0.00655811696751545 -0.251217583997036
-0.42355532784946 0.498619000794489 0.0266943425883291 -0.212161056729545
-0.571864236882334 0.339841319812604 0.0552140322894113 -0.194786827971238
-0.596487531404849 0.169810757134736 -0.0100122165440788 -0.23569243817193
-0.681100444369501 0.18551207936073 0.046657632330096 0.120053957961581
-0.492101035786795 0.357564630312622 -0.286654696762435 -0.224443745007219
-0.306430518240381 0.34628530997625 -0.445627114830238 0.211160664091309
-0.220024229228897 0.36769366387194 -0.0804946783266349 0.47667917782734
-0.0877073742194752 0.505185104850064 0.278930482038979 0.306265034015016
0.12638879303736 0.536071592986676 0.300767125365566 0.00381068027016212
0.320533235880837 0.510185832095193 0.176011871629385 -0.0622425699512429
0.449127818177713 0.491706925565782 0.0662387834122704 -0.0648298233227697
0.449325364980581 0.498086083826458 -0.0203738624627351 -0.0403162191227515
0.36960824679637 0.569769960528416 -0.0865342791069438 -0.0507923227416291
0.181557006738585 0.650887035670275 -0.110874211136122 -0.0659587474355156
-0.14012825665358 0.588015141073375 -0.0685182908997725 -0.16894104294235
-0.300881673280997 0.417004942265156 0.0100766281819559 -0.292315300171272
-0.424116562437721 0.380213479529422 0.183945880936456 -0.301366522458344
-0.548208669106642 0.268182550075971 0.21020103649546 -0.273590393721018
-0.613221089845791 0.168317534480689 0.280807741180502 0.097313864053638
-0.440840795915535 0.266550028255489 -0.141614897978996 -0.211043316740873
-0.359875281972334 0.220806525277258 -0.335495459479879 0.180476130035833
-0.350332868935456 0.343821421631205 -0.11537441996935 0.437623311074674
-0.175322362876923 0.542820122477929 0.191651764399491 0.413465238391893
0.0917762758480455 0.568301975016479 0.305169438860773 0.214290816552524
0.306019867000474 0.517169779493143 0.294413751494892 0.151755561818986
0.402356894858631 0.47628756880502 0.230417558800193 0.118965349896329
0.373754693643404 0.461337883217668 0.134810499212117 0.126320029054477
0.259751549790539 0.501959623750464 0.0133229644204474 0.102604638280424
0.0823664382098979 0.5101291532484 -0.0920304766145205 0.0662377767845996
-0.139301292532363 0.370518117515361 -0.135360215032271 -0.130753215841283
-0.125107477092126 0.231327531454871 0.0186152121599658 -0.364126817826405
-0.211030952278696 0.35186295106841 0.288406142761458 -0.362618121894365
-0.427321261519022 0.322847971488501 0.385018612443092 -0.309393508414082
-0.435426865590926 0.142545481619051 0.469192277751224 0.108035850780164
-0.29313825794419 0.149465614448147 0.0477945257193543 -0.139569464481415
-0.31473591473426 0.0753921837980319 -0.194494263262089 0.10804125168583
-0.369443884961284 0.256332381894171 -0.181789744543931 0.363793928667154
-0.192886169758936 0.45971886283851 0.0776909849384173 0.523911992384068
0.0560395917052708 0.477953845584538 0.301568196909729 0.433609602258479
0.245796003748538 0.430999819650235 0.396136985962703 0.357787386794784
0.296162557359014 0.387180858195156 0.358007989335633 0.28564044698704
0.239776097434728 0.366889222113899 0.240046862056292 0.269957593880508
0.10638687008902 0.366864157551338 0.0463772298388671 0.211933122996208
-0.0335849953730229 0.300038839701646 -0.125199998496732 0.116825448538015
-0.114791646392169 0.116815837840742 -0.177347026823745 -0.162128127203028
0.0456296617421953 0.0577433275805279 0.0775223392772151 -0.407534535720923
-0.0226850846513781 0.292280805511606 0.363927785330724 -0.345543320886594
-0.283016650916999 0.318967206585635 0.500994125823979 -0.33010345374471
-0.184779605013547 0.124591013550805 0.573353144703577 0.123377068423514
-0.0806764686602022 0.0658017021322978 0.204024090377014 -0.0727439003483682
-0.154345265541679 -0.0251849596853589 -0.0997937767443774 0.0261195340476896
-0.246478773381879 0.11793695793453 -0.247959817419823 0.314515049360309
-0.135580202227742 0.257451983642735 0.00017958815033115 0.610686854081611
0.016888597041761 0.279413286780465 0.306052970522053 0.597549125143862
0.139017685942698 0.264888009971784 0.469758545668661 0.504275693175354
0.14477755336025 0.242229919999564 0.434814376775826 0.401542491364081
0.0857888159405624 0.226398883337421 0.285044454762779 0.370566918605101
-0.0283458570085529 0.194987324995503 0.0183285317281967 0.270112003593237
-0.103423831576715 0.0941765846563964 -0.182131864593692 0.0864610397989838
-0.0623118120016512 -0.0615271426590671 -0.160963265336475 -0.237335732564505
0.146902298156298 -0.0384182097072613 0.176986855646867 -0.392760267771119
0.0881030376625526 0.214479551840983 0.407610618956187 -0.259106320886435
-0.130173499951667 0.250790844566318 0.560592771298523 -0.328879687887319
-0.029860271631422 -0.0878073677641575 -0.532626316025972 0.340661864567064
-0.119942682535369 -0.0611444399051662 -0.35169361377934 0.167399188292887
-0.109839320107936 0.0762795158654071 -0.270995334660081 0.331920348740407
0.0164796456454204 0.111258799245025 0.121818861472422 0.341108191425967
0.0906390141735118 0.0551631604953813 0.270862824553123 -0.00214841758780366
0.0863499426624277 -0.010816771129403 0.0597424018504019 -0.307314322561907
0.0353826132994739 -0.0550734299653698 -0.241468573198806 -0.42149028204002
0.0186406919296566 -0.0550581520883267 -0.435014780417622 -0.440875900401673
0.0196299507205897 -0.0459867017253663 -0.48162316258215 -0.498615200360309
0.0529591063542523 -0.0371886511244343 -0.362489194633366 -0.581709919187489
0.0855097703102481 -0.0188070921801045 -0.0910994257104528 -0.586631535185525
0.0834116807934605 0.0656624857131029 0.187497045018846 -0.354556649080299
-0.0639126110577693 0.160610908684774 0.0654635685983586 -0.0573269741744315
-0.177857580679369 0.0060960126130816 -0.203156119248267 -0.034374375647507
-0.100979085812717 -0.0946380971655587 -0.480032272876185 -0.174459498250106
-0.22123719937596 0.0316249978881877 -0.475483760993673 0.317787534021604
-0.182946481435248 0.0892050473500837 -0.341222950126254 0.0760002911761781
-0.0922757403212705 0.165112618577723 -0.334572820218822 0.254653570405683
0.0203369554646539 0.157500009191942 0.029668417416542 0.361809222467397
0.0910388220233468 0.148093471221273 0.282324586134968 0.0725772714277349
0.131097308179681 0.122618602987018 0.134993048423188 -0.288730714048369
0.150928663676132 0.0987450064462301 -0.172630080964101 -0.420069480768168
0.193311746695751 0.119213664584933 -0.386363089040047 -0.427385790847369
0.192164649068958 0.157240591872594 -0.453566370168176 -0.4509301976648
0.173981329052381 0.212229304906382 -0.373452403266729 -0.514704543915195
0.0954711777070335 0.269327746467808 -0.144123155326147 -0.536526911445835
-0.0601963434276346 0.310415525451679 0.142086644126163 -0.352993011204007
-0.278805928737557 0.291151051886194 0.0503584652290852 -0.0800488502072391
-0.408413096164377 0.106976698048733 -0.178327621675236 -0.0439773980256128
-0.344347709192379 -0.0248907976855835 -0.398343515290419 -0.183534214419963
-0.423082787334564 0.133892114636359 -0.356877987962248 0.2598202265826
-0.288064696602531 0.249061024238764 -0.349847962235885 -0.0250168740520212
-0.10971394800845 0.28184017257771 -0.387406499064307 0.217142419769885
0.013806320457574 0.226244676014667 -0.0244119418169765 0.388772287749209
0.0783715970962839 0.24617472565911 0.294433285934804 0.130324146323353
0.156241323189853 0.256608762207476 0.199377512918097 -0.243093820022446
0.241505103556535 0.252759777466734 -0.0750706473713213 -0.358101077290499
0.338443046770109 0.275162844089772 -0.274098960908007 -0.351383919514814
0.347523736287632 0.318787283257255 -0.352807442218952 -0.340939761970147
0.307562171689144 0.402073573262408 -0.325628782903366 -0.378425579407419
0.160458455601703 0.502764596002874 -0.175021510526666 -0.40496723904213
-0.118788924351154 0.531521788575512 0.0700174453868583 -0.31563734723889
-0.395662896096539 0.430077462256563 0.0347590017143557 -0.132137848019709
-0.538427012845876 0.238459986504673 -0.0835332537175222 -0.0938060796857641
-0.507938980926485 0.0757801042748192 -0.233960757521997 -0.195459769121781
-0.580098356057415 0.195413695588614 -0.175574709429896 0.180379358851661
-0.397087721212299 0.3551970026077 -0.34716009738052 -0.131632523792798
-0.180402890567151 0.360986441040356 -0.429835982741916 0.215847033564555
-0.0553727872888199 0.30700810709647 -0.0445132201718277 0.434373143330971
0.0288681761929325 0.367377537756118 0.304810563431372 0.192788266491275
0.161380255458814 0.39250711016137 0.251752556960122 -0.158716509826125
0.302348353490427 0.38309192797669 0.0388782722036241 -0.238159864072581
0.427621052772991 0.388594773428138 -0.114924672023665 -0.224424702664637
0.443071895326134 0.417303219225828 -0.19605554991747 -0.19512601490564
0.392149009200994 0.505207873439469 -0.217503643497471 -0.20861234222554
0.21910875908922 0.620447950642652 -0.15374688868955 -0.228722581376293
-0.111611488967058 0.63240378686622 -0.00381831590027585 -0.240192365722561
-0.379434572924736 0.488714108521223 0.0112376814417751 -0.200759740709624
-0.523927211792315 0.346454110927752 0.0396057979253266 -0.190218054514583
-0.56017691094057 0.185898494163392 -0.0246220912805697 -0.225782353228452
-0.63871258842351 0.206666401559599 0.0464897360848391 0.113270200052882
-0.447818305802231 0.359878881017178 -0.28858678455647 -0.200921818352359
-0.271155329774588 0.339592782327683 -0.413339565002996 0.219549280924993
-0.189254537337411 0.357470694793059 -0.0561440170093788 0.457320929961598
-0.0600631846630452 0.481622285412195 0.281310981251709 0.275274573987819
0.144125846731231 0.500691406262133 0.284460827921823 -0.0134479507992541
0.329014508371442 0.465787507442239 0.163065004112 -0.0691725267929142
0.450326558813125 0.441289976509725 0.0612529416825179 -0.0669601869546473
0.451793449382681 0.449073195494741 -0.0197577447496852 -0.0375556980533769
0.379633663362496 0.523467609303113 -0.0848538045124645 -0.0439446148501119
0.202246869286194 0.604796919510527 -0.104269695936507 -0.0571215231199372
-0.106663218975864 0.560574655941349 -0.0709599823267707 -0.158287975597631
-0.266404838710805 0.40514738039131 -0.00893182492116405 -0.27522386892145
-0.381495499844917 0.376700407740353 0.155568621350942 -0.296348559719002
-0.508310871308098 0.275345915230494 0.183034745211529 -0.268411575105659
-0.576078363777591 0.186590191460117 0.269619400788684 0.0821641933466746
-0.4042771337704 0.271247350182788 -0.15017495254772 -0.193035988539353
-0.328935681451742 0.222679729551367 -0.311710854378415 0.187491126862513
-0.315684916105369 0.341444539339918 -0.0887401902933326 0.420949966118385
-0.141054051748868 0.52434943686716 0.20327910225164 0.379881169268178
0.113048433086239 0.533243468565351 0.298075265945809 0.185032032009809
0.316415116053432 0.473001761988889 0.286180997277378 0.127546819433729
0.405217693713788 0.430556251870432 0.225875961618534 0.0993745243497673
0.377400720046164 0.418422868311575 0.136020835930406 0.113786204246121
0.27332505990365 0.463485245384405 0.0170236485389017 0.0967632189707183
0.102033894242065 0.476125413315168 -0.0815523043500211 0.0672902506647065
-0.116618560154627 0.352831101219072 -0.133648990665266 -0.11775029542365
-0.107024155473061 0.220254224683942 -0.00343523000397546 -0.344964781680103
-0.180288613856534 0.340479113777264 0.253057979069365 -0.358458689365574
-0.391785695721721 0.322296238549141 0.34945855731424 -0.308325740639941
-0.408320174044213 0.15434879619386 0.450981454611094 0.0842530328974829
-0.270337638995976 0.153987567069992 0.0348682271168484 -0.131595933554422
-0.293086617667395 0.0837098197507579 -0.181608447057597 0.112564557190178
-0.337226564324676 0.261255654251226 -0.156541896984763 0.353319928395973
-0.162256273985521 0.446968824530237 0.0988435675105742 0.490403309324554
0.0754891469907528 0.451026976556114 0.306005193388659 0.393974513898256
0.254604255699917 0.393449188531575 0.391492210607483 0.317831805353058
0.300280340811876 0.351695666780891 0.355134017709164 0.248521016261937
0.244206395357 0.336393392256942 0.24268280011106 0.244443661071961
0.118671959171949 0.34245455396415 0.0535633979843218 0.20050926571977
-0.0169892888417221 0.283335178188276 -0.112061831104912 0.115495585332571
-0.103078048484476 0.112789740742712 -0.175679841199795 -0.146447503033634
0.0474102667009483 0.0477831600170386 0.0524398602240976 -0.390064252466538
-0.00523527691873288 0.277353695019728 0.327748094836639 -0.343220444147665
-0.252665897301282 0.315059812157538 0.460751052933635 -0.332370064131342
-0.171678270483967 0.124426205740304 0.553351256773758 0.0927031152611718
-0.0725029971626906 0.065441411168385 0.190469481448305 -0.0729826699139632
-0.146144813230888 -0.0179012745824711 -0.0946339628031903 0.0290181223216576
-0.227592031758182 0.123454703819628 -0.223266577130419 0.309186394335775
-0.116868433697418 0.251758883627739 0.0274613714396567 0.577092837111145
0.0287299773336069 0.265012362697843 0.319914235592518 0.552279521335641
0.145193584042842 0.242202577030834 0.46813907771886 0.454305589443464
0.149188992507854 0.221278216796305 0.432872976567792 0.356062268117916
0.0915387971522534 0.209612944709753 0.289662559013806 0.336434310599324
-0.0177493111767165 0.185953782408632 0.0295396080604838 0.256258367642299
-0.0927283477848436 0.0919108044457412 -0.168714784889272 0.0897078664139818
-0.0606178350497042 -0.057690115321543 -0.163865515845416 -0.21909872576035
0.139386820323497 -0.0457458251702955 0.147153087081407 -0.379138943209572
0.094409040617485 0.199305963088813 0.374020624324577 -0.259520199632093
-0.110696179725709 0.24412322494367 0.519263304442314 -0.331160130328054
-0.0268593436265239 -0.0839435136364564 -0.517034881133908 0.330687884311407
-0.116529756656919 -0.0585593639649137 -0.340020849433418 0.158900143290861
-0.106586730263448 0.0742964261242301 -0.258789311430924 0.321154201170308
0.0157318436691735 0.108414405840301 0.119142435917035 0.329015728975196
0.0885779702862152 0.0524967784916167 0.263104082208925 -0.00108319771921541
0.0848896087305011 -0.0115190456488011 0.0552979185535075 -0.295735744352689
0.0344742816699713 -0.0510481696295477 -0.23907676687202 -0.400845275676106
0.0173412597153992 -0.0529832913425448 -0.426405403020313 -0.421176391610839
0.0188505385938127 -0.0450510327975958 -0.468928289901657 -0.474908133845396
0.0522619569602213 -0.0369174827709781 -0.353738165484293 -0.558144799673233
0.0814297445344518 -0.0192961621476338 -0.0904137083985112 -0.565085893289099
0.0802881004350412 0.0628088871846148 0.178383686230942 -0.344065722693279
-0.0599258751446129 0.156728224902238 0.0631509518961331 -0.0539769405366885
-0.171111818903692 0.00584092227503953 -0.196690621659857 -0.0341272617589886
-0.0986412609805879 -0.0911926379904349 -0.468087421864851 -0.171590153709715
-0.21046451505061 0.0332019141047184 -0.461185850208411 0.307837562818738
-0.174318221724476 0.0863688957664294 -0.330877062765626 0.071561810397058
-0.0876038728749538 0.158626679125088 -0.319902040693929 0.245578404320527
0.0203101127178267 0.15142255728767 0.0293266037424699 0.350511552529578
0.0899324015174306 0.140832303430011 0.275250868349109 0.0710607181854623
0.129133019869157 0.116572869978478 0.127719176861395 -0.279407491186199
0.146511215084814 0.0950805963331294 -0.171044302838383 -0.401642251322594
0.188349261381506 0.112742232578503 -0.379949622312656 -0.40690394122081
0.188471180596972 0.148594793352992 -0.441661710501433 -0.430931163975625
0.171108228999921 0.202765383337652 -0.365197748232846 -0.49522139390212
0.092881474976289 0.258588528761369 -0.140077674112934 -0.515066428728932
-0.0569790468756827 0.300581592569246 0.135900056906713 -0.343260905654209
-0.267933874282835 0.282957125506542 0.0465218279474582 -0.0768265327944078
-0.393405079645106 0.104544296451672 -0.173069588742688 -0.0437616919987238
-0.333197092250128 -0.0236499850966594 -0.390904414770647 -0.178553040586037
-0.404616524893076 0.134198742149061 -0.347251177940431 0.252123228053417
-0.274138765393183 0.241225352967659 -0.339832357268425 -0.0243187540719011
-0.102294520610001 0.270698361808351 -0.371812123967201 0.210104459375947
0.01605653888267 0.216487638150632 -0.0233011369417014 0.376986839436541
0.0793589900979837 0.234135525201404 0.286951792991408 0.126435548447603
0.153095340048799 0.243433385337056 0.189885046350724 -0.237088638974576
0.234795335675054 0.240586411525571 -0.0771224257806698 -0.344563940614231
0.329249392785585 0.261142545185009 -0.266771938242825 -0.335680527177437
0.33981402058766 0.30204745585988 -0.343388800108434 -0.325717539605031
0.300983317812013 0.386074811907439 -0.317148210680547 -0.361824923762952
0.157334035523986 0.480953988197256 -0.169617689502265 -0.389134118211529
-0.111574492405193 0.513719312862535 0.0662415477151725 -0.306834872934048
-0.378350843682887 0.417550708958764 0.0295513900315478 -0.126414402835537
-0.516270198889628 0.232514780420418 -0.0833747573520182 -0.092869789420789
-0.492176049469005 0.0711651760854113 -0.233005830953794 -0.190798874022605
-0.556902003373703 0.193189490877198 -0.173098466828637 0.175052747626967
-0.378739773980519 0.345562866004055 -0.339817643280406 -0.126207130384374
-0.170235782058781 0.347790637893224 -0.415147044622284 0.209327890758703
-0.0492258124401337 0.294598792376493 -0.0410367706983999 0.421285286477833
0.032205128718633 0.351776909752492 0.297801275328986 0.183557475048332
0.157492403875923 0.373684138245126 0.239132899253014 -0.157227201469486
0.294992179781325 0.366327690271018 0.035090153859579 -0.230937230629737
0.418022224493367 0.367893818827444 -0.113052945654983 -0.216476911892807
0.433394904063585 0.396874305232052 -0.190150386263479 -0.186093610944864
0.384660555721767 0.483314089754268 -0.211327446198784 -0.200469458999882
0.215329154875188 0.59570322322839 -0.146840852054019 -0.219287392999101
-0.105056908266744 0.60945804130107 -0.00470261802012674 -0.233539694675716
-0.363819008848647 0.47260107791439 0.00541350042733273 -0.191899658649892
-0.500251519239965 0.334777407232201 0.0327340620330095 -0.185132219324372
-0.541803616475646 0.17958063542379 -0.029817800361875 -0.219262388624602
-0.614102889023426 0.205159025244777 0.0428488985617138 0.110696168869559
-0.42770561698044 0.350584354454301 -0.285148349253562 -0.191488852778834
-0.25738153119262 0.326753509879358 -0.397916569625472 0.214989360120037
-0.178493930613691 0.34366735048744 -0.0506956872075526 0.44337938471777
-0.0522588936993515 0.463352974923378 0.274778439873623 0.261888031973894
0.142069262700458 0.48047847345986 0.271803362451425 -0.0187009343546129
0.322202860686091 0.44319893912962 0.155367840444801 -0.0705438528492732
0.440116500953813 0.419645267111788 0.0600686135776298 -0.0667452468905404
0.442325308073636 0.426664406213893 -0.0186143195880398 -0.0360327954321806
0.372789762759896 0.50026621023296 -0.0828984422863426 -0.0422925021886872
0.198666553592192 0.580065788373563 -0.0973416288935517 -0.0542586764204405
-0.100100052893009 0.540011032198619 -0.0685483580564762 -0.152925656453844
-0.25390019990166 0.38831930707694 -0.0155624358756361 -0.263813670385156
-0.361458719855483 0.363406863701583 0.144178508096413 -0.288104507861935
-0.491342827902005 0.265205444259195 0.171876497088656 -0.25934919824567
-0.554649909395983 0.183768804254038 0.259556761798302 0.0791116820425003
-0.38571726763402 0.264355015465148 -0.15092944136021 -0.183095471478163
-0.314352832793774 0.215316090371284 -0.301172832675239 0.184391944525538
-0.3009113967295 0.330811091012466 -0.0842147006106737 0.407592750472403
-0.131377520453841 0.507018623686183 0.198865139756619 0.361997883218331
0.111718098350312 0.512953740444088 0.287425375690658 0.173058218695979
0.309442798560048 0.450730490255181 0.275168198840935 0.118172289920797
0.395992646876261 0.408373480583381 0.220231962361829 0.0908361946443582
0.370841121988231 0.398050162716708 0.133745798004042 0.108219378846632
0.269013225168818 0.442951479350999 0.0161831060276924 0.0936256435542984
0.101643291596941 0.456389293264602 -0.0754651241468428 0.0645925958799017
-0.109182470673433 0.337672168662409 -0.129423163575618 -0.112911292396819
-0.100780613798371 0.207847990456412 -0.00951589379404797 -0.33174180426453
-0.16869981391883 0.328386645790292 0.237635403019572 -0.3470081739128
-0.377366290817416 0.311117983043947 0.335185335299958 -0.296736962658542
-0.394728015016118 0.150554639473525 0.437133489430768 0.0804149449991976
-0.257735617608329 0.148986568312997 0.030366587667041 -0.124290382161641
-0.281228095833885 0.0800132480715826 -0.175675716833826 0.110366125425321
-0.323544160635079 0.252917178679859 -0.150109153102843 0.341148972292284
-0.152514683946553 0.432941359452648 0.0977215865307984 0.468451202041248
0.0757890989740248 0.434979417344562 0.298277364678378 0.374769448557881
0.248598073495133 0.374969108520166 0.379970682641128 0.30092833615161
0.292255415159939 0.334761856657741 0.346808658174885 0.234423329240184
0.239934242198301 0.321162543979624 0.238500708409657 0.233148243698483
0.118616073923533 0.327780483302136 0.0526047106265548 0.193347886684208
-0.01347516353558 0.270196514902892 -0.107180037071503 0.111634783221676
-0.0984656189654216 0.10627887068373 -0.170470930311462 -0.139984511762401
0.047219564392993 0.0413065559631205 0.0452559296830607 -0.375631122441991
-0.000287990208044604 0.266521805748837 0.310805806163836 -0.330265681578627
-0.242154955896285 0.30272876389372 0.442944197154512 -0.319737540426152
-0.167411772175721 0.120007975019466 0.536958139619176 0.0874666336139706
-0.0688724732045519 0.0625089581889521 0.183975992802722 -0.0687222131700338
-0.139970864234914 -0.0182423842451151 -0.0925566812486455 0.0296672856837107
-0.217991961381405 0.121182488353582 -0.215441897277333 0.299769354467058
-0.111190642703279 0.24591529777306 0.0314581548154363 0.553833976883688
0.030216797583161 0.256172258137461 0.313409218842062 0.528370496182438
0.141702599141677 0.229622026247598 0.454280411224312 0.431026359465302
0.14591905959852 0.210750985161329 0.422485302255891 0.337937243592951
0.0903564009381929 0.201513738268561 0.285414067682367 0.320727246056739
-0.0157264292438201 0.179199434280943 0.0306492898359811 0.248001817424776
-0.0882953508025731 0.0871745954460355 -0.162718310017899 0.0865336972208385
-0.0575389547743893 -0.0577209362068131 -0.158800807055171 -0.211106703536398
0.135565006940708 -0.0471514541119452 0.14010349103055 -0.366997063337869
0.0939681830496643 0.19201741829079 0.357380537310749 -0.249766521052142
-0.104649730120716 0.234969747179143 0.501278575338964 -0.321088000242481
-0.0112735699347558 -0.087863194131111 -0.554151649500899 0.261038364076114
-0.105432946657332 -0.0763717134830813 -0.356485074231751 0.104966898839893
-0.115964605619366 0.0562535268022379 -0.300064041238142 0.274275250956271
-0.00426862993687416 0.108701569074611 0.0711270352473973 0.335039846944697
0.0787325386745421 0.0668038090003753 0.258003272499709 0.0357473324034412
0.0852781633134952 0.00250660090360065 0.0933101968967933 -0.281720564435415
0.0398788613865656 -0.04382062374421 -0.189283622213566 -0.425702065046358
0.0212575947894892 -0.0505298429859412 -0.360775882121192 -0.475722293274132
0.0183386570149273 -0.0416413555515343 -0.396514915276889 -0.542557100280476
0.0517194703334536 -0.0307349347562304 -0.267796638740118 -0.606440089845594
0.0755741963709181 -0.0100481450552912 -0.0034096937627805 -0.572984009952579
0.0639483860297919 0.0719106761357522 0.231951453249758 -0.318706758045662
-0.0812176441651245 0.143678210629847 0.0740839221325336 -0.0420548550775039
-0.16937873622757 -0.0195897757860167 -0.187432859653948 -0.0619993878121263
-0.0861235913674173 -0.0996574853549426 -0.443969606324369 -0.251701281954704
-0.207579431959051 0.00482666327319383 -0.497340278174759 0.230964297085614
-0.181316786459422 0.0583041831060416 -0.340173809035632 0.0123576171096565
-0.107408484399703 0.141064130409626 -0.356087241319999 0.188325977625602
-0.00497459143164916 0.149754880070618 -0.0224304903498676 0.343593992639675
0.06647637614719 0.151342121503645 0.258682606601917 0.105362588258488
0.108733034306357 0.132520250647399 0.156761607080392 -0.25874671105542
0.129255326786782 0.117192719798631 -0.124762304934973 -0.422974894941437
0.166096762336169 0.137498183452599 -0.315201133670559 -0.455532077993925
0.155947407071045 0.172345950843827 -0.372062455375045 -0.493928199559588
0.133162378177967 0.221844569500747 -0.282002688565874 -0.547277485472692
0.0434412513857429 0.262096774715973 -0.0552804362220859 -0.534545814949571
-0.10941196092245 0.283555448621969 0.192969213760928 -0.326110844915953
-0.304879442618624 0.235928836140925 0.0636586016997392 -0.0635158881558922
-0.40133896061069 0.0414097842919011 -0.158893621214011 -0.064387603374065
-0.328457288804753 -0.0746712104714156 -0.364384682460175 -0.244895889803235
-0.412602629527312 0.0796505121585007 -0.376822054571927 0.172762062551827
-0.302317995642307 0.196986310187937 -0.340754827594832 -0.091650526610432
-0.136229668329364 0.248316146767032 -0.409066798679813 0.142214819726316
-0.0180727573374791 0.211323259517482 -0.0781072321128592 0.360702677030587
0.0412825085405021 0.238676038359656 0.262046152571576 0.156783508123242
0.112969281608145 0.260434070729012 0.207892723791211 -0.214088819852545
0.195177380396599 0.274465053924648 -0.0376467905105376 -0.358005659938841
0.284405696306714 0.304572113707315 -0.215828044530292 -0.369051824950579
0.283939350439651 0.346155505362469 -0.289607229789577 -0.376253845051706
0.235781262335314 0.41870126653199 -0.253709840392202 -0.412450962559008
0.0742364501314807 0.490337633392432 -0.0986461876240891 -0.415371140176914
-0.196726824815268 0.484222114142743 0.121771569328662 -0.303034693265669
-0.434865781785052 0.349117767876546 0.05637431264809 -0.114596291031833
-0.540991852226138 0.1445272730555 -0.0595717747626844 -0.0965349287377299
-0.50023172656608 -0.00832059935415999 -0.202241915238112 -0.22896884691016
-0.572891537148425 0.11995646318746 -0.1898175055782 0.108725632513911
-0.419239381440304 0.284510454605765 -0.32931464528278 -0.199322356807807
-0.213400296770273 0.313249186641256 -0.452240435382725 0.133279528523183
-0.0937221029928948 0.276550830433126 -0.0987544351765959 0.39669039542958
-0.0236453218994067 0.345192647009006 0.265636229773444 0.207256305052789
0.0978720231672888 0.388294472511716 0.242262346812971 -0.133317278857064
0.236690665237602 0.405790332516271 0.0583844804085669 -0.235598891033189
0.356465949888133 0.422781682394319 -0.0782114803239695 -0.229197799944711
0.36270213751939 0.450430957197218 -0.156485113952387 -0.215264437731992
0.303513838733959 0.528719941966444 -0.171030396104294 -0.238236476911858
0.114825086675957 0.608141472861269 -0.0994403870444028 -0.247168451777731
-0.203432004843346 0.581490037809447 0.0395839813730987 -0.241788283249712
-0.43031894943545 0.404074660419241 0.042588493129455 -0.184439306322588
-0.541480360168922 0.245523475029659 0.0718459019017699 -0.172650650174204
-0.56589726730242 0.0850991804398971 0.00789191606884355 -0.222220608997212
-0.632869735942147 0.123797228366565 0.0354693410536921 0.0679250751802708
-0.46844055534934 0.283631281330014 -0.266340191807604 -0.258288095741996
-0.296742780920932 0.282420113785864 -0.434729799908847 0.137325067531823
-0.227840505709332 0.304116373781089 -0.107498845035054 0.412726380846637
-0.125332805077315 0.44133191708693 0.234452210700589 0.274187171257919
0.0648728766712403 0.490403857491345 0.252330859621422 0.00322603673887094
0.253144980598291 0.48831118337865 0.158114687320916 -0.0637687567909408
0.373416926693525 0.478400846160996 0.0698725492704825 -0.0573635308201454
0.368766343483236 0.481380070541575 -0.00829613988079992 -0.0410629122398673
0.292697529634605 0.541515106365122 -0.0674247203532925 -0.0604491810401743
0.10471131720587 0.591887123127348 -0.0767338176279375 -0.0760184727046927
-0.187559123063987 0.513365959982355 -0.037805346234128 -0.16977772543138
-0.311159910560714 0.336514141716608 0.0295569239581351 -0.26007652977407
-0.411784558258487 0.294352670138581 0.195518491338291 -0.258963771587207
-0.530508447316936 0.175427389487995 0.218629633688911 -0.229253064335346
-0.574126663273822 0.109573741239415 0.256313735114485 0.0699685224229098
-0.41585068869915 0.203213478641948 -0.130638246097915 -0.22606431447174
-0.337621776867795 0.162331435728193 -0.326213099271295 0.121128118476479
-0.345685235902301 0.27267040262082 -0.129423730605944 0.369583106287972
-0.210926248568038 0.47256139371368 0.147570763439937 0.357614627077918
0.0310665470225087 0.518128662078707 0.241166441079508 0.193646419144303
0.238996785347927 0.491173787552651 0.253027876889174 0.138006639834882
0.332068592803315 0.462356315052664 0.205310608221434 0.120796911994838
0.303467483823291 0.444180927607474 0.122461490685521 0.125018726994775
0.199850278845631 0.47190119392186 0.0086602295711522 0.0903515922705404
0.0307398223213291 0.457348611594991 -0.0760381164963457 0.0473752753263203
-0.164285176032226 0.312585142907988 -0.107154589061015 -0.136224031004359
-0.134322842890775 0.180680976455624 0.0421204935152546 -0.328710165210197
-0.216294670638287 0.290549301701976 0.294833328313299 -0.306178233993821
-0.424841514897575 0.236564184920524 0.389969042156603 -0.241006623025843
-0.411868869412836 0.0968484148407895 0.430145895209854 0.105770077742232
-0.274820710223712 0.108596758313666 0.0470537895557098 -0.132069874866306
-0.287992759162111 0.0349340866394209 -0.184514438416026 0.0711336684432371
-0.355566831166943 0.19524231532374 -0.184711033591103 0.298607109070715
-0.221655395525841 0.400079919624062 0.0336500173828013 0.452784624959825
0.00787821735715041 0.436376076426032 0.228161641735769 0.398256721046537
0.192352627321521 0.40821317720585 0.336133289974515 0.335196218495772
0.240777970760322 0.373759802199088 0.309972047397736 0.280799510500065
0.190278327695303 0.347794456119243 0.207412152428252 0.263782236949616
0.0696491447130188 0.33808291742856 0.0282173395081005 0.197562583528214
-0.0531486091799911 0.25949098724924 -0.117641847695529 0.0918024888021106
-0.115198991844954 0.0873154525568247 -0.14630756022461 -0.167055697627807
0.0360062756087639 0.0393066795855724 0.100422501772304 -0.366155606286671
-0.0416103723880976 0.255630946202818 0.363421335691869 -0.280519665562001
-0.287835159665554 0.251153666139572 0.504100041542316 -0.246034347270699
-0.185110172579976 0.0966708142795421 0.525015056244674 0.142416058232622
-0.0772658346672484 0.0511584283300563 0.193461111379348 -0.0445385483999155
-0.134268658690449 -0.0405626566631606 -0.0908655765638551 0.0117851809567075
-0.232103679379011 0.0826279087969338 -0.246332619254589 0.255992083994914
-0.150708357190122 0.224174438166836 -0.0443008736695532 0.5357549962377
-0.00809136180165063 0.253358565330304 0.229284674913068 0.558564446406649
0.109684781506419 0.247143608069449 0.395798641482976 0.478629260852637
0.114638647152791 0.230252960256688 0.370210050306977 0.392511298185399
0.0622227308642873 0.209676127977903 0.23913846460247 0.358808873246857
-0.0408417220810812 0.172797643992188 -0.00349822281286622 0.25060432114688
-0.0988957878467813 0.0716993007530415 -0.174021807349726 0.0595184912431927
-0.0498052390694296 -0.0665627614821315 -0.126163202510259 -0.233860507779783
0.135933793716837 -0.0342500018900707 0.193952667086103 -0.343043323309948
0.062297931390003 0.197635897234998 0.395921484546412 -0.192453904199044
-0.14168883644346 0.205204338613724 0.562095945174297 -0.238291392133033
-0.0105969808593218 -0.0906209026683555 -0.573040928946794 0.277148809420583
-0.108687805400483 -0.0780581223191339 -0.368185602737484 0.106828749517784
-0.11954740093849 0.0591964876084109 -0.306934555444868 0.281995084897928
-0.00368836768169535 0.112446062722968 0.0757599997066701 0.344626600580555
0.0824555497177589 0.0675613360602983 0.269877602699364 0.0373348305481311
0.0889851989004506 0.00123246559071883 0.0923894506297069 -0.287783042234854
0.0408692212907467 -0.0437523814367997 -0.202597840912379 -0.432694494481828
0.0208658726397621 -0.051213030698635 -0.380336589552261 -0.483058033800671
0.0188842579161 -0.0441041500322385 -0.417574446441979 -0.553415920115115
0.0543588827708675 -0.0336111491979083 -0.283607858227237 -0.620355336644423
0.0774349303446242 -0.011058933559528 -0.00791164640825762 -0.588494393954398
0.06752123815436 0.0741973959852097 0.236414130996783 -0.331304678080278
-0.0814024542123533 0.150224582209138 0.0760537305158897 -0.0414266075554566
-0.176056091671404 -0.0194287535545695 -0.193786118536874 -0.0650084772127134
-0.0893777399200526 -0.101927500232619 -0.464514760550105 -0.258414644675543
-0.21033462772774 0.00746730545025786 -0.515582449631042 0.244127569483621
-0.185432043255248 0.060675214891655 -0.350105664120869 0.0134033100880736
-0.107778277711778 0.145608449350266 -0.362755870747456 0.19489463283546
-0.00241298322929447 0.153564163700437 -0.0218688010781318 0.35484705951526
0.0718679537466808 0.152672146599196 0.270728712098045 0.109853000866775
0.114963465259919 0.133629873361604 0.157371008797876 -0.266100256783687
0.135601260390406 0.119395625611049 -0.135241679118776 -0.428703843435273
0.17327205144425 0.139318114039242 -0.333733432246763 -0.464027032986096
0.164395312414463 0.174067212867329 -0.390676377175747 -0.503259164107376
0.14085735138554 0.225262661998785 -0.298225458437095 -0.558913950135867
0.0484119963220065 0.269738168694871 -0.0610318757094357 -0.549669136254658
-0.109706384085637 0.294271161435032 0.196399074974992 -0.339410172594593
-0.311837951192698 0.245765626721043 0.063399001977173 -0.0631924283806692
-0.413132710367893 0.0450797049671413 -0.165080047056895 -0.0663829013739169
-0.340546629540035 -0.0747886786844989 -0.382902314535388 -0.252785067761087
-0.420734660495653 0.0857342203785561 -0.39134912318958 0.183608743353813
-0.306798237905348 0.204344193795118 -0.353909356156171 -0.0922210738588635
-0.135354045059101 0.255790423495124 -0.418998988568962 0.147170315479961
-0.0139141433076106 0.215627754791697 -0.0793408273236235 0.373967159267163
0.0468765256998759 0.240967328665523 0.274060981962743 0.161938674672468
0.120362248077871 0.263701396601421 0.210208207670141 -0.222024972571599
0.205979204458867 0.278582032322844 -0.0451440396560312 -0.366118558788699
0.297795648614342 0.306205109078437 -0.228340511420502 -0.377229049605497
0.298385355843071 0.34945160350382 -0.30296376519225 -0.382614417319218
0.249002603373618 0.427038703683803 -0.265820765634673 -0.421853452513119
0.0825845453443856 0.502526136890409 -0.104021093986922 -0.428621681211361
-0.197469221290297 0.502162262020224 0.122581737965873 -0.315008311669645
-0.444722076590363 0.363600777458259 0.0537497345727137 -0.115781948588234
-0.55475404907323 0.152319457716934 -0.064982249535374 -0.100646504335356
-0.517276379780045 -0.00708484831107911 -0.216229132156462 -0.234116368678395
-0.585549631168007 0.128041782704896 -0.20006980863128 0.115852477603881
-0.426157585571287 0.29650611199883 -0.345857224318576 -0.202515165112263
-0.213589815874275 0.324684763684831 -0.464729209679187 0.139954803646933
-0.0905954110846805 0.283506481398418 -0.100448926304909 0.411115207323638
-0.0190719899905563 0.35212165566263 0.278549576368545 0.2122941134886
0.105037329885733 0.395916625720592 0.24521491359265 -0.141241350728115
0.249590504660413 0.41279476735373 0.0546860451738469 -0.243231572483589
0.374939134843057 0.42871909193284 -0.0848752324534549 -0.236384893033777
0.381595391284759 0.45746668506555 -0.163970402415661 -0.219018384596674
0.322735590975345 0.537219368896171 -0.181311649026036 -0.242747045454361
0.127711468274892 0.623783034306531 -0.102333870940881 -0.254341441294451
-0.203796878014921 0.600256093948867 0.039341382592407 -0.250086330638422
-0.438764363789895 0.41949276297245 0.0374263221505227 -0.187797886670462
-0.552583087476181 0.257421038738566 0.0670526333374324 -0.178741224861821
-0.584188009661287 0.0894346880806326 0.00146738672350611 -0.227106404979806
-0.64941499411681 0.134569285751075 0.0339578006474929 0.0711843010149607
-0.477963796221965 0.295301429000406 -0.281515632312359 -0.26235648205806
-0.300390833138479 0.291428068411013 -0.447169843346067 0.146164788511651
-0.228281828290492 0.313584746833679 -0.107651346823606 0.427338754608767
-0.122330667151602 0.453761351781936 0.246160729400686 0.278891927564261
0.0726132231348351 0.501321006464722 0.256619080545357 -0.00189726958006415
0.266490139471679 0.494972659369999 0.158882738730348 -0.068125645124645
0.391129307754868 0.48277097572357 0.0715185325385273 -0.0626042840834319
0.389799692507831 0.490935892917314 -0.00798471322931439 -0.0425614131059588
0.311425452332362 0.553130125935236 -0.0721659707363574 -0.0617137150256626
0.116170789800692 0.606988252410108 -0.0780662246970105 -0.0790876209250398
-0.188167775374314 0.527793526578872 -0.0402070884774959 -0.174774465234164
-0.316640690966348 0.345754980856983 0.0229893531275371 -0.26654162974514
-0.416976630250224 0.306235645002521 0.193005364283754 -0.269087813961405
-0.546617405528746 0.183464635825727 0.219986883501434 -0.235386844665107
-0.590206988783798 0.117983931227177 0.26320440344443 0.0705955211297966
-0.424129850454215 0.213376674808276 -0.140792499618604 -0.230230194805815
-0.344600022531654 0.1678175207579 -0.334008157092201 0.129977793488912
-0.35137277728174 0.283477130409581 -0.131117781671328 0.383450682227934
-0.211498334800542 0.489638816419453 0.155748358666045 0.365211086533608
0.037731743829066 0.533295496653423 0.247861612551244 0.193045295281478
0.253574763913134 0.500084789740394 0.26010832401391 0.137045536909263
0.348615043395847 0.467774345698308 0.214516028953157 0.118694564350624
0.321164769129309 0.451041570424168 0.129146355891221 0.126647736061166
0.215703253745966 0.481772602067984 0.00877062382440121 0.0940851273910203
0.0372484779858907 0.467488610911418 -0.0764303359053928 0.0478355056676705
-0.164447003276386 0.321830021440929 -0.110824832594234 -0.139360278822882
-0.136221531218083 0.18291335209609 0.0354041589920269 -0.337934808496398
-0.215208465455357 0.297995573770189 0.29528223139147 -0.31547885473915
-0.435350163567761 0.246321968624842 0.399158469932385 -0.250061456692046
-0.425457179655234 0.103826927674448 0.444864614961204 0.105039948254685
-0.281367305922104 0.113809735435073 0.0450340763218235 -0.133880504274631
-0.295169215865785 0.0370925643930536 -0.189083971565638 0.0769273265526636
-0.363178320993464 0.204614298186109 -0.188378532669454 0.310391170004779
-0.223015707341759 0.415392683606643 0.0381171907799499 0.463371859937122
0.0123024243657317 0.450064511246643 0.236679788989122 0.404491328571229
0.203292598145328 0.413154416503884 0.348429839252632 0.337778356644791
0.254861618917039 0.38014632278739 0.323575000556608 0.281560472466208
0.201713727898912 0.355625439518427 0.21955113172836 0.2681724567796
0.0770061111580876 0.345632695459088 0.0307391249557148 0.20440821642944
-0.0511969242742796 0.265006953687012 -0.120971815160368 0.0938244962107798
-0.116762261940319 0.0883776284677216 -0.153042711914036 -0.170237217815097
0.0393075828089081 0.0362700673889697 0.0969973589022437 -0.378135257157129
-0.0376367760901374 0.263270273924336 0.368138425605085 -0.289064728740116
-0.294703605594332 0.260067807973632 0.519988190254497 -0.257171428056633
-0.191593997924037 0.10106608136066 0.543116680595282 0.142126595232785
-0.0787484661059198 0.0540430459916966 0.200753557637044 -0.0453773800993424
-0.138520678708206 -0.0424269587035445 -0.092625296530348 0.0135706462330642
-0.237669540021914 0.0875491025875943 -0.253401318490742 0.266901445648002
-0.153793158913595 0.234092231898708 -0.0411936574350782 0.551211239851867
-0.00568738959358841 0.262621415648876 0.241866234521752 0.567958828081828
0.116050432683375 0.250941107659848 0.412459848860788 0.484017047859314
0.121538634521588 0.234679882468287 0.386382053819417 0.396016104534433
0.0668565055853401 0.214489815417303 0.253051205751539 0.36348511748875
-0.0394793932964004 0.177546628847589 -0.00208105111610808 0.258125076040559
-0.10005806226214 0.0721278743097613 -0.179859335265074 0.0620388261674861
-0.0496037728428231 -0.0706235856810164 -0.131808071101931 -0.239734301091502
0.141166708579293 -0.0382593000748618 0.194184198854334 -0.355711228489652
0.0683011839540275 0.204083092234177 0.404519466858825 -0.19881015681662
-0.145003712342056 0.21204863579533 0.580552100020283 -0.25030546991019
-0.0123259648830568 -0.0935775124825773 -0.581720993571779 0.316373196509331
-0.116021479298046 -0.0764152433604965 -0.378650756344056 0.125700293403116
-0.120709361690953 0.0673841898550612 -0.303977564188953 0.30404389358711
0.00114174374967466 0.117432036308571 0.0947399465550953 0.352779710433519
0.0892036830000242 0.065342323905936 0.286447655937375 0.0279345982111582
0.094002592406393 -0.00431346189098432 0.0824306623986398 -0.298180949645654
0.0412107692577494 -0.0460285445804468 -0.232183181344223 -0.433053462626543
0.0191011106735902 -0.0530862756540845 -0.42247187114652 -0.477037843156754
0.0171842837565001 -0.0475581014490672 -0.460583967572589 -0.547913869450868
0.0545466511495372 -0.0396177706816948 -0.325103458207693 -0.62662234313408
0.0797194364046316 -0.0157687834660026 -0.0361834355699093 -0.607896043968544
0.0733847289041593 0.0736772569199487 0.229481042115731 -0.354545812071786
-0.0754121309503289 0.159512323439255 0.0773983345624799 -0.0440792352692629
-0.18405941543494 -0.0123786874266832 -0.203821250066348 -0.0607426802285565
-0.0982725602418545 -0.100928915770788 -0.498400456725071 -0.24683160362462
-0.214274489943153 0.0166092671871473 -0.524469078354209 0.281442073276444
-0.186421767136495 0.0709391824733882 -0.364858118762646 0.0293919709915939
-0.102442431689025 0.155226898176055 -0.366712505839935 0.214976095835414
0.00608675827955166 0.157735000399161 -0.00768817586058623 0.369608082333346
0.0830495017867516 0.151758235528869 0.29081435900642 0.103285067058134
0.126221590519765 0.130225047410445 0.149617929640343 -0.280099213208686
0.146765387805375 0.116312514025061 -0.163583663842645 -0.433661120664623
0.18654229199563 0.133179003572657 -0.369511741215566 -0.459198610432686
0.180682004381271 0.169639456391872 -0.432064818159788 -0.498871348278532
0.15800519481486 0.222734717558001 -0.340139159557289 -0.563030343829967
0.0634460898564721 0.276301706172667 -0.088836589272881 -0.564001200621482
-0.0978215703422243 0.310275442351403 0.187490764348247 -0.3615255789199
-0.309239883487618 0.268984852807678 0.0612300261835578 -0.0645846439808258
-0.425642888496728 0.0645875545722136 -0.175493639869618 -0.062334225939838
-0.357598489936779 -0.0616257774708698 -0.413957210467709 -0.243145718692259
-0.426842706583889 0.109646408841633 -0.400850063826864 0.213083542604683
-0.304272311681061 0.225110462255898 -0.372651225771048 -0.0779386474106412
-0.125158218066562 0.269378443597138 -0.425972615275223 0.171060307337292
-0.00173092554256796 0.220960340035176 -0.0654750766928135 0.393135245474114
0.0628802213548526 0.243136157799283 0.295719662986726 0.155470299120961
0.137659368934235 0.263269173853364 0.205067059104127 -0.238881434919817
0.227355184258161 0.275466537345996 -0.0673489972600182 -0.37300722219747
0.324169523437933 0.29912682150086 -0.257306244936311 -0.377356860584257
0.328527161923547 0.34383881378722 -0.333779795955476 -0.378362522000805
0.282179913850614 0.425162700179968 -0.299789037367349 -0.423322413121578
0.109763374665644 0.515990318957644 -0.126263785861652 -0.437793965193452
-0.177033500125088 0.527099413572855 0.11174389392306 -0.33212121065289
-0.443190647035966 0.397981498952273 0.0467592388256275 -0.118513481756246
-0.566883581500874 0.182341546191968 -0.0747449576241519 -0.101434049488321
-0.537378613045211 0.017121153854329 -0.240098018631908 -0.230597390771233
-0.596711448934043 0.161844531280724 -0.205290126974139 0.132803368776237
-0.424441064054152 0.326077103324031 -0.369978481810784 -0.192559110547951
-0.201410364744351 0.343071561004857 -0.474918975393358 0.165462451461599
-0.0760336933794351 0.295447176998818 -0.0853804977483978 0.434299447606723
0.000872151664529038 0.361698347346743 0.301964298785099 0.20678389461892
0.127996472552931 0.401093368612969 0.244805360880762 -0.158920040840219
0.27987220793681 0.410799520200045 0.0418874709243846 -0.252177846413838
0.408866440805667 0.420249644413266 -0.101162341121189 -0.241617406569082
0.421099647446574 0.450148869326637 -0.181227696283469 -0.217248238756885
0.363120756793087 0.534151240087454 -0.20264424061802 -0.241302711659612
0.161991197495281 0.637385173771643 -0.115561460874123 -0.25926690713555
-0.180569293749803 0.630236674566113 0.0288114420077964 -0.260439367980079
-0.433911283074009 0.452503548755099 0.0251907979516201 -0.191948189378137
-0.556859377608319 0.291845814117264 0.0567354918614984 -0.186930683108401
-0.604034557554662 0.121138198524826 -0.0129620734734555 -0.232580143869223
-0.663657223340726 0.16973171753852 0.0352656088940766 0.0747627047140675
-0.478441744561983 0.328670079491846 -0.308033644801742 -0.256531469324783
-0.294209725533183 0.313959885908039 -0.455758071677319 0.174982691503613
-0.21622259800405 0.333469647419679 -0.090767583231825 0.449949158975756
-0.102542653080577 0.472931335274902 0.27020500831364 0.276099496090231
0.0998414958146687 0.513730976664244 0.263377649152534 -0.0166558081737737
0.302374698077986 0.493754600762915 0.158813784000572 -0.0787463194180553
0.430660925236301 0.477139005316368 0.0703970203089152 -0.0712246477825273
0.428570876366128 0.482287099002817 -0.00913768363133666 -0.0428304871441737
0.351933237801895 0.55021422605372 -0.0805848385253545 -0.0588335573534616
0.150892864586509 0.617691341057527 -0.0820214350323228 -0.0796380401330457
-0.16664059485204 0.553820185886333 -0.0501813548369407 -0.178313358068433
-0.310490211450996 0.37000459675854 0.0049069571697596 -0.272811048865742
-0.412986715459975 0.334525021661894 0.1819437608398 -0.284813989465982
-0.559505680809949 0.215824586880231 0.216367504637622 -0.251971289801384
-0.604846881741431 0.150205040544731 0.27409131550546 0.0609849180214631
-0.427651336265511 0.241037383888568 -0.160953600264979 -0.229585409435072
-0.347502395045338 0.188849316995318 -0.33983576626375 0.152247068143636
-0.347490099826523 0.308889996362451 -0.116496096125851 0.404972903700791
-0.192919790530271 0.516688175222252 0.179620387440972 0.36907673152246
0.0656526843846867 0.549026181045732 0.263391396676559 0.184331186907851
0.287688881593978 0.499980140609488 0.273489296652108 0.127583938166572
0.385219799940882 0.46257628595714 0.228571482185639 0.10740324140016
0.35556465184615 0.447154330204182 0.142594288901359 0.12355341789369
0.247075011050527 0.483815699011357 0.0126310489174129 0.0982966547413164
0.0630015981465932 0.477467112357412 -0.0757277495264057 0.0514649653865931
-0.15325939653376 0.337308469868541 -0.122476788684202 -0.138145219937893
-0.130395104615434 0.190966841014994 0.0144679812920316 -0.349395840903274
-0.203712031722679 0.318717273685354 0.285483529992095 -0.337519431640606
-0.440984802766081 0.277001590178822 0.402506296119921 -0.27739017294728
-0.435799403498507 0.127762448038932 0.465121115143407 0.0871734723211031
-0.284535991280159 0.131772832883586 0.0387293360288027 -0.13873117868384
-0.30360598297173 0.0509116325941837 -0.190085178928429 0.0893282541380462
-0.364331867101345 0.228582286823824 -0.181516136977831 0.330613352173877
-0.20781979842038 0.442733248608772 0.0608198753082148 0.477076881196941
0.0347212548414172 0.466022268450448 0.263195072721869 0.403099776161501
0.232722213452526 0.413734075386398 0.375246113017096 0.328723730702796
0.283049184199618 0.376784862519207 0.35107205364116 0.270321845887453
0.227891174133703 0.355844900537628 0.243818088327776 0.263125199595974
0.0996265191610421 0.350715334563059 0.0415550469065354 0.210936305766196
-0.038753637089048 0.273381892244514 -0.120969960815495 0.102359585628435
-0.114886063821605 0.0931435637701377 -0.167176224028353 -0.169062926861838
0.0436557566499808 0.0316733767236068 0.0777205044671473 -0.395842625254038
-0.0218674576016409 0.274273416332819 0.363134249930056 -0.312570383115972
-0.293815341469599 0.283553044487813 0.528145273869911 -0.293431439367788
-0.196074895429833 0.114276665229611 0.569651625427687 0.120304128354117
-0.0793144972138425 0.0597613825298691 0.207987456290953 -0.0553411479515159
-0.146132021237184 -0.0384373894174699 -0.0945606272706524 0.0191674900431401
-0.23985085789081 0.101965737275088 -0.251503247778072 0.287394105206016
-0.146651524947877 0.252273276762606 -0.0180672392480461 0.57090099463978
0.00697042737830558 0.272664150513343 0.278064371650567 0.572612424058629
0.133279156517716 0.250662495707425 0.45088900639206 0.476136855455359
0.137964882032031 0.234442986089796 0.422255729349222 0.385298108395598
0.0800121285612714 0.218175437619518 0.283751953043601 0.360256706649705
-0.0319811771549138 0.18512037579985 0.0119324256902081 0.267529214280493
-0.098741663915233 0.0781331804904744 -0.185243507780972 0.0724474105999428
-0.0533410039565461 -0.0728028005519777 -0.149424292429308 -0.242221335675242
0.145553524656193 -0.047646253387811 0.182835653562148 -0.379395004724619
0.0829725557952762 0.209263132656928 0.406988106359528 -0.219115109357173
-0.139609321449365 0.225637036471004 0.59220437674103 -0.289948180904962
-0.0168311877445649 -0.0944377927302142 -0.564066449845282 0.363460037904778
-0.121367277355829 -0.0694526984590765 -0.372219176226751 0.152238929349178
-0.115786216084635 0.0760088280678818 -0.284613012235782 0.32714787730377
0.00924463545799192 0.117969618669528 0.119274003506733 0.348902267700584
0.0953973626437513 0.0579076715389601 0.294659424813234 0.00589659859567317
0.095174933644249 -0.013089238057477 0.0623712252727864 -0.302765023507476
0.0385359633415543 -0.0482448965798031 -0.265737617615982 -0.411046387194256
0.0144892340804354 -0.0541576226673025 -0.46466568535794 -0.440955219094016
0.0142953526030897 -0.0506614621013118 -0.507820743622152 -0.512333243635607
0.0512553079752603 -0.0456468337494649 -0.3744557038776 -0.602547679481803
0.0783206363217724 -0.0218078335737116 -0.0793183747055296 -0.608013086652093
0.0801660148311644 0.0687034397682452 0.204077871084618 -0.372776628635224
-0.0634763015698258 0.165810132733457 0.0768773599360874 -0.0467332265500921
-0.187574380826469 2.43761899118922E-05 -0.209801165557354 -0.0486360403173085
-0.105658404039277 -0.0943215402097589 -0.521584669967229 -0.212956936786522
-0.210662083578259 0.0312248222897822 -0.510972837258057 0.326327798639147
-0.180051115359231 0.083562917427674 -0.364928604237241 0.053950138370396
-0.0896205477832334 0.161141538196659 -0.354677937622787 0.241191308321472
0.0179713548719934 0.155981849839537 0.0184906713132248 0.373202083379015
0.0956930504085444 0.142852753250399 0.304285186465567 0.0833576687214811
0.137718607652572 0.118646444046717 0.129838820452154 -0.289729837957536
0.156762268226705 0.104701467492025 -0.198233176303666 -0.417202590495361
0.196476442764137 0.118835806553614 -0.409962953839759 -0.430458604797952
0.194895342309235 0.154285778740193 -0.473827686003231 -0.464246713620821
0.17677452730297 0.208707980168141 -0.384816432638283 -0.537519453290642
0.0837283898936822 0.272426817617268 -0.130509615285978 -0.560832008761785
-0.0746019054229348 0.318984836302885 0.1622059989829 -0.376717872276001
-0.291606735164134 0.293382909496024 0.0575338352585826 -0.0652608465704011
-0.424335284696006 0.0943063854716125 -0.182158652828128 -0.0508154835079989
-0.365214476637941 -0.0350994308788469 -0.438850894916814 -0.212107674043295
-0.419211641765392 0.139757924498927 -0.391795457029368 0.247879947286515
-0.286768193518637 0.2467134704846 -0.380514193527379 -0.0520224170845402
-0.103461894248427 0.27827021545568 -0.415657595081635 0.200128441791442
0.0169980099193572 0.219531735589022 -0.038985990625686 0.402427689128163
0.0819241255141801 0.233747146144121 0.314023970810975 0.136244323449608
0.157524312379468 0.250906612078446 0.18799385898148 -0.253900763537195
0.249165745039725 0.256568565009286 -0.0970122135100994 -0.36632598752846
0.348269273222747 0.272117607567901 -0.290346459707432 -0.358544868459364
0.357615884520387 0.316663332754568 -0.363560623073033 -0.352608114071201
0.315763467356356 0.401938504887869 -0.335765462841018 -0.398819115878304
0.150078746556464 0.508919912620164 -0.157648028898467 -0.431850423483708
-0.137520748289832 0.543577651983093 0.0883321582048648 -0.342217553165633
-0.415877470070527 0.430894740870808 0.0373732980466427 -0.117621755193207
-0.554797576992882 0.223254199806781 -0.0845500850205832 -0.0956801257196773
-0.541975421685162 0.0565338016164233 -0.261423861451101 -0.211173337318324
-0.585564754798144 0.203455515690737 -0.19998395497111 0.152943670158613
-0.400856260372469 0.358035605492053 -0.386994262079616 -0.165519252028788
-0.174809228223292 0.357949307888343 -0.465416682326833 0.199188866218745
-0.05107221888966 0.298173087599213 -0.054068313899569 0.445614242128064
0.0281039066073016 0.356439602020969 0.322547702504247 0.186110437102499
0.157432226921257 0.389061798975575 0.233235238592707 -0.177966517151411
0.311040318578379 0.387356875693194 0.0221670628176528 -0.254213192022088
0.442354866541461 0.388003386324714 -0.121899597070568 -0.235574193495958
0.458390226696076 0.414540010406328 -0.197936365112976 -0.203049427727307
0.408047390179803 0.504853171070627 -0.223657628166923 -0.224849172084595
0.212913167644942 0.624910801988533 -0.134502953014551 -0.253505142114765
-0.132164306757331 0.643865362329768 0.0098070163307271 -0.264220769094454
-0.402292482266389 0.485399874584954 0.00774797925040403 -0.189642473721555
-0.536589904778494 0.331554439313263 0.0405301919836899 -0.18979085034971
-0.600814684827681 0.163599244305514 -0.0314664282133753 -0.229283092053128
-0.653715335884528 0.218035200212304 0.0385020823943727 0.0754027732082582
-0.45358859021894 0.364481412182881 -0.331618590275027 -0.234525502478721
-0.270358441869212 0.334774921121768 -0.446537622299818 0.208004011836378
-0.188900054873526 0.346978497936042 -0.0585290396125614 0.462454738084923
-0.0664901892385671 0.4797317508483 0.295010626999267 0.256851707765338
0.136424751713595 0.506725993025934 0.260588572347361 -0.0381143750587779
0.33984243634634 0.468617604043006 0.151643474244712 -0.09061544815812
0.469146157446988 0.441850109485471 0.0643285098960853 -0.080020749362485
0.468989233300634 0.448855100234728 -0.0105461023238566 -0.0422919411375937
0.396806216595761 0.521712063563855 -0.0872573520256922 -0.0503718773512676
0.19893944524023 0.606838693141571 -0.0869192191142311 -0.0760915819483652
-0.124812425241387 0.565132296621576 -0.0624849909112388 -0.175082068884168
-0.284652139504765 0.390692870578111 -0.0198949923408201 -0.269796942756125
-0.387787692903547 0.365208086778316 0.157919031430549 -0.295396409237741
-0.547474990553806 0.25665768294332 0.197840943254389 -0.266806303206252
-0.596505068822805 0.195336212794177 0.278268755121853 0.0430357455836141
-0.410090013273258 0.276144426353717 -0.182015504580717 -0.217418777962909
-0.334445526692205 0.214760523499227 -0.330081838378155 0.178438305603508
-0.322985952946208 0.331890996094687 -0.0879846157190696 0.417816348975923
-0.153549605760007 0.532774899784207 0.208445105855393 0.357957627834855
0.106023275900713 0.54618990959835 0.275363402732116 0.163326268448672
0.325923686247456 0.4751341266224 0.28189220230841 0.105295897740699
0.423044247722424 0.431600840850693 0.237482209675477 0.0868014031553761
0.393300507848089 0.418757119340079 0.154765353538065 0.112340811813771
0.287472919814607 0.46211971198769 0.0185731097370658 0.0998872002749388
0.100172162862355 0.471221930272692 -0.0725893523384257 0.0561193009697064
-0.128775345374973 0.346607828143494 -0.133392273724511 -0.128271049971124
-0.116159377960733 0.197680761898833 -0.0161008368886553 -0.348112084959729
-0.177750853354025 0.33354896599868 0.259953740834762 -0.355093270298404
-0.423572599692872 0.309551263869047 0.385503121041002 -0.307934668462422
-0.430756806445201 0.160240732294534 0.473325768516716 0.0533338398955336
-0.275066782480532 0.154511571244409 0.0275381250045086 -0.14180122757011
-0.301732034159162 0.0723784071572437 -0.183592431814389 0.104893223750487
-0.34610710666545 0.2553151103983 -0.159416150554033 0.345740724768419
-0.174363161914443 0.462023475175002 0.0957470460527338 0.474907749775747
0.0709021620878543 0.465861788830623 0.291800452512838 0.381840957001233
0.264115379519008 0.394989362887508 0.400680676229836 0.299114772107436
0.31448418425612 0.354429793385554 0.373784378449474 0.239599396694439
0.25666137882224 0.338700283140803 0.267699133828254 0.243986786952074
0.126875857446367 0.341917567321657 0.0568833282018623 0.209978166062273
-0.0173305973390181 0.274011560850644 -0.11546799252134 0.110301898830217
-0.108376850596834 0.0986822473896902 -0.180609827851723 -0.156007232192307
0.0472561007378404 0.0255684121036022 0.045647822245507 -0.401321241946457
0.00160276903265054 0.277517062815037 0.341585931600838 -0.333280243641177
-0.274848443144248 0.306463388469958 0.510868080099685 -0.335475272003379
-0.190814267522397 0.129115766451613 0.58211111956584 0.079519582869186
-0.0747243543162899 0.067306637718653 0.206752502588489 -0.0700070615740433
-0.149415759199983 -0.0286714396408068 -0.0924704948533376 0.0254798073162149
-0.232694753942162 0.119345878451454 -0.233550370770165 0.308717199931145
-0.126634778146363 0.266180409627067 0.0231258656275234 0.576066254974544
0.0279977168470919 0.274515646477268 0.32091772925296 0.551585391965418
0.151901626335304 0.238736917647292 0.487045715895243 0.439227525137332
0.156644020340431 0.224190528045574 0.456164782059467 0.35084631592695
0.0967917674766762 0.212493449514452 0.316626820936307 0.33629157183069
-0.0177718841523327 0.186842673684302 0.0323437568116625 0.267408165738173
-0.0933566326317219 0.0832419477714422 -0.182991262609024 0.0853677599767162
-0.0576830679683781 -0.0722809138315599 -0.168354966742941 -0.231991753426027
0.144228312175494 -0.0605653350092893 0.154771830972225 -0.393832941458546
0.101042309091434 0.20505175812299 0.395641579019913 -0.244087061687628
-0.12309246567117 0.23645174281673 0.574937811616752 -0.336874692818685
-0.0205213310725989 -0.0915647834689217 -0.522187613209503 0.392245764387217
-0.121713591372803 -0.0608692812966834 -0.351303406372895 0.169885801171372
-0.10737252729472 0.079278793361026 -0.255355000483475 0.331937523761646
0.0162805062822617 0.113991399142443 0.136694083602761 0.329532306147216
0.0960508911916978 0.0489661329946647 0.2893495297375 -0.0137572985554628
0.0914947829298283 -0.0212445401525636 0.0432874361268839 -0.294152868139375
0.0349791867570503 -0.0482321026923838 -0.282526134619351 -0.374876167597579
0.0107695746189436 -0.0520831583942966 -0.48047487294887 -0.39036507000287
0.00955157550028347 -0.0511510043587623 -0.526552520665956 -0.457256334487441
0.0462668337718038 -0.0498789431438121 -0.402958155521766 -0.554952030027771
0.0744157421716496 -0.0270924653541117 -0.115092342348537 -0.582021406333626
0.0827057388878266 0.0610532050266969 0.175040080012555 -0.374276391947541
-0.0502383866165769 0.163762802749818 0.0740175572622162 -0.0477824403246421
-0.183281908528906 0.0117612648919934 -0.207097758433574 -0.0354870957922801
-0.107396334546561 -0.0848285179384341 -0.521983253587894 -0.170407753827447
-0.199807218180555 0.0420412851308193 -0.473797473589677 0.35153378758591
-0.16805598480316 0.0902744271283164 -0.349749098389368 0.074679316226385
-0.0754144265800442 0.158431389568298 -0.329779005443502 0.251933021185522
0.0288146986220636 0.147228064180714 0.0401591260455601 0.360953750085897
0.10094551940083 0.128297086282579 0.30390803867357 0.0602237314693315
0.140359212165612 0.102284157401194 0.108240271332869 -0.286673151821704
0.158167282006972 0.0907501848255724 -0.217444553258165 -0.384823883358384
0.197980548778019 0.0999973529969264 -0.428007996080645 -0.384065827211957
0.199494162160674 0.13334857544817 -0.489499840771817 -0.414124707628124
0.184081476265863 0.187426033811448 -0.408487599967265 -0.492257310272645
0.100218936357016 0.25683004871743 -0.1601786160978 -0.533094795111681
-0.050259460390152 0.311628277555394 0.134355128573804 -0.374836115526716
-0.263633327734851 0.3041716654238 0.0529037004106991 -0.0629924775230129
-0.405088091418633 0.117058288507075 -0.180437651874569 -0.0382266603308012
-0.355363288213419 -0.0110801215944566 -0.439749040405866 -0.174253874093211
-0.394070523681506 0.160614187617944 -0.361604243439604 0.270010384823767
-0.260067965952272 0.255324958776541 -0.372973868881932 -0.0267616400616575
-0.0796661674135911 0.271983487663351 -0.390794553669503 0.217359404871907
0.0325179771749946 0.206447128430338 -0.012190981856951 0.393750067111949
0.0938672755800027 0.21637482064857 0.317292239293299 0.11108008318757
0.167907392387523 0.228863803903318 0.165280619529802 -0.256084861568105
0.257404145348471 0.230035426953113 -0.117353509127814 -0.343373629224777
0.354186271826079 0.238587556985907 -0.306750518902138 -0.325046188959354
0.367820222380884 0.278482014265379 -0.374197031702491 -0.313659047158855
0.332582142804067 0.363326479466456 -0.352282032584216 -0.361767692169635
0.178870829089633 0.480160052801303 -0.179046873542613 -0.407814818189256
-0.0966739506513797 0.533214765573711 0.064736310112402 -0.337371578499435
-0.374262812182973 0.442665645712417 0.0286151076941321 -0.111080302102434
-0.522785074349964 0.249394953828632 -0.0892277626745998 -0.0871277448453204
-0.520844403869652 0.0886547288803972 -0.267711413433806 -0.185305015470659
-0.551812993034739 0.232002287622647 -0.184621986404851 0.165049950229795
-0.362160494150012 0.371580754379328 -0.38661665245133 -0.13559355537427
-0.143114468816306 0.355285208836472 -0.440250765002659 0.220926661859625
-0.027474297380734 0.285968030147366 -0.0229024596654217 0.436376510345965
0.0505177509013479 0.33856388017384 0.32746753772324 0.158133810451402
0.176385027429589 0.364184101298665 0.211901301898311 -0.187524449147511
0.324365133188728 0.351940158569339 0.00420527368378288 -0.245022164566367
0.452247768795523 0.340873299166292 -0.135598005828821 -0.219478364595514
0.472097879284454 0.366143157044542 -0.203227375343801 -0.18128293254117
0.427672491424021 0.456936938068505 -0.232574312294102 -0.199380291610815
0.247799677159749 0.58875920785635 -0.14567296607633 -0.23902015680893
-0.0843417178589155 0.629114853760853 -0.00618778925626711 -0.256428953532786
-0.358627339207034 0.492089815335949 -0.00666764899261237 -0.177653167330332
-0.496421706153783 0.353027001031391 0.0253540482118068 -0.183917249127345
-0.572522180446345 0.19669925553541 -0.0453503918633737 -0.216690583676101
-0.617320731722196 0.252134627438786 0.0407993395789776 0.0731365931995455
-0.413100555459565 0.383260318120481 -0.339683645386445 -0.205251247283901
-0.237334890433359 0.340945190146659 -0.417863326007759 0.228828535982922
-0.157704810839392 0.342958477635101 -0.0235177226795774 0.453093588812065
-0.0323594005758182 0.465001362378702 0.30505228543873 0.22924792948164
0.165080681007056 0.479349732893324 0.247355442214796 -0.0545689149396201
0.357465120462285 0.427676734020298 0.139604314736311 -0.0972471856271546
0.483333302087901 0.392956394666294 0.054905309037287 -0.083799689616862
0.484294956691791 0.397530711289816 -0.011324108555224 -0.039821038000047
0.418557953994599 0.471873590302089 -0.0885138080721757 -0.04025212985757
0.231168633593663 0.569141667652487 -0.0887434913475348 -0.0697191173076801
-0.082551717392937 0.552344118120563 -0.0714483377583335 -0.164483911765987
-0.250525566839225 0.392426604393127 -0.0389376825643333 -0.253032503225041
-0.348927738082366 0.376479261558945 0.132593586213712 -0.29181239208065
-0.513707028976569 0.283665062774211 0.175811058727664 -0.268986922334575
-0.565421211423806 0.226898144335612 0.269671406664001 0.025381865705388
-0.377928796982532 0.294248891840635 -0.193810383366813 -0.197755378834931
-0.308055535092684 0.227499219078989 -0.307345596141273 0.193598390948159
-0.288566740959831 0.339416603272376 -0.0569111836209709 0.411068348611458
-0.112084953577599 0.525117553187674 0.225209228371547 0.332005484389504
0.137455594152963 0.522331009630855 0.273393952455318 0.138486644492005
0.344067061974558 0.434076167111305 0.277547922444514 0.0820393881866797
0.437903689367836 0.385733744787054 0.235135645120035 0.0638164436552016
0.410020931434527 0.376683640847621 0.159918928233037 0.0957119725925191
0.307863587545989 0.421412118132581 0.0243505650754274 0.0975880473032038
0.127942343100273 0.444447984118867 -0.0661544528927922 0.0573225890858185
-0.101242633688776 0.339757223789589 -0.136372051081694 -0.114383799999898
-0.0997245683822319 0.194743172677787 -0.0406772839645671 -0.330617984570594
-0.146509215579467 0.33213270037937 0.227930763738784 -0.354513437287618
-0.390340027145987 0.328269052636003 0.355037400289319 -0.322140134146073
-0.407283499360047 0.183052628171396 0.45991837104755 0.0225757621564815
-0.254396558507832 0.16840639451451 0.0160385083775021 -0.137946492830285
-0.28616836309578 0.0882938122583186 -0.170497682820242 0.112322054028654
-0.318427078094975 0.266165922440595 -0.132255743771067 0.346132494715203
-0.137441842430392 0.458454658759515 0.123480312113428 0.454075595674707
0.0991723092093488 0.447479891704796 0.302777804545481 0.347969470476201
0.27899551156546 0.360169556444274 0.403985134150478 0.258445256379139
0.327804856744284 0.318168654706138 0.376928930872244 0.201437076840984
0.2702081319994 0.308758325236104 0.276945828470044 0.213511214549355
0.144848700944724 0.317592839319825 0.0686522721268063 0.200357063554515
0.000972850418310628 0.261700654157419 -0.106584139100317 0.11429865157793
-0.0977644359658593 0.0977370594677906 -0.185298624089618 -0.138484470008193
0.048341926838824 0.0182254291882479 0.0161420522665217 -0.388876392375312
0.0242127038686217 0.267283716684527 0.310811977563275 -0.341337542747358
-0.246827181833322 0.312106793533081 0.474641824770765 -0.360271429114607
-0.177894065063207 0.138878988119133 0.568439264008405 0.0386768630598111
-0.0660926648297355 0.0707179488759481 0.195941329193419 -0.0808602996544644
-0.146556192261631 -0.0193859217933539 -0.0864430815761204 0.0301436245767763
-0.215808557028081 0.129897476822531 -0.208229530980996 0.313935988449661
-0.103451667924284 0.267298398142234 0.0586219042230632 0.554730296192423
0.0453365106635407 0.264776586972444 0.344229820950255 0.509663970902722
0.160781061471215 0.218010376061791 0.49693643634996 0.390125225220493
0.166664835016841 0.204427007253939 0.46430431566302 0.302649585716854
0.108037530187498 0.197880580918448 0.329659583292257 0.299258319373858
-0.00556572770231414 0.17989637341871 0.0494033314973469 0.255739100425381
-0.0843692410977138 0.0837355983341795 -0.173697257903106 0.0949270842179957
-0.0598225373649525 -0.0698139381301139 -0.177779191438999 -0.214320195264537
0.137520409040037 -0.0684904944738716 0.123186549729285 -0.389484896977052
0.11414594951721 0.192511105356084 0.369006166391231 -0.255015137352498
-0.105015027071677 0.236075219409193 0.535753145639147 -0.366459106737052
-0.00660288907679966 -0.0887493072196062 -0.517895361876433 0.314978352489051
-0.105338099172635 -0.0727751897293893 -0.347912974934943 0.118115752575002
-0.109796290532557 0.0581265174491696 -0.279899892256151 0.277755547734093
-0.00230103821275807 0.10906341498031 0.0862525063035236 0.31815817588452
0.0824795939948047 0.059580749958898 0.269508959518728 0.0182732748717959
0.0885878554686449 -0.00776256238871216 0.0727841216718184 -0.265768497180659
0.0388392534553802 -0.0398792875995874 -0.2302261594382 -0.373506279122568
0.0134897308388922 -0.0477828941221639 -0.417295784688727 -0.413182908053962
0.0128177196235398 -0.0439549882477714 -0.458074581801592 -0.487133031466186
0.0495720175391734 -0.0401010972018151 -0.330025021438359 -0.567908882625413
0.0720377814707429 -0.0137101880175947 -0.0494798203862536 -0.570902892729748
0.0682479671941306 0.0708520065919414 0.206780801084116 -0.344943668059159
-0.0654088986330952 0.150941804364911 0.0821095194667266 -0.0411803007266189
-0.17676277310884 -0.00705576612347488 -0.1895422008522 -0.0599642828610133
-0.0915487423225021 -0.0898247017271887 -0.48862285163009 -0.219288492071835
-0.186872900441062 0.0153326404418059 -0.48231176757249 0.277168833156872
-0.164594243342301 0.0615014063034419 -0.344186660343696 0.0309307000199672
-0.0878539582364394 0.13446649088754 -0.344191547337955 0.200039428409673
0.00579072405836265 0.139235493895932 -0.00792468461832037 0.338968844958609
0.0761044327958836 0.132422284690856 0.272886965526022 0.0890416540866332
0.118650693109321 0.113111372093461 0.128425394668422 -0.24923425963968
0.140295781105988 0.103836114021877 -0.170849838050475 -0.380260466134454
0.176351717136709 0.116739665153175 -0.366171110124078 -0.404745320243324
0.173231939259439 0.15103332071464 -0.426184373171342 -0.446193382290578
0.15413558762267 0.199241991291902 -0.343096087973877 -0.517157137112531
0.0643577401379157 0.25863900053437 -0.0956652002942907 -0.540759584211644
-0.0861744947401128 0.296495637469013 0.170818849201773 -0.359592500763351
-0.283688974257821 0.262013917235729 0.0708175647877339 -0.0584088762420559
-0.401300708019736 0.0698853015132433 -0.154014658163773 -0.0631166031703511
-0.339183139617501 -0.0438895309699216 -0.400234214967191 -0.222390615274562
-0.380687492940361 0.103645040529826 -0.382810021793576 0.201805660123023
-0.269185536908376 0.204408527478223 -0.36534112352407 -0.0656268465173074
-0.103827934591888 0.238627659976079 -0.404704203356613 0.163133145472933
0.00351964307799744 0.193220326889116 -0.0604520130079187 0.363674619803961
0.0578637253907264 0.212438363638152 0.276120966118918 0.134065667758239
0.128950587730057 0.233292131557061 0.172884095524157 -0.214405474002013
0.218291947135259 0.24535028265663 -0.0825263178415968 -0.33236315981884
0.311225876342123 0.264437506779098 -0.25515718753214 -0.338059814534133
0.319292374627636 0.306255852795588 -0.32631620419131 -0.343573433877586
0.274000717695653 0.379573256331596 -0.303453986856082 -0.39159985458923
0.116062859258704 0.479209725104596 -0.127104445867073 -0.431468973673675
-0.15361711739184 0.503162203235051 0.101078757478298 -0.335326520639996
-0.404482479498253 0.385326687948185 0.056270965098773 -0.109562991064802
-0.525415942702806 0.183437665300918 -0.0568238202378632 -0.105589393323075
-0.512221163195524 0.0347550437667631 -0.225621779930912 -0.220265986124705
-0.53610728833506 0.154382156381697 -0.217259314497013 0.111802915825362
-0.376043965639314 0.300681225452764 -0.378480770594514 -0.169664657780597
-0.172351327264847 0.308655417276648 -0.454623741813343 0.161133677771926
-0.0621761282152403 0.2588114751888 -0.0768846596833232 0.400508515000795
0.000142925642084018 0.320939476358877 0.27850736101737 0.17550352565791
0.120312973350007 0.360840466068004 0.204489133091924 -0.145672279639074
0.269153441300864 0.365911757673819 0.0210812133223736 -0.230903848448888
0.394042687972324 0.371760554442116 -0.10335646896068 -0.223507452143799
0.408590425743644 0.39989699369473 -0.175890403255964 -0.203413841462594
0.354179808312796 0.477060664533188 -0.206634570208438 -0.229291393020959
0.168319259803507 0.587838539475129 -0.114801859789671 -0.268849628458521
-0.152470714178549 0.594702052835694 0.0230532395440796 -0.266598476097963
-0.393725319155842 0.434445195331968 0.0281138123776763 -0.178988843688149
-0.511082311340554 0.286109418039522 0.0616311550613426 -0.190684204277039
-0.573186013851726 0.134859340692869 -0.00511266681050076 -0.234160682941804
-0.598439905816315 0.165283071528293 -0.0027210825297458 0.04288534765866
-0.424423064875481 0.305672568784491 -0.33074237424917 -0.231024300421857
-0.258466662926008 0.284255428293681 -0.437517723406853 0.166766154444398
-0.191493051567714 0.294118440751546 -0.0811194658223002 0.409137446857814
-0.0943169102802349 0.428203189348049 0.245838425216053 0.23309710352167
0.0954631218619725 0.467223516961669 0.218591699958661 -0.0180777363118349
0.291166923304181 0.439713997988803 0.132133770368822 -0.0805335507369955
0.418340332697254 0.424279998043486 0.064908116732225 -0.0772622652735751
0.416882952422704 0.429677467056315 -0.00566824906490707 -0.0504455443940878
0.34505452527804 0.489516644486801 -0.0844806721573547 -0.0639338782812081
0.157636289203394 0.565673319608645 -0.0786548212676339 -0.100593121182847
-0.141274520303509 0.518650389520659 -0.049327377579041 -0.181977300335578
-0.280461597362566 0.350816820737992 -0.00122508481986888 -0.253305308254664
-0.369537612258874 0.323743714186697 0.169887693299472 -0.283154764094945
-0.528037963758465 0.22307473530443 0.212932932474016 -0.264994811716167
-0.548831413337091 0.149812893046152 0.218860022496851 0.0212251414449909
-0.379834896556371 0.228768893700837 -0.190577908205427 -0.210695512764784
-0.31020666663737 0.172728914899248 -0.325931245144918 0.139605781087362
-0.314106063560601 0.273516037542483 -0.105513928574828 0.361528839296601
-0.17564800737236 0.476252208166032 0.159468367773073 0.31552398209499
0.063230854117053 0.504834787716718 0.221827178200171 0.164678685515119
0.278935943952888 0.445482901381288 0.244675874993949 0.10045070389815
0.378272321052501 0.412286594653714 0.219578674010107 0.0792149485323806
0.349470688130807 0.399320669709908 0.144242615057535 0.096792494688111
0.245650839978629 0.429098776106836 0.0119978730597409 0.0818788943110212
0.0738333796345465 0.434205890996506 -0.0700657115405678 0.0295026760724247
-0.132768116361193 0.311555689498325 -0.117757116928891 -0.133822273748603
-0.117501362051305 0.177290401408993 -0.00163412108399841 -0.324636315308517
-0.172968158436596 0.302673117824511 0.260025836750555 -0.330831717622156
-0.41309854654301 0.275094651781845 0.388202194344343 -0.298886545989157
-0.39917591698988 0.126540999778329 0.402491072269308 0.044625007848153
-0.253068957267956 0.126675375055816 0.0116256592051539 -0.133042116065387
-0.274522441422178 0.0462435864210942 -0.180682766651211 0.0746136047566353
-0.332580538379319 0.204257290328803 -0.16700887141548 0.292423476570926
-0.190954302927846 0.411564388651588 0.052637462264918 0.420036015419134
0.036185494011694 0.42941951520235 0.231788528861111 0.362566198186638
0.224371966878045 0.367056075980062 0.347820403075037 0.278770547141997
0.280498909039574 0.337325123046566 0.339609839456998 0.223645415226904
0.224493933897907 0.31894540406241 0.246059922387023 0.222582454768334
0.101146671196071 0.313267673944309 0.0468687735866315 0.188710103047505
-0.0271287060555467 0.244607588038195 -0.112736031261508 0.0886888150917363
-0.101888951492917 0.0809953939692392 -0.161639978264903 -0.155028281532847
0.0418397670621909 0.0239016309838938 0.053470351231435 -0.371462119928796
-0.00426706866130452 0.258476184948849 0.334768749449863 -0.304052374072649
-0.274252356504838 0.277469098499551 0.502258373054699 -0.321823936888367
-0.182072990897411 0.110134582725828 0.511483762764292 0.082448940185741
-0.0675335435749574 0.0589435078430158 0.18754737232864 -0.0587983090078687
-0.133175596672173 -0.0364454238254625 -0.0847999256118514 0.0108587319104892
-0.220332605251365 0.090176281986503 -0.229722207381498 0.260378238825554
-0.134320228099816 0.236993085328236 -0.0105639093295482 0.514004491983727
0.00727034384828187 0.251155169324642 0.261634621973661 0.515047590840744
0.128111970684771 0.220024454496868 0.428108976650046 0.410288273786678
0.13915135333161 0.211894359122952 0.410345220100986 0.328700652808207
0.0824382556903928 0.197581439632811 0.28690116133081 0.310343038770491
-0.025428191045905 0.168141155643739 0.0235294249797077 0.244150923623202
-0.0880534225619231 0.0674364892387708 -0.17498714626245 0.0703264252814054
-0.0468579676782628 -0.0732508286826971 -0.147665705260679 -0.223003690018827
0.133833717352003 -0.0502242383646921 0.155258546079576 -0.3589347519672
0.0883428630372657 0.195780044195742 0.378021459978872 -0.212835864401238
-0.131133529768252 0.216473112021599 0.560288414186128 -0.31836141473205
-0.00432416250116447 -0.0870102827629463 -0.505571705807664 0.30607442345969
-0.102237277473839 -0.0730880272135301 -0.338189141994514 0.111748001068286
-0.108349403082924 0.0548360997028979 -0.276316935540738 0.266961811197387
-0.00429250275947822 0.106592634987808 0.0799585764404561 0.310046265059306
0.0794567735687686 0.0581038035117418 0.264673948432857 0.0185232651723662
0.0856083896859271 -0.00808555425010431 0.0757123853647299 -0.256196749978314
0.038359817650673 -0.0372303805831236 -0.220607765769565 -0.36074721004314
0.0134684988284403 -0.0454561852071209 -0.404750066668929 -0.397394009697051
0.0117282997204223 -0.0433035814009651 -0.444803360923748 -0.471166682683177
0.0480122936148562 -0.040056331297806 -0.317290135981016 -0.550895402114328
0.0698807962469936 -0.0141538993347793 -0.0427050758702297 -0.554938969186124
0.066444695772312 0.0695132292382573 0.204808089935087 -0.334841412036227
-0.0648670805712259 0.145528665772608 0.0830195255358049 -0.0369797043301548
-0.173586087502372 -0.00836120817335406 -0.185101327496097 -0.0615524122674306
-0.0872403215337015 -0.0878424077692352 -0.473722458113541 -0.214320006165265
-0.179674706102786 0.0125629902503236 -0.471100139838967 0.268957982149937
-0.159946403576816 0.056808168734621 -0.335124018162958 0.0267390127072536
-0.0860485324021285 0.127390534889664 -0.337860254700956 0.188435246660966
0.00469320069365574 0.1333571024796 -0.011059013524499 0.330583697728286
0.0725799577785375 0.1269959372127 0.267947292065875 0.087284688192229
0.11388730563554 0.108254050651643 0.128422933480614 -0.239679840960456
0.13596423071861 0.101349047573087 -0.163616246642482 -0.365882470149753
0.171047320378272 0.113329250164308 -0.357574857303493 -0.388693902275739
0.167348195674184 0.145063466537236 -0.412227713183051 -0.433541389841886
0.148200757647966 0.192388682940717 -0.330772957447862 -0.499679581217966
0.0619337573157656 0.250310990028131 -0.0892561074366588 -0.526250445855254
-0.0849897876886659 0.286929695517669 0.170472119457535 -0.347426663295608
-0.277510064998059 0.252298415537218 0.0719024419864153 -0.0529097451152669
-0.391609141298228 0.0651970761148726 -0.150090847092964 -0.0645971564454416
-0.329680467063847 -0.0451923734019668 -0.38851756943108 -0.215913748268579
-0.36904689134029 0.0978929920180004 -0.3745015267628 0.19660121430865
-0.261006505209898 0.196031770090391 -0.356663281174137 -0.0667393136680352
-0.101495838128432 0.228534463741111 -0.396557532746736 0.152551981306721
0.00324121212588309 0.18414993524543 -0.062788917493324 0.354455484520683
0.0544225103232064 0.20324805720791 0.271461805500978 0.132205332966586
0.122805641479736 0.225033412460311 0.170003953762888 -0.20590431937361
0.209758602176555 0.238607435125152 -0.0781646011111735 -0.31936784486164
0.300485635395317 0.256238463970267 -0.250207810129668 -0.325260032163496
0.308179074896674 0.294288563259142 -0.315350098718293 -0.3327878548751
0.264087670651149 0.36873038043834 -0.294536339841948 -0.377959048791192
0.111755637532441 0.463677743245444 -0.121618036407393 -0.420733324127241
-0.152674931180401 0.486209585910906 0.102053095325245 -0.325782131136944
-0.396376321013661 0.372548023404135 0.0574070954598877 -0.101575686393669
-0.512503635980099 0.175195167955775 -0.0547304448936031 -0.10336837090794
-0.498834891866765 0.0321948240216248 -0.217773167784679 -0.213294804667127
-0.520892153705575 0.145608945450078 -0.212092882092372 0.110449601660039
-0.367529522230182 0.289409360058468 -0.369164255816278 -0.167285725629975
-0.166995051985736 0.298267969092088 -0.446515798346679 0.152600048252622
-0.0601215100133175 0.245522575489241 -0.0772581190241441 0.390124051498178
-0.000508072314248059 0.308614010647426 0.273297793004801 0.17167963541807
0.11369038822333 0.349444671137108 0.198331945123481 -0.139383053439727
0.257105530295835 0.354833482864541 0.0218838600826532 -0.222733229504602
0.382857975333011 0.360458534651508 -0.101926599420504 -0.216239258830455
0.395571166627794 0.386147307295888 -0.168201974958623 -0.197626254373527
0.341402239131913 0.461310988959362 -0.200792828321005 -0.220040189350656
0.163015987388596 0.568659612549412 -0.110979834567263 -0.263236096897096
-0.150946391697988 0.575119110551175 0.0261068714729721 -0.258766979402195
-0.385947050759036 0.418173028944783 0.0297939068290428 -0.168401793056232
-0.496735939966959 0.272624004208605 0.0607472447059903 -0.183985713963135
-0.55803917229271 0.127228278690036 -0.00207838940147079 -0.226640887552476
-0.582765578676339 0.156292962469142 -0.00363431317189413 0.0446611105997725
-0.411770310744312 0.295314465894554 -0.323884183867087 -0.226445410387801
-0.250056405707572 0.27264500354109 -0.429039780318893 0.158889038629472
-0.186193704447917 0.279453323520902 -0.0806775035359661 0.399680526310054
-0.0921320472733 0.413505531001412 0.241103803862952 0.227163611015503
0.0899970580390205 0.453807984367005 0.210286843290857 -0.017099304477526
0.278916222114042 0.42721157157006 0.128181984200138 -0.0776569755638414
0.405844282887231 0.410346208600379 0.0610646830858038 -0.0765792853669905
0.404120891962256 0.415059353743002 -0.00343429928845152 -0.0499824280459939
0.332291795615716 0.472747321176473 -0.0818570315930117 -0.0591460299756062
0.152574001446797 0.54690200963649 -0.0768552201310013 -0.0990907792924962
-0.138803494432442 0.499401361969039 -0.0448103164346004 -0.175756917877876
-0.275923114709874 0.337190346589254 0.000296974239404159 -0.240791925109304
-0.358829035856649 0.309817374631253 0.167711366855519 -0.272066608984489
-0.514490893867486 0.214464726052466 0.209719739551348 -0.256655896387935
-0.535617289208635 0.142246905530064 0.211264957442562 0.0238993186915562
-0.36867568192815 0.220428031911509 -0.188079386214722 -0.204461905120364
-0.300495712598162 0.163177608452665 -0.31885438061104 0.133025782391608
-0.306167508306181 0.260318083474819 -0.104723944258292 0.351729663519425
-0.173099622365204 0.459995045274724 0.154980250241626 0.308162081011332
0.0597467802173107 0.490221486441393 0.212224310802918 0.159567609412182
0.268351037577258 0.431627543874244 0.236460890864639 0.0968322560639265
0.366724065549424 0.399133689962045 0.211765519282302 0.0743251172811493
0.338682754215153 0.385000596875373 0.14184856733583 0.0921229866447789
0.235877342304627 0.41511224129279 0.0113010082369438 0.0817888129951708
0.0702818358977834 0.416774921377811 -0.0695035151833974 0.0284836263899225
-0.131096624778812 0.297975129333071 -0.112127229292278 -0.129486281540994
-0.113967758494243 0.168003306544683 -0.00112311258188299 -0.312316183532925
-0.165909524770397 0.292468151753285 0.257589976842615 -0.31711185649791
-0.403916386966826 0.265889061007025 0.380055898462931 -0.290995101535555
-0.389001664996972 0.119857458588923 0.39040913825241 0.0468391217428897
-0.244039297359496 0.122020959536559 0.00956915801494756 -0.128246374852088
-0.26692720221601 0.041281884332583 -0.175453184233122 0.0700158654383182
-0.323083770768911 0.193720422285669 -0.164579198437236 0.284709878370134
-0.185804156986374 0.39910307229996 0.0492874177825883 0.407903876103569
0.0337855143483495 0.417560846174443 0.221368555190784 0.352048499826828
0.215939957213264 0.356854917715722 0.336246064427084 0.268421163626534
0.270639110890016 0.326197866539679 0.329184102777522 0.214449536000256
0.219255126744544 0.307932003358516 0.240421133952088 0.212795830583146
0.0960637408819229 0.302614002086815 0.0446821098868488 0.184334488174398
-0.0273635024619943 0.232864905792397 -0.112106201099012 0.0859433022418807
-0.0989659312650904 0.0734519369030782 -0.156245145487885 -0.150306859647988
0.0422594134895189 0.020599723106501 0.0526176449353188 -0.358557677213386
-0.000968134873599331 0.251387903922525 0.328304207432939 -0.289808192016549
-0.270207580387821 0.268574010904788 0.490494607206306 -0.31403049466122
-0.178164394397567 0.106573605950728 0.496470372754081 0.0825330674711361
-0.0640890674897728 0.057010147496696 0.183436826013263 -0.0557161434240035
-0.129296698728165 -0.037751658240899 -0.0817208425782778 0.00877485514611799
-0.21477964891389 0.0851646517605856 -0.22699676465215 0.252879119455682
-0.130965872816062 0.230033679904644 -0.0147245143760545 0.50172046815699
0.00727793352273885 0.244586767009131 0.249880223290295 0.5001783745906
0.122489015102946 0.213180522933168 0.411651757392486 0.395282995103208
0.134365812519777 0.205266458613157 0.397202480439084 0.314278230480405
0.0800722488168336 0.191181520189251 0.278293178670098 0.296872393097249
-0.0275090315349173 0.162328354132074 0.0222928052484998 0.236582274276132
-0.0856973424148025 0.0619835278073418 -0.172776156072425 0.0682469377122339
-0.0444019492695126 -0.0747441830386533 -0.141208331467399 -0.217621345946903
0.133602158468083 -0.0476429023657206 0.152327783920869 -0.348803712308525
0.0877586699758452 0.192633305903489 0.371957698623271 -0.201239964140182
-0.130329108810572 0.209461958305677 0.544352156555147 -0.310976112782848
-1.18598307203991E-05 -0.0885727673512979 -0.51323480518391 0.303106862504307
-0.101908635672143 -0.0775563775186498 -0.342228255073419 0.104448784760122
-0.111768035120692 0.0524338003204635 -0.285569037780744 0.26302237821569
-0.00754427043502621 0.107459508395173 0.072992848752142 0.315376013952028
0.0791828071551173 0.0600505153510221 0.26927481520705 0.0232120776755741
0.0857824173546598 -0.00794107092729188 0.0840482114966801 -0.255631798465421
0.0402870852199862 -0.0363946716570711 -0.215860531246161 -0.362430114845391
0.0143559062509308 -0.0441938834864339 -0.403555167521176 -0.399308994442556
0.0105324218456586 -0.043919879538996 -0.441064662286592 -0.476679719307249
0.0484143932518881 -0.041037487702398 -0.312119024156251 -0.557705386779777
0.0711758391940173 -0.013754942877474 -0.0326800629768213 -0.561426330867782
0.0663832068501579 0.0707700202762551 0.213420101286736 -0.333515812736358
-0.0685408407437015 0.14538232705615 0.0877195540583628 -0.034710271147517
-0.177575017823618 -0.0114744928399355 -0.187930068163693 -0.067402344229705
-0.0851411080865955 -0.0911684045658476 -0.476242036828478 -0.22339581600288
-0.180056222632751 0.00869918586752746 -0.478499516360163 0.267030095565404
-0.161188442296696 0.0532777292813441 -0.337594800669873 0.0196692988597591
-0.0891026147589035 0.12515033457264 -0.346357067073322 0.182170737206146
0.00244261512971788 0.131982455620118 -0.0196203941632729 0.334166690914602
0.0711360219181919 0.12741935302696 0.27190164996602 0.0928854447449293
0.112947726583997 0.108842954236186 0.135999408482874 -0.23788390758697
0.136344692857826 0.104240276509631 -0.157301150074483 -0.366440766549881
0.17096268566564 0.116408109316227 -0.354661078137721 -0.390633707479072
0.165504866863168 0.146466680478369 -0.408600732336376 -0.439067014595972
0.146060682559321 0.194125501507603 -0.326494742600741 -0.505371730624211
0.059097821541379 0.2518014225894 -0.083429429558666 -0.532418691732906
-0.090255808337103 0.287501871048118 0.179156969349474 -0.348365811054413
-0.284685437502428 0.25007305481257 0.0769420649374379 -0.0492941654645668
-0.397886457106274 0.059137427278891 -0.150690055629536 -0.0694143493815894
-0.331467484448966 -0.0510123276694157 -0.388277127079381 -0.22340980941473
-0.372628298746642 0.0914685607868196 -0.381194276252208 0.196195918310382
-0.265166114355574 0.192162447184142 -0.358414177477836 -0.0741765948268585
-0.104929429340222 0.22688190309931 -0.406412178332747 0.145438375544469
0.00155949047540722 0.181124891186741 -0.0704451141058038 0.358874006484864
0.0515105425395035 0.203118740468998 0.275469366380622 0.137588392102053
0.119830532873993 0.2262539524252 0.17570072320379 -0.203474750482849
0.208077776868021 0.243106863297754 -0.0725519738832852 -0.321101320381713
0.300373706831984 0.260316743573335 -0.2485156754658 -0.32743754135264
0.306029624167056 0.298971562028228 -0.311406494674569 -0.337768723637432
0.261218946463254 0.372396815599159 -0.291089851850644 -0.381170045397439
0.106039015444277 0.4667462243803 -0.1163157591695 -0.425974521701123
-0.160542442895451 0.48653564468891 0.109986104375188 -0.327991595216783
-0.406766382999597 0.369315913169794 0.0623407108210002 -0.0970189832356384
-0.521087825730459 0.167425852862136 -0.0539891107008838 -0.106116403082448
-0.502781942791168 0.0245137980839842 -0.215439120743363 -0.218208797413088
-0.527476553290343 0.139197545031221 -0.216020675147329 0.110383749475604
-0.371474919585076 0.285540551934194 -0.373189470053771 -0.175064056178898
-0.172796122317692 0.294081310308797 -0.455133847877576 0.145596157809309
-0.0629250431704556 0.241738950493828 -0.0848394624450865 0.394276237870268
-0.00510238336110794 0.306719328324377 0.276237213625493 0.176779333678188
0.108630168717456 0.350818922642796 0.201864468339899 -0.13726885970573
0.254263481048507 0.361342465720304 0.0252462402288279 -0.22205360843845
0.380511330888253 0.365857248140855 -0.102014509565975 -0.217782292335539
0.39457671494964 0.39189027826905 -0.165582740225532 -0.202204063671854
0.336458529785181 0.465837524928779 -0.199003613855183 -0.220463650873212
0.158064149491594 0.571435159334089 -0.109027016280574 -0.268001143527549
-0.161378980009914 0.574438966323707 0.0320586451263858 -0.260889662451253
-0.396670205190542 0.415341707117249 0.0335084869426727 -0.163855813559825
-0.506266093323091 0.267522444681051 0.0650026902236559 -0.184600402047718
-0.565909525499084 0.118671596138126 0.00282760002554491 -0.227186272647433
-0.591387696431146 0.148788436973105 -0.00525687121720055 0.0469286615509898
-0.418544552076415 0.292415562882871 -0.3274183485856 -0.232541525049555
-0.255482342304482 0.269943061057089 -0.438517152878644 0.15204588065871
-0.190879875726687 0.273972719510376 -0.0865551363481744 0.403501071860109
-0.0990501945033697 0.412937710365234 0.241962738832113 0.231745614992566
0.0820070766385314 0.457622790038246 0.210438104231386 -0.0148791390212993
0.27424028593594 0.433881768211019 0.129744390674389 -0.0765487142860624
0.404249240510993 0.417079183479407 0.0594838188355854 -0.0771348122261564
0.402017524417944 0.421647519123452 -0.00159443187522766 -0.0529142253015438
0.32830507480654 0.479950534003794 -0.0811109463574514 -0.0577895502548624
0.146967736672654 0.547643561089669 -0.0773538103221368 -0.101734775545763
-0.148681356128049 0.497858147554944 -0.0407965858039037 -0.178327111668064
-0.283628330545545 0.333711802853723 0.0044189031099664 -0.238111547467315
-0.364022430026254 0.30685842985562 0.174361134610574 -0.270379864628043
-0.523038778458565 0.208000342007555 0.216889830984127 -0.256376304031383
-0.542167297198445 0.133356949311244 0.211312632194618 0.0298469571484236
-0.372814559165287 0.215508141859853 -0.191061018250981 -0.208535652848512
-0.304544057945953 0.157848312002722 -0.324875117012473 0.129085786190163
-0.312623783715332 0.252628169942292 -0.110813990335389 0.354879165711415
-0.180118171144764 0.460907658363203 0.153027416188732 0.312483091957532
0.0525127335411471 0.494514032698812 0.20820651056669 0.163064246586836
0.261887510360139 0.438679994290566 0.23498405166951 0.0990515067858
0.36363226242977 0.405069520602053 0.210246268859503 0.0747741001006985
0.337560352845051 0.390648352863055 0.143789065383579 0.0916499984673997
0.230066647072604 0.418968749868891 0.0108003954518381 0.0848637348754354
0.0645617679045085 0.416197300765341 -0.0718606645199835 0.0282837605005425
-0.136936749653673 0.29298815115373 -0.110204059222248 -0.131552184493404
-0.116220435624757 0.163956500608805 0.00349376463436973 -0.310517022700352
-0.167090697480586 0.291799172337077 0.266234543806465 -0.313688922490666
-0.412272446684655 0.261918831321255 0.387568118580347 -0.28975150397575
-0.396678836813873 0.115593502574729 0.392522822555479 0.0553751425663814
-0.24589846238435 0.118832743239161 0.008896334708976 -0.127490344737316
-0.269447506297799 0.0354523157663329 -0.178713676259054 0.0670424485877949
-0.329863263761535 0.187857316960672 -0.171552147577122 0.284807894857319
-0.19243586618029 0.400030711939594 0.0430988562908794 0.414055602865059
0.0277700775289732 0.422786563883523 0.214745145822371 0.356894044037516
0.209487404744594 0.361226763083637 0.333024862089781 0.272618963890365
0.270197555642463 0.331374550416253 0.326049171327636 0.215662569402962
0.217845117395233 0.312633019182306 0.24012486572986 0.21323441745844
0.0906484764723363 0.305118751269909 0.0431785115934663 0.187751953027438
-0.0312030386498978 0.229202047347919 -0.115722874882618 0.0853194119119013
-0.101175053549832 0.0676537182594791 -0.154411687675246 -0.154341431300032
0.0454107083138726 0.0192645565686721 0.0585669816547291 -0.359301116396166
-0.000402001454931007 0.253674748401905 0.339008568821952 -0.285363544609794
-0.277063454296215 0.265874613289892 0.498951250446043 -0.312567378623368
-0.183652354269363 0.105926506304864 0.498993621722628 0.0934181975581687
-0.0646350726664703 0.0563278007980438 0.185434015044073 -0.0530847406960182
-0.129153459895716 -0.0409844778815546 -0.0817374294443899 0.00578992114782568
-0.218228588816385 0.0808034254491057 -0.234972960499333 0.252427095544528
-0.134169534983533 0.231167500654724 -0.0227623545208774 0.504788991476735
0.0037623830386353 0.248475772997015 0.242583515632726 0.50549402225
0.118687892375131 0.215571586203367 0.406843203801269 0.401839850404895
0.132914404452439 0.208355560018242 0.395528376210786 0.318898575930729
0.0779268003853956 0.192391836414765 0.277204693157718 0.298673198418044
-0.0310673072462269 0.1631970351301 0.0187441786864588 0.238221299375883
-0.0875080901202088 0.0582245803482674 -0.177072751628375 0.0663683585992067
-0.0436848528647347 -0.0795688044338585 -0.138827003315027 -0.22293407319058
0.137198995244201 -0.0467219566955936 0.159933118627697 -0.347669451479947
0.0884577780775713 0.196121900988307 0.382762800612628 -0.193327315680031
-0.136287422221349 0.209615578711456 0.552674727042221 -0.308829254864549
